{"n_layers": 0, "device": "cuda", "batch_size": 2048, "embedding_dim": 1024, "learning_rate": 0.001, "dataset": "dbbook", "epochs": 150, "top_k": 50, "multimodal": true, "datasets": {"dbbook": ["images", "text"], "ml1m": ["audio", "images", "text", "video"]}}
Epoch	Loss	Recall	Precision	NDCG
1	0.6929	0.0202	0.0025	0.0112
2	0.6815	0.0436	0.0056	0.0287
3	0.6693	0.0829	0.0107	0.0571
4	0.6521	0.1266	0.0170	0.0868
5	0.6269	0.1606	0.0218	0.1062
6	0.5911	0.1768	0.0242	0.1155
7	0.5439	0.1855	0.0255	0.1199
8	0.4874	0.1903	0.0263	0.1227
9	0.4269	0.1925	0.0266	0.1235
10	0.3686	0.1949	0.0269	0.1247
11	0.3162	0.1971	0.0272	0.1259
12	0.2727	0.1988	0.0273	0.1265
13	0.2354	0.2011	0.0276	0.1281
14	0.2052	0.2034	0.0279	0.1298
15	0.1792	0.2050	0.0281	0.1310
16	0.1574	0.2062	0.0283	0.1316
17	0.1399	0.2074	0.0284	0.1323
18	0.1236	0.2086	0.0286	0.1333
19	0.1110	0.2102	0.0289	0.1345
20	0.0995	0.2117	0.0290	0.1354
21	0.0893	0.2136	0.0292	0.1361
22	0.0813	0.2163	0.0294	0.1373
23	0.0748	0.2182	0.0297	0.1383
24	0.0676	0.2190	0.0297	0.1383
25	0.0617	0.2194	0.0298	0.1385
26	0.0569	0.2202	0.0299	0.1390
27	0.0525	0.2202	0.0299	0.1392
28	0.0486	0.2212	0.0300	0.1397
29	0.0444	0.2219	0.0301	0.1403
30	0.0422	0.2230	0.0302	0.1412
31	0.0391	0.2237	0.0303	0.1415
32	0.0376	0.2240	0.0303	0.1416
33	0.0341	0.2253	0.0304	0.1421
34	0.0331	0.2250	0.0304	0.1423
35	0.0310	0.2259	0.0304	0.1430
36	0.0294	0.2265	0.0304	0.1434
37	0.0281	0.2272	0.0305	0.1439
38	0.0263	0.2280	0.0306	0.1440
39	0.0255	0.2282	0.0306	0.1442
40	0.0241	0.2289	0.0307	0.1443
41	0.0228	0.2291	0.0307	0.1443
42	0.0223	0.2293	0.0307	0.1444
43	0.0212	0.2296	0.0308	0.1446
44	0.0204	0.2294	0.0308	0.1447
45	0.0200	0.2296	0.0308	0.1449
46	0.0188	0.2297	0.0308	0.1451
47	0.0178	0.2299	0.0308	0.1453
48	0.0181	0.2301	0.0309	0.1456
49	0.0170	0.2307	0.0310	0.1454
50	0.0170	0.2299	0.0309	0.1449
51	0.0163	0.2300	0.0309	0.1447
52	0.0163	0.2301	0.0309	0.1450
53	0.0152	0.2302	0.0309	0.1453
54	0.0151	0.2304	0.0309	0.1455
55	0.0147	0.2306	0.0309	0.1455
56	0.0146	0.2304	0.0308	0.1456
57	0.0141	0.2302	0.0308	0.1458
58	0.0135	0.2304	0.0308	0.1458
59	0.0129	0.2311	0.0309	0.1460
60	0.0127	0.2309	0.0309	0.1461
61	0.0128	0.2312	0.0309	0.1461
62	0.0131	0.2307	0.0309	0.1459
63	0.0125	0.2309	0.0309	0.1460
64	0.0118	0.2303	0.0308	0.1459
65	0.0118	0.2303	0.0308	0.1459
66	0.0115	0.2301	0.0308	0.1455
67	0.0112	0.2306	0.0308	0.1457
68	0.0111	0.2306	0.0308	0.1458
69	0.0108	0.2305	0.0308	0.1457
70	0.0110	0.2309	0.0308	0.1461
71	0.0107	0.2306	0.0307	0.1460
72	0.0109	0.2302	0.0307	0.1460
73	0.0110	0.2314	0.0309	0.1466
74	0.0105	0.2319	0.0309	0.1469
75	0.0099	0.2318	0.0309	0.1473
76	0.0101	0.2328	0.0310	0.1478
77	0.0099	0.2333	0.0310	0.1479
78	0.0102	0.2326	0.0310	0.1478
79	0.0097	0.2323	0.0309	0.1476
80	0.0094	0.2320	0.0308	0.1475
81	0.0093	0.2325	0.0309	0.1481
82	0.0094	0.2321	0.0309	0.1479
83	0.0094	0.2327	0.0309	0.1479
84	0.0095	0.2329	0.0309	0.1477
85	0.0092	0.2329	0.0309	0.1478
86	0.0090	0.2326	0.0309	0.1479
87	0.0091	0.2325	0.0309	0.1480
88	0.0092	0.2327	0.0309	0.1481
89	0.0088	0.2328	0.0309	0.1480
90	0.0088	0.2327	0.0309	0.1476
91	0.0087	0.2326	0.0309	0.1475
92	0.0090	0.2329	0.0309	0.1475
93	0.0084	0.2321	0.0308	0.1475
94	0.0086	0.2328	0.0309	0.1473
95	0.0083	0.2327	0.0309	0.1475
96	0.0087	0.2330	0.0309	0.1476
97	0.0081	0.2339	0.0309	0.1478
98	0.0086	0.2330	0.0308	0.1476
99	0.0081	0.2344	0.0309	0.1481
100	0.0089	0.2345	0.0309	0.1484
101	0.0081	0.2344	0.0309	0.1484
102	0.0083	0.2340	0.0309	0.1484
103	0.0081	0.2339	0.0310	0.1486
104	0.0076	0.2334	0.0309	0.1487
105	0.0080	0.2334	0.0309	0.1485
106	0.0076	0.2336	0.0309	0.1487
107	0.0083	0.2333	0.0309	0.1483
108	0.0083	0.2332	0.0309	0.1484
109	0.0073	0.2330	0.0309	0.1482
110	0.0076	0.2336	0.0309	0.1485
111	0.0077	0.2338	0.0309	0.1486
112	0.0077	0.2333	0.0309	0.1484
113	0.0075	0.2334	0.0309	0.1485
114	0.0078	0.2335	0.0309	0.1486
115	0.0075	0.2335	0.0308	0.1491
116	0.0078	0.2342	0.0309	0.1494
117	0.0079	0.2350	0.0310	0.1497
118	0.0075	0.2350	0.0310	0.1497
119	0.0075	0.2345	0.0310	0.1494
120	0.0077	0.2345	0.0310	0.1494
121	0.0079	0.2346	0.0310	0.1493
122	0.0079	0.2347	0.0309	0.1492
123	0.0075	0.2351	0.0310	0.1495
124	0.0077	0.2344	0.0309	0.1491
125	0.0080	0.2338	0.0309	0.1490
126	0.0076	0.2341	0.0309	0.1490
127	0.0077	0.2336	0.0308	0.1487
128	0.0074	0.2339	0.0309	0.1490
129	0.0072	0.2335	0.0309	0.1489
130	0.0072	0.2341	0.0309	0.1492
131	0.0073	0.2351	0.0310	0.1494
132	0.0074	0.2358	0.0310	0.1499
133	0.0074	0.2353	0.0310	0.1498
134	0.0074	0.2348	0.0309	0.1494
135	0.0073	0.2348	0.0309	0.1493
136	0.0070	0.2354	0.0310	0.1494
137	0.0073	0.2353	0.0310	0.1493
138	0.0073	0.2354	0.0310	0.1494
139	0.0074	0.2349	0.0309	0.1493
140	0.0068	0.2350	0.0309	0.1492
141	0.0072	0.2349	0.0308	0.1490
142	0.0072	0.2345	0.0309	0.1487
143	0.0074	0.2346	0.0309	0.1486
144	0.0073	0.2342	0.0309	0.1482
145	0.0072	0.2338	0.0308	0.1480
146	0.0073	0.2336	0.0308	0.1477
147	0.0072	0.2339	0.0308	0.1479
148	0.0071	0.2338	0.0308	0.1478
149	0.0067	0.2345	0.0309	0.1483
150	0.0070	0.2335	0.0308	0.1480
