{"n_layers": 0, "device": "cuda", "batch_size": 2048, "embedding_dim": 1024, "learning_rate": 0.001, "dataset": "dbbook", "epochs": 150, "top_k": 50, "model": "ef-mmlgcn", "fusion": "max", "multimodal": true, "datasets": {"dbbook": ["images", "text"], "ml1m": ["audio", "images", "text", "video"]}}
Epoch	Loss	Recall	Precision	NDCG
1	0.6930	0.0197	0.0025	0.0100
2	0.6817	0.0417	0.0052	0.0269
3	0.6696	0.0777	0.0102	0.0550
4	0.6527	0.1226	0.0162	0.0847
5	0.6277	0.1573	0.0211	0.1036
6	0.5925	0.1778	0.0239	0.1139
7	0.5460	0.1871	0.0255	0.1190
8	0.4903	0.1925	0.0263	0.1211
9	0.4303	0.1953	0.0268	0.1235
10	0.3720	0.1982	0.0273	0.1248
11	0.3198	0.1996	0.0275	0.1259
12	0.2743	0.2004	0.0277	0.1269
13	0.2369	0.2031	0.0280	0.1280
14	0.2054	0.2049	0.0281	0.1287
15	0.1792	0.2075	0.0283	0.1302
16	0.1577	0.2100	0.0286	0.1312
17	0.1404	0.2118	0.0288	0.1321
18	0.1235	0.2127	0.0289	0.1327
19	0.1103	0.2142	0.0291	0.1337
20	0.0990	0.2157	0.0292	0.1344
21	0.0884	0.2170	0.0294	0.1353
22	0.0812	0.2187	0.0296	0.1362
23	0.0726	0.2187	0.0296	0.1367
24	0.0671	0.2205	0.0298	0.1377
25	0.0614	0.2217	0.0300	0.1383
26	0.0561	0.2221	0.0300	0.1384
27	0.0521	0.2238	0.0301	0.1393
28	0.0482	0.2251	0.0302	0.1399
29	0.0445	0.2262	0.0304	0.1405
30	0.0416	0.2270	0.0304	0.1409
31	0.0392	0.2268	0.0303	0.1411
32	0.0371	0.2280	0.0304	0.1420
33	0.0348	0.2292	0.0306	0.1427
34	0.0323	0.2298	0.0306	0.1431
35	0.0311	0.2311	0.0308	0.1438
36	0.0293	0.2312	0.0308	0.1439
37	0.0273	0.2314	0.0307	0.1440
38	0.0269	0.2319	0.0308	0.1445
39	0.0252	0.2317	0.0307	0.1445
40	0.0244	0.2308	0.0306	0.1443
41	0.0230	0.2317	0.0307	0.1447
42	0.0227	0.2317	0.0307	0.1447
43	0.0212	0.2323	0.0308	0.1450
44	0.0204	0.2327	0.0308	0.1452
45	0.0195	0.2332	0.0309	0.1453
46	0.0194	0.2322	0.0308	0.1452
47	0.0183	0.2321	0.0308	0.1452
48	0.0172	0.2323	0.0308	0.1454
49	0.0171	0.2325	0.0308	0.1455
50	0.0170	0.2328	0.0308	0.1454
51	0.0161	0.2329	0.0308	0.1455
52	0.0160	0.2331	0.0308	0.1457
53	0.0156	0.2331	0.0308	0.1457
54	0.0148	0.2327	0.0308	0.1455
55	0.0143	0.2327	0.0308	0.1458
56	0.0138	0.2331	0.0308	0.1461
57	0.0138	0.2328	0.0308	0.1463
58	0.0135	0.2330	0.0309	0.1465
59	0.0134	0.2332	0.0309	0.1468
60	0.0132	0.2335	0.0309	0.1471
61	0.0127	0.2337	0.0309	0.1472
62	0.0124	0.2337	0.0309	0.1470
63	0.0126	0.2335	0.0309	0.1467
64	0.0120	0.2334	0.0309	0.1466
65	0.0120	0.2334	0.0309	0.1468
66	0.0119	0.2333	0.0309	0.1469
67	0.0112	0.2334	0.0309	0.1470
68	0.0115	0.2332	0.0309	0.1471
69	0.0114	0.2328	0.0308	0.1470
70	0.0111	0.2326	0.0307	0.1469
71	0.0106	0.2323	0.0307	0.1469
72	0.0103	0.2329	0.0307	0.1474
73	0.0101	0.2330	0.0308	0.1476
74	0.0099	0.2335	0.0308	0.1476
75	0.0106	0.2339	0.0309	0.1479
76	0.0101	0.2344	0.0309	0.1478
77	0.0101	0.2342	0.0309	0.1477
78	0.0100	0.2350	0.0309	0.1477
79	0.0097	0.2344	0.0309	0.1475
80	0.0094	0.2344	0.0309	0.1477
81	0.0096	0.2342	0.0309	0.1476
82	0.0092	0.2341	0.0309	0.1477
83	0.0097	0.2340	0.0309	0.1477
84	0.0096	0.2342	0.0309	0.1479
85	0.0092	0.2348	0.0309	0.1483
86	0.0091	0.2352	0.0309	0.1484
87	0.0091	0.2347	0.0309	0.1482
88	0.0087	0.2346	0.0309	0.1484
89	0.0086	0.2345	0.0309	0.1485
90	0.0086	0.2343	0.0309	0.1485
91	0.0090	0.2348	0.0309	0.1487
92	0.0087	0.2350	0.0309	0.1489
93	0.0085	0.2352	0.0309	0.1489
94	0.0089	0.2347	0.0309	0.1489
95	0.0082	0.2344	0.0308	0.1485
96	0.0089	0.2343	0.0308	0.1483
97	0.0089	0.2347	0.0308	0.1486
98	0.0085	0.2348	0.0309	0.1485
99	0.0083	0.2348	0.0308	0.1484
100	0.0079	0.2354	0.0309	0.1487
101	0.0080	0.2357	0.0309	0.1490
102	0.0081	0.2356	0.0309	0.1488
103	0.0080	0.2360	0.0309	0.1488
104	0.0083	0.2357	0.0309	0.1487
105	0.0080	0.2354	0.0309	0.1487
106	0.0088	0.2348	0.0308	0.1483
107	0.0080	0.2349	0.0308	0.1480
108	0.0078	0.2341	0.0307	0.1478
109	0.0079	0.2344	0.0307	0.1478
110	0.0080	0.2349	0.0308	0.1483
111	0.0074	0.2349	0.0308	0.1484
112	0.0076	0.2355	0.0309	0.1486
113	0.0074	0.2360	0.0310	0.1490
114	0.0076	0.2360	0.0309	0.1491
115	0.0078	0.2363	0.0310	0.1493
116	0.0076	0.2363	0.0310	0.1493
117	0.0075	0.2355	0.0309	0.1490
118	0.0076	0.2354	0.0310	0.1491
119	0.0074	0.2355	0.0309	0.1489
120	0.0079	0.2362	0.0310	0.1491
121	0.0080	0.2361	0.0310	0.1493
122	0.0075	0.2361	0.0310	0.1492
123	0.0073	0.2360	0.0310	0.1491
124	0.0077	0.2354	0.0309	0.1491
125	0.0072	0.2354	0.0309	0.1489
126	0.0075	0.2351	0.0308	0.1485
127	0.0073	0.2349	0.0308	0.1482
128	0.0075	0.2347	0.0308	0.1479
129	0.0074	0.2349	0.0308	0.1481
130	0.0075	0.2349	0.0308	0.1480
131	0.0074	0.2349	0.0307	0.1481
132	0.0070	0.2350	0.0308	0.1480
133	0.0073	0.2344	0.0307	0.1476
134	0.0069	0.2342	0.0307	0.1473
135	0.0073	0.2340	0.0307	0.1472
136	0.0073	0.2342	0.0306	0.1473
137	0.0073	0.2345	0.0307	0.1476
138	0.0073	0.2341	0.0307	0.1476
139	0.0066	0.2344	0.0307	0.1477
140	0.0071	0.2349	0.0307	0.1478
141	0.0075	0.2345	0.0307	0.1476
142	0.0070	0.2346	0.0307	0.1477
143	0.0068	0.2343	0.0307	0.1473
144	0.0076	0.2339	0.0307	0.1472
145	0.0068	0.2336	0.0306	0.1473
146	0.0075	0.2336	0.0306	0.1474
147	0.0068	0.2337	0.0307	0.1476
148	0.0067	0.2330	0.0306	0.1474
149	0.0070	0.2331	0.0306	0.1473
150	0.0071	0.2335	0.0306	0.1474
