{"n_layers": 0, "device": "cuda", "batch_size": 2048, "embedding_dim": 1024, "learning_rate": 0.001, "dataset": "dbbook", "epochs": 150, "top_k": 50, "multimodal": true, "datasets": {"dbbook": ["images", "text"], "ml1m": ["audio", "images", "text", "video"]}}
Epoch	Loss	Recall	Precision	NDCG
1	0.6932	0.0113	0.0016	0.0055
2	0.6855	0.0204	0.0028	0.0111
3	0.6764	0.0603	0.0083	0.0400
4	0.6620	0.1166	0.0159	0.0743
5	0.6388	0.1529	0.0210	0.0947
6	0.6034	0.1705	0.0236	0.1046
7	0.5545	0.1780	0.0246	0.1087
8	0.4944	0.1809	0.0251	0.1103
9	0.4296	0.1826	0.0254	0.1119
10	0.3674	0.1838	0.0256	0.1132
11	0.3125	0.1851	0.0258	0.1144
12	0.2665	0.1891	0.0261	0.1170
13	0.2294	0.1913	0.0264	0.1190
14	0.1974	0.1939	0.0267	0.1207
15	0.1713	0.1948	0.0269	0.1218
16	0.1509	0.1968	0.0271	0.1226
17	0.1322	0.1972	0.0271	0.1236
18	0.1173	0.1988	0.0274	0.1246
19	0.1044	0.2003	0.0275	0.1251
20	0.0944	0.2020	0.0277	0.1263
21	0.0837	0.2040	0.0277	0.1272
22	0.0748	0.2055	0.0278	0.1277
23	0.0690	0.2070	0.0279	0.1284
24	0.0616	0.2074	0.0280	0.1287
25	0.0571	0.2084	0.0282	0.1293
26	0.0519	0.2092	0.0283	0.1301
27	0.0486	0.2100	0.0284	0.1307
28	0.0443	0.2111	0.0285	0.1312
29	0.0410	0.2119	0.0286	0.1317
30	0.0387	0.2129	0.0287	0.1322
31	0.0358	0.2131	0.0287	0.1326
32	0.0335	0.2132	0.0288	0.1329
33	0.0320	0.2139	0.0288	0.1331
34	0.0294	0.2147	0.0288	0.1332
35	0.0279	0.2151	0.0289	0.1334
36	0.0267	0.2155	0.0289	0.1337
37	0.0256	0.2161	0.0290	0.1343
38	0.0242	0.2156	0.0289	0.1341
39	0.0232	0.2159	0.0289	0.1343
40	0.0219	0.2162	0.0290	0.1349
41	0.0210	0.2168	0.0289	0.1355
42	0.0197	0.2163	0.0289	0.1353
43	0.0196	0.2164	0.0289	0.1352
44	0.0185	0.2166	0.0289	0.1356
45	0.0183	0.2161	0.0289	0.1355
46	0.0175	0.2161	0.0289	0.1357
47	0.0169	0.2167	0.0289	0.1358
48	0.0162	0.2163	0.0289	0.1357
49	0.0157	0.2168	0.0289	0.1358
50	0.0150	0.2165	0.0289	0.1358
51	0.0151	0.2162	0.0288	0.1358
52	0.0148	0.2169	0.0288	0.1357
53	0.0141	0.2167	0.0289	0.1358
54	0.0137	0.2173	0.0290	0.1359
55	0.0139	0.2179	0.0290	0.1362
56	0.0134	0.2179	0.0290	0.1362
57	0.0124	0.2180	0.0289	0.1362
58	0.0123	0.2181	0.0290	0.1364
59	0.0122	0.2180	0.0290	0.1365
60	0.0121	0.2182	0.0289	0.1364
61	0.0118	0.2184	0.0289	0.1363
62	0.0115	0.2177	0.0288	0.1361
63	0.0118	0.2182	0.0289	0.1366
64	0.0111	0.2182	0.0289	0.1363
65	0.0112	0.2182	0.0289	0.1367
66	0.0107	0.2188	0.0289	0.1369
67	0.0104	0.2183	0.0289	0.1369
68	0.0109	0.2185	0.0289	0.1371
69	0.0105	0.2190	0.0290	0.1373
70	0.0103	0.2184	0.0289	0.1372
71	0.0102	0.2192	0.0290	0.1373
72	0.0100	0.2184	0.0289	0.1371
73	0.0097	0.2182	0.0289	0.1369
74	0.0102	0.2186	0.0289	0.1372
75	0.0098	0.2187	0.0288	0.1372
76	0.0098	0.2181	0.0288	0.1369
77	0.0097	0.2176	0.0287	0.1364
78	0.0092	0.2170	0.0287	0.1363
79	0.0094	0.2169	0.0287	0.1365
80	0.0099	0.2165	0.0286	0.1366
81	0.0093	0.2168	0.0287	0.1365
82	0.0088	0.2174	0.0287	0.1368
83	0.0085	0.2177	0.0287	0.1370
84	0.0089	0.2183	0.0288	0.1371
85	0.0086	0.2185	0.0288	0.1373
86	0.0089	0.2184	0.0288	0.1372
87	0.0090	0.2178	0.0287	0.1372
88	0.0086	0.2181	0.0287	0.1375
89	0.0088	0.2181	0.0287	0.1374
90	0.0080	0.2177	0.0287	0.1374
91	0.0082	0.2177	0.0287	0.1373
92	0.0085	0.2178	0.0287	0.1374
93	0.0081	0.2176	0.0287	0.1373
94	0.0081	0.2179	0.0287	0.1375
95	0.0085	0.2180	0.0287	0.1373
96	0.0085	0.2182	0.0287	0.1373
97	0.0085	0.2184	0.0287	0.1375
98	0.0080	0.2184	0.0287	0.1378
99	0.0083	0.2188	0.0288	0.1378
100	0.0081	0.2188	0.0288	0.1379
101	0.0080	0.2175	0.0287	0.1373
102	0.0080	0.2180	0.0287	0.1376
103	0.0077	0.2181	0.0287	0.1377
104	0.0082	0.2184	0.0287	0.1377
105	0.0081	0.2187	0.0288	0.1378
106	0.0080	0.2184	0.0287	0.1378
107	0.0074	0.2185	0.0287	0.1381
108	0.0076	0.2181	0.0287	0.1383
109	0.0078	0.2185	0.0288	0.1386
110	0.0077	0.2182	0.0287	0.1384
111	0.0077	0.2187	0.0287	0.1382
112	0.0075	0.2182	0.0287	0.1380
113	0.0079	0.2176	0.0286	0.1380
114	0.0078	0.2180	0.0286	0.1383
115	0.0077	0.2180	0.0287	0.1384
116	0.0075	0.2178	0.0287	0.1380
117	0.0078	0.2182	0.0287	0.1381
118	0.0078	0.2184	0.0287	0.1381
119	0.0072	0.2179	0.0287	0.1380
120	0.0074	0.2184	0.0287	0.1378
121	0.0077	0.2183	0.0287	0.1377
122	0.0074	0.2185	0.0287	0.1376
123	0.0072	0.2188	0.0287	0.1382
124	0.0072	0.2182	0.0287	0.1381
125	0.0073	0.2180	0.0287	0.1380
126	0.0072	0.2178	0.0286	0.1378
127	0.0070	0.2178	0.0286	0.1376
128	0.0075	0.2175	0.0286	0.1373
129	0.0072	0.2181	0.0286	0.1376
130	0.0073	0.2183	0.0287	0.1377
131	0.0070	0.2185	0.0287	0.1378
132	0.0070	0.2178	0.0286	0.1379
133	0.0069	0.2174	0.0285	0.1377
134	0.0080	0.2172	0.0285	0.1374
135	0.0070	0.2172	0.0285	0.1371
136	0.0072	0.2171	0.0284	0.1370
137	0.0073	0.2172	0.0284	0.1371
138	0.0069	0.2177	0.0284	0.1371
139	0.0070	0.2180	0.0285	0.1373
140	0.0069	0.2173	0.0284	0.1372
141	0.0073	0.2169	0.0284	0.1374
142	0.0069	0.2166	0.0283	0.1374
143	0.0071	0.2162	0.0283	0.1375
144	0.0069	0.2166	0.0284	0.1378
145	0.0069	0.2166	0.0284	0.1378
146	0.0071	0.2169	0.0284	0.1378
147	0.0070	0.2174	0.0284	0.1379
148	0.0071	0.2173	0.0284	0.1378
149	0.0072	0.2168	0.0284	0.1376
150	0.0071	0.2164	0.0283	0.1372
