{"n_layers": 0, "device": "cuda", "batch_size": 2048, "embedding_dim": 128, "learning_rate": 0.001, "dataset": "dbbook", "epochs": 150, "model": "ef-mmlgcn", "fusion": "max", "top_k": [5, 10, 20, 50], "seed": 19, "multimodal": false}
Epoch	Loss	Precision@5	Recall@5	NDCG@5	Precision@10	Recall@10	NDCG@10	Precision@20	Recall@20	NDCG@20	Precision@50	Recall@50	NDCG@50
1	0.6931	0.0014	0.0009	0.0015	0.0016	0.0021	0.0018	0.0016	0.0045	0.0028	0.0015	0.0113	0.0052
2	0.6912	0.003	0.002	0.003	0.0027	0.0036	0.0033	0.0023	0.0067	0.0046	0.0021	0.016	0.0078
3	0.6888	0.0071	0.0047	0.0078	0.0058	0.0082	0.0079	0.0048	0.014	0.0103	0.0039	0.029	0.0155
4	0.6852	0.0163	0.012	0.0187	0.0134	0.0197	0.0194	0.0104	0.0302	0.0236	0.0071	0.052	0.0315
5	0.6794	0.0256	0.0187	0.0288	0.0211	0.0309	0.0301	0.0164	0.0483	0.037	0.0114	0.0814	0.0495
6	0.6700	0.0326	0.0248	0.037	0.0268	0.0395	0.0385	0.0213	0.0618	0.0476	0.015	0.1077	0.0644
7	0.6560	0.0373	0.0283	0.0423	0.0306	0.0455	0.0442	0.0245	0.0701	0.0547	0.0177	0.1266	0.0752
8	0.6362	0.0406	0.0313	0.0459	0.0333	0.0491	0.0479	0.0267	0.0766	0.0593	0.0194	0.1371	0.0818
9	0.6102	0.0415	0.0318	0.0476	0.0353	0.0521	0.0507	0.0286	0.0816	0.063	0.0205	0.1457	0.0866
10	0.5782	0.0442	0.0339	0.0504	0.0366	0.0539	0.0527	0.0294	0.0837	0.0651	0.0215	0.1521	0.0903
11	0.5413	0.046	0.0349	0.0522	0.0373	0.0549	0.054	0.0302	0.0855	0.067	0.022	0.1559	0.0928
12	0.5024	0.0472	0.0362	0.0537	0.0382	0.056	0.0554	0.0309	0.0881	0.0688	0.0223	0.1584	0.0946
13	0.4627	0.0476	0.0366	0.0545	0.0391	0.0575	0.0567	0.0314	0.089	0.0699	0.0226	0.1598	0.0961
14	0.4244	0.0488	0.0377	0.0559	0.0396	0.0584	0.0579	0.0317	0.0901	0.0711	0.0229	0.1618	0.0975
15	0.3893	0.0494	0.0376	0.0572	0.0401	0.059	0.059	0.0321	0.0914	0.0725	0.0231	0.1637	0.0992
16	0.3573	0.0501	0.0382	0.058	0.0402	0.0592	0.0595	0.0321	0.0915	0.073	0.0233	0.1653	0.1002
17	0.3296	0.0506	0.0386	0.0587	0.0407	0.0598	0.0602	0.0324	0.0924	0.0738	0.0235	0.1672	0.1013
18	0.3042	0.0512	0.039	0.0595	0.0414	0.0608	0.0612	0.033	0.0941	0.075	0.0237	0.1686	0.1024
19	0.2814	0.0518	0.0394	0.06	0.0419	0.0616	0.0618	0.0331	0.0945	0.0755	0.0238	0.1695	0.1031
20	0.2621	0.0525	0.0399	0.0608	0.0426	0.0631	0.0628	0.0335	0.0956	0.0764	0.0241	0.1721	0.1043
21	0.2447	0.0532	0.0404	0.0616	0.0429	0.0634	0.0635	0.0338	0.0965	0.0773	0.0241	0.1727	0.1051
22	0.2291	0.0538	0.0409	0.0623	0.0427	0.0632	0.0637	0.034	0.0975	0.078	0.0243	0.1736	0.1059
23	0.2135	0.0543	0.0413	0.0631	0.0433	0.0641	0.0646	0.0343	0.0984	0.0789	0.0245	0.1747	0.1068
24	0.2004	0.0548	0.0417	0.0637	0.0437	0.0646	0.0651	0.0344	0.0991	0.0793	0.0246	0.1754	0.1074
25	0.1885	0.0547	0.0417	0.0637	0.0439	0.0644	0.0653	0.0345	0.099	0.0795	0.0248	0.1769	0.1081
26	0.1762	0.0551	0.042	0.0643	0.0442	0.0654	0.0659	0.0347	0.0999	0.0802	0.0249	0.178	0.1088
27	0.1662	0.0556	0.0426	0.0649	0.0446	0.0661	0.0665	0.035	0.1008	0.0809	0.025	0.1794	0.1095
28	0.1578	0.0561	0.043	0.0658	0.045	0.0663	0.0673	0.0352	0.1019	0.0818	0.025	0.18	0.1104
29	0.1479	0.0567	0.0434	0.0666	0.0449	0.0664	0.0677	0.0353	0.1017	0.0823	0.0251	0.1812	0.1112
30	0.1416	0.0566	0.0432	0.0666	0.0452	0.0667	0.068	0.0354	0.1021	0.0826	0.0251	0.1815	0.1114
31	0.1329	0.057	0.0435	0.0667	0.0451	0.067	0.068	0.0356	0.1026	0.0829	0.0252	0.182	0.1117
32	0.1259	0.0571	0.0436	0.0668	0.0457	0.0678	0.0685	0.0359	0.1041	0.0834	0.0253	0.1825	0.112
33	0.1183	0.0574	0.0436	0.067	0.0457	0.0678	0.0686	0.036	0.1043	0.0836	0.0253	0.1827	0.1123
34	0.1128	0.058	0.0443	0.0677	0.046	0.0682	0.0691	0.0361	0.1049	0.0841	0.0254	0.1833	0.1128
35	0.1072	0.0578	0.0442	0.0674	0.0463	0.0688	0.0693	0.036	0.1045	0.0839	0.0255	0.1847	0.1131
36	0.1016	0.0578	0.0443	0.0675	0.0464	0.0689	0.0694	0.0361	0.105	0.0841	0.0255	0.1853	0.1134
37	0.0950	0.0582	0.0444	0.0679	0.0463	0.0689	0.0695	0.0363	0.1054	0.0846	0.0255	0.1849	0.1135
38	0.0903	0.0586	0.0445	0.0683	0.0467	0.0695	0.07	0.0363	0.1059	0.0849	0.0256	0.1858	0.114
39	0.0886	0.0587	0.0447	0.0684	0.0465	0.0695	0.07	0.0363	0.1058	0.0849	0.0256	0.1859	0.1141
40	0.0825	0.0583	0.0447	0.0683	0.0462	0.069	0.0698	0.0365	0.1065	0.0852	0.0257	0.1865	0.1144
41	0.0811	0.0587	0.045	0.0688	0.0464	0.0692	0.0701	0.0366	0.1069	0.0856	0.0257	0.1865	0.1146
42	0.0748	0.0586	0.0449	0.0685	0.0464	0.0688	0.0698	0.0366	0.1073	0.0855	0.0256	0.1865	0.1143
43	0.0723	0.0586	0.0449	0.0688	0.0466	0.0691	0.0702	0.0368	0.1079	0.086	0.0257	0.1869	0.1148
44	0.0689	0.0592	0.0453	0.0692	0.0468	0.0693	0.0705	0.0369	0.1081	0.0863	0.0258	0.1877	0.1152
45	0.0665	0.0589	0.0452	0.0687	0.0469	0.0694	0.0703	0.0368	0.108	0.0859	0.0258	0.188	0.1151
46	0.0632	0.059	0.0454	0.069	0.0469	0.0696	0.0706	0.0368	0.1078	0.0862	0.0259	0.1884	0.1154
47	0.0605	0.06	0.0461	0.07	0.0471	0.0697	0.071	0.0368	0.1082	0.0866	0.0259	0.1885	0.1158
48	0.0590	0.0598	0.0461	0.0698	0.047	0.0698	0.0709	0.0368	0.1084	0.0865	0.0259	0.1884	0.1157
49	0.0559	0.0602	0.0462	0.0701	0.0472	0.0702	0.0712	0.037	0.1089	0.0868	0.0259	0.1886	0.1159
50	0.0537	0.0601	0.0464	0.0705	0.0472	0.0703	0.0716	0.037	0.1087	0.0872	0.0259	0.1885	0.1163
51	0.0517	0.0605	0.0467	0.0709	0.0473	0.0703	0.0718	0.0371	0.109	0.0875	0.026	0.1894	0.1167
52	0.0501	0.0609	0.0471	0.0709	0.0475	0.0707	0.0717	0.0372	0.1093	0.0874	0.026	0.1899	0.1166
53	0.0480	0.0608	0.047	0.071	0.0474	0.0705	0.0717	0.0372	0.1099	0.0876	0.026	0.1904	0.1169
54	0.0465	0.0608	0.0469	0.0711	0.0475	0.0707	0.0719	0.0372	0.1098	0.0877	0.026	0.1908	0.1172
55	0.0443	0.0614	0.0473	0.0717	0.0477	0.0711	0.0723	0.0373	0.11	0.088	0.026	0.1908	0.1173
56	0.0437	0.0609	0.047	0.0714	0.0476	0.0711	0.0722	0.0372	0.1097	0.0879	0.026	0.1908	0.1173
57	0.0421	0.0609	0.0468	0.0715	0.0478	0.0712	0.0725	0.0374	0.1099	0.0883	0.0261	0.1911	0.1177
58	0.0409	0.0607	0.0466	0.0715	0.048	0.0716	0.0729	0.0375	0.1103	0.0886	0.0261	0.191	0.1178
59	0.0394	0.0608	0.0467	0.0715	0.0479	0.0716	0.0728	0.0374	0.1098	0.0884	0.026	0.191	0.1178
60	0.0382	0.0613	0.0469	0.0719	0.0481	0.0717	0.073	0.0374	0.1102	0.0886	0.026	0.191	0.1179
61	0.0370	0.0617	0.0472	0.0721	0.048	0.0718	0.073	0.0375	0.1107	0.0888	0.026	0.1909	0.1179
62	0.0356	0.062	0.0478	0.0725	0.0481	0.0721	0.0732	0.0377	0.1109	0.0891	0.026	0.191	0.118
63	0.0347	0.0614	0.0475	0.0722	0.0484	0.0723	0.0734	0.0377	0.1111	0.0892	0.026	0.1909	0.118
64	0.0333	0.0617	0.0477	0.0723	0.0483	0.0727	0.0735	0.0378	0.1112	0.0892	0.026	0.1908	0.118
65	0.0328	0.0619	0.0479	0.0725	0.0484	0.0727	0.0736	0.0378	0.1115	0.0894	0.026	0.1912	0.1182
66	0.0320	0.0618	0.0477	0.0723	0.0483	0.0728	0.0734	0.0379	0.1119	0.0894	0.026	0.1908	0.118
67	0.0311	0.0618	0.0478	0.0725	0.0486	0.0729	0.0737	0.0378	0.1117	0.0895	0.026	0.1905	0.118
68	0.0299	0.062	0.0479	0.0727	0.0486	0.0731	0.0738	0.0378	0.1116	0.0895	0.026	0.1908	0.1182
69	0.0291	0.0623	0.0477	0.0729	0.0487	0.0734	0.0741	0.038	0.112	0.0899	0.0259	0.1905	0.1182
70	0.0281	0.0625	0.0479	0.0732	0.0489	0.0735	0.0743	0.0379	0.1117	0.0899	0.0259	0.1908	0.1184
71	0.0277	0.0624	0.0482	0.0735	0.0489	0.0737	0.0746	0.0379	0.1121	0.0901	0.0259	0.1907	0.1186
72	0.0268	0.0623	0.0481	0.0734	0.0485	0.073	0.0741	0.0379	0.1122	0.0901	0.0259	0.1908	0.1186
73	0.0265	0.0624	0.0483	0.0734	0.0486	0.073	0.0742	0.038	0.1125	0.0902	0.0259	0.1909	0.1186
74	0.0253	0.0625	0.0481	0.0735	0.0483	0.0725	0.074	0.0379	0.1126	0.0903	0.0259	0.1909	0.1187
75	0.0255	0.0628	0.0483	0.0737	0.0485	0.0727	0.0742	0.0379	0.1126	0.0903	0.0259	0.1909	0.1188
76	0.0242	0.0628	0.0482	0.0737	0.0491	0.0739	0.0749	0.038	0.1127	0.0905	0.0259	0.191	0.1189
77	0.0241	0.0632	0.0485	0.074	0.0492	0.074	0.0749	0.0383	0.1136	0.091	0.0259	0.1913	0.1191
78	0.0233	0.0632	0.0488	0.0742	0.0494	0.0742	0.0751	0.0382	0.1136	0.091	0.026	0.1916	0.1192
79	0.0229	0.0632	0.0491	0.0742	0.0493	0.0742	0.0751	0.0381	0.1134	0.0909	0.026	0.1913	0.1191
80	0.0218	0.063	0.049	0.0741	0.0495	0.0743	0.0752	0.0382	0.1137	0.091	0.0259	0.1913	0.1191
81	0.0219	0.0637	0.0493	0.0745	0.0494	0.0742	0.0751	0.0382	0.1136	0.091	0.0259	0.1911	0.1191
82	0.0210	0.0639	0.0494	0.0746	0.0492	0.074	0.0749	0.0382	0.1137	0.091	0.0259	0.1914	0.1191
83	0.0218	0.0644	0.0499	0.0752	0.0496	0.0746	0.0755	0.0383	0.1141	0.0913	0.0259	0.192	0.1194
84	0.0201	0.0643	0.0497	0.0749	0.0497	0.0748	0.0755	0.0381	0.114	0.0911	0.0259	0.1921	0.1193
85	0.0209	0.0643	0.0498	0.075	0.0495	0.0745	0.0753	0.0381	0.1138	0.091	0.0259	0.1917	0.1192
86	0.0195	0.0643	0.0497	0.075	0.0495	0.0747	0.0753	0.038	0.1133	0.0909	0.0259	0.1923	0.1194
87	0.0189	0.0643	0.05	0.0751	0.0497	0.0751	0.0756	0.0382	0.1139	0.0912	0.0258	0.1922	0.1193
88	0.0193	0.0646	0.0503	0.0754	0.0496	0.0749	0.0756	0.0381	0.1136	0.0912	0.0259	0.192	0.1194
89	0.0184	0.0646	0.0499	0.0755	0.0495	0.0752	0.0758	0.0381	0.1139	0.0914	0.0258	0.1922	0.1195
90	0.0188	0.0643	0.0499	0.0753	0.0496	0.0748	0.0757	0.0382	0.1144	0.0915	0.0258	0.192	0.1195
91	0.0184	0.0642	0.0498	0.0754	0.0498	0.0753	0.0761	0.0381	0.1141	0.0916	0.0258	0.1917	0.1195
92	0.0174	0.064	0.0498	0.0753	0.0493	0.0745	0.0756	0.038	0.1134	0.0914	0.0257	0.1915	0.1194
93	0.0173	0.064	0.0498	0.0755	0.0496	0.0747	0.0759	0.038	0.1138	0.0916	0.0257	0.1913	0.1195
94	0.0174	0.0643	0.0499	0.0756	0.0497	0.075	0.0761	0.038	0.1138	0.0916	0.0257	0.191	0.1194
95	0.0174	0.0643	0.0501	0.0757	0.0498	0.0753	0.0762	0.0381	0.1138	0.0916	0.0256	0.191	0.1194
96	0.0160	0.0644	0.0504	0.076	0.0497	0.0752	0.0763	0.0382	0.1141	0.0919	0.0257	0.1917	0.1197
97	0.0167	0.0643	0.0502	0.0761	0.0499	0.0753	0.0765	0.0382	0.1139	0.092	0.0257	0.1918	0.1199
98	0.0155	0.0646	0.0503	0.0761	0.0499	0.0753	0.0764	0.0381	0.1139	0.0918	0.0257	0.1916	0.1197
99	0.0152	0.0642	0.0503	0.076	0.05	0.0755	0.0766	0.0381	0.114	0.0919	0.0256	0.1915	0.1197
100	0.0155	0.0644	0.0501	0.0761	0.0501	0.0755	0.0767	0.0383	0.1143	0.0922	0.0256	0.1914	0.1198
101	0.0152	0.0648	0.0504	0.0766	0.0502	0.076	0.0771	0.0383	0.1148	0.0926	0.0257	0.1913	0.12
102	0.0148	0.0641	0.0497	0.076	0.0504	0.0762	0.0771	0.0382	0.1144	0.0923	0.0256	0.1912	0.1199
103	0.0145	0.0642	0.0499	0.0761	0.0505	0.0766	0.0773	0.0382	0.1145	0.0924	0.0256	0.1912	0.1199
104	0.0142	0.0645	0.0503	0.0763	0.0506	0.0769	0.0774	0.0382	0.1146	0.0924	0.0255	0.1907	0.1198
105	0.0143	0.0649	0.0506	0.0765	0.0505	0.0768	0.0772	0.0382	0.1146	0.0923	0.0256	0.1907	0.1197
106	0.0142	0.0648	0.0506	0.0765	0.0502	0.0763	0.0771	0.0382	0.1147	0.0924	0.0256	0.1912	0.1198
107	0.0144	0.0646	0.0504	0.0762	0.05	0.076	0.0767	0.0382	0.1148	0.0922	0.0255	0.1913	0.1196
108	0.0139	0.0647	0.0504	0.0762	0.0501	0.0763	0.0769	0.0382	0.1149	0.0922	0.0255	0.1913	0.1196
109	0.0132	0.0645	0.05	0.0761	0.0501	0.0762	0.0768	0.0382	0.1148	0.0922	0.0255	0.1907	0.1195
110	0.0130	0.0642	0.0499	0.076	0.05	0.076	0.0767	0.0382	0.1153	0.0924	0.0255	0.1908	0.1195
111	0.0129	0.0646	0.0503	0.0762	0.0501	0.0761	0.0768	0.0383	0.1155	0.0924	0.0255	0.1913	0.1197
112	0.0131	0.0646	0.0501	0.076	0.0504	0.0765	0.077	0.0383	0.1152	0.0923	0.0256	0.1917	0.1197
113	0.0121	0.0643	0.0497	0.0756	0.0503	0.0763	0.0767	0.0382	0.115	0.0921	0.0255	0.1913	0.1194
114	0.0126	0.0642	0.0495	0.0756	0.0506	0.0767	0.0769	0.0382	0.1149	0.0921	0.0255	0.1917	0.1195
115	0.0125	0.0639	0.0493	0.0756	0.0507	0.0769	0.0772	0.0381	0.1146	0.0921	0.0255	0.1908	0.1195
116	0.0122	0.064	0.0497	0.0758	0.0507	0.0769	0.0773	0.0381	0.1147	0.0922	0.0254	0.191	0.1195
117	0.0117	0.0646	0.0502	0.0761	0.0506	0.0766	0.0772	0.0381	0.1145	0.0922	0.0255	0.1913	0.1197
118	0.0117	0.0645	0.0501	0.0761	0.0508	0.0771	0.0774	0.038	0.1145	0.0922	0.0255	0.1914	0.1198
119	0.0124	0.0646	0.05	0.0763	0.0511	0.0779	0.0778	0.0382	0.1151	0.0925	0.0255	0.1917	0.1199
120	0.0122	0.0646	0.0501	0.0764	0.0509	0.0776	0.0777	0.0381	0.1145	0.0924	0.0255	0.1916	0.1199
121	0.0119	0.0641	0.05	0.0759	0.0505	0.0771	0.0773	0.0381	0.1148	0.0923	0.0255	0.1918	0.1199
122	0.0111	0.0642	0.0501	0.0758	0.0506	0.0774	0.0774	0.0381	0.1149	0.0923	0.0254	0.1913	0.1196
123	0.0112	0.0645	0.0502	0.076	0.0506	0.0774	0.0773	0.0381	0.1152	0.0923	0.0254	0.1912	0.1196
124	0.0113	0.0648	0.0506	0.0762	0.0509	0.0776	0.0775	0.0381	0.1152	0.0923	0.0254	0.1914	0.1196
125	0.0111	0.0649	0.0506	0.0763	0.0508	0.0776	0.0775	0.0382	0.1152	0.0924	0.0254	0.1907	0.1195
126	0.0111	0.065	0.0508	0.0761	0.0507	0.0774	0.0771	0.0382	0.1157	0.0923	0.0255	0.1911	0.1194
127	0.0107	0.0647	0.0507	0.0762	0.0508	0.0772	0.0773	0.0381	0.1152	0.0923	0.0255	0.191	0.1196
128	0.0111	0.0648	0.0507	0.0762	0.0507	0.0773	0.0773	0.0382	0.1159	0.0925	0.0254	0.1908	0.1195
129	0.0108	0.0647	0.0507	0.0758	0.0506	0.0771	0.0769	0.0381	0.1158	0.0921	0.0255	0.1914	0.1193
130	0.0105	0.0642	0.0503	0.0754	0.0505	0.0768	0.0767	0.0382	0.1158	0.0921	0.0255	0.1914	0.1193
131	0.0103	0.0642	0.0503	0.0752	0.0505	0.0768	0.0766	0.0382	0.1159	0.092	0.0255	0.1909	0.119
132	0.0106	0.064	0.0502	0.0753	0.0505	0.0769	0.0767	0.0381	0.1157	0.092	0.0254	0.1909	0.1192
133	0.0102	0.0643	0.0504	0.0755	0.0506	0.077	0.0769	0.038	0.1156	0.092	0.0254	0.1908	0.1192
134	0.0101	0.0642	0.0504	0.0754	0.0506	0.0769	0.0768	0.038	0.1152	0.0919	0.0253	0.1899	0.1189
135	0.0101	0.0641	0.0502	0.0752	0.0507	0.0771	0.0769	0.0382	0.1161	0.0921	0.0253	0.19	0.1188
136	0.0100	0.0641	0.05	0.075	0.0507	0.0772	0.0766	0.0381	0.1159	0.0919	0.0254	0.1904	0.1187
137	0.0103	0.0641	0.0497	0.0749	0.0508	0.0774	0.0768	0.038	0.1156	0.0917	0.0253	0.1898	0.1186
138	0.0099	0.064	0.0497	0.075	0.051	0.0777	0.0771	0.0379	0.1149	0.0916	0.0253	0.1903	0.1188
139	0.0096	0.0642	0.0499	0.0752	0.0511	0.0779	0.0772	0.0379	0.1149	0.0917	0.0253	0.1902	0.1188
140	0.0098	0.0639	0.0502	0.0752	0.0507	0.0771	0.0769	0.0378	0.1148	0.0917	0.0252	0.1895	0.1186
141	0.0098	0.0645	0.0506	0.0757	0.0506	0.0769	0.0769	0.0378	0.1146	0.0917	0.0252	0.1893	0.1186
142	0.0088	0.0645	0.0504	0.0756	0.0506	0.077	0.077	0.0379	0.1148	0.0918	0.0252	0.1896	0.1188
143	0.0091	0.0646	0.0507	0.0757	0.0503	0.0766	0.0767	0.0377	0.1145	0.0917	0.0253	0.1898	0.1188
144	0.0093	0.0646	0.0507	0.0758	0.0503	0.0766	0.0767	0.0377	0.1148	0.0917	0.0253	0.1899	0.1189
145	0.0094	0.0646	0.0507	0.0758	0.0502	0.0764	0.0766	0.0379	0.1151	0.0918	0.0253	0.1901	0.1189
146	0.0093	0.0646	0.0509	0.0759	0.0503	0.0765	0.0767	0.0378	0.1152	0.0918	0.0253	0.1899	0.1188
147	0.0088	0.0644	0.0509	0.076	0.0505	0.0768	0.077	0.0378	0.1149	0.092	0.0252	0.1894	0.1188
148	0.0081	0.0642	0.0507	0.0759	0.0504	0.0767	0.077	0.0378	0.1152	0.092	0.0252	0.1896	0.1189
149	0.0086	0.0643	0.0506	0.076	0.0504	0.077	0.0771	0.0379	0.1155	0.0923	0.0253	0.1899	0.1191
150	0.0085	0.0642	0.0506	0.0759	0.0502	0.0768	0.077	0.0378	0.1151	0.092	0.0253	0.1897	0.119
