{"device": "cuda:2", "multimodal": true, "embedding_dim": 512, "n_layers": 3, "epochs": 500, "learning_rate": 0.001, "log": true, "seed": 19, "top_k": [5, 10, 20, 50], "dataset": "dbbook", "batch_size": 2048, "single_branch": false, "autoencoder": false, "ensemble_fusion": false, "freeze": true, "fusion_modalities": "mean", "fusion_type": "late", "info_nce": false, "weighting": "normalized", "datasets": {"dbbook": ["images", "text"], "ml1m": ["audio", "images", "text", "video"]}}
Epoch	T-Loss	V-Loss	Precision@5	Recall@5	NDCG@5	Precision@10	Recall@10	NDCG@10	Precision@20	Recall@20	NDCG@20	Precision@50	Recall@50	NDCG@50
1	0.6931	0.6931	0.0014	0.0009	0.0014	0.0016	0.0021	0.0019	0.0015	0.0048	0.0029	0.0015	0.0113	0.0053
2	0.6891	0.693	0.0025	0.0017	0.0025	0.0023	0.0033	0.0029	0.002	0.0062	0.004	0.0019	0.0141	0.0069
3	0.6857	0.6927	0.0065	0.0051	0.0076	0.0053	0.0081	0.0079	0.004	0.0122	0.0095	0.0031	0.0235	0.0136
4	0.6822	0.6922	0.0167	0.0135	0.0208	0.0117	0.0181	0.0198	0.0089	0.027	0.0233	0.006	0.0474	0.0303
5	0.6784	0.6914	0.0329	0.0265	0.0409	0.0226	0.0358	0.0385	0.0159	0.0502	0.0438	0.0102	0.0793	0.0543
6	0.6742	0.6902	0.0462	0.0371	0.0575	0.0327	0.052	0.0549	0.0232	0.0731	0.0628	0.015	0.1157	0.0781
7	0.6697	0.6886	0.0545	0.0442	0.068	0.04	0.0639	0.0664	0.029	0.0912	0.0768	0.0188	0.1445	0.096
8	0.6647	0.6866	0.0599	0.049	0.0744	0.0446	0.0708	0.0732	0.0328	0.1026	0.0854	0.021	0.1613	0.1066
9	0.6592	0.6841	0.0639	0.0519	0.0789	0.0472	0.0748	0.0775	0.0345	0.1077	0.0901	0.0226	0.1724	0.1135
10	0.6532	0.6809	0.0666	0.0542	0.0821	0.049	0.0776	0.0804	0.0361	0.1126	0.0939	0.0236	0.1792	0.118
11	0.6467	0.6773	0.0673	0.0549	0.0831	0.0509	0.0805	0.0828	0.0371	0.1158	0.0962	0.024	0.1823	0.1205
12	0.6399	0.6732	0.0684	0.0554	0.0842	0.0517	0.0818	0.0838	0.0376	0.1165	0.0972	0.0245	0.1858	0.1223
13	0.6326	0.6688	0.0694	0.0565	0.0859	0.052	0.0822	0.0849	0.0381	0.1179	0.0986	0.0248	0.1885	0.1241
14	0.6248	0.6639	0.0703	0.057	0.0861	0.0521	0.0821	0.0846	0.0384	0.1187	0.0988	0.025	0.1887	0.1241
15	0.6171	0.6587	0.0708	0.0571	0.0865	0.0519	0.0815	0.0844	0.0382	0.1181	0.0986	0.0252	0.1908	0.1249
16	0.6092	0.6529	0.0709	0.0573	0.0866	0.0522	0.0822	0.0848	0.0383	0.1184	0.0987	0.0253	0.1916	0.1253
17	0.6013	0.6481	0.0703	0.0569	0.0861	0.0518	0.081	0.0842	0.0384	0.1186	0.0986	0.0254	0.192	0.1252
18	0.5936	0.642	0.0701	0.0564	0.0854	0.0511	0.0796	0.083	0.0379	0.1179	0.0976	0.0253	0.1905	0.1241
19	0.5853	0.6367	0.0701	0.0564	0.0857	0.0513	0.0799	0.0833	0.0379	0.117	0.0975	0.0251	0.1906	0.1241
20	0.5778	0.6316	0.0707	0.0566	0.0861	0.051	0.0797	0.0832	0.0378	0.1165	0.0975	0.025	0.1886	0.1236
21	0.5703	0.6264	0.0703	0.0564	0.0858	0.0513	0.0803	0.0835	0.0377	0.1163	0.0973	0.0249	0.1882	0.1233
22	0.5631	0.6205	0.0698	0.0559	0.0862	0.0518	0.0808	0.0845	0.0376	0.116	0.0979	0.025	0.1893	0.1243
23	0.5558	0.6154	0.0701	0.0564	0.0857	0.0514	0.0802	0.0835	0.0378	0.1169	0.0976	0.025	0.1893	0.1237
24	0.5488	0.6115	0.0687	0.0548	0.0842	0.0512	0.0799	0.0828	0.0374	0.1155	0.0964	0.0248	0.1882	0.1227
25	0.5414	0.6061	0.0694	0.0553	0.0852	0.0513	0.08	0.0832	0.0373	0.1147	0.0965	0.0249	0.1885	0.1231
26	0.5345	0.6014	0.0689	0.0547	0.0843	0.0512	0.08	0.0829	0.0376	0.1152	0.0965	0.0249	0.188	0.1227
27	0.5281	0.5977	0.0683	0.055	0.0837	0.0513	0.0805	0.0826	0.0372	0.1147	0.0957	0.0247	0.1874	0.1219
28	0.5216	0.5924	0.0679	0.0539	0.0832	0.0506	0.0795	0.0821	0.0376	0.116	0.0962	0.0248	0.1882	0.1222
29	0.5156	0.5882	0.0676	0.0539	0.0827	0.051	0.0803	0.0822	0.0378	0.1169	0.0963	0.025	0.1892	0.1224
30	0.509	0.5842	0.0677	0.0536	0.083	0.0511	0.08	0.0823	0.0375	0.1155	0.096	0.0248	0.1877	0.122
31	0.5037	0.5785	0.0689	0.055	0.0844	0.0511	0.0799	0.0828	0.0376	0.1156	0.0966	0.025	0.1891	0.123
32	0.4973	0.5754	0.0684	0.0551	0.084	0.0508	0.0793	0.0825	0.0372	0.1151	0.0961	0.0249	0.1876	0.1225
33	0.4911	0.5744	0.0681	0.0546	0.084	0.0506	0.079	0.0824	0.0372	0.1144	0.096	0.0247	0.1853	0.122
34	0.4861	0.5694	0.0683	0.0546	0.0837	0.0507	0.0793	0.0822	0.0371	0.1142	0.0955	0.0247	0.1861	0.1217
35	0.4805	0.5641	0.0678	0.054	0.0829	0.0507	0.0785	0.0815	0.037	0.1147	0.0951	0.0247	0.186	0.121
36	0.4748	0.5632	0.068	0.0543	0.0833	0.0507	0.079	0.0818	0.037	0.1147	0.0953	0.0246	0.1858	0.1212
37	0.4694	0.5591	0.0668	0.0537	0.0822	0.0503	0.0781	0.081	0.0366	0.1136	0.0944	0.0246	0.1857	0.1206
38	0.4647	0.5549	0.0674	0.054	0.0827	0.0504	0.0778	0.0811	0.0368	0.1143	0.0947	0.0246	0.1862	0.1208
39	0.4609	0.5514	0.0681	0.0544	0.0837	0.0509	0.0793	0.0823	0.037	0.1144	0.0955	0.0247	0.1862	0.1216
40	0.4545	0.549	0.0679	0.0547	0.0834	0.0507	0.0791	0.082	0.037	0.1148	0.0955	0.0248	0.1867	0.1218
41	0.451	0.5452	0.0676	0.0541	0.083	0.0505	0.0798	0.0821	0.0368	0.1144	0.0953	0.0247	0.1857	0.1214
42	0.4451	0.5425	0.0672	0.054	0.0827	0.0506	0.0796	0.0818	0.0366	0.1134	0.0947	0.0247	0.1848	0.1208
43	0.4413	0.5407	0.0669	0.0531	0.0823	0.0503	0.0795	0.0817	0.0364	0.1126	0.0944	0.0246	0.1845	0.1207
44	0.4371	0.538	0.0674	0.054	0.0832	0.0502	0.0787	0.0818	0.0366	0.1133	0.0949	0.0248	0.1861	0.1214
45	0.4331	0.5367	0.0672	0.054	0.0828	0.0498	0.0778	0.0811	0.0367	0.1134	0.0947	0.0246	0.1848	0.1206
46	0.4281	0.5315	0.0678	0.0545	0.0832	0.0501	0.0787	0.0816	0.0366	0.1125	0.0946	0.0248	0.1861	0.1213
47	0.4229	0.5308	0.0676	0.0545	0.0831	0.0501	0.0782	0.0815	0.0365	0.1119	0.0944	0.0248	0.1858	0.1213
48	0.4202	0.5279	0.068	0.0545	0.0832	0.0498	0.0777	0.0811	0.0366	0.1124	0.0944	0.0247	0.1862	0.1211
49	0.4156	0.5224	0.0678	0.0541	0.0828	0.0497	0.0772	0.0807	0.0364	0.1111	0.0937	0.0249	0.1867	0.121
50	0.4119	0.5205	0.0671	0.054	0.0824	0.0497	0.0772	0.0807	0.0362	0.1105	0.0935	0.0247	0.1858	0.1207
51	0.4068	0.5215	0.0684	0.0547	0.0837	0.0502	0.0786	0.0818	0.0364	0.1118	0.0945	0.0248	0.185	0.1213
52	0.4036	0.5198	0.0674	0.054	0.0826	0.0504	0.0792	0.0815	0.0363	0.1123	0.094	0.0248	0.1867	0.1211
53	0.3991	0.5166	0.0669	0.053	0.0823	0.0502	0.0788	0.0815	0.0365	0.1125	0.0945	0.0249	0.1875	0.1217
54	0.3963	0.5143	0.0673	0.0536	0.0824	0.0499	0.0783	0.0811	0.0364	0.1124	0.0941	0.0251	0.1882	0.1218
55	0.3931	0.5124	0.0669	0.0533	0.0825	0.0498	0.0783	0.0813	0.0364	0.1127	0.0945	0.0249	0.187	0.1216
56	0.3898	0.5126	0.0678	0.0543	0.0831	0.0496	0.0775	0.081	0.0364	0.1126	0.0943	0.0249	0.1873	0.1215
57	0.3856	0.5093	0.0676	0.0541	0.0829	0.0499	0.0781	0.0812	0.0364	0.1131	0.0944	0.0249	0.1868	0.1214
58	0.3821	0.507	0.0676	0.0542	0.0828	0.05	0.0784	0.0813	0.0364	0.1126	0.0943	0.0249	0.1869	0.1214
59	0.3785	0.5035	0.0677	0.0545	0.0827	0.0501	0.0788	0.0813	0.0364	0.1116	0.094	0.025	0.1873	0.1215
60	0.3751	0.5037	0.0671	0.054	0.0821	0.0498	0.0777	0.0806	0.0366	0.1126	0.0941	0.0249	0.1871	0.1212
61	0.3734	0.4982	0.0674	0.0543	0.0821	0.0493	0.0777	0.0803	0.0364	0.1121	0.0937	0.0249	0.1869	0.121
62	0.369	0.501	0.0678	0.0545	0.083	0.0495	0.0783	0.0811	0.0365	0.1122	0.0942	0.0251	0.1888	0.1221
63	0.3663	0.4971	0.0657	0.0527	0.0814	0.0486	0.0761	0.0797	0.0366	0.1131	0.094	0.0251	0.1881	0.1215
64	0.3621	0.4953	0.066	0.0528	0.0819	0.0486	0.0762	0.0801	0.0362	0.1112	0.0937	0.025	0.1878	0.1214
65	0.3607	0.4942	0.0669	0.0534	0.0822	0.0491	0.0768	0.0802	0.0363	0.1114	0.0937	0.0251	0.1881	0.1216
66	0.3569	0.4921	0.0669	0.0536	0.0827	0.0495	0.0777	0.0812	0.0366	0.113	0.0947	0.0251	0.188	0.1221
67	0.3541	0.4913	0.0668	0.0539	0.0827	0.0493	0.0775	0.0811	0.0364	0.1128	0.0946	0.0249	0.1871	0.1217
68	0.3519	0.4908	0.0667	0.0536	0.0824	0.0494	0.077	0.0807	0.0362	0.1115	0.0939	0.0248	0.1862	0.1211
69	0.3486	0.4864	0.0665	0.0531	0.0818	0.0492	0.0769	0.0802	0.0363	0.1113	0.0936	0.0248	0.1851	0.1205
70	0.3445	0.4851	0.0663	0.0525	0.0816	0.0494	0.0775	0.0805	0.0363	0.1113	0.0936	0.025	0.1864	0.121
71	0.3432	0.4816	0.0669	0.0533	0.0826	0.0495	0.077	0.0808	0.0366	0.112	0.0944	0.0252	0.189	0.1223
72	0.3408	0.484	0.0667	0.0529	0.0818	0.0497	0.0771	0.0804	0.0365	0.1121	0.0939	0.0252	0.1891	0.1218
73	0.3372	0.4829	0.066	0.0528	0.0812	0.0496	0.0777	0.0804	0.0367	0.1128	0.0939	0.0252	0.1881	0.1214
74	0.3328	0.4798	0.0664	0.0532	0.0819	0.0496	0.0778	0.0808	0.0367	0.1129	0.0943	0.0251	0.1874	0.1215
75	0.3329	0.4784	0.0667	0.0538	0.0823	0.0492	0.0769	0.0804	0.0364	0.1123	0.0941	0.0251	0.188	0.1217
76	0.3289	0.4793	0.0658	0.0528	0.0815	0.0494	0.0773	0.0804	0.0367	0.1132	0.0943	0.0251	0.189	0.1218
77	0.3262	0.4744	0.0655	0.053	0.0811	0.0486	0.0759	0.0794	0.0365	0.1122	0.0936	0.0251	0.1879	0.1212
78	0.3241	0.4716	0.0655	0.0528	0.0811	0.0488	0.0763	0.0797	0.0365	0.1123	0.0937	0.025	0.1877	0.1212
79	0.3228	0.4751	0.0654	0.0523	0.0805	0.0487	0.0759	0.0792	0.0366	0.1118	0.0933	0.025	0.1881	0.1208
80	0.3191	0.4705	0.0652	0.0523	0.0803	0.0486	0.0762	0.0791	0.0367	0.1127	0.0934	0.0251	0.1878	0.1208
81	0.3163	0.4729	0.0664	0.053	0.0814	0.0496	0.0772	0.0803	0.0369	0.1142	0.0945	0.0253	0.1883	0.1218
82	0.3123	0.4716	0.0665	0.0537	0.0819	0.0493	0.0767	0.0803	0.037	0.1142	0.0948	0.0253	0.1888	0.122
83	0.3133	0.4682	0.0667	0.0538	0.0817	0.0491	0.0757	0.0796	0.0367	0.1128	0.0939	0.0252	0.1881	0.1213
84	0.3084	0.4638	0.0664	0.0533	0.0814	0.0492	0.0765	0.0798	0.0364	0.1128	0.0936	0.0251	0.1876	0.121
85	0.3079	0.4681	0.0662	0.0533	0.0814	0.0489	0.0769	0.0798	0.0365	0.1127	0.0937	0.025	0.187	0.1209
86	0.3036	0.4661	0.0658	0.0528	0.0812	0.049	0.0767	0.08	0.0364	0.1119	0.0936	0.0252	0.1887	0.1216
87	0.3024	0.4656	0.0667	0.0533	0.0816	0.0496	0.0774	0.0803	0.0366	0.1128	0.0939	0.0252	0.189	0.1216
88	0.3007	0.4674	0.0668	0.0535	0.0821	0.0489	0.0764	0.08	0.0364	0.1111	0.0936	0.0251	0.188	0.1215
89	0.2988	0.4643	0.0668	0.0535	0.082	0.0493	0.0768	0.0803	0.0361	0.1109	0.0934	0.0251	0.1879	0.1215
90	0.2961	0.4641	0.0663	0.0532	0.0818	0.0491	0.0766	0.0802	0.0365	0.1126	0.094	0.0252	0.189	0.1219
91	0.2941	0.4629	0.0665	0.0536	0.0821	0.0492	0.0772	0.0805	0.0368	0.1134	0.0945	0.0251	0.1885	0.1219
92	0.2915	0.46	0.066	0.0532	0.082	0.049	0.077	0.0806	0.0367	0.1127	0.0945	0.0251	0.1887	0.1222
93	0.291	0.4597	0.0658	0.0532	0.0813	0.0488	0.0762	0.0797	0.0369	0.1132	0.0941	0.0251	0.1884	0.1214
94	0.2879	0.459	0.0659	0.053	0.0812	0.0489	0.0764	0.0798	0.0368	0.1129	0.0939	0.0251	0.1878	0.1213
95	0.2879	0.4562	0.0658	0.0527	0.0808	0.0489	0.0764	0.0795	0.0366	0.1123	0.0934	0.0251	0.188	0.121
96	0.2833	0.4555	0.0664	0.0534	0.0815	0.049	0.0767	0.08	0.0368	0.1131	0.0942	0.0252	0.1889	0.1218
97	0.2822	0.4549	0.0658	0.0529	0.0811	0.0489	0.0765	0.0798	0.0369	0.1128	0.0941	0.0253	0.1893	0.1218
98	0.2794	0.4546	0.0658	0.0529	0.0809	0.0486	0.0754	0.0791	0.037	0.1138	0.094	0.0252	0.1879	0.1212
99	0.2773	0.4565	0.0653	0.0522	0.0806	0.0489	0.0768	0.0797	0.0372	0.1142	0.0944	0.0253	0.1893	0.1217
100	0.2769	0.4537	0.0654	0.0527	0.0807	0.049	0.0767	0.0796	0.0372	0.1149	0.0945	0.0255	0.1906	0.1222
101	0.2735	0.4558	0.0661	0.053	0.081	0.0496	0.0779	0.0802	0.0373	0.1143	0.0944	0.0255	0.1914	0.1224
102	0.2721	0.4547	0.0655	0.0528	0.0807	0.0487	0.0765	0.0795	0.0371	0.1141	0.0943	0.0255	0.192	0.1225
103	0.2696	0.4495	0.0659	0.0527	0.0808	0.0493	0.0772	0.0799	0.0373	0.1148	0.0945	0.0254	0.1913	0.1223
104	0.2682	0.4504	0.0661	0.0527	0.0811	0.0493	0.0774	0.0802	0.0373	0.1156	0.095	0.0254	0.1909	0.1224
105	0.2665	0.4523	0.0661	0.0532	0.0809	0.0491	0.0775	0.0798	0.0371	0.115	0.0944	0.0253	0.1906	0.1218
106	0.2648	0.4516	0.0662	0.0535	0.0817	0.0494	0.0777	0.0806	0.0375	0.1155	0.0954	0.0253	0.1905	0.1225
107	0.2649	0.4476	0.066	0.0536	0.0819	0.0497	0.0781	0.081	0.0372	0.1143	0.0952	0.0254	0.1906	0.1228
108	0.2623	0.4507	0.0664	0.0535	0.0818	0.0495	0.0776	0.0807	0.0372	0.1142	0.095	0.0255	0.1916	0.1231
109	0.2594	0.4486	0.0665	0.0533	0.0819	0.0489	0.0761	0.0801	0.0369	0.1135	0.0946	0.0255	0.1915	0.1229
110	0.257	0.4445	0.0659	0.053	0.0813	0.0488	0.0764	0.0798	0.0367	0.1126	0.0939	0.0253	0.1896	0.122
111	0.2562	0.4397	0.0644	0.0521	0.0794	0.0487	0.0761	0.0787	0.0367	0.112	0.0928	0.0255	0.1907	0.1213
112	0.2545	0.4414	0.0648	0.0515	0.0795	0.0484	0.076	0.0786	0.0369	0.1124	0.0931	0.0255	0.1908	0.1215
113	0.2527	0.4417	0.0659	0.0529	0.081	0.0488	0.0767	0.0797	0.037	0.1129	0.094	0.0255	0.1911	0.1224
114	0.251	0.4449	0.0656	0.0523	0.0812	0.0487	0.0759	0.0797	0.0374	0.1139	0.0948	0.0255	0.1908	0.1226
115	0.2494	0.445	0.0661	0.0531	0.0821	0.0489	0.0765	0.0803	0.0376	0.1156	0.0956	0.0255	0.1907	0.123
116	0.2483	0.4441	0.0655	0.0525	0.0812	0.0486	0.076	0.0796	0.0374	0.1145	0.0948	0.0255	0.1906	0.1225
117	0.2477	0.4409	0.0654	0.0526	0.0812	0.0491	0.0768	0.0802	0.0374	0.1142	0.0949	0.0255	0.1909	0.1227
118	0.2439	0.4399	0.0661	0.0529	0.0814	0.0493	0.0773	0.0803	0.0373	0.1136	0.0946	0.0256	0.1915	0.1228
119	0.2437	0.4425	0.066	0.0529	0.0811	0.0486	0.0765	0.0795	0.0369	0.1131	0.094	0.0254	0.1899	0.1221
120	0.2427	0.4363	0.0657	0.0527	0.0807	0.049	0.0771	0.0798	0.037	0.1138	0.0941	0.0254	0.1894	0.1217
121	0.2394	0.4382	0.0658	0.0528	0.0813	0.049	0.0769	0.0801	0.0368	0.113	0.0943	0.0254	0.1893	0.1221
122	0.238	0.4348	0.0664	0.0537	0.0816	0.0492	0.0765	0.08	0.0368	0.113	0.0941	0.0254	0.1888	0.1219
123	0.2378	0.438	0.0666	0.0535	0.0813	0.0486	0.0759	0.0792	0.0368	0.113	0.0937	0.0254	0.1895	0.1216
124	0.2355	0.4369	0.0662	0.0533	0.0811	0.0492	0.0763	0.0796	0.0371	0.1142	0.0942	0.0255	0.1894	0.1217
125	0.2361	0.4333	0.066	0.0533	0.0811	0.0493	0.0767	0.0798	0.0372	0.115	0.0946	0.0257	0.1915	0.1226
126	0.2335	0.4345	0.0659	0.0526	0.0807	0.0493	0.0768	0.0797	0.0369	0.1139	0.094	0.0257	0.1915	0.1224
127	0.2326	0.4324	0.0666	0.0534	0.0815	0.0499	0.0778	0.0806	0.0371	0.1144	0.0946	0.0257	0.1922	0.123
128	0.2309	0.4355	0.0662	0.0529	0.0811	0.0495	0.0774	0.0801	0.0368	0.1137	0.0941	0.0256	0.1916	0.1224
129	0.2282	0.4371	0.0664	0.053	0.0811	0.0489	0.0767	0.0795	0.037	0.1143	0.0941	0.0257	0.1916	0.1224
130	0.2257	0.4311	0.0666	0.0532	0.0817	0.0491	0.0772	0.0802	0.0369	0.1135	0.0944	0.0256	0.1913	0.1228
131	0.2266	0.4348	0.0656	0.053	0.0807	0.0493	0.0774	0.0798	0.0369	0.1132	0.0938	0.0256	0.1914	0.1222
132	0.2261	0.4306	0.0646	0.0518	0.0799	0.0488	0.0761	0.0792	0.0368	0.1126	0.0935	0.0256	0.1911	0.1221
133	0.2251	0.4286	0.0651	0.0517	0.0796	0.0485	0.076	0.0786	0.0369	0.113	0.0932	0.0255	0.1905	0.1214
134	0.2225	0.4336	0.0644	0.0513	0.0793	0.0485	0.076	0.0787	0.0367	0.112	0.0929	0.0256	0.1914	0.1217
135	0.222	0.4253	0.0652	0.0522	0.0798	0.0489	0.0761	0.0788	0.0368	0.1126	0.0931	0.0256	0.1908	0.1215
136	0.2198	0.4299	0.0654	0.0523	0.08	0.0491	0.0767	0.0791	0.037	0.1131	0.0934	0.0255	0.1905	0.1216
137	0.2177	0.4334	0.0659	0.0528	0.0803	0.0488	0.0759	0.0788	0.0368	0.1129	0.0932	0.0256	0.1921	0.1219
138	0.2174	0.4299	0.0648	0.0522	0.0796	0.049	0.077	0.0791	0.0372	0.1138	0.0936	0.0257	0.1919	0.122
139	0.2164	0.4275	0.0651	0.0524	0.0797	0.0491	0.077	0.0791	0.0375	0.115	0.0941	0.0258	0.1918	0.1222
140	0.2147	0.4242	0.0652	0.0527	0.0802	0.0494	0.0776	0.0797	0.0375	0.1146	0.0944	0.0258	0.1915	0.1225
141	0.2145	0.4292	0.0655	0.0529	0.0811	0.0492	0.0769	0.08	0.0372	0.1142	0.0946	0.0257	0.1917	0.1229
142	0.2113	0.4268	0.0658	0.0529	0.0814	0.0495	0.0768	0.0803	0.0371	0.1133	0.0946	0.0256	0.1907	0.1227
143	0.212	0.4312	0.0658	0.0531	0.0808	0.0489	0.0767	0.0795	0.0371	0.1137	0.0941	0.0257	0.1914	0.1224
144	0.2093	0.4358	0.065	0.0526	0.0804	0.0489	0.0769	0.0795	0.0375	0.1149	0.0946	0.0256	0.1909	0.1223
145	0.208	0.4236	0.0649	0.0521	0.0798	0.0489	0.0769	0.0791	0.0374	0.1148	0.094	0.0256	0.1906	0.1218
146	0.208	0.4278	0.065	0.0524	0.0797	0.0488	0.0771	0.0791	0.0373	0.1147	0.0939	0.0256	0.1913	0.1218
147	0.2065	0.4234	0.0654	0.0524	0.0803	0.0487	0.0769	0.0793	0.0372	0.1145	0.0941	0.0256	0.1908	0.1221
148	0.2034	0.4206	0.0653	0.052	0.0802	0.0488	0.077	0.0794	0.0373	0.1152	0.0944	0.0256	0.1907	0.1221
149	0.2045	0.4262	0.0653	0.0521	0.0803	0.049	0.0768	0.0795	0.0374	0.115	0.0946	0.0255	0.1904	0.1222
150	0.2023	0.4217	0.0648	0.0523	0.0799	0.0492	0.0769	0.0794	0.0375	0.1155	0.0945	0.0256	0.1907	0.122
151	0.2016	0.4242	0.0651	0.052	0.0797	0.0496	0.0776	0.0796	0.0375	0.1154	0.0944	0.0257	0.1924	0.1224
152	0.2006	0.4238	0.0652	0.052	0.0799	0.0493	0.0771	0.0795	0.0375	0.1152	0.0946	0.0257	0.1923	0.1227
153	0.1991	0.4261	0.0658	0.0528	0.0805	0.0494	0.0774	0.0797	0.0373	0.1145	0.0942	0.0257	0.1919	0.1225
154	0.1982	0.4207	0.0652	0.0524	0.0803	0.0495	0.0775	0.0799	0.0372	0.1133	0.0941	0.0256	0.1915	0.1225
155	0.1977	0.4162	0.0652	0.0522	0.0803	0.0495	0.0775	0.0799	0.0373	0.1139	0.0943	0.0258	0.1928	0.1229
156	0.1965	0.4223	0.0663	0.053	0.0814	0.0496	0.0772	0.0802	0.0372	0.114	0.0946	0.0257	0.1922	0.123
157	0.1943	0.4177	0.0656	0.0524	0.0807	0.0491	0.0765	0.0796	0.0372	0.1136	0.0942	0.0256	0.1918	0.1226
158	0.1939	0.4219	0.0656	0.0523	0.0803	0.0493	0.077	0.0795	0.0372	0.1143	0.0941	0.0256	0.1916	0.1222
159	0.1934	0.4188	0.066	0.0528	0.0808	0.0492	0.0768	0.0797	0.0374	0.1146	0.0945	0.0256	0.192	0.1226
160	0.1925	0.4196	0.0659	0.0529	0.0809	0.0492	0.077	0.0798	0.0373	0.1144	0.0945	0.0257	0.1931	0.123
161	0.1911	0.4204	0.0657	0.0527	0.0804	0.0493	0.0771	0.0795	0.0372	0.1142	0.0941	0.0257	0.1925	0.1226
162	0.1901	0.4198	0.066	0.0525	0.0808	0.0496	0.0775	0.0799	0.0372	0.1145	0.0944	0.0259	0.1934	0.1231
163	0.1888	0.4201	0.066	0.0529	0.0809	0.0496	0.0771	0.0799	0.0373	0.1147	0.0945	0.0259	0.1931	0.1232
164	0.1887	0.4181	0.0658	0.0528	0.0806	0.0497	0.0773	0.0799	0.0375	0.1158	0.0948	0.026	0.1946	0.1235
165	0.1876	0.4156	0.0657	0.0527	0.0807	0.0498	0.0782	0.0804	0.0375	0.1159	0.095	0.0259	0.1943	0.1237
166	0.1861	0.4194	0.0658	0.053	0.0809	0.0501	0.0783	0.0806	0.0379	0.1169	0.0956	0.0259	0.1943	0.1238
167	0.1852	0.4171	0.0659	0.0528	0.0808	0.0502	0.079	0.0808	0.0379	0.1164	0.0955	0.026	0.1945	0.1239
168	0.1841	0.4183	0.0662	0.0531	0.0811	0.0502	0.0792	0.0809	0.0378	0.1165	0.0956	0.0259	0.1937	0.1238
169	0.1845	0.4113	0.0662	0.0531	0.0813	0.0499	0.0784	0.0807	0.0379	0.1165	0.0957	0.026	0.1939	0.124
170	0.1833	0.4155	0.066	0.053	0.0809	0.0494	0.0775	0.08	0.0375	0.1152	0.0948	0.026	0.1942	0.1237
171	0.1833	0.4153	0.0657	0.0528	0.0808	0.0498	0.0779	0.0803	0.0377	0.116	0.0952	0.0262	0.1949	0.1241
172	0.18	0.4148	0.0655	0.0526	0.0808	0.0502	0.0785	0.0807	0.0379	0.1158	0.0954	0.026	0.1939	0.1239
173	0.1802	0.4139	0.0656	0.0527	0.0807	0.0501	0.0782	0.0804	0.0382	0.1166	0.0956	0.0261	0.1947	0.124
174	0.1802	0.4137	0.0665	0.0538	0.0813	0.0502	0.0784	0.0805	0.038	0.1157	0.0953	0.026	0.1946	0.1239
175	0.178	0.4102	0.0659	0.0533	0.0813	0.0502	0.0786	0.0809	0.0381	0.1168	0.096	0.026	0.1943	0.1242
176	0.1775	0.4095	0.0656	0.0534	0.081	0.0499	0.0785	0.0807	0.038	0.116	0.0956	0.026	0.1936	0.1238
177	0.1769	0.4159	0.0653	0.0528	0.0801	0.0496	0.078	0.0798	0.0379	0.1162	0.095	0.026	0.1947	0.1235
178	0.175	0.4117	0.0656	0.0529	0.0805	0.0497	0.078	0.08	0.0381	0.1179	0.0956	0.026	0.195	0.1238
179	0.1747	0.4126	0.0655	0.0526	0.0805	0.0501	0.0784	0.0804	0.0383	0.1185	0.096	0.0261	0.195	0.124
180	0.1754	0.4152	0.0661	0.053	0.0813	0.05	0.0781	0.0806	0.0383	0.1177	0.0963	0.0261	0.1953	0.1245
181	0.1728	0.4067	0.066	0.0529	0.0813	0.0499	0.078	0.0807	0.0379	0.1167	0.0958	0.0259	0.1945	0.1241
182	0.1727	0.4156	0.0655	0.0528	0.0803	0.0499	0.0783	0.0801	0.0377	0.116	0.0948	0.0258	0.1932	0.1229
183	0.1712	0.4149	0.0647	0.0523	0.0796	0.0499	0.0782	0.0798	0.0378	0.1164	0.0948	0.0259	0.194	0.123
184	0.1713	0.4114	0.0653	0.0525	0.0798	0.0496	0.0779	0.0795	0.0379	0.1171	0.0948	0.0261	0.1948	0.1233
185	0.1697	0.4135	0.066	0.0534	0.0803	0.0495	0.0775	0.0793	0.0379	0.1166	0.0948	0.0262	0.1951	0.1235
186	0.1697	0.4125	0.0658	0.053	0.0804	0.0499	0.0782	0.0801	0.0378	0.1166	0.0951	0.0262	0.1958	0.1241
187	0.1688	0.4071	0.0664	0.0534	0.0807	0.0499	0.078	0.0799	0.0377	0.1165	0.0949	0.0261	0.1948	0.1236
188	0.1685	0.4063	0.066	0.0529	0.0802	0.0494	0.0773	0.0794	0.0376	0.1159	0.0945	0.0261	0.1944	0.1233
189	0.1676	0.4089	0.0653	0.0524	0.0796	0.0496	0.0779	0.0793	0.0378	0.1167	0.0945	0.026	0.1942	0.1229
190	0.1661	0.4111	0.0657	0.0525	0.0798	0.0499	0.0783	0.0796	0.0378	0.1161	0.0945	0.026	0.1938	0.1229
191	0.165	0.4086	0.0658	0.0525	0.0797	0.0493	0.0777	0.0791	0.0379	0.1167	0.0946	0.0259	0.1939	0.1227
192	0.1656	0.4041	0.0658	0.0527	0.0801	0.0493	0.0781	0.0795	0.0378	0.1169	0.0948	0.026	0.1944	0.1231
193	0.1637	0.4058	0.066	0.053	0.0809	0.0494	0.0781	0.0801	0.0379	0.1175	0.0956	0.0259	0.1934	0.1234
194	0.1625	0.4103	0.0669	0.054	0.0816	0.0499	0.0786	0.0805	0.0377	0.1163	0.0952	0.026	0.1943	0.1237
195	0.1625	0.4127	0.0664	0.0535	0.0808	0.05	0.0785	0.08	0.0376	0.116	0.0946	0.0261	0.1943	0.1233
196	0.161	0.4033	0.066	0.0531	0.0807	0.0499	0.0782	0.0801	0.0375	0.1156	0.0946	0.0261	0.1943	0.1234
197	0.1611	0.4084	0.0659	0.053	0.0806	0.0499	0.078	0.0801	0.0376	0.1162	0.095	0.0261	0.1945	0.1236
198	0.1602	0.4045	0.0673	0.054	0.082	0.0498	0.0782	0.0805	0.0378	0.1167	0.0956	0.0262	0.1956	0.1244
199	0.1595	0.41	0.0665	0.0535	0.0814	0.05	0.0788	0.0807	0.0378	0.1164	0.0955	0.0263	0.1961	0.1246
200	0.159	0.4059	0.0667	0.0533	0.0819	0.0501	0.0781	0.0808	0.0381	0.1174	0.0961	0.0263	0.1958	0.1249
201	0.1589	0.409	0.0671	0.054	0.0825	0.0503	0.0787	0.0814	0.0383	0.1178	0.0967	0.0264	0.197	0.1256
202	0.1572	0.4039	0.067	0.0539	0.0823	0.0505	0.0798	0.0817	0.038	0.1169	0.0964	0.0265	0.1975	0.1258
203	0.1575	0.4084	0.0662	0.0533	0.0813	0.0504	0.0795	0.0812	0.0378	0.1165	0.0957	0.0264	0.1971	0.1252
204	0.1556	0.4085	0.0661	0.0533	0.0811	0.0506	0.0799	0.0812	0.0379	0.1164	0.0956	0.0264	0.1976	0.1251
205	0.1562	0.4061	0.0666	0.0536	0.0813	0.0505	0.0795	0.081	0.0378	0.1159	0.0953	0.0265	0.1981	0.1251
206	0.1548	0.4055	0.0662	0.0532	0.0811	0.0499	0.0787	0.0806	0.038	0.1171	0.0957	0.0266	0.1988	0.1254
207	0.1538	0.405	0.0668	0.0535	0.0815	0.0499	0.0784	0.0805	0.038	0.1169	0.0956	0.0266	0.1991	0.1255
208	0.1533	0.4084	0.0667	0.0534	0.0814	0.0502	0.0784	0.0807	0.0381	0.1173	0.0959	0.0267	0.1992	0.1257
209	0.1531	0.4082	0.0671	0.0539	0.082	0.0503	0.0789	0.0811	0.0382	0.1173	0.0962	0.0265	0.1986	0.1257
210	0.1525	0.4042	0.0666	0.0536	0.082	0.0505	0.0784	0.0814	0.0381	0.1174	0.0965	0.0265	0.1981	0.1259
211	0.151	0.4026	0.0671	0.0539	0.0823	0.0507	0.0792	0.0816	0.0381	0.1168	0.0963	0.0264	0.198	0.1258
212	0.152	0.4054	0.0661	0.053	0.0812	0.0506	0.0791	0.0812	0.0381	0.1169	0.0959	0.0264	0.1976	0.1253
213	0.1505	0.4024	0.067	0.0538	0.0819	0.0507	0.0789	0.0813	0.0381	0.1167	0.0959	0.0264	0.1968	0.1252
214	0.1488	0.4049	0.0676	0.0544	0.082	0.0509	0.08	0.0814	0.0381	0.1167	0.0958	0.0265	0.1982	0.1254
215	0.1497	0.4068	0.0669	0.0536	0.0812	0.0503	0.0795	0.0807	0.0382	0.1168	0.0955	0.0264	0.1969	0.1246
216	0.1487	0.4021	0.0662	0.0533	0.0811	0.0504	0.0794	0.081	0.0382	0.1167	0.0957	0.0263	0.1958	0.1246
217	0.1489	0.3985	0.0655	0.0523	0.0805	0.0508	0.0797	0.0812	0.0382	0.117	0.0958	0.0263	0.1962	0.1247
218	0.1466	0.404	0.0665	0.0537	0.0819	0.0506	0.0794	0.0816	0.0381	0.1167	0.0963	0.0264	0.1969	0.1255
219	0.1469	0.4026	0.0667	0.054	0.0819	0.0511	0.0806	0.082	0.0382	0.1165	0.0962	0.0264	0.1975	0.1256
220	0.1468	0.4019	0.0671	0.0541	0.0824	0.0511	0.0806	0.0823	0.038	0.1158	0.0962	0.0264	0.1976	0.1259
221	0.1452	0.4	0.0667	0.0539	0.0825	0.0511	0.0805	0.0825	0.0383	0.1167	0.0968	0.0263	0.1969	0.1259
222	0.1451	0.4057	0.0672	0.0541	0.083	0.051	0.0803	0.0826	0.0383	0.1173	0.0972	0.0262	0.1958	0.1259
223	0.1448	0.4013	0.0677	0.0545	0.0832	0.0506	0.0798	0.0821	0.0383	0.1171	0.0969	0.0262	0.1953	0.1255
224	0.1443	0.403	0.0667	0.0538	0.0819	0.0507	0.0799	0.0816	0.0382	0.1163	0.0961	0.0263	0.1967	0.1253
225	0.1436	0.4015	0.0664	0.0538	0.0816	0.051	0.0798	0.0817	0.0383	0.117	0.0964	0.0264	0.1972	0.1255
226	0.1432	0.4108	0.0663	0.0537	0.0813	0.0511	0.0807	0.0817	0.0383	0.1169	0.0961	0.0264	0.1966	0.1252
227	0.1429	0.4055	0.0672	0.0542	0.082	0.0512	0.0805	0.0819	0.0382	0.1169	0.0962	0.0264	0.1968	0.1254
228	0.1404	0.3948	0.0671	0.0542	0.082	0.0516	0.0818	0.0825	0.0383	0.117	0.0964	0.0263	0.1967	0.1255
229	0.1399	0.4025	0.067	0.0544	0.082	0.051	0.0805	0.0818	0.0381	0.1165	0.0961	0.0264	0.1968	0.1253
230	0.1415	0.3982	0.0662	0.0532	0.0812	0.0508	0.08	0.0815	0.038	0.116	0.0957	0.0265	0.1975	0.1254
231	0.1402	0.4028	0.0658	0.0531	0.081	0.0509	0.0796	0.0813	0.038	0.116	0.0957	0.0265	0.1978	0.1254
232	0.1406	0.4009	0.0657	0.0536	0.0809	0.0505	0.0796	0.081	0.038	0.1167	0.0957	0.0264	0.1977	0.1251
233	0.1397	0.4048	0.0657	0.0534	0.0807	0.0501	0.0784	0.0804	0.0379	0.1167	0.0954	0.0265	0.1986	0.1252
234	0.1387	0.4038	0.0652	0.0529	0.0801	0.0499	0.0782	0.08	0.038	0.1169	0.0952	0.0266	0.199	0.125
235	0.1386	0.3993	0.066	0.0534	0.0806	0.0502	0.0782	0.0802	0.0382	0.1173	0.0956	0.0266	0.1994	0.1254
236	0.1373	0.4005	0.0657	0.0531	0.0804	0.0507	0.0791	0.0806	0.0383	0.1174	0.0957	0.0265	0.1984	0.1251
237	0.1366	0.4007	0.0659	0.0528	0.081	0.0512	0.0801	0.0816	0.0384	0.1177	0.0963	0.0265	0.198	0.1254
238	0.1363	0.4006	0.0662	0.0535	0.0814	0.0508	0.079	0.0813	0.0382	0.1173	0.0963	0.0265	0.1986	0.1257
239	0.1372	0.4008	0.0664	0.0537	0.0811	0.0514	0.0802	0.0815	0.0382	0.1176	0.096	0.0265	0.1986	0.1254
240	0.1365	0.3991	0.0666	0.0537	0.0815	0.0511	0.0799	0.0816	0.0382	0.117	0.0961	0.0264	0.1974	0.1254
241	0.1352	0.404	0.0669	0.0543	0.0816	0.0504	0.0787	0.0809	0.0383	0.1175	0.0961	0.0264	0.198	0.1253
242	0.1361	0.3996	0.0669	0.0542	0.0817	0.051	0.0796	0.0814	0.038	0.1164	0.0959	0.0264	0.1978	0.1255
243	0.1336	0.4039	0.0673	0.0546	0.0826	0.0511	0.0796	0.082	0.0383	0.1175	0.0969	0.0266	0.1985	0.1264
244	0.133	0.4018	0.0674	0.0546	0.0824	0.0507	0.0793	0.0816	0.0386	0.1179	0.0968	0.0265	0.1978	0.1259
245	0.1334	0.3957	0.067	0.0544	0.0816	0.0509	0.0795	0.0813	0.0386	0.1187	0.0966	0.0266	0.1989	0.1257
246	0.1333	0.397	0.0665	0.0538	0.0814	0.0509	0.0797	0.0814	0.0384	0.1182	0.0964	0.0266	0.1998	0.126
247	0.1335	0.399	0.0669	0.054	0.0816	0.0513	0.0802	0.0817	0.0381	0.117	0.096	0.0268	0.2011	0.1264
248	0.1315	0.3993	0.0666	0.054	0.0818	0.051	0.0798	0.0817	0.0383	0.1173	0.0964	0.0268	0.2006	0.1266
249	0.1314	0.397	0.0667	0.0544	0.0821	0.0513	0.0807	0.0822	0.0384	0.1175	0.0967	0.0268	0.2001	0.1267
250	0.1315	0.3968	0.0664	0.0539	0.0817	0.051	0.0801	0.0818	0.0385	0.1179	0.0968	0.0267	0.2001	0.1266
251	0.1315	0.4026	0.0666	0.0538	0.0822	0.0512	0.0804	0.0823	0.0381	0.1166	0.0966	0.0267	0.1991	0.1266
252	0.1288	0.3987	0.0668	0.054	0.0818	0.051	0.0802	0.0819	0.0382	0.1171	0.0964	0.0266	0.1993	0.1263
253	0.1296	0.399	0.0672	0.0543	0.0819	0.0513	0.0808	0.082	0.0383	0.1176	0.0964	0.0266	0.1989	0.126
254	0.1296	0.3957	0.0671	0.0543	0.0821	0.0513	0.0809	0.0823	0.0384	0.1181	0.0969	0.0265	0.1977	0.126
255	0.1291	0.3964	0.0676	0.0542	0.0824	0.0514	0.081	0.0824	0.0384	0.1182	0.097	0.0265	0.1987	0.1263
256	0.1281	0.3981	0.0675	0.0544	0.0826	0.0512	0.0803	0.0822	0.0385	0.1181	0.0972	0.0266	0.199	0.1265
257	0.1279	0.3998	0.0672	0.0545	0.0823	0.0517	0.0809	0.0825	0.0388	0.1194	0.0975	0.0265	0.199	0.1264
258	0.1266	0.4001	0.0676	0.0546	0.0827	0.0515	0.0803	0.0823	0.0386	0.1186	0.0973	0.0266	0.1999	0.1267
259	0.127	0.3939	0.0677	0.0546	0.0827	0.0515	0.0803	0.0824	0.0385	0.1181	0.0971	0.0267	0.2005	0.1269
260	0.1271	0.4004	0.0669	0.054	0.0819	0.0509	0.0798	0.0817	0.0384	0.118	0.0967	0.0266	0.1996	0.1263
261	0.1264	0.403	0.067	0.0543	0.082	0.051	0.0794	0.0815	0.0386	0.1184	0.0967	0.0267	0.199	0.1261
262	0.1266	0.3979	0.0673	0.0542	0.0821	0.0512	0.0797	0.0817	0.0382	0.117	0.0963	0.0266	0.1988	0.126
263	0.1264	0.3969	0.0671	0.054	0.0823	0.051	0.0798	0.0819	0.0382	0.1171	0.0965	0.0265	0.1979	0.1259
264	0.1257	0.3968	0.0671	0.0543	0.0822	0.0514	0.0804	0.0822	0.0381	0.1166	0.0964	0.0266	0.1993	0.1264
265	0.1257	0.3989	0.0665	0.0536	0.0814	0.0515	0.0812	0.0822	0.0383	0.1173	0.0964	0.0266	0.1998	0.1263
266	0.1246	0.3965	0.0664	0.0535	0.0812	0.0512	0.0808	0.0819	0.0384	0.1182	0.0966	0.0267	0.2002	0.1264
267	0.1246	0.3929	0.0664	0.0537	0.081	0.0505	0.0798	0.081	0.0383	0.117	0.0959	0.0266	0.1997	0.1258
268	0.1232	0.3931	0.0661	0.0532	0.0809	0.0506	0.0796	0.0812	0.0383	0.1171	0.0961	0.0267	0.2001	0.1261
269	0.1232	0.4015	0.0662	0.0533	0.0811	0.0511	0.0807	0.0818	0.0385	0.118	0.0966	0.0268	0.2006	0.1265
270	0.1235	0.3962	0.0658	0.0535	0.0812	0.0508	0.0803	0.0817	0.0385	0.1179	0.0966	0.0267	0.1996	0.1263
271	0.1221	0.3968	0.0659	0.0535	0.0808	0.051	0.0806	0.0815	0.0383	0.1177	0.0961	0.0267	0.1994	0.1258
272	0.1225	0.3992	0.0661	0.0535	0.0808	0.0509	0.0802	0.0812	0.0383	0.1179	0.096	0.0267	0.1996	0.1258
273	0.1229	0.3931	0.0667	0.0539	0.0811	0.051	0.0801	0.0812	0.0385	0.1175	0.096	0.0267	0.1993	0.1258
274	0.1211	0.3935	0.067	0.0543	0.0825	0.0512	0.0804	0.0823	0.0388	0.1185	0.0973	0.0267	0.1991	0.1267
275	0.122	0.3961	0.0662	0.0533	0.0817	0.0512	0.0803	0.082	0.0386	0.1181	0.0969	0.0266	0.199	0.1263
276	0.1203	0.3878	0.0668	0.0537	0.0822	0.0511	0.0802	0.0822	0.0386	0.1179	0.0971	0.0266	0.1995	0.1266
277	0.1206	0.3933	0.0668	0.0535	0.0825	0.0512	0.0804	0.0826	0.0387	0.1181	0.0976	0.0267	0.1993	0.1271
278	0.1197	0.396	0.0676	0.0547	0.0829	0.0512	0.0808	0.0825	0.0388	0.1184	0.0975	0.0267	0.1999	0.127
279	0.1192	0.4019	0.0672	0.0544	0.0821	0.051	0.0806	0.082	0.0387	0.1185	0.0971	0.0266	0.1992	0.1264
280	0.1182	0.3942	0.0667	0.0542	0.0816	0.0507	0.0802	0.0816	0.0386	0.1184	0.0968	0.0268	0.2003	0.1265
281	0.119	0.3961	0.0664	0.0538	0.0812	0.0511	0.0806	0.0817	0.0384	0.1178	0.0964	0.0268	0.2005	0.1265
282	0.1191	0.3963	0.0661	0.0534	0.0807	0.0514	0.0814	0.0818	0.0386	0.1185	0.0966	0.0268	0.2007	0.1265
283	0.1185	0.3869	0.0669	0.0543	0.0819	0.0518	0.0817	0.0826	0.0387	0.1187	0.0972	0.0268	0.2003	0.127
284	0.1177	0.3947	0.0671	0.0543	0.082	0.0515	0.081	0.0822	0.0388	0.1192	0.0973	0.0268	0.2005	0.127
285	0.1179	0.3948	0.0673	0.0543	0.0823	0.0517	0.0809	0.0824	0.0391	0.1201	0.0978	0.0268	0.1999	0.127
286	0.1171	0.3959	0.0672	0.0543	0.0824	0.0517	0.0813	0.0826	0.039	0.1198	0.0977	0.0268	0.2001	0.1271
287	0.1172	0.3987	0.0675	0.0548	0.0829	0.0515	0.0815	0.0828	0.0389	0.1194	0.0978	0.0268	0.2006	0.1273
288	0.1167	0.3914	0.0667	0.0538	0.082	0.0511	0.0809	0.0821	0.0386	0.1187	0.0971	0.0268	0.2002	0.1268
289	0.1157	0.3946	0.066	0.0534	0.0811	0.0512	0.081	0.0819	0.0384	0.118	0.0965	0.0268	0.1998	0.1263
290	0.116	0.395	0.0655	0.053	0.0805	0.0512	0.0809	0.0817	0.0383	0.1174	0.0961	0.0267	0.1997	0.1261
291	0.1156	0.3889	0.0655	0.053	0.0808	0.0511	0.0806	0.0818	0.0384	0.1179	0.0965	0.0267	0.1995	0.1262
292	0.115	0.3986	0.0663	0.0541	0.0814	0.0511	0.0805	0.0817	0.0384	0.1179	0.0965	0.0268	0.1995	0.1263
293	0.116	0.396	0.0665	0.0544	0.0813	0.0511	0.0806	0.0816	0.0386	0.1183	0.0965	0.0269	0.2007	0.1265
294	0.1154	0.3942	0.0662	0.0535	0.0808	0.051	0.0806	0.0814	0.0385	0.1181	0.0963	0.027	0.2016	0.1266
295	0.1152	0.3935	0.0668	0.0536	0.0814	0.051	0.0804	0.0815	0.0383	0.1176	0.0962	0.0268	0.2002	0.1263
296	0.1143	0.3985	0.066	0.053	0.0806	0.0515	0.0811	0.0817	0.0383	0.1177	0.0959	0.0268	0.1999	0.1259
297	0.1139	0.3907	0.066	0.0533	0.0807	0.0515	0.0811	0.0816	0.0384	0.1181	0.0961	0.0267	0.1994	0.1257
298	0.1129	0.39	0.0662	0.0533	0.0809	0.0513	0.0809	0.0817	0.0384	0.1178	0.0962	0.0267	0.1995	0.126
299	0.1129	0.3931	0.067	0.0538	0.0817	0.0515	0.081	0.082	0.0386	0.1182	0.0966	0.0268	0.1999	0.1264
300	0.1134	0.3957	0.067	0.0541	0.0816	0.0513	0.0806	0.0819	0.0388	0.1191	0.097	0.0268	0.2005	0.1266
301	0.1123	0.3932	0.0672	0.0541	0.0817	0.0515	0.0807	0.0819	0.0386	0.1189	0.0968	0.0268	0.2006	0.1266
302	0.1116	0.3931	0.0676	0.0547	0.0822	0.0513	0.0805	0.0819	0.0389	0.1194	0.0972	0.0267	0.1991	0.1264
303	0.1121	0.3962	0.0677	0.0549	0.0824	0.0514	0.0805	0.082	0.0387	0.1186	0.097	0.0267	0.1996	0.1266
304	0.1117	0.3959	0.0671	0.0543	0.0826	0.052	0.0815	0.083	0.039	0.1193	0.0979	0.0267	0.1994	0.127
305	0.1123	0.3926	0.0668	0.0541	0.0824	0.0519	0.0816	0.083	0.039	0.1199	0.0982	0.0268	0.2007	0.1275
306	0.1118	0.3902	0.0675	0.0546	0.0829	0.0518	0.0815	0.083	0.0389	0.1195	0.098	0.0269	0.2019	0.1279
307	0.1109	0.3954	0.0669	0.0543	0.0824	0.0515	0.0811	0.0827	0.039	0.1203	0.0981	0.0268	0.2012	0.1276
308	0.1102	0.3909	0.0673	0.0545	0.0824	0.0517	0.0811	0.0825	0.0392	0.1211	0.0982	0.0269	0.2022	0.1277
309	0.1105	0.3959	0.0669	0.0541	0.082	0.0515	0.0812	0.0824	0.0393	0.121	0.0982	0.0268	0.2019	0.1274
310	0.1111	0.3941	0.0672	0.0541	0.0821	0.0518	0.0817	0.0826	0.0392	0.1203	0.0979	0.027	0.202	0.1275
311	0.1104	0.395	0.0671	0.0546	0.0822	0.0519	0.082	0.0828	0.039	0.12	0.0978	0.027	0.2029	0.1278
312	0.1092	0.3953	0.0672	0.0543	0.0827	0.0518	0.0819	0.0832	0.039	0.1199	0.0981	0.0271	0.2035	0.1284
313	0.1102	0.3927	0.0677	0.0548	0.0829	0.0521	0.0818	0.0831	0.0388	0.1199	0.0979	0.0271	0.2036	0.1284
314	0.1083	0.3954	0.0679	0.055	0.083	0.0518	0.0819	0.083	0.0387	0.1196	0.0977	0.0272	0.2035	0.1283
315	0.1092	0.3979	0.0676	0.0547	0.0829	0.0518	0.0821	0.0832	0.0387	0.1196	0.0979	0.0271	0.2032	0.1284
316	0.108	0.3914	0.0678	0.0549	0.0828	0.0518	0.0821	0.0829	0.0387	0.1193	0.0975	0.0271	0.203	0.1281
317	0.1084	0.3987	0.0676	0.0546	0.0825	0.0519	0.0822	0.083	0.0386	0.1194	0.0975	0.0271	0.2034	0.1282
318	0.1076	0.3963	0.0674	0.0547	0.0824	0.0516	0.0812	0.0826	0.0387	0.1197	0.0976	0.0271	0.2033	0.1282
319	0.1079	0.3928	0.0677	0.0548	0.0826	0.0514	0.0806	0.0824	0.0387	0.1202	0.0977	0.0271	0.2029	0.1281
320	0.1069	0.3948	0.0674	0.0549	0.0825	0.0517	0.0816	0.0828	0.0387	0.1202	0.0978	0.0272	0.2029	0.1282
321	0.1076	0.3976	0.0673	0.0545	0.0827	0.0512	0.081	0.0826	0.0385	0.1189	0.0976	0.0271	0.2026	0.1282
322	0.1068	0.3945	0.0676	0.0547	0.0827	0.0512	0.0803	0.0822	0.0386	0.119	0.0974	0.027	0.202	0.1277
323	0.1071	0.391	0.0668	0.0539	0.0817	0.0512	0.0806	0.0819	0.0385	0.1182	0.0967	0.0269	0.2015	0.1271
324	0.1067	0.39	0.0667	0.054	0.0816	0.0512	0.0808	0.0819	0.0386	0.1183	0.0967	0.0269	0.2017	0.127
325	0.1055	0.3942	0.0677	0.055	0.0825	0.0513	0.0813	0.0823	0.0387	0.1179	0.0969	0.0268	0.2005	0.127
326	0.1059	0.392	0.068	0.0552	0.0827	0.0518	0.0818	0.0827	0.0387	0.1183	0.0971	0.0269	0.2012	0.1273
327	0.1058	0.3893	0.0679	0.0551	0.0825	0.0517	0.0817	0.0825	0.0388	0.1183	0.0971	0.0269	0.2011	0.1271
328	0.1054	0.3882	0.0677	0.0548	0.0823	0.0519	0.0816	0.0825	0.0388	0.1183	0.097	0.027	0.202	0.1274
329	0.1052	0.391	0.0676	0.0546	0.0821	0.0515	0.081	0.0821	0.0388	0.1186	0.097	0.027	0.2018	0.1272
330	0.1051	0.3947	0.0676	0.0546	0.0821	0.0516	0.081	0.0822	0.0387	0.1183	0.097	0.027	0.2019	0.1273
331	0.1048	0.3932	0.068	0.0549	0.0823	0.0516	0.0811	0.0821	0.0389	0.1188	0.0971	0.027	0.2017	0.1272
332	0.1046	0.392	0.0682	0.0552	0.0825	0.0513	0.0805	0.0819	0.0389	0.1189	0.0973	0.0269	0.2016	0.1272
333	0.1048	0.3931	0.0676	0.0544	0.0824	0.052	0.081	0.0827	0.0388	0.1186	0.0974	0.027	0.2013	0.1276
334	0.1042	0.3881	0.0676	0.0546	0.0822	0.0524	0.082	0.0829	0.0388	0.1187	0.0973	0.027	0.2014	0.1274
335	0.1044	0.3939	0.068	0.0552	0.0823	0.0521	0.0818	0.0825	0.0388	0.1189	0.097	0.0269	0.2013	0.127
336	0.1041	0.395	0.0684	0.0557	0.0828	0.052	0.0816	0.0827	0.0388	0.1186	0.0972	0.0269	0.2013	0.1273
337	0.104	0.3969	0.0673	0.0544	0.0818	0.0523	0.0821	0.0826	0.0387	0.1184	0.0969	0.0269	0.201	0.1269
338	0.1037	0.3909	0.067	0.0538	0.0814	0.0521	0.0818	0.0824	0.0389	0.1191	0.0971	0.0269	0.2017	0.1271
339	0.1031	0.3904	0.0672	0.0537	0.0819	0.0523	0.0822	0.083	0.0391	0.12	0.0978	0.027	0.2026	0.1279
340	0.1025	0.3903	0.0679	0.0542	0.0825	0.0521	0.0821	0.083	0.039	0.1197	0.0978	0.0271	0.2032	0.1282
341	0.1024	0.3922	0.0678	0.054	0.0824	0.0521	0.0819	0.0829	0.0391	0.12	0.0979	0.0272	0.2041	0.1284
342	0.1042	0.3933	0.0679	0.0541	0.0824	0.0523	0.082	0.083	0.0391	0.1201	0.0979	0.0272	0.204	0.1284
343	0.1019	0.3898	0.0679	0.0543	0.0822	0.0526	0.0823	0.083	0.0393	0.1201	0.0979	0.0272	0.2034	0.1281
344	0.1026	0.395	0.068	0.0548	0.0826	0.0523	0.0822	0.0832	0.0394	0.1205	0.0983	0.0271	0.2028	0.1282
345	0.1023	0.3906	0.0679	0.0548	0.0826	0.0521	0.082	0.0829	0.0394	0.1205	0.0982	0.0271	0.203	0.1282
346	0.1018	0.3868	0.0683	0.0549	0.0829	0.0523	0.0822	0.0831	0.0391	0.1197	0.098	0.0272	0.2037	0.1284
347	0.1018	0.3932	0.0679	0.0549	0.0824	0.0519	0.0818	0.0826	0.0391	0.1196	0.0977	0.0272	0.2036	0.1281
348	0.1025	0.3932	0.0676	0.0546	0.082	0.0519	0.0819	0.0824	0.0392	0.1201	0.0977	0.0271	0.2032	0.1278
349	0.1007	0.3922	0.0681	0.0549	0.0825	0.0522	0.0824	0.0828	0.0393	0.1207	0.098	0.0271	0.2036	0.128
350	0.1007	0.3902	0.0676	0.054	0.0819	0.0519	0.082	0.0824	0.039	0.1196	0.0974	0.0271	0.2028	0.1276
351	0.1016	0.3875	0.0673	0.0537	0.0817	0.0519	0.0816	0.0824	0.039	0.1195	0.0974	0.027	0.2024	0.1275
352	0.1013	0.3915	0.0682	0.0543	0.0825	0.0522	0.0818	0.0827	0.0393	0.1201	0.0978	0.027	0.2023	0.1278
353	0.1004	0.3908	0.0685	0.0548	0.0834	0.0522	0.0818	0.0832	0.0393	0.1205	0.0985	0.0271	0.2028	0.1285
354	0.1007	0.3932	0.069	0.0553	0.084	0.0525	0.0824	0.0838	0.0394	0.1209	0.099	0.0272	0.2035	0.1292
355	0.0991	0.3952	0.0693	0.0555	0.0842	0.0526	0.0827	0.0839	0.0393	0.1206	0.0989	0.0273	0.2037	0.1292
356	0.1003	0.3956	0.0692	0.0555	0.084	0.0528	0.0829	0.084	0.0394	0.1207	0.0989	0.0271	0.2034	0.129
357	0.0996	0.393	0.0691	0.0556	0.0841	0.0528	0.0833	0.0843	0.0393	0.1207	0.0989	0.0271	0.2035	0.1291
358	0.1001	0.3913	0.0686	0.0553	0.0837	0.0524	0.0828	0.0839	0.0393	0.1203	0.0988	0.0272	0.204	0.1292
359	0.099	0.397	0.0681	0.055	0.083	0.0522	0.0821	0.0832	0.0392	0.1201	0.0983	0.0272	0.204	0.1287
360	0.0992	0.3985	0.0677	0.0547	0.0824	0.0525	0.0822	0.0831	0.0393	0.1199	0.098	0.0272	0.204	0.1285
361	0.0988	0.3936	0.0676	0.0545	0.0823	0.0524	0.0827	0.0832	0.0393	0.1202	0.0981	0.0273	0.2049	0.1288
362	0.0984	0.4005	0.0678	0.0546	0.0825	0.0525	0.0824	0.0833	0.0393	0.1199	0.0981	0.0273	0.2047	0.1288
363	0.0987	0.3918	0.068	0.0547	0.0825	0.0526	0.0832	0.0834	0.039	0.1191	0.0976	0.0273	0.2044	0.1286
364	0.099	0.3945	0.068	0.0544	0.0824	0.0528	0.0831	0.0834	0.0391	0.119	0.0976	0.0273	0.2043	0.1285
365	0.0989	0.3903	0.0686	0.0549	0.0829	0.0525	0.0822	0.0832	0.0392	0.1193	0.0979	0.0272	0.2038	0.1285
366	0.0975	0.3895	0.0682	0.0548	0.0823	0.0522	0.0821	0.0827	0.0389	0.1187	0.0972	0.0273	0.204	0.1282
367	0.0977	0.3887	0.0683	0.055	0.0824	0.0522	0.0821	0.0826	0.0389	0.1187	0.0971	0.0272	0.2029	0.1278
368	0.0974	0.3932	0.0682	0.0547	0.0821	0.0522	0.082	0.0826	0.0389	0.1186	0.097	0.0271	0.2026	0.1275
369	0.0984	0.3935	0.0685	0.0551	0.0825	0.0522	0.0825	0.0828	0.039	0.1193	0.0974	0.0272	0.2034	0.128
370	0.0968	0.3897	0.0689	0.0554	0.0835	0.0527	0.0832	0.0839	0.0391	0.1196	0.0983	0.0273	0.2046	0.1291
371	0.0972	0.3925	0.069	0.0553	0.0837	0.053	0.0835	0.0843	0.0393	0.1198	0.0986	0.0274	0.2052	0.1295
372	0.0975	0.391	0.0692	0.0555	0.0838	0.0529	0.0835	0.0841	0.0394	0.1205	0.0987	0.0273	0.2047	0.1293
373	0.0979	0.3891	0.0686	0.0552	0.0837	0.0527	0.0831	0.0841	0.0395	0.1207	0.0989	0.0274	0.2047	0.1295
374	0.0975	0.3915	0.0687	0.0551	0.0836	0.0529	0.0837	0.0841	0.0393	0.1201	0.0986	0.0273	0.2047	0.1293
375	0.0966	0.3937	0.069	0.0555	0.0834	0.0532	0.084	0.0841	0.0392	0.1201	0.0983	0.0274	0.2046	0.1291
376	0.0954	0.3933	0.0691	0.0556	0.0835	0.0533	0.0842	0.0843	0.0396	0.1211	0.0988	0.0275	0.2062	0.1296
377	0.0966	0.3885	0.0691	0.0555	0.0834	0.0534	0.0843	0.0844	0.0394	0.1211	0.0987	0.0275	0.206	0.1296
378	0.0968	0.3959	0.0687	0.0555	0.0833	0.0533	0.0842	0.0843	0.0394	0.1209	0.0987	0.0273	0.2049	0.1292
379	0.0965	0.3926	0.069	0.0557	0.0834	0.0531	0.0839	0.0841	0.0395	0.1211	0.0988	0.0274	0.2042	0.1291
380	0.0955	0.3997	0.0694	0.0559	0.0839	0.0532	0.0838	0.0843	0.0395	0.121	0.099	0.0274	0.2048	0.1294
381	0.0953	0.3943	0.0692	0.0556	0.0838	0.053	0.0829	0.0841	0.0394	0.1207	0.0989	0.0272	0.2035	0.129
382	0.0953	0.393	0.069	0.0556	0.0835	0.0527	0.083	0.0838	0.0393	0.1203	0.0985	0.0272	0.2033	0.1288
383	0.0965	0.3924	0.0694	0.0562	0.0837	0.0529	0.0833	0.0839	0.0393	0.1207	0.0986	0.0273	0.204	0.129
384	0.095	0.3946	0.0691	0.0559	0.0836	0.0527	0.0831	0.0838	0.0394	0.1213	0.0989	0.0274	0.2046	0.1293
385	0.0952	0.3914	0.0684	0.0553	0.0831	0.053	0.0835	0.084	0.0396	0.1216	0.099	0.0273	0.2046	0.1292
386	0.0952	0.393	0.0688	0.0556	0.0831	0.0529	0.0839	0.0839	0.0396	0.1213	0.0989	0.0274	0.2047	0.1291
387	0.0942	0.386	0.0686	0.0554	0.0829	0.053	0.0842	0.084	0.0397	0.1214	0.0988	0.0273	0.2045	0.1291
388	0.095	0.3929	0.0689	0.0556	0.0836	0.0528	0.0835	0.0841	0.0396	0.1209	0.0991	0.0274	0.2052	0.1297
389	0.0942	0.3849	0.0685	0.0557	0.0834	0.0526	0.0831	0.0838	0.0395	0.1205	0.0988	0.0274	0.2046	0.1293
390	0.0948	0.3886	0.0689	0.056	0.0833	0.0526	0.0828	0.0834	0.0396	0.121	0.0986	0.0273	0.2042	0.1288
391	0.0946	0.3896	0.0679	0.0548	0.0826	0.052	0.0819	0.0829	0.0396	0.1208	0.0985	0.0273	0.2042	0.1288
392	0.0942	0.3908	0.068	0.0549	0.0826	0.0523	0.0825	0.0832	0.0394	0.1203	0.0982	0.0273	0.2036	0.1286
393	0.0948	0.3899	0.0685	0.0555	0.083	0.0525	0.0828	0.0834	0.0394	0.1199	0.0983	0.0272	0.203	0.1285
394	0.094	0.3873	0.0679	0.0547	0.0824	0.0527	0.0832	0.0834	0.0395	0.1204	0.0983	0.0272	0.203	0.1283
395	0.0937	0.3919	0.0676	0.0546	0.0822	0.0526	0.0833	0.0833	0.0395	0.12	0.0981	0.0272	0.2034	0.1283
396	0.0949	0.3918	0.0674	0.0547	0.082	0.0525	0.0825	0.0831	0.0394	0.1202	0.0981	0.0272	0.2034	0.1283
397	0.0939	0.3909	0.0682	0.055	0.0828	0.0525	0.0828	0.0835	0.0395	0.121	0.0987	0.0273	0.2044	0.129
398	0.094	0.3882	0.0678	0.0551	0.0825	0.0523	0.0828	0.0833	0.0393	0.1202	0.0982	0.0275	0.2061	0.1293
399	0.0931	0.3901	0.0677	0.055	0.0828	0.0529	0.0843	0.0842	0.0393	0.1203	0.0985	0.0274	0.2056	0.1295
400	0.093	0.3891	0.0683	0.055	0.0828	0.053	0.0838	0.0839	0.0395	0.1208	0.0986	0.0276	0.2066	0.1296
401	0.0934	0.3901	0.069	0.0557	0.0833	0.0532	0.0843	0.0841	0.0394	0.1207	0.0985	0.0274	0.2053	0.1293
402	0.0921	0.3873	0.0692	0.056	0.0837	0.0532	0.0839	0.0842	0.0396	0.121	0.0989	0.0274	0.2055	0.1296
403	0.0929	0.3905	0.0689	0.0558	0.0832	0.0532	0.0839	0.084	0.0396	0.1212	0.0987	0.0275	0.2058	0.1295
404	0.0922	0.3948	0.0691	0.0559	0.0835	0.0529	0.0834	0.0838	0.0397	0.1215	0.099	0.0274	0.2055	0.1295
405	0.0925	0.3887	0.0694	0.0564	0.0839	0.0534	0.0841	0.0844	0.0396	0.1212	0.0991	0.0276	0.2061	0.13
406	0.0923	0.3901	0.0692	0.0559	0.0842	0.0534	0.0842	0.0848	0.0397	0.1215	0.0995	0.0274	0.2051	0.13
407	0.0921	0.3935	0.0694	0.056	0.0846	0.053	0.0832	0.0846	0.0397	0.1213	0.0997	0.0274	0.2047	0.1301
408	0.0921	0.3939	0.0696	0.0562	0.0845	0.0531	0.0833	0.0845	0.0396	0.121	0.0994	0.0274	0.2051	0.1299
409	0.0921	0.3907	0.0699	0.0562	0.0843	0.0532	0.0834	0.0844	0.0397	0.1213	0.0993	0.0274	0.2048	0.1296
410	0.0916	0.3888	0.07	0.0566	0.0849	0.0532	0.0836	0.0847	0.0398	0.1212	0.0997	0.0274	0.2052	0.1301
411	0.0926	0.388	0.0703	0.0563	0.0848	0.0532	0.0835	0.0846	0.0399	0.1218	0.0998	0.0274	0.2051	0.13
412	0.0916	0.3909	0.0701	0.0559	0.0844	0.0536	0.0844	0.0849	0.0401	0.1226	0.1	0.0274	0.2054	0.13
413	0.0915	0.3924	0.0699	0.056	0.0845	0.0535	0.0838	0.0848	0.04	0.1223	0.1	0.0275	0.2063	0.1304
414	0.0915	0.3946	0.0697	0.056	0.0844	0.053	0.0828	0.0842	0.0399	0.1222	0.0997	0.0274	0.2059	0.1301
415	0.0924	0.3945	0.0696	0.0559	0.0844	0.0533	0.0835	0.0846	0.0398	0.1218	0.0997	0.0273	0.2054	0.13
416	0.0915	0.3926	0.0695	0.0554	0.0838	0.0533	0.0836	0.0842	0.0399	0.1218	0.0993	0.0274	0.206	0.1297
417	0.0911	0.3897	0.0693	0.0552	0.0835	0.0533	0.0837	0.0841	0.0397	0.1212	0.0989	0.0273	0.2053	0.1293
418	0.091	0.3949	0.0689	0.0551	0.0833	0.0532	0.0838	0.0842	0.0399	0.1218	0.0993	0.0274	0.206	0.1298
419	0.091	0.3883	0.0688	0.0555	0.0836	0.0529	0.083	0.084	0.04	0.1223	0.0996	0.0275	0.2057	0.13
420	0.0904	0.3879	0.069	0.056	0.0841	0.053	0.0834	0.0843	0.0401	0.1227	0.0999	0.0276	0.2068	0.1305
421	0.0907	0.3898	0.0685	0.0555	0.0833	0.0532	0.0834	0.0841	0.04	0.1225	0.0996	0.0277	0.2074	0.1303
422	0.0911	0.3911	0.068	0.0554	0.0828	0.053	0.0834	0.0837	0.0397	0.1219	0.0989	0.0275	0.2065	0.1297
423	0.0903	0.3891	0.0682	0.0557	0.0829	0.0528	0.083	0.0834	0.0396	0.1214	0.0986	0.0276	0.2069	0.1296
424	0.0905	0.3932	0.0679	0.0552	0.0822	0.0527	0.0832	0.0831	0.0394	0.1203	0.0979	0.0276	0.2059	0.1291
425	0.09	0.3868	0.0684	0.0552	0.0826	0.0525	0.083	0.0831	0.0395	0.1208	0.0983	0.0275	0.2056	0.1292
426	0.0897	0.3845	0.0687	0.0556	0.083	0.0528	0.0835	0.0835	0.0395	0.1205	0.0983	0.0277	0.2062	0.1296
427	0.0895	0.3908	0.0684	0.0556	0.0827	0.0531	0.0834	0.0836	0.0393	0.1204	0.0981	0.0277	0.2067	0.1296
428	0.091	0.3853	0.0681	0.0552	0.0824	0.0533	0.0837	0.0837	0.0392	0.12	0.0979	0.0278	0.208	0.13
429	0.0895	0.3894	0.0684	0.0554	0.0825	0.0534	0.0842	0.0838	0.0393	0.1204	0.098	0.0278	0.2075	0.1298
430	0.0901	0.3899	0.0686	0.0553	0.0826	0.0532	0.0837	0.0836	0.0395	0.1211	0.0983	0.0278	0.2074	0.1299
431	0.09	0.3889	0.0689	0.0558	0.083	0.0533	0.084	0.0839	0.0395	0.1212	0.0986	0.0278	0.2075	0.1302
432	0.0897	0.392	0.069	0.0557	0.0835	0.0536	0.0842	0.0845	0.0396	0.1214	0.0991	0.0278	0.2081	0.1306
433	0.0889	0.3851	0.0695	0.0566	0.0839	0.0537	0.0846	0.0845	0.0395	0.1208	0.0988	0.0278	0.2078	0.1305
434	0.0899	0.3939	0.0694	0.0563	0.0836	0.0536	0.0847	0.0844	0.0395	0.121	0.0987	0.0277	0.2075	0.1302
435	0.09	0.3891	0.0687	0.0555	0.0828	0.0532	0.084	0.0838	0.0395	0.1211	0.0985	0.0277	0.2072	0.1299
436	0.09	0.3932	0.0689	0.0558	0.0832	0.0531	0.084	0.0839	0.0397	0.121	0.0987	0.0277	0.2072	0.13
437	0.089	0.3978	0.0693	0.0562	0.0839	0.0532	0.0841	0.0843	0.0397	0.1209	0.099	0.0276	0.2071	0.1302
438	0.089	0.3931	0.07	0.0567	0.0848	0.0536	0.085	0.0851	0.0397	0.1209	0.0994	0.0276	0.2064	0.1305
439	0.0903	0.3858	0.07	0.0569	0.085	0.0536	0.0847	0.0852	0.0397	0.1211	0.0996	0.0276	0.2067	0.1308
440	0.0887	0.3946	0.0698	0.0562	0.0846	0.0534	0.0844	0.0849	0.0399	0.1219	0.0998	0.0276	0.2064	0.1305
441	0.0884	0.3931	0.0701	0.0566	0.0844	0.0535	0.0845	0.0847	0.0397	0.1213	0.0993	0.0276	0.2066	0.1302
442	0.0887	0.3931	0.0701	0.0564	0.0844	0.0534	0.0842	0.0846	0.0396	0.1211	0.0991	0.0276	0.207	0.1303
443	0.0887	0.3899	0.0699	0.0561	0.084	0.0536	0.0841	0.0844	0.0396	0.1212	0.099	0.0276	0.2069	0.1301
444	0.0884	0.396	0.0694	0.0557	0.084	0.0539	0.0845	0.0849	0.0398	0.1218	0.0995	0.0276	0.207	0.1303
445	0.0886	0.3932	0.0695	0.0557	0.0841	0.0539	0.0846	0.085	0.0397	0.1216	0.0995	0.0276	0.2071	0.1305
446	0.0883	0.3882	0.0692	0.0556	0.0838	0.054	0.0854	0.0852	0.0401	0.1222	0.0998	0.0277	0.2085	0.1309
447	0.0884	0.3941	0.0695	0.0562	0.0842	0.0539	0.0855	0.0853	0.04	0.1223	0.0999	0.0277	0.2082	0.1309
448	0.0882	0.3871	0.0694	0.0562	0.0838	0.0532	0.084	0.0842	0.0399	0.1222	0.0994	0.0275	0.2072	0.1302
449	0.0884	0.3928	0.0695	0.0563	0.0834	0.0529	0.0834	0.0836	0.04	0.1221	0.099	0.0276	0.2069	0.1297
450	0.0879	0.3901	0.0694	0.0559	0.0833	0.0529	0.0836	0.0837	0.0398	0.1216	0.0988	0.0276	0.2072	0.1298
451	0.0895	0.3892	0.07	0.0564	0.0841	0.0532	0.084	0.0843	0.0399	0.1221	0.0993	0.0277	0.2073	0.1303
452	0.0893	0.3873	0.0696	0.0566	0.0842	0.0534	0.0844	0.0847	0.0399	0.1224	0.0998	0.0277	0.208	0.1309
453	0.0887	0.3934	0.0695	0.0564	0.0842	0.0535	0.0845	0.0848	0.04	0.1223	0.0997	0.0277	0.2079	0.1308
454	0.0882	0.3933	0.0699	0.0563	0.0846	0.0536	0.0845	0.085	0.0399	0.1222	0.0999	0.0277	0.2081	0.1311
455	0.0878	0.3839	0.0702	0.0565	0.0848	0.0535	0.0845	0.0851	0.0396	0.1213	0.0996	0.0277	0.2081	0.1311
456	0.0874	0.3856	0.0707	0.0569	0.0854	0.0537	0.0849	0.0855	0.0398	0.1217	0.1001	0.0277	0.2081	0.1314
457	0.0884	0.3879	0.0699	0.0562	0.0846	0.0537	0.0848	0.0853	0.04	0.1222	0.1001	0.0278	0.2085	0.1314
458	0.0874	0.3976	0.07	0.0564	0.0844	0.0538	0.0854	0.0852	0.0398	0.1217	0.0996	0.0278	0.2078	0.1309
459	0.0873	0.3944	0.0689	0.0553	0.083	0.0532	0.0847	0.0842	0.0398	0.1216	0.0989	0.0277	0.2076	0.1302
460	0.0876	0.3864	0.0685	0.0547	0.0823	0.0531	0.0846	0.0837	0.0397	0.1211	0.0984	0.0277	0.2075	0.1298
461	0.0876	0.3947	0.0686	0.0547	0.0823	0.0535	0.0852	0.0841	0.0397	0.1216	0.0987	0.0278	0.2087	0.1302
462	0.0884	0.3873	0.0683	0.0545	0.082	0.0537	0.0855	0.0841	0.0399	0.1219	0.0987	0.0278	0.2087	0.13
463	0.0871	0.3922	0.0692	0.0553	0.0832	0.0535	0.0852	0.0844	0.0399	0.1219	0.099	0.0279	0.209	0.1307
464	0.0871	0.4009	0.0685	0.0549	0.0829	0.0537	0.085	0.0847	0.0399	0.1226	0.0995	0.028	0.2093	0.1311
465	0.0867	0.3896	0.0685	0.055	0.0829	0.0536	0.0847	0.0845	0.04	0.1225	0.0995	0.0279	0.2092	0.131
466	0.0878	0.395	0.0687	0.0555	0.0825	0.0534	0.084	0.0837	0.04	0.1222	0.0988	0.0278	0.2085	0.1302
467	0.0865	0.3926	0.0685	0.0551	0.0824	0.0534	0.0838	0.0836	0.04	0.1222	0.0989	0.0278	0.2082	0.1301
468	0.0869	0.3903	0.0691	0.0555	0.0827	0.0535	0.084	0.0838	0.0398	0.1217	0.0987	0.0278	0.2079	0.13
469	0.0874	0.3916	0.0688	0.0553	0.0823	0.0537	0.084	0.0836	0.0397	0.1212	0.0982	0.0277	0.2072	0.1296
470	0.0863	0.3911	0.0684	0.0553	0.0822	0.0534	0.084	0.0835	0.0397	0.1209	0.0982	0.0277	0.208	0.1298
471	0.0865	0.3914	0.0687	0.0553	0.0825	0.0537	0.0845	0.0839	0.0396	0.1206	0.0982	0.0278	0.2086	0.13
472	0.087	0.3893	0.0687	0.0554	0.0827	0.0538	0.0851	0.0842	0.0398	0.1214	0.0987	0.0278	0.2085	0.1301
473	0.0865	0.3877	0.0687	0.0554	0.0826	0.0535	0.0841	0.0838	0.0399	0.1217	0.0987	0.0278	0.2084	0.1301
474	0.0859	0.3906	0.0688	0.0556	0.0826	0.0529	0.083	0.0832	0.0397	0.1212	0.0984	0.0278	0.2084	0.13
475	0.0865	0.3981	0.0687	0.0554	0.0831	0.0527	0.0826	0.0834	0.0397	0.1213	0.0988	0.0277	0.208	0.1302
476	0.0861	0.3908	0.0689	0.0556	0.0831	0.0527	0.0833	0.0835	0.0396	0.1209	0.0986	0.0277	0.208	0.1301
477	0.0858	0.3965	0.0689	0.0559	0.0828	0.0528	0.0832	0.0832	0.0396	0.1212	0.0983	0.0277	0.2075	0.1297
478	0.0853	0.3926	0.0692	0.0562	0.0832	0.0531	0.0832	0.0835	0.0397	0.1215	0.0986	0.0277	0.2075	0.1299
479	0.0869	0.3865	0.0692	0.0561	0.083	0.0528	0.0828	0.0832	0.0395	0.1207	0.0981	0.0277	0.2071	0.1296
480	0.0857	0.3925	0.0688	0.056	0.0829	0.0526	0.0826	0.0831	0.0397	0.1211	0.0984	0.0277	0.2076	0.1297
481	0.0864	0.3903	0.0681	0.0555	0.0823	0.0527	0.082	0.0828	0.0396	0.1209	0.0981	0.0276	0.207	0.1293
482	0.0856	0.3918	0.0682	0.0551	0.0823	0.0529	0.0827	0.083	0.0396	0.1209	0.0981	0.0276	0.2068	0.1292
483	0.0854	0.3891	0.068	0.0549	0.0821	0.0529	0.0831	0.0832	0.0397	0.1209	0.0983	0.0276	0.2067	0.1294
484	0.0859	0.3916	0.0683	0.0552	0.0824	0.0529	0.0832	0.0832	0.0398	0.1212	0.0984	0.0277	0.2081	0.1298
485	0.0858	0.3899	0.0678	0.0549	0.0819	0.0526	0.0828	0.0829	0.0399	0.1218	0.0984	0.0278	0.2085	0.1299
486	0.0845	0.3909	0.0686	0.0555	0.0822	0.0526	0.0829	0.0828	0.0398	0.1215	0.0982	0.0277	0.2076	0.1295
487	0.086	0.3952	0.0692	0.0557	0.0827	0.0526	0.0832	0.083	0.0397	0.121	0.0982	0.0278	0.2083	0.1298
488	0.0853	0.3929	0.0686	0.0548	0.0823	0.0528	0.0833	0.0831	0.0396	0.121	0.0982	0.0278	0.2083	0.1298
489	0.086	0.396	0.0688	0.0549	0.0826	0.0534	0.0842	0.0838	0.0396	0.1206	0.0983	0.0277	0.2075	0.1298
490	0.0854	0.3938	0.0691	0.0554	0.0831	0.0535	0.0845	0.0841	0.0398	0.1214	0.0987	0.0278	0.2081	0.1301
491	0.0849	0.3935	0.0693	0.0554	0.0831	0.0536	0.0847	0.0842	0.0398	0.1219	0.0989	0.0277	0.2073	0.1299
492	0.0848	0.3887	0.0693	0.0552	0.0831	0.0536	0.0848	0.0842	0.04	0.1221	0.099	0.0277	0.2073	0.1299
493	0.0862	0.3923	0.0698	0.0559	0.084	0.0538	0.0848	0.0848	0.04	0.1223	0.0996	0.0278	0.2084	0.1308
494	0.085	0.397	0.07	0.0561	0.0843	0.0535	0.0841	0.0846	0.0401	0.1224	0.0998	0.0279	0.209	0.1312
495	0.0852	0.3939	0.0701	0.056	0.0844	0.0537	0.0849	0.085	0.0401	0.1228	0.1	0.0279	0.2097	0.1314
496	0.085	0.3964	0.0704	0.0562	0.0847	0.054	0.0854	0.0853	0.0403	0.1239	0.1004	0.0279	0.2095	0.1315
497	0.0858	0.395	0.0703	0.0566	0.0848	0.0544	0.0861	0.0857	0.0404	0.1241	0.1006	0.0278	0.2088	0.1314
498	0.0849	0.3939	0.0708	0.0568	0.085	0.0542	0.0861	0.0857	0.0404	0.1239	0.1006	0.0278	0.2084	0.1313
499	0.0849	0.3933	0.0707	0.0567	0.0847	0.054	0.0856	0.0852	0.0405	0.1247	0.1006	0.0279	0.2101	0.1316
500	0.085	0.3887	0.0698	0.0562	0.0844	0.0538	0.0852	0.0851	0.0405	0.1245	0.1006	0.0278	0.2096	0.1315
