{"n_layers": 0, "device": "cuda", "batch_size": 2048, "embedding_dim": 1024, "learning_rate": 0.001, "dataset": "dbbook", "epochs": 150, "top_k": 50, "multimodal": true, "datasets": {"dbbook": ["images", "text"], "ml1m": ["audio", "images", "text", "video"]}}
Epoch	Loss	Recall	Precision	NDCG
1	0.6920	0.0161	0.0020	0.0081
2	0.5798	0.0259	0.0031	0.0138
3	0.4975	0.0361	0.0043	0.0210
4	0.4288	0.0447	0.0053	0.0277
5	0.3714	0.0521	0.0063	0.0332
6	0.3218	0.0574	0.0069	0.0378
7	0.2798	0.0629	0.0077	0.0417
8	0.2443	0.0690	0.0084	0.0460
9	0.2142	0.0737	0.0091	0.0499
10	0.1886	0.0791	0.0097	0.0535
11	0.1667	0.0839	0.0104	0.0572
12	0.1477	0.0877	0.0109	0.0602
13	0.1311	0.0914	0.0114	0.0631
14	0.1176	0.0958	0.0120	0.0660
15	0.1059	0.0997	0.0126	0.0688
16	0.0954	0.1040	0.0131	0.0718
17	0.0860	0.1078	0.0136	0.0742
18	0.0784	0.1109	0.0141	0.0763
19	0.0717	0.1139	0.0145	0.0783
20	0.0654	0.1167	0.0149	0.0802
21	0.0603	0.1190	0.0152	0.0817
22	0.0555	0.1217	0.0155	0.0835
23	0.0517	0.1245	0.0159	0.0853
24	0.0483	0.1266	0.0162	0.0868
25	0.0445	0.1284	0.0164	0.0881
26	0.0418	0.1308	0.0167	0.0896
27	0.0386	0.1320	0.0169	0.0906
28	0.0361	0.1344	0.0172	0.0919
29	0.0341	0.1362	0.0174	0.0930
30	0.0319	0.1377	0.0177	0.0941
31	0.0303	0.1390	0.0179	0.0948
32	0.0285	0.1408	0.0181	0.0958
33	0.0270	0.1421	0.0183	0.0968
34	0.0258	0.1432	0.0185	0.0977
35	0.0243	0.1439	0.0186	0.0982
36	0.0233	0.1453	0.0188	0.0991
37	0.0222	0.1460	0.0188	0.0998
38	0.0216	0.1470	0.0190	0.1005
39	0.0204	0.1476	0.0191	0.1009
40	0.0195	0.1489	0.0192	0.1014
41	0.0187	0.1497	0.0194	0.1022
42	0.0181	0.1505	0.0194	0.1027
43	0.0176	0.1511	0.0195	0.1032
44	0.0170	0.1520	0.0196	0.1038
45	0.0163	0.1527	0.0197	0.1042
46	0.0159	0.1538	0.0199	0.1047
47	0.0158	0.1541	0.0199	0.1050
48	0.0149	0.1546	0.0200	0.1052
49	0.0145	0.1554	0.0201	0.1059
50	0.0144	0.1562	0.0202	0.1065
51	0.0138	0.1571	0.0203	0.1070
52	0.0129	0.1580	0.0204	0.1074
53	0.0127	0.1590	0.0205	0.1080
54	0.0126	0.1593	0.0206	0.1083
55	0.0122	0.1600	0.0207	0.1086
56	0.0116	0.1604	0.0207	0.1088
57	0.0117	0.1610	0.0208	0.1092
58	0.0112	0.1615	0.0209	0.1096
59	0.0111	0.1621	0.0209	0.1098
60	0.0108	0.1627	0.0210	0.1102
61	0.0105	0.1630	0.0211	0.1104
62	0.0100	0.1638	0.0212	0.1109
63	0.0102	0.1637	0.0212	0.1110
64	0.0100	0.1643	0.0213	0.1113
65	0.0096	0.1646	0.0213	0.1116
66	0.0097	0.1652	0.0214	0.1117
67	0.0095	0.1654	0.0214	0.1119
68	0.0089	0.1659	0.0214	0.1118
69	0.0091	0.1671	0.0215	0.1121
70	0.0092	0.1675	0.0216	0.1123
71	0.0085	0.1677	0.0216	0.1125
72	0.0085	0.1679	0.0216	0.1126
73	0.0082	0.1679	0.0217	0.1127
74	0.0084	0.1678	0.0217	0.1129
75	0.0085	0.1681	0.0217	0.1131
76	0.0080	0.1688	0.0218	0.1135
77	0.0082	0.1691	0.0219	0.1136
78	0.0081	0.1693	0.0219	0.1137
79	0.0078	0.1694	0.0219	0.1140
80	0.0079	0.1695	0.0219	0.1141
81	0.0077	0.1700	0.0220	0.1144
82	0.0077	0.1702	0.0220	0.1145
83	0.0075	0.1706	0.0221	0.1146
84	0.0076	0.1710	0.0221	0.1147
85	0.0071	0.1712	0.0221	0.1148
86	0.0073	0.1716	0.0222	0.1149
87	0.0070	0.1717	0.0222	0.1151
88	0.0068	0.1723	0.0223	0.1152
89	0.0074	0.1724	0.0223	0.1152
90	0.0069	0.1724	0.0223	0.1153
91	0.0068	0.1725	0.0223	0.1153
92	0.0070	0.1724	0.0223	0.1153
93	0.0066	0.1726	0.0223	0.1154
94	0.0067	0.1730	0.0224	0.1156
95	0.0069	0.1730	0.0224	0.1158
96	0.0066	0.1736	0.0225	0.1162
97	0.0064	0.1736	0.0225	0.1162
98	0.0063	0.1737	0.0225	0.1165
99	0.0065	0.1743	0.0226	0.1166
100	0.0064	0.1741	0.0226	0.1165
101	0.0058	0.1741	0.0226	0.1165
102	0.0065	0.1741	0.0226	0.1166
103	0.0060	0.1746	0.0226	0.1169
104	0.0060	0.1754	0.0227	0.1172
105	0.0061	0.1756	0.0227	0.1173
106	0.0063	0.1761	0.0228	0.1174
107	0.0060	0.1761	0.0228	0.1173
108	0.0058	0.1762	0.0228	0.1173
109	0.0057	0.1759	0.0228	0.1174
110	0.0058	0.1762	0.0228	0.1176
111	0.0063	0.1761	0.0228	0.1174
112	0.0055	0.1764	0.0228	0.1176
113	0.0058	0.1765	0.0228	0.1177
114	0.0058	0.1763	0.0228	0.1176
115	0.0059	0.1763	0.0228	0.1177
116	0.0059	0.1760	0.0228	0.1178
117	0.0056	0.1760	0.0228	0.1179
118	0.0060	0.1765	0.0228	0.1181
119	0.0057	0.1765	0.0228	0.1182
120	0.0054	0.1766	0.0229	0.1183
121	0.0054	0.1766	0.0228	0.1182
122	0.0059	0.1763	0.0228	0.1182
123	0.0057	0.1762	0.0229	0.1182
124	0.0060	0.1766	0.0229	0.1186
125	0.0060	0.1769	0.0229	0.1186
126	0.0059	0.1769	0.0229	0.1187
127	0.0059	0.1775	0.0230	0.1189
128	0.0055	0.1773	0.0230	0.1189
129	0.0060	0.1776	0.0230	0.1190
130	0.0056	0.1779	0.0230	0.1191
131	0.0054	0.1779	0.0230	0.1191
132	0.0058	0.1777	0.0231	0.1190
133	0.0055	0.1780	0.0231	0.1190
134	0.0056	0.1779	0.0231	0.1191
135	0.0058	0.1780	0.0231	0.1191
136	0.0055	0.1782	0.0231	0.1192
137	0.0055	0.1781	0.0231	0.1191
138	0.0051	0.1777	0.0231	0.1189
139	0.0056	0.1774	0.0231	0.1191
140	0.0058	0.1775	0.0231	0.1191
141	0.0055	0.1778	0.0231	0.1194
142	0.0056	0.1783	0.0232	0.1194
143	0.0061	0.1782	0.0232	0.1192
144	0.0053	0.1780	0.0232	0.1191
145	0.0055	0.1783	0.0232	0.1193
146	0.0054	0.1785	0.0232	0.1195
147	0.0051	0.1783	0.0232	0.1194
148	0.0053	0.1790	0.0233	0.1197
149	0.0053	0.1796	0.0233	0.1199
150	0.0048	0.1798	0.0234	0.1202
