{"n_layers": 0, "device": "cuda", "batch_size": 2048, "embedding_dim": 1024, "learning_rate": 0.001, "dataset": "dbbook", "epochs": 150, "top_k": 50, "multimodal": true, "datasets": {"dbbook": ["images", "text"], "ml1m": ["audio", "images", "text", "video"]}}
Epoch	Loss	Recall	Precision	NDCG
1	0.6929	0.0197	0.0025	0.0103
2	0.6824	0.0422	0.0055	0.0268
3	0.6708	0.0831	0.0109	0.0550
4	0.6541	0.1289	0.0173	0.0845
5	0.6288	0.1594	0.0216	0.1020
6	0.5925	0.1748	0.0239	0.1107
7	0.5439	0.1849	0.0253	0.1155
8	0.4861	0.1891	0.0260	0.1181
9	0.4246	0.1909	0.0264	0.1192
10	0.3653	0.1937	0.0268	0.1208
11	0.3132	0.1961	0.0271	0.1219
12	0.2688	0.1970	0.0273	0.1225
13	0.2328	0.1998	0.0276	0.1239
14	0.2016	0.2007	0.0277	0.1245
15	0.1765	0.1999	0.0277	0.1252
16	0.1540	0.2021	0.0280	0.1263
17	0.1382	0.2040	0.0282	0.1275
18	0.1231	0.2061	0.0284	0.1286
19	0.1096	0.2085	0.0287	0.1300
20	0.0978	0.2099	0.0288	0.1304
21	0.0890	0.2111	0.0289	0.1313
22	0.0805	0.2128	0.0291	0.1321
23	0.0721	0.2133	0.0292	0.1325
24	0.0667	0.2150	0.0293	0.1333
25	0.0619	0.2161	0.0294	0.1340
26	0.0570	0.2178	0.0295	0.1348
27	0.0520	0.2181	0.0296	0.1356
28	0.0484	0.2189	0.0297	0.1367
29	0.0451	0.2199	0.0299	0.1372
30	0.0418	0.2208	0.0299	0.1377
31	0.0396	0.2213	0.0299	0.1382
32	0.0369	0.2214	0.0299	0.1387
33	0.0346	0.2223	0.0300	0.1386
34	0.0327	0.2223	0.0300	0.1390
35	0.0306	0.2229	0.0301	0.1393
36	0.0293	0.2233	0.0301	0.1393
37	0.0279	0.2239	0.0302	0.1399
38	0.0264	0.2249	0.0303	0.1402
39	0.0254	0.2248	0.0303	0.1401
40	0.0242	0.2247	0.0303	0.1403
41	0.0231	0.2253	0.0303	0.1408
42	0.0223	0.2251	0.0303	0.1409
43	0.0222	0.2252	0.0303	0.1408
44	0.0203	0.2252	0.0303	0.1408
45	0.0198	0.2258	0.0303	0.1406
46	0.0185	0.2259	0.0304	0.1407
47	0.0191	0.2260	0.0304	0.1411
48	0.0179	0.2270	0.0305	0.1418
49	0.0174	0.2270	0.0305	0.1420
50	0.0169	0.2267	0.0305	0.1422
51	0.0165	0.2268	0.0305	0.1423
52	0.0154	0.2274	0.0305	0.1427
53	0.0158	0.2280	0.0305	0.1427
54	0.0153	0.2285	0.0306	0.1431
55	0.0145	0.2290	0.0307	0.1433
56	0.0145	0.2290	0.0306	0.1434
57	0.0139	0.2284	0.0306	0.1434
58	0.0136	0.2280	0.0305	0.1431
59	0.0132	0.2283	0.0305	0.1432
60	0.0136	0.2283	0.0305	0.1433
61	0.0124	0.2289	0.0306	0.1434
62	0.0127	0.2287	0.0306	0.1434
63	0.0126	0.2299	0.0307	0.1438
64	0.0120	0.2302	0.0307	0.1440
65	0.0117	0.2303	0.0307	0.1436
66	0.0120	0.2299	0.0306	0.1435
67	0.0117	0.2300	0.0306	0.1436
68	0.0110	0.2297	0.0306	0.1436
69	0.0113	0.2302	0.0306	0.1437
70	0.0110	0.2296	0.0306	0.1437
71	0.0107	0.2295	0.0306	0.1436
72	0.0107	0.2298	0.0306	0.1436
73	0.0106	0.2298	0.0305	0.1434
74	0.0105	0.2300	0.0306	0.1433
75	0.0100	0.2296	0.0305	0.1433
76	0.0106	0.2300	0.0306	0.1437
77	0.0101	0.2298	0.0306	0.1438
78	0.0099	0.2303	0.0306	0.1440
79	0.0098	0.2302	0.0306	0.1443
80	0.0095	0.2301	0.0307	0.1443
81	0.0096	0.2300	0.0307	0.1446
82	0.0098	0.2299	0.0307	0.1445
83	0.0098	0.2301	0.0307	0.1449
84	0.0093	0.2291	0.0306	0.1444
85	0.0093	0.2298	0.0306	0.1445
86	0.0090	0.2297	0.0306	0.1444
87	0.0093	0.2296	0.0306	0.1443
88	0.0084	0.2289	0.0305	0.1442
89	0.0088	0.2292	0.0305	0.1441
90	0.0092	0.2298	0.0306	0.1443
91	0.0090	0.2298	0.0306	0.1440
92	0.0086	0.2305	0.0307	0.1447
93	0.0090	0.2306	0.0307	0.1447
94	0.0092	0.2315	0.0307	0.1448
95	0.0087	0.2309	0.0306	0.1443
96	0.0084	0.2311	0.0307	0.1442
97	0.0081	0.2310	0.0307	0.1442
98	0.0086	0.2300	0.0306	0.1441
99	0.0085	0.2298	0.0305	0.1441
100	0.0080	0.2299	0.0305	0.1445
101	0.0079	0.2302	0.0306	0.1445
102	0.0082	0.2305	0.0306	0.1446
103	0.0083	0.2305	0.0306	0.1449
104	0.0080	0.2310	0.0307	0.1447
105	0.0079	0.2307	0.0306	0.1446
106	0.0081	0.2309	0.0306	0.1450
107	0.0085	0.2312	0.0306	0.1451
108	0.0079	0.2307	0.0306	0.1447
109	0.0079	0.2304	0.0306	0.1446
110	0.0076	0.2308	0.0306	0.1447
111	0.0078	0.2305	0.0305	0.1448
112	0.0077	0.2307	0.0306	0.1450
113	0.0080	0.2313	0.0306	0.1453
114	0.0077	0.2310	0.0306	0.1453
115	0.0075	0.2308	0.0306	0.1449
116	0.0078	0.2312	0.0307	0.1448
117	0.0080	0.2306	0.0306	0.1448
118	0.0079	0.2311	0.0307	0.1448
119	0.0080	0.2308	0.0306	0.1446
120	0.0075	0.2315	0.0306	0.1448
121	0.0077	0.2317	0.0306	0.1451
122	0.0072	0.2319	0.0307	0.1450
123	0.0077	0.2312	0.0307	0.1450
124	0.0072	0.2311	0.0306	0.1452
125	0.0075	0.2312	0.0307	0.1449
126	0.0077	0.2313	0.0307	0.1451
127	0.0077	0.2317	0.0307	0.1454
128	0.0076	0.2313	0.0306	0.1453
129	0.0080	0.2314	0.0306	0.1454
130	0.0077	0.2311	0.0306	0.1453
131	0.0073	0.2310	0.0305	0.1450
132	0.0076	0.2308	0.0305	0.1451
133	0.0071	0.2313	0.0306	0.1453
134	0.0073	0.2306	0.0305	0.1451
135	0.0077	0.2300	0.0305	0.1446
136	0.0074	0.2297	0.0304	0.1444
137	0.0071	0.2293	0.0304	0.1442
138	0.0070	0.2291	0.0304	0.1440
139	0.0070	0.2287	0.0303	0.1436
140	0.0071	0.2292	0.0304	0.1437
141	0.0071	0.2286	0.0303	0.1434
142	0.0075	0.2287	0.0304	0.1435
143	0.0075	0.2281	0.0303	0.1433
144	0.0070	0.2283	0.0303	0.1437
145	0.0070	0.2282	0.0303	0.1441
146	0.0072	0.2284	0.0304	0.1444
147	0.0070	0.2289	0.0304	0.1444
148	0.0071	0.2287	0.0303	0.1440
149	0.0070	0.2291	0.0303	0.1440
150	0.0076	0.2289	0.0303	0.1442
