{"n_layers": 0, "device": "cuda", "batch_size": 2048, "embedding_dim": 512, "learning_rate": 0.001, "dataset": "dbbook", "epochs": 150, "top_k": 50, "multimodal": false, "datasets": {"dbbook": ["images", "text"], "ml1m": ["audio", "images", "text", "video"]}}
Epoch	Loss	Recall	Precision	NDCG
1	0.6932	0.0112	0.0015	0.0052
2	0.6853	0.0181	0.0024	0.0089
3	0.6761	0.0428	0.0058	0.0260
4	0.6619	0.0860	0.0117	0.0545
5	0.6392	0.1233	0.0169	0.0770
6	0.6049	0.1467	0.0204	0.0912
7	0.5575	0.1605	0.0224	0.0990
8	0.4990	0.1684	0.0234	0.1027
9	0.4355	0.1730	0.0242	0.1061
10	0.3733	0.1758	0.0245	0.1082
11	0.3180	0.1782	0.0249	0.1101
12	0.2706	0.1802	0.0252	0.1118
13	0.2317	0.1825	0.0254	0.1136
14	0.1999	0.1832	0.0255	0.1144
15	0.1736	0.1863	0.0258	0.1159
16	0.1515	0.1873	0.0260	0.1168
17	0.1326	0.1898	0.0263	0.1182
18	0.1166	0.1915	0.0264	0.1194
19	0.1034	0.1927	0.0265	0.1201
20	0.0925	0.1945	0.0267	0.1212
21	0.0824	0.1948	0.0267	0.1221
22	0.0753	0.1959	0.0269	0.1228
23	0.0676	0.1970	0.0270	0.1236
24	0.0605	0.1979	0.0271	0.1241
25	0.0556	0.1990	0.0272	0.1246
26	0.0507	0.1989	0.0272	0.1248
27	0.0466	0.1997	0.0273	0.1253
28	0.0441	0.2012	0.0274	0.1259
29	0.0401	0.2012	0.0274	0.1261
30	0.0371	0.2013	0.0274	0.1260
31	0.0348	0.2021	0.0275	0.1264
32	0.0324	0.2024	0.0275	0.1266
33	0.0308	0.2029	0.0275	0.1268
34	0.0289	0.2030	0.0275	0.1271
35	0.0273	0.2037	0.0276	0.1272
36	0.0252	0.2044	0.0276	0.1275
37	0.0242	0.2044	0.0276	0.1279
38	0.0230	0.2039	0.0276	0.1280
39	0.0220	0.2048	0.0276	0.1284
40	0.0211	0.2052	0.0276	0.1288
41	0.0195	0.2052	0.0276	0.1288
42	0.0196	0.2061	0.0277	0.1292
43	0.0181	0.2067	0.0277	0.1296
44	0.0174	0.2062	0.0277	0.1295
45	0.0164	0.2065	0.0277	0.1298
46	0.0164	0.2062	0.0276	0.1302
47	0.0154	0.2059	0.0277	0.1305
48	0.0152	0.2067	0.0277	0.1308
49	0.0144	0.2063	0.0277	0.1310
50	0.0142	0.2071	0.0278	0.1313
51	0.0134	0.2069	0.0278	0.1314
52	0.0135	0.2073	0.0278	0.1315
53	0.0130	0.2077	0.0278	0.1316
54	0.0127	0.2074	0.0277	0.1314
55	0.0120	0.2072	0.0277	0.1314
56	0.0115	0.2074	0.0277	0.1314
57	0.0110	0.2072	0.0277	0.1312
58	0.0109	0.2080	0.0278	0.1312
59	0.0106	0.2076	0.0277	0.1307
60	0.0104	0.2078	0.0277	0.1309
61	0.0102	0.2080	0.0277	0.1310
62	0.0103	0.2076	0.0276	0.1308
63	0.0096	0.2074	0.0276	0.1309
64	0.0094	0.2076	0.0276	0.1310
65	0.0099	0.2069	0.0275	0.1307
66	0.0094	0.2073	0.0276	0.1309
67	0.0089	0.2086	0.0278	0.1312
68	0.0085	0.2088	0.0278	0.1311
69	0.0087	0.2086	0.0277	0.1310
70	0.0086	0.2082	0.0277	0.1308
71	0.0084	0.2084	0.0277	0.1307
72	0.0083	0.2087	0.0277	0.1305
73	0.0081	0.2084	0.0277	0.1306
74	0.0081	0.2083	0.0277	0.1303
75	0.0079	0.2087	0.0278	0.1307
76	0.0080	0.2087	0.0277	0.1308
77	0.0080	0.2082	0.0277	0.1308
78	0.0071	0.2082	0.0277	0.1307
79	0.0072	0.2077	0.0276	0.1306
80	0.0075	0.2076	0.0276	0.1306
81	0.0079	0.2077	0.0276	0.1302
82	0.0073	0.2072	0.0275	0.1298
83	0.0076	0.2073	0.0275	0.1300
84	0.0068	0.2070	0.0274	0.1299
85	0.0073	0.2065	0.0274	0.1299
86	0.0070	0.2070	0.0275	0.1302
87	0.0066	0.2068	0.0274	0.1302
88	0.0068	0.2067	0.0274	0.1302
89	0.0070	0.2066	0.0274	0.1303
90	0.0069	0.2075	0.0275	0.1308
91	0.0070	0.2071	0.0275	0.1307
92	0.0065	0.2073	0.0274	0.1308
93	0.0066	0.2075	0.0275	0.1307
94	0.0064	0.2064	0.0274	0.1304
95	0.0063	0.2061	0.0274	0.1306
96	0.0064	0.2059	0.0273	0.1301
97	0.0063	0.2065	0.0274	0.1303
98	0.0065	0.2072	0.0275	0.1305
99	0.0060	0.2062	0.0274	0.1303
100	0.0066	0.2067	0.0274	0.1304
101	0.0066	0.2070	0.0274	0.1308
102	0.0063	0.2070	0.0274	0.1309
103	0.0061	0.2073	0.0274	0.1306
104	0.0059	0.2072	0.0274	0.1307
105	0.0059	0.2069	0.0274	0.1306
106	0.0060	0.2064	0.0273	0.1301
107	0.0055	0.2063	0.0273	0.1301
108	0.0057	0.2065	0.0274	0.1302
109	0.0055	0.2068	0.0274	0.1303
110	0.0056	0.2066	0.0273	0.1303
111	0.0060	0.2068	0.0273	0.1301
112	0.0056	0.2071	0.0273	0.1304
113	0.0058	0.2069	0.0273	0.1302
114	0.0058	0.2073	0.0273	0.1302
115	0.0054	0.2076	0.0274	0.1302
116	0.0058	0.2079	0.0274	0.1304
117	0.0055	0.2076	0.0274	0.1302
118	0.0051	0.2069	0.0274	0.1302
119	0.0054	0.2070	0.0274	0.1300
120	0.0053	0.2066	0.0273	0.1298
121	0.0051	0.2066	0.0273	0.1297
122	0.0052	0.2069	0.0274	0.1299
123	0.0053	0.2071	0.0274	0.1299
124	0.0055	0.2073	0.0274	0.1300
125	0.0057	0.2081	0.0274	0.1304
126	0.0049	0.2075	0.0274	0.1302
127	0.0055	0.2074	0.0274	0.1302
128	0.0053	0.2079	0.0274	0.1302
129	0.0056	0.2082	0.0274	0.1300
130	0.0057	0.2078	0.0274	0.1298
131	0.0052	0.2073	0.0273	0.1297
132	0.0049	0.2070	0.0273	0.1295
133	0.0052	0.2075	0.0274	0.1297
134	0.0054	0.2078	0.0274	0.1298
135	0.0057	0.2078	0.0274	0.1299
136	0.0052	0.2078	0.0274	0.1297
137	0.0057	0.2076	0.0273	0.1295
138	0.0050	0.2082	0.0274	0.1298
139	0.0054	0.2090	0.0275	0.1299
140	0.0051	0.2092	0.0274	0.1298
141	0.0049	0.2084	0.0273	0.1295
142	0.0054	0.2085	0.0273	0.1296
143	0.0051	0.2084	0.0273	0.1296
144	0.0052	0.2084	0.0273	0.1295
145	0.0051	0.2086	0.0273	0.1296
146	0.0052	0.2088	0.0274	0.1298
147	0.0056	0.2086	0.0274	0.1296
148	0.0051	0.2088	0.0274	0.1297
149	0.0050	0.2087	0.0274	0.1298
150	0.0054	0.2082	0.0273	0.1294
