{"n_layers": 0, "device": "cuda", "batch_size": 2048, "embedding_dim": 256, "learning_rate": 0.001, "dataset": "dbbook", "epochs": 150, "top_k": 20, "multimodal": true, "datasets": {"dbbook": ["images", "text"], "ml1m": ["audio", "images", "text", "video"]}}
Epoch	Loss	Recall	Precision	NDCG
1	0.6929	0.0088	0.0026	0.0055
2	0.6877	0.0173	0.0053	0.0133
3	0.6826	0.0297	0.0095	0.0248
4	0.6762	0.0456	0.0151	0.0382
5	0.6678	0.0618	0.0208	0.0506
6	0.6568	0.0770	0.0256	0.0612
7	0.6424	0.0849	0.0288	0.0684
8	0.6237	0.0911	0.0312	0.0732
9	0.6011	0.0956	0.0327	0.0763
10	0.5740	0.0972	0.0335	0.0781
11	0.5437	0.0997	0.0344	0.0795
12	0.5107	0.1010	0.0349	0.0802
13	0.4763	0.1027	0.0354	0.0813
14	0.4427	0.1032	0.0355	0.0819
15	0.4104	0.1042	0.0359	0.0824
16	0.3806	0.1053	0.0363	0.0831
17	0.3520	0.1060	0.0365	0.0837
18	0.3268	0.1068	0.0368	0.0844
19	0.3034	0.1069	0.0368	0.0845
20	0.2822	0.1080	0.0371	0.0854
21	0.2634	0.1086	0.0374	0.0861
22	0.2467	0.1098	0.0376	0.0864
23	0.2314	0.1107	0.0378	0.0871
24	0.2161	0.1104	0.0377	0.0871
25	0.2042	0.1109	0.0379	0.0875
26	0.1921	0.1103	0.0379	0.0877
27	0.1818	0.1105	0.0380	0.0878
28	0.1720	0.1109	0.0381	0.0881
29	0.1627	0.1114	0.0381	0.0884
30	0.1544	0.1126	0.0383	0.0892
31	0.1457	0.1128	0.0384	0.0891
32	0.1388	0.1133	0.0384	0.0892
33	0.1318	0.1134	0.0384	0.0894
34	0.1255	0.1140	0.0387	0.0898
35	0.1193	0.1135	0.0385	0.0897
36	0.1140	0.1139	0.0387	0.0902
37	0.1087	0.1145	0.0390	0.0907
38	0.1026	0.1156	0.0393	0.0916
39	0.0987	0.1163	0.0394	0.0921
40	0.0943	0.1166	0.0396	0.0922
41	0.0894	0.1168	0.0397	0.0924
42	0.0870	0.1177	0.0398	0.0928
43	0.0825	0.1180	0.0398	0.0931
44	0.0788	0.1182	0.0400	0.0932
45	0.0758	0.1183	0.0399	0.0934
46	0.0733	0.1191	0.0402	0.0938
47	0.0700	0.1190	0.0401	0.0940
48	0.0686	0.1200	0.0404	0.0946
49	0.0651	0.1206	0.0406	0.0950
50	0.0628	0.1209	0.0407	0.0952
51	0.0604	0.1217	0.0408	0.0955
52	0.0574	0.1220	0.0408	0.0957
53	0.0562	0.1217	0.0408	0.0957
54	0.0545	0.1226	0.0410	0.0961
55	0.0528	0.1223	0.0409	0.0962
56	0.0517	0.1225	0.0409	0.0964
57	0.0491	0.1226	0.0410	0.0965
58	0.0480	0.1227	0.0410	0.0965
59	0.0456	0.1231	0.0412	0.0966
60	0.0447	0.1234	0.0413	0.0967
61	0.0432	0.1240	0.0414	0.0969
62	0.0426	0.1242	0.0416	0.0973
63	0.0412	0.1240	0.0415	0.0974
64	0.0401	0.1247	0.0417	0.0976
65	0.0389	0.1249	0.0417	0.0978
66	0.0377	0.1253	0.0418	0.0982
67	0.0366	0.1253	0.0418	0.0983
68	0.0365	0.1256	0.0419	0.0984
69	0.0351	0.1258	0.0420	0.0986
70	0.0333	0.1263	0.0421	0.0989
71	0.0336	0.1264	0.0422	0.0991
72	0.0325	0.1262	0.0422	0.0990
73	0.0309	0.1263	0.0422	0.0992
74	0.0304	0.1265	0.0422	0.0994
75	0.0304	0.1272	0.0424	0.0997
76	0.0293	0.1272	0.0424	0.0998
77	0.0289	0.1275	0.0425	0.1000
78	0.0279	0.1281	0.0426	0.1005
79	0.0273	0.1289	0.0428	0.1009
80	0.0271	0.1291	0.0429	0.1012
81	0.0265	0.1299	0.0429	0.1016
82	0.0258	0.1298	0.0429	0.1016
83	0.0250	0.1301	0.0431	0.1015
84	0.0247	0.1300	0.0430	0.1016
85	0.0249	0.1303	0.0431	0.1017
86	0.0238	0.1305	0.0433	0.1020
87	0.0231	0.1304	0.0433	0.1022
88	0.0233	0.1305	0.0433	0.1023
89	0.0231	0.1308	0.0434	0.1025
90	0.0219	0.1314	0.0436	0.1026
91	0.0210	0.1315	0.0435	0.1026
92	0.0214	0.1312	0.0435	0.1026
93	0.0207	0.1314	0.0435	0.1027
94	0.0209	0.1318	0.0436	0.1030
95	0.0205	0.1320	0.0436	0.1031
96	0.0204	0.1322	0.0436	0.1031
97	0.0194	0.1326	0.0437	0.1034
98	0.0193	0.1331	0.0438	0.1036
99	0.0186	0.1332	0.0439	0.1037
100	0.0188	0.1335	0.0439	0.1036
101	0.0189	0.1339	0.0440	0.1038
102	0.0176	0.1339	0.0439	0.1039
103	0.0175	0.1337	0.0439	0.1037
104	0.0176	0.1339	0.0439	0.1041
105	0.0179	0.1341	0.0439	0.1042
106	0.0178	0.1339	0.0438	0.1041
107	0.0169	0.1336	0.0437	0.1040
108	0.0168	0.1341	0.0439	0.1042
109	0.0168	0.1340	0.0438	0.1040
110	0.0161	0.1340	0.0438	0.1040
111	0.0163	0.1341	0.0439	0.1042
112	0.0157	0.1336	0.0438	0.1041
113	0.0156	0.1336	0.0438	0.1041
114	0.0156	0.1340	0.0438	0.1043
115	0.0150	0.1342	0.0438	0.1042
116	0.0154	0.1344	0.0439	0.1043
117	0.0144	0.1344	0.0439	0.1045
118	0.0149	0.1341	0.0438	0.1042
119	0.0147	0.1341	0.0438	0.1041
120	0.0143	0.1341	0.0439	0.1044
121	0.0142	0.1348	0.0440	0.1047
122	0.0143	0.1348	0.0440	0.1047
123	0.0140	0.1349	0.0440	0.1045
124	0.0142	0.1349	0.0440	0.1046
125	0.0136	0.1351	0.0441	0.1050
126	0.0137	0.1349	0.0441	0.1051
127	0.0135	0.1349	0.0440	0.1051
128	0.0134	0.1349	0.0440	0.1053
129	0.0133	0.1346	0.0438	0.1052
130	0.0126	0.1344	0.0438	0.1053
131	0.0123	0.1344	0.0438	0.1049
132	0.0127	0.1345	0.0438	0.1049
133	0.0126	0.1340	0.0437	0.1048
134	0.0127	0.1342	0.0438	0.1047
135	0.0125	0.1340	0.0437	0.1048
136	0.0126	0.1341	0.0438	0.1048
137	0.0123	0.1339	0.0437	0.1047
138	0.0120	0.1340	0.0437	0.1047
139	0.0118	0.1341	0.0438	0.1049
140	0.0120	0.1345	0.0439	0.1050
141	0.0121	0.1344	0.0438	0.1050
142	0.0122	0.1343	0.0439	0.1050
143	0.0115	0.1345	0.0439	0.1050
144	0.0120	0.1347	0.0440	0.1052
145	0.0113	0.1343	0.0439	0.1053
146	0.0113	0.1349	0.0440	0.1053
147	0.0114	0.1346	0.0439	0.1053
148	0.0111	0.1350	0.0440	0.1053
149	0.0110	0.1348	0.0440	0.1051
150	0.0112	0.1351	0.0440	0.1053
