{"n_layers": 0, "device": "cuda", "batch_size": 2048, "embedding_dim": 1024, "learning_rate": 0.001, "dataset": "dbbook", "epochs": 150, "top_k": 50, "multimodal": true, "datasets": {"dbbook": ["images", "text"], "ml1m": ["audio", "images", "text", "video"]}}
Epoch	Loss	Recall	Precision	NDCG
1	0.6929	0.0221	0.0027	0.0110
2	0.6823	0.0478	0.0059	0.0293
3	0.6707	0.0866	0.0112	0.0578
4	0.6537	0.1308	0.0174	0.0852
5	0.6283	0.1596	0.0214	0.1005
6	0.5914	0.1759	0.0238	0.1088
7	0.5428	0.1821	0.0248	0.1131
8	0.4845	0.1858	0.0256	0.1155
9	0.4233	0.1897	0.0261	0.1171
10	0.3647	0.1916	0.0265	0.1186
11	0.3124	0.1944	0.0268	0.1205
12	0.2691	0.1957	0.0270	0.1214
13	0.2326	0.1973	0.0271	0.1226
14	0.2025	0.2000	0.0275	0.1242
15	0.1776	0.2027	0.0278	0.1255
16	0.1555	0.2045	0.0280	0.1268
17	0.1381	0.2068	0.0282	0.1281
18	0.1224	0.2077	0.0283	0.1288
19	0.1090	0.2088	0.0285	0.1293
20	0.0988	0.2106	0.0287	0.1305
21	0.0902	0.2123	0.0288	0.1311
22	0.0811	0.2124	0.0288	0.1313
23	0.0736	0.2145	0.0291	0.1324
24	0.0672	0.2149	0.0291	0.1327
25	0.0616	0.2157	0.0292	0.1332
26	0.0565	0.2175	0.0293	0.1339
27	0.0527	0.2183	0.0294	0.1347
28	0.0489	0.2195	0.0295	0.1354
29	0.0453	0.2211	0.0296	0.1361
30	0.0420	0.2211	0.0296	0.1366
31	0.0392	0.2215	0.0296	0.1370
32	0.0374	0.2230	0.0298	0.1377
33	0.0347	0.2238	0.0300	0.1381
34	0.0331	0.2237	0.0299	0.1383
35	0.0314	0.2250	0.0300	0.1388
36	0.0291	0.2253	0.0300	0.1387
37	0.0278	0.2248	0.0300	0.1387
38	0.0271	0.2256	0.0301	0.1391
39	0.0253	0.2264	0.0301	0.1397
40	0.0246	0.2258	0.0301	0.1396
41	0.0230	0.2266	0.0302	0.1402
42	0.0224	0.2270	0.0302	0.1405
43	0.0209	0.2280	0.0303	0.1411
44	0.0208	0.2277	0.0302	0.1413
45	0.0194	0.2278	0.0302	0.1415
46	0.0198	0.2279	0.0303	0.1416
47	0.0187	0.2284	0.0303	0.1418
48	0.0183	0.2284	0.0303	0.1418
49	0.0174	0.2288	0.0303	0.1421
50	0.0165	0.2288	0.0304	0.1424
51	0.0165	0.2297	0.0305	0.1425
52	0.0155	0.2299	0.0305	0.1426
53	0.0151	0.2299	0.0305	0.1430
54	0.0149	0.2299	0.0305	0.1433
55	0.0148	0.2306	0.0306	0.1438
56	0.0142	0.2307	0.0306	0.1443
57	0.0145	0.2311	0.0306	0.1450
58	0.0134	0.2319	0.0307	0.1453
59	0.0136	0.2325	0.0307	0.1455
60	0.0130	0.2325	0.0307	0.1454
61	0.0125	0.2321	0.0307	0.1453
62	0.0124	0.2320	0.0306	0.1453
63	0.0124	0.2317	0.0307	0.1453
64	0.0118	0.2320	0.0307	0.1453
65	0.0123	0.2320	0.0307	0.1454
66	0.0115	0.2317	0.0307	0.1450
67	0.0115	0.2310	0.0306	0.1448
68	0.0115	0.2307	0.0306	0.1447
69	0.0112	0.2303	0.0305	0.1445
70	0.0107	0.2306	0.0305	0.1445
71	0.0112	0.2304	0.0304	0.1449
72	0.0107	0.2315	0.0306	0.1456
73	0.0102	0.2318	0.0306	0.1456
74	0.0100	0.2314	0.0306	0.1455
75	0.0105	0.2317	0.0306	0.1457
76	0.0102	0.2321	0.0306	0.1457
77	0.0101	0.2318	0.0306	0.1458
78	0.0097	0.2315	0.0305	0.1456
79	0.0098	0.2313	0.0305	0.1457
80	0.0095	0.2317	0.0305	0.1460
81	0.0101	0.2316	0.0305	0.1461
82	0.0094	0.2315	0.0305	0.1460
83	0.0097	0.2316	0.0305	0.1459
84	0.0094	0.2305	0.0304	0.1453
85	0.0092	0.2300	0.0304	0.1452
86	0.0092	0.2302	0.0304	0.1454
87	0.0091	0.2297	0.0304	0.1452
88	0.0088	0.2294	0.0303	0.1450
89	0.0088	0.2300	0.0304	0.1451
90	0.0088	0.2301	0.0304	0.1452
91	0.0085	0.2305	0.0304	0.1454
92	0.0091	0.2305	0.0304	0.1453
93	0.0086	0.2308	0.0304	0.1453
94	0.0087	0.2308	0.0304	0.1452
95	0.0085	0.2304	0.0304	0.1451
96	0.0084	0.2308	0.0305	0.1455
97	0.0084	0.2311	0.0305	0.1458
98	0.0083	0.2315	0.0305	0.1460
99	0.0083	0.2311	0.0305	0.1459
100	0.0082	0.2311	0.0305	0.1460
101	0.0080	0.2319	0.0305	0.1464
102	0.0084	0.2319	0.0305	0.1465
103	0.0083	0.2319	0.0305	0.1466
104	0.0083	0.2312	0.0305	0.1460
105	0.0089	0.2313	0.0305	0.1458
106	0.0080	0.2305	0.0305	0.1458
107	0.0081	0.2304	0.0305	0.1456
108	0.0082	0.2306	0.0305	0.1458
109	0.0084	0.2307	0.0305	0.1461
110	0.0080	0.2309	0.0305	0.1461
111	0.0076	0.2312	0.0305	0.1462
112	0.0075	0.2319	0.0306	0.1464
113	0.0074	0.2316	0.0306	0.1466
114	0.0073	0.2314	0.0306	0.1466
115	0.0086	0.2314	0.0305	0.1467
116	0.0078	0.2312	0.0306	0.1468
117	0.0070	0.2311	0.0305	0.1468
118	0.0077	0.2312	0.0306	0.1469
119	0.0076	0.2310	0.0305	0.1467
120	0.0071	0.2314	0.0305	0.1468
121	0.0073	0.2310	0.0305	0.1466
122	0.0076	0.2314	0.0305	0.1467
123	0.0073	0.2317	0.0306	0.1470
124	0.0075	0.2319	0.0305	0.1471
125	0.0073	0.2317	0.0305	0.1472
126	0.0075	0.2326	0.0306	0.1474
127	0.0073	0.2324	0.0306	0.1472
128	0.0078	0.2317	0.0305	0.1469
129	0.0080	0.2317	0.0305	0.1471
130	0.0071	0.2316	0.0304	0.1468
131	0.0069	0.2309	0.0304	0.1467
132	0.0072	0.2310	0.0304	0.1466
133	0.0073	0.2309	0.0304	0.1465
134	0.0076	0.2306	0.0304	0.1461
135	0.0074	0.2310	0.0304	0.1463
136	0.0074	0.2308	0.0303	0.1465
137	0.0070	0.2315	0.0304	0.1465
138	0.0073	0.2321	0.0304	0.1468
139	0.0069	0.2321	0.0304	0.1468
140	0.0075	0.2318	0.0305	0.1469
141	0.0075	0.2315	0.0304	0.1468
142	0.0074	0.2316	0.0304	0.1470
143	0.0073	0.2315	0.0304	0.1470
144	0.0072	0.2319	0.0305	0.1471
145	0.0074	0.2317	0.0305	0.1470
146	0.0074	0.2311	0.0304	0.1468
147	0.0069	0.2314	0.0304	0.1468
148	0.0073	0.2314	0.0305	0.1465
149	0.0072	0.2308	0.0304	0.1466
150	0.0073	0.2312	0.0304	0.1466
