{"device": "cuda:1", "multimodal": false, "embedding_dim": 512, "n_layers": 2, "epochs": 500, "learning_rate": 0.001, "log": true, "seed": 19, "top_k": [5, 10, 20, 50], "dataset": "ml1m", "batch_size": 8192, "single_branch": false, "autoencoder": false, "ensemble_fusion": false, "freeze": true, "fusion_modalities": "mean", "fusion_type": "late", "info_nce": false, "weighting": false, "datasets": {"dbbook": ["images", "text"], "ml1m": ["audio", "images", "text", "video"]}}
Epoch	T-Loss	V-Loss	Precision@5	Recall@5	NDCG@5	Precision@10	Recall@10	NDCG@10	Precision@20	Recall@20	NDCG@20	Precision@50	Recall@50	NDCG@50
1	0.6931	0.6928	0.0712	0.0172	0.0743	0.0638	0.0307	0.0705	0.0557	0.0529	0.0702	0.0441	0.1037	0.0828
2	0.688	0.6754	0.1748	0.0608	0.1904	0.1452	0.0979	0.1765	0.1163	0.1542	0.1758	0.0801	0.2524	0.1983
3	0.6311	0.5676	0.172	0.0603	0.1851	0.1418	0.0956	0.1716	0.1138	0.1498	0.1712	0.0791	0.2494	0.1947
4	0.498	0.4412	0.1686	0.0591	0.1812	0.1393	0.0943	0.1686	0.1126	0.1484	0.169	0.0791	0.2509	0.194
5	0.4074	0.389	0.1679	0.0574	0.1793	0.1379	0.0933	0.1664	0.1127	0.1478	0.1675	0.0789	0.2505	0.1925
6	0.3719	0.3674	0.1675	0.0569	0.1793	0.138	0.0927	0.1662	0.1123	0.1477	0.1671	0.0793	0.2525	0.1928
7	0.3584	0.3578	0.1687	0.0576	0.1807	0.1391	0.0926	0.1674	0.1128	0.1483	0.1678	0.0801	0.2539	0.1939
8	0.3483	0.3495	0.1697	0.058	0.1806	0.1415	0.0943	0.1689	0.1128	0.1482	0.1682	0.0808	0.2567	0.1956
9	0.3412	0.3472	0.171	0.0584	0.1838	0.142	0.0941	0.1708	0.1157	0.1524	0.172	0.0818	0.2587	0.198
10	0.3356	0.3408	0.1713	0.0573	0.1857	0.1436	0.0954	0.1734	0.117	0.1536	0.1743	0.0835	0.2641	0.2017
11	0.3312	0.3367	0.1732	0.0581	0.1907	0.1466	0.0966	0.1782	0.1199	0.1566	0.1791	0.0849	0.2671	0.2057
12	0.3249	0.3311	0.1768	0.0594	0.1914	0.149	0.0989	0.1794	0.1215	0.1577	0.18	0.0863	0.2691	0.2072
13	0.3196	0.3233	0.1796	0.0604	0.1943	0.1526	0.1009	0.1829	0.1235	0.1606	0.1831	0.0878	0.2728	0.2106
14	0.3132	0.3213	0.1847	0.0615	0.2	0.1568	0.1041	0.1882	0.1256	0.162	0.1868	0.089	0.2771	0.2147
15	0.3085	0.3172	0.1866	0.0621	0.2033	0.1594	0.1052	0.1916	0.1281	0.1647	0.1903	0.0904	0.2815	0.2183
16	0.304	0.3161	0.1916	0.0642	0.208	0.1601	0.1063	0.1934	0.1294	0.1685	0.193	0.092	0.2857	0.2216
17	0.2994	0.3114	0.1941	0.0648	0.2114	0.1637	0.1086	0.1976	0.1313	0.17	0.196	0.0935	0.2903	0.2255
18	0.2958	0.3081	0.1986	0.067	0.216	0.1656	0.1102	0.2005	0.1331	0.1722	0.199	0.0949	0.2937	0.2289
19	0.2912	0.3021	0.2011	0.0688	0.2196	0.1667	0.1108	0.2029	0.1342	0.173	0.2013	0.0961	0.2986	0.2327
20	0.287	0.2985	0.2037	0.0703	0.2211	0.1695	0.1129	0.2051	0.1358	0.1759	0.2034	0.0968	0.3009	0.2345
21	0.2838	0.298	0.2067	0.0715	0.2239	0.1719	0.1153	0.2079	0.1374	0.178	0.2058	0.0977	0.3025	0.2366
22	0.2806	0.2938	0.2089	0.0725	0.2264	0.1747	0.118	0.2112	0.1391	0.1813	0.209	0.0986	0.3055	0.2397
23	0.277	0.2931	0.2115	0.073	0.2303	0.1765	0.1184	0.2143	0.1402	0.1819	0.2114	0.0997	0.3097	0.2431
24	0.2738	0.2884	0.2134	0.0734	0.2331	0.1779	0.1193	0.2164	0.1422	0.1853	0.2144	0.1005	0.3116	0.2455
25	0.272	0.287	0.2171	0.0743	0.2381	0.1806	0.1216	0.2206	0.1437	0.1873	0.2176	0.1016	0.3146	0.2489
26	0.2685	0.2867	0.2174	0.0745	0.2374	0.1824	0.1223	0.2212	0.1448	0.1882	0.2182	0.1026	0.3194	0.2507
27	0.2648	0.2848	0.2199	0.0759	0.2385	0.1836	0.1228	0.2219	0.146	0.1902	0.2195	0.1033	0.3212	0.2521
28	0.2622	0.2797	0.2199	0.0762	0.2412	0.1831	0.123	0.2235	0.1473	0.1926	0.2222	0.1044	0.3257	0.2556
29	0.2603	0.2774	0.2224	0.0774	0.2432	0.1847	0.1239	0.225	0.1485	0.1948	0.2242	0.1052	0.3289	0.2578
30	0.2578	0.2784	0.2241	0.0775	0.2458	0.1871	0.1259	0.2283	0.15	0.197	0.2269	0.1057	0.3313	0.2604
31	0.2551	0.2742	0.2251	0.0776	0.2474	0.1887	0.1271	0.2303	0.1512	0.1979	0.2287	0.1066	0.3341	0.2627
32	0.2531	0.2746	0.2267	0.078	0.2491	0.1898	0.1279	0.2318	0.152	0.1984	0.2299	0.1074	0.3375	0.2649
33	0.2508	0.2725	0.2285	0.0791	0.2502	0.1915	0.1297	0.2331	0.1531	0.2011	0.2314	0.108	0.339	0.266
34	0.2489	0.2714	0.2314	0.0804	0.253	0.1926	0.1299	0.2345	0.1543	0.2022	0.233	0.1086	0.3409	0.2677
35	0.2464	0.2718	0.2316	0.0803	0.2532	0.1933	0.1306	0.2354	0.1552	0.2036	0.2344	0.1093	0.3441	0.2697
36	0.2443	0.267	0.233	0.0807	0.2541	0.1953	0.1327	0.237	0.1566	0.2067	0.236	0.1098	0.3462	0.2709
37	0.2421	0.2679	0.2352	0.0829	0.2564	0.1958	0.1328	0.238	0.1567	0.2064	0.2368	0.1104	0.348	0.2725
38	0.2398	0.2638	0.2353	0.083	0.2568	0.197	0.1337	0.2393	0.1576	0.208	0.2382	0.1112	0.3504	0.2743
39	0.2393	0.2645	0.2368	0.0835	0.2589	0.1978	0.1347	0.2409	0.1579	0.2082	0.2391	0.1118	0.3523	0.2761
40	0.2357	0.2621	0.2388	0.0836	0.2611	0.1993	0.1357	0.2429	0.1591	0.2097	0.241	0.1123	0.3541	0.2777
41	0.2336	0.2626	0.2387	0.0837	0.2608	0.1996	0.1359	0.2428	0.1599	0.2116	0.2418	0.1131	0.3565	0.2789
42	0.2322	0.2622	0.2414	0.0851	0.2639	0.2012	0.1374	0.2453	0.1606	0.2123	0.2438	0.1135	0.3576	0.281
43	0.2309	0.2579	0.2418	0.0857	0.2637	0.2025	0.1387	0.246	0.162	0.2145	0.245	0.114	0.3606	0.2822
44	0.2273	0.2604	0.2426	0.0861	0.2644	0.2028	0.1394	0.2466	0.1627	0.2163	0.246	0.1143	0.3619	0.2831
45	0.228	0.2629	0.2429	0.0863	0.2649	0.2036	0.1404	0.2475	0.1635	0.2183	0.2473	0.1148	0.3638	0.2845
46	0.2258	0.2589	0.2428	0.0867	0.2645	0.2041	0.1409	0.2479	0.1639	0.2192	0.2479	0.1153	0.366	0.2857
47	0.2233	0.2589	0.244	0.0875	0.2653	0.2051	0.1418	0.2487	0.1646	0.2198	0.2487	0.1157	0.3686	0.2869
48	0.2221	0.2569	0.2457	0.0886	0.2687	0.2063	0.1435	0.2515	0.1657	0.2219	0.2514	0.1162	0.3709	0.2896
49	0.2216	0.2561	0.2468	0.0884	0.2696	0.2067	0.1436	0.2519	0.1665	0.2233	0.2526	0.1166	0.3722	0.2907
50	0.2198	0.2551	0.2479	0.0889	0.2701	0.2072	0.1438	0.2523	0.1667	0.2233	0.2528	0.1171	0.3735	0.2915
51	0.2176	0.2539	0.2483	0.0886	0.2702	0.2084	0.1451	0.2533	0.1672	0.2246	0.2536	0.1175	0.375	0.2924
52	0.2155	0.2533	0.2484	0.0891	0.2704	0.2097	0.1458	0.2543	0.1675	0.2247	0.254	0.1177	0.3763	0.2933
53	0.2142	0.2542	0.2492	0.0897	0.271	0.2097	0.1458	0.2545	0.1688	0.2271	0.2554	0.1183	0.3788	0.2945
54	0.2129	0.2535	0.2503	0.0906	0.2719	0.211	0.1473	0.2556	0.1697	0.2289	0.2567	0.1186	0.3803	0.2956
55	0.211	0.2514	0.2502	0.091	0.2717	0.2107	0.1466	0.2552	0.17	0.2293	0.257	0.1189	0.3823	0.2964
56	0.2099	0.252	0.2504	0.0909	0.2718	0.2115	0.1484	0.2563	0.1707	0.2302	0.2581	0.1192	0.3835	0.2976
57	0.2086	0.2502	0.2505	0.0919	0.272	0.2118	0.1503	0.2572	0.171	0.2319	0.2591	0.1195	0.3853	0.2988
58	0.2071	0.2525	0.2518	0.0927	0.2729	0.2124	0.1517	0.2579	0.1713	0.2336	0.2598	0.12	0.387	0.2997
59	0.2064	0.2512	0.2521	0.0931	0.2734	0.2135	0.1525	0.2589	0.1717	0.2351	0.2608	0.12	0.3869	0.3003
60	0.2045	0.2498	0.2518	0.0938	0.2737	0.2136	0.1522	0.2594	0.1724	0.2355	0.2618	0.1203	0.3879	0.3015
61	0.2016	0.2494	0.2539	0.0934	0.2753	0.214	0.152	0.2598	0.1729	0.2363	0.2623	0.1206	0.3886	0.3019
62	0.2012	0.2474	0.2534	0.0931	0.275	0.2146	0.152	0.2602	0.1734	0.2368	0.2628	0.121	0.3915	0.303
63	0.1995	0.2479	0.2539	0.094	0.2764	0.2153	0.1528	0.2617	0.1739	0.2378	0.2641	0.1213	0.3924	0.3042
64	0.1984	0.2509	0.2552	0.0946	0.2774	0.2168	0.1542	0.263	0.1743	0.2386	0.2649	0.1215	0.393	0.305
65	0.196	0.2487	0.2553	0.0942	0.2766	0.2159	0.1543	0.2618	0.1742	0.2394	0.2643	0.1218	0.3945	0.3049
66	0.1947	0.2469	0.2564	0.0953	0.2776	0.2168	0.1546	0.2628	0.1744	0.2389	0.2649	0.1221	0.3956	0.3061
67	0.1938	0.2475	0.2583	0.0954	0.2802	0.2171	0.1554	0.2641	0.1748	0.2396	0.2661	0.1221	0.396	0.307
68	0.1919	0.2474	0.2593	0.0959	0.2808	0.2165	0.1537	0.2634	0.175	0.2407	0.2664	0.1225	0.3969	0.3074
69	0.1909	0.2514	0.2584	0.0959	0.2807	0.2177	0.1553	0.2648	0.176	0.2418	0.2678	0.1228	0.3979	0.3085
70	0.1888	0.2487	0.257	0.0957	0.2793	0.2182	0.1568	0.2651	0.1756	0.2417	0.2674	0.1228	0.398	0.3085
71	0.1896	0.2501	0.2586	0.0962	0.2807	0.2186	0.1575	0.2659	0.1765	0.2445	0.269	0.1232	0.3992	0.3097
72	0.1868	0.2465	0.2607	0.0978	0.2827	0.2204	0.1592	0.2679	0.1766	0.2445	0.2697	0.1236	0.4013	0.3111
73	0.1855	0.2488	0.2606	0.0975	0.2831	0.2202	0.1589	0.2681	0.1767	0.2439	0.2699	0.1237	0.4021	0.3116
74	0.1846	0.2479	0.2617	0.098	0.2831	0.2199	0.1585	0.2676	0.1774	0.2446	0.2704	0.124	0.4031	0.312
75	0.184	0.2475	0.263	0.0985	0.2847	0.2195	0.1583	0.2679	0.1773	0.2444	0.2707	0.1243	0.4038	0.3128
76	0.1821	0.2461	0.2616	0.0988	0.283	0.2202	0.1596	0.2678	0.1776	0.2448	0.2706	0.1243	0.4042	0.3127
77	0.181	0.2449	0.2613	0.0985	0.2824	0.2214	0.1609	0.2685	0.1782	0.2458	0.271	0.1243	0.4044	0.3126
78	0.1792	0.2454	0.2631	0.0994	0.2841	0.2219	0.1612	0.2693	0.179	0.248	0.2723	0.1245	0.4048	0.3133
79	0.1782	0.2486	0.2626	0.099	0.2844	0.2217	0.1614	0.2698	0.1792	0.2489	0.2731	0.125	0.4066	0.3146
80	0.1768	0.2468	0.2635	0.0988	0.2857	0.222	0.1614	0.2707	0.1793	0.2488	0.2738	0.1252	0.408	0.3157
81	0.175	0.2475	0.2638	0.0991	0.2863	0.2234	0.1616	0.2718	0.1793	0.2491	0.2743	0.1254	0.4088	0.3166
82	0.1741	0.2456	0.2648	0.0995	0.2863	0.2227	0.162	0.2711	0.1796	0.25	0.2743	0.1253	0.4088	0.3162
83	0.1739	0.2446	0.2647	0.1001	0.2868	0.2226	0.1623	0.2716	0.1794	0.2496	0.2747	0.1254	0.4086	0.3169
84	0.1724	0.2479	0.2653	0.1007	0.2871	0.2235	0.1638	0.2724	0.1805	0.2513	0.2757	0.1257	0.4104	0.3175
85	0.1716	0.2465	0.2641	0.1003	0.2861	0.2243	0.1639	0.2727	0.1807	0.2514	0.2759	0.1259	0.4109	0.3178
86	0.1701	0.2496	0.2647	0.1	0.2873	0.2239	0.164	0.2732	0.1802	0.2508	0.2761	0.1257	0.4106	0.3183
87	0.1682	0.2461	0.2653	0.1002	0.2876	0.2247	0.1653	0.274	0.1804	0.2514	0.2764	0.1259	0.4108	0.3186
88	0.1672	0.2464	0.2657	0.1006	0.2885	0.2252	0.1658	0.2749	0.1807	0.2511	0.277	0.1261	0.4121	0.3196
89	0.1647	0.247	0.265	0.1003	0.2877	0.2247	0.1653	0.2743	0.1807	0.252	0.277	0.1265	0.414	0.3202
90	0.1649	0.2487	0.2643	0.1014	0.2866	0.2246	0.1654	0.2736	0.181	0.2533	0.2771	0.1266	0.415	0.3202
91	0.1642	0.2398	0.2673	0.1021	0.2894	0.2251	0.1656	0.2747	0.1811	0.253	0.2778	0.1267	0.4163	0.3212
92	0.1614	0.2481	0.2654	0.1013	0.2879	0.2254	0.1655	0.2745	0.1816	0.2531	0.2778	0.1268	0.4161	0.3211
93	0.1615	0.2477	0.2656	0.1011	0.2883	0.2261	0.1671	0.2757	0.1819	0.2543	0.2788	0.127	0.417	0.322
94	0.16	0.2466	0.2662	0.1018	0.2885	0.2269	0.168	0.2762	0.1823	0.2556	0.2793	0.1272	0.4175	0.3224
95	0.1592	0.2466	0.2656	0.1016	0.288	0.2264	0.1675	0.2757	0.1825	0.2555	0.2792	0.1272	0.4175	0.3222
96	0.158	0.247	0.2651	0.1017	0.2877	0.2262	0.1676	0.2756	0.1826	0.2562	0.2795	0.1273	0.4179	0.3224
97	0.1562	0.2463	0.2655	0.102	0.2877	0.2266	0.1683	0.2759	0.1827	0.2569	0.2799	0.1275	0.4188	0.3231
98	0.1554	0.2474	0.2657	0.1028	0.2879	0.2264	0.1675	0.2755	0.1828	0.2569	0.2797	0.1277	0.4194	0.3232
99	0.1536	0.2445	0.2685	0.104	0.2908	0.2277	0.1685	0.2774	0.1831	0.2578	0.2811	0.1279	0.4209	0.3247
100	0.1521	0.2467	0.2677	0.1035	0.29	0.2281	0.1686	0.2776	0.1836	0.258	0.2814	0.1279	0.4207	0.3248
101	0.1521	0.2494	0.2675	0.1027	0.2902	0.2279	0.1688	0.278	0.1838	0.2585	0.2821	0.128	0.4214	0.3254
102	0.1512	0.2469	0.2672	0.1024	0.289	0.2273	0.1686	0.2767	0.1836	0.2584	0.2811	0.1282	0.4223	0.3249
103	0.149	0.2472	0.2682	0.1031	0.2904	0.2278	0.1694	0.2777	0.1839	0.2593	0.2821	0.1283	0.4231	0.3258
104	0.1485	0.2481	0.2688	0.1047	0.2912	0.2275	0.1685	0.2777	0.184	0.2593	0.2825	0.1283	0.4229	0.3263
105	0.1476	0.2469	0.2693	0.1049	0.2911	0.2281	0.1691	0.2779	0.1842	0.2586	0.2821	0.1285	0.4235	0.3263
106	0.1466	0.2487	0.2704	0.105	0.2931	0.2282	0.1691	0.2789	0.1847	0.2592	0.2834	0.1288	0.4241	0.3274
107	0.1452	0.2489	0.2698	0.105	0.2926	0.2292	0.171	0.2797	0.1843	0.2586	0.283	0.1288	0.4246	0.3275
108	0.1446	0.2483	0.2711	0.1058	0.2945	0.2291	0.1703	0.2805	0.1846	0.2595	0.2843	0.1287	0.4247	0.3285
109	0.144	0.2483	0.2717	0.1067	0.2937	0.2294	0.1704	0.2799	0.185	0.2604	0.2841	0.1289	0.4259	0.3284
110	0.1429	0.246	0.2718	0.1068	0.294	0.2298	0.1712	0.2805	0.1854	0.261	0.2846	0.1291	0.4263	0.3288
111	0.1425	0.2522	0.2705	0.106	0.2933	0.2291	0.171	0.2801	0.1854	0.2618	0.2848	0.129	0.4264	0.3288
112	0.1419	0.249	0.2702	0.1064	0.2928	0.2286	0.1707	0.2795	0.1853	0.2608	0.2844	0.129	0.4266	0.3288
113	0.1397	0.2459	0.2709	0.1067	0.293	0.2292	0.1711	0.2797	0.1854	0.2614	0.2845	0.1291	0.4271	0.329
114	0.1389	0.2475	0.2708	0.1066	0.2927	0.2297	0.1717	0.2801	0.1858	0.2622	0.2849	0.1291	0.4273	0.3291
115	0.1376	0.2484	0.2698	0.1064	0.2924	0.2295	0.172	0.2802	0.1854	0.2623	0.2848	0.1293	0.4275	0.3295
116	0.1364	0.2505	0.2686	0.1061	0.2912	0.2295	0.1725	0.28	0.1855	0.2629	0.2849	0.1293	0.4283	0.3295
117	0.1365	0.2529	0.2684	0.1059	0.2906	0.2298	0.1728	0.2798	0.1854	0.2621	0.2843	0.1295	0.429	0.3296
118	0.1349	0.2507	0.2682	0.1055	0.2913	0.2296	0.173	0.2806	0.186	0.2639	0.2858	0.1294	0.4276	0.33
119	0.1336	0.2511	0.2693	0.1059	0.2914	0.2291	0.1725	0.2797	0.1861	0.264	0.2854	0.1295	0.4283	0.3298
120	0.1329	0.2536	0.2701	0.1067	0.2928	0.2291	0.1723	0.2802	0.1865	0.2646	0.2862	0.1295	0.4292	0.3304
121	0.1322	0.252	0.2707	0.1067	0.2932	0.2292	0.1729	0.2806	0.1863	0.264	0.2862	0.1296	0.4292	0.3307
122	0.131	0.2525	0.2713	0.1067	0.294	0.2297	0.1728	0.2812	0.1867	0.2649	0.2869	0.1297	0.4296	0.3311
123	0.1305	0.2506	0.2724	0.1068	0.2949	0.2299	0.1732	0.2815	0.1869	0.2652	0.2873	0.1299	0.4303	0.3317
124	0.1299	0.2521	0.2719	0.1073	0.2946	0.2303	0.1734	0.2817	0.1867	0.2655	0.2873	0.1299	0.431	0.3319
125	0.1287	0.2558	0.271	0.107	0.2939	0.231	0.1739	0.2822	0.1868	0.2654	0.2873	0.13	0.4314	0.3322
126	0.1279	0.2528	0.2722	0.1079	0.2951	0.2307	0.1738	0.2823	0.1869	0.2662	0.2879	0.1299	0.4303	0.3322
127	0.1283	0.2532	0.2711	0.1073	0.2947	0.23	0.1737	0.2821	0.1866	0.2658	0.2879	0.1301	0.4315	0.3328
128	0.1275	0.2564	0.2709	0.1075	0.2939	0.2306	0.1743	0.2821	0.1862	0.2656	0.2872	0.1302	0.4323	0.3327
129	0.1249	0.2532	0.2702	0.1069	0.2932	0.2301	0.1743	0.2816	0.1866	0.266	0.2875	0.1301	0.4323	0.3327
130	0.1237	0.2567	0.27	0.1074	0.2933	0.2305	0.1742	0.282	0.187	0.2664	0.2878	0.1302	0.434	0.3332
131	0.1239	0.2556	0.2694	0.1066	0.2923	0.2304	0.1746	0.2817	0.1869	0.2663	0.2875	0.1302	0.4341	0.333
132	0.1227	0.2553	0.2691	0.1066	0.2919	0.2302	0.174	0.2812	0.187	0.2666	0.2875	0.1304	0.434	0.333
133	0.1231	0.2527	0.2705	0.107	0.2924	0.2307	0.175	0.2814	0.187	0.2669	0.2873	0.1302	0.4342	0.3327
134	0.1221	0.2564	0.2711	0.1073	0.2934	0.2303	0.1747	0.2816	0.1874	0.2677	0.2882	0.1303	0.4347	0.3335
135	0.121	0.2588	0.2705	0.1065	0.2924	0.2307	0.1751	0.2816	0.1877	0.2689	0.2883	0.1303	0.4352	0.3333
136	0.1201	0.2557	0.2685	0.1068	0.2911	0.2302	0.1747	0.2811	0.1869	0.2675	0.2874	0.1301	0.4348	0.333
137	0.1195	0.2589	0.2691	0.1068	0.2908	0.2305	0.1752	0.2808	0.187	0.2678	0.2871	0.1301	0.4351	0.3327
138	0.1188	0.2582	0.2682	0.107	0.2904	0.2309	0.1753	0.2813	0.1867	0.2676	0.2871	0.1301	0.4352	0.333
139	0.1177	0.2554	0.2697	0.1075	0.2918	0.2309	0.1747	0.2815	0.187	0.2672	0.2874	0.1304	0.4362	0.3336
140	0.1181	0.2582	0.2706	0.1081	0.2928	0.2302	0.1748	0.2814	0.1871	0.2678	0.2878	0.1302	0.4354	0.3334
141	0.1168	0.2574	0.2712	0.1077	0.2932	0.2309	0.1745	0.2817	0.187	0.2681	0.2878	0.1303	0.4356	0.3335
142	0.1162	0.2571	0.2711	0.1081	0.2928	0.2308	0.1759	0.2817	0.1871	0.2687	0.2879	0.1305	0.4365	0.3337
143	0.1151	0.2579	0.2719	0.1086	0.294	0.2307	0.1756	0.2822	0.1872	0.2685	0.2883	0.1304	0.4366	0.3342
144	0.1148	0.2576	0.2709	0.1085	0.2931	0.2317	0.1765	0.2826	0.1872	0.2685	0.2882	0.1305	0.4367	0.3342
145	0.1144	0.2604	0.2724	0.1093	0.2948	0.2312	0.1764	0.2831	0.1871	0.2682	0.2889	0.1308	0.4374	0.3353
146	0.1133	0.2591	0.2728	0.1093	0.2949	0.2317	0.1766	0.2832	0.1875	0.2692	0.2893	0.1307	0.4369	0.3352
147	0.1127	0.2621	0.2723	0.1087	0.2944	0.2315	0.1764	0.2829	0.1876	0.2699	0.2893	0.1307	0.4376	0.3352
148	0.1126	0.2617	0.2733	0.1091	0.2951	0.2313	0.1767	0.2831	0.1874	0.2695	0.2894	0.1306	0.4377	0.3354
149	0.1122	0.2611	0.2725	0.1089	0.2951	0.2316	0.1761	0.2835	0.1877	0.2703	0.2901	0.1306	0.4385	0.3359
150	0.111	0.2613	0.2726	0.109	0.2956	0.232	0.1768	0.2842	0.1873	0.2701	0.2901	0.1307	0.4387	0.3364
151	0.1105	0.2625	0.2728	0.1094	0.2962	0.2314	0.1766	0.2842	0.1872	0.2705	0.2904	0.1307	0.4389	0.3367
152	0.1099	0.2621	0.2719	0.1086	0.2948	0.2322	0.1768	0.2842	0.1873	0.2706	0.2901	0.1308	0.4387	0.3364
153	0.1096	0.2651	0.2709	0.1084	0.2936	0.232	0.1767	0.2833	0.1873	0.2708	0.2895	0.1306	0.4383	0.3356
154	0.1094	0.2666	0.2703	0.1086	0.293	0.2313	0.1762	0.2827	0.1874	0.271	0.2895	0.1304	0.4376	0.3353
155	0.1089	0.2636	0.2702	0.1083	0.2925	0.2311	0.1761	0.2823	0.1875	0.2706	0.2893	0.1305	0.4381	0.3352
156	0.1079	0.2662	0.2706	0.1083	0.2929	0.2316	0.1765	0.2829	0.1877	0.2715	0.2897	0.1307	0.4391	0.3358
157	0.107	0.2673	0.2691	0.1078	0.2921	0.2313	0.1763	0.2826	0.1872	0.2706	0.2893	0.1307	0.439	0.3358
158	0.1062	0.2659	0.27	0.1088	0.2933	0.2313	0.1764	0.283	0.1876	0.2715	0.29	0.1306	0.4393	0.3361
159	0.1059	0.2663	0.27	0.1087	0.2931	0.2313	0.176	0.2828	0.1874	0.2709	0.2897	0.1307	0.4398	0.3362
160	0.1061	0.2634	0.2706	0.1093	0.2937	0.2315	0.1768	0.2832	0.1875	0.272	0.2902	0.1307	0.44	0.3365
161	0.1048	0.2658	0.2707	0.1089	0.2936	0.2312	0.1774	0.2832	0.1878	0.2721	0.2905	0.1308	0.4403	0.3367
162	0.1049	0.2666	0.2693	0.1087	0.2919	0.2307	0.1775	0.2821	0.1873	0.2718	0.2895	0.1306	0.4401	0.336
163	0.1031	0.2672	0.2705	0.1091	0.2932	0.2308	0.1769	0.2826	0.1871	0.2709	0.2894	0.1308	0.4404	0.3364
164	0.1037	0.2642	0.2694	0.1086	0.2923	0.2308	0.1768	0.2823	0.1874	0.2718	0.2895	0.1309	0.4406	0.3363
165	0.1035	0.2655	0.2701	0.1087	0.293	0.2308	0.1766	0.2825	0.1871	0.2718	0.2896	0.1307	0.4406	0.3364
166	0.1026	0.2662	0.2704	0.1088	0.2924	0.2309	0.1775	0.2823	0.1868	0.2714	0.2889	0.1307	0.4407	0.3361
167	0.1016	0.2682	0.2705	0.1095	0.2924	0.2303	0.177	0.2817	0.1863	0.2709	0.2885	0.1308	0.4413	0.3363
168	0.1015	0.2697	0.2708	0.1091	0.2932	0.2307	0.1774	0.2825	0.1868	0.2714	0.2893	0.1308	0.4409	0.3365
169	0.1005	0.2725	0.2719	0.1093	0.294	0.2306	0.1768	0.2825	0.1864	0.2709	0.2892	0.1307	0.4407	0.3367
170	0.1012	0.2716	0.2705	0.1088	0.293	0.2311	0.1768	0.2825	0.1869	0.2717	0.2893	0.1308	0.4406	0.3365
171	0.1004	0.2704	0.2694	0.1086	0.2919	0.2309	0.1768	0.2821	0.1867	0.2716	0.289	0.1308	0.4405	0.3362
172	0.1003	0.2704	0.2695	0.1089	0.2915	0.2307	0.1773	0.2818	0.1867	0.2716	0.2887	0.1306	0.4405	0.3358
173	0.1	0.2695	0.2693	0.1093	0.2917	0.2303	0.1769	0.2815	0.1868	0.2726	0.289	0.1306	0.4406	0.3359
174	0.099	0.2731	0.2702	0.1091	0.2921	0.2309	0.1779	0.2821	0.1866	0.2721	0.2889	0.1306	0.4411	0.3361
175	0.0985	0.2715	0.2694	0.109	0.2918	0.2306	0.1775	0.2819	0.1864	0.2722	0.2888	0.1307	0.4415	0.3364
176	0.0987	0.2721	0.2699	0.1095	0.2926	0.2304	0.1769	0.282	0.1867	0.2723	0.2893	0.1306	0.4409	0.3364
177	0.0975	0.2713	0.27	0.1095	0.2918	0.2301	0.1767	0.2812	0.1868	0.2732	0.289	0.1305	0.4407	0.3358
178	0.0977	0.2713	0.2695	0.1096	0.2919	0.2299	0.1772	0.2815	0.1868	0.2734	0.2894	0.1304	0.4401	0.336
179	0.0964	0.2743	0.27	0.1094	0.2921	0.2303	0.1777	0.2818	0.187	0.2729	0.2894	0.1303	0.4403	0.3361
180	0.0962	0.2728	0.2681	0.109	0.2898	0.2303	0.1777	0.2808	0.1868	0.2737	0.2886	0.1305	0.441	0.3355
181	0.0966	0.2724	0.2683	0.1092	0.2901	0.2299	0.1775	0.2807	0.187	0.2739	0.2889	0.1304	0.441	0.3357
182	0.0958	0.2724	0.2683	0.1096	0.2911	0.2303	0.1777	0.2818	0.187	0.2731	0.2894	0.1304	0.4414	0.3364
183	0.0947	0.2762	0.2692	0.109	0.2913	0.2307	0.1778	0.2819	0.187	0.273	0.2893	0.1304	0.4414	0.3363
184	0.0948	0.274	0.2682	0.1088	0.2904	0.2307	0.1778	0.2816	0.1869	0.2733	0.2891	0.1304	0.4419	0.3362
185	0.0942	0.2739	0.2684	0.1095	0.2907	0.2309	0.1776	0.2816	0.1866	0.2724	0.2888	0.1303	0.4415	0.3361
186	0.0941	0.2785	0.2688	0.1097	0.2908	0.2309	0.178	0.2818	0.1864	0.2724	0.2887	0.1305	0.4424	0.3365
187	0.0937	0.277	0.269	0.1099	0.2911	0.2304	0.1782	0.2817	0.1866	0.2727	0.289	0.1305	0.4424	0.3366
188	0.0936	0.2767	0.2681	0.1095	0.2905	0.2304	0.1785	0.2817	0.1865	0.2727	0.289	0.1305	0.4417	0.3364
189	0.0931	0.2776	0.2684	0.1097	0.2904	0.2306	0.1796	0.2817	0.1865	0.2728	0.2887	0.1302	0.442	0.3361
190	0.0921	0.2737	0.2687	0.1096	0.2912	0.23	0.1783	0.2818	0.1863	0.2729	0.2892	0.1303	0.4425	0.3369
191	0.0923	0.2789	0.2684	0.1098	0.2904	0.2296	0.1782	0.2811	0.1861	0.2729	0.2888	0.1303	0.4425	0.3367
192	0.0912	0.2805	0.2687	0.11	0.2906	0.2298	0.1784	0.2813	0.1864	0.2729	0.289	0.1303	0.4418	0.3366
193	0.0923	0.278	0.2694	0.1105	0.2915	0.2297	0.1776	0.2814	0.1861	0.2723	0.2889	0.1302	0.4416	0.3366
194	0.0912	0.2811	0.2708	0.1107	0.2925	0.2289	0.1777	0.2811	0.1865	0.2736	0.2895	0.13	0.4416	0.3366
195	0.0914	0.2804	0.2696	0.1105	0.2913	0.2286	0.1776	0.2805	0.186	0.2727	0.2887	0.1301	0.4422	0.3365
196	0.0914	0.279	0.2692	0.1099	0.2906	0.2277	0.1771	0.2797	0.1858	0.2729	0.2884	0.1299	0.4416	0.3361
197	0.0899	0.2813	0.2691	0.1104	0.2909	0.2273	0.1766	0.2796	0.1858	0.2727	0.2885	0.1299	0.4414	0.3362
198	0.0903	0.2834	0.2678	0.1097	0.2904	0.2276	0.1772	0.2801	0.1857	0.2729	0.2887	0.1299	0.4412	0.3363
199	0.0899	0.2806	0.268	0.1101	0.2898	0.228	0.1774	0.2798	0.1857	0.2734	0.2884	0.1299	0.4412	0.3359
200	0.0893	0.2851	0.267	0.11	0.2888	0.2279	0.1773	0.2792	0.1853	0.2728	0.2877	0.13	0.4415	0.3357
201	0.0893	0.28	0.267	0.1094	0.2888	0.2278	0.1773	0.2794	0.1855	0.2735	0.2881	0.1299	0.441	0.3357
202	0.0881	0.28	0.268	0.1101	0.2895	0.2287	0.1776	0.28	0.1857	0.2733	0.2882	0.1299	0.4414	0.3358
203	0.0884	0.2838	0.2671	0.1099	0.2887	0.2283	0.1783	0.2798	0.1855	0.2729	0.288	0.1299	0.4411	0.3357
204	0.0881	0.2845	0.2677	0.1099	0.2894	0.2288	0.1783	0.2802	0.1854	0.2726	0.288	0.1298	0.4412	0.3358
205	0.0882	0.2799	0.2666	0.1099	0.2888	0.2279	0.1775	0.2795	0.1857	0.2727	0.2881	0.1298	0.441	0.3356
206	0.0879	0.2853	0.266	0.1096	0.2875	0.2274	0.1774	0.2784	0.1856	0.273	0.2874	0.1297	0.4407	0.3348
207	0.0878	0.2833	0.2662	0.1095	0.2881	0.2281	0.1774	0.2792	0.1852	0.2732	0.2876	0.1297	0.4409	0.3352
208	0.0865	0.2855	0.2669	0.1098	0.2889	0.2283	0.1774	0.2797	0.1855	0.2731	0.2879	0.1297	0.4405	0.3353
209	0.0869	0.2845	0.2659	0.1097	0.2888	0.2277	0.1773	0.2795	0.1853	0.2727	0.288	0.1296	0.4406	0.3355
210	0.0869	0.283	0.2656	0.109	0.2882	0.2282	0.1782	0.2798	0.1853	0.2724	0.2877	0.1295	0.4401	0.3351
211	0.0867	0.2864	0.2658	0.1093	0.2882	0.2274	0.1774	0.2792	0.185	0.2723	0.2876	0.1295	0.4402	0.3352
212	0.0854	0.2814	0.2668	0.1096	0.2889	0.228	0.1775	0.2796	0.185	0.2732	0.2879	0.1294	0.4399	0.3352
213	0.085	0.2871	0.2664	0.1096	0.2881	0.228	0.1782	0.2793	0.1845	0.2726	0.2871	0.1294	0.4402	0.3349
214	0.0855	0.2894	0.2663	0.1087	0.2881	0.228	0.1783	0.2794	0.1848	0.2726	0.2874	0.1294	0.4405	0.3351
215	0.0853	0.2848	0.2662	0.1093	0.2882	0.2277	0.1787	0.2795	0.1846	0.2727	0.2875	0.1294	0.4412	0.3354
216	0.0851	0.2861	0.2668	0.11	0.2891	0.2283	0.1783	0.2802	0.1854	0.2735	0.2885	0.1293	0.4401	0.3356
217	0.0845	0.2883	0.2655	0.1092	0.2882	0.2281	0.1788	0.28	0.1849	0.2728	0.2879	0.1294	0.4401	0.3355
218	0.0851	0.2901	0.2657	0.109	0.2877	0.2274	0.1785	0.2792	0.1849	0.2734	0.2876	0.1292	0.4401	0.335
219	0.0839	0.2848	0.2665	0.1094	0.2887	0.2275	0.1782	0.2796	0.1849	0.2731	0.288	0.1293	0.4402	0.3355
220	0.0839	0.2867	0.2665	0.1095	0.2885	0.2274	0.1781	0.2792	0.1849	0.2729	0.2877	0.1293	0.4407	0.3353
221	0.0831	0.2904	0.2656	0.1094	0.2873	0.2273	0.1782	0.2788	0.1851	0.2736	0.2876	0.1293	0.4407	0.3351
222	0.0833	0.2892	0.2657	0.1094	0.2879	0.227	0.1782	0.279	0.185	0.2733	0.2878	0.1294	0.4414	0.3356
223	0.0837	0.2878	0.267	0.1102	0.2886	0.2274	0.1781	0.2791	0.1853	0.274	0.2881	0.1292	0.4413	0.3354
224	0.083	0.2927	0.265	0.1096	0.2867	0.2271	0.1785	0.2785	0.1849	0.2733	0.2872	0.1291	0.4409	0.3348
225	0.0829	0.2881	0.2653	0.1103	0.2872	0.2275	0.178	0.2787	0.185	0.2737	0.2876	0.1291	0.4402	0.3348
226	0.0828	0.2934	0.265	0.1097	0.2867	0.2276	0.178	0.2785	0.1846	0.2729	0.2869	0.1291	0.4404	0.3346
227	0.082	0.2901	0.2661	0.1097	0.2875	0.2277	0.1791	0.2791	0.1848	0.2734	0.2873	0.1291	0.4405	0.3347
228	0.0818	0.29	0.2654	0.1097	0.2872	0.2272	0.1783	0.2788	0.1846	0.273	0.2872	0.1292	0.441	0.3351
229	0.082	0.2919	0.2656	0.1101	0.2875	0.2269	0.1787	0.2787	0.1843	0.273	0.287	0.1291	0.4403	0.3349
230	0.0816	0.2944	0.2657	0.1102	0.2878	0.2267	0.1787	0.2788	0.1844	0.2731	0.2873	0.1291	0.4404	0.335
231	0.0818	0.2961	0.2652	0.11	0.2872	0.2267	0.1787	0.2785	0.1843	0.2734	0.2871	0.129	0.4413	0.335
232	0.0811	0.2942	0.2663	0.1104	0.2879	0.2267	0.179	0.2785	0.1842	0.2731	0.2869	0.1291	0.4411	0.3349
233	0.0804	0.297	0.2659	0.1102	0.2882	0.2265	0.1783	0.2789	0.1842	0.2724	0.2873	0.129	0.4412	0.3354
234	0.0806	0.293	0.266	0.11	0.2887	0.2264	0.178	0.279	0.184	0.2718	0.2872	0.1288	0.4411	0.3353
235	0.0808	0.296	0.2666	0.1097	0.2886	0.2269	0.1783	0.279	0.1836	0.2713	0.2866	0.1289	0.4405	0.3349
236	0.0803	0.2975	0.2662	0.1099	0.2885	0.2262	0.178	0.2786	0.1841	0.2724	0.2871	0.1289	0.4408	0.3352
237	0.0794	0.297	0.2668	0.1104	0.2888	0.2253	0.1775	0.2779	0.1842	0.2725	0.287	0.129	0.4417	0.3353
238	0.0798	0.2925	0.2664	0.1101	0.2886	0.2257	0.1776	0.2783	0.184	0.2725	0.2871	0.1289	0.4416	0.3354
239	0.0793	0.2966	0.2666	0.111	0.2893	0.2258	0.1773	0.2785	0.1843	0.2725	0.2874	0.1288	0.4413	0.3354
240	0.0799	0.296	0.2646	0.1097	0.288	0.2261	0.1782	0.2789	0.1841	0.2721	0.2872	0.1287	0.4406	0.3351
241	0.0789	0.301	0.2646	0.1097	0.2878	0.2258	0.1777	0.2784	0.1839	0.2721	0.287	0.1287	0.4408	0.3351
242	0.0794	0.2976	0.2653	0.1096	0.2885	0.2258	0.1775	0.2786	0.1839	0.2723	0.2872	0.1287	0.4404	0.3351
243	0.0785	0.2964	0.2647	0.1094	0.288	0.2257	0.1778	0.2785	0.1837	0.2723	0.287	0.1285	0.4397	0.3346
244	0.0783	0.2961	0.2651	0.1097	0.2882	0.2258	0.1776	0.2783	0.1838	0.2726	0.287	0.1284	0.4396	0.3344
245	0.0789	0.3009	0.2667	0.1101	0.2893	0.226	0.1778	0.2786	0.1836	0.2722	0.2868	0.1285	0.4401	0.3347
246	0.078	0.2988	0.266	0.1099	0.2888	0.2261	0.1775	0.2787	0.1838	0.2724	0.2871	0.1284	0.4401	0.3347
247	0.0782	0.2973	0.2652	0.1094	0.2878	0.2261	0.1773	0.2782	0.1835	0.2718	0.2863	0.1282	0.439	0.3339
248	0.0778	0.2994	0.2655	0.1095	0.2877	0.2255	0.1771	0.2777	0.1834	0.2718	0.2862	0.1283	0.4402	0.3342
249	0.0779	0.2992	0.2643	0.1093	0.2865	0.2253	0.1772	0.2772	0.1832	0.2717	0.2857	0.1283	0.4397	0.3337
250	0.0777	0.3025	0.2645	0.1094	0.2874	0.2257	0.1774	0.2779	0.1834	0.2714	0.2861	0.1282	0.4393	0.334
251	0.0771	0.2983	0.2647	0.1099	0.2868	0.2253	0.1775	0.2772	0.1831	0.2706	0.2855	0.1281	0.4396	0.3337
252	0.0775	0.3013	0.2649	0.1104	0.2871	0.2251	0.1778	0.2772	0.1831	0.2715	0.2858	0.1281	0.44	0.3339
253	0.0771	0.2976	0.2649	0.1099	0.287	0.2253	0.1773	0.2772	0.1833	0.2718	0.286	0.1281	0.4396	0.3338
254	0.077	0.3003	0.2642	0.1097	0.2872	0.2245	0.1768	0.2772	0.1832	0.2714	0.2863	0.1281	0.4401	0.3343
255	0.0766	0.3007	0.2647	0.1099	0.287	0.2246	0.1767	0.2768	0.183	0.2713	0.2857	0.128	0.4398	0.3338
256	0.0765	0.3009	0.2637	0.1097	0.2861	0.2253	0.1774	0.2771	0.1827	0.2713	0.2855	0.128	0.44	0.3338
257	0.0762	0.3044	0.2634	0.1093	0.2855	0.2246	0.1774	0.2764	0.1827	0.272	0.2854	0.1279	0.4399	0.3335
258	0.076	0.3044	0.2648	0.1099	0.2862	0.2246	0.1776	0.2764	0.1829	0.2722	0.2855	0.1279	0.4394	0.3334
259	0.0762	0.3036	0.2639	0.1092	0.2853	0.2246	0.1776	0.2762	0.1826	0.2712	0.285	0.1281	0.4394	0.3333
260	0.0762	0.3038	0.2659	0.1107	0.287	0.2245	0.1775	0.2764	0.1827	0.271	0.2853	0.128	0.439	0.3335
261	0.0764	0.3051	0.2647	0.1105	0.2863	0.2249	0.1779	0.2769	0.1826	0.2716	0.2855	0.1278	0.4385	0.3334
262	0.0756	0.3025	0.2639	0.1104	0.2859	0.2243	0.1773	0.2762	0.1824	0.2715	0.2852	0.128	0.4398	0.3336
263	0.0755	0.3046	0.2636	0.1108	0.2856	0.2242	0.1772	0.2761	0.1823	0.2719	0.2852	0.1278	0.439	0.3333
264	0.0753	0.3063	0.2639	0.1105	0.2855	0.2238	0.1765	0.2755	0.1824	0.2714	0.285	0.128	0.4396	0.3334
265	0.0752	0.3048	0.2646	0.1107	0.2859	0.2237	0.1764	0.2752	0.1821	0.2711	0.2847	0.1278	0.4391	0.3331
266	0.0749	0.3037	0.2632	0.1101	0.2846	0.2241	0.1766	0.2752	0.1821	0.2708	0.2843	0.1276	0.4379	0.3324
267	0.0751	0.3038	0.263	0.1092	0.2847	0.2233	0.1762	0.275	0.1822	0.2711	0.2846	0.1276	0.4385	0.3327
268	0.0746	0.3061	0.2626	0.1096	0.2844	0.2236	0.1765	0.2752	0.1822	0.2714	0.2846	0.1276	0.4384	0.3326
269	0.0742	0.3072	0.2626	0.1097	0.2839	0.2239	0.1768	0.2749	0.1821	0.2714	0.2841	0.1275	0.4377	0.332
270	0.0743	0.3086	0.263	0.1098	0.2846	0.2235	0.1769	0.2752	0.182	0.2716	0.2845	0.1275	0.4381	0.3324
271	0.0745	0.3092	0.2612	0.109	0.2832	0.2229	0.1769	0.2745	0.1816	0.2711	0.2839	0.1274	0.4384	0.3322
272	0.0745	0.3065	0.2609	0.1091	0.283	0.2225	0.1765	0.2743	0.1818	0.2712	0.2841	0.1272	0.4384	0.3322
273	0.0739	0.3044	0.2601	0.1086	0.2824	0.222	0.1761	0.2738	0.1814	0.2713	0.2838	0.1272	0.4387	0.3321
274	0.0739	0.3065	0.2611	0.109	0.2832	0.222	0.1761	0.2739	0.1813	0.2708	0.2837	0.127	0.4384	0.332
275	0.0735	0.312	0.2607	0.1087	0.2822	0.2222	0.1759	0.2735	0.1814	0.2712	0.2834	0.1271	0.4385	0.3316
276	0.074	0.3105	0.2617	0.1097	0.2834	0.2224	0.1759	0.274	0.1813	0.2712	0.2837	0.127	0.4379	0.3317
277	0.0733	0.3113	0.262	0.1096	0.2841	0.2231	0.1765	0.2748	0.1817	0.2721	0.2843	0.1271	0.438	0.332
278	0.0735	0.3113	0.2618	0.109	0.2842	0.2229	0.1761	0.2749	0.1812	0.2705	0.2839	0.1269	0.4365	0.3317
279	0.0731	0.3109	0.2617	0.1087	0.2842	0.2226	0.1761	0.2748	0.1817	0.2708	0.2843	0.1271	0.4379	0.3322
280	0.0729	0.3106	0.2613	0.1089	0.2836	0.223	0.1762	0.2747	0.1814	0.2707	0.2839	0.127	0.4375	0.3319
281	0.0728	0.3119	0.2605	0.1084	0.2832	0.2223	0.1765	0.2744	0.1818	0.2709	0.2841	0.1268	0.4375	0.3316
282	0.0732	0.3111	0.2601	0.1082	0.2822	0.2212	0.1763	0.2732	0.1813	0.27	0.2831	0.1269	0.4377	0.3312
283	0.0727	0.3151	0.26	0.1079	0.2818	0.2215	0.1762	0.2731	0.1814	0.2704	0.2831	0.127	0.4379	0.3313
284	0.0722	0.3151	0.2599	0.1086	0.2819	0.2223	0.1766	0.2736	0.181	0.2699	0.2828	0.1271	0.4378	0.3312
285	0.0731	0.312	0.2608	0.1089	0.283	0.2213	0.1763	0.2734	0.1812	0.2703	0.2834	0.127	0.4375	0.3315
286	0.0721	0.3096	0.26	0.1084	0.282	0.2217	0.1763	0.2732	0.181	0.2696	0.2828	0.1269	0.4379	0.3314
287	0.0722	0.3138	0.2601	0.1085	0.2821	0.2221	0.1766	0.2737	0.181	0.2696	0.2829	0.1267	0.4369	0.3311
288	0.0722	0.3073	0.2606	0.1087	0.283	0.222	0.1763	0.274	0.181	0.27	0.2834	0.1267	0.4364	0.3313
289	0.0717	0.3168	0.2615	0.1091	0.2838	0.2222	0.1767	0.2744	0.1809	0.2698	0.2834	0.1267	0.4368	0.3315
290	0.0718	0.3126	0.2618	0.109	0.2842	0.222	0.1764	0.2743	0.1806	0.2694	0.2832	0.1266	0.4367	0.3314
291	0.0717	0.3122	0.2613	0.1092	0.2841	0.2224	0.1766	0.2747	0.1811	0.2704	0.2839	0.1266	0.4365	0.3316
292	0.0719	0.3132	0.2625	0.1097	0.2854	0.2224	0.1765	0.2751	0.181	0.2695	0.284	0.1267	0.4367	0.332
293	0.0716	0.3108	0.2611	0.1092	0.2838	0.2221	0.1767	0.2745	0.1811	0.2695	0.2836	0.1266	0.4359	0.3314
294	0.0714	0.3106	0.2613	0.1093	0.2836	0.2225	0.1768	0.2745	0.1806	0.2692	0.2831	0.1266	0.4363	0.3313
295	0.071	0.3156	0.2603	0.1092	0.2825	0.2228	0.1768	0.2743	0.1804	0.2693	0.2826	0.1266	0.4367	0.331
296	0.071	0.3161	0.2614	0.1094	0.2834	0.2222	0.1761	0.2739	0.1806	0.2695	0.2829	0.1266	0.4371	0.3312
297	0.0712	0.3166	0.2599	0.1087	0.2813	0.2218	0.176	0.2728	0.1804	0.2694	0.2821	0.1264	0.4365	0.3304
298	0.07	0.3155	0.2606	0.1093	0.2824	0.2206	0.175	0.2723	0.1805	0.27	0.2826	0.1264	0.4361	0.3305
299	0.0703	0.3156	0.2601	0.1091	0.2825	0.2216	0.1759	0.2733	0.1804	0.2695	0.2827	0.1263	0.4365	0.3307
300	0.0707	0.3179	0.2602	0.109	0.2824	0.2213	0.1761	0.2731	0.1804	0.2696	0.2825	0.1264	0.4363	0.3306
301	0.0708	0.3152	0.2598	0.1088	0.282	0.2214	0.1759	0.2729	0.1805	0.2697	0.2824	0.1265	0.4362	0.3305
302	0.0695	0.3175	0.2601	0.1086	0.2821	0.2212	0.1761	0.2729	0.1811	0.2703	0.2829	0.1264	0.4357	0.3305
303	0.0703	0.3162	0.2599	0.1085	0.2819	0.2211	0.176	0.2727	0.1809	0.2704	0.2827	0.1265	0.4365	0.3306
304	0.0703	0.317	0.2587	0.1085	0.2813	0.2208	0.176	0.2726	0.1808	0.2697	0.2826	0.1263	0.4357	0.3303
305	0.0694	0.3142	0.2594	0.1088	0.2812	0.2209	0.1762	0.2722	0.1808	0.2695	0.2821	0.1263	0.4359	0.33
306	0.0701	0.3185	0.2581	0.1082	0.2798	0.2206	0.1758	0.2716	0.1805	0.2692	0.2815	0.1262	0.4356	0.3295
307	0.0696	0.319	0.2578	0.1081	0.2797	0.2209	0.1763	0.2719	0.1804	0.269	0.2816	0.126	0.4348	0.3294
308	0.0696	0.3212	0.2594	0.1085	0.2805	0.2209	0.176	0.2719	0.1803	0.2694	0.2816	0.126	0.4352	0.3294
309	0.0698	0.3205	0.2586	0.1082	0.2799	0.2212	0.176	0.2719	0.1804	0.2694	0.2815	0.1261	0.4349	0.3293
310	0.0699	0.3199	0.2585	0.1084	0.2797	0.2203	0.1753	0.2711	0.18	0.269	0.281	0.126	0.4344	0.3289
311	0.0698	0.3215	0.2577	0.1077	0.279	0.2207	0.1757	0.2713	0.1796	0.2688	0.2807	0.1259	0.4348	0.3288
312	0.0691	0.3227	0.2577	0.108	0.2791	0.2204	0.1752	0.2709	0.1795	0.2687	0.2805	0.126	0.435	0.3288
313	0.0691	0.3204	0.2574	0.1078	0.2793	0.2208	0.1754	0.2716	0.1797	0.2689	0.2809	0.1258	0.4346	0.3289
314	0.069	0.3204	0.2583	0.1083	0.2798	0.2204	0.1756	0.2712	0.1802	0.2698	0.2811	0.1259	0.4345	0.3286
315	0.069	0.3228	0.2575	0.1076	0.2793	0.2198	0.1745	0.2706	0.1797	0.2693	0.2806	0.1259	0.4342	0.3283
316	0.0687	0.3219	0.2573	0.1078	0.2794	0.2195	0.1739	0.2704	0.1795	0.2688	0.2806	0.1259	0.4347	0.3286
317	0.0686	0.3252	0.2578	0.108	0.2798	0.2195	0.1745	0.2706	0.1797	0.2689	0.2808	0.1257	0.4343	0.3285
318	0.0686	0.3164	0.2589	0.1084	0.281	0.2198	0.1748	0.2712	0.1797	0.2692	0.2813	0.1258	0.4346	0.3291
319	0.0686	0.3194	0.258	0.1079	0.28	0.2202	0.1747	0.2711	0.1795	0.269	0.2809	0.1256	0.4337	0.3285
320	0.0683	0.3245	0.2581	0.1083	0.2801	0.2203	0.1749	0.2713	0.1796	0.2689	0.281	0.1257	0.434	0.3287
321	0.0681	0.3245	0.2574	0.1078	0.2795	0.2201	0.1751	0.2712	0.1792	0.2688	0.2808	0.1258	0.4348	0.329
322	0.0683	0.3239	0.2577	0.1081	0.2796	0.2204	0.1753	0.2714	0.1793	0.2692	0.2809	0.1257	0.4345	0.3288
323	0.0683	0.3273	0.2582	0.1082	0.2796	0.2203	0.1757	0.2712	0.1794	0.2693	0.2809	0.1255	0.434	0.3285
324	0.068	0.3245	0.2581	0.1081	0.2801	0.2206	0.1755	0.2718	0.1796	0.2697	0.2815	0.1255	0.4339	0.3289
325	0.0684	0.3214	0.2587	0.1087	0.2803	0.2209	0.1758	0.2718	0.1795	0.2692	0.2813	0.1254	0.4334	0.3286
326	0.0684	0.3239	0.2581	0.1078	0.2797	0.2213	0.1763	0.2721	0.1794	0.2691	0.2811	0.1253	0.4331	0.3283
327	0.0673	0.3261	0.2586	0.108	0.2802	0.2201	0.1752	0.2712	0.1793	0.2688	0.281	0.1251	0.4327	0.3281
328	0.0684	0.3243	0.2591	0.1084	0.2809	0.2199	0.1748	0.2714	0.1797	0.2694	0.2815	0.125	0.4325	0.3282
329	0.0672	0.3254	0.2596	0.1085	0.2812	0.22	0.1752	0.2715	0.1793	0.2692	0.2813	0.1251	0.4329	0.3283
330	0.0679	0.3229	0.2597	0.1083	0.2811	0.2203	0.1759	0.2717	0.1792	0.2692	0.2811	0.1251	0.433	0.3283
331	0.0678	0.3245	0.2577	0.1081	0.2797	0.2196	0.1756	0.271	0.1791	0.2691	0.2808	0.125	0.433	0.3279
332	0.0673	0.3199	0.2583	0.1082	0.2799	0.2187	0.1748	0.2701	0.179	0.2691	0.2806	0.1251	0.4332	0.3279
333	0.0678	0.3252	0.2584	0.108	0.2797	0.2191	0.1748	0.2704	0.1787	0.2684	0.2802	0.125	0.4324	0.3275
334	0.0672	0.3246	0.2573	0.107	0.2791	0.2194	0.1748	0.2705	0.1787	0.2687	0.2803	0.1249	0.4325	0.3275
335	0.0676	0.3329	0.2575	0.1075	0.2791	0.2191	0.1747	0.2701	0.1787	0.2684	0.28	0.125	0.4324	0.3273
336	0.0667	0.3264	0.2564	0.1071	0.278	0.2188	0.1753	0.2698	0.1782	0.2678	0.2794	0.1249	0.4319	0.327
337	0.0669	0.3252	0.2561	0.1068	0.2777	0.2184	0.1749	0.2694	0.1783	0.2675	0.2792	0.1248	0.432	0.3268
338	0.0668	0.3226	0.2563	0.1076	0.278	0.2192	0.1754	0.2701	0.1783	0.2677	0.2794	0.1247	0.4317	0.3268
339	0.0671	0.3251	0.2558	0.1069	0.2779	0.2187	0.1751	0.2699	0.1783	0.2679	0.2796	0.1247	0.4322	0.3271
340	0.0665	0.322	0.2559	0.1073	0.2777	0.2188	0.1754	0.2698	0.1783	0.2674	0.2794	0.1246	0.4321	0.3269
341	0.0666	0.324	0.2559	0.1073	0.2783	0.219	0.1749	0.2704	0.1787	0.268	0.2802	0.1248	0.4324	0.3275
342	0.066	0.3264	0.2567	0.1074	0.2786	0.2184	0.1742	0.2696	0.1787	0.2677	0.2798	0.1247	0.4321	0.3271
343	0.0665	0.3292	0.2564	0.1073	0.2782	0.2198	0.175	0.2705	0.1783	0.2677	0.2796	0.1246	0.4323	0.3271
344	0.0661	0.3315	0.2559	0.1075	0.2786	0.2195	0.1746	0.2708	0.1782	0.2676	0.2799	0.1247	0.432	0.3274
345	0.0667	0.3316	0.2557	0.1076	0.2785	0.2185	0.1741	0.2701	0.1779	0.2676	0.2797	0.1245	0.4317	0.3272
346	0.0661	0.3276	0.2569	0.1081	0.2791	0.2186	0.1737	0.27	0.1784	0.268	0.2801	0.1246	0.4313	0.3272
347	0.0664	0.3299	0.2571	0.1082	0.2796	0.2191	0.1744	0.2707	0.1784	0.2677	0.2802	0.1245	0.4315	0.3274
348	0.0663	0.3337	0.2556	0.1075	0.2785	0.2193	0.1746	0.2707	0.1784	0.2672	0.28	0.1247	0.4319	0.3275
349	0.0666	0.3308	0.2566	0.1078	0.279	0.2188	0.1744	0.2702	0.1782	0.2671	0.2796	0.1247	0.4314	0.3271
350	0.0662	0.3301	0.2549	0.1073	0.2779	0.2188	0.1746	0.2701	0.1779	0.2665	0.2793	0.1245	0.4311	0.3269
351	0.0654	0.3295	0.2558	0.1076	0.2782	0.2185	0.1745	0.2699	0.1778	0.2666	0.2793	0.1244	0.4307	0.3268
352	0.0656	0.3325	0.2558	0.1077	0.2783	0.2183	0.1738	0.2697	0.178	0.2671	0.2794	0.1244	0.4306	0.3266
353	0.0659	0.331	0.2567	0.1077	0.2786	0.2184	0.174	0.2697	0.1779	0.267	0.2792	0.1243	0.431	0.3265
354	0.0659	0.3317	0.2564	0.1077	0.2785	0.2181	0.1737	0.2694	0.1778	0.2676	0.2792	0.1242	0.4309	0.3264
355	0.0649	0.3297	0.2564	0.108	0.2783	0.2185	0.174	0.2694	0.178	0.2676	0.2791	0.1242	0.4306	0.3261
356	0.0652	0.3298	0.2554	0.1075	0.2779	0.2182	0.174	0.2694	0.1776	0.2672	0.279	0.1242	0.4311	0.3263
357	0.0654	0.331	0.2562	0.1077	0.2783	0.2188	0.1742	0.2697	0.1774	0.2669	0.2787	0.1242	0.4309	0.3261
358	0.0649	0.3352	0.2567	0.1082	0.279	0.2188	0.1744	0.2701	0.1774	0.2668	0.2789	0.1242	0.4308	0.3264
359	0.0652	0.3295	0.2562	0.1078	0.2781	0.2186	0.174	0.2694	0.1775	0.2665	0.2785	0.1241	0.431	0.326
360	0.0653	0.335	0.2553	0.1075	0.2779	0.2184	0.174	0.2696	0.1772	0.2664	0.2787	0.1241	0.431	0.3264
361	0.0651	0.3341	0.2568	0.1079	0.2793	0.219	0.1743	0.2705	0.1776	0.2669	0.2795	0.1242	0.4314	0.3269
362	0.0652	0.3357	0.2569	0.1077	0.2795	0.2188	0.1742	0.2703	0.1772	0.2661	0.2791	0.1242	0.4308	0.3267
363	0.0651	0.3336	0.2569	0.1082	0.2791	0.2188	0.1743	0.2701	0.1772	0.2665	0.2789	0.1242	0.4313	0.3265
364	0.0649	0.3364	0.2556	0.1075	0.2781	0.2184	0.1733	0.2694	0.177	0.2661	0.2784	0.124	0.4306	0.326
365	0.0653	0.3351	0.2567	0.1083	0.2785	0.2181	0.1736	0.2691	0.1766	0.2655	0.2778	0.1238	0.4303	0.3256
366	0.065	0.3324	0.2569	0.108	0.2787	0.218	0.1733	0.2692	0.1768	0.2663	0.2784	0.1239	0.4308	0.326
367	0.0647	0.3386	0.2566	0.108	0.2786	0.2176	0.1731	0.269	0.1765	0.2662	0.2783	0.1238	0.4304	0.3261
368	0.0648	0.3368	0.2564	0.1078	0.2786	0.218	0.1733	0.2694	0.1766	0.2658	0.2784	0.1238	0.4308	0.3262
369	0.0642	0.3351	0.2565	0.1077	0.2786	0.2182	0.1736	0.2694	0.1763	0.2657	0.2781	0.1239	0.4305	0.3261
370	0.0644	0.332	0.2555	0.1076	0.278	0.2178	0.1729	0.269	0.1762	0.2651	0.2777	0.1238	0.43	0.3257
371	0.0643	0.3317	0.2562	0.1079	0.2788	0.2173	0.1728	0.2691	0.1761	0.2645	0.2778	0.1237	0.4298	0.3258
372	0.0645	0.337	0.2557	0.1074	0.2783	0.2175	0.173	0.2691	0.1763	0.265	0.2779	0.1237	0.4295	0.3257
373	0.0645	0.3373	0.2563	0.1077	0.2785	0.2179	0.173	0.2692	0.1762	0.2646	0.2776	0.1236	0.4296	0.3255
374	0.0644	0.3439	0.2574	0.1081	0.2785	0.2176	0.1728	0.2684	0.1762	0.2649	0.2772	0.1238	0.4305	0.3254
375	0.0645	0.3344	0.2562	0.1078	0.2778	0.2172	0.1726	0.2681	0.1763	0.2646	0.2772	0.1235	0.4301	0.3252
376	0.0642	0.3347	0.2563	0.1081	0.2772	0.2172	0.1726	0.2677	0.1764	0.2649	0.2769	0.1233	0.4288	0.3244
377	0.0638	0.3425	0.2568	0.1081	0.278	0.2172	0.1726	0.268	0.1765	0.2649	0.2774	0.1233	0.4285	0.3246
378	0.0645	0.3415	0.2562	0.1081	0.2776	0.2172	0.1727	0.2679	0.1765	0.265	0.2773	0.1233	0.4287	0.3246
379	0.064	0.3371	0.2562	0.1081	0.2776	0.2169	0.1726	0.2678	0.1761	0.265	0.2771	0.1232	0.4285	0.3245
380	0.0641	0.3428	0.256	0.108	0.2776	0.2173	0.173	0.2681	0.1763	0.265	0.2771	0.123	0.4274	0.324
381	0.0638	0.3354	0.2553	0.1077	0.2775	0.2173	0.1735	0.2686	0.1764	0.265	0.2775	0.123	0.4276	0.3245
382	0.0644	0.3399	0.2544	0.1074	0.2767	0.2174	0.1733	0.2683	0.1759	0.2648	0.277	0.1229	0.4271	0.3241
383	0.0634	0.3379	0.2546	0.1071	0.2764	0.217	0.1731	0.2679	0.1755	0.2645	0.2766	0.1231	0.4276	0.3241
384	0.0638	0.336	0.2554	0.1077	0.2772	0.2164	0.1725	0.2676	0.1756	0.2645	0.2767	0.1231	0.4277	0.3243
385	0.0635	0.3358	0.2549	0.1074	0.2765	0.2165	0.1725	0.2672	0.1755	0.2643	0.2762	0.1229	0.4271	0.3236
386	0.0634	0.3402	0.2547	0.1073	0.2767	0.217	0.1728	0.2679	0.1755	0.2639	0.2765	0.123	0.4278	0.3241
387	0.0636	0.3407	0.2541	0.1074	0.2761	0.2168	0.1726	0.2676	0.1756	0.2641	0.2764	0.123	0.4281	0.324
388	0.063	0.3398	0.2557	0.1079	0.2773	0.2165	0.1728	0.2676	0.1757	0.2641	0.2765	0.1231	0.428	0.3242
389	0.0633	0.3383	0.2556	0.1077	0.2774	0.2166	0.1728	0.2678	0.1755	0.2641	0.2765	0.1231	0.4274	0.324
390	0.0636	0.3383	0.2556	0.108	0.2769	0.2166	0.1734	0.2675	0.1758	0.2644	0.2764	0.1229	0.4275	0.3237
391	0.063	0.3436	0.2556	0.1081	0.2765	0.2162	0.1725	0.2667	0.1758	0.2649	0.2762	0.1229	0.4275	0.3233
392	0.0636	0.343	0.2545	0.1074	0.2759	0.2158	0.1725	0.2666	0.1755	0.2647	0.2761	0.1228	0.4279	0.3234
393	0.0628	0.3404	0.2538	0.1072	0.2755	0.2153	0.1721	0.2662	0.1751	0.2642	0.2756	0.1228	0.4272	0.3231
394	0.063	0.3395	0.2535	0.1074	0.2752	0.215	0.1716	0.2658	0.1751	0.2641	0.2756	0.1228	0.4271	0.3231
395	0.0625	0.3451	0.2534	0.1071	0.2749	0.215	0.1717	0.2656	0.1755	0.2646	0.2757	0.1227	0.4265	0.3227
396	0.0626	0.341	0.2524	0.1071	0.2741	0.2156	0.1724	0.266	0.1752	0.2645	0.2755	0.1226	0.4264	0.3226
397	0.063	0.3378	0.2529	0.1073	0.2749	0.2154	0.1721	0.2662	0.1755	0.2651	0.2761	0.1226	0.4271	0.323
398	0.0622	0.344	0.2534	0.1074	0.2748	0.2151	0.1718	0.2657	0.1755	0.2649	0.2759	0.1225	0.427	0.3228
399	0.0635	0.343	0.2526	0.107	0.2743	0.2151	0.172	0.2658	0.1754	0.2648	0.2759	0.1226	0.427	0.323
400	0.0627	0.3427	0.2522	0.1068	0.2742	0.2145	0.171	0.2654	0.1755	0.265	0.276	0.1225	0.4263	0.3228
401	0.0627	0.3431	0.2532	0.107	0.2749	0.2152	0.1721	0.2661	0.1754	0.2648	0.276	0.1225	0.4265	0.3228
402	0.062	0.3406	0.2538	0.1074	0.2757	0.2149	0.1717	0.2661	0.1752	0.2642	0.2759	0.1225	0.4265	0.323
403	0.0625	0.3391	0.253	0.1073	0.275	0.215	0.172	0.266	0.1756	0.2648	0.2762	0.1225	0.4265	0.3229
404	0.0628	0.3454	0.2532	0.1072	0.2748	0.215	0.1722	0.2658	0.1756	0.265	0.276	0.1225	0.4264	0.3227
405	0.0621	0.3433	0.2539	0.1074	0.276	0.2149	0.1715	0.2661	0.175	0.2636	0.2757	0.1224	0.4261	0.3228
406	0.0625	0.3479	0.254	0.1072	0.276	0.2153	0.1715	0.2664	0.1755	0.2645	0.2763	0.1224	0.4264	0.3231
407	0.062	0.3455	0.2546	0.1079	0.2764	0.2142	0.171	0.2656	0.1755	0.2647	0.2763	0.1224	0.4265	0.3229
408	0.0627	0.3413	0.2537	0.1075	0.276	0.2155	0.1712	0.2664	0.1751	0.2643	0.276	0.1226	0.4272	0.3232
409	0.0618	0.3421	0.2532	0.1072	0.2755	0.2154	0.1714	0.2664	0.1755	0.2648	0.2763	0.1225	0.4267	0.323
410	0.062	0.3457	0.2528	0.107	0.2745	0.2153	0.1716	0.2657	0.175	0.2643	0.2753	0.1224	0.4271	0.3225
411	0.0622	0.3507	0.2534	0.1072	0.2752	0.215	0.1709	0.2657	0.1751	0.2638	0.2755	0.1224	0.427	0.3226
412	0.0625	0.3459	0.2536	0.1075	0.2755	0.2148	0.1708	0.2657	0.1755	0.2643	0.2759	0.1224	0.4265	0.3227
413	0.062	0.3509	0.2534	0.1077	0.2752	0.2146	0.1711	0.2655	0.1752	0.2645	0.2757	0.1223	0.4264	0.3225
414	0.0621	0.347	0.2525	0.1071	0.2746	0.2145	0.1712	0.2654	0.1748	0.2632	0.2752	0.1224	0.4269	0.3226
415	0.0621	0.351	0.2524	0.1067	0.2744	0.2141	0.1709	0.2649	0.1746	0.2638	0.275	0.1223	0.4263	0.3221
416	0.0615	0.3438	0.2532	0.1069	0.2751	0.214	0.1708	0.265	0.1748	0.2639	0.2753	0.1221	0.4265	0.3223
417	0.0615	0.3487	0.2537	0.107	0.2752	0.2147	0.1717	0.2654	0.175	0.2642	0.2753	0.122	0.4259	0.322
418	0.0621	0.3483	0.2529	0.1069	0.2747	0.2144	0.1711	0.2651	0.175	0.2638	0.2752	0.1221	0.4262	0.3221
419	0.0619	0.3458	0.2529	0.1069	0.2749	0.2147	0.1709	0.2655	0.1749	0.2638	0.2754	0.1222	0.4261	0.3223
420	0.0613	0.3476	0.2532	0.107	0.2752	0.2148	0.1706	0.2656	0.1747	0.2632	0.2753	0.1222	0.4265	0.3224
421	0.0615	0.3442	0.2527	0.1069	0.2745	0.2146	0.1707	0.2653	0.175	0.2633	0.2752	0.1221	0.4262	0.3222
422	0.0614	0.3469	0.253	0.1067	0.2748	0.2142	0.1705	0.265	0.1751	0.2637	0.2754	0.1222	0.427	0.3224
423	0.0616	0.3431	0.2527	0.1066	0.2742	0.2138	0.1706	0.2645	0.1747	0.2629	0.2747	0.1221	0.4267	0.3219
424	0.0615	0.3488	0.252	0.1064	0.2736	0.2142	0.171	0.2647	0.1747	0.2632	0.2747	0.1221	0.4264	0.3218
425	0.0614	0.3517	0.2507	0.1058	0.2723	0.2139	0.1703	0.264	0.1745	0.2631	0.2742	0.122	0.426	0.3213
426	0.0614	0.347	0.2508	0.1061	0.2724	0.2143	0.1702	0.2642	0.1739	0.2621	0.2736	0.122	0.426	0.3213
427	0.0614	0.3494	0.2505	0.1065	0.2725	0.214	0.1703	0.2643	0.1742	0.2624	0.2741	0.1218	0.4254	0.3213
428	0.0613	0.3451	0.2509	0.1065	0.2729	0.2143	0.1707	0.2646	0.1738	0.2625	0.274	0.1218	0.4253	0.3214
429	0.061	0.3513	0.2507	0.1063	0.2729	0.2138	0.1702	0.2643	0.174	0.2629	0.2742	0.1219	0.4257	0.3215
430	0.0609	0.3498	0.2503	0.1058	0.2723	0.2132	0.1697	0.2635	0.1738	0.2629	0.2739	0.1219	0.4257	0.3213
431	0.0615	0.3509	0.2498	0.1056	0.2719	0.2136	0.1703	0.2638	0.1736	0.262	0.2735	0.1218	0.4256	0.3211
432	0.0611	0.3494	0.2504	0.1059	0.2726	0.2135	0.17	0.2639	0.1735	0.262	0.2736	0.1218	0.4256	0.3212
433	0.0612	0.35	0.251	0.1062	0.2728	0.214	0.17	0.2641	0.1735	0.2621	0.2736	0.1219	0.4257	0.3214
434	0.0608	0.3514	0.2513	0.1063	0.2728	0.2142	0.1704	0.2642	0.1737	0.2625	0.2736	0.1218	0.4251	0.321
435	0.061	0.3535	0.2518	0.1063	0.2732	0.2138	0.1704	0.2641	0.1738	0.2624	0.2738	0.1216	0.4247	0.3208
436	0.0612	0.3493	0.2515	0.1061	0.2727	0.213	0.1697	0.2633	0.1736	0.2617	0.2732	0.1217	0.4251	0.3207
437	0.061	0.348	0.2515	0.1062	0.273	0.2128	0.1693	0.2632	0.1739	0.2621	0.2735	0.1217	0.4249	0.3205
438	0.0608	0.3524	0.2527	0.1068	0.2736	0.2132	0.1694	0.2634	0.1739	0.2621	0.2734	0.1215	0.4242	0.3202
439	0.061	0.3499	0.2511	0.1064	0.272	0.2137	0.1699	0.2632	0.1736	0.2618	0.2727	0.1214	0.424	0.3196
440	0.0609	0.348	0.2508	0.1058	0.2714	0.2138	0.1706	0.2631	0.1738	0.2622	0.2727	0.1214	0.4236	0.3193
441	0.061	0.353	0.2517	0.1062	0.2722	0.2134	0.1697	0.2629	0.1735	0.2619	0.2726	0.1212	0.4231	0.3193
442	0.0608	0.3533	0.2511	0.1061	0.2718	0.2133	0.1699	0.2628	0.1738	0.2624	0.2729	0.1213	0.4231	0.3193
443	0.0607	0.3511	0.2514	0.1061	0.2725	0.2137	0.1701	0.2634	0.174	0.2624	0.2733	0.1212	0.4237	0.3197
444	0.0603	0.358	0.2508	0.106	0.2718	0.2134	0.1702	0.263	0.1736	0.2618	0.2727	0.1211	0.423	0.3192
445	0.0605	0.3504	0.2504	0.106	0.2711	0.2131	0.1698	0.2625	0.1735	0.2615	0.2724	0.121	0.4223	0.3189
446	0.0605	0.3548	0.2499	0.1061	0.271	0.2131	0.1701	0.2626	0.173	0.261	0.272	0.1212	0.4226	0.319
447	0.0604	0.355	0.2503	0.1064	0.2709	0.213	0.1702	0.2623	0.173	0.2611	0.2718	0.1211	0.4229	0.3188
448	0.0599	0.3575	0.2511	0.1063	0.2719	0.213	0.1698	0.2628	0.1732	0.2615	0.2725	0.1211	0.4229	0.3192
449	0.0605	0.3516	0.2504	0.1059	0.2712	0.2126	0.1692	0.2623	0.173	0.2612	0.2723	0.1211	0.4228	0.3191
450	0.0608	0.357	0.2509	0.1065	0.2718	0.2124	0.1693	0.2624	0.1732	0.2617	0.2726	0.121	0.4226	0.3192
451	0.0603	0.3544	0.2513	0.1066	0.2717	0.212	0.1692	0.2619	0.173	0.2617	0.2724	0.1211	0.4232	0.3192
452	0.0603	0.3556	0.2506	0.1059	0.2708	0.2123	0.1697	0.2618	0.173	0.2616	0.272	0.1211	0.4235	0.319
453	0.061	0.3546	0.2508	0.1057	0.2713	0.2123	0.1689	0.262	0.1731	0.2612	0.2722	0.121	0.4234	0.3191
454	0.0603	0.3549	0.2503	0.1059	0.271	0.2121	0.1689	0.2618	0.1731	0.2613	0.2722	0.1209	0.4229	0.3189
455	0.0601	0.3528	0.2509	0.1061	0.2719	0.2121	0.1689	0.262	0.1729	0.2613	0.2722	0.121	0.4234	0.3192
456	0.0602	0.3549	0.2505	0.1065	0.2711	0.2122	0.1692	0.2616	0.1726	0.2603	0.2713	0.1209	0.423	0.3186
457	0.0601	0.3557	0.251	0.1063	0.2714	0.2113	0.1684	0.2611	0.1728	0.2607	0.2716	0.1209	0.4226	0.3184
458	0.0598	0.358	0.2498	0.1061	0.2708	0.2115	0.1687	0.2613	0.1726	0.2604	0.2715	0.1211	0.4234	0.3189
459	0.0603	0.3593	0.2495	0.1056	0.2707	0.2119	0.1687	0.2616	0.173	0.2608	0.2719	0.121	0.4231	0.3188
460	0.0601	0.3567	0.2492	0.1057	0.2702	0.212	0.1688	0.2616	0.1729	0.2611	0.2718	0.1208	0.4223	0.3185
461	0.0594	0.3558	0.25	0.106	0.2705	0.2115	0.1684	0.261	0.1727	0.2609	0.2715	0.1208	0.4221	0.3182
462	0.0596	0.3573	0.2493	0.1058	0.27	0.2113	0.1683	0.2608	0.1725	0.2604	0.2712	0.1207	0.4218	0.3181
463	0.0597	0.3545	0.2496	0.1057	0.27	0.2114	0.1686	0.2608	0.1722	0.2598	0.2707	0.1206	0.4218	0.3178
464	0.06	0.3557	0.2488	0.1052	0.2696	0.2111	0.1687	0.2608	0.1725	0.2602	0.2711	0.1206	0.4217	0.3179
465	0.0595	0.3583	0.2484	0.1053	0.2695	0.2111	0.1686	0.2608	0.1719	0.2593	0.2706	0.1206	0.4212	0.3177
466	0.0601	0.3576	0.2489	0.1052	0.27	0.2111	0.1692	0.2612	0.1718	0.2592	0.2708	0.1206	0.4211	0.318
467	0.06	0.3551	0.2483	0.1053	0.2693	0.2111	0.1694	0.2609	0.1716	0.2586	0.2702	0.1207	0.4217	0.3179
468	0.0599	0.3608	0.2484	0.1054	0.2696	0.2115	0.1691	0.2612	0.1717	0.2591	0.2706	0.1206	0.4217	0.318
469	0.0593	0.3609	0.2487	0.1051	0.2698	0.2112	0.1691	0.2611	0.1717	0.2591	0.2705	0.1206	0.4218	0.318
470	0.0598	0.3576	0.2489	0.1054	0.2696	0.2108	0.1688	0.2605	0.1715	0.2587	0.2702	0.1206	0.4214	0.3177
471	0.0591	0.3569	0.2487	0.1054	0.2697	0.2103	0.1683	0.2603	0.1716	0.2589	0.2703	0.1208	0.4221	0.318
472	0.06	0.3561	0.2492	0.1062	0.2703	0.2109	0.1685	0.2607	0.1716	0.2585	0.2704	0.1207	0.422	0.3181
473	0.0596	0.3586	0.2489	0.1062	0.2701	0.2105	0.1688	0.2606	0.1712	0.2582	0.2701	0.1206	0.4216	0.3179
474	0.0588	0.3553	0.2495	0.1058	0.2704	0.211	0.169	0.2609	0.1712	0.2581	0.2701	0.1205	0.4214	0.3178
475	0.06	0.3575	0.2488	0.1061	0.2698	0.2107	0.1689	0.2605	0.1712	0.2585	0.2699	0.1205	0.4217	0.3177
476	0.0595	0.3618	0.2485	0.1055	0.2697	0.2107	0.1697	0.2608	0.1713	0.2581	0.2699	0.1205	0.4212	0.3176
477	0.0594	0.3586	0.2492	0.1061	0.2707	0.2107	0.169	0.261	0.1713	0.2582	0.2702	0.1203	0.4207	0.3176
478	0.0593	0.3602	0.2487	0.1058	0.2705	0.211	0.1696	0.2614	0.1715	0.2584	0.2706	0.1204	0.4211	0.318
479	0.0591	0.3611	0.2487	0.1059	0.2705	0.2106	0.1697	0.2611	0.171	0.2578	0.27	0.1202	0.4208	0.3177
480	0.059	0.3594	0.2487	0.1059	0.2706	0.211	0.1693	0.2614	0.1709	0.2581	0.2702	0.1201	0.4205	0.3175
481	0.0589	0.358	0.2489	0.106	0.2708	0.2114	0.1696	0.2617	0.171	0.258	0.2702	0.1201	0.4203	0.3175
482	0.0596	0.3596	0.2487	0.1057	0.2703	0.2114	0.1697	0.2615	0.1714	0.2583	0.2703	0.12	0.4198	0.3171
483	0.0594	0.3618	0.2492	0.1061	0.2705	0.2113	0.1697	0.2614	0.1711	0.258	0.27	0.1202	0.4208	0.3174
484	0.0587	0.361	0.2481	0.1052	0.2696	0.2111	0.1698	0.2612	0.1709	0.2582	0.2699	0.12	0.42	0.3171
485	0.0589	0.3566	0.2484	0.1052	0.27	0.2111	0.1698	0.2613	0.1707	0.2575	0.2698	0.1201	0.4201	0.3172
486	0.059	0.3593	0.248	0.1047	0.2693	0.2106	0.1691	0.2606	0.1708	0.2579	0.2695	0.12	0.4199	0.3168
487	0.0592	0.3629	0.2485	0.1054	0.2697	0.2109	0.1695	0.2607	0.1705	0.2575	0.2692	0.12	0.4202	0.3168
488	0.059	0.3613	0.2484	0.1051	0.2697	0.2109	0.1692	0.2608	0.1706	0.2575	0.2694	0.12	0.42	0.3169
489	0.0588	0.3626	0.2471	0.1049	0.2686	0.2105	0.1694	0.2604	0.1705	0.2578	0.2693	0.1199	0.4199	0.3167
490	0.0588	0.3637	0.2472	0.1049	0.2685	0.2105	0.1693	0.2602	0.1702	0.2577	0.2689	0.1199	0.4198	0.3165
491	0.0591	0.3661	0.2472	0.105	0.2683	0.2101	0.1691	0.2598	0.1703	0.2576	0.2688	0.1199	0.4195	0.3163
492	0.059	0.3629	0.2472	0.1052	0.2682	0.2103	0.1691	0.2599	0.1707	0.2579	0.269	0.1199	0.4192	0.3162
493	0.059	0.3626	0.2478	0.1053	0.2687	0.2102	0.1687	0.2597	0.1707	0.2581	0.2691	0.1197	0.4185	0.3159
494	0.0587	0.3545	0.2474	0.105	0.2687	0.2101	0.1692	0.2601	0.1702	0.2579	0.2692	0.1197	0.419	0.3164
495	0.0592	0.3605	0.2479	0.105	0.2689	0.21	0.1689	0.2599	0.1703	0.2579	0.2691	0.12	0.4198	0.3165
496	0.0596	0.3606	0.2477	0.1051	0.2692	0.2096	0.1687	0.2599	0.1703	0.2576	0.2691	0.1198	0.4192	0.3163
497	0.0585	0.3656	0.2484	0.1052	0.2698	0.2096	0.1686	0.2599	0.1705	0.2582	0.2694	0.1196	0.4184	0.3162
498	0.0585	0.3638	0.2479	0.105	0.2693	0.2098	0.1694	0.2601	0.1702	0.2575	0.2689	0.1197	0.4188	0.3161
499	0.0586	0.3634	0.2479	0.105	0.2697	0.2095	0.169	0.2601	0.1702	0.2577	0.2692	0.1195	0.4181	0.3161
500	0.0592	0.3688	0.2475	0.1051	0.2694	0.2095	0.1689	0.26	0.1704	0.2586	0.2696	0.1195	0.4185	0.3163
