{"n_layers": 0, "device": "cuda", "batch_size": 2048, "embedding_dim": 512, "learning_rate": 0.001, "dataset": "dbbook", "epochs": 150, "top_k": 50, "multimodal": true, "datasets": {"dbbook": ["images", "text"], "ml1m": ["audio", "images", "text", "video"]}}
Epoch	Loss	Recall	Precision	NDCG
1	0.6931	0.0159	0.0020	0.0082
2	0.6877	0.0319	0.0040	0.0187
3	0.6818	0.0629	0.0083	0.0428
4	0.6733	0.1044	0.0141	0.0698
5	0.6602	0.1377	0.0188	0.0894
6	0.6407	0.1585	0.0218	0.1007
7	0.6129	0.1693	0.0234	0.1068
8	0.5764	0.1751	0.0242	0.1098
9	0.5325	0.1794	0.0248	0.1114
10	0.4837	0.1818	0.0252	0.1129
11	0.4336	0.1835	0.0256	0.1138
12	0.3872	0.1870	0.0260	0.1154
13	0.3452	0.1878	0.0261	0.1161
14	0.3090	0.1896	0.0263	0.1169
15	0.2773	0.1908	0.0265	0.1178
16	0.2499	0.1920	0.0266	0.1189
17	0.2263	0.1937	0.0268	0.1196
18	0.2048	0.1945	0.0269	0.1202
19	0.1880	0.1962	0.0271	0.1209
20	0.1718	0.1980	0.0273	0.1219
21	0.1582	0.1990	0.0274	0.1233
22	0.1455	0.2013	0.0277	0.1243
23	0.1339	0.2020	0.0278	0.1252
24	0.1230	0.2043	0.0280	0.1262
25	0.1142	0.2052	0.0281	0.1267
26	0.1067	0.2060	0.0282	0.1273
27	0.0989	0.2072	0.0283	0.1279
28	0.0920	0.2080	0.0285	0.1285
29	0.0853	0.2095	0.0286	0.1294
30	0.0799	0.2105	0.0287	0.1299
31	0.0748	0.2108	0.0288	0.1305
32	0.0710	0.2118	0.0288	0.1313
33	0.0670	0.2127	0.0289	0.1315
34	0.0619	0.2138	0.0291	0.1320
35	0.0581	0.2145	0.0291	0.1323
36	0.0551	0.2145	0.0291	0.1327
37	0.0528	0.2154	0.0292	0.1335
38	0.0497	0.2164	0.0293	0.1341
39	0.0477	0.2164	0.0293	0.1339
40	0.0455	0.2163	0.0293	0.1343
41	0.0425	0.2174	0.0294	0.1350
42	0.0413	0.2170	0.0294	0.1353
43	0.0392	0.2175	0.0294	0.1357
44	0.0376	0.2173	0.0294	0.1361
45	0.0359	0.2178	0.0295	0.1368
46	0.0345	0.2183	0.0295	0.1370
47	0.0335	0.2185	0.0295	0.1372
48	0.0325	0.2180	0.0295	0.1373
49	0.0310	0.2189	0.0296	0.1377
50	0.0295	0.2192	0.0296	0.1383
51	0.0290	0.2192	0.0296	0.1385
52	0.0276	0.2208	0.0298	0.1392
53	0.0270	0.2213	0.0298	0.1393
54	0.0255	0.2214	0.0298	0.1395
55	0.0250	0.2218	0.0298	0.1399
56	0.0248	0.2214	0.0298	0.1398
57	0.0230	0.2217	0.0298	0.1397
58	0.0233	0.2217	0.0298	0.1400
59	0.0223	0.2216	0.0298	0.1398
60	0.0223	0.2217	0.0298	0.1395
61	0.0208	0.2216	0.0298	0.1397
62	0.0201	0.2218	0.0298	0.1398
63	0.0197	0.2219	0.0298	0.1397
64	0.0197	0.2221	0.0298	0.1397
65	0.0188	0.2220	0.0298	0.1399
66	0.0183	0.2226	0.0299	0.1402
67	0.0184	0.2234	0.0299	0.1405
68	0.0175	0.2230	0.0299	0.1404
69	0.0173	0.2235	0.0300	0.1405
70	0.0166	0.2235	0.0300	0.1405
71	0.0163	0.2237	0.0300	0.1410
72	0.0161	0.2234	0.0300	0.1411
73	0.0161	0.2231	0.0299	0.1414
74	0.0155	0.2223	0.0299	0.1411
75	0.0151	0.2229	0.0299	0.1411
76	0.0150	0.2232	0.0299	0.1411
77	0.0145	0.2231	0.0300	0.1413
78	0.0143	0.2235	0.0300	0.1415
79	0.0141	0.2230	0.0299	0.1412
80	0.0138	0.2227	0.0299	0.1410
81	0.0139	0.2237	0.0299	0.1412
82	0.0134	0.2237	0.0299	0.1413
83	0.0132	0.2234	0.0299	0.1417
84	0.0135	0.2232	0.0298	0.1419
85	0.0130	0.2236	0.0299	0.1420
86	0.0123	0.2242	0.0299	0.1425
87	0.0125	0.2237	0.0299	0.1425
88	0.0124	0.2243	0.0300	0.1428
89	0.0122	0.2244	0.0300	0.1427
90	0.0121	0.2244	0.0301	0.1427
91	0.0122	0.2238	0.0300	0.1424
92	0.0117	0.2245	0.0300	0.1424
93	0.0117	0.2242	0.0299	0.1422
94	0.0115	0.2239	0.0299	0.1421
95	0.0113	0.2237	0.0299	0.1420
96	0.0114	0.2239	0.0299	0.1422
97	0.0113	0.2235	0.0299	0.1421
98	0.0109	0.2245	0.0299	0.1423
99	0.0115	0.2250	0.0300	0.1427
100	0.0111	0.2248	0.0300	0.1427
101	0.0106	0.2250	0.0300	0.1424
102	0.0107	0.2251	0.0300	0.1425
103	0.0106	0.2242	0.0299	0.1421
104	0.0103	0.2243	0.0299	0.1422
105	0.0104	0.2242	0.0299	0.1423
106	0.0099	0.2236	0.0298	0.1423
107	0.0102	0.2241	0.0298	0.1423
108	0.0099	0.2242	0.0298	0.1425
109	0.0101	0.2239	0.0297	0.1425
110	0.0101	0.2241	0.0298	0.1427
111	0.0104	0.2245	0.0298	0.1427
112	0.0098	0.2241	0.0298	0.1429
113	0.0096	0.2244	0.0298	0.1430
114	0.0092	0.2253	0.0299	0.1431
115	0.0096	0.2252	0.0299	0.1433
116	0.0095	0.2249	0.0298	0.1432
117	0.0088	0.2246	0.0298	0.1432
118	0.0093	0.2251	0.0299	0.1434
119	0.0091	0.2250	0.0298	0.1434
120	0.0095	0.2242	0.0298	0.1432
121	0.0095	0.2239	0.0298	0.1432
122	0.0094	0.2243	0.0298	0.1435
123	0.0094	0.2239	0.0297	0.1433
124	0.0088	0.2240	0.0297	0.1434
125	0.0089	0.2235	0.0297	0.1432
126	0.0087	0.2230	0.0297	0.1432
127	0.0091	0.2229	0.0296	0.1429
128	0.0084	0.2228	0.0296	0.1427
129	0.0088	0.2233	0.0297	0.1428
130	0.0085	0.2231	0.0297	0.1428
131	0.0086	0.2230	0.0297	0.1429
132	0.0088	0.2239	0.0297	0.1431
133	0.0090	0.2237	0.0297	0.1431
134	0.0083	0.2241	0.0297	0.1432
135	0.0085	0.2242	0.0297	0.1432
136	0.0088	0.2239	0.0297	0.1431
137	0.0083	0.2238	0.0297	0.1428
138	0.0083	0.2231	0.0296	0.1426
139	0.0081	0.2231	0.0296	0.1425
140	0.0085	0.2228	0.0296	0.1424
141	0.0082	0.2224	0.0296	0.1423
142	0.0083	0.2222	0.0295	0.1422
143	0.0083	0.2225	0.0296	0.1422
144	0.0082	0.2222	0.0295	0.1424
145	0.0082	0.2229	0.0296	0.1424
146	0.0083	0.2228	0.0295	0.1422
147	0.0082	0.2234	0.0296	0.1424
148	0.0079	0.2229	0.0296	0.1423
149	0.0080	0.2225	0.0296	0.1420
150	0.0079	0.2233	0.0296	0.1424
