{"n_layers": 2, "device": "cuda", "batch_size": 2048, "embedding_dim": 128, "learning_rate": 0.0005, "dataset": "dbbook", "epochs": 150, "top_k": 10, "multimodal": false, "datasets": {"dbbook": ["images", "text"], "ml1m": ["audio", "images", "text", "video"]}}
Epoch	Loss	Recall	Precision	NDCG
1	0.6926	0.0146	0.0103	0.0144
2	0.6916	0.0328	0.0234	0.0287
3	0.6890	0.0342	0.0245	0.0291
4	0.6822	0.0311	0.0225	0.0269
5	0.6683	0.0300	0.0218	0.0256
6	0.6457	0.0293	0.0215	0.0253
7	0.6151	0.0285	0.0213	0.0250
8	0.5794	0.0284	0.0211	0.0250
9	0.5421	0.0287	0.0211	0.0252
10	0.5070	0.0286	0.0212	0.0252
11	0.4746	0.0287	0.0213	0.0251
12	0.4470	0.0287	0.0212	0.0251
13	0.4236	0.0289	0.0214	0.0253
14	0.4038	0.0287	0.0214	0.0253
15	0.3871	0.0291	0.0217	0.0255
16	0.3742	0.0299	0.0221	0.0260
17	0.3595	0.0301	0.0220	0.0261
18	0.3496	0.0303	0.0221	0.0263
19	0.3416	0.0304	0.0222	0.0265
20	0.3294	0.0311	0.0228	0.0271
21	0.3251	0.0313	0.0228	0.0273
22	0.3187	0.0313	0.0230	0.0276
23	0.3092	0.0318	0.0232	0.0281
24	0.3034	0.0327	0.0238	0.0286
25	0.2991	0.0336	0.0244	0.0292
26	0.2922	0.0342	0.0248	0.0297
27	0.2876	0.0348	0.0251	0.0300
28	0.2830	0.0356	0.0257	0.0307
29	0.2763	0.0361	0.0260	0.0311
30	0.2764	0.0367	0.0264	0.0316
31	0.2687	0.0368	0.0266	0.0320
32	0.2639	0.0369	0.0267	0.0323
33	0.2546	0.0376	0.0270	0.0327
34	0.2529	0.0376	0.0271	0.0329
35	0.2481	0.0378	0.0273	0.0332
36	0.2424	0.0382	0.0275	0.0337
37	0.2429	0.0387	0.0277	0.0342
38	0.2340	0.0392	0.0279	0.0346
39	0.2332	0.0397	0.0283	0.0351
40	0.2260	0.0401	0.0286	0.0355
41	0.2245	0.0405	0.0288	0.0360
42	0.2192	0.0415	0.0293	0.0365
43	0.2145	0.0420	0.0297	0.0369
44	0.2129	0.0426	0.0301	0.0374
45	0.2105	0.0429	0.0303	0.0378
46	0.2049	0.0436	0.0308	0.0383
47	0.1989	0.0443	0.0313	0.0390
48	0.1960	0.0446	0.0315	0.0394
49	0.1936	0.0449	0.0316	0.0396
50	0.1926	0.0451	0.0317	0.0398
51	0.1877	0.0453	0.0319	0.0401
52	0.1845	0.0459	0.0322	0.0407
53	0.1808	0.0464	0.0325	0.0411
54	0.1777	0.0467	0.0327	0.0415
55	0.1757	0.0471	0.0330	0.0421
56	0.1713	0.0475	0.0332	0.0425
57	0.1749	0.0479	0.0336	0.0430
58	0.1653	0.0483	0.0338	0.0434
59	0.1672	0.0488	0.0340	0.0437
60	0.1623	0.0494	0.0344	0.0442
61	0.1605	0.0496	0.0346	0.0446
62	0.1569	0.0498	0.0347	0.0449
63	0.1565	0.0498	0.0349	0.0451
64	0.1501	0.0498	0.0351	0.0454
65	0.1512	0.0499	0.0351	0.0455
66	0.1489	0.0507	0.0354	0.0460
67	0.1450	0.0510	0.0357	0.0463
68	0.1413	0.0509	0.0357	0.0463
69	0.1391	0.0514	0.0360	0.0467
70	0.1422	0.0518	0.0362	0.0470
71	0.1378	0.0522	0.0363	0.0472
72	0.1351	0.0522	0.0363	0.0473
73	0.1347	0.0523	0.0364	0.0475
74	0.1282	0.0525	0.0366	0.0478
75	0.1302	0.0527	0.0368	0.0479
76	0.1262	0.0528	0.0368	0.0481
77	0.1246	0.0532	0.0370	0.0484
78	0.1256	0.0531	0.0370	0.0484
79	0.1199	0.0534	0.0371	0.0487
80	0.1220	0.0535	0.0372	0.0489
81	0.1173	0.0535	0.0373	0.0490
82	0.1184	0.0538	0.0375	0.0493
83	0.1140	0.0540	0.0375	0.0495
84	0.1135	0.0542	0.0376	0.0496
85	0.1138	0.0541	0.0377	0.0497
86	0.1101	0.0549	0.0380	0.0501
87	0.1100	0.0552	0.0383	0.0504
88	0.1070	0.0556	0.0382	0.0504
89	0.1062	0.0556	0.0382	0.0504
90	0.1059	0.0562	0.0386	0.0509
91	0.1049	0.0564	0.0387	0.0511
92	0.1020	0.0565	0.0387	0.0511
93	0.1012	0.0565	0.0386	0.0510
94	0.1001	0.0567	0.0388	0.0512
95	0.0973	0.0571	0.0390	0.0515
96	0.0987	0.0570	0.0389	0.0516
97	0.0973	0.0570	0.0391	0.0518
98	0.0986	0.0574	0.0392	0.0521
99	0.0932	0.0575	0.0393	0.0523
100	0.0911	0.0578	0.0395	0.0527
101	0.0936	0.0582	0.0397	0.0532
102	0.0893	0.0582	0.0399	0.0535
103	0.0909	0.0581	0.0398	0.0536
104	0.0895	0.0583	0.0400	0.0538
105	0.0848	0.0586	0.0401	0.0540
106	0.0889	0.0589	0.0403	0.0542
107	0.0862	0.0597	0.0407	0.0548
108	0.0859	0.0599	0.0408	0.0550
109	0.0841	0.0602	0.0410	0.0553
110	0.0823	0.0603	0.0411	0.0556
111	0.0808	0.0601	0.0411	0.0557
112	0.0809	0.0602	0.0411	0.0556
113	0.0796	0.0607	0.0412	0.0557
114	0.0786	0.0611	0.0414	0.0561
115	0.0769	0.0613	0.0414	0.0562
116	0.0777	0.0611	0.0413	0.0562
117	0.0754	0.0614	0.0415	0.0564
118	0.0757	0.0617	0.0416	0.0567
119	0.0738	0.0618	0.0417	0.0567
120	0.0712	0.0617	0.0417	0.0567
121	0.0743	0.0621	0.0419	0.0569
122	0.0714	0.0621	0.0419	0.0570
123	0.0705	0.0623	0.0420	0.0572
124	0.0722	0.0623	0.0420	0.0574
125	0.0715	0.0627	0.0423	0.0577
126	0.0699	0.0629	0.0424	0.0579
127	0.0669	0.0630	0.0425	0.0580
128	0.0685	0.0634	0.0426	0.0582
129	0.0661	0.0636	0.0427	0.0582
130	0.0679	0.0638	0.0428	0.0583
131	0.0649	0.0642	0.0430	0.0587
132	0.0649	0.0646	0.0432	0.0589
133	0.0645	0.0648	0.0433	0.0591
134	0.0633	0.0652	0.0436	0.0595
135	0.0636	0.0656	0.0437	0.0597
136	0.0606	0.0654	0.0437	0.0597
137	0.0594	0.0657	0.0438	0.0598
138	0.0610	0.0661	0.0440	0.0600
139	0.0622	0.0663	0.0441	0.0602
140	0.0617	0.0664	0.0443	0.0603
141	0.0588	0.0666	0.0443	0.0605
142	0.0604	0.0668	0.0445	0.0607
143	0.0587	0.0665	0.0444	0.0606
144	0.0580	0.0667	0.0445	0.0609
145	0.0579	0.0666	0.0444	0.0608
146	0.0561	0.0667	0.0443	0.0610
147	0.0566	0.0671	0.0444	0.0612
148	0.0572	0.0671	0.0444	0.0612
149	0.0554	0.0671	0.0446	0.0613
150	0.0550	0.0677	0.0448	0.0616
