{"n_layers": 0, "device": "cuda", "batch_size": 2048, "embedding_dim": 1024, "learning_rate": 0.001, "dataset": "dbbook", "epochs": 150, "top_k": 50, "multimodal": true, "datasets": {"dbbook": ["images", "text"], "ml1m": ["audio", "images", "text", "video"]}}
Epoch	Loss	Recall	Precision	NDCG
1	0.6927	0.0256	0.0032	0.0137
2	0.6788	0.0490	0.0062	0.0313
3	0.6645	0.0789	0.0102	0.0543
4	0.6452	0.1113	0.0148	0.0753
5	0.6184	0.1393	0.0186	0.0911
6	0.5821	0.1581	0.0214	0.1023
7	0.5359	0.1691	0.0231	0.1083
8	0.4818	0.1766	0.0241	0.1123
9	0.4246	0.1811	0.0249	0.1146
10	0.3695	0.1836	0.0253	0.1158
11	0.3197	0.1881	0.0259	0.1176
12	0.2754	0.1907	0.0263	0.1186
13	0.2388	0.1937	0.0267	0.1200
14	0.2099	0.1960	0.0269	0.1215
15	0.1843	0.1982	0.0271	0.1223
16	0.1620	0.2003	0.0273	0.1233
17	0.1436	0.2013	0.0275	0.1240
18	0.1278	0.2029	0.0276	0.1251
19	0.1148	0.2037	0.0277	0.1259
20	0.1035	0.2042	0.0278	0.1265
21	0.0937	0.2050	0.0279	0.1273
22	0.0846	0.2063	0.0280	0.1282
23	0.0772	0.2079	0.0281	0.1293
24	0.0709	0.2095	0.0283	0.1304
25	0.0662	0.2110	0.0285	0.1316
26	0.0601	0.2125	0.0287	0.1327
27	0.0555	0.2137	0.0288	0.1332
28	0.0518	0.2144	0.0289	0.1340
29	0.0481	0.2147	0.0289	0.1345
30	0.0443	0.2159	0.0290	0.1352
31	0.0422	0.2156	0.0290	0.1353
32	0.0390	0.2166	0.0291	0.1358
33	0.0367	0.2169	0.0292	0.1361
34	0.0349	0.2176	0.0293	0.1367
35	0.0323	0.2178	0.0293	0.1368
36	0.0316	0.2188	0.0294	0.1371
37	0.0296	0.2191	0.0294	0.1370
38	0.0280	0.2191	0.0294	0.1373
39	0.0267	0.2195	0.0294	0.1377
40	0.0259	0.2190	0.0294	0.1377
41	0.0257	0.2194	0.0295	0.1381
42	0.0233	0.2205	0.0296	0.1388
43	0.0223	0.2214	0.0297	0.1392
44	0.0217	0.2217	0.0298	0.1396
45	0.0204	0.2221	0.0299	0.1396
46	0.0205	0.2218	0.0298	0.1393
47	0.0194	0.2220	0.0298	0.1394
48	0.0189	0.2227	0.0298	0.1400
49	0.0186	0.2224	0.0298	0.1400
50	0.0171	0.2219	0.0298	0.1397
51	0.0171	0.2214	0.0297	0.1397
52	0.0164	0.2223	0.0298	0.1400
53	0.0154	0.2225	0.0298	0.1401
54	0.0149	0.2229	0.0298	0.1405
55	0.0150	0.2233	0.0299	0.1408
56	0.0142	0.2228	0.0298	0.1407
57	0.0144	0.2233	0.0299	0.1409
58	0.0143	0.2238	0.0299	0.1414
59	0.0136	0.2238	0.0299	0.1413
60	0.0136	0.2244	0.0300	0.1414
61	0.0133	0.2243	0.0299	0.1416
62	0.0131	0.2243	0.0299	0.1415
63	0.0125	0.2253	0.0300	0.1419
64	0.0126	0.2259	0.0300	0.1420
65	0.0121	0.2259	0.0301	0.1419
66	0.0116	0.2257	0.0300	0.1418
67	0.0116	0.2256	0.0300	0.1416
68	0.0116	0.2258	0.0300	0.1417
69	0.0108	0.2261	0.0300	0.1418
70	0.0112	0.2263	0.0300	0.1420
71	0.0107	0.2259	0.0300	0.1420
72	0.0106	0.2262	0.0300	0.1424
73	0.0104	0.2259	0.0300	0.1422
74	0.0101	0.2257	0.0300	0.1424
75	0.0104	0.2257	0.0300	0.1423
76	0.0095	0.2257	0.0300	0.1424
77	0.0098	0.2255	0.0300	0.1424
78	0.0097	0.2255	0.0300	0.1423
79	0.0096	0.2253	0.0299	0.1423
80	0.0097	0.2259	0.0300	0.1425
81	0.0098	0.2259	0.0300	0.1426
82	0.0091	0.2254	0.0299	0.1422
83	0.0093	0.2254	0.0299	0.1421
84	0.0091	0.2258	0.0299	0.1422
85	0.0088	0.2263	0.0300	0.1424
86	0.0093	0.2269	0.0301	0.1427
87	0.0088	0.2270	0.0301	0.1428
88	0.0087	0.2271	0.0300	0.1429
89	0.0081	0.2271	0.0300	0.1428
90	0.0081	0.2269	0.0300	0.1426
91	0.0083	0.2263	0.0299	0.1425
92	0.0079	0.2260	0.0299	0.1426
93	0.0080	0.2262	0.0299	0.1430
94	0.0086	0.2265	0.0300	0.1432
95	0.0082	0.2260	0.0299	0.1431
96	0.0078	0.2262	0.0299	0.1431
97	0.0078	0.2264	0.0300	0.1432
98	0.0081	0.2265	0.0300	0.1433
99	0.0083	0.2271	0.0301	0.1435
100	0.0076	0.2272	0.0301	0.1436
101	0.0081	0.2274	0.0301	0.1437
102	0.0074	0.2273	0.0301	0.1439
103	0.0078	0.2269	0.0301	0.1437
104	0.0071	0.2270	0.0301	0.1435
105	0.0077	0.2272	0.0301	0.1433
106	0.0073	0.2270	0.0300	0.1435
107	0.0073	0.2267	0.0300	0.1434
108	0.0078	0.2265	0.0299	0.1435
109	0.0074	0.2265	0.0300	0.1434
110	0.0071	0.2268	0.0300	0.1434
111	0.0075	0.2271	0.0301	0.1436
112	0.0070	0.2265	0.0300	0.1433
113	0.0071	0.2264	0.0300	0.1436
114	0.0072	0.2266	0.0300	0.1440
115	0.0072	0.2284	0.0302	0.1442
116	0.0073	0.2283	0.0302	0.1445
117	0.0070	0.2286	0.0302	0.1446
118	0.0075	0.2286	0.0302	0.1447
119	0.0072	0.2285	0.0302	0.1449
120	0.0067	0.2275	0.0301	0.1446
121	0.0068	0.2276	0.0301	0.1446
122	0.0071	0.2273	0.0301	0.1448
123	0.0068	0.2275	0.0301	0.1446
124	0.0070	0.2275	0.0301	0.1449
125	0.0071	0.2278	0.0301	0.1449
126	0.0073	0.2281	0.0301	0.1452
127	0.0071	0.2284	0.0302	0.1454
128	0.0066	0.2286	0.0302	0.1453
129	0.0070	0.2280	0.0301	0.1453
130	0.0069	0.2277	0.0301	0.1452
131	0.0067	0.2278	0.0301	0.1451
132	0.0069	0.2277	0.0301	0.1453
133	0.0067	0.2279	0.0300	0.1454
134	0.0072	0.2275	0.0300	0.1451
135	0.0068	0.2276	0.0300	0.1451
136	0.0070	0.2273	0.0300	0.1452
137	0.0073	0.2266	0.0299	0.1452
138	0.0066	0.2268	0.0300	0.1455
139	0.0064	0.2266	0.0300	0.1453
140	0.0068	0.2260	0.0299	0.1450
141	0.0062	0.2258	0.0299	0.1449
142	0.0063	0.2257	0.0299	0.1446
143	0.0070	0.2253	0.0299	0.1444
144	0.0065	0.2258	0.0299	0.1446
145	0.0063	0.2257	0.0300	0.1448
146	0.0067	0.2260	0.0300	0.1448
147	0.0065	0.2258	0.0300	0.1450
148	0.0067	0.2257	0.0300	0.1449
149	0.0067	0.2261	0.0300	0.1453
150	0.0065	0.2258	0.0299	0.1450
