{"n_layers": 2, "device": "cuda", "batch_size": 2048, "embedding_dim": 2048, "learning_rate": 0.001, "dataset": "dbbook", "epochs": 150, "model": "ef-mmlgcn", "fusion": "mean", "top_k": [5, 10, 20, 50], "seed": 19, "multimodal": true}
Epoch	Loss	Precision@5	Recall@5	NDCG@5	Precision@10	Recall@10	NDCG@10	Precision@20	Recall@20	NDCG@20	Precision@50	Recall@50	NDCG@50
1	0.6795	0.0464	0.0347	0.0547	0.0338	0.0495	0.0525	0.0241	0.0707	0.0606	0.0149	0.1099	0.0747
2	0.6342	0.0523	0.0387	0.0582	0.0407	0.0591	0.0587	0.031	0.0894	0.0709	0.0201	0.1447	0.0911
3	0.5664	0.0472	0.0349	0.0504	0.0389	0.055	0.0528	0.0306	0.0879	0.0661	0.0218	0.1556	0.0909
4	0.4761	0.042	0.0314	0.0443	0.0366	0.0521	0.0482	0.0294	0.0835	0.0612	0.0223	0.1582	0.0885
5	0.3818	0.0401	0.0299	0.0408	0.0347	0.0495	0.0446	0.029	0.0819	0.0582	0.0222	0.1582	0.0859
6	0.3082	0.04	0.0298	0.0403	0.0345	0.049	0.0439	0.0292	0.0824	0.058	0.0223	0.1577	0.0855
7	0.2544	0.0403	0.0302	0.0402	0.0345	0.0493	0.0439	0.0295	0.0827	0.0581	0.0226	0.159	0.0861
8	0.2177	0.041	0.0308	0.0415	0.035	0.05	0.0451	0.0299	0.0834	0.0595	0.0231	0.1629	0.0885
9	0.1891	0.043	0.0322	0.0435	0.036	0.0516	0.0468	0.0304	0.0855	0.0611	0.0236	0.1665	0.0908
10	0.1666	0.0442	0.0333	0.0454	0.0371	0.0536	0.0488	0.031	0.0873	0.0631	0.0241	0.1709	0.0937
11	0.1459	0.0451	0.034	0.0463	0.0384	0.0558	0.0502	0.0318	0.09	0.0648	0.0248	0.1753	0.0961
12	0.1319	0.0461	0.0348	0.0474	0.0395	0.0569	0.0517	0.0323	0.0918	0.0664	0.0252	0.1789	0.0983
13	0.1190	0.048	0.0365	0.0497	0.0405	0.0591	0.0538	0.0329	0.0934	0.0683	0.0257	0.1823	0.1009
14	0.1068	0.0483	0.0367	0.0504	0.0415	0.0605	0.0551	0.0336	0.0957	0.0699	0.0261	0.1864	0.1031
15	0.0973	0.0499	0.038	0.0524	0.0425	0.062	0.0568	0.0343	0.0984	0.0721	0.0266	0.1905	0.1056
16	0.0876	0.0506	0.0386	0.0534	0.0433	0.0634	0.0582	0.0351	0.101	0.0739	0.0268	0.1935	0.1074
17	0.0829	0.0518	0.0396	0.0549	0.0442	0.0647	0.0597	0.0358	0.1033	0.0757	0.0271	0.1959	0.1094
18	0.0773	0.0536	0.0407	0.057	0.0457	0.0668	0.0618	0.0367	0.1061	0.0781	0.0276	0.1994	0.1119
19	0.0697	0.0549	0.0418	0.0585	0.0465	0.0686	0.0632	0.0373	0.1081	0.0796	0.0278	0.2021	0.1137
20	0.0666	0.056	0.0427	0.0598	0.0471	0.0697	0.0644	0.0378	0.1094	0.0809	0.0282	0.2049	0.1155
21	0.0606	0.0568	0.0435	0.0611	0.0474	0.07	0.0653	0.0383	0.1113	0.0825	0.0284	0.2076	0.1173
22	0.0579	0.058	0.0443	0.0626	0.0482	0.0715	0.0668	0.0388	0.1131	0.0841	0.0287	0.21	0.1192
23	0.0530	0.0586	0.0448	0.0636	0.0484	0.072	0.0675	0.0393	0.1145	0.0854	0.029	0.2121	0.1206
24	0.0509	0.0593	0.0453	0.0644	0.0489	0.0728	0.0684	0.0398	0.1162	0.0865	0.0292	0.2136	0.1217
25	0.0470	0.06	0.0459	0.0653	0.0496	0.0737	0.0694	0.0403	0.1178	0.0878	0.0294	0.2157	0.1231
26	0.0439	0.0607	0.0468	0.0663	0.0504	0.0748	0.0705	0.0407	0.119	0.0889	0.0295	0.2165	0.1241
27	0.0428	0.0614	0.0473	0.0671	0.0509	0.0757	0.0712	0.041	0.1199	0.0896	0.0298	0.2186	0.1253
28	0.0412	0.0625	0.0481	0.0682	0.0512	0.0761	0.0719	0.0413	0.1215	0.0907	0.0299	0.2197	0.1262
29	0.0385	0.0629	0.0486	0.0692	0.0514	0.0766	0.0728	0.0417	0.1229	0.0919	0.0299	0.2199	0.1271
30	0.0373	0.063	0.0487	0.0696	0.0516	0.0772	0.0733	0.0418	0.1242	0.0926	0.03	0.2207	0.1278
31	0.0367	0.0633	0.0492	0.0702	0.0519	0.0778	0.0739	0.0422	0.1254	0.0935	0.0301	0.2216	0.1285
32	0.0345	0.0646	0.0501	0.0715	0.0528	0.0795	0.0753	0.0425	0.1268	0.0946	0.0302	0.2222	0.1294
33	0.0340	0.065	0.0507	0.0725	0.053	0.08	0.0761	0.0428	0.1273	0.0956	0.0302	0.2229	0.1304
34	0.0303	0.0655	0.0511	0.0732	0.0532	0.0804	0.0767	0.0429	0.128	0.0962	0.0302	0.223	0.1309
35	0.0309	0.0655	0.0513	0.0735	0.0534	0.0807	0.0771	0.0429	0.1283	0.0966	0.0304	0.2247	0.1317
36	0.0285	0.066	0.0516	0.0738	0.0535	0.0809	0.0772	0.043	0.129	0.0969	0.0304	0.2253	0.1319
37	0.0293	0.0658	0.0516	0.0739	0.0538	0.0816	0.0778	0.043	0.1292	0.0973	0.0305	0.2259	0.1325
38	0.0273	0.0662	0.0519	0.0742	0.0541	0.0822	0.0782	0.0432	0.1301	0.0977	0.0305	0.2259	0.1326
39	0.0273	0.0665	0.0519	0.0745	0.0544	0.0828	0.0787	0.0431	0.1301	0.0978	0.0305	0.2265	0.133
40	0.0256	0.0664	0.0521	0.0745	0.0545	0.0834	0.0789	0.0431	0.1303	0.098	0.0305	0.227	0.1332
41	0.0261	0.0662	0.0521	0.0746	0.055	0.0841	0.0794	0.0433	0.1308	0.0984	0.0305	0.2275	0.1336
42	0.0245	0.0665	0.0525	0.0751	0.0553	0.0847	0.0801	0.0435	0.1316	0.0991	0.0305	0.2277	0.134
43	0.0240	0.0669	0.0529	0.0755	0.0557	0.0852	0.0804	0.0436	0.1322	0.0994	0.0306	0.2281	0.1343
44	0.0223	0.0673	0.0532	0.076	0.0557	0.0856	0.0808	0.0437	0.1328	0.0998	0.0306	0.2287	0.1347
45	0.0219	0.0679	0.0536	0.0765	0.0555	0.0854	0.0808	0.0436	0.1323	0.0999	0.0307	0.2293	0.1351
46	0.0222	0.0678	0.0534	0.0763	0.0555	0.0853	0.0807	0.0438	0.1331	0.1001	0.0307	0.2297	0.1351
47	0.0212	0.0681	0.0537	0.0766	0.0556	0.0855	0.0809	0.0438	0.1335	0.1003	0.0307	0.2295	0.1352
48	0.0210	0.0682	0.0537	0.0769	0.0556	0.0856	0.0811	0.044	0.134	0.1008	0.0307	0.2301	0.1356
49	0.0209	0.0687	0.0541	0.0774	0.0558	0.0863	0.0815	0.0442	0.1345	0.1012	0.0307	0.2295	0.1357
50	0.0204	0.0688	0.0543	0.0776	0.0563	0.0869	0.082	0.0443	0.1354	0.1017	0.0307	0.2293	0.1359
51	0.0198	0.069	0.0548	0.078	0.0566	0.0872	0.0824	0.0443	0.1357	0.102	0.0306	0.2293	0.136
52	0.0190	0.0692	0.0549	0.0785	0.057	0.088	0.0831	0.0444	0.1356	0.1023	0.0306	0.2302	0.1365
53	0.0190	0.0703	0.0555	0.0795	0.0573	0.0885	0.0837	0.0446	0.1361	0.1029	0.0307	0.2305	0.1371
54	0.0185	0.0707	0.0558	0.0801	0.0574	0.0887	0.0842	0.0446	0.1364	0.1034	0.0307	0.2309	0.1375
55	0.0189	0.071	0.0562	0.0804	0.0574	0.0888	0.0842	0.0446	0.1365	0.1035	0.0306	0.2301	0.1374
56	0.0183	0.0704	0.0559	0.0802	0.0574	0.0885	0.0843	0.0448	0.1371	0.1039	0.0306	0.2303	0.1376
57	0.0182	0.0708	0.0562	0.0805	0.0571	0.0879	0.0841	0.0448	0.1371	0.1039	0.0306	0.2304	0.1377
58	0.0169	0.0708	0.0561	0.0803	0.0571	0.0885	0.0841	0.0448	0.1373	0.1038	0.0306	0.2307	0.1377
59	0.0174	0.0705	0.0558	0.08	0.0574	0.0888	0.0842	0.0448	0.1373	0.1037	0.0306	0.2306	0.1376
60	0.0168	0.0703	0.0556	0.0798	0.0574	0.0889	0.0842	0.0447	0.137	0.1036	0.0307	0.2312	0.1378
61	0.0162	0.0706	0.0558	0.08	0.0575	0.0892	0.0843	0.0449	0.1375	0.1039	0.0307	0.2313	0.1378
62	0.0159	0.0707	0.0559	0.0802	0.0574	0.0887	0.0843	0.0448	0.1375	0.104	0.0307	0.2313	0.138
63	0.0161	0.0702	0.0555	0.0798	0.0575	0.0893	0.0844	0.0448	0.1373	0.1038	0.0306	0.2311	0.1378
64	0.0162	0.0707	0.0558	0.08	0.0576	0.0893	0.0843	0.0449	0.1377	0.1038	0.0306	0.2308	0.1376
65	0.0153	0.0713	0.0562	0.0806	0.0577	0.0897	0.0847	0.0449	0.138	0.1041	0.0306	0.2311	0.1379
66	0.0155	0.0715	0.0568	0.0811	0.0576	0.0899	0.085	0.0449	0.1382	0.1045	0.0307	0.2316	0.1384
67	0.0153	0.0715	0.0569	0.0813	0.0578	0.0901	0.0853	0.0451	0.1388	0.1049	0.0307	0.2314	0.1386
68	0.0151	0.072	0.0574	0.0819	0.0577	0.09	0.0854	0.045	0.1383	0.105	0.0307	0.2321	0.1389
69	0.0149	0.0717	0.0572	0.0818	0.0576	0.0898	0.0854	0.045	0.1385	0.105	0.0307	0.2326	0.1391
70	0.0142	0.0713	0.0568	0.0813	0.0577	0.0903	0.0854	0.0451	0.139	0.105	0.0307	0.2322	0.1388
71	0.0147	0.0713	0.0566	0.0812	0.0575	0.09	0.0851	0.0453	0.1393	0.1051	0.0307	0.2322	0.1387
72	0.0148	0.0715	0.0568	0.0814	0.0573	0.0899	0.0852	0.0451	0.1391	0.1052	0.0306	0.2324	0.1388
73	0.0146	0.072	0.0571	0.082	0.0572	0.0899	0.0853	0.0451	0.1389	0.1053	0.0306	0.2323	0.139
74	0.0138	0.0712	0.0565	0.0813	0.0571	0.09	0.0852	0.0452	0.1395	0.1053	0.0306	0.2319	0.1387
75	0.0147	0.071	0.0563	0.0814	0.0571	0.0899	0.0852	0.045	0.1392	0.1052	0.0306	0.2318	0.1387
76	0.0138	0.0712	0.0567	0.0814	0.0568	0.0896	0.0849	0.045	0.1391	0.1051	0.0305	0.2319	0.1386
77	0.0143	0.0715	0.0568	0.0816	0.0569	0.0898	0.0851	0.0449	0.1388	0.105	0.0305	0.2311	0.1384
78	0.0140	0.0716	0.0569	0.0816	0.057	0.0897	0.085	0.0448	0.1389	0.1049	0.0305	0.2306	0.1382
79	0.0138	0.0717	0.0569	0.0816	0.0569	0.0897	0.0851	0.0448	0.139	0.1051	0.0305	0.2308	0.1384
80	0.0138	0.0718	0.0571	0.082	0.0568	0.0895	0.0852	0.0448	0.1391	0.1052	0.0305	0.2309	0.1387
81	0.0134	0.0717	0.0571	0.082	0.0569	0.0892	0.0851	0.0448	0.1392	0.1052	0.0305	0.2305	0.1385
82	0.0128	0.0718	0.0573	0.0822	0.057	0.0896	0.0854	0.0447	0.1388	0.1053	0.0305	0.2308	0.1388
83	0.0134	0.0719	0.0573	0.082	0.0568	0.0892	0.085	0.0446	0.1388	0.1051	0.0305	0.231	0.1387
84	0.0132	0.0722	0.0572	0.0823	0.0573	0.0902	0.0857	0.0448	0.1393	0.1055	0.0305	0.2306	0.1388
85	0.0132	0.0721	0.0574	0.0823	0.0573	0.0896	0.0855	0.0448	0.1391	0.1054	0.0306	0.2318	0.1391
86	0.0129	0.0726	0.0581	0.0825	0.0573	0.0898	0.0855	0.0448	0.1389	0.1052	0.0307	0.2321	0.1391
87	0.0130	0.0724	0.0581	0.0826	0.057	0.0893	0.0853	0.0448	0.139	0.1054	0.0307	0.232	0.1392
88	0.0134	0.0722	0.0577	0.0824	0.0573	0.0898	0.0856	0.045	0.1398	0.1057	0.0306	0.2322	0.1393
89	0.0129	0.0722	0.058	0.0826	0.0574	0.0899	0.0858	0.045	0.14	0.1059	0.0307	0.2327	0.1396
90	0.0131	0.0729	0.0587	0.0833	0.0576	0.0901	0.0862	0.0451	0.1402	0.1063	0.0307	0.2325	0.1399
91	0.0121	0.0732	0.0589	0.0836	0.0577	0.0906	0.0864	0.0451	0.1403	0.1064	0.0307	0.2332	0.14
92	0.0123	0.0731	0.0587	0.0837	0.0577	0.0907	0.0866	0.0452	0.1407	0.1067	0.0306	0.2328	0.14
93	0.0128	0.0734	0.0592	0.0839	0.058	0.0911	0.0868	0.0451	0.1406	0.1066	0.0307	0.2336	0.1402
94	0.0130	0.0733	0.0592	0.084	0.0579	0.091	0.0868	0.0452	0.1403	0.1066	0.0306	0.2329	0.1401
95	0.0127	0.0734	0.0593	0.0841	0.0578	0.091	0.0869	0.0453	0.1408	0.1069	0.0307	0.2337	0.1404
96	0.0124	0.0736	0.0593	0.084	0.0576	0.0909	0.0866	0.0453	0.1412	0.1068	0.0307	0.2338	0.1403
97	0.0122	0.0739	0.0597	0.0845	0.0576	0.0908	0.0868	0.0453	0.1408	0.1069	0.0307	0.2341	0.1405
98	0.0125	0.0742	0.0599	0.0847	0.0578	0.0909	0.0869	0.0453	0.1412	0.107	0.0307	0.2338	0.1405
99	0.0120	0.0741	0.0597	0.0848	0.0577	0.0908	0.087	0.0454	0.1417	0.1074	0.0306	0.2336	0.1406
100	0.0123	0.0741	0.0597	0.0848	0.0581	0.0915	0.0873	0.0455	0.1417	0.1074	0.0306	0.2332	0.1404
101	0.0119	0.0745	0.0599	0.0853	0.0581	0.0916	0.0875	0.0453	0.1413	0.1074	0.0305	0.2327	0.1405
102	0.0120	0.0745	0.0598	0.0853	0.0579	0.0913	0.0874	0.0453	0.1412	0.1074	0.0305	0.2327	0.1405
103	0.0123	0.0747	0.0599	0.0854	0.0577	0.0912	0.0873	0.0453	0.1412	0.1074	0.0304	0.2316	0.1402
104	0.0120	0.0743	0.0597	0.0853	0.0576	0.0909	0.0873	0.0452	0.1414	0.1075	0.0304	0.232	0.1404
105	0.0114	0.0741	0.0594	0.085	0.0575	0.0907	0.087	0.0453	0.1419	0.1075	0.0304	0.232	0.1401
106	0.0120	0.0734	0.059	0.0843	0.0575	0.0908	0.0868	0.0451	0.1412	0.107	0.0303	0.2321	0.1399
107	0.0119	0.0735	0.0591	0.0844	0.0576	0.091	0.0869	0.045	0.1408	0.1069	0.0304	0.2328	0.1401
108	0.0118	0.074	0.0593	0.0849	0.0577	0.091	0.0872	0.0452	0.1408	0.1072	0.0305	0.2329	0.1404
109	0.0125	0.074	0.0595	0.0848	0.0578	0.0912	0.0872	0.0453	0.1413	0.1073	0.0304	0.2325	0.1402
110	0.0120	0.0738	0.0593	0.0849	0.0578	0.0914	0.0875	0.0454	0.1415	0.1076	0.0304	0.2324	0.1404
111	0.0115	0.0741	0.0598	0.0853	0.0578	0.0914	0.0875	0.0454	0.142	0.1078	0.0304	0.2318	0.1403
112	0.0119	0.0738	0.0596	0.0851	0.058	0.092	0.0878	0.0454	0.1419	0.1078	0.0303	0.2313	0.1402
113	0.0117	0.0736	0.0596	0.0849	0.0582	0.0921	0.0878	0.0451	0.1417	0.1075	0.0302	0.2308	0.1399
114	0.0118	0.074	0.0599	0.085	0.0579	0.0915	0.0874	0.0453	0.1419	0.1076	0.0302	0.2303	0.1397
115	0.0117	0.074	0.0599	0.0849	0.0578	0.0914	0.0872	0.0452	0.1418	0.1074	0.0302	0.2306	0.1396
116	0.0113	0.0738	0.0596	0.0847	0.0577	0.0914	0.0872	0.0453	0.142	0.1075	0.0302	0.231	0.1397
117	0.0113	0.0739	0.0595	0.0848	0.0577	0.0915	0.0873	0.0452	0.1419	0.1075	0.0301	0.2303	0.1396
118	0.0121	0.0742	0.06	0.0852	0.0578	0.0919	0.0876	0.0451	0.1416	0.1075	0.0302	0.231	0.1399
119	0.0116	0.0742	0.06	0.0854	0.0579	0.092	0.0878	0.0451	0.1412	0.1075	0.0302	0.2308	0.14
120	0.0112	0.0745	0.0605	0.0856	0.0578	0.0919	0.0878	0.045	0.1413	0.1075	0.0301	0.2309	0.1399
121	0.0110	0.0742	0.0602	0.0854	0.0577	0.0918	0.0876	0.0449	0.1405	0.1072	0.0301	0.2308	0.1398
122	0.0109	0.0738	0.0599	0.085	0.058	0.0921	0.0878	0.045	0.1411	0.1073	0.0301	0.2308	0.1398
123	0.0116	0.074	0.0597	0.0848	0.0581	0.0922	0.0876	0.045	0.1408	0.107	0.0302	0.2311	0.1396
124	0.0113	0.0736	0.0595	0.0846	0.0578	0.092	0.0874	0.0449	0.1408	0.1069	0.0302	0.2306	0.1395
125	0.0108	0.0734	0.0595	0.0842	0.0577	0.092	0.0871	0.0448	0.1404	0.1065	0.0301	0.2305	0.1392
126	0.0107	0.0732	0.0595	0.084	0.0574	0.0915	0.0869	0.0447	0.1401	0.1064	0.0301	0.2302	0.139
127	0.0115	0.0734	0.0596	0.0843	0.0574	0.0914	0.087	0.0448	0.1407	0.1068	0.0301	0.2308	0.1394
128	0.0108	0.074	0.0601	0.0848	0.0573	0.0914	0.0871	0.0449	0.1411	0.1071	0.0301	0.2305	0.1394
129	0.0116	0.0737	0.0597	0.0848	0.0573	0.0913	0.0872	0.0449	0.1409	0.1072	0.0301	0.2305	0.1396
130	0.0114	0.0737	0.0599	0.0845	0.0576	0.0915	0.0871	0.0449	0.1411	0.107	0.0302	0.2312	0.1395
131	0.0104	0.0739	0.0602	0.0849	0.0574	0.091	0.0871	0.0446	0.1403	0.1069	0.0301	0.2302	0.1394
132	0.0110	0.0742	0.0602	0.0852	0.0574	0.091	0.0873	0.0446	0.1406	0.1071	0.0301	0.2304	0.1397
133	0.0113	0.0741	0.0603	0.0851	0.0577	0.0913	0.0874	0.0447	0.141	0.1071	0.03	0.2303	0.1395
134	0.0110	0.0738	0.0599	0.0846	0.0576	0.0917	0.0871	0.0446	0.1408	0.1067	0.03	0.23	0.1391
135	0.0107	0.0733	0.0596	0.0841	0.0575	0.0916	0.0869	0.0448	0.141	0.1067	0.0301	0.231	0.1393
136	0.0105	0.0733	0.0594	0.0841	0.0576	0.0913	0.0869	0.0448	0.1409	0.1066	0.03	0.2301	0.1389
137	0.0110	0.0732	0.0593	0.084	0.0577	0.0913	0.087	0.0447	0.1408	0.1067	0.0301	0.2304	0.1391
138	0.0116	0.0731	0.059	0.0842	0.0577	0.0915	0.0873	0.0446	0.1403	0.1067	0.03	0.2305	0.1393
139	0.0111	0.073	0.0592	0.0842	0.0577	0.0917	0.0873	0.0444	0.1397	0.1064	0.03	0.2306	0.1392
140	0.0115	0.0728	0.0591	0.0842	0.0578	0.0917	0.0875	0.0444	0.1397	0.1065	0.03	0.2305	0.1393
141	0.0112	0.0729	0.0591	0.0843	0.0578	0.0914	0.0875	0.0444	0.1397	0.1066	0.03	0.2308	0.1394
142	0.0104	0.0726	0.0592	0.0841	0.0578	0.0914	0.0873	0.0445	0.1398	0.1066	0.03	0.2306	0.1392
143	0.0108	0.0728	0.0594	0.084	0.0578	0.0915	0.0872	0.0445	0.1395	0.1064	0.03	0.2304	0.1391
144	0.0111	0.0729	0.0597	0.084	0.0577	0.0912	0.087	0.0445	0.1398	0.1063	0.03	0.2308	0.139
145	0.0105	0.0727	0.0595	0.0837	0.058	0.0916	0.087	0.0444	0.1391	0.1059	0.0299	0.2305	0.1388
146	0.0111	0.0728	0.0593	0.0839	0.0582	0.0916	0.0873	0.0444	0.1392	0.1061	0.0299	0.2305	0.139
147	0.0115	0.0733	0.0595	0.0844	0.0579	0.0911	0.0872	0.0445	0.1392	0.1063	0.0299	0.2306	0.1391
148	0.0107	0.0735	0.0597	0.0847	0.0583	0.0918	0.0876	0.0445	0.1392	0.1064	0.0298	0.23	0.1389
149	0.0109	0.0735	0.0595	0.0846	0.0582	0.0914	0.0874	0.0445	0.1394	0.1064	0.0298	0.2298	0.1388
150	0.0113	0.073	0.0594	0.0843	0.0581	0.0916	0.0873	0.0442	0.1388	0.106	0.0298	0.2293	0.1385
