{"n_layers": 1, "device": "cuda", "batch_size": 2048, "embedding_dim": 64, "learning_rate": 0.001, "dataset": "dbbook", "epochs": 150, "top_k": 20, "multimodal": false, "datasets": {"dbbook": ["images", "text"], "ml1m": ["audio", "images", "text", "video"]}}
Epoch	Loss	Recall	Precision	NDCG
1	0.6926	0.0209	0.0077	0.0166
2	0.6910	0.0526	0.0192	0.0382
3	0.6868	0.0643	0.0230	0.0449
4	0.6767	0.0681	0.0241	0.0469
5	0.6580	0.0676	0.0242	0.0468
6	0.6292	0.0674	0.0241	0.0467
7	0.5923	0.0670	0.0241	0.0465
8	0.5505	0.0668	0.0241	0.0465
9	0.5080	0.0667	0.0241	0.0465
10	0.4672	0.0671	0.0242	0.0467
11	0.4318	0.0675	0.0244	0.0468
12	0.3998	0.0688	0.0247	0.0474
13	0.3736	0.0690	0.0248	0.0479
14	0.3515	0.0695	0.0250	0.0483
15	0.3299	0.0705	0.0254	0.0490
16	0.3113	0.0719	0.0258	0.0498
17	0.2958	0.0725	0.0261	0.0505
18	0.2812	0.0732	0.0263	0.0510
19	0.2669	0.0736	0.0265	0.0515
20	0.2571	0.0739	0.0266	0.0517
21	0.2456	0.0756	0.0271	0.0526
22	0.2345	0.0765	0.0274	0.0534
23	0.2250	0.0773	0.0276	0.0537
24	0.2167	0.0785	0.0278	0.0545
25	0.2089	0.0797	0.0283	0.0553
26	0.1982	0.0809	0.0285	0.0561
27	0.1896	0.0817	0.0287	0.0567
28	0.1836	0.0824	0.0290	0.0573
29	0.1819	0.0834	0.0292	0.0579
30	0.1746	0.0839	0.0294	0.0583
31	0.1684	0.0845	0.0296	0.0588
32	0.1613	0.0851	0.0296	0.0594
33	0.1546	0.0859	0.0298	0.0600
34	0.1527	0.0866	0.0301	0.0604
35	0.1505	0.0865	0.0302	0.0609
36	0.1444	0.0870	0.0303	0.0614
37	0.1396	0.0873	0.0304	0.0617
38	0.1346	0.0876	0.0306	0.0620
39	0.1300	0.0881	0.0308	0.0625
40	0.1271	0.0880	0.0307	0.0626
41	0.1234	0.0884	0.0309	0.0629
42	0.1191	0.0901	0.0314	0.0637
43	0.1205	0.0902	0.0314	0.0639
44	0.1146	0.0908	0.0316	0.0644
45	0.1090	0.0907	0.0316	0.0646
46	0.1091	0.0912	0.0318	0.0650
47	0.1043	0.0921	0.0320	0.0655
48	0.1024	0.0924	0.0321	0.0657
49	0.0994	0.0927	0.0322	0.0662
50	0.0984	0.0933	0.0325	0.0668
51	0.0955	0.0939	0.0327	0.0672
52	0.0902	0.0943	0.0328	0.0676
53	0.0911	0.0951	0.0329	0.0680
54	0.0867	0.0961	0.0332	0.0685
55	0.0879	0.0966	0.0334	0.0690
56	0.0837	0.0970	0.0335	0.0693
57	0.0822	0.0975	0.0337	0.0696
58	0.0802	0.0975	0.0337	0.0696
59	0.0778	0.0977	0.0337	0.0697
60	0.0765	0.0977	0.0337	0.0697
61	0.0766	0.0980	0.0337	0.0699
62	0.0741	0.0980	0.0337	0.0700
63	0.0735	0.0986	0.0338	0.0704
64	0.0719	0.0988	0.0339	0.0705
65	0.0702	0.0997	0.0341	0.0709
66	0.0706	0.0991	0.0341	0.0710
67	0.0666	0.0996	0.0342	0.0714
68	0.0681	0.1002	0.0343	0.0717
69	0.0644	0.1003	0.0343	0.0720
70	0.0632	0.1005	0.0344	0.0723
71	0.0616	0.1009	0.0345	0.0726
72	0.0616	0.1016	0.0347	0.0728
73	0.0600	0.1017	0.0347	0.0730
74	0.0591	0.1017	0.0346	0.0728
75	0.0570	0.1018	0.0347	0.0729
76	0.0565	0.1022	0.0348	0.0731
77	0.0558	0.1020	0.0347	0.0731
78	0.0562	0.1022	0.0348	0.0735
79	0.0537	0.1025	0.0349	0.0738
80	0.0520	0.1027	0.0350	0.0740
81	0.0518	0.1026	0.0350	0.0740
82	0.0530	0.1026	0.0350	0.0741
83	0.0510	0.1028	0.0350	0.0743
84	0.0492	0.1031	0.0351	0.0745
85	0.0484	0.1038	0.0353	0.0748
86	0.0489	0.1035	0.0352	0.0749
87	0.0482	0.1036	0.0352	0.0749
88	0.0453	0.1034	0.0352	0.0748
89	0.0467	0.1034	0.0352	0.0750
90	0.0452	0.1035	0.0351	0.0751
91	0.0446	0.1038	0.0353	0.0753
92	0.0437	0.1039	0.0353	0.0754
93	0.0436	0.1040	0.0353	0.0753
94	0.0419	0.1042	0.0354	0.0753
95	0.0433	0.1041	0.0353	0.0753
96	0.0416	0.1042	0.0353	0.0754
97	0.0420	0.1045	0.0353	0.0755
98	0.0408	0.1046	0.0354	0.0756
99	0.0408	0.1047	0.0354	0.0757
100	0.0371	0.1045	0.0354	0.0756
101	0.0366	0.1046	0.0353	0.0757
102	0.0403	0.1047	0.0353	0.0757
103	0.0372	0.1051	0.0354	0.0760
104	0.0377	0.1052	0.0355	0.0762
105	0.0371	0.1055	0.0355	0.0764
106	0.0345	0.1052	0.0354	0.0762
107	0.0360	0.1053	0.0355	0.0763
108	0.0345	0.1057	0.0355	0.0764
109	0.0332	0.1058	0.0355	0.0765
110	0.0333	0.1058	0.0355	0.0766
111	0.0326	0.1059	0.0355	0.0767
112	0.0341	0.1063	0.0356	0.0770
113	0.0336	0.1062	0.0356	0.0771
114	0.0322	0.1064	0.0357	0.0774
115	0.0323	0.1064	0.0357	0.0774
116	0.0323	0.1060	0.0356	0.0773
117	0.0329	0.1063	0.0356	0.0774
118	0.0315	0.1068	0.0356	0.0777
119	0.0318	0.1068	0.0356	0.0777
120	0.0298	0.1073	0.0357	0.0782
121	0.0294	0.1075	0.0358	0.0782
122	0.0303	0.1074	0.0357	0.0782
123	0.0298	0.1078	0.0357	0.0784
124	0.0301	0.1077	0.0357	0.0785
125	0.0288	0.1078	0.0358	0.0786
126	0.0289	0.1077	0.0357	0.0786
127	0.0278	0.1075	0.0356	0.0785
128	0.0279	0.1075	0.0356	0.0783
129	0.0270	0.1074	0.0356	0.0782
130	0.0281	0.1073	0.0356	0.0781
131	0.0276	0.1072	0.0355	0.0780
132	0.0254	0.1072	0.0355	0.0782
133	0.0259	0.1076	0.0356	0.0784
134	0.0266	0.1079	0.0357	0.0786
135	0.0261	0.1081	0.0357	0.0785
136	0.0256	0.1076	0.0356	0.0783
137	0.0260	0.1076	0.0356	0.0784
138	0.0250	0.1075	0.0355	0.0783
139	0.0245	0.1076	0.0355	0.0783
140	0.0244	0.1076	0.0355	0.0784
141	0.0246	0.1087	0.0357	0.0789
142	0.0249	0.1085	0.0357	0.0788
143	0.0247	0.1088	0.0357	0.0789
144	0.0242	0.1086	0.0357	0.0789
145	0.0249	0.1084	0.0356	0.0787
146	0.0239	0.1087	0.0356	0.0789
147	0.0233	0.1088	0.0357	0.0790
148	0.0248	0.1087	0.0356	0.0790
149	0.0223	0.1086	0.0355	0.0789
150	0.0228	0.1086	0.0355	0.0789
