{"n_layers": 1, "device": "cuda", "batch_size": 2048, "embedding_dim": 512, "learning_rate": 0.001, "dataset": "dbbook", "epochs": 150, "top_k": 20, "multimodal": false, "datasets": {"dbbook": ["images", "text"], "ml1m": ["audio", "images", "text", "video"]}}
Epoch	Loss	Recall	Precision	NDCG
1	0.6889	0.0538	0.0187	0.0422
2	0.6766	0.0836	0.0292	0.0588
3	0.6438	0.0805	0.0284	0.0560
4	0.5762	0.0770	0.0273	0.0534
5	0.4827	0.0755	0.0267	0.0521
6	0.3920	0.0752	0.0266	0.0516
7	0.3209	0.0762	0.0269	0.0526
8	0.2683	0.0781	0.0276	0.0540
9	0.2312	0.0807	0.0284	0.0560
10	0.1990	0.0830	0.0290	0.0577
11	0.1746	0.0854	0.0296	0.0597
12	0.1524	0.0897	0.0309	0.0624
13	0.1365	0.0920	0.0315	0.0645
14	0.1208	0.0936	0.0320	0.0660
15	0.1073	0.0957	0.0326	0.0678
16	0.0980	0.0974	0.0329	0.0695
17	0.0897	0.0995	0.0337	0.0712
18	0.0819	0.1014	0.0345	0.0734
19	0.0737	0.1027	0.0349	0.0749
20	0.0682	0.1040	0.0353	0.0761
21	0.0631	0.1045	0.0355	0.0770
22	0.0580	0.1064	0.0359	0.0785
23	0.0547	0.1063	0.0360	0.0791
24	0.0504	0.1070	0.0361	0.0796
25	0.0471	0.1085	0.0365	0.0805
26	0.0457	0.1092	0.0367	0.0813
27	0.0420	0.1098	0.0369	0.0818
28	0.0395	0.1114	0.0371	0.0823
29	0.0376	0.1120	0.0374	0.0830
30	0.0358	0.1128	0.0375	0.0834
31	0.0339	0.1142	0.0379	0.0843
32	0.0320	0.1143	0.0380	0.0849
33	0.0296	0.1140	0.0380	0.0849
34	0.0282	0.1145	0.0382	0.0852
35	0.0291	0.1154	0.0384	0.0859
36	0.0263	0.1167	0.0387	0.0864
37	0.0254	0.1166	0.0385	0.0864
38	0.0245	0.1166	0.0385	0.0863
39	0.0225	0.1170	0.0385	0.0865
40	0.0231	0.1177	0.0387	0.0870
41	0.0220	0.1182	0.0388	0.0876
42	0.0217	0.1178	0.0387	0.0878
43	0.0204	0.1186	0.0389	0.0884
44	0.0193	0.1193	0.0390	0.0887
45	0.0185	0.1198	0.0392	0.0889
46	0.0186	0.1197	0.0392	0.0890
47	0.0183	0.1194	0.0389	0.0890
48	0.0171	0.1193	0.0388	0.0889
49	0.0169	0.1200	0.0389	0.0892
50	0.0170	0.1194	0.0387	0.0889
51	0.0153	0.1199	0.0387	0.0891
52	0.0156	0.1195	0.0386	0.0891
53	0.0146	0.1199	0.0387	0.0893
54	0.0151	0.1197	0.0388	0.0894
55	0.0138	0.1198	0.0388	0.0894
56	0.0146	0.1198	0.0388	0.0894
57	0.0131	0.1197	0.0387	0.0894
58	0.0141	0.1201	0.0387	0.0895
59	0.0134	0.1206	0.0389	0.0896
60	0.0128	0.1205	0.0388	0.0897
61	0.0129	0.1209	0.0389	0.0899
62	0.0122	0.1209	0.0389	0.0898
63	0.0119	0.1212	0.0390	0.0900
64	0.0124	0.1208	0.0389	0.0901
65	0.0117	0.1215	0.0390	0.0905
66	0.0114	0.1213	0.0389	0.0904
67	0.0120	0.1218	0.0390	0.0906
68	0.0115	0.1215	0.0390	0.0908
69	0.0116	0.1214	0.0389	0.0907
70	0.0110	0.1210	0.0388	0.0908
71	0.0109	0.1210	0.0388	0.0908
72	0.0102	0.1212	0.0387	0.0910
73	0.0107	0.1207	0.0386	0.0908
74	0.0097	0.1206	0.0385	0.0905
75	0.0099	0.1208	0.0386	0.0904
76	0.0101	0.1208	0.0386	0.0905
77	0.0106	0.1206	0.0386	0.0902
78	0.0100	0.1204	0.0385	0.0903
79	0.0099	0.1203	0.0385	0.0904
80	0.0095	0.1205	0.0385	0.0904
81	0.0088	0.1205	0.0385	0.0904
82	0.0093	0.1211	0.0386	0.0908
83	0.0094	0.1211	0.0385	0.0908
84	0.0095	0.1211	0.0385	0.0910
85	0.0089	0.1213	0.0385	0.0910
86	0.0087	0.1212	0.0385	0.0908
87	0.0091	0.1207	0.0384	0.0906
88	0.0090	0.1211	0.0384	0.0907
89	0.0087	0.1211	0.0384	0.0909
90	0.0091	0.1212	0.0384	0.0909
91	0.0089	0.1209	0.0383	0.0908
92	0.0092	0.1205	0.0382	0.0906
93	0.0085	0.1198	0.0380	0.0905
94	0.0087	0.1200	0.0381	0.0909
95	0.0085	0.1198	0.0380	0.0908
96	0.0083	0.1196	0.0380	0.0906
97	0.0077	0.1195	0.0379	0.0903
98	0.0084	0.1195	0.0379	0.0898
99	0.0080	0.1196	0.0379	0.0898
100	0.0082	0.1193	0.0378	0.0896
101	0.0079	0.1195	0.0379	0.0896
102	0.0078	0.1197	0.0379	0.0899
103	0.0085	0.1200	0.0380	0.0902
104	0.0074	0.1198	0.0380	0.0902
105	0.0077	0.1202	0.0381	0.0902
106	0.0079	0.1194	0.0380	0.0901
107	0.0074	0.1198	0.0380	0.0902
108	0.0073	0.1193	0.0379	0.0900
109	0.0073	0.1193	0.0379	0.0898
110	0.0074	0.1192	0.0378	0.0898
111	0.0070	0.1193	0.0379	0.0899
112	0.0071	0.1192	0.0378	0.0900
113	0.0075	0.1194	0.0377	0.0901
114	0.0071	0.1192	0.0377	0.0899
115	0.0081	0.1196	0.0378	0.0902
116	0.0076	0.1200	0.0380	0.0904
117	0.0072	0.1198	0.0380	0.0904
118	0.0066	0.1196	0.0379	0.0904
119	0.0067	0.1198	0.0379	0.0905
120	0.0069	0.1200	0.0380	0.0908
121	0.0071	0.1197	0.0380	0.0907
122	0.0065	0.1197	0.0379	0.0907
123	0.0070	0.1194	0.0378	0.0905
124	0.0068	0.1193	0.0378	0.0901
125	0.0070	0.1193	0.0377	0.0901
126	0.0070	0.1184	0.0375	0.0897
127	0.0070	0.1182	0.0375	0.0901
128	0.0063	0.1180	0.0375	0.0898
129	0.0070	0.1182	0.0375	0.0899
130	0.0064	0.1181	0.0374	0.0900
131	0.0071	0.1176	0.0373	0.0898
132	0.0072	0.1174	0.0374	0.0897
133	0.0068	0.1175	0.0374	0.0897
134	0.0063	0.1176	0.0374	0.0897
135	0.0067	0.1178	0.0376	0.0897
136	0.0066	0.1182	0.0377	0.0899
137	0.0064	0.1179	0.0376	0.0897
138	0.0064	0.1182	0.0376	0.0898
139	0.0065	0.1180	0.0375	0.0898
140	0.0065	0.1183	0.0376	0.0900
141	0.0060	0.1181	0.0376	0.0900
142	0.0064	0.1184	0.0376	0.0900
143	0.0060	0.1186	0.0376	0.0901
144	0.0064	0.1185	0.0375	0.0901
145	0.0067	0.1188	0.0376	0.0900
146	0.0063	0.1184	0.0375	0.0899
147	0.0063	0.1185	0.0375	0.0899
148	0.0067	0.1182	0.0373	0.0897
149	0.0063	0.1186	0.0375	0.0899
150	0.0061	0.1182	0.0374	0.0897
