{"n_layers": 1, "device": "cuda", "batch_size": 2048, "embedding_dim": 1024, "learning_rate": 0.0005, "dataset": "dbbook", "epochs": 150, "top_k": 20, "multimodal": false, "datasets": {"dbbook": ["images", "text"], "ml1m": ["audio", "images", "text", "video"]}}
Epoch	Loss	Recall	Precision	NDCG
1	0.6871	0.0249	0.0084	0.0206
2	0.6802	0.0731	0.0249	0.0543
3	0.6677	0.0889	0.0303	0.0622
4	0.6439	0.0859	0.0295	0.0593
5	0.6035	0.0817	0.0283	0.0565
6	0.5469	0.0789	0.0276	0.0548
7	0.4805	0.0773	0.0271	0.0541
8	0.4161	0.0767	0.0270	0.0539
9	0.3596	0.0764	0.0271	0.0540
10	0.3150	0.0779	0.0275	0.0547
11	0.2758	0.0792	0.0279	0.0555
12	0.2460	0.0808	0.0284	0.0566
13	0.2220	0.0822	0.0288	0.0576
14	0.1991	0.0831	0.0291	0.0587
15	0.1797	0.0850	0.0297	0.0603
16	0.1623	0.0876	0.0304	0.0619
17	0.1502	0.0891	0.0309	0.0633
18	0.1375	0.0916	0.0316	0.0652
19	0.1272	0.0933	0.0321	0.0665
20	0.1171	0.0955	0.0326	0.0679
21	0.1086	0.0965	0.0330	0.0690
22	0.1000	0.0978	0.0335	0.0701
23	0.0925	0.0992	0.0340	0.0716
24	0.0871	0.1011	0.0345	0.0729
25	0.0809	0.1025	0.0348	0.0737
26	0.0770	0.1030	0.0352	0.0744
27	0.0717	0.1045	0.0356	0.0755
28	0.0675	0.1048	0.0357	0.0760
29	0.0637	0.1055	0.0358	0.0766
30	0.0589	0.1065	0.0361	0.0775
31	0.0575	0.1070	0.0363	0.0784
32	0.0535	0.1075	0.0365	0.0793
33	0.0496	0.1086	0.0368	0.0801
34	0.0492	0.1093	0.0370	0.0808
35	0.0456	0.1099	0.0371	0.0813
36	0.0432	0.1110	0.0372	0.0818
37	0.0421	0.1113	0.0373	0.0820
38	0.0394	0.1119	0.0375	0.0826
39	0.0379	0.1123	0.0376	0.0831
40	0.0376	0.1132	0.0379	0.0837
41	0.0356	0.1133	0.0379	0.0839
42	0.0343	0.1140	0.0381	0.0844
43	0.0321	0.1145	0.0382	0.0849
44	0.0319	0.1153	0.0383	0.0853
45	0.0301	0.1154	0.0385	0.0856
46	0.0294	0.1163	0.0386	0.0861
47	0.0289	0.1164	0.0387	0.0863
48	0.0265	0.1172	0.0389	0.0867
49	0.0264	0.1173	0.0388	0.0868
50	0.0264	0.1172	0.0389	0.0872
51	0.0250	0.1177	0.0390	0.0877
52	0.0245	0.1182	0.0391	0.0879
53	0.0238	0.1190	0.0393	0.0882
54	0.0225	0.1189	0.0394	0.0884
55	0.0235	0.1195	0.0395	0.0888
56	0.0219	0.1196	0.0395	0.0891
57	0.0211	0.1202	0.0396	0.0898
58	0.0214	0.1208	0.0397	0.0902
59	0.0201	0.1208	0.0397	0.0903
60	0.0193	0.1201	0.0395	0.0899
61	0.0193	0.1204	0.0396	0.0901
62	0.0190	0.1212	0.0398	0.0907
63	0.0188	0.1209	0.0397	0.0908
64	0.0190	0.1210	0.0398	0.0910
65	0.0183	0.1217	0.0399	0.0914
66	0.0166	0.1218	0.0399	0.0916
67	0.0164	0.1217	0.0399	0.0917
68	0.0166	0.1219	0.0400	0.0918
69	0.0159	0.1226	0.0401	0.0921
70	0.0155	0.1217	0.0399	0.0918
71	0.0154	0.1219	0.0399	0.0918
72	0.0152	0.1217	0.0399	0.0917
73	0.0149	0.1216	0.0399	0.0916
74	0.0144	0.1215	0.0398	0.0918
75	0.0143	0.1216	0.0398	0.0919
76	0.0136	0.1220	0.0399	0.0920
77	0.0136	0.1220	0.0399	0.0921
78	0.0135	0.1219	0.0399	0.0922
79	0.0133	0.1223	0.0399	0.0924
80	0.0134	0.1226	0.0400	0.0926
81	0.0128	0.1227	0.0400	0.0926
82	0.0126	0.1228	0.0400	0.0927
83	0.0127	0.1229	0.0400	0.0930
84	0.0123	0.1226	0.0398	0.0927
85	0.0124	0.1224	0.0399	0.0927
86	0.0116	0.1227	0.0400	0.0929
87	0.0118	0.1223	0.0398	0.0928
88	0.0124	0.1224	0.0398	0.0930
89	0.0128	0.1226	0.0398	0.0931
90	0.0114	0.1231	0.0398	0.0931
91	0.0115	0.1227	0.0397	0.0928
92	0.0110	0.1222	0.0396	0.0926
93	0.0109	0.1222	0.0396	0.0928
94	0.0111	0.1221	0.0396	0.0926
95	0.0109	0.1217	0.0395	0.0925
96	0.0103	0.1216	0.0394	0.0926
97	0.0105	0.1216	0.0394	0.0927
98	0.0105	0.1211	0.0393	0.0925
99	0.0098	0.1213	0.0392	0.0924
100	0.0099	0.1212	0.0392	0.0924
101	0.0102	0.1219	0.0392	0.0926
102	0.0099	0.1220	0.0392	0.0926
103	0.0097	0.1215	0.0391	0.0925
104	0.0100	0.1220	0.0392	0.0926
105	0.0095	0.1216	0.0391	0.0925
106	0.0099	0.1218	0.0391	0.0926
107	0.0091	0.1220	0.0392	0.0927
108	0.0094	0.1220	0.0392	0.0926
109	0.0094	0.1219	0.0391	0.0927
110	0.0087	0.1223	0.0392	0.0929
111	0.0091	0.1223	0.0391	0.0928
112	0.0085	0.1220	0.0391	0.0927
113	0.0092	0.1219	0.0391	0.0927
114	0.0086	0.1216	0.0390	0.0925
115	0.0089	0.1220	0.0391	0.0926
116	0.0089	0.1219	0.0390	0.0926
117	0.0085	0.1220	0.0390	0.0924
118	0.0090	0.1217	0.0390	0.0923
119	0.0087	0.1217	0.0389	0.0923
120	0.0083	0.1213	0.0388	0.0922
121	0.0085	0.1215	0.0388	0.0921
122	0.0081	0.1215	0.0388	0.0922
123	0.0083	0.1219	0.0389	0.0924
124	0.0084	0.1224	0.0390	0.0928
125	0.0081	0.1226	0.0391	0.0929
126	0.0080	0.1224	0.0391	0.0929
127	0.0083	0.1226	0.0390	0.0929
128	0.0084	0.1224	0.0389	0.0928
129	0.0076	0.1223	0.0389	0.0926
130	0.0076	0.1224	0.0389	0.0928
131	0.0077	0.1223	0.0389	0.0927
132	0.0090	0.1226	0.0389	0.0927
133	0.0078	0.1226	0.0388	0.0926
134	0.0083	0.1228	0.0388	0.0927
135	0.0079	0.1229	0.0389	0.0930
136	0.0077	0.1226	0.0388	0.0928
137	0.0075	0.1227	0.0388	0.0928
138	0.0073	0.1229	0.0388	0.0929
139	0.0080	0.1225	0.0388	0.0928
140	0.0073	0.1224	0.0387	0.0927
141	0.0075	0.1226	0.0387	0.0927
142	0.0076	0.1223	0.0387	0.0926
143	0.0073	0.1219	0.0387	0.0926
144	0.0072	0.1218	0.0386	0.0927
145	0.0071	0.1216	0.0386	0.0927
146	0.0074	0.1216	0.0386	0.0928
147	0.0075	0.1221	0.0386	0.0929
148	0.0072	0.1221	0.0386	0.0928
149	0.0070	0.1218	0.0385	0.0927
150	0.0068	0.1223	0.0386	0.0930
