{"n_layers": 0, "device": "cuda", "batch_size": 2048, "embedding_dim": 1024, "learning_rate": 0.001, "dataset": "dbbook", "epochs": 150, "top_k": 50, "multimodal": true, "datasets": {"dbbook": ["images", "text"], "ml1m": ["audio", "images", "text", "video"]}}
Epoch	Loss	Recall	Precision	NDCG
1	0.6926	0.0249	0.0031	0.0132
2	0.6789	0.0483	0.0061	0.0306
3	0.6644	0.0762	0.0100	0.0520
4	0.6451	0.1095	0.0146	0.0738
5	0.6181	0.1358	0.0184	0.0895
6	0.5809	0.1540	0.0210	0.0992
7	0.5342	0.1644	0.0226	0.1046
8	0.4800	0.1720	0.0238	0.1081
9	0.4231	0.1763	0.0245	0.1102
10	0.3672	0.1800	0.0250	0.1124
11	0.3179	0.1831	0.0255	0.1140
12	0.2751	0.1858	0.0258	0.1150
13	0.2401	0.1878	0.0262	0.1163
14	0.2101	0.1894	0.0264	0.1175
15	0.1852	0.1921	0.0267	0.1189
16	0.1620	0.1945	0.0270	0.1202
17	0.1443	0.1951	0.0270	0.1211
18	0.1301	0.1974	0.0272	0.1222
19	0.1155	0.1996	0.0274	0.1231
20	0.1051	0.2006	0.0276	0.1237
21	0.0952	0.2012	0.0277	0.1244
22	0.0868	0.2040	0.0280	0.1258
23	0.0794	0.2047	0.0281	0.1266
24	0.0727	0.2064	0.0282	0.1275
25	0.0667	0.2078	0.0284	0.1278
26	0.0608	0.2092	0.0286	0.1285
27	0.0572	0.2103	0.0287	0.1290
28	0.0525	0.2119	0.0288	0.1298
29	0.0491	0.2127	0.0288	0.1303
30	0.0466	0.2139	0.0290	0.1307
31	0.0433	0.2149	0.0291	0.1313
32	0.0403	0.2157	0.0291	0.1322
33	0.0380	0.2162	0.0292	0.1325
34	0.0358	0.2166	0.0292	0.1328
35	0.0337	0.2173	0.0293	0.1333
36	0.0321	0.2177	0.0294	0.1336
37	0.0307	0.2182	0.0294	0.1341
38	0.0287	0.2183	0.0295	0.1342
39	0.0276	0.2182	0.0294	0.1340
40	0.0264	0.2178	0.0294	0.1342
41	0.0256	0.2181	0.0295	0.1346
42	0.0245	0.2185	0.0295	0.1349
43	0.0232	0.2198	0.0296	0.1352
44	0.0223	0.2188	0.0295	0.1353
45	0.0218	0.2195	0.0296	0.1356
46	0.0205	0.2193	0.0296	0.1360
47	0.0207	0.2204	0.0297	0.1364
48	0.0189	0.2197	0.0297	0.1363
49	0.0191	0.2212	0.0297	0.1367
50	0.0185	0.2213	0.0298	0.1368
51	0.0174	0.2216	0.0298	0.1369
52	0.0174	0.2217	0.0298	0.1370
53	0.0173	0.2222	0.0299	0.1373
54	0.0166	0.2220	0.0299	0.1373
55	0.0158	0.2225	0.0299	0.1375
56	0.0153	0.2219	0.0298	0.1377
57	0.0152	0.2220	0.0299	0.1378
58	0.0147	0.2220	0.0299	0.1381
59	0.0145	0.2220	0.0299	0.1380
60	0.0140	0.2223	0.0299	0.1382
61	0.0134	0.2227	0.0299	0.1386
62	0.0136	0.2224	0.0299	0.1388
63	0.0135	0.2230	0.0300	0.1390
64	0.0128	0.2227	0.0299	0.1391
65	0.0131	0.2233	0.0300	0.1393
66	0.0128	0.2236	0.0299	0.1395
67	0.0122	0.2238	0.0300	0.1393
68	0.0121	0.2232	0.0299	0.1396
69	0.0115	0.2229	0.0299	0.1396
70	0.0115	0.2239	0.0300	0.1400
71	0.0115	0.2240	0.0300	0.1400
72	0.0115	0.2243	0.0300	0.1398
73	0.0113	0.2243	0.0300	0.1396
74	0.0107	0.2241	0.0300	0.1396
75	0.0104	0.2240	0.0300	0.1396
76	0.0109	0.2237	0.0300	0.1396
77	0.0103	0.2241	0.0300	0.1397
78	0.0103	0.2245	0.0300	0.1397
79	0.0102	0.2248	0.0300	0.1399
80	0.0101	0.2252	0.0300	0.1401
81	0.0099	0.2246	0.0300	0.1401
82	0.0101	0.2250	0.0300	0.1404
83	0.0096	0.2248	0.0300	0.1404
84	0.0099	0.2250	0.0300	0.1409
85	0.0095	0.2254	0.0301	0.1411
86	0.0100	0.2253	0.0301	0.1410
87	0.0098	0.2257	0.0301	0.1413
88	0.0099	0.2242	0.0299	0.1406
89	0.0094	0.2244	0.0299	0.1407
90	0.0093	0.2250	0.0300	0.1409
91	0.0094	0.2255	0.0301	0.1410
92	0.0094	0.2257	0.0301	0.1414
93	0.0088	0.2252	0.0301	0.1412
94	0.0091	0.2252	0.0301	0.1414
95	0.0087	0.2256	0.0301	0.1414
96	0.0087	0.2257	0.0301	0.1412
97	0.0091	0.2254	0.0301	0.1411
98	0.0082	0.2257	0.0301	0.1412
99	0.0086	0.2258	0.0302	0.1413
100	0.0085	0.2257	0.0302	0.1411
101	0.0081	0.2259	0.0302	0.1412
102	0.0087	0.2264	0.0302	0.1413
103	0.0083	0.2256	0.0302	0.1411
104	0.0082	0.2260	0.0301	0.1411
105	0.0086	0.2261	0.0302	0.1413
106	0.0087	0.2264	0.0302	0.1415
107	0.0084	0.2268	0.0302	0.1419
108	0.0084	0.2268	0.0302	0.1421
109	0.0084	0.2266	0.0302	0.1421
110	0.0081	0.2270	0.0302	0.1425
111	0.0081	0.2269	0.0302	0.1425
112	0.0078	0.2267	0.0302	0.1423
113	0.0080	0.2274	0.0302	0.1424
114	0.0080	0.2281	0.0303	0.1426
115	0.0079	0.2273	0.0302	0.1422
116	0.0077	0.2279	0.0303	0.1422
117	0.0080	0.2277	0.0302	0.1421
118	0.0079	0.2278	0.0303	0.1422
119	0.0081	0.2278	0.0303	0.1421
120	0.0079	0.2275	0.0303	0.1422
121	0.0079	0.2279	0.0303	0.1423
122	0.0077	0.2278	0.0303	0.1425
123	0.0077	0.2274	0.0302	0.1422
124	0.0075	0.2267	0.0301	0.1418
125	0.0072	0.2264	0.0301	0.1417
126	0.0074	0.2268	0.0301	0.1418
127	0.0073	0.2270	0.0301	0.1419
128	0.0076	0.2268	0.0301	0.1420
129	0.0078	0.2262	0.0301	0.1415
130	0.0079	0.2261	0.0301	0.1417
131	0.0078	0.2261	0.0300	0.1421
132	0.0072	0.2259	0.0300	0.1423
133	0.0076	0.2259	0.0300	0.1427
134	0.0075	0.2271	0.0301	0.1432
135	0.0078	0.2267	0.0301	0.1431
136	0.0073	0.2265	0.0301	0.1427
137	0.0073	0.2266	0.0301	0.1426
138	0.0080	0.2263	0.0301	0.1426
139	0.0075	0.2261	0.0301	0.1425
140	0.0074	0.2259	0.0301	0.1424
141	0.0074	0.2260	0.0301	0.1424
142	0.0074	0.2258	0.0300	0.1423
143	0.0072	0.2258	0.0300	0.1425
144	0.0076	0.2255	0.0300	0.1425
145	0.0075	0.2252	0.0299	0.1425
146	0.0074	0.2256	0.0300	0.1428
147	0.0076	0.2257	0.0300	0.1428
148	0.0075	0.2255	0.0300	0.1428
149	0.0075	0.2258	0.0300	0.1429
150	0.0073	0.2255	0.0300	0.1430
