{"n_layers": 0, "device": "cuda", "batch_size": 2048, "embedding_dim": 1024, "learning_rate": 0.0005, "dataset": "dbbook", "epochs": 150, "top_k": 50, "multimodal": true, "datasets": {"dbbook": ["images", "text"], "ml1m": ["audio", "images", "text", "video"]}}
Epoch	Loss	Recall	Precision	NDCG
1	0.6927	0.0174	0.0021	0.0080
2	0.6828	0.0295	0.0036	0.0161
3	0.6740	0.0415	0.0051	0.0251
4	0.6646	0.0505	0.0064	0.0330
5	0.6546	0.0616	0.0081	0.0422
6	0.6434	0.0744	0.0099	0.0511
7	0.6306	0.0885	0.0116	0.0608
8	0.6163	0.1014	0.0135	0.0695
9	0.6001	0.1137	0.0152	0.0771
10	0.5815	0.1253	0.0170	0.0843
11	0.5616	0.1351	0.0182	0.0901
12	0.5397	0.1440	0.0194	0.0946
13	0.5160	0.1503	0.0204	0.0979
14	0.4914	0.1568	0.0212	0.1009
15	0.4655	0.1605	0.0219	0.1031
16	0.4397	0.1640	0.0224	0.1049
17	0.4140	0.1670	0.0228	0.1067
18	0.3886	0.1703	0.0232	0.1082
19	0.3645	0.1730	0.0236	0.1094
20	0.3411	0.1754	0.0240	0.1106
21	0.3201	0.1771	0.0242	0.1114
22	0.2986	0.1782	0.0244	0.1124
23	0.2799	0.1801	0.0247	0.1132
24	0.2629	0.1822	0.0250	0.1144
25	0.2460	0.1837	0.0252	0.1152
26	0.2303	0.1858	0.0255	0.1161
27	0.2182	0.1863	0.0256	0.1167
28	0.2036	0.1872	0.0257	0.1172
29	0.1928	0.1888	0.0259	0.1179
30	0.1811	0.1894	0.0260	0.1185
31	0.1705	0.1903	0.0261	0.1192
32	0.1614	0.1911	0.0261	0.1197
33	0.1534	0.1926	0.0263	0.1203
34	0.1442	0.1935	0.0264	0.1209
35	0.1386	0.1940	0.0265	0.1211
36	0.1295	0.1956	0.0266	0.1218
37	0.1238	0.1954	0.0267	0.1221
38	0.1172	0.1966	0.0268	0.1226
39	0.1120	0.1976	0.0270	0.1231
40	0.1064	0.1989	0.0270	0.1234
41	0.1018	0.2006	0.0272	0.1242
42	0.0965	0.2014	0.0273	0.1246
43	0.0930	0.2015	0.0273	0.1250
44	0.0886	0.2023	0.0274	0.1253
45	0.0848	0.2029	0.0275	0.1257
46	0.0806	0.2034	0.0275	0.1260
47	0.0786	0.2037	0.0276	0.1263
48	0.0744	0.2044	0.0277	0.1267
49	0.0719	0.2050	0.0278	0.1271
50	0.0694	0.2060	0.0279	0.1276
51	0.0665	0.2055	0.0278	0.1276
52	0.0649	0.2058	0.0279	0.1281
53	0.0609	0.2061	0.0279	0.1284
54	0.0591	0.2066	0.0280	0.1285
55	0.0567	0.2070	0.0280	0.1285
56	0.0551	0.2072	0.0280	0.1289
57	0.0532	0.2077	0.0281	0.1292
58	0.0520	0.2082	0.0281	0.1297
59	0.0494	0.2092	0.0282	0.1301
60	0.0482	0.2097	0.0283	0.1303
61	0.0464	0.2100	0.0283	0.1304
62	0.0448	0.2107	0.0284	0.1307
63	0.0435	0.2107	0.0284	0.1307
64	0.0417	0.2106	0.0284	0.1307
65	0.0406	0.2111	0.0284	0.1310
66	0.0393	0.2114	0.0284	0.1311
67	0.0381	0.2114	0.0284	0.1314
68	0.0380	0.2118	0.0285	0.1318
69	0.0361	0.2117	0.0284	0.1319
70	0.0350	0.2126	0.0285	0.1324
71	0.0347	0.2132	0.0286	0.1328
72	0.0337	0.2134	0.0286	0.1330
73	0.0327	0.2134	0.0287	0.1332
74	0.0322	0.2133	0.0286	0.1331
75	0.0306	0.2139	0.0287	0.1333
76	0.0300	0.2139	0.0287	0.1332
77	0.0298	0.2143	0.0288	0.1334
78	0.0288	0.2151	0.0288	0.1338
79	0.0279	0.2148	0.0288	0.1338
80	0.0277	0.2155	0.0289	0.1343
81	0.0274	0.2156	0.0289	0.1345
82	0.0264	0.2160	0.0289	0.1346
83	0.0260	0.2160	0.0290	0.1349
84	0.0254	0.2161	0.0290	0.1353
85	0.0246	0.2161	0.0290	0.1353
86	0.0244	0.2162	0.0290	0.1354
87	0.0237	0.2162	0.0290	0.1357
88	0.0225	0.2172	0.0291	0.1361
89	0.0225	0.2173	0.0291	0.1364
90	0.0224	0.2178	0.0291	0.1366
91	0.0216	0.2177	0.0291	0.1367
92	0.0222	0.2174	0.0291	0.1367
93	0.0210	0.2177	0.0291	0.1370
94	0.0207	0.2179	0.0292	0.1369
95	0.0204	0.2182	0.0292	0.1372
96	0.0206	0.2186	0.0292	0.1372
97	0.0192	0.2187	0.0292	0.1372
98	0.0193	0.2185	0.0292	0.1373
99	0.0191	0.2188	0.0292	0.1373
100	0.0185	0.2189	0.0292	0.1372
101	0.0184	0.2190	0.0292	0.1373
102	0.0184	0.2190	0.0292	0.1371
103	0.0176	0.2194	0.0292	0.1374
104	0.0178	0.2191	0.0292	0.1371
105	0.0176	0.2193	0.0292	0.1372
106	0.0170	0.2192	0.0292	0.1372
107	0.0163	0.2189	0.0292	0.1372
108	0.0161	0.2191	0.0292	0.1372
109	0.0161	0.2189	0.0292	0.1373
110	0.0159	0.2193	0.0292	0.1375
111	0.0154	0.2193	0.0292	0.1379
112	0.0154	0.2197	0.0292	0.1379
113	0.0154	0.2199	0.0293	0.1381
114	0.0149	0.2199	0.0293	0.1382
115	0.0151	0.2199	0.0293	0.1383
116	0.0147	0.2202	0.0294	0.1385
117	0.0148	0.2199	0.0293	0.1384
118	0.0143	0.2195	0.0293	0.1382
119	0.0136	0.2196	0.0293	0.1382
120	0.0139	0.2194	0.0293	0.1382
121	0.0134	0.2194	0.0293	0.1380
122	0.0136	0.2196	0.0293	0.1383
123	0.0134	0.2191	0.0293	0.1384
124	0.0137	0.2194	0.0293	0.1384
125	0.0135	0.2189	0.0292	0.1383
126	0.0129	0.2190	0.0292	0.1384
127	0.0128	0.2192	0.0293	0.1384
128	0.0130	0.2197	0.0293	0.1386
129	0.0129	0.2202	0.0293	0.1389
130	0.0124	0.2205	0.0293	0.1390
131	0.0125	0.2198	0.0293	0.1389
132	0.0124	0.2197	0.0293	0.1390
133	0.0123	0.2198	0.0293	0.1393
134	0.0124	0.2193	0.0293	0.1391
135	0.0121	0.2198	0.0293	0.1394
136	0.0124	0.2205	0.0294	0.1396
137	0.0119	0.2205	0.0294	0.1397
138	0.0118	0.2207	0.0294	0.1397
139	0.0112	0.2206	0.0294	0.1398
140	0.0114	0.2207	0.0294	0.1400
141	0.0115	0.2206	0.0294	0.1401
142	0.0113	0.2204	0.0294	0.1401
143	0.0112	0.2206	0.0294	0.1402
144	0.0115	0.2208	0.0295	0.1403
145	0.0107	0.2208	0.0294	0.1403
146	0.0107	0.2210	0.0294	0.1403
147	0.0110	0.2204	0.0294	0.1403
148	0.0110	0.2202	0.0294	0.1402
149	0.0109	0.2203	0.0294	0.1401
150	0.0103	0.2208	0.0294	0.1403
