{"n_layers": 0, "device": "cuda", "batch_size": 2048, "embedding_dim": 512, "learning_rate": 0.001, "dataset": "dbbook", "epochs": 150, "top_k": 5, "multimodal": true, "datasets": {"dbbook": ["images", "text"], "ml1m": ["audio", "images", "text", "video"]}}
Epoch	Loss	Recall	Precision	NDCG
1	0.6927	0.0028	0.0031	0.0038
2	0.6825	0.0084	0.0103	0.0129
3	0.6726	0.0170	0.0211	0.0256
4	0.6602	0.0244	0.0318	0.0384
5	0.6445	0.0308	0.0405	0.0493
6	0.6239	0.0361	0.0476	0.0570
7	0.5982	0.0384	0.0517	0.0617
8	0.5663	0.0403	0.0543	0.0647
9	0.5293	0.0413	0.0557	0.0664
10	0.4895	0.0422	0.0569	0.0676
11	0.4471	0.0437	0.0584	0.0689
12	0.4057	0.0444	0.0592	0.0697
13	0.3670	0.0444	0.0591	0.0696
14	0.3315	0.0451	0.0597	0.0704
15	0.3001	0.0456	0.0601	0.0707
16	0.2707	0.0458	0.0601	0.0707
17	0.2464	0.0462	0.0607	0.0714
18	0.2240	0.0469	0.0613	0.0719
19	0.2050	0.0466	0.0611	0.0717
20	0.1873	0.0471	0.0616	0.0723
21	0.1725	0.0472	0.0615	0.0722
22	0.1582	0.0475	0.0619	0.0728
23	0.1473	0.0485	0.0630	0.0739
24	0.1347	0.0484	0.0628	0.0738
25	0.1262	0.0486	0.0632	0.0742
26	0.1171	0.0490	0.0637	0.0748
27	0.1092	0.0493	0.0641	0.0751
28	0.1016	0.0497	0.0648	0.0756
29	0.0966	0.0499	0.0654	0.0761
30	0.0895	0.0499	0.0653	0.0760
31	0.0846	0.0505	0.0659	0.0766
32	0.0787	0.0505	0.0654	0.0768
33	0.0739	0.0505	0.0656	0.0769
34	0.0706	0.0504	0.0656	0.0768
35	0.0669	0.0506	0.0660	0.0768
36	0.0630	0.0511	0.0665	0.0772
37	0.0596	0.0511	0.0664	0.0772
38	0.0560	0.0511	0.0662	0.0774
39	0.0545	0.0513	0.0666	0.0774
40	0.0512	0.0512	0.0664	0.0773
41	0.0485	0.0515	0.0664	0.0774
42	0.0469	0.0520	0.0672	0.0783
43	0.0445	0.0529	0.0680	0.0792
44	0.0435	0.0533	0.0681	0.0797
45	0.0412	0.0534	0.0681	0.0798
46	0.0385	0.0536	0.0686	0.0801
47	0.0381	0.0542	0.0689	0.0805
48	0.0369	0.0545	0.0689	0.0807
49	0.0349	0.0546	0.0691	0.0807
50	0.0332	0.0542	0.0690	0.0807
51	0.0320	0.0542	0.0688	0.0809
52	0.0316	0.0544	0.0690	0.0810
53	0.0302	0.0548	0.0693	0.0814
54	0.0293	0.0551	0.0696	0.0816
55	0.0285	0.0553	0.0700	0.0820
56	0.0275	0.0555	0.0703	0.0824
57	0.0270	0.0559	0.0704	0.0825
58	0.0258	0.0563	0.0706	0.0825
59	0.0254	0.0564	0.0706	0.0828
60	0.0247	0.0562	0.0710	0.0830
61	0.0241	0.0565	0.0715	0.0836
62	0.0224	0.0569	0.0719	0.0841
63	0.0223	0.0571	0.0720	0.0840
64	0.0219	0.0573	0.0722	0.0841
65	0.0209	0.0578	0.0726	0.0845
66	0.0209	0.0577	0.0724	0.0845
67	0.0200	0.0578	0.0725	0.0847
68	0.0201	0.0582	0.0730	0.0855
69	0.0195	0.0585	0.0731	0.0858
70	0.0188	0.0580	0.0728	0.0854
71	0.0186	0.0582	0.0731	0.0856
72	0.0183	0.0580	0.0728	0.0855
73	0.0175	0.0579	0.0730	0.0855
74	0.0170	0.0585	0.0731	0.0860
75	0.0172	0.0583	0.0729	0.0861
76	0.0169	0.0581	0.0725	0.0857
77	0.0160	0.0584	0.0731	0.0863
78	0.0159	0.0590	0.0735	0.0868
79	0.0158	0.0589	0.0734	0.0869
80	0.0157	0.0588	0.0733	0.0867
81	0.0159	0.0592	0.0735	0.0871
82	0.0150	0.0592	0.0735	0.0873
83	0.0151	0.0597	0.0740	0.0877
84	0.0147	0.0597	0.0742	0.0878
85	0.0144	0.0600	0.0746	0.0882
86	0.0134	0.0603	0.0748	0.0884
87	0.0137	0.0606	0.0750	0.0885
88	0.0136	0.0604	0.0750	0.0886
89	0.0136	0.0606	0.0750	0.0889
90	0.0139	0.0607	0.0749	0.0890
91	0.0130	0.0609	0.0750	0.0891
92	0.0127	0.0609	0.0751	0.0893
93	0.0130	0.0604	0.0748	0.0891
94	0.0125	0.0605	0.0745	0.0892
95	0.0121	0.0607	0.0747	0.0893
96	0.0126	0.0613	0.0753	0.0899
97	0.0119	0.0610	0.0751	0.0898
98	0.0123	0.0611	0.0751	0.0897
99	0.0118	0.0613	0.0754	0.0898
100	0.0121	0.0614	0.0755	0.0899
101	0.0116	0.0616	0.0758	0.0902
102	0.0112	0.0611	0.0754	0.0898
103	0.0113	0.0613	0.0758	0.0900
104	0.0115	0.0616	0.0760	0.0904
105	0.0115	0.0614	0.0756	0.0901
106	0.0114	0.0613	0.0755	0.0900
107	0.0108	0.0611	0.0753	0.0898
108	0.0107	0.0615	0.0758	0.0903
109	0.0110	0.0613	0.0758	0.0905
110	0.0107	0.0612	0.0755	0.0903
111	0.0106	0.0611	0.0756	0.0904
112	0.0106	0.0616	0.0761	0.0907
113	0.0107	0.0615	0.0761	0.0903
114	0.0106	0.0616	0.0761	0.0903
115	0.0100	0.0612	0.0759	0.0901
116	0.0099	0.0612	0.0761	0.0904
117	0.0099	0.0614	0.0764	0.0907
118	0.0099	0.0616	0.0768	0.0910
119	0.0101	0.0621	0.0770	0.0913
120	0.0098	0.0622	0.0771	0.0915
121	0.0094	0.0621	0.0769	0.0913
122	0.0097	0.0623	0.0770	0.0914
123	0.0102	0.0619	0.0765	0.0908
124	0.0098	0.0622	0.0771	0.0910
125	0.0094	0.0622	0.0767	0.0908
126	0.0100	0.0626	0.0772	0.0911
127	0.0089	0.0626	0.0773	0.0912
128	0.0090	0.0628	0.0775	0.0915
129	0.0091	0.0627	0.0775	0.0911
130	0.0094	0.0626	0.0772	0.0910
131	0.0091	0.0623	0.0772	0.0908
132	0.0091	0.0624	0.0773	0.0912
133	0.0086	0.0625	0.0774	0.0913
134	0.0088	0.0624	0.0775	0.0913
135	0.0089	0.0623	0.0774	0.0910
136	0.0089	0.0625	0.0776	0.0912
137	0.0089	0.0630	0.0779	0.0916
138	0.0089	0.0629	0.0781	0.0918
139	0.0089	0.0626	0.0779	0.0916
140	0.0088	0.0622	0.0775	0.0912
141	0.0087	0.0621	0.0774	0.0913
142	0.0087	0.0625	0.0778	0.0917
143	0.0087	0.0625	0.0778	0.0918
144	0.0086	0.0626	0.0780	0.0918
145	0.0090	0.0624	0.0777	0.0918
146	0.0082	0.0624	0.0777	0.0918
147	0.0083	0.0628	0.0782	0.0924
148	0.0084	0.0631	0.0781	0.0922
149	0.0084	0.0626	0.0777	0.0917
150	0.0080	0.0622	0.0775	0.0918
