{"n_layers": 1, "device": "cuda", "batch_size": 2048, "embedding_dim": 256, "learning_rate": 0.0005, "dataset": "dbbook", "epochs": 150, "top_k": 10, "multimodal": false, "datasets": {"dbbook": ["images", "text"], "ml1m": ["audio", "images", "text", "video"]}}
Epoch	Loss	Recall	Precision	NDCG
1	0.6915	0.0087	0.0061	0.0089
2	0.6898	0.0273	0.0194	0.0264
3	0.6865	0.0407	0.0288	0.0367
4	0.6801	0.0442	0.0311	0.0392
5	0.6682	0.0442	0.0308	0.0390
6	0.6488	0.0418	0.0293	0.0376
7	0.6209	0.0407	0.0289	0.0366
8	0.5855	0.0398	0.0282	0.0357
9	0.5465	0.0387	0.0274	0.0346
10	0.5053	0.0381	0.0271	0.0343
11	0.4680	0.0379	0.0268	0.0341
12	0.4328	0.0380	0.0269	0.0343
13	0.4014	0.0380	0.0269	0.0343
14	0.3744	0.0386	0.0274	0.0348
15	0.3523	0.0393	0.0278	0.0354
16	0.3310	0.0401	0.0282	0.0358
17	0.3106	0.0407	0.0284	0.0362
18	0.2960	0.0413	0.0289	0.0367
19	0.2807	0.0415	0.0290	0.0369
20	0.2674	0.0427	0.0299	0.0378
21	0.2530	0.0434	0.0303	0.0384
22	0.2432	0.0443	0.0307	0.0390
23	0.2354	0.0453	0.0313	0.0398
24	0.2215	0.0462	0.0318	0.0405
25	0.2147	0.0468	0.0322	0.0411
26	0.2046	0.0474	0.0326	0.0418
27	0.1968	0.0478	0.0330	0.0423
28	0.1868	0.0486	0.0334	0.0431
29	0.1825	0.0488	0.0336	0.0436
30	0.1726	0.0493	0.0339	0.0440
31	0.1689	0.0499	0.0342	0.0447
32	0.1633	0.0507	0.0348	0.0454
33	0.1541	0.0511	0.0350	0.0457
34	0.1514	0.0518	0.0354	0.0462
35	0.1445	0.0520	0.0356	0.0463
36	0.1407	0.0527	0.0360	0.0468
37	0.1350	0.0530	0.0363	0.0472
38	0.1289	0.0537	0.0367	0.0479
39	0.1261	0.0541	0.0370	0.0486
40	0.1213	0.0549	0.0375	0.0493
41	0.1163	0.0551	0.0376	0.0497
42	0.1160	0.0558	0.0379	0.0502
43	0.1102	0.0566	0.0384	0.0508
44	0.1070	0.0569	0.0385	0.0511
45	0.1046	0.0571	0.0386	0.0516
46	0.1021	0.0573	0.0388	0.0519
47	0.0984	0.0582	0.0392	0.0527
48	0.0948	0.0591	0.0398	0.0535
49	0.0909	0.0593	0.0400	0.0538
50	0.0904	0.0597	0.0403	0.0542
51	0.0883	0.0605	0.0409	0.0549
52	0.0846	0.0610	0.0412	0.0554
53	0.0819	0.0611	0.0413	0.0555
54	0.0805	0.0617	0.0416	0.0561
55	0.0786	0.0622	0.0419	0.0565
56	0.0773	0.0624	0.0421	0.0569
57	0.0744	0.0628	0.0423	0.0573
58	0.0730	0.0630	0.0424	0.0576
59	0.0696	0.0631	0.0426	0.0581
60	0.0698	0.0637	0.0429	0.0587
61	0.0673	0.0644	0.0432	0.0592
62	0.0669	0.0644	0.0431	0.0593
63	0.0657	0.0648	0.0434	0.0597
64	0.0635	0.0649	0.0435	0.0600
65	0.0608	0.0650	0.0434	0.0601
66	0.0598	0.0651	0.0435	0.0603
67	0.0595	0.0650	0.0434	0.0604
68	0.0564	0.0658	0.0437	0.0609
69	0.0550	0.0658	0.0439	0.0611
70	0.0565	0.0662	0.0439	0.0613
71	0.0544	0.0666	0.0442	0.0617
72	0.0521	0.0666	0.0442	0.0619
73	0.0515	0.0669	0.0442	0.0621
74	0.0510	0.0669	0.0443	0.0620
75	0.0493	0.0675	0.0446	0.0625
76	0.0479	0.0680	0.0450	0.0629
77	0.0477	0.0683	0.0452	0.0632
78	0.0456	0.0688	0.0454	0.0638
79	0.0457	0.0692	0.0457	0.0640
80	0.0463	0.0692	0.0456	0.0641
81	0.0447	0.0692	0.0455	0.0642
82	0.0440	0.0698	0.0461	0.0648
83	0.0423	0.0699	0.0462	0.0650
84	0.0397	0.0696	0.0461	0.0650
85	0.0408	0.0694	0.0459	0.0650
86	0.0408	0.0693	0.0459	0.0651
87	0.0399	0.0692	0.0458	0.0649
88	0.0380	0.0691	0.0459	0.0649
89	0.0402	0.0693	0.0460	0.0652
90	0.0370	0.0697	0.0462	0.0655
91	0.0349	0.0700	0.0465	0.0658
92	0.0363	0.0697	0.0463	0.0656
93	0.0344	0.0698	0.0464	0.0658
94	0.0344	0.0698	0.0464	0.0658
95	0.0355	0.0699	0.0464	0.0660
96	0.0339	0.0705	0.0466	0.0662
97	0.0329	0.0710	0.0468	0.0664
98	0.0335	0.0710	0.0469	0.0666
99	0.0326	0.0709	0.0469	0.0666
100	0.0311	0.0711	0.0470	0.0666
101	0.0308	0.0712	0.0470	0.0666
102	0.0318	0.0709	0.0468	0.0665
103	0.0300	0.0710	0.0470	0.0666
104	0.0288	0.0711	0.0471	0.0669
105	0.0297	0.0710	0.0471	0.0670
106	0.0289	0.0714	0.0472	0.0672
107	0.0278	0.0715	0.0473	0.0673
108	0.0287	0.0719	0.0475	0.0676
109	0.0270	0.0718	0.0474	0.0675
110	0.0286	0.0719	0.0475	0.0677
111	0.0272	0.0719	0.0474	0.0677
112	0.0266	0.0719	0.0474	0.0677
113	0.0271	0.0719	0.0473	0.0677
114	0.0260	0.0719	0.0473	0.0676
115	0.0260	0.0722	0.0475	0.0678
116	0.0252	0.0726	0.0478	0.0682
117	0.0256	0.0727	0.0479	0.0682
118	0.0241	0.0728	0.0480	0.0683
119	0.0232	0.0731	0.0481	0.0685
120	0.0247	0.0729	0.0479	0.0684
121	0.0238	0.0729	0.0481	0.0686
122	0.0240	0.0731	0.0482	0.0687
123	0.0227	0.0732	0.0481	0.0688
124	0.0224	0.0736	0.0483	0.0691
125	0.0228	0.0734	0.0481	0.0691
126	0.0234	0.0735	0.0482	0.0692
127	0.0235	0.0737	0.0482	0.0693
128	0.0216	0.0741	0.0485	0.0696
129	0.0225	0.0739	0.0483	0.0696
130	0.0220	0.0741	0.0484	0.0699
131	0.0219	0.0743	0.0484	0.0700
132	0.0204	0.0740	0.0483	0.0698
133	0.0209	0.0740	0.0482	0.0697
134	0.0198	0.0741	0.0483	0.0699
135	0.0217	0.0743	0.0485	0.0701
136	0.0201	0.0749	0.0487	0.0704
137	0.0192	0.0749	0.0486	0.0705
138	0.0199	0.0745	0.0485	0.0704
139	0.0196	0.0743	0.0483	0.0704
140	0.0188	0.0743	0.0483	0.0703
141	0.0195	0.0748	0.0486	0.0705
142	0.0196	0.0749	0.0486	0.0705
143	0.0181	0.0747	0.0486	0.0705
144	0.0183	0.0751	0.0487	0.0707
145	0.0191	0.0749	0.0485	0.0705
146	0.0172	0.0751	0.0485	0.0707
147	0.0175	0.0749	0.0484	0.0705
148	0.0175	0.0751	0.0485	0.0705
149	0.0174	0.0749	0.0485	0.0704
150	0.0178	0.0749	0.0485	0.0705
