{"n_layers": 0, "device": "cuda", "batch_size": 2048, "embedding_dim": 1024, "learning_rate": 0.001, "dataset": "dbbook", "epochs": 150, "top_k": 50, "multimodal": false, "datasets": {"dbbook": ["images", "text"], "ml1m": ["audio", "images", "text", "video"]}}
Epoch	Loss	Recall	Precision	NDCG
1	0.6932	0.0119	0.0016	0.0055
2	0.6778	0.0196	0.0026	0.0107
3	0.6600	0.0537	0.0073	0.0351
4	0.6325	0.1089	0.0148	0.0706
5	0.5900	0.1455	0.0200	0.0920
6	0.5300	0.1645	0.0227	0.1029
7	0.4555	0.1750	0.0241	0.1086
8	0.3769	0.1789	0.0248	0.1118
9	0.3054	0.1834	0.0253	0.1142
10	0.2447	0.1873	0.0258	0.1165
11	0.1980	0.1904	0.0261	0.1185
12	0.1610	0.1928	0.0263	0.1202
13	0.1333	0.1949	0.0266	0.1215
14	0.1112	0.1966	0.0268	0.1230
15	0.0941	0.1983	0.0271	0.1244
16	0.0799	0.2008	0.0273	0.1255
17	0.0690	0.2024	0.0274	0.1264
18	0.0603	0.2036	0.0276	0.1273
19	0.0531	0.2039	0.0276	0.1279
20	0.0470	0.2059	0.0278	0.1287
21	0.0417	0.2056	0.0278	0.1290
22	0.0373	0.2060	0.0278	0.1294
23	0.0339	0.2070	0.0279	0.1297
24	0.0308	0.2076	0.0280	0.1303
25	0.0286	0.2079	0.0281	0.1307
26	0.0258	0.2089	0.0281	0.1315
27	0.0242	0.2093	0.0282	0.1319
28	0.0224	0.2101	0.0282	0.1326
29	0.0208	0.2098	0.0281	0.1327
30	0.0196	0.2106	0.0282	0.1332
31	0.0180	0.2109	0.0283	0.1335
32	0.0171	0.2116	0.0283	0.1337
33	0.0166	0.2116	0.0283	0.1339
34	0.0154	0.2122	0.0284	0.1342
35	0.0148	0.2120	0.0283	0.1344
36	0.0137	0.2119	0.0283	0.1346
37	0.0134	0.2116	0.0283	0.1347
38	0.0129	0.2130	0.0284	0.1351
39	0.0123	0.2135	0.0285	0.1355
40	0.0125	0.2128	0.0284	0.1355
41	0.0113	0.2129	0.0284	0.1355
42	0.0113	0.2131	0.0284	0.1353
43	0.0103	0.2126	0.0283	0.1350
44	0.0104	0.2124	0.0283	0.1351
45	0.0094	0.2122	0.0283	0.1348
46	0.0097	0.2124	0.0283	0.1348
47	0.0097	0.2124	0.0283	0.1352
48	0.0091	0.2132	0.0283	0.1355
49	0.0091	0.2135	0.0284	0.1360
50	0.0086	0.2134	0.0284	0.1360
51	0.0087	0.2133	0.0283	0.1359
52	0.0083	0.2137	0.0284	0.1360
53	0.0080	0.2138	0.0284	0.1362
54	0.0080	0.2143	0.0285	0.1364
55	0.0078	0.2138	0.0284	0.1365
56	0.0078	0.2139	0.0284	0.1363
57	0.0076	0.2138	0.0283	0.1362
58	0.0071	0.2135	0.0283	0.1360
59	0.0076	0.2135	0.0283	0.1358
60	0.0072	0.2127	0.0282	0.1356
61	0.0072	0.2131	0.0283	0.1357
62	0.0073	0.2125	0.0282	0.1356
63	0.0071	0.2125	0.0282	0.1357
64	0.0067	0.2126	0.0282	0.1357
65	0.0067	0.2127	0.0283	0.1358
66	0.0066	0.2125	0.0282	0.1358
67	0.0063	0.2117	0.0282	0.1355
68	0.0063	0.2116	0.0281	0.1354
69	0.0061	0.2110	0.0281	0.1351
70	0.0066	0.2109	0.0280	0.1352
71	0.0063	0.2113	0.0281	0.1353
72	0.0059	0.2114	0.0281	0.1354
73	0.0059	0.2109	0.0281	0.1353
74	0.0056	0.2112	0.0281	0.1358
75	0.0061	0.2118	0.0282	0.1360
76	0.0057	0.2118	0.0282	0.1361
77	0.0059	0.2116	0.0282	0.1360
78	0.0061	0.2109	0.0281	0.1360
79	0.0058	0.2121	0.0282	0.1363
80	0.0058	0.2123	0.0282	0.1363
81	0.0060	0.2123	0.0283	0.1366
82	0.0057	0.2126	0.0283	0.1367
83	0.0057	0.2121	0.0282	0.1362
84	0.0056	0.2126	0.0282	0.1360
85	0.0055	0.2118	0.0281	0.1357
86	0.0054	0.2121	0.0282	0.1361
87	0.0055	0.2122	0.0282	0.1364
88	0.0056	0.2123	0.0282	0.1363
89	0.0062	0.2118	0.0282	0.1361
90	0.0059	0.2110	0.0282	0.1356
91	0.0056	0.2110	0.0281	0.1354
92	0.0058	0.2109	0.0281	0.1354
93	0.0051	0.2110	0.0280	0.1354
94	0.0057	0.2112	0.0281	0.1355
95	0.0055	0.2112	0.0280	0.1352
96	0.0052	0.2113	0.0281	0.1356
97	0.0055	0.2113	0.0280	0.1356
98	0.0051	0.2111	0.0280	0.1353
99	0.0050	0.2109	0.0279	0.1351
100	0.0056	0.2105	0.0278	0.1348
101	0.0057	0.2109	0.0279	0.1347
102	0.0051	0.2109	0.0278	0.1350
103	0.0052	0.2105	0.0278	0.1350
104	0.0053	0.2106	0.0279	0.1351
105	0.0055	0.2107	0.0278	0.1350
106	0.0050	0.2112	0.0279	0.1350
107	0.0052	0.2111	0.0279	0.1351
108	0.0052	0.2107	0.0278	0.1348
109	0.0051	0.2105	0.0278	0.1346
110	0.0053	0.2108	0.0279	0.1347
111	0.0049	0.2105	0.0278	0.1344
112	0.0052	0.2106	0.0278	0.1344
113	0.0058	0.2106	0.0279	0.1344
114	0.0054	0.2104	0.0279	0.1343
115	0.0047	0.2109	0.0279	0.1342
116	0.0051	0.2103	0.0279	0.1341
117	0.0050	0.2109	0.0279	0.1345
118	0.0049	0.2115	0.0280	0.1348
119	0.0053	0.2116	0.0280	0.1350
120	0.0049	0.2117	0.0280	0.1349
121	0.0056	0.2116	0.0280	0.1350
122	0.0055	0.2112	0.0280	0.1349
123	0.0052	0.2106	0.0279	0.1351
124	0.0050	0.2098	0.0278	0.1349
125	0.0053	0.2101	0.0278	0.1349
126	0.0053	0.2107	0.0279	0.1357
127	0.0050	0.2113	0.0280	0.1359
128	0.0053	0.2113	0.0279	0.1353
129	0.0056	0.2104	0.0279	0.1346
130	0.0053	0.2108	0.0278	0.1343
131	0.0048	0.2101	0.0278	0.1339
132	0.0043	0.2098	0.0277	0.1335
133	0.0057	0.2098	0.0277	0.1334
134	0.0048	0.2095	0.0276	0.1333
135	0.0048	0.2096	0.0276	0.1333
136	0.0044	0.2104	0.0277	0.1338
137	0.0054	0.2103	0.0277	0.1340
138	0.0052	0.2102	0.0277	0.1341
139	0.0052	0.2100	0.0277	0.1340
140	0.0054	0.2104	0.0277	0.1343
141	0.0051	0.2102	0.0277	0.1343
142	0.0047	0.2103	0.0277	0.1343
143	0.0048	0.2095	0.0276	0.1339
144	0.0051	0.2096	0.0276	0.1339
145	0.0049	0.2101	0.0277	0.1342
146	0.0046	0.2100	0.0277	0.1342
147	0.0052	0.2097	0.0276	0.1341
148	0.0056	0.2087	0.0275	0.1341
149	0.0048	0.2082	0.0275	0.1337
150	0.0044	0.2083	0.0275	0.1336
