{"n_layers": 0, "device": "cuda", "batch_size": 2048, "embedding_dim": 1024, "learning_rate": 0.0005, "dataset": "dbbook", "epochs": 150, "top_k": 5, "multimodal": false, "datasets": {"dbbook": ["images", "text"], "ml1m": ["audio", "images", "text", "video"]}}
Epoch	Loss	Recall	Precision	NDCG
1	0.6932	0.0010	0.0016	0.0015
2	0.6858	0.0013	0.0019	0.0022
3	0.6791	0.0025	0.0037	0.0039
4	0.6710	0.0057	0.0085	0.0099
5	0.6609	0.0134	0.0177	0.0217
6	0.6477	0.0227	0.0305	0.0356
7	0.6307	0.0307	0.0408	0.0472
8	0.6090	0.0361	0.0476	0.0550
9	0.5819	0.0399	0.0523	0.0599
10	0.5496	0.0422	0.0554	0.0635
11	0.5129	0.0436	0.0573	0.0655
12	0.4730	0.0460	0.0596	0.0680
13	0.4315	0.0472	0.0603	0.0689
14	0.3916	0.0475	0.0611	0.0699
15	0.3529	0.0481	0.0617	0.0708
16	0.3175	0.0490	0.0629	0.0720
17	0.2857	0.0492	0.0630	0.0725
18	0.2571	0.0501	0.0639	0.0737
19	0.2328	0.0503	0.0642	0.0744
20	0.2107	0.0512	0.0654	0.0753
21	0.1908	0.0517	0.0655	0.0757
22	0.1733	0.0525	0.0664	0.0767
23	0.1574	0.0525	0.0662	0.0770
24	0.1441	0.0529	0.0667	0.0778
25	0.1330	0.0535	0.0674	0.0784
26	0.1217	0.0535	0.0672	0.0784
27	0.1114	0.0539	0.0677	0.0791
28	0.1031	0.0542	0.0682	0.0797
29	0.0950	0.0546	0.0690	0.0805
30	0.0885	0.0550	0.0696	0.0812
31	0.0823	0.0551	0.0699	0.0817
32	0.0762	0.0553	0.0702	0.0823
33	0.0713	0.0557	0.0704	0.0823
34	0.0655	0.0556	0.0707	0.0827
35	0.0622	0.0567	0.0713	0.0834
36	0.0584	0.0567	0.0710	0.0838
37	0.0544	0.0573	0.0718	0.0845
38	0.0512	0.0574	0.0720	0.0848
39	0.0477	0.0575	0.0719	0.0848
40	0.0459	0.0575	0.0721	0.0850
41	0.0430	0.0579	0.0725	0.0855
42	0.0415	0.0573	0.0719	0.0850
43	0.0388	0.0573	0.0720	0.0852
44	0.0370	0.0574	0.0722	0.0854
45	0.0353	0.0577	0.0727	0.0859
46	0.0336	0.0576	0.0724	0.0859
47	0.0314	0.0575	0.0725	0.0861
48	0.0308	0.0580	0.0733	0.0870
49	0.0292	0.0576	0.0726	0.0864
50	0.0280	0.0574	0.0727	0.0863
51	0.0265	0.0575	0.0728	0.0865
52	0.0259	0.0576	0.0730	0.0866
53	0.0248	0.0574	0.0728	0.0866
54	0.0246	0.0577	0.0732	0.0869
55	0.0235	0.0577	0.0731	0.0872
56	0.0222	0.0583	0.0740	0.0880
57	0.0211	0.0585	0.0738	0.0880
58	0.0207	0.0587	0.0740	0.0880
59	0.0200	0.0586	0.0740	0.0881
60	0.0191	0.0590	0.0742	0.0882
61	0.0189	0.0589	0.0742	0.0883
62	0.0181	0.0595	0.0748	0.0889
63	0.0174	0.0592	0.0745	0.0888
64	0.0171	0.0591	0.0745	0.0886
65	0.0169	0.0588	0.0741	0.0882
66	0.0163	0.0586	0.0740	0.0881
67	0.0161	0.0587	0.0741	0.0881
68	0.0151	0.0583	0.0736	0.0877
69	0.0147	0.0586	0.0739	0.0878
70	0.0146	0.0586	0.0740	0.0878
71	0.0140	0.0587	0.0740	0.0879
72	0.0141	0.0588	0.0742	0.0880
73	0.0131	0.0588	0.0742	0.0881
74	0.0132	0.0592	0.0749	0.0886
75	0.0130	0.0591	0.0746	0.0884
76	0.0127	0.0589	0.0742	0.0880
77	0.0121	0.0589	0.0741	0.0881
78	0.0123	0.0587	0.0740	0.0880
79	0.0121	0.0588	0.0739	0.0880
80	0.0114	0.0590	0.0742	0.0884
81	0.0116	0.0590	0.0742	0.0884
82	0.0111	0.0594	0.0747	0.0888
83	0.0110	0.0596	0.0749	0.0889
84	0.0110	0.0603	0.0752	0.0894
85	0.0108	0.0600	0.0749	0.0895
86	0.0103	0.0603	0.0754	0.0897
87	0.0102	0.0605	0.0758	0.0900
88	0.0100	0.0609	0.0758	0.0904
89	0.0096	0.0611	0.0761	0.0905
90	0.0095	0.0606	0.0757	0.0904
91	0.0096	0.0608	0.0757	0.0904
92	0.0094	0.0610	0.0760	0.0906
93	0.0091	0.0609	0.0756	0.0902
94	0.0089	0.0607	0.0756	0.0902
95	0.0092	0.0607	0.0755	0.0902
96	0.0087	0.0602	0.0753	0.0902
97	0.0088	0.0603	0.0756	0.0902
98	0.0089	0.0605	0.0756	0.0901
99	0.0085	0.0601	0.0756	0.0901
100	0.0081	0.0599	0.0753	0.0898
101	0.0080	0.0599	0.0752	0.0898
102	0.0081	0.0603	0.0755	0.0901
103	0.0081	0.0598	0.0751	0.0897
104	0.0079	0.0593	0.0747	0.0895
105	0.0079	0.0595	0.0749	0.0897
106	0.0079	0.0595	0.0748	0.0897
107	0.0077	0.0595	0.0749	0.0895
108	0.0077	0.0598	0.0749	0.0896
109	0.0076	0.0601	0.0754	0.0900
110	0.0074	0.0598	0.0751	0.0897
111	0.0073	0.0598	0.0754	0.0899
112	0.0074	0.0597	0.0753	0.0900
113	0.0073	0.0600	0.0755	0.0902
114	0.0073	0.0594	0.0749	0.0895
115	0.0074	0.0595	0.0752	0.0896
116	0.0068	0.0596	0.0754	0.0898
117	0.0068	0.0594	0.0753	0.0897
118	0.0068	0.0598	0.0758	0.0900
119	0.0068	0.0602	0.0762	0.0903
120	0.0065	0.0600	0.0759	0.0901
121	0.0065	0.0601	0.0762	0.0903
122	0.0067	0.0607	0.0764	0.0904
123	0.0071	0.0607	0.0764	0.0904
124	0.0064	0.0605	0.0765	0.0904
125	0.0068	0.0602	0.0761	0.0902
126	0.0067	0.0600	0.0760	0.0902
127	0.0067	0.0604	0.0763	0.0905
128	0.0060	0.0605	0.0765	0.0907
129	0.0062	0.0602	0.0763	0.0906
130	0.0065	0.0603	0.0762	0.0906
131	0.0069	0.0607	0.0765	0.0906
132	0.0060	0.0602	0.0760	0.0901
133	0.0068	0.0603	0.0761	0.0902
134	0.0060	0.0599	0.0760	0.0903
135	0.0066	0.0600	0.0757	0.0901
136	0.0064	0.0602	0.0760	0.0903
137	0.0064	0.0607	0.0766	0.0908
138	0.0058	0.0604	0.0761	0.0904
139	0.0061	0.0604	0.0761	0.0904
140	0.0055	0.0605	0.0763	0.0906
141	0.0061	0.0606	0.0761	0.0905
142	0.0058	0.0607	0.0763	0.0906
143	0.0057	0.0609	0.0765	0.0908
144	0.0058	0.0609	0.0765	0.0906
145	0.0058	0.0604	0.0761	0.0905
146	0.0062	0.0603	0.0760	0.0906
147	0.0059	0.0607	0.0765	0.0912
148	0.0059	0.0611	0.0769	0.0915
149	0.0055	0.0610	0.0768	0.0915
150	0.0056	0.0609	0.0765	0.0914
