{"n_layers": 0, "device": "cuda", "batch_size": 2048, "embedding_dim": 256, "learning_rate": 0.001, "dataset": "dbbook", "epochs": 150, "top_k": 10, "multimodal": true, "datasets": {"dbbook": ["images", "text"], "ml1m": ["audio", "images", "text", "video"]}}
Epoch	Loss	Recall	Precision	NDCG
1	0.6929	0.0040	0.0025	0.0038
2	0.6878	0.0102	0.0062	0.0099
3	0.6827	0.0189	0.0118	0.0192
4	0.6765	0.0305	0.0196	0.0312
5	0.6682	0.0424	0.0274	0.0430
6	0.6572	0.0506	0.0332	0.0514
7	0.6429	0.0554	0.0364	0.0563
8	0.6245	0.0582	0.0391	0.0595
9	0.6018	0.0613	0.0411	0.0619
10	0.5748	0.0620	0.0419	0.0634
11	0.5445	0.0637	0.0428	0.0649
12	0.5117	0.0647	0.0436	0.0659
13	0.4777	0.0655	0.0444	0.0666
14	0.4442	0.0656	0.0445	0.0672
15	0.4111	0.0657	0.0447	0.0669
16	0.3807	0.0666	0.0454	0.0674
17	0.3523	0.0672	0.0456	0.0679
18	0.3268	0.0675	0.0458	0.0682
19	0.3032	0.0676	0.0460	0.0686
20	0.2828	0.0682	0.0464	0.0690
21	0.2632	0.0684	0.0463	0.0693
22	0.2483	0.0696	0.0469	0.0702
23	0.2323	0.0700	0.0472	0.0707
24	0.2167	0.0700	0.0470	0.0705
25	0.2043	0.0703	0.0472	0.0710
26	0.1922	0.0704	0.0474	0.0713
27	0.1814	0.0708	0.0476	0.0717
28	0.1715	0.0709	0.0478	0.0717
29	0.1627	0.0720	0.0483	0.0725
30	0.1554	0.0726	0.0487	0.0732
31	0.1455	0.0730	0.0488	0.0733
32	0.1375	0.0733	0.0490	0.0735
33	0.1310	0.0742	0.0494	0.0738
34	0.1236	0.0741	0.0494	0.0737
35	0.1192	0.0740	0.0493	0.0738
36	0.1139	0.0751	0.0499	0.0746
37	0.1075	0.0756	0.0500	0.0750
38	0.1037	0.0756	0.0500	0.0752
39	0.0996	0.0761	0.0505	0.0755
40	0.0940	0.0764	0.0509	0.0761
41	0.0898	0.0774	0.0512	0.0768
42	0.0860	0.0777	0.0513	0.0771
43	0.0818	0.0777	0.0513	0.0772
44	0.0800	0.0784	0.0515	0.0777
45	0.0757	0.0782	0.0515	0.0777
46	0.0728	0.0783	0.0515	0.0777
47	0.0696	0.0782	0.0514	0.0778
48	0.0677	0.0785	0.0517	0.0781
49	0.0646	0.0786	0.0515	0.0779
50	0.0624	0.0788	0.0517	0.0782
51	0.0610	0.0795	0.0518	0.0786
52	0.0587	0.0790	0.0517	0.0784
53	0.0569	0.0796	0.0521	0.0788
54	0.0541	0.0800	0.0522	0.0789
55	0.0520	0.0800	0.0521	0.0788
56	0.0521	0.0799	0.0521	0.0785
57	0.0497	0.0799	0.0523	0.0788
58	0.0473	0.0798	0.0524	0.0789
59	0.0464	0.0801	0.0525	0.0792
60	0.0444	0.0806	0.0526	0.0795
61	0.0446	0.0807	0.0528	0.0797
62	0.0414	0.0806	0.0527	0.0798
63	0.0415	0.0807	0.0528	0.0800
64	0.0397	0.0807	0.0529	0.0801
65	0.0382	0.0808	0.0530	0.0804
66	0.0375	0.0817	0.0533	0.0811
67	0.0360	0.0826	0.0538	0.0814
68	0.0351	0.0829	0.0540	0.0815
69	0.0347	0.0826	0.0540	0.0815
70	0.0337	0.0828	0.0541	0.0818
71	0.0332	0.0832	0.0543	0.0819
72	0.0310	0.0836	0.0545	0.0822
73	0.0317	0.0841	0.0548	0.0826
74	0.0309	0.0841	0.0549	0.0825
75	0.0300	0.0834	0.0545	0.0824
76	0.0287	0.0832	0.0544	0.0825
77	0.0290	0.0833	0.0544	0.0824
78	0.0283	0.0836	0.0547	0.0827
79	0.0270	0.0838	0.0547	0.0830
80	0.0270	0.0838	0.0548	0.0831
81	0.0258	0.0842	0.0549	0.0833
82	0.0257	0.0844	0.0550	0.0834
83	0.0253	0.0847	0.0553	0.0837
84	0.0250	0.0855	0.0556	0.0843
85	0.0239	0.0856	0.0558	0.0843
86	0.0238	0.0854	0.0558	0.0843
87	0.0233	0.0857	0.0559	0.0843
88	0.0226	0.0863	0.0562	0.0847
89	0.0223	0.0865	0.0564	0.0848
90	0.0223	0.0867	0.0565	0.0854
91	0.0214	0.0869	0.0566	0.0854
92	0.0203	0.0871	0.0565	0.0854
93	0.0211	0.0871	0.0567	0.0855
94	0.0211	0.0872	0.0568	0.0856
95	0.0203	0.0870	0.0568	0.0855
96	0.0191	0.0873	0.0568	0.0857
97	0.0198	0.0873	0.0568	0.0857
98	0.0196	0.0870	0.0568	0.0856
99	0.0189	0.0874	0.0570	0.0858
100	0.0189	0.0880	0.0572	0.0860
101	0.0185	0.0885	0.0574	0.0865
102	0.0192	0.0885	0.0574	0.0866
103	0.0177	0.0885	0.0574	0.0866
104	0.0186	0.0884	0.0575	0.0868
105	0.0171	0.0887	0.0578	0.0872
106	0.0173	0.0887	0.0578	0.0873
107	0.0172	0.0884	0.0577	0.0874
108	0.0165	0.0884	0.0577	0.0873
109	0.0163	0.0889	0.0577	0.0875
110	0.0159	0.0890	0.0578	0.0877
111	0.0154	0.0887	0.0578	0.0876
112	0.0153	0.0890	0.0581	0.0878
113	0.0156	0.0887	0.0579	0.0877
114	0.0156	0.0893	0.0582	0.0880
115	0.0150	0.0891	0.0581	0.0881
116	0.0153	0.0894	0.0583	0.0884
117	0.0142	0.0892	0.0584	0.0884
118	0.0151	0.0892	0.0581	0.0883
119	0.0141	0.0894	0.0583	0.0883
120	0.0141	0.0896	0.0583	0.0883
121	0.0144	0.0896	0.0584	0.0883
122	0.0137	0.0892	0.0583	0.0882
123	0.0148	0.0896	0.0585	0.0884
124	0.0144	0.0891	0.0581	0.0878
125	0.0132	0.0892	0.0581	0.0879
126	0.0138	0.0894	0.0584	0.0882
127	0.0135	0.0901	0.0585	0.0885
128	0.0135	0.0902	0.0586	0.0888
129	0.0133	0.0903	0.0584	0.0887
130	0.0129	0.0904	0.0585	0.0887
131	0.0131	0.0899	0.0584	0.0885
132	0.0126	0.0895	0.0582	0.0882
133	0.0126	0.0897	0.0584	0.0885
134	0.0126	0.0895	0.0583	0.0883
135	0.0123	0.0894	0.0581	0.0882
136	0.0124	0.0893	0.0580	0.0881
137	0.0124	0.0893	0.0580	0.0880
138	0.0124	0.0891	0.0578	0.0878
139	0.0118	0.0896	0.0580	0.0880
140	0.0120	0.0895	0.0580	0.0881
141	0.0114	0.0897	0.0580	0.0883
142	0.0119	0.0903	0.0582	0.0886
143	0.0119	0.0904	0.0584	0.0888
144	0.0113	0.0899	0.0582	0.0886
145	0.0120	0.0903	0.0584	0.0886
146	0.0113	0.0898	0.0582	0.0885
147	0.0111	0.0900	0.0582	0.0885
148	0.0115	0.0901	0.0582	0.0886
149	0.0117	0.0902	0.0583	0.0885
150	0.0108	0.0899	0.0581	0.0884
