{"n_layers": 3, "device": "cuda", "batch_size": 2048, "embedding_dim": 512, "learning_rate": 0.001, "dataset": "dbbook", "epochs": 150, "model": "ef-mmlgcn", "fusion": "mean", "top_k": [5, 10, 20, 50], "seed": 19, "multimodal": false}
Epoch	Loss	Precision@5	Recall@5	NDCG@5	Precision@10	Recall@10	NDCG@10	Precision@20	Recall@20	NDCG@20	Precision@50	Recall@50	NDCG@50
1	0.6891	0.0263	0.0181	0.0245	0.0217	0.0293	0.0262	0.0236	0.0639	0.0415	0.0187	0.1263	0.0648
2	0.6526	0.0228	0.015	0.022	0.0205	0.0271	0.0245	0.0227	0.0611	0.0392	0.0175	0.1176	0.0603
3	0.5457	0.0221	0.0143	0.0214	0.0199	0.0258	0.0236	0.0221	0.0595	0.0381	0.0173	0.1156	0.0591
4	0.4326	0.0227	0.0148	0.0217	0.0205	0.0264	0.024	0.0219	0.0585	0.0378	0.0171	0.114	0.0587
5	0.3670	0.0234	0.0157	0.022	0.0213	0.028	0.0249	0.0217	0.0585	0.0379	0.0173	0.1162	0.0596
6	0.3353	0.0239	0.0162	0.0226	0.0218	0.0288	0.0256	0.022	0.0597	0.0387	0.0178	0.1203	0.0613
7	0.3131	0.0246	0.0167	0.0233	0.0228	0.0304	0.0268	0.0226	0.0616	0.0401	0.0182	0.1236	0.0631
8	0.3008	0.0266	0.0181	0.0248	0.0234	0.0316	0.0277	0.0228	0.0621	0.0408	0.0187	0.1273	0.0651
9	0.2854	0.0284	0.0199	0.0266	0.0245	0.0334	0.0293	0.0234	0.0638	0.0424	0.0191	0.1295	0.0669
10	0.2689	0.0288	0.0202	0.0273	0.0258	0.0353	0.0307	0.0242	0.0659	0.0441	0.0195	0.132	0.0687
11	0.2469	0.0298	0.0208	0.0282	0.0265	0.0365	0.0318	0.0249	0.0679	0.0455	0.0199	0.1356	0.0709
12	0.2314	0.0307	0.0215	0.0292	0.0278	0.0386	0.0335	0.0259	0.0709	0.0475	0.0204	0.1392	0.073
13	0.2181	0.0327	0.0228	0.0316	0.0289	0.04	0.0354	0.0266	0.0732	0.0497	0.0207	0.1418	0.0753
14	0.2013	0.0339	0.0238	0.0327	0.0303	0.0421	0.037	0.0274	0.0756	0.0514	0.0211	0.1456	0.0774
15	0.1890	0.0353	0.0249	0.034	0.031	0.0433	0.038	0.0279	0.0769	0.0526	0.0216	0.1495	0.0794
16	0.1775	0.0364	0.026	0.0354	0.0314	0.0437	0.0389	0.0282	0.0785	0.0538	0.022	0.1529	0.0814
17	0.1700	0.0376	0.0271	0.0367	0.0326	0.0461	0.0405	0.0287	0.0803	0.0552	0.0226	0.1575	0.0837
18	0.1599	0.0391	0.0281	0.0386	0.034	0.0485	0.0428	0.0293	0.0822	0.0572	0.0231	0.1617	0.0865
19	0.1499	0.0399	0.0286	0.0397	0.0347	0.0494	0.044	0.0297	0.0832	0.0585	0.0236	0.1659	0.0888
20	0.1426	0.0402	0.029	0.0405	0.0354	0.0503	0.045	0.0302	0.0845	0.0596	0.0238	0.1682	0.0903
21	0.1359	0.0406	0.0294	0.0411	0.0354	0.0504	0.0454	0.0308	0.0865	0.0608	0.0242	0.1711	0.0917
22	0.1283	0.0402	0.0296	0.0414	0.0358	0.0509	0.046	0.0311	0.0885	0.0619	0.0246	0.1741	0.0933
23	0.1174	0.0403	0.0297	0.0413	0.0358	0.0511	0.0459	0.0314	0.089	0.0621	0.0247	0.1759	0.0938
24	0.1162	0.0404	0.0298	0.0417	0.0362	0.052	0.0467	0.0316	0.0905	0.063	0.0251	0.1786	0.0953
25	0.1099	0.0413	0.0306	0.0427	0.0366	0.0529	0.0475	0.0319	0.0917	0.0639	0.0254	0.1819	0.0969
26	0.1052	0.0424	0.0313	0.0439	0.0373	0.0535	0.0484	0.0324	0.0936	0.0652	0.0257	0.1849	0.0986
27	0.1013	0.0432	0.0319	0.045	0.0379	0.0545	0.0496	0.0328	0.0949	0.0665	0.0259	0.186	0.0998
28	0.0983	0.0437	0.0327	0.0459	0.0385	0.0558	0.0506	0.0331	0.0961	0.0675	0.0262	0.1879	0.1012
29	0.0924	0.0444	0.0332	0.0466	0.0383	0.0555	0.0508	0.0333	0.0969	0.0682	0.0264	0.1896	0.1021
30	0.0900	0.0445	0.0333	0.047	0.0386	0.056	0.0514	0.0335	0.0982	0.069	0.0266	0.1917	0.1033
31	0.0887	0.0448	0.0337	0.0473	0.0392	0.0572	0.0521	0.034	0.0996	0.0699	0.0267	0.1924	0.1039
32	0.0812	0.0455	0.0342	0.0481	0.0398	0.0581	0.053	0.0344	0.1009	0.0708	0.0268	0.194	0.1049
33	0.0801	0.0449	0.034	0.0479	0.0404	0.0587	0.0536	0.0346	0.1016	0.0714	0.0269	0.1949	0.1055
34	0.0742	0.0451	0.0342	0.0481	0.0406	0.0596	0.054	0.0348	0.1025	0.0718	0.027	0.1964	0.1061
35	0.0716	0.0449	0.0342	0.0479	0.0403	0.0596	0.0539	0.0348	0.1025	0.0719	0.0271	0.1971	0.1065
36	0.0697	0.0456	0.0348	0.0486	0.0404	0.0596	0.0541	0.0351	0.1035	0.0725	0.0271	0.1978	0.1069
37	0.0672	0.0465	0.0354	0.0494	0.0408	0.0604	0.0548	0.0353	0.1045	0.0732	0.0271	0.1979	0.1074
38	0.0641	0.0473	0.0363	0.0505	0.0416	0.0616	0.0559	0.0357	0.1054	0.0743	0.0273	0.1992	0.1085
39	0.0613	0.0469	0.036	0.0502	0.0416	0.0618	0.0561	0.0359	0.1062	0.0747	0.0274	0.2006	0.109
40	0.0607	0.0477	0.0365	0.0507	0.0418	0.0621	0.0562	0.0361	0.1073	0.0751	0.0275	0.2015	0.1094
41	0.0592	0.0481	0.037	0.0514	0.042	0.0623	0.0567	0.0361	0.1071	0.0754	0.0275	0.2018	0.1099
42	0.0571	0.0489	0.0375	0.052	0.0424	0.0632	0.0573	0.0363	0.1078	0.0759	0.0276	0.2027	0.1105
43	0.0545	0.0497	0.0382	0.0528	0.0425	0.0638	0.0577	0.0364	0.1082	0.0764	0.0277	0.204	0.1112
44	0.0539	0.0498	0.0385	0.0529	0.0428	0.0643	0.0581	0.0365	0.1086	0.0766	0.0277	0.2045	0.1114
45	0.0522	0.049	0.0379	0.0523	0.043	0.0649	0.0582	0.0367	0.1093	0.0769	0.0277	0.2049	0.1115
46	0.0501	0.049	0.0378	0.0524	0.0433	0.0658	0.0587	0.0369	0.1102	0.0773	0.0278	0.2057	0.1119
47	0.0484	0.0491	0.0377	0.0526	0.0436	0.0662	0.0591	0.0371	0.1109	0.0778	0.0279	0.206	0.1123
48	0.0484	0.0491	0.0374	0.0526	0.0435	0.0664	0.0592	0.0371	0.1114	0.0781	0.0278	0.2057	0.1124
49	0.0445	0.0496	0.0378	0.0532	0.044	0.0672	0.06	0.0374	0.1118	0.0787	0.0279	0.2065	0.113
50	0.0434	0.0505	0.0386	0.0542	0.0447	0.0682	0.061	0.0377	0.1132	0.0797	0.028	0.208	0.114
51	0.0438	0.0512	0.0391	0.0548	0.0451	0.0687	0.0615	0.0379	0.1142	0.0804	0.028	0.2079	0.1143
52	0.0413	0.0515	0.0392	0.0552	0.0455	0.0693	0.062	0.0381	0.1148	0.0809	0.0281	0.2088	0.1149
53	0.0404	0.0519	0.0396	0.0558	0.0455	0.0695	0.0624	0.0382	0.1153	0.0814	0.028	0.2087	0.1152
54	0.0398	0.052	0.0397	0.056	0.0457	0.0698	0.0627	0.0381	0.1152	0.0815	0.0281	0.2095	0.1156
55	0.0394	0.0518	0.0397	0.056	0.0455	0.0696	0.0627	0.0381	0.1151	0.0816	0.0281	0.2097	0.1157
56	0.0380	0.052	0.0399	0.0562	0.0457	0.0698	0.063	0.0382	0.1156	0.0819	0.0281	0.2095	0.1159
57	0.0374	0.052	0.0401	0.0565	0.0457	0.0698	0.0632	0.0381	0.1161	0.0822	0.0281	0.21	0.1163
58	0.0361	0.052	0.0402	0.0566	0.0462	0.0704	0.0636	0.0382	0.1165	0.0825	0.0281	0.2101	0.1164
59	0.0363	0.0522	0.0402	0.0569	0.0463	0.0705	0.0639	0.0383	0.1167	0.0828	0.0281	0.2109	0.1168
60	0.0347	0.0522	0.0404	0.0571	0.0463	0.0705	0.064	0.0384	0.1174	0.0832	0.0281	0.211	0.117
61	0.0354	0.0524	0.0407	0.0574	0.0462	0.0705	0.0641	0.0384	0.1175	0.0834	0.0282	0.2117	0.1174
62	0.0329	0.0529	0.041	0.0579	0.0463	0.0708	0.0644	0.0385	0.1181	0.0838	0.0282	0.2122	0.1177
63	0.0333	0.0533	0.0414	0.0583	0.0467	0.0718	0.065	0.0388	0.1191	0.0843	0.0282	0.2124	0.1179
64	0.0320	0.0533	0.0413	0.0584	0.0472	0.0728	0.0656	0.0388	0.1191	0.0846	0.0282	0.2125	0.1182
65	0.0314	0.0534	0.0414	0.0585	0.0471	0.0726	0.0656	0.0388	0.1194	0.0847	0.0282	0.2136	0.1185
66	0.0306	0.0526	0.0411	0.0582	0.0472	0.0726	0.0657	0.0387	0.1194	0.0847	0.0282	0.2135	0.1185
67	0.0310	0.0531	0.0414	0.0584	0.0476	0.0736	0.0661	0.0388	0.1196	0.0849	0.0282	0.2137	0.1187
68	0.0298	0.0531	0.0417	0.0586	0.0475	0.0732	0.066	0.0389	0.1197	0.085	0.0282	0.2137	0.1187
69	0.0291	0.0532	0.0417	0.0588	0.0475	0.0734	0.0662	0.0389	0.1201	0.0852	0.0282	0.2137	0.1188
70	0.0268	0.0537	0.0421	0.0592	0.0475	0.0736	0.0664	0.0388	0.12	0.0853	0.0282	0.2141	0.119
71	0.0279	0.0537	0.0422	0.0593	0.0475	0.0737	0.0665	0.0387	0.1197	0.0852	0.0281	0.2137	0.1189
72	0.0273	0.0537	0.0421	0.0593	0.0473	0.0737	0.0664	0.0387	0.1195	0.0851	0.0281	0.2137	0.1189
73	0.0272	0.0536	0.042	0.0592	0.0472	0.0735	0.0663	0.0387	0.1199	0.0852	0.028	0.2136	0.1188
74	0.0254	0.0537	0.0423	0.0594	0.0471	0.0733	0.0663	0.0388	0.12	0.0855	0.0281	0.214	0.1191
75	0.0258	0.0542	0.0428	0.0599	0.0472	0.0735	0.0665	0.0389	0.1201	0.0857	0.028	0.2139	0.1192
76	0.0250	0.0541	0.0426	0.0597	0.0471	0.0734	0.0664	0.0388	0.1201	0.0855	0.028	0.2138	0.119
77	0.0247	0.0539	0.0425	0.0595	0.0473	0.0736	0.0664	0.0388	0.12	0.0854	0.028	0.2141	0.119
78	0.0249	0.0547	0.0432	0.0602	0.0475	0.0738	0.0668	0.0387	0.1195	0.0856	0.0279	0.2135	0.1191
79	0.0243	0.055	0.0436	0.0607	0.0476	0.0742	0.0671	0.0388	0.1199	0.0859	0.0279	0.2138	0.1194
80	0.0237	0.055	0.0436	0.0607	0.0474	0.0741	0.067	0.0387	0.1194	0.0856	0.0278	0.2129	0.119
81	0.0225	0.055	0.0436	0.0609	0.0475	0.074	0.0672	0.0387	0.1197	0.0859	0.0278	0.213	0.1192
82	0.0213	0.0555	0.044	0.0612	0.0474	0.0737	0.0671	0.0387	0.1197	0.0859	0.0278	0.2127	0.1191
83	0.0241	0.0553	0.0439	0.061	0.0474	0.0737	0.067	0.0387	0.1197	0.0858	0.0278	0.213	0.1191
84	0.0224	0.0551	0.0437	0.0608	0.0473	0.0737	0.0669	0.0386	0.1196	0.0857	0.0277	0.2128	0.1189
85	0.0216	0.0553	0.0437	0.0609	0.0474	0.0743	0.0671	0.0386	0.1199	0.0858	0.0277	0.2125	0.1188
86	0.0207	0.0557	0.0439	0.0613	0.0474	0.0743	0.0673	0.0387	0.1201	0.086	0.0277	0.2128	0.1192
87	0.0218	0.0555	0.0438	0.0613	0.0475	0.0742	0.0674	0.0388	0.1207	0.0864	0.0279	0.2142	0.1197
88	0.0216	0.0556	0.044	0.0615	0.0475	0.0744	0.0676	0.0388	0.1205	0.0864	0.0278	0.2134	0.1195
89	0.0204	0.0557	0.0443	0.0616	0.0475	0.0746	0.0676	0.0389	0.1209	0.0866	0.0277	0.2128	0.1194
90	0.0206	0.056	0.0444	0.0619	0.0474	0.0743	0.0676	0.0389	0.1206	0.0866	0.0278	0.213	0.1196
91	0.0200	0.0562	0.0447	0.0621	0.0474	0.0747	0.0677	0.039	0.1211	0.0867	0.0278	0.2136	0.1197
92	0.0190	0.056	0.0444	0.062	0.0475	0.0749	0.0678	0.0388	0.1208	0.0867	0.0278	0.2142	0.1199
93	0.0198	0.0558	0.0441	0.0617	0.0475	0.0748	0.0678	0.0387	0.1202	0.0865	0.0278	0.2138	0.1198
94	0.0189	0.0561	0.0443	0.062	0.0475	0.0751	0.0679	0.0386	0.12	0.0864	0.0278	0.2134	0.1197
95	0.0185	0.0558	0.044	0.0617	0.0474	0.0752	0.0679	0.0386	0.12	0.0864	0.0277	0.2131	0.1197
96	0.0180	0.0561	0.0444	0.0621	0.0475	0.0754	0.0681	0.0386	0.12	0.0865	0.0277	0.2135	0.1198
97	0.0183	0.0562	0.0445	0.0621	0.0475	0.0752	0.068	0.0384	0.1194	0.0862	0.0277	0.2135	0.1197
98	0.0178	0.056	0.0442	0.062	0.0475	0.0751	0.0679	0.0385	0.1201	0.0864	0.0277	0.213	0.1196
99	0.0180	0.0559	0.0442	0.062	0.0473	0.075	0.0679	0.0385	0.1201	0.0864	0.0276	0.2121	0.1193
100	0.0173	0.056	0.0444	0.0622	0.0472	0.0746	0.0678	0.0385	0.1201	0.0864	0.0275	0.2119	0.1192
101	0.0173	0.056	0.0443	0.0622	0.0473	0.0747	0.0678	0.0385	0.1204	0.0864	0.0275	0.2122	0.1193
102	0.0170	0.0559	0.0441	0.0622	0.0472	0.0746	0.0678	0.0385	0.1202	0.0865	0.0276	0.2126	0.1194
103	0.0188	0.056	0.0444	0.0622	0.0474	0.075	0.068	0.0385	0.1202	0.0865	0.0275	0.2122	0.1193
104	0.0169	0.0564	0.0447	0.0626	0.0475	0.0749	0.0681	0.0384	0.1201	0.0865	0.0275	0.2123	0.1194
105	0.0172	0.0564	0.0446	0.0625	0.0475	0.0747	0.0681	0.0383	0.1201	0.0864	0.0274	0.2118	0.1192
106	0.0166	0.057	0.0453	0.0632	0.0474	0.0746	0.0681	0.0382	0.12	0.0865	0.0275	0.2122	0.1194
107	0.0175	0.057	0.0455	0.0634	0.0475	0.075	0.0683	0.0383	0.1201	0.0866	0.0275	0.2122	0.1195
108	0.0160	0.0568	0.0451	0.0632	0.0474	0.0749	0.0683	0.0382	0.1201	0.0866	0.0275	0.2124	0.1196
109	0.0162	0.0567	0.0449	0.0631	0.0474	0.0748	0.0683	0.0383	0.1206	0.0867	0.0275	0.2125	0.1196
110	0.0162	0.0566	0.045	0.0629	0.0473	0.0747	0.0681	0.0381	0.1198	0.0863	0.0275	0.2119	0.1192
111	0.0155	0.0564	0.0448	0.0626	0.0471	0.0741	0.0677	0.0382	0.1202	0.0863	0.0274	0.212	0.1191
112	0.0166	0.0567	0.0451	0.063	0.0473	0.0746	0.0681	0.038	0.1198	0.0863	0.0274	0.2117	0.1192
113	0.0159	0.0563	0.0448	0.0627	0.0473	0.0749	0.0682	0.0381	0.1202	0.0865	0.0275	0.2126	0.1194
114	0.0152	0.0561	0.0449	0.0626	0.0473	0.0747	0.068	0.0382	0.1202	0.0864	0.0275	0.2128	0.1193
115	0.0158	0.0567	0.0453	0.063	0.0473	0.0745	0.0681	0.0382	0.1205	0.0866	0.0274	0.2124	0.1193
116	0.0147	0.0568	0.0453	0.0632	0.0473	0.0744	0.0682	0.0381	0.12	0.0866	0.0274	0.2124	0.1195
117	0.0155	0.0566	0.0448	0.0631	0.0472	0.0744	0.0683	0.038	0.1199	0.0865	0.0273	0.2118	0.1193
118	0.0149	0.0569	0.0455	0.0637	0.0474	0.075	0.0687	0.038	0.1197	0.0868	0.0273	0.2119	0.1196
119	0.0145	0.0568	0.0454	0.0637	0.0474	0.0749	0.0688	0.0381	0.1197	0.0869	0.0273	0.211	0.1195
120	0.0143	0.0569	0.0457	0.0638	0.0474	0.0749	0.0688	0.0381	0.1197	0.0869	0.0273	0.2117	0.1196
121	0.0149	0.0565	0.0454	0.0635	0.0474	0.0747	0.0687	0.038	0.1199	0.0869	0.0273	0.2115	0.1195
122	0.0141	0.0564	0.0453	0.0634	0.0473	0.0747	0.0686	0.0381	0.1201	0.0869	0.0271	0.2105	0.1191
123	0.0143	0.0565	0.0452	0.0636	0.0473	0.0748	0.0687	0.038	0.1199	0.0869	0.0271	0.2101	0.119
124	0.0138	0.0568	0.0455	0.064	0.0471	0.0744	0.0687	0.0381	0.1202	0.0872	0.0272	0.211	0.1195
125	0.0139	0.057	0.0456	0.064	0.0469	0.0745	0.0686	0.0379	0.1198	0.0869	0.0271	0.2104	0.1192
126	0.0150	0.0573	0.0459	0.0641	0.0468	0.0744	0.0684	0.0378	0.1196	0.0867	0.027	0.21	0.119
127	0.0145	0.057	0.0456	0.064	0.0468	0.0744	0.0685	0.0378	0.1195	0.0867	0.027	0.2094	0.1188
128	0.0135	0.0569	0.0455	0.0637	0.0469	0.0746	0.0684	0.0378	0.1194	0.0865	0.0269	0.2091	0.1186
129	0.0138	0.057	0.0457	0.0639	0.0471	0.0748	0.0686	0.0377	0.1195	0.0866	0.027	0.2094	0.1187
130	0.0128	0.0569	0.0455	0.0637	0.047	0.0743	0.0684	0.0377	0.1195	0.0865	0.027	0.209	0.1186
131	0.0138	0.0566	0.0451	0.0633	0.0468	0.0737	0.0679	0.0376	0.1189	0.086	0.027	0.2092	0.1183
132	0.0141	0.0564	0.0445	0.0632	0.0468	0.0742	0.0681	0.0376	0.1193	0.0862	0.027	0.2092	0.1184
133	0.0136	0.0565	0.0447	0.0633	0.0469	0.0745	0.0683	0.0376	0.1194	0.0864	0.027	0.2097	0.1186
134	0.0138	0.0564	0.0447	0.0633	0.0471	0.0746	0.0684	0.0376	0.1193	0.0863	0.0269	0.2092	0.1184
135	0.0124	0.0566	0.0454	0.0638	0.0473	0.0752	0.0689	0.0376	0.1191	0.0865	0.0269	0.2094	0.1187
136	0.0131	0.0567	0.0452	0.0639	0.0471	0.075	0.0689	0.0377	0.1196	0.0868	0.027	0.21	0.119
137	0.0133	0.057	0.0453	0.064	0.0474	0.0755	0.0691	0.0377	0.1198	0.0869	0.027	0.2102	0.1192
138	0.0130	0.0566	0.0451	0.0639	0.0473	0.0756	0.0692	0.0378	0.12	0.0871	0.027	0.21	0.1192
139	0.0134	0.0567	0.0453	0.064	0.0472	0.0754	0.0692	0.0379	0.1205	0.0873	0.027	0.2109	0.1195
140	0.0123	0.0571	0.0456	0.0644	0.0473	0.0758	0.0693	0.038	0.1206	0.0874	0.0271	0.2108	0.1196
141	0.0129	0.0572	0.0457	0.0644	0.0475	0.0761	0.0694	0.038	0.1208	0.0874	0.027	0.211	0.1195
142	0.0127	0.0571	0.0456	0.0643	0.0472	0.0758	0.0692	0.038	0.1207	0.0874	0.0271	0.2112	0.1195
143	0.0128	0.0566	0.0452	0.0639	0.0471	0.0757	0.0692	0.0379	0.1204	0.0872	0.0271	0.2111	0.1195
144	0.0122	0.0566	0.0452	0.0639	0.0472	0.076	0.0693	0.0379	0.1206	0.0873	0.0269	0.2098	0.1191
145	0.0129	0.0566	0.045	0.0639	0.0472	0.0759	0.0693	0.0378	0.1202	0.0872	0.0269	0.2098	0.119
146	0.0127	0.057	0.0455	0.0642	0.0471	0.0758	0.0693	0.0377	0.1201	0.0871	0.0269	0.2094	0.119
147	0.0119	0.0573	0.0457	0.0647	0.047	0.0755	0.0694	0.0377	0.1199	0.0873	0.0268	0.2093	0.1191
148	0.0120	0.0572	0.0459	0.0646	0.0473	0.0757	0.0695	0.0376	0.1197	0.0872	0.0268	0.2087	0.1189
149	0.0120	0.057	0.0457	0.0646	0.0475	0.0764	0.0699	0.0375	0.1195	0.0872	0.0268	0.2085	0.119
150	0.0125	0.0568	0.0452	0.0642	0.0473	0.0755	0.0694	0.0376	0.1196	0.0871	0.0267	0.2073	0.1185
