{"n_layers": 2, "device": "cuda", "batch_size": 2048, "embedding_dim": 64, "learning_rate": 0.0005, "dataset": "dbbook", "epochs": 150, "top_k": 5, "multimodal": false, "datasets": {"dbbook": ["images", "text"], "ml1m": ["audio", "images", "text", "video"]}}
Epoch	Loss	Recall	Precision	NDCG
1	0.6929	0.0068	0.0102	0.0110
2	0.6923	0.0170	0.0240	0.0230
3	0.6907	0.0177	0.0262	0.0247
4	0.6867	0.0169	0.0253	0.0241
5	0.6785	0.0161	0.0245	0.0234
6	0.6653	0.0161	0.0238	0.0229
7	0.6470	0.0155	0.0235	0.0224
8	0.6244	0.0151	0.0229	0.0219
9	0.5984	0.0147	0.0223	0.0215
10	0.5716	0.0147	0.0222	0.0213
11	0.5447	0.0142	0.0216	0.0207
12	0.5187	0.0142	0.0218	0.0209
13	0.4958	0.0142	0.0218	0.0209
14	0.4736	0.0144	0.0221	0.0211
15	0.4554	0.0147	0.0224	0.0213
16	0.4385	0.0148	0.0227	0.0214
17	0.4241	0.0149	0.0227	0.0215
18	0.4113	0.0148	0.0226	0.0214
19	0.3998	0.0153	0.0232	0.0219
20	0.3865	0.0154	0.0234	0.0221
21	0.3775	0.0156	0.0236	0.0222
22	0.3721	0.0154	0.0233	0.0220
23	0.3634	0.0158	0.0239	0.0225
24	0.3580	0.0158	0.0240	0.0226
25	0.3519	0.0161	0.0243	0.0229
26	0.3454	0.0163	0.0245	0.0231
27	0.3425	0.0162	0.0243	0.0231
28	0.3375	0.0163	0.0245	0.0233
29	0.3310	0.0166	0.0250	0.0237
30	0.3248	0.0170	0.0252	0.0239
31	0.3237	0.0173	0.0257	0.0243
32	0.3194	0.0178	0.0265	0.0248
33	0.3157	0.0180	0.0267	0.0251
34	0.3132	0.0183	0.0272	0.0255
35	0.3067	0.0186	0.0277	0.0258
36	0.3050	0.0187	0.0278	0.0260
37	0.3019	0.0190	0.0282	0.0263
38	0.3000	0.0188	0.0277	0.0261
39	0.2983	0.0190	0.0278	0.0262
40	0.2916	0.0192	0.0280	0.0265
41	0.2907	0.0195	0.0281	0.0265
42	0.2858	0.0198	0.0284	0.0268
43	0.2833	0.0200	0.0287	0.0271
44	0.2786	0.0204	0.0291	0.0274
45	0.2796	0.0205	0.0293	0.0276
46	0.2732	0.0207	0.0295	0.0278
47	0.2750	0.0207	0.0295	0.0278
48	0.2707	0.0210	0.0299	0.0281
49	0.2690	0.0210	0.0301	0.0283
50	0.2604	0.0211	0.0301	0.0283
51	0.2614	0.0210	0.0299	0.0283
52	0.2605	0.0211	0.0300	0.0285
53	0.2568	0.0212	0.0301	0.0285
54	0.2519	0.0213	0.0305	0.0288
55	0.2520	0.0214	0.0305	0.0289
56	0.2477	0.0215	0.0307	0.0290
57	0.2488	0.0219	0.0312	0.0295
58	0.2438	0.0219	0.0313	0.0297
59	0.2444	0.0220	0.0316	0.0300
60	0.2360	0.0219	0.0315	0.0303
61	0.2343	0.0221	0.0318	0.0307
62	0.2300	0.0220	0.0318	0.0307
63	0.2292	0.0219	0.0314	0.0306
64	0.2253	0.0221	0.0318	0.0308
65	0.2270	0.0224	0.0322	0.0314
66	0.2263	0.0226	0.0324	0.0316
67	0.2220	0.0226	0.0324	0.0316
68	0.2214	0.0229	0.0328	0.0318
69	0.2170	0.0232	0.0333	0.0322
70	0.2162	0.0233	0.0334	0.0323
71	0.2141	0.0235	0.0335	0.0324
72	0.2149	0.0237	0.0338	0.0326
73	0.2087	0.0239	0.0338	0.0327
74	0.2082	0.0241	0.0341	0.0330
75	0.2058	0.0239	0.0339	0.0330
76	0.2031	0.0240	0.0341	0.0331
77	0.1990	0.0242	0.0344	0.0333
78	0.1999	0.0245	0.0346	0.0336
79	0.1975	0.0245	0.0344	0.0335
80	0.1973	0.0245	0.0346	0.0337
81	0.1931	0.0247	0.0349	0.0340
82	0.1878	0.0248	0.0351	0.0342
83	0.1859	0.0250	0.0352	0.0343
84	0.1881	0.0248	0.0352	0.0344
85	0.1850	0.0250	0.0354	0.0347
86	0.1822	0.0251	0.0356	0.0349
87	0.1810	0.0250	0.0355	0.0349
88	0.1820	0.0252	0.0355	0.0350
89	0.1801	0.0251	0.0354	0.0349
90	0.1786	0.0252	0.0354	0.0351
91	0.1737	0.0254	0.0356	0.0353
92	0.1732	0.0255	0.0358	0.0355
93	0.1702	0.0255	0.0357	0.0355
94	0.1697	0.0253	0.0356	0.0356
95	0.1724	0.0255	0.0359	0.0359
96	0.1663	0.0257	0.0362	0.0362
97	0.1648	0.0259	0.0364	0.0365
98	0.1632	0.0260	0.0365	0.0366
99	0.1645	0.0262	0.0369	0.0368
100	0.1595	0.0261	0.0367	0.0368
101	0.1584	0.0261	0.0367	0.0369
102	0.1551	0.0264	0.0370	0.0372
103	0.1559	0.0265	0.0372	0.0374
104	0.1552	0.0267	0.0375	0.0376
105	0.1540	0.0268	0.0376	0.0377
106	0.1522	0.0270	0.0379	0.0381
107	0.1498	0.0270	0.0380	0.0382
108	0.1509	0.0271	0.0381	0.0384
109	0.1493	0.0271	0.0382	0.0384
110	0.1463	0.0275	0.0385	0.0388
111	0.1473	0.0276	0.0387	0.0390
112	0.1418	0.0278	0.0390	0.0393
113	0.1378	0.0278	0.0389	0.0392
114	0.1402	0.0278	0.0391	0.0393
115	0.1388	0.0279	0.0392	0.0394
116	0.1405	0.0280	0.0395	0.0396
117	0.1381	0.0282	0.0396	0.0399
118	0.1347	0.0283	0.0398	0.0399
119	0.1345	0.0283	0.0396	0.0399
120	0.1352	0.0282	0.0396	0.0398
121	0.1341	0.0284	0.0397	0.0401
122	0.1336	0.0282	0.0395	0.0401
123	0.1300	0.0286	0.0399	0.0405
124	0.1266	0.0285	0.0398	0.0406
125	0.1260	0.0284	0.0398	0.0406
126	0.1263	0.0285	0.0399	0.0407
127	0.1269	0.0285	0.0398	0.0407
128	0.1245	0.0285	0.0396	0.0406
129	0.1244	0.0287	0.0401	0.0410
130	0.1227	0.0288	0.0402	0.0412
131	0.1208	0.0290	0.0407	0.0416
132	0.1215	0.0292	0.0409	0.0419
133	0.1203	0.0294	0.0408	0.0420
134	0.1195	0.0295	0.0410	0.0421
135	0.1167	0.0295	0.0409	0.0422
136	0.1180	0.0295	0.0409	0.0423
137	0.1156	0.0297	0.0410	0.0425
138	0.1120	0.0300	0.0410	0.0426
139	0.1154	0.0301	0.0412	0.0427
140	0.1132	0.0303	0.0416	0.0432
141	0.1096	0.0303	0.0415	0.0432
142	0.1097	0.0306	0.0416	0.0434
143	0.1126	0.0307	0.0417	0.0435
144	0.1109	0.0308	0.0420	0.0438
145	0.1074	0.0309	0.0420	0.0438
146	0.1084	0.0308	0.0420	0.0438
147	0.1047	0.0311	0.0422	0.0440
148	0.1057	0.0313	0.0424	0.0443
149	0.1075	0.0316	0.0427	0.0446
150	0.1083	0.0318	0.0428	0.0448
