{"n_layers": 1, "device": "cuda", "batch_size": 2048, "embedding_dim": 128, "learning_rate": 0.001, "dataset": "dbbook", "epochs": 150, "top_k": 10, "multimodal": true, "datasets": {"dbbook": ["images", "text"], "ml1m": ["audio", "images", "text", "video"]}}
Epoch	Loss	Recall	Precision	NDCG
1	0.6924	0.0089	0.0056	0.0075
2	0.6897	0.0285	0.0181	0.0274
3	0.6858	0.0446	0.0302	0.0426
4	0.6795	0.0524	0.0352	0.0483
5	0.6695	0.0520	0.0354	0.0477
6	0.6543	0.0503	0.0344	0.0449
7	0.6328	0.0476	0.0331	0.0422
8	0.6050	0.0464	0.0322	0.0408
9	0.5717	0.0464	0.0317	0.0397
10	0.5353	0.0446	0.0307	0.0383
11	0.4986	0.0440	0.0303	0.0377
12	0.4626	0.0438	0.0304	0.0375
13	0.4300	0.0432	0.0302	0.0371
14	0.4003	0.0429	0.0301	0.0370
15	0.3736	0.0430	0.0302	0.0372
16	0.3484	0.0429	0.0302	0.0372
17	0.3276	0.0431	0.0304	0.0373
18	0.3100	0.0434	0.0305	0.0378
19	0.2921	0.0439	0.0309	0.0381
20	0.2774	0.0442	0.0313	0.0385
21	0.2646	0.0450	0.0316	0.0392
22	0.2501	0.0456	0.0321	0.0399
23	0.2402	0.0466	0.0325	0.0406
24	0.2266	0.0469	0.0328	0.0412
25	0.2202	0.0475	0.0333	0.0418
26	0.2109	0.0482	0.0337	0.0425
27	0.2031	0.0490	0.0341	0.0432
28	0.1949	0.0495	0.0344	0.0438
29	0.1887	0.0504	0.0349	0.0446
30	0.1821	0.0507	0.0352	0.0452
31	0.1737	0.0518	0.0357	0.0460
32	0.1671	0.0521	0.0359	0.0463
33	0.1645	0.0529	0.0363	0.0469
34	0.1568	0.0533	0.0365	0.0473
35	0.1520	0.0540	0.0370	0.0478
36	0.1455	0.0543	0.0372	0.0483
37	0.1431	0.0551	0.0376	0.0487
38	0.1355	0.0550	0.0377	0.0490
39	0.1323	0.0556	0.0380	0.0496
40	0.1293	0.0562	0.0384	0.0500
41	0.1275	0.0565	0.0387	0.0505
42	0.1234	0.0570	0.0390	0.0510
43	0.1189	0.0573	0.0393	0.0514
44	0.1173	0.0574	0.0394	0.0514
45	0.1135	0.0580	0.0398	0.0518
46	0.1089	0.0584	0.0399	0.0521
47	0.1066	0.0591	0.0404	0.0525
48	0.1036	0.0595	0.0405	0.0529
49	0.1004	0.0598	0.0410	0.0535
50	0.0986	0.0601	0.0412	0.0539
51	0.0954	0.0605	0.0414	0.0543
52	0.0928	0.0610	0.0416	0.0546
53	0.0915	0.0615	0.0419	0.0551
54	0.0906	0.0617	0.0422	0.0553
55	0.0857	0.0618	0.0421	0.0554
56	0.0853	0.0619	0.0422	0.0559
57	0.0819	0.0627	0.0426	0.0565
58	0.0805	0.0634	0.0432	0.0572
59	0.0783	0.0636	0.0433	0.0573
60	0.0768	0.0637	0.0432	0.0573
61	0.0759	0.0636	0.0434	0.0577
62	0.0745	0.0636	0.0434	0.0579
63	0.0740	0.0642	0.0437	0.0584
64	0.0718	0.0646	0.0440	0.0587
65	0.0691	0.0652	0.0443	0.0592
66	0.0675	0.0657	0.0446	0.0598
67	0.0687	0.0663	0.0449	0.0603
68	0.0663	0.0669	0.0453	0.0608
69	0.0652	0.0672	0.0454	0.0611
70	0.0626	0.0674	0.0454	0.0613
71	0.0622	0.0681	0.0457	0.0617
72	0.0604	0.0684	0.0459	0.0622
73	0.0600	0.0684	0.0458	0.0622
74	0.0572	0.0685	0.0459	0.0624
75	0.0584	0.0683	0.0458	0.0624
76	0.0551	0.0688	0.0459	0.0625
77	0.0545	0.0688	0.0459	0.0626
78	0.0535	0.0692	0.0462	0.0631
79	0.0547	0.0694	0.0463	0.0633
80	0.0532	0.0699	0.0466	0.0637
81	0.0515	0.0699	0.0466	0.0638
82	0.0514	0.0700	0.0466	0.0639
83	0.0500	0.0698	0.0465	0.0637
84	0.0492	0.0699	0.0465	0.0639
85	0.0473	0.0697	0.0464	0.0639
86	0.0467	0.0702	0.0466	0.0641
87	0.0469	0.0706	0.0469	0.0645
88	0.0469	0.0702	0.0468	0.0645
89	0.0457	0.0701	0.0467	0.0646
90	0.0445	0.0706	0.0469	0.0648
91	0.0431	0.0710	0.0472	0.0652
92	0.0421	0.0710	0.0474	0.0654
93	0.0430	0.0710	0.0473	0.0654
94	0.0421	0.0714	0.0475	0.0658
95	0.0421	0.0719	0.0478	0.0662
96	0.0408	0.0717	0.0478	0.0662
97	0.0393	0.0723	0.0481	0.0665
98	0.0393	0.0727	0.0482	0.0667
99	0.0388	0.0722	0.0481	0.0665
100	0.0379	0.0725	0.0482	0.0667
101	0.0382	0.0726	0.0483	0.0669
102	0.0380	0.0726	0.0483	0.0671
103	0.0367	0.0726	0.0481	0.0670
104	0.0353	0.0727	0.0482	0.0670
105	0.0349	0.0727	0.0483	0.0671
106	0.0353	0.0729	0.0484	0.0673
107	0.0344	0.0733	0.0486	0.0675
108	0.0341	0.0733	0.0486	0.0675
109	0.0342	0.0732	0.0485	0.0676
110	0.0336	0.0735	0.0486	0.0679
111	0.0340	0.0737	0.0488	0.0680
112	0.0326	0.0737	0.0489	0.0681
113	0.0326	0.0741	0.0490	0.0684
114	0.0320	0.0745	0.0493	0.0686
115	0.0318	0.0742	0.0490	0.0685
116	0.0310	0.0745	0.0492	0.0686
117	0.0303	0.0745	0.0491	0.0689
118	0.0310	0.0744	0.0491	0.0690
119	0.0313	0.0746	0.0491	0.0690
120	0.0306	0.0750	0.0494	0.0691
121	0.0306	0.0748	0.0493	0.0689
122	0.0304	0.0749	0.0494	0.0690
123	0.0289	0.0745	0.0490	0.0687
124	0.0296	0.0746	0.0492	0.0688
125	0.0276	0.0745	0.0491	0.0688
126	0.0287	0.0743	0.0490	0.0688
127	0.0276	0.0747	0.0492	0.0690
128	0.0285	0.0750	0.0493	0.0693
129	0.0271	0.0748	0.0492	0.0692
130	0.0269	0.0748	0.0492	0.0693
131	0.0265	0.0749	0.0492	0.0694
132	0.0273	0.0749	0.0491	0.0694
133	0.0256	0.0751	0.0491	0.0695
134	0.0258	0.0753	0.0491	0.0695
135	0.0251	0.0752	0.0491	0.0697
136	0.0254	0.0756	0.0492	0.0699
137	0.0253	0.0757	0.0493	0.0700
138	0.0250	0.0761	0.0495	0.0703
139	0.0254	0.0759	0.0494	0.0702
140	0.0253	0.0759	0.0492	0.0702
141	0.0247	0.0757	0.0491	0.0701
142	0.0251	0.0761	0.0493	0.0704
143	0.0240	0.0761	0.0494	0.0705
144	0.0226	0.0764	0.0496	0.0707
145	0.0237	0.0766	0.0496	0.0708
146	0.0234	0.0764	0.0495	0.0707
147	0.0224	0.0768	0.0498	0.0710
148	0.0223	0.0768	0.0498	0.0712
149	0.0220	0.0770	0.0499	0.0715
150	0.0226	0.0772	0.0500	0.0717
