{"n_layers": 0, "device": "cuda", "batch_size": 2048, "embedding_dim": 256, "learning_rate": 0.001, "dataset": "dbbook", "epochs": 150, "top_k": 50, "multimodal": true, "datasets": {"dbbook": ["images", "text"], "ml1m": ["audio", "images", "text", "video"]}}
Epoch	Loss	Recall	Precision	NDCG
1	0.6929	0.0162	0.0020	0.0078
2	0.6878	0.0297	0.0037	0.0163
3	0.6827	0.0487	0.0062	0.0305
4	0.6765	0.0727	0.0094	0.0480
5	0.6683	0.0976	0.0129	0.0647
6	0.6575	0.1186	0.0159	0.0784
7	0.6434	0.1341	0.0183	0.0883
8	0.6253	0.1476	0.0204	0.0958
9	0.6033	0.1569	0.0216	0.1001
10	0.5765	0.1642	0.0227	0.1036
11	0.5468	0.1708	0.0235	0.1062
12	0.5140	0.1731	0.0240	0.1077
13	0.4805	0.1750	0.0243	0.1088
14	0.4467	0.1774	0.0247	0.1101
15	0.4146	0.1797	0.0249	0.1108
16	0.3834	0.1806	0.0251	0.1115
17	0.3559	0.1821	0.0254	0.1126
18	0.3297	0.1840	0.0256	0.1137
19	0.3061	0.1851	0.0257	0.1147
20	0.2856	0.1860	0.0259	0.1150
21	0.2648	0.1885	0.0261	0.1161
22	0.2482	0.1890	0.0262	0.1165
23	0.2333	0.1893	0.0263	0.1170
24	0.2194	0.1906	0.0264	0.1178
25	0.2049	0.1917	0.0266	0.1184
26	0.1918	0.1928	0.0267	0.1191
27	0.1826	0.1932	0.0268	0.1196
28	0.1726	0.1933	0.0268	0.1200
29	0.1616	0.1942	0.0270	0.1208
30	0.1542	0.1948	0.0270	0.1212
31	0.1468	0.1959	0.0271	0.1219
32	0.1375	0.1969	0.0273	0.1224
33	0.1314	0.1975	0.0273	0.1227
34	0.1257	0.1981	0.0274	0.1234
35	0.1184	0.1989	0.0275	0.1239
36	0.1132	0.2001	0.0276	0.1245
37	0.1101	0.2008	0.0277	0.1251
38	0.1034	0.2016	0.0278	0.1254
39	0.1004	0.2022	0.0278	0.1257
40	0.0942	0.2037	0.0280	0.1264
41	0.0899	0.2044	0.0281	0.1270
42	0.0863	0.2046	0.0281	0.1270
43	0.0820	0.2058	0.0282	0.1275
44	0.0795	0.2072	0.0283	0.1282
45	0.0751	0.2071	0.0283	0.1280
46	0.0725	0.2069	0.0283	0.1281
47	0.0696	0.2073	0.0283	0.1280
48	0.0666	0.2077	0.0283	0.1284
49	0.0652	0.2082	0.0284	0.1288
50	0.0619	0.2093	0.0285	0.1292
51	0.0606	0.2091	0.0285	0.1292
52	0.0582	0.2095	0.0285	0.1294
53	0.0561	0.2099	0.0285	0.1295
54	0.0534	0.2092	0.0285	0.1295
55	0.0525	0.2097	0.0285	0.1298
56	0.0508	0.2100	0.0286	0.1302
57	0.0490	0.2111	0.0287	0.1306
58	0.0475	0.2120	0.0287	0.1311
59	0.0459	0.2131	0.0288	0.1314
60	0.0456	0.2126	0.0289	0.1315
61	0.0439	0.2136	0.0289	0.1318
62	0.0421	0.2137	0.0289	0.1320
63	0.0405	0.2143	0.0290	0.1323
64	0.0390	0.2150	0.0290	0.1326
65	0.0384	0.2146	0.0290	0.1325
66	0.0370	0.2155	0.0291	0.1329
67	0.0366	0.2157	0.0291	0.1332
68	0.0355	0.2162	0.0291	0.1334
69	0.0347	0.2163	0.0291	0.1334
70	0.0333	0.2167	0.0292	0.1339
71	0.0329	0.2166	0.0292	0.1338
72	0.0323	0.2168	0.0292	0.1339
73	0.0303	0.2168	0.0292	0.1341
74	0.0307	0.2175	0.0292	0.1344
75	0.0298	0.2177	0.0292	0.1345
76	0.0296	0.2177	0.0292	0.1345
77	0.0288	0.2185	0.0293	0.1347
78	0.0277	0.2184	0.0292	0.1346
79	0.0274	0.2189	0.0293	0.1346
80	0.0270	0.2190	0.0293	0.1349
81	0.0261	0.2192	0.0294	0.1351
82	0.0251	0.2193	0.0294	0.1354
83	0.0257	0.2192	0.0294	0.1356
84	0.0250	0.2192	0.0293	0.1358
85	0.0236	0.2190	0.0293	0.1356
86	0.0239	0.2193	0.0293	0.1356
87	0.0231	0.2191	0.0293	0.1356
88	0.0227	0.2189	0.0292	0.1354
89	0.0223	0.2185	0.0292	0.1354
90	0.0227	0.2189	0.0292	0.1353
91	0.0218	0.2187	0.0292	0.1353
92	0.0210	0.2187	0.0292	0.1352
93	0.0208	0.2189	0.0292	0.1353
94	0.0204	0.2188	0.0292	0.1352
95	0.0199	0.2192	0.0292	0.1354
96	0.0197	0.2192	0.0292	0.1354
97	0.0203	0.2189	0.0292	0.1355
98	0.0197	0.2196	0.0292	0.1356
99	0.0189	0.2191	0.0292	0.1356
100	0.0182	0.2193	0.0292	0.1357
101	0.0190	0.2190	0.0292	0.1356
102	0.0178	0.2194	0.0292	0.1359
103	0.0181	0.2189	0.0292	0.1355
104	0.0179	0.2191	0.0292	0.1355
105	0.0177	0.2190	0.0291	0.1355
106	0.0170	0.2191	0.0291	0.1357
107	0.0166	0.2192	0.0292	0.1358
108	0.0161	0.2195	0.0292	0.1358
109	0.0160	0.2202	0.0293	0.1362
110	0.0168	0.2198	0.0293	0.1362
111	0.0162	0.2200	0.0293	0.1362
112	0.0160	0.2199	0.0293	0.1362
113	0.0152	0.2202	0.0293	0.1364
114	0.0152	0.2201	0.0293	0.1365
115	0.0156	0.2204	0.0294	0.1369
116	0.0152	0.2203	0.0293	0.1367
117	0.0142	0.2209	0.0294	0.1368
118	0.0148	0.2211	0.0294	0.1371
119	0.0144	0.2212	0.0294	0.1373
120	0.0143	0.2206	0.0294	0.1370
121	0.0137	0.2204	0.0293	0.1367
122	0.0137	0.2205	0.0293	0.1367
123	0.0140	0.2200	0.0293	0.1364
124	0.0140	0.2206	0.0294	0.1366
125	0.0141	0.2206	0.0294	0.1366
126	0.0136	0.2207	0.0295	0.1366
127	0.0137	0.2205	0.0294	0.1367
128	0.0131	0.2209	0.0295	0.1369
129	0.0127	0.2208	0.0294	0.1368
130	0.0130	0.2207	0.0295	0.1371
131	0.0131	0.2204	0.0294	0.1371
132	0.0128	0.2211	0.0295	0.1373
133	0.0131	0.2203	0.0294	0.1371
134	0.0129	0.2203	0.0293	0.1372
135	0.0126	0.2205	0.0293	0.1371
136	0.0126	0.2203	0.0293	0.1369
137	0.0121	0.2201	0.0293	0.1371
138	0.0123	0.2204	0.0293	0.1371
139	0.0120	0.2196	0.0293	0.1370
140	0.0117	0.2197	0.0293	0.1368
141	0.0122	0.2195	0.0292	0.1367
142	0.0118	0.2193	0.0292	0.1366
143	0.0117	0.2195	0.0293	0.1369
144	0.0118	0.2197	0.0293	0.1371
145	0.0113	0.2195	0.0292	0.1372
146	0.0113	0.2197	0.0293	0.1372
147	0.0114	0.2203	0.0293	0.1372
148	0.0113	0.2201	0.0293	0.1372
149	0.0110	0.2200	0.0292	0.1373
150	0.0108	0.2196	0.0292	0.1372
