{"device": "cuda:2", "multimodal": true, "embedding_dim": 512, "n_layers": 0, "epochs": 500, "learning_rate": 0.001, "log": true, "seed": 19, "top_k": [5, 10, 20, 50], "dataset": "dbbook", "batch_size": 2048, "single_branch": false, "autoencoder": false, "ensemble_fusion": false, "freeze": true, "fusion_modalities": "mean", "fusion_type": "late", "info_nce": false, "weighting": "normalized", "datasets": {"dbbook": ["images", "text"], "ml1m": ["audio", "images", "text", "video"]}}
Epoch	T-Loss	V-Loss	Precision@5	Recall@5	NDCG@5	Precision@10	Recall@10	NDCG@10	Precision@20	Recall@20	NDCG@20	Precision@50	Recall@50	NDCG@50
1	0.693	0.693	0.0014	0.001	0.0015	0.0016	0.0021	0.0019	0.0015	0.0047	0.0029	0.0015	0.0113	0.0053
2	0.6771	0.6924	0.0026	0.0017	0.0026	0.0023	0.0034	0.0029	0.002	0.0063	0.0041	0.0019	0.0142	0.007
3	0.6636	0.6912	0.0064	0.0051	0.0075	0.0053	0.008	0.0078	0.0039	0.0119	0.0094	0.0031	0.0236	0.0136
4	0.65	0.6894	0.0165	0.0132	0.0205	0.0116	0.018	0.0196	0.0087	0.0267	0.0231	0.006	0.047	0.03
5	0.6355	0.6862	0.0325	0.0259	0.0404	0.0224	0.0356	0.0382	0.0158	0.0498	0.0434	0.0101	0.0787	0.0538
6	0.6201	0.6816	0.0459	0.0369	0.0572	0.0323	0.0514	0.0545	0.0229	0.0718	0.0621	0.0148	0.1145	0.0774
7	0.6035	0.6757	0.0542	0.044	0.0675	0.0396	0.0631	0.0658	0.0286	0.0903	0.0761	0.0186	0.1433	0.0952
8	0.5858	0.6682	0.0593	0.0485	0.0738	0.0442	0.0702	0.0727	0.0325	0.1019	0.0848	0.0208	0.1602	0.1059
9	0.5669	0.6592	0.0639	0.052	0.0788	0.0468	0.0738	0.0769	0.0343	0.1071	0.0896	0.0224	0.1717	0.113
10	0.5469	0.6484	0.0664	0.0538	0.0818	0.0488	0.0769	0.08	0.0358	0.1117	0.0933	0.0234	0.1778	0.1173
11	0.526	0.6368	0.067	0.0546	0.0828	0.0505	0.0798	0.0823	0.0369	0.1151	0.0959	0.0239	0.1814	0.12
12	0.5055	0.6241	0.0681	0.055	0.0839	0.0511	0.0811	0.0833	0.0373	0.1154	0.0966	0.0245	0.1856	0.122
13	0.4843	0.6113	0.0693	0.0561	0.0855	0.0517	0.0819	0.0844	0.038	0.1176	0.0982	0.0248	0.1882	0.1238
14	0.4632	0.5981	0.0708	0.0574	0.0865	0.0517	0.0813	0.0842	0.0383	0.1182	0.0985	0.025	0.1896	0.1243
15	0.4436	0.5848	0.0709	0.0575	0.0867	0.0519	0.0813	0.0845	0.0384	0.119	0.099	0.0253	0.1909	0.1252
16	0.425	0.5712	0.0704	0.0567	0.0859	0.0521	0.082	0.0843	0.0388	0.1198	0.099	0.0254	0.1918	0.1252
17	0.4076	0.5615	0.0702	0.0568	0.0859	0.0519	0.0812	0.0842	0.0387	0.119	0.099	0.0257	0.1941	0.126
18	0.3915	0.5484	0.0704	0.0568	0.0857	0.0514	0.0801	0.0833	0.0383	0.1179	0.098	0.0257	0.1933	0.1254
19	0.3753	0.5393	0.0701	0.0566	0.0859	0.0517	0.0803	0.0838	0.0383	0.1183	0.0984	0.0256	0.193	0.1256
20	0.3616	0.5306	0.0709	0.0572	0.0861	0.0519	0.0808	0.0838	0.0385	0.118	0.0982	0.0255	0.1916	0.1249
21	0.3485	0.5226	0.0709	0.0567	0.0858	0.0524	0.0815	0.084	0.0383	0.1183	0.0981	0.0255	0.1924	0.125
22	0.3368	0.5129	0.0709	0.057	0.0864	0.0521	0.0809	0.0842	0.0383	0.1184	0.0985	0.0255	0.1923	0.1254
23	0.3251	0.5049	0.0708	0.0568	0.0861	0.0519	0.0808	0.084	0.0385	0.1187	0.0987	0.0257	0.1937	0.1259
24	0.3146	0.5008	0.0705	0.0563	0.0861	0.0523	0.0813	0.0844	0.0381	0.1179	0.0983	0.0256	0.1925	0.1255
25	0.3034	0.4935	0.0713	0.0569	0.087	0.0522	0.0806	0.0845	0.0387	0.1187	0.099	0.0257	0.1922	0.1259
26	0.2939	0.4882	0.0708	0.0565	0.0863	0.0524	0.081	0.0844	0.0388	0.1191	0.099	0.0256	0.1932	0.1259
27	0.2853	0.4846	0.0706	0.0563	0.0861	0.0519	0.0811	0.0841	0.0385	0.1184	0.0985	0.0257	0.1931	0.1256
28	0.2766	0.4777	0.0703	0.0566	0.0856	0.052	0.0812	0.0838	0.0387	0.1193	0.0986	0.0259	0.1957	0.1262
29	0.2691	0.474	0.0698	0.0559	0.0846	0.0518	0.0814	0.0832	0.0389	0.12	0.0983	0.0259	0.196	0.1257
30	0.2607	0.4694	0.069	0.0553	0.0845	0.0518	0.0807	0.0833	0.0386	0.1193	0.0981	0.0259	0.1953	0.1257
31	0.2548	0.4622	0.0706	0.0564	0.0858	0.0522	0.0814	0.0839	0.039	0.1202	0.0988	0.026	0.1957	0.1263
32	0.247	0.4613	0.0698	0.056	0.0849	0.0525	0.0816	0.0838	0.0387	0.1188	0.0981	0.0261	0.1955	0.1261
33	0.2398	0.4618	0.0698	0.0556	0.085	0.0525	0.0824	0.0842	0.0386	0.1187	0.0982	0.0259	0.1943	0.1258
34	0.2339	0.4563	0.0693	0.0553	0.0846	0.0523	0.082	0.0839	0.0384	0.1181	0.0978	0.0259	0.1934	0.1254
35	0.228	0.4499	0.069	0.0548	0.0841	0.0521	0.0809	0.0833	0.0383	0.1178	0.0973	0.0258	0.1921	0.1246
36	0.222	0.4519	0.0692	0.0549	0.0841	0.0522	0.0815	0.0834	0.0384	0.118	0.0974	0.0256	0.1918	0.1244
37	0.2164	0.4481	0.0686	0.0541	0.0837	0.0519	0.0808	0.0831	0.0384	0.1188	0.0976	0.0257	0.1926	0.1246
38	0.2113	0.4432	0.069	0.0545	0.0836	0.0521	0.0808	0.0829	0.0383	0.1179	0.0972	0.0258	0.1935	0.1248
39	0.2074	0.4399	0.0704	0.0555	0.0851	0.0528	0.0825	0.0841	0.0386	0.1185	0.098	0.026	0.1954	0.1259
40	0.2009	0.4397	0.0699	0.0551	0.084	0.0527	0.0826	0.0837	0.0386	0.1195	0.0978	0.0262	0.1963	0.1259
41	0.1974	0.4363	0.0687	0.0542	0.0834	0.0528	0.0825	0.0837	0.0388	0.1204	0.0981	0.026	0.1947	0.1254
42	0.1914	0.4341	0.0687	0.0538	0.0836	0.0528	0.0822	0.0839	0.0387	0.1201	0.0982	0.0259	0.1936	0.1253
43	0.1884	0.433	0.0699	0.055	0.0847	0.0523	0.082	0.0839	0.0384	0.1187	0.0979	0.026	0.1949	0.1258
44	0.1846	0.431	0.0701	0.0551	0.0849	0.0522	0.082	0.0839	0.0385	0.1181	0.0978	0.0261	0.1953	0.1259
45	0.1807	0.4327	0.0698	0.0558	0.0847	0.0527	0.0825	0.084	0.0384	0.1184	0.0978	0.0259	0.194	0.1254
46	0.1756	0.4256	0.0696	0.0554	0.0842	0.0528	0.0829	0.0839	0.0387	0.119	0.0979	0.026	0.1945	0.1254
47	0.1712	0.4273	0.069	0.0545	0.0839	0.0525	0.0819	0.0837	0.0387	0.1188	0.098	0.026	0.1941	0.1255
48	0.1692	0.4248	0.068	0.054	0.0832	0.0529	0.0823	0.0839	0.0389	0.1188	0.098	0.0261	0.1956	0.1258
49	0.1651	0.4169	0.0683	0.054	0.0831	0.0524	0.082	0.0834	0.0388	0.1187	0.0977	0.0262	0.1971	0.1259
50	0.1616	0.418	0.0688	0.0547	0.0836	0.0518	0.0809	0.0829	0.0387	0.1185	0.0976	0.0262	0.1963	0.1258
51	0.1575	0.4202	0.0706	0.0563	0.0853	0.0524	0.0822	0.0841	0.0388	0.119	0.0985	0.0262	0.1966	0.1267
52	0.1544	0.4197	0.0706	0.0566	0.0854	0.0526	0.0819	0.0841	0.0389	0.1196	0.0987	0.0264	0.1973	0.1271
53	0.1515	0.4164	0.0709	0.0564	0.0855	0.0527	0.0824	0.0843	0.0394	0.1203	0.0992	0.0264	0.1975	0.1273
54	0.1487	0.4164	0.0716	0.0571	0.0861	0.053	0.0828	0.0847	0.0394	0.1206	0.0995	0.0265	0.198	0.1277
55	0.1462	0.4155	0.0716	0.0573	0.0859	0.0522	0.0816	0.0838	0.0394	0.1211	0.0993	0.0264	0.198	0.1272
56	0.1438	0.4176	0.0709	0.0568	0.0851	0.0526	0.0828	0.084	0.0388	0.1197	0.0984	0.0264	0.1977	0.1268
57	0.1409	0.4137	0.0708	0.0564	0.0846	0.0523	0.0824	0.0834	0.0389	0.1203	0.0981	0.0263	0.1973	0.1263
58	0.138	0.4104	0.0709	0.0564	0.0849	0.0522	0.0824	0.0837	0.0388	0.1197	0.0983	0.0264	0.1983	0.1269
59	0.1351	0.4092	0.071	0.056	0.0847	0.0525	0.0832	0.0839	0.0392	0.1212	0.0988	0.0266	0.1989	0.1271
60	0.1324	0.4083	0.0701	0.0551	0.0843	0.0533	0.0843	0.0847	0.0394	0.1203	0.0989	0.0266	0.1986	0.1274
61	0.1313	0.4025	0.0698	0.0554	0.0846	0.0527	0.0828	0.0842	0.0392	0.1199	0.0989	0.0266	0.1998	0.1279
62	0.128	0.4091	0.0699	0.0558	0.0843	0.0532	0.0834	0.0843	0.0395	0.1215	0.0991	0.0267	0.1999	0.1278
63	0.126	0.4054	0.0687	0.0548	0.0828	0.0527	0.0826	0.0833	0.0394	0.1213	0.0984	0.0267	0.2004	0.1273
64	0.1232	0.4031	0.0676	0.054	0.0822	0.0528	0.0825	0.0834	0.0391	0.1203	0.098	0.0267	0.2006	0.1272
65	0.1223	0.4044	0.0686	0.0552	0.0839	0.0527	0.0826	0.0842	0.0393	0.1207	0.099	0.0267	0.2009	0.1281
66	0.1195	0.4009	0.0695	0.0555	0.0848	0.053	0.083	0.0846	0.0394	0.1211	0.0995	0.0267	0.2007	0.1284
67	0.1177	0.403	0.0692	0.0552	0.0846	0.0525	0.0823	0.0844	0.0391	0.1202	0.0992	0.0268	0.2004	0.1284
68	0.1162	0.4015	0.0694	0.0552	0.0845	0.0523	0.0822	0.084	0.0391	0.1202	0.0989	0.0266	0.1995	0.1278
69	0.1144	0.3986	0.0698	0.0556	0.0847	0.0523	0.082	0.0839	0.0392	0.1207	0.099	0.0265	0.1986	0.1274
70	0.111	0.3962	0.0697	0.0555	0.0846	0.0524	0.0823	0.0839	0.0394	0.1215	0.0993	0.0265	0.1984	0.1274
71	0.1106	0.3955	0.0695	0.0548	0.0845	0.053	0.0833	0.0846	0.0395	0.1213	0.0994	0.0266	0.1993	0.1278
72	0.1093	0.3978	0.0699	0.0551	0.0845	0.0532	0.083	0.0843	0.0392	0.1204	0.0988	0.0268	0.2009	0.1281
73	0.1066	0.3969	0.0697	0.0545	0.0842	0.0531	0.0833	0.0845	0.0396	0.1215	0.0995	0.0269	0.2016	0.1285
74	0.1035	0.3925	0.0695	0.0548	0.084	0.0529	0.0833	0.0843	0.0395	0.1209	0.0991	0.0269	0.2016	0.1284
75	0.1044	0.3935	0.0702	0.0558	0.0845	0.0531	0.0838	0.0844	0.0395	0.1219	0.0993	0.0269	0.2026	0.1286
76	0.1017	0.3948	0.0694	0.0549	0.0835	0.0532	0.0837	0.084	0.0397	0.1221	0.099	0.027	0.202	0.1282
77	0.1002	0.3924	0.0683	0.054	0.0827	0.053	0.0835	0.0838	0.0397	0.1215	0.0988	0.0268	0.2014	0.1277
78	0.0987	0.3863	0.0686	0.0542	0.0832	0.0525	0.0826	0.0834	0.0397	0.1225	0.099	0.0267	0.2005	0.1275
79	0.0982	0.3929	0.0685	0.0544	0.0825	0.0523	0.0819	0.0827	0.0396	0.1215	0.0983	0.0267	0.2001	0.1269
80	0.0959	0.3872	0.0679	0.0542	0.0823	0.0524	0.0821	0.0829	0.0395	0.1213	0.0983	0.0266	0.1998	0.1268
81	0.0945	0.3917	0.0685	0.0543	0.0829	0.0528	0.0826	0.0836	0.0395	0.1216	0.0988	0.0267	0.1999	0.1274
82	0.0918	0.3905	0.07	0.0558	0.0844	0.0534	0.0835	0.0845	0.0397	0.1216	0.0994	0.0268	0.2001	0.1281
83	0.0928	0.3879	0.0694	0.0555	0.0838	0.0527	0.0825	0.0837	0.0396	0.1212	0.0989	0.0269	0.2017	0.1282
84	0.0895	0.3822	0.0697	0.0556	0.0837	0.0528	0.0826	0.0836	0.0393	0.1206	0.0984	0.0269	0.2014	0.1279
85	0.0895	0.3906	0.0696	0.0554	0.084	0.0523	0.0821	0.0835	0.0391	0.1201	0.0985	0.0269	0.2013	0.1281
86	0.0873	0.3885	0.0697	0.0555	0.0837	0.0527	0.0827	0.0836	0.0394	0.1217	0.0988	0.027	0.2022	0.1282
87	0.0868	0.3885	0.0698	0.0553	0.084	0.053	0.0834	0.084	0.0396	0.122	0.0991	0.0271	0.2022	0.1284
88	0.0858	0.391	0.0701	0.0559	0.0848	0.0529	0.0833	0.0842	0.0394	0.121	0.0991	0.0269	0.2015	0.1283
89	0.0845	0.3881	0.0707	0.0564	0.0851	0.0523	0.0819	0.0836	0.0392	0.1205	0.0987	0.027	0.2013	0.1283
90	0.0836	0.3869	0.0707	0.0564	0.0853	0.0526	0.0827	0.0842	0.0393	0.1207	0.0991	0.0272	0.2025	0.1291
91	0.082	0.3862	0.0702	0.0559	0.0852	0.0529	0.0827	0.0847	0.0395	0.1218	0.0999	0.0273	0.2034	0.13
92	0.0808	0.3825	0.0712	0.0563	0.0857	0.0535	0.0843	0.0853	0.0398	0.1227	0.1003	0.0272	0.203	0.1298
93	0.0805	0.3845	0.071	0.0564	0.0855	0.0536	0.0848	0.0855	0.0397	0.1219	0.1	0.0271	0.2023	0.1294
94	0.0789	0.3842	0.0705	0.0558	0.0851	0.0537	0.0849	0.0854	0.0399	0.1225	0.1001	0.0273	0.2039	0.1298
95	0.0793	0.3806	0.0696	0.0552	0.0843	0.0534	0.0835	0.0846	0.0399	0.1221	0.0997	0.0272	0.2036	0.1294
96	0.0768	0.382	0.069	0.0549	0.084	0.0535	0.084	0.085	0.0398	0.1216	0.0998	0.0273	0.2038	0.1297
97	0.0761	0.3807	0.0692	0.0551	0.0837	0.0537	0.084	0.0848	0.0399	0.122	0.0997	0.0272	0.2035	0.1293
98	0.075	0.383	0.069	0.0544	0.0836	0.0539	0.0844	0.085	0.0402	0.1229	0.1001	0.0271	0.2024	0.129
99	0.0737	0.3833	0.0694	0.0548	0.0837	0.0538	0.084	0.0847	0.04	0.1228	0.0998	0.0273	0.2033	0.1292
100	0.0737	0.3815	0.0693	0.0549	0.0838	0.0538	0.0836	0.0848	0.0399	0.1227	0.0999	0.0273	0.204	0.1296
101	0.072	0.3832	0.0698	0.0556	0.0843	0.0533	0.0829	0.0845	0.0401	0.1232	0.1003	0.0274	0.2057	0.1302
102	0.0714	0.3854	0.0694	0.055	0.0838	0.0531	0.0826	0.0841	0.0399	0.1228	0.0997	0.0275	0.2068	0.1303
103	0.0702	0.3777	0.0699	0.0556	0.0843	0.0534	0.0835	0.0846	0.04	0.1238	0.1003	0.0276	0.2078	0.1307
104	0.0694	0.3812	0.0706	0.0562	0.0852	0.0538	0.0843	0.0854	0.0404	0.1246	0.1011	0.0276	0.2079	0.1313
105	0.0686	0.382	0.0694	0.0551	0.0838	0.0534	0.084	0.0846	0.0402	0.1241	0.1004	0.0275	0.2064	0.1303
106	0.0685	0.3822	0.0708	0.056	0.0852	0.054	0.085	0.0856	0.0405	0.1247	0.1012	0.0275	0.2075	0.1312
107	0.0681	0.3805	0.0715	0.0566	0.0858	0.054	0.0849	0.0858	0.0404	0.1243	0.1013	0.0275	0.2066	0.1311
108	0.0665	0.3813	0.072	0.0572	0.0864	0.0548	0.0863	0.0868	0.0405	0.1249	0.1017	0.0275	0.206	0.1313
109	0.0654	0.3801	0.0718	0.0568	0.0859	0.0546	0.0859	0.0861	0.0402	0.1233	0.1007	0.0274	0.2057	0.1306
110	0.0645	0.3742	0.0708	0.0562	0.0848	0.0541	0.0854	0.0853	0.0401	0.1229	0.1	0.0275	0.2058	0.1301
111	0.064	0.3731	0.0693	0.0552	0.0835	0.0537	0.0838	0.0843	0.0399	0.1218	0.0992	0.0273	0.205	0.1293
112	0.0638	0.3738	0.0687	0.0544	0.0829	0.0532	0.0831	0.0838	0.0397	0.1213	0.0987	0.0273	0.2039	0.1287
113	0.0629	0.3741	0.0693	0.0549	0.0833	0.0533	0.083	0.0838	0.0401	0.123	0.0995	0.0274	0.2049	0.1292
114	0.0618	0.3775	0.0698	0.0548	0.0839	0.0533	0.083	0.0842	0.0402	0.1229	0.0999	0.0274	0.2056	0.1297
115	0.0613	0.3797	0.0704	0.0559	0.085	0.0535	0.0835	0.0849	0.0403	0.123	0.1004	0.0273	0.2051	0.1301
116	0.0611	0.379	0.0703	0.056	0.0852	0.054	0.0841	0.0854	0.0404	0.1231	0.1008	0.0273	0.2044	0.1302
117	0.0607	0.3753	0.0702	0.056	0.0854	0.0542	0.0843	0.0858	0.0405	0.1241	0.1013	0.0274	0.205	0.1307
118	0.0589	0.3762	0.0712	0.0567	0.0863	0.0539	0.0847	0.0861	0.0405	0.1241	0.1016	0.0274	0.2053	0.1312
119	0.059	0.3788	0.0716	0.057	0.0865	0.0541	0.0855	0.0864	0.0404	0.1243	0.1016	0.0274	0.2046	0.1309
120	0.0585	0.374	0.0717	0.0572	0.0868	0.0536	0.0844	0.086	0.0403	0.1244	0.1017	0.0273	0.2042	0.1309
121	0.0573	0.3757	0.071	0.0562	0.0857	0.0537	0.0844	0.0854	0.0401	0.1238	0.1008	0.0272	0.204	0.1301
122	0.0567	0.3724	0.0702	0.0557	0.0846	0.0534	0.0838	0.0847	0.04	0.1238	0.1002	0.0272	0.2042	0.1296
123	0.0568	0.3749	0.0699	0.0559	0.084	0.0537	0.084	0.0845	0.0397	0.1227	0.0994	0.0271	0.2032	0.1289
124	0.0557	0.3747	0.0705	0.0566	0.0848	0.0537	0.084	0.0848	0.04	0.1235	0.1002	0.0273	0.2049	0.1298
125	0.0559	0.3715	0.0705	0.057	0.0849	0.0537	0.0842	0.0849	0.0405	0.1251	0.1009	0.0275	0.2066	0.1306
126	0.0547	0.3729	0.0713	0.0573	0.0853	0.0542	0.0855	0.0856	0.0405	0.1247	0.101	0.0276	0.208	0.1311
127	0.0549	0.3703	0.0721	0.058	0.0863	0.0544	0.0859	0.0862	0.0406	0.1252	0.1016	0.0277	0.2082	0.1317
128	0.0542	0.3744	0.0712	0.057	0.0852	0.054	0.0849	0.0853	0.0402	0.1242	0.1006	0.0276	0.206	0.1306
129	0.0529	0.379	0.0696	0.0556	0.0839	0.0537	0.0842	0.0847	0.0401	0.1237	0.1002	0.0275	0.2059	0.1302
130	0.0518	0.3698	0.0705	0.0564	0.0852	0.0534	0.0841	0.0851	0.0402	0.1235	0.1006	0.0274	0.206	0.1306
131	0.0526	0.3755	0.0701	0.056	0.0847	0.0535	0.0846	0.0851	0.0401	0.1228	0.1002	0.0273	0.2058	0.1303
132	0.0527	0.3701	0.0699	0.0556	0.084	0.0532	0.0841	0.0843	0.0401	0.1233	0.0999	0.0275	0.2067	0.1301
133	0.052	0.3679	0.0696	0.055	0.0834	0.053	0.0833	0.0838	0.0401	0.1232	0.0995	0.0276	0.2073	0.13
134	0.0507	0.3754	0.0697	0.055	0.0834	0.0529	0.083	0.0836	0.04	0.123	0.0994	0.0275	0.2064	0.1297
135	0.0505	0.364	0.0698	0.055	0.0836	0.0533	0.0841	0.0842	0.0402	0.1238	0.0999	0.0276	0.2073	0.1301
136	0.0497	0.3703	0.0706	0.0558	0.0844	0.0539	0.0849	0.0849	0.0405	0.1243	0.1004	0.0276	0.2072	0.1306
137	0.0488	0.3745	0.0707	0.0561	0.0848	0.0544	0.0857	0.0855	0.0401	0.124	0.1004	0.0276	0.2077	0.1309
138	0.049	0.3742	0.0696	0.0555	0.0838	0.054	0.0851	0.0851	0.0403	0.1241	0.1004	0.0276	0.2073	0.1306
139	0.0486	0.3694	0.0691	0.0554	0.0838	0.0541	0.0856	0.0855	0.0403	0.1236	0.1005	0.0277	0.2082	0.1311
140	0.0478	0.3656	0.0694	0.0556	0.0839	0.0543	0.0861	0.0857	0.0402	0.1241	0.1007	0.0279	0.2091	0.1316
141	0.0481	0.3726	0.0692	0.0558	0.0837	0.0538	0.0853	0.085	0.0402	0.124	0.1003	0.0279	0.209	0.1312
142	0.0466	0.369	0.0692	0.0553	0.0835	0.0539	0.0851	0.0849	0.0402	0.1234	0.1001	0.0278	0.2089	0.131
143	0.0472	0.3765	0.0687	0.0544	0.0829	0.0541	0.0853	0.0849	0.0404	0.1249	0.1004	0.0278	0.2096	0.1311
144	0.0459	0.3826	0.0692	0.0549	0.0833	0.0542	0.0856	0.0852	0.0405	0.1251	0.1006	0.0277	0.2092	0.1311
145	0.0454	0.3671	0.0695	0.0552	0.0827	0.0537	0.0847	0.084	0.0403	0.1244	0.0997	0.0278	0.2084	0.1303
146	0.0456	0.3732	0.0697	0.0556	0.0828	0.0538	0.085	0.0841	0.0403	0.1249	0.0997	0.0276	0.2074	0.1299
147	0.0447	0.3673	0.0696	0.0552	0.083	0.0541	0.0854	0.0846	0.0403	0.1247	0.0999	0.0278	0.2086	0.1305
148	0.0436	0.3644	0.071	0.0563	0.0846	0.054	0.0853	0.0851	0.0404	0.1244	0.1004	0.0277	0.2083	0.1309
149	0.0446	0.3713	0.0708	0.0559	0.0843	0.0542	0.0855	0.0851	0.0406	0.1254	0.1007	0.0277	0.2089	0.1309
150	0.0435	0.3665	0.0706	0.0557	0.0844	0.054	0.0852	0.0851	0.0404	0.1243	0.1005	0.0277	0.2085	0.1311
151	0.0436	0.3702	0.0701	0.0555	0.0843	0.054	0.0852	0.0852	0.0403	0.1234	0.1003	0.0277	0.2083	0.1311
152	0.0429	0.3695	0.0698	0.0553	0.0842	0.0541	0.0852	0.0853	0.0406	0.1245	0.1009	0.0277	0.2087	0.1313
153	0.0426	0.374	0.0705	0.0559	0.0846	0.0544	0.0855	0.0856	0.0406	0.1248	0.1009	0.0276	0.208	0.1311
154	0.0423	0.367	0.0711	0.0566	0.0853	0.0547	0.0861	0.0861	0.0407	0.1253	0.1014	0.0275	0.208	0.1312
155	0.042	0.3615	0.0705	0.0563	0.0845	0.0543	0.0855	0.0854	0.0407	0.1254	0.1011	0.0275	0.2083	0.1309
156	0.0416	0.3686	0.0717	0.057	0.0859	0.0542	0.0852	0.0859	0.0406	0.1256	0.1016	0.0277	0.2089	0.1319
157	0.0408	0.366	0.0709	0.0563	0.0853	0.0541	0.0852	0.0858	0.0407	0.1261	0.1017	0.0278	0.2092	0.1319
158	0.0409	0.3692	0.0705	0.0561	0.0852	0.0542	0.0857	0.086	0.0406	0.126	0.1017	0.0277	0.2086	0.1319
159	0.0407	0.3678	0.0706	0.0566	0.085	0.0547	0.0861	0.0861	0.0408	0.1263	0.1017	0.0278	0.2097	0.132
160	0.0404	0.367	0.0703	0.0563	0.0847	0.0546	0.0858	0.0858	0.0409	0.1263	0.1016	0.0279	0.2101	0.1321
161	0.0401	0.3684	0.0708	0.0563	0.0851	0.0544	0.0855	0.0857	0.0409	0.1264	0.1017	0.028	0.2096	0.1321
162	0.0395	0.3676	0.0715	0.0568	0.0856	0.0546	0.0853	0.0858	0.041	0.1267	0.1019	0.028	0.2094	0.132
163	0.0392	0.37	0.0718	0.0572	0.0863	0.0545	0.0853	0.0861	0.0409	0.1264	0.1021	0.028	0.2096	0.1325
164	0.0392	0.3679	0.0725	0.0573	0.0867	0.0544	0.0846	0.0859	0.0409	0.1269	0.1023	0.0279	0.2093	0.1325
165	0.039	0.3624	0.0719	0.0569	0.086	0.0546	0.0854	0.086	0.0408	0.1267	0.102	0.0279	0.2092	0.1322
166	0.0383	0.369	0.0722	0.0569	0.0864	0.055	0.0864	0.0866	0.0409	0.1265	0.1022	0.028	0.2104	0.1328
167	0.0381	0.3657	0.0728	0.0574	0.0869	0.0552	0.0867	0.0868	0.0409	0.1262	0.1022	0.0281	0.2111	0.1331
168	0.0377	0.3688	0.0723	0.0576	0.0868	0.0553	0.087	0.0872	0.041	0.1269	0.1027	0.0281	0.211	0.1333
169	0.0381	0.3629	0.0725	0.0581	0.0868	0.0553	0.0871	0.087	0.041	0.1266	0.1025	0.0281	0.211	0.1331
170	0.0372	0.3639	0.0719	0.0573	0.0861	0.0545	0.0862	0.0862	0.0408	0.1256	0.1018	0.028	0.2109	0.1327
171	0.0378	0.3661	0.0717	0.0571	0.0861	0.0547	0.0865	0.0864	0.041	0.1261	0.1021	0.0281	0.2112	0.133
172	0.0364	0.3652	0.0719	0.0575	0.0868	0.0551	0.0871	0.0873	0.0413	0.1272	0.103	0.0281	0.212	0.1336
173	0.0368	0.3643	0.0719	0.0571	0.0864	0.0549	0.0875	0.087	0.0415	0.1278	0.1031	0.0281	0.2118	0.1334
174	0.0365	0.3659	0.0724	0.0575	0.0864	0.055	0.0871	0.0867	0.0415	0.1277	0.1029	0.0281	0.2119	0.1333
175	0.0361	0.3584	0.0719	0.0572	0.0859	0.0549	0.0871	0.0865	0.0412	0.1271	0.1023	0.0281	0.2112	0.1329
176	0.036	0.3594	0.0725	0.0577	0.0864	0.0549	0.087	0.0865	0.0409	0.1259	0.1019	0.0281	0.211	0.1328
177	0.0358	0.3669	0.072	0.0569	0.0861	0.055	0.0873	0.0867	0.0409	0.1258	0.102	0.0282	0.2118	0.1332
178	0.035	0.3641	0.0719	0.0571	0.0862	0.0552	0.0871	0.0869	0.0412	0.1271	0.1026	0.0282	0.2121	0.1335
179	0.035	0.3638	0.0712	0.0568	0.0858	0.0552	0.0871	0.0869	0.0414	0.1283	0.103	0.0282	0.2123	0.1336
180	0.0354	0.3678	0.0712	0.0568	0.0856	0.0555	0.0873	0.0869	0.0414	0.128	0.1027	0.0282	0.2122	0.1333
181	0.0345	0.3578	0.0706	0.0563	0.0852	0.0551	0.0864	0.0865	0.0412	0.1274	0.1024	0.0282	0.2131	0.1334
182	0.0344	0.3663	0.0707	0.0564	0.0852	0.0548	0.086	0.0862	0.0408	0.1259	0.1018	0.0279	0.2111	0.1325
183	0.0344	0.3677	0.0706	0.0559	0.0852	0.0546	0.0858	0.0862	0.0408	0.1258	0.1019	0.0279	0.2111	0.1328
184	0.0345	0.3651	0.0709	0.0559	0.0853	0.0549	0.086	0.0863	0.041	0.1269	0.1021	0.0278	0.2098	0.1323
185	0.0338	0.369	0.0715	0.0563	0.0858	0.055	0.0863	0.0866	0.041	0.127	0.1024	0.0279	0.2104	0.1328
186	0.0341	0.365	0.0715	0.0564	0.0855	0.0556	0.0876	0.087	0.0408	0.1266	0.102	0.0278	0.2101	0.1325
187	0.0334	0.3595	0.0713	0.0562	0.0851	0.0558	0.0883	0.087	0.041	0.1265	0.1019	0.028	0.2107	0.1325
188	0.0333	0.3601	0.0713	0.0562	0.0848	0.0554	0.0871	0.0864	0.0407	0.1256	0.1013	0.028	0.2111	0.1324
189	0.0332	0.3626	0.0718	0.0565	0.0851	0.055	0.0866	0.086	0.0407	0.1256	0.1012	0.028	0.2111	0.1324
190	0.0328	0.3633	0.0714	0.0558	0.0846	0.0546	0.086	0.0856	0.0406	0.1255	0.101	0.0281	0.2116	0.1323
191	0.0324	0.3613	0.071	0.056	0.0843	0.0547	0.0864	0.0855	0.041	0.1266	0.1013	0.0282	0.2129	0.1325
192	0.0327	0.3565	0.0719	0.057	0.0851	0.0544	0.0859	0.0855	0.0409	0.1267	0.1015	0.0281	0.2119	0.1325
193	0.032	0.3597	0.0724	0.0577	0.0861	0.0544	0.0863	0.0861	0.0407	0.1258	0.1016	0.0279	0.2108	0.1325
194	0.0313	0.3661	0.0728	0.0579	0.0866	0.0545	0.0862	0.0862	0.0407	0.1265	0.1019	0.0279	0.21	0.1324
195	0.0316	0.3696	0.0724	0.0579	0.0865	0.0542	0.0853	0.086	0.0404	0.1255	0.1016	0.0279	0.2095	0.1323
196	0.0315	0.3557	0.0725	0.0578	0.0859	0.0544	0.0855	0.0857	0.0404	0.1254	0.1011	0.0278	0.2094	0.1318
197	0.0312	0.3643	0.0721	0.057	0.0859	0.0544	0.0856	0.086	0.0406	0.1261	0.1017	0.0279	0.2099	0.1323
198	0.0309	0.358	0.0729	0.0576	0.0867	0.055	0.0867	0.0868	0.041	0.1273	0.1025	0.0281	0.2118	0.1333
199	0.0309	0.3682	0.0728	0.058	0.0868	0.0547	0.086	0.0864	0.0409	0.1272	0.1024	0.0281	0.2108	0.1331
200	0.0307	0.3636	0.0726	0.0578	0.0868	0.0551	0.0872	0.0871	0.041	0.1271	0.1026	0.0282	0.2125	0.1338
201	0.0308	0.3649	0.0733	0.0582	0.0877	0.0555	0.0881	0.088	0.0412	0.1278	0.1035	0.0283	0.2135	0.1347
202	0.0302	0.3596	0.0741	0.0583	0.0882	0.0555	0.0885	0.0882	0.0413	0.1283	0.1038	0.0284	0.2141	0.135
203	0.0305	0.3647	0.0729	0.0572	0.0876	0.0561	0.0893	0.0888	0.0412	0.1278	0.1037	0.0283	0.2137	0.135
204	0.0297	0.3656	0.0724	0.0571	0.0871	0.0561	0.0889	0.0885	0.0411	0.1278	0.1034	0.0283	0.2132	0.1347
205	0.0299	0.3603	0.0718	0.0563	0.0861	0.0554	0.0874	0.0874	0.041	0.1274	0.1028	0.0283	0.2137	0.1343
206	0.0297	0.3606	0.0714	0.0561	0.0861	0.0549	0.0868	0.0871	0.041	0.1275	0.1028	0.0284	0.2146	0.1345
207	0.0292	0.3607	0.0707	0.0555	0.0853	0.0552	0.0875	0.087	0.0411	0.1277	0.1027	0.0284	0.2151	0.1343
208	0.0293	0.366	0.0713	0.0558	0.086	0.0549	0.0861	0.0869	0.0411	0.1276	0.1029	0.0284	0.2153	0.1347
209	0.0291	0.368	0.0722	0.0569	0.0867	0.0549	0.087	0.0872	0.0411	0.1272	0.103	0.0283	0.2141	0.1344
210	0.0289	0.3615	0.0719	0.0569	0.0864	0.0548	0.0863	0.0868	0.0414	0.1284	0.1032	0.0283	0.214	0.1342
211	0.0285	0.3588	0.0724	0.057	0.0872	0.0551	0.0865	0.0874	0.0413	0.1284	0.1036	0.0281	0.2129	0.1343
212	0.0289	0.3637	0.0724	0.0569	0.0872	0.0552	0.0865	0.0874	0.0412	0.128	0.1035	0.0281	0.2125	0.1342
213	0.0286	0.3589	0.0731	0.0578	0.0882	0.0556	0.0874	0.0882	0.0412	0.1273	0.1037	0.0281	0.2119	0.1344
214	0.028	0.364	0.0727	0.057	0.0875	0.0558	0.0881	0.0882	0.0411	0.1268	0.1033	0.0281	0.2131	0.1344
215	0.028	0.3661	0.0714	0.0562	0.0859	0.0552	0.0874	0.0871	0.0409	0.1266	0.1024	0.028	0.212	0.1334
216	0.0281	0.36	0.0712	0.0564	0.0856	0.0553	0.0869	0.0869	0.041	0.127	0.1025	0.028	0.2114	0.1331
217	0.0286	0.3566	0.0716	0.0568	0.0861	0.0556	0.0879	0.0875	0.0411	0.1268	0.1027	0.0281	0.2127	0.1337
218	0.0279	0.3619	0.0726	0.0569	0.0868	0.056	0.0879	0.0878	0.0412	0.1276	0.1031	0.0281	0.2132	0.1341
219	0.0275	0.36	0.0731	0.0578	0.0876	0.0559	0.0881	0.0882	0.0416	0.1283	0.1039	0.0281	0.2135	0.1346
220	0.0277	0.3572	0.0742	0.0591	0.0884	0.0562	0.0885	0.0885	0.0419	0.1299	0.1046	0.0282	0.2136	0.1348
221	0.0271	0.3568	0.0746	0.0594	0.0889	0.0561	0.0883	0.0886	0.0421	0.1302	0.1049	0.0281	0.213	0.1349
222	0.027	0.3668	0.0734	0.0584	0.0886	0.0563	0.0888	0.0891	0.0421	0.1305	0.1054	0.0281	0.2125	0.1351
223	0.0271	0.3592	0.0737	0.0588	0.089	0.056	0.0882	0.0891	0.0419	0.1295	0.1052	0.0281	0.2128	0.1354
224	0.0268	0.3628	0.0731	0.0588	0.0887	0.056	0.088	0.0891	0.0418	0.1288	0.105	0.0282	0.2137	0.1357
225	0.0267	0.3606	0.073	0.0587	0.0885	0.0561	0.0882	0.089	0.0418	0.1294	0.105	0.0283	0.2144	0.1358
226	0.0267	0.3721	0.0727	0.058	0.0881	0.0561	0.0881	0.0889	0.0417	0.129	0.1048	0.0284	0.2148	0.1358
227	0.0267	0.3645	0.0729	0.058	0.0881	0.0557	0.0875	0.0886	0.0415	0.1284	0.1045	0.0283	0.2142	0.1356
228	0.0259	0.352	0.0724	0.058	0.0874	0.0561	0.0884	0.0886	0.0415	0.1276	0.1039	0.0284	0.2154	0.1355
229	0.0255	0.3615	0.0721	0.0575	0.0867	0.0557	0.0877	0.0877	0.0412	0.1265	0.1029	0.0283	0.2149	0.1346
230	0.0261	0.3582	0.0723	0.058	0.0865	0.0554	0.0873	0.0873	0.0412	0.1267	0.1027	0.0283	0.2147	0.1343
231	0.0256	0.3645	0.0727	0.0581	0.0869	0.0555	0.0878	0.0875	0.0412	0.1271	0.1029	0.0282	0.214	0.1343
232	0.026	0.3628	0.0721	0.0573	0.0866	0.0552	0.0874	0.0873	0.0412	0.1268	0.1028	0.0282	0.2141	0.1343
233	0.0262	0.3659	0.0719	0.0575	0.0862	0.0553	0.0877	0.0872	0.041	0.1265	0.1025	0.0282	0.2139	0.134
234	0.0256	0.3665	0.0717	0.0572	0.0853	0.0552	0.088	0.0866	0.041	0.127	0.1019	0.0282	0.2132	0.1332
235	0.0259	0.3596	0.0716	0.0565	0.0851	0.0552	0.088	0.0866	0.0411	0.1271	0.102	0.0283	0.2143	0.1335
236	0.0249	0.3592	0.0723	0.0572	0.0856	0.0552	0.0877	0.0865	0.0411	0.1269	0.1019	0.0283	0.2148	0.1336
237	0.0252	0.3608	0.0726	0.0574	0.0863	0.0554	0.0879	0.0871	0.0412	0.1271	0.1025	0.0282	0.214	0.1338
238	0.0251	0.3614	0.0735	0.0579	0.0872	0.0559	0.0886	0.088	0.0414	0.1277	0.1033	0.0283	0.2148	0.1347
239	0.0253	0.3633	0.0739	0.0582	0.0872	0.0558	0.0883	0.0876	0.0416	0.1285	0.1034	0.0283	0.2146	0.1345
240	0.0252	0.3574	0.0737	0.0584	0.087	0.0557	0.0886	0.0875	0.0415	0.1282	0.1031	0.0282	0.2133	0.1339
241	0.0248	0.3662	0.0724	0.0576	0.0857	0.0554	0.088	0.0868	0.0412	0.1273	0.1023	0.0282	0.2132	0.1334
242	0.0251	0.3621	0.072	0.0575	0.0858	0.0554	0.0877	0.0869	0.0414	0.1276	0.1027	0.0282	0.2125	0.1335
243	0.0244	0.3666	0.0733	0.0587	0.0871	0.0557	0.0877	0.0875	0.0415	0.1275	0.1031	0.0284	0.2143	0.1345
244	0.0242	0.3643	0.0727	0.0584	0.0866	0.0561	0.0883	0.0877	0.0414	0.1279	0.1032	0.0283	0.2144	0.1345
245	0.0241	0.3563	0.0727	0.0586	0.0859	0.0559	0.0883	0.0872	0.0415	0.1278	0.1026	0.0284	0.2142	0.134
246	0.0243	0.3576	0.0727	0.0587	0.0858	0.0558	0.088	0.0869	0.0414	0.1272	0.1024	0.0284	0.214	0.1337
247	0.0243	0.3606	0.0727	0.0589	0.0861	0.0557	0.0881	0.087	0.0414	0.1274	0.1024	0.0285	0.2152	0.1342
248	0.0235	0.3602	0.0732	0.0589	0.0867	0.056	0.0885	0.0876	0.0415	0.1276	0.1029	0.0286	0.2151	0.1346
249	0.0241	0.3591	0.0732	0.0588	0.0868	0.056	0.0885	0.0876	0.0419	0.1291	0.1036	0.0285	0.2139	0.1344
250	0.0241	0.3599	0.0721	0.058	0.0859	0.056	0.0883	0.0874	0.0418	0.1285	0.1032	0.0284	0.2133	0.1341
251	0.0238	0.3681	0.0722	0.0581	0.0862	0.0559	0.0885	0.0876	0.0418	0.1284	0.1033	0.0283	0.2134	0.134
252	0.0231	0.3617	0.0722	0.0582	0.086	0.0554	0.0878	0.087	0.0417	0.1287	0.1031	0.0283	0.2129	0.1337
253	0.0236	0.3618	0.0731	0.0587	0.0862	0.0553	0.0875	0.0866	0.0415	0.1286	0.1028	0.0282	0.2116	0.1332
254	0.0235	0.3574	0.0734	0.059	0.0868	0.0555	0.0877	0.0871	0.0417	0.1286	0.1033	0.0282	0.2116	0.1336
255	0.0231	0.3563	0.0729	0.0583	0.0863	0.0556	0.0878	0.0871	0.0416	0.1286	0.1032	0.0283	0.2132	0.134
256	0.0233	0.3588	0.0733	0.0587	0.0873	0.056	0.0885	0.088	0.0417	0.1289	0.1038	0.0283	0.213	0.1345
257	0.0233	0.3615	0.0737	0.0591	0.0876	0.0561	0.0883	0.0882	0.0419	0.1299	0.1043	0.0283	0.2132	0.1347
258	0.0228	0.3638	0.0743	0.0598	0.0885	0.0563	0.0889	0.0889	0.0421	0.1298	0.1049	0.0284	0.214	0.1355
259	0.023	0.3551	0.0736	0.059	0.0874	0.0565	0.0895	0.0886	0.0419	0.1284	0.1039	0.0284	0.2136	0.1348
260	0.023	0.3634	0.0734	0.0587	0.0873	0.0562	0.0886	0.0882	0.0418	0.1283	0.1038	0.0283	0.2128	0.1344
261	0.023	0.3692	0.0738	0.0591	0.087	0.0562	0.0886	0.0878	0.0419	0.1293	0.1037	0.0283	0.2132	0.1343
262	0.0226	0.3617	0.0733	0.0584	0.0867	0.056	0.0879	0.0876	0.0418	0.1282	0.1035	0.0283	0.2131	0.1342
263	0.0227	0.3598	0.0738	0.0589	0.0875	0.0561	0.088	0.088	0.0416	0.1277	0.1036	0.0284	0.2135	0.1346
264	0.0227	0.359	0.0737	0.0591	0.0871	0.0565	0.0888	0.088	0.0418	0.1285	0.1035	0.0284	0.2145	0.1345
265	0.0225	0.3615	0.0725	0.0585	0.0856	0.0561	0.0884	0.087	0.0417	0.1287	0.1029	0.0285	0.2153	0.1341
266	0.0225	0.3618	0.072	0.0578	0.0852	0.056	0.0882	0.0868	0.0417	0.1287	0.1027	0.0285	0.2156	0.1341
267	0.0225	0.3546	0.0719	0.0575	0.0846	0.056	0.0884	0.0864	0.0415	0.128	0.102	0.0285	0.2161	0.1336
268	0.0217	0.3547	0.072	0.0578	0.0849	0.0556	0.0875	0.0863	0.0416	0.1281	0.1023	0.0284	0.2154	0.1336
269	0.0222	0.3642	0.0722	0.0576	0.0852	0.0558	0.0881	0.0867	0.0414	0.1272	0.1022	0.0284	0.2139	0.1336
270	0.0221	0.3609	0.071	0.057	0.0842	0.0553	0.0874	0.086	0.0415	0.1276	0.102	0.0283	0.2138	0.1331
271	0.0216	0.3613	0.0714	0.0575	0.0847	0.0552	0.0873	0.0862	0.0415	0.1281	0.1023	0.0283	0.2135	0.1333
272	0.022	0.3647	0.0716	0.0576	0.0855	0.055	0.0872	0.0866	0.0416	0.1287	0.103	0.0284	0.2147	0.1342
273	0.022	0.3585	0.0718	0.0579	0.0861	0.0553	0.0878	0.0872	0.0415	0.1279	0.1032	0.0285	0.2146	0.1346
274	0.0214	0.357	0.0722	0.0577	0.0865	0.0557	0.0886	0.0878	0.0416	0.1283	0.1035	0.0285	0.2146	0.1348
275	0.0217	0.3608	0.0726	0.058	0.0871	0.0557	0.0885	0.0881	0.0416	0.1278	0.1037	0.0285	0.2149	0.1352
276	0.0213	0.3494	0.0731	0.058	0.0876	0.0563	0.0896	0.089	0.0417	0.1286	0.1043	0.0284	0.2141	0.1354
277	0.0217	0.3604	0.0735	0.0586	0.088	0.0563	0.0898	0.0891	0.0416	0.1281	0.1042	0.0285	0.2152	0.1357
278	0.0214	0.3647	0.0733	0.0589	0.088	0.0562	0.0898	0.089	0.0418	0.1283	0.1043	0.0286	0.2158	0.1359
279	0.0212	0.3663	0.0733	0.0589	0.088	0.056	0.0894	0.0888	0.0416	0.1279	0.104	0.0284	0.2145	0.1354
280	0.0207	0.3602	0.0724	0.0581	0.087	0.0562	0.0899	0.0887	0.0412	0.127	0.1034	0.0285	0.2153	0.1354
281	0.0215	0.363	0.0733	0.0589	0.0876	0.056	0.0897	0.0885	0.0417	0.1286	0.104	0.0286	0.2158	0.1356
282	0.021	0.3647	0.0735	0.0592	0.0873	0.0559	0.0896	0.0882	0.0418	0.1289	0.1038	0.0285	0.2157	0.1353
283	0.0208	0.3494	0.074	0.0596	0.0885	0.0566	0.0902	0.0893	0.0417	0.1285	0.1044	0.0286	0.2158	0.136
284	0.0205	0.361	0.0736	0.0588	0.0881	0.0562	0.0895	0.0889	0.0418	0.1286	0.1044	0.0286	0.2159	0.136
285	0.021	0.3592	0.0734	0.0587	0.0883	0.0561	0.0891	0.0889	0.0419	0.129	0.1047	0.0286	0.2162	0.1362
286	0.0208	0.3595	0.074	0.059	0.089	0.0567	0.0893	0.0895	0.0421	0.1298	0.1053	0.0284	0.2148	0.136
287	0.0206	0.366	0.0739	0.0591	0.0892	0.0564	0.0891	0.0895	0.0418	0.1287	0.1051	0.0285	0.2149	0.1363
288	0.0209	0.3563	0.0739	0.059	0.0896	0.0563	0.0891	0.0898	0.0416	0.1282	0.1051	0.0284	0.2152	0.1365
289	0.0204	0.3579	0.0738	0.0593	0.0894	0.0559	0.089	0.0894	0.0414	0.1275	0.1045	0.0284	0.2146	0.1361
290	0.0204	0.3613	0.0734	0.0588	0.0888	0.0557	0.0887	0.089	0.0415	0.1274	0.1043	0.0284	0.2144	0.1357
291	0.0205	0.3516	0.0729	0.0583	0.0882	0.0555	0.0881	0.0885	0.0415	0.1282	0.1043	0.0283	0.214	0.1354
292	0.0201	0.3641	0.0731	0.0586	0.0885	0.0558	0.0884	0.0889	0.0414	0.1279	0.1043	0.0283	0.2136	0.1355
293	0.0206	0.3629	0.0729	0.059	0.0883	0.0555	0.0881	0.0886	0.0414	0.1284	0.1043	0.0284	0.2141	0.1356
294	0.0206	0.3635	0.0723	0.0587	0.0875	0.0553	0.0879	0.0881	0.0414	0.1278	0.1038	0.0283	0.2145	0.1351
295	0.0202	0.3597	0.0719	0.0583	0.0871	0.0552	0.0879	0.0879	0.0414	0.1278	0.1037	0.0283	0.2137	0.1348
296	0.0199	0.3642	0.0715	0.0576	0.0866	0.0555	0.088	0.0878	0.0411	0.127	0.1031	0.0282	0.2132	0.1344
297	0.0203	0.3546	0.0719	0.0577	0.0866	0.0556	0.0883	0.0878	0.0411	0.1269	0.103	0.0282	0.2133	0.1343
298	0.02	0.356	0.0719	0.0578	0.0866	0.0554	0.0885	0.0878	0.0413	0.128	0.1034	0.0282	0.2134	0.1344
299	0.0198	0.3599	0.0725	0.0581	0.0871	0.0555	0.0882	0.0878	0.0416	0.1289	0.1039	0.0282	0.214	0.1346
300	0.0201	0.3644	0.0734	0.0585	0.0877	0.0561	0.0895	0.0884	0.0418	0.1296	0.1042	0.0284	0.2149	0.1351
301	0.0196	0.3593	0.074	0.0591	0.0883	0.0562	0.0893	0.0886	0.0418	0.1295	0.1044	0.0282	0.2144	0.1351
302	0.0193	0.3553	0.0736	0.0589	0.0879	0.0559	0.0894	0.0884	0.0418	0.1294	0.1042	0.0284	0.2156	0.1353
303	0.0197	0.3607	0.0729	0.0585	0.0871	0.0563	0.0894	0.0884	0.0418	0.1294	0.1041	0.0285	0.2159	0.1353
304	0.0195	0.3635	0.0736	0.0589	0.0879	0.0565	0.0902	0.089	0.042	0.1301	0.1048	0.0286	0.217	0.1361
305	0.0199	0.3593	0.0742	0.0592	0.0888	0.057	0.091	0.09	0.0421	0.1305	0.1055	0.0287	0.2181	0.1371
306	0.0196	0.3576	0.074	0.0589	0.0887	0.0571	0.0915	0.0902	0.0421	0.1306	0.1056	0.0287	0.2185	0.1372
307	0.0195	0.363	0.0742	0.0597	0.089	0.057	0.0915	0.0903	0.0421	0.1308	0.1058	0.0287	0.2181	0.1372
308	0.0191	0.3554	0.0739	0.0595	0.0889	0.0574	0.0922	0.0906	0.0424	0.1318	0.1062	0.0287	0.218	0.1374
309	0.0193	0.3614	0.0744	0.0603	0.0893	0.0574	0.0923	0.0908	0.0423	0.1318	0.1063	0.0286	0.2175	0.1373
310	0.0196	0.3615	0.0748	0.0602	0.0895	0.0574	0.0915	0.0905	0.0422	0.131	0.106	0.0287	0.2183	0.1375
311	0.0192	0.3629	0.0747	0.0599	0.0889	0.0572	0.092	0.0901	0.0419	0.1301	0.1052	0.0287	0.2176	0.1369
312	0.019	0.3635	0.0744	0.0594	0.089	0.057	0.0914	0.0902	0.042	0.1303	0.1056	0.0287	0.2173	0.1371
313	0.0192	0.3576	0.0745	0.0596	0.0894	0.057	0.0914	0.0905	0.0422	0.131	0.1061	0.0286	0.2164	0.1371
314	0.0189	0.3635	0.0741	0.0595	0.089	0.0568	0.0907	0.09	0.0423	0.1309	0.1059	0.0287	0.2166	0.137
315	0.0193	0.3668	0.0741	0.0591	0.0891	0.0568	0.0908	0.0901	0.0422	0.1313	0.1059	0.0287	0.2169	0.1371
316	0.0185	0.3579	0.0742	0.0594	0.0891	0.0565	0.09	0.0896	0.042	0.1313	0.1056	0.0286	0.2166	0.1367
317	0.0191	0.3689	0.0745	0.06	0.0891	0.0564	0.0899	0.0894	0.042	0.1313	0.1055	0.0287	0.2173	0.1367
318	0.0189	0.3632	0.0743	0.0596	0.0887	0.0561	0.0902	0.0892	0.0419	0.131	0.1052	0.0287	0.2173	0.1366
319	0.0188	0.3603	0.0747	0.0601	0.0892	0.0561	0.09	0.0894	0.0417	0.1306	0.1052	0.0287	0.2179	0.137
320	0.0185	0.3617	0.0742	0.0596	0.0887	0.0559	0.0898	0.0891	0.0418	0.13	0.1049	0.0287	0.2174	0.1367
321	0.0191	0.3691	0.0742	0.0599	0.0887	0.0557	0.0894	0.0889	0.0417	0.1298	0.1048	0.0287	0.2176	0.1366
322	0.0187	0.3617	0.0747	0.0603	0.0889	0.0557	0.0892	0.0886	0.0416	0.1295	0.1043	0.0286	0.2169	0.136
323	0.0185	0.3575	0.0744	0.0603	0.0885	0.0558	0.0892	0.0884	0.0414	0.1286	0.1039	0.0285	0.2163	0.1355
324	0.0184	0.359	0.0744	0.0601	0.0886	0.0554	0.0888	0.0883	0.0414	0.1286	0.104	0.0285	0.2167	0.1358
325	0.0182	0.364	0.0742	0.0602	0.0885	0.0558	0.0894	0.0886	0.0416	0.1291	0.1043	0.0284	0.2163	0.1357
326	0.0184	0.3615	0.074	0.0598	0.0884	0.056	0.0899	0.089	0.0417	0.1293	0.1045	0.0284	0.2158	0.1357
327	0.0183	0.3548	0.073	0.059	0.0875	0.0558	0.0896	0.0886	0.0416	0.1284	0.1041	0.0284	0.216	0.1355
328	0.0184	0.3544	0.0735	0.0593	0.088	0.056	0.0896	0.0888	0.0416	0.1285	0.1042	0.0284	0.2162	0.1357
329	0.0185	0.3584	0.0742	0.0592	0.0885	0.0557	0.0886	0.0885	0.0416	0.1285	0.1042	0.0283	0.2154	0.1355
330	0.0182	0.3638	0.0738	0.059	0.0883	0.0561	0.0892	0.0888	0.0417	0.1283	0.1043	0.0283	0.2152	0.1356
331	0.0183	0.3618	0.0733	0.0587	0.0876	0.0558	0.0887	0.0883	0.0419	0.1291	0.1043	0.0283	0.2151	0.1353
332	0.0181	0.3589	0.0728	0.0584	0.0873	0.0558	0.0886	0.0883	0.0417	0.1288	0.1041	0.0284	0.2154	0.1353
333	0.018	0.3621	0.073	0.0584	0.0873	0.0559	0.0887	0.0882	0.0417	0.1288	0.1041	0.0283	0.2151	0.1352
334	0.0179	0.3578	0.0739	0.0596	0.0882	0.0562	0.0898	0.0889	0.0419	0.1293	0.1046	0.0284	0.215	0.1355
335	0.0181	0.3638	0.0737	0.0592	0.0878	0.0563	0.0899	0.0888	0.0419	0.1297	0.1045	0.0283	0.2152	0.1353
336	0.0181	0.3662	0.0735	0.0593	0.0877	0.0563	0.09	0.0887	0.0418	0.1292	0.1043	0.0282	0.2145	0.135
337	0.0183	0.3668	0.0727	0.0584	0.087	0.0563	0.09	0.0885	0.0418	0.1286	0.1039	0.0282	0.2138	0.1346
338	0.0178	0.3588	0.0735	0.0587	0.0876	0.0565	0.0904	0.0889	0.0421	0.1298	0.1046	0.0283	0.2144	0.135
339	0.0182	0.3575	0.0743	0.0591	0.0882	0.0568	0.0911	0.0894	0.0422	0.1302	0.1049	0.0284	0.2153	0.1355
340	0.0178	0.3577	0.0745	0.0597	0.0884	0.0568	0.0905	0.0891	0.0422	0.1299	0.1047	0.0285	0.2153	0.1355
341	0.0177	0.3595	0.0746	0.06	0.0883	0.0565	0.0901	0.0888	0.0422	0.1305	0.1047	0.0285	0.2157	0.1355
342	0.0184	0.362	0.0747	0.0601	0.0882	0.0567	0.0902	0.0888	0.0423	0.1309	0.1048	0.0285	0.2153	0.1354
343	0.0177	0.3575	0.0749	0.0607	0.0885	0.0568	0.0905	0.0889	0.0421	0.1306	0.1046	0.0285	0.2152	0.1354
344	0.0177	0.3636	0.0751	0.0607	0.0889	0.057	0.0903	0.0892	0.042	0.1303	0.1048	0.0285	0.2149	0.1356
345	0.0178	0.357	0.0754	0.0608	0.0894	0.0567	0.0898	0.0893	0.0422	0.1304	0.1052	0.0284	0.2132	0.1355
346	0.0173	0.3529	0.0753	0.0609	0.0892	0.0569	0.09	0.0892	0.0423	0.1309	0.1052	0.0285	0.2142	0.1357
347	0.018	0.3645	0.0745	0.0597	0.088	0.0569	0.0899	0.0888	0.0422	0.1309	0.1048	0.0285	0.2149	0.1354
348	0.018	0.3646	0.074	0.0598	0.0876	0.0568	0.0905	0.0889	0.0423	0.1313	0.1049	0.0285	0.2158	0.1356
349	0.0171	0.3599	0.0743	0.0602	0.0879	0.0564	0.09	0.0886	0.0425	0.132	0.1051	0.0286	0.2164	0.1358
350	0.0174	0.3583	0.0733	0.0593	0.0868	0.0564	0.0897	0.0882	0.0425	0.1319	0.1048	0.0286	0.2169	0.1355
351	0.0177	0.3549	0.0734	0.0594	0.0868	0.056	0.0889	0.0877	0.0423	0.1306	0.1043	0.0286	0.2171	0.1355
352	0.0175	0.3588	0.074	0.0599	0.0872	0.0566	0.0899	0.0882	0.0424	0.1309	0.1044	0.0287	0.2171	0.1356
353	0.0175	0.3594	0.0745	0.0604	0.0882	0.0568	0.0899	0.0889	0.0424	0.131	0.1051	0.0288	0.2181	0.1365
354	0.0176	0.3625	0.0756	0.061	0.0892	0.057	0.0905	0.0895	0.0424	0.1313	0.1054	0.0289	0.2189	0.1371
355	0.0172	0.3648	0.0746	0.06	0.0887	0.0573	0.0911	0.0898	0.0423	0.1308	0.1054	0.0289	0.2184	0.1371
356	0.0177	0.366	0.0748	0.0604	0.0893	0.0574	0.0911	0.0902	0.0422	0.1304	0.1056	0.0288	0.2188	0.1375
357	0.0173	0.3631	0.0747	0.0602	0.0892	0.0568	0.09	0.0896	0.042	0.1305	0.1054	0.0288	0.2183	0.1373
358	0.0175	0.3619	0.074	0.059	0.0885	0.0566	0.09	0.0894	0.0422	0.1313	0.1056	0.0288	0.2191	0.1373
359	0.0172	0.3693	0.074	0.0592	0.0886	0.0566	0.0905	0.0896	0.0421	0.1312	0.1056	0.0288	0.2194	0.1375
360	0.0172	0.3698	0.0743	0.0598	0.0894	0.057	0.0909	0.0903	0.0421	0.1315	0.1061	0.0288	0.2186	0.1378
361	0.0174	0.3623	0.0745	0.0596	0.0894	0.0568	0.0902	0.09	0.0421	0.1314	0.106	0.0287	0.2181	0.1375
362	0.0172	0.3734	0.074	0.059	0.0889	0.0566	0.0895	0.0897	0.0423	0.1315	0.106	0.0288	0.2182	0.1375
363	0.0172	0.3602	0.0745	0.0593	0.0893	0.0563	0.0895	0.0895	0.0422	0.1314	0.1059	0.0288	0.2184	0.1375
364	0.0173	0.3662	0.0748	0.0599	0.0897	0.0567	0.0901	0.09	0.0423	0.1316	0.1062	0.0287	0.2181	0.1375
365	0.0172	0.3611	0.0743	0.0596	0.089	0.0564	0.0901	0.0895	0.0423	0.1313	0.1058	0.0288	0.218	0.1373
366	0.0167	0.3599	0.0746	0.0603	0.0889	0.0562	0.0894	0.0888	0.0422	0.1311	0.1052	0.0288	0.2172	0.1365
367	0.017	0.3603	0.0749	0.0606	0.0889	0.0561	0.0895	0.0887	0.0423	0.131	0.1051	0.0287	0.2173	0.1363
368	0.0169	0.3638	0.0752	0.0609	0.0893	0.0563	0.0897	0.089	0.0422	0.131	0.1052	0.0286	0.2165	0.1362
369	0.0171	0.3613	0.0747	0.0606	0.0889	0.0562	0.0893	0.0887	0.042	0.1301	0.1048	0.0287	0.2168	0.1362
370	0.0167	0.3592	0.0742	0.0601	0.0887	0.0563	0.0897	0.089	0.0421	0.1304	0.105	0.0288	0.2176	0.1366
371	0.0166	0.3641	0.0747	0.0603	0.0889	0.0566	0.0903	0.0892	0.042	0.1299	0.1048	0.0288	0.2186	0.1368
372	0.0173	0.3605	0.0747	0.0606	0.089	0.0566	0.0898	0.0892	0.0422	0.1309	0.1052	0.0287	0.2176	0.1366
373	0.0171	0.36	0.0747	0.0604	0.0888	0.0566	0.0897	0.089	0.042	0.1305	0.1049	0.0286	0.2168	0.1362
374	0.017	0.3614	0.0738	0.0593	0.0878	0.0567	0.0903	0.089	0.0421	0.1304	0.1048	0.0286	0.2164	0.136
375	0.0167	0.3657	0.0748	0.0601	0.0885	0.0575	0.0913	0.0897	0.0422	0.1303	0.1049	0.0286	0.2174	0.1363
376	0.0167	0.3637	0.0754	0.0602	0.0891	0.0572	0.0907	0.0895	0.0419	0.1297	0.1047	0.0286	0.2168	0.1362
377	0.017	0.3539	0.0749	0.0604	0.0889	0.0569	0.0904	0.0893	0.042	0.1302	0.1049	0.0285	0.216	0.136
378	0.0169	0.3668	0.0747	0.06	0.0888	0.0571	0.091	0.0896	0.0421	0.1303	0.105	0.0285	0.216	0.1361
379	0.0168	0.3626	0.0749	0.06	0.0891	0.0575	0.0916	0.0902	0.0422	0.1307	0.1055	0.0285	0.2157	0.1364
380	0.0167	0.3734	0.0747	0.0601	0.0892	0.0574	0.0914	0.0902	0.0423	0.1307	0.1057	0.0287	0.2167	0.1368
381	0.0168	0.3662	0.0754	0.0607	0.0894	0.0576	0.0918	0.0903	0.0422	0.1306	0.1055	0.0285	0.2155	0.1363
382	0.0165	0.3607	0.0757	0.0611	0.0898	0.0574	0.0913	0.0902	0.0421	0.1304	0.1055	0.0285	0.2153	0.1364
383	0.0173	0.3639	0.0758	0.061	0.0899	0.0577	0.0918	0.0905	0.0425	0.1312	0.106	0.0285	0.2147	0.1364
384	0.0164	0.3667	0.0752	0.06	0.0893	0.0577	0.0919	0.0905	0.0425	0.1316	0.1061	0.0285	0.2152	0.1365
385	0.0167	0.3612	0.0751	0.0599	0.0892	0.0577	0.0922	0.0905	0.0422	0.1308	0.1057	0.0286	0.2157	0.1366
386	0.017	0.3638	0.0742	0.0592	0.0881	0.0574	0.0917	0.0898	0.0422	0.1305	0.105	0.0286	0.2166	0.1362
387	0.0165	0.3525	0.0739	0.0588	0.0877	0.0573	0.0918	0.0896	0.0421	0.13	0.1048	0.0286	0.2162	0.136
388	0.0166	0.3624	0.0738	0.059	0.0878	0.0573	0.0915	0.0896	0.0424	0.1308	0.1051	0.0287	0.2163	0.1361
389	0.016	0.3521	0.0735	0.0593	0.0876	0.0567	0.0907	0.0891	0.0422	0.1306	0.1049	0.0286	0.2165	0.136
390	0.0167	0.3587	0.0734	0.0594	0.0871	0.0569	0.0908	0.0889	0.0422	0.1308	0.1045	0.0287	0.2167	0.1357
391	0.0165	0.3595	0.0729	0.0584	0.0864	0.0571	0.0907	0.0887	0.042	0.1303	0.1041	0.0286	0.2152	0.135
392	0.0163	0.3633	0.0726	0.0585	0.0861	0.0569	0.0899	0.0883	0.0419	0.13	0.1038	0.0284	0.2136	0.1343
393	0.0166	0.3562	0.0729	0.0588	0.0865	0.0568	0.0899	0.0884	0.0418	0.1292	0.1037	0.0283	0.2137	0.1344
394	0.0163	0.3576	0.0728	0.0586	0.0862	0.0565	0.0899	0.088	0.0415	0.1285	0.1032	0.0283	0.2132	0.134
395	0.0162	0.3644	0.0721	0.0582	0.0857	0.0568	0.0903	0.0882	0.0417	0.1289	0.1033	0.0283	0.2135	0.134
396	0.0166	0.3584	0.0714	0.0577	0.0852	0.0565	0.0899	0.0879	0.0415	0.1286	0.1032	0.0282	0.2133	0.1339
397	0.0162	0.3602	0.0712	0.0576	0.0853	0.0568	0.0904	0.0884	0.0416	0.1295	0.1037	0.0283	0.2138	0.1343
398	0.0164	0.3565	0.0718	0.0582	0.0856	0.0567	0.0899	0.0881	0.0416	0.1295	0.1035	0.0284	0.2147	0.1345
399	0.0161	0.3598	0.0723	0.0583	0.086	0.057	0.0908	0.0886	0.0416	0.1297	0.1037	0.0284	0.2152	0.1348
400	0.0162	0.357	0.0731	0.059	0.0865	0.0575	0.0915	0.089	0.0417	0.1299	0.1038	0.0285	0.216	0.1351
401	0.0164	0.3606	0.0733	0.059	0.0864	0.0575	0.0915	0.0888	0.0418	0.1296	0.1036	0.0285	0.2161	0.1349
402	0.0157	0.3563	0.0733	0.0593	0.0866	0.0574	0.0913	0.0888	0.0422	0.1313	0.1044	0.0285	0.2152	0.135
403	0.0165	0.3608	0.0736	0.0597	0.0869	0.0576	0.0918	0.0891	0.0425	0.1322	0.1049	0.0285	0.2156	0.1352
404	0.0158	0.3689	0.074	0.0598	0.0873	0.0573	0.0914	0.089	0.0421	0.1309	0.1044	0.0285	0.2157	0.1353
405	0.0163	0.3589	0.0746	0.0602	0.0885	0.0576	0.0918	0.09	0.0422	0.1312	0.1053	0.0285	0.2154	0.136
406	0.0164	0.3588	0.0746	0.06	0.0889	0.0579	0.092	0.0906	0.0422	0.1313	0.1058	0.0285	0.2153	0.1364
407	0.0162	0.3645	0.0749	0.0601	0.0895	0.0581	0.0922	0.0911	0.0426	0.1323	0.1065	0.0286	0.2161	0.137
408	0.0161	0.3647	0.0756	0.0606	0.0898	0.0579	0.0916	0.0906	0.0423	0.1312	0.1059	0.0285	0.2157	0.1367
409	0.0161	0.3598	0.0759	0.0609	0.0903	0.0578	0.0915	0.0908	0.0425	0.1314	0.1063	0.0285	0.2155	0.1369
410	0.0158	0.362	0.0755	0.0609	0.0898	0.0582	0.092	0.0909	0.0426	0.1319	0.1064	0.0285	0.2158	0.1369
411	0.0163	0.3599	0.0751	0.0607	0.0895	0.0582	0.0919	0.0909	0.0428	0.1322	0.1066	0.0285	0.216	0.137
412	0.0162	0.3627	0.075	0.0601	0.0894	0.058	0.0918	0.0909	0.0428	0.1328	0.1068	0.0285	0.2161	0.137
413	0.0158	0.3639	0.0746	0.0598	0.0889	0.058	0.0918	0.0907	0.0427	0.1322	0.1064	0.0284	0.2154	0.1366
414	0.0158	0.3692	0.0747	0.06	0.089	0.0578	0.0918	0.0905	0.0425	0.131	0.1059	0.0284	0.2157	0.1365
415	0.0164	0.3652	0.0753	0.0608	0.0892	0.0579	0.0919	0.0904	0.0424	0.131	0.1058	0.0285	0.2162	0.1365
416	0.0161	0.3644	0.0752	0.0608	0.0891	0.058	0.0922	0.0904	0.0424	0.1309	0.1056	0.0286	0.2169	0.1367
417	0.0157	0.3609	0.0747	0.0606	0.0889	0.0576	0.0917	0.0902	0.0423	0.1307	0.1056	0.0287	0.2173	0.1368
418	0.0161	0.3691	0.0752	0.0605	0.0892	0.0577	0.0915	0.0903	0.0423	0.1305	0.1056	0.0287	0.2175	0.137
419	0.0158	0.3612	0.0754	0.061	0.0898	0.0578	0.0918	0.0907	0.0423	0.1309	0.106	0.0287	0.2173	0.1373
420	0.0159	0.3594	0.0756	0.0608	0.0899	0.0582	0.0925	0.0912	0.0426	0.132	0.1066	0.0287	0.2166	0.1374
421	0.016	0.3631	0.0749	0.0597	0.0892	0.0576	0.0913	0.0905	0.0423	0.1309	0.1059	0.0285	0.2159	0.1368
422	0.0156	0.364	0.0744	0.06	0.0889	0.0572	0.0911	0.0901	0.042	0.1301	0.1055	0.0286	0.2161	0.1367
423	0.0158	0.3599	0.0741	0.0598	0.0888	0.057	0.0907	0.09	0.0421	0.1304	0.1056	0.0287	0.2169	0.1369
424	0.0158	0.367	0.0738	0.0597	0.0882	0.0571	0.0909	0.0897	0.0418	0.1294	0.1048	0.0287	0.2165	0.1365
425	0.0158	0.3581	0.0736	0.0591	0.0879	0.0567	0.0902	0.0892	0.0419	0.1298	0.1047	0.0287	0.2166	0.1363
426	0.0154	0.3535	0.074	0.0596	0.088	0.0563	0.0894	0.0885	0.0419	0.1294	0.1044	0.0288	0.2176	0.1363
427	0.0153	0.3622	0.0741	0.0597	0.0881	0.0562	0.0892	0.0885	0.0422	0.1304	0.1048	0.0288	0.2179	0.1365
428	0.0163	0.3563	0.0745	0.0601	0.088	0.0556	0.0885	0.0878	0.0422	0.1306	0.1045	0.0288	0.2173	0.136
429	0.0154	0.3616	0.0744	0.0597	0.0874	0.0559	0.0888	0.0876	0.0421	0.1301	0.104	0.0287	0.2165	0.1354
430	0.0159	0.3618	0.0736	0.0587	0.0868	0.0566	0.0899	0.0883	0.0423	0.1307	0.1044	0.0287	0.2164	0.1355
431	0.0157	0.3592	0.0736	0.0589	0.0872	0.0566	0.0902	0.0887	0.0422	0.1309	0.1047	0.0287	0.2161	0.1358
432	0.0162	0.366	0.0742	0.0596	0.0879	0.0565	0.0904	0.0889	0.0421	0.13	0.1047	0.0287	0.217	0.1363
433	0.0155	0.3549	0.0747	0.0596	0.0884	0.0569	0.0908	0.0894	0.0419	0.1296	0.1047	0.0287	0.217	0.1364
434	0.0156	0.3661	0.0743	0.0595	0.0879	0.0567	0.0906	0.0891	0.0418	0.129	0.1043	0.0287	0.2165	0.136
435	0.0157	0.3596	0.0739	0.0596	0.0877	0.0566	0.09	0.0888	0.0418	0.1293	0.1043	0.0287	0.2169	0.136
436	0.0161	0.369	0.0743	0.0597	0.0881	0.0566	0.0897	0.0889	0.042	0.1301	0.1047	0.0287	0.2168	0.1362
437	0.0158	0.3737	0.075	0.0601	0.089	0.0569	0.0902	0.0895	0.0419	0.1303	0.1051	0.0287	0.2167	0.1366
438	0.0156	0.3679	0.0751	0.0597	0.0892	0.0571	0.0904	0.0899	0.0421	0.1306	0.1055	0.0288	0.2174	0.1371
439	0.0161	0.3556	0.0753	0.0601	0.0893	0.0573	0.091	0.0901	0.0422	0.1312	0.1057	0.0288	0.2174	0.1371
440	0.0155	0.3704	0.0755	0.0609	0.0898	0.0574	0.091	0.0903	0.0422	0.1312	0.1059	0.0287	0.2164	0.137
441	0.0156	0.3632	0.0748	0.0607	0.0892	0.057	0.0908	0.0899	0.042	0.1309	0.1055	0.0286	0.215	0.1362
442	0.0157	0.3653	0.0748	0.0608	0.0893	0.0572	0.0911	0.09	0.042	0.1302	0.1052	0.0285	0.2148	0.1361
443	0.0156	0.3615	0.0757	0.0613	0.0901	0.0575	0.0913	0.0904	0.042	0.1309	0.1057	0.0285	0.2147	0.1363
444	0.0155	0.3693	0.0761	0.0614	0.0908	0.0574	0.0909	0.0908	0.0421	0.1307	0.1061	0.0285	0.2154	0.137
445	0.0154	0.3642	0.0763	0.0616	0.0904	0.0577	0.0908	0.0905	0.0421	0.1314	0.1059	0.0286	0.216	0.1368
446	0.0154	0.3592	0.0769	0.0622	0.0911	0.0574	0.0907	0.0905	0.0422	0.1312	0.1061	0.0287	0.2166	0.1372
447	0.0154	0.3659	0.0764	0.0617	0.0908	0.0574	0.0906	0.0905	0.0422	0.1311	0.106	0.0286	0.2162	0.137
448	0.0153	0.3566	0.0762	0.0615	0.0904	0.0571	0.0899	0.0899	0.0424	0.1307	0.1058	0.0287	0.2164	0.1368
449	0.0157	0.3677	0.0757	0.0613	0.0899	0.0568	0.0896	0.0896	0.0424	0.1312	0.1058	0.0286	0.2165	0.1367
450	0.0155	0.3617	0.076	0.0617	0.0901	0.0572	0.0903	0.09	0.0424	0.1313	0.106	0.0286	0.2159	0.1367
451	0.0161	0.3621	0.0763	0.062	0.0903	0.0571	0.0904	0.09	0.0422	0.1309	0.1058	0.0286	0.2159	0.1367
452	0.0155	0.3588	0.0763	0.0622	0.0905	0.0575	0.0913	0.0906	0.0425	0.1318	0.1063	0.0286	0.2159	0.1369
453	0.0156	0.3656	0.0767	0.0626	0.091	0.0575	0.0914	0.0907	0.0426	0.1323	0.1066	0.0287	0.2167	0.1373
454	0.0155	0.3668	0.0766	0.0624	0.0912	0.0577	0.0919	0.0912	0.0425	0.1321	0.1068	0.0287	0.2177	0.1378
455	0.0153	0.3527	0.077	0.0624	0.0915	0.0579	0.092	0.0914	0.0427	0.1324	0.1071	0.0287	0.2181	0.1381
456	0.0151	0.3545	0.0776	0.0626	0.0917	0.0577	0.0917	0.0911	0.0429	0.1329	0.1072	0.0287	0.2183	0.138
457	0.0157	0.358	0.0774	0.0625	0.0915	0.0576	0.0913	0.0909	0.0426	0.1325	0.1069	0.0287	0.218	0.1379
458	0.0154	0.3712	0.0767	0.0621	0.0912	0.0576	0.0916	0.0911	0.0425	0.1318	0.1068	0.0287	0.2175	0.1378
459	0.0154	0.3677	0.0756	0.0612	0.0899	0.0573	0.0915	0.0903	0.0424	0.1317	0.1061	0.0285	0.2164	0.1368
460	0.0155	0.3545	0.0752	0.0609	0.0893	0.0574	0.0913	0.0899	0.0423	0.1313	0.1055	0.0284	0.2149	0.1359
461	0.0154	0.368	0.0758	0.0611	0.0896	0.0577	0.091	0.09	0.0426	0.1322	0.106	0.0286	0.2158	0.1364
462	0.0158	0.3583	0.0758	0.0613	0.0895	0.0578	0.0916	0.0901	0.0424	0.1314	0.1056	0.0287	0.2158	0.1364
463	0.0151	0.3637	0.0752	0.0607	0.0893	0.0579	0.0915	0.0903	0.0425	0.1315	0.1059	0.0287	0.2166	0.1368
464	0.0154	0.3751	0.0754	0.0604	0.0896	0.0577	0.0917	0.0905	0.0423	0.1308	0.1058	0.0288	0.217	0.1371
465	0.015	0.3608	0.0753	0.0607	0.09	0.0579	0.0916	0.0909	0.0424	0.1313	0.1063	0.0287	0.2167	0.1374
466	0.0158	0.37	0.0751	0.0607	0.0895	0.0577	0.0914	0.0905	0.0423	0.1308	0.1059	0.0287	0.2169	0.1371
467	0.0151	0.3661	0.0752	0.0608	0.0899	0.058	0.0919	0.0909	0.0424	0.1314	0.1062	0.0287	0.2169	0.1373
468	0.0153	0.3629	0.0754	0.0604	0.0896	0.0579	0.0918	0.0905	0.0424	0.1314	0.1059	0.0286	0.216	0.1367
469	0.0154	0.3639	0.0747	0.0603	0.0892	0.0578	0.0913	0.0904	0.0423	0.1311	0.1058	0.0285	0.2157	0.1366
470	0.0151	0.3632	0.0749	0.0603	0.0893	0.0576	0.0909	0.0902	0.0423	0.1313	0.1059	0.0287	0.2171	0.137
471	0.0152	0.3636	0.0752	0.0606	0.0896	0.0582	0.0918	0.0908	0.0422	0.131	0.1059	0.0286	0.2163	0.1369
472	0.0156	0.361	0.0755	0.0611	0.09	0.0581	0.0917	0.0908	0.0421	0.1303	0.1057	0.0286	0.2161	0.1369
473	0.015	0.3579	0.0756	0.0611	0.0898	0.058	0.0915	0.0905	0.0421	0.1305	0.1055	0.0287	0.2166	0.1367
474	0.0151	0.3652	0.075	0.0608	0.0891	0.0578	0.0911	0.09	0.0419	0.1305	0.1051	0.0285	0.2161	0.1361
475	0.015	0.3706	0.0745	0.0608	0.0884	0.0576	0.091	0.0896	0.0419	0.1308	0.1048	0.0284	0.2152	0.1355
476	0.015	0.363	0.0743	0.061	0.0879	0.057	0.0897	0.0885	0.0421	0.1312	0.1045	0.0284	0.2155	0.135
477	0.0151	0.3708	0.0744	0.0611	0.0878	0.0572	0.0902	0.0885	0.0421	0.1313	0.1044	0.0284	0.2158	0.135
478	0.015	0.3641	0.0739	0.0606	0.0871	0.057	0.0903	0.0882	0.0421	0.1309	0.1039	0.0284	0.2157	0.1346
479	0.0154	0.3562	0.074	0.06	0.087	0.0569	0.09	0.0879	0.0421	0.1307	0.1036	0.0284	0.2153	0.1342
480	0.0149	0.3659	0.0743	0.0602	0.0877	0.0566	0.0897	0.0882	0.0421	0.1303	0.104	0.0283	0.2151	0.1345
481	0.0152	0.3634	0.0739	0.06	0.0876	0.0566	0.0895	0.0882	0.0418	0.1293	0.1037	0.0283	0.2152	0.1346
482	0.0149	0.3635	0.0733	0.0592	0.0872	0.0566	0.0895	0.0882	0.0416	0.1289	0.1035	0.0284	0.2159	0.1348
483	0.015	0.3588	0.0735	0.0592	0.0876	0.0565	0.0894	0.0884	0.0418	0.1295	0.1041	0.0283	0.2155	0.135
484	0.0151	0.3626	0.0736	0.0592	0.0875	0.0568	0.0901	0.0887	0.0418	0.1297	0.1042	0.0284	0.2156	0.1352
485	0.0154	0.3608	0.074	0.0595	0.0878	0.0567	0.0903	0.0888	0.042	0.1304	0.1045	0.0285	0.2162	0.1355
486	0.0146	0.3634	0.0738	0.0589	0.0876	0.0565	0.0899	0.0885	0.042	0.1303	0.1044	0.0285	0.2158	0.1353
487	0.0154	0.3684	0.074	0.0593	0.0879	0.0566	0.0896	0.0887	0.0419	0.1299	0.1045	0.0285	0.2167	0.1357
488	0.0151	0.3654	0.0742	0.0596	0.0883	0.0568	0.09	0.089	0.0419	0.1298	0.1046	0.0286	0.217	0.1359
489	0.0152	0.3716	0.0745	0.0597	0.0884	0.0567	0.0899	0.0889	0.0416	0.1288	0.104	0.0285	0.2164	0.1355
490	0.015	0.369	0.0742	0.0599	0.088	0.0567	0.0899	0.0886	0.0416	0.1294	0.104	0.0284	0.2167	0.1354
491	0.0152	0.3674	0.0742	0.0598	0.0882	0.057	0.0904	0.0892	0.0416	0.1296	0.1043	0.0284	0.2163	0.1356
492	0.0149	0.3632	0.0747	0.06	0.0883	0.0572	0.0909	0.0893	0.0417	0.1298	0.1043	0.0284	0.2161	0.1355
493	0.0153	0.3662	0.0742	0.0601	0.0886	0.0575	0.0919	0.0901	0.042	0.1309	0.1051	0.0286	0.2172	0.1364
494	0.0151	0.3702	0.0754	0.0612	0.0894	0.0578	0.0919	0.0903	0.042	0.1311	0.1054	0.0287	0.2187	0.1369
495	0.0149	0.3679	0.0758	0.0612	0.0895	0.0579	0.092	0.0902	0.042	0.1311	0.1053	0.0287	0.2184	0.1369
496	0.0153	0.3706	0.0754	0.0611	0.0894	0.0578	0.0921	0.0903	0.0421	0.1315	0.1056	0.0287	0.2186	0.1371
497	0.0152	0.3669	0.0746	0.0601	0.0887	0.0582	0.0921	0.0905	0.042	0.1318	0.1056	0.0286	0.2175	0.1367
498	0.0149	0.3647	0.0746	0.06	0.0886	0.0578	0.0924	0.0903	0.042	0.1313	0.1054	0.0286	0.217	0.1365
499	0.0151	0.365	0.0748	0.0607	0.0884	0.0577	0.0923	0.09	0.0421	0.131	0.105	0.0286	0.2176	0.1364
500	0.0154	0.3622	0.0747	0.0605	0.0886	0.0577	0.0923	0.0902	0.0422	0.1313	0.1054	0.0285	0.2166	0.1363
