{"n_layers": 1, "device": "cuda", "batch_size": 2048, "embedding_dim": 128, "learning_rate": 0.001, "dataset": "dbbook", "epochs": 150, "model": "ef-mmlgcn", "fusion": "max", "top_k": [5, 10, 20, 50], "seed": 19, "multimodal": true}
Epoch	Loss	Precision@5	Recall@5	NDCG@5	Precision@10	Recall@10	NDCG@10	Precision@20	Recall@20	NDCG@20	Precision@50	Recall@50	NDCG@50
1	0.6924	0.0051	0.0044	0.0054	0.0042	0.0068	0.0058	0.0039	0.0116	0.008	0.0034	0.0253	0.0129
2	0.6895	0.0227	0.0176	0.0264	0.0173	0.0261	0.0263	0.0125	0.037	0.0308	0.0084	0.0633	0.04
3	0.6854	0.0424	0.0315	0.0484	0.0324	0.0474	0.048	0.0235	0.0694	0.0566	0.0148	0.1096	0.071
4	0.6792	0.0488	0.0359	0.0544	0.039	0.0568	0.0559	0.0294	0.0852	0.0673	0.0195	0.1413	0.0878
5	0.6694	0.0495	0.0362	0.0536	0.0404	0.0588	0.0561	0.031	0.0887	0.0683	0.0218	0.1559	0.0931
6	0.6550	0.0468	0.0345	0.0504	0.0391	0.0566	0.0536	0.0309	0.0886	0.0667	0.0229	0.1619	0.094
7	0.6346	0.0446	0.0328	0.0476	0.0374	0.0542	0.0507	0.0305	0.0865	0.0643	0.0233	0.1651	0.0932
8	0.6081	0.0423	0.031	0.045	0.0356	0.052	0.0483	0.0298	0.0842	0.062	0.0232	0.1636	0.0913
9	0.5765	0.0405	0.0301	0.0429	0.0343	0.05	0.0461	0.0296	0.0835	0.0604	0.0229	0.1609	0.0891
10	0.5421	0.0387	0.0287	0.0413	0.0334	0.0487	0.0448	0.029	0.0817	0.059	0.0228	0.1596	0.0878
11	0.5048	0.0373	0.0275	0.0397	0.0328	0.0478	0.0437	0.0287	0.0805	0.0579	0.0226	0.1582	0.0865
12	0.4697	0.0365	0.0266	0.0383	0.0324	0.0472	0.0426	0.0285	0.0799	0.0568	0.0224	0.1566	0.0851
13	0.4360	0.0359	0.0261	0.0377	0.032	0.0463	0.042	0.0284	0.0796	0.0564	0.0223	0.1559	0.0845
14	0.4045	0.0353	0.0257	0.0371	0.0321	0.0464	0.0418	0.0283	0.0792	0.0559	0.0221	0.1551	0.0839
15	0.3773	0.0354	0.0256	0.0372	0.0319	0.0459	0.0417	0.0282	0.079	0.0559	0.0222	0.1556	0.0841
16	0.3520	0.0355	0.0256	0.0372	0.032	0.0458	0.0416	0.0283	0.0795	0.056	0.0223	0.156	0.0842
17	0.3313	0.0353	0.0255	0.0371	0.032	0.0455	0.0416	0.0284	0.0792	0.056	0.0224	0.1568	0.0845
18	0.3108	0.0364	0.0262	0.038	0.0322	0.0457	0.0419	0.0283	0.0792	0.0562	0.0224	0.157	0.0848
19	0.2925	0.0368	0.0266	0.0381	0.0323	0.0459	0.0419	0.0284	0.0794	0.0562	0.0224	0.1569	0.0848
20	0.2793	0.0372	0.0269	0.0384	0.0326	0.0461	0.0421	0.0285	0.0795	0.0565	0.0225	0.1574	0.0851
21	0.2641	0.0373	0.0269	0.0385	0.0328	0.0464	0.0424	0.0286	0.0799	0.0568	0.0226	0.1583	0.0856
22	0.2511	0.0377	0.0272	0.039	0.0332	0.047	0.0429	0.0288	0.0806	0.0573	0.0228	0.1597	0.0863
23	0.2378	0.0383	0.0277	0.0393	0.0335	0.0479	0.0433	0.0289	0.0809	0.0575	0.0229	0.161	0.0869
24	0.2294	0.0389	0.0281	0.0398	0.0336	0.0482	0.0436	0.0291	0.0816	0.0579	0.0231	0.1623	0.0876
25	0.2186	0.0391	0.0284	0.0402	0.0341	0.049	0.0441	0.0293	0.0824	0.0585	0.0232	0.1629	0.0881
26	0.2087	0.0395	0.0285	0.0406	0.0344	0.0492	0.0445	0.0296	0.0833	0.0591	0.0234	0.1635	0.0887
27	0.2017	0.0396	0.0289	0.0408	0.0348	0.0498	0.045	0.0297	0.0838	0.0595	0.0235	0.1647	0.0893
28	0.1936	0.0402	0.0291	0.0413	0.0349	0.05	0.0453	0.03	0.0844	0.0601	0.0236	0.1656	0.0899
29	0.1865	0.0408	0.0295	0.0423	0.0351	0.0503	0.046	0.0302	0.0852	0.061	0.0237	0.1663	0.0908
30	0.1789	0.0414	0.0298	0.0425	0.0354	0.0506	0.0462	0.0303	0.0861	0.0612	0.0238	0.1673	0.0912
31	0.1743	0.0419	0.0303	0.0429	0.0359	0.0511	0.0467	0.0306	0.0867	0.0617	0.024	0.1684	0.0919
32	0.1672	0.0424	0.0309	0.0435	0.0361	0.0517	0.0471	0.0307	0.0869	0.0621	0.0241	0.1694	0.0925
33	0.1619	0.0424	0.0309	0.0436	0.0364	0.0524	0.0475	0.0309	0.0875	0.0624	0.0242	0.1704	0.093
34	0.1519	0.0427	0.031	0.0437	0.0366	0.0529	0.0477	0.0311	0.0881	0.0628	0.0243	0.1717	0.0935
35	0.1474	0.0432	0.0315	0.0441	0.0369	0.0535	0.0481	0.0313	0.0887	0.0631	0.0245	0.1728	0.094
36	0.1443	0.043	0.0313	0.0439	0.037	0.0537	0.0482	0.0316	0.0896	0.0636	0.0246	0.1735	0.0944
37	0.1381	0.0432	0.0315	0.044	0.0372	0.0538	0.0484	0.032	0.0907	0.0641	0.0247	0.1753	0.0951
38	0.1336	0.0432	0.0312	0.0441	0.0374	0.0542	0.0487	0.032	0.0913	0.0645	0.0249	0.1769	0.0958
39	0.1311	0.0437	0.0315	0.0445	0.0377	0.0549	0.0492	0.0322	0.0916	0.0649	0.0249	0.1769	0.0961
40	0.1283	0.0437	0.0318	0.0446	0.038	0.0554	0.0496	0.0324	0.0923	0.0653	0.025	0.1783	0.0967
41	0.1263	0.044	0.0323	0.045	0.0384	0.0562	0.0501	0.0327	0.0932	0.0659	0.0251	0.1793	0.0973
42	0.1210	0.0447	0.0329	0.0456	0.0387	0.057	0.0506	0.033	0.0938	0.0664	0.0253	0.1809	0.0981
43	0.1168	0.0449	0.0331	0.046	0.039	0.0573	0.051	0.0332	0.0944	0.067	0.0254	0.1821	0.0988
44	0.1131	0.0453	0.0337	0.0465	0.0391	0.0575	0.0513	0.0333	0.0947	0.0674	0.0256	0.1831	0.0995
45	0.1112	0.0454	0.0339	0.0468	0.0393	0.0577	0.0517	0.0335	0.0953	0.0679	0.0256	0.1837	0.1
46	0.1075	0.0461	0.0344	0.0473	0.0397	0.0581	0.0521	0.0337	0.0961	0.0683	0.0258	0.1846	0.1005
47	0.1054	0.0461	0.0345	0.0476	0.0398	0.0583	0.0524	0.0338	0.0967	0.0687	0.0259	0.1856	0.101
48	0.1023	0.0461	0.0345	0.0478	0.0401	0.0588	0.0528	0.034	0.0974	0.0692	0.0259	0.1856	0.1013
49	0.0986	0.0465	0.0347	0.0481	0.0404	0.0591	0.0532	0.0342	0.0981	0.0697	0.026	0.1869	0.1019
50	0.0966	0.0465	0.0347	0.0484	0.0407	0.0596	0.0536	0.0345	0.0991	0.0704	0.0261	0.1874	0.1025
51	0.0938	0.0471	0.0351	0.0492	0.041	0.0603	0.0544	0.0347	0.0995	0.071	0.0262	0.1882	0.1033
52	0.0904	0.047	0.035	0.0493	0.0413	0.0606	0.0547	0.0348	0.0998	0.0713	0.0263	0.1891	0.1038
53	0.0896	0.0475	0.0353	0.0497	0.0419	0.0614	0.0553	0.035	0.1005	0.0718	0.0265	0.1906	0.1045
54	0.0874	0.0481	0.0359	0.0503	0.0422	0.0618	0.0558	0.0351	0.1007	0.0722	0.0267	0.1916	0.1053
55	0.0847	0.0482	0.0361	0.0508	0.0423	0.0619	0.0561	0.0352	0.101	0.0726	0.0267	0.1919	0.1057
56	0.0848	0.0483	0.0361	0.0509	0.0424	0.0621	0.0563	0.0354	0.1018	0.0731	0.0268	0.1929	0.1062
57	0.0833	0.0488	0.0365	0.0514	0.0424	0.062	0.0565	0.0355	0.1026	0.0735	0.0269	0.1934	0.1066
58	0.0824	0.0491	0.0371	0.0519	0.0426	0.0623	0.0569	0.0358	0.1035	0.0742	0.0269	0.1941	0.1072
59	0.0783	0.0492	0.0375	0.0522	0.0427	0.0622	0.0571	0.0359	0.1038	0.0745	0.027	0.1946	0.1076
60	0.0776	0.0499	0.0378	0.0527	0.0427	0.0624	0.0573	0.036	0.1045	0.075	0.0271	0.1954	0.1081
61	0.0744	0.0497	0.0377	0.0527	0.043	0.0626	0.0576	0.0363	0.1054	0.0756	0.0271	0.1956	0.1084
62	0.0716	0.0499	0.0379	0.0531	0.0435	0.0635	0.0582	0.0366	0.1061	0.0761	0.0272	0.1963	0.1089
63	0.0708	0.05	0.0379	0.0532	0.0433	0.063	0.0581	0.0367	0.1065	0.0763	0.0273	0.197	0.1093
64	0.0708	0.0501	0.038	0.0533	0.0435	0.0634	0.0584	0.0368	0.1068	0.0766	0.0273	0.1977	0.1097
65	0.0687	0.0506	0.0383	0.0538	0.044	0.0643	0.059	0.0369	0.1072	0.077	0.0273	0.1977	0.11
66	0.0672	0.0506	0.0383	0.054	0.0443	0.0649	0.0595	0.037	0.1075	0.0774	0.0275	0.1991	0.1107
67	0.0662	0.051	0.0387	0.0546	0.0444	0.0649	0.0599	0.0371	0.1077	0.0778	0.0275	0.1993	0.1111
68	0.0664	0.0513	0.0387	0.055	0.0445	0.0646	0.06	0.0372	0.108	0.0781	0.0275	0.1995	0.1114
69	0.0634	0.051	0.0384	0.0547	0.0444	0.0649	0.0601	0.0372	0.108	0.0782	0.0275	0.1995	0.1115
70	0.0606	0.0514	0.0389	0.0552	0.0446	0.0652	0.0605	0.0375	0.109	0.0788	0.0276	0.2001	0.112
71	0.0608	0.0517	0.039	0.0555	0.0448	0.0656	0.0608	0.0376	0.1095	0.0792	0.0277	0.2006	0.1124
72	0.0617	0.0513	0.0387	0.0552	0.0449	0.0659	0.0609	0.0376	0.1095	0.0792	0.0277	0.2007	0.1125
73	0.0587	0.0512	0.0387	0.0554	0.045	0.0659	0.0612	0.0378	0.1102	0.0797	0.0277	0.2009	0.1129
74	0.0559	0.0515	0.039	0.0557	0.0453	0.0664	0.0616	0.0378	0.1102	0.0799	0.0278	0.2016	0.1133
75	0.0554	0.0518	0.0392	0.056	0.0456	0.0669	0.0618	0.0379	0.1104	0.0801	0.0279	0.2018	0.1135
76	0.0551	0.0518	0.0393	0.056	0.0456	0.067	0.0619	0.038	0.1105	0.0801	0.0279	0.2021	0.1136
77	0.0541	0.0519	0.0394	0.0561	0.0457	0.0671	0.0621	0.0381	0.111	0.0804	0.0279	0.2021	0.1138
78	0.0539	0.0524	0.0397	0.0566	0.0456	0.0669	0.0622	0.0382	0.1113	0.0807	0.0279	0.2024	0.1141
79	0.0524	0.0528	0.0399	0.057	0.0456	0.0671	0.0623	0.0382	0.1116	0.081	0.0279	0.2024	0.1142
80	0.0512	0.0532	0.0404	0.0574	0.0456	0.067	0.0625	0.0384	0.1124	0.0814	0.0279	0.2027	0.1145
81	0.0510	0.0538	0.0407	0.058	0.046	0.0673	0.0629	0.0384	0.1129	0.0818	0.028	0.2038	0.115
82	0.0486	0.0542	0.041	0.0584	0.0459	0.0672	0.0629	0.0386	0.1132	0.0821	0.028	0.204	0.1153
83	0.0500	0.0541	0.0409	0.0584	0.0462	0.0677	0.0633	0.0386	0.1134	0.0822	0.028	0.204	0.1153
84	0.0479	0.0538	0.0408	0.0583	0.0462	0.068	0.0634	0.0386	0.1135	0.0824	0.028	0.204	0.1155
85	0.0492	0.054	0.0409	0.0588	0.0464	0.0681	0.0638	0.0387	0.1138	0.0828	0.0281	0.2047	0.116
86	0.0463	0.0544	0.0414	0.0592	0.0467	0.0685	0.0642	0.0387	0.114	0.083	0.0282	0.2055	0.1164
87	0.0453	0.0547	0.0416	0.0595	0.0469	0.0689	0.0646	0.0389	0.1147	0.0835	0.0282	0.2061	0.1169
88	0.0460	0.0549	0.0417	0.0599	0.0469	0.069	0.0648	0.0389	0.1148	0.0838	0.0283	0.2065	0.1173
89	0.0440	0.055	0.0418	0.06	0.0471	0.0692	0.065	0.0389	0.1147	0.0838	0.0283	0.2067	0.1174
90	0.0433	0.055	0.0416	0.06	0.0471	0.0695	0.0651	0.0389	0.1147	0.0838	0.0283	0.2066	0.1175
91	0.0422	0.0551	0.0418	0.0601	0.0473	0.0698	0.0653	0.0389	0.115	0.084	0.0283	0.2069	0.1176
92	0.0422	0.0551	0.0418	0.0602	0.0473	0.0698	0.0654	0.039	0.1152	0.0842	0.0284	0.2073	0.1179
93	0.0402	0.055	0.0418	0.0601	0.0474	0.0699	0.0655	0.039	0.1152	0.0842	0.0284	0.2074	0.1179
94	0.0429	0.0553	0.0421	0.0604	0.0472	0.0698	0.0654	0.0391	0.1154	0.0843	0.0284	0.2077	0.118
95	0.0427	0.0553	0.0423	0.0604	0.0471	0.0699	0.0654	0.0391	0.1152	0.0843	0.0284	0.2074	0.118
96	0.0407	0.0557	0.0425	0.0608	0.0471	0.0699	0.0655	0.0393	0.1158	0.0846	0.0284	0.208	0.1182
97	0.0406	0.0556	0.0423	0.0607	0.0471	0.0701	0.0656	0.0393	0.1164	0.0849	0.0284	0.2085	0.1185
98	0.0385	0.0556	0.0424	0.0609	0.0472	0.0701	0.0657	0.0394	0.1168	0.0851	0.0285	0.2091	0.1187
99	0.0390	0.0555	0.0423	0.0607	0.0472	0.07	0.0656	0.0395	0.1171	0.0852	0.0285	0.2092	0.1187
100	0.0380	0.0559	0.0426	0.0612	0.0474	0.0702	0.066	0.0395	0.1171	0.0855	0.0285	0.2091	0.119
101	0.0374	0.0563	0.043	0.0616	0.0476	0.0706	0.0663	0.0396	0.1177	0.0858	0.0286	0.2098	0.1194
102	0.0366	0.0564	0.0431	0.0617	0.0479	0.0709	0.0666	0.0397	0.1178	0.0859	0.0286	0.2104	0.1196
103	0.0364	0.0563	0.043	0.0616	0.048	0.0713	0.0667	0.0397	0.1179	0.0859	0.0286	0.2106	0.1197
104	0.0353	0.056	0.0428	0.0615	0.0479	0.0712	0.0666	0.0396	0.1179	0.0859	0.0286	0.2109	0.1197
105	0.0356	0.0561	0.0429	0.0616	0.0479	0.0711	0.0667	0.0396	0.1178	0.086	0.0286	0.2104	0.1197
106	0.0350	0.0565	0.0431	0.062	0.0481	0.0715	0.067	0.0396	0.1177	0.0861	0.0286	0.2101	0.1198
107	0.0344	0.0566	0.0431	0.0621	0.0483	0.0718	0.0673	0.0397	0.1179	0.0863	0.0286	0.2106	0.12
108	0.0341	0.0568	0.0433	0.0624	0.0483	0.0718	0.0674	0.0397	0.1178	0.0864	0.0286	0.2114	0.1204
109	0.0322	0.0568	0.0433	0.0624	0.0485	0.0721	0.0676	0.0397	0.1178	0.0865	0.0286	0.2113	0.1204
110	0.0328	0.0569	0.0434	0.0626	0.0483	0.0719	0.0676	0.0398	0.1183	0.0868	0.0286	0.2114	0.1206
111	0.0320	0.057	0.0434	0.0626	0.0484	0.0718	0.0675	0.0398	0.1187	0.0869	0.0286	0.211	0.1204
112	0.0321	0.0571	0.0436	0.0627	0.0485	0.0719	0.0676	0.0399	0.1191	0.087	0.0287	0.2113	0.1206
113	0.0318	0.0573	0.0437	0.0628	0.0486	0.0722	0.0678	0.0399	0.1189	0.087	0.0287	0.2115	0.1207
114	0.0299	0.0572	0.0436	0.0628	0.0488	0.0724	0.068	0.04	0.1191	0.0872	0.0287	0.2117	0.1209
115	0.0314	0.0573	0.0437	0.0629	0.0489	0.0726	0.0681	0.0401	0.1198	0.0874	0.0287	0.2114	0.1208
116	0.0308	0.0575	0.0439	0.0632	0.0488	0.0726	0.0682	0.0401	0.1199	0.0877	0.0287	0.2113	0.121
117	0.0300	0.0581	0.0443	0.0638	0.0489	0.0727	0.0685	0.0401	0.12	0.0879	0.0287	0.2112	0.1213
118	0.0293	0.0586	0.0446	0.0641	0.049	0.0729	0.0687	0.0404	0.1207	0.0883	0.0286	0.2114	0.1214
119	0.0295	0.0586	0.0448	0.0644	0.0493	0.0735	0.0691	0.0403	0.1204	0.0885	0.0287	0.2118	0.1217
120	0.0294	0.0586	0.0448	0.0645	0.0496	0.0738	0.0695	0.0403	0.1204	0.0886	0.0287	0.2123	0.122
121	0.0283	0.0586	0.0448	0.0645	0.0495	0.0738	0.0695	0.0404	0.1208	0.0888	0.0287	0.2121	0.122
122	0.0286	0.0586	0.0447	0.0645	0.0496	0.0744	0.0697	0.0405	0.1209	0.0889	0.0287	0.2125	0.1222
123	0.0285	0.059	0.045	0.0648	0.0494	0.0739	0.0696	0.0405	0.1211	0.089	0.0288	0.2131	0.1224
124	0.0274	0.0589	0.0449	0.0647	0.0498	0.0749	0.07	0.0407	0.1218	0.0893	0.0287	0.2128	0.1223
125	0.0278	0.0589	0.0449	0.0647	0.0495	0.0744	0.0697	0.0407	0.1221	0.0893	0.0287	0.2131	0.1224
126	0.0271	0.059	0.045	0.0647	0.0497	0.0746	0.0698	0.0407	0.1221	0.0894	0.0288	0.2138	0.1225
127	0.0283	0.0592	0.0452	0.0649	0.0498	0.0747	0.0699	0.0407	0.1222	0.0894	0.0288	0.2135	0.1225
128	0.0274	0.0592	0.0453	0.0651	0.05	0.0753	0.0703	0.0409	0.1225	0.0898	0.0288	0.2137	0.1227
129	0.0261	0.0596	0.0456	0.0654	0.0502	0.0756	0.0705	0.0409	0.1228	0.0899	0.0287	0.2135	0.1227
130	0.0255	0.0595	0.0456	0.0654	0.0502	0.0757	0.0706	0.0408	0.1225	0.0899	0.0287	0.2135	0.1228
131	0.0264	0.0594	0.0456	0.0653	0.05	0.0754	0.0705	0.0408	0.1224	0.0898	0.0287	0.2136	0.1228
132	0.0271	0.0594	0.0457	0.0655	0.0501	0.0754	0.0706	0.0407	0.1224	0.0899	0.0287	0.2138	0.123
133	0.0264	0.0597	0.0459	0.0657	0.0502	0.0757	0.0709	0.0409	0.1227	0.0902	0.0286	0.2137	0.123
134	0.0262	0.0599	0.046	0.066	0.0501	0.0757	0.0709	0.0411	0.1234	0.0905	0.0286	0.2137	0.123
135	0.0255	0.0601	0.0462	0.0662	0.0502	0.0762	0.0711	0.041	0.1232	0.0905	0.0286	0.2134	0.1231
136	0.0243	0.0599	0.046	0.0661	0.0503	0.0767	0.0713	0.041	0.1231	0.0906	0.0286	0.2135	0.1232
137	0.0239	0.06	0.0461	0.0662	0.0504	0.0767	0.0715	0.041	0.1233	0.0907	0.0286	0.2136	0.1233
138	0.0242	0.06	0.0461	0.0661	0.0504	0.0767	0.0713	0.0411	0.1236	0.0907	0.0287	0.2141	0.1233
139	0.0256	0.0603	0.0462	0.0664	0.0506	0.0769	0.0716	0.041	0.1233	0.0908	0.0286	0.2138	0.1233
140	0.0245	0.0603	0.0463	0.0665	0.0507	0.0771	0.0718	0.0408	0.1227	0.0906	0.0286	0.2139	0.1235
141	0.0237	0.0605	0.0466	0.0667	0.0508	0.0772	0.0719	0.0409	0.123	0.0908	0.0286	0.2143	0.1236
142	0.0233	0.0604	0.0465	0.0669	0.0508	0.0772	0.0721	0.0409	0.1231	0.091	0.0286	0.2143	0.1238
143	0.0231	0.0607	0.0467	0.0671	0.0509	0.0772	0.0722	0.041	0.1233	0.0911	0.0286	0.214	0.1238
144	0.0243	0.0605	0.0466	0.0668	0.051	0.0776	0.0722	0.041	0.123	0.091	0.0286	0.2138	0.1237
145	0.0237	0.0605	0.0466	0.0669	0.0509	0.0773	0.0721	0.041	0.1231	0.091	0.0286	0.2137	0.1236
146	0.0239	0.0606	0.0468	0.0673	0.0508	0.0771	0.0724	0.041	0.123	0.0913	0.0286	0.2137	0.1239
147	0.0219	0.0605	0.0467	0.0672	0.0508	0.0773	0.0724	0.041	0.123	0.0913	0.0286	0.2136	0.1238
148	0.0222	0.0606	0.0469	0.0675	0.0509	0.0774	0.0726	0.0409	0.1228	0.0913	0.0286	0.2134	0.1239
149	0.0227	0.0605	0.0469	0.0674	0.0512	0.0781	0.0729	0.0408	0.1227	0.0913	0.0286	0.2137	0.124
150	0.0214	0.0605	0.0468	0.0672	0.0512	0.0782	0.0728	0.0407	0.1224	0.091	0.0286	0.2133	0.1238
