{"n_layers": 0, "device": "cuda", "batch_size": 2048, "embedding_dim": 256, "learning_rate": 0.001, "dataset": "dbbook", "epochs": 150, "top_k": 50, "multimodal": true, "datasets": {"dbbook": ["images", "text"], "ml1m": ["audio", "images", "text", "video"]}}
Epoch	Loss	Recall	Precision	NDCG
1	0.6931	0.0140	0.0019	0.0068
2	0.6904	0.0261	0.0034	0.0144
3	0.6874	0.0520	0.0068	0.0337
4	0.6830	0.0899	0.0121	0.0583
5	0.6761	0.1240	0.0168	0.0779
6	0.6655	0.1461	0.0201	0.0902
7	0.6498	0.1596	0.0220	0.0979
8	0.6279	0.1652	0.0231	0.1016
9	0.5996	0.1707	0.0238	0.1045
10	0.5657	0.1742	0.0243	0.1061
11	0.5276	0.1734	0.0242	0.1066
12	0.4881	0.1736	0.0244	0.1066
13	0.4486	0.1758	0.0246	0.1078
14	0.4120	0.1773	0.0249	0.1086
15	0.3777	0.1784	0.0250	0.1093
16	0.3495	0.1791	0.0251	0.1100
17	0.3229	0.1799	0.0252	0.1107
18	0.3001	0.1823	0.0254	0.1115
19	0.2782	0.1838	0.0256	0.1122
20	0.2612	0.1859	0.0258	0.1130
21	0.2444	0.1863	0.0259	0.1136
22	0.2288	0.1869	0.0260	0.1139
23	0.2159	0.1886	0.0261	0.1145
24	0.2028	0.1890	0.0262	0.1150
25	0.1917	0.1890	0.0262	0.1148
26	0.1812	0.1896	0.0263	0.1154
27	0.1703	0.1910	0.0264	0.1159
28	0.1602	0.1901	0.0262	0.1158
29	0.1523	0.1905	0.0263	0.1164
30	0.1446	0.1911	0.0264	0.1170
31	0.1371	0.1916	0.0264	0.1175
32	0.1308	0.1935	0.0266	0.1184
33	0.1235	0.1938	0.0266	0.1188
34	0.1172	0.1945	0.0267	0.1193
35	0.1127	0.1962	0.0268	0.1201
36	0.1065	0.1975	0.0270	0.1208
37	0.1028	0.1984	0.0271	0.1211
38	0.0973	0.1987	0.0271	0.1215
39	0.0917	0.1995	0.0273	0.1219
40	0.0874	0.2007	0.0274	0.1226
41	0.0830	0.2015	0.0275	0.1230
42	0.0812	0.2026	0.0276	0.1237
43	0.0778	0.2030	0.0276	0.1235
44	0.0739	0.2037	0.0277	0.1238
45	0.0726	0.2037	0.0278	0.1242
46	0.0677	0.2048	0.0279	0.1247
47	0.0671	0.2058	0.0280	0.1252
48	0.0621	0.2065	0.0281	0.1253
49	0.0611	0.2068	0.0281	0.1254
50	0.0586	0.2071	0.0282	0.1257
51	0.0569	0.2074	0.0282	0.1260
52	0.0554	0.2075	0.0282	0.1261
53	0.0533	0.2085	0.0283	0.1265
54	0.0503	0.2094	0.0284	0.1270
55	0.0494	0.2104	0.0285	0.1276
56	0.0467	0.2105	0.0285	0.1280
57	0.0466	0.2106	0.0286	0.1284
58	0.0436	0.2102	0.0285	0.1286
59	0.0423	0.2108	0.0286	0.1288
60	0.0414	0.2119	0.0287	0.1294
61	0.0410	0.2121	0.0287	0.1296
62	0.0397	0.2130	0.0288	0.1301
63	0.0383	0.2128	0.0288	0.1304
64	0.0373	0.2123	0.0287	0.1304
65	0.0368	0.2137	0.0288	0.1306
66	0.0356	0.2138	0.0288	0.1307
67	0.0357	0.2136	0.0288	0.1306
68	0.0336	0.2135	0.0288	0.1303
69	0.0335	0.2141	0.0288	0.1303
70	0.0316	0.2135	0.0288	0.1302
71	0.0314	0.2141	0.0288	0.1304
72	0.0301	0.2144	0.0289	0.1304
73	0.0296	0.2152	0.0289	0.1307
74	0.0293	0.2149	0.0288	0.1308
75	0.0280	0.2151	0.0288	0.1306
76	0.0280	0.2150	0.0288	0.1306
77	0.0266	0.2151	0.0289	0.1306
78	0.0264	0.2155	0.0289	0.1308
79	0.0261	0.2160	0.0290	0.1311
80	0.0259	0.2160	0.0290	0.1315
81	0.0247	0.2154	0.0290	0.1315
82	0.0241	0.2160	0.0290	0.1317
83	0.0238	0.2158	0.0290	0.1318
84	0.0236	0.2159	0.0290	0.1322
85	0.0225	0.2158	0.0290	0.1322
86	0.0218	0.2159	0.0290	0.1321
87	0.0223	0.2161	0.0290	0.1322
88	0.0221	0.2162	0.0290	0.1321
89	0.0212	0.2166	0.0290	0.1324
90	0.0213	0.2171	0.0291	0.1326
91	0.0209	0.2165	0.0290	0.1325
92	0.0204	0.2168	0.0290	0.1326
93	0.0199	0.2172	0.0291	0.1328
94	0.0199	0.2175	0.0291	0.1329
95	0.0189	0.2179	0.0291	0.1330
96	0.0194	0.2179	0.0292	0.1333
97	0.0187	0.2184	0.0292	0.1334
98	0.0179	0.2188	0.0293	0.1335
99	0.0178	0.2186	0.0292	0.1335
100	0.0178	0.2190	0.0292	0.1336
101	0.0171	0.2187	0.0292	0.1335
102	0.0177	0.2189	0.0293	0.1338
103	0.0171	0.2186	0.0292	0.1338
104	0.0165	0.2191	0.0293	0.1341
105	0.0167	0.2187	0.0293	0.1341
106	0.0164	0.2190	0.0293	0.1343
107	0.0159	0.2193	0.0293	0.1344
108	0.0157	0.2191	0.0293	0.1345
109	0.0157	0.2198	0.0293	0.1347
110	0.0156	0.2200	0.0293	0.1350
111	0.0155	0.2198	0.0293	0.1351
112	0.0150	0.2191	0.0293	0.1350
113	0.0150	0.2197	0.0293	0.1352
114	0.0146	0.2198	0.0293	0.1350
115	0.0147	0.2197	0.0293	0.1349
116	0.0143	0.2197	0.0293	0.1350
117	0.0141	0.2193	0.0292	0.1349
118	0.0140	0.2194	0.0292	0.1349
119	0.0139	0.2191	0.0292	0.1350
120	0.0137	0.2186	0.0292	0.1349
121	0.0139	0.2190	0.0292	0.1348
122	0.0136	0.2190	0.0292	0.1349
123	0.0133	0.2184	0.0292	0.1349
124	0.0133	0.2190	0.0292	0.1352
125	0.0134	0.2194	0.0293	0.1355
126	0.0132	0.2192	0.0292	0.1355
127	0.0126	0.2190	0.0292	0.1354
128	0.0123	0.2187	0.0291	0.1353
129	0.0128	0.2182	0.0291	0.1349
130	0.0123	0.2182	0.0291	0.1350
131	0.0124	0.2180	0.0291	0.1348
132	0.0123	0.2180	0.0291	0.1348
133	0.0123	0.2181	0.0291	0.1345
134	0.0119	0.2184	0.0291	0.1347
135	0.0116	0.2184	0.0290	0.1348
136	0.0120	0.2180	0.0290	0.1348
137	0.0119	0.2180	0.0290	0.1350
138	0.0115	0.2178	0.0290	0.1351
139	0.0112	0.2184	0.0291	0.1353
140	0.0113	0.2183	0.0290	0.1353
141	0.0110	0.2195	0.0292	0.1358
142	0.0114	0.2202	0.0292	0.1360
143	0.0114	0.2199	0.0292	0.1360
144	0.0108	0.2196	0.0292	0.1360
145	0.0106	0.2190	0.0291	0.1360
146	0.0110	0.2188	0.0291	0.1358
147	0.0108	0.2185	0.0291	0.1357
148	0.0107	0.2185	0.0291	0.1357
149	0.0108	0.2186	0.0291	0.1358
150	0.0108	0.2183	0.0291	0.1359
