{"n_layers": 0, "device": "cuda", "batch_size": 2048, "embedding_dim": 16, "learning_rate": 0.001, "dataset": "dbbook", "epochs": 150, "top_k": 50, "multimodal": true, "datasets": {"dbbook": ["images", "text"], "ml1m": ["audio", "images", "text", "video"]}}
Epoch	Loss	Recall	Precision	NDCG
1	0.6931	0.0094	0.0013	0.0044
2	0.6928	0.0115	0.0016	0.0055
3	0.6925	0.0158	0.0022	0.0077
4	0.6921	0.0243	0.0033	0.0127
5	0.6916	0.0362	0.0049	0.0204
6	0.6909	0.0492	0.0067	0.0292
7	0.6900	0.0624	0.0086	0.0380
8	0.6888	0.0753	0.0104	0.0458
9	0.6872	0.0880	0.0121	0.0525
10	0.6852	0.0968	0.0134	0.0576
11	0.6826	0.1042	0.0145	0.0617
12	0.6796	0.1103	0.0154	0.0650
13	0.6759	0.1151	0.0161	0.0676
14	0.6714	0.1204	0.0168	0.0701
15	0.6664	0.1240	0.0173	0.0721
16	0.6606	0.1284	0.0179	0.0742
17	0.6542	0.1306	0.0183	0.0753
18	0.6469	0.1325	0.0186	0.0765
19	0.6391	0.1346	0.0189	0.0773
20	0.6305	0.1358	0.0191	0.0781
21	0.6214	0.1369	0.0193	0.0786
22	0.6118	0.1384	0.0194	0.0791
23	0.6015	0.1396	0.0196	0.0799
24	0.5914	0.1407	0.0198	0.0804
25	0.5807	0.1420	0.0200	0.0807
26	0.5695	0.1426	0.0201	0.0813
27	0.5587	0.1439	0.0202	0.0817
28	0.5474	0.1443	0.0203	0.0819
29	0.5364	0.1448	0.0204	0.0823
30	0.5250	0.1457	0.0205	0.0827
31	0.5135	0.1462	0.0206	0.0830
32	0.5031	0.1467	0.0206	0.0831
33	0.4925	0.1477	0.0207	0.0833
34	0.4825	0.1478	0.0208	0.0837
35	0.4722	0.1486	0.0208	0.0841
36	0.4624	0.1490	0.0209	0.0842
37	0.4520	0.1495	0.0210	0.0846
38	0.4434	0.1496	0.0210	0.0847
39	0.4336	0.1504	0.0211	0.0850
40	0.4244	0.1507	0.0211	0.0853
41	0.4164	0.1507	0.0211	0.0854
42	0.4089	0.1508	0.0211	0.0854
43	0.4013	0.1512	0.0212	0.0855
44	0.3933	0.1514	0.0212	0.0857
45	0.3864	0.1515	0.0212	0.0858
46	0.3801	0.1515	0.0212	0.0858
47	0.3745	0.1519	0.0212	0.0859
48	0.3659	0.1520	0.0213	0.0860
49	0.3602	0.1522	0.0213	0.0861
50	0.3537	0.1524	0.0213	0.0863
51	0.3491	0.1525	0.0213	0.0864
52	0.3444	0.1525	0.0213	0.0864
53	0.3394	0.1526	0.0213	0.0864
54	0.3339	0.1531	0.0214	0.0867
55	0.3271	0.1530	0.0214	0.0868
56	0.3225	0.1533	0.0214	0.0868
57	0.3176	0.1531	0.0214	0.0868
58	0.3150	0.1529	0.0214	0.0869
59	0.3080	0.1543	0.0215	0.0872
60	0.3044	0.1544	0.0215	0.0873
61	0.3008	0.1546	0.0216	0.0874
62	0.2977	0.1546	0.0216	0.0874
63	0.2921	0.1547	0.0216	0.0875
64	0.2898	0.1547	0.0216	0.0876
65	0.2852	0.1547	0.0216	0.0876
66	0.2825	0.1547	0.0216	0.0876
67	0.2795	0.1553	0.0217	0.0879
68	0.2772	0.1553	0.0216	0.0881
69	0.2721	0.1559	0.0217	0.0883
70	0.2696	0.1559	0.0217	0.0883
71	0.2662	0.1556	0.0217	0.0882
72	0.2634	0.1555	0.0217	0.0882
73	0.2597	0.1560	0.0217	0.0885
74	0.2593	0.1563	0.0217	0.0885
75	0.2538	0.1568	0.0218	0.0888
76	0.2519	0.1566	0.0218	0.0888
77	0.2482	0.1566	0.0218	0.0887
78	0.2451	0.1569	0.0218	0.0888
79	0.2444	0.1571	0.0218	0.0889
80	0.2384	0.1572	0.0219	0.0889
81	0.2364	0.1574	0.0219	0.0890
82	0.2356	0.1573	0.0219	0.0891
83	0.2337	0.1578	0.0219	0.0894
84	0.2312	0.1578	0.0219	0.0894
85	0.2299	0.1581	0.0219	0.0895
86	0.2240	0.1582	0.0219	0.0895
87	0.2244	0.1584	0.0220	0.0896
88	0.2222	0.1584	0.0220	0.0896
89	0.2176	0.1581	0.0219	0.0895
90	0.2159	0.1582	0.0220	0.0896
91	0.2145	0.1581	0.0220	0.0896
92	0.2109	0.1582	0.0220	0.0897
93	0.2093	0.1585	0.0220	0.0899
94	0.2081	0.1585	0.0220	0.0899
95	0.2084	0.1589	0.0220	0.0900
96	0.2039	0.1594	0.0221	0.0903
97	0.2013	0.1595	0.0222	0.0904
98	0.2005	0.1592	0.0221	0.0902
99	0.2001	0.1592	0.0221	0.0903
100	0.1957	0.1593	0.0221	0.0904
101	0.1955	0.1593	0.0221	0.0903
102	0.1954	0.1593	0.0221	0.0905
103	0.1922	0.1597	0.0221	0.0907
104	0.1912	0.1594	0.0221	0.0907
105	0.1894	0.1598	0.0221	0.0909
106	0.1881	0.1598	0.0222	0.0910
107	0.1858	0.1606	0.0222	0.0913
108	0.1851	0.1608	0.0223	0.0915
109	0.1807	0.1605	0.0222	0.0914
110	0.1804	0.1604	0.0222	0.0914
111	0.1772	0.1605	0.0222	0.0914
112	0.1772	0.1601	0.0222	0.0914
113	0.1770	0.1601	0.0222	0.0914
114	0.1736	0.1603	0.0222	0.0916
115	0.1725	0.1600	0.0222	0.0915
116	0.1712	0.1602	0.0222	0.0916
117	0.1695	0.1601	0.0222	0.0917
118	0.1661	0.1603	0.0222	0.0917
119	0.1664	0.1605	0.0222	0.0919
120	0.1665	0.1602	0.0222	0.0917
121	0.1641	0.1606	0.0222	0.0918
122	0.1652	0.1605	0.0222	0.0917
123	0.1611	0.1603	0.0222	0.0917
124	0.1595	0.1604	0.0222	0.0918
125	0.1586	0.1604	0.0222	0.0918
126	0.1567	0.1604	0.0223	0.0919
127	0.1565	0.1608	0.0223	0.0920
128	0.1549	0.1607	0.0223	0.0920
129	0.1551	0.1606	0.0223	0.0920
130	0.1530	0.1607	0.0223	0.0920
131	0.1519	0.1604	0.0223	0.0920
132	0.1499	0.1612	0.0223	0.0923
133	0.1482	0.1612	0.0223	0.0923
134	0.1491	0.1609	0.0223	0.0922
135	0.1479	0.1610	0.0223	0.0921
136	0.1449	0.1609	0.0223	0.0922
137	0.1442	0.1611	0.0223	0.0922
138	0.1414	0.1607	0.0222	0.0922
139	0.1426	0.1612	0.0223	0.0924
140	0.1425	0.1611	0.0223	0.0923
141	0.1381	0.1613	0.0223	0.0923
142	0.1390	0.1615	0.0223	0.0924
143	0.1368	0.1615	0.0223	0.0925
144	0.1359	0.1616	0.0223	0.0926
145	0.1363	0.1618	0.0224	0.0927
146	0.1355	0.1612	0.0223	0.0925
147	0.1317	0.1611	0.0223	0.0924
148	0.1343	0.1611	0.0223	0.0925
149	0.1311	0.1610	0.0223	0.0924
150	0.1302	0.1612	0.0223	0.0925
