{"device": "cuda:1", "multimodal": false, "embedding_dim": 512, "n_layers": 3, "epochs": 500, "learning_rate": 0.001, "log": true, "seed": 19, "top_k": [5, 10, 20, 50], "dataset": "ml1m", "batch_size": 8192, "single_branch": false, "autoencoder": false, "ensemble_fusion": false, "freeze": true, "fusion_modalities": "mean", "fusion_type": "late", "info_nce": false, "weighting": false, "datasets": {"dbbook": ["images", "text"], "ml1m": ["audio", "images", "text", "video"]}}
Epoch	T-Loss	V-Loss	Precision@5	Recall@5	NDCG@5	Precision@10	Recall@10	NDCG@10	Precision@20	Recall@20	NDCG@20	Precision@50	Recall@50	NDCG@50
1	0.6931	0.693	0.0657	0.0154	0.0682	0.0587	0.0274	0.0645	0.0514	0.0476	0.064	0.0412	0.095	0.0759
2	0.6906	0.6842	0.1746	0.0606	0.1898	0.1451	0.0974	0.176	0.1161	0.1534	0.1751	0.08	0.2521	0.1978
3	0.6592	0.6197	0.1716	0.0602	0.1844	0.1421	0.0961	0.1714	0.1136	0.1493	0.1705	0.0789	0.2486	0.194
4	0.5638	0.5073	0.1683	0.0585	0.1821	0.1401	0.0947	0.1696	0.1123	0.1471	0.1688	0.0788	0.2494	0.1934
5	0.4629	0.4302	0.1694	0.0583	0.1797	0.1385	0.0936	0.1663	0.112	0.1464	0.1664	0.0787	0.2497	0.1915
6	0.4056	0.3927	0.1658	0.0562	0.1766	0.1375	0.0924	0.1647	0.1116	0.1472	0.1656	0.0787	0.2502	0.1909
7	0.3802	0.3756	0.1674	0.0571	0.1782	0.1381	0.0924	0.1655	0.1115	0.1472	0.1657	0.0791	0.252	0.1916
8	0.3657	0.3645	0.1641	0.0557	0.1736	0.1389	0.0929	0.1644	0.1113	0.147	0.1647	0.0791	0.2523	0.1911
9	0.357	0.3613	0.1664	0.0567	0.1768	0.1382	0.0922	0.165	0.1125	0.149	0.1666	0.0794	0.2526	0.1921
10	0.3513	0.3552	0.1651	0.0552	0.1765	0.1383	0.0926	0.1655	0.1134	0.1503	0.1676	0.0801	0.2552	0.1934
11	0.3479	0.352	0.1641	0.0553	0.1779	0.1395	0.0928	0.1675	0.1143	0.151	0.1694	0.0806	0.2555	0.1949
12	0.3429	0.3475	0.1657	0.056	0.1777	0.1402	0.0932	0.1674	0.1149	0.1504	0.1693	0.0812	0.256	0.1953
13	0.3391	0.3411	0.1658	0.0566	0.1781	0.1421	0.0957	0.1692	0.1161	0.1531	0.1711	0.0821	0.2579	0.1968
14	0.3342	0.3399	0.1685	0.0568	0.1804	0.145	0.0974	0.1721	0.1172	0.1538	0.1727	0.0828	0.2599	0.1986
15	0.3308	0.3368	0.1704	0.0571	0.1833	0.1456	0.0966	0.1736	0.1184	0.1545	0.1747	0.0836	0.2632	0.2011
16	0.3274	0.3367	0.1738	0.058	0.1868	0.147	0.0979	0.1757	0.1194	0.1564	0.1765	0.0848	0.2666	0.2034
17	0.3238	0.3324	0.174	0.0582	0.1877	0.1488	0.0984	0.1776	0.1209	0.1573	0.1782	0.0857	0.2685	0.2053
18	0.3208	0.3296	0.1777	0.0596	0.1913	0.1499	0.0988	0.1792	0.122	0.1589	0.1802	0.0868	0.271	0.2076
19	0.3171	0.3232	0.181	0.0611	0.1952	0.1506	0.0992	0.1812	0.1228	0.1595	0.182	0.0879	0.2744	0.2105
20	0.3135	0.3204	0.1834	0.0619	0.1957	0.1533	0.1015	0.183	0.1241	0.1608	0.1833	0.0888	0.2764	0.212
21	0.3104	0.3201	0.1875	0.0639	0.1999	0.156	0.1031	0.1862	0.1258	0.1628	0.1859	0.0894	0.2771	0.2139
22	0.3079	0.3157	0.1889	0.064	0.2012	0.1572	0.1055	0.188	0.1269	0.1644	0.1878	0.0903	0.2799	0.2162
23	0.3046	0.316	0.1905	0.0652	0.2042	0.1594	0.1065	0.1909	0.1279	0.1646	0.1894	0.0912	0.2828	0.2185
24	0.302	0.311	0.1911	0.0652	0.2059	0.1604	0.1064	0.1926	0.1293	0.1672	0.1918	0.0921	0.2851	0.2208
25	0.3002	0.31	0.1952	0.0665	0.2107	0.1623	0.1075	0.1956	0.1305	0.1689	0.1943	0.0927	0.2864	0.2231
26	0.2968	0.3092	0.196	0.0665	0.2117	0.1638	0.1088	0.1971	0.1316	0.1702	0.1957	0.0937	0.29	0.2251
27	0.2937	0.3074	0.1973	0.0672	0.213	0.1652	0.1093	0.1985	0.133	0.172	0.1976	0.0943	0.2916	0.2268
28	0.2913	0.302	0.1974	0.0668	0.2144	0.1656	0.1098	0.1998	0.1337	0.1729	0.1989	0.0951	0.2939	0.2288
29	0.2898	0.3006	0.1983	0.0676	0.2161	0.1663	0.1097	0.201	0.1352	0.1753	0.2011	0.0957	0.2962	0.2308
30	0.2876	0.301	0.2004	0.0683	0.2193	0.1681	0.1113	0.2039	0.1356	0.1762	0.203	0.0964	0.2982	0.2331
31	0.2851	0.2968	0.2023	0.0689	0.2205	0.1698	0.1125	0.2052	0.1368	0.1771	0.204	0.0972	0.3002	0.2344
32	0.2832	0.2966	0.2041	0.0696	0.2233	0.171	0.1142	0.2076	0.1375	0.1776	0.206	0.098	0.3036	0.2373
33	0.2811	0.2951	0.2064	0.0705	0.2257	0.1722	0.1152	0.2094	0.1382	0.1786	0.2075	0.0984	0.3041	0.2386
34	0.2793	0.2932	0.2098	0.0711	0.2287	0.1734	0.1157	0.2108	0.1396	0.1806	0.2091	0.0993	0.3069	0.2403
35	0.277	0.2939	0.2108	0.0718	0.2304	0.1751	0.1168	0.2131	0.1396	0.1806	0.2103	0.0998	0.3091	0.2425
36	0.2751	0.2888	0.212	0.0723	0.2314	0.1761	0.1176	0.2139	0.1417	0.184	0.2125	0.1005	0.3112	0.2438
37	0.273	0.289	0.2139	0.0726	0.2337	0.1783	0.1189	0.2168	0.1425	0.184	0.2142	0.101	0.3124	0.2458
38	0.2709	0.2849	0.2138	0.0733	0.234	0.1784	0.119	0.2171	0.1428	0.1841	0.2148	0.1015	0.3144	0.2472
39	0.2703	0.2856	0.2174	0.0748	0.2378	0.1789	0.1188	0.2185	0.1434	0.1857	0.2164	0.1021	0.3179	0.2494
40	0.2668	0.2827	0.2173	0.0738	0.239	0.1807	0.1206	0.2209	0.1444	0.1868	0.2182	0.1031	0.3206	0.2516
41	0.2651	0.2834	0.2181	0.0743	0.2396	0.1808	0.1212	0.2212	0.1453	0.1881	0.2191	0.1036	0.3217	0.2526
42	0.2636	0.2824	0.2209	0.0758	0.2425	0.1824	0.1215	0.2232	0.146	0.1886	0.2206	0.1043	0.3242	0.2547
43	0.2623	0.2782	0.2218	0.0765	0.2439	0.1843	0.1233	0.2254	0.1474	0.1907	0.2227	0.1047	0.3263	0.2565
44	0.2587	0.2798	0.2233	0.077	0.2445	0.1852	0.1243	0.2259	0.1486	0.193	0.2239	0.1053	0.3284	0.2576
45	0.2596	0.2821	0.2231	0.0764	0.2452	0.1858	0.1245	0.227	0.1492	0.1944	0.2253	0.1057	0.33	0.2592
46	0.2573	0.278	0.2243	0.0776	0.2452	0.1871	0.1255	0.2275	0.1499	0.1957	0.2259	0.1064	0.3331	0.2604
47	0.2552	0.2776	0.2246	0.0776	0.2458	0.1886	0.1266	0.2288	0.1505	0.1973	0.2269	0.1069	0.3353	0.2618
48	0.2537	0.2755	0.2268	0.0786	0.2489	0.1889	0.1268	0.2305	0.1515	0.1979	0.2288	0.1075	0.3371	0.264
49	0.2532	0.2744	0.2283	0.0789	0.2499	0.1902	0.1279	0.2316	0.152	0.1986	0.2295	0.108	0.3384	0.265
50	0.2516	0.2731	0.2306	0.0802	0.2517	0.191	0.1283	0.2326	0.1527	0.1982	0.2303	0.1086	0.3409	0.2666
51	0.2495	0.2716	0.2303	0.0797	0.2522	0.1917	0.1289	0.2339	0.1538	0.2005	0.2323	0.1089	0.3422	0.2681
52	0.2474	0.2703	0.2317	0.0801	0.2533	0.1931	0.1302	0.2352	0.1546	0.202	0.2336	0.1094	0.3439	0.2694
53	0.2464	0.2708	0.2332	0.0806	0.2541	0.1941	0.1313	0.2359	0.1553	0.2031	0.2342	0.1102	0.3464	0.2707
54	0.2449	0.27	0.2336	0.0812	0.2547	0.1955	0.1327	0.2372	0.1572	0.2063	0.2362	0.1105	0.3478	0.2717
55	0.2433	0.2674	0.2333	0.081	0.2544	0.1962	0.1327	0.2376	0.1571	0.2065	0.2364	0.1109	0.3496	0.2726
56	0.2423	0.2677	0.2347	0.0823	0.2553	0.1976	0.1341	0.2389	0.158	0.2077	0.2376	0.1112	0.3507	0.2736
57	0.2412	0.2658	0.2361	0.0831	0.2568	0.1983	0.1352	0.24	0.1588	0.2101	0.2393	0.1117	0.3521	0.2752
58	0.2398	0.2675	0.2381	0.0851	0.2588	0.1993	0.136	0.2414	0.1593	0.2113	0.2405	0.112	0.3533	0.2764
59	0.2393	0.2658	0.2379	0.0851	0.2591	0.2003	0.1377	0.2428	0.1606	0.2131	0.2421	0.1125	0.3551	0.278
60	0.2373	0.2641	0.238	0.0845	0.2594	0.2006	0.138	0.2433	0.1608	0.2138	0.2429	0.1129	0.3568	0.2792
61	0.2347	0.2632	0.2388	0.0844	0.2603	0.2011	0.1381	0.2439	0.1609	0.214	0.2432	0.1132	0.3577	0.2799
62	0.2345	0.2613	0.2394	0.0848	0.2618	0.2017	0.1385	0.2452	0.1619	0.2152	0.2448	0.1134	0.3598	0.2813
63	0.233	0.2611	0.241	0.0857	0.2632	0.2021	0.1388	0.2457	0.1629	0.2168	0.246	0.114	0.3614	0.2824
64	0.2322	0.2643	0.2418	0.0858	0.2633	0.2039	0.1393	0.2468	0.1633	0.2175	0.2465	0.1145	0.363	0.2835
65	0.23	0.2616	0.2411	0.0852	0.2622	0.2035	0.1397	0.2463	0.1639	0.2187	0.2468	0.1148	0.3644	0.2838
66	0.2289	0.2595	0.2428	0.086	0.264	0.2054	0.1412	0.2483	0.1642	0.2195	0.2479	0.1154	0.3664	0.2855
67	0.228	0.2595	0.2435	0.0868	0.2664	0.2051	0.1413	0.2496	0.1645	0.2195	0.2493	0.1155	0.3664	0.2869
68	0.2265	0.2588	0.2454	0.0875	0.2679	0.2055	0.1414	0.25	0.1648	0.2204	0.25	0.1156	0.3673	0.2875
69	0.2257	0.2629	0.2442	0.0871	0.2673	0.2062	0.1429	0.2509	0.1654	0.2218	0.2508	0.116	0.3695	0.2886
70	0.2237	0.2599	0.2449	0.0876	0.2675	0.2065	0.1433	0.251	0.1657	0.2225	0.2511	0.1162	0.37	0.2889
71	0.2249	0.2605	0.2447	0.0876	0.2674	0.2079	0.1446	0.2522	0.1665	0.2244	0.2524	0.1166	0.3713	0.2901
72	0.2222	0.2573	0.2475	0.0886	0.27	0.2088	0.146	0.254	0.1669	0.2243	0.2534	0.1169	0.3723	0.2914
73	0.2213	0.2594	0.2481	0.0892	0.2705	0.208	0.1455	0.2533	0.1673	0.2251	0.2536	0.1173	0.3735	0.2918
74	0.2205	0.2579	0.2476	0.0894	0.2702	0.2092	0.1465	0.2542	0.1676	0.2255	0.2541	0.1178	0.3758	0.2929
75	0.2203	0.2574	0.248	0.0892	0.2708	0.2087	0.1459	0.2543	0.168	0.2263	0.2548	0.118	0.3771	0.2937
76	0.2183	0.2553	0.2501	0.0909	0.2723	0.2093	0.1474	0.2551	0.1687	0.2268	0.2557	0.1181	0.3768	0.2943
77	0.2176	0.254	0.2506	0.0912	0.2726	0.2104	0.1478	0.2559	0.1692	0.2273	0.2563	0.1185	0.3795	0.2955
78	0.2163	0.2544	0.2504	0.091	0.2729	0.2104	0.1479	0.2563	0.1693	0.228	0.2569	0.1187	0.3803	0.2962
79	0.2155	0.2568	0.2521	0.0914	0.2742	0.2116	0.1491	0.2573	0.1696	0.2287	0.2574	0.1189	0.3814	0.2968
80	0.214	0.255	0.2536	0.0924	0.2759	0.2115	0.1486	0.2579	0.17	0.2296	0.2586	0.1192	0.3823	0.2981
81	0.2124	0.2553	0.2526	0.0923	0.2752	0.2125	0.1497	0.2585	0.1705	0.2307	0.259	0.1196	0.384	0.2987
82	0.2118	0.2532	0.2532	0.0923	0.275	0.2118	0.1495	0.258	0.1707	0.2312	0.2593	0.1196	0.3842	0.2989
83	0.2122	0.2522	0.254	0.0926	0.2763	0.2119	0.1498	0.2587	0.1713	0.2319	0.2603	0.1198	0.3847	0.2998
84	0.2109	0.2546	0.2543	0.0926	0.2761	0.2129	0.151	0.2593	0.1713	0.2321	0.2602	0.12	0.3857	0.3
85	0.2104	0.2543	0.2543	0.0926	0.2766	0.2129	0.1509	0.2595	0.1719	0.2335	0.261	0.1203	0.3866	0.3006
86	0.2092	0.2558	0.254	0.0926	0.2765	0.2136	0.1518	0.2601	0.1715	0.2329	0.2608	0.1201	0.3857	0.3005
87	0.2077	0.2527	0.2549	0.0934	0.2773	0.2138	0.152	0.2605	0.1722	0.2341	0.2618	0.1205	0.3876	0.3016
88	0.2066	0.253	0.2547	0.0936	0.2781	0.215	0.1529	0.2622	0.1726	0.2354	0.2631	0.1206	0.3883	0.3027
89	0.2044	0.2527	0.2545	0.0943	0.2774	0.2151	0.1534	0.2619	0.173	0.2358	0.2631	0.1211	0.3901	0.3033
90	0.2051	0.2539	0.2552	0.0947	0.2773	0.2148	0.1538	0.2615	0.1731	0.2369	0.2633	0.1212	0.39	0.3034
91	0.2048	0.2452	0.2566	0.0953	0.279	0.2152	0.154	0.2624	0.1735	0.2366	0.2639	0.1214	0.3907	0.3041
92	0.202	0.2527	0.2562	0.095	0.2782	0.2153	0.1536	0.262	0.1738	0.2362	0.2639	0.1215	0.3918	0.3044
93	0.2022	0.2522	0.2576	0.0955	0.2792	0.2162	0.155	0.2631	0.1744	0.2375	0.2648	0.1217	0.3926	0.3051
94	0.2011	0.251	0.257	0.0958	0.2791	0.2169	0.1554	0.2635	0.1745	0.2388	0.2651	0.1219	0.3936	0.3055
95	0.2005	0.2511	0.2568	0.0953	0.2783	0.2166	0.155	0.263	0.1746	0.2387	0.2649	0.1221	0.3944	0.3056
96	0.1995	0.2509	0.2554	0.0942	0.2776	0.2161	0.1553	0.263	0.1747	0.2392	0.2652	0.1222	0.3951	0.306
97	0.198	0.2502	0.2556	0.0949	0.2777	0.2175	0.1573	0.2641	0.175	0.2406	0.2661	0.1222	0.3956	0.3066
98	0.1973	0.2504	0.2563	0.0964	0.2788	0.2177	0.157	0.2646	0.175	0.2409	0.2665	0.1225	0.3967	0.3074
99	0.1956	0.2474	0.2577	0.0968	0.2804	0.218	0.1567	0.2653	0.1754	0.2409	0.2672	0.1227	0.3973	0.3082
100	0.1942	0.249	0.2591	0.0967	0.2819	0.2184	0.1573	0.2662	0.1759	0.2418	0.2682	0.1229	0.3982	0.3091
101	0.1945	0.2518	0.259	0.0961	0.2819	0.2194	0.1578	0.2671	0.1762	0.2426	0.2689	0.123	0.3982	0.3095
102	0.1936	0.2491	0.2594	0.0962	0.2819	0.2193	0.1577	0.2669	0.1764	0.2434	0.2691	0.1232	0.3988	0.3099
103	0.1918	0.2492	0.2591	0.0957	0.2818	0.2191	0.1578	0.2668	0.1764	0.2435	0.2692	0.1235	0.3999	0.3103
104	0.1911	0.2501	0.2588	0.0969	0.2821	0.2193	0.1579	0.2673	0.1766	0.2442	0.2698	0.1235	0.4013	0.3109
105	0.1906	0.2485	0.261	0.0977	0.2834	0.2198	0.1581	0.2677	0.1769	0.2435	0.2699	0.1239	0.4021	0.3115
106	0.1896	0.2495	0.2612	0.0982	0.2837	0.2202	0.1582	0.2682	0.1771	0.2436	0.2701	0.1239	0.4022	0.3117
107	0.1886	0.2497	0.2606	0.0973	0.2841	0.2197	0.1573	0.2683	0.1771	0.244	0.2709	0.1241	0.4034	0.3129
108	0.1881	0.2492	0.2616	0.0979	0.2845	0.2209	0.1585	0.2692	0.1779	0.2452	0.2717	0.124	0.4033	0.313
109	0.1877	0.2489	0.2627	0.0986	0.2852	0.2215	0.16	0.2699	0.1779	0.2458	0.2719	0.1242	0.4037	0.3133
110	0.1865	0.2465	0.263	0.0987	0.2853	0.2221	0.1602	0.2702	0.1783	0.2461	0.2722	0.1242	0.4039	0.3134
111	0.1867	0.2516	0.2625	0.0986	0.2849	0.2219	0.1598	0.27	0.178	0.2461	0.272	0.1243	0.4045	0.3136
112	0.186	0.2481	0.2626	0.099	0.2851	0.2217	0.1604	0.2702	0.1779	0.2462	0.2723	0.1246	0.4051	0.3143
113	0.1834	0.2453	0.2632	0.0996	0.2855	0.2217	0.1607	0.2702	0.1779	0.2458	0.2723	0.1248	0.4069	0.315
114	0.1833	0.2469	0.2635	0.1001	0.2851	0.2226	0.1613	0.2704	0.1783	0.2464	0.2722	0.1249	0.4067	0.3147
115	0.1821	0.247	0.2634	0.1001	0.2848	0.2224	0.1623	0.2704	0.1785	0.2467	0.2725	0.1249	0.4074	0.3149
116	0.1808	0.249	0.2628	0.0996	0.2838	0.2217	0.1619	0.2697	0.1788	0.2471	0.2726	0.1249	0.4072	0.3149
117	0.1811	0.2507	0.2622	0.0995	0.2835	0.2222	0.1624	0.2701	0.1793	0.248	0.2731	0.125	0.4082	0.3153
118	0.1796	0.2479	0.2632	0.1004	0.2841	0.2219	0.1622	0.2698	0.1795	0.2488	0.2734	0.1251	0.4083	0.3155
119	0.178	0.2485	0.2629	0.1001	0.2837	0.2225	0.1625	0.2701	0.1796	0.2493	0.2734	0.1254	0.4092	0.3158
120	0.1775	0.2502	0.2642	0.0998	0.2848	0.2228	0.1631	0.2706	0.1799	0.2505	0.2742	0.1255	0.4093	0.3162
121	0.1767	0.2491	0.2632	0.1001	0.2848	0.2231	0.1631	0.2713	0.18	0.2504	0.2746	0.1256	0.4099	0.3169
122	0.176	0.2484	0.2649	0.101	0.2862	0.2234	0.1631	0.2716	0.1804	0.2504	0.275	0.1258	0.4111	0.3174
123	0.1753	0.2467	0.2643	0.1007	0.2858	0.2236	0.1634	0.2718	0.1805	0.2509	0.2754	0.126	0.4113	0.3178
124	0.1746	0.248	0.2651	0.1008	0.2862	0.2244	0.1636	0.2723	0.1807	0.2519	0.2759	0.1262	0.4127	0.3185
125	0.1735	0.2519	0.2658	0.1009	0.287	0.2248	0.164	0.2732	0.1809	0.2522	0.2766	0.1262	0.4135	0.3193
126	0.1727	0.2487	0.2657	0.1012	0.2871	0.2247	0.1644	0.2731	0.1809	0.2519	0.2764	0.1261	0.4124	0.3189
127	0.173	0.2483	0.2656	0.1008	0.2872	0.2244	0.1645	0.2731	0.1811	0.2518	0.2766	0.1263	0.4128	0.3193
128	0.1724	0.2509	0.2651	0.1009	0.2868	0.2247	0.1652	0.2733	0.1809	0.2517	0.2763	0.1266	0.4146	0.3198
129	0.1694	0.2484	0.2645	0.1009	0.2856	0.2243	0.1646	0.2724	0.1811	0.2519	0.2761	0.1267	0.415	0.3196
130	0.168	0.2512	0.2661	0.1012	0.2873	0.225	0.1649	0.2735	0.1813	0.2528	0.277	0.1268	0.416	0.3206
131	0.1685	0.2499	0.2657	0.101	0.2875	0.2254	0.1649	0.2741	0.1815	0.2535	0.2776	0.127	0.4173	0.3213
132	0.1674	0.2492	0.2662	0.1015	0.2879	0.226	0.1655	0.2748	0.1816	0.2539	0.278	0.1271	0.4169	0.3216
133	0.1676	0.2471	0.2658	0.1016	0.2874	0.2255	0.1656	0.2743	0.1819	0.254	0.278	0.1271	0.4176	0.3217
134	0.1666	0.2496	0.2655	0.102	0.2876	0.2256	0.1655	0.2746	0.1822	0.2544	0.2785	0.1271	0.4177	0.322
135	0.1657	0.2516	0.2664	0.1024	0.288	0.226	0.1658	0.2747	0.1822	0.2543	0.2783	0.1272	0.4181	0.3219
136	0.1646	0.249	0.2647	0.1014	0.2867	0.226	0.1661	0.2746	0.1822	0.2545	0.2783	0.1272	0.4189	0.3221
137	0.1636	0.2514	0.265	0.1017	0.2868	0.2262	0.1663	0.2746	0.1823	0.2544	0.2782	0.1273	0.4188	0.3221
138	0.1628	0.2505	0.2658	0.1023	0.2876	0.2264	0.1659	0.275	0.1824	0.2551	0.2788	0.1274	0.4191	0.3226
139	0.1618	0.2481	0.2657	0.1026	0.2876	0.2265	0.1658	0.2749	0.1821	0.2547	0.2784	0.1277	0.42	0.3228
140	0.1624	0.2506	0.2664	0.1028	0.2884	0.226	0.1662	0.2751	0.1827	0.2557	0.2792	0.1278	0.4202	0.3233
141	0.1611	0.2488	0.2667	0.1019	0.289	0.2265	0.1664	0.2757	0.1831	0.2567	0.28	0.1279	0.4205	0.3237
142	0.1604	0.248	0.2683	0.1031	0.2902	0.2259	0.1663	0.2755	0.1831	0.2567	0.2802	0.1281	0.4212	0.3242
143	0.1587	0.2491	0.2684	0.1037	0.2896	0.2267	0.1671	0.2757	0.1831	0.2565	0.2798	0.128	0.4207	0.3238
144	0.1584	0.2482	0.2681	0.1033	0.2895	0.2263	0.1677	0.2757	0.1836	0.257	0.2804	0.1282	0.4214	0.3243
145	0.1581	0.2511	0.2694	0.1038	0.2909	0.2267	0.1682	0.2765	0.1836	0.2578	0.281	0.1284	0.4227	0.3251
146	0.1572	0.2503	0.2698	0.1037	0.2907	0.2265	0.168	0.2761	0.184	0.2588	0.2813	0.1286	0.4233	0.3253
147	0.1562	0.2516	0.2702	0.1042	0.291	0.2267	0.1675	0.2762	0.1841	0.2587	0.2814	0.1284	0.4231	0.3254
148	0.156	0.2517	0.2703	0.1047	0.2915	0.2269	0.1677	0.2767	0.1844	0.2589	0.2819	0.1284	0.4235	0.3258
149	0.1554	0.2509	0.27	0.1041	0.2919	0.2271	0.1677	0.2773	0.1843	0.2586	0.2824	0.1284	0.4234	0.3263
150	0.1542	0.2502	0.2696	0.1042	0.2918	0.2272	0.1682	0.2776	0.1844	0.2592	0.2827	0.1285	0.4241	0.3267
151	0.1534	0.2518	0.2707	0.1046	0.2926	0.2277	0.1689	0.2781	0.1844	0.2592	0.2827	0.1284	0.4246	0.327
152	0.1528	0.2517	0.2712	0.1048	0.2927	0.2276	0.1687	0.278	0.1847	0.2596	0.283	0.1287	0.4258	0.3274
153	0.1526	0.2539	0.2702	0.1045	0.2921	0.2277	0.1689	0.2781	0.1851	0.2606	0.2835	0.1287	0.4248	0.3273
154	0.1518	0.2544	0.2703	0.1048	0.2918	0.228	0.1687	0.278	0.1853	0.261	0.2836	0.1288	0.4257	0.3274
155	0.1515	0.252	0.2712	0.1053	0.2925	0.228	0.1686	0.2781	0.1851	0.2594	0.2832	0.1288	0.426	0.3276
156	0.15	0.2543	0.27	0.1044	0.2922	0.2292	0.1696	0.2793	0.1857	0.261	0.2844	0.129	0.4265	0.3283
157	0.1493	0.2553	0.27	0.1047	0.2923	0.229	0.1698	0.2793	0.1856	0.2614	0.2845	0.129	0.4264	0.3284
158	0.1482	0.253	0.2703	0.105	0.2924	0.2299	0.1712	0.2801	0.1856	0.2612	0.2845	0.1292	0.4271	0.3289
159	0.1478	0.2539	0.27	0.1047	0.2922	0.2295	0.1708	0.2798	0.1861	0.2629	0.2852	0.1293	0.4282	0.3291
160	0.1477	0.2506	0.2704	0.1054	0.2923	0.2297	0.1712	0.2799	0.1858	0.2624	0.2848	0.1294	0.4287	0.3293
161	0.1464	0.253	0.2709	0.1052	0.293	0.2301	0.1717	0.2805	0.186	0.2633	0.2854	0.1295	0.4287	0.3296
162	0.1467	0.2529	0.2712	0.1057	0.2928	0.2292	0.1712	0.2794	0.186	0.2631	0.285	0.1295	0.4289	0.3293
163	0.1445	0.2541	0.2703	0.1048	0.2929	0.229	0.171	0.2798	0.186	0.2629	0.2853	0.1296	0.4293	0.3299
164	0.1448	0.2515	0.2696	0.1051	0.292	0.2293	0.1708	0.2795	0.1859	0.263	0.285	0.1297	0.4294	0.3297
165	0.1447	0.2523	0.2697	0.1046	0.2918	0.2296	0.1709	0.2796	0.1859	0.2624	0.2847	0.1297	0.4296	0.3296
166	0.1435	0.2529	0.2694	0.1046	0.2914	0.2296	0.171	0.2794	0.1862	0.263	0.2849	0.1298	0.4303	0.3298
167	0.1426	0.2544	0.2696	0.1047	0.2917	0.2297	0.172	0.2799	0.1864	0.2638	0.2853	0.1299	0.4311	0.3303
168	0.142	0.2554	0.2699	0.1046	0.2918	0.23	0.1726	0.2803	0.1863	0.2635	0.2854	0.1299	0.4303	0.3302
169	0.1412	0.2573	0.2695	0.1044	0.2917	0.2303	0.1728	0.2804	0.1863	0.2634	0.2853	0.1299	0.4309	0.3303
170	0.1416	0.2565	0.2707	0.1053	0.2925	0.2301	0.1723	0.2803	0.1865	0.2638	0.2855	0.1302	0.4318	0.3308
171	0.1408	0.2557	0.271	0.1054	0.2926	0.2299	0.1723	0.2801	0.1866	0.2643	0.2857	0.13	0.4318	0.3308
172	0.1406	0.2557	0.2702	0.105	0.2917	0.2303	0.1727	0.2803	0.1869	0.2647	0.2859	0.13	0.4313	0.3306
173	0.14	0.2543	0.2707	0.1049	0.2923	0.2304	0.1732	0.2806	0.1869	0.2656	0.2863	0.1302	0.4323	0.3313
174	0.1386	0.2567	0.2697	0.1049	0.2916	0.2301	0.1725	0.2802	0.1866	0.2646	0.2858	0.1303	0.4327	0.3314
175	0.1381	0.2555	0.2708	0.1049	0.2928	0.2298	0.1723	0.2803	0.1869	0.265	0.2863	0.1305	0.4336	0.3319
176	0.1379	0.2561	0.2711	0.1051	0.2929	0.2295	0.1721	0.2802	0.1868	0.265	0.2863	0.1306	0.4334	0.332
177	0.1369	0.2555	0.272	0.1055	0.2933	0.2299	0.1729	0.2804	0.1868	0.2653	0.2862	0.1306	0.4337	0.332
178	0.137	0.2551	0.2715	0.1055	0.2934	0.2295	0.1726	0.2804	0.187	0.2661	0.2868	0.1303	0.4336	0.3321
179	0.1352	0.2578	0.2714	0.1057	0.2933	0.2304	0.1737	0.2812	0.1872	0.2663	0.287	0.1305	0.4336	0.3324
180	0.1349	0.2567	0.2704	0.1054	0.2924	0.2303	0.1738	0.281	0.1871	0.2666	0.2869	0.1304	0.4334	0.3321
181	0.1354	0.2559	0.2712	0.1058	0.2932	0.2304	0.1735	0.2812	0.1871	0.2667	0.2872	0.1305	0.4345	0.3327
182	0.1343	0.2556	0.2716	0.1059	0.2937	0.2308	0.1737	0.2816	0.187	0.266	0.287	0.1304	0.4341	0.3326
183	0.1329	0.2584	0.2722	0.1062	0.2942	0.2312	0.1743	0.2822	0.1873	0.2658	0.2873	0.1304	0.4343	0.3328
184	0.1329	0.2566	0.2717	0.1062	0.2943	0.2314	0.1747	0.2825	0.1875	0.2662	0.2877	0.1304	0.435	0.3332
185	0.1322	0.2564	0.2723	0.1065	0.2945	0.2313	0.1749	0.2824	0.1876	0.2666	0.2879	0.1303	0.4341	0.3329
186	0.132	0.2607	0.2727	0.1073	0.2944	0.2312	0.1749	0.2823	0.1877	0.2669	0.2879	0.1304	0.4347	0.3331
187	0.1315	0.2594	0.2718	0.1074	0.2942	0.2316	0.1748	0.2827	0.1877	0.267	0.2882	0.1305	0.4352	0.3336
188	0.1309	0.2594	0.2727	0.1077	0.2948	0.2317	0.1748	0.2828	0.1879	0.2672	0.2883	0.1307	0.436	0.334
189	0.1307	0.2607	0.2713	0.1072	0.2936	0.2326	0.175	0.283	0.1876	0.2671	0.2881	0.1308	0.4362	0.334
190	0.1293	0.256	0.2723	0.1072	0.294	0.2319	0.175	0.2825	0.1877	0.2672	0.2879	0.1308	0.437	0.334
191	0.1294	0.2603	0.2721	0.1071	0.2939	0.2318	0.1749	0.2825	0.1875	0.2669	0.2879	0.1308	0.437	0.3342
192	0.1279	0.2618	0.2727	0.1074	0.2947	0.2318	0.1755	0.283	0.1878	0.2677	0.2886	0.1309	0.4373	0.3346
193	0.1294	0.2599	0.2717	0.1075	0.2945	0.2324	0.1758	0.2836	0.1883	0.2684	0.2892	0.1309	0.4376	0.3349
194	0.1277	0.2621	0.2725	0.1075	0.2944	0.2321	0.1757	0.283	0.188	0.2677	0.2885	0.1308	0.4374	0.3345
195	0.1278	0.2613	0.2719	0.1074	0.2938	0.2314	0.1751	0.2824	0.1877	0.2672	0.2882	0.1308	0.4379	0.3345
196	0.1277	0.2607	0.2725	0.1078	0.2937	0.2314	0.175	0.2821	0.1876	0.2676	0.2879	0.1308	0.4373	0.3341
197	0.1262	0.2625	0.2718	0.1076	0.294	0.2312	0.1753	0.2826	0.1883	0.2695	0.2893	0.1308	0.4378	0.3348
198	0.1264	0.2637	0.271	0.1072	0.294	0.2313	0.1751	0.2829	0.1883	0.2696	0.2896	0.1308	0.4375	0.3351
199	0.1258	0.2613	0.2709	0.1073	0.2938	0.2315	0.1756	0.2829	0.1879	0.2688	0.2891	0.1308	0.4377	0.335
200	0.1246	0.2647	0.2709	0.1079	0.2939	0.2312	0.1755	0.2828	0.1884	0.2689	0.2894	0.131	0.4385	0.3354
201	0.1247	0.2609	0.271	0.1079	0.2933	0.231	0.1759	0.2823	0.1881	0.2692	0.2891	0.1311	0.4389	0.3353
202	0.1234	0.2609	0.2718	0.1081	0.2939	0.231	0.1754	0.2825	0.1881	0.2694	0.2893	0.131	0.4381	0.3352
203	0.1237	0.2634	0.2719	0.1079	0.2946	0.2311	0.1754	0.2829	0.1884	0.27	0.2899	0.131	0.4391	0.3358
204	0.1232	0.2644	0.272	0.1081	0.2946	0.2321	0.176	0.2836	0.1885	0.2707	0.2902	0.1311	0.4392	0.336
205	0.1232	0.2604	0.2727	0.1084	0.2947	0.2314	0.1759	0.283	0.1885	0.2707	0.2899	0.131	0.4385	0.3354
206	0.1227	0.2649	0.2711	0.108	0.2934	0.2312	0.1756	0.2825	0.1885	0.2709	0.2897	0.131	0.4392	0.3354
207	0.1227	0.2631	0.2713	0.1083	0.2939	0.2313	0.1763	0.2829	0.1882	0.2705	0.2897	0.131	0.4394	0.3357
208	0.1209	0.2656	0.2717	0.1077	0.294	0.2315	0.1766	0.283	0.1881	0.2703	0.2896	0.1311	0.4392	0.3357
209	0.1212	0.2638	0.2709	0.1078	0.2933	0.2311	0.1764	0.2826	0.1885	0.2715	0.29	0.1312	0.4394	0.3358
210	0.1213	0.2629	0.2722	0.1081	0.2948	0.2317	0.1762	0.2833	0.1885	0.271	0.2901	0.1312	0.4395	0.3361
211	0.1207	0.2651	0.2715	0.1082	0.2942	0.2317	0.1762	0.2832	0.1884	0.2715	0.2901	0.1312	0.4398	0.336
212	0.1192	0.2612	0.2717	0.108	0.2939	0.2318	0.1767	0.2831	0.1883	0.2712	0.29	0.1312	0.4397	0.336
213	0.1187	0.2667	0.2708	0.1075	0.293	0.2315	0.1767	0.2827	0.1887	0.272	0.2901	0.1311	0.44	0.3358
214	0.1194	0.2683	0.2708	0.1077	0.2935	0.2317	0.177	0.2833	0.1886	0.2714	0.2902	0.1313	0.4401	0.3362
215	0.1185	0.2643	0.2707	0.1083	0.2933	0.2311	0.1769	0.2828	0.1885	0.2708	0.2899	0.1313	0.4407	0.3363
216	0.1186	0.2651	0.271	0.108	0.294	0.2321	0.1781	0.2841	0.1888	0.2717	0.2907	0.1314	0.4413	0.337
217	0.1177	0.2668	0.27	0.1074	0.2929	0.2322	0.178	0.2838	0.1885	0.2718	0.2905	0.1315	0.4413	0.3369
218	0.1185	0.2681	0.2696	0.1071	0.2924	0.2318	0.1777	0.2833	0.1883	0.2714	0.29	0.1315	0.4411	0.3367
219	0.1167	0.2636	0.2712	0.108	0.2941	0.2318	0.1778	0.284	0.1884	0.2717	0.2907	0.1314	0.4416	0.3373
220	0.1166	0.2659	0.2711	0.1077	0.2941	0.2314	0.1779	0.2839	0.1886	0.272	0.2909	0.1314	0.4418	0.3374
221	0.1159	0.2686	0.2705	0.1076	0.2936	0.2321	0.1782	0.2842	0.1885	0.2718	0.2907	0.1312	0.4413	0.3371
222	0.1157	0.2683	0.2713	0.1082	0.2943	0.2317	0.1779	0.2841	0.1886	0.2717	0.2909	0.1313	0.4414	0.3373
223	0.1161	0.266	0.2712	0.1085	0.2936	0.2321	0.1778	0.2838	0.1887	0.2718	0.2906	0.1313	0.4416	0.3371
224	0.1152	0.2704	0.271	0.1081	0.2932	0.2321	0.1785	0.2836	0.1882	0.2716	0.29	0.1314	0.4424	0.337
225	0.115	0.2666	0.2711	0.1083	0.2934	0.2317	0.1783	0.2834	0.1885	0.2717	0.2902	0.1313	0.4421	0.337
226	0.115	0.2703	0.2709	0.1082	0.2933	0.2319	0.1782	0.2835	0.1885	0.2718	0.2903	0.1313	0.442	0.337
227	0.1137	0.268	0.2708	0.1088	0.2938	0.2329	0.1788	0.2846	0.1879	0.2715	0.2903	0.1313	0.4422	0.3374
228	0.1137	0.268	0.2704	0.1088	0.2931	0.2328	0.1789	0.2842	0.1877	0.2713	0.2899	0.1314	0.4424	0.3373
229	0.1138	0.2698	0.2717	0.1092	0.2938	0.2329	0.1791	0.2842	0.1875	0.2709	0.2896	0.1313	0.4424	0.3371
230	0.1131	0.2716	0.2712	0.1093	0.2937	0.2317	0.178	0.2834	0.1873	0.2706	0.2895	0.1314	0.4426	0.3373
231	0.1132	0.273	0.2728	0.11	0.295	0.2316	0.178	0.2836	0.1876	0.271	0.2901	0.1314	0.443	0.3377
232	0.1126	0.2712	0.2723	0.1097	0.2946	0.2321	0.1778	0.2838	0.1874	0.2715	0.29	0.1313	0.4428	0.3375
233	0.1114	0.2738	0.2719	0.1095	0.2949	0.2319	0.1781	0.2842	0.1878	0.2717	0.2906	0.1314	0.443	0.338
234	0.1118	0.2704	0.2729	0.1099	0.2954	0.2317	0.1774	0.2838	0.1876	0.2709	0.2902	0.1313	0.443	0.3379
235	0.1118	0.2729	0.2713	0.1091	0.2942	0.2316	0.1771	0.2836	0.1879	0.2714	0.2905	0.1313	0.443	0.3378
236	0.1111	0.2737	0.272	0.1094	0.2953	0.2321	0.1778	0.2845	0.1881	0.2722	0.2911	0.1313	0.443	0.3382
237	0.1099	0.2734	0.2717	0.1093	0.2949	0.2321	0.178	0.2844	0.1885	0.2724	0.2913	0.1314	0.4435	0.3384
238	0.1101	0.2703	0.2717	0.1092	0.2946	0.2323	0.1775	0.2842	0.1884	0.2725	0.2912	0.1315	0.4433	0.3383
239	0.1098	0.2734	0.2725	0.1101	0.2955	0.2327	0.1781	0.2849	0.1885	0.2722	0.2914	0.1314	0.4435	0.3386
240	0.1101	0.2727	0.271	0.1094	0.2939	0.2319	0.1779	0.2838	0.1883	0.272	0.2908	0.1314	0.4436	0.3382
241	0.1092	0.2768	0.2708	0.1091	0.2938	0.2323	0.1785	0.2844	0.1881	0.272	0.2909	0.1315	0.4439	0.3385
242	0.1095	0.2744	0.2709	0.1095	0.294	0.2317	0.1782	0.2841	0.1881	0.2723	0.291	0.1315	0.4443	0.3386
243	0.1084	0.273	0.272	0.1094	0.2945	0.2321	0.1784	0.2842	0.1881	0.2724	0.2909	0.1314	0.4433	0.3383
244	0.1081	0.2724	0.2716	0.1092	0.2945	0.2318	0.1778	0.284	0.1881	0.2724	0.291	0.1315	0.4439	0.3385
245	0.1086	0.2768	0.2721	0.109	0.2949	0.2317	0.1777	0.2842	0.188	0.2722	0.2911	0.1315	0.444	0.3387
246	0.1074	0.2749	0.272	0.1093	0.2949	0.2323	0.1785	0.2847	0.1882	0.2729	0.2914	0.1314	0.444	0.3387
247	0.1078	0.2739	0.2729	0.1093	0.2955	0.232	0.1781	0.2844	0.1884	0.2729	0.2915	0.1313	0.4434	0.3386
248	0.107	0.2755	0.2729	0.1098	0.295	0.2314	0.1779	0.2837	0.1884	0.2735	0.2913	0.1313	0.4431	0.3383
249	0.1071	0.2758	0.2728	0.11	0.2947	0.2306	0.177	0.2827	0.1883	0.2733	0.2909	0.1313	0.4435	0.338
250	0.1067	0.2779	0.272	0.1094	0.2942	0.2312	0.1777	0.2832	0.1881	0.2735	0.291	0.1313	0.4434	0.3382
251	0.1062	0.2744	0.273	0.1102	0.2953	0.2316	0.1784	0.284	0.1882	0.2736	0.2914	0.1312	0.4431	0.3384
252	0.1063	0.2768	0.2715	0.1094	0.2947	0.2317	0.1789	0.2844	0.1882	0.2739	0.2917	0.1313	0.4439	0.3389
253	0.1058	0.2736	0.2704	0.1089	0.2944	0.2315	0.1785	0.2845	0.1882	0.2739	0.292	0.1314	0.4441	0.3393
254	0.1057	0.2767	0.2721	0.1093	0.295	0.2312	0.1782	0.2839	0.1882	0.2745	0.2918	0.1314	0.4446	0.3392
255	0.1052	0.2769	0.272	0.1098	0.2941	0.2308	0.1778	0.283	0.1881	0.2742	0.2913	0.1313	0.4443	0.3386
256	0.1051	0.2768	0.2719	0.1101	0.2941	0.2309	0.178	0.2831	0.1883	0.2749	0.2916	0.1314	0.4448	0.3388
257	0.1045	0.2802	0.2719	0.1099	0.2941	0.2307	0.1782	0.2831	0.188	0.2743	0.2913	0.1313	0.4446	0.3388
258	0.1043	0.2796	0.2719	0.1104	0.2939	0.2307	0.1784	0.283	0.188	0.2744	0.2912	0.1313	0.4451	0.3387
259	0.1043	0.2792	0.2716	0.1104	0.2935	0.2314	0.1786	0.2832	0.1884	0.2751	0.2915	0.1313	0.4444	0.3386
260	0.1045	0.2792	0.2718	0.1102	0.2933	0.2315	0.1793	0.2832	0.1881	0.2743	0.2909	0.1312	0.4445	0.3384
261	0.1043	0.2803	0.2717	0.1102	0.2938	0.2314	0.1796	0.2838	0.1874	0.2736	0.291	0.1314	0.4444	0.339
262	0.1037	0.2781	0.2717	0.1104	0.2939	0.2317	0.1799	0.2841	0.1874	0.2731	0.2909	0.1312	0.444	0.3389
263	0.1033	0.2801	0.2716	0.1104	0.2936	0.2319	0.1802	0.284	0.1873	0.2735	0.2907	0.1311	0.4438	0.3385
264	0.1029	0.2815	0.2713	0.1106	0.2934	0.2313	0.1792	0.2833	0.1873	0.274	0.2907	0.1311	0.4439	0.3383
265	0.1028	0.2801	0.2713	0.1101	0.2936	0.2311	0.1797	0.2835	0.1873	0.2734	0.2907	0.1311	0.4443	0.3385
266	0.1026	0.2796	0.2713	0.1101	0.293	0.2312	0.1797	0.283	0.1872	0.2739	0.2903	0.1311	0.4441	0.3381
267	0.1025	0.2792	0.2707	0.1101	0.2932	0.2311	0.1799	0.2834	0.1871	0.273	0.2904	0.131	0.4437	0.3383
268	0.1019	0.2817	0.2701	0.1102	0.2921	0.2309	0.18	0.2828	0.1872	0.274	0.2902	0.1311	0.4438	0.3379
269	0.1014	0.2826	0.2706	0.1106	0.2925	0.2306	0.1793	0.2825	0.1875	0.2743	0.2905	0.1309	0.4439	0.3379
270	0.1015	0.2829	0.2707	0.1102	0.2929	0.2309	0.1793	0.283	0.1874	0.2748	0.2909	0.131	0.4445	0.3384
271	0.1014	0.284	0.27	0.1104	0.2921	0.2307	0.1795	0.2826	0.1873	0.2741	0.2904	0.131	0.4442	0.3381
272	0.1016	0.2817	0.2699	0.1101	0.2922	0.2298	0.179	0.2821	0.1868	0.2741	0.2902	0.1309	0.4439	0.338
273	0.1006	0.2797	0.269	0.1095	0.2912	0.2295	0.1788	0.2816	0.187	0.2741	0.29	0.1309	0.4437	0.3377
274	0.1006	0.2811	0.2693	0.1096	0.2913	0.23	0.1791	0.2819	0.1867	0.2736	0.2897	0.1308	0.4439	0.3377
275	0.1001	0.2863	0.2687	0.1097	0.2913	0.2295	0.1787	0.2816	0.187	0.2732	0.2898	0.1309	0.4436	0.3377
276	0.1006	0.2847	0.2695	0.1103	0.2925	0.2299	0.1785	0.2823	0.1869	0.274	0.2904	0.1306	0.4433	0.338
277	0.0996	0.285	0.2694	0.1099	0.2925	0.2305	0.1798	0.2831	0.1871	0.2745	0.2908	0.1306	0.4435	0.3381
278	0.1001	0.2859	0.2694	0.1096	0.2928	0.2302	0.1792	0.2831	0.1871	0.2745	0.2912	0.1307	0.444	0.3387
279	0.0995	0.2854	0.2695	0.1096	0.2925	0.2302	0.1792	0.2829	0.187	0.2742	0.2908	0.1307	0.4436	0.3384
280	0.0991	0.2854	0.2689	0.1097	0.292	0.2305	0.1791	0.2828	0.1877	0.2753	0.2913	0.1306	0.4434	0.3382
281	0.0991	0.2862	0.2689	0.1093	0.2915	0.2297	0.1784	0.2818	0.1872	0.2745	0.2905	0.1307	0.4435	0.3378
282	0.0992	0.2856	0.2701	0.1095	0.2925	0.2298	0.1786	0.2822	0.1868	0.2738	0.2902	0.1306	0.443	0.3378
283	0.0988	0.2888	0.2696	0.1097	0.2921	0.2298	0.179	0.282	0.187	0.2749	0.2903	0.1307	0.4434	0.3377
284	0.098	0.2891	0.2694	0.1097	0.292	0.2304	0.1797	0.2825	0.1871	0.2748	0.2905	0.1306	0.4429	0.3377
285	0.0988	0.2863	0.2693	0.1099	0.2921	0.2298	0.1789	0.282	0.1872	0.2748	0.2904	0.1306	0.4431	0.3377
286	0.0979	0.2844	0.2689	0.1096	0.2917	0.2299	0.1795	0.2821	0.1866	0.2747	0.2901	0.1305	0.4432	0.3377
287	0.0978	0.2875	0.2687	0.1098	0.2913	0.23	0.1796	0.2822	0.1871	0.2755	0.2906	0.1306	0.4438	0.338
288	0.0978	0.2823	0.2699	0.1103	0.2928	0.2299	0.1794	0.2826	0.1868	0.2749	0.2908	0.1307	0.4441	0.3385
289	0.097	0.291	0.2697	0.1102	0.2927	0.2291	0.1787	0.282	0.187	0.2756	0.291	0.1306	0.4437	0.3383
290	0.0973	0.2875	0.2691	0.1093	0.2919	0.2297	0.1797	0.2822	0.1869	0.2749	0.2905	0.1305	0.4436	0.338
291	0.0969	0.287	0.2697	0.1095	0.2923	0.23	0.1795	0.2825	0.1867	0.2747	0.2904	0.1305	0.4438	0.3382
292	0.0971	0.2875	0.2692	0.1097	0.2925	0.2301	0.1798	0.283	0.1864	0.2744	0.2905	0.1307	0.4449	0.3387
293	0.0966	0.2854	0.2698	0.1102	0.2929	0.2304	0.1797	0.2832	0.1865	0.2746	0.2908	0.1307	0.4442	0.3388
294	0.0966	0.2854	0.2694	0.1102	0.2922	0.2302	0.1796	0.2827	0.1865	0.2748	0.2905	0.1306	0.444	0.3383
295	0.096	0.2901	0.2681	0.1101	0.2912	0.23	0.1798	0.2825	0.1865	0.2748	0.2903	0.1306	0.444	0.3383
296	0.096	0.2902	0.2686	0.1104	0.2915	0.23	0.1798	0.2824	0.1867	0.2748	0.2904	0.1306	0.4447	0.3383
297	0.0962	0.2904	0.2679	0.1096	0.2907	0.229	0.1785	0.2812	0.1866	0.2749	0.29	0.1305	0.4442	0.3379
298	0.0945	0.289	0.2673	0.1093	0.2904	0.2295	0.179	0.2818	0.1866	0.275	0.2901	0.1305	0.4444	0.338
299	0.0951	0.2901	0.2671	0.109	0.2899	0.2296	0.1789	0.2815	0.1864	0.2747	0.2896	0.1305	0.4444	0.3377
300	0.0954	0.292	0.2672	0.1092	0.2901	0.2294	0.1798	0.2817	0.1865	0.2746	0.2898	0.1305	0.4444	0.3379
301	0.0954	0.2889	0.2676	0.1095	0.2908	0.2296	0.1797	0.2822	0.1862	0.2744	0.29	0.1304	0.4441	0.3381
302	0.094	0.2913	0.2677	0.1094	0.2906	0.2296	0.1799	0.282	0.1867	0.2749	0.2902	0.1304	0.4437	0.3379
303	0.0946	0.2905	0.2685	0.1094	0.2909	0.2295	0.1796	0.2819	0.1866	0.2752	0.2902	0.1305	0.4439	0.338
304	0.0946	0.2909	0.2681	0.1099	0.2909	0.2291	0.1796	0.2817	0.1864	0.2752	0.2902	0.1305	0.4444	0.3382
305	0.0934	0.2883	0.2696	0.1106	0.2917	0.2291	0.1795	0.2815	0.1865	0.275	0.29	0.1305	0.4442	0.338
306	0.0943	0.2929	0.2681	0.1099	0.2903	0.2285	0.1791	0.2808	0.1862	0.2751	0.2897	0.1303	0.4437	0.3376
307	0.0936	0.2926	0.2686	0.1103	0.2906	0.2286	0.1792	0.2808	0.1864	0.2752	0.2897	0.1303	0.4435	0.3375
308	0.0938	0.2946	0.2686	0.1105	0.2908	0.2292	0.1793	0.2813	0.1865	0.2754	0.29	0.1302	0.4432	0.3375
309	0.094	0.294	0.2679	0.1101	0.2903	0.2298	0.18	0.2819	0.1864	0.2751	0.29	0.1302	0.4433	0.3377
310	0.0939	0.294	0.2674	0.1096	0.2894	0.2298	0.1801	0.2815	0.1862	0.2748	0.2895	0.1302	0.4434	0.3373
311	0.0938	0.2951	0.267	0.1096	0.2894	0.2294	0.1797	0.2812	0.1864	0.2753	0.2897	0.1302	0.4438	0.3375
312	0.0929	0.2961	0.268	0.11	0.2901	0.2291	0.1795	0.2812	0.1863	0.2752	0.2897	0.1301	0.4433	0.3374
313	0.0929	0.2943	0.2683	0.11	0.29	0.2293	0.1792	0.2809	0.1863	0.2756	0.2895	0.1301	0.4436	0.3371
314	0.0927	0.2943	0.2686	0.1102	0.2902	0.2286	0.179	0.2805	0.1863	0.276	0.2896	0.1301	0.4438	0.3371
315	0.0925	0.2967	0.2691	0.1107	0.2906	0.2285	0.1792	0.2806	0.1858	0.2751	0.2892	0.1301	0.4438	0.3372
316	0.0923	0.2958	0.2687	0.1101	0.2903	0.2286	0.1795	0.2806	0.1858	0.2748	0.2891	0.1299	0.4434	0.3369
317	0.092	0.2984	0.2677	0.1093	0.2903	0.2287	0.1798	0.2812	0.186	0.275	0.2896	0.13	0.4442	0.3375
318	0.0918	0.2909	0.2682	0.1098	0.2906	0.2286	0.1792	0.281	0.1861	0.2751	0.2897	0.13	0.4442	0.3376
319	0.0919	0.2931	0.2679	0.1098	0.2907	0.2281	0.1787	0.2808	0.1862	0.2747	0.2898	0.1301	0.4443	0.3378
320	0.0915	0.2971	0.2679	0.1102	0.2906	0.2289	0.1799	0.2814	0.1863	0.2751	0.2899	0.1301	0.4446	0.3379
321	0.0911	0.2981	0.2677	0.1097	0.2902	0.2291	0.1797	0.2813	0.1861	0.275	0.2897	0.1301	0.4449	0.3378
322	0.0914	0.2975	0.268	0.1098	0.2908	0.2289	0.1797	0.2815	0.1863	0.2753	0.2902	0.1301	0.4448	0.3382
323	0.0915	0.3008	0.268	0.1098	0.2905	0.2284	0.1792	0.281	0.1863	0.2755	0.2901	0.13	0.4444	0.3379
324	0.091	0.2978	0.2673	0.1096	0.2905	0.229	0.1798	0.2818	0.186	0.2747	0.2902	0.1298	0.4434	0.338
325	0.0914	0.2956	0.2687	0.1102	0.2914	0.2289	0.1789	0.2816	0.1862	0.2753	0.2904	0.1298	0.4439	0.3381
326	0.0913	0.2978	0.268	0.1101	0.291	0.2293	0.1798	0.2819	0.186	0.2752	0.2903	0.1297	0.4434	0.3379
327	0.0902	0.2997	0.2682	0.1103	0.2909	0.2291	0.1796	0.2816	0.186	0.2749	0.29	0.1298	0.444	0.3378
328	0.091	0.298	0.2682	0.1103	0.2909	0.2291	0.1799	0.2817	0.1859	0.2747	0.29	0.1296	0.4434	0.3376
329	0.09	0.299	0.2682	0.1104	0.2906	0.2293	0.1802	0.2817	0.1859	0.2748	0.2897	0.1296	0.4435	0.3374
330	0.0905	0.2973	0.2684	0.1103	0.2906	0.2293	0.1801	0.2816	0.186	0.2749	0.2898	0.1297	0.4442	0.3376
331	0.0905	0.2983	0.2683	0.1106	0.2904	0.2285	0.1797	0.2809	0.186	0.2751	0.2897	0.1298	0.4442	0.3375
332	0.09	0.2939	0.2677	0.1104	0.2901	0.2284	0.1799	0.2809	0.1857	0.2747	0.2894	0.1297	0.4438	0.3374
333	0.0904	0.2987	0.2674	0.1101	0.2899	0.2279	0.1794	0.2805	0.1855	0.2748	0.2893	0.1296	0.4434	0.3373
334	0.0896	0.2984	0.268	0.1106	0.2902	0.2284	0.1791	0.2807	0.1856	0.274	0.2891	0.1295	0.4435	0.3371
335	0.09	0.3054	0.2679	0.1102	0.2896	0.2277	0.1787	0.2798	0.1852	0.2734	0.2884	0.1296	0.4437	0.3369
336	0.089	0.2997	0.2677	0.1103	0.2894	0.2277	0.1789	0.2799	0.1851	0.274	0.2886	0.1296	0.4441	0.337
337	0.0891	0.2995	0.2659	0.1097	0.288	0.2279	0.1793	0.2798	0.1852	0.2743	0.2884	0.1295	0.4438	0.3367
338	0.0891	0.2958	0.2666	0.1099	0.2884	0.2284	0.1795	0.28	0.1852	0.2754	0.2887	0.1295	0.4443	0.3369
339	0.0893	0.2989	0.267	0.1103	0.2894	0.2283	0.1795	0.2806	0.1854	0.2751	0.2893	0.1295	0.4443	0.3374
340	0.0887	0.2963	0.267	0.1097	0.2892	0.2287	0.1799	0.2808	0.1855	0.2751	0.2893	0.1296	0.4441	0.3373
341	0.0887	0.2978	0.2678	0.1105	0.29	0.2284	0.1792	0.2806	0.1855	0.2749	0.2894	0.1295	0.4439	0.3373
342	0.0878	0.3001	0.2679	0.1108	0.2902	0.2284	0.1787	0.2806	0.1858	0.2753	0.2897	0.1294	0.4439	0.3374
343	0.0883	0.302	0.2678	0.111	0.2903	0.2285	0.1791	0.2808	0.1856	0.2757	0.2897	0.1295	0.4439	0.3375
344	0.088	0.3041	0.2681	0.111	0.2907	0.2282	0.1791	0.2808	0.1853	0.2751	0.2897	0.1293	0.4436	0.3375
345	0.0886	0.3049	0.2668	0.1101	0.2894	0.2278	0.1789	0.2802	0.1851	0.2746	0.2891	0.1292	0.443	0.337
346	0.0878	0.3016	0.2672	0.11	0.2902	0.2283	0.1792	0.2809	0.1853	0.2743	0.2895	0.1293	0.4432	0.3374
347	0.088	0.3029	0.2675	0.1107	0.2905	0.228	0.1791	0.281	0.1853	0.2746	0.2898	0.1292	0.4432	0.3376
348	0.0878	0.3061	0.2676	0.1107	0.2905	0.228	0.1797	0.281	0.1854	0.2748	0.2898	0.1293	0.4437	0.3377
349	0.0882	0.3033	0.2666	0.1101	0.2896	0.2278	0.1794	0.2806	0.1855	0.2744	0.2895	0.1294	0.4439	0.3376
350	0.0878	0.3035	0.2671	0.1101	0.2897	0.227	0.1785	0.2798	0.1854	0.275	0.2894	0.1293	0.4433	0.3373
351	0.0868	0.3031	0.2674	0.1104	0.2896	0.2273	0.179	0.2797	0.1851	0.2742	0.2888	0.1292	0.4429	0.3368
352	0.0871	0.306	0.2679	0.1102	0.2901	0.2275	0.1789	0.2801	0.1852	0.2745	0.2892	0.1291	0.4428	0.337
353	0.0874	0.3042	0.2686	0.111	0.2907	0.227	0.1789	0.2799	0.1852	0.274	0.289	0.1291	0.4437	0.3371
354	0.0873	0.3049	0.2682	0.1111	0.2901	0.2267	0.1781	0.2793	0.1849	0.2738	0.2886	0.129	0.443	0.3367
355	0.0862	0.3035	0.2679	0.1109	0.2897	0.227	0.1784	0.2793	0.1847	0.2735	0.2882	0.129	0.4433	0.3365
356	0.0864	0.3036	0.2676	0.1107	0.2896	0.227	0.1785	0.2794	0.1847	0.2738	0.2884	0.129	0.443	0.3366
357	0.0865	0.3049	0.2671	0.1108	0.2893	0.2271	0.1786	0.2795	0.1849	0.274	0.2885	0.1289	0.4427	0.3364
358	0.0861	0.3083	0.2672	0.1104	0.2896	0.2277	0.1794	0.2802	0.1849	0.2738	0.2887	0.1288	0.4428	0.3365
359	0.0863	0.3032	0.2665	0.1102	0.289	0.2279	0.1794	0.2802	0.1846	0.2737	0.2884	0.1289	0.4431	0.3366
360	0.0864	0.3083	0.2664	0.1107	0.2886	0.2272	0.1794	0.2796	0.1845	0.2737	0.2882	0.1288	0.4429	0.3363
361	0.0861	0.3074	0.2671	0.1103	0.2894	0.2274	0.1792	0.2799	0.1848	0.274	0.2885	0.1288	0.4434	0.3365
362	0.0863	0.3089	0.2672	0.1102	0.2897	0.2276	0.179	0.2801	0.1843	0.2732	0.2883	0.1288	0.4434	0.3367
363	0.0861	0.3068	0.2679	0.1103	0.2898	0.2274	0.179	0.2798	0.1846	0.2732	0.2883	0.1288	0.4432	0.3365
364	0.0857	0.3092	0.2669	0.11	0.2891	0.227	0.1784	0.2794	0.1844	0.2731	0.2881	0.1288	0.4424	0.3363
365	0.0861	0.3085	0.2669	0.1101	0.2888	0.2273	0.1791	0.2795	0.1843	0.2733	0.288	0.1286	0.4422	0.336
366	0.0857	0.3061	0.2672	0.1106	0.2897	0.2274	0.1796	0.2801	0.1844	0.2734	0.2884	0.1287	0.4424	0.3364
367	0.0853	0.3113	0.268	0.1109	0.29	0.2272	0.1794	0.2799	0.1846	0.2737	0.2885	0.1287	0.4423	0.3363
368	0.0856	0.31	0.2669	0.1104	0.2893	0.2279	0.1791	0.2801	0.1845	0.2737	0.2884	0.1287	0.442	0.3362
369	0.0849	0.3083	0.267	0.1104	0.2901	0.2278	0.1791	0.2807	0.1841	0.2729	0.2887	0.1288	0.4424	0.337
370	0.0849	0.3056	0.2666	0.1105	0.2894	0.2274	0.1788	0.28	0.1841	0.2728	0.2882	0.1287	0.4424	0.3365
371	0.085	0.3061	0.2671	0.1102	0.2898	0.2274	0.1786	0.2801	0.1842	0.2734	0.2884	0.1287	0.4428	0.3367
372	0.0851	0.3098	0.2681	0.1107	0.2901	0.2277	0.1792	0.2801	0.1844	0.2735	0.2883	0.1287	0.4424	0.3363
373	0.0849	0.3096	0.2687	0.1107	0.2906	0.2274	0.1792	0.28	0.1839	0.2726	0.2879	0.1285	0.4421	0.3362
374	0.0848	0.3161	0.2669	0.1101	0.289	0.2267	0.1786	0.2792	0.184	0.273	0.2877	0.1286	0.4423	0.336
375	0.0849	0.3079	0.2669	0.1102	0.2887	0.2264	0.1788	0.2787	0.1841	0.2732	0.2876	0.1286	0.4429	0.3359
376	0.0846	0.3084	0.2669	0.11	0.289	0.2266	0.1789	0.2791	0.184	0.273	0.2877	0.1286	0.4422	0.3359
377	0.084	0.3152	0.2672	0.1106	0.2892	0.2264	0.1786	0.2789	0.184	0.273	0.2877	0.1285	0.4416	0.3358
378	0.0849	0.3138	0.2663	0.1101	0.2885	0.2261	0.1781	0.2785	0.1841	0.2733	0.2876	0.1284	0.442	0.3357
379	0.0844	0.3095	0.2649	0.1095	0.2873	0.2259	0.1778	0.2781	0.1842	0.2733	0.2874	0.1284	0.4421	0.3355
380	0.0845	0.3153	0.2642	0.1095	0.2873	0.2262	0.1784	0.2787	0.1842	0.2741	0.2879	0.1282	0.4418	0.3356
381	0.0839	0.3086	0.2639	0.1095	0.2873	0.2263	0.1786	0.279	0.1841	0.274	0.2881	0.1282	0.442	0.3358
382	0.0846	0.3134	0.2643	0.1097	0.2879	0.2259	0.1785	0.2789	0.1842	0.2738	0.2882	0.1284	0.4428	0.3363
383	0.0835	0.3113	0.2648	0.1098	0.2878	0.2264	0.179	0.2791	0.1839	0.2735	0.2878	0.1282	0.4419	0.3357
384	0.0839	0.3093	0.2649	0.1097	0.2878	0.2258	0.178	0.2784	0.1837	0.2731	0.2875	0.1281	0.4415	0.3355
385	0.0835	0.3096	0.2647	0.1099	0.2875	0.2256	0.1781	0.2782	0.1836	0.2732	0.2873	0.1281	0.4421	0.3355
386	0.0834	0.3133	0.265	0.11	0.2875	0.2256	0.178	0.278	0.1837	0.2731	0.2873	0.128	0.4417	0.3352
387	0.0834	0.3132	0.2657	0.11	0.2878	0.226	0.1781	0.2782	0.1834	0.2732	0.2871	0.1279	0.4419	0.3351
388	0.0829	0.3131	0.2657	0.1104	0.2878	0.2258	0.1781	0.2781	0.1836	0.2738	0.2873	0.1279	0.4414	0.335
389	0.0831	0.3111	0.2658	0.1105	0.2883	0.2253	0.1774	0.2779	0.1836	0.2737	0.2875	0.1278	0.4413	0.3352
390	0.0834	0.3115	0.2662	0.1108	0.2883	0.2255	0.1778	0.278	0.1835	0.2738	0.2874	0.1279	0.4416	0.3353
391	0.0828	0.3163	0.2672	0.1112	0.2887	0.2254	0.1777	0.2778	0.1834	0.2736	0.2872	0.1279	0.4416	0.3351
392	0.0832	0.3154	0.2664	0.1107	0.2881	0.2249	0.1773	0.2774	0.1834	0.2739	0.2873	0.1279	0.4409	0.335
393	0.0826	0.3133	0.2656	0.1106	0.2872	0.2246	0.177	0.2769	0.1834	0.2736	0.2869	0.1278	0.4408	0.3346
394	0.0828	0.3136	0.265	0.1103	0.287	0.2244	0.1766	0.2767	0.1834	0.2736	0.2869	0.1279	0.4407	0.3347
395	0.0822	0.3182	0.2639	0.1102	0.2864	0.2245	0.1763	0.2766	0.1833	0.2732	0.2867	0.128	0.4411	0.3347
396	0.0822	0.3139	0.2643	0.1103	0.2866	0.2246	0.1766	0.2768	0.1835	0.2738	0.287	0.128	0.4417	0.3349
397	0.0827	0.3115	0.2652	0.1109	0.2873	0.2244	0.1768	0.2767	0.1834	0.2735	0.2869	0.1278	0.4409	0.3347
398	0.0818	0.3166	0.2654	0.111	0.2873	0.2247	0.1768	0.2769	0.1835	0.2737	0.287	0.1279	0.4413	0.3347
399	0.0829	0.3162	0.2657	0.1111	0.2876	0.2243	0.1763	0.2765	0.1834	0.2739	0.287	0.1279	0.4415	0.3348
400	0.0822	0.3169	0.2651	0.1105	0.2869	0.2245	0.1763	0.2765	0.1833	0.2736	0.2867	0.1279	0.4409	0.3346
401	0.0821	0.3161	0.2655	0.1109	0.2874	0.2247	0.1766	0.2768	0.1833	0.2736	0.2868	0.1279	0.4414	0.3349
402	0.0813	0.3143	0.2649	0.1107	0.2874	0.2245	0.1762	0.2768	0.183	0.2731	0.2868	0.1277	0.4409	0.3348
403	0.0818	0.3128	0.2645	0.111	0.287	0.2241	0.1767	0.2766	0.183	0.2729	0.2866	0.1276	0.4404	0.3344
404	0.0822	0.318	0.2636	0.1107	0.2864	0.2244	0.1771	0.2769	0.183	0.273	0.2867	0.1276	0.4401	0.3344
405	0.0812	0.3164	0.2639	0.1102	0.2865	0.2244	0.1766	0.2768	0.1832	0.2731	0.2868	0.1275	0.4401	0.3345
406	0.0815	0.3208	0.2637	0.1103	0.2864	0.2249	0.1771	0.2772	0.1835	0.2736	0.2872	0.1274	0.4405	0.3345
407	0.0813	0.3181	0.2649	0.1105	0.287	0.2248	0.1766	0.2769	0.1833	0.2737	0.2868	0.1275	0.4404	0.3343
408	0.0819	0.3149	0.2657	0.1108	0.2876	0.2251	0.1769	0.2772	0.1833	0.2731	0.2868	0.1275	0.4402	0.3343
409	0.0808	0.3155	0.2656	0.1112	0.2876	0.2247	0.1768	0.277	0.1833	0.2728	0.2869	0.1274	0.4402	0.3344
410	0.0809	0.3187	0.2648	0.1107	0.2868	0.2246	0.1774	0.2769	0.1832	0.2727	0.2865	0.1273	0.4394	0.3339
411	0.0814	0.3225	0.266	0.1111	0.2869	0.2245	0.1773	0.2763	0.1836	0.2732	0.2864	0.1273	0.4392	0.3335
412	0.0817	0.319	0.2658	0.1108	0.2875	0.2242	0.1771	0.2766	0.1834	0.2732	0.2867	0.1272	0.4394	0.3339
413	0.0809	0.3234	0.2658	0.1111	0.2875	0.2242	0.1771	0.2764	0.1832	0.2725	0.2863	0.1273	0.4397	0.3339
414	0.0813	0.32	0.2653	0.111	0.2872	0.2237	0.1769	0.2762	0.1829	0.2728	0.2863	0.1273	0.4401	0.334
415	0.0811	0.3231	0.2651	0.1112	0.2869	0.2234	0.1765	0.2758	0.183	0.273	0.2862	0.1271	0.4394	0.3336
416	0.0805	0.3173	0.265	0.1113	0.2867	0.224	0.1768	0.276	0.1829	0.2731	0.2862	0.1271	0.4392	0.3335
417	0.0804	0.3212	0.2662	0.1114	0.2874	0.2237	0.1764	0.2758	0.183	0.2732	0.2862	0.1271	0.4394	0.3335
418	0.0809	0.3213	0.2652	0.1108	0.2867	0.2235	0.1766	0.2757	0.1827	0.2723	0.2857	0.1272	0.4391	0.3334
419	0.0807	0.3194	0.2649	0.1112	0.2868	0.2237	0.1766	0.276	0.1827	0.2724	0.286	0.1272	0.439	0.3336
420	0.0799	0.3203	0.2655	0.112	0.2874	0.2239	0.1768	0.2764	0.1829	0.2728	0.2863	0.1273	0.4396	0.334
421	0.0803	0.3182	0.2642	0.1116	0.2866	0.2241	0.1768	0.2765	0.1829	0.2729	0.2865	0.1272	0.4394	0.334
422	0.0802	0.3208	0.2641	0.1111	0.2861	0.2238	0.1768	0.2761	0.1829	0.2729	0.2863	0.1272	0.4394	0.3338
423	0.0804	0.3172	0.2642	0.1111	0.286	0.2236	0.1768	0.2758	0.1826	0.2724	0.2858	0.1271	0.4394	0.3334
424	0.0802	0.3218	0.2634	0.1107	0.2851	0.2237	0.1766	0.2754	0.1824	0.2724	0.2853	0.1272	0.4397	0.3332
425	0.0801	0.3244	0.2641	0.111	0.2863	0.2236	0.1765	0.2759	0.1825	0.273	0.2859	0.1272	0.4394	0.3336
426	0.0799	0.3203	0.2647	0.1114	0.2865	0.2236	0.1762	0.2757	0.1824	0.273	0.2857	0.1271	0.4393	0.3334
427	0.08	0.3226	0.2643	0.1111	0.2862	0.2234	0.1762	0.2756	0.1825	0.2732	0.2859	0.1271	0.4393	0.3335
428	0.0798	0.3191	0.2643	0.1109	0.2865	0.2233	0.1764	0.2759	0.1825	0.273	0.2861	0.127	0.439	0.3335
429	0.0795	0.3243	0.2636	0.1108	0.2856	0.2236	0.1761	0.2755	0.1826	0.273	0.2857	0.127	0.4388	0.333
430	0.0793	0.3224	0.263	0.1106	0.2852	0.2237	0.1764	0.2755	0.1823	0.2726	0.2853	0.1269	0.4387	0.3328
431	0.08	0.3238	0.2627	0.1107	0.285	0.2234	0.176	0.2754	0.1822	0.2725	0.2855	0.1268	0.4385	0.3329
432	0.0795	0.323	0.2632	0.1107	0.2858	0.2233	0.176	0.2756	0.1821	0.2725	0.2856	0.1269	0.4387	0.3333
433	0.0796	0.3235	0.2629	0.1108	0.2854	0.2235	0.1763	0.2756	0.1825	0.2729	0.2857	0.1267	0.4384	0.3329
434	0.0792	0.3245	0.2636	0.1109	0.286	0.2237	0.1766	0.2759	0.1823	0.2725	0.2856	0.1267	0.4376	0.3328
435	0.0793	0.3259	0.2629	0.1103	0.2856	0.2234	0.1767	0.2758	0.1819	0.2724	0.2854	0.1267	0.4375	0.3327
436	0.0795	0.3221	0.2628	0.1103	0.2848	0.2233	0.1763	0.275	0.1816	0.272	0.2846	0.1266	0.4379	0.3322
437	0.0793	0.3214	0.263	0.1103	0.2849	0.2232	0.1759	0.2749	0.1817	0.2722	0.2846	0.1267	0.4379	0.3321
438	0.0789	0.3253	0.263	0.1105	0.2851	0.2232	0.176	0.2751	0.1823	0.2727	0.2852	0.1267	0.4382	0.3323
439	0.0793	0.3231	0.2622	0.1104	0.284	0.2227	0.1755	0.2743	0.1819	0.2721	0.2844	0.1266	0.4379	0.3319
440	0.0789	0.3221	0.2614	0.1098	0.2832	0.2228	0.1759	0.2742	0.1817	0.2721	0.2841	0.1265	0.4377	0.3316
441	0.0792	0.3259	0.2625	0.1105	0.2844	0.2228	0.1761	0.2745	0.1817	0.272	0.2844	0.1265	0.438	0.3319
442	0.0789	0.3264	0.2632	0.111	0.2853	0.2231	0.1762	0.275	0.1816	0.2717	0.2847	0.1265	0.438	0.3322
443	0.0788	0.3247	0.2625	0.1107	0.2849	0.2233	0.1764	0.2753	0.1816	0.2714	0.2846	0.1264	0.4375	0.3321
444	0.0784	0.3301	0.2621	0.1107	0.2846	0.2235	0.1762	0.2753	0.1816	0.2714	0.2846	0.1263	0.4369	0.3318
445	0.0786	0.3242	0.2611	0.11	0.2838	0.2231	0.1757	0.2747	0.1813	0.2714	0.2842	0.1263	0.437	0.3317
446	0.0785	0.3274	0.2622	0.1106	0.2845	0.2227	0.1756	0.2745	0.1813	0.2718	0.2845	0.1264	0.4369	0.3319
447	0.0786	0.3281	0.2612	0.1108	0.2834	0.2227	0.1758	0.2741	0.1815	0.2719	0.2841	0.1263	0.437	0.3314
448	0.0778	0.3298	0.2625	0.1114	0.2842	0.2226	0.176	0.2742	0.1816	0.2718	0.2844	0.1263	0.4367	0.3315
449	0.0784	0.3248	0.2615	0.1108	0.2832	0.2231	0.176	0.2741	0.1817	0.2722	0.2841	0.1263	0.4373	0.3313
450	0.0787	0.3297	0.2618	0.1109	0.2833	0.2234	0.1765	0.2744	0.1815	0.2719	0.284	0.1262	0.4365	0.3311
451	0.0782	0.3272	0.2616	0.1104	0.2833	0.2231	0.1763	0.2743	0.1815	0.2721	0.2841	0.1262	0.4373	0.3314
452	0.0781	0.3286	0.2618	0.1106	0.2838	0.223	0.1762	0.2745	0.1815	0.2721	0.2844	0.1262	0.4369	0.3315
453	0.0788	0.3276	0.2621	0.1106	0.284	0.2231	0.1763	0.2747	0.1814	0.2722	0.2845	0.1262	0.4369	0.3317
454	0.0782	0.3279	0.2619	0.1106	0.2836	0.2231	0.1761	0.2744	0.1816	0.2726	0.2844	0.1263	0.4369	0.3314
455	0.0778	0.3262	0.2617	0.1106	0.2838	0.2229	0.1759	0.2743	0.1817	0.2727	0.2845	0.1262	0.437	0.3314
456	0.0781	0.3284	0.2613	0.1104	0.2831	0.2222	0.1754	0.2735	0.1813	0.2719	0.2837	0.1261	0.4366	0.3309
457	0.0778	0.3291	0.2616	0.1106	0.2833	0.2215	0.1755	0.2732	0.1809	0.2707	0.2834	0.1262	0.4368	0.3311
458	0.0775	0.3306	0.262	0.1106	0.2837	0.2213	0.1753	0.2732	0.1813	0.2711	0.2837	0.1262	0.4366	0.3312
459	0.078	0.3322	0.2619	0.1103	0.2835	0.2216	0.1753	0.2732	0.1816	0.272	0.2841	0.126	0.4357	0.3309
460	0.0776	0.3299	0.2624	0.1109	0.2843	0.2221	0.1757	0.274	0.1817	0.2718	0.2844	0.1261	0.436	0.3313
461	0.0768	0.3289	0.2617	0.1104	0.2836	0.2218	0.1755	0.2736	0.1813	0.2711	0.2839	0.126	0.4361	0.3311
462	0.0772	0.3301	0.2605	0.1097	0.2828	0.2219	0.1752	0.2735	0.1809	0.271	0.2835	0.126	0.4364	0.331
463	0.0772	0.3281	0.2609	0.1095	0.283	0.2224	0.1756	0.2739	0.1808	0.2708	0.2835	0.1261	0.4363	0.3311
464	0.0774	0.3292	0.2612	0.1103	0.2834	0.2218	0.1754	0.2737	0.1807	0.2706	0.2836	0.126	0.4364	0.3312
465	0.077	0.3312	0.261	0.1098	0.2826	0.222	0.1752	0.2733	0.1808	0.2708	0.2832	0.1259	0.436	0.3306
466	0.0775	0.3305	0.2617	0.1101	0.2836	0.2221	0.1753	0.2738	0.1808	0.271	0.2836	0.126	0.4359	0.3309
467	0.0776	0.3282	0.2612	0.1102	0.2829	0.2222	0.1754	0.2736	0.1806	0.2708	0.2832	0.1259	0.4353	0.3306
468	0.0774	0.3327	0.261	0.1102	0.2829	0.2223	0.1755	0.2737	0.1806	0.2711	0.2833	0.1258	0.4357	0.3306
469	0.0767	0.3339	0.2612	0.1106	0.2836	0.2218	0.1753	0.2739	0.1806	0.2711	0.2837	0.1258	0.4355	0.331
470	0.0773	0.3311	0.2607	0.1107	0.2833	0.2222	0.1758	0.2741	0.1807	0.271	0.2837	0.1259	0.4359	0.3311
471	0.0764	0.3304	0.2605	0.1107	0.2833	0.2217	0.1755	0.2737	0.1805	0.2706	0.2834	0.1257	0.4352	0.3306
472	0.0773	0.3297	0.2607	0.1108	0.2833	0.2222	0.1757	0.274	0.1806	0.2709	0.2834	0.1257	0.4355	0.3305
473	0.077	0.3321	0.2618	0.1114	0.284	0.2214	0.1758	0.2736	0.1801	0.2699	0.283	0.1256	0.4353	0.3306
474	0.0759	0.3286	0.2621	0.1111	0.2838	0.2216	0.1756	0.2733	0.1804	0.2704	0.2829	0.1256	0.4349	0.3302
475	0.0773	0.331	0.2617	0.1109	0.2835	0.2216	0.1758	0.2734	0.1802	0.2702	0.2828	0.1255	0.4349	0.3302
476	0.0767	0.3345	0.2605	0.1104	0.2829	0.2214	0.1758	0.2734	0.1803	0.2704	0.283	0.1256	0.435	0.3303
477	0.0765	0.3319	0.2612	0.1104	0.2838	0.2213	0.1754	0.2736	0.1806	0.2708	0.2835	0.1256	0.4351	0.3305
478	0.0766	0.3333	0.2606	0.1103	0.2834	0.2215	0.1755	0.2737	0.1806	0.2709	0.2835	0.1255	0.4347	0.3304
479	0.0762	0.3342	0.26	0.11	0.2829	0.2208	0.1753	0.2732	0.1808	0.2713	0.2837	0.1254	0.4343	0.3302
480	0.0761	0.3325	0.2601	0.1099	0.2828	0.2214	0.1753	0.2734	0.1809	0.2713	0.2837	0.1254	0.4346	0.3303
481	0.076	0.3313	0.2606	0.1101	0.2831	0.2222	0.1759	0.274	0.1805	0.2708	0.2834	0.1254	0.4343	0.3303
482	0.0767	0.3324	0.2608	0.1105	0.2834	0.2221	0.1759	0.2742	0.1805	0.271	0.2836	0.1254	0.4348	0.3304
483	0.0764	0.335	0.2609	0.11	0.2836	0.2219	0.1763	0.2741	0.1808	0.2709	0.2836	0.1254	0.4347	0.3303
484	0.0757	0.3344	0.2607	0.11	0.2835	0.2219	0.1764	0.2741	0.1803	0.2704	0.2833	0.1254	0.4343	0.3302
485	0.0759	0.3304	0.2612	0.1102	0.2838	0.2214	0.1763	0.2738	0.1799	0.2697	0.2829	0.1254	0.4346	0.3303
486	0.076	0.3331	0.2612	0.11	0.2834	0.2216	0.1765	0.2736	0.1801	0.2706	0.283	0.1254	0.4348	0.3301
487	0.0762	0.3357	0.2602	0.11	0.2827	0.2212	0.1763	0.2734	0.1804	0.2704	0.2831	0.1252	0.4341	0.3298
488	0.076	0.3343	0.26	0.1096	0.2826	0.221	0.176	0.2732	0.1803	0.2708	0.2831	0.1252	0.4341	0.3298
489	0.0758	0.3353	0.2597	0.1101	0.2822	0.2216	0.1766	0.2733	0.1801	0.2705	0.2827	0.1252	0.4347	0.3297
490	0.0759	0.3367	0.259	0.11	0.2821	0.2204	0.1758	0.2727	0.1799	0.27	0.2827	0.1253	0.4347	0.3299
491	0.076	0.3384	0.26	0.1102	0.2823	0.2216	0.1764	0.2733	0.1799	0.27	0.2824	0.1253	0.4341	0.3296
492	0.0758	0.335	0.2594	0.1099	0.282	0.2217	0.1761	0.2732	0.1801	0.2703	0.2826	0.1252	0.4343	0.3295
493	0.076	0.3363	0.2599	0.1101	0.282	0.2214	0.1759	0.2729	0.1799	0.2703	0.2824	0.1252	0.4347	0.3295
494	0.0755	0.3291	0.2615	0.1106	0.2834	0.2216	0.1761	0.2734	0.1798	0.2701	0.2827	0.1252	0.4343	0.3298
495	0.076	0.3343	0.2603	0.11	0.2827	0.2215	0.1759	0.2733	0.1798	0.2701	0.2826	0.1252	0.4345	0.3298
496	0.0764	0.334	0.2604	0.1104	0.2825	0.2213	0.1767	0.2732	0.1796	0.2698	0.2823	0.1251	0.4347	0.3297
497	0.0752	0.3381	0.2594	0.1099	0.282	0.2215	0.1765	0.2733	0.1796	0.2702	0.2824	0.1251	0.434	0.3295
498	0.0754	0.3368	0.2598	0.11	0.2824	0.2214	0.1762	0.2732	0.1795	0.27	0.2824	0.1251	0.4341	0.3295
499	0.0754	0.3368	0.2597	0.1096	0.2818	0.2211	0.1758	0.2728	0.1796	0.2699	0.2822	0.125	0.4339	0.3293
500	0.0759	0.3406	0.2603	0.1093	0.2823	0.221	0.1758	0.2728	0.1797	0.27	0.2824	0.1249	0.4339	0.3292
