{"n_layers": 0, "device": "cuda", "batch_size": 2048, "embedding_dim": 1024, "learning_rate": 0.001, "dataset": "dbbook", "epochs": 150, "top_k": 50, "multimodal": true, "datasets": {"dbbook": ["images", "text"], "ml1m": ["audio", "images", "text", "video"]}}
Epoch	Loss	Recall	Precision	NDCG
1	0.6919	0.0275	0.0034	0.0153
2	0.6684	0.0435	0.0055	0.0279
3	0.6469	0.0559	0.0071	0.0372
4	0.6239	0.0675	0.0087	0.0472
5	0.5975	0.0835	0.0108	0.0577
6	0.5683	0.0977	0.0129	0.0679
7	0.5359	0.1131	0.0149	0.0768
8	0.4997	0.1261	0.0167	0.0843
9	0.4622	0.1370	0.0184	0.0906
10	0.4233	0.1450	0.0195	0.0951
11	0.3853	0.1513	0.0205	0.0986
12	0.3493	0.1559	0.0211	0.1014
13	0.3152	0.1613	0.0219	0.1042
14	0.2843	0.1637	0.0223	0.1055
15	0.2568	0.1678	0.0229	0.1077
16	0.2321	0.1708	0.0233	0.1092
17	0.2098	0.1729	0.0236	0.1102
18	0.1910	0.1752	0.0239	0.1114
19	0.1731	0.1774	0.0242	0.1123
20	0.1582	0.1788	0.0244	0.1133
21	0.1452	0.1809	0.0247	0.1144
22	0.1332	0.1830	0.0249	0.1155
23	0.1234	0.1841	0.0250	0.1160
24	0.1130	0.1856	0.0252	0.1167
25	0.1056	0.1854	0.0252	0.1170
26	0.0969	0.1867	0.0254	0.1177
27	0.0907	0.1866	0.0254	0.1179
28	0.0837	0.1882	0.0256	0.1189
29	0.0781	0.1890	0.0257	0.1195
30	0.0749	0.1897	0.0258	0.1198
31	0.0691	0.1897	0.0258	0.1201
32	0.0646	0.1906	0.0259	0.1206
33	0.0607	0.1913	0.0260	0.1210
34	0.0584	0.1918	0.0261	0.1213
35	0.0550	0.1926	0.0261	0.1218
36	0.0521	0.1936	0.0263	0.1222
37	0.0498	0.1948	0.0264	0.1227
38	0.0482	0.1956	0.0264	0.1232
39	0.0439	0.1959	0.0265	0.1233
40	0.0430	0.1966	0.0266	0.1236
41	0.0407	0.1963	0.0266	0.1238
42	0.0393	0.1969	0.0266	0.1242
43	0.0379	0.1977	0.0267	0.1245
44	0.0357	0.1981	0.0268	0.1249
45	0.0350	0.1982	0.0268	0.1251
46	0.0333	0.1988	0.0269	0.1254
47	0.0319	0.1984	0.0268	0.1257
48	0.0317	0.1986	0.0268	0.1259
49	0.0298	0.1990	0.0269	0.1260
50	0.0292	0.2001	0.0269	0.1264
51	0.0282	0.2009	0.0270	0.1269
52	0.0270	0.2008	0.0270	0.1268
53	0.0267	0.2010	0.0270	0.1269
54	0.0249	0.2016	0.0271	0.1271
55	0.0248	0.2019	0.0271	0.1273
56	0.0243	0.2023	0.0272	0.1274
57	0.0237	0.2025	0.0272	0.1276
58	0.0229	0.2028	0.0272	0.1277
59	0.0225	0.2030	0.0273	0.1278
60	0.0215	0.2039	0.0273	0.1282
61	0.0210	0.2041	0.0273	0.1284
62	0.0209	0.2045	0.0274	0.1288
63	0.0204	0.2047	0.0274	0.1288
64	0.0199	0.2053	0.0275	0.1291
65	0.0191	0.2048	0.0274	0.1292
66	0.0191	0.2056	0.0275	0.1296
67	0.0183	0.2059	0.0275	0.1295
68	0.0184	0.2062	0.0275	0.1296
69	0.0175	0.2063	0.0276	0.1300
70	0.0178	0.2060	0.0276	0.1300
71	0.0173	0.2059	0.0276	0.1302
72	0.0168	0.2057	0.0276	0.1304
73	0.0166	0.2059	0.0276	0.1309
74	0.0160	0.2057	0.0277	0.1310
75	0.0160	0.2055	0.0276	0.1307
76	0.0160	0.2057	0.0276	0.1308
77	0.0154	0.2052	0.0276	0.1307
78	0.0152	0.2056	0.0277	0.1308
79	0.0149	0.2054	0.0277	0.1307
80	0.0148	0.2054	0.0276	0.1306
81	0.0146	0.2061	0.0276	0.1309
82	0.0142	0.2056	0.0276	0.1311
83	0.0144	0.2064	0.0277	0.1313
84	0.0138	0.2066	0.0277	0.1314
85	0.0134	0.2068	0.0277	0.1315
86	0.0137	0.2070	0.0277	0.1317
87	0.0139	0.2073	0.0278	0.1319
88	0.0138	0.2077	0.0278	0.1321
89	0.0138	0.2074	0.0278	0.1320
90	0.0133	0.2078	0.0278	0.1321
91	0.0131	0.2081	0.0279	0.1321
92	0.0135	0.2087	0.0279	0.1322
93	0.0126	0.2083	0.0279	0.1320
94	0.0130	0.2086	0.0279	0.1322
95	0.0127	0.2097	0.0280	0.1326
96	0.0121	0.2095	0.0280	0.1327
97	0.0118	0.2099	0.0281	0.1329
98	0.0117	0.2097	0.0281	0.1329
99	0.0121	0.2107	0.0281	0.1331
100	0.0122	0.2108	0.0281	0.1332
101	0.0118	0.2103	0.0281	0.1331
102	0.0116	0.2100	0.0281	0.1332
103	0.0112	0.2100	0.0281	0.1333
104	0.0119	0.2102	0.0281	0.1335
105	0.0116	0.2105	0.0282	0.1339
106	0.0109	0.2107	0.0282	0.1343
107	0.0114	0.2106	0.0281	0.1344
108	0.0117	0.2108	0.0282	0.1346
109	0.0114	0.2107	0.0281	0.1345
110	0.0107	0.2108	0.0281	0.1344
111	0.0112	0.2111	0.0282	0.1346
112	0.0108	0.2104	0.0281	0.1345
113	0.0111	0.2109	0.0281	0.1345
114	0.0111	0.2107	0.0281	0.1343
115	0.0105	0.2102	0.0281	0.1341
116	0.0108	0.2102	0.0280	0.1342
117	0.0109	0.2105	0.0281	0.1345
118	0.0106	0.2108	0.0281	0.1346
119	0.0105	0.2103	0.0280	0.1346
120	0.0103	0.2111	0.0281	0.1349
121	0.0104	0.2114	0.0281	0.1351
122	0.0108	0.2123	0.0282	0.1355
123	0.0101	0.2116	0.0281	0.1356
124	0.0103	0.2121	0.0282	0.1357
125	0.0106	0.2120	0.0282	0.1357
126	0.0102	0.2120	0.0282	0.1358
127	0.0102	0.2116	0.0282	0.1358
128	0.0100	0.2121	0.0282	0.1358
129	0.0100	0.2122	0.0282	0.1356
130	0.0095	0.2124	0.0283	0.1358
131	0.0101	0.2128	0.0283	0.1360
132	0.0097	0.2128	0.0283	0.1360
133	0.0102	0.2124	0.0283	0.1359
134	0.0095	0.2124	0.0283	0.1360
135	0.0101	0.2120	0.0282	0.1358
136	0.0100	0.2120	0.0282	0.1357
137	0.0099	0.2132	0.0283	0.1361
138	0.0093	0.2125	0.0282	0.1361
139	0.0097	0.2129	0.0282	0.1362
140	0.0101	0.2125	0.0282	0.1362
141	0.0098	0.2123	0.0282	0.1361
142	0.0098	0.2117	0.0282	0.1359
143	0.0094	0.2121	0.0283	0.1362
144	0.0090	0.2126	0.0283	0.1363
145	0.0091	0.2134	0.0283	0.1366
146	0.0097	0.2134	0.0283	0.1365
147	0.0096	0.2140	0.0284	0.1368
148	0.0095	0.2139	0.0284	0.1371
149	0.0090	0.2137	0.0284	0.1373
150	0.0094	0.2138	0.0284	0.1374
