{"n_layers": 2, "device": "cuda", "batch_size": 2048, "embedding_dim": 256, "learning_rate": 0.0005, "dataset": "dbbook", "epochs": 150, "top_k": 50, "multimodal": false, "datasets": {"dbbook": ["images", "text"], "ml1m": ["audio", "images", "text", "video"]}}
Epoch	Loss	Recall	Precision	NDCG
1	0.6921	0.0593	0.0085	0.0351
2	0.6901	0.1344	0.0195	0.0713
3	0.6847	0.1345	0.0196	0.0700
4	0.6710	0.1295	0.0190	0.0667
5	0.6443	0.1251	0.0185	0.0643
6	0.6039	0.1230	0.0182	0.0631
7	0.5553	0.1223	0.0181	0.0626
8	0.5064	0.1219	0.0181	0.0625
9	0.4617	0.1223	0.0180	0.0625
10	0.4262	0.1227	0.0181	0.0627
11	0.3964	0.1235	0.0182	0.0631
12	0.3737	0.1244	0.0184	0.0637
13	0.3554	0.1250	0.0185	0.0641
14	0.3393	0.1260	0.0186	0.0648
15	0.3251	0.1271	0.0188	0.0656
16	0.3153	0.1281	0.0189	0.0662
17	0.3044	0.1295	0.0191	0.0671
18	0.2947	0.1308	0.0192	0.0680
19	0.2859	0.1319	0.0194	0.0688
20	0.2753	0.1332	0.0195	0.0695
21	0.2674	0.1343	0.0197	0.0702
22	0.2640	0.1350	0.0198	0.0709
23	0.2517	0.1366	0.0200	0.0720
24	0.2499	0.1381	0.0202	0.0730
25	0.2422	0.1386	0.0203	0.0736
26	0.2337	0.1400	0.0204	0.0746
27	0.2279	0.1416	0.0207	0.0757
28	0.2225	0.1429	0.0208	0.0766
29	0.2169	0.1444	0.0210	0.0775
30	0.2102	0.1463	0.0212	0.0784
31	0.2067	0.1479	0.0214	0.0793
32	0.1990	0.1490	0.0215	0.0802
33	0.1930	0.1510	0.0218	0.0813
34	0.1879	0.1527	0.0220	0.0823
35	0.1829	0.1544	0.0222	0.0833
36	0.1790	0.1555	0.0224	0.0838
37	0.1738	0.1566	0.0225	0.0845
38	0.1659	0.1587	0.0227	0.0855
39	0.1673	0.1598	0.0229	0.0862
40	0.1605	0.1619	0.0232	0.0873
41	0.1558	0.1634	0.0233	0.0880
42	0.1514	0.1646	0.0235	0.0888
43	0.1498	0.1659	0.0236	0.0895
44	0.1470	0.1676	0.0238	0.0904
45	0.1458	0.1692	0.0240	0.0912
46	0.1381	0.1708	0.0241	0.0920
47	0.1374	0.1722	0.0243	0.0925
48	0.1339	0.1731	0.0244	0.0932
49	0.1292	0.1736	0.0245	0.0934
50	0.1273	0.1740	0.0245	0.0937
51	0.1262	0.1753	0.0247	0.0944
52	0.1225	0.1762	0.0249	0.0949
53	0.1196	0.1786	0.0251	0.0960
54	0.1204	0.1797	0.0253	0.0966
55	0.1157	0.1816	0.0254	0.0973
56	0.1129	0.1824	0.0255	0.0978
57	0.1102	0.1830	0.0256	0.0982
58	0.1105	0.1836	0.0257	0.0989
59	0.1082	0.1845	0.0258	0.0994
60	0.1034	0.1859	0.0260	0.1002
61	0.1023	0.1868	0.0261	0.1008
62	0.0983	0.1873	0.0261	0.1012
63	0.0962	0.1879	0.0262	0.1017
64	0.0968	0.1886	0.0263	0.1022
65	0.0939	0.1895	0.0264	0.1027
66	0.0914	0.1906	0.0264	0.1031
67	0.0899	0.1910	0.0265	0.1035
68	0.0881	0.1916	0.0266	0.1040
69	0.0878	0.1919	0.0266	0.1043
70	0.0847	0.1924	0.0267	0.1046
71	0.0845	0.1931	0.0268	0.1050
72	0.0826	0.1932	0.0268	0.1052
73	0.0794	0.1931	0.0268	0.1052
74	0.0807	0.1939	0.0268	0.1058
75	0.0809	0.1949	0.0269	0.1064
76	0.0759	0.1956	0.0270	0.1069
77	0.0749	0.1956	0.0270	0.1072
78	0.0744	0.1961	0.0271	0.1077
79	0.0731	0.1968	0.0272	0.1080
80	0.0734	0.1973	0.0272	0.1084
81	0.0700	0.1978	0.0272	0.1087
82	0.0698	0.1987	0.0273	0.1093
83	0.0681	0.1990	0.0273	0.1096
84	0.0666	0.1997	0.0274	0.1098
85	0.0648	0.2001	0.0274	0.1099
86	0.0653	0.2003	0.0274	0.1100
87	0.0648	0.2006	0.0275	0.1102
88	0.0635	0.2011	0.0275	0.1106
89	0.0624	0.2016	0.0276	0.1109
90	0.0637	0.2028	0.0277	0.1114
91	0.0615	0.2030	0.0277	0.1115
92	0.0595	0.2028	0.0277	0.1116
93	0.0582	0.2030	0.0278	0.1118
94	0.0575	0.2035	0.0278	0.1119
95	0.0564	0.2042	0.0279	0.1122
96	0.0564	0.2055	0.0280	0.1128
97	0.0562	0.2055	0.0280	0.1130
98	0.0560	0.2054	0.0280	0.1131
99	0.0542	0.2056	0.0279	0.1134
100	0.0531	0.2063	0.0280	0.1136
101	0.0526	0.2065	0.0280	0.1137
102	0.0527	0.2062	0.0280	0.1137
103	0.0514	0.2068	0.0280	0.1140
104	0.0487	0.2070	0.0281	0.1144
105	0.0498	0.2072	0.0281	0.1144
106	0.0500	0.2071	0.0281	0.1144
107	0.0481	0.2075	0.0282	0.1147
108	0.0465	0.2076	0.0282	0.1149
109	0.0479	0.2075	0.0281	0.1149
110	0.0478	0.2073	0.0281	0.1151
111	0.0470	0.2079	0.0282	0.1153
112	0.0463	0.2082	0.0282	0.1154
113	0.0462	0.2083	0.0282	0.1157
114	0.0459	0.2088	0.0283	0.1162
115	0.0420	0.2090	0.0283	0.1164
116	0.0430	0.2097	0.0284	0.1167
117	0.0413	0.2102	0.0284	0.1169
118	0.0410	0.2107	0.0285	0.1172
119	0.0404	0.2107	0.0284	0.1174
120	0.0406	0.2109	0.0285	0.1176
121	0.0406	0.2108	0.0285	0.1177
122	0.0396	0.2107	0.0285	0.1177
123	0.0391	0.2109	0.0285	0.1179
124	0.0387	0.2111	0.0285	0.1182
125	0.0397	0.2109	0.0285	0.1182
126	0.0404	0.2110	0.0285	0.1185
127	0.0388	0.2119	0.0286	0.1188
128	0.0377	0.2122	0.0286	0.1189
129	0.0367	0.2120	0.0286	0.1189
130	0.0357	0.2123	0.0286	0.1189
131	0.0361	0.2125	0.0286	0.1190
132	0.0365	0.2122	0.0286	0.1190
133	0.0342	0.2127	0.0286	0.1193
134	0.0349	0.2134	0.0286	0.1196
135	0.0336	0.2134	0.0287	0.1196
136	0.0348	0.2131	0.0287	0.1196
137	0.0350	0.2136	0.0287	0.1198
138	0.0334	0.2143	0.0287	0.1199
139	0.0351	0.2144	0.0287	0.1201
140	0.0328	0.2146	0.0287	0.1203
141	0.0336	0.2147	0.0287	0.1204
142	0.0326	0.2147	0.0287	0.1204
143	0.0316	0.2153	0.0287	0.1208
144	0.0312	0.2152	0.0287	0.1209
145	0.0318	0.2152	0.0287	0.1210
146	0.0315	0.2155	0.0288	0.1211
147	0.0314	0.2156	0.0288	0.1214
148	0.0292	0.2152	0.0287	0.1213
149	0.0300	0.2152	0.0287	0.1213
150	0.0297	0.2149	0.0287	0.1213
