{"n_layers": 2, "device": "cuda", "batch_size": 2048, "embedding_dim": 512, "learning_rate": 0.001, "dataset": "dbbook", "epochs": 150, "top_k": 5, "multimodal": false, "datasets": {"dbbook": ["images", "text"], "ml1m": ["audio", "images", "text", "video"]}}
Epoch	Loss	Recall	Precision	NDCG
1	0.6895	0.0255	0.0350	0.0345
2	0.6688	0.0207	0.0297	0.0285
3	0.5994	0.0184	0.0271	0.0255
4	0.4865	0.0175	0.0254	0.0242
5	0.3895	0.0179	0.0259	0.0247
6	0.3294	0.0185	0.0266	0.0256
7	0.2932	0.0199	0.0286	0.0274
8	0.2664	0.0220	0.0313	0.0301
9	0.2448	0.0228	0.0322	0.0315
10	0.2227	0.0240	0.0337	0.0330
11	0.2028	0.0257	0.0351	0.0346
12	0.1869	0.0268	0.0365	0.0362
13	0.1714	0.0287	0.0387	0.0387
14	0.1575	0.0301	0.0403	0.0403
15	0.1448	0.0307	0.0410	0.0416
16	0.1329	0.0309	0.0417	0.0429
17	0.1232	0.0322	0.0429	0.0450
18	0.1152	0.0328	0.0433	0.0457
19	0.1069	0.0331	0.0438	0.0465
20	0.0999	0.0336	0.0440	0.0470
21	0.0943	0.0340	0.0447	0.0479
22	0.0894	0.0345	0.0454	0.0487
23	0.0835	0.0347	0.0455	0.0492
24	0.0788	0.0350	0.0457	0.0495
25	0.0746	0.0358	0.0470	0.0510
26	0.0694	0.0367	0.0478	0.0520
27	0.0677	0.0368	0.0481	0.0527
28	0.0630	0.0378	0.0491	0.0537
29	0.0598	0.0388	0.0501	0.0551
30	0.0584	0.0387	0.0499	0.0552
31	0.0550	0.0390	0.0497	0.0551
32	0.0522	0.0387	0.0491	0.0548
33	0.0488	0.0394	0.0499	0.0555
34	0.0496	0.0396	0.0503	0.0559
35	0.0464	0.0401	0.0510	0.0564
36	0.0446	0.0404	0.0515	0.0573
37	0.0422	0.0410	0.0522	0.0579
38	0.0415	0.0412	0.0526	0.0583
39	0.0395	0.0420	0.0534	0.0591
40	0.0381	0.0423	0.0539	0.0598
41	0.0360	0.0426	0.0546	0.0605
42	0.0358	0.0428	0.0550	0.0611
43	0.0343	0.0429	0.0552	0.0614
44	0.0323	0.0425	0.0548	0.0613
45	0.0317	0.0434	0.0557	0.0620
46	0.0326	0.0439	0.0559	0.0624
47	0.0298	0.0444	0.0564	0.0630
48	0.0304	0.0445	0.0564	0.0634
49	0.0292	0.0448	0.0567	0.0639
50	0.0270	0.0451	0.0571	0.0643
51	0.0274	0.0453	0.0574	0.0645
52	0.0256	0.0454	0.0573	0.0646
53	0.0261	0.0455	0.0573	0.0646
54	0.0248	0.0453	0.0571	0.0644
55	0.0258	0.0459	0.0578	0.0650
56	0.0245	0.0455	0.0580	0.0648
57	0.0238	0.0455	0.0580	0.0649
58	0.0233	0.0460	0.0584	0.0654
59	0.0221	0.0464	0.0589	0.0657
60	0.0213	0.0468	0.0590	0.0659
61	0.0208	0.0464	0.0585	0.0655
62	0.0214	0.0464	0.0585	0.0658
63	0.0192	0.0464	0.0586	0.0661
64	0.0206	0.0465	0.0586	0.0661
65	0.0198	0.0465	0.0586	0.0661
66	0.0203	0.0466	0.0588	0.0662
67	0.0186	0.0466	0.0587	0.0665
68	0.0194	0.0468	0.0589	0.0668
69	0.0192	0.0463	0.0583	0.0663
70	0.0177	0.0469	0.0590	0.0671
71	0.0184	0.0469	0.0590	0.0673
72	0.0171	0.0471	0.0595	0.0677
73	0.0173	0.0473	0.0598	0.0680
74	0.0167	0.0476	0.0600	0.0684
75	0.0170	0.0478	0.0604	0.0687
76	0.0154	0.0478	0.0603	0.0686
77	0.0152	0.0479	0.0604	0.0687
78	0.0161	0.0481	0.0608	0.0690
79	0.0160	0.0485	0.0612	0.0693
80	0.0158	0.0482	0.0610	0.0692
81	0.0145	0.0485	0.0614	0.0696
82	0.0152	0.0483	0.0609	0.0693
83	0.0155	0.0478	0.0607	0.0693
84	0.0147	0.0478	0.0605	0.0693
85	0.0149	0.0482	0.0607	0.0695
86	0.0148	0.0486	0.0609	0.0696
87	0.0140	0.0487	0.0612	0.0698
88	0.0135	0.0487	0.0613	0.0699
89	0.0141	0.0484	0.0610	0.0698
90	0.0135	0.0485	0.0612	0.0699
91	0.0139	0.0486	0.0611	0.0696
92	0.0133	0.0485	0.0611	0.0698
93	0.0132	0.0484	0.0611	0.0700
94	0.0134	0.0482	0.0608	0.0697
95	0.0132	0.0480	0.0607	0.0695
96	0.0128	0.0482	0.0608	0.0695
97	0.0122	0.0488	0.0616	0.0703
98	0.0124	0.0492	0.0619	0.0708
99	0.0125	0.0492	0.0621	0.0709
100	0.0123	0.0493	0.0621	0.0710
101	0.0115	0.0492	0.0623	0.0709
102	0.0124	0.0490	0.0617	0.0707
103	0.0124	0.0491	0.0620	0.0709
104	0.0118	0.0495	0.0623	0.0712
105	0.0118	0.0498	0.0627	0.0717
106	0.0110	0.0501	0.0630	0.0723
107	0.0113	0.0495	0.0623	0.0718
108	0.0119	0.0497	0.0625	0.0722
109	0.0112	0.0501	0.0628	0.0723
110	0.0114	0.0501	0.0628	0.0722
111	0.0109	0.0503	0.0630	0.0725
112	0.0101	0.0499	0.0626	0.0721
113	0.0112	0.0498	0.0627	0.0723
114	0.0114	0.0496	0.0625	0.0723
115	0.0111	0.0494	0.0623	0.0724
116	0.0110	0.0497	0.0625	0.0723
117	0.0104	0.0496	0.0625	0.0724
118	0.0108	0.0498	0.0629	0.0727
119	0.0104	0.0500	0.0630	0.0729
120	0.0111	0.0497	0.0627	0.0727
121	0.0104	0.0495	0.0625	0.0728
122	0.0105	0.0496	0.0626	0.0730
123	0.0098	0.0498	0.0627	0.0729
124	0.0102	0.0503	0.0633	0.0733
125	0.0101	0.0502	0.0630	0.0729
126	0.0103	0.0502	0.0632	0.0728
127	0.0099	0.0501	0.0631	0.0728
128	0.0098	0.0499	0.0626	0.0725
129	0.0095	0.0500	0.0627	0.0723
130	0.0099	0.0499	0.0625	0.0722
131	0.0098	0.0501	0.0626	0.0722
132	0.0094	0.0500	0.0624	0.0723
133	0.0096	0.0503	0.0629	0.0728
134	0.0098	0.0503	0.0629	0.0729
135	0.0091	0.0505	0.0630	0.0729
136	0.0099	0.0509	0.0632	0.0730
137	0.0092	0.0511	0.0633	0.0731
138	0.0093	0.0506	0.0627	0.0725
139	0.0095	0.0506	0.0623	0.0725
140	0.0093	0.0502	0.0622	0.0723
141	0.0095	0.0503	0.0623	0.0723
142	0.0089	0.0505	0.0625	0.0725
143	0.0092	0.0504	0.0621	0.0723
144	0.0090	0.0501	0.0622	0.0723
145	0.0089	0.0503	0.0623	0.0725
146	0.0096	0.0502	0.0622	0.0724
147	0.0089	0.0503	0.0623	0.0724
148	0.0086	0.0504	0.0626	0.0728
149	0.0092	0.0505	0.0626	0.0730
150	0.0092	0.0508	0.0631	0.0733
