{"n_layers": 0, "device": "cuda", "batch_size": 2048, "embedding_dim": 1024, "learning_rate": 0.001, "dataset": "dbbook", "epochs": 150, "top_k": 50, "multimodal": true, "datasets": {"dbbook": ["images", "text"], "ml1m": ["audio", "images", "text", "video"]}}
Epoch	Loss	Recall	Precision	NDCG
1	0.6932	0.0107	0.0015	0.0052
2	0.6855	0.0213	0.0028	0.0111
3	0.6764	0.0606	0.0081	0.0388
4	0.6621	0.1140	0.0156	0.0725
5	0.6388	0.1475	0.0203	0.0919
6	0.6037	0.1657	0.0228	0.1017
7	0.5545	0.1743	0.0241	0.1063
8	0.4945	0.1772	0.0245	0.1085
9	0.4301	0.1813	0.0250	0.1102
10	0.3674	0.1827	0.0252	0.1113
11	0.3127	0.1842	0.0254	0.1124
12	0.2668	0.1855	0.0257	0.1138
13	0.2288	0.1884	0.0259	0.1152
14	0.1974	0.1903	0.0262	0.1169
15	0.1724	0.1926	0.0265	0.1185
16	0.1502	0.1945	0.0266	0.1197
17	0.1334	0.1962	0.0268	0.1207
18	0.1173	0.1981	0.0270	0.1221
19	0.1052	0.2002	0.0272	0.1232
20	0.0929	0.2017	0.0273	0.1239
21	0.0842	0.2025	0.0273	0.1245
22	0.0750	0.2041	0.0275	0.1261
23	0.0681	0.2045	0.0275	0.1264
24	0.0625	0.2056	0.0276	0.1271
25	0.0570	0.2053	0.0276	0.1274
26	0.0523	0.2057	0.0277	0.1281
27	0.0478	0.2070	0.0278	0.1290
28	0.0439	0.2069	0.0278	0.1294
29	0.0415	0.2077	0.0278	0.1298
30	0.0387	0.2089	0.0280	0.1304
31	0.0359	0.2080	0.0279	0.1303
32	0.0331	0.2080	0.0279	0.1307
33	0.0316	0.2084	0.0279	0.1311
34	0.0296	0.2085	0.0279	0.1314
35	0.0281	0.2096	0.0280	0.1318
36	0.0265	0.2102	0.0281	0.1319
37	0.0257	0.2100	0.0281	0.1319
38	0.0244	0.2096	0.0280	0.1319
39	0.0231	0.2097	0.0280	0.1319
40	0.0224	0.2097	0.0281	0.1317
41	0.0206	0.2105	0.0281	0.1317
42	0.0202	0.2117	0.0282	0.1322
43	0.0198	0.2119	0.0282	0.1326
44	0.0185	0.2115	0.0282	0.1326
45	0.0176	0.2124	0.0283	0.1329
46	0.0171	0.2122	0.0283	0.1327
47	0.0171	0.2128	0.0283	0.1328
48	0.0165	0.2130	0.0283	0.1328
49	0.0155	0.2128	0.0283	0.1326
50	0.0151	0.2132	0.0283	0.1329
51	0.0149	0.2131	0.0284	0.1330
52	0.0144	0.2144	0.0284	0.1335
53	0.0145	0.2138	0.0284	0.1335
54	0.0138	0.2144	0.0284	0.1338
55	0.0135	0.2139	0.0283	0.1338
56	0.0133	0.2148	0.0285	0.1342
57	0.0129	0.2157	0.0285	0.1341
58	0.0129	0.2158	0.0285	0.1339
59	0.0125	0.2163	0.0285	0.1343
60	0.0117	0.2165	0.0285	0.1347
61	0.0115	0.2163	0.0285	0.1348
62	0.0120	0.2162	0.0285	0.1345
63	0.0119	0.2169	0.0286	0.1349
64	0.0109	0.2170	0.0286	0.1352
65	0.0111	0.2171	0.0286	0.1357
66	0.0108	0.2165	0.0285	0.1353
67	0.0107	0.2158	0.0285	0.1351
68	0.0105	0.2160	0.0285	0.1354
69	0.0103	0.2164	0.0285	0.1354
70	0.0106	0.2160	0.0285	0.1352
71	0.0099	0.2154	0.0284	0.1350
72	0.0099	0.2152	0.0284	0.1350
73	0.0098	0.2157	0.0285	0.1352
74	0.0101	0.2156	0.0284	0.1355
75	0.0096	0.2158	0.0284	0.1357
76	0.0098	0.2153	0.0284	0.1355
77	0.0095	0.2156	0.0284	0.1359
78	0.0092	0.2158	0.0285	0.1360
79	0.0088	0.2158	0.0284	0.1361
80	0.0092	0.2161	0.0285	0.1363
81	0.0089	0.2158	0.0285	0.1362
82	0.0091	0.2157	0.0285	0.1359
83	0.0088	0.2163	0.0285	0.1359
84	0.0087	0.2158	0.0285	0.1357
85	0.0085	0.2158	0.0285	0.1359
86	0.0086	0.2151	0.0284	0.1355
87	0.0084	0.2154	0.0284	0.1356
88	0.0083	0.2152	0.0284	0.1356
89	0.0087	0.2152	0.0284	0.1358
90	0.0086	0.2151	0.0283	0.1359
91	0.0083	0.2153	0.0284	0.1361
92	0.0085	0.2158	0.0284	0.1366
93	0.0087	0.2158	0.0284	0.1366
94	0.0080	0.2157	0.0284	0.1364
95	0.0082	0.2157	0.0284	0.1363
96	0.0085	0.2151	0.0283	0.1358
97	0.0083	0.2155	0.0284	0.1359
98	0.0081	0.2153	0.0284	0.1357
99	0.0084	0.2155	0.0284	0.1359
100	0.0077	0.2156	0.0284	0.1357
101	0.0077	0.2156	0.0284	0.1356
102	0.0078	0.2152	0.0284	0.1358
103	0.0077	0.2150	0.0283	0.1360
104	0.0083	0.2146	0.0283	0.1358
105	0.0076	0.2140	0.0282	0.1356
106	0.0075	0.2137	0.0282	0.1356
107	0.0078	0.2135	0.0282	0.1356
108	0.0075	0.2132	0.0281	0.1354
109	0.0079	0.2132	0.0281	0.1355
110	0.0078	0.2133	0.0281	0.1356
111	0.0075	0.2138	0.0282	0.1359
112	0.0074	0.2138	0.0282	0.1358
113	0.0074	0.2134	0.0281	0.1354
114	0.0081	0.2141	0.0282	0.1357
115	0.0077	0.2146	0.0282	0.1358
116	0.0074	0.2139	0.0282	0.1354
117	0.0076	0.2137	0.0281	0.1352
118	0.0078	0.2134	0.0281	0.1356
119	0.0076	0.2130	0.0281	0.1354
120	0.0076	0.2133	0.0281	0.1355
121	0.0071	0.2139	0.0282	0.1357
122	0.0075	0.2133	0.0281	0.1355
123	0.0075	0.2130	0.0281	0.1353
124	0.0069	0.2133	0.0282	0.1352
125	0.0069	0.2130	0.0281	0.1349
126	0.0070	0.2135	0.0282	0.1352
127	0.0077	0.2134	0.0282	0.1351
128	0.0071	0.2135	0.0282	0.1349
129	0.0069	0.2143	0.0282	0.1350
130	0.0072	0.2134	0.0281	0.1345
131	0.0077	0.2139	0.0282	0.1350
132	0.0080	0.2137	0.0282	0.1349
133	0.0072	0.2134	0.0281	0.1349
134	0.0079	0.2136	0.0281	0.1349
135	0.0074	0.2137	0.0282	0.1349
136	0.0070	0.2141	0.0282	0.1353
137	0.0073	0.2140	0.0282	0.1351
138	0.0070	0.2145	0.0282	0.1353
139	0.0072	0.2141	0.0282	0.1350
140	0.0070	0.2141	0.0282	0.1350
141	0.0071	0.2146	0.0282	0.1352
142	0.0071	0.2143	0.0282	0.1353
143	0.0073	0.2150	0.0283	0.1357
144	0.0069	0.2152	0.0283	0.1357
145	0.0070	0.2150	0.0282	0.1356
146	0.0073	0.2154	0.0283	0.1360
147	0.0065	0.2156	0.0283	0.1363
148	0.0072	0.2149	0.0282	0.1360
149	0.0073	0.2151	0.0282	0.1363
150	0.0077	0.2151	0.0283	0.1363
