{"n_layers": 0, "device": "cuda", "batch_size": 2048, "embedding_dim": 1024, "learning_rate": 0.001, "dataset": "dbbook", "epochs": 150, "top_k": 50, "model": "ef-mmlgcn", "fusion": "attention", "multimodal": true, "datasets": {"dbbook": ["images", "text"], "ml1m": ["audio", "images", "text", "video"]}}
Epoch	Loss	Recall	Precision	NDCG
1	0.6932	0.0118	0.0015	0.0056
2	0.6855	0.0210	0.0027	0.0117
3	0.6764	0.0548	0.0075	0.0366
4	0.6622	0.1104	0.0151	0.0710
5	0.6393	0.1502	0.0203	0.0929
6	0.6045	0.1698	0.0230	0.1035
7	0.5562	0.1762	0.0242	0.1083
8	0.4969	0.1812	0.0249	0.1112
9	0.4326	0.1832	0.0252	0.1123
10	0.3702	0.1842	0.0255	0.1135
11	0.3144	0.1871	0.0258	0.1150
12	0.2680	0.1893	0.0260	0.1167
13	0.2294	0.1917	0.0263	0.1184
14	0.1985	0.1933	0.0265	0.1196
15	0.1715	0.1953	0.0267	0.1211
16	0.1509	0.1965	0.0268	0.1218
17	0.1306	0.1983	0.0270	0.1227
18	0.1164	0.1990	0.0271	0.1236
19	0.1030	0.2001	0.0272	0.1241
20	0.0923	0.2012	0.0273	0.1247
21	0.0826	0.2033	0.0275	0.1252
22	0.0742	0.2034	0.0275	0.1257
23	0.0668	0.2035	0.0275	0.1264
24	0.0618	0.2047	0.0276	0.1274
25	0.0556	0.2053	0.0277	0.1278
26	0.0514	0.2066	0.0278	0.1285
27	0.0474	0.2069	0.0278	0.1289
28	0.0436	0.2078	0.0279	0.1295
29	0.0412	0.2083	0.0279	0.1296
30	0.0375	0.2089	0.0280	0.1300
31	0.0352	0.2099	0.0280	0.1304
32	0.0326	0.2098	0.0280	0.1309
33	0.0313	0.2101	0.0281	0.1313
34	0.0291	0.2112	0.0282	0.1324
35	0.0277	0.2117	0.0283	0.1325
36	0.0265	0.2124	0.0284	0.1331
37	0.0248	0.2124	0.0284	0.1332
38	0.0239	0.2118	0.0282	0.1333
39	0.0226	0.2119	0.0283	0.1332
40	0.0214	0.2119	0.0283	0.1334
41	0.0208	0.2134	0.0284	0.1336
42	0.0200	0.2137	0.0284	0.1340
43	0.0195	0.2128	0.0283	0.1340
44	0.0182	0.2126	0.0284	0.1343
45	0.0177	0.2131	0.0284	0.1345
46	0.0172	0.2134	0.0284	0.1344
47	0.0164	0.2133	0.0284	0.1346
48	0.0160	0.2127	0.0283	0.1343
49	0.0155	0.2133	0.0284	0.1343
50	0.0151	0.2134	0.0284	0.1346
51	0.0150	0.2136	0.0284	0.1347
52	0.0148	0.2138	0.0285	0.1348
53	0.0137	0.2141	0.0285	0.1350
54	0.0138	0.2142	0.0285	0.1350
55	0.0132	0.2136	0.0284	0.1351
56	0.0124	0.2136	0.0284	0.1350
57	0.0125	0.2137	0.0284	0.1354
58	0.0125	0.2142	0.0284	0.1355
59	0.0122	0.2145	0.0284	0.1356
60	0.0119	0.2147	0.0284	0.1356
61	0.0117	0.2144	0.0284	0.1355
62	0.0118	0.2137	0.0283	0.1356
63	0.0115	0.2135	0.0283	0.1358
64	0.0113	0.2133	0.0283	0.1356
65	0.0109	0.2129	0.0283	0.1354
66	0.0106	0.2136	0.0283	0.1354
67	0.0105	0.2136	0.0283	0.1353
68	0.0103	0.2139	0.0283	0.1355
69	0.0102	0.2136	0.0283	0.1354
70	0.0099	0.2138	0.0283	0.1355
71	0.0102	0.2131	0.0283	0.1356
72	0.0099	0.2127	0.0282	0.1354
73	0.0096	0.2124	0.0282	0.1355
74	0.0102	0.2119	0.0282	0.1355
75	0.0095	0.2120	0.0281	0.1355
76	0.0099	0.2126	0.0282	0.1358
77	0.0089	0.2128	0.0282	0.1358
78	0.0094	0.2126	0.0282	0.1356
79	0.0091	0.2130	0.0282	0.1356
80	0.0092	0.2127	0.0282	0.1355
81	0.0092	0.2125	0.0282	0.1355
82	0.0086	0.2128	0.0282	0.1356
83	0.0091	0.2128	0.0282	0.1355
84	0.0087	0.2125	0.0282	0.1357
85	0.0089	0.2131	0.0282	0.1359
86	0.0088	0.2132	0.0282	0.1362
87	0.0088	0.2130	0.0282	0.1363
88	0.0084	0.2130	0.0283	0.1364
89	0.0082	0.2127	0.0282	0.1363
90	0.0087	0.2129	0.0283	0.1361
91	0.0084	0.2129	0.0283	0.1360
92	0.0082	0.2132	0.0283	0.1359
93	0.0083	0.2131	0.0282	0.1358
94	0.0080	0.2130	0.0282	0.1358
95	0.0079	0.2123	0.0282	0.1357
96	0.0079	0.2119	0.0282	0.1355
97	0.0085	0.2121	0.0282	0.1354
98	0.0081	0.2120	0.0282	0.1352
99	0.0082	0.2114	0.0281	0.1349
100	0.0077	0.2113	0.0281	0.1348
101	0.0079	0.2113	0.0281	0.1350
102	0.0078	0.2116	0.0281	0.1350
103	0.0075	0.2121	0.0281	0.1354
104	0.0079	0.2119	0.0281	0.1351
105	0.0077	0.2113	0.0281	0.1350
106	0.0077	0.2112	0.0281	0.1347
107	0.0080	0.2111	0.0280	0.1347
108	0.0076	0.2115	0.0280	0.1347
109	0.0077	0.2116	0.0280	0.1348
110	0.0078	0.2118	0.0280	0.1350
111	0.0079	0.2116	0.0280	0.1351
112	0.0078	0.2117	0.0280	0.1351
113	0.0081	0.2113	0.0280	0.1352
114	0.0072	0.2110	0.0280	0.1351
115	0.0077	0.2115	0.0280	0.1352
116	0.0079	0.2124	0.0281	0.1355
117	0.0076	0.2121	0.0281	0.1355
118	0.0075	0.2117	0.0280	0.1353
119	0.0071	0.2111	0.0280	0.1350
120	0.0074	0.2099	0.0279	0.1346
121	0.0074	0.2096	0.0279	0.1342
122	0.0072	0.2097	0.0279	0.1341
123	0.0074	0.2099	0.0279	0.1340
124	0.0072	0.2096	0.0279	0.1338
125	0.0075	0.2104	0.0279	0.1342
126	0.0072	0.2106	0.0279	0.1345
127	0.0072	0.2107	0.0280	0.1346
128	0.0070	0.2108	0.0280	0.1348
129	0.0070	0.2112	0.0280	0.1349
130	0.0072	0.2111	0.0279	0.1350
131	0.0074	0.2113	0.0280	0.1353
132	0.0075	0.2111	0.0280	0.1356
133	0.0070	0.2111	0.0280	0.1356
134	0.0071	0.2121	0.0281	0.1360
135	0.0074	0.2128	0.0281	0.1363
136	0.0072	0.2120	0.0281	0.1362
137	0.0071	0.2118	0.0281	0.1360
138	0.0073	0.2115	0.0280	0.1359
139	0.0074	0.2119	0.0281	0.1358
140	0.0076	0.2125	0.0281	0.1358
141	0.0071	0.2124	0.0281	0.1358
142	0.0070	0.2124	0.0281	0.1357
143	0.0068	0.2123	0.0281	0.1358
144	0.0073	0.2123	0.0281	0.1360
145	0.0074	0.2125	0.0281	0.1361
146	0.0072	0.2127	0.0281	0.1361
147	0.0074	0.2132	0.0281	0.1365
148	0.0067	0.2140	0.0281	0.1367
149	0.0077	0.2138	0.0281	0.1367
150	0.0073	0.2131	0.0281	0.1364
