{"n_layers": 2, "device": "cuda", "batch_size": 2048, "embedding_dim": 64, "learning_rate": 0.0005, "dataset": "dbbook", "epochs": 150, "top_k": 10, "multimodal": true, "datasets": {"dbbook": ["images", "text"], "ml1m": ["audio", "images", "text", "video"]}}
Epoch	Loss	Recall	Precision	NDCG
1	0.6929	0.0056	0.0032	0.0046
2	0.6923	0.0133	0.0087	0.0126
3	0.6916	0.0259	0.0182	0.0255
4	0.6906	0.0384	0.0268	0.0365
5	0.6891	0.0420	0.0300	0.0403
6	0.6869	0.0439	0.0310	0.0414
7	0.6838	0.0436	0.0307	0.0409
8	0.6794	0.0416	0.0294	0.0392
9	0.6735	0.0394	0.0280	0.0368
10	0.6661	0.0376	0.0269	0.0347
11	0.6568	0.0359	0.0258	0.0327
12	0.6456	0.0353	0.0251	0.0314
13	0.6328	0.0338	0.0242	0.0298
14	0.6187	0.0330	0.0238	0.0289
15	0.6034	0.0322	0.0234	0.0280
16	0.5876	0.0315	0.0230	0.0273
17	0.5705	0.0310	0.0225	0.0268
18	0.5532	0.0302	0.0221	0.0264
19	0.5362	0.0294	0.0217	0.0259
20	0.5201	0.0290	0.0217	0.0257
21	0.5051	0.0291	0.0217	0.0257
22	0.4899	0.0293	0.0219	0.0258
23	0.4757	0.0292	0.0218	0.0258
24	0.4629	0.0291	0.0218	0.0257
25	0.4498	0.0292	0.0218	0.0257
26	0.4380	0.0292	0.0218	0.0257
27	0.4265	0.0294	0.0218	0.0258
28	0.4165	0.0295	0.0219	0.0260
29	0.4083	0.0294	0.0219	0.0260
30	0.3995	0.0297	0.0220	0.0262
31	0.3888	0.0298	0.0220	0.0263
32	0.3838	0.0299	0.0221	0.0264
33	0.3746	0.0297	0.0221	0.0264
34	0.3702	0.0297	0.0221	0.0265
35	0.3624	0.0297	0.0221	0.0266
36	0.3538	0.0301	0.0222	0.0267
37	0.3506	0.0305	0.0224	0.0270
38	0.3437	0.0304	0.0223	0.0270
39	0.3399	0.0307	0.0225	0.0271
40	0.3339	0.0308	0.0226	0.0272
41	0.3292	0.0312	0.0228	0.0275
42	0.3253	0.0312	0.0229	0.0276
43	0.3210	0.0315	0.0231	0.0278
44	0.3166	0.0320	0.0233	0.0281
45	0.3140	0.0323	0.0236	0.0283
46	0.3077	0.0328	0.0239	0.0286
47	0.3038	0.0330	0.0242	0.0289
48	0.2997	0.0333	0.0244	0.0291
49	0.2961	0.0334	0.0245	0.0292
50	0.2952	0.0334	0.0245	0.0292
51	0.2944	0.0337	0.0247	0.0295
52	0.2903	0.0339	0.0248	0.0297
53	0.2858	0.0344	0.0252	0.0301
54	0.2831	0.0345	0.0253	0.0301
55	0.2790	0.0349	0.0255	0.0304
56	0.2776	0.0351	0.0256	0.0305
57	0.2697	0.0351	0.0256	0.0307
58	0.2727	0.0352	0.0257	0.0308
59	0.2722	0.0358	0.0261	0.0312
60	0.2694	0.0361	0.0263	0.0315
61	0.2628	0.0358	0.0262	0.0314
62	0.2599	0.0361	0.0264	0.0317
63	0.2602	0.0365	0.0267	0.0320
64	0.2572	0.0368	0.0268	0.0323
65	0.2526	0.0376	0.0272	0.0326
66	0.2517	0.0378	0.0273	0.0328
67	0.2491	0.0379	0.0274	0.0330
68	0.2458	0.0381	0.0276	0.0332
69	0.2436	0.0384	0.0278	0.0334
70	0.2441	0.0385	0.0279	0.0335
71	0.2436	0.0385	0.0279	0.0336
72	0.2439	0.0386	0.0280	0.0339
73	0.2337	0.0390	0.0282	0.0341
74	0.2355	0.0392	0.0284	0.0343
75	0.2324	0.0393	0.0286	0.0344
76	0.2309	0.0395	0.0288	0.0346
77	0.2306	0.0396	0.0288	0.0348
78	0.2257	0.0399	0.0290	0.0351
79	0.2250	0.0400	0.0291	0.0352
80	0.2247	0.0403	0.0294	0.0355
81	0.2240	0.0409	0.0298	0.0359
82	0.2204	0.0411	0.0299	0.0361
83	0.2178	0.0409	0.0298	0.0361
84	0.2173	0.0412	0.0299	0.0363
85	0.2123	0.0415	0.0302	0.0365
86	0.2146	0.0417	0.0303	0.0367
87	0.2118	0.0419	0.0304	0.0369
88	0.2078	0.0424	0.0307	0.0372
89	0.2095	0.0428	0.0311	0.0376
90	0.2079	0.0432	0.0313	0.0380
91	0.2038	0.0435	0.0315	0.0383
92	0.2005	0.0437	0.0316	0.0384
93	0.2016	0.0437	0.0317	0.0385
94	0.2008	0.0438	0.0318	0.0386
95	0.1995	0.0437	0.0318	0.0386
96	0.2002	0.0439	0.0320	0.0389
97	0.1972	0.0438	0.0319	0.0389
98	0.1894	0.0441	0.0321	0.0390
99	0.1931	0.0439	0.0320	0.0390
100	0.1949	0.0441	0.0321	0.0393
101	0.1919	0.0439	0.0321	0.0393
102	0.1901	0.0440	0.0321	0.0394
103	0.1870	0.0441	0.0322	0.0396
104	0.1906	0.0443	0.0323	0.0399
105	0.1864	0.0445	0.0324	0.0401
106	0.1815	0.0445	0.0324	0.0404
107	0.1795	0.0445	0.0325	0.0405
108	0.1838	0.0446	0.0325	0.0405
109	0.1821	0.0449	0.0326	0.0407
110	0.1755	0.0453	0.0329	0.0409
111	0.1790	0.0455	0.0330	0.0411
112	0.1786	0.0459	0.0332	0.0414
113	0.1730	0.0463	0.0333	0.0417
114	0.1752	0.0466	0.0336	0.0422
115	0.1725	0.0467	0.0336	0.0423
116	0.1704	0.0468	0.0338	0.0425
117	0.1704	0.0469	0.0338	0.0427
118	0.1686	0.0469	0.0338	0.0427
119	0.1712	0.0470	0.0339	0.0429
120	0.1673	0.0471	0.0339	0.0429
121	0.1663	0.0471	0.0339	0.0429
122	0.1677	0.0473	0.0340	0.0431
123	0.1651	0.0476	0.0342	0.0433
124	0.1616	0.0479	0.0344	0.0437
125	0.1615	0.0482	0.0346	0.0439
126	0.1629	0.0484	0.0347	0.0441
127	0.1563	0.0486	0.0348	0.0442
128	0.1590	0.0489	0.0349	0.0444
129	0.1589	0.0489	0.0350	0.0445
130	0.1557	0.0492	0.0351	0.0447
131	0.1559	0.0493	0.0352	0.0449
132	0.1527	0.0493	0.0351	0.0448
133	0.1545	0.0496	0.0353	0.0450
134	0.1514	0.0497	0.0354	0.0452
135	0.1511	0.0498	0.0354	0.0452
136	0.1459	0.0499	0.0354	0.0453
137	0.1474	0.0499	0.0355	0.0454
138	0.1490	0.0500	0.0356	0.0456
139	0.1457	0.0499	0.0355	0.0455
140	0.1464	0.0500	0.0356	0.0456
141	0.1456	0.0502	0.0357	0.0458
142	0.1417	0.0502	0.0357	0.0458
143	0.1434	0.0505	0.0359	0.0460
144	0.1418	0.0505	0.0360	0.0460
145	0.1420	0.0505	0.0359	0.0460
146	0.1403	0.0506	0.0360	0.0462
147	0.1401	0.0507	0.0361	0.0463
148	0.1385	0.0509	0.0362	0.0465
149	0.1377	0.0511	0.0363	0.0466
150	0.1361	0.0513	0.0363	0.0467
