{"device": "cuda:1", "multimodal": true, "embedding_dim": 512, "n_layers": 2, "epochs": 500, "learning_rate": 0.001, "log": true, "seed": 19, "top_k": [5, 10, 20, 50], "dataset": "ml1m", "batch_size": 8192, "single_branch": false, "autoencoder": false, "ensemble_fusion": false, "freeze": true, "fusion_modalities": "mean", "fusion_type": "late", "info_nce": false, "weighting": "equal", "datasets": {"dbbook": ["images", "text"], "ml1m": ["audio", "images", "text", "video"]}}
Epoch	T-Loss	V-Loss	Precision@5	Recall@5	NDCG@5	Precision@10	Recall@10	NDCG@10	Precision@20	Recall@20	NDCG@20	Precision@50	Recall@50	NDCG@50
1	0.693	0.6925	0.099	0.0259	0.1054	0.086	0.0449	0.0978	0.0715	0.0747	0.0955	0.054	0.1382	0.1112
2	0.6895	0.6835	0.1828	0.062	0.1967	0.1564	0.1027	0.1855	0.1278	0.163	0.1865	0.0896	0.2791	0.2149
3	0.6641	0.6348	0.1773	0.0603	0.1905	0.1526	0.1019	0.1808	0.1241	0.1647	0.1829	0.086	0.2723	0.2088
4	0.5891	0.5394	0.1733	0.0583	0.1854	0.1493	0.1008	0.1768	0.1222	0.1628	0.1794	0.0843	0.2663	0.2039
5	0.4931	0.4552	0.1726	0.0582	0.1866	0.1472	0.0996	0.1763	0.1211	0.1611	0.1788	0.0835	0.2639	0.2029
6	0.4251	0.4067	0.1769	0.0619	0.1949	0.1469	0.0989	0.1801	0.1201	0.16	0.1814	0.0833	0.2636	0.2056
7	0.3889	0.3819	0.1786	0.062	0.1966	0.1467	0.0987	0.1806	0.1195	0.1578	0.1811	0.0836	0.2661	0.207
8	0.3685	0.365	0.1785	0.0619	0.1956	0.1481	0.1005	0.1815	0.1192	0.1571	0.1808	0.0838	0.2663	0.2072
9	0.3556	0.3581	0.1774	0.0614	0.1949	0.148	0.0995	0.1811	0.1206	0.1601	0.1821	0.0841	0.2679	0.2078
10	0.3461	0.3508	0.1774	0.0611	0.1964	0.1493	0.0998	0.1832	0.1209	0.1591	0.1832	0.0849	0.2692	0.2096
11	0.3411	0.3442	0.1785	0.0609	0.1974	0.1515	0.1014	0.185	0.1224	0.1619	0.185	0.0856	0.2706	0.2108
12	0.334	0.3367	0.1797	0.0611	0.1961	0.1534	0.1031	0.1853	0.1232	0.1621	0.1848	0.0868	0.2719	0.2114
13	0.3289	0.3319	0.182	0.0624	0.1989	0.1545	0.1038	0.1872	0.1243	0.1626	0.1866	0.0878	0.2747	0.2138
14	0.3227	0.3288	0.184	0.0623	0.2005	0.1567	0.1051	0.1891	0.1253	0.1638	0.1878	0.0889	0.2776	0.2156
15	0.3183	0.3266	0.1866	0.0635	0.2028	0.1582	0.1052	0.1906	0.1269	0.1662	0.19	0.09	0.2811	0.218
16	0.3141	0.3231	0.1903	0.065	0.207	0.159	0.1063	0.1928	0.1281	0.1674	0.1921	0.0913	0.2847	0.221
17	0.3102	0.3202	0.1898	0.0641	0.2079	0.1618	0.108	0.1957	0.1297	0.1695	0.1946	0.0924	0.2879	0.2238
18	0.3064	0.3159	0.1927	0.0661	0.2104	0.1626	0.108	0.1968	0.1308	0.1705	0.1961	0.0933	0.2906	0.2258
19	0.3025	0.3106	0.1988	0.0682	0.2159	0.1642	0.1085	0.1993	0.1323	0.1721	0.1987	0.0944	0.2943	0.2289
20	0.2997	0.3092	0.2011	0.0691	0.2169	0.1675	0.1122	0.2019	0.1336	0.174	0.2002	0.095	0.2956	0.2302
21	0.2947	0.3073	0.2033	0.0704	0.2187	0.1688	0.1132	0.2033	0.135	0.1753	0.2017	0.0959	0.2977	0.232
22	0.2931	0.3032	0.2048	0.0706	0.2217	0.1701	0.1148	0.2062	0.1361	0.1778	0.2046	0.0967	0.3011	0.2352
23	0.2902	0.303	0.2077	0.0716	0.2255	0.1717	0.1154	0.2087	0.1364	0.1783	0.2063	0.0976	0.3039	0.2378
24	0.2882	0.2978	0.21	0.0726	0.2292	0.1733	0.1174	0.2119	0.1378	0.1806	0.2093	0.0985	0.3056	0.2406
25	0.2852	0.299	0.211	0.073	0.2308	0.1748	0.1177	0.2136	0.1398	0.1833	0.2117	0.0989	0.3071	0.2423
26	0.2828	0.2952	0.2114	0.0729	0.2317	0.1769	0.1195	0.2156	0.1406	0.1837	0.2128	0.0997	0.3101	0.2441
27	0.2794	0.2943	0.2137	0.0739	0.2329	0.1784	0.1209	0.217	0.142	0.1851	0.2144	0.1004	0.3126	0.2459
28	0.2772	0.2899	0.2148	0.0746	0.2341	0.1783	0.1202	0.2172	0.1432	0.1865	0.2157	0.1011	0.3145	0.2474
29	0.2763	0.2878	0.2164	0.0749	0.2361	0.1801	0.1208	0.2191	0.1446	0.1895	0.218	0.1018	0.3172	0.2493
30	0.2738	0.2896	0.2181	0.0752	0.2382	0.1808	0.122	0.2205	0.1452	0.1903	0.2191	0.1023	0.3194	0.2508
31	0.2708	0.2849	0.2185	0.0755	0.2393	0.1823	0.1227	0.2221	0.1462	0.1915	0.2206	0.1029	0.321	0.2525
32	0.2701	0.2855	0.218	0.0749	0.2396	0.1834	0.1238	0.2236	0.1473	0.1923	0.2221	0.1038	0.3242	0.2547
33	0.2669	0.284	0.22	0.0762	0.2415	0.1847	0.125	0.225	0.1483	0.1934	0.2234	0.1041	0.3251	0.2557
34	0.2662	0.279	0.2221	0.0769	0.2439	0.1854	0.1242	0.2263	0.1492	0.1943	0.2249	0.1046	0.3276	0.2575
35	0.2651	0.2831	0.2236	0.0768	0.2454	0.1864	0.1249	0.2275	0.1496	0.1956	0.2261	0.1053	0.3299	0.2593
36	0.2628	0.2765	0.2239	0.0775	0.2451	0.1868	0.1252	0.2276	0.1507	0.1976	0.2271	0.1057	0.3315	0.2602
37	0.2609	0.2785	0.2257	0.0778	0.2471	0.1886	0.1275	0.23	0.1514	0.1988	0.2286	0.1063	0.3331	0.2619
38	0.2589	0.2754	0.2279	0.0789	0.2499	0.1898	0.128	0.232	0.1523	0.1991	0.2304	0.1071	0.3364	0.2645
39	0.2573	0.2765	0.2275	0.0786	0.2486	0.1899	0.1288	0.2313	0.1527	0.1998	0.2301	0.1075	0.3381	0.2647
40	0.2549	0.2766	0.2287	0.0791	0.2499	0.191	0.129	0.2325	0.1535	0.2018	0.2316	0.1083	0.3408	0.2666
41	0.2547	0.2762	0.2283	0.0786	0.2516	0.192	0.1301	0.2347	0.1538	0.2015	0.2329	0.1087	0.342	0.2684
42	0.2533	0.2742	0.2302	0.0796	0.2516	0.1921	0.1298	0.234	0.1547	0.2021	0.2331	0.1092	0.3442	0.269
43	0.2522	0.2711	0.2325	0.0807	0.2533	0.1943	0.1316	0.2359	0.1553	0.2036	0.2342	0.1096	0.3455	0.27
44	0.2482	0.2699	0.2331	0.0812	0.2541	0.1937	0.1312	0.2358	0.156	0.2044	0.235	0.1102	0.3475	0.2713
45	0.249	0.2716	0.2329	0.0806	0.2546	0.1944	0.1313	0.2368	0.1567	0.2063	0.2364	0.1105	0.3493	0.2726
46	0.2479	0.2692	0.2341	0.0813	0.2562	0.1957	0.1333	0.2385	0.157	0.2074	0.2374	0.1109	0.3508	0.2738
47	0.2452	0.2713	0.236	0.0825	0.2573	0.1966	0.1344	0.2393	0.1582	0.2089	0.2387	0.1113	0.3521	0.2749
48	0.2448	0.2676	0.2371	0.0827	0.2592	0.1975	0.1342	0.2407	0.1586	0.2097	0.2399	0.1114	0.3523	0.2759
49	0.2435	0.2685	0.2388	0.0836	0.261	0.1979	0.1349	0.2418	0.1592	0.2107	0.2412	0.1121	0.3539	0.2775
50	0.2431	0.2668	0.2406	0.0845	0.2627	0.2	0.1363	0.2437	0.1602	0.2117	0.2425	0.1125	0.3551	0.2786
51	0.2412	0.2665	0.2409	0.085	0.263	0.2006	0.1363	0.2442	0.1607	0.2127	0.2432	0.113	0.3569	0.2797
52	0.2399	0.2663	0.2405	0.0846	0.2624	0.2012	0.1375	0.2447	0.1614	0.2138	0.2439	0.1131	0.3581	0.2802
53	0.2397	0.2635	0.2395	0.0844	0.2619	0.2018	0.1372	0.2451	0.1618	0.2137	0.2444	0.1136	0.3595	0.2814
54	0.237	0.2634	0.2414	0.0849	0.2634	0.2021	0.1375	0.2456	0.1625	0.215	0.2453	0.1138	0.3601	0.2819
55	0.2364	0.2614	0.2424	0.0851	0.2643	0.2032	0.139	0.2468	0.1631	0.217	0.2464	0.1141	0.3615	0.2829
56	0.2363	0.2641	0.2431	0.0857	0.2648	0.2042	0.1395	0.2474	0.1634	0.2175	0.2468	0.1145	0.3628	0.2836
57	0.2349	0.2598	0.243	0.0859	0.265	0.2046	0.1406	0.2482	0.1637	0.2187	0.2477	0.1147	0.3638	0.2844
58	0.2343	0.2608	0.244	0.0868	0.2665	0.2052	0.1412	0.2494	0.1645	0.2196	0.249	0.1151	0.3641	0.2856
59	0.234	0.2624	0.2423	0.0858	0.2651	0.2053	0.1412	0.2493	0.1647	0.2205	0.2493	0.1154	0.3663	0.2864
60	0.2319	0.2613	0.2441	0.0865	0.2665	0.2051	0.1415	0.2496	0.1652	0.2212	0.2502	0.1157	0.3678	0.2875
61	0.2295	0.2604	0.2452	0.0868	0.2669	0.2057	0.142	0.2498	0.1661	0.2222	0.2507	0.1159	0.3679	0.2876
62	0.2299	0.2559	0.2459	0.0871	0.2674	0.206	0.1421	0.2501	0.1662	0.2224	0.251	0.1162	0.3689	0.2883
63	0.2278	0.2595	0.2449	0.0866	0.2667	0.2072	0.1431	0.251	0.1663	0.2229	0.2511	0.1165	0.3694	0.2886
64	0.2275	0.2612	0.247	0.088	0.2689	0.2077	0.1439	0.252	0.1668	0.2245	0.2523	0.1163	0.369	0.289
65	0.2255	0.255	0.2467	0.0873	0.2677	0.2078	0.1438	0.2513	0.1672	0.2252	0.2522	0.1167	0.3714	0.2895
66	0.2255	0.2584	0.2465	0.0878	0.268	0.2079	0.1442	0.2518	0.1678	0.2265	0.2531	0.1171	0.3736	0.2905
67	0.2234	0.2595	0.2486	0.0889	0.2707	0.2086	0.1451	0.2536	0.1678	0.226	0.2542	0.1173	0.3737	0.2919
68	0.2238	0.2555	0.249	0.089	0.2718	0.209	0.1449	0.2544	0.1681	0.2261	0.255	0.1174	0.3742	0.2927
69	0.222	0.2567	0.2492	0.0887	0.272	0.2091	0.1447	0.2546	0.1684	0.2269	0.2556	0.1178	0.3753	0.2936
70	0.2211	0.2563	0.2495	0.0892	0.2716	0.2095	0.1455	0.2546	0.1687	0.2281	0.2557	0.118	0.3761	0.2937
71	0.2226	0.254	0.2505	0.0902	0.2722	0.2098	0.1464	0.2549	0.1689	0.2286	0.2561	0.1181	0.3763	0.2941
72	0.2206	0.2558	0.2506	0.0896	0.2727	0.2099	0.1468	0.2554	0.1693	0.2279	0.2564	0.1182	0.377	0.2946
73	0.2199	0.2557	0.2505	0.09	0.2725	0.211	0.1478	0.2562	0.1698	0.2293	0.2571	0.1184	0.3776	0.2951
74	0.2189	0.2538	0.2518	0.0913	0.2737	0.2109	0.1481	0.2565	0.1698	0.2294	0.2574	0.1187	0.3788	0.2959
75	0.2187	0.2521	0.2519	0.0907	0.2746	0.2111	0.1483	0.2574	0.1705	0.2305	0.2587	0.119	0.38	0.297
76	0.2171	0.2551	0.252	0.0912	0.2744	0.2121	0.1496	0.2582	0.1708	0.2311	0.2592	0.1192	0.3808	0.2976
77	0.216	0.2532	0.2523	0.0915	0.2734	0.2129	0.1498	0.2578	0.1709	0.2308	0.2586	0.1193	0.3806	0.2972
78	0.2156	0.254	0.2528	0.0925	0.2742	0.2132	0.1505	0.2585	0.1711	0.2315	0.2592	0.1194	0.3807	0.2977
79	0.2144	0.2547	0.2521	0.092	0.274	0.2132	0.1504	0.2587	0.1709	0.2308	0.259	0.1197	0.3819	0.2982
80	0.215	0.2525	0.2531	0.0917	0.2747	0.2142	0.1503	0.2594	0.1715	0.2316	0.2598	0.12	0.3834	0.299
81	0.212	0.2535	0.2539	0.0919	0.2758	0.2143	0.1511	0.2602	0.1719	0.233	0.2609	0.1202	0.384	0.2999
82	0.2111	0.2525	0.2539	0.0923	0.2754	0.2142	0.151	0.2598	0.1722	0.234	0.2611	0.1205	0.3855	0.3003
83	0.2123	0.2535	0.254	0.0926	0.2758	0.215	0.1519	0.2607	0.1726	0.2342	0.2615	0.1206	0.3862	0.3008
84	0.2108	0.2525	0.2537	0.0929	0.2757	0.2142	0.1515	0.2602	0.1727	0.2346	0.2619	0.1206	0.3867	0.3012
85	0.2104	0.2517	0.2546	0.0938	0.2764	0.2143	0.1511	0.2604	0.173	0.2343	0.2622	0.1207	0.3877	0.3019
86	0.2104	0.2513	0.255	0.0941	0.2769	0.2144	0.1515	0.2607	0.1729	0.2341	0.2622	0.121	0.3879	0.3023
87	0.2092	0.25	0.2551	0.094	0.2768	0.2146	0.1519	0.2607	0.1727	0.2344	0.2621	0.1209	0.3883	0.3022
88	0.2082	0.2518	0.2557	0.0941	0.2773	0.2151	0.1525	0.2614	0.1728	0.2349	0.2626	0.1212	0.3897	0.3031
89	0.2066	0.2517	0.2537	0.0938	0.2758	0.215	0.1522	0.2612	0.1732	0.236	0.263	0.1214	0.391	0.3035
90	0.2067	0.2512	0.2545	0.0942	0.2767	0.2152	0.1524	0.2616	0.1733	0.2365	0.2635	0.1216	0.3914	0.3042
91	0.2054	0.2481	0.256	0.0951	0.2779	0.2158	0.1525	0.2621	0.1735	0.2365	0.2638	0.1217	0.392	0.3046
92	0.2041	0.2513	0.2557	0.0951	0.2781	0.2159	0.153	0.2626	0.1743	0.2377	0.2648	0.122	0.393	0.3054
93	0.2043	0.2503	0.2553	0.0945	0.2782	0.2163	0.1537	0.2634	0.1743	0.2377	0.2653	0.1221	0.394	0.3062
94	0.2032	0.2498	0.2572	0.0957	0.279	0.2169	0.1541	0.2636	0.1749	0.2389	0.2657	0.1223	0.3943	0.3064
95	0.2026	0.2516	0.258	0.0964	0.2797	0.2169	0.1542	0.2637	0.1748	0.2388	0.2657	0.1225	0.3954	0.3068
96	0.2016	0.249	0.2586	0.0957	0.2799	0.2175	0.1549	0.2642	0.1755	0.2398	0.2664	0.1226	0.3957	0.3071
97	0.2017	0.2503	0.2587	0.097	0.2804	0.218	0.1553	0.2649	0.1758	0.2401	0.267	0.1226	0.3956	0.3076
98	0.1997	0.2476	0.259	0.0974	0.2804	0.2182	0.1554	0.2649	0.1759	0.241	0.2673	0.1228	0.397	0.3081
99	0.1981	0.2488	0.2591	0.0971	0.2808	0.2182	0.1556	0.2653	0.1757	0.2403	0.2674	0.1229	0.3973	0.3086
100	0.198	0.248	0.2591	0.0966	0.2808	0.2181	0.1556	0.2653	0.1758	0.2409	0.2676	0.1232	0.3982	0.3091
101	0.1974	0.2479	0.2591	0.0969	0.2814	0.2191	0.1563	0.2664	0.1763	0.2416	0.2684	0.1232	0.3981	0.3094
102	0.198	0.2495	0.2591	0.0966	0.2815	0.2193	0.1564	0.2667	0.1764	0.2417	0.2688	0.1234	0.3996	0.3102
103	0.1955	0.249	0.2587	0.0964	0.2815	0.2192	0.1562	0.2667	0.1761	0.242	0.2686	0.1236	0.4005	0.3105
104	0.1962	0.2491	0.259	0.097	0.282	0.22	0.1575	0.2677	0.1762	0.2421	0.269	0.1238	0.401	0.3111
105	0.196	0.2465	0.2598	0.0971	0.2826	0.2201	0.1572	0.2679	0.1767	0.2425	0.2697	0.1238	0.4015	0.3115
106	0.1936	0.2473	0.2594	0.097	0.2824	0.2207	0.1579	0.2684	0.1771	0.2433	0.2701	0.1238	0.401	0.3115
107	0.1935	0.2468	0.2603	0.0969	0.2827	0.221	0.1582	0.2685	0.1769	0.2433	0.27	0.1242	0.4026	0.312
108	0.1933	0.2462	0.2618	0.0983	0.284	0.221	0.1581	0.2687	0.1772	0.2443	0.2706	0.1241	0.403	0.3124
109	0.1929	0.2468	0.2615	0.0974	0.2835	0.2218	0.1589	0.2692	0.1774	0.2443	0.2707	0.1243	0.4033	0.3127
110	0.1918	0.2486	0.2617	0.0979	0.2837	0.2217	0.1583	0.2691	0.1777	0.2445	0.2709	0.1244	0.4041	0.313
111	0.1919	0.2506	0.2625	0.0979	0.2838	0.2217	0.1585	0.269	0.1776	0.2449	0.2709	0.1246	0.4043	0.3131
112	0.1898	0.2478	0.2617	0.0983	0.283	0.222	0.1589	0.269	0.1773	0.2441	0.2704	0.1246	0.4045	0.313
113	0.1904	0.2466	0.2626	0.099	0.2841	0.2221	0.1598	0.2697	0.1777	0.2451	0.2712	0.1246	0.4054	0.3137
114	0.1889	0.249	0.2627	0.0994	0.2843	0.2221	0.1593	0.2696	0.1774	0.2443	0.2711	0.1246	0.4057	0.3139
115	0.1886	0.2489	0.2632	0.0989	0.2846	0.2223	0.1598	0.27	0.1777	0.2449	0.2714	0.1248	0.4068	0.3143
116	0.1872	0.2453	0.263	0.0984	0.2841	0.2224	0.1606	0.27	0.1779	0.2455	0.2715	0.1249	0.407	0.3144
117	0.1869	0.2479	0.2646	0.0993	0.2853	0.2222	0.1599	0.2699	0.178	0.2458	0.2718	0.1253	0.4087	0.3153
118	0.1851	0.2501	0.2648	0.0991	0.2857	0.2222	0.1604	0.2703	0.1784	0.2462	0.2724	0.1252	0.4082	0.3154
119	0.1858	0.2482	0.2651	0.0993	0.2859	0.2223	0.1605	0.2703	0.1785	0.2465	0.2724	0.1253	0.4087	0.3156
120	0.1846	0.2459	0.2634	0.0993	0.2853	0.2227	0.1602	0.2706	0.1791	0.2473	0.2732	0.1255	0.4088	0.3161
121	0.184	0.2498	0.2635	0.0997	0.2849	0.2226	0.1607	0.2703	0.179	0.2473	0.2729	0.1255	0.409	0.3159
122	0.1831	0.2459	0.2636	0.0991	0.2849	0.2236	0.1612	0.2712	0.1791	0.2477	0.2733	0.1256	0.4097	0.3164
123	0.1824	0.2477	0.2639	0.0993	0.2853	0.2233	0.1612	0.2711	0.1795	0.2481	0.2737	0.1257	0.4101	0.3167
124	0.1827	0.2465	0.2643	0.0993	0.2855	0.2233	0.1617	0.2713	0.1795	0.2482	0.2737	0.1259	0.4107	0.3171
125	0.1811	0.25	0.2639	0.0995	0.2857	0.224	0.1618	0.272	0.1798	0.2487	0.2744	0.1259	0.411	0.3176
126	0.1799	0.2466	0.265	0.1	0.2864	0.2246	0.1617	0.2724	0.1802	0.2492	0.275	0.1259	0.4112	0.3179
127	0.1799	0.2485	0.2649	0.1003	0.2863	0.2248	0.163	0.2726	0.1803	0.2497	0.2751	0.126	0.411	0.3179
128	0.1797	0.2477	0.2643	0.0998	0.2861	0.2245	0.162	0.2724	0.1798	0.249	0.2747	0.1261	0.4115	0.3181
129	0.1787	0.2505	0.2645	0.1004	0.2859	0.2245	0.1627	0.2724	0.1803	0.2504	0.2752	0.1264	0.4129	0.3185
130	0.1771	0.2472	0.2654	0.1004	0.2873	0.2254	0.1636	0.2737	0.1806	0.2507	0.2761	0.1266	0.4135	0.3194
131	0.1767	0.2473	0.2649	0.1004	0.2871	0.2247	0.1633	0.2734	0.1812	0.2516	0.2768	0.1266	0.414	0.3199
132	0.1752	0.2494	0.2655	0.1007	0.2874	0.2251	0.1638	0.2737	0.1811	0.2519	0.2767	0.1267	0.4144	0.3199
133	0.1762	0.2492	0.2668	0.1015	0.2886	0.2245	0.163	0.2735	0.1808	0.2512	0.2766	0.1269	0.4146	0.3203
134	0.1749	0.2523	0.2663	0.1013	0.2883	0.2249	0.1634	0.2739	0.181	0.2523	0.2771	0.1268	0.4151	0.3205
135	0.1744	0.249	0.2676	0.1022	0.2892	0.225	0.1649	0.2744	0.1813	0.253	0.2776	0.1268	0.4154	0.3209
136	0.1736	0.2466	0.2672	0.1017	0.2889	0.2254	0.1645	0.2745	0.1816	0.2531	0.2778	0.127	0.416	0.3211
137	0.1727	0.2491	0.2676	0.1012	0.2895	0.225	0.1641	0.2745	0.1817	0.253	0.278	0.1271	0.4162	0.3215
138	0.1721	0.2498	0.2689	0.1026	0.2905	0.2257	0.1648	0.2751	0.1813	0.2527	0.2779	0.1273	0.4169	0.322
139	0.171	0.2467	0.2688	0.1025	0.2914	0.2261	0.1647	0.276	0.1817	0.2537	0.2789	0.1273	0.4173	0.3226
140	0.1706	0.2493	0.2694	0.1026	0.2915	0.2275	0.1662	0.2769	0.1821	0.2543	0.2792	0.1275	0.4179	0.3228
141	0.1697	0.248	0.2682	0.1019	0.291	0.227	0.1656	0.2767	0.182	0.2546	0.2793	0.1275	0.4181	0.323
142	0.1699	0.2481	0.2683	0.102	0.2906	0.2274	0.1659	0.2766	0.1822	0.2554	0.2794	0.1275	0.4186	0.323
143	0.1687	0.2473	0.2687	0.1024	0.291	0.2265	0.1659	0.2763	0.1822	0.2551	0.2796	0.1277	0.419	0.3235
144	0.1688	0.2479	0.2689	0.1027	0.2908	0.2271	0.1663	0.2766	0.1825	0.2547	0.2796	0.1278	0.4196	0.3236
145	0.1675	0.2491	0.2695	0.1028	0.2918	0.2273	0.1668	0.2774	0.1827	0.2556	0.2805	0.1277	0.4196	0.3242
146	0.1666	0.2492	0.2686	0.1029	0.291	0.2271	0.1667	0.2772	0.1827	0.256	0.2806	0.1277	0.4194	0.3242
147	0.1672	0.2508	0.2685	0.1035	0.2908	0.2273	0.167	0.2771	0.1827	0.2553	0.2802	0.1278	0.4197	0.3241
148	0.1661	0.2483	0.2706	0.1041	0.2926	0.2279	0.1674	0.278	0.1828	0.2555	0.2808	0.128	0.4203	0.3248
149	0.1656	0.246	0.2717	0.1044	0.2935	0.2285	0.167	0.2784	0.1833	0.2564	0.2815	0.1281	0.4202	0.3251
150	0.165	0.2491	0.2722	0.1043	0.2939	0.2274	0.1666	0.2778	0.1835	0.257	0.2817	0.1283	0.4217	0.3257
151	0.1637	0.2491	0.271	0.1044	0.2932	0.2279	0.1671	0.2781	0.1833	0.2572	0.2815	0.1284	0.422	0.3258
152	0.163	0.2491	0.2703	0.1041	0.2922	0.2275	0.1672	0.2774	0.1839	0.2571	0.2814	0.1282	0.4213	0.3252
153	0.1628	0.2487	0.2706	0.1043	0.2927	0.2276	0.1673	0.2777	0.1835	0.2576	0.2815	0.1282	0.4212	0.3253
154	0.1616	0.2528	0.271	0.1043	0.2929	0.2274	0.1673	0.2777	0.1839	0.2578	0.2819	0.1282	0.421	0.3254
155	0.1616	0.2486	0.2719	0.1052	0.2934	0.2272	0.1668	0.2774	0.1836	0.2578	0.2817	0.1285	0.4223	0.3259
156	0.1599	0.25	0.2703	0.1041	0.2921	0.2279	0.1675	0.2777	0.1837	0.2576	0.2816	0.1283	0.4224	0.3256
157	0.1596	0.2488	0.271	0.1039	0.2924	0.228	0.167	0.2777	0.184	0.2578	0.2818	0.1283	0.4222	0.3257
158	0.1588	0.2493	0.2712	0.1048	0.2926	0.2284	0.1683	0.2783	0.1845	0.2589	0.2825	0.1287	0.4229	0.3262
159	0.1587	0.2487	0.2704	0.1041	0.2918	0.2295	0.1687	0.2788	0.1844	0.2585	0.2823	0.1286	0.4225	0.3261
160	0.1579	0.2488	0.2704	0.104	0.292	0.2287	0.1684	0.2784	0.1844	0.2588	0.2824	0.1286	0.4233	0.3264
161	0.1577	0.2506	0.273	0.1058	0.2942	0.2288	0.1684	0.2789	0.1844	0.259	0.283	0.1286	0.4228	0.3267
162	0.1581	0.2505	0.2726	0.1052	0.2934	0.2283	0.1684	0.2782	0.1848	0.2601	0.2831	0.1287	0.424	0.3268
163	0.1558	0.2508	0.272	0.1052	0.2936	0.2289	0.1684	0.279	0.1846	0.2596	0.2833	0.1289	0.4244	0.3274
164	0.156	0.25	0.2715	0.1051	0.2931	0.2288	0.169	0.2789	0.1848	0.2601	0.2834	0.1291	0.4255	0.3278
165	0.1556	0.2485	0.2714	0.1054	0.2931	0.2291	0.1688	0.2791	0.1848	0.26	0.2834	0.1291	0.425	0.3278
166	0.1547	0.2527	0.2702	0.1052	0.2921	0.2295	0.1697	0.2793	0.1851	0.2605	0.2836	0.1292	0.4257	0.3279
167	0.1541	0.2486	0.2711	0.1053	0.2933	0.2298	0.1705	0.2802	0.1852	0.2611	0.2843	0.1292	0.426	0.3285
168	0.1524	0.2511	0.272	0.1054	0.2935	0.2298	0.1698	0.2798	0.1852	0.2615	0.2843	0.1293	0.426	0.3285
169	0.1515	0.251	0.2702	0.1048	0.2923	0.2302	0.1707	0.2802	0.185	0.2616	0.2842	0.1292	0.4257	0.3284
170	0.1523	0.2511	0.2714	0.1055	0.2935	0.2298	0.1705	0.2803	0.1855	0.2618	0.2848	0.1293	0.4264	0.329
171	0.1524	0.2497	0.272	0.1057	0.2933	0.2297	0.1702	0.2799	0.1853	0.2616	0.2844	0.1295	0.4274	0.3291
172	0.1517	0.2529	0.271	0.1052	0.2929	0.23	0.1706	0.2803	0.1855	0.2621	0.2848	0.1295	0.4276	0.3293
173	0.1513	0.2504	0.2716	0.1055	0.2933	0.2307	0.1715	0.2809	0.1856	0.2623	0.2849	0.1299	0.4283	0.3298
174	0.1499	0.2535	0.272	0.1061	0.2938	0.2309	0.1719	0.2813	0.1853	0.2625	0.2851	0.1298	0.4283	0.33
175	0.1491	0.2518	0.2705	0.1056	0.2934	0.2308	0.1716	0.2815	0.1858	0.2632	0.2858	0.1299	0.4286	0.3305
176	0.1488	0.2514	0.271	0.106	0.2934	0.2303	0.1717	0.281	0.186	0.263	0.2857	0.1299	0.428	0.3303
177	0.1478	0.2539	0.2717	0.1066	0.2942	0.2306	0.172	0.2815	0.186	0.2637	0.2862	0.1299	0.4284	0.3308
178	0.148	0.2515	0.2712	0.1064	0.294	0.2299	0.1714	0.2812	0.1859	0.2631	0.2862	0.1299	0.4287	0.331
179	0.1468	0.254	0.2728	0.1068	0.2954	0.2305	0.1715	0.2819	0.1861	0.2632	0.2867	0.13	0.4292	0.3315
180	0.1465	0.2533	0.2729	0.1067	0.2953	0.231	0.1721	0.2821	0.1861	0.2639	0.2867	0.1299	0.4291	0.3313
181	0.1462	0.2527	0.274	0.1074	0.2968	0.231	0.1713	0.2826	0.1862	0.2639	0.2874	0.1299	0.4289	0.3319
182	0.1461	0.2518	0.2741	0.1072	0.2969	0.2312	0.1717	0.2827	0.1862	0.2642	0.2872	0.1301	0.4295	0.332
183	0.1444	0.2516	0.2741	0.1072	0.297	0.2314	0.1719	0.283	0.1863	0.2639	0.2875	0.1301	0.4298	0.3323
184	0.1454	0.2519	0.2751	0.1078	0.2973	0.2318	0.1728	0.2832	0.1867	0.2643	0.2877	0.1302	0.4297	0.3323
185	0.1433	0.2508	0.274	0.1076	0.2965	0.2324	0.1727	0.2834	0.1868	0.2644	0.2878	0.1304	0.4305	0.3326
186	0.143	0.2546	0.2744	0.1075	0.2969	0.2318	0.1722	0.2831	0.1869	0.2652	0.2882	0.1303	0.4302	0.3328
187	0.1429	0.2551	0.2747	0.1079	0.2975	0.2317	0.1727	0.2834	0.187	0.2654	0.2885	0.1304	0.4308	0.3331
188	0.1417	0.2529	0.2735	0.1074	0.2964	0.2322	0.1729	0.2836	0.1867	0.2654	0.2882	0.1306	0.4314	0.3332
189	0.1425	0.2538	0.274	0.1072	0.297	0.2318	0.1727	0.2834	0.1868	0.2649	0.2882	0.1307	0.4312	0.3334
190	0.1413	0.2527	0.2734	0.1072	0.2965	0.2321	0.1733	0.2836	0.1869	0.265	0.2882	0.1306	0.4313	0.3334
191	0.1406	0.2549	0.2746	0.1078	0.297	0.2313	0.1727	0.2829	0.1869	0.2649	0.2881	0.1308	0.4324	0.3337
192	0.1406	0.2576	0.2742	0.1078	0.2974	0.2322	0.1732	0.284	0.187	0.2649	0.2885	0.1307	0.4321	0.3339
193	0.1403	0.255	0.2745	0.1073	0.2978	0.2315	0.173	0.2838	0.1871	0.2649	0.2888	0.1307	0.4326	0.3343
194	0.1388	0.254	0.2745	0.1077	0.2971	0.2316	0.1729	0.2833	0.1871	0.2656	0.2885	0.1307	0.4335	0.3341
195	0.1395	0.2574	0.273	0.1074	0.2959	0.2322	0.1734	0.2835	0.1876	0.266	0.2887	0.1308	0.4331	0.334
196	0.1389	0.2566	0.2739	0.1078	0.2967	0.2322	0.1735	0.2838	0.1876	0.2662	0.2889	0.1309	0.434	0.3344
197	0.137	0.2586	0.274	0.1077	0.2967	0.2326	0.1734	0.2841	0.1874	0.2663	0.289	0.1308	0.4335	0.3343
198	0.1377	0.2559	0.2744	0.1078	0.297	0.2333	0.1744	0.2846	0.1878	0.2672	0.2894	0.1308	0.4338	0.3345
199	0.1366	0.2585	0.2736	0.1074	0.2966	0.2335	0.175	0.2849	0.1876	0.2666	0.2892	0.1309	0.4343	0.3346
200	0.1366	0.2574	0.273	0.1074	0.2956	0.233	0.1742	0.2839	0.1872	0.2661	0.2885	0.1308	0.4338	0.3341
201	0.1366	0.2603	0.2729	0.1074	0.2956	0.2326	0.1743	0.2839	0.1874	0.2664	0.2888	0.1309	0.434	0.3344
202	0.1352	0.2557	0.274	0.1081	0.2962	0.2327	0.1742	0.2838	0.1874	0.2666	0.2888	0.1309	0.4345	0.3344
203	0.1342	0.2569	0.2736	0.1077	0.2961	0.2326	0.1742	0.2838	0.1872	0.2662	0.2886	0.1312	0.435	0.3347
204	0.1347	0.2586	0.2758	0.1087	0.2976	0.2328	0.1749	0.2841	0.1874	0.2669	0.2888	0.131	0.4346	0.3346
205	0.1346	0.2591	0.2753	0.1088	0.2974	0.2334	0.1752	0.2846	0.1877	0.267	0.2891	0.1312	0.4351	0.335
206	0.1338	0.259	0.2743	0.1081	0.2973	0.233	0.175	0.2847	0.1878	0.2673	0.2895	0.1312	0.4353	0.3353
207	0.1333	0.259	0.2745	0.1085	0.2975	0.2331	0.1751	0.2846	0.1877	0.2671	0.2893	0.1312	0.4353	0.3352
208	0.1329	0.2589	0.2741	0.1087	0.2974	0.2323	0.1753	0.2845	0.1875	0.2672	0.2895	0.1312	0.4353	0.3355
209	0.1315	0.2589	0.2737	0.1088	0.2976	0.2326	0.1752	0.2849	0.1877	0.2673	0.2899	0.1312	0.4353	0.3358
210	0.1321	0.2616	0.2742	0.1091	0.2979	0.2322	0.1744	0.2845	0.1876	0.2666	0.2897	0.1311	0.4357	0.3359
211	0.1316	0.2587	0.2744	0.1093	0.2981	0.2322	0.1749	0.2847	0.1877	0.2669	0.2899	0.1312	0.436	0.336
212	0.1311	0.2601	0.2748	0.1092	0.2982	0.2321	0.1746	0.2844	0.1881	0.2676	0.29	0.1311	0.4359	0.3358
213	0.1305	0.2576	0.2742	0.1092	0.2979	0.2324	0.1748	0.2848	0.1881	0.2677	0.2904	0.1313	0.4364	0.3365
214	0.131	0.2613	0.2743	0.1094	0.2982	0.2319	0.1744	0.2848	0.1883	0.2676	0.2907	0.1314	0.4366	0.3367
215	0.1303	0.2607	0.2737	0.1092	0.2972	0.2328	0.1752	0.2849	0.1878	0.267	0.29	0.1314	0.4373	0.3366
216	0.1286	0.2613	0.2733	0.1092	0.2972	0.2329	0.1755	0.2854	0.1879	0.2675	0.2904	0.1313	0.4375	0.3369
217	0.129	0.2602	0.2728	0.1086	0.2969	0.2327	0.1755	0.2853	0.1882	0.2682	0.2908	0.1314	0.4373	0.3371
218	0.1292	0.2605	0.2739	0.1098	0.2975	0.2324	0.175	0.2848	0.1882	0.2683	0.2907	0.1314	0.4371	0.3368
219	0.1278	0.2586	0.2737	0.1095	0.2973	0.2321	0.1751	0.2846	0.1881	0.2681	0.2906	0.1316	0.4382	0.3372
220	0.1278	0.2605	0.2736	0.1092	0.2974	0.2325	0.1767	0.2852	0.188	0.268	0.2904	0.1316	0.4383	0.3371
221	0.1264	0.2622	0.2732	0.1091	0.2971	0.2326	0.1766	0.2851	0.1878	0.2681	0.2903	0.1314	0.4381	0.337
222	0.1275	0.2609	0.2736	0.1095	0.2977	0.2325	0.1768	0.2854	0.1877	0.2684	0.2906	0.1315	0.4387	0.3375
223	0.127	0.2627	0.2738	0.1098	0.2978	0.2324	0.1761	0.2851	0.188	0.2689	0.2909	0.1316	0.439	0.3376
224	0.1265	0.2644	0.2724	0.1094	0.2966	0.2334	0.1765	0.2855	0.188	0.2684	0.2905	0.1315	0.4392	0.3375
225	0.1254	0.259	0.2721	0.1091	0.2959	0.2327	0.1763	0.2848	0.1879	0.2687	0.2903	0.1315	0.4391	0.3372
226	0.1259	0.2645	0.2735	0.1098	0.2965	0.2326	0.1765	0.2847	0.1878	0.2686	0.2902	0.1315	0.439	0.3371
227	0.1251	0.2637	0.2742	0.1101	0.2969	0.2327	0.1764	0.2847	0.1879	0.2692	0.2904	0.1313	0.4389	0.3371
228	0.1252	0.2629	0.2727	0.1093	0.2955	0.2333	0.1764	0.2846	0.1883	0.2695	0.2903	0.1315	0.4395	0.3369
229	0.1245	0.2645	0.2718	0.1095	0.2952	0.2334	0.1768	0.285	0.1879	0.2697	0.2904	0.1314	0.4395	0.3371
230	0.1242	0.2642	0.2727	0.1095	0.2957	0.2336	0.1769	0.2852	0.1882	0.2699	0.2906	0.1315	0.4396	0.3372
231	0.1237	0.2643	0.2717	0.1091	0.2951	0.2334	0.1766	0.2851	0.1886	0.2701	0.2909	0.1314	0.4391	0.3371
232	0.1234	0.2667	0.273	0.1095	0.2959	0.2331	0.1769	0.2849	0.1885	0.2702	0.2908	0.1315	0.4391	0.3371
233	0.1225	0.2681	0.2731	0.1095	0.2962	0.2337	0.177	0.2854	0.1884	0.27	0.2909	0.1316	0.4394	0.3374
234	0.1225	0.2655	0.2726	0.1094	0.2961	0.2338	0.1776	0.2858	0.1885	0.2705	0.2913	0.1315	0.4397	0.3377
235	0.1218	0.2639	0.2734	0.11	0.2967	0.2338	0.1771	0.2859	0.1883	0.2703	0.2912	0.1315	0.4398	0.3378
236	0.1213	0.2636	0.2738	0.1104	0.2967	0.2346	0.1781	0.286	0.1885	0.2706	0.291	0.1315	0.4399	0.3375
237	0.1203	0.264	0.2732	0.1096	0.2965	0.234	0.1776	0.2858	0.1887	0.2707	0.2914	0.1316	0.4398	0.3378
238	0.1204	0.2668	0.2726	0.11	0.2963	0.2342	0.1779	0.2861	0.1887	0.2707	0.2915	0.1316	0.4398	0.338
239	0.1204	0.2673	0.2725	0.1095	0.2959	0.2339	0.178	0.2859	0.1884	0.2705	0.2913	0.1317	0.4398	0.338
240	0.1202	0.2649	0.2726	0.1097	0.2961	0.2337	0.1774	0.2856	0.1883	0.2703	0.2912	0.1315	0.4396	0.3379
241	0.1199	0.2662	0.2724	0.1094	0.2963	0.2337	0.1781	0.286	0.1884	0.2703	0.2915	0.1315	0.4394	0.338
242	0.1201	0.2652	0.2727	0.1095	0.2965	0.2337	0.1779	0.2861	0.1882	0.2701	0.2914	0.1315	0.4397	0.3383
243	0.1191	0.2655	0.2736	0.1104	0.2972	0.2343	0.1783	0.2865	0.1882	0.2703	0.2915	0.1317	0.4404	0.3385
244	0.1186	0.2647	0.2729	0.1096	0.2966	0.2345	0.1788	0.2867	0.1886	0.2709	0.2918	0.1316	0.4397	0.3383
245	0.1192	0.2696	0.2722	0.1093	0.2959	0.2338	0.1783	0.286	0.1885	0.2704	0.2914	0.1315	0.4395	0.3381
246	0.1179	0.2647	0.2733	0.1101	0.297	0.234	0.1782	0.2865	0.1885	0.2703	0.2918	0.1315	0.4401	0.3386
247	0.1177	0.2691	0.2742	0.1107	0.298	0.2343	0.1783	0.287	0.1886	0.2705	0.2922	0.1314	0.4398	0.3386
248	0.1177	0.2676	0.2727	0.1092	0.2973	0.234	0.1782	0.287	0.1889	0.2715	0.2928	0.1314	0.4397	0.3389
249	0.1178	0.2678	0.2729	0.11	0.2973	0.2337	0.1777	0.2865	0.1886	0.2718	0.2925	0.1313	0.4402	0.3387
250	0.1173	0.2684	0.2732	0.1098	0.297	0.2334	0.1782	0.2862	0.1886	0.2721	0.2924	0.1313	0.44	0.3386
251	0.1171	0.2728	0.2735	0.1099	0.2969	0.233	0.178	0.2858	0.1882	0.2709	0.2918	0.1314	0.4408	0.3387
252	0.1167	0.2708	0.2729	0.1095	0.2965	0.2334	0.1782	0.2861	0.1884	0.2712	0.2921	0.1315	0.4408	0.3389
253	0.1158	0.2648	0.2732	0.1097	0.2964	0.2336	0.1782	0.286	0.1887	0.2717	0.2921	0.1315	0.4408	0.3387
254	0.1159	0.2701	0.2729	0.1099	0.2959	0.2339	0.1782	0.2859	0.1886	0.2716	0.2919	0.1316	0.441	0.3387
255	0.1153	0.2721	0.2728	0.11	0.2962	0.2333	0.1781	0.2859	0.1887	0.2719	0.2922	0.1315	0.4403	0.3386
256	0.116	0.269	0.2722	0.11	0.2957	0.2334	0.1781	0.2856	0.1888	0.2718	0.292	0.1314	0.4404	0.3385
257	0.1146	0.2715	0.2722	0.1101	0.2955	0.2337	0.1783	0.2858	0.1886	0.2718	0.292	0.1314	0.4409	0.3386
258	0.1139	0.2703	0.2721	0.1099	0.2953	0.234	0.1789	0.286	0.1888	0.2719	0.2919	0.1317	0.4417	0.3388
259	0.1148	0.2701	0.2729	0.1099	0.2962	0.2342	0.1788	0.2864	0.1885	0.2716	0.292	0.1316	0.4418	0.3391
260	0.1142	0.2694	0.2727	0.1101	0.2959	0.2339	0.1783	0.2859	0.1888	0.2723	0.2921	0.1316	0.4419	0.3389
261	0.1142	0.27	0.2731	0.1102	0.296	0.2338	0.1782	0.2858	0.1888	0.2722	0.2921	0.1315	0.4417	0.3389
262	0.1133	0.2688	0.274	0.111	0.2969	0.234	0.1784	0.2861	0.1887	0.2725	0.2923	0.1315	0.4416	0.339
263	0.1124	0.2719	0.2746	0.1108	0.2976	0.2336	0.1784	0.2862	0.1889	0.2728	0.2927	0.1316	0.442	0.3393
264	0.1126	0.2739	0.2739	0.1106	0.2971	0.2338	0.179	0.2864	0.1888	0.2728	0.2925	0.1315	0.4423	0.3392
265	0.1125	0.2727	0.274	0.1109	0.2972	0.2334	0.1784	0.2861	0.1891	0.2724	0.2926	0.1314	0.4418	0.3391
266	0.1124	0.2712	0.2732	0.1104	0.2962	0.2338	0.1786	0.286	0.189	0.2727	0.2923	0.1313	0.4411	0.3386
267	0.1123	0.271	0.2721	0.1098	0.2955	0.2335	0.1787	0.2857	0.1887	0.272	0.292	0.1313	0.4413	0.3387
268	0.1116	0.2742	0.2724	0.1098	0.2954	0.2334	0.1785	0.2854	0.1886	0.272	0.2918	0.1314	0.4417	0.3386
269	0.111	0.2739	0.2718	0.1103	0.2949	0.2328	0.1781	0.2847	0.1883	0.2712	0.2912	0.1314	0.4418	0.3385
270	0.1119	0.2732	0.272	0.1103	0.295	0.2323	0.1778	0.2846	0.1888	0.2726	0.2919	0.1314	0.4421	0.3388
271	0.111	0.2729	0.273	0.111	0.296	0.2326	0.178	0.2851	0.1886	0.2718	0.2919	0.1315	0.4428	0.3392
272	0.1107	0.2734	0.2727	0.1106	0.2957	0.2327	0.1785	0.2851	0.1885	0.2716	0.2917	0.1315	0.443	0.3391
273	0.1097	0.2742	0.2727	0.1103	0.2959	0.2336	0.1786	0.2858	0.1888	0.2725	0.2923	0.1314	0.4426	0.3392
274	0.1105	0.2737	0.2714	0.1097	0.2948	0.2329	0.1789	0.2853	0.1883	0.2717	0.2916	0.1313	0.4422	0.3387
275	0.1095	0.2736	0.2722	0.11	0.2955	0.2326	0.1788	0.2851	0.1882	0.2716	0.2914	0.1312	0.4425	0.3387
276	0.1096	0.2738	0.272	0.11	0.2959	0.2331	0.1786	0.2857	0.1882	0.2716	0.2917	0.1313	0.4431	0.3392
277	0.109	0.2745	0.2736	0.1108	0.297	0.2328	0.1781	0.2856	0.1885	0.272	0.292	0.1311	0.4421	0.3389
278	0.1093	0.278	0.2739	0.1106	0.297	0.2331	0.1789	0.2857	0.1882	0.272	0.2917	0.1311	0.4422	0.3387
279	0.1083	0.2765	0.2748	0.1109	0.2976	0.2326	0.178	0.2853	0.1883	0.2721	0.2919	0.1311	0.4415	0.3387
280	0.1086	0.2762	0.2744	0.1107	0.2974	0.2329	0.1781	0.2855	0.1881	0.2716	0.2918	0.131	0.4415	0.3388
281	0.1086	0.2766	0.274	0.1111	0.2969	0.2334	0.1791	0.2858	0.1882	0.2723	0.2919	0.131	0.4414	0.3386
282	0.1081	0.2757	0.2736	0.1108	0.2962	0.2329	0.1792	0.2853	0.188	0.272	0.2916	0.1311	0.442	0.3387
283	0.109	0.2745	0.2726	0.1103	0.2956	0.2328	0.179	0.2853	0.1878	0.2722	0.2915	0.131	0.4418	0.3386
284	0.1072	0.2794	0.2728	0.1105	0.2956	0.2322	0.1787	0.2846	0.1878	0.2719	0.2913	0.1309	0.4422	0.3386
285	0.1076	0.2798	0.2724	0.1108	0.2953	0.2321	0.1788	0.2845	0.1881	0.2722	0.2914	0.1309	0.4422	0.3385
286	0.1067	0.277	0.2721	0.1106	0.2945	0.232	0.1786	0.284	0.1881	0.2721	0.291	0.131	0.4425	0.3383
287	0.1073	0.2806	0.2731	0.1111	0.2957	0.2313	0.1783	0.2841	0.1879	0.2717	0.2912	0.1309	0.4422	0.3386
288	0.1066	0.2748	0.2723	0.1108	0.295	0.2318	0.1794	0.2844	0.1882	0.272	0.2913	0.1311	0.4428	0.3386
289	0.1063	0.2787	0.2727	0.1109	0.2955	0.2318	0.1792	0.2846	0.1881	0.2715	0.2913	0.1311	0.4428	0.3388
290	0.1058	0.2818	0.2729	0.111	0.2958	0.2318	0.1788	0.2845	0.1881	0.2718	0.2914	0.131	0.4424	0.3388
291	0.1063	0.2785	0.2734	0.1114	0.2963	0.2319	0.1785	0.2847	0.188	0.2725	0.2917	0.1309	0.4428	0.339
292	0.1058	0.2809	0.2743	0.1115	0.2969	0.232	0.1785	0.2848	0.1878	0.2724	0.2917	0.1309	0.4422	0.3389
293	0.105	0.2795	0.2743	0.112	0.2966	0.2323	0.1787	0.2849	0.1876	0.272	0.2914	0.1309	0.4427	0.3389
294	0.106	0.278	0.2742	0.1119	0.2965	0.2318	0.1787	0.2844	0.1876	0.272	0.2912	0.1308	0.4424	0.3385
295	0.1049	0.28	0.273	0.1111	0.2959	0.2319	0.179	0.2847	0.1874	0.2721	0.2912	0.1308	0.4424	0.3387
296	0.1049	0.2817	0.2738	0.1115	0.2968	0.2318	0.1791	0.285	0.1878	0.2725	0.2918	0.1307	0.4421	0.3388
297	0.1045	0.2815	0.2741	0.1115	0.2972	0.2316	0.179	0.2851	0.1879	0.2728	0.2921	0.1307	0.4421	0.339
298	0.1043	0.2816	0.2748	0.1122	0.2976	0.2328	0.1797	0.2857	0.1879	0.2727	0.292	0.1307	0.4422	0.3388
299	0.1037	0.2813	0.2726	0.1111	0.2952	0.232	0.179	0.2843	0.1879	0.2726	0.2913	0.1307	0.4422	0.3383
300	0.1041	0.2838	0.2731	0.111	0.2954	0.2318	0.1794	0.2844	0.1878	0.2727	0.2913	0.1307	0.4425	0.3384
301	0.1034	0.2793	0.2728	0.1112	0.2952	0.2319	0.1791	0.2844	0.1875	0.2724	0.2912	0.1307	0.4427	0.3386
302	0.1031	0.2829	0.273	0.1114	0.2955	0.2326	0.1796	0.2851	0.1874	0.2722	0.2912	0.1308	0.4426	0.3386
303	0.1032	0.2819	0.2727	0.1111	0.2951	0.2326	0.1802	0.285	0.1873	0.2724	0.2911	0.1309	0.4429	0.3387
304	0.103	0.2828	0.273	0.1115	0.2956	0.2328	0.1803	0.2852	0.1874	0.2729	0.2914	0.1308	0.4426	0.3387
305	0.1026	0.2814	0.2735	0.1116	0.2955	0.2329	0.1801	0.285	0.1873	0.2726	0.2909	0.1308	0.4432	0.3386
306	0.1027	0.2868	0.2739	0.1119	0.296	0.2324	0.1798	0.2848	0.1875	0.2733	0.2914	0.1306	0.4427	0.3385
307	0.1027	0.2841	0.273	0.1117	0.295	0.2323	0.18	0.2844	0.1876	0.2737	0.2912	0.1306	0.4427	0.3382
308	0.1023	0.2821	0.2734	0.1116	0.2955	0.232	0.1797	0.2843	0.1876	0.274	0.2913	0.1307	0.4422	0.3383
309	0.1021	0.284	0.2726	0.1114	0.2954	0.2322	0.1802	0.2849	0.187	0.2731	0.2912	0.1306	0.4423	0.3385
310	0.1017	0.2873	0.2733	0.1119	0.2953	0.2319	0.1804	0.2843	0.1873	0.2733	0.2909	0.1307	0.4429	0.3384
311	0.1018	0.2821	0.2735	0.1127	0.2959	0.232	0.1807	0.2847	0.1873	0.2737	0.2914	0.1308	0.4435	0.339
312	0.1013	0.2826	0.2739	0.1124	0.2958	0.2315	0.1801	0.284	0.1872	0.2734	0.291	0.1307	0.443	0.3384
313	0.1014	0.283	0.2738	0.1121	0.2959	0.2312	0.1797	0.284	0.187	0.2731	0.2909	0.1307	0.4426	0.3385
314	0.101	0.2835	0.2738	0.112	0.296	0.2319	0.1803	0.2846	0.1869	0.2729	0.2909	0.1307	0.443	0.3386
315	0.1007	0.2884	0.2737	0.112	0.2954	0.2319	0.1806	0.2842	0.1868	0.2728	0.2906	0.1307	0.4431	0.3384
316	0.101	0.2875	0.2732	0.1119	0.295	0.2311	0.1802	0.2835	0.1869	0.273	0.2904	0.1307	0.4433	0.3382
317	0.1007	0.2888	0.2727	0.1114	0.2942	0.2307	0.1797	0.283	0.1868	0.2728	0.2902	0.1306	0.4432	0.3381
318	0.0999	0.2843	0.2718	0.1106	0.2934	0.2309	0.1794	0.2829	0.1869	0.273	0.2901	0.1306	0.443	0.3379
319	0.1001	0.2879	0.2726	0.1114	0.2943	0.2311	0.1799	0.2834	0.1869	0.2728	0.2904	0.1306	0.4437	0.3384
320	0.0996	0.2863	0.2728	0.1114	0.2942	0.2311	0.1802	0.2833	0.1869	0.2727	0.2902	0.1306	0.4431	0.3381
321	0.0993	0.2883	0.273	0.1116	0.2947	0.2313	0.1799	0.2837	0.1869	0.2725	0.2904	0.1306	0.4433	0.3383
322	0.1002	0.2896	0.2736	0.1121	0.295	0.2314	0.1807	0.2839	0.1871	0.2736	0.2909	0.1305	0.4435	0.3384
323	0.099	0.2883	0.2731	0.1117	0.2949	0.2314	0.1805	0.2839	0.187	0.2736	0.2909	0.1303	0.443	0.3382
324	0.0987	0.2878	0.273	0.1116	0.2947	0.2318	0.1807	0.2841	0.187	0.2735	0.2908	0.1304	0.4436	0.3384
325	0.0991	0.2886	0.2726	0.1115	0.2943	0.2313	0.1803	0.2836	0.187	0.273	0.2905	0.1303	0.4433	0.3382
326	0.099	0.2901	0.2726	0.1115	0.2941	0.2317	0.1806	0.2837	0.1869	0.2732	0.2904	0.1304	0.4437	0.3382
327	0.0986	0.291	0.2726	0.1116	0.2936	0.2315	0.1806	0.2833	0.187	0.2733	0.2902	0.1303	0.4435	0.3379
328	0.0987	0.2903	0.2725	0.1113	0.2934	0.2314	0.1805	0.2831	0.1869	0.273	0.2899	0.1303	0.4435	0.3375
329	0.0987	0.2915	0.2718	0.1112	0.2931	0.232	0.1808	0.2835	0.187	0.2732	0.29	0.1301	0.4423	0.3373
330	0.0987	0.2856	0.2717	0.1114	0.2936	0.2319	0.181	0.2839	0.1867	0.2731	0.2902	0.1301	0.4428	0.3377
331	0.0985	0.2903	0.2712	0.1117	0.2938	0.2314	0.1807	0.2838	0.187	0.2734	0.2906	0.1301	0.4428	0.3379
332	0.0982	0.2875	0.2715	0.1117	0.2934	0.231	0.1803	0.283	0.1869	0.2735	0.2903	0.1301	0.4429	0.3377
333	0.098	0.2955	0.2721	0.1118	0.2937	0.2312	0.18	0.2831	0.1867	0.2736	0.2902	0.1301	0.4431	0.3377
334	0.0974	0.2893	0.2715	0.1111	0.2932	0.2311	0.1799	0.283	0.1867	0.2734	0.29	0.13	0.4426	0.3374
335	0.0971	0.2923	0.2719	0.1111	0.2938	0.2307	0.1797	0.283	0.1866	0.2733	0.2902	0.13	0.4428	0.3377
336	0.0964	0.2918	0.2715	0.1109	0.2935	0.231	0.1798	0.2832	0.1866	0.2736	0.2903	0.13	0.4427	0.3377
337	0.0969	0.2952	0.2717	0.1111	0.2936	0.2319	0.1803	0.2837	0.1867	0.2733	0.2902	0.13	0.4426	0.3376
338	0.0965	0.2907	0.2718	0.1115	0.2937	0.2318	0.18	0.2835	0.1868	0.2732	0.2902	0.1299	0.4426	0.3375
339	0.0965	0.2915	0.271	0.1117	0.2934	0.2311	0.1791	0.2831	0.1865	0.2732	0.2901	0.1301	0.4426	0.3377
340	0.0967	0.292	0.2715	0.1117	0.2938	0.2319	0.1797	0.2837	0.1867	0.2734	0.2904	0.13	0.4427	0.3378
341	0.0961	0.2924	0.2714	0.112	0.2941	0.2318	0.1801	0.2839	0.1865	0.2739	0.2906	0.13	0.4427	0.338
342	0.0959	0.2907	0.2714	0.1116	0.2938	0.2313	0.1796	0.2834	0.1866	0.2738	0.2904	0.13	0.4429	0.3378
343	0.0959	0.2931	0.2715	0.1117	0.2937	0.2309	0.1792	0.2828	0.1868	0.2738	0.2902	0.1299	0.4432	0.3376
344	0.0959	0.2916	0.2707	0.1109	0.2934	0.2309	0.1796	0.2832	0.1867	0.2738	0.2905	0.1298	0.4432	0.3378
345	0.0955	0.297	0.2716	0.1115	0.2937	0.2309	0.1795	0.283	0.1864	0.2733	0.2902	0.1298	0.4421	0.3376
346	0.0952	0.2946	0.2719	0.112	0.294	0.2305	0.1794	0.2827	0.1862	0.2732	0.29	0.1298	0.4427	0.3376
347	0.095	0.2922	0.2718	0.1116	0.2937	0.2306	0.1796	0.2826	0.1864	0.2731	0.2899	0.1297	0.4427	0.3375
348	0.0954	0.2949	0.2714	0.1116	0.2936	0.2303	0.1796	0.2827	0.1862	0.2735	0.29	0.1297	0.4424	0.3375
349	0.0951	0.2936	0.2715	0.1115	0.294	0.23	0.1795	0.2827	0.1864	0.2734	0.2903	0.1298	0.4431	0.3379
350	0.0952	0.2916	0.2704	0.1111	0.2929	0.2296	0.1787	0.282	0.1863	0.2734	0.2899	0.1298	0.4427	0.3375
351	0.0952	0.2962	0.2698	0.1109	0.2931	0.2303	0.1792	0.283	0.1862	0.2736	0.2904	0.1298	0.4425	0.3379
352	0.0943	0.2975	0.2704	0.1114	0.2932	0.2299	0.1793	0.2827	0.186	0.2737	0.2901	0.1297	0.4424	0.3376
353	0.0953	0.2948	0.2702	0.1109	0.2931	0.23	0.1793	0.2826	0.1862	0.274	0.2902	0.1296	0.442	0.3373
354	0.0944	0.2948	0.2694	0.1103	0.2925	0.2303	0.1797	0.2828	0.1862	0.2739	0.29	0.1297	0.4423	0.3374
355	0.0946	0.2909	0.2695	0.1108	0.2923	0.2302	0.1798	0.2824	0.1862	0.2735	0.2897	0.1296	0.442	0.337
356	0.0938	0.2934	0.2699	0.1108	0.2924	0.2303	0.1797	0.2823	0.1863	0.2731	0.2896	0.1297	0.4423	0.337
357	0.0939	0.294	0.2688	0.1104	0.2916	0.2299	0.1796	0.2822	0.1859	0.2728	0.2894	0.1297	0.442	0.3371
358	0.0945	0.2961	0.2695	0.1108	0.2922	0.2301	0.1799	0.2825	0.1863	0.2737	0.2899	0.1296	0.4422	0.3372
359	0.0934	0.2956	0.2699	0.1109	0.2922	0.2303	0.1801	0.2825	0.1861	0.2733	0.2896	0.1295	0.4421	0.3371
360	0.0933	0.3009	0.2691	0.1105	0.2917	0.2304	0.1802	0.2827	0.1857	0.2727	0.2895	0.1295	0.4416	0.3371
361	0.0937	0.2954	0.2695	0.1106	0.2921	0.2299	0.1799	0.2825	0.1858	0.2728	0.2897	0.1296	0.4417	0.3374
362	0.0934	0.3005	0.2695	0.1109	0.2922	0.2301	0.1802	0.2826	0.1858	0.2732	0.2897	0.1295	0.4418	0.3373
363	0.0931	0.299	0.2698	0.1109	0.2923	0.2302	0.1802	0.2826	0.1856	0.2729	0.2895	0.1295	0.4418	0.3372
364	0.0935	0.298	0.2698	0.1111	0.293	0.2298	0.1801	0.2828	0.1854	0.2727	0.2897	0.1296	0.4421	0.3376
365	0.0932	0.2974	0.2689	0.1107	0.2922	0.2297	0.1802	0.2826	0.1857	0.273	0.2897	0.1294	0.442	0.3373
366	0.0932	0.2981	0.2695	0.111	0.2924	0.2299	0.1803	0.2826	0.1855	0.273	0.2896	0.1294	0.4416	0.3371
367	0.092	0.2989	0.2702	0.1116	0.2929	0.2301	0.1807	0.2829	0.1858	0.2735	0.29	0.1294	0.4416	0.3373
368	0.0925	0.2992	0.2696	0.1113	0.2926	0.2303	0.1813	0.2832	0.1858	0.2732	0.29	0.1294	0.4412	0.3373
369	0.0921	0.3011	0.2703	0.1116	0.2937	0.2306	0.1808	0.2837	0.1857	0.2731	0.2902	0.1293	0.4407	0.3375
370	0.0926	0.3011	0.2703	0.1117	0.2932	0.2301	0.1807	0.2831	0.1858	0.2735	0.2901	0.1293	0.4413	0.3373
371	0.0918	0.2984	0.2697	0.1114	0.2929	0.2302	0.1805	0.2831	0.1855	0.2731	0.2899	0.1293	0.4411	0.3374
372	0.0918	0.2991	0.2696	0.1118	0.2929	0.2302	0.1804	0.2831	0.1857	0.2728	0.29	0.1294	0.441	0.3375
373	0.0919	0.2959	0.27	0.112	0.2933	0.2298	0.1801	0.2829	0.1855	0.2722	0.2898	0.1295	0.4409	0.3375
374	0.0916	0.3017	0.2699	0.1117	0.2928	0.2299	0.18	0.2826	0.1855	0.2722	0.2896	0.1294	0.4409	0.3373
375	0.0915	0.2976	0.2695	0.1114	0.2922	0.23	0.1804	0.2825	0.1857	0.2727	0.2896	0.1294	0.441	0.3371
376	0.0914	0.2982	0.268	0.111	0.2914	0.229	0.18	0.2819	0.1856	0.2724	0.2895	0.1294	0.441	0.3371
377	0.0911	0.3038	0.2684	0.1116	0.2918	0.2294	0.18	0.2822	0.1856	0.2727	0.2897	0.1293	0.441	0.3372
378	0.0908	0.3044	0.2674	0.1109	0.2909	0.2292	0.18	0.2819	0.1853	0.2718	0.2891	0.1295	0.4416	0.3372
379	0.0913	0.3032	0.268	0.1113	0.2917	0.2289	0.1797	0.2819	0.1856	0.2728	0.2897	0.1294	0.4417	0.3374
380	0.0906	0.3038	0.2687	0.1116	0.2922	0.2291	0.1799	0.2822	0.1857	0.2727	0.2898	0.1292	0.4413	0.3373
381	0.0906	0.3037	0.268	0.1112	0.2921	0.2287	0.1794	0.2822	0.1857	0.2727	0.2901	0.1293	0.4408	0.3375
382	0.0906	0.3039	0.2673	0.1109	0.2912	0.2287	0.1796	0.282	0.1856	0.2729	0.29	0.1293	0.4404	0.3374
383	0.0903	0.3033	0.2676	0.111	0.2912	0.2289	0.1798	0.2819	0.1853	0.2729	0.2896	0.1292	0.4403	0.3371
384	0.0905	0.3055	0.2671	0.1108	0.2904	0.2283	0.1795	0.2811	0.185	0.2722	0.2889	0.1291	0.4402	0.3367
385	0.0906	0.3057	0.2674	0.1107	0.2901	0.2286	0.1794	0.2809	0.1847	0.2716	0.2883	0.1291	0.4405	0.3365
386	0.0902	0.302	0.2666	0.1108	0.2898	0.2283	0.1792	0.2808	0.1847	0.2718	0.2885	0.1291	0.4407	0.3365
387	0.0899	0.306	0.2663	0.1103	0.2893	0.2282	0.1789	0.2806	0.1849	0.2721	0.2885	0.129	0.4405	0.3363
388	0.09	0.3075	0.2661	0.1102	0.2886	0.2279	0.1786	0.2798	0.1848	0.2718	0.2879	0.129	0.4404	0.3359
389	0.0894	0.3042	0.2673	0.1112	0.2898	0.2275	0.1778	0.2798	0.1847	0.2716	0.2881	0.1289	0.4402	0.3359
390	0.0894	0.3042	0.2669	0.1107	0.2896	0.2283	0.179	0.2805	0.1846	0.2713	0.2881	0.1291	0.441	0.3364
391	0.0896	0.3043	0.2668	0.1104	0.2891	0.2279	0.1791	0.2801	0.1848	0.2718	0.2881	0.1289	0.4405	0.336
392	0.0894	0.3052	0.2677	0.1105	0.2896	0.2279	0.1788	0.28	0.1848	0.2721	0.2881	0.1289	0.4405	0.3359
393	0.0895	0.305	0.2672	0.1106	0.2901	0.2282	0.179	0.2808	0.1848	0.2712	0.2884	0.1287	0.4399	0.3361
394	0.0892	0.3061	0.2666	0.1104	0.2893	0.2279	0.1788	0.2803	0.1849	0.2718	0.2884	0.1288	0.4403	0.3362
395	0.0886	0.3041	0.2666	0.1105	0.2895	0.2281	0.1794	0.2806	0.1847	0.2717	0.2883	0.1287	0.44	0.3361
396	0.0891	0.301	0.2673	0.1108	0.2903	0.2275	0.1787	0.2804	0.1847	0.2716	0.2884	0.1289	0.4407	0.3365
397	0.0886	0.3041	0.2672	0.1108	0.2904	0.2276	0.1789	0.2806	0.1848	0.2723	0.2889	0.1287	0.4403	0.3366
398	0.0888	0.3075	0.2668	0.1105	0.2893	0.2273	0.1784	0.2798	0.1852	0.2734	0.2888	0.1288	0.4403	0.3361
399	0.0881	0.3061	0.266	0.1103	0.2891	0.2275	0.1782	0.2799	0.185	0.2725	0.2886	0.1286	0.4399	0.3359
400	0.0889	0.3058	0.2666	0.1106	0.2897	0.2281	0.179	0.2807	0.1846	0.2723	0.2885	0.1285	0.4394	0.3358
401	0.0883	0.3037	0.2673	0.1105	0.2903	0.2286	0.1797	0.2813	0.1847	0.2724	0.2887	0.1285	0.4395	0.3361
402	0.0887	0.3097	0.2678	0.1109	0.2911	0.2285	0.1791	0.2814	0.1848	0.2725	0.2891	0.1286	0.4399	0.3365
403	0.0886	0.3054	0.2681	0.1112	0.2914	0.2281	0.1792	0.2812	0.1848	0.2728	0.2891	0.1284	0.4395	0.3362
404	0.0882	0.3066	0.2684	0.1113	0.2914	0.2278	0.1788	0.2809	0.1845	0.2722	0.2887	0.1285	0.4396	0.3361
405	0.0883	0.3069	0.269	0.1113	0.2915	0.2284	0.1794	0.2812	0.1844	0.2725	0.2886	0.1286	0.44	0.3362
406	0.088	0.3116	0.2686	0.1111	0.2916	0.2287	0.1795	0.2816	0.1845	0.2722	0.2888	0.1285	0.44	0.3364
407	0.0876	0.3075	0.2684	0.1112	0.2913	0.2282	0.1794	0.2813	0.1844	0.2723	0.2888	0.1285	0.4405	0.3365
408	0.088	0.3077	0.2691	0.1115	0.2916	0.2279	0.1792	0.281	0.1845	0.2724	0.2888	0.1286	0.4398	0.3363
409	0.0882	0.3084	0.2679	0.1115	0.2909	0.2284	0.1795	0.2812	0.1843	0.2724	0.2886	0.1286	0.44	0.3364
410	0.0872	0.3097	0.2674	0.1111	0.2899	0.2276	0.1789	0.2801	0.1843	0.2725	0.2882	0.1285	0.44	0.3359
411	0.0877	0.3086	0.2672	0.111	0.2898	0.2283	0.1799	0.2807	0.1844	0.273	0.2884	0.1284	0.4392	0.3357
412	0.0879	0.3082	0.2679	0.1111	0.2903	0.2276	0.1791	0.2802	0.1842	0.2729	0.2883	0.1283	0.4394	0.3357
413	0.0875	0.3102	0.2679	0.111	0.2906	0.2281	0.1794	0.2808	0.1841	0.2728	0.2885	0.1284	0.4399	0.3361
414	0.0875	0.3076	0.2674	0.1112	0.2903	0.2273	0.1791	0.2802	0.1838	0.2725	0.2882	0.1284	0.4398	0.3359
415	0.0873	0.3108	0.2672	0.1111	0.2898	0.2279	0.1794	0.2804	0.1839	0.2722	0.288	0.1283	0.4395	0.3357
416	0.0869	0.3098	0.2675	0.1111	0.2902	0.2277	0.1794	0.2805	0.1837	0.2717	0.2879	0.1282	0.4389	0.3356
417	0.0867	0.3095	0.268	0.1115	0.2907	0.2277	0.1795	0.2806	0.184	0.2722	0.2883	0.1282	0.4391	0.3358
418	0.0872	0.314	0.268	0.1114	0.2908	0.2272	0.1795	0.2805	0.184	0.2724	0.2884	0.1281	0.4389	0.3356
419	0.0865	0.3103	0.2682	0.1116	0.2904	0.2273	0.1793	0.28	0.184	0.2724	0.2879	0.1282	0.439	0.3353
420	0.0865	0.3107	0.2677	0.1112	0.2903	0.2269	0.1787	0.2798	0.184	0.2726	0.2881	0.1281	0.4392	0.3354
421	0.0867	0.3124	0.2682	0.1111	0.2907	0.227	0.1788	0.2801	0.1838	0.2722	0.288	0.1281	0.4388	0.3354
422	0.0865	0.3125	0.2679	0.1111	0.2902	0.2267	0.1787	0.2794	0.1836	0.2723	0.2876	0.128	0.4387	0.3351
423	0.0866	0.3117	0.2672	0.1115	0.2893	0.2273	0.1789	0.2795	0.1836	0.272	0.2873	0.1279	0.4388	0.3348
424	0.0865	0.3103	0.2664	0.1108	0.2894	0.2274	0.1788	0.28	0.1837	0.2722	0.2878	0.128	0.4385	0.3351
425	0.0862	0.315	0.2659	0.111	0.2892	0.2271	0.1785	0.2797	0.1833	0.2717	0.2874	0.128	0.4387	0.335
426	0.0855	0.312	0.2658	0.1107	0.2888	0.2263	0.1778	0.2789	0.1832	0.2715	0.2872	0.1278	0.4385	0.3348
427	0.0861	0.3121	0.2664	0.1109	0.2896	0.2263	0.1779	0.2793	0.1833	0.2717	0.2876	0.128	0.4385	0.3353
428	0.0858	0.3128	0.2668	0.1108	0.29	0.2263	0.1781	0.2796	0.1836	0.2714	0.2879	0.128	0.4385	0.3354
429	0.0863	0.3163	0.2667	0.1108	0.2902	0.227	0.1786	0.2802	0.1835	0.271	0.2878	0.1278	0.4378	0.3352
430	0.0858	0.3142	0.2668	0.1108	0.2898	0.2265	0.178	0.2794	0.1835	0.2714	0.2875	0.1279	0.4384	0.335
431	0.0854	0.3124	0.2662	0.1106	0.2896	0.2261	0.1774	0.2792	0.1836	0.2714	0.2876	0.1279	0.4383	0.3351
432	0.0854	0.3135	0.2662	0.1107	0.2895	0.2265	0.1777	0.2794	0.1835	0.2715	0.2877	0.128	0.4387	0.3353
433	0.0853	0.3132	0.2664	0.1105	0.2895	0.2265	0.178	0.2795	0.1836	0.2713	0.2876	0.1279	0.4388	0.3351
434	0.0855	0.307	0.2662	0.1107	0.2895	0.2269	0.1787	0.2798	0.1834	0.2713	0.2875	0.1278	0.4386	0.335
435	0.0852	0.3171	0.2671	0.1114	0.29	0.2268	0.1786	0.2797	0.1835	0.2718	0.2876	0.1277	0.4385	0.3349
436	0.0858	0.3156	0.2666	0.111	0.2895	0.2268	0.1782	0.2794	0.1835	0.2719	0.2874	0.1276	0.4378	0.3345
437	0.0849	0.3156	0.2672	0.1117	0.2901	0.2261	0.1777	0.2791	0.1833	0.2718	0.2875	0.1276	0.4381	0.3347
438	0.0853	0.3173	0.2667	0.1115	0.2898	0.2259	0.1779	0.2791	0.1832	0.2711	0.2873	0.1277	0.4383	0.3348
439	0.0847	0.3143	0.2663	0.1114	0.2892	0.226	0.1778	0.2788	0.1831	0.2713	0.287	0.1277	0.4381	0.3345
440	0.0845	0.3144	0.2665	0.1118	0.2897	0.226	0.1777	0.279	0.1831	0.2708	0.2871	0.1277	0.4387	0.3348
441	0.085	0.3168	0.2653	0.1112	0.2883	0.2259	0.178	0.2786	0.1829	0.2711	0.2868	0.1276	0.4383	0.3345
442	0.0847	0.3172	0.2652	0.1113	0.2882	0.2261	0.1782	0.2787	0.1827	0.2706	0.2865	0.1276	0.4387	0.3345
443	0.0843	0.317	0.2655	0.1119	0.2883	0.2264	0.1781	0.2787	0.1828	0.2704	0.2864	0.1276	0.4383	0.3343
444	0.0845	0.3177	0.2654	0.1117	0.2881	0.2262	0.1782	0.2785	0.1827	0.2704	0.2862	0.1277	0.4384	0.3342
445	0.0846	0.3167	0.2658	0.1115	0.2883	0.2262	0.1783	0.2786	0.1827	0.2704	0.2863	0.1276	0.4388	0.3344
446	0.0846	0.3179	0.2659	0.1113	0.2882	0.2264	0.1784	0.2787	0.1827	0.27	0.2862	0.1276	0.4381	0.3342
447	0.0843	0.3157	0.2659	0.1115	0.288	0.2261	0.178	0.2782	0.1826	0.27	0.286	0.1275	0.4385	0.3341
448	0.0839	0.3177	0.266	0.1111	0.2883	0.2261	0.1779	0.2783	0.1825	0.2704	0.2861	0.1276	0.439	0.3343
449	0.084	0.3141	0.2657	0.1112	0.2879	0.2266	0.1781	0.2785	0.1827	0.2708	0.2862	0.1276	0.4386	0.3342
450	0.0838	0.3195	0.2657	0.1114	0.2877	0.2263	0.178	0.2782	0.1828	0.2707	0.2862	0.1277	0.439	0.3342
451	0.0838	0.3165	0.2661	0.1115	0.2885	0.226	0.178	0.2784	0.183	0.2712	0.2867	0.1276	0.4384	0.3343
452	0.0839	0.3174	0.2665	0.1115	0.2888	0.2258	0.1773	0.2782	0.1827	0.2703	0.2862	0.1275	0.4381	0.3341
453	0.0834	0.3168	0.2656	0.1113	0.2879	0.2259	0.1776	0.278	0.1828	0.2705	0.2861	0.1276	0.4381	0.334
454	0.0838	0.3209	0.2654	0.1116	0.2875	0.2254	0.177	0.2775	0.1826	0.2706	0.286	0.1277	0.4386	0.3341
455	0.0835	0.3165	0.2657	0.1112	0.2875	0.2255	0.1771	0.2774	0.1827	0.2709	0.286	0.1276	0.4385	0.3338
456	0.0835	0.3204	0.2657	0.1109	0.2877	0.2252	0.177	0.2773	0.1826	0.2711	0.286	0.1275	0.4381	0.3338
457	0.084	0.3211	0.2654	0.111	0.2876	0.2252	0.1774	0.2775	0.1827	0.2708	0.2861	0.1276	0.4385	0.334
458	0.0831	0.3175	0.2651	0.1107	0.2876	0.2251	0.1773	0.2775	0.1826	0.2705	0.286	0.1274	0.4384	0.3339
459	0.0837	0.3229	0.2652	0.1109	0.2876	0.225	0.1774	0.2775	0.1828	0.2706	0.2861	0.1275	0.4382	0.3339
460	0.0828	0.3199	0.2659	0.1115	0.2886	0.2253	0.1773	0.278	0.1826	0.2708	0.2864	0.1275	0.4379	0.3341
461	0.0826	0.3156	0.2648	0.1105	0.2881	0.2257	0.1773	0.2784	0.1827	0.2712	0.2867	0.1274	0.4381	0.3342
462	0.0836	0.3217	0.2652	0.111	0.2882	0.2261	0.1779	0.2787	0.1824	0.2711	0.2865	0.1275	0.4384	0.3343
463	0.083	0.3252	0.2647	0.1105	0.2876	0.2257	0.1774	0.2782	0.1824	0.2715	0.2863	0.1273	0.4378	0.3339
464	0.0826	0.3199	0.2647	0.1108	0.2875	0.226	0.1775	0.2783	0.1824	0.2717	0.2864	0.1273	0.4376	0.3339
465	0.083	0.3209	0.2637	0.1104	0.2871	0.2262	0.1784	0.2787	0.1824	0.2713	0.2865	0.1273	0.4383	0.3341
466	0.0832	0.32	0.2643	0.1103	0.2877	0.2262	0.1786	0.2789	0.1823	0.2711	0.2864	0.1273	0.4379	0.3341
467	0.0826	0.3206	0.2648	0.1109	0.2882	0.2257	0.178	0.2787	0.1823	0.2711	0.2865	0.1271	0.4381	0.3341
468	0.0828	0.3178	0.2646	0.1106	0.2875	0.2254	0.1776	0.2781	0.1823	0.271	0.2862	0.1272	0.4381	0.3339
469	0.0828	0.3215	0.266	0.1113	0.2885	0.2259	0.1779	0.2786	0.1827	0.2712	0.2865	0.1271	0.438	0.3339
470	0.0826	0.3195	0.265	0.1109	0.2878	0.2259	0.1781	0.2786	0.1826	0.2709	0.2864	0.1272	0.4381	0.3339
471	0.0825	0.3167	0.2647	0.1107	0.2876	0.2264	0.1788	0.279	0.1823	0.2704	0.286	0.1271	0.4377	0.3337
472	0.0828	0.3231	0.2652	0.1111	0.2878	0.2264	0.1787	0.2789	0.1824	0.2709	0.2862	0.1271	0.4377	0.3336
473	0.0824	0.3204	0.2652	0.1108	0.2879	0.2258	0.1781	0.2784	0.1822	0.2705	0.2859	0.127	0.4374	0.3334
474	0.0827	0.3206	0.2652	0.1111	0.2878	0.2257	0.1779	0.2781	0.1823	0.271	0.2861	0.1271	0.438	0.3337
475	0.0826	0.3202	0.2646	0.1109	0.2875	0.2256	0.1778	0.2782	0.1821	0.271	0.2861	0.1272	0.4373	0.3336
476	0.0822	0.3201	0.2646	0.1106	0.2879	0.2255	0.1778	0.2784	0.1824	0.2714	0.2865	0.1271	0.4372	0.3337
477	0.082	0.3186	0.2648	0.1109	0.2881	0.2254	0.1778	0.2785	0.1822	0.2711	0.2865	0.127	0.4373	0.3339
478	0.0818	0.3237	0.2664	0.1116	0.2891	0.2258	0.1777	0.2787	0.1825	0.2716	0.2867	0.1271	0.438	0.3341
479	0.0815	0.3182	0.2653	0.1112	0.2886	0.2258	0.1776	0.2788	0.1823	0.2711	0.2866	0.1271	0.4374	0.334
480	0.0817	0.3244	0.2652	0.1114	0.2886	0.2256	0.1777	0.2788	0.1822	0.2709	0.2866	0.127	0.4376	0.3341
481	0.0825	0.3269	0.2645	0.1109	0.2877	0.2256	0.1778	0.2784	0.182	0.2704	0.2861	0.1269	0.4367	0.3336
482	0.0813	0.3229	0.2652	0.1113	0.2884	0.2257	0.1779	0.2787	0.182	0.2705	0.2863	0.1269	0.437	0.3339
483	0.0821	0.3284	0.2653	0.1113	0.2882	0.225	0.1773	0.278	0.1823	0.2711	0.2864	0.127	0.4372	0.3338
484	0.0818	0.3219	0.265	0.1109	0.2881	0.2253	0.1774	0.2782	0.1825	0.2719	0.2867	0.1271	0.4375	0.334
485	0.0816	0.3236	0.2645	0.1106	0.2875	0.2253	0.1776	0.2781	0.1824	0.2714	0.2864	0.127	0.4371	0.3337
486	0.0814	0.3209	0.2643	0.1107	0.2877	0.2252	0.1775	0.2783	0.1822	0.2709	0.2865	0.1269	0.4365	0.3337
487	0.0817	0.3302	0.2644	0.1109	0.2875	0.2249	0.1772	0.2779	0.1821	0.2708	0.2862	0.1268	0.4363	0.3335
488	0.0813	0.3215	0.2644	0.1108	0.2873	0.2245	0.1766	0.2773	0.182	0.2711	0.2861	0.1268	0.4363	0.3333
489	0.0812	0.3242	0.2644	0.1108	0.2872	0.2246	0.1767	0.2774	0.1823	0.272	0.2864	0.1268	0.4364	0.3333
490	0.0807	0.3305	0.2642	0.1108	0.2874	0.2243	0.1769	0.2774	0.1824	0.2722	0.2867	0.1268	0.4362	0.3333
491	0.0811	0.3282	0.2645	0.1108	0.2874	0.2247	0.1774	0.2776	0.1824	0.2719	0.2865	0.1267	0.4364	0.3333
492	0.081	0.3263	0.2655	0.1116	0.2881	0.2248	0.1776	0.2778	0.1819	0.2716	0.2864	0.1267	0.4367	0.3335
493	0.0808	0.3296	0.2646	0.1109	0.2876	0.224	0.1773	0.2774	0.1824	0.2721	0.2867	0.1267	0.4369	0.3336
494	0.0811	0.3222	0.2656	0.1114	0.2881	0.2243	0.1774	0.2774	0.182	0.2714	0.2862	0.1267	0.4372	0.3334
495	0.0809	0.3283	0.2643	0.1109	0.2869	0.2237	0.1768	0.2767	0.1821	0.2715	0.286	0.1266	0.4368	0.3331
496	0.0809	0.3235	0.265	0.1114	0.2875	0.2232	0.1761	0.2763	0.1819	0.2715	0.2859	0.1266	0.437	0.3331
497	0.0807	0.3227	0.2657	0.1116	0.2881	0.2237	0.176	0.2766	0.1821	0.2716	0.2861	0.1265	0.4365	0.3329
498	0.0804	0.3243	0.2652	0.1115	0.2876	0.2233	0.176	0.2762	0.1817	0.2706	0.2855	0.1265	0.4364	0.3328
499	0.0804	0.3263	0.2645	0.1113	0.2869	0.2236	0.1769	0.2765	0.1816	0.2703	0.2854	0.1264	0.4362	0.3328
500	0.0802	0.3304	0.2649	0.1115	0.2874	0.2241	0.1771	0.277	0.1815	0.2706	0.2856	0.1264	0.4362	0.3329
