{"n_layers": 1, "device": "cuda", "batch_size": 2048, "embedding_dim": 256, "learning_rate": 0.0005, "dataset": "dbbook", "epochs": 150, "top_k": 50, "multimodal": false, "datasets": {"dbbook": ["images", "text"], "ml1m": ["audio", "images", "text", "video"]}}
Epoch	Loss	Recall	Precision	NDCG
1	0.6915	0.0260	0.0035	0.0150
2	0.6898	0.0740	0.0104	0.0442
3	0.6866	0.1266	0.0180	0.0711
4	0.6804	0.1439	0.0207	0.0794
5	0.6690	0.1471	0.0211	0.0800
6	0.6504	0.1446	0.0208	0.0784
7	0.6236	0.1417	0.0204	0.0766
8	0.5896	0.1393	0.0201	0.0753
9	0.5506	0.1388	0.0200	0.0750
10	0.5107	0.1380	0.0198	0.0743
11	0.4719	0.1373	0.0198	0.0740
12	0.4367	0.1377	0.0198	0.0741
13	0.4055	0.1378	0.0198	0.0742
14	0.3771	0.1377	0.0199	0.0745
15	0.3513	0.1384	0.0200	0.0750
16	0.3322	0.1392	0.0201	0.0755
17	0.3126	0.1402	0.0203	0.0762
18	0.2964	0.1426	0.0205	0.0771
19	0.2784	0.1438	0.0207	0.0780
20	0.2662	0.1453	0.0209	0.0789
21	0.2547	0.1466	0.0211	0.0798
22	0.2417	0.1489	0.0214	0.0808
23	0.2312	0.1507	0.0216	0.0816
24	0.2218	0.1528	0.0218	0.0826
25	0.2105	0.1547	0.0221	0.0836
26	0.2040	0.1568	0.0223	0.0847
27	0.1942	0.1579	0.0225	0.0857
28	0.1861	0.1592	0.0226	0.0864
29	0.1783	0.1614	0.0229	0.0874
30	0.1715	0.1632	0.0231	0.0886
31	0.1648	0.1645	0.0232	0.0892
32	0.1555	0.1660	0.0234	0.0901
33	0.1525	0.1676	0.0236	0.0910
34	0.1454	0.1689	0.0237	0.0917
35	0.1417	0.1707	0.0239	0.0926
36	0.1373	0.1724	0.0242	0.0936
37	0.1320	0.1732	0.0243	0.0942
38	0.1272	0.1745	0.0244	0.0952
39	0.1216	0.1750	0.0245	0.0957
40	0.1205	0.1754	0.0245	0.0962
41	0.1148	0.1770	0.0247	0.0971
42	0.1118	0.1779	0.0248	0.0978
43	0.1086	0.1797	0.0250	0.0987
44	0.1060	0.1812	0.0252	0.0996
45	0.0992	0.1819	0.0253	0.1002
46	0.0994	0.1826	0.0253	0.1007
47	0.0956	0.1837	0.0254	0.1014
48	0.0948	0.1851	0.0256	0.1021
49	0.0902	0.1861	0.0257	0.1026
50	0.0867	0.1870	0.0257	0.1032
51	0.0861	0.1879	0.0258	0.1037
52	0.0818	0.1883	0.0259	0.1041
53	0.0820	0.1891	0.0261	0.1047
54	0.0758	0.1902	0.0262	0.1054
55	0.0759	0.1916	0.0263	0.1060
56	0.0735	0.1922	0.0264	0.1064
57	0.0726	0.1928	0.0265	0.1070
58	0.0695	0.1930	0.0265	0.1071
59	0.0705	0.1941	0.0266	0.1077
60	0.0663	0.1944	0.0266	0.1080
61	0.0645	0.1951	0.0267	0.1084
62	0.0643	0.1960	0.0268	0.1089
63	0.0629	0.1962	0.0268	0.1094
64	0.0607	0.1966	0.0268	0.1097
65	0.0581	0.1969	0.0269	0.1099
66	0.0583	0.1972	0.0269	0.1101
67	0.0579	0.1980	0.0269	0.1104
68	0.0554	0.1988	0.0270	0.1110
69	0.0545	0.1990	0.0270	0.1112
70	0.0520	0.1993	0.0271	0.1116
71	0.0515	0.1992	0.0271	0.1118
72	0.0519	0.1994	0.0271	0.1120
73	0.0476	0.1994	0.0271	0.1121
74	0.0483	0.1998	0.0271	0.1124
75	0.0463	0.2009	0.0272	0.1129
76	0.0458	0.2012	0.0273	0.1131
77	0.0480	0.2014	0.0273	0.1132
78	0.0445	0.2010	0.0272	0.1132
79	0.0459	0.2017	0.0273	0.1136
80	0.0424	0.2016	0.0273	0.1137
81	0.0424	0.2017	0.0273	0.1138
82	0.0405	0.2023	0.0273	0.1140
83	0.0408	0.2022	0.0273	0.1141
84	0.0406	0.2025	0.0273	0.1142
85	0.0397	0.2020	0.0272	0.1142
86	0.0390	0.2022	0.0272	0.1144
87	0.0383	0.2022	0.0272	0.1145
88	0.0381	0.2022	0.0272	0.1146
89	0.0365	0.2022	0.0271	0.1148
90	0.0351	0.2023	0.0271	0.1149
91	0.0357	0.2027	0.0272	0.1151
92	0.0351	0.2029	0.0272	0.1154
93	0.0351	0.2025	0.0271	0.1152
94	0.0333	0.2027	0.0271	0.1154
95	0.0324	0.2025	0.0271	0.1152
96	0.0335	0.2029	0.0271	0.1154
97	0.0319	0.2032	0.0272	0.1156
98	0.0311	0.2031	0.0272	0.1157
99	0.0310	0.2028	0.0271	0.1157
100	0.0305	0.2029	0.0271	0.1160
101	0.0291	0.2027	0.0271	0.1159
102	0.0304	0.2030	0.0271	0.1160
103	0.0283	0.2026	0.0270	0.1159
104	0.0298	0.2027	0.0270	0.1159
105	0.0279	0.2035	0.0271	0.1163
106	0.0291	0.2035	0.0271	0.1163
107	0.0283	0.2037	0.0270	0.1164
108	0.0270	0.2039	0.0270	0.1165
109	0.0267	0.2040	0.0270	0.1166
110	0.0262	0.2036	0.0270	0.1165
111	0.0264	0.2034	0.0270	0.1165
112	0.0256	0.2040	0.0271	0.1168
113	0.0246	0.2040	0.0271	0.1169
114	0.0259	0.2040	0.0271	0.1170
115	0.0247	0.2039	0.0270	0.1171
116	0.0239	0.2039	0.0270	0.1172
117	0.0244	0.2043	0.0270	0.1173
118	0.0239	0.2042	0.0270	0.1174
119	0.0238	0.2043	0.0270	0.1176
120	0.0239	0.2045	0.0270	0.1176
121	0.0234	0.2042	0.0270	0.1176
122	0.0227	0.2041	0.0270	0.1176
123	0.0229	0.2049	0.0270	0.1179
124	0.0220	0.2052	0.0271	0.1181
125	0.0221	0.2049	0.0270	0.1180
126	0.0215	0.2044	0.0270	0.1178
127	0.0214	0.2048	0.0270	0.1179
128	0.0213	0.2049	0.0270	0.1180
129	0.0216	0.2045	0.0269	0.1179
130	0.0209	0.2046	0.0269	0.1181
131	0.0211	0.2042	0.0269	0.1181
132	0.0215	0.2037	0.0268	0.1181
133	0.0205	0.2032	0.0267	0.1181
134	0.0196	0.2033	0.0267	0.1180
135	0.0192	0.2025	0.0266	0.1177
136	0.0191	0.2025	0.0266	0.1177
137	0.0185	0.2024	0.0266	0.1175
138	0.0202	0.2024	0.0266	0.1177
139	0.0197	0.2024	0.0266	0.1178
140	0.0189	0.2032	0.0267	0.1180
141	0.0182	0.2031	0.0267	0.1180
142	0.0176	0.2026	0.0266	0.1178
143	0.0180	0.2026	0.0266	0.1178
144	0.0180	0.2022	0.0266	0.1178
145	0.0173	0.2021	0.0266	0.1178
146	0.0171	0.2022	0.0266	0.1178
147	0.0171	0.2022	0.0266	0.1179
148	0.0175	0.2029	0.0266	0.1182
149	0.0175	0.2027	0.0266	0.1182
150	0.0166	0.2026	0.0266	0.1182
