{"n_layers": 0, "device": "cuda", "batch_size": 2048, "embedding_dim": 1024, "learning_rate": 0.001, "dataset": "dbbook", "epochs": 150, "top_k": 50, "multimodal": true, "datasets": {"dbbook": ["images", "text"], "ml1m": ["audio", "images", "text", "video"]}}
Epoch	Loss	Recall	Precision	NDCG
1	0.6932	0.0131	0.0017	0.0064
2	0.6850	0.0289	0.0038	0.0164
3	0.6755	0.0755	0.0102	0.0499
4	0.6606	0.1341	0.0182	0.0869
5	0.6370	0.1693	0.0231	0.1072
6	0.6012	0.1855	0.0253	0.1159
7	0.5518	0.1911	0.0263	0.1193
8	0.4914	0.1920	0.0264	0.1199
9	0.4270	0.1928	0.0266	0.1205
10	0.3653	0.1940	0.0269	0.1215
11	0.3111	0.1940	0.0270	0.1223
12	0.2654	0.1952	0.0271	0.1235
13	0.2279	0.1972	0.0273	0.1248
14	0.1972	0.2005	0.0276	0.1260
15	0.1718	0.2043	0.0280	0.1277
16	0.1495	0.2056	0.0281	0.1288
17	0.1317	0.2067	0.0282	0.1301
18	0.1171	0.2084	0.0283	0.1310
19	0.1039	0.2098	0.0285	0.1316
20	0.0929	0.2110	0.0286	0.1322
21	0.0829	0.2114	0.0286	0.1321
22	0.0751	0.2131	0.0288	0.1330
23	0.0690	0.2151	0.0289	0.1339
24	0.0625	0.2153	0.0290	0.1341
25	0.0570	0.2160	0.0291	0.1346
26	0.0525	0.2164	0.0292	0.1352
27	0.0486	0.2180	0.0293	0.1354
28	0.0445	0.2189	0.0294	0.1364
29	0.0413	0.2200	0.0295	0.1371
30	0.0390	0.2214	0.0296	0.1378
31	0.0357	0.2214	0.0296	0.1379
32	0.0341	0.2217	0.0297	0.1381
33	0.0322	0.2228	0.0298	0.1386
34	0.0305	0.2230	0.0298	0.1389
35	0.0281	0.2246	0.0299	0.1397
36	0.0268	0.2253	0.0300	0.1402
37	0.0259	0.2255	0.0300	0.1402
38	0.0244	0.2260	0.0301	0.1403
39	0.0239	0.2250	0.0300	0.1402
40	0.0216	0.2254	0.0300	0.1407
41	0.0213	0.2252	0.0299	0.1407
42	0.0208	0.2250	0.0299	0.1407
43	0.0198	0.2259	0.0300	0.1412
44	0.0195	0.2266	0.0301	0.1415
45	0.0185	0.2265	0.0301	0.1420
46	0.0173	0.2262	0.0300	0.1419
47	0.0168	0.2264	0.0300	0.1421
48	0.0164	0.2273	0.0301	0.1422
49	0.0165	0.2276	0.0301	0.1423
50	0.0160	0.2282	0.0301	0.1426
51	0.0149	0.2285	0.0302	0.1427
52	0.0147	0.2287	0.0302	0.1430
53	0.0142	0.2290	0.0302	0.1433
54	0.0144	0.2285	0.0302	0.1435
55	0.0134	0.2288	0.0302	0.1436
56	0.0131	0.2284	0.0301	0.1437
57	0.0130	0.2281	0.0301	0.1437
58	0.0130	0.2279	0.0301	0.1438
59	0.0124	0.2283	0.0301	0.1440
60	0.0123	0.2285	0.0301	0.1443
61	0.0117	0.2284	0.0301	0.1443
62	0.0116	0.2283	0.0301	0.1444
63	0.0116	0.2280	0.0301	0.1444
64	0.0115	0.2279	0.0300	0.1445
65	0.0111	0.2271	0.0300	0.1443
66	0.0110	0.2274	0.0300	0.1442
67	0.0107	0.2275	0.0300	0.1441
68	0.0112	0.2274	0.0300	0.1438
69	0.0109	0.2274	0.0300	0.1439
70	0.0105	0.2277	0.0300	0.1440
71	0.0103	0.2287	0.0301	0.1445
72	0.0098	0.2285	0.0301	0.1445
73	0.0104	0.2286	0.0300	0.1446
74	0.0098	0.2288	0.0301	0.1445
75	0.0098	0.2284	0.0300	0.1445
76	0.0096	0.2287	0.0301	0.1447
77	0.0096	0.2287	0.0301	0.1446
78	0.0092	0.2291	0.0301	0.1447
79	0.0092	0.2290	0.0301	0.1446
80	0.0095	0.2289	0.0301	0.1444
81	0.0093	0.2286	0.0301	0.1441
82	0.0091	0.2286	0.0301	0.1440
83	0.0087	0.2292	0.0302	0.1441
84	0.0092	0.2294	0.0302	0.1440
85	0.0086	0.2291	0.0302	0.1439
86	0.0087	0.2290	0.0301	0.1438
87	0.0091	0.2287	0.0301	0.1439
88	0.0082	0.2288	0.0301	0.1443
89	0.0082	0.2290	0.0300	0.1443
90	0.0083	0.2291	0.0301	0.1447
91	0.0088	0.2292	0.0301	0.1448
92	0.0084	0.2284	0.0300	0.1447
93	0.0084	0.2286	0.0301	0.1450
94	0.0084	0.2296	0.0301	0.1452
95	0.0083	0.2296	0.0301	0.1454
96	0.0083	0.2300	0.0301	0.1453
97	0.0085	0.2303	0.0301	0.1454
98	0.0080	0.2303	0.0301	0.1452
99	0.0082	0.2303	0.0301	0.1452
100	0.0078	0.2299	0.0301	0.1453
101	0.0083	0.2293	0.0300	0.1449
102	0.0081	0.2293	0.0301	0.1448
103	0.0079	0.2297	0.0300	0.1446
104	0.0083	0.2292	0.0300	0.1445
105	0.0078	0.2289	0.0300	0.1446
106	0.0082	0.2292	0.0300	0.1448
107	0.0076	0.2292	0.0300	0.1450
108	0.0077	0.2291	0.0300	0.1450
109	0.0078	0.2292	0.0300	0.1448
110	0.0078	0.2285	0.0299	0.1447
111	0.0073	0.2287	0.0299	0.1447
112	0.0080	0.2287	0.0300	0.1449
113	0.0077	0.2285	0.0300	0.1446
114	0.0078	0.2288	0.0299	0.1444
115	0.0076	0.2281	0.0299	0.1441
116	0.0075	0.2289	0.0300	0.1443
117	0.0071	0.2285	0.0300	0.1445
118	0.0076	0.2280	0.0299	0.1442
119	0.0076	0.2285	0.0299	0.1443
120	0.0077	0.2280	0.0299	0.1442
121	0.0075	0.2282	0.0299	0.1444
122	0.0077	0.2280	0.0299	0.1446
123	0.0072	0.2281	0.0299	0.1447
124	0.0073	0.2274	0.0299	0.1447
125	0.0075	0.2276	0.0299	0.1445
126	0.0074	0.2277	0.0299	0.1449
127	0.0072	0.2268	0.0298	0.1446
128	0.0077	0.2262	0.0298	0.1442
129	0.0076	0.2260	0.0298	0.1441
130	0.0070	0.2267	0.0298	0.1444
131	0.0075	0.2271	0.0298	0.1442
132	0.0068	0.2271	0.0298	0.1443
133	0.0072	0.2268	0.0298	0.1441
134	0.0076	0.2266	0.0298	0.1438
135	0.0074	0.2255	0.0296	0.1435
136	0.0071	0.2254	0.0296	0.1433
137	0.0077	0.2258	0.0296	0.1430
138	0.0072	0.2258	0.0296	0.1431
139	0.0075	0.2257	0.0296	0.1430
140	0.0074	0.2260	0.0296	0.1432
141	0.0070	0.2259	0.0296	0.1430
142	0.0074	0.2255	0.0295	0.1430
143	0.0075	0.2256	0.0295	0.1430
144	0.0072	0.2256	0.0296	0.1431
145	0.0073	0.2258	0.0296	0.1435
146	0.0075	0.2259	0.0296	0.1436
147	0.0069	0.2257	0.0296	0.1432
148	0.0071	0.2260	0.0296	0.1434
149	0.0071	0.2255	0.0295	0.1429
150	0.0071	0.2253	0.0295	0.1428
