{"device": "cuda:2", "multimodal": false, "embedding_dim": 512, "n_layers": 3, "epochs": 500, "learning_rate": 0.001, "log": true, "seed": 19, "top_k": [5, 10, 20, 50], "dataset": "dbbook", "batch_size": 2048, "single_branch": false, "autoencoder": false, "ensemble_fusion": false, "freeze": true, "fusion_modalities": "mean", "fusion_type": "late", "info_nce": false, "weighting": false, "datasets": {"dbbook": ["images", "text"], "ml1m": ["audio", "images", "text", "video"]}}
Epoch	T-Loss	V-Loss	Precision@5	Recall@5	NDCG@5	Precision@10	Recall@10	NDCG@10	Precision@20	Recall@20	NDCG@20	Precision@50	Recall@50	NDCG@50
1	0.6932	0.6932	0.0019	0.0015	0.002	0.0018	0.0026	0.0023	0.0016	0.0044	0.0031	0.0016	0.0108	0.0055
2	0.6927	0.6932	0.0028	0.0021	0.0029	0.0024	0.0035	0.0032	0.0023	0.0063	0.0045	0.0019	0.0132	0.007
3	0.6923	0.6931	0.0064	0.0047	0.0073	0.0054	0.0078	0.0077	0.0042	0.0118	0.0094	0.0034	0.0245	0.0139
4	0.6916	0.6931	0.015	0.0107	0.0176	0.012	0.0175	0.0179	0.0093	0.0275	0.0218	0.0066	0.0479	0.0293
5	0.6906	0.693	0.0238	0.0178	0.0281	0.0197	0.03	0.0293	0.0158	0.0469	0.0361	0.0106	0.0772	0.0472
6	0.6891	0.6927	0.0313	0.024	0.037	0.0262	0.0397	0.0388	0.0208	0.0618	0.0477	0.0142	0.1041	0.0632
7	0.6869	0.6922	0.0383	0.0297	0.0441	0.0304	0.0461	0.0451	0.0244	0.0727	0.056	0.0167	0.1239	0.0745
8	0.6838	0.6914	0.0426	0.033	0.0487	0.0338	0.0518	0.05	0.0264	0.0786	0.0608	0.0186	0.1367	0.0821
9	0.6797	0.6901	0.0449	0.0345	0.0517	0.0351	0.0534	0.0525	0.028	0.0834	0.0646	0.0199	0.145	0.0872
10	0.6742	0.6882	0.0468	0.036	0.0542	0.0364	0.0551	0.0547	0.0292	0.0859	0.0673	0.0205	0.1492	0.0905
11	0.6673	0.6857	0.0477	0.0371	0.0554	0.0378	0.0572	0.0564	0.0297	0.0872	0.0687	0.021	0.152	0.0925
12	0.6588	0.6822	0.0483	0.0375	0.056	0.0383	0.0575	0.057	0.0298	0.0876	0.0692	0.0215	0.1551	0.094
13	0.6488	0.6779	0.0493	0.0385	0.0573	0.0386	0.0578	0.0578	0.0301	0.0889	0.0703	0.0217	0.1566	0.0953
14	0.6369	0.6728	0.0492	0.0379	0.0571	0.0391	0.0586	0.0583	0.0302	0.089	0.0704	0.0219	0.1584	0.096
15	0.6236	0.6666	0.0503	0.0388	0.0582	0.0395	0.0593	0.059	0.0303	0.0887	0.0708	0.022	0.1582	0.0965
16	0.6089	0.6592	0.0505	0.0389	0.0584	0.0395	0.059	0.0591	0.0307	0.0899	0.0715	0.0221	0.1589	0.097
17	0.593	0.651	0.0508	0.0392	0.0586	0.0395	0.059	0.0591	0.0307	0.0898	0.0716	0.0222	0.1593	0.0972
18	0.5759	0.6421	0.0512	0.0392	0.0591	0.0398	0.0591	0.0595	0.0308	0.09	0.0719	0.0222	0.159	0.0974
19	0.5579	0.6329	0.0512	0.0392	0.0591	0.04	0.0591	0.0596	0.0311	0.0908	0.0723	0.0223	0.1593	0.0976
20	0.5398	0.6234	0.0515	0.0393	0.0595	0.04	0.0592	0.0598	0.0311	0.0907	0.0724	0.0224	0.1597	0.0979
21	0.5209	0.6125	0.0517	0.0393	0.0595	0.04	0.059	0.0597	0.0312	0.0909	0.0725	0.0222	0.1588	0.0975
22	0.5026	0.602	0.052	0.0397	0.06	0.0404	0.0598	0.0603	0.0312	0.0904	0.0726	0.0223	0.1595	0.098
23	0.4837	0.5917	0.0527	0.0405	0.0606	0.0407	0.0602	0.0606	0.0312	0.0905	0.0728	0.0223	0.1602	0.0983
24	0.4656	0.5824	0.0528	0.0404	0.0609	0.041	0.0605	0.0611	0.0312	0.0907	0.0732	0.0223	0.16	0.0985
25	0.4476	0.5705	0.0531	0.0408	0.0614	0.0412	0.0608	0.0615	0.0313	0.0912	0.0736	0.0223	0.1597	0.0987
26	0.4305	0.561	0.0531	0.0408	0.0616	0.0411	0.0603	0.0616	0.0314	0.0915	0.0739	0.0224	0.1604	0.0992
27	0.4139	0.5528	0.0535	0.0411	0.0624	0.0411	0.0601	0.0619	0.0314	0.0912	0.0742	0.0225	0.1608	0.0997
28	0.3988	0.5439	0.0539	0.0414	0.0626	0.0412	0.0601	0.0619	0.0313	0.0907	0.074	0.0224	0.1605	0.0996
29	0.3838	0.5354	0.054	0.0414	0.0627	0.0412	0.0599	0.0619	0.0315	0.0914	0.0743	0.0225	0.1608	0.0998
30	0.3697	0.5276	0.0547	0.042	0.0635	0.0412	0.0602	0.0623	0.0315	0.0914	0.0746	0.0224	0.1604	0.1
31	0.3573	0.5193	0.0548	0.042	0.064	0.0414	0.0604	0.0628	0.0315	0.0914	0.075	0.0226	0.1613	0.1007
32	0.3437	0.5112	0.0545	0.0418	0.064	0.0414	0.0604	0.0629	0.0315	0.0917	0.0752	0.0226	0.1615	0.1009
33	0.3316	0.5095	0.0549	0.0421	0.0644	0.0415	0.0604	0.0631	0.0317	0.0922	0.0756	0.0226	0.1617	0.1012
34	0.3203	0.4978	0.0551	0.0422	0.0646	0.0416	0.0606	0.0633	0.0317	0.0924	0.0758	0.0227	0.1622	0.1015
35	0.3097	0.4952	0.0554	0.0425	0.0649	0.0417	0.0608	0.0635	0.0318	0.0926	0.076	0.0227	0.1625	0.1017
36	0.2985	0.4914	0.0557	0.0427	0.0651	0.0419	0.0611	0.0637	0.0319	0.0929	0.0762	0.0227	0.1627	0.1019
37	0.2889	0.4849	0.0557	0.0427	0.0651	0.0416	0.0606	0.0634	0.032	0.0934	0.0763	0.0227	0.1629	0.1019
38	0.2804	0.4782	0.0556	0.0425	0.0652	0.0415	0.0604	0.0635	0.0321	0.094	0.0767	0.0228	0.1635	0.1023
39	0.2722	0.4766	0.0556	0.0425	0.0652	0.0418	0.061	0.0638	0.0324	0.0946	0.077	0.0228	0.1636	0.1024
40	0.2627	0.4748	0.0559	0.0426	0.0654	0.042	0.0613	0.064	0.0323	0.0945	0.077	0.0229	0.164	0.1026
41	0.2563	0.4669	0.0558	0.0426	0.0653	0.0422	0.0614	0.064	0.0324	0.095	0.0771	0.0228	0.1635	0.1025
42	0.247	0.4646	0.0562	0.0429	0.0656	0.0424	0.0621	0.0643	0.0324	0.0952	0.0772	0.0229	0.1642	0.1028
43	0.2403	0.4621	0.0561	0.0428	0.0656	0.0425	0.0622	0.0645	0.0326	0.0957	0.0776	0.023	0.165	0.1032
44	0.2342	0.4595	0.0562	0.0431	0.066	0.0425	0.0619	0.0647	0.0326	0.0959	0.0779	0.0231	0.1657	0.1037
45	0.2271	0.4584	0.056	0.043	0.0659	0.0427	0.0623	0.0649	0.0327	0.0966	0.0782	0.023	0.1656	0.1038
46	0.2212	0.4558	0.0562	0.0428	0.066	0.0428	0.0628	0.0652	0.0329	0.0972	0.0785	0.0231	0.1659	0.104
47	0.2141	0.4526	0.0563	0.0428	0.0661	0.043	0.063	0.0653	0.0329	0.0973	0.0786	0.0232	0.1665	0.1043
48	0.2088	0.4513	0.0565	0.0429	0.0662	0.0434	0.0638	0.0657	0.033	0.0976	0.0789	0.0232	0.1673	0.1047
49	0.2032	0.4448	0.0568	0.0433	0.0666	0.0433	0.0637	0.0659	0.0331	0.0979	0.0792	0.0232	0.1673	0.1048
50	0.1969	0.4409	0.0576	0.0438	0.0673	0.0432	0.0634	0.066	0.0332	0.0983	0.0796	0.0232	0.1673	0.1052
51	0.1922	0.4474	0.0573	0.0437	0.0674	0.0435	0.0638	0.0664	0.0332	0.0977	0.0797	0.0232	0.1671	0.1054
52	0.1873	0.4469	0.0573	0.0439	0.0673	0.0434	0.0638	0.0663	0.0333	0.0982	0.0798	0.0233	0.1679	0.1056
53	0.1814	0.4451	0.0573	0.0439	0.0673	0.0434	0.0639	0.0664	0.0334	0.0987	0.08	0.0234	0.1691	0.106
54	0.1773	0.4392	0.0575	0.0441	0.0676	0.0436	0.0642	0.0667	0.0333	0.0982	0.08	0.0234	0.1692	0.1061
55	0.1731	0.437	0.0579	0.0443	0.0679	0.0437	0.0644	0.0669	0.0335	0.0988	0.0804	0.0234	0.1694	0.1063
56	0.1682	0.4395	0.0579	0.0443	0.068	0.0438	0.0647	0.0671	0.0334	0.0986	0.0804	0.0235	0.1698	0.1066
57	0.1644	0.4386	0.0581	0.0443	0.068	0.0439	0.065	0.0671	0.0334	0.0986	0.0803	0.0235	0.1706	0.1067
58	0.1602	0.436	0.0584	0.0445	0.0682	0.044	0.065	0.0671	0.0334	0.0987	0.0803	0.0236	0.1711	0.1069
59	0.157	0.4343	0.0584	0.0446	0.0682	0.0441	0.0655	0.0673	0.0336	0.099	0.0804	0.0236	0.1713	0.107
60	0.1528	0.4314	0.0589	0.0451	0.0686	0.0442	0.0656	0.0674	0.0336	0.0995	0.0807	0.0237	0.1719	0.1073
61	0.149	0.4275	0.0591	0.0455	0.0688	0.0442	0.0656	0.0675	0.0337	0.0997	0.0809	0.0238	0.1722	0.1076
62	0.1455	0.4317	0.059	0.0454	0.0687	0.0446	0.0662	0.0678	0.0338	0.0999	0.081	0.0238	0.1728	0.1078
63	0.1416	0.4344	0.0589	0.0454	0.0686	0.0448	0.0666	0.068	0.0337	0.0997	0.0809	0.0237	0.1728	0.1077
64	0.1378	0.431	0.0589	0.0453	0.0684	0.0449	0.0667	0.0679	0.0338	0.0999	0.0809	0.0238	0.1734	0.1078
65	0.136	0.4281	0.0588	0.0453	0.0684	0.0449	0.0668	0.068	0.0339	0.1001	0.0811	0.0239	0.1738	0.108
66	0.1325	0.4235	0.0591	0.0455	0.0685	0.0447	0.0666	0.0678	0.0338	0.1001	0.081	0.0239	0.1742	0.108
67	0.13	0.4261	0.0592	0.0457	0.0687	0.0448	0.0666	0.068	0.034	0.1005	0.0813	0.024	0.175	0.1085
68	0.1288	0.4264	0.0594	0.0458	0.0688	0.0448	0.0668	0.068	0.034	0.1005	0.0813	0.024	0.1752	0.1086
69	0.1232	0.4247	0.0591	0.0455	0.0686	0.0448	0.0665	0.0679	0.034	0.1007	0.0814	0.024	0.1752	0.1086
70	0.1209	0.4241	0.059	0.0457	0.0686	0.0449	0.0667	0.0681	0.0341	0.101	0.0815	0.024	0.1752	0.1087
71	0.1187	0.4227	0.0591	0.0457	0.0687	0.045	0.0668	0.0682	0.0342	0.1016	0.0818	0.024	0.175	0.1088
72	0.1167	0.4233	0.0592	0.0458	0.0688	0.0452	0.0671	0.0684	0.0343	0.102	0.082	0.0241	0.1757	0.109
73	0.1133	0.4202	0.059	0.0456	0.0687	0.0452	0.0674	0.0686	0.0344	0.1021	0.0822	0.0241	0.1763	0.1093
74	0.1103	0.4202	0.0589	0.0457	0.0686	0.0453	0.0674	0.0685	0.0345	0.1022	0.0822	0.0242	0.1766	0.1094
75	0.1097	0.4214	0.059	0.0457	0.0687	0.0452	0.0675	0.0686	0.0346	0.1027	0.0825	0.0242	0.1769	0.1096
76	0.1071	0.4229	0.0588	0.0454	0.0686	0.0451	0.0673	0.0685	0.0346	0.1029	0.0825	0.0243	0.1774	0.1098
77	0.1045	0.4155	0.0589	0.0455	0.0687	0.0453	0.0676	0.0687	0.0347	0.1033	0.0827	0.0242	0.1772	0.1097
78	0.1032	0.4159	0.059	0.0458	0.069	0.0456	0.0681	0.0691	0.0348	0.1035	0.083	0.0242	0.1769	0.1099
79	0.1011	0.4165	0.0593	0.0458	0.0692	0.0456	0.0681	0.0691	0.0348	0.1038	0.0832	0.0242	0.1772	0.1101
80	0.0993	0.4209	0.0597	0.0463	0.0696	0.0455	0.0681	0.0692	0.0349	0.1042	0.0834	0.0242	0.1774	0.1102
81	0.0959	0.4219	0.0595	0.0461	0.0694	0.0457	0.0683	0.0693	0.0349	0.1044	0.0835	0.0244	0.1785	0.1106
82	0.0942	0.4212	0.0593	0.0461	0.0695	0.0458	0.0686	0.0697	0.035	0.1046	0.0838	0.0244	0.1788	0.1109
83	0.094	0.415	0.0591	0.0459	0.0694	0.0458	0.0687	0.0697	0.035	0.1046	0.0838	0.0243	0.1788	0.1109
84	0.09	0.4111	0.0591	0.0458	0.0693	0.046	0.0692	0.0698	0.035	0.1049	0.0838	0.0243	0.1788	0.1109
85	0.0894	0.4222	0.0594	0.0461	0.0697	0.0461	0.0693	0.07	0.0351	0.1047	0.084	0.0243	0.1784	0.1109
86	0.0874	0.4151	0.0598	0.0465	0.07	0.0461	0.0697	0.0703	0.0351	0.1049	0.0842	0.0244	0.1794	0.1114
87	0.0863	0.416	0.0595	0.0463	0.0698	0.0463	0.0702	0.0705	0.0351	0.1048	0.0841	0.0244	0.1797	0.1114
88	0.0844	0.414	0.0593	0.0462	0.0697	0.0462	0.0698	0.0703	0.035	0.1044	0.0839	0.0244	0.1794	0.1113
89	0.0828	0.4179	0.0591	0.0462	0.0697	0.0463	0.0701	0.0705	0.035	0.1043	0.084	0.0244	0.1794	0.1114
90	0.0809	0.4154	0.0593	0.0463	0.07	0.0462	0.0702	0.0706	0.035	0.1042	0.0842	0.0244	0.1794	0.1116
91	0.0801	0.4207	0.0592	0.0461	0.07	0.0464	0.0704	0.0708	0.035	0.104	0.0841	0.0244	0.1794	0.1116
92	0.0788	0.4129	0.0591	0.0462	0.07	0.0465	0.0704	0.0709	0.035	0.1042	0.0843	0.0244	0.1797	0.1118
93	0.0777	0.4118	0.0594	0.0465	0.0702	0.0465	0.0705	0.071	0.0351	0.1044	0.0844	0.0245	0.1801	0.112
94	0.077	0.4107	0.0596	0.0465	0.0703	0.0466	0.0706	0.071	0.0351	0.1046	0.0845	0.0244	0.1801	0.112
95	0.0754	0.4205	0.0599	0.0469	0.0705	0.0467	0.0709	0.0712	0.0351	0.105	0.0846	0.0245	0.1803	0.1121
96	0.0733	0.414	0.0596	0.0469	0.0703	0.0465	0.0707	0.0709	0.0352	0.1054	0.0847	0.0245	0.1801	0.112
97	0.0726	0.4149	0.06	0.0471	0.0705	0.0465	0.0706	0.0709	0.0353	0.1057	0.0848	0.0244	0.1797	0.1119
98	0.0719	0.4061	0.06	0.047	0.0704	0.0467	0.0707	0.071	0.0353	0.1062	0.0849	0.0245	0.1798	0.1119
99	0.0694	0.4192	0.0601	0.0471	0.0706	0.0468	0.071	0.0712	0.0354	0.1065	0.0852	0.0245	0.1803	0.1122
100	0.0706	0.4146	0.0603	0.0472	0.0708	0.047	0.0713	0.0715	0.0354	0.1063	0.0852	0.0245	0.1804	0.1124
101	0.0681	0.4117	0.0605	0.0475	0.071	0.0469	0.0711	0.0714	0.0354	0.1063	0.0853	0.0245	0.1806	0.1125
102	0.0676	0.4156	0.0602	0.0473	0.0708	0.0468	0.071	0.0714	0.0356	0.1067	0.0855	0.0246	0.1809	0.1126
103	0.0663	0.4099	0.0604	0.0474	0.071	0.0467	0.0709	0.0714	0.0356	0.1071	0.0857	0.0246	0.1806	0.1126
104	0.0662	0.4115	0.0603	0.0472	0.0709	0.0466	0.0707	0.0713	0.0357	0.1072	0.0857	0.0246	0.1807	0.1127
105	0.0643	0.4126	0.0604	0.0474	0.071	0.0468	0.0712	0.0715	0.0356	0.107	0.0856	0.0246	0.1816	0.1129
106	0.0636	0.4139	0.0603	0.0473	0.0709	0.0468	0.0711	0.0714	0.0356	0.1072	0.0856	0.0246	0.1814	0.1128
107	0.0637	0.4088	0.0605	0.0474	0.071	0.0466	0.0707	0.0712	0.0356	0.107	0.0856	0.0246	0.1813	0.1128
108	0.0624	0.4157	0.0605	0.0476	0.0712	0.0467	0.0709	0.0714	0.0357	0.107	0.0857	0.0246	0.1815	0.113
109	0.0605	0.416	0.0607	0.0477	0.0714	0.0468	0.0713	0.0716	0.0357	0.1074	0.0859	0.0246	0.1812	0.113
110	0.0599	0.4101	0.0606	0.0475	0.0713	0.0468	0.0711	0.0716	0.0358	0.1076	0.0861	0.0246	0.1814	0.1131
111	0.0588	0.4053	0.0607	0.0477	0.0714	0.0468	0.0712	0.0717	0.0357	0.1078	0.0861	0.0247	0.1821	0.1133
112	0.0584	0.4087	0.0607	0.0477	0.0714	0.0471	0.0718	0.072	0.0358	0.108	0.0863	0.0247	0.1825	0.1135
113	0.0578	0.4037	0.0609	0.0477	0.0716	0.0471	0.0717	0.0721	0.0359	0.1082	0.0864	0.0248	0.183	0.1138
114	0.0568	0.4054	0.0607	0.0477	0.0716	0.047	0.0717	0.0721	0.0359	0.1081	0.0865	0.0248	0.1829	0.1138
115	0.0568	0.4173	0.0608	0.0477	0.0717	0.047	0.0717	0.0721	0.0361	0.1086	0.0868	0.0248	0.1832	0.114
116	0.056	0.414	0.061	0.0478	0.0717	0.047	0.072	0.0722	0.0362	0.109	0.0869	0.0248	0.1836	0.1141
117	0.0559	0.4091	0.0609	0.0477	0.0718	0.0469	0.0717	0.0722	0.0362	0.1094	0.0871	0.0249	0.1837	0.1143
118	0.0542	0.4074	0.061	0.0477	0.072	0.047	0.0718	0.0723	0.0361	0.1094	0.0872	0.0249	0.1838	0.1144
119	0.0539	0.4095	0.0612	0.0478	0.0721	0.0469	0.0717	0.0723	0.0362	0.1096	0.0873	0.0249	0.1837	0.1144
120	0.0538	0.4106	0.0614	0.048	0.0723	0.0469	0.0718	0.0724	0.0362	0.1094	0.0873	0.0248	0.1834	0.1144
121	0.053	0.4072	0.0612	0.0479	0.0721	0.047	0.072	0.0723	0.0361	0.1091	0.0871	0.0249	0.1838	0.1144
122	0.0519	0.4101	0.0611	0.0479	0.072	0.047	0.072	0.0724	0.0362	0.1093	0.0872	0.0248	0.1838	0.1143
123	0.052	0.4039	0.0611	0.0477	0.072	0.047	0.072	0.0724	0.0361	0.1091	0.0871	0.0249	0.1841	0.1145
124	0.0507	0.4061	0.0612	0.0479	0.0721	0.047	0.0721	0.0725	0.0361	0.1091	0.0872	0.0249	0.1842	0.1146
125	0.0509	0.4069	0.0612	0.0478	0.0721	0.0471	0.0722	0.0726	0.0363	0.1094	0.0873	0.0249	0.1846	0.1147
126	0.051	0.4133	0.0614	0.0479	0.0722	0.0473	0.0724	0.0726	0.0363	0.1095	0.0873	0.0249	0.1846	0.1146
127	0.05	0.4121	0.0611	0.0477	0.072	0.0475	0.0728	0.0729	0.0363	0.1097	0.0874	0.0249	0.1849	0.1148
128	0.049	0.4101	0.0612	0.0478	0.072	0.0477	0.0729	0.0729	0.0364	0.1095	0.0874	0.0249	0.1849	0.1148
129	0.0489	0.4131	0.0613	0.0479	0.0719	0.0475	0.0728	0.0728	0.0364	0.1096	0.0874	0.0249	0.1849	0.1147
130	0.0481	0.404	0.0617	0.0482	0.0721	0.0476	0.0729	0.0727	0.0365	0.1098	0.0874	0.0249	0.1848	0.1146
131	0.0482	0.4049	0.0616	0.0484	0.0721	0.0476	0.0728	0.0728	0.0365	0.1101	0.0875	0.0249	0.1849	0.1146
132	0.0478	0.4055	0.0615	0.0483	0.0722	0.0476	0.073	0.0729	0.0366	0.1102	0.0877	0.0249	0.1851	0.1148
133	0.0476	0.407	0.0614	0.0482	0.0722	0.0475	0.0727	0.0728	0.0365	0.1099	0.0876	0.0249	0.1847	0.1148
134	0.0476	0.4136	0.0613	0.0482	0.072	0.0475	0.0727	0.0728	0.0366	0.1101	0.0876	0.0249	0.1845	0.1147
135	0.0467	0.4029	0.0612	0.048	0.072	0.0474	0.0725	0.0727	0.0364	0.1096	0.0874	0.0248	0.1839	0.1145
136	0.0456	0.4074	0.0612	0.048	0.0719	0.0476	0.0729	0.0728	0.0364	0.1095	0.0874	0.0248	0.1836	0.1143
137	0.0462	0.4097	0.061	0.0479	0.0718	0.0477	0.073	0.0729	0.0364	0.1093	0.0874	0.0248	0.1836	0.1144
138	0.0453	0.4079	0.0609	0.0478	0.0717	0.0475	0.0731	0.0729	0.0364	0.1093	0.0873	0.0248	0.1839	0.1144
139	0.0449	0.4047	0.0611	0.048	0.0718	0.0476	0.0729	0.0728	0.0364	0.1092	0.0873	0.0248	0.1838	0.1145
140	0.044	0.4048	0.0609	0.0479	0.0718	0.0475	0.0728	0.0729	0.0364	0.1097	0.0875	0.0248	0.1842	0.1146
141	0.0446	0.4025	0.0611	0.048	0.0719	0.0476	0.0729	0.0729	0.0364	0.1098	0.0876	0.0248	0.1843	0.1146
142	0.0432	0.4147	0.0613	0.0481	0.0721	0.0475	0.0725	0.0728	0.0364	0.1097	0.0875	0.0249	0.1848	0.1148
143	0.0432	0.4141	0.0613	0.0483	0.0723	0.0475	0.0724	0.073	0.0364	0.1097	0.0877	0.0249	0.1849	0.115
144	0.0436	0.4124	0.0614	0.0484	0.0725	0.0477	0.0726	0.0732	0.0365	0.11	0.0879	0.0249	0.1851	0.1151
145	0.0425	0.4035	0.0614	0.0486	0.0726	0.0476	0.0729	0.0732	0.0365	0.1102	0.088	0.0249	0.185	0.1151
146	0.0426	0.4011	0.0612	0.0484	0.0724	0.0477	0.0727	0.0731	0.0365	0.1103	0.0879	0.0249	0.1854	0.1152
147	0.0419	0.4032	0.0613	0.0487	0.0726	0.0477	0.0726	0.0732	0.0365	0.1104	0.0881	0.0249	0.1851	0.1152
148	0.0415	0.4049	0.0614	0.0487	0.0728	0.0476	0.0727	0.0733	0.0365	0.1105	0.0882	0.0249	0.1852	0.1153
149	0.0417	0.4037	0.0614	0.0487	0.0728	0.0479	0.0733	0.0736	0.0365	0.1104	0.0883	0.0249	0.1851	0.1153
150	0.0411	0.4099	0.0612	0.0485	0.0727	0.0477	0.0732	0.0736	0.0366	0.1105	0.0883	0.0249	0.1849	0.1154
151	0.0411	0.4037	0.0614	0.0487	0.0728	0.0479	0.0732	0.0737	0.0366	0.1107	0.0884	0.0249	0.1848	0.1154
152	0.0407	0.4095	0.0615	0.0487	0.073	0.048	0.0736	0.0739	0.0367	0.1109	0.0887	0.0249	0.1849	0.1156
153	0.0404	0.4055	0.0614	0.0487	0.0728	0.048	0.0734	0.0737	0.0366	0.1107	0.0884	0.0249	0.1848	0.1154
154	0.0405	0.4057	0.0614	0.0488	0.0727	0.0478	0.0732	0.0735	0.0366	0.1107	0.0884	0.0249	0.1849	0.1153
155	0.0402	0.4049	0.0613	0.0489	0.0728	0.0478	0.0734	0.0736	0.0366	0.1106	0.0884	0.0249	0.1848	0.1154
156	0.0401	0.4128	0.0614	0.049	0.0728	0.0479	0.0737	0.0738	0.0366	0.1106	0.0884	0.0249	0.1848	0.1154
157	0.0397	0.4053	0.0614	0.0489	0.0729	0.0479	0.0737	0.0738	0.0366	0.1106	0.0885	0.0249	0.1849	0.1154
158	0.0391	0.415	0.0617	0.0492	0.0732	0.048	0.0738	0.0739	0.0367	0.1106	0.0886	0.0249	0.1849	0.1155
159	0.039	0.4108	0.0616	0.0491	0.0731	0.048	0.074	0.074	0.0368	0.1108	0.0887	0.0249	0.1849	0.1156
160	0.0391	0.4093	0.0613	0.0488	0.0729	0.048	0.074	0.0741	0.0369	0.1112	0.0889	0.0249	0.185	0.1157
161	0.0383	0.4035	0.0612	0.0486	0.0729	0.0481	0.0741	0.0741	0.0369	0.1113	0.089	0.0249	0.1849	0.1157
162	0.0379	0.4026	0.0614	0.0487	0.0731	0.0481	0.0741	0.0741	0.037	0.1117	0.0892	0.0249	0.1853	0.1158
163	0.0378	0.4081	0.0617	0.049	0.0733	0.0482	0.0743	0.0743	0.037	0.1117	0.0892	0.0249	0.1855	0.1159
164	0.0383	0.3976	0.0617	0.0492	0.0734	0.0482	0.0742	0.0744	0.0369	0.1115	0.0893	0.025	0.186	0.1162
165	0.038	0.4009	0.0616	0.0492	0.0734	0.0483	0.0743	0.0744	0.0369	0.1114	0.0892	0.025	0.1859	0.1162
166	0.0385	0.4059	0.0615	0.0491	0.0731	0.0481	0.074	0.0741	0.037	0.1118	0.0892	0.025	0.1862	0.1161
167	0.0374	0.401	0.0617	0.0492	0.0733	0.0481	0.0741	0.0742	0.0369	0.1117	0.0892	0.025	0.1863	0.1162
168	0.0367	0.404	0.0618	0.0493	0.0734	0.0481	0.0741	0.0742	0.0369	0.1116	0.0892	0.025	0.1865	0.1163
169	0.0372	0.3977	0.0617	0.0497	0.0734	0.0482	0.0742	0.0743	0.0369	0.1115	0.0892	0.025	0.1866	0.1163
170	0.0373	0.4117	0.0618	0.0497	0.0736	0.0483	0.0743	0.0744	0.0369	0.1116	0.0892	0.025	0.1869	0.1164
171	0.0368	0.4035	0.0618	0.0497	0.0737	0.0484	0.0749	0.0747	0.0369	0.1117	0.0893	0.025	0.1867	0.1164
172	0.0369	0.4046	0.0617	0.0495	0.0736	0.0484	0.0748	0.0747	0.0369	0.1119	0.0895	0.0249	0.1863	0.1164
173	0.0364	0.4051	0.0619	0.0499	0.0739	0.0483	0.0748	0.0748	0.0368	0.1116	0.0895	0.025	0.1867	0.1166
174	0.0362	0.4078	0.0617	0.0496	0.0737	0.0482	0.0745	0.0747	0.0368	0.1116	0.0895	0.025	0.187	0.1167
175	0.0357	0.4068	0.0619	0.0497	0.0738	0.0483	0.0748	0.0748	0.0369	0.112	0.0895	0.025	0.1869	0.1166
176	0.0365	0.4041	0.0621	0.0498	0.074	0.0485	0.0749	0.0749	0.0369	0.1119	0.0895	0.025	0.1871	0.1167
177	0.0361	0.4125	0.0624	0.0501	0.0742	0.0485	0.0749	0.0748	0.0368	0.1117	0.0894	0.025	0.187	0.1166
178	0.0355	0.4026	0.0622	0.0499	0.074	0.0487	0.0752	0.075	0.0368	0.1117	0.0894	0.025	0.1869	0.1165
179	0.0355	0.4032	0.0622	0.0497	0.0738	0.0487	0.0751	0.0749	0.0368	0.1114	0.0892	0.0249	0.1865	0.1164
180	0.0361	0.4092	0.0622	0.0497	0.074	0.0486	0.075	0.075	0.0367	0.1113	0.0893	0.025	0.1868	0.1166
181	0.0355	0.4015	0.0621	0.0497	0.0739	0.0486	0.0749	0.0749	0.0367	0.1113	0.0893	0.0249	0.1863	0.1164
182	0.0349	0.4135	0.0621	0.0497	0.074	0.0487	0.0752	0.075	0.0368	0.1114	0.0894	0.0249	0.1859	0.1163
183	0.0353	0.4146	0.0621	0.0498	0.074	0.0487	0.0752	0.0751	0.0368	0.1115	0.0894	0.0249	0.1861	0.1164
184	0.0345	0.404	0.0621	0.0498	0.074	0.0487	0.0751	0.075	0.0368	0.1116	0.0894	0.025	0.1867	0.1166
185	0.0345	0.4048	0.0622	0.0498	0.0739	0.0485	0.0748	0.0747	0.0368	0.1116	0.0893	0.025	0.1865	0.1164
186	0.035	0.4036	0.0623	0.0498	0.0739	0.0485	0.0749	0.0747	0.0367	0.1114	0.0891	0.025	0.1868	0.1164
187	0.0345	0.4023	0.062	0.0499	0.0738	0.0486	0.0748	0.0747	0.0367	0.1111	0.089	0.025	0.1868	0.1164
188	0.0347	0.4038	0.0622	0.0499	0.0739	0.0486	0.0751	0.0748	0.0367	0.1113	0.0891	0.025	0.1867	0.1164
189	0.0342	0.4091	0.0624	0.0501	0.0741	0.0486	0.0749	0.0748	0.0367	0.1114	0.0892	0.025	0.1868	0.1164
190	0.0339	0.4104	0.0623	0.05	0.074	0.0486	0.0749	0.0749	0.0368	0.1115	0.0893	0.025	0.187	0.1165
191	0.0342	0.4055	0.0621	0.0499	0.0739	0.0487	0.0749	0.0749	0.0366	0.1113	0.0892	0.025	0.1868	0.1165
192	0.0335	0.4041	0.0623	0.05	0.0742	0.0486	0.0749	0.075	0.0367	0.1114	0.0894	0.0249	0.1867	0.1166
193	0.0334	0.4056	0.0621	0.0501	0.074	0.0486	0.075	0.0749	0.0367	0.1113	0.0893	0.0249	0.1868	0.1165
194	0.0338	0.4089	0.0623	0.0501	0.0742	0.0488	0.0753	0.0751	0.0367	0.1114	0.0894	0.0249	0.1868	0.1166
195	0.0336	0.4101	0.0621	0.05	0.074	0.0488	0.0754	0.0751	0.0367	0.1113	0.0894	0.0249	0.1867	0.1166
196	0.0334	0.4001	0.0618	0.0498	0.0739	0.0487	0.0752	0.0751	0.0368	0.1115	0.0894	0.0249	0.1869	0.1166
197	0.0332	0.4046	0.0619	0.0498	0.0739	0.0487	0.075	0.075	0.0368	0.1115	0.0894	0.0249	0.1867	0.1166
198	0.0333	0.4059	0.0618	0.0499	0.0739	0.0489	0.0751	0.0752	0.0368	0.1115	0.0895	0.025	0.1869	0.1167
199	0.0338	0.409	0.0619	0.0501	0.0739	0.049	0.0754	0.0752	0.0368	0.1115	0.0894	0.0249	0.1864	0.1165
200	0.0333	0.4008	0.0619	0.0502	0.074	0.049	0.0753	0.0753	0.0369	0.1117	0.0896	0.0249	0.1867	0.1166
201	0.0326	0.4167	0.0619	0.0501	0.074	0.049	0.0753	0.0752	0.0369	0.1118	0.0896	0.0249	0.1866	0.1166
202	0.0328	0.4049	0.0619	0.0501	0.0739	0.0489	0.0752	0.0751	0.0369	0.112	0.0896	0.0249	0.1865	0.1165
203	0.0328	0.4028	0.0621	0.0503	0.0741	0.0487	0.0748	0.075	0.037	0.1122	0.0897	0.0249	0.1868	0.1166
204	0.0329	0.4034	0.0622	0.0504	0.0742	0.0488	0.075	0.075	0.0369	0.1121	0.0896	0.0249	0.1866	0.1166
205	0.0323	0.4071	0.0621	0.0504	0.0741	0.0486	0.0748	0.075	0.0369	0.1118	0.0896	0.0249	0.1867	0.1166
206	0.0332	0.4089	0.0623	0.0503	0.0743	0.0487	0.0748	0.0751	0.0369	0.1118	0.0897	0.0249	0.1866	0.1167
207	0.0321	0.4017	0.0623	0.0503	0.0744	0.0486	0.0746	0.075	0.037	0.112	0.0898	0.025	0.1867	0.1168
208	0.0322	0.4089	0.0621	0.05	0.0743	0.0486	0.0746	0.075	0.0371	0.1122	0.0899	0.0249	0.1866	0.1168
209	0.0322	0.407	0.0622	0.05	0.0744	0.0484	0.0745	0.075	0.0369	0.1121	0.0899	0.025	0.1866	0.1168
210	0.0328	0.4055	0.0623	0.05	0.0745	0.0485	0.0746	0.075	0.0369	0.1121	0.0899	0.0249	0.1865	0.1168
211	0.0318	0.4019	0.0624	0.0501	0.0744	0.0486	0.0747	0.0751	0.037	0.1121	0.0898	0.0249	0.1867	0.1168
212	0.0327	0.3991	0.0627	0.0503	0.0746	0.0486	0.0748	0.0751	0.037	0.1123	0.0899	0.025	0.1871	0.117
213	0.0319	0.4002	0.0626	0.0504	0.0744	0.0487	0.075	0.0751	0.037	0.1123	0.0898	0.025	0.1874	0.117
214	0.0316	0.408	0.0625	0.0503	0.0745	0.0485	0.0747	0.075	0.0371	0.1127	0.09	0.025	0.187	0.1169
215	0.0319	0.4112	0.0625	0.0503	0.0745	0.0485	0.0749	0.0751	0.037	0.1125	0.09	0.025	0.1867	0.1169
216	0.0326	0.4099	0.0626	0.0506	0.0748	0.0486	0.075	0.0752	0.0369	0.1123	0.09	0.025	0.187	0.117
217	0.0321	0.4032	0.0626	0.0505	0.0747	0.0487	0.075	0.0753	0.0368	0.1124	0.0899	0.025	0.1873	0.1171
218	0.0315	0.4014	0.0628	0.0508	0.0749	0.0487	0.0752	0.0753	0.0368	0.1123	0.0899	0.025	0.1873	0.117
219	0.0313	0.402	0.0626	0.0506	0.0748	0.0487	0.0753	0.0754	0.0369	0.1126	0.09	0.025	0.187	0.117
220	0.0312	0.4056	0.0625	0.0504	0.0746	0.0486	0.0754	0.0754	0.0369	0.1126	0.09	0.025	0.1872	0.117
221	0.0314	0.4054	0.0625	0.0503	0.0746	0.0488	0.0756	0.0755	0.0368	0.1122	0.0899	0.0249	0.1871	0.117
222	0.0311	0.4041	0.0622	0.05	0.0743	0.0487	0.0755	0.0753	0.0368	0.1122	0.0898	0.025	0.1873	0.117
223	0.0313	0.4054	0.0625	0.0502	0.0745	0.0486	0.0755	0.0753	0.0368	0.1121	0.0898	0.025	0.1876	0.1171
224	0.0311	0.4093	0.0625	0.0502	0.0748	0.0488	0.0758	0.0757	0.0368	0.1121	0.09	0.025	0.1876	0.1173
225	0.0313	0.4048	0.0627	0.0501	0.0749	0.0489	0.0759	0.0758	0.0369	0.1125	0.0903	0.0251	0.1882	0.1176
226	0.0308	0.4079	0.0626	0.0501	0.0749	0.0488	0.0756	0.0757	0.0368	0.1123	0.0902	0.025	0.1882	0.1176
227	0.0312	0.3993	0.0626	0.0502	0.0748	0.0488	0.0757	0.0756	0.0369	0.1126	0.0902	0.0251	0.1884	0.1176
228	0.0308	0.4018	0.0625	0.0501	0.0746	0.0489	0.0759	0.0757	0.037	0.1128	0.0902	0.025	0.1883	0.1175
229	0.0308	0.4078	0.0624	0.0502	0.0746	0.0489	0.0758	0.0756	0.037	0.1128	0.0902	0.0251	0.1884	0.1175
230	0.031	0.3973	0.0624	0.0502	0.0746	0.0488	0.0757	0.0756	0.037	0.1126	0.0902	0.025	0.1883	0.1175
231	0.0315	0.4041	0.0625	0.0502	0.0746	0.0488	0.0756	0.0755	0.0369	0.1126	0.0901	0.025	0.1877	0.1172
232	0.031	0.4054	0.0627	0.0504	0.075	0.0487	0.0755	0.0756	0.0369	0.1125	0.0902	0.025	0.1878	0.1174
233	0.0313	0.4069	0.0629	0.0506	0.0753	0.0487	0.0755	0.0758	0.0369	0.1126	0.0905	0.025	0.188	0.1177
234	0.0308	0.4088	0.063	0.0506	0.0755	0.0488	0.0757	0.076	0.0369	0.1123	0.0905	0.0251	0.1882	0.1178
235	0.0307	0.4085	0.063	0.0504	0.0754	0.0488	0.0758	0.076	0.0368	0.1122	0.0904	0.025	0.1879	0.1177
236	0.0303	0.4116	0.063	0.0504	0.0753	0.0488	0.0757	0.0759	0.0368	0.1123	0.0904	0.025	0.1877	0.1177
237	0.0304	0.4045	0.0632	0.0508	0.0756	0.0488	0.0757	0.076	0.0368	0.1123	0.0905	0.0251	0.1886	0.118
238	0.0303	0.4034	0.0632	0.0506	0.0755	0.0488	0.0757	0.076	0.0369	0.1125	0.0905	0.0251	0.1883	0.1179
239	0.0306	0.4035	0.0633	0.0509	0.0758	0.049	0.0759	0.0762	0.0369	0.1126	0.0907	0.0251	0.1884	0.1181
240	0.0303	0.4044	0.0633	0.0507	0.0757	0.0489	0.0759	0.0762	0.037	0.1125	0.0907	0.0251	0.1885	0.1181
241	0.0312	0.4046	0.0633	0.0508	0.0757	0.049	0.0761	0.0763	0.037	0.1127	0.0907	0.0251	0.1885	0.1181
242	0.0305	0.4079	0.0635	0.0509	0.0757	0.049	0.076	0.0761	0.0371	0.1128	0.0907	0.0251	0.1884	0.1179
243	0.0306	0.4091	0.0633	0.0508	0.0755	0.049	0.0762	0.0762	0.037	0.1127	0.0906	0.0251	0.1887	0.118
244	0.03	0.403	0.0636	0.0511	0.0757	0.0491	0.0764	0.0762	0.0371	0.1131	0.0907	0.0251	0.1888	0.118
245	0.0303	0.4035	0.0635	0.0511	0.0756	0.0492	0.0764	0.0763	0.0371	0.1127	0.0906	0.0251	0.1882	0.1179
246	0.0299	0.4102	0.0635	0.0512	0.0756	0.0492	0.0765	0.0762	0.037	0.1127	0.0905	0.0251	0.1883	0.1178
247	0.0305	0.4083	0.0635	0.0511	0.0757	0.049	0.0761	0.0761	0.0371	0.1129	0.0907	0.0251	0.1882	0.1179
248	0.0302	0.405	0.0636	0.0512	0.0759	0.049	0.0761	0.0762	0.037	0.113	0.0907	0.0251	0.1885	0.118
249	0.0299	0.4031	0.0635	0.0511	0.0758	0.0491	0.0765	0.0764	0.037	0.1129	0.0907	0.0251	0.1885	0.118
250	0.0304	0.4002	0.0635	0.0509	0.0757	0.0491	0.0764	0.0763	0.037	0.1128	0.0907	0.0251	0.1886	0.118
251	0.0304	0.4144	0.0633	0.0509	0.0756	0.049	0.0765	0.0763	0.037	0.1129	0.0907	0.0251	0.1889	0.1181
252	0.0301	0.4048	0.0632	0.0507	0.0758	0.049	0.0766	0.0765	0.037	0.1129	0.0909	0.0251	0.1887	0.1182
253	0.0298	0.409	0.063	0.0508	0.0757	0.049	0.0768	0.0765	0.037	0.1129	0.0908	0.0251	0.1887	0.1181
254	0.03	0.4002	0.063	0.0508	0.0756	0.0489	0.0767	0.0764	0.037	0.1125	0.0907	0.0251	0.1891	0.1182
255	0.0299	0.4057	0.0629	0.0508	0.0756	0.049	0.0768	0.0765	0.0371	0.1128	0.0908	0.0251	0.189	0.1182
256	0.0293	0.4014	0.0629	0.0508	0.0757	0.049	0.0768	0.0766	0.0371	0.1131	0.091	0.0251	0.1892	0.1184
257	0.03	0.4028	0.0632	0.051	0.0759	0.0491	0.0766	0.0766	0.0371	0.1132	0.0911	0.0252	0.1895	0.1186
258	0.0297	0.3987	0.0634	0.0511	0.0759	0.0491	0.077	0.0767	0.037	0.1129	0.0909	0.0252	0.1898	0.1187
259	0.0294	0.4005	0.0635	0.0511	0.0759	0.0491	0.0768	0.0766	0.0371	0.1132	0.091	0.0252	0.1896	0.1186
260	0.03	0.4015	0.0635	0.0513	0.0762	0.0491	0.0768	0.0767	0.0371	0.1133	0.0912	0.0252	0.1891	0.1186
261	0.03	0.4108	0.063	0.0508	0.0758	0.0492	0.077	0.0768	0.0371	0.1132	0.0912	0.0252	0.1892	0.1186
262	0.0295	0.4046	0.0629	0.0507	0.0756	0.049	0.0769	0.0766	0.0373	0.1137	0.0913	0.0251	0.1892	0.1185
263	0.0295	0.4037	0.063	0.0508	0.0757	0.0491	0.077	0.0767	0.0373	0.1143	0.0914	0.0251	0.1891	0.1184
264	0.0298	0.4055	0.0631	0.0508	0.0759	0.0491	0.0769	0.0767	0.0373	0.114	0.0915	0.0251	0.1892	0.1186
265	0.0298	0.4013	0.0632	0.0509	0.0759	0.0491	0.0768	0.0767	0.0373	0.114	0.0914	0.0251	0.1894	0.1185
266	0.0296	0.4045	0.0635	0.051	0.076	0.0491	0.0768	0.0766	0.0373	0.1141	0.0914	0.0251	0.1894	0.1185
267	0.0295	0.4068	0.0635	0.0513	0.0762	0.0491	0.0767	0.0767	0.0373	0.114	0.0914	0.0251	0.1895	0.1186
268	0.0297	0.4051	0.0634	0.0511	0.0762	0.049	0.0767	0.0767	0.0372	0.1136	0.0913	0.0252	0.1896	0.1187
269	0.0298	0.414	0.0632	0.0509	0.0759	0.0489	0.0765	0.0765	0.0371	0.1135	0.0912	0.0251	0.1894	0.1185
270	0.0295	0.3983	0.0632	0.0509	0.0759	0.049	0.0766	0.0765	0.0371	0.1134	0.0911	0.0251	0.1888	0.1183
271	0.0293	0.4089	0.0631	0.0505	0.0756	0.0489	0.0764	0.0763	0.0371	0.1132	0.0909	0.025	0.1887	0.1181
272	0.0295	0.4117	0.0632	0.0506	0.0756	0.0487	0.0762	0.0761	0.0371	0.1135	0.091	0.025	0.1887	0.1181
273	0.0295	0.4064	0.0631	0.0507	0.0757	0.0487	0.076	0.0761	0.0372	0.1135	0.091	0.025	0.1886	0.1181
274	0.0293	0.4099	0.0632	0.0506	0.0757	0.0488	0.076	0.0761	0.0372	0.1135	0.091	0.025	0.1884	0.118
275	0.0292	0.4048	0.0635	0.0509	0.076	0.0488	0.0759	0.0761	0.0371	0.1135	0.091	0.025	0.1884	0.118
276	0.0293	0.407	0.0634	0.0508	0.0758	0.0489	0.0762	0.0762	0.0371	0.1133	0.0909	0.025	0.1881	0.1179
277	0.0293	0.4056	0.0634	0.0508	0.0759	0.0489	0.0761	0.0762	0.0372	0.1134	0.091	0.025	0.1881	0.1179
278	0.0293	0.4065	0.0631	0.0505	0.0756	0.0489	0.076	0.0762	0.0372	0.1134	0.091	0.025	0.1883	0.118
279	0.0292	0.4104	0.0628	0.0504	0.0753	0.0488	0.0759	0.076	0.0372	0.1134	0.0909	0.0249	0.1882	0.1178
280	0.0291	0.3995	0.0629	0.0505	0.0755	0.0488	0.0759	0.0761	0.0372	0.1135	0.091	0.0249	0.1884	0.1179
281	0.0291	0.4078	0.063	0.0507	0.0756	0.0488	0.0759	0.0761	0.0372	0.1136	0.0911	0.025	0.189	0.1181
282	0.0295	0.4046	0.0632	0.051	0.0757	0.0488	0.076	0.0761	0.0372	0.1132	0.0909	0.025	0.1891	0.1181
283	0.0289	0.4011	0.0633	0.0512	0.0759	0.0489	0.0763	0.0763	0.0372	0.1134	0.0911	0.025	0.1891	0.1182
284	0.0294	0.4038	0.0636	0.0515	0.0762	0.0488	0.0761	0.0763	0.0372	0.1134	0.0911	0.025	0.1891	0.1183
285	0.0286	0.4022	0.0634	0.0514	0.0761	0.0486	0.076	0.0762	0.0371	0.1132	0.0911	0.025	0.189	0.1183
286	0.0288	0.4068	0.0633	0.0513	0.076	0.0487	0.0761	0.0763	0.0372	0.1131	0.0911	0.025	0.189	0.1183
287	0.029	0.4043	0.0635	0.0511	0.0761	0.0488	0.0762	0.0764	0.0372	0.1131	0.0912	0.025	0.1886	0.1183
288	0.029	0.4029	0.0636	0.0512	0.0762	0.049	0.0764	0.0765	0.0372	0.1133	0.0912	0.025	0.1883	0.1182
289	0.0288	0.407	0.0637	0.0513	0.0763	0.0492	0.0768	0.0768	0.0372	0.1135	0.0914	0.025	0.188	0.1182
290	0.0288	0.4074	0.0639	0.0517	0.0766	0.0491	0.0766	0.0767	0.0373	0.1136	0.0914	0.025	0.1881	0.1183
291	0.029	0.4034	0.0635	0.0513	0.0763	0.0494	0.0769	0.0769	0.0372	0.1135	0.0914	0.025	0.1881	0.1183
292	0.0288	0.4062	0.0637	0.0513	0.0764	0.0492	0.0767	0.0768	0.0372	0.1135	0.0913	0.025	0.1879	0.1182
293	0.0292	0.402	0.0636	0.0511	0.0763	0.0493	0.0768	0.0768	0.0372	0.1135	0.0913	0.025	0.1879	0.1181
294	0.029	0.4065	0.0637	0.0514	0.0763	0.0492	0.0765	0.0767	0.0372	0.1131	0.0912	0.025	0.1879	0.1181
295	0.0289	0.4025	0.0637	0.0514	0.0764	0.0492	0.0767	0.0768	0.0372	0.113	0.0912	0.025	0.1882	0.1182
296	0.0287	0.4075	0.0634	0.0512	0.0762	0.0492	0.0767	0.0768	0.0371	0.113	0.0912	0.0249	0.1881	0.1182
297	0.0291	0.4017	0.0635	0.0514	0.0764	0.0491	0.0766	0.0768	0.0372	0.113	0.0912	0.0249	0.1879	0.1182
298	0.0284	0.4003	0.0638	0.0517	0.0765	0.049	0.0762	0.0766	0.0372	0.1132	0.0913	0.0249	0.1878	0.1182
299	0.0292	0.4009	0.0637	0.0516	0.0765	0.0491	0.0765	0.0768	0.0372	0.1131	0.0912	0.0249	0.1877	0.1181
300	0.0286	0.4071	0.0639	0.0517	0.0767	0.0492	0.0766	0.0769	0.0372	0.1133	0.0914	0.0249	0.1879	0.1182
301	0.0286	0.4005	0.0641	0.0518	0.0767	0.0491	0.0764	0.0767	0.0372	0.1135	0.0914	0.025	0.1882	0.1182
302	0.0291	0.4089	0.0641	0.0516	0.0766	0.0491	0.0765	0.0767	0.0372	0.1134	0.0913	0.025	0.1886	0.1184
303	0.0288	0.4038	0.0641	0.0512	0.0764	0.049	0.0764	0.0765	0.037	0.113	0.091	0.025	0.1888	0.1183
304	0.0283	0.4085	0.064	0.0512	0.0763	0.0491	0.0763	0.0764	0.037	0.1131	0.091	0.025	0.1889	0.1183
305	0.0287	0.4026	0.064	0.0511	0.0764	0.049	0.0761	0.0765	0.037	0.1128	0.091	0.025	0.1884	0.1182
306	0.0289	0.4046	0.0639	0.0516	0.0763	0.049	0.076	0.0764	0.0371	0.1129	0.091	0.025	0.1881	0.1181
307	0.0287	0.4057	0.0639	0.0516	0.0763	0.0489	0.076	0.0763	0.037	0.1128	0.0909	0.025	0.1883	0.1181
308	0.0285	0.406	0.0639	0.0515	0.0763	0.0488	0.076	0.0763	0.037	0.1128	0.0909	0.0249	0.1879	0.118
309	0.0289	0.4113	0.0639	0.0511	0.0761	0.049	0.0762	0.0764	0.037	0.113	0.0909	0.0249	0.1881	0.118
310	0.0293	0.4051	0.0637	0.0511	0.0761	0.049	0.0764	0.0764	0.0371	0.1133	0.091	0.025	0.1882	0.118
311	0.0287	0.4036	0.0634	0.0509	0.0759	0.0489	0.0763	0.0764	0.0371	0.1132	0.091	0.0249	0.1879	0.1179
312	0.0289	0.4032	0.0634	0.0508	0.0759	0.0487	0.076	0.0763	0.037	0.1132	0.091	0.0249	0.1875	0.1178
313	0.0287	0.4035	0.0634	0.0509	0.0759	0.049	0.0763	0.0764	0.037	0.1126	0.0909	0.0249	0.1878	0.1179
314	0.0283	0.411	0.0634	0.0509	0.0758	0.049	0.0763	0.0763	0.037	0.1131	0.0909	0.0248	0.1875	0.1177
315	0.029	0.4081	0.0633	0.0508	0.0757	0.0488	0.0761	0.0762	0.037	0.1132	0.0908	0.0248	0.1876	0.1177
316	0.0288	0.4042	0.0635	0.0509	0.0757	0.0491	0.0763	0.0763	0.0371	0.1133	0.0909	0.0248	0.1875	0.1176
317	0.0288	0.3993	0.0635	0.0508	0.0758	0.049	0.0763	0.0763	0.037	0.113	0.0908	0.0248	0.1876	0.1177
318	0.0285	0.4055	0.0637	0.0509	0.0758	0.0491	0.0762	0.0762	0.037	0.1132	0.0908	0.0248	0.1876	0.1176
319	0.0287	0.4041	0.0635	0.0509	0.0757	0.049	0.0761	0.0762	0.0369	0.1132	0.0907	0.0249	0.1878	0.1176
320	0.0288	0.3986	0.0635	0.0508	0.0757	0.049	0.076	0.0762	0.0369	0.1132	0.0908	0.0248	0.1875	0.1176
321	0.0287	0.4038	0.0631	0.0507	0.0755	0.0489	0.0759	0.0761	0.0368	0.1131	0.0907	0.0248	0.1875	0.1176
322	0.0285	0.4058	0.0632	0.0508	0.0755	0.0489	0.0757	0.076	0.0368	0.1131	0.0906	0.0247	0.1869	0.1173
323	0.0285	0.406	0.063	0.0507	0.0754	0.0488	0.0757	0.076	0.0369	0.1131	0.0906	0.0247	0.1868	0.1173
324	0.0287	0.4016	0.0632	0.0508	0.0756	0.0491	0.0761	0.0762	0.0368	0.113	0.0907	0.0247	0.1867	0.1173
325	0.0286	0.4049	0.063	0.0508	0.0753	0.0489	0.0758	0.076	0.0369	0.1133	0.0907	0.0248	0.1869	0.1173
326	0.0284	0.4021	0.0632	0.0509	0.0756	0.049	0.076	0.0762	0.037	0.1134	0.0909	0.0247	0.1868	0.1174
327	0.0284	0.4061	0.0632	0.0507	0.0756	0.0491	0.0761	0.0763	0.0369	0.1133	0.0909	0.0247	0.1866	0.1174
328	0.0284	0.3989	0.063	0.0506	0.0755	0.0493	0.0762	0.0764	0.0369	0.1132	0.0908	0.0247	0.1863	0.1174
329	0.0287	0.4046	0.0633	0.0508	0.0758	0.0493	0.0763	0.0765	0.0369	0.1131	0.0909	0.0247	0.1865	0.1175
330	0.0283	0.4013	0.0635	0.0509	0.076	0.0494	0.0766	0.0767	0.037	0.1135	0.0912	0.0247	0.1867	0.1176
331	0.0284	0.4081	0.0635	0.051	0.0758	0.0495	0.0766	0.0766	0.0371	0.1137	0.0911	0.0248	0.187	0.1176
332	0.0285	0.3969	0.0633	0.051	0.0757	0.0493	0.0763	0.0765	0.0371	0.1138	0.0911	0.0248	0.1869	0.1175
333	0.0284	0.4044	0.0633	0.051	0.0756	0.0492	0.0762	0.0764	0.0372	0.1139	0.0912	0.0248	0.1869	0.1175
334	0.0286	0.3971	0.063	0.0508	0.0755	0.049	0.0759	0.0762	0.0372	0.114	0.0912	0.0248	0.1869	0.1175
335	0.0284	0.4047	0.0628	0.0508	0.0754	0.049	0.0757	0.0762	0.0371	0.1137	0.0911	0.0248	0.1868	0.1175
336	0.0287	0.4056	0.0629	0.0508	0.0753	0.049	0.0758	0.0761	0.0371	0.1137	0.0909	0.0248	0.1869	0.1174
337	0.028	0.4034	0.063	0.0509	0.0754	0.049	0.076	0.0762	0.0371	0.1139	0.0911	0.0247	0.1868	0.1175
338	0.0286	0.4054	0.063	0.0509	0.0755	0.0489	0.0757	0.0762	0.0371	0.1141	0.0912	0.0247	0.1866	0.1175
339	0.0287	0.4031	0.0632	0.0511	0.0757	0.0489	0.0758	0.0762	0.0372	0.1144	0.0913	0.0247	0.1867	0.1175
340	0.0283	0.3947	0.0633	0.0511	0.0756	0.049	0.0758	0.0761	0.0372	0.1146	0.0912	0.0248	0.1867	0.1174
341	0.028	0.4093	0.0633	0.0511	0.0755	0.049	0.0758	0.076	0.0372	0.1143	0.0912	0.0247	0.1866	0.1173
342	0.0287	0.3998	0.0631	0.0509	0.0756	0.049	0.076	0.0762	0.0372	0.1139	0.0912	0.0247	0.1869	0.1175
343	0.0286	0.4072	0.063	0.0509	0.0756	0.0493	0.0765	0.0765	0.0372	0.1139	0.0912	0.0247	0.1867	0.1175
344	0.0288	0.4077	0.0631	0.0509	0.0757	0.0492	0.0763	0.0765	0.0371	0.1138	0.0912	0.0247	0.1865	0.1175
345	0.0286	0.4075	0.0632	0.051	0.0756	0.0492	0.0763	0.0764	0.0371	0.1136	0.091	0.0247	0.1862	0.1173
346	0.0282	0.4006	0.0634	0.0512	0.0758	0.0492	0.0766	0.0765	0.037	0.1133	0.091	0.0247	0.186	0.1173
347	0.0279	0.403	0.0637	0.0514	0.076	0.0494	0.0767	0.0766	0.037	0.1133	0.091	0.0246	0.1858	0.1173
348	0.0284	0.4011	0.0638	0.0515	0.0761	0.0495	0.0767	0.0766	0.037	0.1133	0.0909	0.0247	0.186	0.1173
349	0.0283	0.4041	0.0637	0.0516	0.076	0.0495	0.0767	0.0766	0.0371	0.1135	0.091	0.0247	0.1865	0.1173
350	0.0282	0.4042	0.0632	0.0509	0.0756	0.0493	0.0763	0.0764	0.0371	0.1136	0.091	0.0247	0.186	0.1172
351	0.0283	0.401	0.0632	0.0509	0.0756	0.0494	0.0763	0.0764	0.037	0.1135	0.0909	0.0247	0.1863	0.1173
352	0.0281	0.4083	0.0635	0.0511	0.0758	0.0493	0.0762	0.0763	0.0371	0.1136	0.091	0.0247	0.186	0.1172
353	0.0287	0.4024	0.0634	0.0511	0.0757	0.0493	0.0761	0.0763	0.037	0.1134	0.0909	0.0247	0.1861	0.1172
354	0.0288	0.408	0.0635	0.0512	0.0759	0.0494	0.0763	0.0766	0.037	0.1134	0.091	0.0247	0.1863	0.1174
355	0.0278	0.3979	0.0634	0.0513	0.0758	0.0494	0.0766	0.0766	0.0369	0.1131	0.0909	0.0247	0.1865	0.1174
356	0.028	0.4059	0.0632	0.0511	0.0756	0.0492	0.0761	0.0763	0.0369	0.1131	0.0907	0.0247	0.1863	0.1172
357	0.0281	0.403	0.0632	0.051	0.0756	0.0491	0.0758	0.0762	0.0369	0.1129	0.0907	0.0247	0.1863	0.1173
358	0.0282	0.4018	0.063	0.0509	0.0755	0.0491	0.076	0.0762	0.0368	0.1127	0.0906	0.0247	0.1858	0.1171
359	0.0279	0.4074	0.063	0.0509	0.0753	0.0491	0.0758	0.0761	0.0368	0.1127	0.0905	0.0247	0.1859	0.117
360	0.0278	0.4079	0.0628	0.0508	0.0751	0.0491	0.076	0.076	0.0368	0.1125	0.0904	0.0246	0.1857	0.1168
361	0.028	0.3981	0.0628	0.0508	0.0751	0.0491	0.0761	0.0761	0.0368	0.1127	0.0904	0.0247	0.1863	0.117
362	0.0279	0.4074	0.0629	0.0508	0.0751	0.049	0.0758	0.0759	0.0368	0.1129	0.0904	0.0246	0.1864	0.1169
363	0.0283	0.4085	0.063	0.0509	0.0751	0.0492	0.0762	0.0761	0.0367	0.1128	0.0903	0.0246	0.1866	0.1169
364	0.0283	0.3992	0.0632	0.051	0.0753	0.0492	0.0763	0.0761	0.0368	0.1127	0.0904	0.0246	0.186	0.1168
365	0.0285	0.4013	0.0634	0.051	0.0756	0.0491	0.0761	0.0761	0.0367	0.1127	0.0904	0.0246	0.1857	0.1168
366	0.0279	0.3971	0.0635	0.0512	0.0756	0.0492	0.0763	0.0762	0.0367	0.1127	0.0904	0.0246	0.1858	0.1168
367	0.0281	0.396	0.0632	0.0509	0.0753	0.0491	0.0762	0.0761	0.0366	0.1124	0.0903	0.0246	0.1859	0.1168
368	0.028	0.3991	0.0631	0.0508	0.0752	0.0491	0.0762	0.076	0.0366	0.1125	0.0902	0.0246	0.1856	0.1167
369	0.0284	0.4067	0.0632	0.0507	0.0753	0.0491	0.0761	0.0761	0.0366	0.1123	0.0902	0.0246	0.1855	0.1167
370	0.0276	0.4079	0.0637	0.051	0.0757	0.049	0.0761	0.0762	0.0366	0.1122	0.0903	0.0247	0.1863	0.117
371	0.028	0.4055	0.0641	0.0512	0.0759	0.0491	0.0763	0.0762	0.0368	0.1126	0.0904	0.0247	0.1864	0.1171
372	0.0283	0.4056	0.0641	0.0513	0.076	0.0494	0.0767	0.0764	0.0368	0.113	0.0906	0.0246	0.186	0.117
373	0.0283	0.398	0.0639	0.0511	0.076	0.0493	0.0764	0.0764	0.0367	0.1127	0.0906	0.0246	0.186	0.117
374	0.0283	0.4042	0.0638	0.0511	0.0759	0.0491	0.0761	0.0762	0.0367	0.1128	0.0906	0.0247	0.1862	0.1172
375	0.0284	0.4034	0.0637	0.0511	0.0758	0.0492	0.0764	0.0764	0.0367	0.1128	0.0906	0.0247	0.1864	0.1172
376	0.0278	0.401	0.0636	0.0511	0.076	0.0493	0.0767	0.0767	0.0367	0.1128	0.0907	0.0247	0.1866	0.1174
377	0.0278	0.4056	0.0637	0.0514	0.076	0.0493	0.0767	0.0766	0.0367	0.1128	0.0907	0.0247	0.187	0.1175
378	0.028	0.405	0.0637	0.0514	0.076	0.0492	0.0766	0.0766	0.0367	0.1128	0.0907	0.0247	0.1869	0.1174
379	0.0282	0.4103	0.0639	0.0515	0.0762	0.0493	0.0767	0.0766	0.0367	0.1126	0.0906	0.0247	0.1866	0.1174
380	0.0278	0.4079	0.0641	0.0516	0.0765	0.0493	0.077	0.0769	0.0367	0.113	0.0909	0.0247	0.1867	0.1176
381	0.0281	0.4078	0.0642	0.0514	0.0765	0.0494	0.0768	0.0768	0.0368	0.113	0.0909	0.0247	0.1867	0.1176
382	0.028	0.4085	0.0642	0.0514	0.0764	0.0494	0.0769	0.0768	0.0368	0.113	0.0909	0.0247	0.1867	0.1176
383	0.0278	0.4007	0.0642	0.0515	0.0764	0.0494	0.0772	0.0769	0.0369	0.1131	0.091	0.0247	0.1864	0.1175
384	0.0282	0.4064	0.064	0.0513	0.0762	0.0494	0.0771	0.0768	0.037	0.1133	0.091	0.0247	0.1865	0.1174
385	0.0282	0.4046	0.0641	0.0515	0.0763	0.0492	0.0767	0.0766	0.037	0.1133	0.0911	0.0247	0.1863	0.1175
386	0.0283	0.4053	0.064	0.0516	0.0763	0.0491	0.0765	0.0765	0.037	0.1134	0.0911	0.0248	0.1872	0.1176
387	0.0275	0.4056	0.064	0.0516	0.0763	0.0491	0.0764	0.0765	0.0371	0.1134	0.0911	0.0247	0.1869	0.1176
388	0.028	0.4056	0.0639	0.0515	0.0762	0.0491	0.0765	0.0765	0.0371	0.1135	0.0912	0.0248	0.187	0.1176
389	0.0277	0.4026	0.0639	0.0516	0.0763	0.0491	0.0765	0.0765	0.0371	0.1137	0.0912	0.0248	0.1873	0.1177
390	0.0281	0.4055	0.0639	0.0515	0.0761	0.049	0.0763	0.0764	0.0371	0.1137	0.0911	0.0247	0.187	0.1175
391	0.0279	0.4055	0.0639	0.0515	0.076	0.0492	0.0765	0.0764	0.0371	0.1137	0.0911	0.0248	0.187	0.1175
392	0.0277	0.4036	0.0641	0.0516	0.0762	0.0491	0.0764	0.0764	0.0371	0.1137	0.0911	0.0248	0.1871	0.1176
393	0.0281	0.4075	0.064	0.0515	0.0762	0.0492	0.0767	0.0766	0.037	0.1135	0.0911	0.0248	0.1872	0.1177
394	0.0278	0.4066	0.0637	0.0513	0.0759	0.0492	0.0768	0.0765	0.0369	0.1133	0.0909	0.0248	0.1874	0.1176
395	0.0282	0.4065	0.0636	0.0512	0.0759	0.0491	0.0768	0.0765	0.037	0.1135	0.091	0.0247	0.1867	0.1174
396	0.0276	0.4068	0.0637	0.0514	0.076	0.0492	0.0768	0.0765	0.0371	0.1137	0.0911	0.0247	0.1869	0.1174
397	0.0276	0.4023	0.0637	0.0514	0.0759	0.0491	0.0766	0.0764	0.0371	0.1139	0.091	0.0247	0.1867	0.1173
398	0.0279	0.4049	0.0637	0.0514	0.0758	0.049	0.0764	0.0762	0.037	0.1135	0.0909	0.0246	0.1862	0.1171
399	0.028	0.4029	0.0635	0.0512	0.0757	0.049	0.0763	0.0762	0.037	0.1133	0.0908	0.0247	0.1866	0.1172
400	0.0275	0.4057	0.0635	0.0513	0.0758	0.0489	0.0762	0.0762	0.037	0.1134	0.0909	0.0247	0.1866	0.1173
401	0.028	0.4004	0.0636	0.0513	0.0758	0.049	0.0763	0.0763	0.037	0.1134	0.0909	0.0246	0.1864	0.1172
402	0.0277	0.4014	0.0638	0.0513	0.0759	0.0492	0.0765	0.0764	0.0369	0.1132	0.0908	0.0247	0.1867	0.1173
403	0.0277	0.3983	0.0638	0.0516	0.076	0.0493	0.0768	0.0765	0.0369	0.1134	0.0909	0.0247	0.1865	0.1173
404	0.0275	0.4034	0.0637	0.0516	0.0758	0.0494	0.077	0.0766	0.0369	0.1133	0.0908	0.0247	0.1864	0.1172
405	0.0282	0.3989	0.0637	0.0516	0.0759	0.0495	0.0772	0.0767	0.037	0.1133	0.0909	0.0247	0.1865	0.1173
406	0.0274	0.4027	0.0641	0.0519	0.0762	0.0495	0.0767	0.0766	0.037	0.1134	0.0909	0.0247	0.1867	0.1174
407	0.0276	0.4069	0.0643	0.052	0.0763	0.0494	0.0768	0.0766	0.037	0.1133	0.0909	0.0247	0.1865	0.1174
408	0.0279	0.4048	0.0641	0.0518	0.0761	0.0495	0.0769	0.0766	0.0369	0.1133	0.0908	0.0247	0.1868	0.1173
409	0.0276	0.4068	0.0643	0.052	0.0762	0.0495	0.077	0.0767	0.037	0.1134	0.0909	0.0248	0.1873	0.1175
410	0.028	0.4056	0.0644	0.0519	0.0763	0.0494	0.0768	0.0766	0.037	0.1137	0.0911	0.0248	0.1873	0.1176
411	0.0279	0.4025	0.0644	0.0517	0.0763	0.0495	0.077	0.0768	0.037	0.1138	0.0911	0.0248	0.1873	0.1177
412	0.0283	0.4072	0.0642	0.0515	0.0762	0.0496	0.0771	0.0768	0.037	0.1139	0.0912	0.0248	0.1872	0.1176
413	0.0283	0.4083	0.0639	0.0514	0.0761	0.0496	0.0769	0.0768	0.037	0.1137	0.0911	0.0248	0.1873	0.1177
414	0.0281	0.4036	0.0639	0.0514	0.0761	0.0496	0.0769	0.0768	0.037	0.1137	0.0911	0.0248	0.1873	0.1177
415	0.0278	0.4042	0.0639	0.0513	0.0761	0.0497	0.0771	0.0769	0.0369	0.1135	0.0911	0.0247	0.1872	0.1177
416	0.0277	0.4055	0.064	0.0513	0.0761	0.0498	0.0771	0.0768	0.0369	0.1134	0.0909	0.0247	0.1872	0.1176
417	0.0277	0.4056	0.064	0.0513	0.0761	0.0497	0.0771	0.0768	0.037	0.1136	0.091	0.0248	0.1874	0.1177
418	0.0278	0.3966	0.0641	0.0514	0.0763	0.0498	0.0772	0.077	0.0369	0.1133	0.0911	0.0248	0.1871	0.1177
419	0.0277	0.4046	0.0639	0.0514	0.076	0.0499	0.0773	0.077	0.0369	0.1132	0.091	0.0248	0.1874	0.1178
420	0.0276	0.405	0.0639	0.0516	0.0761	0.0499	0.0775	0.0771	0.0368	0.1132	0.091	0.0248	0.1874	0.1178
421	0.0275	0.3989	0.0637	0.0515	0.076	0.0499	0.0776	0.0771	0.0369	0.1136	0.0911	0.0248	0.1875	0.1178
422	0.0275	0.4062	0.0637	0.0516	0.0761	0.0499	0.0776	0.0772	0.037	0.1137	0.0912	0.0248	0.1873	0.1178
423	0.0278	0.4021	0.0639	0.0517	0.0762	0.0499	0.0774	0.0771	0.037	0.1138	0.0912	0.0248	0.1872	0.1178
424	0.0279	0.4081	0.0639	0.0514	0.0759	0.0498	0.0773	0.0769	0.0369	0.1135	0.0909	0.0248	0.1872	0.1176
425	0.0278	0.4031	0.0639	0.0514	0.076	0.0498	0.0773	0.0769	0.0369	0.1134	0.0909	0.0247	0.187	0.1176
426	0.0278	0.3999	0.0641	0.0517	0.0763	0.0497	0.0769	0.0768	0.0369	0.1137	0.0911	0.0247	0.187	0.1177
427	0.0278	0.4105	0.064	0.0516	0.0761	0.0498	0.077	0.0769	0.0369	0.1135	0.091	0.0247	0.187	0.1176
428	0.0277	0.3942	0.0639	0.0516	0.076	0.0496	0.0767	0.0766	0.037	0.1135	0.091	0.0248	0.1873	0.1176
429	0.0277	0.411	0.0637	0.0514	0.0757	0.0495	0.0766	0.0765	0.037	0.1137	0.0909	0.0248	0.1874	0.1176
430	0.0278	0.4071	0.0636	0.0513	0.0756	0.0495	0.0767	0.0765	0.037	0.1136	0.0909	0.0247	0.1867	0.1173
431	0.0279	0.403	0.0639	0.0515	0.0759	0.0495	0.0768	0.0767	0.037	0.1135	0.091	0.0247	0.1865	0.1174
432	0.0276	0.4069	0.0638	0.0514	0.0759	0.0495	0.0769	0.0767	0.037	0.1135	0.091	0.0247	0.1865	0.1174
433	0.0275	0.395	0.0637	0.0513	0.0758	0.0494	0.0767	0.0765	0.037	0.1134	0.0909	0.0247	0.1863	0.1172
434	0.028	0.4023	0.0638	0.0515	0.0759	0.0494	0.0765	0.0764	0.037	0.1135	0.0909	0.0247	0.1863	0.1173
435	0.0275	0.3998	0.0637	0.0514	0.0758	0.0493	0.0765	0.0764	0.037	0.1133	0.0909	0.0247	0.1864	0.1173
436	0.0271	0.413	0.0638	0.0515	0.0758	0.0493	0.0765	0.0764	0.0369	0.1132	0.0907	0.0247	0.1863	0.1172
437	0.0274	0.4089	0.0635	0.0512	0.0756	0.0493	0.0766	0.0764	0.037	0.1135	0.0908	0.0246	0.1862	0.1171
438	0.0278	0.4008	0.0634	0.0514	0.0758	0.0492	0.0763	0.0764	0.0369	0.1133	0.0909	0.0247	0.1863	0.1173
439	0.028	0.4017	0.0635	0.0515	0.0757	0.0491	0.0762	0.0762	0.0369	0.1134	0.0907	0.0247	0.1864	0.1172
440	0.0279	0.4055	0.0633	0.0512	0.0757	0.0492	0.0762	0.0764	0.0369	0.1138	0.091	0.0247	0.1867	0.1174
441	0.0278	0.4065	0.0634	0.0513	0.0758	0.0491	0.0762	0.0763	0.0368	0.1137	0.0909	0.0247	0.1867	0.1174
442	0.0276	0.408	0.0635	0.0515	0.0758	0.0493	0.0766	0.0765	0.0369	0.1137	0.0909	0.0247	0.1869	0.1174
443	0.0275	0.4057	0.0636	0.0516	0.0758	0.0494	0.0767	0.0765	0.0369	0.1137	0.0908	0.0247	0.1868	0.1173
444	0.0275	0.4042	0.0635	0.0515	0.0757	0.0492	0.0766	0.0764	0.0369	0.1136	0.0908	0.0247	0.1866	0.1172
445	0.0276	0.4019	0.0636	0.0517	0.076	0.0492	0.0764	0.0764	0.0368	0.1133	0.0908	0.0247	0.1866	0.1173
446	0.0274	0.4129	0.0636	0.0516	0.0759	0.0493	0.0766	0.0765	0.0368	0.1131	0.0908	0.0247	0.1866	0.1174
447	0.0271	0.4067	0.0633	0.0513	0.0757	0.0491	0.0764	0.0764	0.0369	0.1132	0.0908	0.0247	0.1861	0.1172
448	0.0275	0.3981	0.0633	0.0513	0.0757	0.0492	0.0764	0.0764	0.0369	0.1133	0.0909	0.0246	0.1859	0.1172
449	0.0276	0.4047	0.0633	0.0513	0.0758	0.0491	0.076	0.0764	0.0369	0.113	0.0908	0.0247	0.1862	0.1173
450	0.0272	0.4044	0.0632	0.0513	0.0757	0.0491	0.0762	0.0764	0.0369	0.113	0.0908	0.0246	0.1861	0.1173
451	0.0275	0.3995	0.0631	0.0513	0.0757	0.049	0.0761	0.0763	0.0368	0.113	0.0908	0.0246	0.1864	0.1173
452	0.0281	0.4016	0.0634	0.0516	0.0758	0.049	0.0761	0.0762	0.0369	0.1132	0.0908	0.0246	0.1863	0.1172
453	0.0273	0.4048	0.0634	0.0516	0.0758	0.0489	0.0759	0.0761	0.0367	0.1129	0.0906	0.0247	0.1865	0.1173
454	0.0276	0.401	0.0632	0.0514	0.0758	0.0489	0.076	0.0764	0.0366	0.1127	0.0907	0.0247	0.1866	0.1175
455	0.0278	0.4028	0.0632	0.0514	0.0758	0.0489	0.076	0.0763	0.0368	0.1133	0.0909	0.0246	0.1864	0.1174
456	0.0271	0.4021	0.0632	0.0513	0.0758	0.049	0.0763	0.0764	0.0368	0.1134	0.0909	0.0246	0.1861	0.1173
457	0.0274	0.4009	0.0634	0.0514	0.076	0.049	0.0765	0.0766	0.0369	0.1138	0.0912	0.0246	0.1859	0.1174
458	0.0273	0.4051	0.0633	0.0514	0.076	0.0491	0.0765	0.0767	0.0368	0.1135	0.0911	0.0247	0.186	0.1174
459	0.0274	0.4178	0.0631	0.0513	0.0759	0.049	0.0764	0.0766	0.0368	0.1135	0.0911	0.0246	0.1859	0.1174
460	0.0277	0.4102	0.0635	0.0515	0.0762	0.0489	0.0762	0.0765	0.0368	0.1134	0.0911	0.0246	0.1857	0.1174
461	0.0277	0.4097	0.0636	0.0516	0.0763	0.0491	0.0763	0.0767	0.0367	0.1131	0.091	0.0246	0.1858	0.1174
462	0.0277	0.4023	0.0634	0.0514	0.0761	0.049	0.0763	0.0766	0.0367	0.113	0.091	0.0246	0.186	0.1174
463	0.0275	0.4047	0.0632	0.0512	0.0759	0.0491	0.0763	0.0766	0.0367	0.1131	0.091	0.0246	0.1862	0.1175
464	0.0276	0.414	0.0633	0.0515	0.076	0.0489	0.0761	0.0765	0.0366	0.1127	0.0908	0.0246	0.1863	0.1174
465	0.0276	0.4062	0.063	0.0513	0.0759	0.0488	0.0759	0.0764	0.0366	0.1124	0.0908	0.0247	0.1865	0.1176
466	0.0278	0.4049	0.0632	0.0514	0.076	0.0489	0.0761	0.0765	0.0367	0.1128	0.0909	0.0247	0.1867	0.1177
467	0.0272	0.409	0.0637	0.0518	0.0766	0.0491	0.0763	0.0769	0.0368	0.1131	0.0913	0.0247	0.1868	0.1179
468	0.0275	0.4023	0.0639	0.0518	0.0767	0.049	0.0763	0.0769	0.0367	0.1133	0.0913	0.0247	0.1869	0.118
469	0.0277	0.4045	0.064	0.0519	0.0766	0.049	0.0763	0.0768	0.0368	0.1135	0.0913	0.0247	0.187	0.1179
470	0.0272	0.4142	0.064	0.0519	0.0767	0.0489	0.0761	0.0767	0.0369	0.1135	0.0914	0.0247	0.1872	0.1179
471	0.0274	0.412	0.0643	0.0521	0.0769	0.0489	0.0762	0.0768	0.0369	0.1132	0.0914	0.0247	0.1873	0.118
472	0.0277	0.4025	0.0643	0.0521	0.0769	0.049	0.0764	0.0769	0.0369	0.1133	0.0914	0.0247	0.1876	0.1181
473	0.0279	0.4071	0.0641	0.052	0.0768	0.049	0.0765	0.0769	0.0369	0.1134	0.0914	0.0247	0.1875	0.1181
474	0.0272	0.4018	0.0642	0.052	0.0768	0.049	0.0765	0.0769	0.0369	0.1134	0.0914	0.0247	0.1874	0.118
475	0.0275	0.4101	0.0642	0.052	0.0767	0.0487	0.0761	0.0765	0.0369	0.1132	0.0912	0.0247	0.1876	0.118
476	0.0275	0.4068	0.0641	0.052	0.0766	0.0486	0.0757	0.0764	0.0369	0.1133	0.0912	0.0247	0.1877	0.1179
477	0.0281	0.4108	0.0641	0.052	0.0765	0.0487	0.0758	0.0763	0.0369	0.1134	0.0912	0.0247	0.1874	0.1178
478	0.0274	0.4091	0.0641	0.0521	0.0767	0.0487	0.0759	0.0765	0.0369	0.1135	0.0913	0.0247	0.1873	0.1179
479	0.027	0.4053	0.064	0.0521	0.0765	0.0489	0.0763	0.0766	0.0369	0.1137	0.0913	0.0247	0.1873	0.1178
480	0.0267	0.4076	0.0641	0.0522	0.0767	0.0489	0.0764	0.0767	0.0369	0.1135	0.0913	0.0248	0.1872	0.1179
481	0.0276	0.4075	0.0641	0.052	0.0767	0.049	0.0765	0.0768	0.0368	0.1134	0.0913	0.0248	0.1874	0.118
482	0.0277	0.4078	0.0638	0.0516	0.0764	0.0491	0.0767	0.0768	0.0369	0.1139	0.0914	0.0247	0.1872	0.1179
483	0.0273	0.4042	0.0639	0.0517	0.0764	0.049	0.0766	0.0767	0.0369	0.1136	0.0913	0.0247	0.187	0.1179
484	0.0271	0.4041	0.0638	0.0517	0.0764	0.0491	0.0766	0.0768	0.0369	0.1137	0.0913	0.0247	0.1868	0.1178
485	0.0275	0.4099	0.0636	0.0513	0.0761	0.049	0.0765	0.0767	0.0368	0.1136	0.0913	0.0247	0.187	0.1178
486	0.0272	0.4076	0.0639	0.0514	0.0763	0.049	0.0766	0.0767	0.0368	0.1135	0.0912	0.0248	0.1876	0.118
487	0.0272	0.4138	0.0637	0.0514	0.0761	0.0489	0.0765	0.0766	0.0368	0.1133	0.0911	0.0247	0.1874	0.1178
488	0.0278	0.4038	0.0637	0.0514	0.0762	0.049	0.0766	0.0767	0.0368	0.1134	0.0911	0.0247	0.1873	0.1178
489	0.0273	0.4057	0.0636	0.0513	0.0762	0.049	0.0764	0.0767	0.0368	0.1133	0.0912	0.0247	0.1877	0.118
490	0.0275	0.4042	0.0641	0.0518	0.0768	0.049	0.0767	0.0769	0.0368	0.1136	0.0914	0.0247	0.1878	0.1182
491	0.0273	0.403	0.0641	0.0518	0.0767	0.049	0.0765	0.0768	0.037	0.1142	0.0916	0.0247	0.1876	0.1181
492	0.0274	0.4077	0.0644	0.0519	0.0769	0.0488	0.0763	0.0767	0.037	0.1144	0.0916	0.0247	0.1876	0.1181
493	0.0274	0.4106	0.0643	0.0518	0.0767	0.0488	0.0763	0.0766	0.0371	0.1147	0.0917	0.0247	0.1872	0.1179
494	0.0273	0.4036	0.0641	0.0517	0.0765	0.0487	0.076	0.0764	0.0371	0.1146	0.0915	0.0247	0.1875	0.1179
495	0.0273	0.4061	0.0642	0.0519	0.0765	0.0487	0.076	0.0763	0.0371	0.1145	0.0915	0.0248	0.1877	0.1179
496	0.0276	0.406	0.0643	0.052	0.0767	0.0485	0.0757	0.0762	0.037	0.1145	0.0915	0.0248	0.1879	0.118
497	0.0274	0.3979	0.064	0.0519	0.0764	0.0487	0.0758	0.0762	0.0369	0.1141	0.0912	0.0247	0.1878	0.1178
498	0.0274	0.4054	0.0637	0.0515	0.0761	0.0488	0.076	0.0763	0.0368	0.1139	0.0911	0.0247	0.1876	0.1177
499	0.0273	0.4054	0.0638	0.0515	0.076	0.0487	0.0757	0.0761	0.0369	0.114	0.091	0.0247	0.1878	0.1176
500	0.0271	0.4079	0.064	0.0515	0.0762	0.0488	0.0759	0.0763	0.0369	0.1139	0.0911	0.0247	0.1876	0.1177
