{"n_layers": 0, "device": "cuda", "batch_size": 2048, "embedding_dim": 1024, "learning_rate": 0.001, "dataset": "dbbook", "epochs": 150, "top_k": 50, "multimodal": true, "datasets": {"dbbook": ["images", "text"], "ml1m": ["audio", "images", "text", "video"]}}
Epoch	Loss	Recall	Precision	NDCG
1	0.6932	0.0108	0.0015	0.0052
2	0.6854	0.0218	0.0029	0.0122
3	0.6764	0.0592	0.0081	0.0400
4	0.6621	0.1151	0.0158	0.0745
5	0.6390	0.1507	0.0209	0.0952
6	0.6039	0.1709	0.0235	0.1063
7	0.5554	0.1783	0.0246	0.1101
8	0.4959	0.1815	0.0251	0.1122
9	0.4313	0.1836	0.0254	0.1135
10	0.3691	0.1860	0.0256	0.1148
11	0.3142	0.1868	0.0258	0.1157
12	0.2674	0.1882	0.0259	0.1171
13	0.2291	0.1899	0.0262	0.1181
14	0.1973	0.1913	0.0264	0.1196
15	0.1716	0.1944	0.0267	0.1212
16	0.1498	0.1957	0.0269	0.1222
17	0.1320	0.1972	0.0270	0.1230
18	0.1178	0.1991	0.0271	0.1237
19	0.1028	0.2014	0.0274	0.1249
20	0.0934	0.2029	0.0276	0.1258
21	0.0834	0.2040	0.0277	0.1267
22	0.0754	0.2049	0.0278	0.1273
23	0.0673	0.2075	0.0280	0.1283
24	0.0623	0.2077	0.0280	0.1293
25	0.0567	0.2084	0.0280	0.1297
26	0.0518	0.2091	0.0281	0.1303
27	0.0475	0.2096	0.0282	0.1307
28	0.0447	0.2097	0.0283	0.1310
29	0.0415	0.2105	0.0283	0.1317
30	0.0380	0.2110	0.0284	0.1323
31	0.0355	0.2119	0.0285	0.1328
32	0.0338	0.2126	0.0285	0.1332
33	0.0312	0.2131	0.0285	0.1335
34	0.0296	0.2140	0.0286	0.1339
35	0.0281	0.2145	0.0287	0.1347
36	0.0264	0.2148	0.0287	0.1350
37	0.0251	0.2153	0.0287	0.1348
38	0.0240	0.2152	0.0287	0.1350
39	0.0224	0.2148	0.0287	0.1350
40	0.0220	0.2149	0.0287	0.1350
41	0.0213	0.2144	0.0287	0.1349
42	0.0199	0.2144	0.0287	0.1349
43	0.0195	0.2144	0.0286	0.1350
44	0.0185	0.2154	0.0287	0.1356
45	0.0181	0.2160	0.0288	0.1359
46	0.0169	0.2162	0.0288	0.1361
47	0.0165	0.2165	0.0288	0.1365
48	0.0161	0.2161	0.0288	0.1360
49	0.0157	0.2163	0.0288	0.1361
50	0.0153	0.2159	0.0288	0.1361
51	0.0148	0.2160	0.0288	0.1364
52	0.0142	0.2161	0.0288	0.1367
53	0.0139	0.2160	0.0288	0.1365
54	0.0135	0.2166	0.0288	0.1369
55	0.0134	0.2163	0.0288	0.1369
56	0.0128	0.2159	0.0288	0.1367
57	0.0131	0.2159	0.0288	0.1365
58	0.0126	0.2157	0.0287	0.1363
59	0.0122	0.2162	0.0287	0.1368
60	0.0119	0.2168	0.0288	0.1371
61	0.0114	0.2161	0.0287	0.1369
62	0.0116	0.2160	0.0287	0.1371
63	0.0119	0.2158	0.0287	0.1372
64	0.0111	0.2158	0.0288	0.1374
65	0.0111	0.2163	0.0288	0.1375
66	0.0105	0.2162	0.0288	0.1373
67	0.0109	0.2162	0.0288	0.1374
68	0.0108	0.2164	0.0288	0.1376
69	0.0102	0.2163	0.0288	0.1377
70	0.0107	0.2165	0.0288	0.1378
71	0.0100	0.2167	0.0288	0.1378
72	0.0098	0.2163	0.0288	0.1376
73	0.0099	0.2167	0.0288	0.1374
74	0.0101	0.2162	0.0288	0.1372
75	0.0094	0.2162	0.0288	0.1371
76	0.0101	0.2161	0.0287	0.1372
77	0.0092	0.2163	0.0287	0.1370
78	0.0091	0.2163	0.0287	0.1367
79	0.0090	0.2156	0.0286	0.1364
80	0.0091	0.2158	0.0286	0.1363
81	0.0093	0.2165	0.0287	0.1367
82	0.0088	0.2169	0.0287	0.1368
83	0.0085	0.2168	0.0287	0.1367
84	0.0088	0.2164	0.0287	0.1365
85	0.0088	0.2162	0.0287	0.1365
86	0.0086	0.2163	0.0287	0.1367
87	0.0085	0.2163	0.0287	0.1367
88	0.0084	0.2159	0.0286	0.1362
89	0.0088	0.2166	0.0287	0.1364
90	0.0086	0.2163	0.0287	0.1366
91	0.0088	0.2162	0.0287	0.1368
92	0.0079	0.2158	0.0286	0.1367
93	0.0077	0.2159	0.0286	0.1369
94	0.0083	0.2155	0.0286	0.1369
95	0.0079	0.2155	0.0286	0.1369
96	0.0082	0.2157	0.0286	0.1368
97	0.0082	0.2157	0.0286	0.1369
98	0.0080	0.2155	0.0286	0.1368
99	0.0080	0.2153	0.0286	0.1368
100	0.0077	0.2157	0.0286	0.1369
101	0.0079	0.2160	0.0287	0.1371
102	0.0074	0.2155	0.0286	0.1372
103	0.0080	0.2156	0.0287	0.1371
104	0.0078	0.2156	0.0286	0.1370
105	0.0080	0.2153	0.0286	0.1369
106	0.0078	0.2155	0.0286	0.1370
107	0.0080	0.2155	0.0286	0.1371
108	0.0078	0.2152	0.0285	0.1368
109	0.0073	0.2150	0.0285	0.1367
110	0.0076	0.2146	0.0285	0.1362
111	0.0077	0.2146	0.0285	0.1360
112	0.0078	0.2139	0.0284	0.1359
113	0.0078	0.2139	0.0284	0.1358
114	0.0073	0.2140	0.0284	0.1361
115	0.0077	0.2145	0.0284	0.1364
116	0.0076	0.2149	0.0285	0.1363
117	0.0076	0.2149	0.0285	0.1362
118	0.0075	0.2149	0.0285	0.1363
119	0.0074	0.2149	0.0285	0.1362
120	0.0075	0.2152	0.0286	0.1365
121	0.0076	0.2156	0.0286	0.1370
122	0.0073	0.2158	0.0286	0.1372
123	0.0074	0.2156	0.0286	0.1375
124	0.0078	0.2147	0.0285	0.1370
125	0.0077	0.2148	0.0284	0.1370
126	0.0075	0.2145	0.0284	0.1370
127	0.0074	0.2149	0.0285	0.1369
128	0.0072	0.2153	0.0285	0.1372
129	0.0075	0.2155	0.0285	0.1372
130	0.0074	0.2154	0.0285	0.1371
131	0.0070	0.2160	0.0286	0.1375
132	0.0073	0.2164	0.0287	0.1378
133	0.0068	0.2160	0.0286	0.1376
134	0.0073	0.2156	0.0286	0.1376
135	0.0075	0.2161	0.0287	0.1375
136	0.0072	0.2167	0.0287	0.1380
137	0.0070	0.2163	0.0287	0.1380
138	0.0069	0.2164	0.0287	0.1381
139	0.0072	0.2167	0.0287	0.1381
140	0.0069	0.2170	0.0288	0.1378
141	0.0072	0.2171	0.0288	0.1381
142	0.0077	0.2175	0.0288	0.1386
143	0.0072	0.2179	0.0288	0.1385
144	0.0077	0.2175	0.0288	0.1382
145	0.0071	0.2169	0.0287	0.1380
146	0.0070	0.2169	0.0287	0.1378
147	0.0075	0.2167	0.0287	0.1379
148	0.0070	0.2166	0.0287	0.1379
149	0.0072	0.2168	0.0288	0.1380
150	0.0075	0.2174	0.0288	0.1378
