{"n_layers": 1, "device": "cuda", "batch_size": 2048, "embedding_dim": 64, "learning_rate": 0.0005, "dataset": "dbbook", "epochs": 150, "top_k": 20, "multimodal": true, "datasets": {"dbbook": ["images", "text"], "ml1m": ["audio", "images", "text", "video"]}}
Epoch	Loss	Recall	Precision	NDCG
1	0.6929	0.0058	0.0019	0.0037
2	0.6923	0.0099	0.0032	0.0067
3	0.6917	0.0190	0.0060	0.0134
4	0.6909	0.0320	0.0102	0.0238
5	0.6899	0.0473	0.0156	0.0353
6	0.6884	0.0615	0.0207	0.0452
7	0.6866	0.0709	0.0245	0.0512
8	0.6842	0.0754	0.0266	0.0543
9	0.6810	0.0786	0.0278	0.0557
10	0.6769	0.0791	0.0282	0.0562
11	0.6720	0.0799	0.0287	0.0564
12	0.6656	0.0799	0.0287	0.0559
13	0.6583	0.0797	0.0287	0.0555
14	0.6497	0.0789	0.0284	0.0548
15	0.6398	0.0784	0.0282	0.0540
16	0.6289	0.0777	0.0279	0.0532
17	0.6169	0.0761	0.0275	0.0522
18	0.6041	0.0750	0.0271	0.0514
19	0.5906	0.0735	0.0267	0.0505
20	0.5768	0.0724	0.0265	0.0499
21	0.5623	0.0718	0.0262	0.0495
22	0.5482	0.0716	0.0262	0.0493
23	0.5335	0.0708	0.0259	0.0485
24	0.5201	0.0704	0.0257	0.0482
25	0.5056	0.0700	0.0255	0.0478
26	0.4929	0.0696	0.0254	0.0474
27	0.4795	0.0688	0.0252	0.0470
28	0.4674	0.0687	0.0252	0.0469
29	0.4555	0.0686	0.0252	0.0469
30	0.4432	0.0688	0.0252	0.0468
31	0.4323	0.0686	0.0251	0.0466
32	0.4211	0.0683	0.0250	0.0465
33	0.4112	0.0684	0.0250	0.0466
34	0.4022	0.0684	0.0251	0.0467
35	0.3920	0.0685	0.0251	0.0467
36	0.3843	0.0685	0.0251	0.0467
37	0.3754	0.0685	0.0251	0.0466
38	0.3677	0.0685	0.0251	0.0466
39	0.3604	0.0684	0.0251	0.0467
40	0.3531	0.0685	0.0251	0.0467
41	0.3446	0.0686	0.0252	0.0468
42	0.3389	0.0687	0.0252	0.0469
43	0.3326	0.0691	0.0254	0.0471
44	0.3287	0.0690	0.0253	0.0472
45	0.3203	0.0694	0.0255	0.0474
46	0.3153	0.0693	0.0254	0.0475
47	0.3098	0.0696	0.0256	0.0477
48	0.3052	0.0700	0.0257	0.0480
49	0.2996	0.0705	0.0258	0.0482
50	0.2937	0.0709	0.0260	0.0486
51	0.2916	0.0707	0.0260	0.0485
52	0.2842	0.0708	0.0260	0.0486
53	0.2789	0.0715	0.0261	0.0490
54	0.2768	0.0714	0.0261	0.0490
55	0.2736	0.0722	0.0263	0.0494
56	0.2662	0.0726	0.0265	0.0497
57	0.2657	0.0730	0.0265	0.0499
58	0.2607	0.0731	0.0266	0.0499
59	0.2576	0.0737	0.0267	0.0501
60	0.2529	0.0738	0.0267	0.0502
61	0.2504	0.0741	0.0267	0.0504
62	0.2453	0.0741	0.0267	0.0504
63	0.2454	0.0742	0.0268	0.0506
64	0.2411	0.0745	0.0269	0.0508
65	0.2365	0.0746	0.0269	0.0510
66	0.2321	0.0749	0.0270	0.0512
67	0.2333	0.0751	0.0271	0.0514
68	0.2285	0.0752	0.0271	0.0515
69	0.2254	0.0757	0.0272	0.0518
70	0.2244	0.0761	0.0273	0.0521
71	0.2213	0.0765	0.0274	0.0524
72	0.2173	0.0768	0.0275	0.0525
73	0.2131	0.0771	0.0277	0.0528
74	0.2132	0.0772	0.0277	0.0529
75	0.2107	0.0775	0.0279	0.0531
76	0.2080	0.0778	0.0279	0.0533
77	0.2062	0.0780	0.0280	0.0534
78	0.2011	0.0782	0.0281	0.0536
79	0.2018	0.0784	0.0282	0.0537
80	0.1981	0.0786	0.0282	0.0539
81	0.1973	0.0787	0.0282	0.0540
82	0.1929	0.0792	0.0284	0.0543
83	0.1935	0.0792	0.0284	0.0544
84	0.1906	0.0794	0.0285	0.0545
85	0.1849	0.0795	0.0285	0.0547
86	0.1865	0.0798	0.0286	0.0550
87	0.1820	0.0804	0.0287	0.0554
88	0.1832	0.0805	0.0287	0.0555
89	0.1806	0.0808	0.0288	0.0557
90	0.1774	0.0808	0.0288	0.0558
91	0.1776	0.0809	0.0288	0.0559
92	0.1743	0.0813	0.0290	0.0562
93	0.1735	0.0816	0.0291	0.0565
94	0.1713	0.0819	0.0292	0.0568
95	0.1675	0.0822	0.0293	0.0572
96	0.1688	0.0823	0.0293	0.0574
97	0.1673	0.0827	0.0293	0.0575
98	0.1634	0.0827	0.0293	0.0575
99	0.1628	0.0827	0.0294	0.0576
100	0.1632	0.0830	0.0295	0.0579
101	0.1589	0.0833	0.0296	0.0581
102	0.1577	0.0835	0.0297	0.0583
103	0.1578	0.0838	0.0298	0.0586
104	0.1533	0.0841	0.0298	0.0587
105	0.1546	0.0843	0.0299	0.0589
106	0.1521	0.0847	0.0300	0.0591
107	0.1502	0.0850	0.0300	0.0592
108	0.1482	0.0850	0.0301	0.0593
109	0.1494	0.0853	0.0302	0.0594
110	0.1488	0.0856	0.0302	0.0596
111	0.1466	0.0855	0.0303	0.0596
112	0.1413	0.0854	0.0302	0.0596
113	0.1430	0.0856	0.0303	0.0598
114	0.1415	0.0860	0.0304	0.0600
115	0.1403	0.0862	0.0304	0.0603
116	0.1380	0.0864	0.0305	0.0605
117	0.1378	0.0866	0.0305	0.0606
118	0.1347	0.0865	0.0305	0.0606
119	0.1368	0.0868	0.0306	0.0607
120	0.1352	0.0870	0.0307	0.0609
121	0.1360	0.0876	0.0308	0.0612
122	0.1310	0.0877	0.0309	0.0613
123	0.1311	0.0879	0.0309	0.0614
124	0.1312	0.0881	0.0309	0.0616
125	0.1292	0.0884	0.0310	0.0619
126	0.1279	0.0887	0.0312	0.0621
127	0.1266	0.0892	0.0313	0.0623
128	0.1236	0.0893	0.0313	0.0623
129	0.1240	0.0891	0.0313	0.0624
130	0.1231	0.0891	0.0313	0.0625
131	0.1190	0.0892	0.0314	0.0626
132	0.1202	0.0894	0.0314	0.0627
133	0.1207	0.0898	0.0316	0.0630
134	0.1208	0.0898	0.0316	0.0630
135	0.1190	0.0900	0.0316	0.0631
136	0.1188	0.0902	0.0317	0.0632
137	0.1159	0.0907	0.0319	0.0636
138	0.1127	0.0908	0.0320	0.0638
139	0.1108	0.0910	0.0321	0.0639
140	0.1125	0.0912	0.0321	0.0642
141	0.1109	0.0913	0.0322	0.0643
142	0.1108	0.0913	0.0322	0.0644
143	0.1092	0.0916	0.0323	0.0646
144	0.1102	0.0918	0.0324	0.0647
145	0.1069	0.0919	0.0324	0.0648
146	0.1089	0.0923	0.0325	0.0649
147	0.1075	0.0924	0.0325	0.0650
148	0.1073	0.0925	0.0325	0.0651
149	0.1058	0.0927	0.0325	0.0652
150	0.1012	0.0929	0.0326	0.0654
