{"n_layers": 2, "device": "cuda", "batch_size": 2048, "embedding_dim": 256, "learning_rate": 0.001, "dataset": "dbbook", "epochs": 150, "top_k": 50, "multimodal": false, "datasets": {"dbbook": ["images", "text"], "ml1m": ["audio", "images", "text", "video"]}}
Epoch	Loss	Recall	Precision	NDCG
1	0.6913	0.1334	0.0192	0.0705
2	0.6808	0.1318	0.0191	0.0675
3	0.6428	0.1239	0.0182	0.0632
4	0.5666	0.1205	0.0177	0.0618
5	0.4756	0.1199	0.0177	0.0616
6	0.4056	0.1211	0.0178	0.0622
7	0.3585	0.1230	0.0180	0.0632
8	0.3301	0.1247	0.0183	0.0642
9	0.3046	0.1276	0.0187	0.0660
10	0.2859	0.1305	0.0192	0.0678
11	0.2719	0.1333	0.0195	0.0694
12	0.2561	0.1364	0.0199	0.0715
13	0.2388	0.1393	0.0202	0.0734
14	0.2298	0.1413	0.0205	0.0747
15	0.2147	0.1456	0.0210	0.0771
16	0.2041	0.1490	0.0214	0.0793
17	0.1922	0.1519	0.0218	0.0813
18	0.1800	0.1557	0.0223	0.0835
19	0.1702	0.1598	0.0228	0.0856
20	0.1610	0.1635	0.0233	0.0872
21	0.1526	0.1669	0.0236	0.0887
22	0.1476	0.1704	0.0241	0.0905
23	0.1366	0.1739	0.0245	0.0922
24	0.1318	0.1766	0.0248	0.0939
25	0.1253	0.1784	0.0250	0.0952
26	0.1186	0.1805	0.0252	0.0963
27	0.1144	0.1826	0.0255	0.0975
28	0.1074	0.1842	0.0256	0.0985
29	0.1027	0.1866	0.0259	0.1001
30	0.1008	0.1888	0.0261	0.1015
31	0.0968	0.1900	0.0262	0.1026
32	0.0948	0.1929	0.0266	0.1041
33	0.0880	0.1941	0.0267	0.1052
34	0.0851	0.1957	0.0269	0.1062
35	0.0827	0.1971	0.0270	0.1071
36	0.0790	0.1973	0.0271	0.1077
37	0.0758	0.1982	0.0271	0.1081
38	0.0729	0.1991	0.0272	0.1088
39	0.0700	0.2000	0.0273	0.1094
40	0.0686	0.2005	0.0274	0.1099
41	0.0666	0.2017	0.0275	0.1107
42	0.0632	0.2022	0.0276	0.1111
43	0.0647	0.2035	0.0277	0.1119
44	0.0611	0.2038	0.0277	0.1123
45	0.0588	0.2054	0.0279	0.1130
46	0.0565	0.2054	0.0279	0.1132
47	0.0559	0.2057	0.0279	0.1136
48	0.0527	0.2068	0.0281	0.1144
49	0.0519	0.2067	0.0280	0.1144
50	0.0524	0.2064	0.0280	0.1145
51	0.0483	0.2069	0.0281	0.1145
52	0.0481	0.2071	0.0280	0.1147
53	0.0456	0.2079	0.0281	0.1152
54	0.0452	0.2075	0.0280	0.1151
55	0.0444	0.2078	0.0280	0.1152
56	0.0432	0.2083	0.0281	0.1154
57	0.0412	0.2092	0.0281	0.1159
58	0.0419	0.2100	0.0282	0.1165
59	0.0401	0.2094	0.0281	0.1166
60	0.0385	0.2105	0.0282	0.1171
61	0.0387	0.2108	0.0282	0.1175
62	0.0378	0.2106	0.0282	0.1176
63	0.0379	0.2103	0.0281	0.1175
64	0.0361	0.2118	0.0283	0.1183
65	0.0348	0.2117	0.0283	0.1185
66	0.0326	0.2117	0.0283	0.1185
67	0.0341	0.2117	0.0283	0.1185
68	0.0324	0.2113	0.0282	0.1184
69	0.0323	0.2112	0.0282	0.1185
70	0.0305	0.2120	0.0282	0.1188
71	0.0323	0.2125	0.0283	0.1193
72	0.0306	0.2122	0.0282	0.1191
73	0.0293	0.2124	0.0283	0.1194
74	0.0302	0.2132	0.0283	0.1200
75	0.0291	0.2131	0.0283	0.1203
76	0.0289	0.2136	0.0283	0.1205
77	0.0289	0.2138	0.0283	0.1210
78	0.0278	0.2141	0.0283	0.1212
79	0.0268	0.2137	0.0283	0.1213
80	0.0268	0.2138	0.0283	0.1216
81	0.0258	0.2142	0.0283	0.1218
82	0.0243	0.2141	0.0282	0.1219
83	0.0254	0.2140	0.0282	0.1217
84	0.0260	0.2137	0.0282	0.1216
85	0.0240	0.2139	0.0282	0.1216
86	0.0233	0.2141	0.0282	0.1219
87	0.0234	0.2140	0.0282	0.1220
88	0.0232	0.2144	0.0282	0.1222
89	0.0231	0.2147	0.0282	0.1225
90	0.0223	0.2143	0.0282	0.1225
91	0.0223	0.2150	0.0283	0.1226
92	0.0228	0.2148	0.0282	0.1224
93	0.0215	0.2153	0.0282	0.1226
94	0.0215	0.2157	0.0282	0.1226
95	0.0204	0.2156	0.0282	0.1225
96	0.0207	0.2153	0.0282	0.1227
97	0.0210	0.2156	0.0281	0.1226
98	0.0202	0.2150	0.0281	0.1224
99	0.0190	0.2147	0.0281	0.1224
100	0.0194	0.2150	0.0281	0.1226
101	0.0195	0.2146	0.0280	0.1225
102	0.0194	0.2144	0.0280	0.1224
103	0.0183	0.2145	0.0280	0.1225
104	0.0187	0.2140	0.0280	0.1225
105	0.0195	0.2140	0.0280	0.1224
106	0.0180	0.2136	0.0279	0.1223
107	0.0170	0.2136	0.0279	0.1221
108	0.0182	0.2131	0.0278	0.1221
109	0.0184	0.2134	0.0279	0.1224
110	0.0184	0.2127	0.0278	0.1221
111	0.0170	0.2129	0.0278	0.1223
112	0.0171	0.2128	0.0278	0.1225
113	0.0176	0.2131	0.0278	0.1227
114	0.0158	0.2134	0.0278	0.1228
115	0.0167	0.2130	0.0278	0.1226
116	0.0170	0.2134	0.0278	0.1228
117	0.0167	0.2134	0.0278	0.1228
118	0.0156	0.2136	0.0278	0.1228
119	0.0156	0.2135	0.0278	0.1228
120	0.0161	0.2130	0.0277	0.1227
121	0.0152	0.2131	0.0277	0.1228
122	0.0147	0.2129	0.0277	0.1227
123	0.0150	0.2130	0.0278	0.1231
124	0.0156	0.2129	0.0278	0.1229
125	0.0156	0.2128	0.0277	0.1227
126	0.0149	0.2132	0.0277	0.1228
127	0.0145	0.2131	0.0277	0.1227
128	0.0138	0.2131	0.0277	0.1229
129	0.0141	0.2130	0.0277	0.1230
130	0.0142	0.2126	0.0276	0.1227
131	0.0136	0.2130	0.0276	0.1228
132	0.0139	0.2131	0.0276	0.1230
133	0.0137	0.2129	0.0276	0.1227
134	0.0135	0.2132	0.0276	0.1229
135	0.0138	0.2130	0.0276	0.1229
136	0.0132	0.2126	0.0276	0.1229
137	0.0140	0.2126	0.0276	0.1229
138	0.0138	0.2121	0.0275	0.1227
139	0.0134	0.2133	0.0276	0.1231
140	0.0131	0.2137	0.0276	0.1231
141	0.0126	0.2137	0.0276	0.1232
142	0.0134	0.2142	0.0277	0.1234
143	0.0126	0.2143	0.0277	0.1237
144	0.0134	0.2143	0.0276	0.1237
145	0.0126	0.2145	0.0277	0.1238
146	0.0126	0.2143	0.0277	0.1238
147	0.0127	0.2138	0.0276	0.1236
148	0.0123	0.2135	0.0276	0.1237
149	0.0123	0.2133	0.0276	0.1237
150	0.0122	0.2132	0.0276	0.1239
