{"device": "cuda:1", "multimodal": true, "embedding_dim": 512, "n_layers": 0, "epochs": 500, "learning_rate": 0.001, "log": true, "seed": 19, "top_k": [5, 10, 20, 50], "dataset": "ml1m", "batch_size": 8192, "single_branch": false, "autoencoder": false, "ensemble_fusion": false, "freeze": true, "fusion_modalities": "mean", "fusion_type": "late", "info_nce": false, "weighting": "alpha", "datasets": {"dbbook": ["images", "text"], "ml1m": ["audio", "images", "text", "video"]}}alpha: 0.9999099969863892
Epoch	T-Loss	V-Loss	Precision@5	Recall@5	NDCG@5	Precision@10	Recall@10	NDCG@10	Precision@20	Recall@20	NDCG@20	Precision@50	Recall@50	NDCG@50
1	0.6927	0.6918	0.0868	0.0227	0.0933	0.074	0.0384	0.0852	0.0628	0.0657	0.0841	0.0475	0.1232	0.0984
2	0.6864	0.6767	0.1799	0.0598	0.1933	0.1537	0.0997	0.1819	0.126	0.1585	0.1827	0.0906	0.2783	0.2135
3	0.645	0.5989	0.1809	0.0614	0.194	0.1562	0.1048	0.1849	0.1263	0.1665	0.186	0.0875	0.2763	0.2126
4	0.5329	0.4701	0.1807	0.0615	0.1938	0.1541	0.1051	0.1838	0.1248	0.1668	0.1852	0.0861	0.2728	0.2102
5	0.4238	0.3946	0.1805	0.0622	0.1974	0.153	0.1038	0.1854	0.124	0.1653	0.1861	0.0855	0.2712	0.2108
6	0.3716	0.3632	0.1881	0.0665	0.2093	0.153	0.1031	0.1907	0.1235	0.1643	0.1901	0.0863	0.2736	0.216
7	0.3489	0.3481	0.1899	0.0662	0.2106	0.155	0.1038	0.1925	0.1249	0.1636	0.1913	0.0872	0.2771	0.2181
8	0.3344	0.3347	0.1922	0.0667	0.2121	0.1589	0.107	0.1958	0.1263	0.1653	0.1931	0.089	0.2815	0.2211
9	0.3233	0.3296	0.1928	0.0667	0.2131	0.1606	0.1073	0.1973	0.1289	0.1697	0.1962	0.0905	0.2851	0.2237
10	0.3138	0.3219	0.1971	0.0677	0.2174	0.1639	0.1094	0.2012	0.1311	0.1718	0.1996	0.0925	0.2902	0.2281
11	0.308	0.315	0.2019	0.0689	0.2229	0.1664	0.1108	0.2049	0.1336	0.1748	0.2034	0.0945	0.2947	0.2324
12	0.3	0.3071	0.2035	0.0696	0.2219	0.1697	0.1131	0.2063	0.136	0.1772	0.205	0.0962	0.2988	0.2347
13	0.294	0.3021	0.2068	0.0706	0.2268	0.1728	0.1158	0.2109	0.138	0.1792	0.2086	0.098	0.3049	0.2397
14	0.287	0.2986	0.2104	0.0724	0.2296	0.1757	0.1185	0.2136	0.1394	0.1812	0.2107	0.0994	0.3097	0.2429
15	0.2823	0.2966	0.2145	0.0741	0.233	0.1786	0.1205	0.2165	0.1416	0.1851	0.2138	0.1008	0.3145	0.2463
16	0.2772	0.292	0.2162	0.0753	0.2362	0.1815	0.1229	0.2204	0.1437	0.1877	0.2172	0.102	0.3187	0.25
17	0.2731	0.2895	0.2197	0.0761	0.2398	0.1834	0.1247	0.2232	0.1459	0.191	0.2207	0.1034	0.3229	0.2536
18	0.2689	0.2848	0.2218	0.0771	0.2412	0.1853	0.1253	0.2249	0.1474	0.193	0.2226	0.1046	0.3274	0.2566
19	0.2647	0.2808	0.2261	0.0791	0.2464	0.1874	0.1272	0.2284	0.1498	0.197	0.2267	0.1058	0.3312	0.2604
20	0.2613	0.2789	0.229	0.0796	0.2489	0.19	0.1292	0.2311	0.151	0.1985	0.2287	0.1068	0.3355	0.2632
21	0.2563	0.2772	0.2296	0.0803	0.2493	0.1905	0.1291	0.2315	0.1523	0.2004	0.2302	0.1075	0.3376	0.2648
22	0.2543	0.2726	0.231	0.0812	0.2522	0.1919	0.13	0.2342	0.1539	0.2029	0.2334	0.1083	0.341	0.2681
23	0.2512	0.2734	0.2317	0.0814	0.254	0.1941	0.1322	0.2368	0.1549	0.2045	0.2352	0.109	0.3448	0.2705
24	0.2489	0.268	0.235	0.0832	0.2564	0.1952	0.1339	0.2381	0.1562	0.2067	0.2368	0.1098	0.3464	0.272
25	0.246	0.2706	0.2362	0.0831	0.2591	0.1971	0.1348	0.2409	0.1579	0.21	0.2399	0.1106	0.3498	0.275
26	0.2433	0.2661	0.2377	0.0839	0.2602	0.1974	0.1344	0.2412	0.1589	0.2117	0.2412	0.1114	0.3532	0.2768
27	0.2394	0.2653	0.238	0.0844	0.2586	0.1994	0.1363	0.2416	0.1597	0.2125	0.2411	0.1123	0.356	0.2776
28	0.2375	0.2612	0.2375	0.0841	0.2589	0.1997	0.1363	0.2422	0.1604	0.2141	0.2424	0.1128	0.3572	0.2788
29	0.2362	0.2589	0.2403	0.0854	0.2633	0.2022	0.1388	0.2462	0.1613	0.215	0.2452	0.1133	0.3592	0.2819
30	0.2336	0.2622	0.2408	0.0852	0.2633	0.203	0.14	0.2468	0.1624	0.2165	0.2461	0.1139	0.3605	0.2827
31	0.2307	0.2576	0.2411	0.0856	0.2644	0.2036	0.1407	0.2481	0.1635	0.219	0.2481	0.1145	0.3625	0.2846
32	0.2297	0.2583	0.2428	0.0856	0.2663	0.2046	0.1414	0.2494	0.1645	0.2198	0.2493	0.1151	0.3651	0.2863
33	0.2264	0.2562	0.2443	0.0861	0.2674	0.2045	0.1421	0.2498	0.1655	0.2221	0.2507	0.1156	0.3669	0.2876
34	0.2253	0.2525	0.2444	0.0864	0.2672	0.2056	0.1417	0.2502	0.1653	0.2221	0.2507	0.1157	0.3685	0.2882
35	0.2241	0.2563	0.2453	0.0874	0.2674	0.2069	0.1441	0.2514	0.1661	0.2238	0.2519	0.1159	0.3696	0.2891
36	0.2216	0.2506	0.2461	0.0882	0.267	0.2069	0.1445	0.2508	0.1665	0.2243	0.2517	0.1164	0.3708	0.2894
37	0.2196	0.2536	0.2477	0.0889	0.2699	0.2081	0.1458	0.2534	0.1674	0.2261	0.2543	0.1168	0.3725	0.2918
38	0.2178	0.2502	0.249	0.0905	0.2712	0.2083	0.1465	0.2541	0.1683	0.227	0.2555	0.1174	0.3758	0.2936
39	0.2154	0.2521	0.2484	0.0893	0.2696	0.2096	0.147	0.254	0.1688	0.2279	0.2552	0.1179	0.3771	0.2937
40	0.2129	0.252	0.2493	0.0899	0.2709	0.2095	0.1473	0.2545	0.1687	0.2281	0.2557	0.1183	0.3788	0.2949
41	0.2127	0.2523	0.2489	0.0891	0.2712	0.211	0.1481	0.2563	0.1696	0.2298	0.2572	0.1187	0.3802	0.2962
42	0.211	0.2501	0.2485	0.0901	0.2701	0.211	0.1487	0.2556	0.1698	0.2308	0.257	0.119	0.3817	0.2964
43	0.2096	0.248	0.2504	0.0898	0.2716	0.2118	0.1494	0.2567	0.1702	0.2315	0.2578	0.1194	0.3838	0.2976
44	0.2058	0.2474	0.2529	0.0911	0.2732	0.2127	0.1502	0.2574	0.171	0.2328	0.2587	0.1198	0.3848	0.2984
45	0.2061	0.25	0.2525	0.0915	0.273	0.2127	0.1498	0.2573	0.1714	0.234	0.2594	0.1201	0.3864	0.2994
46	0.2044	0.2478	0.253	0.0917	0.2733	0.213	0.1514	0.2582	0.1716	0.2339	0.2601	0.1201	0.3859	0.2999
47	0.2015	0.25	0.253	0.0929	0.2736	0.2134	0.1513	0.2585	0.1719	0.2346	0.2606	0.1205	0.3878	0.3009
48	0.2011	0.2462	0.2548	0.0932	0.2762	0.2149	0.1525	0.2608	0.1728	0.2351	0.2624	0.1209	0.389	0.3026
49	0.1994	0.2473	0.2559	0.0936	0.2774	0.2171	0.1549	0.2629	0.1734	0.2369	0.2636	0.1211	0.3902	0.3035
50	0.1984	0.2462	0.2554	0.0938	0.2767	0.2168	0.1541	0.2625	0.1729	0.2366	0.2634	0.1214	0.392	0.3044
51	0.1962	0.2464	0.2555	0.0934	0.2768	0.2173	0.1543	0.263	0.1735	0.2374	0.2639	0.1215	0.3918	0.3045
52	0.1945	0.2474	0.2558	0.0944	0.2769	0.2172	0.1548	0.263	0.174	0.2382	0.2645	0.1218	0.394	0.3053
53	0.1938	0.2442	0.2571	0.0951	0.2775	0.217	0.1547	0.2628	0.1741	0.2382	0.2646	0.122	0.3946	0.3057
54	0.1911	0.2449	0.2585	0.0955	0.279	0.2173	0.1548	0.2632	0.1743	0.24	0.2653	0.1225	0.3961	0.3068
55	0.1896	0.2431	0.2579	0.0952	0.2778	0.2179	0.1555	0.2632	0.1745	0.2404	0.2654	0.1227	0.3979	0.3072
56	0.1888	0.246	0.2586	0.0962	0.2791	0.2178	0.1557	0.2641	0.1748	0.2408	0.2663	0.1227	0.3986	0.3082
57	0.1872	0.2432	0.2563	0.0952	0.278	0.2178	0.1571	0.2647	0.1746	0.2411	0.2666	0.123	0.3995	0.309
58	0.1861	0.2437	0.2579	0.0963	0.279	0.2182	0.1563	0.2648	0.1751	0.2418	0.2671	0.1231	0.4008	0.3095
59	0.1854	0.2464	0.2571	0.0961	0.2789	0.2187	0.1573	0.2657	0.1755	0.2436	0.2682	0.1234	0.4015	0.3103
60	0.1827	0.2457	0.2585	0.0964	0.2791	0.2184	0.1577	0.2651	0.1757	0.2427	0.2678	0.1234	0.4024	0.3106
61	0.1802	0.2457	0.26	0.0967	0.2805	0.2196	0.1582	0.2664	0.1764	0.2444	0.269	0.1237	0.4028	0.3113
62	0.1797	0.2407	0.259	0.0967	0.2798	0.2205	0.159	0.267	0.1767	0.2446	0.2693	0.124	0.4041	0.3119
63	0.1774	0.2449	0.2596	0.0977	0.2814	0.2198	0.1587	0.2676	0.1765	0.2445	0.2699	0.1241	0.4054	0.313
64	0.1761	0.2477	0.2582	0.0977	0.2798	0.2202	0.1584	0.2669	0.1763	0.2441	0.2692	0.1241	0.406	0.3127
65	0.1738	0.2406	0.2595	0.0973	0.2807	0.2194	0.1583	0.2667	0.177	0.2463	0.2702	0.1243	0.4068	0.3132
66	0.1728	0.2447	0.2586	0.0969	0.2796	0.2198	0.1587	0.2665	0.1773	0.2471	0.2703	0.1245	0.4076	0.3133
67	0.1702	0.2465	0.2601	0.0977	0.2812	0.2194	0.1591	0.267	0.1774	0.2475	0.2711	0.1247	0.4081	0.3143
68	0.17	0.2419	0.2591	0.0974	0.2805	0.2192	0.1592	0.267	0.1769	0.2461	0.2706	0.1248	0.4089	0.3146
69	0.1674	0.2442	0.2589	0.0976	0.28	0.2195	0.1594	0.2669	0.1776	0.2471	0.271	0.125	0.409	0.3148
70	0.1663	0.2446	0.2585	0.0977	0.2801	0.2188	0.1596	0.2668	0.1778	0.2477	0.2714	0.1254	0.4105	0.3156
71	0.1668	0.2417	0.2599	0.0987	0.2814	0.2202	0.1605	0.2681	0.1782	0.2491	0.2725	0.1255	0.4111	0.3163
72	0.1646	0.2444	0.2602	0.0985	0.2816	0.2217	0.1622	0.2694	0.1778	0.2487	0.2721	0.1255	0.4107	0.3162
73	0.1631	0.2449	0.2606	0.0993	0.2821	0.221	0.162	0.2691	0.1784	0.2489	0.2728	0.1255	0.4108	0.3168
74	0.1611	0.2436	0.2613	0.0996	0.2831	0.222	0.1622	0.2702	0.1789	0.2507	0.2743	0.1258	0.4118	0.3178
75	0.1605	0.2413	0.2619	0.0995	0.2833	0.2223	0.1625	0.2705	0.1788	0.2502	0.2741	0.1257	0.413	0.3181
76	0.1585	0.2466	0.2625	0.1003	0.2822	0.2232	0.1635	0.2702	0.1789	0.2505	0.2735	0.1259	0.414	0.318
77	0.1567	0.2441	0.2613	0.0998	0.2818	0.2229	0.1634	0.2702	0.179	0.2516	0.274	0.126	0.4147	0.3184
78	0.1556	0.245	0.2627	0.1001	0.2829	0.2227	0.1635	0.2705	0.1794	0.252	0.2746	0.1261	0.4148	0.3188
79	0.1537	0.2464	0.2617	0.0999	0.2826	0.2218	0.1623	0.2698	0.1792	0.2521	0.2746	0.1261	0.415	0.3189
80	0.1534	0.2449	0.2617	0.0994	0.2827	0.2226	0.1631	0.2705	0.18	0.2527	0.2753	0.126	0.4147	0.3191
81	0.1502	0.2458	0.2634	0.1005	0.2844	0.2237	0.1642	0.2719	0.1809	0.2546	0.2769	0.1266	0.4161	0.3205
82	0.1486	0.246	0.2625	0.1009	0.2838	0.2231	0.164	0.2715	0.1805	0.2544	0.2765	0.1267	0.4172	0.3207
83	0.1489	0.247	0.263	0.1011	0.2846	0.2221	0.1635	0.2712	0.1803	0.2536	0.2765	0.1267	0.4178	0.3213
84	0.147	0.2464	0.2636	0.1008	0.2849	0.223	0.1639	0.2718	0.1807	0.2541	0.277	0.1269	0.4187	0.3218
85	0.1458	0.2465	0.2631	0.1015	0.2838	0.2227	0.1638	0.271	0.181	0.2545	0.2768	0.127	0.4186	0.3215
86	0.1452	0.2468	0.264	0.1022	0.2852	0.2233	0.1647	0.272	0.1809	0.2543	0.2771	0.1273	0.4203	0.3226
87	0.1437	0.2447	0.262	0.1016	0.2828	0.2231	0.165	0.2712	0.1812	0.255	0.2769	0.1273	0.4203	0.3221
88	0.142	0.2477	0.2643	0.1027	0.2834	0.2247	0.1659	0.2718	0.1816	0.2564	0.2772	0.1275	0.4212	0.3224
89	0.1396	0.2482	0.2644	0.1035	0.284	0.2241	0.1658	0.2718	0.1813	0.2563	0.2773	0.1277	0.4219	0.323
90	0.1394	0.2477	0.2631	0.1028	0.2834	0.2239	0.1658	0.2716	0.1818	0.2569	0.2777	0.1278	0.4221	0.3232
91	0.1377	0.2457	0.2635	0.1027	0.2841	0.224	0.1661	0.2723	0.1827	0.2586	0.2792	0.1279	0.4223	0.324
92	0.1362	0.2478	0.2639	0.1031	0.2837	0.2251	0.1673	0.2729	0.1828	0.2586	0.2791	0.1279	0.4228	0.3239
93	0.1356	0.2477	0.264	0.1028	0.2839	0.2251	0.1673	0.2732	0.1832	0.2589	0.2797	0.1281	0.4226	0.3243
94	0.1341	0.2494	0.264	0.1036	0.2842	0.2253	0.1676	0.2734	0.1832	0.259	0.2797	0.1283	0.4236	0.3247
95	0.1333	0.2513	0.2657	0.1045	0.2861	0.2249	0.1671	0.2737	0.1832	0.2595	0.2802	0.1284	0.425	0.3255
96	0.1317	0.2486	0.2656	0.1047	0.286	0.2264	0.1685	0.2748	0.1833	0.2603	0.2807	0.1285	0.4259	0.326
97	0.1311	0.2503	0.2657	0.1043	0.2856	0.2256	0.1681	0.2741	0.1835	0.2607	0.2808	0.1285	0.4254	0.3259
98	0.1288	0.2488	0.2664	0.1045	0.2863	0.2258	0.169	0.2747	0.1833	0.2602	0.2807	0.1285	0.4253	0.3261
99	0.1273	0.25	0.2657	0.1042	0.2857	0.2261	0.1695	0.2747	0.1836	0.2603	0.2808	0.1286	0.4259	0.3262
100	0.1266	0.249	0.265	0.1045	0.2857	0.2262	0.1698	0.2751	0.1833	0.2602	0.2809	0.1286	0.4258	0.3265
101	0.1254	0.2498	0.2662	0.1048	0.2865	0.2268	0.1696	0.2754	0.1838	0.2614	0.2815	0.1288	0.4266	0.327
102	0.1255	0.2529	0.2646	0.105	0.2855	0.2265	0.1696	0.2753	0.1836	0.2612	0.2814	0.1289	0.4279	0.3276
103	0.1228	0.2519	0.2642	0.1038	0.2847	0.2263	0.1698	0.2749	0.1837	0.2603	0.2809	0.1288	0.4281	0.3272
104	0.1231	0.2525	0.2648	0.1043	0.2858	0.2265	0.1705	0.2757	0.1839	0.2614	0.2819	0.1289	0.4284	0.3279
105	0.1223	0.2502	0.2637	0.1043	0.2853	0.2257	0.1694	0.2752	0.1837	0.2615	0.282	0.1291	0.4291	0.3284
106	0.1201	0.2512	0.2652	0.1047	0.286	0.2268	0.1696	0.2756	0.1843	0.2616	0.2822	0.129	0.4291	0.3282
107	0.1202	0.2513	0.265	0.105	0.2859	0.2269	0.1698	0.2758	0.1842	0.2615	0.2822	0.1291	0.4299	0.3286
108	0.1189	0.2519	0.2663	0.1062	0.2875	0.2259	0.1693	0.2755	0.1842	0.262	0.2826	0.1292	0.4308	0.3291
109	0.1182	0.2526	0.267	0.1061	0.2874	0.2263	0.1701	0.2754	0.1838	0.2624	0.282	0.129	0.4299	0.3284
110	0.117	0.2553	0.2671	0.1061	0.2865	0.2268	0.1709	0.2754	0.1839	0.2623	0.2816	0.1293	0.4308	0.3285
111	0.1163	0.2578	0.2648	0.1055	0.2849	0.2265	0.1708	0.2751	0.1842	0.2627	0.2818	0.1293	0.4315	0.3285
112	0.1144	0.2557	0.2644	0.1053	0.2844	0.2259	0.1698	0.2742	0.1838	0.2625	0.2813	0.1292	0.4308	0.3282
113	0.1146	0.2545	0.2645	0.1057	0.285	0.226	0.1707	0.2748	0.184	0.2633	0.2821	0.1292	0.4311	0.3288
114	0.1133	0.2586	0.2632	0.1051	0.284	0.2264	0.1707	0.275	0.1839	0.2634	0.2821	0.1292	0.4313	0.3289
115	0.1124	0.2596	0.2649	0.1058	0.2854	0.2265	0.1709	0.2754	0.1838	0.2629	0.2821	0.1293	0.4322	0.3294
116	0.1112	0.2549	0.2635	0.1053	0.2841	0.2269	0.1713	0.2751	0.184	0.2636	0.282	0.1295	0.433	0.3293
117	0.1104	0.2584	0.2631	0.1056	0.2843	0.2265	0.172	0.2756	0.1841	0.2636	0.2825	0.1293	0.4331	0.3297
118	0.1091	0.2616	0.2627	0.1051	0.2832	0.2264	0.1716	0.2747	0.1845	0.2645	0.2824	0.1294	0.4331	0.3293
119	0.1092	0.2602	0.2621	0.1053	0.283	0.2273	0.1719	0.2754	0.1847	0.2644	0.2827	0.1294	0.4326	0.3296
120	0.1081	0.258	0.2617	0.1047	0.2826	0.2275	0.1719	0.2754	0.1844	0.264	0.2823	0.1294	0.4331	0.3297
121	0.1079	0.2626	0.2612	0.1058	0.2819	0.2268	0.1719	0.2748	0.1843	0.2637	0.282	0.1293	0.4329	0.3294
122	0.106	0.2596	0.2623	0.1053	0.283	0.227	0.1727	0.2754	0.1844	0.2646	0.2826	0.1293	0.4326	0.3296
123	0.1054	0.2626	0.2622	0.1056	0.2822	0.2268	0.1717	0.2747	0.1844	0.265	0.2824	0.1294	0.4331	0.3296
124	0.1054	0.2596	0.263	0.1059	0.2838	0.2266	0.1721	0.2754	0.1851	0.2657	0.2835	0.1294	0.4333	0.3303
125	0.1045	0.2641	0.2633	0.1058	0.2841	0.2269	0.1726	0.2759	0.1847	0.2645	0.2834	0.1295	0.4333	0.3307
126	0.1027	0.2628	0.2637	0.106	0.2842	0.2272	0.1727	0.2759	0.1846	0.2647	0.2833	0.1295	0.4337	0.3307
127	0.1027	0.2645	0.2634	0.1063	0.2841	0.2264	0.1716	0.2753	0.1847	0.2652	0.2835	0.1294	0.4336	0.3308
128	0.1026	0.2638	0.2626	0.1058	0.2831	0.2262	0.1722	0.2748	0.1846	0.2655	0.283	0.1295	0.4346	0.3306
129	0.1015	0.2675	0.2611	0.1057	0.2814	0.2253	0.1714	0.2736	0.1844	0.2655	0.2825	0.1296	0.4348	0.3303
130	0.1	0.264	0.2614	0.106	0.2819	0.2261	0.1723	0.2746	0.1844	0.2659	0.2829	0.1296	0.4358	0.3308
131	0.0998	0.2652	0.2612	0.1059	0.2821	0.2273	0.1734	0.2758	0.1843	0.2653	0.2831	0.1294	0.4352	0.331
132	0.0983	0.2673	0.263	0.1064	0.2833	0.2271	0.1736	0.2756	0.1842	0.2657	0.2831	0.1294	0.435	0.3308
133	0.099	0.2681	0.2627	0.107	0.2835	0.2261	0.1724	0.275	0.1839	0.2652	0.2829	0.1292	0.4338	0.3305
134	0.0978	0.273	0.2623	0.1067	0.283	0.2254	0.1723	0.2744	0.1838	0.2653	0.2828	0.1294	0.4357	0.331
135	0.0974	0.2698	0.2613	0.1068	0.2818	0.2259	0.1727	0.2744	0.184	0.2657	0.2826	0.1296	0.4358	0.3308
136	0.0968	0.267	0.262	0.1065	0.2826	0.2252	0.173	0.2744	0.184	0.2662	0.2829	0.1296	0.4358	0.331
137	0.0958	0.2699	0.2628	0.1067	0.2833	0.225	0.1729	0.2744	0.1838	0.2664	0.2829	0.1293	0.4357	0.3308
138	0.0952	0.2708	0.2626	0.1069	0.2834	0.2256	0.1732	0.2749	0.1837	0.2658	0.2831	0.1293	0.4362	0.3313
139	0.0948	0.2675	0.2627	0.107	0.2839	0.226	0.1736	0.2756	0.1839	0.2663	0.2835	0.1294	0.4361	0.3316
140	0.0941	0.2718	0.2621	0.1061	0.2841	0.2265	0.1737	0.2764	0.1843	0.2659	0.2841	0.1293	0.436	0.332
141	0.0932	0.2708	0.2626	0.1069	0.2842	0.2264	0.1738	0.276	0.1834	0.2656	0.2833	0.1292	0.4359	0.3317
142	0.0933	0.2702	0.2625	0.1068	0.2834	0.2254	0.1733	0.2748	0.1835	0.2661	0.283	0.1292	0.4359	0.3314
143	0.0923	0.2711	0.2634	0.1077	0.2842	0.2258	0.1739	0.2753	0.1836	0.2666	0.2834	0.1292	0.4362	0.3317
144	0.0923	0.2709	0.2621	0.1073	0.2832	0.2259	0.1743	0.2753	0.1833	0.2658	0.283	0.1291	0.4356	0.3315
145	0.0915	0.2733	0.2616	0.107	0.2835	0.2269	0.175	0.2765	0.1838	0.2666	0.2838	0.1292	0.4365	0.332
146	0.0909	0.2734	0.2611	0.1067	0.2821	0.2257	0.1747	0.2751	0.1837	0.2665	0.2834	0.129	0.4356	0.3314
147	0.0912	0.2764	0.2603	0.1071	0.2813	0.2251	0.1747	0.2743	0.1838	0.2671	0.283	0.1289	0.4355	0.3308
148	0.0901	0.2754	0.262	0.1081	0.2835	0.2251	0.1736	0.275	0.1838	0.2671	0.2838	0.129	0.436	0.3317
149	0.09	0.2711	0.2629	0.1082	0.2838	0.2262	0.1744	0.2757	0.1838	0.2666	0.2835	0.1292	0.4363	0.3318
150	0.0897	0.2758	0.2629	0.1079	0.2837	0.225	0.1731	0.2747	0.1838	0.2666	0.2835	0.1291	0.4368	0.3319
151	0.0887	0.2754	0.2619	0.1084	0.2832	0.2241	0.1726	0.2741	0.1841	0.2669	0.2836	0.1292	0.4368	0.3318
152	0.0876	0.277	0.2608	0.1077	0.2822	0.224	0.1727	0.2737	0.1835	0.2669	0.2831	0.1291	0.4364	0.3313
153	0.0879	0.2761	0.2606	0.1078	0.2822	0.2244	0.1728	0.2742	0.1833	0.2671	0.2833	0.1288	0.4365	0.3315
154	0.0874	0.2812	0.2613	0.1077	0.2824	0.2246	0.1731	0.2741	0.183	0.267	0.283	0.1288	0.4367	0.3314
155	0.087	0.2763	0.2615	0.1071	0.2821	0.2248	0.1739	0.2743	0.1826	0.2661	0.2824	0.1288	0.4368	0.3313
156	0.0858	0.2788	0.2619	0.1078	0.2822	0.2246	0.1734	0.2738	0.1834	0.2675	0.2829	0.1288	0.4367	0.3311
157	0.0853	0.2771	0.2618	0.1077	0.2824	0.2243	0.1733	0.2737	0.1831	0.2676	0.2829	0.1288	0.4367	0.3312
158	0.0848	0.2795	0.2614	0.1073	0.2821	0.2248	0.1746	0.2742	0.1836	0.2687	0.2835	0.1287	0.4368	0.3313
159	0.0849	0.278	0.2623	0.1072	0.2825	0.2254	0.1746	0.2744	0.1831	0.2675	0.2829	0.1285	0.4359	0.3309
160	0.0844	0.2784	0.2625	0.1073	0.2828	0.2245	0.1743	0.2741	0.1834	0.268	0.2833	0.1286	0.4359	0.3311
161	0.0847	0.2802	0.2622	0.1074	0.2826	0.2258	0.1754	0.2751	0.1836	0.2675	0.2834	0.1286	0.436	0.3312
162	0.0842	0.2818	0.2615	0.1077	0.2821	0.2252	0.175	0.2744	0.1835	0.2684	0.2833	0.1284	0.4353	0.3307
163	0.083	0.2825	0.2614	0.1076	0.2822	0.2257	0.175	0.2748	0.1833	0.2673	0.2831	0.1284	0.4357	0.3308
164	0.0837	0.2815	0.2611	0.1071	0.2813	0.2244	0.1743	0.2735	0.1828	0.267	0.2823	0.1283	0.436	0.3305
165	0.0829	0.2811	0.26	0.1076	0.281	0.2243	0.175	0.2737	0.1827	0.2671	0.2823	0.1283	0.4356	0.3304
166	0.0818	0.2858	0.2599	0.1072	0.2804	0.2235	0.1745	0.2729	0.1823	0.2671	0.2819	0.1283	0.4358	0.3303
167	0.0819	0.2809	0.2601	0.1075	0.2805	0.2238	0.1742	0.2729	0.1822	0.2664	0.2816	0.1283	0.4354	0.3302
168	0.0804	0.2846	0.2612	0.1081	0.281	0.2234	0.1744	0.2727	0.1824	0.2661	0.2816	0.1285	0.4368	0.3306
169	0.0801	0.2855	0.2603	0.1074	0.2811	0.2235	0.174	0.2731	0.1824	0.2665	0.282	0.1285	0.4367	0.3309
170	0.0806	0.2855	0.2611	0.1084	0.2816	0.2236	0.1749	0.2734	0.1822	0.2674	0.2823	0.1284	0.4364	0.3309
171	0.0808	0.2846	0.2607	0.1083	0.2803	0.2235	0.1747	0.2724	0.1822	0.2676	0.2816	0.1282	0.4365	0.3302
172	0.0804	0.2885	0.2603	0.1079	0.2802	0.2232	0.1743	0.2724	0.1827	0.268	0.2822	0.1281	0.4367	0.3304
173	0.0801	0.2845	0.2596	0.1081	0.2798	0.2232	0.1748	0.2727	0.1826	0.2675	0.2822	0.128	0.4366	0.3305
174	0.0793	0.2905	0.2605	0.1086	0.281	0.2234	0.1746	0.273	0.1825	0.2677	0.2824	0.128	0.4367	0.3307
175	0.0786	0.2884	0.2597	0.1089	0.28	0.2231	0.174	0.2723	0.1824	0.2683	0.2822	0.1278	0.436	0.3302
176	0.0786	0.2876	0.2603	0.1086	0.2808	0.2228	0.1745	0.2725	0.1821	0.2685	0.2822	0.1277	0.436	0.3302
177	0.078	0.2901	0.2581	0.1076	0.2797	0.2229	0.1747	0.2728	0.1822	0.2689	0.2827	0.1276	0.4355	0.3304
178	0.078	0.2899	0.2594	0.1081	0.2802	0.2231	0.1754	0.2729	0.1822	0.2687	0.2825	0.1274	0.4345	0.3299
179	0.0773	0.2922	0.2596	0.1076	0.2807	0.2237	0.1756	0.2737	0.1824	0.269	0.283	0.1276	0.4354	0.3305
180	0.0772	0.292	0.2595	0.1074	0.2807	0.2239	0.1757	0.2738	0.1824	0.2693	0.2831	0.1277	0.4357	0.3307
181	0.0771	0.2906	0.2597	0.1074	0.2815	0.2239	0.1755	0.2744	0.1821	0.2689	0.2832	0.1276	0.4356	0.3309
182	0.0769	0.2904	0.2595	0.1072	0.282	0.2236	0.1744	0.2742	0.1818	0.2689	0.2832	0.1276	0.4355	0.331
183	0.0757	0.2894	0.2591	0.107	0.2817	0.2232	0.1747	0.2739	0.1819	0.2688	0.2831	0.1278	0.4358	0.331
184	0.0765	0.2905	0.2609	0.1079	0.2823	0.2232	0.175	0.2736	0.1817	0.2686	0.2827	0.1277	0.4359	0.3308
185	0.0752	0.2883	0.2614	0.1078	0.2834	0.2226	0.1742	0.2737	0.1815	0.2682	0.283	0.1278	0.4366	0.3314
186	0.075	0.2941	0.2602	0.1079	0.2823	0.2216	0.173	0.2726	0.1814	0.2682	0.2826	0.1275	0.4358	0.3308
187	0.0749	0.2954	0.2597	0.1078	0.2814	0.2214	0.1735	0.2722	0.1814	0.2684	0.2824	0.1275	0.4354	0.3305
188	0.0747	0.293	0.2598	0.1072	0.282	0.2211	0.1738	0.2726	0.1816	0.2685	0.2829	0.1274	0.435	0.3306
189	0.0752	0.295	0.2606	0.1074	0.2823	0.222	0.1732	0.2727	0.1816	0.2685	0.2825	0.1273	0.4349	0.3302
190	0.0742	0.2929	0.2604	0.1075	0.2821	0.2216	0.1736	0.2724	0.1815	0.2688	0.2825	0.1273	0.4348	0.3301
191	0.0743	0.2957	0.2607	0.1083	0.2822	0.2222	0.174	0.2728	0.1813	0.2681	0.2822	0.1273	0.4351	0.3303
192	0.0741	0.2997	0.2603	0.108	0.2815	0.2211	0.1735	0.2717	0.1812	0.2682	0.2818	0.1271	0.4349	0.3298
193	0.0735	0.297	0.2589	0.1077	0.2804	0.2223	0.1744	0.2724	0.1812	0.2682	0.2818	0.1272	0.4349	0.3298
194	0.0731	0.2961	0.258	0.1074	0.2799	0.2221	0.1739	0.2723	0.1812	0.2689	0.282	0.1273	0.4357	0.3302
195	0.0734	0.3014	0.2577	0.1075	0.2795	0.2214	0.1739	0.2718	0.1812	0.2693	0.282	0.1271	0.4353	0.3298
196	0.0732	0.2998	0.2588	0.1077	0.2806	0.2215	0.174	0.2721	0.1806	0.268	0.2816	0.1271	0.4353	0.33
197	0.072	0.3025	0.2583	0.1071	0.2795	0.2214	0.1739	0.2716	0.1805	0.2675	0.281	0.1269	0.4348	0.3293
198	0.0725	0.3012	0.2587	0.1076	0.2797	0.2206	0.1729	0.2707	0.1805	0.2679	0.281	0.1268	0.434	0.329
199	0.0719	0.3035	0.2603	0.1079	0.2809	0.2207	0.1734	0.2711	0.1808	0.2681	0.2814	0.1268	0.4342	0.3291
200	0.0719	0.3012	0.2585	0.107	0.2793	0.22	0.1729	0.2702	0.1808	0.2685	0.281	0.1266	0.4334	0.3284
201	0.0718	0.3037	0.2582	0.1074	0.2796	0.2193	0.1729	0.2701	0.1808	0.2688	0.2813	0.1267	0.4341	0.3289
202	0.0709	0.3004	0.2578	0.1064	0.2791	0.2198	0.173	0.2703	0.1806	0.2683	0.281	0.1267	0.4339	0.3288
203	0.0711	0.3008	0.2575	0.1063	0.2787	0.2204	0.1729	0.2703	0.1807	0.2681	0.2807	0.1264	0.4328	0.328
204	0.0709	0.3039	0.2584	0.1072	0.2794	0.2203	0.1733	0.2704	0.1806	0.2673	0.2805	0.1264	0.4328	0.328
205	0.0708	0.3049	0.259	0.1076	0.2803	0.2205	0.1734	0.271	0.1803	0.2671	0.2807	0.1264	0.433	0.3284
206	0.0703	0.3055	0.2581	0.1075	0.2798	0.2202	0.1734	0.2709	0.1805	0.2678	0.2811	0.1261	0.4327	0.3283
207	0.0704	0.3049	0.2585	0.1077	0.2799	0.2206	0.1737	0.271	0.1802	0.2673	0.2808	0.126	0.432	0.3281
208	0.0702	0.3043	0.2586	0.1081	0.2801	0.2207	0.1738	0.2712	0.1803	0.268	0.281	0.1261	0.4323	0.3281
209	0.0693	0.3044	0.259	0.1081	0.2804	0.2199	0.1737	0.2708	0.1798	0.2672	0.2806	0.1259	0.4324	0.3281
210	0.0697	0.3078	0.2591	0.1077	0.2806	0.2191	0.1719	0.2701	0.1797	0.2673	0.2805	0.1261	0.4326	0.3282
211	0.0696	0.3051	0.2582	0.1078	0.2797	0.2194	0.1721	0.27	0.1796	0.2671	0.2803	0.126	0.4323	0.3279
212	0.0693	0.3074	0.2584	0.1073	0.2799	0.22	0.1728	0.2706	0.1794	0.2666	0.2802	0.1259	0.4325	0.3281
213	0.0687	0.3027	0.257	0.1071	0.2787	0.2201	0.1729	0.2703	0.1795	0.2667	0.2799	0.1259	0.4327	0.3278
214	0.0693	0.3068	0.2581	0.1075	0.28	0.2196	0.1727	0.2704	0.1795	0.2667	0.2802	0.1257	0.4319	0.3277
215	0.0689	0.3084	0.2567	0.107	0.2786	0.2195	0.1727	0.27	0.1789	0.2661	0.2795	0.1258	0.4318	0.3274
216	0.068	0.3089	0.2556	0.1067	0.2777	0.2199	0.1734	0.2702	0.1792	0.2662	0.2797	0.1258	0.4325	0.3277
217	0.0683	0.3073	0.2552	0.1068	0.277	0.2192	0.1737	0.2695	0.1789	0.2659	0.2791	0.1257	0.4324	0.3272
218	0.0684	0.3076	0.2548	0.1066	0.2765	0.2192	0.1729	0.2691	0.1788	0.266	0.2789	0.1255	0.4314	0.3266
219	0.0675	0.3063	0.2541	0.1069	0.2759	0.2199	0.1743	0.2696	0.1787	0.2661	0.2788	0.1255	0.4323	0.3267
220	0.068	0.3094	0.254	0.1065	0.2761	0.2201	0.1736	0.2699	0.1783	0.2651	0.2786	0.1255	0.4324	0.3271
221	0.067	0.3113	0.2554	0.1067	0.2767	0.2196	0.1742	0.2695	0.178	0.2652	0.2782	0.1255	0.4325	0.3269
222	0.0675	0.308	0.2566	0.1071	0.2781	0.2197	0.1745	0.27	0.1785	0.2658	0.279	0.1253	0.4318	0.327
223	0.0672	0.3134	0.2564	0.1072	0.2778	0.2186	0.1735	0.2691	0.1781	0.2657	0.2786	0.1253	0.4325	0.3269
224	0.0671	0.314	0.2554	0.1071	0.277	0.2186	0.1728	0.2688	0.1781	0.2655	0.2784	0.1253	0.4323	0.3268
225	0.0663	0.3071	0.2549	0.1069	0.2763	0.2177	0.1728	0.268	0.1776	0.2653	0.2778	0.1251	0.4317	0.3262
226	0.067	0.3137	0.2542	0.1066	0.2755	0.2176	0.1724	0.2676	0.178	0.2657	0.2779	0.125	0.4308	0.3257
227	0.0666	0.3139	0.2557	0.1073	0.2767	0.2186	0.1736	0.2685	0.1779	0.2661	0.2781	0.1251	0.4315	0.3261
228	0.0666	0.3124	0.2542	0.1064	0.2756	0.2182	0.1728	0.268	0.178	0.2661	0.278	0.1251	0.4311	0.3259
229	0.0661	0.315	0.2534	0.1065	0.2745	0.2182	0.1727	0.2675	0.178	0.2658	0.2775	0.1248	0.4306	0.3251
230	0.0661	0.314	0.2544	0.107	0.2755	0.2183	0.1721	0.2676	0.1777	0.2656	0.2774	0.1248	0.4305	0.3251
231	0.0657	0.3141	0.2544	0.107	0.2755	0.2183	0.1721	0.2677	0.1773	0.2648	0.277	0.1247	0.4299	0.325
232	0.0658	0.318	0.2531	0.1063	0.2744	0.2178	0.1719	0.2671	0.1776	0.2652	0.277	0.1247	0.4298	0.3247
233	0.0654	0.3198	0.2546	0.1067	0.276	0.2177	0.1718	0.2676	0.1773	0.265	0.2772	0.1247	0.4302	0.3252
234	0.0652	0.3178	0.2541	0.1062	0.2754	0.2176	0.1717	0.2674	0.1775	0.2652	0.2773	0.1248	0.4307	0.3254
235	0.0646	0.3149	0.2539	0.1064	0.2757	0.217	0.1715	0.2672	0.1777	0.2657	0.2777	0.1246	0.43	0.3252
236	0.0646	0.3136	0.2548	0.1065	0.2765	0.2179	0.1723	0.268	0.1775	0.2658	0.2778	0.1246	0.4299	0.3254
237	0.0642	0.3142	0.2534	0.1058	0.2751	0.2184	0.1723	0.268	0.1774	0.2655	0.2774	0.1246	0.4302	0.3252
238	0.0642	0.3182	0.2543	0.1064	0.2756	0.2178	0.1715	0.2674	0.1772	0.2651	0.2771	0.1246	0.4303	0.3252
239	0.0643	0.3191	0.2531	0.1064	0.2738	0.2178	0.172	0.2667	0.177	0.265	0.2764	0.1246	0.4304	0.3247
240	0.0644	0.3154	0.2528	0.1062	0.274	0.2176	0.1718	0.2668	0.1769	0.2648	0.2764	0.1244	0.4295	0.3245
241	0.0641	0.3171	0.2532	0.1065	0.2739	0.2169	0.1711	0.266	0.177	0.2649	0.2763	0.1244	0.4295	0.3243
242	0.0643	0.3175	0.2538	0.1066	0.2747	0.2174	0.1715	0.2666	0.1769	0.2647	0.2764	0.1244	0.4299	0.3245
243	0.0639	0.3167	0.255	0.1067	0.2753	0.2176	0.1721	0.2669	0.177	0.2646	0.2765	0.1244	0.4294	0.3244
244	0.0638	0.3157	0.2533	0.1061	0.2742	0.2173	0.1715	0.2664	0.1769	0.2642	0.2761	0.1243	0.4295	0.3241
245	0.064	0.3228	0.2525	0.1059	0.2734	0.2173	0.1716	0.2663	0.1767	0.2643	0.2759	0.124	0.4287	0.3237
246	0.0633	0.3165	0.2529	0.1061	0.2741	0.2171	0.1711	0.2664	0.1768	0.2634	0.2761	0.1239	0.4284	0.3238
247	0.0633	0.3226	0.2538	0.1065	0.2748	0.2171	0.1714	0.2665	0.1761	0.2628	0.2756	0.124	0.4289	0.324
248	0.063	0.3198	0.2532	0.1064	0.2749	0.2171	0.1721	0.267	0.1762	0.2635	0.2762	0.124	0.4286	0.3242
249	0.0632	0.3197	0.2532	0.1065	0.2741	0.2175	0.1725	0.2668	0.1761	0.2639	0.2757	0.1239	0.428	0.3236
250	0.0631	0.3207	0.2531	0.1067	0.2738	0.2169	0.1719	0.2662	0.1762	0.2639	0.2756	0.1239	0.4285	0.3236
251	0.0631	0.3256	0.254	0.1069	0.2746	0.2167	0.1717	0.2662	0.1762	0.2631	0.2755	0.124	0.4284	0.3236
252	0.0628	0.3243	0.2535	0.1068	0.2747	0.2171	0.1719	0.2667	0.1761	0.263	0.2756	0.1242	0.4289	0.324
253	0.0625	0.3172	0.2526	0.1059	0.2736	0.2168	0.1717	0.2662	0.176	0.263	0.2753	0.124	0.4281	0.3234
254	0.0623	0.3226	0.2523	0.1051	0.2732	0.2161	0.171	0.2655	0.1761	0.2634	0.2752	0.1239	0.4278	0.323
255	0.0623	0.325	0.2528	0.1056	0.2735	0.2158	0.1708	0.2652	0.1759	0.2632	0.2751	0.1238	0.4279	0.323
256	0.0627	0.3207	0.2519	0.1051	0.2726	0.2157	0.1708	0.265	0.176	0.2634	0.2751	0.1237	0.4275	0.3228
257	0.0618	0.3239	0.2528	0.1058	0.2735	0.2159	0.1706	0.2652	0.1756	0.2625	0.2748	0.1237	0.4273	0.3229
258	0.0614	0.324	0.2524	0.1055	0.2731	0.2151	0.1707	0.2647	0.1757	0.2622	0.2747	0.1235	0.4271	0.3226
259	0.0621	0.3236	0.2522	0.1054	0.2724	0.2159	0.172	0.265	0.1753	0.2623	0.2742	0.1237	0.4279	0.3226
260	0.0618	0.3211	0.252	0.106	0.2729	0.2152	0.1712	0.265	0.1752	0.2616	0.2744	0.1234	0.4271	0.3227
261	0.0623	0.3244	0.2509	0.1053	0.2723	0.2152	0.1707	0.2648	0.1752	0.2618	0.2743	0.1235	0.4272	0.3226
262	0.0614	0.3209	0.252	0.1057	0.2733	0.2156	0.1705	0.2653	0.1752	0.262	0.2746	0.1235	0.4274	0.3227
263	0.0604	0.3261	0.2521	0.1056	0.2732	0.2158	0.1711	0.2653	0.1758	0.2626	0.2749	0.1235	0.4273	0.3227
264	0.061	0.3284	0.2515	0.1051	0.2728	0.2152	0.1704	0.2649	0.1758	0.2626	0.275	0.1237	0.4269	0.3228
265	0.061	0.3266	0.2513	0.1053	0.2731	0.2149	0.17	0.2649	0.1753	0.2623	0.2747	0.1235	0.4273	0.3228
266	0.0612	0.3251	0.2509	0.1051	0.2725	0.2151	0.1696	0.2647	0.1753	0.262	0.2745	0.1235	0.4268	0.3224
267	0.0608	0.3242	0.2515	0.1048	0.2731	0.2151	0.1698	0.2648	0.1749	0.2608	0.2741	0.1235	0.4271	0.3226
268	0.0605	0.3294	0.2526	0.1052	0.2732	0.2144	0.1696	0.264	0.1751	0.2611	0.2738	0.1234	0.4268	0.3221
269	0.0604	0.3277	0.2512	0.1046	0.2723	0.2145	0.1698	0.2641	0.1754	0.2623	0.2742	0.1234	0.4271	0.3221
270	0.061	0.3276	0.2516	0.1055	0.2727	0.2149	0.1697	0.2644	0.1754	0.2618	0.2743	0.1234	0.4274	0.3223
271	0.0604	0.327	0.2517	0.1054	0.2729	0.2136	0.169	0.2637	0.1752	0.2616	0.2742	0.1234	0.4273	0.3223
272	0.0606	0.327	0.2511	0.1052	0.2723	0.2138	0.1691	0.2635	0.1745	0.2609	0.2733	0.1232	0.4271	0.3218
273	0.0599	0.3294	0.2513	0.1053	0.272	0.2141	0.169	0.2633	0.1751	0.2614	0.2735	0.1231	0.4263	0.3213
274	0.0602	0.3285	0.2502	0.1049	0.2711	0.2133	0.1685	0.2626	0.1744	0.2604	0.2727	0.1231	0.4268	0.3211
275	0.0597	0.327	0.2503	0.1048	0.2717	0.2136	0.1685	0.2632	0.1744	0.2607	0.273	0.123	0.4267	0.3212
276	0.0598	0.3301	0.2512	0.1053	0.2724	0.2148	0.1693	0.264	0.1745	0.261	0.2733	0.1229	0.4261	0.3212
277	0.0596	0.3299	0.2504	0.1045	0.2713	0.2147	0.1695	0.2636	0.1746	0.2606	0.2727	0.123	0.4264	0.3208
278	0.06	0.334	0.2487	0.104	0.2704	0.2141	0.169	0.2631	0.1746	0.2604	0.2726	0.1229	0.4263	0.3206
279	0.0591	0.3328	0.2499	0.1045	0.2707	0.2137	0.169	0.2625	0.1742	0.2602	0.2721	0.1229	0.426	0.3203
280	0.0597	0.3314	0.2502	0.1046	0.2718	0.2135	0.169	0.2631	0.1741	0.2598	0.2725	0.1228	0.4259	0.3207
281	0.0594	0.3311	0.2503	0.1049	0.2712	0.214	0.1695	0.263	0.1744	0.2604	0.2725	0.1227	0.4256	0.3203
282	0.0594	0.3306	0.25	0.1051	0.2705	0.2133	0.1692	0.2622	0.1741	0.2605	0.2721	0.1229	0.4261	0.3202
283	0.0597	0.3297	0.2489	0.1047	0.2695	0.2136	0.1696	0.2621	0.1736	0.2599	0.2714	0.1226	0.4249	0.3195
284	0.0586	0.3359	0.2507	0.1052	0.2712	0.2132	0.1692	0.2623	0.1736	0.2598	0.2717	0.1224	0.4242	0.3195
285	0.0591	0.336	0.2494	0.1051	0.2698	0.2128	0.1693	0.2615	0.1732	0.259	0.2709	0.1225	0.4246	0.3192
286	0.0585	0.3321	0.2479	0.1044	0.2688	0.2129	0.1691	0.2614	0.1729	0.2589	0.2705	0.1225	0.4243	0.3189
287	0.0592	0.337	0.2478	0.1043	0.2691	0.2125	0.1688	0.2615	0.1729	0.2592	0.2708	0.1224	0.4233	0.3189
288	0.0589	0.33	0.2478	0.104	0.2691	0.2128	0.1685	0.2616	0.1731	0.2591	0.2709	0.1222	0.4238	0.319
289	0.0586	0.3342	0.2484	0.1046	0.2694	0.2129	0.1688	0.2617	0.173	0.2589	0.2708	0.1223	0.4241	0.3191
290	0.0582	0.3391	0.2468	0.1038	0.2685	0.2129	0.1689	0.2617	0.1729	0.259	0.2707	0.1222	0.4243	0.319
291	0.0586	0.3352	0.2486	0.1048	0.2699	0.2128	0.1694	0.2621	0.1731	0.2587	0.2711	0.1222	0.4239	0.3192
292	0.0586	0.337	0.2489	0.1049	0.27	0.2133	0.1694	0.2624	0.173	0.259	0.2712	0.1221	0.4235	0.3192
293	0.0579	0.3346	0.249	0.1047	0.2701	0.2129	0.1695	0.2622	0.1732	0.2594	0.2715	0.1222	0.4242	0.3194
294	0.0585	0.3343	0.2493	0.1043	0.2696	0.2121	0.1696	0.2613	0.1733	0.26	0.2711	0.122	0.4234	0.3186
295	0.0581	0.3349	0.2483	0.1043	0.2691	0.2117	0.1689	0.2609	0.173	0.2598	0.2709	0.1221	0.4233	0.3185
296	0.0582	0.3392	0.2493	0.1041	0.2703	0.2121	0.1686	0.2615	0.1734	0.2603	0.2716	0.1222	0.4233	0.319
297	0.0579	0.3385	0.2483	0.1039	0.2691	0.2122	0.1686	0.2612	0.1734	0.2601	0.2712	0.1223	0.424	0.3189
298	0.0578	0.3371	0.248	0.1038	0.2695	0.2123	0.1687	0.2618	0.1736	0.2599	0.2718	0.122	0.4233	0.319
299	0.0575	0.3387	0.2483	0.1042	0.2695	0.2118	0.1685	0.2612	0.1735	0.2595	0.2714	0.122	0.4232	0.3187
300	0.0576	0.3396	0.2477	0.1043	0.2687	0.2121	0.1688	0.2611	0.1731	0.2591	0.2708	0.1218	0.4231	0.3183
301	0.0573	0.3344	0.2477	0.1043	0.2682	0.2113	0.1683	0.2602	0.1731	0.2596	0.2706	0.1217	0.4231	0.318
302	0.0572	0.3389	0.2476	0.104	0.2681	0.2112	0.1676	0.2598	0.1727	0.2585	0.27	0.1215	0.4223	0.3175
303	0.0578	0.3392	0.248	0.1044	0.2687	0.211	0.1679	0.2601	0.1727	0.2584	0.2702	0.1216	0.4217	0.3177
304	0.0573	0.3395	0.2465	0.1035	0.2675	0.2113	0.1686	0.2602	0.1724	0.2586	0.2699	0.1215	0.4214	0.3174
305	0.057	0.3383	0.246	0.1032	0.2672	0.2107	0.1681	0.2597	0.1723	0.2579	0.2696	0.1215	0.422	0.3174
306	0.0571	0.3445	0.247	0.1036	0.268	0.2106	0.1678	0.2598	0.1729	0.2585	0.2701	0.1216	0.4221	0.3176
307	0.057	0.3402	0.2461	0.1031	0.2672	0.21	0.1674	0.2591	0.1725	0.2584	0.2697	0.1215	0.4217	0.3171
308	0.0574	0.3393	0.2463	0.1029	0.2668	0.2101	0.1672	0.2589	0.1725	0.2585	0.2696	0.1215	0.4223	0.3172
309	0.057	0.341	0.2462	0.1033	0.2667	0.2097	0.1674	0.2586	0.1721	0.2585	0.2692	0.1214	0.4219	0.317
310	0.0566	0.3468	0.2452	0.1032	0.2659	0.21	0.1674	0.2586	0.1718	0.2584	0.2689	0.1213	0.422	0.3166
311	0.0568	0.3394	0.2465	0.1032	0.2669	0.2102	0.1679	0.2591	0.1718	0.2585	0.2692	0.1212	0.421	0.3167
312	0.0563	0.3393	0.2464	0.1035	0.2671	0.2099	0.1671	0.2588	0.172	0.2589	0.2693	0.1211	0.4213	0.3166
313	0.0564	0.339	0.2451	0.1031	0.266	0.2105	0.1679	0.2591	0.1714	0.2585	0.2688	0.121	0.4207	0.3163
314	0.0564	0.3393	0.2473	0.1035	0.2676	0.21	0.1678	0.259	0.1715	0.2574	0.2688	0.1211	0.4212	0.3166
315	0.0564	0.3468	0.2469	0.1034	0.2673	0.2099	0.168	0.2589	0.1714	0.2573	0.2687	0.121	0.4208	0.3164
316	0.0564	0.3453	0.2466	0.1037	0.2671	0.2103	0.1679	0.2589	0.1712	0.2569	0.2683	0.121	0.4207	0.3162
317	0.0564	0.3466	0.246	0.1031	0.2661	0.2108	0.1685	0.2589	0.1709	0.2566	0.2677	0.1211	0.421	0.316
318	0.0561	0.3418	0.2465	0.1035	0.2667	0.2107	0.1683	0.2591	0.1708	0.2567	0.268	0.1211	0.4213	0.3164
319	0.0561	0.3456	0.2458	0.1032	0.2665	0.211	0.1687	0.2595	0.1708	0.2569	0.2681	0.1211	0.4211	0.3163
320	0.0559	0.3442	0.2465	0.1033	0.2671	0.2109	0.1687	0.2596	0.1707	0.257	0.2682	0.1211	0.4206	0.3162
321	0.0559	0.346	0.2459	0.1032	0.2668	0.2105	0.1681	0.2594	0.1705	0.2567	0.2681	0.121	0.4206	0.3164
322	0.0564	0.3463	0.2463	0.103	0.2668	0.2109	0.1689	0.2596	0.1707	0.2569	0.2681	0.1209	0.4212	0.3162
323	0.0557	0.3468	0.2463	0.1035	0.2672	0.2107	0.1693	0.2598	0.1705	0.2566	0.2682	0.1206	0.4206	0.3162
324	0.0554	0.3461	0.2458	0.1034	0.2664	0.2103	0.1683	0.2591	0.1706	0.2568	0.2679	0.1206	0.4208	0.3159
325	0.0555	0.3459	0.2461	0.1034	0.2668	0.2108	0.1684	0.2594	0.1705	0.2567	0.2679	0.1205	0.4199	0.3156
326	0.0557	0.3483	0.2464	0.1038	0.2669	0.2107	0.1682	0.2592	0.1705	0.257	0.2679	0.1205	0.4204	0.3156
327	0.0556	0.3493	0.246	0.1036	0.266	0.2102	0.1682	0.2584	0.1703	0.2564	0.2672	0.1203	0.4203	0.3151
328	0.056	0.348	0.2449	0.1027	0.2652	0.2107	0.1683	0.2586	0.1703	0.2557	0.2669	0.1206	0.4209	0.3153
329	0.0558	0.3502	0.2449	0.1028	0.2648	0.2092	0.1674	0.2574	0.1698	0.2554	0.2663	0.1203	0.4202	0.3147
330	0.0557	0.3423	0.2441	0.1029	0.2644	0.2097	0.1678	0.2578	0.1701	0.256	0.2667	0.1204	0.4203	0.3148
331	0.056	0.3482	0.2447	0.1038	0.2652	0.2091	0.167	0.2576	0.1705	0.2564	0.2672	0.1204	0.4199	0.3149
332	0.056	0.345	0.2453	0.1036	0.2654	0.2089	0.167	0.2573	0.17	0.256	0.2667	0.1203	0.4198	0.3147
333	0.0554	0.3551	0.2456	0.1036	0.2656	0.2093	0.1673	0.2575	0.1698	0.2558	0.2664	0.1203	0.4204	0.3147
334	0.0553	0.3466	0.2455	0.1033	0.2658	0.2093	0.1672	0.2577	0.1697	0.2556	0.2665	0.1204	0.4201	0.3148
335	0.055	0.3507	0.2454	0.1027	0.2654	0.2087	0.1664	0.257	0.1696	0.2556	0.2661	0.1203	0.4198	0.3143
336	0.0549	0.3506	0.2454	0.1027	0.2656	0.2089	0.1668	0.2573	0.1693	0.2548	0.2658	0.1204	0.4199	0.3145
337	0.055	0.3553	0.2451	0.1032	0.2653	0.2091	0.167	0.2574	0.1693	0.2555	0.266	0.1203	0.4195	0.3145
338	0.0551	0.3486	0.2456	0.1035	0.2656	0.2083	0.167	0.2569	0.1692	0.255	0.2657	0.1204	0.42	0.3144
339	0.0547	0.3507	0.2452	0.1029	0.2648	0.2084	0.1671	0.2567	0.1691	0.2547	0.2653	0.1204	0.4203	0.3141
340	0.055	0.3502	0.2453	0.1032	0.2648	0.2093	0.1678	0.2573	0.1694	0.2549	0.2656	0.1203	0.4196	0.314
341	0.0545	0.3508	0.2458	0.1032	0.2654	0.2095	0.1673	0.2575	0.1694	0.2549	0.2657	0.1203	0.4201	0.3142
342	0.0548	0.349	0.2456	0.1034	0.2655	0.2086	0.1668	0.257	0.169	0.2544	0.2655	0.1203	0.4203	0.3144
343	0.0545	0.3514	0.2445	0.1028	0.2648	0.2087	0.1667	0.2571	0.169	0.2543	0.2655	0.1203	0.4203	0.3144
344	0.0547	0.3499	0.2455	0.1035	0.2659	0.2089	0.1664	0.2575	0.1694	0.255	0.2663	0.1203	0.4203	0.3148
345	0.0545	0.3561	0.2441	0.103	0.2653	0.2091	0.1672	0.258	0.1696	0.2551	0.2666	0.1202	0.4198	0.3147
346	0.0543	0.3544	0.2439	0.1027	0.2653	0.2092	0.1669	0.258	0.1699	0.2559	0.2669	0.1202	0.4198	0.3147
347	0.0543	0.3503	0.2446	0.1034	0.2652	0.2093	0.1672	0.2577	0.1693	0.2553	0.2662	0.12	0.4198	0.3144
348	0.0545	0.353	0.2444	0.103	0.2652	0.2095	0.1673	0.258	0.1696	0.2556	0.2666	0.1201	0.4194	0.3145
349	0.0542	0.3509	0.245	0.1028	0.2661	0.209	0.1666	0.2582	0.1693	0.2552	0.2666	0.12	0.4196	0.3146
350	0.0547	0.3495	0.2443	0.103	0.2653	0.2092	0.1667	0.2579	0.1691	0.2549	0.2661	0.1201	0.4197	0.3144
351	0.0543	0.3542	0.2437	0.1031	0.2649	0.2087	0.1664	0.2574	0.1684	0.2544	0.2655	0.1198	0.4186	0.3138
352	0.0539	0.3584	0.2438	0.1032	0.2651	0.2086	0.1665	0.2574	0.1684	0.2536	0.2652	0.1199	0.4187	0.3138
353	0.0546	0.3504	0.2434	0.1028	0.2642	0.2083	0.166	0.2565	0.1688	0.2534	0.265	0.1198	0.4184	0.3133
354	0.0541	0.3519	0.243	0.1024	0.2642	0.2082	0.1665	0.2569	0.1686	0.2536	0.2652	0.1198	0.4183	0.3135
355	0.0544	0.3476	0.2422	0.1024	0.2639	0.208	0.1661	0.2567	0.1688	0.2543	0.2654	0.1197	0.4176	0.3133
356	0.0536	0.3513	0.243	0.1025	0.2642	0.2077	0.1659	0.2564	0.1687	0.2542	0.2652	0.1197	0.418	0.3133
357	0.0537	0.3529	0.2423	0.1019	0.2633	0.2073	0.166	0.256	0.1688	0.2545	0.2652	0.1197	0.4178	0.3131
358	0.0544	0.3549	0.243	0.1021	0.264	0.2083	0.1667	0.2568	0.1686	0.2546	0.2652	0.1197	0.4178	0.3132
359	0.0539	0.3559	0.2437	0.1033	0.2645	0.2078	0.1661	0.2564	0.1687	0.2556	0.2655	0.1196	0.4177	0.3131
360	0.0533	0.3609	0.2421	0.1026	0.2636	0.2076	0.1659	0.2562	0.1684	0.2549	0.2651	0.1197	0.4185	0.3132
361	0.054	0.3546	0.2419	0.1023	0.2632	0.2074	0.1658	0.2559	0.1683	0.254	0.2646	0.1198	0.4185	0.313
362	0.0538	0.3608	0.2424	0.1028	0.2632	0.2072	0.166	0.2556	0.1682	0.2541	0.2645	0.1197	0.4189	0.313
363	0.0536	0.3577	0.2424	0.1028	0.264	0.2071	0.1658	0.2562	0.1681	0.2536	0.2648	0.1196	0.4176	0.3131
364	0.0539	0.3575	0.2425	0.1029	0.2634	0.2064	0.1655	0.2551	0.1678	0.2537	0.2642	0.1194	0.4174	0.3124
365	0.0537	0.3565	0.2416	0.1027	0.2626	0.2067	0.1653	0.255	0.1677	0.2533	0.2639	0.1192	0.4172	0.3121
366	0.0535	0.3561	0.2417	0.1028	0.2629	0.207	0.1655	0.2554	0.1678	0.2537	0.2642	0.1191	0.4172	0.3123
367	0.0531	0.3571	0.2414	0.1023	0.2634	0.2074	0.1656	0.2563	0.1679	0.2539	0.2649	0.1192	0.4174	0.3129
368	0.0534	0.359	0.2412	0.1024	0.2632	0.207	0.1655	0.2559	0.1677	0.2533	0.2645	0.1192	0.417	0.3126
369	0.0532	0.3599	0.2414	0.1023	0.2635	0.2066	0.1655	0.2557	0.1674	0.2534	0.2644	0.1191	0.4165	0.3125
370	0.0539	0.3603	0.2423	0.1024	0.2638	0.207	0.1658	0.2559	0.1676	0.2533	0.2644	0.1191	0.4165	0.3124
371	0.053	0.3564	0.2428	0.1024	0.2635	0.2066	0.1656	0.2553	0.1675	0.2532	0.2641	0.1192	0.4166	0.3123
372	0.0531	0.3577	0.243	0.1026	0.2639	0.2067	0.1654	0.2554	0.1673	0.2527	0.2637	0.1194	0.4177	0.3125
373	0.0527	0.354	0.2442	0.1032	0.2645	0.2067	0.1651	0.2552	0.1673	0.2528	0.2637	0.1194	0.4174	0.3124
374	0.0532	0.3611	0.2442	0.1033	0.2644	0.2068	0.1659	0.2554	0.1673	0.2534	0.2638	0.1193	0.4172	0.3123
375	0.053	0.3544	0.2433	0.1027	0.2641	0.2066	0.1655	0.2554	0.1669	0.2526	0.2636	0.1193	0.417	0.3124
376	0.0528	0.3563	0.2426	0.1028	0.2633	0.2065	0.1652	0.2549	0.1673	0.2529	0.2637	0.1192	0.4168	0.3121
377	0.0528	0.3617	0.2428	0.1024	0.2636	0.2065	0.1655	0.2552	0.1672	0.2519	0.2636	0.1193	0.4176	0.3125
378	0.0527	0.3647	0.2424	0.1022	0.263	0.2059	0.1647	0.2544	0.1672	0.2523	0.2634	0.1193	0.4167	0.3121
379	0.0531	0.3617	0.2422	0.1023	0.2637	0.2054	0.1644	0.2546	0.167	0.252	0.2637	0.1191	0.4163	0.3122
380	0.0526	0.364	0.2417	0.1021	0.2636	0.2061	0.1651	0.2554	0.1672	0.2521	0.264	0.119	0.4161	0.3124
381	0.0526	0.3621	0.2412	0.1019	0.2626	0.2059	0.1645	0.2546	0.1673	0.2526	0.2637	0.119	0.4156	0.3118
382	0.0526	0.3624	0.2404	0.1014	0.2619	0.2058	0.1652	0.2545	0.1671	0.253	0.2636	0.1188	0.415	0.3115
383	0.0523	0.3624	0.2403	0.1015	0.2622	0.2054	0.1648	0.2545	0.167	0.2529	0.2636	0.1189	0.4155	0.3118
384	0.0529	0.3655	0.2409	0.1019	0.2624	0.2049	0.1645	0.254	0.1671	0.253	0.2635	0.1188	0.4152	0.3115
385	0.0527	0.3642	0.2408	0.1019	0.2621	0.2048	0.1643	0.2536	0.1668	0.2525	0.2631	0.1188	0.4149	0.3112
386	0.0524	0.3602	0.2405	0.1015	0.2616	0.2047	0.1643	0.2534	0.1668	0.2523	0.2628	0.1188	0.4157	0.3111
387	0.0523	0.3664	0.2385	0.1011	0.2599	0.2039	0.1632	0.2523	0.1666	0.2523	0.2624	0.1186	0.4147	0.3105
388	0.0525	0.3674	0.2383	0.1006	0.2595	0.2039	0.1631	0.2522	0.1661	0.2514	0.2617	0.1185	0.415	0.3102
389	0.0522	0.3625	0.2385	0.101	0.2602	0.2037	0.1627	0.2522	0.1665	0.2527	0.2624	0.1187	0.4153	0.3105
390	0.0523	0.364	0.239	0.1009	0.2601	0.2043	0.1631	0.2524	0.1666	0.2526	0.2622	0.1187	0.415	0.3103
391	0.052	0.3637	0.2383	0.1007	0.2597	0.2047	0.1634	0.2526	0.1667	0.2527	0.2623	0.1186	0.4152	0.3103
392	0.052	0.364	0.2379	0.1005	0.2594	0.2045	0.1635	0.2525	0.1662	0.2524	0.262	0.1184	0.4149	0.31
393	0.0524	0.3641	0.2369	0.1003	0.2593	0.2046	0.1638	0.253	0.1664	0.2524	0.2624	0.1184	0.415	0.3104
394	0.0521	0.3634	0.2377	0.1001	0.2602	0.2039	0.1634	0.2528	0.1663	0.2523	0.2625	0.1184	0.4143	0.3104
395	0.0517	0.363	0.2376	0.1006	0.2602	0.204	0.1634	0.253	0.1662	0.2522	0.2625	0.1183	0.4139	0.3103
396	0.0519	0.3591	0.238	0.1007	0.2601	0.205	0.1641	0.2535	0.1663	0.2519	0.2624	0.1182	0.4137	0.3102
397	0.0517	0.3635	0.2388	0.1014	0.2606	0.2052	0.1644	0.2537	0.1661	0.252	0.2624	0.1183	0.414	0.3105
398	0.0519	0.3669	0.2382	0.1009	0.2604	0.2054	0.1649	0.254	0.1655	0.2514	0.262	0.1182	0.4143	0.3105
399	0.0513	0.3647	0.2382	0.1006	0.2604	0.2046	0.1639	0.2533	0.1656	0.2515	0.2621	0.1183	0.4141	0.3104
400	0.0518	0.3652	0.2372	0.0999	0.2594	0.2043	0.1637	0.2529	0.1658	0.2516	0.2619	0.1181	0.4134	0.3099
401	0.0517	0.3625	0.2394	0.1013	0.2609	0.2044	0.1639	0.2531	0.1653	0.2515	0.2617	0.118	0.4136	0.3099
402	0.0522	0.3691	0.2391	0.1014	0.2612	0.2043	0.1635	0.2533	0.1653	0.2511	0.2619	0.1181	0.4136	0.3103
403	0.0522	0.3647	0.2382	0.1009	0.2607	0.2041	0.1631	0.2531	0.1655	0.2519	0.2622	0.1181	0.4138	0.3103
404	0.0517	0.366	0.239	0.1011	0.2612	0.2046	0.1634	0.2534	0.1656	0.2516	0.2622	0.118	0.4136	0.3102
405	0.052	0.3658	0.239	0.1012	0.2616	0.2049	0.1638	0.254	0.1656	0.2515	0.2623	0.1179	0.4128	0.31
406	0.0522	0.3717	0.2393	0.1014	0.2618	0.2053	0.1641	0.2543	0.1657	0.2518	0.2626	0.118	0.4132	0.3104
407	0.0515	0.3662	0.2382	0.1009	0.2608	0.2053	0.1644	0.2541	0.1659	0.2522	0.2627	0.1179	0.4128	0.3102
408	0.0519	0.3663	0.2393	0.101	0.2613	0.2053	0.1648	0.2541	0.1658	0.2528	0.2627	0.1179	0.4127	0.31
409	0.0521	0.3683	0.2385	0.1009	0.2608	0.205	0.1639	0.2538	0.1656	0.2524	0.2625	0.1179	0.4123	0.31
410	0.0516	0.369	0.2388	0.101	0.2609	0.2042	0.1637	0.253	0.1653	0.252	0.2619	0.1176	0.4114	0.3093
411	0.0518	0.3676	0.2398	0.1009	0.2614	0.2039	0.1638	0.2529	0.165	0.2517	0.2617	0.1175	0.4109	0.3091
412	0.0518	0.3667	0.2379	0.1005	0.2597	0.2038	0.1635	0.2524	0.1651	0.2512	0.2614	0.1176	0.411	0.3089
413	0.0515	0.3714	0.2379	0.1005	0.2605	0.2034	0.1629	0.2526	0.1651	0.2512	0.2617	0.1175	0.4111	0.3093
414	0.0514	0.3662	0.2378	0.1008	0.2602	0.2027	0.1621	0.2518	0.1652	0.2514	0.2617	0.1175	0.4108	0.309
415	0.0516	0.3698	0.2383	0.101	0.2603	0.2029	0.1624	0.2519	0.1648	0.2512	0.2612	0.1174	0.4112	0.3088
416	0.0515	0.3696	0.2382	0.101	0.2605	0.2023	0.1626	0.2517	0.1647	0.2513	0.2613	0.1174	0.411	0.3089
417	0.0512	0.3683	0.2385	0.1011	0.2605	0.2028	0.1625	0.2519	0.1651	0.252	0.2616	0.1174	0.4114	0.3089
418	0.0515	0.3746	0.2397	0.1014	0.2612	0.2021	0.162	0.2513	0.1648	0.2512	0.2612	0.1172	0.411	0.3087
419	0.051	0.3691	0.24	0.1015	0.2619	0.2021	0.1619	0.2517	0.1648	0.251	0.2615	0.1172	0.4111	0.3089
420	0.0511	0.3707	0.2408	0.1018	0.2624	0.2028	0.1624	0.2523	0.1647	0.2512	0.2615	0.1172	0.4106	0.3088
421	0.0513	0.3721	0.2405	0.1012	0.2616	0.2026	0.1624	0.2517	0.1645	0.251	0.261	0.1173	0.411	0.3086
422	0.0513	0.3727	0.2394	0.1006	0.2616	0.2018	0.1621	0.2516	0.165	0.2518	0.2617	0.1173	0.4116	0.309
423	0.0515	0.3704	0.2386	0.1004	0.2603	0.2022	0.1626	0.2513	0.1645	0.2514	0.2609	0.1172	0.4114	0.3085
424	0.0512	0.3697	0.2384	0.1003	0.2602	0.202	0.1623	0.2513	0.1644	0.2511	0.2609	0.1171	0.4109	0.3084
425	0.0511	0.3747	0.2374	0.0995	0.2593	0.2012	0.1622	0.2506	0.1646	0.2513	0.2609	0.1172	0.4112	0.3084
426	0.0505	0.3716	0.2377	0.0999	0.2594	0.2012	0.1616	0.2504	0.1644	0.2511	0.2605	0.1171	0.4112	0.3081
427	0.0511	0.3699	0.2376	0.1	0.259	0.2015	0.1617	0.2503	0.1644	0.2504	0.2602	0.117	0.4108	0.3077
428	0.0509	0.3725	0.2375	0.0997	0.2593	0.2011	0.1615	0.2503	0.1641	0.2502	0.2602	0.117	0.4104	0.3078
429	0.0514	0.3784	0.2381	0.1001	0.2596	0.2018	0.1617	0.2507	0.1639	0.2497	0.2599	0.1171	0.4106	0.3078
430	0.0506	0.3738	0.2372	0.1	0.2592	0.2015	0.1621	0.2507	0.1639	0.2496	0.2599	0.1169	0.4097	0.3075
431	0.0505	0.3705	0.2371	0.0993	0.2589	0.2014	0.1618	0.2504	0.1638	0.2498	0.2597	0.1169	0.4101	0.3074
432	0.0505	0.3717	0.2375	0.0999	0.2594	0.2014	0.1615	0.2505	0.1638	0.2502	0.26	0.117	0.4107	0.3077
433	0.0509	0.3723	0.2372	0.0998	0.2588	0.2014	0.1615	0.2503	0.164	0.2502	0.2598	0.1171	0.411	0.3076
434	0.0506	0.3637	0.2374	0.0999	0.2591	0.2011	0.1615	0.2501	0.1635	0.2491	0.2593	0.1169	0.4101	0.3072
435	0.0506	0.3779	0.2379	0.1001	0.2588	0.2012	0.1617	0.2498	0.1633	0.2494	0.259	0.117	0.4109	0.3072
436	0.0512	0.3759	0.2378	0.0997	0.2587	0.2011	0.1615	0.2496	0.1634	0.2491	0.2588	0.1167	0.4099	0.3066
437	0.0505	0.3755	0.2379	0.0999	0.2592	0.2011	0.1616	0.25	0.1636	0.2493	0.2592	0.1167	0.4094	0.3067
438	0.0508	0.3762	0.2385	0.1004	0.2598	0.2007	0.1613	0.2499	0.1637	0.2495	0.2595	0.1166	0.4096	0.3068
439	0.0504	0.374	0.2378	0.1003	0.2593	0.2012	0.1618	0.2501	0.1638	0.2495	0.2595	0.1167	0.4098	0.3069
440	0.0503	0.3732	0.2372	0.1	0.2589	0.201	0.1614	0.25	0.1637	0.2495	0.2594	0.1167	0.4091	0.3067
441	0.0505	0.3764	0.2369	0.0999	0.2584	0.2009	0.1617	0.2498	0.1638	0.2499	0.2594	0.1168	0.4094	0.3068
442	0.0507	0.3758	0.2367	0.1002	0.2581	0.2011	0.1618	0.2498	0.1634	0.2497	0.2591	0.1167	0.4095	0.3067
443	0.0502	0.3762	0.2367	0.1005	0.2574	0.2009	0.162	0.2491	0.1636	0.2501	0.2587	0.1166	0.4092	0.306
444	0.0505	0.3776	0.2365	0.1001	0.2577	0.2006	0.1613	0.2491	0.1631	0.2492	0.2585	0.1165	0.4092	0.3061
445	0.0505	0.377	0.2357	0.1001	0.2571	0.2001	0.161	0.2486	0.1632	0.2493	0.2584	0.1165	0.4095	0.3061
446	0.0507	0.3796	0.2361	0.1	0.2574	0.1999	0.1611	0.2486	0.1635	0.2499	0.2588	0.1163	0.4095	0.3059
447	0.0503	0.3749	0.2362	0.1002	0.2578	0.2004	0.1618	0.2492	0.1632	0.2494	0.2586	0.1162	0.4091	0.3059
448	0.05	0.3769	0.237	0.1005	0.2585	0.2007	0.1618	0.2495	0.1633	0.2495	0.2588	0.1164	0.4092	0.3062
449	0.0501	0.3709	0.2373	0.1013	0.2588	0.2006	0.1618	0.2495	0.1632	0.2496	0.2589	0.1163	0.4085	0.3061
450	0.0502	0.3797	0.2381	0.1014	0.2586	0.2008	0.1617	0.2491	0.1633	0.2497	0.2585	0.1163	0.4088	0.3058
451	0.0502	0.3755	0.2367	0.1009	0.2578	0.2002	0.1612	0.2487	0.1634	0.2496	0.2586	0.1164	0.4094	0.3059
452	0.0502	0.3769	0.2365	0.1006	0.2575	0.2	0.1613	0.2485	0.1635	0.2498	0.2584	0.1164	0.4089	0.3054
453	0.0498	0.3751	0.2364	0.1002	0.2568	0.2003	0.1616	0.2483	0.1636	0.2493	0.2579	0.1164	0.4088	0.305
454	0.0503	0.3806	0.2366	0.1005	0.2571	0.2004	0.1615	0.2484	0.1634	0.2492	0.2579	0.1163	0.4085	0.3049
455	0.05	0.3756	0.2365	0.1	0.2573	0.2002	0.1612	0.2485	0.1633	0.249	0.258	0.1164	0.4092	0.3053
456	0.0499	0.3795	0.2358	0.0998	0.2566	0.2	0.161	0.2482	0.163	0.2483	0.2575	0.1163	0.4086	0.3051
457	0.0506	0.3806	0.2354	0.1001	0.2565	0.2001	0.1608	0.2481	0.1631	0.2487	0.2577	0.1164	0.4088	0.3053
458	0.0498	0.376	0.2354	0.0995	0.2561	0.2002	0.1607	0.2479	0.1627	0.2477	0.257	0.1164	0.4088	0.305
459	0.0502	0.3829	0.2369	0.0996	0.2576	0.2008	0.1616	0.2489	0.1626	0.2477	0.2573	0.1165	0.4092	0.3055
460	0.0498	0.3792	0.2367	0.0994	0.257	0.2013	0.1624	0.2491	0.1627	0.2479	0.2574	0.1165	0.4088	0.3054
461	0.0494	0.3735	0.2361	0.0995	0.2573	0.2013	0.162	0.2495	0.1623	0.2474	0.2574	0.1161	0.4077	0.3051
462	0.0504	0.3813	0.2356	0.0996	0.257	0.2008	0.1619	0.2491	0.1623	0.2471	0.2573	0.1161	0.4076	0.305
463	0.0499	0.3856	0.2357	0.0998	0.2564	0.2007	0.1617	0.2486	0.1626	0.2474	0.2572	0.116	0.4071	0.3046
464	0.0494	0.3793	0.2362	0.0999	0.2574	0.201	0.1615	0.2492	0.1627	0.2473	0.2577	0.1161	0.4076	0.3052
465	0.0501	0.3795	0.2361	0.1	0.257	0.2013	0.1619	0.2491	0.1622	0.2472	0.2571	0.1162	0.4082	0.3051
466	0.0502	0.3788	0.236	0.0995	0.2572	0.201	0.1619	0.2491	0.1624	0.2471	0.2573	0.1161	0.4071	0.3048
467	0.0497	0.3797	0.2358	0.0997	0.2568	0.2007	0.1625	0.249	0.1625	0.2471	0.2572	0.116	0.4074	0.3048
468	0.0498	0.3754	0.2352	0.0989	0.2569	0.201	0.1621	0.2495	0.1623	0.2473	0.2574	0.116	0.4073	0.3049
469	0.0501	0.3817	0.2357	0.0994	0.2567	0.2009	0.1622	0.2491	0.1627	0.2472	0.2573	0.1161	0.4071	0.3047
470	0.0498	0.3782	0.2347	0.0988	0.2562	0.2012	0.163	0.2495	0.1625	0.2472	0.2573	0.116	0.4071	0.3048
471	0.0496	0.3749	0.2347	0.0985	0.2561	0.2006	0.1623	0.2491	0.1624	0.2469	0.2572	0.1161	0.4077	0.305
472	0.0499	0.3823	0.2361	0.0993	0.2571	0.2006	0.162	0.249	0.1626	0.2465	0.2572	0.116	0.4074	0.3049
473	0.0495	0.3771	0.235	0.099	0.2564	0.2003	0.1615	0.2486	0.1622	0.2464	0.2568	0.1159	0.4071	0.3046
474	0.05	0.3787	0.2357	0.0993	0.2568	0.1992	0.161	0.2479	0.1618	0.2463	0.2565	0.1157	0.4067	0.3043
475	0.0499	0.378	0.2356	0.0996	0.2569	0.1995	0.1612	0.2482	0.1619	0.2461	0.2567	0.1157	0.4066	0.3044
476	0.0499	0.3797	0.2354	0.0996	0.2571	0.1997	0.1609	0.2486	0.1618	0.2462	0.2567	0.1157	0.4067	0.3045
477	0.0497	0.3772	0.2348	0.0996	0.2564	0.1998	0.161	0.2483	0.1618	0.2465	0.2566	0.1158	0.4064	0.3043
478	0.0493	0.3824	0.2349	0.0996	0.2563	0.1997	0.1614	0.2483	0.1612	0.2456	0.2562	0.1158	0.4067	0.3044
479	0.0492	0.3751	0.2344	0.0993	0.256	0.1995	0.1609	0.248	0.1614	0.2459	0.2561	0.1158	0.4067	0.3042
480	0.0495	0.3844	0.233	0.0986	0.2552	0.1995	0.1605	0.248	0.1616	0.2463	0.2564	0.1156	0.406	0.304
481	0.05	0.3861	0.2325	0.0983	0.2547	0.1995	0.1612	0.2479	0.1616	0.2458	0.2561	0.1157	0.4063	0.304
482	0.0491	0.3809	0.2322	0.0984	0.2541	0.1999	0.1611	0.2478	0.1617	0.2457	0.256	0.1156	0.406	0.3037
483	0.0498	0.3899	0.2335	0.0994	0.2551	0.1996	0.1611	0.2478	0.1612	0.2451	0.2556	0.1157	0.4066	0.3039
484	0.0495	0.3801	0.2332	0.0988	0.255	0.1996	0.1609	0.2478	0.1615	0.2447	0.2558	0.1158	0.4069	0.3042
485	0.0495	0.3813	0.2336	0.0989	0.2553	0.1993	0.1611	0.2478	0.1616	0.2456	0.256	0.1157	0.4066	0.304
486	0.0494	0.3795	0.2331	0.0988	0.2546	0.1992	0.1611	0.2474	0.1612	0.2452	0.2554	0.1157	0.4057	0.3036
487	0.0498	0.3893	0.2331	0.0984	0.2545	0.1988	0.1606	0.2469	0.1609	0.2453	0.2552	0.1155	0.4054	0.3032
488	0.0494	0.3784	0.2338	0.0994	0.2551	0.1985	0.16	0.2467	0.1605	0.245	0.255	0.1154	0.4053	0.3031
489	0.0495	0.3827	0.2343	0.0993	0.255	0.1983	0.1606	0.2466	0.1608	0.2458	0.2552	0.1153	0.4049	0.303
490	0.0489	0.3903	0.2328	0.0988	0.2542	0.198	0.1604	0.2464	0.1603	0.2452	0.2549	0.1152	0.4047	0.303
491	0.0493	0.3887	0.2338	0.0993	0.2548	0.1978	0.1602	0.2462	0.1603	0.2447	0.2546	0.1152	0.405	0.3028
492	0.0493	0.3846	0.2342	0.0987	0.2554	0.1981	0.1605	0.2466	0.1605	0.2453	0.255	0.1152	0.4049	0.303
493	0.049	0.3882	0.2335	0.0985	0.2545	0.1979	0.1602	0.2461	0.1606	0.2457	0.2549	0.1151	0.4046	0.3026
494	0.0494	0.379	0.2336	0.0985	0.2549	0.1978	0.1599	0.2463	0.1606	0.245	0.255	0.1151	0.4049	0.3028
495	0.0493	0.3867	0.233	0.0982	0.2544	0.1973	0.1595	0.2458	0.1603	0.2444	0.2546	0.115	0.4052	0.3027
496	0.0493	0.3817	0.2338	0.0986	0.2544	0.1978	0.1594	0.2457	0.1609	0.2453	0.2549	0.1151	0.4053	0.3026
497	0.0491	0.3788	0.233	0.0985	0.254	0.1981	0.1599	0.246	0.1608	0.2455	0.2548	0.1152	0.4061	0.3028
498	0.049	0.3822	0.2328	0.0982	0.2539	0.1976	0.1595	0.2456	0.1608	0.2455	0.2549	0.1152	0.4058	0.3028
499	0.0489	0.3848	0.2333	0.0988	0.2541	0.1974	0.1598	0.2456	0.1606	0.2456	0.2547	0.1151	0.4052	0.3025
500	0.0487	0.3897	0.2337	0.0987	0.2544	0.1971	0.1597	0.2454	0.1607	0.2456	0.2547	0.1151	0.4052	0.3025
