{"n_layers": 0, "device": "cuda", "batch_size": 2048, "embedding_dim": 1024, "learning_rate": 0.001, "dataset": "dbbook", "epochs": 150, "top_k": 50, "model": "ef-mmlgcn", "fusion": "max", "multimodal": true, "datasets": {"dbbook": ["images", "text"], "ml1m": ["audio", "images", "text", "video"]}}
Epoch	Loss	Recall	Precision	NDCG
1	0.6740	0.0428	0.0054	0.0229
2	0.5744	0.0497	0.0064	0.0280
3	0.5117	0.0530	0.0069	0.0314
4	0.4658	0.0573	0.0075	0.0348
5	0.4291	0.0606	0.0078	0.0377
6	0.3991	0.0651	0.0082	0.0406
7	0.3741	0.0679	0.0087	0.0425
8	0.3503	0.0713	0.0092	0.0450
9	0.3282	0.0754	0.0099	0.0476
10	0.3099	0.0778	0.0103	0.0496
11	0.2898	0.0809	0.0107	0.0520
12	0.2754	0.0870	0.0114	0.0549
13	0.2609	0.0892	0.0118	0.0570
14	0.2448	0.0939	0.0124	0.0599
15	0.2295	0.0975	0.0129	0.0620
16	0.2197	0.1011	0.0133	0.0643
17	0.2088	0.1036	0.0137	0.0658
18	0.1981	0.1070	0.0142	0.0673
19	0.1880	0.1085	0.0145	0.0685
20	0.1763	0.1111	0.0148	0.0693
21	0.1663	0.1135	0.0152	0.0708
22	0.1576	0.1164	0.0155	0.0722
23	0.1528	0.1190	0.0159	0.0735
24	0.1454	0.1215	0.0162	0.0749
25	0.1375	0.1242	0.0166	0.0762
26	0.1327	0.1262	0.0168	0.0772
27	0.1254	0.1290	0.0171	0.0783
28	0.1194	0.1303	0.0173	0.0792
29	0.1146	0.1322	0.0175	0.0802
30	0.1096	0.1338	0.0177	0.0809
31	0.1051	0.1359	0.0179	0.0816
32	0.0994	0.1359	0.0180	0.0822
33	0.0952	0.1376	0.0182	0.0829
34	0.0922	0.1388	0.0184	0.0835
35	0.0878	0.1393	0.0185	0.0836
36	0.0876	0.1394	0.0185	0.0838
37	0.0820	0.1413	0.0187	0.0847
38	0.0787	0.1425	0.0189	0.0855
39	0.0760	0.1447	0.0191	0.0862
40	0.0731	0.1459	0.0192	0.0867
41	0.0701	0.1468	0.0194	0.0872
42	0.0683	0.1472	0.0194	0.0875
43	0.0679	0.1484	0.0196	0.0883
44	0.0649	0.1493	0.0197	0.0885
45	0.0637	0.1490	0.0197	0.0885
46	0.0588	0.1497	0.0198	0.0888
47	0.0594	0.1494	0.0198	0.0890
48	0.0576	0.1500	0.0199	0.0895
49	0.0561	0.1509	0.0199	0.0900
50	0.0537	0.1516	0.0200	0.0903
51	0.0536	0.1519	0.0201	0.0902
52	0.0510	0.1523	0.0202	0.0906
53	0.0503	0.1524	0.0201	0.0908
54	0.0485	0.1524	0.0201	0.0909
55	0.0486	0.1529	0.0202	0.0911
56	0.0457	0.1529	0.0202	0.0912
57	0.0451	0.1531	0.0203	0.0912
58	0.0454	0.1536	0.0203	0.0914
59	0.0431	0.1544	0.0204	0.0917
60	0.0443	0.1546	0.0204	0.0918
61	0.0406	0.1546	0.0205	0.0920
62	0.0420	0.1551	0.0206	0.0923
63	0.0396	0.1555	0.0205	0.0922
64	0.0405	0.1565	0.0206	0.0926
65	0.0378	0.1571	0.0207	0.0932
66	0.0376	0.1571	0.0207	0.0933
67	0.0371	0.1574	0.0208	0.0934
68	0.0359	0.1580	0.0209	0.0939
69	0.0356	0.1582	0.0209	0.0940
70	0.0354	0.1583	0.0209	0.0941
71	0.0353	0.1584	0.0209	0.0941
72	0.0348	0.1578	0.0209	0.0938
73	0.0328	0.1580	0.0209	0.0937
74	0.0321	0.1578	0.0209	0.0938
75	0.0314	0.1589	0.0210	0.0943
76	0.0315	0.1584	0.0211	0.0945
77	0.0310	0.1595	0.0211	0.0951
78	0.0318	0.1597	0.0212	0.0953
79	0.0291	0.1602	0.0212	0.0957
80	0.0295	0.1608	0.0213	0.0960
81	0.0296	0.1606	0.0212	0.0962
82	0.0291	0.1605	0.0213	0.0962
83	0.0286	0.1605	0.0213	0.0962
84	0.0282	0.1605	0.0213	0.0962
85	0.0274	0.1598	0.0212	0.0959
86	0.0285	0.1596	0.0212	0.0958
87	0.0264	0.1597	0.0212	0.0957
88	0.0263	0.1603	0.0212	0.0958
89	0.0265	0.1605	0.0213	0.0959
90	0.0249	0.1609	0.0213	0.0958
91	0.0256	0.1610	0.0213	0.0959
92	0.0247	0.1617	0.0214	0.0962
93	0.0247	0.1615	0.0213	0.0962
94	0.0234	0.1611	0.0213	0.0961
95	0.0251	0.1616	0.0213	0.0963
96	0.0228	0.1617	0.0213	0.0963
97	0.0229	0.1618	0.0214	0.0965
98	0.0229	0.1620	0.0214	0.0968
99	0.0226	0.1625	0.0215	0.0971
100	0.0228	0.1630	0.0215	0.0973
101	0.0215	0.1622	0.0214	0.0971
102	0.0223	0.1623	0.0215	0.0973
103	0.0215	0.1623	0.0215	0.0973
104	0.0216	0.1632	0.0216	0.0976
105	0.0215	0.1633	0.0216	0.0977
106	0.0204	0.1635	0.0216	0.0980
107	0.0197	0.1643	0.0217	0.0984
108	0.0211	0.1647	0.0218	0.0985
109	0.0204	0.1643	0.0217	0.0984
110	0.0199	0.1642	0.0217	0.0983
111	0.0194	0.1640	0.0217	0.0983
112	0.0192	0.1644	0.0218	0.0986
113	0.0202	0.1650	0.0218	0.0988
114	0.0182	0.1643	0.0218	0.0987
115	0.0197	0.1650	0.0219	0.0990
116	0.0188	0.1651	0.0219	0.0990
117	0.0185	0.1651	0.0219	0.0992
118	0.0181	0.1657	0.0219	0.0993
119	0.0179	0.1656	0.0219	0.0992
120	0.0188	0.1655	0.0219	0.0993
121	0.0187	0.1648	0.0218	0.0990
122	0.0181	0.1654	0.0218	0.0992
123	0.0176	0.1651	0.0218	0.0991
124	0.0186	0.1651	0.0218	0.0989
125	0.0177	0.1649	0.0217	0.0987
126	0.0188	0.1643	0.0216	0.0986
127	0.0182	0.1648	0.0216	0.0989
128	0.0174	0.1659	0.0218	0.0991
129	0.0173	0.1656	0.0218	0.0991
130	0.0172	0.1653	0.0217	0.0992
131	0.0174	0.1650	0.0217	0.0992
132	0.0156	0.1657	0.0218	0.0994
133	0.0165	0.1653	0.0218	0.0996
134	0.0166	0.1655	0.0218	0.0996
135	0.0155	0.1657	0.0218	0.0996
136	0.0166	0.1659	0.0219	0.1000
137	0.0164	0.1658	0.0219	0.0999
138	0.0158	0.1661	0.0219	0.1000
139	0.0147	0.1660	0.0219	0.0999
140	0.0161	0.1662	0.0219	0.0998
141	0.0157	0.1668	0.0219	0.0999
142	0.0157	0.1671	0.0219	0.1000
143	0.0151	0.1666	0.0219	0.1000
144	0.0164	0.1657	0.0218	0.0999
145	0.0154	0.1667	0.0219	0.1004
146	0.0149	0.1667	0.0219	0.1004
147	0.0148	0.1668	0.0219	0.1005
148	0.0149	0.1667	0.0219	0.1005
149	0.0143	0.1670	0.0219	0.1009
150	0.0142	0.1675	0.0219	0.1011
