{"n_layers": 1, "device": "cuda", "batch_size": 2048, "embedding_dim": 256, "learning_rate": 0.001, "dataset": "dbbook", "epochs": 150, "top_k": 20, "multimodal": false, "datasets": {"dbbook": ["images", "text"], "ml1m": ["audio", "images", "text", "video"]}}
Epoch	Loss	Recall	Precision	NDCG
1	0.6910	0.0362	0.0128	0.0283
2	0.6846	0.0749	0.0261	0.0519
3	0.6671	0.0784	0.0271	0.0531
4	0.6277	0.0747	0.0260	0.0506
5	0.5639	0.0725	0.0254	0.0493
6	0.4886	0.0716	0.0253	0.0487
7	0.4184	0.0713	0.0254	0.0488
8	0.3607	0.0709	0.0254	0.0488
9	0.3165	0.0728	0.0259	0.0499
10	0.2810	0.0745	0.0265	0.0514
11	0.2522	0.0769	0.0273	0.0528
12	0.2334	0.0785	0.0276	0.0538
13	0.2101	0.0800	0.0281	0.0550
14	0.1938	0.0814	0.0285	0.0563
15	0.1765	0.0838	0.0291	0.0578
16	0.1632	0.0854	0.0297	0.0593
17	0.1499	0.0871	0.0303	0.0606
18	0.1404	0.0887	0.0308	0.0621
19	0.1290	0.0905	0.0313	0.0633
20	0.1223	0.0925	0.0319	0.0647
21	0.1124	0.0931	0.0321	0.0655
22	0.1036	0.0958	0.0327	0.0669
23	0.1001	0.0965	0.0329	0.0678
24	0.0945	0.0986	0.0334	0.0693
25	0.0869	0.0996	0.0338	0.0705
26	0.0837	0.1003	0.0340	0.0714
27	0.0786	0.1010	0.0342	0.0721
28	0.0762	0.1019	0.0345	0.0728
29	0.0703	0.1020	0.0345	0.0731
30	0.0674	0.1033	0.0348	0.0740
31	0.0639	0.1036	0.0350	0.0748
32	0.0614	0.1042	0.0353	0.0754
33	0.0558	0.1043	0.0353	0.0753
34	0.0546	0.1053	0.0355	0.0759
35	0.0539	0.1064	0.0358	0.0766
36	0.0482	0.1067	0.0359	0.0772
37	0.0463	0.1071	0.0360	0.0776
38	0.0467	0.1081	0.0362	0.0782
39	0.0432	0.1088	0.0364	0.0786
40	0.0422	0.1087	0.0364	0.0786
41	0.0414	0.1094	0.0367	0.0791
42	0.0402	0.1104	0.0369	0.0799
43	0.0379	0.1112	0.0371	0.0805
44	0.0377	0.1112	0.0369	0.0806
45	0.0342	0.1114	0.0370	0.0807
46	0.0348	0.1122	0.0372	0.0811
47	0.0324	0.1129	0.0373	0.0813
48	0.0327	0.1131	0.0374	0.0818
49	0.0317	0.1139	0.0375	0.0823
50	0.0296	0.1142	0.0376	0.0825
51	0.0295	0.1144	0.0377	0.0829
52	0.0285	0.1148	0.0378	0.0832
53	0.0290	0.1145	0.0377	0.0833
54	0.0265	0.1145	0.0377	0.0834
55	0.0259	0.1148	0.0377	0.0837
56	0.0256	0.1145	0.0377	0.0838
57	0.0249	0.1151	0.0377	0.0839
58	0.0249	0.1156	0.0377	0.0843
59	0.0240	0.1157	0.0377	0.0846
60	0.0233	0.1160	0.0377	0.0851
61	0.0224	0.1162	0.0377	0.0854
62	0.0222	0.1166	0.0377	0.0855
63	0.0218	0.1161	0.0377	0.0855
64	0.0215	0.1166	0.0377	0.0856
65	0.0207	0.1169	0.0377	0.0859
66	0.0203	0.1173	0.0378	0.0862
67	0.0199	0.1173	0.0377	0.0866
68	0.0198	0.1162	0.0376	0.0863
69	0.0195	0.1169	0.0376	0.0868
70	0.0185	0.1164	0.0376	0.0867
71	0.0175	0.1159	0.0375	0.0865
72	0.0177	0.1156	0.0374	0.0864
73	0.0187	0.1158	0.0374	0.0866
74	0.0171	0.1159	0.0374	0.0867
75	0.0175	0.1158	0.0373	0.0865
76	0.0161	0.1160	0.0374	0.0868
77	0.0160	0.1161	0.0375	0.0868
78	0.0157	0.1162	0.0375	0.0869
79	0.0160	0.1159	0.0374	0.0867
80	0.0149	0.1159	0.0373	0.0867
81	0.0151	0.1163	0.0374	0.0868
82	0.0148	0.1166	0.0374	0.0870
83	0.0138	0.1166	0.0374	0.0870
84	0.0144	0.1169	0.0374	0.0871
85	0.0145	0.1174	0.0375	0.0874
86	0.0138	0.1177	0.0376	0.0875
87	0.0143	0.1172	0.0374	0.0873
88	0.0137	0.1171	0.0373	0.0873
89	0.0136	0.1172	0.0374	0.0873
90	0.0138	0.1170	0.0373	0.0873
91	0.0138	0.1170	0.0373	0.0873
92	0.0135	0.1170	0.0373	0.0873
93	0.0129	0.1171	0.0373	0.0874
94	0.0129	0.1173	0.0373	0.0874
95	0.0131	0.1173	0.0373	0.0874
96	0.0122	0.1167	0.0373	0.0873
97	0.0124	0.1171	0.0372	0.0873
98	0.0122	0.1170	0.0372	0.0875
99	0.0116	0.1171	0.0372	0.0876
100	0.0125	0.1170	0.0372	0.0877
101	0.0120	0.1166	0.0371	0.0874
102	0.0122	0.1168	0.0371	0.0876
103	0.0114	0.1170	0.0372	0.0878
104	0.0113	0.1169	0.0372	0.0878
105	0.0111	0.1171	0.0373	0.0879
106	0.0114	0.1175	0.0374	0.0881
107	0.0110	0.1172	0.0373	0.0881
108	0.0114	0.1171	0.0373	0.0881
109	0.0107	0.1169	0.0372	0.0880
110	0.0110	0.1164	0.0370	0.0877
111	0.0108	0.1166	0.0370	0.0879
112	0.0103	0.1168	0.0370	0.0879
113	0.0102	0.1170	0.0370	0.0879
114	0.0104	0.1172	0.0371	0.0883
115	0.0099	0.1172	0.0371	0.0884
116	0.0104	0.1166	0.0370	0.0881
117	0.0097	0.1168	0.0369	0.0883
118	0.0101	0.1166	0.0369	0.0883
119	0.0101	0.1168	0.0369	0.0883
120	0.0098	0.1166	0.0368	0.0883
121	0.0096	0.1165	0.0368	0.0885
122	0.0094	0.1163	0.0369	0.0885
123	0.0096	0.1167	0.0369	0.0888
124	0.0095	0.1166	0.0369	0.0887
125	0.0096	0.1161	0.0368	0.0885
126	0.0090	0.1162	0.0368	0.0885
127	0.0096	0.1157	0.0367	0.0884
128	0.0089	0.1162	0.0368	0.0885
129	0.0088	0.1164	0.0367	0.0885
130	0.0087	0.1162	0.0366	0.0885
131	0.0081	0.1161	0.0366	0.0885
132	0.0094	0.1156	0.0365	0.0881
133	0.0088	0.1158	0.0365	0.0882
134	0.0088	0.1154	0.0364	0.0882
135	0.0089	0.1157	0.0365	0.0885
136	0.0082	0.1157	0.0364	0.0886
137	0.0092	0.1155	0.0365	0.0882
138	0.0082	0.1153	0.0364	0.0881
139	0.0084	0.1155	0.0364	0.0881
140	0.0087	0.1159	0.0365	0.0884
141	0.0086	0.1160	0.0366	0.0883
142	0.0086	0.1163	0.0366	0.0887
143	0.0088	0.1164	0.0366	0.0888
144	0.0086	0.1164	0.0367	0.0889
145	0.0081	0.1159	0.0365	0.0887
146	0.0088	0.1162	0.0365	0.0887
147	0.0078	0.1165	0.0365	0.0888
148	0.0082	0.1170	0.0366	0.0889
149	0.0082	0.1172	0.0366	0.0889
150	0.0075	0.1171	0.0366	0.0889
