{"n_layers": 0, "device": "cuda", "batch_size": 2048, "embedding_dim": 512, "learning_rate": 0.001, "dataset": "dbbook", "epochs": 150, "top_k": 50, "multimodal": true, "datasets": {"dbbook": ["images", "text"], "ml1m": ["audio", "images", "text", "video"]}}
Epoch	Loss	Recall	Precision	NDCG
1	0.6931	0.0113	0.0015	0.0054
2	0.6837	0.0155	0.0019	0.0074
3	0.6748	0.0230	0.0029	0.0126
4	0.6642	0.0374	0.0047	0.0223
5	0.6509	0.0605	0.0080	0.0378
6	0.6338	0.0874	0.0119	0.0555
7	0.6121	0.1120	0.0153	0.0703
8	0.5855	0.1334	0.0184	0.0833
9	0.5536	0.1482	0.0204	0.0917
10	0.5177	0.1583	0.0218	0.0973
11	0.4783	0.1642	0.0226	0.1010
12	0.4377	0.1694	0.0234	0.1043
13	0.3974	0.1727	0.0239	0.1067
14	0.3598	0.1748	0.0241	0.1082
15	0.3242	0.1777	0.0245	0.1102
16	0.2925	0.1794	0.0247	0.1114
17	0.2642	0.1804	0.0248	0.1123
18	0.2389	0.1819	0.0251	0.1136
19	0.2175	0.1838	0.0253	0.1148
20	0.1978	0.1851	0.0254	0.1157
21	0.1805	0.1877	0.0257	0.1171
22	0.1653	0.1891	0.0258	0.1182
23	0.1508	0.1899	0.0260	0.1193
24	0.1389	0.1913	0.0261	0.1200
25	0.1280	0.1921	0.0261	0.1206
26	0.1178	0.1937	0.0263	0.1213
27	0.1087	0.1942	0.0264	0.1219
28	0.1019	0.1954	0.0266	0.1227
29	0.0943	0.1962	0.0267	0.1233
30	0.0874	0.1976	0.0269	0.1240
31	0.0809	0.1985	0.0269	0.1246
32	0.0761	0.1981	0.0269	0.1246
33	0.0716	0.1989	0.0270	0.1246
34	0.0673	0.1998	0.0270	0.1250
35	0.0619	0.2002	0.0271	0.1253
36	0.0593	0.2009	0.0272	0.1257
37	0.0560	0.2019	0.0272	0.1262
38	0.0532	0.2023	0.0273	0.1265
39	0.0502	0.2029	0.0273	0.1266
40	0.0480	0.2032	0.0274	0.1271
41	0.0455	0.2043	0.0274	0.1276
42	0.0427	0.2041	0.0274	0.1276
43	0.0410	0.2044	0.0275	0.1277
44	0.0380	0.2048	0.0275	0.1278
45	0.0373	0.2052	0.0275	0.1280
46	0.0355	0.2051	0.0275	0.1283
47	0.0337	0.2052	0.0275	0.1285
48	0.0324	0.2057	0.0276	0.1286
49	0.0310	0.2062	0.0276	0.1290
50	0.0307	0.2066	0.0277	0.1292
51	0.0292	0.2067	0.0277	0.1291
52	0.0278	0.2072	0.0277	0.1294
53	0.0271	0.2074	0.0277	0.1297
54	0.0254	0.2073	0.0277	0.1297
55	0.0251	0.2077	0.0278	0.1299
56	0.0246	0.2080	0.0277	0.1301
57	0.0236	0.2080	0.0278	0.1303
58	0.0230	0.2086	0.0278	0.1306
59	0.0223	0.2084	0.0278	0.1306
60	0.0212	0.2084	0.0277	0.1306
61	0.0211	0.2085	0.0278	0.1304
62	0.0202	0.2087	0.0278	0.1307
63	0.0198	0.2090	0.0278	0.1308
64	0.0194	0.2093	0.0279	0.1311
65	0.0187	0.2092	0.0279	0.1307
66	0.0183	0.2091	0.0278	0.1305
67	0.0171	0.2097	0.0278	0.1308
68	0.0175	0.2099	0.0278	0.1309
69	0.0174	0.2100	0.0279	0.1310
70	0.0170	0.2103	0.0279	0.1311
71	0.0163	0.2108	0.0280	0.1315
72	0.0161	0.2107	0.0279	0.1316
73	0.0157	0.2105	0.0279	0.1318
74	0.0156	0.2105	0.0279	0.1316
75	0.0151	0.2101	0.0278	0.1314
76	0.0148	0.2097	0.0278	0.1312
77	0.0142	0.2092	0.0278	0.1310
78	0.0141	0.2093	0.0278	0.1311
79	0.0138	0.2099	0.0278	0.1314
80	0.0136	0.2100	0.0278	0.1315
81	0.0133	0.2098	0.0278	0.1313
82	0.0132	0.2103	0.0278	0.1315
83	0.0129	0.2104	0.0278	0.1314
84	0.0132	0.2104	0.0279	0.1315
85	0.0121	0.2109	0.0279	0.1322
86	0.0122	0.2106	0.0279	0.1321
87	0.0127	0.2109	0.0279	0.1323
88	0.0121	0.2111	0.0279	0.1324
89	0.0121	0.2113	0.0279	0.1322
90	0.0117	0.2112	0.0279	0.1323
91	0.0120	0.2110	0.0279	0.1323
92	0.0118	0.2112	0.0280	0.1325
93	0.0115	0.2111	0.0280	0.1326
94	0.0113	0.2111	0.0280	0.1324
95	0.0108	0.2105	0.0279	0.1321
96	0.0110	0.2104	0.0279	0.1320
97	0.0110	0.2107	0.0279	0.1322
98	0.0108	0.2105	0.0279	0.1323
99	0.0106	0.2107	0.0279	0.1326
100	0.0101	0.2108	0.0279	0.1325
101	0.0104	0.2108	0.0279	0.1326
102	0.0104	0.2110	0.0279	0.1327
103	0.0101	0.2108	0.0279	0.1325
104	0.0097	0.2104	0.0279	0.1322
105	0.0102	0.2108	0.0279	0.1322
106	0.0098	0.2111	0.0279	0.1324
107	0.0101	0.2110	0.0279	0.1323
108	0.0094	0.2108	0.0279	0.1324
109	0.0102	0.2109	0.0279	0.1323
110	0.0096	0.2110	0.0279	0.1323
111	0.0094	0.2113	0.0279	0.1325
112	0.0095	0.2114	0.0279	0.1325
113	0.0094	0.2113	0.0279	0.1325
114	0.0093	0.2108	0.0279	0.1324
115	0.0093	0.2107	0.0279	0.1323
116	0.0089	0.2103	0.0278	0.1322
117	0.0090	0.2107	0.0278	0.1324
118	0.0094	0.2109	0.0279	0.1326
119	0.0090	0.2103	0.0278	0.1323
120	0.0088	0.2097	0.0277	0.1321
121	0.0087	0.2100	0.0278	0.1322
122	0.0089	0.2103	0.0278	0.1324
123	0.0091	0.2107	0.0278	0.1323
124	0.0084	0.2107	0.0278	0.1324
125	0.0087	0.2101	0.0278	0.1321
126	0.0082	0.2101	0.0278	0.1320
127	0.0085	0.2101	0.0277	0.1318
128	0.0084	0.2101	0.0278	0.1319
129	0.0090	0.2100	0.0277	0.1319
130	0.0085	0.2103	0.0277	0.1318
131	0.0081	0.2105	0.0277	0.1320
132	0.0083	0.2108	0.0277	0.1320
133	0.0082	0.2104	0.0277	0.1318
134	0.0086	0.2106	0.0277	0.1320
135	0.0077	0.2104	0.0277	0.1319
136	0.0085	0.2101	0.0276	0.1318
137	0.0081	0.2103	0.0277	0.1319
138	0.0080	0.2103	0.0277	0.1321
139	0.0081	0.2100	0.0277	0.1320
140	0.0080	0.2112	0.0278	0.1323
141	0.0078	0.2107	0.0277	0.1323
142	0.0079	0.2109	0.0277	0.1324
143	0.0076	0.2107	0.0277	0.1324
144	0.0080	0.2107	0.0277	0.1324
145	0.0080	0.2105	0.0277	0.1323
146	0.0078	0.2106	0.0277	0.1322
147	0.0076	0.2110	0.0277	0.1322
148	0.0079	0.2108	0.0277	0.1322
149	0.0078	0.2107	0.0277	0.1321
150	0.0076	0.2116	0.0278	0.1327
