{"n_layers": 1, "device": "cuda", "batch_size": 2048, "embedding_dim": 512, "learning_rate": 0.001, "dataset": "dbbook", "epochs": 150, "top_k": 10, "multimodal": true, "datasets": {"dbbook": ["images", "text"], "ml1m": ["audio", "images", "text", "video"]}}
Epoch	Loss	Recall	Precision	NDCG
1	0.6902	0.0197	0.0119	0.0201
2	0.6794	0.0454	0.0299	0.0477
3	0.6640	0.0573	0.0389	0.0585
4	0.6403	0.0595	0.0404	0.0586
5	0.6052	0.0590	0.0408	0.0562
6	0.5575	0.0566	0.0389	0.0525
7	0.5014	0.0541	0.0373	0.0497
8	0.4442	0.0526	0.0363	0.0481
9	0.3904	0.0518	0.0357	0.0470
10	0.3445	0.0514	0.0355	0.0464
11	0.3041	0.0517	0.0357	0.0467
12	0.2721	0.0524	0.0362	0.0472
13	0.2427	0.0535	0.0367	0.0480
14	0.2203	0.0538	0.0370	0.0485
15	0.2022	0.0544	0.0373	0.0490
16	0.1829	0.0548	0.0374	0.0494
17	0.1687	0.0555	0.0379	0.0501
18	0.1551	0.0561	0.0384	0.0508
19	0.1429	0.0568	0.0387	0.0516
20	0.1345	0.0578	0.0393	0.0526
21	0.1253	0.0591	0.0399	0.0535
22	0.1172	0.0603	0.0409	0.0546
23	0.1107	0.0617	0.0418	0.0560
24	0.1013	0.0625	0.0422	0.0567
25	0.0969	0.0627	0.0425	0.0574
26	0.0900	0.0634	0.0428	0.0579
27	0.0872	0.0640	0.0432	0.0587
28	0.0832	0.0651	0.0440	0.0599
29	0.0784	0.0657	0.0443	0.0605
30	0.0725	0.0664	0.0448	0.0611
31	0.0716	0.0668	0.0452	0.0616
32	0.0664	0.0671	0.0455	0.0624
33	0.0639	0.0683	0.0462	0.0638
34	0.0613	0.0691	0.0467	0.0646
35	0.0591	0.0696	0.0469	0.0651
36	0.0558	0.0703	0.0474	0.0658
37	0.0543	0.0707	0.0477	0.0664
38	0.0498	0.0712	0.0481	0.0667
39	0.0513	0.0711	0.0480	0.0668
40	0.0485	0.0718	0.0485	0.0674
41	0.0458	0.0725	0.0489	0.0680
42	0.0452	0.0729	0.0490	0.0684
43	0.0448	0.0738	0.0494	0.0689
44	0.0416	0.0741	0.0496	0.0692
45	0.0406	0.0746	0.0500	0.0698
46	0.0389	0.0754	0.0501	0.0701
47	0.0379	0.0751	0.0501	0.0702
48	0.0359	0.0763	0.0505	0.0710
49	0.0349	0.0766	0.0508	0.0711
50	0.0344	0.0767	0.0509	0.0715
51	0.0334	0.0772	0.0511	0.0718
52	0.0327	0.0774	0.0512	0.0721
53	0.0308	0.0777	0.0515	0.0724
54	0.0311	0.0777	0.0515	0.0727
55	0.0291	0.0783	0.0516	0.0732
56	0.0292	0.0783	0.0517	0.0733
57	0.0286	0.0788	0.0519	0.0735
58	0.0275	0.0788	0.0519	0.0737
59	0.0278	0.0789	0.0520	0.0738
60	0.0271	0.0787	0.0519	0.0740
61	0.0271	0.0794	0.0522	0.0744
62	0.0244	0.0799	0.0524	0.0749
63	0.0250	0.0802	0.0526	0.0752
64	0.0245	0.0804	0.0527	0.0754
65	0.0239	0.0800	0.0526	0.0752
66	0.0226	0.0804	0.0526	0.0755
67	0.0232	0.0802	0.0526	0.0755
68	0.0223	0.0803	0.0526	0.0755
69	0.0217	0.0806	0.0527	0.0757
70	0.0213	0.0802	0.0526	0.0756
71	0.0214	0.0802	0.0526	0.0756
72	0.0213	0.0804	0.0527	0.0759
73	0.0205	0.0804	0.0525	0.0759
74	0.0202	0.0806	0.0526	0.0759
75	0.0191	0.0807	0.0528	0.0762
76	0.0194	0.0815	0.0531	0.0765
77	0.0190	0.0812	0.0529	0.0764
78	0.0198	0.0817	0.0530	0.0765
79	0.0193	0.0818	0.0529	0.0764
80	0.0185	0.0817	0.0530	0.0766
81	0.0185	0.0820	0.0531	0.0768
82	0.0181	0.0817	0.0528	0.0768
83	0.0178	0.0816	0.0528	0.0769
84	0.0183	0.0815	0.0527	0.0770
85	0.0177	0.0814	0.0526	0.0771
86	0.0159	0.0816	0.0526	0.0770
87	0.0159	0.0817	0.0528	0.0772
88	0.0170	0.0819	0.0528	0.0772
89	0.0166	0.0818	0.0528	0.0770
90	0.0161	0.0815	0.0525	0.0767
91	0.0154	0.0816	0.0527	0.0770
92	0.0162	0.0817	0.0525	0.0770
93	0.0167	0.0824	0.0527	0.0773
94	0.0155	0.0823	0.0527	0.0774
95	0.0155	0.0824	0.0528	0.0775
96	0.0152	0.0829	0.0531	0.0781
97	0.0155	0.0828	0.0529	0.0782
98	0.0154	0.0828	0.0530	0.0783
99	0.0150	0.0829	0.0530	0.0783
100	0.0144	0.0831	0.0532	0.0786
101	0.0137	0.0834	0.0532	0.0789
102	0.0138	0.0834	0.0533	0.0789
103	0.0140	0.0832	0.0533	0.0789
104	0.0139	0.0836	0.0534	0.0790
105	0.0140	0.0843	0.0535	0.0792
106	0.0138	0.0841	0.0534	0.0793
107	0.0139	0.0844	0.0536	0.0795
108	0.0138	0.0848	0.0537	0.0798
109	0.0134	0.0848	0.0538	0.0798
110	0.0142	0.0846	0.0536	0.0797
111	0.0128	0.0845	0.0536	0.0797
112	0.0135	0.0845	0.0538	0.0798
113	0.0124	0.0841	0.0535	0.0796
114	0.0127	0.0843	0.0536	0.0797
115	0.0131	0.0848	0.0540	0.0799
116	0.0119	0.0850	0.0541	0.0799
117	0.0126	0.0851	0.0542	0.0799
118	0.0129	0.0849	0.0541	0.0800
119	0.0126	0.0850	0.0542	0.0802
120	0.0122	0.0849	0.0542	0.0801
121	0.0120	0.0846	0.0541	0.0799
122	0.0123	0.0851	0.0543	0.0803
123	0.0120	0.0851	0.0544	0.0804
124	0.0118	0.0858	0.0546	0.0808
125	0.0120	0.0860	0.0546	0.0809
126	0.0121	0.0856	0.0544	0.0808
127	0.0118	0.0854	0.0543	0.0808
128	0.0120	0.0855	0.0543	0.0805
129	0.0109	0.0854	0.0542	0.0807
130	0.0114	0.0855	0.0543	0.0809
131	0.0107	0.0856	0.0545	0.0810
132	0.0116	0.0858	0.0545	0.0809
133	0.0118	0.0856	0.0545	0.0808
134	0.0122	0.0855	0.0545	0.0810
135	0.0114	0.0853	0.0543	0.0809
136	0.0113	0.0849	0.0540	0.0806
137	0.0113	0.0851	0.0540	0.0807
138	0.0112	0.0850	0.0540	0.0807
139	0.0108	0.0849	0.0538	0.0806
140	0.0114	0.0849	0.0538	0.0806
141	0.0103	0.0848	0.0540	0.0805
142	0.0111	0.0845	0.0538	0.0806
143	0.0116	0.0845	0.0539	0.0806
144	0.0106	0.0849	0.0540	0.0809
145	0.0111	0.0853	0.0540	0.0810
146	0.0106	0.0854	0.0541	0.0811
147	0.0110	0.0855	0.0540	0.0813
148	0.0110	0.0854	0.0541	0.0813
149	0.0105	0.0856	0.0542	0.0814
150	0.0100	0.0857	0.0542	0.0813
