{"n_layers": 0, "device": "cuda", "batch_size": 2048, "embedding_dim": 512, "learning_rate": 0.001, "dataset": "dbbook", "epochs": 150, "top_k": 10, "multimodal": true, "datasets": {"dbbook": ["images", "text"], "ml1m": ["audio", "images", "text", "video"]}}
Epoch	Loss	Recall	Precision	NDCG
1	0.6926	0.0059	0.0036	0.0052
2	0.6824	0.0146	0.0090	0.0144
3	0.6724	0.0254	0.0161	0.0262
4	0.6601	0.0371	0.0242	0.0385
5	0.6442	0.0473	0.0313	0.0491
6	0.6236	0.0537	0.0360	0.0565
7	0.5977	0.0586	0.0396	0.0614
8	0.5654	0.0617	0.0418	0.0643
9	0.5287	0.0629	0.0427	0.0651
10	0.4883	0.0639	0.0436	0.0666
11	0.4464	0.0653	0.0446	0.0678
12	0.4047	0.0660	0.0449	0.0686
13	0.3656	0.0677	0.0460	0.0697
14	0.3301	0.0690	0.0467	0.0707
15	0.2987	0.0691	0.0467	0.0709
16	0.2703	0.0701	0.0472	0.0717
17	0.2461	0.0710	0.0475	0.0724
18	0.2244	0.0719	0.0481	0.0727
19	0.2056	0.0724	0.0486	0.0735
20	0.1883	0.0724	0.0486	0.0735
21	0.1723	0.0727	0.0487	0.0740
22	0.1581	0.0729	0.0488	0.0740
23	0.1478	0.0735	0.0491	0.0744
24	0.1360	0.0742	0.0494	0.0750
25	0.1262	0.0750	0.0497	0.0754
26	0.1177	0.0756	0.0501	0.0758
27	0.1102	0.0760	0.0503	0.0761
28	0.1028	0.0770	0.0508	0.0768
29	0.0951	0.0773	0.0512	0.0770
30	0.0902	0.0780	0.0516	0.0775
31	0.0843	0.0780	0.0517	0.0777
32	0.0788	0.0783	0.0520	0.0783
33	0.0748	0.0789	0.0524	0.0789
34	0.0713	0.0793	0.0528	0.0793
35	0.0665	0.0792	0.0529	0.0794
36	0.0634	0.0794	0.0529	0.0795
37	0.0600	0.0803	0.0532	0.0800
38	0.0577	0.0803	0.0533	0.0800
39	0.0542	0.0803	0.0535	0.0802
40	0.0515	0.0808	0.0536	0.0805
41	0.0493	0.0817	0.0540	0.0813
42	0.0471	0.0821	0.0543	0.0814
43	0.0447	0.0828	0.0544	0.0817
44	0.0420	0.0830	0.0543	0.0818
45	0.0408	0.0833	0.0546	0.0822
46	0.0394	0.0834	0.0547	0.0824
47	0.0376	0.0840	0.0548	0.0829
48	0.0364	0.0842	0.0548	0.0832
49	0.0351	0.0842	0.0548	0.0831
50	0.0332	0.0845	0.0551	0.0834
51	0.0317	0.0845	0.0550	0.0836
52	0.0316	0.0851	0.0553	0.0840
53	0.0308	0.0850	0.0554	0.0841
54	0.0291	0.0851	0.0554	0.0843
55	0.0286	0.0854	0.0556	0.0847
56	0.0279	0.0858	0.0558	0.0849
57	0.0269	0.0857	0.0557	0.0848
58	0.0257	0.0861	0.0558	0.0849
59	0.0261	0.0857	0.0557	0.0848
60	0.0243	0.0864	0.0560	0.0851
61	0.0235	0.0866	0.0562	0.0850
62	0.0229	0.0869	0.0563	0.0853
63	0.0229	0.0877	0.0566	0.0858
64	0.0219	0.0876	0.0567	0.0861
65	0.0220	0.0872	0.0566	0.0857
66	0.0215	0.0875	0.0567	0.0859
67	0.0197	0.0869	0.0565	0.0855
68	0.0197	0.0873	0.0565	0.0857
69	0.0198	0.0873	0.0565	0.0858
70	0.0189	0.0872	0.0564	0.0856
71	0.0185	0.0877	0.0567	0.0860
72	0.0185	0.0878	0.0567	0.0861
73	0.0180	0.0880	0.0568	0.0860
74	0.0176	0.0876	0.0567	0.0857
75	0.0173	0.0874	0.0567	0.0856
76	0.0169	0.0874	0.0567	0.0858
77	0.0168	0.0876	0.0567	0.0859
78	0.0165	0.0877	0.0568	0.0860
79	0.0159	0.0880	0.0570	0.0864
80	0.0160	0.0888	0.0573	0.0867
81	0.0150	0.0891	0.0575	0.0869
82	0.0151	0.0889	0.0573	0.0868
83	0.0151	0.0888	0.0573	0.0869
84	0.0152	0.0893	0.0573	0.0873
85	0.0142	0.0895	0.0574	0.0876
86	0.0140	0.0897	0.0575	0.0877
87	0.0140	0.0899	0.0577	0.0878
88	0.0139	0.0898	0.0577	0.0878
89	0.0134	0.0902	0.0580	0.0882
90	0.0134	0.0902	0.0581	0.0883
91	0.0131	0.0901	0.0581	0.0882
92	0.0129	0.0906	0.0582	0.0882
93	0.0127	0.0903	0.0581	0.0882
94	0.0129	0.0907	0.0583	0.0884
95	0.0123	0.0908	0.0584	0.0885
96	0.0130	0.0908	0.0585	0.0886
97	0.0124	0.0906	0.0582	0.0884
98	0.0116	0.0905	0.0580	0.0882
99	0.0119	0.0901	0.0577	0.0880
100	0.0123	0.0904	0.0579	0.0880
101	0.0115	0.0902	0.0578	0.0880
102	0.0114	0.0900	0.0577	0.0879
103	0.0110	0.0908	0.0580	0.0885
104	0.0113	0.0918	0.0585	0.0889
105	0.0111	0.0917	0.0586	0.0890
106	0.0112	0.0918	0.0586	0.0890
107	0.0113	0.0913	0.0583	0.0887
108	0.0109	0.0912	0.0584	0.0887
109	0.0111	0.0915	0.0586	0.0890
110	0.0104	0.0918	0.0586	0.0891
111	0.0104	0.0920	0.0586	0.0894
112	0.0109	0.0922	0.0586	0.0895
113	0.0100	0.0921	0.0587	0.0898
114	0.0102	0.0925	0.0589	0.0902
115	0.0104	0.0926	0.0590	0.0903
116	0.0100	0.0926	0.0590	0.0902
117	0.0102	0.0931	0.0593	0.0907
118	0.0098	0.0933	0.0595	0.0909
119	0.0109	0.0936	0.0595	0.0910
120	0.0103	0.0938	0.0597	0.0912
121	0.0099	0.0932	0.0593	0.0908
122	0.0097	0.0930	0.0592	0.0907
123	0.0104	0.0927	0.0591	0.0905
124	0.0096	0.0925	0.0592	0.0906
125	0.0100	0.0926	0.0591	0.0906
126	0.0092	0.0927	0.0592	0.0909
127	0.0092	0.0926	0.0591	0.0907
128	0.0093	0.0929	0.0593	0.0909
129	0.0092	0.0934	0.0595	0.0914
130	0.0096	0.0935	0.0595	0.0915
131	0.0092	0.0940	0.0597	0.0918
132	0.0090	0.0939	0.0598	0.0922
133	0.0089	0.0942	0.0599	0.0925
134	0.0089	0.0938	0.0598	0.0924
135	0.0090	0.0937	0.0598	0.0924
136	0.0088	0.0935	0.0597	0.0922
137	0.0086	0.0939	0.0598	0.0925
138	0.0087	0.0936	0.0597	0.0924
139	0.0090	0.0939	0.0599	0.0926
140	0.0083	0.0940	0.0600	0.0926
141	0.0092	0.0941	0.0600	0.0928
142	0.0084	0.0941	0.0599	0.0927
143	0.0087	0.0945	0.0599	0.0929
144	0.0084	0.0945	0.0598	0.0928
145	0.0090	0.0947	0.0600	0.0930
146	0.0090	0.0946	0.0601	0.0931
147	0.0085	0.0944	0.0598	0.0928
148	0.0084	0.0937	0.0595	0.0923
149	0.0081	0.0939	0.0595	0.0923
150	0.0081	0.0946	0.0598	0.0927
