{"n_layers": 2, "device": "cuda", "batch_size": 2048, "embedding_dim": 512, "learning_rate": 0.001, "dataset": "dbbook", "epochs": 150, "top_k": 5, "multimodal": true, "datasets": {"dbbook": ["images", "text"], "ml1m": ["audio", "images", "text", "video"]}}
Epoch	Loss	Recall	Precision	NDCG
1	0.6896	0.0303	0.0397	0.0480
2	0.6776	0.0374	0.0497	0.0558
3	0.6569	0.0354	0.0478	0.0512
4	0.6212	0.0314	0.0423	0.0430
5	0.5673	0.0286	0.0381	0.0371
6	0.5025	0.0254	0.0340	0.0328
7	0.4388	0.0237	0.0324	0.0310
8	0.3849	0.0230	0.0316	0.0304
9	0.3415	0.0229	0.0316	0.0303
10	0.3088	0.0232	0.0317	0.0306
11	0.2821	0.0234	0.0321	0.0310
12	0.2585	0.0240	0.0330	0.0319
13	0.2410	0.0247	0.0341	0.0330
14	0.2250	0.0253	0.0348	0.0339
15	0.2099	0.0262	0.0361	0.0352
16	0.1954	0.0271	0.0371	0.0363
17	0.1871	0.0274	0.0377	0.0370
18	0.1765	0.0283	0.0392	0.0386
19	0.1639	0.0290	0.0402	0.0398
20	0.1552	0.0290	0.0399	0.0403
21	0.1497	0.0293	0.0409	0.0414
22	0.1391	0.0300	0.0418	0.0422
23	0.1308	0.0308	0.0424	0.0427
24	0.1280	0.0316	0.0437	0.0442
25	0.1218	0.0321	0.0441	0.0446
26	0.1158	0.0328	0.0447	0.0454
27	0.1098	0.0337	0.0458	0.0468
28	0.1042	0.0338	0.0460	0.0471
29	0.1004	0.0346	0.0468	0.0480
30	0.0951	0.0352	0.0476	0.0488
31	0.0920	0.0356	0.0481	0.0492
32	0.0911	0.0366	0.0490	0.0503
33	0.0864	0.0371	0.0494	0.0511
34	0.0839	0.0376	0.0500	0.0520
35	0.0815	0.0381	0.0505	0.0526
36	0.0752	0.0381	0.0507	0.0530
37	0.0743	0.0384	0.0510	0.0535
38	0.0691	0.0392	0.0518	0.0545
39	0.0693	0.0400	0.0529	0.0556
40	0.0652	0.0407	0.0535	0.0564
41	0.0642	0.0411	0.0539	0.0567
42	0.0641	0.0415	0.0540	0.0573
43	0.0592	0.0417	0.0542	0.0576
44	0.0583	0.0421	0.0544	0.0578
45	0.0575	0.0422	0.0548	0.0582
46	0.0549	0.0426	0.0552	0.0587
47	0.0544	0.0430	0.0554	0.0591
48	0.0527	0.0431	0.0556	0.0594
49	0.0495	0.0434	0.0561	0.0600
50	0.0480	0.0440	0.0567	0.0607
51	0.0481	0.0439	0.0568	0.0608
52	0.0457	0.0442	0.0570	0.0611
53	0.0452	0.0442	0.0569	0.0612
54	0.0450	0.0441	0.0575	0.0617
55	0.0430	0.0439	0.0572	0.0617
56	0.0430	0.0444	0.0575	0.0620
57	0.0408	0.0447	0.0581	0.0625
58	0.0395	0.0451	0.0583	0.0627
59	0.0393	0.0448	0.0580	0.0626
60	0.0382	0.0452	0.0583	0.0630
61	0.0392	0.0451	0.0584	0.0631
62	0.0371	0.0451	0.0585	0.0633
63	0.0380	0.0459	0.0594	0.0640
64	0.0347	0.0465	0.0602	0.0648
65	0.0356	0.0476	0.0609	0.0655
66	0.0354	0.0476	0.0612	0.0660
67	0.0332	0.0478	0.0611	0.0660
68	0.0327	0.0476	0.0610	0.0661
69	0.0319	0.0474	0.0604	0.0659
70	0.0311	0.0475	0.0605	0.0660
71	0.0306	0.0477	0.0609	0.0664
72	0.0308	0.0479	0.0611	0.0667
73	0.0299	0.0481	0.0612	0.0668
74	0.0305	0.0484	0.0613	0.0672
75	0.0288	0.0487	0.0615	0.0677
76	0.0290	0.0490	0.0619	0.0682
77	0.0286	0.0487	0.0619	0.0681
78	0.0283	0.0487	0.0619	0.0681
79	0.0267	0.0489	0.0620	0.0683
80	0.0262	0.0493	0.0623	0.0685
81	0.0263	0.0492	0.0621	0.0683
82	0.0260	0.0492	0.0622	0.0687
83	0.0251	0.0494	0.0624	0.0690
84	0.0255	0.0494	0.0626	0.0693
85	0.0238	0.0496	0.0628	0.0693
86	0.0247	0.0496	0.0628	0.0697
87	0.0246	0.0498	0.0628	0.0698
88	0.0240	0.0501	0.0630	0.0701
89	0.0242	0.0504	0.0637	0.0706
90	0.0236	0.0503	0.0634	0.0705
91	0.0232	0.0506	0.0636	0.0708
92	0.0233	0.0511	0.0642	0.0712
93	0.0221	0.0508	0.0640	0.0710
94	0.0217	0.0507	0.0639	0.0709
95	0.0231	0.0508	0.0641	0.0713
96	0.0222	0.0509	0.0643	0.0717
97	0.0203	0.0507	0.0641	0.0715
98	0.0218	0.0507	0.0641	0.0715
99	0.0207	0.0508	0.0642	0.0715
100	0.0211	0.0507	0.0638	0.0713
101	0.0200	0.0511	0.0642	0.0716
102	0.0211	0.0512	0.0642	0.0718
103	0.0197	0.0514	0.0644	0.0721
104	0.0193	0.0511	0.0642	0.0721
105	0.0200	0.0513	0.0647	0.0725
106	0.0206	0.0511	0.0646	0.0724
107	0.0209	0.0511	0.0645	0.0725
108	0.0191	0.0514	0.0650	0.0732
109	0.0187	0.0513	0.0648	0.0732
110	0.0192	0.0514	0.0650	0.0732
111	0.0195	0.0519	0.0653	0.0735
112	0.0185	0.0517	0.0650	0.0731
113	0.0178	0.0518	0.0652	0.0734
114	0.0185	0.0520	0.0654	0.0739
115	0.0176	0.0521	0.0655	0.0739
116	0.0180	0.0524	0.0659	0.0744
117	0.0181	0.0524	0.0659	0.0745
118	0.0179	0.0521	0.0656	0.0743
119	0.0169	0.0521	0.0655	0.0741
120	0.0177	0.0518	0.0654	0.0741
121	0.0174	0.0519	0.0656	0.0743
122	0.0173	0.0517	0.0652	0.0742
123	0.0178	0.0520	0.0658	0.0745
124	0.0172	0.0522	0.0660	0.0745
125	0.0169	0.0526	0.0662	0.0748
126	0.0176	0.0524	0.0661	0.0748
127	0.0168	0.0526	0.0661	0.0747
128	0.0169	0.0524	0.0660	0.0746
129	0.0161	0.0526	0.0663	0.0748
130	0.0159	0.0526	0.0663	0.0748
131	0.0162	0.0530	0.0667	0.0753
132	0.0160	0.0531	0.0667	0.0753
133	0.0166	0.0529	0.0667	0.0753
134	0.0162	0.0532	0.0670	0.0757
135	0.0162	0.0530	0.0669	0.0754
136	0.0158	0.0528	0.0666	0.0753
137	0.0157	0.0530	0.0669	0.0755
138	0.0148	0.0532	0.0672	0.0758
139	0.0159	0.0529	0.0667	0.0755
140	0.0150	0.0531	0.0669	0.0759
141	0.0153	0.0538	0.0673	0.0760
142	0.0150	0.0538	0.0675	0.0762
143	0.0146	0.0541	0.0675	0.0764
144	0.0151	0.0539	0.0674	0.0763
145	0.0154	0.0543	0.0679	0.0768
146	0.0153	0.0547	0.0685	0.0773
147	0.0153	0.0543	0.0684	0.0771
148	0.0144	0.0541	0.0683	0.0770
149	0.0151	0.0542	0.0686	0.0773
150	0.0147	0.0542	0.0684	0.0772
