{"device": "cuda:2", "multimodal": true, "embedding_dim": 512, "n_layers": 3, "epochs": 500, "learning_rate": 0.001, "log": true, "seed": 19, "top_k": [5, 10, 20, 50], "dataset": "dbbook", "batch_size": 2048, "single_branch": false, "autoencoder": false, "ensemble_fusion": false, "freeze": false, "fusion_modalities": "mean", "fusion_type": "late", "info_nce": false, "weighting": false, "datasets": {"dbbook": ["images", "text"], "ml1m": ["audio", "images", "text", "video"]}}
Epoch	T-Loss	V-Loss	Precision@5	Recall@5	NDCG@5	Precision@10	Recall@10	NDCG@10	Precision@20	Recall@20	NDCG@20	Precision@50	Recall@50	NDCG@50
1	0.6931	0.693	0.005	0.0042	0.0055	0.0045	0.0074	0.0062	0.0037	0.0123	0.0082	0.0032	0.0267	0.0131
2	0.6916	0.6928	0.0188	0.0166	0.0231	0.0143	0.0245	0.0238	0.0103	0.0352	0.0279	0.0069	0.0577	0.0357
3	0.6898	0.6924	0.0397	0.034	0.0497	0.0286	0.0478	0.049	0.0199	0.066	0.0559	0.0123	0.0999	0.0678
4	0.6873	0.6917	0.0547	0.0443	0.0666	0.0414	0.0662	0.0668	0.0289	0.0917	0.0764	0.0179	0.1402	0.0938
5	0.6835	0.6905	0.0627	0.0497	0.0747	0.0476	0.0739	0.0744	0.0343	0.1068	0.0868	0.0219	0.1696	0.1092
6	0.6777	0.6882	0.0651	0.0507	0.0775	0.0503	0.0779	0.0779	0.0373	0.1145	0.0921	0.0243	0.1855	0.1174
7	0.6693	0.6847	0.0664	0.0508	0.0785	0.0511	0.0783	0.0787	0.0384	0.1167	0.0937	0.0254	0.1927	0.1208
8	0.6579	0.6794	0.0671	0.0508	0.0788	0.051	0.0773	0.0784	0.0388	0.1171	0.094	0.026	0.196	0.1222
9	0.6425	0.6721	0.0675	0.0509	0.0787	0.0517	0.0783	0.0786	0.0388	0.1167	0.0935	0.0261	0.1959	0.122
10	0.6231	0.6624	0.0671	0.0507	0.0786	0.0516	0.0773	0.0784	0.0389	0.116	0.0935	0.0263	0.1969	0.1225
11	0.5999	0.6504	0.0674	0.0507	0.0788	0.0514	0.0769	0.0782	0.0387	0.1154	0.0932	0.0264	0.1963	0.1223
12	0.5735	0.6364	0.0668	0.05	0.0782	0.0511	0.0762	0.0777	0.0387	0.1148	0.0928	0.0264	0.1958	0.122
13	0.5444	0.6205	0.066	0.0492	0.0774	0.0507	0.0752	0.077	0.0386	0.1139	0.0923	0.0265	0.1963	0.1219
14	0.5129	0.6033	0.0664	0.0496	0.0777	0.0508	0.0756	0.0771	0.0384	0.1133	0.092	0.0265	0.1956	0.1216
15	0.4813	0.5855	0.0658	0.0495	0.0774	0.0506	0.075	0.0768	0.0386	0.1137	0.0921	0.0265	0.1949	0.1214
16	0.4505	0.5667	0.0657	0.0494	0.0776	0.0504	0.0748	0.077	0.0382	0.1124	0.0918	0.0264	0.1937	0.1213
17	0.421	0.5518	0.0664	0.0499	0.078	0.0506	0.0751	0.0771	0.0381	0.1124	0.0917	0.0265	0.1945	0.1215
18	0.3926	0.5333	0.0665	0.0501	0.078	0.0505	0.0751	0.077	0.038	0.1118	0.0914	0.0265	0.1941	0.1213
19	0.3658	0.5187	0.0669	0.0503	0.0783	0.0502	0.0747	0.0769	0.038	0.1115	0.0915	0.0265	0.1938	0.1213
20	0.3418	0.506	0.0676	0.0509	0.0788	0.0506	0.0754	0.0773	0.0383	0.1126	0.092	0.0264	0.1936	0.1213
21	0.32	0.4937	0.0674	0.0506	0.0789	0.051	0.076	0.0779	0.0381	0.1122	0.0921	0.0265	0.1942	0.1219
22	0.2998	0.4801	0.0674	0.0507	0.0792	0.0506	0.0756	0.0778	0.0384	0.113	0.0927	0.0266	0.1955	0.1225
23	0.2815	0.469	0.0671	0.0506	0.079	0.0505	0.0759	0.0779	0.0383	0.1126	0.0926	0.0267	0.1966	0.1228
24	0.2646	0.4626	0.067	0.0507	0.0789	0.0508	0.076	0.078	0.0385	0.1135	0.0929	0.0267	0.1968	0.1229
25	0.2482	0.4519	0.0671	0.0504	0.0789	0.0509	0.0763	0.0782	0.0386	0.1141	0.0931	0.0267	0.1967	0.1229
26	0.2336	0.4461	0.0669	0.0504	0.0787	0.0515	0.0773	0.0787	0.0388	0.1148	0.0935	0.0267	0.1967	0.1232
27	0.2212	0.4434	0.0675	0.0514	0.0795	0.0515	0.0774	0.079	0.0389	0.1154	0.0939	0.0268	0.1976	0.1237
28	0.2092	0.4328	0.0676	0.0515	0.0795	0.0517	0.0777	0.0791	0.039	0.1157	0.0941	0.0269	0.1983	0.124
29	0.1984	0.4276	0.0676	0.0514	0.0794	0.0519	0.0783	0.0794	0.0391	0.116	0.0942	0.0269	0.1984	0.1241
30	0.1873	0.4235	0.0674	0.0512	0.0792	0.0521	0.0784	0.0795	0.0391	0.1158	0.0942	0.027	0.1992	0.1243
31	0.1797	0.4156	0.0675	0.0514	0.0795	0.0525	0.0792	0.0801	0.0392	0.1159	0.0947	0.027	0.1996	0.1248
32	0.1694	0.415	0.0683	0.0521	0.0799	0.0529	0.0799	0.0803	0.0394	0.1165	0.0948	0.0271	0.2002	0.125
33	0.1602	0.4151	0.0683	0.0521	0.0801	0.053	0.0799	0.0805	0.0396	0.1167	0.0951	0.0271	0.2003	0.1252
34	0.153	0.4105	0.0682	0.0522	0.0802	0.0531	0.0799	0.0808	0.0397	0.1173	0.0956	0.027	0.2002	0.1254
35	0.1464	0.4024	0.069	0.0528	0.0806	0.0531	0.0797	0.0807	0.0398	0.1179	0.0958	0.0271	0.2008	0.1257
36	0.1388	0.4064	0.0692	0.053	0.0809	0.0531	0.08	0.0809	0.0399	0.1183	0.096	0.0272	0.2015	0.126
37	0.1332	0.4027	0.0694	0.0532	0.081	0.0534	0.0805	0.0811	0.0398	0.1182	0.0959	0.0273	0.2027	0.1263
38	0.1269	0.3956	0.0691	0.0533	0.0809	0.0534	0.0807	0.0813	0.0399	0.1187	0.0962	0.0273	0.203	0.1265
39	0.1228	0.3933	0.0694	0.0533	0.081	0.0537	0.0813	0.0815	0.0399	0.1187	0.0962	0.0274	0.204	0.1269
40	0.1156	0.3941	0.0696	0.0533	0.0811	0.0541	0.0818	0.0819	0.04	0.1188	0.0964	0.0274	0.2042	0.127
41	0.1116	0.3903	0.0695	0.0534	0.0811	0.0542	0.0822	0.0821	0.0401	0.1192	0.0966	0.0275	0.2043	0.1272
42	0.106	0.3923	0.0697	0.0535	0.0812	0.0541	0.082	0.0819	0.0403	0.1195	0.0967	0.0275	0.2044	0.1272
43	0.1024	0.3869	0.0704	0.0543	0.0821	0.0542	0.0819	0.0823	0.0403	0.1196	0.0972	0.0275	0.2051	0.1278
44	0.0989	0.3861	0.0703	0.0544	0.082	0.0543	0.0822	0.0824	0.0406	0.1205	0.0975	0.0275	0.2055	0.1279
45	0.0953	0.3899	0.0706	0.0548	0.0822	0.0548	0.0831	0.0828	0.0406	0.1204	0.0975	0.0276	0.2057	0.128
46	0.0902	0.3811	0.0706	0.0551	0.0824	0.0549	0.0833	0.0831	0.0408	0.1208	0.0979	0.0276	0.2058	0.1282
47	0.0862	0.3865	0.0707	0.055	0.0825	0.055	0.0837	0.0833	0.0408	0.1211	0.0981	0.0276	0.2058	0.1284
48	0.0849	0.383	0.0706	0.055	0.0825	0.0552	0.0838	0.0835	0.0407	0.1208	0.0981	0.0277	0.2063	0.1287
49	0.0815	0.374	0.0702	0.0547	0.0819	0.055	0.0836	0.0831	0.0407	0.1209	0.0978	0.0278	0.2069	0.1286
50	0.0778	0.3773	0.0704	0.0547	0.082	0.0551	0.0837	0.0831	0.0408	0.1214	0.098	0.0277	0.2069	0.1286
51	0.0755	0.3809	0.0708	0.0549	0.0823	0.0553	0.0841	0.0835	0.0409	0.1218	0.0983	0.0277	0.2066	0.1288
52	0.0714	0.381	0.0707	0.0548	0.0825	0.0554	0.0843	0.0838	0.041	0.122	0.0987	0.0277	0.207	0.1292
53	0.0703	0.3763	0.0708	0.055	0.0828	0.0559	0.085	0.0844	0.0411	0.1226	0.0992	0.0277	0.2069	0.1294
54	0.0673	0.3797	0.071	0.0554	0.083	0.0561	0.0852	0.0847	0.0411	0.1226	0.0993	0.0278	0.2074	0.1298
55	0.0653	0.3779	0.0713	0.0557	0.0833	0.0559	0.0848	0.0845	0.0413	0.1233	0.0996	0.0278	0.2078	0.1299
56	0.0638	0.3829	0.0713	0.0558	0.0832	0.0559	0.0849	0.0845	0.0414	0.124	0.0997	0.0278	0.2077	0.1299
57	0.0623	0.3769	0.0717	0.0564	0.0834	0.056	0.085	0.0845	0.0415	0.1246	0.1	0.0278	0.208	0.13
58	0.0597	0.3713	0.0721	0.0565	0.0835	0.056	0.0848	0.0844	0.0414	0.1245	0.0998	0.0278	0.2081	0.1299
59	0.0573	0.3734	0.0722	0.0566	0.0837	0.0561	0.0851	0.0846	0.0415	0.1247	0.1	0.0278	0.2086	0.1302
60	0.0549	0.3725	0.0722	0.0565	0.0835	0.0562	0.0856	0.0846	0.0417	0.1251	0.1001	0.0279	0.2092	0.1303
61	0.0552	0.3662	0.0723	0.0565	0.0837	0.0564	0.086	0.0849	0.0417	0.1254	0.1003	0.028	0.2102	0.1307
62	0.0524	0.3758	0.0722	0.0566	0.0836	0.0567	0.0864	0.0851	0.0417	0.1257	0.1004	0.028	0.2102	0.1307
63	0.0509	0.3709	0.0721	0.0566	0.0834	0.0566	0.0864	0.085	0.0418	0.1261	0.1004	0.028	0.2107	0.1308
64	0.049	0.3684	0.0725	0.0568	0.084	0.0566	0.0863	0.0852	0.0419	0.1262	0.1007	0.028	0.2108	0.1311
65	0.049	0.3747	0.0723	0.0568	0.0838	0.0567	0.0865	0.0852	0.042	0.1268	0.1009	0.0281	0.2107	0.131
66	0.0473	0.3665	0.0724	0.0569	0.0838	0.0568	0.0867	0.0853	0.0419	0.1266	0.1007	0.0281	0.2106	0.131
67	0.046	0.3697	0.0724	0.0569	0.084	0.0568	0.0869	0.0855	0.042	0.1267	0.101	0.0281	0.2109	0.1313
68	0.0449	0.3713	0.0725	0.0571	0.0842	0.0569	0.0874	0.0858	0.0421	0.1273	0.1014	0.0281	0.2107	0.1314
69	0.0442	0.3687	0.0731	0.0576	0.0848	0.057	0.0878	0.0862	0.042	0.1272	0.1016	0.0281	0.2111	0.1318
70	0.0422	0.3652	0.0736	0.0581	0.0854	0.0572	0.0881	0.0866	0.0421	0.1273	0.1019	0.0282	0.2118	0.1322
71	0.0422	0.3693	0.0731	0.0578	0.0852	0.0573	0.088	0.0867	0.0422	0.1278	0.1021	0.0282	0.2121	0.1324
72	0.0416	0.3698	0.0731	0.0579	0.0851	0.0572	0.0879	0.0865	0.0422	0.1275	0.1019	0.0281	0.2114	0.1321
73	0.0393	0.3694	0.073	0.0581	0.0849	0.0575	0.0884	0.0866	0.0422	0.1281	0.102	0.0281	0.2116	0.1321
74	0.0377	0.362	0.073	0.0578	0.085	0.0574	0.0885	0.0868	0.0423	0.1283	0.1023	0.0281	0.2116	0.1323
75	0.0389	0.3641	0.0733	0.0581	0.0852	0.0575	0.0886	0.0868	0.0425	0.1289	0.1025	0.0281	0.212	0.1324
76	0.0369	0.3649	0.073	0.0578	0.0847	0.0576	0.089	0.0868	0.0425	0.1292	0.1024	0.0282	0.2121	0.1323
77	0.0366	0.3677	0.0731	0.0579	0.0847	0.0576	0.0888	0.0866	0.0425	0.1296	0.1025	0.0282	0.2127	0.1323
78	0.0358	0.3607	0.0729	0.0576	0.0846	0.0576	0.0888	0.0868	0.0426	0.1297	0.1027	0.0282	0.2124	0.1325
79	0.0354	0.3672	0.0733	0.0582	0.0852	0.0578	0.0893	0.0872	0.0426	0.1298	0.103	0.0282	0.2124	0.1327
80	0.0338	0.3606	0.0735	0.0582	0.0854	0.0577	0.0887	0.0871	0.0425	0.1294	0.1029	0.0282	0.2126	0.1328
81	0.0338	0.3659	0.0735	0.0579	0.0853	0.0577	0.0887	0.0871	0.0424	0.1293	0.1029	0.0281	0.2119	0.1326
82	0.0321	0.3647	0.0733	0.0577	0.0852	0.0576	0.0887	0.0871	0.0425	0.1292	0.1029	0.0281	0.2118	0.1326
83	0.0327	0.3632	0.0732	0.0577	0.0854	0.0579	0.0892	0.0875	0.0424	0.1289	0.103	0.0281	0.2121	0.133
84	0.0305	0.3557	0.0733	0.0578	0.0856	0.058	0.0896	0.0878	0.0424	0.1291	0.1032	0.0281	0.2126	0.1332
85	0.0311	0.3687	0.0736	0.058	0.0859	0.058	0.0894	0.0878	0.0424	0.1292	0.1033	0.0281	0.2124	0.1332
86	0.0302	0.3654	0.0738	0.0581	0.0859	0.0579	0.0893	0.0877	0.0426	0.1299	0.1035	0.0282	0.2122	0.1332
87	0.0301	0.3683	0.0737	0.0581	0.086	0.0581	0.0898	0.0881	0.0426	0.1299	0.1036	0.0282	0.2129	0.1335
88	0.0292	0.3715	0.0734	0.0579	0.0856	0.0579	0.0894	0.0877	0.0425	0.1297	0.1033	0.0282	0.2132	0.1334
89	0.0288	0.3693	0.0734	0.058	0.0856	0.0578	0.0892	0.0876	0.0426	0.13	0.1034	0.0283	0.2133	0.1334
90	0.0285	0.3636	0.0734	0.0579	0.086	0.0581	0.0896	0.0882	0.0427	0.1304	0.104	0.0283	0.2138	0.134
91	0.027	0.3664	0.0734	0.058	0.0863	0.0579	0.0894	0.0882	0.0429	0.1309	0.1043	0.0284	0.2145	0.1344
92	0.027	0.3582	0.0735	0.0579	0.0862	0.0581	0.0897	0.0883	0.0427	0.1305	0.1041	0.0283	0.2138	0.1341
93	0.0271	0.3654	0.0738	0.058	0.0862	0.0583	0.0897	0.0883	0.0427	0.1303	0.104	0.0283	0.2139	0.1341
94	0.026	0.3653	0.0739	0.0583	0.0865	0.0582	0.0896	0.0884	0.0426	0.1303	0.1041	0.0283	0.2137	0.1341
95	0.0267	0.3624	0.0738	0.058	0.0864	0.058	0.0894	0.0882	0.0427	0.1306	0.1042	0.0283	0.2137	0.1341
96	0.0255	0.3634	0.0735	0.0577	0.086	0.0578	0.0891	0.0879	0.0427	0.1305	0.104	0.0283	0.2138	0.134
97	0.0246	0.359	0.0738	0.0585	0.0864	0.0574	0.0886	0.0877	0.0427	0.1303	0.104	0.0283	0.2138	0.134
98	0.0248	0.3658	0.0739	0.0587	0.0864	0.0577	0.0892	0.088	0.0427	0.1306	0.1041	0.0283	0.2138	0.1341
99	0.0239	0.3631	0.0739	0.0586	0.0866	0.0578	0.0892	0.0881	0.0427	0.1305	0.1042	0.0283	0.2138	0.1343
100	0.0241	0.3647	0.0738	0.0585	0.0866	0.0578	0.0892	0.0884	0.0428	0.1307	0.1045	0.0284	0.214	0.1345
101	0.0239	0.3641	0.0738	0.0583	0.0866	0.0579	0.0893	0.0884	0.0428	0.1307	0.1046	0.0284	0.214	0.1346
102	0.0235	0.3695	0.0741	0.0588	0.0868	0.0578	0.0891	0.0884	0.0429	0.1312	0.1048	0.0284	0.2145	0.1347
103	0.0229	0.3594	0.0743	0.0588	0.0871	0.0581	0.0897	0.0888	0.043	0.1314	0.105	0.0284	0.2148	0.135
104	0.0228	0.3629	0.0743	0.0589	0.0872	0.0582	0.0898	0.089	0.043	0.1319	0.1052	0.0284	0.215	0.1352
105	0.0222	0.3642	0.0747	0.059	0.0876	0.0582	0.0899	0.0891	0.0429	0.1317	0.1053	0.0285	0.2153	0.1354
106	0.0219	0.3672	0.0749	0.0593	0.0879	0.0582	0.0899	0.0892	0.043	0.1319	0.1055	0.0283	0.214	0.1352
107	0.0219	0.3656	0.0749	0.0595	0.088	0.0583	0.0902	0.0894	0.0429	0.1317	0.1054	0.0283	0.2142	0.1353
108	0.0214	0.3655	0.0748	0.0593	0.0877	0.0584	0.0903	0.0894	0.043	0.1321	0.1055	0.0284	0.2149	0.1354
109	0.0209	0.3661	0.0747	0.0593	0.0879	0.0586	0.0908	0.0898	0.043	0.1321	0.1057	0.0284	0.2148	0.1355
110	0.0207	0.3577	0.0745	0.0592	0.0878	0.0584	0.0906	0.0897	0.0431	0.1325	0.1059	0.0283	0.2147	0.1355
111	0.0205	0.3607	0.0745	0.0592	0.0878	0.0582	0.0901	0.0894	0.043	0.1321	0.1057	0.0283	0.2139	0.1352
112	0.021	0.357	0.0752	0.0598	0.0884	0.0584	0.0903	0.0897	0.043	0.1324	0.1059	0.0283	0.2136	0.1354
113	0.0204	0.3614	0.0751	0.06	0.0879	0.0585	0.0906	0.0894	0.0431	0.1331	0.1058	0.0282	0.2133	0.1349
114	0.0198	0.3621	0.075	0.0595	0.088	0.0585	0.091	0.0897	0.0432	0.1331	0.106	0.0283	0.2137	0.1352
115	0.0194	0.3662	0.0751	0.0599	0.0882	0.0586	0.091	0.0898	0.043	0.1327	0.1059	0.0283	0.2136	0.1353
116	0.0198	0.3673	0.0751	0.0597	0.0882	0.0587	0.0911	0.0899	0.043	0.1329	0.106	0.0282	0.2131	0.1351
117	0.0195	0.3633	0.075	0.0597	0.0882	0.0587	0.0913	0.09	0.0431	0.1329	0.1061	0.0283	0.2135	0.1354
118	0.0187	0.3625	0.0747	0.0597	0.088	0.0583	0.091	0.0897	0.0433	0.1336	0.1063	0.0283	0.2136	0.1353
119	0.019	0.3626	0.0752	0.06	0.0886	0.0585	0.0909	0.09	0.0431	0.1332	0.1064	0.0283	0.2136	0.1356
120	0.0184	0.3626	0.0751	0.06	0.0883	0.0586	0.0914	0.0901	0.0431	0.1331	0.1062	0.0283	0.2135	0.1355
121	0.0184	0.3641	0.0751	0.0599	0.0882	0.0588	0.0915	0.0901	0.043	0.133	0.106	0.0282	0.2135	0.1353
122	0.0184	0.3594	0.0749	0.06	0.0882	0.0588	0.0917	0.0902	0.043	0.133	0.1061	0.0282	0.2135	0.1355
123	0.0183	0.3607	0.0746	0.0594	0.0879	0.0587	0.0916	0.0902	0.043	0.1332	0.1062	0.0283	0.2136	0.1355
124	0.0179	0.3611	0.0746	0.0594	0.088	0.0586	0.0914	0.0902	0.0431	0.1336	0.1065	0.0283	0.2137	0.1357
125	0.0177	0.3597	0.0747	0.0599	0.0882	0.0587	0.0916	0.0902	0.0432	0.1339	0.1066	0.0283	0.214	0.1357
126	0.0173	0.3616	0.0747	0.0598	0.0881	0.0588	0.0918	0.0903	0.0431	0.1337	0.1065	0.0283	0.2146	0.1358
127	0.0179	0.3574	0.0755	0.0604	0.0889	0.0589	0.0921	0.0906	0.0431	0.1336	0.1066	0.0284	0.2149	0.1362
128	0.0175	0.3627	0.0756	0.0604	0.0888	0.0588	0.0917	0.0903	0.043	0.1332	0.1063	0.0284	0.2151	0.1361
129	0.0172	0.3678	0.075	0.0601	0.0884	0.0589	0.092	0.0905	0.043	0.1331	0.1063	0.0283	0.2149	0.136
130	0.0165	0.3595	0.075	0.0598	0.0884	0.0589	0.092	0.0905	0.0431	0.1331	0.1064	0.0283	0.2143	0.1358
131	0.0168	0.3641	0.0749	0.0599	0.0885	0.0591	0.0924	0.0907	0.0431	0.133	0.1064	0.0283	0.2146	0.136
132	0.0172	0.358	0.075	0.0599	0.0885	0.0588	0.0921	0.0905	0.0432	0.1331	0.1065	0.0284	0.2155	0.1362
133	0.0167	0.3563	0.0754	0.0604	0.0888	0.0586	0.092	0.0905	0.0432	0.1338	0.1067	0.0284	0.2155	0.1362
134	0.0166	0.3649	0.0753	0.0604	0.0887	0.0586	0.0921	0.0905	0.0432	0.134	0.1067	0.0284	0.2155	0.1362
135	0.0161	0.3535	0.0754	0.0603	0.0889	0.0585	0.0922	0.0906	0.0431	0.1337	0.1067	0.0284	0.215	0.1362
136	0.0159	0.3594	0.0758	0.0604	0.0892	0.0586	0.0924	0.0907	0.0431	0.1338	0.1068	0.0283	0.215	0.1362
137	0.0154	0.3658	0.0756	0.0603	0.0891	0.0586	0.0925	0.0907	0.0431	0.1336	0.1067	0.0284	0.215	0.1363
138	0.016	0.3627	0.0755	0.06	0.089	0.0585	0.0921	0.0905	0.0432	0.1338	0.1068	0.0283	0.2148	0.1362
139	0.0155	0.3612	0.0757	0.0605	0.0892	0.0585	0.0923	0.0906	0.0432	0.1339	0.1069	0.0283	0.2149	0.1362
140	0.0156	0.3572	0.0754	0.0604	0.0889	0.0586	0.0926	0.0907	0.0432	0.134	0.1068	0.0284	0.2148	0.1362
141	0.0157	0.364	0.0753	0.0603	0.0888	0.0587	0.0927	0.0908	0.0432	0.1339	0.1068	0.0283	0.2144	0.1361
142	0.0149	0.3588	0.0753	0.0602	0.0888	0.0588	0.0928	0.0909	0.0432	0.1346	0.1071	0.0284	0.2149	0.1363
143	0.015	0.3678	0.0751	0.0601	0.0887	0.059	0.0931	0.0911	0.0432	0.1345	0.107	0.0283	0.2143	0.1361
144	0.0146	0.3763	0.0748	0.06	0.0885	0.0588	0.0927	0.0908	0.0432	0.1346	0.1069	0.0283	0.2145	0.1361
145	0.0146	0.358	0.0747	0.0598	0.0884	0.0589	0.0929	0.0909	0.0431	0.1343	0.1069	0.0283	0.2144	0.1361
146	0.0149	0.3655	0.0745	0.0598	0.0882	0.0588	0.093	0.0907	0.043	0.134	0.1066	0.0283	0.2142	0.1359
147	0.0144	0.3588	0.0746	0.0598	0.0883	0.0585	0.0925	0.0905	0.0429	0.1336	0.1065	0.0283	0.2142	0.136
148	0.0135	0.3537	0.0745	0.0598	0.0882	0.0584	0.0924	0.0904	0.0429	0.1335	0.1064	0.0282	0.2138	0.1358
149	0.0145	0.3638	0.0745	0.0596	0.088	0.0584	0.0926	0.0904	0.043	0.1334	0.1063	0.0282	0.2135	0.1355
150	0.0141	0.3561	0.0745	0.0597	0.0879	0.0584	0.0924	0.0902	0.0431	0.1337	0.1063	0.0282	0.2141	0.1355
151	0.0144	0.3647	0.0747	0.0602	0.0882	0.0583	0.0919	0.0901	0.0431	0.1337	0.1065	0.0282	0.2139	0.1356
152	0.0141	0.3619	0.0743	0.0595	0.0878	0.0585	0.0923	0.0902	0.0431	0.1339	0.1065	0.0282	0.2142	0.1356
153	0.014	0.3667	0.0742	0.0595	0.0878	0.0583	0.092	0.0901	0.0432	0.1342	0.1065	0.0283	0.2146	0.1357
154	0.0138	0.3624	0.0746	0.0597	0.088	0.0583	0.0922	0.0901	0.0431	0.134	0.1064	0.0283	0.2148	0.1357
155	0.0136	0.3529	0.0747	0.0597	0.0882	0.0583	0.0922	0.0902	0.0432	0.1343	0.1066	0.0282	0.2143	0.1357
156	0.0136	0.358	0.0749	0.06	0.0883	0.0583	0.0923	0.0903	0.0432	0.1343	0.1067	0.0283	0.2145	0.1358
157	0.0132	0.3602	0.0749	0.0602	0.0884	0.0585	0.0925	0.0904	0.0432	0.1341	0.1066	0.0283	0.2146	0.1359
158	0.0135	0.3643	0.0751	0.0603	0.0887	0.0586	0.0927	0.0906	0.0432	0.1343	0.1068	0.0283	0.2154	0.1362
159	0.0134	0.3626	0.0749	0.0603	0.0885	0.0585	0.0926	0.0904	0.0434	0.1347	0.1069	0.0283	0.2153	0.1361
160	0.0131	0.3611	0.0751	0.0605	0.0885	0.0586	0.0926	0.0904	0.0434	0.1349	0.1069	0.0283	0.2153	0.1361
161	0.0133	0.3631	0.0749	0.0604	0.0886	0.0585	0.0923	0.0904	0.0432	0.1342	0.1068	0.0283	0.2148	0.136
162	0.0128	0.3585	0.075	0.0603	0.0885	0.0586	0.0924	0.0904	0.0433	0.1345	0.1068	0.0283	0.2145	0.1359
163	0.013	0.3651	0.0754	0.0605	0.0887	0.0588	0.0925	0.0905	0.0433	0.1342	0.1067	0.0283	0.2147	0.1359
164	0.0129	0.3646	0.0754	0.0604	0.0886	0.0587	0.0925	0.0904	0.0433	0.134	0.1066	0.0283	0.2145	0.1358
165	0.013	0.357	0.0754	0.0605	0.0887	0.0588	0.093	0.0905	0.0433	0.1342	0.1067	0.0283	0.2147	0.1358
166	0.0125	0.3635	0.0755	0.0606	0.0886	0.0589	0.0931	0.0905	0.0433	0.1344	0.1066	0.0283	0.2147	0.1358
167	0.0125	0.3636	0.0754	0.0606	0.0886	0.0589	0.0928	0.0905	0.0432	0.1339	0.1066	0.0283	0.2149	0.1359
168	0.0123	0.3666	0.0753	0.0605	0.0886	0.0588	0.0927	0.0904	0.0434	0.1345	0.1068	0.0283	0.2152	0.136
169	0.0126	0.3589	0.0755	0.0606	0.0889	0.0588	0.0927	0.0906	0.0435	0.1347	0.1071	0.0283	0.2151	0.1362
170	0.0121	0.3577	0.0754	0.0605	0.089	0.0588	0.0927	0.0907	0.0434	0.1344	0.107	0.0284	0.2153	0.1363
171	0.0126	0.3617	0.0758	0.0611	0.0894	0.0588	0.0928	0.0909	0.0435	0.1345	0.1073	0.0283	0.215	0.1364
172	0.0121	0.3599	0.0757	0.0609	0.0895	0.0589	0.0927	0.091	0.0434	0.135	0.1075	0.0284	0.215	0.1365
173	0.0124	0.3585	0.0756	0.0608	0.0895	0.0591	0.0929	0.0912	0.0436	0.1355	0.1077	0.0283	0.2149	0.1365
174	0.0118	0.3636	0.0759	0.061	0.0897	0.0591	0.0929	0.0913	0.0437	0.1356	0.1079	0.0282	0.2142	0.1364
175	0.0124	0.3499	0.0759	0.061	0.0896	0.0591	0.0929	0.0912	0.0436	0.1354	0.1077	0.0282	0.2142	0.1363
176	0.0118	0.3565	0.0757	0.0608	0.0895	0.059	0.0928	0.0912	0.0436	0.1357	0.1078	0.0282	0.2142	0.1363
177	0.0124	0.3619	0.0759	0.0607	0.0896	0.0592	0.0933	0.0914	0.0437	0.1358	0.1079	0.0283	0.2146	0.1365
178	0.0116	0.3624	0.0758	0.0607	0.0895	0.0591	0.0931	0.0913	0.0436	0.1356	0.1077	0.0283	0.2148	0.1365
179	0.0117	0.3624	0.0755	0.0605	0.0894	0.059	0.0928	0.0912	0.0435	0.1352	0.1077	0.0283	0.2145	0.1365
180	0.012	0.3644	0.0757	0.0606	0.0894	0.0587	0.0926	0.0909	0.0435	0.1349	0.1074	0.0283	0.2152	0.1364
181	0.0117	0.3522	0.0757	0.0606	0.0894	0.0586	0.0926	0.0908	0.0435	0.1353	0.1074	0.0283	0.2153	0.1364
182	0.0115	0.3624	0.0758	0.0607	0.0896	0.0588	0.0932	0.0911	0.0435	0.1354	0.1076	0.0283	0.2154	0.1365
183	0.012	0.3667	0.0756	0.0606	0.0895	0.0587	0.0931	0.0911	0.0435	0.1351	0.1076	0.0283	0.2149	0.1365
184	0.0118	0.3626	0.0758	0.0608	0.0898	0.0586	0.0928	0.0912	0.0434	0.1349	0.1076	0.0283	0.2153	0.1368
185	0.0118	0.3672	0.0758	0.0609	0.09	0.0585	0.0928	0.0913	0.0435	0.1354	0.108	0.0283	0.2152	0.137
186	0.0118	0.3603	0.0759	0.0609	0.0903	0.0586	0.0932	0.0916	0.0435	0.1351	0.1081	0.0283	0.2149	0.137
187	0.0114	0.3568	0.0757	0.0608	0.0902	0.0588	0.0932	0.0917	0.0435	0.135	0.1081	0.0283	0.2152	0.1371
188	0.0115	0.3547	0.0758	0.0608	0.0901	0.0586	0.0931	0.0914	0.0435	0.1351	0.108	0.0283	0.215	0.1369
189	0.0116	0.3596	0.0761	0.0609	0.0904	0.0586	0.0932	0.0916	0.0435	0.1351	0.1081	0.0283	0.2149	0.137
190	0.0112	0.3627	0.076	0.061	0.0902	0.0587	0.0934	0.0916	0.0435	0.135	0.108	0.0283	0.2147	0.1368
191	0.0111	0.3599	0.0758	0.0607	0.0899	0.0586	0.0931	0.0913	0.0434	0.1348	0.1077	0.0283	0.2149	0.1367
192	0.0114	0.3521	0.0756	0.0605	0.0898	0.0585	0.0928	0.0913	0.0434	0.1346	0.1077	0.0283	0.2149	0.1368
193	0.011	0.3522	0.0756	0.0606	0.0899	0.0586	0.0929	0.0914	0.0434	0.1346	0.1078	0.0283	0.215	0.1369
194	0.0106	0.368	0.0756	0.0606	0.0898	0.0587	0.093	0.0913	0.0433	0.134	0.1075	0.0282	0.2149	0.1366
195	0.0109	0.3671	0.0757	0.0609	0.0899	0.0586	0.093	0.0913	0.0433	0.134	0.1074	0.0282	0.2142	0.1365
196	0.0112	0.3496	0.0755	0.0608	0.0899	0.0587	0.0932	0.0915	0.0431	0.1334	0.1074	0.0282	0.2141	0.1366
197	0.0107	0.364	0.0759	0.0608	0.0901	0.0587	0.0935	0.0916	0.0433	0.1339	0.1075	0.0282	0.2137	0.1365
198	0.0108	0.3543	0.0761	0.0609	0.0901	0.0586	0.0932	0.0914	0.0433	0.1343	0.1075	0.0282	0.2139	0.1365
199	0.0108	0.3663	0.0761	0.061	0.09	0.0584	0.0931	0.0911	0.0434	0.1345	0.1075	0.0282	0.2135	0.1362
200	0.0109	0.3629	0.0759	0.0609	0.0902	0.0583	0.093	0.0912	0.0434	0.1347	0.1077	0.0282	0.2136	0.1364
201	0.0108	0.3634	0.0761	0.0611	0.0903	0.0584	0.0932	0.0913	0.0435	0.1345	0.1077	0.0282	0.2137	0.1364
202	0.0106	0.3575	0.0757	0.0608	0.09	0.0583	0.0929	0.0912	0.0434	0.1343	0.1076	0.0282	0.2137	0.1364
203	0.0105	0.3622	0.0758	0.061	0.09	0.0583	0.0929	0.0911	0.0434	0.1347	0.1076	0.0282	0.214	0.1363
204	0.0104	0.3675	0.0756	0.0609	0.0899	0.0586	0.0933	0.0914	0.0433	0.1346	0.1075	0.0282	0.2139	0.1363
205	0.0105	0.3553	0.0758	0.0611	0.09	0.0586	0.093	0.0913	0.0433	0.1345	0.1075	0.0282	0.2141	0.1364
206	0.0106	0.3571	0.0759	0.0614	0.0905	0.0584	0.0927	0.0914	0.0432	0.1342	0.1076	0.0282	0.2142	0.1367
207	0.0103	0.3583	0.0754	0.061	0.0901	0.0584	0.0929	0.0914	0.0432	0.1345	0.1077	0.0281	0.2138	0.1365
208	0.0106	0.3676	0.0756	0.0612	0.0902	0.0585	0.093	0.0914	0.0432	0.1345	0.1077	0.0282	0.214	0.1366
209	0.0101	0.3654	0.0758	0.0611	0.0905	0.0586	0.093	0.0916	0.0433	0.1345	0.1078	0.0282	0.2144	0.1368
210	0.01	0.3591	0.0759	0.0612	0.0907	0.0584	0.0927	0.0915	0.0433	0.1349	0.108	0.0282	0.214	0.1367
211	0.0102	0.3528	0.0756	0.0607	0.0905	0.0584	0.0926	0.0915	0.0433	0.1348	0.108	0.0282	0.2144	0.1369
212	0.0102	0.3619	0.0756	0.0606	0.0903	0.0586	0.0927	0.0916	0.0433	0.1347	0.1079	0.0282	0.2146	0.1369
213	0.0101	0.3547	0.0756	0.0606	0.0904	0.0585	0.0926	0.0915	0.0434	0.1349	0.1081	0.0282	0.2148	0.137
214	0.0102	0.3643	0.0757	0.0606	0.0905	0.0585	0.0928	0.0918	0.0435	0.1352	0.1084	0.0282	0.2152	0.1372
215	0.0101	0.3658	0.0757	0.0609	0.0906	0.0583	0.0925	0.0916	0.0434	0.1349	0.1083	0.0281	0.2143	0.137
216	0.0102	0.355	0.0758	0.0611	0.0906	0.0584	0.0929	0.0917	0.0433	0.1347	0.1081	0.0281	0.2143	0.1369
217	0.0104	0.3558	0.0758	0.0612	0.0906	0.0583	0.0926	0.0916	0.0432	0.1344	0.108	0.0281	0.214	0.1368
218	0.0105	0.3633	0.076	0.0614	0.0909	0.0585	0.0926	0.0918	0.0432	0.1347	0.1082	0.0281	0.2142	0.137
219	0.0098	0.3612	0.0761	0.0618	0.0913	0.0585	0.0926	0.092	0.0433	0.1351	0.1086	0.0281	0.2143	0.1373
220	0.01	0.3512	0.0762	0.0619	0.0914	0.0585	0.0927	0.0921	0.0434	0.1353	0.1087	0.0281	0.2143	0.1373
221	0.0095	0.3553	0.0758	0.0615	0.0911	0.0586	0.0927	0.0921	0.0434	0.1354	0.1087	0.0282	0.2145	0.1374
222	0.0097	0.3669	0.0759	0.0617	0.0912	0.0586	0.0926	0.0921	0.0434	0.1355	0.1088	0.0282	0.2144	0.1374
223	0.0096	0.3559	0.0761	0.062	0.0915	0.0585	0.0925	0.0921	0.0433	0.1349	0.1086	0.0282	0.2144	0.1374
224	0.0095	0.3621	0.0761	0.0622	0.0915	0.0584	0.0922	0.092	0.0433	0.1349	0.1086	0.0281	0.214	0.1373
225	0.0098	0.3553	0.0758	0.062	0.0914	0.0584	0.0924	0.0921	0.0434	0.1351	0.1088	0.0281	0.2139	0.1374
226	0.0097	0.3711	0.0759	0.062	0.0912	0.0586	0.0927	0.092	0.0434	0.1353	0.1087	0.0281	0.2142	0.1373
227	0.0095	0.3589	0.076	0.062	0.0912	0.0584	0.0922	0.0918	0.0434	0.1355	0.1087	0.0281	0.2141	0.1372
228	0.0094	0.3499	0.0761	0.0621	0.0914	0.0586	0.0927	0.0922	0.0434	0.1353	0.1087	0.0281	0.2136	0.1372
229	0.009	0.3605	0.0762	0.0623	0.0915	0.0586	0.0928	0.0922	0.0434	0.1353	0.1088	0.0281	0.2137	0.1372
230	0.0093	0.358	0.0761	0.0622	0.0915	0.0587	0.093	0.0923	0.0435	0.1356	0.109	0.0281	0.2136	0.1373
231	0.0092	0.3638	0.0763	0.0623	0.0913	0.0588	0.0931	0.0921	0.0436	0.1359	0.1088	0.0281	0.2136	0.137
232	0.0095	0.3593	0.0766	0.0624	0.0913	0.0587	0.093	0.0919	0.0436	0.1358	0.1087	0.0281	0.2138	0.1369
233	0.01	0.3678	0.0767	0.0625	0.0915	0.0587	0.093	0.092	0.0434	0.1355	0.1086	0.028	0.2132	0.1368
234	0.0096	0.3695	0.0765	0.0623	0.0911	0.0586	0.0931	0.0918	0.0434	0.1354	0.1084	0.028	0.2131	0.1366
235	0.0096	0.3582	0.0763	0.0623	0.0911	0.0585	0.093	0.0918	0.0434	0.1354	0.1084	0.028	0.2129	0.1366
236	0.009	0.359	0.0764	0.0624	0.091	0.0585	0.0929	0.0917	0.0434	0.1353	0.1082	0.028	0.2131	0.1364
237	0.0094	0.359	0.0765	0.0624	0.0911	0.0586	0.0931	0.0918	0.0434	0.1352	0.1082	0.0279	0.2126	0.1363
238	0.0095	0.3618	0.0765	0.0625	0.0912	0.0585	0.0925	0.0917	0.0433	0.135	0.1082	0.0279	0.2124	0.1364
239	0.0093	0.3618	0.0765	0.0623	0.0911	0.0588	0.0931	0.0919	0.0433	0.135	0.1082	0.0279	0.2122	0.1363
240	0.0094	0.357	0.0765	0.0622	0.0912	0.0587	0.0931	0.092	0.0432	0.1346	0.1082	0.028	0.2127	0.1366
241	0.0091	0.3647	0.0763	0.0618	0.0907	0.0587	0.093	0.0917	0.0431	0.1347	0.1079	0.0279	0.2123	0.1361
242	0.0093	0.3606	0.0765	0.062	0.0908	0.0586	0.0928	0.0916	0.0431	0.1345	0.1078	0.0279	0.2127	0.1362
243	0.0093	0.3641	0.0766	0.0623	0.0909	0.0586	0.0928	0.0916	0.0431	0.1346	0.1078	0.0279	0.2125	0.1362
244	0.0091	0.3603	0.0765	0.0622	0.0908	0.0587	0.0929	0.0917	0.0432	0.1347	0.108	0.0279	0.2124	0.1362
245	0.0089	0.3539	0.0758	0.0616	0.0902	0.0586	0.0931	0.0915	0.0432	0.1348	0.1078	0.0279	0.2123	0.136
246	0.0091	0.3555	0.076	0.0617	0.0903	0.0586	0.0931	0.0915	0.0432	0.1348	0.1077	0.0279	0.2123	0.136
247	0.0089	0.3607	0.0762	0.062	0.0905	0.0586	0.0932	0.0916	0.0431	0.1347	0.1078	0.0279	0.2123	0.1361
248	0.0084	0.3616	0.0761	0.0619	0.0904	0.0587	0.0933	0.0917	0.0432	0.1349	0.1079	0.0279	0.2123	0.1361
249	0.0091	0.3615	0.076	0.0617	0.0904	0.0587	0.0935	0.0917	0.0433	0.1351	0.108	0.028	0.2126	0.1362
250	0.0092	0.3588	0.0762	0.0619	0.0904	0.0588	0.0934	0.0917	0.0433	0.1351	0.1079	0.0279	0.2126	0.1361
251	0.0087	0.3708	0.0758	0.0617	0.0902	0.0586	0.0932	0.0916	0.0432	0.1349	0.1078	0.028	0.2128	0.1361
252	0.0085	0.3607	0.0756	0.0614	0.0901	0.0585	0.0929	0.0914	0.0432	0.1351	0.1078	0.028	0.2126	0.136
253	0.009	0.3618	0.0754	0.0612	0.09	0.0586	0.0931	0.0915	0.0432	0.1353	0.1079	0.0279	0.2116	0.1359
254	0.0089	0.3604	0.0752	0.0611	0.0897	0.0587	0.0932	0.0914	0.0432	0.1353	0.1078	0.0279	0.212	0.1358
255	0.0084	0.357	0.0757	0.0613	0.09	0.0587	0.093	0.0914	0.0431	0.135	0.1076	0.0279	0.212	0.1357
256	0.0089	0.3587	0.0757	0.0612	0.09	0.0587	0.0931	0.0915	0.0432	0.1352	0.1078	0.0279	0.2119	0.1358
257	0.0093	0.3623	0.0756	0.0613	0.0901	0.0589	0.0933	0.0917	0.0432	0.1353	0.1079	0.0279	0.2119	0.1358
258	0.0086	0.3653	0.076	0.0615	0.0905	0.0589	0.0934	0.0919	0.0431	0.1349	0.1079	0.0279	0.2117	0.1359
259	0.0087	0.3571	0.076	0.0615	0.0904	0.0587	0.0933	0.0917	0.043	0.1345	0.1076	0.0279	0.2118	0.1358
260	0.0088	0.37	0.0758	0.0614	0.0902	0.0587	0.0931	0.0916	0.043	0.1344	0.1075	0.0279	0.212	0.1358
261	0.0091	0.3689	0.0759	0.0614	0.0904	0.0588	0.0931	0.0917	0.0431	0.1347	0.1078	0.0279	0.2121	0.1359
262	0.0085	0.3657	0.0761	0.0616	0.0907	0.0586	0.093	0.0917	0.043	0.1341	0.1076	0.0279	0.2122	0.136
263	0.0085	0.3623	0.0761	0.0615	0.0904	0.0586	0.0929	0.0915	0.0429	0.134	0.1074	0.0278	0.2118	0.1357
264	0.0086	0.3599	0.076	0.0615	0.0903	0.0585	0.0928	0.0913	0.0429	0.134	0.1073	0.0278	0.2117	0.1356
265	0.0086	0.3633	0.0759	0.0614	0.0901	0.0584	0.0926	0.0911	0.0429	0.1341	0.1072	0.0278	0.2117	0.1354
266	0.0086	0.3655	0.0756	0.0612	0.0899	0.0582	0.0924	0.091	0.0429	0.1339	0.1072	0.0279	0.2124	0.1357
267	0.0088	0.3562	0.076	0.0617	0.0901	0.0583	0.0924	0.0909	0.043	0.1343	0.1072	0.0279	0.2122	0.1355
268	0.0081	0.3549	0.0759	0.0616	0.0902	0.0582	0.0923	0.0909	0.043	0.1344	0.1073	0.0279	0.2123	0.1356
269	0.0087	0.3655	0.0758	0.0614	0.0901	0.0582	0.0923	0.091	0.043	0.1344	0.1074	0.0279	0.2124	0.1357
270	0.0083	0.3605	0.0756	0.0612	0.0899	0.0583	0.0925	0.091	0.0429	0.1342	0.1072	0.0279	0.2128	0.1357
271	0.0081	0.3662	0.0754	0.0611	0.0898	0.0582	0.0925	0.091	0.0429	0.1341	0.1072	0.0279	0.2128	0.1358
272	0.0086	0.363	0.0756	0.0612	0.0899	0.0583	0.0929	0.0911	0.043	0.1341	0.1072	0.0279	0.2125	0.1357
273	0.0083	0.3613	0.0755	0.0611	0.0898	0.0584	0.0927	0.0911	0.043	0.1341	0.1072	0.0279	0.2124	0.1356
274	0.0081	0.3565	0.0753	0.0607	0.0896	0.0583	0.0928	0.091	0.043	0.1343	0.1072	0.0279	0.2128	0.1357
275	0.0082	0.3598	0.075	0.0606	0.0894	0.0583	0.0927	0.091	0.0431	0.1344	0.1072	0.0279	0.213	0.1357
276	0.0081	0.3495	0.0751	0.061	0.0896	0.0582	0.0928	0.091	0.043	0.1343	0.1073	0.028	0.2131	0.1358
277	0.0084	0.3626	0.0758	0.0615	0.0901	0.0582	0.0927	0.0912	0.0431	0.1344	0.1075	0.0279	0.2129	0.1359
278	0.0083	0.3679	0.0757	0.0613	0.0903	0.0583	0.0929	0.0914	0.043	0.1344	0.1075	0.0279	0.2127	0.1359
279	0.0082	0.3681	0.0758	0.0613	0.0903	0.0584	0.093	0.0914	0.0431	0.1347	0.1076	0.0279	0.2126	0.1358
280	0.0079	0.3601	0.0755	0.0612	0.09	0.0582	0.0928	0.0912	0.0431	0.1347	0.1075	0.0279	0.2127	0.1358
281	0.0086	0.3662	0.0754	0.0609	0.0898	0.0584	0.0929	0.0913	0.0432	0.1349	0.1076	0.0279	0.2129	0.1358
282	0.008	0.3671	0.0755	0.0611	0.0901	0.0584	0.0928	0.0913	0.0432	0.135	0.1077	0.0279	0.2128	0.1358
283	0.0079	0.3505	0.0757	0.0612	0.0902	0.0584	0.0928	0.0913	0.0432	0.1351	0.1078	0.0279	0.2127	0.1359
284	0.0077	0.3623	0.0759	0.0616	0.0903	0.0585	0.093	0.0914	0.0433	0.1352	0.1078	0.0279	0.2128	0.1359
285	0.0083	0.3604	0.0763	0.0619	0.0907	0.0584	0.0928	0.0915	0.0432	0.1348	0.1078	0.0279	0.2129	0.136
286	0.008	0.3598	0.0765	0.0619	0.0907	0.0584	0.0927	0.0914	0.0433	0.1349	0.1078	0.0279	0.2132	0.136
287	0.008	0.3676	0.0761	0.0618	0.0903	0.0584	0.0927	0.0912	0.0432	0.1347	0.1075	0.0279	0.2132	0.1359
288	0.0085	0.3626	0.0758	0.0615	0.0904	0.0583	0.0922	0.0913	0.0431	0.1346	0.1078	0.0279	0.2132	0.1361
289	0.0082	0.3576	0.0761	0.0615	0.0906	0.0583	0.0924	0.0913	0.0431	0.1346	0.1078	0.0279	0.2129	0.1361
290	0.0078	0.3654	0.0761	0.0616	0.0906	0.0583	0.0925	0.0914	0.0432	0.1347	0.1078	0.0279	0.213	0.1361
291	0.0081	0.3509	0.0758	0.0615	0.0904	0.0582	0.0926	0.0913	0.0432	0.1345	0.1077	0.0278	0.2123	0.1358
292	0.0077	0.3667	0.0759	0.0615	0.0905	0.0582	0.0927	0.0914	0.0433	0.1351	0.108	0.0278	0.2123	0.136
293	0.008	0.3645	0.076	0.0615	0.0906	0.0582	0.0928	0.0915	0.0432	0.1347	0.1079	0.0278	0.2123	0.136
294	0.0085	0.3657	0.076	0.0616	0.0907	0.0583	0.0931	0.0917	0.0433	0.1349	0.1081	0.0278	0.2123	0.1361
295	0.0081	0.3656	0.0759	0.0616	0.0907	0.0583	0.0931	0.0918	0.0432	0.135	0.1082	0.0278	0.2124	0.1363
296	0.0078	0.3725	0.0758	0.0615	0.0906	0.0582	0.0929	0.0916	0.0432	0.1346	0.108	0.0279	0.2126	0.1363
297	0.0082	0.3553	0.0755	0.0614	0.0904	0.0581	0.0928	0.0915	0.0431	0.1346	0.108	0.0279	0.2123	0.1361
298	0.0082	0.3571	0.0757	0.0615	0.0906	0.0582	0.0928	0.0917	0.0432	0.1348	0.1082	0.0278	0.2121	0.1362
299	0.0077	0.3646	0.0754	0.0614	0.0904	0.0582	0.0928	0.0916	0.0432	0.1351	0.1081	0.0278	0.2122	0.1361
300	0.008	0.3655	0.0755	0.0615	0.0903	0.0584	0.093	0.0917	0.0432	0.135	0.108	0.0278	0.2125	0.1361
301	0.0078	0.3594	0.0758	0.0617	0.0905	0.0584	0.0932	0.0917	0.0432	0.1353	0.1082	0.0279	0.2124	0.1361
302	0.0075	0.3574	0.0757	0.0616	0.0904	0.0584	0.093	0.0917	0.0432	0.1349	0.1081	0.0279	0.213	0.1363
303	0.0081	0.3623	0.0755	0.0617	0.0905	0.0583	0.0928	0.0916	0.0432	0.1347	0.1081	0.0279	0.2127	0.1363
304	0.0079	0.3647	0.0754	0.0617	0.0906	0.0583	0.0931	0.0919	0.0432	0.1348	0.1083	0.0279	0.2127	0.1364
305	0.0081	0.3608	0.0758	0.0619	0.0909	0.0586	0.0937	0.0922	0.0434	0.1356	0.1086	0.0279	0.2127	0.1365
306	0.0077	0.3579	0.0761	0.062	0.091	0.0585	0.0936	0.0921	0.0435	0.1362	0.1088	0.0279	0.2125	0.1364
307	0.0078	0.3694	0.076	0.062	0.0907	0.0587	0.0937	0.092	0.0435	0.1359	0.1085	0.0279	0.2131	0.1364
308	0.0074	0.354	0.0758	0.0617	0.0905	0.0586	0.0936	0.0919	0.0434	0.1357	0.1084	0.0279	0.2126	0.1362
309	0.0074	0.3593	0.0758	0.0617	0.0906	0.0588	0.0941	0.0922	0.0434	0.1355	0.1084	0.0279	0.2127	0.1364
310	0.0076	0.3605	0.0757	0.0617	0.0905	0.0587	0.0937	0.092	0.0434	0.1355	0.1083	0.0279	0.2124	0.1362
311	0.0075	0.3663	0.0761	0.0622	0.0909	0.0587	0.0937	0.0921	0.0434	0.1354	0.1084	0.0279	0.2124	0.1363
312	0.0073	0.3663	0.076	0.0621	0.0908	0.0587	0.0936	0.092	0.0434	0.1355	0.1084	0.0279	0.2124	0.1362
313	0.0076	0.3585	0.0761	0.0621	0.0909	0.0588	0.0935	0.092	0.0434	0.1355	0.1084	0.0279	0.2123	0.1363
314	0.0078	0.3663	0.0762	0.0622	0.0908	0.0587	0.0935	0.0919	0.0434	0.1356	0.1083	0.0278	0.2122	0.1361
315	0.0078	0.3661	0.0764	0.0625	0.091	0.0587	0.0936	0.092	0.0434	0.1357	0.1084	0.0278	0.2117	0.136
316	0.0073	0.3604	0.0767	0.0627	0.0913	0.0588	0.0938	0.0921	0.0434	0.1356	0.1084	0.0278	0.2119	0.1361
317	0.0077	0.3719	0.0765	0.0626	0.0911	0.0589	0.0938	0.0921	0.0434	0.1356	0.1084	0.0278	0.2117	0.136
318	0.0075	0.3692	0.0761	0.0621	0.0908	0.0587	0.0936	0.092	0.0435	0.1362	0.1086	0.0277	0.2116	0.136
319	0.0076	0.3604	0.0762	0.0624	0.0909	0.0586	0.0934	0.0919	0.0435	0.1361	0.1086	0.0277	0.2116	0.136
320	0.0076	0.3606	0.0761	0.0624	0.0909	0.0586	0.0933	0.0919	0.0435	0.136	0.1086	0.0278	0.2118	0.1361
321	0.008	0.3726	0.0762	0.0623	0.0908	0.0586	0.0934	0.0918	0.0434	0.1356	0.1083	0.0277	0.2115	0.1358
322	0.0076	0.3609	0.0764	0.0625	0.0909	0.0585	0.0933	0.0917	0.0434	0.1358	0.1083	0.0276	0.2107	0.1355
323	0.0072	0.3627	0.0766	0.0626	0.091	0.0582	0.0924	0.0913	0.0434	0.1356	0.1082	0.0277	0.2109	0.1355
324	0.0073	0.3616	0.0763	0.0623	0.0907	0.0581	0.0923	0.0912	0.0433	0.1356	0.1081	0.0277	0.2109	0.1354
325	0.0073	0.3665	0.0761	0.062	0.0906	0.0581	0.0923	0.0912	0.0433	0.1354	0.108	0.0277	0.211	0.1355
326	0.0074	0.3652	0.0765	0.0621	0.091	0.0579	0.0918	0.0911	0.0434	0.1358	0.1083	0.0277	0.2113	0.1357
327	0.0072	0.3573	0.0762	0.062	0.0909	0.0579	0.0917	0.0911	0.0432	0.1352	0.1081	0.0277	0.211	0.1356
328	0.0075	0.3583	0.0765	0.0621	0.0912	0.058	0.0921	0.0914	0.0433	0.1354	0.1083	0.0276	0.2108	0.1357
329	0.0076	0.3645	0.0762	0.062	0.0908	0.0582	0.0924	0.0914	0.0433	0.1355	0.1082	0.0277	0.2109	0.1355
330	0.0073	0.3656	0.0764	0.0624	0.0911	0.0582	0.0925	0.0915	0.0433	0.1355	0.1083	0.0276	0.2106	0.1356
331	0.0074	0.365	0.0762	0.0622	0.091	0.0582	0.0926	0.0916	0.0433	0.1355	0.1084	0.0277	0.2109	0.1357
332	0.0073	0.3611	0.0755	0.0617	0.0906	0.0581	0.0922	0.0914	0.0433	0.1353	0.1082	0.0276	0.2108	0.1356
333	0.007	0.366	0.0756	0.0617	0.0905	0.0581	0.0922	0.0913	0.0434	0.1355	0.1082	0.0276	0.2107	0.1355
334	0.0068	0.3585	0.0759	0.0617	0.0908	0.058	0.0921	0.0913	0.0433	0.1352	0.1082	0.0276	0.2108	0.1356
335	0.0073	0.3696	0.0755	0.0614	0.0905	0.058	0.0922	0.0913	0.0433	0.1352	0.1081	0.0276	0.2109	0.1355
336	0.0072	0.3688	0.0753	0.0614	0.0903	0.058	0.0924	0.0912	0.0433	0.1355	0.1081	0.0276	0.211	0.1354
337	0.0075	0.3704	0.0751	0.0613	0.0902	0.0581	0.0923	0.0912	0.0432	0.1355	0.108	0.0276	0.2112	0.1354
338	0.0073	0.3644	0.0754	0.0614	0.0903	0.0581	0.0919	0.0911	0.0432	0.1354	0.108	0.0276	0.2109	0.1353
339	0.0075	0.3594	0.0754	0.0615	0.0904	0.0581	0.092	0.0912	0.0431	0.1352	0.108	0.0276	0.2108	0.1354
340	0.0072	0.3607	0.0755	0.0615	0.0906	0.0582	0.0922	0.0914	0.0432	0.1352	0.1081	0.0276	0.2107	0.1355
341	0.0071	0.3628	0.0754	0.0613	0.0903	0.0583	0.0924	0.0913	0.0432	0.1352	0.1079	0.0276	0.2109	0.1354
342	0.0076	0.3675	0.0756	0.0616	0.0905	0.0582	0.0923	0.0913	0.0432	0.1353	0.108	0.0276	0.2108	0.1354
343	0.0072	0.3585	0.0758	0.0615	0.0907	0.0583	0.0925	0.0915	0.0432	0.1351	0.1081	0.0276	0.2108	0.1356
344	0.0073	0.3653	0.0759	0.0616	0.0909	0.0583	0.0927	0.0917	0.0432	0.1352	0.1082	0.0276	0.211	0.1357
345	0.0072	0.3627	0.076	0.0618	0.0909	0.0583	0.0928	0.0916	0.0432	0.1354	0.1083	0.0276	0.2108	0.1356
346	0.0067	0.3526	0.0761	0.0618	0.0908	0.0583	0.0929	0.0916	0.0433	0.1355	0.1082	0.0276	0.211	0.1356
347	0.0073	0.3673	0.0763	0.062	0.0909	0.0584	0.093	0.0916	0.0433	0.1356	0.1082	0.0277	0.2111	0.1356
348	0.0073	0.3639	0.0765	0.0621	0.0909	0.0583	0.0929	0.0915	0.0433	0.1357	0.1082	0.0277	0.2112	0.1356
349	0.0067	0.3608	0.0764	0.0621	0.091	0.0585	0.0929	0.0917	0.0431	0.1355	0.1082	0.0276	0.2112	0.1357
350	0.0069	0.36	0.0765	0.0623	0.0912	0.0585	0.093	0.0918	0.0432	0.1353	0.1083	0.0276	0.2113	0.1358
351	0.007	0.3597	0.0764	0.0619	0.091	0.0584	0.093	0.0917	0.0432	0.1354	0.1082	0.0277	0.2115	0.1358
352	0.007	0.3617	0.0763	0.0618	0.0912	0.0583	0.0929	0.0918	0.0432	0.1355	0.1084	0.0276	0.2113	0.1359
353	0.0071	0.3614	0.0764	0.0619	0.0911	0.0582	0.0927	0.0916	0.0432	0.1357	0.1084	0.0276	0.2115	0.1358
354	0.0072	0.3648	0.0764	0.0618	0.091	0.0581	0.0925	0.0914	0.0432	0.1357	0.1083	0.0276	0.2113	0.1357
355	0.0071	0.3663	0.0765	0.0619	0.0912	0.0582	0.093	0.0917	0.0432	0.1355	0.1083	0.0276	0.2113	0.1358
356	0.0075	0.3712	0.0762	0.0616	0.0908	0.0581	0.0928	0.0914	0.0432	0.1355	0.1081	0.0276	0.2112	0.1355
357	0.007	0.3668	0.0762	0.0616	0.0908	0.0579	0.0924	0.0912	0.0433	0.1356	0.1082	0.0276	0.2113	0.1355
358	0.0072	0.3613	0.0762	0.0617	0.0906	0.0578	0.0924	0.0911	0.0433	0.1356	0.1081	0.0276	0.2112	0.1354
359	0.0071	0.3731	0.0762	0.0619	0.0907	0.0579	0.0926	0.0911	0.0432	0.1356	0.1081	0.0276	0.2117	0.1355
360	0.0069	0.3702	0.0762	0.062	0.0909	0.0579	0.0926	0.0913	0.0433	0.1355	0.1082	0.0277	0.2118	0.1357
361	0.0075	0.3622	0.076	0.0619	0.0908	0.0582	0.0931	0.0916	0.0432	0.1355	0.1082	0.0276	0.2116	0.1357
362	0.0072	0.3755	0.0759	0.0618	0.0907	0.0583	0.0933	0.0916	0.0433	0.1357	0.1082	0.0276	0.2113	0.1356
363	0.0071	0.3656	0.0758	0.0617	0.0906	0.058	0.0928	0.0914	0.0432	0.1354	0.1081	0.0275	0.2109	0.1354
364	0.0072	0.3696	0.0757	0.0616	0.0906	0.0578	0.0926	0.0914	0.0432	0.135	0.1081	0.0275	0.2108	0.1355
365	0.0071	0.3667	0.0757	0.0616	0.0906	0.0579	0.0927	0.0914	0.0432	0.135	0.1081	0.0275	0.2105	0.1353
366	0.0067	0.3589	0.0755	0.0614	0.0904	0.0578	0.0925	0.0913	0.0432	0.1351	0.1081	0.0275	0.2106	0.1353
367	0.0071	0.3618	0.0754	0.0612	0.0902	0.0577	0.0922	0.0912	0.0432	0.1353	0.1081	0.0275	0.2106	0.1352
368	0.007	0.3717	0.0752	0.0612	0.0903	0.0579	0.0924	0.0913	0.0433	0.1356	0.1082	0.0275	0.2107	0.1353
369	0.0069	0.3641	0.0749	0.061	0.09	0.0577	0.0922	0.0911	0.0431	0.1353	0.1079	0.0275	0.2111	0.1353
370	0.0066	0.3617	0.0751	0.061	0.0901	0.0579	0.0922	0.0912	0.0431	0.1353	0.108	0.0275	0.211	0.1353
371	0.0067	0.3677	0.0754	0.0614	0.0904	0.0577	0.0921	0.0911	0.0432	0.1355	0.108	0.0275	0.2109	0.1352
372	0.0074	0.3636	0.0753	0.0614	0.0903	0.0578	0.092	0.091	0.0432	0.1355	0.108	0.0275	0.2109	0.1351
373	0.0071	0.3687	0.0754	0.0614	0.0903	0.0579	0.092	0.091	0.0431	0.135	0.1078	0.0275	0.2109	0.1351
374	0.0069	0.3649	0.0754	0.0612	0.0902	0.0578	0.0921	0.091	0.0431	0.1348	0.1077	0.0275	0.2109	0.1351
375	0.0069	0.3664	0.0756	0.0616	0.0903	0.0579	0.0924	0.0911	0.0432	0.1349	0.1078	0.0275	0.2107	0.1351
376	0.007	0.3684	0.0757	0.0616	0.0903	0.0578	0.0921	0.0909	0.0432	0.135	0.1077	0.0275	0.2106	0.1349
377	0.0072	0.3585	0.0753	0.0612	0.0898	0.0579	0.092	0.0908	0.0432	0.1351	0.1076	0.0275	0.2107	0.1348
378	0.0069	0.3721	0.0752	0.061	0.0899	0.0576	0.0914	0.0906	0.0432	0.1349	0.1077	0.0274	0.2102	0.1348
379	0.0071	0.3641	0.0755	0.0614	0.0901	0.0576	0.0915	0.0907	0.0432	0.135	0.1078	0.0274	0.2102	0.1348
380	0.007	0.3755	0.0756	0.0613	0.0902	0.0579	0.0923	0.0911	0.0434	0.1355	0.1081	0.0274	0.2098	0.1349
381	0.0073	0.3658	0.0759	0.0618	0.0905	0.0578	0.0923	0.0911	0.0433	0.1353	0.108	0.0274	0.2096	0.1348
382	0.0067	0.3626	0.0759	0.0619	0.0904	0.0576	0.0921	0.0909	0.0433	0.1351	0.1079	0.0274	0.2096	0.1348
383	0.0073	0.3673	0.0758	0.0619	0.0905	0.0575	0.092	0.0909	0.0432	0.1348	0.1078	0.0273	0.2093	0.1347
384	0.0068	0.3691	0.0761	0.0622	0.0908	0.0574	0.0917	0.0909	0.043	0.1346	0.1078	0.0273	0.2091	0.1348
385	0.0071	0.3624	0.0759	0.0619	0.0906	0.0573	0.0917	0.0908	0.043	0.1343	0.1076	0.0273	0.2085	0.1345
386	0.0072	0.3677	0.0758	0.0619	0.0904	0.0573	0.0917	0.0906	0.0429	0.1339	0.1073	0.0273	0.2087	0.1344
387	0.0069	0.3577	0.0761	0.0622	0.0905	0.0573	0.0918	0.0906	0.0429	0.134	0.1073	0.0273	0.2083	0.1342
388	0.0069	0.3658	0.0761	0.0621	0.0907	0.0574	0.0919	0.0907	0.0428	0.1338	0.1073	0.0273	0.2083	0.1343
389	0.0064	0.3532	0.0763	0.0622	0.0909	0.0574	0.0917	0.0907	0.0428	0.1336	0.1072	0.0273	0.2081	0.1343
390	0.0069	0.3617	0.0761	0.062	0.0908	0.0574	0.0916	0.0907	0.0428	0.1335	0.1073	0.0273	0.2085	0.1344
391	0.0068	0.3608	0.076	0.0621	0.0906	0.0575	0.0917	0.0907	0.0428	0.1334	0.1071	0.0273	0.2083	0.1342
392	0.0067	0.3617	0.0759	0.062	0.0903	0.0574	0.0914	0.0904	0.0428	0.1335	0.1069	0.0272	0.2083	0.1339
393	0.0068	0.3586	0.0759	0.0617	0.0901	0.0573	0.0914	0.0902	0.0428	0.1336	0.1068	0.0272	0.2079	0.1337
394	0.0066	0.3628	0.0756	0.0615	0.09	0.057	0.0908	0.09	0.0429	0.1336	0.1069	0.0272	0.2076	0.1336
395	0.0071	0.3733	0.0754	0.0614	0.0899	0.0571	0.091	0.0901	0.0428	0.1338	0.1069	0.0272	0.2076	0.1337
396	0.0067	0.3612	0.0752	0.0613	0.0897	0.0571	0.091	0.0901	0.0429	0.1342	0.107	0.0271	0.2075	0.1336
397	0.0064	0.3612	0.0752	0.0613	0.0897	0.0572	0.0913	0.0901	0.0429	0.1343	0.107	0.0271	0.2074	0.1335
398	0.0067	0.36	0.0749	0.0611	0.0895	0.0572	0.0913	0.0902	0.0428	0.1341	0.107	0.0271	0.2078	0.1337
399	0.0066	0.3561	0.0751	0.0613	0.0898	0.0573	0.0913	0.0903	0.0428	0.1341	0.107	0.0271	0.2079	0.1337
400	0.0066	0.3623	0.0747	0.0609	0.0894	0.0573	0.0917	0.0904	0.0428	0.1339	0.1069	0.0272	0.2082	0.1337
401	0.0068	0.3604	0.0751	0.0612	0.0897	0.0573	0.0917	0.0904	0.0427	0.1336	0.1069	0.0272	0.2082	0.1338
402	0.0064	0.3605	0.075	0.0611	0.0896	0.0573	0.0917	0.0904	0.0427	0.1339	0.1069	0.0272	0.2082	0.1337
403	0.007	0.362	0.0749	0.061	0.0894	0.0571	0.0914	0.0901	0.0427	0.134	0.1068	0.0272	0.2082	0.1336
404	0.0065	0.3698	0.0751	0.0614	0.0895	0.057	0.0914	0.0901	0.0427	0.134	0.1068	0.0271	0.2082	0.1336
405	0.0067	0.364	0.075	0.0612	0.0897	0.0572	0.0915	0.0903	0.0428	0.1341	0.107	0.0271	0.2077	0.1337
406	0.007	0.3617	0.0749	0.0609	0.0898	0.0571	0.0913	0.0904	0.0427	0.1339	0.1071	0.0272	0.2082	0.134
407	0.0067	0.367	0.0753	0.0614	0.0901	0.0572	0.0915	0.0905	0.0428	0.1343	0.1073	0.0272	0.2081	0.134
408	0.0066	0.3659	0.0748	0.0611	0.0897	0.0573	0.0914	0.0905	0.0429	0.1345	0.1073	0.0272	0.2078	0.1339
409	0.0067	0.3645	0.0749	0.0611	0.0898	0.0574	0.0916	0.0906	0.0429	0.135	0.1074	0.0272	0.2077	0.1339
410	0.0063	0.3629	0.0745	0.0608	0.0895	0.0574	0.0916	0.0905	0.0428	0.1346	0.1072	0.0272	0.2076	0.1338
411	0.0065	0.3598	0.0745	0.0607	0.0892	0.0574	0.0914	0.0903	0.0428	0.1345	0.107	0.0272	0.2079	0.1337
412	0.0067	0.3654	0.0744	0.0605	0.089	0.0576	0.0918	0.0903	0.0428	0.1343	0.1068	0.0272	0.2078	0.1336
413	0.0065	0.3632	0.0746	0.0608	0.0891	0.0575	0.0918	0.0902	0.0427	0.1337	0.1066	0.0272	0.2081	0.1336
414	0.0063	0.3726	0.0746	0.0608	0.0891	0.0574	0.0916	0.0902	0.0427	0.1336	0.1066	0.0272	0.2082	0.1336
415	0.007	0.3694	0.0747	0.0609	0.0892	0.0575	0.0919	0.0903	0.0428	0.1341	0.1068	0.0272	0.2081	0.1336
416	0.0068	0.3663	0.0747	0.0608	0.0893	0.0576	0.0919	0.0905	0.0428	0.1342	0.1069	0.0272	0.2079	0.1337
417	0.0064	0.3632	0.075	0.0611	0.0896	0.0577	0.0921	0.0906	0.0428	0.1341	0.1069	0.0271	0.2072	0.1335
418	0.0068	0.3722	0.0751	0.0611	0.0896	0.0576	0.0921	0.0906	0.0428	0.1343	0.107	0.0272	0.2074	0.1336
419	0.0066	0.368	0.0748	0.0607	0.0894	0.0575	0.0917	0.0904	0.0427	0.134	0.1069	0.0272	0.2074	0.1337
420	0.0066	0.3602	0.0751	0.0609	0.0897	0.0573	0.0911	0.0903	0.0427	0.1338	0.107	0.0272	0.2076	0.1338
421	0.0067	0.3688	0.0749	0.0608	0.0895	0.0572	0.091	0.0902	0.0427	0.134	0.107	0.0271	0.2073	0.1336
422	0.0061	0.364	0.0747	0.0605	0.0893	0.0571	0.091	0.0901	0.0427	0.1341	0.1069	0.0271	0.2073	0.1335
423	0.0065	0.3602	0.0749	0.0608	0.0895	0.0569	0.0906	0.0899	0.0427	0.1342	0.1069	0.0271	0.2077	0.1336
424	0.0064	0.3738	0.075	0.061	0.0897	0.0569	0.0906	0.09	0.0427	0.1341	0.107	0.0272	0.2078	0.1338
425	0.0067	0.3569	0.0754	0.0611	0.0898	0.0571	0.0909	0.0901	0.0427	0.1344	0.107	0.0271	0.2079	0.1337
426	0.0064	0.3557	0.0751	0.0612	0.0896	0.057	0.0906	0.0899	0.0426	0.1345	0.1069	0.0271	0.2078	0.1336
427	0.0062	0.3643	0.0751	0.0614	0.0897	0.0569	0.0904	0.0898	0.0427	0.1348	0.107	0.0272	0.2079	0.1336
428	0.007	0.3589	0.0746	0.0609	0.0891	0.057	0.0906	0.0897	0.0428	0.1348	0.1068	0.0271	0.2075	0.1333
429	0.0064	0.3654	0.0745	0.0608	0.0889	0.0571	0.0908	0.0897	0.0428	0.1346	0.1067	0.0271	0.208	0.1333
430	0.0068	0.3644	0.0749	0.0611	0.0893	0.0569	0.0905	0.0896	0.0428	0.1344	0.1067	0.0271	0.2079	0.1333
431	0.0065	0.3619	0.0749	0.0611	0.0893	0.0568	0.0904	0.0895	0.0428	0.1343	0.1066	0.0271	0.2073	0.1331
432	0.0068	0.3714	0.0749	0.0609	0.0893	0.0568	0.0905	0.0895	0.0428	0.1345	0.1067	0.0271	0.2078	0.1333
433	0.0063	0.3545	0.075	0.0611	0.0893	0.0567	0.0904	0.0895	0.0429	0.1347	0.1068	0.0271	0.2078	0.1333
434	0.0063	0.3713	0.0751	0.0614	0.0894	0.0566	0.0902	0.0893	0.0428	0.1341	0.1065	0.0271	0.2077	0.1331
435	0.0066	0.3624	0.0754	0.0613	0.0893	0.0566	0.0902	0.0892	0.0428	0.134	0.1063	0.0271	0.2078	0.133
436	0.007	0.3675	0.0751	0.061	0.0891	0.0567	0.0902	0.0892	0.0428	0.1338	0.1063	0.0271	0.2076	0.133
437	0.0068	0.3729	0.0752	0.061	0.0895	0.0568	0.0904	0.0896	0.0427	0.1341	0.1067	0.0271	0.2077	0.1333
438	0.0064	0.3685	0.0748	0.0608	0.0896	0.0568	0.0903	0.0899	0.0428	0.1339	0.107	0.0271	0.2078	0.1337
439	0.007	0.3625	0.0752	0.0612	0.0899	0.0568	0.0906	0.09	0.0428	0.1339	0.107	0.0272	0.2084	0.1339
440	0.0065	0.3764	0.0755	0.0614	0.0899	0.0567	0.0907	0.0898	0.0428	0.1339	0.1069	0.0272	0.2084	0.1337
441	0.0067	0.3611	0.0758	0.0616	0.09	0.0568	0.0907	0.0898	0.0428	0.1339	0.1067	0.0272	0.2083	0.1335
442	0.0066	0.3666	0.0755	0.0614	0.0898	0.0568	0.0909	0.0898	0.0427	0.1336	0.1066	0.0272	0.2085	0.1336
443	0.0065	0.3626	0.0753	0.0612	0.0896	0.0566	0.0906	0.0897	0.0427	0.1338	0.1067	0.0272	0.2086	0.1337
444	0.0066	0.3723	0.0754	0.0613	0.0897	0.0567	0.0906	0.0898	0.0426	0.1333	0.1066	0.0272	0.2087	0.1338
445	0.0062	0.3655	0.0754	0.0614	0.0899	0.0568	0.0908	0.09	0.0426	0.1334	0.1068	0.0272	0.2084	0.1339
446	0.0063	0.3633	0.0751	0.061	0.0898	0.0568	0.0908	0.0902	0.0426	0.1333	0.1069	0.0271	0.2081	0.1339
447	0.0063	0.3672	0.0749	0.0607	0.0898	0.0568	0.0906	0.0902	0.0426	0.1333	0.107	0.0271	0.2085	0.134
448	0.0061	0.3605	0.075	0.0607	0.0896	0.0566	0.0903	0.0898	0.0426	0.1332	0.1067	0.0271	0.2081	0.1337
449	0.0067	0.3707	0.075	0.0607	0.0894	0.0565	0.0902	0.0896	0.0427	0.1335	0.1066	0.0272	0.2086	0.1337
450	0.0065	0.3649	0.0752	0.0609	0.0895	0.0566	0.0903	0.0896	0.0427	0.1333	0.1065	0.0271	0.2083	0.1335
451	0.0069	0.367	0.0753	0.061	0.0895	0.0566	0.0904	0.0895	0.0427	0.1336	0.1065	0.0271	0.2082	0.1334
452	0.0061	0.3639	0.0755	0.0612	0.0898	0.0567	0.0906	0.0899	0.0427	0.1336	0.1068	0.0271	0.2083	0.1337
453	0.0064	0.3707	0.0756	0.061	0.09	0.0567	0.0906	0.09	0.0426	0.1335	0.1068	0.0271	0.2079	0.1337
454	0.0064	0.3707	0.0751	0.0609	0.0898	0.0569	0.0909	0.0901	0.0426	0.1336	0.1069	0.0272	0.2086	0.1339
455	0.0063	0.3527	0.0754	0.0611	0.0899	0.0571	0.0912	0.0902	0.0426	0.1337	0.1068	0.0271	0.2084	0.1338
456	0.0061	0.3561	0.0755	0.0615	0.0901	0.0569	0.0911	0.0902	0.0426	0.1336	0.1069	0.0272	0.2083	0.1339
457	0.0067	0.3609	0.0755	0.0611	0.0901	0.0569	0.0911	0.0903	0.0427	0.134	0.1071	0.0271	0.2083	0.1339
458	0.0065	0.3798	0.0754	0.0612	0.0901	0.0567	0.0904	0.0901	0.0427	0.134	0.1071	0.0271	0.2083	0.1339
459	0.0065	0.3677	0.0753	0.0613	0.0902	0.0569	0.0908	0.0903	0.0427	0.134	0.1071	0.0271	0.208	0.1338
460	0.0064	0.3555	0.0755	0.0616	0.0904	0.057	0.0911	0.0905	0.0427	0.1341	0.1073	0.0271	0.208	0.134
461	0.0062	0.3736	0.0754	0.0615	0.0901	0.057	0.0911	0.0903	0.0428	0.1344	0.1072	0.0272	0.2083	0.1339
462	0.0067	0.3607	0.0753	0.0614	0.0899	0.0568	0.0907	0.0899	0.0428	0.1344	0.107	0.0272	0.2083	0.1337
463	0.0063	0.3677	0.0753	0.0614	0.0898	0.0567	0.0906	0.0898	0.0428	0.1344	0.1069	0.0272	0.2083	0.1336
464	0.0067	0.3785	0.0754	0.0615	0.0899	0.0565	0.0904	0.0898	0.0427	0.1341	0.1069	0.0271	0.2082	0.1336
465	0.006	0.359	0.0755	0.0614	0.09	0.0566	0.0905	0.0898	0.0428	0.1347	0.1071	0.0271	0.2084	0.1337
466	0.0066	0.3723	0.0755	0.0613	0.0899	0.0566	0.0904	0.0898	0.0426	0.1342	0.1069	0.0272	0.2084	0.1337
467	0.0063	0.3705	0.0756	0.0615	0.0901	0.0568	0.0907	0.09	0.0426	0.1341	0.1069	0.0271	0.2083	0.1337
468	0.0063	0.3681	0.0754	0.0613	0.09	0.0565	0.0907	0.0899	0.0426	0.1339	0.1069	0.0271	0.2082	0.1337
469	0.0064	0.3699	0.0755	0.0612	0.0898	0.0565	0.0907	0.0897	0.0425	0.1339	0.1066	0.0271	0.2082	0.1335
470	0.0061	0.3655	0.0755	0.0613	0.0898	0.0567	0.091	0.0899	0.0425	0.1337	0.1066	0.0271	0.2081	0.1335
471	0.0061	0.3646	0.0756	0.0614	0.0899	0.057	0.0913	0.0901	0.0425	0.1336	0.1066	0.0271	0.2079	0.1334
472	0.0065	0.3623	0.0753	0.0613	0.0898	0.0569	0.0908	0.0899	0.0425	0.1335	0.1066	0.0271	0.2083	0.1335
473	0.0059	0.3612	0.075	0.061	0.0894	0.0569	0.0909	0.0898	0.0424	0.1333	0.1063	0.0271	0.2082	0.1334
474	0.0062	0.3673	0.075	0.0611	0.0894	0.0569	0.0909	0.0898	0.0423	0.1329	0.1061	0.0271	0.2081	0.1333
475	0.0062	0.3726	0.0751	0.0612	0.0894	0.0569	0.0909	0.0898	0.0422	0.1326	0.106	0.0271	0.2082	0.1332
476	0.006	0.3687	0.0749	0.0611	0.0893	0.0567	0.0905	0.0895	0.0422	0.1327	0.1059	0.0271	0.208	0.1331
477	0.0064	0.3737	0.0751	0.0614	0.0894	0.0566	0.0905	0.0895	0.0422	0.1323	0.1058	0.0271	0.208	0.1331
478	0.006	0.367	0.0749	0.0613	0.0893	0.0565	0.0903	0.0894	0.0422	0.1322	0.1058	0.027	0.2075	0.133
479	0.0064	0.3541	0.0745	0.0608	0.0889	0.0566	0.0904	0.0893	0.0423	0.1331	0.106	0.027	0.2071	0.1327
480	0.0059	0.3732	0.0744	0.0603	0.0887	0.0564	0.0902	0.0893	0.0423	0.1332	0.106	0.027	0.2067	0.1326
481	0.0062	0.3649	0.0744	0.0606	0.0886	0.0565	0.09	0.0891	0.0423	0.133	0.1058	0.0269	0.2065	0.1324
482	0.0059	0.3689	0.0743	0.0604	0.0885	0.0565	0.09	0.0891	0.0422	0.1327	0.1057	0.0269	0.2067	0.1324
483	0.006	0.359	0.0743	0.0604	0.0885	0.0565	0.0901	0.0891	0.0422	0.1327	0.1056	0.0269	0.2065	0.1323
484	0.0064	0.3686	0.0742	0.0604	0.0882	0.0566	0.0903	0.089	0.0422	0.1325	0.1054	0.0269	0.2066	0.1322
485	0.0064	0.3651	0.074	0.0602	0.0879	0.0565	0.0903	0.0889	0.0421	0.1321	0.1051	0.0269	0.2065	0.132
486	0.0058	0.3658	0.074	0.0605	0.0879	0.0567	0.0906	0.0889	0.0421	0.1321	0.105	0.0268	0.2062	0.1317
487	0.0065	0.368	0.074	0.0604	0.088	0.0566	0.0903	0.0889	0.0421	0.132	0.1051	0.0268	0.2062	0.1318
488	0.0062	0.3698	0.074	0.0605	0.0882	0.0565	0.0902	0.0889	0.042	0.1317	0.105	0.0268	0.2057	0.1318
489	0.0062	0.3723	0.0742	0.0608	0.0884	0.0564	0.09	0.0889	0.0419	0.1316	0.105	0.0268	0.2057	0.1318
490	0.0059	0.3709	0.074	0.0605	0.0881	0.0563	0.0899	0.0887	0.0418	0.1313	0.1048	0.0268	0.2057	0.1317
491	0.0063	0.367	0.0738	0.0604	0.0881	0.0562	0.0898	0.0886	0.0418	0.1313	0.1048	0.0268	0.2059	0.1317
492	0.0061	0.3677	0.0739	0.0603	0.0881	0.0563	0.0899	0.0887	0.0419	0.1314	0.1048	0.0268	0.206	0.1318
493	0.0063	0.3722	0.0736	0.0602	0.0879	0.0563	0.09	0.0888	0.042	0.1316	0.1051	0.0268	0.2061	0.1319
494	0.0062	0.3727	0.0742	0.0605	0.0884	0.0564	0.0899	0.0889	0.0419	0.1316	0.1051	0.0268	0.2062	0.132
495	0.0058	0.3691	0.0741	0.0604	0.0882	0.0563	0.09	0.0888	0.042	0.1321	0.1052	0.0269	0.2068	0.1321
496	0.0065	0.3729	0.0741	0.0604	0.0884	0.0563	0.09	0.0889	0.042	0.1323	0.1054	0.0269	0.2071	0.1323
497	0.0063	0.3694	0.0739	0.06	0.0882	0.0563	0.09	0.0889	0.042	0.1321	0.1053	0.0269	0.2066	0.1322
498	0.0061	0.3652	0.074	0.06	0.0882	0.0562	0.09	0.0889	0.042	0.1324	0.1054	0.0269	0.2067	0.1322
499	0.0063	0.3695	0.0737	0.0598	0.0881	0.0563	0.09	0.0889	0.042	0.1322	0.1053	0.0268	0.2063	0.1321
500	0.0062	0.3655	0.0733	0.0594	0.0879	0.0563	0.0901	0.089	0.0419	0.132	0.1053	0.0268	0.2062	0.1322
