{"device": "cuda:2", "multimodal": false, "embedding_dim": 512, "n_layers": 2, "epochs": 500, "learning_rate": 0.001, "log": true, "seed": 19, "top_k": [5, 10, 20, 50], "dataset": "dbbook", "batch_size": 2048, "single_branch": false, "autoencoder": false, "ensemble_fusion": false, "freeze": true, "fusion_modalities": "mean", "fusion_type": "late", "info_nce": false, "weighting": false, "datasets": {"dbbook": ["images", "text"], "ml1m": ["audio", "images", "text", "video"]}}
Epoch	T-Loss	V-Loss	Precision@5	Recall@5	NDCG@5	Precision@10	Recall@10	NDCG@10	Precision@20	Recall@20	NDCG@20	Precision@50	Recall@50	NDCG@50
1	0.6932	0.6932	0.0019	0.0014	0.002	0.0018	0.0026	0.0023	0.0016	0.0044	0.0031	0.0015	0.0108	0.0055
2	0.6924	0.6932	0.0028	0.0021	0.003	0.0025	0.0035	0.0033	0.0023	0.0063	0.0045	0.0019	0.0131	0.007
3	0.6915	0.6931	0.0065	0.0048	0.0075	0.0054	0.0078	0.0079	0.0043	0.012	0.0096	0.0035	0.0248	0.0142
4	0.6903	0.693	0.0151	0.0108	0.0178	0.0122	0.0178	0.0182	0.0095	0.028	0.0221	0.0067	0.0482	0.0296
5	0.6884	0.6928	0.0241	0.018	0.0284	0.0199	0.0303	0.0296	0.0159	0.0474	0.0364	0.0107	0.0781	0.0477
6	0.6856	0.6922	0.0313	0.024	0.0372	0.0264	0.0401	0.0392	0.0209	0.062	0.048	0.0143	0.1054	0.0637
7	0.6816	0.6913	0.0383	0.0296	0.0442	0.0305	0.0463	0.0454	0.0245	0.073	0.0562	0.0168	0.1245	0.0748
8	0.676	0.6898	0.0426	0.033	0.0489	0.0339	0.052	0.0503	0.0265	0.079	0.0612	0.0186	0.1368	0.0823
9	0.6684	0.6875	0.0449	0.0347	0.0519	0.0352	0.0536	0.0527	0.0281	0.0834	0.0649	0.0198	0.1449	0.0873
10	0.6586	0.6841	0.0472	0.0363	0.0547	0.0365	0.0551	0.055	0.029	0.0856	0.0674	0.0205	0.1497	0.0908
11	0.6464	0.6796	0.0479	0.0373	0.0557	0.0379	0.0573	0.0567	0.0297	0.0873	0.0689	0.0211	0.1523	0.0928
12	0.6318	0.6735	0.0483	0.0375	0.0561	0.0384	0.0578	0.0573	0.0301	0.0882	0.0696	0.0214	0.155	0.0941
13	0.6148	0.6662	0.0493	0.0384	0.0572	0.0387	0.0582	0.058	0.0302	0.0887	0.0703	0.0217	0.1572	0.0954
14	0.5952	0.6578	0.0496	0.0384	0.0576	0.0392	0.0586	0.0585	0.0304	0.0894	0.0708	0.0219	0.1584	0.0962
15	0.5741	0.6479	0.0502	0.0388	0.0584	0.0397	0.0595	0.0593	0.0305	0.0893	0.0713	0.0221	0.1589	0.0969
16	0.5514	0.6365	0.0509	0.0394	0.0591	0.0397	0.0594	0.0596	0.0307	0.0897	0.0718	0.0221	0.159	0.0974
17	0.5279	0.6244	0.0513	0.0393	0.0594	0.0398	0.0593	0.0598	0.0309	0.0906	0.0724	0.0222	0.1594	0.0978
18	0.5036	0.6117	0.0519	0.0403	0.0601	0.0401	0.0596	0.0601	0.0312	0.0918	0.073	0.0222	0.1595	0.098
19	0.4794	0.5993	0.0522	0.0402	0.0603	0.0405	0.0599	0.0606	0.0314	0.092	0.0733	0.0224	0.16	0.0985
20	0.456	0.5871	0.0523	0.0403	0.0607	0.0406	0.0601	0.0609	0.0314	0.0923	0.0737	0.0224	0.1605	0.0989
21	0.4325	0.5738	0.0525	0.04	0.0609	0.0405	0.0598	0.061	0.0314	0.0922	0.0738	0.0225	0.1608	0.0992
22	0.4111	0.5615	0.0525	0.0402	0.0609	0.0408	0.0601	0.0611	0.0315	0.0923	0.074	0.0225	0.161	0.0993
23	0.3897	0.5504	0.053	0.0407	0.0615	0.041	0.0605	0.0616	0.0316	0.0925	0.0743	0.0225	0.1624	0.0999
24	0.3699	0.5408	0.0535	0.0411	0.062	0.0412	0.061	0.062	0.0316	0.0924	0.0745	0.0225	0.1617	0.1
25	0.351	0.5283	0.0538	0.0414	0.0625	0.0417	0.0617	0.0626	0.0317	0.0928	0.0749	0.0226	0.1625	0.1005
26	0.3338	0.5195	0.0545	0.0421	0.0635	0.0418	0.0619	0.0631	0.0319	0.093	0.0755	0.0226	0.1629	0.1011
27	0.3173	0.5124	0.0552	0.0427	0.0645	0.0418	0.0617	0.0635	0.032	0.0935	0.0762	0.0227	0.1635	0.1019
28	0.3029	0.5045	0.0551	0.0426	0.0646	0.0419	0.0618	0.0638	0.0321	0.0937	0.0764	0.0227	0.1631	0.102
29	0.2885	0.497	0.0554	0.0428	0.065	0.0422	0.0622	0.0642	0.0323	0.0945	0.077	0.0228	0.1643	0.1026
30	0.2756	0.4906	0.0557	0.043	0.0652	0.0425	0.0625	0.0645	0.0323	0.0944	0.0771	0.0228	0.1636	0.1026
31	0.2644	0.4836	0.0561	0.0433	0.0657	0.0426	0.0629	0.0648	0.0324	0.0947	0.0774	0.0229	0.1644	0.1031
32	0.2518	0.4764	0.0561	0.0432	0.0657	0.0431	0.0635	0.0653	0.0325	0.0955	0.0778	0.023	0.1653	0.1036
33	0.2409	0.4777	0.0566	0.0435	0.0661	0.0433	0.0637	0.0655	0.0326	0.0961	0.0781	0.023	0.1658	0.1038
34	0.2307	0.4657	0.0567	0.0434	0.0663	0.0435	0.0639	0.0658	0.0329	0.0968	0.0786	0.0231	0.1663	0.1043
35	0.2214	0.4657	0.0571	0.0437	0.0669	0.0437	0.0645	0.0663	0.033	0.0971	0.079	0.0232	0.1669	0.1048
36	0.2115	0.4636	0.0574	0.0437	0.0672	0.0438	0.0649	0.0666	0.033	0.0978	0.0793	0.0233	0.1677	0.1052
37	0.203	0.4576	0.0575	0.0439	0.0673	0.0436	0.0649	0.0665	0.0332	0.0982	0.0795	0.0233	0.168	0.1054
38	0.1955	0.4519	0.058	0.0441	0.0675	0.0438	0.0651	0.0666	0.0333	0.0984	0.0797	0.0233	0.1687	0.1055
39	0.1883	0.4525	0.0577	0.044	0.0673	0.0438	0.0652	0.0667	0.0335	0.0983	0.0798	0.0235	0.1698	0.1059
40	0.1802	0.4516	0.0581	0.0442	0.0675	0.044	0.0652	0.0667	0.0336	0.099	0.0799	0.0235	0.17	0.106
41	0.1747	0.444	0.0581	0.0441	0.0677	0.0441	0.0655	0.067	0.0337	0.099	0.0802	0.0236	0.1705	0.1064
42	0.1666	0.4431	0.0581	0.0442	0.0677	0.0445	0.0659	0.0673	0.0336	0.0992	0.0803	0.0236	0.1706	0.1065
43	0.1609	0.4415	0.0582	0.0442	0.0677	0.0446	0.0664	0.0675	0.0338	0.1	0.0806	0.0236	0.1712	0.1068
44	0.1559	0.4397	0.0581	0.0442	0.0678	0.0447	0.0666	0.0677	0.0338	0.1002	0.0809	0.0237	0.1719	0.1071
45	0.1497	0.4394	0.0584	0.0445	0.0681	0.0448	0.0667	0.068	0.0337	0.0998	0.0809	0.0237	0.172	0.1074
46	0.145	0.4378	0.0587	0.045	0.0684	0.045	0.067	0.0683	0.0339	0.1007	0.0813	0.0237	0.1724	0.1077
47	0.1391	0.4352	0.0586	0.045	0.0684	0.0451	0.067	0.0683	0.034	0.101	0.0815	0.0238	0.1729	0.1079
48	0.1346	0.4344	0.0589	0.0452	0.0685	0.0453	0.0673	0.0684	0.0341	0.1011	0.0815	0.0238	0.1732	0.108
49	0.1301	0.4284	0.059	0.0454	0.0688	0.0451	0.0673	0.0685	0.0341	0.1015	0.0818	0.0239	0.1736	0.1083
50	0.125	0.4246	0.0594	0.046	0.0693	0.0452	0.0672	0.0687	0.0342	0.1017	0.0821	0.0238	0.1738	0.1086
51	0.1213	0.4319	0.0595	0.046	0.0696	0.0454	0.0675	0.069	0.0343	0.1019	0.0824	0.0239	0.1741	0.1089
52	0.1173	0.4326	0.0596	0.0463	0.0697	0.0455	0.0682	0.0693	0.0344	0.1022	0.0826	0.024	0.175	0.1093
53	0.1127	0.4311	0.0596	0.0462	0.0697	0.0454	0.068	0.0692	0.0344	0.1023	0.0827	0.024	0.1749	0.1093
54	0.1097	0.4258	0.0596	0.0463	0.0699	0.0456	0.0685	0.0696	0.0345	0.1026	0.0831	0.024	0.175	0.1096
55	0.1063	0.4236	0.06	0.0466	0.0704	0.0458	0.0685	0.0699	0.0346	0.1029	0.0834	0.0241	0.1756	0.11
56	0.1024	0.4265	0.06	0.0465	0.0704	0.0461	0.0689	0.0702	0.0345	0.1026	0.0833	0.0241	0.1758	0.1101
57	0.0999	0.4258	0.0602	0.0468	0.0706	0.046	0.069	0.0702	0.0346	0.1029	0.0835	0.0241	0.1759	0.1103
58	0.0966	0.4234	0.0602	0.0465	0.0705	0.0459	0.0686	0.07	0.0348	0.1039	0.0838	0.0242	0.1768	0.1105
59	0.0946	0.4222	0.0602	0.0465	0.0704	0.0459	0.0687	0.07	0.0348	0.1041	0.0838	0.0242	0.1777	0.1107
60	0.0912	0.4189	0.0604	0.0466	0.0706	0.046	0.0695	0.0704	0.0347	0.1039	0.0839	0.0243	0.1781	0.111
61	0.0883	0.4164	0.0607	0.047	0.071	0.0466	0.0702	0.071	0.0349	0.1042	0.0842	0.0244	0.1786	0.1114
62	0.0862	0.4203	0.0607	0.0472	0.071	0.0467	0.0702	0.071	0.0349	0.1045	0.0844	0.0244	0.179	0.1116
63	0.0831	0.4238	0.0609	0.0475	0.0711	0.0467	0.0702	0.071	0.035	0.1046	0.0844	0.0244	0.1791	0.1117
64	0.0804	0.4211	0.0611	0.0477	0.0712	0.0468	0.0704	0.0711	0.0349	0.1044	0.0843	0.0244	0.1795	0.1117
65	0.0794	0.4171	0.0607	0.0473	0.0709	0.0467	0.0704	0.071	0.035	0.1046	0.0843	0.0244	0.1797	0.1117
66	0.0768	0.4129	0.0607	0.0474	0.0709	0.0468	0.0707	0.0711	0.0351	0.105	0.0845	0.0244	0.1794	0.1117
67	0.0752	0.4155	0.0607	0.0474	0.0709	0.047	0.071	0.0713	0.0351	0.1054	0.0847	0.0245	0.1798	0.1119
68	0.0746	0.4168	0.0607	0.0475	0.0709	0.047	0.0712	0.0714	0.0352	0.1052	0.0847	0.0244	0.1798	0.1119
69	0.0706	0.4161	0.0605	0.0473	0.0709	0.0471	0.0714	0.0715	0.0352	0.1057	0.0849	0.0244	0.1796	0.1119
70	0.0693	0.4149	0.0606	0.0475	0.0709	0.0472	0.0714	0.0715	0.0353	0.1059	0.0849	0.0244	0.1794	0.1119
71	0.0678	0.4142	0.0609	0.0477	0.0711	0.0471	0.0712	0.0715	0.0353	0.1061	0.0851	0.0244	0.1793	0.112
72	0.0665	0.4148	0.0609	0.0477	0.0712	0.0471	0.0713	0.0715	0.0354	0.1062	0.0852	0.0245	0.1801	0.1122
73	0.0643	0.4111	0.0609	0.0477	0.0711	0.047	0.0713	0.0714	0.0354	0.1063	0.0852	0.0245	0.1803	0.1123
74	0.0624	0.4116	0.0611	0.0479	0.0712	0.047	0.072	0.0716	0.0355	0.1065	0.0853	0.0245	0.1803	0.1123
75	0.0619	0.4126	0.061	0.0476	0.0711	0.0471	0.072	0.0717	0.0355	0.1068	0.0855	0.0245	0.1803	0.1124
76	0.0606	0.4144	0.0609	0.0475	0.0711	0.0473	0.0724	0.0719	0.0355	0.107	0.0856	0.0246	0.1809	0.1126
77	0.0588	0.4077	0.0607	0.0474	0.071	0.0473	0.0724	0.0719	0.0355	0.1064	0.0854	0.0246	0.1811	0.1127
78	0.0581	0.4081	0.0608	0.0475	0.0711	0.0474	0.0728	0.0722	0.0354	0.1065	0.0855	0.0246	0.181	0.1128
79	0.0566	0.4085	0.0609	0.0477	0.0714	0.0475	0.0729	0.0724	0.0355	0.1069	0.0858	0.0246	0.1815	0.113
80	0.0556	0.4133	0.0613	0.0484	0.0718	0.0474	0.0726	0.0724	0.0355	0.1071	0.0859	0.0246	0.1813	0.1131
81	0.0535	0.4146	0.0613	0.0484	0.0719	0.0477	0.0729	0.0726	0.0355	0.1069	0.086	0.0246	0.1821	0.1134
82	0.0527	0.4137	0.0612	0.0482	0.0719	0.048	0.0735	0.073	0.0356	0.1073	0.0862	0.0246	0.1822	0.1136
83	0.0526	0.4075	0.0609	0.048	0.0717	0.0479	0.0733	0.073	0.0356	0.1074	0.0863	0.0246	0.182	0.1135
84	0.0498	0.403	0.0609	0.0479	0.0717	0.0478	0.0733	0.0729	0.0357	0.1076	0.0864	0.0246	0.1818	0.1135
85	0.0496	0.415	0.061	0.0479	0.0719	0.0478	0.0733	0.073	0.0358	0.1079	0.0866	0.0246	0.1816	0.1136
86	0.0485	0.4082	0.0612	0.048	0.0722	0.0477	0.0734	0.0731	0.0359	0.1085	0.0869	0.0246	0.182	0.1138
87	0.0479	0.4094	0.0614	0.0482	0.0721	0.0478	0.0734	0.073	0.0359	0.1086	0.0868	0.0246	0.1815	0.1136
88	0.0468	0.4069	0.0615	0.0483	0.0723	0.0478	0.0734	0.0731	0.0359	0.1084	0.0868	0.0246	0.1818	0.1137
89	0.0457	0.411	0.0614	0.0483	0.0723	0.0476	0.0732	0.073	0.0358	0.1084	0.0868	0.0246	0.1822	0.1138
90	0.0446	0.4079	0.0613	0.0482	0.0723	0.0477	0.0734	0.0731	0.0359	0.1087	0.087	0.0246	0.1821	0.1139
91	0.0443	0.4134	0.0615	0.0484	0.0724	0.0478	0.0736	0.0733	0.036	0.1092	0.0873	0.0247	0.1828	0.1142
92	0.0436	0.4061	0.0617	0.0485	0.0727	0.048	0.074	0.0737	0.0361	0.1095	0.0876	0.0247	0.1831	0.1144
93	0.043	0.4049	0.0621	0.0489	0.0731	0.048	0.0741	0.0738	0.0359	0.1091	0.0875	0.0247	0.1829	0.1145
94	0.0427	0.4039	0.062	0.0488	0.0731	0.0477	0.0736	0.0736	0.036	0.1092	0.0875	0.0247	0.1833	0.1146
95	0.0417	0.4142	0.062	0.0491	0.0732	0.0477	0.0734	0.0736	0.036	0.1091	0.0876	0.0247	0.1831	0.1146
96	0.0404	0.4079	0.0617	0.049	0.0729	0.0477	0.0732	0.0734	0.036	0.1092	0.0876	0.0247	0.183	0.1145
97	0.0403	0.4082	0.0621	0.0493	0.0732	0.0477	0.0733	0.0735	0.0362	0.1098	0.0879	0.0247	0.1834	0.1147
98	0.0399	0.3996	0.0624	0.0496	0.0736	0.0476	0.0731	0.0736	0.0363	0.1098	0.0881	0.0247	0.1828	0.1147
99	0.0382	0.4133	0.0623	0.0498	0.0736	0.0475	0.073	0.0736	0.0363	0.1098	0.0882	0.0247	0.1829	0.1148
100	0.0393	0.4086	0.0622	0.0497	0.0736	0.0477	0.0731	0.0738	0.0363	0.1099	0.0883	0.0247	0.1829	0.1149
101	0.0377	0.4061	0.0623	0.0498	0.0739	0.0479	0.0735	0.0741	0.0365	0.1103	0.0886	0.0247	0.1834	0.1152
102	0.0375	0.4102	0.0622	0.0496	0.074	0.0477	0.0732	0.0741	0.0364	0.1104	0.0887	0.0247	0.1834	0.1154
103	0.0369	0.4037	0.0625	0.0499	0.0743	0.0477	0.0732	0.0742	0.0364	0.1104	0.0888	0.0247	0.1835	0.1154
104	0.0369	0.4053	0.0624	0.0496	0.0741	0.0476	0.073	0.074	0.0363	0.1104	0.0887	0.0247	0.1839	0.1154
105	0.0357	0.4063	0.0623	0.0494	0.0738	0.0477	0.0732	0.074	0.0363	0.1101	0.0885	0.0247	0.184	0.1154
106	0.0354	0.4081	0.062	0.0492	0.0736	0.0478	0.0733	0.074	0.0362	0.1099	0.0884	0.0248	0.1841	0.1154
107	0.0356	0.4026	0.0619	0.0495	0.0737	0.0478	0.0733	0.074	0.0363	0.1099	0.0884	0.0247	0.1837	0.1153
108	0.0347	0.4094	0.0622	0.0498	0.074	0.0477	0.0733	0.0741	0.0363	0.1099	0.0885	0.0247	0.1836	0.1154
109	0.0334	0.4101	0.0619	0.0495	0.0737	0.0477	0.0732	0.074	0.0363	0.1099	0.0885	0.0248	0.1839	0.1154
110	0.0334	0.4044	0.0619	0.0496	0.0738	0.0477	0.0733	0.074	0.0363	0.1099	0.0885	0.0247	0.1836	0.1154
111	0.0325	0.3995	0.062	0.0496	0.0738	0.0477	0.0733	0.074	0.0363	0.11	0.0885	0.0247	0.1835	0.1153
112	0.0327	0.4029	0.0622	0.0498	0.0739	0.0475	0.0731	0.074	0.0364	0.1101	0.0886	0.0247	0.1837	0.1154
113	0.0323	0.3972	0.062	0.05	0.0738	0.0477	0.0733	0.074	0.0364	0.1101	0.0886	0.0247	0.184	0.1155
114	0.0316	0.3993	0.062	0.05	0.0738	0.0477	0.0733	0.074	0.0364	0.1099	0.0885	0.0247	0.1839	0.1154
115	0.0318	0.412	0.0621	0.05	0.0739	0.0478	0.0736	0.0742	0.0364	0.1097	0.0886	0.0247	0.1838	0.1155
116	0.0312	0.4088	0.0621	0.05	0.0741	0.0479	0.0738	0.0744	0.0365	0.1099	0.0888	0.0247	0.1842	0.1157
117	0.0313	0.4031	0.0627	0.0506	0.0744	0.0481	0.0743	0.0746	0.0365	0.11	0.0888	0.0248	0.1847	0.1158
118	0.0304	0.4021	0.0623	0.0502	0.0742	0.0482	0.0743	0.0746	0.0365	0.11	0.0888	0.0248	0.1848	0.1158
119	0.0303	0.4041	0.0622	0.0501	0.074	0.0481	0.0744	0.0746	0.0365	0.1099	0.0887	0.0247	0.1846	0.1157
120	0.0301	0.4051	0.0624	0.0503	0.0742	0.048	0.0743	0.0745	0.0364	0.1098	0.0887	0.0247	0.1846	0.1157
121	0.0297	0.4014	0.0624	0.0503	0.0742	0.0479	0.0742	0.0745	0.0365	0.1097	0.0887	0.0247	0.1847	0.1158
122	0.0291	0.4055	0.0623	0.0504	0.0742	0.0478	0.0741	0.0744	0.0365	0.1096	0.0887	0.0247	0.1847	0.1158
123	0.0294	0.3983	0.0622	0.05	0.074	0.048	0.0742	0.0745	0.0365	0.1099	0.0887	0.0247	0.1848	0.1157
124	0.0284	0.4008	0.0621	0.05	0.074	0.0479	0.0742	0.0744	0.0365	0.1103	0.0888	0.0247	0.1848	0.1157
125	0.0289	0.4017	0.0621	0.05	0.074	0.0478	0.074	0.0743	0.0365	0.1103	0.0889	0.0247	0.1848	0.1158
126	0.0291	0.4089	0.0623	0.0502	0.0742	0.0479	0.0741	0.0745	0.0365	0.1103	0.089	0.0247	0.1846	0.1158
127	0.0284	0.4071	0.0624	0.0503	0.0742	0.048	0.0743	0.0746	0.0365	0.1105	0.0889	0.0247	0.1849	0.1158
128	0.028	0.4047	0.0624	0.0502	0.0742	0.0481	0.0743	0.0746	0.0364	0.1103	0.0889	0.0247	0.1848	0.1159
129	0.0278	0.4086	0.0624	0.0503	0.0743	0.048	0.0742	0.0746	0.0365	0.1105	0.089	0.0247	0.1848	0.1159
130	0.0274	0.3989	0.0627	0.0504	0.0742	0.0481	0.0742	0.0745	0.0365	0.1106	0.0889	0.0247	0.1848	0.1158
131	0.0274	0.3994	0.0623	0.0502	0.0739	0.0481	0.0743	0.0744	0.0366	0.1108	0.0889	0.0247	0.1853	0.1158
132	0.0272	0.4	0.0625	0.0502	0.0741	0.0481	0.0744	0.0745	0.0366	0.1107	0.089	0.0247	0.1852	0.1158
133	0.0272	0.4013	0.0624	0.0503	0.0741	0.0482	0.0744	0.0745	0.0366	0.1106	0.0889	0.0247	0.1851	0.1158
134	0.0274	0.4087	0.0624	0.0504	0.0741	0.0484	0.0747	0.0747	0.0367	0.1109	0.089	0.0247	0.1848	0.1157
135	0.0268	0.3984	0.0625	0.0504	0.074	0.0482	0.0744	0.0744	0.0367	0.1109	0.0889	0.0247	0.1846	0.1156
136	0.0261	0.4023	0.0623	0.0501	0.0738	0.048	0.0742	0.0743	0.0365	0.1106	0.0888	0.0247	0.1847	0.1156
137	0.0266	0.4037	0.0622	0.0503	0.0738	0.0482	0.0743	0.0744	0.0366	0.1108	0.0888	0.0247	0.1847	0.1156
138	0.0259	0.4037	0.0623	0.0502	0.0739	0.0481	0.0742	0.0744	0.0366	0.1109	0.0889	0.0247	0.1848	0.1157
139	0.0258	0.3996	0.062	0.05	0.0736	0.0481	0.0742	0.0743	0.0366	0.1111	0.0889	0.0247	0.1848	0.1156
140	0.0252	0.3993	0.0617	0.0499	0.0735	0.0482	0.0744	0.0744	0.0366	0.1108	0.0889	0.0247	0.1852	0.1157
141	0.0256	0.3973	0.0621	0.0502	0.0737	0.0481	0.0743	0.0743	0.0365	0.1109	0.0889	0.0247	0.1851	0.1157
142	0.0248	0.4102	0.0624	0.0505	0.0741	0.0483	0.0745	0.0746	0.0366	0.111	0.089	0.0247	0.1846	0.1157
143	0.0248	0.4096	0.0622	0.0502	0.0739	0.0484	0.0746	0.0746	0.0366	0.111	0.089	0.0247	0.1847	0.1156
144	0.0253	0.4075	0.062	0.05	0.0739	0.0482	0.0745	0.0746	0.0365	0.1109	0.089	0.0247	0.1844	0.1156
145	0.0246	0.3981	0.0619	0.0499	0.0739	0.0484	0.0747	0.0748	0.0365	0.1106	0.0889	0.0247	0.1846	0.1157
146	0.0248	0.3962	0.0621	0.0499	0.0741	0.0483	0.0748	0.0749	0.0364	0.1104	0.089	0.0247	0.1846	0.1158
147	0.0243	0.398	0.0621	0.0501	0.0741	0.0483	0.0749	0.0749	0.0365	0.1106	0.0891	0.0247	0.1848	0.1159
148	0.024	0.3994	0.0625	0.0507	0.0746	0.0483	0.0749	0.075	0.0366	0.111	0.0894	0.0247	0.1852	0.1161
149	0.0243	0.3984	0.0627	0.0504	0.0746	0.0483	0.0749	0.075	0.0366	0.111	0.0894	0.0247	0.1849	0.116
150	0.0239	0.4046	0.0622	0.0502	0.0744	0.0484	0.0749	0.0751	0.0367	0.1113	0.0895	0.0246	0.1843	0.1159
151	0.024	0.3988	0.062	0.0501	0.0743	0.0485	0.0751	0.0752	0.0366	0.1108	0.0894	0.0247	0.1848	0.1161
152	0.0238	0.4051	0.0619	0.0499	0.074	0.0485	0.075	0.075	0.0366	0.1108	0.0893	0.0246	0.1845	0.1159
153	0.0235	0.4005	0.0618	0.0499	0.074	0.0484	0.0749	0.075	0.0365	0.1106	0.0892	0.0247	0.1849	0.1159
154	0.0237	0.4004	0.0618	0.0497	0.0739	0.0484	0.0749	0.0749	0.0364	0.1102	0.0889	0.0247	0.1852	0.1159
155	0.0236	0.4004	0.062	0.05	0.074	0.0487	0.0753	0.0751	0.0365	0.1104	0.089	0.0247	0.1854	0.116
156	0.0236	0.4084	0.0621	0.05	0.0742	0.0487	0.0752	0.0752	0.0364	0.1104	0.0891	0.0247	0.1847	0.116
157	0.0233	0.4003	0.0623	0.0505	0.0746	0.0487	0.0753	0.0754	0.0364	0.1103	0.0892	0.0247	0.1854	0.1163
158	0.0228	0.4105	0.0625	0.0507	0.0746	0.0485	0.0751	0.0752	0.0364	0.1101	0.0891	0.0247	0.1854	0.1162
159	0.0229	0.4062	0.0625	0.0507	0.0747	0.0486	0.0752	0.0753	0.0365	0.1105	0.0893	0.0247	0.1855	0.1164
160	0.0231	0.4041	0.0624	0.0508	0.0747	0.0485	0.075	0.0752	0.0366	0.1109	0.0895	0.0247	0.1856	0.1164
161	0.0224	0.3982	0.0625	0.0509	0.0747	0.0485	0.075	0.0752	0.0366	0.111	0.0895	0.0247	0.1858	0.1164
162	0.0222	0.3975	0.0625	0.051	0.0748	0.0487	0.0753	0.0754	0.0367	0.1112	0.0897	0.0247	0.186	0.1165
163	0.0221	0.403	0.0628	0.0511	0.075	0.0488	0.0754	0.0755	0.0367	0.111	0.0897	0.0248	0.1859	0.1166
164	0.0226	0.393	0.0624	0.0508	0.0748	0.0488	0.0755	0.0756	0.0368	0.1112	0.0898	0.0247	0.1858	0.1166
165	0.0224	0.3962	0.0624	0.0509	0.0749	0.0487	0.0753	0.0756	0.0367	0.1112	0.0898	0.0247	0.1855	0.1166
166	0.0232	0.402	0.0623	0.0506	0.0746	0.0488	0.0755	0.0755	0.0366	0.1113	0.0896	0.0247	0.1851	0.1163
167	0.0222	0.3962	0.0625	0.0506	0.0748	0.0488	0.0755	0.0756	0.0365	0.111	0.0896	0.0247	0.1852	0.1165
168	0.0216	0.3993	0.0627	0.0508	0.0749	0.0488	0.0754	0.0756	0.0366	0.1113	0.0897	0.0248	0.1856	0.1166
169	0.022	0.3932	0.0625	0.0507	0.0747	0.049	0.0758	0.0756	0.0365	0.1111	0.0895	0.0248	0.1857	0.1165
170	0.0223	0.4076	0.0628	0.0511	0.075	0.0491	0.0759	0.0758	0.0364	0.1107	0.0894	0.0248	0.1859	0.1166
171	0.0219	0.3992	0.0628	0.0512	0.0752	0.049	0.0759	0.0759	0.0365	0.1113	0.0898	0.0248	0.1862	0.1168
172	0.0221	0.4003	0.0629	0.0512	0.0753	0.049	0.0761	0.076	0.0366	0.1114	0.0898	0.0247	0.1861	0.1168
173	0.0215	0.4002	0.063	0.0512	0.0752	0.0491	0.0762	0.076	0.0365	0.1112	0.0897	0.0247	0.1859	0.1167
174	0.0215	0.4038	0.0628	0.0511	0.0752	0.0489	0.0757	0.0758	0.0365	0.1111	0.0897	0.0247	0.1857	0.1166
175	0.0213	0.4024	0.063	0.0512	0.0753	0.0488	0.0759	0.0758	0.0365	0.1113	0.0898	0.0248	0.1862	0.1168
176	0.0219	0.3996	0.0629	0.0511	0.0752	0.0489	0.0756	0.0757	0.0365	0.1113	0.0897	0.0247	0.1858	0.1166
177	0.0216	0.408	0.063	0.0512	0.0752	0.0488	0.0757	0.0757	0.0365	0.1112	0.0896	0.0247	0.1855	0.1165
178	0.0213	0.398	0.0632	0.0513	0.0754	0.049	0.0755	0.0758	0.0365	0.1109	0.0896	0.0247	0.1859	0.1167
179	0.0213	0.3987	0.0633	0.0513	0.0756	0.0489	0.0754	0.0758	0.0365	0.1112	0.0898	0.0247	0.1861	0.1168
180	0.0217	0.4049	0.0637	0.0517	0.0759	0.049	0.0756	0.076	0.0365	0.1111	0.0898	0.0247	0.1861	0.1169
181	0.0214	0.3975	0.0637	0.0518	0.076	0.0491	0.0761	0.0762	0.0365	0.1113	0.09	0.0247	0.1861	0.117
182	0.0209	0.4091	0.0634	0.0513	0.0757	0.049	0.0758	0.076	0.0365	0.1112	0.0899	0.0247	0.1856	0.1168
183	0.0213	0.4101	0.0635	0.0513	0.0757	0.049	0.0761	0.076	0.0367	0.1118	0.0901	0.0247	0.1856	0.1168
184	0.0207	0.3994	0.0632	0.0511	0.0754	0.0491	0.0762	0.076	0.0366	0.1117	0.09	0.0247	0.1856	0.1167
185	0.0207	0.4011	0.0631	0.0512	0.0754	0.0491	0.0761	0.076	0.0366	0.1114	0.0899	0.0247	0.1855	0.1167
186	0.0211	0.3993	0.063	0.0512	0.0753	0.049	0.0761	0.0759	0.0364	0.111	0.0897	0.0246	0.1853	0.1165
187	0.0206	0.3978	0.0632	0.0513	0.0753	0.0489	0.0759	0.0758	0.0365	0.1112	0.0897	0.0246	0.1853	0.1165
188	0.0211	0.3994	0.063	0.051	0.0752	0.049	0.0762	0.0759	0.0365	0.1109	0.0897	0.0247	0.1855	0.1165
189	0.0207	0.4048	0.0632	0.0509	0.0754	0.0489	0.0757	0.0758	0.0365	0.1111	0.0897	0.0247	0.1859	0.1167
190	0.0205	0.4063	0.0626	0.0502	0.075	0.0487	0.0754	0.0757	0.0365	0.1114	0.0898	0.0247	0.1857	0.1166
191	0.0208	0.4009	0.0627	0.0502	0.0749	0.0487	0.0756	0.0757	0.0365	0.1111	0.0897	0.0247	0.1858	0.1166
192	0.0201	0.3993	0.0628	0.0507	0.0751	0.0487	0.0756	0.0757	0.0365	0.111	0.0896	0.0247	0.1861	0.1166
193	0.0201	0.4011	0.0629	0.051	0.0751	0.0486	0.0755	0.0755	0.0365	0.1113	0.0897	0.0246	0.1855	0.1165
194	0.0206	0.4053	0.063	0.0511	0.0754	0.0489	0.0758	0.0759	0.0365	0.1109	0.0897	0.0247	0.1855	0.1166
195	0.0203	0.4056	0.063	0.0511	0.0752	0.0488	0.0756	0.0757	0.0364	0.111	0.0896	0.0246	0.1853	0.1164
196	0.0202	0.3958	0.0627	0.0506	0.0748	0.0487	0.0754	0.0754	0.0364	0.111	0.0894	0.0246	0.1851	0.1162
197	0.0201	0.4001	0.0628	0.0507	0.0749	0.0488	0.0754	0.0754	0.0365	0.111	0.0894	0.0246	0.1848	0.1161
198	0.0203	0.4031	0.0629	0.0505	0.0748	0.0488	0.0754	0.0754	0.0365	0.1111	0.0894	0.0246	0.1851	0.1161
199	0.0207	0.4054	0.0626	0.05	0.0745	0.049	0.0757	0.0756	0.0365	0.1112	0.0895	0.0246	0.1852	0.1161
200	0.0204	0.3965	0.0625	0.05	0.0745	0.049	0.0756	0.0755	0.0365	0.1113	0.0895	0.0246	0.1852	0.1161
201	0.0197	0.4124	0.063	0.0506	0.0749	0.0489	0.0758	0.0755	0.0365	0.1115	0.0896	0.0246	0.1853	0.1162
202	0.0199	0.4007	0.0625	0.0503	0.0746	0.049	0.0762	0.0757	0.0366	0.1117	0.0897	0.0246	0.1859	0.1164
203	0.0199	0.3985	0.0628	0.0507	0.075	0.0489	0.076	0.0757	0.0365	0.1115	0.0898	0.0247	0.1858	0.1166
204	0.0202	0.3999	0.0629	0.0508	0.0751	0.0488	0.0756	0.0756	0.0366	0.1117	0.0898	0.0247	0.1857	0.1165
205	0.0197	0.4035	0.063	0.0511	0.0752	0.0488	0.0757	0.0756	0.0366	0.1117	0.0899	0.0247	0.1858	0.1166
206	0.0205	0.4053	0.0626	0.0504	0.0749	0.0487	0.0755	0.0756	0.0367	0.1117	0.0899	0.0247	0.1861	0.1167
207	0.0195	0.3974	0.0629	0.0505	0.0751	0.0488	0.0757	0.0757	0.0366	0.1115	0.0898	0.0247	0.1859	0.1166
208	0.0196	0.405	0.063	0.0504	0.0751	0.0488	0.0758	0.0757	0.0365	0.1111	0.0896	0.0247	0.1858	0.1166
209	0.0198	0.4032	0.063	0.0504	0.0752	0.0487	0.0754	0.0756	0.0364	0.111	0.0897	0.0246	0.1856	0.1166
210	0.0202	0.4007	0.0628	0.0503	0.075	0.0488	0.0757	0.0757	0.0365	0.1111	0.0897	0.0246	0.1856	0.1166
211	0.0194	0.3973	0.0628	0.0504	0.0749	0.0487	0.0753	0.0755	0.0365	0.1114	0.0897	0.0247	0.1857	0.1165
212	0.0202	0.3956	0.0628	0.0503	0.0749	0.0487	0.0758	0.0757	0.0366	0.1116	0.0898	0.0247	0.1858	0.1166
213	0.0195	0.3966	0.0625	0.0502	0.0748	0.0488	0.076	0.0758	0.0365	0.1114	0.0897	0.0247	0.1858	0.1166
214	0.0194	0.4033	0.0626	0.0501	0.0748	0.0486	0.0757	0.0756	0.0365	0.1116	0.0898	0.0246	0.1856	0.1165
215	0.0196	0.4079	0.0625	0.0503	0.0749	0.0487	0.0759	0.0757	0.0365	0.1114	0.0897	0.0246	0.1858	0.1166
216	0.0202	0.4065	0.0623	0.0504	0.0749	0.0485	0.0757	0.0757	0.0363	0.1107	0.0896	0.0246	0.1858	0.1166
217	0.0198	0.3983	0.0628	0.0509	0.0753	0.0485	0.0757	0.0757	0.0364	0.1106	0.0897	0.0247	0.1864	0.1169
218	0.0194	0.3977	0.0629	0.0511	0.0753	0.0484	0.0755	0.0756	0.0363	0.1107	0.0896	0.0247	0.1863	0.1168
219	0.0192	0.3968	0.0627	0.0509	0.0752	0.0483	0.0754	0.0755	0.0364	0.111	0.0897	0.0247	0.1862	0.1167
220	0.0191	0.4008	0.063	0.0511	0.0755	0.0482	0.0753	0.0756	0.0364	0.1107	0.0897	0.0247	0.1867	0.117
221	0.0194	0.401	0.0628	0.0511	0.0753	0.0484	0.0755	0.0757	0.0365	0.1109	0.0898	0.0247	0.1867	0.1169
222	0.0191	0.3993	0.063	0.0512	0.0755	0.0486	0.0757	0.0759	0.0365	0.1112	0.0899	0.0246	0.1866	0.1169
223	0.0192	0.4013	0.063	0.0512	0.0754	0.0486	0.0758	0.0758	0.0364	0.1109	0.0898	0.0246	0.1866	0.1169
224	0.0191	0.4056	0.063	0.0513	0.0756	0.0485	0.0758	0.0759	0.0364	0.1108	0.0899	0.0247	0.1865	0.117
225	0.0193	0.4007	0.063	0.0513	0.0756	0.0485	0.0758	0.0759	0.0365	0.1109	0.09	0.0247	0.187	0.1172
226	0.0189	0.4035	0.0628	0.0509	0.0753	0.0484	0.0754	0.0757	0.0365	0.1111	0.0899	0.0246	0.1866	0.1169
227	0.0193	0.395	0.0626	0.0512	0.0752	0.0483	0.0753	0.0755	0.0365	0.1111	0.0898	0.0246	0.1864	0.1168
228	0.019	0.3974	0.0626	0.0511	0.0752	0.0484	0.0753	0.0756	0.0365	0.1113	0.0899	0.0246	0.1862	0.1168
229	0.019	0.4034	0.0624	0.0509	0.075	0.0483	0.0754	0.0754	0.0365	0.1111	0.0897	0.0246	0.186	0.1166
230	0.0191	0.3928	0.0625	0.0509	0.0752	0.0484	0.0756	0.0756	0.0364	0.1109	0.0897	0.0246	0.1861	0.1167
231	0.0197	0.3996	0.0625	0.051	0.0752	0.0485	0.0758	0.0757	0.0363	0.1105	0.0895	0.0246	0.1858	0.1166
232	0.0191	0.4018	0.0627	0.0512	0.0753	0.0486	0.076	0.0758	0.0362	0.1105	0.0895	0.0246	0.1853	0.1165
233	0.0195	0.403	0.0625	0.0511	0.0753	0.0488	0.0764	0.076	0.0363	0.1107	0.0897	0.0245	0.1851	0.1165
234	0.0191	0.4048	0.0628	0.0512	0.0756	0.0489	0.0765	0.0762	0.0363	0.1107	0.0898	0.0245	0.185	0.1166
235	0.019	0.405	0.0629	0.0512	0.0755	0.0488	0.0764	0.076	0.0363	0.1105	0.0896	0.0245	0.1852	0.1165
236	0.0187	0.4075	0.0629	0.0511	0.0755	0.0488	0.0764	0.076	0.0364	0.111	0.0898	0.0245	0.1851	0.1164
237	0.0187	0.3996	0.0631	0.0512	0.0756	0.0489	0.0767	0.0762	0.0363	0.1108	0.0897	0.0245	0.1853	0.1166
238	0.0188	0.3992	0.0634	0.0514	0.0757	0.0488	0.0762	0.076	0.0363	0.1108	0.0897	0.0245	0.1853	0.1166
239	0.019	0.3988	0.0631	0.0513	0.0756	0.0489	0.0764	0.0761	0.0364	0.111	0.0898	0.0246	0.1857	0.1167
240	0.0188	0.4003	0.0632	0.0515	0.0757	0.049	0.0765	0.0762	0.0364	0.1107	0.0898	0.0246	0.1856	0.1168
241	0.0196	0.4003	0.0632	0.0514	0.0757	0.0488	0.0762	0.076	0.0363	0.1106	0.0896	0.0246	0.1856	0.1166
242	0.0189	0.404	0.0633	0.0515	0.0758	0.0488	0.0761	0.076	0.0362	0.1104	0.0896	0.0246	0.1858	0.1168
243	0.019	0.4052	0.0632	0.0513	0.0759	0.0488	0.0762	0.0762	0.0362	0.1104	0.0898	0.0246	0.1858	0.1169
244	0.0185	0.3992	0.0631	0.0513	0.0757	0.049	0.0765	0.0763	0.0363	0.1105	0.0897	0.0246	0.1857	0.1168
245	0.0188	0.4001	0.0632	0.0514	0.0759	0.049	0.0764	0.0764	0.0363	0.1104	0.0899	0.0245	0.1854	0.1169
246	0.0185	0.4065	0.063	0.0512	0.0756	0.0489	0.0761	0.0762	0.0363	0.1107	0.0898	0.0246	0.1854	0.1168
247	0.019	0.4045	0.063	0.0512	0.0758	0.0489	0.0763	0.0763	0.0364	0.111	0.09	0.0245	0.1852	0.1168
248	0.0188	0.4006	0.063	0.0511	0.0758	0.0488	0.0763	0.0764	0.0364	0.111	0.0901	0.0246	0.1855	0.117
249	0.0185	0.3997	0.0632	0.0513	0.076	0.0489	0.0763	0.0764	0.0364	0.1108	0.09	0.0245	0.1854	0.1169
250	0.019	0.3964	0.0631	0.0512	0.076	0.0488	0.0762	0.0764	0.0363	0.1105	0.09	0.0245	0.185	0.1168
251	0.019	0.4099	0.0632	0.0514	0.0761	0.0488	0.0765	0.0765	0.0363	0.1107	0.0901	0.0245	0.185	0.1169
252	0.0189	0.4011	0.063	0.0513	0.0759	0.0489	0.0765	0.0765	0.0363	0.1108	0.09	0.0245	0.1848	0.1168
253	0.0184	0.4053	0.0629	0.051	0.0757	0.049	0.0767	0.0765	0.0362	0.1105	0.0898	0.0245	0.1848	0.1167
254	0.0187	0.3959	0.0632	0.0513	0.0759	0.0492	0.077	0.0767	0.0364	0.1108	0.09	0.0245	0.185	0.1168
255	0.0186	0.4017	0.0627	0.051	0.0755	0.0493	0.0771	0.0766	0.0364	0.1112	0.09	0.0245	0.185	0.1167
256	0.0182	0.3966	0.0628	0.0511	0.0756	0.0492	0.077	0.0766	0.0364	0.1112	0.09	0.0245	0.1849	0.1167
257	0.0187	0.3988	0.0626	0.051	0.0755	0.0492	0.0771	0.0766	0.0364	0.1114	0.0901	0.0245	0.1851	0.1167
258	0.0186	0.3942	0.0629	0.0512	0.0757	0.0492	0.0771	0.0767	0.0364	0.1114	0.0902	0.0245	0.1851	0.1169
259	0.0183	0.3959	0.063	0.0513	0.0757	0.0491	0.0772	0.0766	0.0364	0.1113	0.0901	0.0245	0.1853	0.1168
260	0.0188	0.3979	0.063	0.0513	0.076	0.0491	0.077	0.0768	0.0364	0.1114	0.0903	0.0245	0.1853	0.117
261	0.0188	0.4062	0.063	0.0512	0.076	0.0492	0.0771	0.0768	0.0365	0.1117	0.0904	0.0246	0.1855	0.1171
262	0.0183	0.4002	0.0628	0.051	0.0757	0.049	0.0768	0.0765	0.0364	0.1115	0.0902	0.0245	0.1852	0.1169
263	0.0184	0.3995	0.063	0.0512	0.076	0.0489	0.0766	0.0766	0.0365	0.1115	0.0903	0.0245	0.185	0.1169
264	0.0187	0.4015	0.0632	0.0514	0.0761	0.0491	0.0768	0.0768	0.0364	0.1113	0.0903	0.0245	0.185	0.117
265	0.0187	0.3974	0.0632	0.0513	0.076	0.0491	0.0768	0.0767	0.0365	0.1114	0.0903	0.0246	0.1852	0.117
266	0.0185	0.4009	0.0632	0.0513	0.0761	0.049	0.0771	0.0767	0.0364	0.1111	0.0902	0.0246	0.1853	0.117
267	0.0185	0.4033	0.0634	0.0515	0.0763	0.0491	0.0772	0.0769	0.0364	0.1112	0.0903	0.0246	0.1857	0.1172
268	0.0186	0.4011	0.0635	0.0513	0.0763	0.0491	0.0769	0.0768	0.0364	0.1111	0.0903	0.0246	0.1855	0.1171
269	0.0188	0.4107	0.0633	0.051	0.0762	0.0492	0.0768	0.0768	0.0365	0.1117	0.0905	0.0246	0.1856	0.1172
270	0.0185	0.3936	0.063	0.0508	0.0759	0.0493	0.077	0.0768	0.0365	0.112	0.0905	0.0245	0.1853	0.117
271	0.0184	0.4049	0.063	0.0509	0.0759	0.0492	0.0769	0.0768	0.0365	0.1117	0.0904	0.0246	0.1857	0.1172
272	0.0186	0.4079	0.0628	0.0508	0.0758	0.0494	0.0772	0.0769	0.0365	0.1119	0.0905	0.0246	0.1854	0.1171
273	0.0185	0.4027	0.0631	0.0509	0.0761	0.0494	0.0773	0.0771	0.0366	0.1121	0.0907	0.0246	0.1856	0.1172
274	0.0183	0.4064	0.063	0.0509	0.0761	0.0491	0.0769	0.0768	0.0366	0.1119	0.0906	0.0246	0.1857	0.1173
275	0.0182	0.4005	0.063	0.0509	0.0761	0.0491	0.0769	0.0769	0.0365	0.1117	0.0905	0.0246	0.1853	0.1171
276	0.0183	0.403	0.0633	0.0511	0.0761	0.0491	0.077	0.0768	0.0364	0.1115	0.0904	0.0245	0.1852	0.117
277	0.0183	0.4017	0.0634	0.0512	0.0762	0.049	0.0769	0.0767	0.0365	0.1119	0.0905	0.0245	0.1848	0.1169
278	0.0184	0.4031	0.0636	0.0514	0.0764	0.0491	0.077	0.0769	0.0366	0.1124	0.0908	0.0245	0.1851	0.1171
279	0.0184	0.4068	0.0637	0.0513	0.0765	0.0494	0.0773	0.0771	0.0366	0.1123	0.0908	0.0245	0.1851	0.1171
280	0.0182	0.3961	0.0636	0.0513	0.0764	0.0496	0.0775	0.0772	0.0366	0.1122	0.0907	0.0245	0.1853	0.1172
281	0.0182	0.4041	0.0638	0.0515	0.0766	0.0495	0.0774	0.0772	0.0366	0.1123	0.0908	0.0246	0.1855	0.1172
282	0.0186	0.4009	0.0636	0.0514	0.0765	0.0495	0.0775	0.0772	0.0366	0.1124	0.0908	0.0245	0.1852	0.1171
283	0.0181	0.3977	0.0638	0.0516	0.0767	0.0496	0.0775	0.0773	0.0366	0.1124	0.0909	0.0246	0.1854	0.1173
284	0.0185	0.4002	0.0637	0.0515	0.0767	0.0493	0.077	0.0771	0.0365	0.1121	0.0908	0.0245	0.1852	0.1173
285	0.0179	0.3982	0.0636	0.0513	0.0766	0.0493	0.077	0.0771	0.0366	0.1123	0.0908	0.0245	0.1854	0.1173
286	0.0181	0.4033	0.0639	0.0514	0.0767	0.0493	0.0769	0.0771	0.0365	0.1118	0.0907	0.0245	0.1855	0.1173
287	0.0181	0.4006	0.0635	0.0511	0.0765	0.0494	0.0768	0.0771	0.0367	0.1123	0.0909	0.0245	0.1851	0.1172
288	0.0181	0.3989	0.0635	0.0511	0.0765	0.0496	0.077	0.0772	0.0366	0.1121	0.0908	0.0245	0.1853	0.1172
289	0.0181	0.4038	0.0636	0.0512	0.0765	0.0495	0.0772	0.0772	0.0367	0.1125	0.091	0.0245	0.1854	0.1173
290	0.0181	0.4038	0.0638	0.0513	0.0767	0.0495	0.0772	0.0772	0.0367	0.1126	0.091	0.0245	0.1853	0.1173
291	0.0182	0.3993	0.0638	0.0515	0.0767	0.0494	0.077	0.0771	0.0367	0.1124	0.091	0.0245	0.1854	0.1173
292	0.018	0.402	0.0635	0.0514	0.0765	0.0493	0.077	0.0771	0.0366	0.1124	0.0909	0.0246	0.1855	0.1173
293	0.0184	0.3991	0.0634	0.0513	0.0764	0.0492	0.0769	0.077	0.0366	0.1124	0.0909	0.0245	0.1854	0.1173
294	0.0182	0.4024	0.0638	0.0517	0.0766	0.0493	0.077	0.077	0.0367	0.1126	0.0909	0.0245	0.1851	0.1172
295	0.0181	0.3987	0.0637	0.0516	0.0766	0.0492	0.0767	0.0769	0.0365	0.112	0.0907	0.0246	0.1854	0.1172
296	0.018	0.4032	0.0634	0.0512	0.0763	0.0492	0.0767	0.0768	0.0366	0.1118	0.0906	0.0245	0.1853	0.1171
297	0.0184	0.3975	0.0635	0.0512	0.0765	0.0493	0.0767	0.077	0.0367	0.1121	0.0909	0.0245	0.1852	0.1172
298	0.0178	0.3969	0.0635	0.0514	0.0765	0.0493	0.0764	0.0769	0.0367	0.1123	0.0909	0.0245	0.1849	0.1171
299	0.0184	0.3964	0.0637	0.0516	0.0766	0.0493	0.0763	0.0769	0.0366	0.112	0.0908	0.0245	0.1852	0.1172
300	0.018	0.4036	0.0638	0.0517	0.0768	0.0496	0.0767	0.0772	0.0366	0.1118	0.0908	0.0246	0.1853	0.1174
301	0.018	0.3969	0.0639	0.0517	0.0768	0.0495	0.0766	0.0772	0.0366	0.1118	0.0909	0.0246	0.1854	0.1174
302	0.0185	0.4064	0.0639	0.0518	0.0768	0.0496	0.0767	0.0772	0.0365	0.1117	0.0908	0.0246	0.1855	0.1174
303	0.0183	0.3997	0.0639	0.0516	0.0767	0.0495	0.0766	0.077	0.0365	0.1116	0.0906	0.0246	0.1857	0.1174
304	0.0177	0.405	0.0639	0.0516	0.0767	0.0495	0.0766	0.077	0.0364	0.1117	0.0906	0.0246	0.186	0.1175
305	0.0182	0.3993	0.0641	0.0518	0.077	0.0494	0.0765	0.0771	0.0365	0.1117	0.0908	0.0246	0.1861	0.1176
306	0.0182	0.4007	0.0638	0.0517	0.0767	0.0495	0.0766	0.0771	0.0364	0.1115	0.0906	0.0246	0.1864	0.1176
307	0.0181	0.4022	0.0638	0.0516	0.0767	0.0494	0.0765	0.0771	0.0363	0.1115	0.0906	0.0246	0.1862	0.1176
308	0.0179	0.4026	0.0639	0.0517	0.0767	0.0493	0.0764	0.077	0.0364	0.1115	0.0906	0.0246	0.1856	0.1173
309	0.0183	0.4082	0.0637	0.0516	0.0766	0.0494	0.0766	0.077	0.0363	0.1114	0.0904	0.0246	0.186	0.1173
310	0.0186	0.4019	0.0635	0.0515	0.0767	0.0494	0.0766	0.0771	0.0362	0.1114	0.0906	0.0245	0.1855	0.1173
311	0.0181	0.3995	0.0635	0.0512	0.0765	0.0492	0.0767	0.077	0.0362	0.1113	0.0905	0.0245	0.1858	0.1173
312	0.0183	0.3997	0.0634	0.0512	0.0765	0.0491	0.0765	0.0769	0.0362	0.1114	0.0905	0.0245	0.1854	0.1172
313	0.0181	0.4003	0.0634	0.0513	0.0763	0.0492	0.0765	0.0768	0.0362	0.1112	0.0903	0.0245	0.1855	0.1171
314	0.0177	0.4079	0.0637	0.0514	0.0763	0.0491	0.0763	0.0766	0.0362	0.111	0.0901	0.0245	0.1856	0.117
315	0.0184	0.4048	0.0631	0.051	0.0758	0.0492	0.0765	0.0766	0.0362	0.1112	0.0901	0.0245	0.1852	0.1168
316	0.0182	0.4001	0.0631	0.0513	0.0758	0.0491	0.0765	0.0765	0.0363	0.1116	0.0901	0.0245	0.1854	0.1168
317	0.0182	0.3955	0.0628	0.0511	0.0757	0.049	0.0764	0.0765	0.0363	0.1116	0.0902	0.0245	0.1853	0.1168
318	0.018	0.402	0.063	0.0511	0.0757	0.0491	0.0763	0.0764	0.0363	0.1118	0.0901	0.0245	0.1851	0.1167
319	0.0183	0.4009	0.063	0.0511	0.0756	0.049	0.0763	0.0764	0.0362	0.1116	0.09	0.0245	0.1853	0.1167
320	0.0184	0.3949	0.0632	0.0516	0.076	0.0491	0.0765	0.0765	0.0362	0.1118	0.0901	0.0245	0.1852	0.1167
321	0.0182	0.4002	0.0633	0.0517	0.0759	0.0491	0.0766	0.0764	0.0362	0.1117	0.09	0.0245	0.1852	0.1166
322	0.0179	0.4034	0.0631	0.0515	0.076	0.0493	0.0768	0.0767	0.0361	0.1117	0.0902	0.0244	0.1848	0.1167
323	0.018	0.403	0.063	0.0515	0.0758	0.0491	0.0766	0.0765	0.0361	0.1117	0.09	0.0244	0.1844	0.1164
324	0.0182	0.398	0.063	0.0513	0.0757	0.049	0.0763	0.0763	0.0362	0.1117	0.09	0.0244	0.1843	0.1164
325	0.0181	0.4016	0.063	0.0514	0.0758	0.049	0.0763	0.0764	0.0362	0.1119	0.0901	0.0244	0.1842	0.1164
326	0.018	0.3987	0.0631	0.0514	0.0759	0.049	0.0761	0.0764	0.0362	0.1118	0.0902	0.0244	0.184	0.1165
327	0.0179	0.4026	0.0633	0.0515	0.076	0.049	0.0758	0.0763	0.0363	0.112	0.0903	0.0244	0.1839	0.1164
328	0.018	0.3958	0.0632	0.0513	0.0758	0.0491	0.076	0.0764	0.0362	0.1116	0.0902	0.0244	0.184	0.1165
329	0.0183	0.4015	0.063	0.0508	0.0756	0.0491	0.0762	0.0764	0.0362	0.1116	0.0901	0.0244	0.1841	0.1164
330	0.0178	0.3979	0.0629	0.051	0.0757	0.049	0.076	0.0764	0.0363	0.1119	0.0903	0.0244	0.184	0.1165
331	0.0179	0.4055	0.063	0.0509	0.0757	0.0491	0.0762	0.0765	0.0363	0.1116	0.0903	0.0244	0.1844	0.1166
332	0.0181	0.394	0.063	0.051	0.0758	0.0491	0.076	0.0764	0.0364	0.1118	0.0904	0.0244	0.1847	0.1168
333	0.0179	0.4011	0.0632	0.0511	0.0759	0.0492	0.0762	0.0766	0.0364	0.1121	0.0905	0.0244	0.1847	0.1168
334	0.0181	0.3936	0.063	0.0512	0.0758	0.049	0.0758	0.0764	0.0364	0.112	0.0905	0.0244	0.1846	0.1168
335	0.018	0.4016	0.0629	0.0509	0.0755	0.049	0.076	0.0763	0.0363	0.1116	0.0901	0.0244	0.1845	0.1166
336	0.0183	0.4027	0.063	0.0508	0.0756	0.0491	0.0763	0.0764	0.0363	0.1119	0.0903	0.0245	0.185	0.1168
337	0.0176	0.4008	0.063	0.0506	0.0755	0.0493	0.0765	0.0766	0.0363	0.1122	0.0904	0.0245	0.1846	0.1168
338	0.0181	0.4022	0.063	0.0509	0.0757	0.0493	0.0766	0.0767	0.0363	0.1123	0.0905	0.0244	0.1844	0.1168
339	0.0182	0.3995	0.0631	0.0507	0.0758	0.0492	0.0764	0.0766	0.0364	0.1125	0.0906	0.0244	0.1846	0.1169
340	0.018	0.391	0.0628	0.0503	0.0755	0.0492	0.0766	0.0766	0.0363	0.1122	0.0904	0.0245	0.1849	0.1168
341	0.0177	0.4067	0.063	0.0503	0.0755	0.0491	0.0764	0.0766	0.0364	0.1122	0.0904	0.0244	0.1846	0.1167
342	0.0183	0.3957	0.0629	0.0503	0.0755	0.0493	0.0766	0.0767	0.0363	0.1119	0.0904	0.0244	0.1848	0.1168
343	0.0182	0.4037	0.0628	0.0504	0.0755	0.0493	0.0769	0.0768	0.0363	0.1121	0.0904	0.0245	0.1849	0.1168
344	0.0184	0.4045	0.063	0.0506	0.0756	0.0494	0.077	0.0769	0.0364	0.112	0.0904	0.0244	0.1847	0.1168
345	0.0182	0.4043	0.0632	0.0507	0.0757	0.0495	0.077	0.0769	0.0364	0.1123	0.0905	0.0244	0.1845	0.1167
346	0.0178	0.3971	0.0634	0.051	0.076	0.0493	0.0768	0.0768	0.0364	0.1123	0.0906	0.0244	0.1842	0.1167
347	0.0176	0.4005	0.0633	0.0509	0.0758	0.0493	0.0769	0.0768	0.0364	0.1123	0.0905	0.0244	0.184	0.1165
348	0.018	0.3974	0.0636	0.0513	0.076	0.0494	0.0769	0.0768	0.0364	0.1121	0.0904	0.0244	0.1843	0.1166
349	0.018	0.4008	0.0637	0.0512	0.0759	0.0493	0.0767	0.0766	0.0363	0.1121	0.0903	0.0244	0.1844	0.1165
350	0.0179	0.4006	0.0637	0.0512	0.0759	0.0493	0.0767	0.0766	0.0364	0.112	0.0903	0.0244	0.1845	0.1165
351	0.0179	0.3981	0.0636	0.051	0.0758	0.0493	0.0767	0.0765	0.0363	0.1118	0.0902	0.0244	0.1845	0.1165
352	0.0177	0.4053	0.0637	0.0511	0.076	0.0492	0.0765	0.0766	0.0364	0.1121	0.0904	0.0243	0.1841	0.1165
353	0.0183	0.3988	0.0637	0.0513	0.076	0.0493	0.0765	0.0766	0.0364	0.112	0.0904	0.0244	0.1841	0.1165
354	0.0185	0.4044	0.0636	0.0512	0.0759	0.0494	0.0767	0.0767	0.0364	0.112	0.0903	0.0243	0.1839	0.1164
355	0.0175	0.3943	0.0636	0.0512	0.076	0.0493	0.0765	0.0766	0.0364	0.112	0.0904	0.0244	0.1841	0.1165
356	0.0177	0.4032	0.0638	0.0514	0.0762	0.0493	0.0763	0.0766	0.0363	0.1116	0.0903	0.0244	0.1842	0.1166
357	0.0178	0.3999	0.064	0.0517	0.0764	0.0494	0.0766	0.0769	0.0363	0.1115	0.0904	0.0244	0.1842	0.1167
358	0.0179	0.3987	0.0639	0.0514	0.0761	0.0493	0.0766	0.0767	0.0362	0.1112	0.0901	0.0244	0.1841	0.1165
359	0.0177	0.4045	0.064	0.0515	0.0762	0.0494	0.0766	0.0767	0.0362	0.1112	0.0901	0.0243	0.1842	0.1164
360	0.0175	0.4048	0.0636	0.0512	0.0759	0.0495	0.0767	0.0767	0.0362	0.1114	0.0901	0.0244	0.1845	0.1165
361	0.0177	0.3943	0.0635	0.0513	0.076	0.0494	0.0766	0.0768	0.0361	0.1112	0.0901	0.0244	0.1846	0.1166
362	0.0176	0.4043	0.0637	0.0515	0.0761	0.0492	0.0763	0.0766	0.0361	0.1113	0.0901	0.0244	0.1846	0.1165
363	0.0179	0.405	0.0637	0.0514	0.076	0.0492	0.0761	0.0764	0.0361	0.1114	0.0899	0.0243	0.1843	0.1163
364	0.018	0.3957	0.0635	0.0511	0.0759	0.049	0.0759	0.0763	0.0361	0.1113	0.0899	0.0243	0.1845	0.1163
365	0.0181	0.3978	0.0632	0.0509	0.0758	0.0492	0.0762	0.0765	0.0362	0.1115	0.0901	0.0243	0.1841	0.1163
366	0.0176	0.394	0.0634	0.051	0.0758	0.0493	0.0763	0.0765	0.036	0.111	0.0898	0.0243	0.1839	0.1162
367	0.0178	0.3929	0.0635	0.0511	0.0758	0.0493	0.0763	0.0765	0.0361	0.1112	0.0899	0.0243	0.1841	0.1162
368	0.0177	0.3957	0.0635	0.0511	0.0757	0.0492	0.0762	0.0764	0.0361	0.1113	0.0899	0.0243	0.184	0.1162
369	0.0181	0.4034	0.0635	0.0513	0.0761	0.0491	0.076	0.0765	0.036	0.1111	0.09	0.0243	0.1838	0.1163
370	0.0174	0.4052	0.0637	0.0514	0.0762	0.049	0.076	0.0765	0.036	0.1108	0.0899	0.0243	0.1835	0.1163
371	0.0178	0.4037	0.0639	0.0514	0.0762	0.0493	0.0764	0.0767	0.036	0.111	0.0899	0.0243	0.1838	0.1164
372	0.0181	0.403	0.0642	0.0517	0.0765	0.0493	0.0766	0.0768	0.0361	0.1118	0.0903	0.0243	0.1834	0.1163
373	0.018	0.3949	0.0644	0.0518	0.0765	0.0492	0.0762	0.0765	0.036	0.1111	0.0899	0.0243	0.1833	0.1161
374	0.018	0.4017	0.0646	0.052	0.0767	0.0491	0.0762	0.0766	0.036	0.1107	0.0899	0.0243	0.1834	0.1162
375	0.0182	0.4003	0.0644	0.0517	0.0767	0.0491	0.0762	0.0766	0.036	0.1108	0.0899	0.0243	0.1838	0.1163
376	0.0176	0.3979	0.0644	0.0517	0.0767	0.0491	0.0762	0.0766	0.036	0.111	0.0901	0.0243	0.184	0.1164
377	0.0176	0.4031	0.0645	0.052	0.0769	0.0491	0.0764	0.0768	0.0359	0.1109	0.09	0.0243	0.1838	0.1164
378	0.0178	0.4019	0.0642	0.0517	0.0766	0.0492	0.0766	0.0768	0.0359	0.1109	0.0899	0.0243	0.1836	0.1163
379	0.0179	0.4069	0.0641	0.0516	0.0766	0.0492	0.0766	0.0769	0.0361	0.1114	0.0903	0.0243	0.1837	0.1165
380	0.0176	0.4046	0.0642	0.0516	0.0766	0.0494	0.0768	0.0769	0.0361	0.1113	0.0902	0.0243	0.1836	0.1164
381	0.0179	0.4048	0.0644	0.0519	0.0769	0.0492	0.0765	0.077	0.0362	0.1116	0.0905	0.0243	0.1837	0.1166
382	0.0178	0.4051	0.0643	0.0519	0.0769	0.0493	0.0767	0.0771	0.0361	0.1116	0.0905	0.0243	0.1841	0.1168
383	0.0176	0.3979	0.0642	0.0517	0.0769	0.0494	0.0767	0.0771	0.0361	0.1115	0.0905	0.0243	0.184	0.1168
384	0.018	0.4032	0.0641	0.0516	0.0768	0.0495	0.0769	0.0772	0.0361	0.1113	0.0905	0.0243	0.1836	0.1167
385	0.0179	0.4013	0.0641	0.0518	0.077	0.0495	0.077	0.0774	0.0363	0.1117	0.0908	0.0243	0.1838	0.1169
386	0.018	0.4017	0.0641	0.0518	0.0769	0.0495	0.077	0.0773	0.0363	0.1115	0.0906	0.0243	0.1836	0.1167
387	0.0174	0.4022	0.064	0.0517	0.0768	0.0495	0.0771	0.0773	0.0362	0.1113	0.0905	0.0243	0.1836	0.1167
388	0.0177	0.4024	0.0639	0.0515	0.0768	0.0494	0.0769	0.0773	0.0364	0.1118	0.0908	0.0243	0.1837	0.1168
389	0.0175	0.3996	0.0641	0.0516	0.0769	0.0494	0.0769	0.0773	0.0363	0.1115	0.0907	0.0243	0.1835	0.1168
390	0.0179	0.4023	0.0638	0.0514	0.0767	0.0494	0.0769	0.0772	0.0362	0.1112	0.0906	0.0243	0.1836	0.1168
391	0.0178	0.4024	0.0639	0.0515	0.0769	0.0491	0.0764	0.0771	0.0363	0.1114	0.0908	0.0243	0.1836	0.1169
392	0.0175	0.4003	0.0641	0.0516	0.0767	0.0491	0.0765	0.077	0.0363	0.1115	0.0906	0.0243	0.1833	0.1167
393	0.0179	0.405	0.0639	0.0516	0.0766	0.0491	0.0766	0.0769	0.0363	0.1118	0.0906	0.0243	0.1834	0.1166
394	0.0177	0.4034	0.0641	0.0516	0.0766	0.0491	0.0765	0.0768	0.0363	0.1117	0.0904	0.0243	0.1834	0.1165
395	0.018	0.4035	0.0638	0.0513	0.0764	0.0491	0.0766	0.0768	0.0363	0.1119	0.0905	0.0242	0.1828	0.1163
396	0.0174	0.4041	0.064	0.0514	0.0763	0.0489	0.0763	0.0765	0.0362	0.1117	0.0903	0.0242	0.1829	0.1162
397	0.0175	0.3995	0.0639	0.0515	0.0763	0.049	0.0763	0.0766	0.0362	0.1117	0.0903	0.0243	0.183	0.1162
398	0.0177	0.402	0.0641	0.0515	0.0764	0.049	0.0762	0.0765	0.0361	0.1115	0.0902	0.0243	0.1831	0.1162
399	0.0179	0.4	0.0641	0.0514	0.0765	0.0492	0.0765	0.0768	0.0361	0.1113	0.0902	0.0243	0.183	0.1163
400	0.0174	0.4023	0.0639	0.0513	0.0764	0.0491	0.0764	0.0768	0.0361	0.1112	0.0902	0.0243	0.1831	0.1164
401	0.0179	0.3969	0.0639	0.0512	0.0765	0.049	0.0762	0.0768	0.036	0.111	0.0903	0.0243	0.183	0.1164
402	0.0176	0.3984	0.064	0.0514	0.0765	0.0491	0.0765	0.0769	0.036	0.1109	0.0902	0.0243	0.1833	0.1166
403	0.0176	0.3953	0.0641	0.0515	0.0767	0.0493	0.0767	0.0771	0.0361	0.1109	0.0903	0.0243	0.1833	0.1166
404	0.0174	0.3999	0.0642	0.0515	0.0767	0.0493	0.0768	0.0771	0.0361	0.111	0.0904	0.0243	0.1836	0.1167
405	0.018	0.3955	0.0642	0.0515	0.0768	0.0494	0.077	0.0773	0.0362	0.1112	0.0906	0.0243	0.1837	0.1169
406	0.0173	0.3997	0.0642	0.0516	0.077	0.0493	0.0768	0.0773	0.0361	0.1112	0.0907	0.0244	0.184	0.1171
407	0.0175	0.4036	0.0643	0.0518	0.0771	0.0493	0.0768	0.0774	0.0361	0.1111	0.0907	0.0244	0.184	0.1171
408	0.0178	0.4018	0.0644	0.0519	0.0772	0.0491	0.0766	0.0773	0.0362	0.1113	0.0908	0.0244	0.1842	0.1172
409	0.0176	0.4037	0.0646	0.0518	0.0772	0.0491	0.0766	0.0772	0.0361	0.1112	0.0906	0.0244	0.1842	0.1171
410	0.0178	0.4023	0.0646	0.0518	0.0771	0.0491	0.0765	0.0771	0.0362	0.1112	0.0906	0.0244	0.1845	0.1171
411	0.0178	0.3998	0.0645	0.0519	0.077	0.0491	0.0764	0.077	0.0364	0.1114	0.0907	0.0244	0.1844	0.117
412	0.0181	0.4043	0.0644	0.0517	0.0768	0.0491	0.0763	0.0769	0.0363	0.1113	0.0906	0.0244	0.1842	0.1169
413	0.0181	0.4054	0.0641	0.0515	0.0766	0.0489	0.0763	0.0768	0.0364	0.1115	0.0906	0.0244	0.1843	0.1169
414	0.018	0.3996	0.0642	0.0518	0.0768	0.0492	0.0766	0.0771	0.0364	0.1118	0.0908	0.0244	0.1844	0.117
415	0.0177	0.4014	0.0642	0.052	0.0767	0.0492	0.0767	0.077	0.0364	0.1119	0.0908	0.0244	0.1842	0.1169
416	0.0176	0.4022	0.0641	0.0518	0.0766	0.0492	0.0766	0.0769	0.0364	0.1118	0.0907	0.0244	0.1842	0.1168
417	0.0176	0.4029	0.0638	0.0516	0.0764	0.0492	0.0766	0.0769	0.0364	0.112	0.0907	0.0244	0.184	0.1167
418	0.0177	0.3934	0.064	0.0517	0.0765	0.0494	0.0768	0.077	0.0364	0.112	0.0906	0.0244	0.184	0.1167
419	0.0176	0.4023	0.0641	0.0517	0.0766	0.0492	0.0765	0.0769	0.0364	0.1118	0.0906	0.0244	0.1843	0.1169
420	0.0175	0.4021	0.064	0.0517	0.0764	0.0491	0.0764	0.0767	0.0363	0.1116	0.0904	0.0244	0.1844	0.1168
421	0.0175	0.3957	0.0637	0.0518	0.0763	0.049	0.0765	0.0766	0.0363	0.1118	0.0904	0.0244	0.1842	0.1166
422	0.0175	0.4029	0.0636	0.0516	0.0762	0.049	0.0766	0.0766	0.0363	0.1114	0.0903	0.0244	0.1843	0.1167
423	0.0177	0.3991	0.0635	0.0516	0.076	0.0491	0.0765	0.0766	0.0363	0.1116	0.0903	0.0244	0.1844	0.1166
424	0.0178	0.4049	0.0635	0.0515	0.0761	0.0492	0.0765	0.0767	0.0363	0.1117	0.0904	0.0243	0.1838	0.1165
425	0.0177	0.4004	0.0635	0.0513	0.0759	0.0491	0.0761	0.0764	0.0363	0.1116	0.0902	0.0243	0.1837	0.1163
426	0.0177	0.3971	0.0637	0.0514	0.0762	0.049	0.0763	0.0766	0.0364	0.1121	0.0906	0.0243	0.184	0.1166
427	0.0178	0.4084	0.0637	0.0514	0.0763	0.0491	0.0763	0.0767	0.0364	0.112	0.0906	0.0243	0.184	0.1166
428	0.0176	0.3911	0.0641	0.0515	0.0765	0.049	0.0763	0.0766	0.0364	0.112	0.0905	0.0243	0.1842	0.1166
429	0.0176	0.4086	0.0641	0.0515	0.0763	0.0491	0.0764	0.0765	0.0363	0.1116	0.0903	0.0243	0.1844	0.1165
430	0.0178	0.4043	0.0639	0.0516	0.0761	0.0491	0.0764	0.0764	0.0362	0.1114	0.09	0.0243	0.1842	0.1163
431	0.0178	0.3998	0.0636	0.0513	0.0761	0.049	0.0764	0.0766	0.0362	0.1114	0.0902	0.0243	0.1844	0.1165
432	0.0176	0.4037	0.0635	0.0512	0.0761	0.049	0.0765	0.0766	0.0362	0.1115	0.0903	0.0243	0.1841	0.1165
433	0.0175	0.3915	0.0635	0.0514	0.0761	0.049	0.0764	0.0766	0.0362	0.1114	0.0902	0.0242	0.1836	0.1163
434	0.018	0.3994	0.0636	0.0515	0.0763	0.049	0.0764	0.0767	0.0361	0.1112	0.0902	0.0243	0.1836	0.1164
435	0.0175	0.3967	0.0638	0.0516	0.0763	0.0489	0.0761	0.0765	0.0362	0.1115	0.0902	0.0243	0.1836	0.1163
436	0.0171	0.4103	0.0637	0.0515	0.0763	0.049	0.0763	0.0766	0.0363	0.1117	0.0903	0.0243	0.1834	0.1163
437	0.0174	0.4062	0.0636	0.0514	0.0762	0.0489	0.0762	0.0765	0.0363	0.1115	0.0903	0.0243	0.1839	0.1164
438	0.0177	0.397	0.0637	0.0515	0.0762	0.0486	0.0757	0.0762	0.0362	0.1114	0.0901	0.0243	0.1839	0.1163
439	0.0179	0.3986	0.0636	0.0514	0.076	0.0486	0.0757	0.0761	0.0362	0.1117	0.0901	0.0243	0.1837	0.1161
440	0.0178	0.4025	0.0635	0.0513	0.076	0.0486	0.0756	0.0761	0.0363	0.1117	0.0902	0.0243	0.1836	0.1162
441	0.0178	0.4036	0.0635	0.0516	0.0761	0.0487	0.0756	0.0761	0.0362	0.1114	0.09	0.0243	0.1838	0.1162
442	0.0176	0.4049	0.0635	0.0518	0.0761	0.0486	0.0753	0.076	0.036	0.1109	0.0898	0.0243	0.1842	0.1163
443	0.0175	0.4028	0.0634	0.0517	0.076	0.0486	0.0755	0.076	0.0359	0.1106	0.0897	0.0243	0.1842	0.1162
444	0.0175	0.401	0.0635	0.0518	0.0762	0.0486	0.0754	0.0761	0.036	0.111	0.0899	0.0244	0.1845	0.1164
445	0.0176	0.3984	0.0634	0.0518	0.0761	0.0486	0.0756	0.0761	0.036	0.111	0.0898	0.0244	0.1845	0.1164
446	0.0174	0.4098	0.0633	0.0519	0.0762	0.0485	0.0755	0.0761	0.0359	0.1107	0.0898	0.0243	0.1844	0.1165
447	0.0171	0.4038	0.0631	0.0516	0.076	0.0483	0.0753	0.0759	0.0359	0.1109	0.0898	0.0243	0.1843	0.1164
448	0.0175	0.395	0.0633	0.0519	0.0761	0.0483	0.0754	0.076	0.036	0.1109	0.0899	0.0243	0.1843	0.1164
449	0.0176	0.4015	0.0633	0.0518	0.0762	0.0486	0.0759	0.0764	0.036	0.111	0.09	0.0243	0.1844	0.1166
450	0.0173	0.4017	0.0632	0.0517	0.0761	0.0484	0.0756	0.0761	0.036	0.111	0.09	0.0244	0.1846	0.1166
451	0.0174	0.3959	0.0633	0.0517	0.0761	0.0484	0.0756	0.0761	0.0361	0.1111	0.09	0.0244	0.1845	0.1166
452	0.0181	0.3987	0.063	0.0514	0.0758	0.0483	0.0753	0.0759	0.036	0.1109	0.0899	0.0243	0.184	0.1163
453	0.0173	0.4022	0.0632	0.0516	0.0761	0.0482	0.0751	0.0759	0.0359	0.1106	0.0898	0.0243	0.1838	0.1163
454	0.0176	0.3979	0.0633	0.0515	0.0761	0.0483	0.0752	0.076	0.0359	0.1106	0.0898	0.0242	0.1836	0.1162
455	0.0177	0.3999	0.0635	0.0517	0.0763	0.0482	0.075	0.076	0.0359	0.1106	0.0899	0.0243	0.1838	0.1164
456	0.0172	0.3992	0.0633	0.0516	0.0763	0.048	0.0748	0.0759	0.0358	0.1104	0.0899	0.0243	0.1839	0.1165
457	0.0174	0.3975	0.0633	0.0516	0.0764	0.0479	0.0748	0.0759	0.0359	0.1106	0.09	0.0243	0.184	0.1165
458	0.0173	0.4017	0.0637	0.0518	0.0766	0.0481	0.0753	0.0761	0.0359	0.1108	0.09	0.0243	0.1838	0.1164
459	0.0174	0.4152	0.0634	0.0517	0.0765	0.0483	0.0754	0.0763	0.0359	0.1108	0.0901	0.0242	0.1838	0.1165
460	0.0177	0.4073	0.0635	0.0518	0.0766	0.0483	0.0752	0.0763	0.0359	0.1108	0.0902	0.0242	0.1836	0.1165
461	0.0177	0.4064	0.0635	0.0519	0.0767	0.0485	0.0754	0.0765	0.0359	0.1109	0.0903	0.0242	0.1836	0.1166
462	0.0177	0.3989	0.0635	0.0518	0.0768	0.0484	0.0754	0.0766	0.0358	0.1105	0.0902	0.0242	0.1836	0.1166
463	0.0175	0.4015	0.0634	0.0516	0.0766	0.0483	0.0753	0.0764	0.0358	0.1106	0.0901	0.0242	0.1838	0.1166
464	0.0177	0.4112	0.0635	0.0516	0.0766	0.0485	0.0755	0.0765	0.0358	0.1106	0.0901	0.0242	0.1836	0.1165
465	0.0176	0.4037	0.0636	0.0516	0.0767	0.0486	0.0757	0.0767	0.0358	0.1106	0.0902	0.0241	0.1833	0.1165
466	0.0179	0.4025	0.0637	0.0518	0.0767	0.0488	0.0759	0.0767	0.0358	0.1107	0.0901	0.0241	0.1832	0.1164
467	0.0173	0.4057	0.0634	0.0515	0.0766	0.0487	0.0759	0.0768	0.0359	0.1108	0.0903	0.0242	0.1833	0.1166
468	0.0175	0.3988	0.0635	0.0517	0.0768	0.0487	0.076	0.0769	0.0359	0.111	0.0904	0.0242	0.1838	0.1168
469	0.0177	0.4017	0.0637	0.0516	0.0768	0.0485	0.0759	0.0767	0.0359	0.111	0.0904	0.0242	0.1841	0.1168
470	0.0172	0.412	0.0639	0.0516	0.077	0.0486	0.0759	0.0768	0.0359	0.111	0.0905	0.0243	0.1843	0.117
471	0.0174	0.4095	0.0635	0.0514	0.0768	0.0488	0.0763	0.0771	0.036	0.1112	0.0906	0.0243	0.1843	0.1171
472	0.0177	0.3994	0.0638	0.0518	0.0771	0.0487	0.0761	0.0771	0.0359	0.1113	0.0907	0.0243	0.1843	0.1171
473	0.0179	0.4045	0.0637	0.0515	0.0771	0.0486	0.0762	0.0771	0.0361	0.1115	0.0909	0.0243	0.1843	0.1172
474	0.0172	0.3991	0.0637	0.0513	0.0769	0.0486	0.0762	0.077	0.036	0.1114	0.0907	0.0243	0.1843	0.1171
475	0.0176	0.4078	0.0636	0.0512	0.0767	0.0487	0.0764	0.0769	0.036	0.1115	0.0905	0.0243	0.1846	0.117
476	0.0176	0.404	0.0639	0.0514	0.0768	0.0489	0.0768	0.0771	0.0359	0.1112	0.0905	0.0243	0.1843	0.117
477	0.0181	0.4087	0.064	0.0516	0.0768	0.0487	0.0765	0.0769	0.0359	0.1112	0.0904	0.0243	0.1844	0.1169
478	0.0175	0.4067	0.0637	0.0512	0.0766	0.0487	0.0766	0.077	0.036	0.1115	0.0905	0.0243	0.1846	0.117
479	0.0171	0.4016	0.0635	0.051	0.0765	0.0487	0.0765	0.0769	0.0359	0.1115	0.0905	0.0243	0.1845	0.1169
480	0.0169	0.4053	0.0635	0.0509	0.0766	0.0487	0.0765	0.077	0.0358	0.1112	0.0905	0.0243	0.1847	0.1171
481	0.0176	0.405	0.0635	0.051	0.0767	0.0486	0.0763	0.077	0.0359	0.1113	0.0906	0.0244	0.185	0.1173
482	0.0177	0.4049	0.0633	0.051	0.0765	0.0487	0.0764	0.077	0.036	0.1114	0.0906	0.0244	0.1852	0.1172
483	0.0174	0.4016	0.0634	0.0511	0.0765	0.0485	0.076	0.0767	0.036	0.1116	0.0906	0.0244	0.1853	0.1172
484	0.0171	0.4018	0.0632	0.0509	0.0763	0.0486	0.0763	0.0768	0.036	0.1115	0.0905	0.0244	0.1853	0.1172
485	0.0175	0.4071	0.0631	0.0509	0.076	0.0485	0.0763	0.0766	0.0359	0.1112	0.0902	0.0244	0.1853	0.1169
486	0.0173	0.4047	0.0631	0.0507	0.0758	0.0484	0.0763	0.0764	0.0359	0.1113	0.0901	0.0243	0.1853	0.1167
487	0.0172	0.4111	0.063	0.0505	0.0757	0.0484	0.0762	0.0764	0.0359	0.1114	0.0901	0.0243	0.1849	0.1167
488	0.018	0.4015	0.0629	0.0505	0.0757	0.0484	0.0763	0.0764	0.0359	0.1113	0.0901	0.0243	0.1855	0.1168
489	0.0175	0.4034	0.063	0.0506	0.0756	0.0484	0.0763	0.0763	0.0359	0.1111	0.0899	0.0243	0.1853	0.1166
490	0.0177	0.4012	0.0633	0.0507	0.0758	0.0485	0.0763	0.0764	0.0359	0.1112	0.09	0.0243	0.1851	0.1167
491	0.0173	0.3999	0.0635	0.0509	0.076	0.0485	0.0762	0.0764	0.036	0.1114	0.0901	0.0243	0.1851	0.1167
492	0.0176	0.4049	0.0632	0.0507	0.0758	0.0485	0.0763	0.0764	0.0361	0.1115	0.0902	0.0243	0.1853	0.1168
493	0.0175	0.4084	0.0633	0.051	0.076	0.0484	0.076	0.0763	0.036	0.1115	0.0902	0.0243	0.1849	0.1167
494	0.0174	0.4002	0.0633	0.051	0.0759	0.0484	0.0761	0.0762	0.036	0.1115	0.0901	0.0243	0.1846	0.1165
495	0.0174	0.403	0.0631	0.051	0.0757	0.0484	0.0761	0.0761	0.0361	0.1116	0.09	0.0243	0.1846	0.1164
496	0.0176	0.4033	0.0631	0.051	0.0757	0.0483	0.0758	0.076	0.036	0.1114	0.0899	0.0242	0.1842	0.1163
497	0.0175	0.3953	0.063	0.0509	0.0755	0.0483	0.0757	0.0759	0.036	0.1114	0.0899	0.0243	0.1847	0.1163
498	0.0176	0.4024	0.0631	0.0507	0.0756	0.0485	0.0762	0.0761	0.0359	0.1111	0.0897	0.0243	0.1847	0.1163
499	0.0174	0.4019	0.0631	0.0508	0.0756	0.0485	0.0762	0.0761	0.0359	0.1112	0.0897	0.0242	0.1844	0.1162
500	0.0173	0.4054	0.063	0.0507	0.0756	0.0485	0.0759	0.076	0.0359	0.1114	0.0898	0.0242	0.184	0.1161
