{"n_layers": 2, "device": "cuda", "batch_size": 2048, "embedding_dim": 128, "learning_rate": 0.001, "dataset": "dbbook", "epochs": 150, "model": "ef-mmlgcn", "fusion": "max", "top_k": [5, 10, 20, 50], "seed": 19, "multimodal": true}
Epoch	Loss	Precision@5	Recall@5	NDCG@5	Precision@10	Recall@10	NDCG@10	Precision@20	Recall@20	NDCG@20	Precision@50	Recall@50	NDCG@50
1	0.6922	0.0175	0.0131	0.0204	0.0141	0.0204	0.0208	0.0108	0.0322	0.0254	0.0074	0.0539	0.0334
2	0.6890	0.0417	0.03	0.0475	0.0328	0.0467	0.0477	0.0244	0.0701	0.0569	0.0157	0.1138	0.0728
3	0.6838	0.0466	0.0337	0.05	0.0369	0.0522	0.051	0.0291	0.0821	0.0633	0.0206	0.1459	0.0867
4	0.6745	0.0418	0.0307	0.0445	0.0354	0.05	0.0473	0.0286	0.0802	0.0598	0.0217	0.1522	0.0864
5	0.6582	0.0366	0.0265	0.0379	0.0323	0.0464	0.0419	0.0274	0.0766	0.0547	0.0215	0.15	0.0819
6	0.6334	0.0317	0.0229	0.0319	0.0297	0.0426	0.037	0.0265	0.0729	0.0503	0.021	0.1455	0.0771
7	0.5995	0.0281	0.0202	0.0282	0.0279	0.0395	0.034	0.0257	0.0706	0.0475	0.0207	0.1426	0.0742
8	0.5594	0.0265	0.0189	0.0261	0.0268	0.0378	0.032	0.025	0.0679	0.0453	0.0203	0.1391	0.0717
9	0.5172	0.026	0.0186	0.0254	0.0262	0.0369	0.0311	0.0245	0.0664	0.0442	0.0202	0.1379	0.0706
10	0.4777	0.0261	0.0187	0.0253	0.0258	0.0362	0.0306	0.0242	0.0661	0.0437	0.02	0.1363	0.0698
11	0.4393	0.0272	0.0195	0.026	0.0257	0.0361	0.0305	0.0241	0.0659	0.0436	0.0199	0.1356	0.0696
12	0.4092	0.0273	0.0195	0.0261	0.0254	0.0357	0.0304	0.0242	0.0659	0.0438	0.0199	0.136	0.0697
13	0.3822	0.0275	0.0195	0.0263	0.0254	0.0357	0.0305	0.0243	0.066	0.0439	0.0199	0.1355	0.0697
14	0.3583	0.0278	0.0196	0.0265	0.0258	0.0361	0.0308	0.0244	0.0661	0.0441	0.02	0.136	0.07
15	0.3394	0.0283	0.0201	0.0269	0.026	0.0362	0.031	0.0245	0.0666	0.0444	0.0201	0.1369	0.0705
16	0.3221	0.0289	0.0203	0.0274	0.0261	0.0364	0.0312	0.0249	0.0672	0.0449	0.0202	0.1375	0.0709
17	0.3093	0.0297	0.0208	0.028	0.0267	0.0374	0.0319	0.025	0.0677	0.0453	0.0203	0.1385	0.0715
18	0.2949	0.0308	0.0216	0.0289	0.0271	0.0379	0.0325	0.0253	0.0684	0.0459	0.0205	0.1397	0.0723
19	0.2817	0.0312	0.0218	0.0293	0.0275	0.0386	0.033	0.0255	0.0687	0.0464	0.0206	0.1403	0.0729
20	0.2760	0.0316	0.022	0.03	0.0278	0.0392	0.0336	0.0258	0.0697	0.0472	0.0207	0.141	0.0737
21	0.2648	0.0319	0.0225	0.0304	0.0281	0.0394	0.0341	0.026	0.0704	0.0478	0.0208	0.1418	0.0742
22	0.2554	0.0325	0.0229	0.0311	0.0287	0.0403	0.0348	0.0261	0.0708	0.0484	0.0209	0.1429	0.0751
23	0.2451	0.0329	0.023	0.0315	0.0291	0.0408	0.0353	0.0263	0.0718	0.0489	0.0211	0.1442	0.0758
24	0.2407	0.0333	0.0234	0.0319	0.0294	0.0407	0.0355	0.0266	0.0727	0.0495	0.0213	0.1455	0.0765
25	0.2316	0.034	0.0238	0.0326	0.0298	0.0413	0.0361	0.0269	0.0731	0.05	0.0214	0.1469	0.0773
26	0.2239	0.0341	0.0239	0.0329	0.0306	0.0429	0.0372	0.0271	0.0741	0.0507	0.0215	0.1478	0.078
27	0.2189	0.0343	0.0241	0.0334	0.031	0.0432	0.0378	0.0273	0.0749	0.0514	0.0217	0.1491	0.0789
28	0.2132	0.0347	0.0243	0.034	0.0313	0.0436	0.0383	0.0275	0.0756	0.052	0.0218	0.1503	0.0797
29	0.2070	0.0354	0.0248	0.0351	0.0316	0.0439	0.0392	0.0278	0.0767	0.0531	0.022	0.1517	0.0809
30	0.2005	0.0353	0.0246	0.0352	0.032	0.0445	0.0397	0.0281	0.0774	0.0537	0.0221	0.1521	0.0814
31	0.1980	0.036	0.0252	0.0359	0.0325	0.0452	0.0404	0.0283	0.0781	0.0544	0.0223	0.1537	0.0824
32	0.1914	0.0365	0.0255	0.0367	0.0328	0.0459	0.0412	0.0285	0.079	0.0553	0.0224	0.1544	0.0833
33	0.1870	0.0368	0.0258	0.0371	0.0331	0.0465	0.0417	0.0286	0.0792	0.0557	0.0225	0.1556	0.0841
34	0.1762	0.0375	0.0263	0.0379	0.0336	0.0474	0.0424	0.0287	0.0795	0.0562	0.0227	0.1563	0.0848
35	0.1731	0.0383	0.0269	0.0386	0.034	0.0481	0.0429	0.0289	0.0803	0.0567	0.0229	0.1581	0.0856
36	0.1709	0.0387	0.0272	0.039	0.0342	0.0484	0.0434	0.0291	0.081	0.0572	0.023	0.1593	0.0863
37	0.1648	0.0391	0.0275	0.0396	0.0344	0.0484	0.0436	0.0294	0.0818	0.0578	0.0232	0.1607	0.0871
38	0.1600	0.0392	0.0277	0.0399	0.0345	0.0485	0.044	0.0296	0.0824	0.0584	0.0234	0.1626	0.0881
39	0.1585	0.0395	0.028	0.0402	0.0346	0.0488	0.0442	0.0299	0.0833	0.0588	0.0236	0.1643	0.0888
40	0.1558	0.0398	0.0281	0.0405	0.0348	0.0492	0.0446	0.0301	0.0838	0.0594	0.0238	0.1657	0.0896
41	0.1555	0.0404	0.0288	0.0412	0.0353	0.0498	0.0453	0.0304	0.0849	0.0602	0.0241	0.1682	0.0908
42	0.1485	0.0409	0.0294	0.0418	0.0357	0.0504	0.0458	0.0307	0.0861	0.0609	0.0243	0.1699	0.0917
43	0.1448	0.0409	0.0294	0.0419	0.0359	0.0509	0.0461	0.0309	0.0869	0.0614	0.0243	0.17	0.0921
44	0.1414	0.0412	0.0296	0.0422	0.0362	0.0514	0.0466	0.031	0.0872	0.0617	0.0244	0.1706	0.0926
45	0.1392	0.0414	0.0299	0.0425	0.0364	0.0517	0.0469	0.0311	0.0876	0.0621	0.0246	0.1721	0.0932
46	0.1353	0.0418	0.0301	0.0427	0.0366	0.0519	0.047	0.0314	0.0884	0.0625	0.0247	0.1729	0.0936
47	0.1335	0.0422	0.0303	0.043	0.0369	0.0523	0.0473	0.0316	0.0889	0.0628	0.0248	0.1743	0.0942
48	0.1304	0.0428	0.0308	0.0434	0.0373	0.0527	0.0477	0.0317	0.0895	0.0632	0.0249	0.1754	0.0948
49	0.1263	0.0426	0.0307	0.0433	0.0375	0.0538	0.0481	0.0319	0.09	0.0635	0.0251	0.1768	0.0953
50	0.1242	0.0431	0.031	0.0439	0.038	0.0542	0.0487	0.0322	0.0911	0.0644	0.0251	0.1773	0.096
51	0.1215	0.0438	0.0316	0.0446	0.0383	0.0546	0.0491	0.0326	0.0922	0.065	0.0251	0.1777	0.0964
52	0.1179	0.0441	0.0316	0.0448	0.0385	0.055	0.0496	0.0327	0.0928	0.0655	0.0253	0.1787	0.097
53	0.1170	0.0445	0.032	0.0453	0.039	0.0558	0.0502	0.0329	0.0934	0.0661	0.0254	0.1802	0.0979
54	0.1146	0.0452	0.0325	0.0462	0.0394	0.0566	0.051	0.0333	0.0942	0.0669	0.0256	0.1812	0.0987
55	0.1116	0.0455	0.0327	0.0465	0.0393	0.0566	0.0511	0.0336	0.0953	0.0675	0.0256	0.1821	0.0992
56	0.1119	0.0453	0.0326	0.0464	0.0396	0.0572	0.0515	0.0338	0.096	0.0679	0.0258	0.1832	0.0998
57	0.1102	0.0454	0.0327	0.0466	0.04	0.0578	0.052	0.034	0.0966	0.0684	0.0259	0.1844	0.1004
58	0.1101	0.0456	0.0328	0.0469	0.0403	0.0583	0.0524	0.034	0.0972	0.0688	0.026	0.1856	0.101
59	0.1043	0.0454	0.0327	0.0468	0.0404	0.0582	0.0525	0.0342	0.0978	0.0692	0.0261	0.1862	0.1014
60	0.1035	0.0454	0.0329	0.0471	0.0406	0.0585	0.0529	0.0344	0.0982	0.0696	0.0262	0.1871	0.1021
61	0.1001	0.0456	0.033	0.0472	0.0408	0.0587	0.053	0.0346	0.0991	0.07	0.0263	0.1878	0.1024
62	0.0965	0.0456	0.033	0.0474	0.0411	0.0591	0.0534	0.0347	0.0993	0.0703	0.0264	0.1882	0.1028
63	0.0961	0.046	0.0336	0.0477	0.0411	0.0592	0.0535	0.035	0.1002	0.0708	0.0265	0.189	0.1032
64	0.0959	0.0464	0.034	0.048	0.0414	0.0596	0.0538	0.0351	0.1006	0.0711	0.0265	0.19	0.1037
65	0.0939	0.0467	0.0341	0.0483	0.0417	0.0603	0.0543	0.0354	0.1016	0.0717	0.0268	0.1918	0.1046
66	0.0922	0.0468	0.0342	0.0488	0.0419	0.0606	0.0548	0.0356	0.1026	0.0724	0.0269	0.1927	0.1053
67	0.0911	0.0471	0.0345	0.0491	0.0423	0.0611	0.0552	0.0357	0.1031	0.0728	0.027	0.1937	0.1059
68	0.0912	0.0471	0.0345	0.0492	0.0426	0.0617	0.0556	0.0359	0.1038	0.0732	0.0271	0.1943	0.1062
69	0.0871	0.0474	0.0346	0.0495	0.0426	0.062	0.0559	0.036	0.1039	0.0734	0.0271	0.1952	0.1067
70	0.0843	0.0473	0.0347	0.0496	0.0427	0.0621	0.056	0.0361	0.1041	0.0737	0.0272	0.196	0.1071
71	0.0842	0.0476	0.0349	0.0499	0.0429	0.0623	0.0564	0.0362	0.1042	0.074	0.0273	0.1968	0.1076
72	0.0852	0.047	0.0344	0.0496	0.0431	0.0628	0.0567	0.0362	0.1048	0.0743	0.0274	0.1974	0.108
73	0.0820	0.0477	0.0349	0.0501	0.0434	0.0632	0.057	0.0365	0.1052	0.0747	0.0274	0.1978	0.1084
74	0.0782	0.0477	0.035	0.0503	0.0437	0.0637	0.0574	0.0366	0.1052	0.0749	0.0275	0.1982	0.1087
75	0.0779	0.0484	0.0353	0.0509	0.0439	0.0641	0.0578	0.0367	0.1058	0.0754	0.0276	0.1986	0.1092
76	0.0776	0.0484	0.0356	0.0511	0.044	0.0642	0.0579	0.0368	0.1059	0.0755	0.0277	0.1997	0.1096
77	0.0759	0.0488	0.0358	0.0513	0.0442	0.0646	0.0582	0.0369	0.1065	0.0758	0.0277	0.2001	0.1099
78	0.0759	0.0489	0.0361	0.0516	0.0442	0.0643	0.0583	0.0371	0.1071	0.0763	0.0278	0.2008	0.1103
79	0.0742	0.0495	0.0365	0.0521	0.0443	0.0645	0.0585	0.0373	0.1079	0.0767	0.0278	0.201	0.1106
80	0.0725	0.0496	0.0366	0.0524	0.0446	0.065	0.0589	0.0374	0.1083	0.0771	0.0279	0.2015	0.111
81	0.0725	0.0501	0.0368	0.0528	0.0448	0.0651	0.0592	0.0374	0.1083	0.0772	0.028	0.2021	0.1114
82	0.0695	0.0503	0.037	0.0531	0.0452	0.0657	0.0596	0.0375	0.1084	0.0775	0.028	0.2022	0.1117
83	0.0712	0.0502	0.037	0.053	0.0453	0.0661	0.0598	0.0377	0.109	0.0778	0.0281	0.2027	0.112
84	0.0682	0.05	0.0368	0.053	0.0451	0.0659	0.0598	0.0377	0.1092	0.078	0.0281	0.2028	0.1121
85	0.0701	0.0508	0.0376	0.0538	0.0454	0.0663	0.0602	0.0379	0.1097	0.0785	0.0282	0.2038	0.1127
86	0.0661	0.0512	0.0382	0.0542	0.0455	0.0666	0.0605	0.0381	0.1104	0.0789	0.0284	0.2049	0.1134
87	0.0650	0.0516	0.0387	0.0546	0.0456	0.0667	0.0607	0.0382	0.1106	0.0792	0.0284	0.2049	0.1136
88	0.0663	0.0515	0.0387	0.0547	0.0461	0.0674	0.0612	0.0383	0.1111	0.0795	0.0285	0.2057	0.114
89	0.0635	0.0518	0.0386	0.0548	0.046	0.0673	0.0611	0.0383	0.1109	0.0795	0.0284	0.2057	0.114
90	0.0625	0.0518	0.0387	0.055	0.0462	0.0677	0.0615	0.0383	0.1111	0.0797	0.0285	0.2064	0.1144
91	0.0611	0.052	0.0387	0.0551	0.0464	0.0679	0.0617	0.0384	0.1114	0.0799	0.0286	0.2069	0.1146
92	0.0607	0.0517	0.0387	0.0551	0.0465	0.0681	0.0619	0.0385	0.1115	0.0801	0.0286	0.207	0.1148
93	0.0584	0.0519	0.0388	0.0553	0.0467	0.0684	0.0621	0.0385	0.1119	0.0803	0.0285	0.2071	0.1149
94	0.0618	0.052	0.0391	0.0553	0.0465	0.0681	0.0619	0.0386	0.1121	0.0803	0.0286	0.2072	0.1149
95	0.0618	0.0517	0.039	0.0553	0.0464	0.0681	0.062	0.0386	0.1121	0.0805	0.0286	0.2076	0.1152
96	0.0585	0.052	0.0394	0.0556	0.0466	0.0683	0.0622	0.0388	0.113	0.0809	0.0286	0.2075	0.1153
97	0.0595	0.052	0.0393	0.0557	0.0465	0.0686	0.0624	0.039	0.1134	0.0812	0.0287	0.2084	0.1157
98	0.0565	0.0523	0.0394	0.0561	0.0467	0.0686	0.0625	0.0391	0.1139	0.0815	0.0287	0.2091	0.116
99	0.0566	0.0526	0.0395	0.0562	0.0468	0.0689	0.0627	0.039	0.1136	0.0814	0.0288	0.2102	0.1164
100	0.0554	0.0526	0.0396	0.0563	0.0469	0.0688	0.0628	0.039	0.1138	0.0816	0.0288	0.2104	0.1166
101	0.0547	0.0528	0.0398	0.0565	0.0471	0.069	0.0629	0.0391	0.114	0.0817	0.0288	0.2103	0.1166
102	0.0533	0.053	0.04	0.0565	0.0469	0.0689	0.0628	0.0389	0.1135	0.0814	0.0288	0.2106	0.1167
103	0.0528	0.0529	0.0397	0.0563	0.0468	0.0688	0.0626	0.039	0.1138	0.0815	0.0289	0.2108	0.1168
104	0.0518	0.053	0.0399	0.0565	0.0469	0.0689	0.0628	0.039	0.1142	0.0817	0.0289	0.211	0.1169
105	0.0524	0.0531	0.0399	0.0566	0.0469	0.0691	0.0629	0.039	0.114	0.0818	0.0289	0.2108	0.117
106	0.0512	0.0529	0.0398	0.0566	0.047	0.0694	0.0632	0.0392	0.1144	0.0821	0.0289	0.2115	0.1173
107	0.0502	0.053	0.0401	0.057	0.0473	0.0698	0.0636	0.0393	0.1152	0.0826	0.029	0.212	0.1177
108	0.0507	0.0534	0.0402	0.0574	0.0473	0.0698	0.0638	0.0394	0.1155	0.0829	0.0289	0.2119	0.1178
109	0.0475	0.0539	0.0406	0.0578	0.0472	0.0698	0.0638	0.0394	0.1156	0.083	0.029	0.2123	0.1181
110	0.0478	0.0537	0.0404	0.0577	0.0474	0.07	0.064	0.0396	0.1162	0.0833	0.029	0.2126	0.1183
111	0.0471	0.0542	0.0408	0.0582	0.0475	0.0702	0.0643	0.0396	0.1165	0.0836	0.029	0.2127	0.1185
112	0.0472	0.0541	0.0407	0.0582	0.0475	0.0705	0.0644	0.0398	0.117	0.0839	0.029	0.2122	0.1185
113	0.0470	0.054	0.0405	0.058	0.0478	0.071	0.0646	0.0398	0.117	0.0838	0.029	0.2125	0.1185
114	0.0448	0.0542	0.0407	0.0582	0.0481	0.0713	0.0649	0.0399	0.1173	0.0841	0.029	0.2131	0.1188
115	0.0464	0.0545	0.0407	0.0585	0.0482	0.0715	0.0651	0.0401	0.1179	0.0845	0.029	0.2133	0.1191
116	0.0454	0.0543	0.0407	0.0586	0.0483	0.0718	0.0654	0.0401	0.1179	0.0847	0.0291	0.2134	0.1194
117	0.0451	0.0549	0.0411	0.0591	0.0487	0.0723	0.0659	0.0402	0.1181	0.085	0.0291	0.2136	0.1196
118	0.0437	0.0548	0.0413	0.0593	0.0488	0.0724	0.0661	0.0403	0.1184	0.0853	0.0291	0.2136	0.1198
119	0.0434	0.0548	0.0413	0.0595	0.0487	0.0724	0.0663	0.0404	0.119	0.0858	0.0292	0.2144	0.1203
120	0.0432	0.0551	0.0413	0.0598	0.0487	0.0724	0.0664	0.0405	0.1192	0.086	0.0292	0.2144	0.1205
121	0.0420	0.0551	0.0414	0.0598	0.0488	0.0728	0.0666	0.0405	0.1194	0.0861	0.0292	0.2145	0.1206
122	0.0424	0.0554	0.0417	0.0602	0.0487	0.0726	0.0667	0.0406	0.1198	0.0864	0.0292	0.2146	0.1208
123	0.0422	0.0554	0.0418	0.0602	0.0488	0.0728	0.0668	0.0407	0.1202	0.0866	0.0293	0.215	0.121
124	0.0409	0.0554	0.0418	0.0602	0.049	0.0732	0.067	0.0408	0.1206	0.0868	0.0293	0.2153	0.1212
125	0.0413	0.0554	0.0418	0.0603	0.049	0.0735	0.0672	0.0407	0.1203	0.0868	0.0293	0.2153	0.1212
126	0.0400	0.0555	0.0418	0.0604	0.0492	0.0736	0.0674	0.0407	0.1205	0.0869	0.0293	0.2158	0.1215
127	0.0422	0.0558	0.0419	0.0606	0.0491	0.0735	0.0673	0.0408	0.1208	0.0871	0.0293	0.2159	0.1216
128	0.0407	0.0559	0.0422	0.0608	0.0494	0.0741	0.0678	0.041	0.1213	0.0875	0.0294	0.2168	0.122
129	0.0389	0.0561	0.0421	0.0611	0.0493	0.0741	0.0679	0.0411	0.1217	0.0878	0.0294	0.217	0.1223
130	0.0380	0.056	0.0421	0.061	0.0491	0.0739	0.0677	0.0411	0.1219	0.0878	0.0294	0.2172	0.1223
131	0.0394	0.0555	0.0418	0.0607	0.0493	0.0744	0.0679	0.0412	0.1223	0.0879	0.0295	0.2179	0.1225
132	0.0404	0.0553	0.0418	0.0607	0.0496	0.0747	0.0682	0.0412	0.1226	0.0882	0.0295	0.218	0.1227
133	0.0397	0.0559	0.0422	0.0611	0.0498	0.075	0.0684	0.0411	0.1225	0.0882	0.0295	0.2178	0.1227
134	0.0392	0.0558	0.042	0.061	0.0497	0.075	0.0684	0.0413	0.1231	0.0884	0.0294	0.2178	0.1227
135	0.0379	0.0561	0.0423	0.0612	0.0499	0.0751	0.0685	0.0413	0.1233	0.0885	0.0295	0.218	0.1228
136	0.0360	0.0563	0.0425	0.0612	0.05	0.0752	0.0685	0.0413	0.1233	0.0885	0.0295	0.2179	0.1228
137	0.0360	0.0561	0.0427	0.0614	0.05	0.0757	0.0688	0.0414	0.1236	0.0888	0.0295	0.2181	0.123
138	0.0359	0.0561	0.0427	0.0613	0.0502	0.0757	0.0688	0.0413	0.1234	0.0887	0.0295	0.2181	0.123
139	0.0380	0.0563	0.0429	0.0614	0.0502	0.0759	0.0689	0.0414	0.1239	0.0888	0.0295	0.2183	0.1231
140	0.0364	0.0565	0.0427	0.0615	0.0502	0.0759	0.0689	0.0415	0.124	0.0889	0.0295	0.2183	0.123
141	0.0358	0.0566	0.043	0.0617	0.0503	0.076	0.0691	0.0415	0.124	0.089	0.0295	0.2185	0.1232
142	0.0350	0.0569	0.0433	0.0622	0.0504	0.0762	0.0693	0.0414	0.1239	0.0892	0.0295	0.2187	0.1235
143	0.0346	0.0569	0.0433	0.0621	0.0505	0.0763	0.0694	0.0416	0.1245	0.0894	0.0295	0.2189	0.1236
144	0.0358	0.0574	0.0436	0.0626	0.0507	0.0765	0.0697	0.0416	0.1246	0.0897	0.0296	0.2192	0.1239
145	0.0352	0.0573	0.0438	0.0627	0.0508	0.0766	0.0699	0.0416	0.1245	0.0897	0.0295	0.219	0.1239
146	0.0357	0.0573	0.0436	0.0627	0.0508	0.0767	0.0699	0.0416	0.1245	0.0897	0.0295	0.2189	0.1239
147	0.0328	0.0575	0.0439	0.0631	0.051	0.0769	0.0702	0.0417	0.1251	0.0901	0.0296	0.2189	0.1241
148	0.0329	0.0574	0.0437	0.0631	0.051	0.0769	0.0703	0.0417	0.1252	0.0902	0.0296	0.219	0.1242
149	0.0337	0.0575	0.0438	0.0634	0.0509	0.0768	0.0705	0.0416	0.1251	0.0904	0.0296	0.2193	0.1246
150	0.0320	0.0575	0.0439	0.0634	0.051	0.0767	0.0705	0.0416	0.1251	0.0904	0.0296	0.2189	0.1245
