{"n_layers": 1, "device": "cuda", "batch_size": 2048, "embedding_dim": 64, "learning_rate": 0.0005, "dataset": "dbbook", "epochs": 150, "top_k": 20, "multimodal": false, "datasets": {"dbbook": ["images", "text"], "ml1m": ["audio", "images", "text", "video"]}}
Epoch	Loss	Recall	Precision	NDCG
1	0.6927	0.0095	0.0033	0.0071
2	0.6923	0.0230	0.0085	0.0182
3	0.6915	0.0404	0.0151	0.0305
4	0.6898	0.0528	0.0197	0.0376
5	0.6869	0.0589	0.0218	0.0409
6	0.6819	0.0623	0.0228	0.0425
7	0.6742	0.0655	0.0238	0.0439
8	0.6635	0.0661	0.0239	0.0443
9	0.6497	0.0671	0.0241	0.0446
10	0.6330	0.0668	0.0242	0.0446
11	0.6137	0.0670	0.0243	0.0447
12	0.5928	0.0667	0.0242	0.0446
13	0.5706	0.0669	0.0242	0.0446
14	0.5483	0.0657	0.0238	0.0441
15	0.5264	0.0658	0.0238	0.0442
16	0.5049	0.0654	0.0237	0.0441
17	0.4841	0.0650	0.0236	0.0439
18	0.4652	0.0647	0.0235	0.0438
19	0.4473	0.0645	0.0235	0.0438
20	0.4318	0.0643	0.0235	0.0438
21	0.4149	0.0645	0.0235	0.0439
22	0.4019	0.0644	0.0235	0.0440
23	0.3874	0.0649	0.0237	0.0443
24	0.3768	0.0653	0.0238	0.0445
25	0.3652	0.0653	0.0238	0.0447
26	0.3563	0.0661	0.0240	0.0451
27	0.3438	0.0663	0.0240	0.0453
28	0.3358	0.0671	0.0242	0.0456
29	0.3282	0.0674	0.0244	0.0459
30	0.3208	0.0677	0.0245	0.0461
31	0.3140	0.0678	0.0245	0.0462
32	0.3058	0.0684	0.0247	0.0466
33	0.2973	0.0689	0.0248	0.0468
34	0.2915	0.0690	0.0248	0.0470
35	0.2859	0.0690	0.0249	0.0472
36	0.2805	0.0693	0.0250	0.0476
37	0.2757	0.0696	0.0251	0.0479
38	0.2702	0.0701	0.0253	0.0482
39	0.2658	0.0707	0.0255	0.0486
40	0.2596	0.0715	0.0258	0.0491
41	0.2533	0.0717	0.0259	0.0493
42	0.2512	0.0720	0.0260	0.0496
43	0.2438	0.0724	0.0260	0.0499
44	0.2404	0.0728	0.0262	0.0502
45	0.2369	0.0732	0.0263	0.0505
46	0.2327	0.0739	0.0265	0.0509
47	0.2284	0.0744	0.0266	0.0513
48	0.2236	0.0749	0.0268	0.0516
49	0.2215	0.0754	0.0270	0.0520
50	0.2158	0.0757	0.0271	0.0522
51	0.2123	0.0760	0.0272	0.0525
52	0.2092	0.0767	0.0274	0.0528
53	0.2056	0.0771	0.0275	0.0531
54	0.2009	0.0770	0.0275	0.0532
55	0.2004	0.0774	0.0276	0.0534
56	0.1966	0.0774	0.0276	0.0535
57	0.1945	0.0777	0.0277	0.0538
58	0.1933	0.0783	0.0279	0.0541
59	0.1865	0.0787	0.0280	0.0546
60	0.1854	0.0793	0.0282	0.0549
61	0.1782	0.0795	0.0282	0.0551
62	0.1761	0.0798	0.0282	0.0552
63	0.1744	0.0804	0.0283	0.0555
64	0.1707	0.0806	0.0284	0.0558
65	0.1691	0.0807	0.0283	0.0559
66	0.1666	0.0808	0.0284	0.0561
67	0.1676	0.0817	0.0286	0.0566
68	0.1653	0.0816	0.0286	0.0568
69	0.1602	0.0818	0.0286	0.0569
70	0.1541	0.0820	0.0287	0.0571
71	0.1558	0.0824	0.0288	0.0575
72	0.1507	0.0829	0.0289	0.0578
73	0.1524	0.0829	0.0290	0.0579
74	0.1493	0.0834	0.0292	0.0582
75	0.1467	0.0838	0.0293	0.0585
76	0.1456	0.0845	0.0294	0.0589
77	0.1437	0.0847	0.0295	0.0592
78	0.1428	0.0845	0.0295	0.0592
79	0.1417	0.0845	0.0295	0.0594
80	0.1365	0.0856	0.0297	0.0597
81	0.1369	0.0856	0.0297	0.0599
82	0.1314	0.0859	0.0298	0.0602
83	0.1331	0.0860	0.0298	0.0603
84	0.1314	0.0865	0.0300	0.0605
85	0.1285	0.0866	0.0300	0.0606
86	0.1285	0.0871	0.0302	0.0610
87	0.1269	0.0873	0.0303	0.0612
88	0.1247	0.0878	0.0305	0.0616
89	0.1257	0.0881	0.0306	0.0619
90	0.1220	0.0886	0.0308	0.0621
91	0.1203	0.0886	0.0308	0.0623
92	0.1163	0.0891	0.0309	0.0626
93	0.1157	0.0896	0.0310	0.0629
94	0.1148	0.0901	0.0312	0.0632
95	0.1105	0.0901	0.0311	0.0632
96	0.1141	0.0903	0.0312	0.0635
97	0.1094	0.0905	0.0312	0.0636
98	0.1106	0.0906	0.0312	0.0638
99	0.1063	0.0909	0.0313	0.0640
100	0.1071	0.0909	0.0314	0.0642
101	0.1048	0.0911	0.0314	0.0643
102	0.1041	0.0911	0.0314	0.0646
103	0.1033	0.0913	0.0315	0.0647
104	0.1027	0.0916	0.0316	0.0649
105	0.1000	0.0913	0.0316	0.0649
106	0.1008	0.0918	0.0317	0.0651
107	0.0975	0.0924	0.0318	0.0656
108	0.0947	0.0925	0.0319	0.0657
109	0.0971	0.0924	0.0319	0.0659
110	0.0952	0.0924	0.0320	0.0660
111	0.0929	0.0930	0.0321	0.0663
112	0.0926	0.0933	0.0322	0.0665
113	0.0936	0.0934	0.0322	0.0666
114	0.0908	0.0940	0.0323	0.0668
115	0.0888	0.0940	0.0323	0.0668
116	0.0896	0.0944	0.0324	0.0670
117	0.0884	0.0943	0.0324	0.0669
118	0.0865	0.0942	0.0324	0.0670
119	0.0849	0.0945	0.0324	0.0672
120	0.0838	0.0949	0.0326	0.0674
121	0.0858	0.0953	0.0326	0.0676
122	0.0837	0.0954	0.0327	0.0678
123	0.0836	0.0955	0.0327	0.0680
124	0.0837	0.0958	0.0328	0.0682
125	0.0801	0.0962	0.0329	0.0684
126	0.0801	0.0963	0.0330	0.0686
127	0.0795	0.0964	0.0330	0.0687
128	0.0802	0.0964	0.0330	0.0688
129	0.0772	0.0968	0.0331	0.0690
130	0.0773	0.0967	0.0331	0.0690
131	0.0759	0.0968	0.0331	0.0692
132	0.0761	0.0973	0.0332	0.0694
133	0.0732	0.0974	0.0332	0.0694
134	0.0721	0.0974	0.0333	0.0696
135	0.0727	0.0975	0.0333	0.0697
136	0.0728	0.0977	0.0333	0.0698
137	0.0731	0.0975	0.0333	0.0698
138	0.0698	0.0978	0.0334	0.0700
139	0.0726	0.0980	0.0335	0.0702
140	0.0683	0.0983	0.0335	0.0704
141	0.0685	0.0986	0.0336	0.0705
142	0.0683	0.0989	0.0337	0.0707
143	0.0684	0.0990	0.0336	0.0709
144	0.0667	0.0991	0.0336	0.0708
145	0.0647	0.0991	0.0336	0.0709
146	0.0646	0.0996	0.0338	0.0711
147	0.0660	0.0999	0.0339	0.0713
148	0.0639	0.1001	0.0339	0.0715
149	0.0644	0.1002	0.0339	0.0714
150	0.0625	0.1004	0.0339	0.0715
