{"n_layers": 2, "device": "cuda", "batch_size": 2048, "embedding_dim": 128, "learning_rate": 0.001, "dataset": "dbbook", "epochs": 150, "top_k": 5, "multimodal": false, "datasets": {"dbbook": ["images", "text"], "ml1m": ["audio", "images", "text", "video"]}}
Epoch	Loss	Recall	Precision	NDCG
1	0.6922	0.0183	0.0261	0.0263
2	0.6869	0.0186	0.0266	0.0253
3	0.6668	0.0168	0.0243	0.0235
4	0.6217	0.0167	0.0237	0.0231
5	0.5568	0.0154	0.0222	0.0219
6	0.4884	0.0153	0.0225	0.0219
7	0.4331	0.0157	0.0229	0.0222
8	0.3910	0.0158	0.0234	0.0225
9	0.3640	0.0164	0.0240	0.0231
10	0.3393	0.0167	0.0246	0.0236
11	0.3238	0.0170	0.0250	0.0240
12	0.3091	0.0180	0.0259	0.0247
13	0.3005	0.0193	0.0276	0.0262
14	0.2835	0.0201	0.0285	0.0272
15	0.2771	0.0205	0.0290	0.0278
16	0.2646	0.0208	0.0294	0.0282
17	0.2562	0.0216	0.0305	0.0291
18	0.2452	0.0224	0.0316	0.0300
19	0.2348	0.0229	0.0322	0.0306
20	0.2290	0.0229	0.0320	0.0307
21	0.2196	0.0237	0.0332	0.0324
22	0.2123	0.0240	0.0336	0.0329
23	0.2026	0.0247	0.0343	0.0341
24	0.2001	0.0252	0.0353	0.0352
25	0.1929	0.0262	0.0365	0.0362
26	0.1850	0.0267	0.0374	0.0372
27	0.1783	0.0269	0.0376	0.0377
28	0.1728	0.0272	0.0377	0.0379
29	0.1670	0.0276	0.0382	0.0384
30	0.1617	0.0285	0.0391	0.0395
31	0.1587	0.0290	0.0399	0.0408
32	0.1522	0.0291	0.0402	0.0413
33	0.1474	0.0292	0.0400	0.0413
34	0.1390	0.0301	0.0410	0.0421
35	0.1381	0.0304	0.0415	0.0428
36	0.1367	0.0304	0.0417	0.0433
37	0.1286	0.0309	0.0423	0.0440
38	0.1280	0.0309	0.0422	0.0445
39	0.1220	0.0312	0.0425	0.0450
40	0.1177	0.0315	0.0430	0.0454
41	0.1180	0.0318	0.0432	0.0458
42	0.1134	0.0324	0.0434	0.0462
43	0.1091	0.0324	0.0434	0.0464
44	0.1047	0.0325	0.0436	0.0465
45	0.1028	0.0326	0.0439	0.0469
46	0.0986	0.0327	0.0440	0.0471
47	0.0985	0.0328	0.0441	0.0471
48	0.0942	0.0331	0.0442	0.0472
49	0.0941	0.0332	0.0444	0.0474
50	0.0901	0.0339	0.0448	0.0479
51	0.0871	0.0338	0.0446	0.0479
52	0.0911	0.0345	0.0451	0.0486
53	0.0831	0.0349	0.0455	0.0491
54	0.0812	0.0353	0.0458	0.0495
55	0.0824	0.0355	0.0462	0.0501
56	0.0808	0.0360	0.0468	0.0509
57	0.0767	0.0361	0.0469	0.0511
58	0.0758	0.0361	0.0470	0.0513
59	0.0723	0.0363	0.0472	0.0517
60	0.0721	0.0366	0.0473	0.0518
61	0.0700	0.0369	0.0477	0.0524
62	0.0696	0.0374	0.0481	0.0529
63	0.0685	0.0373	0.0481	0.0529
64	0.0660	0.0374	0.0482	0.0529
65	0.0664	0.0375	0.0484	0.0530
66	0.0635	0.0377	0.0487	0.0533
67	0.0643	0.0378	0.0489	0.0536
68	0.0626	0.0378	0.0489	0.0538
69	0.0606	0.0379	0.0491	0.0540
70	0.0597	0.0381	0.0493	0.0543
71	0.0582	0.0383	0.0494	0.0545
72	0.0588	0.0383	0.0493	0.0546
73	0.0560	0.0384	0.0493	0.0548
74	0.0556	0.0385	0.0493	0.0549
75	0.0543	0.0387	0.0495	0.0550
76	0.0532	0.0388	0.0497	0.0551
77	0.0521	0.0393	0.0504	0.0559
78	0.0510	0.0392	0.0504	0.0559
79	0.0499	0.0394	0.0507	0.0562
80	0.0491	0.0394	0.0510	0.0564
81	0.0487	0.0399	0.0518	0.0571
82	0.0480	0.0402	0.0518	0.0572
83	0.0460	0.0403	0.0519	0.0571
84	0.0462	0.0403	0.0519	0.0572
85	0.0466	0.0401	0.0516	0.0572
86	0.0437	0.0404	0.0516	0.0575
87	0.0423	0.0406	0.0518	0.0577
88	0.0427	0.0410	0.0523	0.0582
89	0.0415	0.0410	0.0525	0.0585
90	0.0428	0.0412	0.0529	0.0588
91	0.0418	0.0415	0.0533	0.0592
92	0.0397	0.0416	0.0533	0.0591
93	0.0391	0.0414	0.0529	0.0590
94	0.0399	0.0415	0.0530	0.0591
95	0.0384	0.0416	0.0531	0.0595
96	0.0381	0.0418	0.0532	0.0597
97	0.0366	0.0418	0.0532	0.0598
98	0.0363	0.0421	0.0537	0.0602
99	0.0348	0.0422	0.0539	0.0604
100	0.0356	0.0422	0.0540	0.0604
101	0.0346	0.0425	0.0542	0.0605
102	0.0352	0.0423	0.0540	0.0606
103	0.0354	0.0424	0.0541	0.0605
104	0.0335	0.0424	0.0541	0.0606
105	0.0337	0.0425	0.0541	0.0606
106	0.0328	0.0429	0.0543	0.0607
107	0.0322	0.0430	0.0547	0.0612
108	0.0318	0.0430	0.0546	0.0612
109	0.0322	0.0428	0.0545	0.0610
110	0.0321	0.0429	0.0547	0.0613
111	0.0301	0.0430	0.0545	0.0611
112	0.0310	0.0434	0.0549	0.0615
113	0.0300	0.0435	0.0551	0.0617
114	0.0296	0.0436	0.0554	0.0621
115	0.0295	0.0436	0.0556	0.0625
116	0.0288	0.0441	0.0559	0.0628
117	0.0294	0.0441	0.0559	0.0626
118	0.0293	0.0441	0.0559	0.0626
119	0.0278	0.0441	0.0558	0.0624
120	0.0267	0.0442	0.0559	0.0624
121	0.0271	0.0439	0.0559	0.0625
122	0.0270	0.0441	0.0561	0.0627
123	0.0262	0.0445	0.0564	0.0631
124	0.0271	0.0443	0.0564	0.0631
125	0.0270	0.0443	0.0565	0.0634
126	0.0248	0.0444	0.0567	0.0636
127	0.0250	0.0443	0.0566	0.0635
128	0.0254	0.0445	0.0565	0.0636
129	0.0258	0.0446	0.0566	0.0637
130	0.0243	0.0446	0.0565	0.0637
131	0.0254	0.0445	0.0561	0.0634
132	0.0250	0.0445	0.0561	0.0636
133	0.0244	0.0447	0.0565	0.0638
134	0.0236	0.0444	0.0561	0.0636
135	0.0239	0.0442	0.0562	0.0635
136	0.0242	0.0443	0.0563	0.0636
137	0.0227	0.0446	0.0566	0.0638
138	0.0219	0.0447	0.0570	0.0641
139	0.0222	0.0448	0.0573	0.0644
140	0.0214	0.0450	0.0573	0.0647
141	0.0219	0.0450	0.0575	0.0649
142	0.0223	0.0451	0.0574	0.0648
143	0.0214	0.0447	0.0570	0.0644
144	0.0206	0.0444	0.0569	0.0642
145	0.0209	0.0446	0.0569	0.0643
146	0.0207	0.0451	0.0572	0.0646
147	0.0202	0.0449	0.0572	0.0648
148	0.0214	0.0448	0.0572	0.0649
149	0.0198	0.0449	0.0571	0.0649
150	0.0199	0.0453	0.0575	0.0655
