{"n_layers": 1, "device": "cuda", "batch_size": 2048, "embedding_dim": 64, "learning_rate": 0.001, "dataset": "dbbook", "epochs": 150, "top_k": 5, "multimodal": true, "datasets": {"dbbook": ["images", "text"], "ml1m": ["audio", "images", "text", "video"]}}
Epoch	Loss	Recall	Precision	NDCG
1	0.6928	0.0025	0.0032	0.0033
2	0.6914	0.0103	0.0130	0.0150
3	0.6895	0.0206	0.0275	0.0305
4	0.6863	0.0245	0.0334	0.0358
5	0.6811	0.0264	0.0357	0.0369
6	0.6729	0.0264	0.0357	0.0358
7	0.6612	0.0250	0.0342	0.0344
8	0.6450	0.0243	0.0330	0.0327
9	0.6243	0.0238	0.0320	0.0313
10	0.6006	0.0229	0.0310	0.0304
11	0.5739	0.0221	0.0297	0.0293
12	0.5452	0.0217	0.0294	0.0291
13	0.5175	0.0214	0.0289	0.0286
14	0.4900	0.0213	0.0289	0.0285
15	0.4642	0.0213	0.0290	0.0285
16	0.4397	0.0214	0.0291	0.0286
17	0.4185	0.0214	0.0294	0.0286
18	0.3982	0.0218	0.0300	0.0289
19	0.3790	0.0220	0.0302	0.0292
20	0.3628	0.0219	0.0302	0.0292
21	0.3482	0.0224	0.0305	0.0297
22	0.3342	0.0227	0.0310	0.0301
23	0.3200	0.0230	0.0315	0.0304
24	0.3086	0.0238	0.0321	0.0310
25	0.2967	0.0241	0.0322	0.0313
26	0.2890	0.0244	0.0327	0.0319
27	0.2773	0.0248	0.0334	0.0325
28	0.2715	0.0248	0.0334	0.0326
29	0.2598	0.0251	0.0339	0.0331
30	0.2528	0.0252	0.0340	0.0333
31	0.2463	0.0253	0.0342	0.0335
32	0.2388	0.0254	0.0343	0.0337
33	0.2321	0.0255	0.0346	0.0341
34	0.2257	0.0256	0.0349	0.0346
35	0.2207	0.0258	0.0348	0.0348
36	0.2151	0.0261	0.0353	0.0354
37	0.2065	0.0264	0.0359	0.0359
38	0.2035	0.0266	0.0360	0.0362
39	0.1983	0.0266	0.0360	0.0364
40	0.1946	0.0269	0.0367	0.0369
41	0.1884	0.0274	0.0373	0.0376
42	0.1840	0.0278	0.0378	0.0381
43	0.1786	0.0277	0.0380	0.0386
44	0.1780	0.0282	0.0384	0.0391
45	0.1703	0.0283	0.0385	0.0393
46	0.1689	0.0284	0.0387	0.0394
47	0.1645	0.0286	0.0389	0.0396
48	0.1622	0.0288	0.0394	0.0400
49	0.1596	0.0291	0.0398	0.0405
50	0.1548	0.0295	0.0402	0.0409
51	0.1499	0.0297	0.0405	0.0414
52	0.1484	0.0298	0.0405	0.0414
53	0.1465	0.0296	0.0404	0.0413
54	0.1405	0.0300	0.0408	0.0417
55	0.1399	0.0302	0.0412	0.0419
56	0.1358	0.0303	0.0412	0.0422
57	0.1336	0.0306	0.0415	0.0424
58	0.1301	0.0305	0.0413	0.0426
59	0.1280	0.0307	0.0415	0.0428
60	0.1256	0.0309	0.0417	0.0431
61	0.1248	0.0311	0.0419	0.0433
62	0.1218	0.0316	0.0423	0.0436
63	0.1211	0.0315	0.0422	0.0435
64	0.1190	0.0316	0.0420	0.0436
65	0.1148	0.0319	0.0425	0.0441
66	0.1111	0.0322	0.0428	0.0445
67	0.1092	0.0322	0.0429	0.0447
68	0.1085	0.0327	0.0432	0.0451
69	0.1082	0.0327	0.0434	0.0453
70	0.1076	0.0326	0.0434	0.0453
71	0.1033	0.0327	0.0435	0.0454
72	0.1022	0.0324	0.0435	0.0455
73	0.1005	0.0325	0.0437	0.0457
74	0.0995	0.0326	0.0437	0.0459
75	0.0967	0.0329	0.0440	0.0462
76	0.0961	0.0332	0.0442	0.0465
77	0.0952	0.0333	0.0442	0.0466
78	0.0926	0.0334	0.0442	0.0467
79	0.0895	0.0337	0.0444	0.0469
80	0.0901	0.0338	0.0447	0.0473
81	0.0866	0.0339	0.0448	0.0475
82	0.0857	0.0341	0.0451	0.0478
83	0.0857	0.0344	0.0455	0.0482
84	0.0846	0.0345	0.0457	0.0484
85	0.0837	0.0347	0.0460	0.0485
86	0.0823	0.0347	0.0460	0.0486
87	0.0801	0.0347	0.0461	0.0487
88	0.0804	0.0349	0.0463	0.0490
89	0.0782	0.0351	0.0465	0.0492
90	0.0792	0.0351	0.0465	0.0492
91	0.0781	0.0358	0.0470	0.0497
92	0.0759	0.0359	0.0470	0.0500
93	0.0748	0.0360	0.0474	0.0502
94	0.0728	0.0359	0.0472	0.0502
95	0.0731	0.0359	0.0473	0.0503
96	0.0713	0.0362	0.0477	0.0507
97	0.0708	0.0361	0.0475	0.0507
98	0.0706	0.0363	0.0477	0.0509
99	0.0690	0.0364	0.0478	0.0508
100	0.0685	0.0365	0.0479	0.0510
101	0.0672	0.0368	0.0483	0.0515
102	0.0661	0.0369	0.0483	0.0515
103	0.0669	0.0368	0.0484	0.0517
104	0.0651	0.0370	0.0484	0.0517
105	0.0639	0.0373	0.0489	0.0522
106	0.0630	0.0375	0.0492	0.0525
107	0.0630	0.0376	0.0493	0.0526
108	0.0613	0.0378	0.0496	0.0529
109	0.0606	0.0378	0.0496	0.0531
110	0.0601	0.0381	0.0500	0.0535
111	0.0591	0.0382	0.0500	0.0535
112	0.0579	0.0383	0.0499	0.0535
113	0.0583	0.0384	0.0500	0.0535
114	0.0574	0.0385	0.0503	0.0538
115	0.0565	0.0386	0.0505	0.0540
116	0.0561	0.0389	0.0509	0.0545
117	0.0585	0.0391	0.0511	0.0548
118	0.0549	0.0393	0.0511	0.0552
119	0.0544	0.0393	0.0512	0.0553
120	0.0533	0.0395	0.0514	0.0555
121	0.0532	0.0396	0.0514	0.0556
122	0.0533	0.0398	0.0515	0.0558
123	0.0520	0.0399	0.0517	0.0559
124	0.0530	0.0397	0.0515	0.0557
125	0.0521	0.0399	0.0519	0.0561
126	0.0508	0.0401	0.0520	0.0562
127	0.0487	0.0400	0.0519	0.0561
128	0.0490	0.0402	0.0522	0.0567
129	0.0494	0.0402	0.0524	0.0568
130	0.0486	0.0402	0.0523	0.0567
131	0.0481	0.0401	0.0522	0.0567
132	0.0483	0.0400	0.0521	0.0566
133	0.0472	0.0398	0.0518	0.0563
134	0.0463	0.0398	0.0518	0.0562
135	0.0457	0.0399	0.0517	0.0561
136	0.0459	0.0398	0.0516	0.0560
137	0.0461	0.0398	0.0518	0.0561
138	0.0456	0.0399	0.0519	0.0562
139	0.0429	0.0400	0.0521	0.0564
140	0.0440	0.0399	0.0520	0.0564
141	0.0423	0.0400	0.0522	0.0566
142	0.0419	0.0402	0.0523	0.0569
143	0.0422	0.0404	0.0525	0.0570
144	0.0425	0.0405	0.0526	0.0571
145	0.0405	0.0405	0.0527	0.0572
146	0.0419	0.0406	0.0529	0.0573
147	0.0412	0.0406	0.0529	0.0573
148	0.0408	0.0406	0.0527	0.0570
149	0.0409	0.0407	0.0529	0.0573
150	0.0412	0.0408	0.0531	0.0576
