{"n_layers": 0, "device": "cuda", "batch_size": 2048, "embedding_dim": 1024, "learning_rate": 0.001, "dataset": "dbbook", "epochs": 150, "top_k": 50, "multimodal": true, "datasets": {"dbbook": ["images", "text"], "ml1m": ["audio", "images", "text", "video"]}}
Epoch	Loss	Recall	Precision	NDCG
1	0.6922	0.0263	0.0032	0.0148
2	0.6722	0.0466	0.0057	0.0299
3	0.6527	0.0672	0.0086	0.0460
4	0.6290	0.0898	0.0118	0.0623
5	0.5994	0.1145	0.0151	0.0779
6	0.5629	0.1335	0.0179	0.0887
7	0.5201	0.1503	0.0201	0.0980
8	0.4712	0.1610	0.0217	0.1041
9	0.4206	0.1682	0.0227	0.1076
10	0.3714	0.1740	0.0236	0.1107
11	0.3255	0.1779	0.0242	0.1131
12	0.2850	0.1822	0.0247	0.1146
13	0.2493	0.1846	0.0251	0.1160
14	0.2188	0.1864	0.0254	0.1171
15	0.1928	0.1871	0.0255	0.1179
16	0.1722	0.1891	0.0258	0.1191
17	0.1521	0.1907	0.0261	0.1203
18	0.1369	0.1935	0.0264	0.1218
19	0.1231	0.1945	0.0266	0.1226
20	0.1117	0.1970	0.0268	0.1237
21	0.1016	0.1980	0.0269	0.1246
22	0.0915	0.1997	0.0270	0.1256
23	0.0843	0.2006	0.0272	0.1262
24	0.0767	0.2017	0.0273	0.1267
25	0.0715	0.2029	0.0275	0.1275
26	0.0654	0.2034	0.0276	0.1281
27	0.0607	0.2036	0.0276	0.1282
28	0.0563	0.2044	0.0277	0.1285
29	0.0523	0.2052	0.0278	0.1289
30	0.0484	0.2063	0.0279	0.1298
31	0.0453	0.2071	0.0279	0.1303
32	0.0429	0.2077	0.0280	0.1302
33	0.0403	0.2082	0.0281	0.1303
34	0.0380	0.2089	0.0282	0.1308
35	0.0365	0.2090	0.0282	0.1313
36	0.0343	0.2097	0.0283	0.1315
37	0.0328	0.2102	0.0283	0.1316
38	0.0310	0.2107	0.0284	0.1319
39	0.0296	0.2122	0.0285	0.1329
40	0.0279	0.2126	0.0285	0.1331
41	0.0277	0.2132	0.0286	0.1335
42	0.0258	0.2132	0.0286	0.1338
43	0.0249	0.2148	0.0288	0.1347
44	0.0238	0.2149	0.0289	0.1349
45	0.0224	0.2152	0.0289	0.1352
46	0.0223	0.2152	0.0289	0.1355
47	0.0211	0.2157	0.0290	0.1357
48	0.0214	0.2163	0.0291	0.1361
49	0.0204	0.2162	0.0291	0.1361
50	0.0192	0.2167	0.0291	0.1363
51	0.0187	0.2168	0.0291	0.1366
52	0.0182	0.2176	0.0292	0.1370
53	0.0177	0.2175	0.0292	0.1371
54	0.0178	0.2172	0.0291	0.1369
55	0.0168	0.2174	0.0291	0.1371
56	0.0159	0.2178	0.0292	0.1370
57	0.0156	0.2175	0.0292	0.1368
58	0.0161	0.2176	0.0291	0.1367
59	0.0152	0.2182	0.0291	0.1369
60	0.0145	0.2179	0.0291	0.1369
61	0.0149	0.2178	0.0291	0.1369
62	0.0139	0.2183	0.0291	0.1372
63	0.0134	0.2188	0.0291	0.1375
64	0.0134	0.2191	0.0292	0.1377
65	0.0136	0.2193	0.0292	0.1379
66	0.0136	0.2195	0.0293	0.1380
67	0.0126	0.2194	0.0293	0.1380
68	0.0129	0.2196	0.0293	0.1383
69	0.0124	0.2202	0.0294	0.1387
70	0.0119	0.2199	0.0293	0.1385
71	0.0121	0.2201	0.0294	0.1387
72	0.0119	0.2202	0.0294	0.1388
73	0.0116	0.2200	0.0294	0.1387
74	0.0116	0.2198	0.0294	0.1385
75	0.0110	0.2200	0.0294	0.1386
76	0.0113	0.2207	0.0294	0.1388
77	0.0112	0.2209	0.0295	0.1390
78	0.0113	0.2216	0.0295	0.1393
79	0.0111	0.2214	0.0295	0.1396
80	0.0102	0.2218	0.0296	0.1397
81	0.0105	0.2216	0.0295	0.1398
82	0.0102	0.2218	0.0296	0.1399
83	0.0102	0.2214	0.0295	0.1397
84	0.0099	0.2216	0.0295	0.1396
85	0.0098	0.2217	0.0295	0.1396
86	0.0099	0.2216	0.0295	0.1399
87	0.0099	0.2214	0.0295	0.1398
88	0.0097	0.2219	0.0295	0.1400
89	0.0097	0.2219	0.0295	0.1401
90	0.0093	0.2218	0.0295	0.1401
91	0.0093	0.2214	0.0295	0.1401
92	0.0092	0.2216	0.0295	0.1402
93	0.0092	0.2215	0.0295	0.1404
94	0.0090	0.2222	0.0295	0.1405
95	0.0092	0.2225	0.0296	0.1406
96	0.0089	0.2223	0.0296	0.1408
97	0.0089	0.2225	0.0296	0.1410
98	0.0089	0.2227	0.0296	0.1411
99	0.0088	0.2233	0.0297	0.1415
100	0.0088	0.2232	0.0297	0.1416
101	0.0088	0.2238	0.0297	0.1417
102	0.0087	0.2235	0.0297	0.1415
103	0.0086	0.2228	0.0296	0.1412
104	0.0091	0.2234	0.0297	0.1413
105	0.0087	0.2232	0.0297	0.1415
106	0.0089	0.2234	0.0297	0.1416
107	0.0087	0.2235	0.0297	0.1415
108	0.0082	0.2237	0.0297	0.1416
109	0.0086	0.2237	0.0297	0.1414
110	0.0083	0.2235	0.0297	0.1411
111	0.0082	0.2227	0.0296	0.1410
112	0.0084	0.2225	0.0296	0.1410
113	0.0085	0.2221	0.0295	0.1409
114	0.0083	0.2222	0.0296	0.1411
115	0.0079	0.2227	0.0296	0.1415
116	0.0083	0.2236	0.0297	0.1418
117	0.0076	0.2241	0.0298	0.1419
118	0.0077	0.2243	0.0298	0.1419
119	0.0082	0.2245	0.0298	0.1420
120	0.0080	0.2244	0.0297	0.1423
121	0.0081	0.2247	0.0298	0.1425
122	0.0080	0.2248	0.0298	0.1426
123	0.0078	0.2249	0.0298	0.1426
124	0.0078	0.2255	0.0299	0.1432
125	0.0077	0.2251	0.0298	0.1431
126	0.0075	0.2248	0.0298	0.1429
127	0.0077	0.2248	0.0298	0.1428
128	0.0073	0.2245	0.0298	0.1428
129	0.0078	0.2248	0.0298	0.1429
130	0.0072	0.2251	0.0298	0.1429
131	0.0077	0.2254	0.0299	0.1431
132	0.0074	0.2252	0.0299	0.1428
133	0.0071	0.2249	0.0298	0.1428
134	0.0077	0.2253	0.0299	0.1432
135	0.0075	0.2258	0.0299	0.1434
136	0.0076	0.2260	0.0300	0.1434
137	0.0075	0.2263	0.0300	0.1437
138	0.0077	0.2262	0.0299	0.1433
139	0.0068	0.2262	0.0299	0.1431
140	0.0077	0.2266	0.0300	0.1431
141	0.0072	0.2266	0.0300	0.1430
142	0.0074	0.2257	0.0299	0.1428
143	0.0073	0.2252	0.0298	0.1431
144	0.0075	0.2251	0.0298	0.1431
145	0.0079	0.2252	0.0298	0.1429
146	0.0072	0.2247	0.0297	0.1427
147	0.0074	0.2250	0.0298	0.1429
148	0.0070	0.2246	0.0298	0.1430
149	0.0072	0.2253	0.0298	0.1430
150	0.0073	0.2254	0.0298	0.1428
