{"n_layers": 1, "device": "cuda", "batch_size": 2048, "embedding_dim": 256, "learning_rate": 0.001, "dataset": "dbbook", "epochs": 150, "top_k": 20, "multimodal": true, "datasets": {"dbbook": ["images", "text"], "ml1m": ["audio", "images", "text", "video"]}}
Epoch	Loss	Recall	Precision	NDCG
1	0.6917	0.0244	0.0074	0.0187
2	0.6862	0.0556	0.0187	0.0473
3	0.6784	0.0782	0.0268	0.0641
4	0.6659	0.0899	0.0308	0.0685
5	0.6467	0.0919	0.0321	0.0675
6	0.6186	0.0897	0.0314	0.0648
7	0.5818	0.0886	0.0310	0.0627
8	0.5380	0.0860	0.0300	0.0604
9	0.4914	0.0851	0.0298	0.0593
10	0.4461	0.0840	0.0294	0.0582
11	0.4025	0.0836	0.0293	0.0579
12	0.3667	0.0833	0.0292	0.0576
13	0.3334	0.0837	0.0294	0.0582
14	0.3042	0.0842	0.0296	0.0585
15	0.2811	0.0849	0.0298	0.0589
16	0.2597	0.0854	0.0300	0.0595
17	0.2400	0.0862	0.0302	0.0602
18	0.2282	0.0877	0.0306	0.0610
19	0.2127	0.0882	0.0307	0.0616
20	0.1991	0.0893	0.0311	0.0625
21	0.1885	0.0905	0.0315	0.0633
22	0.1770	0.0912	0.0317	0.0641
23	0.1654	0.0922	0.0320	0.0648
24	0.1587	0.0933	0.0323	0.0656
25	0.1491	0.0937	0.0325	0.0660
26	0.1454	0.0946	0.0328	0.0666
27	0.1361	0.0963	0.0332	0.0677
28	0.1316	0.0964	0.0332	0.0680
29	0.1234	0.0968	0.0335	0.0686
30	0.1185	0.0976	0.0338	0.0695
31	0.1144	0.0980	0.0339	0.0701
32	0.1086	0.0989	0.0342	0.0705
33	0.1043	0.0997	0.0344	0.0711
34	0.0991	0.1010	0.0348	0.0720
35	0.0957	0.1011	0.0348	0.0723
36	0.0931	0.1017	0.0350	0.0729
37	0.0894	0.1022	0.0352	0.0735
38	0.0869	0.1034	0.0354	0.0741
39	0.0836	0.1043	0.0358	0.0749
40	0.0798	0.1052	0.0360	0.0756
41	0.0772	0.1060	0.0362	0.0761
42	0.0737	0.1068	0.0365	0.0770
43	0.0715	0.1077	0.0368	0.0776
44	0.0695	0.1082	0.0369	0.0782
45	0.0661	0.1084	0.0371	0.0785
46	0.0660	0.1093	0.0372	0.0789
47	0.0628	0.1100	0.0375	0.0793
48	0.0618	0.1105	0.0376	0.0796
49	0.0601	0.1106	0.0377	0.0800
50	0.0579	0.1109	0.0377	0.0800
51	0.0579	0.1117	0.0379	0.0806
52	0.0549	0.1118	0.0380	0.0808
53	0.0558	0.1120	0.0380	0.0812
54	0.0535	0.1132	0.0384	0.0820
55	0.0508	0.1132	0.0385	0.0823
56	0.0496	0.1136	0.0385	0.0825
57	0.0479	0.1139	0.0385	0.0828
58	0.0471	0.1138	0.0385	0.0831
59	0.0468	0.1143	0.0386	0.0834
60	0.0447	0.1151	0.0388	0.0839
61	0.0447	0.1152	0.0389	0.0844
62	0.0425	0.1156	0.0389	0.0847
63	0.0417	0.1164	0.0391	0.0852
64	0.0424	0.1174	0.0393	0.0857
65	0.0410	0.1176	0.0394	0.0858
66	0.0393	0.1181	0.0396	0.0862
67	0.0379	0.1178	0.0395	0.0861
68	0.0378	0.1178	0.0396	0.0863
69	0.0378	0.1183	0.0397	0.0864
70	0.0368	0.1183	0.0397	0.0865
71	0.0366	0.1191	0.0400	0.0869
72	0.0367	0.1190	0.0400	0.0871
73	0.0344	0.1198	0.0402	0.0879
74	0.0330	0.1193	0.0401	0.0878
75	0.0325	0.1200	0.0402	0.0881
76	0.0330	0.1201	0.0402	0.0882
77	0.0316	0.1205	0.0404	0.0887
78	0.0307	0.1213	0.0404	0.0891
79	0.0316	0.1215	0.0406	0.0895
80	0.0302	0.1217	0.0406	0.0896
81	0.0302	0.1222	0.0408	0.0900
82	0.0284	0.1223	0.0407	0.0902
83	0.0287	0.1230	0.0409	0.0907
84	0.0296	0.1228	0.0408	0.0906
85	0.0290	0.1232	0.0409	0.0908
86	0.0263	0.1232	0.0410	0.0911
87	0.0271	0.1233	0.0411	0.0913
88	0.0260	0.1232	0.0411	0.0913
89	0.0258	0.1231	0.0410	0.0914
90	0.0262	0.1231	0.0410	0.0915
91	0.0258	0.1241	0.0412	0.0920
92	0.0250	0.1242	0.0411	0.0922
93	0.0254	0.1238	0.0410	0.0921
94	0.0245	0.1243	0.0412	0.0924
95	0.0240	0.1246	0.0412	0.0926
96	0.0233	0.1250	0.0413	0.0928
97	0.0237	0.1256	0.0414	0.0932
98	0.0231	0.1255	0.0414	0.0931
99	0.0232	0.1257	0.0414	0.0931
100	0.0223	0.1254	0.0414	0.0933
101	0.0218	0.1258	0.0414	0.0933
102	0.0210	0.1255	0.0414	0.0933
103	0.0224	0.1255	0.0414	0.0934
104	0.0218	0.1258	0.0415	0.0939
105	0.0223	0.1259	0.0414	0.0940
106	0.0212	0.1264	0.0414	0.0941
107	0.0204	0.1269	0.0415	0.0943
108	0.0208	0.1267	0.0416	0.0943
109	0.0204	0.1263	0.0415	0.0943
110	0.0208	0.1267	0.0416	0.0946
111	0.0196	0.1268	0.0416	0.0947
112	0.0209	0.1265	0.0415	0.0946
113	0.0183	0.1270	0.0416	0.0948
114	0.0184	0.1266	0.0415	0.0946
115	0.0197	0.1261	0.0414	0.0944
116	0.0191	0.1263	0.0414	0.0945
117	0.0183	0.1264	0.0415	0.0946
118	0.0190	0.1266	0.0414	0.0947
119	0.0182	0.1269	0.0414	0.0948
120	0.0179	0.1269	0.0415	0.0950
121	0.0178	0.1268	0.0414	0.0949
122	0.0181	0.1269	0.0414	0.0951
123	0.0169	0.1273	0.0416	0.0954
124	0.0171	0.1275	0.0416	0.0954
125	0.0184	0.1279	0.0416	0.0955
126	0.0177	0.1272	0.0416	0.0955
127	0.0169	0.1280	0.0418	0.0958
128	0.0174	0.1282	0.0418	0.0960
129	0.0169	0.1283	0.0418	0.0961
130	0.0160	0.1285	0.0418	0.0962
131	0.0161	0.1285	0.0418	0.0962
132	0.0167	0.1287	0.0418	0.0964
133	0.0161	0.1283	0.0417	0.0963
134	0.0153	0.1289	0.0418	0.0964
135	0.0159	0.1289	0.0419	0.0965
136	0.0162	0.1288	0.0419	0.0967
137	0.0159	0.1293	0.0420	0.0969
138	0.0152	0.1293	0.0419	0.0971
139	0.0157	0.1296	0.0420	0.0971
140	0.0151	0.1293	0.0419	0.0968
141	0.0151	0.1290	0.0418	0.0966
142	0.0150	0.1292	0.0418	0.0966
143	0.0148	0.1285	0.0417	0.0964
144	0.0149	0.1290	0.0417	0.0966
145	0.0144	0.1289	0.0418	0.0966
146	0.0140	0.1289	0.0418	0.0965
147	0.0146	0.1294	0.0418	0.0967
148	0.0152	0.1292	0.0418	0.0967
149	0.0142	0.1291	0.0417	0.0966
150	0.0144	0.1292	0.0417	0.0965
