{"n_layers": 3, "device": "cuda", "batch_size": 2048, "embedding_dim": 512, "learning_rate": 0.001, "dataset": "dbbook", "epochs": 150, "model": "ef-mmlgcn", "fusion": "max", "top_k": [5, 10, 20, 50], "seed": 19, "multimodal": true}
Epoch	Loss	Precision@5	Recall@5	NDCG@5	Precision@10	Recall@10	NDCG@10	Precision@20	Recall@20	NDCG@20	Precision@50	Recall@50	NDCG@50
1	0.6897	0.0416	0.0309	0.0474	0.0329	0.0478	0.0482	0.0236	0.0688	0.0563	0.015	0.11	0.0712
2	0.6774	0.0445	0.0329	0.0469	0.0368	0.0525	0.0495	0.0298	0.0851	0.063	0.0209	0.1486	0.0864
3	0.6544	0.0378	0.0278	0.0366	0.0336	0.047	0.0412	0.0278	0.0776	0.054	0.0209	0.1465	0.0793
4	0.6123	0.0308	0.0226	0.0293	0.0289	0.0404	0.0344	0.026	0.0708	0.0476	0.02	0.1383	0.0724
5	0.5483	0.0263	0.0189	0.0254	0.027	0.0373	0.0314	0.0237	0.0642	0.0431	0.0193	0.1327	0.0683
6	0.4779	0.0249	0.0175	0.0239	0.026	0.0361	0.03	0.0229	0.0618	0.0413	0.019	0.1295	0.0664
7	0.4169	0.0244	0.0168	0.0233	0.0256	0.0354	0.0294	0.0226	0.061	0.0407	0.0188	0.1283	0.0656
8	0.3714	0.0247	0.0169	0.0236	0.0255	0.0351	0.0293	0.023	0.0621	0.041	0.0189	0.1286	0.0656
9	0.3397	0.0258	0.0177	0.0244	0.0252	0.0346	0.0292	0.0233	0.0632	0.0417	0.019	0.1297	0.0662
10	0.3153	0.026	0.0179	0.0247	0.0254	0.0348	0.0296	0.0238	0.0647	0.0426	0.0191	0.1303	0.0669
11	0.2950	0.0266	0.0182	0.0252	0.0256	0.0353	0.03	0.0243	0.0662	0.0435	0.0195	0.1328	0.0682
12	0.2776	0.0278	0.0193	0.026	0.0262	0.036	0.0306	0.0248	0.0675	0.0443	0.0198	0.1353	0.0694
13	0.2631	0.029	0.0207	0.0272	0.0264	0.0365	0.0311	0.0253	0.0688	0.0453	0.0201	0.1377	0.0707
14	0.2454	0.0299	0.0212	0.0281	0.0271	0.0375	0.0321	0.0259	0.0703	0.0465	0.0204	0.1401	0.0722
15	0.2342	0.0306	0.0218	0.0287	0.0278	0.0384	0.0328	0.0262	0.0708	0.0472	0.0207	0.1422	0.0734
16	0.2219	0.0313	0.0224	0.0292	0.0284	0.0391	0.0334	0.0267	0.0721	0.048	0.0209	0.1442	0.0744
17	0.2155	0.0321	0.0229	0.03	0.0291	0.0401	0.0342	0.0269	0.0734	0.0487	0.0213	0.1472	0.0759
18	0.2034	0.0332	0.0235	0.031	0.03	0.0415	0.0354	0.0274	0.0749	0.0499	0.0217	0.1499	0.0776
19	0.1896	0.0342	0.0241	0.032	0.0307	0.0425	0.0364	0.0278	0.0762	0.051	0.022	0.1529	0.0792
20	0.1838	0.0346	0.0244	0.0327	0.0314	0.0435	0.0374	0.0283	0.0777	0.0522	0.0223	0.1553	0.0807
21	0.1768	0.0356	0.0252	0.0338	0.0319	0.0445	0.0382	0.0287	0.0793	0.0533	0.0227	0.1578	0.0823
22	0.1716	0.0366	0.0259	0.0349	0.033	0.046	0.0397	0.0292	0.0812	0.0548	0.0232	0.1607	0.0842
23	0.1603	0.0373	0.0264	0.0358	0.0335	0.0465	0.0406	0.0295	0.0821	0.0558	0.0235	0.1638	0.0859
24	0.1550	0.038	0.0268	0.037	0.0339	0.0473	0.0417	0.0296	0.0826	0.0569	0.0237	0.1655	0.0874
25	0.1481	0.0386	0.0275	0.0381	0.0345	0.0483	0.0429	0.0301	0.084	0.0582	0.0241	0.1674	0.0891
26	0.1414	0.0395	0.0282	0.0391	0.0354	0.0496	0.0441	0.0306	0.0858	0.0595	0.0243	0.1698	0.0905
27	0.1361	0.0406	0.0288	0.0402	0.0362	0.0509	0.0452	0.0311	0.0872	0.0606	0.0247	0.1726	0.0921
28	0.1322	0.0405	0.0289	0.0406	0.0365	0.0518	0.046	0.0314	0.0888	0.0617	0.0249	0.175	0.0936
29	0.1267	0.0421	0.0303	0.0422	0.037	0.0525	0.047	0.032	0.091	0.0632	0.0253	0.1779	0.0953
30	0.1211	0.0427	0.0307	0.043	0.0376	0.0538	0.048	0.0323	0.0919	0.0641	0.0255	0.1798	0.0965
31	0.1177	0.043	0.0308	0.0435	0.0382	0.0548	0.0489	0.0325	0.0929	0.0649	0.0258	0.1825	0.0979
32	0.1148	0.0433	0.0311	0.0442	0.0388	0.0555	0.0498	0.0329	0.0941	0.066	0.026	0.1846	0.0993
33	0.1103	0.0443	0.0323	0.0452	0.039	0.0561	0.0504	0.0333	0.0951	0.0668	0.0263	0.1867	0.1004
34	0.1013	0.0446	0.0328	0.0457	0.0395	0.0568	0.0511	0.0337	0.0962	0.0677	0.0265	0.1895	0.1017
35	0.0984	0.0446	0.0327	0.0459	0.0398	0.0574	0.0515	0.0338	0.0967	0.0681	0.0267	0.1909	0.1024
36	0.0977	0.0449	0.033	0.0464	0.0402	0.0585	0.0523	0.034	0.0971	0.0687	0.0268	0.1918	0.1032
37	0.0917	0.0451	0.0332	0.0469	0.0407	0.0596	0.053	0.0345	0.0989	0.0697	0.0269	0.1925	0.1038
38	0.0912	0.0457	0.0336	0.0474	0.041	0.06	0.0535	0.0349	0.1004	0.0706	0.0271	0.1946	0.1048
39	0.0903	0.0463	0.0339	0.048	0.0414	0.0606	0.0541	0.0351	0.1011	0.0712	0.0273	0.1964	0.1058
40	0.0859	0.0472	0.0346	0.0489	0.0418	0.0613	0.0548	0.0352	0.1016	0.0718	0.0275	0.1979	0.1067
41	0.0868	0.0478	0.0352	0.0497	0.0422	0.0618	0.0555	0.0356	0.1031	0.0727	0.0274	0.1981	0.1073
42	0.0805	0.0481	0.0356	0.0502	0.0425	0.0623	0.056	0.0359	0.104	0.0735	0.0276	0.1993	0.1081
43	0.0792	0.0482	0.0358	0.0504	0.0429	0.063	0.0565	0.0361	0.1042	0.0738	0.0278	0.2008	0.1088
44	0.0753	0.0487	0.0361	0.0509	0.0431	0.0633	0.0568	0.0362	0.1047	0.0742	0.0279	0.2018	0.1094
45	0.0737	0.049	0.0365	0.0511	0.0434	0.064	0.0572	0.0366	0.1058	0.0748	0.028	0.2029	0.11
46	0.0723	0.0487	0.0364	0.051	0.0435	0.064	0.0573	0.0367	0.1064	0.0751	0.0281	0.2041	0.1105
47	0.0709	0.0488	0.0365	0.0514	0.0438	0.0642	0.0578	0.037	0.107	0.0758	0.0282	0.2052	0.1112
48	0.0705	0.0489	0.0366	0.0516	0.0435	0.0643	0.0578	0.037	0.1072	0.076	0.0283	0.2059	0.1116
49	0.0673	0.0493	0.0368	0.052	0.0436	0.0645	0.0581	0.037	0.1075	0.0763	0.0284	0.2065	0.1121
50	0.0628	0.0493	0.037	0.0523	0.0439	0.0647	0.0585	0.0373	0.1087	0.0771	0.0285	0.2075	0.1127
51	0.0618	0.0501	0.0375	0.053	0.0444	0.0655	0.0592	0.0374	0.1092	0.0775	0.0285	0.2081	0.1132
52	0.0604	0.0501	0.0375	0.0533	0.0447	0.0659	0.0596	0.0376	0.1099	0.0781	0.0285	0.2085	0.1137
53	0.0596	0.0509	0.038	0.0539	0.0449	0.0663	0.06	0.0377	0.1099	0.0784	0.0286	0.2091	0.1142
54	0.0576	0.0512	0.0383	0.0545	0.0451	0.0668	0.0606	0.0378	0.1102	0.0788	0.0287	0.2099	0.1149
55	0.0571	0.052	0.0388	0.0551	0.0453	0.0669	0.0608	0.0381	0.1113	0.0794	0.0288	0.2109	0.1154
56	0.0571	0.0521	0.0395	0.0554	0.0453	0.0669	0.061	0.0382	0.1118	0.0798	0.0289	0.2116	0.1159
57	0.0561	0.0523	0.0395	0.0556	0.0455	0.0673	0.0613	0.0383	0.112	0.0801	0.0289	0.2123	0.1162
58	0.0537	0.0527	0.0397	0.056	0.0457	0.0675	0.0616	0.0384	0.1122	0.0804	0.029	0.2124	0.1166
59	0.0540	0.0534	0.0403	0.0567	0.0458	0.068	0.0621	0.0387	0.1129	0.081	0.0291	0.2133	0.1172
60	0.0511	0.0532	0.0405	0.057	0.046	0.0681	0.0624	0.0387	0.113	0.0813	0.0291	0.2141	0.1178
61	0.0499	0.0536	0.0407	0.0573	0.0461	0.0683	0.0626	0.0388	0.1134	0.0816	0.0292	0.2141	0.118
62	0.0484	0.0537	0.0408	0.0575	0.0465	0.0688	0.063	0.039	0.1143	0.0821	0.0292	0.2142	0.1182
63	0.0487	0.0536	0.0407	0.0576	0.0466	0.069	0.0632	0.0391	0.1148	0.0824	0.0291	0.2137	0.1183
64	0.0490	0.0541	0.0414	0.058	0.0466	0.0692	0.0634	0.0392	0.1152	0.0826	0.0292	0.2142	0.1185
65	0.0464	0.0546	0.0416	0.0585	0.0469	0.0697	0.0639	0.0392	0.1158	0.0832	0.0292	0.2143	0.119
66	0.0443	0.0551	0.0419	0.059	0.0473	0.0704	0.0645	0.0394	0.1159	0.0835	0.0293	0.215	0.1195
67	0.0452	0.0552	0.0421	0.0592	0.0474	0.0705	0.0647	0.0396	0.1167	0.084	0.0293	0.2149	0.1197
68	0.0460	0.0554	0.0425	0.0596	0.0477	0.0708	0.0651	0.0396	0.1172	0.0843	0.0293	0.2154	0.1201
69	0.0413	0.0556	0.0426	0.0598	0.0479	0.071	0.0653	0.0397	0.1176	0.0846	0.0294	0.2156	0.1203
70	0.0416	0.0559	0.0429	0.06	0.048	0.0712	0.0655	0.0399	0.118	0.0849	0.0294	0.2158	0.1205
71	0.0411	0.0564	0.0433	0.0605	0.0482	0.0717	0.0659	0.0399	0.1187	0.0852	0.0294	0.2161	0.1208
72	0.0417	0.056	0.043	0.0603	0.0484	0.0722	0.0661	0.0399	0.1186	0.0852	0.0295	0.2168	0.121
73	0.0397	0.0561	0.0432	0.0604	0.0484	0.0723	0.0662	0.0399	0.1188	0.0853	0.0295	0.2172	0.1212
74	0.0408	0.0565	0.0436	0.0608	0.0486	0.0728	0.0665	0.0401	0.1193	0.0857	0.0296	0.2181	0.1217
75	0.0398	0.0568	0.044	0.0613	0.0491	0.0736	0.0672	0.0403	0.1205	0.0864	0.0296	0.2188	0.1222
76	0.0393	0.0569	0.0442	0.0615	0.0491	0.0737	0.0674	0.0403	0.1203	0.0866	0.0296	0.2189	0.1224
77	0.0379	0.057	0.0443	0.0618	0.0491	0.0738	0.0676	0.0405	0.121	0.087	0.0296	0.2191	0.1227
78	0.0370	0.057	0.0443	0.0619	0.0494	0.0744	0.068	0.0405	0.1215	0.0873	0.0297	0.22	0.1232
79	0.0371	0.0576	0.0449	0.0624	0.0492	0.0741	0.0679	0.0405	0.1219	0.0874	0.0297	0.2207	0.1233
80	0.0357	0.0575	0.0451	0.0624	0.0492	0.0738	0.0678	0.0406	0.1222	0.0875	0.0298	0.2209	0.1235
81	0.0367	0.0575	0.0452	0.0624	0.0493	0.074	0.068	0.0405	0.1222	0.0876	0.0298	0.2212	0.1236
82	0.0348	0.0576	0.0452	0.0626	0.0493	0.0741	0.0681	0.0406	0.1225	0.0878	0.0298	0.2217	0.1238
83	0.0358	0.0584	0.0457	0.0634	0.0497	0.0748	0.0687	0.0408	0.123	0.0884	0.0298	0.2221	0.1243
84	0.0345	0.0586	0.0458	0.0638	0.0497	0.075	0.0691	0.0408	0.1231	0.0887	0.0298	0.2221	0.1246
85	0.0369	0.0589	0.0459	0.0641	0.05	0.0757	0.0695	0.0409	0.1235	0.0891	0.0298	0.222	0.1248
86	0.0322	0.0589	0.0458	0.0642	0.0499	0.0756	0.0696	0.041	0.1237	0.0892	0.0298	0.2217	0.1248
87	0.0319	0.0588	0.0458	0.0641	0.0502	0.0762	0.0698	0.041	0.1236	0.0892	0.0298	0.222	0.1249
88	0.0315	0.0586	0.0454	0.064	0.0502	0.0757	0.0699	0.0412	0.1246	0.0897	0.0298	0.2223	0.125
89	0.0312	0.0585	0.0457	0.0642	0.0505	0.0763	0.0702	0.0413	0.1248	0.0899	0.0298	0.2224	0.1252
90	0.0306	0.0585	0.0457	0.0641	0.0504	0.0762	0.0701	0.0413	0.1248	0.0899	0.0298	0.2226	0.1252
91	0.0307	0.0585	0.0456	0.0641	0.0505	0.0763	0.0703	0.0413	0.1249	0.0899	0.0298	0.2222	0.1252
92	0.0295	0.0586	0.0458	0.0642	0.0504	0.0764	0.0703	0.0413	0.125	0.09	0.0297	0.2222	0.1252
93	0.0301	0.0586	0.0456	0.0644	0.0507	0.0769	0.0706	0.0412	0.1245	0.09	0.0298	0.2226	0.1255
94	0.0298	0.0589	0.0457	0.0646	0.0507	0.0769	0.0707	0.0413	0.1252	0.0903	0.0298	0.2231	0.1257
95	0.0299	0.0591	0.0459	0.0647	0.0507	0.0772	0.0708	0.0412	0.1252	0.0902	0.0298	0.2233	0.1258
96	0.0290	0.0586	0.0454	0.0644	0.0507	0.0771	0.0708	0.0413	0.1252	0.0903	0.0298	0.2232	0.1258
97	0.0291	0.0588	0.0456	0.0644	0.0506	0.0769	0.0706	0.0413	0.1251	0.0902	0.0298	0.2231	0.1257
98	0.0287	0.0586	0.0454	0.0645	0.0505	0.0768	0.0707	0.0413	0.1253	0.0904	0.0299	0.2235	0.1259
99	0.0275	0.0589	0.0459	0.0648	0.0506	0.077	0.0709	0.0412	0.1251	0.0905	0.0298	0.2236	0.1261
100	0.0284	0.0589	0.0459	0.0649	0.0506	0.0768	0.071	0.0413	0.1253	0.0907	0.0298	0.223	0.126
101	0.0276	0.0593	0.0461	0.0653	0.0507	0.0771	0.0712	0.0414	0.1255	0.0908	0.0297	0.223	0.1261
102	0.0284	0.0591	0.0457	0.0651	0.0508	0.0773	0.0712	0.0413	0.1255	0.0908	0.0297	0.223	0.1261
103	0.0276	0.0595	0.0459	0.0654	0.0509	0.0774	0.0714	0.0414	0.1256	0.091	0.0297	0.2231	0.1262
104	0.0265	0.0596	0.0458	0.0655	0.0509	0.0776	0.0715	0.0415	0.1261	0.0912	0.0297	0.2232	0.1264
105	0.0259	0.0597	0.0458	0.0656	0.051	0.0775	0.0716	0.0416	0.1268	0.0915	0.0297	0.2231	0.1263
106	0.0267	0.0599	0.046	0.0659	0.0512	0.0778	0.0719	0.0415	0.1265	0.0916	0.0297	0.2229	0.1265
107	0.0257	0.0601	0.0461	0.0662	0.0511	0.0778	0.0721	0.0416	0.1268	0.0918	0.0296	0.2223	0.1265
108	0.0263	0.06	0.046	0.0661	0.0513	0.078	0.0721	0.0416	0.1264	0.0917	0.0296	0.2225	0.1265
109	0.0248	0.0601	0.0457	0.0661	0.0512	0.078	0.0721	0.0417	0.1269	0.0919	0.0297	0.223	0.1267
110	0.0248	0.06	0.0458	0.0662	0.0512	0.078	0.0722	0.0417	0.1269	0.092	0.0297	0.2231	0.1268
111	0.0247	0.0603	0.046	0.0665	0.0513	0.0783	0.0724	0.0417	0.1271	0.0921	0.0297	0.2238	0.127
112	0.0233	0.0606	0.0463	0.0667	0.0514	0.0787	0.0726	0.0417	0.1272	0.0922	0.0297	0.2239	0.1271
113	0.0232	0.0608	0.0468	0.0668	0.0513	0.0786	0.0725	0.0418	0.1271	0.0922	0.0297	0.2236	0.1269
114	0.0232	0.0607	0.0468	0.0669	0.0514	0.0791	0.0728	0.0417	0.1272	0.0923	0.0296	0.2231	0.1269
115	0.0243	0.0607	0.0469	0.0672	0.0515	0.079	0.073	0.0417	0.1275	0.0927	0.0296	0.2232	0.1272
116	0.0233	0.0606	0.0467	0.0671	0.0518	0.0791	0.0731	0.0417	0.1275	0.0926	0.0296	0.2236	0.1273
117	0.0241	0.0604	0.0469	0.0671	0.052	0.0798	0.0735	0.0417	0.1275	0.0927	0.0297	0.2239	0.1275
118	0.0229	0.0605	0.0467	0.0671	0.0521	0.0801	0.0737	0.0418	0.128	0.093	0.0297	0.2241	0.1277
119	0.0228	0.0608	0.047	0.0675	0.0521	0.0801	0.0738	0.0418	0.1279	0.0931	0.0297	0.2236	0.1277
120	0.0233	0.0611	0.0471	0.0678	0.052	0.0802	0.0739	0.0419	0.1281	0.0933	0.0297	0.2237	0.1279
121	0.0229	0.0607	0.0468	0.0674	0.052	0.0801	0.0738	0.0418	0.128	0.0932	0.0297	0.2239	0.1278
122	0.0228	0.0608	0.0472	0.0678	0.052	0.0803	0.074	0.0418	0.1278	0.0932	0.0296	0.2236	0.1279
123	0.0228	0.061	0.0467	0.0677	0.0519	0.0803	0.074	0.0419	0.1283	0.0934	0.0296	0.2236	0.1279
124	0.0219	0.0611	0.0471	0.0679	0.0516	0.0797	0.0737	0.0418	0.1283	0.0934	0.0296	0.2233	0.1278
125	0.0211	0.0612	0.047	0.0679	0.0518	0.0802	0.0739	0.0419	0.1289	0.0936	0.0295	0.2232	0.1277
126	0.0227	0.0611	0.0468	0.0679	0.0518	0.0802	0.074	0.042	0.1293	0.0938	0.0295	0.2231	0.1278
127	0.0225	0.0614	0.047	0.0681	0.0519	0.0803	0.074	0.0419	0.1291	0.0937	0.0295	0.2234	0.1278
128	0.0219	0.0613	0.0468	0.0681	0.0517	0.0803	0.074	0.042	0.1294	0.0939	0.0295	0.2234	0.1279
129	0.0213	0.0615	0.047	0.0682	0.0516	0.0801	0.0739	0.0419	0.1293	0.0938	0.0294	0.2229	0.1277
130	0.0212	0.0615	0.047	0.0682	0.0516	0.08	0.0739	0.0418	0.1289	0.0937	0.0294	0.223	0.1277
131	0.0216	0.0612	0.047	0.0681	0.0514	0.08	0.0738	0.0417	0.1285	0.0936	0.0294	0.2225	0.1276
132	0.0217	0.0617	0.0475	0.0686	0.0517	0.0804	0.0742	0.0418	0.1286	0.0938	0.0294	0.2231	0.1279
133	0.0217	0.0623	0.0482	0.0692	0.0518	0.0806	0.0744	0.0418	0.129	0.094	0.0294	0.2233	0.1281
134	0.0214	0.0622	0.0481	0.0691	0.0516	0.0803	0.0743	0.0416	0.1286	0.0939	0.0294	0.2232	0.1281
135	0.0202	0.0624	0.0485	0.0693	0.0519	0.0808	0.0746	0.0418	0.129	0.0941	0.0294	0.2236	0.1282
136	0.0208	0.0623	0.0483	0.0693	0.0519	0.0809	0.0746	0.0418	0.1292	0.0942	0.0294	0.2236	0.1283
137	0.0204	0.0625	0.0484	0.0695	0.0519	0.081	0.0747	0.0418	0.1294	0.0943	0.0294	0.2234	0.1283
138	0.0204	0.0623	0.0479	0.0693	0.052	0.0812	0.0748	0.0418	0.1295	0.0944	0.0294	0.2232	0.1282
139	0.0206	0.0622	0.0479	0.0692	0.052	0.0812	0.0748	0.0419	0.1295	0.0944	0.0294	0.2234	0.1283
140	0.0199	0.0626	0.0484	0.0696	0.052	0.0813	0.0749	0.0418	0.1294	0.0943	0.0294	0.223	0.1282
141	0.0205	0.0626	0.0485	0.0695	0.052	0.0815	0.0749	0.0418	0.1294	0.0944	0.0294	0.2231	0.1282
142	0.0196	0.0628	0.0486	0.0696	0.0518	0.0809	0.0747	0.0418	0.1294	0.0944	0.0294	0.223	0.1282
143	0.0202	0.0627	0.0485	0.0695	0.0518	0.0809	0.0746	0.0416	0.129	0.0941	0.0293	0.2226	0.128
144	0.0201	0.0628	0.0486	0.0696	0.0516	0.0809	0.0746	0.0416	0.1288	0.0941	0.0293	0.2225	0.128
145	0.0191	0.0627	0.0485	0.0695	0.0518	0.0811	0.0747	0.0416	0.1289	0.0942	0.0293	0.2227	0.128
146	0.0200	0.0627	0.0486	0.0697	0.0518	0.0811	0.0748	0.0417	0.1294	0.0945	0.0293	0.2232	0.1284
147	0.0199	0.0626	0.0486	0.0698	0.052	0.0816	0.0752	0.0417	0.129	0.0946	0.0293	0.2227	0.1284
148	0.0192	0.0623	0.0485	0.0696	0.0521	0.0819	0.0753	0.0416	0.1289	0.0945	0.0292	0.2224	0.1283
149	0.0196	0.0619	0.0482	0.0692	0.052	0.0817	0.0751	0.0415	0.1286	0.0943	0.0292	0.2223	0.1281
150	0.0184	0.0622	0.0482	0.0693	0.0521	0.0819	0.0752	0.0416	0.129	0.0944	0.0292	0.2221	0.128
