{"n_layers": 1, "device": "cuda", "batch_size": 2048, "embedding_dim": 256, "learning_rate": 0.001, "dataset": "dbbook", "epochs": 150, "top_k": 5, "multimodal": true, "datasets": {"dbbook": ["images", "text"], "ml1m": ["audio", "images", "text", "video"]}}
Epoch	Loss	Recall	Precision	NDCG
1	0.6917	0.0088	0.0114	0.0131
2	0.6862	0.0245	0.0334	0.0391
3	0.6783	0.0341	0.0467	0.0529
4	0.6658	0.0361	0.0495	0.0547
5	0.6464	0.0351	0.0476	0.0519
6	0.6183	0.0325	0.0437	0.0473
7	0.5815	0.0302	0.0408	0.0437
8	0.5373	0.0287	0.0380	0.0404
9	0.4906	0.0275	0.0364	0.0383
10	0.4441	0.0265	0.0353	0.0368
11	0.4036	0.0264	0.0354	0.0365
12	0.3664	0.0257	0.0348	0.0359
13	0.3322	0.0257	0.0350	0.0364
14	0.3063	0.0261	0.0354	0.0370
15	0.2820	0.0268	0.0364	0.0379
16	0.2620	0.0271	0.0371	0.0386
17	0.2434	0.0269	0.0373	0.0390
18	0.2267	0.0274	0.0379	0.0398
19	0.2126	0.0279	0.0385	0.0401
20	0.1998	0.0285	0.0390	0.0406
21	0.1879	0.0286	0.0390	0.0408
22	0.1771	0.0289	0.0396	0.0413
23	0.1686	0.0297	0.0404	0.0421
24	0.1588	0.0304	0.0410	0.0429
25	0.1505	0.0306	0.0414	0.0432
26	0.1440	0.0311	0.0418	0.0436
27	0.1382	0.0313	0.0422	0.0440
28	0.1292	0.0318	0.0426	0.0445
29	0.1287	0.0330	0.0435	0.0454
30	0.1203	0.0334	0.0439	0.0459
31	0.1150	0.0335	0.0442	0.0464
32	0.1103	0.0337	0.0446	0.0469
33	0.1073	0.0346	0.0458	0.0484
34	0.1007	0.0355	0.0467	0.0494
35	0.0977	0.0357	0.0469	0.0499
36	0.0948	0.0360	0.0477	0.0506
37	0.0897	0.0362	0.0480	0.0510
38	0.0861	0.0367	0.0484	0.0515
39	0.0847	0.0370	0.0488	0.0520
40	0.0807	0.0373	0.0492	0.0526
41	0.0764	0.0380	0.0499	0.0534
42	0.0766	0.0383	0.0502	0.0537
43	0.0720	0.0386	0.0506	0.0541
44	0.0706	0.0388	0.0506	0.0541
45	0.0673	0.0387	0.0504	0.0542
46	0.0658	0.0386	0.0504	0.0543
47	0.0639	0.0389	0.0508	0.0548
48	0.0641	0.0391	0.0514	0.0555
49	0.0597	0.0393	0.0518	0.0560
50	0.0595	0.0393	0.0519	0.0563
51	0.0585	0.0394	0.0521	0.0566
52	0.0550	0.0397	0.0526	0.0571
53	0.0531	0.0400	0.0529	0.0576
54	0.0523	0.0404	0.0532	0.0583
55	0.0516	0.0404	0.0530	0.0581
56	0.0491	0.0408	0.0532	0.0585
57	0.0494	0.0411	0.0535	0.0589
58	0.0486	0.0414	0.0538	0.0594
59	0.0476	0.0417	0.0545	0.0600
60	0.0467	0.0426	0.0556	0.0610
61	0.0446	0.0428	0.0559	0.0614
62	0.0427	0.0432	0.0561	0.0618
63	0.0423	0.0435	0.0563	0.0624
64	0.0407	0.0435	0.0565	0.0625
65	0.0402	0.0437	0.0567	0.0626
66	0.0402	0.0436	0.0566	0.0626
67	0.0375	0.0433	0.0562	0.0625
68	0.0377	0.0438	0.0569	0.0630
69	0.0353	0.0442	0.0575	0.0635
70	0.0360	0.0444	0.0579	0.0640
71	0.0366	0.0445	0.0582	0.0644
72	0.0351	0.0445	0.0582	0.0646
73	0.0330	0.0446	0.0582	0.0647
74	0.0345	0.0449	0.0586	0.0652
75	0.0329	0.0450	0.0589	0.0656
76	0.0323	0.0452	0.0589	0.0658
77	0.0325	0.0456	0.0594	0.0661
78	0.0309	0.0459	0.0594	0.0662
79	0.0318	0.0458	0.0596	0.0662
80	0.0304	0.0459	0.0597	0.0665
81	0.0299	0.0462	0.0597	0.0667
82	0.0283	0.0464	0.0600	0.0670
83	0.0292	0.0470	0.0606	0.0675
84	0.0290	0.0472	0.0610	0.0678
85	0.0277	0.0474	0.0607	0.0677
86	0.0273	0.0474	0.0607	0.0677
87	0.0273	0.0478	0.0613	0.0681
88	0.0265	0.0478	0.0612	0.0679
89	0.0264	0.0478	0.0612	0.0680
90	0.0254	0.0480	0.0614	0.0681
91	0.0252	0.0484	0.0619	0.0686
92	0.0242	0.0484	0.0618	0.0686
93	0.0246	0.0483	0.0617	0.0686
94	0.0243	0.0482	0.0617	0.0686
95	0.0239	0.0483	0.0618	0.0686
96	0.0234	0.0484	0.0620	0.0688
97	0.0239	0.0485	0.0619	0.0689
98	0.0231	0.0484	0.0620	0.0689
99	0.0223	0.0485	0.0619	0.0688
100	0.0231	0.0483	0.0619	0.0689
101	0.0216	0.0487	0.0622	0.0692
102	0.0225	0.0488	0.0623	0.0694
103	0.0224	0.0489	0.0622	0.0693
104	0.0207	0.0488	0.0623	0.0695
105	0.0215	0.0489	0.0624	0.0695
106	0.0202	0.0490	0.0625	0.0697
107	0.0204	0.0489	0.0624	0.0695
108	0.0200	0.0492	0.0624	0.0696
109	0.0202	0.0495	0.0629	0.0701
110	0.0199	0.0499	0.0632	0.0705
111	0.0195	0.0498	0.0631	0.0704
112	0.0202	0.0501	0.0635	0.0707
113	0.0195	0.0502	0.0635	0.0708
114	0.0198	0.0501	0.0634	0.0708
115	0.0191	0.0500	0.0632	0.0709
116	0.0193	0.0504	0.0637	0.0714
117	0.0191	0.0502	0.0636	0.0712
118	0.0182	0.0501	0.0636	0.0711
119	0.0180	0.0503	0.0636	0.0712
120	0.0183	0.0503	0.0639	0.0714
121	0.0182	0.0505	0.0641	0.0717
122	0.0184	0.0503	0.0639	0.0715
123	0.0169	0.0503	0.0639	0.0719
124	0.0177	0.0503	0.0640	0.0719
125	0.0177	0.0505	0.0641	0.0721
126	0.0169	0.0503	0.0639	0.0719
127	0.0171	0.0504	0.0640	0.0720
128	0.0164	0.0503	0.0638	0.0719
129	0.0170	0.0505	0.0640	0.0720
130	0.0166	0.0507	0.0641	0.0721
131	0.0168	0.0507	0.0642	0.0722
132	0.0159	0.0507	0.0641	0.0721
133	0.0154	0.0507	0.0640	0.0721
134	0.0158	0.0506	0.0641	0.0721
135	0.0151	0.0504	0.0637	0.0719
136	0.0151	0.0505	0.0638	0.0720
137	0.0158	0.0506	0.0641	0.0722
138	0.0158	0.0507	0.0641	0.0721
139	0.0154	0.0505	0.0641	0.0721
140	0.0151	0.0504	0.0640	0.0720
141	0.0147	0.0504	0.0641	0.0721
142	0.0157	0.0507	0.0642	0.0721
143	0.0154	0.0506	0.0643	0.0723
144	0.0146	0.0505	0.0639	0.0720
145	0.0147	0.0505	0.0639	0.0721
146	0.0143	0.0507	0.0641	0.0722
147	0.0154	0.0507	0.0641	0.0721
148	0.0143	0.0506	0.0641	0.0723
149	0.0141	0.0507	0.0643	0.0725
150	0.0142	0.0503	0.0639	0.0723
