{"device": "cuda:2", "multimodal": true, "embedding_dim": 512, "n_layers": 3, "epochs": 500, "learning_rate": 0.001, "log": true, "seed": 19, "top_k": [5, 10, 20, 50], "dataset": "dbbook", "batch_size": 2048, "single_branch": false, "autoencoder": false, "ensemble_fusion": false, "freeze": true, "fusion_modalities": "mean", "fusion_type": "late", "info_nce": false, "weighting": false, "datasets": {"dbbook": ["images", "text"], "ml1m": ["audio", "images", "text", "video"]}}
Epoch	T-Loss	V-Loss	Precision@5	Recall@5	NDCG@5	Precision@10	Recall@10	NDCG@10	Precision@20	Recall@20	NDCG@20	Precision@50	Recall@50	NDCG@50
1	0.6931	0.693	0.0053	0.0042	0.006	0.0043	0.0069	0.0064	0.0038	0.0124	0.0086	0.0032	0.0273	0.0135
2	0.6922	0.6929	0.0144	0.0133	0.0175	0.0111	0.0198	0.0183	0.0086	0.0306	0.0225	0.0061	0.0519	0.03
3	0.6913	0.6927	0.0262	0.0233	0.0323	0.019	0.0332	0.0324	0.0137	0.0469	0.0377	0.0085	0.0717	0.0463
4	0.6904	0.6925	0.0353	0.0306	0.0435	0.0255	0.0438	0.0436	0.0176	0.0603	0.0498	0.0102	0.0861	0.0588
5	0.6893	0.6923	0.0435	0.038	0.0538	0.0302	0.0521	0.0525	0.0204	0.0699	0.0591	0.0117	0.0985	0.0692
6	0.6882	0.692	0.05	0.043	0.0614	0.0348	0.0592	0.0598	0.0232	0.0776	0.0666	0.0133	0.1106	0.078
7	0.687	0.6917	0.0552	0.0469	0.068	0.0389	0.065	0.0663	0.0256	0.0852	0.0735	0.0147	0.1214	0.0862
8	0.6856	0.6913	0.0591	0.0498	0.0726	0.0418	0.0694	0.0709	0.0281	0.0927	0.0794	0.0162	0.133	0.0934
9	0.684	0.6909	0.0635	0.053	0.0769	0.0449	0.0742	0.0751	0.0301	0.0982	0.0838	0.0175	0.1418	0.0991
10	0.6822	0.6904	0.0664	0.0548	0.0803	0.0477	0.0775	0.0787	0.0322	0.1044	0.0885	0.0188	0.1516	0.105
11	0.6801	0.6898	0.0681	0.0559	0.0823	0.0493	0.0802	0.0811	0.0339	0.1087	0.0918	0.02	0.1598	0.1097
12	0.6779	0.6891	0.0695	0.0569	0.084	0.0507	0.0821	0.0829	0.0355	0.1135	0.0947	0.0211	0.168	0.1139
13	0.6754	0.6883	0.0694	0.0568	0.0846	0.052	0.0833	0.0842	0.0367	0.1166	0.0968	0.022	0.1739	0.1171
14	0.6725	0.6873	0.0699	0.0567	0.085	0.053	0.0843	0.085	0.0374	0.1185	0.098	0.023	0.1811	0.1201
15	0.6694	0.6862	0.0699	0.0568	0.0849	0.0538	0.085	0.0855	0.0384	0.1214	0.0992	0.0237	0.186	0.1221
16	0.666	0.6849	0.0704	0.0568	0.0855	0.0547	0.0864	0.0865	0.0389	0.1227	0.1002	0.0243	0.19	0.1242
17	0.6622	0.6836	0.0704	0.0566	0.0849	0.0545	0.086	0.0858	0.0395	0.1241	0.1003	0.0249	0.1939	0.1252
18	0.6581	0.682	0.0701	0.0563	0.0846	0.0546	0.086	0.0858	0.0398	0.1247	0.1006	0.0254	0.1965	0.1263
19	0.6536	0.6801	0.0701	0.0559	0.0847	0.0548	0.0862	0.086	0.0402	0.125	0.101	0.0257	0.1983	0.1272
20	0.6488	0.6783	0.0705	0.0559	0.0849	0.055	0.0862	0.0861	0.0404	0.125	0.1012	0.026	0.2002	0.128
21	0.6436	0.6761	0.0703	0.0554	0.0847	0.0547	0.0855	0.0858	0.0408	0.1264	0.1017	0.0263	0.2023	0.1288
22	0.638	0.6735	0.0703	0.0557	0.0844	0.055	0.0858	0.0857	0.041	0.1262	0.1016	0.0265	0.2031	0.129
23	0.6322	0.671	0.0707	0.0559	0.0845	0.0549	0.0853	0.0853	0.041	0.1257	0.1012	0.0268	0.2046	0.1294
24	0.6259	0.6682	0.0708	0.0557	0.0843	0.0551	0.0854	0.0852	0.0412	0.126	0.1012	0.0269	0.2052	0.1294
25	0.619	0.665	0.0703	0.0552	0.0839	0.055	0.0854	0.0851	0.0413	0.1259	0.1011	0.0271	0.2056	0.1296
26	0.612	0.6619	0.0699	0.0548	0.0836	0.0548	0.0848	0.0848	0.0412	0.1253	0.1008	0.0271	0.2052	0.1295
27	0.6048	0.6588	0.07	0.0547	0.0835	0.0546	0.0841	0.0843	0.0413	0.1253	0.1007	0.0273	0.2063	0.1297
28	0.5972	0.6546	0.0696	0.0543	0.0831	0.0544	0.084	0.0841	0.0412	0.1246	0.1004	0.0274	0.2069	0.1298
29	0.5893	0.6506	0.0698	0.0541	0.0832	0.0545	0.0839	0.0841	0.0411	0.124	0.1001	0.0274	0.2069	0.1297
30	0.581	0.6468	0.07	0.0543	0.0832	0.0546	0.0838	0.0841	0.0411	0.1241	0.1	0.0275	0.2075	0.1298
31	0.5729	0.6421	0.07	0.0541	0.0834	0.0547	0.084	0.0842	0.0411	0.1241	0.1001	0.0275	0.2076	0.1299
32	0.564	0.6382	0.07	0.0541	0.0832	0.0547	0.0839	0.0841	0.0412	0.1239	0.0999	0.0276	0.2077	0.1298
33	0.5551	0.6341	0.0701	0.0538	0.0832	0.0548	0.0837	0.0841	0.0411	0.1236	0.0998	0.0275	0.2071	0.1296
34	0.5464	0.6296	0.0699	0.0534	0.083	0.0547	0.0836	0.084	0.0411	0.123	0.0996	0.0275	0.2063	0.1294
35	0.5373	0.624	0.07	0.0533	0.083	0.0543	0.0829	0.0835	0.0411	0.1229	0.0994	0.0275	0.2062	0.1291
36	0.5279	0.62	0.0699	0.0534	0.0829	0.0544	0.083	0.0835	0.041	0.1224	0.0991	0.0274	0.2053	0.1288
37	0.5188	0.6146	0.0694	0.053	0.0824	0.0545	0.0832	0.0834	0.041	0.1227	0.099	0.0274	0.2052	0.1286
38	0.5095	0.6094	0.0696	0.0534	0.0825	0.0541	0.082	0.0829	0.041	0.1225	0.0989	0.0274	0.2049	0.1285
39	0.5006	0.6043	0.0695	0.0533	0.0823	0.0539	0.0816	0.0826	0.041	0.1223	0.0988	0.0274	0.2046	0.1283
40	0.491	0.5995	0.0696	0.0534	0.0824	0.0538	0.0816	0.0825	0.0408	0.1218	0.0984	0.0274	0.2049	0.1283
41	0.4822	0.5938	0.0694	0.0529	0.0822	0.054	0.0819	0.0827	0.0407	0.1212	0.0983	0.0274	0.2044	0.1281
42	0.4726	0.5888	0.0692	0.0529	0.0818	0.0542	0.0818	0.0825	0.0408	0.1213	0.0981	0.0274	0.2043	0.1278
43	0.464	0.5839	0.0695	0.0532	0.0823	0.0542	0.0817	0.0827	0.0408	0.1218	0.0985	0.0274	0.2048	0.1281
44	0.4553	0.5785	0.0698	0.0533	0.0825	0.0541	0.0815	0.0826	0.0407	0.1215	0.0984	0.0274	0.2044	0.1281
45	0.4464	0.5742	0.0694	0.0531	0.0823	0.054	0.0815	0.0826	0.0407	0.1213	0.0984	0.0274	0.2046	0.1282
46	0.4372	0.5681	0.0696	0.0534	0.0821	0.0541	0.0814	0.0824	0.0407	0.1214	0.0981	0.0274	0.2047	0.1279
47	0.4286	0.5643	0.0698	0.0534	0.0824	0.0541	0.0816	0.0826	0.0408	0.1216	0.0983	0.0274	0.2042	0.1279
48	0.4207	0.5601	0.0697	0.0531	0.0825	0.054	0.0813	0.0826	0.0408	0.1214	0.0983	0.0274	0.2041	0.128
49	0.4123	0.5524	0.0696	0.0529	0.0823	0.0541	0.0812	0.0825	0.0406	0.1209	0.0981	0.0273	0.2035	0.1278
50	0.404	0.5485	0.0696	0.053	0.0823	0.0541	0.0812	0.0825	0.0406	0.121	0.0981	0.0273	0.2033	0.1277
51	0.3959	0.5459	0.0699	0.0532	0.0826	0.0542	0.0813	0.0827	0.0406	0.1212	0.0983	0.0273	0.2029	0.1277
52	0.388	0.541	0.0698	0.0533	0.0825	0.0541	0.0811	0.0825	0.0407	0.1212	0.0982	0.0274	0.2027	0.1276
53	0.3807	0.5355	0.07	0.0534	0.0826	0.0542	0.0811	0.0824	0.0407	0.1211	0.0981	0.0274	0.2033	0.1277
54	0.3733	0.5323	0.07	0.0536	0.0826	0.0542	0.081	0.0825	0.0406	0.1211	0.0981	0.0274	0.2036	0.1278
55	0.3666	0.5271	0.0696	0.0535	0.0824	0.0542	0.0809	0.0825	0.0407	0.1212	0.0982	0.0274	0.204	0.1279
56	0.36	0.5253	0.0696	0.0534	0.0825	0.0542	0.0809	0.0825	0.0407	0.1215	0.0984	0.0274	0.2036	0.1279
57	0.3532	0.5204	0.0695	0.0533	0.0824	0.0542	0.081	0.0825	0.0407	0.1215	0.0983	0.0274	0.2035	0.1279
58	0.3462	0.5155	0.0697	0.0536	0.0825	0.0541	0.0811	0.0825	0.0409	0.1218	0.0985	0.0274	0.2028	0.1277
59	0.3395	0.5111	0.0698	0.0535	0.0825	0.0542	0.0812	0.0826	0.0408	0.1217	0.0984	0.0274	0.2029	0.1278
60	0.3327	0.508	0.0697	0.0535	0.0826	0.0542	0.0812	0.0826	0.0409	0.1218	0.0986	0.0274	0.2027	0.1278
61	0.3283	0.5027	0.0697	0.0535	0.0823	0.054	0.081	0.0823	0.0408	0.1216	0.0983	0.0274	0.2029	0.1276
62	0.3214	0.503	0.0697	0.0535	0.0823	0.0541	0.0812	0.0823	0.0408	0.1216	0.0982	0.0274	0.2034	0.1277
63	0.3155	0.4982	0.0696	0.0532	0.082	0.0541	0.0812	0.0822	0.0408	0.1214	0.098	0.0274	0.2035	0.1276
64	0.3094	0.4945	0.0696	0.0533	0.0821	0.054	0.0811	0.0822	0.0407	0.1215	0.098	0.0274	0.2036	0.1276
65	0.3053	0.4915	0.0696	0.0533	0.0821	0.0542	0.0812	0.0823	0.0407	0.1212	0.098	0.0275	0.2037	0.1277
66	0.2991	0.4869	0.07	0.0539	0.0824	0.0541	0.0812	0.0822	0.0407	0.121	0.0979	0.0275	0.2037	0.1277
67	0.2947	0.4869	0.0701	0.054	0.0825	0.0542	0.0815	0.0824	0.0407	0.1209	0.0979	0.0275	0.2041	0.1279
68	0.2897	0.483	0.0701	0.0539	0.0824	0.0544	0.0818	0.0825	0.0406	0.1207	0.0978	0.0275	0.2038	0.1277
69	0.2848	0.4791	0.0698	0.0536	0.0822	0.0544	0.0817	0.0825	0.0407	0.121	0.0979	0.0275	0.2042	0.1279
70	0.2789	0.4752	0.0697	0.0535	0.082	0.0543	0.0815	0.0823	0.0408	0.1214	0.098	0.0275	0.2045	0.1279
71	0.276	0.4728	0.0698	0.0536	0.0821	0.0544	0.0816	0.0825	0.0408	0.1217	0.0982	0.0276	0.2046	0.128
72	0.272	0.4729	0.0699	0.0536	0.0822	0.0543	0.0817	0.0824	0.0409	0.1218	0.0982	0.0276	0.205	0.1281
73	0.2659	0.4703	0.0701	0.0538	0.0823	0.0542	0.0814	0.0823	0.0408	0.1218	0.0982	0.0276	0.2049	0.1281
74	0.261	0.4657	0.0703	0.0535	0.0823	0.0542	0.0811	0.0822	0.0408	0.1218	0.0982	0.0276	0.2049	0.1281
75	0.2596	0.4643	0.0703	0.0538	0.0825	0.0544	0.0814	0.0825	0.0409	0.1219	0.0983	0.0277	0.2058	0.1285
76	0.2538	0.4636	0.0704	0.0538	0.0824	0.0545	0.0815	0.0824	0.041	0.1221	0.0984	0.0277	0.2059	0.1285
77	0.2502	0.4596	0.0702	0.0537	0.0823	0.0544	0.0813	0.0823	0.041	0.1223	0.0984	0.0277	0.2058	0.1284
78	0.2467	0.4558	0.0702	0.0537	0.0823	0.0543	0.0811	0.0822	0.041	0.1222	0.0983	0.0277	0.2061	0.1285
79	0.244	0.4573	0.0703	0.0537	0.0824	0.0544	0.0813	0.0823	0.041	0.1222	0.0984	0.0277	0.2061	0.1285
80	0.2388	0.452	0.0703	0.0536	0.0824	0.0544	0.0814	0.0824	0.041	0.1222	0.0984	0.0278	0.2065	0.1286
81	0.2357	0.4541	0.0704	0.0538	0.0824	0.0544	0.0815	0.0824	0.041	0.122	0.0983	0.0278	0.2069	0.1288
82	0.2307	0.4496	0.0704	0.0535	0.0825	0.0543	0.0813	0.0824	0.041	0.1219	0.0984	0.0278	0.2067	0.1289
83	0.2301	0.448	0.0706	0.0537	0.0827	0.0543	0.0811	0.0824	0.041	0.1219	0.0985	0.0278	0.2072	0.129
84	0.2244	0.4429	0.0707	0.0538	0.0828	0.0543	0.0813	0.0825	0.0409	0.1217	0.0985	0.0278	0.2074	0.1292
85	0.2232	0.4473	0.0705	0.0539	0.0827	0.0544	0.0816	0.0826	0.041	0.1221	0.0985	0.0278	0.2074	0.1292
86	0.2184	0.4438	0.0702	0.0538	0.0826	0.0545	0.0818	0.0828	0.041	0.1225	0.0987	0.0278	0.2074	0.1293
87	0.2165	0.4433	0.0704	0.0541	0.0827	0.0544	0.0815	0.0826	0.0411	0.1228	0.0988	0.0279	0.2075	0.1293
88	0.2137	0.4449	0.0703	0.0541	0.0826	0.0543	0.0815	0.0825	0.0411	0.123	0.0989	0.0279	0.2073	0.1292
89	0.211	0.4421	0.0702	0.054	0.0825	0.0544	0.0818	0.0827	0.0411	0.123	0.0989	0.0279	0.2076	0.1293
90	0.2082	0.4389	0.0706	0.0543	0.0829	0.0545	0.0819	0.0828	0.0412	0.1236	0.0991	0.0279	0.2078	0.1295
91	0.2046	0.4392	0.0703	0.0541	0.0826	0.0547	0.0822	0.0829	0.0413	0.1236	0.0991	0.0279	0.2079	0.1295
92	0.2018	0.4324	0.0705	0.0542	0.0828	0.0547	0.0821	0.083	0.0412	0.1235	0.0992	0.028	0.208	0.1296
93	0.2002	0.4344	0.0705	0.0544	0.083	0.0548	0.0824	0.0833	0.0412	0.1232	0.0992	0.028	0.2082	0.1299
94	0.1968	0.4341	0.0706	0.0544	0.0831	0.0548	0.0824	0.0833	0.0412	0.1232	0.0993	0.028	0.2083	0.13
95	0.1963	0.4313	0.0706	0.0545	0.0832	0.0548	0.0823	0.0833	0.0412	0.1233	0.0993	0.028	0.2084	0.13
96	0.1918	0.4311	0.0704	0.0543	0.0829	0.0549	0.0825	0.0832	0.0412	0.1232	0.0992	0.028	0.2083	0.1299
97	0.1893	0.4284	0.0707	0.0545	0.0831	0.0549	0.0828	0.0834	0.0412	0.1233	0.0993	0.028	0.2084	0.13
98	0.1873	0.4287	0.0708	0.0547	0.0833	0.055	0.0829	0.0835	0.0412	0.123	0.0992	0.028	0.2086	0.1301
99	0.184	0.4296	0.071	0.0548	0.0833	0.0551	0.0832	0.0836	0.0412	0.1231	0.0993	0.028	0.2087	0.1302
100	0.1828	0.4279	0.0709	0.0547	0.0833	0.0551	0.0833	0.0837	0.0412	0.1231	0.0993	0.0281	0.209	0.1303
101	0.1804	0.4273	0.071	0.0549	0.0833	0.0551	0.0833	0.0837	0.0413	0.1233	0.0994	0.0281	0.2093	0.1303
102	0.1788	0.4286	0.071	0.0549	0.0834	0.0551	0.0834	0.0837	0.0414	0.1236	0.0995	0.0281	0.2094	0.1304
103	0.1762	0.422	0.0711	0.0551	0.0837	0.0552	0.0836	0.084	0.0414	0.1238	0.0998	0.0281	0.2095	0.1306
104	0.1742	0.423	0.0714	0.0554	0.0839	0.0552	0.0836	0.084	0.0415	0.1242	0.0999	0.0281	0.2096	0.1307
105	0.1718	0.425	0.0713	0.0554	0.0839	0.0551	0.0837	0.084	0.0414	0.1242	0.0999	0.0281	0.2098	0.1308
106	0.1699	0.4262	0.0715	0.0553	0.0838	0.0552	0.0838	0.084	0.0414	0.1242	0.0999	0.0282	0.2101	0.1309
107	0.169	0.4222	0.0713	0.0552	0.0838	0.0553	0.0837	0.0841	0.0413	0.1239	0.0998	0.0282	0.2103	0.131
108	0.1663	0.4227	0.0715	0.0551	0.0839	0.0553	0.0837	0.0842	0.0414	0.1239	0.0999	0.0282	0.2102	0.131
109	0.1642	0.4221	0.0716	0.0552	0.084	0.0552	0.0836	0.0841	0.0413	0.1238	0.0999	0.0282	0.2101	0.131
110	0.1622	0.4165	0.0717	0.0554	0.0842	0.0551	0.0833	0.0841	0.0414	0.1241	0.1001	0.0282	0.2101	0.1311
111	0.1606	0.4148	0.0715	0.0551	0.084	0.0552	0.0837	0.0842	0.0415	0.1243	0.1002	0.0282	0.2101	0.1311
112	0.1601	0.4146	0.0717	0.0553	0.0841	0.0553	0.084	0.0843	0.0415	0.1242	0.1002	0.0282	0.2101	0.1311
113	0.1578	0.4155	0.0721	0.0557	0.0844	0.0553	0.0838	0.0843	0.0415	0.1244	0.1003	0.0282	0.2103	0.1312
114	0.1554	0.4179	0.0721	0.0558	0.0844	0.0553	0.0837	0.0843	0.0416	0.1245	0.1003	0.0283	0.2106	0.1313
115	0.1538	0.4165	0.0719	0.0556	0.0843	0.0554	0.0838	0.0843	0.0416	0.125	0.1004	0.0283	0.2107	0.1314
116	0.1528	0.4185	0.0721	0.0558	0.0844	0.0553	0.0837	0.0843	0.0417	0.125	0.1005	0.0283	0.2109	0.1315
117	0.1522	0.4141	0.0719	0.0557	0.0843	0.0552	0.0837	0.0842	0.0417	0.1254	0.1006	0.0283	0.2113	0.1315
118	0.1483	0.4131	0.0719	0.0554	0.0843	0.0553	0.084	0.0844	0.0417	0.1253	0.1006	0.0284	0.2116	0.1317
119	0.148	0.4148	0.072	0.0555	0.0844	0.0554	0.0843	0.0845	0.0417	0.1253	0.1006	0.0284	0.2115	0.1318
120	0.1465	0.412	0.0721	0.0556	0.0845	0.0556	0.0848	0.0848	0.0417	0.1253	0.1007	0.0284	0.2111	0.1318
121	0.1448	0.412	0.0726	0.0562	0.085	0.0556	0.0847	0.0849	0.0418	0.1255	0.1009	0.0283	0.2109	0.1318
122	0.1432	0.4083	0.0727	0.0565	0.0851	0.0556	0.0847	0.0848	0.0417	0.1255	0.1009	0.0284	0.2115	0.1319
123	0.1428	0.4122	0.0726	0.0564	0.0852	0.0556	0.0848	0.0851	0.0418	0.1254	0.1011	0.0283	0.2115	0.1322
124	0.1404	0.4083	0.0725	0.0564	0.0852	0.0557	0.0851	0.0853	0.0418	0.1255	0.1011	0.0284	0.2119	0.1323
125	0.1407	0.4075	0.0724	0.0563	0.085	0.0558	0.0852	0.0852	0.0418	0.1258	0.1012	0.0283	0.2117	0.1322
126	0.1384	0.4075	0.0725	0.0563	0.0851	0.056	0.0855	0.0854	0.0418	0.1258	0.1012	0.0284	0.2118	0.1323
127	0.1385	0.4045	0.0726	0.0564	0.0853	0.056	0.0855	0.0855	0.0419	0.1259	0.1013	0.0284	0.2121	0.1325
128	0.1365	0.4089	0.0724	0.0562	0.085	0.0562	0.0858	0.0856	0.0418	0.1258	0.1012	0.0285	0.2124	0.1325
129	0.1345	0.412	0.0724	0.0563	0.0849	0.0562	0.0859	0.0856	0.0418	0.1259	0.1012	0.0284	0.2122	0.1324
130	0.1319	0.4059	0.0726	0.0565	0.0851	0.0564	0.0861	0.0857	0.0418	0.1256	0.1012	0.0285	0.2124	0.1325
131	0.1325	0.4077	0.0727	0.0567	0.0852	0.0564	0.0863	0.0858	0.0418	0.1259	0.1013	0.0285	0.2122	0.1325
132	0.1323	0.4052	0.0726	0.0562	0.0851	0.0564	0.0863	0.0858	0.0418	0.126	0.1014	0.0285	0.2128	0.1327
133	0.1314	0.4028	0.0723	0.056	0.0849	0.0564	0.0863	0.0858	0.0419	0.1263	0.1015	0.0285	0.2127	0.1327
134	0.129	0.4082	0.0725	0.056	0.085	0.0563	0.0862	0.0858	0.0419	0.1265	0.1015	0.0285	0.2129	0.1328
135	0.1286	0.3995	0.0724	0.0561	0.0849	0.0563	0.0862	0.0857	0.0418	0.1262	0.1013	0.0285	0.2129	0.1327
136	0.1267	0.4043	0.0724	0.056	0.0849	0.0563	0.0861	0.0857	0.042	0.1267	0.1016	0.0285	0.2129	0.1328
137	0.1246	0.4092	0.0726	0.0562	0.0852	0.0563	0.0861	0.0859	0.042	0.127	0.1018	0.0285	0.2132	0.133
138	0.1249	0.4051	0.0727	0.0563	0.0852	0.0564	0.0862	0.0859	0.0419	0.1269	0.1017	0.0285	0.2134	0.133
139	0.1233	0.4024	0.0726	0.0563	0.0851	0.0563	0.0863	0.0858	0.0419	0.1266	0.1016	0.0286	0.2138	0.1331
140	0.1229	0.4004	0.0725	0.0562	0.0848	0.0564	0.0864	0.0857	0.0418	0.1267	0.1014	0.0286	0.2139	0.133
141	0.1221	0.4053	0.0725	0.0562	0.0847	0.0566	0.0867	0.0858	0.0419	0.1268	0.1015	0.0286	0.214	0.133
142	0.1198	0.4009	0.0724	0.0563	0.0848	0.0564	0.0866	0.0858	0.042	0.1274	0.1017	0.0286	0.2136	0.133
143	0.1202	0.4064	0.0724	0.0562	0.0847	0.0566	0.0869	0.0859	0.0421	0.1277	0.1018	0.0286	0.2137	0.133
144	0.1179	0.4128	0.0724	0.0562	0.0847	0.0566	0.0871	0.086	0.042	0.1275	0.1018	0.0287	0.214	0.1331
145	0.1175	0.3997	0.0725	0.0563	0.0847	0.0567	0.0869	0.0859	0.0421	0.1275	0.1017	0.0287	0.2144	0.1332
146	0.1169	0.4032	0.0724	0.0564	0.0846	0.0566	0.0864	0.0857	0.0421	0.1278	0.1018	0.0287	0.2142	0.1332
147	0.1162	0.3996	0.0724	0.0563	0.0846	0.0566	0.0868	0.0858	0.0422	0.128	0.1019	0.0287	0.2144	0.1332
148	0.1137	0.3959	0.0727	0.0565	0.0847	0.0568	0.0869	0.0859	0.0422	0.1282	0.1019	0.0287	0.2146	0.1332
149	0.1142	0.403	0.0726	0.0564	0.0848	0.0568	0.087	0.0861	0.0423	0.1284	0.1022	0.0287	0.2149	0.1335
150	0.1126	0.3969	0.0722	0.0561	0.0845	0.0566	0.0866	0.0858	0.0423	0.1282	0.1021	0.0287	0.2145	0.1333
151	0.1127	0.4015	0.0722	0.0561	0.0845	0.0566	0.0868	0.0859	0.0422	0.1279	0.102	0.0287	0.2147	0.1334
152	0.1121	0.3996	0.0723	0.0562	0.0846	0.0566	0.0867	0.0859	0.0423	0.1284	0.1022	0.0287	0.2146	0.1334
153	0.1106	0.4033	0.0722	0.0561	0.0846	0.0567	0.0868	0.086	0.0423	0.1282	0.1022	0.0287	0.2145	0.1334
154	0.1095	0.3993	0.0722	0.056	0.0845	0.0568	0.087	0.0861	0.0424	0.1283	0.1022	0.0287	0.2146	0.1335
155	0.1099	0.3922	0.0724	0.0563	0.0847	0.0567	0.087	0.0861	0.0423	0.1283	0.1022	0.0288	0.2152	0.1337
156	0.1087	0.3971	0.0726	0.0564	0.0849	0.0568	0.087	0.0862	0.0424	0.1285	0.1024	0.0288	0.2153	0.1338
157	0.1068	0.3971	0.0724	0.0562	0.0847	0.0567	0.0869	0.0861	0.0423	0.1285	0.1024	0.0288	0.215	0.1338
158	0.1066	0.4002	0.0726	0.0563	0.0849	0.0568	0.0869	0.0862	0.0424	0.1287	0.1025	0.0288	0.2151	0.1338
159	0.1064	0.3987	0.0725	0.0564	0.0849	0.0568	0.087	0.0863	0.0422	0.1283	0.1024	0.0288	0.2154	0.134
160	0.1057	0.3977	0.0724	0.0563	0.0849	0.0568	0.087	0.0863	0.0423	0.1284	0.1024	0.0288	0.2154	0.134
161	0.1048	0.3987	0.0725	0.0564	0.0849	0.0568	0.087	0.0863	0.0423	0.1284	0.1024	0.0288	0.2155	0.134
162	0.1041	0.3961	0.0726	0.0565	0.0851	0.0569	0.0872	0.0864	0.0424	0.1289	0.1026	0.0288	0.2157	0.1341
163	0.1035	0.4005	0.0728	0.0568	0.0853	0.0569	0.0874	0.0866	0.0424	0.1289	0.1027	0.0288	0.2158	0.1342
164	0.1034	0.3992	0.0728	0.0566	0.0854	0.0569	0.0874	0.0866	0.0424	0.1292	0.1029	0.0289	0.2161	0.1344
165	0.1024	0.3954	0.0728	0.0567	0.0853	0.0569	0.0874	0.0865	0.0424	0.1288	0.1027	0.0288	0.2159	0.1343
166	0.1019	0.3997	0.0728	0.0567	0.0853	0.0569	0.0875	0.0866	0.0424	0.1288	0.1028	0.0288	0.2161	0.1344
167	0.1011	0.3976	0.0728	0.0566	0.0854	0.0569	0.0874	0.0866	0.0424	0.129	0.1029	0.0289	0.2161	0.1345
168	0.1004	0.3996	0.073	0.0568	0.0856	0.0569	0.0874	0.0867	0.0424	0.1288	0.1029	0.0289	0.2167	0.1347
169	0.1001	0.3935	0.0731	0.0569	0.0856	0.057	0.0879	0.0869	0.0425	0.1289	0.103	0.0289	0.217	0.1348
170	0.0994	0.3957	0.0731	0.0569	0.0857	0.057	0.0877	0.0869	0.0426	0.129	0.1031	0.0289	0.217	0.1349
171	0.1003	0.3964	0.0732	0.0569	0.0856	0.0572	0.0879	0.087	0.0426	0.1291	0.1031	0.029	0.2171	0.1349
172	0.0973	0.3957	0.0734	0.0572	0.0858	0.0572	0.088	0.087	0.0426	0.1291	0.1032	0.029	0.2173	0.135
173	0.0984	0.3944	0.0737	0.0576	0.0861	0.0573	0.0881	0.0871	0.0426	0.1293	0.1033	0.029	0.2175	0.1351
174	0.0974	0.3962	0.0738	0.0579	0.0862	0.0572	0.0881	0.0871	0.0426	0.1292	0.1032	0.029	0.2176	0.1351
175	0.0969	0.3879	0.0736	0.0577	0.086	0.0572	0.0878	0.087	0.0426	0.1292	0.1032	0.029	0.2176	0.1351
176	0.0959	0.3915	0.0736	0.0579	0.0861	0.0571	0.0878	0.0869	0.0427	0.1292	0.1032	0.029	0.2172	0.135
177	0.096	0.3973	0.0738	0.058	0.0862	0.0573	0.0879	0.087	0.0427	0.1294	0.1033	0.029	0.2174	0.135
178	0.0945	0.3943	0.0738	0.0579	0.0861	0.0573	0.0879	0.087	0.0428	0.1296	0.1034	0.029	0.2175	0.1351
179	0.094	0.3959	0.0737	0.0579	0.0861	0.0573	0.0878	0.087	0.0428	0.13	0.1035	0.029	0.218	0.1352
180	0.095	0.3958	0.0737	0.0578	0.086	0.0571	0.0875	0.0868	0.0428	0.1297	0.1034	0.029	0.2179	0.1352
181	0.0936	0.388	0.0736	0.0577	0.0861	0.0571	0.0874	0.0869	0.0428	0.1298	0.1035	0.029	0.218	0.1353
182	0.0931	0.3959	0.0735	0.0577	0.0861	0.0572	0.0875	0.087	0.0428	0.1301	0.1037	0.029	0.2178	0.1353
183	0.0927	0.3973	0.0736	0.0578	0.0863	0.0572	0.0877	0.0871	0.0428	0.1303	0.1038	0.029	0.2182	0.1355
184	0.0925	0.3947	0.0738	0.0579	0.0864	0.0573	0.0877	0.0872	0.0429	0.1305	0.1039	0.0291	0.2184	0.1356
185	0.0919	0.3974	0.0738	0.0578	0.0865	0.0573	0.0878	0.0873	0.0429	0.1302	0.1039	0.029	0.218	0.1355
186	0.0926	0.395	0.0738	0.0577	0.0865	0.0573	0.0877	0.0873	0.0429	0.1305	0.1041	0.029	0.2177	0.1356
187	0.0911	0.3894	0.0737	0.0576	0.0864	0.0572	0.0878	0.0873	0.043	0.1309	0.1042	0.029	0.2181	0.1356
188	0.0915	0.3893	0.0739	0.058	0.0865	0.0571	0.0877	0.0873	0.0429	0.1305	0.104	0.0291	0.2183	0.1357
189	0.0914	0.3924	0.0738	0.0579	0.0865	0.0571	0.0877	0.0873	0.043	0.1307	0.1042	0.0291	0.2183	0.1358
190	0.0899	0.3957	0.0738	0.0581	0.0866	0.0571	0.0878	0.0874	0.0429	0.1306	0.1042	0.029	0.2179	0.1357
191	0.0887	0.3926	0.0738	0.0581	0.0865	0.0572	0.0878	0.0873	0.0429	0.1308	0.1041	0.0291	0.2185	0.1358
192	0.09	0.3886	0.074	0.0584	0.0866	0.0571	0.0877	0.0873	0.0429	0.1309	0.1042	0.0291	0.2185	0.1358
193	0.0885	0.3892	0.0738	0.0583	0.0865	0.0571	0.0878	0.0872	0.043	0.131	0.1042	0.0291	0.2186	0.1358
194	0.0879	0.3973	0.0739	0.0582	0.0865	0.0571	0.0878	0.0872	0.043	0.1308	0.1041	0.0291	0.2185	0.1358
195	0.0878	0.3956	0.074	0.0582	0.0864	0.057	0.088	0.0872	0.043	0.131	0.1041	0.0291	0.2185	0.1357
196	0.0876	0.3849	0.0743	0.0584	0.0867	0.0571	0.088	0.0873	0.043	0.1309	0.1042	0.029	0.2179	0.1357
197	0.0872	0.3947	0.0746	0.0586	0.087	0.0572	0.0883	0.0875	0.043	0.1312	0.1043	0.0291	0.2181	0.1358
198	0.0868	0.3897	0.0746	0.0585	0.0869	0.0572	0.0884	0.0875	0.0431	0.1313	0.1044	0.0291	0.2182	0.1358
199	0.0864	0.3959	0.0743	0.0583	0.0867	0.0573	0.0886	0.0875	0.0432	0.1315	0.1044	0.0291	0.2184	0.1358
200	0.0869	0.3921	0.0743	0.0583	0.0869	0.0574	0.0887	0.0877	0.0432	0.1317	0.1046	0.0291	0.2188	0.1361
201	0.0868	0.3951	0.0745	0.0585	0.0872	0.0573	0.0885	0.0878	0.0431	0.1315	0.1047	0.0291	0.2189	0.1363
202	0.0855	0.3898	0.0748	0.0586	0.0874	0.0573	0.0886	0.0879	0.0432	0.1315	0.1048	0.0291	0.2188	0.1364
203	0.0855	0.3939	0.0746	0.0584	0.0873	0.0573	0.0886	0.0879	0.0431	0.1317	0.1048	0.0291	0.2188	0.1364
204	0.0843	0.3966	0.0747	0.0585	0.0874	0.0575	0.0888	0.0881	0.0431	0.1316	0.1049	0.0292	0.2191	0.1366
205	0.0849	0.3907	0.0748	0.0586	0.0873	0.0574	0.0886	0.0879	0.0432	0.1316	0.1048	0.0292	0.2189	0.1363
206	0.0841	0.3899	0.0749	0.0588	0.0874	0.0574	0.0886	0.0879	0.0432	0.1316	0.1049	0.0292	0.2189	0.1364
207	0.0836	0.3923	0.0746	0.0586	0.0872	0.0574	0.0888	0.0879	0.0432	0.1316	0.1048	0.0292	0.2193	0.1365
208	0.0837	0.3965	0.0747	0.0586	0.0873	0.0575	0.089	0.088	0.0433	0.1318	0.1049	0.0292	0.2194	0.1365
209	0.0839	0.3952	0.0747	0.0586	0.0873	0.0576	0.0891	0.0881	0.0433	0.1321	0.105	0.0292	0.2193	0.1365
210	0.0833	0.3903	0.0747	0.0585	0.0873	0.0576	0.0889	0.088	0.0433	0.1321	0.105	0.0292	0.2194	0.1365
211	0.0824	0.3874	0.0747	0.0586	0.0873	0.0577	0.089	0.0881	0.0433	0.132	0.105	0.0292	0.2194	0.1366
212	0.0835	0.3923	0.0748	0.0586	0.0873	0.0577	0.0893	0.0882	0.0434	0.1321	0.1051	0.0292	0.2194	0.1366
213	0.0819	0.3883	0.0748	0.0587	0.0872	0.0576	0.0889	0.0879	0.0434	0.1322	0.105	0.0292	0.2194	0.1365
214	0.0811	0.3925	0.0749	0.0588	0.0872	0.0575	0.0889	0.0879	0.0434	0.1324	0.105	0.0292	0.2195	0.1365
215	0.0817	0.3955	0.0748	0.0586	0.0872	0.0576	0.0889	0.0879	0.0434	0.1324	0.105	0.0292	0.2195	0.1365
216	0.0819	0.3883	0.0749	0.0588	0.0873	0.0576	0.0891	0.0881	0.0434	0.1324	0.1051	0.0292	0.2197	0.1366
217	0.0819	0.3853	0.0751	0.059	0.0874	0.0575	0.089	0.088	0.0434	0.1324	0.1051	0.0292	0.2198	0.1366
218	0.0811	0.3936	0.0751	0.059	0.0876	0.0576	0.0889	0.0881	0.0434	0.1325	0.1053	0.0292	0.2198	0.1368
219	0.0801	0.3925	0.075	0.0589	0.0877	0.0577	0.0891	0.0884	0.0435	0.1329	0.1056	0.0292	0.22	0.1371
220	0.081	0.3875	0.0753	0.059	0.0879	0.0577	0.0893	0.0884	0.0436	0.1331	0.1057	0.0292	0.2199	0.1371
221	0.0795	0.3876	0.0753	0.059	0.0879	0.0578	0.0893	0.0885	0.0437	0.1333	0.1059	0.0292	0.22	0.1371
222	0.0795	0.395	0.0755	0.0592	0.0882	0.0579	0.0895	0.0888	0.0437	0.133	0.106	0.0292	0.2194	0.1372
223	0.0801	0.3898	0.0752	0.0591	0.0882	0.0579	0.0898	0.0889	0.0436	0.133	0.106	0.0292	0.2197	0.1373
224	0.0797	0.3932	0.0751	0.0591	0.0882	0.0581	0.0899	0.0891	0.0437	0.1332	0.1062	0.0292	0.2199	0.1374
225	0.0794	0.3888	0.0752	0.0591	0.0882	0.0581	0.0901	0.0891	0.0437	0.1334	0.1062	0.0292	0.2199	0.1374
226	0.0787	0.4008	0.0751	0.0591	0.0882	0.0581	0.0901	0.0892	0.0437	0.1334	0.1062	0.0292	0.22	0.1375
227	0.079	0.3912	0.0751	0.0591	0.0882	0.0582	0.0902	0.0892	0.0436	0.1332	0.1062	0.0293	0.22	0.1376
228	0.0778	0.3853	0.0752	0.0592	0.0884	0.0582	0.0902	0.0894	0.0436	0.1333	0.1064	0.0293	0.2199	0.1377
229	0.0769	0.3927	0.0751	0.0592	0.0883	0.0582	0.0903	0.0894	0.0436	0.133	0.1062	0.0293	0.2202	0.1377
230	0.078	0.3889	0.0751	0.0592	0.0881	0.0583	0.0907	0.0894	0.0436	0.1331	0.1061	0.0293	0.2205	0.1377
231	0.0776	0.3936	0.0752	0.0592	0.0882	0.0582	0.0906	0.0893	0.0435	0.133	0.1061	0.0293	0.2205	0.1377
232	0.0781	0.3903	0.0754	0.0594	0.0882	0.0584	0.091	0.0894	0.0436	0.1332	0.1061	0.0293	0.2208	0.1377
233	0.0786	0.3967	0.0752	0.0592	0.0881	0.0582	0.0908	0.0893	0.0436	0.1334	0.1062	0.0293	0.2207	0.1377
234	0.0775	0.3979	0.0754	0.0593	0.0881	0.0582	0.0907	0.0892	0.0437	0.1336	0.1062	0.0293	0.2209	0.1377
235	0.0776	0.3894	0.0758	0.0595	0.0884	0.0582	0.0905	0.0892	0.0436	0.1335	0.1062	0.0293	0.2209	0.1378
236	0.0763	0.3929	0.0756	0.0594	0.0881	0.0581	0.0903	0.089	0.0437	0.1337	0.1061	0.0294	0.2213	0.1378
237	0.0765	0.3905	0.0756	0.0595	0.0882	0.0581	0.0903	0.089	0.0437	0.1338	0.1062	0.0293	0.2211	0.1378
238	0.0766	0.3919	0.0759	0.0597	0.0885	0.0581	0.0902	0.0891	0.0438	0.1341	0.1064	0.0293	0.2209	0.1377
239	0.077	0.3921	0.0761	0.0598	0.0886	0.0581	0.0903	0.0891	0.0438	0.134	0.1064	0.0293	0.2208	0.1378
240	0.0765	0.389	0.0758	0.0597	0.0885	0.0581	0.0904	0.0892	0.0438	0.1343	0.1065	0.0293	0.2209	0.1378
241	0.0758	0.3957	0.0758	0.0595	0.0884	0.0582	0.0904	0.0893	0.0439	0.1343	0.1066	0.0294	0.2212	0.1379
242	0.0763	0.3919	0.0756	0.0594	0.0883	0.0583	0.0906	0.0894	0.0438	0.1341	0.1065	0.0293	0.2209	0.1378
243	0.0754	0.3949	0.0757	0.0594	0.0885	0.0583	0.0907	0.0894	0.0439	0.1345	0.1067	0.0293	0.221	0.1379
244	0.0752	0.3929	0.0758	0.0594	0.0886	0.0584	0.0908	0.0896	0.044	0.1347	0.1069	0.0293	0.2212	0.1381
245	0.0754	0.3878	0.0758	0.0595	0.0886	0.0584	0.091	0.0896	0.0439	0.1346	0.1068	0.0294	0.2211	0.1381
246	0.0755	0.388	0.0758	0.0598	0.0886	0.0584	0.0909	0.0896	0.044	0.1346	0.1069	0.0293	0.2211	0.1381
247	0.0755	0.3901	0.0756	0.0599	0.0885	0.0583	0.0908	0.0895	0.044	0.1349	0.1069	0.0294	0.2213	0.1381
248	0.0743	0.3918	0.0758	0.0601	0.0887	0.0584	0.0909	0.0896	0.044	0.1351	0.107	0.0293	0.2213	0.1381
249	0.0746	0.391	0.076	0.0601	0.0887	0.0584	0.0908	0.0895	0.044	0.1351	0.107	0.0294	0.2214	0.1381
250	0.075	0.3883	0.0759	0.0602	0.0886	0.0584	0.0908	0.0895	0.0439	0.135	0.1069	0.0294	0.2214	0.1381
251	0.0746	0.3977	0.076	0.0603	0.0887	0.0584	0.0909	0.0895	0.0439	0.1349	0.1068	0.0294	0.2215	0.1382
252	0.0729	0.391	0.0759	0.0604	0.0887	0.0585	0.0912	0.0897	0.0439	0.1349	0.1068	0.0294	0.2214	0.1381
253	0.0743	0.3914	0.0757	0.0604	0.0885	0.0585	0.0912	0.0896	0.0439	0.1349	0.1067	0.0294	0.2217	0.1381
254	0.0738	0.3894	0.0756	0.0602	0.0884	0.0585	0.0912	0.0896	0.0439	0.1349	0.1067	0.0294	0.2215	0.1381
255	0.0732	0.3894	0.0755	0.0602	0.0883	0.0584	0.0911	0.0895	0.0439	0.1353	0.1069	0.0294	0.2219	0.1382
256	0.0734	0.3913	0.0756	0.0602	0.0886	0.0586	0.0914	0.0898	0.044	0.1355	0.1071	0.0294	0.222	0.1384
257	0.0736	0.3926	0.0756	0.0601	0.0886	0.0589	0.0916	0.09	0.044	0.1355	0.1071	0.0294	0.2223	0.1385
258	0.0729	0.3925	0.0758	0.0604	0.0887	0.0588	0.0913	0.0899	0.0441	0.1356	0.1072	0.0294	0.2224	0.1385
259	0.0729	0.3886	0.0759	0.0605	0.0888	0.0589	0.0914	0.09	0.0441	0.1354	0.1072	0.0294	0.2221	0.1385
260	0.0731	0.3975	0.0758	0.0605	0.0887	0.059	0.0915	0.09	0.044	0.1353	0.107	0.0295	0.2223	0.1384
261	0.0734	0.3966	0.0759	0.0605	0.0887	0.059	0.0914	0.0899	0.0441	0.1355	0.1071	0.0295	0.2224	0.1385
262	0.073	0.3938	0.0762	0.0607	0.0889	0.0592	0.0915	0.0901	0.0442	0.1358	0.1073	0.0295	0.2227	0.1386
263	0.0728	0.3897	0.0761	0.0607	0.0889	0.0591	0.0916	0.0901	0.0442	0.1356	0.1073	0.0295	0.2229	0.1387
264	0.0732	0.3895	0.0762	0.0608	0.0889	0.059	0.0914	0.0899	0.0443	0.1359	0.1073	0.0295	0.2229	0.1386
265	0.0726	0.3923	0.0759	0.0607	0.0887	0.059	0.0914	0.0898	0.0443	0.1361	0.1073	0.0295	0.2228	0.1385
266	0.0726	0.3918	0.0758	0.0606	0.0886	0.0591	0.0914	0.0899	0.0443	0.1361	0.1073	0.0295	0.2228	0.1385
267	0.0724	0.3867	0.0758	0.0608	0.0886	0.0591	0.0914	0.0899	0.0442	0.1359	0.1072	0.0295	0.2229	0.1385
268	0.0715	0.3875	0.0758	0.0606	0.0885	0.0592	0.0915	0.0899	0.0443	0.136	0.1072	0.0295	0.2229	0.1385
269	0.0722	0.3951	0.0758	0.0606	0.0885	0.0592	0.0915	0.0899	0.0442	0.1357	0.1071	0.0295	0.2229	0.1385
270	0.072	0.3903	0.0756	0.0605	0.0885	0.0591	0.0915	0.0899	0.0442	0.1357	0.1072	0.0295	0.2228	0.1385
271	0.0713	0.3937	0.0758	0.0605	0.0886	0.0591	0.0915	0.09	0.0443	0.1358	0.1072	0.0295	0.2228	0.1386
272	0.0722	0.3946	0.0763	0.061	0.089	0.0591	0.0915	0.09	0.0442	0.1358	0.1073	0.0295	0.2223	0.1385
273	0.0717	0.3891	0.0761	0.0609	0.0888	0.059	0.0913	0.0899	0.0443	0.1358	0.1072	0.0295	0.2224	0.1385
274	0.0709	0.3879	0.0759	0.0607	0.0888	0.0589	0.0913	0.0899	0.0443	0.1359	0.1073	0.0295	0.2227	0.1386
275	0.0716	0.3896	0.076	0.0608	0.0888	0.059	0.0914	0.0899	0.0442	0.1358	0.1072	0.0294	0.2223	0.1385
276	0.0708	0.3821	0.0763	0.0612	0.0891	0.059	0.0914	0.09	0.0442	0.1358	0.1073	0.0295	0.2225	0.1386
277	0.0711	0.3922	0.0763	0.0612	0.0892	0.0591	0.0916	0.0901	0.0442	0.1359	0.1074	0.0295	0.2224	0.1387
278	0.0708	0.3931	0.0766	0.0614	0.0895	0.059	0.0913	0.0901	0.0443	0.1361	0.1076	0.0295	0.2223	0.1387
279	0.0706	0.397	0.0765	0.0613	0.0895	0.0591	0.0915	0.0902	0.0442	0.1359	0.1075	0.0294	0.2224	0.1388
280	0.0701	0.3892	0.0765	0.0614	0.0895	0.0592	0.0919	0.0904	0.0442	0.1361	0.1076	0.0295	0.223	0.139
281	0.0707	0.3951	0.0765	0.0613	0.0895	0.0592	0.0918	0.0904	0.0442	0.1361	0.1076	0.0295	0.2231	0.139
282	0.0705	0.3939	0.0763	0.0611	0.0893	0.0591	0.0917	0.0902	0.0442	0.1361	0.1076	0.0295	0.223	0.1389
283	0.0703	0.381	0.0765	0.0613	0.0895	0.0592	0.0917	0.0904	0.0442	0.136	0.1076	0.0295	0.2231	0.1391
284	0.0696	0.3899	0.0764	0.0611	0.0894	0.0592	0.0919	0.0905	0.0442	0.136	0.1077	0.0295	0.2232	0.1391
285	0.0705	0.3912	0.0763	0.0611	0.0894	0.0593	0.0921	0.0906	0.0442	0.136	0.1077	0.0295	0.2233	0.1391
286	0.0701	0.3903	0.0765	0.0613	0.0897	0.0592	0.0919	0.0906	0.0443	0.1362	0.1079	0.0295	0.2233	0.1393
287	0.0702	0.3961	0.0765	0.0615	0.0897	0.0595	0.0923	0.0908	0.0444	0.1367	0.1081	0.0295	0.2232	0.1392
288	0.0704	0.3909	0.0764	0.0614	0.0896	0.0595	0.0923	0.0908	0.0443	0.1362	0.1079	0.0295	0.2234	0.1393
289	0.07	0.3899	0.0766	0.0615	0.0899	0.0593	0.0921	0.0908	0.0443	0.1364	0.1081	0.0295	0.2233	0.1394
290	0.0695	0.3936	0.0766	0.0615	0.0899	0.0594	0.0922	0.0908	0.0443	0.1364	0.1081	0.0295	0.2232	0.1393
291	0.0704	0.3852	0.0766	0.0615	0.0899	0.0595	0.0923	0.0909	0.0444	0.1366	0.1082	0.0295	0.2229	0.1393
292	0.0693	0.3968	0.0769	0.0617	0.0901	0.0596	0.0925	0.0911	0.0443	0.1367	0.1082	0.0295	0.223	0.1394
293	0.07	0.3937	0.077	0.0617	0.0902	0.0595	0.0924	0.091	0.0444	0.1369	0.1083	0.0294	0.223	0.1394
294	0.0703	0.3909	0.0769	0.0617	0.0901	0.0596	0.0926	0.0911	0.0444	0.1368	0.1083	0.0294	0.2231	0.1394
295	0.0694	0.3923	0.0769	0.0616	0.09	0.0595	0.0925	0.0909	0.0444	0.1367	0.1081	0.0294	0.2229	0.1392
296	0.0689	0.3988	0.0769	0.0616	0.09	0.0595	0.0923	0.0908	0.0444	0.137	0.1082	0.0294	0.2227	0.1392
297	0.0698	0.3859	0.0767	0.0615	0.0899	0.0596	0.0926	0.091	0.0444	0.137	0.1083	0.0294	0.2228	0.1392
298	0.0689	0.387	0.0768	0.0615	0.09	0.0595	0.0924	0.091	0.0444	0.137	0.1083	0.0294	0.2228	0.1393
299	0.0688	0.3911	0.077	0.0617	0.0902	0.0594	0.0924	0.0909	0.0444	0.1369	0.1083	0.0295	0.2231	0.1394
300	0.0693	0.3925	0.0768	0.0615	0.0899	0.0595	0.0924	0.0909	0.0444	0.1369	0.1082	0.0295	0.2232	0.1393
301	0.0686	0.3918	0.0769	0.0617	0.0901	0.0594	0.0923	0.0909	0.0445	0.1372	0.1084	0.0295	0.223	0.1393
302	0.0683	0.3885	0.0766	0.0614	0.09	0.0595	0.0924	0.091	0.0445	0.1372	0.1085	0.0295	0.2231	0.1395
303	0.0689	0.3939	0.0765	0.0614	0.0899	0.0594	0.0924	0.091	0.0445	0.1372	0.1084	0.0295	0.2232	0.1395
304	0.0689	0.395	0.0766	0.0615	0.09	0.0594	0.0922	0.091	0.0445	0.1377	0.1086	0.0295	0.223	0.1395
305	0.069	0.3921	0.0765	0.0614	0.09	0.0594	0.0923	0.0911	0.0445	0.1377	0.1087	0.0295	0.2232	0.1396
306	0.0686	0.3882	0.0766	0.0614	0.09	0.0593	0.0921	0.0909	0.0445	0.1378	0.1087	0.0295	0.2237	0.1397
307	0.0686	0.3962	0.0765	0.0613	0.0899	0.0595	0.0923	0.091	0.0445	0.1379	0.1087	0.0296	0.2241	0.1398
308	0.0679	0.3859	0.0766	0.0614	0.09	0.0596	0.0925	0.0912	0.0446	0.138	0.1088	0.0296	0.2241	0.1399
309	0.0679	0.3897	0.0769	0.0615	0.0902	0.0596	0.0925	0.0912	0.0446	0.138	0.1088	0.0295	0.2239	0.1398
310	0.0686	0.3913	0.0771	0.0617	0.0904	0.0596	0.0925	0.0912	0.0446	0.138	0.1089	0.0295	0.2236	0.1398
311	0.068	0.3942	0.0771	0.0618	0.0904	0.0596	0.0925	0.0913	0.0446	0.1381	0.109	0.0295	0.2236	0.1398
312	0.0674	0.3939	0.0771	0.0618	0.0904	0.0596	0.0925	0.0912	0.0446	0.1383	0.1089	0.0295	0.2238	0.1398
313	0.0682	0.3888	0.077	0.0618	0.0903	0.0597	0.0926	0.0913	0.0447	0.1386	0.1091	0.0295	0.2241	0.1398
314	0.0676	0.3929	0.0771	0.0618	0.0905	0.0597	0.0927	0.0915	0.0447	0.1386	0.1092	0.0295	0.2241	0.14
315	0.068	0.3954	0.0772	0.0619	0.0905	0.0598	0.0929	0.0915	0.0447	0.1386	0.1092	0.0295	0.224	0.1399
316	0.0673	0.3902	0.0773	0.0619	0.0905	0.0596	0.0927	0.0914	0.0448	0.1389	0.1093	0.0295	0.2244	0.1401
317	0.0682	0.3967	0.0773	0.0619	0.0904	0.0595	0.0926	0.0912	0.0447	0.1385	0.1091	0.0295	0.224	0.1399
318	0.0674	0.3941	0.0772	0.0619	0.0904	0.0596	0.0928	0.0913	0.0447	0.1384	0.1091	0.0295	0.2243	0.14
319	0.0675	0.3909	0.0773	0.062	0.0905	0.0597	0.0929	0.0914	0.0447	0.1385	0.1091	0.0295	0.2245	0.14
320	0.0673	0.3922	0.0772	0.0619	0.0903	0.0597	0.0929	0.0913	0.0447	0.1384	0.109	0.0296	0.2247	0.1401
321	0.0679	0.398	0.0774	0.062	0.0906	0.0596	0.0927	0.0914	0.0447	0.1387	0.1092	0.0295	0.2243	0.1401
322	0.0672	0.3924	0.0774	0.062	0.0906	0.0597	0.0928	0.0914	0.0447	0.1385	0.1091	0.0295	0.2243	0.14
323	0.0668	0.3922	0.0774	0.062	0.0905	0.0597	0.0929	0.0914	0.0447	0.1384	0.1091	0.0295	0.2243	0.14
324	0.0671	0.388	0.0773	0.0618	0.0904	0.0597	0.0929	0.0914	0.0446	0.1383	0.109	0.0295	0.2242	0.1399
325	0.0666	0.392	0.0774	0.0619	0.0905	0.0597	0.0929	0.0915	0.0447	0.1384	0.1091	0.0295	0.2246	0.1401
326	0.0668	0.3927	0.0773	0.0619	0.0905	0.0597	0.0929	0.0915	0.0447	0.1386	0.1092	0.0295	0.2245	0.1401
327	0.0673	0.3882	0.0773	0.0619	0.0906	0.0597	0.0931	0.0916	0.0447	0.1384	0.1092	0.0295	0.2247	0.1402
328	0.0669	0.3893	0.0772	0.0618	0.0906	0.0596	0.093	0.0915	0.0447	0.1384	0.1092	0.0295	0.2245	0.1402
329	0.0671	0.3921	0.0773	0.0619	0.0908	0.0596	0.0928	0.0916	0.0446	0.1382	0.1093	0.0295	0.2244	0.1403
330	0.0668	0.3961	0.0778	0.0622	0.0911	0.0596	0.0929	0.0917	0.0447	0.1382	0.1094	0.0295	0.2243	0.1403
331	0.0667	0.3921	0.0779	0.0623	0.0912	0.0596	0.0931	0.0918	0.0447	0.1384	0.1095	0.0295	0.2244	0.1404
332	0.0669	0.3921	0.0779	0.0623	0.0912	0.0595	0.093	0.0917	0.0446	0.1383	0.1094	0.0294	0.224	0.1402
333	0.0664	0.3944	0.0778	0.0621	0.091	0.0595	0.0929	0.0916	0.0446	0.1383	0.1093	0.0295	0.2243	0.1402
334	0.0664	0.3879	0.0779	0.0623	0.0911	0.0595	0.0928	0.0916	0.0446	0.1383	0.1094	0.0294	0.2241	0.1402
335	0.0669	0.3972	0.0781	0.0624	0.0914	0.0595	0.0929	0.0918	0.0446	0.1382	0.1094	0.0294	0.2241	0.1403
336	0.0665	0.3966	0.0777	0.062	0.091	0.0596	0.093	0.0917	0.0447	0.1385	0.1095	0.0294	0.2236	0.1401
337	0.0669	0.3956	0.0776	0.0619	0.0908	0.0594	0.0929	0.0915	0.0446	0.1383	0.1093	0.0294	0.2239	0.1401
338	0.0665	0.3908	0.0776	0.062	0.091	0.0596	0.0931	0.0917	0.0446	0.1383	0.1093	0.0295	0.224	0.1402
339	0.0665	0.3894	0.0776	0.062	0.0911	0.0596	0.0932	0.0918	0.0446	0.1385	0.1094	0.0294	0.2242	0.1403
340	0.0662	0.3898	0.0774	0.062	0.091	0.0596	0.0932	0.0919	0.0445	0.1382	0.1094	0.0295	0.2246	0.1405
341	0.0661	0.3941	0.0773	0.0619	0.0909	0.0597	0.0933	0.0919	0.0446	0.1384	0.1094	0.0295	0.2246	0.1405
342	0.0673	0.3945	0.0774	0.0619	0.0911	0.0597	0.0931	0.092	0.0446	0.1386	0.1096	0.0295	0.2247	0.1406
343	0.0663	0.3906	0.0777	0.0619	0.0912	0.0598	0.0935	0.0922	0.0446	0.1386	0.1097	0.0295	0.2247	0.1407
344	0.066	0.3944	0.0777	0.0619	0.0912	0.0599	0.0936	0.0922	0.0446	0.1382	0.1096	0.0295	0.2248	0.1407
345	0.0664	0.3901	0.0774	0.0618	0.091	0.0599	0.0938	0.0922	0.0446	0.1383	0.1096	0.0295	0.2248	0.1407
346	0.0657	0.386	0.0773	0.0617	0.0909	0.0599	0.0938	0.0922	0.0446	0.1385	0.1097	0.0295	0.2249	0.1408
347	0.0664	0.3933	0.0772	0.0616	0.0908	0.0601	0.0941	0.0924	0.0446	0.1386	0.1096	0.0296	0.2249	0.1407
348	0.0665	0.3925	0.077	0.0616	0.0909	0.0601	0.094	0.0925	0.0447	0.1391	0.11	0.0296	0.2256	0.141
349	0.0652	0.3919	0.0771	0.0615	0.0908	0.06	0.0939	0.0923	0.0447	0.1391	0.1099	0.0296	0.2256	0.141
350	0.066	0.3905	0.0772	0.0615	0.0909	0.0599	0.0938	0.0924	0.0447	0.139	0.11	0.0295	0.2255	0.141
351	0.066	0.3889	0.0771	0.0615	0.0909	0.0601	0.0938	0.0924	0.0447	0.1391	0.11	0.0295	0.2254	0.1409
352	0.0662	0.3934	0.0772	0.0615	0.091	0.06	0.0939	0.0924	0.0448	0.1393	0.1101	0.0295	0.225	0.1409
353	0.0657	0.3919	0.0774	0.0619	0.0911	0.0601	0.094	0.0924	0.0448	0.1394	0.11	0.0295	0.2249	0.1407
354	0.066	0.3947	0.0775	0.0619	0.0911	0.0602	0.0941	0.0925	0.0449	0.1395	0.1102	0.0295	0.2249	0.1408
355	0.0654	0.3942	0.0776	0.0619	0.0912	0.0602	0.0942	0.0926	0.0449	0.1396	0.1103	0.0295	0.2253	0.141
356	0.0662	0.3967	0.0774	0.0619	0.0911	0.0603	0.0941	0.0926	0.045	0.1395	0.1102	0.0296	0.2255	0.141
357	0.0655	0.394	0.0773	0.0617	0.091	0.0603	0.0939	0.0925	0.0449	0.1393	0.1102	0.0296	0.2255	0.141
358	0.0658	0.3908	0.0773	0.0617	0.091	0.0601	0.0937	0.0924	0.0449	0.1395	0.1102	0.0296	0.2257	0.141
359	0.0656	0.3981	0.0774	0.0618	0.0911	0.0601	0.0937	0.0924	0.045	0.1396	0.1102	0.0296	0.2258	0.1411
360	0.0655	0.3985	0.0775	0.0618	0.0913	0.0603	0.0942	0.0927	0.045	0.1395	0.1103	0.0296	0.2258	0.1412
361	0.0659	0.3925	0.0774	0.0618	0.0912	0.0604	0.0944	0.0928	0.045	0.1397	0.1104	0.0296	0.2258	0.1413
362	0.0655	0.4017	0.0775	0.0619	0.0913	0.0604	0.0944	0.0928	0.0451	0.1398	0.1105	0.0296	0.2257	0.1413
363	0.0654	0.3935	0.0776	0.0619	0.0912	0.0605	0.0945	0.0928	0.045	0.1398	0.1104	0.0296	0.2259	0.1413
364	0.0657	0.3967	0.0776	0.0619	0.0913	0.0606	0.0945	0.0929	0.045	0.1397	0.1105	0.0296	0.2259	0.1413
365	0.0656	0.3921	0.0778	0.0621	0.0914	0.0606	0.0946	0.093	0.045	0.1396	0.1104	0.0296	0.2257	0.1413
366	0.0648	0.3888	0.0777	0.062	0.0912	0.0605	0.0943	0.0927	0.045	0.1395	0.1102	0.0296	0.2256	0.1411
367	0.0651	0.389	0.0777	0.062	0.0912	0.0605	0.0942	0.0927	0.0449	0.1392	0.1101	0.0295	0.2254	0.141
368	0.065	0.3972	0.0778	0.0621	0.0913	0.0606	0.0945	0.0929	0.045	0.1392	0.1102	0.0296	0.226	0.1413
369	0.0654	0.3969	0.0774	0.0619	0.091	0.0606	0.0946	0.0928	0.045	0.1392	0.1101	0.0296	0.2257	0.1411
370	0.0646	0.3914	0.0775	0.0619	0.091	0.0605	0.0944	0.0926	0.045	0.1393	0.1101	0.0296	0.2256	0.1411
371	0.065	0.3958	0.0776	0.0619	0.0911	0.0605	0.0944	0.0928	0.045	0.1394	0.1102	0.0296	0.2254	0.1411
372	0.0656	0.3908	0.0777	0.062	0.0913	0.0605	0.0945	0.0929	0.045	0.1396	0.1104	0.0296	0.2249	0.1412
373	0.0655	0.3945	0.0776	0.0621	0.0912	0.0605	0.0945	0.0929	0.0451	0.1397	0.1104	0.0295	0.225	0.1411
374	0.0653	0.3941	0.0778	0.0622	0.0916	0.0605	0.0944	0.093	0.045	0.1398	0.1106	0.0295	0.2251	0.1413
375	0.0648	0.3953	0.0777	0.0622	0.0915	0.0606	0.0945	0.0931	0.045	0.1396	0.1106	0.0296	0.2254	0.1414
376	0.0647	0.3955	0.0778	0.0623	0.0916	0.0605	0.0945	0.0931	0.045	0.1395	0.1106	0.0296	0.2252	0.1414
377	0.0649	0.388	0.0777	0.0622	0.0915	0.0605	0.0942	0.0929	0.045	0.1396	0.1105	0.0296	0.2251	0.1413
378	0.0651	0.3986	0.0778	0.0624	0.0916	0.0607	0.0947	0.0932	0.0451	0.14	0.1107	0.0295	0.225	0.1413
379	0.0651	0.394	0.0779	0.0625	0.0918	0.0607	0.0947	0.0933	0.0451	0.1401	0.1108	0.0295	0.2249	0.1414
380	0.0649	0.4014	0.0775	0.0622	0.0915	0.0607	0.0948	0.0933	0.045	0.1396	0.1107	0.0295	0.2248	0.1414
381	0.0649	0.3942	0.0776	0.0622	0.0916	0.0607	0.0949	0.0933	0.045	0.1396	0.1107	0.0295	0.2249	0.1414
382	0.0648	0.3931	0.0778	0.0622	0.0916	0.0607	0.0949	0.0933	0.045	0.1398	0.1107	0.0295	0.2247	0.1413
383	0.0653	0.394	0.0777	0.0623	0.0916	0.0606	0.0948	0.0932	0.045	0.1399	0.1107	0.0295	0.2248	0.1414
384	0.0645	0.3973	0.0777	0.0623	0.0917	0.0606	0.0948	0.0933	0.045	0.1393	0.1107	0.0295	0.2249	0.1414
385	0.0647	0.3936	0.0776	0.0623	0.0916	0.0606	0.0945	0.0932	0.0451	0.1396	0.1107	0.0295	0.2249	0.1415
386	0.0649	0.3968	0.0775	0.0621	0.0914	0.0606	0.0944	0.0931	0.045	0.1394	0.1106	0.0296	0.2251	0.1414
387	0.0644	0.3881	0.0774	0.0621	0.0914	0.0607	0.0947	0.0933	0.045	0.1396	0.1107	0.0296	0.2256	0.1417
388	0.065	0.3945	0.0775	0.0623	0.0917	0.0607	0.0946	0.0934	0.045	0.1397	0.1109	0.0296	0.2257	0.1418
389	0.064	0.386	0.0777	0.0623	0.0918	0.0607	0.0947	0.0934	0.0452	0.1401	0.111	0.0296	0.2254	0.1417
390	0.0646	0.3903	0.0777	0.0622	0.0917	0.0607	0.0948	0.0933	0.0452	0.1401	0.111	0.0296	0.2253	0.1416
391	0.0646	0.3897	0.0774	0.0622	0.0916	0.0608	0.0951	0.0935	0.0452	0.1403	0.1111	0.0296	0.2256	0.1417
392	0.0643	0.393	0.0775	0.0623	0.0915	0.0607	0.0951	0.0933	0.0453	0.1406	0.111	0.0296	0.2253	0.1415
393	0.0648	0.3898	0.0775	0.0623	0.0915	0.0606	0.0951	0.0932	0.0452	0.1404	0.1109	0.0296	0.2252	0.1414
394	0.0646	0.3912	0.0772	0.0619	0.0911	0.0605	0.095	0.0931	0.0452	0.1403	0.1108	0.0296	0.2253	0.1414
395	0.0645	0.3973	0.0771	0.0618	0.0912	0.0605	0.095	0.0932	0.0452	0.1404	0.111	0.0295	0.2249	0.1414
396	0.065	0.3939	0.0772	0.0618	0.0912	0.0605	0.0952	0.0932	0.0452	0.1403	0.1109	0.0295	0.2249	0.1413
397	0.0645	0.3924	0.0774	0.0618	0.0913	0.0604	0.0949	0.0932	0.0451	0.1405	0.1109	0.0296	0.225	0.1414
398	0.0643	0.3895	0.0773	0.0618	0.0913	0.0606	0.0953	0.0934	0.0452	0.141	0.1111	0.0296	0.2252	0.1415
399	0.064	0.3883	0.0775	0.0621	0.0915	0.0606	0.0954	0.0935	0.0451	0.1408	0.1111	0.0295	0.2251	0.1415
400	0.0642	0.3922	0.0774	0.062	0.0915	0.0606	0.0953	0.0934	0.045	0.1405	0.111	0.0295	0.2249	0.1414
401	0.0647	0.3919	0.0775	0.062	0.0915	0.0606	0.0953	0.0934	0.0451	0.1407	0.111	0.0295	0.2247	0.1414
402	0.0636	0.3894	0.0775	0.0621	0.0915	0.0606	0.0952	0.0934	0.0452	0.1408	0.1111	0.0295	0.2246	0.1413
403	0.0645	0.391	0.0776	0.0623	0.0916	0.0605	0.0952	0.0933	0.0451	0.1407	0.111	0.0295	0.2249	0.1414
404	0.0636	0.3981	0.0774	0.0621	0.0915	0.0605	0.0952	0.0933	0.0452	0.1408	0.1111	0.0295	0.2251	0.1415
405	0.0642	0.3924	0.0774	0.062	0.0915	0.0605	0.0951	0.0933	0.0452	0.1409	0.1112	0.0295	0.2252	0.1416
406	0.0644	0.3905	0.0775	0.0623	0.0916	0.0604	0.0951	0.0933	0.0451	0.1408	0.1111	0.0295	0.2251	0.1415
407	0.0639	0.3963	0.0775	0.0624	0.0916	0.0605	0.0953	0.0934	0.0451	0.1407	0.1111	0.0295	0.225	0.1416
408	0.0637	0.3956	0.0777	0.0627	0.0918	0.0606	0.0956	0.0936	0.0452	0.1409	0.1112	0.0295	0.2252	0.1416
409	0.064	0.3942	0.0777	0.0626	0.0919	0.0607	0.0956	0.0937	0.0452	0.1409	0.1112	0.0295	0.2252	0.1417
410	0.0638	0.3897	0.0774	0.0623	0.0916	0.0608	0.0957	0.0937	0.0452	0.1413	0.1113	0.0295	0.225	0.1415
411	0.0644	0.3879	0.0776	0.0626	0.0919	0.0608	0.0957	0.0938	0.0452	0.141	0.1114	0.0296	0.2252	0.1418
412	0.0638	0.3943	0.0774	0.0625	0.0917	0.0608	0.0956	0.0937	0.0451	0.1405	0.1111	0.0296	0.2254	0.1418
413	0.0639	0.3932	0.0774	0.0623	0.0916	0.0609	0.0957	0.0937	0.0451	0.1408	0.1112	0.0296	0.2252	0.1417
414	0.0638	0.3968	0.0774	0.062	0.0916	0.0608	0.0957	0.0937	0.0452	0.1408	0.1112	0.0295	0.225	0.1416
415	0.0647	0.397	0.0775	0.0625	0.0918	0.0608	0.0955	0.0937	0.0452	0.1409	0.1112	0.0296	0.2252	0.1417
416	0.064	0.396	0.0777	0.0624	0.0917	0.0608	0.0955	0.0935	0.0452	0.1409	0.1112	0.0296	0.2254	0.1417
417	0.0637	0.3926	0.0778	0.0625	0.0918	0.0607	0.0955	0.0936	0.0453	0.1409	0.1113	0.0296	0.2255	0.1417
418	0.0636	0.3983	0.0778	0.0625	0.0919	0.0608	0.0955	0.0937	0.0453	0.1411	0.1114	0.0296	0.2256	0.1418
419	0.064	0.3927	0.0781	0.0629	0.0923	0.0607	0.0956	0.0938	0.0454	0.1412	0.1116	0.0296	0.2256	0.1419
420	0.0635	0.3922	0.0781	0.0628	0.0923	0.0608	0.0957	0.0939	0.0453	0.1411	0.1116	0.0296	0.2258	0.1421
421	0.0639	0.3958	0.0782	0.0629	0.0924	0.0607	0.0955	0.0938	0.0453	0.141	0.1115	0.0296	0.2257	0.142
422	0.0635	0.3917	0.0781	0.0626	0.0922	0.0607	0.0956	0.0938	0.0453	0.1408	0.1114	0.0296	0.2255	0.142
423	0.0635	0.3904	0.0781	0.0626	0.0923	0.0607	0.0955	0.0938	0.0453	0.1406	0.1114	0.0296	0.2252	0.1419
424	0.0636	0.3998	0.0781	0.0626	0.0923	0.0608	0.0953	0.0938	0.0453	0.1407	0.1115	0.0296	0.2256	0.142
425	0.0636	0.388	0.0782	0.0627	0.0923	0.0608	0.0954	0.0938	0.0453	0.1409	0.1115	0.0296	0.2255	0.142
426	0.0634	0.3889	0.0781	0.0626	0.0923	0.0609	0.0954	0.0939	0.0453	0.1409	0.1116	0.0296	0.2254	0.142
427	0.0632	0.392	0.0779	0.0623	0.0921	0.0608	0.0955	0.0939	0.0453	0.1408	0.1115	0.0297	0.2256	0.1421
428	0.0639	0.3872	0.0777	0.0622	0.092	0.0607	0.0953	0.0937	0.0453	0.1409	0.1115	0.0296	0.2256	0.142
429	0.0634	0.3924	0.0778	0.0622	0.092	0.0607	0.0952	0.0937	0.0452	0.1406	0.1113	0.0296	0.2257	0.142
430	0.0638	0.3941	0.0781	0.0625	0.0922	0.0608	0.0953	0.0938	0.0452	0.1407	0.1114	0.0297	0.2259	0.1421
431	0.0635	0.3915	0.0781	0.0625	0.0922	0.0609	0.0955	0.0938	0.0452	0.1405	0.1113	0.0297	0.2259	0.1421
432	0.0639	0.3978	0.0781	0.0625	0.0922	0.0608	0.0955	0.0938	0.0452	0.1404	0.1114	0.0297	0.2258	0.1421
433	0.0632	0.3882	0.078	0.0626	0.0922	0.0607	0.0955	0.0938	0.0452	0.1407	0.1114	0.0296	0.2256	0.142
434	0.0636	0.3994	0.0781	0.0628	0.0923	0.0606	0.0953	0.0937	0.0452	0.1405	0.1113	0.0296	0.2255	0.142
435	0.0634	0.3935	0.078	0.0627	0.0923	0.0606	0.0952	0.0937	0.0452	0.1406	0.1114	0.0296	0.2256	0.142
436	0.0639	0.3951	0.0779	0.0625	0.0922	0.0606	0.0952	0.0937	0.0451	0.1404	0.1113	0.0296	0.225	0.1419
437	0.0633	0.4008	0.0779	0.0625	0.0922	0.0607	0.0955	0.0938	0.0451	0.1404	0.1113	0.0296	0.2252	0.1419
438	0.0632	0.3951	0.0778	0.0623	0.0922	0.0608	0.0956	0.094	0.0451	0.1406	0.1114	0.0296	0.2254	0.1421
439	0.0642	0.3932	0.0779	0.0624	0.0922	0.0609	0.0959	0.0941	0.0451	0.1407	0.1115	0.0296	0.2255	0.1421
440	0.063	0.399	0.0777	0.0623	0.0922	0.0609	0.0959	0.0941	0.0451	0.1405	0.1114	0.0296	0.2255	0.1421
441	0.0633	0.3931	0.0779	0.0625	0.0922	0.0607	0.0957	0.0939	0.0451	0.1403	0.1113	0.0296	0.2251	0.1419
442	0.0635	0.3939	0.0777	0.0624	0.092	0.0607	0.0954	0.0937	0.045	0.14	0.1111	0.0296	0.2253	0.1419
443	0.0631	0.394	0.0779	0.0626	0.0922	0.0608	0.0955	0.0939	0.0451	0.1403	0.1114	0.0295	0.2251	0.142
444	0.0635	0.3993	0.078	0.0627	0.0924	0.0608	0.0958	0.0941	0.045	0.1405	0.1114	0.0296	0.2251	0.142
445	0.0631	0.3951	0.078	0.0627	0.0924	0.061	0.0961	0.0943	0.045	0.1401	0.1114	0.0296	0.2254	0.1422
446	0.0629	0.3916	0.0779	0.0626	0.0923	0.0609	0.0959	0.0942	0.045	0.1405	0.1115	0.0296	0.2257	0.1423
447	0.063	0.3969	0.0781	0.0628	0.0926	0.0608	0.0957	0.0941	0.045	0.1404	0.1115	0.0296	0.2259	0.1424
448	0.0628	0.3914	0.0778	0.0626	0.0924	0.0608	0.0958	0.0941	0.045	0.1404	0.1115	0.0296	0.2258	0.1423
449	0.0635	0.3968	0.0777	0.0626	0.0922	0.0608	0.0956	0.094	0.0451	0.1408	0.1116	0.0296	0.2255	0.1422
450	0.0633	0.3945	0.0778	0.0627	0.0924	0.0609	0.0958	0.0942	0.0451	0.1407	0.1116	0.0296	0.2257	0.1423
451	0.0644	0.3956	0.0779	0.0628	0.0924	0.061	0.0959	0.0942	0.045	0.1409	0.1116	0.0296	0.2261	0.1423
452	0.0632	0.3917	0.0779	0.0627	0.0926	0.0611	0.0959	0.0944	0.045	0.1407	0.1117	0.0296	0.2259	0.1425
453	0.0634	0.3987	0.0778	0.0626	0.0924	0.061	0.096	0.0943	0.045	0.1409	0.1117	0.0296	0.226	0.1424
454	0.0632	0.3959	0.078	0.0627	0.0926	0.061	0.096	0.0944	0.0451	0.1411	0.1118	0.0296	0.2258	0.1425
455	0.0629	0.386	0.078	0.0627	0.0927	0.0611	0.096	0.0945	0.045	0.1409	0.1118	0.0296	0.2257	0.1425
456	0.0627	0.3892	0.0783	0.063	0.0928	0.0611	0.096	0.0944	0.0451	0.1412	0.1118	0.0296	0.2255	0.1424
457	0.0637	0.3903	0.0781	0.0629	0.0927	0.0611	0.096	0.0944	0.045	0.141	0.1118	0.0295	0.2253	0.1423
458	0.0629	0.4047	0.0784	0.0631	0.0928	0.0612	0.0961	0.0945	0.045	0.1411	0.1118	0.0295	0.2253	0.1423
459	0.0631	0.3967	0.0785	0.0631	0.0929	0.0611	0.0963	0.0945	0.0451	0.1411	0.1118	0.0295	0.2252	0.1423
460	0.0629	0.3886	0.0784	0.063	0.0927	0.0612	0.0965	0.0945	0.045	0.1408	0.1116	0.0295	0.225	0.1421
461	0.0631	0.4002	0.0782	0.0629	0.0926	0.0612	0.0965	0.0944	0.045	0.1406	0.1115	0.0295	0.2247	0.142
462	0.0634	0.3907	0.0781	0.0629	0.0926	0.0611	0.0963	0.0944	0.0449	0.1403	0.1114	0.0295	0.2247	0.142
463	0.0627	0.3961	0.0781	0.0628	0.0925	0.0611	0.0964	0.0944	0.045	0.1405	0.1115	0.0295	0.2247	0.142
464	0.0631	0.4048	0.0781	0.0629	0.0926	0.0612	0.0965	0.0945	0.045	0.1406	0.1115	0.0295	0.2249	0.1421
465	0.0623	0.3918	0.0781	0.0629	0.0927	0.0613	0.0965	0.0947	0.045	0.1407	0.1117	0.0295	0.2247	0.1421
466	0.0631	0.4006	0.0781	0.0629	0.0927	0.0613	0.0964	0.0945	0.045	0.1405	0.1116	0.0295	0.2246	0.142
467	0.0627	0.397	0.0781	0.0629	0.0926	0.0614	0.0968	0.0947	0.0451	0.1406	0.1116	0.0295	0.2246	0.142
468	0.0629	0.3945	0.0781	0.063	0.0926	0.0614	0.0969	0.0946	0.0451	0.1406	0.1116	0.0294	0.2244	0.1419
469	0.0634	0.398	0.0781	0.063	0.0926	0.0613	0.0969	0.0947	0.0451	0.1406	0.1116	0.0294	0.2243	0.1419
470	0.0626	0.3932	0.0781	0.0631	0.0926	0.0614	0.097	0.0947	0.0451	0.1407	0.1116	0.0295	0.2244	0.1419
471	0.0628	0.3942	0.078	0.0631	0.0925	0.0613	0.0969	0.0947	0.0451	0.1409	0.1117	0.0295	0.2246	0.142
472	0.0632	0.391	0.0781	0.0631	0.0926	0.0614	0.0971	0.0947	0.0451	0.1411	0.1117	0.0295	0.2251	0.1421
473	0.0624	0.3915	0.0784	0.0633	0.0929	0.0613	0.0969	0.0947	0.0451	0.1408	0.1117	0.0295	0.2251	0.1422
474	0.0627	0.395	0.0783	0.0632	0.0927	0.0613	0.0969	0.0946	0.0451	0.1407	0.1116	0.0295	0.2248	0.142
475	0.0629	0.3995	0.0783	0.0633	0.0927	0.0612	0.0969	0.0945	0.0451	0.1409	0.1116	0.0295	0.225	0.142
476	0.0623	0.3945	0.0781	0.0631	0.0925	0.0612	0.0967	0.0944	0.0451	0.141	0.1116	0.0295	0.2249	0.1419
477	0.0626	0.4002	0.0777	0.0627	0.092	0.0613	0.097	0.0944	0.0451	0.1409	0.1114	0.0295	0.2248	0.1418
478	0.0622	0.3957	0.0778	0.0629	0.0921	0.0614	0.0971	0.0944	0.0451	0.1409	0.1114	0.0295	0.225	0.1418
479	0.0632	0.3887	0.0778	0.0629	0.0921	0.0614	0.097	0.0944	0.0451	0.1407	0.1113	0.0295	0.2251	0.1418
480	0.0622	0.3983	0.0777	0.0627	0.092	0.0614	0.0969	0.0944	0.0451	0.1407	0.1113	0.0295	0.2249	0.1418
481	0.0628	0.3952	0.0777	0.0628	0.092	0.0613	0.0966	0.0942	0.0451	0.1411	0.1114	0.0295	0.225	0.1417
482	0.0622	0.3963	0.0775	0.0627	0.0918	0.0612	0.0965	0.0941	0.045	0.1409	0.1112	0.0295	0.2251	0.1417
483	0.0621	0.392	0.0777	0.0627	0.0921	0.0611	0.0962	0.0941	0.0451	0.1409	0.1114	0.0295	0.2252	0.1419
484	0.0627	0.3994	0.0775	0.0626	0.0919	0.0612	0.0964	0.0942	0.0451	0.141	0.1114	0.0296	0.2251	0.1419
485	0.0629	0.3951	0.0774	0.0626	0.0918	0.0613	0.0967	0.0943	0.0451	0.1411	0.1114	0.0296	0.2249	0.1418
486	0.0618	0.3968	0.0777	0.0629	0.092	0.0613	0.0967	0.0943	0.0451	0.141	0.1114	0.0295	0.2249	0.1418
487	0.0628	0.3966	0.0777	0.0629	0.0922	0.0613	0.0966	0.0944	0.0452	0.1412	0.1116	0.0295	0.2247	0.1419
488	0.0625	0.397	0.0776	0.0628	0.0921	0.0613	0.0966	0.0944	0.0451	0.1413	0.1116	0.0295	0.2247	0.1419
489	0.0628	0.399	0.0775	0.0627	0.0921	0.0614	0.0966	0.0944	0.0451	0.141	0.1115	0.0296	0.225	0.142
490	0.0624	0.3977	0.0777	0.063	0.0923	0.0614	0.0966	0.0946	0.045	0.1409	0.1115	0.0296	0.2253	0.1421
491	0.0623	0.3961	0.0778	0.0632	0.0924	0.0614	0.0965	0.0945	0.0451	0.1411	0.1116	0.0296	0.2255	0.1422
492	0.0623	0.396	0.0778	0.0633	0.0925	0.0614	0.0966	0.0946	0.0451	0.1411	0.1117	0.0296	0.2252	0.1422
493	0.0629	0.3974	0.0774	0.063	0.0921	0.0613	0.0966	0.0944	0.0451	0.1412	0.1116	0.0296	0.2253	0.142
494	0.0622	0.4018	0.0776	0.0631	0.0922	0.0613	0.0967	0.0945	0.0451	0.1411	0.1115	0.0296	0.2253	0.142
495	0.0623	0.3959	0.0777	0.0633	0.0924	0.0615	0.0969	0.0947	0.0451	0.1411	0.1117	0.0296	0.2251	0.1421
496	0.0622	0.3997	0.0777	0.0633	0.0925	0.0614	0.0969	0.0947	0.045	0.1409	0.1117	0.0296	0.2257	0.1423
497	0.0628	0.3977	0.0779	0.0634	0.0926	0.0613	0.0969	0.0947	0.045	0.1409	0.1117	0.0296	0.2257	0.1423
498	0.0624	0.3968	0.0781	0.0636	0.0927	0.0614	0.0971	0.0948	0.0451	0.1411	0.1118	0.0295	0.2255	0.1423
499	0.0625	0.3971	0.078	0.0634	0.0927	0.0616	0.0972	0.0949	0.0451	0.141	0.1118	0.0296	0.2254	0.1423
500	0.0623	0.3922	0.0779	0.0631	0.0924	0.0615	0.0972	0.0948	0.0451	0.1409	0.1116	0.0296	0.2255	0.1422
