{"n_layers": 1, "device": "cuda", "batch_size": 2048, "embedding_dim": 512, "learning_rate": 0.0005, "dataset": "dbbook", "epochs": 150, "top_k": 50, "multimodal": false, "datasets": {"dbbook": ["images", "text"], "ml1m": ["audio", "images", "text", "video"]}}
Epoch	Loss	Recall	Precision	NDCG
1	0.6900	0.0317	0.0045	0.0195
2	0.6865	0.0958	0.0136	0.0565
3	0.6801	0.1452	0.0205	0.0792
4	0.6678	0.1543	0.0219	0.0833
5	0.6459	0.1536	0.0219	0.0820
6	0.6120	0.1498	0.0213	0.0795
7	0.5674	0.1466	0.0209	0.0780
8	0.5162	0.1439	0.0206	0.0766
9	0.4640	0.1430	0.0205	0.0763
10	0.4166	0.1431	0.0205	0.0761
11	0.3766	0.1441	0.0205	0.0767
12	0.3403	0.1446	0.0207	0.0774
13	0.3116	0.1465	0.0209	0.0785
14	0.2861	0.1488	0.0211	0.0798
15	0.2653	0.1515	0.0215	0.0812
16	0.2444	0.1531	0.0217	0.0822
17	0.2270	0.1555	0.0220	0.0835
18	0.2126	0.1574	0.0222	0.0848
19	0.1982	0.1592	0.0225	0.0860
20	0.1873	0.1613	0.0228	0.0874
21	0.1737	0.1638	0.0231	0.0889
22	0.1643	0.1668	0.0234	0.0902
23	0.1534	0.1691	0.0238	0.0915
24	0.1471	0.1718	0.0241	0.0930
25	0.1375	0.1748	0.0245	0.0947
26	0.1292	0.1769	0.0248	0.0960
27	0.1216	0.1789	0.0250	0.0971
28	0.1160	0.1805	0.0252	0.0985
29	0.1105	0.1824	0.0254	0.0995
30	0.1083	0.1845	0.0257	0.1007
31	0.1018	0.1857	0.0258	0.1020
32	0.0963	0.1867	0.0260	0.1029
33	0.0915	0.1882	0.0262	0.1040
34	0.0879	0.1898	0.0263	0.1049
35	0.0843	0.1915	0.0265	0.1059
36	0.0806	0.1933	0.0267	0.1070
37	0.0769	0.1937	0.0267	0.1076
38	0.0739	0.1948	0.0268	0.1083
39	0.0715	0.1960	0.0270	0.1092
40	0.0682	0.1970	0.0271	0.1099
41	0.0653	0.1983	0.0272	0.1107
42	0.0638	0.1992	0.0273	0.1113
43	0.0607	0.1995	0.0273	0.1117
44	0.0580	0.1995	0.0273	0.1120
45	0.0560	0.1992	0.0272	0.1120
46	0.0562	0.2002	0.0273	0.1126
47	0.0522	0.2007	0.0274	0.1130
48	0.0509	0.2016	0.0274	0.1135
49	0.0480	0.2021	0.0275	0.1141
50	0.0480	0.2025	0.0276	0.1147
51	0.0475	0.2028	0.0276	0.1150
52	0.0445	0.2029	0.0276	0.1154
53	0.0435	0.2034	0.0276	0.1156
54	0.0428	0.2031	0.0276	0.1157
55	0.0410	0.2037	0.0275	0.1161
56	0.0407	0.2042	0.0276	0.1163
57	0.0380	0.2046	0.0276	0.1165
58	0.0376	0.2048	0.0276	0.1168
59	0.0365	0.2049	0.0276	0.1170
60	0.0349	0.2048	0.0276	0.1171
61	0.0350	0.2053	0.0277	0.1174
62	0.0353	0.2065	0.0277	0.1178
63	0.0346	0.2064	0.0277	0.1179
64	0.0322	0.2071	0.0278	0.1183
65	0.0307	0.2074	0.0278	0.1185
66	0.0308	0.2069	0.0278	0.1184
67	0.0319	0.2073	0.0278	0.1184
68	0.0292	0.2082	0.0278	0.1188
69	0.0287	0.2080	0.0278	0.1188
70	0.0275	0.2080	0.0278	0.1189
71	0.0283	0.2077	0.0277	0.1188
72	0.0271	0.2074	0.0277	0.1189
73	0.0253	0.2078	0.0278	0.1191
74	0.0261	0.2085	0.0278	0.1193
75	0.0254	0.2086	0.0278	0.1193
76	0.0246	0.2093	0.0278	0.1195
77	0.0254	0.2095	0.0278	0.1200
78	0.0243	0.2095	0.0278	0.1201
79	0.0234	0.2091	0.0278	0.1201
80	0.0231	0.2096	0.0278	0.1206
81	0.0224	0.2097	0.0278	0.1207
82	0.0228	0.2096	0.0278	0.1208
83	0.0203	0.2096	0.0278	0.1210
84	0.0223	0.2097	0.0278	0.1210
85	0.0214	0.2097	0.0277	0.1210
86	0.0204	0.2100	0.0277	0.1212
87	0.0204	0.2097	0.0277	0.1212
88	0.0203	0.2099	0.0277	0.1214
89	0.0202	0.2100	0.0277	0.1214
90	0.0188	0.2099	0.0277	0.1213
91	0.0185	0.2095	0.0276	0.1214
92	0.0180	0.2090	0.0275	0.1211
93	0.0179	0.2085	0.0275	0.1210
94	0.0180	0.2087	0.0275	0.1212
95	0.0172	0.2093	0.0276	0.1214
96	0.0176	0.2095	0.0276	0.1214
97	0.0167	0.2095	0.0276	0.1216
98	0.0173	0.2099	0.0277	0.1220
99	0.0178	0.2108	0.0277	0.1224
100	0.0166	0.2101	0.0277	0.1223
101	0.0166	0.2102	0.0277	0.1224
102	0.0155	0.2100	0.0276	0.1225
103	0.0157	0.2102	0.0276	0.1225
104	0.0156	0.2104	0.0276	0.1225
105	0.0157	0.2104	0.0276	0.1226
106	0.0154	0.2099	0.0275	0.1224
107	0.0153	0.2095	0.0275	0.1223
108	0.0148	0.2091	0.0274	0.1223
109	0.0150	0.2097	0.0275	0.1227
110	0.0149	0.2091	0.0274	0.1226
111	0.0142	0.2093	0.0274	0.1226
112	0.0137	0.2097	0.0274	0.1227
113	0.0135	0.2096	0.0274	0.1227
114	0.0135	0.2092	0.0274	0.1225
115	0.0144	0.2090	0.0273	0.1223
116	0.0134	0.2088	0.0273	0.1222
117	0.0139	0.2087	0.0273	0.1221
118	0.0138	0.2087	0.0273	0.1222
119	0.0125	0.2084	0.0272	0.1222
120	0.0131	0.2085	0.0272	0.1219
121	0.0128	0.2083	0.0272	0.1219
122	0.0126	0.2086	0.0272	0.1219
123	0.0124	0.2081	0.0271	0.1219
124	0.0124	0.2082	0.0271	0.1219
125	0.0120	0.2086	0.0272	0.1220
126	0.0125	0.2083	0.0272	0.1220
127	0.0122	0.2082	0.0271	0.1220
128	0.0118	0.2085	0.0272	0.1220
129	0.0119	0.2081	0.0271	0.1218
130	0.0120	0.2085	0.0272	0.1221
131	0.0114	0.2079	0.0271	0.1219
132	0.0114	0.2078	0.0270	0.1220
133	0.0109	0.2079	0.0270	0.1220
134	0.0114	0.2077	0.0270	0.1221
135	0.0114	0.2076	0.0270	0.1220
136	0.0114	0.2073	0.0269	0.1220
137	0.0114	0.2072	0.0270	0.1220
138	0.0108	0.2074	0.0269	0.1221
139	0.0116	0.2069	0.0269	0.1219
140	0.0108	0.2070	0.0268	0.1220
141	0.0111	0.2073	0.0268	0.1220
142	0.0107	0.2073	0.0269	0.1221
143	0.0106	0.2071	0.0269	0.1221
144	0.0108	0.2071	0.0269	0.1221
145	0.0101	0.2066	0.0268	0.1218
146	0.0109	0.2068	0.0267	0.1218
147	0.0097	0.2059	0.0267	0.1215
148	0.0097	0.2059	0.0267	0.1215
149	0.0086	0.2059	0.0267	0.1215
150	0.0102	0.2060	0.0267	0.1215
