{"n_layers": 0, "device": "cuda", "batch_size": 2048, "embedding_dim": 1024, "learning_rate": 0.001, "dataset": "dbbook", "epochs": 150, "top_k": 50, "model": "lf-mmlgcn", "fusion": "attention", "multimodal": true, "datasets": {"dbbook": ["images", "text"], "ml1m": ["audio", "images", "text", "video"]}}
Epoch	Loss	Recall	Precision	NDCG
1	0.6932	0.0425	0.0063	0.0184
2	0.6932	0.0373	0.0058	0.0162
3	0.6932	0.0431	0.0064	0.0189
4	0.6932	0.0373	0.0058	0.0162
5	0.6932	0.0373	0.0058	0.0162
6	0.6932	0.0424	0.0063	0.0183
7	0.6932	0.0373	0.0058	0.0162
8	0.6932	0.0373	0.0058	0.0162
9	0.6932	0.0373	0.0058	0.0162
10	0.6932	0.0373	0.0058	0.0162
11	0.6932	0.0373	0.0058	0.0162
12	0.6932	0.0373	0.0058	0.0162
13	0.6932	0.0373	0.0058	0.0162
14	0.6932	0.0424	0.0064	0.0187
15	0.6932	0.0373	0.0058	0.0162
16	0.6932	0.0373	0.0058	0.0162
17	0.6932	0.0373	0.0058	0.0162
18	0.6932	0.0373	0.0058	0.0162
19	0.6932	0.0436	0.0063	0.0190
20	0.6932	0.0373	0.0058	0.0162
21	0.6932	0.0373	0.0058	0.0162
22	0.6931	0.0421	0.0063	0.0186
23	0.6931	0.0373	0.0058	0.0162
24	0.6931	0.0428	0.0064	0.0191
25	0.6931	0.0426	0.0064	0.0188
26	0.6931	0.0425	0.0063	0.0188
27	0.6931	0.0373	0.0058	0.0162
28	0.6931	0.0373	0.0058	0.0162
29	0.6931	0.0373	0.0058	0.0162
30	0.6931	0.0373	0.0058	0.0162
31	0.6931	0.0373	0.0058	0.0162
32	0.6931	0.0373	0.0058	0.0162
33	0.6931	0.0373	0.0058	0.0162
34	0.6931	0.0434	0.0064	0.0190
35	0.6931	0.0373	0.0058	0.0162
36	0.6931	0.0373	0.0058	0.0162
37	0.6931	0.0373	0.0058	0.0162
38	0.6931	0.0373	0.0058	0.0162
39	0.6931	0.0373	0.0058	0.0162
40	0.6931	0.0373	0.0058	0.0162
41	0.6931	0.0373	0.0058	0.0162
42	0.6931	0.0373	0.0058	0.0162
43	0.6931	0.0373	0.0058	0.0162
44	0.6931	0.0373	0.0058	0.0162
45	0.6931	0.0428	0.0064	0.0187
46	0.6931	0.0373	0.0058	0.0162
47	0.6931	0.0373	0.0058	0.0162
48	0.6931	0.0373	0.0058	0.0162
49	0.6931	0.0416	0.0061	0.0180
50	0.6931	0.0373	0.0058	0.0162
51	0.6931	0.0373	0.0058	0.0162
52	0.6931	0.0373	0.0058	0.0162
53	0.6931	0.0373	0.0058	0.0162
54	0.6931	0.0373	0.0058	0.0162
55	0.6931	0.0373	0.0058	0.0162
56	0.6931	0.0373	0.0058	0.0162
57	0.6931	0.0373	0.0058	0.0162
58	0.6931	0.0373	0.0058	0.0162
59	0.6931	0.0409	0.0062	0.0180
60	0.6931	0.0424	0.0063	0.0186
61	0.6931	0.0373	0.0058	0.0162
62	0.6931	0.0373	0.0058	0.0162
63	0.6931	0.0435	0.0064	0.0192
64	0.6931	0.0418	0.0062	0.0182
65	0.6931	0.0373	0.0058	0.0162
66	0.6931	0.0373	0.0058	0.0162
67	0.6931	0.0373	0.0058	0.0162
68	0.6931	0.0373	0.0058	0.0162
69	0.6931	0.0426	0.0063	0.0186
70	0.6931	0.0373	0.0058	0.0162
71	0.6931	0.0373	0.0058	0.0162
72	0.6931	0.0426	0.0064	0.0188
73	0.6931	0.0373	0.0058	0.0162
74	0.6931	0.0373	0.0058	0.0162
75	0.6931	0.0427	0.0064	0.0188
76	0.6931	0.0373	0.0058	0.0162
77	0.6931	0.0373	0.0058	0.0162
78	0.6931	0.0373	0.0058	0.0162
79	0.6931	0.0373	0.0058	0.0162
80	0.6931	0.0373	0.0058	0.0162
81	0.6931	0.0431	0.0063	0.0186
82	0.6931	0.0425	0.0064	0.0187
83	0.6931	0.0418	0.0063	0.0185
84	0.6931	0.0433	0.0065	0.0189
85	0.6931	0.0405	0.0062	0.0183
86	0.6931	0.0410	0.0062	0.0181
87	0.6931	0.0427	0.0063	0.0190
88	0.6931	0.0432	0.0064	0.0190
89	0.6931	0.0410	0.0062	0.0181
90	0.6931	0.0434	0.0063	0.0187
91	0.6931	0.0429	0.0063	0.0189
92	0.6931	0.0404	0.0061	0.0179
93	0.6931	0.0373	0.0058	0.0162
94	0.6931	0.0373	0.0058	0.0162
95	0.6931	0.0373	0.0058	0.0162
96	0.6931	0.0373	0.0058	0.0162
97	0.6931	0.0373	0.0058	0.0162
98	0.6931	0.0373	0.0058	0.0162
99	0.6931	0.0417	0.0062	0.0182
100	0.6931	0.0438	0.0065	0.0190
101	0.6931	0.0373	0.0058	0.0162
102	0.6931	0.0373	0.0058	0.0162
103	0.6931	0.0373	0.0058	0.0162
104	0.6931	0.0373	0.0058	0.0162
105	0.6931	0.0373	0.0058	0.0162
106	0.6931	0.0373	0.0058	0.0162
107	0.6931	0.0373	0.0058	0.0162
108	0.6931	0.0373	0.0058	0.0162
109	0.6931	0.0428	0.0065	0.0191
110	0.6931	0.0426	0.0063	0.0185
111	0.6931	0.0373	0.0058	0.0162
112	0.6931	0.0373	0.0058	0.0162
113	0.6931	0.0373	0.0058	0.0162
114	0.6931	0.0430	0.0064	0.0188
115	0.6931	0.0373	0.0058	0.0162
116	0.6931	0.0431	0.0064	0.0188
117	0.6931	0.0419	0.0062	0.0183
118	0.6931	0.0373	0.0058	0.0162
119	0.6931	0.0415	0.0063	0.0183
120	0.6931	0.0373	0.0058	0.0162
121	0.6931	0.0433	0.0064	0.0191
122	0.6931	0.0373	0.0058	0.0162
123	0.6931	0.0422	0.0062	0.0185
124	0.6931	0.0373	0.0058	0.0162
125	0.6931	0.0373	0.0058	0.0162
126	0.6931	0.0427	0.0063	0.0187
127	0.6931	0.0373	0.0058	0.0162
128	0.6931	0.0419	0.0063	0.0186
129	0.6931	0.0373	0.0058	0.0162
130	0.6931	0.0373	0.0058	0.0162
131	0.6931	0.0373	0.0058	0.0162
132	0.6931	0.0434	0.0065	0.0191
133	0.6931	0.0373	0.0058	0.0162
134	0.6931	0.0423	0.0063	0.0186
135	0.6931	0.0373	0.0058	0.0162
136	0.6931	0.0373	0.0058	0.0162
137	0.6931	0.0373	0.0058	0.0162
138	0.6931	0.0373	0.0058	0.0162
139	0.6931	0.0415	0.0063	0.0185
140	0.6931	0.0417	0.0064	0.0184
141	0.6931	0.0409	0.0063	0.0183
142	0.6931	0.0373	0.0058	0.0162
143	0.6931	0.0373	0.0058	0.0162
144	0.6931	0.0415	0.0062	0.0185
145	0.6931	0.0373	0.0058	0.0162
146	0.6931	0.0373	0.0058	0.0162
147	0.6931	0.0434	0.0064	0.0190
148	0.6931	0.0373	0.0058	0.0162
149	0.6931	0.0373	0.0058	0.0162
150	0.6931	0.0373	0.0058	0.0162
