{"n_layers": 0, "device": "cuda", "batch_size": 2048, "embedding_dim": 1024, "learning_rate": 0.001, "dataset": "dbbook", "epochs": 150, "top_k": 50, "multimodal": true, "datasets": {"dbbook": ["images", "text"], "ml1m": ["audio", "images", "text", "video"]}}
Epoch	Loss	Recall	Precision	NDCG
1	0.6975	0.0111	0.0014	0.0051
2	0.6207	0.0142	0.0017	0.0063
3	0.5629	0.0168	0.0021	0.0078
4	0.5110	0.0225	0.0027	0.0107
5	0.4626	0.0282	0.0034	0.0146
6	0.4180	0.0351	0.0043	0.0197
7	0.3763	0.0430	0.0054	0.0252
8	0.3379	0.0521	0.0066	0.0314
9	0.3011	0.0611	0.0078	0.0375
10	0.2678	0.0706	0.0091	0.0440
11	0.2357	0.0796	0.0103	0.0500
12	0.2092	0.0882	0.0115	0.0555
13	0.1851	0.0965	0.0126	0.0608
14	0.1630	0.1025	0.0135	0.0650
15	0.1449	0.1090	0.0144	0.0689
16	0.1290	0.1161	0.0153	0.0730
17	0.1151	0.1210	0.0160	0.0759
18	0.1032	0.1253	0.0166	0.0787
19	0.0923	0.1282	0.0170	0.0808
20	0.0837	0.1302	0.0173	0.0826
21	0.0760	0.1336	0.0178	0.0845
22	0.0696	0.1364	0.0182	0.0861
23	0.0638	0.1393	0.0186	0.0877
24	0.0581	0.1411	0.0189	0.0891
25	0.0535	0.1437	0.0192	0.0903
26	0.0500	0.1458	0.0195	0.0915
27	0.0459	0.1477	0.0197	0.0927
28	0.0431	0.1492	0.0199	0.0936
29	0.0406	0.1507	0.0201	0.0944
30	0.0376	0.1520	0.0203	0.0953
31	0.0356	0.1535	0.0205	0.0961
32	0.0331	0.1545	0.0206	0.0967
33	0.0315	0.1556	0.0208	0.0974
34	0.0298	0.1569	0.0209	0.0982
35	0.0282	0.1580	0.0211	0.0988
36	0.0274	0.1589	0.0212	0.0992
37	0.0256	0.1597	0.0213	0.0996
38	0.0245	0.1606	0.0214	0.1001
39	0.0233	0.1614	0.0215	0.1006
40	0.0219	0.1618	0.0216	0.1010
41	0.0215	0.1620	0.0216	0.1014
42	0.0206	0.1626	0.0217	0.1018
43	0.0198	0.1631	0.0218	0.1022
44	0.0189	0.1638	0.0218	0.1026
45	0.0186	0.1648	0.0219	0.1032
46	0.0177	0.1656	0.0220	0.1034
47	0.0168	0.1666	0.0221	0.1039
48	0.0170	0.1670	0.0222	0.1042
49	0.0163	0.1675	0.0222	0.1043
50	0.0153	0.1679	0.0223	0.1046
51	0.0154	0.1685	0.0224	0.1050
52	0.0148	0.1692	0.0225	0.1053
53	0.0144	0.1693	0.0225	0.1055
54	0.0140	0.1698	0.0226	0.1058
55	0.0135	0.1703	0.0226	0.1061
56	0.0133	0.1704	0.0226	0.1064
57	0.0126	0.1709	0.0227	0.1066
58	0.0128	0.1711	0.0227	0.1066
59	0.0124	0.1715	0.0228	0.1070
60	0.0120	0.1715	0.0228	0.1071
61	0.0117	0.1719	0.0228	0.1072
62	0.0112	0.1723	0.0229	0.1074
63	0.0111	0.1723	0.0229	0.1076
64	0.0112	0.1725	0.0229	0.1077
65	0.0106	0.1730	0.0230	0.1080
66	0.0111	0.1731	0.0231	0.1082
67	0.0105	0.1737	0.0231	0.1083
68	0.0107	0.1734	0.0231	0.1082
69	0.0101	0.1739	0.0231	0.1085
70	0.0100	0.1739	0.0231	0.1087
71	0.0100	0.1747	0.0232	0.1091
72	0.0101	0.1748	0.0232	0.1092
73	0.0093	0.1750	0.0233	0.1093
74	0.0091	0.1755	0.0233	0.1096
75	0.0095	0.1758	0.0233	0.1098
76	0.0090	0.1756	0.0233	0.1099
77	0.0090	0.1759	0.0234	0.1101
78	0.0086	0.1762	0.0234	0.1102
79	0.0086	0.1766	0.0234	0.1104
80	0.0087	0.1769	0.0235	0.1106
81	0.0089	0.1771	0.0235	0.1107
82	0.0090	0.1774	0.0235	0.1108
83	0.0080	0.1781	0.0236	0.1109
84	0.0085	0.1785	0.0236	0.1112
85	0.0083	0.1785	0.0236	0.1113
86	0.0085	0.1789	0.0237	0.1115
87	0.0081	0.1788	0.0236	0.1116
88	0.0084	0.1792	0.0237	0.1120
89	0.0082	0.1790	0.0237	0.1121
90	0.0082	0.1794	0.0237	0.1125
91	0.0079	0.1797	0.0237	0.1126
92	0.0075	0.1799	0.0238	0.1127
93	0.0075	0.1800	0.0238	0.1129
94	0.0076	0.1801	0.0238	0.1131
95	0.0077	0.1801	0.0238	0.1129
96	0.0080	0.1803	0.0238	0.1131
97	0.0079	0.1809	0.0239	0.1132
98	0.0072	0.1806	0.0239	0.1133
99	0.0073	0.1812	0.0239	0.1135
100	0.0076	0.1820	0.0240	0.1140
101	0.0075	0.1822	0.0240	0.1141
102	0.0073	0.1817	0.0239	0.1139
103	0.0069	0.1819	0.0239	0.1140
104	0.0071	0.1819	0.0240	0.1141
105	0.0073	0.1820	0.0240	0.1143
106	0.0071	0.1817	0.0239	0.1141
107	0.0071	0.1815	0.0239	0.1141
108	0.0069	0.1815	0.0239	0.1142
109	0.0071	0.1822	0.0240	0.1144
110	0.0074	0.1827	0.0241	0.1146
111	0.0064	0.1834	0.0241	0.1150
112	0.0071	0.1834	0.0241	0.1153
113	0.0067	0.1833	0.0241	0.1155
114	0.0067	0.1837	0.0242	0.1157
115	0.0064	0.1837	0.0241	0.1157
116	0.0068	0.1836	0.0241	0.1156
117	0.0066	0.1833	0.0241	0.1154
118	0.0067	0.1833	0.0241	0.1153
119	0.0069	0.1833	0.0241	0.1156
120	0.0071	0.1842	0.0242	0.1159
121	0.0065	0.1839	0.0242	0.1160
122	0.0068	0.1839	0.0242	0.1159
123	0.0064	0.1836	0.0242	0.1158
124	0.0067	0.1831	0.0241	0.1157
125	0.0063	0.1839	0.0242	0.1159
126	0.0067	0.1844	0.0243	0.1161
127	0.0064	0.1847	0.0243	0.1163
128	0.0064	0.1848	0.0243	0.1165
129	0.0069	0.1849	0.0243	0.1164
130	0.0060	0.1849	0.0243	0.1164
131	0.0063	0.1851	0.0243	0.1164
132	0.0062	0.1850	0.0243	0.1163
133	0.0065	0.1848	0.0243	0.1163
134	0.0063	0.1849	0.0244	0.1165
135	0.0068	0.1845	0.0243	0.1162
136	0.0063	0.1849	0.0243	0.1163
137	0.0063	0.1847	0.0243	0.1164
138	0.0063	0.1851	0.0244	0.1167
139	0.0063	0.1855	0.0243	0.1168
140	0.0064	0.1858	0.0244	0.1169
141	0.0063	0.1862	0.0244	0.1171
142	0.0060	0.1868	0.0245	0.1174
143	0.0064	0.1869	0.0245	0.1175
144	0.0066	0.1868	0.0245	0.1176
145	0.0066	0.1867	0.0245	0.1176
146	0.0061	0.1863	0.0244	0.1177
147	0.0062	0.1866	0.0244	0.1178
148	0.0061	0.1868	0.0245	0.1180
149	0.0060	0.1874	0.0245	0.1183
150	0.0060	0.1876	0.0246	0.1189
