{"n_layers": 0, "device": "cuda", "batch_size": 2048, "embedding_dim": 1024, "learning_rate": 0.0005, "dataset": "dbbook", "epochs": 150, "top_k": 20, "multimodal": false, "datasets": {"dbbook": ["images", "text"], "ml1m": ["audio", "images", "text", "video"]}}
Epoch	Loss	Recall	Precision	NDCG
1	0.6932	0.0033	0.0013	0.0023
2	0.6859	0.0039	0.0016	0.0029
3	0.6791	0.0058	0.0022	0.0045
4	0.6711	0.0132	0.0047	0.0107
5	0.6609	0.0282	0.0100	0.0241
6	0.6478	0.0502	0.0176	0.0415
7	0.6308	0.0682	0.0239	0.0554
8	0.6091	0.0811	0.0281	0.0653
9	0.5821	0.0911	0.0310	0.0725
10	0.5500	0.0980	0.0332	0.0771
11	0.5133	0.1004	0.0342	0.0789
12	0.4735	0.1026	0.0349	0.0808
13	0.4321	0.1035	0.0352	0.0822
14	0.3922	0.1051	0.0358	0.0836
15	0.3531	0.1063	0.0362	0.0848
16	0.3179	0.1074	0.0366	0.0858
17	0.2862	0.1089	0.0371	0.0869
18	0.2579	0.1103	0.0374	0.0881
19	0.2326	0.1106	0.0376	0.0887
20	0.2106	0.1115	0.0379	0.0895
21	0.1905	0.1128	0.0382	0.0905
22	0.1735	0.1148	0.0387	0.0917
23	0.1583	0.1157	0.0391	0.0924
24	0.1448	0.1163	0.0391	0.0929
25	0.1327	0.1171	0.0393	0.0934
26	0.1214	0.1169	0.0393	0.0934
27	0.1123	0.1175	0.0394	0.0941
28	0.1030	0.1183	0.0396	0.0948
29	0.0950	0.1191	0.0397	0.0951
30	0.0888	0.1197	0.0399	0.0958
31	0.0822	0.1202	0.0400	0.0963
32	0.0760	0.1213	0.0403	0.0972
33	0.0709	0.1218	0.0405	0.0976
34	0.0664	0.1226	0.0408	0.0983
35	0.0616	0.1230	0.0408	0.0985
36	0.0582	0.1238	0.0410	0.0990
37	0.0545	0.1237	0.0410	0.0989
38	0.0509	0.1238	0.0410	0.0993
39	0.0488	0.1241	0.0411	0.0995
40	0.0459	0.1243	0.0411	0.0995
41	0.0434	0.1248	0.0412	0.0998
42	0.0407	0.1249	0.0413	0.1001
43	0.0386	0.1250	0.0413	0.1003
44	0.0368	0.1257	0.0415	0.1006
45	0.0348	0.1259	0.0416	0.1010
46	0.0341	0.1265	0.0418	0.1015
47	0.0322	0.1263	0.0417	0.1014
48	0.0306	0.1265	0.0418	0.1016
49	0.0299	0.1272	0.0420	0.1020
50	0.0280	0.1271	0.0420	0.1019
51	0.0272	0.1274	0.0421	0.1021
52	0.0256	0.1278	0.0422	0.1024
53	0.0248	0.1276	0.0422	0.1026
54	0.0240	0.1277	0.0422	0.1029
55	0.0232	0.1277	0.0422	0.1031
56	0.0221	0.1277	0.0421	0.1028
57	0.0216	0.1287	0.0423	0.1033
58	0.0205	0.1285	0.0423	0.1031
59	0.0202	0.1289	0.0423	0.1031
60	0.0196	0.1289	0.0423	0.1031
61	0.0189	0.1290	0.0424	0.1032
62	0.0188	0.1288	0.0423	0.1030
63	0.0172	0.1287	0.0422	0.1028
64	0.0175	0.1289	0.0421	0.1028
65	0.0165	0.1292	0.0421	0.1031
66	0.0165	0.1290	0.0421	0.1030
67	0.0160	0.1295	0.0423	0.1036
68	0.0153	0.1298	0.0424	0.1037
69	0.0150	0.1299	0.0424	0.1037
70	0.0147	0.1294	0.0424	0.1036
71	0.0145	0.1294	0.0423	0.1038
72	0.0136	0.1298	0.0424	0.1040
73	0.0137	0.1301	0.0424	0.1043
74	0.0134	0.1298	0.0424	0.1045
75	0.0130	0.1303	0.0425	0.1047
76	0.0126	0.1301	0.0425	0.1047
77	0.0122	0.1299	0.0425	0.1047
78	0.0124	0.1301	0.0427	0.1048
79	0.0120	0.1307	0.0428	0.1050
80	0.0115	0.1308	0.0427	0.1050
81	0.0115	0.1307	0.0428	0.1051
82	0.0110	0.1313	0.0428	0.1055
83	0.0110	0.1320	0.0430	0.1056
84	0.0103	0.1323	0.0431	0.1057
85	0.0103	0.1318	0.0430	0.1055
86	0.0100	0.1320	0.0430	0.1057
87	0.0102	0.1322	0.0431	0.1060
88	0.0104	0.1320	0.0430	0.1063
89	0.0095	0.1320	0.0429	0.1062
90	0.0097	0.1321	0.0430	0.1062
91	0.0096	0.1321	0.0430	0.1063
92	0.0092	0.1315	0.0428	0.1060
93	0.0090	0.1317	0.0429	0.1061
94	0.0091	0.1314	0.0428	0.1062
95	0.0093	0.1317	0.0429	0.1063
96	0.0091	0.1319	0.0430	0.1062
97	0.0089	0.1316	0.0429	0.1061
98	0.0083	0.1313	0.0428	0.1059
99	0.0085	0.1318	0.0430	0.1062
100	0.0083	0.1319	0.0430	0.1063
101	0.0083	0.1320	0.0430	0.1065
102	0.0082	0.1321	0.0430	0.1066
103	0.0080	0.1323	0.0430	0.1067
104	0.0080	0.1316	0.0427	0.1064
105	0.0080	0.1318	0.0428	0.1066
106	0.0079	0.1321	0.0430	0.1069
107	0.0076	0.1320	0.0430	0.1069
108	0.0075	0.1326	0.0431	0.1071
109	0.0079	0.1322	0.0430	0.1070
110	0.0074	0.1320	0.0430	0.1070
111	0.0075	0.1321	0.0431	0.1069
112	0.0068	0.1320	0.0430	0.1069
113	0.0075	0.1315	0.0429	0.1069
114	0.0073	0.1315	0.0429	0.1070
115	0.0071	0.1306	0.0427	0.1069
116	0.0069	0.1310	0.0429	0.1069
117	0.0071	0.1317	0.0430	0.1068
118	0.0069	0.1325	0.0432	0.1071
119	0.0073	0.1322	0.0432	0.1071
120	0.0067	0.1317	0.0430	0.1069
121	0.0066	0.1317	0.0430	0.1069
122	0.0070	0.1319	0.0430	0.1070
123	0.0069	0.1319	0.0431	0.1069
124	0.0067	0.1316	0.0430	0.1068
125	0.0066	0.1316	0.0430	0.1067
126	0.0066	0.1320	0.0430	0.1071
127	0.0069	0.1314	0.0428	0.1067
128	0.0063	0.1314	0.0428	0.1067
129	0.0060	0.1311	0.0428	0.1067
130	0.0060	0.1311	0.0427	0.1066
131	0.0067	0.1310	0.0428	0.1067
132	0.0063	0.1312	0.0428	0.1070
133	0.0061	0.1313	0.0428	0.1067
134	0.0063	0.1311	0.0428	0.1065
135	0.0061	0.1307	0.0427	0.1062
136	0.0061	0.1304	0.0426	0.1061
137	0.0061	0.1305	0.0427	0.1063
138	0.0062	0.1307	0.0427	0.1063
139	0.0059	0.1305	0.0426	0.1062
140	0.0058	0.1305	0.0426	0.1062
141	0.0059	0.1305	0.0426	0.1060
142	0.0055	0.1304	0.0427	0.1059
143	0.0058	0.1302	0.0426	0.1060
144	0.0057	0.1301	0.0426	0.1060
145	0.0058	0.1303	0.0426	0.1061
146	0.0057	0.1306	0.0427	0.1062
147	0.0058	0.1312	0.0428	0.1062
148	0.0054	0.1309	0.0428	0.1062
149	0.0056	0.1308	0.0427	0.1062
150	0.0058	0.1303	0.0427	0.1061
