{"n_layers": 0, "device": "cuda", "batch_size": 2048, "embedding_dim": 1024, "learning_rate": 0.001, "dataset": "dbbook", "epochs": 150, "top_k": 50, "multimodal": true, "datasets": {"dbbook": ["images", "text"], "ml1m": ["audio", "images", "text", "video"]}}
Epoch	Loss	Recall	Precision	NDCG
1	0.6929	0.0205	0.0026	0.0105
2	0.6815	0.0408	0.0052	0.0256
3	0.6693	0.0779	0.0103	0.0546
4	0.6522	0.1228	0.0166	0.0845
5	0.6271	0.1582	0.0215	0.1040
6	0.5915	0.1769	0.0242	0.1150
7	0.5443	0.1877	0.0257	0.1203
8	0.4881	0.1930	0.0265	0.1219
9	0.4271	0.1939	0.0268	0.1226
10	0.3686	0.1967	0.0271	0.1236
11	0.3164	0.1989	0.0275	0.1249
12	0.2724	0.2002	0.0276	0.1255
13	0.2350	0.2007	0.0277	0.1261
14	0.2041	0.2034	0.0280	0.1274
15	0.1788	0.2053	0.0281	0.1286
16	0.1575	0.2072	0.0283	0.1299
17	0.1388	0.2094	0.0286	0.1305
18	0.1234	0.2105	0.0287	0.1311
19	0.1100	0.2127	0.0289	0.1318
20	0.0994	0.2140	0.0290	0.1325
21	0.0888	0.2152	0.0292	0.1338
22	0.0808	0.2172	0.0294	0.1351
23	0.0741	0.2182	0.0294	0.1360
24	0.0670	0.2188	0.0295	0.1365
25	0.0619	0.2202	0.0296	0.1370
26	0.0566	0.2215	0.0298	0.1378
27	0.0521	0.2223	0.0299	0.1386
28	0.0487	0.2236	0.0300	0.1395
29	0.0451	0.2237	0.0300	0.1402
30	0.0423	0.2247	0.0300	0.1408
31	0.0395	0.2253	0.0300	0.1413
32	0.0365	0.2260	0.0303	0.1422
33	0.0352	0.2270	0.0303	0.1427
34	0.0326	0.2278	0.0304	0.1430
35	0.0309	0.2278	0.0304	0.1432
36	0.0293	0.2278	0.0304	0.1432
37	0.0279	0.2279	0.0304	0.1433
38	0.0264	0.2286	0.0305	0.1437
39	0.0255	0.2291	0.0305	0.1440
40	0.0243	0.2293	0.0305	0.1440
41	0.0234	0.2296	0.0306	0.1444
42	0.0214	0.2289	0.0305	0.1442
43	0.0214	0.2299	0.0306	0.1448
44	0.0210	0.2299	0.0306	0.1446
45	0.0194	0.2296	0.0306	0.1446
46	0.0186	0.2303	0.0306	0.1449
47	0.0185	0.2305	0.0307	0.1452
48	0.0179	0.2314	0.0307	0.1453
49	0.0172	0.2320	0.0308	0.1455
50	0.0169	0.2317	0.0308	0.1457
51	0.0161	0.2321	0.0309	0.1459
52	0.0163	0.2318	0.0308	0.1461
53	0.0150	0.2322	0.0309	0.1464
54	0.0145	0.2330	0.0309	0.1468
55	0.0149	0.2335	0.0310	0.1472
56	0.0144	0.2340	0.0310	0.1476
57	0.0142	0.2346	0.0311	0.1477
58	0.0133	0.2345	0.0310	0.1480
59	0.0132	0.2345	0.0310	0.1482
60	0.0132	0.2344	0.0311	0.1480
61	0.0129	0.2349	0.0311	0.1477
62	0.0122	0.2345	0.0311	0.1475
63	0.0120	0.2347	0.0311	0.1473
64	0.0123	0.2349	0.0312	0.1472
65	0.0121	0.2341	0.0310	0.1470
66	0.0119	0.2343	0.0310	0.1471
67	0.0116	0.2346	0.0310	0.1472
68	0.0114	0.2332	0.0309	0.1471
69	0.0108	0.2333	0.0309	0.1468
70	0.0105	0.2336	0.0310	0.1470
71	0.0111	0.2341	0.0310	0.1473
72	0.0103	0.2338	0.0310	0.1470
73	0.0105	0.2347	0.0310	0.1475
74	0.0102	0.2342	0.0310	0.1473
75	0.0102	0.2340	0.0310	0.1474
76	0.0104	0.2346	0.0310	0.1477
77	0.0102	0.2350	0.0311	0.1479
78	0.0097	0.2346	0.0310	0.1479
79	0.0102	0.2340	0.0310	0.1477
80	0.0097	0.2334	0.0310	0.1476
81	0.0096	0.2330	0.0309	0.1476
82	0.0094	0.2337	0.0309	0.1478
83	0.0098	0.2338	0.0309	0.1480
84	0.0093	0.2335	0.0310	0.1481
85	0.0090	0.2339	0.0310	0.1482
86	0.0087	0.2341	0.0310	0.1483
87	0.0094	0.2339	0.0310	0.1483
88	0.0091	0.2340	0.0310	0.1483
89	0.0092	0.2340	0.0310	0.1485
90	0.0089	0.2335	0.0310	0.1485
91	0.0087	0.2341	0.0310	0.1488
92	0.0089	0.2344	0.0310	0.1489
93	0.0086	0.2343	0.0310	0.1490
94	0.0087	0.2343	0.0310	0.1486
95	0.0085	0.2340	0.0309	0.1484
96	0.0081	0.2344	0.0309	0.1482
97	0.0081	0.2345	0.0309	0.1485
98	0.0083	0.2340	0.0309	0.1482
99	0.0084	0.2345	0.0309	0.1486
100	0.0082	0.2344	0.0309	0.1484
101	0.0082	0.2346	0.0309	0.1486
102	0.0076	0.2350	0.0309	0.1484
103	0.0083	0.2354	0.0309	0.1485
104	0.0084	0.2348	0.0309	0.1486
105	0.0084	0.2354	0.0309	0.1488
106	0.0081	0.2349	0.0309	0.1487
107	0.0084	0.2342	0.0309	0.1485
108	0.0083	0.2341	0.0309	0.1482
109	0.0076	0.2332	0.0308	0.1478
110	0.0083	0.2331	0.0308	0.1479
111	0.0074	0.2339	0.0309	0.1485
112	0.0082	0.2344	0.0309	0.1488
113	0.0076	0.2341	0.0309	0.1490
114	0.0082	0.2338	0.0308	0.1488
115	0.0078	0.2341	0.0309	0.1487
116	0.0081	0.2341	0.0308	0.1488
117	0.0078	0.2343	0.0309	0.1491
118	0.0076	0.2343	0.0309	0.1491
119	0.0074	0.2337	0.0308	0.1488
120	0.0074	0.2334	0.0308	0.1488
121	0.0078	0.2343	0.0309	0.1492
122	0.0075	0.2341	0.0309	0.1492
123	0.0074	0.2347	0.0309	0.1490
124	0.0076	0.2348	0.0309	0.1490
125	0.0076	0.2346	0.0309	0.1485
126	0.0074	0.2330	0.0308	0.1480
127	0.0077	0.2347	0.0308	0.1486
128	0.0076	0.2347	0.0309	0.1485
129	0.0070	0.2345	0.0309	0.1485
130	0.0077	0.2352	0.0309	0.1486
131	0.0077	0.2348	0.0309	0.1486
132	0.0071	0.2342	0.0309	0.1483
133	0.0077	0.2338	0.0308	0.1482
134	0.0069	0.2339	0.0308	0.1481
135	0.0074	0.2338	0.0308	0.1479
136	0.0072	0.2335	0.0307	0.1479
137	0.0071	0.2333	0.0307	0.1478
138	0.0073	0.2337	0.0308	0.1480
139	0.0076	0.2337	0.0307	0.1481
140	0.0070	0.2342	0.0308	0.1483
141	0.0071	0.2344	0.0308	0.1483
142	0.0070	0.2337	0.0308	0.1483
143	0.0077	0.2339	0.0308	0.1482
144	0.0074	0.2343	0.0308	0.1484
145	0.0071	0.2345	0.0308	0.1483
146	0.0074	0.2341	0.0308	0.1481
147	0.0071	0.2342	0.0308	0.1480
148	0.0073	0.2343	0.0308	0.1480
149	0.0075	0.2338	0.0307	0.1480
150	0.0071	0.2336	0.0307	0.1480
