{"n_layers": 1, "device": "cuda", "batch_size": 2048, "embedding_dim": 256, "learning_rate": 0.0005, "dataset": "dbbook", "epochs": 150, "top_k": 10, "multimodal": true, "datasets": {"dbbook": ["images", "text"], "ml1m": ["audio", "images", "text", "video"]}}
Epoch	Loss	Recall	Precision	NDCG
1	0.6921	0.0054	0.0032	0.0046
2	0.6899	0.0151	0.0091	0.0141
3	0.6873	0.0291	0.0181	0.0294
4	0.6841	0.0425	0.0274	0.0436
5	0.6798	0.0514	0.0338	0.0524
6	0.6743	0.0565	0.0374	0.0557
7	0.6670	0.0584	0.0391	0.0563
8	0.6578	0.0584	0.0394	0.0550
9	0.6464	0.0577	0.0389	0.0530
10	0.6321	0.0560	0.0379	0.0510
11	0.6152	0.0537	0.0364	0.0487
12	0.5960	0.0513	0.0351	0.0465
13	0.5745	0.0502	0.0341	0.0446
14	0.5517	0.0492	0.0335	0.0434
15	0.5280	0.0485	0.0331	0.0427
16	0.5040	0.0479	0.0326	0.0420
17	0.4802	0.0475	0.0325	0.0413
18	0.4574	0.0468	0.0320	0.0405
19	0.4355	0.0458	0.0315	0.0400
20	0.4154	0.0455	0.0314	0.0397
21	0.3949	0.0457	0.0316	0.0397
22	0.3770	0.0456	0.0315	0.0396
23	0.3604	0.0455	0.0314	0.0397
24	0.3456	0.0453	0.0313	0.0396
25	0.3299	0.0454	0.0314	0.0398
26	0.3178	0.0459	0.0317	0.0403
27	0.3044	0.0459	0.0316	0.0404
28	0.2911	0.0458	0.0316	0.0407
29	0.2815	0.0461	0.0318	0.0408
30	0.2730	0.0461	0.0317	0.0408
31	0.2635	0.0465	0.0320	0.0412
32	0.2547	0.0467	0.0321	0.0413
33	0.2465	0.0470	0.0324	0.0417
34	0.2369	0.0475	0.0327	0.0421
35	0.2282	0.0478	0.0329	0.0423
36	0.2228	0.0479	0.0331	0.0425
37	0.2152	0.0481	0.0332	0.0428
38	0.2090	0.0485	0.0335	0.0431
39	0.2042	0.0488	0.0336	0.0434
40	0.1980	0.0492	0.0340	0.0438
41	0.1924	0.0498	0.0343	0.0442
42	0.1855	0.0507	0.0347	0.0449
43	0.1836	0.0507	0.0348	0.0451
44	0.1783	0.0511	0.0349	0.0455
45	0.1725	0.0518	0.0353	0.0460
46	0.1671	0.0519	0.0355	0.0460
47	0.1626	0.0521	0.0356	0.0462
48	0.1597	0.0525	0.0359	0.0465
49	0.1576	0.0529	0.0361	0.0468
50	0.1520	0.0532	0.0363	0.0473
51	0.1474	0.0535	0.0365	0.0474
52	0.1446	0.0537	0.0366	0.0477
53	0.1422	0.0542	0.0370	0.0482
54	0.1394	0.0546	0.0371	0.0486
55	0.1343	0.0550	0.0373	0.0490
56	0.1319	0.0554	0.0376	0.0492
57	0.1305	0.0557	0.0376	0.0495
58	0.1276	0.0559	0.0378	0.0498
59	0.1250	0.0565	0.0381	0.0503
60	0.1224	0.0565	0.0381	0.0506
61	0.1191	0.0571	0.0383	0.0510
62	0.1152	0.0571	0.0383	0.0512
63	0.1157	0.0575	0.0386	0.0516
64	0.1122	0.0576	0.0387	0.0517
65	0.1093	0.0575	0.0388	0.0518
66	0.1087	0.0577	0.0389	0.0520
67	0.1045	0.0580	0.0390	0.0523
68	0.1034	0.0583	0.0392	0.0525
69	0.1037	0.0586	0.0394	0.0529
70	0.1001	0.0592	0.0399	0.0537
71	0.0971	0.0598	0.0402	0.0544
72	0.0969	0.0602	0.0405	0.0549
73	0.0921	0.0606	0.0407	0.0553
74	0.0916	0.0610	0.0410	0.0557
75	0.0921	0.0612	0.0412	0.0561
76	0.0868	0.0615	0.0415	0.0563
77	0.0873	0.0617	0.0416	0.0565
78	0.0865	0.0621	0.0419	0.0569
79	0.0844	0.0621	0.0421	0.0571
80	0.0835	0.0620	0.0419	0.0571
81	0.0803	0.0624	0.0422	0.0575
82	0.0806	0.0624	0.0423	0.0576
83	0.0793	0.0627	0.0426	0.0578
84	0.0797	0.0634	0.0430	0.0584
85	0.0753	0.0638	0.0431	0.0586
86	0.0767	0.0642	0.0433	0.0590
87	0.0733	0.0642	0.0433	0.0591
88	0.0726	0.0640	0.0433	0.0592
89	0.0710	0.0641	0.0434	0.0593
90	0.0716	0.0640	0.0433	0.0594
91	0.0697	0.0641	0.0433	0.0596
92	0.0666	0.0644	0.0436	0.0599
93	0.0652	0.0650	0.0439	0.0603
94	0.0658	0.0651	0.0439	0.0605
95	0.0651	0.0656	0.0440	0.0608
96	0.0653	0.0659	0.0443	0.0612
97	0.0640	0.0661	0.0443	0.0613
98	0.0622	0.0667	0.0447	0.0615
99	0.0613	0.0666	0.0445	0.0615
100	0.0612	0.0668	0.0446	0.0616
101	0.0601	0.0667	0.0447	0.0617
102	0.0588	0.0667	0.0447	0.0619
103	0.0578	0.0673	0.0449	0.0623
104	0.0576	0.0677	0.0452	0.0625
105	0.0592	0.0674	0.0453	0.0625
106	0.0565	0.0675	0.0453	0.0626
107	0.0545	0.0674	0.0453	0.0627
108	0.0526	0.0676	0.0455	0.0629
109	0.0536	0.0678	0.0457	0.0631
110	0.0524	0.0684	0.0459	0.0635
111	0.0531	0.0685	0.0460	0.0637
112	0.0525	0.0686	0.0460	0.0638
113	0.0517	0.0691	0.0463	0.0642
114	0.0519	0.0691	0.0463	0.0642
115	0.0498	0.0698	0.0467	0.0648
116	0.0488	0.0697	0.0467	0.0648
117	0.0501	0.0699	0.0468	0.0650
118	0.0478	0.0700	0.0468	0.0652
119	0.0475	0.0703	0.0469	0.0654
120	0.0479	0.0701	0.0468	0.0655
121	0.0459	0.0703	0.0469	0.0656
122	0.0462	0.0704	0.0470	0.0658
123	0.0465	0.0705	0.0469	0.0659
124	0.0441	0.0706	0.0469	0.0661
125	0.0438	0.0709	0.0470	0.0663
126	0.0435	0.0712	0.0472	0.0666
127	0.0439	0.0713	0.0473	0.0667
128	0.0433	0.0714	0.0475	0.0669
129	0.0419	0.0713	0.0474	0.0669
130	0.0430	0.0715	0.0475	0.0671
131	0.0393	0.0713	0.0474	0.0670
132	0.0404	0.0717	0.0477	0.0674
133	0.0396	0.0716	0.0476	0.0673
134	0.0419	0.0720	0.0477	0.0674
135	0.0400	0.0723	0.0476	0.0675
136	0.0396	0.0724	0.0477	0.0677
137	0.0390	0.0725	0.0478	0.0677
138	0.0376	0.0724	0.0477	0.0677
139	0.0368	0.0726	0.0478	0.0680
140	0.0386	0.0728	0.0479	0.0681
141	0.0363	0.0731	0.0481	0.0683
142	0.0372	0.0732	0.0481	0.0684
143	0.0369	0.0735	0.0483	0.0685
144	0.0369	0.0736	0.0483	0.0686
145	0.0356	0.0737	0.0484	0.0688
146	0.0348	0.0737	0.0484	0.0689
147	0.0357	0.0741	0.0486	0.0692
148	0.0352	0.0739	0.0485	0.0692
149	0.0348	0.0740	0.0485	0.0693
150	0.0330	0.0747	0.0488	0.0697
