{"n_layers": 2, "device": "cuda", "batch_size": 2048, "embedding_dim": 128, "learning_rate": 0.0005, "dataset": "dbbook", "epochs": 150, "top_k": 50, "multimodal": false, "datasets": {"dbbook": ["images", "text"], "ml1m": ["audio", "images", "text", "video"]}}
Epoch	Loss	Recall	Precision	NDCG
1	0.6926	0.0398	0.0057	0.0233
2	0.6917	0.1160	0.0170	0.0618
3	0.6891	0.1293	0.0189	0.0670
4	0.6824	0.1273	0.0187	0.0652
5	0.6689	0.1247	0.0183	0.0632
6	0.6471	0.1213	0.0180	0.0618
7	0.6169	0.1199	0.0178	0.0613
8	0.5817	0.1199	0.0178	0.0611
9	0.5447	0.1196	0.0177	0.0609
10	0.5088	0.1198	0.0177	0.0609
11	0.4764	0.1200	0.0178	0.0609
12	0.4482	0.1200	0.0178	0.0609
13	0.4245	0.1205	0.0178	0.0611
14	0.4043	0.1210	0.0179	0.0614
15	0.3872	0.1218	0.0180	0.0619
16	0.3721	0.1224	0.0181	0.0623
17	0.3586	0.1232	0.0182	0.0628
18	0.3503	0.1241	0.0183	0.0633
19	0.3384	0.1251	0.0184	0.0638
20	0.3297	0.1258	0.0186	0.0644
21	0.3228	0.1265	0.0186	0.0650
22	0.3162	0.1274	0.0188	0.0656
23	0.3063	0.1281	0.0189	0.0662
24	0.3050	0.1289	0.0190	0.0667
25	0.2959	0.1301	0.0192	0.0674
26	0.2891	0.1309	0.0193	0.0678
27	0.2855	0.1318	0.0194	0.0684
28	0.2781	0.1326	0.0195	0.0689
29	0.2753	0.1330	0.0195	0.0692
30	0.2719	0.1338	0.0196	0.0697
31	0.2680	0.1345	0.0197	0.0702
32	0.2568	0.1354	0.0199	0.0708
33	0.2598	0.1364	0.0200	0.0714
34	0.2513	0.1369	0.0200	0.0718
35	0.2446	0.1376	0.0202	0.0723
36	0.2398	0.1385	0.0203	0.0729
37	0.2355	0.1398	0.0205	0.0736
38	0.2304	0.1408	0.0206	0.0741
39	0.2296	0.1416	0.0207	0.0749
40	0.2251	0.1426	0.0208	0.0756
41	0.2228	0.1438	0.0209	0.0763
42	0.2167	0.1451	0.0211	0.0772
43	0.2157	0.1462	0.0212	0.0778
44	0.2108	0.1472	0.0214	0.0785
45	0.2072	0.1483	0.0215	0.0791
46	0.2010	0.1496	0.0217	0.0798
47	0.1991	0.1505	0.0218	0.0804
48	0.1968	0.1513	0.0219	0.0810
49	0.1941	0.1522	0.0220	0.0816
50	0.1906	0.1535	0.0222	0.0823
51	0.1845	0.1543	0.0222	0.0829
52	0.1844	0.1553	0.0223	0.0834
53	0.1793	0.1563	0.0225	0.0840
54	0.1761	0.1574	0.0226	0.0844
55	0.1728	0.1588	0.0228	0.0851
56	0.1695	0.1597	0.0229	0.0856
57	0.1685	0.1605	0.0231	0.0862
58	0.1658	0.1618	0.0232	0.0870
59	0.1625	0.1626	0.0233	0.0875
60	0.1629	0.1642	0.0235	0.0882
61	0.1568	0.1650	0.0236	0.0885
62	0.1554	0.1656	0.0236	0.0890
63	0.1551	0.1665	0.0238	0.0897
64	0.1490	0.1679	0.0239	0.0903
65	0.1478	0.1688	0.0240	0.0909
66	0.1462	0.1697	0.0242	0.0914
67	0.1459	0.1703	0.0242	0.0917
68	0.1424	0.1712	0.0243	0.0923
69	0.1412	0.1717	0.0244	0.0927
70	0.1380	0.1728	0.0245	0.0930
71	0.1391	0.1733	0.0246	0.0934
72	0.1312	0.1737	0.0246	0.0937
73	0.1337	0.1746	0.0247	0.0942
74	0.1268	0.1749	0.0248	0.0945
75	0.1311	0.1754	0.0248	0.0946
76	0.1290	0.1767	0.0250	0.0953
77	0.1258	0.1778	0.0251	0.0961
78	0.1229	0.1788	0.0252	0.0965
79	0.1206	0.1794	0.0253	0.0969
80	0.1179	0.1799	0.0253	0.0973
81	0.1185	0.1808	0.0254	0.0977
82	0.1159	0.1817	0.0255	0.0980
83	0.1142	0.1827	0.0256	0.0986
84	0.1106	0.1837	0.0257	0.0990
85	0.1106	0.1840	0.0257	0.0994
86	0.1099	0.1845	0.0258	0.0996
87	0.1069	0.1847	0.0258	0.0999
88	0.1075	0.1849	0.0258	0.1002
89	0.1061	0.1855	0.0259	0.1005
90	0.1065	0.1858	0.0259	0.1008
91	0.1027	0.1870	0.0261	0.1014
92	0.0996	0.1874	0.0262	0.1018
93	0.1005	0.1880	0.0262	0.1021
94	0.0996	0.1885	0.0263	0.1024
95	0.0960	0.1889	0.0264	0.1026
96	0.0951	0.1892	0.0264	0.1028
97	0.0958	0.1897	0.0265	0.1031
98	0.0932	0.1899	0.0265	0.1032
99	0.0932	0.1903	0.0265	0.1035
100	0.0898	0.1906	0.0265	0.1037
101	0.0914	0.1914	0.0266	0.1041
102	0.0888	0.1918	0.0266	0.1043
103	0.0876	0.1921	0.0267	0.1047
104	0.0849	0.1925	0.0268	0.1049
105	0.0876	0.1927	0.0268	0.1051
106	0.0857	0.1937	0.0269	0.1055
107	0.0870	0.1934	0.0269	0.1056
108	0.0828	0.1942	0.0269	0.1060
109	0.0851	0.1946	0.0270	0.1063
110	0.0808	0.1949	0.0270	0.1066
111	0.0802	0.1949	0.0270	0.1067
112	0.0801	0.1956	0.0270	0.1069
113	0.0773	0.1956	0.0270	0.1070
114	0.0786	0.1958	0.0270	0.1071
115	0.0771	0.1960	0.0270	0.1074
116	0.0757	0.1959	0.0271	0.1075
117	0.0758	0.1957	0.0270	0.1077
118	0.0730	0.1959	0.0271	0.1078
119	0.0734	0.1965	0.0271	0.1081
120	0.0747	0.1968	0.0272	0.1084
121	0.0744	0.1971	0.0272	0.1085
122	0.0724	0.1969	0.0272	0.1086
123	0.0702	0.1973	0.0272	0.1087
124	0.0693	0.1970	0.0272	0.1088
125	0.0713	0.1973	0.0272	0.1089
126	0.0689	0.1979	0.0273	0.1093
127	0.0687	0.1981	0.0273	0.1095
128	0.0699	0.1986	0.0273	0.1098
129	0.0657	0.1993	0.0274	0.1102
130	0.0658	0.1996	0.0274	0.1104
131	0.0647	0.1995	0.0274	0.1105
132	0.0646	0.1999	0.0275	0.1108
133	0.0642	0.2007	0.0275	0.1110
134	0.0622	0.2009	0.0275	0.1111
135	0.0623	0.2012	0.0276	0.1112
136	0.0621	0.2014	0.0276	0.1113
137	0.0623	0.2015	0.0276	0.1115
138	0.0613	0.2018	0.0277	0.1118
139	0.0607	0.2019	0.0277	0.1119
140	0.0616	0.2020	0.0277	0.1122
141	0.0592	0.2025	0.0277	0.1125
142	0.0575	0.2029	0.0277	0.1127
143	0.0584	0.2030	0.0277	0.1129
144	0.0564	0.2031	0.0278	0.1131
145	0.0574	0.2035	0.0278	0.1132
146	0.0560	0.2036	0.0278	0.1135
147	0.0552	0.2038	0.0278	0.1137
148	0.0561	0.2042	0.0279	0.1138
149	0.0565	0.2041	0.0278	0.1138
150	0.0560	0.2046	0.0279	0.1142
