{"n_layers": 2, "device": "cuda", "batch_size": 2048, "embedding_dim": 64, "learning_rate": 0.001, "dataset": "dbbook", "epochs": 150, "top_k": 10, "multimodal": true, "datasets": {"dbbook": ["images", "text"], "ml1m": ["audio", "images", "text", "video"]}}
Epoch	Loss	Recall	Precision	NDCG
1	0.6927	0.0154	0.0100	0.0145
2	0.6912	0.0386	0.0265	0.0374
3	0.6885	0.0463	0.0315	0.0440
4	0.6834	0.0456	0.0317	0.0418
5	0.6743	0.0426	0.0300	0.0376
6	0.6598	0.0402	0.0283	0.0342
7	0.6387	0.0381	0.0269	0.0320
8	0.6118	0.0357	0.0253	0.0300
9	0.5807	0.0343	0.0245	0.0288
10	0.5473	0.0332	0.0236	0.0279
11	0.5141	0.0324	0.0230	0.0273
12	0.4831	0.0324	0.0231	0.0273
13	0.4548	0.0321	0.0228	0.0272
14	0.4294	0.0319	0.0230	0.0273
15	0.4083	0.0323	0.0233	0.0276
16	0.3887	0.0317	0.0231	0.0274
17	0.3697	0.0323	0.0236	0.0279
18	0.3589	0.0330	0.0239	0.0284
19	0.3436	0.0330	0.0239	0.0286
20	0.3332	0.0335	0.0244	0.0290
21	0.3214	0.0337	0.0246	0.0292
22	0.3151	0.0344	0.0250	0.0297
23	0.3048	0.0350	0.0254	0.0302
24	0.2998	0.0350	0.0255	0.0304
25	0.2886	0.0351	0.0256	0.0306
26	0.2808	0.0354	0.0259	0.0309
27	0.2776	0.0363	0.0264	0.0316
28	0.2740	0.0365	0.0267	0.0319
29	0.2653	0.0370	0.0268	0.0321
30	0.2581	0.0371	0.0270	0.0323
31	0.2555	0.0375	0.0273	0.0327
32	0.2487	0.0377	0.0276	0.0330
33	0.2432	0.0383	0.0278	0.0334
34	0.2401	0.0387	0.0281	0.0337
35	0.2357	0.0387	0.0281	0.0338
36	0.2303	0.0390	0.0284	0.0341
37	0.2261	0.0394	0.0287	0.0345
38	0.2234	0.0399	0.0290	0.0349
39	0.2165	0.0404	0.0293	0.0355
40	0.2183	0.0407	0.0297	0.0359
41	0.2086	0.0409	0.0298	0.0362
42	0.2053	0.0412	0.0301	0.0365
43	0.2045	0.0415	0.0302	0.0371
44	0.2014	0.0415	0.0303	0.0375
45	0.1945	0.0422	0.0307	0.0380
46	0.1942	0.0431	0.0313	0.0388
47	0.1915	0.0435	0.0316	0.0393
48	0.1906	0.0443	0.0322	0.0401
49	0.1858	0.0446	0.0324	0.0404
50	0.1820	0.0446	0.0323	0.0404
51	0.1781	0.0448	0.0324	0.0405
52	0.1775	0.0450	0.0325	0.0406
53	0.1749	0.0456	0.0329	0.0409
54	0.1703	0.0459	0.0330	0.0411
55	0.1670	0.0462	0.0333	0.0414
56	0.1660	0.0473	0.0338	0.0421
57	0.1648	0.0473	0.0340	0.0422
58	0.1608	0.0481	0.0343	0.0426
59	0.1593	0.0487	0.0346	0.0430
60	0.1533	0.0490	0.0348	0.0435
61	0.1520	0.0489	0.0347	0.0436
62	0.1500	0.0490	0.0347	0.0437
63	0.1496	0.0488	0.0347	0.0437
64	0.1471	0.0495	0.0351	0.0441
65	0.1453	0.0498	0.0353	0.0442
66	0.1422	0.0499	0.0353	0.0444
67	0.1436	0.0503	0.0355	0.0446
68	0.1427	0.0504	0.0356	0.0449
69	0.1376	0.0508	0.0359	0.0453
70	0.1332	0.0509	0.0359	0.0455
71	0.1345	0.0510	0.0361	0.0458
72	0.1300	0.0515	0.0363	0.0463
73	0.1292	0.0519	0.0366	0.0467
74	0.1295	0.0524	0.0369	0.0471
75	0.1254	0.0528	0.0370	0.0474
76	0.1259	0.0533	0.0373	0.0477
77	0.1254	0.0534	0.0374	0.0478
78	0.1234	0.0536	0.0375	0.0480
79	0.1210	0.0540	0.0377	0.0483
80	0.1221	0.0544	0.0379	0.0487
81	0.1210	0.0551	0.0383	0.0493
82	0.1192	0.0551	0.0384	0.0494
83	0.1130	0.0554	0.0386	0.0498
84	0.1147	0.0559	0.0389	0.0502
85	0.1117	0.0559	0.0389	0.0503
86	0.1144	0.0566	0.0391	0.0506
87	0.1079	0.0570	0.0393	0.0509
88	0.1061	0.0575	0.0396	0.0512
89	0.1089	0.0577	0.0398	0.0514
90	0.1042	0.0575	0.0398	0.0515
91	0.1050	0.0578	0.0399	0.0517
92	0.1036	0.0577	0.0398	0.0516
93	0.1041	0.0576	0.0398	0.0517
94	0.0986	0.0576	0.0398	0.0517
95	0.1021	0.0579	0.0400	0.0522
96	0.0999	0.0586	0.0403	0.0525
97	0.0973	0.0589	0.0405	0.0528
98	0.0966	0.0587	0.0404	0.0529
99	0.0969	0.0586	0.0404	0.0529
100	0.0946	0.0588	0.0405	0.0531
101	0.0933	0.0591	0.0407	0.0535
102	0.0934	0.0595	0.0408	0.0537
103	0.0908	0.0598	0.0410	0.0540
104	0.0927	0.0599	0.0411	0.0542
105	0.0900	0.0599	0.0411	0.0543
106	0.0897	0.0600	0.0412	0.0544
107	0.0901	0.0599	0.0411	0.0544
108	0.0885	0.0602	0.0414	0.0547
109	0.0876	0.0603	0.0415	0.0549
110	0.0875	0.0604	0.0416	0.0551
111	0.0844	0.0603	0.0416	0.0552
112	0.0829	0.0607	0.0418	0.0554
113	0.0824	0.0606	0.0418	0.0553
114	0.0825	0.0605	0.0417	0.0553
115	0.0825	0.0608	0.0417	0.0555
116	0.0807	0.0611	0.0419	0.0558
117	0.0827	0.0612	0.0420	0.0560
118	0.0781	0.0611	0.0419	0.0561
119	0.0776	0.0616	0.0422	0.0565
120	0.0762	0.0617	0.0423	0.0566
121	0.0768	0.0621	0.0425	0.0569
122	0.0788	0.0620	0.0424	0.0569
123	0.0726	0.0621	0.0425	0.0571
124	0.0740	0.0623	0.0426	0.0572
125	0.0765	0.0627	0.0428	0.0576
126	0.0737	0.0631	0.0432	0.0581
127	0.0716	0.0637	0.0435	0.0584
128	0.0721	0.0639	0.0436	0.0587
129	0.0709	0.0639	0.0436	0.0588
130	0.0703	0.0638	0.0436	0.0587
131	0.0712	0.0642	0.0437	0.0591
132	0.0705	0.0644	0.0438	0.0594
133	0.0680	0.0645	0.0439	0.0596
134	0.0683	0.0648	0.0441	0.0598
135	0.0683	0.0652	0.0443	0.0600
136	0.0680	0.0655	0.0443	0.0602
137	0.0676	0.0656	0.0444	0.0604
138	0.0653	0.0655	0.0443	0.0603
139	0.0684	0.0655	0.0443	0.0602
140	0.0658	0.0655	0.0443	0.0602
141	0.0630	0.0656	0.0444	0.0603
142	0.0650	0.0661	0.0447	0.0607
143	0.0645	0.0659	0.0446	0.0606
144	0.0623	0.0662	0.0447	0.0607
145	0.0603	0.0663	0.0447	0.0608
146	0.0613	0.0665	0.0449	0.0610
147	0.0617	0.0666	0.0449	0.0611
148	0.0604	0.0666	0.0449	0.0613
149	0.0594	0.0670	0.0451	0.0615
150	0.0596	0.0669	0.0451	0.0615
