{"n_layers": 0, "device": "cuda", "batch_size": 2048, "embedding_dim": 1024, "learning_rate": 0.001, "dataset": "dbbook", "epochs": 150, "top_k": 50, "model": "ef-mmlgcn", "fusion": "max", "multimodal": true, "datasets": {"dbbook": ["images", "text"], "ml1m": ["audio", "images", "text", "video"]}}
Epoch	Loss	Recall	Precision	NDCG
1	0.6922	0.0241	0.0030	0.0136
2	0.6701	0.0451	0.0056	0.0284
3	0.6493	0.0636	0.0081	0.0442
4	0.6250	0.0879	0.0115	0.0623
5	0.5952	0.1121	0.0148	0.0784
6	0.5593	0.1337	0.0179	0.0916
7	0.5174	0.1538	0.0206	0.1025
8	0.4701	0.1673	0.0224	0.1095
9	0.4206	0.1752	0.0237	0.1140
10	0.3712	0.1837	0.0248	0.1180
11	0.3254	0.1882	0.0255	0.1198
12	0.2836	0.1911	0.0259	0.1215
13	0.2480	0.1947	0.0264	0.1234
14	0.2166	0.1972	0.0267	0.1247
15	0.1905	0.1995	0.0270	0.1259
16	0.1694	0.2016	0.0272	0.1268
17	0.1488	0.2029	0.0274	0.1274
18	0.1335	0.2050	0.0277	0.1282
19	0.1196	0.2062	0.0279	0.1291
20	0.1075	0.2080	0.0280	0.1300
21	0.0972	0.2098	0.0282	0.1311
22	0.0880	0.2110	0.0284	0.1320
23	0.0805	0.2134	0.0287	0.1336
24	0.0742	0.2145	0.0288	0.1346
25	0.0679	0.2152	0.0289	0.1355
26	0.0624	0.2157	0.0290	0.1364
27	0.0577	0.2166	0.0291	0.1373
28	0.0535	0.2180	0.0292	0.1379
29	0.0491	0.2189	0.0293	0.1382
30	0.0469	0.2191	0.0293	0.1384
31	0.0432	0.2198	0.0294	0.1390
32	0.0409	0.2201	0.0294	0.1391
33	0.0383	0.2207	0.0296	0.1394
34	0.0362	0.2210	0.0296	0.1397
35	0.0342	0.2220	0.0296	0.1398
36	0.0323	0.2223	0.0297	0.1398
37	0.0316	0.2226	0.0297	0.1400
38	0.0292	0.2224	0.0297	0.1402
39	0.0277	0.2231	0.0298	0.1408
40	0.0267	0.2242	0.0299	0.1413
41	0.0263	0.2241	0.0299	0.1414
42	0.0244	0.2250	0.0300	0.1417
43	0.0237	0.2250	0.0300	0.1419
44	0.0229	0.2253	0.0300	0.1422
45	0.0218	0.2257	0.0300	0.1426
46	0.0210	0.2261	0.0301	0.1428
47	0.0206	0.2260	0.0301	0.1428
48	0.0195	0.2251	0.0300	0.1425
49	0.0188	0.2262	0.0301	0.1429
50	0.0184	0.2261	0.0301	0.1431
51	0.0176	0.2261	0.0301	0.1430
52	0.0173	0.2264	0.0301	0.1430
53	0.0168	0.2274	0.0302	0.1437
54	0.0166	0.2276	0.0302	0.1440
55	0.0165	0.2275	0.0302	0.1443
56	0.0155	0.2279	0.0303	0.1446
57	0.0150	0.2284	0.0304	0.1448
58	0.0149	0.2278	0.0303	0.1446
59	0.0145	0.2275	0.0303	0.1444
60	0.0140	0.2277	0.0302	0.1445
61	0.0136	0.2278	0.0302	0.1444
62	0.0131	0.2282	0.0303	0.1445
63	0.0136	0.2289	0.0303	0.1449
64	0.0132	0.2279	0.0303	0.1448
65	0.0125	0.2281	0.0303	0.1451
66	0.0129	0.2279	0.0302	0.1450
67	0.0123	0.2281	0.0302	0.1450
68	0.0121	0.2285	0.0303	0.1453
69	0.0117	0.2285	0.0303	0.1454
70	0.0115	0.2288	0.0303	0.1456
71	0.0120	0.2286	0.0303	0.1458
72	0.0109	0.2285	0.0302	0.1457
73	0.0108	0.2288	0.0303	0.1457
74	0.0108	0.2288	0.0303	0.1458
75	0.0112	0.2292	0.0303	0.1460
76	0.0106	0.2293	0.0303	0.1461
77	0.0103	0.2294	0.0303	0.1459
78	0.0104	0.2300	0.0304	0.1462
79	0.0103	0.2301	0.0304	0.1467
80	0.0102	0.2302	0.0304	0.1465
81	0.0102	0.2300	0.0304	0.1465
82	0.0102	0.2300	0.0304	0.1466
83	0.0100	0.2305	0.0304	0.1467
84	0.0102	0.2300	0.0304	0.1467
85	0.0093	0.2300	0.0304	0.1467
86	0.0098	0.2303	0.0304	0.1469
87	0.0095	0.2302	0.0304	0.1468
88	0.0091	0.2304	0.0304	0.1469
89	0.0095	0.2307	0.0304	0.1471
90	0.0088	0.2309	0.0305	0.1472
91	0.0086	0.2307	0.0305	0.1473
92	0.0093	0.2307	0.0305	0.1476
93	0.0090	0.2305	0.0305	0.1476
94	0.0087	0.2307	0.0305	0.1477
95	0.0088	0.2305	0.0305	0.1476
96	0.0088	0.2313	0.0306	0.1478
97	0.0088	0.2316	0.0306	0.1480
98	0.0089	0.2308	0.0305	0.1480
99	0.0088	0.2311	0.0305	0.1481
100	0.0083	0.2324	0.0306	0.1486
101	0.0081	0.2318	0.0306	0.1484
102	0.0087	0.2321	0.0306	0.1485
103	0.0080	0.2325	0.0306	0.1486
104	0.0088	0.2330	0.0307	0.1486
105	0.0080	0.2333	0.0307	0.1488
106	0.0083	0.2331	0.0307	0.1488
107	0.0080	0.2328	0.0307	0.1486
108	0.0078	0.2335	0.0307	0.1491
109	0.0080	0.2336	0.0308	0.1492
110	0.0082	0.2340	0.0308	0.1493
111	0.0079	0.2347	0.0308	0.1496
112	0.0085	0.2340	0.0307	0.1496
113	0.0078	0.2343	0.0307	0.1497
114	0.0077	0.2343	0.0307	0.1499
115	0.0077	0.2345	0.0308	0.1500
116	0.0080	0.2346	0.0308	0.1498
117	0.0079	0.2345	0.0308	0.1500
118	0.0078	0.2341	0.0307	0.1495
119	0.0076	0.2340	0.0307	0.1495
120	0.0077	0.2344	0.0308	0.1498
121	0.0076	0.2349	0.0308	0.1501
122	0.0076	0.2352	0.0309	0.1501
123	0.0074	0.2347	0.0308	0.1498
124	0.0072	0.2349	0.0308	0.1499
125	0.0075	0.2350	0.0308	0.1502
126	0.0075	0.2359	0.0308	0.1507
127	0.0078	0.2357	0.0309	0.1506
128	0.0080	0.2358	0.0309	0.1503
129	0.0076	0.2351	0.0308	0.1503
130	0.0072	0.2347	0.0307	0.1501
131	0.0068	0.2345	0.0307	0.1501
132	0.0079	0.2347	0.0307	0.1500
133	0.0071	0.2345	0.0307	0.1501
134	0.0072	0.2342	0.0307	0.1501
135	0.0071	0.2344	0.0307	0.1500
136	0.0072	0.2351	0.0308	0.1502
137	0.0069	0.2344	0.0307	0.1500
138	0.0069	0.2339	0.0306	0.1500
139	0.0071	0.2343	0.0307	0.1501
140	0.0075	0.2346	0.0307	0.1503
141	0.0073	0.2349	0.0307	0.1505
142	0.0074	0.2347	0.0307	0.1503
143	0.0072	0.2341	0.0306	0.1499
144	0.0070	0.2335	0.0306	0.1495
145	0.0075	0.2339	0.0306	0.1496
146	0.0067	0.2338	0.0306	0.1498
147	0.0071	0.2342	0.0306	0.1502
148	0.0070	0.2345	0.0307	0.1503
149	0.0069	0.2343	0.0307	0.1504
150	0.0072	0.2346	0.0307	0.1505
