{"n_layers": 1, "device": "cuda", "batch_size": 2048, "embedding_dim": 1024, "learning_rate": 0.001, "dataset": "dbbook", "epochs": 150, "top_k": 50, "multimodal": false, "datasets": {"dbbook": ["images", "text"], "ml1m": ["audio", "images", "text", "video"]}}
Epoch	Loss	Recall	Precision	NDCG
1	0.6850	0.1115	0.0156	0.0682
2	0.6607	0.1636	0.0227	0.0901
3	0.5994	0.1613	0.0227	0.0870
4	0.4915	0.1548	0.0220	0.0832
5	0.3741	0.1542	0.0220	0.0832
6	0.2831	0.1560	0.0222	0.0850
7	0.2224	0.1633	0.0231	0.0893
8	0.1767	0.1683	0.0238	0.0928
9	0.1458	0.1746	0.0246	0.0968
10	0.1212	0.1799	0.0252	0.1000
11	0.1047	0.1843	0.0257	0.1030
12	0.0910	0.1904	0.0264	0.1063
13	0.0757	0.1945	0.0268	0.1087
14	0.0680	0.1973	0.0271	0.1108
15	0.0597	0.1993	0.0274	0.1126
16	0.0540	0.2004	0.0275	0.1141
17	0.0480	0.2027	0.0277	0.1154
18	0.0429	0.2046	0.0279	0.1169
19	0.0390	0.2054	0.0279	0.1176
20	0.0368	0.2059	0.0279	0.1182
21	0.0347	0.2063	0.0279	0.1188
22	0.0313	0.2069	0.0279	0.1195
23	0.0298	0.2079	0.0280	0.1196
24	0.0260	0.2088	0.0281	0.1202
25	0.0249	0.2091	0.0280	0.1206
26	0.0241	0.2100	0.0281	0.1211
27	0.0221	0.2101	0.0281	0.1215
28	0.0212	0.2096	0.0279	0.1216
29	0.0201	0.2101	0.0279	0.1220
30	0.0188	0.2104	0.0279	0.1225
31	0.0183	0.2102	0.0278	0.1227
32	0.0172	0.2098	0.0278	0.1229
33	0.0169	0.2094	0.0277	0.1231
34	0.0160	0.2083	0.0276	0.1230
35	0.0159	0.2088	0.0276	0.1234
36	0.0149	0.2088	0.0275	0.1234
37	0.0150	0.2094	0.0276	0.1236
38	0.0140	0.2087	0.0274	0.1237
39	0.0133	0.2086	0.0274	0.1238
40	0.0133	0.2083	0.0274	0.1237
41	0.0138	0.2086	0.0274	0.1239
42	0.0127	0.2087	0.0274	0.1239
43	0.0121	0.2078	0.0272	0.1232
44	0.0121	0.2090	0.0273	0.1241
45	0.0112	0.2087	0.0272	0.1240
46	0.0112	0.2088	0.0272	0.1238
47	0.0109	0.2085	0.0271	0.1236
48	0.0103	0.2083	0.0270	0.1234
49	0.0096	0.2085	0.0270	0.1233
50	0.0092	0.2084	0.0271	0.1233
51	0.0098	0.2076	0.0270	0.1230
52	0.0100	0.2064	0.0268	0.1225
53	0.0102	0.2070	0.0269	0.1224
54	0.0094	0.2057	0.0267	0.1220
55	0.0097	0.2059	0.0267	0.1219
56	0.0095	0.2060	0.0267	0.1219
57	0.0085	0.2062	0.0267	0.1218
58	0.0084	0.2066	0.0267	0.1218
59	0.0087	0.2056	0.0266	0.1215
60	0.0088	0.2053	0.0265	0.1213
61	0.0088	0.2058	0.0265	0.1213
62	0.0087	0.2050	0.0264	0.1210
63	0.0086	0.2054	0.0265	0.1211
64	0.0087	0.2048	0.0264	0.1209
65	0.0078	0.2045	0.0263	0.1209
66	0.0083	0.2041	0.0263	0.1209
67	0.0077	0.2040	0.0263	0.1213
68	0.0083	0.2033	0.0262	0.1212
69	0.0082	0.2035	0.0262	0.1210
70	0.0077	0.2040	0.0262	0.1209
71	0.0077	0.2040	0.0262	0.1208
72	0.0073	0.2037	0.0262	0.1212
73	0.0077	0.2039	0.0262	0.1212
74	0.0081	0.2042	0.0262	0.1213
75	0.0071	0.2037	0.0262	0.1213
76	0.0072	0.2040	0.0262	0.1211
77	0.0073	0.2045	0.0262	0.1214
78	0.0071	0.2040	0.0262	0.1213
79	0.0074	0.2035	0.0261	0.1211
80	0.0067	0.2025	0.0260	0.1210
81	0.0071	0.2030	0.0260	0.1213
82	0.0074	0.2032	0.0261	0.1211
83	0.0073	0.2033	0.0261	0.1212
84	0.0069	0.2036	0.0261	0.1214
85	0.0077	0.2026	0.0260	0.1210
86	0.0075	0.2026	0.0260	0.1208
87	0.0063	0.2026	0.0260	0.1208
88	0.0067	0.2027	0.0260	0.1206
89	0.0069	0.2024	0.0259	0.1205
90	0.0061	0.2021	0.0258	0.1204
91	0.0074	0.2013	0.0258	0.1201
92	0.0065	0.2008	0.0257	0.1198
93	0.0063	0.2008	0.0258	0.1197
94	0.0066	0.2007	0.0257	0.1195
95	0.0070	0.2006	0.0257	0.1194
96	0.0066	0.1999	0.0256	0.1191
97	0.0063	0.1984	0.0254	0.1187
98	0.0062	0.1983	0.0254	0.1185
99	0.0065	0.1985	0.0254	0.1186
100	0.0063	0.1988	0.0254	0.1187
101	0.0064	0.1988	0.0254	0.1188
102	0.0066	0.1985	0.0254	0.1189
103	0.0060	0.1986	0.0254	0.1188
104	0.0063	0.1983	0.0253	0.1185
105	0.0062	0.1984	0.0253	0.1187
106	0.0062	0.1983	0.0253	0.1185
107	0.0067	0.1980	0.0253	0.1184
108	0.0067	0.1976	0.0252	0.1181
109	0.0063	0.1977	0.0252	0.1180
110	0.0069	0.1973	0.0252	0.1178
111	0.0061	0.1977	0.0252	0.1180
112	0.0061	0.1975	0.0252	0.1180
113	0.0061	0.1983	0.0252	0.1182
114	0.0056	0.1974	0.0252	0.1181
115	0.0060	0.1978	0.0252	0.1179
116	0.0058	0.1972	0.0252	0.1179
117	0.0062	0.1973	0.0252	0.1178
118	0.0066	0.1972	0.0251	0.1180
119	0.0059	0.1976	0.0251	0.1180
120	0.0055	0.1970	0.0251	0.1178
121	0.0061	0.1975	0.0251	0.1179
122	0.0065	0.1974	0.0251	0.1176
123	0.0069	0.1979	0.0251	0.1177
124	0.0067	0.1986	0.0251	0.1180
125	0.0061	0.1987	0.0252	0.1182
126	0.0057	0.1981	0.0251	0.1180
127	0.0059	0.1979	0.0250	0.1180
128	0.0058	0.1979	0.0251	0.1184
129	0.0062	0.1979	0.0250	0.1183
130	0.0068	0.1975	0.0250	0.1182
131	0.0063	0.1975	0.0250	0.1185
132	0.0062	0.1978	0.0251	0.1186
133	0.0065	0.1973	0.0250	0.1181
134	0.0057	0.1965	0.0249	0.1179
135	0.0057	0.1967	0.0249	0.1178
136	0.0062	0.1965	0.0249	0.1178
137	0.0064	0.1961	0.0250	0.1179
138	0.0059	0.1965	0.0250	0.1178
139	0.0058	0.1965	0.0250	0.1178
140	0.0060	0.1964	0.0250	0.1179
141	0.0060	0.1965	0.0250	0.1179
142	0.0059	0.1960	0.0249	0.1175
143	0.0061	0.1963	0.0250	0.1170
144	0.0060	0.1964	0.0249	0.1171
145	0.0061	0.1962	0.0250	0.1169
146	0.0059	0.1960	0.0249	0.1169
147	0.0060	0.1954	0.0249	0.1167
148	0.0058	0.1962	0.0249	0.1170
149	0.0060	0.1961	0.0249	0.1169
150	0.0063	0.1955	0.0248	0.1166
