{"n_layers": 0, "device": "cuda", "batch_size": 2048, "embedding_dim": 1024, "learning_rate": 0.001, "dataset": "dbbook", "epochs": 150, "top_k": 50, "multimodal": true, "datasets": {"dbbook": ["images", "text"], "ml1m": ["audio", "images", "text", "video"]}}
Epoch	Loss	Recall	Precision	NDCG
1	0.6932	0.0118	0.0016	0.0055
2	0.6851	0.0249	0.0032	0.0130
3	0.6758	0.0674	0.0090	0.0435
4	0.6611	0.1262	0.0169	0.0793
5	0.6374	0.1656	0.0224	0.1013
6	0.6015	0.1808	0.0246	0.1105
7	0.5519	0.1870	0.0256	0.1143
8	0.4914	0.1900	0.0261	0.1160
9	0.4266	0.1904	0.0263	0.1165
10	0.3647	0.1908	0.0264	0.1173
11	0.3105	0.1934	0.0267	0.1190
12	0.2658	0.1943	0.0268	0.1200
13	0.2275	0.1970	0.0271	0.1214
14	0.1970	0.1982	0.0272	0.1228
15	0.1712	0.2007	0.0275	0.1242
16	0.1501	0.2034	0.0278	0.1256
17	0.1314	0.2041	0.0279	0.1262
18	0.1171	0.2064	0.0281	0.1269
19	0.1040	0.2077	0.0282	0.1277
20	0.0934	0.2080	0.0282	0.1286
21	0.0834	0.2094	0.0283	0.1294
22	0.0748	0.2113	0.0284	0.1305
23	0.0692	0.2114	0.0285	0.1306
24	0.0623	0.2118	0.0286	0.1311
25	0.0567	0.2125	0.0287	0.1314
26	0.0526	0.2125	0.0286	0.1314
27	0.0481	0.2130	0.0286	0.1316
28	0.0440	0.2140	0.0287	0.1323
29	0.0415	0.2146	0.0288	0.1326
30	0.0384	0.2154	0.0289	0.1333
31	0.0358	0.2161	0.0290	0.1340
32	0.0336	0.2161	0.0290	0.1340
33	0.0316	0.2160	0.0290	0.1343
34	0.0304	0.2169	0.0290	0.1349
35	0.0285	0.2174	0.0291	0.1352
36	0.0266	0.2181	0.0291	0.1359
37	0.0253	0.2185	0.0292	0.1358
38	0.0244	0.2187	0.0291	0.1355
39	0.0234	0.2187	0.0292	0.1361
40	0.0221	0.2188	0.0292	0.1360
41	0.0210	0.2199	0.0293	0.1363
42	0.0203	0.2199	0.0293	0.1366
43	0.0198	0.2197	0.0293	0.1369
44	0.0187	0.2200	0.0292	0.1370
45	0.0182	0.2207	0.0293	0.1371
46	0.0176	0.2197	0.0293	0.1370
47	0.0171	0.2201	0.0293	0.1371
48	0.0164	0.2202	0.0293	0.1373
49	0.0155	0.2205	0.0293	0.1377
50	0.0153	0.2204	0.0293	0.1378
51	0.0141	0.2214	0.0294	0.1383
52	0.0148	0.2223	0.0295	0.1388
53	0.0141	0.2220	0.0294	0.1389
54	0.0139	0.2224	0.0294	0.1391
55	0.0135	0.2222	0.0294	0.1392
56	0.0131	0.2223	0.0293	0.1390
57	0.0128	0.2230	0.0294	0.1394
58	0.0125	0.2227	0.0294	0.1396
59	0.0122	0.2223	0.0294	0.1397
60	0.0119	0.2226	0.0294	0.1399
61	0.0120	0.2232	0.0294	0.1398
62	0.0117	0.2233	0.0295	0.1395
63	0.0116	0.2233	0.0295	0.1396
64	0.0117	0.2232	0.0295	0.1395
65	0.0110	0.2243	0.0296	0.1396
66	0.0112	0.2245	0.0295	0.1400
67	0.0110	0.2239	0.0295	0.1397
68	0.0108	0.2242	0.0295	0.1398
69	0.0101	0.2242	0.0295	0.1397
70	0.0105	0.2242	0.0295	0.1397
71	0.0098	0.2241	0.0295	0.1398
72	0.0102	0.2239	0.0295	0.1396
73	0.0100	0.2241	0.0295	0.1400
74	0.0100	0.2240	0.0295	0.1401
75	0.0101	0.2235	0.0294	0.1398
76	0.0096	0.2242	0.0295	0.1403
77	0.0093	0.2247	0.0295	0.1404
78	0.0095	0.2246	0.0295	0.1404
79	0.0094	0.2252	0.0296	0.1407
80	0.0088	0.2247	0.0295	0.1407
81	0.0090	0.2246	0.0295	0.1407
82	0.0092	0.2243	0.0295	0.1407
83	0.0091	0.2243	0.0295	0.1409
84	0.0091	0.2240	0.0295	0.1408
85	0.0088	0.2235	0.0295	0.1410
86	0.0085	0.2228	0.0294	0.1406
87	0.0086	0.2232	0.0294	0.1405
88	0.0082	0.2240	0.0295	0.1408
89	0.0086	0.2239	0.0295	0.1405
90	0.0085	0.2239	0.0294	0.1403
91	0.0083	0.2235	0.0294	0.1400
92	0.0085	0.2224	0.0293	0.1398
93	0.0087	0.2232	0.0293	0.1399
94	0.0085	0.2229	0.0292	0.1397
95	0.0083	0.2239	0.0293	0.1401
96	0.0080	0.2237	0.0293	0.1398
97	0.0080	0.2242	0.0293	0.1399
98	0.0079	0.2241	0.0293	0.1396
99	0.0080	0.2233	0.0292	0.1394
100	0.0079	0.2234	0.0292	0.1394
101	0.0081	0.2239	0.0293	0.1399
102	0.0081	0.2244	0.0294	0.1400
103	0.0077	0.2246	0.0294	0.1398
104	0.0080	0.2249	0.0294	0.1401
105	0.0076	0.2246	0.0293	0.1399
106	0.0081	0.2241	0.0294	0.1400
107	0.0079	0.2245	0.0294	0.1406
108	0.0077	0.2247	0.0294	0.1408
109	0.0079	0.2244	0.0294	0.1407
110	0.0081	0.2246	0.0294	0.1405
111	0.0078	0.2241	0.0293	0.1403
112	0.0076	0.2243	0.0294	0.1404
113	0.0076	0.2239	0.0294	0.1401
114	0.0081	0.2238	0.0293	0.1396
115	0.0075	0.2235	0.0293	0.1394
116	0.0078	0.2231	0.0292	0.1395
117	0.0078	0.2232	0.0292	0.1395
118	0.0076	0.2231	0.0292	0.1394
119	0.0074	0.2235	0.0292	0.1395
120	0.0071	0.2229	0.0292	0.1390
121	0.0071	0.2235	0.0292	0.1393
122	0.0076	0.2229	0.0292	0.1390
123	0.0072	0.2231	0.0292	0.1387
124	0.0073	0.2225	0.0291	0.1384
125	0.0072	0.2231	0.0291	0.1386
126	0.0077	0.2230	0.0291	0.1385
127	0.0070	0.2229	0.0291	0.1383
128	0.0071	0.2226	0.0291	0.1384
129	0.0075	0.2230	0.0291	0.1383
130	0.0073	0.2232	0.0291	0.1386
131	0.0072	0.2225	0.0291	0.1385
132	0.0070	0.2222	0.0291	0.1387
133	0.0076	0.2223	0.0291	0.1389
134	0.0076	0.2221	0.0291	0.1388
135	0.0071	0.2227	0.0291	0.1391
136	0.0074	0.2230	0.0291	0.1393
137	0.0077	0.2222	0.0291	0.1391
138	0.0070	0.2219	0.0290	0.1390
139	0.0075	0.2216	0.0290	0.1390
140	0.0077	0.2212	0.0290	0.1385
141	0.0075	0.2208	0.0289	0.1386
142	0.0070	0.2207	0.0289	0.1384
143	0.0069	0.2211	0.0289	0.1383
144	0.0072	0.2210	0.0289	0.1385
145	0.0069	0.2209	0.0289	0.1386
146	0.0072	0.2205	0.0288	0.1382
147	0.0069	0.2203	0.0288	0.1382
148	0.0071	0.2206	0.0289	0.1381
149	0.0069	0.2202	0.0288	0.1381
150	0.0070	0.2204	0.0288	0.1382
