{"n_layers": 0, "device": "cuda", "batch_size": 2048, "embedding_dim": 1024, "learning_rate": 0.001, "dataset": "dbbook", "epochs": 150, "top_k": 50, "multimodal": true, "datasets": {"dbbook": ["images", "text"], "ml1m": ["audio", "images", "text", "video"]}}
Epoch	Loss	Recall	Precision	NDCG
1	0.6930	0.0202	0.0025	0.0094
2	0.6824	0.0454	0.0057	0.0276
3	0.6707	0.0857	0.0112	0.0579
4	0.6539	0.1301	0.0173	0.0872
5	0.6286	0.1618	0.0217	0.1049
6	0.5924	0.1757	0.0238	0.1130
7	0.5438	0.1840	0.0252	0.1167
8	0.4856	0.1892	0.0260	0.1186
9	0.4244	0.1924	0.0265	0.1200
10	0.3652	0.1943	0.0268	0.1214
11	0.3138	0.1964	0.0271	0.1224
12	0.2691	0.1974	0.0273	0.1233
13	0.2333	0.1989	0.0274	0.1245
14	0.2026	0.2022	0.0277	0.1260
15	0.1774	0.2019	0.0277	0.1267
16	0.1567	0.2037	0.0279	0.1281
17	0.1380	0.2055	0.0281	0.1293
18	0.1221	0.2068	0.0284	0.1306
19	0.1098	0.2079	0.0285	0.1315
20	0.0981	0.2097	0.0286	0.1326
21	0.0885	0.2108	0.0288	0.1333
22	0.0804	0.2123	0.0289	0.1344
23	0.0731	0.2128	0.0290	0.1350
24	0.0672	0.2150	0.0292	0.1358
25	0.0611	0.2175	0.0295	0.1369
26	0.0570	0.2173	0.0295	0.1371
27	0.0527	0.2174	0.0295	0.1372
28	0.0482	0.2192	0.0296	0.1383
29	0.0448	0.2200	0.0297	0.1389
30	0.0415	0.2202	0.0297	0.1391
31	0.0384	0.2210	0.0299	0.1397
32	0.0370	0.2217	0.0299	0.1402
33	0.0345	0.2217	0.0299	0.1403
34	0.0330	0.2234	0.0300	0.1412
35	0.0309	0.2239	0.0301	0.1415
36	0.0294	0.2239	0.0301	0.1416
37	0.0281	0.2248	0.0302	0.1421
38	0.0264	0.2250	0.0302	0.1424
39	0.0252	0.2249	0.0302	0.1425
40	0.0240	0.2257	0.0302	0.1430
41	0.0235	0.2265	0.0304	0.1433
42	0.0227	0.2261	0.0303	0.1435
43	0.0217	0.2266	0.0303	0.1437
44	0.0209	0.2269	0.0303	0.1437
45	0.0202	0.2273	0.0304	0.1440
46	0.0192	0.2273	0.0304	0.1441
47	0.0194	0.2273	0.0304	0.1441
48	0.0178	0.2273	0.0304	0.1440
49	0.0179	0.2272	0.0304	0.1441
50	0.0167	0.2267	0.0304	0.1442
51	0.0162	0.2272	0.0304	0.1444
52	0.0156	0.2273	0.0304	0.1444
53	0.0154	0.2273	0.0304	0.1447
54	0.0156	0.2276	0.0304	0.1450
55	0.0146	0.2279	0.0304	0.1453
56	0.0146	0.2279	0.0304	0.1456
57	0.0142	0.2281	0.0304	0.1456
58	0.0133	0.2282	0.0304	0.1457
59	0.0137	0.2283	0.0304	0.1452
60	0.0130	0.2284	0.0304	0.1453
61	0.0129	0.2280	0.0304	0.1454
62	0.0126	0.2281	0.0305	0.1454
63	0.0126	0.2280	0.0304	0.1456
64	0.0118	0.2287	0.0305	0.1458
65	0.0119	0.2287	0.0305	0.1457
66	0.0118	0.2282	0.0304	0.1454
67	0.0116	0.2280	0.0304	0.1454
68	0.0115	0.2285	0.0304	0.1457
69	0.0110	0.2283	0.0304	0.1456
70	0.0111	0.2287	0.0305	0.1457
71	0.0110	0.2287	0.0304	0.1457
72	0.0109	0.2285	0.0305	0.1459
73	0.0103	0.2288	0.0305	0.1460
74	0.0104	0.2294	0.0306	0.1463
75	0.0105	0.2290	0.0306	0.1461
76	0.0103	0.2294	0.0306	0.1460
77	0.0097	0.2296	0.0306	0.1461
78	0.0100	0.2295	0.0306	0.1464
79	0.0100	0.2294	0.0306	0.1468
80	0.0095	0.2293	0.0305	0.1469
81	0.0092	0.2294	0.0305	0.1470
82	0.0091	0.2295	0.0305	0.1469
83	0.0090	0.2294	0.0305	0.1470
84	0.0092	0.2292	0.0305	0.1468
85	0.0097	0.2292	0.0305	0.1469
86	0.0090	0.2293	0.0305	0.1472
87	0.0092	0.2298	0.0305	0.1472
88	0.0086	0.2300	0.0305	0.1473
89	0.0095	0.2292	0.0304	0.1471
90	0.0089	0.2289	0.0304	0.1471
91	0.0084	0.2285	0.0304	0.1470
92	0.0087	0.2290	0.0304	0.1471
93	0.0088	0.2292	0.0305	0.1477
94	0.0085	0.2291	0.0305	0.1476
95	0.0085	0.2288	0.0305	0.1472
96	0.0084	0.2291	0.0304	0.1469
97	0.0085	0.2294	0.0305	0.1469
98	0.0086	0.2300	0.0305	0.1473
99	0.0082	0.2295	0.0304	0.1472
100	0.0085	0.2294	0.0304	0.1467
101	0.0081	0.2293	0.0304	0.1467
102	0.0080	0.2293	0.0304	0.1466
103	0.0084	0.2294	0.0305	0.1470
104	0.0080	0.2293	0.0304	0.1469
105	0.0080	0.2295	0.0304	0.1468
106	0.0081	0.2293	0.0304	0.1469
107	0.0080	0.2293	0.0304	0.1468
108	0.0081	0.2291	0.0304	0.1466
109	0.0082	0.2283	0.0303	0.1464
110	0.0081	0.2277	0.0303	0.1466
111	0.0081	0.2279	0.0303	0.1466
112	0.0084	0.2271	0.0302	0.1463
113	0.0081	0.2278	0.0303	0.1464
114	0.0077	0.2277	0.0303	0.1463
115	0.0078	0.2278	0.0303	0.1463
116	0.0077	0.2282	0.0303	0.1463
117	0.0076	0.2279	0.0302	0.1461
118	0.0076	0.2275	0.0302	0.1458
119	0.0078	0.2281	0.0303	0.1459
120	0.0074	0.2291	0.0304	0.1463
121	0.0080	0.2292	0.0303	0.1464
122	0.0075	0.2289	0.0303	0.1464
123	0.0075	0.2288	0.0303	0.1463
124	0.0074	0.2284	0.0302	0.1461
125	0.0076	0.2289	0.0303	0.1462
126	0.0077	0.2294	0.0303	0.1462
127	0.0077	0.2287	0.0303	0.1463
128	0.0079	0.2283	0.0302	0.1461
129	0.0079	0.2288	0.0303	0.1462
130	0.0075	0.2290	0.0303	0.1466
131	0.0075	0.2293	0.0303	0.1464
132	0.0072	0.2295	0.0304	0.1470
133	0.0079	0.2303	0.0304	0.1476
134	0.0076	0.2294	0.0304	0.1472
135	0.0075	0.2289	0.0302	0.1470
136	0.0080	0.2291	0.0302	0.1470
137	0.0074	0.2294	0.0303	0.1472
138	0.0073	0.2297	0.0303	0.1471
139	0.0076	0.2299	0.0303	0.1469
140	0.0073	0.2300	0.0303	0.1469
141	0.0071	0.2296	0.0302	0.1465
142	0.0072	0.2294	0.0302	0.1463
143	0.0073	0.2292	0.0301	0.1461
144	0.0074	0.2298	0.0302	0.1464
145	0.0074	0.2301	0.0302	0.1468
146	0.0067	0.2300	0.0302	0.1467
147	0.0073	0.2302	0.0303	0.1471
148	0.0071	0.2306	0.0303	0.1470
149	0.0073	0.2305	0.0303	0.1472
150	0.0075	0.2300	0.0303	0.1475
