{"n_layers": 0, "device": "cuda", "batch_size": 2048, "embedding_dim": 64, "learning_rate": 0.001, "dataset": "dbbook", "epochs": 150, "top_k": 50, "multimodal": true, "datasets": {"dbbook": ["images", "text"], "ml1m": ["audio", "images", "text", "video"]}}
Epoch	Loss	Recall	Precision	NDCG
1	0.6932	0.0095	0.0013	0.0047
2	0.6926	0.0145	0.0019	0.0070
3	0.6921	0.0231	0.0032	0.0129
4	0.6912	0.0396	0.0053	0.0232
5	0.6898	0.0597	0.0080	0.0353
6	0.6876	0.0781	0.0106	0.0463
7	0.6843	0.0967	0.0132	0.0564
8	0.6794	0.1108	0.0153	0.0643
9	0.6728	0.1225	0.0169	0.0706
10	0.6641	0.1310	0.0180	0.0754
11	0.6532	0.1377	0.0190	0.0795
12	0.6400	0.1439	0.0198	0.0831
13	0.6247	0.1472	0.0203	0.0850
14	0.6072	0.1505	0.0208	0.0873
15	0.5884	0.1521	0.0210	0.0886
16	0.5679	0.1538	0.0213	0.0898
17	0.5466	0.1547	0.0214	0.0905
18	0.5247	0.1562	0.0216	0.0914
19	0.5030	0.1573	0.0218	0.0920
20	0.4824	0.1586	0.0220	0.0928
21	0.4612	0.1592	0.0221	0.0934
22	0.4413	0.1599	0.0222	0.0937
23	0.4217	0.1599	0.0222	0.0937
24	0.4051	0.1603	0.0223	0.0942
25	0.3878	0.1612	0.0223	0.0947
26	0.3726	0.1612	0.0224	0.0950
27	0.3575	0.1613	0.0224	0.0954
28	0.3438	0.1618	0.0225	0.0955
29	0.3324	0.1619	0.0225	0.0958
30	0.3205	0.1621	0.0225	0.0960
31	0.3082	0.1622	0.0226	0.0962
32	0.2970	0.1631	0.0226	0.0966
33	0.2888	0.1631	0.0226	0.0967
34	0.2801	0.1633	0.0227	0.0969
35	0.2697	0.1636	0.0227	0.0970
36	0.2621	0.1646	0.0228	0.0973
37	0.2525	0.1650	0.0229	0.0974
38	0.2458	0.1654	0.0230	0.0978
39	0.2400	0.1660	0.0230	0.0982
40	0.2315	0.1664	0.0230	0.0984
41	0.2262	0.1667	0.0230	0.0985
42	0.2175	0.1670	0.0230	0.0987
43	0.2126	0.1678	0.0231	0.0989
44	0.2065	0.1683	0.0232	0.0990
45	0.2007	0.1690	0.0232	0.0994
46	0.1951	0.1694	0.0232	0.0996
47	0.1914	0.1693	0.0232	0.0997
48	0.1856	0.1690	0.0232	0.0997
49	0.1824	0.1688	0.0232	0.0997
50	0.1757	0.1698	0.0233	0.1000
51	0.1740	0.1706	0.0234	0.1004
52	0.1675	0.1707	0.0234	0.1003
53	0.1626	0.1712	0.0234	0.1004
54	0.1595	0.1715	0.0234	0.1004
55	0.1548	0.1715	0.0234	0.1006
56	0.1525	0.1718	0.0234	0.1008
57	0.1478	0.1719	0.0235	0.1011
58	0.1449	0.1719	0.0236	0.1012
59	0.1426	0.1715	0.0235	0.1011
60	0.1355	0.1724	0.0236	0.1012
61	0.1342	0.1723	0.0236	0.1012
62	0.1310	0.1727	0.0237	0.1016
63	0.1282	0.1725	0.0237	0.1016
64	0.1239	0.1723	0.0237	0.1015
65	0.1223	0.1724	0.0237	0.1013
66	0.1193	0.1723	0.0236	0.1012
67	0.1173	0.1726	0.0237	0.1016
68	0.1140	0.1728	0.0237	0.1017
69	0.1112	0.1732	0.0237	0.1018
70	0.1103	0.1728	0.0236	0.1017
71	0.1071	0.1734	0.0237	0.1020
72	0.1044	0.1740	0.0237	0.1022
73	0.1016	0.1742	0.0238	0.1023
74	0.0986	0.1741	0.0237	0.1023
75	0.0973	0.1745	0.0238	0.1026
76	0.0949	0.1754	0.0239	0.1030
77	0.0924	0.1762	0.0240	0.1035
78	0.0917	0.1757	0.0239	0.1034
79	0.0890	0.1756	0.0239	0.1034
80	0.0892	0.1755	0.0239	0.1035
81	0.0866	0.1761	0.0239	0.1036
82	0.0838	0.1763	0.0240	0.1037
83	0.0835	0.1766	0.0240	0.1041
84	0.0818	0.1767	0.0240	0.1040
85	0.0788	0.1766	0.0240	0.1041
86	0.0781	0.1771	0.0241	0.1044
87	0.0777	0.1776	0.0241	0.1046
88	0.0753	0.1774	0.0241	0.1045
89	0.0742	0.1777	0.0241	0.1047
90	0.0718	0.1779	0.0242	0.1048
91	0.0705	0.1778	0.0241	0.1050
92	0.0698	0.1777	0.0241	0.1049
93	0.0675	0.1780	0.0242	0.1053
94	0.0671	0.1780	0.0241	0.1053
95	0.0656	0.1783	0.0242	0.1054
96	0.0643	0.1779	0.0242	0.1053
97	0.0633	0.1783	0.0242	0.1057
98	0.0618	0.1786	0.0242	0.1056
99	0.0615	0.1783	0.0241	0.1057
100	0.0588	0.1783	0.0242	0.1057
101	0.0584	0.1784	0.0242	0.1058
102	0.0574	0.1785	0.0241	0.1059
103	0.0569	0.1790	0.0242	0.1061
104	0.0563	0.1794	0.0242	0.1062
105	0.0549	0.1790	0.0242	0.1061
106	0.0538	0.1788	0.0242	0.1061
107	0.0533	0.1784	0.0242	0.1063
108	0.0540	0.1791	0.0242	0.1065
109	0.0521	0.1788	0.0242	0.1065
110	0.0502	0.1789	0.0242	0.1065
111	0.0501	0.1789	0.0242	0.1066
112	0.0493	0.1788	0.0242	0.1065
113	0.0480	0.1787	0.0242	0.1065
114	0.0473	0.1789	0.0242	0.1067
115	0.0473	0.1790	0.0242	0.1070
116	0.0466	0.1795	0.0243	0.1071
117	0.0449	0.1794	0.0243	0.1071
118	0.0449	0.1800	0.0243	0.1074
119	0.0436	0.1796	0.0243	0.1072
120	0.0443	0.1802	0.0243	0.1073
121	0.0434	0.1805	0.0243	0.1073
122	0.0429	0.1803	0.0243	0.1072
123	0.0415	0.1798	0.0243	0.1073
124	0.0416	0.1797	0.0243	0.1073
125	0.0400	0.1799	0.0243	0.1073
126	0.0392	0.1795	0.0242	0.1073
127	0.0399	0.1802	0.0243	0.1075
128	0.0386	0.1796	0.0242	0.1074
129	0.0385	0.1803	0.0243	0.1076
130	0.0374	0.1805	0.0243	0.1078
131	0.0376	0.1800	0.0243	0.1076
132	0.0373	0.1799	0.0242	0.1075
133	0.0363	0.1799	0.0242	0.1076
134	0.0364	0.1802	0.0242	0.1076
135	0.0358	0.1803	0.0242	0.1077
136	0.0358	0.1805	0.0243	0.1079
137	0.0351	0.1808	0.0243	0.1080
138	0.0347	0.1800	0.0243	0.1077
139	0.0338	0.1802	0.0243	0.1078
140	0.0336	0.1802	0.0242	0.1077
141	0.0327	0.1802	0.0242	0.1076
142	0.0323	0.1802	0.0242	0.1076
143	0.0320	0.1800	0.0242	0.1077
144	0.0323	0.1801	0.0242	0.1076
145	0.0314	0.1800	0.0242	0.1075
146	0.0318	0.1801	0.0242	0.1076
147	0.0314	0.1801	0.0242	0.1076
148	0.0311	0.1800	0.0242	0.1076
149	0.0296	0.1801	0.0242	0.1076
150	0.0302	0.1802	0.0242	0.1077
