{"n_layers": 2, "device": "cuda", "batch_size": 2048, "embedding_dim": 256, "learning_rate": 0.0005, "dataset": "dbbook", "epochs": 150, "top_k": 50, "multimodal": true, "datasets": {"dbbook": ["images", "text"], "ml1m": ["audio", "images", "text", "video"]}}
Epoch	Loss	Recall	Precision	NDCG
1	0.6922	0.0402	0.0053	0.0231
2	0.6899	0.0795	0.0106	0.0503
3	0.6871	0.1122	0.0152	0.0707
4	0.6832	0.1349	0.0184	0.0813
5	0.6775	0.1464	0.0203	0.0856
6	0.6694	0.1509	0.0210	0.0855
7	0.6580	0.1503	0.0211	0.0824
8	0.6429	0.1483	0.0209	0.0795
9	0.6235	0.1456	0.0208	0.0770
10	0.6005	0.1442	0.0206	0.0750
11	0.5741	0.1419	0.0203	0.0730
12	0.5461	0.1405	0.0202	0.0718
13	0.5177	0.1391	0.0201	0.0708
14	0.4908	0.1381	0.0200	0.0704
15	0.4644	0.1376	0.0199	0.0700
16	0.4409	0.1374	0.0199	0.0699
17	0.4188	0.1373	0.0199	0.0699
18	0.4005	0.1371	0.0200	0.0699
19	0.3836	0.1372	0.0200	0.0700
20	0.3662	0.1378	0.0201	0.0704
21	0.3540	0.1378	0.0201	0.0705
22	0.3402	0.1388	0.0202	0.0709
23	0.3283	0.1395	0.0203	0.0712
24	0.3207	0.1407	0.0204	0.0719
25	0.3102	0.1410	0.0205	0.0723
26	0.2999	0.1412	0.0205	0.0724
27	0.2908	0.1414	0.0205	0.0727
28	0.2848	0.1421	0.0206	0.0733
29	0.2768	0.1430	0.0208	0.0738
30	0.2677	0.1436	0.0208	0.0742
31	0.2631	0.1448	0.0210	0.0748
32	0.2556	0.1454	0.0211	0.0753
33	0.2511	0.1462	0.0212	0.0758
34	0.2479	0.1475	0.0214	0.0766
35	0.2374	0.1484	0.0215	0.0772
36	0.2362	0.1495	0.0216	0.0779
37	0.2291	0.1506	0.0218	0.0785
38	0.2234	0.1513	0.0219	0.0791
39	0.2219	0.1519	0.0220	0.0797
40	0.2172	0.1531	0.0221	0.0806
41	0.2090	0.1541	0.0222	0.0812
42	0.2051	0.1552	0.0224	0.0817
43	0.2045	0.1560	0.0225	0.0822
44	0.1968	0.1571	0.0226	0.0829
45	0.1929	0.1582	0.0227	0.0835
46	0.1880	0.1587	0.0228	0.0838
47	0.1870	0.1603	0.0230	0.0847
48	0.1833	0.1609	0.0231	0.0852
49	0.1795	0.1615	0.0232	0.0857
50	0.1779	0.1623	0.0233	0.0863
51	0.1734	0.1635	0.0234	0.0870
52	0.1696	0.1650	0.0236	0.0878
53	0.1687	0.1662	0.0237	0.0885
54	0.1614	0.1666	0.0238	0.0890
55	0.1602	0.1676	0.0239	0.0896
56	0.1569	0.1684	0.0240	0.0901
57	0.1548	0.1691	0.0241	0.0906
58	0.1525	0.1702	0.0242	0.0912
59	0.1525	0.1709	0.0243	0.0918
60	0.1457	0.1721	0.0245	0.0924
61	0.1466	0.1732	0.0246	0.0931
62	0.1412	0.1738	0.0247	0.0935
63	0.1398	0.1749	0.0248	0.0941
64	0.1383	0.1752	0.0248	0.0944
65	0.1337	0.1758	0.0248	0.0946
66	0.1340	0.1766	0.0250	0.0950
67	0.1315	0.1773	0.0250	0.0954
68	0.1301	0.1783	0.0251	0.0958
69	0.1268	0.1793	0.0253	0.0964
70	0.1236	0.1807	0.0254	0.0971
71	0.1236	0.1812	0.0255	0.0975
72	0.1230	0.1819	0.0256	0.0979
73	0.1195	0.1830	0.0256	0.0984
74	0.1174	0.1841	0.0257	0.0989
75	0.1152	0.1849	0.0258	0.0994
76	0.1144	0.1859	0.0259	0.0998
77	0.1114	0.1867	0.0260	0.1003
78	0.1094	0.1875	0.0261	0.1009
79	0.1102	0.1877	0.0262	0.1012
80	0.1101	0.1884	0.0263	0.1018
81	0.1062	0.1893	0.0264	0.1024
82	0.1050	0.1899	0.0264	0.1028
83	0.1033	0.1904	0.0265	0.1032
84	0.1024	0.1912	0.0266	0.1036
85	0.0997	0.1916	0.0267	0.1041
86	0.1006	0.1920	0.0267	0.1045
87	0.0976	0.1932	0.0268	0.1051
88	0.0983	0.1940	0.0269	0.1055
89	0.0941	0.1947	0.0270	0.1059
90	0.0955	0.1957	0.0271	0.1065
91	0.0941	0.1964	0.0272	0.1069
92	0.0934	0.1970	0.0272	0.1072
93	0.0909	0.1975	0.0273	0.1074
94	0.0887	0.1981	0.0274	0.1077
95	0.0883	0.1985	0.0274	0.1079
96	0.0895	0.1985	0.0274	0.1080
97	0.0860	0.1992	0.0275	0.1084
98	0.0859	0.1997	0.0276	0.1086
99	0.0821	0.2000	0.0276	0.1089
100	0.0844	0.2006	0.0276	0.1091
101	0.0830	0.2006	0.0277	0.1094
102	0.0797	0.2006	0.0277	0.1096
103	0.0806	0.2010	0.0277	0.1099
104	0.0761	0.2012	0.0278	0.1102
105	0.0791	0.2018	0.0278	0.1104
106	0.0765	0.2020	0.0278	0.1104
107	0.0774	0.2017	0.0278	0.1106
108	0.0728	0.2022	0.0279	0.1109
109	0.0769	0.2026	0.0280	0.1111
110	0.0746	0.2028	0.0280	0.1113
111	0.0758	0.2028	0.0280	0.1115
112	0.0724	0.2029	0.0280	0.1118
113	0.0724	0.2040	0.0281	0.1123
114	0.0728	0.2043	0.0282	0.1126
115	0.0728	0.2040	0.0281	0.1126
116	0.0678	0.2052	0.0282	0.1131
117	0.0694	0.2062	0.0283	0.1134
118	0.0687	0.2069	0.0283	0.1137
119	0.0683	0.2068	0.0283	0.1138
120	0.0654	0.2071	0.0284	0.1141
121	0.0630	0.2073	0.0284	0.1143
122	0.0649	0.2076	0.0284	0.1144
123	0.0645	0.2083	0.0285	0.1149
124	0.0634	0.2087	0.0286	0.1151
125	0.0623	0.2092	0.0286	0.1155
126	0.0627	0.2094	0.0287	0.1156
127	0.0605	0.2101	0.0288	0.1161
128	0.0603	0.2101	0.0288	0.1162
129	0.0575	0.2102	0.0288	0.1163
130	0.0601	0.2103	0.0288	0.1163
131	0.0592	0.2110	0.0289	0.1166
132	0.0574	0.2110	0.0289	0.1167
133	0.0587	0.2113	0.0289	0.1169
134	0.0580	0.2110	0.0289	0.1169
135	0.0590	0.2116	0.0290	0.1172
136	0.0551	0.2123	0.0290	0.1176
137	0.0562	0.2124	0.0290	0.1177
138	0.0547	0.2124	0.0290	0.1178
139	0.0547	0.2130	0.0291	0.1181
140	0.0527	0.2135	0.0292	0.1182
141	0.0542	0.2142	0.0292	0.1185
142	0.0541	0.2142	0.0292	0.1186
143	0.0533	0.2145	0.0292	0.1188
144	0.0524	0.2147	0.0293	0.1190
145	0.0523	0.2145	0.0292	0.1191
146	0.0521	0.2148	0.0293	0.1193
147	0.0508	0.2146	0.0293	0.1193
148	0.0502	0.2150	0.0293	0.1195
149	0.0501	0.2155	0.0293	0.1197
150	0.0484	0.2158	0.0294	0.1198
