{"device": "cuda:2", "multimodal": true, "embedding_dim": 512, "n_layers": 3, "epochs": 500, "learning_rate": 0.001, "log": true, "seed": 19, "top_k": [5, 10, 20, 50], "dataset": "dbbook", "batch_size": 2048, "single_branch": false, "autoencoder": false, "ensemble_fusion": false, "freeze": true, "fusion_modalities": "mean", "fusion_type": "late", "info_nce": false, "weighting": "equal", "datasets": {"dbbook": ["images", "text"], "ml1m": ["audio", "images", "text", "video"]}}
Epoch	T-Loss	V-Loss	Precision@5	Recall@5	NDCG@5	Precision@10	Recall@10	NDCG@10	Precision@20	Recall@20	NDCG@20	Precision@50	Recall@50	NDCG@50
1	0.6931	0.6931	0.0049	0.0036	0.0054	0.004	0.0064	0.0058	0.0038	0.0121	0.0082	0.0031	0.026	0.0128
2	0.6924	0.693	0.0143	0.0129	0.0172	0.011	0.0191	0.0179	0.0084	0.0294	0.0219	0.006	0.0508	0.0293
3	0.6916	0.6928	0.0269	0.0237	0.0332	0.0202	0.0347	0.0338	0.0141	0.0478	0.0389	0.0088	0.074	0.0479
4	0.6908	0.6926	0.0399	0.0347	0.0492	0.0282	0.0482	0.0485	0.0189	0.0637	0.0543	0.011	0.0927	0.0643
5	0.6899	0.6924	0.0498	0.043	0.0612	0.0349	0.0581	0.0595	0.0232	0.0774	0.0664	0.0134	0.1108	0.0781
6	0.6887	0.6921	0.0578	0.0485	0.0706	0.0407	0.0669	0.0686	0.0273	0.089	0.0767	0.0159	0.1296	0.0908
7	0.6873	0.6917	0.0639	0.053	0.0777	0.0456	0.0737	0.0757	0.0311	0.0998	0.0853	0.0182	0.1461	0.1015
8	0.6857	0.6912	0.0669	0.0552	0.0811	0.0488	0.0787	0.0799	0.0338	0.1086	0.0909	0.0202	0.16	0.1093
9	0.6836	0.6905	0.0683	0.0558	0.0826	0.0512	0.0815	0.0822	0.0361	0.1142	0.0945	0.0221	0.1727	0.1154
10	0.6812	0.6897	0.069	0.0559	0.0834	0.052	0.0823	0.0831	0.0376	0.1179	0.0967	0.0234	0.1821	0.1195
11	0.6783	0.6886	0.0694	0.0561	0.0837	0.0527	0.0831	0.0836	0.0385	0.1201	0.0978	0.0246	0.1906	0.1229
12	0.6749	0.6873	0.0686	0.0548	0.0831	0.0533	0.0831	0.0838	0.0393	0.1216	0.0987	0.0252	0.1947	0.1247
13	0.6709	0.6857	0.0687	0.0548	0.0831	0.0534	0.0825	0.0836	0.0397	0.1226	0.0991	0.0257	0.1975	0.1259
14	0.6663	0.6838	0.069	0.0549	0.083	0.0535	0.0829	0.0835	0.04	0.1228	0.0991	0.0261	0.2001	0.1267
15	0.661	0.6815	0.0689	0.0547	0.0826	0.0534	0.0829	0.0832	0.0406	0.1243	0.0995	0.0264	0.2018	0.1271
16	0.6552	0.6787	0.0692	0.0541	0.0826	0.0533	0.0821	0.0827	0.0405	0.1232	0.0989	0.0268	0.2044	0.1278
17	0.6486	0.6759	0.0691	0.0535	0.0821	0.0534	0.082	0.0825	0.0404	0.1223	0.0984	0.0271	0.2047	0.1279
18	0.6413	0.6723	0.069	0.0532	0.0819	0.0534	0.0819	0.0821	0.0404	0.1217	0.0979	0.027	0.2036	0.1273
19	0.6333	0.6684	0.0683	0.0525	0.0817	0.0532	0.0813	0.0822	0.0401	0.1207	0.0977	0.0271	0.2033	0.1275
20	0.6247	0.6643	0.0686	0.0526	0.0817	0.0532	0.0809	0.082	0.0402	0.1204	0.0976	0.027	0.2026	0.1271
21	0.6155	0.6596	0.0684	0.0524	0.0817	0.0532	0.0806	0.0819	0.04	0.119	0.0973	0.027	0.2032	0.1273
22	0.6056	0.6541	0.0683	0.0524	0.0812	0.053	0.0801	0.0813	0.0401	0.119	0.0969	0.0272	0.2034	0.127
23	0.5953	0.6487	0.0685	0.0523	0.0811	0.0526	0.0793	0.0807	0.0404	0.1196	0.0969	0.0272	0.2035	0.1268
24	0.5844	0.6432	0.0687	0.0523	0.0811	0.0523	0.0787	0.0804	0.0404	0.1197	0.0969	0.0271	0.2026	0.1265
25	0.5727	0.6365	0.0687	0.0524	0.0811	0.0522	0.0784	0.0803	0.0401	0.119	0.0965	0.0272	0.2028	0.1265
26	0.5609	0.6304	0.0686	0.0523	0.081	0.0522	0.0787	0.0803	0.0401	0.1187	0.0964	0.0272	0.203	0.1265
27	0.5491	0.6245	0.0683	0.0519	0.0804	0.0521	0.0781	0.0798	0.0401	0.119	0.0961	0.0272	0.2027	0.126
28	0.537	0.6167	0.068	0.0516	0.0802	0.0522	0.0781	0.0799	0.0401	0.1193	0.0962	0.0271	0.2021	0.1258
29	0.5247	0.6095	0.0678	0.0512	0.0799	0.0522	0.0781	0.0797	0.0401	0.1192	0.096	0.0271	0.2016	0.1255
30	0.5121	0.6027	0.0674	0.0509	0.0798	0.0523	0.0783	0.0799	0.0402	0.1191	0.0962	0.0272	0.202	0.1258
31	0.5003	0.5947	0.0677	0.0512	0.0803	0.0523	0.0783	0.0801	0.0401	0.1188	0.0962	0.0271	0.2011	0.1257
32	0.4874	0.5881	0.0675	0.051	0.08	0.0522	0.0777	0.0798	0.0401	0.1188	0.0961	0.0271	0.2004	0.1255
33	0.475	0.5822	0.0675	0.0511	0.0801	0.0523	0.0777	0.0799	0.0399	0.1185	0.096	0.027	0.2002	0.1253
34	0.4633	0.5748	0.0677	0.0512	0.0801	0.0522	0.0775	0.0798	0.04	0.1183	0.0959	0.0269	0.1995	0.1251
35	0.4516	0.5662	0.0674	0.0509	0.0799	0.0523	0.0778	0.0799	0.0399	0.1177	0.0956	0.0269	0.1989	0.1248
36	0.4396	0.5615	0.0674	0.051	0.0797	0.0519	0.0773	0.0793	0.0397	0.1171	0.0951	0.0269	0.1991	0.1246
37	0.4284	0.554	0.0672	0.0508	0.0796	0.0519	0.0773	0.0794	0.0397	0.1171	0.0951	0.0269	0.1985	0.1245
38	0.4173	0.5465	0.0672	0.0509	0.0794	0.0519	0.0773	0.0791	0.0397	0.1172	0.095	0.0268	0.1981	0.1241
39	0.4075	0.5399	0.068	0.0514	0.0799	0.0519	0.0771	0.079	0.0396	0.1169	0.0948	0.0269	0.1982	0.1241
40	0.3961	0.5346	0.0677	0.0511	0.0796	0.0519	0.0772	0.0791	0.0396	0.1168	0.0948	0.0269	0.1983	0.1242
41	0.3868	0.5276	0.0672	0.0508	0.0794	0.0518	0.077	0.079	0.0397	0.1169	0.0949	0.0269	0.1988	0.1243
42	0.3762	0.5223	0.0674	0.0511	0.0795	0.0519	0.0771	0.079	0.0399	0.1176	0.0951	0.0269	0.1986	0.1243
43	0.3676	0.5167	0.0676	0.0512	0.0796	0.0519	0.0772	0.0791	0.04	0.1176	0.0952	0.0269	0.1984	0.1243
44	0.3588	0.511	0.0674	0.0514	0.0797	0.052	0.0773	0.0792	0.04	0.1179	0.0954	0.027	0.1984	0.1245
45	0.3503	0.5076	0.0677	0.0514	0.0797	0.0522	0.0776	0.0793	0.0398	0.1172	0.095	0.027	0.1985	0.1244
46	0.3409	0.4999	0.0675	0.0513	0.0796	0.0521	0.0775	0.0793	0.0398	0.1172	0.095	0.0269	0.1982	0.1243
47	0.3325	0.4973	0.0676	0.0516	0.0797	0.052	0.0774	0.0792	0.0396	0.117	0.0949	0.027	0.1985	0.1244
48	0.3258	0.4929	0.0676	0.0516	0.0797	0.0521	0.0776	0.0792	0.0397	0.1169	0.0948	0.027	0.1989	0.1244
49	0.3179	0.4839	0.0674	0.0512	0.0795	0.0522	0.0776	0.0793	0.0396	0.1165	0.0947	0.027	0.199	0.1245
50	0.3102	0.4814	0.0677	0.0514	0.0797	0.0521	0.0775	0.0792	0.0395	0.1162	0.0945	0.0271	0.1989	0.1245
51	0.3031	0.481	0.0681	0.0519	0.08	0.052	0.0773	0.0792	0.0395	0.1164	0.0947	0.0271	0.199	0.1245
52	0.2958	0.4768	0.0683	0.052	0.0801	0.0521	0.0774	0.0792	0.0396	0.1166	0.0948	0.0271	0.1991	0.1246
53	0.2897	0.4713	0.0685	0.0524	0.0805	0.0522	0.0778	0.0795	0.0397	0.1166	0.0949	0.0271	0.1992	0.1248
54	0.2835	0.4694	0.0686	0.0526	0.0805	0.0522	0.078	0.0794	0.0397	0.1167	0.0949	0.0271	0.1992	0.1247
55	0.2777	0.4645	0.0688	0.0526	0.0806	0.0523	0.0776	0.0794	0.0397	0.1167	0.095	0.0271	0.199	0.1247
56	0.2725	0.4649	0.0689	0.0526	0.0807	0.0524	0.078	0.0796	0.0397	0.1167	0.095	0.0271	0.199	0.1248
57	0.2669	0.46	0.0689	0.0524	0.0807	0.0522	0.0778	0.0795	0.0396	0.1167	0.0949	0.0272	0.1996	0.125
58	0.2607	0.4551	0.069	0.0525	0.0808	0.0523	0.0781	0.0797	0.0397	0.117	0.0951	0.0272	0.1998	0.1251
59	0.2551	0.4523	0.0688	0.0523	0.0806	0.0525	0.0786	0.0799	0.0398	0.1172	0.0952	0.0273	0.2005	0.1253
60	0.2492	0.45	0.0689	0.0524	0.0807	0.0526	0.0788	0.08	0.0399	0.1175	0.0954	0.0273	0.2011	0.1255
61	0.2468	0.4446	0.069	0.0524	0.0807	0.0526	0.079	0.08	0.04	0.1177	0.0955	0.0273	0.201	0.1255
62	0.2405	0.448	0.0689	0.0523	0.0805	0.0527	0.0789	0.08	0.0399	0.1172	0.0953	0.0273	0.2007	0.1255
63	0.2357	0.443	0.0688	0.0523	0.0805	0.0526	0.0787	0.0799	0.04	0.1175	0.0954	0.0274	0.201	0.1256
64	0.2304	0.44	0.069	0.0525	0.0806	0.0524	0.0783	0.0797	0.0399	0.1174	0.0953	0.0273	0.2009	0.1256
65	0.2281	0.4388	0.069	0.0525	0.0807	0.0525	0.0785	0.0799	0.0399	0.1175	0.0955	0.0273	0.2008	0.1256
66	0.2228	0.4341	0.069	0.0526	0.0807	0.0527	0.0789	0.0801	0.0401	0.1179	0.0957	0.0273	0.2006	0.1256
67	0.2194	0.4357	0.069	0.0527	0.0807	0.0527	0.0789	0.0801	0.0401	0.1183	0.0958	0.0273	0.2008	0.1256
68	0.2155	0.4329	0.069	0.0528	0.081	0.0527	0.0787	0.0802	0.0401	0.1183	0.096	0.0274	0.2014	0.126
69	0.2116	0.4291	0.069	0.0529	0.081	0.0527	0.0788	0.0802	0.0401	0.1181	0.0959	0.0274	0.2014	0.126
70	0.2065	0.4261	0.069	0.0527	0.0809	0.0528	0.0789	0.0804	0.0402	0.1184	0.0961	0.0274	0.2017	0.1262
71	0.2047	0.4253	0.0689	0.0526	0.0806	0.0529	0.0793	0.0803	0.0401	0.1181	0.0958	0.0274	0.2017	0.126
72	0.2018	0.4268	0.0687	0.0525	0.0805	0.053	0.0795	0.0804	0.0402	0.1183	0.0959	0.0275	0.2019	0.1261
73	0.1961	0.4243	0.0691	0.0528	0.0808	0.053	0.0793	0.0804	0.0402	0.1184	0.096	0.0275	0.2021	0.1262
74	0.192	0.4198	0.0692	0.0529	0.0809	0.0532	0.0796	0.0806	0.0403	0.1192	0.0963	0.0275	0.2026	0.1265
75	0.1924	0.4197	0.0692	0.0529	0.0809	0.0533	0.0801	0.0808	0.0404	0.1195	0.0964	0.0275	0.2027	0.1264
76	0.1869	0.4202	0.0689	0.0527	0.0806	0.0533	0.0803	0.0808	0.0404	0.1194	0.0964	0.0275	0.203	0.1265
77	0.1844	0.4169	0.0691	0.053	0.0809	0.0533	0.0804	0.0809	0.0404	0.1192	0.0964	0.0276	0.2034	0.1268
78	0.1817	0.4124	0.069	0.0529	0.0808	0.0533	0.0805	0.0809	0.0403	0.1192	0.0964	0.0276	0.2041	0.1269
79	0.1799	0.4167	0.0693	0.053	0.081	0.0533	0.0804	0.0809	0.0405	0.1198	0.0966	0.0276	0.2038	0.1269
80	0.1751	0.4109	0.0696	0.0533	0.0812	0.0534	0.0807	0.081	0.0404	0.1196	0.0966	0.0277	0.2045	0.1272
81	0.1729	0.4146	0.0698	0.0534	0.0815	0.0536	0.0809	0.0813	0.0405	0.1197	0.0968	0.0277	0.2041	0.1272
82	0.1683	0.4111	0.07	0.0535	0.0819	0.0537	0.0811	0.0817	0.0405	0.1198	0.0971	0.0277	0.2044	0.1276
83	0.1689	0.4094	0.0699	0.0536	0.0817	0.0537	0.0814	0.0817	0.0406	0.1203	0.0971	0.0277	0.2048	0.1276
84	0.1635	0.4038	0.0698	0.0534	0.0817	0.0538	0.0815	0.0818	0.0405	0.1203	0.0972	0.0277	0.2053	0.1278
85	0.1633	0.4113	0.0697	0.0536	0.0816	0.0538	0.0815	0.0817	0.0406	0.1205	0.0972	0.0277	0.2055	0.1278
86	0.1589	0.4075	0.0696	0.0536	0.0817	0.0539	0.0816	0.0819	0.0406	0.121	0.0975	0.0277	0.2055	0.1279
87	0.158	0.4084	0.0695	0.0538	0.0816	0.0537	0.0812	0.0817	0.0406	0.1211	0.0974	0.0277	0.2055	0.1279
88	0.1559	0.411	0.0695	0.0536	0.0814	0.0538	0.0812	0.0816	0.0406	0.1211	0.0974	0.0277	0.2059	0.1279
89	0.1539	0.4085	0.0699	0.054	0.0817	0.0539	0.0813	0.0817	0.0406	0.1212	0.0974	0.0278	0.2058	0.128
90	0.1514	0.4053	0.0699	0.0541	0.0819	0.0539	0.0814	0.0819	0.0406	0.1214	0.0977	0.0278	0.2062	0.1283
91	0.1484	0.4063	0.0701	0.0545	0.0823	0.0541	0.0816	0.0822	0.0407	0.1215	0.0979	0.0278	0.2063	0.1285
92	0.1463	0.3988	0.0702	0.0543	0.0822	0.0541	0.0817	0.0822	0.0407	0.1212	0.0977	0.0279	0.207	0.1286
93	0.1455	0.4024	0.0703	0.0543	0.0823	0.0543	0.0818	0.0823	0.0407	0.1214	0.0979	0.0279	0.2068	0.1287
94	0.1422	0.403	0.0703	0.0545	0.0824	0.0542	0.0817	0.0823	0.0408	0.1221	0.0981	0.0279	0.2074	0.1289
95	0.1427	0.4	0.0702	0.0544	0.0822	0.0541	0.0816	0.0822	0.0408	0.1221	0.0981	0.028	0.2076	0.129
96	0.1386	0.4006	0.0701	0.0544	0.0821	0.0541	0.0814	0.082	0.0407	0.122	0.0979	0.028	0.2076	0.1289
97	0.1366	0.3972	0.0703	0.0547	0.0822	0.0542	0.0817	0.0821	0.0407	0.1219	0.0979	0.0279	0.2072	0.1288
98	0.1353	0.3998	0.0703	0.0549	0.0824	0.0543	0.0818	0.0823	0.0407	0.1216	0.0979	0.028	0.2076	0.129
99	0.1324	0.4003	0.0705	0.055	0.0826	0.0546	0.0823	0.0826	0.0407	0.1218	0.0981	0.028	0.2079	0.1292
100	0.1317	0.3992	0.0706	0.0551	0.0826	0.0546	0.0825	0.0827	0.0408	0.1219	0.0981	0.028	0.2079	0.1291
101	0.1299	0.3993	0.0713	0.0556	0.0829	0.0547	0.0825	0.0827	0.0407	0.1218	0.098	0.028	0.2079	0.1291
102	0.1288	0.4018	0.0716	0.0558	0.0831	0.0548	0.0831	0.0829	0.0409	0.1224	0.0983	0.028	0.2082	0.1293
103	0.1267	0.3942	0.0711	0.0555	0.0828	0.0548	0.0833	0.083	0.0409	0.1224	0.0983	0.028	0.2083	0.1294
104	0.1251	0.3961	0.071	0.0555	0.0828	0.0549	0.0831	0.083	0.041	0.1226	0.0984	0.0282	0.2092	0.1297
105	0.1232	0.3981	0.0711	0.0557	0.0828	0.055	0.0834	0.0831	0.041	0.1229	0.0985	0.0282	0.2093	0.1297
106	0.1218	0.4006	0.0713	0.0559	0.0832	0.0552	0.0838	0.0834	0.041	0.1229	0.0987	0.0282	0.2093	0.1299
107	0.1215	0.3966	0.0711	0.0557	0.083	0.0552	0.0838	0.0835	0.0409	0.1227	0.0987	0.0282	0.2095	0.1301
108	0.1191	0.3974	0.0711	0.0557	0.0831	0.0553	0.084	0.0836	0.0409	0.1227	0.0987	0.0282	0.2097	0.1302
109	0.1174	0.3974	0.0712	0.0558	0.0832	0.0554	0.0841	0.0838	0.041	0.123	0.0989	0.0282	0.2094	0.1301
110	0.116	0.3903	0.0711	0.0557	0.0831	0.0554	0.0841	0.0837	0.0411	0.1231	0.0989	0.0282	0.2097	0.1302
111	0.1146	0.3896	0.0708	0.0556	0.0828	0.0555	0.0841	0.0837	0.0411	0.1232	0.0989	0.0282	0.2098	0.1302
112	0.1149	0.3889	0.0708	0.0554	0.0827	0.0553	0.0839	0.0835	0.0411	0.1231	0.0988	0.0282	0.2099	0.1302
113	0.1128	0.3912	0.0708	0.0555	0.0826	0.0553	0.0838	0.0834	0.0412	0.1235	0.0988	0.0282	0.2098	0.13
114	0.1108	0.394	0.0712	0.0557	0.0828	0.0553	0.0838	0.0834	0.0412	0.1234	0.0989	0.0282	0.2101	0.1302
115	0.1097	0.3934	0.0712	0.0557	0.083	0.0553	0.0839	0.0836	0.0413	0.1236	0.0991	0.0282	0.2103	0.1304
116	0.1091	0.3959	0.0715	0.0559	0.0832	0.0553	0.0838	0.0836	0.0413	0.124	0.0993	0.0282	0.2101	0.1304
117	0.1089	0.3914	0.071	0.0557	0.083	0.0554	0.0841	0.0838	0.0413	0.124	0.0994	0.0282	0.2102	0.1306
118	0.1054	0.3906	0.071	0.0558	0.0832	0.0555	0.0843	0.084	0.0414	0.1244	0.0996	0.0283	0.2106	0.1308
119	0.1056	0.3927	0.071	0.0557	0.0832	0.0557	0.0846	0.0842	0.0414	0.1242	0.0997	0.0283	0.2108	0.131
120	0.1041	0.3896	0.071	0.0557	0.0832	0.0557	0.0846	0.0842	0.0415	0.1249	0.0999	0.0283	0.211	0.131
121	0.103	0.3905	0.0712	0.0559	0.0834	0.0557	0.0845	0.0843	0.0416	0.1252	0.1001	0.0283	0.2112	0.1312
122	0.1019	0.3866	0.0709	0.0558	0.0832	0.0557	0.0846	0.0843	0.0416	0.1253	0.1002	0.0284	0.2114	0.1313
123	0.1018	0.3904	0.071	0.0559	0.0834	0.0556	0.0846	0.0844	0.0416	0.1253	0.1003	0.0283	0.2112	0.1313
124	0.0998	0.3876	0.0707	0.0557	0.0832	0.0557	0.0846	0.0845	0.0417	0.1252	0.1004	0.0283	0.2112	0.1314
125	0.1002	0.3862	0.0707	0.0554	0.083	0.0558	0.0848	0.0845	0.0417	0.1255	0.1004	0.0283	0.2115	0.1314
126	0.0983	0.3874	0.0709	0.0557	0.0833	0.0559	0.0851	0.0847	0.0417	0.1257	0.1005	0.0283	0.2116	0.1316
127	0.0988	0.3833	0.071	0.0557	0.0836	0.056	0.0852	0.0849	0.0417	0.1254	0.1006	0.0284	0.2121	0.1319
128	0.0971	0.389	0.0712	0.056	0.0837	0.0559	0.0851	0.0848	0.0417	0.1255	0.1006	0.0284	0.212	0.1318
129	0.0955	0.3929	0.0714	0.0561	0.0838	0.0559	0.0849	0.0848	0.0417	0.1257	0.1007	0.0284	0.2117	0.1318
130	0.0935	0.3858	0.0713	0.0561	0.0838	0.0559	0.0849	0.0848	0.0419	0.1263	0.101	0.0284	0.2115	0.1318
131	0.0943	0.3883	0.0712	0.0561	0.0837	0.056	0.0853	0.0849	0.0419	0.1263	0.1009	0.0284	0.2116	0.1318
132	0.0944	0.385	0.0712	0.056	0.0835	0.0561	0.0854	0.0849	0.0419	0.1265	0.1009	0.0284	0.2118	0.1318
133	0.0937	0.3825	0.071	0.056	0.0833	0.0561	0.0855	0.0848	0.0419	0.1263	0.1007	0.0284	0.212	0.1317
134	0.0916	0.3898	0.0714	0.0562	0.0834	0.0558	0.0851	0.0845	0.0419	0.1264	0.1007	0.0284	0.2121	0.1317
135	0.0914	0.38	0.0716	0.0563	0.0836	0.056	0.0854	0.0846	0.0419	0.1262	0.1006	0.0284	0.2123	0.1317
136	0.0898	0.3854	0.072	0.0566	0.084	0.056	0.0857	0.0849	0.0419	0.1266	0.1009	0.0284	0.2123	0.1319
137	0.088	0.3906	0.0723	0.0568	0.0842	0.0559	0.0853	0.0848	0.0419	0.1266	0.101	0.0284	0.2122	0.132
138	0.0886	0.3867	0.0723	0.0569	0.0842	0.0559	0.0853	0.0848	0.0419	0.1267	0.101	0.0284	0.2126	0.1321
139	0.0874	0.3843	0.0723	0.0568	0.084	0.0559	0.0854	0.0847	0.0419	0.1265	0.1008	0.0285	0.2128	0.132
140	0.0873	0.3819	0.0724	0.0569	0.0841	0.0561	0.0855	0.0848	0.0419	0.1267	0.1009	0.0284	0.2127	0.1321
141	0.0867	0.3878	0.0722	0.0568	0.0841	0.056	0.0857	0.0849	0.0419	0.1265	0.101	0.0285	0.2129	0.1322
142	0.0849	0.3827	0.0719	0.0567	0.0839	0.0559	0.0854	0.0848	0.0419	0.1266	0.101	0.0285	0.2129	0.1322
143	0.0853	0.3899	0.0717	0.0567	0.0838	0.0559	0.0854	0.0848	0.0419	0.1267	0.101	0.0285	0.2131	0.1323
144	0.0835	0.3969	0.0719	0.0569	0.084	0.056	0.0856	0.0849	0.042	0.127	0.1012	0.0285	0.2132	0.1324
145	0.0832	0.3819	0.072	0.057	0.084	0.0561	0.0856	0.085	0.0421	0.1273	0.1014	0.0284	0.2131	0.1324
146	0.083	0.3868	0.0718	0.0569	0.0838	0.0563	0.0859	0.085	0.0422	0.1274	0.1013	0.0284	0.2131	0.1323
147	0.0824	0.3828	0.0719	0.0569	0.0838	0.0562	0.0859	0.0851	0.0422	0.1275	0.1014	0.0285	0.2136	0.1325
148	0.0801	0.378	0.0719	0.0566	0.0837	0.0562	0.0858	0.085	0.0422	0.1274	0.1014	0.0285	0.2137	0.1325
149	0.0811	0.3866	0.072	0.0569	0.0839	0.0564	0.0861	0.0852	0.0422	0.1275	0.1015	0.0285	0.2134	0.1325
150	0.0796	0.38	0.0719	0.0569	0.0839	0.0565	0.0862	0.0853	0.0422	0.1278	0.1016	0.0285	0.2133	0.1325
151	0.08	0.3861	0.0718	0.0569	0.084	0.0563	0.0858	0.0853	0.0423	0.1279	0.1017	0.0285	0.2136	0.1327
152	0.0796	0.3834	0.0718	0.0568	0.084	0.0564	0.0859	0.0854	0.0423	0.1278	0.1018	0.0285	0.2137	0.1328
153	0.0785	0.3882	0.0719	0.0569	0.0841	0.0565	0.0863	0.0856	0.0422	0.1277	0.1018	0.0285	0.2137	0.1329
154	0.0776	0.3835	0.072	0.0569	0.0843	0.0565	0.0864	0.0857	0.0422	0.1279	0.1019	0.0285	0.2136	0.133
155	0.078	0.3754	0.072	0.057	0.0843	0.0564	0.0863	0.0856	0.0423	0.1281	0.1021	0.0286	0.2138	0.1331
156	0.0772	0.381	0.0722	0.0569	0.0845	0.0563	0.0862	0.0857	0.0424	0.1284	0.1023	0.0286	0.2142	0.1333
157	0.0755	0.3817	0.0722	0.0569	0.0846	0.0564	0.0864	0.0858	0.0424	0.1287	0.1024	0.0286	0.2144	0.1335
158	0.0757	0.3852	0.0722	0.0568	0.0845	0.0562	0.0863	0.0857	0.0424	0.129	0.1025	0.0286	0.2144	0.1335
159	0.0755	0.3834	0.0722	0.0569	0.0844	0.0564	0.0864	0.0857	0.0424	0.129	0.1024	0.0286	0.2147	0.1335
160	0.0751	0.3823	0.0721	0.0568	0.0844	0.0566	0.0868	0.0859	0.0424	0.1288	0.1023	0.0286	0.2143	0.1334
161	0.0745	0.3842	0.0724	0.057	0.0846	0.0566	0.0868	0.0859	0.0424	0.1291	0.1025	0.0287	0.2152	0.1337
162	0.0738	0.3805	0.0722	0.0569	0.0847	0.0566	0.087	0.0861	0.0424	0.129	0.1025	0.0287	0.2152	0.1338
163	0.0735	0.3863	0.0722	0.0569	0.0847	0.0566	0.087	0.0861	0.0425	0.1292	0.1027	0.0288	0.2159	0.1341
164	0.0734	0.3851	0.0725	0.057	0.0848	0.0567	0.0873	0.0862	0.0425	0.1292	0.1026	0.0289	0.2161	0.1341
165	0.0728	0.38	0.0726	0.057	0.0848	0.0567	0.0871	0.0861	0.0425	0.129	0.1025	0.0288	0.2159	0.134
166	0.0724	0.3856	0.0726	0.0569	0.085	0.0567	0.0873	0.0863	0.0425	0.1291	0.1028	0.0288	0.2157	0.1341
167	0.0717	0.3835	0.0728	0.0572	0.0853	0.0568	0.0874	0.0865	0.0426	0.1294	0.103	0.0288	0.2153	0.1342
168	0.0713	0.3859	0.0731	0.0575	0.0856	0.0568	0.0878	0.0867	0.0426	0.1293	0.1031	0.0288	0.2162	0.1345
169	0.0712	0.3787	0.0735	0.0579	0.0859	0.057	0.0879	0.0869	0.0425	0.129	0.1031	0.0289	0.2161	0.1346
170	0.0707	0.3806	0.0735	0.058	0.0859	0.0569	0.0878	0.0868	0.0426	0.1293	0.1032	0.0288	0.216	0.1346
171	0.0718	0.3822	0.0736	0.0582	0.0861	0.0569	0.0877	0.0868	0.0427	0.1297	0.1034	0.0289	0.2165	0.1348
172	0.069	0.3816	0.0739	0.0583	0.0863	0.0569	0.0878	0.0869	0.0426	0.1297	0.1034	0.0289	0.2169	0.135
173	0.0702	0.3797	0.0737	0.0582	0.0861	0.057	0.088	0.0869	0.0426	0.1296	0.1033	0.0289	0.217	0.1349
174	0.0693	0.3826	0.0738	0.0583	0.0862	0.0569	0.088	0.0869	0.0427	0.1299	0.1035	0.0289	0.217	0.135
175	0.0692	0.3724	0.0738	0.0582	0.0862	0.0571	0.0882	0.0872	0.0428	0.1302	0.1036	0.029	0.2172	0.1351
176	0.0684	0.3764	0.0736	0.058	0.0861	0.0571	0.0882	0.0871	0.0428	0.1301	0.1036	0.0289	0.2168	0.135
177	0.0685	0.3829	0.0735	0.0581	0.086	0.0572	0.0882	0.0871	0.0428	0.1302	0.1037	0.0289	0.2166	0.1349
178	0.0672	0.3807	0.0735	0.058	0.0861	0.0571	0.0881	0.0871	0.0428	0.1304	0.1037	0.029	0.2173	0.1353
179	0.067	0.3829	0.0737	0.0581	0.0862	0.0571	0.0882	0.0872	0.0428	0.1304	0.1038	0.029	0.2175	0.1354
180	0.0681	0.3828	0.0739	0.0583	0.0863	0.057	0.0882	0.0872	0.0427	0.1304	0.1038	0.029	0.2173	0.1353
181	0.0669	0.3738	0.0738	0.0581	0.086	0.057	0.0881	0.087	0.0428	0.1307	0.1037	0.029	0.2177	0.1353
182	0.0664	0.3828	0.0738	0.0582	0.0862	0.057	0.0881	0.0871	0.0429	0.1307	0.1039	0.029	0.2178	0.1353
183	0.0664	0.3846	0.0736	0.0581	0.086	0.0571	0.0881	0.0871	0.0429	0.1308	0.1039	0.029	0.2175	0.1353
184	0.0662	0.3821	0.0735	0.0581	0.0859	0.0572	0.0881	0.0871	0.0428	0.1308	0.1038	0.029	0.218	0.1353
185	0.0658	0.3855	0.0738	0.0584	0.0862	0.0572	0.0883	0.0872	0.0429	0.1312	0.1041	0.029	0.2178	0.1354
186	0.0665	0.3821	0.0741	0.0587	0.0865	0.0573	0.0886	0.0875	0.043	0.1312	0.1042	0.029	0.218	0.1356
187	0.0652	0.3764	0.0743	0.0589	0.0866	0.0573	0.0887	0.0875	0.043	0.1315	0.1043	0.029	0.2182	0.1356
188	0.0657	0.3755	0.074	0.0588	0.0864	0.0572	0.0885	0.0873	0.043	0.1316	0.1043	0.029	0.2183	0.1356
189	0.0656	0.3791	0.0741	0.0588	0.0865	0.0573	0.0887	0.0874	0.0431	0.1318	0.1044	0.029	0.2181	0.1356
190	0.0643	0.3831	0.074	0.0586	0.0864	0.0573	0.0889	0.0875	0.043	0.1315	0.1043	0.029	0.2179	0.1355
191	0.0635	0.3794	0.0737	0.0585	0.0862	0.0575	0.0892	0.0877	0.0431	0.1317	0.1044	0.029	0.218	0.1356
192	0.0647	0.3747	0.0738	0.0585	0.0863	0.0574	0.0889	0.0876	0.0431	0.1317	0.1044	0.029	0.2179	0.1356
193	0.0634	0.3752	0.0736	0.0584	0.0862	0.0574	0.0889	0.0876	0.0431	0.1317	0.1045	0.029	0.2177	0.1356
194	0.0629	0.3859	0.0736	0.0588	0.0862	0.0575	0.089	0.0876	0.043	0.1317	0.1043	0.029	0.2177	0.1355
195	0.0629	0.3841	0.0736	0.0588	0.0863	0.0576	0.0893	0.0877	0.043	0.1314	0.1043	0.029	0.2179	0.1356
196	0.063	0.3712	0.0738	0.0589	0.0864	0.0574	0.089	0.0876	0.043	0.1315	0.1043	0.029	0.218	0.1357
197	0.0627	0.3824	0.0739	0.0589	0.0863	0.0575	0.0892	0.0875	0.043	0.1315	0.1042	0.029	0.218	0.1356
198	0.0623	0.3762	0.0737	0.0588	0.0862	0.0575	0.0892	0.0876	0.0431	0.1318	0.1044	0.029	0.2178	0.1356
199	0.0621	0.3842	0.0738	0.0588	0.0863	0.0576	0.0893	0.0878	0.0431	0.132	0.1045	0.029	0.218	0.1357
200	0.0627	0.3803	0.0738	0.0588	0.0863	0.0577	0.0895	0.0879	0.0431	0.1319	0.1045	0.029	0.2178	0.1356
201	0.0625	0.3826	0.074	0.0589	0.0865	0.0579	0.09	0.0881	0.0432	0.1327	0.1048	0.029	0.2182	0.1358
202	0.0615	0.377	0.074	0.0589	0.0865	0.0579	0.09	0.0881	0.0433	0.1328	0.1049	0.029	0.2182	0.1358
203	0.0615	0.3818	0.0739	0.0588	0.0865	0.0578	0.0902	0.0882	0.0432	0.1326	0.1049	0.029	0.2184	0.1359
204	0.0607	0.3854	0.0738	0.0589	0.0864	0.058	0.0906	0.0883	0.0433	0.1328	0.1049	0.029	0.2184	0.1358
205	0.0612	0.3778	0.0738	0.0588	0.0864	0.0582	0.0906	0.0884	0.0432	0.1327	0.1049	0.029	0.2184	0.1359
206	0.0606	0.3771	0.074	0.0589	0.0865	0.0581	0.0905	0.0883	0.0433	0.1326	0.1049	0.029	0.2183	0.1359
207	0.0602	0.3792	0.0741	0.0587	0.0865	0.058	0.0903	0.0883	0.0433	0.1329	0.105	0.029	0.2185	0.136
208	0.0604	0.3853	0.0741	0.0588	0.0865	0.0578	0.09	0.0881	0.0434	0.1331	0.1051	0.029	0.2187	0.1361
209	0.0605	0.3829	0.0744	0.059	0.0868	0.058	0.0905	0.0884	0.0434	0.1328	0.1051	0.029	0.2189	0.1362
210	0.0601	0.3781	0.0744	0.059	0.0869	0.0579	0.0902	0.0883	0.0434	0.1329	0.1052	0.029	0.219	0.1362
211	0.0595	0.3748	0.0743	0.059	0.0869	0.058	0.0901	0.0885	0.0434	0.1329	0.1053	0.0291	0.2191	0.1364
212	0.0604	0.3809	0.0742	0.0589	0.0868	0.058	0.0902	0.0885	0.0435	0.1331	0.1054	0.0291	0.2191	0.1364
213	0.0592	0.3757	0.0742	0.0589	0.0869	0.0581	0.0906	0.0887	0.0435	0.1331	0.1055	0.0291	0.2195	0.1366
214	0.0587	0.3811	0.0742	0.059	0.0869	0.0582	0.0908	0.0887	0.0435	0.1334	0.1055	0.0291	0.2193	0.1365
215	0.059	0.3841	0.0742	0.0589	0.0868	0.058	0.0906	0.0886	0.0434	0.1332	0.1053	0.0291	0.2193	0.1364
216	0.0592	0.3759	0.0744	0.059	0.0869	0.058	0.0903	0.0885	0.0434	0.1332	0.1054	0.0291	0.2194	0.1365
217	0.0594	0.3734	0.0744	0.059	0.0869	0.058	0.0904	0.0885	0.0434	0.1335	0.1054	0.0291	0.2196	0.1365
218	0.0589	0.3818	0.0746	0.0592	0.0872	0.058	0.0904	0.0886	0.0435	0.1335	0.1055	0.0291	0.2198	0.1367
219	0.058	0.3811	0.0745	0.0591	0.0871	0.0581	0.0906	0.0887	0.0436	0.134	0.1057	0.0291	0.2202	0.1368
220	0.0587	0.3745	0.0748	0.0593	0.0873	0.0582	0.0908	0.0889	0.0436	0.1341	0.1059	0.0291	0.2197	0.1367
221	0.0575	0.3753	0.0748	0.0593	0.0874	0.0583	0.0909	0.089	0.0436	0.1342	0.106	0.0291	0.2195	0.1368
222	0.0575	0.3843	0.075	0.0595	0.0876	0.0583	0.0909	0.089	0.0436	0.1344	0.1061	0.029	0.2193	0.1367
223	0.0581	0.3776	0.0748	0.0595	0.0874	0.0582	0.0909	0.089	0.0437	0.1345	0.1061	0.0291	0.2192	0.1367
224	0.0577	0.3819	0.0745	0.0593	0.0873	0.0581	0.0907	0.0889	0.0436	0.1345	0.1061	0.029	0.2191	0.1367
225	0.0576	0.3763	0.0748	0.0595	0.0876	0.0581	0.0909	0.0891	0.0436	0.1342	0.1061	0.0291	0.2193	0.1369
226	0.0572	0.39	0.0747	0.0595	0.0875	0.0581	0.0907	0.089	0.0436	0.1341	0.1061	0.0291	0.2196	0.137
227	0.0574	0.3792	0.0744	0.0593	0.0874	0.0582	0.0908	0.0891	0.0436	0.1342	0.1062	0.0291	0.22	0.1371
228	0.0565	0.3726	0.0743	0.0593	0.0874	0.0584	0.0911	0.0893	0.0436	0.1342	0.1062	0.0291	0.22	0.1372
229	0.0556	0.3813	0.0744	0.0594	0.0874	0.0583	0.091	0.0892	0.0436	0.1339	0.106	0.0291	0.2197	0.137
230	0.0566	0.3773	0.0747	0.0595	0.0874	0.0584	0.0912	0.0893	0.0436	0.1341	0.1061	0.0291	0.22	0.137
231	0.0563	0.3825	0.0746	0.0594	0.0876	0.0584	0.0914	0.0895	0.0436	0.1341	0.1063	0.0291	0.2201	0.1373
232	0.0568	0.3784	0.0749	0.0597	0.0879	0.0584	0.0913	0.0895	0.0436	0.1342	0.1064	0.0291	0.2202	0.1374
233	0.0574	0.3858	0.0749	0.0596	0.0878	0.0585	0.0916	0.0896	0.0436	0.1341	0.1063	0.0291	0.22	0.1374
234	0.0564	0.3869	0.0748	0.0597	0.0877	0.0586	0.0917	0.0896	0.0437	0.1344	0.1064	0.0292	0.22	0.1373
235	0.0566	0.3778	0.0748	0.0597	0.0876	0.0585	0.0916	0.0895	0.0437	0.1345	0.1063	0.0292	0.22	0.1373
236	0.0554	0.381	0.0747	0.0596	0.0875	0.0585	0.0915	0.0895	0.0437	0.1345	0.1063	0.0292	0.2199	0.1372
237	0.0557	0.3789	0.0747	0.0596	0.0875	0.0584	0.0915	0.0894	0.0438	0.1349	0.1065	0.0292	0.2201	0.1373
238	0.0559	0.3809	0.075	0.0599	0.0878	0.0586	0.0917	0.0896	0.0438	0.1346	0.1064	0.0292	0.2203	0.1374
239	0.0561	0.3805	0.0749	0.0599	0.0878	0.0586	0.0917	0.0897	0.0438	0.1345	0.1065	0.0292	0.2204	0.1375
240	0.0558	0.3772	0.075	0.0598	0.0878	0.0587	0.0918	0.0897	0.0438	0.1346	0.1065	0.0292	0.2205	0.1375
241	0.0553	0.3851	0.075	0.0599	0.0877	0.0585	0.0915	0.0895	0.0437	0.1345	0.1064	0.0291	0.2204	0.1373
242	0.0556	0.3802	0.0751	0.06	0.0878	0.0583	0.0912	0.0893	0.0437	0.1345	0.1064	0.0292	0.2207	0.1374
243	0.055	0.3836	0.0751	0.0599	0.0878	0.0585	0.0915	0.0895	0.0438	0.1348	0.1065	0.0292	0.2207	0.1375
244	0.0548	0.3814	0.0753	0.0601	0.0879	0.0585	0.0914	0.0895	0.0438	0.1347	0.1065	0.0291	0.2201	0.1374
245	0.055	0.3751	0.0753	0.0602	0.0881	0.0584	0.0913	0.0896	0.0438	0.135	0.1068	0.0291	0.2204	0.1376
246	0.0551	0.3761	0.0756	0.0605	0.0884	0.0584	0.0914	0.0897	0.0439	0.135	0.1069	0.0291	0.2201	0.1376
247	0.0551	0.3787	0.0754	0.0603	0.0882	0.0584	0.0914	0.0897	0.0439	0.1352	0.1069	0.0291	0.22	0.1376
248	0.0541	0.3804	0.0754	0.0604	0.0883	0.0584	0.0913	0.0896	0.044	0.1353	0.107	0.0291	0.2197	0.1375
249	0.0546	0.3799	0.0755	0.0605	0.0884	0.0584	0.0915	0.0897	0.0441	0.1358	0.1072	0.0291	0.2198	0.1376
250	0.0549	0.3767	0.0754	0.0603	0.0881	0.0583	0.0914	0.0896	0.044	0.1357	0.1071	0.0291	0.2202	0.1376
251	0.0544	0.3868	0.0754	0.0603	0.0883	0.0584	0.0914	0.0897	0.044	0.1358	0.1072	0.0291	0.2203	0.1377
252	0.0532	0.3796	0.0754	0.0605	0.0882	0.0585	0.0914	0.0896	0.044	0.1357	0.107	0.0291	0.2201	0.1376
253	0.0544	0.3807	0.0755	0.0606	0.0883	0.0585	0.0914	0.0896	0.044	0.1358	0.1071	0.0291	0.2197	0.1374
254	0.054	0.3782	0.0755	0.0606	0.0882	0.0586	0.0914	0.0896	0.044	0.1357	0.107	0.0291	0.2196	0.1373
255	0.0534	0.3776	0.0754	0.0605	0.0881	0.0587	0.0915	0.0897	0.044	0.1357	0.107	0.029	0.2194	0.1373
256	0.0538	0.3795	0.0755	0.0606	0.0883	0.0588	0.0916	0.0898	0.0441	0.1358	0.1071	0.029	0.2197	0.1374
257	0.054	0.3816	0.0753	0.0604	0.0881	0.0589	0.0917	0.0898	0.044	0.1359	0.1071	0.029	0.2194	0.1374
258	0.0534	0.3814	0.0753	0.0605	0.0882	0.0589	0.0919	0.09	0.044	0.136	0.1072	0.029	0.2195	0.1374
259	0.0534	0.3774	0.0753	0.0605	0.0881	0.0588	0.0916	0.0898	0.044	0.1358	0.1071	0.029	0.2193	0.1373
260	0.0537	0.3872	0.0755	0.0607	0.0882	0.0587	0.0916	0.0896	0.044	0.1355	0.1069	0.029	0.2191	0.1372
261	0.0539	0.3862	0.0756	0.0606	0.0882	0.0588	0.0919	0.0898	0.044	0.1358	0.1071	0.029	0.2193	0.1373
262	0.0535	0.3835	0.0755	0.0604	0.0882	0.0588	0.0919	0.0899	0.044	0.1358	0.1071	0.0291	0.2193	0.1374
263	0.0533	0.3792	0.0757	0.0607	0.0884	0.0588	0.0918	0.0899	0.044	0.1356	0.107	0.0291	0.2195	0.1375
264	0.0537	0.3782	0.0754	0.0607	0.0882	0.0588	0.0919	0.0899	0.0441	0.136	0.1072	0.0291	0.2199	0.1375
265	0.0533	0.3815	0.0752	0.0605	0.088	0.0585	0.0915	0.0896	0.0441	0.1361	0.1072	0.0291	0.2199	0.1374
266	0.0533	0.382	0.0751	0.0604	0.0879	0.0586	0.0916	0.0896	0.0441	0.1358	0.107	0.029	0.2199	0.1374
267	0.0532	0.3749	0.0754	0.0607	0.088	0.0586	0.0916	0.0895	0.0441	0.136	0.1071	0.029	0.2198	0.1373
268	0.0524	0.3761	0.0756	0.0608	0.0882	0.0586	0.0916	0.0896	0.0441	0.1359	0.1071	0.029	0.2197	0.1374
269	0.0531	0.3839	0.0753	0.0604	0.0878	0.0586	0.0916	0.0895	0.0442	0.1363	0.1071	0.0291	0.2198	0.1373
270	0.0528	0.3794	0.0753	0.0605	0.0879	0.0586	0.0917	0.0895	0.0442	0.1364	0.1071	0.029	0.2199	0.1373
271	0.0523	0.3835	0.0751	0.0603	0.0877	0.0586	0.0919	0.0895	0.0441	0.136	0.1069	0.029	0.2201	0.1373
272	0.0532	0.3838	0.0753	0.0605	0.0879	0.0587	0.0919	0.0896	0.0441	0.136	0.107	0.0291	0.2201	0.1374
273	0.0527	0.378	0.0754	0.0604	0.0879	0.0588	0.092	0.0897	0.0441	0.1357	0.107	0.0291	0.2202	0.1374
274	0.052	0.3767	0.0754	0.0603	0.0881	0.0589	0.0921	0.09	0.0442	0.1361	0.1073	0.0291	0.2202	0.1376
275	0.0527	0.3785	0.0754	0.0604	0.0882	0.0589	0.0922	0.0901	0.0441	0.1359	0.1073	0.0291	0.2205	0.1378
276	0.052	0.3706	0.0753	0.0604	0.0881	0.0589	0.0924	0.0901	0.0441	0.1358	0.1072	0.0291	0.2209	0.1378
277	0.0524	0.3816	0.0753	0.0604	0.0882	0.0588	0.0921	0.09	0.0442	0.1365	0.1075	0.0291	0.2212	0.1379
278	0.0521	0.3829	0.0754	0.0604	0.0882	0.0589	0.0921	0.0899	0.0443	0.1367	0.1075	0.0291	0.2209	0.1377
279	0.0519	0.3865	0.0755	0.0605	0.0883	0.0589	0.0923	0.09	0.0442	0.1367	0.1075	0.0291	0.2209	0.1378
280	0.0515	0.3787	0.0754	0.0604	0.0881	0.059	0.0927	0.0901	0.0443	0.1369	0.1075	0.0291	0.2207	0.1377
281	0.0521	0.385	0.0756	0.0608	0.0882	0.0591	0.0929	0.0901	0.0443	0.1371	0.1075	0.0291	0.2212	0.1377
282	0.0519	0.3838	0.0756	0.0608	0.0883	0.0591	0.0928	0.0902	0.0443	0.1369	0.1076	0.0291	0.2212	0.1378
283	0.0517	0.3694	0.0759	0.061	0.0885	0.0591	0.0929	0.0902	0.0444	0.1372	0.1076	0.0292	0.2216	0.1379
284	0.0511	0.379	0.0759	0.061	0.0885	0.0591	0.0929	0.0902	0.0444	0.1372	0.1076	0.0291	0.2214	0.1379
285	0.052	0.3798	0.0759	0.061	0.0886	0.0591	0.093	0.0904	0.0444	0.1373	0.1078	0.0292	0.2213	0.1381
286	0.0517	0.379	0.0758	0.061	0.0887	0.0591	0.0929	0.0904	0.0443	0.1372	0.1078	0.0292	0.2218	0.1382
287	0.0517	0.3858	0.0759	0.0611	0.089	0.0593	0.0931	0.0907	0.0444	0.1372	0.108	0.0292	0.2217	0.1383
288	0.0521	0.381	0.0758	0.061	0.0888	0.0595	0.0931	0.0908	0.0445	0.1376	0.1081	0.0292	0.2218	0.1384
289	0.0516	0.3781	0.0756	0.0609	0.0887	0.0595	0.0931	0.0908	0.0445	0.1375	0.1081	0.0292	0.2222	0.1385
290	0.0512	0.383	0.0758	0.061	0.0888	0.0595	0.0931	0.0907	0.0445	0.1377	0.1081	0.0292	0.222	0.1384
291	0.0519	0.3729	0.0757	0.061	0.0889	0.0595	0.0931	0.0908	0.0445	0.1376	0.1082	0.0292	0.2218	0.1384
292	0.051	0.3859	0.0761	0.0613	0.0893	0.0595	0.0929	0.0909	0.0444	0.1375	0.1082	0.0291	0.2215	0.1385
293	0.0517	0.3833	0.0761	0.0613	0.0892	0.0594	0.0928	0.0908	0.0444	0.1375	0.1082	0.0292	0.2218	0.1385
294	0.052	0.3806	0.076	0.0612	0.0891	0.0595	0.0929	0.0908	0.0443	0.1371	0.108	0.0292	0.2216	0.1384
295	0.0512	0.382	0.0758	0.0611	0.089	0.0594	0.0927	0.0907	0.0443	0.1371	0.108	0.0292	0.2218	0.1385
296	0.0508	0.3894	0.0756	0.061	0.0887	0.0594	0.0928	0.0906	0.0443	0.137	0.1079	0.0291	0.2213	0.1382
297	0.0516	0.3746	0.0755	0.061	0.0886	0.0594	0.0928	0.0906	0.0443	0.1373	0.1079	0.0291	0.2212	0.1381
298	0.0509	0.376	0.0756	0.061	0.0888	0.0596	0.0931	0.0909	0.0442	0.137	0.1079	0.0291	0.2211	0.1382
299	0.0508	0.3809	0.0758	0.0611	0.0888	0.0595	0.0931	0.0908	0.0443	0.137	0.1079	0.0291	0.2214	0.1383
300	0.0513	0.3819	0.0758	0.061	0.0887	0.0596	0.0933	0.0908	0.0442	0.1371	0.1079	0.0292	0.2215	0.1383
301	0.0507	0.3804	0.0758	0.0611	0.0889	0.0596	0.0933	0.0909	0.0443	0.1372	0.108	0.0291	0.2213	0.1383
302	0.0504	0.3776	0.0759	0.0612	0.0889	0.0595	0.0931	0.0908	0.0443	0.1369	0.108	0.0291	0.2212	0.1383
303	0.0511	0.383	0.0761	0.0614	0.0891	0.0595	0.093	0.0909	0.0443	0.137	0.1081	0.0291	0.2211	0.1383
304	0.051	0.3839	0.0762	0.0614	0.0893	0.0595	0.093	0.091	0.0444	0.1371	0.1082	0.0291	0.2213	0.1385
305	0.0511	0.3812	0.0763	0.0615	0.0895	0.0595	0.0932	0.0911	0.0445	0.1373	0.1085	0.0291	0.2213	0.1387
306	0.0507	0.3768	0.0761	0.0613	0.0893	0.0594	0.093	0.091	0.0444	0.1377	0.1084	0.0291	0.2213	0.1386
307	0.0508	0.386	0.0761	0.0614	0.0894	0.0595	0.0932	0.0911	0.0445	0.1379	0.1086	0.0292	0.2215	0.1387
308	0.0501	0.3743	0.0762	0.0615	0.0895	0.0595	0.0932	0.0912	0.0445	0.1381	0.1087	0.0292	0.2217	0.1388
309	0.0501	0.3792	0.0761	0.0614	0.0893	0.0595	0.0932	0.0911	0.0444	0.1378	0.1084	0.0292	0.2217	0.1387
310	0.0507	0.3801	0.0759	0.0613	0.0894	0.0595	0.0933	0.0913	0.0444	0.1378	0.1087	0.0292	0.2216	0.1389
311	0.0503	0.3837	0.0761	0.0615	0.0895	0.0595	0.0934	0.0913	0.0445	0.1379	0.1087	0.0291	0.2213	0.1388
312	0.0497	0.3832	0.0766	0.0618	0.0898	0.0596	0.0935	0.0914	0.0445	0.1379	0.1088	0.0292	0.2217	0.139
313	0.0504	0.3773	0.0763	0.0617	0.0897	0.0597	0.0939	0.0916	0.0445	0.1379	0.1088	0.0292	0.2216	0.139
314	0.0501	0.3825	0.0767	0.0619	0.0899	0.0598	0.0939	0.0917	0.0444	0.1376	0.1087	0.0292	0.2218	0.1391
315	0.0504	0.3847	0.0763	0.0616	0.0897	0.0597	0.0938	0.0916	0.0443	0.1373	0.1087	0.0292	0.222	0.1392
316	0.0497	0.3793	0.076	0.0614	0.0896	0.0595	0.0935	0.0915	0.0444	0.1377	0.1089	0.0292	0.222	0.1392
317	0.0506	0.3871	0.076	0.0615	0.0895	0.0596	0.0935	0.0914	0.0445	0.138	0.1089	0.0292	0.222	0.1391
318	0.0499	0.3841	0.0761	0.0615	0.0895	0.0597	0.0936	0.0915	0.0445	0.1379	0.1089	0.0292	0.2217	0.1391
319	0.05	0.3798	0.0764	0.0618	0.0897	0.0597	0.0939	0.0916	0.0444	0.1379	0.1088	0.0292	0.2215	0.1391
320	0.0499	0.3814	0.0763	0.0616	0.0896	0.0597	0.0936	0.0915	0.0443	0.1378	0.1087	0.0292	0.2217	0.139
321	0.0504	0.3878	0.0762	0.0616	0.0895	0.0597	0.0937	0.0915	0.0443	0.1377	0.1087	0.0292	0.2218	0.139
322	0.0498	0.3814	0.0765	0.0616	0.0897	0.0596	0.0937	0.0915	0.0443	0.1376	0.1086	0.0292	0.2218	0.139
323	0.0494	0.3811	0.0765	0.0617	0.0897	0.0597	0.0939	0.0915	0.0443	0.1376	0.1086	0.0292	0.2215	0.1389
324	0.0497	0.3777	0.0765	0.0617	0.0895	0.0598	0.0941	0.0915	0.0442	0.1371	0.1083	0.0291	0.2213	0.1387
325	0.0494	0.3817	0.0765	0.0618	0.0895	0.0599	0.0941	0.0915	0.0442	0.1373	0.1083	0.0291	0.2211	0.1386
326	0.0494	0.3822	0.0764	0.0617	0.0895	0.0599	0.094	0.0916	0.0442	0.1375	0.1084	0.0291	0.2213	0.1387
327	0.0498	0.377	0.0765	0.0618	0.0896	0.0598	0.0939	0.0916	0.0443	0.1376	0.1086	0.0291	0.221	0.1387
328	0.0496	0.378	0.0766	0.0619	0.0897	0.0599	0.0941	0.0916	0.0443	0.1373	0.1085	0.0291	0.2211	0.1387
329	0.0498	0.3818	0.0766	0.0619	0.0897	0.0599	0.0944	0.0917	0.0443	0.1372	0.1084	0.0291	0.2211	0.1387
330	0.0495	0.3852	0.077	0.0623	0.0899	0.0598	0.094	0.0915	0.0443	0.1373	0.1084	0.0291	0.2212	0.1387
331	0.0494	0.3811	0.0768	0.0623	0.0899	0.06	0.0942	0.0916	0.0443	0.1374	0.1085	0.0291	0.221	0.1387
332	0.0496	0.3809	0.077	0.0623	0.09	0.0599	0.0941	0.0916	0.0444	0.1376	0.1086	0.0291	0.2214	0.1388
333	0.0491	0.384	0.0771	0.0623	0.0901	0.0598	0.094	0.0916	0.0443	0.1374	0.1086	0.0291	0.2213	0.1389
334	0.0491	0.3766	0.0772	0.0624	0.0903	0.06	0.0943	0.0918	0.0444	0.1375	0.1087	0.0291	0.2214	0.139
335	0.0496	0.3867	0.0772	0.0623	0.0901	0.06	0.0943	0.0917	0.0443	0.1375	0.1085	0.0291	0.2215	0.1388
336	0.0493	0.3859	0.0771	0.0622	0.0899	0.0601	0.0945	0.0917	0.0443	0.1376	0.1085	0.0291	0.2216	0.1388
337	0.0497	0.3855	0.0771	0.0622	0.0901	0.0601	0.0944	0.0918	0.0443	0.1376	0.1086	0.0291	0.2213	0.1388
338	0.0493	0.3808	0.0772	0.0624	0.0902	0.06	0.0941	0.0918	0.0443	0.1377	0.1087	0.0291	0.2211	0.1388
339	0.0495	0.3783	0.0772	0.0624	0.0902	0.06	0.0942	0.0917	0.0443	0.1378	0.1087	0.029	0.2209	0.1387
340	0.0491	0.3789	0.077	0.0623	0.09	0.06	0.0943	0.0917	0.0442	0.1375	0.1084	0.0291	0.2208	0.1386
341	0.049	0.3833	0.0771	0.0623	0.0901	0.0601	0.0943	0.0918	0.0442	0.1374	0.1084	0.0291	0.2207	0.1386
342	0.0501	0.3843	0.0773	0.0623	0.0902	0.0599	0.094	0.0916	0.0443	0.1376	0.1086	0.029	0.2206	0.1386
343	0.0492	0.3787	0.0772	0.0623	0.0901	0.0601	0.0943	0.0917	0.0443	0.1377	0.1086	0.029	0.2203	0.1385
344	0.049	0.384	0.0774	0.0625	0.0902	0.06	0.094	0.0916	0.0443	0.1373	0.1084	0.0291	0.2206	0.1386
345	0.0493	0.3795	0.0776	0.0626	0.0903	0.0599	0.0939	0.0915	0.0444	0.1377	0.1086	0.0291	0.2209	0.1387
346	0.0487	0.3742	0.0775	0.0625	0.0905	0.06	0.0943	0.0919	0.0444	0.1376	0.1087	0.0291	0.221	0.1389
347	0.0495	0.3831	0.0774	0.0625	0.0904	0.06	0.0943	0.0919	0.0443	0.1375	0.1087	0.0291	0.2213	0.139
348	0.0495	0.3814	0.0774	0.0624	0.0903	0.0602	0.0943	0.0919	0.0442	0.1373	0.1086	0.0291	0.2213	0.1389
349	0.0483	0.3812	0.0774	0.0624	0.0903	0.0601	0.0942	0.0919	0.0443	0.1373	0.1086	0.0291	0.2214	0.139
350	0.049	0.3796	0.0774	0.0625	0.0904	0.06	0.0939	0.0918	0.0443	0.1374	0.1087	0.0291	0.2213	0.1391
351	0.049	0.3778	0.0773	0.0624	0.0903	0.06	0.0941	0.0919	0.0443	0.1373	0.1087	0.0291	0.2213	0.139
352	0.0492	0.3822	0.0774	0.0625	0.0905	0.0601	0.0942	0.092	0.0443	0.1374	0.1088	0.0291	0.2215	0.1392
353	0.0488	0.3809	0.0772	0.0624	0.0904	0.0601	0.0945	0.0921	0.0443	0.1374	0.1088	0.0292	0.2218	0.1393
354	0.0491	0.3839	0.077	0.0623	0.0903	0.0601	0.0946	0.0922	0.0444	0.1377	0.109	0.0291	0.2214	0.1393
355	0.0486	0.3841	0.077	0.0624	0.0903	0.0602	0.0947	0.0922	0.0445	0.1379	0.1091	0.0292	0.2215	0.1393
356	0.0494	0.3868	0.0771	0.0623	0.0903	0.0601	0.0946	0.0922	0.0445	0.1379	0.1091	0.0292	0.2214	0.1393
357	0.0487	0.3832	0.0771	0.0623	0.0903	0.0601	0.0944	0.0922	0.0444	0.1379	0.1091	0.0292	0.2213	0.1393
358	0.0489	0.3799	0.0772	0.0625	0.0905	0.0601	0.0945	0.0922	0.0445	0.1383	0.1092	0.0292	0.2218	0.1395
359	0.0488	0.3879	0.0772	0.0623	0.0904	0.0601	0.0945	0.0922	0.0445	0.1387	0.1093	0.0292	0.2216	0.1394
360	0.0487	0.388	0.0774	0.0623	0.0904	0.0601	0.0943	0.092	0.0446	0.1389	0.1094	0.0292	0.2215	0.1394
361	0.0491	0.3816	0.0777	0.0625	0.0907	0.06	0.0944	0.0922	0.0446	0.1388	0.1095	0.0292	0.2218	0.1396
362	0.0488	0.3915	0.0777	0.0624	0.0907	0.0599	0.0942	0.0921	0.0446	0.1386	0.1095	0.0292	0.2216	0.1395
363	0.0487	0.3831	0.0778	0.0626	0.0909	0.0601	0.0945	0.0923	0.0446	0.1383	0.1095	0.0292	0.2217	0.1397
364	0.0489	0.3862	0.0776	0.0623	0.0908	0.0601	0.0945	0.0924	0.0446	0.1385	0.1096	0.0292	0.2216	0.1397
365	0.0489	0.3817	0.0774	0.0623	0.0906	0.0601	0.0945	0.0923	0.0447	0.1388	0.1096	0.0292	0.2216	0.1396
366	0.0481	0.3779	0.0775	0.0623	0.0906	0.0603	0.0948	0.0924	0.0445	0.1383	0.1093	0.0292	0.2215	0.1395
367	0.0485	0.3786	0.0778	0.0626	0.0909	0.0605	0.0951	0.0926	0.0445	0.1383	0.1094	0.0292	0.2215	0.1395
368	0.0484	0.3868	0.0779	0.0627	0.091	0.0604	0.0951	0.0926	0.0445	0.1384	0.1095	0.0291	0.2213	0.1395
369	0.0487	0.3858	0.0779	0.0627	0.0911	0.0603	0.0948	0.0925	0.0445	0.1384	0.1095	0.0292	0.2215	0.1396
370	0.048	0.3804	0.078	0.0627	0.091	0.0603	0.0949	0.0925	0.0446	0.1388	0.1096	0.0291	0.2216	0.1396
371	0.0483	0.385	0.0779	0.0626	0.091	0.0603	0.095	0.0926	0.0446	0.1389	0.1097	0.0291	0.2215	0.1396
372	0.049	0.3806	0.0781	0.0628	0.0911	0.0602	0.0948	0.0925	0.0446	0.1387	0.1097	0.0291	0.2215	0.1396
373	0.0488	0.3843	0.0779	0.0626	0.0911	0.0603	0.0949	0.0926	0.0446	0.1386	0.1096	0.0292	0.2216	0.1397
374	0.0486	0.3828	0.0778	0.0625	0.0909	0.0602	0.0947	0.0924	0.0446	0.1386	0.1096	0.0292	0.2216	0.1397
375	0.0483	0.3846	0.0779	0.0627	0.091	0.0602	0.0947	0.0925	0.0446	0.1386	0.1096	0.0292	0.2216	0.1397
376	0.0482	0.3848	0.0781	0.0627	0.0911	0.0602	0.0947	0.0925	0.0445	0.1383	0.1095	0.0292	0.2216	0.1397
377	0.0484	0.3774	0.0779	0.0625	0.0911	0.0603	0.0949	0.0926	0.0446	0.1387	0.1097	0.0292	0.2214	0.1397
378	0.0485	0.3881	0.0779	0.0624	0.0911	0.0603	0.0949	0.0927	0.0446	0.1385	0.1097	0.0292	0.2215	0.1398
379	0.0485	0.3831	0.0781	0.0627	0.0913	0.0604	0.095	0.0927	0.0446	0.1386	0.1097	0.0292	0.2216	0.1398
380	0.0484	0.391	0.0781	0.0626	0.0913	0.0603	0.095	0.0927	0.0446	0.1388	0.1098	0.0291	0.221	0.1397
381	0.0485	0.3836	0.0779	0.0625	0.0913	0.0604	0.095	0.0928	0.0447	0.1389	0.1099	0.0291	0.221	0.1397
382	0.0483	0.3816	0.0779	0.0626	0.0914	0.0604	0.095	0.0929	0.0446	0.1388	0.11	0.0291	0.2212	0.1399
383	0.0488	0.3834	0.0779	0.0627	0.0913	0.0603	0.0949	0.0929	0.0447	0.1389	0.11	0.0291	0.2212	0.1398
384	0.0481	0.3865	0.0779	0.0627	0.0913	0.0604	0.0951	0.093	0.0448	0.1391	0.1101	0.0291	0.2212	0.1399
385	0.0483	0.3821	0.078	0.0627	0.0916	0.0605	0.0952	0.0932	0.0448	0.1392	0.1102	0.0291	0.221	0.14
386	0.0484	0.3864	0.0778	0.0626	0.0913	0.0605	0.0953	0.0931	0.0446	0.139	0.11	0.0291	0.2213	0.1399
387	0.0481	0.3768	0.0778	0.0625	0.0914	0.0606	0.0953	0.0932	0.0447	0.1394	0.1102	0.0292	0.2214	0.14
388	0.0485	0.3838	0.0778	0.0626	0.0914	0.0605	0.0951	0.0931	0.0448	0.1395	0.1103	0.0292	0.2215	0.14
389	0.0475	0.3743	0.0777	0.0625	0.0913	0.0605	0.095	0.093	0.0449	0.1399	0.1104	0.0292	0.2217	0.1401
390	0.0482	0.3797	0.0779	0.0627	0.0914	0.0604	0.095	0.093	0.0448	0.1396	0.1103	0.0291	0.2212	0.14
391	0.0482	0.3792	0.0777	0.0626	0.0912	0.0604	0.0951	0.0929	0.0447	0.1393	0.1101	0.0292	0.2215	0.1399
392	0.0479	0.381	0.0776	0.0626	0.0913	0.0604	0.095	0.093	0.0448	0.1392	0.1102	0.0291	0.2212	0.14
393	0.0483	0.3789	0.0779	0.0628	0.0914	0.0604	0.0951	0.093	0.0447	0.1391	0.1101	0.0291	0.2213	0.1399
394	0.0482	0.3809	0.0775	0.0625	0.0911	0.0605	0.0951	0.0929	0.0447	0.1388	0.1099	0.0292	0.2216	0.1399
395	0.0481	0.3876	0.0775	0.0625	0.091	0.0605	0.0954	0.0929	0.0447	0.1388	0.1098	0.0291	0.2214	0.1397
396	0.0485	0.382	0.0774	0.0626	0.0907	0.0603	0.095	0.0926	0.0447	0.1389	0.1097	0.0291	0.2212	0.1395
397	0.048	0.3815	0.077	0.0621	0.0904	0.0602	0.0949	0.0925	0.0446	0.1386	0.1096	0.0292	0.2214	0.1396
398	0.0479	0.3783	0.0768	0.0619	0.0903	0.0604	0.0951	0.0926	0.0446	0.1388	0.1096	0.0291	0.2212	0.1395
399	0.0477	0.3768	0.0769	0.0621	0.0904	0.0605	0.0953	0.0928	0.0446	0.1388	0.1097	0.0291	0.2211	0.1395
400	0.0479	0.3817	0.0771	0.0622	0.0905	0.0605	0.0952	0.0927	0.0446	0.1388	0.1096	0.0291	0.2213	0.1395
401	0.0483	0.3803	0.077	0.0621	0.0904	0.0603	0.0949	0.0925	0.0446	0.1387	0.1095	0.0291	0.2211	0.1394
402	0.0473	0.379	0.0769	0.0621	0.0903	0.0602	0.0949	0.0924	0.0445	0.1387	0.1095	0.0291	0.2209	0.1394
403	0.0482	0.3806	0.077	0.0622	0.0903	0.0602	0.0948	0.0923	0.0445	0.1385	0.1094	0.0291	0.2211	0.1393
404	0.0474	0.3871	0.077	0.0621	0.0903	0.0601	0.0949	0.0924	0.0446	0.1386	0.1094	0.0291	0.2212	0.1394
405	0.0479	0.382	0.0769	0.062	0.0903	0.0603	0.0951	0.0925	0.0446	0.1387	0.1095	0.0291	0.221	0.1394
406	0.0481	0.3796	0.0769	0.0621	0.0904	0.0603	0.095	0.0925	0.0447	0.1389	0.1096	0.0291	0.2211	0.1394
407	0.0477	0.3852	0.0771	0.0622	0.0906	0.0604	0.0952	0.0927	0.0447	0.1392	0.1098	0.0292	0.2213	0.1396
408	0.0475	0.3845	0.0771	0.0622	0.0906	0.0605	0.0953	0.0928	0.0448	0.1396	0.1099	0.0291	0.221	0.1395
409	0.0477	0.3836	0.0773	0.0624	0.0907	0.0604	0.0953	0.0927	0.0448	0.1396	0.1099	0.0291	0.2214	0.1396
410	0.0475	0.3792	0.0772	0.0623	0.0907	0.0604	0.0953	0.0927	0.0447	0.1392	0.1098	0.0291	0.2211	0.1395
411	0.0481	0.3774	0.0772	0.0623	0.0907	0.0605	0.0954	0.0929	0.0447	0.1393	0.1099	0.0291	0.2214	0.1397
412	0.0475	0.3839	0.077	0.0621	0.0906	0.0606	0.0955	0.0929	0.0447	0.1392	0.1099	0.0291	0.2214	0.1397
413	0.0477	0.3823	0.0768	0.062	0.0905	0.0606	0.0955	0.093	0.0447	0.1392	0.1099	0.0291	0.2212	0.1397
414	0.0475	0.3867	0.0768	0.0619	0.0905	0.0606	0.0955	0.093	0.0447	0.139	0.1099	0.0291	0.2212	0.1397
415	0.0484	0.3864	0.0767	0.062	0.0905	0.0606	0.0954	0.0929	0.0446	0.139	0.1098	0.029	0.2207	0.1395
416	0.0478	0.3854	0.077	0.0621	0.0906	0.0606	0.0954	0.0929	0.0446	0.1388	0.1097	0.0291	0.2208	0.1395
417	0.0475	0.3813	0.0772	0.0624	0.0905	0.0606	0.0953	0.0927	0.0447	0.139	0.1096	0.029	0.2208	0.1393
418	0.0475	0.388	0.0768	0.0623	0.0904	0.0606	0.0955	0.0928	0.0446	0.1388	0.1096	0.0291	0.2208	0.1394
419	0.0478	0.3822	0.0769	0.0623	0.0905	0.0607	0.0958	0.093	0.0447	0.1389	0.1097	0.0291	0.2207	0.1394
420	0.0474	0.3804	0.077	0.0624	0.0907	0.0608	0.0959	0.0931	0.0448	0.1396	0.11	0.029	0.2207	0.1395
421	0.0478	0.3855	0.077	0.0622	0.0906	0.0608	0.0958	0.0931	0.0447	0.1394	0.11	0.0291	0.2208	0.1395
422	0.0473	0.3808	0.0772	0.0623	0.0907	0.0606	0.0954	0.0929	0.0447	0.1391	0.1099	0.0291	0.2207	0.1395
423	0.0474	0.3793	0.077	0.0622	0.0906	0.0607	0.0954	0.0929	0.0447	0.1392	0.1099	0.0291	0.2207	0.1395
424	0.0475	0.3898	0.0774	0.0626	0.091	0.0606	0.0951	0.0929	0.0448	0.1395	0.1101	0.029	0.2205	0.1395
425	0.0476	0.3766	0.0773	0.0625	0.091	0.0607	0.0953	0.0931	0.0448	0.1395	0.1102	0.0291	0.221	0.1397
426	0.0473	0.3772	0.077	0.0623	0.0908	0.0607	0.0954	0.0931	0.0448	0.1393	0.1101	0.029	0.2206	0.1396
427	0.0471	0.3811	0.0772	0.0623	0.091	0.0607	0.0953	0.0931	0.0447	0.1393	0.1101	0.029	0.2207	0.1397
428	0.0478	0.3768	0.0773	0.0625	0.0909	0.0608	0.0957	0.0931	0.0448	0.1395	0.1101	0.029	0.2207	0.1396
429	0.0473	0.3821	0.0772	0.0625	0.091	0.0608	0.0955	0.0932	0.0447	0.1394	0.1101	0.029	0.2207	0.1397
430	0.0477	0.3832	0.0769	0.0622	0.0906	0.0609	0.0957	0.0932	0.0447	0.1395	0.1101	0.0291	0.2209	0.1397
431	0.0474	0.3805	0.0768	0.0622	0.0906	0.0607	0.0953	0.093	0.0447	0.1393	0.1101	0.0291	0.2206	0.1396
432	0.0478	0.387	0.0768	0.0621	0.0907	0.0607	0.0953	0.0931	0.0446	0.1393	0.1101	0.029	0.2205	0.1397
433	0.0472	0.3766	0.0768	0.0622	0.0908	0.0607	0.0953	0.0932	0.0446	0.1392	0.1101	0.0291	0.2208	0.1398
434	0.0474	0.3889	0.0768	0.0622	0.0907	0.0606	0.0953	0.0931	0.0446	0.1394	0.1101	0.029	0.2207	0.1397
435	0.0473	0.3823	0.0766	0.0621	0.0905	0.0607	0.0955	0.0931	0.0446	0.1393	0.11	0.0291	0.2207	0.1397
436	0.0478	0.3845	0.0768	0.0623	0.0906	0.0607	0.0952	0.093	0.0446	0.1392	0.11	0.0291	0.221	0.1397
437	0.0473	0.3902	0.0767	0.0622	0.0907	0.0607	0.0954	0.0932	0.0447	0.1392	0.1101	0.0291	0.2208	0.1398
438	0.0472	0.385	0.0768	0.0623	0.0907	0.0607	0.0956	0.0932	0.0447	0.1392	0.1101	0.0291	0.2209	0.1398
439	0.0481	0.3819	0.0766	0.0621	0.0906	0.0607	0.0956	0.0933	0.0447	0.1393	0.1102	0.0291	0.2209	0.1399
440	0.0471	0.3891	0.0766	0.0621	0.0908	0.0607	0.0956	0.0934	0.0446	0.1391	0.1102	0.0291	0.2209	0.14
441	0.0473	0.3816	0.0765	0.0622	0.0907	0.0607	0.0956	0.0934	0.0447	0.1392	0.1103	0.029	0.2202	0.1397
442	0.0475	0.3834	0.0765	0.0621	0.0907	0.0607	0.0958	0.0934	0.0446	0.1393	0.1102	0.029	0.2201	0.1397
443	0.0471	0.3828	0.0767	0.0623	0.0909	0.0608	0.096	0.0936	0.0447	0.1393	0.1104	0.029	0.2202	0.1398
444	0.0475	0.3894	0.0767	0.0623	0.0909	0.0608	0.0961	0.0937	0.0446	0.1393	0.1104	0.029	0.2204	0.14
445	0.0471	0.3843	0.0769	0.0624	0.0911	0.0606	0.0957	0.0936	0.0447	0.1395	0.1105	0.029	0.2205	0.1401
446	0.0469	0.3812	0.077	0.0624	0.0911	0.0607	0.0956	0.0935	0.0446	0.1394	0.1104	0.029	0.2202	0.1399
447	0.047	0.3864	0.077	0.0624	0.0912	0.0607	0.0958	0.0936	0.0446	0.1392	0.1104	0.029	0.22	0.1399
448	0.0468	0.3806	0.077	0.0624	0.0912	0.0608	0.0958	0.0937	0.0445	0.1391	0.1104	0.029	0.2199	0.14
449	0.0475	0.3867	0.077	0.0625	0.0912	0.0607	0.0957	0.0935	0.0445	0.139	0.1103	0.029	0.2201	0.1399
450	0.0474	0.3829	0.0772	0.0626	0.0914	0.0607	0.0959	0.0936	0.0445	0.1391	0.1104	0.029	0.2203	0.1399
451	0.0483	0.3847	0.0773	0.0628	0.0917	0.0607	0.0958	0.0937	0.0446	0.1394	0.1106	0.029	0.2202	0.1401
452	0.0471	0.3809	0.0774	0.0628	0.0918	0.0607	0.0959	0.0938	0.0446	0.1393	0.1106	0.029	0.2202	0.1401
453	0.0474	0.3881	0.0774	0.0629	0.0919	0.0607	0.0959	0.0939	0.0446	0.1391	0.1106	0.029	0.2204	0.1402
454	0.0472	0.3853	0.0774	0.0627	0.0918	0.0608	0.0959	0.0939	0.0447	0.1394	0.1107	0.029	0.2203	0.1402
455	0.0469	0.3743	0.0774	0.0627	0.0917	0.0608	0.0958	0.0938	0.0447	0.1395	0.1107	0.029	0.2201	0.1402
456	0.0468	0.378	0.0774	0.0626	0.0915	0.0609	0.0959	0.0938	0.0447	0.1395	0.1106	0.029	0.2201	0.14
457	0.0477	0.3794	0.0774	0.0627	0.0914	0.0608	0.0956	0.0936	0.0446	0.1391	0.1104	0.0291	0.2208	0.1402
458	0.047	0.3945	0.0775	0.0628	0.0915	0.0607	0.0955	0.0935	0.0446	0.1392	0.1104	0.0291	0.2208	0.1401
459	0.0472	0.386	0.0776	0.0629	0.0916	0.0607	0.0956	0.0936	0.0445	0.1391	0.1103	0.0291	0.2207	0.1401
460	0.047	0.377	0.0775	0.0627	0.0915	0.0607	0.0956	0.0935	0.0445	0.139	0.1102	0.029	0.2203	0.1399
461	0.0471	0.39	0.0774	0.0627	0.0913	0.0609	0.0959	0.0935	0.0445	0.1391	0.1101	0.029	0.2203	0.1398
462	0.0474	0.3802	0.0773	0.0627	0.0912	0.0607	0.0956	0.0933	0.0446	0.1395	0.1102	0.0291	0.2203	0.1397
463	0.0468	0.3855	0.0774	0.0629	0.0913	0.0609	0.096	0.0935	0.0446	0.1394	0.1102	0.029	0.2203	0.1398
464	0.0472	0.3947	0.0775	0.063	0.0912	0.0609	0.0961	0.0935	0.0446	0.1393	0.1101	0.0291	0.2206	0.1398
465	0.0464	0.3806	0.0774	0.0629	0.0912	0.0609	0.096	0.0935	0.0446	0.1394	0.1101	0.0291	0.2208	0.1398
466	0.0472	0.3899	0.0775	0.0629	0.0912	0.061	0.0961	0.0935	0.0446	0.1395	0.1101	0.0291	0.2207	0.1398
467	0.0468	0.3869	0.0772	0.0627	0.091	0.0611	0.0963	0.0936	0.0445	0.1392	0.1101	0.0291	0.2209	0.1398
468	0.047	0.3842	0.0772	0.0628	0.0908	0.0609	0.0963	0.0933	0.0445	0.1391	0.1098	0.0291	0.2207	0.1396
469	0.0474	0.3874	0.0774	0.063	0.091	0.0608	0.0961	0.0932	0.0445	0.1388	0.1097	0.0291	0.2206	0.1395
470	0.0467	0.3828	0.0774	0.0631	0.091	0.0611	0.0964	0.0934	0.0445	0.1392	0.1099	0.0291	0.2206	0.1396
471	0.047	0.383	0.0773	0.0627	0.0911	0.0611	0.0965	0.0936	0.0446	0.1394	0.1101	0.0291	0.2209	0.1398
472	0.0473	0.3803	0.0772	0.0625	0.091	0.061	0.0965	0.0936	0.0446	0.1394	0.1101	0.0291	0.2206	0.1397
473	0.0466	0.3809	0.0771	0.0626	0.091	0.061	0.0963	0.0936	0.0446	0.1393	0.1101	0.0291	0.2206	0.1398
474	0.0468	0.3845	0.0773	0.0629	0.0912	0.0609	0.0962	0.0935	0.0446	0.1392	0.1101	0.0291	0.2206	0.1398
475	0.047	0.3894	0.0776	0.0632	0.0914	0.0609	0.0961	0.0935	0.0446	0.1391	0.11	0.0291	0.2207	0.1398
476	0.0465	0.3848	0.0775	0.0632	0.0912	0.0608	0.0959	0.0932	0.0445	0.139	0.1099	0.0291	0.2205	0.1396
477	0.0468	0.3902	0.0772	0.063	0.0911	0.0608	0.0959	0.0933	0.0445	0.139	0.1099	0.0291	0.2209	0.1397
478	0.0465	0.3845	0.0772	0.063	0.091	0.0606	0.0957	0.093	0.0446	0.1393	0.1099	0.0291	0.2206	0.1396
479	0.0473	0.3768	0.077	0.063	0.0908	0.0605	0.0958	0.0929	0.0445	0.1385	0.1095	0.029	0.2203	0.1393
480	0.0464	0.3886	0.0767	0.0624	0.0905	0.0603	0.0955	0.0928	0.0444	0.1383	0.1094	0.0291	0.2208	0.1395
481	0.0469	0.3844	0.0766	0.0621	0.0903	0.0604	0.0958	0.0929	0.0443	0.1384	0.1094	0.0291	0.2205	0.1393
482	0.0464	0.3861	0.0762	0.0616	0.09	0.0604	0.0957	0.0928	0.0443	0.1383	0.1093	0.0291	0.2205	0.1393
483	0.0464	0.3803	0.0766	0.0621	0.0904	0.0604	0.0957	0.0929	0.0444	0.1385	0.1095	0.0291	0.2204	0.1394
484	0.0469	0.3885	0.0765	0.0621	0.0903	0.0604	0.0958	0.0929	0.0443	0.1379	0.1093	0.0291	0.2203	0.1393
485	0.0472	0.3844	0.0767	0.0622	0.0904	0.0603	0.0957	0.0928	0.0443	0.138	0.1093	0.029	0.2201	0.1392
486	0.0461	0.3862	0.0768	0.0623	0.0905	0.0603	0.0956	0.0928	0.0442	0.1378	0.1092	0.029	0.2199	0.1391
487	0.047	0.386	0.077	0.0622	0.0906	0.0603	0.0955	0.0928	0.0442	0.1377	0.1092	0.029	0.2199	0.1391
488	0.0467	0.3874	0.0772	0.0624	0.0908	0.0604	0.0956	0.093	0.0442	0.1377	0.1093	0.029	0.2201	0.1393
489	0.0469	0.3891	0.0772	0.0624	0.091	0.0602	0.0954	0.093	0.0443	0.1379	0.1095	0.029	0.2201	0.1394
490	0.0466	0.3872	0.0772	0.0624	0.0909	0.0602	0.0954	0.0929	0.0443	0.138	0.1094	0.029	0.2198	0.1393
491	0.0467	0.3855	0.0772	0.0623	0.0909	0.0602	0.0954	0.0928	0.0443	0.1381	0.1095	0.029	0.2198	0.1393
492	0.0466	0.3857	0.0767	0.062	0.0907	0.0603	0.0955	0.093	0.0443	0.1382	0.1096	0.029	0.2202	0.1395
493	0.0471	0.3877	0.077	0.062	0.0908	0.0604	0.0958	0.0931	0.0443	0.138	0.1095	0.029	0.22	0.1395
494	0.0466	0.3912	0.0769	0.0619	0.0908	0.0604	0.096	0.0932	0.0442	0.1378	0.1095	0.0291	0.2206	0.1397
495	0.0465	0.3859	0.077	0.062	0.0908	0.0605	0.096	0.0932	0.0442	0.1379	0.1095	0.0291	0.2204	0.1396
496	0.0465	0.3893	0.0771	0.0621	0.0909	0.0605	0.0962	0.0934	0.0442	0.1379	0.1096	0.0291	0.2203	0.1396
497	0.0469	0.3874	0.0772	0.0624	0.091	0.0606	0.0962	0.0933	0.0443	0.138	0.1095	0.0291	0.2201	0.1395
498	0.0467	0.386	0.0772	0.0624	0.0911	0.0606	0.0963	0.0935	0.0443	0.1381	0.1097	0.0291	0.2203	0.1397
499	0.0467	0.3867	0.077	0.0622	0.0909	0.0606	0.0964	0.0934	0.0443	0.1383	0.1097	0.0291	0.2202	0.1396
500	0.0467	0.3814	0.0767	0.0621	0.0905	0.0607	0.0966	0.0933	0.0444	0.1385	0.1096	0.0291	0.2203	0.1395
