{"n_layers": 0, "device": "cuda", "batch_size": 2048, "embedding_dim": 512, "learning_rate": 0.001, "dataset": "dbbook", "epochs": 150, "model": "ef-mmlgcn", "fusion": "mean", "top_k": [5, 10, 20, 50], "seed": 19, "multimodal": false}
Epoch	Loss	Precision@5	Recall@5	NDCG@5	Precision@10	Recall@10	NDCG@10	Precision@20	Recall@20	NDCG@20	Precision@50	Recall@50	NDCG@50
1	0.6932	0.0016	0.001	0.0015	0.0015	0.0021	0.0018	0.0015	0.0043	0.0028	0.0014	0.0102	0.0049
2	0.6853	0.0032	0.0024	0.0034	0.0026	0.0039	0.0037	0.0025	0.007	0.005	0.0022	0.0149	0.008
3	0.6760	0.0133	0.0098	0.0161	0.01	0.0145	0.0156	0.0078	0.0227	0.0189	0.0058	0.0415	0.0257
4	0.6616	0.0286	0.021	0.0332	0.0223	0.0327	0.0332	0.018	0.0518	0.041	0.0121	0.0874	0.054
5	0.6385	0.0394	0.0297	0.0452	0.0323	0.0477	0.0468	0.0253	0.0748	0.0575	0.017	0.1245	0.0756
6	0.6035	0.0454	0.0353	0.0523	0.0371	0.0558	0.0542	0.029	0.0862	0.0664	0.0202	0.148	0.089
7	0.5550	0.0488	0.0379	0.0561	0.0392	0.0593	0.0577	0.0308	0.0912	0.0706	0.0219	0.16	0.0958
8	0.4958	0.0511	0.0397	0.0589	0.0411	0.0619	0.0605	0.032	0.0941	0.0735	0.023	0.1671	0.1003
9	0.4317	0.0525	0.041	0.0603	0.0418	0.0634	0.0618	0.0327	0.0959	0.0751	0.0235	0.17	0.1023
10	0.3702	0.0536	0.0423	0.0621	0.0425	0.0639	0.0633	0.0334	0.0981	0.0772	0.0239	0.1727	0.1047
11	0.3143	0.0541	0.0427	0.063	0.043	0.0649	0.0644	0.0336	0.099	0.0783	0.0242	0.1747	0.1063
12	0.2684	0.0552	0.0435	0.0642	0.0433	0.0653	0.0651	0.034	0.1009	0.0795	0.0245	0.1773	0.1077
13	0.2308	0.0563	0.0443	0.0657	0.0443	0.0671	0.0668	0.0346	0.1028	0.0811	0.0246	0.1789	0.1093
14	0.1985	0.0575	0.0455	0.0673	0.0454	0.0688	0.0684	0.035	0.1044	0.0827	0.0249	0.1807	0.1109
15	0.1726	0.0587	0.0464	0.0688	0.0465	0.0709	0.0703	0.0355	0.1063	0.0844	0.0251	0.1828	0.1128
16	0.1510	0.0591	0.0469	0.0693	0.047	0.0717	0.0709	0.0359	0.1072	0.0852	0.0253	0.1837	0.1135
17	0.1334	0.0603	0.0481	0.0707	0.0478	0.0732	0.0723	0.0363	0.1088	0.0866	0.0254	0.1853	0.1148
18	0.1176	0.0609	0.0488	0.0713	0.0481	0.0741	0.0729	0.0365	0.1101	0.0873	0.0255	0.1867	0.1156
19	0.1046	0.0627	0.0502	0.073	0.0486	0.075	0.0739	0.0369	0.1114	0.0885	0.0257	0.1879	0.1168
20	0.0935	0.0637	0.0509	0.0741	0.0491	0.0765	0.075	0.0371	0.1119	0.0892	0.0258	0.1892	0.1178
21	0.0838	0.0634	0.0508	0.074	0.0498	0.0773	0.0757	0.0373	0.1129	0.0898	0.026	0.1903	0.1185
22	0.0757	0.0638	0.0511	0.0746	0.0498	0.0776	0.0761	0.0375	0.1138	0.0906	0.0261	0.1911	0.1193
23	0.0672	0.0643	0.0514	0.0751	0.0497	0.0778	0.0764	0.0377	0.1145	0.0911	0.0263	0.1919	0.12
24	0.0620	0.0646	0.0516	0.0755	0.0493	0.077	0.0761	0.0374	0.1136	0.0908	0.0264	0.1936	0.1204
25	0.0564	0.0649	0.0522	0.0762	0.0502	0.0788	0.0773	0.0377	0.1145	0.0917	0.0265	0.1949	0.1214
26	0.0520	0.0659	0.0529	0.0773	0.0506	0.0793	0.0781	0.0381	0.116	0.0929	0.0266	0.1955	0.1223
27	0.0476	0.0662	0.0531	0.0774	0.0509	0.0795	0.0783	0.0385	0.1168	0.0933	0.0267	0.1969	0.1228
28	0.0445	0.0667	0.0538	0.0782	0.0512	0.0802	0.079	0.0385	0.1172	0.0939	0.0267	0.1976	0.1235
29	0.0406	0.0671	0.0544	0.0785	0.0518	0.0812	0.0796	0.0387	0.1181	0.0943	0.0268	0.1983	0.1238
30	0.0385	0.0673	0.0547	0.0788	0.052	0.0817	0.08	0.0389	0.1187	0.0948	0.0268	0.1984	0.1241
31	0.0358	0.068	0.0552	0.0797	0.0524	0.0821	0.0807	0.0393	0.1199	0.0958	0.027	0.2	0.1252
32	0.0327	0.0684	0.0554	0.0805	0.0529	0.0829	0.0817	0.0394	0.1208	0.0967	0.027	0.2011	0.1261
33	0.0307	0.0692	0.0558	0.0814	0.0529	0.0827	0.082	0.0396	0.1213	0.0973	0.027	0.2015	0.1266
34	0.0287	0.0687	0.0556	0.0814	0.0527	0.0826	0.0821	0.0397	0.1216	0.0976	0.0271	0.2025	0.1272
35	0.0275	0.0687	0.0552	0.0813	0.0529	0.083	0.0823	0.0395	0.1212	0.0974	0.0272	0.2033	0.1274
36	0.0255	0.0695	0.0559	0.0821	0.0531	0.0833	0.0828	0.0397	0.122	0.098	0.0272	0.2035	0.1277
37	0.0241	0.069	0.0557	0.0817	0.0529	0.0831	0.0826	0.0397	0.1221	0.0979	0.0272	0.2032	0.1276
38	0.0234	0.0696	0.0561	0.0826	0.0533	0.0836	0.0833	0.0398	0.1224	0.0985	0.0272	0.2037	0.1282
39	0.0216	0.0705	0.0569	0.0835	0.0535	0.0842	0.0839	0.0397	0.1219	0.0987	0.0272	0.2038	0.1286
40	0.0211	0.0705	0.0568	0.0838	0.0534	0.0843	0.084	0.0399	0.1224	0.0991	0.0272	0.204	0.1289
41	0.0204	0.0706	0.0565	0.0834	0.0534	0.084	0.0837	0.0401	0.1229	0.0991	0.0272	0.2048	0.1288
42	0.0192	0.0701	0.0562	0.083	0.0534	0.0839	0.0835	0.0399	0.1225	0.0988	0.0272	0.2047	0.1287
43	0.0184	0.0702	0.0563	0.0832	0.0532	0.0836	0.0835	0.0398	0.1224	0.0988	0.0272	0.2049	0.1288
44	0.0181	0.0701	0.0563	0.0833	0.0537	0.0845	0.0841	0.04	0.1228	0.0992	0.0271	0.2039	0.1287
45	0.0172	0.0701	0.0563	0.0831	0.0537	0.0846	0.084	0.0398	0.1221	0.0988	0.0272	0.2041	0.1287
46	0.0161	0.0703	0.0565	0.0833	0.0535	0.0843	0.0839	0.04	0.1227	0.0992	0.0272	0.2047	0.129
47	0.0154	0.0706	0.0569	0.0837	0.0538	0.0848	0.0843	0.0402	0.1235	0.0996	0.0273	0.2052	0.1293
48	0.0151	0.0702	0.0567	0.0833	0.0537	0.0846	0.0841	0.0402	0.1237	0.0996	0.0273	0.2057	0.1293
49	0.0142	0.0704	0.057	0.0834	0.0537	0.0846	0.0841	0.0402	0.1236	0.0995	0.0273	0.2059	0.1294
50	0.0139	0.0708	0.0573	0.0837	0.0538	0.0846	0.0842	0.0403	0.1236	0.0997	0.0274	0.2063	0.1296
51	0.0137	0.0707	0.0573	0.0838	0.054	0.0854	0.0845	0.0405	0.1245	0.1001	0.0273	0.206	0.1297
52	0.0136	0.0707	0.0576	0.084	0.0542	0.0856	0.0848	0.0406	0.1245	0.1003	0.0274	0.2065	0.13
53	0.0127	0.0711	0.0575	0.0843	0.0542	0.0854	0.0848	0.0407	0.1249	0.1005	0.0274	0.2067	0.1302
54	0.0123	0.0716	0.0578	0.0848	0.0542	0.0854	0.085	0.0406	0.1242	0.1005	0.0275	0.2071	0.1304
55	0.0123	0.0717	0.0579	0.0851	0.0543	0.0857	0.0852	0.0405	0.1244	0.1006	0.0275	0.2077	0.1307
56	0.0118	0.0718	0.058	0.0853	0.0545	0.0862	0.0856	0.0407	0.1248	0.101	0.0275	0.2076	0.1309
57	0.0113	0.0715	0.0579	0.0852	0.0545	0.0861	0.0857	0.0407	0.1247	0.1011	0.0275	0.2074	0.1311
58	0.0111	0.0717	0.0579	0.0857	0.0549	0.0867	0.0864	0.0407	0.125	0.1016	0.0275	0.2075	0.1315
59	0.0109	0.0715	0.0578	0.0855	0.0547	0.0863	0.0861	0.0406	0.1247	0.1013	0.0276	0.2076	0.1315
60	0.0105	0.0713	0.0575	0.0851	0.0548	0.087	0.0862	0.0407	0.1248	0.1012	0.0275	0.2077	0.1313
61	0.0103	0.0715	0.058	0.0854	0.0549	0.087	0.0863	0.0408	0.1251	0.1015	0.0276	0.2083	0.1316
62	0.0104	0.0718	0.0583	0.0856	0.055	0.0873	0.0865	0.0409	0.1254	0.1017	0.0276	0.2083	0.1317
63	0.0102	0.0723	0.0589	0.086	0.0547	0.0867	0.0863	0.0408	0.1257	0.1018	0.0275	0.2078	0.1316
64	0.0099	0.0721	0.0586	0.0859	0.0548	0.0869	0.0865	0.041	0.1262	0.1021	0.0275	0.2073	0.1315
65	0.0094	0.0717	0.0586	0.0857	0.0547	0.0865	0.0862	0.041	0.1264	0.1021	0.0275	0.2079	0.1316
66	0.0095	0.0716	0.0585	0.0855	0.0545	0.0866	0.0861	0.041	0.1269	0.102	0.0276	0.2087	0.1317
67	0.0094	0.0714	0.0582	0.0855	0.0547	0.0868	0.0863	0.041	0.127	0.1021	0.0276	0.2095	0.1319
68	0.0094	0.0713	0.0579	0.0855	0.055	0.0869	0.0865	0.0409	0.1265	0.102	0.0276	0.2094	0.132
69	0.0094	0.0708	0.0574	0.0853	0.0554	0.0877	0.087	0.0408	0.1263	0.1021	0.0276	0.2095	0.1322
70	0.0086	0.0715	0.0579	0.0858	0.0555	0.0877	0.087	0.041	0.1268	0.1023	0.0276	0.2087	0.1321
71	0.0085	0.0712	0.0577	0.0858	0.0553	0.0874	0.0871	0.041	0.1269	0.1025	0.0276	0.2091	0.1323
72	0.0080	0.0712	0.0579	0.0858	0.0554	0.0877	0.0871	0.0411	0.1272	0.1026	0.0276	0.2093	0.1324
73	0.0087	0.0711	0.0579	0.0857	0.0552	0.0875	0.087	0.0411	0.1273	0.1026	0.0277	0.2099	0.1325
74	0.0082	0.0709	0.058	0.0854	0.055	0.0873	0.0867	0.041	0.1271	0.1024	0.0277	0.2101	0.1324
75	0.0084	0.0712	0.058	0.0855	0.0554	0.088	0.0871	0.0411	0.1276	0.1026	0.0277	0.2097	0.1324
76	0.0078	0.0708	0.0577	0.0852	0.055	0.0875	0.0866	0.0412	0.1276	0.1025	0.0277	0.2099	0.1322
77	0.0080	0.0706	0.0576	0.0849	0.0547	0.0873	0.0863	0.0412	0.1279	0.1024	0.0277	0.2102	0.1322
78	0.0076	0.0706	0.058	0.0849	0.0549	0.0871	0.0862	0.0412	0.1277	0.1023	0.0277	0.2101	0.1321
79	0.0077	0.0711	0.0584	0.0852	0.0549	0.0869	0.0862	0.0412	0.1279	0.1023	0.0277	0.2098	0.132
80	0.0074	0.071	0.0587	0.0851	0.055	0.0872	0.0862	0.0413	0.1284	0.1025	0.0276	0.2089	0.1316
81	0.0073	0.0712	0.0586	0.0853	0.0551	0.0874	0.0864	0.0414	0.1287	0.1027	0.0276	0.2089	0.1318
82	0.0072	0.071	0.0583	0.085	0.0551	0.0872	0.0863	0.0411	0.1276	0.1022	0.0276	0.2091	0.1318
83	0.0074	0.071	0.0584	0.085	0.0551	0.0871	0.0863	0.0411	0.128	0.1023	0.0276	0.2088	0.1316
84	0.0069	0.0709	0.0583	0.0851	0.0549	0.0867	0.0862	0.0412	0.1277	0.1023	0.0276	0.2089	0.1317
85	0.0070	0.071	0.0585	0.0852	0.0545	0.0858	0.0858	0.041	0.1274	0.1022	0.0274	0.2081	0.1314
86	0.0064	0.071	0.0582	0.085	0.0546	0.0862	0.0859	0.041	0.1275	0.1021	0.0274	0.208	0.1313
87	0.0072	0.0713	0.0584	0.0854	0.0548	0.0865	0.0862	0.0411	0.1278	0.1024	0.0275	0.2085	0.1316
88	0.0071	0.0712	0.0582	0.0855	0.0548	0.0868	0.0864	0.0412	0.1281	0.1026	0.0275	0.209	0.132
89	0.0068	0.0709	0.0581	0.0853	0.0548	0.0866	0.0863	0.0411	0.1278	0.1025	0.0276	0.2092	0.132
90	0.0067	0.0714	0.0586	0.0856	0.0551	0.087	0.0865	0.0411	0.1275	0.1024	0.0276	0.2093	0.132
91	0.0066	0.0714	0.0586	0.0856	0.055	0.0871	0.0865	0.041	0.1276	0.1025	0.0276	0.2091	0.1321
92	0.0065	0.0712	0.0585	0.0857	0.0554	0.0877	0.087	0.0411	0.1281	0.1028	0.0276	0.2095	0.1324
93	0.0067	0.0712	0.0583	0.0857	0.0552	0.0876	0.0869	0.0412	0.1285	0.103	0.0277	0.2102	0.1326
94	0.0063	0.0712	0.0581	0.0856	0.0554	0.0877	0.0871	0.0412	0.1284	0.103	0.0276	0.2101	0.1326
95	0.0065	0.0713	0.0582	0.0856	0.0554	0.0876	0.0869	0.0412	0.1284	0.1029	0.0277	0.2103	0.1325
96	0.0061	0.0715	0.0581	0.086	0.0555	0.0875	0.0873	0.0411	0.1284	0.1032	0.0277	0.2101	0.1328
97	0.0064	0.071	0.0578	0.0853	0.0554	0.0876	0.087	0.041	0.1278	0.1026	0.0276	0.2098	0.1323
98	0.0063	0.0708	0.0576	0.0852	0.0553	0.0875	0.0868	0.0409	0.1271	0.1023	0.0275	0.2091	0.132
99	0.0064	0.0708	0.0576	0.085	0.0553	0.0874	0.0865	0.0409	0.127	0.1021	0.0274	0.2083	0.1315
100	0.0061	0.0705	0.0574	0.0848	0.0555	0.0879	0.0868	0.0409	0.1272	0.1022	0.0273	0.2076	0.1313
101	0.0058	0.0709	0.0572	0.085	0.0554	0.0876	0.0867	0.0409	0.1274	0.1022	0.0274	0.2083	0.1315
102	0.0059	0.071	0.0575	0.0851	0.0554	0.0881	0.0868	0.041	0.1279	0.1024	0.0274	0.2082	0.1315
103	0.0061	0.0713	0.0579	0.085	0.0551	0.0873	0.0862	0.0411	0.128	0.1022	0.0274	0.2088	0.1314
104	0.0062	0.0716	0.0579	0.0852	0.0549	0.0874	0.0862	0.0412	0.1282	0.1023	0.0274	0.2083	0.1313
105	0.0060	0.0715	0.0579	0.0854	0.0549	0.0875	0.0865	0.0411	0.1281	0.1025	0.0274	0.208	0.1314
106	0.0060	0.0713	0.0578	0.0856	0.0548	0.0873	0.0866	0.0411	0.1276	0.1025	0.0274	0.208	0.1316
107	0.0062	0.0714	0.0581	0.0856	0.0547	0.0867	0.0863	0.0411	0.1275	0.1024	0.0274	0.2079	0.1315
108	0.0059	0.071	0.0579	0.0855	0.0545	0.0863	0.0862	0.0411	0.1279	0.1026	0.0274	0.2078	0.1315
109	0.0058	0.0714	0.0581	0.0858	0.0545	0.0868	0.0863	0.0411	0.1277	0.1025	0.0274	0.2079	0.1316
110	0.0057	0.0708	0.058	0.0853	0.0544	0.0865	0.0861	0.041	0.1272	0.1023	0.0274	0.2082	0.1315
111	0.0060	0.0706	0.0574	0.0852	0.0545	0.0866	0.0862	0.0409	0.1272	0.1023	0.0273	0.2073	0.1313
112	0.0059	0.0703	0.0572	0.0848	0.0545	0.0868	0.0861	0.041	0.1276	0.1023	0.0273	0.2075	0.1312
113	0.0058	0.0702	0.0572	0.0848	0.0546	0.0869	0.0862	0.041	0.1282	0.1025	0.0273	0.2077	0.1314
114	0.0058	0.0698	0.0573	0.0845	0.0545	0.0868	0.0861	0.0408	0.1274	0.102	0.0273	0.2074	0.131
115	0.0058	0.07	0.0572	0.0846	0.0543	0.087	0.086	0.0407	0.1273	0.102	0.0273	0.2074	0.1311
116	0.0054	0.0697	0.0571	0.0844	0.0544	0.0868	0.086	0.0407	0.127	0.1019	0.0273	0.2072	0.131
117	0.0059	0.0699	0.0573	0.0845	0.0541	0.0865	0.0858	0.0405	0.1268	0.1018	0.0273	0.2073	0.131
118	0.0059	0.0702	0.0573	0.0848	0.0543	0.0865	0.0861	0.0405	0.1264	0.1018	0.0272	0.2069	0.1311
119	0.0054	0.0703	0.0574	0.085	0.0542	0.0862	0.0861	0.0405	0.1263	0.1018	0.0273	0.207	0.1312
120	0.0053	0.0703	0.0575	0.0848	0.0544	0.0865	0.086	0.0404	0.126	0.1016	0.0272	0.2071	0.131
121	0.0057	0.0703	0.0576	0.0848	0.0545	0.0865	0.086	0.0403	0.1259	0.1015	0.0273	0.2078	0.1311
122	0.0051	0.0701	0.0572	0.0844	0.0545	0.0869	0.086	0.0403	0.1256	0.1012	0.0272	0.2078	0.1309
123	0.0056	0.0699	0.0569	0.0843	0.0546	0.0873	0.0861	0.0403	0.1258	0.1013	0.0273	0.2081	0.131
124	0.0055	0.0701	0.0571	0.0844	0.0547	0.0877	0.0862	0.0404	0.1263	0.1015	0.0273	0.2083	0.1311
125	0.0050	0.0704	0.0574	0.0848	0.0548	0.0876	0.0864	0.0404	0.1261	0.1016	0.0273	0.2083	0.1313
126	0.0055	0.0699	0.057	0.0844	0.0547	0.0876	0.0863	0.0403	0.1254	0.1012	0.0273	0.2077	0.131
127	0.0057	0.07	0.0569	0.0843	0.0549	0.0876	0.0863	0.0402	0.1251	0.101	0.0273	0.2074	0.1308
128	0.0053	0.0708	0.057	0.0847	0.0553	0.0881	0.0866	0.0403	0.1251	0.1011	0.0272	0.2067	0.1307
129	0.0054	0.0705	0.057	0.0847	0.0551	0.0875	0.0864	0.0402	0.1249	0.101	0.0271	0.2059	0.1305
130	0.0050	0.0703	0.0569	0.0846	0.055	0.0877	0.0865	0.0403	0.1248	0.1011	0.0271	0.2065	0.1306
131	0.0055	0.0701	0.0565	0.0843	0.0552	0.088	0.0866	0.0403	0.1251	0.1012	0.0272	0.2071	0.1307
132	0.0053	0.07	0.0564	0.084	0.0551	0.0878	0.0863	0.0402	0.1248	0.1008	0.0271	0.2063	0.1302
133	0.0054	0.0694	0.0562	0.0839	0.0547	0.0875	0.0862	0.0403	0.1255	0.1012	0.0271	0.2059	0.1303
134	0.0053	0.0695	0.0563	0.0837	0.0549	0.0877	0.0862	0.0403	0.1251	0.101	0.0271	0.2057	0.1301
135	0.0047	0.0696	0.0565	0.0835	0.055	0.088	0.086	0.0404	0.1255	0.1008	0.0271	0.2059	0.1299
136	0.0052	0.0697	0.0565	0.0838	0.0548	0.0876	0.086	0.0405	0.1258	0.1011	0.0271	0.2062	0.1302
137	0.0053	0.0697	0.0567	0.0838	0.0546	0.0875	0.0858	0.0405	0.1259	0.101	0.0271	0.2064	0.1301
138	0.0050	0.0702	0.0571	0.084	0.0546	0.0874	0.0858	0.0404	0.1259	0.1009	0.0271	0.2061	0.1299
139	0.0054	0.0706	0.0572	0.0842	0.0546	0.0871	0.0858	0.0405	0.1259	0.1011	0.0271	0.2059	0.13
140	0.0051	0.0705	0.0579	0.084	0.0544	0.0866	0.0852	0.0403	0.1255	0.1005	0.027	0.2055	0.1295
141	0.0053	0.0706	0.058	0.0842	0.0547	0.0872	0.0856	0.0404	0.1262	0.1009	0.0271	0.2059	0.1299
142	0.0050	0.071	0.0584	0.0842	0.0545	0.0869	0.0852	0.0404	0.1261	0.1007	0.0271	0.2054	0.1295
143	0.0055	0.0706	0.058	0.0839	0.0543	0.0867	0.085	0.0404	0.1258	0.1005	0.027	0.2045	0.1291
144	0.0052	0.0706	0.0578	0.0839	0.0542	0.0868	0.0851	0.0404	0.126	0.1006	0.027	0.2056	0.1294
145	0.0056	0.0703	0.0577	0.0837	0.0542	0.0868	0.085	0.0405	0.1264	0.1006	0.027	0.2053	0.1292
146	0.0052	0.0701	0.0576	0.0836	0.0541	0.0865	0.085	0.0404	0.126	0.1006	0.027	0.2049	0.1291
147	0.0050	0.0702	0.0576	0.0836	0.0543	0.0867	0.085	0.0404	0.1255	0.1004	0.0269	0.2043	0.129
148	0.0049	0.0705	0.0578	0.0839	0.0542	0.0864	0.085	0.0403	0.1251	0.1004	0.027	0.2046	0.1292
149	0.0052	0.0707	0.0579	0.0844	0.0542	0.0864	0.0853	0.0403	0.1254	0.1007	0.0269	0.2042	0.1293
150	0.0056	0.0704	0.0578	0.0841	0.0544	0.0866	0.0854	0.0404	0.1259	0.1008	0.027	0.2047	0.1294
