{"n_layers": 0, "device": "cuda", "batch_size": 2048, "embedding_dim": 1024, "learning_rate": 0.001, "dataset": "dbbook", "epochs": 150, "top_k": 50, "multimodal": true, "datasets": {"dbbook": ["images", "text"], "ml1m": ["audio", "images", "text", "video"]}}
Epoch	Loss	Recall	Precision	NDCG
1	0.6930	0.0131	0.0017	0.0061
2	0.6795	0.0228	0.0029	0.0120
3	0.6660	0.0458	0.0059	0.0280
4	0.6486	0.0824	0.0109	0.0537
5	0.6249	0.1214	0.0164	0.0780
6	0.5932	0.1504	0.0203	0.0941
7	0.5523	0.1664	0.0227	0.1035
8	0.5034	0.1769	0.0242	0.1088
9	0.4490	0.1834	0.0252	0.1123
10	0.3943	0.1873	0.0258	0.1147
11	0.3421	0.1903	0.0263	0.1168
12	0.2955	0.1928	0.0266	0.1181
13	0.2555	0.1941	0.0268	0.1193
14	0.2215	0.1963	0.0270	0.1213
15	0.1931	0.1984	0.0272	0.1227
16	0.1693	0.2010	0.0275	0.1241
17	0.1494	0.2040	0.0278	0.1255
18	0.1324	0.2043	0.0278	0.1260
19	0.1165	0.2060	0.0280	0.1266
20	0.1050	0.2081	0.0282	0.1276
21	0.0939	0.2094	0.0283	0.1286
22	0.0843	0.2101	0.0284	0.1295
23	0.0774	0.2113	0.0286	0.1303
24	0.0704	0.2119	0.0286	0.1309
25	0.0641	0.2126	0.0288	0.1317
26	0.0592	0.2141	0.0289	0.1326
27	0.0536	0.2141	0.0290	0.1328
28	0.0501	0.2150	0.0291	0.1333
29	0.0465	0.2163	0.0292	0.1341
30	0.0427	0.2175	0.0293	0.1345
31	0.0406	0.2169	0.0292	0.1344
32	0.0383	0.2172	0.0293	0.1346
33	0.0351	0.2174	0.0293	0.1348
34	0.0335	0.2179	0.0293	0.1353
35	0.0316	0.2176	0.0293	0.1354
36	0.0299	0.2176	0.0293	0.1356
37	0.0279	0.2188	0.0294	0.1360
38	0.0265	0.2195	0.0294	0.1358
39	0.0254	0.2197	0.0295	0.1360
40	0.0247	0.2196	0.0294	0.1361
41	0.0234	0.2187	0.0294	0.1360
42	0.0221	0.2190	0.0294	0.1361
43	0.0211	0.2192	0.0294	0.1361
44	0.0208	0.2197	0.0294	0.1364
45	0.0198	0.2207	0.0295	0.1366
46	0.0191	0.2204	0.0295	0.1365
47	0.0182	0.2213	0.0295	0.1366
48	0.0182	0.2211	0.0295	0.1369
49	0.0174	0.2218	0.0296	0.1374
50	0.0166	0.2218	0.0296	0.1374
51	0.0157	0.2220	0.0296	0.1375
52	0.0153	0.2230	0.0297	0.1379
53	0.0151	0.2221	0.0296	0.1378
54	0.0145	0.2222	0.0296	0.1374
55	0.0149	0.2221	0.0296	0.1379
56	0.0141	0.2216	0.0296	0.1382
57	0.0137	0.2215	0.0296	0.1381
58	0.0136	0.2215	0.0295	0.1380
59	0.0131	0.2218	0.0295	0.1383
60	0.0125	0.2221	0.0296	0.1386
61	0.0126	0.2225	0.0296	0.1387
62	0.0124	0.2223	0.0295	0.1387
63	0.0122	0.2225	0.0296	0.1390
64	0.0118	0.2230	0.0296	0.1393
65	0.0118	0.2228	0.0296	0.1394
66	0.0113	0.2230	0.0297	0.1398
67	0.0115	0.2225	0.0296	0.1395
68	0.0110	0.2226	0.0296	0.1397
69	0.0109	0.2229	0.0296	0.1396
70	0.0106	0.2223	0.0295	0.1394
71	0.0105	0.2212	0.0294	0.1391
72	0.0108	0.2214	0.0294	0.1394
73	0.0099	0.2222	0.0294	0.1396
74	0.0100	0.2227	0.0294	0.1396
75	0.0102	0.2226	0.0294	0.1393
76	0.0101	0.2216	0.0293	0.1389
77	0.0096	0.2216	0.0293	0.1389
78	0.0096	0.2220	0.0293	0.1391
79	0.0096	0.2216	0.0293	0.1391
80	0.0091	0.2216	0.0293	0.1393
81	0.0091	0.2218	0.0293	0.1391
82	0.0096	0.2223	0.0293	0.1392
83	0.0093	0.2220	0.0294	0.1394
84	0.0091	0.2226	0.0294	0.1396
85	0.0094	0.2221	0.0293	0.1394
86	0.0090	0.2221	0.0293	0.1393
87	0.0088	0.2212	0.0293	0.1391
88	0.0086	0.2214	0.0293	0.1391
89	0.0085	0.2211	0.0293	0.1391
90	0.0087	0.2209	0.0293	0.1393
91	0.0086	0.2214	0.0293	0.1396
92	0.0083	0.2214	0.0294	0.1393
93	0.0087	0.2215	0.0293	0.1393
94	0.0082	0.2214	0.0293	0.1393
95	0.0085	0.2217	0.0294	0.1395
96	0.0086	0.2213	0.0293	0.1395
97	0.0079	0.2213	0.0294	0.1395
98	0.0083	0.2211	0.0293	0.1395
99	0.0081	0.2209	0.0293	0.1395
100	0.0079	0.2209	0.0293	0.1394
101	0.0081	0.2216	0.0294	0.1399
102	0.0084	0.2213	0.0293	0.1397
103	0.0077	0.2220	0.0293	0.1399
104	0.0081	0.2218	0.0293	0.1399
105	0.0079	0.2221	0.0293	0.1403
106	0.0082	0.2223	0.0294	0.1405
107	0.0079	0.2225	0.0294	0.1403
108	0.0081	0.2223	0.0294	0.1402
109	0.0080	0.2221	0.0294	0.1402
110	0.0074	0.2223	0.0294	0.1400
111	0.0073	0.2222	0.0294	0.1402
112	0.0077	0.2217	0.0293	0.1399
113	0.0077	0.2217	0.0293	0.1399
114	0.0074	0.2215	0.0292	0.1397
115	0.0078	0.2218	0.0293	0.1397
116	0.0076	0.2215	0.0292	0.1396
117	0.0073	0.2215	0.0292	0.1395
118	0.0076	0.2215	0.0292	0.1397
119	0.0072	0.2208	0.0291	0.1394
120	0.0070	0.2210	0.0291	0.1395
121	0.0076	0.2214	0.0292	0.1397
122	0.0073	0.2219	0.0292	0.1399
123	0.0074	0.2215	0.0292	0.1398
124	0.0076	0.2209	0.0292	0.1394
125	0.0071	0.2216	0.0293	0.1398
126	0.0080	0.2225	0.0293	0.1398
127	0.0075	0.2220	0.0293	0.1401
128	0.0071	0.2224	0.0293	0.1404
129	0.0074	0.2232	0.0294	0.1404
130	0.0070	0.2228	0.0293	0.1403
131	0.0072	0.2221	0.0293	0.1405
132	0.0071	0.2216	0.0292	0.1404
133	0.0073	0.2219	0.0293	0.1402
134	0.0072	0.2223	0.0293	0.1402
135	0.0071	0.2226	0.0293	0.1404
136	0.0074	0.2225	0.0292	0.1403
137	0.0070	0.2217	0.0292	0.1399
138	0.0067	0.2223	0.0293	0.1403
139	0.0069	0.2230	0.0293	0.1406
140	0.0072	0.2229	0.0293	0.1407
141	0.0072	0.2236	0.0293	0.1411
142	0.0072	0.2235	0.0293	0.1409
143	0.0072	0.2228	0.0292	0.1404
144	0.0073	0.2230	0.0293	0.1402
145	0.0068	0.2224	0.0292	0.1401
146	0.0070	0.2226	0.0292	0.1400
147	0.0068	0.2224	0.0292	0.1398
148	0.0066	0.2221	0.0292	0.1398
149	0.0071	0.2218	0.0292	0.1397
150	0.0071	0.2218	0.0291	0.1395
