{"n_layers": 0, "device": "cuda", "batch_size": 2048, "embedding_dim": 1024, "learning_rate": 0.001, "dataset": "dbbook", "epochs": 150, "top_k": 50, "multimodal": true, "datasets": {"dbbook": ["images", "text"], "ml1m": ["audio", "images", "text", "video"]}}
Epoch	Loss	Recall	Precision	NDCG
1	0.6921	0.0281	0.0035	0.0163
2	0.6592	0.0488	0.0061	0.0323
3	0.6268	0.0725	0.0094	0.0496
4	0.5876	0.0980	0.0130	0.0672
5	0.5384	0.1218	0.0164	0.0813
6	0.4803	0.1408	0.0190	0.0920
7	0.4158	0.1550	0.0210	0.0994
8	0.3529	0.1641	0.0223	0.1042
9	0.2962	0.1712	0.0233	0.1078
10	0.2468	0.1758	0.0240	0.1108
11	0.2069	0.1795	0.0245	0.1130
12	0.1745	0.1830	0.0250	0.1147
13	0.1492	0.1869	0.0255	0.1168
14	0.1269	0.1898	0.0258	0.1182
15	0.1117	0.1915	0.0260	0.1192
16	0.0966	0.1934	0.0262	0.1204
17	0.0849	0.1960	0.0264	0.1216
18	0.0746	0.1958	0.0265	0.1222
19	0.0672	0.1975	0.0267	0.1227
20	0.0602	0.1989	0.0268	0.1231
21	0.0544	0.2010	0.0271	0.1242
22	0.0492	0.2024	0.0272	0.1247
23	0.0453	0.2030	0.0273	0.1252
24	0.0417	0.2034	0.0273	0.1258
25	0.0379	0.2035	0.0274	0.1260
26	0.0352	0.2051	0.0275	0.1268
27	0.0325	0.2049	0.0275	0.1268
28	0.0306	0.2064	0.0277	0.1274
29	0.0285	0.2055	0.0276	0.1276
30	0.0268	0.2062	0.0277	0.1278
31	0.0249	0.2066	0.0277	0.1280
32	0.0236	0.2075	0.0278	0.1284
33	0.0227	0.2075	0.0278	0.1287
34	0.0215	0.2077	0.0278	0.1292
35	0.0204	0.2085	0.0279	0.1297
36	0.0195	0.2085	0.0279	0.1301
37	0.0182	0.2094	0.0280	0.1305
38	0.0176	0.2094	0.0280	0.1309
39	0.0168	0.2093	0.0280	0.1310
40	0.0167	0.2094	0.0281	0.1313
41	0.0157	0.2095	0.0281	0.1314
42	0.0151	0.2089	0.0280	0.1311
43	0.0151	0.2098	0.0281	0.1315
44	0.0142	0.2103	0.0281	0.1318
45	0.0134	0.2110	0.0282	0.1324
46	0.0134	0.2113	0.0282	0.1327
47	0.0128	0.2115	0.0282	0.1328
48	0.0125	0.2114	0.0282	0.1331
49	0.0122	0.2120	0.0282	0.1335
50	0.0117	0.2128	0.0283	0.1338
51	0.0117	0.2127	0.0283	0.1340
52	0.0111	0.2131	0.0283	0.1343
53	0.0111	0.2135	0.0283	0.1344
54	0.0104	0.2141	0.0284	0.1348
55	0.0104	0.2135	0.0283	0.1347
56	0.0103	0.2140	0.0284	0.1350
57	0.0103	0.2142	0.0284	0.1351
58	0.0104	0.2143	0.0284	0.1351
59	0.0096	0.2142	0.0284	0.1354
60	0.0101	0.2139	0.0284	0.1353
61	0.0091	0.2142	0.0284	0.1356
62	0.0097	0.2140	0.0283	0.1355
63	0.0088	0.2141	0.0284	0.1356
64	0.0092	0.2139	0.0284	0.1357
65	0.0087	0.2140	0.0284	0.1354
66	0.0087	0.2139	0.0283	0.1351
67	0.0083	0.2144	0.0284	0.1354
68	0.0084	0.2140	0.0283	0.1355
69	0.0082	0.2143	0.0284	0.1357
70	0.0077	0.2147	0.0284	0.1357
71	0.0081	0.2151	0.0285	0.1362
72	0.0076	0.2154	0.0285	0.1364
73	0.0081	0.2154	0.0285	0.1364
74	0.0079	0.2148	0.0284	0.1362
75	0.0077	0.2145	0.0284	0.1360
76	0.0075	0.2145	0.0284	0.1360
77	0.0073	0.2147	0.0285	0.1365
78	0.0072	0.2144	0.0285	0.1364
79	0.0074	0.2147	0.0285	0.1366
80	0.0074	0.2140	0.0284	0.1364
81	0.0073	0.2149	0.0285	0.1369
82	0.0076	0.2155	0.0286	0.1372
83	0.0070	0.2158	0.0286	0.1371
84	0.0070	0.2153	0.0286	0.1367
85	0.0069	0.2157	0.0286	0.1371
86	0.0072	0.2159	0.0286	0.1372
87	0.0068	0.2160	0.0286	0.1370
88	0.0068	0.2162	0.0286	0.1372
89	0.0065	0.2159	0.0286	0.1375
90	0.0063	0.2163	0.0286	0.1375
91	0.0067	0.2163	0.0286	0.1375
92	0.0067	0.2171	0.0287	0.1377
93	0.0067	0.2174	0.0287	0.1379
94	0.0066	0.2176	0.0288	0.1381
95	0.0066	0.2178	0.0288	0.1383
96	0.0065	0.2178	0.0288	0.1384
97	0.0065	0.2180	0.0288	0.1386
98	0.0063	0.2178	0.0288	0.1386
99	0.0071	0.2179	0.0288	0.1386
100	0.0061	0.2176	0.0288	0.1387
101	0.0065	0.2174	0.0288	0.1389
102	0.0065	0.2181	0.0289	0.1390
103	0.0060	0.2183	0.0289	0.1389
104	0.0061	0.2177	0.0288	0.1384
105	0.0059	0.2173	0.0288	0.1383
106	0.0063	0.2176	0.0288	0.1387
107	0.0063	0.2169	0.0288	0.1384
108	0.0064	0.2166	0.0287	0.1382
109	0.0062	0.2166	0.0287	0.1383
110	0.0061	0.2165	0.0287	0.1385
111	0.0062	0.2175	0.0288	0.1387
112	0.0064	0.2157	0.0285	0.1379
113	0.0061	0.2147	0.0284	0.1375
114	0.0064	0.2151	0.0284	0.1372
115	0.0059	0.2155	0.0284	0.1370
116	0.0062	0.2154	0.0284	0.1371
117	0.0056	0.2156	0.0284	0.1373
118	0.0062	0.2151	0.0284	0.1371
119	0.0065	0.2159	0.0285	0.1376
120	0.0060	0.2164	0.0285	0.1379
121	0.0061	0.2153	0.0285	0.1375
122	0.0059	0.2163	0.0285	0.1380
123	0.0056	0.2156	0.0285	0.1377
124	0.0058	0.2156	0.0285	0.1376
125	0.0062	0.2154	0.0285	0.1379
126	0.0059	0.2150	0.0285	0.1380
127	0.0059	0.2151	0.0285	0.1381
128	0.0059	0.2153	0.0285	0.1383
129	0.0063	0.2162	0.0286	0.1388
130	0.0064	0.2168	0.0287	0.1390
131	0.0058	0.2156	0.0286	0.1387
132	0.0056	0.2159	0.0286	0.1392
133	0.0064	0.2157	0.0286	0.1389
134	0.0054	0.2150	0.0285	0.1386
135	0.0058	0.2149	0.0285	0.1385
136	0.0059	0.2151	0.0285	0.1386
137	0.0060	0.2152	0.0286	0.1387
138	0.0058	0.2154	0.0286	0.1385
139	0.0060	0.2160	0.0286	0.1388
140	0.0057	0.2159	0.0286	0.1389
141	0.0056	0.2160	0.0287	0.1392
142	0.0060	0.2154	0.0286	0.1391
143	0.0058	0.2153	0.0286	0.1388
144	0.0054	0.2151	0.0285	0.1389
145	0.0059	0.2159	0.0286	0.1391
146	0.0059	0.2158	0.0286	0.1395
147	0.0057	0.2164	0.0286	0.1396
148	0.0056	0.2158	0.0286	0.1394
149	0.0061	0.2152	0.0284	0.1391
150	0.0055	0.2147	0.0284	0.1388
