{"n_layers": 0, "device": "cuda", "batch_size": 2048, "embedding_dim": 1024, "learning_rate": 0.001, "dataset": "dbbook", "epochs": 150, "top_k": 50, "model": "ef-mmlgcn", "fusion": "max", "multimodal": true, "datasets": {"dbbook": ["images", "text"], "ml1m": ["audio", "images", "text", "video"]}}
Epoch	Loss	Recall	Precision	NDCG
1	0.6932	0.0110	0.0014	0.0052
2	0.6854	0.0220	0.0029	0.0114
3	0.6764	0.0593	0.0081	0.0380
4	0.6620	0.1130	0.0156	0.0728
5	0.6389	0.1490	0.0206	0.0934
6	0.6035	0.1657	0.0230	0.1025
7	0.5548	0.1736	0.0241	0.1067
8	0.4949	0.1783	0.0248	0.1088
9	0.4300	0.1808	0.0252	0.1108
10	0.3685	0.1823	0.0253	0.1119
11	0.3128	0.1832	0.0255	0.1127
12	0.2671	0.1847	0.0258	0.1143
13	0.2286	0.1867	0.0259	0.1156
14	0.1979	0.1882	0.0261	0.1167
15	0.1721	0.1902	0.0263	0.1181
16	0.1507	0.1924	0.0266	0.1194
17	0.1317	0.1947	0.0268	0.1207
18	0.1158	0.1974	0.0271	0.1226
19	0.1043	0.1985	0.0272	0.1233
20	0.0928	0.2008	0.0274	0.1242
21	0.0833	0.2029	0.0277	0.1255
22	0.0750	0.2047	0.0278	0.1263
23	0.0682	0.2060	0.0279	0.1275
24	0.0620	0.2069	0.0280	0.1285
25	0.0568	0.2076	0.0281	0.1293
26	0.0517	0.2088	0.0281	0.1300
27	0.0477	0.2091	0.0282	0.1306
28	0.0444	0.2099	0.0283	0.1313
29	0.0414	0.2099	0.0283	0.1317
30	0.0391	0.2104	0.0284	0.1322
31	0.0349	0.2109	0.0284	0.1326
32	0.0333	0.2112	0.0284	0.1327
33	0.0311	0.2108	0.0284	0.1327
34	0.0305	0.2124	0.0285	0.1332
35	0.0285	0.2122	0.0285	0.1333
36	0.0263	0.2122	0.0285	0.1335
37	0.0249	0.2130	0.0285	0.1338
38	0.0240	0.2132	0.0286	0.1344
39	0.0226	0.2134	0.0286	0.1346
40	0.0221	0.2152	0.0287	0.1351
41	0.0210	0.2147	0.0286	0.1349
42	0.0200	0.2152	0.0286	0.1353
43	0.0192	0.2153	0.0287	0.1354
44	0.0182	0.2151	0.0287	0.1355
45	0.0179	0.2145	0.0287	0.1356
46	0.0174	0.2151	0.0287	0.1360
47	0.0164	0.2154	0.0287	0.1363
48	0.0164	0.2151	0.0287	0.1364
49	0.0156	0.2150	0.0287	0.1362
50	0.0152	0.2151	0.0287	0.1361
51	0.0153	0.2154	0.0287	0.1364
52	0.0142	0.2156	0.0287	0.1366
53	0.0139	0.2160	0.0287	0.1364
54	0.0139	0.2161	0.0288	0.1366
55	0.0132	0.2159	0.0287	0.1368
56	0.0134	0.2162	0.0288	0.1371
57	0.0129	0.2175	0.0288	0.1376
58	0.0125	0.2180	0.0289	0.1379
59	0.0120	0.2180	0.0289	0.1379
60	0.0121	0.2168	0.0288	0.1375
61	0.0120	0.2180	0.0289	0.1382
62	0.0117	0.2177	0.0289	0.1381
63	0.0113	0.2168	0.0288	0.1378
64	0.0109	0.2168	0.0287	0.1378
65	0.0107	0.2173	0.0288	0.1380
66	0.0108	0.2178	0.0289	0.1381
67	0.0106	0.2171	0.0288	0.1377
68	0.0108	0.2167	0.0287	0.1375
69	0.0100	0.2168	0.0287	0.1377
70	0.0102	0.2173	0.0287	0.1379
71	0.0099	0.2181	0.0288	0.1380
72	0.0099	0.2178	0.0288	0.1383
73	0.0095	0.2179	0.0288	0.1382
74	0.0098	0.2182	0.0288	0.1385
75	0.0099	0.2181	0.0288	0.1383
76	0.0093	0.2175	0.0288	0.1381
77	0.0099	0.2172	0.0287	0.1380
78	0.0098	0.2170	0.0287	0.1381
79	0.0091	0.2174	0.0287	0.1383
80	0.0092	0.2180	0.0287	0.1387
81	0.0090	0.2178	0.0287	0.1388
82	0.0091	0.2178	0.0288	0.1389
83	0.0088	0.2183	0.0288	0.1388
84	0.0089	0.2183	0.0288	0.1387
85	0.0087	0.2176	0.0287	0.1384
86	0.0088	0.2176	0.0287	0.1382
87	0.0088	0.2178	0.0287	0.1380
88	0.0085	0.2173	0.0286	0.1378
89	0.0085	0.2171	0.0286	0.1377
90	0.0085	0.2167	0.0286	0.1380
91	0.0085	0.2174	0.0287	0.1382
92	0.0086	0.2178	0.0287	0.1386
93	0.0084	0.2182	0.0287	0.1389
94	0.0080	0.2182	0.0287	0.1388
95	0.0082	0.2180	0.0287	0.1386
96	0.0080	0.2185	0.0288	0.1389
97	0.0081	0.2181	0.0287	0.1386
98	0.0083	0.2184	0.0288	0.1388
99	0.0079	0.2183	0.0288	0.1389
100	0.0082	0.2178	0.0287	0.1389
101	0.0080	0.2174	0.0287	0.1387
102	0.0079	0.2177	0.0287	0.1388
103	0.0078	0.2178	0.0288	0.1387
104	0.0086	0.2168	0.0286	0.1382
105	0.0078	0.2163	0.0286	0.1381
106	0.0079	0.2160	0.0285	0.1378
107	0.0077	0.2162	0.0286	0.1379
108	0.0080	0.2163	0.0286	0.1382
109	0.0078	0.2164	0.0286	0.1379
110	0.0084	0.2159	0.0285	0.1378
111	0.0076	0.2159	0.0285	0.1379
112	0.0075	0.2159	0.0285	0.1380
113	0.0079	0.2163	0.0285	0.1383
114	0.0076	0.2169	0.0285	0.1382
115	0.0075	0.2163	0.0284	0.1380
116	0.0074	0.2160	0.0285	0.1381
117	0.0075	0.2168	0.0285	0.1384
118	0.0076	0.2165	0.0285	0.1385
119	0.0078	0.2162	0.0284	0.1382
120	0.0074	0.2166	0.0285	0.1381
121	0.0079	0.2161	0.0284	0.1377
122	0.0072	0.2155	0.0284	0.1377
123	0.0077	0.2165	0.0285	0.1377
124	0.0072	0.2163	0.0284	0.1374
125	0.0079	0.2166	0.0285	0.1375
126	0.0077	0.2160	0.0284	0.1376
127	0.0077	0.2159	0.0284	0.1378
128	0.0073	0.2166	0.0284	0.1376
129	0.0075	0.2169	0.0285	0.1376
130	0.0071	0.2159	0.0284	0.1371
131	0.0072	0.2163	0.0284	0.1372
132	0.0075	0.2163	0.0284	0.1374
133	0.0073	0.2156	0.0283	0.1372
134	0.0072	0.2159	0.0283	0.1374
135	0.0072	0.2162	0.0284	0.1375
136	0.0069	0.2162	0.0284	0.1372
137	0.0076	0.2161	0.0284	0.1373
138	0.0072	0.2156	0.0284	0.1369
139	0.0073	0.2155	0.0283	0.1368
140	0.0072	0.2154	0.0283	0.1369
141	0.0076	0.2158	0.0284	0.1374
142	0.0072	0.2164	0.0285	0.1377
143	0.0071	0.2168	0.0285	0.1378
144	0.0071	0.2163	0.0285	0.1377
145	0.0072	0.2157	0.0284	0.1375
146	0.0072	0.2153	0.0284	0.1372
147	0.0067	0.2153	0.0284	0.1370
148	0.0071	0.2158	0.0284	0.1370
149	0.0073	0.2158	0.0284	0.1370
150	0.0072	0.2152	0.0283	0.1370
