{"n_layers": 0, "device": "cuda", "batch_size": 2048, "embedding_dim": 1024, "learning_rate": 0.001, "dataset": "dbbook", "epochs": 150, "top_k": 50, "multimodal": false, "datasets": {"dbbook": ["images", "text"], "ml1m": ["audio", "images", "text", "video"]}}
Epoch	Loss	Recall	Precision	NDCG
1	0.6932	0.0109	0.0015	0.0053
2	0.6778	0.0195	0.0027	0.0106
3	0.6599	0.0560	0.0076	0.0362
4	0.6322	0.1126	0.0153	0.0712
5	0.5892	0.1489	0.0204	0.0922
6	0.5281	0.1680	0.0229	0.1029
7	0.4533	0.1764	0.0242	0.1083
8	0.3743	0.1819	0.0249	0.1118
9	0.3025	0.1841	0.0252	0.1143
10	0.2431	0.1878	0.0256	0.1161
11	0.1971	0.1908	0.0261	0.1183
12	0.1609	0.1932	0.0264	0.1204
13	0.1333	0.1959	0.0267	0.1220
14	0.1109	0.1982	0.0270	0.1237
15	0.0941	0.1995	0.0271	0.1244
16	0.0804	0.2014	0.0272	0.1254
17	0.0689	0.2031	0.0273	0.1263
18	0.0600	0.2036	0.0275	0.1270
19	0.0525	0.2048	0.0275	0.1277
20	0.0469	0.2053	0.0276	0.1284
21	0.0420	0.2060	0.0276	0.1289
22	0.0377	0.2065	0.0277	0.1292
23	0.0345	0.2076	0.0278	0.1300
24	0.0307	0.2079	0.0279	0.1304
25	0.0285	0.2086	0.0279	0.1305
26	0.0263	0.2089	0.0279	0.1310
27	0.0239	0.2088	0.0279	0.1314
28	0.0226	0.2090	0.0279	0.1316
29	0.0213	0.2102	0.0281	0.1323
30	0.0200	0.2107	0.0281	0.1325
31	0.0185	0.2110	0.0280	0.1327
32	0.0178	0.2115	0.0281	0.1330
33	0.0165	0.2113	0.0281	0.1332
34	0.0154	0.2128	0.0282	0.1338
35	0.0146	0.2129	0.0283	0.1341
36	0.0140	0.2134	0.0283	0.1344
37	0.0137	0.2120	0.0282	0.1340
38	0.0131	0.2126	0.0282	0.1341
39	0.0124	0.2131	0.0283	0.1343
40	0.0123	0.2132	0.0283	0.1348
41	0.0115	0.2131	0.0283	0.1349
42	0.0109	0.2133	0.0283	0.1350
43	0.0106	0.2138	0.0284	0.1350
44	0.0106	0.2142	0.0284	0.1349
45	0.0103	0.2138	0.0283	0.1348
46	0.0097	0.2138	0.0283	0.1343
47	0.0092	0.2138	0.0283	0.1342
48	0.0095	0.2134	0.0282	0.1341
49	0.0092	0.2141	0.0283	0.1348
50	0.0086	0.2147	0.0284	0.1348
51	0.0086	0.2148	0.0284	0.1349
52	0.0084	0.2143	0.0283	0.1346
53	0.0085	0.2144	0.0283	0.1347
54	0.0082	0.2143	0.0283	0.1345
55	0.0079	0.2145	0.0283	0.1346
56	0.0076	0.2138	0.0282	0.1341
57	0.0074	0.2139	0.0283	0.1340
58	0.0079	0.2137	0.0283	0.1346
59	0.0075	0.2139	0.0283	0.1347
60	0.0072	0.2141	0.0283	0.1346
61	0.0078	0.2146	0.0284	0.1349
62	0.0072	0.2144	0.0283	0.1347
63	0.0070	0.2143	0.0283	0.1352
64	0.0068	0.2146	0.0284	0.1354
65	0.0069	0.2150	0.0285	0.1359
66	0.0065	0.2151	0.0285	0.1361
67	0.0068	0.2147	0.0284	0.1361
68	0.0065	0.2150	0.0284	0.1361
69	0.0060	0.2157	0.0285	0.1361
70	0.0064	0.2159	0.0285	0.1363
71	0.0065	0.2162	0.0285	0.1360
72	0.0066	0.2151	0.0284	0.1358
73	0.0067	0.2155	0.0285	0.1361
74	0.0064	0.2165	0.0285	0.1363
75	0.0063	0.2153	0.0284	0.1360
76	0.0062	0.2157	0.0284	0.1361
77	0.0056	0.2166	0.0285	0.1363
78	0.0060	0.2162	0.0284	0.1361
79	0.0059	0.2156	0.0284	0.1357
80	0.0058	0.2160	0.0284	0.1356
81	0.0057	0.2158	0.0284	0.1357
82	0.0059	0.2148	0.0283	0.1353
83	0.0062	0.2145	0.0282	0.1349
84	0.0059	0.2143	0.0282	0.1349
85	0.0058	0.2158	0.0283	0.1352
86	0.0060	0.2151	0.0282	0.1350
87	0.0052	0.2155	0.0282	0.1352
88	0.0057	0.2161	0.0283	0.1353
89	0.0059	0.2165	0.0283	0.1355
90	0.0060	0.2159	0.0283	0.1356
91	0.0052	0.2158	0.0283	0.1356
92	0.0058	0.2155	0.0282	0.1354
93	0.0054	0.2152	0.0282	0.1352
94	0.0058	0.2146	0.0282	0.1349
95	0.0057	0.2140	0.0281	0.1346
96	0.0055	0.2145	0.0281	0.1346
97	0.0059	0.2152	0.0282	0.1348
98	0.0054	0.2149	0.0281	0.1344
99	0.0058	0.2148	0.0281	0.1342
100	0.0054	0.2160	0.0282	0.1345
101	0.0053	0.2163	0.0282	0.1350
102	0.0052	0.2171	0.0283	0.1353
103	0.0053	0.2175	0.0284	0.1353
104	0.0059	0.2168	0.0283	0.1351
105	0.0051	0.2166	0.0283	0.1355
106	0.0058	0.2161	0.0283	0.1354
107	0.0050	0.2159	0.0282	0.1351
108	0.0054	0.2152	0.0282	0.1350
109	0.0050	0.2148	0.0282	0.1350
110	0.0055	0.2148	0.0282	0.1351
111	0.0050	0.2148	0.0281	0.1351
112	0.0052	0.2148	0.0281	0.1347
113	0.0053	0.2146	0.0281	0.1344
114	0.0048	0.2144	0.0281	0.1342
115	0.0054	0.2150	0.0281	0.1344
116	0.0051	0.2151	0.0281	0.1343
117	0.0057	0.2148	0.0281	0.1346
118	0.0056	0.2142	0.0280	0.1345
119	0.0054	0.2141	0.0280	0.1345
120	0.0049	0.2143	0.0281	0.1346
121	0.0055	0.2147	0.0281	0.1343
122	0.0051	0.2146	0.0281	0.1342
123	0.0049	0.2139	0.0280	0.1338
124	0.0051	0.2148	0.0281	0.1342
125	0.0048	0.2146	0.0281	0.1342
126	0.0052	0.2142	0.0281	0.1340
127	0.0056	0.2128	0.0280	0.1334
128	0.0053	0.2126	0.0279	0.1333
129	0.0050	0.2126	0.0279	0.1332
130	0.0050	0.2132	0.0279	0.1333
131	0.0049	0.2130	0.0279	0.1333
132	0.0050	0.2133	0.0279	0.1334
133	0.0050	0.2132	0.0279	0.1333
134	0.0048	0.2129	0.0279	0.1331
135	0.0047	0.2124	0.0279	0.1331
136	0.0051	0.2121	0.0278	0.1328
137	0.0055	0.2120	0.0278	0.1329
138	0.0053	0.2116	0.0278	0.1329
139	0.0048	0.2108	0.0277	0.1327
140	0.0050	0.2109	0.0277	0.1328
141	0.0046	0.2114	0.0278	0.1329
142	0.0052	0.2115	0.0277	0.1328
143	0.0045	0.2107	0.0277	0.1328
144	0.0053	0.2114	0.0277	0.1327
145	0.0050	0.2117	0.0278	0.1331
146	0.0052	0.2118	0.0278	0.1331
147	0.0055	0.2118	0.0278	0.1331
148	0.0049	0.2124	0.0279	0.1334
149	0.0047	0.2119	0.0278	0.1333
150	0.0051	0.2117	0.0278	0.1332
