{"n_layers": 1, "device": "cuda", "batch_size": 2048, "embedding_dim": 512, "learning_rate": 0.0005, "dataset": "dbbook", "epochs": 150, "top_k": 10, "multimodal": false, "datasets": {"dbbook": ["images", "text"], "ml1m": ["audio", "images", "text", "video"]}}
Epoch	Loss	Recall	Precision	NDCG
1	0.6900	0.0101	0.0072	0.0106
2	0.6865	0.0349	0.0246	0.0333
3	0.6802	0.0470	0.0323	0.0414
4	0.6679	0.0475	0.0328	0.0412
5	0.6461	0.0461	0.0316	0.0396
6	0.6119	0.0442	0.0306	0.0384
7	0.5667	0.0428	0.0296	0.0372
8	0.5145	0.0417	0.0289	0.0363
9	0.4634	0.0412	0.0287	0.0360
10	0.4150	0.0409	0.0287	0.0362
11	0.3735	0.0416	0.0292	0.0368
12	0.3411	0.0417	0.0293	0.0371
13	0.3120	0.0428	0.0298	0.0380
14	0.2850	0.0436	0.0302	0.0387
15	0.2640	0.0448	0.0309	0.0394
16	0.2432	0.0454	0.0314	0.0401
17	0.2258	0.0461	0.0317	0.0405
18	0.2117	0.0469	0.0322	0.0413
19	0.1990	0.0481	0.0328	0.0422
20	0.1875	0.0489	0.0333	0.0433
21	0.1744	0.0499	0.0340	0.0443
22	0.1644	0.0512	0.0346	0.0456
23	0.1562	0.0523	0.0353	0.0466
24	0.1477	0.0532	0.0359	0.0473
25	0.1399	0.0538	0.0363	0.0480
26	0.1317	0.0551	0.0370	0.0489
27	0.1238	0.0564	0.0376	0.0499
28	0.1188	0.0568	0.0381	0.0508
29	0.1122	0.0576	0.0385	0.0513
30	0.1057	0.0584	0.0389	0.0519
31	0.1023	0.0592	0.0393	0.0527
32	0.0969	0.0597	0.0397	0.0532
33	0.0950	0.0599	0.0397	0.0536
34	0.0892	0.0601	0.0399	0.0543
35	0.0845	0.0601	0.0400	0.0546
36	0.0812	0.0608	0.0405	0.0553
37	0.0763	0.0615	0.0410	0.0559
38	0.0738	0.0620	0.0413	0.0565
39	0.0708	0.0628	0.0416	0.0570
40	0.0694	0.0623	0.0416	0.0572
41	0.0669	0.0624	0.0417	0.0575
42	0.0618	0.0629	0.0421	0.0579
43	0.0607	0.0635	0.0424	0.0584
44	0.0587	0.0643	0.0426	0.0588
45	0.0562	0.0646	0.0427	0.0591
46	0.0545	0.0649	0.0430	0.0595
47	0.0538	0.0654	0.0434	0.0601
48	0.0518	0.0660	0.0437	0.0606
49	0.0502	0.0664	0.0439	0.0610
50	0.0474	0.0668	0.0442	0.0615
51	0.0457	0.0673	0.0446	0.0624
52	0.0462	0.0669	0.0444	0.0624
53	0.0434	0.0671	0.0446	0.0626
54	0.0429	0.0678	0.0449	0.0630
55	0.0416	0.0683	0.0452	0.0636
56	0.0409	0.0688	0.0457	0.0642
57	0.0387	0.0696	0.0460	0.0648
58	0.0381	0.0700	0.0462	0.0652
59	0.0368	0.0698	0.0460	0.0653
60	0.0363	0.0700	0.0461	0.0657
61	0.0354	0.0703	0.0463	0.0659
62	0.0344	0.0709	0.0466	0.0664
63	0.0331	0.0710	0.0468	0.0667
64	0.0323	0.0716	0.0471	0.0672
65	0.0315	0.0716	0.0473	0.0672
66	0.0305	0.0716	0.0474	0.0674
67	0.0303	0.0719	0.0473	0.0676
68	0.0303	0.0722	0.0475	0.0680
69	0.0298	0.0726	0.0478	0.0684
70	0.0284	0.0723	0.0478	0.0684
71	0.0282	0.0728	0.0480	0.0686
72	0.0263	0.0732	0.0481	0.0689
73	0.0268	0.0731	0.0482	0.0689
74	0.0267	0.0739	0.0486	0.0697
75	0.0261	0.0740	0.0487	0.0698
76	0.0240	0.0738	0.0486	0.0697
77	0.0253	0.0736	0.0485	0.0696
78	0.0247	0.0733	0.0484	0.0696
79	0.0226	0.0733	0.0485	0.0696
80	0.0238	0.0734	0.0485	0.0697
81	0.0222	0.0738	0.0485	0.0698
82	0.0219	0.0741	0.0485	0.0701
83	0.0234	0.0739	0.0484	0.0700
84	0.0214	0.0741	0.0487	0.0703
85	0.0215	0.0747	0.0489	0.0707
86	0.0209	0.0747	0.0490	0.0708
87	0.0210	0.0752	0.0492	0.0711
88	0.0207	0.0761	0.0493	0.0713
89	0.0197	0.0762	0.0494	0.0714
90	0.0201	0.0761	0.0494	0.0713
91	0.0196	0.0761	0.0493	0.0713
92	0.0189	0.0757	0.0493	0.0715
93	0.0192	0.0760	0.0493	0.0715
94	0.0188	0.0758	0.0492	0.0715
95	0.0182	0.0761	0.0493	0.0716
96	0.0174	0.0760	0.0491	0.0715
97	0.0174	0.0762	0.0491	0.0716
98	0.0169	0.0762	0.0491	0.0718
99	0.0171	0.0760	0.0491	0.0718
100	0.0163	0.0760	0.0491	0.0718
101	0.0161	0.0762	0.0492	0.0720
102	0.0165	0.0760	0.0491	0.0719
103	0.0155	0.0762	0.0493	0.0720
104	0.0158	0.0761	0.0491	0.0719
105	0.0167	0.0762	0.0493	0.0722
106	0.0158	0.0759	0.0492	0.0720
107	0.0153	0.0765	0.0493	0.0722
108	0.0144	0.0763	0.0492	0.0721
109	0.0151	0.0763	0.0491	0.0722
110	0.0147	0.0762	0.0491	0.0722
111	0.0143	0.0767	0.0493	0.0723
112	0.0148	0.0766	0.0493	0.0723
113	0.0139	0.0765	0.0493	0.0722
114	0.0141	0.0762	0.0490	0.0721
115	0.0140	0.0763	0.0491	0.0721
116	0.0134	0.0762	0.0490	0.0721
117	0.0133	0.0761	0.0490	0.0722
118	0.0128	0.0760	0.0490	0.0720
119	0.0128	0.0759	0.0489	0.0720
120	0.0133	0.0759	0.0489	0.0719
121	0.0129	0.0764	0.0493	0.0723
122	0.0125	0.0765	0.0493	0.0725
123	0.0125	0.0768	0.0494	0.0727
124	0.0123	0.0768	0.0494	0.0728
125	0.0123	0.0768	0.0494	0.0728
126	0.0127	0.0768	0.0494	0.0727
127	0.0124	0.0769	0.0494	0.0730
128	0.0120	0.0772	0.0495	0.0731
129	0.0113	0.0771	0.0495	0.0731
130	0.0114	0.0774	0.0496	0.0734
131	0.0119	0.0773	0.0496	0.0735
132	0.0124	0.0772	0.0496	0.0733
133	0.0113	0.0773	0.0497	0.0734
134	0.0115	0.0774	0.0497	0.0734
135	0.0113	0.0777	0.0497	0.0735
136	0.0100	0.0778	0.0497	0.0735
137	0.0122	0.0779	0.0498	0.0736
138	0.0106	0.0779	0.0499	0.0736
139	0.0108	0.0777	0.0497	0.0735
140	0.0110	0.0780	0.0498	0.0735
141	0.0107	0.0784	0.0500	0.0737
142	0.0104	0.0786	0.0501	0.0738
143	0.0101	0.0789	0.0501	0.0738
144	0.0107	0.0788	0.0501	0.0738
145	0.0108	0.0788	0.0501	0.0738
146	0.0100	0.0784	0.0499	0.0735
147	0.0100	0.0787	0.0501	0.0738
148	0.0103	0.0788	0.0500	0.0738
149	0.0101	0.0784	0.0498	0.0735
150	0.0098	0.0785	0.0499	0.0736
