{"n_layers": 1, "device": "cuda", "batch_size": 2048, "embedding_dim": 1024, "learning_rate": 0.001, "dataset": "dbbook", "epochs": 150, "top_k": 20, "multimodal": false, "datasets": {"dbbook": ["images", "text"], "ml1m": ["audio", "images", "text", "video"]}}
Epoch	Loss	Recall	Precision	NDCG
1	0.6849	0.0706	0.0248	0.0524
2	0.6600	0.0897	0.0310	0.0622
3	0.5972	0.0841	0.0293	0.0576
4	0.4876	0.0793	0.0279	0.0548
5	0.3714	0.0792	0.0280	0.0549
6	0.2826	0.0810	0.0285	0.0565
7	0.2215	0.0837	0.0294	0.0589
8	0.1773	0.0871	0.0305	0.0616
9	0.1468	0.0905	0.0314	0.0639
10	0.1223	0.0948	0.0327	0.0669
11	0.1049	0.0974	0.0337	0.0692
12	0.0910	0.1006	0.0345	0.0720
13	0.0789	0.1040	0.0355	0.0752
14	0.0691	0.1070	0.0363	0.0775
15	0.0609	0.1101	0.0371	0.0797
16	0.0546	0.1115	0.0377	0.0810
17	0.0491	0.1128	0.0380	0.0822
18	0.0435	0.1140	0.0383	0.0835
19	0.0391	0.1158	0.0388	0.0846
20	0.0370	0.1152	0.0387	0.0848
21	0.0337	0.1159	0.0387	0.0856
22	0.0305	0.1169	0.0388	0.0866
23	0.0290	0.1176	0.0390	0.0875
24	0.0268	0.1183	0.0391	0.0881
25	0.0256	0.1190	0.0392	0.0888
26	0.0249	0.1203	0.0396	0.0896
27	0.0229	0.1205	0.0396	0.0898
28	0.0211	0.1219	0.0399	0.0905
29	0.0204	0.1228	0.0402	0.0910
30	0.0198	0.1230	0.0403	0.0914
31	0.0180	0.1231	0.0403	0.0915
32	0.0182	0.1235	0.0404	0.0918
33	0.0170	0.1240	0.0407	0.0923
34	0.0174	0.1244	0.0407	0.0927
35	0.0159	0.1248	0.0406	0.0929
36	0.0150	0.1243	0.0406	0.0929
37	0.0142	0.1244	0.0405	0.0935
38	0.0139	0.1249	0.0405	0.0936
39	0.0135	0.1254	0.0406	0.0938
40	0.0127	0.1254	0.0407	0.0940
41	0.0124	0.1254	0.0407	0.0940
42	0.0128	0.1256	0.0406	0.0942
43	0.0132	0.1259	0.0405	0.0942
44	0.0116	0.1257	0.0404	0.0941
45	0.0113	0.1258	0.0405	0.0943
46	0.0112	0.1259	0.0405	0.0944
47	0.0105	0.1261	0.0404	0.0945
48	0.0104	0.1258	0.0404	0.0946
49	0.0107	0.1263	0.0405	0.0951
50	0.0103	0.1260	0.0404	0.0951
51	0.0106	0.1261	0.0405	0.0952
52	0.0093	0.1260	0.0404	0.0953
53	0.0099	0.1265	0.0405	0.0957
54	0.0093	0.1265	0.0405	0.0956
55	0.0094	0.1262	0.0403	0.0953
56	0.0101	0.1261	0.0402	0.0952
57	0.0087	0.1259	0.0401	0.0954
58	0.0089	0.1260	0.0401	0.0953
59	0.0086	0.1258	0.0401	0.0953
60	0.0085	0.1253	0.0399	0.0949
61	0.0084	0.1255	0.0398	0.0952
62	0.0081	0.1257	0.0399	0.0956
63	0.0082	0.1256	0.0399	0.0957
64	0.0084	0.1262	0.0400	0.0959
65	0.0085	0.1256	0.0399	0.0956
66	0.0082	0.1252	0.0397	0.0952
67	0.0079	0.1249	0.0396	0.0952
68	0.0078	0.1245	0.0395	0.0949
69	0.0074	0.1243	0.0395	0.0948
70	0.0076	0.1236	0.0393	0.0942
71	0.0075	0.1228	0.0391	0.0938
72	0.0075	0.1231	0.0391	0.0938
73	0.0069	0.1233	0.0391	0.0939
74	0.0075	0.1234	0.0389	0.0940
75	0.0074	0.1235	0.0389	0.0940
76	0.0070	0.1236	0.0390	0.0941
77	0.0067	0.1233	0.0389	0.0940
78	0.0073	0.1233	0.0389	0.0942
79	0.0067	0.1228	0.0387	0.0939
80	0.0073	0.1230	0.0387	0.0939
81	0.0072	0.1233	0.0387	0.0940
82	0.0070	0.1226	0.0386	0.0940
83	0.0076	0.1227	0.0387	0.0937
84	0.0068	0.1227	0.0388	0.0936
85	0.0070	0.1232	0.0389	0.0939
86	0.0069	0.1230	0.0389	0.0937
87	0.0070	0.1236	0.0389	0.0937
88	0.0073	0.1238	0.0390	0.0936
89	0.0072	0.1234	0.0389	0.0933
90	0.0075	0.1233	0.0388	0.0933
91	0.0066	0.1230	0.0388	0.0935
92	0.0067	0.1231	0.0388	0.0935
93	0.0064	0.1223	0.0386	0.0933
94	0.0072	0.1217	0.0385	0.0928
95	0.0065	0.1214	0.0383	0.0926
96	0.0063	0.1219	0.0384	0.0929
97	0.0072	0.1215	0.0383	0.0928
98	0.0068	0.1219	0.0385	0.0929
99	0.0067	0.1216	0.0384	0.0924
100	0.0062	0.1214	0.0383	0.0924
101	0.0066	0.1219	0.0384	0.0927
102	0.0064	0.1218	0.0384	0.0925
103	0.0063	0.1215	0.0383	0.0924
104	0.0067	0.1213	0.0382	0.0923
105	0.0061	0.1218	0.0383	0.0925
106	0.0065	0.1219	0.0383	0.0924
107	0.0065	0.1221	0.0382	0.0925
108	0.0060	0.1222	0.0383	0.0928
109	0.0065	0.1226	0.0384	0.0929
110	0.0066	0.1227	0.0384	0.0930
111	0.0059	0.1226	0.0384	0.0926
112	0.0064	0.1222	0.0382	0.0924
113	0.0060	0.1221	0.0382	0.0922
114	0.0063	0.1219	0.0382	0.0920
115	0.0062	0.1218	0.0382	0.0916
116	0.0065	0.1217	0.0380	0.0916
117	0.0061	0.1210	0.0379	0.0913
118	0.0059	0.1210	0.0379	0.0913
119	0.0061	0.1209	0.0378	0.0912
120	0.0064	0.1212	0.0378	0.0916
121	0.0063	0.1207	0.0377	0.0916
122	0.0062	0.1209	0.0378	0.0917
123	0.0065	0.1203	0.0376	0.0914
124	0.0065	0.1205	0.0376	0.0915
125	0.0064	0.1201	0.0375	0.0915
126	0.0061	0.1200	0.0375	0.0911
127	0.0061	0.1200	0.0374	0.0906
128	0.0060	0.1204	0.0375	0.0909
129	0.0061	0.1206	0.0375	0.0908
130	0.0059	0.1204	0.0375	0.0910
131	0.0062	0.1202	0.0374	0.0911
132	0.0062	0.1204	0.0374	0.0912
133	0.0057	0.1203	0.0374	0.0912
134	0.0058	0.1204	0.0375	0.0912
135	0.0062	0.1196	0.0373	0.0905
136	0.0056	0.1198	0.0374	0.0906
137	0.0065	0.1197	0.0373	0.0903
138	0.0064	0.1196	0.0372	0.0904
139	0.0062	0.1196	0.0373	0.0908
140	0.0061	0.1198	0.0373	0.0910
141	0.0057	0.1195	0.0373	0.0909
142	0.0062	0.1198	0.0374	0.0911
143	0.0063	0.1199	0.0373	0.0910
144	0.0058	0.1197	0.0373	0.0910
145	0.0059	0.1188	0.0371	0.0904
146	0.0061	0.1192	0.0372	0.0904
147	0.0063	0.1192	0.0372	0.0904
148	0.0059	0.1193	0.0372	0.0903
149	0.0059	0.1191	0.0371	0.0903
150	0.0068	0.1191	0.0372	0.0903
