{"n_layers": 0, "device": "cuda", "batch_size": 2048, "embedding_dim": 1024, "learning_rate": 0.001, "dataset": "dbbook", "epochs": 150, "top_k": 50, "multimodal": true, "datasets": {"dbbook": ["images", "text"], "ml1m": ["audio", "images", "text", "video"]}}
Epoch	Loss	Recall	Precision	NDCG
1	0.6932	0.0000	0.0000	0.0000
2	0.6778	0.0000	0.0000	0.0000
3	0.6599	0.0003	0.0000	0.0001
4	0.6322	0.0052	0.0007	0.0032
5	0.5892	0.0268	0.0038	0.0176
6	0.5282	0.0720	0.0103	0.0476
7	0.4529	0.1140	0.0160	0.0741
8	0.3742	0.1422	0.0200	0.0905
9	0.3021	0.1582	0.0223	0.0999
10	0.2431	0.1693	0.0237	0.1065
11	0.1969	0.1766	0.0246	0.1110
12	0.1612	0.1818	0.0252	0.1149
13	0.1332	0.1853	0.0255	0.1172
14	0.1110	0.1879	0.0259	0.1195
15	0.0942	0.1900	0.0262	0.1208
16	0.0801	0.1929	0.0265	0.1226
17	0.0684	0.1953	0.0268	0.1239
18	0.0595	0.1980	0.0270	0.1251
19	0.0537	0.1986	0.0271	0.1257
20	0.0469	0.2000	0.0272	0.1262
21	0.0412	0.2004	0.0273	0.1266
22	0.0375	0.2024	0.0275	0.1279
23	0.0340	0.2025	0.0275	0.1285
24	0.0305	0.2040	0.0276	0.1291
25	0.0283	0.2040	0.0276	0.1292
26	0.0262	0.2054	0.0278	0.1298
27	0.0245	0.2060	0.0278	0.1302
28	0.0229	0.2065	0.0278	0.1307
29	0.0209	0.2061	0.0278	0.1308
30	0.0197	0.2064	0.0278	0.1309
31	0.0182	0.2059	0.0277	0.1311
32	0.0176	0.2068	0.0277	0.1315
33	0.0166	0.2070	0.0278	0.1320
34	0.0151	0.2088	0.0279	0.1325
35	0.0148	0.2082	0.0279	0.1326
36	0.0140	0.2095	0.0280	0.1331
37	0.0135	0.2096	0.0280	0.1330
38	0.0130	0.2094	0.0280	0.1330
39	0.0124	0.2091	0.0280	0.1332
40	0.0123	0.2092	0.0279	0.1331
41	0.0114	0.2086	0.0279	0.1331
42	0.0115	0.2080	0.0278	0.1332
43	0.0109	0.2087	0.0279	0.1336
44	0.0098	0.2091	0.0280	0.1340
45	0.0101	0.2089	0.0279	0.1338
46	0.0099	0.2092	0.0279	0.1340
47	0.0100	0.2089	0.0279	0.1340
48	0.0087	0.2100	0.0280	0.1343
49	0.0093	0.2104	0.0280	0.1344
50	0.0084	0.2106	0.0281	0.1346
51	0.0089	0.2104	0.0280	0.1346
52	0.0081	0.2103	0.0280	0.1344
53	0.0083	0.2102	0.0280	0.1342
54	0.0083	0.2112	0.0280	0.1344
55	0.0079	0.2109	0.0280	0.1340
56	0.0078	0.2115	0.0280	0.1342
57	0.0074	0.2115	0.0280	0.1346
58	0.0071	0.2114	0.0280	0.1348
59	0.0074	0.2118	0.0280	0.1350
60	0.0072	0.2119	0.0281	0.1352
61	0.0076	0.2119	0.0280	0.1349
62	0.0070	0.2118	0.0280	0.1350
63	0.0067	0.2120	0.0280	0.1352
64	0.0069	0.2122	0.0280	0.1351
65	0.0068	0.2114	0.0279	0.1346
66	0.0069	0.2116	0.0280	0.1347
67	0.0063	0.2118	0.0280	0.1350
68	0.0068	0.2121	0.0281	0.1350
69	0.0061	0.2119	0.0280	0.1350
70	0.0065	0.2120	0.0280	0.1352
71	0.0065	0.2116	0.0280	0.1349
72	0.0065	0.2116	0.0280	0.1349
73	0.0061	0.2120	0.0280	0.1349
74	0.0063	0.2124	0.0281	0.1353
75	0.0060	0.2131	0.0282	0.1360
76	0.0059	0.2132	0.0282	0.1361
77	0.0059	0.2124	0.0281	0.1356
78	0.0058	0.2121	0.0281	0.1356
79	0.0062	0.2122	0.0281	0.1357
80	0.0060	0.2121	0.0281	0.1356
81	0.0060	0.2117	0.0281	0.1355
82	0.0060	0.2105	0.0279	0.1348
83	0.0059	0.2113	0.0280	0.1350
84	0.0059	0.2116	0.0280	0.1352
85	0.0060	0.2119	0.0281	0.1352
86	0.0054	0.2115	0.0280	0.1349
87	0.0057	0.2117	0.0280	0.1348
88	0.0055	0.2111	0.0280	0.1346
89	0.0054	0.2108	0.0279	0.1343
90	0.0055	0.2101	0.0278	0.1343
91	0.0063	0.2102	0.0278	0.1344
92	0.0056	0.2104	0.0279	0.1344
93	0.0052	0.2110	0.0279	0.1347
94	0.0054	0.2106	0.0278	0.1345
95	0.0052	0.2105	0.0278	0.1347
96	0.0056	0.2110	0.0279	0.1349
97	0.0054	0.2113	0.0280	0.1350
98	0.0053	0.2121	0.0280	0.1352
99	0.0054	0.2124	0.0280	0.1355
100	0.0047	0.2121	0.0280	0.1357
101	0.0051	0.2122	0.0280	0.1356
102	0.0052	0.2127	0.0280	0.1357
103	0.0046	0.2120	0.0279	0.1357
104	0.0053	0.2122	0.0280	0.1360
105	0.0048	0.2125	0.0280	0.1358
106	0.0054	0.2129	0.0280	0.1359
107	0.0050	0.2135	0.0281	0.1362
108	0.0053	0.2135	0.0281	0.1366
109	0.0056	0.2130	0.0281	0.1362
110	0.0053	0.2124	0.0280	0.1362
111	0.0052	0.2124	0.0280	0.1364
112	0.0049	0.2117	0.0280	0.1358
113	0.0049	0.2112	0.0279	0.1354
114	0.0049	0.2115	0.0280	0.1353
115	0.0048	0.2113	0.0279	0.1354
116	0.0048	0.2116	0.0279	0.1354
117	0.0050	0.2111	0.0279	0.1351
118	0.0050	0.2104	0.0278	0.1349
119	0.0051	0.2104	0.0277	0.1350
120	0.0050	0.2117	0.0279	0.1354
121	0.0050	0.2117	0.0279	0.1353
122	0.0050	0.2113	0.0279	0.1350
123	0.0053	0.2111	0.0279	0.1351
124	0.0051	0.2109	0.0279	0.1351
125	0.0050	0.2107	0.0278	0.1350
126	0.0046	0.2099	0.0278	0.1345
127	0.0050	0.2101	0.0278	0.1345
128	0.0051	0.2104	0.0278	0.1344
129	0.0045	0.2101	0.0278	0.1344
130	0.0046	0.2098	0.0277	0.1341
131	0.0046	0.2098	0.0277	0.1340
132	0.0051	0.2105	0.0278	0.1341
133	0.0054	0.2107	0.0278	0.1339
134	0.0049	0.2111	0.0278	0.1342
135	0.0049	0.2119	0.0279	0.1347
136	0.0046	0.2110	0.0279	0.1347
137	0.0048	0.2104	0.0278	0.1348
138	0.0046	0.2107	0.0279	0.1350
139	0.0053	0.2111	0.0279	0.1354
140	0.0050	0.2107	0.0278	0.1355
141	0.0053	0.2102	0.0278	0.1352
142	0.0059	0.2097	0.0277	0.1345
143	0.0052	0.2092	0.0276	0.1342
144	0.0047	0.2093	0.0277	0.1343
145	0.0045	0.2093	0.0277	0.1344
146	0.0051	0.2092	0.0277	0.1343
147	0.0050	0.2093	0.0277	0.1344
148	0.0048	0.2090	0.0277	0.1345
149	0.0048	0.2090	0.0276	0.1343
150	0.0051	0.2086	0.0276	0.1340
