{"n_layers": 0, "device": "cuda", "batch_size": 2048, "embedding_dim": 512, "learning_rate": 0.0005, "dataset": "dbbook", "epochs": 150, "top_k": 50, "multimodal": false, "datasets": {"dbbook": ["images", "text"], "ml1m": ["audio", "images", "text", "video"]}}
Epoch	Loss	Recall	Precision	NDCG
1	0.6932	0.0091	0.0013	0.0041
2	0.6894	0.0099	0.0014	0.0047
3	0.6859	0.0136	0.0019	0.0070
4	0.6818	0.0204	0.0030	0.0120
5	0.6766	0.0350	0.0049	0.0219
6	0.6699	0.0571	0.0080	0.0365
7	0.6611	0.0837	0.0117	0.0525
8	0.6496	0.1086	0.0151	0.0673
9	0.6350	0.1277	0.0177	0.0784
10	0.6166	0.1425	0.0199	0.0868
11	0.5945	0.1516	0.0213	0.0923
12	0.5687	0.1581	0.0222	0.0963
13	0.5396	0.1618	0.0228	0.0993
14	0.5077	0.1654	0.0232	0.1013
15	0.4748	0.1668	0.0234	0.1024
16	0.4414	0.1687	0.0237	0.1038
17	0.4092	0.1715	0.0241	0.1055
18	0.3787	0.1730	0.0243	0.1064
19	0.3500	0.1739	0.0244	0.1072
20	0.3236	0.1757	0.0246	0.1085
21	0.2993	0.1768	0.0248	0.1094
22	0.2773	0.1778	0.0249	0.1103
23	0.2582	0.1784	0.0250	0.1109
24	0.2402	0.1794	0.0251	0.1118
25	0.2227	0.1811	0.0253	0.1128
26	0.2083	0.1825	0.0255	0.1134
27	0.1946	0.1831	0.0255	0.1140
28	0.1824	0.1839	0.0256	0.1145
29	0.1702	0.1849	0.0258	0.1150
30	0.1599	0.1854	0.0258	0.1155
31	0.1499	0.1867	0.0260	0.1164
32	0.1412	0.1890	0.0262	0.1174
33	0.1322	0.1892	0.0262	0.1178
34	0.1250	0.1903	0.0263	0.1183
35	0.1188	0.1909	0.0264	0.1187
36	0.1128	0.1916	0.0264	0.1191
37	0.1054	0.1933	0.0266	0.1200
38	0.0995	0.1939	0.0266	0.1206
39	0.0947	0.1940	0.0267	0.1209
40	0.0903	0.1950	0.0268	0.1212
41	0.0860	0.1961	0.0269	0.1215
42	0.0807	0.1970	0.0270	0.1220
43	0.0773	0.1981	0.0271	0.1225
44	0.0728	0.1989	0.0272	0.1230
45	0.0694	0.1992	0.0273	0.1234
46	0.0663	0.1992	0.0273	0.1237
47	0.0634	0.1992	0.0273	0.1238
48	0.0608	0.1994	0.0273	0.1242
49	0.0586	0.1994	0.0273	0.1244
50	0.0556	0.2001	0.0274	0.1249
51	0.0531	0.2005	0.0275	0.1253
52	0.0511	0.2018	0.0276	0.1258
53	0.0489	0.2021	0.0276	0.1261
54	0.0467	0.2025	0.0276	0.1263
55	0.0447	0.2032	0.0277	0.1265
56	0.0435	0.2032	0.0277	0.1266
57	0.0414	0.2030	0.0277	0.1268
58	0.0404	0.2035	0.0277	0.1269
59	0.0389	0.2036	0.0277	0.1272
60	0.0367	0.2044	0.0277	0.1274
61	0.0361	0.2046	0.0278	0.1276
62	0.0343	0.2053	0.0278	0.1279
63	0.0337	0.2062	0.0279	0.1282
64	0.0323	0.2064	0.0279	0.1284
65	0.0316	0.2063	0.0279	0.1286
66	0.0311	0.2067	0.0279	0.1286
67	0.0298	0.2066	0.0279	0.1287
68	0.0288	0.2065	0.0279	0.1287
69	0.0278	0.2068	0.0279	0.1288
70	0.0265	0.2066	0.0279	0.1287
71	0.0265	0.2070	0.0279	0.1288
72	0.0252	0.2077	0.0279	0.1290
73	0.0250	0.2077	0.0280	0.1291
74	0.0234	0.2087	0.0280	0.1293
75	0.0235	0.2089	0.0280	0.1293
76	0.0228	0.2083	0.0280	0.1293
77	0.0222	0.2083	0.0280	0.1291
78	0.0216	0.2087	0.0280	0.1295
79	0.0207	0.2089	0.0281	0.1296
80	0.0214	0.2084	0.0280	0.1296
81	0.0204	0.2086	0.0280	0.1296
82	0.0199	0.2081	0.0280	0.1295
83	0.0194	0.2082	0.0280	0.1297
84	0.0188	0.2085	0.0280	0.1298
85	0.0185	0.2088	0.0281	0.1299
86	0.0179	0.2086	0.0281	0.1303
87	0.0174	0.2091	0.0281	0.1304
88	0.0171	0.2095	0.0281	0.1305
89	0.0165	0.2096	0.0282	0.1306
90	0.0164	0.2097	0.0282	0.1306
91	0.0159	0.2097	0.0282	0.1306
92	0.0156	0.2100	0.0282	0.1307
93	0.0156	0.2101	0.0282	0.1310
94	0.0148	0.2100	0.0282	0.1313
95	0.0149	0.2107	0.0282	0.1315
96	0.0147	0.2108	0.0282	0.1316
97	0.0142	0.2111	0.0282	0.1317
98	0.0140	0.2111	0.0283	0.1318
99	0.0137	0.2112	0.0283	0.1320
100	0.0136	0.2115	0.0283	0.1322
101	0.0135	0.2110	0.0283	0.1321
102	0.0131	0.2109	0.0282	0.1321
103	0.0127	0.2108	0.0282	0.1320
104	0.0129	0.2105	0.0282	0.1321
105	0.0129	0.2105	0.0282	0.1323
106	0.0125	0.2110	0.0282	0.1323
107	0.0120	0.2108	0.0281	0.1324
108	0.0122	0.2106	0.0282	0.1325
109	0.0115	0.2111	0.0282	0.1327
110	0.0116	0.2110	0.0282	0.1327
111	0.0110	0.2104	0.0281	0.1325
112	0.0113	0.2100	0.0281	0.1324
113	0.0110	0.2101	0.0281	0.1325
114	0.0113	0.2100	0.0280	0.1324
115	0.0109	0.2104	0.0281	0.1327
116	0.0103	0.2105	0.0281	0.1328
117	0.0106	0.2106	0.0281	0.1328
118	0.0106	0.2106	0.0281	0.1326
119	0.0105	0.2103	0.0281	0.1327
120	0.0102	0.2096	0.0280	0.1325
121	0.0103	0.2095	0.0279	0.1322
122	0.0097	0.2099	0.0280	0.1323
123	0.0101	0.2101	0.0280	0.1324
124	0.0097	0.2100	0.0280	0.1325
125	0.0097	0.2102	0.0280	0.1326
126	0.0094	0.2093	0.0279	0.1323
127	0.0097	0.2092	0.0279	0.1321
128	0.0091	0.2095	0.0279	0.1323
129	0.0090	0.2092	0.0279	0.1325
130	0.0087	0.2095	0.0279	0.1326
131	0.0093	0.2099	0.0279	0.1326
132	0.0083	0.2096	0.0279	0.1325
133	0.0086	0.2093	0.0279	0.1324
134	0.0089	0.2094	0.0279	0.1326
135	0.0088	0.2097	0.0279	0.1326
136	0.0083	0.2098	0.0279	0.1324
137	0.0080	0.2099	0.0280	0.1324
138	0.0082	0.2100	0.0280	0.1324
139	0.0080	0.2100	0.0280	0.1324
140	0.0081	0.2104	0.0280	0.1325
141	0.0081	0.2098	0.0279	0.1324
142	0.0081	0.2100	0.0279	0.1326
143	0.0082	0.2106	0.0280	0.1326
144	0.0082	0.2103	0.0279	0.1325
145	0.0077	0.2100	0.0279	0.1324
146	0.0078	0.2096	0.0279	0.1325
147	0.0076	0.2100	0.0279	0.1328
148	0.0077	0.2102	0.0279	0.1329
149	0.0077	0.2102	0.0280	0.1329
150	0.0074	0.2095	0.0279	0.1326
