{"n_layers": 1, "device": "cuda", "batch_size": 2048, "embedding_dim": 256, "learning_rate": 0.001, "dataset": "dbbook", "epochs": 150, "top_k": 5, "multimodal": false, "datasets": {"dbbook": ["images", "text"], "ml1m": ["audio", "images", "text", "video"]}}
Epoch	Loss	Recall	Precision	NDCG
1	0.6910	0.0151	0.0202	0.0223
2	0.6846	0.0223	0.0289	0.0302
3	0.6670	0.0225	0.0290	0.0294
4	0.6279	0.0226	0.0298	0.0296
5	0.5642	0.0220	0.0294	0.0293
6	0.4890	0.0215	0.0290	0.0291
7	0.4187	0.0221	0.0300	0.0300
8	0.3621	0.0230	0.0310	0.0312
9	0.3167	0.0230	0.0313	0.0315
10	0.2828	0.0236	0.0319	0.0323
11	0.2542	0.0248	0.0331	0.0334
12	0.2307	0.0251	0.0337	0.0342
13	0.2070	0.0263	0.0352	0.0356
14	0.1925	0.0270	0.0357	0.0366
15	0.1756	0.0275	0.0363	0.0378
16	0.1650	0.0282	0.0373	0.0388
17	0.1504	0.0290	0.0380	0.0396
18	0.1397	0.0299	0.0391	0.0408
19	0.1279	0.0307	0.0398	0.0418
20	0.1191	0.0323	0.0418	0.0440
21	0.1129	0.0332	0.0427	0.0449
22	0.1075	0.0341	0.0434	0.0458
23	0.0986	0.0345	0.0440	0.0467
24	0.0920	0.0346	0.0443	0.0474
25	0.0862	0.0354	0.0455	0.0488
26	0.0828	0.0357	0.0456	0.0493
27	0.0787	0.0364	0.0465	0.0501
28	0.0722	0.0369	0.0474	0.0511
29	0.0692	0.0371	0.0477	0.0515
30	0.0653	0.0376	0.0482	0.0522
31	0.0620	0.0379	0.0487	0.0526
32	0.0600	0.0376	0.0481	0.0524
33	0.0559	0.0381	0.0488	0.0531
34	0.0543	0.0383	0.0488	0.0535
35	0.0514	0.0384	0.0492	0.0539
36	0.0500	0.0394	0.0503	0.0552
37	0.0471	0.0398	0.0507	0.0558
38	0.0453	0.0405	0.0518	0.0569
39	0.0433	0.0406	0.0517	0.0570
40	0.0425	0.0405	0.0518	0.0571
41	0.0414	0.0408	0.0521	0.0576
42	0.0391	0.0411	0.0525	0.0579
43	0.0389	0.0414	0.0528	0.0583
44	0.0360	0.0416	0.0532	0.0588
45	0.0359	0.0426	0.0538	0.0595
46	0.0339	0.0428	0.0538	0.0596
47	0.0331	0.0431	0.0545	0.0601
48	0.0327	0.0431	0.0544	0.0602
49	0.0304	0.0433	0.0548	0.0608
50	0.0301	0.0437	0.0554	0.0613
51	0.0298	0.0435	0.0549	0.0610
52	0.0287	0.0440	0.0553	0.0615
53	0.0284	0.0441	0.0558	0.0619
54	0.0258	0.0439	0.0557	0.0619
55	0.0270	0.0437	0.0555	0.0619
56	0.0256	0.0438	0.0558	0.0621
57	0.0250	0.0439	0.0559	0.0622
58	0.0237	0.0439	0.0560	0.0623
59	0.0231	0.0441	0.0562	0.0627
60	0.0230	0.0440	0.0558	0.0625
61	0.0219	0.0443	0.0563	0.0630
62	0.0214	0.0445	0.0568	0.0634
63	0.0212	0.0446	0.0567	0.0634
64	0.0207	0.0444	0.0564	0.0634
65	0.0206	0.0442	0.0565	0.0634
66	0.0210	0.0448	0.0570	0.0638
67	0.0195	0.0452	0.0571	0.0642
68	0.0188	0.0454	0.0574	0.0644
69	0.0187	0.0458	0.0576	0.0646
70	0.0184	0.0460	0.0577	0.0647
71	0.0189	0.0463	0.0583	0.0654
72	0.0171	0.0464	0.0580	0.0656
73	0.0189	0.0465	0.0580	0.0656
74	0.0172	0.0470	0.0585	0.0660
75	0.0165	0.0471	0.0589	0.0664
76	0.0162	0.0472	0.0587	0.0664
77	0.0171	0.0476	0.0594	0.0669
78	0.0168	0.0479	0.0597	0.0673
79	0.0158	0.0476	0.0592	0.0670
80	0.0162	0.0474	0.0593	0.0672
81	0.0145	0.0474	0.0592	0.0671
82	0.0143	0.0475	0.0594	0.0672
83	0.0144	0.0475	0.0594	0.0673
84	0.0144	0.0474	0.0591	0.0673
85	0.0151	0.0473	0.0591	0.0672
86	0.0137	0.0471	0.0589	0.0672
87	0.0138	0.0471	0.0590	0.0672
88	0.0137	0.0471	0.0590	0.0673
89	0.0136	0.0471	0.0590	0.0673
90	0.0139	0.0472	0.0592	0.0674
91	0.0129	0.0470	0.0588	0.0670
92	0.0133	0.0468	0.0586	0.0667
93	0.0129	0.0464	0.0581	0.0662
94	0.0130	0.0468	0.0584	0.0666
95	0.0127	0.0471	0.0585	0.0668
96	0.0127	0.0470	0.0584	0.0669
97	0.0129	0.0468	0.0582	0.0669
98	0.0122	0.0470	0.0583	0.0671
99	0.0118	0.0469	0.0584	0.0671
100	0.0116	0.0472	0.0586	0.0671
101	0.0117	0.0469	0.0582	0.0668
102	0.0113	0.0468	0.0583	0.0667
103	0.0109	0.0468	0.0586	0.0669
104	0.0115	0.0467	0.0585	0.0669
105	0.0116	0.0471	0.0587	0.0672
106	0.0111	0.0470	0.0586	0.0670
107	0.0104	0.0469	0.0586	0.0669
108	0.0113	0.0466	0.0582	0.0666
109	0.0108	0.0470	0.0586	0.0670
110	0.0108	0.0469	0.0584	0.0669
111	0.0110	0.0466	0.0580	0.0665
112	0.0104	0.0467	0.0582	0.0667
113	0.0111	0.0467	0.0581	0.0667
114	0.0106	0.0468	0.0580	0.0670
115	0.0100	0.0470	0.0583	0.0673
116	0.0098	0.0468	0.0581	0.0672
117	0.0097	0.0468	0.0582	0.0674
118	0.0096	0.0467	0.0582	0.0671
119	0.0107	0.0470	0.0584	0.0672
120	0.0098	0.0476	0.0587	0.0677
121	0.0098	0.0473	0.0586	0.0675
122	0.0099	0.0476	0.0589	0.0676
123	0.0095	0.0475	0.0586	0.0675
124	0.0101	0.0476	0.0590	0.0678
125	0.0102	0.0472	0.0584	0.0675
126	0.0089	0.0472	0.0585	0.0676
127	0.0094	0.0476	0.0591	0.0681
128	0.0091	0.0479	0.0593	0.0685
129	0.0088	0.0476	0.0589	0.0683
130	0.0085	0.0476	0.0589	0.0683
131	0.0089	0.0476	0.0591	0.0684
132	0.0087	0.0478	0.0592	0.0686
133	0.0088	0.0478	0.0590	0.0683
134	0.0085	0.0478	0.0588	0.0682
135	0.0083	0.0474	0.0586	0.0679
136	0.0087	0.0474	0.0584	0.0678
137	0.0089	0.0474	0.0583	0.0679
138	0.0081	0.0472	0.0584	0.0678
139	0.0084	0.0472	0.0585	0.0680
140	0.0084	0.0474	0.0586	0.0682
141	0.0081	0.0473	0.0585	0.0683
142	0.0085	0.0474	0.0590	0.0687
143	0.0086	0.0474	0.0589	0.0685
144	0.0082	0.0475	0.0589	0.0683
145	0.0083	0.0474	0.0588	0.0682
146	0.0085	0.0472	0.0586	0.0682
147	0.0087	0.0475	0.0591	0.0685
148	0.0087	0.0472	0.0588	0.0682
149	0.0083	0.0470	0.0586	0.0681
150	0.0078	0.0469	0.0585	0.0681
