{"n_layers": 0, "device": "cuda", "batch_size": 2048, "embedding_dim": 1024, "learning_rate": 0.001, "dataset": "dbbook", "epochs": 150, "top_k": 50, "multimodal": false, "datasets": {"dbbook": ["images", "text"], "ml1m": ["audio", "images", "text", "video"]}}
Epoch	Loss	Recall	Precision	NDCG
1	0.6932	0.0107	0.0014	0.0047
2	0.6777	0.0206	0.0027	0.0113
3	0.6598	0.0585	0.0080	0.0372
4	0.6319	0.1121	0.0153	0.0695
5	0.5888	0.1480	0.0202	0.0910
6	0.5275	0.1668	0.0228	0.1022
7	0.4523	0.1730	0.0241	0.1073
8	0.3732	0.1781	0.0247	0.1105
9	0.3017	0.1828	0.0253	0.1137
10	0.2428	0.1864	0.0258	0.1163
11	0.1966	0.1878	0.0260	0.1180
12	0.1612	0.1904	0.0262	0.1199
13	0.1328	0.1927	0.0265	0.1216
14	0.1108	0.1947	0.0267	0.1230
15	0.0936	0.1974	0.0269	0.1237
16	0.0795	0.1977	0.0270	0.1243
17	0.0694	0.1984	0.0271	0.1250
18	0.0598	0.1992	0.0271	0.1256
19	0.0532	0.2005	0.0273	0.1267
20	0.0466	0.2010	0.0273	0.1274
21	0.0421	0.2027	0.0275	0.1281
22	0.0371	0.2042	0.0276	0.1288
23	0.0341	0.2051	0.0276	0.1292
24	0.0304	0.2049	0.0277	0.1293
25	0.0288	0.2053	0.0277	0.1296
26	0.0259	0.2060	0.0277	0.1300
27	0.0236	0.2062	0.0278	0.1306
28	0.0220	0.2074	0.0278	0.1314
29	0.0208	0.2077	0.0279	0.1317
30	0.0193	0.2082	0.0279	0.1319
31	0.0185	0.2084	0.0279	0.1321
32	0.0173	0.2085	0.0279	0.1324
33	0.0160	0.2091	0.0280	0.1328
34	0.0155	0.2085	0.0279	0.1329
35	0.0149	0.2091	0.0279	0.1328
36	0.0146	0.2088	0.0279	0.1327
37	0.0135	0.2093	0.0279	0.1330
38	0.0132	0.2088	0.0279	0.1330
39	0.0124	0.2087	0.0279	0.1330
40	0.0125	0.2088	0.0278	0.1332
41	0.0118	0.2083	0.0278	0.1334
42	0.0109	0.2092	0.0279	0.1337
43	0.0101	0.2092	0.0279	0.1336
44	0.0106	0.2095	0.0279	0.1339
45	0.0102	0.2099	0.0280	0.1342
46	0.0098	0.2096	0.0280	0.1344
47	0.0096	0.2094	0.0279	0.1343
48	0.0093	0.2089	0.0279	0.1346
49	0.0090	0.2087	0.0278	0.1344
50	0.0088	0.2089	0.0278	0.1341
51	0.0090	0.2088	0.0278	0.1342
52	0.0086	0.2091	0.0279	0.1344
53	0.0078	0.2097	0.0279	0.1347
54	0.0082	0.2099	0.0279	0.1347
55	0.0079	0.2097	0.0279	0.1346
56	0.0083	0.2101	0.0279	0.1350
57	0.0079	0.2100	0.0279	0.1353
58	0.0076	0.2104	0.0279	0.1353
59	0.0072	0.2106	0.0279	0.1357
60	0.0073	0.2104	0.0279	0.1358
61	0.0071	0.2110	0.0280	0.1358
62	0.0072	0.2109	0.0280	0.1358
63	0.0067	0.2108	0.0280	0.1357
64	0.0070	0.2108	0.0280	0.1359
65	0.0069	0.2112	0.0280	0.1360
66	0.0062	0.2104	0.0280	0.1356
67	0.0064	0.2100	0.0279	0.1353
68	0.0070	0.2105	0.0280	0.1352
69	0.0062	0.2110	0.0281	0.1356
70	0.0061	0.2117	0.0281	0.1357
71	0.0063	0.2110	0.0280	0.1355
72	0.0062	0.2108	0.0280	0.1352
73	0.0062	0.2100	0.0279	0.1350
74	0.0063	0.2115	0.0281	0.1356
75	0.0065	0.2105	0.0280	0.1354
76	0.0061	0.2099	0.0279	0.1352
77	0.0055	0.2100	0.0279	0.1351
78	0.0064	0.2108	0.0280	0.1354
79	0.0060	0.2105	0.0280	0.1353
80	0.0059	0.2112	0.0280	0.1358
81	0.0058	0.2117	0.0281	0.1361
82	0.0058	0.2117	0.0281	0.1359
83	0.0052	0.2115	0.0280	0.1357
84	0.0059	0.2110	0.0279	0.1353
85	0.0059	0.2112	0.0280	0.1356
86	0.0058	0.2110	0.0279	0.1353
87	0.0058	0.2115	0.0280	0.1355
88	0.0054	0.2114	0.0280	0.1356
89	0.0054	0.2105	0.0279	0.1350
90	0.0057	0.2102	0.0278	0.1344
91	0.0060	0.2102	0.0278	0.1346
92	0.0053	0.2108	0.0279	0.1345
93	0.0051	0.2102	0.0278	0.1338
94	0.0055	0.2095	0.0278	0.1335
95	0.0052	0.2092	0.0277	0.1331
96	0.0052	0.2100	0.0278	0.1336
97	0.0054	0.2106	0.0279	0.1338
98	0.0056	0.2107	0.0279	0.1340
99	0.0059	0.2111	0.0280	0.1341
100	0.0056	0.2100	0.0279	0.1337
101	0.0051	0.2094	0.0278	0.1334
102	0.0052	0.2091	0.0278	0.1331
103	0.0054	0.2096	0.0279	0.1334
104	0.0054	0.2100	0.0279	0.1337
105	0.0052	0.2106	0.0280	0.1340
106	0.0046	0.2109	0.0280	0.1341
107	0.0050	0.2109	0.0280	0.1341
108	0.0051	0.2106	0.0280	0.1340
109	0.0052	0.2104	0.0279	0.1332
110	0.0051	0.2104	0.0279	0.1334
111	0.0050	0.2103	0.0279	0.1336
112	0.0053	0.2104	0.0279	0.1338
113	0.0051	0.2104	0.0279	0.1336
114	0.0053	0.2106	0.0278	0.1333
115	0.0051	0.2101	0.0278	0.1330
116	0.0054	0.2102	0.0279	0.1332
117	0.0053	0.2101	0.0279	0.1332
118	0.0050	0.2103	0.0279	0.1334
119	0.0047	0.2102	0.0279	0.1335
120	0.0055	0.2104	0.0280	0.1337
121	0.0058	0.2095	0.0279	0.1334
122	0.0048	0.2090	0.0278	0.1331
123	0.0053	0.2094	0.0278	0.1333
124	0.0050	0.2096	0.0279	0.1333
125	0.0051	0.2106	0.0280	0.1339
126	0.0052	0.2106	0.0280	0.1339
127	0.0055	0.2105	0.0279	0.1340
128	0.0052	0.2098	0.0278	0.1336
129	0.0047	0.2100	0.0278	0.1335
130	0.0050	0.2096	0.0278	0.1329
131	0.0054	0.2096	0.0278	0.1328
132	0.0056	0.2093	0.0278	0.1331
133	0.0052	0.2098	0.0278	0.1330
134	0.0051	0.2109	0.0279	0.1336
135	0.0051	0.2107	0.0278	0.1335
136	0.0055	0.2102	0.0278	0.1333
137	0.0052	0.2106	0.0278	0.1335
138	0.0051	0.2097	0.0277	0.1332
139	0.0046	0.2103	0.0277	0.1334
140	0.0054	0.2100	0.0277	0.1334
141	0.0051	0.2104	0.0277	0.1332
142	0.0047	0.2106	0.0278	0.1336
143	0.0053	0.2108	0.0278	0.1337
144	0.0054	0.2107	0.0278	0.1337
145	0.0052	0.2106	0.0278	0.1335
146	0.0051	0.2105	0.0278	0.1330
147	0.0051	0.2102	0.0278	0.1329
148	0.0053	0.2098	0.0277	0.1328
149	0.0049	0.2099	0.0277	0.1328
150	0.0056	0.2094	0.0277	0.1328
