{"n_layers": 0, "device": "cuda", "batch_size": 2048, "embedding_dim": 512, "learning_rate": 0.001, "dataset": "dbbook", "epochs": 150, "model": "ef-mmlgcn", "fusion": "max", "top_k": [5, 10, 20, 50], "seed": 19, "multimodal": true}
Epoch	Loss	Precision@5	Recall@5	NDCG@5	Precision@10	Recall@10	NDCG@10	Precision@20	Recall@20	NDCG@20	Precision@50	Recall@50	NDCG@50
1	0.6927	0.0031	0.003	0.0037	0.0028	0.0052	0.0043	0.0025	0.0088	0.0058	0.0024	0.0197	0.0096
2	0.6815	0.0107	0.0096	0.0131	0.0079	0.0137	0.0133	0.006	0.0202	0.016	0.0045	0.0365	0.0217
3	0.6706	0.0203	0.0176	0.0258	0.0148	0.0242	0.0254	0.0109	0.0352	0.0297	0.0071	0.0561	0.0372
4	0.6579	0.0314	0.0253	0.0389	0.0235	0.0376	0.0387	0.0164	0.0516	0.0441	0.01	0.0766	0.0532
5	0.6417	0.0428	0.034	0.052	0.0317	0.0493	0.0509	0.0224	0.0685	0.0583	0.0135	0.1027	0.0706
6	0.6213	0.0504	0.0386	0.0604	0.0378	0.0575	0.0595	0.0274	0.0825	0.0693	0.0167	0.1256	0.0848
7	0.5961	0.0557	0.0422	0.0667	0.0421	0.0627	0.0656	0.0309	0.0919	0.0769	0.0195	0.1443	0.0959
8	0.5656	0.0592	0.0448	0.071	0.0449	0.0666	0.0698	0.033	0.0981	0.0818	0.0215	0.1595	0.104
9	0.5304	0.0616	0.0473	0.0733	0.0465	0.0694	0.0717	0.0348	0.1037	0.085	0.0229	0.169	0.1088
10	0.4911	0.0632	0.0476	0.0744	0.0475	0.0708	0.073	0.0358	0.1065	0.087	0.024	0.1776	0.1127
11	0.4502	0.0635	0.0482	0.0747	0.0483	0.0715	0.0736	0.0365	0.1083	0.088	0.0247	0.1816	0.1146
12	0.4095	0.0639	0.0481	0.0747	0.0489	0.0734	0.0743	0.0369	0.1088	0.0884	0.0252	0.1852	0.1161
13	0.3703	0.0644	0.0485	0.076	0.0493	0.0736	0.0753	0.0374	0.1097	0.0897	0.0257	0.1883	0.1182
14	0.3343	0.065	0.0487	0.0763	0.0494	0.074	0.0755	0.0377	0.1103	0.0901	0.0261	0.191	0.1193
15	0.3012	0.0655	0.0488	0.0768	0.0499	0.0751	0.0762	0.0378	0.1111	0.0907	0.0263	0.1924	0.1202
16	0.2716	0.0658	0.0493	0.0772	0.0504	0.0752	0.0767	0.0381	0.1117	0.0912	0.0265	0.1932	0.1209
17	0.2472	0.0653	0.0489	0.0773	0.0501	0.0755	0.0771	0.0384	0.1125	0.0921	0.0266	0.1941	0.1218
18	0.2242	0.0657	0.0496	0.078	0.0507	0.0763	0.0779	0.0388	0.1134	0.0929	0.0269	0.1965	0.123
19	0.2035	0.0668	0.0504	0.0788	0.0511	0.0771	0.0784	0.0391	0.1144	0.0935	0.0271	0.1972	0.1236
20	0.1870	0.0671	0.0512	0.0792	0.0511	0.0768	0.0786	0.0394	0.1152	0.0942	0.0272	0.1981	0.1243
21	0.1715	0.0678	0.0516	0.0798	0.0517	0.0775	0.0791	0.0397	0.1167	0.0949	0.0274	0.199	0.125
22	0.1584	0.0682	0.052	0.0802	0.0519	0.0779	0.0795	0.0399	0.1174	0.0954	0.0275	0.2008	0.1258
23	0.1451	0.068	0.0521	0.08	0.0522	0.0785	0.0797	0.04	0.1178	0.0955	0.0277	0.2016	0.1262
24	0.1339	0.0686	0.0525	0.0805	0.0524	0.0788	0.08	0.04	0.1181	0.0958	0.0278	0.2026	0.1268
25	0.1245	0.0696	0.0537	0.0816	0.0529	0.0795	0.0808	0.0403	0.1197	0.0968	0.028	0.2049	0.128
26	0.1153	0.0696	0.0537	0.082	0.0529	0.0791	0.081	0.0406	0.1205	0.0974	0.0282	0.2062	0.1288
27	0.1072	0.0701	0.0543	0.0826	0.0534	0.0796	0.0816	0.0408	0.1209	0.0979	0.0283	0.207	0.1294
28	0.1003	0.0706	0.0548	0.0832	0.0532	0.0796	0.0818	0.041	0.1215	0.0985	0.0284	0.2085	0.1302
29	0.0936	0.0704	0.055	0.083	0.0537	0.0806	0.0821	0.0412	0.1224	0.0988	0.0285	0.2094	0.1305
30	0.0879	0.0703	0.0546	0.0825	0.054	0.0812	0.0822	0.0414	0.1233	0.0989	0.0285	0.2098	0.1305
31	0.0818	0.0708	0.0549	0.083	0.0544	0.0818	0.0827	0.0415	0.1241	0.0994	0.0286	0.2115	0.1313
32	0.0777	0.0715	0.0555	0.0836	0.0546	0.0822	0.0831	0.0417	0.125	0.1	0.0287	0.212	0.1318
33	0.0727	0.0718	0.0554	0.0837	0.0548	0.0824	0.0833	0.042	0.126	0.1005	0.0288	0.2123	0.1321
34	0.0673	0.0717	0.0552	0.0839	0.0556	0.0835	0.0842	0.0423	0.1268	0.1012	0.0288	0.2127	0.1326
35	0.0634	0.0719	0.0554	0.0843	0.0556	0.084	0.0845	0.0424	0.1276	0.1016	0.029	0.214	0.1333
36	0.0603	0.0719	0.0554	0.0844	0.0556	0.0842	0.0846	0.0422	0.1272	0.1015	0.029	0.2146	0.1335
37	0.0564	0.0719	0.0557	0.0843	0.0558	0.0847	0.0848	0.0425	0.128	0.1018	0.0291	0.2146	0.1336
38	0.0542	0.0717	0.0552	0.0839	0.0558	0.0848	0.0847	0.0426	0.1284	0.102	0.0292	0.2153	0.1338
39	0.0522	0.0722	0.0559	0.0847	0.0557	0.0846	0.085	0.0428	0.1292	0.1026	0.0293	0.2163	0.1345
40	0.0494	0.0724	0.0563	0.0851	0.0558	0.0849	0.0853	0.0429	0.1296	0.103	0.0293	0.2164	0.1348
41	0.0479	0.073	0.0566	0.0857	0.0558	0.0849	0.0855	0.043	0.1297	0.1033	0.0293	0.2164	0.135
42	0.0449	0.0729	0.0565	0.0855	0.0558	0.0851	0.0855	0.043	0.1299	0.1033	0.0293	0.217	0.1352
43	0.0430	0.0726	0.0563	0.0855	0.0561	0.0857	0.0859	0.0431	0.1301	0.1036	0.0294	0.2177	0.1356
44	0.0405	0.0726	0.0562	0.0857	0.0563	0.086	0.0863	0.0431	0.13	0.1038	0.0295	0.2186	0.136
45	0.0397	0.0724	0.056	0.0855	0.0565	0.0864	0.0865	0.0433	0.131	0.1042	0.0295	0.2187	0.1362
46	0.0380	0.0725	0.0562	0.0856	0.0565	0.0867	0.0865	0.0434	0.1313	0.1043	0.0296	0.2188	0.1362
47	0.0359	0.073	0.0565	0.0857	0.0565	0.0864	0.0863	0.0436	0.1318	0.1044	0.0295	0.2183	0.136
48	0.0352	0.0726	0.0564	0.0854	0.0564	0.0861	0.0861	0.0437	0.1321	0.1045	0.0295	0.2185	0.136
49	0.0342	0.0729	0.0565	0.0856	0.0564	0.0861	0.0862	0.0436	0.1318	0.1044	0.0295	0.2185	0.1361
50	0.0312	0.0733	0.057	0.0861	0.0568	0.0869	0.0867	0.0437	0.1321	0.1048	0.0295	0.2189	0.1365
51	0.0308	0.0735	0.0571	0.0863	0.0572	0.0876	0.0872	0.0437	0.1319	0.1048	0.0296	0.2199	0.1369
52	0.0296	0.0736	0.0571	0.0864	0.0574	0.0878	0.0874	0.0436	0.1319	0.1049	0.0297	0.2206	0.1372
53	0.0287	0.0735	0.0571	0.0863	0.0575	0.0884	0.0877	0.0439	0.1332	0.1055	0.0298	0.2208	0.1375
54	0.0274	0.0735	0.0571	0.0866	0.0577	0.0886	0.0881	0.0441	0.1333	0.1058	0.0298	0.2217	0.138
55	0.0269	0.0738	0.0573	0.0871	0.0575	0.0885	0.0881	0.0439	0.1333	0.1059	0.0299	0.2222	0.1384
56	0.0265	0.0733	0.0573	0.0867	0.0577	0.0886	0.0882	0.0442	0.134	0.1061	0.0298	0.2216	0.138
57	0.0254	0.0737	0.0575	0.087	0.058	0.089	0.0884	0.0442	0.1338	0.1062	0.0298	0.2219	0.1382
58	0.0247	0.0742	0.0579	0.0873	0.0577	0.0889	0.0883	0.0443	0.1347	0.1065	0.0298	0.222	0.1383
59	0.0241	0.0743	0.0581	0.0878	0.058	0.0892	0.0888	0.0445	0.1353	0.1071	0.0299	0.2225	0.1389
60	0.0232	0.0742	0.0583	0.0878	0.0579	0.0892	0.0888	0.0445	0.1354	0.1071	0.0299	0.2223	0.1389
61	0.0223	0.0745	0.0581	0.0877	0.0581	0.0897	0.0889	0.0444	0.1348	0.1069	0.0299	0.2221	0.1388
62	0.0215	0.0746	0.0582	0.0879	0.0581	0.0896	0.089	0.0445	0.1353	0.1072	0.0298	0.222	0.1389
63	0.0218	0.0745	0.0582	0.088	0.0582	0.0895	0.0891	0.0446	0.1357	0.1074	0.0299	0.2223	0.1391
64	0.0213	0.0749	0.0585	0.0882	0.0581	0.0893	0.089	0.0445	0.1353	0.1073	0.0299	0.2222	0.1391
65	0.0202	0.075	0.0586	0.0883	0.0582	0.0895	0.0892	0.0445	0.1354	0.1074	0.0299	0.2226	0.1393
66	0.0195	0.0752	0.0594	0.0889	0.0582	0.0898	0.0896	0.0446	0.1355	0.1078	0.0299	0.2231	0.1398
67	0.0193	0.0757	0.0595	0.0892	0.0586	0.0905	0.09	0.0447	0.1357	0.108	0.0299	0.2226	0.1398
68	0.0195	0.0759	0.06	0.0896	0.0584	0.0903	0.09	0.0447	0.1359	0.1082	0.03	0.2233	0.1402
69	0.0179	0.0757	0.0594	0.0894	0.0587	0.0906	0.0903	0.0448	0.1358	0.1084	0.0299	0.2228	0.1401
70	0.0179	0.0757	0.0591	0.0892	0.0588	0.0909	0.0904	0.0448	0.1357	0.1083	0.0299	0.2226	0.14
71	0.0177	0.0762	0.0598	0.0899	0.0587	0.0909	0.0906	0.0448	0.1359	0.1086	0.0299	0.2232	0.1404
72	0.0175	0.0762	0.0599	0.0898	0.0589	0.0913	0.0906	0.0449	0.1364	0.1086	0.03	0.2238	0.1404
73	0.0168	0.0763	0.0598	0.0898	0.059	0.0913	0.0907	0.0449	0.1364	0.1087	0.03	0.2242	0.1406
74	0.0172	0.0768	0.0601	0.0901	0.059	0.091	0.0906	0.045	0.1368	0.1088	0.03	0.2243	0.1406
75	0.0165	0.0764	0.0601	0.0899	0.059	0.0912	0.0907	0.045	0.1366	0.1088	0.03	0.2243	0.1407
76	0.0162	0.0761	0.06	0.0898	0.0589	0.091	0.0907	0.0451	0.1371	0.1091	0.03	0.2247	0.1409
77	0.0158	0.0761	0.06	0.09	0.0588	0.0911	0.0907	0.0452	0.1377	0.1093	0.0301	0.2258	0.1414
78	0.0154	0.0765	0.0601	0.0902	0.0589	0.0918	0.091	0.0452	0.1376	0.1094	0.0301	0.2253	0.1413
79	0.0154	0.077	0.0605	0.0905	0.059	0.0921	0.0912	0.0452	0.1377	0.1094	0.0301	0.2251	0.1413
80	0.0148	0.0774	0.0612	0.0909	0.059	0.0921	0.0912	0.0453	0.138	0.1096	0.0301	0.2251	0.1413
81	0.0151	0.0774	0.0614	0.0911	0.0592	0.0921	0.0913	0.0453	0.1383	0.1098	0.0301	0.225	0.1414
82	0.0146	0.0772	0.061	0.0905	0.0592	0.0919	0.091	0.0453	0.1383	0.1095	0.0302	0.2262	0.1414
83	0.0145	0.0772	0.061	0.0909	0.0593	0.0925	0.0915	0.0453	0.1387	0.1099	0.0303	0.2265	0.1419
84	0.0141	0.0777	0.0616	0.0913	0.0595	0.0928	0.0917	0.0454	0.139	0.1101	0.0302	0.2264	0.142
85	0.0146	0.0775	0.0614	0.0913	0.0597	0.093	0.092	0.0455	0.1392	0.1103	0.0302	0.2259	0.142
86	0.0134	0.0778	0.0614	0.0912	0.0596	0.0929	0.0918	0.0455	0.139	0.1102	0.0302	0.2263	0.1419
87	0.0129	0.0774	0.0611	0.091	0.0595	0.0929	0.0918	0.0454	0.1388	0.1101	0.0302	0.2261	0.142
88	0.0127	0.0775	0.0611	0.091	0.0595	0.0927	0.0916	0.0455	0.1389	0.1101	0.0302	0.226	0.1418
89	0.0129	0.0779	0.0615	0.0914	0.0594	0.0924	0.0916	0.0455	0.1389	0.1102	0.0302	0.2257	0.1418
90	0.0128	0.0778	0.0615	0.0914	0.0594	0.0923	0.0915	0.0456	0.139	0.1102	0.0302	0.2257	0.1418
91	0.0123	0.0775	0.0611	0.091	0.0596	0.0924	0.0916	0.0456	0.1389	0.1102	0.0302	0.2257	0.1418
92	0.0122	0.0779	0.0612	0.0913	0.0597	0.0928	0.0918	0.0456	0.1394	0.1104	0.0302	0.2257	0.1419
93	0.0126	0.0782	0.0615	0.0915	0.0596	0.0926	0.0917	0.0454	0.1384	0.1101	0.0303	0.2265	0.1422
94	0.0119	0.0778	0.0611	0.0913	0.0599	0.0933	0.0921	0.0456	0.1387	0.1103	0.0303	0.2265	0.1423
95	0.0122	0.0781	0.0617	0.0916	0.06	0.0937	0.0923	0.0457	0.1395	0.1106	0.0303	0.2271	0.1425
96	0.0118	0.0782	0.0618	0.0919	0.06	0.0939	0.0926	0.0457	0.1397	0.1108	0.0304	0.2277	0.1428
97	0.0118	0.0781	0.0617	0.0919	0.0599	0.0934	0.0923	0.0457	0.1397	0.1108	0.0303	0.2272	0.1427
98	0.0113	0.078	0.0615	0.0917	0.0598	0.0933	0.0923	0.0458	0.1397	0.1108	0.0303	0.2267	0.1425
99	0.0110	0.0781	0.0616	0.0919	0.0599	0.0933	0.0924	0.0458	0.1398	0.1108	0.0303	0.2273	0.1427
100	0.0115	0.0783	0.0617	0.092	0.0598	0.0931	0.0923	0.0458	0.1402	0.111	0.0304	0.2272	0.1427
101	0.0111	0.0783	0.0616	0.0919	0.0597	0.093	0.0922	0.0459	0.14	0.111	0.0303	0.2273	0.1428
102	0.0111	0.0781	0.0615	0.0917	0.0598	0.0932	0.0922	0.0456	0.1392	0.1106	0.0303	0.2268	0.1425
103	0.0109	0.0784	0.062	0.0921	0.0597	0.093	0.0923	0.0458	0.1397	0.1109	0.0303	0.2265	0.1426
104	0.0109	0.0782	0.0617	0.0919	0.0598	0.0934	0.0924	0.0461	0.1405	0.1112	0.0302	0.2264	0.1425
105	0.0104	0.0785	0.0618	0.0922	0.06	0.0937	0.0927	0.0461	0.1404	0.1114	0.0303	0.2269	0.1428
106	0.0109	0.0786	0.0621	0.0925	0.0601	0.0938	0.0929	0.046	0.1404	0.1115	0.0303	0.227	0.1429
107	0.0104	0.0794	0.0626	0.0934	0.06	0.0935	0.0931	0.0461	0.1405	0.1119	0.0302	0.2268	0.1432
108	0.0105	0.0797	0.0631	0.0936	0.0604	0.0941	0.0935	0.046	0.1405	0.1119	0.0303	0.2265	0.1433
109	0.0102	0.08	0.0638	0.0939	0.0607	0.0945	0.0938	0.0459	0.1398	0.1118	0.0303	0.2266	0.1434
110	0.0102	0.08	0.0637	0.0938	0.0606	0.0944	0.0937	0.0459	0.1399	0.1118	0.0303	0.2269	0.1435
111	0.0102	0.0804	0.064	0.0944	0.0607	0.0946	0.094	0.0458	0.1398	0.112	0.0304	0.2276	0.1439
112	0.0099	0.0804	0.0636	0.0943	0.0607	0.0946	0.0941	0.046	0.1402	0.1122	0.0304	0.2279	0.1441
113	0.0095	0.0805	0.0641	0.0944	0.0607	0.0942	0.0938	0.0458	0.1395	0.1119	0.0304	0.2277	0.1439
114	0.0095	0.0804	0.064	0.0942	0.0606	0.0942	0.0938	0.0458	0.1395	0.1119	0.0303	0.2277	0.1439
115	0.0097	0.0799	0.0636	0.0938	0.0607	0.0943	0.0938	0.0458	0.1394	0.1118	0.0304	0.2283	0.144
116	0.0094	0.0798	0.0636	0.0938	0.0609	0.0949	0.0941	0.0459	0.1396	0.112	0.0304	0.2284	0.1441
117	0.0099	0.08	0.0636	0.094	0.0611	0.0952	0.0943	0.0459	0.14	0.1122	0.0303	0.2284	0.1442
118	0.0094	0.0804	0.064	0.0946	0.0612	0.0952	0.0946	0.0458	0.1394	0.1122	0.0304	0.2282	0.1445
119	0.0095	0.0802	0.0638	0.0945	0.0612	0.0954	0.0948	0.0459	0.1401	0.1126	0.0303	0.2272	0.1443
120	0.0098	0.0803	0.0638	0.0946	0.0612	0.0955	0.0948	0.046	0.1402	0.1126	0.0304	0.2273	0.1444
121	0.0096	0.0802	0.0636	0.0944	0.0612	0.0956	0.0948	0.0459	0.1403	0.1125	0.0304	0.2278	0.1444
122	0.0093	0.0804	0.0637	0.0943	0.0611	0.0955	0.0945	0.0459	0.1399	0.1122	0.0304	0.2283	0.1444
123	0.0093	0.0808	0.0639	0.0946	0.0613	0.0959	0.0948	0.0457	0.1395	0.1121	0.0304	0.2287	0.1445
124	0.0091	0.081	0.0642	0.095	0.0613	0.096	0.0951	0.0458	0.1399	0.1125	0.0304	0.2289	0.1447
125	0.0088	0.0812	0.0643	0.095	0.0613	0.0959	0.0949	0.0456	0.1397	0.1123	0.0304	0.2284	0.1446
126	0.0092	0.0809	0.0644	0.0952	0.0613	0.0958	0.095	0.0458	0.14	0.1126	0.0304	0.2282	0.1446
127	0.0094	0.0811	0.0647	0.0955	0.0612	0.0958	0.0951	0.0457	0.1398	0.1126	0.0304	0.2282	0.1447
128	0.0092	0.081	0.0647	0.0953	0.0611	0.0957	0.095	0.0456	0.1394	0.1124	0.0304	0.2279	0.1447
129	0.0090	0.0813	0.0648	0.0954	0.0611	0.0957	0.095	0.0458	0.14	0.1126	0.0304	0.2282	0.1447
130	0.0092	0.0808	0.0646	0.0951	0.0611	0.0956	0.0949	0.0459	0.1402	0.1126	0.0304	0.2287	0.1448
131	0.0089	0.0809	0.0646	0.0948	0.0612	0.0957	0.0947	0.0459	0.14	0.1124	0.0304	0.2284	0.1444
132	0.0089	0.0808	0.0643	0.0948	0.0609	0.0953	0.0945	0.0458	0.1398	0.1123	0.0304	0.2288	0.1446
133	0.0089	0.0804	0.0642	0.0947	0.0609	0.0954	0.0946	0.0459	0.1399	0.1124	0.0304	0.2285	0.1445
134	0.0089	0.0808	0.0641	0.0947	0.061	0.0958	0.0946	0.0456	0.1393	0.112	0.0303	0.2276	0.1441
135	0.0088	0.0809	0.0645	0.0948	0.061	0.0957	0.0945	0.0456	0.1396	0.112	0.0303	0.228	0.1442
136	0.0088	0.0809	0.0645	0.0948	0.061	0.0957	0.0946	0.0456	0.1397	0.1121	0.0302	0.2274	0.1441
137	0.0083	0.0808	0.0645	0.0948	0.0612	0.0955	0.0946	0.0458	0.1399	0.1123	0.0302	0.2274	0.1441
138	0.0089	0.0808	0.0646	0.0948	0.0611	0.0952	0.0946	0.0458	0.1402	0.1124	0.0303	0.2276	0.1442
139	0.0090	0.0807	0.0645	0.0947	0.061	0.0953	0.0946	0.0458	0.1401	0.1124	0.0303	0.2279	0.1443
140	0.0087	0.0813	0.0647	0.095	0.0612	0.0954	0.0947	0.046	0.1404	0.1126	0.0303	0.2286	0.1445
141	0.0085	0.0806	0.0641	0.0945	0.0609	0.0948	0.0944	0.0459	0.1404	0.1125	0.0303	0.2286	0.1444
142	0.0081	0.08	0.0635	0.0941	0.0612	0.0954	0.0946	0.046	0.1405	0.1126	0.0303	0.2283	0.1444
143	0.0086	0.0799	0.0636	0.0939	0.0612	0.0955	0.0945	0.046	0.1408	0.1125	0.0303	0.2281	0.1442
144	0.0084	0.0805	0.0641	0.0943	0.0611	0.0953	0.0944	0.0461	0.141	0.1127	0.0303	0.228	0.1442
145	0.0080	0.0806	0.0641	0.0943	0.0612	0.0948	0.0944	0.0461	0.1413	0.1128	0.0303	0.228	0.1443
146	0.0083	0.08	0.0636	0.0941	0.0613	0.0951	0.0947	0.0462	0.141	0.1129	0.0302	0.2277	0.1443
147	0.0084	0.0802	0.0636	0.0942	0.0612	0.0953	0.0947	0.0462	0.1414	0.113	0.0302	0.2273	0.1442
148	0.0083	0.0807	0.064	0.0948	0.0613	0.0955	0.0951	0.0461	0.141	0.1131	0.0301	0.2273	0.1444
149	0.0084	0.0807	0.0641	0.0947	0.061	0.0948	0.0946	0.046	0.141	0.1129	0.0301	0.2274	0.1442
150	0.0079	0.0804	0.064	0.0946	0.0613	0.0955	0.095	0.046	0.1411	0.1131	0.0301	0.2275	0.1444
