{"n_layers": 1, "device": "cuda", "batch_size": 2048, "embedding_dim": 64, "learning_rate": 0.001, "dataset": "dbbook", "epochs": 150, "top_k": 10, "multimodal": false, "datasets": {"dbbook": ["images", "text"], "ml1m": ["audio", "images", "text", "video"]}}
Epoch	Loss	Recall	Precision	NDCG
1	0.6926	0.0138	0.0099	0.0144
2	0.6910	0.0314	0.0227	0.0287
3	0.6864	0.0374	0.0262	0.0325
4	0.6753	0.0378	0.0266	0.0333
5	0.6544	0.0372	0.0263	0.0331
6	0.6231	0.0355	0.0255	0.0320
7	0.5836	0.0356	0.0255	0.0321
8	0.5401	0.0351	0.0252	0.0317
9	0.4971	0.0349	0.0250	0.0316
10	0.4567	0.0348	0.0249	0.0315
11	0.4223	0.0349	0.0250	0.0315
12	0.3938	0.0354	0.0254	0.0319
13	0.3706	0.0355	0.0255	0.0320
14	0.3481	0.0363	0.0259	0.0326
15	0.3292	0.0370	0.0263	0.0332
16	0.3123	0.0375	0.0267	0.0335
17	0.2958	0.0383	0.0271	0.0342
18	0.2848	0.0390	0.0275	0.0347
19	0.2743	0.0400	0.0280	0.0356
20	0.2611	0.0407	0.0287	0.0362
21	0.2538	0.0412	0.0291	0.0367
22	0.2424	0.0416	0.0294	0.0372
23	0.2323	0.0422	0.0299	0.0377
24	0.2270	0.0429	0.0302	0.0384
25	0.2173	0.0430	0.0303	0.0388
26	0.2097	0.0439	0.0309	0.0396
27	0.2044	0.0448	0.0313	0.0403
28	0.1957	0.0452	0.0316	0.0407
29	0.1901	0.0457	0.0320	0.0412
30	0.1832	0.0458	0.0319	0.0413
31	0.1789	0.0460	0.0321	0.0418
32	0.1726	0.0465	0.0325	0.0424
33	0.1662	0.0474	0.0330	0.0429
34	0.1651	0.0475	0.0331	0.0431
35	0.1570	0.0479	0.0333	0.0434
36	0.1530	0.0477	0.0332	0.0434
37	0.1493	0.0479	0.0334	0.0436
38	0.1438	0.0481	0.0335	0.0439
39	0.1418	0.0484	0.0337	0.0442
40	0.1395	0.0492	0.0341	0.0447
41	0.1334	0.0498	0.0345	0.0453
42	0.1296	0.0500	0.0347	0.0456
43	0.1285	0.0504	0.0349	0.0461
44	0.1238	0.0508	0.0352	0.0465
45	0.1206	0.0515	0.0355	0.0470
46	0.1158	0.0516	0.0356	0.0473
47	0.1126	0.0526	0.0361	0.0482
48	0.1098	0.0534	0.0364	0.0488
49	0.1093	0.0537	0.0367	0.0490
50	0.1081	0.0543	0.0370	0.0496
51	0.1046	0.0546	0.0371	0.0498
52	0.1011	0.0552	0.0373	0.0500
53	0.0991	0.0559	0.0376	0.0506
54	0.0944	0.0561	0.0378	0.0509
55	0.0926	0.0565	0.0379	0.0511
56	0.0904	0.0569	0.0379	0.0512
57	0.0901	0.0567	0.0380	0.0514
58	0.0874	0.0571	0.0381	0.0516
59	0.0841	0.0573	0.0384	0.0520
60	0.0828	0.0575	0.0385	0.0522
61	0.0813	0.0573	0.0385	0.0523
62	0.0791	0.0574	0.0386	0.0525
63	0.0778	0.0574	0.0387	0.0525
64	0.0789	0.0574	0.0386	0.0527
65	0.0750	0.0575	0.0387	0.0529
66	0.0719	0.0576	0.0388	0.0531
67	0.0711	0.0575	0.0388	0.0531
68	0.0712	0.0576	0.0389	0.0533
69	0.0695	0.0577	0.0390	0.0535
70	0.0674	0.0579	0.0392	0.0537
71	0.0687	0.0580	0.0392	0.0539
72	0.0644	0.0580	0.0393	0.0540
73	0.0651	0.0582	0.0394	0.0541
74	0.0632	0.0581	0.0392	0.0541
75	0.0607	0.0581	0.0393	0.0542
76	0.0607	0.0581	0.0394	0.0542
77	0.0596	0.0585	0.0396	0.0545
78	0.0586	0.0587	0.0398	0.0548
79	0.0583	0.0590	0.0399	0.0550
80	0.0550	0.0594	0.0402	0.0553
81	0.0557	0.0592	0.0401	0.0552
82	0.0556	0.0595	0.0402	0.0555
83	0.0536	0.0596	0.0403	0.0557
84	0.0527	0.0596	0.0404	0.0559
85	0.0521	0.0599	0.0405	0.0559
86	0.0529	0.0601	0.0405	0.0559
87	0.0501	0.0602	0.0405	0.0561
88	0.0497	0.0605	0.0408	0.0564
89	0.0479	0.0603	0.0409	0.0564
90	0.0492	0.0609	0.0411	0.0567
91	0.0481	0.0610	0.0414	0.0572
92	0.0477	0.0616	0.0416	0.0574
93	0.0460	0.0613	0.0414	0.0574
94	0.0468	0.0612	0.0414	0.0575
95	0.0449	0.0610	0.0414	0.0575
96	0.0445	0.0615	0.0415	0.0578
97	0.0451	0.0617	0.0416	0.0580
98	0.0426	0.0614	0.0414	0.0579
99	0.0416	0.0622	0.0420	0.0585
100	0.0419	0.0626	0.0422	0.0587
101	0.0408	0.0622	0.0420	0.0586
102	0.0412	0.0623	0.0422	0.0586
103	0.0408	0.0624	0.0422	0.0588
104	0.0412	0.0627	0.0424	0.0589
105	0.0386	0.0626	0.0424	0.0592
106	0.0384	0.0627	0.0425	0.0594
107	0.0362	0.0628	0.0426	0.0595
108	0.0372	0.0628	0.0425	0.0595
109	0.0368	0.0628	0.0424	0.0595
110	0.0365	0.0629	0.0425	0.0597
111	0.0361	0.0630	0.0425	0.0597
112	0.0368	0.0631	0.0425	0.0598
113	0.0350	0.0632	0.0427	0.0599
114	0.0364	0.0634	0.0428	0.0601
115	0.0348	0.0635	0.0428	0.0601
116	0.0351	0.0633	0.0427	0.0600
117	0.0325	0.0636	0.0430	0.0603
118	0.0322	0.0636	0.0430	0.0603
119	0.0331	0.0638	0.0431	0.0607
120	0.0330	0.0636	0.0430	0.0607
121	0.0314	0.0636	0.0429	0.0608
122	0.0306	0.0640	0.0430	0.0610
123	0.0316	0.0639	0.0431	0.0612
124	0.0316	0.0641	0.0431	0.0614
125	0.0320	0.0642	0.0431	0.0614
126	0.0297	0.0642	0.0431	0.0616
127	0.0294	0.0641	0.0431	0.0614
128	0.0296	0.0642	0.0431	0.0615
129	0.0288	0.0640	0.0430	0.0614
130	0.0290	0.0642	0.0431	0.0616
131	0.0283	0.0638	0.0429	0.0613
132	0.0290	0.0638	0.0428	0.0612
133	0.0292	0.0641	0.0430	0.0615
134	0.0289	0.0645	0.0430	0.0617
135	0.0280	0.0647	0.0431	0.0618
136	0.0266	0.0651	0.0434	0.0621
137	0.0261	0.0649	0.0433	0.0620
138	0.0280	0.0646	0.0432	0.0618
139	0.0273	0.0648	0.0432	0.0620
140	0.0258	0.0649	0.0432	0.0620
141	0.0261	0.0648	0.0432	0.0620
142	0.0260	0.0649	0.0431	0.0619
143	0.0246	0.0648	0.0431	0.0619
144	0.0253	0.0652	0.0433	0.0621
145	0.0249	0.0653	0.0434	0.0622
146	0.0253	0.0657	0.0434	0.0621
147	0.0250	0.0654	0.0432	0.0619
148	0.0243	0.0648	0.0429	0.0619
149	0.0238	0.0650	0.0431	0.0620
150	0.0241	0.0648	0.0430	0.0618
