{"n_layers": 1, "device": "cuda", "batch_size": 2048, "embedding_dim": 64, "learning_rate": 0.001, "dataset": "dbbook", "epochs": 150, "top_k": 50, "multimodal": true, "datasets": {"dbbook": ["images", "text"], "ml1m": ["audio", "images", "text", "video"]}}
Epoch	Loss	Recall	Precision	NDCG
1	0.6928	0.0233	0.0030	0.0115
2	0.6914	0.0586	0.0077	0.0341
3	0.6894	0.0983	0.0133	0.0597
4	0.6861	0.1289	0.0177	0.0760
5	0.6808	0.1453	0.0203	0.0840
6	0.6726	0.1510	0.0214	0.0871
7	0.6607	0.1545	0.0220	0.0872
8	0.6445	0.1537	0.0219	0.0857
9	0.6242	0.1532	0.0218	0.0845
10	0.6002	0.1526	0.0217	0.0837
11	0.5739	0.1519	0.0216	0.0827
12	0.5455	0.1495	0.0214	0.0813
13	0.5181	0.1481	0.0213	0.0801
14	0.4896	0.1481	0.0213	0.0796
15	0.4649	0.1479	0.0213	0.0791
16	0.4402	0.1468	0.0212	0.0784
17	0.4184	0.1472	0.0212	0.0784
18	0.3973	0.1472	0.0213	0.0784
19	0.3807	0.1476	0.0213	0.0787
20	0.3631	0.1475	0.0213	0.0788
21	0.3455	0.1478	0.0214	0.0788
22	0.3327	0.1480	0.0214	0.0789
23	0.3195	0.1489	0.0215	0.0793
24	0.3074	0.1492	0.0216	0.0795
25	0.2962	0.1499	0.0217	0.0798
26	0.2872	0.1505	0.0217	0.0801
27	0.2772	0.1514	0.0218	0.0805
28	0.2677	0.1523	0.0219	0.0810
29	0.2583	0.1529	0.0220	0.0813
30	0.2520	0.1538	0.0221	0.0819
31	0.2442	0.1545	0.0222	0.0823
32	0.2372	0.1552	0.0223	0.0829
33	0.2310	0.1557	0.0224	0.0833
34	0.2250	0.1565	0.0224	0.0839
35	0.2178	0.1571	0.0225	0.0843
36	0.2141	0.1579	0.0226	0.0849
37	0.2080	0.1587	0.0227	0.0854
38	0.2031	0.1590	0.0228	0.0859
39	0.1966	0.1596	0.0228	0.0861
40	0.1919	0.1601	0.0229	0.0865
41	0.1861	0.1612	0.0230	0.0871
42	0.1839	0.1626	0.0232	0.0879
43	0.1796	0.1629	0.0233	0.0883
44	0.1750	0.1639	0.0233	0.0886
45	0.1701	0.1643	0.0234	0.0890
46	0.1682	0.1655	0.0235	0.0896
47	0.1637	0.1664	0.0236	0.0900
48	0.1623	0.1678	0.0237	0.0907
49	0.1596	0.1686	0.0238	0.0913
50	0.1560	0.1695	0.0239	0.0917
51	0.1501	0.1697	0.0240	0.0919
52	0.1492	0.1703	0.0240	0.0924
53	0.1465	0.1703	0.0241	0.0925
54	0.1431	0.1711	0.0241	0.0928
55	0.1394	0.1722	0.0242	0.0934
56	0.1364	0.1724	0.0243	0.0937
57	0.1349	0.1730	0.0244	0.0942
58	0.1311	0.1740	0.0245	0.0947
59	0.1291	0.1745	0.0246	0.0949
60	0.1272	0.1754	0.0246	0.0951
61	0.1247	0.1759	0.0247	0.0955
62	0.1229	0.1764	0.0248	0.0958
63	0.1209	0.1767	0.0248	0.0961
64	0.1181	0.1770	0.0248	0.0965
65	0.1142	0.1776	0.0249	0.0970
66	0.1144	0.1784	0.0250	0.0973
67	0.1117	0.1791	0.0251	0.0978
68	0.1096	0.1793	0.0251	0.0982
69	0.1097	0.1800	0.0252	0.0987
70	0.1064	0.1809	0.0253	0.0990
71	0.1061	0.1815	0.0254	0.0995
72	0.1043	0.1829	0.0255	0.1001
73	0.1010	0.1840	0.0256	0.1006
74	0.0948	0.1843	0.0257	0.1008
75	0.1003	0.1840	0.0257	0.1009
76	0.0967	0.1848	0.0257	0.1012
77	0.0924	0.1853	0.0258	0.1013
78	0.0932	0.1855	0.0258	0.1015
79	0.0917	0.1857	0.0258	0.1018
80	0.0913	0.1864	0.0259	0.1021
81	0.0893	0.1870	0.0260	0.1025
82	0.0852	0.1873	0.0260	0.1026
83	0.0881	0.1877	0.0260	0.1030
84	0.0848	0.1881	0.0261	0.1034
85	0.0850	0.1886	0.0262	0.1037
86	0.0827	0.1888	0.0262	0.1040
87	0.0841	0.1896	0.0262	0.1042
88	0.0827	0.1901	0.0263	0.1046
89	0.0793	0.1900	0.0263	0.1047
90	0.0788	0.1902	0.0263	0.1047
91	0.0772	0.1905	0.0263	0.1048
92	0.0773	0.1909	0.0264	0.1052
93	0.0738	0.1912	0.0264	0.1052
94	0.0736	0.1914	0.0264	0.1054
95	0.0745	0.1919	0.0264	0.1058
96	0.0716	0.1925	0.0265	0.1062
97	0.0717	0.1929	0.0266	0.1065
98	0.0705	0.1934	0.0266	0.1067
99	0.0696	0.1936	0.0266	0.1071
100	0.0688	0.1938	0.0267	0.1073
101	0.0673	0.1944	0.0267	0.1076
102	0.0685	0.1950	0.0268	0.1081
103	0.0656	0.1949	0.0268	0.1082
104	0.0631	0.1952	0.0268	0.1084
105	0.0665	0.1955	0.0268	0.1086
106	0.0619	0.1953	0.0268	0.1087
107	0.0641	0.1956	0.0268	0.1089
108	0.0623	0.1953	0.0268	0.1088
109	0.0615	0.1958	0.0268	0.1090
110	0.0607	0.1962	0.0269	0.1093
111	0.0615	0.1969	0.0270	0.1095
112	0.0588	0.1974	0.0270	0.1097
113	0.0601	0.1976	0.0270	0.1099
114	0.0570	0.1982	0.0271	0.1103
115	0.0603	0.1978	0.0270	0.1104
116	0.0577	0.1980	0.0271	0.1107
117	0.0586	0.1981	0.0271	0.1108
118	0.0549	0.1980	0.0271	0.1109
119	0.0554	0.1982	0.0271	0.1110
120	0.0545	0.1981	0.0271	0.1110
121	0.0542	0.1985	0.0271	0.1111
122	0.0549	0.1988	0.0272	0.1113
123	0.0531	0.1988	0.0272	0.1116
124	0.0504	0.1990	0.0272	0.1118
125	0.0530	0.1995	0.0272	0.1120
126	0.0516	0.1989	0.0271	0.1120
127	0.0519	0.1998	0.0272	0.1123
128	0.0499	0.1994	0.0272	0.1122
129	0.0489	0.1995	0.0272	0.1123
130	0.0490	0.1998	0.0272	0.1124
131	0.0479	0.1997	0.0272	0.1125
132	0.0488	0.2000	0.0272	0.1126
133	0.0480	0.2001	0.0272	0.1128
134	0.0467	0.2006	0.0273	0.1129
135	0.0462	0.2009	0.0273	0.1131
136	0.0470	0.2007	0.0273	0.1131
137	0.0443	0.2006	0.0273	0.1131
138	0.0448	0.2008	0.0273	0.1132
139	0.0444	0.2012	0.0273	0.1133
140	0.0456	0.2014	0.0273	0.1134
141	0.0444	0.2016	0.0274	0.1136
142	0.0423	0.2013	0.0273	0.1136
143	0.0426	0.2013	0.0273	0.1135
144	0.0419	0.2014	0.0273	0.1136
145	0.0421	0.2011	0.0272	0.1135
146	0.0420	0.2009	0.0272	0.1135
147	0.0421	0.2008	0.0272	0.1135
148	0.0409	0.2016	0.0273	0.1137
149	0.0403	0.2011	0.0272	0.1136
150	0.0409	0.2015	0.0272	0.1137
