{"n_layers": 0, "device": "cuda", "batch_size": 2048, "embedding_dim": 64, "learning_rate": 0.0005, "dataset": "dbbook", "epochs": 150, "top_k": 50, "multimodal": true, "datasets": {"dbbook": ["images", "text"], "ml1m": ["audio", "images", "text", "video"]}}
Epoch	Loss	Recall	Precision	NDCG
1	0.6931	0.0101	0.0013	0.0045
2	0.6925	0.0125	0.0015	0.0054
3	0.6919	0.0160	0.0019	0.0069
4	0.6913	0.0205	0.0025	0.0097
5	0.6907	0.0262	0.0032	0.0134
6	0.6899	0.0332	0.0041	0.0186
7	0.6891	0.0426	0.0054	0.0251
8	0.6881	0.0524	0.0068	0.0322
9	0.6869	0.0630	0.0083	0.0395
10	0.6855	0.0753	0.0100	0.0474
11	0.6839	0.0870	0.0117	0.0550
12	0.6819	0.0968	0.0132	0.0614
13	0.6798	0.1069	0.0146	0.0668
14	0.6772	0.1150	0.0157	0.0715
15	0.6743	0.1219	0.0168	0.0759
16	0.6710	0.1272	0.0177	0.0793
17	0.6672	0.1320	0.0184	0.0820
18	0.6629	0.1374	0.0192	0.0846
19	0.6581	0.1414	0.0197	0.0865
20	0.6528	0.1443	0.0202	0.0883
21	0.6472	0.1467	0.0205	0.0898
22	0.6408	0.1491	0.0209	0.0909
23	0.6340	0.1504	0.0211	0.0919
24	0.6267	0.1522	0.0214	0.0927
25	0.6189	0.1544	0.0216	0.0937
26	0.6109	0.1553	0.0218	0.0943
27	0.6025	0.1562	0.0219	0.0948
28	0.5930	0.1581	0.0222	0.0956
29	0.5839	0.1594	0.0224	0.0963
30	0.5744	0.1597	0.0224	0.0964
31	0.5649	0.1605	0.0225	0.0969
32	0.5549	0.1613	0.0226	0.0975
33	0.5446	0.1618	0.0226	0.0977
34	0.5349	0.1622	0.0227	0.0979
35	0.5243	0.1624	0.0227	0.0980
36	0.5147	0.1631	0.0228	0.0983
37	0.5046	0.1630	0.0229	0.0983
38	0.4943	0.1633	0.0229	0.0985
39	0.4844	0.1634	0.0229	0.0984
40	0.4758	0.1641	0.0229	0.0988
41	0.4656	0.1649	0.0230	0.0991
42	0.4566	0.1654	0.0231	0.0993
43	0.4470	0.1653	0.0231	0.0993
44	0.4383	0.1662	0.0232	0.0996
45	0.4293	0.1668	0.0232	0.0999
46	0.4208	0.1671	0.0233	0.1000
47	0.4134	0.1673	0.0233	0.1001
48	0.4048	0.1679	0.0234	0.1002
49	0.3963	0.1683	0.0234	0.1004
50	0.3897	0.1685	0.0235	0.1005
51	0.3820	0.1683	0.0235	0.1008
52	0.3749	0.1687	0.0235	0.1008
53	0.3674	0.1688	0.0235	0.1009
54	0.3606	0.1691	0.0236	0.1010
55	0.3556	0.1692	0.0236	0.1011
56	0.3477	0.1695	0.0236	0.1012
57	0.3419	0.1694	0.0237	0.1014
58	0.3372	0.1697	0.0237	0.1015
59	0.3310	0.1703	0.0237	0.1019
60	0.3236	0.1702	0.0237	0.1019
61	0.3212	0.1706	0.0238	0.1020
62	0.3143	0.1706	0.0238	0.1020
63	0.3083	0.1710	0.0238	0.1020
64	0.3048	0.1711	0.0238	0.1021
65	0.3017	0.1716	0.0239	0.1023
66	0.2957	0.1713	0.0239	0.1023
67	0.2918	0.1722	0.0240	0.1026
68	0.2868	0.1726	0.0240	0.1027
69	0.2826	0.1729	0.0240	0.1028
70	0.2780	0.1732	0.0240	0.1030
71	0.2751	0.1735	0.0241	0.1032
72	0.2717	0.1742	0.0241	0.1036
73	0.2663	0.1743	0.0241	0.1037
74	0.2622	0.1743	0.0242	0.1038
75	0.2597	0.1743	0.0242	0.1038
76	0.2554	0.1745	0.0242	0.1040
77	0.2519	0.1748	0.0242	0.1041
78	0.2474	0.1751	0.0243	0.1042
79	0.2441	0.1748	0.0242	0.1043
80	0.2416	0.1752	0.0243	0.1044
81	0.2362	0.1754	0.0243	0.1046
82	0.2362	0.1756	0.0243	0.1047
83	0.2326	0.1761	0.0244	0.1048
84	0.2295	0.1763	0.0244	0.1046
85	0.2271	0.1763	0.0244	0.1047
86	0.2232	0.1764	0.0245	0.1048
87	0.2210	0.1766	0.0245	0.1048
88	0.2165	0.1766	0.0245	0.1049
89	0.2159	0.1774	0.0245	0.1053
90	0.2123	0.1773	0.0245	0.1053
91	0.2095	0.1781	0.0246	0.1056
92	0.2070	0.1781	0.0246	0.1055
93	0.2061	0.1782	0.0246	0.1057
94	0.2021	0.1784	0.0247	0.1058
95	0.1998	0.1789	0.0247	0.1061
96	0.1975	0.1784	0.0247	0.1059
97	0.1952	0.1792	0.0248	0.1062
98	0.1922	0.1790	0.0247	0.1062
99	0.1906	0.1796	0.0248	0.1064
100	0.1872	0.1796	0.0248	0.1065
101	0.1857	0.1803	0.0249	0.1068
102	0.1836	0.1803	0.0249	0.1068
103	0.1832	0.1804	0.0249	0.1069
104	0.1806	0.1809	0.0250	0.1070
105	0.1780	0.1814	0.0250	0.1072
106	0.1755	0.1815	0.0250	0.1073
107	0.1721	0.1818	0.0251	0.1074
108	0.1733	0.1818	0.0251	0.1075
109	0.1690	0.1821	0.0251	0.1076
110	0.1666	0.1822	0.0251	0.1076
111	0.1663	0.1823	0.0251	0.1078
112	0.1656	0.1824	0.0251	0.1078
113	0.1640	0.1829	0.0252	0.1081
114	0.1610	0.1829	0.0252	0.1082
115	0.1593	0.1833	0.0252	0.1084
116	0.1556	0.1831	0.0252	0.1084
117	0.1537	0.1830	0.0252	0.1085
118	0.1521	0.1834	0.0252	0.1087
119	0.1508	0.1836	0.0252	0.1089
120	0.1509	0.1832	0.0252	0.1089
121	0.1483	0.1836	0.0252	0.1092
122	0.1476	0.1836	0.0252	0.1093
123	0.1470	0.1839	0.0253	0.1095
124	0.1452	0.1834	0.0252	0.1094
125	0.1427	0.1834	0.0252	0.1093
126	0.1395	0.1834	0.0253	0.1095
127	0.1382	0.1839	0.0253	0.1097
128	0.1366	0.1839	0.0253	0.1097
129	0.1351	0.1842	0.0253	0.1097
130	0.1361	0.1842	0.0253	0.1097
131	0.1341	0.1846	0.0254	0.1099
132	0.1311	0.1846	0.0254	0.1100
133	0.1318	0.1847	0.0254	0.1101
134	0.1291	0.1847	0.0254	0.1102
135	0.1293	0.1847	0.0254	0.1102
136	0.1279	0.1852	0.0255	0.1103
137	0.1253	0.1855	0.0255	0.1104
138	0.1261	0.1853	0.0255	0.1104
139	0.1222	0.1854	0.0255	0.1103
140	0.1229	0.1859	0.0255	0.1106
141	0.1211	0.1866	0.0256	0.1108
142	0.1203	0.1868	0.0256	0.1109
143	0.1157	0.1865	0.0256	0.1107
144	0.1168	0.1872	0.0257	0.1110
145	0.1164	0.1874	0.0257	0.1111
146	0.1136	0.1875	0.0257	0.1112
147	0.1126	0.1874	0.0257	0.1112
148	0.1132	0.1875	0.0257	0.1113
149	0.1112	0.1876	0.0257	0.1115
150	0.1099	0.1881	0.0258	0.1116
