{"n_layers": 0, "device": "cuda", "batch_size": 2048, "embedding_dim": 128, "learning_rate": 0.001, "dataset": "dbbook", "epochs": 150, "top_k": 10, "multimodal": true, "datasets": {"dbbook": ["images", "text"], "ml1m": ["audio", "images", "text", "video"]}}
Epoch	Loss	Recall	Precision	NDCG
1	0.6930	0.0030	0.0019	0.0023
2	0.6904	0.0059	0.0039	0.0050
3	0.6879	0.0138	0.0084	0.0134
4	0.6846	0.0253	0.0162	0.0256
5	0.6804	0.0353	0.0234	0.0360
6	0.6748	0.0430	0.0286	0.0437
7	0.6672	0.0486	0.0328	0.0494
8	0.6574	0.0524	0.0353	0.0530
9	0.6448	0.0546	0.0372	0.0556
10	0.6294	0.0572	0.0388	0.0578
11	0.6105	0.0589	0.0398	0.0591
12	0.5890	0.0596	0.0404	0.0597
13	0.5649	0.0598	0.0410	0.0603
14	0.5388	0.0604	0.0412	0.0606
15	0.5121	0.0608	0.0414	0.0613
16	0.4848	0.0607	0.0415	0.0612
17	0.4580	0.0607	0.0414	0.0612
18	0.4325	0.0609	0.0415	0.0613
19	0.4087	0.0612	0.0417	0.0615
20	0.3847	0.0617	0.0418	0.0619
21	0.3654	0.0618	0.0419	0.0621
22	0.3456	0.0621	0.0420	0.0624
23	0.3284	0.0622	0.0419	0.0624
24	0.3120	0.0623	0.0422	0.0629
25	0.2967	0.0628	0.0425	0.0630
26	0.2839	0.0635	0.0428	0.0635
27	0.2707	0.0639	0.0431	0.0639
28	0.2576	0.0642	0.0432	0.0640
29	0.2477	0.0647	0.0435	0.0643
30	0.2386	0.0646	0.0436	0.0646
31	0.2259	0.0648	0.0437	0.0648
32	0.2164	0.0652	0.0438	0.0651
33	0.2101	0.0658	0.0442	0.0656
34	0.2018	0.0664	0.0445	0.0659
35	0.1937	0.0667	0.0446	0.0663
36	0.1884	0.0669	0.0448	0.0664
37	0.1808	0.0669	0.0447	0.0663
38	0.1744	0.0672	0.0450	0.0665
39	0.1666	0.0679	0.0453	0.0669
40	0.1620	0.0682	0.0455	0.0672
41	0.1552	0.0681	0.0454	0.0670
42	0.1496	0.0679	0.0454	0.0670
43	0.1443	0.0683	0.0455	0.0672
44	0.1412	0.0687	0.0457	0.0676
45	0.1369	0.0692	0.0459	0.0679
46	0.1314	0.0697	0.0463	0.0681
47	0.1272	0.0698	0.0463	0.0683
48	0.1237	0.0697	0.0464	0.0683
49	0.1193	0.0700	0.0465	0.0685
50	0.1159	0.0707	0.0469	0.0689
51	0.1123	0.0707	0.0470	0.0691
52	0.1095	0.0706	0.0468	0.0691
53	0.1062	0.0706	0.0468	0.0690
54	0.1025	0.0707	0.0470	0.0691
55	0.0995	0.0704	0.0467	0.0689
56	0.0963	0.0709	0.0470	0.0693
57	0.0952	0.0708	0.0471	0.0695
58	0.0912	0.0711	0.0473	0.0697
59	0.0893	0.0712	0.0475	0.0700
60	0.0857	0.0718	0.0478	0.0704
61	0.0832	0.0718	0.0479	0.0705
62	0.0814	0.0720	0.0479	0.0706
63	0.0793	0.0724	0.0481	0.0708
64	0.0781	0.0724	0.0480	0.0707
65	0.0754	0.0733	0.0485	0.0710
66	0.0726	0.0736	0.0487	0.0714
67	0.0721	0.0739	0.0491	0.0716
68	0.0685	0.0737	0.0489	0.0716
69	0.0677	0.0741	0.0489	0.0718
70	0.0660	0.0740	0.0487	0.0718
71	0.0657	0.0744	0.0491	0.0722
72	0.0629	0.0745	0.0492	0.0722
73	0.0612	0.0745	0.0492	0.0723
74	0.0597	0.0748	0.0493	0.0723
75	0.0587	0.0751	0.0493	0.0726
76	0.0578	0.0745	0.0490	0.0721
77	0.0557	0.0749	0.0492	0.0725
78	0.0543	0.0750	0.0492	0.0726
79	0.0553	0.0751	0.0492	0.0727
80	0.0529	0.0750	0.0490	0.0728
81	0.0505	0.0749	0.0489	0.0727
82	0.0501	0.0753	0.0492	0.0728
83	0.0484	0.0753	0.0493	0.0730
84	0.0489	0.0753	0.0494	0.0731
85	0.0464	0.0756	0.0495	0.0733
86	0.0466	0.0756	0.0496	0.0735
87	0.0455	0.0758	0.0498	0.0735
88	0.0432	0.0758	0.0498	0.0736
89	0.0442	0.0764	0.0501	0.0739
90	0.0428	0.0766	0.0503	0.0742
91	0.0413	0.0767	0.0503	0.0745
92	0.0423	0.0770	0.0505	0.0746
93	0.0403	0.0772	0.0505	0.0745
94	0.0395	0.0776	0.0506	0.0746
95	0.0388	0.0775	0.0505	0.0745
96	0.0398	0.0777	0.0506	0.0745
97	0.0372	0.0781	0.0508	0.0750
98	0.0365	0.0786	0.0509	0.0753
99	0.0367	0.0783	0.0509	0.0752
100	0.0353	0.0784	0.0509	0.0755
101	0.0350	0.0787	0.0511	0.0759
102	0.0348	0.0791	0.0514	0.0762
103	0.0344	0.0788	0.0512	0.0764
104	0.0341	0.0788	0.0514	0.0766
105	0.0342	0.0793	0.0515	0.0767
106	0.0324	0.0792	0.0514	0.0767
107	0.0315	0.0792	0.0514	0.0767
108	0.0319	0.0793	0.0515	0.0768
109	0.0313	0.0797	0.0518	0.0771
110	0.0306	0.0805	0.0523	0.0777
111	0.0304	0.0807	0.0522	0.0778
112	0.0288	0.0808	0.0521	0.0778
113	0.0291	0.0809	0.0522	0.0779
114	0.0288	0.0810	0.0523	0.0780
115	0.0286	0.0805	0.0521	0.0777
116	0.0274	0.0806	0.0523	0.0779
117	0.0271	0.0812	0.0525	0.0781
118	0.0272	0.0810	0.0524	0.0780
119	0.0261	0.0811	0.0526	0.0782
120	0.0263	0.0815	0.0527	0.0784
121	0.0273	0.0816	0.0527	0.0785
122	0.0250	0.0819	0.0529	0.0788
123	0.0250	0.0818	0.0530	0.0789
124	0.0255	0.0819	0.0531	0.0790
125	0.0248	0.0822	0.0531	0.0790
126	0.0245	0.0821	0.0531	0.0792
127	0.0242	0.0827	0.0533	0.0797
128	0.0229	0.0824	0.0532	0.0795
129	0.0231	0.0826	0.0534	0.0798
130	0.0229	0.0826	0.0534	0.0797
131	0.0232	0.0828	0.0535	0.0798
132	0.0232	0.0829	0.0536	0.0798
133	0.0228	0.0829	0.0536	0.0799
134	0.0219	0.0829	0.0536	0.0800
135	0.0221	0.0832	0.0538	0.0804
136	0.0214	0.0833	0.0537	0.0805
137	0.0213	0.0831	0.0536	0.0805
138	0.0208	0.0830	0.0536	0.0806
139	0.0210	0.0828	0.0534	0.0804
140	0.0205	0.0830	0.0535	0.0804
141	0.0202	0.0832	0.0535	0.0804
142	0.0206	0.0833	0.0536	0.0805
143	0.0199	0.0833	0.0536	0.0805
144	0.0194	0.0830	0.0534	0.0803
145	0.0195	0.0837	0.0536	0.0808
146	0.0197	0.0836	0.0536	0.0807
147	0.0190	0.0834	0.0536	0.0806
148	0.0191	0.0836	0.0537	0.0808
149	0.0194	0.0833	0.0535	0.0805
150	0.0186	0.0834	0.0536	0.0806
