{"n_layers": 2, "device": "cuda", "batch_size": 2048, "embedding_dim": 128, "learning_rate": 0.001, "dataset": "dbbook", "epochs": 150, "top_k": 20, "multimodal": false, "datasets": {"dbbook": ["images", "text"], "ml1m": ["audio", "images", "text", "video"]}}
Epoch	Loss	Recall	Precision	NDCG
1	0.6922	0.0585	0.0207	0.0385
2	0.6873	0.0638	0.0231	0.0416
3	0.6683	0.0610	0.0227	0.0403
4	0.6246	0.0607	0.0226	0.0398
5	0.5595	0.0609	0.0225	0.0395
6	0.4907	0.0608	0.0226	0.0395
7	0.4346	0.0613	0.0228	0.0399
8	0.3912	0.0619	0.0230	0.0402
9	0.3622	0.0626	0.0231	0.0408
10	0.3427	0.0626	0.0232	0.0411
11	0.3273	0.0624	0.0231	0.0414
12	0.3120	0.0628	0.0233	0.0421
13	0.2962	0.0633	0.0234	0.0426
14	0.2890	0.0639	0.0237	0.0433
15	0.2770	0.0653	0.0242	0.0443
16	0.2638	0.0662	0.0245	0.0452
17	0.2565	0.0671	0.0247	0.0461
18	0.2461	0.0687	0.0252	0.0472
19	0.2411	0.0708	0.0257	0.0484
20	0.2326	0.0723	0.0262	0.0497
21	0.2222	0.0735	0.0266	0.0507
22	0.2133	0.0745	0.0270	0.0514
23	0.2081	0.0758	0.0274	0.0523
24	0.1996	0.0771	0.0278	0.0531
25	0.1939	0.0781	0.0282	0.0540
26	0.1822	0.0789	0.0284	0.0549
27	0.1769	0.0803	0.0288	0.0559
28	0.1728	0.0813	0.0291	0.0568
29	0.1673	0.0823	0.0295	0.0578
30	0.1617	0.0841	0.0299	0.0589
31	0.1549	0.0857	0.0304	0.0599
32	0.1522	0.0863	0.0306	0.0607
33	0.1450	0.0874	0.0308	0.0614
34	0.1411	0.0889	0.0312	0.0624
35	0.1359	0.0893	0.0313	0.0630
36	0.1326	0.0896	0.0315	0.0634
37	0.1269	0.0904	0.0317	0.0639
38	0.1254	0.0916	0.0321	0.0646
39	0.1219	0.0924	0.0323	0.0651
40	0.1175	0.0932	0.0325	0.0656
41	0.1149	0.0943	0.0328	0.0666
42	0.1122	0.0950	0.0330	0.0672
43	0.1074	0.0955	0.0333	0.0680
44	0.1034	0.0966	0.0336	0.0688
45	0.1044	0.0971	0.0338	0.0693
46	0.0991	0.0977	0.0339	0.0698
47	0.0986	0.0985	0.0341	0.0704
48	0.0950	0.0990	0.0343	0.0707
49	0.0915	0.0992	0.0344	0.0709
50	0.0933	0.1001	0.0345	0.0715
51	0.0877	0.1009	0.0347	0.0720
52	0.0855	0.1014	0.0349	0.0725
53	0.0854	0.1017	0.0349	0.0729
54	0.0811	0.1021	0.0350	0.0730
55	0.0792	0.1023	0.0351	0.0734
56	0.0789	0.1034	0.0353	0.0739
57	0.0742	0.1034	0.0354	0.0741
58	0.0734	0.1041	0.0355	0.0745
59	0.0740	0.1048	0.0357	0.0751
60	0.0717	0.1049	0.0358	0.0755
61	0.0700	0.1058	0.0360	0.0760
62	0.0690	0.1064	0.0362	0.0762
63	0.0655	0.1058	0.0360	0.0761
64	0.0674	0.1064	0.0361	0.0766
65	0.0642	0.1072	0.0363	0.0770
66	0.0634	0.1078	0.0364	0.0772
67	0.0614	0.1082	0.0365	0.0774
68	0.0624	0.1083	0.0365	0.0775
69	0.0589	0.1082	0.0366	0.0775
70	0.0550	0.1082	0.0365	0.0776
71	0.0576	0.1085	0.0365	0.0776
72	0.0549	0.1082	0.0365	0.0775
73	0.0547	0.1093	0.0367	0.0780
74	0.0545	0.1101	0.0369	0.0786
75	0.0532	0.1107	0.0370	0.0789
76	0.0530	0.1109	0.0370	0.0793
77	0.0512	0.1108	0.0371	0.0794
78	0.0505	0.1109	0.0371	0.0796
79	0.0486	0.1116	0.0372	0.0802
80	0.0492	0.1122	0.0373	0.0807
81	0.0482	0.1130	0.0375	0.0812
82	0.0463	0.1130	0.0376	0.0814
83	0.0453	0.1129	0.0376	0.0815
84	0.0442	0.1134	0.0377	0.0816
85	0.0451	0.1135	0.0377	0.0819
86	0.0442	0.1137	0.0378	0.0820
87	0.0418	0.1138	0.0377	0.0820
88	0.0414	0.1142	0.0377	0.0822
89	0.0416	0.1143	0.0379	0.0823
90	0.0379	0.1141	0.0377	0.0823
91	0.0394	0.1139	0.0377	0.0821
92	0.0383	0.1139	0.0377	0.0819
93	0.0402	0.1142	0.0378	0.0822
94	0.0391	0.1146	0.0379	0.0824
95	0.0375	0.1145	0.0379	0.0825
96	0.0381	0.1147	0.0379	0.0828
97	0.0365	0.1154	0.0381	0.0831
98	0.0360	0.1154	0.0381	0.0832
99	0.0356	0.1155	0.0381	0.0834
100	0.0346	0.1160	0.0382	0.0836
101	0.0347	0.1159	0.0382	0.0836
102	0.0334	0.1160	0.0383	0.0839
103	0.0328	0.1163	0.0384	0.0841
104	0.0328	0.1166	0.0386	0.0842
105	0.0323	0.1169	0.0386	0.0843
106	0.0314	0.1169	0.0387	0.0844
107	0.0320	0.1172	0.0388	0.0848
108	0.0305	0.1174	0.0388	0.0850
109	0.0317	0.1177	0.0389	0.0851
110	0.0310	0.1185	0.0390	0.0856
111	0.0316	0.1190	0.0391	0.0858
112	0.0298	0.1191	0.0392	0.0860
113	0.0305	0.1190	0.0391	0.0859
114	0.0285	0.1193	0.0392	0.0861
115	0.0293	0.1191	0.0392	0.0862
116	0.0286	0.1192	0.0392	0.0861
117	0.0293	0.1195	0.0392	0.0862
118	0.0271	0.1201	0.0394	0.0865
119	0.0264	0.1205	0.0395	0.0867
120	0.0275	0.1208	0.0396	0.0870
121	0.0271	0.1209	0.0396	0.0871
122	0.0267	0.1212	0.0397	0.0873
123	0.0259	0.1217	0.0397	0.0876
124	0.0250	0.1215	0.0396	0.0876
125	0.0262	0.1216	0.0397	0.0877
126	0.0263	0.1215	0.0396	0.0875
127	0.0255	0.1211	0.0396	0.0876
128	0.0247	0.1211	0.0396	0.0875
129	0.0238	0.1212	0.0397	0.0876
130	0.0238	0.1215	0.0396	0.0876
131	0.0231	0.1214	0.0396	0.0876
132	0.0233	0.1218	0.0396	0.0877
133	0.0234	0.1214	0.0395	0.0874
134	0.0227	0.1216	0.0397	0.0878
135	0.0229	0.1217	0.0397	0.0877
136	0.0218	0.1219	0.0398	0.0878
137	0.0228	0.1219	0.0397	0.0879
138	0.0237	0.1216	0.0396	0.0878
139	0.0210	0.1222	0.0399	0.0881
140	0.0212	0.1220	0.0398	0.0880
141	0.0216	0.1221	0.0398	0.0882
142	0.0211	0.1222	0.0398	0.0881
143	0.0217	0.1218	0.0397	0.0880
144	0.0209	0.1219	0.0397	0.0881
145	0.0209	0.1223	0.0398	0.0883
146	0.0199	0.1220	0.0397	0.0884
147	0.0204	0.1219	0.0396	0.0884
148	0.0199	0.1219	0.0396	0.0884
149	0.0201	0.1221	0.0396	0.0884
150	0.0207	0.1230	0.0397	0.0889
