{"n_layers": 1, "device": "cuda", "batch_size": 2048, "embedding_dim": 512, "learning_rate": 0.0005, "dataset": "dbbook", "epochs": 150, "top_k": 50, "multimodal": true, "datasets": {"dbbook": ["images", "text"], "ml1m": ["audio", "images", "text", "video"]}}
Epoch	Loss	Recall	Precision	NDCG
1	0.6912	0.0268	0.0034	0.0139
2	0.6867	0.0537	0.0070	0.0345
3	0.6816	0.0830	0.0108	0.0556
4	0.6752	0.1073	0.0144	0.0724
5	0.6670	0.1284	0.0174	0.0842
6	0.6563	0.1411	0.0195	0.0905
7	0.6429	0.1530	0.0212	0.0945
8	0.6261	0.1596	0.0222	0.0962
9	0.6059	0.1628	0.0228	0.0961
10	0.5822	0.1649	0.0231	0.0956
11	0.5562	0.1660	0.0233	0.0947
12	0.5277	0.1657	0.0234	0.0934
13	0.4978	0.1665	0.0234	0.0926
14	0.4681	0.1663	0.0234	0.0919
15	0.4401	0.1658	0.0234	0.0912
16	0.4129	0.1648	0.0232	0.0904
17	0.3876	0.1654	0.0233	0.0902
18	0.3628	0.1666	0.0235	0.0906
19	0.3426	0.1672	0.0236	0.0907
20	0.3203	0.1677	0.0237	0.0908
21	0.3048	0.1676	0.0237	0.0909
22	0.2878	0.1683	0.0237	0.0911
23	0.2723	0.1689	0.0238	0.0913
24	0.2581	0.1701	0.0239	0.0919
25	0.2457	0.1708	0.0240	0.0922
26	0.2338	0.1713	0.0241	0.0928
27	0.2244	0.1723	0.0242	0.0934
28	0.2121	0.1726	0.0243	0.0939
29	0.2033	0.1730	0.0243	0.0941
30	0.1948	0.1738	0.0245	0.0946
31	0.1857	0.1749	0.0246	0.0954
32	0.1802	0.1760	0.0247	0.0960
33	0.1709	0.1770	0.0248	0.0968
34	0.1657	0.1778	0.0250	0.0974
35	0.1576	0.1796	0.0251	0.0982
36	0.1525	0.1804	0.0252	0.0987
37	0.1467	0.1818	0.0254	0.0995
38	0.1420	0.1829	0.0255	0.1002
39	0.1371	0.1834	0.0256	0.1005
40	0.1321	0.1847	0.0257	0.1012
41	0.1288	0.1852	0.0258	0.1017
42	0.1257	0.1863	0.0259	0.1024
43	0.1202	0.1871	0.0260	0.1030
44	0.1164	0.1884	0.0262	0.1037
45	0.1121	0.1892	0.0263	0.1043
46	0.1106	0.1894	0.0263	0.1050
47	0.1061	0.1903	0.0264	0.1056
48	0.1017	0.1910	0.0265	0.1061
49	0.0988	0.1922	0.0266	0.1066
50	0.0966	0.1927	0.0267	0.1070
51	0.0942	0.1932	0.0268	0.1076
52	0.0907	0.1943	0.0269	0.1082
53	0.0910	0.1955	0.0270	0.1089
54	0.0857	0.1961	0.0271	0.1094
55	0.0844	0.1964	0.0272	0.1098
56	0.0794	0.1971	0.0272	0.1100
57	0.0805	0.1981	0.0274	0.1105
58	0.0761	0.1990	0.0275	0.1110
59	0.0759	0.1994	0.0275	0.1114
60	0.0729	0.1995	0.0275	0.1115
61	0.0732	0.2006	0.0276	0.1121
62	0.0697	0.2016	0.0277	0.1125
63	0.0697	0.2020	0.0278	0.1130
64	0.0672	0.2025	0.0278	0.1134
65	0.0642	0.2031	0.0278	0.1137
66	0.0628	0.2037	0.0279	0.1141
67	0.0639	0.2039	0.0279	0.1143
68	0.0605	0.2042	0.0279	0.1145
69	0.0601	0.2047	0.0280	0.1148
70	0.0585	0.2059	0.0281	0.1154
71	0.0575	0.2055	0.0281	0.1154
72	0.0569	0.2065	0.0282	0.1159
73	0.0546	0.2068	0.0282	0.1161
74	0.0549	0.2070	0.0283	0.1164
75	0.0531	0.2080	0.0284	0.1171
76	0.0518	0.2084	0.0285	0.1174
77	0.0505	0.2088	0.0285	0.1178
78	0.0503	0.2093	0.0286	0.1182
79	0.0489	0.2095	0.0286	0.1185
80	0.0473	0.2094	0.0286	0.1185
81	0.0461	0.2103	0.0287	0.1189
82	0.0456	0.2104	0.0287	0.1193
83	0.0459	0.2110	0.0288	0.1197
84	0.0450	0.2128	0.0289	0.1203
85	0.0425	0.2128	0.0290	0.1205
86	0.0413	0.2123	0.0290	0.1207
87	0.0403	0.2129	0.0290	0.1210
88	0.0425	0.2134	0.0290	0.1212
89	0.0406	0.2136	0.0290	0.1213
90	0.0394	0.2139	0.0291	0.1218
91	0.0388	0.2143	0.0291	0.1222
92	0.0388	0.2146	0.0292	0.1224
93	0.0387	0.2148	0.0292	0.1226
94	0.0378	0.2153	0.0292	0.1230
95	0.0377	0.2156	0.0293	0.1232
96	0.0348	0.2159	0.0293	0.1236
97	0.0368	0.2164	0.0293	0.1238
98	0.0356	0.2169	0.0294	0.1242
99	0.0346	0.2171	0.0294	0.1245
100	0.0347	0.2173	0.0295	0.1248
101	0.0344	0.2181	0.0295	0.1253
102	0.0329	0.2180	0.0295	0.1255
103	0.0321	0.2183	0.0296	0.1257
104	0.0326	0.2181	0.0296	0.1258
105	0.0310	0.2186	0.0296	0.1260
106	0.0311	0.2189	0.0296	0.1262
107	0.0314	0.2190	0.0296	0.1263
108	0.0299	0.2188	0.0296	0.1263
109	0.0302	0.2192	0.0296	0.1265
110	0.0301	0.2194	0.0296	0.1267
111	0.0290	0.2201	0.0297	0.1271
112	0.0285	0.2199	0.0297	0.1270
113	0.0284	0.2199	0.0297	0.1268
114	0.0285	0.2202	0.0297	0.1272
115	0.0277	0.2206	0.0298	0.1274
116	0.0267	0.2205	0.0297	0.1274
117	0.0280	0.2206	0.0298	0.1276
118	0.0271	0.2206	0.0298	0.1278
119	0.0262	0.2207	0.0298	0.1279
120	0.0267	0.2206	0.0298	0.1282
121	0.0263	0.2206	0.0298	0.1282
122	0.0265	0.2207	0.0298	0.1282
123	0.0248	0.2208	0.0298	0.1284
124	0.0252	0.2206	0.0298	0.1283
125	0.0245	0.2208	0.0298	0.1284
126	0.0243	0.2208	0.0298	0.1284
127	0.0242	0.2204	0.0297	0.1282
128	0.0245	0.2204	0.0297	0.1284
129	0.0237	0.2211	0.0297	0.1286
130	0.0232	0.2215	0.0298	0.1288
131	0.0225	0.2219	0.0298	0.1290
132	0.0229	0.2222	0.0298	0.1291
133	0.0226	0.2221	0.0298	0.1291
134	0.0224	0.2224	0.0299	0.1293
135	0.0219	0.2221	0.0298	0.1293
136	0.0234	0.2221	0.0298	0.1293
137	0.0224	0.2220	0.0297	0.1294
138	0.0217	0.2217	0.0297	0.1294
139	0.0220	0.2223	0.0298	0.1296
140	0.0212	0.2224	0.0298	0.1297
141	0.0215	0.2223	0.0298	0.1298
142	0.0212	0.2227	0.0298	0.1299
143	0.0212	0.2228	0.0298	0.1301
144	0.0211	0.2227	0.0298	0.1302
145	0.0208	0.2229	0.0299	0.1304
146	0.0207	0.2230	0.0299	0.1305
147	0.0195	0.2231	0.0299	0.1305
148	0.0196	0.2236	0.0299	0.1306
149	0.0199	0.2238	0.0300	0.1309
150	0.0202	0.2237	0.0299	0.1309
