{"device": "cuda:1", "multimodal": true, "embedding_dim": 512, "n_layers": 1, "epochs": 500, "learning_rate": 0.001, "log": true, "seed": 19, "top_k": [5, 10, 20, 50], "dataset": "ml1m", "batch_size": 8192, "single_branch": false, "autoencoder": false, "ensemble_fusion": false, "freeze": true, "fusion_modalities": "mean", "fusion_type": "late", "info_nce": false, "weighting": false, "datasets": {"dbbook": ["images", "text"], "ml1m": ["audio", "images", "text", "video"]}}
Epoch	T-Loss	V-Loss	Precision@5	Recall@5	NDCG@5	Precision@10	Recall@10	NDCG@10	Precision@20	Recall@20	NDCG@20	Precision@50	Recall@50	NDCG@50
1	0.6928	0.6922	0.0561	0.0147	0.0606	0.0485	0.0252	0.0557	0.0416	0.0437	0.0554	0.0327	0.0859	0.0669
2	0.6897	0.6867	0.1582	0.0489	0.1708	0.1345	0.0818	0.1586	0.1112	0.1329	0.1584	0.0824	0.2403	0.1868
3	0.6763	0.6626	0.1788	0.0606	0.1924	0.1517	0.0994	0.1803	0.1241	0.1577	0.1811	0.0897	0.2785	0.2125
4	0.6345	0.6019	0.1746	0.0593	0.1881	0.1519	0.1013	0.1798	0.1257	0.1636	0.183	0.0879	0.278	0.2111
5	0.5592	0.5192	0.1732	0.0588	0.1856	0.1524	0.1017	0.1788	0.1248	0.1645	0.1816	0.087	0.2754	0.2088
6	0.4793	0.4501	0.1775	0.06	0.1894	0.1534	0.1033	0.1808	0.1241	0.165	0.1824	0.0868	0.2755	0.2095
7	0.4225	0.4075	0.1821	0.0616	0.1949	0.1536	0.1034	0.1832	0.1245	0.1653	0.1845	0.0869	0.2761	0.2113
8	0.388	0.3803	0.1851	0.0633	0.1996	0.155	0.1056	0.1868	0.1246	0.166	0.1867	0.0872	0.2783	0.214
9	0.3669	0.3672	0.1877	0.0649	0.2038	0.1568	0.1061	0.1901	0.1258	0.1682	0.19	0.0873	0.2784	0.216
10	0.3527	0.3563	0.1895	0.0656	0.2086	0.1579	0.107	0.1937	0.1258	0.1671	0.1922	0.0879	0.2798	0.219
11	0.3444	0.3475	0.1913	0.0661	0.2118	0.1599	0.1077	0.1966	0.1268	0.1685	0.1944	0.0887	0.281	0.221
12	0.3354	0.3385	0.193	0.0667	0.2125	0.1611	0.1091	0.1977	0.1278	0.1685	0.1953	0.0896	0.2825	0.2225
13	0.329	0.3327	0.1939	0.0674	0.2138	0.163	0.1106	0.1998	0.1285	0.1688	0.1966	0.0907	0.2854	0.2247
14	0.3217	0.3286	0.1958	0.0678	0.2149	0.164	0.1112	0.2004	0.1295	0.1698	0.1973	0.0917	0.2874	0.226
15	0.3165	0.3257	0.1975	0.0682	0.216	0.1654	0.1121	0.2014	0.1307	0.1719	0.1986	0.0929	0.2911	0.2278
16	0.3117	0.3217	0.2014	0.0702	0.2201	0.1669	0.1134	0.2039	0.132	0.1735	0.2009	0.094	0.2943	0.2307
17	0.3072	0.3184	0.2011	0.0695	0.2209	0.1689	0.1138	0.206	0.1338	0.1754	0.2032	0.095	0.297	0.2331
18	0.3031	0.3138	0.2047	0.0711	0.2236	0.1701	0.1149	0.2075	0.1348	0.1764	0.2046	0.0958	0.2992	0.2351
19	0.2989	0.3085	0.2072	0.0717	0.2263	0.1718	0.1164	0.2098	0.1362	0.1778	0.2068	0.097	0.3033	0.238
20	0.2956	0.3069	0.2095	0.0733	0.2275	0.1735	0.1174	0.2109	0.1375	0.1794	0.2081	0.0978	0.3052	0.2394
21	0.2905	0.3047	0.2115	0.0735	0.2287	0.1747	0.1183	0.212	0.1385	0.1807	0.2092	0.0986	0.3079	0.241
22	0.2886	0.3004	0.213	0.0742	0.2312	0.1773	0.121	0.2153	0.1398	0.1827	0.2117	0.0995	0.311	0.2438
23	0.2855	0.3001	0.2161	0.0749	0.2353	0.1787	0.1216	0.2181	0.141	0.1844	0.2144	0.1003	0.313	0.2466
24	0.2833	0.2948	0.2176	0.076	0.2374	0.1809	0.1234	0.2206	0.1425	0.1869	0.2169	0.1012	0.3155	0.249
25	0.2802	0.296	0.2191	0.0762	0.2394	0.1818	0.1237	0.2221	0.1437	0.1888	0.2188	0.1017	0.3173	0.2507
26	0.2778	0.2921	0.22	0.0765	0.2412	0.1824	0.1241	0.2236	0.1449	0.1897	0.2207	0.1025	0.3206	0.2532
27	0.2742	0.2911	0.221	0.0774	0.2416	0.1842	0.1253	0.2249	0.1461	0.1914	0.222	0.1031	0.3225	0.2545
28	0.272	0.2867	0.2229	0.078	0.2431	0.1842	0.1247	0.2249	0.1473	0.193	0.2231	0.1038	0.3251	0.2559
29	0.271	0.2846	0.2241	0.0779	0.245	0.1862	0.1258	0.2273	0.1487	0.1953	0.2255	0.1044	0.3272	0.258
30	0.2684	0.2867	0.2248	0.0782	0.2462	0.1867	0.1263	0.2282	0.1498	0.197	0.2269	0.1052	0.33	0.2596
31	0.2655	0.2819	0.2257	0.0779	0.2479	0.1877	0.1272	0.2299	0.1508	0.198	0.2286	0.1058	0.3315	0.2614
32	0.2646	0.2825	0.226	0.0783	0.2487	0.189	0.1276	0.2312	0.1515	0.1981	0.2295	0.1064	0.3341	0.263
33	0.2615	0.2808	0.2277	0.0793	0.2511	0.1904	0.1291	0.2333	0.1525	0.1994	0.2313	0.107	0.3359	0.2648
34	0.2607	0.2761	0.23	0.0796	0.2532	0.1912	0.129	0.2344	0.153	0.2006	0.2325	0.1074	0.3376	0.2663
35	0.2596	0.28	0.2315	0.0801	0.2544	0.1914	0.1292	0.2348	0.1539	0.202	0.2337	0.1081	0.34	0.2679
36	0.2572	0.2736	0.2315	0.0802	0.254	0.1928	0.1304	0.2357	0.1547	0.2038	0.2345	0.1085	0.3423	0.2689
37	0.2553	0.2757	0.234	0.081	0.2565	0.1944	0.1326	0.2381	0.1556	0.2045	0.2363	0.1091	0.3442	0.2709
38	0.2534	0.2725	0.2352	0.0818	0.2577	0.1953	0.1327	0.2391	0.1565	0.2063	0.2377	0.1097	0.3465	0.2726
39	0.2516	0.2737	0.2356	0.0819	0.2577	0.1965	0.1335	0.2395	0.1569	0.2065	0.2376	0.1103	0.3484	0.2732
40	0.2493	0.2738	0.2366	0.0826	0.2583	0.1971	0.1343	0.2402	0.1575	0.2076	0.2385	0.111	0.3508	0.2746
41	0.2492	0.2735	0.237	0.0821	0.2597	0.1977	0.1348	0.2417	0.1583	0.2085	0.2401	0.1113	0.3521	0.2762
42	0.2477	0.2714	0.2384	0.0827	0.2597	0.1984	0.1355	0.2416	0.1592	0.21	0.2406	0.1117	0.3535	0.2767
43	0.2466	0.2685	0.2404	0.084	0.2621	0.1997	0.1368	0.2434	0.1599	0.2114	0.2421	0.1121	0.3556	0.2783
44	0.2428	0.2676	0.2406	0.084	0.2622	0.2	0.1365	0.2435	0.1602	0.2119	0.2424	0.1127	0.3575	0.2792
45	0.2434	0.2692	0.2402	0.0838	0.2624	0.2004	0.1372	0.2443	0.161	0.2137	0.2437	0.113	0.3588	0.2803
46	0.2423	0.2669	0.2412	0.0845	0.2635	0.2016	0.1383	0.2456	0.1613	0.214	0.2444	0.1134	0.3593	0.2812
47	0.2396	0.2689	0.2421	0.0854	0.2642	0.2018	0.1377	0.2458	0.1624	0.2157	0.2458	0.1138	0.3609	0.2825
48	0.2393	0.2652	0.2428	0.0854	0.2652	0.203	0.1392	0.2473	0.1628	0.2158	0.2465	0.1141	0.3615	0.2833
49	0.238	0.2663	0.2443	0.0862	0.2668	0.2037	0.1398	0.2484	0.1636	0.218	0.2481	0.1144	0.3626	0.2846
50	0.2375	0.2645	0.2455	0.0867	0.2682	0.2045	0.1403	0.2494	0.1644	0.2184	0.2493	0.1149	0.3644	0.286
51	0.2357	0.2644	0.2458	0.0873	0.2683	0.2052	0.1408	0.25	0.1652	0.2195	0.25	0.1153	0.3657	0.2867
52	0.2344	0.2643	0.2468	0.0881	0.2696	0.2063	0.1415	0.2513	0.1653	0.2203	0.2508	0.1155	0.3669	0.2878
53	0.2342	0.2616	0.2465	0.0879	0.2696	0.2072	0.1423	0.2521	0.1659	0.2209	0.2516	0.1158	0.3674	0.2885
54	0.2316	0.2615	0.2475	0.088	0.2699	0.2071	0.1415	0.2517	0.1664	0.2221	0.252	0.116	0.3681	0.2887
55	0.2309	0.2596	0.2479	0.0885	0.27	0.2082	0.1431	0.2526	0.1671	0.2237	0.2527	0.1163	0.3688	0.2893
56	0.2308	0.2623	0.2481	0.0887	0.2703	0.2084	0.1433	0.2528	0.1669	0.2238	0.2527	0.1166	0.3701	0.2897
57	0.2295	0.2582	0.2477	0.0884	0.2702	0.2096	0.1449	0.2542	0.1678	0.2251	0.254	0.1168	0.3716	0.2909
58	0.2289	0.2593	0.2489	0.0894	0.2717	0.21	0.1447	0.255	0.168	0.2262	0.255	0.1171	0.3725	0.292
59	0.2286	0.2608	0.2491	0.0893	0.272	0.2101	0.1459	0.2555	0.1683	0.2263	0.2554	0.1174	0.3735	0.2927
60	0.2265	0.2599	0.25	0.0895	0.2725	0.2101	0.1461	0.2556	0.1688	0.2276	0.2562	0.1177	0.3748	0.2936
61	0.2242	0.259	0.2511	0.0901	0.2725	0.211	0.1467	0.2558	0.1695	0.2283	0.2565	0.1179	0.3756	0.2937
62	0.2245	0.2547	0.2517	0.0903	0.273	0.2109	0.1464	0.2558	0.1699	0.2292	0.257	0.118	0.3761	0.2942
63	0.2225	0.2582	0.251	0.0905	0.2732	0.2112	0.1467	0.2564	0.1701	0.2301	0.2577	0.1181	0.3765	0.2947
64	0.2221	0.2599	0.2514	0.0907	0.2734	0.2122	0.148	0.2572	0.1699	0.2296	0.2577	0.1183	0.3771	0.2952
65	0.2202	0.2539	0.2513	0.0901	0.2727	0.2127	0.1477	0.257	0.1703	0.2307	0.2576	0.1185	0.3792	0.2954
66	0.2201	0.2573	0.2522	0.0906	0.2743	0.2128	0.1481	0.2581	0.1707	0.231	0.2589	0.1187	0.3801	0.2968
67	0.218	0.2584	0.2538	0.0913	0.2762	0.2134	0.1481	0.2592	0.171	0.2313	0.2597	0.1189	0.3804	0.2975
68	0.2184	0.2544	0.2535	0.0909	0.2763	0.2133	0.1484	0.2595	0.171	0.2319	0.2602	0.119	0.3809	0.2982
69	0.2167	0.2558	0.2543	0.0915	0.2768	0.2133	0.1485	0.2595	0.1715	0.2324	0.2606	0.1193	0.3818	0.2986
70	0.2159	0.2554	0.2543	0.0917	0.2766	0.2136	0.1489	0.2595	0.1714	0.2327	0.2605	0.1197	0.3824	0.299
71	0.2172	0.253	0.2548	0.0919	0.2766	0.2142	0.1503	0.2601	0.1721	0.234	0.2613	0.1197	0.382	0.2992
72	0.2154	0.255	0.2552	0.0918	0.277	0.2144	0.1505	0.2603	0.1719	0.233	0.2611	0.12	0.3836	0.2999
73	0.2146	0.2551	0.2561	0.0929	0.2781	0.215	0.1514	0.2613	0.1722	0.2334	0.2618	0.1202	0.3841	0.3007
74	0.2136	0.2531	0.2552	0.093	0.2781	0.2155	0.1515	0.2621	0.1727	0.2343	0.2627	0.1204	0.385	0.3014
75	0.2135	0.2514	0.2566	0.0934	0.2791	0.2159	0.1518	0.2626	0.1729	0.2349	0.2632	0.1204	0.3855	0.3019
76	0.2119	0.2545	0.2567	0.0938	0.2785	0.2164	0.1524	0.2626	0.1734	0.2352	0.2633	0.1207	0.3862	0.3021
77	0.2108	0.2526	0.257	0.0938	0.2784	0.2168	0.1525	0.2627	0.1734	0.235	0.2634	0.1207	0.3862	0.3023
78	0.2104	0.2534	0.2571	0.0944	0.279	0.2174	0.1537	0.2638	0.1738	0.236	0.2643	0.121	0.3878	0.3033
79	0.2092	0.2541	0.2564	0.0936	0.2779	0.2171	0.1533	0.263	0.1735	0.2355	0.2635	0.1211	0.3881	0.303
80	0.2097	0.2521	0.2581	0.0945	0.2792	0.2185	0.1537	0.264	0.1742	0.2368	0.2642	0.1213	0.3888	0.3033
81	0.2068	0.253	0.2583	0.0947	0.2801	0.2186	0.1538	0.2647	0.1745	0.2376	0.2652	0.1216	0.3901	0.3045
82	0.2059	0.2522	0.2581	0.0945	0.2797	0.2187	0.1544	0.2648	0.1748	0.2385	0.2655	0.1218	0.3914	0.305
83	0.2071	0.253	0.2582	0.0948	0.2801	0.219	0.1546	0.2653	0.1751	0.2388	0.2661	0.1217	0.3913	0.3052
84	0.2056	0.2521	0.2583	0.095	0.2802	0.219	0.155	0.2655	0.1747	0.2382	0.2659	0.122	0.3923	0.3059
85	0.2052	0.2515	0.2589	0.0954	0.2808	0.2192	0.1547	0.2659	0.1753	0.239	0.2667	0.1221	0.3934	0.3067
86	0.2052	0.2511	0.2593	0.096	0.2815	0.218	0.1538	0.2651	0.1754	0.2389	0.2668	0.1222	0.3939	0.307
87	0.204	0.2498	0.2595	0.0957	0.2816	0.218	0.1546	0.2653	0.1753	0.2395	0.267	0.1223	0.3941	0.3072
88	0.203	0.2516	0.2602	0.0957	0.2822	0.219	0.1554	0.2664	0.1751	0.2392	0.2672	0.1224	0.3944	0.3077
89	0.2015	0.2516	0.2592	0.0961	0.2814	0.2191	0.1555	0.2662	0.1753	0.2401	0.2674	0.1225	0.395	0.3078
90	0.2016	0.2511	0.2586	0.0962	0.2807	0.2192	0.1566	0.2662	0.1756	0.2409	0.2676	0.1227	0.3963	0.3083
91	0.2003	0.2479	0.2607	0.0968	0.2821	0.2196	0.1561	0.2665	0.1759	0.2412	0.268	0.1229	0.3966	0.3088
92	0.199	0.2511	0.2602	0.0968	0.2824	0.2203	0.1575	0.2677	0.176	0.2418	0.2687	0.1231	0.3967	0.3094
93	0.1993	0.2503	0.2607	0.0968	0.2828	0.2205	0.1577	0.268	0.1766	0.2424	0.2694	0.1234	0.3989	0.3103
94	0.1982	0.2498	0.2616	0.0975	0.2836	0.221	0.1575	0.2685	0.177	0.2428	0.27	0.1234	0.3999	0.3109
95	0.1976	0.2516	0.2619	0.0976	0.2838	0.2207	0.1576	0.2684	0.1769	0.2429	0.2701	0.1237	0.4001	0.3113
96	0.1965	0.2491	0.2616	0.0975	0.2836	0.2208	0.1572	0.2684	0.1775	0.2436	0.2705	0.1237	0.4004	0.3114
97	0.1967	0.2504	0.2629	0.0981	0.2846	0.2213	0.1576	0.269	0.1776	0.2437	0.2709	0.1238	0.401	0.3119
98	0.1947	0.2478	0.2637	0.099	0.2852	0.2215	0.158	0.2692	0.1778	0.2446	0.2712	0.1239	0.4016	0.3123
99	0.1932	0.2489	0.2636	0.0988	0.2853	0.2223	0.159	0.2699	0.1779	0.2442	0.2714	0.124	0.4022	0.3126
100	0.1932	0.2482	0.2642	0.099	0.286	0.2223	0.1589	0.2702	0.1779	0.2444	0.2717	0.1243	0.4029	0.3132
101	0.1925	0.2482	0.2637	0.0986	0.2858	0.2231	0.1596	0.2709	0.1779	0.2446	0.2719	0.1244	0.4033	0.3136
102	0.1931	0.2498	0.2637	0.0989	0.2858	0.2223	0.1595	0.2704	0.1785	0.2453	0.2723	0.1246	0.4041	0.3139
103	0.1906	0.2493	0.2643	0.0992	0.2868	0.223	0.1606	0.2714	0.1782	0.245	0.2724	0.1247	0.4044	0.3143
104	0.1913	0.2494	0.2646	0.0998	0.2876	0.2237	0.1604	0.2723	0.1781	0.2452	0.2728	0.1248	0.4054	0.3151
105	0.1911	0.2467	0.2643	0.0987	0.2874	0.2232	0.1601	0.2721	0.1786	0.2451	0.2732	0.125	0.4058	0.3156
106	0.1887	0.2474	0.2643	0.0992	0.2871	0.2229	0.16	0.2717	0.1789	0.2467	0.2737	0.1251	0.4065	0.3158
107	0.1889	0.2472	0.2647	0.0988	0.2872	0.2237	0.161	0.2723	0.1792	0.247	0.2739	0.1252	0.4069	0.3159
108	0.1886	0.2465	0.2653	0.0998	0.2878	0.2231	0.1605	0.272	0.179	0.2474	0.2741	0.1253	0.4074	0.3163
109	0.1881	0.2471	0.2653	0.0993	0.2874	0.2233	0.1605	0.2719	0.1788	0.2472	0.2738	0.1254	0.4069	0.3162
110	0.1871	0.249	0.2667	0.0998	0.2886	0.2243	0.161	0.2728	0.1791	0.2476	0.2741	0.1254	0.408	0.3166
111	0.1872	0.2509	0.2664	0.1001	0.2879	0.2242	0.1608	0.2724	0.1794	0.2479	0.2742	0.1256	0.4084	0.3165
112	0.1851	0.2482	0.2662	0.0999	0.2874	0.2245	0.1616	0.2723	0.1792	0.2471	0.2737	0.1255	0.4085	0.3164
113	0.1857	0.2471	0.2654	0.0994	0.2869	0.2247	0.1615	0.2725	0.1793	0.2479	0.2739	0.1256	0.4094	0.3167
114	0.1843	0.2496	0.267	0.1	0.2881	0.2239	0.161	0.2722	0.1791	0.2478	0.2741	0.1257	0.41	0.3173
115	0.184	0.2495	0.2668	0.0999	0.2884	0.2248	0.162	0.2733	0.1794	0.2483	0.2748	0.1257	0.41	0.3177
116	0.1827	0.2458	0.2655	0.0992	0.287	0.2249	0.1624	0.2731	0.1796	0.2488	0.2746	0.1258	0.4107	0.3176
117	0.1823	0.2484	0.2673	0.1002	0.2883	0.2241	0.1625	0.2728	0.1795	0.2487	0.2747	0.126	0.4111	0.3181
118	0.1806	0.2507	0.2671	0.1002	0.2883	0.2242	0.1623	0.2728	0.1797	0.2489	0.2749	0.1261	0.4116	0.3182
119	0.1813	0.2489	0.2676	0.1006	0.2892	0.2245	0.1625	0.2735	0.18	0.2494	0.2756	0.1261	0.4121	0.3189
120	0.1802	0.2464	0.2682	0.1007	0.2891	0.2247	0.1621	0.2732	0.1808	0.2503	0.2761	0.1263	0.4119	0.3189
121	0.1797	0.2504	0.2671	0.1004	0.2886	0.225	0.1625	0.2737	0.1807	0.2507	0.2763	0.1264	0.4127	0.3193
122	0.1788	0.2466	0.2669	0.1	0.2885	0.2259	0.1634	0.2744	0.1809	0.2509	0.2766	0.1264	0.4136	0.3196
123	0.1781	0.2483	0.2662	0.0997	0.2883	0.2253	0.1633	0.2741	0.1812	0.2512	0.2768	0.1265	0.4133	0.3197
124	0.1784	0.2473	0.2666	0.1	0.2886	0.2262	0.1634	0.2748	0.1814	0.2518	0.2773	0.1266	0.4136	0.32
125	0.1769	0.2507	0.2666	0.1005	0.2888	0.2271	0.1644	0.2757	0.1818	0.2525	0.2779	0.1266	0.4136	0.3204
126	0.1756	0.2476	0.2676	0.1007	0.2896	0.2269	0.1647	0.2759	0.1818	0.2517	0.278	0.1267	0.414	0.3209
127	0.1757	0.2493	0.2679	0.101	0.29	0.2266	0.1645	0.2757	0.1818	0.2525	0.2783	0.1268	0.4145	0.3211
128	0.1755	0.2486	0.2675	0.1009	0.2892	0.227	0.1643	0.2756	0.1817	0.253	0.2781	0.127	0.4152	0.3212
129	0.1745	0.2512	0.2671	0.1012	0.2888	0.2268	0.1647	0.2754	0.182	0.2532	0.2782	0.1272	0.4162	0.3215
130	0.1729	0.248	0.2677	0.1012	0.2897	0.2272	0.1652	0.2761	0.1823	0.2538	0.2789	0.1273	0.4166	0.322
131	0.1728	0.2482	0.2686	0.1016	0.2906	0.2271	0.1654	0.2763	0.1823	0.254	0.2791	0.1273	0.417	0.3224
132	0.1712	0.2503	0.2682	0.1019	0.2906	0.2272	0.1654	0.2766	0.1823	0.2539	0.2794	0.1274	0.4171	0.3228
133	0.1722	0.2499	0.2677	0.1016	0.2898	0.2271	0.1654	0.2762	0.1824	0.2536	0.279	0.1274	0.4173	0.3225
134	0.171	0.2533	0.2684	0.1023	0.2904	0.2266	0.1655	0.276	0.1825	0.2549	0.2794	0.1276	0.4185	0.323
135	0.1705	0.2498	0.2689	0.1031	0.291	0.2266	0.1658	0.2764	0.1825	0.2554	0.2799	0.1276	0.4189	0.3235
136	0.1698	0.2476	0.269	0.1027	0.2913	0.227	0.1658	0.277	0.1828	0.2549	0.2803	0.1278	0.4189	0.324
137	0.1689	0.2499	0.2696	0.1029	0.2919	0.2273	0.1663	0.2774	0.1828	0.2552	0.2804	0.1278	0.4192	0.3241
138	0.1684	0.2509	0.2705	0.1031	0.2928	0.2274	0.1662	0.2776	0.1827	0.2551	0.2805	0.1279	0.4192	0.3244
139	0.1673	0.2477	0.2704	0.1026	0.2932	0.2275	0.1661	0.278	0.1828	0.2553	0.2809	0.128	0.4199	0.325
140	0.167	0.2504	0.2718	0.1032	0.2942	0.2284	0.1674	0.2788	0.1826	0.2551	0.2809	0.128	0.4199	0.3251
141	0.166	0.2491	0.2721	0.1035	0.2942	0.2287	0.1675	0.279	0.1827	0.2554	0.2809	0.128	0.4199	0.3251
142	0.1663	0.2492	0.271	0.1033	0.2933	0.2283	0.1673	0.2785	0.1831	0.2563	0.2813	0.1281	0.42	0.3252
143	0.1652	0.2484	0.2709	0.1032	0.2935	0.2281	0.1674	0.2786	0.1834	0.2561	0.2817	0.128	0.4201	0.3254
144	0.1653	0.249	0.2707	0.1034	0.2933	0.2286	0.1678	0.279	0.1834	0.2565	0.2818	0.1282	0.4215	0.326
145	0.1641	0.25	0.2713	0.1036	0.2938	0.2288	0.1678	0.2793	0.1836	0.257	0.2823	0.1283	0.4219	0.3264
146	0.1632	0.2503	0.2718	0.104	0.2942	0.2293	0.1688	0.28	0.1834	0.2565	0.2823	0.1285	0.422	0.3268
147	0.1639	0.2518	0.2707	0.1041	0.2933	0.2288	0.1685	0.2793	0.1837	0.257	0.2824	0.1283	0.4213	0.3264
148	0.1628	0.2494	0.2726	0.1044	0.2947	0.2295	0.1688	0.28	0.1835	0.257	0.2825	0.1284	0.4217	0.3267
149	0.1623	0.2473	0.2734	0.1047	0.2955	0.2293	0.1686	0.2802	0.1842	0.2582	0.2834	0.1285	0.4221	0.3272
150	0.1617	0.2501	0.2729	0.1045	0.2956	0.2295	0.1691	0.2806	0.1841	0.2584	0.2837	0.1286	0.423	0.3277
151	0.1606	0.25	0.2722	0.1046	0.2949	0.2297	0.1693	0.2806	0.1839	0.258	0.2833	0.1287	0.423	0.3277
152	0.1599	0.2502	0.2713	0.1043	0.2938	0.2292	0.1688	0.2797	0.1844	0.2588	0.2834	0.1288	0.4232	0.3275
153	0.1598	0.2496	0.2721	0.1047	0.2942	0.2292	0.1689	0.2797	0.1842	0.2585	0.2832	0.1289	0.4234	0.3275
154	0.1587	0.2539	0.2719	0.1052	0.294	0.2292	0.1691	0.2797	0.1844	0.259	0.2833	0.1289	0.4237	0.3276
155	0.1587	0.2497	0.2717	0.1048	0.2939	0.2293	0.169	0.2797	0.1843	0.2584	0.2832	0.129	0.4244	0.3279
156	0.157	0.2512	0.2712	0.105	0.2937	0.23	0.1699	0.2804	0.1845	0.259	0.2836	0.1288	0.4242	0.3278
157	0.1567	0.2502	0.2719	0.1052	0.2936	0.23	0.1694	0.28	0.1848	0.2595	0.2836	0.1288	0.4236	0.3275
158	0.156	0.2505	0.2729	0.1057	0.2943	0.2304	0.1696	0.2804	0.1853	0.2601	0.2842	0.1288	0.4234	0.3277
159	0.1559	0.2499	0.2733	0.1055	0.2946	0.2308	0.1696	0.2809	0.1852	0.2608	0.2846	0.129	0.4253	0.3285
160	0.1552	0.2499	0.2723	0.105	0.2946	0.2305	0.1696	0.281	0.1855	0.261	0.285	0.1291	0.4254	0.3288
161	0.1551	0.252	0.2727	0.1057	0.2947	0.2304	0.1696	0.2807	0.1853	0.2605	0.2846	0.1289	0.4247	0.3283
162	0.1555	0.2517	0.273	0.1054	0.295	0.2302	0.1699	0.2808	0.1857	0.2616	0.2852	0.129	0.425	0.3286
163	0.1532	0.2521	0.2728	0.1052	0.2949	0.2309	0.1703	0.2813	0.1857	0.2621	0.2853	0.1291	0.4252	0.3287
164	0.1535	0.2512	0.2721	0.1049	0.2945	0.23	0.1697	0.2807	0.1853	0.2616	0.2849	0.129	0.4251	0.3287
165	0.153	0.2497	0.2723	0.1053	0.295	0.2299	0.1697	0.2809	0.1854	0.2618	0.2854	0.1292	0.4256	0.3293
166	0.1522	0.2541	0.2717	0.1048	0.2939	0.2302	0.1703	0.2807	0.1851	0.2616	0.2847	0.1292	0.4262	0.329
167	0.1517	0.2498	0.2716	0.1052	0.2944	0.2303	0.171	0.2813	0.1854	0.2614	0.2852	0.1293	0.4264	0.3295
168	0.1501	0.2521	0.2726	0.1055	0.2946	0.2308	0.1715	0.2815	0.1856	0.2623	0.2854	0.1294	0.4267	0.3295
169	0.1492	0.2524	0.2731	0.1056	0.295	0.2311	0.1718	0.2817	0.1854	0.2625	0.2855	0.1294	0.4268	0.3297
170	0.15	0.2524	0.2724	0.106	0.2953	0.2315	0.1719	0.2825	0.1855	0.2624	0.286	0.1295	0.4269	0.3303
171	0.1501	0.2509	0.2748	0.1069	0.2967	0.2312	0.1716	0.2824	0.1857	0.2627	0.2862	0.1295	0.4272	0.3305
172	0.1496	0.2541	0.2741	0.107	0.2963	0.231	0.1713	0.2821	0.1857	0.2628	0.2861	0.1295	0.4273	0.3304
173	0.1492	0.2515	0.2736	0.1067	0.2957	0.2316	0.1722	0.2825	0.1859	0.2635	0.2864	0.1296	0.4278	0.3306
174	0.1477	0.2547	0.2733	0.1064	0.2957	0.232	0.1728	0.283	0.1858	0.2633	0.2864	0.1296	0.4281	0.3308
175	0.147	0.253	0.274	0.1074	0.2964	0.2313	0.1724	0.2826	0.1852	0.2624	0.2861	0.1297	0.4285	0.3312
176	0.1469	0.2526	0.2743	0.107	0.2969	0.2313	0.1723	0.2829	0.1859	0.2634	0.287	0.1297	0.4286	0.3315
177	0.1459	0.2552	0.2734	0.1069	0.2963	0.2307	0.1719	0.2825	0.1858	0.2636	0.2869	0.1298	0.4288	0.3317
178	0.1461	0.253	0.274	0.1078	0.2969	0.2315	0.1722	0.2832	0.1857	0.2628	0.2869	0.1299	0.4287	0.3319
179	0.1449	0.255	0.2741	0.1073	0.2967	0.2318	0.1727	0.2834	0.1861	0.2632	0.2872	0.1301	0.4291	0.3322
180	0.1448	0.2548	0.2745	0.1073	0.2969	0.2323	0.1735	0.2837	0.186	0.2632	0.2871	0.1301	0.4294	0.3322
181	0.1444	0.2539	0.2747	0.1075	0.298	0.2325	0.1735	0.2846	0.1863	0.2642	0.2881	0.1301	0.4295	0.3329
182	0.1444	0.2529	0.2746	0.1074	0.2982	0.2328	0.1739	0.285	0.1863	0.2652	0.2885	0.1301	0.4289	0.3329
183	0.1427	0.2529	0.2744	0.107	0.2977	0.2328	0.1736	0.2847	0.1866	0.2653	0.2885	0.1301	0.4291	0.3328
184	0.1437	0.2531	0.2755	0.1078	0.2982	0.2329	0.1739	0.2847	0.1867	0.2652	0.2885	0.1303	0.4293	0.333
185	0.1418	0.2523	0.2749	0.1075	0.298	0.2327	0.1739	0.2848	0.1867	0.2658	0.2889	0.1303	0.43	0.3334
186	0.1415	0.2556	0.2747	0.108	0.298	0.2326	0.1739	0.2847	0.1871	0.2657	0.289	0.1304	0.4304	0.3335
187	0.1414	0.2564	0.2745	0.1082	0.2978	0.2329	0.1739	0.2848	0.1869	0.2654	0.2889	0.1301	0.43	0.3332
188	0.1402	0.2543	0.2745	0.1082	0.2975	0.233	0.1738	0.2847	0.1869	0.2654	0.2887	0.1304	0.4306	0.3334
189	0.1411	0.2553	0.2754	0.1086	0.2981	0.2328	0.174	0.2846	0.1871	0.2653	0.2887	0.1305	0.431	0.3336
190	0.1399	0.2541	0.2746	0.1081	0.2977	0.2332	0.1745	0.285	0.187	0.2653	0.2887	0.1305	0.4317	0.3337
191	0.1392	0.2561	0.2749	0.1087	0.2977	0.2334	0.1747	0.2849	0.1872	0.2657	0.2887	0.1306	0.4319	0.3338
192	0.1393	0.2588	0.2745	0.1082	0.2975	0.2336	0.1752	0.2852	0.1873	0.2661	0.2891	0.1304	0.4315	0.3338
193	0.139	0.2562	0.2745	0.1081	0.2974	0.2336	0.175	0.2851	0.1871	0.2657	0.2888	0.1306	0.4321	0.334
194	0.1376	0.2557	0.2746	0.1078	0.2972	0.2326	0.174	0.2842	0.1874	0.2665	0.2889	0.1306	0.4328	0.334
195	0.1383	0.2587	0.2746	0.1078	0.2971	0.2332	0.1742	0.2845	0.1873	0.2664	0.2889	0.1305	0.4324	0.3339
196	0.1378	0.2579	0.2746	0.1086	0.2977	0.2324	0.1738	0.2844	0.1873	0.2659	0.2891	0.1304	0.4324	0.3342
197	0.1361	0.2599	0.2744	0.1084	0.2974	0.2329	0.1743	0.2848	0.1873	0.2669	0.2894	0.1304	0.4324	0.3343
198	0.1367	0.2574	0.2756	0.1087	0.2983	0.2328	0.1744	0.2848	0.1875	0.267	0.2896	0.1304	0.4325	0.3343
199	0.1355	0.2596	0.2751	0.108	0.2978	0.2334	0.1745	0.285	0.1874	0.2669	0.2894	0.1304	0.4327	0.3343
200	0.1357	0.2586	0.2743	0.1079	0.2968	0.2334	0.1746	0.2846	0.1873	0.2671	0.2891	0.1305	0.4334	0.3342
201	0.1356	0.2616	0.2742	0.1084	0.2969	0.2334	0.1752	0.2848	0.1875	0.2675	0.2893	0.1305	0.4329	0.3341
202	0.1343	0.2572	0.2744	0.1086	0.2971	0.2327	0.1746	0.2843	0.1874	0.2678	0.2893	0.1306	0.4338	0.3343
203	0.1334	0.258	0.2755	0.1092	0.2976	0.2328	0.1749	0.2843	0.1875	0.2673	0.2891	0.1307	0.4345	0.3345
204	0.1338	0.2598	0.2747	0.1089	0.2974	0.2332	0.1757	0.2849	0.1875	0.267	0.2892	0.1306	0.4343	0.3346
205	0.1338	0.2605	0.2755	0.1091	0.2981	0.2331	0.1756	0.285	0.1877	0.2678	0.2897	0.1307	0.4342	0.3347
206	0.1331	0.2602	0.2747	0.1094	0.2976	0.2333	0.1759	0.2851	0.1876	0.2677	0.2896	0.1308	0.4344	0.3349
207	0.1326	0.2602	0.2747	0.1095	0.2976	0.2333	0.1756	0.2851	0.1871	0.2668	0.2892	0.1307	0.4343	0.3349
208	0.1323	0.2604	0.2743	0.1087	0.2972	0.2326	0.175	0.2845	0.1871	0.2669	0.2892	0.1307	0.4341	0.3348
209	0.131	0.2602	0.2741	0.1092	0.2974	0.2331	0.1758	0.285	0.1871	0.267	0.2893	0.1307	0.4342	0.335
210	0.1315	0.2628	0.275	0.1099	0.2982	0.2329	0.1754	0.2851	0.1867	0.2665	0.2892	0.1307	0.4345	0.3353
211	0.1311	0.2602	0.2742	0.1097	0.2978	0.2333	0.1758	0.2854	0.1868	0.2668	0.2894	0.1308	0.4349	0.3356
212	0.1306	0.2613	0.2744	0.1099	0.2977	0.2329	0.175	0.2849	0.1873	0.2672	0.2896	0.1307	0.4344	0.3353
213	0.13	0.2588	0.274	0.1103	0.2974	0.2331	0.1756	0.285	0.1875	0.2677	0.2898	0.1307	0.4349	0.3353
214	0.1305	0.2626	0.274	0.1097	0.2973	0.2331	0.1756	0.285	0.1873	0.267	0.2895	0.1308	0.4354	0.3355
215	0.1298	0.2618	0.2744	0.1096	0.2977	0.2331	0.1758	0.2852	0.1875	0.2674	0.2898	0.1308	0.4352	0.3356
216	0.1283	0.2625	0.2742	0.1097	0.2977	0.2334	0.1759	0.2855	0.1877	0.2676	0.29	0.1307	0.4356	0.3358
217	0.1286	0.2613	0.2739	0.1096	0.2975	0.2331	0.1757	0.2853	0.1876	0.2676	0.2901	0.131	0.4361	0.3362
218	0.1289	0.2617	0.2733	0.1095	0.2966	0.2322	0.1753	0.2842	0.1872	0.267	0.2894	0.1309	0.4365	0.3359
219	0.1276	0.2597	0.2737	0.1097	0.2972	0.2328	0.1755	0.2848	0.1872	0.2673	0.2896	0.1309	0.4367	0.3361
220	0.1276	0.2616	0.273	0.1092	0.2967	0.233	0.1761	0.285	0.1873	0.2673	0.2896	0.1309	0.4369	0.3361
221	0.126	0.2636	0.2729	0.1096	0.2967	0.2327	0.176	0.2849	0.1873	0.2667	0.2895	0.1308	0.4366	0.3361
222	0.1273	0.2619	0.274	0.1097	0.2976	0.233	0.1764	0.2853	0.1873	0.2675	0.2899	0.1308	0.4369	0.3364
223	0.1268	0.2638	0.2744	0.1105	0.2978	0.2333	0.1765	0.2853	0.1873	0.2677	0.2899	0.1309	0.437	0.3364
224	0.1264	0.2655	0.2737	0.1093	0.2967	0.233	0.1765	0.2849	0.1874	0.2672	0.2896	0.1309	0.4372	0.3363
225	0.1254	0.2601	0.2728	0.1095	0.2959	0.2326	0.1762	0.2844	0.1873	0.2677	0.2894	0.1308	0.4372	0.336
226	0.1258	0.2656	0.2739	0.1103	0.2968	0.2325	0.1761	0.2844	0.1874	0.2678	0.2897	0.1309	0.4376	0.3363
227	0.125	0.2653	0.274	0.1101	0.297	0.2329	0.1763	0.2848	0.1877	0.2686	0.2902	0.1308	0.437	0.3363
228	0.1252	0.2641	0.2729	0.1096	0.2958	0.233	0.1765	0.2845	0.1876	0.2688	0.2898	0.1308	0.4373	0.336
229	0.1245	0.2656	0.2721	0.1093	0.2947	0.2328	0.1767	0.284	0.1875	0.2689	0.2894	0.1308	0.4376	0.3358
230	0.1242	0.2652	0.2731	0.1099	0.2958	0.233	0.1769	0.2845	0.1874	0.2684	0.2896	0.1306	0.4366	0.3358
231	0.1238	0.2654	0.2729	0.1095	0.2956	0.2326	0.1768	0.2843	0.1878	0.2691	0.2899	0.1307	0.437	0.3359
232	0.1235	0.2677	0.2727	0.1095	0.2955	0.2329	0.1772	0.2846	0.1878	0.269	0.2901	0.1307	0.4369	0.336
233	0.1225	0.269	0.2727	0.1098	0.2958	0.2331	0.1767	0.2848	0.1879	0.2697	0.2905	0.1308	0.4374	0.3364
234	0.1227	0.2662	0.2726	0.11	0.2958	0.2332	0.1771	0.285	0.1876	0.2694	0.2902	0.1308	0.4378	0.3365
235	0.122	0.2651	0.2723	0.1096	0.2954	0.2327	0.1769	0.2846	0.1875	0.2691	0.2901	0.1308	0.4382	0.3366
236	0.1217	0.2648	0.2732	0.1096	0.2959	0.2336	0.1772	0.2851	0.1876	0.2686	0.29	0.1307	0.4374	0.3364
237	0.1206	0.2654	0.2725	0.1096	0.2955	0.2332	0.1772	0.2848	0.1875	0.2694	0.29	0.1308	0.4377	0.3364
238	0.1207	0.2678	0.2725	0.1094	0.2958	0.2333	0.1773	0.2851	0.1873	0.2696	0.2902	0.1309	0.4382	0.3368
239	0.1207	0.2682	0.2727	0.11	0.2957	0.2333	0.1771	0.285	0.1872	0.2692	0.29	0.1308	0.4382	0.3368
240	0.1207	0.266	0.2717	0.1094	0.2946	0.2334	0.1775	0.2847	0.1876	0.27	0.2901	0.1309	0.4383	0.3366
241	0.1203	0.267	0.2715	0.1087	0.2947	0.2328	0.1771	0.2846	0.1876	0.2699	0.2903	0.1308	0.4376	0.3366
242	0.1205	0.266	0.2726	0.1093	0.2959	0.233	0.1769	0.2851	0.1876	0.2701	0.2908	0.1308	0.438	0.3372
243	0.1197	0.2662	0.2724	0.1095	0.2958	0.2329	0.1771	0.2851	0.1877	0.2702	0.2908	0.1309	0.4381	0.3372
244	0.119	0.266	0.2723	0.1096	0.2959	0.233	0.1766	0.2852	0.1879	0.27	0.2911	0.131	0.4382	0.3374
245	0.1197	0.2706	0.2719	0.1092	0.2955	0.233	0.1778	0.2853	0.1881	0.2705	0.2911	0.1308	0.4382	0.3371
246	0.1185	0.2654	0.2718	0.1092	0.2953	0.2323	0.1766	0.2846	0.188	0.2705	0.291	0.1309	0.4387	0.3372
247	0.1183	0.2701	0.2719	0.1095	0.2958	0.2332	0.1773	0.2854	0.188	0.2704	0.2912	0.1309	0.4387	0.3376
248	0.1183	0.2686	0.2724	0.11	0.2963	0.2328	0.1773	0.2853	0.1877	0.2701	0.2911	0.131	0.4391	0.3379
249	0.1183	0.2684	0.2716	0.1091	0.2954	0.2329	0.178	0.2853	0.1878	0.2704	0.2912	0.1308	0.4388	0.3376
250	0.118	0.2695	0.2722	0.1096	0.2954	0.2326	0.1774	0.2848	0.1877	0.2705	0.2909	0.1308	0.4386	0.3373
251	0.1177	0.2738	0.2722	0.1098	0.2953	0.2325	0.1781	0.2848	0.1876	0.2701	0.2906	0.1308	0.4389	0.3373
252	0.1172	0.2713	0.2718	0.1097	0.2953	0.2323	0.1775	0.2848	0.1876	0.2706	0.291	0.1308	0.4391	0.3376
253	0.1166	0.2658	0.272	0.1097	0.2955	0.2323	0.1774	0.2846	0.1877	0.2699	0.2907	0.1308	0.4391	0.3373
254	0.1166	0.2714	0.2715	0.109	0.295	0.2322	0.1772	0.2845	0.1877	0.2708	0.291	0.1308	0.4391	0.3374
255	0.116	0.2728	0.2725	0.1101	0.2952	0.2322	0.1777	0.2842	0.1877	0.2702	0.2906	0.1308	0.4395	0.3373
256	0.1167	0.27	0.272	0.1101	0.2952	0.2326	0.178	0.2847	0.1879	0.2712	0.2912	0.1306	0.4388	0.3372
257	0.1153	0.2722	0.2723	0.1102	0.296	0.2328	0.1776	0.2852	0.1878	0.2703	0.2912	0.1307	0.4389	0.3377
258	0.1147	0.271	0.2725	0.1101	0.2952	0.2321	0.1768	0.2841	0.188	0.2711	0.291	0.1308	0.4389	0.3372
259	0.1156	0.2709	0.2723	0.1102	0.2951	0.2323	0.1768	0.2841	0.188	0.2711	0.2909	0.1308	0.4393	0.3372
260	0.115	0.2703	0.2712	0.1099	0.2944	0.2323	0.1772	0.2841	0.1881	0.2711	0.2908	0.1307	0.4392	0.3371
261	0.1151	0.2705	0.2715	0.1096	0.2944	0.2318	0.1772	0.2838	0.1882	0.2711	0.2908	0.1306	0.4392	0.3369
262	0.1143	0.2699	0.272	0.1103	0.295	0.2321	0.1774	0.2842	0.1883	0.2715	0.2912	0.1307	0.4396	0.3373
263	0.1133	0.2727	0.2726	0.1102	0.2954	0.2318	0.1773	0.2842	0.1887	0.2723	0.2918	0.1308	0.4397	0.3376
264	0.1136	0.2746	0.2724	0.1102	0.2958	0.2317	0.1771	0.2843	0.1882	0.2713	0.2914	0.1308	0.4397	0.3378
265	0.1134	0.2732	0.2727	0.1101	0.2952	0.2313	0.1764	0.2835	0.1883	0.2711	0.291	0.1308	0.4401	0.3375
266	0.1134	0.2723	0.2725	0.1098	0.2953	0.2311	0.1762	0.2835	0.1881	0.2711	0.2911	0.1308	0.4395	0.3375
267	0.1133	0.2722	0.2719	0.11	0.2952	0.2312	0.1762	0.2836	0.188	0.2715	0.2912	0.1307	0.4395	0.3375
268	0.1126	0.2746	0.272	0.1099	0.295	0.2315	0.1765	0.2837	0.1879	0.2717	0.2911	0.1307	0.4392	0.3374
269	0.1121	0.2748	0.2721	0.1104	0.2951	0.2312	0.1769	0.2835	0.1883	0.272	0.2913	0.1306	0.4392	0.3373
270	0.1128	0.2739	0.2713	0.11	0.2947	0.2312	0.1766	0.2835	0.1883	0.2722	0.2914	0.1307	0.4393	0.3375
271	0.112	0.273	0.2721	0.1106	0.295	0.2308	0.1765	0.2831	0.1876	0.2711	0.2906	0.1306	0.4398	0.3373
272	0.1118	0.2741	0.2721	0.1103	0.2945	0.2308	0.1767	0.2829	0.1876	0.2713	0.2904	0.1306	0.4398	0.3371
273	0.1107	0.2748	0.2717	0.11	0.2944	0.2313	0.1769	0.2833	0.1877	0.2712	0.2905	0.1305	0.4396	0.3371
274	0.1117	0.2748	0.2715	0.11	0.2944	0.2317	0.1771	0.2836	0.1876	0.2712	0.2905	0.1305	0.4394	0.337
275	0.1108	0.2743	0.2708	0.1096	0.2943	0.2313	0.1772	0.2837	0.1876	0.271	0.2907	0.1306	0.4401	0.3375
276	0.1108	0.2745	0.2714	0.1096	0.2948	0.2314	0.1772	0.2838	0.1873	0.2705	0.2905	0.1305	0.4394	0.3373
277	0.1101	0.2752	0.2719	0.1098	0.2952	0.2314	0.1772	0.284	0.1874	0.2705	0.2906	0.1306	0.4396	0.3375
278	0.1105	0.2787	0.2715	0.11	0.2948	0.2318	0.1775	0.284	0.1873	0.2708	0.2904	0.1305	0.4393	0.3372
279	0.1095	0.2772	0.2714	0.1101	0.295	0.2313	0.1773	0.2839	0.1876	0.2713	0.2909	0.1305	0.4392	0.3373
280	0.1099	0.2764	0.2721	0.1102	0.2955	0.2315	0.1773	0.2841	0.1876	0.2715	0.291	0.1304	0.4396	0.3375
281	0.1098	0.2768	0.2714	0.11	0.295	0.2317	0.1776	0.2843	0.1875	0.2717	0.2911	0.1305	0.4398	0.3378
282	0.1092	0.276	0.2711	0.1102	0.2946	0.2316	0.1775	0.284	0.1874	0.2715	0.2909	0.1306	0.4397	0.3376
283	0.1103	0.2751	0.2712	0.1102	0.2945	0.2313	0.1775	0.2837	0.1874	0.2716	0.2908	0.1304	0.4401	0.3375
284	0.1085	0.2798	0.2708	0.1097	0.2943	0.2314	0.1779	0.2839	0.1873	0.2715	0.2907	0.1304	0.4401	0.3375
285	0.1088	0.2802	0.2711	0.1102	0.2945	0.2308	0.1769	0.2833	0.1876	0.2725	0.2911	0.1304	0.4398	0.3375
286	0.108	0.2774	0.2703	0.11	0.2933	0.2309	0.1773	0.283	0.1873	0.2718	0.2903	0.1303	0.4397	0.337
287	0.1086	0.2815	0.2702	0.1099	0.2933	0.2311	0.1774	0.2831	0.1871	0.2716	0.2902	0.1302	0.4392	0.3368
288	0.108	0.2754	0.2716	0.1107	0.2941	0.2306	0.1773	0.2828	0.1868	0.2708	0.2898	0.1304	0.4399	0.337
289	0.1077	0.2796	0.2718	0.1106	0.2946	0.231	0.1773	0.2833	0.1868	0.2709	0.2901	0.1304	0.4398	0.3372
290	0.1072	0.2825	0.2716	0.1105	0.2943	0.2305	0.1774	0.283	0.1872	0.2715	0.2904	0.1304	0.4399	0.3372
291	0.1077	0.2789	0.2715	0.1107	0.2945	0.2312	0.1775	0.2835	0.187	0.2711	0.2903	0.1303	0.44	0.3373
292	0.1071	0.2813	0.2716	0.111	0.2948	0.2313	0.178	0.2837	0.1872	0.2715	0.2906	0.1302	0.4397	0.3373
293	0.1065	0.2797	0.2707	0.1103	0.294	0.2311	0.178	0.2835	0.1871	0.2712	0.2902	0.1301	0.4394	0.3369
294	0.1074	0.2784	0.271	0.1101	0.2935	0.2309	0.1779	0.2828	0.1869	0.2715	0.2898	0.1301	0.4397	0.3366
295	0.1063	0.2803	0.2712	0.1103	0.2936	0.2306	0.1774	0.2826	0.1869	0.2711	0.2897	0.1301	0.4399	0.3366
296	0.1062	0.2819	0.2719	0.1107	0.2947	0.2307	0.1778	0.2832	0.187	0.2712	0.2902	0.1301	0.4396	0.3369
297	0.106	0.2815	0.2719	0.1104	0.295	0.2308	0.178	0.2836	0.1871	0.2712	0.2905	0.13	0.4392	0.337
298	0.1059	0.282	0.2722	0.1106	0.295	0.2306	0.1781	0.2834	0.187	0.2716	0.2905	0.13	0.4394	0.3371
299	0.105	0.2821	0.2713	0.1106	0.2944	0.2306	0.178	0.2833	0.1868	0.2714	0.2903	0.13	0.4394	0.337
300	0.1057	0.2838	0.27	0.1102	0.293	0.2306	0.1777	0.2827	0.1868	0.2709	0.2898	0.13	0.4392	0.3366
301	0.1049	0.2798	0.2697	0.1104	0.2929	0.2304	0.1777	0.2828	0.1865	0.2708	0.2898	0.1301	0.4398	0.3369
302	0.1046	0.2834	0.2705	0.1107	0.2936	0.2303	0.1778	0.2828	0.1867	0.2708	0.29	0.13	0.4395	0.3369
303	0.1048	0.2823	0.2706	0.1107	0.2932	0.2303	0.1778	0.2826	0.187	0.271	0.2899	0.1299	0.4396	0.3367
304	0.1046	0.2826	0.2709	0.1107	0.2937	0.23	0.1773	0.2826	0.1867	0.2707	0.2899	0.1299	0.4397	0.337
305	0.1042	0.2816	0.2709	0.111	0.2938	0.2303	0.1777	0.2827	0.1866	0.2708	0.2898	0.13	0.4398	0.3369
306	0.1042	0.2873	0.2707	0.1107	0.2935	0.2296	0.1769	0.282	0.1865	0.2705	0.2895	0.1299	0.44	0.3368
307	0.1042	0.2841	0.2707	0.111	0.2935	0.2297	0.1776	0.2822	0.1864	0.2708	0.2895	0.1299	0.4403	0.3368
308	0.1039	0.2821	0.2701	0.1103	0.293	0.2305	0.1781	0.2827	0.1861	0.2698	0.2891	0.1299	0.4399	0.3367
309	0.1036	0.284	0.2697	0.1102	0.2928	0.2294	0.1772	0.2819	0.1863	0.2707	0.2894	0.1298	0.44	0.3368
310	0.1034	0.2871	0.2688	0.1102	0.2919	0.2296	0.1773	0.2817	0.1863	0.2708	0.2892	0.13	0.4406	0.3367
311	0.1035	0.2828	0.2697	0.1108	0.2928	0.2301	0.178	0.2825	0.1862	0.2709	0.2894	0.1299	0.4408	0.337
312	0.103	0.2835	0.2697	0.1107	0.2929	0.23	0.1784	0.2825	0.186	0.271	0.2894	0.1298	0.4408	0.3369
313	0.1031	0.2831	0.2697	0.1104	0.2924	0.2298	0.1781	0.2821	0.1861	0.2713	0.2891	0.1298	0.4405	0.3366
314	0.1027	0.2839	0.2699	0.1106	0.2928	0.2296	0.1782	0.2821	0.186	0.2713	0.2893	0.1299	0.4409	0.3369
315	0.1024	0.2889	0.2695	0.1108	0.2925	0.2298	0.1781	0.2822	0.1861	0.2712	0.2893	0.1299	0.4409	0.3369
316	0.1027	0.2879	0.2705	0.1108	0.2932	0.2294	0.1777	0.282	0.186	0.2706	0.2892	0.1299	0.4411	0.337
317	0.1023	0.2888	0.27	0.1107	0.2925	0.2295	0.1779	0.2817	0.186	0.2707	0.2889	0.1298	0.4407	0.3366
318	0.1016	0.285	0.2697	0.1105	0.2922	0.2291	0.1779	0.2813	0.1859	0.2709	0.2888	0.1297	0.4406	0.3364
319	0.1019	0.2881	0.2689	0.1103	0.2918	0.2291	0.1774	0.2813	0.186	0.2708	0.289	0.1299	0.4406	0.3366
320	0.1013	0.2862	0.2695	0.1105	0.2922	0.2293	0.1774	0.2814	0.1862	0.2714	0.2892	0.1299	0.4403	0.3366
321	0.101	0.2887	0.2699	0.1107	0.2924	0.2292	0.1774	0.2814	0.186	0.271	0.289	0.1299	0.4403	0.3366
322	0.1019	0.2895	0.2692	0.1107	0.2922	0.2299	0.1783	0.2821	0.1861	0.2713	0.2893	0.1298	0.4402	0.3367
323	0.1008	0.2883	0.2702	0.1111	0.2926	0.23	0.1783	0.2821	0.1857	0.2708	0.2889	0.1297	0.4402	0.3365
324	0.1006	0.288	0.2698	0.1108	0.2921	0.2307	0.1789	0.2824	0.1859	0.2711	0.2888	0.1296	0.4396	0.3362
325	0.1008	0.2892	0.2692	0.1108	0.292	0.2304	0.1788	0.2825	0.1856	0.271	0.2889	0.1296	0.4398	0.3364
326	0.1009	0.2898	0.2696	0.111	0.2924	0.2302	0.1785	0.2822	0.1859	0.2713	0.289	0.1296	0.4402	0.3363
327	0.1003	0.2911	0.2686	0.111	0.291	0.23	0.1787	0.2816	0.1858	0.2713	0.2885	0.1297	0.4404	0.336
328	0.1006	0.2908	0.2692	0.1106	0.2916	0.2303	0.1789	0.282	0.186	0.2713	0.2887	0.1296	0.4401	0.336
329	0.1006	0.292	0.2683	0.1102	0.2907	0.2299	0.1785	0.2813	0.1859	0.2715	0.2885	0.1296	0.4399	0.3357
330	0.1004	0.286	0.268	0.1104	0.2905	0.2297	0.1788	0.2813	0.1858	0.2709	0.2883	0.1295	0.4399	0.3357
331	0.1003	0.2905	0.2678	0.1101	0.2905	0.2293	0.1781	0.2811	0.1857	0.271	0.2885	0.1295	0.4396	0.3358
332	0.0999	0.2877	0.2686	0.1099	0.2908	0.229	0.1779	0.2808	0.1858	0.2714	0.2885	0.1294	0.4398	0.3358
333	0.0998	0.2952	0.2681	0.1097	0.2905	0.229	0.1784	0.2808	0.1857	0.2716	0.2884	0.1294	0.44	0.3357
334	0.0993	0.2896	0.2684	0.1098	0.2906	0.2292	0.178	0.2808	0.1856	0.2713	0.2883	0.1294	0.44	0.3357
335	0.0989	0.2923	0.2678	0.1092	0.2902	0.2291	0.1784	0.2809	0.1851	0.2706	0.2878	0.1294	0.4397	0.3355
336	0.0982	0.2921	0.2669	0.1091	0.2898	0.229	0.1785	0.2809	0.1852	0.2702	0.2878	0.1293	0.4394	0.3354
337	0.0987	0.2954	0.2673	0.1095	0.2897	0.2284	0.1775	0.28	0.1852	0.2699	0.2874	0.1293	0.4396	0.3352
338	0.0984	0.2907	0.2666	0.1091	0.2894	0.2285	0.1777	0.2801	0.1855	0.2711	0.2879	0.1292	0.4396	0.3352
339	0.0984	0.2913	0.2667	0.1094	0.2895	0.2289	0.1781	0.2804	0.1852	0.2706	0.2876	0.1292	0.4396	0.3353
340	0.0986	0.2921	0.2677	0.1091	0.2905	0.2288	0.1779	0.2806	0.1851	0.2701	0.2877	0.1291	0.4394	0.3354
341	0.098	0.2921	0.2672	0.1093	0.2905	0.2291	0.1781	0.2812	0.1851	0.2705	0.2881	0.129	0.4389	0.3355
342	0.0978	0.2909	0.2673	0.1093	0.2899	0.2294	0.1783	0.2809	0.1853	0.2709	0.2879	0.129	0.4387	0.335
343	0.0978	0.2933	0.2676	0.1092	0.29	0.2293	0.1781	0.2807	0.1853	0.2712	0.2879	0.1291	0.4393	0.3352
344	0.0979	0.2916	0.268	0.1097	0.2905	0.2289	0.1779	0.2806	0.1856	0.271	0.2881	0.129	0.4389	0.3351
345	0.0974	0.297	0.2681	0.1101	0.291	0.229	0.1779	0.281	0.1852	0.2712	0.2884	0.1289	0.4386	0.3354
346	0.0972	0.2948	0.2682	0.1101	0.2911	0.2287	0.1778	0.2808	0.1853	0.2706	0.2883	0.1288	0.4383	0.3353
347	0.097	0.2921	0.2672	0.1099	0.2907	0.2289	0.1777	0.2811	0.1853	0.2711	0.2886	0.1289	0.4386	0.3356
348	0.0974	0.2943	0.2674	0.1097	0.2905	0.2288	0.1776	0.2808	0.1851	0.2708	0.2882	0.1288	0.4385	0.3352
349	0.0971	0.2936	0.2686	0.1101	0.2916	0.2286	0.1773	0.2809	0.1851	0.2704	0.2883	0.1289	0.4383	0.3355
350	0.0972	0.2915	0.2686	0.1103	0.2914	0.2281	0.1771	0.2805	0.1849	0.2705	0.2881	0.1289	0.4387	0.3354
351	0.0971	0.296	0.2677	0.1099	0.2904	0.2283	0.1768	0.2803	0.1848	0.2705	0.2879	0.1288	0.439	0.3353
352	0.0963	0.297	0.2683	0.11	0.2907	0.2284	0.1775	0.2804	0.1848	0.2708	0.2879	0.1288	0.4388	0.3352
353	0.0974	0.2948	0.2683	0.1099	0.2908	0.2276	0.177	0.2799	0.185	0.271	0.2881	0.1288	0.4386	0.3352
354	0.0964	0.2945	0.2676	0.1095	0.2903	0.2274	0.177	0.2798	0.1846	0.2706	0.2877	0.1289	0.4387	0.3353
355	0.0965	0.2903	0.2683	0.1105	0.2909	0.2278	0.1774	0.2801	0.1846	0.2703	0.2876	0.1288	0.438	0.335
356	0.0958	0.293	0.2681	0.1103	0.2904	0.2278	0.1773	0.2798	0.1844	0.2701	0.2873	0.1288	0.4381	0.3348
357	0.096	0.2939	0.2675	0.1101	0.2902	0.228	0.1775	0.2801	0.1845	0.2701	0.2874	0.129	0.4386	0.3351
358	0.0964	0.2959	0.2679	0.1101	0.2902	0.2281	0.1778	0.28	0.1846	0.2707	0.2875	0.1288	0.4384	0.3349
359	0.0955	0.2958	0.2679	0.1103	0.2901	0.2275	0.1777	0.2796	0.1846	0.2704	0.2874	0.1288	0.4382	0.3348
360	0.0953	0.3004	0.267	0.11	0.2895	0.2277	0.1781	0.2798	0.1845	0.2699	0.2872	0.1288	0.4386	0.3348
361	0.0957	0.2952	0.2673	0.1103	0.29	0.228	0.1778	0.28	0.1846	0.27	0.2874	0.1287	0.4383	0.3349
362	0.0955	0.3002	0.2671	0.1103	0.2903	0.228	0.1779	0.2804	0.1849	0.2705	0.2881	0.1287	0.4383	0.3352
363	0.0951	0.2987	0.2685	0.1107	0.2913	0.2283	0.1785	0.2809	0.1848	0.2707	0.2882	0.1287	0.4383	0.3353
364	0.0956	0.2979	0.2683	0.1104	0.2909	0.228	0.1781	0.2805	0.1846	0.2704	0.2878	0.1287	0.4385	0.3352
365	0.0952	0.2968	0.2675	0.1099	0.2902	0.2278	0.1777	0.2801	0.1846	0.2706	0.2878	0.1286	0.4384	0.3351
366	0.0953	0.2982	0.2674	0.1101	0.2903	0.2274	0.1772	0.2798	0.1844	0.2707	0.2877	0.1286	0.4383	0.335
367	0.0941	0.2984	0.2674	0.1104	0.2908	0.2283	0.1781	0.2809	0.1846	0.2709	0.2882	0.1287	0.4388	0.3355
368	0.0946	0.2989	0.2678	0.1107	0.2904	0.2288	0.1785	0.2808	0.1846	0.2707	0.2878	0.1287	0.4388	0.3352
369	0.0942	0.3007	0.2676	0.1106	0.29	0.2285	0.1785	0.2805	0.1842	0.2704	0.2874	0.1286	0.4386	0.335
370	0.0947	0.3011	0.2682	0.1108	0.2904	0.2289	0.1784	0.2806	0.184	0.2702	0.2872	0.1288	0.4393	0.3352
371	0.094	0.2982	0.2682	0.111	0.2907	0.2281	0.1778	0.2802	0.1839	0.2698	0.2871	0.1286	0.4387	0.3351
372	0.0939	0.2989	0.2679	0.1109	0.2905	0.2278	0.1776	0.2799	0.1838	0.2698	0.287	0.1285	0.4383	0.3348
373	0.0941	0.296	0.2676	0.1107	0.2899	0.228	0.1783	0.2799	0.1843	0.27	0.2871	0.1283	0.438	0.3344
374	0.0937	0.3013	0.2679	0.1108	0.2899	0.2279	0.178	0.2797	0.1841	0.2698	0.2869	0.1284	0.4382	0.3344
375	0.0936	0.297	0.2681	0.1109	0.2902	0.2278	0.1777	0.2797	0.1839	0.2697	0.2869	0.1284	0.4382	0.3346
376	0.0935	0.2981	0.2673	0.1108	0.2897	0.2279	0.1777	0.2798	0.1841	0.2699	0.287	0.1285	0.4384	0.3347
377	0.0932	0.3039	0.2677	0.1111	0.2902	0.2279	0.1775	0.2798	0.1841	0.2702	0.2871	0.1284	0.4383	0.3346
378	0.093	0.3039	0.2678	0.1107	0.2897	0.2277	0.1774	0.2793	0.1843	0.2706	0.287	0.1284	0.4385	0.3344
379	0.0935	0.3032	0.268	0.1107	0.2898	0.2277	0.1775	0.2794	0.1845	0.2716	0.2875	0.1284	0.4387	0.3345
380	0.0929	0.3033	0.2675	0.1106	0.2896	0.2275	0.1769	0.2794	0.1846	0.271	0.2875	0.1283	0.4381	0.3345
381	0.0928	0.3027	0.2675	0.1106	0.2897	0.2275	0.1775	0.2794	0.1842	0.2709	0.2872	0.1284	0.4377	0.3344
382	0.0927	0.3037	0.2669	0.1103	0.2892	0.2278	0.1778	0.2796	0.184	0.271	0.2871	0.1284	0.438	0.3346
383	0.0924	0.303	0.2676	0.1105	0.2896	0.2269	0.1771	0.2791	0.1839	0.2705	0.287	0.1282	0.438	0.3344
384	0.0927	0.3051	0.2672	0.1107	0.2894	0.2267	0.1771	0.2788	0.1838	0.2708	0.2869	0.1282	0.4378	0.3342
385	0.0928	0.3052	0.2668	0.1104	0.2891	0.2268	0.1773	0.2788	0.1838	0.2705	0.2867	0.1283	0.4381	0.3342
386	0.0923	0.3016	0.2659	0.1106	0.2883	0.2261	0.1769	0.278	0.1837	0.2702	0.2864	0.1282	0.4381	0.334
387	0.092	0.3058	0.2664	0.1107	0.2886	0.2261	0.1766	0.2781	0.1837	0.2707	0.2866	0.1282	0.4381	0.3341
388	0.0922	0.3071	0.2658	0.1106	0.2877	0.2258	0.1765	0.2776	0.1836	0.2708	0.2863	0.128	0.4377	0.3336
389	0.0916	0.3042	0.2656	0.1106	0.2879	0.2265	0.1769	0.2783	0.1838	0.2707	0.2866	0.1281	0.4378	0.3339
390	0.0917	0.3041	0.2654	0.1104	0.2878	0.2261	0.1765	0.2779	0.1838	0.2708	0.2865	0.1281	0.4383	0.334
391	0.0918	0.3039	0.2657	0.1104	0.2875	0.2264	0.1767	0.2778	0.1838	0.2703	0.2861	0.128	0.4378	0.3335
392	0.0916	0.3053	0.2658	0.1098	0.2875	0.2259	0.1761	0.2775	0.1837	0.2702	0.2861	0.128	0.4375	0.3335
393	0.0918	0.3047	0.2662	0.1104	0.2881	0.2261	0.1766	0.278	0.1835	0.27	0.2862	0.1279	0.4377	0.3337
394	0.0914	0.3064	0.2665	0.1107	0.2883	0.2259	0.177	0.2779	0.1835	0.2696	0.2861	0.1279	0.4377	0.3337
395	0.0908	0.3039	0.2668	0.1112	0.2891	0.2264	0.1771	0.2786	0.1833	0.2701	0.2864	0.1279	0.4374	0.3339
396	0.0913	0.3003	0.2662	0.1108	0.2886	0.2258	0.1767	0.2782	0.1836	0.2699	0.2865	0.1278	0.4373	0.3338
397	0.0909	0.3036	0.2662	0.1112	0.2885	0.2263	0.1768	0.2783	0.1832	0.2698	0.2861	0.1278	0.4375	0.3338
398	0.091	0.3072	0.2666	0.1114	0.2883	0.2263	0.1768	0.278	0.1831	0.2699	0.2859	0.1277	0.4371	0.3334
399	0.0903	0.3059	0.2662	0.1113	0.288	0.2264	0.177	0.278	0.1832	0.2699	0.2859	0.1277	0.437	0.3332
400	0.0912	0.3055	0.2661	0.1111	0.2883	0.2266	0.177	0.2783	0.1829	0.2697	0.2858	0.1275	0.4368	0.3332
401	0.0906	0.304	0.2658	0.1112	0.2881	0.2266	0.1769	0.2783	0.1832	0.2698	0.286	0.1276	0.4369	0.3333
402	0.091	0.3091	0.2654	0.1111	0.2878	0.2268	0.1771	0.2784	0.1832	0.2695	0.286	0.1275	0.4361	0.3331
403	0.0908	0.3052	0.2661	0.1111	0.2885	0.2264	0.1767	0.2783	0.1831	0.2698	0.2862	0.1274	0.436	0.3333
404	0.0905	0.3058	0.2666	0.1114	0.2889	0.2266	0.1771	0.2786	0.1831	0.2696	0.2863	0.1275	0.4363	0.3335
405	0.0905	0.3065	0.2665	0.111	0.2888	0.2268	0.1773	0.2788	0.1831	0.2696	0.2863	0.1276	0.4365	0.3336
406	0.0903	0.3108	0.2669	0.1113	0.2894	0.2268	0.1769	0.279	0.1834	0.2704	0.2869	0.1275	0.436	0.3337
407	0.0899	0.3074	0.2677	0.1114	0.2894	0.2267	0.1774	0.2787	0.1836	0.2702	0.2866	0.1274	0.4361	0.3333
408	0.0903	0.3068	0.2687	0.1122	0.2901	0.2266	0.1768	0.2784	0.1834	0.2698	0.2863	0.1274	0.4362	0.3332
409	0.0905	0.3076	0.2675	0.1121	0.2891	0.2259	0.1765	0.2777	0.1832	0.2704	0.2861	0.1274	0.4364	0.3332
410	0.0895	0.3095	0.2677	0.1122	0.2895	0.226	0.1766	0.278	0.1832	0.2706	0.2864	0.1275	0.4365	0.3334
411	0.09	0.3082	0.2672	0.1124	0.289	0.2258	0.1762	0.2777	0.1831	0.2706	0.2862	0.1274	0.4363	0.3331
412	0.0901	0.3076	0.266	0.1118	0.2885	0.2257	0.1767	0.2779	0.1829	0.2703	0.2862	0.1274	0.4365	0.3334
413	0.0899	0.3094	0.2663	0.1116	0.2884	0.2255	0.1765	0.2777	0.1827	0.2703	0.2861	0.1274	0.4363	0.3333
414	0.0898	0.3073	0.266	0.1115	0.2881	0.2255	0.1769	0.2776	0.1826	0.2697	0.2857	0.1273	0.4364	0.3331
415	0.0895	0.3105	0.2656	0.1117	0.2881	0.226	0.1774	0.2781	0.1827	0.2703	0.286	0.1272	0.436	0.3331
416	0.0892	0.3097	0.2643	0.1115	0.2874	0.2257	0.1773	0.278	0.1826	0.27	0.286	0.1272	0.4356	0.3331
417	0.089	0.3089	0.2655	0.1118	0.2877	0.2259	0.177	0.2777	0.1827	0.2704	0.2858	0.1274	0.436	0.3329
418	0.0894	0.3135	0.2657	0.1119	0.288	0.2253	0.1771	0.2776	0.1828	0.2708	0.2861	0.1271	0.4359	0.3329
419	0.0889	0.3101	0.2654	0.1118	0.2876	0.226	0.1775	0.278	0.1829	0.2711	0.2862	0.1271	0.4356	0.3327
420	0.0888	0.3104	0.2648	0.1115	0.2872	0.2257	0.1771	0.2776	0.1829	0.2709	0.2861	0.1272	0.4359	0.3329
421	0.0889	0.3124	0.2644	0.1113	0.2869	0.226	0.1773	0.2777	0.1828	0.2705	0.2859	0.1273	0.4362	0.3329
422	0.0889	0.3119	0.2649	0.1117	0.2874	0.2258	0.1773	0.2777	0.1826	0.2704	0.2858	0.1271	0.4359	0.3328
423	0.089	0.3117	0.2638	0.1113	0.2859	0.2252	0.1771	0.2768	0.1825	0.2701	0.2853	0.127	0.4358	0.3324
424	0.0888	0.3099	0.2637	0.1111	0.2863	0.2253	0.1766	0.2771	0.1827	0.2698	0.2855	0.1271	0.4364	0.3327
425	0.0885	0.3146	0.264	0.1112	0.286	0.225	0.1768	0.2767	0.1828	0.2707	0.2856	0.1271	0.4363	0.3326
426	0.0878	0.3112	0.2636	0.1104	0.2856	0.2251	0.1764	0.2766	0.1825	0.2699	0.2852	0.127	0.4361	0.3323
427	0.0884	0.3114	0.2629	0.11	0.2852	0.2251	0.1765	0.2768	0.1824	0.2697	0.2851	0.1271	0.4361	0.3325
428	0.0881	0.312	0.2638	0.1104	0.2855	0.2252	0.1769	0.2767	0.1824	0.2697	0.285	0.127	0.4352	0.3321
429	0.0886	0.3157	0.2642	0.1107	0.2857	0.2253	0.177	0.2767	0.182	0.2694	0.2847	0.1269	0.4355	0.3321
430	0.0882	0.3138	0.2638	0.1106	0.286	0.2253	0.177	0.2771	0.1821	0.2695	0.2851	0.1269	0.4353	0.3323
431	0.0878	0.3117	0.2641	0.111	0.286	0.2253	0.177	0.2769	0.182	0.2694	0.2849	0.1269	0.435	0.3321
432	0.0877	0.3129	0.2647	0.1112	0.2868	0.2254	0.1771	0.2773	0.1819	0.2689	0.285	0.1268	0.4353	0.3323
433	0.0876	0.3129	0.2646	0.1108	0.2864	0.2255	0.1766	0.2771	0.1821	0.2694	0.285	0.1269	0.4356	0.3322
434	0.0879	0.307	0.2638	0.111	0.2857	0.2256	0.1769	0.2769	0.182	0.2695	0.2848	0.1268	0.4353	0.3319
435	0.0876	0.3159	0.2632	0.1107	0.2852	0.2258	0.1774	0.2771	0.1819	0.2691	0.2846	0.1267	0.4351	0.3319
436	0.0882	0.3149	0.2631	0.1103	0.2849	0.2254	0.177	0.2765	0.1816	0.269	0.2842	0.1268	0.4352	0.3316
437	0.0874	0.3154	0.2635	0.1104	0.2856	0.2254	0.1771	0.2769	0.1813	0.2685	0.2842	0.1267	0.4349	0.3316
438	0.0876	0.3168	0.2637	0.1105	0.2859	0.2253	0.1769	0.277	0.1812	0.2681	0.2842	0.1267	0.4348	0.3318
439	0.0871	0.3139	0.2636	0.1108	0.2857	0.2253	0.1772	0.2769	0.1813	0.2687	0.2843	0.1268	0.4354	0.332
440	0.0869	0.3139	0.2635	0.1107	0.2857	0.2252	0.1766	0.2768	0.1812	0.2682	0.2841	0.1267	0.4346	0.3317
441	0.0873	0.3157	0.2631	0.1104	0.2853	0.2256	0.1771	0.2771	0.1812	0.2683	0.2841	0.1267	0.4346	0.3317
442	0.0871	0.3164	0.2634	0.1107	0.2853	0.225	0.1768	0.2765	0.1811	0.2679	0.2839	0.1267	0.4348	0.3316
443	0.0866	0.3162	0.2637	0.1111	0.2857	0.2247	0.177	0.2765	0.1812	0.2678	0.2841	0.1267	0.4348	0.3318
444	0.0869	0.317	0.264	0.1109	0.2857	0.225	0.1771	0.2767	0.1815	0.2684	0.2843	0.1267	0.4347	0.3318
445	0.0871	0.3157	0.2636	0.1106	0.2854	0.2255	0.1774	0.277	0.1812	0.2678	0.2841	0.1267	0.4349	0.3318
446	0.087	0.3167	0.2643	0.111	0.2859	0.2249	0.1769	0.2766	0.1809	0.2675	0.2839	0.1267	0.4349	0.3319
447	0.0866	0.3155	0.264	0.111	0.2857	0.2249	0.1769	0.2765	0.1809	0.2677	0.2838	0.1266	0.4344	0.3316
448	0.0863	0.3175	0.2638	0.1107	0.2858	0.2247	0.1766	0.2764	0.181	0.2675	0.2839	0.1265	0.4345	0.3316
449	0.0864	0.3129	0.2629	0.1105	0.2849	0.225	0.1772	0.2765	0.1812	0.2677	0.2838	0.1266	0.4347	0.3315
450	0.0862	0.3186	0.2633	0.1108	0.2853	0.2251	0.1772	0.2766	0.1811	0.2679	0.2839	0.1266	0.4346	0.3315
451	0.0862	0.3157	0.263	0.1109	0.2849	0.2244	0.1767	0.276	0.1811	0.2676	0.2837	0.1265	0.4341	0.3313
452	0.0863	0.3162	0.2645	0.1109	0.2856	0.2244	0.1768	0.2758	0.1812	0.2681	0.2837	0.1264	0.4339	0.3311
453	0.0858	0.3159	0.2642	0.111	0.2852	0.2247	0.1768	0.2758	0.1812	0.2677	0.2834	0.1265	0.434	0.3309
454	0.0861	0.3201	0.2639	0.1106	0.285	0.2243	0.1764	0.2755	0.1811	0.2677	0.2834	0.1264	0.4342	0.331
455	0.0858	0.3157	0.263	0.1107	0.2846	0.2241	0.1763	0.2754	0.1811	0.2679	0.2834	0.1265	0.4347	0.331
456	0.0858	0.3196	0.2628	0.1106	0.2844	0.2239	0.1759	0.2752	0.1811	0.2678	0.2834	0.1264	0.4345	0.331
457	0.0865	0.3203	0.2635	0.1105	0.2851	0.2239	0.1761	0.2754	0.181	0.2677	0.2834	0.1263	0.4342	0.3309
458	0.0856	0.317	0.2638	0.1108	0.2857	0.2236	0.1758	0.2754	0.181	0.2679	0.2836	0.1264	0.4347	0.3312
459	0.086	0.3225	0.2644	0.1107	0.286	0.2241	0.1761	0.2757	0.181	0.2678	0.2836	0.1264	0.4347	0.3312
460	0.0851	0.3189	0.264	0.1107	0.2859	0.224	0.1761	0.2759	0.1809	0.2678	0.2837	0.1263	0.4346	0.3313
461	0.0851	0.3153	0.2651	0.1114	0.2869	0.2242	0.176	0.2762	0.1805	0.2676	0.2837	0.1263	0.4347	0.3315
462	0.086	0.3207	0.2648	0.111	0.2861	0.2245	0.1762	0.2759	0.181	0.2682	0.2837	0.1263	0.4344	0.3311
463	0.0853	0.3239	0.2645	0.1109	0.2863	0.2242	0.1765	0.2761	0.1809	0.268	0.2837	0.1263	0.4348	0.3313
464	0.0851	0.3193	0.2643	0.1111	0.286	0.2246	0.1762	0.276	0.1811	0.2682	0.2838	0.1263	0.4347	0.3313
465	0.0854	0.3203	0.2638	0.1109	0.2856	0.2246	0.1764	0.276	0.1809	0.2685	0.2837	0.1262	0.4343	0.331
466	0.0856	0.3192	0.2634	0.1107	0.2857	0.2247	0.1761	0.2762	0.1808	0.2683	0.2837	0.1262	0.4342	0.3311
467	0.085	0.3205	0.2645	0.1111	0.2862	0.2248	0.1763	0.2763	0.1808	0.2683	0.2837	0.1261	0.4337	0.3309
468	0.0852	0.3168	0.2645	0.1108	0.2864	0.2247	0.1765	0.2765	0.1812	0.2683	0.284	0.1261	0.4338	0.3311
469	0.0852	0.3203	0.2646	0.1108	0.2867	0.2252	0.1769	0.2771	0.181	0.2677	0.284	0.1262	0.4346	0.3315
470	0.0851	0.3187	0.2639	0.1107	0.2863	0.2253	0.177	0.2771	0.1811	0.2681	0.2842	0.1261	0.4344	0.3314
471	0.0849	0.3162	0.2647	0.111	0.2865	0.2249	0.177	0.2767	0.1807	0.2675	0.2836	0.1261	0.4344	0.3312
472	0.0852	0.3226	0.2643	0.1107	0.2863	0.2253	0.1768	0.2769	0.1808	0.2675	0.2837	0.1261	0.4341	0.3312
473	0.0848	0.3194	0.2635	0.1104	0.2858	0.225	0.1768	0.2767	0.1807	0.2676	0.2836	0.1261	0.4343	0.3312
474	0.0851	0.3198	0.2636	0.1102	0.286	0.2242	0.1766	0.2763	0.1806	0.2677	0.2837	0.1259	0.4336	0.3309
475	0.0851	0.3191	0.2634	0.1108	0.2857	0.2241	0.1763	0.276	0.1808	0.268	0.2837	0.1258	0.4337	0.3308
476	0.0846	0.3191	0.2644	0.1111	0.2866	0.2241	0.1763	0.2763	0.1806	0.2677	0.2838	0.1258	0.4335	0.3309
477	0.0844	0.3177	0.2647	0.1109	0.2867	0.2242	0.1762	0.2762	0.1806	0.2678	0.2837	0.1259	0.4337	0.331
478	0.0843	0.323	0.2641	0.1106	0.2865	0.2243	0.1763	0.2765	0.1804	0.2674	0.2837	0.1259	0.4339	0.3312
479	0.0838	0.3182	0.2644	0.111	0.2866	0.2241	0.1759	0.2762	0.1806	0.2677	0.2838	0.126	0.4339	0.3312
480	0.0841	0.3238	0.2646	0.1111	0.2865	0.2232	0.1755	0.2754	0.1806	0.268	0.2837	0.1259	0.4339	0.331
481	0.085	0.3257	0.2643	0.1111	0.2863	0.2241	0.1759	0.276	0.1807	0.2683	0.2839	0.1259	0.4336	0.3309
482	0.0838	0.3221	0.2641	0.1112	0.2866	0.2236	0.1758	0.276	0.1807	0.2681	0.284	0.126	0.4342	0.3314
483	0.0845	0.3274	0.2638	0.1108	0.2861	0.2236	0.1757	0.2758	0.1808	0.2682	0.284	0.126	0.434	0.3312
484	0.0842	0.3216	0.264	0.1108	0.2863	0.2235	0.176	0.276	0.1807	0.2686	0.2841	0.1259	0.4336	0.3312
485	0.084	0.3224	0.2647	0.1109	0.2867	0.2236	0.176	0.276	0.1807	0.2677	0.2839	0.1259	0.4336	0.3311
486	0.0838	0.32	0.2646	0.111	0.2864	0.2235	0.1756	0.2756	0.1806	0.2672	0.2835	0.1258	0.4331	0.3308
487	0.0842	0.3295	0.2642	0.1108	0.2862	0.2232	0.1755	0.2755	0.1807	0.268	0.2839	0.1257	0.4331	0.3308
488	0.0838	0.321	0.2647	0.111	0.2864	0.2232	0.1756	0.2755	0.1808	0.2683	0.284	0.1257	0.4331	0.3308
489	0.0837	0.323	0.2643	0.1113	0.2858	0.2236	0.1759	0.2755	0.1807	0.2682	0.2837	0.1257	0.433	0.3306
490	0.0832	0.3297	0.2642	0.111	0.2856	0.223	0.1753	0.275	0.1805	0.2679	0.2834	0.1256	0.4329	0.3303
491	0.0835	0.3273	0.2643	0.111	0.2856	0.2229	0.1758	0.275	0.1805	0.2681	0.2833	0.1255	0.4336	0.3304
492	0.0835	0.3251	0.2645	0.1114	0.286	0.2229	0.1754	0.275	0.1804	0.2685	0.2834	0.1255	0.4335	0.3303
493	0.0833	0.3293	0.264	0.1114	0.2856	0.2226	0.1758	0.2749	0.1804	0.2683	0.2834	0.1255	0.4335	0.3304
494	0.0835	0.3215	0.2643	0.1113	0.2859	0.2227	0.1757	0.275	0.1805	0.2686	0.2835	0.1254	0.4327	0.3302
495	0.0833	0.327	0.2632	0.1113	0.2849	0.2228	0.1758	0.2748	0.1803	0.2679	0.2831	0.1255	0.4328	0.33
496	0.0833	0.3227	0.263	0.1112	0.2849	0.223	0.1759	0.275	0.1804	0.2685	0.2834	0.1254	0.4331	0.3302
497	0.0832	0.3221	0.263	0.1112	0.2845	0.2229	0.1759	0.2747	0.1804	0.268	0.283	0.1253	0.433	0.3299
498	0.0829	0.323	0.2627	0.1112	0.2846	0.2229	0.1757	0.2748	0.1802	0.2677	0.2831	0.1253	0.4332	0.3301
499	0.0829	0.3254	0.2633	0.1113	0.2848	0.2232	0.176	0.275	0.1801	0.2674	0.2829	0.1252	0.4329	0.33
500	0.0827	0.3297	0.2635	0.1112	0.285	0.2232	0.1763	0.2751	0.18	0.2675	0.2829	0.1252	0.4328	0.3299
