{"n_layers": 0, "device": "cuda", "batch_size": 2048, "embedding_dim": 64, "learning_rate": 0.001, "dataset": "dbbook", "epochs": 150, "model": "ef-mmlgcn", "fusion": "mean", "top_k": [5, 10, 20, 50], "seed": 19, "multimodal": false}
Epoch	Loss	Precision@5	Recall@5	NDCG@5	Precision@10	Recall@10	NDCG@10	Precision@20	Recall@20	NDCG@20	Precision@50	Recall@50	NDCG@50
1	0.6931	0.0014	0.001	0.0014	0.0015	0.0023	0.0018	0.0015	0.0047	0.0028	0.0014	0.0107	0.0049
2	0.6922	0.0024	0.0021	0.0026	0.0023	0.0037	0.003	0.0022	0.007	0.0044	0.0019	0.0144	0.0071
3	0.6910	0.0062	0.0049	0.0075	0.0054	0.0081	0.0079	0.0046	0.0134	0.0101	0.0037	0.0273	0.0151
4	0.6891	0.0138	0.01	0.0162	0.0116	0.0166	0.0168	0.0092	0.0262	0.0206	0.0067	0.0469	0.0283
5	0.6860	0.0201	0.0145	0.0226	0.0176	0.0248	0.0242	0.0147	0.0418	0.0311	0.0102	0.0723	0.0423
6	0.6810	0.0263	0.0187	0.0288	0.0225	0.0317	0.0306	0.0188	0.0528	0.0392	0.0134	0.0946	0.0545
7	0.6733	0.0288	0.0206	0.0322	0.0253	0.0356	0.0346	0.0213	0.0605	0.0448	0.0155	0.1088	0.0629
8	0.6620	0.031	0.0227	0.0345	0.0274	0.0388	0.0374	0.0231	0.0658	0.0483	0.0171	0.1204	0.0686
9	0.6468	0.0332	0.0245	0.0369	0.0283	0.0402	0.039	0.0244	0.0692	0.051	0.0182	0.1281	0.0728
10	0.6271	0.0341	0.0247	0.0378	0.0296	0.042	0.0405	0.0251	0.0699	0.0522	0.0191	0.1345	0.0758
11	0.6034	0.0353	0.0261	0.0392	0.0298	0.0424	0.0412	0.0257	0.0723	0.0537	0.0196	0.1387	0.078
12	0.5762	0.0357	0.026	0.0399	0.0306	0.0433	0.0422	0.0263	0.0741	0.0549	0.02	0.1415	0.0796
13	0.5467	0.0362	0.0263	0.0403	0.0313	0.0441	0.0428	0.0265	0.0752	0.0555	0.0201	0.1413	0.08
14	0.5161	0.0366	0.0267	0.0408	0.0316	0.0446	0.0434	0.0269	0.0763	0.0563	0.0202	0.1423	0.0808
15	0.4855	0.0371	0.0271	0.0413	0.0321	0.0456	0.0441	0.027	0.0764	0.0568	0.0204	0.1429	0.0816
16	0.4562	0.0378	0.0277	0.0421	0.0324	0.0462	0.0448	0.0272	0.0773	0.0576	0.0206	0.1446	0.0826
17	0.4293	0.0385	0.0282	0.0428	0.0326	0.0468	0.0453	0.0275	0.0782	0.0582	0.0207	0.1455	0.0832
18	0.4036	0.0393	0.029	0.0439	0.0333	0.0475	0.0462	0.0278	0.0796	0.0593	0.0209	0.1465	0.0842
19	0.3800	0.0391	0.0286	0.0437	0.0334	0.0477	0.0463	0.0278	0.0795	0.0593	0.021	0.1476	0.0846
20	0.3597	0.0389	0.0284	0.0436	0.0334	0.0479	0.0464	0.028	0.0796	0.0594	0.0211	0.1483	0.0849
21	0.3406	0.039	0.0285	0.0435	0.0337	0.0484	0.0465	0.0279	0.0797	0.0594	0.0212	0.1488	0.0851
22	0.3243	0.0397	0.0291	0.0441	0.034	0.0491	0.047	0.0283	0.0807	0.0601	0.0213	0.1496	0.0857
23	0.3073	0.04	0.0295	0.0444	0.0344	0.0499	0.0475	0.0286	0.0815	0.0606	0.0214	0.1503	0.0861
24	0.2947	0.0403	0.0298	0.0444	0.0344	0.0499	0.0474	0.0286	0.0817	0.0606	0.0215	0.1509	0.0863
25	0.2808	0.0404	0.0299	0.0446	0.0346	0.0505	0.0478	0.0288	0.0826	0.0611	0.0215	0.1515	0.0867
26	0.2681	0.0407	0.03	0.0452	0.0346	0.0506	0.0483	0.0291	0.0837	0.062	0.0216	0.152	0.0874
27	0.2571	0.0416	0.0306	0.046	0.0348	0.0506	0.0486	0.0293	0.0843	0.0625	0.0216	0.1518	0.0877
28	0.2482	0.0417	0.0305	0.0462	0.0348	0.0506	0.0487	0.0294	0.0846	0.0628	0.0216	0.1521	0.0879
29	0.2368	0.0419	0.0307	0.0467	0.0352	0.0512	0.0493	0.0296	0.085	0.0634	0.0218	0.1535	0.0888
30	0.2271	0.0426	0.0316	0.0473	0.0355	0.0515	0.0497	0.0297	0.0852	0.0636	0.0218	0.1541	0.0892
31	0.2193	0.043	0.0319	0.0478	0.0359	0.052	0.0503	0.0297	0.0855	0.0641	0.0219	0.1546	0.0897
32	0.2104	0.0433	0.0324	0.0483	0.0363	0.0525	0.0508	0.03	0.0865	0.0648	0.022	0.1552	0.0903
33	0.2037	0.0435	0.0327	0.0484	0.0365	0.053	0.051	0.0301	0.0866	0.0649	0.0221	0.1566	0.0908
34	0.1942	0.0438	0.0327	0.0485	0.0365	0.053	0.0511	0.0302	0.0874	0.0653	0.0222	0.1574	0.0913
35	0.1875	0.0435	0.0326	0.0482	0.0363	0.0529	0.0509	0.0302	0.0873	0.0652	0.0222	0.1573	0.0912
36	0.1801	0.0432	0.0322	0.048	0.0367	0.0534	0.0512	0.0304	0.0881	0.0656	0.0223	0.1583	0.0916
37	0.1733	0.0435	0.0324	0.0484	0.0367	0.0536	0.0515	0.0305	0.0887	0.066	0.0224	0.1589	0.092
38	0.1670	0.0445	0.0332	0.0493	0.0369	0.0537	0.0518	0.0305	0.0885	0.0662	0.0224	0.159	0.0924
39	0.1626	0.0444	0.0333	0.0493	0.0371	0.0541	0.0521	0.0306	0.0888	0.0664	0.0224	0.1596	0.0926
40	0.1568	0.0441	0.033	0.049	0.0371	0.0542	0.0521	0.0307	0.089	0.0665	0.0224	0.1604	0.0927
41	0.1519	0.0442	0.0333	0.0491	0.0375	0.0547	0.0524	0.0308	0.0896	0.0668	0.0225	0.1611	0.0931
42	0.1455	0.0444	0.0334	0.0491	0.0377	0.0549	0.0525	0.0309	0.0897	0.0668	0.0226	0.1614	0.0932
43	0.1413	0.0444	0.0338	0.0492	0.038	0.0555	0.0528	0.0311	0.0902	0.0671	0.0226	0.1616	0.0934
44	0.1361	0.0448	0.034	0.0494	0.0379	0.0554	0.0528	0.0312	0.0906	0.0672	0.0225	0.1612	0.0933
45	0.1322	0.0449	0.0341	0.0496	0.0383	0.0562	0.0533	0.0313	0.0912	0.0677	0.0226	0.1618	0.0937
46	0.1265	0.0452	0.0343	0.0498	0.0382	0.056	0.0533	0.0314	0.0916	0.0679	0.0227	0.1623	0.094
47	0.1232	0.0446	0.0339	0.0495	0.0383	0.0562	0.0535	0.0314	0.0918	0.0681	0.0227	0.163	0.0944
48	0.1198	0.0447	0.0339	0.0498	0.0386	0.0566	0.0539	0.0317	0.0929	0.0686	0.0227	0.1625	0.0945
49	0.1155	0.0445	0.0337	0.0497	0.0383	0.0564	0.0538	0.0316	0.0924	0.0685	0.0228	0.1633	0.0947
50	0.1108	0.0452	0.0342	0.0504	0.0384	0.0565	0.054	0.0318	0.0929	0.069	0.0228	0.1634	0.095
51	0.1073	0.0458	0.0347	0.0511	0.0389	0.0571	0.0546	0.0319	0.093	0.0693	0.0229	0.1643	0.0956
52	0.1053	0.0463	0.0351	0.0516	0.0391	0.0575	0.055	0.0319	0.0933	0.0697	0.0229	0.1642	0.0958
53	0.1007	0.0467	0.0353	0.0522	0.0389	0.0574	0.0552	0.0321	0.0936	0.0701	0.0229	0.1645	0.0962
54	0.0984	0.047	0.0358	0.0527	0.0392	0.0577	0.0556	0.0321	0.0939	0.0704	0.0229	0.1649	0.0966
55	0.0956	0.0467	0.0357	0.0524	0.0392	0.0578	0.0556	0.0322	0.094	0.0705	0.023	0.1652	0.0967
56	0.0935	0.0467	0.0356	0.0524	0.0392	0.058	0.0557	0.0322	0.0943	0.0706	0.023	0.1657	0.0969
57	0.0887	0.0473	0.0361	0.0531	0.0397	0.0583	0.0563	0.0323	0.0946	0.0711	0.023	0.1658	0.0973
58	0.0879	0.0475	0.0362	0.0536	0.0398	0.0587	0.0567	0.0323	0.0943	0.0713	0.023	0.166	0.0976
59	0.0842	0.0473	0.0361	0.0536	0.0398	0.0587	0.0568	0.0324	0.0947	0.0716	0.023	0.1665	0.0978
60	0.0815	0.0475	0.0363	0.0537	0.0397	0.0585	0.0567	0.0323	0.0944	0.0714	0.0231	0.1671	0.0981
61	0.0797	0.0478	0.0367	0.054	0.0399	0.0589	0.057	0.0324	0.0946	0.0717	0.0231	0.1674	0.0983
62	0.0783	0.0479	0.0366	0.054	0.0404	0.0596	0.0574	0.0325	0.0953	0.072	0.0231	0.1678	0.0985
63	0.0767	0.0481	0.0369	0.0542	0.0404	0.0597	0.0575	0.0325	0.0951	0.072	0.0232	0.1679	0.0987
64	0.0732	0.0481	0.0369	0.0542	0.0404	0.0599	0.0575	0.0325	0.0952	0.0719	0.0232	0.1684	0.0988
65	0.0722	0.0483	0.037	0.0544	0.0406	0.0598	0.0577	0.0326	0.0958	0.0723	0.0231	0.1677	0.0987
66	0.0704	0.0482	0.0369	0.0546	0.0407	0.0597	0.0579	0.0327	0.0961	0.0726	0.0232	0.1685	0.0992
67	0.0691	0.0483	0.0372	0.0547	0.041	0.06	0.0582	0.0327	0.0961	0.0728	0.0232	0.1687	0.0994
68	0.0669	0.0488	0.0374	0.055	0.041	0.0599	0.0582	0.0328	0.0962	0.0728	0.0232	0.1688	0.0995
69	0.0643	0.0486	0.0374	0.0549	0.041	0.0602	0.0583	0.0329	0.0965	0.073	0.0233	0.169	0.0996
70	0.0620	0.0487	0.0375	0.0553	0.0413	0.0605	0.0587	0.0329	0.0969	0.0733	0.0232	0.1686	0.0997
71	0.0617	0.049	0.0376	0.0557	0.0413	0.0606	0.0589	0.033	0.0973	0.0737	0.0233	0.1694	0.1002
72	0.0601	0.0491	0.0376	0.0558	0.0416	0.0612	0.0593	0.0332	0.0978	0.074	0.0233	0.1693	0.1003
73	0.0586	0.049	0.0376	0.0558	0.0415	0.0612	0.0593	0.0331	0.0978	0.074	0.0233	0.1691	0.1003
74	0.0561	0.049	0.0376	0.0557	0.0418	0.0615	0.0594	0.0332	0.0983	0.0741	0.0233	0.1694	0.1003
75	0.0570	0.0488	0.0373	0.0555	0.0415	0.0608	0.0591	0.0333	0.0983	0.0742	0.0234	0.17	0.1005
76	0.0547	0.0488	0.0373	0.0556	0.0415	0.061	0.0593	0.0333	0.0984	0.0743	0.0234	0.1702	0.1006
77	0.0531	0.0491	0.0377	0.0562	0.0416	0.0611	0.0597	0.0335	0.0987	0.0748	0.0234	0.1702	0.101
78	0.0525	0.0493	0.0378	0.0562	0.0416	0.0612	0.0596	0.0335	0.0985	0.0746	0.0234	0.1704	0.101
79	0.0508	0.0495	0.0377	0.0562	0.0416	0.0614	0.0596	0.0334	0.0986	0.0746	0.0234	0.17	0.1008
80	0.0503	0.0497	0.0379	0.0565	0.0416	0.0614	0.0597	0.0334	0.0986	0.0747	0.0234	0.1699	0.1009
81	0.0479	0.05	0.0382	0.0569	0.0417	0.0618	0.0601	0.0335	0.0987	0.0749	0.0234	0.1701	0.1012
82	0.0474	0.0499	0.0382	0.0568	0.0417	0.0618	0.06	0.0334	0.0988	0.0749	0.0234	0.1706	0.1014
83	0.0477	0.0505	0.0387	0.0574	0.0417	0.0615	0.0601	0.0336	0.0992	0.0753	0.0235	0.1716	0.1019
84	0.0449	0.0505	0.0386	0.0576	0.0419	0.062	0.0605	0.0335	0.0992	0.0755	0.0236	0.1719	0.1021
85	0.0450	0.0507	0.0388	0.0577	0.0421	0.0622	0.0607	0.0337	0.0997	0.0757	0.0235	0.172	0.1022
86	0.0433	0.0507	0.0387	0.0575	0.042	0.0623	0.0604	0.0336	0.0993	0.0754	0.0236	0.172	0.102
87	0.0424	0.051	0.039	0.0577	0.0419	0.0623	0.0605	0.0337	0.0996	0.0756	0.0236	0.1721	0.1022
88	0.0424	0.051	0.039	0.0577	0.0419	0.0622	0.0605	0.0337	0.1001	0.0757	0.0235	0.1719	0.1021
89	0.0408	0.0509	0.0389	0.0577	0.0423	0.0628	0.0608	0.0337	0.1001	0.0758	0.0235	0.1716	0.1021
90	0.0399	0.0509	0.0389	0.0577	0.0424	0.0629	0.0609	0.0337	0.1001	0.0758	0.0235	0.1718	0.1022
91	0.0403	0.0511	0.039	0.0577	0.0423	0.0628	0.0608	0.0336	0.0996	0.0756	0.0236	0.1718	0.1022
92	0.0388	0.0515	0.0394	0.058	0.0424	0.0631	0.0609	0.0335	0.0994	0.0755	0.0236	0.1722	0.1023
93	0.0382	0.0513	0.0393	0.0581	0.0422	0.0629	0.0609	0.0337	0.1	0.0758	0.0236	0.1719	0.1024
94	0.0374	0.0508	0.0389	0.0576	0.0421	0.0627	0.0607	0.0337	0.1002	0.0758	0.0236	0.1719	0.1023
95	0.0372	0.0507	0.0388	0.0576	0.042	0.0626	0.0607	0.0336	0.0999	0.0758	0.0235	0.1716	0.1022
96	0.0358	0.0505	0.0388	0.0575	0.042	0.0624	0.0607	0.0337	0.0999	0.0758	0.0235	0.1715	0.1021
97	0.0344	0.0502	0.0384	0.0573	0.0421	0.0625	0.0607	0.0338	0.1001	0.0759	0.0235	0.1716	0.1022
98	0.0339	0.051	0.039	0.0579	0.0421	0.0625	0.0608	0.0337	0.1	0.0759	0.0235	0.1715	0.1023
99	0.0340	0.051	0.039	0.0579	0.0422	0.0627	0.0609	0.0337	0.1002	0.076	0.0235	0.1715	0.1023
100	0.0335	0.0509	0.0388	0.0578	0.0421	0.0629	0.0609	0.0337	0.1	0.0759	0.0236	0.1718	0.1023
101	0.0333	0.0508	0.0388	0.0576	0.0422	0.0627	0.0609	0.0338	0.1005	0.0761	0.0235	0.1715	0.1022
102	0.0327	0.0508	0.0387	0.0579	0.0422	0.0628	0.0611	0.0338	0.1007	0.0763	0.0235	0.1718	0.1025
103	0.0316	0.0511	0.039	0.0581	0.0424	0.063	0.0612	0.0337	0.1004	0.0762	0.0235	0.1719	0.1025
104	0.0314	0.0512	0.0391	0.0584	0.0424	0.0632	0.0615	0.0336	0.1	0.0762	0.0235	0.1718	0.1027
105	0.0320	0.051	0.0391	0.0583	0.0425	0.0637	0.0617	0.0336	0.0996	0.0761	0.0235	0.1716	0.1026
106	0.0307	0.0513	0.0392	0.0586	0.0425	0.0636	0.0617	0.0336	0.0999	0.0763	0.0235	0.1717	0.1027
107	0.0306	0.0513	0.0392	0.0587	0.0423	0.063	0.0615	0.0337	0.1004	0.0765	0.0235	0.1722	0.1029
108	0.0297	0.0517	0.0394	0.059	0.0425	0.0636	0.0619	0.0338	0.1005	0.0768	0.0235	0.1721	0.1031
109	0.0291	0.052	0.0396	0.0593	0.0427	0.0638	0.0621	0.0338	0.1005	0.0769	0.0235	0.1722	0.1032
110	0.0281	0.0521	0.0395	0.0594	0.0427	0.0639	0.0622	0.0339	0.1009	0.0771	0.0234	0.1717	0.1031
111	0.0280	0.0525	0.0399	0.0598	0.0425	0.0633	0.062	0.0338	0.1009	0.0771	0.0235	0.1719	0.1031
112	0.0275	0.052	0.0396	0.0594	0.0423	0.0628	0.0617	0.0337	0.1006	0.0768	0.0235	0.1721	0.1031
113	0.0266	0.052	0.0395	0.0594	0.0423	0.0627	0.0618	0.0338	0.1009	0.077	0.0235	0.1722	0.1032
114	0.0271	0.0518	0.0393	0.0592	0.0425	0.0633	0.062	0.0338	0.1008	0.077	0.0235	0.1724	0.1032
115	0.0262	0.0515	0.0392	0.0593	0.0425	0.0634	0.0622	0.0338	0.1013	0.0773	0.0235	0.1721	0.1033
116	0.0261	0.0514	0.0392	0.0592	0.0423	0.0632	0.062	0.0339	0.1014	0.0773	0.0235	0.1722	0.1033
117	0.0251	0.0515	0.0393	0.0593	0.0423	0.0633	0.0621	0.0338	0.1012	0.0772	0.0234	0.1721	0.1033
118	0.0249	0.0515	0.0394	0.0592	0.0423	0.0634	0.062	0.0339	0.1015	0.0773	0.0235	0.1725	0.1033
119	0.0249	0.0515	0.0393	0.0593	0.0424	0.0635	0.0622	0.0338	0.101	0.0772	0.0235	0.1727	0.1035
120	0.0246	0.052	0.0396	0.0596	0.0423	0.0631	0.0621	0.0338	0.1009	0.0772	0.0235	0.1729	0.1036
121	0.0237	0.0519	0.0396	0.0595	0.0425	0.0633	0.0621	0.0339	0.1014	0.0774	0.0235	0.1729	0.1034
122	0.0237	0.0518	0.0394	0.0595	0.0425	0.0634	0.0622	0.034	0.1016	0.0774	0.0234	0.1725	0.1034
123	0.0236	0.0518	0.0393	0.0596	0.0426	0.0636	0.0624	0.0339	0.1011	0.0774	0.0235	0.1728	0.1036
124	0.0235	0.052	0.0394	0.0599	0.0426	0.0636	0.0626	0.0339	0.1011	0.0776	0.0234	0.1726	0.1037
125	0.0229	0.0521	0.0394	0.0599	0.0426	0.0636	0.0625	0.034	0.1012	0.0776	0.0234	0.1726	0.1037
126	0.0222	0.0522	0.0395	0.06	0.0428	0.0643	0.0628	0.0339	0.1011	0.0776	0.0234	0.1729	0.1038
127	0.0228	0.0524	0.0397	0.0602	0.043	0.0643	0.063	0.0339	0.1014	0.0778	0.0235	0.1727	0.1038
128	0.0221	0.0522	0.0395	0.06	0.0427	0.0639	0.0627	0.0339	0.1012	0.0776	0.0235	0.1728	0.1038
129	0.0213	0.0521	0.0395	0.0598	0.0428	0.0639	0.0627	0.0337	0.1008	0.0773	0.0235	0.1727	0.1036
130	0.0209	0.0524	0.0397	0.0602	0.0429	0.0637	0.0628	0.0338	0.1009	0.0776	0.0234	0.1727	0.1038
131	0.0214	0.0518	0.0392	0.0595	0.0428	0.0637	0.0625	0.0338	0.1011	0.0774	0.0234	0.1721	0.1033
132	0.0208	0.0519	0.0393	0.0596	0.0426	0.0633	0.0623	0.0338	0.101	0.0774	0.0234	0.1723	0.1034
133	0.0214	0.0523	0.0397	0.0599	0.0424	0.0631	0.0622	0.0339	0.1014	0.0775	0.0234	0.1725	0.1035
134	0.0211	0.0522	0.0398	0.0601	0.0424	0.063	0.0623	0.0337	0.1006	0.0774	0.0234	0.1723	0.1036
135	0.0201	0.0527	0.0401	0.0604	0.0423	0.0628	0.0623	0.0338	0.1008	0.0775	0.0234	0.1723	0.1036
136	0.0201	0.0529	0.0403	0.0606	0.0424	0.0628	0.0624	0.0339	0.1012	0.0778	0.0234	0.1726	0.1038
137	0.0198	0.0525	0.0401	0.0603	0.0425	0.0631	0.0625	0.0339	0.1009	0.0777	0.0234	0.1727	0.1038
138	0.0188	0.0529	0.0405	0.0606	0.0426	0.0636	0.0627	0.0339	0.101	0.0778	0.0235	0.1731	0.104
139	0.0197	0.0525	0.0402	0.0602	0.0425	0.0632	0.0625	0.034	0.101	0.0777	0.0235	0.1729	0.1039
140	0.0187	0.0524	0.0402	0.0602	0.0427	0.064	0.0628	0.0341	0.1014	0.078	0.0234	0.1726	0.1039
141	0.0197	0.0525	0.0402	0.0604	0.0427	0.0641	0.0631	0.0341	0.1015	0.0782	0.0234	0.1726	0.1041
142	0.0189	0.0525	0.0403	0.0606	0.0429	0.0646	0.0634	0.0339	0.1008	0.0781	0.0233	0.172	0.104
143	0.0185	0.0525	0.0402	0.0605	0.0428	0.0645	0.0632	0.0338	0.1005	0.0779	0.0233	0.1722	0.104
144	0.0186	0.0526	0.0404	0.0608	0.0429	0.0645	0.0634	0.0338	0.1005	0.078	0.0234	0.1725	0.1042
145	0.0179	0.0524	0.0403	0.0606	0.043	0.0643	0.0633	0.0338	0.1005	0.0779	0.0234	0.1727	0.1042
146	0.0178	0.0521	0.0401	0.0604	0.0427	0.0638	0.0631	0.0338	0.1006	0.078	0.0234	0.173	0.1043
147	0.0180	0.0525	0.0403	0.0608	0.0428	0.064	0.0633	0.0339	0.1008	0.0782	0.0234	0.1724	0.1042
148	0.0163	0.0525	0.0404	0.0607	0.0427	0.0642	0.0632	0.0338	0.1004	0.078	0.0234	0.1726	0.1042
149	0.0175	0.0525	0.0404	0.0607	0.0427	0.0642	0.0633	0.034	0.101	0.0782	0.0234	0.1725	0.1042
150	0.0172	0.0522	0.0401	0.0605	0.0427	0.0642	0.0633	0.0339	0.1011	0.0783	0.0234	0.1722	0.1041
