{"device": "cuda:2", "multimodal": true, "embedding_dim": 512, "n_layers": 0, "epochs": 500, "learning_rate": 0.001, "log": true, "seed": 19, "top_k": [5, 10, 20, 50], "dataset": "dbbook", "batch_size": 2048, "single_branch": false, "autoencoder": false, "ensemble_fusion": false, "freeze": true, "fusion_modalities": "mean", "fusion_type": "late", "info_nce": false, "weighting": "alpha", "datasets": {"dbbook": ["images", "text"], "ml1m": ["audio", "images", "text", "video"]}}alpha: 0.8827475905418396
Epoch	T-Loss	V-Loss	Precision@5	Recall@5	NDCG@5	Precision@10	Recall@10	NDCG@10	Precision@20	Recall@20	NDCG@20	Precision@50	Recall@50	NDCG@50
1	0.693	0.6929	0.0043	0.0029	0.0043	0.0041	0.0063	0.0053	0.0034	0.0106	0.007	0.0027	0.022	0.0109
2	0.6906	0.6926	0.0125	0.0115	0.0154	0.0104	0.0183	0.0167	0.0077	0.0266	0.02	0.0056	0.0471	0.0271
3	0.6881	0.6921	0.0277	0.0244	0.0343	0.0207	0.0357	0.0349	0.0143	0.0485	0.0398	0.0089	0.0745	0.0488
4	0.6851	0.6915	0.0435	0.0378	0.0537	0.0303	0.0516	0.0523	0.0208	0.0686	0.0588	0.0123	0.1014	0.0701
5	0.6812	0.6905	0.0552	0.0468	0.0676	0.0397	0.0646	0.0661	0.0269	0.0873	0.0744	0.0158	0.1276	0.0885
6	0.6763	0.689	0.0618	0.0511	0.0751	0.0457	0.0729	0.0741	0.0318	0.1015	0.0846	0.0191	0.1514	0.1023
7	0.6697	0.6869	0.0658	0.0536	0.0797	0.0495	0.0785	0.0793	0.0351	0.1096	0.0911	0.0218	0.1702	0.1125
8	0.6613	0.6838	0.0671	0.0549	0.0813	0.0513	0.0806	0.0811	0.0372	0.1156	0.0944	0.0237	0.1833	0.1185
9	0.6504	0.6797	0.0676	0.054	0.0814	0.0517	0.0804	0.0812	0.0385	0.1185	0.0959	0.0251	0.1923	0.1222
10	0.6366	0.674	0.0682	0.0529	0.0817	0.0519	0.0805	0.0814	0.0394	0.12	0.0969	0.0258	0.1963	0.124
11	0.6196	0.6667	0.0687	0.0531	0.0811	0.052	0.0802	0.0806	0.0397	0.121	0.0967	0.0261	0.1976	0.1241
12	0.5995	0.6575	0.0685	0.0532	0.0811	0.0521	0.0798	0.0805	0.0397	0.1203	0.0965	0.0264	0.1983	0.1246
13	0.5761	0.6463	0.0676	0.0524	0.08	0.0525	0.0795	0.0802	0.0397	0.12	0.096	0.0266	0.2003	0.1247
14	0.5493	0.6333	0.0678	0.0523	0.0798	0.0527	0.0795	0.0799	0.0397	0.1196	0.0955	0.0267	0.1997	0.1244
15	0.5204	0.6185	0.0678	0.0518	0.0792	0.0523	0.0791	0.0793	0.0398	0.1187	0.095	0.0267	0.1995	0.124
16	0.4902	0.6017	0.0682	0.0518	0.0794	0.0521	0.0787	0.0791	0.0395	0.1172	0.0944	0.0267	0.1996	0.1239
17	0.4594	0.5865	0.0674	0.0517	0.079	0.0522	0.0783	0.079	0.0395	0.1168	0.0942	0.0268	0.1998	0.1239
18	0.4283	0.5681	0.0674	0.0514	0.0789	0.0521	0.0785	0.0789	0.0394	0.1165	0.0942	0.0267	0.199	0.1237
19	0.3979	0.5515	0.0678	0.0518	0.0794	0.0521	0.0785	0.0791	0.0394	0.1164	0.0943	0.0268	0.1994	0.124
20	0.3692	0.5363	0.0676	0.0514	0.0793	0.0523	0.0793	0.0795	0.0397	0.117	0.0947	0.0269	0.1994	0.1242
21	0.3425	0.5216	0.0682	0.0521	0.08	0.052	0.0783	0.0794	0.0398	0.1174	0.0952	0.0269	0.2001	0.1246
22	0.3176	0.5053	0.0683	0.0523	0.0802	0.0523	0.0789	0.0798	0.0398	0.1177	0.0954	0.0269	0.2002	0.1249
23	0.2949	0.4918	0.0689	0.0525	0.0806	0.0523	0.0789	0.0799	0.0399	0.118	0.0956	0.027	0.2008	0.1251
24	0.2737	0.4823	0.0688	0.0526	0.0806	0.0522	0.0787	0.0799	0.0399	0.1185	0.0958	0.0271	0.2016	0.1256
25	0.2535	0.4692	0.0692	0.0533	0.0809	0.0524	0.079	0.08	0.0399	0.1185	0.0958	0.0271	0.2019	0.1257
26	0.2356	0.4611	0.0691	0.0531	0.0809	0.0527	0.0793	0.0803	0.0401	0.1194	0.0962	0.0272	0.2026	0.1261
27	0.2201	0.4558	0.069	0.053	0.0808	0.0531	0.0798	0.0807	0.0402	0.1193	0.0963	0.0273	0.2036	0.1265
28	0.2055	0.444	0.0694	0.0532	0.0811	0.0532	0.0802	0.081	0.0403	0.12	0.0968	0.0274	0.2042	0.1269
29	0.1922	0.4371	0.0697	0.0535	0.0815	0.0531	0.08	0.0811	0.0405	0.1206	0.0972	0.0274	0.2041	0.1271
30	0.1793	0.4314	0.0698	0.0536	0.0819	0.0533	0.0806	0.0816	0.0407	0.1213	0.0977	0.0274	0.2046	0.1276
31	0.1698	0.4227	0.0705	0.0542	0.0825	0.0537	0.0813	0.0821	0.0408	0.1217	0.0981	0.0275	0.2049	0.1279
32	0.158	0.4206	0.0703	0.0542	0.0825	0.0539	0.0817	0.0824	0.041	0.1228	0.0986	0.0275	0.2048	0.1281
33	0.1477	0.4191	0.0706	0.0546	0.0827	0.054	0.0817	0.0824	0.0409	0.1223	0.0985	0.0275	0.2053	0.1283
34	0.1396	0.4145	0.0707	0.0546	0.083	0.0542	0.082	0.0828	0.0408	0.122	0.0986	0.0275	0.2045	0.1284
35	0.1318	0.4056	0.0706	0.0548	0.083	0.0544	0.0821	0.083	0.0409	0.1225	0.0988	0.0275	0.2051	0.1286
36	0.1237	0.4083	0.0705	0.0548	0.083	0.0544	0.0823	0.083	0.0412	0.1232	0.0991	0.0276	0.2055	0.1287
37	0.1173	0.4036	0.0706	0.055	0.0829	0.0546	0.0829	0.0832	0.0411	0.1234	0.0991	0.0276	0.2055	0.1287
38	0.1106	0.3969	0.0712	0.0556	0.0834	0.0548	0.0828	0.0833	0.0412	0.1236	0.0993	0.0276	0.2061	0.129
39	0.106	0.3939	0.0714	0.0558	0.0834	0.0549	0.0831	0.0833	0.0414	0.1243	0.0994	0.0277	0.2066	0.1291
40	0.0987	0.3947	0.0714	0.0558	0.0835	0.0551	0.0836	0.0836	0.0414	0.1245	0.0996	0.0278	0.2075	0.1295
41	0.0943	0.3902	0.0717	0.0556	0.0836	0.0552	0.0835	0.0837	0.0414	0.1245	0.0997	0.0278	0.2074	0.1296
42	0.0889	0.3912	0.0715	0.0554	0.0834	0.0554	0.084	0.084	0.0414	0.1251	0.0999	0.0278	0.207	0.1296
43	0.0851	0.3862	0.0717	0.056	0.084	0.0556	0.0844	0.0844	0.0416	0.1257	0.1005	0.0278	0.2078	0.1302
44	0.0815	0.3848	0.0725	0.0564	0.0845	0.0557	0.0846	0.0846	0.0417	0.1258	0.1006	0.0279	0.2083	0.1305
45	0.0778	0.3883	0.0722	0.0562	0.0847	0.056	0.085	0.0852	0.0416	0.1259	0.101	0.0279	0.2084	0.1309
46	0.0729	0.3795	0.0722	0.0562	0.0846	0.0562	0.0853	0.0853	0.0417	0.126	0.101	0.028	0.2094	0.1311
47	0.0692	0.3849	0.0718	0.0558	0.0845	0.0562	0.0855	0.0855	0.042	0.1266	0.1015	0.028	0.2097	0.1314
48	0.0679	0.3816	0.0725	0.0562	0.085	0.0564	0.0858	0.0858	0.042	0.1269	0.1018	0.028	0.2102	0.1317
49	0.0648	0.3724	0.0721	0.0562	0.0845	0.0563	0.0861	0.0856	0.0422	0.1276	0.1018	0.028	0.2107	0.1316
50	0.0612	0.3753	0.0723	0.0563	0.0846	0.0561	0.0859	0.0856	0.0421	0.1272	0.1018	0.0281	0.2108	0.1317
51	0.0591	0.3787	0.0731	0.0571	0.0853	0.0563	0.086	0.0858	0.0422	0.1276	0.1021	0.0281	0.2113	0.1321
52	0.0554	0.3784	0.0733	0.0572	0.0856	0.0564	0.0861	0.086	0.0422	0.1274	0.1022	0.0281	0.2113	0.1323
53	0.0546	0.3732	0.0739	0.0576	0.086	0.0568	0.0871	0.0865	0.0423	0.1282	0.1025	0.0281	0.2109	0.1323
54	0.0517	0.3781	0.0739	0.058	0.0862	0.057	0.0876	0.0869	0.0424	0.1287	0.103	0.0281	0.2113	0.1328
55	0.05	0.375	0.074	0.0582	0.0865	0.0572	0.0879	0.0873	0.0425	0.1291	0.1033	0.0281	0.2115	0.133
56	0.0487	0.3807	0.0738	0.058	0.0864	0.0571	0.0877	0.0872	0.0424	0.1289	0.1033	0.0281	0.2115	0.1331
57	0.0474	0.3749	0.0745	0.0586	0.0868	0.057	0.088	0.0873	0.0424	0.1289	0.1032	0.0282	0.2116	0.1331
58	0.0452	0.3685	0.0742	0.0585	0.0865	0.0573	0.0884	0.0874	0.0424	0.1292	0.1033	0.0282	0.2115	0.1332
59	0.043	0.3706	0.0743	0.0585	0.0865	0.0574	0.0886	0.0875	0.0424	0.1294	0.1033	0.0282	0.2115	0.1331
60	0.0411	0.3705	0.0745	0.0586	0.0867	0.0574	0.0888	0.0875	0.0425	0.1298	0.1034	0.0282	0.2111	0.133
61	0.0412	0.3642	0.0744	0.0586	0.0869	0.0576	0.0887	0.0877	0.0424	0.1298	0.1036	0.0282	0.2116	0.1334
62	0.039	0.3732	0.0743	0.0585	0.0866	0.0576	0.0889	0.0876	0.0427	0.1304	0.1038	0.0282	0.2121	0.1334
63	0.0376	0.3689	0.0742	0.0585	0.0864	0.0574	0.0885	0.0873	0.0428	0.1311	0.1039	0.0282	0.212	0.1333
64	0.0362	0.3655	0.0743	0.0581	0.0863	0.0572	0.0885	0.0872	0.0428	0.1312	0.1039	0.0283	0.2128	0.1335
65	0.0363	0.372	0.0743	0.0583	0.0864	0.0575	0.0885	0.0874	0.0428	0.1307	0.1039	0.0283	0.213	0.1337
66	0.0348	0.3639	0.0741	0.0579	0.0863	0.0575	0.0884	0.0874	0.0429	0.131	0.1041	0.0283	0.2132	0.1338
67	0.0337	0.3675	0.0739	0.0579	0.0862	0.0575	0.0889	0.0875	0.0429	0.1309	0.104	0.0283	0.2129	0.1338
68	0.0329	0.3692	0.0738	0.0584	0.0863	0.0575	0.0888	0.0876	0.0428	0.1309	0.1041	0.0283	0.2131	0.1339
69	0.0324	0.3672	0.0742	0.0588	0.0869	0.0577	0.0895	0.0881	0.043	0.1314	0.1046	0.0283	0.2132	0.1343
70	0.0308	0.363	0.0747	0.0592	0.0873	0.0578	0.0897	0.0884	0.043	0.1313	0.1047	0.0283	0.2131	0.1344
71	0.0308	0.3679	0.0746	0.0591	0.0873	0.0579	0.0901	0.0886	0.043	0.1315	0.1049	0.0283	0.2132	0.1345
72	0.0304	0.3673	0.075	0.0595	0.0875	0.058	0.0904	0.0887	0.0432	0.1323	0.1051	0.0284	0.2134	0.1345
73	0.0287	0.3674	0.0751	0.0597	0.0877	0.0579	0.09	0.0886	0.0432	0.1324	0.1053	0.0284	0.2136	0.1347
74	0.0274	0.3595	0.075	0.0594	0.0877	0.0578	0.0901	0.0887	0.0431	0.1321	0.1052	0.0284	0.2139	0.1349
75	0.0282	0.363	0.0749	0.0594	0.0877	0.0581	0.0907	0.089	0.0432	0.1324	0.1054	0.0284	0.214	0.135
76	0.0268	0.3624	0.0749	0.0594	0.0876	0.0581	0.091	0.0891	0.0432	0.1327	0.1055	0.0284	0.2139	0.135
77	0.0267	0.3661	0.0745	0.0595	0.0874	0.0582	0.0911	0.0891	0.0433	0.1329	0.1056	0.0285	0.2147	0.1352
78	0.0259	0.3589	0.0747	0.0595	0.0874	0.0585	0.0915	0.0892	0.0433	0.1328	0.1055	0.0285	0.2149	0.1352
79	0.0257	0.366	0.0747	0.0592	0.0874	0.0586	0.0916	0.0894	0.0433	0.1328	0.1056	0.0284	0.2146	0.1352
80	0.0245	0.3588	0.0745	0.0591	0.0874	0.0586	0.0917	0.0896	0.0432	0.1323	0.1056	0.0284	0.214	0.1351
81	0.0246	0.3654	0.0746	0.0592	0.0875	0.0586	0.0918	0.0897	0.0433	0.1324	0.1057	0.0284	0.2139	0.1352
82	0.0233	0.3629	0.0749	0.0598	0.0879	0.0586	0.0918	0.0897	0.0432	0.1323	0.1057	0.0284	0.2147	0.1354
83	0.0239	0.362	0.0749	0.0595	0.0878	0.0586	0.0918	0.0897	0.0432	0.1327	0.1058	0.0284	0.215	0.1355
84	0.0221	0.3552	0.0746	0.0593	0.0879	0.0586	0.0919	0.0899	0.0433	0.1327	0.106	0.0284	0.2148	0.1357
85	0.0226	0.3678	0.0749	0.0594	0.0882	0.0586	0.092	0.0901	0.0433	0.1328	0.1062	0.0285	0.215	0.1359
86	0.0221	0.3648	0.0751	0.0596	0.0884	0.0583	0.0918	0.09	0.0434	0.1331	0.1063	0.0285	0.2152	0.136
87	0.022	0.367	0.0749	0.0595	0.0884	0.0582	0.0913	0.0898	0.0433	0.1332	0.1064	0.0285	0.2153	0.136
88	0.0212	0.3711	0.075	0.0596	0.0885	0.0583	0.0919	0.0902	0.0434	0.1334	0.1066	0.0285	0.2153	0.1361
89	0.0209	0.3684	0.0749	0.0596	0.0884	0.0581	0.0916	0.09	0.0435	0.1335	0.1066	0.0285	0.2155	0.1361
90	0.0209	0.3628	0.0753	0.0599	0.0886	0.0581	0.0918	0.09	0.0435	0.1335	0.1066	0.0284	0.2155	0.1361
91	0.0196	0.365	0.075	0.0593	0.0887	0.0581	0.0913	0.0902	0.0435	0.1331	0.1068	0.0285	0.2158	0.1365
92	0.0197	0.3568	0.0749	0.0592	0.0886	0.0583	0.0917	0.0903	0.0435	0.1332	0.1068	0.0285	0.2154	0.1364
93	0.0198	0.3644	0.0751	0.0595	0.0889	0.0583	0.0918	0.0905	0.0436	0.1334	0.107	0.0285	0.2159	0.1367
94	0.0191	0.3642	0.0749	0.0593	0.0887	0.0582	0.0915	0.0903	0.0435	0.1337	0.1071	0.0284	0.2152	0.1365
95	0.0196	0.3613	0.0748	0.0592	0.0886	0.0583	0.0918	0.0904	0.0437	0.1341	0.1071	0.0284	0.2153	0.1364
96	0.0188	0.3624	0.0748	0.059	0.0884	0.0583	0.0916	0.0903	0.0437	0.1344	0.1071	0.0285	0.2152	0.1363
97	0.018	0.3589	0.0749	0.0595	0.0886	0.0582	0.0917	0.0902	0.0437	0.1344	0.1071	0.0284	0.2146	0.1361
98	0.0183	0.3648	0.0751	0.0597	0.0888	0.0586	0.0922	0.0906	0.0436	0.1341	0.1071	0.0284	0.2143	0.1361
99	0.0176	0.362	0.0754	0.0599	0.0891	0.0584	0.0921	0.0906	0.0437	0.1342	0.1073	0.0284	0.2143	0.1362
100	0.0178	0.3647	0.0757	0.0601	0.0894	0.0585	0.0922	0.0907	0.0436	0.1344	0.1073	0.0284	0.2143	0.1363
101	0.018	0.3628	0.0753	0.0597	0.0893	0.0585	0.0921	0.0908	0.0436	0.1345	0.1075	0.0284	0.2147	0.1366
102	0.0174	0.3683	0.0756	0.0597	0.0893	0.0587	0.0924	0.0909	0.0436	0.1346	0.1074	0.0284	0.2143	0.1364
103	0.017	0.3593	0.0756	0.0596	0.0891	0.0587	0.0924	0.0908	0.0436	0.1346	0.1074	0.0284	0.2141	0.1363
104	0.0171	0.3632	0.0757	0.0599	0.0893	0.0585	0.0922	0.0908	0.0436	0.1348	0.1075	0.0284	0.2147	0.1365
105	0.0167	0.3628	0.0758	0.0598	0.0895	0.0586	0.0924	0.091	0.0437	0.1349	0.1077	0.0285	0.215	0.1368
106	0.0164	0.3673	0.0761	0.0603	0.0899	0.0587	0.0929	0.0913	0.0437	0.1347	0.1078	0.0284	0.2148	0.1368
107	0.0163	0.3656	0.0759	0.06	0.0898	0.0587	0.093	0.0914	0.0439	0.1356	0.1081	0.0284	0.2146	0.1369
108	0.0161	0.3646	0.0758	0.0601	0.0898	0.0587	0.0931	0.0914	0.0439	0.1357	0.1082	0.0284	0.2145	0.1368
109	0.0157	0.366	0.076	0.0602	0.0897	0.0588	0.0932	0.0913	0.0439	0.136	0.1081	0.0284	0.2145	0.1367
110	0.0157	0.3565	0.0756	0.06	0.0895	0.0586	0.093	0.0912	0.0438	0.1359	0.108	0.0284	0.2148	0.1367
111	0.0155	0.3609	0.0754	0.0599	0.0893	0.0587	0.0931	0.0912	0.0438	0.1361	0.1081	0.0284	0.2145	0.1366
112	0.0161	0.3571	0.0756	0.0598	0.0894	0.0587	0.0929	0.0912	0.0438	0.1362	0.1081	0.0283	0.2145	0.1367
113	0.0156	0.3617	0.0758	0.0601	0.0897	0.0586	0.0927	0.0912	0.0439	0.1364	0.1082	0.0283	0.2146	0.1368
114	0.0152	0.3617	0.076	0.0604	0.0899	0.0588	0.0929	0.0913	0.044	0.1369	0.1084	0.0284	0.2145	0.1368
115	0.0148	0.3663	0.0763	0.0607	0.0903	0.0586	0.0927	0.0913	0.0439	0.1366	0.1085	0.0283	0.2147	0.1369
116	0.0151	0.3676	0.0762	0.0607	0.0903	0.0587	0.093	0.0915	0.0439	0.1364	0.1085	0.0283	0.2149	0.1371
117	0.0149	0.3631	0.0761	0.0608	0.0901	0.0586	0.0928	0.0913	0.0439	0.1367	0.1085	0.0283	0.2149	0.1369
118	0.0144	0.3623	0.0763	0.061	0.0902	0.0586	0.0928	0.0913	0.044	0.1368	0.1085	0.0283	0.2151	0.137
119	0.0147	0.3624	0.0761	0.0607	0.0901	0.0585	0.0926	0.0912	0.0439	0.1365	0.1085	0.0283	0.2153	0.137
120	0.0142	0.3636	0.0761	0.0607	0.09	0.0586	0.0926	0.0912	0.0439	0.1366	0.1085	0.0283	0.2152	0.137
121	0.0142	0.3638	0.0764	0.061	0.0902	0.0586	0.0926	0.0912	0.0438	0.1365	0.1084	0.0283	0.2149	0.1369
122	0.0145	0.3592	0.0768	0.0615	0.0905	0.0585	0.0925	0.0912	0.0438	0.1366	0.1084	0.0283	0.2151	0.1369
123	0.0143	0.362	0.0766	0.0614	0.0905	0.0585	0.0925	0.0912	0.0438	0.1365	0.1084	0.0284	0.2157	0.1371
124	0.0141	0.3616	0.077	0.0616	0.0908	0.0584	0.0924	0.0912	0.0438	0.1366	0.1085	0.0283	0.2152	0.1371
125	0.0138	0.3598	0.0769	0.0616	0.0907	0.0583	0.0923	0.0911	0.0438	0.1366	0.1085	0.0284	0.2156	0.1372
126	0.0135	0.3626	0.0772	0.0619	0.0911	0.0586	0.0927	0.0915	0.0438	0.1365	0.1087	0.0284	0.2156	0.1374
127	0.0141	0.3578	0.0771	0.062	0.0912	0.0586	0.093	0.0917	0.0438	0.1365	0.1088	0.0284	0.2158	0.1376
128	0.0139	0.362	0.077	0.0618	0.0911	0.0587	0.0928	0.0917	0.0439	0.1365	0.1089	0.0284	0.216	0.1376
129	0.0137	0.3683	0.0769	0.0618	0.0911	0.0586	0.0928	0.0917	0.0438	0.1366	0.1088	0.0284	0.2156	0.1375
130	0.0131	0.3597	0.0769	0.0618	0.091	0.0586	0.093	0.0917	0.0438	0.1365	0.1087	0.0283	0.2146	0.1371
131	0.0133	0.3643	0.0763	0.0615	0.0906	0.0586	0.0929	0.0916	0.0438	0.1365	0.1087	0.0283	0.2149	0.1372
132	0.0137	0.359	0.0767	0.0617	0.0908	0.0589	0.0935	0.0918	0.0438	0.1365	0.1086	0.0283	0.215	0.1371
133	0.0133	0.3575	0.0764	0.0616	0.0908	0.0587	0.0932	0.0919	0.0439	0.1366	0.1089	0.0283	0.2149	0.1373
134	0.0133	0.3654	0.0767	0.0619	0.0911	0.0585	0.0929	0.0917	0.0439	0.1369	0.109	0.0283	0.2151	0.1374
135	0.0129	0.3555	0.0771	0.0623	0.0912	0.0584	0.0928	0.0915	0.0439	0.1369	0.1089	0.0283	0.2152	0.1373
136	0.0129	0.3599	0.077	0.0623	0.0913	0.0586	0.0932	0.0919	0.0439	0.1369	0.109	0.0284	0.2155	0.1375
137	0.0126	0.3663	0.0769	0.0622	0.0914	0.0586	0.0932	0.092	0.0439	0.1368	0.1091	0.0284	0.2156	0.1377
138	0.0131	0.3641	0.0767	0.062	0.0912	0.0586	0.0931	0.0919	0.0438	0.1365	0.1089	0.0284	0.2155	0.1375
139	0.0126	0.3617	0.0765	0.0617	0.0909	0.0586	0.0932	0.0918	0.0438	0.1365	0.1088	0.0283	0.2149	0.1374
140	0.0128	0.3587	0.0763	0.0615	0.0907	0.0587	0.0934	0.0918	0.0438	0.1366	0.1088	0.0283	0.2147	0.1372
141	0.0129	0.3654	0.0762	0.0614	0.0907	0.0586	0.0934	0.0919	0.0438	0.1365	0.1088	0.0283	0.2149	0.1373
142	0.0123	0.3598	0.0762	0.0619	0.0908	0.0585	0.0934	0.0918	0.0438	0.1366	0.1088	0.0283	0.2148	0.1373
143	0.0123	0.3699	0.0765	0.0621	0.0909	0.0585	0.0933	0.0917	0.0438	0.1366	0.1087	0.0283	0.2148	0.1371
144	0.012	0.378	0.0765	0.062	0.0908	0.0585	0.0934	0.0917	0.0439	0.1372	0.1089	0.0283	0.2144	0.137
145	0.0122	0.3584	0.0762	0.0617	0.0905	0.0588	0.0937	0.0918	0.0439	0.1369	0.1087	0.0283	0.2145	0.1369
146	0.0125	0.3668	0.0763	0.0619	0.0907	0.0586	0.0937	0.0918	0.0438	0.1365	0.1086	0.0282	0.2142	0.137
147	0.012	0.3601	0.0758	0.0617	0.0903	0.0584	0.0935	0.0916	0.0436	0.1361	0.1084	0.0282	0.2141	0.1368
148	0.0112	0.3543	0.0754	0.0615	0.09	0.0587	0.0938	0.0918	0.0438	0.1367	0.1086	0.0282	0.2141	0.1368
149	0.0122	0.3647	0.0756	0.0616	0.09	0.0588	0.094	0.0918	0.0436	0.1363	0.1084	0.0282	0.2146	0.1368
150	0.0119	0.3565	0.0753	0.0613	0.0898	0.0585	0.0937	0.0916	0.0438	0.1366	0.1085	0.0282	0.2147	0.1369
151	0.0122	0.3648	0.0756	0.0611	0.0899	0.0585	0.0938	0.0917	0.0438	0.1367	0.1086	0.0282	0.2146	0.1369
152	0.012	0.3627	0.0756	0.0612	0.0899	0.0588	0.0942	0.0918	0.0438	0.1368	0.1086	0.0282	0.2147	0.1369
153	0.012	0.3688	0.0754	0.0613	0.09	0.0587	0.0939	0.0919	0.0438	0.1368	0.1087	0.0282	0.2143	0.1369
154	0.0118	0.3643	0.0755	0.0613	0.0901	0.0585	0.0939	0.0919	0.0438	0.137	0.1089	0.0282	0.2143	0.137
155	0.0116	0.3537	0.0754	0.0611	0.0902	0.0582	0.0931	0.0916	0.0438	0.1368	0.1089	0.0282	0.2145	0.1371
156	0.0116	0.3583	0.0756	0.0613	0.0905	0.0582	0.093	0.0917	0.0439	0.1367	0.109	0.0282	0.2147	0.1372
157	0.0113	0.3627	0.0758	0.0616	0.0907	0.0582	0.093	0.0917	0.0438	0.1367	0.109	0.0282	0.2151	0.1374
158	0.0116	0.3649	0.0757	0.0615	0.0907	0.0582	0.0929	0.0918	0.0438	0.1366	0.1091	0.0283	0.2152	0.1375
159	0.0116	0.3648	0.0756	0.0615	0.0905	0.0583	0.093	0.0918	0.0438	0.1368	0.109	0.0283	0.2153	0.1375
160	0.0113	0.3622	0.0756	0.0614	0.0905	0.0586	0.0932	0.0919	0.0438	0.1364	0.1089	0.0282	0.215	0.1373
161	0.0115	0.364	0.0761	0.0618	0.0908	0.0585	0.0931	0.0919	0.0438	0.1365	0.109	0.0282	0.2149	0.1374
162	0.0112	0.3603	0.0763	0.0618	0.091	0.0587	0.0934	0.0921	0.0437	0.1362	0.1089	0.0282	0.2145	0.1373
163	0.0113	0.3665	0.0768	0.0622	0.0917	0.0587	0.0935	0.0925	0.0437	0.1362	0.1092	0.0282	0.2149	0.1377
164	0.0113	0.3663	0.0767	0.0619	0.0915	0.0586	0.0934	0.0923	0.0438	0.1363	0.1091	0.0283	0.2151	0.1377
165	0.0114	0.3586	0.0767	0.0623	0.0914	0.0585	0.0932	0.0921	0.0438	0.1365	0.1091	0.0283	0.2155	0.1376
166	0.011	0.3645	0.0765	0.062	0.0913	0.0586	0.0934	0.0922	0.0438	0.1367	0.1092	0.0283	0.216	0.1378
167	0.011	0.3652	0.0772	0.0625	0.092	0.0585	0.0934	0.0923	0.044	0.1371	0.1095	0.0283	0.2159	0.1379
168	0.0109	0.3683	0.0771	0.0625	0.092	0.0587	0.0936	0.0924	0.044	0.1371	0.1095	0.0283	0.2162	0.138
169	0.0113	0.3618	0.0773	0.0627	0.0922	0.0588	0.0938	0.0926	0.044	0.1373	0.1097	0.0283	0.2159	0.1381
170	0.0108	0.3589	0.0773	0.0626	0.0921	0.0587	0.0937	0.0925	0.044	0.1375	0.1097	0.0282	0.2154	0.1379
171	0.0111	0.363	0.0773	0.0627	0.0923	0.0587	0.0936	0.0926	0.0441	0.1377	0.11	0.0282	0.2153	0.138
172	0.011	0.3614	0.0774	0.0626	0.0923	0.0589	0.0938	0.0927	0.0441	0.1377	0.1099	0.0282	0.2153	0.1379
173	0.0111	0.3603	0.0772	0.0625	0.0922	0.0589	0.0941	0.0928	0.0442	0.138	0.11	0.0282	0.2154	0.138
174	0.0106	0.3648	0.0773	0.0626	0.0922	0.059	0.0943	0.0929	0.0441	0.138	0.1099	0.0282	0.2154	0.138
175	0.0113	0.3514	0.0772	0.0624	0.092	0.0591	0.0942	0.0928	0.0439	0.1374	0.1096	0.0282	0.2155	0.1379
176	0.0108	0.3598	0.077	0.0624	0.0921	0.0591	0.0942	0.0929	0.044	0.1376	0.1098	0.0283	0.2158	0.1381
177	0.0113	0.3642	0.0771	0.0623	0.0919	0.0593	0.0943	0.0929	0.044	0.1377	0.1097	0.0282	0.2152	0.1377
178	0.0106	0.3646	0.0772	0.0624	0.0919	0.0593	0.0943	0.0928	0.0441	0.1376	0.1096	0.0282	0.2152	0.1376
179	0.0107	0.3654	0.0771	0.0623	0.0917	0.0593	0.0943	0.0927	0.0441	0.1377	0.1096	0.0282	0.2153	0.1376
180	0.0109	0.366	0.0771	0.0622	0.0916	0.0593	0.0941	0.0925	0.0442	0.138	0.1096	0.0282	0.2154	0.1375
181	0.0108	0.3538	0.0768	0.0619	0.0914	0.0588	0.0934	0.0922	0.0441	0.1376	0.1094	0.0282	0.2153	0.1375
182	0.0106	0.3633	0.0767	0.0616	0.0914	0.0591	0.0941	0.0926	0.0442	0.1382	0.1097	0.0282	0.2152	0.1375
183	0.0112	0.3684	0.0769	0.0618	0.0917	0.059	0.0941	0.0927	0.044	0.1378	0.1097	0.0281	0.2148	0.1376
184	0.011	0.3642	0.0772	0.0621	0.0921	0.0592	0.0944	0.0931	0.0442	0.1382	0.1101	0.0282	0.2149	0.1378
185	0.011	0.3702	0.0773	0.0625	0.0921	0.0592	0.0943	0.093	0.044	0.1376	0.1098	0.0281	0.2149	0.1378
186	0.011	0.3624	0.0773	0.0624	0.0923	0.0593	0.0943	0.0932	0.0439	0.1376	0.1099	0.0281	0.2148	0.1379
187	0.0107	0.3596	0.0773	0.0625	0.0924	0.0592	0.0942	0.0932	0.0439	0.1373	0.1099	0.0281	0.2146	0.1379
188	0.0108	0.3592	0.0773	0.0626	0.0925	0.0593	0.0944	0.0933	0.0439	0.1371	0.11	0.0281	0.2143	0.1379
189	0.0109	0.362	0.0772	0.0624	0.0925	0.0592	0.0944	0.0933	0.044	0.1373	0.1101	0.0281	0.2145	0.138
190	0.0106	0.3649	0.0767	0.0619	0.0919	0.0592	0.0945	0.0932	0.044	0.1376	0.11	0.028	0.2141	0.1377
191	0.0105	0.362	0.0761	0.0615	0.0915	0.0591	0.0945	0.0931	0.0439	0.1375	0.1098	0.028	0.2144	0.1376
192	0.0109	0.3561	0.0762	0.0616	0.0916	0.059	0.0946	0.0931	0.0438	0.1374	0.1098	0.028	0.2145	0.1377
193	0.0105	0.3539	0.0764	0.0619	0.0918	0.0589	0.0944	0.0931	0.0438	0.1373	0.1099	0.028	0.2145	0.1377
194	0.0101	0.3707	0.0765	0.0619	0.0918	0.0589	0.0945	0.0931	0.0438	0.1368	0.1096	0.028	0.2143	0.1376
195	0.0105	0.3699	0.0766	0.0618	0.0919	0.0588	0.0943	0.093	0.0436	0.1363	0.1095	0.028	0.2144	0.1377
196	0.0107	0.3532	0.0766	0.0617	0.0919	0.059	0.0944	0.0931	0.0436	0.1366	0.1095	0.028	0.2146	0.1377
197	0.0103	0.3668	0.0766	0.062	0.0921	0.0588	0.0942	0.0931	0.0437	0.1368	0.1097	0.028	0.2147	0.1378
198	0.0104	0.3569	0.0767	0.0623	0.0921	0.0589	0.0943	0.0931	0.0436	0.1365	0.1096	0.0281	0.2151	0.1379
199	0.0105	0.3707	0.0766	0.0621	0.0918	0.0586	0.0939	0.0927	0.0435	0.1362	0.1093	0.028	0.2148	0.1376
200	0.0106	0.3664	0.0765	0.0618	0.0918	0.0585	0.0938	0.0927	0.0435	0.1361	0.1092	0.028	0.2144	0.1375
201	0.0105	0.3662	0.0765	0.0621	0.0918	0.0585	0.094	0.0927	0.0434	0.1358	0.1092	0.0279	0.2139	0.1373
202	0.0104	0.3608	0.0771	0.0625	0.0924	0.0584	0.0938	0.0927	0.0434	0.1358	0.1092	0.0279	0.2135	0.1373
203	0.0103	0.3644	0.0774	0.0627	0.0926	0.0584	0.0935	0.0926	0.0433	0.1358	0.1091	0.0279	0.2137	0.1373
204	0.0102	0.3706	0.077	0.0623	0.0921	0.0587	0.0939	0.0928	0.0434	0.1358	0.1091	0.0279	0.2139	0.1373
205	0.0103	0.3583	0.0769	0.0623	0.0921	0.0585	0.0935	0.0926	0.0434	0.1358	0.1092	0.0279	0.2137	0.1373
206	0.0106	0.3587	0.0769	0.0626	0.0923	0.0585	0.0935	0.0927	0.0434	0.136	0.1092	0.0279	0.2136	0.1373
207	0.0102	0.3616	0.0762	0.062	0.0919	0.0584	0.0934	0.0927	0.0434	0.1358	0.1093	0.0279	0.2139	0.1374
208	0.0106	0.3713	0.0765	0.0622	0.0923	0.0584	0.0931	0.0927	0.0434	0.1358	0.1094	0.0279	0.2137	0.1376
209	0.01	0.368	0.077	0.0626	0.0926	0.0584	0.0931	0.0927	0.0435	0.1364	0.1095	0.0279	0.2138	0.1376
210	0.01	0.3615	0.077	0.0627	0.0926	0.0585	0.0934	0.0928	0.0436	0.1366	0.1096	0.028	0.2139	0.1376
211	0.0103	0.3542	0.077	0.0627	0.0925	0.0585	0.0935	0.0927	0.0436	0.1365	0.1095	0.0279	0.2138	0.1374
212	0.0102	0.3653	0.0769	0.0624	0.0925	0.0585	0.0935	0.0927	0.0436	0.1361	0.1094	0.028	0.2142	0.1376
213	0.0102	0.3578	0.0769	0.0624	0.0926	0.0586	0.0937	0.0929	0.0437	0.1363	0.1096	0.028	0.214	0.1376
214	0.0104	0.368	0.0769	0.0625	0.0927	0.0585	0.0935	0.0929	0.0435	0.1359	0.1095	0.028	0.2138	0.1376
215	0.0103	0.369	0.0772	0.0627	0.093	0.0585	0.0935	0.093	0.0434	0.1356	0.1094	0.028	0.2141	0.1378
216	0.0103	0.36	0.0774	0.0628	0.0932	0.0584	0.0934	0.093	0.0434	0.1359	0.1096	0.0279	0.2136	0.1377
217	0.0105	0.36	0.0775	0.0628	0.0932	0.0585	0.0937	0.0931	0.0435	0.1359	0.1096	0.0279	0.213	0.1375
218	0.0108	0.3667	0.0772	0.0627	0.0931	0.0586	0.0937	0.0933	0.0435	0.136	0.1098	0.0278	0.213	0.1377
219	0.0101	0.364	0.0773	0.0628	0.0932	0.0587	0.0939	0.0935	0.0434	0.1356	0.1097	0.0278	0.2131	0.1378
220	0.0103	0.3535	0.077	0.0627	0.0932	0.0587	0.094	0.0936	0.0434	0.1357	0.1098	0.0278	0.2127	0.1378
221	0.0098	0.3581	0.077	0.063	0.0932	0.0587	0.0941	0.0936	0.0434	0.1358	0.1099	0.0278	0.2129	0.1378
222	0.0099	0.3689	0.077	0.063	0.0933	0.0586	0.0936	0.0936	0.0434	0.1358	0.11	0.0278	0.2129	0.138
223	0.0099	0.3598	0.0765	0.0627	0.0928	0.0588	0.0938	0.0935	0.0435	0.136	0.11	0.0278	0.2129	0.1377
224	0.0098	0.3656	0.0767	0.0626	0.0929	0.0589	0.0939	0.0936	0.0436	0.1363	0.1101	0.0278	0.2128	0.1378
225	0.0103	0.3571	0.0768	0.0628	0.093	0.0587	0.0938	0.0934	0.0436	0.1363	0.11	0.0278	0.2129	0.1377
226	0.0101	0.3736	0.077	0.0629	0.0929	0.0587	0.0934	0.0931	0.0436	0.1363	0.1099	0.0278	0.2129	0.1375
227	0.0099	0.3625	0.0769	0.0629	0.093	0.0586	0.0932	0.0932	0.0436	0.1361	0.1099	0.0278	0.2128	0.1376
228	0.0099	0.353	0.0771	0.063	0.0931	0.0584	0.0931	0.0931	0.0436	0.1361	0.1099	0.0278	0.2125	0.1375
229	0.0095	0.3628	0.077	0.0629	0.093	0.0583	0.0928	0.0928	0.0436	0.1362	0.1098	0.0277	0.2127	0.1375
230	0.0099	0.3609	0.0769	0.0627	0.0928	0.0584	0.0929	0.0929	0.0436	0.1366	0.1099	0.0278	0.2128	0.1375
231	0.0097	0.3668	0.0771	0.0628	0.0928	0.0582	0.0929	0.0928	0.0436	0.1368	0.1099	0.0277	0.2128	0.1374
232	0.01	0.3631	0.0773	0.0628	0.0931	0.0583	0.0932	0.0929	0.0436	0.1366	0.11	0.0277	0.2126	0.1374
233	0.0104	0.3702	0.0771	0.0626	0.0928	0.0582	0.0932	0.0929	0.0435	0.1366	0.1098	0.0277	0.2127	0.1373
234	0.0101	0.3725	0.077	0.0627	0.0926	0.0585	0.0936	0.0929	0.0435	0.1366	0.1097	0.0277	0.2125	0.1371
235	0.0102	0.3609	0.0767	0.0623	0.0923	0.0582	0.0931	0.0926	0.0435	0.1369	0.1096	0.0277	0.2123	0.1369
236	0.0097	0.3623	0.0765	0.0622	0.0921	0.0583	0.0933	0.0926	0.0434	0.1364	0.1093	0.0277	0.2122	0.1368
237	0.01	0.3621	0.0767	0.0624	0.0921	0.0585	0.0935	0.0927	0.0435	0.1365	0.1094	0.0276	0.2117	0.1366
238	0.0101	0.3648	0.0769	0.0626	0.0923	0.0584	0.0934	0.0927	0.0436	0.137	0.1096	0.0276	0.2115	0.1367
239	0.01	0.3638	0.0763	0.062	0.0918	0.0582	0.0933	0.0925	0.0436	0.1371	0.1096	0.0276	0.211	0.1365
240	0.0101	0.3587	0.0764	0.0623	0.0921	0.0581	0.0932	0.0925	0.0436	0.1373	0.1098	0.0276	0.2114	0.1367
241	0.0097	0.3688	0.0767	0.0625	0.0922	0.0581	0.0933	0.0924	0.0436	0.1372	0.1096	0.0277	0.2115	0.1367
242	0.01	0.3642	0.0767	0.0625	0.0922	0.0581	0.093	0.0924	0.0435	0.1371	0.1095	0.0277	0.2118	0.1368
243	0.0101	0.3683	0.0767	0.0627	0.0922	0.0583	0.0932	0.0925	0.0434	0.137	0.1094	0.0277	0.2117	0.1367
244	0.0099	0.3655	0.0767	0.0626	0.0922	0.0584	0.0937	0.0927	0.0434	0.1369	0.1095	0.0277	0.2119	0.1368
245	0.0097	0.3562	0.0765	0.0627	0.0921	0.0583	0.0937	0.0927	0.0434	0.1366	0.1094	0.0277	0.2119	0.1368
246	0.0099	0.3594	0.0766	0.0627	0.0921	0.0584	0.0937	0.0926	0.0436	0.1372	0.1095	0.0277	0.2123	0.1368
247	0.0097	0.3646	0.0763	0.0624	0.092	0.0584	0.0937	0.0927	0.0434	0.1368	0.1094	0.0277	0.2123	0.1369
248	0.0092	0.3654	0.0764	0.0625	0.0921	0.0583	0.0933	0.0926	0.0434	0.1365	0.1094	0.0277	0.2125	0.137
249	0.0099	0.3649	0.0765	0.0625	0.092	0.0582	0.0933	0.0925	0.0433	0.1363	0.1092	0.0277	0.2122	0.1368
250	0.01	0.3617	0.0765	0.0626	0.092	0.0585	0.0935	0.0926	0.0433	0.1363	0.1092	0.0277	0.2126	0.1369
251	0.0097	0.3762	0.0765	0.0627	0.0919	0.0586	0.0935	0.0925	0.0434	0.1365	0.1091	0.0277	0.2124	0.1367
252	0.0095	0.3646	0.0765	0.0626	0.0919	0.0584	0.0934	0.0925	0.0434	0.1367	0.1092	0.0277	0.2121	0.1366
253	0.01	0.3661	0.0764	0.0624	0.092	0.0584	0.0934	0.0926	0.0434	0.1364	0.1092	0.0277	0.2125	0.1368
254	0.0098	0.3643	0.0765	0.0625	0.0918	0.0581	0.0928	0.0921	0.0434	0.1365	0.1091	0.0277	0.2119	0.1364
255	0.0094	0.3589	0.0766	0.0625	0.0916	0.0582	0.0929	0.0919	0.0435	0.1367	0.109	0.0277	0.2118	0.1362
256	0.0098	0.3618	0.0765	0.0623	0.0916	0.0582	0.093	0.0921	0.0435	0.1368	0.1091	0.0277	0.2118	0.1364
257	0.0103	0.3657	0.0766	0.0625	0.0917	0.0581	0.0929	0.092	0.0435	0.1369	0.1091	0.0276	0.2116	0.1363
258	0.0096	0.3675	0.0764	0.0624	0.0916	0.0581	0.0932	0.0921	0.0433	0.1366	0.1089	0.0276	0.2114	0.1362
259	0.0097	0.3616	0.0765	0.0624	0.0917	0.0581	0.0932	0.0921	0.0433	0.1363	0.1088	0.0276	0.2115	0.1362
260	0.0098	0.3733	0.0766	0.0624	0.0918	0.0582	0.0932	0.0921	0.0432	0.136	0.1088	0.0276	0.2116	0.1362
261	0.0102	0.3746	0.0766	0.0625	0.0918	0.0582	0.093	0.0921	0.0433	0.1359	0.1088	0.0276	0.2117	0.1362
262	0.0096	0.3695	0.0766	0.0624	0.0918	0.0583	0.0931	0.0922	0.0433	0.1359	0.1088	0.0277	0.2122	0.1364
263	0.0096	0.3663	0.0764	0.0623	0.0916	0.0582	0.0929	0.0921	0.0432	0.1358	0.1087	0.0276	0.2117	0.1362
264	0.0098	0.3625	0.076	0.062	0.0913	0.0582	0.0931	0.092	0.0431	0.1356	0.1085	0.0276	0.2119	0.1362
265	0.0098	0.3668	0.0756	0.0617	0.0909	0.0579	0.0926	0.0916	0.0431	0.1356	0.1084	0.0276	0.212	0.136
266	0.0098	0.3707	0.0756	0.0618	0.091	0.0578	0.0922	0.0915	0.0431	0.1355	0.1083	0.0276	0.2122	0.1361
267	0.01	0.3601	0.0757	0.0618	0.0912	0.0577	0.0922	0.0916	0.043	0.1354	0.1084	0.0276	0.2118	0.1361
268	0.0093	0.36	0.0758	0.062	0.0913	0.0577	0.0921	0.0916	0.0431	0.1353	0.1084	0.0276	0.2114	0.136
269	0.01	0.3675	0.0757	0.062	0.0912	0.0577	0.0923	0.0916	0.043	0.1351	0.1082	0.0276	0.2112	0.1359
270	0.0095	0.3645	0.0756	0.0618	0.091	0.0578	0.0923	0.0916	0.043	0.1353	0.1082	0.0276	0.2116	0.136
271	0.0093	0.3692	0.0759	0.0621	0.0912	0.058	0.0926	0.0917	0.043	0.1351	0.1081	0.0277	0.2119	0.136
272	0.0098	0.3666	0.0764	0.0623	0.0914	0.0582	0.0929	0.0918	0.0429	0.135	0.1081	0.0277	0.2121	0.1361
273	0.0095	0.3648	0.0761	0.062	0.0913	0.0582	0.0928	0.0919	0.043	0.1348	0.1082	0.0277	0.2124	0.1362
274	0.0094	0.36	0.0758	0.0617	0.0911	0.058	0.0926	0.0917	0.043	0.1349	0.1081	0.0277	0.2122	0.1362
275	0.0094	0.3626	0.0759	0.0618	0.0912	0.0581	0.0925	0.0918	0.0429	0.1348	0.1081	0.0277	0.2122	0.1361
276	0.0093	0.3528	0.0758	0.0619	0.0911	0.0582	0.0927	0.0918	0.0431	0.1352	0.1082	0.0277	0.2117	0.136
277	0.0097	0.3675	0.0758	0.0617	0.091	0.0582	0.0928	0.0918	0.043	0.1354	0.1082	0.0277	0.212	0.136
278	0.0097	0.3728	0.0759	0.0618	0.0911	0.0581	0.0923	0.0917	0.0429	0.1347	0.108	0.0277	0.2122	0.1361
279	0.0095	0.3718	0.0758	0.0616	0.091	0.058	0.0923	0.0916	0.0429	0.1348	0.108	0.0277	0.2118	0.136
280	0.0093	0.3639	0.0758	0.062	0.0911	0.058	0.0923	0.0915	0.0429	0.1348	0.108	0.0276	0.2112	0.1358
281	0.0099	0.3711	0.0757	0.062	0.0911	0.0578	0.092	0.0915	0.0429	0.1347	0.108	0.0277	0.2113	0.1359
282	0.0094	0.3699	0.0759	0.0622	0.0913	0.0579	0.0923	0.0917	0.0428	0.1349	0.1081	0.0276	0.2116	0.136
283	0.0092	0.3532	0.0759	0.0622	0.0914	0.058	0.0924	0.0918	0.043	0.1355	0.1085	0.0276	0.2109	0.136
284	0.0091	0.3653	0.0756	0.0621	0.0911	0.0582	0.0927	0.0918	0.043	0.1353	0.1083	0.0276	0.2107	0.1358
285	0.0097	0.3648	0.0754	0.062	0.0911	0.0584	0.0928	0.092	0.043	0.1352	0.1083	0.0276	0.2106	0.1358
286	0.0094	0.3629	0.0756	0.0622	0.0913	0.0588	0.0933	0.0924	0.043	0.1347	0.1083	0.0276	0.2111	0.1361
287	0.0094	0.3712	0.0753	0.0619	0.0911	0.0585	0.0931	0.0922	0.0431	0.1351	0.1084	0.0276	0.2116	0.1362
288	0.0099	0.3653	0.0753	0.0618	0.0911	0.0587	0.0935	0.0924	0.0431	0.1352	0.1085	0.0276	0.2118	0.1363
289	0.0097	0.3618	0.075	0.0617	0.091	0.0588	0.0936	0.0925	0.0429	0.1345	0.1083	0.0276	0.2118	0.1363
290	0.0093	0.3686	0.0752	0.0618	0.0911	0.0585	0.0932	0.0923	0.0429	0.1345	0.1083	0.0276	0.2114	0.1362
291	0.0095	0.3548	0.0753	0.0618	0.0912	0.0583	0.0928	0.0922	0.043	0.1346	0.1084	0.0276	0.2113	0.1362
292	0.0092	0.3714	0.0755	0.0619	0.0914	0.0582	0.0927	0.0922	0.043	0.1344	0.1084	0.0276	0.2114	0.1363
293	0.0095	0.3698	0.0755	0.062	0.0914	0.0581	0.0926	0.0921	0.043	0.1347	0.1085	0.0276	0.2116	0.1363
294	0.01	0.3695	0.0758	0.0623	0.0915	0.058	0.0927	0.092	0.043	0.1347	0.1084	0.0276	0.2114	0.1362
295	0.0097	0.37	0.076	0.0625	0.0918	0.0582	0.0929	0.0922	0.043	0.1347	0.1085	0.0275	0.2112	0.1362
296	0.0095	0.3744	0.0756	0.0624	0.0915	0.0584	0.0933	0.0924	0.043	0.1349	0.1085	0.0275	0.2108	0.1361
297	0.0097	0.3595	0.0757	0.0624	0.0916	0.0586	0.0936	0.0926	0.0429	0.1347	0.1085	0.0275	0.2109	0.1361
298	0.0098	0.3607	0.0755	0.0623	0.0915	0.0583	0.0934	0.0924	0.043	0.1346	0.1085	0.0275	0.2111	0.1361
299	0.0093	0.3674	0.0754	0.0624	0.0915	0.0582	0.0932	0.0924	0.043	0.1345	0.1085	0.0275	0.2109	0.1362
300	0.0096	0.3685	0.0754	0.0623	0.0915	0.0584	0.0935	0.0926	0.0431	0.1351	0.1088	0.0275	0.2106	0.1362
301	0.0093	0.3638	0.0754	0.0622	0.0914	0.0585	0.0936	0.0926	0.0429	0.1351	0.1087	0.0275	0.2103	0.136
302	0.0091	0.3595	0.0754	0.0625	0.0916	0.0587	0.0939	0.0928	0.0429	0.1349	0.1086	0.0275	0.2103	0.1361
303	0.0098	0.3644	0.0755	0.0626	0.0916	0.0584	0.0935	0.0925	0.043	0.1352	0.1087	0.0275	0.2104	0.1361
304	0.0096	0.3691	0.0758	0.0629	0.0918	0.0584	0.0935	0.0926	0.0431	0.1356	0.1089	0.0275	0.2107	0.1362
305	0.0097	0.3658	0.0761	0.0632	0.0923	0.0587	0.0941	0.0931	0.0432	0.1354	0.1091	0.0275	0.2107	0.1364
306	0.0094	0.363	0.0758	0.0628	0.0921	0.0584	0.0937	0.0929	0.0431	0.1354	0.1091	0.0275	0.2108	0.1365
307	0.0095	0.3728	0.0758	0.063	0.0922	0.0584	0.0937	0.0929	0.043	0.1354	0.1091	0.0275	0.2106	0.1365
308	0.009	0.3583	0.0758	0.0628	0.092	0.0586	0.0939	0.0929	0.0431	0.1354	0.109	0.0275	0.2104	0.1363
309	0.0091	0.3634	0.0756	0.0625	0.0918	0.0585	0.0939	0.0929	0.043	0.1353	0.109	0.0275	0.2103	0.1364
310	0.0093	0.3656	0.0757	0.0627	0.092	0.0584	0.0933	0.0928	0.043	0.1352	0.1091	0.0275	0.2103	0.1365
311	0.0092	0.3711	0.076	0.063	0.0922	0.0585	0.0934	0.0928	0.043	0.1353	0.109	0.0276	0.2105	0.1365
312	0.0091	0.3679	0.076	0.0628	0.092	0.0585	0.0934	0.0927	0.0431	0.1354	0.109	0.0275	0.2103	0.1363
313	0.0093	0.3614	0.076	0.0628	0.0919	0.0588	0.0942	0.093	0.0432	0.1356	0.1091	0.0276	0.2104	0.1363
314	0.0095	0.3701	0.0759	0.0625	0.0918	0.0588	0.0942	0.093	0.0431	0.1352	0.1089	0.0275	0.2105	0.1363
315	0.0096	0.3697	0.0762	0.063	0.0919	0.0588	0.0942	0.0929	0.043	0.1349	0.1087	0.0276	0.2105	0.1363
316	0.009	0.3642	0.0764	0.0632	0.092	0.0588	0.094	0.0928	0.043	0.135	0.1087	0.0276	0.2109	0.1363
317	0.0094	0.3742	0.0763	0.0632	0.0919	0.0586	0.0939	0.0926	0.043	0.1352	0.1087	0.0276	0.2103	0.1361
318	0.0093	0.3721	0.0761	0.0631	0.0918	0.0588	0.0943	0.0928	0.0432	0.1354	0.1088	0.0275	0.2101	0.1361
319	0.0094	0.366	0.0763	0.0632	0.0921	0.0586	0.0944	0.093	0.0433	0.1358	0.1092	0.0275	0.2101	0.1363
320	0.0094	0.3652	0.0765	0.0633	0.0922	0.0587	0.0945	0.093	0.0433	0.1359	0.1092	0.0275	0.2101	0.1363
321	0.0098	0.3767	0.0764	0.0634	0.0921	0.0584	0.0942	0.0928	0.0432	0.1354	0.109	0.0275	0.2099	0.1361
322	0.0094	0.365	0.0762	0.0632	0.092	0.0582	0.0937	0.0926	0.0431	0.1356	0.1089	0.0275	0.21	0.1361
323	0.0089	0.3659	0.0757	0.0627	0.0916	0.0584	0.0939	0.0926	0.043	0.1354	0.1087	0.0275	0.2098	0.136
324	0.0091	0.3638	0.0757	0.0627	0.0915	0.0584	0.0939	0.0925	0.043	0.1354	0.1087	0.0275	0.2097	0.1359
325	0.0092	0.3691	0.0755	0.0623	0.0912	0.0584	0.094	0.0924	0.043	0.1353	0.1085	0.0275	0.2098	0.1358
326	0.0093	0.3701	0.0757	0.0624	0.0914	0.0585	0.094	0.0925	0.0429	0.135	0.1084	0.0274	0.2095	0.1357
327	0.009	0.3613	0.0758	0.0624	0.0914	0.0585	0.094	0.0925	0.043	0.135	0.1084	0.0274	0.2094	0.1356
328	0.0094	0.3614	0.0755	0.0619	0.0911	0.0585	0.0941	0.0925	0.0429	0.1349	0.1083	0.0274	0.2095	0.1356
329	0.0096	0.3682	0.0758	0.0621	0.0915	0.0584	0.0939	0.0925	0.0428	0.1347	0.1084	0.0274	0.2094	0.1357
330	0.0092	0.3707	0.0759	0.0621	0.0914	0.0584	0.094	0.0925	0.0428	0.1342	0.1081	0.0274	0.2098	0.1357
331	0.0093	0.3679	0.0757	0.0619	0.0912	0.0584	0.0938	0.0923	0.0428	0.1342	0.1081	0.0274	0.2096	0.1356
332	0.0092	0.3649	0.0758	0.0619	0.0912	0.0583	0.0937	0.0922	0.0429	0.1345	0.1081	0.0274	0.2096	0.1355
333	0.0088	0.3707	0.0758	0.0619	0.0912	0.0582	0.0935	0.0921	0.0429	0.1342	0.1081	0.0274	0.2097	0.1356
334	0.0088	0.3645	0.0758	0.0622	0.0914	0.0581	0.0934	0.0922	0.0429	0.1343	0.1082	0.0275	0.2098	0.1357
335	0.0093	0.3749	0.0756	0.0619	0.0911	0.0582	0.0933	0.0921	0.0428	0.1344	0.1081	0.0275	0.2101	0.1358
336	0.0092	0.3746	0.0756	0.0622	0.0912	0.0581	0.0932	0.092	0.0428	0.1347	0.1082	0.0275	0.2105	0.1358
337	0.0095	0.3749	0.075	0.0615	0.0906	0.0582	0.0933	0.092	0.0428	0.1343	0.1079	0.0275	0.2103	0.1356
338	0.0092	0.3679	0.0753	0.0613	0.0908	0.0582	0.0931	0.0919	0.0428	0.1343	0.1079	0.0275	0.2103	0.1356
339	0.0095	0.3643	0.0754	0.0613	0.0907	0.0583	0.0933	0.092	0.0428	0.1345	0.108	0.0275	0.2101	0.1356
340	0.0092	0.3649	0.0754	0.0615	0.0907	0.0583	0.0933	0.0919	0.0428	0.1344	0.108	0.0275	0.2097	0.1355
341	0.009	0.3674	0.0753	0.0614	0.0906	0.0583	0.0934	0.0919	0.0429	0.1348	0.108	0.0275	0.2102	0.1355
342	0.0095	0.3692	0.0752	0.0614	0.0904	0.0582	0.0932	0.0917	0.0429	0.1346	0.1079	0.0275	0.2099	0.1354
343	0.0091	0.3637	0.0751	0.0613	0.0902	0.0582	0.0931	0.0917	0.0429	0.1343	0.1078	0.0274	0.2098	0.1352
344	0.0094	0.3689	0.075	0.0613	0.0903	0.0582	0.0932	0.0918	0.0431	0.1348	0.1081	0.0275	0.2103	0.1355
345	0.0092	0.3652	0.0753	0.0615	0.0905	0.0581	0.0932	0.0918	0.043	0.1353	0.1082	0.0275	0.2102	0.1355
346	0.0087	0.356	0.0753	0.0616	0.0905	0.0583	0.0934	0.0919	0.0431	0.1352	0.1082	0.0275	0.2104	0.1356
347	0.0092	0.3707	0.0749	0.0613	0.0902	0.0583	0.0935	0.0919	0.0431	0.1351	0.1081	0.0275	0.2106	0.1356
348	0.0094	0.3703	0.0755	0.0618	0.0908	0.0584	0.0935	0.0922	0.043	0.135	0.1083	0.0275	0.2108	0.1359
349	0.0087	0.3646	0.0757	0.062	0.091	0.0585	0.0937	0.0922	0.0431	0.1353	0.1084	0.0275	0.211	0.1359
350	0.009	0.3651	0.0756	0.0618	0.0908	0.0586	0.0937	0.0922	0.0431	0.1353	0.1084	0.0275	0.2109	0.1358
351	0.0091	0.3632	0.076	0.062	0.0911	0.0585	0.0935	0.0922	0.0432	0.1357	0.1085	0.0275	0.2105	0.1357
352	0.009	0.3658	0.0758	0.062	0.0909	0.0584	0.0933	0.092	0.0431	0.1356	0.1083	0.0275	0.2105	0.1356
353	0.0092	0.3642	0.0759	0.062	0.0911	0.0583	0.0931	0.092	0.0431	0.1353	0.1084	0.0275	0.2106	0.1357
354	0.0092	0.3681	0.0759	0.0619	0.0911	0.0582	0.093	0.092	0.0432	0.1356	0.1086	0.0275	0.211	0.1359
355	0.0092	0.3704	0.076	0.062	0.0911	0.0584	0.0934	0.0921	0.0431	0.1353	0.1083	0.0275	0.2113	0.1358
356	0.0096	0.3746	0.0754	0.0617	0.0906	0.0585	0.0941	0.0922	0.0431	0.1352	0.1083	0.0275	0.2114	0.1358
357	0.0091	0.3712	0.0756	0.0618	0.0908	0.0585	0.0941	0.0922	0.043	0.1352	0.1082	0.0275	0.2113	0.1357
358	0.0093	0.3657	0.0755	0.0619	0.0907	0.0587	0.0943	0.0923	0.0431	0.1356	0.1084	0.0274	0.2105	0.1355
359	0.0092	0.378	0.0756	0.062	0.0907	0.0587	0.0943	0.0923	0.0431	0.1358	0.1084	0.0274	0.2104	0.1355
360	0.009	0.3739	0.0756	0.0621	0.0909	0.0588	0.0946	0.0926	0.043	0.1353	0.1084	0.0274	0.2104	0.1356
361	0.0096	0.3666	0.0757	0.0621	0.091	0.0586	0.0943	0.0925	0.0431	0.1355	0.1086	0.0274	0.2104	0.1357
362	0.0093	0.3799	0.0759	0.0623	0.0912	0.0588	0.0946	0.0927	0.0431	0.1356	0.1086	0.0274	0.2102	0.1357
363	0.0092	0.3702	0.0758	0.0621	0.0912	0.0586	0.0943	0.0926	0.043	0.1356	0.1085	0.0273	0.2097	0.1355
364	0.0094	0.3736	0.0759	0.062	0.0913	0.0589	0.0948	0.0928	0.043	0.1353	0.1085	0.0273	0.2094	0.1355
365	0.0092	0.3706	0.0762	0.0623	0.0916	0.0587	0.0943	0.0927	0.043	0.1354	0.1086	0.0273	0.2096	0.1355
366	0.0088	0.3626	0.0758	0.0621	0.0915	0.0585	0.0942	0.0927	0.043	0.1352	0.1086	0.0273	0.2097	0.1357
367	0.0093	0.3661	0.0756	0.062	0.0914	0.0586	0.0942	0.0928	0.0429	0.1348	0.1085	0.0273	0.2102	0.1358
368	0.0092	0.3746	0.0759	0.0623	0.0917	0.0585	0.094	0.0928	0.043	0.1349	0.1087	0.0273	0.2099	0.1358
369	0.009	0.3684	0.0759	0.0623	0.0916	0.0582	0.0932	0.0923	0.0428	0.1344	0.1083	0.0273	0.2099	0.1355
370	0.0088	0.3658	0.0757	0.0621	0.0914	0.0581	0.0929	0.0921	0.0428	0.1341	0.1081	0.0273	0.2095	0.1354
371	0.0089	0.3733	0.0754	0.0619	0.0911	0.0582	0.0931	0.0921	0.0428	0.1343	0.1081	0.0273	0.2098	0.1353
372	0.0096	0.3685	0.0754	0.0618	0.0911	0.058	0.0927	0.0919	0.0428	0.1344	0.1081	0.0273	0.2099	0.1354
373	0.0092	0.3739	0.0755	0.0618	0.091	0.058	0.0928	0.0918	0.0427	0.134	0.1079	0.0273	0.21	0.1353
374	0.009	0.3675	0.0754	0.0617	0.091	0.0581	0.0929	0.092	0.0429	0.1348	0.1083	0.0273	0.2098	0.1353
375	0.0091	0.3715	0.0758	0.062	0.0913	0.0581	0.0929	0.092	0.0429	0.1349	0.1083	0.0273	0.2099	0.1353
376	0.0092	0.3709	0.0752	0.0618	0.0908	0.0581	0.093	0.0919	0.0428	0.1347	0.1081	0.0273	0.2097	0.1352
377	0.0094	0.362	0.0753	0.062	0.0908	0.058	0.0928	0.0918	0.0427	0.1345	0.1079	0.0273	0.2099	0.1351
378	0.009	0.3754	0.0756	0.0622	0.0911	0.0579	0.0925	0.0917	0.0427	0.134	0.1079	0.0273	0.2095	0.1351
379	0.0094	0.3679	0.0759	0.0624	0.0914	0.0579	0.0924	0.0917	0.0427	0.1343	0.108	0.0272	0.2092	0.1351
380	0.0092	0.3793	0.0761	0.0624	0.0914	0.0578	0.0926	0.0917	0.0426	0.1341	0.1079	0.0272	0.2089	0.1349
381	0.0095	0.3701	0.0761	0.0628	0.0916	0.0579	0.0929	0.0919	0.0426	0.1338	0.1078	0.0272	0.2089	0.135
382	0.0088	0.3657	0.076	0.0625	0.0915	0.0578	0.0928	0.0919	0.0426	0.1338	0.1078	0.0272	0.2093	0.1351
383	0.0095	0.3702	0.0758	0.0625	0.0914	0.0578	0.0926	0.0918	0.0427	0.1342	0.1079	0.0272	0.209	0.135
384	0.009	0.3731	0.0756	0.0625	0.0913	0.0578	0.0925	0.0918	0.0426	0.1338	0.1078	0.0272	0.2087	0.1349
385	0.0093	0.367	0.0756	0.0624	0.0914	0.0577	0.0925	0.0918	0.0428	0.1342	0.1081	0.0272	0.2089	0.1351
386	0.0095	0.3732	0.0754	0.0621	0.091	0.0575	0.0922	0.0915	0.0428	0.1342	0.1079	0.0271	0.2081	0.1347
387	0.0092	0.3617	0.0754	0.0619	0.091	0.0574	0.0922	0.0915	0.0427	0.1338	0.1078	0.0271	0.2085	0.1347
388	0.0091	0.3704	0.0753	0.0618	0.0911	0.0574	0.0918	0.0915	0.0426	0.1339	0.1078	0.0272	0.2086	0.1349
389	0.0086	0.3576	0.0753	0.0616	0.091	0.0574	0.0916	0.0914	0.0427	0.1341	0.1079	0.0272	0.2087	0.1348
390	0.0092	0.3664	0.0751	0.0613	0.0908	0.0574	0.0914	0.0912	0.0428	0.1347	0.108	0.0272	0.2088	0.1348
391	0.009	0.3639	0.0747	0.0613	0.0903	0.0575	0.0916	0.091	0.0427	0.1343	0.1076	0.0272	0.2089	0.1345
392	0.0089	0.3678	0.0746	0.0611	0.09	0.0574	0.0914	0.0909	0.0427	0.1341	0.1074	0.0271	0.2083	0.1342
393	0.009	0.3617	0.0742	0.0612	0.0898	0.0573	0.0916	0.0908	0.0427	0.134	0.1073	0.0271	0.2085	0.1341
394	0.0089	0.368	0.074	0.0611	0.0896	0.0572	0.0914	0.0906	0.0426	0.1336	0.107	0.0271	0.2083	0.134
395	0.0094	0.3771	0.074	0.0609	0.0896	0.0575	0.092	0.0909	0.0427	0.1342	0.1073	0.0271	0.2086	0.1341
396	0.009	0.3652	0.0738	0.0608	0.0895	0.0575	0.092	0.0909	0.0425	0.1339	0.1072	0.0271	0.2083	0.1341
397	0.0086	0.3651	0.0738	0.0607	0.0893	0.0575	0.0919	0.0908	0.0426	0.1339	0.1071	0.0271	0.2079	0.1339
398	0.0089	0.3612	0.074	0.0608	0.0895	0.0573	0.0918	0.0908	0.0425	0.1338	0.1071	0.0271	0.2081	0.134
399	0.0088	0.3608	0.0742	0.061	0.0896	0.0572	0.0916	0.0906	0.0425	0.1337	0.107	0.0271	0.2082	0.1339
400	0.0089	0.368	0.0738	0.0607	0.0894	0.0574	0.0917	0.0907	0.0424	0.1336	0.1069	0.0271	0.2081	0.1339
401	0.0091	0.3651	0.0738	0.0605	0.0894	0.0574	0.0919	0.0909	0.0425	0.1341	0.1072	0.0271	0.2085	0.1341
402	0.0086	0.3662	0.0742	0.0609	0.0898	0.0573	0.0919	0.0909	0.0425	0.134	0.1072	0.0271	0.2085	0.1341
403	0.0093	0.3674	0.0745	0.0611	0.09	0.0573	0.092	0.091	0.0424	0.1332	0.107	0.0271	0.2087	0.1343
404	0.0089	0.3741	0.0745	0.061	0.0899	0.057	0.0916	0.0906	0.0423	0.133	0.1069	0.0271	0.2087	0.1342
405	0.009	0.3688	0.0745	0.0609	0.0901	0.0572	0.0919	0.091	0.0424	0.1334	0.1071	0.0271	0.2086	0.1343
406	0.0093	0.3647	0.0743	0.0608	0.0901	0.0572	0.0922	0.0912	0.0424	0.1333	0.1072	0.0272	0.2089	0.1345
407	0.009	0.372	0.0747	0.061	0.0905	0.0569	0.0916	0.0911	0.0423	0.133	0.1073	0.0272	0.2089	0.1347
408	0.0089	0.3685	0.0748	0.061	0.0906	0.0571	0.0916	0.0911	0.0424	0.1339	0.1076	0.0272	0.2086	0.1347
409	0.009	0.367	0.075	0.0613	0.0908	0.057	0.0914	0.0911	0.0425	0.134	0.1077	0.0272	0.2089	0.1349
410	0.0086	0.3663	0.0752	0.0615	0.0908	0.0567	0.0908	0.0907	0.0424	0.1338	0.1074	0.0273	0.2093	0.1348
411	0.0088	0.3637	0.075	0.0614	0.0903	0.0568	0.0909	0.0904	0.0425	0.134	0.1072	0.0272	0.209	0.1344
412	0.0091	0.3713	0.075	0.0614	0.0904	0.057	0.0912	0.0907	0.0424	0.1336	0.1072	0.0272	0.2091	0.1345
413	0.0088	0.3684	0.075	0.0615	0.09	0.0571	0.0913	0.0905	0.0424	0.1335	0.1068	0.0271	0.2087	0.1341
414	0.0087	0.3764	0.0747	0.061	0.0898	0.0569	0.0912	0.0904	0.0424	0.1332	0.1068	0.0272	0.2089	0.1342
415	0.0093	0.3717	0.0749	0.0614	0.09	0.0571	0.0917	0.0906	0.0424	0.1336	0.1069	0.0272	0.2092	0.1342
416	0.0092	0.3712	0.0749	0.0609	0.0897	0.0569	0.0912	0.0903	0.0423	0.1334	0.1067	0.0272	0.209	0.1341
417	0.0087	0.3689	0.0749	0.061	0.0897	0.057	0.0913	0.0903	0.0424	0.1338	0.1069	0.0271	0.2089	0.134
418	0.0091	0.3765	0.075	0.0614	0.0898	0.057	0.0913	0.0903	0.0426	0.1344	0.107	0.0272	0.209	0.134
419	0.009	0.372	0.0751	0.0617	0.0899	0.0571	0.0915	0.0904	0.0425	0.134	0.1069	0.0272	0.2088	0.134
420	0.009	0.367	0.0751	0.0615	0.09	0.0571	0.0914	0.0904	0.0424	0.1335	0.1068	0.0271	0.2086	0.134
421	0.0091	0.3747	0.0754	0.0617	0.0901	0.0571	0.0915	0.0904	0.0424	0.1338	0.1068	0.0272	0.2088	0.1339
422	0.0084	0.3695	0.0752	0.0615	0.0898	0.057	0.0914	0.0903	0.0423	0.1336	0.1066	0.0272	0.2088	0.1339
423	0.0089	0.3659	0.0754	0.0619	0.0901	0.0569	0.0911	0.0902	0.0422	0.1333	0.1066	0.0271	0.2086	0.1339
424	0.0088	0.3783	0.0754	0.0622	0.0903	0.057	0.0914	0.0904	0.0423	0.1332	0.1067	0.0272	0.2088	0.1341
425	0.0091	0.3611	0.0754	0.0618	0.0902	0.0572	0.0918	0.0906	0.0424	0.1334	0.1068	0.0272	0.2091	0.1342
426	0.0087	0.3621	0.075	0.0617	0.0899	0.057	0.0918	0.0905	0.0424	0.1336	0.1068	0.0272	0.209	0.134
427	0.0085	0.3679	0.0752	0.0618	0.0902	0.0572	0.0919	0.0907	0.0423	0.1335	0.1068	0.0271	0.2088	0.134
428	0.0093	0.3636	0.0751	0.0614	0.09	0.0573	0.092	0.0908	0.0423	0.1336	0.1069	0.0272	0.2092	0.1342
429	0.0088	0.3695	0.075	0.0611	0.0897	0.0572	0.0916	0.0904	0.0424	0.1336	0.1067	0.0272	0.2096	0.1341
430	0.0091	0.3701	0.0749	0.0611	0.0897	0.0572	0.0916	0.0904	0.0424	0.1334	0.1066	0.0272	0.2093	0.134
431	0.0089	0.3664	0.075	0.0611	0.0897	0.0571	0.0916	0.0904	0.0423	0.133	0.1065	0.0271	0.2091	0.1339
432	0.0093	0.3757	0.0749	0.0611	0.0896	0.0571	0.0917	0.0903	0.0423	0.133	0.1065	0.0271	0.2091	0.1338
433	0.0086	0.3594	0.075	0.0612	0.0898	0.057	0.0914	0.0903	0.0423	0.133	0.1065	0.0271	0.2088	0.1338
434	0.0086	0.376	0.0747	0.0613	0.0896	0.0569	0.0913	0.0902	0.0422	0.1328	0.1064	0.0271	0.2086	0.1337
435	0.0091	0.3675	0.0748	0.0611	0.0896	0.0567	0.0912	0.0901	0.0422	0.1328	0.1064	0.0271	0.2086	0.1337
436	0.0094	0.3725	0.0747	0.0611	0.0898	0.0567	0.091	0.0902	0.0422	0.1324	0.1065	0.0271	0.2085	0.1339
437	0.0093	0.3782	0.0745	0.0609	0.0895	0.0567	0.0914	0.0903	0.0423	0.1329	0.1066	0.0271	0.2085	0.1338
438	0.0089	0.3732	0.0744	0.0609	0.0896	0.057	0.0916	0.0905	0.0423	0.1329	0.1067	0.0272	0.209	0.1341
439	0.0094	0.3673	0.0745	0.061	0.0897	0.0571	0.0919	0.0907	0.0423	0.1325	0.1067	0.0271	0.2091	0.1342
440	0.0089	0.3792	0.0745	0.0611	0.0898	0.057	0.0917	0.0907	0.0422	0.1324	0.1067	0.0272	0.2092	0.1343
441	0.0092	0.3662	0.0745	0.061	0.0896	0.0569	0.0917	0.0906	0.0422	0.1321	0.1065	0.0271	0.209	0.1341
442	0.0091	0.37	0.0745	0.0612	0.0896	0.0568	0.0915	0.0903	0.0421	0.132	0.1063	0.0272	0.2091	0.1341
443	0.0089	0.3681	0.075	0.0615	0.09	0.0568	0.0913	0.0904	0.0421	0.1318	0.1065	0.0271	0.2087	0.1341
444	0.0092	0.3776	0.075	0.0617	0.0901	0.057	0.0917	0.0907	0.0423	0.1323	0.1067	0.0271	0.2085	0.1341
445	0.0087	0.3702	0.0754	0.0621	0.0907	0.057	0.0916	0.0909	0.0423	0.1323	0.107	0.0271	0.2084	0.1343
446	0.0087	0.3673	0.0756	0.062	0.0908	0.0573	0.092	0.0912	0.0423	0.1324	0.107	0.0271	0.2084	0.1343
447	0.0087	0.3722	0.0753	0.0618	0.0905	0.0573	0.0919	0.091	0.0423	0.1324	0.1068	0.0271	0.2087	0.1342
448	0.0085	0.3668	0.075	0.0615	0.0902	0.0573	0.092	0.0909	0.0423	0.1331	0.1069	0.0271	0.2083	0.134
449	0.0092	0.3745	0.0751	0.0616	0.0902	0.0573	0.0921	0.0909	0.0422	0.1321	0.1065	0.0271	0.2087	0.134
450	0.009	0.3696	0.0752	0.0619	0.0904	0.0573	0.0921	0.0908	0.0421	0.1323	0.1065	0.0271	0.2085	0.134
451	0.0095	0.373	0.0751	0.0617	0.0903	0.0572	0.0914	0.0907	0.0423	0.1327	0.1067	0.0271	0.2084	0.134
452	0.0085	0.368	0.0751	0.0618	0.0904	0.0573	0.0917	0.0908	0.0423	0.133	0.1069	0.0271	0.2082	0.134
453	0.0087	0.3764	0.0754	0.0621	0.0906	0.0574	0.0919	0.0909	0.0424	0.1334	0.1071	0.0271	0.2088	0.1342
454	0.0089	0.3757	0.0752	0.0618	0.0904	0.0574	0.0919	0.0909	0.0424	0.1333	0.107	0.0271	0.2089	0.1341
455	0.0088	0.3583	0.0749	0.0615	0.0901	0.0574	0.0917	0.0908	0.0424	0.1333	0.107	0.0271	0.2086	0.1341
456	0.0084	0.3618	0.075	0.0617	0.0902	0.0575	0.0921	0.091	0.0423	0.1332	0.1069	0.0271	0.2089	0.1342
457	0.0091	0.3677	0.0749	0.0616	0.0901	0.0572	0.0916	0.0907	0.0423	0.1329	0.1067	0.0271	0.2091	0.1341
458	0.009	0.3833	0.0754	0.0621	0.0906	0.0573	0.0917	0.0909	0.0421	0.1324	0.1067	0.0271	0.2092	0.1342
459	0.009	0.3729	0.0753	0.062	0.0906	0.0573	0.0918	0.091	0.0421	0.1324	0.1067	0.0271	0.2093	0.1343
460	0.0088	0.3615	0.0749	0.0618	0.0902	0.0573	0.0915	0.0907	0.042	0.1322	0.1065	0.027	0.209	0.134
461	0.0087	0.3786	0.0749	0.0621	0.0902	0.0572	0.0914	0.0906	0.0421	0.1322	0.1065	0.0271	0.2091	0.134
462	0.0091	0.3669	0.0748	0.0617	0.09	0.0572	0.0915	0.0905	0.0421	0.1325	0.1064	0.0271	0.2087	0.1338
463	0.0088	0.3721	0.075	0.0619	0.0903	0.0571	0.0914	0.0906	0.0421	0.1322	0.1065	0.027	0.2082	0.1338
464	0.0092	0.3818	0.075	0.0618	0.0903	0.0572	0.0918	0.0907	0.0421	0.1322	0.1064	0.0271	0.2088	0.134
465	0.0085	0.3662	0.075	0.0619	0.0901	0.0572	0.0919	0.0906	0.0421	0.1323	0.1064	0.0271	0.2092	0.134
466	0.0089	0.3778	0.0751	0.0619	0.0903	0.0574	0.0922	0.0908	0.0422	0.1323	0.1065	0.0271	0.2089	0.134
467	0.0089	0.3754	0.0751	0.0616	0.0903	0.0575	0.0924	0.091	0.0422	0.1325	0.1066	0.0271	0.2089	0.1341
468	0.0089	0.3736	0.0748	0.0614	0.09	0.0577	0.0926	0.0911	0.0422	0.1328	0.1066	0.0271	0.2087	0.1339
469	0.0088	0.3762	0.0748	0.0613	0.0901	0.0576	0.0925	0.0911	0.042	0.1321	0.1065	0.027	0.2083	0.1339
470	0.0087	0.3707	0.0749	0.0614	0.09	0.0575	0.0923	0.0909	0.042	0.132	0.1063	0.0269	0.208	0.1336
471	0.0085	0.3706	0.0749	0.0616	0.0899	0.0575	0.0922	0.0908	0.0419	0.1315	0.1061	0.027	0.2083	0.1336
472	0.0089	0.3677	0.0749	0.0614	0.0897	0.0572	0.0915	0.0903	0.0419	0.1317	0.106	0.0269	0.2081	0.1333
473	0.0084	0.3685	0.0746	0.0612	0.0896	0.0572	0.0916	0.0904	0.0419	0.1314	0.1059	0.0269	0.2077	0.1333
474	0.0086	0.3722	0.0744	0.0611	0.0896	0.0572	0.0915	0.0905	0.0419	0.1317	0.1061	0.0268	0.2073	0.1332
475	0.0087	0.3768	0.0747	0.0612	0.0896	0.057	0.0913	0.0902	0.042	0.1321	0.106	0.0269	0.207	0.133
476	0.0085	0.373	0.0748	0.0613	0.0895	0.0572	0.0917	0.0902	0.042	0.1324	0.1059	0.0269	0.2072	0.1329
477	0.0089	0.3811	0.0742	0.061	0.0891	0.0572	0.0919	0.0902	0.0419	0.1321	0.1058	0.0269	0.2071	0.1328
478	0.0085	0.3727	0.0741	0.0607	0.089	0.0571	0.0916	0.09	0.0419	0.1318	0.1056	0.0268	0.2069	0.1327
479	0.009	0.3616	0.0741	0.0604	0.0888	0.0571	0.0914	0.0899	0.0419	0.1321	0.1056	0.0268	0.2061	0.1324
480	0.0084	0.3775	0.0745	0.0608	0.0891	0.0569	0.0907	0.0897	0.0418	0.1321	0.1056	0.0269	0.2069	0.1327
481	0.0086	0.3717	0.0744	0.0608	0.0891	0.057	0.0906	0.0897	0.0419	0.1323	0.1057	0.0269	0.207	0.1327
482	0.0084	0.3746	0.0744	0.0609	0.089	0.057	0.0906	0.0896	0.0418	0.1322	0.1055	0.0269	0.2068	0.1325
483	0.0085	0.3652	0.0747	0.061	0.0892	0.0571	0.0907	0.0897	0.0418	0.1319	0.1054	0.0269	0.2068	0.1325
484	0.0089	0.3743	0.0745	0.0609	0.0888	0.0571	0.0908	0.0895	0.0418	0.1318	0.1052	0.0268	0.2065	0.1322
485	0.0088	0.3719	0.0745	0.0608	0.089	0.057	0.0907	0.0896	0.0417	0.1316	0.1053	0.0269	0.2063	0.1324
486	0.0083	0.3727	0.0741	0.0605	0.0887	0.0568	0.0907	0.0895	0.0415	0.1307	0.1049	0.0268	0.2061	0.1322
487	0.009	0.3727	0.0741	0.0604	0.0886	0.057	0.0909	0.0896	0.0416	0.131	0.105	0.0268	0.206	0.1321
488	0.0087	0.3767	0.0739	0.0601	0.0885	0.057	0.0911	0.0896	0.0417	0.1308	0.1049	0.0268	0.2061	0.1321
489	0.0087	0.3788	0.0738	0.0602	0.0884	0.057	0.0911	0.0896	0.0417	0.1311	0.105	0.0268	0.2061	0.1321
490	0.0084	0.3776	0.0739	0.0605	0.0885	0.0567	0.0908	0.0894	0.0417	0.1314	0.1051	0.0268	0.2061	0.132
491	0.0089	0.3732	0.0738	0.0604	0.0884	0.0566	0.0906	0.0893	0.0417	0.1312	0.105	0.0267	0.2058	0.1318
492	0.0086	0.3764	0.074	0.0605	0.0888	0.0564	0.0901	0.0893	0.0417	0.1313	0.1052	0.0268	0.2064	0.1323
493	0.0089	0.3777	0.0739	0.0606	0.0888	0.0566	0.0905	0.0896	0.0416	0.1312	0.1052	0.0268	0.2062	0.1324
494	0.0087	0.3794	0.0737	0.0605	0.0887	0.0566	0.0906	0.0896	0.0416	0.1311	0.1052	0.0268	0.2058	0.1323
495	0.0083	0.3756	0.0738	0.0606	0.0888	0.0566	0.0907	0.0896	0.0417	0.1314	0.1053	0.0268	0.2063	0.1324
496	0.009	0.3782	0.0738	0.0605	0.0888	0.0565	0.0904	0.0895	0.0416	0.131	0.1052	0.0268	0.2061	0.1324
497	0.0087	0.3746	0.0738	0.0605	0.0888	0.0566	0.0905	0.0895	0.0416	0.1311	0.1051	0.0268	0.2062	0.1323
498	0.0087	0.3723	0.0736	0.0605	0.0885	0.0568	0.0908	0.0895	0.0416	0.1313	0.1051	0.0268	0.2066	0.1322
499	0.0089	0.3749	0.0733	0.0602	0.0883	0.0568	0.0909	0.0896	0.0416	0.1312	0.1051	0.0268	0.2064	0.1322
500	0.0088	0.3732	0.0736	0.0605	0.0886	0.0569	0.0909	0.0897	0.0415	0.1309	0.105	0.0268	0.2063	0.1323
