{"device": "cuda:2", "multimodal": false, "embedding_dim": 512, "n_layers": 0, "epochs": 500, "learning_rate": 0.001, "log": true, "seed": 19, "top_k": [5, 10, 20, 50], "dataset": "dbbook", "batch_size": 2048, "single_branch": false, "autoencoder": false, "ensemble_fusion": false, "freeze": true, "fusion_modalities": "mean", "fusion_type": "late", "info_nce": false, "weighting": false, "datasets": {"dbbook": ["images", "text"], "ml1m": ["audio", "images", "text", "video"]}}
Epoch	T-Loss	V-Loss	Precision@5	Recall@5	NDCG@5	Precision@10	Recall@10	NDCG@10	Precision@20	Recall@20	NDCG@20	Precision@50	Recall@50	NDCG@50
1	0.6932	0.6932	0.0019	0.0014	0.002	0.0018	0.0026	0.0023	0.0016	0.0045	0.0031	0.0015	0.0106	0.0054
2	0.6857	0.693	0.0027	0.002	0.0029	0.0025	0.0036	0.0033	0.0023	0.0064	0.0045	0.0019	0.013	0.0069
3	0.6776	0.6926	0.0066	0.0049	0.0077	0.0055	0.0076	0.0079	0.0043	0.0122	0.0098	0.0035	0.0251	0.0144
4	0.6663	0.6915	0.0153	0.0109	0.018	0.0124	0.0179	0.0184	0.0096	0.0282	0.0224	0.0067	0.0482	0.0298
5	0.6495	0.6891	0.0243	0.0181	0.0288	0.02	0.0304	0.0299	0.0158	0.0471	0.0366	0.0108	0.0783	0.0481
6	0.6254	0.6843	0.0316	0.0242	0.0374	0.0263	0.0403	0.0392	0.0209	0.0621	0.048	0.0143	0.1054	0.0637
7	0.5924	0.6767	0.0379	0.0293	0.0442	0.0305	0.0463	0.0456	0.0246	0.073	0.0565	0.0167	0.1238	0.0747
8	0.5503	0.6647	0.0426	0.0329	0.049	0.0338	0.0519	0.0503	0.0265	0.079	0.0612	0.0184	0.1357	0.082
9	0.5005	0.6491	0.0451	0.0348	0.0525	0.0352	0.0535	0.0531	0.0279	0.0835	0.0652	0.0196	0.1439	0.0873
10	0.446	0.629	0.0477	0.0365	0.0555	0.0365	0.0555	0.0556	0.0289	0.0858	0.0678	0.0204	0.149	0.091
11	0.3908	0.6078	0.0486	0.0376	0.057	0.0382	0.058	0.0579	0.0298	0.0876	0.0699	0.021	0.1526	0.0937
12	0.3383	0.5843	0.0496	0.0391	0.0583	0.039	0.0594	0.0591	0.0302	0.0892	0.0712	0.0215	0.1564	0.0958
13	0.2918	0.5637	0.0516	0.0405	0.0603	0.0398	0.0608	0.0606	0.0305	0.0902	0.0725	0.0219	0.16	0.0979
14	0.2497	0.5463	0.0527	0.041	0.0617	0.0407	0.0619	0.062	0.031	0.0917	0.0739	0.0221	0.1614	0.0994
15	0.215	0.5301	0.0533	0.0415	0.0632	0.0413	0.0631	0.0636	0.0313	0.0928	0.0755	0.0223	0.163	0.1011
16	0.1856	0.5151	0.0542	0.0423	0.0641	0.0418	0.0642	0.0645	0.0317	0.0945	0.0765	0.0225	0.1645	0.1023
17	0.1615	0.5029	0.0554	0.0434	0.0654	0.042	0.0645	0.0652	0.032	0.0957	0.0776	0.0227	0.1655	0.1033
18	0.1405	0.4916	0.0556	0.0434	0.0657	0.0425	0.0652	0.0659	0.0323	0.0969	0.0784	0.0227	0.1656	0.1039
19	0.1237	0.4845	0.056	0.0436	0.0661	0.0429	0.066	0.0665	0.0327	0.0986	0.0793	0.0228	0.1667	0.1046
20	0.1094	0.4774	0.057	0.0446	0.0671	0.0433	0.0668	0.0672	0.0329	0.0993	0.0801	0.0229	0.1677	0.1054
21	0.0961	0.4698	0.0572	0.045	0.0672	0.0434	0.0666	0.0672	0.0332	0.1001	0.0805	0.0229	0.1678	0.1055
22	0.0866	0.4645	0.0575	0.0453	0.0677	0.0438	0.0674	0.0678	0.0333	0.1004	0.0809	0.023	0.1688	0.1061
23	0.0773	0.4613	0.0579	0.0457	0.068	0.044	0.0683	0.0681	0.0334	0.1009	0.0811	0.0229	0.1688	0.1061
24	0.0696	0.4575	0.0582	0.0463	0.0684	0.0442	0.0686	0.0685	0.0335	0.101	0.0814	0.0229	0.1687	0.1063
25	0.0623	0.4503	0.0581	0.0464	0.0686	0.0445	0.0692	0.0689	0.0336	0.1012	0.0817	0.023	0.1692	0.1067
26	0.0571	0.4485	0.0583	0.0465	0.0687	0.0446	0.0693	0.069	0.0337	0.1015	0.0819	0.0231	0.1696	0.107
27	0.052	0.4474	0.059	0.0474	0.0696	0.0445	0.0691	0.0692	0.0339	0.1018	0.0824	0.0232	0.1701	0.1075
28	0.0482	0.4451	0.059	0.0475	0.0697	0.0448	0.0696	0.0696	0.0339	0.1017	0.0826	0.0232	0.1704	0.1078
29	0.0439	0.4428	0.0595	0.0478	0.0704	0.0453	0.0703	0.0703	0.0341	0.1024	0.0832	0.0232	0.1707	0.1083
30	0.041	0.44	0.0597	0.0478	0.0705	0.0452	0.0701	0.0703	0.0342	0.1028	0.0834	0.0232	0.1712	0.1084
31	0.0382	0.4359	0.0598	0.0481	0.0708	0.0454	0.0706	0.0707	0.0342	0.1027	0.0836	0.0232	0.1714	0.1087
32	0.035	0.4338	0.0602	0.0481	0.0713	0.0455	0.0706	0.071	0.0342	0.1034	0.0841	0.0233	0.1717	0.1091
33	0.0329	0.4407	0.0598	0.048	0.0712	0.0458	0.0711	0.0713	0.0342	0.1033	0.0841	0.0233	0.1715	0.1092
34	0.0305	0.4274	0.0601	0.0483	0.0716	0.0459	0.071	0.0716	0.0345	0.1038	0.0846	0.0232	0.1715	0.1095
35	0.0286	0.433	0.0602	0.0484	0.0717	0.0462	0.0713	0.0719	0.0343	0.1033	0.0846	0.0233	0.1723	0.1098
36	0.0269	0.4344	0.0602	0.0484	0.0717	0.046	0.0713	0.0718	0.0344	0.1038	0.0847	0.0233	0.1723	0.1097
37	0.0253	0.4303	0.0605	0.0489	0.0719	0.0458	0.0712	0.0717	0.0344	0.1038	0.0846	0.0233	0.1728	0.1098
38	0.0239	0.4266	0.0602	0.0484	0.0717	0.0457	0.0713	0.0717	0.0344	0.1039	0.0847	0.0233	0.1729	0.1098
39	0.023	0.4331	0.0606	0.0488	0.0719	0.0459	0.0713	0.0716	0.0345	0.1045	0.0848	0.0233	0.1726	0.1097
40	0.0214	0.4302	0.0607	0.0492	0.0722	0.0458	0.0714	0.0718	0.0346	0.1045	0.085	0.0233	0.173	0.1099
41	0.0206	0.4235	0.061	0.0493	0.0724	0.046	0.0717	0.0719	0.0346	0.1047	0.0851	0.0233	0.173	0.1099
42	0.0192	0.4258	0.0609	0.0493	0.0725	0.046	0.0716	0.072	0.0347	0.105	0.0853	0.0233	0.1733	0.1102
43	0.0183	0.4256	0.0607	0.0489	0.0723	0.0463	0.0722	0.0723	0.0348	0.1049	0.0854	0.0233	0.1733	0.1102
44	0.0183	0.424	0.0607	0.0494	0.0725	0.0462	0.0725	0.0724	0.0347	0.1048	0.0854	0.0233	0.1739	0.1104
45	0.0171	0.4251	0.0605	0.0492	0.0724	0.0461	0.0725	0.0724	0.0348	0.1051	0.0855	0.0234	0.174	0.1104
46	0.0164	0.424	0.061	0.0496	0.0728	0.0463	0.0726	0.0727	0.0348	0.1051	0.0857	0.0233	0.1737	0.1105
47	0.0158	0.4253	0.0613	0.0502	0.0731	0.0463	0.0728	0.0727	0.0347	0.1047	0.0856	0.0233	0.1736	0.1106
48	0.0151	0.4228	0.0615	0.05	0.0732	0.0466	0.0732	0.073	0.0348	0.1052	0.0858	0.0233	0.1736	0.1106
49	0.0149	0.4198	0.0617	0.05	0.0736	0.0466	0.073	0.0732	0.0348	0.1051	0.0861	0.0233	0.1734	0.1108
50	0.014	0.415	0.0619	0.0501	0.0738	0.0466	0.0731	0.0734	0.0348	0.1051	0.0861	0.0234	0.1741	0.1112
51	0.0139	0.422	0.0621	0.0503	0.0739	0.0469	0.0736	0.0737	0.0348	0.1054	0.0863	0.0234	0.1743	0.1114
52	0.0129	0.4256	0.0619	0.0502	0.0738	0.047	0.0738	0.0737	0.0349	0.1057	0.0864	0.0235	0.1747	0.1115
53	0.0126	0.4241	0.0621	0.05	0.0739	0.0468	0.0736	0.0737	0.0349	0.1059	0.0865	0.0235	0.1747	0.1115
54	0.0124	0.4212	0.0624	0.0505	0.0742	0.0468	0.0735	0.0736	0.0349	0.1059	0.0865	0.0235	0.1747	0.1115
55	0.0118	0.4182	0.0623	0.0504	0.0742	0.0468	0.0735	0.0737	0.035	0.1059	0.0866	0.0235	0.1753	0.1118
56	0.0113	0.4207	0.062	0.0501	0.0739	0.0467	0.0733	0.0736	0.035	0.1058	0.0865	0.0235	0.175	0.1116
57	0.0116	0.4198	0.0619	0.0502	0.074	0.0467	0.0732	0.0737	0.0349	0.1057	0.0867	0.0235	0.1752	0.1119
58	0.0109	0.4194	0.0618	0.0503	0.0741	0.0466	0.0732	0.0737	0.0349	0.1056	0.0867	0.0235	0.1756	0.112
59	0.0115	0.4187	0.062	0.0503	0.0743	0.0465	0.0731	0.0737	0.0348	0.1055	0.0867	0.0235	0.1755	0.112
60	0.0103	0.4135	0.062	0.0505	0.0745	0.0466	0.0731	0.0739	0.0348	0.1055	0.0868	0.0235	0.1757	0.1122
61	0.01	0.4167	0.0622	0.0508	0.0747	0.0466	0.0731	0.074	0.0348	0.1051	0.0868	0.0235	0.1757	0.1123
62	0.01	0.4176	0.062	0.0506	0.0746	0.0467	0.0734	0.0741	0.0348	0.1054	0.0869	0.0235	0.176	0.1124
63	0.0093	0.4226	0.0619	0.0504	0.0745	0.0466	0.073	0.074	0.0347	0.1052	0.0868	0.0235	0.1754	0.1123
64	0.0092	0.4222	0.0622	0.0507	0.0749	0.0467	0.0731	0.0741	0.0347	0.1052	0.0869	0.0235	0.1755	0.1124
65	0.0095	0.413	0.0619	0.0505	0.0746	0.0466	0.0732	0.074	0.0348	0.1057	0.0869	0.0235	0.175	0.1121
66	0.009	0.4107	0.0618	0.0503	0.0743	0.0466	0.073	0.0738	0.0348	0.1058	0.0868	0.0236	0.1755	0.1121
67	0.0087	0.4117	0.0617	0.0502	0.0742	0.0466	0.0731	0.0738	0.0348	0.1058	0.0868	0.0235	0.1752	0.1121
68	0.0093	0.4189	0.0616	0.0501	0.0742	0.0466	0.0729	0.0737	0.0348	0.1058	0.0867	0.0235	0.1753	0.112
69	0.0085	0.4179	0.0616	0.0502	0.0742	0.0465	0.073	0.0737	0.0347	0.1056	0.0867	0.0235	0.1753	0.112
70	0.0085	0.416	0.0616	0.0502	0.0742	0.0466	0.0731	0.0738	0.0347	0.1055	0.0866	0.0235	0.175	0.1119
71	0.0084	0.4166	0.0618	0.0504	0.0743	0.0466	0.073	0.0738	0.0347	0.1055	0.0867	0.0234	0.1745	0.1118
72	0.0082	0.4181	0.0615	0.0499	0.0739	0.0467	0.0731	0.0736	0.0348	0.1057	0.0865	0.0235	0.1753	0.1118
73	0.0079	0.4115	0.0614	0.0501	0.0739	0.0466	0.0731	0.0736	0.0348	0.1057	0.0865	0.0235	0.1756	0.1118
74	0.0079	0.4138	0.0614	0.0501	0.074	0.0467	0.073	0.0737	0.0348	0.1057	0.0867	0.0235	0.1757	0.112
75	0.0075	0.4142	0.0614	0.0501	0.074	0.0469	0.0735	0.0739	0.0347	0.1053	0.0865	0.0234	0.1749	0.1118
76	0.0081	0.4163	0.0612	0.0498	0.0739	0.0467	0.0732	0.0738	0.0347	0.1053	0.0865	0.0234	0.1751	0.1118
77	0.0074	0.4136	0.0611	0.0496	0.0737	0.0467	0.0731	0.0737	0.0345	0.1049	0.0863	0.0234	0.175	0.1118
78	0.0076	0.4123	0.0614	0.0496	0.0738	0.0464	0.0729	0.0735	0.0346	0.1052	0.0864	0.0234	0.1752	0.1117
79	0.0073	0.4127	0.061	0.0496	0.0738	0.0461	0.0723	0.0733	0.0346	0.1049	0.0863	0.0234	0.175	0.1117
80	0.0072	0.4176	0.0609	0.0494	0.0735	0.0463	0.0725	0.0732	0.0345	0.105	0.0861	0.0234	0.1753	0.1115
81	0.0068	0.4195	0.0612	0.0495	0.0736	0.0466	0.0729	0.0734	0.0345	0.1051	0.0861	0.0234	0.1749	0.1114
82	0.0072	0.4177	0.0607	0.0493	0.0733	0.0465	0.0727	0.0733	0.0344	0.1049	0.086	0.0234	0.175	0.1114
83	0.0073	0.4121	0.0609	0.0494	0.0733	0.0464	0.0726	0.0731	0.0344	0.105	0.0858	0.0234	0.175	0.1112
84	0.0064	0.406	0.0607	0.0493	0.073	0.0463	0.0725	0.0729	0.0344	0.105	0.0857	0.0233	0.1751	0.111
85	0.0068	0.422	0.0607	0.0491	0.073	0.0463	0.0724	0.0729	0.0344	0.105	0.0858	0.0233	0.1754	0.1112
86	0.0065	0.4151	0.0607	0.0492	0.0731	0.0464	0.0723	0.073	0.0344	0.105	0.0858	0.0233	0.1752	0.1112
87	0.0064	0.4163	0.0607	0.049	0.073	0.0463	0.0723	0.0729	0.0342	0.1045	0.0856	0.0233	0.1752	0.1112
88	0.0065	0.4125	0.0606	0.0491	0.0729	0.0462	0.0726	0.0729	0.0341	0.1041	0.0853	0.0233	0.1752	0.1111
89	0.0062	0.4154	0.0607	0.0491	0.073	0.0465	0.0729	0.0731	0.0339	0.1037	0.0852	0.0234	0.1756	0.1112
90	0.006	0.4111	0.061	0.0494	0.0732	0.0464	0.0731	0.0732	0.0341	0.1045	0.0855	0.0233	0.1755	0.1112
91	0.0062	0.4182	0.0608	0.0494	0.0732	0.0462	0.0731	0.0731	0.0341	0.1043	0.0855	0.0234	0.1757	0.1114
92	0.0062	0.4131	0.0611	0.0495	0.0734	0.0462	0.0729	0.0731	0.0341	0.1043	0.0856	0.0233	0.1754	0.1113
93	0.0061	0.4113	0.0611	0.0493	0.0735	0.0463	0.0729	0.0733	0.0342	0.1045	0.0858	0.0232	0.1751	0.1112
94	0.0061	0.4092	0.0607	0.049	0.0732	0.0462	0.0727	0.0731	0.0342	0.1046	0.0857	0.0232	0.1749	0.111
95	0.006	0.4217	0.0607	0.0491	0.0731	0.046	0.0725	0.0729	0.0343	0.1052	0.0858	0.0232	0.175	0.1109
96	0.0056	0.4151	0.0604	0.0489	0.0729	0.0464	0.0732	0.0732	0.0342	0.1047	0.0857	0.0231	0.1744	0.1108
97	0.0061	0.4129	0.0603	0.0487	0.0729	0.0465	0.0732	0.0733	0.0343	0.1051	0.0859	0.0231	0.1745	0.1109
98	0.0059	0.4061	0.0605	0.0489	0.0732	0.0466	0.0735	0.0736	0.0343	0.1051	0.0861	0.0231	0.1746	0.1111
99	0.0054	0.4212	0.0603	0.0487	0.0731	0.0466	0.0737	0.0736	0.0341	0.1049	0.0859	0.0231	0.175	0.1111
100	0.0062	0.4156	0.0607	0.0489	0.0732	0.0468	0.0739	0.0737	0.0343	0.1051	0.086	0.0231	0.1747	0.1111
101	0.0056	0.4152	0.0609	0.0491	0.0736	0.047	0.0741	0.074	0.0344	0.1055	0.0863	0.0232	0.1751	0.1113
102	0.0058	0.4193	0.0607	0.0489	0.0736	0.0469	0.0739	0.0741	0.0344	0.1056	0.0865	0.0232	0.1755	0.1116
103	0.0058	0.4095	0.061	0.0491	0.0738	0.0469	0.0738	0.0741	0.0344	0.1054	0.0865	0.0232	0.1749	0.1115
104	0.006	0.4125	0.0609	0.0491	0.0735	0.047	0.0739	0.0739	0.0344	0.1055	0.0862	0.0231	0.1746	0.1112
105	0.0054	0.4128	0.0606	0.0491	0.0733	0.047	0.0738	0.0738	0.0344	0.1056	0.0861	0.0231	0.1744	0.111
106	0.0057	0.4154	0.0606	0.0491	0.0734	0.047	0.074	0.0739	0.0343	0.1055	0.0862	0.0231	0.1744	0.1111
107	0.0059	0.4092	0.0606	0.0494	0.0733	0.0469	0.0737	0.0736	0.0342	0.1051	0.0858	0.0231	0.1743	0.1109
108	0.0054	0.4161	0.0604	0.0493	0.073	0.0468	0.0735	0.0734	0.0342	0.1051	0.0856	0.0231	0.1741	0.1106
109	0.0049	0.4173	0.0605	0.0493	0.073	0.0468	0.0738	0.0735	0.0342	0.1054	0.0857	0.0231	0.1747	0.1108
110	0.0055	0.412	0.0604	0.049	0.0727	0.0467	0.0733	0.0731	0.0341	0.1049	0.0854	0.0231	0.1746	0.1106
111	0.0048	0.4072	0.0604	0.0491	0.0726	0.0468	0.0733	0.0731	0.0343	0.1053	0.0856	0.0231	0.1742	0.1105
112	0.0053	0.4102	0.0604	0.0491	0.0726	0.0466	0.0731	0.073	0.0342	0.1055	0.0856	0.023	0.1738	0.1103
113	0.0052	0.4021	0.0601	0.0489	0.0725	0.0464	0.0729	0.0729	0.0342	0.1056	0.0856	0.023	0.1736	0.1102
114	0.0048	0.407	0.06	0.0487	0.0723	0.0463	0.0727	0.0727	0.0341	0.1051	0.0853	0.023	0.1739	0.1102
115	0.0054	0.4207	0.06	0.0486	0.0723	0.0466	0.073	0.073	0.0341	0.1054	0.0855	0.023	0.1737	0.1102
116	0.0048	0.4174	0.06	0.0483	0.0724	0.0468	0.0733	0.0732	0.0341	0.1051	0.0854	0.023	0.1737	0.1102
117	0.0051	0.4093	0.0599	0.0481	0.0724	0.0468	0.0734	0.0733	0.0341	0.1054	0.0856	0.0231	0.1742	0.1105
118	0.0051	0.4103	0.06	0.0485	0.0723	0.0468	0.0734	0.073	0.034	0.1049	0.0852	0.023	0.174	0.1102
119	0.0051	0.4122	0.0603	0.0486	0.0725	0.0468	0.0734	0.0732	0.0341	0.1051	0.0854	0.023	0.1738	0.1103
120	0.005	0.4138	0.0599	0.0481	0.0722	0.0466	0.0729	0.0728	0.0341	0.1049	0.0852	0.023	0.1745	0.1103
121	0.005	0.408	0.0598	0.0483	0.0723	0.0465	0.0729	0.0729	0.034	0.1047	0.0852	0.023	0.1744	0.1103
122	0.0049	0.4158	0.06	0.0486	0.0726	0.0465	0.073	0.073	0.0341	0.1049	0.0854	0.0231	0.1749	0.1106
123	0.0051	0.4061	0.0604	0.0488	0.073	0.0465	0.0728	0.0731	0.0341	0.105	0.0856	0.0231	0.1749	0.1107
124	0.0046	0.4095	0.0606	0.0489	0.0733	0.0463	0.0726	0.0732	0.0341	0.1046	0.0858	0.023	0.1748	0.1109
125	0.005	0.4112	0.0605	0.0488	0.0731	0.0463	0.0724	0.073	0.0341	0.1049	0.0857	0.023	0.1747	0.1108
126	0.0055	0.4182	0.0605	0.0488	0.073	0.0461	0.0721	0.0727	0.034	0.1047	0.0854	0.023	0.1744	0.1105
127	0.005	0.4166	0.0605	0.049	0.073	0.0463	0.0725	0.0729	0.034	0.1047	0.0853	0.023	0.1741	0.1103
128	0.0052	0.4131	0.0603	0.0488	0.0727	0.0461	0.0721	0.0726	0.034	0.105	0.0854	0.023	0.1742	0.1103
129	0.0051	0.4206	0.0605	0.0493	0.073	0.0458	0.0716	0.0724	0.034	0.1052	0.0854	0.023	0.1739	0.1102
130	0.0047	0.4078	0.0603	0.0491	0.0727	0.0459	0.0716	0.0724	0.0339	0.105	0.0853	0.023	0.174	0.1102
131	0.0049	0.4096	0.06	0.0489	0.0727	0.0461	0.0718	0.0726	0.0339	0.1049	0.0854	0.023	0.1741	0.1104
132	0.0049	0.4082	0.0602	0.049	0.0728	0.046	0.0718	0.0726	0.0339	0.1049	0.0854	0.023	0.1739	0.1104
133	0.0047	0.4087	0.0601	0.0488	0.0728	0.0461	0.0721	0.0728	0.0339	0.1046	0.0853	0.023	0.1736	0.1103
134	0.0052	0.4183	0.0604	0.049	0.073	0.0465	0.0731	0.0732	0.0338	0.1046	0.0853	0.0229	0.1735	0.1103
135	0.0049	0.4107	0.0602	0.049	0.0728	0.0463	0.0727	0.0729	0.0338	0.1043	0.0851	0.0228	0.1729	0.1099
136	0.0047	0.4123	0.0602	0.0491	0.073	0.046	0.0722	0.0728	0.0337	0.1042	0.0851	0.0228	0.1729	0.1099
137	0.0048	0.4099	0.0602	0.049	0.0728	0.046	0.0722	0.0726	0.0338	0.1043	0.0851	0.0228	0.1727	0.1097
138	0.0045	0.4168	0.0602	0.049	0.0728	0.0461	0.0724	0.0728	0.0337	0.104	0.085	0.0228	0.1731	0.1099
139	0.0048	0.4093	0.0602	0.0488	0.0726	0.0459	0.072	0.0725	0.0337	0.1035	0.0848	0.0228	0.1728	0.1097
140	0.0043	0.4075	0.0602	0.0487	0.0727	0.0459	0.0717	0.0725	0.0337	0.1036	0.0849	0.0228	0.173	0.1099
141	0.0046	0.4065	0.0603	0.0489	0.0729	0.046	0.0719	0.0727	0.0338	0.1041	0.0851	0.0228	0.1726	0.1099
142	0.0043	0.423	0.0602	0.049	0.073	0.046	0.0718	0.0727	0.0338	0.104	0.0851	0.0228	0.1726	0.1099
143	0.0044	0.4189	0.0601	0.0487	0.0729	0.046	0.072	0.0728	0.0337	0.1038	0.0851	0.0228	0.1727	0.1099
144	0.0049	0.4162	0.06	0.0487	0.0728	0.046	0.0721	0.0728	0.0338	0.1042	0.0852	0.0228	0.1729	0.1099
145	0.0045	0.4075	0.0603	0.0489	0.073	0.046	0.072	0.0728	0.0338	0.1043	0.0853	0.0228	0.1726	0.1099
146	0.0048	0.4072	0.0603	0.049	0.0733	0.0459	0.072	0.073	0.0339	0.1043	0.0855	0.0228	0.1726	0.1101
147	0.0046	0.4069	0.0606	0.049	0.0735	0.0461	0.0725	0.0733	0.0339	0.1044	0.0857	0.0228	0.1724	0.1101
148	0.0045	0.4068	0.0604	0.049	0.0734	0.0461	0.0725	0.0733	0.034	0.1049	0.0859	0.0228	0.1727	0.1103
149	0.0046	0.4075	0.0605	0.049	0.0735	0.046	0.0724	0.0733	0.0341	0.1049	0.086	0.0228	0.1731	0.1104
150	0.0043	0.4145	0.0604	0.0489	0.0734	0.0461	0.0724	0.0733	0.034	0.1045	0.0858	0.0228	0.1729	0.1104
151	0.0044	0.4092	0.0603	0.0489	0.0733	0.046	0.0723	0.0731	0.034	0.1044	0.0857	0.0228	0.1732	0.1104
152	0.0046	0.4169	0.06	0.0489	0.073	0.0459	0.0723	0.073	0.0339	0.104	0.0855	0.0228	0.1734	0.1104
153	0.0044	0.4122	0.0598	0.049	0.0727	0.0459	0.0725	0.0728	0.0339	0.1041	0.0852	0.0228	0.1734	0.11
154	0.0044	0.41	0.0598	0.0492	0.0727	0.0459	0.0724	0.0728	0.034	0.1043	0.0854	0.0228	0.1732	0.11
155	0.0046	0.4113	0.0598	0.0491	0.0728	0.046	0.0725	0.073	0.0339	0.1042	0.0854	0.0228	0.1729	0.11
156	0.0046	0.4207	0.0598	0.0489	0.0727	0.046	0.0723	0.0729	0.034	0.1044	0.0855	0.0228	0.1729	0.1101
157	0.0045	0.4094	0.0601	0.0494	0.0732	0.0459	0.0724	0.073	0.0341	0.1048	0.0858	0.0228	0.1725	0.1101
158	0.0041	0.4224	0.0598	0.0492	0.073	0.046	0.0725	0.0732	0.0341	0.1047	0.0858	0.0228	0.1728	0.1103
159	0.0045	0.4167	0.0597	0.0489	0.073	0.0462	0.0728	0.0734	0.0342	0.1048	0.086	0.0229	0.1733	0.1106
160	0.0044	0.4131	0.06	0.0495	0.0733	0.0459	0.0724	0.0732	0.0342	0.105	0.0861	0.0229	0.1739	0.1107
161	0.0041	0.4082	0.06	0.0495	0.0732	0.046	0.0724	0.0732	0.0342	0.105	0.086	0.0229	0.1738	0.1106
162	0.0042	0.407	0.0599	0.0494	0.0732	0.0461	0.0724	0.0733	0.0343	0.1054	0.0863	0.023	0.1739	0.1109
163	0.0041	0.4123	0.0603	0.0497	0.0735	0.0461	0.0725	0.0734	0.0344	0.1053	0.0864	0.023	0.174	0.111
164	0.0043	0.4054	0.0606	0.0499	0.0737	0.0462	0.0726	0.0735	0.0342	0.1049	0.0862	0.023	0.1738	0.111
165	0.0041	0.4092	0.0603	0.0498	0.0735	0.0463	0.0729	0.0736	0.0342	0.1048	0.0861	0.023	0.1737	0.1109
166	0.0053	0.4155	0.0596	0.0489	0.0728	0.0464	0.0732	0.0735	0.0342	0.1049	0.086	0.0229	0.1738	0.1107
167	0.0044	0.408	0.0593	0.0485	0.0725	0.0461	0.0728	0.0732	0.0342	0.1047	0.0859	0.023	0.1737	0.1107
168	0.004	0.41	0.0594	0.0485	0.0724	0.0463	0.073	0.0732	0.0341	0.1042	0.0856	0.023	0.1737	0.1106
169	0.0041	0.405	0.0591	0.0484	0.0722	0.0462	0.0731	0.0732	0.034	0.104	0.0855	0.023	0.1739	0.1106
170	0.0048	0.4198	0.0595	0.049	0.0727	0.0464	0.0733	0.0735	0.0341	0.1045	0.0858	0.023	0.1744	0.1109
171	0.0042	0.411	0.0597	0.0488	0.0729	0.0464	0.0733	0.0736	0.0341	0.1044	0.0859	0.023	0.1746	0.111
172	0.0047	0.4134	0.0593	0.0485	0.0726	0.0461	0.073	0.0734	0.0342	0.1044	0.0859	0.0231	0.175	0.1111
173	0.0041	0.4111	0.0593	0.0486	0.0726	0.0461	0.0732	0.0734	0.0342	0.1046	0.0859	0.0231	0.1746	0.111
174	0.004	0.4182	0.0593	0.0484	0.0724	0.046	0.0731	0.0732	0.0342	0.1051	0.0859	0.023	0.1742	0.1108
175	0.0044	0.4133	0.0598	0.049	0.0727	0.0461	0.0731	0.0732	0.0343	0.1056	0.0861	0.0231	0.1745	0.1108
176	0.0044	0.4112	0.06	0.049	0.073	0.046	0.0729	0.0733	0.0343	0.1055	0.0862	0.023	0.174	0.1109
177	0.0047	0.4194	0.0603	0.0494	0.0735	0.0461	0.0731	0.0736	0.0342	0.1051	0.0863	0.023	0.174	0.1111
178	0.0044	0.4094	0.0605	0.0496	0.0737	0.0463	0.0735	0.0739	0.0344	0.1054	0.0865	0.023	0.1741	0.1112
179	0.0043	0.4101	0.0607	0.0498	0.0741	0.0461	0.0728	0.0738	0.0344	0.1056	0.0868	0.023	0.1737	0.1113
180	0.0045	0.4177	0.0603	0.0493	0.0737	0.0462	0.0729	0.0738	0.0345	0.1062	0.0868	0.023	0.1739	0.1112
181	0.0045	0.4102	0.0602	0.0491	0.0736	0.0462	0.0728	0.0737	0.0344	0.1057	0.0867	0.023	0.1739	0.1112
182	0.0042	0.4213	0.0602	0.0487	0.0735	0.0461	0.0731	0.0736	0.0346	0.1059	0.0867	0.023	0.174	0.1112
183	0.0045	0.4218	0.0609	0.0497	0.0741	0.0463	0.0735	0.0739	0.0346	0.106	0.0868	0.023	0.1737	0.1112
184	0.0044	0.4105	0.0607	0.0494	0.0739	0.0462	0.0733	0.0737	0.0346	0.1058	0.0867	0.023	0.1733	0.1111
185	0.004	0.4137	0.0604	0.0488	0.0735	0.0462	0.0733	0.0736	0.0345	0.1055	0.0865	0.023	0.1737	0.111
186	0.0046	0.4133	0.0605	0.0488	0.0734	0.046	0.0726	0.0732	0.0343	0.1053	0.0861	0.023	0.1739	0.1109
187	0.0038	0.4096	0.0605	0.0487	0.0733	0.0461	0.0727	0.0732	0.0343	0.1052	0.0861	0.023	0.174	0.1109
188	0.0046	0.4115	0.0604	0.0485	0.0733	0.0459	0.0724	0.0732	0.0342	0.1049	0.0861	0.0231	0.1743	0.1111
189	0.0047	0.4178	0.0608	0.049	0.0738	0.0461	0.073	0.0735	0.0343	0.1052	0.0863	0.0231	0.1743	0.1112
190	0.0044	0.4182	0.0605	0.0486	0.0736	0.0461	0.0729	0.0735	0.0343	0.1052	0.0864	0.023	0.1735	0.111
191	0.0047	0.4116	0.0609	0.049	0.0738	0.0459	0.0726	0.0733	0.0344	0.1055	0.0864	0.0229	0.1728	0.1108
192	0.0041	0.4108	0.0609	0.049	0.0735	0.0462	0.0732	0.0734	0.0342	0.1053	0.0861	0.0229	0.1724	0.1105
193	0.0043	0.4122	0.0609	0.0494	0.0736	0.0458	0.0726	0.0731	0.0342	0.1053	0.086	0.0229	0.172	0.1104
194	0.0045	0.4211	0.0612	0.0494	0.0735	0.0459	0.0724	0.0729	0.0344	0.106	0.0861	0.0229	0.1725	0.1103
195	0.0041	0.4185	0.061	0.0491	0.0732	0.0459	0.0726	0.0728	0.0342	0.1053	0.0857	0.0229	0.1721	0.11
196	0.0043	0.4094	0.0609	0.049	0.073	0.0457	0.0722	0.0725	0.0341	0.1048	0.0853	0.0229	0.1723	0.1099
197	0.0041	0.4122	0.0608	0.0488	0.073	0.0457	0.072	0.0725	0.0341	0.1048	0.0854	0.0229	0.1727	0.1101
198	0.0045	0.4215	0.0606	0.0489	0.0729	0.0455	0.0718	0.0723	0.0342	0.105	0.0855	0.023	0.173	0.1102
199	0.0048	0.4188	0.0605	0.0489	0.0728	0.0455	0.0716	0.0722	0.0342	0.1051	0.0855	0.023	0.1735	0.1103
200	0.0047	0.4086	0.0605	0.049	0.0727	0.0454	0.0717	0.0721	0.0342	0.1053	0.0855	0.023	0.1735	0.1102
201	0.0039	0.4237	0.0605	0.049	0.0729	0.0455	0.0719	0.0724	0.0342	0.1053	0.0857	0.023	0.1738	0.1104
202	0.0041	0.4147	0.0604	0.0492	0.0728	0.0454	0.0716	0.0721	0.0343	0.1057	0.0857	0.023	0.1741	0.1104
203	0.0039	0.4112	0.0607	0.0494	0.0731	0.0454	0.0719	0.0723	0.0344	0.1059	0.0859	0.0231	0.1743	0.1106
204	0.0046	0.4165	0.0606	0.0492	0.073	0.0455	0.0721	0.0724	0.0345	0.1057	0.086	0.023	0.1737	0.1105
205	0.0042	0.4182	0.0606	0.0488	0.0729	0.0458	0.0722	0.0726	0.0345	0.1061	0.0861	0.023	0.1737	0.1105
206	0.0047	0.4197	0.0601	0.0486	0.0725	0.0461	0.0726	0.0727	0.0343	0.1053	0.0857	0.023	0.1736	0.1103
207	0.0041	0.4094	0.0602	0.0488	0.0728	0.0461	0.0726	0.0728	0.0343	0.1052	0.0858	0.0229	0.1733	0.1104
208	0.004	0.4192	0.06	0.0484	0.0725	0.046	0.0724	0.0726	0.0344	0.1053	0.0857	0.023	0.1735	0.1103
209	0.0043	0.4175	0.0599	0.0484	0.0726	0.0457	0.0722	0.0725	0.0343	0.1058	0.0858	0.0229	0.1732	0.1102
210	0.0044	0.4118	0.0597	0.0485	0.0724	0.0458	0.0728	0.0727	0.0343	0.1058	0.0858	0.0229	0.1734	0.1102
211	0.004	0.4086	0.0593	0.0481	0.0721	0.0459	0.073	0.0727	0.0342	0.1054	0.0856	0.023	0.174	0.1103
212	0.0048	0.4124	0.0595	0.0481	0.0723	0.046	0.0732	0.0729	0.0343	0.1057	0.0858	0.023	0.174	0.1104
213	0.0039	0.4115	0.0596	0.048	0.0724	0.0457	0.073	0.0727	0.0341	0.1051	0.0855	0.023	0.1742	0.1104
214	0.0043	0.4127	0.0594	0.048	0.072	0.0457	0.0725	0.0724	0.0342	0.1051	0.0854	0.0229	0.1738	0.1101
215	0.0042	0.4233	0.0595	0.0482	0.0719	0.0456	0.0723	0.0722	0.0342	0.1051	0.0853	0.0229	0.1733	0.11
216	0.0048	0.423	0.059	0.0479	0.0716	0.0454	0.0721	0.072	0.0343	0.1051	0.0853	0.0229	0.1734	0.1099
217	0.0046	0.4094	0.059	0.048	0.0717	0.0455	0.0723	0.0722	0.0342	0.1051	0.0854	0.0229	0.1727	0.1099
218	0.004	0.4124	0.0591	0.048	0.0717	0.0456	0.0724	0.0724	0.0341	0.1049	0.0854	0.023	0.1735	0.1102
219	0.0039	0.406	0.0589	0.048	0.0714	0.0457	0.0726	0.0723	0.0341	0.1051	0.0853	0.0229	0.1736	0.11
220	0.0039	0.4117	0.0595	0.0485	0.072	0.0456	0.0726	0.0725	0.0341	0.1053	0.0855	0.0229	0.1738	0.1102
221	0.0045	0.4138	0.0597	0.0486	0.0724	0.0457	0.0727	0.0728	0.0341	0.1051	0.0857	0.0229	0.1733	0.1104
222	0.0044	0.4104	0.0593	0.0484	0.0719	0.0456	0.0726	0.0725	0.034	0.105	0.0854	0.0229	0.1736	0.1102
223	0.0041	0.4145	0.0595	0.0485	0.0721	0.0457	0.0728	0.0726	0.0341	0.1054	0.0856	0.0229	0.1738	0.1102
224	0.0041	0.4202	0.0595	0.0484	0.0721	0.0458	0.0729	0.0727	0.0342	0.1053	0.0856	0.0229	0.1738	0.1103
225	0.0042	0.414	0.0597	0.0486	0.0723	0.0462	0.0737	0.0731	0.0342	0.1055	0.0857	0.0229	0.1736	0.1103
226	0.0042	0.4157	0.0596	0.0485	0.072	0.046	0.0731	0.0727	0.0341	0.105	0.0853	0.0229	0.1731	0.1099
227	0.0045	0.4093	0.0599	0.0485	0.0719	0.0458	0.0729	0.0723	0.034	0.1049	0.0849	0.0229	0.1729	0.1096
228	0.0043	0.409	0.0596	0.0482	0.0715	0.0458	0.0729	0.0721	0.0342	0.1054	0.085	0.0229	0.173	0.1094
229	0.0042	0.416	0.0593	0.048	0.0713	0.0459	0.0731	0.0721	0.0341	0.1052	0.0848	0.0229	0.1733	0.1094
230	0.004	0.4034	0.0593	0.048	0.0712	0.0456	0.0728	0.0718	0.0341	0.1052	0.0847	0.0229	0.1734	0.1094
231	0.0047	0.4109	0.0593	0.0482	0.0712	0.0457	0.0728	0.0718	0.0341	0.1051	0.0846	0.0229	0.1732	0.1092
232	0.0042	0.4153	0.0596	0.0483	0.0715	0.0457	0.0727	0.0719	0.034	0.105	0.0846	0.0228	0.1729	0.1092
233	0.0045	0.4157	0.0603	0.0484	0.0719	0.0459	0.0732	0.0722	0.034	0.1048	0.0846	0.0228	0.1731	0.1093
234	0.0043	0.4182	0.0596	0.0479	0.0714	0.0458	0.0729	0.072	0.034	0.105	0.0847	0.0228	0.1731	0.1092
235	0.0041	0.4194	0.0597	0.0475	0.0714	0.0458	0.0727	0.0719	0.0339	0.1046	0.0845	0.0227	0.1727	0.109
236	0.0041	0.4204	0.0595	0.0474	0.0714	0.0458	0.0725	0.072	0.034	0.1047	0.0846	0.0227	0.1728	0.1091
237	0.0036	0.4095	0.0594	0.0474	0.0712	0.0457	0.0722	0.0718	0.034	0.1049	0.0846	0.0227	0.1725	0.1089
238	0.0042	0.4115	0.0593	0.0476	0.0713	0.0456	0.0719	0.0718	0.034	0.1049	0.0847	0.0227	0.1728	0.1091
239	0.0045	0.4094	0.0599	0.0481	0.0718	0.0456	0.0719	0.0718	0.0341	0.1053	0.0849	0.0227	0.1726	0.1091
240	0.004	0.4126	0.0603	0.0484	0.072	0.0456	0.0721	0.0719	0.034	0.1051	0.0848	0.0227	0.1726	0.1091
241	0.0051	0.4132	0.0603	0.0485	0.0721	0.0457	0.0724	0.0721	0.034	0.1048	0.0848	0.0227	0.1726	0.1092
242	0.0042	0.4184	0.0603	0.0487	0.0722	0.0458	0.0725	0.0721	0.0338	0.1042	0.0846	0.0227	0.1726	0.1092
243	0.0044	0.4197	0.0598	0.0485	0.0716	0.0456	0.072	0.0717	0.0339	0.1043	0.0844	0.0227	0.1725	0.1089
244	0.0039	0.4135	0.0598	0.0484	0.0716	0.0457	0.0723	0.0719	0.0338	0.1043	0.0845	0.0227	0.172	0.1089
245	0.0043	0.4161	0.0598	0.0484	0.0717	0.0456	0.0721	0.0718	0.0339	0.1043	0.0845	0.0227	0.1721	0.1089
246	0.0039	0.4207	0.0594	0.048	0.0714	0.0456	0.0718	0.0717	0.0337	0.104	0.0843	0.0226	0.1718	0.1088
247	0.0046	0.4184	0.0598	0.0485	0.0717	0.0453	0.0715	0.0715	0.0338	0.1041	0.0844	0.0227	0.1722	0.1089
248	0.0042	0.4123	0.0598	0.0483	0.0721	0.0457	0.0722	0.0722	0.0338	0.1041	0.0848	0.0227	0.1719	0.1092
249	0.004	0.415	0.0596	0.0481	0.072	0.0457	0.0725	0.0723	0.0338	0.1039	0.0847	0.0227	0.1714	0.109
250	0.0046	0.4101	0.0597	0.0481	0.0722	0.0456	0.0723	0.0723	0.0337	0.1037	0.0846	0.0227	0.1718	0.1092
251	0.0044	0.4223	0.0596	0.048	0.0721	0.0458	0.0724	0.0724	0.0337	0.104	0.0848	0.0227	0.1718	0.1093
252	0.0047	0.4181	0.0598	0.048	0.0722	0.0458	0.0726	0.0725	0.0338	0.104	0.0848	0.0227	0.1711	0.1091
253	0.0039	0.4213	0.0597	0.048	0.072	0.0456	0.0724	0.0722	0.0339	0.1041	0.0848	0.0226	0.1711	0.1089
254	0.0045	0.4093	0.0597	0.048	0.0719	0.0455	0.0722	0.072	0.0337	0.1039	0.0845	0.0226	0.1707	0.1087
255	0.0042	0.4165	0.0598	0.048	0.0718	0.0456	0.0723	0.072	0.0338	0.1043	0.0846	0.0226	0.1706	0.1086
256	0.004	0.4086	0.0594	0.0477	0.0714	0.0458	0.0725	0.072	0.0338	0.1044	0.0845	0.0226	0.1707	0.1085
257	0.0044	0.4128	0.0592	0.0473	0.0712	0.0458	0.0726	0.0719	0.0337	0.1041	0.0843	0.0226	0.1707	0.1084
258	0.0039	0.4072	0.0596	0.0479	0.0715	0.046	0.0728	0.072	0.0337	0.104	0.0843	0.0226	0.1708	0.1084
259	0.0041	0.4073	0.0595	0.0476	0.0713	0.0458	0.0721	0.0717	0.0338	0.1047	0.0844	0.0226	0.1709	0.1085
260	0.0046	0.4133	0.0595	0.0474	0.0714	0.0458	0.0725	0.072	0.0338	0.1048	0.0846	0.0226	0.1713	0.1087
261	0.0044	0.4174	0.0592	0.0472	0.0711	0.0456	0.0719	0.0716	0.0338	0.1047	0.0844	0.0226	0.1714	0.1086
262	0.004	0.4112	0.0588	0.0471	0.071	0.0455	0.0718	0.0716	0.0338	0.1048	0.0845	0.0226	0.1712	0.1085
263	0.0042	0.4132	0.0588	0.0471	0.0709	0.0456	0.0719	0.0716	0.0337	0.1046	0.0844	0.0226	0.1713	0.1085
264	0.0042	0.4157	0.0589	0.0471	0.0711	0.0455	0.0717	0.0717	0.0337	0.1047	0.0845	0.0226	0.1713	0.1087
265	0.0044	0.4131	0.0592	0.0474	0.0714	0.0455	0.0715	0.0717	0.0338	0.1048	0.0846	0.0227	0.1719	0.1089
266	0.0039	0.4154	0.0592	0.0473	0.0714	0.0457	0.0718	0.0719	0.0338	0.1049	0.0847	0.0227	0.172	0.109
267	0.0042	0.418	0.0595	0.0477	0.0717	0.0456	0.0717	0.0719	0.0338	0.1048	0.0848	0.0227	0.1724	0.1092
268	0.0043	0.4147	0.0597	0.0478	0.0721	0.0457	0.0718	0.0722	0.0338	0.105	0.0851	0.0227	0.1723	0.1094
269	0.0048	0.4276	0.0597	0.0476	0.0719	0.0457	0.0716	0.072	0.0339	0.1055	0.0851	0.0227	0.1723	0.1092
270	0.004	0.4051	0.0599	0.0477	0.0719	0.0458	0.0716	0.072	0.0339	0.1053	0.085	0.0227	0.1723	0.1092
271	0.0043	0.4179	0.0598	0.0478	0.0717	0.0459	0.0715	0.0719	0.0339	0.1055	0.0849	0.0227	0.172	0.109
272	0.0047	0.424	0.06	0.048	0.0719	0.0459	0.0715	0.0719	0.0338	0.1053	0.0848	0.0227	0.1726	0.1091
273	0.0042	0.4167	0.0602	0.048	0.0718	0.046	0.0715	0.0717	0.034	0.1055	0.0848	0.0227	0.1723	0.109
274	0.0042	0.4214	0.0604	0.0479	0.072	0.046	0.0718	0.072	0.034	0.1057	0.085	0.0228	0.1724	0.1092
275	0.0041	0.4138	0.0606	0.0481	0.0724	0.046	0.072	0.0722	0.0342	0.1061	0.0854	0.0228	0.1725	0.1095
276	0.0039	0.4166	0.0605	0.0481	0.0722	0.0461	0.0723	0.0723	0.0343	0.1065	0.0855	0.0228	0.1731	0.1096
277	0.0038	0.4152	0.0605	0.048	0.0723	0.0461	0.072	0.0722	0.0342	0.1062	0.0854	0.0228	0.173	0.1096
278	0.0043	0.4178	0.0605	0.0481	0.0724	0.046	0.0716	0.0721	0.0343	0.1066	0.0857	0.0228	0.1728	0.1097
279	0.0044	0.4226	0.0603	0.048	0.0723	0.0461	0.0718	0.0722	0.0344	0.1068	0.0857	0.0229	0.1735	0.1099
280	0.0039	0.4114	0.0606	0.0483	0.0726	0.0463	0.0721	0.0725	0.0343	0.1067	0.0858	0.0229	0.1734	0.1099
281	0.0038	0.4181	0.0606	0.0484	0.0728	0.0462	0.0722	0.0726	0.0344	0.1068	0.086	0.0229	0.1731	0.11
282	0.0045	0.4142	0.0604	0.0482	0.0727	0.0464	0.0722	0.0727	0.0342	0.1063	0.0858	0.0229	0.1734	0.1101
283	0.0039	0.4137	0.0608	0.0485	0.0731	0.0463	0.0722	0.0728	0.0343	0.1065	0.086	0.0229	0.1733	0.1102
284	0.0046	0.4152	0.0603	0.0481	0.0729	0.0461	0.0721	0.0727	0.0342	0.106	0.0859	0.0229	0.1734	0.1102
285	0.0037	0.4114	0.061	0.0486	0.0734	0.0459	0.0717	0.0726	0.0342	0.1063	0.086	0.0229	0.1735	0.1103
286	0.0042	0.4191	0.061	0.0489	0.0738	0.046	0.0721	0.0731	0.0342	0.1064	0.0863	0.0228	0.1728	0.1104
287	0.0042	0.4167	0.0615	0.0491	0.0743	0.0461	0.0722	0.0733	0.0343	0.1066	0.0865	0.0229	0.1736	0.1108
288	0.0038	0.4135	0.0614	0.049	0.0742	0.0464	0.0727	0.0736	0.0343	0.1067	0.0867	0.0229	0.1738	0.1109
289	0.0041	0.4214	0.0611	0.0489	0.074	0.0464	0.0727	0.0736	0.0343	0.1067	0.0867	0.0228	0.1735	0.1108
290	0.0044	0.4195	0.0611	0.0491	0.074	0.0462	0.0722	0.0733	0.0343	0.1064	0.0865	0.0229	0.1736	0.1108
291	0.0041	0.4127	0.0613	0.0491	0.0742	0.046	0.0723	0.0733	0.0343	0.1064	0.0866	0.0229	0.1739	0.1109
292	0.004	0.4144	0.0613	0.0491	0.0742	0.0458	0.0718	0.0731	0.0343	0.1062	0.0865	0.0229	0.174	0.111
293	0.0041	0.4179	0.0612	0.0488	0.0741	0.0458	0.0719	0.0732	0.0341	0.1058	0.0864	0.0229	0.1742	0.111
294	0.0042	0.4153	0.0613	0.0488	0.074	0.0458	0.0719	0.0731	0.0342	0.106	0.0864	0.0229	0.1742	0.1109
295	0.0042	0.4135	0.061	0.0487	0.0737	0.0458	0.0718	0.0729	0.0342	0.106	0.0862	0.0229	0.1743	0.1107
296	0.0039	0.4152	0.0609	0.0487	0.0734	0.0457	0.0715	0.0725	0.0342	0.106	0.086	0.0229	0.1741	0.1104
297	0.0045	0.4116	0.061	0.0488	0.0735	0.0457	0.0716	0.0727	0.0342	0.1062	0.0861	0.0228	0.1738	0.1104
298	0.004	0.4124	0.0611	0.0489	0.0735	0.0457	0.0717	0.0726	0.0342	0.1061	0.086	0.0228	0.1737	0.1103
299	0.0042	0.4088	0.0612	0.0488	0.0735	0.0457	0.0718	0.0727	0.0342	0.106	0.086	0.0229	0.1739	0.1104
300	0.0043	0.419	0.0612	0.0489	0.0735	0.0459	0.0721	0.0728	0.0344	0.1064	0.0862	0.0229	0.174	0.1104
301	0.0041	0.4118	0.061	0.049	0.0734	0.046	0.0722	0.0729	0.0345	0.1067	0.0863	0.0229	0.174	0.1105
302	0.0049	0.4254	0.0609	0.0488	0.073	0.0459	0.072	0.0725	0.0344	0.1065	0.0859	0.0229	0.1739	0.1102
303	0.0048	0.4139	0.0607	0.0487	0.0729	0.046	0.0721	0.0725	0.0344	0.106	0.0857	0.0228	0.174	0.1101
304	0.0039	0.421	0.0607	0.0486	0.0729	0.0459	0.0719	0.0725	0.0344	0.1063	0.0859	0.0229	0.1742	0.1103
305	0.0047	0.4152	0.0608	0.0489	0.0732	0.0459	0.0719	0.0727	0.0344	0.1061	0.086	0.0229	0.1744	0.1105
306	0.0043	0.4141	0.0605	0.0489	0.073	0.0457	0.0716	0.0724	0.0342	0.1059	0.0858	0.0228	0.1737	0.1101
307	0.0043	0.4168	0.0607	0.049	0.073	0.0456	0.071	0.072	0.034	0.1055	0.0854	0.0228	0.1734	0.1098
308	0.0037	0.4175	0.0605	0.0489	0.0727	0.0453	0.0706	0.0716	0.0338	0.1049	0.0849	0.0227	0.1731	0.1094
309	0.0045	0.4239	0.0602	0.0486	0.0723	0.0451	0.0705	0.0714	0.0337	0.1046	0.0846	0.0227	0.1725	0.1091
310	0.0049	0.4187	0.06	0.0486	0.0724	0.045	0.0702	0.0713	0.0336	0.1042	0.0845	0.0227	0.1726	0.1091
311	0.0043	0.4129	0.0598	0.0484	0.0722	0.0449	0.0703	0.0712	0.0336	0.1045	0.0845	0.0226	0.1725	0.109
312	0.0044	0.4151	0.0599	0.0485	0.0722	0.0451	0.0705	0.0714	0.0336	0.1044	0.0845	0.0227	0.1728	0.109
313	0.0043	0.4169	0.0593	0.0478	0.0716	0.0451	0.0703	0.0712	0.0335	0.1036	0.0841	0.0226	0.1725	0.1088
314	0.0037	0.4264	0.0592	0.0476	0.0716	0.0451	0.0707	0.0714	0.0334	0.1034	0.0841	0.0226	0.1722	0.1088
315	0.0046	0.4212	0.0589	0.0474	0.0716	0.0447	0.0701	0.0711	0.0334	0.1039	0.0842	0.0226	0.1718	0.1087
316	0.0044	0.4129	0.0591	0.0476	0.0716	0.0448	0.0704	0.0711	0.0334	0.1036	0.084	0.0226	0.1718	0.1087
317	0.0043	0.4092	0.0591	0.0476	0.0715	0.0449	0.0705	0.0711	0.0334	0.1041	0.0841	0.0226	0.1714	0.1085
318	0.0044	0.4184	0.0593	0.0477	0.0716	0.0448	0.0706	0.0711	0.0335	0.1043	0.0842	0.0226	0.1714	0.1085
319	0.0048	0.4173	0.0593	0.0478	0.0714	0.0445	0.0703	0.0707	0.0334	0.1045	0.084	0.0226	0.171	0.1082
320	0.0048	0.4105	0.0591	0.0476	0.0712	0.0445	0.0704	0.0708	0.0333	0.1038	0.0838	0.0226	0.1713	0.1083
321	0.0044	0.4155	0.0592	0.0477	0.0713	0.0444	0.0701	0.0707	0.0333	0.1036	0.0838	0.0226	0.1708	0.1082
322	0.0038	0.423	0.0587	0.0473	0.0709	0.0443	0.0699	0.0705	0.0332	0.1034	0.0836	0.0225	0.1705	0.108
323	0.0044	0.4216	0.0592	0.0478	0.0712	0.0442	0.0701	0.0705	0.0332	0.1032	0.0835	0.0225	0.1705	0.1079
324	0.0043	0.4135	0.0589	0.0474	0.0711	0.0443	0.0701	0.0706	0.0332	0.103	0.0835	0.0225	0.1707	0.108
325	0.0044	0.4178	0.0588	0.0473	0.071	0.0446	0.0703	0.0707	0.0333	0.1032	0.0835	0.0225	0.171	0.108
326	0.0043	0.4154	0.0595	0.0478	0.0715	0.0446	0.0702	0.0708	0.0333	0.1036	0.0837	0.0225	0.1711	0.1082
327	0.0044	0.4176	0.0597	0.048	0.0717	0.0451	0.0707	0.0712	0.0333	0.1035	0.0838	0.0226	0.1716	0.1084
328	0.0044	0.4128	0.0599	0.0483	0.0721	0.045	0.0706	0.0714	0.0335	0.104	0.0843	0.0226	0.1715	0.1088
329	0.0046	0.4176	0.0597	0.0481	0.072	0.0451	0.071	0.0715	0.0333	0.1035	0.0841	0.0226	0.1718	0.1088
330	0.0039	0.413	0.0596	0.0479	0.0718	0.0449	0.0703	0.0712	0.0333	0.1038	0.0841	0.0226	0.1716	0.1087
331	0.0042	0.4236	0.0597	0.048	0.0719	0.0449	0.0703	0.0711	0.0336	0.1043	0.0843	0.0226	0.1719	0.1087
332	0.0045	0.4119	0.06	0.0483	0.072	0.0451	0.0707	0.0713	0.0336	0.1042	0.0844	0.0226	0.1716	0.1087
333	0.0043	0.4176	0.0598	0.0481	0.0719	0.0454	0.0711	0.0716	0.0338	0.1046	0.0846	0.0226	0.1719	0.1089
334	0.0045	0.4079	0.06	0.0484	0.0721	0.0455	0.0714	0.0717	0.0337	0.1047	0.0846	0.0227	0.172	0.109
335	0.0041	0.4191	0.0598	0.0484	0.0721	0.0453	0.0715	0.0718	0.0337	0.1048	0.0848	0.0227	0.1722	0.1091
336	0.0044	0.4195	0.0601	0.0486	0.0725	0.0453	0.0713	0.0719	0.0337	0.105	0.085	0.0227	0.1726	0.1094
337	0.0039	0.4192	0.0603	0.0489	0.0727	0.0453	0.0713	0.072	0.0337	0.1053	0.0852	0.0227	0.1726	0.1096
338	0.0043	0.419	0.06	0.0486	0.0724	0.0453	0.0713	0.0719	0.0337	0.1054	0.085	0.0227	0.1724	0.1093
339	0.0043	0.4125	0.0603	0.0487	0.0726	0.0455	0.0714	0.0721	0.0338	0.1055	0.0852	0.0226	0.1719	0.1093
340	0.0043	0.4048	0.0599	0.0485	0.0722	0.0455	0.0713	0.0718	0.0337	0.1048	0.0847	0.0226	0.1721	0.109
341	0.0041	0.4257	0.0596	0.0482	0.0719	0.0454	0.0713	0.0717	0.0336	0.1044	0.0846	0.0226	0.172	0.109
342	0.0045	0.4095	0.0601	0.0487	0.0722	0.0453	0.0711	0.0715	0.0336	0.1041	0.0844	0.0226	0.1723	0.109
343	0.0043	0.4191	0.0596	0.0483	0.0718	0.0453	0.071	0.0714	0.0336	0.1041	0.0844	0.0226	0.1717	0.1087
344	0.0049	0.4208	0.0599	0.0485	0.0721	0.0454	0.0712	0.0716	0.0337	0.1044	0.0845	0.0226	0.172	0.1089
345	0.0046	0.42	0.06	0.0487	0.0722	0.0454	0.0711	0.0717	0.0337	0.1047	0.0847	0.0226	0.172	0.109
346	0.0043	0.4115	0.0598	0.0486	0.0721	0.0454	0.0711	0.0716	0.0338	0.1048	0.0847	0.0226	0.1722	0.109
347	0.0041	0.4197	0.06	0.0487	0.0723	0.0452	0.071	0.0716	0.0339	0.1051	0.0849	0.0227	0.1722	0.1091
348	0.0045	0.4125	0.0599	0.0485	0.0721	0.0456	0.0716	0.0719	0.0338	0.1047	0.0847	0.0227	0.1723	0.1091
349	0.0046	0.4172	0.06	0.0488	0.0724	0.0457	0.0716	0.072	0.0338	0.1045	0.0848	0.0227	0.1718	0.1092
350	0.0045	0.4155	0.0607	0.0492	0.0727	0.0456	0.0713	0.0718	0.0337	0.1042	0.0846	0.0227	0.1718	0.1091
351	0.0043	0.4152	0.0611	0.0494	0.0732	0.0457	0.0719	0.0723	0.0338	0.1043	0.0849	0.0226	0.1715	0.1092
352	0.0044	0.4216	0.0613	0.0493	0.0735	0.0459	0.0721	0.0726	0.0338	0.1048	0.0852	0.0226	0.1717	0.1094
353	0.0046	0.4123	0.0615	0.0493	0.0737	0.0456	0.0713	0.0723	0.0339	0.1054	0.0855	0.0226	0.1716	0.1094
354	0.0055	0.4191	0.0614	0.0492	0.0735	0.0456	0.0711	0.0723	0.0341	0.1058	0.0857	0.0226	0.1714	0.1094
355	0.0039	0.4087	0.0607	0.0491	0.0732	0.0457	0.0713	0.0724	0.034	0.1054	0.0855	0.0227	0.1717	0.1095
356	0.0042	0.4202	0.0607	0.0489	0.073	0.0456	0.0714	0.0723	0.0339	0.1048	0.0853	0.0226	0.1712	0.1093
357	0.0043	0.4171	0.0609	0.0492	0.0734	0.0452	0.0709	0.0722	0.0339	0.1048	0.0855	0.0225	0.1709	0.1093
358	0.0042	0.4154	0.0611	0.0493	0.0735	0.0454	0.0715	0.0724	0.0338	0.1045	0.0854	0.0225	0.1705	0.1092
359	0.0044	0.4227	0.0603	0.0487	0.0727	0.0454	0.0715	0.0722	0.0338	0.1045	0.085	0.0225	0.1705	0.1089
360	0.004	0.4227	0.0602	0.0485	0.0726	0.0454	0.0714	0.0721	0.0337	0.1046	0.085	0.0225	0.1708	0.1089
361	0.0042	0.4073	0.0605	0.0488	0.0729	0.0453	0.0715	0.0722	0.0338	0.1049	0.0852	0.0225	0.1709	0.109
362	0.0042	0.4209	0.0602	0.0483	0.0726	0.0452	0.0714	0.0721	0.0336	0.104	0.0848	0.0224	0.1704	0.1088
363	0.004	0.4199	0.0603	0.0487	0.0727	0.0453	0.0715	0.0722	0.0335	0.1041	0.0848	0.0225	0.1709	0.1089
364	0.0042	0.4113	0.0603	0.0488	0.073	0.0453	0.0715	0.0723	0.0334	0.1035	0.0848	0.0225	0.1712	0.1091
365	0.0043	0.4112	0.0607	0.0488	0.0732	0.0454	0.0716	0.0724	0.0335	0.1041	0.085	0.0225	0.1713	0.1091
366	0.0041	0.4108	0.0605	0.0487	0.0731	0.0453	0.0714	0.0723	0.0336	0.1044	0.085	0.0224	0.1707	0.1089
367	0.004	0.4091	0.0608	0.049	0.0732	0.0451	0.0712	0.0721	0.0335	0.1039	0.0848	0.0224	0.1709	0.1089
368	0.0042	0.4099	0.0606	0.0488	0.0729	0.0449	0.0708	0.0718	0.0334	0.1038	0.0845	0.0225	0.1711	0.1088
369	0.0046	0.4202	0.0603	0.0484	0.0726	0.0449	0.0707	0.0717	0.0333	0.1032	0.0843	0.0225	0.1714	0.1089
370	0.004	0.4229	0.0606	0.0489	0.073	0.0454	0.0712	0.0721	0.0335	0.1036	0.0846	0.0225	0.1712	0.109
371	0.0042	0.423	0.0604	0.0489	0.0729	0.0455	0.0716	0.0723	0.0335	0.1037	0.0847	0.0225	0.1711	0.109
372	0.0047	0.4214	0.0606	0.049	0.0731	0.0455	0.0714	0.0723	0.0335	0.1036	0.0847	0.0226	0.1716	0.1092
373	0.0044	0.4104	0.0603	0.0489	0.0728	0.0452	0.0711	0.072	0.0334	0.1037	0.0846	0.0225	0.1713	0.109
374	0.0045	0.419	0.06	0.0487	0.0723	0.0451	0.0709	0.0717	0.0334	0.1038	0.0844	0.0225	0.1716	0.1088
375	0.0051	0.4177	0.0606	0.0489	0.0727	0.0452	0.0708	0.0718	0.0334	0.1036	0.0844	0.0225	0.1715	0.1089
376	0.0043	0.4151	0.0609	0.0491	0.0728	0.0451	0.0708	0.0717	0.0333	0.1033	0.0842	0.0225	0.1716	0.1088
377	0.0043	0.4207	0.0609	0.0489	0.0727	0.045	0.0707	0.0716	0.0333	0.1033	0.0842	0.0226	0.1716	0.1088
378	0.0045	0.4192	0.0606	0.0485	0.0725	0.0452	0.0708	0.0716	0.0334	0.1033	0.0842	0.0226	0.1716	0.1088
379	0.0042	0.4207	0.0606	0.0486	0.0724	0.0452	0.0711	0.0716	0.0334	0.1033	0.0841	0.0226	0.1715	0.1086
380	0.0039	0.422	0.0606	0.0486	0.0723	0.0454	0.0712	0.0717	0.0334	0.1036	0.0842	0.0225	0.1712	0.1086
381	0.0044	0.4208	0.0607	0.0486	0.0724	0.0452	0.0708	0.0714	0.0334	0.1035	0.084	0.0226	0.1713	0.1085
382	0.0046	0.4199	0.0607	0.0488	0.0726	0.0453	0.0709	0.0716	0.0334	0.1035	0.0842	0.0226	0.1712	0.1086
383	0.004	0.4147	0.061	0.049	0.0729	0.0453	0.071	0.0717	0.0335	0.104	0.0844	0.0226	0.1714	0.1088
384	0.0045	0.4197	0.0609	0.049	0.0729	0.0455	0.0714	0.072	0.0334	0.1037	0.0844	0.0226	0.1714	0.1088
385	0.0043	0.4168	0.0613	0.0491	0.073	0.0456	0.0717	0.072	0.0336	0.1037	0.0844	0.0225	0.1711	0.1087
386	0.0045	0.4166	0.0611	0.0492	0.073	0.0455	0.0717	0.0721	0.0335	0.1035	0.0844	0.0225	0.1713	0.1088
387	0.0039	0.4163	0.061	0.0493	0.0731	0.0455	0.0716	0.0721	0.0335	0.1038	0.0845	0.0226	0.1712	0.1089
388	0.0039	0.4182	0.061	0.0494	0.0731	0.0454	0.0714	0.072	0.0335	0.1037	0.0846	0.0225	0.1706	0.1088
389	0.0041	0.4156	0.0609	0.0494	0.0731	0.0453	0.0716	0.0721	0.0335	0.1039	0.0846	0.0225	0.1699	0.1086
390	0.0043	0.4195	0.0605	0.0487	0.0726	0.0454	0.0719	0.0721	0.0336	0.1039	0.0845	0.0224	0.1693	0.1083
391	0.0047	0.4184	0.0606	0.0486	0.0728	0.0453	0.0718	0.0722	0.0335	0.1035	0.0846	0.0223	0.1692	0.1084
392	0.0041	0.4145	0.0606	0.049	0.0727	0.0456	0.072	0.0722	0.0336	0.1037	0.0846	0.0224	0.1701	0.1085
393	0.0045	0.4238	0.0608	0.0491	0.0728	0.0458	0.0722	0.0723	0.0336	0.1034	0.0845	0.0224	0.1704	0.1085
394	0.0043	0.4183	0.0611	0.0492	0.0727	0.0457	0.072	0.072	0.0336	0.1035	0.0843	0.0224	0.1702	0.1083
395	0.0048	0.4191	0.0608	0.049	0.0726	0.0455	0.0716	0.0718	0.0335	0.1033	0.0841	0.0223	0.1694	0.1079
396	0.0039	0.421	0.0605	0.049	0.0725	0.0456	0.0717	0.0719	0.0335	0.1033	0.0842	0.0223	0.1693	0.1079
397	0.0041	0.417	0.0606	0.0488	0.0724	0.0457	0.0717	0.0718	0.0335	0.1031	0.084	0.0223	0.1695	0.1079
398	0.0041	0.4178	0.0603	0.0487	0.0721	0.0456	0.0713	0.0716	0.0335	0.1033	0.084	0.0223	0.1692	0.1077
399	0.0047	0.414	0.0598	0.0484	0.0718	0.0457	0.0715	0.0717	0.0334	0.1028	0.0838	0.0222	0.1688	0.1076
400	0.004	0.4172	0.06	0.0486	0.0721	0.0456	0.0715	0.0718	0.0334	0.1029	0.084	0.0222	0.1691	0.1077
401	0.0043	0.4113	0.0602	0.0486	0.0723	0.0458	0.0716	0.0719	0.0334	0.103	0.0841	0.0222	0.169	0.1078
402	0.0047	0.4148	0.0601	0.0486	0.0724	0.0459	0.0716	0.0721	0.0336	0.1036	0.0844	0.0222	0.1689	0.1079
403	0.0041	0.4123	0.0607	0.0491	0.0725	0.0458	0.0717	0.0719	0.0336	0.1039	0.0843	0.0223	0.1693	0.1079
404	0.0039	0.4141	0.0608	0.0491	0.0725	0.0459	0.0719	0.072	0.0338	0.1041	0.0845	0.0223	0.1693	0.1079
405	0.0046	0.4113	0.0606	0.0492	0.0727	0.046	0.0724	0.0725	0.0339	0.1046	0.085	0.0223	0.1694	0.1083
406	0.004	0.4158	0.0607	0.0493	0.0729	0.0462	0.0726	0.0727	0.0341	0.105	0.0852	0.0223	0.1693	0.1084
407	0.0042	0.4191	0.0605	0.0491	0.0727	0.0461	0.0726	0.0726	0.034	0.1048	0.0852	0.0223	0.1696	0.1085
408	0.0044	0.4183	0.0605	0.0492	0.0727	0.0455	0.0714	0.0721	0.0339	0.1042	0.085	0.0223	0.1695	0.1084
409	0.0043	0.4185	0.0605	0.0495	0.0727	0.0454	0.0714	0.0719	0.0338	0.1039	0.0847	0.0224	0.1696	0.1083
410	0.0043	0.4185	0.0604	0.0494	0.0727	0.0453	0.0714	0.0719	0.0336	0.1033	0.0845	0.0223	0.1695	0.1084
411	0.0049	0.4175	0.0609	0.0499	0.0728	0.0454	0.0714	0.0718	0.0336	0.1034	0.0844	0.0223	0.1695	0.1082
412	0.0046	0.4203	0.0605	0.0496	0.0726	0.0457	0.0719	0.0721	0.0335	0.1034	0.0843	0.0223	0.1695	0.1082
413	0.0047	0.4228	0.06	0.0489	0.072	0.0457	0.0717	0.0718	0.0336	0.1039	0.0843	0.0223	0.1695	0.108
414	0.0046	0.4134	0.0601	0.0487	0.0719	0.0457	0.072	0.0718	0.0337	0.1039	0.0843	0.0223	0.1692	0.1079
415	0.0046	0.4183	0.06	0.0488	0.072	0.0458	0.072	0.0719	0.0337	0.1041	0.0845	0.0223	0.1695	0.1081
416	0.0042	0.4173	0.06	0.0485	0.0719	0.0455	0.0717	0.0717	0.0337	0.1041	0.0844	0.0223	0.1694	0.108
417	0.0041	0.4199	0.0598	0.0483	0.0716	0.0452	0.0713	0.0714	0.0337	0.1041	0.0843	0.0224	0.1695	0.1079
418	0.0046	0.4078	0.0598	0.0483	0.0716	0.0452	0.0712	0.0713	0.0338	0.1045	0.0844	0.0223	0.1696	0.1079
419	0.0041	0.4219	0.0603	0.0485	0.072	0.045	0.0711	0.0713	0.0338	0.1041	0.0843	0.0223	0.1698	0.1079
420	0.0039	0.4192	0.0601	0.0486	0.0719	0.0451	0.0712	0.0713	0.0338	0.104	0.0842	0.0223	0.1694	0.1078
421	0.0042	0.4115	0.0599	0.0483	0.0717	0.0451	0.0712	0.0713	0.0338	0.1042	0.0842	0.0223	0.1695	0.1078
422	0.0045	0.4184	0.0602	0.0487	0.072	0.045	0.0709	0.0712	0.0336	0.1036	0.084	0.0223	0.1694	0.1078
423	0.0046	0.4154	0.0599	0.0486	0.0718	0.045	0.0711	0.0712	0.0336	0.1036	0.084	0.0223	0.1694	0.1077
424	0.0045	0.4209	0.0595	0.048	0.0711	0.045	0.0709	0.0709	0.0335	0.1034	0.0837	0.0223	0.1695	0.1075
425	0.0043	0.4171	0.0593	0.0479	0.071	0.045	0.0707	0.0708	0.0335	0.1032	0.0836	0.0223	0.1696	0.1075
426	0.0042	0.4132	0.0593	0.0478	0.0708	0.0452	0.0711	0.0709	0.0336	0.1035	0.0836	0.0223	0.1699	0.1075
427	0.0042	0.4276	0.0592	0.0477	0.0705	0.0451	0.071	0.0706	0.0336	0.1034	0.0833	0.0223	0.1695	0.1072
428	0.0041	0.4058	0.0591	0.0476	0.0702	0.0452	0.0711	0.0704	0.0337	0.1038	0.0833	0.0224	0.1698	0.1071
429	0.004	0.4263	0.059	0.0477	0.0703	0.045	0.071	0.0705	0.0337	0.104	0.0835	0.0224	0.17	0.1073
430	0.0047	0.4214	0.0586	0.0475	0.0701	0.045	0.0709	0.0705	0.0336	0.1038	0.0834	0.0224	0.17	0.1072
431	0.0048	0.4147	0.059	0.0478	0.0707	0.045	0.071	0.0708	0.0335	0.1036	0.0836	0.0223	0.1698	0.1075
432	0.0047	0.418	0.0587	0.0478	0.0706	0.0449	0.071	0.0708	0.0336	0.104	0.0837	0.0223	0.1697	0.1075
433	0.0042	0.406	0.0591	0.0481	0.0711	0.0449	0.0708	0.0709	0.0337	0.1042	0.084	0.0224	0.1701	0.1078
434	0.0054	0.4152	0.0593	0.0484	0.0712	0.0448	0.0705	0.0708	0.0337	0.104	0.084	0.0224	0.1699	0.1077
435	0.0041	0.4113	0.0589	0.048	0.0709	0.0448	0.0705	0.0707	0.0336	0.104	0.0838	0.0224	0.1701	0.1077
436	0.0037	0.4273	0.0594	0.0484	0.0713	0.0448	0.0707	0.0708	0.0335	0.1037	0.0837	0.0224	0.1698	0.1076
437	0.0041	0.4225	0.0593	0.0483	0.0711	0.0446	0.0704	0.0706	0.0334	0.1032	0.0834	0.0223	0.1693	0.1074
438	0.0042	0.4093	0.0593	0.0485	0.0712	0.0448	0.0707	0.0708	0.0332	0.103	0.0833	0.0223	0.1696	0.1074
439	0.0048	0.4136	0.0589	0.0481	0.071	0.0446	0.0705	0.0707	0.0332	0.1027	0.0833	0.0223	0.1699	0.1076
440	0.0043	0.4193	0.0588	0.0479	0.0709	0.0448	0.071	0.0709	0.0332	0.1034	0.0835	0.0223	0.1698	0.1075
441	0.0045	0.4203	0.0586	0.0478	0.0708	0.0447	0.0705	0.0707	0.0332	0.1033	0.0834	0.0223	0.1694	0.1074
442	0.0042	0.4213	0.0582	0.0475	0.0706	0.0447	0.0707	0.0708	0.0331	0.103	0.0833	0.0223	0.1695	0.1074
443	0.0046	0.4193	0.0584	0.0477	0.0705	0.0446	0.0704	0.0705	0.0332	0.1033	0.0833	0.0223	0.1695	0.1073
444	0.0044	0.4155	0.0586	0.0478	0.0706	0.0446	0.0706	0.0706	0.0332	0.1033	0.0833	0.0223	0.1695	0.1072
445	0.0045	0.411	0.0588	0.0478	0.0708	0.0445	0.0707	0.0706	0.0334	0.1035	0.0835	0.0222	0.1692	0.1072
446	0.0042	0.4257	0.0587	0.0478	0.071	0.0446	0.0707	0.0709	0.0333	0.1032	0.0836	0.0222	0.1688	0.1073
447	0.0035	0.4208	0.0586	0.0476	0.0708	0.0444	0.0703	0.0706	0.0332	0.103	0.0833	0.0222	0.1687	0.1071
448	0.0044	0.4085	0.0586	0.0477	0.071	0.0444	0.0701	0.0707	0.0331	0.1031	0.0835	0.0222	0.1686	0.1072
449	0.0048	0.4163	0.0589	0.0482	0.0716	0.0442	0.0696	0.0707	0.0332	0.1033	0.0838	0.0222	0.1687	0.1075
450	0.0042	0.4183	0.0589	0.0481	0.0715	0.0442	0.07	0.0708	0.0334	0.104	0.0841	0.0223	0.1693	0.1077
451	0.0042	0.4092	0.0589	0.0481	0.0714	0.0442	0.0701	0.0707	0.0335	0.1044	0.0842	0.0222	0.1693	0.1077
452	0.0054	0.415	0.0583	0.0478	0.0709	0.0441	0.07	0.0705	0.0334	0.1039	0.0839	0.0222	0.1686	0.1073
453	0.004	0.4192	0.0586	0.0482	0.071	0.0437	0.0695	0.0701	0.0333	0.1033	0.0835	0.0221	0.1683	0.107
454	0.0041	0.4111	0.0587	0.0482	0.0709	0.0438	0.0697	0.07	0.0331	0.103	0.0832	0.0221	0.1681	0.1068
455	0.0043	0.4168	0.0585	0.0478	0.0706	0.0437	0.0698	0.0699	0.033	0.1025	0.0829	0.0222	0.1685	0.1068
456	0.004	0.4151	0.0584	0.0477	0.0707	0.0439	0.0699	0.0702	0.0332	0.103	0.0833	0.0222	0.1683	0.1069
457	0.0039	0.4115	0.0586	0.0479	0.071	0.044	0.07	0.0704	0.0333	0.1035	0.0836	0.0222	0.1684	0.1071
458	0.0041	0.4147	0.0591	0.0484	0.0714	0.0441	0.07	0.0705	0.0332	0.1031	0.0836	0.0222	0.1685	0.1072
459	0.0043	0.4324	0.059	0.0483	0.0713	0.0443	0.0703	0.0706	0.0332	0.1033	0.0836	0.0222	0.1684	0.1072
460	0.0045	0.4236	0.0588	0.0481	0.0712	0.0443	0.0704	0.0706	0.0332	0.1032	0.0836	0.0221	0.1682	0.1071
461	0.0044	0.4194	0.0588	0.0483	0.0713	0.0442	0.0705	0.0707	0.0332	0.1033	0.0836	0.0221	0.1681	0.1071
462	0.0046	0.4119	0.0586	0.0482	0.0709	0.0439	0.0697	0.0701	0.0331	0.103	0.0832	0.0221	0.1674	0.1066
463	0.0043	0.4153	0.0586	0.0478	0.0707	0.0438	0.0696	0.0699	0.0332	0.1033	0.0832	0.0221	0.1679	0.1066
464	0.0046	0.4281	0.0584	0.0478	0.0706	0.0437	0.0693	0.0698	0.033	0.1027	0.0829	0.0221	0.168	0.1066
465	0.0042	0.4209	0.0584	0.0475	0.0704	0.0433	0.0688	0.0694	0.033	0.1027	0.0828	0.0221	0.1678	0.1064
466	0.0051	0.4196	0.0586	0.0476	0.0706	0.0434	0.0692	0.0697	0.033	0.1028	0.083	0.0222	0.1683	0.1067
467	0.0039	0.4182	0.0585	0.0476	0.0706	0.0437	0.0697	0.07	0.033	0.1025	0.083	0.0222	0.1686	0.1069
468	0.0042	0.4128	0.0587	0.0478	0.0709	0.0439	0.07	0.0704	0.0331	0.1032	0.0834	0.0222	0.1682	0.107
469	0.0049	0.4165	0.0593	0.0483	0.0712	0.0443	0.0708	0.0707	0.0329	0.1026	0.0832	0.0222	0.1685	0.1071
470	0.0042	0.4305	0.0595	0.0485	0.0715	0.0445	0.071	0.0709	0.0331	0.1028	0.0834	0.0222	0.1687	0.1073
471	0.0044	0.4265	0.0597	0.0485	0.0717	0.0447	0.0715	0.0712	0.0332	0.103	0.0836	0.0222	0.1689	0.1074
472	0.0042	0.4135	0.0597	0.0486	0.0717	0.0448	0.0715	0.0713	0.0332	0.1031	0.0838	0.0223	0.1693	0.1077
473	0.0049	0.4208	0.0596	0.0486	0.0715	0.0447	0.0717	0.0712	0.0333	0.1033	0.0837	0.0223	0.1692	0.1075
474	0.0038	0.4148	0.0595	0.0483	0.0712	0.0447	0.0716	0.0711	0.0333	0.1034	0.0837	0.0222	0.1692	0.1074
475	0.0049	0.4275	0.0593	0.0483	0.071	0.0445	0.0713	0.0708	0.0333	0.1033	0.0836	0.0222	0.1693	0.1073
476	0.0047	0.4203	0.0592	0.0482	0.0708	0.0445	0.0715	0.0708	0.0333	0.1032	0.0834	0.0222	0.1693	0.1072
477	0.005	0.4295	0.059	0.0479	0.0705	0.0446	0.0714	0.0707	0.0333	0.1036	0.0835	0.0222	0.169	0.107
478	0.0046	0.4236	0.0592	0.0479	0.0707	0.0447	0.0714	0.0708	0.0332	0.1032	0.0833	0.0222	0.1691	0.107
479	0.0039	0.4142	0.0591	0.048	0.071	0.0447	0.0714	0.0711	0.0331	0.1033	0.0836	0.0222	0.1698	0.1075
480	0.0036	0.4231	0.0594	0.0483	0.0713	0.0447	0.0716	0.0713	0.0332	0.1033	0.0838	0.0223	0.1702	0.1078
481	0.0045	0.4226	0.0598	0.0486	0.0717	0.0448	0.0716	0.0715	0.0332	0.1032	0.0839	0.0223	0.1704	0.108
482	0.0044	0.4208	0.0597	0.0486	0.0718	0.0447	0.0716	0.0716	0.0332	0.1032	0.084	0.0222	0.1699	0.108
483	0.0043	0.4182	0.0599	0.0487	0.0721	0.0448	0.0718	0.0718	0.0331	0.1031	0.0841	0.0222	0.1695	0.108
484	0.0039	0.4199	0.0599	0.0487	0.0719	0.0446	0.0717	0.0715	0.0331	0.1031	0.0838	0.0222	0.1696	0.1078
485	0.0044	0.4233	0.0603	0.0488	0.072	0.0448	0.0718	0.0715	0.0331	0.1032	0.0838	0.0223	0.17	0.1079
486	0.0037	0.4206	0.0603	0.0487	0.0718	0.0447	0.0716	0.0712	0.0329	0.1028	0.0835	0.0222	0.1697	0.1076
487	0.0037	0.4279	0.0604	0.0488	0.0719	0.0446	0.0713	0.0711	0.033	0.103	0.0836	0.0222	0.1695	0.1075
488	0.0052	0.4192	0.0601	0.0482	0.0715	0.0444	0.0711	0.071	0.0329	0.1029	0.0834	0.0222	0.1696	0.1075
489	0.0048	0.4208	0.0602	0.0483	0.0715	0.0445	0.0712	0.071	0.0328	0.1028	0.0833	0.0222	0.1698	0.1075
490	0.0048	0.4157	0.0601	0.0484	0.0715	0.0446	0.0714	0.0711	0.033	0.1032	0.0835	0.0223	0.1701	0.1076
491	0.0039	0.4132	0.0599	0.0483	0.071	0.0449	0.0717	0.071	0.0331	0.1032	0.0833	0.0223	0.1697	0.1073
492	0.0047	0.4203	0.0592	0.0478	0.0705	0.0447	0.0714	0.0708	0.0331	0.1034	0.0833	0.0223	0.1692	0.1072
493	0.0041	0.426	0.0593	0.0478	0.0706	0.0446	0.0712	0.0707	0.0332	0.1035	0.0834	0.0223	0.1692	0.1072
494	0.0045	0.4147	0.0591	0.0475	0.0704	0.0445	0.0709	0.0705	0.033	0.1029	0.0831	0.0223	0.1695	0.1072
495	0.0046	0.4176	0.059	0.0473	0.0702	0.0444	0.0705	0.0702	0.033	0.1026	0.0828	0.0223	0.1702	0.1072
496	0.0042	0.4206	0.0586	0.0467	0.0697	0.0444	0.0704	0.07	0.033	0.1023	0.0825	0.0223	0.1702	0.1069
497	0.0044	0.4111	0.0588	0.0469	0.0699	0.0443	0.0699	0.0699	0.0329	0.1019	0.0824	0.0223	0.1701	0.1069
498	0.0046	0.4165	0.0586	0.0469	0.0695	0.0442	0.0696	0.0695	0.0328	0.102	0.0822	0.0223	0.1698	0.1066
499	0.0041	0.4151	0.0586	0.0471	0.0696	0.0441	0.0696	0.0695	0.0329	0.1021	0.0823	0.0223	0.1698	0.1067
500	0.0041	0.4218	0.0583	0.0468	0.0693	0.0442	0.0699	0.0696	0.0327	0.1017	0.082	0.0223	0.1696	0.1065
