{"n_layers": 0, "device": "cuda", "batch_size": 2048, "embedding_dim": 1024, "learning_rate": 0.0005, "dataset": "dbbook", "epochs": 150, "top_k": 50, "multimodal": false, "datasets": {"dbbook": ["images", "text"], "ml1m": ["audio", "images", "text", "video"]}}
Epoch	Loss	Recall	Precision	NDCG
1	0.6932	0.0093	0.0012	0.0046
2	0.6859	0.0111	0.0015	0.0055
3	0.6790	0.0162	0.0022	0.0086
4	0.6710	0.0276	0.0037	0.0166
5	0.6608	0.0495	0.0068	0.0327
6	0.6477	0.0823	0.0114	0.0530
7	0.6306	0.1135	0.0155	0.0710
8	0.6088	0.1362	0.0188	0.0849
9	0.5818	0.1518	0.0210	0.0941
10	0.5494	0.1621	0.0224	0.0996
11	0.5128	0.1693	0.0234	0.1034
12	0.4728	0.1740	0.0242	0.1062
13	0.4324	0.1765	0.0245	0.1081
14	0.3918	0.1788	0.0249	0.1100
15	0.3530	0.1812	0.0252	0.1115
16	0.3177	0.1831	0.0254	0.1128
17	0.2862	0.1852	0.0258	0.1146
18	0.2574	0.1870	0.0260	0.1158
19	0.2330	0.1874	0.0260	0.1167
20	0.2103	0.1890	0.0262	0.1176
21	0.1908	0.1897	0.0263	0.1184
22	0.1726	0.1909	0.0264	0.1191
23	0.1577	0.1924	0.0265	0.1200
24	0.1436	0.1931	0.0267	0.1208
25	0.1317	0.1939	0.0268	0.1215
26	0.1212	0.1952	0.0269	0.1220
27	0.1110	0.1967	0.0271	0.1228
28	0.1029	0.1973	0.0271	0.1234
29	0.0951	0.1985	0.0273	0.1242
30	0.0887	0.1995	0.0274	0.1248
31	0.0813	0.2000	0.0274	0.1255
32	0.0762	0.2009	0.0275	0.1261
33	0.0712	0.2019	0.0276	0.1266
34	0.0661	0.2021	0.0277	0.1271
35	0.0623	0.2033	0.0278	0.1278
36	0.0577	0.2042	0.0279	0.1284
37	0.0546	0.2042	0.0279	0.1284
38	0.0510	0.2048	0.0280	0.1288
39	0.0482	0.2053	0.0280	0.1292
40	0.0454	0.2058	0.0281	0.1295
41	0.0437	0.2062	0.0281	0.1296
42	0.0415	0.2063	0.0281	0.1300
43	0.0396	0.2065	0.0281	0.1301
44	0.0371	0.2072	0.0282	0.1302
45	0.0353	0.2068	0.0281	0.1302
46	0.0339	0.2073	0.0282	0.1304
47	0.0321	0.2075	0.0282	0.1305
48	0.0303	0.2073	0.0282	0.1307
49	0.0296	0.2075	0.0282	0.1310
50	0.0279	0.2080	0.0283	0.1314
51	0.0267	0.2084	0.0283	0.1316
52	0.0257	0.2087	0.0283	0.1320
53	0.0247	0.2091	0.0283	0.1320
54	0.0239	0.2089	0.0284	0.1323
55	0.0231	0.2095	0.0284	0.1324
56	0.0222	0.2099	0.0284	0.1326
57	0.0215	0.2107	0.0285	0.1329
58	0.0208	0.2108	0.0286	0.1331
59	0.0196	0.2110	0.0286	0.1330
60	0.0189	0.2109	0.0285	0.1329
61	0.0185	0.2111	0.0285	0.1330
62	0.0182	0.2117	0.0286	0.1333
63	0.0178	0.2116	0.0286	0.1335
64	0.0172	0.2118	0.0286	0.1335
65	0.0166	0.2118	0.0286	0.1335
66	0.0161	0.2118	0.0286	0.1336
67	0.0159	0.2127	0.0287	0.1339
68	0.0156	0.2129	0.0287	0.1340
69	0.0149	0.2132	0.0287	0.1342
70	0.0147	0.2129	0.0287	0.1340
71	0.0140	0.2130	0.0287	0.1340
72	0.0134	0.2128	0.0286	0.1341
73	0.0131	0.2130	0.0287	0.1342
74	0.0131	0.2132	0.0287	0.1345
75	0.0125	0.2133	0.0287	0.1347
76	0.0130	0.2139	0.0287	0.1350
77	0.0128	0.2140	0.0287	0.1350
78	0.0126	0.2144	0.0288	0.1350
79	0.0116	0.2142	0.0288	0.1350
80	0.0117	0.2137	0.0287	0.1349
81	0.0113	0.2137	0.0287	0.1350
82	0.0112	0.2140	0.0287	0.1350
83	0.0113	0.2138	0.0287	0.1351
84	0.0102	0.2141	0.0287	0.1353
85	0.0103	0.2142	0.0287	0.1356
86	0.0108	0.2147	0.0288	0.1359
87	0.0103	0.2151	0.0288	0.1361
88	0.0097	0.2155	0.0288	0.1363
89	0.0101	0.2158	0.0289	0.1364
90	0.0100	0.2165	0.0289	0.1365
91	0.0101	0.2163	0.0289	0.1366
92	0.0097	0.2166	0.0289	0.1368
93	0.0091	0.2158	0.0289	0.1366
94	0.0091	0.2159	0.0289	0.1367
95	0.0096	0.2164	0.0290	0.1369
96	0.0092	0.2166	0.0289	0.1369
97	0.0088	0.2172	0.0289	0.1367
98	0.0090	0.2174	0.0289	0.1368
99	0.0087	0.2176	0.0289	0.1369
100	0.0086	0.2171	0.0289	0.1367
101	0.0082	0.2162	0.0288	0.1365
102	0.0080	0.2162	0.0288	0.1366
103	0.0080	0.2159	0.0287	0.1367
104	0.0079	0.2164	0.0287	0.1366
105	0.0078	0.2167	0.0288	0.1368
106	0.0081	0.2168	0.0288	0.1369
107	0.0080	0.2160	0.0287	0.1368
108	0.0075	0.2159	0.0288	0.1367
109	0.0074	0.2161	0.0288	0.1367
110	0.0075	0.2162	0.0288	0.1369
111	0.0074	0.2164	0.0288	0.1372
112	0.0070	0.2161	0.0288	0.1369
113	0.0068	0.2163	0.0288	0.1370
114	0.0075	0.2165	0.0288	0.1369
115	0.0074	0.2163	0.0288	0.1366
116	0.0070	0.2164	0.0288	0.1364
117	0.0069	0.2164	0.0288	0.1364
118	0.0067	0.2162	0.0288	0.1365
119	0.0068	0.2160	0.0288	0.1363
120	0.0065	0.2157	0.0287	0.1361
121	0.0067	0.2158	0.0288	0.1358
122	0.0070	0.2159	0.0288	0.1356
123	0.0068	0.2156	0.0287	0.1354
124	0.0067	0.2158	0.0287	0.1355
125	0.0068	0.2157	0.0287	0.1357
126	0.0067	0.2159	0.0287	0.1358
127	0.0065	0.2157	0.0287	0.1358
128	0.0068	0.2151	0.0287	0.1356
129	0.0064	0.2157	0.0287	0.1356
130	0.0064	0.2159	0.0287	0.1355
131	0.0066	0.2153	0.0287	0.1353
132	0.0066	0.2156	0.0287	0.1352
133	0.0061	0.2154	0.0286	0.1352
134	0.0065	0.2153	0.0287	0.1353
135	0.0059	0.2148	0.0286	0.1351
136	0.0062	0.2149	0.0286	0.1351
137	0.0062	0.2147	0.0286	0.1353
138	0.0064	0.2149	0.0286	0.1353
139	0.0064	0.2148	0.0286	0.1354
140	0.0060	0.2149	0.0286	0.1354
141	0.0064	0.2145	0.0285	0.1352
142	0.0062	0.2144	0.0285	0.1352
143	0.0060	0.2139	0.0284	0.1350
144	0.0057	0.2144	0.0285	0.1354
145	0.0060	0.2142	0.0285	0.1354
146	0.0059	0.2144	0.0285	0.1354
147	0.0058	0.2144	0.0285	0.1355
148	0.0057	0.2152	0.0285	0.1357
149	0.0055	0.2150	0.0285	0.1357
150	0.0058	0.2145	0.0284	0.1358
