{"n_layers": 0, "device": "cuda", "batch_size": 2048, "embedding_dim": 1024, "learning_rate": 0.001, "dataset": "dbbook", "epochs": 150, "top_k": 50, "multimodal": true, "datasets": {"dbbook": ["images", "text"], "ml1m": ["audio", "images", "text", "video"]}}
Epoch	Loss	Recall	Precision	NDCG
1	0.6922	0.0261	0.0032	0.0144
2	0.6721	0.0454	0.0056	0.0290
3	0.6527	0.0644	0.0084	0.0439
4	0.6291	0.0877	0.0115	0.0605
5	0.5999	0.1122	0.0149	0.0759
6	0.5634	0.1324	0.0179	0.0881
7	0.5204	0.1482	0.0202	0.0963
8	0.4717	0.1596	0.0217	0.1022
9	0.4211	0.1666	0.0226	0.1058
10	0.3714	0.1725	0.0234	0.1087
11	0.3261	0.1765	0.0241	0.1112
12	0.2851	0.1795	0.0245	0.1129
13	0.2500	0.1832	0.0250	0.1147
14	0.2192	0.1850	0.0253	0.1164
15	0.1936	0.1872	0.0255	0.1174
16	0.1713	0.1905	0.0260	0.1190
17	0.1534	0.1924	0.0262	0.1197
18	0.1362	0.1937	0.0264	0.1204
19	0.1231	0.1951	0.0265	0.1213
20	0.1120	0.1973	0.0268	0.1225
21	0.1020	0.1988	0.0270	0.1232
22	0.0921	0.2003	0.0272	0.1237
23	0.0836	0.2014	0.0272	0.1243
24	0.0773	0.2022	0.0274	0.1246
25	0.0708	0.2033	0.0274	0.1256
26	0.0662	0.2046	0.0276	0.1265
27	0.0607	0.2058	0.0277	0.1273
28	0.0569	0.2069	0.0279	0.1278
29	0.0526	0.2073	0.0279	0.1282
30	0.0490	0.2082	0.0280	0.1288
31	0.0463	0.2091	0.0281	0.1294
32	0.0431	0.2102	0.0282	0.1300
33	0.0405	0.2097	0.0282	0.1302
34	0.0388	0.2106	0.0283	0.1309
35	0.0357	0.2103	0.0282	0.1312
36	0.0342	0.2106	0.0283	0.1315
37	0.0326	0.2107	0.0283	0.1315
38	0.0314	0.2116	0.0284	0.1319
39	0.0293	0.2120	0.0285	0.1322
40	0.0284	0.2124	0.0285	0.1326
41	0.0271	0.2133	0.0286	0.1331
42	0.0263	0.2139	0.0287	0.1331
43	0.0252	0.2141	0.0287	0.1331
44	0.0239	0.2146	0.0288	0.1336
45	0.0233	0.2150	0.0288	0.1341
46	0.0223	0.2147	0.0288	0.1343
47	0.0212	0.2150	0.0288	0.1344
48	0.0206	0.2151	0.0288	0.1346
49	0.0198	0.2155	0.0289	0.1346
50	0.0199	0.2163	0.0290	0.1348
51	0.0192	0.2160	0.0290	0.1350
52	0.0187	0.2164	0.0290	0.1351
53	0.0171	0.2168	0.0290	0.1354
54	0.0171	0.2169	0.0290	0.1355
55	0.0162	0.2165	0.0289	0.1352
56	0.0167	0.2163	0.0290	0.1354
57	0.0160	0.2172	0.0290	0.1358
58	0.0151	0.2177	0.0291	0.1361
59	0.0148	0.2180	0.0291	0.1362
60	0.0151	0.2180	0.0291	0.1365
61	0.0150	0.2181	0.0291	0.1367
62	0.0142	0.2185	0.0292	0.1370
63	0.0140	0.2184	0.0291	0.1370
64	0.0132	0.2191	0.0292	0.1374
65	0.0135	0.2196	0.0293	0.1378
66	0.0134	0.2203	0.0294	0.1381
67	0.0131	0.2199	0.0293	0.1380
68	0.0128	0.2197	0.0293	0.1378
69	0.0121	0.2201	0.0293	0.1381
70	0.0126	0.2204	0.0294	0.1382
71	0.0121	0.2202	0.0294	0.1382
72	0.0117	0.2208	0.0294	0.1385
73	0.0119	0.2209	0.0294	0.1386
74	0.0111	0.2210	0.0294	0.1387
75	0.0109	0.2207	0.0293	0.1387
76	0.0110	0.2207	0.0293	0.1385
77	0.0110	0.2206	0.0293	0.1385
78	0.0110	0.2203	0.0293	0.1387
79	0.0107	0.2205	0.0293	0.1389
80	0.0108	0.2206	0.0293	0.1388
81	0.0102	0.2215	0.0294	0.1393
82	0.0101	0.2215	0.0294	0.1391
83	0.0098	0.2216	0.0294	0.1391
84	0.0101	0.2221	0.0294	0.1392
85	0.0101	0.2221	0.0294	0.1390
86	0.0104	0.2222	0.0293	0.1391
87	0.0096	0.2222	0.0294	0.1391
88	0.0101	0.2225	0.0294	0.1394
89	0.0095	0.2223	0.0294	0.1393
90	0.0094	0.2218	0.0294	0.1394
91	0.0097	0.2223	0.0294	0.1397
92	0.0088	0.2230	0.0295	0.1397
93	0.0092	0.2228	0.0295	0.1397
94	0.0096	0.2222	0.0294	0.1395
95	0.0087	0.2222	0.0294	0.1396
96	0.0095	0.2225	0.0295	0.1398
97	0.0094	0.2226	0.0295	0.1397
98	0.0086	0.2232	0.0295	0.1398
99	0.0090	0.2233	0.0296	0.1401
100	0.0094	0.2228	0.0295	0.1401
101	0.0086	0.2233	0.0296	0.1404
102	0.0083	0.2231	0.0295	0.1405
103	0.0086	0.2236	0.0295	0.1406
104	0.0090	0.2233	0.0296	0.1406
105	0.0087	0.2234	0.0295	0.1404
106	0.0086	0.2230	0.0295	0.1404
107	0.0085	0.2234	0.0296	0.1406
108	0.0084	0.2239	0.0296	0.1407
109	0.0080	0.2240	0.0296	0.1407
110	0.0083	0.2240	0.0296	0.1411
111	0.0078	0.2238	0.0295	0.1410
112	0.0080	0.2239	0.0295	0.1410
113	0.0079	0.2241	0.0295	0.1408
114	0.0084	0.2232	0.0295	0.1405
115	0.0080	0.2234	0.0294	0.1408
116	0.0082	0.2228	0.0294	0.1407
117	0.0084	0.2221	0.0293	0.1403
118	0.0080	0.2222	0.0294	0.1407
119	0.0079	0.2228	0.0294	0.1407
120	0.0076	0.2226	0.0294	0.1406
121	0.0079	0.2222	0.0293	0.1407
122	0.0077	0.2222	0.0293	0.1407
123	0.0078	0.2221	0.0293	0.1408
124	0.0078	0.2219	0.0293	0.1409
125	0.0077	0.2214	0.0292	0.1409
126	0.0079	0.2216	0.0293	0.1408
127	0.0078	0.2218	0.0293	0.1409
128	0.0079	0.2221	0.0293	0.1411
129	0.0075	0.2221	0.0293	0.1411
130	0.0072	0.2221	0.0292	0.1410
131	0.0076	0.2225	0.0293	0.1415
132	0.0077	0.2232	0.0294	0.1419
133	0.0077	0.2229	0.0293	0.1420
134	0.0077	0.2228	0.0294	0.1418
135	0.0080	0.2232	0.0294	0.1419
136	0.0075	0.2228	0.0294	0.1418
137	0.0071	0.2230	0.0294	0.1420
138	0.0076	0.2228	0.0293	0.1418
139	0.0074	0.2229	0.0293	0.1417
140	0.0073	0.2230	0.0293	0.1417
141	0.0071	0.2232	0.0294	0.1419
142	0.0072	0.2230	0.0294	0.1418
143	0.0072	0.2238	0.0294	0.1423
144	0.0071	0.2242	0.0295	0.1424
145	0.0075	0.2238	0.0294	0.1423
146	0.0080	0.2237	0.0295	0.1423
147	0.0076	0.2236	0.0295	0.1420
148	0.0068	0.2241	0.0295	0.1418
149	0.0071	0.2247	0.0296	0.1421
150	0.0069	0.2247	0.0296	0.1422
