{"n_layers": 0, "device": "cuda", "batch_size": 2048, "embedding_dim": 128, "learning_rate": 0.001, "dataset": "dbbook", "epochs": 150, "top_k": 5, "multimodal": true, "datasets": {"dbbook": ["images", "text"], "ml1m": ["audio", "images", "text", "video"]}}
Epoch	Loss	Recall	Precision	NDCG
1	0.6930	0.0012	0.0016	0.0019
2	0.6905	0.0033	0.0037	0.0045
3	0.6880	0.0079	0.0092	0.0112
4	0.6848	0.0148	0.0184	0.0225
5	0.6806	0.0232	0.0305	0.0358
6	0.6750	0.0287	0.0383	0.0441
7	0.6675	0.0329	0.0435	0.0508
8	0.6576	0.0355	0.0469	0.0546
9	0.6451	0.0367	0.0486	0.0562
10	0.6295	0.0379	0.0505	0.0582
11	0.6107	0.0393	0.0518	0.0597
12	0.5890	0.0398	0.0526	0.0606
13	0.5651	0.0401	0.0529	0.0607
14	0.5391	0.0400	0.0533	0.0613
15	0.5118	0.0398	0.0531	0.0612
16	0.4847	0.0405	0.0534	0.0614
17	0.4586	0.0410	0.0540	0.0622
18	0.4329	0.0412	0.0544	0.0623
19	0.4083	0.0411	0.0543	0.0624
20	0.3854	0.0409	0.0538	0.0620
21	0.3641	0.0411	0.0541	0.0622
22	0.3454	0.0414	0.0544	0.0626
23	0.3276	0.0414	0.0545	0.0626
24	0.3111	0.0415	0.0545	0.0627
25	0.2955	0.0411	0.0540	0.0625
26	0.2827	0.0416	0.0545	0.0628
27	0.2701	0.0420	0.0549	0.0634
28	0.2574	0.0420	0.0549	0.0637
29	0.2462	0.0427	0.0555	0.0643
30	0.2361	0.0429	0.0559	0.0647
31	0.2251	0.0429	0.0560	0.0649
32	0.2174	0.0429	0.0559	0.0646
33	0.2091	0.0431	0.0564	0.0650
34	0.2014	0.0430	0.0561	0.0651
35	0.1935	0.0429	0.0559	0.0650
36	0.1854	0.0434	0.0564	0.0655
37	0.1788	0.0433	0.0561	0.0652
38	0.1724	0.0438	0.0566	0.0659
39	0.1646	0.0439	0.0569	0.0659
40	0.1595	0.0438	0.0568	0.0658
41	0.1547	0.0441	0.0569	0.0657
42	0.1512	0.0441	0.0570	0.0659
43	0.1435	0.0439	0.0566	0.0657
44	0.1404	0.0443	0.0571	0.0662
45	0.1351	0.0445	0.0575	0.0663
46	0.1298	0.0440	0.0567	0.0657
47	0.1269	0.0438	0.0565	0.0654
48	0.1212	0.0441	0.0567	0.0653
49	0.1171	0.0442	0.0570	0.0656
50	0.1142	0.0446	0.0575	0.0662
51	0.1103	0.0450	0.0577	0.0664
52	0.1078	0.0449	0.0578	0.0662
53	0.1051	0.0449	0.0580	0.0663
54	0.1003	0.0449	0.0576	0.0663
55	0.0989	0.0450	0.0577	0.0663
56	0.0943	0.0452	0.0579	0.0664
57	0.0904	0.0455	0.0583	0.0669
58	0.0897	0.0456	0.0587	0.0674
59	0.0879	0.0458	0.0590	0.0677
60	0.0841	0.0457	0.0590	0.0678
61	0.0831	0.0461	0.0593	0.0682
62	0.0793	0.0463	0.0593	0.0683
63	0.0783	0.0462	0.0594	0.0685
64	0.0767	0.0464	0.0597	0.0687
65	0.0729	0.0463	0.0595	0.0684
66	0.0735	0.0469	0.0600	0.0690
67	0.0694	0.0469	0.0601	0.0693
68	0.0688	0.0472	0.0605	0.0696
69	0.0677	0.0475	0.0609	0.0700
70	0.0664	0.0475	0.0612	0.0703
71	0.0633	0.0472	0.0608	0.0700
72	0.0621	0.0472	0.0608	0.0701
73	0.0605	0.0473	0.0610	0.0704
74	0.0590	0.0473	0.0611	0.0705
75	0.0588	0.0477	0.0616	0.0707
76	0.0563	0.0476	0.0616	0.0705
77	0.0549	0.0478	0.0615	0.0707
78	0.0547	0.0478	0.0615	0.0705
79	0.0526	0.0483	0.0622	0.0712
80	0.0512	0.0488	0.0625	0.0716
81	0.0503	0.0490	0.0630	0.0721
82	0.0489	0.0492	0.0632	0.0724
83	0.0480	0.0492	0.0630	0.0724
84	0.0468	0.0491	0.0628	0.0723
85	0.0476	0.0491	0.0628	0.0724
86	0.0449	0.0492	0.0630	0.0724
87	0.0439	0.0492	0.0628	0.0723
88	0.0430	0.0492	0.0627	0.0722
89	0.0418	0.0494	0.0630	0.0724
90	0.0425	0.0497	0.0635	0.0728
91	0.0411	0.0497	0.0634	0.0728
92	0.0407	0.0501	0.0637	0.0729
93	0.0396	0.0501	0.0637	0.0729
94	0.0389	0.0501	0.0637	0.0729
95	0.0388	0.0502	0.0637	0.0732
96	0.0375	0.0503	0.0638	0.0734
97	0.0374	0.0498	0.0634	0.0728
98	0.0361	0.0498	0.0636	0.0728
99	0.0351	0.0501	0.0638	0.0732
100	0.0343	0.0500	0.0638	0.0733
101	0.0346	0.0500	0.0639	0.0734
102	0.0332	0.0499	0.0639	0.0734
103	0.0338	0.0501	0.0643	0.0739
104	0.0327	0.0502	0.0644	0.0739
105	0.0329	0.0509	0.0650	0.0745
106	0.0310	0.0513	0.0653	0.0749
107	0.0319	0.0513	0.0653	0.0750
108	0.0306	0.0511	0.0650	0.0749
109	0.0293	0.0508	0.0647	0.0747
110	0.0300	0.0512	0.0650	0.0749
111	0.0297	0.0514	0.0653	0.0751
112	0.0292	0.0516	0.0653	0.0751
113	0.0289	0.0516	0.0655	0.0752
114	0.0283	0.0516	0.0654	0.0753
115	0.0277	0.0515	0.0654	0.0751
116	0.0269	0.0510	0.0646	0.0746
117	0.0263	0.0512	0.0648	0.0748
118	0.0270	0.0512	0.0649	0.0749
119	0.0253	0.0509	0.0648	0.0747
120	0.0255	0.0507	0.0650	0.0749
121	0.0247	0.0507	0.0650	0.0748
122	0.0254	0.0512	0.0655	0.0753
123	0.0247	0.0513	0.0655	0.0756
124	0.0245	0.0512	0.0656	0.0755
125	0.0240	0.0511	0.0654	0.0755
126	0.0238	0.0509	0.0657	0.0757
127	0.0240	0.0508	0.0653	0.0753
128	0.0225	0.0509	0.0653	0.0750
129	0.0234	0.0508	0.0654	0.0752
130	0.0237	0.0508	0.0655	0.0753
131	0.0221	0.0508	0.0655	0.0753
132	0.0230	0.0511	0.0654	0.0754
133	0.0218	0.0514	0.0659	0.0760
134	0.0215	0.0516	0.0661	0.0762
135	0.0214	0.0518	0.0664	0.0764
136	0.0216	0.0521	0.0666	0.0766
137	0.0204	0.0519	0.0664	0.0764
138	0.0204	0.0517	0.0660	0.0761
139	0.0195	0.0520	0.0664	0.0765
140	0.0195	0.0521	0.0663	0.0766
141	0.0198	0.0522	0.0664	0.0767
142	0.0201	0.0517	0.0658	0.0760
143	0.0198	0.0518	0.0660	0.0760
144	0.0195	0.0517	0.0657	0.0758
145	0.0189	0.0522	0.0660	0.0761
146	0.0192	0.0522	0.0661	0.0761
147	0.0184	0.0523	0.0665	0.0763
148	0.0174	0.0522	0.0664	0.0766
149	0.0188	0.0525	0.0665	0.0770
150	0.0185	0.0524	0.0666	0.0770
