{"device": "cuda:2", "multimodal": true, "embedding_dim": 512, "n_layers": 3, "epochs": 500, "learning_rate": 0.001, "log": true, "seed": 19, "top_k": [5, 10, 20, 50], "dataset": "dbbook", "batch_size": 2048, "single_branch": false, "autoencoder": false, "ensemble_fusion": false, "freeze": true, "fusion_modalities": "mean", "fusion_type": "late", "info_nce": false, "weighting": "alpha", "datasets": {"dbbook": ["images", "text"], "ml1m": ["audio", "images", "text", "video"]}}alpha: 0.9738394021987915
Epoch	T-Loss	V-Loss	Precision@5	Recall@5	NDCG@5	Precision@10	Recall@10	NDCG@10	Precision@20	Recall@20	NDCG@20	Precision@50	Recall@50	NDCG@50
1	0.6931	0.6931	0.0051	0.0041	0.0058	0.0042	0.0066	0.0062	0.0037	0.0123	0.0085	0.0031	0.0268	0.0132
2	0.6927	0.693	0.0141	0.0131	0.017	0.0108	0.0194	0.0178	0.0085	0.0303	0.0221	0.006	0.0511	0.0293
3	0.6922	0.6929	0.0257	0.0228	0.0315	0.0184	0.0323	0.0315	0.0134	0.0463	0.037	0.0084	0.0705	0.0455
4	0.6918	0.6928	0.0346	0.0302	0.0427	0.0248	0.0427	0.0427	0.0172	0.0591	0.0488	0.01	0.0845	0.0577
5	0.6913	0.6927	0.042	0.0367	0.0519	0.0294	0.0505	0.0509	0.0199	0.068	0.0573	0.0115	0.096	0.0672
6	0.6907	0.6926	0.0483	0.0417	0.0596	0.0334	0.057	0.0579	0.0225	0.0757	0.0648	0.0129	0.1075	0.0759
7	0.6901	0.6925	0.0532	0.0457	0.0654	0.0372	0.0631	0.0638	0.0245	0.0818	0.0706	0.0141	0.1171	0.0828
8	0.6894	0.6923	0.057	0.0483	0.0701	0.0405	0.0677	0.0687	0.0267	0.0882	0.0761	0.0153	0.126	0.0892
9	0.6886	0.6921	0.0602	0.0508	0.0737	0.0425	0.0708	0.0719	0.0286	0.0935	0.0803	0.0165	0.1346	0.0946
10	0.6877	0.6919	0.0633	0.0528	0.0767	0.0452	0.0747	0.0753	0.0303	0.0986	0.0841	0.0175	0.1418	0.0992
11	0.6868	0.6916	0.0657	0.0543	0.0798	0.0475	0.0777	0.0786	0.0319	0.1036	0.0881	0.0185	0.1493	0.104
12	0.6858	0.6913	0.0676	0.0557	0.0819	0.0486	0.079	0.0803	0.0332	0.1078	0.0909	0.0194	0.156	0.1079
13	0.6846	0.691	0.069	0.057	0.0832	0.0497	0.0812	0.0818	0.0343	0.1106	0.0928	0.0203	0.1622	0.1111
14	0.6834	0.6906	0.0695	0.0573	0.0839	0.0513	0.0832	0.0834	0.0356	0.1139	0.0949	0.021	0.1666	0.1137
15	0.682	0.6902	0.0702	0.0577	0.0852	0.0524	0.0848	0.0849	0.0366	0.1168	0.097	0.0219	0.1731	0.1169
16	0.6806	0.6897	0.0702	0.0573	0.0855	0.0531	0.0853	0.0857	0.0373	0.1186	0.0983	0.0226	0.1783	0.1194
17	0.679	0.6892	0.0699	0.057	0.0852	0.0537	0.0858	0.0859	0.0379	0.121	0.0992	0.0233	0.1834	0.1214
18	0.6773	0.6886	0.0701	0.0568	0.0849	0.0541	0.0858	0.0859	0.0386	0.1226	0.0998	0.0238	0.1863	0.1225
19	0.6755	0.688	0.07	0.0566	0.0847	0.0546	0.0861	0.0861	0.0391	0.1235	0.1002	0.0244	0.1904	0.124
20	0.6735	0.6873	0.0701	0.0563	0.0845	0.0548	0.0863	0.086	0.0395	0.1242	0.1004	0.0249	0.194	0.1253
21	0.6713	0.6864	0.0699	0.0558	0.0844	0.0549	0.0869	0.0862	0.0402	0.1257	0.1011	0.0254	0.197	0.1265
22	0.6689	0.6854	0.0704	0.0561	0.0846	0.0553	0.0873	0.0863	0.0402	0.1249	0.1009	0.0258	0.1992	0.1274
23	0.6663	0.6843	0.0703	0.0558	0.0843	0.0547	0.0859	0.0855	0.0405	0.1254	0.101	0.0262	0.2017	0.1281
24	0.6634	0.6832	0.0702	0.0556	0.0841	0.055	0.086	0.0855	0.0409	0.1261	0.1011	0.0264	0.2025	0.1284
25	0.6602	0.6817	0.0703	0.0557	0.0839	0.0552	0.0856	0.0852	0.0411	0.1265	0.1011	0.0267	0.2032	0.1287
26	0.6567	0.6802	0.0702	0.0552	0.0836	0.0551	0.0857	0.085	0.0412	0.1259	0.1008	0.0269	0.2049	0.1291
27	0.653	0.6787	0.0698	0.0544	0.0829	0.0548	0.0851	0.0843	0.0411	0.1253	0.1002	0.0271	0.2053	0.1289
28	0.6489	0.6765	0.0691	0.0537	0.0822	0.0544	0.084	0.0837	0.0411	0.1248	0.0999	0.0272	0.2061	0.129
29	0.6444	0.6744	0.0689	0.0534	0.0819	0.0544	0.0835	0.0834	0.0412	0.1245	0.0997	0.0273	0.2059	0.1288
30	0.6396	0.6722	0.0688	0.0532	0.0818	0.0541	0.0829	0.083	0.0409	0.1232	0.0991	0.0274	0.2067	0.1289
31	0.6346	0.6694	0.0687	0.0531	0.0815	0.0543	0.0835	0.083	0.0409	0.1231	0.0988	0.0275	0.2067	0.1286
32	0.6288	0.6669	0.0685	0.0526	0.0811	0.0544	0.0834	0.0828	0.0408	0.1223	0.0983	0.0275	0.2065	0.1284
33	0.6229	0.6641	0.0687	0.0525	0.0813	0.0543	0.0829	0.0828	0.0408	0.1219	0.0982	0.0274	0.2056	0.1282
34	0.6167	0.6609	0.0686	0.0524	0.0813	0.0542	0.0825	0.0826	0.0407	0.121	0.098	0.0274	0.2054	0.1281
35	0.61	0.6571	0.0682	0.0519	0.0809	0.0538	0.0817	0.0821	0.0407	0.1209	0.0978	0.0273	0.2044	0.1276
36	0.6029	0.6539	0.0683	0.0517	0.0808	0.0535	0.0807	0.0815	0.0406	0.1207	0.0974	0.0273	0.2038	0.1271
37	0.5956	0.6497	0.0685	0.052	0.0809	0.0532	0.08	0.0811	0.0404	0.1202	0.0971	0.0273	0.2036	0.1269
38	0.5879	0.6455	0.0685	0.0519	0.0808	0.0531	0.0796	0.0809	0.0404	0.1195	0.0968	0.0272	0.2029	0.1266
39	0.5801	0.6411	0.0685	0.0518	0.0807	0.0531	0.0795	0.0808	0.0404	0.1193	0.0966	0.0272	0.2024	0.1263
40	0.5716	0.6368	0.0683	0.0516	0.0805	0.053	0.0792	0.0806	0.0403	0.1193	0.0964	0.0272	0.2017	0.126
41	0.5633	0.6316	0.0685	0.0517	0.0803	0.0527	0.0785	0.08	0.0403	0.1195	0.0962	0.0272	0.2012	0.1256
42	0.5543	0.6268	0.0688	0.0523	0.0808	0.0526	0.0784	0.0802	0.0403	0.1192	0.0963	0.0272	0.2007	0.1256
43	0.5456	0.6219	0.068	0.0516	0.0803	0.0525	0.0782	0.0801	0.0403	0.1196	0.0964	0.0271	0.2006	0.1256
44	0.5367	0.6165	0.068	0.0517	0.0805	0.0525	0.0785	0.0802	0.0402	0.1192	0.0963	0.0271	0.2	0.1254
45	0.5273	0.6116	0.0685	0.0518	0.0807	0.0526	0.0785	0.0802	0.0401	0.119	0.0961	0.027	0.1997	0.1252
46	0.5176	0.6054	0.0687	0.0519	0.0809	0.0527	0.0782	0.0802	0.04	0.1183	0.0959	0.027	0.2	0.1252
47	0.5082	0.6007	0.0687	0.0517	0.0807	0.0525	0.0779	0.0799	0.04	0.118	0.0957	0.027	0.1997	0.1251
48	0.4992	0.5957	0.0688	0.0519	0.0806	0.0525	0.078	0.0799	0.0399	0.1179	0.0955	0.0271	0.1996	0.125
49	0.4896	0.5881	0.0682	0.0511	0.0801	0.0523	0.0777	0.0796	0.0397	0.1173	0.0952	0.027	0.1991	0.1248
50	0.48	0.583	0.0679	0.051	0.0798	0.0522	0.0777	0.0795	0.0397	0.1168	0.0949	0.027	0.1984	0.1244
51	0.4705	0.5791	0.0681	0.0512	0.0801	0.0524	0.078	0.0796	0.0396	0.1163	0.0948	0.027	0.1991	0.1246
52	0.4612	0.5732	0.0681	0.0513	0.08	0.0523	0.078	0.0795	0.0397	0.1163	0.0948	0.0271	0.1994	0.1246
53	0.4521	0.5669	0.0681	0.0514	0.0799	0.0522	0.0779	0.0794	0.0397	0.1167	0.0947	0.027	0.198	0.1242
54	0.4431	0.5623	0.0678	0.0512	0.0797	0.0523	0.078	0.0794	0.0398	0.1169	0.0949	0.027	0.1983	0.1242
55	0.4347	0.5561	0.0674	0.051	0.0794	0.0523	0.0779	0.0794	0.0398	0.1168	0.0948	0.027	0.1982	0.1241
56	0.4263	0.5528	0.0669	0.0507	0.0792	0.0523	0.0778	0.0793	0.0397	0.1163	0.0946	0.027	0.198	0.1241
57	0.4177	0.547	0.0669	0.0508	0.0791	0.0523	0.0778	0.0793	0.0397	0.1161	0.0945	0.027	0.1984	0.1241
58	0.4091	0.5412	0.0671	0.0507	0.0792	0.0523	0.0778	0.0793	0.0397	0.1163	0.0946	0.027	0.198	0.124
59	0.4007	0.5354	0.0677	0.0511	0.0795	0.0522	0.0775	0.0791	0.0397	0.1161	0.0945	0.027	0.1979	0.124
60	0.3924	0.5314	0.0677	0.0511	0.0795	0.0519	0.0773	0.079	0.0398	0.1164	0.0946	0.027	0.1976	0.1239
61	0.3861	0.5251	0.0677	0.0512	0.0796	0.0518	0.0771	0.0788	0.0398	0.1164	0.0945	0.027	0.1972	0.1238
62	0.3778	0.524	0.0679	0.0512	0.0796	0.052	0.0775	0.079	0.0397	0.1163	0.0945	0.027	0.1975	0.1238
63	0.3703	0.5182	0.0678	0.0512	0.0796	0.052	0.0774	0.079	0.0398	0.1162	0.0946	0.027	0.1972	0.1238
64	0.3626	0.5136	0.0678	0.0512	0.0798	0.0521	0.0775	0.0792	0.0397	0.116	0.0946	0.027	0.1973	0.124
65	0.3571	0.5095	0.068	0.0513	0.0799	0.0521	0.0776	0.0793	0.0398	0.1163	0.0947	0.027	0.1977	0.1241
66	0.3496	0.5043	0.0683	0.0515	0.0801	0.0522	0.0778	0.0794	0.0397	0.1162	0.0947	0.0271	0.1982	0.1242
67	0.3437	0.5031	0.0681	0.0513	0.0799	0.0522	0.0778	0.0793	0.0397	0.1158	0.0945	0.0271	0.1982	0.1243
68	0.3375	0.4982	0.068	0.0512	0.0797	0.052	0.0773	0.079	0.0396	0.1159	0.0944	0.0271	0.1983	0.1242
69	0.3313	0.4934	0.0678	0.0512	0.0797	0.0519	0.0772	0.079	0.0395	0.1156	0.0943	0.0271	0.1984	0.1242
70	0.3241	0.4892	0.0679	0.0514	0.0797	0.0519	0.0772	0.079	0.0395	0.1156	0.0943	0.027	0.198	0.1241
71	0.3201	0.4859	0.0677	0.0514	0.0797	0.0521	0.0774	0.0792	0.0395	0.1157	0.0944	0.0271	0.1985	0.1242
72	0.3149	0.4855	0.0676	0.0513	0.0795	0.0521	0.0774	0.0791	0.0395	0.1157	0.0943	0.0271	0.1983	0.1242
73	0.3079	0.4818	0.0681	0.0516	0.0798	0.052	0.0773	0.079	0.0396	0.1159	0.0944	0.027	0.198	0.1241
74	0.3019	0.477	0.0682	0.0516	0.0798	0.052	0.0772	0.0789	0.0396	0.116	0.0944	0.0271	0.1983	0.1241
75	0.2997	0.4747	0.0681	0.0515	0.0797	0.052	0.0774	0.079	0.0395	0.116	0.0944	0.0271	0.1983	0.1242
76	0.2928	0.4738	0.068	0.0514	0.0796	0.0522	0.0775	0.0791	0.0396	0.1163	0.0945	0.0271	0.1985	0.1242
77	0.2884	0.469	0.0678	0.0514	0.0795	0.0519	0.0771	0.0789	0.0396	0.1164	0.0945	0.0272	0.1991	0.1245
78	0.284	0.4646	0.0681	0.0517	0.0798	0.052	0.0772	0.079	0.0397	0.1165	0.0946	0.0272	0.1992	0.1245
79	0.2806	0.4658	0.0679	0.0515	0.0798	0.0521	0.0774	0.0792	0.0397	0.1168	0.0948	0.0271	0.1989	0.1246
80	0.2745	0.46	0.0677	0.0514	0.0796	0.0521	0.0773	0.0791	0.04	0.1173	0.095	0.0272	0.1992	0.1246
81	0.2706	0.4617	0.0678	0.0515	0.0798	0.0521	0.0773	0.0792	0.0399	0.1172	0.095	0.0272	0.1992	0.1247
82	0.2648	0.4573	0.0679	0.0515	0.0799	0.0522	0.0773	0.0793	0.0398	0.1168	0.0949	0.0272	0.2	0.125
83	0.2637	0.4548	0.0678	0.0515	0.0798	0.0524	0.0777	0.0794	0.0399	0.1175	0.0951	0.0272	0.1998	0.1249
84	0.2571	0.4493	0.0677	0.0515	0.0797	0.0524	0.0778	0.0794	0.04	0.1179	0.0953	0.0273	0.2003	0.125
85	0.2556	0.4534	0.0676	0.0514	0.0796	0.0525	0.078	0.0795	0.0399	0.1176	0.0951	0.0273	0.2003	0.125
86	0.2498	0.4495	0.0676	0.0513	0.0796	0.0524	0.0782	0.0795	0.0399	0.1176	0.0951	0.0273	0.2004	0.1251
87	0.2474	0.449	0.0678	0.0514	0.0798	0.0523	0.0781	0.0795	0.04	0.1176	0.0952	0.0272	0.2	0.1251
88	0.2443	0.4506	0.0676	0.0513	0.0795	0.0524	0.0782	0.0795	0.0399	0.1174	0.0951	0.0273	0.2004	0.1251
89	0.2411	0.4472	0.0678	0.0514	0.0797	0.0524	0.0784	0.0796	0.0399	0.1177	0.0952	0.0273	0.2006	0.1252
90	0.2375	0.4439	0.0678	0.0513	0.0796	0.0526	0.0786	0.0796	0.0399	0.1177	0.0951	0.0273	0.2008	0.1252
91	0.2334	0.4443	0.0678	0.0513	0.0797	0.0526	0.079	0.0799	0.0399	0.1176	0.0952	0.0273	0.2009	0.1254
92	0.2301	0.4369	0.0677	0.0513	0.0799	0.0527	0.079	0.0801	0.0399	0.1177	0.0954	0.0274	0.2014	0.1257
93	0.2283	0.4389	0.068	0.0514	0.0801	0.0528	0.0792	0.0802	0.04	0.1182	0.0956	0.0274	0.2018	0.1259
94	0.2241	0.4386	0.0682	0.0515	0.0801	0.0526	0.0788	0.08	0.0401	0.1184	0.0957	0.0275	0.2022	0.126
95	0.2234	0.4358	0.0682	0.0514	0.0802	0.0527	0.079	0.0801	0.04	0.1182	0.0957	0.0275	0.2023	0.1261
96	0.2183	0.4356	0.0682	0.0514	0.0801	0.0527	0.0789	0.0801	0.04	0.1182	0.0956	0.0275	0.2022	0.126
97	0.2155	0.4319	0.0684	0.0517	0.0803	0.0529	0.0793	0.0803	0.0401	0.1182	0.0957	0.0275	0.2022	0.126
98	0.213	0.4326	0.0683	0.0518	0.0803	0.053	0.0796	0.0805	0.0401	0.1183	0.0958	0.0275	0.2023	0.1261
99	0.2093	0.4335	0.0684	0.0515	0.0804	0.0532	0.0798	0.0806	0.0401	0.1184	0.0959	0.0275	0.2023	0.1263
100	0.2078	0.4318	0.0685	0.0518	0.0805	0.053	0.0797	0.0806	0.0402	0.1186	0.096	0.0276	0.2029	0.1265
101	0.2048	0.4314	0.0685	0.0518	0.0805	0.0529	0.0796	0.0805	0.0401	0.1184	0.0959	0.0276	0.2032	0.1266
102	0.2031	0.4327	0.0687	0.052	0.0807	0.0528	0.0795	0.0805	0.0401	0.1185	0.096	0.0276	0.203	0.1266
103	0.2001	0.4258	0.0688	0.0523	0.0808	0.0531	0.0799	0.0807	0.0402	0.1186	0.0961	0.0275	0.203	0.1266
104	0.1976	0.4264	0.0687	0.052	0.0806	0.0531	0.0799	0.0807	0.0402	0.1186	0.096	0.0275	0.203	0.1266
105	0.195	0.4288	0.0687	0.0522	0.0806	0.0531	0.0799	0.0807	0.0401	0.1186	0.096	0.0276	0.2032	0.1267
106	0.1927	0.4303	0.0689	0.0525	0.0808	0.0531	0.0801	0.0808	0.0402	0.119	0.0962	0.0276	0.2034	0.1268
107	0.1917	0.4257	0.0692	0.0524	0.0809	0.0532	0.0802	0.0809	0.0403	0.1192	0.0963	0.0276	0.2039	0.1269
108	0.1885	0.4266	0.0694	0.0526	0.0811	0.0533	0.0802	0.081	0.0403	0.1195	0.0965	0.0276	0.2042	0.1271
109	0.1861	0.4261	0.0692	0.0526	0.081	0.0532	0.0803	0.081	0.0403	0.1195	0.0965	0.0276	0.2042	0.1271
110	0.1838	0.4193	0.0694	0.0526	0.0811	0.0531	0.0803	0.0809	0.0404	0.1196	0.0966	0.0277	0.2046	0.1272
111	0.1818	0.4176	0.0694	0.0527	0.0811	0.0532	0.0804	0.0809	0.0403	0.1195	0.0965	0.0277	0.2049	0.1273
112	0.1813	0.4175	0.0694	0.0525	0.081	0.0533	0.0806	0.081	0.0404	0.1198	0.0966	0.0278	0.2051	0.1274
113	0.1785	0.4188	0.0694	0.0526	0.0811	0.0535	0.0809	0.0812	0.0404	0.12	0.0967	0.0278	0.2054	0.1276
114	0.1758	0.4213	0.0695	0.0527	0.0811	0.0536	0.081	0.0813	0.0405	0.1201	0.0967	0.0278	0.2057	0.1277
115	0.1741	0.4199	0.0695	0.053	0.0813	0.0535	0.0808	0.0813	0.0405	0.1204	0.097	0.0279	0.2061	0.1279
116	0.1726	0.4222	0.0694	0.0528	0.0813	0.0537	0.081	0.0815	0.0405	0.1205	0.0971	0.0279	0.2065	0.1281
117	0.1721	0.4174	0.0691	0.0527	0.0811	0.0539	0.0812	0.0816	0.0406	0.1206	0.0971	0.0279	0.2068	0.1282
118	0.1675	0.4166	0.0691	0.0528	0.0812	0.0539	0.0813	0.0817	0.0406	0.1209	0.0973	0.0279	0.2067	0.1283
119	0.1673	0.4189	0.0694	0.053	0.0815	0.054	0.0815	0.0819	0.0407	0.1209	0.0974	0.0279	0.2068	0.1283
120	0.1654	0.415	0.0694	0.053	0.0814	0.0542	0.0817	0.082	0.0406	0.1207	0.0973	0.0279	0.2071	0.1284
121	0.1635	0.4157	0.0694	0.0531	0.0814	0.0542	0.0817	0.082	0.0407	0.1213	0.0975	0.0279	0.2068	0.1283
122	0.1617	0.4115	0.0692	0.0529	0.0812	0.0541	0.0817	0.0819	0.0407	0.1212	0.0975	0.0279	0.2071	0.1284
123	0.1613	0.4155	0.0692	0.0531	0.0813	0.0542	0.0818	0.082	0.0407	0.1212	0.0975	0.0279	0.2069	0.1284
124	0.1584	0.4119	0.0694	0.0534	0.0815	0.0541	0.0817	0.082	0.0407	0.1211	0.0975	0.0279	0.2071	0.1285
125	0.1588	0.4109	0.0698	0.0537	0.0817	0.0542	0.082	0.0821	0.0407	0.1212	0.0975	0.0279	0.2072	0.1286
126	0.1561	0.4112	0.0698	0.0537	0.0817	0.0542	0.082	0.0821	0.0407	0.1214	0.0976	0.028	0.2075	0.1287
127	0.1561	0.4076	0.0698	0.0535	0.0819	0.0542	0.082	0.0823	0.0407	0.1213	0.0977	0.028	0.2078	0.129
128	0.1538	0.4127	0.0699	0.0535	0.0818	0.0543	0.0822	0.0823	0.0407	0.1218	0.0978	0.028	0.2079	0.1289
129	0.1515	0.4162	0.0698	0.0536	0.0818	0.0542	0.0822	0.0823	0.0407	0.1215	0.0977	0.028	0.2078	0.1289
130	0.1486	0.4096	0.07	0.0537	0.0821	0.0543	0.0822	0.0825	0.0408	0.1214	0.0979	0.0281	0.2083	0.1293
131	0.1495	0.4115	0.07	0.0537	0.082	0.0542	0.0821	0.0823	0.0408	0.1214	0.0979	0.0281	0.2085	0.1293
132	0.1491	0.4087	0.0698	0.0536	0.0817	0.0542	0.0822	0.0822	0.0407	0.1214	0.0977	0.0281	0.2079	0.129
133	0.1482	0.4059	0.0701	0.0539	0.082	0.0542	0.0821	0.0823	0.0408	0.1214	0.0978	0.0281	0.2078	0.129
134	0.1453	0.4125	0.0702	0.0539	0.082	0.0544	0.0824	0.0824	0.0407	0.1214	0.0978	0.0281	0.2079	0.1291
135	0.1449	0.403	0.0699	0.0539	0.0818	0.0544	0.0824	0.0823	0.0408	0.1215	0.0978	0.0281	0.2079	0.129
136	0.1426	0.4083	0.0698	0.0538	0.0818	0.0543	0.0824	0.0824	0.0409	0.1221	0.098	0.0281	0.2085	0.1293
137	0.1401	0.4134	0.0699	0.0538	0.0819	0.0544	0.0825	0.0825	0.0409	0.1219	0.098	0.0282	0.209	0.1295
138	0.1404	0.409	0.0701	0.0539	0.0819	0.0542	0.0824	0.0823	0.0409	0.1222	0.098	0.0282	0.209	0.1294
139	0.1386	0.4068	0.0703	0.0542	0.0821	0.0543	0.0825	0.0824	0.041	0.1225	0.0982	0.0282	0.209	0.1294
140	0.1384	0.4042	0.0703	0.0543	0.0821	0.0543	0.0825	0.0824	0.041	0.1226	0.0982	0.0282	0.2096	0.1297
141	0.1373	0.4097	0.0704	0.0544	0.0822	0.0544	0.0825	0.0825	0.0411	0.1229	0.0984	0.0282	0.2096	0.1297
142	0.1347	0.4052	0.0703	0.0544	0.0822	0.0544	0.0825	0.0825	0.0411	0.1227	0.0984	0.0282	0.2096	0.1298
143	0.1351	0.4109	0.0703	0.0544	0.0821	0.0546	0.0829	0.0826	0.0411	0.123	0.0984	0.0283	0.2099	0.1298
144	0.1325	0.4176	0.0706	0.0547	0.0823	0.0545	0.0826	0.0825	0.0411	0.1232	0.0984	0.0282	0.2097	0.1297
145	0.1318	0.4037	0.0705	0.0546	0.0822	0.0545	0.0826	0.0825	0.0411	0.1232	0.0985	0.0283	0.21	0.1299
146	0.1312	0.4078	0.0703	0.0544	0.0821	0.0544	0.0823	0.0824	0.0412	0.1231	0.0985	0.0283	0.2102	0.1299
147	0.1305	0.4043	0.0704	0.0544	0.0821	0.0545	0.0824	0.0825	0.0412	0.1234	0.0986	0.0282	0.21	0.1299
148	0.1275	0.3995	0.0703	0.0544	0.082	0.0545	0.0824	0.0825	0.0413	0.1235	0.0987	0.0282	0.21	0.1299
149	0.1281	0.408	0.0699	0.054	0.0816	0.0545	0.0825	0.0824	0.0413	0.1236	0.0986	0.0283	0.2102	0.1299
150	0.1263	0.4018	0.07	0.0542	0.0817	0.0545	0.0824	0.0823	0.0413	0.1237	0.0986	0.0282	0.2101	0.1298
151	0.1264	0.4073	0.0701	0.0542	0.0818	0.0546	0.0825	0.0825	0.0413	0.124	0.0988	0.0283	0.2103	0.13
152	0.1257	0.4043	0.0699	0.0541	0.0817	0.0546	0.0825	0.0826	0.0414	0.1243	0.099	0.0283	0.2104	0.1301
153	0.1241	0.4088	0.07	0.0542	0.0819	0.0546	0.0823	0.0826	0.0414	0.1244	0.0991	0.0283	0.2105	0.1302
154	0.1227	0.4044	0.07	0.0543	0.0819	0.0546	0.0824	0.0826	0.0415	0.1246	0.0992	0.0284	0.2112	0.1305
155	0.1232	0.3963	0.0701	0.0543	0.0819	0.0547	0.0824	0.0826	0.0416	0.1248	0.0992	0.0284	0.2111	0.1304
156	0.1219	0.4023	0.0699	0.0542	0.0819	0.0548	0.0828	0.0829	0.0416	0.125	0.0994	0.0284	0.2112	0.1306
157	0.1196	0.402	0.0699	0.0542	0.0818	0.0548	0.0831	0.0829	0.0416	0.125	0.0994	0.0284	0.2114	0.1306
158	0.1194	0.4059	0.0701	0.0544	0.0819	0.0548	0.0831	0.0829	0.0416	0.1252	0.0994	0.0284	0.2116	0.1307
159	0.1192	0.404	0.07	0.0543	0.0819	0.0548	0.083	0.0828	0.0416	0.1253	0.0995	0.0284	0.2114	0.1307
160	0.1184	0.4032	0.07	0.0542	0.0821	0.0548	0.0828	0.083	0.0416	0.1253	0.0996	0.0284	0.2116	0.1309
161	0.1173	0.4048	0.07	0.0543	0.0821	0.0548	0.0831	0.083	0.0416	0.1252	0.0996	0.0284	0.2118	0.1309
162	0.1165	0.4012	0.07	0.0543	0.0821	0.0549	0.0832	0.0831	0.0417	0.1252	0.0997	0.0285	0.2125	0.1312
163	0.1158	0.4068	0.0701	0.0543	0.0822	0.055	0.0833	0.0832	0.0418	0.1254	0.0998	0.0285	0.2124	0.1312
164	0.1156	0.4052	0.07	0.0542	0.0822	0.055	0.0831	0.0833	0.0418	0.1255	0.1	0.0285	0.2128	0.1314
165	0.1146	0.4004	0.0703	0.0544	0.0825	0.055	0.0831	0.0833	0.0418	0.1258	0.1001	0.0285	0.2126	0.1315
166	0.1141	0.4056	0.0703	0.0543	0.0825	0.055	0.0832	0.0835	0.0418	0.1257	0.1002	0.0285	0.2123	0.1315
167	0.1131	0.4035	0.0704	0.0544	0.0827	0.0553	0.0838	0.0838	0.0418	0.1258	0.1003	0.0284	0.2124	0.1315
168	0.1123	0.4059	0.0706	0.0546	0.0828	0.0554	0.084	0.0839	0.0419	0.1259	0.1004	0.0285	0.2127	0.1317
169	0.1119	0.3986	0.0706	0.0546	0.0828	0.0556	0.0844	0.0841	0.042	0.126	0.1005	0.0285	0.213	0.1318
170	0.1113	0.4016	0.0704	0.0544	0.0826	0.0553	0.0841	0.0839	0.042	0.1262	0.1006	0.0285	0.213	0.1318
171	0.1123	0.4021	0.0708	0.0548	0.083	0.0553	0.084	0.0838	0.042	0.1261	0.1006	0.0286	0.2135	0.132
172	0.1086	0.4019	0.0707	0.0546	0.0829	0.0554	0.0842	0.084	0.0421	0.1264	0.1007	0.0286	0.2138	0.1321
173	0.1099	0.4001	0.071	0.0548	0.0831	0.0554	0.0843	0.0841	0.0421	0.1266	0.1008	0.0286	0.2138	0.1322
174	0.1089	0.4022	0.0708	0.0546	0.083	0.0554	0.0842	0.084	0.042	0.1263	0.1007	0.0286	0.2136	0.1321
175	0.1083	0.3929	0.071	0.0546	0.0832	0.0554	0.0841	0.0841	0.0419	0.1262	0.1007	0.0286	0.2139	0.1323
176	0.1071	0.3963	0.071	0.0548	0.0833	0.0553	0.0842	0.0841	0.042	0.1264	0.1008	0.0286	0.2142	0.1324
177	0.1073	0.4035	0.0709	0.0547	0.0832	0.0553	0.0842	0.0841	0.042	0.1262	0.1008	0.0287	0.2141	0.1325
178	0.1055	0.4006	0.071	0.0549	0.0832	0.0552	0.084	0.084	0.0421	0.1267	0.1009	0.0287	0.2145	0.1325
179	0.105	0.403	0.0709	0.0549	0.0831	0.0554	0.0844	0.0841	0.0421	0.1266	0.1008	0.0287	0.2148	0.1326
180	0.1062	0.4022	0.071	0.0549	0.0832	0.0552	0.0841	0.084	0.0421	0.127	0.101	0.0287	0.2144	0.1326
181	0.1045	0.3939	0.071	0.0549	0.0832	0.0552	0.0838	0.084	0.0423	0.1273	0.1012	0.0287	0.2145	0.1326
182	0.104	0.4027	0.0711	0.0549	0.0831	0.0553	0.0841	0.084	0.0423	0.1273	0.1011	0.0287	0.2143	0.1325
183	0.1033	0.4044	0.0713	0.055	0.0834	0.0555	0.0844	0.0842	0.0422	0.1277	0.1013	0.0287	0.2145	0.1327
184	0.1031	0.4018	0.0709	0.0548	0.0832	0.0556	0.0848	0.0844	0.0423	0.1277	0.1014	0.0287	0.2144	0.1327
185	0.1026	0.4045	0.0713	0.0551	0.0835	0.0557	0.0849	0.0846	0.0423	0.1276	0.1015	0.0287	0.2145	0.1328
186	0.1033	0.4021	0.0711	0.055	0.0834	0.0557	0.0848	0.0846	0.0423	0.1276	0.1016	0.0287	0.2148	0.1329
187	0.1016	0.396	0.0715	0.0553	0.0837	0.0558	0.0849	0.0848	0.0424	0.1279	0.1018	0.0287	0.2151	0.1331
188	0.1021	0.3953	0.0716	0.0554	0.0838	0.0557	0.0849	0.0848	0.0424	0.1281	0.1018	0.0287	0.2154	0.1332
189	0.102	0.399	0.0715	0.0552	0.0837	0.0558	0.085	0.0848	0.0424	0.1279	0.1017	0.0287	0.2149	0.133
190	0.1001	0.4027	0.0717	0.0556	0.0838	0.0558	0.0852	0.0848	0.0424	0.128	0.1017	0.0287	0.2146	0.133
191	0.0988	0.3992	0.0717	0.0555	0.0838	0.0559	0.0854	0.0849	0.0424	0.1281	0.1017	0.0287	0.2149	0.1331
192	0.1004	0.3947	0.0718	0.0557	0.084	0.0558	0.0854	0.085	0.0423	0.1283	0.1019	0.0287	0.215	0.1333
193	0.0987	0.3955	0.0717	0.0557	0.0841	0.0558	0.0853	0.085	0.0423	0.1283	0.1019	0.0287	0.2151	0.1333
194	0.098	0.4053	0.0714	0.0555	0.0838	0.0558	0.0854	0.0851	0.0424	0.1286	0.1021	0.0287	0.2152	0.1334
195	0.0978	0.4036	0.0715	0.0556	0.0838	0.056	0.0856	0.0851	0.0424	0.1286	0.102	0.0287	0.2149	0.1332
196	0.0975	0.3909	0.0715	0.0555	0.0839	0.0559	0.0855	0.0851	0.0424	0.1291	0.1022	0.0287	0.2151	0.1333
197	0.0972	0.4019	0.0717	0.0556	0.0839	0.0561	0.0857	0.0852	0.0425	0.1292	0.1022	0.0287	0.2152	0.1333
198	0.0967	0.3961	0.0717	0.0555	0.0839	0.056	0.0856	0.0851	0.0425	0.1291	0.1022	0.0287	0.2156	0.1334
199	0.0963	0.4031	0.0719	0.0556	0.0839	0.0561	0.0859	0.0852	0.0425	0.129	0.1021	0.0287	0.2154	0.1333
200	0.0969	0.3992	0.0717	0.0555	0.0838	0.056	0.0859	0.0851	0.0426	0.1293	0.1022	0.0287	0.2154	0.1333
201	0.0966	0.4018	0.0717	0.0556	0.0839	0.0561	0.0861	0.0853	0.0426	0.1296	0.1024	0.0287	0.2158	0.1335
202	0.0951	0.3965	0.0719	0.0556	0.0841	0.0562	0.0863	0.0856	0.0426	0.1297	0.1026	0.0287	0.2155	0.1336
203	0.0952	0.4011	0.0717	0.0555	0.084	0.0562	0.0864	0.0855	0.0427	0.1302	0.1027	0.0288	0.2158	0.1337
204	0.0938	0.4049	0.0718	0.0557	0.084	0.0564	0.0864	0.0856	0.0427	0.1304	0.1027	0.0288	0.2159	0.1337
205	0.0945	0.3978	0.0719	0.0558	0.0841	0.0563	0.0864	0.0856	0.0427	0.1304	0.1027	0.0288	0.2161	0.1337
206	0.0936	0.3966	0.0718	0.0556	0.084	0.0565	0.0867	0.0856	0.0428	0.1307	0.1028	0.0288	0.2163	0.1338
207	0.093	0.3991	0.0719	0.0557	0.0839	0.0565	0.0865	0.0855	0.0428	0.1309	0.1028	0.0288	0.2164	0.1337
208	0.0932	0.4047	0.072	0.0557	0.084	0.0566	0.087	0.0857	0.0428	0.1308	0.1028	0.0288	0.2162	0.1337
209	0.0934	0.4024	0.0719	0.0557	0.084	0.0565	0.087	0.0857	0.0428	0.1308	0.1029	0.0288	0.2164	0.1339
210	0.0927	0.3973	0.0722	0.0559	0.0843	0.0564	0.0868	0.0858	0.0429	0.1311	0.1031	0.0288	0.2161	0.1339
211	0.0917	0.3952	0.0724	0.0561	0.0845	0.0565	0.0871	0.0859	0.0429	0.131	0.1031	0.0289	0.2163	0.1341
212	0.093	0.4005	0.0724	0.0563	0.0846	0.0565	0.0871	0.086	0.043	0.1312	0.1033	0.0289	0.2165	0.1342
213	0.0912	0.3959	0.0726	0.0563	0.0847	0.0566	0.0872	0.086	0.043	0.1313	0.1033	0.0289	0.2163	0.1341
214	0.0902	0.4001	0.0726	0.0561	0.0847	0.0566	0.0872	0.086	0.043	0.1313	0.1033	0.0289	0.2166	0.1342
215	0.0909	0.4031	0.0724	0.0561	0.0846	0.0566	0.0873	0.0861	0.0429	0.1314	0.1033	0.0289	0.2172	0.1343
216	0.091	0.3954	0.0727	0.0562	0.0847	0.0567	0.0874	0.0861	0.0429	0.1314	0.1033	0.0289	0.2168	0.1343
217	0.091	0.3927	0.0727	0.0563	0.0847	0.0568	0.0877	0.0862	0.0429	0.1317	0.1034	0.0289	0.217	0.1343
218	0.09	0.4017	0.0725	0.0563	0.0846	0.0567	0.0875	0.0862	0.0429	0.1316	0.1034	0.0289	0.217	0.1344
219	0.0891	0.4011	0.0725	0.0562	0.0848	0.0569	0.0878	0.0865	0.0429	0.1316	0.1036	0.029	0.2175	0.1347
220	0.0901	0.395	0.0726	0.0563	0.085	0.0569	0.0878	0.0866	0.0429	0.1315	0.1036	0.0289	0.2173	0.1348
221	0.0883	0.3955	0.0729	0.0567	0.0851	0.0569	0.0878	0.0866	0.0429	0.1314	0.1037	0.0289	0.2173	0.1348
222	0.0884	0.4036	0.0727	0.0565	0.0851	0.057	0.0878	0.0867	0.043	0.1313	0.1037	0.029	0.2175	0.1349
223	0.0892	0.3976	0.0726	0.0565	0.0851	0.057	0.0878	0.0867	0.0429	0.1312	0.1037	0.029	0.2175	0.1349
224	0.0886	0.4019	0.0728	0.0565	0.0851	0.057	0.0878	0.0867	0.0429	0.1312	0.1037	0.029	0.2177	0.135
225	0.0882	0.3966	0.0728	0.0566	0.0851	0.057	0.0878	0.0867	0.043	0.1314	0.1038	0.029	0.2174	0.1349
226	0.0874	0.4095	0.0727	0.0566	0.0853	0.057	0.0878	0.0869	0.043	0.1317	0.1041	0.029	0.2177	0.1353
227	0.0878	0.3992	0.0727	0.0566	0.0852	0.057	0.0879	0.0869	0.043	0.1314	0.104	0.029	0.2171	0.1351
228	0.0863	0.3927	0.0728	0.0567	0.0854	0.057	0.0879	0.087	0.0432	0.1319	0.1043	0.029	0.2171	0.1352
229	0.0854	0.4014	0.0729	0.0568	0.0853	0.057	0.0879	0.0869	0.0431	0.1319	0.1042	0.029	0.2174	0.1352
230	0.0866	0.3965	0.0727	0.0567	0.0853	0.057	0.088	0.087	0.0432	0.1321	0.1043	0.029	0.2176	0.1353
231	0.0861	0.4019	0.0726	0.0567	0.0853	0.057	0.088	0.087	0.0431	0.132	0.1042	0.029	0.217	0.1352
232	0.0867	0.3977	0.0728	0.0567	0.0853	0.0571	0.0881	0.087	0.0431	0.1319	0.1041	0.029	0.2171	0.1351
233	0.0873	0.4052	0.0731	0.057	0.0854	0.057	0.0879	0.0869	0.0431	0.1321	0.1041	0.029	0.2172	0.1352
234	0.086	0.4063	0.0735	0.0574	0.0857	0.0571	0.0881	0.087	0.0431	0.1323	0.1043	0.029	0.2174	0.1353
235	0.0861	0.3972	0.0734	0.0573	0.0856	0.0572	0.0881	0.087	0.0431	0.1322	0.1042	0.029	0.2178	0.1353
236	0.0848	0.4015	0.0733	0.0572	0.0856	0.0572	0.0882	0.087	0.0431	0.1323	0.1042	0.029	0.2178	0.1353
237	0.0848	0.3989	0.0734	0.0573	0.0858	0.0572	0.0881	0.0871	0.0431	0.1319	0.1042	0.029	0.2176	0.1354
238	0.0851	0.4009	0.0735	0.0574	0.0859	0.0573	0.0883	0.0872	0.0431	0.1322	0.1044	0.029	0.2177	0.1355
239	0.0854	0.4004	0.0734	0.0574	0.0858	0.0574	0.0885	0.0873	0.0432	0.132	0.1044	0.029	0.2179	0.1355
240	0.0849	0.3971	0.0738	0.0576	0.086	0.0574	0.0884	0.0873	0.0432	0.1322	0.1045	0.029	0.2183	0.1356
241	0.0842	0.4049	0.0735	0.0576	0.086	0.0574	0.0884	0.0874	0.0432	0.1322	0.1045	0.029	0.2183	0.1357
242	0.0846	0.3999	0.0735	0.0578	0.086	0.0573	0.0882	0.0873	0.0433	0.1322	0.1045	0.029	0.2186	0.1357
243	0.0836	0.4035	0.0735	0.0578	0.086	0.0575	0.0886	0.0875	0.0433	0.1325	0.1047	0.029	0.2186	0.1358
244	0.0833	0.4015	0.0735	0.0579	0.0861	0.0575	0.0886	0.0876	0.0433	0.1325	0.1047	0.029	0.2186	0.1358
245	0.0838	0.3957	0.0739	0.0583	0.0863	0.0575	0.0886	0.0875	0.0434	0.1329	0.1048	0.029	0.2186	0.1357
246	0.0838	0.396	0.0738	0.0583	0.0861	0.0574	0.0884	0.0873	0.0434	0.1329	0.1047	0.029	0.2186	0.1357
247	0.0837	0.3982	0.0738	0.0583	0.0861	0.0574	0.0884	0.0873	0.0433	0.1327	0.1046	0.029	0.2183	0.1356
248	0.0824	0.4009	0.0735	0.0579	0.0859	0.0574	0.0885	0.0874	0.0434	0.1329	0.1047	0.029	0.2181	0.1356
249	0.0827	0.3995	0.0738	0.0581	0.0861	0.0574	0.0885	0.0874	0.0434	0.1328	0.1047	0.029	0.218	0.1356
250	0.0831	0.396	0.0738	0.0581	0.0862	0.0576	0.0886	0.0876	0.0433	0.1327	0.1048	0.029	0.218	0.1357
251	0.0827	0.4057	0.0739	0.0581	0.0862	0.0574	0.0885	0.0875	0.0434	0.133	0.1049	0.029	0.2178	0.1357
252	0.0808	0.3987	0.0738	0.0579	0.0861	0.0575	0.0887	0.0876	0.0434	0.1328	0.1048	0.029	0.2181	0.1357
253	0.0823	0.4001	0.0738	0.058	0.0861	0.0575	0.0888	0.0875	0.0433	0.1326	0.1047	0.029	0.218	0.1356
254	0.0818	0.3979	0.0739	0.0582	0.0862	0.0574	0.0887	0.0875	0.0434	0.1328	0.1048	0.029	0.2182	0.1357
255	0.0811	0.3978	0.074	0.0585	0.0863	0.0577	0.0891	0.0877	0.0434	0.1331	0.1049	0.029	0.2181	0.1357
256	0.0813	0.3996	0.074	0.0583	0.0864	0.0578	0.0892	0.0879	0.0435	0.1331	0.1051	0.029	0.2182	0.1358
257	0.0815	0.4014	0.0742	0.0584	0.0865	0.0578	0.0893	0.0879	0.0435	0.1332	0.1051	0.029	0.2183	0.1359
258	0.0807	0.4005	0.0741	0.0584	0.0864	0.0577	0.0891	0.0878	0.0435	0.1332	0.105	0.029	0.2181	0.1358
259	0.0807	0.3974	0.074	0.0583	0.0865	0.0578	0.0891	0.0879	0.0435	0.1333	0.1052	0.029	0.2185	0.136
260	0.081	0.4074	0.0741	0.0584	0.0864	0.0578	0.089	0.0878	0.0435	0.1333	0.1051	0.029	0.2183	0.1359
261	0.0812	0.4054	0.0741	0.0584	0.0863	0.0577	0.089	0.0876	0.0436	0.1334	0.105	0.0291	0.2187	0.1359
262	0.0809	0.4033	0.0744	0.0586	0.0864	0.0578	0.0892	0.0877	0.0436	0.1335	0.105	0.0291	0.2189	0.1359
263	0.0807	0.3985	0.0744	0.0586	0.0865	0.0578	0.0893	0.0878	0.0436	0.1336	0.1052	0.029	0.2188	0.1359
264	0.0811	0.398	0.0745	0.0588	0.0867	0.0578	0.0893	0.088	0.0436	0.1336	0.1053	0.029	0.2187	0.1361
265	0.0805	0.4014	0.0745	0.059	0.0868	0.0578	0.0893	0.0879	0.0437	0.1339	0.1054	0.029	0.2187	0.1361
266	0.0803	0.4012	0.0744	0.0588	0.0868	0.0578	0.0895	0.088	0.0437	0.1341	0.1056	0.029	0.2189	0.1362
267	0.0801	0.395	0.0746	0.0592	0.0868	0.0577	0.0892	0.0878	0.0436	0.134	0.1053	0.0291	0.2189	0.1361
268	0.0791	0.3965	0.0746	0.0592	0.0868	0.0577	0.0894	0.0878	0.0437	0.1345	0.1055	0.0291	0.2192	0.1361
269	0.0799	0.4042	0.0745	0.0592	0.0869	0.0579	0.0895	0.088	0.0437	0.1345	0.1056	0.0291	0.2191	0.1362
270	0.0797	0.399	0.0743	0.0591	0.0867	0.0578	0.0893	0.0879	0.0437	0.1348	0.1056	0.0291	0.2189	0.1361
271	0.0789	0.4035	0.0741	0.0588	0.0866	0.0578	0.0895	0.088	0.0438	0.1349	0.1057	0.0291	0.2191	0.1362
272	0.08	0.404	0.0745	0.0591	0.0869	0.0578	0.0894	0.088	0.0438	0.1349	0.1058	0.029	0.2188	0.1361
273	0.0794	0.3979	0.0745	0.059	0.0868	0.058	0.0897	0.0881	0.0439	0.1349	0.1058	0.029	0.2185	0.1361
274	0.0785	0.3968	0.0743	0.0587	0.0866	0.058	0.0894	0.088	0.0438	0.1347	0.1057	0.0291	0.2188	0.1361
275	0.0793	0.3989	0.0743	0.0586	0.0867	0.058	0.0897	0.0882	0.0438	0.1345	0.1057	0.0291	0.2188	0.1362
276	0.0784	0.3908	0.0745	0.059	0.0869	0.058	0.0896	0.0881	0.0438	0.1346	0.1057	0.0291	0.2186	0.1362
277	0.0787	0.4012	0.0748	0.0592	0.0871	0.0579	0.0895	0.0881	0.0438	0.1346	0.1057	0.0291	0.2188	0.1362
278	0.0782	0.402	0.0746	0.0591	0.087	0.058	0.0897	0.0882	0.0438	0.1347	0.1058	0.029	0.2188	0.1362
279	0.0781	0.4065	0.0748	0.0594	0.0872	0.058	0.0896	0.0882	0.0438	0.1345	0.1058	0.0291	0.2192	0.1364
280	0.0775	0.3986	0.0748	0.0595	0.0873	0.0579	0.0897	0.0883	0.0439	0.135	0.106	0.029	0.219	0.1364
281	0.0782	0.405	0.0748	0.0594	0.0871	0.058	0.0898	0.0882	0.0439	0.1351	0.1059	0.0291	0.2197	0.1365
282	0.0781	0.4031	0.0747	0.0594	0.0871	0.0581	0.0898	0.0883	0.0439	0.1351	0.1059	0.0291	0.2196	0.1365
283	0.0777	0.3893	0.0748	0.0594	0.0872	0.0581	0.0899	0.0884	0.0439	0.135	0.106	0.0291	0.2194	0.1365
284	0.0769	0.3986	0.075	0.0595	0.0874	0.0581	0.0901	0.0885	0.0439	0.1346	0.1059	0.0291	0.2197	0.1367
285	0.0779	0.4001	0.0753	0.0599	0.0876	0.0582	0.0899	0.0885	0.0439	0.1349	0.1062	0.0291	0.2197	0.1368
286	0.0776	0.3995	0.0754	0.0597	0.0877	0.0582	0.0899	0.0886	0.0439	0.1349	0.1061	0.0291	0.2196	0.1367
287	0.0776	0.4059	0.0753	0.06	0.0878	0.0583	0.0901	0.0887	0.0439	0.1347	0.1062	0.0292	0.22	0.137
288	0.0778	0.4012	0.0752	0.0598	0.0876	0.0584	0.0904	0.0888	0.0439	0.1347	0.1061	0.0292	0.2203	0.137
289	0.0774	0.3982	0.0753	0.0601	0.0878	0.0583	0.0901	0.0887	0.0439	0.1349	0.1062	0.0292	0.2203	0.137
290	0.0768	0.4028	0.075	0.0599	0.0876	0.0583	0.0901	0.0887	0.044	0.1348	0.1062	0.0292	0.2202	0.137
291	0.0778	0.3934	0.075	0.06	0.0877	0.0584	0.0903	0.0889	0.0439	0.1348	0.1063	0.0291	0.2202	0.137
292	0.0766	0.4066	0.0748	0.0599	0.0876	0.0583	0.0901	0.0888	0.044	0.1349	0.1064	0.0291	0.2203	0.1371
293	0.0774	0.4035	0.0749	0.0597	0.0875	0.0583	0.0902	0.0888	0.0442	0.1353	0.1065	0.0291	0.2202	0.137
294	0.0776	0.3999	0.0749	0.0596	0.0876	0.0584	0.0903	0.0889	0.0442	0.1353	0.1066	0.0291	0.2202	0.1371
295	0.0768	0.4016	0.0748	0.0595	0.0875	0.0584	0.0903	0.0889	0.0441	0.1351	0.1065	0.0291	0.2203	0.1371
296	0.0761	0.4105	0.0749	0.0596	0.0876	0.0585	0.0903	0.0889	0.044	0.1348	0.1063	0.0291	0.2201	0.137
297	0.0771	0.395	0.0748	0.0596	0.0875	0.0585	0.0906	0.089	0.044	0.1349	0.1064	0.0292	0.2205	0.1371
298	0.0761	0.3963	0.0747	0.0595	0.0875	0.0587	0.0909	0.0892	0.044	0.1348	0.1064	0.0291	0.2203	0.1371
299	0.076	0.401	0.0749	0.0597	0.0876	0.0586	0.0908	0.0891	0.044	0.135	0.1064	0.0291	0.2201	0.137
300	0.0766	0.402	0.0749	0.0596	0.0874	0.0586	0.0907	0.0889	0.0439	0.1347	0.1062	0.0291	0.2203	0.137
301	0.0758	0.4006	0.0749	0.0595	0.0874	0.0587	0.0909	0.0891	0.044	0.1349	0.1063	0.0291	0.2202	0.137
302	0.0754	0.3985	0.075	0.0598	0.0877	0.0587	0.0909	0.0892	0.044	0.135	0.1065	0.0291	0.2201	0.1371
303	0.0762	0.4038	0.075	0.0598	0.0878	0.0588	0.0912	0.0894	0.044	0.135	0.1066	0.0291	0.2203	0.1373
304	0.0761	0.4043	0.0751	0.0599	0.0879	0.0589	0.0913	0.0896	0.0439	0.1346	0.1065	0.0292	0.2206	0.1374
305	0.0762	0.4017	0.0752	0.0599	0.0879	0.059	0.0915	0.0896	0.044	0.1345	0.1064	0.0292	0.2204	0.1373
306	0.0757	0.3964	0.0754	0.06	0.0879	0.0588	0.0913	0.0894	0.0439	0.1344	0.1063	0.0292	0.2207	0.1374
307	0.0758	0.4063	0.0754	0.0601	0.088	0.0587	0.0909	0.0893	0.0439	0.1346	0.1064	0.0292	0.2209	0.1374
308	0.0749	0.395	0.0756	0.0604	0.0883	0.0588	0.0909	0.0894	0.0439	0.1349	0.1065	0.0292	0.2207	0.1374
309	0.0749	0.3997	0.0755	0.0604	0.0882	0.0587	0.0909	0.0893	0.044	0.1351	0.1066	0.0291	0.2205	0.1374
310	0.0757	0.4002	0.0758	0.0605	0.0884	0.0587	0.0908	0.0893	0.0441	0.1355	0.1068	0.0291	0.2204	0.1374
311	0.0751	0.4035	0.0757	0.0604	0.0884	0.0586	0.0908	0.0894	0.0441	0.1357	0.1069	0.0291	0.2204	0.1374
312	0.0743	0.4037	0.0757	0.0604	0.0884	0.0586	0.0907	0.0893	0.0441	0.1357	0.1069	0.0291	0.2201	0.1374
313	0.0753	0.3976	0.0761	0.0607	0.0886	0.0586	0.091	0.0895	0.0442	0.1361	0.1071	0.0291	0.22	0.1374
314	0.0746	0.4028	0.076	0.0606	0.0886	0.0588	0.0914	0.0896	0.0441	0.1362	0.1071	0.0292	0.2205	0.1376
315	0.0751	0.4055	0.076	0.0606	0.0885	0.0588	0.0915	0.0896	0.0441	0.136	0.107	0.0292	0.2207	0.1375
316	0.0743	0.3997	0.0758	0.0605	0.0885	0.059	0.0916	0.0897	0.0442	0.1364	0.1071	0.0292	0.2206	0.1376
317	0.0752	0.4074	0.076	0.0607	0.0886	0.059	0.0918	0.0898	0.0442	0.1364	0.1071	0.0292	0.2208	0.1376
318	0.0744	0.4044	0.0761	0.0607	0.0888	0.0591	0.0918	0.09	0.0442	0.1363	0.1073	0.0292	0.2212	0.1379
319	0.0744	0.4	0.0763	0.0608	0.0889	0.0591	0.0918	0.09	0.0443	0.1367	0.1074	0.0292	0.2213	0.1379
320	0.0742	0.4022	0.076	0.0607	0.0887	0.0591	0.0917	0.0899	0.0443	0.1366	0.1074	0.0292	0.2212	0.1378
321	0.0748	0.4079	0.0761	0.0607	0.0886	0.0592	0.0919	0.0899	0.0443	0.1366	0.1073	0.0292	0.221	0.1377
322	0.074	0.402	0.0757	0.0605	0.0884	0.0592	0.0921	0.0899	0.0443	0.1364	0.1072	0.0292	0.2209	0.1376
323	0.0737	0.4017	0.0757	0.0605	0.0883	0.0592	0.092	0.0898	0.0442	0.1366	0.1071	0.0291	0.2202	0.1374
324	0.0739	0.3977	0.0758	0.0605	0.0884	0.059	0.0919	0.0898	0.0442	0.1365	0.1071	0.0292	0.2209	0.1376
325	0.0735	0.4017	0.0758	0.0604	0.0883	0.0591	0.0922	0.0899	0.0442	0.1363	0.107	0.0291	0.2202	0.1374
326	0.0736	0.4019	0.0756	0.0604	0.0882	0.0591	0.092	0.0897	0.0441	0.1363	0.107	0.0291	0.22	0.1373
327	0.0742	0.3973	0.0756	0.0604	0.0883	0.059	0.092	0.0898	0.0442	0.1362	0.107	0.0291	0.2203	0.1374
328	0.0737	0.3993	0.0754	0.0603	0.0882	0.0589	0.0919	0.0898	0.0442	0.1366	0.1072	0.0291	0.2203	0.1375
329	0.0739	0.402	0.0754	0.0602	0.0882	0.059	0.092	0.0899	0.0442	0.1363	0.1071	0.0292	0.2206	0.1376
330	0.0736	0.4055	0.0756	0.0603	0.0883	0.0591	0.0919	0.0899	0.0442	0.1363	0.1072	0.0292	0.2205	0.1376
331	0.0735	0.4014	0.0758	0.0605	0.0886	0.0592	0.0923	0.0901	0.0443	0.1365	0.1073	0.0292	0.2207	0.1377
332	0.0738	0.4016	0.076	0.0606	0.0887	0.0591	0.0921	0.09	0.0443	0.1365	0.1074	0.0291	0.2202	0.1376
333	0.0731	0.4037	0.076	0.0606	0.0887	0.0591	0.0921	0.09	0.0443	0.1369	0.1074	0.0291	0.2198	0.1375
334	0.0731	0.3963	0.076	0.0607	0.0888	0.059	0.0919	0.09	0.0443	0.137	0.1075	0.0291	0.2197	0.1375
335	0.0736	0.4066	0.0758	0.0604	0.0886	0.0591	0.0921	0.09	0.0443	0.1368	0.1074	0.0291	0.2198	0.1374
336	0.0732	0.4059	0.0759	0.0604	0.0886	0.0591	0.0921	0.09	0.0442	0.1364	0.1073	0.0291	0.2198	0.1375
337	0.0736	0.4057	0.0758	0.0604	0.0886	0.0591	0.092	0.09	0.0443	0.1369	0.1075	0.0291	0.22	0.1375
338	0.0732	0.4011	0.0757	0.06	0.0885	0.0592	0.0922	0.0901	0.0443	0.137	0.1075	0.0291	0.2208	0.1378
339	0.0732	0.3987	0.0755	0.0599	0.0883	0.0593	0.0922	0.0901	0.0443	0.137	0.1075	0.0292	0.221	0.1378
340	0.0729	0.399	0.0759	0.0604	0.0886	0.0592	0.0921	0.0901	0.0443	0.1367	0.1074	0.0292	0.221	0.1378
341	0.0728	0.4039	0.076	0.0605	0.0887	0.0592	0.0921	0.0901	0.0444	0.137	0.1075	0.0292	0.2209	0.1379
342	0.0741	0.4052	0.0761	0.0605	0.0889	0.0592	0.0922	0.0902	0.0444	0.137	0.1077	0.0292	0.2209	0.1379
343	0.0729	0.3997	0.0758	0.0602	0.0887	0.0592	0.0922	0.0903	0.0444	0.1371	0.1077	0.0292	0.2208	0.138
344	0.0727	0.4048	0.0759	0.0603	0.0888	0.0592	0.0921	0.0902	0.0443	0.1368	0.1077	0.0292	0.2212	0.1381
345	0.073	0.4004	0.0756	0.0601	0.0886	0.0591	0.0922	0.0903	0.0443	0.137	0.1077	0.0292	0.2213	0.1381
346	0.0723	0.3953	0.0757	0.0602	0.0886	0.0593	0.0925	0.0904	0.0443	0.1367	0.1077	0.0292	0.2214	0.1381
347	0.0731	0.4032	0.0756	0.0602	0.0886	0.0594	0.0925	0.0905	0.0443	0.1369	0.1077	0.0292	0.2214	0.1381
348	0.0732	0.4016	0.0755	0.0603	0.0886	0.0596	0.093	0.0907	0.0443	0.1368	0.1078	0.0292	0.2215	0.1382
349	0.0718	0.4022	0.0754	0.0601	0.0884	0.0596	0.093	0.0907	0.0444	0.1372	0.1078	0.0292	0.2212	0.1381
350	0.0726	0.4002	0.0755	0.0602	0.0884	0.0594	0.0928	0.0905	0.0444	0.1371	0.1078	0.0292	0.2215	0.1381
351	0.0726	0.3988	0.0755	0.06	0.0885	0.0593	0.0925	0.0905	0.0444	0.1372	0.1079	0.0291	0.2209	0.1381
352	0.0729	0.4029	0.0754	0.0599	0.0886	0.0592	0.0924	0.0906	0.0445	0.1375	0.1081	0.0292	0.2214	0.1384
353	0.0722	0.4014	0.0758	0.0604	0.0889	0.0594	0.0927	0.0907	0.0446	0.1378	0.1083	0.0292	0.2215	0.1384
354	0.0727	0.4047	0.0759	0.0604	0.0889	0.0593	0.0926	0.0906	0.0446	0.1379	0.1083	0.0292	0.2213	0.1384
355	0.0719	0.4048	0.0761	0.0605	0.089	0.0596	0.093	0.0908	0.0446	0.1378	0.1082	0.0292	0.2213	0.1383
356	0.0727	0.4071	0.0758	0.0602	0.0888	0.0596	0.0929	0.0908	0.0447	0.138	0.1083	0.0292	0.2212	0.1383
357	0.072	0.4039	0.0758	0.0601	0.0888	0.0595	0.093	0.0908	0.0446	0.1377	0.1083	0.0292	0.2211	0.1383
358	0.0723	0.4004	0.0758	0.0601	0.0888	0.0594	0.0928	0.0908	0.0446	0.1379	0.1083	0.0292	0.2213	0.1384
359	0.0721	0.4077	0.0759	0.0601	0.0888	0.0596	0.0932	0.0909	0.0446	0.138	0.1084	0.0292	0.2213	0.1384
360	0.072	0.4084	0.076	0.06	0.0889	0.0596	0.0931	0.091	0.0446	0.1378	0.1084	0.0291	0.2212	0.1384
361	0.0723	0.4023	0.0764	0.0606	0.0894	0.0597	0.0932	0.0912	0.0446	0.1378	0.1085	0.0292	0.2211	0.1385
362	0.072	0.4117	0.0761	0.0604	0.0892	0.0597	0.0931	0.0911	0.0447	0.1377	0.1085	0.0292	0.2216	0.1386
363	0.0719	0.4037	0.0762	0.0605	0.0893	0.0598	0.0933	0.0912	0.0447	0.1379	0.1086	0.0292	0.2215	0.1387
364	0.0722	0.4065	0.0762	0.0606	0.0892	0.0598	0.0933	0.0911	0.0447	0.1377	0.1084	0.0292	0.2218	0.1386
365	0.0721	0.4015	0.0763	0.0607	0.0892	0.0598	0.0932	0.0911	0.0447	0.1379	0.1085	0.0292	0.2218	0.1386
366	0.0712	0.3984	0.0761	0.0605	0.089	0.0599	0.0933	0.091	0.0447	0.1378	0.1084	0.0292	0.2217	0.1385
367	0.0715	0.3988	0.0761	0.0605	0.0891	0.0598	0.0932	0.091	0.0447	0.1379	0.1084	0.0292	0.2218	0.1386
368	0.0714	0.4074	0.0763	0.0607	0.0893	0.0597	0.0931	0.091	0.0447	0.1378	0.1084	0.0292	0.2222	0.1387
369	0.0719	0.4066	0.0762	0.0606	0.0892	0.0596	0.093	0.0909	0.0446	0.1378	0.1083	0.0292	0.2218	0.1387
370	0.0709	0.4008	0.0764	0.0608	0.0893	0.0595	0.0929	0.0909	0.0446	0.1377	0.1084	0.0292	0.222	0.1388
371	0.0714	0.405	0.0763	0.0606	0.0893	0.0597	0.0932	0.0911	0.0446	0.1379	0.1085	0.0292	0.2219	0.1388
372	0.072	0.4012	0.0764	0.0607	0.0894	0.0598	0.0934	0.0913	0.0447	0.1377	0.1086	0.0292	0.222	0.1389
373	0.0719	0.4048	0.0764	0.0607	0.0894	0.0597	0.0932	0.0912	0.0446	0.1376	0.1085	0.0292	0.2219	0.1388
374	0.0717	0.4034	0.0763	0.0608	0.0897	0.0596	0.0931	0.0914	0.0446	0.1376	0.1087	0.0291	0.2214	0.1389
375	0.0712	0.4048	0.0765	0.0609	0.0898	0.0597	0.0933	0.0914	0.0446	0.1379	0.1088	0.0292	0.2215	0.1389
376	0.071	0.4051	0.0765	0.0609	0.0898	0.0597	0.0931	0.0914	0.0446	0.1382	0.1089	0.0291	0.2213	0.1389
377	0.0713	0.3983	0.0764	0.0609	0.0898	0.0597	0.0933	0.0915	0.0446	0.1383	0.1089	0.0291	0.2214	0.139
378	0.0714	0.4085	0.0766	0.061	0.0901	0.0598	0.0934	0.0916	0.0446	0.1379	0.1089	0.0292	0.2214	0.1391
379	0.0714	0.404	0.0768	0.0611	0.0901	0.0597	0.0933	0.0915	0.0445	0.1379	0.1088	0.0292	0.2215	0.139
380	0.0712	0.4113	0.0767	0.0611	0.09	0.0597	0.0933	0.0915	0.0446	0.1382	0.1089	0.0292	0.2214	0.139
381	0.0712	0.4036	0.0766	0.0609	0.09	0.0599	0.0937	0.0917	0.0446	0.1378	0.1089	0.0292	0.2217	0.1392
382	0.0711	0.4024	0.0768	0.0611	0.0901	0.0599	0.0935	0.0916	0.0445	0.1375	0.1087	0.0292	0.2216	0.1391
383	0.0716	0.4036	0.0769	0.061	0.0902	0.0599	0.0935	0.0918	0.0445	0.1377	0.1089	0.0292	0.2216	0.1393
384	0.0708	0.4068	0.077	0.0611	0.0903	0.0598	0.0933	0.0917	0.0446	0.1379	0.109	0.0292	0.2219	0.1393
385	0.071	0.4025	0.0771	0.0613	0.0905	0.0599	0.0934	0.0918	0.0446	0.1381	0.1091	0.0292	0.2221	0.1393
386	0.0711	0.4066	0.0769	0.061	0.09	0.0598	0.0933	0.0914	0.0446	0.1377	0.1087	0.0292	0.2219	0.139
387	0.0707	0.397	0.0769	0.061	0.09	0.0597	0.0932	0.0914	0.0446	0.1378	0.1088	0.0292	0.222	0.1391
388	0.0713	0.4041	0.0771	0.0614	0.0902	0.0596	0.0931	0.0914	0.0446	0.1379	0.1089	0.0292	0.2217	0.1391
389	0.0702	0.3953	0.077	0.0614	0.0903	0.0596	0.0932	0.0914	0.0446	0.1379	0.1089	0.0292	0.2215	0.139
390	0.0709	0.3994	0.0768	0.0612	0.09	0.0597	0.0933	0.0914	0.0446	0.1379	0.1088	0.0291	0.2216	0.1389
391	0.0708	0.4002	0.0766	0.061	0.0898	0.0597	0.0933	0.0914	0.0447	0.1383	0.109	0.0291	0.2213	0.1389
392	0.0705	0.4015	0.0764	0.0609	0.0896	0.0598	0.0934	0.0914	0.0447	0.1382	0.1088	0.0291	0.2213	0.1387
393	0.071	0.3999	0.0764	0.061	0.0895	0.0599	0.0934	0.0913	0.0448	0.1386	0.1088	0.0292	0.2215	0.1387
394	0.0708	0.4008	0.0762	0.0608	0.0894	0.0598	0.0934	0.0912	0.0447	0.1385	0.1087	0.0292	0.2215	0.1387
395	0.0707	0.4072	0.0759	0.0606	0.0891	0.0597	0.0933	0.0911	0.0446	0.1382	0.1086	0.0291	0.2213	0.1386
396	0.0713	0.4029	0.0759	0.0606	0.0891	0.0597	0.0936	0.0912	0.0446	0.1381	0.1086	0.0291	0.2211	0.1385
397	0.0707	0.4021	0.0763	0.0611	0.0895	0.0597	0.0936	0.0913	0.0446	0.138	0.1085	0.0292	0.2215	0.1387
398	0.0705	0.3989	0.0762	0.061	0.0895	0.0597	0.0935	0.0913	0.0445	0.1381	0.1087	0.0292	0.2217	0.1389
399	0.0701	0.3972	0.0764	0.0611	0.0895	0.0598	0.0934	0.0913	0.0446	0.1384	0.1087	0.0292	0.2217	0.1388
400	0.0704	0.4024	0.0764	0.0612	0.0896	0.0596	0.0932	0.0912	0.0446	0.1382	0.1087	0.0292	0.2216	0.1388
401	0.0708	0.4004	0.0763	0.061	0.0895	0.0598	0.0935	0.0914	0.0445	0.1382	0.1088	0.0292	0.2214	0.1389
402	0.0696	0.3995	0.0763	0.0611	0.0896	0.0598	0.0935	0.0914	0.0445	0.1381	0.1087	0.0291	0.2212	0.1387
403	0.0706	0.4012	0.0761	0.0607	0.0894	0.0599	0.0936	0.0915	0.0446	0.1383	0.1088	0.0291	0.2214	0.1388
404	0.0696	0.4073	0.0761	0.0608	0.0893	0.0599	0.0936	0.0914	0.0446	0.1384	0.1087	0.0291	0.2211	0.1386
405	0.0703	0.4025	0.0761	0.0609	0.0893	0.0599	0.0935	0.0914	0.0446	0.1384	0.1087	0.0291	0.2209	0.1385
406	0.0705	0.4004	0.0763	0.0611	0.0896	0.0599	0.0934	0.0915	0.0446	0.1383	0.1089	0.0291	0.2211	0.1387
407	0.07	0.4061	0.0761	0.0609	0.0894	0.0598	0.0934	0.0914	0.0445	0.1381	0.1087	0.0291	0.2215	0.1388
408	0.0697	0.4058	0.076	0.0609	0.0894	0.0597	0.0932	0.0913	0.0446	0.1382	0.1087	0.0291	0.2212	0.1387
409	0.07	0.4047	0.0761	0.0609	0.0893	0.0598	0.0933	0.0913	0.0446	0.1383	0.1087	0.0291	0.221	0.1387
410	0.0698	0.3992	0.0762	0.061	0.0895	0.06	0.0933	0.0915	0.0446	0.1386	0.109	0.0291	0.2211	0.1388
411	0.0705	0.3977	0.0763	0.0611	0.0895	0.06	0.0934	0.0915	0.0446	0.1384	0.1088	0.0291	0.2211	0.1387
412	0.0698	0.4036	0.0762	0.061	0.0893	0.06	0.0934	0.0913	0.0447	0.1387	0.1088	0.0291	0.2209	0.1386
413	0.0699	0.4028	0.0764	0.0612	0.0895	0.0599	0.0933	0.0913	0.0446	0.1386	0.1088	0.0292	0.2215	0.1388
414	0.0698	0.4066	0.0766	0.0613	0.0898	0.0598	0.0933	0.0913	0.0445	0.1384	0.1088	0.0292	0.2214	0.1388
415	0.0708	0.4073	0.0763	0.0611	0.0897	0.0598	0.0933	0.0914	0.0445	0.1383	0.1089	0.0292	0.2214	0.1389
416	0.07	0.406	0.0763	0.0611	0.0897	0.0599	0.0933	0.0915	0.0445	0.1383	0.1089	0.0291	0.2215	0.139
417	0.0697	0.4017	0.0762	0.0609	0.0895	0.0599	0.0934	0.0914	0.0445	0.1382	0.1088	0.0291	0.2214	0.1388
418	0.0695	0.4081	0.0763	0.0611	0.0898	0.0598	0.0932	0.0915	0.0446	0.1384	0.109	0.0291	0.2215	0.139
419	0.07	0.4018	0.0766	0.0613	0.0901	0.0599	0.0933	0.0917	0.0446	0.1385	0.1092	0.0292	0.2213	0.1391
420	0.0694	0.4006	0.0765	0.0613	0.09	0.0599	0.0935	0.0917	0.0446	0.1384	0.1091	0.0292	0.2211	0.1391
421	0.0699	0.405	0.0763	0.0611	0.09	0.06	0.0936	0.0918	0.0446	0.1383	0.1091	0.0291	0.2211	0.1391
422	0.0695	0.4011	0.0763	0.0611	0.0899	0.0598	0.0934	0.0916	0.0447	0.1385	0.1092	0.0291	0.221	0.139
423	0.0694	0.3995	0.0763	0.0612	0.0898	0.06	0.0934	0.0917	0.0446	0.1384	0.1091	0.0291	0.2208	0.1389
424	0.0696	0.4094	0.0761	0.0611	0.0896	0.0599	0.0935	0.0915	0.0446	0.1385	0.109	0.0291	0.221	0.1389
425	0.0696	0.3969	0.0762	0.0612	0.0897	0.0599	0.0934	0.0915	0.0447	0.1386	0.1091	0.0291	0.2209	0.1389
426	0.0693	0.3982	0.0763	0.0612	0.0897	0.0598	0.0934	0.0915	0.0446	0.1385	0.109	0.0291	0.2206	0.1388
427	0.0691	0.4012	0.0761	0.0612	0.0897	0.0598	0.0935	0.0915	0.0446	0.1385	0.1091	0.0291	0.2209	0.1389
428	0.0698	0.3972	0.0761	0.0611	0.0897	0.0598	0.0934	0.0916	0.0447	0.1387	0.1092	0.0291	0.2209	0.1389
429	0.0693	0.4024	0.0759	0.0611	0.0896	0.0598	0.0933	0.0915	0.0448	0.1389	0.1092	0.0291	0.2209	0.139
430	0.0696	0.4029	0.0762	0.0613	0.0898	0.06	0.0935	0.0917	0.0448	0.139	0.1093	0.0291	0.2208	0.1389
431	0.0694	0.4007	0.0765	0.0612	0.0899	0.06	0.0936	0.0917	0.0448	0.1391	0.1093	0.0291	0.2213	0.139
432	0.0698	0.4066	0.0765	0.0612	0.0899	0.06	0.0935	0.0917	0.0449	0.1393	0.1094	0.0292	0.2213	0.1391
433	0.0691	0.3972	0.0767	0.0617	0.0902	0.06	0.0936	0.0918	0.0449	0.1394	0.1096	0.0292	0.2215	0.1392
434	0.0695	0.4093	0.0766	0.0616	0.09	0.06	0.0934	0.0917	0.0449	0.1394	0.1095	0.0292	0.2215	0.1391
435	0.0692	0.4029	0.0763	0.0611	0.0897	0.0599	0.0932	0.0915	0.0448	0.1392	0.1093	0.0291	0.2214	0.139
436	0.0697	0.4043	0.0762	0.0611	0.0897	0.0599	0.0934	0.0916	0.0447	0.139	0.1093	0.0291	0.2212	0.139
437	0.0691	0.4102	0.0761	0.061	0.0897	0.0601	0.0936	0.0918	0.0447	0.1389	0.1093	0.0291	0.2215	0.1392
438	0.069	0.4046	0.0765	0.0614	0.09	0.06	0.0936	0.0919	0.0447	0.1389	0.1094	0.0292	0.2218	0.1393
439	0.0701	0.4028	0.0763	0.0613	0.0899	0.06	0.0935	0.0918	0.0448	0.1391	0.1095	0.0292	0.2218	0.1393
440	0.0687	0.4086	0.0766	0.0615	0.0902	0.06	0.0935	0.0919	0.0447	0.1389	0.1095	0.0291	0.2218	0.1394
441	0.0692	0.4019	0.0763	0.0611	0.0899	0.0601	0.0939	0.0919	0.0447	0.1391	0.1094	0.0291	0.2217	0.1393
442	0.0694	0.4032	0.0765	0.0613	0.0901	0.0602	0.0941	0.0921	0.0446	0.1388	0.1093	0.0291	0.2213	0.1392
443	0.0689	0.4029	0.0765	0.0612	0.0902	0.0602	0.0942	0.0922	0.0446	0.1388	0.1095	0.0291	0.2214	0.1393
444	0.0693	0.4103	0.0766	0.0615	0.0903	0.0602	0.0943	0.0923	0.0446	0.1386	0.1095	0.0291	0.2216	0.1395
445	0.0689	0.4047	0.0764	0.0613	0.0903	0.0602	0.0943	0.0924	0.0447	0.1387	0.1096	0.0291	0.2214	0.1395
446	0.0687	0.4012	0.0765	0.0613	0.0902	0.0601	0.0942	0.0922	0.0447	0.1389	0.1095	0.0291	0.2215	0.1394
447	0.0687	0.4062	0.0765	0.0614	0.0903	0.0601	0.094	0.0922	0.0447	0.139	0.1096	0.0291	0.2215	0.1395
448	0.0685	0.4005	0.0763	0.0613	0.09	0.0599	0.0939	0.092	0.0447	0.1389	0.1095	0.0292	0.2215	0.1393
449	0.0693	0.4066	0.0762	0.0613	0.0898	0.0599	0.0938	0.0918	0.0447	0.139	0.1093	0.0291	0.2215	0.1392
450	0.0691	0.4029	0.0763	0.0614	0.09	0.0599	0.0938	0.0919	0.0446	0.1388	0.1094	0.0291	0.2215	0.1393
451	0.0702	0.4044	0.0764	0.0615	0.09	0.0601	0.0938	0.0919	0.0447	0.1387	0.1093	0.0291	0.2212	0.1392
452	0.069	0.4009	0.0766	0.0616	0.0903	0.06	0.0939	0.0921	0.0447	0.1389	0.1095	0.0291	0.2215	0.1394
453	0.0691	0.4084	0.0766	0.0616	0.0903	0.06	0.0939	0.0921	0.0448	0.139	0.1096	0.0291	0.2217	0.1394
454	0.0689	0.405	0.0767	0.0616	0.0903	0.06	0.0942	0.0921	0.0449	0.1394	0.1097	0.0291	0.2214	0.1393
455	0.0685	0.3949	0.0769	0.0618	0.0903	0.0601	0.0944	0.0921	0.0449	0.1393	0.1096	0.0291	0.2214	0.1392
456	0.0684	0.3983	0.077	0.0618	0.0903	0.0603	0.0945	0.0921	0.0449	0.1393	0.1095	0.0291	0.2213	0.1392
457	0.0694	0.3991	0.077	0.062	0.0905	0.0603	0.0945	0.0922	0.0449	0.1394	0.1097	0.0291	0.2212	0.1393
458	0.0686	0.414	0.0767	0.0617	0.0903	0.0603	0.0944	0.0922	0.0449	0.1393	0.1096	0.0291	0.2212	0.1392
459	0.0688	0.4061	0.0766	0.0618	0.0903	0.0601	0.0943	0.0921	0.0449	0.1395	0.1097	0.0291	0.2212	0.1393
460	0.0686	0.3974	0.0764	0.0616	0.0901	0.06	0.094	0.092	0.0449	0.1396	0.1097	0.0291	0.2211	0.1392
461	0.0688	0.4101	0.0766	0.0618	0.0903	0.0599	0.0939	0.092	0.0449	0.1395	0.1097	0.0291	0.221	0.1392
462	0.0691	0.3999	0.077	0.0621	0.0905	0.0598	0.0936	0.0918	0.0448	0.1393	0.1096	0.0291	0.2213	0.1393
463	0.0684	0.4052	0.077	0.0621	0.0905	0.0597	0.0935	0.0917	0.0448	0.1393	0.1095	0.0291	0.2213	0.1392
464	0.0687	0.4149	0.0768	0.062	0.0904	0.0598	0.0938	0.0919	0.0448	0.1393	0.1095	0.0291	0.2211	0.1392
465	0.0679	0.4007	0.077	0.0622	0.0905	0.0598	0.0936	0.0917	0.0448	0.1391	0.1095	0.0291	0.2212	0.1392
466	0.0686	0.4093	0.0771	0.0622	0.0905	0.0597	0.0935	0.0917	0.0448	0.139	0.1094	0.0292	0.2213	0.1392
467	0.0683	0.4069	0.0771	0.0623	0.0904	0.0596	0.0931	0.0914	0.0447	0.1389	0.1093	0.0292	0.2213	0.1392
468	0.0685	0.4034	0.0766	0.0617	0.09	0.0595	0.0932	0.0914	0.0447	0.1389	0.1093	0.0291	0.2211	0.139
469	0.069	0.4075	0.0769	0.062	0.0904	0.0594	0.0931	0.0914	0.0446	0.1382	0.1091	0.0292	0.2213	0.1392
470	0.0682	0.4026	0.0771	0.0622	0.0906	0.0595	0.0931	0.0915	0.0447	0.1386	0.1093	0.0292	0.2215	0.1393
471	0.0684	0.4028	0.0768	0.0618	0.0904	0.0595	0.0933	0.0916	0.0447	0.1388	0.1094	0.0292	0.2217	0.1394
472	0.0688	0.4005	0.0768	0.0619	0.0904	0.0597	0.0937	0.0918	0.0447	0.1388	0.1094	0.0292	0.2215	0.1393
473	0.068	0.4007	0.0769	0.0619	0.0905	0.0598	0.0939	0.0919	0.0448	0.139	0.1095	0.0292	0.2217	0.1394
474	0.0682	0.4041	0.0768	0.0617	0.0903	0.0596	0.0936	0.0917	0.0447	0.1388	0.1093	0.0291	0.2216	0.1392
475	0.0685	0.4097	0.077	0.0617	0.0903	0.0596	0.0935	0.0915	0.0447	0.139	0.1093	0.0292	0.2219	0.1392
476	0.0678	0.4045	0.0768	0.0617	0.0902	0.0595	0.0935	0.0915	0.0447	0.139	0.1092	0.0292	0.2217	0.1392
477	0.0682	0.4097	0.0767	0.0617	0.0902	0.0595	0.0934	0.0915	0.0447	0.1388	0.1092	0.0292	0.2216	0.1392
478	0.0678	0.4047	0.0767	0.0616	0.0901	0.0596	0.0937	0.0916	0.0447	0.1389	0.1092	0.0292	0.2218	0.1393
479	0.0689	0.3964	0.0766	0.0617	0.09	0.0596	0.0936	0.0914	0.0446	0.1387	0.1091	0.0292	0.222	0.1392
480	0.0677	0.4084	0.0765	0.0616	0.0899	0.0595	0.0933	0.0913	0.0446	0.1386	0.109	0.0292	0.222	0.1391
481	0.0683	0.4036	0.0767	0.0616	0.0899	0.0595	0.0934	0.0913	0.0447	0.1388	0.109	0.0292	0.2222	0.1391
482	0.0677	0.4053	0.0764	0.0614	0.0897	0.0595	0.0935	0.0913	0.0447	0.1387	0.1089	0.0292	0.2219	0.139
483	0.0677	0.4005	0.0765	0.0616	0.0898	0.0597	0.0937	0.0914	0.0446	0.1388	0.1089	0.0292	0.2217	0.1389
484	0.0682	0.4084	0.0764	0.0617	0.0898	0.0598	0.0939	0.0915	0.0447	0.1388	0.109	0.0292	0.2221	0.1391
485	0.0685	0.404	0.0765	0.0617	0.0898	0.0596	0.0937	0.0914	0.0447	0.1386	0.1089	0.0293	0.2224	0.1392
486	0.0672	0.4062	0.0765	0.0616	0.0898	0.0596	0.0937	0.0914	0.0446	0.1388	0.1089	0.0292	0.2222	0.1391
487	0.0683	0.4064	0.0763	0.0616	0.0897	0.0595	0.0935	0.0913	0.0445	0.1385	0.1088	0.0292	0.2224	0.1392
488	0.068	0.4071	0.0762	0.0614	0.0896	0.0594	0.0933	0.0912	0.0445	0.1383	0.1088	0.0292	0.2224	0.1391
489	0.0683	0.4084	0.0761	0.0614	0.0896	0.0595	0.0933	0.0911	0.0445	0.1383	0.1087	0.0292	0.2222	0.139
490	0.0679	0.4066	0.0761	0.0614	0.0897	0.0595	0.0935	0.0914	0.0446	0.1385	0.1089	0.0292	0.2222	0.1392
491	0.0678	0.4047	0.076	0.0613	0.0897	0.0596	0.094	0.0916	0.0445	0.1383	0.1089	0.0292	0.2222	0.1392
492	0.0678	0.4044	0.0762	0.0613	0.0898	0.0595	0.0939	0.0915	0.0446	0.1383	0.109	0.0292	0.2222	0.1392
493	0.0684	0.4069	0.0764	0.0615	0.09	0.0596	0.0941	0.0917	0.0446	0.1384	0.1091	0.0292	0.2223	0.1393
494	0.0677	0.4105	0.0765	0.0616	0.0902	0.0597	0.094	0.0918	0.0446	0.1385	0.1092	0.0292	0.2222	0.1393
495	0.0678	0.4059	0.0767	0.0617	0.0902	0.0597	0.0941	0.0917	0.0446	0.1386	0.1092	0.0292	0.222	0.1392
496	0.0676	0.4089	0.0769	0.0619	0.0903	0.0597	0.094	0.0917	0.0447	0.1387	0.1092	0.0292	0.2218	0.1392
497	0.0682	0.4073	0.0768	0.062	0.0903	0.0597	0.0937	0.0917	0.0446	0.1386	0.1092	0.0292	0.2219	0.1393
498	0.0678	0.4055	0.0766	0.0619	0.0902	0.0598	0.094	0.0918	0.0446	0.1386	0.1092	0.0292	0.2217	0.1392
499	0.0679	0.4063	0.0765	0.0619	0.0901	0.06	0.0944	0.0919	0.0446	0.1384	0.1091	0.0292	0.222	0.1393
500	0.0677	0.4002	0.0764	0.0618	0.0901	0.06	0.0945	0.092	0.0445	0.1384	0.1091	0.0292	0.2221	0.1393
