{"n_layers": 0, "device": "cuda", "batch_size": 2048, "embedding_dim": 1024, "learning_rate": 0.001, "dataset": "dbbook", "epochs": 150, "top_k": 50, "multimodal": true, "datasets": {"dbbook": ["images", "text"], "ml1m": ["audio", "images", "text", "video"]}}
Epoch	Loss	Recall	Precision	NDCG
1	0.6924	0.0262	0.0034	0.0145
2	0.6757	0.0493	0.0064	0.0313
3	0.6589	0.0747	0.0096	0.0507
4	0.6376	0.1007	0.0132	0.0690
5	0.6097	0.1269	0.0168	0.0842
6	0.5733	0.1463	0.0195	0.0946
7	0.5286	0.1602	0.0217	0.1020
8	0.4779	0.1695	0.0230	0.1070
9	0.4239	0.1759	0.0239	0.1104
10	0.3723	0.1795	0.0245	0.1128
11	0.3241	0.1828	0.0250	0.1148
12	0.2813	0.1858	0.0255	0.1160
13	0.2464	0.1889	0.0259	0.1178
14	0.2158	0.1914	0.0261	0.1188
15	0.1905	0.1940	0.0264	0.1202
16	0.1682	0.1959	0.0267	0.1211
17	0.1497	0.1978	0.0269	0.1219
18	0.1342	0.1993	0.0271	0.1230
19	0.1199	0.2011	0.0273	0.1244
20	0.1084	0.2023	0.0275	0.1253
21	0.0966	0.2031	0.0275	0.1259
22	0.0888	0.2047	0.0277	0.1265
23	0.0813	0.2054	0.0278	0.1271
24	0.0746	0.2071	0.0280	0.1280
25	0.0683	0.2076	0.0281	0.1286
26	0.0636	0.2090	0.0282	0.1295
27	0.0582	0.2099	0.0283	0.1300
28	0.0542	0.2104	0.0284	0.1304
29	0.0506	0.2107	0.0284	0.1309
30	0.0472	0.2120	0.0286	0.1319
31	0.0447	0.2128	0.0286	0.1323
32	0.0417	0.2135	0.0287	0.1327
33	0.0387	0.2135	0.0287	0.1329
34	0.0363	0.2145	0.0288	0.1334
35	0.0344	0.2153	0.0288	0.1337
36	0.0333	0.2154	0.0289	0.1339
37	0.0313	0.2160	0.0290	0.1342
38	0.0298	0.2169	0.0291	0.1348
39	0.0280	0.2167	0.0291	0.1352
40	0.0274	0.2170	0.0291	0.1354
41	0.0263	0.2172	0.0291	0.1353
42	0.0253	0.2176	0.0292	0.1354
43	0.0235	0.2180	0.0292	0.1357
44	0.0235	0.2186	0.0293	0.1362
45	0.0221	0.2189	0.0293	0.1363
46	0.0217	0.2196	0.0294	0.1368
47	0.0204	0.2195	0.0294	0.1368
48	0.0205	0.2199	0.0294	0.1372
49	0.0192	0.2199	0.0294	0.1374
50	0.0189	0.2202	0.0294	0.1375
51	0.0172	0.2208	0.0295	0.1378
52	0.0180	0.2212	0.0295	0.1382
53	0.0175	0.2215	0.0295	0.1384
54	0.0169	0.2220	0.0296	0.1386
55	0.0164	0.2222	0.0296	0.1385
56	0.0163	0.2220	0.0296	0.1388
57	0.0147	0.2227	0.0296	0.1391
58	0.0148	0.2224	0.0296	0.1391
59	0.0142	0.2229	0.0296	0.1391
60	0.0145	0.2228	0.0296	0.1391
61	0.0142	0.2230	0.0296	0.1392
62	0.0141	0.2233	0.0296	0.1395
63	0.0135	0.2232	0.0295	0.1394
64	0.0140	0.2240	0.0296	0.1397
65	0.0126	0.2244	0.0297	0.1398
66	0.0128	0.2244	0.0297	0.1401
67	0.0120	0.2249	0.0298	0.1407
68	0.0128	0.2256	0.0298	0.1411
69	0.0118	0.2250	0.0298	0.1412
70	0.0121	0.2249	0.0298	0.1411
71	0.0118	0.2256	0.0299	0.1414
72	0.0116	0.2252	0.0298	0.1412
73	0.0114	0.2258	0.0298	0.1416
74	0.0111	0.2262	0.0299	0.1419
75	0.0112	0.2258	0.0298	0.1419
76	0.0108	0.2258	0.0298	0.1417
77	0.0108	0.2258	0.0298	0.1416
78	0.0105	0.2263	0.0299	0.1418
79	0.0108	0.2258	0.0298	0.1418
80	0.0106	0.2262	0.0299	0.1419
81	0.0105	0.2270	0.0299	0.1424
82	0.0098	0.2277	0.0300	0.1429
83	0.0099	0.2270	0.0299	0.1426
84	0.0096	0.2275	0.0299	0.1429
85	0.0098	0.2275	0.0299	0.1431
86	0.0095	0.2289	0.0301	0.1436
87	0.0098	0.2285	0.0300	0.1434
88	0.0091	0.2286	0.0300	0.1435
89	0.0093	0.2284	0.0300	0.1434
90	0.0092	0.2284	0.0300	0.1434
91	0.0093	0.2287	0.0300	0.1437
92	0.0088	0.2286	0.0301	0.1438
93	0.0096	0.2288	0.0301	0.1440
94	0.0093	0.2285	0.0300	0.1442
95	0.0089	0.2283	0.0300	0.1445
96	0.0087	0.2286	0.0301	0.1447
97	0.0087	0.2283	0.0301	0.1445
98	0.0090	0.2288	0.0301	0.1445
99	0.0086	0.2291	0.0301	0.1445
100	0.0089	0.2292	0.0301	0.1445
101	0.0083	0.2292	0.0301	0.1445
102	0.0086	0.2290	0.0301	0.1445
103	0.0090	0.2293	0.0302	0.1446
104	0.0087	0.2292	0.0301	0.1446
105	0.0089	0.2287	0.0301	0.1445
106	0.0080	0.2286	0.0301	0.1447
107	0.0085	0.2285	0.0301	0.1445
108	0.0081	0.2293	0.0301	0.1449
109	0.0085	0.2294	0.0302	0.1450
110	0.0082	0.2294	0.0301	0.1450
111	0.0084	0.2296	0.0302	0.1449
112	0.0081	0.2300	0.0302	0.1451
113	0.0082	0.2302	0.0302	0.1453
114	0.0083	0.2303	0.0302	0.1454
115	0.0077	0.2305	0.0302	0.1456
116	0.0073	0.2301	0.0302	0.1453
117	0.0073	0.2292	0.0301	0.1446
118	0.0080	0.2284	0.0300	0.1444
119	0.0081	0.2287	0.0300	0.1445
120	0.0079	0.2286	0.0300	0.1447
121	0.0075	0.2286	0.0300	0.1451
122	0.0078	0.2290	0.0301	0.1453
123	0.0079	0.2298	0.0302	0.1457
124	0.0077	0.2295	0.0301	0.1456
125	0.0079	0.2294	0.0301	0.1455
126	0.0072	0.2299	0.0301	0.1456
127	0.0079	0.2298	0.0302	0.1453
128	0.0073	0.2298	0.0301	0.1453
129	0.0076	0.2301	0.0302	0.1455
130	0.0078	0.2307	0.0302	0.1458
131	0.0078	0.2302	0.0302	0.1453
132	0.0074	0.2302	0.0302	0.1451
133	0.0077	0.2296	0.0301	0.1447
134	0.0075	0.2293	0.0300	0.1446
135	0.0072	0.2300	0.0301	0.1446
136	0.0075	0.2297	0.0301	0.1446
137	0.0075	0.2297	0.0301	0.1446
138	0.0069	0.2299	0.0301	0.1446
139	0.0072	0.2299	0.0301	0.1446
140	0.0076	0.2300	0.0302	0.1448
141	0.0075	0.2299	0.0302	0.1449
142	0.0075	0.2300	0.0301	0.1449
143	0.0075	0.2297	0.0301	0.1449
144	0.0075	0.2288	0.0301	0.1446
145	0.0072	0.2287	0.0301	0.1446
146	0.0077	0.2280	0.0300	0.1445
147	0.0074	0.2283	0.0300	0.1443
148	0.0072	0.2280	0.0300	0.1440
149	0.0073	0.2276	0.0299	0.1435
150	0.0075	0.2273	0.0299	0.1433
