{"n_layers": 0, "device": "cuda", "batch_size": 2048, "embedding_dim": 1024, "learning_rate": 0.001, "dataset": "dbbook", "epochs": 150, "top_k": 50, "multimodal": true, "datasets": {"dbbook": ["images", "text"], "ml1m": ["audio", "images", "text", "video"]}}
Epoch	Loss	Recall	Precision	NDCG
1	0.6930	0.0121	0.0016	0.0055
2	0.6747	0.0150	0.0019	0.0068
3	0.6575	0.0227	0.0028	0.0122
4	0.6372	0.0405	0.0053	0.0243
5	0.6125	0.0700	0.0094	0.0443
6	0.5819	0.0996	0.0136	0.0646
7	0.5450	0.1248	0.0171	0.0805
8	0.5022	0.1432	0.0197	0.0915
9	0.4554	0.1559	0.0214	0.0987
10	0.4067	0.1651	0.0227	0.1041
11	0.3589	0.1718	0.0237	0.1084
12	0.3146	0.1767	0.0243	0.1116
13	0.2745	0.1801	0.0247	0.1138
14	0.2396	0.1820	0.0251	0.1157
15	0.2085	0.1853	0.0254	0.1172
16	0.1829	0.1872	0.0257	0.1185
17	0.1615	0.1891	0.0259	0.1197
18	0.1428	0.1910	0.0261	0.1209
19	0.1272	0.1917	0.0262	0.1216
20	0.1132	0.1931	0.0263	0.1224
21	0.1017	0.1939	0.0264	0.1235
22	0.0912	0.1962	0.0267	0.1244
23	0.0826	0.1975	0.0267	0.1252
24	0.0755	0.1977	0.0268	0.1257
25	0.0682	0.1988	0.0269	0.1264
26	0.0628	0.1995	0.0270	0.1269
27	0.0579	0.2011	0.0271	0.1276
28	0.0533	0.2018	0.0273	0.1284
29	0.0494	0.2024	0.0273	0.1287
30	0.0458	0.2028	0.0273	0.1290
31	0.0426	0.2032	0.0274	0.1294
32	0.0402	0.2035	0.0274	0.1297
33	0.0371	0.2039	0.0275	0.1300
34	0.0353	0.2042	0.0275	0.1302
35	0.0329	0.2048	0.0275	0.1306
36	0.0309	0.2045	0.0275	0.1308
37	0.0293	0.2051	0.0275	0.1312
38	0.0280	0.2055	0.0276	0.1312
39	0.0265	0.2056	0.0275	0.1313
40	0.0252	0.2059	0.0276	0.1315
41	0.0242	0.2057	0.0276	0.1315
42	0.0231	0.2058	0.0276	0.1319
43	0.0220	0.2064	0.0277	0.1319
44	0.0212	0.2069	0.0277	0.1320
45	0.0206	0.2068	0.0277	0.1321
46	0.0193	0.2071	0.0277	0.1321
47	0.0191	0.2074	0.0278	0.1326
48	0.0177	0.2078	0.0278	0.1328
49	0.0172	0.2079	0.0278	0.1329
50	0.0172	0.2082	0.0279	0.1331
51	0.0165	0.2086	0.0279	0.1333
52	0.0157	0.2095	0.0279	0.1335
53	0.0161	0.2097	0.0280	0.1336
54	0.0152	0.2102	0.0280	0.1338
55	0.0143	0.2102	0.0280	0.1338
56	0.0145	0.2101	0.0280	0.1340
57	0.0140	0.2100	0.0280	0.1340
58	0.0135	0.2105	0.0280	0.1343
59	0.0131	0.2102	0.0280	0.1343
60	0.0126	0.2100	0.0280	0.1342
61	0.0125	0.2102	0.0280	0.1345
62	0.0128	0.2105	0.0281	0.1347
63	0.0120	0.2106	0.0281	0.1347
64	0.0119	0.2106	0.0281	0.1349
65	0.0114	0.2107	0.0281	0.1349
66	0.0115	0.2111	0.0281	0.1352
67	0.0111	0.2114	0.0282	0.1354
68	0.0109	0.2112	0.0282	0.1354
69	0.0111	0.2115	0.0281	0.1355
70	0.0106	0.2114	0.0281	0.1355
71	0.0106	0.2119	0.0282	0.1358
72	0.0105	0.2115	0.0281	0.1357
73	0.0103	0.2111	0.0281	0.1356
74	0.0103	0.2111	0.0281	0.1355
75	0.0102	0.2105	0.0280	0.1351
76	0.0099	0.2106	0.0280	0.1351
77	0.0095	0.2105	0.0280	0.1352
78	0.0097	0.2103	0.0280	0.1353
79	0.0095	0.2104	0.0280	0.1354
80	0.0093	0.2112	0.0281	0.1357
81	0.0093	0.2107	0.0281	0.1355
82	0.0095	0.2110	0.0281	0.1357
83	0.0088	0.2114	0.0281	0.1357
84	0.0088	0.2115	0.0281	0.1360
85	0.0093	0.2115	0.0281	0.1360
86	0.0087	0.2117	0.0281	0.1359
87	0.0087	0.2118	0.0282	0.1361
88	0.0086	0.2118	0.0282	0.1360
89	0.0088	0.2122	0.0282	0.1360
90	0.0086	0.2124	0.0282	0.1357
91	0.0085	0.2125	0.0282	0.1357
92	0.0083	0.2125	0.0282	0.1358
93	0.0085	0.2119	0.0281	0.1357
94	0.0083	0.2122	0.0282	0.1362
95	0.0088	0.2125	0.0282	0.1363
96	0.0083	0.2124	0.0282	0.1365
97	0.0078	0.2119	0.0282	0.1362
98	0.0078	0.2123	0.0282	0.1362
99	0.0085	0.2123	0.0282	0.1364
100	0.0077	0.2123	0.0282	0.1366
101	0.0079	0.2125	0.0282	0.1367
102	0.0081	0.2126	0.0282	0.1367
103	0.0075	0.2116	0.0281	0.1362
104	0.0078	0.2120	0.0281	0.1365
105	0.0077	0.2120	0.0281	0.1365
106	0.0076	0.2124	0.0282	0.1366
107	0.0076	0.2124	0.0282	0.1366
108	0.0080	0.2125	0.0281	0.1365
109	0.0081	0.2124	0.0282	0.1365
110	0.0077	0.2127	0.0282	0.1365
111	0.0074	0.2117	0.0281	0.1363
112	0.0074	0.2117	0.0282	0.1362
113	0.0075	0.2116	0.0281	0.1361
114	0.0076	0.2118	0.0281	0.1361
115	0.0071	0.2117	0.0281	0.1359
116	0.0074	0.2117	0.0281	0.1360
117	0.0074	0.2120	0.0281	0.1362
118	0.0076	0.2120	0.0281	0.1361
119	0.0072	0.2121	0.0281	0.1361
120	0.0073	0.2116	0.0281	0.1358
121	0.0069	0.2115	0.0281	0.1356
122	0.0070	0.2123	0.0282	0.1360
123	0.0072	0.2123	0.0281	0.1358
124	0.0070	0.2124	0.0281	0.1362
125	0.0072	0.2118	0.0281	0.1360
126	0.0072	0.2115	0.0281	0.1360
127	0.0068	0.2109	0.0281	0.1358
128	0.0071	0.2107	0.0280	0.1359
129	0.0067	0.2113	0.0281	0.1360
130	0.0071	0.2112	0.0281	0.1358
131	0.0070	0.2111	0.0281	0.1357
132	0.0068	0.2114	0.0281	0.1359
133	0.0071	0.2115	0.0281	0.1358
134	0.0074	0.2119	0.0281	0.1359
135	0.0071	0.2125	0.0282	0.1359
136	0.0070	0.2123	0.0281	0.1359
137	0.0070	0.2120	0.0281	0.1358
138	0.0067	0.2115	0.0280	0.1353
139	0.0077	0.2111	0.0279	0.1349
140	0.0068	0.2105	0.0280	0.1349
141	0.0074	0.2105	0.0280	0.1349
142	0.0071	0.2108	0.0280	0.1348
143	0.0072	0.2110	0.0280	0.1348
144	0.0069	0.2107	0.0279	0.1346
145	0.0070	0.2113	0.0279	0.1346
146	0.0067	0.2115	0.0280	0.1347
147	0.0073	0.2115	0.0280	0.1348
148	0.0073	0.2117	0.0280	0.1350
149	0.0070	0.2120	0.0280	0.1351
150	0.0071	0.2120	0.0280	0.1353
