{"n_layers": 0, "device": "cuda", "batch_size": 2048, "embedding_dim": 64, "learning_rate": 0.0005, "dataset": "dbbook", "epochs": 150, "top_k": 10, "multimodal": true, "datasets": {"dbbook": ["images", "text"], "ml1m": ["audio", "images", "text", "video"]}}
Epoch	Loss	Recall	Precision	NDCG
1	0.6931	0.0023	0.0014	0.0020
2	0.6925	0.0022	0.0014	0.0021
3	0.6919	0.0027	0.0018	0.0025
4	0.6913	0.0037	0.0024	0.0033
5	0.6906	0.0061	0.0042	0.0056
6	0.6899	0.0095	0.0062	0.0089
7	0.6891	0.0145	0.0095	0.0139
8	0.6880	0.0200	0.0129	0.0195
9	0.6868	0.0254	0.0168	0.0249
10	0.6854	0.0300	0.0203	0.0301
11	0.6837	0.0348	0.0237	0.0348
12	0.6818	0.0376	0.0260	0.0378
13	0.6796	0.0417	0.0284	0.0410
14	0.6769	0.0440	0.0302	0.0434
15	0.6740	0.0460	0.0317	0.0455
16	0.6704	0.0478	0.0330	0.0478
17	0.6666	0.0491	0.0342	0.0494
18	0.6621	0.0504	0.0352	0.0509
19	0.6573	0.0515	0.0359	0.0520
20	0.6517	0.0519	0.0363	0.0527
21	0.6458	0.0534	0.0372	0.0536
22	0.6393	0.0538	0.0376	0.0540
23	0.6323	0.0547	0.0380	0.0546
24	0.6248	0.0555	0.0385	0.0554
25	0.6168	0.0554	0.0384	0.0555
26	0.6086	0.0555	0.0383	0.0555
27	0.5994	0.0555	0.0384	0.0554
28	0.5905	0.0562	0.0389	0.0559
29	0.5808	0.0560	0.0388	0.0558
30	0.5709	0.0558	0.0389	0.0558
31	0.5615	0.0558	0.0387	0.0558
32	0.5512	0.0560	0.0389	0.0558
33	0.5409	0.0560	0.0389	0.0558
34	0.5311	0.0567	0.0392	0.0563
35	0.5207	0.0568	0.0394	0.0565
36	0.5097	0.0572	0.0395	0.0566
37	0.5001	0.0570	0.0396	0.0566
38	0.4903	0.0575	0.0398	0.0569
39	0.4798	0.0574	0.0398	0.0567
40	0.4712	0.0569	0.0396	0.0566
41	0.4614	0.0572	0.0398	0.0568
42	0.4518	0.0572	0.0398	0.0570
43	0.4435	0.0575	0.0400	0.0571
44	0.4346	0.0577	0.0401	0.0572
45	0.4249	0.0578	0.0402	0.0573
46	0.4167	0.0580	0.0402	0.0573
47	0.4087	0.0578	0.0402	0.0572
48	0.4005	0.0581	0.0405	0.0575
49	0.3938	0.0583	0.0404	0.0576
50	0.3856	0.0583	0.0404	0.0576
51	0.3793	0.0585	0.0404	0.0578
52	0.3706	0.0587	0.0406	0.0580
53	0.3656	0.0592	0.0409	0.0581
54	0.3592	0.0592	0.0408	0.0581
55	0.3522	0.0592	0.0409	0.0582
56	0.3461	0.0593	0.0410	0.0583
57	0.3401	0.0591	0.0410	0.0584
58	0.3342	0.0592	0.0410	0.0585
59	0.3293	0.0590	0.0408	0.0584
60	0.3236	0.0594	0.0409	0.0586
61	0.3185	0.0595	0.0410	0.0587
62	0.3139	0.0598	0.0411	0.0589
63	0.3084	0.0596	0.0412	0.0590
64	0.3044	0.0596	0.0412	0.0591
65	0.3003	0.0595	0.0411	0.0589
66	0.2934	0.0596	0.0412	0.0589
67	0.2898	0.0597	0.0413	0.0590
68	0.2852	0.0600	0.0414	0.0591
69	0.2814	0.0597	0.0414	0.0591
70	0.2773	0.0598	0.0414	0.0592
71	0.2729	0.0601	0.0415	0.0592
72	0.2694	0.0600	0.0415	0.0594
73	0.2660	0.0603	0.0417	0.0595
74	0.2606	0.0602	0.0417	0.0596
75	0.2607	0.0605	0.0418	0.0598
76	0.2548	0.0610	0.0422	0.0601
77	0.2506	0.0610	0.0422	0.0603
78	0.2463	0.0609	0.0421	0.0602
79	0.2455	0.0614	0.0423	0.0605
80	0.2415	0.0616	0.0426	0.0607
81	0.2392	0.0618	0.0426	0.0609
82	0.2348	0.0620	0.0426	0.0610
83	0.2342	0.0622	0.0428	0.0612
84	0.2295	0.0623	0.0430	0.0614
85	0.2267	0.0627	0.0430	0.0617
86	0.2242	0.0629	0.0430	0.0617
87	0.2218	0.0628	0.0430	0.0618
88	0.2196	0.0629	0.0431	0.0619
89	0.2164	0.0627	0.0431	0.0619
90	0.2145	0.0626	0.0430	0.0619
91	0.2095	0.0626	0.0430	0.0619
92	0.2099	0.0628	0.0431	0.0620
93	0.2059	0.0630	0.0432	0.0622
94	0.2027	0.0631	0.0433	0.0624
95	0.2016	0.0632	0.0435	0.0627
96	0.1982	0.0632	0.0434	0.0626
97	0.1968	0.0634	0.0435	0.0627
98	0.1933	0.0635	0.0435	0.0630
99	0.1919	0.0641	0.0438	0.0634
100	0.1883	0.0640	0.0438	0.0634
101	0.1859	0.0642	0.0439	0.0634
102	0.1860	0.0643	0.0441	0.0637
103	0.1831	0.0642	0.0441	0.0637
104	0.1823	0.0647	0.0442	0.0640
105	0.1799	0.0646	0.0442	0.0640
106	0.1775	0.0643	0.0441	0.0638
107	0.1752	0.0644	0.0442	0.0640
108	0.1726	0.0646	0.0442	0.0639
109	0.1717	0.0646	0.0442	0.0638
110	0.1707	0.0644	0.0441	0.0636
111	0.1686	0.0647	0.0442	0.0637
112	0.1661	0.0649	0.0443	0.0639
113	0.1635	0.0648	0.0443	0.0639
114	0.1616	0.0646	0.0442	0.0638
115	0.1607	0.0646	0.0443	0.0640
116	0.1590	0.0647	0.0444	0.0640
117	0.1562	0.0649	0.0444	0.0642
118	0.1563	0.0651	0.0446	0.0643
119	0.1538	0.0651	0.0446	0.0643
120	0.1517	0.0650	0.0445	0.0643
121	0.1514	0.0653	0.0446	0.0644
122	0.1480	0.0654	0.0446	0.0644
123	0.1482	0.0655	0.0446	0.0646
124	0.1445	0.0654	0.0446	0.0645
125	0.1446	0.0656	0.0447	0.0646
126	0.1419	0.0658	0.0448	0.0648
127	0.1412	0.0657	0.0447	0.0649
128	0.1395	0.0660	0.0450	0.0652
129	0.1389	0.0659	0.0449	0.0651
130	0.1363	0.0658	0.0450	0.0652
131	0.1359	0.0658	0.0450	0.0653
132	0.1336	0.0658	0.0451	0.0653
133	0.1324	0.0659	0.0450	0.0653
134	0.1318	0.0660	0.0451	0.0654
135	0.1282	0.0661	0.0452	0.0655
136	0.1289	0.0666	0.0453	0.0657
137	0.1263	0.0668	0.0454	0.0659
138	0.1251	0.0668	0.0454	0.0659
139	0.1261	0.0667	0.0452	0.0660
140	0.1239	0.0670	0.0454	0.0661
141	0.1196	0.0670	0.0454	0.0661
142	0.1203	0.0669	0.0454	0.0661
143	0.1189	0.0670	0.0455	0.0661
144	0.1184	0.0672	0.0456	0.0663
145	0.1178	0.0671	0.0455	0.0662
146	0.1150	0.0673	0.0456	0.0664
147	0.1150	0.0676	0.0459	0.0667
148	0.1153	0.0675	0.0459	0.0666
149	0.1138	0.0674	0.0458	0.0666
150	0.1113	0.0673	0.0457	0.0665
