{"n_layers": 2, "device": "cuda", "batch_size": 2048, "embedding_dim": 256, "learning_rate": 0.001, "dataset": "dbbook", "epochs": 150, "top_k": 50, "multimodal": true, "datasets": {"dbbook": ["images", "text"], "ml1m": ["audio", "images", "text", "video"]}}
Epoch	Loss	Recall	Precision	NDCG
1	0.6913	0.0802	0.0109	0.0532
2	0.6852	0.1300	0.0181	0.0817
3	0.6744	0.1474	0.0207	0.0867
4	0.6550	0.1481	0.0211	0.0826
5	0.6227	0.1462	0.0209	0.0779
6	0.5773	0.1412	0.0204	0.0740
7	0.5240	0.1374	0.0200	0.0715
8	0.4708	0.1358	0.0198	0.0705
9	0.4256	0.1353	0.0198	0.0702
10	0.3850	0.1363	0.0199	0.0706
11	0.3532	0.1380	0.0201	0.0715
12	0.3302	0.1390	0.0203	0.0722
13	0.3082	0.1403	0.0204	0.0728
14	0.2870	0.1414	0.0206	0.0736
15	0.2734	0.1432	0.0208	0.0747
16	0.2595	0.1449	0.0210	0.0759
17	0.2482	0.1470	0.0213	0.0772
18	0.2356	0.1483	0.0215	0.0782
19	0.2247	0.1508	0.0218	0.0796
20	0.2131	0.1527	0.0220	0.0808
21	0.2045	0.1551	0.0222	0.0821
22	0.1971	0.1568	0.0225	0.0832
23	0.1926	0.1593	0.0227	0.0846
24	0.1791	0.1604	0.0230	0.0855
25	0.1731	0.1612	0.0231	0.0864
26	0.1716	0.1639	0.0234	0.0876
27	0.1627	0.1649	0.0235	0.0885
28	0.1570	0.1679	0.0239	0.0901
29	0.1491	0.1701	0.0241	0.0913
30	0.1488	0.1719	0.0244	0.0923
31	0.1417	0.1741	0.0246	0.0935
32	0.1363	0.1764	0.0249	0.0946
33	0.1329	0.1789	0.0251	0.0958
34	0.1283	0.1805	0.0254	0.0967
35	0.1248	0.1828	0.0256	0.0978
36	0.1194	0.1840	0.0257	0.0987
37	0.1132	0.1851	0.0258	0.0994
38	0.1127	0.1872	0.0261	0.1005
39	0.1078	0.1881	0.0262	0.1012
40	0.1064	0.1897	0.0264	0.1021
41	0.1042	0.1907	0.0266	0.1028
42	0.1028	0.1916	0.0267	0.1033
43	0.0980	0.1930	0.0268	0.1043
44	0.0953	0.1936	0.0269	0.1051
45	0.0943	0.1949	0.0271	0.1062
46	0.0900	0.1959	0.0272	0.1070
47	0.0871	0.1975	0.0274	0.1078
48	0.0834	0.1981	0.0274	0.1084
49	0.0833	0.1992	0.0275	0.1093
50	0.0801	0.2005	0.0277	0.1100
51	0.0791	0.2012	0.0278	0.1105
52	0.0784	0.2021	0.0279	0.1111
53	0.0760	0.2023	0.0279	0.1115
54	0.0738	0.2030	0.0280	0.1121
55	0.0732	0.2037	0.0281	0.1127
56	0.0705	0.2046	0.0282	0.1135
57	0.0671	0.2059	0.0283	0.1143
58	0.0671	0.2067	0.0284	0.1149
59	0.0639	0.2076	0.0285	0.1153
60	0.0627	0.2080	0.0286	0.1157
61	0.0640	0.2082	0.0286	0.1161
62	0.0602	0.2092	0.0287	0.1168
63	0.0605	0.2099	0.0287	0.1171
64	0.0585	0.2107	0.0288	0.1176
65	0.0579	0.2113	0.0289	0.1179
66	0.0577	0.2122	0.0290	0.1182
67	0.0550	0.2122	0.0290	0.1183
68	0.0547	0.2126	0.0290	0.1186
69	0.0545	0.2132	0.0291	0.1191
70	0.0539	0.2139	0.0292	0.1196
71	0.0496	0.2142	0.0292	0.1199
72	0.0513	0.2148	0.0293	0.1203
73	0.0507	0.2147	0.0293	0.1206
74	0.0490	0.2150	0.0293	0.1209
75	0.0478	0.2159	0.0294	0.1212
76	0.0470	0.2160	0.0294	0.1212
77	0.0473	0.2163	0.0295	0.1218
78	0.0464	0.2167	0.0295	0.1220
79	0.0458	0.2172	0.0296	0.1224
80	0.0435	0.2164	0.0295	0.1223
81	0.0429	0.2167	0.0295	0.1227
82	0.0426	0.2172	0.0295	0.1231
83	0.0419	0.2172	0.0295	0.1232
84	0.0426	0.2175	0.0296	0.1236
85	0.0407	0.2176	0.0296	0.1237
86	0.0402	0.2174	0.0296	0.1238
87	0.0394	0.2183	0.0297	0.1241
88	0.0390	0.2184	0.0297	0.1243
89	0.0399	0.2188	0.0297	0.1247
90	0.0373	0.2193	0.0297	0.1249
91	0.0394	0.2188	0.0297	0.1248
92	0.0366	0.2190	0.0297	0.1251
93	0.0366	0.2194	0.0298	0.1255
94	0.0362	0.2194	0.0298	0.1257
95	0.0373	0.2196	0.0298	0.1261
96	0.0351	0.2202	0.0299	0.1264
97	0.0368	0.2207	0.0299	0.1265
98	0.0349	0.2208	0.0299	0.1269
99	0.0347	0.2209	0.0299	0.1270
100	0.0334	0.2211	0.0299	0.1270
101	0.0335	0.2220	0.0300	0.1274
102	0.0329	0.2224	0.0300	0.1278
103	0.0331	0.2227	0.0301	0.1280
104	0.0312	0.2226	0.0300	0.1280
105	0.0307	0.2228	0.0300	0.1282
106	0.0298	0.2230	0.0300	0.1282
107	0.0303	0.2229	0.0301	0.1283
108	0.0315	0.2233	0.0301	0.1285
109	0.0312	0.2233	0.0301	0.1285
110	0.0293	0.2234	0.0301	0.1284
111	0.0296	0.2237	0.0301	0.1287
112	0.0288	0.2237	0.0301	0.1287
113	0.0291	0.2237	0.0301	0.1289
114	0.0274	0.2237	0.0301	0.1290
115	0.0279	0.2233	0.0301	0.1288
116	0.0265	0.2230	0.0300	0.1288
117	0.0288	0.2232	0.0300	0.1291
118	0.0273	0.2234	0.0300	0.1293
119	0.0263	0.2235	0.0301	0.1294
120	0.0273	0.2232	0.0300	0.1293
121	0.0258	0.2233	0.0300	0.1295
122	0.0257	0.2231	0.0300	0.1295
123	0.0254	0.2236	0.0301	0.1298
124	0.0261	0.2242	0.0301	0.1300
125	0.0252	0.2245	0.0301	0.1302
126	0.0251	0.2245	0.0301	0.1303
127	0.0239	0.2244	0.0301	0.1304
128	0.0247	0.2243	0.0301	0.1305
129	0.0233	0.2244	0.0301	0.1306
130	0.0256	0.2246	0.0301	0.1307
131	0.0240	0.2247	0.0301	0.1308
132	0.0231	0.2245	0.0301	0.1309
133	0.0234	0.2245	0.0301	0.1310
134	0.0240	0.2252	0.0302	0.1314
135	0.0232	0.2252	0.0302	0.1315
136	0.0231	0.2247	0.0301	0.1312
137	0.0226	0.2247	0.0301	0.1312
138	0.0233	0.2246	0.0301	0.1313
139	0.0227	0.2248	0.0301	0.1314
140	0.0232	0.2242	0.0301	0.1313
141	0.0217	0.2244	0.0300	0.1314
142	0.0217	0.2239	0.0299	0.1311
143	0.0216	0.2244	0.0300	0.1312
144	0.0217	0.2244	0.0300	0.1311
145	0.0218	0.2245	0.0300	0.1311
146	0.0210	0.2240	0.0299	0.1312
147	0.0210	0.2239	0.0299	0.1311
148	0.0210	0.2237	0.0299	0.1312
149	0.0200	0.2238	0.0299	0.1312
150	0.0206	0.2242	0.0300	0.1313
