{"device": "cuda:2", "multimodal": true, "embedding_dim": 512, "n_layers": 2, "epochs": 500, "learning_rate": 0.001, "log": true, "seed": 19, "top_k": [5, 10, 20, 50], "dataset": "dbbook", "batch_size": 2048, "single_branch": false, "autoencoder": false, "ensemble_fusion": false, "freeze": true, "fusion_modalities": "mean", "fusion_type": "late", "info_nce": false, "weighting": "equal", "datasets": {"dbbook": ["images", "text"], "ml1m": ["audio", "images", "text", "video"]}}
Epoch	T-Loss	V-Loss	Precision@5	Recall@5	NDCG@5	Precision@10	Recall@10	NDCG@10	Precision@20	Recall@20	NDCG@20	Precision@50	Recall@50	NDCG@50
1	0.6931	0.693	0.0047	0.0036	0.0053	0.0039	0.006	0.0056	0.0036	0.0116	0.0079	0.003	0.0244	0.0122
2	0.692	0.6929	0.0135	0.0124	0.0165	0.0109	0.0191	0.0176	0.0083	0.029	0.0215	0.0059	0.0496	0.0287
3	0.691	0.6927	0.0274	0.024	0.0338	0.0206	0.0352	0.0344	0.0144	0.0488	0.0396	0.0089	0.0745	0.0485
4	0.6897	0.6924	0.0421	0.0367	0.0516	0.0296	0.0506	0.0506	0.0198	0.066	0.0564	0.0116	0.0966	0.067
5	0.6882	0.692	0.0526	0.0447	0.065	0.0376	0.0626	0.0638	0.0249	0.082	0.0708	0.0145	0.1181	0.0835
6	0.6864	0.6915	0.0606	0.05	0.0741	0.0438	0.0708	0.0726	0.0299	0.0964	0.0819	0.0174	0.14	0.0972
7	0.684	0.6908	0.0651	0.0531	0.0791	0.0479	0.0765	0.078	0.0336	0.1074	0.0895	0.02	0.1583	0.1074
8	0.6811	0.6898	0.0667	0.0543	0.0813	0.0508	0.0811	0.0816	0.036	0.1137	0.0938	0.0222	0.173	0.115
9	0.6775	0.6885	0.0678	0.0553	0.0826	0.0517	0.081	0.0824	0.0376	0.1179	0.0964	0.0237	0.1843	0.1199
10	0.673	0.6869	0.0686	0.0554	0.0833	0.0521	0.0816	0.0829	0.0384	0.1197	0.0975	0.0248	0.191	0.123
11	0.6676	0.6847	0.0684	0.0547	0.0827	0.053	0.0826	0.0831	0.0393	0.1207	0.098	0.0256	0.1968	0.125
12	0.6613	0.6821	0.0685	0.0537	0.0826	0.053	0.0821	0.0829	0.0398	0.122	0.0985	0.026	0.1994	0.1261
13	0.6538	0.6788	0.0689	0.0537	0.0822	0.0534	0.0825	0.0827	0.0401	0.1219	0.0982	0.0264	0.201	0.1264
14	0.645	0.6749	0.0691	0.0535	0.082	0.053	0.0815	0.082	0.0401	0.1221	0.098	0.0267	0.2022	0.1267
15	0.6351	0.6703	0.0687	0.0533	0.0816	0.0532	0.0809	0.0817	0.0402	0.1217	0.0977	0.0269	0.2025	0.1267
16	0.6242	0.6647	0.0682	0.0528	0.0811	0.0532	0.0812	0.0816	0.0399	0.1203	0.097	0.027	0.2028	0.1266
17	0.6121	0.6592	0.0678	0.0522	0.0806	0.0531	0.0806	0.0811	0.0398	0.1198	0.0965	0.027	0.2018	0.1261
18	0.599	0.6521	0.0676	0.052	0.0802	0.0529	0.0802	0.0809	0.0401	0.12	0.0966	0.027	0.2013	0.1259
19	0.5848	0.6447	0.0673	0.0518	0.0802	0.0525	0.0795	0.0806	0.04	0.1185	0.0962	0.0271	0.2027	0.1263
20	0.5699	0.6372	0.0677	0.0518	0.0805	0.0524	0.0793	0.0804	0.0401	0.1187	0.0963	0.027	0.2024	0.126
21	0.5544	0.6289	0.0684	0.0523	0.0809	0.0521	0.0784	0.0801	0.0399	0.1186	0.0962	0.027	0.2017	0.1258
22	0.5384	0.6193	0.0685	0.0524	0.0807	0.0523	0.0787	0.08	0.0398	0.1182	0.0958	0.027	0.2017	0.1256
23	0.5222	0.6103	0.0683	0.0522	0.0804	0.0523	0.0788	0.08	0.0398	0.1182	0.0957	0.027	0.2013	0.1254
24	0.5057	0.6017	0.068	0.0519	0.0801	0.0521	0.0784	0.0797	0.04	0.1187	0.0958	0.027	0.2011	0.1252
25	0.4886	0.5912	0.0678	0.0516	0.0799	0.0521	0.0783	0.0796	0.0397	0.1181	0.0954	0.027	0.2009	0.1251
26	0.4719	0.5823	0.0678	0.0518	0.0799	0.052	0.078	0.0795	0.0397	0.1179	0.0953	0.027	0.2007	0.125
27	0.456	0.5744	0.0679	0.0518	0.08	0.052	0.0779	0.0795	0.0398	0.1182	0.0955	0.027	0.2014	0.1252
28	0.4402	0.5634	0.0675	0.051	0.0795	0.0522	0.0785	0.0796	0.0399	0.1183	0.0954	0.027	0.2015	0.1251
29	0.4249	0.5541	0.0676	0.0513	0.0797	0.052	0.0781	0.0794	0.0399	0.1183	0.0955	0.0271	0.2016	0.1252
30	0.4096	0.5457	0.0678	0.0515	0.0799	0.052	0.0782	0.0796	0.0399	0.1183	0.0956	0.027	0.2004	0.125
31	0.3962	0.5358	0.0672	0.051	0.0796	0.0519	0.0777	0.0794	0.04	0.1181	0.0955	0.027	0.2007	0.125
32	0.3815	0.5287	0.0676	0.0512	0.0801	0.0523	0.0785	0.0799	0.0399	0.1179	0.0956	0.027	0.2002	0.1251
33	0.3678	0.5229	0.0676	0.0513	0.0798	0.0521	0.0779	0.0795	0.0397	0.1173	0.0952	0.027	0.1993	0.1247
34	0.3557	0.5148	0.0679	0.0517	0.08	0.0523	0.0784	0.0797	0.0398	0.1178	0.0954	0.027	0.1993	0.1247
35	0.3438	0.5051	0.068	0.0521	0.0802	0.0522	0.0782	0.0797	0.0398	0.1176	0.0953	0.027	0.1994	0.1248
36	0.3317	0.5019	0.0682	0.0523	0.0802	0.0522	0.0781	0.0795	0.0398	0.1177	0.0952	0.027	0.199	0.1246
37	0.321	0.4944	0.0681	0.0521	0.0802	0.0521	0.0779	0.0795	0.0398	0.1175	0.0953	0.027	0.1993	0.1247
38	0.3103	0.4865	0.0678	0.0517	0.0799	0.0523	0.0783	0.0796	0.0399	0.1179	0.0953	0.027	0.1993	0.1247
39	0.3016	0.4805	0.0676	0.0516	0.0797	0.0523	0.0782	0.0795	0.0399	0.118	0.0954	0.0271	0.1997	0.1248
40	0.2906	0.4766	0.0675	0.0516	0.0797	0.0519	0.0775	0.0792	0.0399	0.118	0.0953	0.0271	0.2002	0.1249
41	0.2824	0.4701	0.0676	0.0515	0.0796	0.052	0.0778	0.0792	0.0399	0.1176	0.0952	0.0271	0.2003	0.1249
42	0.2727	0.4664	0.0675	0.0514	0.0796	0.0523	0.0784	0.0795	0.0401	0.1182	0.0954	0.0271	0.2006	0.125
43	0.2654	0.4613	0.0676	0.0515	0.0798	0.0525	0.0786	0.0798	0.0402	0.1185	0.0958	0.0271	0.1998	0.1251
44	0.2579	0.4567	0.0678	0.0519	0.0799	0.0526	0.0791	0.0799	0.0402	0.1184	0.0956	0.0271	0.2002	0.1251
45	0.2508	0.4555	0.0679	0.052	0.08	0.0528	0.0793	0.0801	0.0402	0.1184	0.0958	0.0271	0.2003	0.1252
46	0.2423	0.4474	0.0678	0.0518	0.0797	0.053	0.0796	0.0801	0.0403	0.1187	0.0957	0.0272	0.2004	0.1251
47	0.235	0.4472	0.0679	0.0518	0.0799	0.0528	0.0794	0.0802	0.0403	0.1187	0.0959	0.0272	0.2005	0.1254
48	0.2301	0.4434	0.0682	0.0519	0.0801	0.0529	0.0795	0.0802	0.0403	0.1187	0.0959	0.0272	0.2008	0.1255
49	0.2234	0.4341	0.068	0.0519	0.0801	0.0529	0.0794	0.0803	0.0403	0.1187	0.096	0.0272	0.2009	0.1256
50	0.2167	0.4337	0.0686	0.0524	0.0803	0.0529	0.0793	0.0801	0.0403	0.1187	0.0958	0.0273	0.2017	0.1256
51	0.211	0.4352	0.069	0.0527	0.0808	0.0532	0.0796	0.0806	0.0403	0.1189	0.0962	0.0273	0.2021	0.1261
52	0.2045	0.4324	0.0694	0.053	0.081	0.0533	0.08	0.0807	0.0404	0.1192	0.0963	0.0273	0.2021	0.1261
53	0.1999	0.4272	0.0696	0.0531	0.0813	0.0535	0.0803	0.081	0.0405	0.1197	0.0966	0.0274	0.2027	0.1264
54	0.1947	0.4273	0.0696	0.0531	0.0814	0.0536	0.0804	0.0813	0.0405	0.1198	0.0969	0.0274	0.2028	0.1267
55	0.1899	0.4231	0.0699	0.0534	0.0818	0.0538	0.0807	0.0816	0.0405	0.1197	0.097	0.0274	0.2027	0.1269
56	0.1859	0.4255	0.0699	0.0533	0.0819	0.0539	0.081	0.0818	0.0406	0.1201	0.0973	0.0275	0.2031	0.1271
57	0.1817	0.4204	0.0699	0.0535	0.0818	0.0536	0.0806	0.0815	0.0405	0.1199	0.0971	0.0275	0.2035	0.1272
58	0.1763	0.4155	0.07	0.0536	0.0818	0.0538	0.0806	0.0816	0.0405	0.1198	0.097	0.0275	0.2034	0.1271
59	0.1717	0.4146	0.0697	0.0534	0.0816	0.0537	0.0807	0.0816	0.0405	0.1203	0.0973	0.0275	0.2037	0.1273
60	0.1667	0.4129	0.0698	0.0534	0.0818	0.0538	0.0808	0.0817	0.0405	0.1204	0.0974	0.0276	0.2046	0.1276
61	0.1655	0.4075	0.0697	0.0536	0.0819	0.054	0.0811	0.082	0.0406	0.1208	0.0976	0.0276	0.2046	0.1278
62	0.1601	0.4131	0.0697	0.0534	0.0818	0.0542	0.0816	0.0822	0.0408	0.1213	0.0978	0.0277	0.2055	0.1281
63	0.1562	0.4082	0.0698	0.0535	0.0818	0.0543	0.0819	0.0822	0.0406	0.1207	0.0976	0.0277	0.2058	0.1281
64	0.1519	0.4055	0.07	0.0537	0.0818	0.054	0.0812	0.0818	0.0406	0.1209	0.0974	0.0277	0.2064	0.1281
65	0.1505	0.4065	0.0703	0.0539	0.0819	0.0543	0.0817	0.0821	0.0407	0.1207	0.0975	0.0278	0.2066	0.1283
66	0.1462	0.401	0.0703	0.054	0.082	0.0543	0.0815	0.082	0.0408	0.1211	0.0977	0.0279	0.207	0.1285
67	0.1436	0.4039	0.0704	0.0541	0.082	0.0543	0.0817	0.0821	0.0409	0.1213	0.0978	0.0279	0.2073	0.1286
68	0.1405	0.4021	0.0702	0.054	0.082	0.0543	0.0816	0.0822	0.0409	0.1215	0.098	0.0279	0.2072	0.1287
69	0.1377	0.3989	0.0701	0.054	0.0818	0.0546	0.0822	0.0823	0.0408	0.121	0.0976	0.0279	0.2073	0.1286
70	0.1334	0.3958	0.0706	0.0547	0.0823	0.0546	0.0823	0.0825	0.0408	0.1212	0.0979	0.0279	0.2072	0.1287
71	0.1324	0.3967	0.0706	0.0548	0.0825	0.0546	0.0821	0.0826	0.0408	0.1211	0.098	0.0278	0.2071	0.1288
72	0.1303	0.3984	0.0714	0.0554	0.0829	0.0547	0.0826	0.0827	0.0409	0.1215	0.0981	0.0278	0.2069	0.1288
73	0.1254	0.3964	0.0714	0.0554	0.0829	0.0547	0.0826	0.0828	0.0409	0.1216	0.0982	0.0279	0.207	0.1289
74	0.1222	0.3912	0.0714	0.0553	0.083	0.0549	0.083	0.0831	0.041	0.1221	0.0985	0.0279	0.2075	0.1292
75	0.123	0.3923	0.0711	0.0553	0.0829	0.0551	0.0834	0.0833	0.0411	0.1227	0.0987	0.0279	0.2076	0.1293
76	0.1186	0.3929	0.0712	0.0554	0.083	0.055	0.0835	0.0833	0.0411	0.1229	0.0988	0.0279	0.2076	0.1294
77	0.1169	0.3913	0.0714	0.0556	0.0831	0.055	0.0836	0.0834	0.0411	0.123	0.0989	0.028	0.2081	0.1295
78	0.1148	0.3861	0.0712	0.0555	0.0829	0.0552	0.0837	0.0834	0.0412	0.123	0.0989	0.0281	0.2089	0.1298
79	0.1135	0.3918	0.0711	0.0554	0.0829	0.0553	0.0839	0.0836	0.0413	0.1234	0.0991	0.028	0.2089	0.1298
80	0.1097	0.3856	0.0717	0.0557	0.0833	0.0555	0.084	0.0838	0.0413	0.1233	0.0992	0.0281	0.2092	0.13
81	0.1083	0.3902	0.0715	0.0557	0.0833	0.0556	0.0841	0.084	0.0414	0.1237	0.0994	0.0281	0.2095	0.1303
82	0.1047	0.3872	0.0715	0.0557	0.0835	0.0556	0.0839	0.084	0.0413	0.1236	0.0995	0.0281	0.209	0.1303
83	0.1055	0.3859	0.0715	0.0557	0.0836	0.0557	0.0841	0.0842	0.0414	0.1239	0.0997	0.0281	0.2096	0.1306
84	0.1011	0.3798	0.0714	0.0556	0.0835	0.0557	0.0843	0.0843	0.0413	0.124	0.0997	0.0281	0.2097	0.1306
85	0.1012	0.3893	0.0715	0.0556	0.0836	0.0556	0.0839	0.0842	0.0414	0.1242	0.0999	0.0282	0.2099	0.1308
86	0.0981	0.3855	0.0715	0.0557	0.0836	0.0558	0.0843	0.0844	0.0416	0.1247	0.1002	0.0281	0.2097	0.1308
87	0.0975	0.3871	0.0715	0.0558	0.0836	0.0558	0.0844	0.0844	0.0416	0.1247	0.1001	0.0281	0.2096	0.1308
88	0.0959	0.3901	0.0715	0.0556	0.0836	0.0558	0.0847	0.0846	0.0416	0.1248	0.1003	0.0281	0.2099	0.131
89	0.0945	0.3879	0.0716	0.0558	0.0838	0.0559	0.085	0.0847	0.0417	0.1248	0.1004	0.0282	0.2103	0.1311
90	0.0928	0.3842	0.0715	0.0556	0.0837	0.0559	0.085	0.0847	0.0417	0.1247	0.1004	0.0282	0.2103	0.1312
91	0.0903	0.3856	0.0712	0.0556	0.0836	0.0559	0.085	0.0848	0.0417	0.125	0.1005	0.0282	0.2107	0.1314
92	0.0891	0.3777	0.0714	0.0555	0.0836	0.056	0.0851	0.0848	0.0418	0.1254	0.1006	0.0282	0.2109	0.1314
93	0.0887	0.3825	0.0714	0.0555	0.0836	0.0562	0.0856	0.085	0.0418	0.1255	0.1007	0.0283	0.2111	0.1315
94	0.0861	0.3833	0.0716	0.0556	0.0838	0.0561	0.0853	0.0849	0.0418	0.1256	0.1007	0.0283	0.2115	0.1317
95	0.0869	0.3802	0.0715	0.0557	0.0837	0.0561	0.0857	0.085	0.0417	0.1256	0.1007	0.0283	0.2117	0.1317
96	0.0838	0.3811	0.0716	0.0559	0.0838	0.0561	0.0858	0.0851	0.0417	0.1259	0.1008	0.0283	0.2117	0.1318
97	0.0823	0.3776	0.0716	0.0558	0.0837	0.0562	0.086	0.0851	0.0418	0.1261	0.1008	0.0283	0.2118	0.1318
98	0.0816	0.3815	0.0714	0.0558	0.0838	0.0562	0.0858	0.0852	0.0418	0.126	0.1009	0.0283	0.2118	0.1319
99	0.0795	0.381	0.0717	0.0562	0.084	0.0563	0.0856	0.0853	0.0418	0.126	0.101	0.0284	0.2124	0.1322
100	0.0791	0.3808	0.072	0.0565	0.0844	0.0564	0.0858	0.0854	0.0419	0.1263	0.1012	0.0284	0.2126	0.1323
101	0.0781	0.3807	0.0724	0.0569	0.0847	0.0565	0.0861	0.0856	0.0419	0.1264	0.1013	0.0284	0.2124	0.1324
102	0.0773	0.3842	0.0723	0.0567	0.0847	0.0566	0.0863	0.0858	0.0419	0.1265	0.1014	0.0284	0.2129	0.1326
103	0.0759	0.376	0.0723	0.0566	0.0845	0.0568	0.0866	0.0858	0.0419	0.1266	0.1013	0.0285	0.2134	0.1326
104	0.075	0.3787	0.0722	0.0566	0.0846	0.0568	0.0865	0.0859	0.0418	0.1263	0.1013	0.0285	0.2135	0.1328
105	0.0735	0.3801	0.0722	0.0565	0.0849	0.0567	0.0864	0.0861	0.0419	0.1268	0.1018	0.0285	0.2136	0.1332
106	0.0726	0.3833	0.0724	0.0568	0.085	0.0568	0.0865	0.0862	0.0419	0.1267	0.1018	0.0286	0.2141	0.1333
107	0.0725	0.38	0.0727	0.0573	0.0853	0.0572	0.087	0.0865	0.042	0.1267	0.1019	0.0286	0.2143	0.1334
108	0.0709	0.3803	0.0727	0.0574	0.0853	0.0571	0.0871	0.0865	0.0421	0.1272	0.1021	0.0286	0.2145	0.1336
109	0.0696	0.3807	0.0726	0.0574	0.0853	0.0569	0.0868	0.0864	0.042	0.1271	0.1021	0.0286	0.2144	0.1336
110	0.0688	0.373	0.0728	0.0577	0.0854	0.0571	0.0871	0.0865	0.0422	0.1274	0.1023	0.0286	0.2141	0.1335
111	0.0679	0.3737	0.0728	0.0577	0.0854	0.0571	0.0874	0.0866	0.0423	0.1278	0.1024	0.0286	0.214	0.1335
112	0.0686	0.3719	0.0728	0.0576	0.0853	0.0572	0.0875	0.0866	0.0423	0.1279	0.1024	0.0286	0.2138	0.1334
113	0.067	0.3751	0.0729	0.0577	0.0854	0.0572	0.0875	0.0867	0.0423	0.1281	0.1025	0.0286	0.2142	0.1336
114	0.0656	0.3775	0.0731	0.0577	0.0855	0.0573	0.0877	0.0868	0.0424	0.1282	0.1026	0.0286	0.2143	0.1337
115	0.0649	0.378	0.073	0.0578	0.0855	0.0572	0.0875	0.0867	0.0424	0.1283	0.1026	0.0286	0.2145	0.1338
116	0.0647	0.3805	0.0728	0.0577	0.0854	0.0573	0.0876	0.0869	0.0423	0.1282	0.1027	0.0286	0.2144	0.1339
117	0.0646	0.3762	0.0727	0.0579	0.0856	0.0573	0.0879	0.0871	0.0424	0.1284	0.1029	0.0286	0.2143	0.134
118	0.0622	0.3753	0.073	0.0582	0.0857	0.0572	0.088	0.087	0.0425	0.1286	0.103	0.0286	0.2147	0.1341
119	0.0625	0.3769	0.0731	0.0582	0.086	0.0572	0.0884	0.0873	0.0425	0.1286	0.1032	0.0286	0.2144	0.1342
120	0.0614	0.3748	0.0733	0.0583	0.0862	0.0572	0.0884	0.0874	0.0425	0.1288	0.1033	0.0287	0.215	0.1345
121	0.0607	0.3757	0.0733	0.0583	0.0862	0.0573	0.0885	0.0875	0.0425	0.1288	0.1034	0.0287	0.2153	0.1346
122	0.0602	0.3718	0.0731	0.0581	0.0861	0.0574	0.0887	0.0876	0.0425	0.1292	0.1035	0.0287	0.2157	0.1347
123	0.0602	0.3752	0.0733	0.0582	0.0862	0.0573	0.0887	0.0876	0.0427	0.1302	0.1038	0.0287	0.2156	0.1347
124	0.059	0.3731	0.0731	0.058	0.086	0.0574	0.0888	0.0877	0.0427	0.1303	0.1039	0.0287	0.2157	0.1348
125	0.0591	0.3715	0.0735	0.0583	0.0862	0.0574	0.0885	0.0875	0.0427	0.1303	0.1039	0.0288	0.2162	0.1349
126	0.0578	0.3734	0.0735	0.0583	0.0862	0.0575	0.0889	0.0876	0.0427	0.1305	0.1039	0.0288	0.2166	0.135
127	0.0585	0.3689	0.0735	0.0585	0.0862	0.0576	0.0889	0.0877	0.0428	0.1309	0.1041	0.0288	0.2165	0.135
128	0.0574	0.3746	0.0735	0.0584	0.0864	0.0578	0.0891	0.088	0.0428	0.1308	0.1042	0.0288	0.2162	0.1351
129	0.0564	0.379	0.0735	0.0584	0.0862	0.0577	0.089	0.0878	0.0427	0.1306	0.104	0.0288	0.2164	0.135
130	0.055	0.3715	0.0736	0.0586	0.0864	0.0578	0.0891	0.0879	0.0428	0.1311	0.1042	0.0287	0.2163	0.135
131	0.0556	0.3745	0.0736	0.0587	0.0864	0.0578	0.0892	0.088	0.0428	0.1311	0.1043	0.0288	0.2165	0.1351
132	0.056	0.3705	0.0733	0.0585	0.0864	0.0577	0.0889	0.088	0.0429	0.1313	0.1045	0.0288	0.2167	0.1353
133	0.0554	0.3684	0.0731	0.0583	0.0863	0.0577	0.0889	0.088	0.0427	0.1308	0.1043	0.0288	0.2165	0.1353
134	0.0541	0.3761	0.0732	0.0583	0.0863	0.0579	0.0891	0.0881	0.0427	0.1304	0.1041	0.0289	0.2169	0.1354
135	0.0538	0.3662	0.0735	0.0588	0.0864	0.0577	0.0895	0.088	0.0428	0.1308	0.1043	0.0289	0.2172	0.1355
136	0.0529	0.3714	0.0736	0.0589	0.0865	0.0578	0.0896	0.0881	0.0429	0.1312	0.1044	0.0288	0.2168	0.1354
137	0.0517	0.3769	0.0737	0.0589	0.0865	0.0578	0.0895	0.0881	0.0428	0.131	0.1043	0.0289	0.2171	0.1355
138	0.0523	0.3735	0.0736	0.0588	0.0864	0.0578	0.0896	0.0881	0.0429	0.1313	0.1044	0.0289	0.2171	0.1355
139	0.0515	0.371	0.0737	0.0589	0.0864	0.0577	0.0895	0.0879	0.043	0.1318	0.1045	0.0289	0.2171	0.1354
140	0.0514	0.3686	0.0735	0.0588	0.0864	0.0577	0.0895	0.0881	0.043	0.1316	0.1046	0.0289	0.2171	0.1356
141	0.0513	0.3749	0.0735	0.0588	0.0863	0.0577	0.0895	0.088	0.043	0.1318	0.1046	0.0289	0.2174	0.1356
142	0.0499	0.3693	0.0734	0.0588	0.0862	0.0576	0.0894	0.0879	0.0431	0.1321	0.1047	0.0289	0.2178	0.1357
143	0.0502	0.3776	0.0735	0.0588	0.0861	0.0577	0.0895	0.0878	0.0431	0.1321	0.1046	0.0289	0.2174	0.1354
144	0.0491	0.3849	0.0734	0.0588	0.0861	0.0579	0.0902	0.0881	0.043	0.1316	0.1045	0.0289	0.2172	0.1354
145	0.049	0.3687	0.0738	0.0589	0.0864	0.0577	0.0897	0.088	0.043	0.1317	0.1045	0.0289	0.2172	0.1355
146	0.0491	0.3745	0.0737	0.0589	0.0863	0.0579	0.0898	0.088	0.043	0.1315	0.1044	0.0289	0.2171	0.1354
147	0.0485	0.3698	0.0733	0.0587	0.086	0.0576	0.0895	0.0878	0.0431	0.1323	0.1046	0.0289	0.2173	0.1355
148	0.0469	0.3647	0.0733	0.0587	0.0861	0.0576	0.0897	0.088	0.0431	0.1324	0.1048	0.0289	0.2172	0.1356
149	0.048	0.3738	0.0733	0.0588	0.0862	0.0577	0.0899	0.0881	0.043	0.1321	0.1047	0.0289	0.217	0.1355
150	0.047	0.3668	0.0735	0.0589	0.0862	0.0577	0.0897	0.088	0.0431	0.1319	0.1046	0.0289	0.2172	0.1356
151	0.0475	0.3737	0.0734	0.0588	0.0861	0.0579	0.0899	0.0881	0.0431	0.1317	0.1045	0.0289	0.2173	0.1355
152	0.0471	0.371	0.0733	0.0587	0.0861	0.0578	0.0897	0.088	0.0431	0.1318	0.1046	0.0289	0.2171	0.1355
153	0.0464	0.3763	0.0738	0.0591	0.0864	0.0578	0.0897	0.088	0.0431	0.132	0.1046	0.0289	0.2171	0.1355
154	0.0459	0.3716	0.0738	0.059	0.0862	0.0578	0.0897	0.0879	0.0431	0.1321	0.1046	0.0289	0.2173	0.1354
155	0.0461	0.3627	0.074	0.0593	0.0864	0.0578	0.0897	0.0879	0.0433	0.1327	0.1048	0.0289	0.2172	0.1355
156	0.0457	0.3681	0.0743	0.0596	0.0868	0.058	0.0901	0.0883	0.0432	0.1326	0.105	0.0289	0.2172	0.1357
157	0.0445	0.37	0.0746	0.0595	0.087	0.058	0.0901	0.0884	0.0433	0.1329	0.1052	0.0289	0.2175	0.1359
158	0.0449	0.3731	0.0746	0.0595	0.0869	0.0578	0.0901	0.0882	0.0433	0.1332	0.1051	0.0289	0.2174	0.1357
159	0.0447	0.3714	0.0745	0.0594	0.0869	0.0578	0.0902	0.0883	0.0433	0.1334	0.1053	0.0289	0.2175	0.1359
160	0.0445	0.3699	0.0745	0.0594	0.0868	0.0578	0.0902	0.0883	0.0434	0.1336	0.1053	0.0289	0.2174	0.1359
161	0.0442	0.3721	0.0743	0.0593	0.0868	0.0577	0.0899	0.0882	0.0433	0.1334	0.1053	0.0289	0.2175	0.1359
162	0.0437	0.3681	0.0742	0.0592	0.0868	0.0578	0.0898	0.0883	0.0433	0.1332	0.1053	0.029	0.2179	0.1361
163	0.0436	0.3742	0.0742	0.0591	0.087	0.0577	0.0897	0.0883	0.0433	0.1335	0.1055	0.029	0.2186	0.1364
164	0.0436	0.3735	0.0745	0.0594	0.0872	0.0578	0.0898	0.0885	0.0434	0.1336	0.1056	0.029	0.218	0.1363
165	0.0433	0.3678	0.0743	0.0592	0.0871	0.0579	0.09	0.0885	0.0435	0.1337	0.1057	0.0289	0.2179	0.1363
166	0.0429	0.3735	0.0744	0.0594	0.0873	0.0579	0.0899	0.0886	0.0435	0.1341	0.1058	0.0289	0.2179	0.1363
167	0.0425	0.3719	0.0745	0.0595	0.0875	0.0578	0.0899	0.0887	0.0436	0.1341	0.106	0.029	0.2182	0.1365
168	0.0424	0.3745	0.0746	0.0594	0.0875	0.0578	0.09	0.0888	0.0436	0.1342	0.1061	0.029	0.2182	0.1366
169	0.0425	0.3674	0.0744	0.0591	0.0872	0.0579	0.0902	0.0887	0.0437	0.1344	0.1061	0.029	0.2179	0.1365
170	0.0419	0.368	0.0744	0.0591	0.0873	0.0578	0.0901	0.0887	0.0436	0.1339	0.106	0.029	0.2184	0.1367
171	0.0429	0.3703	0.0748	0.0594	0.0875	0.058	0.0904	0.0889	0.0436	0.134	0.106	0.029	0.2184	0.1367
172	0.0411	0.3695	0.0747	0.0594	0.0875	0.0581	0.0906	0.089	0.0436	0.1342	0.1061	0.029	0.2188	0.1368
173	0.042	0.3677	0.0748	0.0594	0.0877	0.0582	0.0908	0.0892	0.0437	0.1346	0.1064	0.029	0.2183	0.1368
174	0.0412	0.3713	0.0746	0.0593	0.0876	0.0581	0.0907	0.0892	0.0437	0.1348	0.1064	0.029	0.2184	0.1368
175	0.0415	0.36	0.0745	0.0593	0.0874	0.0581	0.0907	0.0891	0.0437	0.1347	0.1063	0.0289	0.2178	0.1366
176	0.0409	0.3649	0.0748	0.0594	0.0877	0.0581	0.0908	0.0892	0.0436	0.1343	0.1062	0.029	0.2183	0.1368
177	0.0411	0.3709	0.0747	0.0593	0.0878	0.0582	0.0909	0.0895	0.0436	0.1345	0.1065	0.0289	0.2184	0.137
178	0.0402	0.3695	0.0745	0.0593	0.0876	0.0583	0.0911	0.0894	0.0436	0.1345	0.1064	0.029	0.2184	0.1369
179	0.0401	0.3715	0.0746	0.0594	0.0877	0.0584	0.0913	0.0896	0.0436	0.1346	0.1065	0.029	0.2184	0.137
180	0.0409	0.3716	0.0745	0.0592	0.0874	0.0586	0.0915	0.0895	0.0436	0.1347	0.1064	0.029	0.2186	0.1368
181	0.0401	0.3619	0.0747	0.0594	0.0876	0.0587	0.0916	0.0896	0.0436	0.1348	0.1064	0.0289	0.2184	0.1368
182	0.0398	0.371	0.0748	0.0595	0.0877	0.0586	0.0914	0.0896	0.0436	0.1346	0.1065	0.0289	0.2184	0.1369
183	0.0401	0.3735	0.0747	0.0594	0.0876	0.0583	0.0911	0.0894	0.0438	0.1349	0.1066	0.0289	0.2183	0.1368
184	0.0399	0.3708	0.0744	0.0591	0.0875	0.0584	0.0912	0.0896	0.0438	0.135	0.1067	0.0289	0.2185	0.137
185	0.0396	0.3749	0.0749	0.0596	0.088	0.0586	0.0914	0.0898	0.0438	0.135	0.1069	0.0289	0.2184	0.1371
186	0.0402	0.3704	0.0751	0.0597	0.0882	0.0586	0.0915	0.09	0.0438	0.135	0.1069	0.0289	0.2186	0.1372
187	0.0392	0.3651	0.0753	0.0597	0.0883	0.0587	0.0915	0.09	0.0438	0.135	0.107	0.0289	0.2185	0.1372
188	0.0396	0.3644	0.075	0.0595	0.0882	0.0588	0.0919	0.0902	0.0439	0.1353	0.1072	0.0289	0.2184	0.1373
189	0.0396	0.3678	0.0751	0.0596	0.0883	0.0586	0.0917	0.0901	0.0438	0.1351	0.1071	0.0289	0.2187	0.1374
190	0.0388	0.3718	0.0752	0.0597	0.0882	0.0585	0.0914	0.0899	0.0438	0.1351	0.107	0.0289	0.2188	0.1373
191	0.0383	0.3681	0.0749	0.0597	0.088	0.0585	0.0915	0.0898	0.0437	0.1351	0.1069	0.0289	0.2187	0.1371
192	0.0391	0.3629	0.0749	0.0597	0.0881	0.0586	0.0915	0.0899	0.0437	0.1349	0.1069	0.0289	0.2186	0.1372
193	0.0382	0.3628	0.075	0.0598	0.0882	0.0585	0.0915	0.09	0.0437	0.135	0.107	0.0289	0.2188	0.1373
194	0.0378	0.3751	0.0751	0.0601	0.0883	0.0585	0.0914	0.0899	0.0437	0.135	0.1069	0.029	0.2194	0.1374
195	0.038	0.3734	0.075	0.06	0.0883	0.0586	0.0915	0.09	0.0437	0.1348	0.1069	0.0289	0.2192	0.1374
196	0.0382	0.3597	0.0751	0.0603	0.0886	0.0586	0.0916	0.0902	0.0437	0.1349	0.1071	0.029	0.2194	0.1376
197	0.0379	0.3716	0.0751	0.0603	0.0888	0.0587	0.0918	0.0905	0.0438	0.1353	0.1075	0.029	0.2193	0.1378
198	0.0377	0.3644	0.075	0.0603	0.0887	0.0586	0.0918	0.0904	0.0439	0.1356	0.1075	0.029	0.2196	0.1378
199	0.0376	0.3739	0.075	0.06	0.0885	0.0587	0.0919	0.0904	0.0439	0.1357	0.1075	0.029	0.22	0.1379
200	0.038	0.37	0.075	0.0601	0.0886	0.0587	0.0917	0.0904	0.0438	0.1355	0.1075	0.029	0.2198	0.1379
201	0.0379	0.3717	0.0749	0.0601	0.0886	0.0588	0.092	0.0905	0.0438	0.1355	0.1075	0.029	0.2196	0.1379
202	0.0373	0.3659	0.0752	0.0605	0.0889	0.0588	0.092	0.0906	0.0439	0.1359	0.1077	0.0291	0.2203	0.1381
203	0.0372	0.3706	0.075	0.0603	0.0887	0.0588	0.0921	0.0905	0.0439	0.1358	0.1076	0.029	0.2207	0.1381
204	0.0368	0.3748	0.0749	0.0601	0.0884	0.059	0.0927	0.0907	0.0439	0.1358	0.1075	0.0291	0.2209	0.138
205	0.0371	0.3659	0.0748	0.0599	0.0883	0.0592	0.0929	0.0908	0.0439	0.1357	0.1075	0.0291	0.221	0.1382
206	0.037	0.3656	0.0749	0.06	0.0886	0.0591	0.093	0.091	0.044	0.1359	0.1078	0.029	0.2207	0.1382
207	0.0365	0.3677	0.0751	0.0601	0.0887	0.0591	0.0929	0.0909	0.0439	0.1355	0.1076	0.0291	0.2209	0.1383
208	0.0368	0.3747	0.0754	0.0603	0.0889	0.059	0.0926	0.0908	0.044	0.136	0.1077	0.0291	0.2207	0.1382
209	0.0367	0.3721	0.0755	0.0605	0.089	0.0592	0.093	0.091	0.044	0.1361	0.1078	0.0291	0.2204	0.1382
210	0.0365	0.3672	0.0755	0.0605	0.0891	0.0592	0.0928	0.0911	0.044	0.1361	0.108	0.0291	0.2202	0.1383
211	0.0363	0.3626	0.0756	0.0606	0.0892	0.0593	0.093	0.0912	0.044	0.1361	0.108	0.029	0.2202	0.1383
212	0.0368	0.3699	0.0756	0.0606	0.0893	0.0592	0.0928	0.0911	0.044	0.1362	0.1081	0.029	0.2199	0.1383
213	0.0361	0.3641	0.0756	0.0607	0.0893	0.0591	0.0929	0.0911	0.044	0.1359	0.108	0.0291	0.22	0.1383
214	0.036	0.3709	0.0755	0.0605	0.0892	0.0592	0.0929	0.0911	0.044	0.1359	0.108	0.029	0.2201	0.1383
215	0.036	0.3734	0.0754	0.0603	0.0892	0.0592	0.0928	0.0912	0.0439	0.1355	0.1079	0.029	0.2196	0.1382
216	0.0362	0.3648	0.0755	0.0605	0.0893	0.0592	0.093	0.0912	0.044	0.1355	0.1079	0.029	0.2197	0.1382
217	0.0365	0.363	0.0754	0.0606	0.0891	0.0592	0.093	0.091	0.044	0.1359	0.1078	0.029	0.2195	0.138
218	0.0363	0.3709	0.0755	0.0606	0.0892	0.0594	0.0931	0.0912	0.044	0.1359	0.1079	0.029	0.2196	0.1382
219	0.0355	0.3698	0.0761	0.061	0.0897	0.0595	0.0932	0.0915	0.0441	0.1364	0.1083	0.029	0.2194	0.1383
220	0.0359	0.3622	0.0761	0.0611	0.0898	0.0596	0.0932	0.0916	0.0441	0.1363	0.1083	0.029	0.2196	0.1384
221	0.0351	0.3638	0.0759	0.061	0.0897	0.0595	0.0931	0.0915	0.0441	0.1363	0.1083	0.029	0.2198	0.1384
222	0.0352	0.3736	0.076	0.0611	0.0898	0.0596	0.0934	0.0917	0.0441	0.1363	0.1084	0.029	0.2202	0.1386
223	0.0355	0.3663	0.0763	0.0616	0.09	0.0595	0.0933	0.0916	0.0442	0.1367	0.1085	0.029	0.2198	0.1385
224	0.0352	0.3708	0.0763	0.0617	0.0901	0.0595	0.0932	0.0916	0.0441	0.1364	0.1084	0.029	0.2199	0.1386
225	0.0353	0.3646	0.0763	0.0617	0.0901	0.0595	0.0932	0.0916	0.0441	0.1365	0.1085	0.029	0.2198	0.1386
226	0.0351	0.379	0.0763	0.0617	0.0899	0.0595	0.0933	0.0915	0.044	0.1364	0.1083	0.029	0.2196	0.1384
227	0.0352	0.3678	0.0766	0.0621	0.0902	0.0595	0.0934	0.0916	0.0441	0.1366	0.1085	0.0289	0.2195	0.1385
228	0.0347	0.3608	0.0764	0.0618	0.0902	0.0595	0.0934	0.0918	0.0441	0.1367	0.1086	0.029	0.2196	0.1386
229	0.034	0.3699	0.0764	0.0618	0.0901	0.0595	0.0935	0.0918	0.044	0.1362	0.1084	0.0289	0.2193	0.1385
230	0.0346	0.3665	0.0762	0.0618	0.0899	0.0595	0.0935	0.0917	0.0441	0.1365	0.1084	0.0289	0.2192	0.1383
231	0.0344	0.3716	0.0762	0.0617	0.0899	0.0594	0.0933	0.0915	0.0441	0.1366	0.1084	0.029	0.2194	0.1384
232	0.0349	0.3677	0.0764	0.0619	0.0901	0.0595	0.0932	0.0916	0.044	0.1365	0.1084	0.029	0.2194	0.1384
233	0.0355	0.375	0.0767	0.0621	0.0902	0.0595	0.0934	0.0916	0.044	0.1364	0.1083	0.029	0.2196	0.1385
234	0.0348	0.3764	0.0767	0.062	0.0901	0.0593	0.0932	0.0914	0.044	0.1364	0.1083	0.0289	0.2194	0.1384
235	0.0349	0.3668	0.0764	0.0618	0.0899	0.0594	0.0934	0.0915	0.044	0.1363	0.1083	0.0289	0.2194	0.1384
236	0.034	0.3693	0.0763	0.0616	0.0899	0.0594	0.0933	0.0916	0.044	0.1364	0.1084	0.0289	0.2192	0.1384
237	0.0344	0.3677	0.0764	0.0617	0.09	0.0597	0.0937	0.0918	0.0441	0.1365	0.1085	0.0289	0.2193	0.1385
238	0.0346	0.3698	0.0765	0.0618	0.0901	0.0598	0.0938	0.0919	0.0441	0.1367	0.1086	0.0289	0.2192	0.1385
239	0.0346	0.3693	0.0764	0.0615	0.0899	0.0599	0.094	0.092	0.0442	0.1367	0.1086	0.029	0.2195	0.1385
240	0.0344	0.3655	0.0763	0.0615	0.0898	0.06	0.0944	0.0921	0.0442	0.1368	0.1086	0.029	0.2193	0.1385
241	0.0341	0.3742	0.0765	0.0615	0.0897	0.06	0.0943	0.0918	0.0441	0.1364	0.1082	0.0289	0.2193	0.1382
242	0.0344	0.3691	0.0763	0.0614	0.0896	0.06	0.0942	0.0918	0.0442	0.1369	0.1084	0.029	0.2194	0.1383
243	0.034	0.3727	0.0762	0.0616	0.0896	0.0599	0.0942	0.0918	0.0442	0.1369	0.1084	0.029	0.2194	0.1383
244	0.0339	0.3701	0.0763	0.0617	0.0897	0.0599	0.0943	0.0919	0.0442	0.1368	0.1084	0.029	0.2196	0.1384
245	0.0339	0.3632	0.0762	0.0616	0.0895	0.06	0.0943	0.0918	0.0443	0.137	0.1084	0.029	0.2197	0.1384
246	0.0341	0.3649	0.076	0.0615	0.0894	0.0599	0.0942	0.0918	0.0443	0.137	0.1085	0.029	0.22	0.1384
247	0.034	0.368	0.0762	0.0617	0.0896	0.06	0.0944	0.0919	0.0443	0.1373	0.1086	0.029	0.2196	0.1384
248	0.0332	0.3694	0.0763	0.0618	0.0898	0.06	0.0945	0.092	0.0443	0.137	0.1086	0.029	0.2199	0.1386
249	0.0338	0.3692	0.0763	0.0618	0.0898	0.0602	0.0947	0.0922	0.0443	0.1369	0.1087	0.029	0.2196	0.1386
250	0.034	0.3659	0.0761	0.0616	0.0897	0.0601	0.0945	0.0921	0.0442	0.1365	0.1085	0.029	0.2197	0.1386
251	0.0336	0.3771	0.0763	0.0618	0.0897	0.06	0.0944	0.0919	0.0441	0.1364	0.1083	0.029	0.2194	0.1384
252	0.0329	0.3688	0.0764	0.0618	0.0898	0.0601	0.0945	0.092	0.0442	0.1365	0.1084	0.029	0.2193	0.1384
253	0.0338	0.3701	0.0762	0.0616	0.0897	0.0601	0.0945	0.092	0.0441	0.1363	0.1083	0.0289	0.2193	0.1384
254	0.0334	0.3676	0.0761	0.0616	0.0896	0.0599	0.0942	0.0918	0.0441	0.1364	0.1083	0.029	0.2195	0.1384
255	0.033	0.3658	0.0761	0.0616	0.0896	0.0599	0.0943	0.0919	0.0442	0.1364	0.1084	0.0289	0.2195	0.1384
256	0.0334	0.3682	0.0764	0.0617	0.0898	0.06	0.0944	0.092	0.0442	0.1369	0.1086	0.0289	0.2195	0.1385
257	0.0337	0.3706	0.0761	0.0614	0.0896	0.0601	0.0947	0.0921	0.0442	0.1369	0.1086	0.0289	0.2193	0.1384
258	0.0332	0.3708	0.0762	0.0617	0.0897	0.0601	0.0948	0.0922	0.0443	0.1372	0.1087	0.029	0.2195	0.1385
259	0.0332	0.3663	0.076	0.0616	0.0896	0.0601	0.0948	0.0921	0.0442	0.1368	0.1086	0.0289	0.2193	0.1384
260	0.0334	0.3764	0.0764	0.0618	0.0899	0.0601	0.0949	0.0922	0.0442	0.1367	0.1086	0.029	0.2194	0.1385
261	0.0337	0.3761	0.0763	0.0617	0.0898	0.0601	0.0948	0.0922	0.0442	0.1368	0.1086	0.0289	0.2196	0.1385
262	0.0332	0.3729	0.0763	0.0617	0.0898	0.0601	0.0948	0.0921	0.0442	0.137	0.1086	0.0289	0.2194	0.1384
263	0.0331	0.369	0.0765	0.0621	0.0901	0.0598	0.0944	0.092	0.0442	0.1368	0.1087	0.0289	0.2196	0.1386
264	0.0334	0.3672	0.0764	0.062	0.0898	0.0599	0.0945	0.0919	0.0442	0.137	0.1085	0.0289	0.2196	0.1384
265	0.0332	0.3705	0.0763	0.0619	0.0897	0.0599	0.0947	0.092	0.0442	0.137	0.1085	0.0289	0.219	0.1382
266	0.0332	0.3722	0.0763	0.0621	0.0898	0.0599	0.0948	0.092	0.0442	0.1373	0.1086	0.0288	0.2189	0.1382
267	0.0332	0.3638	0.0762	0.062	0.0897	0.0598	0.0944	0.0918	0.0442	0.1369	0.1085	0.0288	0.2188	0.1381
268	0.0325	0.3647	0.0761	0.0619	0.0898	0.0598	0.0943	0.0919	0.0443	0.1373	0.1087	0.0288	0.2187	0.1382
269	0.0332	0.3724	0.0762	0.0619	0.0898	0.0599	0.0945	0.092	0.0443	0.1373	0.1087	0.0288	0.2186	0.1381
270	0.0328	0.3686	0.0761	0.0619	0.0897	0.0599	0.0945	0.0919	0.0443	0.1373	0.1086	0.0288	0.2185	0.138
271	0.0325	0.3727	0.076	0.0618	0.0895	0.0598	0.0942	0.0917	0.0442	0.1373	0.1085	0.0288	0.2185	0.1379
272	0.0332	0.3725	0.0762	0.0619	0.0897	0.0598	0.0941	0.0917	0.0443	0.1374	0.1086	0.0288	0.2185	0.138
273	0.0328	0.3675	0.0761	0.0618	0.0896	0.0596	0.094	0.0916	0.0444	0.1373	0.1087	0.0288	0.2186	0.1381
274	0.0323	0.3657	0.0761	0.0619	0.0897	0.0597	0.0939	0.0917	0.0444	0.1376	0.1088	0.0289	0.2191	0.1383
275	0.0328	0.3672	0.0758	0.0617	0.0895	0.0597	0.0939	0.0916	0.0444	0.1374	0.1086	0.0288	0.2187	0.1381
276	0.0323	0.3591	0.0757	0.0616	0.0893	0.0597	0.094	0.0915	0.0443	0.1373	0.1085	0.0288	0.2189	0.138
277	0.0328	0.3711	0.0757	0.0616	0.0894	0.0597	0.0937	0.0916	0.0444	0.1376	0.1087	0.0288	0.2188	0.1381
278	0.0325	0.3733	0.0759	0.0619	0.0895	0.0596	0.0936	0.0915	0.0444	0.1374	0.1087	0.0288	0.2188	0.1381
279	0.0324	0.3755	0.076	0.0619	0.0896	0.0598	0.0938	0.0917	0.0445	0.1378	0.1089	0.0288	0.2188	0.1382
280	0.0321	0.3678	0.0759	0.0616	0.0895	0.0599	0.0939	0.0918	0.0444	0.1378	0.1088	0.0288	0.2188	0.1382
281	0.0327	0.3744	0.0761	0.0617	0.0897	0.0599	0.0939	0.0918	0.0444	0.1378	0.1089	0.0288	0.2192	0.1383
282	0.0323	0.3735	0.0762	0.0618	0.0897	0.0599	0.0943	0.0919	0.0444	0.1379	0.1089	0.0289	0.2192	0.1383
283	0.0322	0.3582	0.0763	0.0619	0.0899	0.0599	0.0945	0.092	0.0444	0.1379	0.109	0.0289	0.2192	0.1384
284	0.0318	0.3685	0.0761	0.0617	0.0898	0.06	0.0946	0.0921	0.0446	0.1385	0.1092	0.0288	0.2191	0.1384
285	0.0325	0.3688	0.0761	0.0616	0.0898	0.06	0.0943	0.0921	0.0445	0.1382	0.1092	0.0288	0.2192	0.1385
286	0.0323	0.3676	0.0761	0.0617	0.09	0.06	0.0942	0.0922	0.0445	0.1383	0.1093	0.0288	0.2192	0.1385
287	0.0323	0.3749	0.0762	0.0617	0.09	0.06	0.0943	0.0922	0.0445	0.1384	0.1093	0.0289	0.2193	0.1386
288	0.0327	0.3702	0.0763	0.0618	0.0901	0.06	0.0943	0.0922	0.0445	0.1383	0.1093	0.0289	0.2195	0.1387
289	0.0323	0.3668	0.0765	0.062	0.0902	0.06	0.0943	0.0922	0.0445	0.1383	0.1093	0.0288	0.2189	0.1385
290	0.032	0.3723	0.0765	0.062	0.0901	0.0599	0.0943	0.0921	0.0444	0.1379	0.1091	0.0289	0.2189	0.1384
291	0.0325	0.3612	0.0765	0.062	0.0903	0.0599	0.0942	0.0922	0.0445	0.1378	0.1093	0.0289	0.2192	0.1386
292	0.0319	0.3747	0.0765	0.062	0.0902	0.0599	0.0943	0.0922	0.0444	0.1374	0.1091	0.0288	0.2189	0.1385
293	0.0323	0.3726	0.0765	0.0621	0.0903	0.0599	0.0943	0.0923	0.0445	0.138	0.1093	0.0289	0.2191	0.1387
294	0.0328	0.3705	0.0765	0.0621	0.0902	0.0598	0.0942	0.0921	0.0445	0.1383	0.1093	0.0289	0.2191	0.1386
295	0.0321	0.3717	0.0764	0.062	0.0902	0.0598	0.0943	0.0922	0.0445	0.1382	0.1093	0.0289	0.2191	0.1387
296	0.0317	0.3784	0.0763	0.0619	0.0903	0.0596	0.0939	0.0921	0.0444	0.1378	0.1093	0.0289	0.2192	0.1388
297	0.0325	0.3636	0.0765	0.062	0.0904	0.0595	0.0937	0.0921	0.0445	0.138	0.1094	0.0289	0.2191	0.1388
298	0.0321	0.365	0.0763	0.0619	0.0902	0.0598	0.094	0.0921	0.0444	0.1379	0.1092	0.0289	0.2191	0.1386
299	0.0318	0.3702	0.0764	0.062	0.0903	0.0598	0.094	0.0922	0.0444	0.1377	0.1093	0.0289	0.2193	0.1388
300	0.0322	0.3713	0.0763	0.0619	0.0902	0.0598	0.0942	0.0922	0.0444	0.1378	0.1092	0.0288	0.2191	0.1386
301	0.0318	0.3691	0.0763	0.0618	0.0902	0.0599	0.0944	0.0924	0.0444	0.1379	0.1093	0.0288	0.2191	0.1387
302	0.0315	0.3659	0.0763	0.0618	0.0902	0.0599	0.0946	0.0924	0.0444	0.1377	0.1093	0.0288	0.2188	0.1386
303	0.0322	0.3712	0.0764	0.0621	0.0903	0.06	0.0946	0.0925	0.0445	0.1379	0.1094	0.0288	0.219	0.1387
304	0.032	0.3729	0.0767	0.0623	0.0907	0.0601	0.0947	0.0926	0.0445	0.1382	0.1096	0.0288	0.2193	0.1389
305	0.0322	0.3702	0.0766	0.0622	0.0905	0.0601	0.0949	0.0926	0.0445	0.1381	0.1095	0.0289	0.2197	0.1389
306	0.0318	0.3661	0.0766	0.0621	0.0904	0.06	0.0948	0.0925	0.0445	0.138	0.1094	0.0289	0.2201	0.139
307	0.0319	0.3753	0.0768	0.0622	0.0905	0.0599	0.0947	0.0925	0.0445	0.1382	0.1095	0.0289	0.2204	0.1391
308	0.0314	0.3629	0.077	0.0624	0.0908	0.0601	0.0949	0.0927	0.0445	0.1382	0.1096	0.0289	0.2205	0.1392
309	0.0314	0.368	0.0771	0.0624	0.0908	0.0601	0.095	0.0928	0.0445	0.1383	0.1097	0.0289	0.2204	0.1392
310	0.0318	0.3691	0.077	0.0625	0.0908	0.0602	0.095	0.0928	0.0444	0.1378	0.1095	0.0289	0.2204	0.1393
311	0.0316	0.3732	0.0772	0.0625	0.0909	0.06	0.0947	0.0927	0.0443	0.138	0.1096	0.0289	0.2205	0.1393
312	0.0311	0.372	0.0774	0.0627	0.0911	0.0602	0.0952	0.0928	0.0444	0.1381	0.1096	0.029	0.2208	0.1394
313	0.0316	0.3659	0.0774	0.0627	0.0912	0.0602	0.0952	0.093	0.0444	0.1383	0.1097	0.029	0.2209	0.1395
314	0.0316	0.3719	0.0772	0.0626	0.0911	0.0602	0.0953	0.093	0.0444	0.1383	0.1097	0.029	0.2206	0.1395
315	0.0318	0.3736	0.0774	0.0627	0.0913	0.0602	0.0953	0.093	0.0443	0.1381	0.1097	0.029	0.2206	0.1396
316	0.0312	0.368	0.0775	0.0628	0.0913	0.0602	0.0953	0.093	0.0444	0.1382	0.1097	0.029	0.221	0.1396
317	0.0319	0.3767	0.0774	0.0627	0.0912	0.0603	0.0957	0.0932	0.0444	0.1383	0.1098	0.029	0.2205	0.1395
318	0.0314	0.3735	0.0775	0.0627	0.0911	0.0603	0.0955	0.093	0.0444	0.1385	0.1097	0.0289	0.2204	0.1393
319	0.0315	0.369	0.0778	0.0628	0.0914	0.0603	0.0957	0.0931	0.0444	0.1385	0.1098	0.0289	0.2204	0.1394
320	0.0314	0.3701	0.0775	0.0627	0.0912	0.0602	0.0955	0.093	0.0444	0.1389	0.1098	0.0289	0.2201	0.1393
321	0.0319	0.3775	0.0777	0.0628	0.0913	0.0601	0.095	0.0928	0.0443	0.1385	0.1096	0.0289	0.2197	0.1391
322	0.0314	0.3701	0.0776	0.0628	0.0911	0.06	0.0947	0.0925	0.0443	0.1382	0.1094	0.0289	0.2198	0.139
323	0.031	0.37	0.0775	0.0627	0.091	0.0599	0.0946	0.0924	0.0442	0.1378	0.1092	0.0289	0.22	0.139
324	0.0312	0.367	0.0774	0.0627	0.091	0.0598	0.0947	0.0925	0.0442	0.1378	0.1093	0.0289	0.2199	0.139
325	0.0311	0.3712	0.0773	0.0626	0.091	0.0599	0.0947	0.0926	0.0443	0.1379	0.1094	0.0289	0.2198	0.139
326	0.0311	0.3718	0.0776	0.0628	0.0913	0.06	0.0947	0.0927	0.0442	0.1378	0.1095	0.0288	0.2196	0.1391
327	0.0312	0.3657	0.0777	0.0629	0.0913	0.0601	0.0948	0.0927	0.0443	0.1383	0.1096	0.0288	0.2196	0.1391
328	0.0313	0.3664	0.0775	0.0629	0.0912	0.0601	0.0949	0.0928	0.0443	0.1382	0.1096	0.0288	0.2195	0.139
329	0.0314	0.371	0.0777	0.063	0.0915	0.0602	0.0951	0.093	0.0442	0.138	0.1097	0.0289	0.2197	0.1392
330	0.0312	0.3742	0.0777	0.0631	0.0916	0.0602	0.0952	0.093	0.0443	0.138	0.1097	0.0288	0.2194	0.1392
331	0.0312	0.3703	0.0775	0.063	0.0915	0.0601	0.095	0.0929	0.0444	0.1385	0.1098	0.0288	0.2194	0.1391
332	0.0312	0.3694	0.0775	0.0631	0.0913	0.0599	0.0948	0.0927	0.0443	0.1381	0.1095	0.0288	0.219	0.1389
333	0.0308	0.3734	0.0774	0.0629	0.0912	0.06	0.0947	0.0927	0.0443	0.1378	0.1095	0.0288	0.2191	0.1389
334	0.0308	0.3661	0.0776	0.0631	0.0913	0.06	0.0947	0.0927	0.0443	0.1381	0.1096	0.0288	0.2193	0.139
335	0.0312	0.3765	0.0773	0.0629	0.0913	0.06	0.0946	0.0927	0.0443	0.1382	0.1097	0.0288	0.2193	0.139
336	0.0311	0.3756	0.0772	0.0628	0.0912	0.06	0.0948	0.0928	0.0443	0.1382	0.1097	0.0289	0.2195	0.1391
337	0.0314	0.3754	0.0772	0.0627	0.0911	0.06	0.0949	0.0928	0.0444	0.1381	0.1096	0.0289	0.2198	0.1391
338	0.0311	0.3704	0.0773	0.0627	0.091	0.06	0.0948	0.0926	0.0443	0.138	0.1094	0.0288	0.2195	0.1389
339	0.0313	0.3674	0.0774	0.063	0.091	0.0602	0.095	0.0926	0.0444	0.1382	0.1094	0.0288	0.2192	0.1387
340	0.031	0.3681	0.0777	0.0631	0.0913	0.06	0.0949	0.0926	0.0443	0.1381	0.1095	0.0288	0.2194	0.1389
341	0.0309	0.372	0.0778	0.0632	0.0913	0.0602	0.0953	0.0928	0.0444	0.1383	0.1095	0.0288	0.2195	0.1389
342	0.0317	0.3731	0.0779	0.0633	0.0914	0.0602	0.0951	0.0928	0.0444	0.1384	0.1096	0.0288	0.2196	0.139
343	0.0311	0.3674	0.0777	0.0632	0.0913	0.0603	0.0955	0.0929	0.0444	0.1386	0.1096	0.0289	0.2197	0.139
344	0.0309	0.3728	0.0777	0.0632	0.0913	0.0603	0.0953	0.0929	0.0445	0.1382	0.1097	0.0289	0.2198	0.1391
345	0.0311	0.3683	0.0778	0.0632	0.0914	0.0604	0.0956	0.0931	0.0444	0.1379	0.1096	0.0289	0.2201	0.1393
346	0.0305	0.3622	0.0778	0.0631	0.0913	0.0604	0.0958	0.0931	0.0444	0.1379	0.1096	0.029	0.2205	0.1394
347	0.0313	0.3726	0.0774	0.0629	0.091	0.0605	0.0959	0.0931	0.0444	0.1382	0.1096	0.029	0.2209	0.1394
348	0.0313	0.371	0.0777	0.0631	0.0912	0.0605	0.0958	0.0931	0.0445	0.1384	0.1097	0.0289	0.2206	0.1393
349	0.0304	0.3696	0.0777	0.0631	0.0912	0.0605	0.0955	0.093	0.0444	0.1382	0.1096	0.0289	0.2205	0.1393
350	0.0309	0.3686	0.0777	0.063	0.0912	0.0604	0.0954	0.0931	0.0443	0.1383	0.1096	0.0289	0.2204	0.1394
351	0.0309	0.3666	0.0777	0.063	0.0913	0.0603	0.0954	0.093	0.0443	0.138	0.1096	0.0289	0.22	0.1393
352	0.031	0.3707	0.0779	0.0631	0.0916	0.0601	0.0952	0.093	0.0444	0.1385	0.1099	0.0289	0.2203	0.1395
353	0.0308	0.3696	0.0778	0.0632	0.0916	0.0601	0.0952	0.0931	0.0443	0.1384	0.1099	0.0289	0.2202	0.1395
354	0.031	0.3725	0.0777	0.0631	0.0917	0.0604	0.0956	0.0934	0.0443	0.1383	0.1099	0.0289	0.2198	0.1396
355	0.0307	0.3733	0.0779	0.0632	0.0919	0.0604	0.0957	0.0935	0.0443	0.1384	0.11	0.0289	0.2198	0.1396
356	0.0313	0.3762	0.0776	0.0631	0.0917	0.0603	0.0956	0.0934	0.0443	0.1383	0.11	0.0289	0.2201	0.1396
357	0.0308	0.3724	0.0777	0.0632	0.0918	0.0603	0.0957	0.0935	0.0443	0.1384	0.11	0.0289	0.2199	0.1396
358	0.0309	0.3689	0.0778	0.0632	0.0919	0.0605	0.0959	0.0936	0.0444	0.1386	0.1102	0.0289	0.2196	0.1396
359	0.0309	0.3779	0.0779	0.0634	0.092	0.0605	0.0959	0.0937	0.0444	0.1385	0.1102	0.0289	0.2194	0.1396
360	0.0308	0.377	0.078	0.0635	0.0922	0.0607	0.096	0.0939	0.0445	0.1385	0.1104	0.0289	0.2194	0.1397
361	0.0312	0.3703	0.078	0.0636	0.0923	0.0607	0.096	0.094	0.0445	0.1384	0.1105	0.0289	0.2197	0.1399
362	0.0309	0.3809	0.0779	0.0635	0.0924	0.0605	0.0956	0.0939	0.0445	0.1385	0.1106	0.0289	0.2197	0.14
363	0.0308	0.3722	0.0779	0.0634	0.0923	0.0606	0.096	0.094	0.0445	0.1385	0.1106	0.0289	0.2196	0.14
364	0.031	0.3755	0.0779	0.0634	0.0922	0.0606	0.0958	0.0939	0.0445	0.1385	0.1105	0.0289	0.2196	0.1399
365	0.0309	0.3714	0.0778	0.0633	0.0921	0.0607	0.096	0.0939	0.0446	0.1387	0.1105	0.0289	0.2198	0.1399
366	0.0303	0.3668	0.0775	0.0632	0.0919	0.0609	0.0961	0.094	0.0445	0.1385	0.1104	0.029	0.2202	0.14
367	0.0307	0.3681	0.0775	0.0631	0.0918	0.0609	0.096	0.0939	0.0445	0.1387	0.1104	0.029	0.2203	0.14
368	0.0306	0.3762	0.0777	0.0633	0.0919	0.0608	0.096	0.094	0.0444	0.1381	0.1103	0.029	0.2202	0.14
369	0.0307	0.3742	0.0774	0.063	0.0918	0.0606	0.0957	0.0938	0.0443	0.1378	0.1102	0.0289	0.2202	0.14
370	0.0302	0.3692	0.0777	0.0632	0.0921	0.0605	0.0955	0.0938	0.0443	0.138	0.1103	0.0289	0.2201	0.14
371	0.0305	0.3746	0.0777	0.0632	0.0923	0.0606	0.0953	0.0939	0.0443	0.138	0.1104	0.0289	0.2203	0.1402
372	0.0312	0.3699	0.0779	0.0633	0.0923	0.0607	0.0958	0.094	0.0443	0.138	0.1103	0.029	0.2204	0.1402
373	0.0309	0.3743	0.078	0.0635	0.0924	0.0607	0.0958	0.094	0.0444	0.1384	0.1104	0.029	0.2206	0.1402
374	0.0307	0.3715	0.0779	0.0634	0.0923	0.0606	0.0958	0.094	0.0443	0.1385	0.1105	0.0289	0.2204	0.1402
375	0.0306	0.3739	0.0781	0.0635	0.0924	0.0606	0.0958	0.094	0.0443	0.1383	0.1104	0.0289	0.2204	0.1402
376	0.0306	0.3739	0.0782	0.0636	0.0924	0.0606	0.0956	0.0938	0.0444	0.1387	0.1104	0.0289	0.2202	0.14
377	0.0307	0.3661	0.078	0.0635	0.0923	0.0606	0.0957	0.0939	0.0443	0.1385	0.1104	0.0289	0.2199	0.14
378	0.0306	0.3775	0.078	0.0634	0.092	0.0608	0.0961	0.0938	0.0445	0.1389	0.1103	0.0288	0.2193	0.1396
379	0.0308	0.3719	0.0783	0.0636	0.0924	0.0608	0.0961	0.094	0.0445	0.1385	0.1104	0.0288	0.2195	0.1398
380	0.0308	0.3806	0.0786	0.0639	0.0927	0.0608	0.096	0.094	0.0444	0.1384	0.1104	0.0289	0.2192	0.1398
381	0.0309	0.3728	0.0784	0.0637	0.0925	0.0607	0.096	0.0939	0.0444	0.1385	0.1104	0.0289	0.2196	0.1399
382	0.0305	0.3702	0.0783	0.0637	0.0925	0.0606	0.0958	0.0938	0.0445	0.1385	0.1104	0.0289	0.2197	0.1399
383	0.031	0.3728	0.0783	0.0636	0.0925	0.0607	0.0956	0.0938	0.0445	0.1385	0.1105	0.0289	0.2198	0.1399
384	0.0304	0.3759	0.0784	0.0639	0.0927	0.0606	0.0956	0.0939	0.0444	0.1384	0.1105	0.0289	0.2197	0.14
385	0.0306	0.3709	0.0783	0.0638	0.0927	0.0607	0.096	0.0942	0.0444	0.1384	0.1106	0.0289	0.2195	0.1401
386	0.0307	0.3759	0.078	0.0633	0.0924	0.0607	0.0964	0.0941	0.0443	0.1381	0.1103	0.0289	0.2192	0.1399
387	0.0305	0.3659	0.0778	0.0632	0.0923	0.0608	0.096	0.0941	0.0444	0.1386	0.1105	0.0288	0.219	0.1398
388	0.0307	0.3729	0.0781	0.0634	0.0923	0.0608	0.0961	0.0941	0.0444	0.1387	0.1105	0.0289	0.2193	0.1399
389	0.0299	0.3628	0.0777	0.0631	0.0923	0.0606	0.0958	0.094	0.0443	0.1385	0.1105	0.0288	0.219	0.1398
390	0.0306	0.3693	0.0779	0.0631	0.0922	0.0605	0.0957	0.0939	0.0443	0.1384	0.1104	0.0289	0.2193	0.1398
391	0.0305	0.3679	0.0779	0.0634	0.0924	0.0606	0.0955	0.094	0.0443	0.1383	0.1104	0.0288	0.2192	0.1398
392	0.0303	0.3704	0.0777	0.0632	0.092	0.0607	0.096	0.0939	0.0442	0.1381	0.1102	0.0288	0.2191	0.1397
393	0.0306	0.3673	0.0777	0.0632	0.0921	0.0606	0.096	0.094	0.0443	0.1383	0.1103	0.0288	0.2186	0.1396
394	0.0305	0.3706	0.0775	0.0632	0.092	0.0606	0.096	0.0939	0.0441	0.1378	0.1101	0.0288	0.2184	0.1395
395	0.0306	0.3778	0.0774	0.0629	0.0918	0.0607	0.0962	0.094	0.0441	0.1376	0.1099	0.0288	0.2184	0.1394
396	0.0307	0.3705	0.0772	0.0629	0.0919	0.0608	0.0962	0.0942	0.0441	0.138	0.1102	0.0288	0.219	0.1398
397	0.0303	0.3702	0.0773	0.0632	0.0918	0.0607	0.0962	0.094	0.0441	0.1381	0.1101	0.0289	0.2194	0.1397
398	0.0303	0.3667	0.0772	0.0631	0.0919	0.0607	0.0962	0.0941	0.0442	0.1382	0.1102	0.0289	0.2192	0.1398
399	0.0302	0.3654	0.0771	0.063	0.0918	0.0606	0.096	0.0941	0.0442	0.1381	0.1102	0.0288	0.2189	0.1397
400	0.0303	0.3707	0.077	0.0627	0.0918	0.0606	0.096	0.0941	0.0441	0.138	0.1102	0.0288	0.2189	0.1397
401	0.0306	0.3692	0.0771	0.0628	0.0918	0.0606	0.0962	0.0941	0.044	0.1377	0.11	0.0288	0.2187	0.1396
402	0.0299	0.3683	0.0772	0.0632	0.092	0.0605	0.0956	0.094	0.044	0.1377	0.1101	0.0288	0.2191	0.1398
403	0.0306	0.3699	0.0772	0.0632	0.092	0.0604	0.0955	0.0938	0.0441	0.1378	0.1101	0.0289	0.219	0.1397
404	0.03	0.3764	0.0771	0.0632	0.0919	0.0604	0.0957	0.0939	0.0441	0.1378	0.1101	0.0289	0.2189	0.1397
405	0.0304	0.3714	0.0772	0.0633	0.092	0.0602	0.0953	0.0937	0.0441	0.1379	0.1101	0.0288	0.2184	0.1396
406	0.0306	0.3684	0.0773	0.0633	0.0921	0.0603	0.0953	0.0938	0.0441	0.138	0.1102	0.0288	0.2187	0.1397
407	0.0303	0.3743	0.0773	0.0634	0.092	0.0606	0.0959	0.094	0.0441	0.1378	0.1101	0.0288	0.2187	0.1396
408	0.0301	0.3732	0.0773	0.0636	0.0921	0.0605	0.0959	0.094	0.0442	0.138	0.1103	0.0288	0.2189	0.1397
409	0.0303	0.3721	0.0771	0.0633	0.0921	0.0605	0.0956	0.094	0.0441	0.1379	0.1103	0.0288	0.2187	0.1398
410	0.03	0.3686	0.0771	0.063	0.0919	0.0605	0.0958	0.0939	0.0442	0.1381	0.1103	0.0288	0.2188	0.1397
411	0.0304	0.3666	0.0772	0.0633	0.092	0.0605	0.0958	0.0938	0.0442	0.138	0.1101	0.0288	0.2188	0.1396
412	0.0302	0.3737	0.0771	0.063	0.0919	0.0603	0.0955	0.0938	0.0441	0.1379	0.1101	0.0288	0.2189	0.1396
413	0.0302	0.3715	0.077	0.0629	0.0917	0.0603	0.0955	0.0937	0.0441	0.1379	0.1101	0.0288	0.2186	0.1395
414	0.03	0.3766	0.077	0.0629	0.0916	0.0603	0.0955	0.0936	0.0441	0.1379	0.11	0.0288	0.2188	0.1395
415	0.0308	0.3752	0.077	0.0632	0.0918	0.0604	0.0956	0.0937	0.0441	0.1379	0.11	0.0288	0.219	0.1396
416	0.0304	0.3744	0.0773	0.0633	0.0917	0.0603	0.0955	0.0935	0.0442	0.138	0.1099	0.0288	0.2188	0.1394
417	0.03	0.3708	0.0774	0.0635	0.0918	0.0603	0.0954	0.0935	0.0441	0.1377	0.1098	0.0288	0.219	0.1394
418	0.0302	0.3778	0.0776	0.0637	0.0921	0.0602	0.0953	0.0935	0.0442	0.1379	0.11	0.0288	0.2187	0.1394
419	0.0303	0.3723	0.0774	0.0636	0.092	0.0603	0.0954	0.0936	0.0443	0.1383	0.1102	0.0288	0.2188	0.1395
420	0.0301	0.3696	0.0775	0.0636	0.0922	0.0603	0.0953	0.0938	0.0443	0.1384	0.1104	0.0288	0.2191	0.1398
421	0.0304	0.3757	0.0775	0.0637	0.0923	0.0604	0.0957	0.0939	0.0443	0.1385	0.1105	0.0288	0.2185	0.1396
422	0.0298	0.3705	0.0775	0.0637	0.0922	0.0602	0.0953	0.0937	0.0443	0.1381	0.1103	0.0288	0.2187	0.1396
423	0.0301	0.3686	0.0773	0.0635	0.0921	0.0601	0.0952	0.0936	0.0443	0.1384	0.1104	0.0288	0.2185	0.1396
424	0.03	0.3798	0.0771	0.0634	0.092	0.0601	0.0953	0.0937	0.0443	0.1385	0.1105	0.0288	0.2182	0.1396
425	0.0303	0.3657	0.077	0.0634	0.0918	0.0601	0.0952	0.0935	0.0443	0.1384	0.1103	0.0287	0.2186	0.1395
426	0.03	0.3661	0.077	0.0633	0.0919	0.0603	0.0954	0.0938	0.0443	0.1385	0.1105	0.0287	0.2184	0.1396
427	0.0298	0.3705	0.0772	0.0635	0.092	0.0601	0.095	0.0936	0.0443	0.1387	0.1105	0.0287	0.2185	0.1396
428	0.0304	0.3661	0.0774	0.0637	0.0922	0.0601	0.0951	0.0936	0.0442	0.1384	0.1104	0.0287	0.2185	0.1396
429	0.0299	0.3714	0.0775	0.0637	0.0922	0.0603	0.0952	0.0937	0.0443	0.1385	0.1103	0.0287	0.2184	0.1395
430	0.0303	0.3726	0.0774	0.0635	0.0919	0.0601	0.0949	0.0934	0.0444	0.1387	0.1103	0.0287	0.2183	0.1394
431	0.0301	0.3699	0.0775	0.0636	0.092	0.0601	0.095	0.0934	0.0444	0.1387	0.1104	0.0287	0.2184	0.1394
432	0.0305	0.3772	0.077	0.0631	0.0916	0.0601	0.0951	0.0934	0.0443	0.1388	0.1103	0.0287	0.2178	0.1392
433	0.0299	0.3652	0.0775	0.0638	0.092	0.0602	0.0953	0.0935	0.0442	0.1388	0.1103	0.0287	0.2179	0.1392
434	0.03	0.3784	0.0774	0.0637	0.0921	0.0603	0.0954	0.0937	0.0442	0.1386	0.1103	0.0287	0.2182	0.1394
435	0.0301	0.3713	0.0774	0.0637	0.092	0.0602	0.0953	0.0935	0.0442	0.1387	0.1102	0.0287	0.2182	0.1393
436	0.0305	0.3743	0.0776	0.0639	0.0922	0.0601	0.095	0.0935	0.0441	0.1384	0.1102	0.0287	0.2185	0.1394
437	0.0302	0.3801	0.0776	0.0639	0.0922	0.0604	0.0954	0.0937	0.0443	0.1389	0.1104	0.0287	0.2185	0.1395
438	0.0299	0.3749	0.0775	0.0638	0.0922	0.0604	0.0958	0.094	0.0443	0.1392	0.1106	0.0287	0.2186	0.1397
439	0.0307	0.371	0.0777	0.0639	0.0925	0.0605	0.0959	0.0942	0.0443	0.1391	0.1107	0.0288	0.2189	0.1399
440	0.0299	0.3793	0.0777	0.0641	0.0926	0.0604	0.0957	0.094	0.0443	0.1392	0.1108	0.0288	0.219	0.1399
441	0.0301	0.3705	0.0774	0.0638	0.0924	0.0603	0.0953	0.0939	0.0443	0.1392	0.1107	0.0288	0.2188	0.1398
442	0.0302	0.3727	0.0775	0.0638	0.0925	0.0604	0.0956	0.094	0.0442	0.139	0.1107	0.0288	0.2187	0.1398
443	0.0299	0.372	0.0777	0.064	0.0925	0.0603	0.0956	0.094	0.0442	0.1388	0.1107	0.0287	0.2185	0.1398
444	0.0303	0.3789	0.0777	0.0642	0.0927	0.0604	0.0957	0.0941	0.0442	0.1388	0.1108	0.0288	0.2189	0.14
445	0.0299	0.3735	0.0781	0.0644	0.093	0.0605	0.0959	0.0943	0.0443	0.1392	0.111	0.0288	0.2189	0.1401
446	0.0297	0.3706	0.0783	0.0647	0.0933	0.0608	0.0964	0.0947	0.0443	0.1388	0.111	0.0288	0.219	0.1403
447	0.0298	0.3757	0.0781	0.0645	0.093	0.0607	0.0961	0.0945	0.0442	0.1388	0.1108	0.0288	0.219	0.1401
448	0.0296	0.3701	0.0781	0.0645	0.093	0.0605	0.0958	0.0942	0.0442	0.1386	0.1107	0.0288	0.2188	0.14
449	0.0303	0.3765	0.0781	0.0643	0.0928	0.0605	0.0957	0.0941	0.0441	0.1386	0.1106	0.0288	0.2186	0.1398
450	0.0301	0.3724	0.0783	0.0644	0.093	0.0604	0.0958	0.0941	0.0441	0.1385	0.1106	0.0288	0.2188	0.1399
451	0.0308	0.3748	0.0781	0.0643	0.0928	0.0605	0.0956	0.0941	0.0442	0.1385	0.1106	0.0287	0.2186	0.1398
452	0.0298	0.3706	0.0777	0.064	0.0926	0.0606	0.0961	0.0943	0.0441	0.1384	0.1105	0.0287	0.2186	0.1398
453	0.0301	0.3778	0.0779	0.0642	0.0929	0.0606	0.0962	0.0944	0.0442	0.1385	0.1107	0.0288	0.2189	0.14
454	0.03	0.3755	0.0778	0.0642	0.0928	0.0606	0.096	0.0943	0.0442	0.1385	0.1106	0.0287	0.2186	0.1399
455	0.0298	0.363	0.0777	0.064	0.0927	0.0607	0.0961	0.0943	0.0442	0.1386	0.1107	0.0287	0.2186	0.1399
456	0.0296	0.3671	0.0777	0.0641	0.0926	0.0607	0.0961	0.0943	0.0443	0.139	0.1108	0.0287	0.2184	0.1398
457	0.0304	0.3692	0.0779	0.0642	0.0927	0.0607	0.0959	0.0943	0.0443	0.1392	0.1109	0.0288	0.2187	0.1399
458	0.0299	0.3845	0.0779	0.0642	0.0927	0.0607	0.0959	0.0942	0.0443	0.1392	0.1108	0.0288	0.2193	0.14
459	0.0301	0.3755	0.0779	0.064	0.0926	0.0605	0.0957	0.094	0.0444	0.1393	0.1108	0.0289	0.2192	0.14
460	0.0298	0.3659	0.0777	0.064	0.0924	0.0605	0.0958	0.0939	0.0443	0.1394	0.1107	0.0288	0.2188	0.1397
461	0.0298	0.3799	0.0776	0.0638	0.0922	0.0605	0.0958	0.0939	0.0444	0.1393	0.1106	0.0288	0.2186	0.1396
462	0.0302	0.3698	0.0774	0.0636	0.092	0.0605	0.0957	0.0938	0.0443	0.1392	0.1105	0.0288	0.2189	0.1396
463	0.0297	0.3751	0.0775	0.0638	0.0921	0.0605	0.0956	0.0937	0.0443	0.1391	0.1104	0.0288	0.2192	0.1397
464	0.0301	0.3842	0.0777	0.0638	0.0921	0.0602	0.0955	0.0936	0.0443	0.1391	0.1104	0.0288	0.2191	0.1396
465	0.0293	0.37	0.0777	0.0639	0.0922	0.0603	0.0955	0.0936	0.0443	0.1391	0.1104	0.0288	0.2191	0.1396
466	0.03	0.3799	0.0778	0.064	0.0922	0.0601	0.0951	0.0934	0.0444	0.1394	0.1104	0.0288	0.219	0.1395
467	0.0297	0.3767	0.078	0.064	0.0921	0.0602	0.0955	0.0933	0.0444	0.1394	0.1102	0.0288	0.219	0.1393
468	0.0299	0.3745	0.0777	0.0637	0.0919	0.0602	0.0955	0.0933	0.0443	0.1392	0.1101	0.0288	0.2189	0.1393
469	0.0301	0.3772	0.0777	0.0636	0.0918	0.0601	0.0953	0.0932	0.0443	0.1391	0.1101	0.0288	0.2189	0.1392
470	0.0296	0.3726	0.0776	0.0635	0.0918	0.0603	0.0955	0.0934	0.0443	0.139	0.1101	0.0288	0.2186	0.1392
471	0.0299	0.3727	0.0775	0.0636	0.0917	0.0603	0.0956	0.0934	0.0443	0.1389	0.1101	0.0287	0.2185	0.1392
472	0.0301	0.3698	0.0776	0.0634	0.0918	0.0603	0.0956	0.0934	0.0444	0.1391	0.1102	0.0288	0.2188	0.1393
473	0.0294	0.3707	0.0774	0.0634	0.0916	0.0603	0.0954	0.0933	0.0444	0.139	0.1101	0.0288	0.2187	0.1391
474	0.0297	0.3745	0.0774	0.0634	0.0914	0.0601	0.095	0.0929	0.0444	0.1389	0.1099	0.0288	0.2188	0.139
475	0.0298	0.3788	0.0774	0.0635	0.0915	0.0602	0.095	0.093	0.0443	0.139	0.11	0.0288	0.2191	0.1391
476	0.0294	0.3747	0.0773	0.0633	0.0914	0.0601	0.0952	0.093	0.0442	0.1388	0.1098	0.0288	0.2191	0.139
477	0.0298	0.3806	0.0772	0.0633	0.0912	0.06	0.0951	0.0929	0.0442	0.1386	0.1097	0.0288	0.219	0.1389
478	0.0295	0.3741	0.0771	0.0632	0.0912	0.0602	0.0953	0.0931	0.0442	0.1387	0.1098	0.0287	0.2188	0.139
479	0.0301	0.366	0.0771	0.0632	0.0911	0.0602	0.0955	0.0929	0.0441	0.1386	0.1095	0.0287	0.2191	0.1388
480	0.0294	0.3787	0.0773	0.0633	0.0913	0.0601	0.0953	0.093	0.0441	0.1385	0.1096	0.0287	0.2192	0.1389
481	0.0297	0.3741	0.0773	0.0633	0.0914	0.06	0.0951	0.0929	0.044	0.1383	0.1095	0.0287	0.2191	0.1389
482	0.0294	0.3763	0.0773	0.0632	0.0913	0.0599	0.0949	0.0928	0.044	0.1384	0.1095	0.0287	0.2192	0.1389
483	0.0294	0.3692	0.0773	0.0633	0.0912	0.0599	0.095	0.0927	0.0439	0.1382	0.1093	0.0287	0.219	0.1388
484	0.0299	0.378	0.0773	0.0632	0.0913	0.0599	0.0949	0.0928	0.044	0.1384	0.1095	0.0288	0.219	0.1388
485	0.03	0.3743	0.0767	0.0629	0.091	0.0599	0.0949	0.0928	0.044	0.1384	0.1095	0.0288	0.2191	0.1389
486	0.0292	0.3759	0.0768	0.063	0.0912	0.0599	0.0948	0.0929	0.044	0.1382	0.1096	0.0287	0.2188	0.139
487	0.0299	0.3754	0.0767	0.063	0.0911	0.0598	0.0946	0.0928	0.0439	0.1382	0.1095	0.0287	0.219	0.1389
488	0.0297	0.3775	0.0767	0.0631	0.0913	0.0599	0.0949	0.093	0.0439	0.1382	0.1096	0.0287	0.2181	0.1388
489	0.0298	0.3796	0.0768	0.063	0.0913	0.0599	0.0948	0.0929	0.0439	0.1381	0.1095	0.0287	0.2185	0.1389
490	0.0295	0.3775	0.0769	0.063	0.0914	0.0598	0.0948	0.093	0.044	0.1383	0.1097	0.0287	0.2184	0.139
491	0.0298	0.3755	0.0772	0.0632	0.0914	0.06	0.0951	0.093	0.044	0.1384	0.1096	0.0287	0.2183	0.1388
492	0.0295	0.3765	0.0775	0.0637	0.0919	0.0599	0.0951	0.0932	0.0439	0.138	0.1097	0.0287	0.2184	0.139
493	0.0299	0.3782	0.0776	0.0637	0.0919	0.0602	0.0957	0.0934	0.044	0.1381	0.1098	0.0287	0.2189	0.1392
494	0.0296	0.3812	0.0775	0.0634	0.0915	0.0601	0.0955	0.0931	0.044	0.1379	0.1095	0.0287	0.2184	0.1388
495	0.0294	0.376	0.0774	0.0633	0.0915	0.06	0.0954	0.0931	0.0439	0.1378	0.1095	0.0287	0.2185	0.1389
496	0.0296	0.3794	0.0772	0.0632	0.0914	0.06	0.0954	0.0931	0.044	0.1381	0.1096	0.0286	0.2179	0.1387
497	0.0298	0.3771	0.0773	0.0633	0.0914	0.0601	0.0955	0.0931	0.044	0.138	0.1095	0.0286	0.2176	0.1386
498	0.0297	0.3756	0.0773	0.0632	0.0914	0.0603	0.0956	0.0933	0.044	0.1381	0.1096	0.0286	0.2178	0.1387
499	0.0298	0.3767	0.0771	0.0632	0.0913	0.0602	0.0958	0.0933	0.044	0.1381	0.1096	0.0286	0.218	0.1387
500	0.0297	0.372	0.0769	0.0626	0.0911	0.0602	0.0956	0.0932	0.044	0.138	0.1096	0.0287	0.2181	0.1388
