{"n_layers": 0, "device": "cuda", "batch_size": 2048, "embedding_dim": 1024, "learning_rate": 0.001, "dataset": "dbbook", "epochs": 150, "top_k": 50, "multimodal": true, "datasets": {"dbbook": ["images", "text"], "ml1m": ["audio", "images", "text", "video"]}}
Epoch	Loss	Recall	Precision	NDCG
1	0.6930	0.0194	0.0023	0.0094
2	0.6824	0.0431	0.0053	0.0268
3	0.6709	0.0840	0.0108	0.0564
4	0.6541	0.1265	0.0168	0.0832
5	0.6291	0.1562	0.0209	0.1002
6	0.5928	0.1710	0.0232	0.1093
7	0.5447	0.1805	0.0248	0.1146
8	0.4869	0.1854	0.0255	0.1173
9	0.4258	0.1893	0.0261	0.1188
10	0.3666	0.1911	0.0264	0.1198
11	0.3141	0.1947	0.0269	0.1215
12	0.2709	0.1955	0.0270	0.1224
13	0.2336	0.1975	0.0272	0.1241
14	0.2035	0.1992	0.0274	0.1253
15	0.1772	0.2006	0.0275	0.1266
16	0.1555	0.2021	0.0277	0.1274
17	0.1377	0.2032	0.0279	0.1282
18	0.1222	0.2050	0.0281	0.1294
19	0.1095	0.2073	0.0283	0.1304
20	0.0985	0.2088	0.0284	0.1313
21	0.0883	0.2103	0.0286	0.1323
22	0.0795	0.2113	0.0287	0.1328
23	0.0734	0.2118	0.0287	0.1333
24	0.0666	0.2126	0.0288	0.1341
25	0.0611	0.2138	0.0289	0.1349
26	0.0563	0.2159	0.0292	0.1359
27	0.0525	0.2167	0.0292	0.1364
28	0.0493	0.2169	0.0293	0.1367
29	0.0445	0.2182	0.0294	0.1373
30	0.0422	0.2182	0.0294	0.1374
31	0.0395	0.2190	0.0295	0.1378
32	0.0367	0.2208	0.0297	0.1385
33	0.0345	0.2196	0.0296	0.1383
34	0.0327	0.2196	0.0296	0.1384
35	0.0314	0.2198	0.0296	0.1384
36	0.0291	0.2205	0.0297	0.1386
37	0.0277	0.2219	0.0298	0.1392
38	0.0264	0.2226	0.0299	0.1397
39	0.0249	0.2238	0.0300	0.1404
40	0.0242	0.2243	0.0301	0.1409
41	0.0235	0.2245	0.0301	0.1408
42	0.0218	0.2251	0.0301	0.1411
43	0.0211	0.2244	0.0301	0.1409
44	0.0201	0.2252	0.0301	0.1411
45	0.0196	0.2251	0.0302	0.1414
46	0.0192	0.2257	0.0302	0.1417
47	0.0184	0.2266	0.0303	0.1421
48	0.0175	0.2262	0.0302	0.1422
49	0.0172	0.2273	0.0303	0.1429
50	0.0171	0.2275	0.0303	0.1430
51	0.0160	0.2279	0.0304	0.1433
52	0.0157	0.2281	0.0304	0.1436
53	0.0150	0.2280	0.0303	0.1435
54	0.0142	0.2285	0.0304	0.1440
55	0.0148	0.2286	0.0304	0.1444
56	0.0138	0.2286	0.0304	0.1444
57	0.0136	0.2279	0.0303	0.1442
58	0.0137	0.2287	0.0304	0.1443
59	0.0130	0.2293	0.0304	0.1444
60	0.0127	0.2293	0.0304	0.1447
61	0.0130	0.2304	0.0305	0.1450
62	0.0125	0.2303	0.0305	0.1450
63	0.0123	0.2300	0.0304	0.1450
64	0.0119	0.2296	0.0304	0.1449
65	0.0117	0.2292	0.0303	0.1447
66	0.0115	0.2288	0.0303	0.1445
67	0.0117	0.2289	0.0303	0.1446
68	0.0114	0.2293	0.0304	0.1449
69	0.0112	0.2293	0.0304	0.1450
70	0.0111	0.2302	0.0305	0.1454
71	0.0110	0.2299	0.0305	0.1456
72	0.0107	0.2300	0.0305	0.1458
73	0.0104	0.2302	0.0305	0.1457
74	0.0110	0.2303	0.0305	0.1459
75	0.0102	0.2298	0.0304	0.1460
76	0.0098	0.2308	0.0305	0.1461
77	0.0094	0.2306	0.0305	0.1462
78	0.0098	0.2309	0.0306	0.1462
79	0.0100	0.2304	0.0305	0.1461
80	0.0098	0.2306	0.0305	0.1462
81	0.0095	0.2302	0.0305	0.1460
82	0.0092	0.2308	0.0305	0.1464
83	0.0091	0.2311	0.0306	0.1464
84	0.0094	0.2311	0.0305	0.1463
85	0.0093	0.2307	0.0305	0.1459
86	0.0093	0.2306	0.0305	0.1462
87	0.0091	0.2312	0.0306	0.1466
88	0.0088	0.2316	0.0305	0.1465
89	0.0088	0.2312	0.0305	0.1463
90	0.0092	0.2313	0.0305	0.1463
91	0.0086	0.2313	0.0305	0.1464
92	0.0084	0.2315	0.0305	0.1463
93	0.0089	0.2307	0.0305	0.1462
94	0.0084	0.2304	0.0304	0.1461
95	0.0087	0.2298	0.0304	0.1458
96	0.0087	0.2296	0.0303	0.1461
97	0.0088	0.2300	0.0304	0.1463
98	0.0083	0.2309	0.0304	0.1465
99	0.0084	0.2311	0.0305	0.1463
100	0.0082	0.2308	0.0304	0.1461
101	0.0078	0.2307	0.0304	0.1462
102	0.0077	0.2307	0.0304	0.1463
103	0.0078	0.2316	0.0305	0.1465
104	0.0080	0.2315	0.0305	0.1467
105	0.0080	0.2315	0.0306	0.1469
106	0.0079	0.2313	0.0305	0.1469
107	0.0080	0.2309	0.0305	0.1468
108	0.0082	0.2310	0.0304	0.1467
109	0.0080	0.2321	0.0305	0.1467
110	0.0079	0.2311	0.0304	0.1463
111	0.0077	0.2312	0.0304	0.1463
112	0.0075	0.2314	0.0305	0.1466
113	0.0078	0.2314	0.0305	0.1466
114	0.0075	0.2320	0.0305	0.1468
115	0.0075	0.2308	0.0304	0.1465
116	0.0077	0.2309	0.0304	0.1465
117	0.0076	0.2314	0.0304	0.1468
118	0.0076	0.2314	0.0304	0.1467
119	0.0080	0.2321	0.0305	0.1470
120	0.0077	0.2318	0.0305	0.1470
121	0.0077	0.2320	0.0305	0.1471
122	0.0075	0.2314	0.0304	0.1468
123	0.0076	0.2317	0.0305	0.1466
124	0.0074	0.2318	0.0305	0.1465
125	0.0078	0.2315	0.0304	0.1464
126	0.0075	0.2312	0.0304	0.1468
127	0.0080	0.2313	0.0304	0.1471
128	0.0075	0.2303	0.0304	0.1468
129	0.0076	0.2302	0.0304	0.1468
130	0.0076	0.2301	0.0304	0.1469
131	0.0078	0.2297	0.0303	0.1469
132	0.0075	0.2306	0.0304	0.1473
133	0.0077	0.2308	0.0305	0.1471
134	0.0071	0.2307	0.0304	0.1469
135	0.0077	0.2311	0.0305	0.1473
136	0.0076	0.2311	0.0305	0.1473
137	0.0076	0.2306	0.0305	0.1469
138	0.0070	0.2296	0.0304	0.1465
139	0.0069	0.2301	0.0304	0.1466
140	0.0073	0.2291	0.0303	0.1462
141	0.0069	0.2287	0.0303	0.1457
142	0.0073	0.2289	0.0302	0.1456
143	0.0069	0.2277	0.0301	0.1452
144	0.0068	0.2282	0.0302	0.1450
145	0.0076	0.2281	0.0302	0.1454
146	0.0070	0.2282	0.0302	0.1457
147	0.0071	0.2285	0.0301	0.1457
148	0.0074	0.2280	0.0301	0.1456
149	0.0074	0.2279	0.0301	0.1455
150	0.0073	0.2279	0.0300	0.1454
