{"n_layers": 0, "device": "cuda", "batch_size": 2048, "embedding_dim": 512, "learning_rate": 0.0005, "dataset": "dbbook", "epochs": 150, "top_k": 20, "multimodal": false, "datasets": {"dbbook": ["images", "text"], "ml1m": ["audio", "images", "text", "video"]}}
Epoch	Loss	Recall	Precision	NDCG
1	0.6932	0.0042	0.0014	0.0025
2	0.6894	0.0049	0.0016	0.0030
3	0.6859	0.0068	0.0024	0.0045
4	0.6818	0.0120	0.0041	0.0089
5	0.6766	0.0209	0.0073	0.0170
6	0.6698	0.0380	0.0129	0.0297
7	0.6609	0.0538	0.0185	0.0420
8	0.6492	0.0665	0.0230	0.0524
9	0.6342	0.0762	0.0262	0.0596
10	0.6155	0.0827	0.0285	0.0648
11	0.5929	0.0879	0.0302	0.0684
12	0.5664	0.0921	0.0318	0.0714
13	0.5366	0.0943	0.0324	0.0730
14	0.5049	0.0961	0.0330	0.0747
15	0.4718	0.0963	0.0332	0.0754
16	0.4386	0.0974	0.0336	0.0764
17	0.4062	0.0980	0.0339	0.0772
18	0.3757	0.0986	0.0341	0.0776
19	0.3472	0.0993	0.0344	0.0784
20	0.3216	0.1003	0.0347	0.0792
21	0.2977	0.1009	0.0350	0.0800
22	0.2762	0.1019	0.0352	0.0808
23	0.2569	0.1018	0.0352	0.0811
24	0.2392	0.1027	0.0355	0.0818
25	0.2224	0.1031	0.0356	0.0824
26	0.2081	0.1041	0.0358	0.0829
27	0.1945	0.1045	0.0359	0.0831
28	0.1824	0.1048	0.0361	0.0836
29	0.1707	0.1056	0.0363	0.0841
30	0.1603	0.1064	0.0366	0.0848
31	0.1506	0.1074	0.0368	0.0853
32	0.1421	0.1078	0.0370	0.0859
33	0.1330	0.1085	0.0371	0.0862
34	0.1247	0.1092	0.0372	0.0865
35	0.1184	0.1100	0.0375	0.0871
36	0.1115	0.1107	0.0376	0.0878
37	0.1057	0.1109	0.0377	0.0880
38	0.1010	0.1114	0.0377	0.0885
39	0.0957	0.1122	0.0379	0.0891
40	0.0901	0.1124	0.0380	0.0894
41	0.0857	0.1138	0.0384	0.0901
42	0.0807	0.1146	0.0386	0.0908
43	0.0772	0.1151	0.0387	0.0910
44	0.0734	0.1153	0.0388	0.0913
45	0.0707	0.1155	0.0388	0.0914
46	0.0665	0.1156	0.0389	0.0919
47	0.0643	0.1161	0.0391	0.0922
48	0.0608	0.1162	0.0392	0.0924
49	0.0582	0.1170	0.0393	0.0929
50	0.0565	0.1173	0.0393	0.0930
51	0.0535	0.1174	0.0394	0.0930
52	0.0510	0.1178	0.0395	0.0933
53	0.0495	0.1179	0.0396	0.0934
54	0.0469	0.1180	0.0395	0.0934
55	0.0446	0.1179	0.0396	0.0936
56	0.0434	0.1184	0.0397	0.0939
57	0.0419	0.1179	0.0395	0.0938
58	0.0404	0.1181	0.0395	0.0940
59	0.0385	0.1181	0.0395	0.0940
60	0.0380	0.1184	0.0396	0.0942
61	0.0368	0.1188	0.0396	0.0944
62	0.0347	0.1188	0.0396	0.0945
63	0.0339	0.1194	0.0398	0.0950
64	0.0330	0.1191	0.0398	0.0949
65	0.0321	0.1196	0.0399	0.0951
66	0.0310	0.1194	0.0398	0.0950
67	0.0297	0.1194	0.0398	0.0952
68	0.0291	0.1202	0.0401	0.0956
69	0.0284	0.1203	0.0401	0.0959
70	0.0269	0.1211	0.0402	0.0963
71	0.0262	0.1218	0.0404	0.0966
72	0.0257	0.1218	0.0404	0.0965
73	0.0249	0.1219	0.0405	0.0968
74	0.0246	0.1221	0.0406	0.0970
75	0.0235	0.1223	0.0406	0.0972
76	0.0235	0.1224	0.0406	0.0973
77	0.0222	0.1225	0.0407	0.0974
78	0.0222	0.1227	0.0407	0.0974
79	0.0213	0.1225	0.0408	0.0975
80	0.0209	0.1228	0.0408	0.0977
81	0.0203	0.1229	0.0409	0.0977
82	0.0194	0.1234	0.0410	0.0982
83	0.0189	0.1238	0.0411	0.0982
84	0.0190	0.1243	0.0412	0.0985
85	0.0185	0.1240	0.0411	0.0984
86	0.0187	0.1243	0.0412	0.0985
87	0.0178	0.1242	0.0411	0.0987
88	0.0170	0.1248	0.0412	0.0989
89	0.0170	0.1245	0.0412	0.0988
90	0.0164	0.1244	0.0412	0.0987
91	0.0161	0.1245	0.0412	0.0989
92	0.0162	0.1239	0.0411	0.0987
93	0.0156	0.1236	0.0411	0.0985
94	0.0153	0.1250	0.0413	0.0990
95	0.0150	0.1244	0.0412	0.0987
96	0.0151	0.1243	0.0412	0.0988
97	0.0144	0.1247	0.0412	0.0990
98	0.0142	0.1250	0.0414	0.0993
99	0.0136	0.1252	0.0414	0.0996
100	0.0136	0.1255	0.0415	0.0997
101	0.0132	0.1254	0.0414	0.0997
102	0.0133	0.1257	0.0415	0.0999
103	0.0132	0.1259	0.0415	0.0999
104	0.0127	0.1257	0.0415	0.1000
105	0.0127	0.1257	0.0415	0.1001
106	0.0128	0.1259	0.0417	0.1002
107	0.0124	0.1257	0.0416	0.1002
108	0.0125	0.1258	0.0416	0.1003
109	0.0118	0.1257	0.0416	0.1003
110	0.0119	0.1259	0.0417	0.1003
111	0.0118	0.1261	0.0417	0.1006
112	0.0115	0.1259	0.0416	0.1005
113	0.0110	0.1258	0.0416	0.1005
114	0.0114	0.1256	0.0416	0.1006
115	0.0107	0.1259	0.0416	0.1008
116	0.0108	0.1256	0.0416	0.1007
117	0.0103	0.1260	0.0418	0.1009
118	0.0107	0.1258	0.0417	0.1008
119	0.0108	0.1268	0.0418	0.1012
120	0.0102	0.1264	0.0417	0.1011
121	0.0097	0.1265	0.0417	0.1012
122	0.0100	0.1272	0.0419	0.1016
123	0.0098	0.1272	0.0419	0.1015
124	0.0095	0.1277	0.0420	0.1017
125	0.0099	0.1271	0.0418	0.1016
126	0.0096	0.1273	0.0418	0.1015
127	0.0095	0.1275	0.0418	0.1016
128	0.0092	0.1271	0.0417	0.1014
129	0.0090	0.1273	0.0418	0.1016
130	0.0091	0.1273	0.0418	0.1015
131	0.0087	0.1273	0.0418	0.1016
132	0.0091	0.1273	0.0418	0.1018
133	0.0089	0.1275	0.0419	0.1020
134	0.0089	0.1275	0.0418	0.1019
135	0.0085	0.1276	0.0418	0.1019
136	0.0086	0.1277	0.0418	0.1019
137	0.0087	0.1275	0.0417	0.1018
138	0.0078	0.1278	0.0418	0.1022
139	0.0084	0.1275	0.0417	0.1020
140	0.0078	0.1277	0.0418	0.1019
141	0.0079	0.1277	0.0418	0.1020
142	0.0081	0.1274	0.0417	0.1018
143	0.0080	0.1270	0.0416	0.1016
144	0.0079	0.1267	0.0415	0.1015
145	0.0080	0.1266	0.0415	0.1012
146	0.0079	0.1266	0.0415	0.1010
147	0.0072	0.1267	0.0415	0.1011
148	0.0074	0.1269	0.0416	0.1014
149	0.0081	0.1270	0.0416	0.1016
150	0.0081	0.1269	0.0416	0.1017
