{"device": "cuda:2", "multimodal": true, "embedding_dim": 512, "n_layers": 0, "epochs": 500, "learning_rate": 0.001, "log": true, "seed": 19, "top_k": [5, 10, 20, 50], "dataset": "dbbook", "batch_size": 2048, "single_branch": false, "autoencoder": false, "ensemble_fusion": false, "freeze": false, "fusion_modalities": "mean", "fusion_type": "late", "info_nce": false, "weighting": false, "datasets": {"dbbook": ["images", "text"], "ml1m": ["audio", "images", "text", "video"]}}
Epoch	T-Loss	V-Loss	Precision@5	Recall@5	NDCG@5	Precision@10	Recall@10	NDCG@10	Precision@20	Recall@20	NDCG@20	Precision@50	Recall@50	NDCG@50
1	0.6929	0.6927	0.0039	0.003	0.0042	0.0037	0.0055	0.0048	0.0034	0.0107	0.0069	0.0028	0.0223	0.0109
2	0.6855	0.6918	0.0153	0.013	0.0186	0.0118	0.0199	0.0191	0.0092	0.0305	0.0234	0.0064	0.0529	0.0311
3	0.6769	0.69	0.037	0.0311	0.0462	0.0278	0.0467	0.0467	0.0194	0.064	0.0533	0.0118	0.0956	0.0645
4	0.664	0.6866	0.0527	0.0421	0.0638	0.0401	0.0636	0.064	0.0287	0.0904	0.0742	0.0178	0.1385	0.0915
5	0.6442	0.6803	0.0606	0.0479	0.072	0.0459	0.0704	0.0714	0.0338	0.1047	0.0845	0.0218	0.1676	0.107
6	0.6152	0.6692	0.0628	0.0491	0.0752	0.0487	0.075	0.0755	0.0365	0.1112	0.0896	0.024	0.1821	0.115
7	0.5751	0.6526	0.0641	0.0501	0.0759	0.0494	0.0758	0.076	0.0378	0.1132	0.0909	0.025	0.1886	0.1178
8	0.5252	0.6304	0.0659	0.0502	0.0771	0.0501	0.0762	0.0766	0.0383	0.115	0.092	0.0255	0.1915	0.1194
9	0.4678	0.6038	0.0661	0.0504	0.0772	0.0507	0.077	0.0771	0.0383	0.1148	0.0919	0.0259	0.194	0.1205
10	0.4083	0.5745	0.0666	0.0508	0.0778	0.0503	0.0753	0.0767	0.0384	0.1152	0.0923	0.0262	0.195	0.1212
11	0.3514	0.5461	0.0665	0.0503	0.0777	0.0508	0.076	0.0773	0.0385	0.1148	0.0925	0.0263	0.1956	0.1217
12	0.3014	0.521	0.0673	0.0511	0.0785	0.0511	0.0759	0.0776	0.0388	0.1162	0.0933	0.0264	0.196	0.1223
13	0.2586	0.4986	0.068	0.0519	0.079	0.0515	0.0772	0.0782	0.039	0.1164	0.0936	0.0266	0.1977	0.1229
14	0.2209	0.4797	0.068	0.0519	0.0794	0.0521	0.0784	0.0791	0.0392	0.1171	0.0943	0.0267	0.1989	0.1238
15	0.191	0.4632	0.0685	0.0523	0.0799	0.0522	0.079	0.0794	0.0395	0.1181	0.0949	0.0268	0.1993	0.1242
16	0.1664	0.4491	0.0687	0.0528	0.08	0.0526	0.0795	0.0798	0.0396	0.1185	0.0952	0.0268	0.2	0.1246
17	0.1467	0.4444	0.0686	0.0525	0.0803	0.053	0.0804	0.0806	0.0397	0.1193	0.0959	0.0269	0.2005	0.1253
18	0.1288	0.4298	0.0698	0.0534	0.0811	0.0534	0.0816	0.0812	0.0398	0.1198	0.0963	0.027	0.2011	0.1258
19	0.1136	0.424	0.0699	0.0539	0.0818	0.0539	0.0824	0.0822	0.04	0.1208	0.0972	0.0271	0.2017	0.1266
20	0.1012	0.4187	0.0703	0.0541	0.0825	0.0545	0.0833	0.0832	0.0404	0.1216	0.0982	0.0271	0.202	0.1273
21	0.0909	0.4143	0.0708	0.0546	0.0831	0.0546	0.0837	0.0837	0.0406	0.1222	0.0988	0.0271	0.2023	0.1278
22	0.0822	0.406	0.0712	0.0549	0.0837	0.0544	0.0839	0.0839	0.0407	0.1227	0.0992	0.0272	0.2035	0.1284
23	0.0744	0.3999	0.071	0.055	0.0837	0.0546	0.0839	0.0841	0.0409	0.1235	0.0997	0.0272	0.2039	0.1288
24	0.0675	0.4006	0.0715	0.0559	0.0841	0.0547	0.0843	0.0843	0.0408	0.1234	0.0997	0.0273	0.2046	0.1291
25	0.0606	0.3942	0.0715	0.0558	0.084	0.0549	0.0846	0.0843	0.041	0.1241	0.0999	0.0274	0.2052	0.1292
26	0.0556	0.3947	0.0719	0.0562	0.0844	0.0552	0.0854	0.0848	0.0413	0.125	0.1005	0.0275	0.206	0.1297
27	0.0509	0.3967	0.0717	0.0562	0.084	0.0556	0.0861	0.085	0.0413	0.1251	0.1004	0.0275	0.2068	0.1299
28	0.0472	0.3874	0.0725	0.0569	0.0852	0.0559	0.0866	0.0858	0.0414	0.126	0.1012	0.0275	0.2068	0.1305
29	0.0434	0.3871	0.0735	0.0578	0.0861	0.0558	0.0868	0.0861	0.0415	0.1266	0.1017	0.0276	0.2066	0.1308
30	0.0402	0.3854	0.0728	0.0572	0.0855	0.0561	0.0871	0.0863	0.0416	0.1272	0.1019	0.0276	0.2072	0.131
31	0.0387	0.3791	0.0735	0.0577	0.0859	0.0567	0.0883	0.0869	0.0418	0.1278	0.1023	0.0276	0.2072	0.1311
32	0.0357	0.3834	0.0733	0.0578	0.0861	0.0567	0.0878	0.087	0.0418	0.1278	0.1026	0.0277	0.2077	0.1317
33	0.0329	0.3836	0.0736	0.0584	0.0863	0.0565	0.0874	0.0868	0.0419	0.1284	0.1028	0.0277	0.2078	0.1317
34	0.0311	0.3843	0.0745	0.0594	0.0873	0.0566	0.0872	0.087	0.042	0.1285	0.1031	0.0278	0.2083	0.1322
35	0.0291	0.3771	0.0735	0.0586	0.0866	0.0561	0.0867	0.0868	0.0419	0.1285	0.1031	0.0278	0.2079	0.1321
36	0.0276	0.3816	0.0735	0.0584	0.0867	0.0563	0.0873	0.0871	0.042	0.1288	0.1033	0.0277	0.2078	0.1321
37	0.0261	0.3785	0.0739	0.0588	0.0868	0.0564	0.0874	0.0871	0.042	0.129	0.1033	0.0277	0.2075	0.1319
38	0.0248	0.3746	0.0735	0.0586	0.0863	0.0566	0.0877	0.087	0.0419	0.1285	0.1029	0.0277	0.2071	0.1317
39	0.0244	0.374	0.0739	0.059	0.0866	0.0569	0.0881	0.0873	0.0419	0.1285	0.1029	0.0277	0.2073	0.1318
40	0.0223	0.3765	0.0735	0.0589	0.0865	0.0567	0.0884	0.0873	0.0419	0.1283	0.103	0.0277	0.2075	0.1319
41	0.0215	0.3737	0.0738	0.059	0.0866	0.0568	0.0889	0.0875	0.042	0.1285	0.103	0.0277	0.2078	0.132
42	0.0204	0.3762	0.074	0.059	0.0868	0.0567	0.0888	0.0876	0.0419	0.1282	0.1031	0.0277	0.2075	0.132
43	0.0198	0.3712	0.0741	0.0595	0.0874	0.0567	0.089	0.088	0.0418	0.128	0.1033	0.0278	0.2079	0.1325
44	0.0191	0.3712	0.0737	0.059	0.0871	0.0568	0.0889	0.088	0.042	0.1286	0.1036	0.0277	0.2076	0.1324
45	0.018	0.3759	0.0742	0.0595	0.0873	0.0568	0.0889	0.0879	0.042	0.1288	0.1035	0.0277	0.2074	0.1322
46	0.0169	0.368	0.0741	0.0593	0.0871	0.0569	0.0892	0.0879	0.0421	0.1292	0.1036	0.0277	0.2078	0.1323
47	0.0161	0.3748	0.0741	0.0591	0.0871	0.0568	0.0891	0.0879	0.0421	0.129	0.1036	0.0277	0.2074	0.1323
48	0.0167	0.3717	0.0742	0.0592	0.0874	0.0568	0.0888	0.088	0.0421	0.1293	0.1039	0.0277	0.2075	0.1325
49	0.0161	0.3649	0.0738	0.059	0.0868	0.0568	0.0892	0.0878	0.0421	0.1292	0.1036	0.0277	0.2079	0.1322
50	0.0151	0.3676	0.0731	0.0584	0.0864	0.0568	0.0891	0.0878	0.0418	0.1286	0.1033	0.0276	0.2077	0.1322
51	0.0146	0.3705	0.0738	0.0588	0.087	0.0568	0.0894	0.0881	0.0422	0.1294	0.1038	0.0277	0.2082	0.1325
52	0.0135	0.371	0.0736	0.0588	0.0868	0.0568	0.0892	0.088	0.0422	0.1296	0.1039	0.0277	0.2086	0.1326
53	0.0141	0.3664	0.0739	0.0591	0.0874	0.0573	0.0897	0.0886	0.0422	0.1299	0.1043	0.0277	0.209	0.1331
54	0.013	0.373	0.0741	0.0593	0.0876	0.0575	0.0904	0.089	0.0423	0.1303	0.1046	0.0278	0.2092	0.1333
55	0.0125	0.3712	0.074	0.0592	0.0877	0.0572	0.0898	0.0889	0.0422	0.1303	0.1047	0.0278	0.2091	0.1335
56	0.0124	0.3772	0.0744	0.0595	0.0876	0.0577	0.0907	0.0891	0.0423	0.1307	0.1046	0.0277	0.2095	0.1333
57	0.0123	0.3707	0.0743	0.0597	0.0877	0.0574	0.0905	0.0889	0.0423	0.1306	0.1046	0.0278	0.2095	0.1333
58	0.012	0.3654	0.0745	0.0601	0.088	0.0575	0.0907	0.0891	0.0424	0.1308	0.1049	0.0277	0.2097	0.1335
59	0.0114	0.3666	0.0745	0.0601	0.088	0.0573	0.0905	0.0889	0.0425	0.1311	0.1049	0.0278	0.21	0.1336
60	0.0109	0.3671	0.0746	0.0602	0.0881	0.0572	0.0906	0.0889	0.0426	0.1314	0.1051	0.0278	0.2096	0.1335
61	0.0108	0.3616	0.0745	0.0601	0.0882	0.0574	0.091	0.0893	0.0425	0.1311	0.1051	0.0277	0.21	0.1336
62	0.0105	0.3701	0.0742	0.0599	0.088	0.0575	0.0909	0.0892	0.0425	0.1312	0.1051	0.0277	0.21	0.1337
63	0.01	0.3675	0.0738	0.0597	0.0877	0.0572	0.0905	0.089	0.0425	0.1313	0.1051	0.0277	0.2099	0.1336
64	0.0099	0.3638	0.0735	0.0594	0.0875	0.0571	0.0903	0.0889	0.0426	0.1313	0.1051	0.0278	0.2104	0.1338
65	0.0101	0.371	0.0735	0.0592	0.0873	0.0571	0.0902	0.0887	0.0425	0.1312	0.1049	0.0278	0.2104	0.1336
66	0.0097	0.3626	0.0744	0.0602	0.0881	0.057	0.0902	0.0889	0.0426	0.1317	0.1053	0.0278	0.2105	0.1338
67	0.0093	0.3656	0.0739	0.0595	0.0878	0.0567	0.0898	0.0887	0.0426	0.1317	0.1053	0.0278	0.2103	0.1338
68	0.0094	0.3689	0.0742	0.0598	0.0881	0.0568	0.0899	0.0889	0.0427	0.1315	0.1054	0.0277	0.2098	0.1338
69	0.0092	0.3672	0.0746	0.0601	0.0884	0.057	0.0904	0.0892	0.0426	0.1313	0.1054	0.0277	0.2101	0.1339
70	0.0087	0.3633	0.0747	0.06	0.0885	0.057	0.0903	0.0892	0.0426	0.1314	0.1055	0.0277	0.2102	0.134
71	0.0088	0.3675	0.0751	0.0602	0.0889	0.0572	0.0906	0.0895	0.0428	0.1319	0.1059	0.0277	0.2104	0.1342
72	0.009	0.3659	0.0746	0.0597	0.0886	0.057	0.0903	0.0894	0.0427	0.1316	0.1058	0.0278	0.2106	0.1343
73	0.0086	0.3678	0.0743	0.0598	0.0882	0.0569	0.0905	0.0893	0.0426	0.1313	0.1055	0.0278	0.2105	0.1341
74	0.0077	0.3584	0.0747	0.0602	0.0887	0.0571	0.0905	0.0895	0.0427	0.1316	0.1058	0.0278	0.2111	0.1345
75	0.0084	0.3635	0.0745	0.0601	0.0886	0.057	0.0904	0.0895	0.0425	0.1313	0.1056	0.0278	0.211	0.1345
76	0.008	0.3629	0.0747	0.0604	0.0889	0.0571	0.0907	0.0897	0.0426	0.1316	0.1059	0.0278	0.2106	0.1345
77	0.008	0.3688	0.0747	0.0602	0.089	0.0572	0.0908	0.0899	0.0426	0.1317	0.106	0.0277	0.2104	0.1345
78	0.0079	0.3611	0.0745	0.0595	0.0884	0.0573	0.0909	0.0897	0.0426	0.1313	0.1057	0.0277	0.2107	0.1344
79	0.008	0.3668	0.0749	0.06	0.0889	0.0572	0.0908	0.0898	0.0426	0.1316	0.1059	0.0278	0.2109	0.1345
80	0.0075	0.3591	0.0753	0.06	0.0893	0.0575	0.0911	0.09	0.0426	0.1317	0.106	0.0278	0.2111	0.1347
81	0.0077	0.3658	0.0757	0.0602	0.0895	0.0577	0.0916	0.0903	0.0426	0.1319	0.1061	0.0277	0.2107	0.1346
82	0.0072	0.3642	0.0756	0.0602	0.0895	0.0576	0.0916	0.0904	0.0425	0.1317	0.1061	0.0277	0.2102	0.1346
83	0.0076	0.3642	0.0751	0.06	0.0891	0.0573	0.0914	0.0901	0.0425	0.1316	0.106	0.0277	0.21	0.1344
84	0.0068	0.3569	0.0753	0.0601	0.0897	0.0572	0.0911	0.0903	0.0425	0.1319	0.1064	0.0276	0.2097	0.1346
85	0.0072	0.3689	0.0754	0.0602	0.0898	0.0573	0.0914	0.0905	0.0426	0.1321	0.1065	0.0277	0.2098	0.1348
86	0.0072	0.368	0.0751	0.0602	0.0897	0.0571	0.0914	0.0904	0.0425	0.1317	0.1064	0.0276	0.2096	0.1347
87	0.0072	0.3691	0.0753	0.0602	0.0898	0.0569	0.0908	0.0902	0.0427	0.1323	0.1066	0.0276	0.209	0.1345
88	0.0066	0.3729	0.0749	0.0603	0.0894	0.057	0.0911	0.0902	0.0426	0.1314	0.1062	0.0276	0.2093	0.1345
89	0.0067	0.3712	0.0749	0.0604	0.0895	0.0569	0.0912	0.0902	0.0426	0.1317	0.1063	0.0276	0.2093	0.1345
90	0.0069	0.3631	0.075	0.0604	0.0895	0.0569	0.0912	0.0902	0.0426	0.1318	0.1064	0.0276	0.2092	0.1345
91	0.0061	0.3668	0.0747	0.0603	0.0894	0.0568	0.0909	0.0903	0.0425	0.1316	0.1064	0.0276	0.2095	0.1347
92	0.0064	0.3592	0.0752	0.0608	0.0897	0.0572	0.0912	0.0904	0.0426	0.1318	0.1064	0.0276	0.2097	0.1346
93	0.0066	0.3678	0.0757	0.0609	0.0899	0.0574	0.0914	0.0904	0.0423	0.1312	0.1061	0.0276	0.2098	0.1346
94	0.0064	0.366	0.0756	0.0609	0.0901	0.0573	0.0913	0.0906	0.0424	0.1318	0.1065	0.0276	0.2093	0.1347
95	0.0066	0.3633	0.0755	0.0606	0.0899	0.0571	0.0911	0.0903	0.0424	0.1317	0.1063	0.0276	0.2092	0.1344
96	0.0063	0.3651	0.0749	0.0604	0.0896	0.0569	0.0908	0.0902	0.0425	0.1317	0.1064	0.0276	0.2092	0.1345
97	0.0058	0.3614	0.0751	0.0608	0.0897	0.0568	0.0906	0.09	0.0425	0.1316	0.1063	0.0275	0.2084	0.1342
98	0.0062	0.3678	0.0745	0.0605	0.0896	0.0569	0.0906	0.0902	0.0425	0.1317	0.1065	0.0275	0.2086	0.1344
99	0.0059	0.3646	0.0745	0.0603	0.0896	0.0569	0.0908	0.0904	0.0425	0.1316	0.1066	0.0276	0.2087	0.1346
100	0.0062	0.3682	0.0747	0.0607	0.0903	0.057	0.0909	0.0909	0.0425	0.1315	0.1069	0.0276	0.2088	0.1351
101	0.0065	0.3661	0.075	0.061	0.0909	0.0569	0.0911	0.0912	0.0426	0.1318	0.1074	0.0275	0.2082	0.1352
102	0.0058	0.371	0.075	0.061	0.0907	0.0571	0.0912	0.0911	0.0425	0.132	0.1072	0.0275	0.2083	0.1351
103	0.0056	0.3619	0.0752	0.0612	0.0906	0.0572	0.0912	0.091	0.0426	0.1324	0.1072	0.0275	0.2081	0.1349
104	0.0058	0.3663	0.0756	0.0613	0.0907	0.0572	0.0911	0.0909	0.0426	0.1322	0.1071	0.0276	0.2091	0.1351
105	0.0058	0.3658	0.0752	0.061	0.0905	0.0573	0.0915	0.0911	0.0426	0.1325	0.1073	0.0275	0.2087	0.135
106	0.0056	0.3679	0.075	0.0608	0.0903	0.057	0.0911	0.0908	0.0426	0.1325	0.1071	0.0275	0.2092	0.135
107	0.0054	0.3678	0.0746	0.0602	0.0898	0.057	0.0915	0.0907	0.0426	0.1322	0.1069	0.0275	0.2091	0.1347
108	0.0057	0.3666	0.0748	0.0604	0.0899	0.0572	0.0915	0.0908	0.0427	0.1327	0.1071	0.0275	0.2087	0.1347
109	0.0054	0.369	0.0755	0.061	0.0907	0.0573	0.0921	0.0913	0.0427	0.1325	0.1072	0.0275	0.2085	0.1348
110	0.0055	0.3595	0.0754	0.061	0.0906	0.0574	0.092	0.0912	0.0426	0.1324	0.1072	0.0275	0.2083	0.1348
111	0.0054	0.3644	0.0751	0.0606	0.0904	0.0574	0.0919	0.0912	0.0425	0.1321	0.107	0.0274	0.2079	0.1346
112	0.0059	0.3623	0.0751	0.0604	0.0902	0.0574	0.0918	0.091	0.0424	0.1318	0.1067	0.0274	0.2077	0.1344
113	0.0057	0.3651	0.075	0.0606	0.0902	0.0575	0.0917	0.091	0.0425	0.1324	0.1069	0.0275	0.208	0.1345
114	0.0055	0.3635	0.075	0.0607	0.0905	0.0575	0.0918	0.0913	0.0425	0.1326	0.1072	0.0275	0.2086	0.135
115	0.0052	0.371	0.0756	0.0608	0.0906	0.0575	0.0917	0.0911	0.0426	0.1327	0.107	0.0275	0.2084	0.1347
116	0.0054	0.3716	0.0755	0.0611	0.0906	0.0576	0.0916	0.0911	0.0424	0.1323	0.1069	0.0275	0.2082	0.1347
117	0.0052	0.3647	0.0753	0.0609	0.0904	0.0576	0.0914	0.091	0.0426	0.1327	0.107	0.0275	0.2086	0.1347
118	0.0051	0.3657	0.0752	0.061	0.0901	0.0574	0.0912	0.0906	0.0425	0.1321	0.1065	0.0274	0.208	0.1341
119	0.0052	0.3645	0.0754	0.0613	0.0905	0.0575	0.0912	0.0908	0.0424	0.1319	0.1066	0.0274	0.2083	0.1344
120	0.0051	0.3682	0.0754	0.061	0.0904	0.0574	0.0911	0.0908	0.0424	0.1319	0.1067	0.0274	0.2081	0.1344
121	0.0052	0.3682	0.0754	0.0611	0.0903	0.0574	0.0912	0.0907	0.0424	0.1321	0.1066	0.0274	0.208	0.1342
122	0.0056	0.3629	0.0752	0.0608	0.0902	0.057	0.0909	0.0905	0.0424	0.1324	0.1067	0.0273	0.2078	0.1342
123	0.0055	0.3642	0.0751	0.0608	0.0901	0.0568	0.0906	0.0903	0.0425	0.1325	0.1067	0.0273	0.2078	0.1341
124	0.0051	0.3646	0.075	0.0608	0.0901	0.0569	0.0909	0.0905	0.0425	0.1328	0.1069	0.0274	0.208	0.1344
125	0.0049	0.3637	0.075	0.0608	0.0903	0.0569	0.0909	0.0907	0.0424	0.1322	0.1068	0.0274	0.2075	0.1344
126	0.0047	0.3638	0.0754	0.0612	0.0905	0.057	0.0909	0.0907	0.0425	0.1326	0.107	0.0274	0.208	0.1345
127	0.0052	0.3623	0.0754	0.0613	0.0906	0.057	0.091	0.0908	0.0425	0.1327	0.1071	0.0274	0.2086	0.1346
128	0.0053	0.3642	0.0751	0.061	0.0903	0.0571	0.0909	0.0907	0.0425	0.1325	0.1069	0.0274	0.2082	0.1344
129	0.0052	0.3718	0.0748	0.0608	0.0903	0.0567	0.0902	0.0904	0.0423	0.132	0.1068	0.0273	0.2077	0.1343
130	0.0046	0.3621	0.0743	0.0607	0.0898	0.0566	0.0902	0.0901	0.0424	0.1321	0.1066	0.0274	0.2082	0.1342
131	0.0049	0.3685	0.0745	0.0607	0.0899	0.0567	0.0906	0.0903	0.0423	0.1315	0.1064	0.0273	0.2077	0.134
132	0.0051	0.3633	0.0746	0.0608	0.0899	0.0566	0.0905	0.0902	0.0422	0.1313	0.1062	0.0273	0.2075	0.1339
133	0.0048	0.3625	0.0745	0.0607	0.0896	0.0564	0.0902	0.0898	0.0423	0.1317	0.1061	0.0273	0.207	0.1336
134	0.005	0.3683	0.0741	0.0604	0.0893	0.0565	0.0904	0.0898	0.0424	0.1321	0.1063	0.0273	0.2074	0.1336
135	0.0047	0.359	0.0745	0.0607	0.0895	0.0566	0.0906	0.0899	0.0424	0.1318	0.1061	0.0273	0.2071	0.1335
136	0.0049	0.3632	0.0745	0.0604	0.0897	0.0564	0.0905	0.09	0.0423	0.1315	0.1062	0.0273	0.2072	0.1337
137	0.0048	0.3697	0.0744	0.0605	0.0896	0.0564	0.0902	0.0899	0.0421	0.1312	0.106	0.0272	0.207	0.1336
138	0.005	0.3672	0.0741	0.0604	0.0892	0.0566	0.0906	0.0898	0.0421	0.1312	0.1058	0.0273	0.2072	0.1334
139	0.0047	0.3662	0.0748	0.0607	0.0894	0.0566	0.0904	0.0896	0.0422	0.1317	0.1058	0.0272	0.2071	0.1332
140	0.0049	0.3617	0.0747	0.0606	0.0892	0.0565	0.0904	0.0894	0.0422	0.1318	0.1056	0.0272	0.2072	0.1331
141	0.005	0.3679	0.0743	0.0604	0.0888	0.0562	0.0898	0.089	0.0422	0.1315	0.1054	0.0273	0.207	0.1329
142	0.0044	0.364	0.0738	0.0601	0.0885	0.0562	0.0897	0.089	0.0421	0.1316	0.1055	0.0272	0.2071	0.133
143	0.0046	0.3724	0.0737	0.06	0.0882	0.0564	0.0899	0.089	0.0421	0.1315	0.1053	0.0272	0.2072	0.1328
144	0.0043	0.3815	0.0737	0.06	0.0882	0.0563	0.0897	0.0888	0.0421	0.1319	0.1053	0.0272	0.2068	0.1326
145	0.0046	0.3631	0.0731	0.0596	0.0878	0.0561	0.0894	0.0886	0.0421	0.1317	0.1053	0.0272	0.2071	0.1327
146	0.0049	0.3708	0.0731	0.0594	0.0877	0.0559	0.0891	0.0885	0.0422	0.1321	0.1054	0.0273	0.2076	0.1328
147	0.0045	0.362	0.073	0.0595	0.0877	0.0557	0.0886	0.0883	0.042	0.1318	0.1052	0.0272	0.2071	0.1327
148	0.0038	0.3592	0.0729	0.0595	0.0876	0.0558	0.0887	0.0883	0.0421	0.1321	0.1053	0.0272	0.2074	0.1327
149	0.0047	0.3685	0.0728	0.0594	0.0878	0.056	0.0891	0.0887	0.042	0.1319	0.1054	0.0272	0.207	0.1327
150	0.0045	0.3603	0.0722	0.059	0.0873	0.0558	0.0889	0.0884	0.042	0.1317	0.1052	0.0272	0.207	0.1326
151	0.0048	0.3682	0.0721	0.0588	0.0872	0.0557	0.0889	0.0884	0.0419	0.1317	0.1052	0.0272	0.207	0.1326
152	0.0047	0.3676	0.072	0.0589	0.0871	0.0557	0.089	0.0883	0.0419	0.1313	0.1049	0.0271	0.2065	0.1323
153	0.0046	0.3709	0.0722	0.0591	0.0874	0.0556	0.0884	0.0882	0.0419	0.1314	0.1051	0.0271	0.2067	0.1325
154	0.0045	0.3681	0.0723	0.0592	0.0876	0.0554	0.0884	0.0882	0.0419	0.1309	0.105	0.0271	0.2069	0.1326
155	0.0043	0.3592	0.072	0.0589	0.0873	0.0556	0.0885	0.0883	0.0417	0.1305	0.1048	0.0271	0.2066	0.1324
156	0.0044	0.3632	0.0728	0.0596	0.088	0.0557	0.0887	0.0885	0.0417	0.1304	0.1049	0.0272	0.207	0.1328
157	0.0043	0.3653	0.0729	0.0597	0.0882	0.0556	0.0883	0.0885	0.0416	0.1302	0.105	0.0272	0.2071	0.1329
158	0.0045	0.3681	0.0731	0.06	0.0883	0.0559	0.0887	0.0887	0.0418	0.1303	0.1051	0.0272	0.2074	0.1331
159	0.0046	0.3709	0.0731	0.06	0.0882	0.0561	0.0894	0.089	0.0418	0.1301	0.1051	0.0273	0.2079	0.1332
160	0.0042	0.3668	0.0729	0.0596	0.0881	0.0563	0.0895	0.0892	0.0419	0.1304	0.1052	0.0273	0.208	0.1333
161	0.0045	0.3675	0.0732	0.0598	0.0885	0.0565	0.0897	0.0895	0.0418	0.1301	0.1053	0.0273	0.208	0.1335
162	0.0043	0.3654	0.0732	0.0599	0.0886	0.0568	0.0901	0.0897	0.0419	0.1301	0.1054	0.0273	0.2082	0.1335
163	0.0043	0.3705	0.0732	0.0598	0.0887	0.0566	0.09	0.0898	0.042	0.1306	0.1057	0.0274	0.2086	0.1338
164	0.0044	0.3696	0.0733	0.0599	0.0885	0.0565	0.09	0.0895	0.042	0.1312	0.1056	0.0273	0.208	0.1334
165	0.0044	0.361	0.0737	0.0602	0.0886	0.0566	0.0901	0.0894	0.0419	0.1307	0.1053	0.0273	0.208	0.1332
166	0.0041	0.3666	0.074	0.0602	0.0885	0.0563	0.0896	0.089	0.042	0.131	0.1052	0.0273	0.2078	0.133
167	0.0042	0.3697	0.0738	0.0602	0.0884	0.0562	0.0895	0.0889	0.0418	0.1306	0.105	0.0272	0.2075	0.1328
168	0.004	0.3718	0.0741	0.0606	0.089	0.0563	0.0896	0.0892	0.0419	0.1307	0.1054	0.0272	0.2072	0.1331
169	0.0045	0.3669	0.0741	0.0607	0.089	0.0566	0.0898	0.0893	0.0419	0.1307	0.1053	0.0272	0.2073	0.1332
170	0.0041	0.3633	0.074	0.0605	0.0889	0.0565	0.0897	0.0894	0.042	0.1308	0.1055	0.0272	0.2069	0.1331
171	0.0042	0.3671	0.0747	0.0608	0.0894	0.0565	0.0899	0.0895	0.0421	0.1312	0.1057	0.0272	0.2069	0.1332
172	0.0044	0.365	0.0747	0.0607	0.0897	0.0565	0.09	0.0897	0.0421	0.1313	0.1059	0.0272	0.2072	0.1335
173	0.0043	0.3654	0.0743	0.0605	0.0894	0.0565	0.0901	0.0897	0.0421	0.131	0.1059	0.0272	0.2073	0.1335
174	0.0039	0.3699	0.0743	0.0606	0.0893	0.0564	0.0897	0.0895	0.0422	0.1313	0.1059	0.0272	0.2071	0.1333
175	0.0046	0.3561	0.0745	0.0605	0.0894	0.0565	0.0898	0.0895	0.0422	0.1315	0.1059	0.0271	0.2074	0.1333
176	0.0042	0.3668	0.0742	0.0603	0.0892	0.0563	0.0896	0.0894	0.0421	0.1311	0.1057	0.0271	0.2069	0.1331
177	0.0046	0.3709	0.074	0.0601	0.089	0.0564	0.0895	0.0893	0.0419	0.131	0.1055	0.0272	0.2076	0.1332
178	0.004	0.3709	0.074	0.06	0.089	0.0562	0.0893	0.0892	0.0419	0.131	0.1055	0.0271	0.2073	0.1332
179	0.0041	0.369	0.0742	0.06	0.0891	0.0565	0.0899	0.0895	0.0419	0.1309	0.1055	0.0271	0.2071	0.1331
180	0.0042	0.3717	0.0738	0.0598	0.0888	0.0566	0.0899	0.0895	0.0418	0.1303	0.1052	0.0271	0.2074	0.1331
181	0.0044	0.3583	0.0736	0.0596	0.0885	0.0565	0.0899	0.0893	0.0418	0.1305	0.1051	0.0271	0.2077	0.133
182	0.0041	0.3673	0.0733	0.0593	0.0882	0.0569	0.0908	0.0896	0.0418	0.1304	0.105	0.0271	0.2075	0.1329
183	0.0048	0.3736	0.0737	0.0597	0.0888	0.0566	0.0904	0.0896	0.0418	0.1304	0.1053	0.0271	0.2073	0.133
184	0.0045	0.3686	0.0739	0.06	0.0891	0.0566	0.0906	0.0899	0.0416	0.1301	0.1053	0.0271	0.2072	0.1332
185	0.0045	0.3747	0.074	0.0602	0.0892	0.0568	0.0906	0.0899	0.0417	0.1304	0.1054	0.0271	0.2071	0.1332
186	0.0044	0.3644	0.0736	0.0597	0.0889	0.0568	0.0903	0.0898	0.0416	0.1298	0.1051	0.0271	0.2072	0.1331
187	0.0044	0.3639	0.0735	0.0597	0.0887	0.0569	0.0907	0.0898	0.0417	0.1301	0.105	0.0271	0.2075	0.133
188	0.0042	0.3638	0.0737	0.0598	0.0889	0.057	0.0908	0.09	0.0416	0.1299	0.1051	0.0271	0.2074	0.1331
189	0.0042	0.3664	0.0738	0.0596	0.0889	0.0568	0.0904	0.0897	0.0416	0.1298	0.105	0.027	0.2069	0.1328
190	0.0041	0.3684	0.0737	0.0592	0.0887	0.0567	0.0902	0.0896	0.0417	0.1303	0.1051	0.027	0.2069	0.1328
191	0.0041	0.3664	0.0733	0.0592	0.0883	0.0563	0.0898	0.0891	0.0417	0.1301	0.1049	0.027	0.207	0.1326
192	0.0048	0.3608	0.0738	0.0595	0.0885	0.0562	0.0898	0.089	0.0417	0.1301	0.1048	0.027	0.2072	0.1326
193	0.0043	0.3586	0.0743	0.0601	0.089	0.0561	0.09	0.0891	0.0416	0.1302	0.1048	0.0271	0.2072	0.1326
194	0.0038	0.3749	0.0738	0.0599	0.0886	0.0562	0.0901	0.089	0.0416	0.1302	0.1046	0.0271	0.2074	0.1325
195	0.0043	0.3756	0.0734	0.0593	0.0884	0.0561	0.0901	0.089	0.0416	0.1307	0.1048	0.0271	0.2074	0.1326
196	0.0044	0.358	0.0735	0.0597	0.0885	0.0559	0.0896	0.0889	0.0415	0.1306	0.1048	0.027	0.207	0.1325
197	0.004	0.3715	0.0729	0.0593	0.0882	0.056	0.0892	0.0889	0.0415	0.1302	0.1048	0.027	0.2064	0.1325
198	0.0042	0.3614	0.0733	0.0596	0.0885	0.0561	0.0895	0.089	0.0416	0.1304	0.1049	0.027	0.2064	0.1325
199	0.0043	0.3766	0.0734	0.0595	0.0885	0.0562	0.0898	0.0891	0.0416	0.1304	0.1049	0.027	0.2062	0.1324
200	0.0041	0.3728	0.0735	0.0595	0.0885	0.0561	0.0895	0.0889	0.0415	0.13	0.1047	0.027	0.2065	0.1324
201	0.0041	0.3708	0.0735	0.0596	0.0885	0.056	0.0891	0.0888	0.0413	0.1298	0.1045	0.0269	0.2059	0.1321
202	0.0041	0.3667	0.0736	0.0596	0.0889	0.0563	0.0898	0.0894	0.0413	0.1297	0.1047	0.0268	0.2057	0.1323
203	0.0042	0.3684	0.0735	0.0597	0.0889	0.0565	0.0901	0.0895	0.0415	0.1303	0.105	0.0268	0.2054	0.1322
204	0.004	0.3732	0.0736	0.0596	0.0888	0.0565	0.0903	0.0895	0.0414	0.1301	0.1049	0.0268	0.2055	0.1322
205	0.004	0.3613	0.0733	0.0591	0.0887	0.0565	0.0899	0.0895	0.0413	0.1298	0.1048	0.0269	0.2057	0.1324
206	0.0044	0.3645	0.0733	0.0595	0.0887	0.0562	0.0894	0.0892	0.0411	0.1288	0.1044	0.0268	0.2053	0.1322
207	0.0041	0.3656	0.0728	0.0592	0.0884	0.056	0.0892	0.089	0.041	0.1285	0.1042	0.0268	0.2054	0.1321
208	0.0045	0.3763	0.0731	0.0595	0.0887	0.0562	0.0898	0.0894	0.0411	0.1289	0.1046	0.0268	0.2057	0.1324
209	0.0038	0.3753	0.0733	0.0597	0.089	0.0564	0.0899	0.0897	0.0412	0.1295	0.1049	0.0269	0.2058	0.1326
210	0.0037	0.3663	0.0737	0.06	0.0892	0.0562	0.0901	0.0895	0.0413	0.1296	0.1048	0.0269	0.206	0.1325
211	0.0042	0.3578	0.074	0.0603	0.0894	0.056	0.0897	0.0893	0.0413	0.1298	0.1049	0.0269	0.206	0.1325
212	0.0039	0.3696	0.0738	0.06	0.0893	0.0559	0.0895	0.0893	0.0413	0.1295	0.1049	0.0269	0.2064	0.1327
213	0.004	0.3628	0.074	0.06	0.0895	0.056	0.0898	0.0895	0.0414	0.1299	0.1051	0.0269	0.2066	0.1328
214	0.0043	0.3733	0.0747	0.0608	0.0901	0.0561	0.0899	0.0897	0.0415	0.1302	0.1054	0.0269	0.2063	0.1329
215	0.0042	0.3739	0.0743	0.0606	0.09	0.0561	0.0898	0.0897	0.0414	0.1302	0.1054	0.0268	0.2058	0.1328
216	0.0041	0.3654	0.074	0.0605	0.0899	0.056	0.0895	0.0897	0.0413	0.1297	0.1053	0.0268	0.206	0.1329
217	0.0043	0.3654	0.0738	0.0603	0.0897	0.0558	0.0892	0.0895	0.0412	0.1295	0.1051	0.0268	0.2064	0.1329
218	0.0046	0.3716	0.0738	0.0606	0.0897	0.0558	0.0894	0.0895	0.0414	0.1301	0.1053	0.0268	0.2061	0.1328
219	0.004	0.3684	0.0736	0.0606	0.0897	0.056	0.0897	0.0898	0.0413	0.1299	0.1054	0.0268	0.2063	0.1329
220	0.0043	0.3566	0.0735	0.0602	0.0894	0.0562	0.0901	0.0899	0.0415	0.1302	0.1055	0.0268	0.2066	0.133
221	0.0038	0.3633	0.0735	0.0603	0.0894	0.0562	0.0898	0.0898	0.0415	0.1303	0.1055	0.0268	0.2063	0.1328
222	0.0038	0.3731	0.0734	0.0601	0.0894	0.0563	0.0899	0.09	0.0414	0.13	0.1055	0.0268	0.2061	0.1329
223	0.0036	0.3622	0.0734	0.0601	0.0893	0.0562	0.0898	0.0897	0.0413	0.13	0.1052	0.0268	0.2063	0.1328
224	0.0038	0.3694	0.0731	0.0598	0.0891	0.0561	0.0897	0.0898	0.0414	0.1303	0.1055	0.0268	0.2063	0.133
225	0.0044	0.361	0.073	0.0596	0.0891	0.0563	0.0899	0.09	0.0414	0.1305	0.1056	0.0268	0.2062	0.133
226	0.004	0.3775	0.0727	0.0594	0.0891	0.0563	0.0899	0.09	0.0415	0.1304	0.1056	0.0269	0.2067	0.1332
227	0.0037	0.3702	0.0729	0.0596	0.0892	0.0564	0.09	0.0901	0.0414	0.13	0.1055	0.0269	0.2066	0.1332
228	0.004	0.3567	0.0731	0.0597	0.0893	0.0561	0.0896	0.0899	0.0414	0.1299	0.1055	0.0268	0.206	0.1331
229	0.0038	0.3664	0.0729	0.0596	0.0892	0.0562	0.0899	0.09	0.0414	0.13	0.1056	0.0268	0.2059	0.133
230	0.0041	0.3653	0.0728	0.0599	0.0893	0.0563	0.0898	0.0901	0.0416	0.1306	0.1058	0.0268	0.2057	0.133
231	0.0038	0.3725	0.0727	0.0595	0.0889	0.0564	0.09	0.09	0.0416	0.1305	0.1057	0.0268	0.206	0.1329
232	0.0042	0.3677	0.0728	0.0596	0.0889	0.0565	0.0902	0.0901	0.0417	0.1309	0.1058	0.0268	0.2061	0.133
233	0.0045	0.3754	0.0725	0.0593	0.0887	0.0563	0.0894	0.0896	0.0415	0.1304	0.1054	0.0268	0.2061	0.1327
234	0.0042	0.378	0.0722	0.059	0.088	0.0565	0.09	0.0894	0.0414	0.1302	0.1049	0.0268	0.2059	0.1322
235	0.0046	0.3645	0.0718	0.0588	0.0874	0.0563	0.0897	0.0889	0.0414	0.1298	0.1044	0.0267	0.2052	0.1316
236	0.0039	0.366	0.0721	0.0588	0.0876	0.0561	0.0897	0.0889	0.0415	0.1302	0.1046	0.0266	0.2044	0.1313
237	0.0041	0.3666	0.0722	0.0588	0.0875	0.0563	0.0901	0.089	0.0414	0.1303	0.1045	0.0266	0.2044	0.1313
238	0.0043	0.3704	0.0721	0.0588	0.0874	0.0562	0.0898	0.0888	0.0414	0.1301	0.1044	0.0266	0.2044	0.1313
239	0.0042	0.3706	0.0719	0.0588	0.0871	0.056	0.0893	0.0885	0.0414	0.1299	0.1042	0.0266	0.2043	0.1311
240	0.0043	0.3634	0.0721	0.0587	0.087	0.056	0.0889	0.0882	0.0414	0.1299	0.104	0.0266	0.2039	0.1308
241	0.0038	0.3699	0.0717	0.0584	0.0868	0.056	0.089	0.0881	0.0414	0.1302	0.1041	0.0265	0.2038	0.1307
242	0.0043	0.3702	0.0717	0.0586	0.0869	0.0559	0.0889	0.0882	0.0413	0.13	0.104	0.0266	0.2045	0.131
243	0.0044	0.3728	0.0718	0.0588	0.087	0.0558	0.0887	0.0881	0.0413	0.13	0.104	0.0266	0.2042	0.1309
244	0.0041	0.3693	0.0719	0.0592	0.0871	0.0558	0.0892	0.0882	0.0413	0.1302	0.1041	0.0266	0.2045	0.1311
245	0.0038	0.361	0.0717	0.0591	0.0871	0.0557	0.0892	0.0883	0.0411	0.1297	0.104	0.0267	0.2051	0.1313
246	0.0039	0.3642	0.0719	0.0588	0.0868	0.0556	0.089	0.0879	0.0411	0.1301	0.1037	0.0266	0.2049	0.1309
247	0.0038	0.3713	0.072	0.059	0.087	0.0554	0.0887	0.0879	0.0411	0.1301	0.1039	0.0267	0.2049	0.131
248	0.0034	0.3707	0.0722	0.0592	0.0873	0.0555	0.0888	0.0881	0.0412	0.1302	0.1041	0.0267	0.2048	0.1312
249	0.0039	0.3688	0.0719	0.059	0.0873	0.0557	0.0888	0.0883	0.0412	0.1298	0.1041	0.0267	0.2045	0.1312
250	0.0044	0.3696	0.0722	0.0593	0.0874	0.0556	0.089	0.0883	0.0411	0.1297	0.104	0.0266	0.2045	0.1312
251	0.0038	0.383	0.072	0.0591	0.0873	0.0556	0.0889	0.0883	0.0411	0.1293	0.104	0.0266	0.2038	0.131
252	0.0038	0.3722	0.0722	0.0592	0.0876	0.0554	0.0887	0.0883	0.0411	0.1295	0.104	0.0266	0.2039	0.131
253	0.0042	0.3696	0.0723	0.0591	0.0874	0.0555	0.0889	0.0882	0.0412	0.1294	0.104	0.0266	0.2039	0.1309
254	0.0042	0.3708	0.0719	0.0585	0.087	0.0557	0.0891	0.0882	0.0411	0.1296	0.1039	0.0265	0.2032	0.1306
255	0.0037	0.3651	0.0718	0.0584	0.0868	0.0558	0.0891	0.0882	0.0412	0.1298	0.1039	0.0265	0.2031	0.1305
256	0.0041	0.3654	0.072	0.0586	0.0869	0.0559	0.0892	0.0882	0.0411	0.1293	0.1037	0.0265	0.2031	0.1305
257	0.0045	0.3697	0.0721	0.0585	0.0868	0.0558	0.0892	0.0882	0.0408	0.1285	0.1033	0.0265	0.204	0.1306
258	0.0038	0.3766	0.072	0.0587	0.087	0.0558	0.0892	0.0883	0.0408	0.1287	0.1034	0.0265	0.204	0.1307
259	0.004	0.3664	0.0719	0.0585	0.0869	0.0555	0.089	0.088	0.0409	0.1284	0.1033	0.0265	0.2039	0.1306
260	0.0041	0.378	0.0721	0.0585	0.087	0.0556	0.089	0.0881	0.0409	0.1283	0.1032	0.0265	0.2039	0.1305
261	0.0045	0.3813	0.0726	0.0593	0.0876	0.0554	0.0885	0.0881	0.0408	0.128	0.1033	0.0265	0.2038	0.1306
262	0.0039	0.3753	0.0725	0.0592	0.0874	0.0555	0.0888	0.088	0.0409	0.1279	0.1032	0.0264	0.2032	0.1304
263	0.0038	0.3728	0.0719	0.0586	0.0869	0.0554	0.0887	0.0878	0.0409	0.1281	0.1032	0.0264	0.2031	0.1302
264	0.004	0.3682	0.0715	0.0582	0.0864	0.0553	0.0887	0.0876	0.0409	0.1282	0.103	0.0264	0.2029	0.1299
265	0.0041	0.3734	0.0713	0.0582	0.0861	0.0553	0.0883	0.0873	0.0407	0.1281	0.1027	0.0264	0.2029	0.1298
266	0.0041	0.3757	0.0713	0.0582	0.0859	0.0549	0.0878	0.0868	0.0406	0.1278	0.1024	0.0264	0.2031	0.1296
267	0.0043	0.3673	0.0717	0.0585	0.0864	0.0552	0.0883	0.0873	0.0407	0.1281	0.1027	0.0264	0.2029	0.1298
268	0.0035	0.3646	0.0717	0.0584	0.0863	0.0551	0.0882	0.0872	0.0407	0.128	0.1026	0.0264	0.2029	0.1297
269	0.0042	0.3752	0.0716	0.0583	0.0863	0.0552	0.0885	0.0873	0.0406	0.1278	0.1026	0.0264	0.2028	0.1297
270	0.0038	0.3689	0.0715	0.0584	0.0863	0.0552	0.0885	0.0874	0.0406	0.128	0.1027	0.0263	0.2024	0.1297
271	0.0035	0.3739	0.0715	0.0584	0.0863	0.0553	0.089	0.0877	0.0408	0.1283	0.103	0.0264	0.2023	0.1298
272	0.0042	0.3699	0.0717	0.0584	0.0864	0.0556	0.0895	0.0879	0.0406	0.1277	0.1028	0.0264	0.2025	0.13
273	0.0038	0.3736	0.0716	0.0586	0.0862	0.0556	0.0891	0.0877	0.0407	0.1278	0.1027	0.0264	0.2025	0.1298
274	0.0038	0.3639	0.0715	0.0585	0.0862	0.0554	0.0885	0.0875	0.0408	0.1281	0.1028	0.0264	0.2027	0.1299
275	0.0036	0.3689	0.0711	0.058	0.0858	0.0553	0.0883	0.0873	0.0409	0.1283	0.1028	0.0264	0.2021	0.1296
276	0.0036	0.3573	0.071	0.058	0.0856	0.0553	0.0884	0.0872	0.0407	0.1282	0.1026	0.0264	0.2021	0.1295
277	0.004	0.3718	0.0708	0.0575	0.0855	0.0552	0.0881	0.0872	0.0407	0.1277	0.1025	0.0264	0.2023	0.1296
278	0.004	0.3806	0.0712	0.0582	0.0859	0.0551	0.0883	0.0873	0.0406	0.1278	0.1026	0.0264	0.2029	0.1298
279	0.0037	0.3775	0.0712	0.0583	0.086	0.0551	0.088	0.0872	0.0406	0.128	0.1027	0.0264	0.2028	0.1298
280	0.0036	0.3699	0.0711	0.058	0.0859	0.055	0.0878	0.0872	0.0406	0.1282	0.1027	0.0264	0.2027	0.1297
281	0.0042	0.3746	0.071	0.0579	0.086	0.055	0.0877	0.0873	0.0405	0.1282	0.1028	0.0263	0.2024	0.1298
282	0.0038	0.3756	0.0713	0.0583	0.0867	0.0552	0.0878	0.0878	0.0406	0.128	0.1032	0.0263	0.2026	0.1302
283	0.0034	0.3598	0.0717	0.0585	0.0869	0.0555	0.0883	0.0881	0.0406	0.128	0.1033	0.0264	0.203	0.1304
284	0.0036	0.3725	0.0718	0.0586	0.087	0.0552	0.0876	0.0878	0.0407	0.1281	0.1034	0.0264	0.2038	0.1307
285	0.0042	0.3701	0.0724	0.0591	0.0873	0.0556	0.0881	0.0881	0.0407	0.1281	0.1034	0.0264	0.2036	0.1306
286	0.0037	0.3695	0.0729	0.0594	0.0877	0.0554	0.0879	0.088	0.0406	0.1281	0.1035	0.0264	0.2037	0.1307
287	0.0037	0.3767	0.0728	0.0592	0.0876	0.0556	0.0882	0.0882	0.0407	0.1283	0.1036	0.0265	0.204	0.1309
288	0.0043	0.3684	0.0728	0.0593	0.0877	0.0554	0.088	0.0881	0.0408	0.1287	0.1038	0.0265	0.2039	0.1309
289	0.004	0.3674	0.0726	0.0591	0.0876	0.0554	0.088	0.088	0.0409	0.1292	0.1038	0.0265	0.2037	0.1308
290	0.0037	0.3739	0.0728	0.0594	0.0876	0.0557	0.0887	0.0882	0.041	0.129	0.1038	0.0265	0.2035	0.1306
291	0.0038	0.3605	0.0721	0.059	0.0871	0.0554	0.0882	0.0878	0.0409	0.1287	0.1034	0.0264	0.2035	0.1304
292	0.0034	0.3763	0.0723	0.0592	0.0875	0.0553	0.0882	0.088	0.0409	0.1288	0.1036	0.0264	0.2035	0.1306
293	0.004	0.3749	0.0727	0.0597	0.0878	0.0553	0.0878	0.0878	0.0408	0.1285	0.1035	0.0264	0.203	0.1304
294	0.0043	0.3782	0.0727	0.0596	0.0876	0.0553	0.0877	0.0878	0.0406	0.1281	0.1033	0.0264	0.203	0.1304
295	0.0042	0.3761	0.0729	0.0599	0.088	0.0553	0.088	0.0881	0.0408	0.1286	0.1037	0.0264	0.203	0.1306
296	0.0042	0.3791	0.0729	0.0599	0.0879	0.0555	0.0884	0.0882	0.0408	0.1288	0.1037	0.0264	0.2029	0.1305
297	0.0042	0.3648	0.0727	0.0597	0.0876	0.0554	0.0883	0.088	0.0407	0.1282	0.1034	0.0264	0.203	0.1304
298	0.0044	0.3676	0.0725	0.0596	0.0872	0.0554	0.0886	0.0879	0.0408	0.1285	0.1033	0.0263	0.2029	0.1301
299	0.0038	0.3745	0.0728	0.0598	0.0874	0.0554	0.0886	0.0879	0.0408	0.1287	0.1034	0.0264	0.2033	0.1302
300	0.0041	0.3748	0.073	0.0601	0.0877	0.0553	0.0883	0.0878	0.0408	0.1286	0.1034	0.0263	0.2028	0.1302
301	0.0036	0.3685	0.0729	0.06	0.0878	0.0554	0.0888	0.0882	0.0408	0.1287	0.1036	0.0264	0.2034	0.1305
302	0.0034	0.3649	0.0733	0.0601	0.0881	0.0556	0.089	0.0884	0.0408	0.1289	0.1038	0.0264	0.2032	0.1306
303	0.0042	0.3688	0.0731	0.0602	0.0882	0.0556	0.0891	0.0886	0.0409	0.1294	0.104	0.0264	0.2037	0.1309
304	0.0041	0.375	0.073	0.0599	0.0882	0.0558	0.0893	0.0888	0.0409	0.1296	0.1043	0.0264	0.2034	0.131
305	0.0042	0.3704	0.0733	0.0601	0.0881	0.0558	0.0895	0.0887	0.0411	0.1297	0.1043	0.0264	0.2033	0.1309
306	0.0041	0.3698	0.0733	0.0602	0.0882	0.0558	0.0891	0.0886	0.0412	0.1302	0.1045	0.0264	0.203	0.1308
307	0.0041	0.3786	0.0734	0.0606	0.0881	0.0559	0.0895	0.0885	0.0411	0.1298	0.1041	0.0263	0.2024	0.1304
308	0.0034	0.3637	0.0732	0.0605	0.0878	0.0558	0.0894	0.0883	0.0411	0.1297	0.1039	0.0263	0.2021	0.1302
309	0.0036	0.3681	0.0731	0.0605	0.0879	0.0555	0.0888	0.0881	0.041	0.1296	0.1039	0.0263	0.2017	0.1301
310	0.0037	0.3734	0.0731	0.0604	0.088	0.0557	0.0892	0.0884	0.041	0.1294	0.104	0.0263	0.2019	0.1303
311	0.0035	0.3787	0.0729	0.0601	0.0879	0.0558	0.0894	0.0886	0.041	0.1294	0.1041	0.0263	0.202	0.1304
312	0.0037	0.3759	0.0725	0.0599	0.0875	0.0558	0.0895	0.0884	0.0412	0.1301	0.1041	0.0263	0.2019	0.1302
313	0.0036	0.3696	0.0728	0.0599	0.0877	0.0559	0.0895	0.0885	0.0412	0.1304	0.1043	0.0263	0.2018	0.1303
314	0.004	0.3783	0.0727	0.0594	0.0873	0.0559	0.0894	0.0884	0.0412	0.1303	0.1041	0.0263	0.2016	0.1301
315	0.0042	0.3742	0.0729	0.06	0.0877	0.0559	0.0894	0.0885	0.0412	0.1305	0.1044	0.0263	0.2023	0.1304
316	0.0034	0.3702	0.0738	0.0609	0.0885	0.0559	0.0896	0.0888	0.0412	0.1305	0.1045	0.0263	0.2023	0.1306
317	0.0038	0.3809	0.0733	0.0606	0.0883	0.056	0.09	0.0889	0.0411	0.1304	0.1045	0.0263	0.2022	0.1306
318	0.0036	0.3801	0.0731	0.0607	0.0881	0.056	0.09	0.089	0.0411	0.1305	0.1046	0.0263	0.2026	0.1307
319	0.004	0.3717	0.0737	0.0613	0.0886	0.0561	0.0899	0.089	0.0411	0.13	0.1045	0.0263	0.203	0.1309
320	0.004	0.3684	0.0736	0.0611	0.0886	0.0561	0.0902	0.0892	0.0411	0.1298	0.1046	0.0263	0.2027	0.1309
321	0.0045	0.3868	0.0734	0.0614	0.0885	0.0562	0.0903	0.0892	0.0409	0.1293	0.1042	0.0263	0.2023	0.1307
322	0.004	0.3695	0.073	0.0611	0.0881	0.0559	0.0898	0.0887	0.0409	0.1292	0.1039	0.0263	0.2021	0.1303
323	0.0034	0.3704	0.0726	0.0605	0.0877	0.0559	0.0899	0.0886	0.0408	0.1288	0.1036	0.0262	0.2017	0.13
324	0.0035	0.3724	0.0722	0.0601	0.0875	0.0557	0.0893	0.0883	0.0408	0.1288	0.1037	0.0263	0.202	0.1302
325	0.004	0.3771	0.0726	0.0604	0.0877	0.0559	0.0897	0.0885	0.0408	0.1288	0.1037	0.0263	0.2019	0.1302
326	0.0042	0.3778	0.0727	0.0605	0.0877	0.0557	0.0894	0.0883	0.0408	0.1288	0.1036	0.0263	0.2019	0.13
327	0.0035	0.3677	0.0724	0.0603	0.0874	0.0559	0.0895	0.0883	0.0408	0.1287	0.1034	0.0263	0.2017	0.1299
328	0.0042	0.3671	0.0731	0.0605	0.0877	0.0557	0.0891	0.0881	0.0407	0.1285	0.1033	0.0264	0.202	0.13
329	0.0044	0.3743	0.0726	0.0603	0.0876	0.0557	0.0894	0.0883	0.0408	0.1285	0.1035	0.0264	0.2027	0.1303
330	0.0037	0.3766	0.0722	0.06	0.0874	0.0556	0.0894	0.0883	0.0408	0.1287	0.1035	0.0263	0.2024	0.1302
331	0.0038	0.377	0.0721	0.0598	0.0872	0.0555	0.0893	0.0881	0.0408	0.1285	0.1033	0.0263	0.2026	0.1301
332	0.0037	0.3714	0.0717	0.0595	0.087	0.0555	0.0892	0.0881	0.0406	0.1282	0.1032	0.0263	0.2028	0.1301
333	0.0032	0.3765	0.0719	0.0597	0.0873	0.0557	0.0898	0.0885	0.0406	0.1281	0.1033	0.0263	0.2027	0.1303
334	0.0033	0.3727	0.0718	0.0597	0.0873	0.0555	0.0897	0.0885	0.0406	0.1281	0.1034	0.0263	0.2027	0.1304
335	0.0039	0.3824	0.0717	0.0597	0.0871	0.0555	0.0897	0.0883	0.0407	0.1285	0.1034	0.0263	0.2028	0.1302
336	0.0037	0.3815	0.0718	0.0599	0.0873	0.0555	0.0893	0.0883	0.0406	0.1283	0.1033	0.0263	0.2028	0.1303
337	0.0041	0.383	0.072	0.0601	0.0874	0.0555	0.0895	0.0883	0.0405	0.1279	0.1032	0.0263	0.2024	0.1302
338	0.0037	0.3749	0.0719	0.0599	0.0875	0.0551	0.0889	0.0881	0.0405	0.1278	0.1032	0.0264	0.2027	0.1304
339	0.0041	0.3713	0.0722	0.0603	0.0878	0.0551	0.0887	0.0882	0.0405	0.1277	0.1034	0.0264	0.2027	0.1306
340	0.0037	0.3719	0.0717	0.0597	0.0875	0.0552	0.0889	0.0883	0.0405	0.1278	0.1034	0.0264	0.2024	0.1305
341	0.0035	0.3715	0.0718	0.0596	0.0873	0.0553	0.0889	0.0882	0.0406	0.128	0.1033	0.0263	0.2021	0.1302
342	0.004	0.3758	0.0719	0.0597	0.0874	0.0552	0.0887	0.088	0.0407	0.1282	0.1034	0.0264	0.2027	0.1304
343	0.0036	0.3689	0.0718	0.0596	0.0873	0.0553	0.0892	0.0881	0.0407	0.1286	0.1035	0.0264	0.2022	0.1302
344	0.0041	0.3757	0.0718	0.0595	0.0874	0.0553	0.089	0.0882	0.0406	0.1286	0.1035	0.0264	0.2025	0.1304
345	0.0038	0.3749	0.0719	0.0596	0.0873	0.0555	0.0892	0.0883	0.0406	0.1285	0.1035	0.0264	0.2026	0.1304
346	0.0033	0.3615	0.0719	0.0594	0.0872	0.0558	0.0898	0.0885	0.0406	0.1285	0.1034	0.0264	0.2029	0.1304
347	0.0037	0.3791	0.0715	0.0588	0.0869	0.0558	0.0897	0.0886	0.0407	0.1284	0.1035	0.0264	0.2025	0.1304
348	0.0039	0.3793	0.0716	0.0589	0.0869	0.0559	0.0896	0.0885	0.0407	0.1281	0.1034	0.0264	0.2022	0.1303
349	0.0032	0.3696	0.0716	0.0589	0.0867	0.0559	0.0893	0.0883	0.0408	0.1285	0.1034	0.0264	0.202	0.1301
350	0.0033	0.3709	0.0716	0.0589	0.0865	0.0559	0.0892	0.0881	0.0408	0.1285	0.1033	0.0263	0.2017	0.1298
351	0.0038	0.3706	0.0717	0.059	0.0866	0.0558	0.0891	0.088	0.0408	0.1288	0.1033	0.0263	0.2015	0.1297
352	0.0034	0.372	0.0715	0.0589	0.0865	0.0559	0.0894	0.0882	0.0408	0.1286	0.1033	0.0263	0.2014	0.1297
353	0.0037	0.3691	0.0712	0.0588	0.0865	0.0559	0.0896	0.0883	0.0408	0.1285	0.1033	0.0263	0.2018	0.1298
354	0.0039	0.3729	0.0715	0.059	0.0869	0.0559	0.0896	0.0885	0.0408	0.1284	0.1035	0.0262	0.2015	0.1299
355	0.004	0.3761	0.0713	0.0589	0.0864	0.0557	0.0894	0.0881	0.0409	0.1286	0.1033	0.0262	0.201	0.1295
356	0.0044	0.3823	0.071	0.0585	0.0861	0.0558	0.0895	0.088	0.0408	0.1288	0.1032	0.0262	0.2015	0.1294
357	0.0038	0.3791	0.0711	0.0587	0.086	0.0557	0.0894	0.0878	0.0407	0.1284	0.1029	0.0261	0.2007	0.1291
358	0.004	0.3733	0.0711	0.0587	0.0861	0.0555	0.0893	0.0878	0.0409	0.1291	0.1032	0.0262	0.2013	0.1293
359	0.0039	0.3877	0.0707	0.0583	0.0857	0.0555	0.0894	0.0877	0.0407	0.1291	0.103	0.0262	0.2013	0.1292
360	0.0035	0.3806	0.0707	0.0584	0.086	0.0557	0.0897	0.0882	0.0407	0.1291	0.1033	0.0261	0.2012	0.1295
361	0.0042	0.3743	0.0706	0.0584	0.0863	0.0556	0.0894	0.0883	0.0406	0.1288	0.1034	0.0261	0.2012	0.1297
362	0.004	0.3887	0.0707	0.0585	0.0862	0.0556	0.0894	0.0881	0.0408	0.1291	0.1034	0.0261	0.2007	0.1294
363	0.004	0.377	0.0706	0.0586	0.0861	0.0554	0.0894	0.088	0.0407	0.129	0.1033	0.026	0.1997	0.129
364	0.0041	0.3796	0.0705	0.0584	0.0861	0.0556	0.0893	0.0881	0.0407	0.129	0.1033	0.0259	0.1997	0.129
365	0.0038	0.3809	0.0707	0.0586	0.0862	0.0553	0.0889	0.0879	0.0407	0.1292	0.1033	0.0259	0.1994	0.1289
366	0.0034	0.3702	0.0709	0.0588	0.0862	0.0553	0.0889	0.0877	0.0406	0.1289	0.1031	0.0259	0.1994	0.1288
367	0.004	0.3742	0.0706	0.0585	0.0862	0.0552	0.0885	0.0878	0.0407	0.1289	0.1033	0.0259	0.1994	0.1289
368	0.0037	0.3827	0.0706	0.0585	0.0859	0.0551	0.0887	0.0876	0.0407	0.1288	0.103	0.0259	0.1991	0.1286
369	0.0036	0.3717	0.0706	0.0585	0.0858	0.0548	0.0879	0.087	0.0404	0.1279	0.1024	0.0259	0.1988	0.1282
370	0.0034	0.3719	0.0707	0.0583	0.0857	0.0547	0.0879	0.0868	0.0402	0.1274	0.102	0.0259	0.1993	0.1281
371	0.0035	0.3803	0.0703	0.058	0.0854	0.0545	0.0875	0.0867	0.0401	0.1271	0.1019	0.0258	0.1986	0.1279
372	0.004	0.3766	0.0701	0.0579	0.0853	0.0544	0.0868	0.0864	0.0401	0.1269	0.1017	0.0258	0.1986	0.1278
373	0.0037	0.3816	0.0698	0.0578	0.0849	0.0546	0.0873	0.0864	0.0401	0.1266	0.1016	0.0259	0.1987	0.1277
374	0.0036	0.3742	0.0698	0.0581	0.0852	0.0546	0.0875	0.0867	0.04	0.126	0.1015	0.0259	0.1984	0.1278
375	0.0037	0.3784	0.0697	0.0579	0.085	0.0543	0.0874	0.0864	0.0399	0.1258	0.1013	0.0258	0.1983	0.1277
376	0.0039	0.3784	0.0694	0.0575	0.0848	0.0542	0.0872	0.0862	0.0398	0.1258	0.1013	0.0258	0.1982	0.1275
377	0.0041	0.3691	0.0692	0.0575	0.0844	0.0541	0.0869	0.086	0.0398	0.1255	0.1009	0.0258	0.1986	0.1274
378	0.0037	0.3832	0.0696	0.0576	0.0847	0.0543	0.0871	0.0862	0.0399	0.1258	0.1012	0.0259	0.1988	0.1276
379	0.0043	0.3755	0.0695	0.0574	0.0845	0.0543	0.0869	0.086	0.0398	0.1256	0.101	0.0259	0.1988	0.1275
380	0.0037	0.3868	0.0696	0.0576	0.0847	0.0543	0.087	0.0862	0.0399	0.1257	0.1012	0.0258	0.1987	0.1276
381	0.0041	0.378	0.0701	0.0583	0.0852	0.0543	0.0872	0.0863	0.04	0.1261	0.1014	0.0258	0.1986	0.1276
382	0.0034	0.3723	0.07	0.0582	0.0851	0.0543	0.0871	0.0862	0.0399	0.1257	0.1012	0.0258	0.1984	0.1275
383	0.0043	0.3783	0.0699	0.0582	0.085	0.0541	0.0865	0.0859	0.0401	0.1261	0.1013	0.0258	0.1984	0.1274
384	0.0037	0.3803	0.0693	0.0578	0.0846	0.0541	0.0866	0.0859	0.0399	0.1257	0.1011	0.0258	0.1988	0.1274
385	0.0042	0.3736	0.0694	0.0578	0.0847	0.0543	0.087	0.0861	0.0399	0.1258	0.1012	0.0258	0.1983	0.1273
386	0.0043	0.3787	0.069	0.0573	0.0843	0.0542	0.0868	0.0859	0.0398	0.1256	0.1009	0.0257	0.1979	0.127
387	0.0039	0.368	0.069	0.0575	0.0844	0.054	0.0863	0.0857	0.0399	0.1256	0.101	0.0257	0.1978	0.1271
388	0.0039	0.3768	0.0693	0.0576	0.0846	0.0538	0.086	0.0856	0.0398	0.1257	0.101	0.0257	0.1977	0.1271
389	0.0034	0.3635	0.0696	0.0579	0.0848	0.0539	0.0858	0.0857	0.0398	0.1256	0.101	0.0257	0.1979	0.1271
390	0.004	0.3739	0.0698	0.058	0.085	0.0541	0.0859	0.0858	0.0399	0.1255	0.1012	0.0258	0.1979	0.1273
391	0.0035	0.3699	0.0699	0.058	0.0849	0.0539	0.0857	0.0855	0.0399	0.1255	0.1009	0.0257	0.1973	0.1269
392	0.0036	0.3765	0.0699	0.0581	0.0848	0.0537	0.0856	0.0854	0.0397	0.125	0.1006	0.0257	0.1972	0.1267
393	0.0035	0.3672	0.0692	0.0574	0.0842	0.0538	0.0859	0.0853	0.0397	0.1248	0.1004	0.0257	0.1973	0.1265
394	0.0035	0.3724	0.0691	0.0575	0.0839	0.0539	0.0861	0.0852	0.0397	0.1248	0.1002	0.0257	0.1981	0.1265
395	0.0045	0.3851	0.0691	0.0576	0.0841	0.0536	0.0857	0.085	0.0399	0.1251	0.1004	0.0257	0.1983	0.1266
396	0.0035	0.3701	0.0691	0.0578	0.084	0.0536	0.0858	0.0849	0.0398	0.125	0.1002	0.0257	0.1981	0.1264
397	0.0029	0.3689	0.0691	0.0577	0.084	0.0536	0.0859	0.0849	0.0397	0.1246	0.1001	0.0257	0.1979	0.1264
398	0.0037	0.3674	0.0688	0.0575	0.0838	0.0533	0.0853	0.0845	0.0397	0.1248	0.1001	0.0257	0.1974	0.1261
399	0.0036	0.3676	0.0689	0.0576	0.0839	0.0532	0.0854	0.0847	0.0396	0.1245	0.1	0.0257	0.1975	0.1262
400	0.0035	0.3747	0.0688	0.0576	0.0838	0.0532	0.0853	0.0846	0.0397	0.1246	0.1	0.0256	0.1971	0.126
401	0.0038	0.371	0.0691	0.0576	0.0842	0.053	0.0851	0.0847	0.0396	0.1244	0.1002	0.0256	0.1976	0.1265
402	0.0032	0.3733	0.0692	0.0576	0.0844	0.0531	0.0852	0.0849	0.0395	0.1244	0.1002	0.0257	0.198	0.1267
403	0.0043	0.3735	0.0696	0.058	0.0846	0.0532	0.0852	0.0849	0.0395	0.1243	0.1002	0.0257	0.1982	0.1268
404	0.0038	0.3823	0.0698	0.058	0.0845	0.0533	0.0854	0.0849	0.0395	0.1244	0.1	0.0257	0.1985	0.1267
405	0.0038	0.3747	0.0699	0.0579	0.0845	0.0533	0.0852	0.0848	0.0394	0.1242	0.1	0.0258	0.1985	0.1268
406	0.0042	0.3729	0.0696	0.0578	0.0845	0.0532	0.0852	0.0849	0.0395	0.1241	0.1001	0.0257	0.1981	0.1268
407	0.0037	0.3793	0.0699	0.0581	0.0848	0.0532	0.0855	0.0851	0.0396	0.1245	0.1004	0.0258	0.1986	0.1271
408	0.0036	0.3742	0.0699	0.0581	0.085	0.0535	0.0863	0.0855	0.0396	0.1247	0.1006	0.0258	0.1981	0.1271
409	0.0037	0.3719	0.0701	0.0582	0.085	0.0537	0.0864	0.0856	0.0396	0.1248	0.1006	0.0257	0.1976	0.127
410	0.0032	0.3754	0.07	0.0579	0.0848	0.0538	0.0865	0.0856	0.0395	0.1243	0.1003	0.0257	0.1978	0.1269
411	0.0032	0.3717	0.0694	0.0574	0.0842	0.0536	0.0863	0.0853	0.0394	0.1241	0.1	0.0257	0.1978	0.1267
412	0.0041	0.377	0.0694	0.0574	0.0841	0.0532	0.0856	0.0849	0.0395	0.1243	0.1001	0.0257	0.1982	0.1267
413	0.0037	0.374	0.0695	0.0576	0.0842	0.0531	0.0853	0.0848	0.0395	0.1241	0.1	0.0257	0.198	0.1265
414	0.0033	0.3857	0.0694	0.0574	0.0842	0.0529	0.085	0.0846	0.0395	0.1242	0.1	0.0257	0.1981	0.1267
415	0.0041	0.3779	0.0694	0.0574	0.0841	0.053	0.0852	0.0846	0.0397	0.1252	0.1002	0.0257	0.1983	0.1266
416	0.0041	0.3771	0.07	0.058	0.0846	0.0532	0.0855	0.0849	0.0397	0.1252	0.1005	0.0257	0.1982	0.1267
417	0.0034	0.3762	0.0703	0.0581	0.0847	0.0531	0.0854	0.0848	0.0397	0.1253	0.1004	0.0257	0.1984	0.1268
418	0.004	0.3856	0.0699	0.0579	0.0841	0.0532	0.0855	0.0845	0.0398	0.1258	0.1003	0.0258	0.1987	0.1265
419	0.0037	0.3818	0.0699	0.058	0.084	0.0533	0.0856	0.0845	0.0398	0.1254	0.1001	0.0258	0.1989	0.1265
420	0.0038	0.3741	0.0699	0.058	0.084	0.0533	0.0856	0.0845	0.0399	0.1257	0.1002	0.0258	0.1989	0.1265
421	0.004	0.3818	0.0695	0.0575	0.0836	0.0532	0.0855	0.0844	0.0396	0.1251	0.0998	0.0258	0.1987	0.1263
422	0.003	0.378	0.0694	0.0573	0.0836	0.0531	0.0855	0.0843	0.0396	0.1247	0.0996	0.0258	0.1987	0.1262
423	0.0036	0.3733	0.0698	0.0577	0.084	0.0532	0.0855	0.0844	0.0395	0.1247	0.0997	0.0258	0.1991	0.1264
424	0.0037	0.3863	0.0697	0.0577	0.084	0.0532	0.0855	0.0844	0.0395	0.1247	0.0997	0.0259	0.1992	0.1266
425	0.004	0.3671	0.0699	0.0579	0.0846	0.0533	0.0859	0.085	0.0395	0.1249	0.1002	0.0258	0.1986	0.1268
426	0.0034	0.3672	0.0701	0.0585	0.085	0.0533	0.086	0.0852	0.0396	0.1249	0.1004	0.0258	0.1986	0.127
427	0.0033	0.378	0.0702	0.0581	0.0849	0.0531	0.0857	0.085	0.0395	0.1248	0.1002	0.0258	0.1983	0.1268
428	0.0042	0.3695	0.0705	0.0584	0.0851	0.0533	0.0856	0.0851	0.0394	0.1246	0.1002	0.0257	0.1978	0.1267
429	0.0037	0.3789	0.0706	0.0583	0.085	0.0531	0.0852	0.0848	0.0394	0.1243	0.1	0.0257	0.198	0.1265
430	0.004	0.377	0.0706	0.0582	0.0849	0.0532	0.0853	0.0848	0.0395	0.1247	0.1001	0.0257	0.1977	0.1264
431	0.0037	0.373	0.0709	0.0584	0.0848	0.0533	0.0856	0.0848	0.0393	0.1243	0.0998	0.0257	0.1976	0.1263
432	0.0043	0.3841	0.0703	0.0581	0.0845	0.0533	0.0859	0.0848	0.0394	0.1246	0.0999	0.0257	0.1975	0.1263
433	0.0032	0.3626	0.0703	0.058	0.0845	0.0531	0.0853	0.0846	0.0394	0.1245	0.0999	0.0257	0.1974	0.1262
434	0.0031	0.3805	0.07	0.0578	0.0843	0.053	0.0853	0.0846	0.0393	0.1238	0.0997	0.0257	0.1974	0.1263
435	0.0041	0.3724	0.0699	0.0576	0.0845	0.0532	0.0853	0.0849	0.0394	0.1242	0.1001	0.0257	0.1972	0.1265
436	0.0045	0.3789	0.0701	0.0577	0.0844	0.0531	0.085	0.0846	0.0394	0.1244	0.0999	0.0257	0.1977	0.1264
437	0.0044	0.384	0.0701	0.0574	0.0843	0.0533	0.0852	0.0847	0.0394	0.1244	0.0999	0.0258	0.1979	0.1265
438	0.0038	0.3806	0.0705	0.0576	0.0845	0.0533	0.0852	0.0848	0.0396	0.1247	0.1001	0.0258	0.198	0.1266
439	0.0046	0.3738	0.0707	0.0577	0.0849	0.0534	0.0852	0.0851	0.0396	0.1247	0.1004	0.0258	0.1982	0.1269
440	0.0037	0.3887	0.0707	0.0581	0.0853	0.0537	0.0859	0.0856	0.0395	0.1246	0.1005	0.0258	0.1986	0.1272
441	0.0044	0.3736	0.0706	0.0578	0.085	0.0535	0.0854	0.0852	0.0393	0.124	0.1002	0.0258	0.1983	0.127
442	0.0039	0.3786	0.0706	0.0577	0.085	0.0536	0.0856	0.0853	0.0393	0.1244	0.1002	0.0258	0.1981	0.1269
443	0.0039	0.3732	0.071	0.0579	0.0854	0.0536	0.0856	0.0854	0.0393	0.1243	0.1003	0.0258	0.1981	0.127
444	0.0039	0.3837	0.0717	0.0585	0.086	0.0537	0.0859	0.0858	0.0395	0.1247	0.1008	0.0258	0.1981	0.1273
445	0.0034	0.3768	0.0722	0.0591	0.0866	0.0535	0.0859	0.0859	0.0395	0.1248	0.101	0.0258	0.1982	0.1276
446	0.0036	0.3755	0.0721	0.0588	0.0867	0.0537	0.0859	0.0861	0.0395	0.1252	0.1012	0.0258	0.1976	0.1275
447	0.0037	0.379	0.0723	0.0586	0.0867	0.0536	0.0854	0.0859	0.0396	0.1255	0.1012	0.0257	0.1973	0.1273
448	0.0033	0.3732	0.0721	0.0584	0.0864	0.0536	0.0855	0.0857	0.0395	0.1255	0.1009	0.0257	0.1973	0.1271
449	0.0041	0.3831	0.0718	0.0583	0.0861	0.0536	0.0856	0.0857	0.0395	0.1252	0.1008	0.0257	0.1971	0.127
450	0.0039	0.3779	0.0716	0.0585	0.0861	0.0536	0.0853	0.0855	0.0394	0.125	0.1007	0.0257	0.1972	0.127
451	0.0042	0.3797	0.0717	0.0586	0.086	0.0536	0.0856	0.0855	0.0394	0.1251	0.1005	0.0257	0.1974	0.1269
452	0.0033	0.3754	0.0716	0.0586	0.0862	0.0539	0.0859	0.0859	0.0395	0.1253	0.1009	0.0258	0.198	0.1274
453	0.0034	0.3838	0.0719	0.0588	0.0865	0.054	0.0861	0.0861	0.0396	0.1257	0.1012	0.0257	0.1978	0.1274
454	0.0037	0.3863	0.0719	0.059	0.0867	0.0541	0.0862	0.0864	0.0396	0.1259	0.1015	0.0258	0.1983	0.1278
455	0.0037	0.3649	0.0719	0.0591	0.0867	0.0539	0.0858	0.0861	0.0396	0.1256	0.1013	0.0258	0.199	0.1279
456	0.003	0.3663	0.0717	0.0591	0.0866	0.0537	0.0854	0.086	0.0396	0.126	0.1015	0.0258	0.1988	0.1279
457	0.004	0.3756	0.0715	0.059	0.0865	0.0537	0.0856	0.086	0.0396	0.1257	0.1013	0.0258	0.1987	0.1278
458	0.0041	0.3902	0.071	0.0587	0.086	0.0538	0.0862	0.0861	0.0395	0.1256	0.1012	0.0258	0.1987	0.1277
459	0.0038	0.3809	0.0712	0.0589	0.0861	0.0537	0.0857	0.0859	0.0395	0.1251	0.101	0.0258	0.1985	0.1275
460	0.0037	0.3681	0.071	0.0587	0.0858	0.0535	0.0857	0.0856	0.0395	0.1255	0.101	0.0258	0.1986	0.1274
461	0.0036	0.3856	0.0706	0.0584	0.0854	0.0534	0.0855	0.0854	0.0395	0.1253	0.1008	0.0257	0.1987	0.1272
462	0.0041	0.373	0.0703	0.0579	0.085	0.0535	0.0856	0.0853	0.0396	0.1255	0.1006	0.0258	0.1988	0.1271
463	0.0038	0.3792	0.0703	0.058	0.085	0.0534	0.0852	0.0851	0.0394	0.1249	0.1004	0.0258	0.199	0.1271
464	0.0043	0.3882	0.0709	0.0586	0.0855	0.0531	0.0849	0.085	0.0394	0.125	0.1005	0.0258	0.199	0.1271
465	0.0035	0.3693	0.071	0.0585	0.0855	0.0533	0.085	0.0851	0.0395	0.1251	0.1006	0.0258	0.1993	0.1273
466	0.0038	0.3838	0.0712	0.0584	0.0857	0.0535	0.0855	0.0854	0.0396	0.1254	0.1008	0.0258	0.1991	0.1273
467	0.004	0.3839	0.0717	0.0588	0.0861	0.0538	0.0861	0.0858	0.0397	0.126	0.1011	0.0257	0.1987	0.1274
468	0.0039	0.3826	0.0712	0.0582	0.0855	0.0538	0.0861	0.0855	0.0396	0.1253	0.1006	0.0256	0.198	0.1268
469	0.0037	0.384	0.0711	0.0579	0.0852	0.0538	0.086	0.0854	0.0394	0.1244	0.1002	0.0256	0.1979	0.1266
470	0.0037	0.3779	0.0703	0.0574	0.0846	0.0537	0.086	0.0852	0.0394	0.1244	0.1001	0.0255	0.1974	0.1263
471	0.0031	0.376	0.0706	0.0576	0.0848	0.0536	0.086	0.0853	0.0395	0.1248	0.1002	0.0255	0.1971	0.1263
472	0.0038	0.3763	0.0706	0.0573	0.0846	0.0534	0.0857	0.0849	0.0395	0.1246	0.1	0.0256	0.1977	0.1263
473	0.0031	0.3737	0.0705	0.0571	0.0845	0.0534	0.0858	0.0849	0.0393	0.1242	0.0997	0.0255	0.1976	0.1261
474	0.0036	0.3805	0.0706	0.0575	0.0848	0.0534	0.0858	0.0851	0.0393	0.1239	0.0998	0.0255	0.1972	0.1262
475	0.0036	0.3829	0.07	0.0569	0.0844	0.0534	0.0856	0.085	0.0392	0.1237	0.0997	0.0255	0.1971	0.1261
476	0.0035	0.3808	0.0697	0.0566	0.0841	0.0532	0.0852	0.0847	0.039	0.1234	0.0993	0.0255	0.197	0.1259
477	0.004	0.3888	0.0696	0.0568	0.0841	0.0532	0.085	0.0845	0.0391	0.1237	0.0994	0.0255	0.1968	0.1258
478	0.0033	0.3839	0.0699	0.0569	0.0842	0.0529	0.0845	0.0843	0.039	0.1235	0.0993	0.0255	0.1968	0.1257
479	0.004	0.3677	0.0701	0.0573	0.0843	0.053	0.0842	0.0841	0.0392	0.124	0.0994	0.0255	0.1967	0.1256
480	0.0033	0.3842	0.0702	0.0574	0.0845	0.0527	0.0842	0.0841	0.0391	0.1237	0.0994	0.0254	0.1965	0.1256
481	0.0037	0.3774	0.0704	0.0573	0.0847	0.0527	0.0841	0.0842	0.0392	0.1238	0.0995	0.0254	0.196	0.1255
482	0.0032	0.3813	0.0704	0.057	0.0846	0.0527	0.084	0.0841	0.0392	0.1237	0.0995	0.0254	0.1961	0.1255
483	0.0034	0.3702	0.0704	0.0571	0.0847	0.0527	0.0838	0.0841	0.0391	0.1235	0.0994	0.0254	0.196	0.1256
484	0.004	0.3794	0.0699	0.0565	0.0843	0.0527	0.084	0.0841	0.0391	0.1235	0.0994	0.0254	0.1957	0.1254
485	0.0036	0.3782	0.0698	0.0567	0.0842	0.0529	0.0845	0.0843	0.0391	0.1234	0.0993	0.0254	0.1958	0.1254
486	0.0031	0.3785	0.0694	0.0564	0.0837	0.0526	0.0841	0.0838	0.039	0.1234	0.099	0.0253	0.1954	0.125
487	0.0042	0.3812	0.0693	0.0561	0.0837	0.0525	0.0839	0.0838	0.039	0.1234	0.0991	0.0253	0.1953	0.125
488	0.0037	0.3824	0.0698	0.0564	0.0838	0.0526	0.0841	0.0837	0.0389	0.1234	0.0989	0.0253	0.1954	0.1248
489	0.0034	0.3843	0.0695	0.0561	0.0836	0.0526	0.0842	0.0837	0.0389	0.1236	0.0989	0.0253	0.1952	0.1247
490	0.0032	0.3861	0.0694	0.0564	0.0836	0.0523	0.0839	0.0835	0.0388	0.1232	0.0987	0.0253	0.195	0.1246
491	0.0039	0.3807	0.0694	0.0562	0.0834	0.0523	0.084	0.0833	0.0389	0.1233	0.0986	0.0254	0.1957	0.1247
492	0.0035	0.3817	0.069	0.0561	0.0834	0.0527	0.0846	0.0839	0.0388	0.1234	0.0988	0.0254	0.1958	0.125
493	0.0038	0.3853	0.0693	0.0563	0.0837	0.0529	0.0847	0.0842	0.0389	0.1236	0.0991	0.0254	0.1959	0.1252
494	0.0037	0.3847	0.0696	0.0563	0.0839	0.0529	0.0845	0.0842	0.0389	0.1235	0.0992	0.0255	0.1966	0.1255
495	0.0032	0.3827	0.0696	0.0566	0.0841	0.0529	0.0843	0.0844	0.0389	0.1235	0.0993	0.0255	0.197	0.1258
496	0.0045	0.3855	0.0697	0.0566	0.0843	0.0529	0.0842	0.0844	0.039	0.124	0.0996	0.0256	0.1976	0.1261
497	0.0037	0.3801	0.0689	0.056	0.0838	0.0529	0.0841	0.0844	0.039	0.1241	0.0996	0.0255	0.1971	0.126
498	0.0036	0.3771	0.0689	0.0562	0.0838	0.0526	0.0837	0.0841	0.039	0.1238	0.0995	0.0255	0.1968	0.1259
499	0.0038	0.3814	0.0687	0.0561	0.0835	0.0526	0.0838	0.0839	0.039	0.1238	0.0992	0.0255	0.1965	0.1255
500	0.0038	0.3836	0.0688	0.0563	0.0835	0.0528	0.0841	0.084	0.039	0.1238	0.0992	0.0255	0.1963	0.1255
