{"n_layers": 0, "device": "cuda", "batch_size": 2048, "embedding_dim": 64, "learning_rate": 0.001, "dataset": "dbbook", "epochs": 150, "top_k": 5, "multimodal": false, "datasets": {"dbbook": ["images", "text"], "ml1m": ["audio", "images", "text", "video"]}}
Epoch	Loss	Recall	Precision	NDCG
1	0.6931	0.0008	0.0012	0.0013
2	0.6921	0.0019	0.0028	0.0030
3	0.6909	0.0048	0.0065	0.0069
4	0.6890	0.0091	0.0130	0.0134
5	0.6859	0.0141	0.0198	0.0219
6	0.6808	0.0173	0.0243	0.0263
7	0.6730	0.0202	0.0280	0.0301
8	0.6618	0.0223	0.0314	0.0341
9	0.6466	0.0240	0.0334	0.0366
10	0.6273	0.0256	0.0354	0.0388
11	0.6036	0.0274	0.0372	0.0409
12	0.5766	0.0286	0.0385	0.0426
13	0.5481	0.0297	0.0398	0.0439
14	0.5177	0.0308	0.0410	0.0451
15	0.4875	0.0306	0.0408	0.0453
16	0.4581	0.0310	0.0410	0.0457
17	0.4311	0.0316	0.0415	0.0463
18	0.4045	0.0325	0.0419	0.0470
19	0.3834	0.0324	0.0418	0.0471
20	0.3615	0.0327	0.0425	0.0478
21	0.3416	0.0329	0.0426	0.0480
22	0.3239	0.0332	0.0430	0.0484
23	0.3073	0.0330	0.0431	0.0485
24	0.2917	0.0333	0.0435	0.0490
25	0.2792	0.0334	0.0439	0.0495
26	0.2671	0.0336	0.0443	0.0497
27	0.2553	0.0335	0.0440	0.0497
28	0.2452	0.0334	0.0440	0.0497
29	0.2359	0.0335	0.0439	0.0496
30	0.2264	0.0339	0.0447	0.0504
31	0.2175	0.0344	0.0452	0.0508
32	0.2098	0.0346	0.0454	0.0512
33	0.2001	0.0349	0.0459	0.0517
34	0.1926	0.0350	0.0459	0.0522
35	0.1851	0.0352	0.0463	0.0524
36	0.1775	0.0353	0.0463	0.0527
37	0.1706	0.0356	0.0466	0.0530
38	0.1678	0.0357	0.0468	0.0532
39	0.1599	0.0360	0.0470	0.0535
40	0.1543	0.0359	0.0469	0.0534
41	0.1490	0.0358	0.0467	0.0533
42	0.1440	0.0359	0.0468	0.0534
43	0.1384	0.0365	0.0474	0.0541
44	0.1353	0.0363	0.0471	0.0540
45	0.1294	0.0367	0.0475	0.0543
46	0.1270	0.0368	0.0478	0.0547
47	0.1204	0.0370	0.0481	0.0549
48	0.1185	0.0369	0.0478	0.0547
49	0.1137	0.0371	0.0478	0.0547
50	0.1103	0.0374	0.0481	0.0549
51	0.1056	0.0376	0.0485	0.0551
52	0.1027	0.0376	0.0487	0.0553
53	0.0998	0.0379	0.0493	0.0557
54	0.0975	0.0378	0.0493	0.0559
55	0.0936	0.0379	0.0493	0.0559
56	0.0910	0.0382	0.0497	0.0562
57	0.0876	0.0380	0.0494	0.0560
58	0.0854	0.0385	0.0501	0.0566
59	0.0834	0.0384	0.0501	0.0566
60	0.0805	0.0385	0.0501	0.0567
61	0.0791	0.0385	0.0501	0.0567
62	0.0759	0.0383	0.0499	0.0566
63	0.0754	0.0383	0.0498	0.0565
64	0.0723	0.0382	0.0499	0.0568
65	0.0701	0.0385	0.0498	0.0567
66	0.0686	0.0385	0.0497	0.0566
67	0.0671	0.0384	0.0498	0.0566
68	0.0652	0.0383	0.0497	0.0566
69	0.0643	0.0383	0.0501	0.0568
70	0.0613	0.0380	0.0499	0.0566
71	0.0610	0.0381	0.0499	0.0568
72	0.0581	0.0383	0.0500	0.0570
73	0.0578	0.0384	0.0501	0.0571
74	0.0558	0.0379	0.0499	0.0568
75	0.0552	0.0383	0.0501	0.0572
76	0.0532	0.0384	0.0502	0.0573
77	0.0525	0.0382	0.0499	0.0573
78	0.0517	0.0389	0.0504	0.0578
79	0.0495	0.0392	0.0504	0.0578
80	0.0493	0.0390	0.0506	0.0580
81	0.0470	0.0392	0.0505	0.0580
82	0.0468	0.0395	0.0509	0.0583
83	0.0454	0.0396	0.0509	0.0583
84	0.0454	0.0392	0.0505	0.0585
85	0.0441	0.0389	0.0505	0.0583
86	0.0428	0.0392	0.0510	0.0588
87	0.0420	0.0391	0.0508	0.0586
88	0.0410	0.0392	0.0509	0.0586
89	0.0405	0.0390	0.0509	0.0584
90	0.0401	0.0391	0.0510	0.0584
91	0.0392	0.0392	0.0512	0.0586
92	0.0395	0.0392	0.0515	0.0591
93	0.0369	0.0391	0.0514	0.0590
94	0.0360	0.0393	0.0514	0.0592
95	0.0361	0.0397	0.0518	0.0596
96	0.0357	0.0397	0.0516	0.0595
97	0.0347	0.0392	0.0514	0.0589
98	0.0340	0.0392	0.0512	0.0588
99	0.0326	0.0393	0.0513	0.0588
100	0.0330	0.0395	0.0515	0.0591
101	0.0324	0.0395	0.0515	0.0590
102	0.0320	0.0396	0.0515	0.0590
103	0.0310	0.0397	0.0516	0.0593
104	0.0318	0.0400	0.0518	0.0595
105	0.0309	0.0399	0.0517	0.0595
106	0.0302	0.0396	0.0518	0.0597
107	0.0295	0.0398	0.0521	0.0601
108	0.0292	0.0397	0.0521	0.0601
109	0.0289	0.0399	0.0521	0.0599
110	0.0274	0.0404	0.0523	0.0604
111	0.0277	0.0406	0.0526	0.0605
112	0.0274	0.0406	0.0527	0.0606
113	0.0261	0.0407	0.0525	0.0605
114	0.0260	0.0405	0.0525	0.0603
115	0.0257	0.0404	0.0523	0.0602
116	0.0245	0.0406	0.0523	0.0604
117	0.0251	0.0407	0.0525	0.0606
118	0.0244	0.0407	0.0525	0.0605
119	0.0251	0.0407	0.0524	0.0605
120	0.0239	0.0408	0.0526	0.0608
121	0.0243	0.0406	0.0525	0.0607
122	0.0236	0.0404	0.0524	0.0605
123	0.0223	0.0406	0.0523	0.0604
124	0.0225	0.0405	0.0522	0.0603
125	0.0232	0.0405	0.0524	0.0605
126	0.0221	0.0407	0.0524	0.0604
127	0.0219	0.0408	0.0526	0.0607
128	0.0220	0.0408	0.0527	0.0607
129	0.0214	0.0411	0.0529	0.0609
130	0.0211	0.0409	0.0526	0.0608
131	0.0211	0.0409	0.0525	0.0606
132	0.0201	0.0405	0.0521	0.0602
133	0.0207	0.0403	0.0519	0.0601
134	0.0203	0.0406	0.0523	0.0605
135	0.0204	0.0407	0.0526	0.0608
136	0.0200	0.0406	0.0525	0.0607
137	0.0193	0.0409	0.0525	0.0608
138	0.0193	0.0408	0.0524	0.0606
139	0.0191	0.0408	0.0525	0.0608
140	0.0192	0.0408	0.0525	0.0607
141	0.0178	0.0410	0.0527	0.0610
142	0.0186	0.0412	0.0528	0.0609
143	0.0183	0.0414	0.0530	0.0611
144	0.0179	0.0413	0.0529	0.0612
145	0.0177	0.0413	0.0530	0.0611
146	0.0176	0.0413	0.0532	0.0612
147	0.0176	0.0412	0.0530	0.0610
148	0.0164	0.0414	0.0532	0.0612
149	0.0168	0.0416	0.0534	0.0613
150	0.0172	0.0418	0.0536	0.0616
