{"n_layers": 0, "device": "cuda", "batch_size": 2048, "embedding_dim": 256, "learning_rate": 0.0005, "dataset": "dbbook", "epochs": 150, "top_k": 20, "multimodal": false, "datasets": {"dbbook": ["images", "text"], "ml1m": ["audio", "images", "text", "video"]}}
Epoch	Loss	Recall	Precision	NDCG
1	0.6931	0.0040	0.0014	0.0027
2	0.6913	0.0042	0.0014	0.0028
3	0.6895	0.0058	0.0020	0.0039
4	0.6874	0.0090	0.0033	0.0066
5	0.6848	0.0167	0.0057	0.0126
6	0.6814	0.0276	0.0093	0.0216
7	0.6769	0.0413	0.0141	0.0318
8	0.6710	0.0536	0.0185	0.0411
9	0.6633	0.0636	0.0218	0.0484
10	0.6536	0.0728	0.0247	0.0550
11	0.6414	0.0782	0.0267	0.0591
12	0.6266	0.0820	0.0280	0.0623
13	0.6092	0.0847	0.0288	0.0646
14	0.5891	0.0874	0.0297	0.0663
15	0.5667	0.0892	0.0304	0.0679
16	0.5429	0.0897	0.0305	0.0686
17	0.5172	0.0922	0.0311	0.0701
18	0.4913	0.0934	0.0316	0.0713
19	0.4657	0.0937	0.0317	0.0717
20	0.4404	0.0941	0.0319	0.0725
21	0.4158	0.0942	0.0320	0.0729
22	0.3922	0.0950	0.0323	0.0737
23	0.3702	0.0954	0.0325	0.0746
24	0.3496	0.0955	0.0326	0.0751
25	0.3307	0.0961	0.0328	0.0756
26	0.3131	0.0969	0.0330	0.0762
27	0.2970	0.0972	0.0331	0.0767
28	0.2816	0.0991	0.0335	0.0778
29	0.2670	0.0996	0.0337	0.0784
30	0.2546	0.1000	0.0338	0.0788
31	0.2426	0.1004	0.0340	0.0792
32	0.2300	0.1010	0.0341	0.0797
33	0.2207	0.1011	0.0342	0.0801
34	0.2113	0.1014	0.0344	0.0805
35	0.2009	0.1021	0.0344	0.0810
36	0.1913	0.1030	0.0347	0.0817
37	0.1833	0.1033	0.0347	0.0820
38	0.1755	0.1043	0.0350	0.0824
39	0.1678	0.1046	0.0351	0.0827
40	0.1606	0.1050	0.0353	0.0830
41	0.1536	0.1052	0.0353	0.0830
42	0.1484	0.1053	0.0354	0.0830
43	0.1410	0.1060	0.0356	0.0831
44	0.1388	0.1067	0.0358	0.0837
45	0.1314	0.1070	0.0360	0.0841
46	0.1263	0.1076	0.0361	0.0845
47	0.1206	0.1083	0.0363	0.0850
48	0.1160	0.1087	0.0364	0.0853
49	0.1126	0.1097	0.0366	0.0859
50	0.1083	0.1106	0.0369	0.0865
51	0.1031	0.1114	0.0370	0.0870
52	0.0992	0.1116	0.0370	0.0871
53	0.0957	0.1115	0.0370	0.0873
54	0.0928	0.1121	0.0372	0.0878
55	0.0897	0.1124	0.0373	0.0880
56	0.0871	0.1124	0.0374	0.0882
57	0.0838	0.1129	0.0375	0.0885
58	0.0808	0.1133	0.0375	0.0888
59	0.0782	0.1136	0.0376	0.0890
60	0.0751	0.1137	0.0377	0.0893
61	0.0731	0.1141	0.0378	0.0894
62	0.0703	0.1142	0.0379	0.0897
63	0.0687	0.1142	0.0379	0.0897
64	0.0661	0.1143	0.0379	0.0899
65	0.0646	0.1145	0.0379	0.0901
66	0.0625	0.1146	0.0379	0.0902
67	0.0607	0.1149	0.0380	0.0903
68	0.0590	0.1151	0.0381	0.0907
69	0.0572	0.1153	0.0381	0.0909
70	0.0545	0.1155	0.0382	0.0910
71	0.0537	0.1156	0.0382	0.0911
72	0.0521	0.1165	0.0383	0.0914
73	0.0509	0.1167	0.0384	0.0915
74	0.0491	0.1165	0.0383	0.0918
75	0.0477	0.1171	0.0386	0.0919
76	0.0468	0.1176	0.0387	0.0921
77	0.0453	0.1179	0.0387	0.0924
78	0.0439	0.1179	0.0388	0.0925
79	0.0431	0.1183	0.0389	0.0928
80	0.0423	0.1184	0.0389	0.0929
81	0.0406	0.1183	0.0389	0.0930
82	0.0405	0.1183	0.0389	0.0933
83	0.0380	0.1180	0.0388	0.0929
84	0.0381	0.1176	0.0388	0.0926
85	0.0372	0.1178	0.0388	0.0928
86	0.0355	0.1177	0.0388	0.0927
87	0.0347	0.1179	0.0388	0.0929
88	0.0344	0.1184	0.0389	0.0930
89	0.0340	0.1188	0.0389	0.0931
90	0.0325	0.1186	0.0390	0.0934
91	0.0326	0.1189	0.0391	0.0936
92	0.0312	0.1186	0.0390	0.0934
93	0.0303	0.1186	0.0389	0.0934
94	0.0297	0.1188	0.0390	0.0936
95	0.0298	0.1187	0.0390	0.0934
96	0.0285	0.1191	0.0390	0.0935
97	0.0277	0.1193	0.0391	0.0936
98	0.0274	0.1195	0.0392	0.0938
99	0.0268	0.1195	0.0392	0.0939
100	0.0269	0.1196	0.0392	0.0940
101	0.0261	0.1195	0.0392	0.0940
102	0.0252	0.1198	0.0393	0.0943
103	0.0245	0.1201	0.0394	0.0945
104	0.0244	0.1199	0.0394	0.0945
105	0.0240	0.1202	0.0395	0.0946
106	0.0236	0.1201	0.0394	0.0947
107	0.0233	0.1201	0.0394	0.0947
108	0.0225	0.1201	0.0393	0.0946
109	0.0220	0.1204	0.0394	0.0948
110	0.0212	0.1204	0.0394	0.0949
111	0.0213	0.1206	0.0394	0.0951
112	0.0211	0.1204	0.0395	0.0951
113	0.0216	0.1209	0.0396	0.0953
114	0.0210	0.1208	0.0396	0.0953
115	0.0203	0.1208	0.0396	0.0954
116	0.0200	0.1210	0.0397	0.0955
117	0.0197	0.1212	0.0397	0.0958
118	0.0193	0.1218	0.0399	0.0961
119	0.0189	0.1223	0.0400	0.0964
120	0.0184	0.1219	0.0399	0.0964
121	0.0185	0.1220	0.0399	0.0964
122	0.0180	0.1220	0.0400	0.0965
123	0.0177	0.1221	0.0400	0.0967
124	0.0180	0.1219	0.0400	0.0966
125	0.0178	0.1221	0.0401	0.0969
126	0.0173	0.1220	0.0401	0.0969
127	0.0165	0.1221	0.0401	0.0968
128	0.0166	0.1219	0.0400	0.0968
129	0.0163	0.1222	0.0401	0.0970
130	0.0160	0.1226	0.0401	0.0972
131	0.0155	0.1228	0.0402	0.0974
132	0.0161	0.1229	0.0402	0.0974
133	0.0155	0.1228	0.0401	0.0974
134	0.0154	0.1229	0.0402	0.0975
135	0.0151	0.1228	0.0403	0.0975
136	0.0150	0.1234	0.0404	0.0979
137	0.0140	0.1230	0.0403	0.0978
138	0.0145	0.1231	0.0403	0.0976
139	0.0142	0.1232	0.0403	0.0975
140	0.0142	0.1234	0.0404	0.0977
141	0.0134	0.1232	0.0404	0.0976
142	0.0133	0.1234	0.0404	0.0978
143	0.0136	0.1232	0.0403	0.0976
144	0.0133	0.1233	0.0404	0.0978
145	0.0136	0.1232	0.0404	0.0978
146	0.0126	0.1232	0.0404	0.0978
147	0.0133	0.1234	0.0404	0.0979
148	0.0131	0.1233	0.0404	0.0978
149	0.0127	0.1234	0.0404	0.0978
150	0.0129	0.1232	0.0403	0.0978
