{"n_layers": 1, "device": "cuda", "batch_size": 2048, "embedding_dim": 128, "learning_rate": 0.001, "dataset": "dbbook", "epochs": 150, "top_k": 50, "multimodal": true, "datasets": {"dbbook": ["images", "text"], "ml1m": ["audio", "images", "text", "video"]}}
Epoch	Loss	Recall	Precision	NDCG
1	0.6924	0.0310	0.0040	0.0158
2	0.6896	0.0713	0.0094	0.0453
3	0.6856	0.1119	0.0151	0.0714
4	0.6792	0.1376	0.0191	0.0845
5	0.6691	0.1498	0.0209	0.0887
6	0.6538	0.1550	0.0219	0.0888
7	0.6322	0.1569	0.0222	0.0876
8	0.6043	0.1568	0.0222	0.0860
9	0.5711	0.1554	0.0220	0.0843
10	0.5349	0.1544	0.0220	0.0832
11	0.4980	0.1535	0.0218	0.0821
12	0.4621	0.1525	0.0217	0.0815
13	0.4290	0.1519	0.0217	0.0811
14	0.3980	0.1511	0.0216	0.0807
15	0.3724	0.1519	0.0216	0.0809
16	0.3469	0.1519	0.0217	0.0810
17	0.3265	0.1524	0.0218	0.0813
18	0.3097	0.1531	0.0219	0.0817
19	0.2917	0.1537	0.0220	0.0822
20	0.2751	0.1544	0.0221	0.0827
21	0.2627	0.1554	0.0222	0.0834
22	0.2486	0.1562	0.0223	0.0840
23	0.2386	0.1576	0.0225	0.0848
24	0.2299	0.1587	0.0226	0.0855
25	0.2183	0.1596	0.0228	0.0862
26	0.2107	0.1603	0.0229	0.0868
27	0.2031	0.1609	0.0231	0.0874
28	0.1948	0.1626	0.0233	0.0886
29	0.1870	0.1640	0.0234	0.0894
30	0.1796	0.1644	0.0235	0.0901
31	0.1737	0.1657	0.0236	0.0907
32	0.1680	0.1668	0.0238	0.0914
33	0.1648	0.1670	0.0238	0.0918
34	0.1568	0.1684	0.0240	0.0926
35	0.1533	0.1699	0.0242	0.0935
36	0.1467	0.1716	0.0244	0.0942
37	0.1416	0.1730	0.0245	0.0949
38	0.1391	0.1740	0.0246	0.0954
39	0.1342	0.1753	0.0247	0.0961
40	0.1312	0.1761	0.0249	0.0966
41	0.1243	0.1775	0.0250	0.0974
42	0.1237	0.1787	0.0251	0.0983
43	0.1190	0.1789	0.0252	0.0988
44	0.1149	0.1793	0.0253	0.0992
45	0.1125	0.1800	0.0253	0.0997
46	0.1105	0.1804	0.0254	0.1003
47	0.1072	0.1808	0.0255	0.1008
48	0.1035	0.1821	0.0256	0.1016
49	0.1038	0.1832	0.0258	0.1024
50	0.0973	0.1841	0.0259	0.1032
51	0.0964	0.1850	0.0260	0.1039
52	0.0959	0.1859	0.0261	0.1046
53	0.0925	0.1864	0.0261	0.1050
54	0.0889	0.1876	0.0263	0.1057
55	0.0865	0.1879	0.0263	0.1060
56	0.0849	0.1882	0.0264	0.1063
57	0.0842	0.1894	0.0264	0.1069
58	0.0800	0.1900	0.0265	0.1073
59	0.0802	0.1915	0.0267	0.1079
60	0.0788	0.1922	0.0268	0.1084
61	0.0760	0.1929	0.0268	0.1089
62	0.0765	0.1935	0.0269	0.1092
63	0.0739	0.1940	0.0270	0.1095
64	0.0711	0.1947	0.0271	0.1099
65	0.0712	0.1952	0.0271	0.1102
66	0.0687	0.1959	0.0272	0.1106
67	0.0666	0.1966	0.0273	0.1109
68	0.0664	0.1974	0.0274	0.1114
69	0.0648	0.1976	0.0274	0.1117
70	0.0650	0.1984	0.0275	0.1121
71	0.0627	0.1990	0.0276	0.1125
72	0.0628	0.1998	0.0276	0.1130
73	0.0606	0.2001	0.0276	0.1131
74	0.0591	0.2007	0.0277	0.1135
75	0.0590	0.2014	0.0277	0.1139
76	0.0568	0.2020	0.0278	0.1143
77	0.0554	0.2019	0.0278	0.1144
78	0.0555	0.2031	0.0279	0.1149
79	0.0545	0.2032	0.0279	0.1150
80	0.0554	0.2029	0.0279	0.1152
81	0.0528	0.2036	0.0279	0.1154
82	0.0518	0.2037	0.0279	0.1158
83	0.0503	0.2046	0.0280	0.1163
84	0.0493	0.2050	0.0281	0.1166
85	0.0496	0.2054	0.0281	0.1168
86	0.0475	0.2059	0.0282	0.1170
87	0.0481	0.2062	0.0282	0.1174
88	0.0479	0.2063	0.0282	0.1177
89	0.0463	0.2070	0.0283	0.1180
90	0.0459	0.2073	0.0283	0.1182
91	0.0433	0.2077	0.0283	0.1183
92	0.0446	0.2075	0.0282	0.1184
93	0.0438	0.2078	0.0282	0.1186
94	0.0437	0.2083	0.0283	0.1189
95	0.0419	0.2088	0.0284	0.1191
96	0.0406	0.2094	0.0284	0.1193
97	0.0424	0.2091	0.0284	0.1193
98	0.0394	0.2094	0.0284	0.1194
99	0.0399	0.2094	0.0284	0.1196
100	0.0393	0.2096	0.0284	0.1198
101	0.0381	0.2101	0.0285	0.1200
102	0.0367	0.2105	0.0285	0.1202
103	0.0377	0.2107	0.0285	0.1204
104	0.0376	0.2105	0.0285	0.1204
105	0.0365	0.2104	0.0285	0.1204
106	0.0354	0.2109	0.0285	0.1206
107	0.0345	0.2104	0.0285	0.1207
108	0.0383	0.2105	0.0285	0.1208
109	0.0355	0.2105	0.0285	0.1208
110	0.0339	0.2114	0.0286	0.1210
111	0.0337	0.2109	0.0285	0.1211
112	0.0342	0.2114	0.0285	0.1213
113	0.0326	0.2116	0.0286	0.1216
114	0.0327	0.2114	0.0286	0.1216
115	0.0323	0.2119	0.0286	0.1219
116	0.0329	0.2124	0.0287	0.1220
117	0.0310	0.2123	0.0286	0.1220
118	0.0309	0.2124	0.0287	0.1221
119	0.0306	0.2123	0.0287	0.1222
120	0.0305	0.2122	0.0286	0.1221
121	0.0297	0.2119	0.0286	0.1221
122	0.0306	0.2127	0.0287	0.1224
123	0.0296	0.2126	0.0287	0.1225
124	0.0300	0.2127	0.0287	0.1227
125	0.0287	0.2133	0.0287	0.1230
126	0.0294	0.2134	0.0287	0.1230
127	0.0289	0.2136	0.0287	0.1232
128	0.0271	0.2132	0.0287	0.1232
129	0.0277	0.2132	0.0287	0.1232
130	0.0285	0.2131	0.0286	0.1232
131	0.0253	0.2137	0.0287	0.1234
132	0.0273	0.2138	0.0287	0.1235
133	0.0252	0.2138	0.0287	0.1237
134	0.0269	0.2139	0.0287	0.1238
135	0.0267	0.2139	0.0287	0.1239
136	0.0261	0.2139	0.0287	0.1239
137	0.0244	0.2137	0.0287	0.1239
138	0.0255	0.2136	0.0286	0.1239
139	0.0255	0.2134	0.0286	0.1239
140	0.0252	0.2137	0.0287	0.1241
141	0.0247	0.2133	0.0286	0.1240
142	0.0243	0.2135	0.0286	0.1241
143	0.0245	0.2133	0.0286	0.1240
144	0.0230	0.2133	0.0285	0.1240
145	0.0245	0.2128	0.0285	0.1239
146	0.0228	0.2133	0.0285	0.1239
147	0.0240	0.2136	0.0286	0.1241
148	0.0230	0.2135	0.0285	0.1242
149	0.0225	0.2137	0.0285	0.1245
150	0.0228	0.2142	0.0286	0.1245
