{"n_layers": 1, "device": "cuda", "batch_size": 2048, "embedding_dim": 256, "learning_rate": 0.0005, "dataset": "dbbook", "epochs": 150, "top_k": 50, "multimodal": true, "datasets": {"dbbook": ["images", "text"], "ml1m": ["audio", "images", "text", "video"]}}
Epoch	Loss	Recall	Precision	NDCG
1	0.6921	0.0205	0.0026	0.0103
2	0.6898	0.0440	0.0057	0.0256
3	0.6872	0.0707	0.0094	0.0450
4	0.6838	0.0966	0.0131	0.0626
5	0.6794	0.1186	0.0163	0.0752
6	0.6736	0.1368	0.0188	0.0834
7	0.6662	0.1483	0.0205	0.0877
8	0.6565	0.1542	0.0214	0.0896
9	0.6445	0.1571	0.0219	0.0894
10	0.6296	0.1579	0.0221	0.0886
11	0.6127	0.1579	0.0222	0.0874
12	0.5930	0.1561	0.0220	0.0855
13	0.5713	0.1563	0.0221	0.0848
14	0.5485	0.1546	0.0219	0.0837
15	0.5245	0.1543	0.0219	0.0829
16	0.5013	0.1535	0.0218	0.0821
17	0.4776	0.1535	0.0218	0.0816
18	0.4545	0.1529	0.0218	0.0813
19	0.4343	0.1528	0.0218	0.0810
20	0.4138	0.1521	0.0217	0.0808
21	0.3930	0.1524	0.0218	0.0810
22	0.3772	0.1533	0.0219	0.0812
23	0.3599	0.1539	0.0220	0.0815
24	0.3441	0.1544	0.0221	0.0816
25	0.3299	0.1556	0.0222	0.0821
26	0.3173	0.1554	0.0222	0.0822
27	0.3050	0.1551	0.0222	0.0824
28	0.2946	0.1558	0.0223	0.0827
29	0.2827	0.1564	0.0224	0.0831
30	0.2733	0.1569	0.0224	0.0835
31	0.2649	0.1577	0.0225	0.0839
32	0.2553	0.1577	0.0226	0.0843
33	0.2482	0.1580	0.0226	0.0848
34	0.2402	0.1588	0.0227	0.0852
35	0.2306	0.1592	0.0228	0.0859
36	0.2241	0.1601	0.0229	0.0864
37	0.2193	0.1606	0.0230	0.0868
38	0.2132	0.1609	0.0230	0.0871
39	0.2060	0.1619	0.0231	0.0877
40	0.1969	0.1627	0.0232	0.0881
41	0.1940	0.1635	0.0233	0.0886
42	0.1893	0.1639	0.0233	0.0890
43	0.1824	0.1647	0.0234	0.0893
44	0.1805	0.1654	0.0235	0.0899
45	0.1767	0.1661	0.0236	0.0904
46	0.1706	0.1668	0.0237	0.0909
47	0.1676	0.1672	0.0238	0.0913
48	0.1618	0.1689	0.0240	0.0920
49	0.1570	0.1694	0.0240	0.0924
50	0.1550	0.1705	0.0241	0.0930
51	0.1513	0.1714	0.0243	0.0934
52	0.1457	0.1715	0.0243	0.0936
53	0.1424	0.1720	0.0243	0.0942
54	0.1417	0.1730	0.0245	0.0948
55	0.1356	0.1739	0.0246	0.0954
56	0.1352	0.1747	0.0247	0.0958
57	0.1328	0.1750	0.0247	0.0961
58	0.1279	0.1757	0.0248	0.0965
59	0.1257	0.1763	0.0248	0.0969
60	0.1231	0.1770	0.0249	0.0973
61	0.1194	0.1778	0.0251	0.0978
62	0.1189	0.1783	0.0251	0.0983
63	0.1165	0.1792	0.0252	0.0988
64	0.1124	0.1799	0.0253	0.0993
65	0.1111	0.1807	0.0254	0.0998
66	0.1081	0.1815	0.0255	0.1002
67	0.1052	0.1821	0.0256	0.1006
68	0.1054	0.1828	0.0257	0.1010
69	0.1025	0.1833	0.0258	0.1014
70	0.0993	0.1839	0.0258	0.1018
71	0.0991	0.1849	0.0260	0.1022
72	0.0963	0.1854	0.0260	0.1025
73	0.0966	0.1863	0.0261	0.1030
74	0.0944	0.1878	0.0262	0.1036
75	0.0914	0.1885	0.0263	0.1041
76	0.0917	0.1893	0.0264	0.1046
77	0.0892	0.1901	0.0265	0.1052
78	0.0856	0.1908	0.0266	0.1056
79	0.0864	0.1916	0.0267	0.1061
80	0.0850	0.1916	0.0267	0.1063
81	0.0818	0.1920	0.0267	0.1066
82	0.0804	0.1923	0.0267	0.1069
83	0.0803	0.1934	0.0268	0.1075
84	0.0776	0.1938	0.0269	0.1077
85	0.0774	0.1944	0.0269	0.1080
86	0.0757	0.1944	0.0270	0.1082
87	0.0766	0.1947	0.0270	0.1084
88	0.0736	0.1950	0.0270	0.1087
89	0.0726	0.1954	0.0271	0.1093
90	0.0700	0.1961	0.0272	0.1099
91	0.0711	0.1969	0.0273	0.1103
92	0.0705	0.1971	0.0273	0.1106
93	0.0690	0.1975	0.0273	0.1108
94	0.0646	0.1979	0.0274	0.1110
95	0.0665	0.1979	0.0274	0.1112
96	0.0664	0.1982	0.0275	0.1115
97	0.0634	0.1991	0.0275	0.1119
98	0.0616	0.2000	0.0276	0.1123
99	0.0617	0.2006	0.0277	0.1126
100	0.0622	0.2009	0.0277	0.1129
101	0.0606	0.2012	0.0278	0.1132
102	0.0602	0.2018	0.0278	0.1136
103	0.0580	0.2026	0.0279	0.1140
104	0.0577	0.2027	0.0279	0.1143
105	0.0573	0.2032	0.0279	0.1146
106	0.0564	0.2030	0.0279	0.1146
107	0.0545	0.2030	0.0279	0.1146
108	0.0553	0.2035	0.0280	0.1148
109	0.0551	0.2036	0.0280	0.1149
110	0.0525	0.2037	0.0280	0.1149
111	0.0523	0.2039	0.0280	0.1152
112	0.0515	0.2045	0.0281	0.1154
113	0.0525	0.2045	0.0281	0.1154
114	0.0501	0.2043	0.0280	0.1155
115	0.0506	0.2046	0.0281	0.1158
116	0.0491	0.2047	0.0281	0.1159
117	0.0495	0.2053	0.0281	0.1163
118	0.0477	0.2061	0.0282	0.1166
119	0.0477	0.2068	0.0282	0.1169
120	0.0471	0.2069	0.0283	0.1170
121	0.0465	0.2075	0.0283	0.1172
122	0.0464	0.2075	0.0283	0.1174
123	0.0449	0.2075	0.0283	0.1175
124	0.0455	0.2079	0.0283	0.1177
125	0.0442	0.2080	0.0283	0.1179
126	0.0428	0.2084	0.0284	0.1182
127	0.0443	0.2084	0.0284	0.1184
128	0.0428	0.2088	0.0284	0.1185
129	0.0417	0.2093	0.0285	0.1188
130	0.0412	0.2091	0.0284	0.1189
131	0.0415	0.2093	0.0284	0.1191
132	0.0415	0.2097	0.0285	0.1193
133	0.0407	0.2100	0.0285	0.1195
134	0.0392	0.2105	0.0286	0.1197
135	0.0403	0.2113	0.0286	0.1201
136	0.0394	0.2112	0.0287	0.1203
137	0.0394	0.2120	0.0287	0.1207
138	0.0383	0.2120	0.0287	0.1207
139	0.0377	0.2122	0.0287	0.1209
140	0.0375	0.2122	0.0287	0.1209
141	0.0371	0.2124	0.0287	0.1210
142	0.0365	0.2125	0.0287	0.1209
143	0.0363	0.2124	0.0287	0.1209
144	0.0359	0.2126	0.0287	0.1211
145	0.0353	0.2129	0.0288	0.1212
146	0.0359	0.2130	0.0288	0.1213
147	0.0354	0.2133	0.0288	0.1215
148	0.0347	0.2129	0.0288	0.1214
149	0.0341	0.2133	0.0288	0.1216
150	0.0332	0.2139	0.0289	0.1219
