{"n_layers": 2, "device": "cuda", "batch_size": 2048, "embedding_dim": 128, "learning_rate": 0.0005, "dataset": "dbbook", "epochs": 150, "top_k": 20, "multimodal": false, "datasets": {"dbbook": ["images", "text"], "ml1m": ["audio", "images", "text", "video"]}}
Epoch	Loss	Recall	Precision	NDCG
1	0.6926	0.0250	0.0088	0.0192
2	0.6916	0.0604	0.0222	0.0412
3	0.6887	0.0629	0.0231	0.0419
4	0.6812	0.0615	0.0228	0.0406
5	0.6663	0.0604	0.0224	0.0395
6	0.6424	0.0599	0.0223	0.0392
7	0.6112	0.0588	0.0219	0.0387
8	0.5741	0.0586	0.0218	0.0383
9	0.5365	0.0588	0.0218	0.0382
10	0.5026	0.0588	0.0218	0.0381
11	0.4702	0.0588	0.0218	0.0381
12	0.4444	0.0589	0.0218	0.0381
13	0.4216	0.0585	0.0217	0.0380
14	0.4024	0.0589	0.0219	0.0382
15	0.3865	0.0593	0.0219	0.0386
16	0.3740	0.0591	0.0219	0.0385
17	0.3606	0.0588	0.0218	0.0385
18	0.3529	0.0591	0.0219	0.0388
19	0.3403	0.0593	0.0221	0.0391
20	0.3338	0.0593	0.0221	0.0392
21	0.3273	0.0599	0.0223	0.0395
22	0.3173	0.0600	0.0223	0.0397
23	0.3106	0.0602	0.0224	0.0399
24	0.3063	0.0610	0.0227	0.0404
25	0.3025	0.0614	0.0229	0.0408
26	0.2980	0.0628	0.0233	0.0416
27	0.2906	0.0636	0.0235	0.0420
28	0.2891	0.0642	0.0237	0.0424
29	0.2830	0.0650	0.0240	0.0431
30	0.2767	0.0654	0.0241	0.0434
31	0.2711	0.0657	0.0242	0.0437
32	0.2679	0.0659	0.0243	0.0441
33	0.2658	0.0666	0.0246	0.0445
34	0.2594	0.0674	0.0248	0.0451
35	0.2562	0.0680	0.0250	0.0455
36	0.2509	0.0682	0.0251	0.0458
37	0.2430	0.0688	0.0253	0.0463
38	0.2428	0.0693	0.0254	0.0467
39	0.2339	0.0702	0.0257	0.0474
40	0.2350	0.0708	0.0259	0.0481
41	0.2301	0.0718	0.0262	0.0489
42	0.2241	0.0725	0.0264	0.0497
43	0.2229	0.0726	0.0264	0.0498
44	0.2166	0.0731	0.0266	0.0504
45	0.2176	0.0733	0.0267	0.0508
46	0.2133	0.0742	0.0269	0.0514
47	0.2094	0.0754	0.0273	0.0523
48	0.2078	0.0760	0.0275	0.0526
49	0.2024	0.0763	0.0275	0.0528
50	0.1969	0.0765	0.0277	0.0531
51	0.1931	0.0772	0.0279	0.0536
52	0.1935	0.0774	0.0279	0.0538
53	0.1872	0.0779	0.0281	0.0542
54	0.1872	0.0784	0.0282	0.0546
55	0.1834	0.0788	0.0284	0.0550
56	0.1790	0.0793	0.0286	0.0554
57	0.1775	0.0800	0.0288	0.0559
58	0.1751	0.0804	0.0288	0.0562
59	0.1695	0.0808	0.0290	0.0565
60	0.1690	0.0815	0.0291	0.0568
61	0.1696	0.0825	0.0294	0.0575
62	0.1642	0.0829	0.0295	0.0579
63	0.1609	0.0833	0.0297	0.0582
64	0.1565	0.0837	0.0298	0.0584
65	0.1526	0.0840	0.0300	0.0588
66	0.1539	0.0843	0.0302	0.0591
67	0.1531	0.0848	0.0303	0.0595
68	0.1468	0.0855	0.0305	0.0599
69	0.1448	0.0863	0.0307	0.0602
70	0.1464	0.0868	0.0307	0.0606
71	0.1431	0.0867	0.0308	0.0608
72	0.1399	0.0871	0.0308	0.0611
73	0.1375	0.0873	0.0309	0.0614
74	0.1332	0.0873	0.0309	0.0614
75	0.1315	0.0883	0.0311	0.0620
76	0.1364	0.0885	0.0312	0.0623
77	0.1315	0.0891	0.0314	0.0628
78	0.1310	0.0894	0.0315	0.0632
79	0.1246	0.0898	0.0317	0.0635
80	0.1239	0.0899	0.0317	0.0639
81	0.1191	0.0907	0.0319	0.0643
82	0.1218	0.0915	0.0320	0.0647
83	0.1202	0.0916	0.0322	0.0649
84	0.1186	0.0923	0.0322	0.0652
85	0.1157	0.0926	0.0322	0.0653
86	0.1153	0.0934	0.0325	0.0658
87	0.1130	0.0936	0.0327	0.0660
88	0.1131	0.0942	0.0328	0.0663
89	0.1124	0.0945	0.0329	0.0666
90	0.1099	0.0945	0.0329	0.0667
91	0.1068	0.0948	0.0330	0.0669
92	0.1051	0.0949	0.0330	0.0670
93	0.1052	0.0948	0.0330	0.0671
94	0.1025	0.0952	0.0331	0.0673
95	0.1044	0.0955	0.0333	0.0676
96	0.1045	0.0959	0.0334	0.0679
97	0.0998	0.0961	0.0334	0.0681
98	0.1015	0.0966	0.0336	0.0684
99	0.0971	0.0968	0.0336	0.0686
100	0.0964	0.0972	0.0338	0.0690
101	0.0957	0.0974	0.0339	0.0692
102	0.0924	0.0973	0.0339	0.0693
103	0.0927	0.0974	0.0339	0.0694
104	0.0924	0.0979	0.0341	0.0695
105	0.0913	0.0984	0.0342	0.0698
106	0.0901	0.0984	0.0342	0.0700
107	0.0903	0.0987	0.0343	0.0702
108	0.0904	0.0991	0.0344	0.0707
109	0.0860	0.0996	0.0346	0.0711
110	0.0875	0.0999	0.0347	0.0714
111	0.0868	0.1001	0.0348	0.0717
112	0.0811	0.1005	0.0348	0.0719
113	0.0853	0.1004	0.0349	0.0720
114	0.0827	0.1010	0.0351	0.0724
115	0.0807	0.1012	0.0351	0.0726
116	0.0771	0.1013	0.0352	0.0727
117	0.0786	0.1013	0.0352	0.0727
118	0.0772	0.1016	0.0353	0.0728
119	0.0771	0.1021	0.0355	0.0731
120	0.0776	0.1020	0.0354	0.0733
121	0.0778	0.1028	0.0356	0.0737
122	0.0759	0.1026	0.0356	0.0738
123	0.0742	0.1026	0.0357	0.0739
124	0.0744	0.1029	0.0358	0.0742
125	0.0711	0.1033	0.0359	0.0745
126	0.0729	0.1032	0.0359	0.0745
127	0.0736	0.1033	0.0359	0.0746
128	0.0696	0.1036	0.0360	0.0747
129	0.0696	0.1037	0.0360	0.0747
130	0.0691	0.1036	0.0360	0.0748
131	0.0672	0.1037	0.0360	0.0750
132	0.0672	0.1043	0.0362	0.0753
133	0.0677	0.1041	0.0361	0.0753
134	0.0666	0.1041	0.0361	0.0753
135	0.0662	0.1039	0.0360	0.0752
136	0.0644	0.1044	0.0361	0.0755
137	0.0652	0.1047	0.0362	0.0757
138	0.0645	0.1051	0.0362	0.0758
139	0.0626	0.1049	0.0361	0.0757
140	0.0634	0.1053	0.0362	0.0761
141	0.0622	0.1060	0.0364	0.0765
142	0.0600	0.1061	0.0364	0.0767
143	0.0589	0.1063	0.0364	0.0768
144	0.0592	0.1066	0.0365	0.0769
145	0.0594	0.1070	0.0366	0.0771
146	0.0579	0.1074	0.0368	0.0774
147	0.0575	0.1074	0.0368	0.0775
148	0.0571	0.1076	0.0368	0.0777
149	0.0553	0.1080	0.0369	0.0779
150	0.0566	0.1083	0.0370	0.0780
