{"n_layers": 2, "device": "cuda", "batch_size": 2048, "embedding_dim": 128, "learning_rate": 0.0005, "dataset": "dbbook", "epochs": 150, "top_k": 5, "multimodal": false, "datasets": {"dbbook": ["images", "text"], "ml1m": ["audio", "images", "text", "video"]}}
Epoch	Loss	Recall	Precision	NDCG
1	0.6926	0.0096	0.0136	0.0155
2	0.6916	0.0193	0.0265	0.0270
3	0.6887	0.0190	0.0261	0.0259
4	0.6811	0.0176	0.0246	0.0243
5	0.6658	0.0161	0.0234	0.0230
6	0.6414	0.0154	0.0225	0.0220
7	0.6091	0.0150	0.0218	0.0215
8	0.5719	0.0148	0.0215	0.0212
9	0.5343	0.0140	0.0212	0.0207
10	0.4997	0.0136	0.0208	0.0203
11	0.4697	0.0140	0.0213	0.0207
12	0.4421	0.0143	0.0216	0.0210
13	0.4225	0.0146	0.0219	0.0212
14	0.4016	0.0152	0.0227	0.0218
15	0.3868	0.0154	0.0232	0.0221
16	0.3737	0.0154	0.0231	0.0221
17	0.3626	0.0155	0.0233	0.0223
18	0.3526	0.0157	0.0236	0.0225
19	0.3431	0.0160	0.0242	0.0229
20	0.3364	0.0163	0.0244	0.0231
21	0.3302	0.0164	0.0243	0.0230
22	0.3238	0.0172	0.0251	0.0237
23	0.3167	0.0174	0.0250	0.0238
24	0.3144	0.0176	0.0253	0.0241
25	0.3069	0.0183	0.0261	0.0247
26	0.3013	0.0184	0.0265	0.0250
27	0.2992	0.0183	0.0261	0.0249
28	0.2941	0.0186	0.0265	0.0253
29	0.2895	0.0189	0.0270	0.0256
30	0.2844	0.0194	0.0279	0.0262
31	0.2755	0.0199	0.0288	0.0269
32	0.2739	0.0202	0.0292	0.0274
33	0.2736	0.0205	0.0294	0.0277
34	0.2641	0.0209	0.0300	0.0282
35	0.2615	0.0214	0.0306	0.0286
36	0.2585	0.0215	0.0307	0.0289
37	0.2542	0.0217	0.0310	0.0291
38	0.2484	0.0218	0.0312	0.0293
39	0.2440	0.0222	0.0317	0.0299
40	0.2426	0.0227	0.0322	0.0303
41	0.2323	0.0228	0.0323	0.0307
42	0.2313	0.0226	0.0321	0.0306
43	0.2255	0.0230	0.0326	0.0312
44	0.2233	0.0230	0.0327	0.0313
45	0.2201	0.0233	0.0331	0.0318
46	0.2168	0.0233	0.0331	0.0319
47	0.2125	0.0238	0.0337	0.0324
48	0.2093	0.0241	0.0342	0.0329
49	0.2109	0.0243	0.0346	0.0332
50	0.2033	0.0245	0.0350	0.0335
51	0.2027	0.0249	0.0353	0.0338
52	0.1979	0.0252	0.0357	0.0342
53	0.1906	0.0255	0.0364	0.0347
54	0.1938	0.0261	0.0367	0.0350
55	0.1908	0.0264	0.0371	0.0356
56	0.1845	0.0265	0.0372	0.0357
57	0.1832	0.0269	0.0375	0.0361
58	0.1762	0.0274	0.0378	0.0366
59	0.1773	0.0276	0.0380	0.0369
60	0.1724	0.0277	0.0383	0.0371
61	0.1676	0.0278	0.0385	0.0373
62	0.1696	0.0280	0.0388	0.0377
63	0.1644	0.0283	0.0389	0.0379
64	0.1634	0.0285	0.0392	0.0382
65	0.1625	0.0288	0.0394	0.0384
66	0.1563	0.0289	0.0397	0.0386
67	0.1579	0.0288	0.0396	0.0386
68	0.1546	0.0289	0.0396	0.0387
69	0.1498	0.0290	0.0398	0.0389
70	0.1518	0.0292	0.0399	0.0392
71	0.1421	0.0294	0.0400	0.0394
72	0.1427	0.0296	0.0403	0.0396
73	0.1410	0.0296	0.0403	0.0397
74	0.1396	0.0299	0.0402	0.0399
75	0.1368	0.0301	0.0405	0.0403
76	0.1337	0.0301	0.0405	0.0404
77	0.1335	0.0300	0.0404	0.0404
78	0.1338	0.0302	0.0405	0.0408
79	0.1315	0.0300	0.0403	0.0408
80	0.1298	0.0301	0.0404	0.0410
81	0.1251	0.0305	0.0409	0.0415
82	0.1235	0.0304	0.0408	0.0414
83	0.1230	0.0305	0.0408	0.0415
84	0.1210	0.0305	0.0408	0.0418
85	0.1180	0.0307	0.0410	0.0419
86	0.1174	0.0308	0.0412	0.0422
87	0.1141	0.0310	0.0416	0.0426
88	0.1130	0.0311	0.0418	0.0427
89	0.1127	0.0313	0.0420	0.0429
90	0.1124	0.0315	0.0421	0.0431
91	0.1078	0.0317	0.0422	0.0433
92	0.1057	0.0319	0.0425	0.0437
93	0.1068	0.0318	0.0424	0.0438
94	0.1055	0.0319	0.0426	0.0442
95	0.1062	0.0324	0.0430	0.0446
96	0.1004	0.0324	0.0432	0.0449
97	0.1013	0.0324	0.0432	0.0450
98	0.0993	0.0327	0.0432	0.0452
99	0.0959	0.0326	0.0432	0.0454
100	0.0955	0.0329	0.0435	0.0456
101	0.0948	0.0333	0.0438	0.0460
102	0.0941	0.0334	0.0439	0.0463
103	0.0917	0.0338	0.0442	0.0467
104	0.0934	0.0337	0.0442	0.0469
105	0.0902	0.0337	0.0442	0.0469
106	0.0905	0.0338	0.0442	0.0470
107	0.0895	0.0341	0.0448	0.0474
108	0.0877	0.0341	0.0448	0.0475
109	0.0895	0.0344	0.0449	0.0477
110	0.0860	0.0344	0.0451	0.0479
111	0.0842	0.0346	0.0454	0.0482
112	0.0826	0.0347	0.0454	0.0483
113	0.0830	0.0349	0.0456	0.0485
114	0.0822	0.0349	0.0457	0.0487
115	0.0806	0.0356	0.0463	0.0493
116	0.0820	0.0358	0.0465	0.0495
117	0.0794	0.0359	0.0466	0.0497
118	0.0795	0.0359	0.0468	0.0498
119	0.0761	0.0362	0.0471	0.0501
120	0.0766	0.0362	0.0471	0.0502
121	0.0773	0.0363	0.0472	0.0503
122	0.0757	0.0361	0.0473	0.0504
123	0.0748	0.0363	0.0473	0.0505
124	0.0744	0.0366	0.0474	0.0508
125	0.0749	0.0367	0.0477	0.0508
126	0.0725	0.0368	0.0479	0.0512
127	0.0710	0.0368	0.0480	0.0514
128	0.0699	0.0368	0.0481	0.0515
129	0.0700	0.0369	0.0483	0.0517
130	0.0680	0.0372	0.0486	0.0521
131	0.0675	0.0374	0.0488	0.0524
132	0.0670	0.0378	0.0494	0.0527
133	0.0661	0.0381	0.0497	0.0530
134	0.0660	0.0381	0.0497	0.0530
135	0.0638	0.0382	0.0497	0.0531
136	0.0655	0.0383	0.0499	0.0533
137	0.0624	0.0386	0.0502	0.0538
138	0.0621	0.0387	0.0504	0.0538
139	0.0622	0.0389	0.0506	0.0540
140	0.0618	0.0394	0.0510	0.0546
141	0.0617	0.0396	0.0513	0.0547
142	0.0604	0.0397	0.0512	0.0548
143	0.0603	0.0399	0.0513	0.0549
144	0.0607	0.0400	0.0514	0.0552
145	0.0595	0.0402	0.0515	0.0553
146	0.0558	0.0403	0.0515	0.0553
147	0.0583	0.0407	0.0519	0.0558
148	0.0582	0.0409	0.0520	0.0558
149	0.0574	0.0411	0.0523	0.0561
150	0.0557	0.0409	0.0520	0.0559
