{"n_layers": 0, "device": "cuda", "batch_size": 2048, "embedding_dim": 1024, "learning_rate": 0.001, "dataset": "dbbook", "epochs": 150, "top_k": 50, "multimodal": true, "datasets": {"dbbook": ["images", "text"], "ml1m": ["audio", "images", "text", "video"]}}
Epoch	Loss	Recall	Precision	NDCG
1	0.6917	0.0249	0.0032	0.0137
2	0.6578	0.0464	0.0059	0.0288
3	0.6247	0.0690	0.0090	0.0466
4	0.5854	0.0948	0.0125	0.0649
5	0.5367	0.1196	0.0159	0.0801
6	0.4796	0.1364	0.0184	0.0903
7	0.4164	0.1512	0.0205	0.0979
8	0.3542	0.1631	0.0221	0.1034
9	0.2971	0.1709	0.0232	0.1075
10	0.2494	0.1767	0.0239	0.1107
11	0.2075	0.1808	0.0245	0.1131
12	0.1749	0.1847	0.0251	0.1150
13	0.1486	0.1863	0.0254	0.1168
14	0.1276	0.1893	0.0257	0.1184
15	0.1100	0.1914	0.0260	0.1194
16	0.0953	0.1932	0.0261	0.1205
17	0.0839	0.1953	0.0264	0.1217
18	0.0747	0.1964	0.0266	0.1224
19	0.0657	0.1974	0.0267	0.1233
20	0.0591	0.1986	0.0268	0.1242
21	0.0535	0.1999	0.0269	0.1251
22	0.0481	0.2020	0.0272	0.1262
23	0.0437	0.2010	0.0272	0.1262
24	0.0410	0.2008	0.0272	0.1264
25	0.0373	0.2010	0.0272	0.1267
26	0.0345	0.2022	0.0273	0.1275
27	0.0317	0.2033	0.0274	0.1281
28	0.0299	0.2036	0.0275	0.1282
29	0.0276	0.2042	0.0275	0.1285
30	0.0257	0.2049	0.0276	0.1288
31	0.0247	0.2064	0.0278	0.1295
32	0.0231	0.2065	0.0278	0.1297
33	0.0220	0.2067	0.0278	0.1303
34	0.0210	0.2066	0.0278	0.1304
35	0.0195	0.2070	0.0278	0.1306
36	0.0186	0.2086	0.0280	0.1311
37	0.0181	0.2076	0.0279	0.1310
38	0.0169	0.2088	0.0280	0.1313
39	0.0163	0.2092	0.0281	0.1317
40	0.0154	0.2094	0.0281	0.1321
41	0.0154	0.2099	0.0281	0.1321
42	0.0144	0.2098	0.0281	0.1320
43	0.0139	0.2102	0.0282	0.1324
44	0.0130	0.2113	0.0283	0.1327
45	0.0130	0.2112	0.0282	0.1329
46	0.0126	0.2122	0.0283	0.1334
47	0.0120	0.2124	0.0283	0.1335
48	0.0118	0.2116	0.0282	0.1337
49	0.0113	0.2120	0.0283	0.1344
50	0.0110	0.2123	0.0283	0.1344
51	0.0110	0.2125	0.0283	0.1345
52	0.0107	0.2121	0.0283	0.1347
53	0.0104	0.2130	0.0284	0.1352
54	0.0102	0.2130	0.0284	0.1353
55	0.0098	0.2129	0.0283	0.1351
56	0.0093	0.2133	0.0284	0.1354
57	0.0090	0.2134	0.0284	0.1357
58	0.0089	0.2133	0.0284	0.1356
59	0.0093	0.2140	0.0285	0.1359
60	0.0085	0.2142	0.0285	0.1360
61	0.0086	0.2142	0.0285	0.1362
62	0.0080	0.2140	0.0285	0.1362
63	0.0082	0.2139	0.0285	0.1363
64	0.0084	0.2146	0.0286	0.1364
65	0.0077	0.2146	0.0286	0.1366
66	0.0078	0.2141	0.0285	0.1364
67	0.0081	0.2139	0.0284	0.1363
68	0.0075	0.2134	0.0284	0.1364
69	0.0074	0.2135	0.0284	0.1368
70	0.0075	0.2141	0.0285	0.1370
71	0.0067	0.2138	0.0284	0.1370
72	0.0071	0.2137	0.0284	0.1372
73	0.0072	0.2146	0.0285	0.1378
74	0.0068	0.2148	0.0286	0.1378
75	0.0073	0.2146	0.0286	0.1377
76	0.0067	0.2153	0.0286	0.1381
77	0.0067	0.2154	0.0286	0.1379
78	0.0068	0.2161	0.0287	0.1377
79	0.0071	0.2166	0.0287	0.1378
80	0.0064	0.2170	0.0288	0.1383
81	0.0071	0.2173	0.0288	0.1384
82	0.0066	0.2169	0.0287	0.1382
83	0.0063	0.2172	0.0287	0.1383
84	0.0067	0.2169	0.0287	0.1382
85	0.0065	0.2168	0.0287	0.1385
86	0.0060	0.2165	0.0287	0.1385
87	0.0059	0.2161	0.0287	0.1385
88	0.0065	0.2161	0.0287	0.1383
89	0.0062	0.2167	0.0287	0.1382
90	0.0058	0.2170	0.0288	0.1384
91	0.0058	0.2169	0.0287	0.1381
92	0.0060	0.2171	0.0287	0.1380
93	0.0059	0.2171	0.0287	0.1378
94	0.0058	0.2167	0.0286	0.1377
95	0.0059	0.2166	0.0287	0.1379
96	0.0056	0.2165	0.0287	0.1382
97	0.0058	0.2173	0.0287	0.1384
98	0.0057	0.2174	0.0287	0.1385
99	0.0058	0.2179	0.0288	0.1389
100	0.0057	0.2181	0.0288	0.1389
101	0.0057	0.2178	0.0288	0.1387
102	0.0056	0.2165	0.0286	0.1381
103	0.0059	0.2165	0.0286	0.1380
104	0.0056	0.2170	0.0286	0.1381
105	0.0058	0.2173	0.0287	0.1382
106	0.0055	0.2176	0.0287	0.1384
107	0.0055	0.2180	0.0287	0.1386
108	0.0054	0.2176	0.0287	0.1384
109	0.0051	0.2176	0.0287	0.1384
110	0.0055	0.2170	0.0287	0.1382
111	0.0055	0.2173	0.0287	0.1380
112	0.0054	0.2170	0.0287	0.1379
113	0.0052	0.2173	0.0287	0.1379
114	0.0056	0.2178	0.0287	0.1379
115	0.0061	0.2182	0.0288	0.1380
116	0.0054	0.2189	0.0289	0.1384
117	0.0052	0.2193	0.0289	0.1387
118	0.0052	0.2194	0.0289	0.1391
119	0.0055	0.2199	0.0289	0.1390
120	0.0055	0.2195	0.0289	0.1390
121	0.0054	0.2207	0.0290	0.1396
122	0.0057	0.2208	0.0290	0.1397
123	0.0059	0.2208	0.0290	0.1396
124	0.0056	0.2200	0.0289	0.1393
125	0.0054	0.2196	0.0288	0.1391
126	0.0054	0.2191	0.0289	0.1393
127	0.0052	0.2190	0.0289	0.1392
128	0.0055	0.2185	0.0288	0.1392
129	0.0052	0.2179	0.0288	0.1392
130	0.0056	0.2178	0.0287	0.1394
131	0.0051	0.2181	0.0287	0.1396
132	0.0054	0.2182	0.0287	0.1398
133	0.0058	0.2177	0.0287	0.1396
134	0.0060	0.2174	0.0287	0.1393
135	0.0051	0.2176	0.0287	0.1393
136	0.0053	0.2174	0.0287	0.1391
137	0.0051	0.2173	0.0286	0.1391
138	0.0049	0.2169	0.0286	0.1389
139	0.0051	0.2166	0.0286	0.1386
140	0.0052	0.2169	0.0285	0.1386
141	0.0051	0.2171	0.0286	0.1390
142	0.0050	0.2174	0.0286	0.1395
143	0.0056	0.2169	0.0286	0.1395
144	0.0051	0.2174	0.0287	0.1395
145	0.0055	0.2179	0.0287	0.1396
146	0.0053	0.2180	0.0287	0.1396
147	0.0048	0.2179	0.0287	0.1397
148	0.0053	0.2178	0.0287	0.1398
149	0.0055	0.2172	0.0286	0.1393
150	0.0053	0.2171	0.0286	0.1394
