{"n_layers": 0, "device": "cuda", "batch_size": 2048, "embedding_dim": 512, "learning_rate": 0.001, "dataset": "dbbook", "epochs": 150, "model": "ef-mmlgcn", "fusion": "mean", "top_k": [5, 10, 20, 50], "seed": 19, "multimodal": true}
Epoch	Loss	Precision@5	Recall@5	NDCG@5	Precision@10	Recall@10	NDCG@10	Precision@20	Recall@20	NDCG@20	Precision@50	Recall@50	NDCG@50
1	0.6927	0.0037	0.0033	0.0043	0.0034	0.0058	0.0049	0.0029	0.0098	0.0065	0.0026	0.021	0.0104
2	0.6827	0.0115	0.0101	0.0144	0.0091	0.0154	0.015	0.0068	0.0224	0.0178	0.0049	0.039	0.0238
3	0.6727	0.0229	0.0188	0.0285	0.0164	0.0265	0.0278	0.0115	0.0365	0.0317	0.0075	0.0582	0.0394
4	0.6607	0.0335	0.0267	0.0414	0.0248	0.0388	0.0408	0.0174	0.053	0.0463	0.0109	0.0829	0.057
5	0.6449	0.0424	0.0323	0.0514	0.0322	0.0483	0.0507	0.0233	0.0706	0.0593	0.0145	0.1085	0.0731
6	0.6245	0.0494	0.0372	0.0584	0.0377	0.056	0.0579	0.0275	0.0813	0.0678	0.0173	0.1275	0.0846
7	0.5987	0.0539	0.0403	0.0636	0.0409	0.0604	0.0626	0.0303	0.089	0.0738	0.0195	0.144	0.0935
8	0.5671	0.0569	0.0426	0.0668	0.043	0.0634	0.0655	0.0322	0.095	0.0778	0.0212	0.1566	0.0999
9	0.5306	0.0587	0.0437	0.0683	0.0437	0.0643	0.0663	0.0336	0.0989	0.08	0.0224	0.1645	0.1038
10	0.4900	0.0589	0.0448	0.0688	0.0449	0.0662	0.0677	0.0346	0.1013	0.0817	0.0233	0.1706	0.1067
11	0.4480	0.0591	0.0451	0.069	0.0458	0.0679	0.0687	0.0349	0.1019	0.0823	0.0239	0.1742	0.1086
12	0.4070	0.0592	0.0449	0.0691	0.0463	0.0683	0.0691	0.0352	0.1024	0.0827	0.0244	0.1778	0.11
13	0.3677	0.0602	0.0451	0.0698	0.0468	0.0694	0.0699	0.0355	0.1036	0.0836	0.025	0.1824	0.1121
14	0.3320	0.0613	0.046	0.0707	0.0471	0.07	0.0704	0.036	0.105	0.0844	0.0253	0.1842	0.1132
15	0.2994	0.0612	0.046	0.071	0.0474	0.0703	0.0709	0.0366	0.107	0.0856	0.0256	0.1856	0.1143
16	0.2705	0.0613	0.0463	0.0711	0.0479	0.0717	0.0716	0.0369	0.1078	0.0863	0.0258	0.187	0.1152
17	0.2468	0.0613	0.0466	0.0713	0.0482	0.0724	0.0721	0.0371	0.1083	0.0867	0.026	0.1883	0.116
18	0.2244	0.0615	0.0471	0.0718	0.0486	0.0726	0.0726	0.0374	0.1097	0.0876	0.0263	0.1908	0.1173
19	0.2040	0.0621	0.0476	0.0726	0.0485	0.0722	0.0729	0.0378	0.111	0.0886	0.0265	0.1919	0.1183
20	0.1879	0.0628	0.0484	0.0736	0.0493	0.0732	0.074	0.0379	0.1111	0.0892	0.0266	0.1925	0.1191
21	0.1729	0.0631	0.0484	0.0742	0.0495	0.0739	0.0747	0.0383	0.1131	0.0904	0.0266	0.1932	0.1198
22	0.1599	0.0638	0.0491	0.075	0.0497	0.0742	0.0753	0.0384	0.1132	0.0909	0.0267	0.1936	0.1205
23	0.1466	0.0645	0.0493	0.0755	0.0501	0.0748	0.0757	0.0386	0.1137	0.0913	0.0269	0.1948	0.1211
24	0.1357	0.065	0.0502	0.0762	0.0507	0.0755	0.0765	0.0389	0.1144	0.092	0.027	0.1953	0.1217
25	0.1264	0.0658	0.0508	0.0773	0.0513	0.0763	0.0774	0.039	0.1152	0.0928	0.0271	0.1968	0.1228
26	0.1171	0.0661	0.0513	0.078	0.0514	0.0765	0.0779	0.0394	0.1163	0.0938	0.0272	0.1979	0.1237
27	0.1091	0.066	0.0514	0.0781	0.0519	0.0772	0.0786	0.0396	0.117	0.0943	0.0273	0.199	0.1243
28	0.1022	0.066	0.0516	0.0782	0.052	0.078	0.0788	0.0397	0.1172	0.0945	0.0275	0.2004	0.1249
29	0.0957	0.0671	0.0525	0.0791	0.052	0.0781	0.079	0.0399	0.1182	0.095	0.0276	0.2018	0.1255
30	0.0900	0.0674	0.0524	0.0791	0.052	0.078	0.079	0.0401	0.1189	0.0953	0.0277	0.2032	0.126
31	0.0837	0.0684	0.0533	0.0801	0.0523	0.0785	0.0796	0.0403	0.1198	0.0961	0.0277	0.2046	0.1268
32	0.0798	0.0688	0.0535	0.0807	0.0529	0.0797	0.0805	0.0405	0.1201	0.0967	0.0279	0.2055	0.1276
33	0.0746	0.0688	0.0539	0.0806	0.053	0.0799	0.0805	0.0407	0.1212	0.097	0.028	0.2067	0.128
34	0.0692	0.069	0.0539	0.0808	0.0532	0.0799	0.0807	0.0407	0.1214	0.0973	0.0279	0.2063	0.128
35	0.0651	0.0691	0.0542	0.081	0.0534	0.0805	0.0811	0.0407	0.1216	0.0974	0.028	0.2071	0.1284
36	0.0620	0.0688	0.054	0.0809	0.0532	0.0804	0.081	0.0411	0.1229	0.0979	0.028	0.2072	0.1285
37	0.0581	0.0692	0.0543	0.0817	0.0532	0.0803	0.0815	0.0411	0.123	0.0985	0.028	0.2069	0.129
38	0.0560	0.0694	0.0543	0.082	0.0536	0.081	0.0821	0.041	0.1226	0.0986	0.0281	0.208	0.1296
39	0.0539	0.0699	0.0546	0.0821	0.054	0.0819	0.0823	0.0412	0.1232	0.0987	0.0283	0.2091	0.1299
40	0.0510	0.0703	0.0552	0.0824	0.0542	0.0823	0.0825	0.0412	0.1226	0.0986	0.0283	0.2098	0.1301
41	0.0496	0.07	0.0548	0.0825	0.0542	0.0823	0.0829	0.0414	0.1232	0.0993	0.0283	0.2096	0.1304
42	0.0463	0.0698	0.0548	0.0825	0.054	0.0823	0.0829	0.0414	0.1238	0.0995	0.0283	0.2104	0.1308
43	0.0445	0.0701	0.0552	0.0825	0.0544	0.0829	0.083	0.0415	0.1238	0.0994	0.0284	0.2104	0.1308
44	0.0420	0.0703	0.0551	0.0825	0.0548	0.0835	0.0834	0.0415	0.124	0.0996	0.0285	0.2115	0.1312
45	0.0410	0.0704	0.0555	0.0827	0.0549	0.0838	0.0836	0.0416	0.124	0.0998	0.0286	0.2123	0.1316
46	0.0395	0.0701	0.0552	0.0827	0.0548	0.0838	0.0836	0.0416	0.1243	0.0998	0.0286	0.2125	0.1318
47	0.0372	0.0699	0.0547	0.0824	0.0545	0.0836	0.0835	0.0418	0.1252	0.1002	0.0287	0.2129	0.132
48	0.0365	0.0704	0.055	0.0829	0.0545	0.0836	0.0835	0.042	0.1251	0.1004	0.0288	0.2134	0.1323
49	0.0355	0.0702	0.055	0.0829	0.0544	0.0833	0.0835	0.0419	0.1247	0.1003	0.0287	0.2131	0.1322
50	0.0324	0.0706	0.0552	0.0834	0.0547	0.0838	0.084	0.042	0.1249	0.1007	0.0287	0.2131	0.1326
51	0.0320	0.0705	0.0552	0.0832	0.055	0.0847	0.0843	0.0422	0.1257	0.1011	0.0287	0.2127	0.1325
52	0.0308	0.0712	0.056	0.0838	0.0552	0.0851	0.0847	0.0422	0.1261	0.1013	0.0288	0.2135	0.133
53	0.0298	0.0714	0.0561	0.084	0.0553	0.0853	0.0848	0.0424	0.1267	0.1017	0.0287	0.2139	0.1331
54	0.0285	0.0716	0.0562	0.0842	0.0554	0.085	0.0848	0.0423	0.1266	0.1016	0.0288	0.2142	0.1333
55	0.0281	0.0715	0.056	0.0842	0.0555	0.0853	0.085	0.0426	0.1274	0.1021	0.0289	0.2154	0.1338
56	0.0277	0.0719	0.0566	0.0845	0.0556	0.0854	0.0851	0.0428	0.1283	0.1024	0.0289	0.2151	0.1338
57	0.0265	0.072	0.0567	0.0846	0.0559	0.0862	0.0855	0.0428	0.1283	0.1025	0.0289	0.2154	0.1339
58	0.0257	0.0724	0.0571	0.0851	0.0559	0.0862	0.0857	0.0429	0.1285	0.1028	0.0289	0.2153	0.1341
59	0.0251	0.0722	0.057	0.0853	0.056	0.0861	0.086	0.0429	0.1286	0.1032	0.0291	0.2161	0.1348
60	0.0242	0.0726	0.0574	0.0856	0.0562	0.0866	0.0862	0.043	0.129	0.1032	0.029	0.2158	0.1346
61	0.0233	0.0728	0.0574	0.0856	0.0564	0.0867	0.0862	0.0429	0.1291	0.1033	0.0291	0.216	0.1348
62	0.0224	0.073	0.0577	0.0858	0.0564	0.0867	0.0864	0.043	0.1292	0.1035	0.0291	0.2169	0.1352
63	0.0226	0.0729	0.0574	0.0858	0.0565	0.0869	0.0865	0.0431	0.1294	0.1036	0.0292	0.2171	0.1353
64	0.0222	0.0727	0.0573	0.0858	0.0569	0.0873	0.0869	0.0432	0.1296	0.1039	0.0292	0.2173	0.1356
65	0.0210	0.0727	0.0572	0.0858	0.057	0.0876	0.0871	0.0431	0.1295	0.1039	0.0292	0.2176	0.1357
66	0.0202	0.0731	0.0578	0.0861	0.0573	0.0881	0.0874	0.0433	0.1302	0.1042	0.0292	0.217	0.1357
67	0.0201	0.0731	0.0576	0.0861	0.0576	0.0883	0.0876	0.0435	0.1308	0.1045	0.0293	0.2176	0.136
68	0.0203	0.0733	0.0579	0.0865	0.0575	0.0883	0.0877	0.0435	0.1307	0.1047	0.0292	0.2181	0.1362
69	0.0186	0.0738	0.058	0.0868	0.0579	0.0887	0.0881	0.0435	0.1307	0.1048	0.0292	0.2179	0.1363
70	0.0187	0.0739	0.058	0.0867	0.058	0.0888	0.088	0.0436	0.1307	0.1047	0.0292	0.2178	0.1361
71	0.0185	0.0743	0.0588	0.0871	0.0581	0.0891	0.0882	0.0436	0.1307	0.1048	0.0292	0.2178	0.1362
72	0.0182	0.0744	0.0591	0.0873	0.0581	0.0891	0.0882	0.0436	0.1309	0.1049	0.0292	0.2182	0.1364
73	0.0175	0.0746	0.0592	0.0873	0.058	0.0889	0.0881	0.0435	0.1306	0.1048	0.0293	0.2191	0.1366
74	0.0179	0.0749	0.0595	0.0877	0.0581	0.0893	0.0885	0.0436	0.1314	0.1053	0.0293	0.2194	0.1369
75	0.0172	0.0748	0.0593	0.088	0.0581	0.0891	0.0886	0.0435	0.1307	0.1052	0.0294	0.2199	0.1373
76	0.0168	0.0745	0.0589	0.0875	0.0581	0.0891	0.0884	0.0437	0.1313	0.1052	0.0294	0.2206	0.1372
77	0.0164	0.0744	0.059	0.0875	0.0581	0.0892	0.0884	0.0438	0.132	0.1055	0.0294	0.2205	0.1373
78	0.0161	0.0744	0.0591	0.0877	0.0582	0.0892	0.0886	0.0439	0.1327	0.1059	0.0294	0.2206	0.1376
79	0.0160	0.0746	0.0593	0.088	0.0583	0.0895	0.0889	0.0438	0.1321	0.1059	0.0294	0.2202	0.1376
80	0.0154	0.0747	0.0592	0.088	0.0582	0.0897	0.0889	0.0438	0.1324	0.1059	0.0294	0.2204	0.1377
81	0.0157	0.0749	0.0595	0.0881	0.0586	0.0905	0.0892	0.0438	0.1327	0.1059	0.0295	0.2206	0.1377
82	0.0153	0.075	0.0597	0.0879	0.0582	0.0901	0.0889	0.0436	0.1324	0.1056	0.0294	0.22	0.1374
83	0.0151	0.0754	0.06	0.0884	0.0583	0.0901	0.0891	0.0436	0.1322	0.1058	0.0294	0.2204	0.1378
84	0.0146	0.0758	0.0605	0.0889	0.0583	0.0899	0.0892	0.0436	0.1323	0.106	0.0295	0.2212	0.1382
85	0.0151	0.0756	0.0603	0.0888	0.0582	0.0898	0.0891	0.0436	0.1322	0.1059	0.0295	0.2208	0.138
86	0.0139	0.0755	0.06	0.0888	0.0582	0.0894	0.0891	0.0437	0.1323	0.1061	0.0295	0.2209	0.1381
87	0.0135	0.0757	0.0601	0.0886	0.058	0.089	0.0886	0.0438	0.1329	0.106	0.0295	0.2211	0.1379
88	0.0133	0.0753	0.0595	0.0883	0.0581	0.0892	0.0887	0.0439	0.1328	0.1061	0.0295	0.2211	0.1379
89	0.0133	0.0756	0.0596	0.0886	0.0579	0.0893	0.0888	0.0438	0.133	0.1062	0.0295	0.2209	0.138
90	0.0132	0.0758	0.0597	0.0886	0.058	0.0892	0.0888	0.0438	0.1329	0.1061	0.0294	0.2204	0.1378
91	0.0128	0.0755	0.0596	0.0882	0.0583	0.0899	0.0889	0.0439	0.1331	0.106	0.0295	0.2205	0.1377
92	0.0126	0.0756	0.0599	0.0884	0.0583	0.0902	0.0891	0.0439	0.1333	0.1062	0.0294	0.2199	0.1377
93	0.0130	0.0755	0.0598	0.0882	0.0582	0.0899	0.0889	0.044	0.1334	0.1062	0.0295	0.2201	0.1377
94	0.0124	0.0755	0.0599	0.0884	0.0583	0.0897	0.0889	0.0438	0.1332	0.1062	0.0295	0.2208	0.138
95	0.0128	0.0756	0.0602	0.0884	0.0582	0.09	0.089	0.0439	0.1332	0.1062	0.0295	0.2209	0.138
96	0.0123	0.0754	0.0597	0.0882	0.0582	0.0901	0.089	0.0439	0.133	0.1062	0.0295	0.2206	0.138
97	0.0123	0.0756	0.06	0.0884	0.0583	0.0902	0.0891	0.0439	0.133	0.1062	0.0295	0.2207	0.138
98	0.0118	0.0756	0.06	0.0883	0.0584	0.0902	0.0891	0.0438	0.1327	0.106	0.0295	0.2212	0.138
99	0.0115	0.076	0.0604	0.0888	0.0585	0.0908	0.0894	0.044	0.1335	0.1065	0.0295	0.221	0.1382
100	0.0119	0.0759	0.0603	0.0887	0.0585	0.0906	0.0894	0.044	0.133	0.1063	0.0295	0.2208	0.1382
101	0.0115	0.0759	0.0604	0.0887	0.0585	0.0904	0.0893	0.0441	0.1332	0.1064	0.0295	0.2207	0.1381
102	0.0115	0.0757	0.0604	0.0886	0.0582	0.0901	0.089	0.0439	0.1326	0.106	0.0296	0.2214	0.1382
103	0.0114	0.0758	0.0599	0.0884	0.0583	0.0903	0.0891	0.044	0.1333	0.1062	0.0296	0.2215	0.1381
104	0.0114	0.0756	0.06	0.0884	0.0586	0.0907	0.0893	0.0441	0.1333	0.1063	0.0296	0.2214	0.1382
105	0.0107	0.0756	0.0599	0.0885	0.0589	0.0911	0.0896	0.044	0.1332	0.1064	0.0296	0.2209	0.1382
106	0.0113	0.0762	0.0603	0.0893	0.0589	0.0912	0.09	0.0443	0.1341	0.1071	0.0296	0.2209	0.1386
107	0.0108	0.0769	0.0608	0.0901	0.0588	0.0912	0.0903	0.0444	0.1341	0.1075	0.0296	0.2209	0.139
108	0.0109	0.0776	0.0615	0.0907	0.0593	0.0918	0.0909	0.0444	0.1345	0.1078	0.0297	0.2216	0.1394
109	0.0106	0.0778	0.0616	0.0909	0.0593	0.092	0.0911	0.0444	0.1342	0.1079	0.0296	0.2218	0.1396
110	0.0106	0.0777	0.0614	0.0908	0.0592	0.0918	0.091	0.0444	0.1345	0.108	0.0296	0.2219	0.1396
111	0.0105	0.0775	0.0611	0.0906	0.0594	0.0924	0.0912	0.0445	0.1348	0.1082	0.0296	0.2214	0.1395
112	0.0102	0.0775	0.0612	0.0905	0.0593	0.0924	0.0911	0.0445	0.1344	0.108	0.0296	0.2217	0.1395
113	0.0098	0.0774	0.0612	0.0905	0.0595	0.0926	0.0912	0.0445	0.1345	0.108	0.0296	0.2219	0.1396
114	0.0097	0.077	0.0608	0.0903	0.0597	0.0929	0.0914	0.0445	0.1347	0.1081	0.0297	0.2224	0.1398
115	0.0101	0.0772	0.0609	0.0904	0.0594	0.0926	0.0913	0.0446	0.135	0.1083	0.0296	0.2219	0.1397
116	0.0097	0.077	0.061	0.0903	0.0593	0.0921	0.091	0.0448	0.1357	0.1085	0.0296	0.2217	0.1396
117	0.0102	0.0771	0.0612	0.0904	0.0593	0.0922	0.0911	0.0448	0.1356	0.1085	0.0297	0.222	0.1398
118	0.0098	0.0772	0.0614	0.0905	0.0594	0.0925	0.0912	0.0448	0.1359	0.1086	0.0297	0.2222	0.14
119	0.0098	0.0772	0.0614	0.0908	0.0595	0.0927	0.0916	0.0448	0.1358	0.1089	0.0297	0.2225	0.1403
120	0.0101	0.0775	0.0614	0.0914	0.0595	0.0928	0.092	0.0449	0.136	0.1093	0.0296	0.2219	0.1404
121	0.0100	0.0778	0.0616	0.0913	0.0595	0.0927	0.0918	0.0448	0.1356	0.109	0.0296	0.2217	0.1402
122	0.0096	0.0777	0.0615	0.0912	0.0597	0.0929	0.092	0.0447	0.1354	0.109	0.0297	0.2222	0.1404
123	0.0096	0.0786	0.0623	0.0919	0.0593	0.0923	0.0916	0.0447	0.1354	0.1089	0.0296	0.2223	0.1404
124	0.0094	0.0786	0.0619	0.0916	0.0597	0.0928	0.0918	0.0447	0.1352	0.1087	0.0296	0.2221	0.1401
125	0.0091	0.0785	0.0621	0.0918	0.0596	0.0929	0.0919	0.0447	0.1356	0.109	0.0296	0.222	0.1403
126	0.0095	0.0786	0.062	0.0918	0.0597	0.0929	0.0921	0.0449	0.1359	0.1092	0.0296	0.2217	0.1403
127	0.0097	0.0788	0.062	0.0919	0.0596	0.0926	0.0918	0.0448	0.1358	0.1091	0.0296	0.2217	0.1402
128	0.0096	0.0788	0.062	0.0918	0.0596	0.0929	0.0919	0.0448	0.1355	0.1089	0.0295	0.2213	0.14
129	0.0093	0.0785	0.062	0.0917	0.0596	0.0928	0.0918	0.0447	0.1352	0.1088	0.0296	0.2216	0.1401
130	0.0095	0.0783	0.0622	0.0918	0.0594	0.0926	0.0919	0.0447	0.135	0.109	0.0296	0.2216	0.1403
131	0.0092	0.0781	0.0621	0.0917	0.0594	0.0927	0.0919	0.0447	0.1352	0.1089	0.0296	0.2217	0.1402
132	0.0093	0.0776	0.0616	0.0913	0.0593	0.0928	0.0918	0.0449	0.1365	0.1093	0.0296	0.2217	0.1402
133	0.0091	0.0778	0.0621	0.0914	0.0595	0.093	0.0919	0.0448	0.1361	0.1092	0.0296	0.2216	0.1402
134	0.0092	0.0779	0.0619	0.0914	0.0594	0.0927	0.0917	0.0448	0.1359	0.109	0.0295	0.2215	0.14
135	0.0090	0.0774	0.0614	0.0908	0.0592	0.0925	0.0913	0.0449	0.1362	0.1089	0.0295	0.2211	0.1397
136	0.0091	0.0772	0.0613	0.0907	0.0593	0.0922	0.0913	0.0449	0.1362	0.1089	0.0295	0.2212	0.1397
137	0.0086	0.0775	0.0614	0.0908	0.0595	0.0926	0.0915	0.0448	0.1362	0.1089	0.0295	0.2216	0.1398
138	0.0091	0.0777	0.0615	0.091	0.0597	0.0926	0.0917	0.045	0.1364	0.1091	0.0295	0.2218	0.1399
139	0.0093	0.0774	0.0615	0.0908	0.0596	0.0926	0.0916	0.045	0.1362	0.109	0.0295	0.222	0.1399
140	0.0089	0.0775	0.0616	0.0909	0.0597	0.0926	0.0916	0.0451	0.1366	0.1091	0.0296	0.2224	0.1401
141	0.0087	0.0773	0.0616	0.0907	0.0597	0.0925	0.0916	0.045	0.1366	0.1091	0.0296	0.2221	0.1399
142	0.0083	0.077	0.0616	0.0907	0.0596	0.0926	0.0916	0.045	0.1368	0.1092	0.0296	0.2226	0.1401
143	0.0088	0.0769	0.0616	0.0906	0.0598	0.0929	0.0918	0.0452	0.1372	0.1094	0.0297	0.2234	0.1404
144	0.0088	0.0771	0.0617	0.0907	0.0598	0.0927	0.0917	0.0451	0.1367	0.1092	0.0297	0.2233	0.1404
145	0.0082	0.0774	0.0618	0.0908	0.06	0.0928	0.0918	0.045	0.1363	0.1091	0.0297	0.2233	0.1404
146	0.0086	0.0776	0.0618	0.0908	0.06	0.0928	0.0918	0.0449	0.1362	0.1091	0.0297	0.2236	0.1404
147	0.0086	0.0773	0.0616	0.0907	0.06	0.0934	0.0921	0.0448	0.1359	0.109	0.0296	0.2231	0.1404
148	0.0085	0.0774	0.0616	0.0909	0.0599	0.093	0.092	0.0448	0.1358	0.1091	0.0296	0.2231	0.1404
149	0.0087	0.0775	0.0615	0.0909	0.0601	0.0929	0.092	0.045	0.1368	0.1094	0.0296	0.2231	0.1404
150	0.0082	0.0773	0.0614	0.091	0.06	0.093	0.0922	0.045	0.137	0.1096	0.0296	0.223	0.1406
