{"n_layers": 0, "device": "cuda", "batch_size": 2048, "embedding_dim": 2048, "learning_rate": 0.001, "dataset": "dbbook", "epochs": 150, "model": "ef-mmlgcn", "fusion": "mean", "top_k": [5, 10, 20, 50], "seed": 19, "multimodal": true}
Epoch	Loss	Precision@5	Recall@5	NDCG@5	Precision@10	Recall@10	NDCG@10	Precision@20	Recall@20	NDCG@20	Precision@50	Recall@50	NDCG@50
1	0.6914	0.0087	0.008	0.0112	0.0069	0.0121	0.0117	0.0054	0.0189	0.0144	0.004	0.0333	0.0194
2	0.6522	0.0184	0.0157	0.0234	0.0129	0.0222	0.0229	0.0094	0.0314	0.0264	0.0063	0.0516	0.0336
3	0.6154	0.0289	0.0238	0.0361	0.0204	0.0334	0.0349	0.0144	0.046	0.0398	0.0089	0.0695	0.0482
4	0.5729	0.0389	0.0314	0.0482	0.0283	0.0438	0.0466	0.02	0.061	0.0531	0.0122	0.0927	0.0645
5	0.5220	0.0462	0.0356	0.0558	0.0344	0.0524	0.0547	0.0248	0.074	0.0632	0.0153	0.1139	0.0776
6	0.4649	0.0518	0.0392	0.0614	0.0385	0.0574	0.0599	0.028	0.0834	0.07	0.018	0.1337	0.0882
7	0.4041	0.0547	0.0411	0.0649	0.0418	0.0623	0.0642	0.0305	0.0898	0.075	0.02	0.1478	0.0959
8	0.3448	0.056	0.0424	0.0665	0.0433	0.0642	0.0662	0.0323	0.0965	0.0787	0.0214	0.1576	0.1011
9	0.2909	0.0569	0.0435	0.0681	0.0452	0.068	0.069	0.0337	0.1004	0.0816	0.0225	0.1667	0.1057
10	0.2443	0.059	0.0453	0.0702	0.0459	0.0695	0.0704	0.0348	0.1034	0.0839	0.0233	0.1723	0.109
11	0.2048	0.0605	0.0462	0.0715	0.0467	0.0706	0.0716	0.0358	0.1069	0.086	0.0239	0.1765	0.1114
12	0.1741	0.0613	0.0467	0.0726	0.0473	0.0722	0.0729	0.0361	0.1076	0.0871	0.0243	0.1793	0.1133
13	0.1491	0.0618	0.0477	0.0736	0.048	0.0736	0.0742	0.0367	0.1096	0.0887	0.0248	0.1826	0.1153
14	0.1275	0.0625	0.048	0.0746	0.0487	0.0745	0.0753	0.0371	0.1108	0.0899	0.0252	0.1856	0.1172
15	0.1106	0.0629	0.0485	0.0752	0.0496	0.0759	0.0763	0.0377	0.1125	0.091	0.0255	0.1883	0.1185
16	0.0964	0.0636	0.0489	0.0755	0.0499	0.0767	0.0767	0.0381	0.1139	0.0917	0.0257	0.19	0.1194
17	0.0848	0.0649	0.0499	0.0768	0.0503	0.0773	0.0774	0.0383	0.1147	0.0925	0.0258	0.1914	0.1203
18	0.0757	0.0656	0.0507	0.0777	0.0509	0.0782	0.0783	0.0385	0.1155	0.0933	0.0259	0.1922	0.1212
19	0.0674	0.0659	0.0512	0.0782	0.0512	0.0787	0.0788	0.0388	0.1166	0.0941	0.0261	0.1938	0.1221
20	0.0606	0.0665	0.0518	0.0788	0.0518	0.0796	0.0796	0.039	0.1177	0.0948	0.0263	0.1954	0.1231
21	0.0547	0.0671	0.0523	0.0795	0.0522	0.0806	0.0804	0.0393	0.1186	0.0956	0.0265	0.1969	0.1241
22	0.0504	0.068	0.0531	0.0805	0.0526	0.081	0.0811	0.0397	0.1201	0.0967	0.0266	0.1979	0.125
23	0.0458	0.0685	0.0536	0.081	0.0531	0.082	0.0817	0.04	0.1209	0.0972	0.0267	0.1985	0.1254
24	0.0420	0.0685	0.0538	0.0815	0.0534	0.0822	0.0823	0.0401	0.1213	0.0978	0.0269	0.2001	0.1265
25	0.0387	0.0688	0.0539	0.0818	0.0534	0.0822	0.0825	0.0404	0.1219	0.0984	0.027	0.2011	0.1271
26	0.0356	0.0691	0.0544	0.0821	0.0537	0.0825	0.0827	0.0406	0.1224	0.0987	0.0271	0.2022	0.1276
27	0.0335	0.0696	0.0549	0.0827	0.0538	0.0826	0.0831	0.0406	0.1223	0.099	0.0273	0.2033	0.1283
28	0.0311	0.0698	0.0549	0.0828	0.054	0.0834	0.0834	0.0408	0.123	0.0994	0.0274	0.2044	0.1288
29	0.0291	0.07	0.0551	0.0829	0.054	0.0832	0.0834	0.041	0.1233	0.0996	0.0274	0.2046	0.129
30	0.0275	0.0698	0.055	0.083	0.0542	0.0833	0.0837	0.0412	0.1241	0.1001	0.0275	0.2053	0.1294
31	0.0261	0.0707	0.0555	0.0839	0.0548	0.0842	0.0845	0.0412	0.1243	0.1006	0.0276	0.2064	0.1302
32	0.0248	0.0712	0.056	0.0847	0.055	0.0848	0.0851	0.0414	0.1248	0.1012	0.0277	0.2071	0.1308
33	0.0235	0.0718	0.0566	0.0853	0.0555	0.0859	0.086	0.0414	0.1247	0.1015	0.0278	0.2073	0.1314
34	0.0215	0.0714	0.0565	0.0853	0.0554	0.0859	0.0861	0.0415	0.1252	0.1019	0.0279	0.2083	0.1319
35	0.0213	0.0719	0.0566	0.0857	0.0557	0.0862	0.0865	0.0417	0.1261	0.1024	0.0279	0.2088	0.1322
36	0.0196	0.072	0.0569	0.0858	0.0558	0.0865	0.0866	0.0419	0.1266	0.1026	0.0279	0.2089	0.1323
37	0.0200	0.0723	0.0568	0.0859	0.056	0.0869	0.0868	0.0419	0.1265	0.1026	0.028	0.2098	0.1326
38	0.0186	0.0724	0.0569	0.0859	0.0562	0.0871	0.0869	0.0419	0.1271	0.1027	0.028	0.21	0.1327
39	0.0181	0.0728	0.0574	0.0861	0.0562	0.0871	0.0869	0.0419	0.1276	0.1028	0.0281	0.2107	0.133
40	0.0172	0.0726	0.0574	0.0862	0.056	0.0868	0.0868	0.0421	0.1275	0.1031	0.0282	0.2112	0.1332
41	0.0170	0.0724	0.0571	0.0858	0.0562	0.087	0.0868	0.042	0.1273	0.1029	0.0281	0.2114	0.1331
42	0.0163	0.0725	0.0574	0.086	0.0562	0.0875	0.087	0.0419	0.127	0.1029	0.0282	0.212	0.1334
43	0.0157	0.0733	0.0581	0.0866	0.0563	0.0871	0.0871	0.042	0.1279	0.1033	0.0282	0.2122	0.1337
44	0.0148	0.0731	0.0578	0.0868	0.0567	0.0882	0.0879	0.0421	0.1279	0.1037	0.0282	0.2119	0.134
45	0.0145	0.0733	0.0577	0.0869	0.0565	0.0881	0.0878	0.0423	0.1288	0.104	0.0283	0.212	0.1342
46	0.0142	0.0727	0.0574	0.0866	0.0564	0.0875	0.0876	0.0423	0.129	0.1041	0.0283	0.2124	0.1344
47	0.0136	0.0728	0.0573	0.0866	0.0563	0.0875	0.0876	0.0423	0.1297	0.1044	0.0283	0.2124	0.1344
48	0.0134	0.0727	0.0573	0.0866	0.0564	0.0875	0.0877	0.0423	0.1296	0.1043	0.0284	0.2131	0.1347
49	0.0133	0.0731	0.0576	0.0871	0.0567	0.0881	0.0881	0.0423	0.1296	0.1045	0.0284	0.2134	0.135
50	0.0126	0.073	0.0577	0.0875	0.0567	0.0887	0.0886	0.0424	0.1306	0.1052	0.0283	0.213	0.1353
51	0.0125	0.0736	0.0582	0.088	0.057	0.089	0.089	0.0426	0.1308	0.1056	0.0284	0.2133	0.1356
52	0.0120	0.0741	0.0586	0.0886	0.0571	0.0894	0.0894	0.0425	0.131	0.1059	0.0284	0.213	0.1359
53	0.0120	0.0745	0.0589	0.0892	0.0574	0.09	0.09	0.0428	0.1315	0.1065	0.0285	0.2138	0.1365
54	0.0114	0.0748	0.0592	0.0895	0.0573	0.0898	0.0901	0.0428	0.1317	0.1067	0.0285	0.214	0.1367
55	0.0117	0.0752	0.0597	0.0899	0.0573	0.0894	0.0901	0.043	0.1322	0.107	0.0284	0.2134	0.1366
56	0.0116	0.0751	0.0598	0.09	0.0574	0.0897	0.0903	0.0431	0.1323	0.1071	0.0284	0.2133	0.1367
57	0.0113	0.0753	0.0599	0.0903	0.0574	0.0897	0.0905	0.043	0.1319	0.1072	0.0285	0.2139	0.1371
58	0.0104	0.0756	0.0601	0.0904	0.0578	0.0902	0.0907	0.0429	0.1315	0.107	0.0286	0.2148	0.1374
59	0.0107	0.0754	0.0599	0.0899	0.0579	0.0904	0.0906	0.0429	0.1319	0.107	0.0287	0.2154	0.1374
60	0.0104	0.0755	0.0601	0.0901	0.0582	0.091	0.0909	0.0431	0.1325	0.1073	0.0287	0.2156	0.1376
61	0.0098	0.0756	0.0602	0.0902	0.0583	0.0912	0.091	0.043	0.1323	0.1072	0.0287	0.216	0.1377
62	0.0100	0.0756	0.0604	0.0901	0.0583	0.0917	0.0911	0.0431	0.1322	0.1072	0.0286	0.2152	0.1375
63	0.0099	0.0754	0.06	0.0896	0.0584	0.0917	0.0909	0.0431	0.1322	0.1069	0.0287	0.2156	0.1373
64	0.0101	0.0758	0.0604	0.0898	0.0584	0.0914	0.0908	0.0432	0.1329	0.1071	0.0287	0.2162	0.1374
65	0.0095	0.0752	0.0601	0.0897	0.0584	0.0916	0.0909	0.0432	0.1328	0.1072	0.0287	0.2163	0.1376
66	0.0095	0.0755	0.0602	0.0899	0.0587	0.0919	0.0912	0.0434	0.1335	0.1075	0.0288	0.2167	0.1378
67	0.0095	0.0757	0.0603	0.0902	0.0585	0.0916	0.0912	0.0433	0.1334	0.1077	0.0288	0.2173	0.1382
68	0.0092	0.076	0.0606	0.0904	0.0586	0.0918	0.0913	0.0433	0.1334	0.1077	0.0288	0.2173	0.1382
69	0.0091	0.0762	0.0607	0.0908	0.0587	0.0916	0.0916	0.0434	0.1336	0.1081	0.0288	0.2175	0.1385
70	0.0088	0.0767	0.0612	0.0912	0.0589	0.092	0.0918	0.0434	0.1337	0.1081	0.0288	0.2178	0.1386
71	0.0091	0.0765	0.0611	0.091	0.0589	0.0918	0.0917	0.0434	0.1339	0.1081	0.0288	0.2175	0.1385
72	0.0091	0.0762	0.061	0.0907	0.0588	0.0919	0.0916	0.0435	0.1342	0.1081	0.0288	0.2173	0.1384
73	0.0087	0.0763	0.0608	0.0909	0.0589	0.0922	0.0919	0.0434	0.1338	0.1082	0.0287	0.217	0.1384
74	0.0085	0.0765	0.061	0.091	0.0589	0.0922	0.0919	0.0435	0.134	0.1082	0.0288	0.2172	0.1385
75	0.0088	0.0765	0.0611	0.091	0.0588	0.0918	0.0916	0.0433	0.1335	0.1079	0.0288	0.2174	0.1384
76	0.0085	0.0765	0.0611	0.0908	0.0586	0.0916	0.0913	0.0434	0.1339	0.1079	0.0287	0.2167	0.1381
77	0.0087	0.0763	0.0613	0.0908	0.0584	0.091	0.0911	0.0436	0.1342	0.1081	0.0287	0.2166	0.1381
78	0.0086	0.0768	0.0619	0.0914	0.0584	0.0914	0.0914	0.0435	0.1344	0.1083	0.0287	0.2172	0.1384
79	0.0085	0.077	0.0618	0.0918	0.0584	0.0912	0.0917	0.0437	0.1348	0.1089	0.0287	0.2166	0.1387
80	0.0085	0.0771	0.0614	0.0916	0.0586	0.0916	0.0917	0.0439	0.1354	0.1089	0.0287	0.216	0.1384
81	0.0081	0.0772	0.0617	0.0917	0.0582	0.0911	0.0914	0.0438	0.1355	0.1089	0.0287	0.216	0.1384
82	0.0078	0.0769	0.0614	0.0914	0.0584	0.0917	0.0915	0.0437	0.1352	0.1086	0.0287	0.2156	0.1381
83	0.0080	0.0767	0.0611	0.0912	0.0583	0.0914	0.0913	0.0437	0.1348	0.1085	0.0287	0.2157	0.1381
84	0.0082	0.0766	0.0611	0.0909	0.0582	0.0913	0.0911	0.0436	0.1348	0.1083	0.0288	0.2167	0.1383
85	0.0082	0.0762	0.0607	0.0907	0.058	0.0912	0.091	0.0436	0.1349	0.1083	0.0287	0.2162	0.138
86	0.0077	0.0762	0.0605	0.0903	0.0582	0.0915	0.091	0.0436	0.1343	0.108	0.0288	0.2166	0.1381
87	0.0080	0.0761	0.0605	0.0903	0.0586	0.0922	0.0915	0.0438	0.1351	0.1085	0.0288	0.2169	0.1383
88	0.0081	0.0765	0.061	0.091	0.0589	0.0926	0.092	0.0437	0.1348	0.1087	0.0288	0.2171	0.1387
89	0.0080	0.0765	0.0609	0.0911	0.0588	0.0926	0.0921	0.0439	0.1351	0.1089	0.0289	0.2172	0.1389
90	0.0080	0.0765	0.0608	0.0911	0.0589	0.0927	0.0921	0.0439	0.1354	0.109	0.029	0.2182	0.1392
91	0.0077	0.0772	0.0614	0.0917	0.0588	0.0926	0.0921	0.0439	0.1354	0.1091	0.029	0.2188	0.1395
92	0.0075	0.0772	0.0615	0.092	0.0591	0.093	0.0927	0.0441	0.1355	0.1096	0.029	0.2186	0.1398
93	0.0079	0.0767	0.0608	0.0916	0.0592	0.0933	0.0928	0.0442	0.1359	0.1097	0.029	0.2186	0.1397
94	0.0080	0.077	0.0617	0.0918	0.059	0.0931	0.0926	0.0439	0.1356	0.1094	0.029	0.2189	0.1397
95	0.0077	0.077	0.0619	0.0919	0.0589	0.0928	0.0924	0.044	0.1357	0.1094	0.029	0.2191	0.1397
96	0.0074	0.077	0.062	0.092	0.0593	0.0936	0.0929	0.044	0.1358	0.1096	0.029	0.2195	0.14
97	0.0077	0.0772	0.0623	0.0923	0.0593	0.0936	0.0931	0.0442	0.136	0.11	0.029	0.2194	0.1402
98	0.0077	0.0779	0.063	0.0927	0.0594	0.0939	0.0932	0.0442	0.1361	0.11	0.029	0.22	0.1403
99	0.0077	0.0779	0.0627	0.0927	0.0598	0.0942	0.0935	0.0442	0.1365	0.1102	0.0291	0.2203	0.1405
100	0.0073	0.0784	0.0629	0.0931	0.0599	0.0945	0.0937	0.0443	0.1366	0.1104	0.0291	0.2203	0.1407
101	0.0072	0.0786	0.0632	0.0935	0.06	0.0949	0.0941	0.0444	0.1372	0.1108	0.0291	0.2211	0.1411
102	0.0075	0.0784	0.0629	0.0932	0.06	0.0944	0.0938	0.0444	0.1374	0.1107	0.0291	0.2211	0.1409
103	0.0076	0.0784	0.0629	0.0932	0.0601	0.0946	0.0939	0.0443	0.137	0.1105	0.0292	0.221	0.141
104	0.0074	0.0782	0.0626	0.0929	0.06	0.0945	0.0937	0.0443	0.1374	0.1105	0.0291	0.2211	0.1408
105	0.0071	0.0775	0.0621	0.0923	0.0597	0.0937	0.0932	0.0443	0.1372	0.1102	0.0291	0.2213	0.1406
106	0.0074	0.0777	0.0625	0.0925	0.0596	0.0938	0.0932	0.0443	0.1372	0.1102	0.0291	0.2212	0.1406
107	0.0077	0.0777	0.0619	0.0924	0.0597	0.0944	0.0935	0.0442	0.1368	0.1102	0.0291	0.2215	0.1408
108	0.0073	0.0784	0.0626	0.093	0.0596	0.0941	0.0935	0.0443	0.1373	0.1105	0.0291	0.2215	0.141
109	0.0079	0.0784	0.0625	0.0932	0.0595	0.0937	0.0935	0.0444	0.1375	0.1108	0.0291	0.2217	0.1411
110	0.0075	0.079	0.0631	0.094	0.0598	0.0941	0.094	0.0444	0.1372	0.111	0.0292	0.222	0.1416
111	0.0073	0.0793	0.0634	0.0941	0.06	0.0945	0.0941	0.0444	0.1373	0.111	0.0291	0.2217	0.1415
112	0.0073	0.0793	0.0634	0.0938	0.0599	0.0942	0.0938	0.0444	0.1377	0.111	0.0291	0.2216	0.1413
113	0.0074	0.0786	0.0629	0.0933	0.0599	0.0945	0.0937	0.0445	0.1373	0.1107	0.0291	0.2209	0.141
114	0.0074	0.0784	0.0619	0.0928	0.0598	0.0942	0.0935	0.0443	0.1372	0.1105	0.0291	0.2216	0.141
115	0.0071	0.0785	0.0622	0.0927	0.0596	0.0939	0.0932	0.0442	0.1367	0.1101	0.0291	0.2216	0.1408
116	0.0070	0.0789	0.0626	0.0933	0.0593	0.0933	0.0932	0.0442	0.1366	0.1103	0.0291	0.2213	0.141
117	0.0070	0.0789	0.0624	0.0932	0.0596	0.094	0.0934	0.0442	0.1369	0.1104	0.0291	0.2212	0.1409
118	0.0074	0.079	0.0628	0.0936	0.0597	0.0941	0.0937	0.0442	0.137	0.1106	0.0291	0.2212	0.141
119	0.0073	0.0785	0.062	0.0931	0.0596	0.094	0.0937	0.0443	0.1374	0.1107	0.0291	0.2208	0.141
120	0.0069	0.0788	0.0626	0.0932	0.0597	0.0942	0.0936	0.0443	0.1376	0.1107	0.029	0.2207	0.1408
121	0.0069	0.0784	0.0622	0.0928	0.0598	0.0944	0.0935	0.0444	0.1377	0.1106	0.029	0.2207	0.1406
122	0.0066	0.0788	0.0627	0.0932	0.0599	0.0945	0.0936	0.0445	0.1376	0.1106	0.029	0.2203	0.1406
123	0.0075	0.0782	0.0625	0.093	0.0598	0.0942	0.0936	0.0444	0.1374	0.1106	0.029	0.2202	0.1406
124	0.0069	0.0779	0.062	0.0926	0.0597	0.0944	0.0935	0.0446	0.1376	0.1107	0.029	0.2203	0.1406
125	0.0069	0.0784	0.0623	0.0931	0.0598	0.0944	0.0937	0.0444	0.1374	0.1107	0.029	0.2197	0.1406
126	0.0066	0.0786	0.0625	0.0932	0.0598	0.0942	0.0936	0.0444	0.1374	0.1106	0.029	0.2198	0.1405
127	0.0071	0.0786	0.0624	0.0933	0.0597	0.094	0.0937	0.0443	0.1373	0.1108	0.029	0.2201	0.1408
128	0.0069	0.0785	0.062	0.0932	0.0598	0.094	0.0937	0.0444	0.1375	0.1108	0.029	0.2201	0.1408
129	0.0074	0.0784	0.0622	0.0937	0.06	0.0944	0.0944	0.0444	0.1374	0.1113	0.029	0.2202	0.1413
130	0.0071	0.0782	0.0619	0.0932	0.06	0.0946	0.0942	0.0444	0.1375	0.1111	0.029	0.2202	0.141
131	0.0065	0.0779	0.0617	0.093	0.0601	0.0946	0.0942	0.0444	0.1374	0.1111	0.029	0.2204	0.1411
132	0.0070	0.0777	0.0619	0.0927	0.0602	0.0946	0.0941	0.0446	0.1378	0.1111	0.029	0.2207	0.141
133	0.0071	0.0776	0.062	0.0926	0.0603	0.0948	0.0941	0.0445	0.1381	0.1111	0.029	0.221	0.1411
134	0.0068	0.0778	0.0624	0.0928	0.06	0.0945	0.094	0.0446	0.1383	0.1112	0.029	0.2205	0.1409
135	0.0070	0.0776	0.0619	0.0926	0.0601	0.095	0.0942	0.0445	0.1382	0.1111	0.029	0.2204	0.1409
136	0.0065	0.0777	0.0619	0.0927	0.06	0.0949	0.0941	0.0444	0.1377	0.1109	0.029	0.2204	0.1409
137	0.0072	0.0774	0.062	0.0929	0.0601	0.0952	0.0944	0.0444	0.1379	0.1113	0.0289	0.2198	0.141
138	0.0073	0.078	0.0623	0.0928	0.06	0.0948	0.0939	0.0443	0.1374	0.1107	0.0289	0.22	0.1406
139	0.0072	0.0777	0.0622	0.0928	0.06	0.0947	0.094	0.0444	0.1376	0.1108	0.0289	0.2202	0.1407
140	0.0072	0.0784	0.0629	0.0934	0.06	0.0952	0.0942	0.0444	0.1376	0.111	0.0289	0.2204	0.1408
141	0.0068	0.0782	0.0625	0.0934	0.0598	0.095	0.0943	0.0444	0.1376	0.1111	0.0289	0.2201	0.1409
142	0.0064	0.0783	0.0626	0.0933	0.06	0.0955	0.0943	0.0444	0.1377	0.111	0.0289	0.22	0.1407
143	0.0070	0.0782	0.0624	0.0933	0.0603	0.0957	0.0946	0.0444	0.1376	0.1112	0.0289	0.2199	0.1409
144	0.0070	0.0788	0.0627	0.0939	0.0601	0.0957	0.0947	0.0444	0.1375	0.1113	0.0289	0.22	0.1411
145	0.0069	0.079	0.0631	0.094	0.06	0.0953	0.0944	0.0445	0.1376	0.1112	0.0289	0.2197	0.1409
146	0.0069	0.0785	0.0625	0.0936	0.06	0.0948	0.0943	0.0444	0.1372	0.111	0.0289	0.2202	0.141
147	0.0075	0.0784	0.0626	0.0934	0.0599	0.0949	0.0941	0.0443	0.1373	0.1108	0.0289	0.2192	0.1405
148	0.0070	0.0786	0.063	0.0935	0.0598	0.0949	0.094	0.0444	0.1378	0.111	0.0288	0.219	0.1404
149	0.0071	0.0786	0.0631	0.0936	0.0603	0.0959	0.0946	0.0446	0.1379	0.1112	0.0288	0.2185	0.1404
150	0.0076	0.0786	0.063	0.0933	0.0604	0.0961	0.0944	0.0446	0.1384	0.1111	0.0289	0.2192	0.1404
