{"n_layers": 1, "device": "cuda", "batch_size": 2048, "embedding_dim": 1024, "learning_rate": 0.001, "dataset": "dbbook", "epochs": 150, "top_k": 5, "multimodal": true, "datasets": {"dbbook": ["images", "text"], "ml1m": ["audio", "images", "text", "video"]}}
Epoch	Loss	Recall	Precision	NDCG
1	0.6874	0.0176	0.0222	0.0267
2	0.6661	0.0354	0.0468	0.0556
3	0.6363	0.0417	0.0558	0.0639
4	0.5924	0.0400	0.0541	0.0600
5	0.5333	0.0378	0.0508	0.0548
6	0.4631	0.0367	0.0481	0.0516
7	0.3947	0.0354	0.0463	0.0496
8	0.3333	0.0347	0.0453	0.0486
9	0.2822	0.0342	0.0445	0.0479
10	0.2416	0.0346	0.0451	0.0484
11	0.2109	0.0349	0.0453	0.0490
12	0.1849	0.0354	0.0461	0.0498
13	0.1631	0.0354	0.0460	0.0498
14	0.1459	0.0363	0.0473	0.0509
15	0.1323	0.0368	0.0477	0.0515
16	0.1181	0.0376	0.0488	0.0524
17	0.1076	0.0380	0.0491	0.0528
18	0.0992	0.0382	0.0495	0.0533
19	0.0923	0.0380	0.0499	0.0535
20	0.0844	0.0388	0.0506	0.0543
21	0.0778	0.0397	0.0518	0.0556
22	0.0717	0.0400	0.0522	0.0563
23	0.0663	0.0406	0.0528	0.0570
24	0.0620	0.0416	0.0537	0.0585
25	0.0576	0.0426	0.0546	0.0597
26	0.0552	0.0427	0.0546	0.0598
27	0.0513	0.0433	0.0552	0.0604
28	0.0495	0.0436	0.0554	0.0609
29	0.0463	0.0442	0.0567	0.0621
30	0.0442	0.0456	0.0580	0.0633
31	0.0410	0.0453	0.0580	0.0635
32	0.0390	0.0451	0.0576	0.0632
33	0.0374	0.0456	0.0585	0.0643
34	0.0383	0.0461	0.0590	0.0653
35	0.0349	0.0471	0.0598	0.0663
36	0.0346	0.0469	0.0598	0.0664
37	0.0330	0.0477	0.0607	0.0675
38	0.0311	0.0481	0.0612	0.0682
39	0.0307	0.0490	0.0616	0.0687
40	0.0288	0.0493	0.0621	0.0694
41	0.0278	0.0495	0.0623	0.0698
42	0.0264	0.0501	0.0629	0.0704
43	0.0265	0.0507	0.0637	0.0712
44	0.0243	0.0511	0.0643	0.0717
45	0.0234	0.0507	0.0639	0.0715
46	0.0242	0.0510	0.0642	0.0718
47	0.0239	0.0509	0.0643	0.0719
48	0.0225	0.0507	0.0642	0.0718
49	0.0214	0.0510	0.0646	0.0722
50	0.0207	0.0506	0.0643	0.0720
51	0.0220	0.0508	0.0644	0.0724
52	0.0205	0.0510	0.0646	0.0727
53	0.0195	0.0512	0.0652	0.0733
54	0.0192	0.0513	0.0655	0.0739
55	0.0188	0.0518	0.0656	0.0741
56	0.0176	0.0518	0.0654	0.0740
57	0.0182	0.0519	0.0654	0.0740
58	0.0184	0.0520	0.0657	0.0744
59	0.0177	0.0522	0.0660	0.0747
60	0.0168	0.0520	0.0657	0.0744
61	0.0173	0.0521	0.0656	0.0747
62	0.0163	0.0527	0.0663	0.0753
63	0.0159	0.0527	0.0662	0.0753
64	0.0166	0.0531	0.0667	0.0756
65	0.0152	0.0533	0.0668	0.0758
66	0.0163	0.0535	0.0669	0.0758
67	0.0156	0.0534	0.0669	0.0758
68	0.0149	0.0535	0.0671	0.0763
69	0.0157	0.0538	0.0676	0.0768
70	0.0146	0.0535	0.0674	0.0765
71	0.0139	0.0540	0.0678	0.0772
72	0.0146	0.0546	0.0682	0.0777
73	0.0135	0.0544	0.0682	0.0778
74	0.0136	0.0543	0.0683	0.0778
75	0.0136	0.0546	0.0688	0.0781
76	0.0132	0.0544	0.0685	0.0779
77	0.0132	0.0544	0.0684	0.0781
78	0.0135	0.0546	0.0689	0.0783
79	0.0135	0.0548	0.0692	0.0785
80	0.0126	0.0553	0.0699	0.0791
81	0.0133	0.0551	0.0694	0.0786
82	0.0133	0.0552	0.0694	0.0789
83	0.0125	0.0552	0.0696	0.0791
84	0.0124	0.0554	0.0699	0.0793
85	0.0128	0.0550	0.0694	0.0788
86	0.0118	0.0558	0.0698	0.0791
87	0.0117	0.0556	0.0696	0.0790
88	0.0119	0.0557	0.0697	0.0795
89	0.0113	0.0559	0.0701	0.0794
90	0.0125	0.0557	0.0698	0.0793
91	0.0117	0.0558	0.0700	0.0795
92	0.0116	0.0558	0.0697	0.0791
93	0.0120	0.0555	0.0695	0.0791
94	0.0112	0.0557	0.0697	0.0794
95	0.0116	0.0560	0.0700	0.0798
96	0.0110	0.0558	0.0696	0.0797
97	0.0111	0.0556	0.0696	0.0795
98	0.0117	0.0553	0.0691	0.0793
99	0.0106	0.0552	0.0690	0.0794
100	0.0111	0.0557	0.0693	0.0797
101	0.0109	0.0556	0.0697	0.0800
102	0.0110	0.0558	0.0698	0.0800
103	0.0114	0.0561	0.0695	0.0799
104	0.0110	0.0560	0.0696	0.0801
105	0.0106	0.0559	0.0695	0.0801
106	0.0106	0.0559	0.0694	0.0801
107	0.0103	0.0560	0.0696	0.0802
108	0.0105	0.0560	0.0697	0.0803
109	0.0100	0.0556	0.0694	0.0798
110	0.0105	0.0559	0.0693	0.0798
111	0.0106	0.0560	0.0694	0.0799
112	0.0101	0.0559	0.0692	0.0798
113	0.0106	0.0563	0.0694	0.0798
114	0.0100	0.0561	0.0692	0.0798
115	0.0097	0.0556	0.0689	0.0794
116	0.0099	0.0553	0.0688	0.0792
117	0.0101	0.0555	0.0688	0.0790
118	0.0104	0.0552	0.0685	0.0789
119	0.0103	0.0554	0.0689	0.0794
120	0.0097	0.0558	0.0691	0.0797
121	0.0102	0.0561	0.0694	0.0800
122	0.0100	0.0560	0.0696	0.0802
123	0.0097	0.0557	0.0694	0.0801
124	0.0096	0.0559	0.0697	0.0802
125	0.0102	0.0564	0.0702	0.0809
126	0.0099	0.0567	0.0703	0.0813
127	0.0100	0.0565	0.0702	0.0813
128	0.0098	0.0566	0.0704	0.0814
129	0.0096	0.0567	0.0704	0.0813
130	0.0101	0.0567	0.0703	0.0812
131	0.0099	0.0569	0.0703	0.0811
132	0.0100	0.0566	0.0698	0.0804
133	0.0102	0.0561	0.0695	0.0802
134	0.0097	0.0562	0.0695	0.0804
135	0.0097	0.0560	0.0692	0.0804
136	0.0095	0.0561	0.0692	0.0806
137	0.0095	0.0560	0.0691	0.0804
138	0.0096	0.0557	0.0687	0.0798
139	0.0101	0.0560	0.0690	0.0802
140	0.0093	0.0555	0.0689	0.0799
141	0.0094	0.0555	0.0686	0.0799
142	0.0095	0.0547	0.0678	0.0792
143	0.0097	0.0556	0.0685	0.0799
144	0.0095	0.0559	0.0685	0.0800
145	0.0097	0.0554	0.0680	0.0796
146	0.0095	0.0553	0.0678	0.0793
147	0.0094	0.0554	0.0679	0.0796
148	0.0091	0.0553	0.0679	0.0795
149	0.0092	0.0555	0.0683	0.0799
150	0.0093	0.0556	0.0684	0.0803
