{"n_layers": 2, "device": "cuda", "batch_size": 2048, "embedding_dim": 64, "learning_rate": 0.001, "dataset": "dbbook", "epochs": 150, "top_k": 20, "multimodal": true, "datasets": {"dbbook": ["images", "text"], "ml1m": ["audio", "images", "text", "video"]}}
Epoch	Loss	Recall	Precision	NDCG
1	0.6927	0.0213	0.0071	0.0171
2	0.6912	0.0544	0.0191	0.0399
3	0.6887	0.0714	0.0253	0.0499
4	0.6838	0.0724	0.0258	0.0501
5	0.6749	0.0694	0.0252	0.0469
6	0.6606	0.0644	0.0240	0.0437
7	0.6399	0.0628	0.0234	0.0423
8	0.6127	0.0610	0.0227	0.0410
9	0.5817	0.0607	0.0225	0.0405
10	0.5482	0.0599	0.0222	0.0399
11	0.5147	0.0591	0.0220	0.0394
12	0.4831	0.0589	0.0219	0.0394
13	0.4547	0.0590	0.0220	0.0394
14	0.4298	0.0590	0.0220	0.0396
15	0.4096	0.0595	0.0222	0.0398
16	0.3900	0.0601	0.0224	0.0402
17	0.3740	0.0603	0.0225	0.0403
18	0.3607	0.0616	0.0228	0.0410
19	0.3460	0.0621	0.0230	0.0413
20	0.3335	0.0629	0.0233	0.0418
21	0.3251	0.0634	0.0235	0.0421
22	0.3157	0.0636	0.0236	0.0425
23	0.3080	0.0643	0.0238	0.0429
24	0.3010	0.0649	0.0240	0.0433
25	0.2926	0.0653	0.0242	0.0438
26	0.2847	0.0659	0.0244	0.0443
27	0.2775	0.0664	0.0245	0.0447
28	0.2742	0.0672	0.0248	0.0451
29	0.2667	0.0681	0.0251	0.0456
30	0.2605	0.0687	0.0252	0.0459
31	0.2560	0.0692	0.0254	0.0464
32	0.2497	0.0695	0.0256	0.0467
33	0.2448	0.0707	0.0259	0.0474
34	0.2428	0.0711	0.0261	0.0479
35	0.2349	0.0722	0.0264	0.0483
36	0.2348	0.0725	0.0266	0.0487
37	0.2273	0.0726	0.0266	0.0489
38	0.2252	0.0729	0.0267	0.0494
39	0.2154	0.0738	0.0269	0.0499
40	0.2155	0.0744	0.0271	0.0504
41	0.2130	0.0752	0.0273	0.0509
42	0.2052	0.0756	0.0273	0.0513
43	0.2033	0.0758	0.0274	0.0516
44	0.2016	0.0764	0.0276	0.0520
45	0.1981	0.0769	0.0278	0.0525
46	0.1934	0.0775	0.0279	0.0530
47	0.1912	0.0789	0.0283	0.0537
48	0.1869	0.0793	0.0284	0.0542
49	0.1884	0.0792	0.0284	0.0544
50	0.1782	0.0800	0.0286	0.0549
51	0.1773	0.0806	0.0288	0.0553
52	0.1733	0.0804	0.0288	0.0555
53	0.1719	0.0810	0.0290	0.0559
54	0.1661	0.0816	0.0292	0.0562
55	0.1652	0.0822	0.0292	0.0565
56	0.1627	0.0825	0.0293	0.0568
57	0.1601	0.0826	0.0293	0.0571
58	0.1589	0.0833	0.0294	0.0576
59	0.1589	0.0836	0.0295	0.0579
60	0.1526	0.0840	0.0297	0.0582
61	0.1539	0.0844	0.0298	0.0585
62	0.1484	0.0849	0.0300	0.0588
63	0.1496	0.0854	0.0301	0.0590
64	0.1475	0.0858	0.0303	0.0593
65	0.1468	0.0863	0.0305	0.0596
66	0.1382	0.0862	0.0305	0.0598
67	0.1404	0.0863	0.0305	0.0600
68	0.1390	0.0866	0.0306	0.0604
69	0.1376	0.0872	0.0307	0.0606
70	0.1364	0.0876	0.0309	0.0610
71	0.1325	0.0879	0.0310	0.0613
72	0.1288	0.0885	0.0312	0.0617
73	0.1297	0.0890	0.0313	0.0621
74	0.1253	0.0896	0.0315	0.0626
75	0.1260	0.0903	0.0317	0.0631
76	0.1214	0.0911	0.0319	0.0636
77	0.1213	0.0915	0.0320	0.0641
78	0.1218	0.0918	0.0321	0.0644
79	0.1203	0.0923	0.0323	0.0647
80	0.1195	0.0926	0.0324	0.0650
81	0.1169	0.0932	0.0326	0.0655
82	0.1158	0.0934	0.0328	0.0657
83	0.1133	0.0935	0.0328	0.0658
84	0.1122	0.0937	0.0329	0.0662
85	0.1113	0.0940	0.0330	0.0664
86	0.1108	0.0946	0.0332	0.0667
87	0.1095	0.0950	0.0333	0.0670
88	0.1087	0.0956	0.0335	0.0673
89	0.1060	0.0962	0.0336	0.0676
90	0.1059	0.0963	0.0337	0.0678
91	0.1038	0.0969	0.0338	0.0682
92	0.1061	0.0973	0.0340	0.0685
93	0.0995	0.0972	0.0340	0.0686
94	0.1014	0.0974	0.0340	0.0688
95	0.0984	0.0975	0.0340	0.0690
96	0.0988	0.0980	0.0341	0.0693
97	0.0958	0.0983	0.0342	0.0694
98	0.0970	0.0986	0.0343	0.0697
99	0.0946	0.0984	0.0343	0.0698
100	0.0916	0.0989	0.0346	0.0702
101	0.0918	0.0989	0.0346	0.0702
102	0.0927	0.0990	0.0346	0.0704
103	0.0931	0.0993	0.0347	0.0705
104	0.0895	0.0997	0.0348	0.0708
105	0.0868	0.0998	0.0348	0.0709
106	0.0874	0.1002	0.0349	0.0711
107	0.0832	0.1007	0.0351	0.0713
108	0.0856	0.1009	0.0352	0.0715
109	0.0851	0.1011	0.0352	0.0717
110	0.0856	0.1017	0.0354	0.0720
111	0.0857	0.1020	0.0354	0.0723
112	0.0809	0.1020	0.0354	0.0725
113	0.0820	0.1025	0.0355	0.0727
114	0.0815	0.1030	0.0357	0.0731
115	0.0800	0.1034	0.0358	0.0733
116	0.0804	0.1038	0.0359	0.0737
117	0.0791	0.1040	0.0359	0.0739
118	0.0790	0.1038	0.0359	0.0739
119	0.0770	0.1041	0.0359	0.0741
120	0.0758	0.1042	0.0360	0.0742
121	0.0752	0.1044	0.0360	0.0743
122	0.0753	0.1048	0.0361	0.0746
123	0.0728	0.1051	0.0361	0.0749
124	0.0745	0.1056	0.0362	0.0751
125	0.0720	0.1051	0.0361	0.0751
126	0.0728	0.1052	0.0362	0.0752
127	0.0727	0.1054	0.0362	0.0754
128	0.0713	0.1055	0.0363	0.0755
129	0.0700	0.1058	0.0364	0.0756
130	0.0697	0.1063	0.0364	0.0759
131	0.0728	0.1065	0.0365	0.0760
132	0.0690	0.1068	0.0365	0.0761
133	0.0685	0.1070	0.0366	0.0763
134	0.0661	0.1069	0.0367	0.0763
135	0.0681	0.1071	0.0367	0.0765
136	0.0647	0.1073	0.0367	0.0766
137	0.0651	0.1075	0.0368	0.0768
138	0.0655	0.1082	0.0370	0.0771
139	0.0641	0.1092	0.0370	0.0773
140	0.0630	0.1091	0.0370	0.0774
141	0.0623	0.1089	0.0370	0.0775
142	0.0637	0.1094	0.0371	0.0777
143	0.0604	0.1094	0.0372	0.0778
144	0.0620	0.1093	0.0371	0.0778
145	0.0641	0.1096	0.0371	0.0780
146	0.0607	0.1098	0.0372	0.0781
147	0.0610	0.1102	0.0372	0.0782
148	0.0581	0.1100	0.0372	0.0783
149	0.0594	0.1104	0.0373	0.0785
150	0.0583	0.1103	0.0373	0.0784
