{"n_layers": 0, "device": "cuda", "batch_size": 2048, "embedding_dim": 64, "learning_rate": 0.001, "dataset": "dbbook", "epochs": 150, "top_k": 10, "multimodal": true, "datasets": {"dbbook": ["images", "text"], "ml1m": ["audio", "images", "text", "video"]}}
Epoch	Loss	Recall	Precision	NDCG
1	0.6931	0.0031	0.0020	0.0025
2	0.6918	0.0048	0.0030	0.0040
3	0.6906	0.0086	0.0054	0.0079
4	0.6891	0.0145	0.0095	0.0142
5	0.6871	0.0227	0.0152	0.0228
6	0.6844	0.0313	0.0212	0.0313
7	0.6808	0.0398	0.0269	0.0390
8	0.6761	0.0446	0.0304	0.0442
9	0.6699	0.0490	0.0333	0.0483
10	0.6622	0.0509	0.0349	0.0504
11	0.6526	0.0535	0.0365	0.0526
12	0.6410	0.0544	0.0371	0.0536
13	0.6274	0.0553	0.0378	0.0549
14	0.6120	0.0555	0.0378	0.0554
15	0.5947	0.0562	0.0383	0.0560
16	0.5759	0.0564	0.0386	0.0561
17	0.5561	0.0578	0.0393	0.0570
18	0.5357	0.0582	0.0394	0.0572
19	0.5148	0.0578	0.0394	0.0572
20	0.4935	0.0579	0.0395	0.0573
21	0.4733	0.0581	0.0396	0.0576
22	0.4528	0.0583	0.0397	0.0575
23	0.4349	0.0582	0.0395	0.0576
24	0.4165	0.0580	0.0396	0.0577
25	0.4004	0.0582	0.0399	0.0579
26	0.3844	0.0582	0.0399	0.0581
27	0.3680	0.0584	0.0399	0.0580
28	0.3543	0.0580	0.0398	0.0581
29	0.3418	0.0583	0.0398	0.0582
30	0.3296	0.0585	0.0400	0.0584
31	0.3185	0.0586	0.0402	0.0587
32	0.3077	0.0590	0.0403	0.0589
33	0.2976	0.0593	0.0404	0.0590
34	0.2875	0.0593	0.0405	0.0591
35	0.2780	0.0595	0.0407	0.0593
36	0.2708	0.0598	0.0408	0.0596
37	0.2624	0.0597	0.0409	0.0597
38	0.2528	0.0600	0.0410	0.0599
39	0.2459	0.0599	0.0410	0.0600
40	0.2390	0.0600	0.0410	0.0602
41	0.2347	0.0604	0.0412	0.0602
42	0.2269	0.0603	0.0411	0.0601
43	0.2205	0.0607	0.0413	0.0604
44	0.2143	0.0610	0.0416	0.0607
45	0.2082	0.0612	0.0417	0.0609
46	0.2036	0.0619	0.0419	0.0612
47	0.1988	0.0622	0.0421	0.0617
48	0.1934	0.0622	0.0422	0.0617
49	0.1886	0.0622	0.0424	0.0617
50	0.1844	0.0620	0.0422	0.0617
51	0.1800	0.0626	0.0424	0.0618
52	0.1760	0.0625	0.0424	0.0617
53	0.1710	0.0623	0.0423	0.0616
54	0.1688	0.0625	0.0424	0.0618
55	0.1641	0.0624	0.0424	0.0617
56	0.1596	0.0625	0.0426	0.0619
57	0.1548	0.0631	0.0428	0.0621
58	0.1516	0.0629	0.0428	0.0620
59	0.1511	0.0630	0.0427	0.0622
60	0.1468	0.0633	0.0428	0.0624
61	0.1440	0.0639	0.0432	0.0630
62	0.1405	0.0644	0.0434	0.0634
63	0.1378	0.0645	0.0434	0.0635
64	0.1347	0.0647	0.0436	0.0636
65	0.1309	0.0650	0.0437	0.0640
66	0.1278	0.0652	0.0439	0.0642
67	0.1238	0.0653	0.0440	0.0645
68	0.1225	0.0652	0.0441	0.0643
69	0.1197	0.0655	0.0441	0.0644
70	0.1188	0.0653	0.0441	0.0647
71	0.1155	0.0655	0.0442	0.0649
72	0.1147	0.0659	0.0444	0.0651
73	0.1088	0.0659	0.0444	0.0653
74	0.1086	0.0661	0.0446	0.0656
75	0.1066	0.0665	0.0448	0.0657
76	0.1037	0.0668	0.0450	0.0659
77	0.1038	0.0671	0.0451	0.0661
78	0.1008	0.0669	0.0451	0.0662
79	0.0970	0.0673	0.0453	0.0664
80	0.0960	0.0673	0.0453	0.0665
81	0.0938	0.0678	0.0455	0.0670
82	0.0927	0.0676	0.0455	0.0668
83	0.0914	0.0676	0.0456	0.0668
84	0.0893	0.0675	0.0456	0.0667
85	0.0881	0.0681	0.0459	0.0671
86	0.0871	0.0679	0.0458	0.0670
87	0.0843	0.0680	0.0459	0.0670
88	0.0828	0.0681	0.0459	0.0670
89	0.0816	0.0682	0.0459	0.0671
90	0.0803	0.0685	0.0462	0.0673
91	0.0793	0.0685	0.0462	0.0676
92	0.0774	0.0685	0.0462	0.0677
93	0.0763	0.0686	0.0463	0.0676
94	0.0766	0.0687	0.0463	0.0676
95	0.0727	0.0689	0.0464	0.0677
96	0.0710	0.0692	0.0466	0.0679
97	0.0707	0.0693	0.0467	0.0679
98	0.0686	0.0697	0.0467	0.0680
99	0.0697	0.0697	0.0468	0.0680
100	0.0673	0.0702	0.0470	0.0685
101	0.0661	0.0699	0.0470	0.0685
102	0.0646	0.0704	0.0472	0.0686
103	0.0637	0.0702	0.0472	0.0685
104	0.0638	0.0705	0.0472	0.0688
105	0.0633	0.0703	0.0470	0.0685
106	0.0626	0.0707	0.0473	0.0689
107	0.0621	0.0712	0.0475	0.0691
108	0.0605	0.0712	0.0475	0.0692
109	0.0596	0.0714	0.0476	0.0693
110	0.0584	0.0714	0.0475	0.0692
111	0.0571	0.0712	0.0476	0.0693
112	0.0548	0.0714	0.0477	0.0693
113	0.0556	0.0715	0.0478	0.0694
114	0.0541	0.0715	0.0477	0.0694
115	0.0533	0.0715	0.0478	0.0694
116	0.0541	0.0718	0.0479	0.0696
117	0.0524	0.0719	0.0481	0.0699
118	0.0513	0.0719	0.0481	0.0701
119	0.0514	0.0720	0.0482	0.0702
120	0.0497	0.0718	0.0480	0.0701
121	0.0504	0.0719	0.0481	0.0700
122	0.0486	0.0719	0.0480	0.0699
123	0.0484	0.0723	0.0482	0.0703
124	0.0479	0.0719	0.0481	0.0701
125	0.0475	0.0721	0.0482	0.0703
126	0.0475	0.0724	0.0483	0.0704
127	0.0465	0.0720	0.0482	0.0704
128	0.0451	0.0720	0.0482	0.0704
129	0.0457	0.0723	0.0483	0.0705
130	0.0447	0.0726	0.0486	0.0706
131	0.0426	0.0727	0.0487	0.0708
132	0.0436	0.0725	0.0485	0.0706
133	0.0424	0.0726	0.0486	0.0708
134	0.0420	0.0728	0.0487	0.0709
135	0.0425	0.0726	0.0486	0.0708
136	0.0404	0.0729	0.0488	0.0709
137	0.0405	0.0726	0.0487	0.0709
138	0.0404	0.0730	0.0487	0.0711
139	0.0385	0.0730	0.0487	0.0710
140	0.0387	0.0730	0.0487	0.0712
141	0.0386	0.0730	0.0486	0.0711
142	0.0383	0.0729	0.0487	0.0712
143	0.0393	0.0729	0.0487	0.0712
144	0.0375	0.0731	0.0488	0.0713
145	0.0365	0.0734	0.0487	0.0714
146	0.0372	0.0735	0.0488	0.0715
147	0.0370	0.0734	0.0488	0.0715
148	0.0350	0.0739	0.0491	0.0718
149	0.0352	0.0737	0.0489	0.0716
150	0.0349	0.0738	0.0489	0.0717
