{"n_layers": 2, "device": "cuda", "batch_size": 2048, "embedding_dim": 2048, "learning_rate": 0.001, "dataset": "dbbook", "epochs": 150, "model": "ef-mmlgcn", "fusion": "max", "top_k": [5, 10, 20, 50], "seed": 19, "multimodal": false}
Epoch	Loss	Precision@5	Recall@5	NDCG@5	Precision@10	Recall@10	NDCG@10	Precision@20	Recall@20	NDCG@20	Precision@50	Recall@50	NDCG@50
1	0.6797	0.0329	0.0253	0.0331	0.0315	0.046	0.0395	0.029	0.0826	0.0554	0.0225	0.1588	0.0834
2	0.6056	0.0295	0.0209	0.0283	0.0248	0.0348	0.0309	0.0256	0.071	0.0468	0.0196	0.1346	0.0704
3	0.4364	0.0273	0.0193	0.0266	0.0236	0.0325	0.0293	0.0243	0.0665	0.0443	0.0188	0.1289	0.0674
4	0.3049	0.031	0.0217	0.0304	0.0252	0.0348	0.0321	0.025	0.0684	0.0468	0.0194	0.1326	0.0705
5	0.2372	0.0351	0.025	0.0344	0.0287	0.0398	0.0363	0.0263	0.0733	0.0507	0.0202	0.1393	0.0753
6	0.1945	0.0362	0.0267	0.0362	0.032	0.0461	0.0406	0.028	0.0791	0.0548	0.0217	0.1505	0.0814
7	0.1581	0.0392	0.0293	0.0395	0.0347	0.0506	0.0444	0.0299	0.0847	0.0592	0.023	0.1613	0.0876
8	0.1310	0.042	0.0316	0.0431	0.037	0.0538	0.0481	0.0316	0.0903	0.0637	0.0246	0.1737	0.0945
9	0.1101	0.0438	0.0327	0.0458	0.0391	0.0572	0.0515	0.0333	0.0968	0.0681	0.0258	0.184	0.1003
10	0.0943	0.0459	0.0345	0.0486	0.0412	0.061	0.0548	0.0348	0.1011	0.0717	0.0266	0.1914	0.1049
11	0.0803	0.0481	0.0365	0.0514	0.0426	0.063	0.0574	0.0362	0.1065	0.0756	0.0272	0.1973	0.1088
12	0.0711	0.0498	0.0382	0.0535	0.0433	0.0645	0.0591	0.0369	0.1093	0.0778	0.0276	0.2008	0.1113
13	0.0611	0.0511	0.0393	0.0551	0.0441	0.066	0.0605	0.0373	0.1104	0.0792	0.0279	0.2035	0.1133
14	0.0551	0.0531	0.041	0.0574	0.0454	0.0682	0.0626	0.038	0.1124	0.0812	0.0283	0.2064	0.1156
15	0.0490	0.0545	0.0426	0.0595	0.0461	0.0691	0.0642	0.0386	0.1148	0.0833	0.0285	0.2094	0.1177
16	0.0446	0.0542	0.0423	0.0595	0.0466	0.0703	0.065	0.039	0.1162	0.0842	0.0288	0.2113	0.1188
17	0.0419	0.0548	0.0428	0.0604	0.0475	0.0722	0.0665	0.0392	0.1173	0.0852	0.029	0.2135	0.1202
18	0.0374	0.0561	0.044	0.0625	0.0487	0.0738	0.0685	0.0398	0.1191	0.0872	0.0292	0.2158	0.1223
19	0.0337	0.0568	0.0448	0.0635	0.0493	0.0748	0.0696	0.0403	0.1208	0.0885	0.0293	0.2173	0.1235
20	0.0314	0.0579	0.0454	0.0646	0.05	0.0763	0.0707	0.0406	0.1221	0.0896	0.0294	0.2183	0.1245
21	0.0299	0.0589	0.0466	0.0658	0.0503	0.0768	0.0714	0.0407	0.1229	0.0904	0.0295	0.2198	0.1256
22	0.0283	0.0594	0.0468	0.0665	0.0509	0.078	0.0723	0.041	0.1245	0.0913	0.0296	0.2209	0.1264
23	0.0268	0.0595	0.0469	0.067	0.0509	0.078	0.0727	0.0411	0.1249	0.0919	0.0296	0.2214	0.1269
24	0.0262	0.0597	0.0469	0.0671	0.0506	0.0777	0.0726	0.0411	0.1245	0.0919	0.0296	0.2217	0.127
25	0.0222	0.06	0.0472	0.0673	0.051	0.0791	0.0731	0.0412	0.1251	0.0921	0.0295	0.2223	0.127
26	0.0220	0.0603	0.0475	0.0678	0.0509	0.0786	0.0733	0.0412	0.1254	0.0925	0.0295	0.2223	0.1274
27	0.0214	0.0609	0.0481	0.0689	0.051	0.0788	0.0739	0.0415	0.1266	0.0935	0.0296	0.2239	0.1284
28	0.0210	0.0621	0.0488	0.0703	0.0513	0.0792	0.0748	0.0415	0.1264	0.0941	0.0296	0.2234	0.1289
29	0.0185	0.0621	0.0491	0.0708	0.0517	0.0795	0.0755	0.0416	0.1265	0.0946	0.0296	0.2237	0.1295
30	0.0197	0.0622	0.0491	0.0711	0.0519	0.0796	0.0758	0.0417	0.1269	0.0951	0.0295	0.2232	0.1296
31	0.0179	0.0622	0.0491	0.0712	0.052	0.0805	0.0761	0.0418	0.1274	0.0953	0.0294	0.2225	0.1295
32	0.0169	0.0627	0.0495	0.0714	0.0524	0.0809	0.0765	0.042	0.1284	0.0958	0.0293	0.2224	0.1296
33	0.0157	0.0623	0.0491	0.071	0.052	0.0804	0.0759	0.0417	0.1275	0.0952	0.0293	0.2217	0.1291
34	0.0151	0.0622	0.0488	0.071	0.0521	0.0806	0.0761	0.0417	0.1274	0.0952	0.0292	0.2219	0.1291
35	0.0149	0.0624	0.0494	0.0715	0.0521	0.0804	0.0762	0.0417	0.1273	0.0954	0.0292	0.2228	0.1294
36	0.0145	0.0625	0.0498	0.0714	0.0525	0.0808	0.0763	0.0416	0.1276	0.0952	0.0293	0.2232	0.1293
37	0.0138	0.0628	0.0499	0.0719	0.0525	0.0808	0.0766	0.0418	0.1285	0.0959	0.0292	0.2228	0.1295
38	0.0137	0.0632	0.05	0.0726	0.0527	0.0813	0.0774	0.0418	0.1281	0.0963	0.0292	0.2223	0.1301
39	0.0133	0.0635	0.0508	0.0728	0.0531	0.0818	0.0776	0.0417	0.128	0.0963	0.0291	0.2224	0.13
40	0.0136	0.0636	0.0507	0.0728	0.0532	0.0823	0.0777	0.0416	0.1283	0.0962	0.029	0.2213	0.1296
41	0.0132	0.0641	0.051	0.0734	0.0531	0.0824	0.0779	0.0416	0.1284	0.0965	0.0289	0.2203	0.1295
42	0.0121	0.0637	0.0508	0.0729	0.0531	0.0824	0.0777	0.0414	0.128	0.096	0.0288	0.2202	0.129
43	0.0122	0.0631	0.0503	0.0724	0.053	0.0818	0.0774	0.0414	0.128	0.0959	0.0288	0.2201	0.1289
44	0.0122	0.0633	0.0504	0.0724	0.053	0.0821	0.0775	0.0417	0.1288	0.0963	0.0287	0.2193	0.1286
45	0.0126	0.0639	0.0514	0.0734	0.0529	0.0822	0.0779	0.0417	0.1291	0.0969	0.0286	0.2192	0.129
46	0.0112	0.0639	0.0516	0.0732	0.0532	0.083	0.078	0.0418	0.129	0.0966	0.0285	0.2186	0.1286
47	0.0115	0.0633	0.0508	0.0726	0.0532	0.0829	0.0778	0.0416	0.1287	0.0963	0.0284	0.2181	0.1282
48	0.0121	0.0629	0.0508	0.0725	0.0532	0.0829	0.0779	0.0418	0.1296	0.0967	0.0284	0.2176	0.1281
49	0.0111	0.0627	0.0506	0.0726	0.0529	0.0828	0.0779	0.0418	0.1297	0.0968	0.0284	0.2185	0.1285
50	0.0110	0.0635	0.0514	0.0738	0.0533	0.0837	0.0789	0.0418	0.1296	0.0974	0.0284	0.2186	0.129
51	0.0104	0.0639	0.0516	0.0741	0.0534	0.0839	0.0792	0.0418	0.1296	0.0976	0.0284	0.2185	0.1293
52	0.0104	0.0638	0.0514	0.074	0.0532	0.0833	0.0789	0.0418	0.1299	0.0976	0.0283	0.2181	0.129
53	0.0105	0.0644	0.0521	0.0745	0.0533	0.0838	0.0792	0.0417	0.1298	0.0977	0.0284	0.2186	0.1293
54	0.0106	0.0648	0.0525	0.0752	0.0534	0.0841	0.0796	0.0415	0.1297	0.0979	0.0283	0.2185	0.1295
55	0.0101	0.0648	0.052	0.0757	0.0538	0.0844	0.0802	0.0416	0.1301	0.0984	0.0283	0.2184	0.1298
56	0.0101	0.0653	0.0527	0.076	0.0538	0.0845	0.0804	0.0415	0.1296	0.0984	0.0281	0.2175	0.1296
57	0.0102	0.0652	0.0525	0.0759	0.0536	0.0844	0.0802	0.0416	0.13	0.0985	0.028	0.2166	0.1293
58	0.0100	0.065	0.0524	0.0758	0.0537	0.0848	0.0804	0.0413	0.1293	0.0982	0.028	0.2166	0.1292
59	0.0098	0.0654	0.0529	0.0762	0.0539	0.0847	0.0805	0.0415	0.1298	0.0984	0.0279	0.216	0.1291
60	0.0097	0.0654	0.053	0.0762	0.0537	0.0849	0.0805	0.0415	0.1299	0.0985	0.0278	0.2151	0.1289
61	0.0103	0.0652	0.0528	0.076	0.0541	0.0849	0.0806	0.0414	0.1296	0.0983	0.0279	0.2153	0.1289
62	0.0088	0.0656	0.0531	0.0762	0.054	0.085	0.0806	0.0415	0.1301	0.0985	0.0279	0.2159	0.1291
63	0.0097	0.0655	0.0531	0.076	0.0539	0.0849	0.0805	0.0415	0.1303	0.0985	0.0279	0.2157	0.129
64	0.0092	0.0659	0.0538	0.0766	0.0541	0.0854	0.081	0.0417	0.1311	0.0991	0.0279	0.2157	0.1294
65	0.0093	0.0658	0.0532	0.0765	0.0541	0.0861	0.0812	0.0416	0.1304	0.099	0.0279	0.2157	0.1294
66	0.0091	0.0647	0.0523	0.0756	0.0542	0.0861	0.0811	0.0416	0.1305	0.0988	0.0279	0.2155	0.1291
67	0.0088	0.0648	0.0525	0.0756	0.054	0.0857	0.0807	0.0415	0.13	0.0985	0.0278	0.2158	0.1289
68	0.0093	0.0651	0.0526	0.0763	0.0541	0.086	0.0814	0.0415	0.1301	0.099	0.0277	0.2154	0.1292
69	0.0092	0.0658	0.0531	0.0768	0.0541	0.0859	0.0815	0.0415	0.1302	0.0992	0.0276	0.2146	0.1291
70	0.0082	0.0653	0.0527	0.0761	0.0538	0.0853	0.0808	0.0414	0.1299	0.0986	0.0277	0.2149	0.1287
71	0.0086	0.0656	0.053	0.0763	0.0538	0.0852	0.0807	0.0414	0.1298	0.0985	0.0276	0.214	0.1284
72	0.0087	0.0658	0.053	0.0764	0.0536	0.085	0.0807	0.0414	0.1298	0.0986	0.0275	0.2138	0.1284
73	0.0089	0.0662	0.0536	0.0769	0.0544	0.0859	0.0814	0.0415	0.1306	0.0991	0.0276	0.2147	0.1289
74	0.0092	0.0663	0.0539	0.0774	0.0546	0.0866	0.082	0.0414	0.1305	0.0994	0.0275	0.214	0.129
75	0.0090	0.0668	0.0543	0.0779	0.0546	0.0868	0.0822	0.0415	0.1305	0.0996	0.0275	0.2141	0.1292
76	0.0087	0.0665	0.0538	0.0775	0.0544	0.0863	0.0819	0.0414	0.1304	0.0993	0.0274	0.2141	0.129
77	0.0086	0.0662	0.0535	0.0769	0.0544	0.0865	0.0816	0.0414	0.1305	0.099	0.0274	0.2137	0.1285
78	0.0088	0.0658	0.0534	0.0766	0.0542	0.0865	0.0813	0.0411	0.13	0.0986	0.0274	0.2131	0.1281
79	0.0085	0.0654	0.0533	0.0766	0.0537	0.0857	0.0811	0.0407	0.1291	0.0982	0.0273	0.213	0.128
80	0.0085	0.0651	0.0528	0.0763	0.0536	0.0854	0.0809	0.0407	0.1284	0.0979	0.0273	0.2128	0.1278
81	0.0081	0.0654	0.0531	0.0765	0.0534	0.085	0.0807	0.0408	0.1291	0.0982	0.0273	0.2132	0.128
82	0.0077	0.065	0.0528	0.076	0.0533	0.0849	0.0804	0.0408	0.1288	0.0979	0.0272	0.2125	0.1275
83	0.0079	0.0648	0.0529	0.0761	0.0533	0.085	0.0806	0.0408	0.1289	0.098	0.0272	0.2122	0.1275
84	0.0084	0.0647	0.0529	0.0761	0.053	0.0848	0.0804	0.0408	0.1286	0.0979	0.0272	0.2116	0.1274
85	0.0087	0.0651	0.0533	0.0764	0.0533	0.0853	0.0807	0.0407	0.1289	0.098	0.0271	0.2111	0.1273
86	0.0085	0.0651	0.0534	0.0766	0.0532	0.085	0.0807	0.0407	0.1288	0.0981	0.027	0.2107	0.1272
87	0.0079	0.0653	0.0534	0.0766	0.0528	0.0843	0.0802	0.0407	0.1284	0.0978	0.027	0.2105	0.127
88	0.0084	0.065	0.0528	0.0763	0.0526	0.0841	0.0801	0.0408	0.1283	0.0979	0.027	0.2106	0.127
89	0.0082	0.0648	0.0528	0.0761	0.0527	0.0846	0.0801	0.0408	0.1284	0.0978	0.0268	0.2094	0.1265
90	0.0080	0.0644	0.0521	0.076	0.0526	0.0843	0.0802	0.0409	0.1286	0.098	0.0269	0.2099	0.1268
91	0.0083	0.0639	0.0518	0.0755	0.053	0.0848	0.0804	0.041	0.1286	0.098	0.027	0.21	0.1268
92	0.0078	0.0635	0.0516	0.075	0.0532	0.0855	0.0805	0.0409	0.1289	0.0978	0.0269	0.2102	0.1267
93	0.0078	0.0639	0.0519	0.0753	0.0533	0.0855	0.0806	0.0408	0.1289	0.0979	0.027	0.2109	0.1269
94	0.0084	0.0642	0.0525	0.0755	0.0529	0.0851	0.0802	0.0405	0.1279	0.0973	0.0269	0.2095	0.1263
95	0.0078	0.0646	0.0525	0.076	0.0531	0.0852	0.0806	0.0407	0.1281	0.0977	0.0269	0.2095	0.1266
96	0.0076	0.0651	0.0529	0.0764	0.0532	0.085	0.0805	0.0407	0.1286	0.0978	0.0268	0.2096	0.1265
97	0.0077	0.0649	0.0526	0.0762	0.0528	0.085	0.0804	0.0404	0.1278	0.0974	0.0268	0.2103	0.1266
98	0.0089	0.0649	0.0523	0.0762	0.0529	0.0855	0.0805	0.0405	0.1282	0.0975	0.0268	0.2099	0.1265
99	0.0079	0.0651	0.0525	0.0764	0.0529	0.0858	0.0807	0.0402	0.1269	0.0972	0.0268	0.2104	0.1267
100	0.0080	0.0647	0.0523	0.0763	0.0527	0.0853	0.0804	0.0403	0.1273	0.0973	0.0268	0.2096	0.1263
101	0.0079	0.064	0.0517	0.0757	0.0526	0.0852	0.0803	0.0402	0.1269	0.0971	0.0267	0.2094	0.1262
102	0.0079	0.0643	0.0519	0.0756	0.0523	0.0846	0.0798	0.04	0.1263	0.0965	0.0266	0.2083	0.1255
103	0.0076	0.0646	0.0521	0.0759	0.0522	0.0845	0.0799	0.04	0.1266	0.0967	0.0266	0.2086	0.1258
104	0.0080	0.0646	0.0521	0.0757	0.0523	0.0847	0.0798	0.04	0.1264	0.0965	0.0266	0.208	0.1255
105	0.0077	0.0646	0.0523	0.0758	0.0525	0.0848	0.08	0.0399	0.1255	0.0963	0.0266	0.2077	0.1254
106	0.0071	0.0643	0.0524	0.0757	0.0524	0.085	0.08	0.0399	0.1255	0.0964	0.0266	0.2081	0.1255
107	0.0077	0.0651	0.0527	0.0764	0.0525	0.0849	0.0802	0.0401	0.1267	0.0969	0.0266	0.208	0.1257
108	0.0076	0.0651	0.053	0.0771	0.0529	0.0856	0.0811	0.0401	0.1263	0.0974	0.0266	0.2086	0.1264
109	0.0075	0.0655	0.053	0.0771	0.0531	0.0857	0.0811	0.0402	0.1268	0.0975	0.0266	0.2089	0.1265
110	0.0077	0.065	0.0524	0.0765	0.0529	0.0855	0.0807	0.0401	0.1265	0.0972	0.0267	0.2092	0.1263
111	0.0076	0.0653	0.0526	0.0767	0.0527	0.0851	0.0805	0.0398	0.1258	0.0968	0.0266	0.2087	0.126
112	0.0077	0.0652	0.0526	0.0768	0.0528	0.0853	0.0807	0.0399	0.1258	0.0969	0.0266	0.2085	0.126
113	0.0081	0.0656	0.0527	0.0773	0.0529	0.0852	0.081	0.0399	0.1259	0.0971	0.0265	0.2086	0.1262
114	0.0073	0.0663	0.0535	0.0778	0.0527	0.0845	0.0807	0.0399	0.1261	0.0971	0.0265	0.2076	0.126
115	0.0082	0.0662	0.0533	0.0776	0.0527	0.0847	0.0807	0.0399	0.1265	0.0972	0.0265	0.2081	0.1261
116	0.0078	0.0666	0.0536	0.0778	0.0529	0.0851	0.0809	0.0399	0.1262	0.0972	0.0265	0.2075	0.1259
117	0.0075	0.0661	0.0535	0.0779	0.0529	0.0847	0.0811	0.0401	0.1264	0.0976	0.0264	0.2074	0.1261
118	0.0072	0.0659	0.053	0.0779	0.0532	0.0851	0.0814	0.0401	0.1266	0.0978	0.0264	0.2069	0.1261
119	0.0072	0.0657	0.053	0.0771	0.0531	0.0851	0.0809	0.0399	0.1262	0.0971	0.0264	0.2071	0.1257
120	0.0072	0.0658	0.0532	0.0772	0.0527	0.0846	0.0806	0.0399	0.1259	0.097	0.0265	0.2072	0.1258
121	0.0079	0.0646	0.0526	0.076	0.0521	0.0837	0.0796	0.0397	0.125	0.0961	0.0265	0.2068	0.1251
122	0.0077	0.0646	0.0528	0.0759	0.0521	0.084	0.0796	0.0397	0.1252	0.0961	0.0264	0.2057	0.1248
123	0.0073	0.0644	0.0527	0.0755	0.0522	0.0838	0.0794	0.0396	0.1249	0.0957	0.0264	0.2057	0.1245
124	0.0074	0.0646	0.0529	0.0758	0.0523	0.0841	0.0796	0.0395	0.1243	0.0957	0.0264	0.2061	0.1246
125	0.0074	0.0651	0.0533	0.0762	0.0522	0.084	0.0797	0.0396	0.1246	0.0959	0.0264	0.2059	0.1247
126	0.0076	0.0653	0.0535	0.0761	0.0519	0.0837	0.0793	0.0396	0.1248	0.0958	0.0263	0.2054	0.1244
127	0.0074	0.0648	0.053	0.076	0.0519	0.0834	0.0794	0.0397	0.1254	0.0961	0.0263	0.2058	0.1246
128	0.0078	0.0649	0.0528	0.0758	0.052	0.0834	0.0793	0.0397	0.1257	0.0961	0.0263	0.2064	0.1247
129	0.0078	0.0657	0.0535	0.0765	0.0523	0.0836	0.0796	0.0398	0.1259	0.0964	0.0263	0.2065	0.1248
130	0.0075	0.0655	0.0531	0.0763	0.0523	0.0838	0.0797	0.0399	0.1261	0.0965	0.0264	0.2066	0.125
131	0.0073	0.0648	0.0528	0.076	0.0525	0.0842	0.0799	0.0398	0.1263	0.0966	0.0263	0.2064	0.125
132	0.0075	0.0652	0.0531	0.0761	0.0524	0.0847	0.0799	0.0399	0.1265	0.0966	0.0263	0.2066	0.1249
133	0.0073	0.065	0.0527	0.076	0.0521	0.0838	0.0796	0.0398	0.1261	0.0965	0.0262	0.2061	0.1247
134	0.0072	0.0655	0.0534	0.0764	0.0521	0.084	0.0797	0.0398	0.1259	0.0964	0.0262	0.2066	0.1247
135	0.0071	0.0658	0.0536	0.0765	0.0523	0.0844	0.0797	0.0398	0.1256	0.0962	0.0262	0.206	0.1245
136	0.0078	0.0658	0.0536	0.0764	0.0523	0.0842	0.0796	0.0397	0.1255	0.0961	0.0263	0.2064	0.1246
137	0.0075	0.066	0.054	0.0764	0.0521	0.0839	0.0792	0.0397	0.1258	0.0959	0.0263	0.2068	0.1244
138	0.0076	0.0651	0.0531	0.0757	0.052	0.0835	0.079	0.0398	0.1264	0.0959	0.0263	0.2065	0.1242
139	0.0080	0.0648	0.0526	0.0753	0.0518	0.083	0.0786	0.0397	0.1255	0.0955	0.0263	0.2064	0.124
140	0.0070	0.065	0.0524	0.0752	0.0516	0.0826	0.0783	0.0396	0.1251	0.0952	0.0263	0.2065	0.1239
141	0.0071	0.0652	0.0528	0.0753	0.0515	0.0824	0.0782	0.0396	0.1254	0.0953	0.0262	0.206	0.1238
142	0.0072	0.0648	0.0525	0.0749	0.0514	0.0823	0.0779	0.0395	0.1249	0.0949	0.0262	0.2053	0.1234
143	0.0071	0.0644	0.0528	0.0748	0.0514	0.0826	0.078	0.0394	0.1245	0.0948	0.0262	0.2051	0.1234
144	0.0072	0.0648	0.053	0.0752	0.0513	0.0828	0.0782	0.0394	0.1251	0.0951	0.0262	0.2054	0.1236
145	0.0075	0.0652	0.0529	0.0755	0.0513	0.0822	0.0782	0.0392	0.1245	0.095	0.0263	0.2058	0.1238
146	0.0080	0.0653	0.0526	0.0758	0.0514	0.0833	0.0787	0.0392	0.1242	0.0951	0.0262	0.2055	0.1239
147	0.0072	0.0651	0.0526	0.0758	0.0515	0.0832	0.0788	0.0392	0.1246	0.0952	0.0261	0.2046	0.1236
148	0.0067	0.0658	0.0536	0.0763	0.0514	0.0829	0.0787	0.0392	0.1243	0.0952	0.026	0.2043	0.1236
149	0.0074	0.0654	0.0533	0.0762	0.0514	0.0832	0.0789	0.0392	0.1247	0.0954	0.0261	0.2049	0.1239
150	0.0074	0.0655	0.0535	0.076	0.0515	0.0836	0.0789	0.0391	0.1242	0.0951	0.0261	0.2049	0.1237
