{"n_layers": 0, "device": "cuda", "batch_size": 2048, "embedding_dim": 1024, "learning_rate": 0.001, "dataset": "dbbook", "epochs": 150, "top_k": 50, "model": "ef-mmlgcn", "fusion": "attention", "multimodal": true, "datasets": {"dbbook": ["images", "text"], "ml1m": ["audio", "images", "text", "video"]}}
Epoch	Loss	Recall	Precision	NDCG
1	0.6932	0.0109	0.0015	0.0052
2	0.6855	0.0209	0.0028	0.0116
3	0.6764	0.0609	0.0082	0.0396
4	0.6622	0.1165	0.0157	0.0746
5	0.6391	0.1511	0.0207	0.0953
6	0.6041	0.1711	0.0235	0.1059
7	0.5552	0.1796	0.0249	0.1113
8	0.4952	0.1842	0.0255	0.1139
9	0.4308	0.1851	0.0256	0.1152
10	0.3688	0.1869	0.0259	0.1166
11	0.3133	0.1886	0.0262	0.1178
12	0.2670	0.1894	0.0263	0.1190
13	0.2303	0.1915	0.0266	0.1206
14	0.1975	0.1939	0.0268	0.1222
15	0.1728	0.1953	0.0270	0.1231
16	0.1499	0.1970	0.0272	0.1240
17	0.1328	0.1991	0.0274	0.1253
18	0.1168	0.2003	0.0275	0.1259
19	0.1048	0.2022	0.0277	0.1272
20	0.0935	0.2047	0.0280	0.1288
21	0.0825	0.2059	0.0282	0.1296
22	0.0756	0.2062	0.0281	0.1304
23	0.0684	0.2069	0.0282	0.1310
24	0.0624	0.2084	0.0284	0.1319
25	0.0565	0.2088	0.0284	0.1323
26	0.0523	0.2095	0.0285	0.1326
27	0.0480	0.2105	0.0285	0.1333
28	0.0438	0.2113	0.0286	0.1337
29	0.0408	0.2116	0.0286	0.1342
30	0.0383	0.2121	0.0286	0.1341
31	0.0355	0.2121	0.0286	0.1345
32	0.0331	0.2125	0.0286	0.1340
33	0.0315	0.2137	0.0287	0.1341
34	0.0294	0.2135	0.0288	0.1343
35	0.0287	0.2140	0.0287	0.1346
36	0.0265	0.2136	0.0287	0.1350
37	0.0255	0.2145	0.0288	0.1355
38	0.0246	0.2149	0.0288	0.1358
39	0.0230	0.2156	0.0289	0.1362
40	0.0218	0.2154	0.0289	0.1362
41	0.0212	0.2153	0.0288	0.1362
42	0.0204	0.2148	0.0288	0.1361
43	0.0194	0.2152	0.0289	0.1364
44	0.0184	0.2157	0.0289	0.1368
45	0.0186	0.2156	0.0289	0.1366
46	0.0176	0.2165	0.0290	0.1369
47	0.0169	0.2165	0.0289	0.1371
48	0.0166	0.2163	0.0289	0.1373
49	0.0161	0.2173	0.0290	0.1374
50	0.0152	0.2174	0.0290	0.1374
51	0.0151	0.2172	0.0289	0.1373
52	0.0146	0.2172	0.0290	0.1372
53	0.0142	0.2176	0.0290	0.1374
54	0.0137	0.2171	0.0289	0.1373
55	0.0133	0.2162	0.0288	0.1373
56	0.0131	0.2160	0.0288	0.1372
57	0.0131	0.2166	0.0288	0.1375
58	0.0126	0.2164	0.0288	0.1372
59	0.0122	0.2164	0.0288	0.1371
60	0.0120	0.2158	0.0287	0.1366
61	0.0118	0.2165	0.0288	0.1370
62	0.0113	0.2168	0.0288	0.1369
63	0.0110	0.2167	0.0288	0.1369
64	0.0112	0.2166	0.0287	0.1366
65	0.0112	0.2165	0.0287	0.1363
66	0.0111	0.2173	0.0288	0.1363
67	0.0108	0.2172	0.0288	0.1365
68	0.0105	0.2174	0.0288	0.1363
69	0.0104	0.2175	0.0288	0.1362
70	0.0106	0.2173	0.0287	0.1363
71	0.0104	0.2174	0.0288	0.1362
72	0.0103	0.2173	0.0288	0.1360
73	0.0096	0.2175	0.0288	0.1362
74	0.0096	0.2173	0.0288	0.1363
75	0.0097	0.2174	0.0289	0.1363
76	0.0095	0.2176	0.0289	0.1367
77	0.0093	0.2170	0.0288	0.1368
78	0.0094	0.2174	0.0288	0.1371
79	0.0093	0.2160	0.0288	0.1367
80	0.0092	0.2162	0.0288	0.1369
81	0.0091	0.2158	0.0287	0.1368
82	0.0091	0.2161	0.0287	0.1367
83	0.0089	0.2165	0.0287	0.1366
84	0.0092	0.2160	0.0287	0.1367
85	0.0088	0.2159	0.0287	0.1369
86	0.0086	0.2159	0.0287	0.1369
87	0.0086	0.2168	0.0288	0.1371
88	0.0089	0.2169	0.0288	0.1372
89	0.0087	0.2171	0.0288	0.1369
90	0.0087	0.2173	0.0288	0.1369
91	0.0087	0.2182	0.0289	0.1370
92	0.0085	0.2175	0.0288	0.1369
93	0.0084	0.2176	0.0288	0.1374
94	0.0091	0.2182	0.0289	0.1377
95	0.0081	0.2186	0.0290	0.1378
96	0.0081	0.2183	0.0290	0.1376
97	0.0079	0.2181	0.0289	0.1377
98	0.0085	0.2184	0.0289	0.1378
99	0.0082	0.2181	0.0289	0.1374
100	0.0080	0.2177	0.0288	0.1372
101	0.0081	0.2175	0.0288	0.1372
102	0.0079	0.2168	0.0287	0.1370
103	0.0079	0.2164	0.0287	0.1368
104	0.0080	0.2167	0.0287	0.1370
105	0.0078	0.2165	0.0287	0.1373
106	0.0081	0.2167	0.0287	0.1373
107	0.0075	0.2161	0.0287	0.1369
108	0.0079	0.2161	0.0287	0.1369
109	0.0077	0.2159	0.0286	0.1369
110	0.0081	0.2160	0.0287	0.1367
111	0.0077	0.2159	0.0287	0.1366
112	0.0079	0.2160	0.0286	0.1365
113	0.0076	0.2153	0.0286	0.1363
114	0.0077	0.2157	0.0287	0.1365
115	0.0073	0.2156	0.0287	0.1367
116	0.0074	0.2157	0.0287	0.1368
117	0.0074	0.2157	0.0287	0.1366
118	0.0076	0.2159	0.0287	0.1368
119	0.0071	0.2159	0.0287	0.1368
120	0.0073	0.2162	0.0287	0.1369
121	0.0073	0.2166	0.0287	0.1369
122	0.0071	0.2166	0.0287	0.1370
123	0.0076	0.2167	0.0288	0.1368
124	0.0072	0.2165	0.0288	0.1370
125	0.0077	0.2161	0.0287	0.1368
126	0.0073	0.2160	0.0287	0.1367
127	0.0071	0.2162	0.0287	0.1367
128	0.0073	0.2160	0.0287	0.1365
129	0.0070	0.2162	0.0287	0.1363
130	0.0074	0.2157	0.0286	0.1360
131	0.0069	0.2161	0.0287	0.1363
132	0.0070	0.2167	0.0288	0.1364
133	0.0073	0.2168	0.0287	0.1365
134	0.0075	0.2166	0.0287	0.1362
135	0.0072	0.2160	0.0286	0.1360
136	0.0069	0.2154	0.0286	0.1360
137	0.0069	0.2151	0.0285	0.1359
138	0.0076	0.2145	0.0284	0.1357
139	0.0068	0.2145	0.0285	0.1356
140	0.0072	0.2147	0.0285	0.1357
141	0.0070	0.2151	0.0285	0.1360
142	0.0070	0.2151	0.0285	0.1359
143	0.0071	0.2165	0.0286	0.1367
144	0.0068	0.2164	0.0286	0.1369
145	0.0071	0.2163	0.0286	0.1371
146	0.0072	0.2161	0.0286	0.1370
147	0.0071	0.2163	0.0286	0.1371
148	0.0068	0.2165	0.0286	0.1372
149	0.0070	0.2164	0.0286	0.1372
150	0.0073	0.2162	0.0285	0.1368
