{"n_layers": 0, "device": "cuda", "batch_size": 2048, "embedding_dim": 1024, "learning_rate": 0.001, "dataset": "dbbook", "epochs": 150, "top_k": 50, "multimodal": true, "datasets": {"dbbook": ["images", "text"], "ml1m": ["audio", "images", "text", "video"]}}
Epoch	Loss	Recall	Precision	NDCG
1	0.6932	0.0117	0.0015	0.0056
2	0.6854	0.0201	0.0026	0.0111
3	0.6764	0.0585	0.0078	0.0371
4	0.6622	0.1145	0.0156	0.0733
5	0.6394	0.1540	0.0209	0.0965
6	0.6046	0.1732	0.0236	0.1071
7	0.5567	0.1788	0.0246	0.1106
8	0.4974	0.1830	0.0253	0.1128
9	0.4328	0.1833	0.0255	0.1139
10	0.3704	0.1871	0.0260	0.1156
11	0.3154	0.1900	0.0263	0.1175
12	0.2684	0.1915	0.0264	0.1187
13	0.2295	0.1936	0.0266	0.1202
14	0.1981	0.1946	0.0268	0.1215
15	0.1719	0.1962	0.0270	0.1227
16	0.1496	0.1981	0.0272	0.1237
17	0.1318	0.1993	0.0274	0.1247
18	0.1166	0.2006	0.0275	0.1255
19	0.1036	0.2028	0.0277	0.1266
20	0.0927	0.2045	0.0279	0.1279
21	0.0822	0.2059	0.0280	0.1287
22	0.0750	0.2059	0.0280	0.1289
23	0.0678	0.2067	0.0280	0.1291
24	0.0613	0.2070	0.0281	0.1297
25	0.0563	0.2079	0.0281	0.1305
26	0.0515	0.2086	0.0282	0.1310
27	0.0471	0.2093	0.0283	0.1314
28	0.0438	0.2094	0.0283	0.1318
29	0.0414	0.2108	0.0284	0.1322
30	0.0382	0.2106	0.0284	0.1324
31	0.0351	0.2105	0.0283	0.1324
32	0.0328	0.2106	0.0284	0.1327
33	0.0310	0.2112	0.0285	0.1332
34	0.0289	0.2123	0.0286	0.1339
35	0.0280	0.2124	0.0285	0.1342
36	0.0268	0.2123	0.0286	0.1342
37	0.0250	0.2129	0.0286	0.1345
38	0.0238	0.2127	0.0285	0.1345
39	0.0226	0.2134	0.0285	0.1347
40	0.0220	0.2139	0.0286	0.1348
41	0.0205	0.2150	0.0287	0.1350
42	0.0203	0.2150	0.0287	0.1350
43	0.0194	0.2150	0.0287	0.1354
44	0.0185	0.2154	0.0288	0.1357
45	0.0180	0.2148	0.0287	0.1353
46	0.0177	0.2150	0.0287	0.1357
47	0.0172	0.2153	0.0287	0.1360
48	0.0161	0.2158	0.0288	0.1360
49	0.0154	0.2159	0.0288	0.1362
50	0.0151	0.2164	0.0289	0.1366
51	0.0153	0.2163	0.0288	0.1368
52	0.0146	0.2169	0.0288	0.1368
53	0.0143	0.2165	0.0288	0.1368
54	0.0135	0.2162	0.0287	0.1369
55	0.0128	0.2156	0.0287	0.1369
56	0.0131	0.2157	0.0287	0.1370
57	0.0130	0.2162	0.0287	0.1375
58	0.0123	0.2158	0.0286	0.1372
59	0.0118	0.2151	0.0286	0.1373
60	0.0119	0.2154	0.0286	0.1375
61	0.0116	0.2151	0.0286	0.1375
62	0.0121	0.2152	0.0286	0.1373
63	0.0115	0.2157	0.0286	0.1374
64	0.0110	0.2160	0.0286	0.1377
65	0.0110	0.2160	0.0286	0.1376
66	0.0107	0.2161	0.0286	0.1374
67	0.0103	0.2161	0.0286	0.1374
68	0.0109	0.2164	0.0286	0.1374
69	0.0108	0.2162	0.0286	0.1373
70	0.0103	0.2158	0.0286	0.1373
71	0.0102	0.2154	0.0285	0.1371
72	0.0097	0.2166	0.0285	0.1374
73	0.0094	0.2167	0.0285	0.1376
74	0.0095	0.2169	0.0286	0.1377
75	0.0094	0.2169	0.0286	0.1377
76	0.0094	0.2172	0.0287	0.1379
77	0.0090	0.2169	0.0286	0.1381
78	0.0096	0.2177	0.0286	0.1383
79	0.0093	0.2172	0.0286	0.1382
80	0.0088	0.2173	0.0286	0.1382
81	0.0093	0.2170	0.0286	0.1380
82	0.0092	0.2162	0.0286	0.1378
83	0.0090	0.2165	0.0285	0.1376
84	0.0083	0.2164	0.0285	0.1377
85	0.0088	0.2165	0.0285	0.1375
86	0.0088	0.2170	0.0286	0.1378
87	0.0085	0.2164	0.0285	0.1374
88	0.0084	0.2168	0.0285	0.1374
89	0.0087	0.2168	0.0285	0.1372
90	0.0083	0.2161	0.0284	0.1368
91	0.0080	0.2152	0.0283	0.1365
92	0.0083	0.2155	0.0284	0.1368
93	0.0088	0.2157	0.0284	0.1369
94	0.0081	0.2172	0.0285	0.1372
95	0.0081	0.2171	0.0285	0.1369
96	0.0080	0.2164	0.0284	0.1366
97	0.0080	0.2167	0.0284	0.1367
98	0.0083	0.2166	0.0285	0.1370
99	0.0077	0.2160	0.0284	0.1370
100	0.0078	0.2160	0.0284	0.1372
101	0.0075	0.2166	0.0284	0.1375
102	0.0078	0.2158	0.0284	0.1372
103	0.0082	0.2165	0.0285	0.1374
104	0.0079	0.2161	0.0284	0.1375
105	0.0078	0.2170	0.0285	0.1379
106	0.0079	0.2167	0.0285	0.1377
107	0.0080	0.2173	0.0285	0.1380
108	0.0074	0.2178	0.0286	0.1382
109	0.0077	0.2179	0.0286	0.1381
110	0.0077	0.2173	0.0286	0.1376
111	0.0074	0.2172	0.0285	0.1375
112	0.0081	0.2181	0.0286	0.1381
113	0.0080	0.2178	0.0286	0.1382
114	0.0080	0.2180	0.0286	0.1383
115	0.0077	0.2179	0.0286	0.1381
116	0.0073	0.2176	0.0286	0.1384
117	0.0073	0.2176	0.0286	0.1383
118	0.0081	0.2174	0.0286	0.1384
119	0.0076	0.2167	0.0285	0.1378
120	0.0075	0.2164	0.0285	0.1376
121	0.0073	0.2165	0.0285	0.1375
122	0.0076	0.2161	0.0284	0.1372
123	0.0074	0.2155	0.0283	0.1371
124	0.0070	0.2157	0.0284	0.1372
125	0.0074	0.2158	0.0284	0.1374
126	0.0074	0.2155	0.0283	0.1373
127	0.0075	0.2156	0.0284	0.1375
128	0.0077	0.2161	0.0284	0.1374
129	0.0074	0.2167	0.0285	0.1377
130	0.0077	0.2164	0.0285	0.1377
131	0.0074	0.2163	0.0284	0.1376
132	0.0074	0.2156	0.0284	0.1373
133	0.0074	0.2152	0.0283	0.1371
134	0.0070	0.2156	0.0283	0.1371
135	0.0079	0.2149	0.0283	0.1371
136	0.0075	0.2147	0.0283	0.1370
137	0.0073	0.2153	0.0284	0.1371
138	0.0070	0.2162	0.0284	0.1376
139	0.0072	0.2158	0.0284	0.1377
140	0.0076	0.2152	0.0283	0.1371
141	0.0070	0.2156	0.0284	0.1371
142	0.0077	0.2157	0.0283	0.1371
143	0.0072	0.2156	0.0283	0.1372
144	0.0072	0.2157	0.0283	0.1372
145	0.0073	0.2152	0.0283	0.1370
146	0.0072	0.2150	0.0283	0.1369
147	0.0070	0.2150	0.0283	0.1369
148	0.0072	0.2144	0.0282	0.1368
149	0.0075	0.2139	0.0282	0.1369
150	0.0071	0.2139	0.0281	0.1368
