{"n_layers": 1, "device": "cuda", "batch_size": 2048, "embedding_dim": 512, "learning_rate": 0.001, "dataset": "dbbook", "epochs": 150, "top_k": 5, "multimodal": false, "datasets": {"dbbook": ["images", "text"], "ml1m": ["audio", "images", "text", "video"]}}
Epoch	Loss	Recall	Precision	NDCG
1	0.6889	0.0219	0.0299	0.0337
2	0.6767	0.0297	0.0382	0.0405
3	0.6443	0.0279	0.0364	0.0374
4	0.5778	0.0274	0.0359	0.0362
5	0.4847	0.0273	0.0358	0.0360
6	0.3927	0.0270	0.0355	0.0359
7	0.3201	0.0276	0.0371	0.0371
8	0.2671	0.0282	0.0376	0.0381
9	0.2270	0.0295	0.0390	0.0399
10	0.1967	0.0309	0.0409	0.0421
11	0.1725	0.0316	0.0416	0.0435
12	0.1510	0.0330	0.0428	0.0452
13	0.1358	0.0336	0.0429	0.0458
14	0.1199	0.0344	0.0434	0.0469
15	0.1098	0.0345	0.0436	0.0477
16	0.0972	0.0354	0.0443	0.0488
17	0.0860	0.0364	0.0460	0.0504
18	0.0807	0.0374	0.0472	0.0520
19	0.0734	0.0385	0.0485	0.0534
20	0.0678	0.0398	0.0504	0.0551
21	0.0629	0.0401	0.0511	0.0561
22	0.0586	0.0403	0.0513	0.0566
23	0.0531	0.0408	0.0518	0.0574
24	0.0497	0.0409	0.0517	0.0576
25	0.0466	0.0416	0.0525	0.0587
26	0.0442	0.0418	0.0527	0.0593
27	0.0418	0.0422	0.0532	0.0601
28	0.0396	0.0426	0.0536	0.0609
29	0.0365	0.0425	0.0539	0.0611
30	0.0344	0.0435	0.0551	0.0622
31	0.0333	0.0438	0.0552	0.0625
32	0.0300	0.0445	0.0558	0.0632
33	0.0301	0.0447	0.0559	0.0636
34	0.0282	0.0454	0.0566	0.0643
35	0.0263	0.0455	0.0566	0.0646
36	0.0261	0.0455	0.0564	0.0646
37	0.0242	0.0457	0.0568	0.0649
38	0.0237	0.0455	0.0566	0.0648
39	0.0231	0.0459	0.0570	0.0651
40	0.0221	0.0458	0.0573	0.0653
41	0.0209	0.0463	0.0576	0.0658
42	0.0204	0.0468	0.0584	0.0665
43	0.0200	0.0470	0.0586	0.0668
44	0.0193	0.0470	0.0585	0.0670
45	0.0177	0.0471	0.0586	0.0671
46	0.0185	0.0473	0.0589	0.0672
47	0.0175	0.0471	0.0584	0.0669
48	0.0175	0.0470	0.0583	0.0671
49	0.0167	0.0476	0.0591	0.0676
50	0.0163	0.0477	0.0591	0.0677
51	0.0161	0.0480	0.0593	0.0684
52	0.0151	0.0478	0.0592	0.0685
53	0.0154	0.0481	0.0595	0.0688
54	0.0146	0.0481	0.0597	0.0691
55	0.0143	0.0476	0.0596	0.0689
56	0.0139	0.0478	0.0594	0.0690
57	0.0137	0.0470	0.0586	0.0683
58	0.0132	0.0472	0.0587	0.0684
59	0.0134	0.0474	0.0593	0.0691
60	0.0134	0.0474	0.0594	0.0694
61	0.0126	0.0474	0.0596	0.0697
62	0.0114	0.0477	0.0600	0.0699
63	0.0121	0.0480	0.0602	0.0702
64	0.0118	0.0481	0.0600	0.0701
65	0.0115	0.0481	0.0602	0.0703
66	0.0113	0.0470	0.0593	0.0695
67	0.0110	0.0471	0.0594	0.0696
68	0.0108	0.0471	0.0592	0.0692
69	0.0111	0.0472	0.0594	0.0695
70	0.0110	0.0473	0.0597	0.0700
71	0.0108	0.0475	0.0599	0.0702
72	0.0113	0.0474	0.0597	0.0701
73	0.0113	0.0478	0.0599	0.0702
74	0.0098	0.0479	0.0600	0.0704
75	0.0098	0.0479	0.0601	0.0705
76	0.0097	0.0477	0.0600	0.0704
77	0.0101	0.0474	0.0598	0.0705
78	0.0098	0.0476	0.0600	0.0707
79	0.0091	0.0474	0.0597	0.0704
80	0.0099	0.0476	0.0599	0.0704
81	0.0091	0.0474	0.0596	0.0702
82	0.0087	0.0472	0.0594	0.0699
83	0.0091	0.0471	0.0591	0.0696
84	0.0087	0.0469	0.0591	0.0697
85	0.0091	0.0469	0.0591	0.0697
86	0.0086	0.0471	0.0589	0.0695
87	0.0086	0.0469	0.0589	0.0696
88	0.0084	0.0471	0.0591	0.0696
89	0.0087	0.0471	0.0590	0.0695
90	0.0091	0.0471	0.0590	0.0695
91	0.0078	0.0466	0.0584	0.0692
92	0.0081	0.0468	0.0586	0.0691
93	0.0083	0.0469	0.0587	0.0692
94	0.0087	0.0473	0.0591	0.0695
95	0.0084	0.0476	0.0593	0.0700
96	0.0084	0.0479	0.0597	0.0703
97	0.0085	0.0478	0.0598	0.0702
98	0.0079	0.0476	0.0593	0.0699
99	0.0082	0.0481	0.0599	0.0702
100	0.0083	0.0483	0.0598	0.0702
101	0.0083	0.0482	0.0594	0.0699
102	0.0082	0.0488	0.0600	0.0705
103	0.0076	0.0490	0.0603	0.0708
104	0.0079	0.0489	0.0601	0.0709
105	0.0081	0.0490	0.0606	0.0712
106	0.0074	0.0489	0.0604	0.0709
107	0.0081	0.0490	0.0604	0.0710
108	0.0078	0.0493	0.0607	0.0711
109	0.0072	0.0490	0.0606	0.0711
110	0.0074	0.0489	0.0607	0.0712
111	0.0072	0.0492	0.0608	0.0715
112	0.0074	0.0488	0.0605	0.0711
113	0.0071	0.0488	0.0605	0.0713
114	0.0076	0.0488	0.0604	0.0714
115	0.0075	0.0487	0.0604	0.0714
116	0.0067	0.0488	0.0603	0.0711
117	0.0074	0.0486	0.0602	0.0711
118	0.0074	0.0487	0.0605	0.0712
119	0.0073	0.0488	0.0608	0.0715
120	0.0067	0.0486	0.0603	0.0713
121	0.0067	0.0490	0.0607	0.0716
122	0.0072	0.0492	0.0609	0.0718
123	0.0068	0.0490	0.0607	0.0714
124	0.0074	0.0491	0.0608	0.0715
125	0.0070	0.0489	0.0604	0.0712
126	0.0067	0.0486	0.0603	0.0710
127	0.0071	0.0485	0.0601	0.0707
128	0.0069	0.0487	0.0602	0.0710
129	0.0070	0.0488	0.0603	0.0712
130	0.0072	0.0490	0.0606	0.0716
131	0.0071	0.0490	0.0604	0.0714
132	0.0066	0.0493	0.0607	0.0718
133	0.0069	0.0493	0.0605	0.0715
134	0.0064	0.0488	0.0600	0.0713
135	0.0067	0.0490	0.0603	0.0714
136	0.0067	0.0490	0.0604	0.0712
137	0.0067	0.0490	0.0605	0.0713
138	0.0070	0.0491	0.0603	0.0713
139	0.0065	0.0490	0.0602	0.0710
140	0.0063	0.0489	0.0602	0.0709
141	0.0067	0.0491	0.0603	0.0710
142	0.0069	0.0492	0.0605	0.0712
143	0.0070	0.0491	0.0604	0.0711
144	0.0063	0.0488	0.0603	0.0710
145	0.0060	0.0490	0.0603	0.0711
146	0.0066	0.0492	0.0605	0.0713
147	0.0067	0.0493	0.0608	0.0717
148	0.0067	0.0494	0.0606	0.0711
149	0.0069	0.0494	0.0608	0.0712
150	0.0063	0.0489	0.0605	0.0707
