{"n_layers": 1, "device": "cuda", "batch_size": 2048, "embedding_dim": 256, "learning_rate": 0.0005, "dataset": "dbbook", "epochs": 150, "top_k": 5, "multimodal": false, "datasets": {"dbbook": ["images", "text"], "ml1m": ["audio", "images", "text", "video"]}}
Epoch	Loss	Recall	Precision	NDCG
1	0.6915	0.0051	0.0069	0.0082
2	0.6897	0.0161	0.0223	0.0247
3	0.6865	0.0218	0.0293	0.0308
4	0.6801	0.0246	0.0314	0.0320
5	0.6683	0.0244	0.0316	0.0316
6	0.6491	0.0231	0.0307	0.0304
7	0.6215	0.0223	0.0300	0.0296
8	0.5866	0.0218	0.0298	0.0295
9	0.5475	0.0215	0.0298	0.0293
10	0.5071	0.0214	0.0295	0.0292
11	0.4686	0.0213	0.0293	0.0292
12	0.4330	0.0215	0.0295	0.0295
13	0.4011	0.0217	0.0296	0.0296
14	0.3745	0.0217	0.0297	0.0296
15	0.3518	0.0222	0.0303	0.0301
16	0.3341	0.0223	0.0306	0.0304
17	0.3120	0.0226	0.0310	0.0309
18	0.2981	0.0229	0.0314	0.0314
19	0.2808	0.0231	0.0316	0.0316
20	0.2693	0.0233	0.0315	0.0316
21	0.2551	0.0238	0.0321	0.0322
22	0.2454	0.0245	0.0326	0.0328
23	0.2335	0.0248	0.0333	0.0335
24	0.2236	0.0254	0.0343	0.0344
25	0.2148	0.0261	0.0349	0.0352
26	0.2090	0.0266	0.0359	0.0361
27	0.1979	0.0267	0.0359	0.0366
28	0.1891	0.0273	0.0364	0.0372
29	0.1827	0.0276	0.0369	0.0376
30	0.1765	0.0280	0.0374	0.0383
31	0.1669	0.0284	0.0378	0.0390
32	0.1622	0.0290	0.0387	0.0399
33	0.1566	0.0296	0.0395	0.0407
34	0.1482	0.0302	0.0399	0.0415
35	0.1427	0.0303	0.0403	0.0420
36	0.1410	0.0305	0.0406	0.0425
37	0.1362	0.0308	0.0409	0.0429
38	0.1297	0.0308	0.0410	0.0432
39	0.1247	0.0311	0.0415	0.0437
40	0.1223	0.0313	0.0416	0.0438
41	0.1168	0.0317	0.0422	0.0443
42	0.1150	0.0319	0.0425	0.0448
43	0.1108	0.0318	0.0423	0.0448
44	0.1083	0.0323	0.0428	0.0455
45	0.1044	0.0325	0.0431	0.0457
46	0.1022	0.0328	0.0433	0.0461
47	0.0964	0.0327	0.0433	0.0461
48	0.0934	0.0336	0.0439	0.0469
49	0.0937	0.0339	0.0444	0.0474
50	0.0890	0.0341	0.0447	0.0479
51	0.0859	0.0347	0.0454	0.0486
52	0.0823	0.0348	0.0454	0.0487
53	0.0816	0.0351	0.0458	0.0492
54	0.0807	0.0351	0.0458	0.0493
55	0.0781	0.0353	0.0457	0.0494
56	0.0763	0.0354	0.0460	0.0498
57	0.0740	0.0359	0.0464	0.0503
58	0.0726	0.0362	0.0466	0.0506
59	0.0697	0.0368	0.0473	0.0514
60	0.0683	0.0367	0.0473	0.0515
61	0.0673	0.0367	0.0471	0.0515
62	0.0655	0.0372	0.0476	0.0520
63	0.0639	0.0374	0.0479	0.0522
64	0.0627	0.0375	0.0481	0.0526
65	0.0592	0.0380	0.0486	0.0530
66	0.0597	0.0382	0.0488	0.0534
67	0.0597	0.0385	0.0492	0.0537
68	0.0560	0.0387	0.0495	0.0541
69	0.0544	0.0388	0.0497	0.0543
70	0.0560	0.0389	0.0499	0.0545
71	0.0530	0.0392	0.0502	0.0547
72	0.0531	0.0394	0.0504	0.0551
73	0.0511	0.0394	0.0506	0.0551
74	0.0499	0.0396	0.0508	0.0555
75	0.0490	0.0400	0.0511	0.0560
76	0.0477	0.0401	0.0515	0.0565
77	0.0469	0.0401	0.0515	0.0566
78	0.0457	0.0401	0.0514	0.0567
79	0.0451	0.0404	0.0518	0.0572
80	0.0440	0.0408	0.0520	0.0575
81	0.0441	0.0408	0.0518	0.0575
82	0.0431	0.0408	0.0519	0.0576
83	0.0416	0.0405	0.0516	0.0574
84	0.0410	0.0409	0.0520	0.0579
85	0.0394	0.0413	0.0524	0.0583
86	0.0389	0.0416	0.0529	0.0588
87	0.0391	0.0418	0.0529	0.0590
88	0.0379	0.0418	0.0531	0.0591
89	0.0359	0.0418	0.0533	0.0593
90	0.0368	0.0417	0.0533	0.0593
91	0.0365	0.0419	0.0533	0.0595
92	0.0364	0.0419	0.0534	0.0595
93	0.0349	0.0422	0.0535	0.0597
94	0.0350	0.0423	0.0538	0.0598
95	0.0342	0.0420	0.0536	0.0597
96	0.0341	0.0422	0.0534	0.0595
97	0.0332	0.0422	0.0534	0.0597
98	0.0319	0.0423	0.0540	0.0601
99	0.0303	0.0419	0.0535	0.0598
100	0.0308	0.0421	0.0536	0.0599
101	0.0312	0.0421	0.0536	0.0601
102	0.0307	0.0421	0.0538	0.0601
103	0.0303	0.0421	0.0539	0.0603
104	0.0289	0.0421	0.0538	0.0602
105	0.0290	0.0422	0.0538	0.0603
106	0.0287	0.0424	0.0541	0.0606
107	0.0289	0.0427	0.0540	0.0607
108	0.0280	0.0425	0.0538	0.0607
109	0.0285	0.0428	0.0541	0.0609
110	0.0273	0.0426	0.0541	0.0609
111	0.0261	0.0426	0.0541	0.0611
112	0.0268	0.0426	0.0543	0.0610
113	0.0256	0.0425	0.0541	0.0609
114	0.0267	0.0424	0.0541	0.0609
115	0.0251	0.0425	0.0543	0.0611
116	0.0248	0.0424	0.0540	0.0609
117	0.0247	0.0428	0.0543	0.0613
118	0.0251	0.0429	0.0545	0.0615
119	0.0232	0.0428	0.0543	0.0617
120	0.0231	0.0427	0.0545	0.0617
121	0.0224	0.0430	0.0546	0.0618
122	0.0239	0.0431	0.0547	0.0620
123	0.0232	0.0434	0.0549	0.0622
124	0.0222	0.0435	0.0551	0.0625
125	0.0230	0.0435	0.0553	0.0627
126	0.0215	0.0437	0.0553	0.0628
127	0.0219	0.0438	0.0555	0.0630
128	0.0230	0.0438	0.0554	0.0630
129	0.0209	0.0440	0.0555	0.0633
130	0.0199	0.0440	0.0555	0.0633
131	0.0206	0.0440	0.0556	0.0634
132	0.0196	0.0440	0.0556	0.0634
133	0.0206	0.0440	0.0556	0.0633
134	0.0207	0.0439	0.0555	0.0632
135	0.0198	0.0440	0.0557	0.0634
136	0.0201	0.0442	0.0559	0.0637
137	0.0195	0.0444	0.0561	0.0641
138	0.0195	0.0445	0.0563	0.0641
139	0.0188	0.0445	0.0564	0.0642
140	0.0196	0.0445	0.0565	0.0642
141	0.0199	0.0444	0.0564	0.0642
142	0.0190	0.0443	0.0563	0.0640
143	0.0187	0.0445	0.0566	0.0643
144	0.0189	0.0446	0.0567	0.0644
145	0.0183	0.0446	0.0568	0.0645
146	0.0177	0.0446	0.0567	0.0645
147	0.0177	0.0444	0.0564	0.0642
148	0.0176	0.0446	0.0567	0.0644
149	0.0172	0.0447	0.0568	0.0646
150	0.0171	0.0448	0.0567	0.0645
