{"n_layers": 0, "device": "cuda", "batch_size": 2048, "embedding_dim": 1024, "learning_rate": 0.0005, "dataset": "dbbook", "epochs": 150, "top_k": 20, "multimodal": true, "datasets": {"dbbook": ["images", "text"], "ml1m": ["audio", "images", "text", "video"]}}
Epoch	Loss	Recall	Precision	NDCG
1	0.6927	0.0074	0.0024	0.0053
2	0.6828	0.0151	0.0046	0.0111
3	0.6739	0.0241	0.0074	0.0191
4	0.6648	0.0314	0.0100	0.0265
5	0.6547	0.0395	0.0126	0.0342
6	0.6434	0.0482	0.0156	0.0424
7	0.6309	0.0563	0.0185	0.0495
8	0.6165	0.0657	0.0216	0.0565
9	0.6003	0.0733	0.0242	0.0627
10	0.5822	0.0792	0.0264	0.0673
11	0.5621	0.0827	0.0277	0.0705
12	0.5402	0.0870	0.0292	0.0729
13	0.5168	0.0914	0.0307	0.0759
14	0.4923	0.0951	0.0317	0.0780
15	0.4664	0.0960	0.0321	0.0792
16	0.4408	0.0973	0.0326	0.0805
17	0.4145	0.0989	0.0333	0.0816
18	0.3900	0.1001	0.0338	0.0825
19	0.3660	0.1021	0.0345	0.0836
20	0.3423	0.1029	0.0347	0.0843
21	0.3207	0.1036	0.0349	0.0846
22	0.3008	0.1052	0.0353	0.0856
23	0.2824	0.1060	0.0356	0.0863
24	0.2642	0.1067	0.0358	0.0866
25	0.2465	0.1085	0.0363	0.0876
26	0.2322	0.1092	0.0366	0.0882
27	0.2186	0.1099	0.0369	0.0886
28	0.2045	0.1109	0.0371	0.0891
29	0.1928	0.1111	0.0372	0.0895
30	0.1821	0.1122	0.0376	0.0902
31	0.1725	0.1123	0.0376	0.0905
32	0.1621	0.1131	0.0379	0.0911
33	0.1541	0.1136	0.0381	0.0914
34	0.1455	0.1139	0.0382	0.0917
35	0.1374	0.1148	0.0384	0.0921
36	0.1304	0.1154	0.0385	0.0923
37	0.1238	0.1157	0.0386	0.0924
38	0.1193	0.1165	0.0388	0.0930
39	0.1124	0.1163	0.0388	0.0933
40	0.1070	0.1163	0.0389	0.0935
41	0.1022	0.1165	0.0390	0.0936
42	0.0971	0.1176	0.0392	0.0940
43	0.0929	0.1181	0.0393	0.0946
44	0.0890	0.1188	0.0394	0.0949
45	0.0849	0.1190	0.0395	0.0949
46	0.0815	0.1190	0.0395	0.0946
47	0.0785	0.1194	0.0396	0.0952
48	0.0753	0.1196	0.0397	0.0955
49	0.0725	0.1203	0.0399	0.0960
50	0.0686	0.1200	0.0398	0.0961
51	0.0667	0.1203	0.0400	0.0963
52	0.0641	0.1203	0.0400	0.0967
53	0.0620	0.1206	0.0401	0.0970
54	0.0595	0.1215	0.0403	0.0975
55	0.0568	0.1219	0.0405	0.0978
56	0.0543	0.1223	0.0405	0.0979
57	0.0531	0.1224	0.0406	0.0981
58	0.0517	0.1224	0.0406	0.0982
59	0.0497	0.1226	0.0407	0.0986
60	0.0476	0.1232	0.0408	0.0988
61	0.0461	0.1239	0.0409	0.0993
62	0.0446	0.1240	0.0410	0.0994
63	0.0443	0.1246	0.0411	0.0996
64	0.0420	0.1245	0.0411	0.0998
65	0.0415	0.1251	0.0413	0.1002
66	0.0390	0.1258	0.0414	0.1005
67	0.0384	0.1261	0.0415	0.1007
68	0.0373	0.1265	0.0415	0.1009
69	0.0363	0.1261	0.0415	0.1010
70	0.0352	0.1264	0.0416	0.1013
71	0.0343	0.1266	0.0417	0.1017
72	0.0337	0.1273	0.0420	0.1023
73	0.0326	0.1281	0.0421	0.1024
74	0.0309	0.1282	0.0421	0.1025
75	0.0312	0.1284	0.0421	0.1025
76	0.0306	0.1287	0.0422	0.1027
77	0.0295	0.1287	0.0421	0.1029
78	0.0287	0.1290	0.0423	0.1030
79	0.0279	0.1294	0.0424	0.1032
80	0.0277	0.1295	0.0425	0.1034
81	0.0264	0.1295	0.0424	0.1033
82	0.0257	0.1295	0.0425	0.1034
83	0.0262	0.1298	0.0426	0.1037
84	0.0252	0.1296	0.0425	0.1037
85	0.0246	0.1296	0.0425	0.1037
86	0.0240	0.1298	0.0426	0.1037
87	0.0230	0.1302	0.0427	0.1040
88	0.0234	0.1304	0.0427	0.1041
89	0.0232	0.1308	0.0428	0.1042
90	0.0216	0.1308	0.0428	0.1042
91	0.0215	0.1306	0.0428	0.1041
92	0.0209	0.1307	0.0428	0.1042
93	0.0210	0.1312	0.0430	0.1046
94	0.0206	0.1311	0.0430	0.1048
95	0.0198	0.1312	0.0430	0.1050
96	0.0198	0.1315	0.0431	0.1051
97	0.0193	0.1315	0.0430	0.1053
98	0.0193	0.1312	0.0429	0.1053
99	0.0188	0.1315	0.0430	0.1055
100	0.0186	0.1318	0.0431	0.1055
101	0.0186	0.1317	0.0431	0.1055
102	0.0182	0.1317	0.0431	0.1057
103	0.0177	0.1322	0.0432	0.1057
104	0.0171	0.1322	0.0432	0.1057
105	0.0174	0.1329	0.0433	0.1061
106	0.0168	0.1330	0.0434	0.1064
107	0.0171	0.1330	0.0434	0.1062
108	0.0168	0.1329	0.0434	0.1061
109	0.0162	0.1330	0.0434	0.1063
110	0.0162	0.1330	0.0434	0.1063
111	0.0160	0.1333	0.0435	0.1066
112	0.0151	0.1333	0.0435	0.1064
113	0.0155	0.1337	0.0436	0.1064
114	0.0154	0.1342	0.0436	0.1067
115	0.0147	0.1342	0.0436	0.1067
116	0.0145	0.1344	0.0437	0.1068
117	0.0140	0.1342	0.0437	0.1066
118	0.0146	0.1346	0.0438	0.1068
119	0.0148	0.1348	0.0438	0.1068
120	0.0145	0.1350	0.0439	0.1069
121	0.0136	0.1353	0.0440	0.1070
122	0.0133	0.1348	0.0439	0.1069
123	0.0134	0.1347	0.0439	0.1068
124	0.0136	0.1343	0.0438	0.1066
125	0.0133	0.1344	0.0438	0.1068
126	0.0133	0.1348	0.0439	0.1071
127	0.0127	0.1344	0.0437	0.1068
128	0.0129	0.1343	0.0437	0.1068
129	0.0127	0.1345	0.0437	0.1071
130	0.0124	0.1343	0.0437	0.1070
131	0.0126	0.1344	0.0437	0.1072
132	0.0121	0.1347	0.0438	0.1075
133	0.0124	0.1349	0.0439	0.1076
134	0.0121	0.1349	0.0439	0.1076
135	0.0117	0.1352	0.0439	0.1076
136	0.0114	0.1353	0.0439	0.1076
137	0.0115	0.1354	0.0440	0.1077
138	0.0114	0.1353	0.0439	0.1078
139	0.0113	0.1356	0.0440	0.1078
140	0.0112	0.1356	0.0439	0.1076
141	0.0112	0.1357	0.0439	0.1075
142	0.0113	0.1356	0.0439	0.1075
143	0.0112	0.1352	0.0440	0.1074
144	0.0110	0.1360	0.0442	0.1077
145	0.0107	0.1359	0.0441	0.1077
146	0.0110	0.1360	0.0441	0.1077
147	0.0106	0.1355	0.0441	0.1075
148	0.0106	0.1358	0.0442	0.1077
149	0.0106	0.1360	0.0442	0.1079
150	0.0106	0.1364	0.0443	0.1083
