{"n_layers": 0, "device": "cuda", "batch_size": 2048, "embedding_dim": 512, "learning_rate": 0.0005, "dataset": "dbbook", "epochs": 150, "top_k": 5, "multimodal": true, "datasets": {"dbbook": ["images", "text"], "ml1m": ["audio", "images", "text", "video"]}}
Epoch	Loss	Recall	Precision	NDCG
1	0.6930	0.0019	0.0025	0.0025
2	0.6880	0.0032	0.0041	0.0045
3	0.6835	0.0079	0.0086	0.0106
4	0.6788	0.0120	0.0139	0.0169
5	0.6736	0.0163	0.0198	0.0244
6	0.6678	0.0213	0.0262	0.0321
7	0.6612	0.0255	0.0322	0.0393
8	0.6534	0.0292	0.0376	0.0454
9	0.6445	0.0332	0.0425	0.0510
10	0.6342	0.0356	0.0465	0.0553
11	0.6227	0.0373	0.0490	0.0582
12	0.6095	0.0389	0.0515	0.0608
13	0.5946	0.0402	0.0534	0.0627
14	0.5787	0.0407	0.0546	0.0640
15	0.5607	0.0412	0.0552	0.0651
16	0.5417	0.0418	0.0560	0.0662
17	0.5223	0.0421	0.0563	0.0666
18	0.5013	0.0425	0.0567	0.0669
19	0.4806	0.0432	0.0577	0.0679
20	0.4592	0.0432	0.0577	0.0679
21	0.4382	0.0431	0.0575	0.0676
22	0.4174	0.0438	0.0582	0.0684
23	0.3972	0.0441	0.0587	0.0689
24	0.3774	0.0445	0.0592	0.0696
25	0.3597	0.0447	0.0593	0.0698
26	0.3410	0.0448	0.0593	0.0700
27	0.3251	0.0452	0.0597	0.0701
28	0.3098	0.0457	0.0601	0.0703
29	0.2951	0.0461	0.0603	0.0705
30	0.2810	0.0459	0.0605	0.0706
31	0.2675	0.0463	0.0607	0.0709
32	0.2559	0.0464	0.0609	0.0711
33	0.2444	0.0465	0.0612	0.0714
34	0.2336	0.0466	0.0616	0.0716
35	0.2233	0.0470	0.0621	0.0720
36	0.2143	0.0470	0.0621	0.0721
37	0.2045	0.0475	0.0624	0.0726
38	0.1966	0.0480	0.0631	0.0733
39	0.1878	0.0484	0.0634	0.0735
40	0.1809	0.0483	0.0637	0.0736
41	0.1724	0.0483	0.0635	0.0735
42	0.1679	0.0481	0.0636	0.0736
43	0.1601	0.0485	0.0642	0.0741
44	0.1551	0.0485	0.0642	0.0743
45	0.1490	0.0486	0.0644	0.0744
46	0.1439	0.0486	0.0644	0.0744
47	0.1373	0.0486	0.0644	0.0743
48	0.1335	0.0491	0.0646	0.0748
49	0.1274	0.0492	0.0647	0.0749
50	0.1239	0.0494	0.0650	0.0751
51	0.1195	0.0497	0.0653	0.0755
52	0.1153	0.0500	0.0656	0.0758
53	0.1115	0.0501	0.0656	0.0762
54	0.1070	0.0500	0.0657	0.0764
55	0.1035	0.0502	0.0660	0.0764
56	0.1017	0.0500	0.0656	0.0762
57	0.0969	0.0503	0.0661	0.0767
58	0.0943	0.0506	0.0665	0.0772
59	0.0920	0.0508	0.0668	0.0774
60	0.0880	0.0506	0.0666	0.0772
61	0.0865	0.0510	0.0670	0.0775
62	0.0838	0.0506	0.0665	0.0770
63	0.0815	0.0508	0.0665	0.0772
64	0.0781	0.0512	0.0666	0.0775
65	0.0765	0.0516	0.0668	0.0778
66	0.0736	0.0517	0.0670	0.0780
67	0.0721	0.0521	0.0675	0.0785
68	0.0685	0.0526	0.0678	0.0789
69	0.0680	0.0526	0.0680	0.0789
70	0.0650	0.0528	0.0684	0.0790
71	0.0635	0.0524	0.0681	0.0788
72	0.0622	0.0527	0.0681	0.0792
73	0.0608	0.0528	0.0686	0.0794
74	0.0587	0.0532	0.0686	0.0796
75	0.0584	0.0532	0.0686	0.0796
76	0.0559	0.0533	0.0687	0.0798
77	0.0543	0.0535	0.0689	0.0800
78	0.0535	0.0536	0.0691	0.0802
79	0.0517	0.0538	0.0696	0.0808
80	0.0508	0.0540	0.0698	0.0810
81	0.0498	0.0536	0.0694	0.0807
82	0.0489	0.0539	0.0696	0.0809
83	0.0479	0.0541	0.0698	0.0809
84	0.0464	0.0543	0.0698	0.0810
85	0.0454	0.0544	0.0700	0.0813
86	0.0439	0.0548	0.0703	0.0817
87	0.0436	0.0549	0.0705	0.0819
88	0.0420	0.0553	0.0709	0.0824
89	0.0412	0.0554	0.0708	0.0825
90	0.0407	0.0558	0.0711	0.0830
91	0.0392	0.0559	0.0714	0.0831
92	0.0384	0.0562	0.0717	0.0834
93	0.0372	0.0564	0.0715	0.0835
94	0.0375	0.0564	0.0715	0.0837
95	0.0363	0.0563	0.0716	0.0836
96	0.0358	0.0563	0.0715	0.0835
97	0.0345	0.0565	0.0719	0.0838
98	0.0348	0.0568	0.0720	0.0840
99	0.0345	0.0570	0.0723	0.0842
100	0.0330	0.0573	0.0724	0.0843
101	0.0328	0.0569	0.0722	0.0842
102	0.0311	0.0568	0.0721	0.0841
103	0.0310	0.0572	0.0725	0.0844
104	0.0305	0.0573	0.0727	0.0845
105	0.0303	0.0573	0.0727	0.0848
106	0.0291	0.0576	0.0731	0.0851
107	0.0290	0.0577	0.0733	0.0854
108	0.0277	0.0574	0.0732	0.0853
109	0.0285	0.0574	0.0732	0.0853
110	0.0277	0.0574	0.0732	0.0852
111	0.0271	0.0575	0.0731	0.0853
112	0.0267	0.0574	0.0731	0.0852
113	0.0264	0.0576	0.0733	0.0854
114	0.0258	0.0580	0.0736	0.0857
115	0.0265	0.0581	0.0740	0.0859
116	0.0251	0.0579	0.0738	0.0858
117	0.0243	0.0579	0.0738	0.0857
118	0.0239	0.0577	0.0734	0.0854
119	0.0241	0.0579	0.0737	0.0857
120	0.0237	0.0579	0.0737	0.0858
121	0.0229	0.0582	0.0739	0.0858
122	0.0236	0.0586	0.0743	0.0862
123	0.0222	0.0589	0.0747	0.0865
124	0.0222	0.0589	0.0747	0.0866
125	0.0225	0.0590	0.0749	0.0868
126	0.0223	0.0588	0.0747	0.0866
127	0.0214	0.0583	0.0742	0.0861
128	0.0210	0.0586	0.0742	0.0862
129	0.0203	0.0587	0.0743	0.0863
130	0.0206	0.0586	0.0742	0.0862
131	0.0206	0.0585	0.0742	0.0861
132	0.0195	0.0585	0.0742	0.0862
133	0.0197	0.0585	0.0741	0.0861
134	0.0197	0.0586	0.0742	0.0863
135	0.0192	0.0586	0.0743	0.0864
136	0.0192	0.0589	0.0745	0.0866
137	0.0184	0.0590	0.0746	0.0868
138	0.0184	0.0590	0.0745	0.0867
139	0.0178	0.0591	0.0747	0.0868
140	0.0182	0.0591	0.0749	0.0869
141	0.0180	0.0592	0.0749	0.0869
142	0.0180	0.0589	0.0745	0.0869
143	0.0178	0.0591	0.0748	0.0871
144	0.0172	0.0590	0.0747	0.0873
145	0.0170	0.0591	0.0747	0.0876
146	0.0175	0.0590	0.0745	0.0875
147	0.0167	0.0592	0.0748	0.0877
148	0.0171	0.0591	0.0749	0.0877
149	0.0164	0.0593	0.0748	0.0878
150	0.0160	0.0596	0.0750	0.0880
