{"device": "cuda:1", "multimodal": true, "embedding_dim": 512, "n_layers": 0, "epochs": 500, "learning_rate": 0.001, "log": true, "seed": 19, "top_k": [5, 10, 20, 50], "dataset": "ml1m", "batch_size": 8192, "single_branch": false, "autoencoder": false, "ensemble_fusion": false, "freeze": true, "fusion_modalities": "mean", "fusion_type": "late", "info_nce": false, "weighting": "normalized", "datasets": {"dbbook": ["images", "text"], "ml1m": ["audio", "images", "text", "video"]}}
Epoch	T-Loss	V-Loss	Precision@5	Recall@5	NDCG@5	Precision@10	Recall@10	NDCG@10	Precision@20	Recall@20	NDCG@20	Precision@50	Recall@50	NDCG@50
1	0.6918	0.6849	0.0751	0.0186	0.0785	0.0689	0.0333	0.0757	0.0608	0.0589	0.0762	0.0496	0.1199	0.0928
2	0.6326	0.5623	0.1596	0.0496	0.1673	0.1408	0.0859	0.1607	0.1204	0.146	0.1658	0.0893	0.2709	0.1997
3	0.4988	0.4618	0.1361	0.0438	0.1432	0.1224	0.0769	0.1397	0.1073	0.1307	0.1465	0.0843	0.2521	0.1825
4	0.4304	0.4163	0.1466	0.0477	0.1549	0.1325	0.0834	0.1514	0.1143	0.1406	0.1577	0.0886	0.2664	0.1944
5	0.3942	0.3883	0.1564	0.0514	0.1651	0.1401	0.09	0.1609	0.1201	0.1498	0.1671	0.0913	0.278	0.2038
6	0.3685	0.3672	0.1651	0.0549	0.1743	0.1457	0.0938	0.1681	0.124	0.1563	0.174	0.0936	0.2862	0.2109
7	0.3498	0.3523	0.1703	0.0564	0.1795	0.1511	0.0972	0.1739	0.1281	0.1618	0.1798	0.0955	0.2944	0.2168
8	0.3343	0.3374	0.1754	0.059	0.1875	0.1547	0.1009	0.1805	0.1307	0.1663	0.1859	0.0977	0.302	0.224
9	0.3218	0.3303	0.1783	0.0607	0.1891	0.1557	0.1034	0.1817	0.1327	0.1711	0.1884	0.0991	0.3083	0.2271
10	0.3108	0.3213	0.1867	0.0633	0.1986	0.161	0.1055	0.1885	0.1363	0.1753	0.1947	0.1005	0.3116	0.2324
11	0.3033	0.3146	0.1916	0.0655	0.204	0.1664	0.1101	0.195	0.1389	0.1794	0.1997	0.1024	0.3186	0.238
12	0.2953	0.3066	0.1953	0.0665	0.2076	0.1689	0.112	0.1981	0.1414	0.1847	0.2037	0.1036	0.3238	0.2419
13	0.2887	0.3012	0.198	0.0673	0.2111	0.1734	0.1166	0.2033	0.1446	0.1893	0.2085	0.1054	0.3319	0.2473
14	0.2815	0.2969	0.2028	0.0702	0.2165	0.1771	0.1198	0.2081	0.147	0.1936	0.2132	0.1066	0.3347	0.2516
15	0.2767	0.2941	0.2082	0.0725	0.2219	0.1791	0.1214	0.2116	0.1476	0.1938	0.2155	0.1073	0.3391	0.2551
16	0.2713	0.2896	0.2083	0.0723	0.2222	0.1806	0.1226	0.2131	0.1498	0.1975	0.2179	0.1083	0.3427	0.2571
17	0.267	0.2872	0.2123	0.0734	0.2256	0.1837	0.1247	0.2161	0.1527	0.2021	0.2218	0.1098	0.348	0.2609
18	0.2628	0.2828	0.2143	0.0748	0.2274	0.1851	0.1264	0.218	0.1538	0.2033	0.2235	0.1106	0.3499	0.263
19	0.2586	0.2798	0.2182	0.0763	0.2317	0.1885	0.1293	0.2222	0.1556	0.2069	0.2271	0.1113	0.3528	0.2663
20	0.2552	0.2766	0.2203	0.0771	0.2343	0.1909	0.1309	0.2249	0.1573	0.2094	0.2295	0.1124	0.3564	0.2687
21	0.2507	0.2756	0.2217	0.0783	0.2368	0.1919	0.1326	0.227	0.1571	0.2091	0.2305	0.1129	0.3591	0.2708
22	0.2488	0.2711	0.2246	0.0795	0.2397	0.1938	0.134	0.2295	0.1597	0.2123	0.2339	0.1133	0.3616	0.2732
23	0.2453	0.2724	0.2255	0.08	0.2415	0.1944	0.1345	0.231	0.1601	0.2153	0.2359	0.1143	0.3642	0.2757
24	0.2431	0.2673	0.2281	0.0806	0.2434	0.1966	0.1357	0.233	0.161	0.2165	0.2372	0.1148	0.3651	0.277
25	0.2405	0.2698	0.2293	0.0818	0.2447	0.1993	0.1393	0.2359	0.163	0.2193	0.2398	0.1157	0.368	0.2793
26	0.2377	0.2662	0.2304	0.0829	0.2463	0.2005	0.14	0.2376	0.1641	0.2206	0.2417	0.1164	0.3724	0.282
27	0.2341	0.2649	0.2325	0.0841	0.2488	0.2012	0.1402	0.2391	0.1645	0.2208	0.2431	0.1163	0.3711	0.2827
28	0.2325	0.2611	0.2352	0.0857	0.251	0.2024	0.142	0.2407	0.1653	0.2227	0.245	0.1171	0.3745	0.2853
29	0.231	0.2602	0.2371	0.0857	0.2536	0.2052	0.1437	0.2437	0.1666	0.225	0.2471	0.1177	0.376	0.287
30	0.2284	0.2624	0.2382	0.0861	0.2555	0.2053	0.1442	0.2447	0.1679	0.2257	0.2487	0.1183	0.3801	0.2891
31	0.2257	0.2583	0.24	0.0871	0.2568	0.2055	0.1432	0.2448	0.168	0.2254	0.2486	0.1186	0.3814	0.2896
32	0.2247	0.2591	0.2404	0.0878	0.2574	0.2069	0.1451	0.2464	0.1692	0.2284	0.2507	0.1192	0.3827	0.2913
33	0.2215	0.2576	0.2441	0.088	0.2602	0.2079	0.1459	0.2479	0.1696	0.2301	0.252	0.1195	0.3844	0.2927
34	0.2205	0.2548	0.2447	0.0899	0.2616	0.2083	0.148	0.2492	0.1695	0.2302	0.2528	0.1197	0.3867	0.2942
35	0.2192	0.2576	0.2447	0.0895	0.2614	0.21	0.1486	0.2504	0.17	0.2315	0.2537	0.1202	0.3871	0.2951
36	0.2165	0.253	0.2449	0.0899	0.262	0.2103	0.1494	0.2512	0.1708	0.2328	0.255	0.1203	0.3882	0.296
37	0.2146	0.2556	0.2473	0.0909	0.2646	0.2118	0.1505	0.2532	0.1721	0.2352	0.2574	0.1207	0.3909	0.2981
38	0.213	0.252	0.2497	0.0928	0.2671	0.2118	0.1505	0.254	0.1724	0.2349	0.2582	0.1216	0.3927	0.3001
39	0.2109	0.2545	0.2497	0.092	0.2676	0.214	0.1521	0.2559	0.1736	0.2365	0.2595	0.1217	0.3932	0.3006
40	0.2086	0.254	0.2516	0.094	0.2696	0.2147	0.1536	0.2574	0.1738	0.2374	0.2607	0.1219	0.3943	0.3018
41	0.2081	0.2543	0.2514	0.0936	0.2695	0.215	0.1538	0.2577	0.1744	0.2385	0.2614	0.1222	0.3963	0.3028
42	0.2067	0.2526	0.2526	0.0941	0.2716	0.2155	0.1534	0.259	0.1749	0.2402	0.263	0.1228	0.3991	0.3049
43	0.2053	0.2508	0.2542	0.0941	0.2715	0.2167	0.1552	0.2595	0.1753	0.2407	0.2628	0.1229	0.3997	0.3046
44	0.2019	0.2508	0.2557	0.0941	0.2724	0.2174	0.1559	0.2599	0.176	0.242	0.2636	0.1233	0.4006	0.3053
45	0.2018	0.2534	0.2576	0.0956	0.2758	0.2188	0.1569	0.2626	0.1771	0.2449	0.2664	0.1237	0.4015	0.3074
46	0.2003	0.2513	0.2577	0.0954	0.2762	0.2192	0.1565	0.2632	0.1766	0.2442	0.2665	0.124	0.4021	0.3082
47	0.1978	0.2526	0.2597	0.0968	0.2781	0.2209	0.1582	0.2652	0.1781	0.244	0.2681	0.124	0.4023	0.3093
48	0.1973	0.2498	0.2599	0.0966	0.2791	0.2219	0.1589	0.2666	0.1779	0.2451	0.2689	0.1245	0.4044	0.3108
49	0.1959	0.251	0.2613	0.0978	0.2807	0.2211	0.1582	0.2667	0.1785	0.2455	0.2697	0.1249	0.4059	0.3119
50	0.195	0.2496	0.2621	0.0979	0.281	0.2222	0.1589	0.2673	0.1793	0.2466	0.2704	0.1249	0.4064	0.312
51	0.1931	0.25	0.2635	0.0979	0.2823	0.2235	0.1596	0.2686	0.1791	0.2469	0.2709	0.1255	0.4076	0.3132
52	0.1915	0.2505	0.2638	0.0976	0.283	0.2247	0.1611	0.2702	0.1795	0.2473	0.2719	0.1254	0.4072	0.3138
53	0.1911	0.2481	0.2655	0.0994	0.2854	0.2246	0.1615	0.2714	0.1803	0.2488	0.2738	0.1258	0.4093	0.3157
54	0.1884	0.2488	0.2662	0.1002	0.2864	0.2261	0.1629	0.2729	0.1806	0.2504	0.2746	0.1258	0.4101	0.3163
55	0.1874	0.248	0.2666	0.0995	0.2863	0.2255	0.1627	0.2722	0.1807	0.2516	0.2747	0.1257	0.4098	0.3159
56	0.1868	0.2495	0.2655	0.0993	0.286	0.2245	0.1617	0.2715	0.181	0.2515	0.2749	0.126	0.4111	0.3165
57	0.1854	0.2473	0.2638	0.0993	0.2861	0.225	0.163	0.2732	0.1812	0.2514	0.2761	0.1263	0.4117	0.3179
58	0.1844	0.2481	0.2675	0.1011	0.2884	0.226	0.1635	0.274	0.1819	0.2527	0.2769	0.1267	0.4136	0.3189
59	0.1839	0.2499	0.2666	0.1004	0.2886	0.2275	0.1649	0.2758	0.182	0.2531	0.2779	0.1266	0.4132	0.3195
60	0.1819	0.2488	0.2685	0.1014	0.2905	0.2265	0.1645	0.2757	0.1824	0.2543	0.2788	0.1267	0.4147	0.3205
61	0.1796	0.2493	0.2679	0.1009	0.2889	0.2288	0.1652	0.2761	0.1827	0.2546	0.2782	0.1269	0.4147	0.3198
62	0.1793	0.2453	0.2698	0.101	0.2899	0.2277	0.1634	0.2753	0.1825	0.2536	0.278	0.1272	0.4154	0.3202
63	0.1777	0.2482	0.2681	0.1009	0.2893	0.2275	0.1645	0.2757	0.1834	0.2558	0.2792	0.1271	0.4159	0.3205
64	0.1764	0.2517	0.2703	0.102	0.2924	0.2292	0.1658	0.2783	0.1833	0.2553	0.2805	0.1272	0.4165	0.3222
65	0.1749	0.2453	0.2706	0.1014	0.2925	0.2291	0.1653	0.2782	0.1842	0.2568	0.2814	0.1274	0.4176	0.3228
66	0.1742	0.2489	0.2706	0.1017	0.2921	0.2289	0.1663	0.278	0.1839	0.2563	0.2809	0.1276	0.419	0.3233
67	0.1721	0.2501	0.269	0.1021	0.2901	0.2289	0.1667	0.2773	0.1836	0.257	0.2804	0.1272	0.417	0.3222
68	0.1719	0.2465	0.2721	0.1032	0.2935	0.2287	0.1667	0.2783	0.1833	0.2553	0.2806	0.1275	0.4166	0.3228
69	0.1702	0.249	0.2717	0.103	0.2929	0.2294	0.1672	0.2786	0.184	0.2561	0.2812	0.1279	0.4195	0.3238
70	0.1693	0.2487	0.2718	0.1033	0.2937	0.231	0.1682	0.2802	0.1845	0.2573	0.2822	0.1278	0.4181	0.324
71	0.1699	0.2463	0.2712	0.1033	0.2944	0.231	0.1684	0.2811	0.1845	0.258	0.2831	0.128	0.4203	0.3252
72	0.1683	0.2486	0.2719	0.1029	0.294	0.2311	0.1668	0.2803	0.1842	0.2579	0.2826	0.1281	0.4203	0.325
73	0.1673	0.249	0.273	0.1037	0.2952	0.2305	0.1679	0.2807	0.1847	0.2584	0.2835	0.1282	0.4206	0.3258
74	0.1658	0.2476	0.2751	0.1044	0.2972	0.232	0.1692	0.2824	0.1854	0.2593	0.2848	0.1283	0.4225	0.327
75	0.1655	0.2463	0.2749	0.1047	0.2974	0.2304	0.1679	0.2816	0.1855	0.2606	0.2852	0.1284	0.4226	0.3273
76	0.1642	0.2503	0.2745	0.1044	0.2968	0.2325	0.1692	0.2829	0.1855	0.2607	0.2854	0.1287	0.4236	0.3278
77	0.1631	0.2479	0.2768	0.106	0.2982	0.2323	0.1693	0.2827	0.186	0.2601	0.2855	0.129	0.4244	0.3283
78	0.1623	0.2488	0.2795	0.1063	0.3015	0.2322	0.1701	0.2842	0.1861	0.2602	0.2866	0.1289	0.424	0.3292
79	0.1608	0.25	0.2763	0.1043	0.2987	0.2327	0.1706	0.2842	0.1853	0.2597	0.2858	0.1285	0.4233	0.3286
80	0.1609	0.2484	0.2758	0.1041	0.2993	0.2329	0.1696	0.2846	0.1866	0.2612	0.2874	0.1289	0.4249	0.3296
81	0.1585	0.2495	0.2775	0.1059	0.3012	0.2349	0.1723	0.2869	0.1868	0.261	0.2882	0.129	0.4229	0.3301
82	0.1574	0.2494	0.2774	0.1058	0.3008	0.2333	0.1704	0.2854	0.1868	0.2616	0.288	0.1292	0.4249	0.3303
83	0.1582	0.2495	0.2779	0.1065	0.3013	0.2341	0.1718	0.2863	0.1867	0.2607	0.288	0.1293	0.4261	0.331
84	0.1564	0.2495	0.2788	0.1068	0.3018	0.2336	0.1716	0.2858	0.1873	0.262	0.2884	0.1295	0.4266	0.3312
85	0.1558	0.2486	0.2792	0.1078	0.3013	0.234	0.1727	0.2858	0.1873	0.2625	0.2884	0.1294	0.4271	0.3312
86	0.1556	0.2497	0.2783	0.1074	0.3022	0.2347	0.1724	0.2872	0.1877	0.2632	0.2896	0.1294	0.4274	0.3321
87	0.1546	0.2474	0.2786	0.1082	0.3016	0.2341	0.1729	0.2864	0.1872	0.2635	0.2888	0.1297	0.4281	0.3321
88	0.1533	0.2495	0.277	0.1073	0.3008	0.2341	0.1724	0.2865	0.1866	0.2623	0.2885	0.1298	0.4291	0.3326
89	0.1518	0.2498	0.2782	0.1071	0.3016	0.2342	0.1726	0.2867	0.1874	0.2641	0.2894	0.1298	0.4288	0.3326
90	0.1517	0.2497	0.2775	0.1085	0.3018	0.2342	0.1732	0.287	0.1876	0.2637	0.2897	0.1301	0.4298	0.3334
91	0.1505	0.2477	0.2787	0.1083	0.3039	0.2352	0.1741	0.2891	0.1887	0.2652	0.292	0.13	0.4291	0.3345
92	0.1493	0.2498	0.2785	0.1077	0.3032	0.2343	0.1722	0.2879	0.1894	0.2666	0.2923	0.13	0.428	0.3339
93	0.1491	0.2498	0.2775	0.1076	0.3011	0.2349	0.174	0.2873	0.1883	0.2644	0.2901	0.1298	0.4279	0.3326
94	0.1483	0.2506	0.2794	0.1081	0.3029	0.2349	0.174	0.2878	0.1889	0.2657	0.2913	0.1302	0.4298	0.3339
95	0.1479	0.252	0.2807	0.1089	0.3044	0.2358	0.175	0.289	0.188	0.2652	0.2911	0.1303	0.4303	0.3344
96	0.1465	0.2497	0.2814	0.1091	0.3039	0.2364	0.1747	0.2886	0.1887	0.2656	0.2909	0.13	0.4301	0.3336
97	0.1465	0.2514	0.281	0.1093	0.3055	0.236	0.1745	0.2895	0.189	0.2663	0.2923	0.1302	0.4312	0.3352
98	0.1448	0.25	0.2798	0.1088	0.3044	0.2347	0.1739	0.2885	0.1883	0.2655	0.2915	0.1303	0.4315	0.335
99	0.1436	0.2508	0.2817	0.1107	0.3064	0.2359	0.1759	0.2904	0.1888	0.2653	0.2926	0.1303	0.4303	0.3356
100	0.1433	0.2491	0.2833	0.1105	0.3078	0.2366	0.1761	0.2912	0.1893	0.2671	0.2937	0.1304	0.431	0.3363
101	0.1428	0.2503	0.2816	0.1096	0.3066	0.2369	0.1763	0.2913	0.1894	0.2674	0.2938	0.1306	0.4321	0.3367
102	0.1429	0.2525	0.2815	0.11	0.3065	0.2379	0.1771	0.292	0.1895	0.2685	0.2941	0.1304	0.4328	0.3368
103	0.1408	0.2512	0.2798	0.1095	0.3055	0.237	0.1765	0.2913	0.1889	0.2673	0.2933	0.1303	0.4317	0.3362
104	0.1412	0.2519	0.2819	0.1099	0.307	0.2369	0.1761	0.2915	0.1886	0.2666	0.2933	0.1305	0.4325	0.3369
105	0.1406	0.2499	0.2817	0.1097	0.3065	0.2374	0.1761	0.2916	0.1886	0.2665	0.2933	0.1307	0.4333	0.3372
106	0.1388	0.2503	0.284	0.1104	0.3088	0.2372	0.1765	0.2921	0.1889	0.2671	0.294	0.1304	0.4324	0.3373
107	0.1391	0.2504	0.2839	0.1103	0.3086	0.2368	0.1762	0.2916	0.1896	0.2681	0.2945	0.1308	0.434	0.3378
108	0.1384	0.2505	0.2829	0.1107	0.3073	0.2374	0.1767	0.2917	0.1899	0.2698	0.2949	0.1308	0.4338	0.3378
109	0.138	0.251	0.2821	0.1099	0.3069	0.2368	0.1764	0.2912	0.1905	0.2708	0.2952	0.1308	0.4338	0.3376
110	0.1373	0.2523	0.2826	0.1108	0.3069	0.2372	0.1766	0.2912	0.1899	0.2696	0.2943	0.1306	0.4335	0.3371
111	0.137	0.2545	0.2814	0.1107	0.3059	0.2372	0.1774	0.2912	0.1896	0.2689	0.2942	0.1308	0.4341	0.3376
112	0.1352	0.2524	0.2814	0.1102	0.3052	0.237	0.1768	0.2904	0.1903	0.2697	0.2941	0.1309	0.4356	0.3374
113	0.1356	0.2516	0.2816	0.1101	0.3053	0.2376	0.1773	0.2909	0.1901	0.2689	0.294	0.1308	0.4353	0.3377
114	0.1345	0.2549	0.2824	0.111	0.3069	0.2377	0.1773	0.2917	0.1897	0.2691	0.2943	0.1307	0.4349	0.3377
115	0.134	0.2544	0.2832	0.111	0.3084	0.2363	0.1771	0.2917	0.1899	0.2695	0.2952	0.1309	0.4361	0.3388
116	0.1333	0.2518	0.2836	0.1108	0.3078	0.2374	0.1773	0.292	0.1895	0.2694	0.2948	0.1307	0.4355	0.3384
117	0.1326	0.2543	0.2829	0.1114	0.3084	0.2372	0.1777	0.2924	0.1889	0.2682	0.2945	0.1306	0.4348	0.3384
118	0.1315	0.2556	0.282	0.111	0.3066	0.2375	0.178	0.2919	0.1894	0.2695	0.2944	0.1306	0.4349	0.3379
119	0.1317	0.2552	0.2827	0.1116	0.3077	0.2378	0.1775	0.2923	0.1904	0.2705	0.2955	0.1306	0.436	0.3385
120	0.131	0.2526	0.2819	0.1102	0.3071	0.2378	0.1769	0.2923	0.1901	0.2695	0.2953	0.131	0.4368	0.3393
121	0.1307	0.2565	0.2815	0.1108	0.3068	0.2373	0.1782	0.2923	0.1897	0.2698	0.2952	0.1312	0.4379	0.3397
122	0.1293	0.2535	0.2811	0.1109	0.3059	0.238	0.1784	0.2923	0.1906	0.2713	0.2957	0.131	0.4369	0.339
123	0.129	0.2552	0.2811	0.111	0.306	0.2379	0.1788	0.2922	0.1899	0.2707	0.2951	0.131	0.4369	0.339
124	0.1293	0.2542	0.2814	0.1103	0.3067	0.2378	0.1776	0.2924	0.19	0.2697	0.2953	0.1312	0.4381	0.3398
125	0.1283	0.2569	0.282	0.1113	0.3076	0.2385	0.1792	0.2934	0.19	0.2691	0.2955	0.1313	0.4378	0.3401
126	0.127	0.2555	0.2821	0.1112	0.3075	0.2382	0.1776	0.2929	0.1905	0.2701	0.2959	0.1312	0.4372	0.3398
127	0.1272	0.257	0.2805	0.1107	0.3063	0.2381	0.1781	0.2927	0.1904	0.2704	0.2957	0.1313	0.4377	0.3397
128	0.1273	0.2561	0.2817	0.1112	0.3061	0.2381	0.1785	0.2922	0.19	0.2704	0.2952	0.1312	0.4384	0.3397
129	0.1261	0.259	0.2821	0.1123	0.3059	0.2371	0.1776	0.291	0.19	0.2707	0.2949	0.1309	0.4382	0.3392
130	0.1248	0.2565	0.282	0.1114	0.307	0.2382	0.1784	0.2928	0.1904	0.2701	0.2959	0.131	0.4387	0.3402
131	0.1248	0.2558	0.2826	0.1125	0.3079	0.2383	0.1791	0.2935	0.1903	0.2706	0.2965	0.1311	0.4384	0.3407
132	0.1235	0.2585	0.2819	0.1114	0.3069	0.2382	0.1791	0.2929	0.1899	0.2698	0.2955	0.131	0.4382	0.34
133	0.1243	0.2584	0.2815	0.1113	0.3067	0.2378	0.178	0.2925	0.1894	0.2697	0.2953	0.1309	0.4388	0.3401
134	0.1235	0.2615	0.2821	0.1117	0.3075	0.2375	0.178	0.2928	0.1899	0.2709	0.2961	0.1311	0.4382	0.3405
135	0.1232	0.2586	0.2828	0.1121	0.3088	0.2374	0.1784	0.2934	0.1897	0.2711	0.2968	0.131	0.4382	0.3411
136	0.1224	0.257	0.2826	0.1115	0.308	0.2382	0.1791	0.2934	0.1898	0.2709	0.2962	0.131	0.4377	0.3404
137	0.1218	0.2591	0.2826	0.1116	0.3071	0.2378	0.1789	0.2925	0.19	0.2716	0.2958	0.1311	0.4385	0.34
138	0.1211	0.2603	0.2825	0.1119	0.3081	0.2378	0.1792	0.2933	0.1903	0.2714	0.2965	0.1311	0.4393	0.3409
139	0.1206	0.2568	0.2837	0.1121	0.3097	0.2381	0.1793	0.2941	0.1906	0.2713	0.2971	0.1311	0.4388	0.3414
140	0.1205	0.2597	0.2842	0.112	0.3098	0.2395	0.1801	0.2949	0.1908	0.272	0.2974	0.1309	0.4387	0.341
141	0.1198	0.2595	0.2842	0.1125	0.31	0.2381	0.1796	0.2942	0.1907	0.2722	0.2974	0.1307	0.4379	0.3408
142	0.1199	0.2588	0.2853	0.1139	0.3103	0.2385	0.1803	0.2942	0.1908	0.2728	0.2976	0.1311	0.4398	0.3416
143	0.119	0.2587	0.2842	0.1127	0.3089	0.2383	0.1807	0.2939	0.1906	0.2729	0.2973	0.1307	0.4386	0.3409
144	0.1191	0.259	0.2841	0.1129	0.3087	0.2391	0.1816	0.2945	0.1906	0.2735	0.2976	0.1309	0.439	0.3412
145	0.1183	0.2608	0.2862	0.1134	0.3117	0.2383	0.1801	0.2949	0.1904	0.2733	0.2982	0.131	0.4375	0.3416
146	0.1179	0.26	0.2825	0.1118	0.3079	0.2382	0.181	0.2939	0.1903	0.2733	0.2975	0.1309	0.4391	0.3415
147	0.1182	0.2622	0.2819	0.1124	0.3071	0.2384	0.1808	0.2935	0.1906	0.2736	0.2972	0.1309	0.4388	0.341
148	0.1174	0.2605	0.2838	0.1123	0.309	0.239	0.1808	0.2945	0.1913	0.2743	0.2981	0.1309	0.4385	0.3412
149	0.1173	0.2586	0.2837	0.112	0.309	0.2382	0.1806	0.2942	0.1908	0.272	0.2975	0.1308	0.4392	0.3415
150	0.1169	0.2616	0.2838	0.1132	0.3086	0.2385	0.1812	0.2939	0.1912	0.2738	0.2977	0.1308	0.4388	0.341
151	0.1161	0.2614	0.2831	0.1127	0.3082	0.238	0.181	0.2936	0.1904	0.273	0.2971	0.131	0.4397	0.3414
152	0.1152	0.2615	0.2821	0.1131	0.3074	0.2381	0.1798	0.2933	0.1905	0.2736	0.2972	0.1309	0.44	0.3412
153	0.1155	0.2606	0.2836	0.1144	0.3086	0.2384	0.1806	0.2939	0.1904	0.2735	0.2975	0.1308	0.4396	0.3414
154	0.1147	0.2648	0.284	0.1141	0.3097	0.2375	0.18	0.2939	0.19	0.2733	0.2976	0.1305	0.4393	0.3416
155	0.1146	0.2602	0.2836	0.1139	0.3084	0.2377	0.1803	0.2933	0.1896	0.2722	0.2965	0.1305	0.4387	0.3408
156	0.1136	0.2624	0.2846	0.1137	0.3097	0.2374	0.1797	0.2935	0.1899	0.2731	0.2974	0.1306	0.4391	0.3413
157	0.1131	0.262	0.2828	0.112	0.3083	0.2378	0.1798	0.2935	0.1901	0.2725	0.2971	0.1306	0.4389	0.341
158	0.1127	0.2622	0.2842	0.1137	0.31	0.2384	0.1813	0.2947	0.1903	0.2737	0.298	0.1306	0.4403	0.342
159	0.1128	0.2614	0.284	0.1137	0.3091	0.2389	0.1807	0.2943	0.1905	0.2747	0.298	0.1308	0.4405	0.3418
160	0.1122	0.2608	0.2847	0.1142	0.3104	0.2395	0.1818	0.2956	0.1902	0.2733	0.2981	0.1308	0.4393	0.3422
161	0.1123	0.2628	0.2846	0.114	0.3099	0.2393	0.1818	0.2953	0.1904	0.2736	0.2981	0.1309	0.4395	0.342
162	0.1124	0.2639	0.2816	0.1126	0.3078	0.2385	0.1823	0.2945	0.1902	0.2742	0.2978	0.1306	0.4383	0.3413
163	0.1108	0.2639	0.2833	0.1137	0.3085	0.2392	0.1817	0.2946	0.1904	0.2741	0.2977	0.1309	0.44	0.3415
164	0.1117	0.2632	0.2817	0.1131	0.3068	0.2382	0.1808	0.2932	0.1903	0.2745	0.297	0.1308	0.4399	0.3409
165	0.1109	0.2623	0.2829	0.1134	0.307	0.2384	0.1807	0.293	0.1898	0.2742	0.2964	0.1309	0.4408	0.3409
166	0.1102	0.2662	0.284	0.1143	0.3081	0.2379	0.1816	0.2933	0.1894	0.2738	0.2967	0.1308	0.44	0.3413
167	0.1101	0.2617	0.2824	0.1141	0.3079	0.2381	0.1817	0.2939	0.1899	0.2746	0.2975	0.1306	0.4395	0.3413
168	0.1085	0.2646	0.2823	0.1136	0.3089	0.2388	0.1821	0.2953	0.1901	0.2744	0.2984	0.1308	0.4408	0.3425
169	0.1082	0.265	0.2833	0.1134	0.3095	0.2379	0.1815	0.2944	0.1898	0.275	0.298	0.1308	0.44	0.342
170	0.1089	0.2653	0.2824	0.1137	0.3089	0.2383	0.182	0.2947	0.1899	0.2749	0.298	0.1306	0.4396	0.3419
171	0.1092	0.2647	0.2821	0.1133	0.3081	0.2384	0.1824	0.2946	0.19	0.2751	0.2981	0.1307	0.4391	0.3419
172	0.1088	0.2674	0.2812	0.1134	0.3083	0.2383	0.1818	0.2949	0.1902	0.276	0.2987	0.1308	0.4393	0.3423
173	0.1087	0.264	0.2814	0.1132	0.3079	0.2381	0.1822	0.2946	0.1896	0.2746	0.2977	0.1305	0.4401	0.3421
174	0.1076	0.2682	0.2819	0.1136	0.3088	0.2374	0.1817	0.2943	0.1895	0.2742	0.2979	0.1303	0.4397	0.342
175	0.1071	0.2659	0.2815	0.113	0.3078	0.2375	0.1822	0.2939	0.1891	0.2742	0.2971	0.1305	0.4405	0.3419
176	0.1071	0.2652	0.2833	0.114	0.309	0.2376	0.1823	0.2942	0.1899	0.2753	0.2981	0.1305	0.4404	0.3422
177	0.1064	0.2683	0.2826	0.1138	0.3081	0.2368	0.1814	0.2932	0.1897	0.2743	0.2974	0.1304	0.44	0.3417
178	0.1066	0.267	0.2819	0.1141	0.3088	0.2378	0.182	0.2947	0.1893	0.2738	0.2979	0.1301	0.4381	0.3417
179	0.1057	0.2686	0.2827	0.1144	0.3093	0.2378	0.1814	0.2945	0.19	0.2755	0.2985	0.1304	0.4392	0.3421
180	0.1056	0.268	0.2842	0.1139	0.3102	0.2374	0.1805	0.2944	0.19	0.2752	0.2986	0.1303	0.4397	0.3422
181	0.1056	0.2673	0.284	0.1132	0.3112	0.2384	0.182	0.296	0.1902	0.2758	0.2995	0.1303	0.4395	0.3429
182	0.1055	0.2665	0.2825	0.1128	0.3097	0.2386	0.1827	0.2957	0.1899	0.2752	0.2987	0.1303	0.4396	0.3425
183	0.1045	0.2662	0.2814	0.112	0.3081	0.2373	0.1812	0.294	0.1902	0.2763	0.2987	0.1304	0.4401	0.3423
184	0.1051	0.2665	0.2803	0.1128	0.3074	0.2375	0.1814	0.2941	0.1901	0.2757	0.2985	0.1303	0.4398	0.3421
185	0.1038	0.2654	0.2796	0.1123	0.3072	0.236	0.1804	0.2932	0.1897	0.2751	0.2981	0.1304	0.4405	0.3423
186	0.1038	0.269	0.2801	0.112	0.3071	0.237	0.1803	0.2936	0.1895	0.2747	0.2979	0.1303	0.44	0.3421
187	0.1038	0.2699	0.2828	0.1137	0.3086	0.2368	0.1805	0.2934	0.1895	0.2751	0.2978	0.1305	0.4411	0.3423
188	0.1032	0.2681	0.2827	0.1139	0.3088	0.2367	0.1808	0.2936	0.1895	0.2745	0.2978	0.1304	0.4404	0.3422
189	0.1036	0.2694	0.2831	0.1135	0.3086	0.2368	0.1814	0.2934	0.19	0.2748	0.2978	0.1305	0.44	0.3418
190	0.1028	0.2672	0.2811	0.1127	0.3067	0.2365	0.1805	0.2924	0.1893	0.2733	0.2964	0.1305	0.4406	0.3414
191	0.1027	0.2697	0.2816	0.1134	0.3076	0.2361	0.1801	0.2925	0.1894	0.2747	0.2973	0.1305	0.4407	0.3419
192	0.1027	0.2724	0.2822	0.1139	0.3087	0.2353	0.1797	0.2925	0.1893	0.2747	0.2976	0.1302	0.4398	0.3417
193	0.1023	0.2697	0.2822	0.1138	0.3083	0.2354	0.1805	0.2924	0.1894	0.2749	0.2974	0.1304	0.4403	0.3417
194	0.1015	0.2689	0.2811	0.1137	0.3071	0.235	0.1798	0.2915	0.1889	0.2748	0.2968	0.1304	0.4409	0.3416
195	0.1019	0.2723	0.281	0.1135	0.307	0.2353	0.1794	0.2917	0.1888	0.2744	0.2967	0.1304	0.4403	0.3416
196	0.1019	0.2716	0.2815	0.1139	0.3077	0.2352	0.1796	0.292	0.189	0.275	0.2973	0.1303	0.4402	0.342
197	0.1005	0.2741	0.2809	0.1142	0.3072	0.2352	0.1798	0.2918	0.1893	0.274	0.297	0.1304	0.4403	0.3418
198	0.1009	0.273	0.2818	0.1138	0.3074	0.2353	0.1801	0.2917	0.1888	0.2735	0.2964	0.1301	0.4387	0.3409
199	0.1003	0.2737	0.2813	0.1131	0.3071	0.235	0.1802	0.2915	0.1887	0.2731	0.2961	0.1299	0.4388	0.3406
200	0.1005	0.2718	0.2812	0.1127	0.306	0.2344	0.1789	0.2902	0.1889	0.2743	0.2958	0.1301	0.4392	0.3403
201	0.1006	0.2746	0.2795	0.1124	0.3052	0.2343	0.1793	0.2903	0.1883	0.2731	0.2955	0.1304	0.4412	0.3413
202	0.0995	0.2715	0.2796	0.1123	0.3047	0.234	0.1793	0.2896	0.1884	0.2734	0.295	0.1301	0.4404	0.3402
203	0.0994	0.2712	0.2805	0.113	0.3052	0.2356	0.1797	0.2906	0.1886	0.2732	0.2951	0.1304	0.4407	0.3405
204	0.0994	0.2732	0.281	0.1138	0.306	0.2353	0.1799	0.2906	0.1884	0.2737	0.2954	0.13	0.4392	0.3402
205	0.0994	0.2749	0.2801	0.1136	0.3058	0.2354	0.1801	0.2911	0.1886	0.2744	0.296	0.13	0.4398	0.3407
206	0.0988	0.2757	0.2805	0.1142	0.3059	0.2349	0.1801	0.2909	0.1885	0.2749	0.2963	0.13	0.4396	0.341
207	0.0987	0.2744	0.2807	0.1145	0.3058	0.2352	0.1808	0.2909	0.1881	0.2748	0.2956	0.1299	0.4406	0.3408
208	0.0987	0.2745	0.2814	0.1146	0.3071	0.2354	0.1809	0.2917	0.1882	0.2747	0.2963	0.1298	0.4394	0.3409
209	0.0977	0.2737	0.2807	0.1142	0.3062	0.2357	0.181	0.2916	0.1888	0.2751	0.2964	0.1298	0.4392	0.3407
210	0.0982	0.2765	0.2813	0.1137	0.3069	0.2355	0.1802	0.2918	0.1884	0.274	0.2963	0.1298	0.44	0.3412
211	0.098	0.2732	0.2806	0.114	0.3064	0.236	0.1814	0.2922	0.1883	0.2734	0.2962	0.1297	0.4396	0.3411
212	0.0976	0.275	0.281	0.1141	0.3062	0.2354	0.1803	0.2913	0.1886	0.2744	0.2961	0.1299	0.4397	0.3409
213	0.0971	0.2723	0.2818	0.1148	0.3068	0.2344	0.1799	0.2908	0.1878	0.2729	0.2956	0.1297	0.4391	0.3408
214	0.0977	0.2756	0.281	0.114	0.3075	0.2346	0.1805	0.2918	0.1874	0.2723	0.2958	0.1296	0.4388	0.341
215	0.0973	0.2759	0.2809	0.114	0.3073	0.2346	0.1797	0.2917	0.1878	0.2731	0.2961	0.1294	0.4385	0.3408
216	0.0963	0.2768	0.2809	0.1142	0.3074	0.2346	0.1795	0.2917	0.1877	0.2735	0.2963	0.1296	0.439	0.3412
217	0.0967	0.2748	0.2797	0.1142	0.3058	0.2352	0.1813	0.2916	0.1874	0.2729	0.2953	0.1296	0.4392	0.3406
218	0.0967	0.2758	0.278	0.1141	0.3045	0.2344	0.1807	0.2908	0.1876	0.2739	0.2956	0.1294	0.4393	0.3405
219	0.0959	0.2743	0.2783	0.1134	0.3044	0.2358	0.1821	0.2918	0.1879	0.2746	0.2961	0.1293	0.4394	0.3407
220	0.0962	0.2763	0.2794	0.1139	0.3055	0.2335	0.1805	0.2903	0.1875	0.2743	0.2957	0.1293	0.4392	0.3404
221	0.0951	0.278	0.2798	0.1139	0.3057	0.2351	0.1819	0.2916	0.188	0.2742	0.2962	0.1294	0.4399	0.341
222	0.0958	0.2759	0.2789	0.1136	0.3062	0.2361	0.1817	0.2929	0.1882	0.2749	0.297	0.1296	0.4396	0.3415
223	0.0957	0.279	0.2783	0.113	0.3056	0.2351	0.1806	0.2919	0.1878	0.2736	0.2962	0.1294	0.4399	0.3412
224	0.0954	0.2792	0.2796	0.114	0.3063	0.2352	0.1811	0.2919	0.1877	0.2738	0.2959	0.1296	0.4409	0.3413
225	0.0947	0.2746	0.2771	0.1138	0.3035	0.2347	0.1813	0.2906	0.1872	0.2737	0.2948	0.1294	0.4393	0.34
226	0.0951	0.2793	0.2766	0.1132	0.3027	0.2344	0.1814	0.2902	0.1872	0.273	0.2945	0.1294	0.4385	0.3397
227	0.0948	0.2797	0.2777	0.1131	0.3044	0.2347	0.1819	0.2912	0.1876	0.2738	0.2957	0.1295	0.439	0.3406
228	0.0948	0.2777	0.2762	0.1129	0.3028	0.2345	0.1812	0.2903	0.1877	0.2745	0.2953	0.1293	0.4383	0.3398
229	0.0943	0.2799	0.2782	0.1139	0.3031	0.2331	0.1797	0.2888	0.1877	0.2754	0.2951	0.1292	0.4389	0.3395
230	0.0942	0.2792	0.2803	0.1141	0.3058	0.2338	0.1807	0.2904	0.1883	0.2756	0.2962	0.1293	0.438	0.34
231	0.0941	0.2791	0.2782	0.1138	0.3032	0.2334	0.1796	0.289	0.1877	0.274	0.2947	0.1292	0.4388	0.3395
232	0.0939	0.2813	0.2771	0.1127	0.302	0.2335	0.1798	0.2887	0.1879	0.2746	0.2946	0.1291	0.4387	0.339
233	0.0933	0.2824	0.2776	0.1127	0.3035	0.2337	0.1797	0.2896	0.1878	0.2746	0.2952	0.1293	0.4389	0.3398
234	0.0933	0.2811	0.279	0.1129	0.3035	0.2331	0.1792	0.2885	0.1874	0.2751	0.2944	0.129	0.4387	0.339
235	0.0928	0.2785	0.2776	0.1122	0.3031	0.2332	0.1797	0.2891	0.1875	0.2744	0.2947	0.129	0.4389	0.3394
236	0.0927	0.2787	0.2781	0.113	0.304	0.2336	0.1798	0.2896	0.1878	0.2749	0.2952	0.1294	0.4396	0.34
237	0.0919	0.2791	0.2783	0.1135	0.3041	0.2338	0.1798	0.2896	0.1874	0.2741	0.2947	0.1291	0.4397	0.3397
238	0.0922	0.2809	0.2783	0.1138	0.3035	0.2346	0.1809	0.29	0.1874	0.2742	0.2947	0.1293	0.4403	0.3401
239	0.0923	0.2815	0.2782	0.1141	0.3033	0.2338	0.1799	0.2892	0.1878	0.2746	0.2948	0.1291	0.4395	0.3396
240	0.0924	0.2786	0.2774	0.1136	0.3024	0.2339	0.18	0.2891	0.1876	0.2739	0.2945	0.1289	0.4394	0.3394
241	0.092	0.2804	0.2785	0.1147	0.3029	0.2337	0.1798	0.2888	0.1865	0.273	0.2936	0.1287	0.4374	0.3387
242	0.0923	0.2803	0.278	0.1141	0.3031	0.2334	0.1799	0.2891	0.1869	0.2732	0.2942	0.1288	0.439	0.3394
243	0.0917	0.2797	0.2772	0.1131	0.3026	0.2328	0.1802	0.2889	0.186	0.2725	0.2937	0.1287	0.4376	0.3392
244	0.0913	0.2795	0.2781	0.1132	0.3032	0.2334	0.1806	0.2892	0.1863	0.2736	0.2938	0.1288	0.4382	0.3392
245	0.0918	0.2844	0.2781	0.1138	0.3033	0.2334	0.1803	0.2891	0.1867	0.2739	0.2942	0.1285	0.4374	0.3389
246	0.091	0.2792	0.2772	0.1137	0.3026	0.234	0.181	0.2896	0.1871	0.2747	0.2946	0.1286	0.4375	0.3389
247	0.091	0.2837	0.2784	0.1128	0.3031	0.2344	0.1808	0.2898	0.1866	0.2743	0.2943	0.1288	0.4389	0.3394
248	0.091	0.2815	0.2787	0.1143	0.3035	0.2335	0.1799	0.2891	0.1862	0.2738	0.294	0.1288	0.4382	0.3392
249	0.0911	0.2809	0.2787	0.1148	0.3034	0.2331	0.1808	0.2889	0.1864	0.2737	0.2939	0.1284	0.4378	0.3387
250	0.0909	0.2826	0.2773	0.114	0.3023	0.2336	0.1805	0.2889	0.1859	0.2724	0.293	0.1284	0.4371	0.3381
251	0.091	0.2861	0.2772	0.1131	0.3027	0.2339	0.1809	0.2894	0.1862	0.273	0.2937	0.1285	0.4376	0.3387
252	0.0904	0.2844	0.276	0.1125	0.3018	0.2335	0.1803	0.2891	0.1864	0.2742	0.2941	0.1287	0.4387	0.339
253	0.0901	0.2792	0.2779	0.1134	0.3031	0.2336	0.1789	0.289	0.1866	0.2738	0.2943	0.1287	0.4381	0.3392
254	0.0903	0.283	0.277	0.1135	0.3025	0.2333	0.1795	0.2888	0.1864	0.2736	0.294	0.1284	0.4374	0.3388
255	0.0898	0.2852	0.276	0.1133	0.3015	0.233	0.1799	0.2884	0.1865	0.2742	0.2938	0.1284	0.4377	0.3384
256	0.0904	0.2818	0.2755	0.1131	0.3006	0.2329	0.1797	0.288	0.1867	0.2743	0.2937	0.1284	0.4374	0.3382
257	0.0893	0.2846	0.2754	0.1131	0.3009	0.2339	0.1803	0.2888	0.1868	0.2747	0.2941	0.1284	0.4373	0.3384
258	0.0888	0.2843	0.2751	0.1132	0.2997	0.232	0.1789	0.2867	0.187	0.2748	0.2937	0.1285	0.4388	0.3384
259	0.0898	0.2834	0.2761	0.1135	0.3	0.2325	0.1793	0.2869	0.187	0.2744	0.2935	0.1282	0.437	0.3377
260	0.0894	0.2817	0.2748	0.1129	0.3007	0.2326	0.1795	0.2881	0.1866	0.2743	0.294	0.1282	0.4371	0.3384
261	0.0898	0.2848	0.2771	0.1143	0.3021	0.2322	0.1792	0.2877	0.1858	0.2724	0.2931	0.1285	0.4381	0.3386
262	0.0889	0.2816	0.2771	0.1136	0.3017	0.2327	0.1797	0.2881	0.1863	0.2727	0.2933	0.1286	0.4379	0.3385
263	0.0879	0.2858	0.2783	0.114	0.3036	0.2338	0.1805	0.2897	0.1864	0.2737	0.2945	0.1284	0.4371	0.3392
264	0.0886	0.287	0.2772	0.1137	0.3024	0.2347	0.1813	0.29	0.1868	0.2737	0.2944	0.1287	0.4387	0.3394
265	0.0882	0.2854	0.2757	0.1136	0.3009	0.2329	0.1799	0.288	0.1867	0.2739	0.2938	0.1282	0.4367	0.338
266	0.0885	0.2842	0.2752	0.1136	0.301	0.2329	0.1801	0.2883	0.1866	0.2738	0.2939	0.1283	0.4367	0.3383
267	0.0883	0.2842	0.2757	0.1135	0.3009	0.2314	0.1784	0.2868	0.186	0.2733	0.2931	0.1283	0.4368	0.3379
268	0.0877	0.2866	0.2766	0.1141	0.3018	0.2325	0.1797	0.2881	0.1863	0.273	0.2935	0.1285	0.4373	0.3385
269	0.0878	0.2867	0.2761	0.1133	0.3012	0.2318	0.1791	0.2874	0.1861	0.2737	0.2935	0.1283	0.4374	0.3383
270	0.0884	0.2859	0.2747	0.1131	0.2998	0.232	0.1794	0.2872	0.1861	0.2735	0.2931	0.1287	0.4386	0.3387
271	0.0877	0.2841	0.2739	0.1135	0.2996	0.2327	0.1806	0.2879	0.1854	0.2732	0.2929	0.1286	0.4387	0.3387
272	0.0879	0.286	0.2736	0.1127	0.2993	0.2319	0.18	0.2872	0.1857	0.2727	0.2927	0.1284	0.4383	0.3383
273	0.087	0.287	0.2764	0.1135	0.3014	0.2329	0.1805	0.2884	0.1859	0.2729	0.2932	0.1285	0.4388	0.3387
274	0.0876	0.2865	0.2767	0.1136	0.3016	0.2316	0.1792	0.2872	0.1857	0.2737	0.293	0.1285	0.4384	0.3383
275	0.0869	0.2865	0.2757	0.1128	0.3013	0.231	0.1788	0.2869	0.1855	0.2731	0.2928	0.1285	0.4388	0.3384
276	0.0869	0.2869	0.2761	0.113	0.3016	0.2315	0.1789	0.2873	0.1861	0.2732	0.2931	0.1284	0.4385	0.3384
277	0.0867	0.287	0.2773	0.1137	0.302	0.2314	0.1783	0.287	0.1861	0.2725	0.2928	0.1284	0.4389	0.3383
278	0.087	0.2905	0.2764	0.1131	0.3014	0.2317	0.1794	0.2872	0.1857	0.272	0.2924	0.1282	0.4378	0.3378
279	0.0863	0.2891	0.2779	0.1134	0.3023	0.2322	0.1791	0.2875	0.1861	0.2736	0.2931	0.1285	0.4386	0.3382
280	0.0868	0.2881	0.2776	0.1135	0.3026	0.2321	0.1793	0.2878	0.1863	0.2737	0.2935	0.1283	0.4387	0.3384
281	0.0864	0.2881	0.2767	0.113	0.3021	0.2316	0.1793	0.2876	0.1861	0.2747	0.2937	0.1283	0.4384	0.3386
282	0.0865	0.2879	0.2765	0.1123	0.301	0.2312	0.1793	0.2866	0.1856	0.2731	0.2924	0.1283	0.4389	0.3379
283	0.0871	0.2871	0.2752	0.112	0.2998	0.2298	0.1788	0.2853	0.1857	0.273	0.2922	0.1281	0.4378	0.3373
284	0.0858	0.29	0.2761	0.1131	0.3011	0.2298	0.1785	0.2857	0.1853	0.2728	0.2921	0.1281	0.4382	0.3376
285	0.0861	0.2904	0.2742	0.1123	0.3003	0.2298	0.1788	0.2861	0.1851	0.273	0.2926	0.1283	0.4376	0.3381
286	0.0855	0.2884	0.2739	0.1123	0.299	0.2304	0.1793	0.2859	0.1849	0.2722	0.2916	0.1282	0.4384	0.3376
287	0.0862	0.2911	0.2741	0.1123	0.2996	0.23	0.1785	0.286	0.1849	0.2727	0.292	0.128	0.4381	0.3375
288	0.0858	0.287	0.2738	0.1124	0.2996	0.2302	0.178	0.2858	0.185	0.2725	0.2919	0.1278	0.4363	0.3369
289	0.0853	0.29	0.2752	0.1128	0.3007	0.2304	0.1782	0.2864	0.185	0.273	0.2924	0.1282	0.4377	0.3379
290	0.0851	0.2931	0.2754	0.1124	0.3001	0.2302	0.1776	0.2856	0.1847	0.2719	0.2915	0.1279	0.4369	0.3371
291	0.0854	0.2904	0.2757	0.1133	0.3005	0.2307	0.1781	0.286	0.1853	0.2732	0.2921	0.1278	0.4379	0.3372
292	0.0854	0.2914	0.2767	0.1134	0.3007	0.2302	0.1783	0.2855	0.1854	0.2729	0.2919	0.1279	0.4372	0.3369
293	0.0848	0.2902	0.2748	0.1128	0.299	0.2309	0.179	0.2857	0.1853	0.2727	0.2916	0.128	0.4383	0.3371
294	0.0854	0.289	0.2731	0.1113	0.2974	0.2302	0.1782	0.2846	0.1846	0.2723	0.2906	0.1279	0.438	0.3364
295	0.0847	0.2901	0.2729	0.1121	0.2974	0.2294	0.178	0.2842	0.1846	0.2725	0.2908	0.1278	0.4373	0.3363
296	0.0849	0.2925	0.2762	0.1128	0.3005	0.2306	0.1791	0.286	0.1849	0.2726	0.2917	0.1279	0.4375	0.3371
297	0.0846	0.2924	0.2749	0.1127	0.2995	0.2304	0.1786	0.2856	0.1848	0.2729	0.2916	0.1278	0.4366	0.3368
298	0.0846	0.2917	0.2757	0.1128	0.2997	0.2314	0.1788	0.2861	0.1846	0.2723	0.2913	0.1278	0.4369	0.3367
299	0.084	0.2914	0.2758	0.1122	0.2988	0.2303	0.179	0.2848	0.1844	0.2723	0.2904	0.1278	0.4378	0.3362
300	0.0845	0.2923	0.2748	0.1121	0.2983	0.2295	0.1789	0.2843	0.1841	0.2725	0.2903	0.1276	0.4381	0.3361
301	0.0839	0.2894	0.2739	0.1122	0.2977	0.2293	0.179	0.2842	0.1843	0.2727	0.2906	0.1279	0.4378	0.3364
302	0.0839	0.2927	0.2742	0.1129	0.2981	0.2292	0.1787	0.284	0.1843	0.2717	0.2903	0.1278	0.4375	0.3362
303	0.0841	0.292	0.2742	0.1127	0.2984	0.2304	0.1796	0.2853	0.1839	0.2712	0.2905	0.1276	0.4367	0.3364
304	0.0838	0.2925	0.2741	0.1129	0.2984	0.2304	0.1803	0.2853	0.1844	0.2717	0.2909	0.1277	0.4373	0.3367
305	0.0835	0.2911	0.2738	0.1125	0.2978	0.2298	0.1787	0.2844	0.1845	0.2716	0.2904	0.1277	0.4371	0.3361
306	0.0838	0.2966	0.2731	0.1128	0.2969	0.2304	0.179	0.2846	0.1845	0.2712	0.2902	0.1276	0.4361	0.3357
307	0.0838	0.293	0.273	0.1125	0.2964	0.2295	0.1785	0.2835	0.1849	0.2734	0.2904	0.1275	0.4363	0.3353
308	0.0838	0.2919	0.2717	0.1118	0.2963	0.2298	0.1784	0.2843	0.1844	0.2722	0.2904	0.1274	0.4363	0.3357
309	0.0836	0.2939	0.2705	0.1116	0.2953	0.2288	0.1782	0.2834	0.1842	0.2723	0.2901	0.1275	0.4377	0.3359
310	0.0832	0.2966	0.2714	0.1125	0.2958	0.2293	0.1785	0.2836	0.1834	0.2716	0.2894	0.1276	0.4372	0.3358
311	0.0834	0.2928	0.2729	0.1132	0.2976	0.2296	0.179	0.2847	0.1838	0.2716	0.2904	0.1279	0.438	0.3369
312	0.0829	0.2926	0.2729	0.1127	0.2968	0.2296	0.179	0.2841	0.1839	0.2723	0.29	0.1275	0.4376	0.3359
313	0.083	0.2922	0.2733	0.112	0.2971	0.229	0.1781	0.2836	0.1837	0.2714	0.2898	0.1274	0.4373	0.3359
314	0.0828	0.2926	0.2742	0.1128	0.2983	0.2291	0.1783	0.2842	0.1843	0.2724	0.2906	0.1272	0.4363	0.3357
315	0.0827	0.2976	0.2735	0.1131	0.2985	0.2272	0.178	0.2835	0.1843	0.2724	0.291	0.1273	0.4362	0.3362
316	0.083	0.2962	0.274	0.1132	0.2975	0.2285	0.1782	0.2833	0.1842	0.2721	0.2901	0.1272	0.4361	0.3353
317	0.0825	0.2981	0.2733	0.113	0.2967	0.2287	0.1781	0.2832	0.1839	0.2724	0.2898	0.127	0.4358	0.3349
318	0.0824	0.2933	0.2746	0.1134	0.2977	0.2287	0.1774	0.2831	0.1843	0.2734	0.2903	0.1271	0.4355	0.3349
319	0.0825	0.2961	0.2749	0.1132	0.298	0.229	0.1779	0.2835	0.1847	0.2731	0.2905	0.1272	0.4356	0.3352
320	0.0822	0.2951	0.2746	0.1125	0.2979	0.23	0.178	0.2841	0.1846	0.2729	0.2907	0.1273	0.4357	0.3355
321	0.0819	0.2971	0.2715	0.1117	0.2963	0.23	0.1792	0.2845	0.1839	0.2723	0.2903	0.1272	0.4351	0.3354
322	0.0827	0.2972	0.2724	0.1125	0.2971	0.2293	0.179	0.2843	0.1843	0.2729	0.2909	0.127	0.4352	0.3356
323	0.0818	0.297	0.2726	0.1128	0.2968	0.2288	0.1789	0.2838	0.1842	0.2726	0.2905	0.1269	0.435	0.3353
324	0.0816	0.2962	0.2738	0.1135	0.2985	0.2284	0.1781	0.2841	0.1843	0.2731	0.2912	0.1267	0.4345	0.3355
325	0.0819	0.2966	0.2733	0.1125	0.298	0.2294	0.1792	0.2846	0.1837	0.2717	0.2902	0.1267	0.4351	0.3352
326	0.0819	0.2979	0.2724	0.1126	0.2971	0.2291	0.1799	0.2843	0.1836	0.2721	0.29	0.1268	0.4352	0.3351
327	0.0818	0.2997	0.2727	0.1124	0.2967	0.2287	0.1792	0.2836	0.1832	0.2712	0.2893	0.1269	0.4361	0.3351
328	0.082	0.2978	0.273	0.1122	0.2965	0.2291	0.1784	0.2834	0.1839	0.2713	0.2894	0.127	0.436	0.3348
329	0.0821	0.3001	0.2719	0.1121	0.2961	0.2287	0.1786	0.2833	0.1839	0.2725	0.2899	0.1268	0.4361	0.3349
330	0.0819	0.2935	0.2704	0.1107	0.2949	0.2287	0.179	0.2834	0.1835	0.2724	0.2896	0.1268	0.4362	0.3351
331	0.082	0.2978	0.2721	0.1122	0.2959	0.2281	0.1784	0.2827	0.1833	0.272	0.2893	0.1267	0.4356	0.3347
332	0.0819	0.295	0.2707	0.112	0.2944	0.2289	0.1792	0.2827	0.1834	0.2723	0.289	0.1267	0.4357	0.3344
333	0.0815	0.3026	0.2705	0.1118	0.2948	0.2283	0.1784	0.2827	0.184	0.2731	0.2898	0.1268	0.4359	0.3348
334	0.0812	0.297	0.2716	0.1119	0.2954	0.2282	0.1777	0.2825	0.1831	0.2714	0.2888	0.1268	0.4352	0.3344
335	0.0811	0.3	0.2722	0.1123	0.2967	0.2279	0.1783	0.283	0.1824	0.2707	0.2887	0.1267	0.4346	0.3344
336	0.0808	0.3002	0.2731	0.1123	0.2974	0.2292	0.1797	0.2844	0.1835	0.2711	0.2897	0.127	0.4354	0.3351
337	0.081	0.3029	0.274	0.1129	0.2977	0.2289	0.1792	0.2838	0.1829	0.2711	0.2892	0.1267	0.4352	0.3348
338	0.0808	0.298	0.2717	0.112	0.2957	0.2289	0.1784	0.2833	0.1829	0.2705	0.2888	0.1266	0.4357	0.3346
339	0.0805	0.2996	0.272	0.1121	0.2964	0.2284	0.1787	0.2834	0.183	0.2709	0.2891	0.1269	0.4357	0.3349
340	0.0809	0.2996	0.2718	0.1117	0.2969	0.2293	0.1784	0.2844	0.1833	0.271	0.29	0.127	0.4367	0.3359
341	0.0804	0.2993	0.2735	0.1125	0.2987	0.2294	0.1784	0.2849	0.1838	0.2713	0.2907	0.1268	0.4356	0.3359
342	0.0805	0.2981	0.2724	0.1123	0.2974	0.2282	0.1781	0.2835	0.1836	0.2719	0.29	0.1264	0.4349	0.3348
343	0.0803	0.2995	0.2712	0.1116	0.2956	0.2274	0.1775	0.2822	0.1839	0.2719	0.2894	0.1266	0.4356	0.3344
344	0.0805	0.2991	0.272	0.1119	0.2969	0.2283	0.1784	0.2834	0.1837	0.2718	0.2898	0.1262	0.4339	0.3343
345	0.0801	0.3028	0.2718	0.1123	0.2966	0.2272	0.1783	0.2827	0.184	0.2724	0.2902	0.1265	0.4353	0.3349
346	0.0802	0.301	0.272	0.1123	0.2965	0.2282	0.1792	0.2833	0.1838	0.2725	0.29	0.1265	0.4356	0.3349
347	0.08	0.2985	0.2718	0.1122	0.2963	0.2282	0.1797	0.2834	0.1838	0.2726	0.2901	0.1265	0.4345	0.3346
348	0.0803	0.3005	0.2717	0.1128	0.2967	0.2282	0.1785	0.2834	0.1839	0.2721	0.2902	0.1263	0.4331	0.3343
349	0.0801	0.2998	0.2728	0.1125	0.2976	0.2282	0.1784	0.2837	0.184	0.2729	0.2906	0.1265	0.4336	0.3346
350	0.0805	0.298	0.2718	0.112	0.2956	0.228	0.1784	0.2827	0.1836	0.2724	0.2895	0.1264	0.4344	0.3341
351	0.0802	0.3015	0.2709	0.1118	0.2957	0.2272	0.1778	0.2824	0.1831	0.2723	0.2895	0.1261	0.4334	0.3341
352	0.0795	0.3036	0.272	0.1123	0.2973	0.2278	0.1786	0.2835	0.1839	0.2731	0.2904	0.1263	0.4335	0.3345
353	0.0804	0.3003	0.2712	0.1121	0.2955	0.2274	0.1783	0.2824	0.1828	0.272	0.2891	0.1262	0.4339	0.334
354	0.0798	0.3007	0.2701	0.1123	0.2953	0.2276	0.1783	0.2827	0.1833	0.2723	0.2895	0.1262	0.4344	0.3343
355	0.0799	0.2973	0.2705	0.1129	0.2953	0.2269	0.1784	0.2822	0.1833	0.2722	0.2895	0.1262	0.4341	0.3342
356	0.0793	0.2985	0.271	0.1121	0.295	0.2266	0.1775	0.2815	0.1834	0.2723	0.2891	0.1261	0.4345	0.3337
357	0.0794	0.2997	0.2701	0.1117	0.2935	0.2268	0.1782	0.2811	0.1838	0.2718	0.2887	0.1263	0.4349	0.3335
358	0.0799	0.3023	0.2707	0.1116	0.2952	0.2274	0.1785	0.2826	0.1831	0.2716	0.2892	0.126	0.4341	0.3341
359	0.0795	0.3015	0.2717	0.112	0.2959	0.2271	0.1789	0.2825	0.1832	0.2715	0.2892	0.1261	0.4335	0.3339
360	0.079	0.3057	0.2724	0.1125	0.2967	0.2276	0.1786	0.2829	0.1829	0.2717	0.2891	0.1259	0.4334	0.3337
361	0.0796	0.3013	0.2722	0.1126	0.2968	0.2273	0.1783	0.2829	0.1827	0.2713	0.2892	0.1259	0.4337	0.334
362	0.0794	0.3049	0.2734	0.1128	0.2976	0.2282	0.1791	0.2837	0.1829	0.2708	0.2893	0.126	0.4341	0.3344
363	0.0792	0.3044	0.273	0.1129	0.2981	0.2284	0.1791	0.2842	0.1828	0.2708	0.2897	0.1262	0.4347	0.3348
364	0.0795	0.3039	0.2717	0.1119	0.2961	0.2276	0.1778	0.2827	0.1825	0.2702	0.2885	0.1261	0.4342	0.3338
365	0.0794	0.3029	0.2703	0.1115	0.2947	0.2277	0.178	0.2824	0.1826	0.2712	0.2886	0.1261	0.4343	0.3338
366	0.0792	0.3021	0.2708	0.1119	0.2956	0.2285	0.1789	0.2836	0.1822	0.2701	0.2886	0.1262	0.4345	0.3342
367	0.0785	0.3032	0.2709	0.112	0.2959	0.228	0.1786	0.2834	0.1825	0.2709	0.2892	0.1261	0.434	0.3343
368	0.079	0.3038	0.2706	0.1126	0.296	0.2276	0.1788	0.2832	0.1823	0.2712	0.2891	0.1263	0.434	0.3344
369	0.0786	0.3053	0.2705	0.1119	0.2958	0.2279	0.1786	0.2832	0.1823	0.271	0.2889	0.126	0.4335	0.334
370	0.0792	0.3057	0.2712	0.1128	0.296	0.228	0.1785	0.2831	0.1826	0.2714	0.289	0.126	0.4331	0.3338
371	0.0784	0.3026	0.2715	0.113	0.296	0.2277	0.1791	0.2828	0.1822	0.2705	0.2884	0.1257	0.4324	0.3332
372	0.0784	0.3035	0.2722	0.113	0.296	0.228	0.1789	0.2826	0.1819	0.2702	0.2878	0.1256	0.4322	0.3327
373	0.0784	0.3006	0.2703	0.1129	0.2963	0.2278	0.1786	0.2835	0.1818	0.2698	0.2885	0.1259	0.432	0.3336
374	0.0784	0.3064	0.272	0.1138	0.2976	0.2276	0.1787	0.2836	0.1818	0.2693	0.2888	0.1259	0.4325	0.3342
375	0.0783	0.3012	0.272	0.1136	0.2966	0.2272	0.1777	0.2825	0.1818	0.27	0.2883	0.126	0.4329	0.3337
376	0.0782	0.3027	0.271	0.1125	0.2962	0.2268	0.1775	0.2823	0.1824	0.2709	0.2888	0.1257	0.4327	0.3335
377	0.0781	0.3072	0.2716	0.1128	0.2963	0.2269	0.1776	0.2822	0.1826	0.2712	0.2888	0.1258	0.4327	0.3334
378	0.078	0.3071	0.2706	0.1121	0.2954	0.2264	0.1771	0.2818	0.1823	0.271	0.2886	0.1258	0.4333	0.3335
379	0.0784	0.3055	0.2711	0.1126	0.2961	0.2275	0.179	0.2829	0.1822	0.2707	0.2884	0.126	0.4342	0.3338
380	0.0778	0.3078	0.2706	0.1122	0.2958	0.2279	0.1783	0.2831	0.1821	0.2703	0.2886	0.1259	0.4328	0.3337
381	0.0778	0.3064	0.2708	0.1122	0.2953	0.227	0.1782	0.2821	0.1816	0.2705	0.2879	0.126	0.4331	0.3334
382	0.0779	0.3069	0.2692	0.1117	0.294	0.2265	0.1778	0.2816	0.182	0.2716	0.2883	0.1257	0.4323	0.333
383	0.0777	0.3073	0.2691	0.1117	0.2945	0.2256	0.1771	0.2812	0.1821	0.2711	0.2885	0.1255	0.4328	0.3333
384	0.0781	0.3087	0.2692	0.112	0.2942	0.2256	0.1768	0.2809	0.1818	0.2704	0.288	0.1256	0.4328	0.3332
385	0.078	0.3078	0.2685	0.1121	0.2938	0.2252	0.177	0.2808	0.1817	0.2704	0.2879	0.1258	0.4331	0.3333
386	0.0777	0.305	0.2693	0.1124	0.2939	0.2247	0.1771	0.28	0.1815	0.2699	0.2871	0.1255	0.4326	0.3324
387	0.0775	0.3091	0.2685	0.1116	0.2931	0.2257	0.178	0.2807	0.1817	0.2704	0.2875	0.1254	0.4327	0.3326
388	0.0777	0.3101	0.2679	0.1107	0.2925	0.226	0.1778	0.2806	0.1814	0.2692	0.2868	0.1252	0.4314	0.3319
389	0.0773	0.3067	0.2696	0.1115	0.2946	0.2252	0.177	0.2808	0.1818	0.2698	0.2877	0.1253	0.4321	0.3326
390	0.0773	0.3074	0.2709	0.1113	0.2954	0.2265	0.1769	0.2817	0.182	0.2699	0.288	0.1254	0.4319	0.3328
391	0.0771	0.3076	0.2696	0.1109	0.2943	0.2257	0.1768	0.2808	0.1815	0.2698	0.2873	0.1255	0.4328	0.3326
392	0.0774	0.3082	0.2698	0.1116	0.2947	0.2249	0.177	0.2806	0.1811	0.2693	0.2871	0.1252	0.4323	0.3324
393	0.0775	0.3066	0.2697	0.1115	0.2948	0.2248	0.1771	0.2806	0.1813	0.2708	0.2877	0.1251	0.4316	0.3324
394	0.0773	0.3081	0.2697	0.1117	0.2952	0.2254	0.1775	0.2814	0.1814	0.2716	0.2883	0.1251	0.4313	0.3326
395	0.0767	0.3065	0.2706	0.1121	0.2958	0.2258	0.1782	0.2819	0.1813	0.2706	0.2882	0.1253	0.4314	0.3329
396	0.0771	0.3035	0.2709	0.1121	0.2962	0.2257	0.1777	0.2818	0.1815	0.2712	0.2883	0.125	0.4308	0.3325
397	0.0768	0.3063	0.2698	0.1109	0.2947	0.2261	0.1778	0.2816	0.1816	0.2711	0.2881	0.1252	0.4322	0.3328
398	0.077	0.3091	0.2686	0.1107	0.293	0.2255	0.1777	0.2804	0.1811	0.2706	0.287	0.1249	0.4305	0.3314
399	0.0765	0.3087	0.2695	0.1115	0.2944	0.2263	0.1778	0.2816	0.1816	0.271	0.288	0.1251	0.4307	0.3323
400	0.077	0.3084	0.2699	0.1114	0.2953	0.2253	0.1772	0.2813	0.1821	0.2711	0.2886	0.1251	0.431	0.3327
401	0.0767	0.3066	0.2712	0.1124	0.296	0.2258	0.1769	0.2815	0.1819	0.2706	0.2883	0.1249	0.4309	0.3325
402	0.0771	0.3104	0.2708	0.1121	0.2954	0.225	0.1762	0.2806	0.1818	0.2705	0.2879	0.1252	0.4317	0.3325
403	0.0772	0.3073	0.2708	0.112	0.2948	0.2248	0.1764	0.2801	0.1822	0.2715	0.2881	0.1252	0.4323	0.3325
404	0.0767	0.3088	0.2693	0.1116	0.2942	0.2256	0.1768	0.2807	0.1817	0.2707	0.2877	0.1253	0.4314	0.3323
405	0.0769	0.3083	0.2695	0.1113	0.2947	0.2263	0.177	0.2815	0.1814	0.2701	0.2876	0.1255	0.4321	0.3329
406	0.077	0.3124	0.272	0.1125	0.2961	0.2266	0.1781	0.2819	0.1816	0.2708	0.2881	0.1252	0.4316	0.3327
407	0.0765	0.3088	0.2708	0.1121	0.2947	0.2258	0.1771	0.2809	0.1821	0.2709	0.288	0.1252	0.4318	0.3325
408	0.0767	0.3078	0.2709	0.1127	0.2948	0.2262	0.1776	0.2811	0.1816	0.2708	0.2878	0.1253	0.4316	0.3325
409	0.0771	0.3099	0.2701	0.1123	0.2943	0.2251	0.1769	0.2802	0.1815	0.2706	0.2875	0.1253	0.4322	0.3326
410	0.0763	0.3103	0.2684	0.1121	0.2924	0.2256	0.1775	0.2801	0.1809	0.2703	0.2866	0.1252	0.4316	0.3318
411	0.0767	0.3097	0.2692	0.1118	0.2927	0.2245	0.177	0.2792	0.1812	0.2712	0.2868	0.1253	0.4313	0.3316
412	0.0769	0.3088	0.2673	0.1117	0.2916	0.2251	0.1768	0.2794	0.1803	0.2698	0.2859	0.125	0.4313	0.3313
413	0.0765	0.3111	0.2694	0.1123	0.2932	0.2259	0.1774	0.2804	0.1805	0.2702	0.2866	0.1251	0.4316	0.3319
414	0.0765	0.3088	0.2684	0.1114	0.292	0.2235	0.1756	0.278	0.1806	0.2698	0.2857	0.125	0.4322	0.3312
415	0.0763	0.3111	0.2684	0.1118	0.2922	0.2233	0.1757	0.2781	0.1804	0.2702	0.2859	0.1248	0.4317	0.3312
416	0.0762	0.3111	0.2673	0.1119	0.2913	0.2242	0.1766	0.2786	0.1804	0.2705	0.286	0.1249	0.4317	0.3313
417	0.0761	0.3101	0.2681	0.1123	0.2923	0.2245	0.1768	0.2791	0.1805	0.2702	0.286	0.1249	0.431	0.331
418	0.0762	0.3144	0.2673	0.1121	0.2909	0.2234	0.1761	0.2777	0.1807	0.2702	0.2856	0.1251	0.431	0.3308
419	0.0758	0.3107	0.2682	0.1118	0.2912	0.2249	0.1771	0.2787	0.1807	0.2696	0.2856	0.1249	0.4312	0.3308
420	0.0759	0.3116	0.27	0.1117	0.2935	0.2245	0.1766	0.2794	0.1801	0.2689	0.2859	0.1248	0.4312	0.3314
421	0.076	0.312	0.268	0.1111	0.2919	0.2239	0.176	0.2787	0.18	0.2689	0.2858	0.125	0.4316	0.3315
422	0.0761	0.3124	0.2677	0.111	0.2915	0.2235	0.1761	0.2784	0.1799	0.2683	0.2855	0.1249	0.4313	0.3313
423	0.0764	0.3119	0.2685	0.1116	0.2916	0.2238	0.1759	0.2782	0.1802	0.2693	0.2855	0.1249	0.4318	0.3312
424	0.0761	0.3099	0.267	0.1104	0.2901	0.2238	0.1762	0.2776	0.1796	0.2681	0.2843	0.1248	0.4307	0.3302
425	0.0758	0.3146	0.2676	0.1107	0.291	0.224	0.1755	0.278	0.1797	0.2677	0.2846	0.1249	0.4307	0.3305
426	0.0752	0.3118	0.2681	0.1115	0.2918	0.2242	0.1764	0.2785	0.1798	0.2678	0.2849	0.1251	0.4314	0.331
427	0.0759	0.3109	0.267	0.1109	0.2902	0.2238	0.1762	0.2776	0.1802	0.2693	0.2847	0.1249	0.431	0.3301
428	0.0755	0.313	0.2684	0.1113	0.2918	0.2243	0.1766	0.2785	0.1798	0.2677	0.2848	0.1249	0.4307	0.3306
429	0.0762	0.3157	0.2682	0.111	0.2919	0.2243	0.1759	0.2788	0.1797	0.268	0.2849	0.1249	0.4317	0.331
430	0.0755	0.3145	0.2676	0.1111	0.2917	0.2239	0.1752	0.2782	0.1795	0.2677	0.2845	0.1247	0.4301	0.3301
431	0.0754	0.3118	0.2675	0.1109	0.2919	0.2229	0.1749	0.2778	0.1793	0.2674	0.2845	0.1246	0.4304	0.3304
432	0.0754	0.3124	0.2678	0.1114	0.292	0.2236	0.1756	0.2783	0.18	0.2688	0.2854	0.1246	0.4308	0.3307
433	0.0753	0.3118	0.2683	0.1113	0.2924	0.223	0.1753	0.278	0.18	0.2697	0.2856	0.1247	0.4299	0.3306
434	0.0754	0.3064	0.266	0.1107	0.2904	0.2232	0.1759	0.2777	0.1799	0.2694	0.2849	0.1246	0.4301	0.33
435	0.0752	0.315	0.2661	0.1109	0.2905	0.2227	0.1747	0.2772	0.1796	0.2692	0.2849	0.1246	0.4303	0.3302
436	0.0759	0.3144	0.265	0.1099	0.2893	0.2229	0.1752	0.2769	0.1787	0.2675	0.2836	0.1246	0.4298	0.3296
437	0.0752	0.3143	0.2667	0.1102	0.2914	0.2226	0.1752	0.2778	0.1793	0.2686	0.2849	0.1244	0.4298	0.3301
438	0.0756	0.3159	0.2668	0.1109	0.2914	0.2232	0.176	0.2782	0.1798	0.2684	0.2852	0.1244	0.4294	0.3302
439	0.0752	0.3131	0.268	0.111	0.2922	0.2228	0.1759	0.2781	0.1798	0.268	0.2853	0.1246	0.429	0.3303
440	0.0748	0.3125	0.2676	0.111	0.2916	0.2239	0.1761	0.2784	0.1799	0.2685	0.285	0.1245	0.4286	0.3297
441	0.0753	0.3148	0.2666	0.1108	0.2902	0.2238	0.1761	0.2779	0.1797	0.2684	0.2848	0.1247	0.4298	0.3302
442	0.0752	0.3153	0.2663	0.1107	0.2903	0.2238	0.1759	0.2781	0.1796	0.2687	0.2849	0.1244	0.4287	0.3298
443	0.0747	0.3146	0.2664	0.1109	0.2906	0.2232	0.1754	0.2778	0.1797	0.2675	0.2849	0.1243	0.428	0.3298
444	0.075	0.3145	0.2669	0.1115	0.2912	0.224	0.1756	0.2785	0.1794	0.2675	0.2848	0.1244	0.4291	0.3302
445	0.0752	0.3144	0.2665	0.1114	0.2905	0.2241	0.1762	0.2785	0.1794	0.2679	0.2848	0.1244	0.4298	0.3304
446	0.0752	0.3166	0.2687	0.1124	0.2925	0.2246	0.176	0.2791	0.18	0.2686	0.2856	0.1244	0.429	0.3304
447	0.075	0.3138	0.2666	0.1113	0.2909	0.2245	0.1756	0.2788	0.1799	0.2682	0.2854	0.1244	0.429	0.3303
448	0.0747	0.3152	0.2667	0.1112	0.2913	0.2238	0.1752	0.2786	0.1799	0.2682	0.2855	0.1245	0.4285	0.3304
449	0.0748	0.3114	0.2664	0.1114	0.2909	0.2237	0.1758	0.2784	0.1801	0.2692	0.2857	0.1245	0.4292	0.3305
450	0.0747	0.3171	0.2662	0.1113	0.2899	0.2238	0.1756	0.2777	0.18	0.2689	0.285	0.1244	0.4288	0.3297
451	0.0747	0.3137	0.2668	0.1113	0.2906	0.2239	0.1749	0.2778	0.18	0.2689	0.2852	0.1245	0.4288	0.3299
452	0.0747	0.3147	0.2661	0.1109	0.2898	0.2238	0.1758	0.2776	0.1802	0.2691	0.2849	0.1247	0.4295	0.3298
453	0.0742	0.3138	0.2667	0.1101	0.2905	0.2233	0.1751	0.2774	0.1799	0.2679	0.2846	0.1247	0.4291	0.3298
454	0.0747	0.3173	0.2669	0.1104	0.291	0.2236	0.1754	0.278	0.1798	0.2681	0.2849	0.1246	0.4294	0.33
455	0.0744	0.3132	0.2681	0.1106	0.292	0.2237	0.1756	0.2783	0.1799	0.268	0.285	0.1244	0.4288	0.3298
456	0.0745	0.3172	0.2681	0.1111	0.2915	0.2237	0.1758	0.2779	0.1796	0.2676	0.2845	0.1244	0.4293	0.3297
457	0.0749	0.3169	0.2672	0.1101	0.2907	0.2234	0.1756	0.2778	0.1799	0.2689	0.2851	0.1245	0.4298	0.33
458	0.0743	0.3144	0.2662	0.1106	0.2903	0.2233	0.1762	0.2778	0.1798	0.2689	0.285	0.1244	0.4293	0.3297
459	0.0749	0.3204	0.2677	0.1105	0.292	0.2241	0.1765	0.279	0.1797	0.2687	0.2854	0.1243	0.4294	0.3302
460	0.0742	0.3169	0.2657	0.1103	0.291	0.2243	0.1763	0.2791	0.1803	0.2698	0.286	0.1244	0.4295	0.3303
461	0.074	0.3134	0.2667	0.111	0.2916	0.2239	0.176	0.2788	0.18	0.2689	0.2855	0.1243	0.429	0.33
462	0.0749	0.3177	0.2659	0.1109	0.2906	0.2242	0.1765	0.2785	0.1799	0.2689	0.2851	0.1245	0.43	0.33
463	0.0742	0.3203	0.2654	0.1108	0.2903	0.2233	0.1754	0.2779	0.18	0.2687	0.2852	0.1244	0.43	0.3303
464	0.074	0.3155	0.2663	0.1107	0.2919	0.2235	0.1757	0.2789	0.1798	0.2682	0.2857	0.1244	0.4295	0.3308
465	0.0744	0.3177	0.266	0.1109	0.2912	0.2235	0.1765	0.2786	0.1795	0.2688	0.2854	0.1244	0.4295	0.3304
466	0.0745	0.3167	0.2657	0.1098	0.2907	0.2235	0.1761	0.2785	0.1798	0.269	0.2854	0.1244	0.4297	0.3304
467	0.0741	0.3167	0.2666	0.1107	0.2913	0.2237	0.1765	0.2786	0.1799	0.2687	0.2854	0.1244	0.4298	0.3303
468	0.0741	0.3139	0.2679	0.1115	0.2922	0.2233	0.1755	0.2783	0.1803	0.2689	0.2856	0.1246	0.4302	0.3305
469	0.0744	0.3179	0.2675	0.1109	0.2919	0.2233	0.1763	0.2785	0.1803	0.2683	0.2855	0.1244	0.4294	0.3302
470	0.0742	0.3159	0.2675	0.1111	0.2919	0.2236	0.1759	0.2786	0.1793	0.2674	0.2848	0.1246	0.4303	0.3305
471	0.074	0.3139	0.2668	0.1104	0.2915	0.2231	0.1757	0.2781	0.1793	0.2673	0.2845	0.1246	0.4302	0.3303
472	0.0744	0.3188	0.2665	0.1108	0.2909	0.223	0.1754	0.2776	0.1796	0.2679	0.2846	0.1244	0.4298	0.3299
473	0.074	0.3158	0.2668	0.1109	0.2908	0.2229	0.175	0.2773	0.1797	0.2683	0.2846	0.1242	0.4292	0.3295
474	0.0742	0.3167	0.2657	0.1103	0.2898	0.2221	0.174	0.2764	0.1791	0.2671	0.2837	0.1242	0.4299	0.3294
475	0.0743	0.316	0.2661	0.1106	0.2906	0.2225	0.1749	0.2772	0.1789	0.267	0.2839	0.124	0.4283	0.3291
476	0.074	0.3163	0.2666	0.1106	0.2914	0.2225	0.1747	0.2777	0.1791	0.2664	0.2845	0.1241	0.4284	0.3298
477	0.0739	0.3153	0.2691	0.1118	0.2934	0.2231	0.1757	0.2787	0.1792	0.2669	0.2851	0.1241	0.4279	0.3301
478	0.0736	0.3197	0.2667	0.1108	0.2925	0.2232	0.1756	0.2792	0.1794	0.267	0.2855	0.1242	0.4279	0.3305
479	0.0735	0.3136	0.2672	0.1109	0.292	0.2236	0.1762	0.2788	0.1793	0.2668	0.2849	0.1242	0.4289	0.3303
480	0.0737	0.32	0.2662	0.1111	0.2908	0.2237	0.1761	0.2784	0.1796	0.2672	0.2847	0.1243	0.4296	0.3299
481	0.0742	0.3216	0.2653	0.1111	0.2898	0.2233	0.1758	0.2777	0.1795	0.2663	0.2841	0.1241	0.4288	0.3294
482	0.0733	0.3181	0.2666	0.1116	0.2915	0.2238	0.1763	0.2788	0.1796	0.2672	0.2849	0.124	0.4283	0.3297
483	0.074	0.323	0.268	0.1119	0.292	0.2241	0.1764	0.2788	0.1794	0.2671	0.2847	0.1241	0.4285	0.3297
484	0.0738	0.3177	0.2658	0.1112	0.2907	0.2228	0.1759	0.2779	0.1794	0.267	0.2846	0.1241	0.4295	0.3299
485	0.0737	0.3179	0.2666	0.1112	0.2914	0.2239	0.1768	0.2791	0.1793	0.2667	0.2848	0.1239	0.4279	0.3298
486	0.0735	0.3157	0.2644	0.1103	0.2896	0.224	0.1774	0.2787	0.1787	0.2666	0.2839	0.124	0.4288	0.3295
487	0.0739	0.3238	0.2658	0.1107	0.2903	0.223	0.1766	0.2778	0.1788	0.267	0.2839	0.124	0.4282	0.3291
488	0.0736	0.3171	0.2661	0.1109	0.2908	0.2229	0.1757	0.2778	0.1788	0.2674	0.2842	0.1238	0.4278	0.3291
489	0.0735	0.319	0.2651	0.1113	0.2886	0.223	0.1759	0.2766	0.1782	0.266	0.2824	0.1237	0.4272	0.3279
490	0.0732	0.3243	0.2652	0.1108	0.2892	0.2215	0.1754	0.276	0.1782	0.2667	0.2829	0.1237	0.4279	0.3283
491	0.0733	0.3226	0.2658	0.1111	0.2891	0.222	0.176	0.2762	0.1785	0.2665	0.2829	0.1235	0.4273	0.328
492	0.0734	0.3196	0.2667	0.1118	0.29	0.2222	0.1751	0.2764	0.1786	0.2664	0.2831	0.1235	0.4274	0.3282
493	0.0733	0.3225	0.2644	0.1109	0.2882	0.2222	0.1757	0.2761	0.1785	0.2671	0.2829	0.1234	0.4269	0.3278
494	0.0735	0.3167	0.265	0.1103	0.2885	0.2212	0.1745	0.2754	0.1786	0.2676	0.283	0.1235	0.4276	0.3279
495	0.0732	0.3212	0.2645	0.1102	0.2881	0.2215	0.1751	0.2756	0.1779	0.2657	0.2821	0.1236	0.428	0.328
496	0.0734	0.3169	0.264	0.1098	0.2881	0.2213	0.1742	0.2755	0.1779	0.2659	0.2823	0.1238	0.428	0.3283
497	0.0732	0.316	0.2648	0.1105	0.2884	0.2224	0.175	0.2761	0.1786	0.2672	0.2829	0.1236	0.4278	0.328
498	0.073	0.3173	0.2656	0.111	0.2892	0.223	0.1757	0.2767	0.1787	0.2665	0.2828	0.1238	0.4282	0.3282
499	0.0732	0.3205	0.266	0.111	0.2892	0.2218	0.1748	0.2758	0.178	0.2656	0.2822	0.1236	0.4275	0.3278
500	0.0729	0.3239	0.2654	0.1109	0.2896	0.2231	0.1765	0.2773	0.1778	0.2654	0.2825	0.1235	0.4275	0.3282
