{"n_layers": 1, "device": "cuda", "batch_size": 2048, "embedding_dim": 256, "learning_rate": 0.001, "dataset": "dbbook", "epochs": 150, "top_k": 50, "multimodal": false, "datasets": {"dbbook": ["images", "text"], "ml1m": ["audio", "images", "text", "video"]}}
Epoch	Loss	Recall	Precision	NDCG
1	0.6910	0.0741	0.0102	0.0449
2	0.6845	0.1408	0.0197	0.0770
3	0.6664	0.1479	0.0209	0.0797
4	0.6260	0.1436	0.0205	0.0776
5	0.5618	0.1403	0.0201	0.0759
6	0.4859	0.1387	0.0200	0.0746
7	0.4158	0.1388	0.0200	0.0751
8	0.3592	0.1398	0.0200	0.0757
9	0.3146	0.1410	0.0202	0.0764
10	0.2835	0.1432	0.0205	0.0778
11	0.2536	0.1458	0.0208	0.0797
12	0.2343	0.1507	0.0214	0.0816
13	0.2104	0.1535	0.0218	0.0834
14	0.1927	0.1569	0.0222	0.0852
15	0.1778	0.1599	0.0226	0.0869
16	0.1613	0.1630	0.0230	0.0889
17	0.1505	0.1659	0.0233	0.0905
18	0.1410	0.1681	0.0236	0.0920
19	0.1328	0.1717	0.0240	0.0939
20	0.1204	0.1745	0.0243	0.0957
21	0.1118	0.1766	0.0246	0.0972
22	0.1081	0.1788	0.0248	0.0988
23	0.0992	0.1809	0.0250	0.1004
24	0.0932	0.1834	0.0253	0.1016
25	0.0882	0.1857	0.0256	0.1032
26	0.0830	0.1870	0.0258	0.1042
27	0.0777	0.1887	0.0260	0.1052
28	0.0732	0.1899	0.0261	0.1058
29	0.0721	0.1905	0.0262	0.1065
30	0.0663	0.1910	0.0262	0.1070
31	0.0634	0.1924	0.0263	0.1078
32	0.0609	0.1937	0.0265	0.1085
33	0.0586	0.1933	0.0265	0.1089
34	0.0556	0.1947	0.0266	0.1096
35	0.0540	0.1954	0.0267	0.1103
36	0.0504	0.1960	0.0267	0.1107
37	0.0485	0.1958	0.0267	0.1110
38	0.0462	0.1962	0.0267	0.1113
39	0.0445	0.1970	0.0268	0.1120
40	0.0441	0.1973	0.0268	0.1124
41	0.0420	0.1980	0.0268	0.1129
42	0.0394	0.1981	0.0269	0.1134
43	0.0377	0.1988	0.0269	0.1138
44	0.0381	0.1995	0.0270	0.1143
45	0.0365	0.1998	0.0270	0.1147
46	0.0343	0.1997	0.0270	0.1149
47	0.0338	0.2001	0.0270	0.1151
48	0.0330	0.1998	0.0270	0.1152
49	0.0333	0.1998	0.0269	0.1154
50	0.0311	0.2002	0.0270	0.1160
51	0.0294	0.2004	0.0270	0.1164
52	0.0284	0.2010	0.0270	0.1167
53	0.0283	0.2012	0.0270	0.1169
54	0.0279	0.2007	0.0269	0.1168
55	0.0263	0.2011	0.0269	0.1169
56	0.0263	0.2009	0.0268	0.1168
57	0.0261	0.2016	0.0269	0.1172
58	0.0243	0.2019	0.0269	0.1172
59	0.0240	0.2021	0.0269	0.1173
60	0.0238	0.2021	0.0268	0.1175
61	0.0232	0.2019	0.0268	0.1174
62	0.0228	0.2025	0.0268	0.1179
63	0.0213	0.2023	0.0268	0.1179
64	0.0206	0.2019	0.0267	0.1178
65	0.0218	0.2017	0.0267	0.1178
66	0.0198	0.2019	0.0267	0.1180
67	0.0203	0.2022	0.0267	0.1180
68	0.0206	0.2025	0.0268	0.1182
69	0.0190	0.2031	0.0268	0.1184
70	0.0185	0.2031	0.0268	0.1185
71	0.0178	0.2024	0.0267	0.1183
72	0.0188	0.2031	0.0267	0.1187
73	0.0185	0.2021	0.0266	0.1183
74	0.0189	0.2024	0.0267	0.1185
75	0.0174	0.2027	0.0267	0.1189
76	0.0170	0.2023	0.0266	0.1189
77	0.0165	0.2025	0.0266	0.1189
78	0.0162	0.2017	0.0265	0.1188
79	0.0156	0.2020	0.0265	0.1189
80	0.0165	0.2019	0.0265	0.1187
81	0.0149	0.2018	0.0264	0.1187
82	0.0144	0.2016	0.0264	0.1187
83	0.0147	0.2018	0.0264	0.1188
84	0.0150	0.2018	0.0264	0.1193
85	0.0145	0.2020	0.0264	0.1195
86	0.0142	0.2015	0.0263	0.1193
87	0.0149	0.2012	0.0262	0.1193
88	0.0134	0.2016	0.0263	0.1194
89	0.0139	0.2012	0.0262	0.1192
90	0.0139	0.2016	0.0262	0.1194
91	0.0139	0.2011	0.0262	0.1192
92	0.0138	0.2009	0.0262	0.1189
93	0.0137	0.2007	0.0261	0.1191
94	0.0133	0.2005	0.0261	0.1191
95	0.0127	0.2005	0.0261	0.1192
96	0.0121	0.1999	0.0260	0.1191
97	0.0130	0.1994	0.0259	0.1188
98	0.0124	0.1997	0.0259	0.1187
99	0.0116	0.1995	0.0259	0.1187
100	0.0118	0.1996	0.0259	0.1187
101	0.0123	0.1991	0.0258	0.1185
102	0.0114	0.1994	0.0258	0.1187
103	0.0119	0.1994	0.0258	0.1187
104	0.0115	0.1998	0.0258	0.1189
105	0.0113	0.1994	0.0258	0.1189
106	0.0111	0.1996	0.0259	0.1191
107	0.0116	0.2003	0.0259	0.1193
108	0.0109	0.1997	0.0258	0.1193
109	0.0110	0.1995	0.0258	0.1193
110	0.0106	0.2002	0.0258	0.1196
111	0.0106	0.2005	0.0258	0.1194
112	0.0111	0.2006	0.0258	0.1193
113	0.0097	0.2008	0.0258	0.1192
114	0.0101	0.2007	0.0258	0.1192
115	0.0107	0.2004	0.0257	0.1191
116	0.0099	0.2006	0.0257	0.1190
117	0.0105	0.2009	0.0258	0.1189
118	0.0097	0.2006	0.0258	0.1187
119	0.0100	0.2004	0.0257	0.1187
120	0.0094	0.2010	0.0258	0.1188
121	0.0093	0.2009	0.0257	0.1188
122	0.0091	0.2005	0.0257	0.1187
123	0.0097	0.2005	0.0257	0.1186
124	0.0094	0.2003	0.0257	0.1185
125	0.0099	0.2001	0.0257	0.1185
126	0.0098	0.1997	0.0256	0.1184
127	0.0091	0.1998	0.0256	0.1185
128	0.0094	0.1996	0.0256	0.1186
129	0.0087	0.1992	0.0255	0.1186
130	0.0093	0.1994	0.0255	0.1187
131	0.0087	0.1994	0.0255	0.1187
132	0.0094	0.1987	0.0255	0.1184
133	0.0087	0.1983	0.0255	0.1184
134	0.0088	0.1989	0.0255	0.1184
135	0.0086	0.1990	0.0255	0.1184
136	0.0086	0.1998	0.0255	0.1185
137	0.0087	0.1993	0.0255	0.1183
138	0.0083	0.1993	0.0255	0.1182
139	0.0090	0.1996	0.0255	0.1183
140	0.0085	0.1991	0.0254	0.1182
141	0.0089	0.1985	0.0254	0.1181
142	0.0090	0.1981	0.0253	0.1179
143	0.0077	0.1986	0.0254	0.1181
144	0.0084	0.1983	0.0253	0.1180
145	0.0082	0.1987	0.0254	0.1182
146	0.0087	0.1982	0.0253	0.1181
147	0.0076	0.1982	0.0253	0.1181
148	0.0083	0.1984	0.0253	0.1182
149	0.0081	0.1987	0.0253	0.1180
150	0.0082	0.1987	0.0253	0.1182
