{"n_layers": 0, "device": "cuda", "batch_size": 2048, "embedding_dim": 128, "learning_rate": 0.0005, "dataset": "dbbook", "epochs": 150, "top_k": 20, "multimodal": true, "datasets": {"dbbook": ["images", "text"], "ml1m": ["audio", "images", "text", "video"]}}
Epoch	Loss	Recall	Precision	NDCG
1	0.6931	0.0042	0.0014	0.0026
2	0.6918	0.0053	0.0017	0.0033
3	0.6907	0.0087	0.0027	0.0055
4	0.6895	0.0132	0.0042	0.0093
5	0.6882	0.0192	0.0062	0.0147
6	0.6866	0.0261	0.0085	0.0209
7	0.6849	0.0339	0.0110	0.0279
8	0.6828	0.0423	0.0139	0.0346
9	0.6805	0.0493	0.0166	0.0410
10	0.6777	0.0563	0.0191	0.0471
11	0.6744	0.0632	0.0214	0.0520
12	0.6707	0.0692	0.0235	0.0565
13	0.6663	0.0729	0.0250	0.0599
14	0.6613	0.0767	0.0263	0.0627
15	0.6556	0.0796	0.0274	0.0650
16	0.6491	0.0823	0.0283	0.0668
17	0.6420	0.0842	0.0290	0.0683
18	0.6340	0.0865	0.0299	0.0703
19	0.6251	0.0872	0.0303	0.0709
20	0.6157	0.0884	0.0306	0.0717
21	0.6053	0.0895	0.0311	0.0724
22	0.5939	0.0902	0.0315	0.0729
23	0.5830	0.0912	0.0316	0.0734
24	0.5706	0.0920	0.0318	0.0738
25	0.5582	0.0928	0.0322	0.0744
26	0.5458	0.0936	0.0323	0.0746
27	0.5322	0.0940	0.0326	0.0753
28	0.5195	0.0942	0.0327	0.0754
29	0.5058	0.0946	0.0328	0.0757
30	0.4926	0.0953	0.0330	0.0760
31	0.4795	0.0956	0.0331	0.0761
32	0.4669	0.0960	0.0332	0.0764
33	0.4543	0.0964	0.0334	0.0767
34	0.4417	0.0967	0.0335	0.0769
35	0.4298	0.0963	0.0333	0.0767
36	0.4178	0.0967	0.0335	0.0770
37	0.4074	0.0967	0.0336	0.0769
38	0.3948	0.0972	0.0338	0.0772
39	0.3851	0.0975	0.0339	0.0772
40	0.3749	0.0977	0.0340	0.0773
41	0.3657	0.0983	0.0341	0.0777
42	0.3551	0.0985	0.0342	0.0780
43	0.3474	0.0985	0.0342	0.0780
44	0.3376	0.0990	0.0344	0.0783
45	0.3294	0.0991	0.0344	0.0783
46	0.3208	0.0994	0.0345	0.0785
47	0.3136	0.0995	0.0345	0.0787
48	0.3055	0.1000	0.0347	0.0790
49	0.2990	0.1000	0.0347	0.0791
50	0.2930	0.1002	0.0347	0.0793
51	0.2854	0.1000	0.0346	0.0793
52	0.2795	0.1001	0.0347	0.0793
53	0.2733	0.1001	0.0348	0.0793
54	0.2668	0.1003	0.0348	0.0794
55	0.2609	0.1004	0.0348	0.0794
56	0.2560	0.1009	0.0350	0.0797
57	0.2501	0.1012	0.0349	0.0798
58	0.2453	0.1018	0.0351	0.0800
59	0.2407	0.1014	0.0350	0.0801
60	0.2349	0.1017	0.0351	0.0803
61	0.2305	0.1024	0.0353	0.0806
62	0.2253	0.1028	0.0354	0.0809
63	0.2212	0.1032	0.0355	0.0811
64	0.2161	0.1034	0.0356	0.0813
65	0.2130	0.1034	0.0357	0.0815
66	0.2078	0.1033	0.0357	0.0814
67	0.2066	0.1037	0.0357	0.0816
68	0.2004	0.1041	0.0358	0.0819
69	0.1956	0.1043	0.0359	0.0821
70	0.1943	0.1043	0.0359	0.0822
71	0.1898	0.1042	0.0359	0.0821
72	0.1846	0.1046	0.0359	0.0823
73	0.1844	0.1045	0.0359	0.0825
74	0.1791	0.1053	0.0360	0.0826
75	0.1760	0.1051	0.0360	0.0826
76	0.1716	0.1050	0.0360	0.0827
77	0.1696	0.1052	0.0361	0.0829
78	0.1667	0.1052	0.0361	0.0830
79	0.1647	0.1051	0.0361	0.0831
80	0.1627	0.1059	0.0363	0.0833
81	0.1584	0.1064	0.0364	0.0837
82	0.1551	0.1064	0.0365	0.0835
83	0.1526	0.1062	0.0365	0.0837
84	0.1508	0.1062	0.0365	0.0837
85	0.1486	0.1068	0.0366	0.0840
86	0.1446	0.1070	0.0367	0.0840
87	0.1431	0.1073	0.0368	0.0844
88	0.1409	0.1076	0.0369	0.0846
89	0.1373	0.1075	0.0370	0.0848
90	0.1360	0.1080	0.0370	0.0849
91	0.1330	0.1075	0.0369	0.0848
92	0.1319	0.1079	0.0370	0.0850
93	0.1314	0.1080	0.0370	0.0850
94	0.1276	0.1081	0.0371	0.0851
95	0.1261	0.1084	0.0371	0.0853
96	0.1249	0.1084	0.0371	0.0852
97	0.1211	0.1083	0.0371	0.0853
98	0.1190	0.1085	0.0372	0.0853
99	0.1191	0.1085	0.0371	0.0855
100	0.1163	0.1085	0.0371	0.0855
101	0.1149	0.1087	0.0372	0.0856
102	0.1115	0.1091	0.0372	0.0859
103	0.1114	0.1092	0.0373	0.0859
104	0.1090	0.1095	0.0373	0.0862
105	0.1074	0.1090	0.0372	0.0860
106	0.1060	0.1093	0.0373	0.0859
107	0.1049	0.1097	0.0373	0.0860
108	0.1026	0.1102	0.0375	0.0863
109	0.1014	0.1102	0.0375	0.0863
110	0.0997	0.1101	0.0375	0.0862
111	0.0981	0.1103	0.0375	0.0863
112	0.0968	0.1105	0.0376	0.0866
113	0.0948	0.1107	0.0377	0.0868
114	0.0946	0.1111	0.0378	0.0871
115	0.0927	0.1109	0.0378	0.0870
116	0.0912	0.1110	0.0378	0.0870
117	0.0912	0.1114	0.0379	0.0871
118	0.0881	0.1113	0.0379	0.0872
119	0.0865	0.1116	0.0379	0.0875
120	0.0858	0.1119	0.0380	0.0876
121	0.0858	0.1118	0.0380	0.0876
122	0.0854	0.1120	0.0380	0.0877
123	0.0831	0.1122	0.0380	0.0876
124	0.0824	0.1125	0.0381	0.0880
125	0.0799	0.1122	0.0381	0.0879
126	0.0802	0.1123	0.0381	0.0879
127	0.0785	0.1128	0.0382	0.0881
128	0.0773	0.1130	0.0382	0.0881
129	0.0761	0.1135	0.0384	0.0885
130	0.0747	0.1135	0.0384	0.0886
131	0.0740	0.1134	0.0383	0.0885
132	0.0741	0.1137	0.0383	0.0886
133	0.0721	0.1138	0.0384	0.0889
134	0.0701	0.1138	0.0383	0.0888
135	0.0712	0.1141	0.0384	0.0890
136	0.0691	0.1144	0.0385	0.0891
137	0.0699	0.1147	0.0387	0.0893
138	0.0689	0.1148	0.0387	0.0895
139	0.0675	0.1149	0.0387	0.0896
140	0.0668	0.1146	0.0386	0.0894
141	0.0659	0.1147	0.0386	0.0896
142	0.0646	0.1150	0.0387	0.0897
143	0.0641	0.1150	0.0387	0.0899
144	0.0638	0.1152	0.0389	0.0901
145	0.0626	0.1153	0.0389	0.0902
146	0.0619	0.1156	0.0390	0.0901
147	0.0617	0.1157	0.0390	0.0903
148	0.0606	0.1159	0.0391	0.0904
149	0.0583	0.1159	0.0391	0.0905
150	0.0586	0.1164	0.0393	0.0907
