{"n_layers": 0, "device": "cuda", "batch_size": 2048, "embedding_dim": 16, "learning_rate": 0.001, "dataset": "dbbook", "epochs": 150, "top_k": 50, "multimodal": false, "datasets": {"dbbook": ["images", "text"], "ml1m": ["audio", "images", "text", "video"]}}
Epoch	Loss	Recall	Precision	NDCG
1	0.6931	0.0104	0.0014	0.0046
2	0.6929	0.0147	0.0020	0.0074
3	0.6926	0.0243	0.0033	0.0143
4	0.6921	0.0371	0.0052	0.0233
5	0.6913	0.0530	0.0076	0.0316
6	0.6900	0.0686	0.0098	0.0389
7	0.6881	0.0814	0.0116	0.0447
8	0.6851	0.0925	0.0131	0.0499
9	0.6810	0.0994	0.0141	0.0537
10	0.6755	0.1063	0.0150	0.0569
11	0.6685	0.1109	0.0156	0.0592
12	0.6600	0.1144	0.0162	0.0613
13	0.6501	0.1168	0.0165	0.0626
14	0.6383	0.1186	0.0168	0.0635
15	0.6254	0.1205	0.0171	0.0647
16	0.6113	0.1223	0.0174	0.0657
17	0.5963	0.1233	0.0176	0.0663
18	0.5808	0.1247	0.0178	0.0670
19	0.5651	0.1260	0.0179	0.0677
20	0.5488	0.1268	0.0181	0.0683
21	0.5322	0.1272	0.0181	0.0687
22	0.5162	0.1273	0.0182	0.0691
23	0.5005	0.1288	0.0183	0.0696
24	0.4846	0.1294	0.0184	0.0700
25	0.4706	0.1299	0.0185	0.0704
26	0.4559	0.1309	0.0186	0.0709
27	0.4430	0.1321	0.0188	0.0714
28	0.4295	0.1333	0.0189	0.0720
29	0.4177	0.1340	0.0190	0.0724
30	0.4063	0.1342	0.0191	0.0727
31	0.3939	0.1349	0.0192	0.0731
32	0.3846	0.1351	0.0192	0.0733
33	0.3750	0.1360	0.0193	0.0737
34	0.3652	0.1358	0.0193	0.0737
35	0.3563	0.1361	0.0193	0.0739
36	0.3491	0.1366	0.0194	0.0742
37	0.3406	0.1369	0.0194	0.0744
38	0.3327	0.1371	0.0195	0.0746
39	0.3269	0.1378	0.0195	0.0749
40	0.3203	0.1380	0.0196	0.0751
41	0.3148	0.1380	0.0195	0.0752
42	0.3069	0.1383	0.0195	0.0753
43	0.3021	0.1390	0.0196	0.0758
44	0.2953	0.1397	0.0197	0.0760
45	0.2922	0.1394	0.0196	0.0759
46	0.2870	0.1393	0.0197	0.0760
47	0.2793	0.1399	0.0197	0.0764
48	0.2754	0.1404	0.0198	0.0766
49	0.2723	0.1406	0.0198	0.0767
50	0.2674	0.1413	0.0199	0.0768
51	0.2616	0.1417	0.0199	0.0770
52	0.2574	0.1419	0.0199	0.0771
53	0.2550	0.1424	0.0200	0.0774
54	0.2478	0.1430	0.0200	0.0776
55	0.2456	0.1430	0.0200	0.0776
56	0.2417	0.1433	0.0201	0.0777
57	0.2404	0.1434	0.0201	0.0778
58	0.2363	0.1434	0.0200	0.0777
59	0.2318	0.1433	0.0200	0.0777
60	0.2272	0.1436	0.0201	0.0778
61	0.2244	0.1435	0.0200	0.0778
62	0.2209	0.1440	0.0200	0.0780
63	0.2166	0.1440	0.0201	0.0781
64	0.2156	0.1444	0.0201	0.0781
65	0.2128	0.1445	0.0201	0.0782
66	0.2081	0.1444	0.0201	0.0782
67	0.2061	0.1445	0.0202	0.0783
68	0.2036	0.1444	0.0202	0.0784
69	0.1989	0.1450	0.0202	0.0787
70	0.1964	0.1453	0.0203	0.0788
71	0.1953	0.1456	0.0203	0.0788
72	0.1919	0.1464	0.0204	0.0791
73	0.1916	0.1466	0.0204	0.0792
74	0.1860	0.1464	0.0204	0.0793
75	0.1843	0.1466	0.0204	0.0795
76	0.1808	0.1459	0.0204	0.0794
77	0.1784	0.1459	0.0204	0.0792
78	0.1809	0.1459	0.0204	0.0793
79	0.1745	0.1460	0.0203	0.0792
80	0.1742	0.1464	0.0204	0.0793
81	0.1718	0.1472	0.0204	0.0796
82	0.1674	0.1473	0.0204	0.0800
83	0.1680	0.1473	0.0204	0.0800
84	0.1647	0.1477	0.0205	0.0802
85	0.1639	0.1473	0.0204	0.0800
86	0.1607	0.1482	0.0205	0.0805
87	0.1593	0.1480	0.0205	0.0804
88	0.1589	0.1481	0.0206	0.0805
89	0.1569	0.1479	0.0205	0.0805
90	0.1542	0.1486	0.0206	0.0807
91	0.1541	0.1491	0.0206	0.0809
92	0.1477	0.1493	0.0207	0.0810
93	0.1499	0.1490	0.0206	0.0810
94	0.1462	0.1485	0.0206	0.0808
95	0.1465	0.1484	0.0206	0.0807
96	0.1421	0.1485	0.0205	0.0808
97	0.1410	0.1490	0.0206	0.0809
98	0.1413	0.1489	0.0206	0.0810
99	0.1375	0.1490	0.0206	0.0811
100	0.1362	0.1493	0.0207	0.0812
101	0.1353	0.1498	0.0207	0.0814
102	0.1356	0.1499	0.0207	0.0816
103	0.1339	0.1506	0.0208	0.0818
104	0.1333	0.1504	0.0208	0.0818
105	0.1277	0.1502	0.0208	0.0818
106	0.1298	0.1503	0.0208	0.0819
107	0.1266	0.1501	0.0207	0.0819
108	0.1248	0.1502	0.0208	0.0819
109	0.1229	0.1502	0.0207	0.0820
110	0.1234	0.1501	0.0207	0.0819
111	0.1222	0.1498	0.0207	0.0818
112	0.1190	0.1498	0.0207	0.0817
113	0.1200	0.1497	0.0206	0.0817
114	0.1183	0.1499	0.0207	0.0816
115	0.1156	0.1497	0.0207	0.0817
116	0.1147	0.1497	0.0206	0.0816
117	0.1153	0.1500	0.0207	0.0818
118	0.1129	0.1498	0.0207	0.0818
119	0.1117	0.1501	0.0207	0.0819
120	0.1111	0.1501	0.0207	0.0818
121	0.1092	0.1502	0.0207	0.0819
122	0.1070	0.1501	0.0207	0.0819
123	0.1074	0.1498	0.0207	0.0819
124	0.1075	0.1502	0.0208	0.0820
125	0.1066	0.1499	0.0207	0.0818
126	0.1046	0.1500	0.0207	0.0818
127	0.1046	0.1506	0.0208	0.0822
128	0.1032	0.1506	0.0208	0.0823
129	0.1026	0.1504	0.0208	0.0822
130	0.0982	0.1504	0.0208	0.0823
131	0.1006	0.1501	0.0207	0.0821
132	0.0991	0.1505	0.0208	0.0821
133	0.0995	0.1503	0.0207	0.0821
134	0.0993	0.1502	0.0207	0.0821
135	0.0959	0.1503	0.0207	0.0820
136	0.0957	0.1507	0.0208	0.0822
137	0.0960	0.1510	0.0208	0.0824
138	0.0925	0.1511	0.0208	0.0824
139	0.0938	0.1512	0.0208	0.0824
140	0.0902	0.1510	0.0208	0.0823
141	0.0912	0.1511	0.0208	0.0823
142	0.0919	0.1512	0.0208	0.0824
143	0.0914	0.1517	0.0209	0.0827
144	0.0896	0.1513	0.0208	0.0823
145	0.0893	0.1510	0.0208	0.0823
146	0.0880	0.1509	0.0208	0.0823
147	0.0885	0.1508	0.0208	0.0823
148	0.0872	0.1514	0.0209	0.0824
149	0.0855	0.1510	0.0208	0.0823
150	0.0834	0.1509	0.0207	0.0823
