{"n_layers": 2, "device": "cuda", "batch_size": 2048, "embedding_dim": 512, "learning_rate": 0.0005, "dataset": "dbbook", "epochs": 150, "top_k": 20, "multimodal": false, "datasets": {"dbbook": ["images", "text"], "ml1m": ["audio", "images", "text", "video"]}}
Epoch	Loss	Recall	Precision	NDCG
1	0.6910	0.0470	0.0167	0.0353
2	0.6871	0.0701	0.0251	0.0469
3	0.6759	0.0670	0.0242	0.0440
4	0.6482	0.0645	0.0235	0.0419
5	0.5986	0.0622	0.0227	0.0397
6	0.5345	0.0610	0.0225	0.0392
7	0.4722	0.0608	0.0223	0.0393
8	0.4195	0.0604	0.0223	0.0396
9	0.3818	0.0610	0.0224	0.0399
10	0.3513	0.0615	0.0226	0.0405
11	0.3288	0.0630	0.0230	0.0413
12	0.3124	0.0637	0.0235	0.0419
13	0.2979	0.0640	0.0237	0.0424
14	0.2855	0.0656	0.0242	0.0434
15	0.2733	0.0662	0.0244	0.0441
16	0.2619	0.0680	0.0248	0.0454
17	0.2473	0.0690	0.0251	0.0466
18	0.2356	0.0706	0.0255	0.0477
19	0.2230	0.0719	0.0259	0.0488
20	0.2172	0.0742	0.0265	0.0502
21	0.2095	0.0753	0.0270	0.0512
22	0.1993	0.0772	0.0276	0.0526
23	0.1919	0.0784	0.0280	0.0537
24	0.1850	0.0795	0.0285	0.0546
25	0.1752	0.0814	0.0290	0.0558
26	0.1699	0.0825	0.0293	0.0565
27	0.1666	0.0836	0.0297	0.0574
28	0.1594	0.0846	0.0300	0.0584
29	0.1494	0.0856	0.0303	0.0590
30	0.1436	0.0864	0.0306	0.0601
31	0.1379	0.0877	0.0309	0.0608
32	0.1364	0.0887	0.0312	0.0616
33	0.1297	0.0897	0.0315	0.0625
34	0.1248	0.0908	0.0317	0.0634
35	0.1199	0.0915	0.0321	0.0642
36	0.1166	0.0925	0.0322	0.0649
37	0.1127	0.0929	0.0323	0.0655
38	0.1132	0.0946	0.0328	0.0664
39	0.1073	0.0954	0.0332	0.0669
40	0.1063	0.0964	0.0333	0.0677
41	0.0985	0.0969	0.0336	0.0681
42	0.0955	0.0978	0.0339	0.0689
43	0.0936	0.0992	0.0344	0.0698
44	0.0902	0.1004	0.0347	0.0704
45	0.0871	0.1007	0.0348	0.0708
46	0.0844	0.1014	0.0350	0.0716
47	0.0864	0.1029	0.0354	0.0727
48	0.0798	0.1039	0.0357	0.0733
49	0.0788	0.1050	0.0360	0.0741
50	0.0781	0.1058	0.0363	0.0747
51	0.0783	0.1065	0.0365	0.0754
52	0.0731	0.1062	0.0364	0.0756
53	0.0688	0.1067	0.0366	0.0760
54	0.0694	0.1068	0.0367	0.0762
55	0.0687	0.1078	0.0370	0.0767
56	0.0674	0.1085	0.0371	0.0772
57	0.0669	0.1092	0.0372	0.0776
58	0.0623	0.1096	0.0374	0.0780
59	0.0605	0.1102	0.0375	0.0783
60	0.0608	0.1105	0.0375	0.0786
61	0.0591	0.1106	0.0376	0.0790
62	0.0573	0.1105	0.0376	0.0791
63	0.0557	0.1102	0.0376	0.0792
64	0.0536	0.1104	0.0377	0.0794
65	0.0540	0.1112	0.0379	0.0798
66	0.0527	0.1115	0.0380	0.0804
67	0.0512	0.1117	0.0380	0.0806
68	0.0490	0.1122	0.0381	0.0810
69	0.0496	0.1132	0.0384	0.0815
70	0.0481	0.1135	0.0384	0.0818
71	0.0480	0.1135	0.0385	0.0820
72	0.0468	0.1145	0.0387	0.0827
73	0.0472	0.1149	0.0389	0.0831
74	0.0444	0.1157	0.0390	0.0837
75	0.0431	0.1159	0.0392	0.0840
76	0.0431	0.1160	0.0391	0.0842
77	0.0427	0.1165	0.0392	0.0845
78	0.0418	0.1172	0.0392	0.0848
79	0.0412	0.1179	0.0394	0.0852
80	0.0408	0.1180	0.0394	0.0853
81	0.0402	0.1183	0.0395	0.0856
82	0.0380	0.1185	0.0396	0.0859
83	0.0396	0.1185	0.0396	0.0860
84	0.0355	0.1184	0.0396	0.0862
85	0.0369	0.1187	0.0396	0.0863
86	0.0349	0.1187	0.0396	0.0863
87	0.0354	0.1188	0.0397	0.0864
88	0.0356	0.1191	0.0398	0.0867
89	0.0345	0.1195	0.0400	0.0869
90	0.0341	0.1203	0.0402	0.0873
91	0.0330	0.1200	0.0400	0.0872
92	0.0323	0.1197	0.0400	0.0873
93	0.0322	0.1196	0.0400	0.0873
94	0.0330	0.1204	0.0402	0.0879
95	0.0326	0.1205	0.0402	0.0880
96	0.0300	0.1207	0.0403	0.0881
97	0.0296	0.1211	0.0403	0.0884
98	0.0287	0.1208	0.0402	0.0882
99	0.0303	0.1211	0.0403	0.0884
100	0.0285	0.1214	0.0403	0.0886
101	0.0288	0.1215	0.0404	0.0887
102	0.0287	0.1220	0.0405	0.0890
103	0.0288	0.1220	0.0404	0.0891
104	0.0277	0.1219	0.0404	0.0891
105	0.0274	0.1217	0.0403	0.0892
106	0.0278	0.1221	0.0404	0.0893
107	0.0259	0.1223	0.0405	0.0896
108	0.0257	0.1229	0.0407	0.0899
109	0.0257	0.1227	0.0407	0.0898
110	0.0262	0.1225	0.0406	0.0898
111	0.0250	0.1224	0.0406	0.0898
112	0.0250	0.1228	0.0406	0.0900
113	0.0244	0.1228	0.0405	0.0901
114	0.0237	0.1229	0.0406	0.0902
115	0.0236	0.1229	0.0405	0.0902
116	0.0246	0.1234	0.0407	0.0905
117	0.0236	0.1231	0.0406	0.0904
118	0.0224	0.1231	0.0405	0.0903
119	0.0222	0.1237	0.0407	0.0906
120	0.0223	0.1237	0.0407	0.0907
121	0.0227	0.1232	0.0406	0.0908
122	0.0220	0.1234	0.0407	0.0910
123	0.0216	0.1234	0.0407	0.0912
124	0.0218	0.1232	0.0407	0.0913
125	0.0212	0.1235	0.0409	0.0916
126	0.0217	0.1236	0.0410	0.0919
127	0.0219	0.1238	0.0410	0.0923
128	0.0203	0.1235	0.0409	0.0922
129	0.0189	0.1236	0.0409	0.0921
130	0.0206	0.1237	0.0409	0.0921
131	0.0196	0.1241	0.0411	0.0923
132	0.0199	0.1240	0.0410	0.0924
133	0.0196	0.1245	0.0411	0.0927
134	0.0181	0.1243	0.0410	0.0926
135	0.0184	0.1244	0.0410	0.0927
136	0.0188	0.1248	0.0411	0.0928
137	0.0195	0.1245	0.0411	0.0929
138	0.0184	0.1250	0.0412	0.0931
139	0.0199	0.1253	0.0411	0.0931
140	0.0189	0.1252	0.0411	0.0930
141	0.0187	0.1253	0.0411	0.0932
142	0.0185	0.1258	0.0413	0.0934
143	0.0182	0.1257	0.0413	0.0935
144	0.0172	0.1260	0.0413	0.0936
145	0.0174	0.1255	0.0412	0.0932
146	0.0170	0.1256	0.0412	0.0933
147	0.0179	0.1256	0.0411	0.0932
148	0.0163	0.1254	0.0411	0.0931
149	0.0173	0.1255	0.0410	0.0931
150	0.0164	0.1257	0.0411	0.0932
