{"n_layers": 0, "device": "cuda", "batch_size": 2048, "embedding_dim": 1024, "learning_rate": 0.001, "dataset": "dbbook", "epochs": 150, "top_k": 50, "multimodal": true, "datasets": {"dbbook": ["images", "text"], "ml1m": ["audio", "images", "text", "video"]}}
Epoch	Loss	Recall	Precision	NDCG
1	0.6930	0.0134	0.0017	0.0059
2	0.6807	0.0234	0.0031	0.0123
3	0.6680	0.0503	0.0067	0.0317
4	0.6512	0.0927	0.0123	0.0598
5	0.6276	0.1299	0.0176	0.0837
6	0.5955	0.1574	0.0216	0.1001
7	0.5532	0.1730	0.0238	0.1087
8	0.5022	0.1819	0.0251	0.1139
9	0.4460	0.1861	0.0257	0.1165
10	0.3893	0.1891	0.0262	0.1184
11	0.3365	0.1921	0.0265	0.1199
12	0.2905	0.1957	0.0269	0.1222
13	0.2501	0.1966	0.0271	0.1233
14	0.2172	0.1975	0.0272	0.1243
15	0.1892	0.2003	0.0275	0.1257
16	0.1651	0.2021	0.0276	0.1268
17	0.1460	0.2037	0.0278	0.1279
18	0.1289	0.2046	0.0280	0.1286
19	0.1151	0.2061	0.0282	0.1297
20	0.1028	0.2079	0.0284	0.1306
21	0.0917	0.2088	0.0285	0.1313
22	0.0841	0.2111	0.0287	0.1326
23	0.0755	0.2118	0.0288	0.1330
24	0.0690	0.2127	0.0289	0.1337
25	0.0633	0.2139	0.0290	0.1345
26	0.0584	0.2139	0.0290	0.1346
27	0.0530	0.2132	0.0289	0.1345
28	0.0489	0.2143	0.0290	0.1350
29	0.0460	0.2146	0.0291	0.1356
30	0.0429	0.2146	0.0291	0.1361
31	0.0400	0.2149	0.0291	0.1366
32	0.0373	0.2155	0.0292	0.1370
33	0.0344	0.2158	0.0292	0.1374
34	0.0331	0.2169	0.0293	0.1379
35	0.0312	0.2185	0.0295	0.1382
36	0.0294	0.2188	0.0295	0.1386
37	0.0276	0.2193	0.0296	0.1384
38	0.0264	0.2196	0.0295	0.1386
39	0.0257	0.2198	0.0295	0.1387
40	0.0237	0.2199	0.0296	0.1386
41	0.0234	0.2202	0.0296	0.1391
42	0.0217	0.2204	0.0296	0.1392
43	0.0214	0.2212	0.0297	0.1396
44	0.0203	0.2214	0.0297	0.1398
45	0.0195	0.2218	0.0298	0.1399
46	0.0189	0.2220	0.0298	0.1398
47	0.0183	0.2226	0.0299	0.1406
48	0.0172	0.2233	0.0299	0.1408
49	0.0168	0.2234	0.0300	0.1408
50	0.0163	0.2233	0.0299	0.1410
51	0.0162	0.2229	0.0299	0.1409
52	0.0158	0.2236	0.0300	0.1410
53	0.0154	0.2238	0.0300	0.1411
54	0.0144	0.2243	0.0300	0.1413
55	0.0142	0.2244	0.0301	0.1413
56	0.0138	0.2251	0.0301	0.1419
57	0.0137	0.2250	0.0301	0.1419
58	0.0133	0.2250	0.0300	0.1416
59	0.0133	0.2243	0.0300	0.1414
60	0.0128	0.2246	0.0300	0.1417
61	0.0125	0.2244	0.0300	0.1419
62	0.0124	0.2238	0.0299	0.1417
63	0.0118	0.2236	0.0299	0.1418
64	0.0119	0.2239	0.0299	0.1421
65	0.0120	0.2249	0.0300	0.1423
66	0.0114	0.2251	0.0300	0.1427
67	0.0113	0.2246	0.0300	0.1427
68	0.0110	0.2248	0.0300	0.1427
69	0.0108	0.2247	0.0299	0.1424
70	0.0106	0.2250	0.0300	0.1429
71	0.0104	0.2252	0.0300	0.1435
72	0.0104	0.2251	0.0300	0.1434
73	0.0103	0.2249	0.0300	0.1433
74	0.0103	0.2242	0.0299	0.1432
75	0.0102	0.2246	0.0300	0.1434
76	0.0094	0.2250	0.0300	0.1435
77	0.0098	0.2252	0.0300	0.1436
78	0.0098	0.2249	0.0300	0.1437
79	0.0100	0.2248	0.0300	0.1438
80	0.0093	0.2252	0.0300	0.1440
81	0.0095	0.2257	0.0300	0.1442
82	0.0093	0.2250	0.0300	0.1436
83	0.0091	0.2248	0.0299	0.1437
84	0.0090	0.2251	0.0299	0.1436
85	0.0089	0.2257	0.0300	0.1439
86	0.0089	0.2256	0.0300	0.1438
87	0.0092	0.2254	0.0300	0.1437
88	0.0087	0.2253	0.0300	0.1437
89	0.0089	0.2249	0.0300	0.1435
90	0.0089	0.2247	0.0299	0.1434
91	0.0086	0.2249	0.0299	0.1434
92	0.0083	0.2248	0.0299	0.1435
93	0.0086	0.2251	0.0300	0.1437
94	0.0082	0.2251	0.0300	0.1439
95	0.0089	0.2252	0.0300	0.1437
96	0.0081	0.2256	0.0300	0.1436
97	0.0085	0.2258	0.0300	0.1435
98	0.0082	0.2257	0.0300	0.1437
99	0.0087	0.2256	0.0300	0.1437
100	0.0082	0.2259	0.0300	0.1437
101	0.0079	0.2258	0.0300	0.1439
102	0.0081	0.2258	0.0300	0.1435
103	0.0086	0.2252	0.0299	0.1433
104	0.0079	0.2248	0.0299	0.1432
105	0.0078	0.2248	0.0299	0.1430
106	0.0076	0.2248	0.0299	0.1428
107	0.0079	0.2249	0.0299	0.1428
108	0.0081	0.2247	0.0299	0.1426
109	0.0078	0.2247	0.0298	0.1425
110	0.0079	0.2243	0.0298	0.1425
111	0.0073	0.2247	0.0299	0.1428
112	0.0078	0.2246	0.0298	0.1429
113	0.0078	0.2251	0.0299	0.1430
114	0.0075	0.2255	0.0299	0.1427
115	0.0077	0.2247	0.0298	0.1424
116	0.0077	0.2249	0.0299	0.1425
117	0.0077	0.2251	0.0299	0.1423
118	0.0074	0.2250	0.0299	0.1424
119	0.0079	0.2248	0.0299	0.1424
120	0.0074	0.2248	0.0299	0.1424
121	0.0072	0.2249	0.0299	0.1427
122	0.0076	0.2255	0.0299	0.1432
123	0.0077	0.2258	0.0299	0.1436
124	0.0074	0.2261	0.0300	0.1439
125	0.0076	0.2259	0.0300	0.1438
126	0.0070	0.2266	0.0300	0.1440
127	0.0071	0.2260	0.0300	0.1440
128	0.0073	0.2267	0.0301	0.1442
129	0.0075	0.2266	0.0300	0.1439
130	0.0076	0.2270	0.0300	0.1439
131	0.0073	0.2267	0.0300	0.1441
132	0.0071	0.2263	0.0300	0.1439
133	0.0076	0.2261	0.0300	0.1438
134	0.0074	0.2263	0.0300	0.1437
135	0.0068	0.2266	0.0300	0.1436
136	0.0076	0.2268	0.0300	0.1436
137	0.0071	0.2266	0.0300	0.1437
138	0.0075	0.2272	0.0301	0.1439
139	0.0074	0.2274	0.0301	0.1439
140	0.0078	0.2266	0.0300	0.1440
141	0.0077	0.2269	0.0300	0.1441
142	0.0071	0.2267	0.0300	0.1440
143	0.0065	0.2269	0.0300	0.1442
144	0.0073	0.2268	0.0300	0.1444
145	0.0080	0.2269	0.0300	0.1444
146	0.0075	0.2270	0.0300	0.1444
147	0.0070	0.2265	0.0299	0.1442
148	0.0071	0.2266	0.0300	0.1445
149	0.0069	0.2268	0.0300	0.1442
150	0.0073	0.2265	0.0299	0.1438
