{"n_layers": 0, "device": "cuda", "batch_size": 2048, "embedding_dim": 1024, "learning_rate": 0.001, "dataset": "dbbook", "epochs": 150, "top_k": 50, "multimodal": true, "datasets": {"dbbook": ["images", "text"], "ml1m": ["audio", "images", "text", "video"]}}
Epoch	Loss	Recall	Precision	NDCG
1	0.6930	0.0113	0.0015	0.0054
2	0.6748	0.0149	0.0019	0.0071
3	0.6576	0.0242	0.0030	0.0134
4	0.6374	0.0439	0.0057	0.0269
5	0.6126	0.0718	0.0094	0.0467
6	0.5821	0.1009	0.0137	0.0664
7	0.5453	0.1248	0.0170	0.0814
8	0.5027	0.1442	0.0199	0.0925
9	0.4559	0.1588	0.0218	0.1002
10	0.4077	0.1677	0.0230	0.1053
11	0.3599	0.1747	0.0240	0.1093
12	0.3154	0.1810	0.0248	0.1133
13	0.2757	0.1835	0.0253	0.1155
14	0.2403	0.1867	0.0257	0.1174
15	0.2100	0.1885	0.0260	0.1185
16	0.1841	0.1909	0.0262	0.1202
17	0.1620	0.1922	0.0265	0.1214
18	0.1431	0.1937	0.0266	0.1225
19	0.1268	0.1961	0.0268	0.1238
20	0.1128	0.1979	0.0270	0.1252
21	0.1018	0.1987	0.0271	0.1258
22	0.0907	0.1997	0.0272	0.1264
23	0.0827	0.2006	0.0272	0.1268
24	0.0749	0.2016	0.0273	0.1275
25	0.0676	0.2017	0.0274	0.1279
26	0.0619	0.2022	0.0274	0.1282
27	0.0578	0.2028	0.0275	0.1285
28	0.0529	0.2041	0.0276	0.1292
29	0.0493	0.2048	0.0277	0.1297
30	0.0454	0.2055	0.0278	0.1302
31	0.0422	0.2059	0.0279	0.1310
32	0.0396	0.2062	0.0279	0.1312
33	0.0368	0.2065	0.0279	0.1312
34	0.0350	0.2069	0.0280	0.1314
35	0.0325	0.2074	0.0280	0.1316
36	0.0305	0.2075	0.0280	0.1319
37	0.0291	0.2075	0.0280	0.1319
38	0.0276	0.2084	0.0281	0.1322
39	0.0268	0.2085	0.0281	0.1323
40	0.0254	0.2090	0.0281	0.1325
41	0.0244	0.2094	0.0282	0.1329
42	0.0228	0.2095	0.0282	0.1329
43	0.0222	0.2098	0.0282	0.1333
44	0.0211	0.2104	0.0283	0.1335
45	0.0206	0.2100	0.0282	0.1335
46	0.0191	0.2108	0.0282	0.1338
47	0.0189	0.2110	0.0283	0.1342
48	0.0181	0.2111	0.0283	0.1342
49	0.0176	0.2106	0.0282	0.1341
50	0.0171	0.2107	0.0283	0.1341
51	0.0162	0.2104	0.0283	0.1342
52	0.0159	0.2103	0.0283	0.1342
53	0.0155	0.2107	0.0283	0.1344
54	0.0153	0.2107	0.0283	0.1343
55	0.0145	0.2106	0.0283	0.1344
56	0.0147	0.2102	0.0282	0.1343
57	0.0140	0.2108	0.0283	0.1345
58	0.0137	0.2111	0.0283	0.1346
59	0.0128	0.2112	0.0283	0.1346
60	0.0127	0.2114	0.0284	0.1346
61	0.0126	0.2104	0.0283	0.1345
62	0.0124	0.2112	0.0284	0.1348
63	0.0124	0.2112	0.0283	0.1345
64	0.0122	0.2111	0.0283	0.1344
65	0.0119	0.2113	0.0284	0.1345
66	0.0116	0.2115	0.0284	0.1347
67	0.0116	0.2120	0.0284	0.1348
68	0.0111	0.2125	0.0284	0.1350
69	0.0109	0.2128	0.0285	0.1352
70	0.0109	0.2131	0.0285	0.1355
71	0.0108	0.2126	0.0285	0.1356
72	0.0103	0.2132	0.0285	0.1359
73	0.0101	0.2128	0.0285	0.1360
74	0.0101	0.2128	0.0285	0.1360
75	0.0104	0.2133	0.0285	0.1362
76	0.0102	0.2128	0.0284	0.1360
77	0.0102	0.2127	0.0284	0.1359
78	0.0091	0.2123	0.0284	0.1357
79	0.0095	0.2129	0.0284	0.1358
80	0.0096	0.2129	0.0284	0.1357
81	0.0090	0.2128	0.0284	0.1358
82	0.0092	0.2129	0.0285	0.1359
83	0.0089	0.2133	0.0285	0.1361
84	0.0088	0.2134	0.0285	0.1362
85	0.0089	0.2139	0.0286	0.1363
86	0.0086	0.2142	0.0286	0.1364
87	0.0086	0.2140	0.0285	0.1364
88	0.0089	0.2137	0.0286	0.1368
89	0.0085	0.2137	0.0286	0.1369
90	0.0088	0.2137	0.0286	0.1368
91	0.0084	0.2132	0.0285	0.1365
92	0.0086	0.2135	0.0285	0.1368
93	0.0087	0.2139	0.0285	0.1370
94	0.0081	0.2135	0.0285	0.1369
95	0.0083	0.2141	0.0286	0.1369
96	0.0081	0.2147	0.0286	0.1372
97	0.0077	0.2146	0.0287	0.1372
98	0.0079	0.2149	0.0287	0.1373
99	0.0080	0.2151	0.0287	0.1373
100	0.0081	0.2154	0.0287	0.1374
101	0.0076	0.2152	0.0287	0.1374
102	0.0081	0.2156	0.0287	0.1374
103	0.0081	0.2153	0.0287	0.1373
104	0.0079	0.2146	0.0286	0.1368
105	0.0079	0.2144	0.0286	0.1365
106	0.0075	0.2147	0.0286	0.1367
107	0.0076	0.2151	0.0286	0.1370
108	0.0079	0.2156	0.0287	0.1370
109	0.0077	0.2154	0.0286	0.1369
110	0.0073	0.2149	0.0286	0.1370
111	0.0076	0.2152	0.0286	0.1369
112	0.0078	0.2147	0.0286	0.1367
113	0.0080	0.2153	0.0286	0.1367
114	0.0072	0.2157	0.0286	0.1369
115	0.0074	0.2153	0.0286	0.1368
116	0.0075	0.2150	0.0286	0.1368
117	0.0076	0.2150	0.0286	0.1366
118	0.0078	0.2144	0.0285	0.1368
119	0.0072	0.2144	0.0285	0.1366
120	0.0074	0.2140	0.0285	0.1361
121	0.0070	0.2136	0.0284	0.1357
122	0.0076	0.2135	0.0284	0.1356
123	0.0074	0.2133	0.0283	0.1354
124	0.0069	0.2129	0.0283	0.1355
125	0.0074	0.2127	0.0283	0.1354
126	0.0075	0.2128	0.0283	0.1353
127	0.0081	0.2133	0.0283	0.1356
128	0.0072	0.2137	0.0283	0.1357
129	0.0070	0.2135	0.0283	0.1356
130	0.0071	0.2134	0.0283	0.1355
131	0.0073	0.2129	0.0283	0.1355
132	0.0074	0.2129	0.0283	0.1355
133	0.0068	0.2125	0.0282	0.1354
134	0.0073	0.2124	0.0282	0.1355
135	0.0067	0.2124	0.0282	0.1354
136	0.0067	0.2123	0.0281	0.1353
137	0.0072	0.2123	0.0281	0.1352
138	0.0069	0.2121	0.0281	0.1349
139	0.0072	0.2122	0.0281	0.1349
140	0.0067	0.2124	0.0282	0.1351
141	0.0070	0.2120	0.0281	0.1350
142	0.0068	0.2119	0.0281	0.1348
143	0.0072	0.2123	0.0281	0.1351
144	0.0069	0.2119	0.0281	0.1351
145	0.0072	0.2119	0.0281	0.1352
146	0.0071	0.2123	0.0281	0.1352
147	0.0069	0.2119	0.0281	0.1352
148	0.0069	0.2119	0.0280	0.1351
149	0.0067	0.2121	0.0281	0.1354
150	0.0073	0.2113	0.0280	0.1352
