{"n_layers": 0, "device": "cuda", "batch_size": 2048, "embedding_dim": 1024, "learning_rate": 0.001, "dataset": "dbbook", "epochs": 150, "top_k": 50, "multimodal": true, "datasets": {"dbbook": ["images", "text"], "ml1m": ["audio", "images", "text", "video"]}}
Epoch	Loss	Recall	Precision	NDCG
1	0.6927	0.0261	0.0032	0.0142
2	0.6791	0.0496	0.0063	0.0316
3	0.6649	0.0806	0.0104	0.0543
4	0.6456	0.1132	0.0150	0.0763
5	0.6187	0.1393	0.0188	0.0916
6	0.5816	0.1598	0.0216	0.1026
7	0.5346	0.1725	0.0234	0.1091
8	0.4793	0.1786	0.0244	0.1119
9	0.4211	0.1823	0.0250	0.1142
10	0.3660	0.1862	0.0256	0.1161
11	0.3165	0.1884	0.0259	0.1174
12	0.2736	0.1908	0.0263	0.1194
13	0.2388	0.1928	0.0266	0.1206
14	0.2079	0.1950	0.0270	0.1222
15	0.1828	0.1966	0.0272	0.1228
16	0.1614	0.1990	0.0274	0.1241
17	0.1434	0.2002	0.0276	0.1250
18	0.1287	0.2027	0.0278	0.1259
19	0.1154	0.2046	0.0281	0.1270
20	0.1051	0.2042	0.0281	0.1274
21	0.0940	0.2057	0.0283	0.1283
22	0.0846	0.2071	0.0284	0.1291
23	0.0780	0.2084	0.0285	0.1299
24	0.0717	0.2095	0.0286	0.1306
25	0.0664	0.2109	0.0287	0.1312
26	0.0608	0.2121	0.0288	0.1317
27	0.0559	0.2134	0.0290	0.1326
28	0.0520	0.2149	0.0291	0.1332
29	0.0492	0.2151	0.0292	0.1338
30	0.0458	0.2154	0.0292	0.1339
31	0.0422	0.2166	0.0293	0.1343
32	0.0404	0.2169	0.0294	0.1347
33	0.0380	0.2174	0.0294	0.1351
34	0.0360	0.2182	0.0295	0.1359
35	0.0337	0.2190	0.0295	0.1362
36	0.0310	0.2195	0.0296	0.1362
37	0.0303	0.2201	0.0297	0.1363
38	0.0292	0.2204	0.0297	0.1368
39	0.0281	0.2202	0.0297	0.1370
40	0.0266	0.2208	0.0298	0.1373
41	0.0253	0.2203	0.0297	0.1373
42	0.0240	0.2212	0.0298	0.1378
43	0.0229	0.2213	0.0298	0.1378
44	0.0227	0.2217	0.0298	0.1379
45	0.0214	0.2222	0.0299	0.1382
46	0.0207	0.2228	0.0300	0.1385
47	0.0203	0.2228	0.0300	0.1386
48	0.0191	0.2225	0.0299	0.1385
49	0.0183	0.2244	0.0301	0.1393
50	0.0181	0.2245	0.0301	0.1395
51	0.0179	0.2254	0.0302	0.1402
52	0.0171	0.2248	0.0302	0.1401
53	0.0165	0.2247	0.0302	0.1402
54	0.0163	0.2246	0.0302	0.1403
55	0.0155	0.2250	0.0302	0.1405
56	0.0149	0.2253	0.0302	0.1407
57	0.0150	0.2252	0.0302	0.1406
58	0.0142	0.2251	0.0302	0.1409
59	0.0141	0.2253	0.0303	0.1412
60	0.0144	0.2256	0.0303	0.1413
61	0.0139	0.2253	0.0303	0.1412
62	0.0138	0.2261	0.0303	0.1414
63	0.0132	0.2267	0.0304	0.1413
64	0.0133	0.2269	0.0304	0.1416
65	0.0129	0.2267	0.0304	0.1417
66	0.0120	0.2273	0.0304	0.1421
67	0.0123	0.2271	0.0304	0.1423
68	0.0123	0.2264	0.0304	0.1420
69	0.0120	0.2258	0.0303	0.1417
70	0.0118	0.2264	0.0304	0.1420
71	0.0117	0.2270	0.0304	0.1421
72	0.0116	0.2267	0.0304	0.1423
73	0.0111	0.2272	0.0304	0.1425
74	0.0111	0.2275	0.0304	0.1428
75	0.0108	0.2271	0.0304	0.1427
76	0.0108	0.2271	0.0304	0.1431
77	0.0105	0.2266	0.0304	0.1434
78	0.0104	0.2276	0.0305	0.1439
79	0.0103	0.2280	0.0305	0.1439
80	0.0100	0.2281	0.0305	0.1438
81	0.0101	0.2283	0.0306	0.1439
82	0.0098	0.2280	0.0305	0.1438
83	0.0098	0.2286	0.0305	0.1440
84	0.0099	0.2290	0.0306	0.1440
85	0.0098	0.2294	0.0306	0.1443
86	0.0100	0.2294	0.0305	0.1443
87	0.0098	0.2293	0.0306	0.1445
88	0.0094	0.2289	0.0306	0.1445
89	0.0095	0.2286	0.0305	0.1443
90	0.0093	0.2287	0.0305	0.1444
91	0.0097	0.2289	0.0305	0.1442
92	0.0092	0.2290	0.0306	0.1443
93	0.0092	0.2294	0.0305	0.1443
94	0.0096	0.2297	0.0306	0.1443
95	0.0092	0.2296	0.0306	0.1443
96	0.0088	0.2292	0.0305	0.1441
97	0.0093	0.2294	0.0305	0.1441
98	0.0087	0.2292	0.0305	0.1440
99	0.0089	0.2292	0.0305	0.1441
100	0.0081	0.2294	0.0305	0.1445
101	0.0084	0.2288	0.0305	0.1445
102	0.0087	0.2284	0.0304	0.1443
103	0.0085	0.2293	0.0305	0.1446
104	0.0083	0.2293	0.0305	0.1446
105	0.0084	0.2294	0.0305	0.1448
106	0.0081	0.2289	0.0304	0.1449
107	0.0086	0.2286	0.0304	0.1449
108	0.0083	0.2282	0.0304	0.1449
109	0.0084	0.2281	0.0304	0.1448
110	0.0083	0.2278	0.0304	0.1445
111	0.0080	0.2276	0.0303	0.1443
112	0.0081	0.2276	0.0303	0.1443
113	0.0079	0.2288	0.0304	0.1447
114	0.0079	0.2286	0.0304	0.1447
115	0.0078	0.2285	0.0304	0.1448
116	0.0081	0.2283	0.0304	0.1448
117	0.0082	0.2295	0.0305	0.1454
118	0.0083	0.2291	0.0304	0.1451
119	0.0078	0.2290	0.0304	0.1449
120	0.0076	0.2291	0.0304	0.1450
121	0.0078	0.2293	0.0304	0.1450
122	0.0075	0.2296	0.0305	0.1447
123	0.0077	0.2298	0.0305	0.1449
124	0.0081	0.2294	0.0304	0.1450
125	0.0072	0.2290	0.0304	0.1450
126	0.0077	0.2293	0.0305	0.1451
127	0.0076	0.2291	0.0304	0.1449
128	0.0079	0.2292	0.0304	0.1450
129	0.0077	0.2292	0.0304	0.1449
130	0.0078	0.2299	0.0305	0.1451
131	0.0077	0.2298	0.0304	0.1450
132	0.0078	0.2299	0.0305	0.1451
133	0.0077	0.2299	0.0305	0.1449
134	0.0075	0.2298	0.0304	0.1448
135	0.0077	0.2293	0.0304	0.1447
136	0.0076	0.2293	0.0304	0.1449
137	0.0077	0.2288	0.0304	0.1449
138	0.0074	0.2286	0.0304	0.1450
139	0.0074	0.2283	0.0303	0.1446
140	0.0078	0.2278	0.0302	0.1440
141	0.0072	0.2287	0.0303	0.1444
142	0.0071	0.2286	0.0303	0.1444
143	0.0073	0.2285	0.0303	0.1446
144	0.0076	0.2290	0.0304	0.1452
145	0.0075	0.2294	0.0304	0.1451
146	0.0072	0.2296	0.0304	0.1451
147	0.0075	0.2296	0.0305	0.1454
148	0.0071	0.2299	0.0305	0.1454
149	0.0074	0.2294	0.0304	0.1453
150	0.0072	0.2297	0.0305	0.1453
