{"n_layers": 0, "device": "cuda", "batch_size": 2048, "embedding_dim": 1024, "learning_rate": 0.001, "dataset": "dbbook", "epochs": 150, "top_k": 50, "multimodal": true, "datasets": {"dbbook": ["images", "text"], "ml1m": ["audio", "images", "text", "video"]}}
Epoch	Loss	Recall	Precision	NDCG
1	0.6929	0.0198	0.0025	0.0100
2	0.6823	0.0436	0.0055	0.0276
3	0.6705	0.0823	0.0109	0.0564
4	0.6534	0.1273	0.0170	0.0841
5	0.6277	0.1548	0.0209	0.1002
6	0.5906	0.1709	0.0235	0.1091
7	0.5414	0.1783	0.0246	0.1138
8	0.4829	0.1827	0.0252	0.1160
9	0.4214	0.1850	0.0257	0.1170
10	0.3623	0.1876	0.0261	0.1182
11	0.3109	0.1907	0.0265	0.1198
12	0.2677	0.1933	0.0268	0.1211
13	0.2324	0.1946	0.0269	0.1219
14	0.2014	0.1969	0.0272	0.1233
15	0.1762	0.1980	0.0273	0.1240
16	0.1561	0.2005	0.0276	0.1254
17	0.1384	0.2023	0.0278	0.1270
18	0.1235	0.2039	0.0280	0.1276
19	0.1106	0.2054	0.0281	0.1279
20	0.0996	0.2072	0.0282	0.1294
21	0.0896	0.2079	0.0283	0.1302
22	0.0815	0.2099	0.0286	0.1313
23	0.0736	0.2109	0.0287	0.1320
24	0.0680	0.2129	0.0289	0.1327
25	0.0623	0.2133	0.0289	0.1329
26	0.0580	0.2132	0.0289	0.1332
27	0.0525	0.2142	0.0290	0.1340
28	0.0492	0.2150	0.0292	0.1350
29	0.0464	0.2144	0.0291	0.1348
30	0.0424	0.2156	0.0292	0.1351
31	0.0387	0.2163	0.0294	0.1359
32	0.0377	0.2168	0.0294	0.1363
33	0.0352	0.2186	0.0296	0.1370
34	0.0327	0.2184	0.0296	0.1373
35	0.0316	0.2186	0.0296	0.1371
36	0.0302	0.2183	0.0295	0.1372
37	0.0287	0.2187	0.0296	0.1377
38	0.0269	0.2192	0.0296	0.1380
39	0.0258	0.2200	0.0296	0.1383
40	0.0247	0.2204	0.0297	0.1385
41	0.0234	0.2212	0.0298	0.1394
42	0.0226	0.2219	0.0299	0.1399
43	0.0218	0.2230	0.0300	0.1402
44	0.0207	0.2237	0.0301	0.1405
45	0.0204	0.2246	0.0302	0.1405
46	0.0191	0.2242	0.0301	0.1402
47	0.0187	0.2244	0.0301	0.1407
48	0.0179	0.2245	0.0301	0.1411
49	0.0172	0.2245	0.0301	0.1411
50	0.0170	0.2251	0.0302	0.1420
51	0.0162	0.2253	0.0302	0.1422
52	0.0158	0.2253	0.0302	0.1426
53	0.0157	0.2250	0.0302	0.1425
54	0.0153	0.2250	0.0302	0.1421
55	0.0150	0.2252	0.0302	0.1421
56	0.0145	0.2258	0.0302	0.1424
57	0.0141	0.2258	0.0302	0.1425
58	0.0142	0.2255	0.0302	0.1424
59	0.0131	0.2265	0.0302	0.1426
60	0.0128	0.2268	0.0303	0.1427
61	0.0130	0.2270	0.0303	0.1426
62	0.0130	0.2274	0.0304	0.1428
63	0.0125	0.2269	0.0303	0.1428
64	0.0124	0.2267	0.0302	0.1429
65	0.0115	0.2270	0.0302	0.1431
66	0.0120	0.2269	0.0303	0.1433
67	0.0116	0.2267	0.0303	0.1435
68	0.0116	0.2266	0.0302	0.1437
69	0.0111	0.2267	0.0302	0.1437
70	0.0106	0.2267	0.0303	0.1436
71	0.0109	0.2268	0.0303	0.1438
72	0.0111	0.2269	0.0303	0.1438
73	0.0107	0.2266	0.0303	0.1436
74	0.0103	0.2270	0.0303	0.1436
75	0.0101	0.2277	0.0304	0.1439
76	0.0101	0.2276	0.0304	0.1439
77	0.0102	0.2285	0.0304	0.1447
78	0.0101	0.2284	0.0304	0.1447
79	0.0096	0.2273	0.0303	0.1444
80	0.0098	0.2273	0.0303	0.1446
81	0.0098	0.2270	0.0303	0.1446
82	0.0096	0.2261	0.0302	0.1441
83	0.0094	0.2263	0.0302	0.1442
84	0.0089	0.2263	0.0302	0.1445
85	0.0096	0.2262	0.0302	0.1442
86	0.0093	0.2261	0.0302	0.1443
87	0.0088	0.2265	0.0302	0.1444
88	0.0090	0.2266	0.0302	0.1441
89	0.0090	0.2268	0.0302	0.1440
90	0.0089	0.2264	0.0302	0.1437
91	0.0091	0.2265	0.0302	0.1435
92	0.0089	0.2270	0.0302	0.1439
93	0.0085	0.2274	0.0302	0.1442
94	0.0086	0.2276	0.0302	0.1443
95	0.0083	0.2269	0.0302	0.1443
96	0.0083	0.2272	0.0303	0.1446
97	0.0086	0.2275	0.0302	0.1445
98	0.0085	0.2271	0.0301	0.1443
99	0.0084	0.2268	0.0301	0.1441
100	0.0086	0.2269	0.0301	0.1442
101	0.0084	0.2261	0.0300	0.1438
102	0.0083	0.2267	0.0301	0.1441
103	0.0080	0.2269	0.0301	0.1441
104	0.0085	0.2269	0.0301	0.1444
105	0.0084	0.2271	0.0301	0.1447
106	0.0084	0.2276	0.0302	0.1448
107	0.0077	0.2269	0.0301	0.1448
108	0.0081	0.2270	0.0301	0.1450
109	0.0077	0.2276	0.0302	0.1453
110	0.0081	0.2275	0.0301	0.1452
111	0.0078	0.2276	0.0302	0.1451
112	0.0076	0.2274	0.0301	0.1451
113	0.0081	0.2282	0.0302	0.1456
114	0.0079	0.2286	0.0302	0.1456
115	0.0078	0.2278	0.0301	0.1455
116	0.0078	0.2274	0.0301	0.1452
117	0.0077	0.2282	0.0302	0.1454
118	0.0079	0.2288	0.0302	0.1458
119	0.0073	0.2289	0.0303	0.1457
120	0.0074	0.2288	0.0302	0.1456
121	0.0077	0.2290	0.0303	0.1457
122	0.0078	0.2291	0.0303	0.1461
123	0.0076	0.2292	0.0303	0.1463
124	0.0077	0.2296	0.0302	0.1463
125	0.0073	0.2287	0.0301	0.1461
126	0.0077	0.2294	0.0302	0.1462
127	0.0076	0.2296	0.0303	0.1458
128	0.0073	0.2301	0.0303	0.1460
129	0.0076	0.2302	0.0303	0.1461
130	0.0078	0.2310	0.0304	0.1463
131	0.0069	0.2311	0.0304	0.1461
132	0.0070	0.2309	0.0304	0.1460
133	0.0077	0.2302	0.0303	0.1455
134	0.0078	0.2298	0.0303	0.1455
135	0.0076	0.2291	0.0302	0.1452
136	0.0077	0.2288	0.0301	0.1449
137	0.0076	0.2281	0.0301	0.1445
138	0.0075	0.2278	0.0300	0.1444
139	0.0074	0.2281	0.0300	0.1445
140	0.0071	0.2275	0.0300	0.1443
141	0.0075	0.2280	0.0300	0.1444
142	0.0072	0.2280	0.0300	0.1448
143	0.0073	0.2286	0.0301	0.1450
144	0.0070	0.2292	0.0301	0.1450
145	0.0072	0.2289	0.0301	0.1450
146	0.0072	0.2297	0.0302	0.1452
147	0.0074	0.2298	0.0302	0.1452
148	0.0076	0.2295	0.0302	0.1452
149	0.0069	0.2299	0.0303	0.1456
150	0.0072	0.2299	0.0303	0.1458
