{"n_layers": 0, "device": "cuda", "batch_size": 2048, "embedding_dim": 256, "learning_rate": 0.0005, "dataset": "dbbook", "epochs": 150, "top_k": 50, "multimodal": true, "datasets": {"dbbook": ["images", "text"], "ml1m": ["audio", "images", "text", "video"]}}
Epoch	Loss	Recall	Precision	NDCG
1	0.6930	0.0121	0.0016	0.0057
2	0.6905	0.0170	0.0021	0.0083
3	0.6882	0.0245	0.0031	0.0129
4	0.6858	0.0339	0.0043	0.0198
5	0.6832	0.0440	0.0057	0.0281
6	0.6801	0.0552	0.0072	0.0366
7	0.6767	0.0675	0.0089	0.0454
8	0.6727	0.0809	0.0107	0.0542
9	0.6681	0.0947	0.0126	0.0627
10	0.6627	0.1066	0.0144	0.0701
11	0.6563	0.1166	0.0158	0.0761
12	0.6492	0.1258	0.0171	0.0812
13	0.6408	0.1325	0.0182	0.0854
14	0.6315	0.1402	0.0193	0.0897
15	0.6210	0.1467	0.0202	0.0929
16	0.6094	0.1514	0.0210	0.0953
17	0.5966	0.1559	0.0216	0.0974
18	0.5827	0.1603	0.0222	0.0995
19	0.5681	0.1644	0.0227	0.1014
20	0.5525	0.1679	0.0232	0.1030
21	0.5364	0.1695	0.0235	0.1038
22	0.5196	0.1709	0.0237	0.1048
23	0.5029	0.1729	0.0241	0.1054
24	0.4861	0.1740	0.0242	0.1060
25	0.4687	0.1754	0.0244	0.1065
26	0.4521	0.1761	0.0245	0.1069
27	0.4361	0.1771	0.0246	0.1075
28	0.4198	0.1774	0.0247	0.1077
29	0.4036	0.1773	0.0247	0.1080
30	0.3901	0.1783	0.0248	0.1084
31	0.3752	0.1792	0.0250	0.1087
32	0.3614	0.1800	0.0251	0.1091
33	0.3480	0.1809	0.0252	0.1094
34	0.3355	0.1814	0.0252	0.1097
35	0.3247	0.1818	0.0253	0.1099
36	0.3125	0.1815	0.0253	0.1100
37	0.3025	0.1822	0.0254	0.1103
38	0.2929	0.1824	0.0254	0.1105
39	0.2820	0.1833	0.0256	0.1110
40	0.2725	0.1849	0.0257	0.1117
41	0.2632	0.1854	0.0258	0.1120
42	0.2540	0.1858	0.0258	0.1121
43	0.2477	0.1861	0.0258	0.1124
44	0.2385	0.1873	0.0259	0.1129
45	0.2325	0.1888	0.0260	0.1135
46	0.2269	0.1897	0.0262	0.1141
47	0.2202	0.1904	0.0262	0.1142
48	0.2133	0.1911	0.0263	0.1145
49	0.2078	0.1909	0.0263	0.1146
50	0.2004	0.1911	0.0263	0.1150
51	0.1960	0.1921	0.0264	0.1153
52	0.1901	0.1923	0.0265	0.1155
53	0.1850	0.1928	0.0265	0.1156
54	0.1795	0.1936	0.0266	0.1158
55	0.1744	0.1937	0.0266	0.1159
56	0.1701	0.1935	0.0265	0.1161
57	0.1641	0.1939	0.0266	0.1162
58	0.1622	0.1946	0.0266	0.1165
59	0.1570	0.1956	0.0268	0.1169
60	0.1525	0.1966	0.0269	0.1173
61	0.1495	0.1973	0.0269	0.1177
62	0.1451	0.1975	0.0270	0.1179
63	0.1425	0.1982	0.0271	0.1182
64	0.1390	0.1980	0.0270	0.1183
65	0.1340	0.1982	0.0271	0.1184
66	0.1318	0.1990	0.0271	0.1188
67	0.1284	0.1993	0.0272	0.1191
68	0.1251	0.1997	0.0272	0.1194
69	0.1209	0.2003	0.0273	0.1197
70	0.1193	0.2003	0.0273	0.1198
71	0.1174	0.2006	0.0273	0.1200
72	0.1137	0.2009	0.0274	0.1203
73	0.1116	0.2008	0.0274	0.1204
74	0.1084	0.2006	0.0274	0.1204
75	0.1052	0.2012	0.0274	0.1208
76	0.1039	0.2017	0.0275	0.1212
77	0.1012	0.2020	0.0275	0.1212
78	0.0993	0.2025	0.0276	0.1213
79	0.0966	0.2024	0.0276	0.1215
80	0.0949	0.2028	0.0276	0.1217
81	0.0926	0.2024	0.0276	0.1219
82	0.0918	0.2030	0.0277	0.1222
83	0.0900	0.2032	0.0277	0.1225
84	0.0883	0.2035	0.0277	0.1226
85	0.0853	0.2035	0.0277	0.1225
86	0.0837	0.2035	0.0277	0.1227
87	0.0815	0.2037	0.0278	0.1229
88	0.0811	0.2037	0.0278	0.1229
89	0.0784	0.2037	0.0278	0.1229
90	0.0764	0.2042	0.0278	0.1231
91	0.0760	0.2046	0.0279	0.1233
92	0.0745	0.2051	0.0279	0.1235
93	0.0714	0.2054	0.0279	0.1236
94	0.0715	0.2058	0.0280	0.1240
95	0.0711	0.2060	0.0280	0.1242
96	0.0690	0.2065	0.0281	0.1245
97	0.0674	0.2066	0.0281	0.1247
98	0.0656	0.2067	0.0281	0.1249
99	0.0631	0.2067	0.0281	0.1250
100	0.0640	0.2068	0.0282	0.1252
101	0.0609	0.2069	0.0282	0.1254
102	0.0610	0.2072	0.0282	0.1256
103	0.0593	0.2076	0.0283	0.1257
104	0.0587	0.2078	0.0283	0.1258
105	0.0572	0.2079	0.0283	0.1260
106	0.0573	0.2079	0.0283	0.1260
107	0.0554	0.2077	0.0283	0.1260
108	0.0557	0.2079	0.0283	0.1262
109	0.0534	0.2080	0.0283	0.1262
110	0.0531	0.2083	0.0283	0.1264
111	0.0518	0.2089	0.0284	0.1267
112	0.0520	0.2090	0.0284	0.1268
113	0.0507	0.2094	0.0284	0.1268
114	0.0496	0.2094	0.0284	0.1269
115	0.0478	0.2099	0.0285	0.1272
116	0.0481	0.2099	0.0284	0.1272
117	0.0460	0.2103	0.0285	0.1275
118	0.0465	0.2103	0.0285	0.1275
119	0.0457	0.2102	0.0285	0.1275
120	0.0457	0.2105	0.0285	0.1278
121	0.0440	0.2107	0.0285	0.1279
122	0.0456	0.2109	0.0285	0.1281
123	0.0425	0.2104	0.0285	0.1280
124	0.0418	0.2111	0.0286	0.1283
125	0.0418	0.2116	0.0286	0.1286
126	0.0410	0.2119	0.0286	0.1287
127	0.0403	0.2122	0.0287	0.1289
128	0.0400	0.2123	0.0287	0.1290
129	0.0393	0.2123	0.0287	0.1291
130	0.0387	0.2121	0.0286	0.1289
131	0.0384	0.2129	0.0288	0.1292
132	0.0380	0.2131	0.0288	0.1292
133	0.0372	0.2127	0.0287	0.1293
134	0.0365	0.2130	0.0287	0.1296
135	0.0369	0.2128	0.0288	0.1295
136	0.0366	0.2133	0.0288	0.1296
137	0.0350	0.2134	0.0288	0.1297
138	0.0351	0.2131	0.0288	0.1295
139	0.0352	0.2133	0.0288	0.1296
140	0.0343	0.2136	0.0289	0.1298
141	0.0338	0.2138	0.0289	0.1300
142	0.0335	0.2137	0.0289	0.1300
143	0.0326	0.2135	0.0289	0.1300
144	0.0318	0.2141	0.0289	0.1303
145	0.0318	0.2145	0.0289	0.1305
146	0.0311	0.2144	0.0289	0.1304
147	0.0319	0.2144	0.0289	0.1306
148	0.0304	0.2143	0.0289	0.1306
149	0.0309	0.2145	0.0289	0.1309
150	0.0303	0.2146	0.0289	0.1312
