{"device": "cuda:2", "multimodal": true, "embedding_dim": 512, "n_layers": 2, "epochs": 500, "learning_rate": 0.001, "log": true, "seed": 19, "top_k": [5, 10, 20, 50], "dataset": "dbbook", "batch_size": 2048, "single_branch": false, "autoencoder": false, "ensemble_fusion": false, "freeze": true, "fusion_modalities": "mean", "fusion_type": "late", "info_nce": false, "weighting": "normalized", "datasets": {"dbbook": ["images", "text"], "ml1m": ["audio", "images", "text", "video"]}}
Epoch	T-Loss	V-Loss	Precision@5	Recall@5	NDCG@5	Precision@10	Recall@10	NDCG@10	Precision@20	Recall@20	NDCG@20	Precision@50	Recall@50	NDCG@50
1	0.6931	0.6931	0.0014	0.001	0.0015	0.0016	0.0021	0.0019	0.0015	0.0048	0.0029	0.0015	0.0113	0.0053
2	0.6878	0.6929	0.0026	0.0017	0.0026	0.0023	0.0034	0.003	0.002	0.0063	0.0041	0.0019	0.0141	0.0069
3	0.6832	0.6925	0.0065	0.0052	0.0076	0.0053	0.0081	0.0079	0.004	0.0122	0.0096	0.0031	0.0235	0.0136
4	0.6785	0.6919	0.0168	0.0135	0.0208	0.0117	0.0181	0.0198	0.0089	0.0271	0.0234	0.006	0.0475	0.0303
5	0.6735	0.6908	0.0328	0.0264	0.0409	0.0226	0.0358	0.0385	0.0159	0.0502	0.0438	0.0102	0.0793	0.0543
6	0.668	0.6892	0.0461	0.0371	0.0573	0.0326	0.0518	0.0548	0.0232	0.0729	0.0627	0.0149	0.1156	0.078
7	0.662	0.6871	0.0545	0.0442	0.0679	0.04	0.064	0.0664	0.029	0.0913	0.0768	0.0188	0.1445	0.096
8	0.6554	0.6844	0.0599	0.049	0.0744	0.0446	0.0707	0.0731	0.0327	0.1025	0.0853	0.021	0.1613	0.1065
9	0.6482	0.6811	0.0639	0.052	0.079	0.0472	0.0747	0.0775	0.0345	0.1077	0.0901	0.0225	0.1723	0.1135
10	0.6403	0.677	0.0667	0.0542	0.0821	0.049	0.0776	0.0804	0.0361	0.1125	0.0938	0.0236	0.1791	0.118
11	0.6318	0.6723	0.0674	0.0549	0.0831	0.0509	0.0804	0.0827	0.037	0.1157	0.0962	0.0241	0.1824	0.1205
12	0.6231	0.6669	0.0684	0.0554	0.0842	0.0515	0.0816	0.0837	0.0376	0.1165	0.0972	0.0245	0.1857	0.1223
13	0.6136	0.6613	0.0694	0.0565	0.0859	0.0519	0.0823	0.0849	0.038	0.1176	0.0985	0.0248	0.1886	0.1241
14	0.6037	0.655	0.0702	0.0569	0.0861	0.0521	0.0821	0.0847	0.0384	0.1186	0.0988	0.025	0.1888	0.1242
15	0.5938	0.6484	0.071	0.0572	0.0865	0.052	0.0816	0.0844	0.0383	0.1185	0.0987	0.0252	0.1906	0.1248
16	0.584	0.6412	0.0708	0.0573	0.0865	0.0521	0.0819	0.0846	0.0383	0.1187	0.0988	0.0253	0.1918	0.1253
17	0.5741	0.6352	0.07	0.0567	0.0859	0.0518	0.0809	0.0842	0.0384	0.1184	0.0987	0.0254	0.192	0.1253
18	0.5645	0.6276	0.07	0.0565	0.0855	0.0511	0.0795	0.0831	0.0379	0.1177	0.0977	0.0253	0.1909	0.1244
19	0.5544	0.6212	0.0702	0.0566	0.086	0.0514	0.0799	0.0835	0.0379	0.1172	0.0978	0.0252	0.1912	0.1245
20	0.5453	0.6151	0.0708	0.0567	0.0863	0.0512	0.08	0.0836	0.0378	0.1167	0.0977	0.025	0.1888	0.1239
21	0.5362	0.6089	0.0706	0.0565	0.086	0.0514	0.0805	0.0836	0.0379	0.1171	0.0977	0.0249	0.189	0.1237
22	0.5277	0.6019	0.0701	0.0561	0.0863	0.0518	0.0808	0.0845	0.0378	0.1168	0.0982	0.025	0.1895	0.1245
23	0.519	0.5958	0.0703	0.0566	0.0858	0.0515	0.0802	0.0836	0.038	0.1174	0.0979	0.0251	0.1898	0.124
24	0.5108	0.5914	0.0691	0.0556	0.0847	0.0511	0.0797	0.0828	0.0376	0.1162	0.0967	0.0249	0.1884	0.123
25	0.5021	0.5853	0.0698	0.0557	0.0856	0.0514	0.0801	0.0834	0.0376	0.1159	0.097	0.025	0.1892	0.1236
26	0.4941	0.5799	0.0695	0.0556	0.085	0.0515	0.0807	0.0834	0.0379	0.1163	0.0971	0.0249	0.1882	0.1231
27	0.4868	0.5758	0.069	0.0555	0.0843	0.0513	0.0802	0.0828	0.0375	0.1154	0.0963	0.0249	0.1883	0.1226
28	0.4793	0.5699	0.068	0.0543	0.0833	0.0511	0.0804	0.0824	0.0378	0.117	0.0966	0.025	0.1898	0.1229
29	0.4726	0.5652	0.0683	0.0543	0.0833	0.0512	0.0805	0.0824	0.0381	0.1178	0.0968	0.0252	0.191	0.1232
30	0.465	0.5608	0.0685	0.0545	0.0837	0.0514	0.0803	0.0827	0.0378	0.1168	0.0966	0.025	0.1894	0.1228
31	0.4592	0.5544	0.0692	0.0552	0.0845	0.0515	0.0801	0.083	0.0378	0.1166	0.0969	0.0252	0.1906	0.1236
32	0.452	0.5513	0.0685	0.0552	0.084	0.0512	0.0797	0.0827	0.0374	0.1157	0.0964	0.0251	0.1894	0.1232
33	0.4451	0.5504	0.0685	0.0552	0.0842	0.0508	0.0794	0.0826	0.0374	0.1154	0.0964	0.025	0.1875	0.1228
34	0.4395	0.545	0.0683	0.0548	0.0838	0.0512	0.0802	0.0827	0.0371	0.1145	0.0958	0.0249	0.1866	0.1222
35	0.4335	0.5392	0.068	0.054	0.0828	0.0507	0.0788	0.0815	0.037	0.1149	0.0952	0.0248	0.1868	0.1214
36	0.4272	0.5386	0.068	0.0544	0.0835	0.0509	0.0789	0.082	0.0371	0.1149	0.0956	0.0249	0.1873	0.1221
37	0.4213	0.5343	0.0673	0.054	0.0824	0.0511	0.0797	0.0818	0.0369	0.1143	0.0948	0.0249	0.1878	0.1215
38	0.4162	0.5297	0.0682	0.0546	0.0833	0.0508	0.0785	0.0816	0.0373	0.1156	0.0955	0.025	0.1888	0.122
39	0.4121	0.526	0.0691	0.055	0.084	0.0513	0.0801	0.0825	0.0374	0.1153	0.0959	0.025	0.1876	0.1222
40	0.4051	0.5238	0.0684	0.055	0.0835	0.0509	0.0796	0.0821	0.0372	0.1149	0.0956	0.025	0.1883	0.1224
41	0.4014	0.5199	0.0687	0.0551	0.0837	0.051	0.0801	0.0823	0.0369	0.1144	0.0954	0.0251	0.1879	0.1223
42	0.395	0.5171	0.068	0.0544	0.0832	0.0513	0.0806	0.0824	0.0372	0.1149	0.0955	0.0249	0.1859	0.1216
43	0.3911	0.5154	0.0673	0.0535	0.0827	0.0512	0.0806	0.0825	0.0369	0.1135	0.0951	0.025	0.1864	0.1217
44	0.3867	0.5127	0.0686	0.0544	0.0838	0.0508	0.0795	0.0823	0.0371	0.1145	0.0956	0.0251	0.1883	0.1224
45	0.3823	0.5117	0.0685	0.055	0.0836	0.0504	0.0785	0.0817	0.0369	0.1137	0.0951	0.025	0.1869	0.1218
46	0.377	0.506	0.0682	0.0549	0.0835	0.0505	0.0792	0.082	0.0368	0.1129	0.095	0.025	0.1881	0.1223
47	0.3714	0.5056	0.0684	0.0547	0.0836	0.0507	0.079	0.0821	0.0369	0.1132	0.0952	0.0251	0.1882	0.1224
48	0.3687	0.5027	0.0678	0.0543	0.0831	0.051	0.0795	0.0822	0.0369	0.1132	0.0951	0.0251	0.1883	0.1223
49	0.3639	0.4965	0.0673	0.0539	0.0824	0.0507	0.0787	0.0815	0.0368	0.1126	0.0944	0.0252	0.1889	0.122
50	0.3599	0.495	0.0675	0.0539	0.0827	0.0504	0.0785	0.0815	0.0367	0.1125	0.0946	0.025	0.1879	0.1219
51	0.3546	0.4964	0.069	0.0552	0.0842	0.0507	0.0795	0.0824	0.0372	0.1142	0.0957	0.0251	0.1877	0.1226
52	0.3511	0.495	0.0676	0.0541	0.0829	0.0512	0.08	0.0823	0.037	0.1139	0.0953	0.0252	0.1888	0.1225
53	0.3465	0.4917	0.0684	0.0546	0.0833	0.0505	0.079	0.0817	0.037	0.1139	0.0951	0.0253	0.1901	0.1227
54	0.3436	0.4895	0.0679	0.0543	0.0829	0.0505	0.0791	0.0816	0.037	0.114	0.095	0.0255	0.1909	0.123
55	0.3403	0.4879	0.0673	0.054	0.0829	0.0502	0.0787	0.0816	0.0369	0.1132	0.095	0.0253	0.1898	0.1228
56	0.3369	0.4884	0.0679	0.0547	0.0832	0.0503	0.0786	0.0815	0.0367	0.1129	0.0947	0.0252	0.1894	0.1225
57	0.3327	0.4848	0.0684	0.0547	0.083	0.0507	0.0793	0.0815	0.0369	0.114	0.0947	0.0252	0.189	0.122
58	0.329	0.4823	0.0684	0.0547	0.0832	0.0507	0.0792	0.0817	0.0369	0.1133	0.0948	0.0252	0.1883	0.1222
59	0.3252	0.4792	0.0682	0.0547	0.0827	0.0505	0.0795	0.0814	0.0371	0.1142	0.0949	0.0253	0.1895	0.1223
60	0.3217	0.4792	0.0674	0.0543	0.0823	0.0505	0.0791	0.0814	0.0372	0.1151	0.0951	0.0253	0.19	0.1225
61	0.32	0.4735	0.0671	0.0534	0.0816	0.05	0.0783	0.0806	0.0367	0.1131	0.094	0.0254	0.19	0.1221
62	0.3154	0.4771	0.0681	0.0545	0.083	0.0501	0.0785	0.0812	0.0371	0.114	0.0949	0.0256	0.1922	0.1233
63	0.3126	0.473	0.0665	0.0534	0.0816	0.0498	0.0781	0.0805	0.037	0.1139	0.0944	0.0255	0.1914	0.1226
64	0.3084	0.4713	0.0662	0.0528	0.0818	0.0493	0.0775	0.0805	0.0368	0.1128	0.0943	0.0254	0.1909	0.1226
65	0.3069	0.4705	0.0672	0.0537	0.0825	0.0496	0.078	0.0808	0.037	0.1131	0.0946	0.0258	0.1925	0.1234
66	0.3031	0.4681	0.0672	0.054	0.0828	0.0502	0.0786	0.0816	0.0372	0.1146	0.0954	0.0257	0.1923	0.1237
67	0.3002	0.4678	0.0676	0.0544	0.0831	0.05	0.0785	0.0815	0.0371	0.1151	0.0955	0.0254	0.19	0.123
68	0.298	0.4672	0.0674	0.0542	0.083	0.0497	0.0775	0.0811	0.0368	0.1132	0.0949	0.0252	0.189	0.1225
69	0.2947	0.4629	0.0669	0.0537	0.0823	0.0499	0.0784	0.0811	0.0369	0.113	0.0947	0.0252	0.188	0.122
70	0.2904	0.4614	0.0668	0.053	0.0821	0.0499	0.0782	0.0811	0.037	0.113	0.0947	0.0253	0.1887	0.1223
71	0.2892	0.4583	0.0672	0.0533	0.0828	0.0497	0.0776	0.0812	0.0374	0.1137	0.0954	0.0255	0.1906	0.1233
72	0.2868	0.4609	0.0669	0.0532	0.0821	0.0499	0.0778	0.0808	0.0374	0.1145	0.0952	0.0255	0.1904	0.1228
73	0.2831	0.4598	0.0669	0.053	0.0818	0.0501	0.0788	0.0811	0.0373	0.1148	0.0952	0.0255	0.1899	0.1228
74	0.2786	0.4565	0.0671	0.0537	0.0828	0.0503	0.0788	0.0819	0.0373	0.1144	0.0956	0.0254	0.1889	0.123
75	0.2789	0.4554	0.0678	0.0549	0.0829	0.0498	0.078	0.081	0.0375	0.1147	0.0954	0.0255	0.1902	0.1229
76	0.2749	0.4566	0.0668	0.0535	0.082	0.0499	0.078	0.0809	0.0373	0.1149	0.0953	0.0255	0.1909	0.123
77	0.2721	0.4517	0.0661	0.0532	0.0815	0.0494	0.077	0.0803	0.0371	0.1142	0.0948	0.0255	0.1906	0.1227
78	0.27	0.4483	0.0658	0.0527	0.0813	0.0493	0.0769	0.0802	0.037	0.1136	0.0945	0.0254	0.1904	0.1225
79	0.2687	0.4527	0.0654	0.0524	0.0807	0.0495	0.0771	0.0801	0.0373	0.1149	0.0948	0.0253	0.1894	0.1219
80	0.265	0.4477	0.0652	0.0519	0.0803	0.0495	0.0772	0.0799	0.0372	0.1142	0.0944	0.0253	0.1893	0.1218
81	0.2623	0.4507	0.0669	0.0532	0.0817	0.0502	0.0782	0.0809	0.0375	0.1154	0.0954	0.0257	0.1916	0.1232
82	0.2582	0.4495	0.0671	0.0539	0.0822	0.0502	0.0778	0.081	0.0376	0.1155	0.0957	0.0257	0.1915	0.1234
83	0.2593	0.446	0.0667	0.0536	0.0816	0.05	0.0767	0.0803	0.0374	0.115	0.095	0.0255	0.191	0.1227
84	0.2544	0.4413	0.0659	0.053	0.0812	0.05	0.0777	0.0805	0.0372	0.1145	0.0947	0.0255	0.1907	0.1225
85	0.2539	0.4466	0.0667	0.0538	0.0818	0.0497	0.0781	0.0806	0.0373	0.1148	0.0949	0.0255	0.1906	0.1225
86	0.2497	0.4443	0.0655	0.0527	0.0805	0.0497	0.0781	0.0802	0.0374	0.1148	0.0946	0.0255	0.1909	0.1223
87	0.2486	0.444	0.0665	0.0533	0.0814	0.0499	0.0783	0.0807	0.0375	0.115	0.095	0.0256	0.1917	0.1229
88	0.2469	0.4461	0.0664	0.0532	0.082	0.0498	0.0778	0.0809	0.0371	0.1143	0.0951	0.0255	0.1911	0.123
89	0.245	0.443	0.0671	0.0538	0.0824	0.0496	0.0768	0.0805	0.0369	0.1134	0.0946	0.0255	0.191	0.1229
90	0.2425	0.4426	0.0667	0.0535	0.0821	0.0495	0.077	0.0805	0.0373	0.1145	0.0951	0.0256	0.1914	0.1231
91	0.2404	0.4415	0.067	0.0537	0.0827	0.0495	0.0778	0.0812	0.0373	0.1145	0.0955	0.0257	0.1916	0.1237
92	0.2379	0.4383	0.0671	0.0538	0.0825	0.0495	0.078	0.0811	0.0375	0.1151	0.0958	0.0256	0.1918	0.1237
93	0.2373	0.4385	0.0667	0.0538	0.0821	0.0499	0.0785	0.081	0.0374	0.1151	0.0953	0.0255	0.1908	0.123
94	0.2343	0.4379	0.0663	0.0532	0.0817	0.0496	0.0781	0.0807	0.0372	0.114	0.0949	0.0255	0.1909	0.1228
95	0.2344	0.4347	0.0662	0.0529	0.0815	0.05	0.0782	0.0808	0.0371	0.1134	0.0946	0.0256	0.1907	0.1227
96	0.23	0.4346	0.0663	0.053	0.0816	0.0502	0.0787	0.0811	0.0373	0.1144	0.0951	0.0257	0.1914	0.1233
97	0.2289	0.4339	0.0662	0.0525	0.0808	0.0497	0.0779	0.0802	0.0375	0.1149	0.0948	0.0257	0.1914	0.1227
98	0.2263	0.434	0.0661	0.0526	0.0808	0.0495	0.077	0.0798	0.0377	0.1153	0.095	0.0257	0.1913	0.1227
99	0.2241	0.4358	0.0654	0.0518	0.0803	0.0496	0.0774	0.08	0.0377	0.1155	0.095	0.0258	0.1928	0.1231
100	0.2238	0.433	0.0654	0.0519	0.0805	0.0498	0.0781	0.0804	0.0377	0.1158	0.0952	0.0259	0.1939	0.1237
101	0.2205	0.4352	0.0664	0.0529	0.0813	0.0501	0.0786	0.0808	0.0379	0.116	0.0956	0.026	0.1955	0.1243
102	0.2192	0.4347	0.0656	0.0524	0.0808	0.0496	0.078	0.0805	0.0378	0.1165	0.0956	0.0259	0.1942	0.1239
103	0.2168	0.4288	0.0664	0.0524	0.0813	0.05	0.0785	0.0808	0.038	0.1171	0.0959	0.026	0.1954	0.1243
104	0.2154	0.4302	0.0663	0.0528	0.0813	0.0504	0.0793	0.0812	0.0381	0.1181	0.0963	0.0259	0.194	0.1241
105	0.2137	0.4321	0.0665	0.0532	0.0813	0.05	0.0792	0.0809	0.0379	0.117	0.0958	0.0259	0.194	0.1238
106	0.2123	0.4316	0.0667	0.0537	0.0819	0.0506	0.08	0.0818	0.0381	0.1174	0.0965	0.0259	0.194	0.1243
107	0.2123	0.428	0.0665	0.0533	0.0817	0.0503	0.0794	0.0815	0.0379	0.116	0.096	0.0258	0.1933	0.124
108	0.2097	0.4307	0.067	0.0537	0.0822	0.0506	0.0792	0.0817	0.0378	0.1161	0.0961	0.0259	0.1942	0.1244
109	0.207	0.4287	0.0671	0.054	0.0826	0.0499	0.0781	0.0812	0.0377	0.1153	0.0958	0.0259	0.1933	0.1242
110	0.2048	0.4242	0.0664	0.0534	0.0816	0.0494	0.0774	0.0803	0.0377	0.1147	0.0951	0.0258	0.1927	0.1234
111	0.204	0.4199	0.0648	0.0524	0.0798	0.0493	0.0769	0.0793	0.0376	0.114	0.0941	0.0257	0.1931	0.1226
112	0.2026	0.4215	0.0646	0.0517	0.0794	0.049	0.0769	0.0792	0.0377	0.1142	0.0942	0.0259	0.1932	0.1227
113	0.2009	0.4219	0.0649	0.0517	0.0799	0.0493	0.0773	0.0798	0.0378	0.1147	0.0947	0.0259	0.1939	0.1234
114	0.1991	0.4252	0.0658	0.0523	0.081	0.0496	0.0776	0.0804	0.0378	0.1145	0.0951	0.0259	0.1941	0.1239
115	0.1977	0.4258	0.0668	0.0532	0.0823	0.0499	0.0779	0.081	0.0381	0.1164	0.0962	0.0259	0.1942	0.1243
116	0.1967	0.4248	0.0663	0.0531	0.0821	0.0497	0.0775	0.0808	0.038	0.1163	0.0961	0.0259	0.1938	0.1243
117	0.1962	0.4215	0.066	0.0527	0.082	0.05	0.0781	0.0813	0.038	0.116	0.0963	0.026	0.1941	0.1246
118	0.1925	0.4209	0.066	0.053	0.0821	0.0499	0.0782	0.0814	0.0382	0.117	0.0966	0.0259	0.1931	0.1245
119	0.1923	0.4236	0.0668	0.0534	0.0825	0.0499	0.0784	0.0814	0.0377	0.1155	0.096	0.0259	0.1931	0.1244
120	0.1914	0.4174	0.0658	0.0529	0.0815	0.0498	0.0785	0.081	0.0378	0.1161	0.0959	0.0258	0.1928	0.1238
121	0.1884	0.4195	0.0667	0.0537	0.0821	0.0501	0.0787	0.0813	0.0374	0.115	0.0954	0.0258	0.1922	0.1237
122	0.1871	0.416	0.0671	0.0539	0.0822	0.0502	0.0785	0.0811	0.0373	0.1146	0.0951	0.0258	0.1919	0.1234
123	0.187	0.419	0.0668	0.0535	0.0815	0.0498	0.0776	0.0801	0.0372	0.1143	0.0944	0.0258	0.1916	0.1228
124	0.1848	0.4181	0.067	0.0537	0.0821	0.0504	0.0786	0.0812	0.0377	0.1155	0.0956	0.0259	0.1924	0.1236
125	0.1853	0.4144	0.066	0.053	0.0814	0.0503	0.0785	0.0812	0.0378	0.1161	0.0959	0.026	0.1939	0.1243
126	0.1829	0.4158	0.0669	0.0536	0.0817	0.0503	0.0784	0.0811	0.0378	0.1159	0.0957	0.0261	0.1944	0.1244
127	0.1822	0.4136	0.067	0.0539	0.0819	0.0504	0.0791	0.0814	0.038	0.1167	0.096	0.0261	0.1951	0.1246
128	0.1807	0.417	0.0676	0.0541	0.0822	0.0504	0.0789	0.0812	0.0378	0.1166	0.0958	0.0261	0.1948	0.1243
129	0.1781	0.4192	0.0674	0.0539	0.0821	0.0504	0.0787	0.0811	0.0377	0.1161	0.0956	0.0261	0.1956	0.1244
130	0.1758	0.4125	0.0669	0.0534	0.0823	0.0504	0.0792	0.0816	0.0376	0.1149	0.0956	0.026	0.1948	0.1246
131	0.1767	0.4167	0.0662	0.0531	0.0815	0.0498	0.0784	0.0808	0.0377	0.1158	0.0956	0.0261	0.1948	0.1243
132	0.1763	0.4121	0.0657	0.0531	0.0809	0.05	0.0786	0.0807	0.0376	0.1153	0.0952	0.026	0.1947	0.124
133	0.1754	0.41	0.0645	0.0518	0.0795	0.0497	0.0782	0.0799	0.0377	0.1153	0.0946	0.026	0.1938	0.1232
134	0.1729	0.4157	0.0654	0.0523	0.0804	0.0495	0.0775	0.0799	0.0375	0.1149	0.0947	0.026	0.1939	0.1235
135	0.1725	0.4066	0.0661	0.0528	0.0809	0.0499	0.0778	0.0803	0.0374	0.1148	0.0947	0.0259	0.1929	0.1233
136	0.1705	0.4117	0.0664	0.0531	0.0807	0.0507	0.0792	0.0806	0.0376	0.1157	0.0947	0.026	0.1941	0.1234
137	0.1685	0.4152	0.0668	0.0531	0.0808	0.0501	0.0784	0.0801	0.0376	0.1157	0.0946	0.0261	0.1953	0.1235
138	0.1683	0.4123	0.0661	0.0531	0.0802	0.0499	0.0782	0.0797	0.0378	0.1156	0.0945	0.0261	0.1953	0.1234
139	0.1674	0.4095	0.0659	0.0531	0.0802	0.05	0.079	0.0801	0.0382	0.1168	0.0952	0.0263	0.1962	0.124
140	0.1657	0.4061	0.0664	0.0537	0.0813	0.0505	0.0792	0.0809	0.0383	0.1171	0.0959	0.0263	0.1952	0.1245
141	0.1657	0.4116	0.0663	0.0536	0.0814	0.05	0.0782	0.0806	0.0381	0.1167	0.0957	0.0263	0.1955	0.1245
142	0.1627	0.4089	0.0665	0.0538	0.0815	0.0504	0.0786	0.0809	0.0379	0.1156	0.0954	0.0261	0.1954	0.1243
143	0.1635	0.4139	0.0664	0.0535	0.0807	0.0501	0.0784	0.0801	0.0379	0.1165	0.095	0.0261	0.1944	0.1235
144	0.161	0.4187	0.0658	0.0529	0.0807	0.0498	0.0785	0.0803	0.0381	0.1169	0.0956	0.0262	0.1948	0.124
145	0.1598	0.4059	0.066	0.0531	0.0805	0.0498	0.0784	0.08	0.0381	0.1168	0.0952	0.0261	0.1947	0.1236
146	0.1598	0.4105	0.0658	0.0528	0.0802	0.0497	0.0781	0.0797	0.0381	0.1169	0.095	0.0261	0.1942	0.1232
147	0.1584	0.406	0.0662	0.0531	0.081	0.05	0.0785	0.0805	0.038	0.1162	0.0953	0.0261	0.1939	0.1237
148	0.1557	0.4029	0.0662	0.0531	0.081	0.05	0.0786	0.0806	0.0377	0.1156	0.0952	0.0261	0.194	0.1239
149	0.1568	0.4089	0.0661	0.0528	0.081	0.0506	0.0792	0.081	0.038	0.1165	0.0956	0.0262	0.1948	0.1242
150	0.1547	0.4043	0.066	0.0528	0.0807	0.0501	0.0782	0.0803	0.038	0.1166	0.0955	0.026	0.1943	0.1238
151	0.1542	0.4071	0.0661	0.0531	0.0807	0.0501	0.078	0.0802	0.0382	0.1172	0.0957	0.0262	0.1952	0.1241
152	0.1533	0.4066	0.0669	0.0533	0.081	0.0503	0.0781	0.0803	0.0383	0.1173	0.0957	0.0262	0.1951	0.1241
153	0.152	0.4094	0.0665	0.0538	0.081	0.0504	0.0785	0.0806	0.038	0.1163	0.0954	0.0262	0.1952	0.1241
154	0.1511	0.4035	0.0666	0.0535	0.0814	0.0508	0.0792	0.0813	0.0379	0.1153	0.0955	0.0261	0.1945	0.1242
155	0.1507	0.3989	0.0673	0.0537	0.0817	0.0509	0.0796	0.0813	0.0379	0.1156	0.0955	0.0262	0.1958	0.1245
156	0.1496	0.4052	0.0669	0.0533	0.0817	0.0511	0.08	0.0816	0.0379	0.1157	0.0956	0.0261	0.195	0.1245
157	0.1476	0.4009	0.0664	0.0531	0.0814	0.0506	0.0786	0.081	0.0377	0.1149	0.0953	0.026	0.1944	0.1241
158	0.1474	0.4051	0.066	0.0527	0.081	0.0506	0.0787	0.081	0.0379	0.1162	0.0956	0.0261	0.1961	0.1245
159	0.1469	0.4022	0.0668	0.0534	0.0814	0.0504	0.0784	0.0808	0.038	0.1175	0.0959	0.026	0.1955	0.1243
160	0.1461	0.4027	0.0666	0.0533	0.0814	0.0504	0.0786	0.0809	0.0383	0.1182	0.0963	0.0262	0.1963	0.1248
161	0.145	0.4038	0.0672	0.0537	0.0816	0.0503	0.0787	0.0808	0.0379	0.1173	0.0958	0.0263	0.1971	0.1249
162	0.144	0.4031	0.0672	0.0537	0.0821	0.0506	0.0787	0.0812	0.0379	0.117	0.096	0.0264	0.1969	0.1253
163	0.1429	0.4038	0.0676	0.054	0.0822	0.0509	0.0793	0.0813	0.038	0.1169	0.0958	0.0265	0.1981	0.1254
164	0.1428	0.4018	0.0676	0.0541	0.0819	0.0511	0.0796	0.0812	0.038	0.117	0.0958	0.0266	0.1986	0.1256
165	0.1419	0.3986	0.0676	0.0543	0.0818	0.0506	0.0792	0.0808	0.038	0.117	0.0956	0.0266	0.1986	0.1254
166	0.1406	0.4032	0.0676	0.0548	0.0819	0.0511	0.0803	0.0816	0.0384	0.1182	0.0965	0.0265	0.1984	0.1257
167	0.1398	0.4005	0.0676	0.0543	0.0823	0.0509	0.0804	0.0818	0.0387	0.1195	0.0972	0.0265	0.1983	0.126
168	0.1388	0.4022	0.0676	0.0541	0.0821	0.0512	0.081	0.082	0.0386	0.1191	0.097	0.0264	0.1978	0.1257
169	0.1392	0.3951	0.0675	0.0539	0.0823	0.0509	0.0804	0.0821	0.0385	0.1187	0.0971	0.0264	0.1977	0.126
170	0.138	0.3989	0.0672	0.0539	0.0818	0.0505	0.0796	0.0813	0.0382	0.1171	0.0962	0.0265	0.198	0.1257
171	0.1382	0.3992	0.0667	0.0535	0.0815	0.0507	0.0795	0.0813	0.0384	0.1176	0.0963	0.0267	0.1989	0.126
172	0.1352	0.3987	0.0666	0.0533	0.0814	0.051	0.0797	0.0815	0.0387	0.1189	0.0969	0.0267	0.1996	0.1262
173	0.1356	0.3977	0.0676	0.0541	0.0822	0.0514	0.08	0.0818	0.0387	0.119	0.097	0.0267	0.1998	0.1264
174	0.1354	0.3979	0.0677	0.0539	0.082	0.0513	0.0799	0.0817	0.0388	0.1192	0.0971	0.0267	0.2002	0.1264
175	0.1336	0.3934	0.0675	0.0544	0.0821	0.0515	0.0808	0.082	0.0389	0.1193	0.0971	0.0265	0.1989	0.1259
176	0.1332	0.393	0.0669	0.054	0.0818	0.0511	0.0802	0.0817	0.0385	0.1182	0.0967	0.0265	0.1986	0.1258
177	0.1327	0.3997	0.066	0.0532	0.0807	0.0511	0.0801	0.0812	0.0385	0.1186	0.0963	0.0265	0.1986	0.1254
178	0.131	0.3957	0.0667	0.0534	0.0813	0.051	0.0798	0.0813	0.0387	0.1194	0.0968	0.0266	0.1994	0.1259
179	0.1307	0.3964	0.0674	0.0541	0.0818	0.0513	0.0806	0.0817	0.0389	0.1198	0.0971	0.0267	0.1997	0.1261
180	0.1314	0.3992	0.0672	0.0539	0.0819	0.0512	0.0804	0.0817	0.0388	0.1192	0.097	0.0266	0.1994	0.1262
181	0.1292	0.3905	0.0671	0.0539	0.0823	0.0513	0.0805	0.0822	0.0386	0.1188	0.0972	0.0264	0.1981	0.1261
182	0.129	0.3995	0.0661	0.053	0.0807	0.0508	0.0799	0.0811	0.0385	0.1184	0.0962	0.0263	0.1974	0.125
183	0.1279	0.3991	0.0668	0.0538	0.0812	0.0507	0.0794	0.081	0.0384	0.1179	0.0961	0.0264	0.198	0.1252
184	0.128	0.396	0.0669	0.0538	0.0814	0.0507	0.0795	0.0811	0.0386	0.1194	0.0966	0.0265	0.1986	0.1256
185	0.1266	0.3982	0.0668	0.0536	0.0812	0.0511	0.0802	0.0814	0.0387	0.1199	0.0969	0.0266	0.1989	0.1258
186	0.1267	0.3967	0.0668	0.0536	0.0812	0.0513	0.0814	0.0818	0.0384	0.1186	0.0965	0.0267	0.1996	0.126
187	0.1257	0.3912	0.0678	0.0543	0.0817	0.0514	0.0811	0.0817	0.0384	0.1176	0.0961	0.0267	0.1998	0.1259
188	0.1255	0.3907	0.0674	0.0539	0.081	0.0512	0.0804	0.081	0.0383	0.1179	0.0956	0.0266	0.1987	0.1252
189	0.1248	0.3932	0.0668	0.0533	0.0807	0.0512	0.0812	0.0813	0.0383	0.1182	0.0959	0.0265	0.1981	0.1251
190	0.1235	0.3954	0.0669	0.0533	0.0806	0.0514	0.0811	0.0813	0.0385	0.1185	0.0959	0.0264	0.1971	0.1246
191	0.1225	0.3929	0.0666	0.0532	0.0802	0.0508	0.0804	0.0806	0.0386	0.1189	0.0959	0.0264	0.197	0.1244
192	0.1231	0.3882	0.0668	0.0533	0.0808	0.0507	0.0803	0.0809	0.0384	0.1188	0.096	0.0264	0.1974	0.1248
193	0.1214	0.3903	0.067	0.054	0.0815	0.051	0.0804	0.0815	0.0383	0.1186	0.0963	0.0264	0.1977	0.1252
194	0.1204	0.3951	0.0684	0.0548	0.0822	0.0513	0.0808	0.0815	0.0382	0.1182	0.0961	0.0265	0.1977	0.1252
195	0.1204	0.3978	0.0674	0.0539	0.0813	0.0513	0.0807	0.0813	0.0381	0.1179	0.0957	0.0265	0.1978	0.1249
196	0.1192	0.3874	0.0669	0.0536	0.0812	0.051	0.0801	0.0812	0.0378	0.1166	0.0953	0.0265	0.1977	0.125
197	0.1193	0.3932	0.0667	0.0534	0.0812	0.0511	0.0804	0.0814	0.0379	0.117	0.0957	0.0266	0.1977	0.1254
198	0.1185	0.3889	0.0674	0.0541	0.0822	0.0514	0.0813	0.0822	0.0385	0.1183	0.0968	0.0266	0.1991	0.1263
199	0.1179	0.3954	0.068	0.0546	0.0825	0.0513	0.0808	0.082	0.0385	0.1183	0.0968	0.0268	0.2003	0.1267
200	0.1176	0.391	0.0682	0.0542	0.0828	0.0516	0.0812	0.0825	0.0385	0.1185	0.0971	0.0268	0.2002	0.1269
201	0.1176	0.3939	0.0686	0.0549	0.0837	0.0517	0.0814	0.0831	0.0386	0.1188	0.0977	0.027	0.202	0.128
202	0.116	0.3886	0.0683	0.0548	0.0832	0.0514	0.0814	0.0829	0.0387	0.1193	0.0978	0.027	0.202	0.1279
203	0.1163	0.3935	0.0682	0.0551	0.083	0.0517	0.0819	0.0829	0.0385	0.1181	0.0972	0.027	0.2021	0.1277
204	0.1147	0.3936	0.0678	0.055	0.0829	0.0518	0.082	0.083	0.0387	0.1189	0.0975	0.027	0.2023	0.1278
205	0.1152	0.3908	0.0675	0.0541	0.0821	0.0514	0.0815	0.0823	0.0384	0.1179	0.0967	0.027	0.202	0.1273
206	0.114	0.3902	0.0679	0.054	0.0825	0.0511	0.0809	0.0821	0.0384	0.1178	0.0967	0.027	0.2023	0.1274
207	0.1131	0.39	0.0674	0.0537	0.0817	0.0509	0.0802	0.0815	0.0387	0.1189	0.0968	0.0272	0.2041	0.1276
208	0.1128	0.3937	0.0681	0.0547	0.0825	0.0509	0.0802	0.0816	0.0389	0.1195	0.0973	0.0272	0.2044	0.1279
209	0.1126	0.3939	0.0681	0.0546	0.0827	0.051	0.0802	0.082	0.0389	0.1195	0.0975	0.0271	0.2032	0.1279
210	0.1121	0.3894	0.0685	0.0549	0.0836	0.0512	0.0801	0.0826	0.0388	0.1189	0.0978	0.027	0.202	0.128
211	0.1109	0.3877	0.0689	0.0551	0.0834	0.0514	0.0809	0.0826	0.0388	0.1193	0.0977	0.0269	0.2017	0.1276
212	0.1119	0.3909	0.0677	0.0541	0.0825	0.0514	0.0803	0.0822	0.0388	0.1191	0.0974	0.0269	0.2016	0.1274
213	0.1105	0.3875	0.0683	0.0544	0.0826	0.0519	0.0812	0.0825	0.0386	0.1186	0.0971	0.0269	0.2007	0.1271
214	0.109	0.3904	0.0682	0.0546	0.0825	0.0519	0.0815	0.0825	0.0387	0.1183	0.097	0.0269	0.2009	0.127
215	0.1097	0.3924	0.0679	0.0543	0.0816	0.0514	0.0808	0.0814	0.0387	0.1182	0.0962	0.0269	0.2012	0.1263
216	0.109	0.3874	0.0676	0.0538	0.0818	0.0518	0.0812	0.0821	0.0387	0.1184	0.0967	0.0268	0.2008	0.1266
217	0.1094	0.3838	0.0678	0.0539	0.0818	0.0519	0.0811	0.0821	0.0386	0.1183	0.0967	0.0269	0.2012	0.1268
218	0.1074	0.3892	0.0688	0.055	0.083	0.0519	0.0808	0.0825	0.0387	0.1183	0.0971	0.0269	0.2014	0.1273
219	0.1075	0.3878	0.0682	0.055	0.083	0.0518	0.0817	0.083	0.039	0.119	0.0978	0.0269	0.202	0.1278
220	0.1076	0.3867	0.0683	0.0551	0.0831	0.0521	0.0824	0.0833	0.0388	0.1188	0.0977	0.027	0.2022	0.128
221	0.106	0.3851	0.068	0.0546	0.083	0.0522	0.0822	0.0834	0.0388	0.1185	0.0978	0.0269	0.2017	0.1279
222	0.106	0.3918	0.0683	0.0549	0.0834	0.0522	0.0822	0.0835	0.0392	0.12	0.0984	0.0268	0.2007	0.1278
223	0.1059	0.3866	0.0687	0.055	0.0836	0.0523	0.0819	0.0834	0.0392	0.12	0.0984	0.0268	0.1999	0.1275
224	0.1054	0.3889	0.0683	0.0549	0.0832	0.0522	0.0817	0.0832	0.0389	0.119	0.0979	0.0268	0.2003	0.1275
225	0.1048	0.3871	0.0681	0.0551	0.083	0.0518	0.0816	0.0829	0.039	0.1192	0.0979	0.0269	0.2012	0.1277
226	0.1045	0.3971	0.0683	0.0551	0.0828	0.052	0.082	0.0829	0.0391	0.1194	0.0978	0.0269	0.2012	0.1275
227	0.1043	0.3909	0.0685	0.0549	0.0828	0.0524	0.0826	0.0832	0.0391	0.1199	0.0978	0.0269	0.2015	0.1274
228	0.1023	0.3799	0.0691	0.0554	0.0833	0.0524	0.083	0.0835	0.0391	0.1194	0.0979	0.0269	0.2013	0.1276
229	0.1017	0.3881	0.0682	0.055	0.0828	0.0518	0.0816	0.0828	0.0388	0.1183	0.0973	0.0269	0.2019	0.1276
230	0.103	0.3839	0.0679	0.0547	0.0826	0.0517	0.0817	0.0827	0.0386	0.1179	0.0971	0.027	0.202	0.1276
231	0.1019	0.3888	0.0674	0.0541	0.082	0.0519	0.0819	0.0827	0.0388	0.1184	0.0971	0.027	0.2019	0.1274
232	0.1024	0.3869	0.068	0.0544	0.082	0.0515	0.0813	0.082	0.0386	0.1185	0.0967	0.027	0.2027	0.1272
233	0.1018	0.3909	0.0667	0.0535	0.0811	0.051	0.0801	0.0813	0.0386	0.1192	0.0967	0.027	0.2023	0.127
234	0.1008	0.39	0.0669	0.0535	0.081	0.0512	0.0802	0.0812	0.0387	0.1188	0.0963	0.027	0.203	0.1269
235	0.1009	0.3851	0.0673	0.054	0.0814	0.0513	0.0803	0.0814	0.0388	0.119	0.0966	0.0271	0.2035	0.1272
236	0.0996	0.386	0.0677	0.0543	0.0814	0.0516	0.0807	0.0815	0.0388	0.1196	0.0967	0.027	0.2027	0.1269
237	0.0992	0.3866	0.0671	0.0537	0.0813	0.0519	0.0807	0.0819	0.0388	0.1194	0.0969	0.027	0.2024	0.1272
238	0.099	0.3864	0.0674	0.0541	0.082	0.0522	0.0812	0.0825	0.0389	0.1196	0.0974	0.0271	0.2029	0.1277
239	0.0997	0.3871	0.0672	0.054	0.0815	0.0524	0.0817	0.0824	0.0389	0.1194	0.0971	0.0269	0.2016	0.127
240	0.0992	0.3846	0.068	0.0545	0.0819	0.0522	0.082	0.0824	0.0388	0.1191	0.0969	0.0269	0.2015	0.127
241	0.0981	0.3902	0.0675	0.0543	0.0815	0.0519	0.0813	0.0821	0.0388	0.119	0.0969	0.0269	0.2019	0.127
242	0.0988	0.3858	0.0682	0.0549	0.0824	0.0517	0.0809	0.0822	0.0389	0.1188	0.0972	0.027	0.2029	0.1277
243	0.0967	0.3902	0.0685	0.0553	0.0829	0.052	0.0813	0.0827	0.0389	0.119	0.0976	0.0271	0.2028	0.128
244	0.0962	0.388	0.0686	0.0554	0.083	0.0518	0.081	0.0825	0.039	0.1191	0.0976	0.027	0.2017	0.1276
245	0.0965	0.3816	0.0684	0.0553	0.0829	0.0517	0.0812	0.0826	0.039	0.1191	0.0977	0.027	0.202	0.1277
246	0.0966	0.3828	0.0675	0.0545	0.082	0.0519	0.0817	0.0825	0.0389	0.1194	0.0973	0.0271	0.2036	0.1279
247	0.0966	0.3851	0.0679	0.0546	0.0823	0.0523	0.0826	0.083	0.0388	0.119	0.0973	0.0273	0.2043	0.1282
248	0.0949	0.3853	0.0684	0.0557	0.083	0.0523	0.0825	0.0832	0.0389	0.1193	0.0977	0.0272	0.2038	0.1283
249	0.0951	0.3831	0.0681	0.0552	0.0828	0.0523	0.0823	0.0832	0.0393	0.1206	0.0983	0.0273	0.204	0.1286
250	0.0952	0.3832	0.0678	0.0548	0.083	0.0524	0.0826	0.0837	0.0391	0.1197	0.0984	0.0273	0.2037	0.1289
251	0.0951	0.3894	0.0682	0.0552	0.0833	0.0522	0.0822	0.0835	0.0391	0.1192	0.0982	0.0272	0.2038	0.1288
252	0.0928	0.3852	0.0678	0.055	0.0826	0.0522	0.082	0.0831	0.0391	0.1195	0.0979	0.0271	0.2037	0.1284
253	0.0937	0.3853	0.0677	0.0553	0.0827	0.0523	0.0823	0.0834	0.0391	0.1196	0.0981	0.0271	0.2036	0.1285
254	0.0935	0.3818	0.0688	0.0562	0.0834	0.0523	0.082	0.0833	0.039	0.1193	0.0979	0.0271	0.2031	0.1283
255	0.093	0.3823	0.068	0.0553	0.0831	0.0524	0.0825	0.0837	0.0392	0.1197	0.0985	0.0271	0.203	0.1286
256	0.0924	0.3841	0.0683	0.0557	0.0832	0.0525	0.0822	0.0835	0.0391	0.1194	0.0982	0.0271	0.2031	0.1286
257	0.0922	0.386	0.0686	0.0556	0.0836	0.0527	0.0827	0.0839	0.0393	0.12	0.0987	0.0271	0.2033	0.1288
258	0.0912	0.3866	0.0687	0.0555	0.0834	0.0526	0.0825	0.0836	0.0392	0.12	0.0984	0.0272	0.2037	0.1287
259	0.0915	0.3798	0.0693	0.0557	0.0839	0.0523	0.082	0.0834	0.0394	0.1203	0.0986	0.0272	0.2037	0.1288
260	0.0916	0.3867	0.069	0.0557	0.0835	0.0522	0.0818	0.0832	0.0392	0.1198	0.0982	0.0271	0.2032	0.1284
261	0.0911	0.3899	0.0685	0.0549	0.0829	0.0521	0.082	0.0828	0.0391	0.1196	0.0978	0.0271	0.2031	0.1281
262	0.0911	0.3845	0.0686	0.0555	0.0833	0.0522	0.0817	0.0831	0.0389	0.1192	0.0978	0.0271	0.2023	0.128
263	0.091	0.3832	0.068	0.055	0.0831	0.0525	0.0823	0.0836	0.039	0.1192	0.0981	0.0271	0.2022	0.1282
264	0.0906	0.383	0.0683	0.0551	0.0831	0.0526	0.0823	0.0835	0.0388	0.1187	0.0977	0.0272	0.2034	0.1285
265	0.0905	0.3854	0.0676	0.0547	0.0824	0.0521	0.0818	0.0829	0.0388	0.1185	0.0975	0.0273	0.2043	0.1286
266	0.0897	0.3834	0.0678	0.055	0.0823	0.0523	0.082	0.0829	0.0389	0.1193	0.0975	0.0273	0.2043	0.1284
267	0.0895	0.3791	0.0672	0.0542	0.0817	0.052	0.082	0.0826	0.0388	0.1192	0.0972	0.0273	0.2043	0.1282
268	0.0883	0.3792	0.0675	0.0543	0.0817	0.0521	0.082	0.0826	0.039	0.1191	0.0973	0.0272	0.2042	0.1281
269	0.0885	0.388	0.0675	0.0546	0.0818	0.0522	0.0824	0.0827	0.039	0.1194	0.0974	0.0271	0.2033	0.1279
270	0.0887	0.383	0.0675	0.0548	0.0822	0.0519	0.0815	0.0826	0.0391	0.1201	0.0978	0.0271	0.2024	0.1278
271	0.0875	0.3835	0.0674	0.0546	0.0818	0.0521	0.0822	0.0826	0.039	0.1195	0.0973	0.0271	0.2033	0.1277
272	0.0879	0.3863	0.0672	0.0546	0.082	0.0521	0.0824	0.0828	0.0389	0.1192	0.0974	0.0271	0.2035	0.128
273	0.0883	0.3799	0.0676	0.0545	0.0824	0.0521	0.082	0.0829	0.039	0.1192	0.0976	0.0272	0.2033	0.1282
274	0.0868	0.3799	0.0681	0.0545	0.0832	0.0524	0.0824	0.0836	0.0392	0.1196	0.0983	0.0273	0.2038	0.1288
275	0.0876	0.3829	0.0678	0.0548	0.083	0.0525	0.0825	0.0835	0.0392	0.1193	0.0981	0.0272	0.2032	0.1286
276	0.0861	0.3738	0.0683	0.0549	0.0834	0.0522	0.0819	0.0835	0.0394	0.1206	0.0987	0.0272	0.2034	0.1287
277	0.0866	0.3805	0.0688	0.0552	0.0838	0.0522	0.0822	0.0836	0.0396	0.1211	0.099	0.0272	0.2037	0.129
278	0.0858	0.3833	0.0689	0.0554	0.0834	0.0522	0.0828	0.0835	0.0395	0.1205	0.0986	0.0273	0.2042	0.1289
279	0.0854	0.3886	0.0683	0.0553	0.083	0.0517	0.0819	0.083	0.0394	0.1204	0.0984	0.0272	0.204	0.1287
280	0.0845	0.3812	0.068	0.0551	0.0825	0.052	0.0823	0.0829	0.0394	0.1208	0.0982	0.0273	0.2048	0.1287
281	0.0853	0.3833	0.0678	0.0547	0.0823	0.052	0.0823	0.083	0.0394	0.1208	0.0983	0.0274	0.2055	0.129
282	0.0852	0.3839	0.0675	0.0542	0.082	0.0525	0.0827	0.0832	0.0395	0.1209	0.0984	0.0274	0.2053	0.129
283	0.0847	0.3731	0.0685	0.0548	0.0834	0.0531	0.0839	0.0844	0.0396	0.1217	0.0993	0.0273	0.2048	0.1295
284	0.0841	0.3817	0.069	0.0552	0.0835	0.0532	0.084	0.0843	0.0397	0.1218	0.0992	0.0274	0.205	0.1295
285	0.0843	0.3814	0.0691	0.0554	0.0838	0.0536	0.0844	0.0847	0.0397	0.1216	0.0994	0.0274	0.2046	0.1296
286	0.0837	0.3825	0.0689	0.0555	0.084	0.0533	0.0844	0.0848	0.0399	0.1217	0.0996	0.0274	0.2051	0.1298
287	0.0838	0.3859	0.069	0.0557	0.0841	0.0528	0.0837	0.0843	0.0397	0.1211	0.0992	0.0274	0.2052	0.1297
288	0.0835	0.3784	0.0684	0.0547	0.0833	0.0527	0.0836	0.084	0.0396	0.1211	0.0989	0.0273	0.2046	0.1292
289	0.0826	0.3811	0.0676	0.0543	0.0824	0.0523	0.0826	0.0832	0.0393	0.1204	0.0981	0.0272	0.2038	0.1284
290	0.0828	0.382	0.0674	0.0542	0.082	0.0526	0.083	0.0833	0.0393	0.1201	0.098	0.0272	0.2039	0.1283
291	0.0826	0.3752	0.0676	0.0542	0.0821	0.0526	0.0831	0.0833	0.0394	0.1203	0.0981	0.0273	0.2036	0.1283
292	0.0821	0.3857	0.0677	0.0546	0.0824	0.0524	0.0827	0.0832	0.0395	0.1205	0.0983	0.0274	0.2049	0.1288
293	0.0829	0.3832	0.0679	0.0549	0.0821	0.0521	0.0824	0.0827	0.0394	0.1202	0.0978	0.0275	0.2059	0.1288
294	0.0825	0.3818	0.0678	0.0546	0.0819	0.0523	0.0822	0.0826	0.0392	0.1204	0.0977	0.0274	0.2056	0.1285
295	0.0822	0.3806	0.0681	0.055	0.0825	0.0523	0.0824	0.0829	0.0391	0.12	0.0978	0.0273	0.2046	0.1284
296	0.0814	0.3855	0.0676	0.0545	0.0818	0.0523	0.0822	0.0827	0.0389	0.1197	0.0973	0.0273	0.2047	0.1282
297	0.0814	0.3771	0.0676	0.0545	0.0817	0.0522	0.0822	0.0825	0.0391	0.1201	0.0974	0.0273	0.2048	0.1281
298	0.0805	0.377	0.0676	0.054	0.0817	0.0523	0.0821	0.0827	0.0393	0.1209	0.0979	0.0273	0.204	0.1281
299	0.0804	0.3801	0.0679	0.0544	0.0822	0.0528	0.0828	0.0833	0.0395	0.1214	0.0984	0.0273	0.2048	0.1286
300	0.0809	0.3832	0.0687	0.0551	0.0829	0.0526	0.0824	0.0832	0.0394	0.1208	0.0983	0.0273	0.2049	0.1287
301	0.08	0.3802	0.0683	0.0549	0.0827	0.0529	0.0832	0.0836	0.0394	0.1212	0.0985	0.0274	0.2054	0.129
302	0.0793	0.3793	0.068	0.0548	0.0828	0.0525	0.0825	0.0835	0.0395	0.1211	0.0988	0.0272	0.2041	0.1289
303	0.0798	0.3831	0.0684	0.0552	0.0829	0.0524	0.0825	0.0833	0.0396	0.1214	0.0987	0.0272	0.2037	0.1286
304	0.0795	0.3831	0.0686	0.0556	0.0833	0.0528	0.0831	0.0839	0.0394	0.1211	0.0988	0.0272	0.2038	0.129
305	0.0801	0.3797	0.0689	0.0556	0.0838	0.0533	0.0839	0.0845	0.0396	0.1221	0.0995	0.0274	0.2058	0.1299
306	0.0797	0.3774	0.0692	0.0557	0.0838	0.053	0.0835	0.0841	0.0399	0.1223	0.0995	0.0274	0.2058	0.1297
307	0.0789	0.3828	0.0698	0.0561	0.0843	0.0534	0.0848	0.0848	0.0397	0.1224	0.0996	0.0275	0.2062	0.1301
308	0.0783	0.3776	0.0698	0.0565	0.0842	0.0535	0.0847	0.0846	0.04	0.123	0.0998	0.0275	0.2067	0.1301
309	0.0786	0.3828	0.07	0.0562	0.0843	0.0532	0.0839	0.0844	0.04	0.1232	0.0999	0.0275	0.2063	0.13
310	0.0792	0.3815	0.0697	0.056	0.0841	0.0531	0.0838	0.0843	0.0397	0.1225	0.0995	0.0276	0.2067	0.1301
311	0.0786	0.3825	0.0696	0.056	0.0843	0.0527	0.0835	0.0842	0.0396	0.1217	0.0994	0.0276	0.2077	0.1305
312	0.0775	0.3828	0.0699	0.0562	0.0847	0.053	0.0839	0.0846	0.0396	0.1216	0.0995	0.0277	0.208	0.1308
313	0.0784	0.3794	0.0695	0.0561	0.0844	0.0529	0.0837	0.0844	0.0397	0.1223	0.0996	0.0277	0.2081	0.1308
314	0.0769	0.3829	0.0693	0.056	0.084	0.0526	0.0837	0.0841	0.0395	0.1219	0.0992	0.0277	0.2084	0.1306
315	0.0777	0.3855	0.0693	0.0556	0.084	0.0526	0.0837	0.0841	0.0392	0.1207	0.0988	0.0276	0.2073	0.1303
316	0.0766	0.3787	0.0694	0.0558	0.084	0.053	0.0843	0.0844	0.0394	0.1211	0.0989	0.0276	0.2075	0.1303
317	0.0772	0.3866	0.0693	0.0547	0.0833	0.0526	0.0838	0.0838	0.0395	0.1214	0.0988	0.0277	0.2082	0.1302
318	0.0764	0.3833	0.0692	0.0553	0.0835	0.0527	0.0834	0.084	0.0395	0.122	0.0991	0.0277	0.208	0.1304
319	0.0766	0.3801	0.0689	0.0554	0.0831	0.053	0.0834	0.0838	0.0394	0.1217	0.0987	0.0277	0.2078	0.1302
320	0.0758	0.382	0.0689	0.0556	0.0835	0.0527	0.0832	0.0839	0.0394	0.1216	0.099	0.0276	0.207	0.1302
321	0.0765	0.3857	0.069	0.0557	0.0836	0.0523	0.0829	0.0837	0.0393	0.1209	0.0987	0.0276	0.2074	0.1301
322	0.0758	0.3817	0.0692	0.0557	0.0838	0.0522	0.0828	0.0836	0.0393	0.1212	0.0987	0.0275	0.207	0.1299
323	0.0759	0.3782	0.0686	0.0552	0.0832	0.0523	0.0829	0.0835	0.0392	0.1205	0.0983	0.0274	0.2066	0.1295
324	0.0757	0.3774	0.0687	0.0556	0.0832	0.0526	0.0833	0.0836	0.0394	0.1208	0.0984	0.0274	0.2065	0.1294
325	0.0747	0.3819	0.0691	0.0558	0.0837	0.0528	0.0839	0.0841	0.0393	0.1195	0.0984	0.0274	0.2058	0.1295
326	0.0751	0.3797	0.0696	0.0556	0.0835	0.0528	0.0835	0.0838	0.0396	0.1208	0.0987	0.0275	0.2065	0.1296
327	0.0751	0.3762	0.0695	0.0561	0.0836	0.0529	0.0839	0.0839	0.0396	0.1209	0.0987	0.0275	0.2064	0.1296
328	0.0747	0.3751	0.0692	0.0558	0.0835	0.0529	0.0835	0.0839	0.0397	0.1211	0.0988	0.0275	0.2067	0.1298
329	0.0746	0.3784	0.0695	0.056	0.0838	0.0529	0.0838	0.0841	0.0394	0.1204	0.0986	0.0274	0.2062	0.1296
330	0.0744	0.3824	0.0692	0.0559	0.0837	0.0529	0.0839	0.0843	0.0395	0.1206	0.0989	0.0274	0.206	0.1299
331	0.0743	0.3806	0.069	0.0556	0.0836	0.0531	0.0841	0.0844	0.0395	0.1206	0.0989	0.0274	0.2062	0.1299
332	0.0741	0.3792	0.0695	0.0559	0.0838	0.053	0.0836	0.0841	0.0395	0.1205	0.0988	0.0275	0.2062	0.1298
333	0.0742	0.3805	0.0697	0.0562	0.084	0.0532	0.0837	0.0843	0.0396	0.1214	0.0991	0.0274	0.2056	0.1297
334	0.0738	0.3757	0.0698	0.0565	0.0841	0.0534	0.084	0.0845	0.0396	0.1211	0.0991	0.0274	0.2054	0.1298
335	0.074	0.3815	0.0701	0.0567	0.084	0.053	0.0836	0.084	0.0395	0.121	0.0988	0.0273	0.2047	0.1292
336	0.0738	0.383	0.0697	0.0565	0.0837	0.0532	0.0836	0.084	0.0397	0.1217	0.0989	0.0273	0.2051	0.1292
337	0.0738	0.3846	0.0694	0.0561	0.0833	0.0531	0.0833	0.0837	0.0397	0.1212	0.0986	0.0273	0.2049	0.129
338	0.0734	0.3784	0.0696	0.0563	0.0834	0.0533	0.0837	0.0838	0.0399	0.1219	0.0989	0.0273	0.2051	0.1291
339	0.0732	0.3777	0.07	0.0564	0.0845	0.0535	0.0842	0.0847	0.0399	0.1218	0.0995	0.0274	0.2058	0.13
340	0.0726	0.3776	0.0701	0.0565	0.0845	0.0535	0.0837	0.0846	0.0398	0.1219	0.0996	0.0276	0.2072	0.1306
341	0.0725	0.3797	0.07	0.0559	0.0843	0.0534	0.0838	0.0845	0.0399	0.1223	0.0996	0.0277	0.2075	0.1306
342	0.074	0.3808	0.0701	0.0562	0.0842	0.0535	0.0845	0.0845	0.0402	0.1233	0.0998	0.0277	0.2073	0.1304
343	0.0721	0.377	0.0698	0.0562	0.084	0.0536	0.0847	0.0847	0.0402	0.1232	0.0999	0.0277	0.2072	0.1305
344	0.0726	0.3826	0.0701	0.0565	0.0839	0.0537	0.0845	0.0843	0.0398	0.122	0.0992	0.0276	0.2072	0.1301
345	0.0725	0.3777	0.0699	0.0561	0.0839	0.0539	0.0849	0.0848	0.0399	0.1225	0.0996	0.0276	0.2073	0.1304
346	0.0719	0.3737	0.0705	0.0568	0.0844	0.054	0.0851	0.0849	0.0398	0.1219	0.0994	0.0276	0.2072	0.1304
347	0.0722	0.3813	0.0702	0.0564	0.0844	0.0538	0.0853	0.085	0.04	0.1227	0.0998	0.0277	0.2079	0.1308
348	0.0727	0.381	0.0697	0.056	0.0837	0.0534	0.0846	0.0844	0.0398	0.1222	0.0994	0.0276	0.2073	0.1303
349	0.0711	0.3795	0.0698	0.0559	0.0835	0.0534	0.0844	0.0841	0.04	0.1226	0.0993	0.0277	0.2077	0.1301
350	0.0712	0.3774	0.0694	0.0557	0.0831	0.0534	0.0842	0.0839	0.0398	0.1226	0.099	0.0276	0.2068	0.1297
351	0.0719	0.3745	0.069	0.0552	0.0827	0.0532	0.0837	0.0837	0.0398	0.122	0.0988	0.0276	0.207	0.1297
352	0.0717	0.3788	0.0692	0.0552	0.0835	0.0535	0.084	0.0844	0.04	0.1224	0.0996	0.0276	0.2071	0.1304
353	0.071	0.3785	0.0702	0.0563	0.0847	0.0533	0.0835	0.0846	0.0402	0.1231	0.1002	0.0278	0.208	0.1311
354	0.0713	0.3809	0.0703	0.0567	0.0848	0.0537	0.0843	0.085	0.0404	0.1238	0.1005	0.0278	0.2081	0.1312
355	0.0701	0.3828	0.0702	0.0567	0.085	0.0539	0.0846	0.0853	0.0403	0.1233	0.1006	0.0277	0.208	0.1314
356	0.071	0.3835	0.0702	0.0566	0.0855	0.054	0.0847	0.0859	0.0401	0.1227	0.1009	0.0277	0.2081	0.1319
357	0.0704	0.3806	0.0703	0.0565	0.0855	0.0541	0.0847	0.0859	0.0403	0.1234	0.1011	0.0277	0.2081	0.1318
358	0.0708	0.3792	0.0699	0.0566	0.0849	0.0539	0.0846	0.0854	0.0403	0.1232	0.1007	0.0277	0.2083	0.1314
359	0.07	0.3851	0.0699	0.0566	0.0845	0.0537	0.0841	0.0849	0.04	0.1228	0.1	0.0277	0.2084	0.1311
360	0.0701	0.3865	0.0697	0.056	0.0845	0.0537	0.0845	0.0851	0.04	0.1226	0.1002	0.0277	0.2082	0.1313
361	0.0699	0.381	0.0703	0.0568	0.0849	0.0537	0.0844	0.0851	0.0401	0.1233	0.1004	0.0278	0.2095	0.1317
362	0.0696	0.3887	0.0706	0.0566	0.0849	0.0539	0.0851	0.0853	0.04	0.1226	0.1001	0.0279	0.2096	0.1317
363	0.0698	0.3791	0.0703	0.0565	0.0846	0.0536	0.0844	0.0849	0.0399	0.1222	0.0999	0.0279	0.2094	0.1315
364	0.0701	0.3825	0.0703	0.0563	0.0846	0.0536	0.0842	0.0848	0.0401	0.1231	0.1002	0.0278	0.2092	0.1314
365	0.0699	0.378	0.0699	0.0562	0.0844	0.0537	0.0847	0.085	0.04	0.1226	0.1	0.0279	0.2094	0.1314
366	0.0687	0.3774	0.0696	0.056	0.0838	0.0534	0.0846	0.0845	0.0398	0.122	0.0993	0.0277	0.2082	0.1306
367	0.069	0.3766	0.069	0.055	0.0831	0.0534	0.0848	0.0844	0.0397	0.1213	0.0989	0.0277	0.2082	0.1304
368	0.0687	0.381	0.0699	0.0562	0.0838	0.0535	0.0845	0.0842	0.0398	0.1218	0.099	0.0277	0.2088	0.1304
369	0.0696	0.381	0.0699	0.0561	0.084	0.0534	0.0842	0.0844	0.04	0.1227	0.0996	0.0278	0.2092	0.1308
370	0.0682	0.3773	0.0713	0.0573	0.0855	0.0539	0.0853	0.0855	0.0399	0.1219	0.1	0.0277	0.2089	0.1314
371	0.0686	0.3806	0.0709	0.0567	0.0854	0.0542	0.0851	0.0858	0.04	0.122	0.1003	0.0278	0.2088	0.1317
372	0.069	0.3784	0.0707	0.0566	0.0851	0.0539	0.0847	0.0854	0.04	0.1222	0.1002	0.0277	0.2084	0.1314
373	0.0692	0.3769	0.0706	0.0566	0.085	0.0541	0.0852	0.0856	0.0404	0.1233	0.1007	0.0277	0.2083	0.1314
374	0.069	0.3794	0.0707	0.0567	0.085	0.0541	0.0854	0.0855	0.0404	0.1235	0.1006	0.0277	0.2084	0.1313
375	0.0681	0.382	0.0711	0.057	0.0851	0.0546	0.0865	0.0859	0.0402	0.1233	0.1004	0.0278	0.2093	0.1316
376	0.0673	0.3811	0.0713	0.0572	0.0854	0.0548	0.0866	0.0863	0.0403	0.124	0.1009	0.0279	0.2099	0.1321
377	0.0682	0.3754	0.0716	0.0575	0.0856	0.0546	0.0861	0.086	0.0402	0.1235	0.1006	0.0279	0.2103	0.1321
378	0.0684	0.3838	0.0713	0.0574	0.0852	0.0542	0.0857	0.0855	0.0401	0.123	0.1003	0.0278	0.2089	0.1315
379	0.0681	0.3803	0.0708	0.0567	0.085	0.0539	0.0855	0.0855	0.0402	0.1232	0.1005	0.0278	0.2083	0.1314
380	0.0674	0.3883	0.071	0.0568	0.0852	0.0538	0.0845	0.0853	0.0404	0.1241	0.1009	0.0278	0.2086	0.1316
381	0.0673	0.3824	0.071	0.0569	0.0849	0.0537	0.0846	0.085	0.0402	0.1235	0.1004	0.0277	0.2073	0.1309
382	0.0673	0.3804	0.071	0.0568	0.0851	0.0538	0.0844	0.0851	0.0403	0.1238	0.1007	0.0277	0.2075	0.1311
383	0.0684	0.3807	0.0712	0.0571	0.0854	0.0542	0.0851	0.0856	0.0404	0.1241	0.1009	0.0278	0.2084	0.1316
384	0.067	0.3828	0.0705	0.0567	0.0852	0.0542	0.0851	0.0858	0.0404	0.1244	0.1012	0.0279	0.2096	0.1322
385	0.0671	0.3789	0.0711	0.057	0.0854	0.0544	0.0859	0.086	0.0405	0.1245	0.1012	0.0278	0.209	0.1319
386	0.0673	0.381	0.0703	0.0564	0.0844	0.0542	0.0854	0.0853	0.0403	0.1234	0.1004	0.0279	0.2087	0.1314
387	0.0665	0.373	0.0703	0.0566	0.0845	0.0541	0.0854	0.0853	0.0405	0.1237	0.1006	0.0278	0.2082	0.1313
388	0.0671	0.3805	0.0705	0.0571	0.0853	0.0539	0.0853	0.0856	0.0403	0.1235	0.1009	0.0278	0.2085	0.1318
389	0.0664	0.3721	0.0703	0.057	0.0852	0.0536	0.0845	0.0853	0.0405	0.1244	0.1012	0.0278	0.2082	0.1317
390	0.0669	0.3762	0.0701	0.0567	0.0848	0.0538	0.085	0.0853	0.0405	0.1243	0.1009	0.0277	0.2079	0.1313
391	0.0668	0.3771	0.0696	0.0564	0.0844	0.0536	0.0845	0.085	0.0404	0.1236	0.1005	0.0277	0.2076	0.1311
392	0.0664	0.3789	0.0697	0.056	0.0843	0.0535	0.0846	0.085	0.0401	0.1225	0.1001	0.0277	0.2074	0.131
393	0.0669	0.3771	0.0702	0.0564	0.0846	0.0538	0.0849	0.0852	0.0402	0.1227	0.1002	0.0276	0.2068	0.1307
394	0.0663	0.3749	0.0691	0.0552	0.0835	0.054	0.0852	0.0851	0.0401	0.1227	0.1	0.0277	0.2072	0.1308
395	0.066	0.3801	0.069	0.0552	0.0832	0.0537	0.0848	0.0846	0.0402	0.1231	0.0998	0.0277	0.2076	0.1305
396	0.067	0.3791	0.0688	0.0556	0.0831	0.0538	0.0851	0.0847	0.0403	0.1237	0.1	0.0277	0.2077	0.1305
397	0.0662	0.3786	0.0694	0.0559	0.0838	0.0537	0.0851	0.085	0.0402	0.1232	0.1001	0.0278	0.2086	0.1311
398	0.0663	0.3755	0.0693	0.0555	0.0838	0.0536	0.0845	0.0849	0.0402	0.123	0.1001	0.028	0.21	0.1316
399	0.0656	0.3778	0.0699	0.0561	0.0841	0.0539	0.0855	0.0852	0.0403	0.1235	0.1002	0.0279	0.2107	0.1317
400	0.0656	0.3762	0.0706	0.0568	0.0847	0.0538	0.0849	0.0851	0.0402	0.1232	0.1003	0.028	0.2107	0.1319
401	0.066	0.3779	0.0706	0.0564	0.0847	0.054	0.0856	0.0854	0.0403	0.1233	0.1005	0.028	0.211	0.1321
402	0.0648	0.3747	0.0716	0.0574	0.0856	0.0543	0.0858	0.0858	0.0402	0.1232	0.1006	0.028	0.2108	0.1323
403	0.0657	0.3784	0.0711	0.0573	0.0854	0.0542	0.0857	0.0857	0.0404	0.124	0.1009	0.028	0.2107	0.1323
404	0.0649	0.3832	0.0709	0.0567	0.0851	0.0542	0.0856	0.0857	0.0406	0.1244	0.1011	0.028	0.2107	0.1323
405	0.0653	0.3764	0.0711	0.0577	0.0857	0.0543	0.0856	0.0859	0.0405	0.1243	0.1013	0.0281	0.2112	0.1327
406	0.0652	0.3774	0.0716	0.0578	0.0866	0.0545	0.0859	0.0866	0.0405	0.1239	0.1017	0.028	0.2107	0.133
407	0.065	0.3814	0.0715	0.0574	0.0862	0.0548	0.086	0.0867	0.0405	0.124	0.1016	0.028	0.2103	0.1328
408	0.0651	0.3816	0.0714	0.0574	0.086	0.0544	0.0856	0.0862	0.0406	0.1243	0.1015	0.0279	0.2096	0.1323
409	0.0649	0.3782	0.0715	0.0574	0.0861	0.0547	0.0859	0.0865	0.0406	0.1243	0.1016	0.028	0.2103	0.1327
410	0.0645	0.3769	0.0715	0.0575	0.0864	0.0548	0.0862	0.0869	0.0408	0.1248	0.1021	0.0279	0.2092	0.1327
411	0.0654	0.3758	0.0717	0.0575	0.0866	0.0552	0.0866	0.0872	0.0408	0.1251	0.1024	0.0279	0.2097	0.133
412	0.0646	0.3789	0.0712	0.0573	0.086	0.0555	0.0873	0.0873	0.0409	0.1253	0.1022	0.0279	0.2099	0.1328
413	0.0645	0.3802	0.0713	0.0572	0.0861	0.0555	0.0873	0.0874	0.0408	0.1248	0.1021	0.028	0.2106	0.1331
414	0.0645	0.3831	0.0717	0.0574	0.0861	0.0547	0.086	0.0865	0.0406	0.1243	0.1016	0.0279	0.2095	0.1325
415	0.0653	0.3823	0.0714	0.0571	0.0858	0.0548	0.0864	0.0864	0.0407	0.1246	0.1015	0.0279	0.21	0.1324
416	0.0646	0.3806	0.0717	0.0574	0.0857	0.0547	0.0863	0.0862	0.0405	0.1241	0.1011	0.0279	0.21	0.1322
417	0.0642	0.3775	0.0712	0.0568	0.0853	0.0546	0.0859	0.0859	0.0406	0.1234	0.1009	0.0278	0.2094	0.1319
418	0.0643	0.3834	0.0706	0.0566	0.085	0.0545	0.0857	0.0858	0.0409	0.1246	0.1013	0.028	0.2101	0.1322
419	0.0642	0.3765	0.0715	0.0577	0.0861	0.0545	0.0858	0.0862	0.0409	0.125	0.1018	0.0281	0.2109	0.1329
420	0.0637	0.3757	0.0721	0.0579	0.0865	0.0543	0.0855	0.0861	0.0409	0.1251	0.1018	0.0281	0.2107	0.1329
421	0.0641	0.3781	0.0709	0.0573	0.0856	0.0543	0.0855	0.0859	0.0408	0.1245	0.1014	0.0281	0.2106	0.1326
422	0.0642	0.3791	0.0706	0.0569	0.085	0.0541	0.0853	0.0854	0.0407	0.1247	0.1011	0.0281	0.2108	0.1322
423	0.0637	0.3768	0.0703	0.0566	0.0847	0.054	0.0852	0.0853	0.0406	0.1241	0.1007	0.0281	0.2099	0.1319
424	0.0638	0.3815	0.0706	0.0569	0.0848	0.054	0.0853	0.0851	0.0403	0.1232	0.1002	0.028	0.2092	0.1316
425	0.0634	0.3745	0.0706	0.0567	0.0847	0.0536	0.0847	0.0848	0.0403	0.1232	0.1002	0.0281	0.2101	0.1318
426	0.0631	0.3718	0.0709	0.0569	0.0848	0.054	0.0852	0.0851	0.0403	0.1231	0.1002	0.0281	0.2101	0.1319
427	0.0629	0.3787	0.0709	0.0568	0.0847	0.0543	0.0857	0.0853	0.0402	0.1231	0.1001	0.0282	0.2108	0.1321
428	0.0643	0.373	0.0705	0.0567	0.0846	0.0541	0.0851	0.0852	0.0402	0.1232	0.1002	0.0282	0.211	0.1323
429	0.063	0.3772	0.0706	0.0565	0.0845	0.0541	0.0859	0.0853	0.0402	0.1232	0.1	0.0283	0.2115	0.1322
430	0.0636	0.3779	0.0703	0.0565	0.0842	0.0543	0.0861	0.0853	0.0403	0.1237	0.1001	0.0283	0.2113	0.1322
431	0.0635	0.3766	0.0708	0.0571	0.0848	0.0543	0.0858	0.0854	0.0404	0.1241	0.1005	0.0283	0.2114	0.1324
432	0.0635	0.3804	0.0711	0.0572	0.0853	0.0549	0.0869	0.0863	0.0404	0.1243	0.1009	0.0284	0.2125	0.1331
433	0.0626	0.3727	0.071	0.0572	0.085	0.0548	0.0867	0.086	0.0404	0.1241	0.1007	0.0284	0.2129	0.133
434	0.0634	0.3819	0.0711	0.057	0.0849	0.0543	0.086	0.0856	0.0404	0.1244	0.1007	0.0282	0.2122	0.1326
435	0.0634	0.3766	0.0708	0.0569	0.0847	0.0541	0.0853	0.0852	0.0407	0.1245	0.1008	0.0283	0.212	0.1325
436	0.0636	0.3817	0.0708	0.057	0.0847	0.0544	0.086	0.0854	0.0406	0.1243	0.1005	0.0281	0.2111	0.132
437	0.0627	0.3866	0.0717	0.0578	0.0858	0.0544	0.0862	0.086	0.0408	0.1245	0.1012	0.0281	0.211	0.1325
438	0.0627	0.3816	0.0715	0.0579	0.0859	0.0544	0.0865	0.0863	0.0407	0.1241	0.1013	0.0281	0.2112	0.1328
439	0.0637	0.3732	0.0717	0.0579	0.0862	0.0548	0.0868	0.0867	0.0407	0.1244	0.1016	0.028	0.211	0.1329
440	0.0625	0.3832	0.0722	0.0585	0.0863	0.0549	0.087	0.0865	0.0406	0.124	0.1012	0.028	0.2111	0.1326
441	0.0623	0.3806	0.0715	0.0577	0.0857	0.0547	0.0864	0.0861	0.0404	0.1232	0.1008	0.0281	0.2109	0.1325
442	0.0626	0.3813	0.0717	0.0578	0.0859	0.0546	0.0862	0.0861	0.0405	0.1238	0.101	0.0281	0.2117	0.1326
443	0.0626	0.3777	0.0715	0.0576	0.0858	0.0549	0.0864	0.0864	0.0406	0.1241	0.1012	0.0281	0.2114	0.1328
444	0.0623	0.3843	0.072	0.0578	0.0866	0.0549	0.0867	0.0869	0.0405	0.1237	0.1015	0.028	0.2116	0.1332
445	0.0624	0.3809	0.0717	0.057	0.0864	0.0547	0.0859	0.0867	0.0405	0.1241	0.1017	0.0281	0.2124	0.1335
446	0.0622	0.3758	0.0713	0.0569	0.0858	0.0551	0.0871	0.0869	0.0408	0.1247	0.1017	0.0282	0.2123	0.1333
447	0.0623	0.3818	0.0718	0.0575	0.0863	0.0551	0.0873	0.0871	0.0408	0.1247	0.1019	0.0282	0.2128	0.1336
448	0.0621	0.3744	0.0712	0.0573	0.0859	0.0547	0.0861	0.0865	0.0406	0.1241	0.1015	0.0281	0.2121	0.1332
449	0.0624	0.3813	0.071	0.0569	0.0852	0.0546	0.0863	0.0859	0.0405	0.1243	0.1009	0.0281	0.2116	0.1325
450	0.0621	0.3778	0.0716	0.0574	0.0855	0.0545	0.0865	0.086	0.0406	0.1242	0.101	0.0281	0.2115	0.1326
451	0.0633	0.3771	0.0714	0.0571	0.0856	0.0549	0.087	0.0866	0.0406	0.1238	0.1012	0.0281	0.2122	0.133
452	0.0629	0.3749	0.071	0.0571	0.0857	0.0549	0.0867	0.0867	0.0408	0.1245	0.1017	0.0282	0.2123	0.1334
453	0.0625	0.3813	0.0717	0.0575	0.086	0.0547	0.0869	0.0866	0.0406	0.1241	0.1014	0.0282	0.2125	0.1333
454	0.0623	0.3812	0.0718	0.0575	0.0865	0.0551	0.0873	0.0873	0.0408	0.1248	0.1021	0.0282	0.2129	0.1338
455	0.0619	0.3712	0.0721	0.0578	0.0868	0.0554	0.0881	0.0877	0.0408	0.1248	0.1023	0.0281	0.2124	0.1338
456	0.0615	0.3729	0.0725	0.058	0.0871	0.0553	0.0878	0.0877	0.0407	0.1243	0.1022	0.0282	0.2128	0.1341
457	0.0624	0.3752	0.0723	0.0575	0.0868	0.0552	0.0881	0.0877	0.041	0.1253	0.1025	0.0282	0.2122	0.1339
458	0.0616	0.3858	0.0716	0.057	0.086	0.0548	0.0875	0.087	0.0408	0.1247	0.1019	0.0282	0.2117	0.1334
459	0.0616	0.3825	0.0711	0.0567	0.0853	0.0548	0.0875	0.0867	0.0408	0.1246	0.1015	0.0281	0.2109	0.1328
460	0.0618	0.3734	0.0706	0.0561	0.0844	0.0546	0.0869	0.0859	0.0406	0.1239	0.1008	0.0281	0.2109	0.1323
461	0.0618	0.3828	0.0711	0.0564	0.0847	0.0548	0.0872	0.0861	0.0407	0.1248	0.1011	0.0282	0.2113	0.1325
462	0.0625	0.3749	0.0714	0.0569	0.0848	0.0545	0.0868	0.0857	0.0408	0.1249	0.1009	0.0282	0.2119	0.1325
463	0.0613	0.38	0.0711	0.0567	0.0848	0.0552	0.0876	0.0864	0.0405	0.1244	0.1008	0.0283	0.2121	0.1328
464	0.0615	0.3892	0.0712	0.0566	0.0851	0.0553	0.0881	0.0868	0.0407	0.1252	0.1013	0.0283	0.2121	0.133
465	0.0611	0.3774	0.0715	0.0572	0.0854	0.0553	0.0874	0.0866	0.0409	0.1258	0.1016	0.0283	0.2124	0.1331
466	0.0621	0.3836	0.0712	0.0568	0.0846	0.0546	0.086	0.0854	0.041	0.1252	0.101	0.0281	0.2111	0.1322
467	0.061	0.3805	0.071	0.0565	0.0846	0.0547	0.0865	0.0857	0.0408	0.1249	0.1009	0.028	0.2107	0.1321
468	0.0613	0.3781	0.0713	0.057	0.0847	0.0548	0.0864	0.0856	0.0409	0.1257	0.1011	0.0281	0.211	0.1321
469	0.0617	0.3795	0.0708	0.0565	0.0844	0.0546	0.0863	0.0855	0.0407	0.125	0.1008	0.0282	0.212	0.1324
470	0.0608	0.3789	0.0709	0.0566	0.0846	0.0547	0.0864	0.0856	0.0406	0.1245	0.1006	0.0283	0.2122	0.1324
471	0.0611	0.3791	0.0711	0.0566	0.0845	0.0553	0.0874	0.086	0.0406	0.1246	0.1006	0.0282	0.2118	0.1322
472	0.0615	0.3769	0.0705	0.0558	0.0839	0.0551	0.0874	0.0858	0.0407	0.1249	0.1006	0.0282	0.2121	0.1322
473	0.061	0.3752	0.0709	0.0567	0.0847	0.055	0.0866	0.0858	0.0407	0.1246	0.1008	0.0282	0.2121	0.1325
474	0.0606	0.379	0.0708	0.0569	0.0846	0.0546	0.0857	0.0854	0.0406	0.1238	0.1005	0.0282	0.2118	0.1323
475	0.061	0.3862	0.071	0.0567	0.0847	0.0545	0.0856	0.0853	0.0405	0.1234	0.1003	0.0282	0.2122	0.1323
476	0.0607	0.3786	0.071	0.0566	0.0847	0.0542	0.0854	0.0851	0.0405	0.1233	0.1002	0.0281	0.2117	0.1321
477	0.0605	0.3849	0.0711	0.0567	0.0842	0.0541	0.0854	0.0847	0.0407	0.1245	0.1002	0.0282	0.2114	0.1317
478	0.0601	0.3804	0.0708	0.0567	0.0841	0.0539	0.0848	0.0844	0.0407	0.1246	0.1002	0.0281	0.2113	0.1316
479	0.0614	0.3738	0.0708	0.0567	0.084	0.0536	0.0842	0.084	0.0407	0.1246	0.1001	0.0282	0.2119	0.1316
480	0.0604	0.3807	0.0708	0.0567	0.084	0.0538	0.0845	0.0843	0.0408	0.1248	0.1002	0.0281	0.2114	0.1315
481	0.061	0.3785	0.0706	0.0566	0.0839	0.0537	0.0847	0.0843	0.0406	0.1237	0.0999	0.0281	0.2113	0.1314
482	0.0604	0.3796	0.07	0.0561	0.0837	0.054	0.0852	0.0847	0.0406	0.1239	0.1001	0.0281	0.2115	0.1317
483	0.0602	0.3765	0.07	0.0564	0.0843	0.0542	0.0854	0.0852	0.0405	0.1235	0.1004	0.028	0.2111	0.132
484	0.0606	0.3794	0.0706	0.0566	0.0842	0.0543	0.0855	0.085	0.0405	0.124	0.1003	0.0281	0.2112	0.1319
485	0.0607	0.3774	0.0708	0.0572	0.0841	0.0542	0.0855	0.0847	0.0408	0.1243	0.1002	0.0281	0.2114	0.1317
486	0.0595	0.3788	0.0705	0.0567	0.0837	0.0543	0.0858	0.0847	0.0408	0.1248	0.1002	0.0282	0.2118	0.1317
487	0.0608	0.3833	0.0705	0.0564	0.084	0.0543	0.0854	0.0849	0.0406	0.1242	0.1003	0.0283	0.213	0.1323
488	0.0602	0.3806	0.0709	0.0567	0.0846	0.0545	0.0858	0.0853	0.0404	0.1239	0.1003	0.0282	0.212	0.1322
489	0.0607	0.3844	0.0706	0.0562	0.0843	0.0546	0.086	0.0854	0.0404	0.1239	0.1003	0.0281	0.2115	0.132
490	0.0602	0.3821	0.071	0.0565	0.0845	0.0547	0.0862	0.0855	0.0405	0.1243	0.1004	0.0281	0.2119	0.1321
491	0.06	0.3816	0.0716	0.0569	0.085	0.0546	0.086	0.0855	0.0405	0.1243	0.1005	0.0281	0.2117	0.1321
492	0.0598	0.3768	0.0717	0.0568	0.0852	0.0545	0.0859	0.0856	0.0408	0.1252	0.101	0.028	0.2111	0.1321
493	0.0609	0.3805	0.0723	0.0573	0.086	0.0549	0.0869	0.0863	0.0408	0.1255	0.1015	0.0281	0.2119	0.1328
494	0.06	0.3852	0.0721	0.0574	0.0862	0.0554	0.0874	0.087	0.0407	0.1256	0.1018	0.0282	0.2124	0.1333
495	0.0601	0.3823	0.073	0.0581	0.087	0.0553	0.0874	0.087	0.0409	0.1263	0.1021	0.0282	0.2132	0.1336
496	0.06	0.3848	0.0729	0.0582	0.087	0.0557	0.0884	0.0876	0.041	0.1261	0.1023	0.0282	0.2128	0.1337
497	0.0606	0.3827	0.0731	0.0582	0.087	0.0557	0.0885	0.0876	0.0412	0.1273	0.1027	0.0283	0.2131	0.1339
498	0.0599	0.3815	0.0725	0.0582	0.0864	0.0554	0.0883	0.0872	0.0413	0.1271	0.1026	0.0283	0.2133	0.1338
499	0.06	0.3812	0.0727	0.0584	0.0864	0.0554	0.0883	0.0871	0.0412	0.1273	0.1024	0.0284	0.2145	0.1339
500	0.0601	0.3765	0.0723	0.0579	0.0859	0.0554	0.0882	0.0869	0.0411	0.1266	0.102	0.0284	0.2142	0.1337
