{"n_layers": 0, "device": "cuda", "batch_size": 2048, "embedding_dim": 256, "learning_rate": 0.001, "dataset": "dbbook", "epochs": 150, "top_k": 50, "multimodal": true, "datasets": {"dbbook": ["images", "text"], "ml1m": ["audio", "images", "text", "video"]}}
Epoch	Loss	Recall	Precision	NDCG
1	0.6931	0.0107	0.0015	0.0050
2	0.6910	0.0176	0.0024	0.0089
3	0.6886	0.0388	0.0054	0.0236
4	0.6848	0.0772	0.0107	0.0480
5	0.6786	0.1186	0.0162	0.0720
6	0.6688	0.1447	0.0199	0.0871
7	0.6541	0.1598	0.0221	0.0957
8	0.6333	0.1688	0.0234	0.1006
9	0.6057	0.1710	0.0239	0.1025
10	0.5721	0.1728	0.0242	0.1044
11	0.5338	0.1738	0.0245	0.1055
12	0.4938	0.1747	0.0246	0.1063
13	0.4542	0.1758	0.0248	0.1070
14	0.4164	0.1752	0.0248	0.1072
15	0.3816	0.1750	0.0248	0.1075
16	0.3513	0.1767	0.0249	0.1091
17	0.3242	0.1772	0.0250	0.1093
18	0.2994	0.1776	0.0250	0.1093
19	0.2792	0.1792	0.0252	0.1101
20	0.2593	0.1810	0.0253	0.1108
21	0.2430	0.1817	0.0255	0.1114
22	0.2267	0.1824	0.0256	0.1117
23	0.2124	0.1829	0.0256	0.1123
24	0.1994	0.1842	0.0258	0.1129
25	0.1870	0.1856	0.0259	0.1132
26	0.1777	0.1866	0.0260	0.1137
27	0.1674	0.1873	0.0260	0.1142
28	0.1580	0.1883	0.0261	0.1150
29	0.1492	0.1885	0.0262	0.1157
30	0.1413	0.1887	0.0262	0.1159
31	0.1333	0.1903	0.0263	0.1167
32	0.1267	0.1910	0.0264	0.1170
33	0.1206	0.1910	0.0264	0.1176
34	0.1126	0.1918	0.0265	0.1183
35	0.1073	0.1936	0.0267	0.1192
36	0.1013	0.1943	0.0268	0.1195
37	0.0977	0.1956	0.0269	0.1204
38	0.0922	0.1963	0.0269	0.1211
39	0.0890	0.1969	0.0270	0.1214
40	0.0850	0.1977	0.0271	0.1218
41	0.0796	0.1984	0.0272	0.1219
42	0.0763	0.1984	0.0272	0.1222
43	0.0735	0.1978	0.0272	0.1221
44	0.0692	0.1997	0.0273	0.1228
45	0.0674	0.1998	0.0273	0.1228
46	0.0643	0.1999	0.0273	0.1229
47	0.0615	0.2006	0.0274	0.1236
48	0.0586	0.2015	0.0275	0.1240
49	0.0576	0.2012	0.0275	0.1239
50	0.0552	0.2014	0.0275	0.1241
51	0.0527	0.2020	0.0275	0.1245
52	0.0513	0.2027	0.0275	0.1246
53	0.0488	0.2036	0.0277	0.1249
54	0.0472	0.2040	0.0276	0.1252
55	0.0461	0.2052	0.0277	0.1257
56	0.0443	0.2061	0.0279	0.1264
57	0.0430	0.2064	0.0279	0.1266
58	0.0409	0.2065	0.0279	0.1272
59	0.0400	0.2070	0.0280	0.1275
60	0.0385	0.2073	0.0280	0.1275
61	0.0378	0.2074	0.0280	0.1273
62	0.0361	0.2071	0.0280	0.1276
63	0.0352	0.2074	0.0280	0.1277
64	0.0347	0.2074	0.0281	0.1279
65	0.0326	0.2079	0.0281	0.1282
66	0.0331	0.2078	0.0280	0.1285
67	0.0313	0.2082	0.0280	0.1287
68	0.0310	0.2091	0.0281	0.1290
69	0.0302	0.2092	0.0281	0.1291
70	0.0297	0.2093	0.0282	0.1289
71	0.0282	0.2087	0.0281	0.1289
72	0.0276	0.2081	0.0281	0.1286
73	0.0270	0.2088	0.0281	0.1289
74	0.0259	0.2086	0.0281	0.1287
75	0.0261	0.2089	0.0281	0.1289
76	0.0245	0.2096	0.0281	0.1289
77	0.0250	0.2097	0.0282	0.1292
78	0.0248	0.2092	0.0282	0.1290
79	0.0234	0.2099	0.0282	0.1292
80	0.0225	0.2098	0.0282	0.1293
81	0.0226	0.2099	0.0282	0.1294
82	0.0224	0.2103	0.0282	0.1295
83	0.0225	0.2102	0.0282	0.1293
84	0.0213	0.2103	0.0282	0.1295
85	0.0209	0.2104	0.0283	0.1297
86	0.0206	0.2111	0.0283	0.1300
87	0.0206	0.2109	0.0283	0.1298
88	0.0197	0.2110	0.0283	0.1299
89	0.0191	0.2106	0.0282	0.1296
90	0.0196	0.2105	0.0283	0.1298
91	0.0187	0.2110	0.0283	0.1299
92	0.0182	0.2106	0.0283	0.1299
93	0.0187	0.2109	0.0283	0.1300
94	0.0178	0.2108	0.0283	0.1303
95	0.0176	0.2109	0.0283	0.1304
96	0.0170	0.2113	0.0283	0.1306
97	0.0172	0.2114	0.0283	0.1307
98	0.0162	0.2114	0.0283	0.1308
99	0.0167	0.2113	0.0283	0.1309
100	0.0169	0.2112	0.0283	0.1311
101	0.0158	0.2121	0.0283	0.1313
102	0.0157	0.2120	0.0283	0.1313
103	0.0153	0.2122	0.0283	0.1312
104	0.0157	0.2121	0.0283	0.1310
105	0.0152	0.2121	0.0283	0.1308
106	0.0150	0.2124	0.0283	0.1309
107	0.0148	0.2118	0.0282	0.1308
108	0.0142	0.2120	0.0283	0.1307
109	0.0143	0.2120	0.0283	0.1306
110	0.0143	0.2119	0.0283	0.1306
111	0.0139	0.2119	0.0283	0.1305
112	0.0136	0.2119	0.0283	0.1305
113	0.0139	0.2119	0.0283	0.1309
114	0.0134	0.2128	0.0284	0.1309
115	0.0130	0.2126	0.0283	0.1311
116	0.0133	0.2133	0.0284	0.1313
117	0.0135	0.2132	0.0284	0.1311
118	0.0131	0.2131	0.0283	0.1311
119	0.0130	0.2133	0.0283	0.1311
120	0.0133	0.2129	0.0283	0.1309
121	0.0125	0.2128	0.0283	0.1309
122	0.0123	0.2122	0.0282	0.1309
123	0.0119	0.2124	0.0282	0.1310
124	0.0122	0.2127	0.0283	0.1312
125	0.0119	0.2124	0.0282	0.1314
126	0.0118	0.2120	0.0282	0.1311
127	0.0117	0.2123	0.0282	0.1311
128	0.0115	0.2125	0.0282	0.1311
129	0.0117	0.2128	0.0282	0.1314
130	0.0114	0.2133	0.0282	0.1315
131	0.0111	0.2127	0.0282	0.1312
132	0.0121	0.2122	0.0281	0.1312
133	0.0116	0.2125	0.0282	0.1314
134	0.0110	0.2125	0.0282	0.1315
135	0.0112	0.2132	0.0282	0.1319
136	0.0109	0.2127	0.0282	0.1316
137	0.0104	0.2122	0.0281	0.1315
138	0.0109	0.2126	0.0281	0.1315
139	0.0108	0.2126	0.0281	0.1315
140	0.0106	0.2122	0.0282	0.1317
141	0.0105	0.2125	0.0282	0.1317
142	0.0110	0.2121	0.0281	0.1317
143	0.0107	0.2126	0.0281	0.1321
144	0.0103	0.2125	0.0282	0.1321
145	0.0102	0.2125	0.0282	0.1321
146	0.0101	0.2121	0.0281	0.1320
147	0.0104	0.2129	0.0282	0.1320
148	0.0096	0.2130	0.0282	0.1320
149	0.0103	0.2133	0.0282	0.1321
150	0.0100	0.2127	0.0282	0.1320
