{"n_layers": 2, "device": "cuda", "batch_size": 2048, "embedding_dim": 128, "learning_rate": 0.001, "dataset": "dbbook", "epochs": 150, "model": "ef-mmlgcn", "fusion": "mean", "top_k": [5, 10, 20, 50], "seed": 19, "multimodal": true}
Epoch	Loss	Precision@5	Recall@5	NDCG@5	Precision@10	Recall@10	NDCG@10	Precision@20	Recall@20	NDCG@20	Precision@50	Recall@50	NDCG@50
1	0.6922	0.021	0.0148	0.024	0.0154	0.0215	0.0229	0.0117	0.0339	0.0277	0.0081	0.0591	0.0369
2	0.6891	0.0404	0.0293	0.0453	0.0308	0.0443	0.0446	0.0234	0.0662	0.0535	0.0156	0.1125	0.0703
3	0.6836	0.0438	0.0317	0.0476	0.034	0.0485	0.0477	0.0264	0.074	0.0582	0.0193	0.138	0.0813
4	0.6735	0.0406	0.0296	0.0431	0.0329	0.0472	0.0446	0.0266	0.0741	0.056	0.0207	0.1462	0.0821
5	0.6559	0.0358	0.0258	0.0374	0.0303	0.0436	0.04	0.0258	0.0718	0.0522	0.0205	0.1444	0.0787
6	0.6291	0.0305	0.0219	0.0313	0.0284	0.0403	0.0357	0.0249	0.0685	0.0479	0.0204	0.1419	0.0749
7	0.5933	0.0277	0.0197	0.0273	0.0266	0.0372	0.032	0.0243	0.0665	0.0448	0.02	0.137	0.071
8	0.5520	0.0256	0.0177	0.0249	0.0255	0.0358	0.0302	0.0237	0.0646	0.0428	0.0197	0.1344	0.0689
9	0.5095	0.0241	0.0167	0.0236	0.0249	0.0348	0.0293	0.0234	0.064	0.0421	0.0197	0.1338	0.0682
10	0.4708	0.0236	0.0161	0.023	0.0245	0.034	0.0287	0.0232	0.0635	0.0416	0.0195	0.1329	0.0675
11	0.4333	0.025	0.0172	0.0241	0.0247	0.034	0.0289	0.0234	0.0637	0.0419	0.0195	0.1333	0.0678
12	0.4046	0.025	0.0171	0.0242	0.0245	0.0339	0.0289	0.0234	0.0636	0.0419	0.0196	0.1334	0.0679
13	0.3786	0.0252	0.0174	0.0244	0.0244	0.0339	0.029	0.0234	0.0634	0.0421	0.0196	0.1338	0.0682
14	0.3559	0.0258	0.0179	0.0249	0.0247	0.0344	0.0294	0.0239	0.0648	0.0429	0.0198	0.1352	0.0689
15	0.3375	0.0265	0.0185	0.0257	0.0251	0.0353	0.0302	0.0241	0.0651	0.0434	0.0199	0.1363	0.0697
16	0.3207	0.027	0.0188	0.0261	0.0257	0.0361	0.0307	0.0244	0.0662	0.044	0.0201	0.137	0.0702
17	0.3083	0.0281	0.0196	0.0269	0.026	0.0364	0.0311	0.0245	0.0665	0.0444	0.0203	0.1382	0.071
18	0.2943	0.0293	0.0204	0.0279	0.0265	0.037	0.0317	0.0249	0.0674	0.0452	0.0204	0.1392	0.0717
19	0.2813	0.0307	0.0214	0.0288	0.0272	0.0381	0.0325	0.0251	0.0681	0.0457	0.0206	0.1403	0.0725
20	0.2759	0.0309	0.0217	0.0292	0.0274	0.0383	0.0328	0.0253	0.0689	0.0463	0.0207	0.1411	0.0731
21	0.2647	0.0311	0.0219	0.0295	0.0275	0.0383	0.033	0.0254	0.069	0.0466	0.0209	0.142	0.0737
22	0.2555	0.0318	0.0223	0.0303	0.0279	0.0389	0.0337	0.0258	0.0704	0.0475	0.021	0.1436	0.0747
23	0.2453	0.0321	0.0223	0.0306	0.0284	0.0393	0.0342	0.0261	0.0709	0.048	0.0211	0.1447	0.0754
24	0.2410	0.0326	0.0226	0.0313	0.029	0.04	0.035	0.0263	0.0718	0.0488	0.0213	0.1461	0.0763
25	0.2321	0.0333	0.0233	0.032	0.0295	0.0408	0.0357	0.0265	0.073	0.0495	0.0214	0.1471	0.0771
26	0.2248	0.0338	0.0236	0.0326	0.0301	0.042	0.0366	0.0269	0.0735	0.0502	0.0216	0.1483	0.0779
27	0.2198	0.034	0.0238	0.0329	0.0305	0.0425	0.037	0.0269	0.0738	0.0505	0.0217	0.1499	0.0786
28	0.2143	0.0344	0.0239	0.0336	0.0306	0.0426	0.0375	0.0271	0.0747	0.0513	0.0219	0.1512	0.0797
29	0.2081	0.0356	0.0249	0.0348	0.0308	0.043	0.0381	0.0272	0.075	0.0518	0.0221	0.1522	0.0805
30	0.2019	0.0361	0.0253	0.0354	0.031	0.0435	0.0386	0.0274	0.0756	0.0525	0.0222	0.1526	0.0811
31	0.1994	0.0367	0.0258	0.0361	0.0315	0.044	0.0393	0.0276	0.0763	0.0531	0.0224	0.1545	0.0822
32	0.1927	0.0373	0.0261	0.0367	0.0319	0.0446	0.0399	0.0281	0.0777	0.054	0.0225	0.1555	0.0829
33	0.1884	0.038	0.0268	0.0376	0.0323	0.0452	0.0405	0.0285	0.0791	0.055	0.0227	0.1568	0.0839
34	0.1779	0.0385	0.027	0.0381	0.0325	0.0456	0.041	0.0286	0.0795	0.0555	0.0229	0.1582	0.0847
35	0.1748	0.0391	0.0274	0.0388	0.0327	0.0462	0.0415	0.0288	0.0803	0.0561	0.0231	0.1599	0.0857
36	0.1725	0.0392	0.0274	0.0395	0.0328	0.0463	0.0422	0.0289	0.0809	0.0569	0.0232	0.1607	0.0867
37	0.1667	0.0394	0.0277	0.04	0.033	0.047	0.0428	0.0291	0.0814	0.0575	0.0234	0.162	0.0876
38	0.1618	0.0398	0.0278	0.0405	0.0332	0.0473	0.0432	0.0293	0.0821	0.0581	0.0235	0.1625	0.0881
39	0.1602	0.0398	0.0279	0.0406	0.0333	0.0474	0.0434	0.0296	0.0832	0.0587	0.0237	0.1641	0.0888
40	0.1579	0.0398	0.028	0.0407	0.0337	0.0479	0.0438	0.0299	0.0843	0.0593	0.0239	0.1656	0.0897
41	0.1578	0.0403	0.0283	0.0414	0.0342	0.0488	0.0446	0.0302	0.0851	0.0601	0.0241	0.1674	0.0907
42	0.1506	0.0406	0.0285	0.0418	0.0347	0.0495	0.0452	0.0306	0.0865	0.061	0.0242	0.169	0.0916
43	0.1468	0.0412	0.0289	0.0424	0.0351	0.0503	0.0458	0.0308	0.0871	0.0615	0.0244	0.1704	0.0923
44	0.1434	0.041	0.0288	0.0424	0.0354	0.0509	0.0461	0.031	0.0878	0.0619	0.0245	0.1718	0.093
45	0.1412	0.0412	0.029	0.0425	0.036	0.0516	0.0467	0.0314	0.0892	0.0625	0.0247	0.1733	0.0936
46	0.1372	0.0411	0.0292	0.0426	0.0362	0.052	0.047	0.0315	0.0897	0.063	0.0248	0.1735	0.094
47	0.1354	0.0414	0.0295	0.0428	0.0362	0.0519	0.0471	0.0318	0.0904	0.0633	0.0249	0.1747	0.0946
48	0.1327	0.0416	0.0296	0.043	0.0366	0.0524	0.0474	0.0319	0.0908	0.0636	0.025	0.1756	0.095
49	0.1287	0.0421	0.0298	0.0433	0.0368	0.0528	0.0477	0.032	0.0911	0.0639	0.0251	0.1766	0.0955
50	0.1266	0.0425	0.0302	0.044	0.0372	0.0536	0.0485	0.0322	0.0916	0.0646	0.0252	0.1773	0.0963
51	0.1242	0.0433	0.0309	0.0449	0.0378	0.0547	0.0494	0.0322	0.0919	0.0652	0.0253	0.1783	0.0971
52	0.1204	0.0438	0.0315	0.0455	0.0382	0.0554	0.05	0.0326	0.0931	0.066	0.0255	0.1794	0.0979
53	0.1193	0.0446	0.0321	0.0463	0.0387	0.0561	0.0507	0.0329	0.094	0.0668	0.0256	0.1801	0.0986
54	0.1172	0.0452	0.0326	0.047	0.0389	0.0562	0.0512	0.0331	0.0945	0.0673	0.0258	0.182	0.0996
55	0.1142	0.0452	0.0326	0.0471	0.039	0.0563	0.0513	0.0333	0.0951	0.0677	0.0258	0.1826	0.1
56	0.1143	0.0449	0.0325	0.047	0.0393	0.0567	0.0517	0.0335	0.0959	0.0682	0.026	0.1835	0.1005
57	0.1128	0.0451	0.0326	0.0473	0.0395	0.0569	0.0519	0.0336	0.0962	0.0685	0.0261	0.1843	0.101
58	0.1126	0.045	0.0328	0.0474	0.04	0.0579	0.0525	0.0338	0.0968	0.0689	0.0262	0.1858	0.1017
59	0.1066	0.0449	0.0326	0.0474	0.0401	0.0583	0.0529	0.0338	0.0968	0.0691	0.0263	0.1869	0.1023
60	0.1061	0.0452	0.033	0.0477	0.0404	0.0585	0.0531	0.0341	0.0974	0.0695	0.0264	0.1877	0.1027
61	0.1027	0.0452	0.0331	0.0478	0.0405	0.059	0.0533	0.0342	0.0981	0.0699	0.0265	0.1882	0.103
62	0.0990	0.0454	0.033	0.048	0.0409	0.0595	0.0538	0.0345	0.0985	0.0704	0.0265	0.1884	0.1035
63	0.0989	0.046	0.0335	0.0486	0.0409	0.0595	0.054	0.0347	0.0993	0.0709	0.0266	0.1893	0.1041
64	0.0985	0.0461	0.0336	0.0487	0.0412	0.0603	0.0545	0.0349	0.0998	0.0714	0.0268	0.1908	0.1047
65	0.0965	0.0467	0.0341	0.0494	0.0416	0.0611	0.0552	0.0351	0.1004	0.0719	0.0268	0.1914	0.1053
66	0.0947	0.047	0.0342	0.0495	0.0417	0.0612	0.0552	0.0352	0.1009	0.0721	0.0269	0.1919	0.1056
67	0.0937	0.0473	0.0344	0.0498	0.0419	0.0612	0.0554	0.0353	0.1015	0.0725	0.027	0.1927	0.1061
68	0.0937	0.0472	0.0343	0.0497	0.0421	0.0618	0.0557	0.0354	0.1017	0.0726	0.0272	0.1944	0.1066
69	0.0895	0.0472	0.0344	0.0498	0.0423	0.0621	0.0559	0.0354	0.1017	0.0726	0.0272	0.1945	0.1067
70	0.0867	0.0477	0.0346	0.0502	0.0424	0.0623	0.0561	0.0357	0.1022	0.0731	0.0273	0.1955	0.1072
71	0.0870	0.0479	0.0348	0.0506	0.0424	0.0622	0.0563	0.0359	0.1031	0.0738	0.0274	0.1965	0.1078
72	0.0879	0.0485	0.0353	0.051	0.0426	0.0624	0.0565	0.0361	0.1036	0.0741	0.0274	0.1969	0.1081
73	0.0846	0.0487	0.0355	0.0512	0.0428	0.0629	0.0569	0.0362	0.1044	0.0745	0.0276	0.1985	0.1088
74	0.0806	0.049	0.0359	0.0516	0.0431	0.0634	0.0572	0.0363	0.1048	0.0747	0.0276	0.1984	0.1089
75	0.0805	0.049	0.0359	0.0516	0.0433	0.0638	0.0575	0.0364	0.1049	0.0749	0.0276	0.199	0.1092
76	0.0802	0.0496	0.0365	0.0521	0.0433	0.0638	0.0576	0.0365	0.1056	0.0753	0.0277	0.2001	0.1097
77	0.0785	0.0495	0.0364	0.0521	0.0434	0.0637	0.0577	0.0366	0.1057	0.0755	0.0278	0.2005	0.11
78	0.0784	0.0498	0.0367	0.0525	0.044	0.0647	0.0585	0.0367	0.1059	0.0759	0.0278	0.2008	0.1104
79	0.0772	0.0499	0.0368	0.0526	0.044	0.0647	0.0585	0.0368	0.1067	0.0762	0.0279	0.2012	0.1107
80	0.0753	0.0504	0.0372	0.0533	0.0443	0.0652	0.0591	0.037	0.1072	0.0767	0.0279	0.2017	0.1112
81	0.0753	0.0509	0.0376	0.0538	0.0446	0.0655	0.0595	0.037	0.1072	0.077	0.028	0.2024	0.1117
82	0.0718	0.0513	0.0379	0.0542	0.0445	0.0653	0.0596	0.0371	0.1074	0.0773	0.0281	0.2031	0.1122
83	0.0738	0.0512	0.0379	0.0543	0.0446	0.0656	0.0598	0.0372	0.1077	0.0775	0.0281	0.2036	0.1124
84	0.0706	0.0513	0.0381	0.0545	0.0448	0.0659	0.0601	0.0373	0.1083	0.0779	0.0281	0.2039	0.1127
85	0.0726	0.052	0.0385	0.0553	0.045	0.0663	0.0606	0.0375	0.1087	0.0784	0.0282	0.2044	0.1132
86	0.0687	0.0522	0.0386	0.0554	0.0452	0.0668	0.0609	0.0376	0.1091	0.0787	0.0282	0.2046	0.1135
87	0.0672	0.0526	0.0391	0.0558	0.0455	0.0674	0.0613	0.0377	0.1095	0.079	0.0283	0.2047	0.1137
88	0.0686	0.0527	0.0392	0.0561	0.0454	0.0672	0.0613	0.0378	0.1099	0.0793	0.0283	0.2054	0.1141
89	0.0662	0.0527	0.0392	0.0559	0.0454	0.067	0.0612	0.0378	0.1097	0.0792	0.0284	0.2057	0.1142
90	0.0652	0.0531	0.0397	0.0564	0.0455	0.0674	0.0615	0.0379	0.1102	0.0796	0.0285	0.2062	0.1146
91	0.0639	0.053	0.0397	0.0564	0.0456	0.0672	0.0616	0.0381	0.1108	0.0799	0.0285	0.2061	0.1147
92	0.0632	0.0529	0.0395	0.0564	0.0454	0.0674	0.0616	0.0382	0.1114	0.0801	0.0285	0.2064	0.1149
93	0.0608	0.0532	0.0398	0.0566	0.0454	0.0671	0.0616	0.0382	0.1116	0.0802	0.0285	0.2064	0.1149
94	0.0642	0.0528	0.0396	0.0565	0.0454	0.0673	0.0618	0.0383	0.1119	0.0805	0.0285	0.2065	0.1151
95	0.0641	0.0527	0.0396	0.0565	0.0454	0.0672	0.0618	0.0383	0.1122	0.0806	0.0286	0.2076	0.1155
96	0.0609	0.0532	0.0399	0.0568	0.0454	0.067	0.0617	0.0384	0.1123	0.0807	0.0286	0.2079	0.1156
97	0.0614	0.0529	0.0398	0.0565	0.0455	0.0675	0.0619	0.0384	0.1126	0.0808	0.0286	0.2084	0.1157
98	0.0590	0.0529	0.0399	0.0566	0.0456	0.0679	0.0621	0.0385	0.1127	0.0809	0.0286	0.2085	0.1158
99	0.0590	0.0532	0.04	0.0567	0.0457	0.0682	0.0622	0.0385	0.1126	0.0809	0.0287	0.2087	0.116
100	0.0576	0.053	0.0399	0.0568	0.0459	0.0682	0.0624	0.0386	0.1128	0.0812	0.0287	0.2091	0.1162
101	0.0569	0.0532	0.04	0.0571	0.0461	0.0684	0.0627	0.0386	0.1128	0.0814	0.0287	0.2093	0.1165
102	0.0558	0.0532	0.0401	0.0571	0.0461	0.0687	0.0628	0.0387	0.1129	0.0814	0.0287	0.2094	0.1165
103	0.0549	0.0531	0.04	0.057	0.046	0.0687	0.0627	0.0386	0.113	0.0814	0.0287	0.2096	0.1166
104	0.0540	0.0532	0.04	0.0572	0.0461	0.0688	0.063	0.0387	0.1136	0.0818	0.0288	0.2098	0.1169
105	0.0545	0.0534	0.0401	0.0574	0.046	0.069	0.0631	0.0388	0.1137	0.0819	0.0288	0.2098	0.1169
106	0.0534	0.0536	0.0404	0.0577	0.0462	0.0689	0.0633	0.0388	0.1141	0.0822	0.0288	0.2102	0.1172
107	0.0528	0.0537	0.0405	0.0579	0.0464	0.0694	0.0635	0.0388	0.114	0.0823	0.0288	0.2104	0.1174
108	0.0532	0.0539	0.0406	0.0581	0.0467	0.0699	0.064	0.0389	0.1143	0.0826	0.0289	0.2105	0.1176
109	0.0498	0.0543	0.0409	0.0585	0.0467	0.0699	0.0641	0.039	0.1145	0.0828	0.0289	0.2109	0.118
110	0.0497	0.0545	0.041	0.0586	0.0466	0.0698	0.0641	0.0391	0.1149	0.083	0.0289	0.2109	0.118
111	0.0489	0.0545	0.041	0.0588	0.0469	0.0702	0.0645	0.0391	0.1151	0.0833	0.0289	0.211	0.1183
112	0.0494	0.0548	0.0411	0.0589	0.047	0.0701	0.0645	0.0391	0.1152	0.0833	0.0289	0.2111	0.1183
113	0.0494	0.0548	0.0412	0.059	0.0471	0.0702	0.0646	0.0392	0.1156	0.0835	0.0289	0.2114	0.1185
114	0.0470	0.0549	0.0412	0.0591	0.047	0.0702	0.0646	0.0393	0.1158	0.0837	0.029	0.2118	0.1187
115	0.0485	0.0548	0.0413	0.0592	0.0471	0.0703	0.0648	0.0393	0.1158	0.0839	0.029	0.2122	0.119
116	0.0476	0.0552	0.0415	0.0597	0.0473	0.0705	0.0652	0.0393	0.116	0.0842	0.029	0.2122	0.1192
117	0.0475	0.0556	0.0417	0.06	0.0476	0.0712	0.0656	0.0395	0.1164	0.0845	0.0291	0.2131	0.1196
118	0.0458	0.0559	0.0419	0.0603	0.048	0.0717	0.066	0.0396	0.1168	0.0848	0.0291	0.2136	0.12
119	0.0454	0.0564	0.0421	0.0607	0.0481	0.072	0.0663	0.0397	0.117	0.0851	0.0291	0.2134	0.1201
120	0.0453	0.0567	0.0425	0.0612	0.0482	0.0719	0.0664	0.0398	0.1177	0.0855	0.0291	0.2132	0.1203
121	0.0442	0.0567	0.0425	0.0611	0.0482	0.0718	0.0664	0.0398	0.1177	0.0854	0.0291	0.2134	0.1203
122	0.0441	0.0567	0.0426	0.0612	0.0483	0.0719	0.0666	0.0399	0.1184	0.0857	0.0291	0.2135	0.1204
123	0.0442	0.0569	0.0427	0.0613	0.0485	0.0725	0.0668	0.0399	0.1182	0.0857	0.0291	0.2134	0.1204
124	0.0429	0.0571	0.0428	0.0615	0.0486	0.0728	0.067	0.0398	0.1181	0.0858	0.0291	0.2141	0.1207
125	0.0435	0.057	0.0428	0.0616	0.0488	0.0729	0.0672	0.0398	0.1183	0.0859	0.0291	0.2136	0.1207
126	0.0422	0.0571	0.0428	0.0616	0.0488	0.0731	0.0673	0.04	0.1187	0.0861	0.0292	0.2141	0.1209
127	0.0442	0.057	0.0428	0.0616	0.049	0.0734	0.0675	0.0401	0.1189	0.0863	0.0292	0.2145	0.1211
128	0.0424	0.0572	0.0429	0.0618	0.049	0.0735	0.0677	0.0401	0.1189	0.0865	0.0292	0.2149	0.1214
129	0.0405	0.0573	0.043	0.062	0.049	0.0734	0.0677	0.0402	0.1193	0.0867	0.0293	0.2152	0.1216
130	0.0403	0.0574	0.0431	0.0623	0.049	0.0734	0.0679	0.0403	0.1196	0.087	0.0294	0.2158	0.122
131	0.0412	0.057	0.0428	0.0619	0.0492	0.0738	0.0681	0.0403	0.1198	0.0871	0.0293	0.2156	0.122
132	0.0424	0.0568	0.0428	0.062	0.0492	0.074	0.0682	0.0403	0.1198	0.0872	0.0293	0.2152	0.122
133	0.0417	0.0572	0.0431	0.0622	0.0492	0.074	0.0682	0.0404	0.12	0.0873	0.0294	0.2154	0.1221
134	0.0411	0.0572	0.0431	0.0624	0.0493	0.0739	0.0684	0.0403	0.1202	0.0874	0.0294	0.2159	0.1223
135	0.0399	0.0575	0.0434	0.0626	0.0491	0.0739	0.0683	0.0403	0.1204	0.0875	0.0293	0.216	0.1224
136	0.0378	0.0574	0.0434	0.0625	0.0492	0.074	0.0683	0.0404	0.1205	0.0875	0.0294	0.2168	0.1226
137	0.0378	0.0578	0.0438	0.0627	0.0492	0.0738	0.0683	0.0404	0.1206	0.0875	0.0295	0.217	0.1226
138	0.0376	0.0578	0.0437	0.0627	0.0493	0.0739	0.0683	0.0404	0.1209	0.0876	0.0294	0.217	0.1226
139	0.0397	0.0577	0.0436	0.0628	0.0494	0.0742	0.0685	0.0404	0.1208	0.0877	0.0294	0.2171	0.1227
140	0.0385	0.058	0.0438	0.0629	0.0493	0.074	0.0685	0.0405	0.1211	0.0878	0.0295	0.2177	0.1229
141	0.0373	0.0581	0.0442	0.0632	0.0496	0.0743	0.0688	0.0405	0.1216	0.0881	0.0294	0.2172	0.1229
142	0.0367	0.0586	0.0445	0.0637	0.0497	0.0746	0.0691	0.0406	0.1217	0.0884	0.0294	0.2168	0.123
143	0.0365	0.0587	0.0447	0.064	0.0498	0.0748	0.0694	0.0407	0.1218	0.0887	0.0294	0.2171	0.1234
144	0.0377	0.0587	0.0446	0.0639	0.0497	0.0747	0.0693	0.0407	0.122	0.0886	0.0294	0.2172	0.1233
145	0.0371	0.0586	0.0446	0.0639	0.0496	0.0745	0.0692	0.0405	0.1215	0.0884	0.0294	0.2169	0.1232
146	0.0374	0.0586	0.0445	0.0639	0.0495	0.0744	0.0692	0.0405	0.1215	0.0885	0.0294	0.217	0.1233
147	0.0343	0.0589	0.0447	0.0642	0.0498	0.0747	0.0695	0.0406	0.1219	0.0888	0.0293	0.2171	0.1234
148	0.0344	0.0589	0.0445	0.0643	0.0498	0.075	0.0697	0.0406	0.1221	0.0889	0.0293	0.217	0.1236
149	0.0352	0.0593	0.0449	0.0648	0.05	0.0752	0.0699	0.0406	0.1222	0.0891	0.0293	0.2169	0.1236
150	0.0339	0.0593	0.0449	0.0647	0.0501	0.0755	0.07	0.0406	0.1221	0.089	0.0293	0.2167	0.1235
