{"n_layers": 1, "device": "cuda", "batch_size": 2048, "embedding_dim": 1024, "learning_rate": 0.001, "dataset": "dbbook", "epochs": 150, "model": "ef-mmlgcn", "fusion": "max", "top_k": [5, 10, 20, 50], "seed": 19, "multimodal": false}
Epoch	Loss	Precision@5	Recall@5	NDCG@5	Precision@10	Recall@10	NDCG@10	Precision@20	Recall@20	NDCG@20	Precision@50	Recall@50	NDCG@50
1	0.6849	0.0389	0.0299	0.0419	0.0318	0.0476	0.0444	0.0245	0.0723	0.0544	0.0165	0.1199	0.072
2	0.6603	0.0403	0.0319	0.0423	0.037	0.0552	0.0488	0.0311	0.0914	0.064	0.0232	0.1662	0.0917
3	0.5980	0.0362	0.0285	0.0381	0.0337	0.0507	0.0444	0.0297	0.0854	0.0595	0.0225	0.159	0.0868
4	0.4895	0.0364	0.0278	0.0372	0.0316	0.0467	0.0415	0.0284	0.0813	0.0565	0.0218	0.153	0.0831
5	0.3720	0.038	0.0286	0.0383	0.0321	0.047	0.0419	0.0284	0.0809	0.0565	0.0216	0.1518	0.0827
6	0.2816	0.0385	0.0286	0.0392	0.0332	0.0487	0.0434	0.0289	0.0819	0.0578	0.022	0.1548	0.0847
7	0.2200	0.0405	0.0306	0.0416	0.0345	0.0508	0.0455	0.0294	0.0842	0.0598	0.0226	0.1591	0.0876
8	0.1783	0.0427	0.0324	0.0442	0.0364	0.0534	0.0482	0.0306	0.0877	0.0628	0.0233	0.1654	0.0915
9	0.1479	0.044	0.0337	0.0459	0.0378	0.0556	0.0504	0.0316	0.0907	0.0653	0.0241	0.1718	0.095
10	0.1253	0.0443	0.0341	0.0469	0.0395	0.0586	0.0528	0.0327	0.0958	0.0683	0.0249	0.1782	0.0987
11	0.1037	0.0456	0.0352	0.0484	0.041	0.061	0.0549	0.0338	0.0987	0.0706	0.0255	0.1835	0.1016
12	0.0886	0.0453	0.0352	0.0487	0.0414	0.0615	0.0556	0.0346	0.1014	0.0723	0.026	0.1884	0.104
13	0.0778	0.0471	0.0366	0.0508	0.0424	0.0633	0.0574	0.0353	0.104	0.0744	0.0263	0.1909	0.1061
14	0.0670	0.0486	0.0377	0.0526	0.0431	0.0646	0.0589	0.0361	0.1065	0.0764	0.0267	0.1942	0.1083
15	0.0596	0.0499	0.0391	0.0543	0.0439	0.0659	0.0603	0.0368	0.1087	0.0783	0.0271	0.1979	0.1106
16	0.0530	0.0499	0.0392	0.055	0.0443	0.0666	0.0614	0.0371	0.1099	0.0795	0.0273	0.1997	0.1122
17	0.0485	0.0508	0.0399	0.056	0.0452	0.0682	0.0626	0.0374	0.1106	0.0804	0.0275	0.2019	0.1135
18	0.0437	0.0535	0.0418	0.059	0.0466	0.0705	0.0651	0.0379	0.1126	0.0825	0.0277	0.2037	0.1156
19	0.0394	0.0543	0.0426	0.0601	0.0475	0.0718	0.0663	0.0384	0.1143	0.0839	0.0279	0.2061	0.1171
20	0.0360	0.0555	0.0432	0.0615	0.0482	0.0726	0.0675	0.0389	0.1151	0.0851	0.028	0.2083	0.1186
21	0.0336	0.0565	0.0439	0.0626	0.0488	0.0739	0.0685	0.0391	0.116	0.086	0.0281	0.209	0.1193
22	0.0311	0.0573	0.0449	0.0638	0.0491	0.0746	0.0694	0.0393	0.1173	0.087	0.0281	0.2092	0.1201
23	0.0294	0.0581	0.0456	0.0647	0.0497	0.0756	0.0702	0.0393	0.1175	0.0875	0.0282	0.21	0.1208
24	0.0272	0.0588	0.0464	0.0655	0.0499	0.0759	0.0708	0.0396	0.119	0.0883	0.0281	0.2104	0.1212
25	0.0257	0.0596	0.047	0.0667	0.0505	0.0766	0.0719	0.0397	0.1199	0.0894	0.0282	0.2112	0.1223
26	0.0241	0.0599	0.0473	0.0671	0.0508	0.0773	0.0724	0.0402	0.1213	0.0902	0.0282	0.2115	0.1226
27	0.0226	0.0616	0.0485	0.0685	0.0509	0.0773	0.0727	0.0403	0.1216	0.0907	0.0281	0.2119	0.123
28	0.0216	0.0616	0.0485	0.069	0.0509	0.0772	0.0732	0.0404	0.1221	0.0913	0.0281	0.2121	0.1235
29	0.0195	0.0622	0.049	0.0697	0.0509	0.0773	0.0735	0.0403	0.1218	0.0915	0.028	0.2111	0.1235
30	0.0195	0.0622	0.0492	0.0699	0.0509	0.0779	0.0738	0.0402	0.1217	0.0915	0.0279	0.2103	0.1233
31	0.0200	0.0622	0.0492	0.07	0.051	0.0779	0.074	0.0403	0.1221	0.0919	0.028	0.2112	0.1238
32	0.0178	0.0626	0.0494	0.0705	0.0512	0.0784	0.0745	0.0404	0.1221	0.0922	0.0279	0.2122	0.1243
33	0.0178	0.063	0.0496	0.0711	0.0513	0.0786	0.0749	0.0403	0.1226	0.0926	0.0279	0.2123	0.1246
34	0.0164	0.0635	0.0499	0.0716	0.0512	0.0787	0.075	0.0404	0.1227	0.0928	0.0279	0.2125	0.1247
35	0.0161	0.0628	0.0497	0.0715	0.0511	0.0788	0.0751	0.0403	0.1228	0.0928	0.0278	0.2121	0.1246
36	0.0146	0.0624	0.0494	0.0712	0.0508	0.0784	0.0748	0.0402	0.123	0.0927	0.0278	0.2122	0.1245
37	0.0143	0.0622	0.0492	0.071	0.051	0.0787	0.0749	0.04	0.1228	0.0926	0.0278	0.2123	0.1245
38	0.0142	0.0627	0.0498	0.0714	0.0512	0.079	0.0752	0.0399	0.1225	0.0926	0.0278	0.2123	0.1246
39	0.0141	0.063	0.0501	0.0716	0.0511	0.0788	0.0751	0.0399	0.1223	0.0926	0.0277	0.2119	0.1245
40	0.0131	0.0638	0.0506	0.0724	0.0511	0.0788	0.0753	0.0398	0.1223	0.0928	0.0277	0.2122	0.1248
41	0.0134	0.064	0.0508	0.0726	0.0512	0.0791	0.0756	0.0398	0.1224	0.0929	0.0277	0.2114	0.1247
42	0.0126	0.0643	0.051	0.073	0.0512	0.0789	0.0757	0.0398	0.1225	0.0931	0.0276	0.2119	0.1248
43	0.0120	0.0642	0.0511	0.073	0.0514	0.0794	0.0759	0.04	0.1234	0.0934	0.0276	0.2128	0.1251
44	0.0117	0.0642	0.0512	0.0729	0.0514	0.0794	0.0758	0.0399	0.1239	0.0935	0.0276	0.2128	0.125
45	0.0118	0.0642	0.0513	0.073	0.0513	0.0793	0.0758	0.0399	0.1234	0.0933	0.0275	0.2116	0.1247
46	0.0114	0.0636	0.0506	0.0729	0.051	0.0788	0.0758	0.0399	0.1233	0.0936	0.0275	0.2109	0.1247
47	0.0114	0.0637	0.0506	0.0731	0.0515	0.0794	0.0763	0.0399	0.1234	0.0937	0.0275	0.2112	0.1249
48	0.0111	0.0637	0.0508	0.0734	0.0514	0.0794	0.0764	0.04	0.1242	0.0942	0.0274	0.2107	0.1249
49	0.0101	0.0641	0.0513	0.0734	0.0513	0.0794	0.0763	0.0402	0.1249	0.0942	0.0273	0.2105	0.1247
50	0.0104	0.0644	0.0515	0.0738	0.0514	0.08	0.0767	0.0401	0.1243	0.0944	0.0274	0.2104	0.1251
51	0.0096	0.0644	0.0512	0.0738	0.0515	0.0804	0.077	0.0403	0.1252	0.0947	0.0273	0.2101	0.1251
52	0.0097	0.0645	0.0514	0.074	0.0514	0.0803	0.077	0.0402	0.1251	0.0948	0.0273	0.2104	0.1252
53	0.0096	0.0642	0.0516	0.0742	0.0513	0.0799	0.0771	0.04	0.1243	0.0948	0.0273	0.2103	0.1254
54	0.0095	0.0639	0.0513	0.074	0.0515	0.0803	0.0773	0.04	0.1245	0.0948	0.0272	0.2098	0.1252
55	0.0092	0.0645	0.0518	0.0743	0.0514	0.0801	0.0771	0.04	0.1246	0.0948	0.0271	0.2094	0.125
56	0.0092	0.0641	0.0517	0.074	0.0512	0.0797	0.0769	0.04	0.1243	0.0947	0.027	0.2086	0.1246
57	0.0093	0.0637	0.0513	0.0735	0.051	0.0799	0.0766	0.0399	0.1238	0.0942	0.027	0.2086	0.1243
58	0.0096	0.0636	0.0512	0.0735	0.051	0.08	0.0767	0.0398	0.1236	0.0941	0.027	0.2083	0.1242
59	0.0092	0.0635	0.0511	0.0732	0.0508	0.0795	0.0762	0.0396	0.1229	0.0936	0.027	0.2089	0.124
60	0.0084	0.0638	0.0515	0.0736	0.0507	0.0794	0.0764	0.0396	0.123	0.0938	0.027	0.2095	0.1244
61	0.0092	0.0639	0.0512	0.0736	0.0505	0.0792	0.0762	0.0395	0.1228	0.0938	0.0269	0.2084	0.1241
62	0.0087	0.0644	0.0517	0.074	0.0506	0.0793	0.0763	0.0396	0.1232	0.0939	0.0269	0.2083	0.124
63	0.0086	0.0646	0.0519	0.0741	0.0503	0.0789	0.076	0.0393	0.123	0.0937	0.0268	0.2076	0.1237
64	0.0085	0.0639	0.0513	0.0734	0.0503	0.0787	0.0757	0.0392	0.1226	0.0932	0.0268	0.2076	0.1234
65	0.0086	0.0644	0.0519	0.0736	0.0503	0.0787	0.0757	0.0391	0.1223	0.093	0.0268	0.2074	0.1232
66	0.0087	0.0634	0.0511	0.0731	0.0501	0.0785	0.0755	0.0392	0.1226	0.0931	0.0268	0.2073	0.1232
67	0.0080	0.0631	0.0512	0.0728	0.0501	0.0788	0.0755	0.039	0.1223	0.0929	0.0266	0.2063	0.1228
68	0.0084	0.063	0.051	0.0728	0.0503	0.0791	0.0757	0.0389	0.1224	0.0928	0.0267	0.2065	0.1228
69	0.0076	0.0628	0.0508	0.0728	0.0506	0.0797	0.0761	0.0389	0.1224	0.0929	0.0266	0.2066	0.1229
70	0.0074	0.0632	0.0511	0.0729	0.0506	0.0795	0.076	0.0388	0.1218	0.0927	0.0266	0.2064	0.1227
71	0.0077	0.0634	0.0515	0.0732	0.0504	0.0792	0.0759	0.0388	0.1219	0.0928	0.0265	0.2056	0.1225
72	0.0073	0.0639	0.0516	0.0739	0.0505	0.0797	0.0765	0.0387	0.1213	0.093	0.0265	0.2057	0.123
73	0.0074	0.0635	0.0517	0.0736	0.0504	0.0796	0.0763	0.0386	0.121	0.0927	0.0265	0.2059	0.1229
74	0.0077	0.0635	0.0514	0.0734	0.0503	0.0796	0.0762	0.0386	0.1214	0.0927	0.0265	0.2057	0.1228
75	0.0081	0.0636	0.0513	0.0736	0.0502	0.0795	0.0762	0.0385	0.121	0.0927	0.0264	0.2047	0.1226
76	0.0076	0.0634	0.0511	0.0733	0.0503	0.0793	0.0761	0.0385	0.1213	0.0927	0.0264	0.2043	0.1225
77	0.0073	0.0633	0.0512	0.0734	0.0503	0.0796	0.0762	0.0383	0.1203	0.0924	0.0263	0.2044	0.1224
78	0.0075	0.0629	0.0508	0.0729	0.0504	0.0797	0.0761	0.0384	0.1206	0.0923	0.0263	0.2046	0.1223
79	0.0072	0.0632	0.0515	0.0733	0.0503	0.0799	0.0762	0.0385	0.1214	0.0927	0.0264	0.2049	0.1225
80	0.0072	0.0628	0.0511	0.073	0.0503	0.08	0.0762	0.0383	0.1207	0.0924	0.0264	0.2047	0.1224
81	0.0070	0.0627	0.051	0.0729	0.05	0.0796	0.076	0.0383	0.1206	0.0924	0.0264	0.2048	0.1224
82	0.0075	0.063	0.0512	0.0732	0.0501	0.0795	0.0762	0.0384	0.1207	0.0925	0.0264	0.2049	0.1225
83	0.0073	0.0624	0.0505	0.0726	0.0502	0.0801	0.0762	0.0384	0.1211	0.0925	0.0264	0.2049	0.1224
84	0.0070	0.0622	0.0504	0.0727	0.0501	0.0798	0.0762	0.0386	0.1218	0.0929	0.0263	0.2049	0.1225
85	0.0070	0.0629	0.051	0.0733	0.0501	0.0798	0.0763	0.0385	0.1214	0.0929	0.0264	0.205	0.1227
86	0.0068	0.0628	0.0511	0.0734	0.0499	0.0799	0.0764	0.0385	0.1217	0.0931	0.0263	0.2047	0.1226
87	0.0068	0.0629	0.0511	0.0735	0.0499	0.0797	0.0764	0.0386	0.1216	0.0931	0.0263	0.2045	0.1226
88	0.0071	0.0627	0.0508	0.0735	0.0501	0.0799	0.0766	0.0386	0.1218	0.0933	0.0263	0.2046	0.1228
89	0.0068	0.0628	0.051	0.0734	0.0503	0.0802	0.0767	0.0387	0.1217	0.0932	0.0263	0.2046	0.1227
90	0.0071	0.0631	0.0514	0.0737	0.0506	0.0809	0.0772	0.0388	0.1225	0.0937	0.0263	0.205	0.123
91	0.0073	0.0632	0.0515	0.0739	0.0505	0.0807	0.0772	0.0389	0.1227	0.0939	0.0263	0.2047	0.123
92	0.0065	0.0633	0.0516	0.0739	0.0505	0.0807	0.0771	0.0389	0.123	0.0939	0.0261	0.2037	0.1226
93	0.0063	0.0632	0.0515	0.0737	0.0504	0.0807	0.077	0.0388	0.1229	0.0937	0.0262	0.2038	0.1225
94	0.0067	0.0633	0.0515	0.0737	0.0503	0.0802	0.0767	0.0387	0.1222	0.0934	0.0261	0.2035	0.1222
95	0.0070	0.0631	0.0513	0.0735	0.0502	0.0803	0.0765	0.0387	0.1223	0.0932	0.0261	0.2036	0.1221
96	0.0064	0.063	0.0513	0.0736	0.05	0.08	0.0765	0.0384	0.1216	0.093	0.0261	0.2042	0.1223
97	0.0065	0.063	0.0515	0.0735	0.0501	0.0803	0.0765	0.0385	0.1221	0.0931	0.0261	0.2045	0.1222
98	0.0065	0.0627	0.0509	0.0733	0.0498	0.0799	0.0763	0.0384	0.1218	0.0929	0.0261	0.2046	0.1222
99	0.0068	0.0629	0.0513	0.0734	0.05	0.0797	0.0764	0.0383	0.1219	0.0929	0.0261	0.205	0.1223
100	0.0069	0.0631	0.0513	0.0736	0.0502	0.0801	0.0766	0.0383	0.1217	0.0929	0.0261	0.2046	0.1223
101	0.0070	0.0636	0.0517	0.0741	0.0501	0.08	0.0767	0.0385	0.123	0.0935	0.026	0.2043	0.1223
102	0.0061	0.063	0.0513	0.0735	0.05	0.0797	0.0764	0.0384	0.1224	0.0931	0.026	0.2037	0.122
103	0.0075	0.0627	0.0511	0.0734	0.0499	0.0796	0.0763	0.0383	0.1224	0.093	0.026	0.2037	0.1219
104	0.0065	0.0634	0.0516	0.0739	0.0501	0.0801	0.0766	0.0383	0.1221	0.0931	0.026	0.2037	0.122
105	0.0066	0.0632	0.0516	0.0737	0.0502	0.0798	0.0765	0.0383	0.1222	0.093	0.0259	0.2034	0.1218
106	0.0063	0.0631	0.0516	0.0736	0.0503	0.0801	0.0765	0.0383	0.1224	0.093	0.0259	0.2029	0.1216
107	0.0066	0.0635	0.0521	0.0738	0.0504	0.0804	0.0765	0.0382	0.1222	0.0928	0.0258	0.2022	0.1213
108	0.0065	0.0632	0.0519	0.0735	0.0502	0.0804	0.0764	0.0381	0.1218	0.0926	0.0258	0.2022	0.1212
109	0.0064	0.0629	0.0515	0.0732	0.0501	0.0799	0.0762	0.0383	0.1228	0.0928	0.0259	0.2026	0.1213
110	0.0067	0.0625	0.051	0.0728	0.05	0.0796	0.0759	0.0383	0.1228	0.0926	0.0259	0.2031	0.1212
111	0.0063	0.0626	0.0506	0.073	0.0502	0.0803	0.0764	0.0382	0.1225	0.0928	0.0258	0.2029	0.1214
112	0.0063	0.0628	0.0509	0.0732	0.0503	0.0806	0.0766	0.0381	0.1214	0.0926	0.0258	0.2021	0.1213
113	0.0062	0.0626	0.051	0.0731	0.0499	0.0797	0.0761	0.038	0.1207	0.0923	0.0258	0.2023	0.1212
114	0.0059	0.0625	0.0507	0.073	0.0498	0.0794	0.076	0.038	0.1207	0.0922	0.0257	0.2015	0.1209
115	0.0063	0.0618	0.0501	0.0722	0.0496	0.0794	0.0757	0.038	0.1205	0.0919	0.0256	0.2006	0.1204
116	0.0063	0.0618	0.0501	0.072	0.0494	0.0788	0.0752	0.0379	0.1201	0.0915	0.0257	0.2007	0.1202
117	0.0063	0.0618	0.05	0.0719	0.0494	0.0789	0.0752	0.0377	0.1195	0.0913	0.0257	0.2011	0.1203
118	0.0062	0.0619	0.0503	0.072	0.0493	0.0786	0.0751	0.0377	0.1193	0.0913	0.0257	0.2006	0.1201
119	0.0062	0.0617	0.0501	0.0719	0.0494	0.0788	0.0752	0.0378	0.1196	0.0914	0.0257	0.2012	0.1202
120	0.0062	0.0618	0.0502	0.0722	0.0494	0.0792	0.0754	0.0377	0.1195	0.0915	0.0257	0.2013	0.1204
121	0.0061	0.0622	0.0504	0.0724	0.0494	0.0788	0.0754	0.0376	0.1191	0.0913	0.0257	0.2015	0.1205
122	0.0061	0.0625	0.0507	0.0729	0.0497	0.0795	0.0761	0.0377	0.1201	0.092	0.0257	0.2017	0.1209
123	0.0067	0.0626	0.0503	0.0729	0.0497	0.0795	0.076	0.0376	0.1202	0.0919	0.0256	0.2017	0.1207
124	0.0059	0.0627	0.0503	0.0729	0.0495	0.0793	0.0758	0.0375	0.12	0.0917	0.0256	0.2018	0.1207
125	0.0061	0.0625	0.0503	0.0728	0.0495	0.0794	0.0758	0.0375	0.1199	0.0917	0.0257	0.202	0.1207
126	0.0055	0.0625	0.0502	0.0725	0.0496	0.0795	0.0757	0.0375	0.1198	0.0914	0.0256	0.2018	0.1204
127	0.0062	0.0621	0.0501	0.0721	0.0495	0.0796	0.0755	0.0376	0.1199	0.0914	0.0257	0.2023	0.1205
128	0.0063	0.0621	0.0505	0.072	0.0492	0.079	0.0751	0.0376	0.12	0.0912	0.0256	0.202	0.1201
129	0.0063	0.0624	0.0507	0.0723	0.0491	0.0787	0.075	0.0374	0.1195	0.091	0.0256	0.2018	0.1201
130	0.0062	0.0621	0.0504	0.0723	0.0493	0.0789	0.0753	0.0374	0.1191	0.0911	0.0255	0.2008	0.1199
131	0.0062	0.0623	0.0508	0.0723	0.0489	0.0784	0.0749	0.0373	0.1186	0.0908	0.0255	0.2006	0.1197
132	0.0065	0.0622	0.0508	0.0716	0.0486	0.078	0.074	0.0371	0.1185	0.0899	0.0253	0.1993	0.1185
133	0.0056	0.0614	0.05	0.0707	0.0482	0.0774	0.0733	0.0369	0.1181	0.0893	0.0253	0.1986	0.1179
134	0.0058	0.0613	0.05	0.0707	0.048	0.0771	0.0732	0.0368	0.117	0.0891	0.0252	0.1981	0.1178
135	0.0061	0.0614	0.0499	0.0707	0.0484	0.0775	0.0735	0.0367	0.117	0.0891	0.0252	0.1979	0.1177
136	0.0063	0.0613	0.0499	0.0707	0.0485	0.0775	0.0736	0.0368	0.1172	0.0892	0.0251	0.1973	0.1175
137	0.0062	0.0614	0.0501	0.0708	0.0484	0.0777	0.0736	0.0368	0.1169	0.0891	0.0251	0.1972	0.1175
138	0.0059	0.0614	0.0505	0.0709	0.0483	0.0777	0.0735	0.0366	0.1163	0.0888	0.0251	0.1972	0.1175
139	0.0060	0.0607	0.0499	0.0705	0.0485	0.0779	0.0737	0.0366	0.1162	0.0889	0.0251	0.1964	0.1173
140	0.0060	0.0605	0.0494	0.0704	0.0481	0.0772	0.0734	0.0366	0.1168	0.089	0.025	0.1962	0.1172
141	0.0064	0.0605	0.0496	0.0705	0.0483	0.0777	0.0736	0.0367	0.1173	0.0892	0.025	0.1959	0.1172
142	0.0062	0.0606	0.0498	0.0707	0.0482	0.0777	0.0737	0.0368	0.1176	0.0894	0.025	0.1951	0.1171
143	0.0064	0.0606	0.0497	0.071	0.0481	0.0776	0.0739	0.0367	0.1173	0.0896	0.0249	0.195	0.1174
144	0.0057	0.0608	0.0498	0.0711	0.0481	0.0779	0.074	0.0367	0.1173	0.0897	0.025	0.1955	0.1176
145	0.0055	0.0603	0.0497	0.0708	0.048	0.0774	0.0739	0.0367	0.1174	0.0897	0.025	0.1958	0.1176
146	0.0057	0.0603	0.0497	0.0709	0.0481	0.0775	0.0739	0.0367	0.1173	0.0897	0.025	0.196	0.1177
147	0.0062	0.0605	0.0499	0.0709	0.0481	0.0778	0.0739	0.0366	0.1169	0.0894	0.025	0.196	0.1175
148	0.0059	0.0607	0.0497	0.0712	0.0481	0.0778	0.0741	0.0367	0.1177	0.0898	0.025	0.1958	0.1176
149	0.0058	0.0607	0.0497	0.071	0.0482	0.0783	0.0741	0.0367	0.1176	0.0896	0.0249	0.1957	0.1175
150	0.0056	0.0607	0.0498	0.0711	0.0485	0.0788	0.0744	0.0368	0.118	0.0899	0.0249	0.1959	0.1176
