{"device": "cuda:2", "multimodal": true, "embedding_dim": 512, "n_layers": 0, "epochs": 500, "learning_rate": 0.001, "log": true, "seed": 19, "top_k": [5, 10, 20, 50], "dataset": "dbbook", "batch_size": 2048, "single_branch": false, "autoencoder": false, "ensemble_fusion": false, "freeze": true, "fusion_modalities": "mean", "fusion_type": "late", "info_nce": false, "weighting": "equal", "datasets": {"dbbook": ["images", "text"], "ml1m": ["audio", "images", "text", "video"]}}
Epoch	T-Loss	V-Loss	Precision@5	Recall@5	NDCG@5	Precision@10	Recall@10	NDCG@10	Precision@20	Recall@20	NDCG@20	Precision@50	Recall@50	NDCG@50
1	0.693	0.6929	0.0025	0.0017	0.0025	0.0025	0.0035	0.0031	0.0023	0.0072	0.0046	0.0021	0.0163	0.0079
2	0.6879	0.6924	0.0078	0.0061	0.0093	0.0067	0.011	0.0102	0.0052	0.0169	0.0126	0.0041	0.0332	0.0183
3	0.6826	0.6916	0.021	0.0177	0.0261	0.0159	0.027	0.0266	0.0116	0.0391	0.0312	0.0077	0.0635	0.0398
4	0.6757	0.6903	0.0385	0.0323	0.0471	0.0284	0.0463	0.0468	0.02	0.0645	0.0537	0.0125	0.0999	0.0662
5	0.6659	0.688	0.0515	0.0421	0.0622	0.0386	0.0618	0.0619	0.0278	0.0879	0.0718	0.0172	0.135	0.0886
6	0.6523	0.684	0.0582	0.0467	0.0696	0.0446	0.07	0.0698	0.0325	0.1014	0.0818	0.0206	0.1599	0.1026
7	0.6336	0.6779	0.0618	0.0496	0.0733	0.0472	0.0735	0.0732	0.0349	0.1072	0.0864	0.0231	0.1763	0.1111
8	0.6093	0.669	0.0635	0.0501	0.0753	0.0485	0.075	0.0752	0.0368	0.112	0.0898	0.0245	0.1854	0.1161
9	0.5786	0.6571	0.0644	0.0502	0.0763	0.0494	0.0762	0.0763	0.0375	0.1144	0.0912	0.025	0.189	0.1182
10	0.5423	0.6416	0.0652	0.05	0.0765	0.0497	0.0755	0.0761	0.038	0.1149	0.0916	0.0255	0.1915	0.1192
11	0.5017	0.6235	0.0647	0.0494	0.0761	0.0502	0.076	0.0763	0.0383	0.116	0.092	0.0256	0.1915	0.1194
12	0.4592	0.6036	0.0653	0.0497	0.0762	0.0502	0.0759	0.0763	0.0385	0.1162	0.0921	0.0259	0.1926	0.1199
13	0.4163	0.5824	0.0651	0.0495	0.0762	0.0506	0.0765	0.0768	0.0386	0.1158	0.0923	0.026	0.1937	0.1204
14	0.3741	0.5616	0.0653	0.0495	0.0762	0.051	0.0767	0.0769	0.0387	0.1159	0.0923	0.0261	0.1948	0.1208
15	0.3358	0.5414	0.066	0.05	0.077	0.051	0.0765	0.0772	0.0388	0.1158	0.0927	0.0262	0.1947	0.1213
16	0.3014	0.5215	0.0667	0.0509	0.0776	0.0511	0.0764	0.0773	0.039	0.1163	0.093	0.0263	0.1959	0.1218
17	0.2713	0.5086	0.0671	0.0514	0.0783	0.0514	0.0775	0.0781	0.0391	0.1163	0.0935	0.0264	0.1966	0.1224
18	0.2439	0.4905	0.0674	0.0518	0.0787	0.0517	0.0785	0.0787	0.0393	0.1169	0.0941	0.0266	0.1976	0.1231
19	0.2196	0.4788	0.0678	0.052	0.0794	0.0521	0.0795	0.0796	0.0394	0.1177	0.0947	0.0266	0.198	0.1238
20	0.1988	0.4687	0.0682	0.0523	0.0798	0.0525	0.0799	0.0801	0.0396	0.1184	0.0953	0.0268	0.1994	0.1246
21	0.1807	0.46	0.0684	0.0525	0.0801	0.0529	0.0805	0.0806	0.0398	0.1188	0.0958	0.0268	0.1995	0.1249
22	0.1648	0.448	0.0687	0.0532	0.0806	0.053	0.0806	0.0809	0.0399	0.1194	0.0963	0.0269	0.2007	0.1256
23	0.1505	0.4393	0.0687	0.0531	0.0807	0.0532	0.0807	0.0811	0.0401	0.1198	0.0966	0.0269	0.2005	0.1257
24	0.1377	0.4361	0.0687	0.0531	0.0809	0.0534	0.0812	0.0816	0.0399	0.1194	0.0967	0.027	0.2015	0.1263
25	0.1254	0.4275	0.0687	0.0535	0.0811	0.0533	0.0812	0.0816	0.0402	0.121	0.0972	0.0271	0.2022	0.1267
26	0.1153	0.4247	0.069	0.0539	0.0815	0.0535	0.0812	0.0819	0.0404	0.122	0.0978	0.0272	0.2026	0.1271
27	0.1064	0.4237	0.0695	0.0543	0.082	0.0537	0.0816	0.0823	0.0406	0.1231	0.0985	0.0272	0.2028	0.1275
28	0.0986	0.4145	0.07	0.0547	0.0826	0.054	0.0821	0.0828	0.0408	0.1244	0.0992	0.0273	0.2039	0.1282
29	0.0913	0.412	0.0705	0.0549	0.0831	0.0543	0.083	0.0834	0.0411	0.1252	0.0998	0.0273	0.204	0.1285
30	0.0845	0.4083	0.0706	0.0552	0.0833	0.0543	0.0833	0.0836	0.0411	0.1254	0.1001	0.0273	0.2037	0.1287
31	0.0801	0.4018	0.0706	0.0554	0.0835	0.0546	0.0835	0.0839	0.0412	0.1255	0.1002	0.0273	0.2044	0.129
32	0.074	0.4034	0.071	0.0556	0.0837	0.0551	0.0843	0.0844	0.0415	0.1265	0.1008	0.0274	0.2051	0.1294
33	0.0685	0.4036	0.0714	0.0558	0.084	0.055	0.0843	0.0845	0.0414	0.1265	0.1009	0.0274	0.2051	0.1295
34	0.0646	0.4017	0.0713	0.0561	0.0843	0.0549	0.0842	0.0847	0.0413	0.1262	0.101	0.0275	0.2053	0.1299
35	0.0607	0.3944	0.0711	0.056	0.084	0.0552	0.0845	0.0848	0.0414	0.1266	0.1011	0.0275	0.2052	0.1298
36	0.057	0.3985	0.0712	0.0562	0.0841	0.0552	0.0847	0.0848	0.0415	0.1268	0.1011	0.0275	0.2051	0.1298
37	0.054	0.3943	0.0713	0.0564	0.0842	0.0552	0.0849	0.0849	0.0414	0.127	0.1012	0.0276	0.2063	0.1302
38	0.0508	0.3895	0.0716	0.0565	0.0842	0.0553	0.085	0.0848	0.0416	0.1274	0.1013	0.0276	0.2066	0.1302
39	0.0492	0.3881	0.0715	0.0564	0.084	0.0554	0.0856	0.085	0.0415	0.1269	0.101	0.0276	0.2065	0.1302
40	0.0455	0.3897	0.0714	0.0565	0.084	0.0554	0.0857	0.085	0.0415	0.1275	0.1013	0.0276	0.2062	0.1301
41	0.0434	0.3868	0.0713	0.0565	0.084	0.0557	0.086	0.0853	0.0415	0.1272	0.1013	0.0276	0.2069	0.1304
42	0.041	0.3878	0.0708	0.0563	0.0837	0.0559	0.0862	0.0854	0.0416	0.1275	0.1014	0.0277	0.207	0.1305
43	0.0395	0.3835	0.0714	0.0568	0.0842	0.0561	0.0864	0.0857	0.0417	0.1281	0.1018	0.0276	0.2071	0.1306
44	0.038	0.3825	0.0713	0.0566	0.0842	0.0562	0.0867	0.0859	0.0417	0.1282	0.1019	0.0276	0.2068	0.1306
45	0.036	0.3868	0.0717	0.0569	0.0845	0.0564	0.0873	0.0862	0.0418	0.1285	0.102	0.0276	0.2067	0.1307
46	0.0337	0.3787	0.0715	0.0568	0.0843	0.0563	0.0873	0.086	0.0417	0.1281	0.1018	0.0276	0.2068	0.1307
47	0.0321	0.3844	0.0717	0.057	0.0844	0.0562	0.0871	0.086	0.0417	0.1283	0.1019	0.0277	0.2075	0.131
48	0.0321	0.3813	0.0717	0.0569	0.0847	0.0563	0.0874	0.0864	0.0418	0.1285	0.1024	0.0278	0.2081	0.1315
49	0.0309	0.3738	0.0715	0.0566	0.0846	0.0563	0.0874	0.0864	0.0418	0.1284	0.1023	0.0277	0.2079	0.1314
50	0.0291	0.377	0.0712	0.0565	0.0845	0.0561	0.0871	0.0862	0.042	0.1291	0.1025	0.0278	0.2081	0.1314
51	0.0281	0.3792	0.0715	0.0568	0.0847	0.0559	0.0866	0.0861	0.0419	0.1287	0.1025	0.0277	0.2074	0.1313
52	0.0264	0.3791	0.0717	0.0569	0.0848	0.0559	0.0866	0.0861	0.0422	0.1293	0.1028	0.0277	0.2074	0.1314
53	0.0265	0.3751	0.0721	0.0571	0.0853	0.0561	0.0868	0.0864	0.0422	0.1295	0.1031	0.0278	0.2077	0.1317
54	0.0249	0.3802	0.0721	0.0571	0.0854	0.0561	0.087	0.0866	0.0424	0.1302	0.1035	0.0278	0.2082	0.132
55	0.0241	0.3779	0.0721	0.0571	0.0855	0.0565	0.0876	0.0871	0.0423	0.1298	0.1035	0.0278	0.2084	0.1322
56	0.0236	0.3832	0.0722	0.0571	0.0855	0.0566	0.0882	0.0872	0.0423	0.1295	0.1034	0.0278	0.2092	0.1324
57	0.0231	0.3782	0.0728	0.0573	0.0858	0.0566	0.0886	0.0874	0.0424	0.13	0.1036	0.0278	0.2089	0.1324
58	0.0223	0.3728	0.0725	0.0574	0.0856	0.0566	0.0886	0.0872	0.0424	0.1304	0.1036	0.0278	0.2087	0.1323
59	0.0213	0.3736	0.0728	0.0575	0.0859	0.0566	0.0888	0.0874	0.0424	0.1303	0.1037	0.0279	0.2096	0.1326
60	0.0204	0.3741	0.0726	0.0572	0.0858	0.0566	0.0887	0.0874	0.0424	0.1304	0.1038	0.0279	0.2095	0.1327
61	0.0203	0.3688	0.0727	0.0572	0.0859	0.0565	0.0887	0.0874	0.0424	0.1306	0.1039	0.0279	0.2097	0.1328
62	0.0195	0.3762	0.0725	0.0569	0.0855	0.0566	0.0886	0.0873	0.0425	0.1312	0.104	0.0279	0.2103	0.1328
63	0.0187	0.3734	0.0728	0.0576	0.0858	0.0567	0.0887	0.0874	0.0425	0.131	0.1039	0.028	0.2115	0.1331
64	0.0183	0.3694	0.0726	0.0574	0.0857	0.0566	0.0886	0.0872	0.0425	0.1311	0.1039	0.028	0.2112	0.133
65	0.0184	0.3753	0.0724	0.0577	0.0858	0.0566	0.0886	0.0873	0.0425	0.131	0.1039	0.028	0.2116	0.1331
66	0.0177	0.368	0.0726	0.0579	0.086	0.0565	0.0885	0.0874	0.0425	0.1312	0.1041	0.028	0.2119	0.1333
67	0.0171	0.3712	0.0726	0.0578	0.0861	0.0564	0.0882	0.0872	0.0426	0.1316	0.1043	0.028	0.212	0.1334
68	0.0169	0.374	0.0729	0.0579	0.0862	0.0567	0.0885	0.0875	0.0427	0.1318	0.1044	0.028	0.2117	0.1334
69	0.0166	0.3721	0.0733	0.0584	0.0869	0.0568	0.0889	0.088	0.0428	0.1321	0.1049	0.028	0.2121	0.1338
70	0.0158	0.3674	0.0734	0.0585	0.0871	0.0569	0.0891	0.0882	0.0427	0.1318	0.1049	0.028	0.2118	0.1339
71	0.0158	0.372	0.0733	0.0584	0.0873	0.0572	0.0894	0.0886	0.0426	0.1318	0.1051	0.028	0.2122	0.1343
72	0.0159	0.3708	0.0733	0.0584	0.0871	0.057	0.0892	0.0883	0.0426	0.1318	0.1049	0.028	0.2124	0.134
73	0.0152	0.3718	0.0733	0.0583	0.0868	0.0569	0.0891	0.0881	0.0424	0.1315	0.1046	0.0279	0.2115	0.1336
74	0.0141	0.3636	0.0732	0.058	0.0867	0.057	0.0892	0.0882	0.0426	0.1321	0.1049	0.0279	0.211	0.1336
75	0.0148	0.3686	0.0731	0.0577	0.0864	0.0569	0.089	0.0879	0.0426	0.1323	0.1048	0.0279	0.2108	0.1334
76	0.0141	0.3679	0.073	0.0578	0.0865	0.0568	0.0889	0.0879	0.0426	0.1323	0.1048	0.0279	0.2107	0.1334
77	0.0142	0.3714	0.0728	0.0577	0.0865	0.0567	0.0887	0.0879	0.0426	0.1324	0.1049	0.0279	0.2108	0.1335
78	0.0138	0.3648	0.0729	0.0578	0.0865	0.0568	0.0889	0.088	0.0428	0.1328	0.1051	0.0279	0.2112	0.1336
79	0.0139	0.3709	0.0733	0.0581	0.0869	0.057	0.0894	0.0883	0.0428	0.1327	0.1052	0.0279	0.211	0.1337
80	0.0132	0.3635	0.0731	0.0577	0.0867	0.0571	0.0893	0.0883	0.0425	0.1317	0.1048	0.0279	0.2113	0.1337
81	0.0134	0.3704	0.0733	0.0578	0.0868	0.0571	0.0893	0.0884	0.0427	0.1321	0.105	0.0278	0.2111	0.1337
82	0.0125	0.3678	0.0731	0.0579	0.0867	0.0569	0.0891	0.0882	0.0427	0.1323	0.105	0.0278	0.2111	0.1336
83	0.013	0.3675	0.0733	0.0583	0.087	0.0569	0.0891	0.0882	0.0426	0.1323	0.1051	0.0278	0.211	0.1337
84	0.012	0.361	0.0734	0.0584	0.0872	0.0569	0.0891	0.0883	0.0428	0.1327	0.1053	0.0279	0.2114	0.1339
85	0.0124	0.3711	0.0732	0.0585	0.0872	0.0568	0.0891	0.0884	0.0427	0.1325	0.1053	0.0279	0.2115	0.134
86	0.0122	0.3707	0.0732	0.0589	0.0873	0.0565	0.0889	0.0882	0.0426	0.1323	0.1053	0.0279	0.2111	0.134
87	0.0121	0.3713	0.0732	0.0585	0.087	0.0564	0.0887	0.088	0.0425	0.132	0.105	0.0278	0.2109	0.1337
88	0.0115	0.3753	0.0731	0.0584	0.0871	0.0564	0.0885	0.088	0.0425	0.1317	0.1051	0.0278	0.2109	0.1338
89	0.0115	0.3735	0.0728	0.0583	0.0869	0.0561	0.0882	0.0879	0.0425	0.1318	0.105	0.0278	0.2109	0.1338
90	0.0116	0.367	0.0726	0.058	0.0869	0.0564	0.0888	0.0883	0.0425	0.1317	0.1051	0.0279	0.2112	0.134
91	0.0107	0.3692	0.0728	0.0583	0.0873	0.0566	0.0893	0.0886	0.0425	0.1316	0.1052	0.0279	0.2115	0.1342
92	0.0108	0.3623	0.0728	0.0584	0.0874	0.0566	0.0891	0.0887	0.0425	0.1317	0.1053	0.0279	0.2112	0.1342
93	0.011	0.37	0.0729	0.0584	0.0876	0.0567	0.0892	0.0889	0.0425	0.1317	0.1055	0.0278	0.2104	0.1342
94	0.0107	0.3682	0.0736	0.059	0.088	0.0567	0.0892	0.0888	0.0425	0.1321	0.1056	0.0278	0.2107	0.1342
95	0.011	0.3656	0.0735	0.059	0.088	0.0566	0.0893	0.0888	0.0426	0.1324	0.1056	0.0278	0.2104	0.1341
96	0.0106	0.367	0.0732	0.0587	0.0876	0.0565	0.0892	0.0886	0.0426	0.1322	0.1055	0.0278	0.2105	0.1341
97	0.01	0.3649	0.0732	0.0587	0.0877	0.0564	0.089	0.0886	0.0424	0.1317	0.1054	0.0279	0.2106	0.1342
98	0.0104	0.369	0.0731	0.0588	0.0878	0.0566	0.0893	0.0888	0.0426	0.1322	0.1056	0.0278	0.2102	0.1341
99	0.01	0.3671	0.0735	0.0594	0.0882	0.0567	0.0893	0.089	0.0426	0.1322	0.1058	0.0278	0.2102	0.1343
100	0.0102	0.3701	0.0735	0.0594	0.0884	0.0568	0.0897	0.0893	0.0425	0.1322	0.1059	0.0278	0.2107	0.1345
101	0.0105	0.368	0.0731	0.059	0.0883	0.057	0.0898	0.0895	0.0426	0.1323	0.1061	0.0279	0.2106	0.1347
102	0.0097	0.3723	0.0729	0.059	0.0879	0.0569	0.0894	0.0891	0.0424	0.1317	0.1057	0.0279	0.2105	0.1345
103	0.0096	0.3641	0.0729	0.059	0.0879	0.0569	0.0897	0.0893	0.0424	0.1315	0.1057	0.0278	0.2102	0.1344
104	0.0097	0.3686	0.073	0.0589	0.088	0.057	0.0898	0.0894	0.0425	0.1318	0.1058	0.0278	0.2105	0.1345
105	0.0096	0.3667	0.0731	0.0591	0.0883	0.0569	0.0897	0.0895	0.0425	0.1321	0.1061	0.0278	0.2105	0.1346
106	0.0094	0.3703	0.0729	0.0588	0.0881	0.0568	0.0895	0.0893	0.0426	0.1322	0.1061	0.0278	0.2105	0.1346
107	0.0092	0.3691	0.0731	0.0593	0.0884	0.0568	0.0895	0.0895	0.0426	0.1323	0.1063	0.0278	0.2103	0.1347
108	0.0093	0.3681	0.0731	0.0594	0.0883	0.0571	0.0899	0.0897	0.0427	0.1326	0.1064	0.0278	0.2105	0.1347
109	0.009	0.3691	0.0732	0.0591	0.0882	0.0572	0.09	0.0897	0.0427	0.1325	0.1063	0.0277	0.2102	0.1346
110	0.0091	0.3604	0.0733	0.059	0.0882	0.0574	0.0906	0.0898	0.0426	0.1325	0.1061	0.0277	0.2099	0.1344
111	0.0089	0.365	0.0732	0.0588	0.0879	0.0572	0.0901	0.0894	0.0425	0.1319	0.1058	0.0277	0.21	0.1342
112	0.0094	0.3637	0.0735	0.0593	0.0882	0.057	0.0898	0.0893	0.0424	0.1318	0.1056	0.0277	0.2098	0.1341
113	0.0091	0.3664	0.0735	0.0595	0.0883	0.0569	0.0898	0.0893	0.0425	0.1321	0.1058	0.0277	0.2099	0.1342
114	0.0088	0.3648	0.0729	0.0588	0.0877	0.057	0.0902	0.0893	0.0425	0.1322	0.1057	0.0277	0.2101	0.1342
115	0.0085	0.3705	0.073	0.0589	0.0879	0.0571	0.0901	0.0894	0.0425	0.132	0.1058	0.0277	0.2099	0.1342
116	0.0088	0.3721	0.0734	0.059	0.0882	0.0572	0.0901	0.0895	0.0426	0.1321	0.1059	0.0277	0.2097	0.1342
117	0.0086	0.3653	0.0729	0.0587	0.0878	0.057	0.09	0.0893	0.0424	0.1318	0.1056	0.0277	0.21	0.1342
118	0.0084	0.3658	0.0732	0.0591	0.0879	0.057	0.09	0.0893	0.0424	0.1318	0.1055	0.0277	0.21	0.1341
119	0.0085	0.3656	0.0735	0.0595	0.0882	0.0569	0.0898	0.0893	0.0423	0.1316	0.1055	0.0277	0.2102	0.1342
120	0.0083	0.3685	0.0735	0.0594	0.0882	0.0569	0.0897	0.0893	0.0423	0.1315	0.1055	0.0277	0.2103	0.1343
121	0.0084	0.3687	0.0735	0.0598	0.0885	0.0568	0.0897	0.0893	0.0424	0.1318	0.1058	0.0277	0.2104	0.1344
122	0.0088	0.3628	0.0736	0.0594	0.0885	0.0566	0.0893	0.0892	0.0423	0.1316	0.1057	0.0277	0.2101	0.1344
123	0.0085	0.3656	0.0736	0.0596	0.0883	0.0566	0.0894	0.0891	0.0422	0.1313	0.1054	0.0277	0.2103	0.1342
124	0.0083	0.3659	0.0735	0.0592	0.0881	0.0567	0.0896	0.0891	0.0423	0.1315	0.1054	0.0277	0.2099	0.134
125	0.008	0.3639	0.074	0.0596	0.0885	0.0568	0.0897	0.0892	0.0423	0.1318	0.1056	0.0277	0.2101	0.1342
126	0.0079	0.3659	0.0739	0.0597	0.0886	0.0567	0.0895	0.0893	0.0424	0.1322	0.1059	0.0277	0.2102	0.1344
127	0.0083	0.3624	0.0742	0.0599	0.089	0.0569	0.0899	0.0896	0.0424	0.1321	0.106	0.0277	0.2105	0.1346
128	0.0083	0.3647	0.0744	0.0601	0.089	0.0569	0.0898	0.0895	0.0424	0.1321	0.106	0.0277	0.2101	0.1344
129	0.0082	0.3724	0.0747	0.0604	0.0892	0.0568	0.0899	0.0895	0.0424	0.1321	0.1059	0.0277	0.2098	0.1343
130	0.0076	0.3632	0.0743	0.0601	0.089	0.0567	0.0899	0.0895	0.0424	0.1322	0.106	0.0277	0.2103	0.1344
131	0.0079	0.3686	0.0742	0.0602	0.0889	0.0569	0.0901	0.0896	0.0424	0.1321	0.1059	0.0277	0.2102	0.1343
132	0.0081	0.3639	0.0742	0.0601	0.089	0.0568	0.0899	0.0896	0.0424	0.1321	0.106	0.0277	0.2103	0.1345
133	0.0078	0.363	0.0742	0.0601	0.089	0.0567	0.0901	0.0895	0.0424	0.1323	0.106	0.0276	0.2099	0.1342
134	0.008	0.3688	0.0744	0.0604	0.0892	0.0566	0.0897	0.0893	0.0424	0.1318	0.1058	0.0276	0.2099	0.1342
135	0.0076	0.3599	0.0742	0.0602	0.089	0.0566	0.0897	0.0893	0.0424	0.1316	0.1057	0.0277	0.21	0.1342
136	0.0077	0.3632	0.0744	0.0604	0.0891	0.0568	0.09	0.0895	0.0424	0.1325	0.106	0.0276	0.2101	0.1342
137	0.0075	0.3697	0.0741	0.06	0.0887	0.0567	0.09	0.0893	0.0424	0.1323	0.1057	0.0276	0.2098	0.1339
138	0.0079	0.3674	0.074	0.0601	0.0887	0.0568	0.0901	0.0893	0.0423	0.1323	0.1057	0.0276	0.2103	0.1341
139	0.0076	0.365	0.0739	0.0602	0.0885	0.0566	0.0898	0.0891	0.0423	0.1322	0.1056	0.0276	0.2097	0.1339
140	0.0077	0.3617	0.074	0.0603	0.0886	0.0566	0.0897	0.0891	0.0424	0.1327	0.1058	0.0277	0.2104	0.1341
141	0.0078	0.368	0.0739	0.0605	0.0888	0.0564	0.0895	0.089	0.0424	0.1327	0.1059	0.0277	0.2105	0.1342
142	0.0073	0.3642	0.0736	0.0601	0.0884	0.0561	0.0891	0.0887	0.0422	0.1319	0.1055	0.0277	0.21	0.1339
143	0.0073	0.373	0.0739	0.0603	0.0886	0.0562	0.089	0.0887	0.0421	0.1315	0.1053	0.0277	0.2098	0.1339
144	0.0071	0.3797	0.0739	0.0604	0.0885	0.0562	0.0892	0.0886	0.0423	0.132	0.1054	0.0277	0.2103	0.1339
145	0.0073	0.3626	0.0734	0.06	0.088	0.0561	0.0889	0.0884	0.0423	0.1319	0.1053	0.0277	0.21	0.1337
146	0.0076	0.3697	0.073	0.0595	0.0876	0.056	0.0888	0.0883	0.0423	0.1321	0.1053	0.0276	0.2101	0.1337
147	0.0072	0.3628	0.073	0.0596	0.0875	0.056	0.0887	0.0882	0.0424	0.1325	0.1053	0.0276	0.2099	0.1335
148	0.0065	0.3579	0.073	0.0597	0.0874	0.056	0.0888	0.0881	0.0423	0.1322	0.1051	0.0276	0.21	0.1334
149	0.0074	0.3666	0.0733	0.0598	0.0875	0.0561	0.0892	0.0882	0.0422	0.132	0.105	0.0276	0.21	0.1333
150	0.0072	0.361	0.0729	0.0595	0.0874	0.0562	0.0892	0.0883	0.0422	0.132	0.1049	0.0276	0.2103	0.1334
151	0.0074	0.3673	0.0726	0.059	0.0868	0.0562	0.0891	0.0881	0.0422	0.132	0.1047	0.0276	0.2102	0.1332
152	0.0073	0.3663	0.0732	0.0595	0.0874	0.0561	0.0888	0.0881	0.042	0.1315	0.1047	0.0275	0.2096	0.1331
153	0.0073	0.3711	0.0733	0.0598	0.0878	0.056	0.0886	0.0882	0.042	0.1316	0.1049	0.0275	0.2098	0.1334
154	0.0071	0.3674	0.073	0.0595	0.0877	0.0558	0.0884	0.0881	0.0421	0.1314	0.105	0.0276	0.2101	0.1335
155	0.007	0.3579	0.0729	0.0595	0.0875	0.0558	0.0884	0.0881	0.042	0.1311	0.1047	0.0276	0.2102	0.1335
156	0.007	0.3617	0.0731	0.0598	0.0878	0.0558	0.0884	0.0882	0.042	0.1314	0.105	0.0276	0.2101	0.1337
157	0.0068	0.3657	0.0735	0.0602	0.0881	0.056	0.0889	0.0886	0.042	0.1314	0.1051	0.0276	0.2104	0.1339
158	0.007	0.3671	0.0738	0.0606	0.0884	0.0561	0.0888	0.0886	0.0421	0.1316	0.1053	0.0277	0.2107	0.134
159	0.0071	0.369	0.0737	0.0605	0.0883	0.0561	0.089	0.0886	0.0422	0.132	0.1054	0.0277	0.2108	0.1341
160	0.0068	0.3655	0.0735	0.0602	0.0881	0.0559	0.0887	0.0883	0.0422	0.1317	0.1051	0.0276	0.2104	0.1337
161	0.007	0.3664	0.0732	0.0599	0.0879	0.056	0.0886	0.0884	0.0421	0.1316	0.1051	0.0276	0.21	0.1337
162	0.0068	0.3647	0.0733	0.0598	0.088	0.056	0.0887	0.0884	0.0422	0.1315	0.1052	0.0275	0.2098	0.1336
163	0.0068	0.3698	0.0733	0.0598	0.0881	0.0564	0.0893	0.0888	0.0421	0.1315	0.1053	0.0276	0.2099	0.1338
164	0.0069	0.3679	0.0735	0.0597	0.0881	0.0563	0.0895	0.0888	0.0421	0.1314	0.1052	0.0276	0.2104	0.1339
165	0.0069	0.3601	0.0733	0.0597	0.0878	0.0562	0.0892	0.0885	0.042	0.1308	0.1049	0.0276	0.2101	0.1336
166	0.0066	0.3659	0.0735	0.0601	0.0881	0.056	0.0891	0.0885	0.0421	0.1309	0.105	0.0276	0.21	0.1337
167	0.0067	0.3685	0.0738	0.0603	0.0884	0.0563	0.0892	0.0887	0.0421	0.131	0.1051	0.0276	0.21	0.1338
168	0.0065	0.3703	0.0739	0.0604	0.0885	0.0564	0.0894	0.0889	0.042	0.1308	0.1052	0.0276	0.2102	0.134
169	0.0069	0.366	0.0739	0.0603	0.0885	0.0566	0.0895	0.089	0.0422	0.1311	0.1052	0.0276	0.2106	0.1339
170	0.0066	0.3614	0.0738	0.0603	0.0883	0.0567	0.0896	0.0889	0.0421	0.131	0.105	0.0276	0.2103	0.1337
171	0.0067	0.3659	0.074	0.0603	0.0886	0.0568	0.0898	0.0892	0.0421	0.131	0.1052	0.0276	0.2101	0.1339
172	0.0068	0.3642	0.0741	0.0604	0.0889	0.0569	0.0901	0.0894	0.0421	0.1311	0.1054	0.0276	0.2109	0.1343
173	0.0068	0.3636	0.0742	0.0605	0.0889	0.0569	0.0904	0.0895	0.0421	0.131	0.1054	0.0277	0.2116	0.1345
174	0.0063	0.3675	0.0743	0.0605	0.0889	0.0569	0.0904	0.0895	0.0422	0.1313	0.1055	0.0277	0.2112	0.1344
175	0.0071	0.3562	0.0739	0.0602	0.0886	0.0568	0.0904	0.0894	0.0422	0.1312	0.1054	0.0277	0.2109	0.1342
176	0.0066	0.3631	0.0736	0.0599	0.0883	0.0568	0.0901	0.0892	0.0421	0.1312	0.1053	0.0276	0.2105	0.134
177	0.007	0.369	0.0738	0.0602	0.0884	0.0568	0.09	0.0891	0.0423	0.1315	0.1053	0.0276	0.2104	0.1339
178	0.0064	0.3666	0.0737	0.06	0.0881	0.0566	0.0895	0.0888	0.0423	0.1319	0.1053	0.0276	0.2104	0.1337
179	0.0065	0.3677	0.0739	0.06	0.0883	0.0566	0.0897	0.0889	0.0423	0.132	0.1054	0.0276	0.2105	0.1338
180	0.0066	0.3698	0.0738	0.06	0.0883	0.0567	0.0896	0.089	0.0421	0.1314	0.1052	0.0276	0.2101	0.1338
181	0.0067	0.3577	0.0738	0.06	0.0882	0.0567	0.0897	0.0889	0.0421	0.1316	0.1051	0.0276	0.2106	0.1338
182	0.0065	0.3655	0.0738	0.0601	0.0884	0.0565	0.0894	0.0888	0.0421	0.1313	0.1052	0.0276	0.2105	0.1338
183	0.0071	0.3709	0.0741	0.0604	0.0887	0.0565	0.0893	0.0889	0.0421	0.1313	0.1052	0.0275	0.2104	0.1339
184	0.0069	0.3662	0.074	0.06	0.0887	0.0566	0.0896	0.0891	0.042	0.1312	0.1053	0.0275	0.2102	0.134
185	0.0069	0.373	0.0742	0.0603	0.089	0.0567	0.0897	0.0892	0.0422	0.1313	0.1055	0.0275	0.2098	0.1339
186	0.0068	0.3632	0.0739	0.0602	0.0889	0.0566	0.0898	0.0893	0.0421	0.1313	0.1056	0.0275	0.2098	0.134
187	0.0067	0.3629	0.0742	0.0605	0.089	0.0568	0.0903	0.0895	0.042	0.1311	0.1054	0.0275	0.2101	0.134
188	0.0066	0.363	0.0741	0.0604	0.0891	0.0568	0.0901	0.0896	0.0421	0.1316	0.1057	0.0276	0.2105	0.1343
189	0.0067	0.3645	0.074	0.06	0.0888	0.0568	0.0899	0.0893	0.042	0.1315	0.1054	0.0275	0.2098	0.1339
190	0.0065	0.3669	0.074	0.0604	0.0889	0.0567	0.0901	0.0893	0.042	0.1315	0.1054	0.0275	0.2094	0.1337
191	0.0065	0.3641	0.074	0.0604	0.0889	0.0564	0.0901	0.0892	0.042	0.1311	0.1053	0.0274	0.2091	0.1337
192	0.007	0.3592	0.074	0.0603	0.0889	0.0562	0.0895	0.089	0.042	0.131	0.1053	0.0274	0.2088	0.1335
193	0.0065	0.3578	0.0737	0.06	0.0886	0.0563	0.0896	0.0891	0.042	0.1312	0.1053	0.0274	0.2086	0.1334
194	0.0062	0.373	0.0738	0.0601	0.0887	0.0564	0.0896	0.089	0.042	0.1316	0.1054	0.0273	0.2083	0.1333
195	0.0066	0.3738	0.0733	0.0597	0.0884	0.0562	0.0894	0.0889	0.042	0.1314	0.1053	0.0274	0.2088	0.1334
196	0.0067	0.3569	0.0735	0.0597	0.0885	0.0562	0.0894	0.0888	0.042	0.1313	0.1052	0.0274	0.2088	0.1334
197	0.0063	0.3682	0.0736	0.0597	0.0885	0.0561	0.0889	0.0887	0.042	0.1316	0.1052	0.0274	0.2088	0.1333
198	0.0065	0.3611	0.0733	0.0595	0.0882	0.0562	0.0889	0.0886	0.042	0.1316	0.1052	0.0275	0.2092	0.1334
199	0.0066	0.3743	0.0733	0.0595	0.0883	0.0562	0.0889	0.0887	0.042	0.1315	0.1052	0.0274	0.2091	0.1334
200	0.0066	0.37	0.0731	0.0593	0.088	0.0562	0.0889	0.0885	0.042	0.1316	0.105	0.0274	0.209	0.1332
201	0.0065	0.3678	0.0731	0.0594	0.0879	0.0561	0.089	0.0885	0.042	0.1318	0.105	0.0274	0.2087	0.133
202	0.0064	0.3646	0.0735	0.0598	0.0885	0.0563	0.0894	0.0889	0.042	0.1314	0.1052	0.0274	0.2086	0.1332
203	0.0064	0.3661	0.0734	0.0595	0.0884	0.0562	0.0893	0.0889	0.0419	0.131	0.1051	0.0273	0.2083	0.1332
204	0.0063	0.3718	0.0734	0.0595	0.0884	0.0565	0.0898	0.0891	0.0418	0.1303	0.1048	0.0273	0.2084	0.1332
205	0.0063	0.3609	0.073	0.0593	0.0882	0.0562	0.0893	0.0889	0.0418	0.1308	0.105	0.0273	0.2082	0.1331
206	0.0067	0.3617	0.0732	0.0596	0.0884	0.0564	0.0895	0.0891	0.0418	0.1303	0.1049	0.0273	0.2082	0.1332
207	0.0064	0.3649	0.0732	0.0596	0.0884	0.0563	0.0895	0.089	0.0416	0.1299	0.1047	0.0273	0.2081	0.1331
208	0.0067	0.3731	0.0731	0.0597	0.0884	0.0562	0.0896	0.0891	0.0415	0.1297	0.1047	0.0273	0.2082	0.1332
209	0.0061	0.371	0.0732	0.0598	0.0886	0.0564	0.09	0.0893	0.0415	0.1293	0.1047	0.0273	0.2083	0.1334
210	0.0061	0.3637	0.0731	0.0598	0.0886	0.0562	0.0898	0.0893	0.0415	0.1299	0.1049	0.0273	0.2085	0.1334
211	0.0064	0.3572	0.0734	0.0599	0.089	0.0563	0.0897	0.0894	0.0416	0.1297	0.105	0.0273	0.2086	0.1336
212	0.0063	0.3672	0.0734	0.0597	0.0889	0.0562	0.0894	0.0892	0.0417	0.13	0.105	0.0274	0.2088	0.1336
213	0.0063	0.3603	0.0737	0.0599	0.0892	0.0562	0.0896	0.0894	0.0417	0.1303	0.1052	0.0273	0.2084	0.1335
214	0.0066	0.3702	0.0736	0.0597	0.0891	0.0563	0.0898	0.0894	0.0417	0.1302	0.1052	0.0273	0.2082	0.1334
215	0.0065	0.371	0.0735	0.0595	0.089	0.0563	0.0897	0.0894	0.0418	0.1304	0.1052	0.0272	0.208	0.1333
216	0.0064	0.3636	0.0736	0.0595	0.0892	0.0564	0.09	0.0897	0.0418	0.1306	0.1054	0.0272	0.2077	0.1334
217	0.0066	0.3636	0.0733	0.0595	0.0888	0.0564	0.09	0.0894	0.0418	0.1306	0.1052	0.0273	0.2082	0.1333
218	0.007	0.3688	0.0735	0.0595	0.0891	0.0562	0.0895	0.0894	0.0418	0.1306	0.1054	0.0272	0.2081	0.1335
219	0.0063	0.3659	0.0735	0.0596	0.0894	0.0563	0.0896	0.0897	0.0417	0.1302	0.1055	0.0272	0.2078	0.1336
220	0.0065	0.356	0.0735	0.0599	0.0893	0.0563	0.0896	0.0897	0.0418	0.1306	0.1056	0.0272	0.2081	0.1337
221	0.006	0.36	0.0733	0.0598	0.089	0.0561	0.0896	0.0895	0.0418	0.1308	0.1056	0.0272	0.2081	0.1336
222	0.0061	0.3711	0.073	0.0597	0.0888	0.0559	0.0892	0.0892	0.0418	0.1308	0.1055	0.0272	0.208	0.1335
223	0.006	0.3616	0.0731	0.0597	0.0888	0.0558	0.0892	0.0892	0.0418	0.1305	0.1054	0.0272	0.2081	0.1334
224	0.0061	0.3669	0.0731	0.06	0.0889	0.0559	0.0891	0.0892	0.0418	0.1306	0.1054	0.0273	0.2087	0.1336
225	0.0066	0.3593	0.0731	0.06	0.089	0.0558	0.0885	0.0891	0.0417	0.1301	0.1054	0.0273	0.2086	0.1337
226	0.0063	0.3739	0.0732	0.0601	0.0889	0.0559	0.0888	0.089	0.0418	0.1303	0.1053	0.0272	0.2082	0.1334
227	0.0061	0.3667	0.0736	0.0603	0.0891	0.0561	0.0889	0.0892	0.0417	0.1303	0.1053	0.0273	0.2083	0.1335
228	0.0062	0.3554	0.0738	0.0607	0.0894	0.0559	0.0886	0.0891	0.0416	0.1299	0.1052	0.0272	0.2082	0.1336
229	0.006	0.3646	0.0738	0.0607	0.0893	0.056	0.0888	0.0892	0.0415	0.1297	0.1051	0.0273	0.2081	0.1335
230	0.0062	0.3627	0.0735	0.0604	0.0891	0.0561	0.0891	0.0893	0.0416	0.13	0.1052	0.0273	0.2085	0.1336
231	0.006	0.3697	0.0738	0.0603	0.0892	0.0564	0.0894	0.0895	0.0417	0.1305	0.1054	0.0273	0.2086	0.1337
232	0.0064	0.3647	0.0739	0.0602	0.0894	0.0566	0.0895	0.0897	0.0418	0.1309	0.1056	0.0273	0.2082	0.1337
233	0.0067	0.3721	0.0736	0.0599	0.0892	0.0565	0.0894	0.0896	0.0416	0.1301	0.1053	0.0272	0.2081	0.1336
234	0.0064	0.3746	0.0735	0.0599	0.0889	0.0563	0.0892	0.0893	0.0414	0.1296	0.1049	0.0273	0.2083	0.1334
235	0.0066	0.3626	0.0731	0.0598	0.0886	0.056	0.0889	0.089	0.0413	0.1292	0.1045	0.0272	0.2077	0.1331
236	0.0061	0.364	0.0733	0.0598	0.0886	0.0559	0.0886	0.0887	0.0413	0.129	0.1044	0.0272	0.2075	0.1329
237	0.0063	0.3642	0.0731	0.0597	0.0883	0.056	0.0888	0.0887	0.0413	0.1293	0.1044	0.0272	0.2074	0.1328
238	0.0065	0.3683	0.0731	0.0599	0.0882	0.056	0.0889	0.0887	0.0413	0.1293	0.1043	0.0272	0.2078	0.1328
239	0.0063	0.3668	0.073	0.0597	0.0881	0.0557	0.0885	0.0884	0.0414	0.1295	0.1044	0.0272	0.2077	0.1327
240	0.0064	0.3612	0.0729	0.0596	0.088	0.0557	0.0885	0.0883	0.0414	0.1299	0.1043	0.0272	0.2076	0.1326
241	0.0061	0.3695	0.0724	0.0592	0.0876	0.0557	0.0885	0.0882	0.0413	0.1296	0.1041	0.0272	0.2074	0.1324
242	0.0064	0.3671	0.0726	0.0593	0.0879	0.0555	0.0883	0.0882	0.0415	0.1302	0.1045	0.0272	0.2075	0.1326
243	0.0066	0.37	0.0725	0.0591	0.0877	0.0556	0.0885	0.0882	0.0416	0.1306	0.1046	0.0272	0.2078	0.1327
244	0.0063	0.3681	0.0725	0.0591	0.0878	0.0555	0.0884	0.0882	0.0415	0.1306	0.1046	0.0272	0.208	0.1328
245	0.0061	0.3571	0.0721	0.0591	0.0875	0.0557	0.0886	0.0884	0.0416	0.1308	0.1047	0.0272	0.2083	0.1328
246	0.0062	0.3618	0.0722	0.059	0.0874	0.0558	0.0889	0.0884	0.0416	0.131	0.1047	0.0272	0.2085	0.1328
247	0.0061	0.3677	0.0722	0.0592	0.0875	0.0558	0.0889	0.0884	0.0416	0.1308	0.1046	0.0272	0.2085	0.1328
248	0.0057	0.3679	0.072	0.0589	0.0873	0.0558	0.0887	0.0883	0.0415	0.1308	0.1046	0.0272	0.2084	0.1327
249	0.0063	0.3657	0.0719	0.0589	0.0874	0.0559	0.0889	0.0886	0.0416	0.1309	0.1048	0.0272	0.2085	0.1329
250	0.0065	0.3653	0.072	0.0589	0.0876	0.0558	0.0886	0.0885	0.0416	0.1308	0.1049	0.0272	0.2084	0.133
251	0.0061	0.3798	0.072	0.0589	0.0874	0.0558	0.0887	0.0884	0.0415	0.1304	0.1046	0.0272	0.2076	0.1326
252	0.006	0.3683	0.0719	0.0588	0.0873	0.0556	0.0884	0.0882	0.0415	0.1304	0.1046	0.0272	0.2082	0.1327
253	0.0064	0.3675	0.0723	0.0591	0.0875	0.0555	0.0884	0.0882	0.0416	0.1305	0.1046	0.0272	0.2081	0.1327
254	0.0063	0.3672	0.0722	0.0591	0.0874	0.0556	0.0883	0.0881	0.0416	0.1299	0.1044	0.0272	0.2079	0.1326
255	0.0059	0.3619	0.0723	0.0591	0.0872	0.0555	0.0881	0.0879	0.0417	0.1302	0.1044	0.0272	0.2079	0.1324
256	0.0063	0.3632	0.0727	0.0595	0.0876	0.0556	0.0883	0.088	0.0417	0.1302	0.1044	0.0272	0.2083	0.1326
257	0.0067	0.3677	0.0728	0.0594	0.0876	0.0555	0.0882	0.0879	0.0415	0.1299	0.1042	0.0272	0.2084	0.1325
258	0.0061	0.37	0.0727	0.0593	0.0875	0.0555	0.0883	0.0879	0.0414	0.1297	0.1041	0.0272	0.2084	0.1324
259	0.0062	0.3638	0.0724	0.0591	0.0874	0.0557	0.0887	0.0881	0.0415	0.1301	0.1042	0.0272	0.2083	0.1324
260	0.0064	0.3741	0.0726	0.0592	0.0876	0.0558	0.0891	0.0883	0.0415	0.13	0.1042	0.0272	0.208	0.1324
261	0.0067	0.3792	0.0726	0.0593	0.0877	0.0556	0.0887	0.0882	0.0416	0.1304	0.1044	0.0272	0.2082	0.1326
262	0.0061	0.3717	0.0727	0.0592	0.0879	0.0555	0.0884	0.0882	0.0416	0.1299	0.1044	0.0272	0.2085	0.1327
263	0.006	0.3692	0.0728	0.0593	0.0877	0.0555	0.0884	0.088	0.0415	0.13	0.1042	0.0271	0.2075	0.1322
264	0.0063	0.3652	0.0726	0.0593	0.0878	0.0555	0.0885	0.0881	0.0415	0.13	0.1043	0.027	0.2069	0.1321
265	0.0063	0.3698	0.0726	0.0591	0.0875	0.0554	0.0882	0.0878	0.0414	0.1297	0.104	0.027	0.2067	0.1318
266	0.0063	0.3721	0.0726	0.0591	0.0875	0.0554	0.0882	0.0878	0.0413	0.1295	0.1038	0.0269	0.2066	0.1317
267	0.0066	0.3634	0.0721	0.0588	0.0873	0.0555	0.0885	0.088	0.0414	0.1297	0.104	0.0269	0.2066	0.1318
268	0.0058	0.3622	0.0722	0.0588	0.0873	0.0555	0.0885	0.088	0.0413	0.1298	0.104	0.027	0.2065	0.1319
269	0.0065	0.3711	0.0722	0.059	0.0873	0.0556	0.0886	0.088	0.0413	0.1299	0.104	0.027	0.207	0.1319
270	0.0061	0.3671	0.0724	0.0588	0.0874	0.0554	0.0886	0.0879	0.0413	0.1297	0.1039	0.027	0.2069	0.1319
271	0.0058	0.3718	0.0726	0.0589	0.0874	0.0555	0.0887	0.0879	0.0414	0.1303	0.1042	0.027	0.2065	0.1318
272	0.0064	0.3678	0.0727	0.0592	0.0877	0.0558	0.0893	0.0884	0.0414	0.13	0.1043	0.027	0.2065	0.132
273	0.006	0.3692	0.0724	0.0591	0.0875	0.0558	0.0892	0.0884	0.0413	0.1294	0.1041	0.027	0.2065	0.132
274	0.006	0.3614	0.0724	0.0593	0.0874	0.0559	0.0892	0.0882	0.0413	0.1293	0.1039	0.027	0.2068	0.1319
275	0.0059	0.3656	0.0723	0.0589	0.0872	0.0557	0.0887	0.088	0.0415	0.1296	0.104	0.027	0.2068	0.1319
276	0.0059	0.3549	0.0723	0.0588	0.0871	0.0556	0.0886	0.0879	0.0413	0.129	0.1037	0.0271	0.2068	0.1319
277	0.0063	0.3683	0.0719	0.0587	0.0868	0.0558	0.0892	0.088	0.0412	0.1287	0.1035	0.027	0.2069	0.1317
278	0.0062	0.3757	0.072	0.0586	0.087	0.0559	0.0896	0.0883	0.0412	0.129	0.1036	0.0271	0.2075	0.132
279	0.006	0.3745	0.0722	0.0588	0.0872	0.0556	0.0888	0.088	0.0412	0.1294	0.1037	0.0271	0.2075	0.132
280	0.0059	0.368	0.0722	0.0588	0.0872	0.0556	0.0887	0.088	0.0412	0.1293	0.1037	0.027	0.2071	0.1319
281	0.0064	0.3726	0.0717	0.0586	0.0869	0.0557	0.089	0.088	0.0413	0.1295	0.1037	0.0271	0.2074	0.1319
282	0.006	0.371	0.0719	0.0588	0.0869	0.0558	0.0891	0.0881	0.0413	0.1297	0.1038	0.0271	0.2077	0.1319
283	0.0058	0.3565	0.0716	0.0586	0.0868	0.0561	0.0894	0.0883	0.0413	0.1299	0.1039	0.0271	0.2079	0.132
284	0.0058	0.3673	0.0715	0.0583	0.0867	0.056	0.0893	0.0882	0.0414	0.1296	0.1039	0.0271	0.2081	0.1321
285	0.0064	0.3666	0.0716	0.0583	0.0868	0.0559	0.0893	0.0883	0.0415	0.1299	0.1041	0.0271	0.2083	0.1322
286	0.006	0.3663	0.0719	0.0586	0.0873	0.056	0.0892	0.0884	0.0415	0.1298	0.1043	0.0271	0.2083	0.1324
287	0.006	0.3734	0.0719	0.0587	0.0872	0.0561	0.0893	0.0885	0.0413	0.1295	0.1041	0.0271	0.2084	0.1325
288	0.0065	0.3658	0.072	0.0586	0.0871	0.056	0.0893	0.0883	0.0413	0.1297	0.1041	0.0271	0.2085	0.1324
289	0.0062	0.3654	0.0714	0.0582	0.0867	0.056	0.0893	0.0883	0.0413	0.1294	0.1039	0.0272	0.209	0.1326
290	0.0059	0.3695	0.0715	0.0583	0.0868	0.0559	0.0889	0.0883	0.0414	0.1297	0.1041	0.0272	0.2089	0.1326
291	0.0061	0.3582	0.0714	0.0583	0.0868	0.0557	0.0885	0.0881	0.0414	0.1295	0.1041	0.0272	0.2086	0.1325
292	0.0058	0.3732	0.0714	0.0581	0.0869	0.0556	0.0885	0.0882	0.0412	0.1291	0.104	0.0272	0.2086	0.1326
293	0.0062	0.3715	0.0717	0.0584	0.0873	0.0555	0.0883	0.0883	0.0412	0.1292	0.1042	0.0272	0.2084	0.1328
294	0.0065	0.3732	0.0717	0.0585	0.0873	0.0556	0.0885	0.0883	0.0414	0.1294	0.1044	0.0271	0.208	0.1326
295	0.0064	0.3722	0.0717	0.0585	0.0873	0.0557	0.0888	0.0884	0.0414	0.1294	0.1043	0.0272	0.2081	0.1327
296	0.0063	0.3739	0.0718	0.0587	0.0873	0.0556	0.0888	0.0883	0.0414	0.1294	0.1043	0.0271	0.2078	0.1326
297	0.0064	0.3616	0.0717	0.0587	0.0873	0.0556	0.089	0.0885	0.0414	0.1296	0.1044	0.0271	0.2078	0.1326
298	0.0065	0.3638	0.0716	0.0585	0.087	0.0556	0.0889	0.0883	0.0414	0.1299	0.1043	0.0271	0.2079	0.1325
299	0.006	0.3698	0.0715	0.0586	0.0871	0.0557	0.089	0.0884	0.0415	0.1298	0.1044	0.0271	0.2076	0.1324
300	0.0063	0.3701	0.072	0.059	0.0875	0.0555	0.0888	0.0883	0.0414	0.1296	0.1043	0.0271	0.2075	0.1324
301	0.0059	0.3648	0.0719	0.0591	0.0874	0.0553	0.0885	0.0882	0.0414	0.1298	0.1044	0.0271	0.208	0.1325
302	0.0057	0.3614	0.072	0.0591	0.0874	0.0551	0.0884	0.088	0.0414	0.1299	0.1044	0.0271	0.2078	0.1325
303	0.0065	0.3663	0.0723	0.0594	0.0876	0.0555	0.0888	0.0883	0.0414	0.1302	0.1044	0.0271	0.2081	0.1325
304	0.0063	0.3717	0.0726	0.0597	0.0879	0.056	0.0895	0.0888	0.0415	0.1307	0.1047	0.0271	0.2083	0.1328
305	0.0064	0.3668	0.0726	0.0599	0.0878	0.0561	0.09	0.0889	0.0415	0.1308	0.1047	0.0272	0.2084	0.1328
306	0.0062	0.3657	0.0728	0.0603	0.0882	0.0563	0.0901	0.0891	0.0415	0.1306	0.1048	0.0272	0.2084	0.1329
307	0.0063	0.374	0.0725	0.0601	0.0878	0.0561	0.09	0.0888	0.0414	0.1303	0.1045	0.0271	0.2078	0.1326
308	0.0057	0.3622	0.0726	0.0601	0.0879	0.0562	0.0903	0.089	0.0414	0.1302	0.1045	0.0271	0.2075	0.1325
309	0.0058	0.366	0.0728	0.0602	0.0879	0.0561	0.0901	0.0887	0.0414	0.1303	0.1044	0.0271	0.2074	0.1323
310	0.006	0.3694	0.0729	0.0603	0.088	0.0564	0.0906	0.089	0.0415	0.1303	0.1045	0.0271	0.2078	0.1325
311	0.0058	0.3751	0.0725	0.06	0.0877	0.0563	0.0904	0.0889	0.0415	0.1307	0.1046	0.0271	0.208	0.1325
312	0.0059	0.3706	0.0722	0.0598	0.0875	0.0563	0.0902	0.0888	0.0416	0.131	0.1047	0.0271	0.2078	0.1325
313	0.0059	0.3651	0.0724	0.0597	0.0876	0.0563	0.0903	0.0888	0.0416	0.1312	0.1047	0.0271	0.2078	0.1324
314	0.0062	0.3735	0.072	0.0594	0.0873	0.0563	0.0902	0.0888	0.0416	0.131	0.1047	0.0271	0.2076	0.1324
315	0.0063	0.3704	0.0722	0.0597	0.0875	0.0564	0.0903	0.0889	0.0416	0.1312	0.1047	0.0271	0.2078	0.1325
316	0.0058	0.3669	0.0724	0.0598	0.0876	0.0566	0.0909	0.0892	0.0416	0.1309	0.1047	0.0272	0.2081	0.1327
317	0.0061	0.3753	0.0724	0.0598	0.0878	0.0565	0.0906	0.0892	0.0415	0.1306	0.1048	0.0272	0.2081	0.1328
318	0.006	0.3749	0.0725	0.0601	0.088	0.0566	0.0908	0.0894	0.0414	0.1306	0.1048	0.0271	0.2079	0.1328
319	0.0062	0.3698	0.0724	0.0599	0.0878	0.0567	0.0909	0.0895	0.0414	0.1307	0.1048	0.0271	0.2084	0.1329
320	0.0062	0.3651	0.0724	0.06	0.0878	0.0567	0.0911	0.0895	0.0413	0.1304	0.1047	0.0271	0.2078	0.1327
321	0.0066	0.3809	0.0723	0.0596	0.0877	0.0566	0.0908	0.0894	0.0413	0.1304	0.1047	0.027	0.2071	0.1325
322	0.0062	0.3673	0.0722	0.0595	0.0876	0.0565	0.0909	0.0893	0.0413	0.13	0.1045	0.027	0.2069	0.1324
323	0.0057	0.3668	0.0714	0.059	0.0869	0.0563	0.0904	0.089	0.0412	0.1295	0.1042	0.027	0.2067	0.1321
324	0.0059	0.3676	0.0713	0.059	0.0869	0.0564	0.0905	0.0891	0.0412	0.1296	0.1042	0.027	0.2065	0.1321
325	0.0061	0.3722	0.0717	0.059	0.087	0.0564	0.0906	0.089	0.0412	0.1298	0.1042	0.027	0.2068	0.1321
326	0.0062	0.3736	0.0716	0.059	0.0869	0.0564	0.0905	0.0889	0.0413	0.1299	0.1042	0.0269	0.2058	0.1318
327	0.0057	0.3641	0.0718	0.0589	0.087	0.0564	0.0907	0.0889	0.0413	0.13	0.1042	0.0269	0.2057	0.1317
328	0.0063	0.3634	0.0715	0.0588	0.087	0.0564	0.0906	0.089	0.0413	0.1298	0.1041	0.0269	0.2059	0.1318
329	0.0065	0.3696	0.0712	0.0587	0.0867	0.0566	0.0907	0.089	0.0412	0.1297	0.1041	0.0269	0.2062	0.1318
330	0.006	0.3732	0.0708	0.0585	0.0864	0.0565	0.0906	0.0889	0.0413	0.1302	0.1042	0.0269	0.2059	0.1317
331	0.0061	0.3706	0.0711	0.0586	0.0866	0.0563	0.0905	0.0888	0.0412	0.1297	0.104	0.0269	0.2058	0.1317
332	0.006	0.3671	0.0712	0.0585	0.0867	0.0565	0.0909	0.089	0.0413	0.1297	0.1041	0.0269	0.2058	0.1317
333	0.0056	0.3726	0.0711	0.0585	0.0866	0.0566	0.0908	0.089	0.0413	0.1298	0.1041	0.0269	0.2059	0.1317
334	0.0056	0.369	0.0715	0.0588	0.0871	0.0566	0.0908	0.0893	0.0413	0.1295	0.1043	0.0269	0.206	0.132
335	0.0061	0.3773	0.0711	0.0586	0.0869	0.0566	0.0905	0.0893	0.0413	0.1301	0.1045	0.0269	0.2064	0.1321
336	0.006	0.3779	0.0713	0.0588	0.0869	0.0565	0.0904	0.089	0.0413	0.1301	0.1043	0.0269	0.2063	0.1319
337	0.0063	0.3782	0.071	0.0584	0.0867	0.0564	0.09	0.0889	0.0413	0.13	0.1043	0.0269	0.2058	0.1318
338	0.006	0.3702	0.0709	0.0582	0.0867	0.0563	0.09	0.0889	0.0412	0.1301	0.1043	0.0269	0.2061	0.1319
339	0.0063	0.3681	0.0712	0.0584	0.0869	0.0563	0.0898	0.0888	0.0413	0.1301	0.1044	0.0269	0.2058	0.1318
340	0.006	0.3683	0.0714	0.0586	0.0869	0.0564	0.0902	0.0889	0.0413	0.1302	0.1043	0.0269	0.2062	0.1319
341	0.0058	0.3688	0.0714	0.0586	0.0867	0.0565	0.0899	0.0887	0.0413	0.1299	0.1041	0.0269	0.2064	0.1318
342	0.0063	0.3714	0.0713	0.0586	0.0866	0.0565	0.0898	0.0886	0.0413	0.1299	0.104	0.0269	0.2061	0.1316
343	0.0059	0.3656	0.0713	0.0584	0.0865	0.0566	0.0898	0.0885	0.0413	0.1299	0.1039	0.0269	0.2066	0.1317
344	0.0063	0.3708	0.0714	0.0586	0.0868	0.0567	0.0905	0.089	0.0413	0.13	0.1042	0.0269	0.2063	0.1318
345	0.006	0.3684	0.0714	0.0588	0.0869	0.0567	0.0904	0.089	0.0414	0.1303	0.1043	0.0269	0.2059	0.1318
346	0.0056	0.3576	0.0715	0.0588	0.087	0.0566	0.0903	0.089	0.0413	0.1299	0.1043	0.0269	0.2057	0.1318
347	0.006	0.3741	0.0715	0.0587	0.0871	0.0569	0.0906	0.0893	0.0414	0.1301	0.1045	0.0269	0.2059	0.132
348	0.0062	0.3755	0.0711	0.0583	0.0866	0.0568	0.0905	0.089	0.0413	0.1299	0.1042	0.0269	0.206	0.1319
349	0.0055	0.3655	0.0711	0.0584	0.0868	0.0568	0.0904	0.0891	0.0414	0.1303	0.1045	0.027	0.2061	0.132
350	0.0058	0.3668	0.0712	0.0584	0.0869	0.057	0.0908	0.0894	0.0414	0.1302	0.1046	0.0269	0.2061	0.1321
351	0.006	0.3668	0.0712	0.0587	0.0868	0.0568	0.0905	0.0891	0.0415	0.1304	0.1045	0.0269	0.2059	0.1319
352	0.0058	0.3692	0.0712	0.0586	0.087	0.0567	0.0903	0.0891	0.0413	0.1301	0.1045	0.0269	0.2057	0.1319
353	0.006	0.366	0.0713	0.0586	0.0871	0.0568	0.0903	0.0892	0.0414	0.1302	0.1046	0.0269	0.2056	0.1319
354	0.0061	0.3698	0.0713	0.0586	0.087	0.0569	0.0906	0.0893	0.0415	0.1305	0.1047	0.0269	0.2062	0.132
355	0.0062	0.3716	0.0711	0.0585	0.0869	0.0567	0.0903	0.0891	0.0415	0.1304	0.1046	0.0268	0.2053	0.1317
356	0.0065	0.3772	0.0714	0.0586	0.0871	0.0565	0.09	0.089	0.0413	0.1299	0.1045	0.0268	0.2058	0.1318
357	0.006	0.3748	0.0716	0.0589	0.0872	0.0566	0.0903	0.0891	0.0412	0.1292	0.1042	0.0268	0.2061	0.1318
358	0.0062	0.3696	0.0715	0.0589	0.087	0.0566	0.0901	0.0889	0.0412	0.1294	0.1041	0.0268	0.2057	0.1316
359	0.0061	0.3817	0.0713	0.0587	0.0867	0.0568	0.0903	0.0889	0.0412	0.1296	0.104	0.0268	0.206	0.1316
360	0.0059	0.3771	0.0712	0.0586	0.0866	0.0565	0.0901	0.0887	0.0413	0.1299	0.1041	0.0268	0.2059	0.1315
361	0.0065	0.3704	0.0712	0.0585	0.0866	0.0565	0.0903	0.0888	0.0414	0.1302	0.1042	0.0268	0.2064	0.1316
362	0.0063	0.3844	0.0716	0.0586	0.0868	0.0564	0.0902	0.0887	0.0413	0.1299	0.1041	0.0268	0.2065	0.1317
363	0.0062	0.3723	0.0718	0.0589	0.0869	0.0564	0.0903	0.0887	0.0413	0.1301	0.1042	0.0268	0.2059	0.1315
364	0.0063	0.3743	0.0718	0.0591	0.087	0.0565	0.0905	0.0889	0.0412	0.1301	0.1042	0.0267	0.2054	0.1314
365	0.0062	0.376	0.0721	0.0592	0.0871	0.0564	0.0902	0.0886	0.0411	0.1301	0.1039	0.0267	0.2051	0.131
366	0.0057	0.3664	0.0723	0.0593	0.0872	0.0562	0.0899	0.0884	0.0411	0.1295	0.1037	0.0267	0.2053	0.131
367	0.0062	0.3702	0.0721	0.059	0.087	0.0564	0.0901	0.0886	0.0411	0.1296	0.1038	0.0267	0.2051	0.131
368	0.0061	0.3765	0.0722	0.0588	0.0871	0.0563	0.0901	0.0886	0.0409	0.129	0.1036	0.0267	0.205	0.131
369	0.0059	0.37	0.0717	0.0585	0.0867	0.0559	0.0894	0.0881	0.0408	0.1281	0.1031	0.0266	0.2047	0.1307
370	0.0058	0.3682	0.0714	0.0577	0.0862	0.0558	0.0888	0.0878	0.0407	0.1278	0.1029	0.0266	0.2045	0.1305
371	0.0058	0.3751	0.0713	0.0576	0.0862	0.0558	0.0887	0.0878	0.0407	0.1277	0.1028	0.0266	0.2042	0.1304
372	0.0064	0.3712	0.0711	0.0577	0.086	0.0559	0.0889	0.0879	0.0407	0.1277	0.1028	0.0266	0.204	0.1304
373	0.0061	0.376	0.0713	0.058	0.0861	0.0557	0.0887	0.0876	0.0408	0.1282	0.1029	0.0266	0.2041	0.1303
374	0.0059	0.3695	0.0711	0.0581	0.0861	0.0557	0.0887	0.0877	0.0408	0.1284	0.103	0.0265	0.2035	0.1302
375	0.006	0.3745	0.0712	0.0581	0.0862	0.0557	0.0891	0.0879	0.0408	0.1279	0.1029	0.0266	0.2039	0.1303
376	0.0062	0.374	0.0711	0.0583	0.0863	0.0557	0.0891	0.0879	0.0406	0.1277	0.1028	0.0266	0.2035	0.1303
377	0.0064	0.3656	0.0712	0.0585	0.0862	0.0555	0.0888	0.0876	0.0406	0.1275	0.1026	0.0265	0.2036	0.1301
378	0.006	0.3775	0.0714	0.0587	0.0864	0.0556	0.0889	0.0878	0.0407	0.1281	0.1029	0.0265	0.2035	0.1302
379	0.0065	0.3709	0.0712	0.0584	0.0863	0.0554	0.0887	0.0876	0.0408	0.1283	0.103	0.0266	0.2037	0.1302
380	0.006	0.3812	0.0719	0.0589	0.0868	0.0554	0.0888	0.0877	0.0408	0.128	0.103	0.0266	0.2037	0.1303
381	0.0064	0.3738	0.0718	0.0589	0.0869	0.0553	0.0887	0.0878	0.0407	0.1278	0.103	0.0265	0.2033	0.1303
382	0.0058	0.3686	0.0717	0.0591	0.0868	0.0552	0.0885	0.0876	0.0406	0.1275	0.1028	0.0265	0.2033	0.1302
383	0.0065	0.3729	0.0717	0.059	0.0869	0.0551	0.0884	0.0877	0.0406	0.1273	0.1029	0.0265	0.2027	0.1302
384	0.006	0.3748	0.0717	0.0591	0.087	0.0551	0.0883	0.0877	0.0406	0.1271	0.1029	0.0265	0.2024	0.1302
385	0.0064	0.3695	0.0716	0.0591	0.0868	0.0551	0.0881	0.0874	0.0407	0.1272	0.1027	0.0265	0.2026	0.13
386	0.0065	0.3749	0.0717	0.059	0.0867	0.055	0.0882	0.0873	0.0406	0.1272	0.1026	0.0264	0.2024	0.1298
387	0.0062	0.3626	0.0718	0.0589	0.0866	0.055	0.0879	0.0872	0.0406	0.1271	0.1025	0.0265	0.2025	0.1298
388	0.0062	0.373	0.0715	0.0588	0.0867	0.0551	0.0881	0.0875	0.0404	0.1268	0.1026	0.0265	0.2027	0.13
389	0.0057	0.36	0.0717	0.059	0.0867	0.0549	0.0879	0.0873	0.0404	0.1265	0.1024	0.0265	0.2024	0.1299
390	0.0062	0.3696	0.0713	0.0585	0.0863	0.0549	0.0878	0.0871	0.0404	0.1266	0.1023	0.0265	0.2023	0.1297
391	0.0059	0.366	0.0714	0.0584	0.0861	0.0548	0.0873	0.0868	0.0404	0.1264	0.102	0.0264	0.2023	0.1295
392	0.0059	0.3714	0.0716	0.0586	0.0862	0.0545	0.0868	0.0864	0.0403	0.1263	0.1019	0.0264	0.2023	0.1294
393	0.006	0.3639	0.0715	0.0585	0.0861	0.0544	0.0868	0.0864	0.0404	0.1265	0.102	0.0264	0.2021	0.1293
394	0.0059	0.3681	0.0715	0.0584	0.0859	0.0543	0.0867	0.0862	0.0403	0.1266	0.1018	0.0264	0.2019	0.129
395	0.0065	0.3797	0.0712	0.0585	0.0861	0.0545	0.0876	0.0867	0.0404	0.1264	0.102	0.0264	0.2023	0.1294
396	0.0059	0.3668	0.071	0.0586	0.0858	0.0541	0.0869	0.0862	0.0405	0.1268	0.102	0.0264	0.202	0.1291
397	0.0055	0.3666	0.071	0.0586	0.0858	0.0543	0.0873	0.0863	0.0405	0.1268	0.102	0.0264	0.2022	0.1291
398	0.006	0.3634	0.0706	0.0582	0.0855	0.0543	0.0872	0.0863	0.0406	0.127	0.102	0.0264	0.2023	0.1291
399	0.0059	0.3653	0.0706	0.0584	0.0855	0.0543	0.0873	0.0863	0.0404	0.1264	0.1018	0.0264	0.2023	0.1291
400	0.0059	0.3709	0.0707	0.0586	0.0857	0.0544	0.0874	0.0864	0.0404	0.1264	0.1018	0.0264	0.2025	0.1292
401	0.0061	0.3681	0.0706	0.0585	0.0857	0.0542	0.0872	0.0863	0.0404	0.1265	0.1019	0.0264	0.2026	0.1293
402	0.0056	0.3694	0.0706	0.0586	0.0855	0.0542	0.0874	0.0862	0.0404	0.1265	0.1017	0.0264	0.2026	0.1292
403	0.0065	0.3704	0.0706	0.0583	0.0854	0.0542	0.0873	0.0862	0.0404	0.1265	0.1017	0.0264	0.2027	0.1292
404	0.006	0.3765	0.0705	0.0581	0.0852	0.0542	0.0871	0.0861	0.0405	0.1273	0.1019	0.0265	0.2032	0.1293
405	0.0061	0.3708	0.0706	0.0582	0.0856	0.0543	0.0873	0.0864	0.0406	0.1276	0.1023	0.0264	0.2028	0.1294
406	0.0064	0.3681	0.0705	0.0581	0.0854	0.0544	0.0877	0.0866	0.0406	0.1277	0.1023	0.0264	0.2027	0.1294
407	0.0061	0.3751	0.0708	0.0585	0.0857	0.0547	0.088	0.0868	0.0406	0.1275	0.1022	0.0264	0.2023	0.1293
408	0.006	0.3692	0.071	0.0585	0.0858	0.055	0.0883	0.087	0.0404	0.1271	0.1021	0.0264	0.2028	0.1294
409	0.0061	0.3676	0.0707	0.0582	0.0858	0.055	0.0881	0.087	0.0405	0.1274	0.1023	0.0265	0.203	0.1296
410	0.0056	0.3707	0.0708	0.0586	0.086	0.0547	0.0878	0.0868	0.0405	0.1273	0.1023	0.0265	0.2032	0.1296
411	0.0058	0.3676	0.0709	0.0586	0.0859	0.0546	0.0878	0.0866	0.0405	0.1271	0.102	0.0265	0.2033	0.1295
412	0.0063	0.3723	0.0708	0.0582	0.0857	0.0546	0.0877	0.0866	0.0404	0.127	0.102	0.0265	0.2035	0.1296
413	0.0059	0.37	0.0706	0.0581	0.0858	0.0545	0.0872	0.0865	0.0404	0.1271	0.1021	0.0265	0.2033	0.1296
414	0.0057	0.3795	0.0703	0.0578	0.0855	0.0543	0.0868	0.0863	0.0404	0.1271	0.102	0.0264	0.2031	0.1295
415	0.0064	0.3726	0.0707	0.0579	0.0855	0.0542	0.0868	0.0862	0.0405	0.1272	0.102	0.0265	0.2033	0.1295
416	0.0063	0.3728	0.0707	0.0579	0.0854	0.0543	0.0868	0.0861	0.0404	0.1272	0.1018	0.0265	0.2035	0.1294
417	0.0058	0.3715	0.0709	0.0581	0.0857	0.0543	0.087	0.0863	0.0404	0.1272	0.1021	0.0265	0.2034	0.1296
418	0.0062	0.3789	0.0706	0.0579	0.0855	0.0546	0.0873	0.0865	0.0405	0.1278	0.1022	0.0265	0.2035	0.1296
419	0.0061	0.3752	0.071	0.058	0.0857	0.0545	0.0873	0.0865	0.0404	0.1275	0.1021	0.0265	0.2036	0.1296
420	0.0062	0.3703	0.071	0.0582	0.0859	0.0545	0.0872	0.0865	0.0404	0.1272	0.1021	0.0265	0.2033	0.1297
421	0.0063	0.3765	0.0708	0.0581	0.0857	0.0543	0.0873	0.0864	0.0404	0.1274	0.1021	0.0265	0.2031	0.1294
422	0.0055	0.3738	0.0707	0.0581	0.0854	0.0543	0.0874	0.0862	0.0403	0.1271	0.1017	0.0265	0.203	0.1292
423	0.006	0.3695	0.0708	0.0581	0.0858	0.0545	0.0875	0.0866	0.0403	0.127	0.102	0.0265	0.203	0.1295
424	0.0059	0.3807	0.0711	0.0583	0.0861	0.0544	0.0874	0.0866	0.0403	0.127	0.1021	0.0265	0.2031	0.1296
425	0.0063	0.3629	0.0711	0.0585	0.0863	0.0545	0.0874	0.0869	0.0403	0.1268	0.1022	0.0264	0.2026	0.1296
426	0.0058	0.3649	0.0715	0.0588	0.0864	0.0544	0.0871	0.0866	0.0401	0.1266	0.1019	0.0265	0.203	0.1296
427	0.0056	0.3718	0.0713	0.0587	0.0861	0.0544	0.0871	0.0864	0.0401	0.1268	0.1017	0.0265	0.2029	0.1293
428	0.0065	0.3663	0.0712	0.0586	0.0859	0.0544	0.0871	0.0863	0.0401	0.1263	0.1015	0.0264	0.2025	0.1291
429	0.006	0.3729	0.0717	0.059	0.0861	0.0544	0.087	0.0861	0.0401	0.1262	0.1014	0.0264	0.2025	0.1289
430	0.0063	0.3723	0.072	0.0589	0.0864	0.0546	0.0871	0.0864	0.0401	0.1264	0.1015	0.0264	0.2024	0.1291
431	0.006	0.3689	0.0719	0.0584	0.0865	0.0544	0.0869	0.0865	0.0401	0.1265	0.1018	0.0264	0.2026	0.1293
432	0.0065	0.3773	0.0716	0.0582	0.0862	0.0543	0.0867	0.0863	0.0402	0.1262	0.1017	0.0264	0.2028	0.1293
433	0.0057	0.361	0.0717	0.0585	0.0863	0.0546	0.0875	0.0866	0.0402	0.1263	0.1017	0.0264	0.2028	0.1294
434	0.0056	0.3759	0.0717	0.0584	0.0863	0.0544	0.0869	0.0864	0.0401	0.1259	0.1015	0.0265	0.2031	0.1294
435	0.0063	0.3689	0.0715	0.0584	0.0862	0.0545	0.087	0.0864	0.0401	0.1259	0.1015	0.0265	0.2029	0.1294
436	0.0066	0.3755	0.0718	0.0585	0.0863	0.0542	0.0863	0.0861	0.0401	0.126	0.1015	0.0264	0.2027	0.1293
437	0.0066	0.3801	0.0722	0.0586	0.0867	0.0543	0.0864	0.0864	0.0402	0.1263	0.1019	0.0264	0.203	0.1296
438	0.0061	0.3757	0.0727	0.0591	0.0872	0.0544	0.0865	0.0865	0.0403	0.1269	0.1021	0.0265	0.2033	0.1298
439	0.0067	0.3687	0.0728	0.0593	0.0874	0.0546	0.087	0.0869	0.0404	0.1269	0.1024	0.0265	0.2043	0.1302
440	0.0061	0.3812	0.073	0.0597	0.0875	0.0547	0.087	0.0869	0.0404	0.1267	0.1023	0.0265	0.204	0.13
441	0.0065	0.3702	0.0729	0.0595	0.0874	0.0547	0.0871	0.0869	0.0403	0.1263	0.1021	0.0265	0.2042	0.13
442	0.0062	0.3736	0.0723	0.059	0.087	0.0549	0.0875	0.0871	0.0402	0.1262	0.1021	0.0265	0.2034	0.1299
443	0.0061	0.3692	0.0724	0.0591	0.0871	0.0549	0.0877	0.0872	0.0401	0.1262	0.102	0.0265	0.204	0.1301
444	0.0063	0.3786	0.073	0.0596	0.0876	0.055	0.0879	0.0874	0.0401	0.1263	0.1022	0.0265	0.2038	0.1302
445	0.0059	0.3725	0.0726	0.0593	0.0873	0.055	0.0876	0.0873	0.0401	0.1262	0.1022	0.0265	0.2036	0.1301
446	0.0059	0.37	0.0724	0.0591	0.0873	0.055	0.0876	0.0874	0.0402	0.1265	0.1024	0.0265	0.2036	0.1302
447	0.006	0.3747	0.0721	0.059	0.0871	0.055	0.0874	0.0873	0.0403	0.1264	0.1024	0.0265	0.204	0.1303
448	0.0057	0.369	0.0719	0.059	0.0869	0.0553	0.0879	0.0875	0.0403	0.1268	0.1024	0.0265	0.2039	0.1301
449	0.0064	0.3766	0.0718	0.0592	0.0869	0.055	0.0877	0.0873	0.0402	0.1264	0.1022	0.0265	0.2037	0.1301
450	0.0062	0.3732	0.0719	0.0593	0.0871	0.0551	0.088	0.0876	0.04	0.1259	0.1021	0.0265	0.2035	0.1301
451	0.0066	0.3761	0.0719	0.0595	0.087	0.055	0.0878	0.0873	0.0402	0.1263	0.1022	0.0265	0.2035	0.13
452	0.0057	0.3709	0.0721	0.0594	0.0872	0.0551	0.0877	0.0875	0.0403	0.1267	0.1026	0.0265	0.2035	0.1302
453	0.0059	0.3788	0.0721	0.0595	0.0874	0.0551	0.0877	0.0876	0.0403	0.1267	0.1026	0.0266	0.2044	0.1305
454	0.0061	0.3797	0.0719	0.0591	0.087	0.0551	0.0877	0.0875	0.0405	0.1271	0.1027	0.0266	0.2043	0.1305
455	0.006	0.361	0.0719	0.0591	0.0873	0.0552	0.0881	0.0878	0.0404	0.1268	0.1027	0.0266	0.2044	0.1307
456	0.0055	0.3631	0.0719	0.0594	0.0872	0.055	0.0877	0.0875	0.0403	0.1268	0.1027	0.0266	0.2048	0.1307
457	0.0063	0.3709	0.0715	0.0591	0.0871	0.0549	0.0875	0.0875	0.0403	0.1269	0.1027	0.0266	0.2048	0.1307
458	0.0063	0.3829	0.0715	0.0589	0.0867	0.055	0.0876	0.0872	0.0402	0.1264	0.1023	0.0266	0.205	0.1305
459	0.0062	0.3759	0.0715	0.0593	0.0868	0.0549	0.0876	0.0873	0.0403	0.1267	0.1024	0.0265	0.2044	0.1304
460	0.006	0.3636	0.0718	0.0594	0.087	0.0549	0.088	0.0873	0.0401	0.1261	0.1022	0.0266	0.2047	0.1304
461	0.0059	0.3797	0.0715	0.0591	0.0866	0.0549	0.088	0.0871	0.0402	0.1264	0.1021	0.0266	0.2048	0.1302
462	0.0064	0.3704	0.0712	0.0589	0.0863	0.0546	0.0874	0.0867	0.0402	0.1267	0.102	0.0266	0.2044	0.13
463	0.006	0.3741	0.071	0.0589	0.0862	0.0545	0.0872	0.0867	0.0403	0.1267	0.1021	0.0266	0.2042	0.13
464	0.0065	0.3832	0.071	0.0587	0.0863	0.0546	0.0874	0.0869	0.0402	0.1265	0.1021	0.0265	0.2041	0.1301
465	0.0058	0.3676	0.0712	0.0588	0.0865	0.0549	0.0877	0.0871	0.0403	0.1269	0.1024	0.0265	0.2041	0.1302
466	0.0062	0.3799	0.071	0.0585	0.0863	0.0552	0.088	0.0873	0.0405	0.1273	0.1025	0.0266	0.2041	0.1302
467	0.0062	0.3788	0.0713	0.0585	0.0864	0.055	0.0879	0.0873	0.0405	0.1274	0.1027	0.0266	0.2041	0.1303
468	0.0062	0.3764	0.0711	0.0583	0.0861	0.055	0.0877	0.0871	0.0405	0.127	0.1023	0.0266	0.2041	0.1301
469	0.0061	0.3801	0.071	0.0584	0.086	0.0548	0.0873	0.0868	0.0405	0.1272	0.1023	0.0265	0.2034	0.1297
470	0.006	0.3733	0.0712	0.0586	0.0863	0.0549	0.0875	0.087	0.0405	0.1275	0.1025	0.0265	0.2034	0.1298
471	0.0057	0.3739	0.071	0.0584	0.0861	0.0548	0.0875	0.0869	0.0403	0.1265	0.1021	0.0264	0.2036	0.1298
472	0.0062	0.3712	0.0706	0.0581	0.0857	0.0549	0.0877	0.0869	0.0404	0.1267	0.1021	0.0264	0.2032	0.1296
473	0.0056	0.3711	0.0707	0.058	0.0859	0.0549	0.0876	0.087	0.0404	0.1268	0.1022	0.0264	0.2033	0.1297
474	0.0059	0.3742	0.0706	0.0579	0.0857	0.0548	0.0875	0.0868	0.0403	0.1263	0.1019	0.0263	0.2028	0.1294
475	0.006	0.3792	0.0704	0.0577	0.0854	0.0546	0.0872	0.0865	0.0403	0.1264	0.1018	0.0263	0.2027	0.1293
476	0.0058	0.3756	0.0701	0.0574	0.0852	0.0544	0.087	0.0863	0.0403	0.1266	0.1018	0.0263	0.2027	0.1292
477	0.0062	0.3833	0.0703	0.0576	0.0854	0.0544	0.087	0.0864	0.0402	0.1264	0.1017	0.0264	0.2033	0.1293
478	0.0057	0.3779	0.0701	0.0575	0.0851	0.0545	0.087	0.0862	0.0403	0.1266	0.1016	0.0264	0.2028	0.129
479	0.0063	0.3652	0.07	0.0574	0.0851	0.0546	0.0872	0.0865	0.0403	0.1267	0.1018	0.0264	0.203	0.1292
480	0.0057	0.3784	0.0699	0.0573	0.0851	0.0545	0.0872	0.0864	0.0402	0.1263	0.1016	0.0264	0.2031	0.1292
481	0.006	0.3736	0.0695	0.0569	0.0849	0.0546	0.0872	0.0865	0.0401	0.1261	0.1016	0.0264	0.2031	0.1293
482	0.0057	0.3779	0.0694	0.0567	0.0849	0.0544	0.0871	0.0864	0.0401	0.126	0.1016	0.0264	0.203	0.1292
483	0.0058	0.3675	0.0696	0.0569	0.085	0.0545	0.0873	0.0865	0.04	0.1256	0.1013	0.0264	0.203	0.1292
484	0.0063	0.3755	0.0692	0.0567	0.0847	0.0546	0.0874	0.0865	0.0399	0.1256	0.1013	0.0264	0.2026	0.129
485	0.006	0.3746	0.0695	0.0569	0.0849	0.0546	0.0872	0.0864	0.04	0.1258	0.1013	0.0264	0.2028	0.1289
486	0.0056	0.3748	0.0692	0.0566	0.0846	0.0546	0.087	0.0863	0.0399	0.1256	0.1011	0.0263	0.2027	0.1288
487	0.0064	0.3751	0.0694	0.0568	0.0847	0.0546	0.0871	0.0863	0.0399	0.1258	0.1011	0.0263	0.2027	0.1288
488	0.0061	0.3792	0.0695	0.0566	0.0847	0.0548	0.0874	0.0865	0.0398	0.1254	0.101	0.0263	0.2024	0.1287
489	0.006	0.3807	0.0693	0.0567	0.0847	0.0546	0.0872	0.0863	0.0399	0.1256	0.1011	0.0263	0.2022	0.1286
490	0.0057	0.3802	0.0695	0.0568	0.0845	0.0543	0.087	0.0859	0.0398	0.1251	0.1007	0.0262	0.2019	0.1283
491	0.0062	0.375	0.0692	0.0566	0.0842	0.0542	0.0868	0.0858	0.0398	0.1253	0.1006	0.0262	0.2024	0.1283
492	0.0059	0.3784	0.0689	0.0565	0.0841	0.0545	0.0873	0.0861	0.0398	0.1256	0.1008	0.0262	0.2021	0.1283
493	0.0062	0.3792	0.0691	0.0567	0.0843	0.0544	0.0871	0.086	0.0398	0.1258	0.101	0.0262	0.2015	0.1283
494	0.006	0.3806	0.0691	0.0567	0.0842	0.0543	0.087	0.0859	0.0399	0.1258	0.1009	0.0262	0.2013	0.1281
495	0.0056	0.3788	0.0692	0.0568	0.0843	0.0545	0.0872	0.0861	0.0398	0.1258	0.101	0.0262	0.2012	0.1283
496	0.0065	0.3802	0.0696	0.0573	0.0848	0.0545	0.0872	0.0862	0.04	0.1262	0.1013	0.0262	0.2011	0.1284
497	0.0061	0.3758	0.0695	0.0574	0.0849	0.0544	0.0872	0.0863	0.04	0.1262	0.1014	0.0262	0.2006	0.1283
498	0.006	0.3747	0.0693	0.0573	0.0847	0.0544	0.0872	0.0862	0.0398	0.1256	0.1011	0.0261	0.2005	0.1282
499	0.0062	0.3762	0.0694	0.0575	0.0848	0.0544	0.0873	0.0862	0.0397	0.1252	0.1009	0.0262	0.2007	0.1283
500	0.0062	0.3781	0.0692	0.0571	0.0845	0.0544	0.0872	0.0861	0.0398	0.1255	0.101	0.0262	0.2007	0.1282
