{"device": "cuda:2", "multimodal": true, "embedding_dim": 512, "n_layers": 1, "epochs": 500, "learning_rate": 0.001, "log": true, "seed": 19, "top_k": [5, 10, 20, 50], "dataset": "dbbook", "batch_size": 2048, "single_branch": false, "autoencoder": false, "ensemble_fusion": false, "freeze": false, "fusion_modalities": "mean", "fusion_type": "late", "info_nce": false, "weighting": false, "datasets": {"dbbook": ["images", "text"], "ml1m": ["audio", "images", "text", "video"]}}
Epoch	T-Loss	V-Loss	Precision@5	Recall@5	NDCG@5	Precision@10	Recall@10	NDCG@10	Precision@20	Recall@20	NDCG@20	Precision@50	Recall@50	NDCG@50
1	0.693	0.6929	0.0049	0.004	0.0052	0.0042	0.0069	0.0058	0.0036	0.0117	0.0077	0.0031	0.0251	0.0124
2	0.6897	0.6925	0.0181	0.0162	0.0222	0.014	0.0238	0.023	0.0102	0.0337	0.0269	0.0069	0.0572	0.0349
3	0.6859	0.6916	0.0394	0.0337	0.0495	0.0287	0.0477	0.049	0.0202	0.0665	0.0562	0.0122	0.0991	0.0677
4	0.6804	0.6901	0.0541	0.0436	0.0658	0.0414	0.0659	0.0662	0.0293	0.0926	0.0763	0.0181	0.1419	0.0939
5	0.6718	0.6872	0.0621	0.0486	0.0741	0.0474	0.074	0.0742	0.0346	0.1071	0.0869	0.0221	0.1697	0.1094
6	0.659	0.6822	0.0643	0.0498	0.0768	0.0497	0.0772	0.0773	0.0373	0.1141	0.0917	0.0242	0.1841	0.1168
7	0.6405	0.6744	0.0662	0.0508	0.0779	0.0506	0.0777	0.0778	0.0382	0.1159	0.0927	0.0254	0.1923	0.1201
8	0.6159	0.6632	0.067	0.0509	0.0784	0.0507	0.0772	0.0778	0.0386	0.1163	0.0931	0.0258	0.1946	0.1212
9	0.5843	0.6482	0.0675	0.0512	0.0787	0.0513	0.0775	0.0781	0.0387	0.1157	0.0931	0.026	0.1948	0.1214
10	0.5469	0.6295	0.0669	0.0508	0.0785	0.0509	0.0764	0.0778	0.0387	0.1154	0.0931	0.0263	0.1962	0.1221
11	0.5053	0.6082	0.0669	0.0504	0.0781	0.0512	0.0767	0.0776	0.0388	0.1151	0.0927	0.0263	0.196	0.1217
12	0.4623	0.5858	0.0667	0.0504	0.0782	0.0511	0.0759	0.0776	0.0385	0.1139	0.0925	0.0263	0.1958	0.1219
13	0.4199	0.5627	0.0663	0.0497	0.0776	0.051	0.0756	0.0773	0.0385	0.1143	0.0924	0.0265	0.1965	0.122
14	0.3782	0.5406	0.0667	0.0499	0.0782	0.051	0.0762	0.0777	0.0387	0.1152	0.093	0.0265	0.196	0.1222
15	0.3412	0.5201	0.0668	0.05	0.0787	0.0506	0.0757	0.0777	0.0388	0.1152	0.0934	0.0267	0.1967	0.1228
16	0.3083	0.5006	0.0669	0.0503	0.0788	0.0508	0.0761	0.078	0.0391	0.1157	0.0938	0.0266	0.1965	0.1229
17	0.28	0.4887	0.0671	0.051	0.0792	0.0511	0.0767	0.0785	0.039	0.1155	0.0939	0.0268	0.1983	0.1236
18	0.2537	0.471	0.0676	0.0513	0.0793	0.0512	0.0766	0.0783	0.039	0.1158	0.0939	0.0269	0.1991	0.1238
19	0.2304	0.4599	0.0683	0.052	0.0798	0.0519	0.0779	0.0791	0.0393	0.1166	0.0944	0.0269	0.1985	0.124
20	0.2106	0.4511	0.0685	0.0523	0.0801	0.0522	0.0785	0.0797	0.0393	0.117	0.0948	0.027	0.1994	0.1246
21	0.1934	0.4426	0.0687	0.0522	0.0806	0.0526	0.0792	0.0804	0.0395	0.1177	0.0955	0.027	0.1994	0.1251
22	0.1778	0.4318	0.0689	0.0526	0.0811	0.0526	0.0794	0.0808	0.0396	0.1181	0.096	0.027	0.2001	0.1255
23	0.1639	0.4234	0.0689	0.0526	0.0814	0.0527	0.0794	0.081	0.0399	0.1188	0.0966	0.027	0.2007	0.1261
24	0.1512	0.421	0.069	0.053	0.0814	0.0528	0.0804	0.0814	0.0398	0.1183	0.0965	0.0272	0.2027	0.1267
25	0.1389	0.4128	0.0692	0.0528	0.0814	0.0532	0.0808	0.0815	0.0399	0.1187	0.0966	0.0272	0.2026	0.1266
26	0.1285	0.4105	0.0696	0.0532	0.0819	0.0533	0.081	0.0819	0.0402	0.1194	0.0972	0.0272	0.2034	0.1272
27	0.1197	0.411	0.0699	0.0539	0.0819	0.0539	0.0819	0.0823	0.0403	0.1201	0.0973	0.0274	0.2045	0.1276
28	0.1115	0.4009	0.0701	0.054	0.0825	0.0542	0.0822	0.0829	0.0403	0.1203	0.0978	0.0275	0.2053	0.1283
29	0.1041	0.3985	0.0703	0.0543	0.0827	0.0545	0.0827	0.0833	0.0405	0.1214	0.0984	0.0275	0.2065	0.1289
30	0.0968	0.3962	0.0704	0.0547	0.0829	0.0546	0.0832	0.0835	0.0407	0.1221	0.0987	0.0275	0.2063	0.1289
31	0.0923	0.3893	0.0708	0.0554	0.0833	0.0552	0.0841	0.0842	0.0407	0.1222	0.099	0.0276	0.2064	0.1292
32	0.0856	0.3915	0.0714	0.0557	0.0838	0.0553	0.0844	0.0844	0.041	0.123	0.0995	0.0276	0.2066	0.1295
33	0.0796	0.3922	0.0715	0.0556	0.0839	0.0555	0.0847	0.0847	0.0411	0.1235	0.0998	0.0276	0.2068	0.1297
34	0.0753	0.3902	0.0722	0.0563	0.0846	0.0554	0.085	0.0849	0.0412	0.1242	0.1002	0.0277	0.2076	0.1302
35	0.0713	0.3826	0.0719	0.056	0.0844	0.0553	0.0849	0.0848	0.0412	0.1245	0.1003	0.0277	0.2071	0.1301
36	0.067	0.3874	0.0718	0.0557	0.0844	0.0555	0.085	0.0851	0.0414	0.125	0.1007	0.0278	0.2076	0.1305
37	0.0638	0.3844	0.0723	0.0565	0.0848	0.0554	0.0853	0.0851	0.0414	0.1254	0.1009	0.0278	0.2079	0.1306
38	0.0602	0.3788	0.073	0.057	0.0852	0.0557	0.0858	0.0854	0.0414	0.1254	0.1008	0.0278	0.2076	0.1305
39	0.0583	0.3772	0.0726	0.0564	0.0849	0.056	0.0863	0.0856	0.0415	0.1255	0.101	0.0278	0.2083	0.1309
40	0.054	0.3795	0.0728	0.0567	0.0851	0.056	0.0863	0.0858	0.0416	0.126	0.1014	0.0278	0.2083	0.1311
41	0.0519	0.3761	0.0733	0.057	0.0856	0.056	0.0864	0.086	0.0417	0.1266	0.1017	0.0279	0.209	0.1314
42	0.0491	0.3789	0.0731	0.0571	0.0855	0.0559	0.0864	0.086	0.0418	0.1269	0.1018	0.0278	0.2084	0.1312
43	0.0472	0.3735	0.0731	0.0572	0.0855	0.0561	0.0871	0.0862	0.0418	0.1269	0.1018	0.0278	0.2087	0.1314
44	0.0456	0.3733	0.0734	0.0574	0.0858	0.0561	0.087	0.0863	0.0418	0.1268	0.1019	0.0278	0.2089	0.1315
45	0.0435	0.3778	0.0733	0.0573	0.0858	0.0561	0.0871	0.0864	0.0419	0.1269	0.1021	0.0277	0.2086	0.1315
46	0.0407	0.3694	0.0737	0.0578	0.0858	0.0562	0.0874	0.0864	0.0421	0.1273	0.1021	0.0278	0.2084	0.1314
47	0.0387	0.3759	0.0734	0.0576	0.0857	0.0565	0.0876	0.0865	0.0419	0.127	0.1021	0.0278	0.2087	0.1315
48	0.0388	0.3728	0.0732	0.0574	0.0858	0.0565	0.0877	0.0868	0.042	0.1274	0.1024	0.0279	0.2094	0.132
49	0.0372	0.3646	0.0727	0.0571	0.0852	0.0566	0.0881	0.0867	0.0421	0.1276	0.1023	0.0278	0.2088	0.1316
50	0.0351	0.3678	0.073	0.0571	0.0853	0.0567	0.0882	0.0868	0.042	0.1277	0.1023	0.0278	0.2089	0.1316
51	0.0341	0.3711	0.0738	0.0578	0.0859	0.0565	0.0881	0.0868	0.0422	0.1281	0.1027	0.0278	0.2091	0.1319
52	0.0318	0.3718	0.0738	0.058	0.086	0.0568	0.0885	0.0871	0.0422	0.128	0.1027	0.0278	0.2096	0.1321
53	0.032	0.3671	0.0738	0.058	0.0859	0.0573	0.089	0.0875	0.0423	0.1286	0.103	0.0279	0.2098	0.1323
54	0.0301	0.3722	0.074	0.0585	0.0864	0.0573	0.0895	0.0879	0.0424	0.1288	0.1035	0.0279	0.2101	0.1327
55	0.0292	0.3705	0.0743	0.0588	0.0867	0.0575	0.0898	0.0881	0.0425	0.1293	0.1037	0.0279	0.2101	0.1328
56	0.0287	0.3764	0.0747	0.0589	0.0869	0.0574	0.0895	0.088	0.0426	0.1297	0.1038	0.0279	0.2104	0.1329
57	0.0281	0.3698	0.0742	0.0587	0.0865	0.0576	0.0898	0.088	0.0427	0.1301	0.1038	0.0279	0.2105	0.1329
58	0.027	0.3641	0.0742	0.0588	0.0865	0.0574	0.0895	0.0879	0.0426	0.13	0.1038	0.028	0.2107	0.133
59	0.0257	0.3661	0.0742	0.0588	0.0866	0.0575	0.0896	0.088	0.0427	0.13	0.1039	0.028	0.2114	0.1332
60	0.0246	0.3659	0.0741	0.0586	0.0866	0.0575	0.0897	0.0881	0.0428	0.1303	0.1041	0.028	0.2114	0.1334
61	0.0248	0.3597	0.0738	0.0584	0.0863	0.0577	0.09	0.0882	0.0428	0.1303	0.1041	0.028	0.2113	0.1333
62	0.0235	0.3692	0.074	0.0589	0.0865	0.0575	0.0898	0.0881	0.0428	0.1307	0.1042	0.0281	0.2117	0.1335
63	0.0228	0.3653	0.074	0.059	0.0862	0.0574	0.0894	0.0877	0.0428	0.1308	0.104	0.0281	0.212	0.1333
64	0.022	0.3623	0.0741	0.059	0.0863	0.0575	0.0898	0.0878	0.0428	0.131	0.104	0.0281	0.2122	0.1334
65	0.0223	0.3697	0.0738	0.0588	0.0861	0.0576	0.0897	0.0878	0.0427	0.1306	0.1039	0.0281	0.2119	0.1333
66	0.0214	0.3611	0.0742	0.0592	0.0863	0.0578	0.09	0.088	0.0429	0.131	0.1041	0.0282	0.2126	0.1336
67	0.0207	0.3642	0.0738	0.0591	0.0861	0.0579	0.0903	0.0881	0.0427	0.1305	0.1038	0.0282	0.2124	0.1334
68	0.0204	0.3668	0.0738	0.0594	0.0864	0.0581	0.0907	0.0885	0.0427	0.1306	0.1041	0.0281	0.2123	0.1337
69	0.0201	0.3647	0.0741	0.0596	0.0868	0.0583	0.0907	0.0888	0.0427	0.1306	0.1044	0.0281	0.2121	0.1339
70	0.0192	0.361	0.0744	0.0598	0.0875	0.0582	0.0907	0.0892	0.0428	0.1314	0.105	0.0281	0.2124	0.1344
71	0.0193	0.3655	0.0747	0.0601	0.0877	0.0583	0.0907	0.0893	0.0428	0.1315	0.1052	0.0282	0.2124	0.1346
72	0.0192	0.3647	0.0749	0.0598	0.0876	0.0581	0.0906	0.0891	0.043	0.1324	0.1054	0.0282	0.2126	0.1345
73	0.0182	0.3656	0.0754	0.0604	0.0881	0.0581	0.0908	0.0893	0.043	0.1323	0.1055	0.0281	0.2122	0.1345
74	0.0171	0.357	0.076	0.0611	0.0886	0.0581	0.0909	0.0893	0.043	0.1326	0.1055	0.0282	0.2125	0.1346
75	0.0179	0.3603	0.0761	0.0611	0.0888	0.0582	0.091	0.0895	0.0431	0.1329	0.1058	0.0282	0.2126	0.1348
76	0.017	0.3603	0.0761	0.0612	0.089	0.0581	0.091	0.0897	0.0431	0.133	0.106	0.0282	0.213	0.1351
77	0.0171	0.3653	0.0762	0.0615	0.089	0.0581	0.091	0.0895	0.0431	0.1328	0.1058	0.0282	0.213	0.1349
78	0.0166	0.3577	0.0764	0.0617	0.0889	0.0582	0.0912	0.0895	0.0431	0.1329	0.1057	0.0282	0.2131	0.1348
79	0.0166	0.3638	0.0761	0.0611	0.0885	0.0586	0.0916	0.0896	0.0431	0.1329	0.1056	0.0282	0.2133	0.1348
80	0.0158	0.3568	0.0759	0.0608	0.0885	0.0586	0.092	0.0899	0.043	0.1329	0.1058	0.0281	0.2133	0.1349
81	0.016	0.3627	0.0756	0.0606	0.0884	0.0586	0.0919	0.09	0.0431	0.1329	0.1059	0.0281	0.2132	0.135
82	0.015	0.3614	0.0762	0.061	0.0889	0.0585	0.0918	0.09	0.0431	0.1331	0.1061	0.0282	0.2135	0.1352
83	0.0155	0.3606	0.0763	0.0611	0.0893	0.0585	0.0917	0.0903	0.0432	0.1334	0.1065	0.0282	0.2137	0.1356
84	0.0142	0.353	0.0761	0.0607	0.089	0.0586	0.0919	0.0904	0.0431	0.1332	0.1064	0.0282	0.2139	0.1356
85	0.0147	0.3662	0.0759	0.0606	0.0889	0.0585	0.0919	0.0902	0.0431	0.1334	0.1063	0.0281	0.2134	0.1353
86	0.0145	0.3636	0.0756	0.0606	0.0886	0.0581	0.0913	0.0898	0.0431	0.1337	0.1063	0.0281	0.2132	0.1352
87	0.0145	0.366	0.0757	0.0607	0.0886	0.058	0.0908	0.0895	0.0431	0.1338	0.1063	0.0281	0.2133	0.1351
88	0.0138	0.3695	0.0757	0.061	0.0887	0.058	0.091	0.0896	0.043	0.1334	0.1061	0.0281	0.2128	0.1349
89	0.0137	0.3674	0.0759	0.0611	0.0889	0.0579	0.0907	0.0895	0.0431	0.1336	0.1062	0.0282	0.2133	0.1351
90	0.0138	0.3605	0.0763	0.0613	0.0893	0.0582	0.0916	0.09	0.0432	0.1336	0.1064	0.0282	0.2133	0.1353
91	0.0127	0.3639	0.076	0.0613	0.0893	0.0582	0.0917	0.0902	0.0433	0.1342	0.1068	0.0282	0.2137	0.1357
92	0.0129	0.3556	0.0761	0.0615	0.0896	0.0583	0.0917	0.0903	0.0434	0.1341	0.1069	0.0283	0.2136	0.1358
93	0.0131	0.3638	0.0763	0.0615	0.0897	0.0585	0.0918	0.0904	0.0434	0.1342	0.1069	0.0282	0.2134	0.1357
94	0.0127	0.3628	0.0767	0.0616	0.09	0.0581	0.0914	0.0903	0.0433	0.1344	0.107	0.0282	0.2131	0.1357
95	0.013	0.3601	0.0768	0.0619	0.0901	0.0582	0.0915	0.0903	0.0433	0.1346	0.107	0.0282	0.2131	0.1357
96	0.0125	0.3614	0.0765	0.0618	0.0897	0.0582	0.0916	0.0902	0.0434	0.1349	0.107	0.0282	0.2132	0.1355
97	0.0118	0.3574	0.0763	0.0616	0.0897	0.0581	0.0913	0.0902	0.0433	0.1347	0.1071	0.0282	0.2132	0.1356
98	0.0122	0.3641	0.0761	0.0613	0.0897	0.0581	0.0913	0.0904	0.0433	0.1346	0.1072	0.0282	0.2136	0.1359
99	0.0117	0.3608	0.0757	0.0612	0.0896	0.058	0.0912	0.0903	0.0433	0.1342	0.1071	0.0282	0.2131	0.1358
100	0.0119	0.3636	0.0758	0.0608	0.0897	0.0583	0.0922	0.0908	0.0433	0.1345	0.1073	0.0282	0.2129	0.1359
101	0.0121	0.3621	0.0761	0.0609	0.0901	0.0585	0.0923	0.0912	0.0433	0.1347	0.1077	0.0282	0.2132	0.1363
102	0.0115	0.3677	0.0763	0.0613	0.0904	0.0586	0.0926	0.0914	0.0432	0.1341	0.1076	0.0282	0.2134	0.1365
103	0.0112	0.358	0.0761	0.061	0.0903	0.0587	0.093	0.0916	0.0434	0.1345	0.1078	0.0282	0.2137	0.1366
104	0.0114	0.3617	0.0762	0.061	0.0903	0.0588	0.0931	0.0916	0.0433	0.1346	0.1077	0.0282	0.2135	0.1365
105	0.0111	0.3624	0.0761	0.0609	0.0903	0.0587	0.0929	0.0915	0.0434	0.135	0.1079	0.0282	0.2139	0.1366
106	0.0109	0.3649	0.0759	0.0607	0.09	0.0587	0.0928	0.0914	0.0435	0.1353	0.1079	0.0282	0.2142	0.1365
107	0.0108	0.3642	0.0762	0.061	0.0902	0.0587	0.0927	0.0914	0.0434	0.1348	0.1078	0.0282	0.2141	0.1365
108	0.0108	0.3637	0.0768	0.0618	0.0908	0.0588	0.0933	0.0917	0.0435	0.1351	0.108	0.0283	0.2142	0.1368
109	0.0105	0.3653	0.077	0.0619	0.0909	0.0588	0.0934	0.0918	0.0433	0.1348	0.1079	0.0282	0.2132	0.1365
110	0.0105	0.3563	0.077	0.0617	0.0909	0.0588	0.0932	0.0917	0.0433	0.1348	0.1079	0.0282	0.213	0.1365
111	0.0104	0.3604	0.0768	0.0618	0.0908	0.0588	0.0932	0.0917	0.0433	0.1351	0.1079	0.0282	0.2129	0.1364
112	0.0108	0.3567	0.0768	0.0616	0.0906	0.0588	0.0933	0.0916	0.0434	0.1353	0.1079	0.0282	0.2128	0.1362
113	0.0105	0.3607	0.0764	0.0613	0.0904	0.0588	0.0931	0.0916	0.0435	0.1355	0.1081	0.0282	0.2131	0.1365
114	0.0102	0.3603	0.0766	0.0615	0.0906	0.0588	0.0931	0.0917	0.0435	0.1355	0.1081	0.0282	0.2133	0.1366
115	0.0098	0.366	0.0765	0.0614	0.0906	0.059	0.0931	0.0918	0.0435	0.1355	0.1082	0.0282	0.213	0.1365
116	0.0102	0.3669	0.0769	0.0617	0.091	0.0587	0.0929	0.0918	0.0435	0.1355	0.1083	0.0281	0.2128	0.1366
117	0.0099	0.3617	0.0769	0.062	0.0911	0.0587	0.093	0.0918	0.0435	0.1361	0.1085	0.0281	0.2123	0.1364
118	0.0096	0.3616	0.0767	0.0619	0.091	0.0587	0.0929	0.0918	0.0435	0.136	0.1085	0.0281	0.2122	0.1364
119	0.0098	0.3611	0.0766	0.0616	0.0908	0.0587	0.0931	0.0918	0.0434	0.1355	0.1083	0.028	0.212	0.1364
120	0.0095	0.3629	0.0768	0.0618	0.091	0.0586	0.0929	0.0917	0.0435	0.1356	0.1083	0.028	0.2119	0.1362
121	0.0096	0.3636	0.0768	0.062	0.091	0.0588	0.0931	0.0918	0.0435	0.1355	0.1083	0.028	0.2118	0.1362
122	0.0098	0.3587	0.0766	0.0616	0.0908	0.0588	0.0931	0.0918	0.0435	0.1355	0.1083	0.028	0.2117	0.1362
123	0.0097	0.3598	0.0769	0.0618	0.0912	0.0585	0.0929	0.0919	0.0435	0.1356	0.1085	0.028	0.2118	0.1364
124	0.0094	0.3604	0.0765	0.0615	0.091	0.0585	0.093	0.092	0.0434	0.1355	0.1086	0.028	0.2119	0.1366
125	0.0092	0.3593	0.0765	0.0616	0.0912	0.0588	0.0931	0.0922	0.0435	0.1355	0.1087	0.028	0.2118	0.1366
126	0.0089	0.3603	0.0768	0.0619	0.0915	0.0588	0.0931	0.0923	0.0434	0.1354	0.1088	0.028	0.2119	0.1368
127	0.0095	0.3573	0.0773	0.0621	0.0919	0.0588	0.0932	0.0925	0.0435	0.1355	0.109	0.0281	0.2121	0.137
128	0.0094	0.3614	0.0771	0.0619	0.0918	0.0589	0.0934	0.0925	0.0434	0.1355	0.1089	0.028	0.2119	0.1369
129	0.0093	0.3673	0.0769	0.0617	0.0915	0.0589	0.0934	0.0924	0.0434	0.1352	0.1087	0.028	0.2122	0.1368
130	0.0086	0.3585	0.0765	0.0612	0.0911	0.0588	0.0934	0.0923	0.0433	0.1347	0.1084	0.028	0.212	0.1366
131	0.0089	0.3639	0.0764	0.0613	0.0911	0.0587	0.0934	0.0923	0.0433	0.1348	0.1085	0.028	0.2119	0.1367
132	0.0092	0.3579	0.0766	0.0618	0.0912	0.0585	0.0933	0.092	0.0433	0.135	0.1084	0.028	0.2116	0.1364
133	0.0088	0.3566	0.0764	0.0616	0.0912	0.0583	0.0929	0.0919	0.0434	0.1353	0.1085	0.028	0.2116	0.1365
134	0.009	0.3642	0.0763	0.0614	0.0909	0.0581	0.0926	0.0915	0.0434	0.1355	0.1084	0.028	0.2118	0.1363
135	0.0086	0.3535	0.0765	0.0615	0.0909	0.0581	0.0927	0.0915	0.0434	0.1356	0.1084	0.028	0.2116	0.1362
136	0.0086	0.359	0.0769	0.0619	0.0914	0.0582	0.0927	0.0917	0.0434	0.1352	0.1085	0.028	0.2121	0.1365
137	0.0084	0.3655	0.0765	0.0614	0.0912	0.0583	0.0929	0.0918	0.0434	0.1354	0.1085	0.028	0.2118	0.1364
138	0.0088	0.3628	0.0762	0.0611	0.0907	0.0583	0.0928	0.0916	0.0434	0.1353	0.1083	0.0279	0.2116	0.1361
139	0.0084	0.3614	0.0758	0.0609	0.0904	0.0579	0.0924	0.0913	0.0434	0.1356	0.1084	0.028	0.2119	0.1362
140	0.0086	0.3573	0.0761	0.0612	0.0906	0.0579	0.0924	0.0912	0.0435	0.1357	0.1083	0.028	0.2119	0.1361
141	0.0086	0.3637	0.0759	0.0615	0.0904	0.058	0.0927	0.0912	0.0435	0.1357	0.1082	0.028	0.212	0.136
142	0.0081	0.3592	0.0754	0.061	0.09	0.0576	0.0924	0.091	0.0435	0.136	0.1083	0.028	0.2121	0.136
143	0.0081	0.3678	0.0753	0.0608	0.0898	0.0576	0.0921	0.0908	0.0434	0.1356	0.108	0.028	0.2118	0.1358
144	0.0079	0.3767	0.0754	0.0612	0.0899	0.0578	0.0927	0.091	0.0434	0.1356	0.108	0.0279	0.2116	0.1357
145	0.008	0.3582	0.0752	0.0612	0.0896	0.0578	0.0928	0.091	0.0433	0.1352	0.1077	0.0279	0.2118	0.1356
146	0.0084	0.3658	0.0752	0.0614	0.0897	0.0578	0.0927	0.091	0.0433	0.1354	0.1078	0.0279	0.2117	0.1357
147	0.0079	0.3581	0.0752	0.0613	0.0898	0.0578	0.0926	0.091	0.0433	0.1354	0.1079	0.0279	0.2119	0.1357
148	0.0072	0.3541	0.0756	0.0617	0.0899	0.0579	0.0927	0.091	0.0433	0.1355	0.1078	0.028	0.2122	0.1358
149	0.0081	0.364	0.0752	0.0614	0.0898	0.058	0.0929	0.0911	0.0433	0.1355	0.1079	0.028	0.2123	0.1358
150	0.0079	0.3557	0.0749	0.0613	0.0897	0.058	0.0925	0.0911	0.0432	0.1356	0.108	0.028	0.2127	0.136
151	0.0081	0.364	0.075	0.0614	0.0897	0.0579	0.0925	0.091	0.0431	0.1349	0.1076	0.0279	0.212	0.1357
152	0.0079	0.3624	0.0754	0.0615	0.0902	0.0579	0.0925	0.0912	0.0431	0.1346	0.1078	0.0279	0.2121	0.1359
153	0.0079	0.3664	0.0754	0.0616	0.0901	0.058	0.0926	0.0912	0.0429	0.1339	0.1074	0.0279	0.2123	0.1359
154	0.0077	0.3628	0.0756	0.0616	0.0902	0.0581	0.0929	0.0913	0.0428	0.1339	0.1074	0.0279	0.2126	0.1359
155	0.0076	0.3537	0.0754	0.0613	0.0901	0.0578	0.0923	0.0911	0.043	0.134	0.1075	0.0279	0.2123	0.1359
156	0.0076	0.3583	0.0754	0.0615	0.0902	0.0581	0.0928	0.0914	0.043	0.1342	0.1076	0.0279	0.212	0.1359
157	0.0074	0.3604	0.0752	0.0615	0.0901	0.0583	0.093	0.0915	0.0431	0.1346	0.1078	0.0279	0.212	0.1359
158	0.0077	0.3642	0.0754	0.0617	0.0902	0.0583	0.0929	0.0914	0.0431	0.1346	0.1077	0.0279	0.2121	0.1359
159	0.0077	0.3643	0.0752	0.0618	0.09	0.0583	0.0929	0.0913	0.0431	0.1345	0.1076	0.0279	0.2122	0.1359
160	0.0074	0.3617	0.0753	0.0614	0.09	0.0585	0.0932	0.0915	0.043	0.1344	0.1076	0.0279	0.2121	0.1359
161	0.0076	0.3631	0.0753	0.061	0.09	0.0584	0.093	0.0915	0.043	0.1342	0.1076	0.0279	0.2117	0.1358
162	0.0073	0.3594	0.0755	0.0614	0.0901	0.0583	0.0927	0.0913	0.0431	0.1341	0.1075	0.0279	0.2117	0.1357
163	0.0074	0.3653	0.0758	0.0617	0.0903	0.0584	0.0931	0.0915	0.0431	0.1341	0.1077	0.0279	0.2123	0.136
164	0.0074	0.3649	0.0756	0.0618	0.0903	0.0585	0.0929	0.0915	0.0432	0.1343	0.1077	0.0279	0.2121	0.1359
165	0.0074	0.3566	0.076	0.0619	0.0904	0.0584	0.0929	0.0914	0.0431	0.1341	0.1076	0.0279	0.2119	0.1358
166	0.0071	0.363	0.0758	0.0616	0.0904	0.0583	0.0928	0.0915	0.043	0.1337	0.1075	0.0279	0.212	0.1359
167	0.0071	0.3644	0.0759	0.0616	0.0904	0.0582	0.0924	0.0912	0.0431	0.1343	0.1076	0.0279	0.2117	0.1358
168	0.007	0.3671	0.0762	0.0621	0.0911	0.0582	0.0925	0.0916	0.043	0.134	0.1078	0.0279	0.212	0.1362
169	0.0074	0.3607	0.0757	0.0619	0.0906	0.0585	0.0931	0.0917	0.043	0.1338	0.1076	0.0279	0.2122	0.136
170	0.0069	0.3584	0.0759	0.062	0.0905	0.0585	0.0931	0.0915	0.0429	0.1336	0.1073	0.0279	0.212	0.1358
171	0.0072	0.3621	0.0758	0.0618	0.0906	0.0586	0.0933	0.0918	0.043	0.134	0.1077	0.0279	0.2116	0.1359
172	0.0072	0.3603	0.0755	0.0614	0.0905	0.0586	0.0933	0.0919	0.0431	0.1343	0.1079	0.0279	0.2119	0.1361
173	0.0072	0.3598	0.0754	0.0613	0.0906	0.0586	0.0931	0.0919	0.0432	0.1344	0.108	0.0278	0.2115	0.136
174	0.0068	0.3646	0.0756	0.0615	0.0909	0.0585	0.0932	0.0921	0.0433	0.1345	0.1083	0.0278	0.2117	0.1362
175	0.0074	0.3507	0.0754	0.061	0.0905	0.0584	0.0931	0.0919	0.0432	0.1343	0.1081	0.0279	0.2124	0.1363
176	0.0069	0.3594	0.0758	0.0613	0.0908	0.0585	0.0931	0.0919	0.0432	0.1346	0.1081	0.0279	0.2122	0.1362
177	0.0074	0.3637	0.0756	0.0613	0.0908	0.0585	0.0931	0.092	0.0431	0.1343	0.1081	0.0279	0.2127	0.1364
178	0.0067	0.3644	0.0756	0.0611	0.0905	0.0585	0.093	0.0918	0.0432	0.1345	0.108	0.0279	0.2128	0.1363
179	0.0069	0.3633	0.0757	0.0612	0.0907	0.0585	0.0931	0.092	0.0432	0.1346	0.1081	0.0279	0.2132	0.1365
180	0.007	0.3657	0.0753	0.061	0.0904	0.0588	0.0934	0.092	0.0433	0.1348	0.1081	0.0279	0.2132	0.1364
181	0.007	0.3528	0.0754	0.0611	0.0905	0.0586	0.0932	0.0919	0.0432	0.1349	0.1081	0.0279	0.2132	0.1364
182	0.0068	0.3627	0.0756	0.0612	0.0904	0.0585	0.0936	0.0918	0.0433	0.1349	0.1081	0.0279	0.2128	0.1362
183	0.0074	0.3681	0.0755	0.0614	0.0907	0.0584	0.0935	0.092	0.0433	0.1348	0.1083	0.0278	0.2125	0.1363
184	0.0071	0.3631	0.0759	0.0616	0.0911	0.0584	0.0935	0.0921	0.0433	0.1346	0.1083	0.0279	0.2125	0.1364
185	0.0072	0.3686	0.0759	0.0617	0.0911	0.0586	0.0937	0.0922	0.0432	0.1342	0.1082	0.0279	0.2124	0.1364
186	0.0071	0.36	0.0755	0.0613	0.0906	0.0583	0.0931	0.0918	0.0432	0.1343	0.108	0.0279	0.2121	0.1362
187	0.0069	0.358	0.0758	0.0615	0.0907	0.0584	0.0933	0.0919	0.0433	0.1343	0.108	0.0278	0.2116	0.136
188	0.0069	0.357	0.0759	0.0615	0.0907	0.0584	0.0931	0.0918	0.0433	0.1346	0.1081	0.0278	0.2117	0.1359
189	0.007	0.3609	0.0762	0.0618	0.0911	0.0583	0.0932	0.0918	0.0433	0.1346	0.1082	0.0278	0.2114	0.136
190	0.0067	0.3635	0.076	0.0614	0.0909	0.0582	0.0929	0.0917	0.0432	0.1344	0.1081	0.0277	0.2114	0.1359
191	0.0067	0.3614	0.0756	0.0617	0.0909	0.0578	0.0926	0.0916	0.0431	0.1344	0.1082	0.0277	0.2113	0.136
192	0.0071	0.3541	0.0758	0.0618	0.0909	0.0578	0.0926	0.0915	0.0432	0.1345	0.1081	0.0277	0.2114	0.1359
193	0.0067	0.3529	0.0753	0.0613	0.0906	0.0576	0.0922	0.0913	0.0433	0.1348	0.1081	0.0277	0.2114	0.1358
194	0.0063	0.3691	0.0756	0.0615	0.0909	0.0578	0.0924	0.0915	0.0433	0.1353	0.1084	0.0277	0.2111	0.1358
195	0.0067	0.369	0.0758	0.0617	0.0911	0.0576	0.0921	0.0913	0.0431	0.1348	0.1081	0.0277	0.2112	0.1358
196	0.0069	0.3515	0.0759	0.0617	0.0909	0.0575	0.0922	0.0911	0.0432	0.1348	0.108	0.0277	0.2115	0.1356
197	0.0064	0.3658	0.076	0.0616	0.091	0.0577	0.0926	0.0913	0.0431	0.135	0.108	0.0277	0.2117	0.1357
198	0.0066	0.3555	0.0758	0.0611	0.0907	0.0579	0.0932	0.0916	0.0432	0.1352	0.1081	0.0277	0.2116	0.1358
199	0.0066	0.3689	0.0756	0.0612	0.0906	0.0582	0.0935	0.0917	0.0431	0.135	0.108	0.0277	0.2115	0.1357
200	0.0067	0.3656	0.0757	0.0613	0.0907	0.0579	0.093	0.0915	0.043	0.1343	0.1077	0.0277	0.2116	0.1357
201	0.0066	0.3651	0.0755	0.061	0.0905	0.0578	0.0929	0.0914	0.0428	0.1338	0.1075	0.0277	0.2115	0.1356
202	0.0065	0.3597	0.0759	0.0614	0.091	0.0581	0.0932	0.0918	0.0428	0.1338	0.1078	0.0276	0.2113	0.1358
203	0.0065	0.363	0.076	0.0614	0.0909	0.0581	0.093	0.0917	0.0428	0.1337	0.1075	0.0276	0.2116	0.1357
204	0.0064	0.3686	0.0756	0.0612	0.0908	0.0583	0.0933	0.0919	0.0428	0.1335	0.1076	0.0277	0.2116	0.1358
205	0.0064	0.3562	0.0754	0.061	0.0907	0.058	0.0926	0.0916	0.0428	0.1336	0.1076	0.0276	0.2109	0.1356
206	0.0067	0.3585	0.0753	0.061	0.0908	0.0579	0.0924	0.0916	0.0427	0.1334	0.1075	0.0276	0.2112	0.1357
207	0.0064	0.3596	0.0753	0.0611	0.0909	0.0579	0.0925	0.0918	0.0426	0.1333	0.1076	0.0276	0.2109	0.1358
208	0.0067	0.3696	0.0753	0.0613	0.091	0.0578	0.0922	0.0917	0.0427	0.1337	0.1079	0.0276	0.211	0.136
209	0.0062	0.3683	0.0755	0.0612	0.0912	0.0579	0.0923	0.0918	0.0428	0.1342	0.1081	0.0276	0.2113	0.1361
210	0.0061	0.3608	0.0753	0.061	0.0909	0.0578	0.0922	0.0917	0.0429	0.1343	0.1081	0.0276	0.2111	0.1359
211	0.0064	0.3529	0.0753	0.0613	0.091	0.0576	0.092	0.0915	0.0428	0.1339	0.1078	0.0276	0.2111	0.1359
212	0.0063	0.3636	0.0755	0.0612	0.0912	0.0576	0.0921	0.0917	0.0428	0.1338	0.1079	0.0276	0.2113	0.136
213	0.0063	0.3562	0.0757	0.0613	0.0914	0.0576	0.0921	0.0918	0.0429	0.1339	0.1081	0.0275	0.2108	0.136
214	0.0065	0.3667	0.0755	0.0611	0.0913	0.0578	0.0924	0.0919	0.0428	0.1337	0.1081	0.0276	0.2112	0.1361
215	0.0064	0.3678	0.0754	0.0612	0.0913	0.0575	0.092	0.0917	0.0428	0.1335	0.1081	0.0275	0.2106	0.1359
216	0.0064	0.3577	0.0753	0.0612	0.0911	0.0575	0.0921	0.0916	0.0427	0.1335	0.1079	0.0275	0.2106	0.1358
217	0.0066	0.3582	0.0752	0.0612	0.091	0.0576	0.0923	0.0917	0.0428	0.134	0.1081	0.0275	0.2102	0.1357
218	0.0069	0.3654	0.0754	0.0614	0.0912	0.0577	0.0923	0.0918	0.043	0.1343	0.1082	0.0275	0.21	0.1357
219	0.0062	0.3627	0.0756	0.0617	0.0914	0.0577	0.0923	0.0919	0.043	0.1344	0.1083	0.0274	0.2096	0.1356
220	0.0064	0.3517	0.0757	0.0618	0.0917	0.0579	0.0927	0.0922	0.043	0.1346	0.1086	0.0275	0.2098	0.1359
221	0.0059	0.3572	0.0756	0.0617	0.0917	0.0581	0.093	0.0924	0.043	0.1344	0.1086	0.0275	0.21	0.1361
222	0.0061	0.3678	0.0756	0.0617	0.0917	0.0582	0.0934	0.0926	0.043	0.1344	0.1086	0.0275	0.2097	0.136
223	0.0059	0.3569	0.0754	0.0615	0.0915	0.0583	0.0933	0.0926	0.043	0.1345	0.1086	0.0275	0.2099	0.136
224	0.0059	0.3635	0.0753	0.0615	0.0913	0.0583	0.0932	0.0924	0.043	0.1344	0.1084	0.0275	0.2097	0.1358
225	0.0064	0.3562	0.0752	0.0614	0.0913	0.0583	0.0931	0.0924	0.0429	0.1344	0.1084	0.0274	0.2095	0.1357
226	0.0062	0.3723	0.0755	0.0616	0.0916	0.0583	0.0931	0.0925	0.043	0.1347	0.1086	0.0275	0.2099	0.136
227	0.006	0.362	0.0754	0.0614	0.0915	0.0584	0.093	0.0926	0.043	0.1345	0.1086	0.0275	0.21	0.136
228	0.006	0.3512	0.0757	0.0616	0.0916	0.0583	0.0929	0.0925	0.0429	0.1341	0.1085	0.0275	0.2101	0.136
229	0.0057	0.3612	0.0757	0.0618	0.0917	0.0583	0.093	0.0925	0.0429	0.1342	0.1085	0.0274	0.2096	0.1359
230	0.006	0.3598	0.0756	0.0616	0.0915	0.0585	0.0932	0.0925	0.0429	0.1343	0.1084	0.0275	0.2101	0.1359
231	0.0058	0.3657	0.0755	0.0615	0.0913	0.0584	0.0932	0.0924	0.0431	0.1352	0.1087	0.0275	0.2105	0.1359
232	0.0061	0.3617	0.0755	0.0615	0.0913	0.0583	0.0931	0.0923	0.043	0.1351	0.1086	0.0275	0.2103	0.1359
233	0.0065	0.3694	0.0754	0.0613	0.0912	0.0581	0.0927	0.092	0.043	0.1351	0.1085	0.0274	0.21	0.1356
234	0.0062	0.3717	0.0756	0.0616	0.0911	0.058	0.0928	0.0918	0.043	0.1347	0.1082	0.0275	0.2098	0.1354
235	0.0064	0.3593	0.0752	0.0612	0.0906	0.0578	0.0927	0.0915	0.0427	0.134	0.1076	0.0274	0.2095	0.1351
236	0.0058	0.3605	0.0748	0.0607	0.0902	0.0578	0.0928	0.0915	0.0427	0.1343	0.1076	0.0274	0.2093	0.1349
237	0.0061	0.3608	0.0752	0.0613	0.0905	0.0579	0.093	0.0916	0.0428	0.1342	0.1076	0.0274	0.2095	0.135
238	0.0062	0.3635	0.0752	0.0612	0.0906	0.0581	0.0931	0.0917	0.0428	0.1341	0.1077	0.0274	0.2091	0.135
239	0.0061	0.3639	0.0754	0.0611	0.0907	0.0581	0.0931	0.0919	0.0428	0.1343	0.1079	0.0274	0.2094	0.1351
240	0.0062	0.3581	0.0751	0.0608	0.0905	0.0582	0.0929	0.0918	0.0429	0.1345	0.1079	0.0274	0.2093	0.1351
241	0.0058	0.3652	0.0754	0.0608	0.0907	0.0581	0.0926	0.0917	0.0429	0.1347	0.1079	0.0274	0.2095	0.1351
242	0.0061	0.3631	0.0752	0.0608	0.0905	0.0581	0.0927	0.0915	0.0427	0.1341	0.1076	0.0274	0.2091	0.1349
243	0.0062	0.3662	0.0752	0.0608	0.0904	0.0581	0.0933	0.0917	0.0427	0.1338	0.1075	0.0274	0.2093	0.135
244	0.006	0.3623	0.0749	0.0607	0.0902	0.0581	0.093	0.0915	0.0426	0.1332	0.1072	0.0274	0.2093	0.1348
245	0.0058	0.3556	0.0749	0.0606	0.0901	0.0581	0.093	0.0915	0.0425	0.1331	0.1071	0.0274	0.2095	0.1349
246	0.0059	0.3576	0.0745	0.0601	0.0896	0.058	0.0933	0.0914	0.0424	0.133	0.1069	0.0274	0.2095	0.1347
247	0.0057	0.3642	0.0747	0.0602	0.0898	0.0578	0.0927	0.0912	0.0424	0.1327	0.1069	0.0274	0.2091	0.1347
248	0.0053	0.3639	0.0751	0.0608	0.0901	0.0579	0.093	0.0914	0.0425	0.1327	0.107	0.0274	0.2093	0.1348
249	0.0059	0.3634	0.0751	0.0606	0.0902	0.0578	0.0931	0.0915	0.0425	0.133	0.1072	0.0274	0.2092	0.1349
250	0.0062	0.3621	0.075	0.0607	0.0903	0.0578	0.0927	0.0915	0.0426	0.133	0.1074	0.0274	0.2095	0.1351
251	0.0057	0.3744	0.0747	0.0605	0.09	0.0577	0.0926	0.0914	0.0426	0.1333	0.1074	0.0274	0.2092	0.1349
252	0.0056	0.3641	0.0747	0.0605	0.0898	0.0576	0.0924	0.0911	0.0425	0.1328	0.107	0.0273	0.209	0.1346
253	0.006	0.3636	0.0748	0.0605	0.09	0.0576	0.0922	0.0911	0.0426	0.1333	0.1073	0.0273	0.2088	0.1347
254	0.006	0.3632	0.0747	0.0605	0.0899	0.0576	0.0919	0.091	0.0426	0.1335	0.1073	0.0273	0.2089	0.1346
255	0.0055	0.3589	0.0748	0.0607	0.0899	0.0577	0.0922	0.0911	0.0426	0.1334	0.1072	0.0273	0.2086	0.1345
256	0.0059	0.3602	0.0752	0.0611	0.0902	0.058	0.0926	0.0913	0.0426	0.1335	0.1072	0.0273	0.209	0.1346
257	0.0063	0.3639	0.0749	0.0608	0.0899	0.0581	0.0928	0.0914	0.0427	0.1338	0.1073	0.0273	0.2093	0.1347
258	0.0057	0.3688	0.0747	0.0607	0.09	0.0579	0.0923	0.0913	0.0425	0.1335	0.1072	0.0274	0.2094	0.1348
259	0.0058	0.3594	0.0748	0.061	0.0901	0.0577	0.0921	0.0912	0.0425	0.1333	0.1072	0.0273	0.2089	0.1346
260	0.0059	0.3717	0.0744	0.0606	0.0898	0.0578	0.092	0.0911	0.0425	0.1332	0.1072	0.0274	0.2092	0.1347
261	0.0062	0.3726	0.0751	0.061	0.0904	0.058	0.0921	0.0914	0.0425	0.1332	0.1073	0.0273	0.2092	0.1348
262	0.0056	0.3681	0.075	0.061	0.0903	0.0579	0.0917	0.0912	0.0425	0.1328	0.1072	0.0273	0.2092	0.1347
263	0.0056	0.3654	0.0755	0.0614	0.0906	0.0578	0.0919	0.0912	0.0425	0.1329	0.1071	0.0273	0.209	0.1346
264	0.0058	0.362	0.0751	0.0612	0.0902	0.0575	0.0917	0.0909	0.0425	0.1332	0.1071	0.0272	0.209	0.1344
265	0.0058	0.3659	0.0748	0.0609	0.0898	0.0573	0.0913	0.0905	0.0425	0.1332	0.1069	0.0272	0.2087	0.1341
266	0.0058	0.3686	0.0745	0.0606	0.0896	0.0574	0.0916	0.0907	0.0426	0.1336	0.107	0.0272	0.2086	0.1341
267	0.0061	0.3597	0.0745	0.0607	0.0897	0.0572	0.0914	0.0905	0.0426	0.1337	0.107	0.0272	0.2089	0.1342
268	0.0053	0.3572	0.0749	0.0609	0.0899	0.0575	0.0913	0.0906	0.0425	0.1332	0.1069	0.0273	0.2091	0.1343
269	0.0059	0.3683	0.075	0.0609	0.0898	0.0575	0.0915	0.0906	0.0427	0.1338	0.1069	0.0273	0.2091	0.1342
270	0.0056	0.3624	0.0747	0.0605	0.0897	0.0576	0.0916	0.0907	0.0425	0.1335	0.1069	0.0273	0.209	0.1342
271	0.0053	0.368	0.0745	0.0604	0.0895	0.0577	0.0917	0.0908	0.0426	0.1336	0.1069	0.0273	0.2088	0.1342
272	0.0059	0.3641	0.0745	0.0606	0.0895	0.0581	0.0921	0.091	0.0426	0.1333	0.107	0.0273	0.209	0.1343
273	0.0055	0.3649	0.0743	0.0607	0.0893	0.0579	0.0918	0.0907	0.0425	0.1328	0.1066	0.0273	0.2092	0.1341
274	0.0054	0.358	0.0746	0.0609	0.0896	0.0575	0.0911	0.0904	0.0425	0.1326	0.1065	0.0273	0.2091	0.1341
275	0.0054	0.3622	0.0747	0.0608	0.0897	0.0576	0.0914	0.0906	0.0424	0.1322	0.1065	0.0273	0.2096	0.1343
276	0.0053	0.3514	0.0747	0.0611	0.0897	0.0576	0.0913	0.0906	0.0423	0.1323	0.1065	0.0274	0.2099	0.1344
277	0.0057	0.3652	0.0745	0.0608	0.0896	0.0575	0.0913	0.0905	0.0423	0.1326	0.1065	0.0273	0.2096	0.1343
278	0.0057	0.3721	0.0748	0.061	0.0897	0.0575	0.0915	0.0905	0.0423	0.1323	0.1064	0.0273	0.2093	0.1342
279	0.0055	0.3705	0.0749	0.0613	0.09	0.0575	0.0917	0.0908	0.0423	0.1323	0.1065	0.0273	0.2092	0.1343
280	0.0053	0.3623	0.0751	0.0614	0.0902	0.0573	0.0915	0.0907	0.0422	0.1321	0.1065	0.0272	0.2088	0.1342
281	0.0059	0.3679	0.0748	0.0613	0.0902	0.0573	0.0912	0.0908	0.0422	0.1321	0.1066	0.0272	0.2086	0.1343
282	0.0054	0.3694	0.0751	0.0613	0.0903	0.0574	0.0914	0.0909	0.0423	0.1323	0.1067	0.0272	0.2084	0.1343
283	0.0052	0.3532	0.0753	0.0614	0.0906	0.0575	0.0916	0.091	0.0422	0.1323	0.1068	0.0272	0.2084	0.1344
284	0.0052	0.3654	0.0751	0.0613	0.0904	0.0571	0.091	0.0906	0.0424	0.1329	0.107	0.0272	0.2081	0.1342
285	0.0058	0.3631	0.0752	0.0616	0.0905	0.0572	0.0912	0.0907	0.0424	0.1326	0.1069	0.0271	0.2081	0.1342
286	0.0054	0.3623	0.0751	0.0615	0.0904	0.0574	0.0918	0.0909	0.0426	0.1329	0.1071	0.0272	0.2087	0.1344
287	0.0053	0.3697	0.0749	0.0612	0.0904	0.0576	0.0919	0.0912	0.0426	0.1329	0.1073	0.0272	0.2084	0.1345
288	0.0059	0.3634	0.0748	0.0609	0.0904	0.0577	0.0921	0.0914	0.0425	0.1325	0.1071	0.0273	0.2089	0.1347
289	0.0056	0.3602	0.0749	0.0609	0.0904	0.0575	0.0915	0.091	0.0425	0.1327	0.1071	0.0273	0.2089	0.1346
290	0.0053	0.3676	0.0747	0.0607	0.0902	0.0573	0.0913	0.0909	0.0424	0.1327	0.1071	0.0272	0.2086	0.1345
291	0.0054	0.3533	0.0747	0.061	0.0902	0.0573	0.0912	0.0909	0.0424	0.1325	0.1069	0.0272	0.2085	0.1344
292	0.0051	0.3691	0.0745	0.0609	0.09	0.0572	0.0912	0.0908	0.0424	0.1326	0.1069	0.0273	0.2089	0.1345
293	0.0055	0.3673	0.0749	0.0611	0.0906	0.0569	0.0907	0.0909	0.0424	0.1327	0.1073	0.0272	0.2088	0.1348
294	0.0059	0.3695	0.0749	0.0613	0.0905	0.0569	0.091	0.0909	0.0425	0.1328	0.1073	0.0273	0.2089	0.1348
295	0.0056	0.3687	0.0751	0.0615	0.0907	0.0572	0.0915	0.0911	0.0425	0.1331	0.1075	0.0273	0.209	0.1349
296	0.0055	0.3737	0.0751	0.0617	0.091	0.0571	0.0916	0.0913	0.0426	0.1334	0.1078	0.0272	0.2087	0.135
297	0.0057	0.358	0.0747	0.0614	0.0906	0.0571	0.0912	0.0912	0.0424	0.1331	0.1075	0.0272	0.2084	0.1348
298	0.0058	0.36	0.0749	0.0613	0.0905	0.0573	0.0917	0.0913	0.0425	0.1333	0.1075	0.0272	0.2083	0.1346
299	0.0053	0.3675	0.0748	0.0614	0.0906	0.0571	0.0916	0.0913	0.0424	0.1331	0.1074	0.0271	0.2081	0.1347
300	0.0056	0.3679	0.0749	0.0614	0.0908	0.0571	0.0914	0.0912	0.0426	0.1339	0.1078	0.0272	0.2082	0.1347
301	0.0052	0.3618	0.0749	0.0616	0.0908	0.0573	0.0915	0.0914	0.0427	0.1341	0.1079	0.0272	0.2081	0.1348
302	0.005	0.3587	0.075	0.0618	0.0909	0.0574	0.0919	0.0915	0.0427	0.134	0.1079	0.0272	0.2084	0.1349
303	0.0057	0.3632	0.0753	0.0619	0.091	0.0572	0.0915	0.0912	0.0427	0.1341	0.1079	0.0272	0.2084	0.1348
304	0.0055	0.3676	0.0754	0.0619	0.091	0.0573	0.0915	0.0913	0.0427	0.1344	0.108	0.0272	0.2086	0.1349
305	0.0056	0.3632	0.0755	0.0621	0.091	0.0572	0.0918	0.0913	0.0428	0.1347	0.1081	0.0273	0.2088	0.135
306	0.0054	0.3617	0.0758	0.0622	0.0912	0.0571	0.0918	0.0913	0.0427	0.1345	0.1081	0.0272	0.2085	0.1349
307	0.0055	0.3717	0.076	0.0623	0.0911	0.0572	0.0919	0.0912	0.0428	0.1345	0.1079	0.0272	0.2083	0.1346
308	0.0049	0.3568	0.0756	0.0622	0.0909	0.0572	0.0916	0.0911	0.0427	0.1343	0.1078	0.0272	0.2086	0.1347
309	0.0051	0.3611	0.0755	0.0622	0.0909	0.0574	0.0919	0.0912	0.0427	0.1343	0.1077	0.0272	0.2086	0.1346
310	0.0052	0.364	0.0756	0.0623	0.0911	0.0576	0.0924	0.0916	0.0427	0.1341	0.1078	0.0272	0.2084	0.1348
311	0.0051	0.3698	0.0755	0.0622	0.0909	0.0576	0.0924	0.0914	0.0427	0.1341	0.1077	0.0272	0.2085	0.1347
312	0.0051	0.3685	0.0751	0.0618	0.0906	0.0578	0.0927	0.0915	0.0426	0.1341	0.1076	0.0272	0.2085	0.1346
313	0.0051	0.3615	0.0755	0.062	0.0909	0.0577	0.0922	0.0914	0.0427	0.1342	0.1078	0.0273	0.2088	0.1348
314	0.0054	0.3697	0.0757	0.0622	0.091	0.0576	0.092	0.0913	0.0426	0.1339	0.1076	0.0272	0.2087	0.1347
315	0.0055	0.3679	0.0758	0.0624	0.0912	0.0577	0.0921	0.0914	0.0426	0.1336	0.1076	0.0272	0.2087	0.1347
316	0.005	0.363	0.0759	0.0627	0.0912	0.0576	0.0924	0.0914	0.0427	0.1343	0.1078	0.0272	0.209	0.1348
317	0.0053	0.3742	0.076	0.0627	0.0913	0.0578	0.0924	0.0916	0.0429	0.1345	0.108	0.0271	0.2085	0.1347
318	0.0052	0.3724	0.0761	0.0628	0.0915	0.0579	0.0929	0.0919	0.0428	0.1344	0.1082	0.0271	0.2086	0.1349
319	0.0053	0.3636	0.0757	0.0628	0.0915	0.0578	0.0926	0.092	0.0429	0.1347	0.1084	0.0271	0.2083	0.135
320	0.0053	0.3624	0.0758	0.0629	0.0914	0.0577	0.0921	0.0917	0.0429	0.1346	0.1083	0.0271	0.2082	0.1349
321	0.0058	0.3771	0.076	0.0631	0.0914	0.0577	0.0924	0.0916	0.0429	0.1345	0.1081	0.0272	0.2081	0.1347
322	0.0053	0.3628	0.0754	0.0626	0.0909	0.0576	0.0924	0.0914	0.0428	0.1345	0.1079	0.0272	0.2081	0.1345
323	0.0048	0.3645	0.0751	0.0623	0.0905	0.0574	0.0918	0.091	0.0428	0.134	0.1076	0.0271	0.2081	0.1343
324	0.005	0.3644	0.0752	0.0622	0.0904	0.0572	0.0916	0.0907	0.0428	0.1341	0.1075	0.0271	0.2077	0.1341
325	0.0052	0.3696	0.0756	0.0623	0.0906	0.0573	0.0918	0.0908	0.0429	0.1343	0.1075	0.0271	0.2075	0.134
326	0.0053	0.3689	0.0757	0.0625	0.0908	0.0573	0.0917	0.0909	0.0427	0.1337	0.1074	0.0271	0.2073	0.1341
327	0.0049	0.3603	0.0754	0.0621	0.0905	0.057	0.0914	0.0906	0.0427	0.1339	0.1073	0.0271	0.2071	0.1339
328	0.0053	0.3604	0.0755	0.0622	0.0907	0.0571	0.0914	0.0908	0.0427	0.1344	0.1075	0.0271	0.2077	0.1341
329	0.0055	0.3672	0.0753	0.0619	0.0906	0.0573	0.0918	0.0909	0.0426	0.1339	0.1074	0.0271	0.2071	0.134
330	0.0051	0.3686	0.0753	0.0621	0.0905	0.0572	0.0917	0.0908	0.0427	0.1341	0.1073	0.0271	0.2074	0.134
331	0.0052	0.3685	0.0751	0.062	0.0905	0.0573	0.0917	0.0909	0.0428	0.1345	0.1075	0.0271	0.2076	0.1341
332	0.005	0.3639	0.0749	0.0619	0.0904	0.0572	0.0915	0.0908	0.0427	0.1345	0.1075	0.0271	0.2074	0.1341
333	0.0047	0.3688	0.075	0.0617	0.0903	0.0573	0.0917	0.0908	0.0427	0.1342	0.1074	0.0271	0.2074	0.134
334	0.0046	0.3631	0.0751	0.0617	0.0905	0.0573	0.0917	0.0909	0.0426	0.1338	0.1073	0.0271	0.2077	0.1341
335	0.0052	0.3733	0.0748	0.0613	0.0903	0.0575	0.0918	0.091	0.0425	0.1335	0.1072	0.0272	0.208	0.1342
336	0.005	0.3726	0.0748	0.0614	0.0903	0.0574	0.0914	0.0909	0.0425	0.1332	0.1071	0.0271	0.2078	0.1342
337	0.0053	0.3744	0.075	0.0616	0.0904	0.0572	0.091	0.0906	0.0424	0.1331	0.107	0.0271	0.2078	0.1341
338	0.0051	0.3675	0.0749	0.0616	0.0903	0.0572	0.091	0.0906	0.0426	0.1335	0.1071	0.0271	0.2077	0.134
339	0.0053	0.3626	0.0751	0.0618	0.0904	0.0572	0.0911	0.0906	0.0426	0.1337	0.1072	0.0271	0.2074	0.1339
340	0.0051	0.364	0.0749	0.0616	0.0903	0.0574	0.0913	0.0907	0.0427	0.134	0.1073	0.0271	0.2076	0.134
341	0.0048	0.3649	0.0748	0.0614	0.0901	0.0575	0.0915	0.0907	0.0427	0.1339	0.1072	0.0271	0.2078	0.134
342	0.0053	0.3691	0.0747	0.0612	0.0898	0.0576	0.0916	0.0907	0.0426	0.1334	0.1069	0.0271	0.2074	0.1338
343	0.0049	0.3614	0.0748	0.0614	0.0898	0.0576	0.092	0.0907	0.0425	0.1336	0.1068	0.0271	0.2073	0.1337
344	0.0053	0.3679	0.0749	0.0617	0.0899	0.0573	0.0914	0.0904	0.0426	0.1339	0.107	0.0271	0.2075	0.1337
345	0.005	0.3662	0.075	0.0617	0.0899	0.0576	0.092	0.0907	0.0426	0.1335	0.1069	0.0271	0.207	0.1336
346	0.0046	0.3547	0.075	0.0617	0.0898	0.0576	0.0918	0.0905	0.0427	0.134	0.107	0.027	0.2068	0.1334
347	0.005	0.3706	0.075	0.0616	0.0899	0.0576	0.0917	0.0906	0.0427	0.134	0.107	0.027	0.2068	0.1335
348	0.0052	0.3686	0.0749	0.0617	0.0897	0.0575	0.0916	0.0904	0.0427	0.1338	0.1068	0.027	0.2069	0.1334
349	0.0046	0.3628	0.0749	0.0615	0.0897	0.0576	0.0917	0.0905	0.0426	0.1337	0.1068	0.027	0.2071	0.1335
350	0.0047	0.3634	0.0751	0.0617	0.0899	0.0575	0.0917	0.0906	0.0426	0.1337	0.1069	0.0271	0.2074	0.1337
351	0.0049	0.3627	0.0752	0.0617	0.0901	0.0575	0.0918	0.0907	0.0426	0.1338	0.107	0.0271	0.2073	0.1337
352	0.0047	0.3644	0.0752	0.0618	0.0902	0.0575	0.0917	0.0907	0.0428	0.1342	0.1073	0.027	0.2072	0.1338
353	0.005	0.3631	0.0754	0.062	0.0904	0.0575	0.0918	0.0908	0.0427	0.1342	0.1074	0.0271	0.2073	0.1339
354	0.0051	0.3667	0.0753	0.062	0.0904	0.0576	0.092	0.0909	0.0427	0.134	0.1073	0.027	0.2071	0.1338
355	0.0051	0.3688	0.0751	0.0619	0.0901	0.0574	0.092	0.0907	0.0427	0.1339	0.1071	0.027	0.207	0.1336
356	0.0055	0.3744	0.0753	0.0619	0.09	0.0572	0.0914	0.0903	0.0426	0.1336	0.1069	0.027	0.2077	0.1336
357	0.0049	0.3704	0.0751	0.0618	0.0898	0.0571	0.0914	0.0901	0.0427	0.1336	0.1067	0.0269	0.207	0.1332
358	0.0051	0.3643	0.0752	0.062	0.0899	0.0572	0.0917	0.0903	0.0428	0.134	0.1069	0.027	0.2074	0.1333
359	0.005	0.3777	0.0747	0.0616	0.0894	0.0572	0.0916	0.0902	0.0427	0.1343	0.1069	0.027	0.2074	0.1333
360	0.0048	0.3727	0.0745	0.0616	0.0894	0.0573	0.0918	0.0903	0.0427	0.1339	0.1069	0.0269	0.2074	0.1333
361	0.0054	0.3654	0.0746	0.0616	0.0896	0.0573	0.0916	0.0904	0.0427	0.1343	0.1071	0.027	0.2073	0.1335
362	0.0051	0.3792	0.0749	0.0617	0.0896	0.0571	0.0913	0.0901	0.0427	0.1342	0.1069	0.0269	0.2071	0.1333
363	0.0051	0.369	0.0751	0.0622	0.0897	0.057	0.0912	0.09	0.0426	0.134	0.1067	0.0269	0.2066	0.133
364	0.0052	0.3725	0.0756	0.0624	0.09	0.057	0.0911	0.09	0.0425	0.1337	0.1067	0.0268	0.2062	0.1329
365	0.005	0.3712	0.0762	0.063	0.0906	0.0571	0.0913	0.0902	0.0423	0.1333	0.1066	0.0268	0.2063	0.133
366	0.0046	0.3619	0.0757	0.0627	0.0905	0.057	0.0913	0.0903	0.0424	0.1333	0.1067	0.0268	0.2065	0.1332
367	0.0051	0.365	0.0757	0.0625	0.0905	0.057	0.0913	0.0903	0.0424	0.1334	0.1067	0.0269	0.2066	0.1333
368	0.005	0.3748	0.0753	0.062	0.0902	0.0569	0.0912	0.0903	0.0423	0.133	0.1066	0.0269	0.2065	0.1332
369	0.0048	0.3654	0.0749	0.0615	0.0897	0.0565	0.0906	0.0897	0.0423	0.1329	0.1063	0.0269	0.2064	0.1329
370	0.0046	0.3643	0.0747	0.0613	0.0894	0.0566	0.0907	0.0896	0.0422	0.1327	0.106	0.0268	0.2058	0.1325
371	0.0046	0.3715	0.0747	0.0615	0.0895	0.0566	0.0904	0.0896	0.0423	0.1331	0.1062	0.0268	0.2059	0.1326
372	0.0053	0.3673	0.0748	0.0614	0.0894	0.0564	0.09	0.0893	0.0422	0.1328	0.1059	0.0268	0.2061	0.1325
373	0.005	0.3728	0.0749	0.0617	0.0893	0.0564	0.0901	0.0891	0.0421	0.1328	0.1057	0.0268	0.206	0.1323
374	0.0048	0.3674	0.0743	0.0613	0.089	0.0562	0.0897	0.089	0.042	0.1324	0.1057	0.0268	0.2061	0.1325
375	0.0049	0.3699	0.0743	0.0614	0.0891	0.0563	0.09	0.0893	0.0421	0.1324	0.1058	0.0268	0.2062	0.1326
376	0.005	0.3709	0.0741	0.0614	0.0891	0.0564	0.0901	0.0893	0.042	0.1322	0.1057	0.0269	0.2064	0.1326
377	0.0052	0.3614	0.074	0.0615	0.0887	0.0564	0.0899	0.089	0.0421	0.1325	0.1056	0.0268	0.2065	0.1323
378	0.0048	0.3751	0.0744	0.0617	0.0891	0.0564	0.0899	0.0892	0.0421	0.1323	0.1057	0.0268	0.2063	0.1324
379	0.0052	0.3668	0.0744	0.0616	0.0891	0.0565	0.0902	0.0893	0.0421	0.1322	0.1057	0.0268	0.206	0.1323
380	0.0049	0.3787	0.0745	0.0617	0.0893	0.0562	0.09	0.0892	0.042	0.1322	0.1057	0.0268	0.2055	0.1323
381	0.0053	0.3693	0.0745	0.0618	0.0893	0.0564	0.0903	0.0894	0.042	0.1321	0.1057	0.0268	0.2056	0.1324
382	0.0046	0.3649	0.0747	0.0619	0.0894	0.0563	0.0901	0.0892	0.042	0.1321	0.1057	0.0268	0.2051	0.1322
383	0.0053	0.3705	0.0743	0.0615	0.0892	0.0562	0.0899	0.0891	0.042	0.1321	0.1056	0.0268	0.2051	0.1322
384	0.0048	0.3723	0.0746	0.062	0.0895	0.0564	0.0903	0.0894	0.042	0.1319	0.1057	0.0269	0.2057	0.1325
385	0.0052	0.3654	0.0747	0.0618	0.0894	0.0565	0.0904	0.0894	0.0419	0.1317	0.1055	0.0268	0.2057	0.1323
386	0.0053	0.3707	0.0742	0.0612	0.0891	0.0564	0.0902	0.0893	0.0418	0.1313	0.1053	0.0269	0.206	0.1324
387	0.005	0.3608	0.0745	0.0618	0.0894	0.0562	0.0901	0.0893	0.0418	0.1314	0.1054	0.0268	0.2056	0.1323
388	0.0049	0.3688	0.0747	0.062	0.0897	0.0559	0.0896	0.0891	0.0418	0.1317	0.1056	0.0268	0.2053	0.1323
389	0.0045	0.3559	0.0742	0.0617	0.0895	0.0559	0.0894	0.0891	0.0419	0.1317	0.1056	0.0268	0.2055	0.1323
390	0.005	0.3653	0.0739	0.0613	0.0891	0.0562	0.0896	0.0891	0.0419	0.1319	0.1055	0.0267	0.2047	0.132
391	0.0047	0.3628	0.0735	0.0609	0.0888	0.0563	0.0899	0.0891	0.0419	0.1317	0.1054	0.0268	0.2049	0.1319
392	0.0047	0.3664	0.0733	0.0603	0.0885	0.0563	0.0899	0.0892	0.0418	0.1316	0.1053	0.0267	0.2043	0.1317
393	0.0047	0.3606	0.0734	0.0604	0.0883	0.0563	0.0902	0.089	0.0416	0.1313	0.1049	0.0267	0.2044	0.1315
394	0.0047	0.3657	0.0736	0.0605	0.0887	0.0563	0.0903	0.0893	0.0416	0.1311	0.105	0.0267	0.2043	0.1316
395	0.0053	0.3765	0.0736	0.0607	0.0889	0.0561	0.0899	0.0892	0.0416	0.1311	0.1052	0.0266	0.2036	0.1316
396	0.0047	0.3635	0.0737	0.0608	0.0886	0.056	0.0899	0.0889	0.0417	0.1313	0.105	0.0266	0.2037	0.1313
397	0.0043	0.3626	0.0734	0.0607	0.0883	0.0559	0.0898	0.0887	0.0417	0.1311	0.1048	0.0266	0.2037	0.1311
398	0.0048	0.3617	0.0732	0.0605	0.088	0.0558	0.0895	0.0884	0.0415	0.1306	0.1045	0.0265	0.2034	0.1309
399	0.0046	0.3587	0.0732	0.0603	0.088	0.0557	0.0894	0.0884	0.0415	0.1304	0.1044	0.0265	0.2033	0.1309
400	0.0046	0.3657	0.0732	0.0604	0.0881	0.0558	0.0898	0.0885	0.0415	0.1305	0.1045	0.0265	0.2035	0.131
401	0.0048	0.3633	0.0731	0.0604	0.0881	0.0557	0.0898	0.0886	0.0415	0.1307	0.1046	0.0266	0.2038	0.1311
402	0.0044	0.3642	0.073	0.0604	0.0883	0.0559	0.09	0.0889	0.0415	0.131	0.1049	0.0266	0.2045	0.1315
403	0.0051	0.3651	0.0735	0.0607	0.0884	0.0558	0.0897	0.0887	0.0416	0.1309	0.1047	0.0266	0.2045	0.1314
404	0.0047	0.3734	0.0736	0.0608	0.0884	0.0558	0.0894	0.0886	0.0416	0.131	0.1048	0.0266	0.2044	0.1313
405	0.0048	0.3669	0.0732	0.0605	0.0882	0.0557	0.089	0.0884	0.0415	0.1309	0.1047	0.0266	0.2043	0.1314
406	0.0051	0.3645	0.0733	0.0605	0.0884	0.0558	0.0892	0.0887	0.0414	0.1305	0.1048	0.0267	0.2038	0.1315
407	0.0048	0.3705	0.0735	0.0606	0.0886	0.0559	0.0896	0.0889	0.0415	0.131	0.105	0.0266	0.2034	0.1315
408	0.0047	0.3679	0.0735	0.0606	0.0887	0.0559	0.0895	0.089	0.0416	0.1317	0.1053	0.0266	0.2031	0.1315
409	0.0048	0.3661	0.0735	0.0607	0.0886	0.0559	0.0896	0.0889	0.0417	0.132	0.1054	0.0266	0.2036	0.1317
410	0.0043	0.3665	0.0733	0.0605	0.0884	0.0557	0.0893	0.0888	0.0416	0.1315	0.1051	0.0266	0.2036	0.1315
411	0.0045	0.3632	0.0735	0.0606	0.0887	0.0559	0.0895	0.0889	0.0415	0.1309	0.105	0.0266	0.2039	0.1317
412	0.005	0.3688	0.0733	0.0603	0.0884	0.0559	0.0896	0.0888	0.0415	0.1307	0.1048	0.0266	0.2038	0.1315
413	0.0046	0.3663	0.0732	0.0603	0.088	0.0559	0.0896	0.0885	0.0416	0.1311	0.1047	0.0266	0.204	0.1313
414	0.0044	0.3766	0.0733	0.0603	0.0881	0.0559	0.0895	0.0886	0.0415	0.131	0.1047	0.0267	0.2042	0.1314
415	0.0051	0.3713	0.0734	0.0604	0.0882	0.056	0.0899	0.0887	0.0415	0.1312	0.1047	0.0266	0.2042	0.1313
416	0.005	0.3691	0.0734	0.0603	0.0881	0.056	0.0896	0.0886	0.0416	0.1314	0.1048	0.0266	0.204	0.1313
417	0.0044	0.3674	0.0733	0.0602	0.088	0.0562	0.0898	0.0887	0.0416	0.1313	0.1047	0.0266	0.2037	0.1311
418	0.0049	0.3762	0.0734	0.0604	0.0883	0.0562	0.0898	0.0889	0.0416	0.1312	0.1049	0.0267	0.2042	0.1315
419	0.0047	0.3724	0.0735	0.0604	0.0882	0.0562	0.0898	0.0888	0.0415	0.1308	0.1047	0.0267	0.2044	0.1314
420	0.0048	0.3642	0.0737	0.0607	0.0885	0.0562	0.09	0.089	0.0416	0.1312	0.105	0.0266	0.2042	0.1315
421	0.0049	0.3729	0.0739	0.0608	0.0887	0.0559	0.0892	0.0887	0.0416	0.1313	0.105	0.0266	0.2041	0.1314
422	0.0041	0.3685	0.0738	0.0606	0.0884	0.0558	0.089	0.0884	0.0415	0.1313	0.1047	0.0265	0.2037	0.1311
423	0.0046	0.3638	0.0736	0.0605	0.0883	0.0557	0.0887	0.0883	0.0415	0.1309	0.1046	0.0266	0.2038	0.1312
424	0.0046	0.3774	0.0739	0.0609	0.0884	0.0557	0.0887	0.0882	0.0415	0.1312	0.1046	0.0266	0.204	0.1312
425	0.0049	0.3597	0.0739	0.0608	0.0886	0.0556	0.0885	0.0882	0.0415	0.1312	0.1047	0.0266	0.2038	0.1312
426	0.0045	0.3585	0.0742	0.0609	0.0888	0.0556	0.0883	0.0882	0.0415	0.1308	0.1046	0.0265	0.2036	0.1311
427	0.0043	0.3682	0.0738	0.0606	0.0884	0.0557	0.0883	0.0881	0.0415	0.1307	0.1045	0.0266	0.2037	0.131
428	0.0052	0.3617	0.0738	0.0604	0.0883	0.0557	0.0884	0.088	0.0415	0.1307	0.1044	0.0266	0.204	0.131
429	0.0046	0.3692	0.074	0.0606	0.0883	0.0554	0.0881	0.0877	0.0416	0.131	0.1044	0.0266	0.2038	0.1308
430	0.0049	0.3683	0.0741	0.0607	0.0886	0.0556	0.0885	0.088	0.0415	0.1309	0.1044	0.0266	0.2035	0.1309
431	0.0046	0.365	0.0744	0.0611	0.0886	0.0554	0.0884	0.0878	0.0415	0.131	0.1044	0.0266	0.2038	0.1308
432	0.0051	0.3754	0.0743	0.0612	0.0885	0.0554	0.0882	0.0877	0.0414	0.131	0.1043	0.0266	0.2036	0.1308
433	0.0043	0.3566	0.0746	0.0612	0.0887	0.0554	0.0881	0.0877	0.0415	0.1311	0.1043	0.0266	0.2037	0.1308
434	0.0043	0.374	0.0744	0.0611	0.0885	0.0552	0.088	0.0876	0.0414	0.1307	0.1041	0.0266	0.2038	0.1307
435	0.0049	0.3648	0.0742	0.0613	0.0885	0.0555	0.0883	0.0878	0.0414	0.1308	0.1041	0.0265	0.2031	0.1306
436	0.0052	0.3709	0.0744	0.0611	0.0886	0.0556	0.0885	0.088	0.0415	0.1311	0.1044	0.0265	0.2036	0.1308
437	0.0051	0.3763	0.0741	0.0611	0.0887	0.0557	0.0885	0.0883	0.0415	0.1316	0.1048	0.0266	0.2042	0.1313
438	0.0046	0.3721	0.074	0.0606	0.0886	0.0556	0.0882	0.0882	0.0414	0.1316	0.1048	0.0266	0.204	0.1313
439	0.0053	0.3658	0.0743	0.0609	0.0888	0.0556	0.0886	0.0883	0.0414	0.1314	0.1048	0.0266	0.2042	0.1314
440	0.0047	0.3802	0.0742	0.0609	0.0888	0.0557	0.0887	0.0884	0.0414	0.1314	0.1048	0.0266	0.2044	0.1314
441	0.005	0.3646	0.0743	0.0606	0.0887	0.0558	0.0887	0.0884	0.0414	0.1312	0.1047	0.0266	0.204	0.1312
442	0.0048	0.3699	0.0743	0.0606	0.0887	0.0557	0.0884	0.0882	0.0413	0.1307	0.1045	0.0266	0.2041	0.1311
443	0.0047	0.3655	0.0744	0.0607	0.0887	0.056	0.0892	0.0886	0.0413	0.1309	0.1045	0.0266	0.204	0.1312
444	0.0048	0.3753	0.0747	0.061	0.0892	0.0561	0.089	0.0888	0.0413	0.131	0.1048	0.0265	0.2037	0.1314
445	0.0044	0.3684	0.075	0.0614	0.0894	0.0562	0.0893	0.089	0.0414	0.1314	0.105	0.0265	0.2038	0.1314
446	0.0045	0.3666	0.075	0.0612	0.0895	0.0561	0.0892	0.089	0.0414	0.1311	0.105	0.0266	0.2039	0.1315
447	0.0046	0.3706	0.0744	0.0605	0.0892	0.056	0.0889	0.0889	0.0414	0.1309	0.1049	0.0265	0.2036	0.1314
448	0.0043	0.3644	0.0747	0.0608	0.0893	0.0559	0.0889	0.0888	0.0415	0.1315	0.1051	0.0265	0.2035	0.1313
449	0.0049	0.3745	0.0747	0.0608	0.0892	0.0559	0.0888	0.0887	0.0414	0.1312	0.1049	0.0265	0.2034	0.1312
450	0.0047	0.3686	0.0749	0.0609	0.0893	0.0557	0.0885	0.0885	0.0415	0.1314	0.105	0.0265	0.2035	0.1312
451	0.0051	0.3707	0.0748	0.0607	0.089	0.0557	0.0886	0.0884	0.0415	0.1312	0.1048	0.0265	0.2034	0.131
452	0.0043	0.3676	0.0749	0.0607	0.0895	0.0559	0.0892	0.089	0.0415	0.131	0.1051	0.0265	0.2038	0.1315
453	0.0045	0.3747	0.0751	0.0609	0.0895	0.0559	0.0889	0.0887	0.0415	0.1313	0.1051	0.0265	0.2037	0.1314
454	0.0046	0.3755	0.0749	0.0609	0.0893	0.0559	0.0889	0.0887	0.0416	0.1318	0.1052	0.0266	0.204	0.1315
455	0.0046	0.3562	0.0746	0.0606	0.0892	0.056	0.0891	0.0889	0.0416	0.1317	0.1053	0.0266	0.2044	0.1317
456	0.0042	0.3589	0.0745	0.0606	0.0891	0.056	0.0891	0.0888	0.0417	0.132	0.1053	0.0266	0.2047	0.1317
457	0.0049	0.3654	0.0749	0.0609	0.0895	0.0558	0.0889	0.0888	0.0416	0.1315	0.1053	0.0265	0.2043	0.1316
458	0.0048	0.3829	0.0747	0.0609	0.0894	0.0557	0.0887	0.0888	0.0416	0.1315	0.1053	0.0265	0.2044	0.1316
459	0.0047	0.3715	0.074	0.0604	0.0889	0.0556	0.0887	0.0886	0.0414	0.1309	0.1049	0.0265	0.204	0.1314
460	0.0046	0.3594	0.074	0.0606	0.0889	0.0556	0.0888	0.0886	0.0413	0.1309	0.1048	0.0265	0.2041	0.1314
461	0.0044	0.3771	0.0738	0.0606	0.0887	0.0558	0.0892	0.0887	0.0414	0.1314	0.1049	0.0265	0.2042	0.1313
462	0.0049	0.3643	0.0739	0.0606	0.0886	0.0558	0.0892	0.0885	0.0414	0.1313	0.1047	0.0265	0.204	0.1312
463	0.0046	0.3708	0.074	0.061	0.0887	0.0558	0.0891	0.0886	0.0413	0.1308	0.1046	0.0266	0.2043	0.1313
464	0.005	0.3808	0.0738	0.0609	0.0887	0.0557	0.0887	0.0884	0.0413	0.1306	0.1045	0.0265	0.204	0.1312
465	0.0043	0.3618	0.0743	0.061	0.089	0.0557	0.0888	0.0886	0.0414	0.131	0.1048	0.0266	0.2043	0.1315
466	0.0048	0.3755	0.0743	0.0607	0.0891	0.0559	0.0891	0.0889	0.0414	0.1311	0.105	0.0266	0.2045	0.1317
467	0.0047	0.3743	0.0745	0.0609	0.0894	0.0561	0.0894	0.0893	0.0415	0.1313	0.1053	0.0266	0.2048	0.132
468	0.0046	0.3727	0.0744	0.0605	0.089	0.0559	0.0892	0.0888	0.0415	0.1314	0.105	0.0266	0.2046	0.1315
469	0.0045	0.374	0.074	0.0602	0.0887	0.056	0.0895	0.0888	0.0413	0.1311	0.1047	0.0265	0.2042	0.1313
470	0.0044	0.3693	0.0739	0.0601	0.0884	0.056	0.0897	0.0888	0.0413	0.131	0.1046	0.0265	0.2041	0.1312
471	0.0042	0.368	0.0739	0.06	0.0884	0.056	0.0894	0.0887	0.0413	0.131	0.1046	0.0265	0.204	0.1311
472	0.0047	0.3664	0.074	0.0601	0.0882	0.056	0.0895	0.0884	0.0414	0.1311	0.1043	0.0265	0.2043	0.1309
473	0.0041	0.365	0.0736	0.0597	0.088	0.056	0.0894	0.0884	0.0413	0.1308	0.1043	0.0265	0.2045	0.131
474	0.0044	0.371	0.0738	0.0599	0.0883	0.0559	0.0892	0.0885	0.0413	0.1307	0.1043	0.0265	0.2045	0.131
475	0.0044	0.375	0.0736	0.0596	0.088	0.0557	0.089	0.0881	0.0413	0.1306	0.1041	0.0265	0.2046	0.1308
476	0.0043	0.3721	0.0735	0.0597	0.0878	0.0556	0.0889	0.0879	0.0411	0.1302	0.1038	0.0264	0.2039	0.1304
477	0.0047	0.3783	0.0733	0.0595	0.0877	0.0555	0.0887	0.0878	0.0412	0.1306	0.1039	0.0264	0.2037	0.1304
478	0.0042	0.3722	0.0734	0.0597	0.0878	0.0556	0.0887	0.0879	0.041	0.1297	0.1036	0.0264	0.2035	0.1304
479	0.0047	0.3583	0.0732	0.0592	0.0875	0.0556	0.0887	0.0878	0.0409	0.1297	0.1035	0.0263	0.2029	0.1301
480	0.0042	0.3762	0.0731	0.0591	0.0873	0.0555	0.0889	0.0877	0.0409	0.1297	0.1034	0.0263	0.2028	0.1299
481	0.0045	0.3685	0.0729	0.059	0.0871	0.0557	0.0892	0.0878	0.0409	0.1294	0.1032	0.0264	0.2032	0.1299
482	0.0041	0.3725	0.0728	0.0593	0.087	0.0557	0.089	0.0876	0.0409	0.1294	0.1031	0.0264	0.2028	0.1297
483	0.0042	0.3618	0.0726	0.0591	0.0868	0.0556	0.0883	0.0874	0.0407	0.1289	0.1029	0.0263	0.2024	0.1296
484	0.0047	0.3717	0.0728	0.0592	0.087	0.0555	0.0883	0.0873	0.0407	0.1289	0.1028	0.0263	0.2023	0.1295
485	0.0045	0.3689	0.0727	0.0593	0.0869	0.0554	0.0883	0.0872	0.0407	0.1289	0.1028	0.0263	0.2023	0.1295
486	0.004	0.3695	0.0727	0.0594	0.0869	0.0554	0.0884	0.0873	0.0407	0.1288	0.1027	0.0263	0.2023	0.1294
487	0.0048	0.3718	0.0728	0.0596	0.0871	0.0554	0.0883	0.0873	0.0407	0.1291	0.1028	0.0263	0.2026	0.1295
488	0.0044	0.3734	0.0729	0.0597	0.0871	0.0553	0.0881	0.0872	0.0408	0.1294	0.103	0.0263	0.2023	0.1295
489	0.0044	0.3761	0.0725	0.0595	0.0867	0.0553	0.0882	0.0871	0.0408	0.1293	0.1028	0.0263	0.2023	0.1293
490	0.0041	0.3759	0.0723	0.0594	0.0867	0.0551	0.0879	0.087	0.0406	0.1289	0.1026	0.0262	0.2022	0.1292
491	0.0046	0.3713	0.0724	0.0595	0.0866	0.0551	0.0879	0.0869	0.0406	0.1286	0.1024	0.0262	0.2021	0.1291
492	0.0044	0.3722	0.0724	0.0595	0.0868	0.0553	0.0883	0.0872	0.0406	0.1287	0.1026	0.0262	0.2025	0.1293
493	0.0046	0.3764	0.0727	0.0597	0.087	0.0553	0.088	0.0871	0.0407	0.1289	0.1028	0.0263	0.2027	0.1295
494	0.0045	0.3763	0.0725	0.0596	0.0871	0.0552	0.0881	0.0873	0.0408	0.1291	0.103	0.0263	0.2026	0.1296
495	0.0041	0.3731	0.0722	0.0592	0.0866	0.0552	0.088	0.0871	0.0408	0.1289	0.1028	0.0263	0.2031	0.1296
496	0.005	0.3769	0.0724	0.0596	0.0869	0.0552	0.0881	0.0872	0.0407	0.1291	0.1029	0.0263	0.2029	0.1296
497	0.0045	0.3724	0.0724	0.0597	0.087	0.0553	0.0883	0.0875	0.0407	0.1292	0.1031	0.0262	0.2024	0.1296
498	0.0044	0.3687	0.0723	0.0592	0.0869	0.0554	0.0884	0.0876	0.0408	0.1293	0.1032	0.0262	0.2024	0.1297
499	0.0046	0.3732	0.0722	0.059	0.0869	0.0555	0.089	0.0877	0.0408	0.1292	0.1032	0.0263	0.2025	0.1297
500	0.0045	0.3718	0.0725	0.0593	0.0871	0.0554	0.0886	0.0876	0.0407	0.1287	0.103	0.0263	0.2024	0.1297
