{"n_layers": 0, "device": "cuda", "batch_size": 2048, "embedding_dim": 1024, "learning_rate": 0.001, "dataset": "dbbook", "epochs": 150, "top_k": 50, "multimodal": true, "datasets": {"dbbook": ["images", "text"], "ml1m": ["audio", "images", "text", "video"]}}
Epoch	Loss	Recall	Precision	NDCG
1	0.6920	0.0253	0.0031	0.0132
2	0.6572	0.0439	0.0054	0.0273
3	0.6242	0.0634	0.0081	0.0433
4	0.5862	0.0862	0.0113	0.0598
5	0.5398	0.1103	0.0145	0.0740
6	0.4860	0.1299	0.0172	0.0852
7	0.4261	0.1439	0.0193	0.0932
8	0.3662	0.1551	0.0209	0.0996
9	0.3105	0.1631	0.0221	0.1037
10	0.2611	0.1685	0.0229	0.1064
11	0.2195	0.1723	0.0235	0.1085
12	0.1852	0.1772	0.0241	0.1109
13	0.1575	0.1815	0.0246	0.1130
14	0.1352	0.1830	0.0249	0.1145
15	0.1173	0.1853	0.0252	0.1154
16	0.1029	0.1878	0.0254	0.1166
17	0.0896	0.1900	0.0257	0.1179
18	0.0789	0.1902	0.0257	0.1185
19	0.0701	0.1927	0.0260	0.1196
20	0.0634	0.1943	0.0262	0.1206
21	0.0577	0.1957	0.0265	0.1215
22	0.0522	0.1969	0.0266	0.1220
23	0.0470	0.1985	0.0267	0.1231
24	0.0433	0.1991	0.0268	0.1235
25	0.0394	0.2005	0.0268	0.1242
26	0.0369	0.2015	0.0270	0.1244
27	0.0343	0.2018	0.0271	0.1244
28	0.0310	0.2031	0.0272	0.1249
29	0.0302	0.2024	0.0272	0.1250
30	0.0281	0.2028	0.0273	0.1256
31	0.0262	0.2037	0.0274	0.1260
32	0.0248	0.2041	0.0274	0.1265
33	0.0236	0.2050	0.0274	0.1268
34	0.0221	0.2056	0.0275	0.1270
35	0.0217	0.2066	0.0276	0.1272
36	0.0205	0.2076	0.0276	0.1280
37	0.0192	0.2081	0.0277	0.1285
38	0.0179	0.2085	0.0277	0.1286
39	0.0176	0.2088	0.0277	0.1286
40	0.0169	0.2090	0.0278	0.1288
41	0.0162	0.2094	0.0278	0.1290
42	0.0158	0.2097	0.0279	0.1293
43	0.0154	0.2095	0.0278	0.1293
44	0.0149	0.2093	0.0278	0.1295
45	0.0138	0.2096	0.0278	0.1296
46	0.0137	0.2098	0.0278	0.1299
47	0.0129	0.2106	0.0279	0.1303
48	0.0125	0.2099	0.0279	0.1304
49	0.0128	0.2096	0.0278	0.1305
50	0.0120	0.2103	0.0279	0.1308
51	0.0117	0.2097	0.0279	0.1307
52	0.0119	0.2094	0.0279	0.1309
53	0.0114	0.2099	0.0279	0.1310
54	0.0108	0.2103	0.0280	0.1311
55	0.0107	0.2110	0.0280	0.1313
56	0.0103	0.2115	0.0281	0.1313
57	0.0103	0.2117	0.0281	0.1316
58	0.0098	0.2118	0.0281	0.1319
59	0.0098	0.2126	0.0282	0.1323
60	0.0099	0.2132	0.0282	0.1327
61	0.0092	0.2136	0.0283	0.1329
62	0.0094	0.2130	0.0282	0.1328
63	0.0091	0.2126	0.0282	0.1327
64	0.0090	0.2127	0.0282	0.1329
65	0.0087	0.2127	0.0282	0.1332
66	0.0087	0.2130	0.0282	0.1333
67	0.0087	0.2126	0.0282	0.1334
68	0.0088	0.2121	0.0282	0.1330
69	0.0084	0.2130	0.0283	0.1336
70	0.0085	0.2137	0.0283	0.1340
71	0.0084	0.2136	0.0283	0.1340
72	0.0077	0.2137	0.0283	0.1342
73	0.0080	0.2138	0.0284	0.1344
74	0.0076	0.2138	0.0284	0.1346
75	0.0079	0.2139	0.0284	0.1349
76	0.0079	0.2145	0.0285	0.1351
77	0.0074	0.2153	0.0285	0.1354
78	0.0076	0.2150	0.0285	0.1358
79	0.0071	0.2160	0.0286	0.1361
80	0.0075	0.2158	0.0286	0.1363
81	0.0065	0.2159	0.0285	0.1364
82	0.0072	0.2166	0.0287	0.1366
83	0.0070	0.2158	0.0286	0.1364
84	0.0071	0.2154	0.0285	0.1359
85	0.0072	0.2150	0.0285	0.1355
86	0.0069	0.2152	0.0285	0.1355
87	0.0069	0.2151	0.0285	0.1356
88	0.0066	0.2146	0.0284	0.1351
89	0.0065	0.2146	0.0284	0.1353
90	0.0070	0.2147	0.0284	0.1352
91	0.0068	0.2147	0.0285	0.1352
92	0.0064	0.2151	0.0285	0.1356
93	0.0065	0.2151	0.0286	0.1359
94	0.0067	0.2152	0.0285	0.1361
95	0.0066	0.2159	0.0286	0.1363
96	0.0061	0.2158	0.0286	0.1364
97	0.0066	0.2160	0.0285	0.1366
98	0.0062	0.2163	0.0286	0.1368
99	0.0061	0.2162	0.0286	0.1364
100	0.0063	0.2161	0.0286	0.1366
101	0.0065	0.2167	0.0287	0.1367
102	0.0065	0.2170	0.0287	0.1366
103	0.0064	0.2163	0.0286	0.1365
104	0.0060	0.2163	0.0286	0.1367
105	0.0060	0.2168	0.0287	0.1366
106	0.0058	0.2163	0.0286	0.1364
107	0.0066	0.2161	0.0286	0.1363
108	0.0064	0.2159	0.0285	0.1360
109	0.0062	0.2166	0.0286	0.1362
110	0.0063	0.2163	0.0285	0.1364
111	0.0057	0.2170	0.0286	0.1365
112	0.0061	0.2165	0.0285	0.1362
113	0.0056	0.2161	0.0285	0.1360
114	0.0054	0.2163	0.0285	0.1356
115	0.0059	0.2158	0.0285	0.1357
116	0.0061	0.2168	0.0286	0.1359
117	0.0059	0.2168	0.0286	0.1359
118	0.0065	0.2168	0.0286	0.1358
119	0.0059	0.2165	0.0285	0.1355
120	0.0055	0.2162	0.0285	0.1354
121	0.0061	0.2158	0.0285	0.1353
122	0.0057	0.2154	0.0284	0.1354
123	0.0060	0.2151	0.0285	0.1353
124	0.0058	0.2146	0.0284	0.1353
125	0.0056	0.2144	0.0284	0.1353
126	0.0059	0.2139	0.0284	0.1351
127	0.0058	0.2137	0.0284	0.1353
128	0.0061	0.2145	0.0284	0.1354
129	0.0059	0.2148	0.0284	0.1355
130	0.0060	0.2142	0.0283	0.1352
131	0.0060	0.2143	0.0284	0.1354
132	0.0060	0.2156	0.0285	0.1359
133	0.0055	0.2156	0.0285	0.1360
134	0.0054	0.2159	0.0285	0.1361
135	0.0063	0.2158	0.0285	0.1366
136	0.0060	0.2156	0.0285	0.1367
137	0.0060	0.2154	0.0285	0.1367
138	0.0059	0.2159	0.0285	0.1369
139	0.0060	0.2168	0.0286	0.1375
140	0.0055	0.2164	0.0286	0.1375
141	0.0056	0.2165	0.0286	0.1381
142	0.0052	0.2164	0.0286	0.1380
143	0.0056	0.2160	0.0285	0.1376
144	0.0057	0.2168	0.0285	0.1377
145	0.0061	0.2163	0.0285	0.1373
146	0.0051	0.2162	0.0285	0.1373
147	0.0059	0.2158	0.0284	0.1373
148	0.0055	0.2165	0.0285	0.1372
149	0.0057	0.2170	0.0285	0.1376
150	0.0056	0.2173	0.0286	0.1377
