{"n_layers": 0, "device": "cuda", "batch_size": 2048, "embedding_dim": 1024, "learning_rate": 0.001, "dataset": "dbbook", "epochs": 150, "top_k": 50, "multimodal": true, "datasets": {"dbbook": ["images", "text"], "ml1m": ["audio", "images", "text", "video"]}}
Epoch	Loss	Recall	Precision	NDCG
1	0.6931	0.0132	0.0017	0.0059
2	0.6849	0.0255	0.0035	0.0151
3	0.6755	0.0705	0.0096	0.0471
4	0.6607	0.1279	0.0174	0.0827
5	0.6370	0.1642	0.0225	0.1037
6	0.6012	0.1814	0.0250	0.1125
7	0.5520	0.1895	0.0262	0.1172
8	0.4918	0.1929	0.0266	0.1185
9	0.4268	0.1951	0.0268	0.1194
10	0.3650	0.1957	0.0270	0.1202
11	0.3111	0.1978	0.0272	0.1214
12	0.2652	0.1988	0.0274	0.1225
13	0.2276	0.2000	0.0275	0.1235
14	0.1969	0.2010	0.0276	0.1246
15	0.1709	0.2030	0.0279	0.1260
16	0.1501	0.2056	0.0282	0.1274
17	0.1322	0.2079	0.0284	0.1289
18	0.1164	0.2093	0.0285	0.1296
19	0.1037	0.2101	0.0286	0.1302
20	0.0934	0.2112	0.0287	0.1308
21	0.0831	0.2127	0.0288	0.1317
22	0.0754	0.2133	0.0289	0.1323
23	0.0694	0.2141	0.0290	0.1330
24	0.0617	0.2162	0.0292	0.1338
25	0.0570	0.2175	0.0293	0.1348
26	0.0520	0.2185	0.0294	0.1356
27	0.0483	0.2200	0.0295	0.1363
28	0.0447	0.2201	0.0295	0.1366
29	0.0419	0.2203	0.0295	0.1368
30	0.0386	0.2207	0.0295	0.1368
31	0.0358	0.2206	0.0295	0.1369
32	0.0341	0.2204	0.0295	0.1369
33	0.0316	0.2223	0.0297	0.1372
34	0.0301	0.2226	0.0298	0.1377
35	0.0285	0.2224	0.0298	0.1380
36	0.0274	0.2226	0.0298	0.1383
37	0.0257	0.2227	0.0298	0.1386
38	0.0242	0.2225	0.0297	0.1387
39	0.0235	0.2229	0.0298	0.1388
40	0.0219	0.2226	0.0298	0.1390
41	0.0213	0.2235	0.0298	0.1396
42	0.0211	0.2238	0.0299	0.1402
43	0.0200	0.2239	0.0299	0.1404
44	0.0194	0.2238	0.0299	0.1406
45	0.0188	0.2236	0.0298	0.1407
46	0.0178	0.2240	0.0298	0.1413
47	0.0171	0.2244	0.0299	0.1418
48	0.0167	0.2247	0.0299	0.1421
49	0.0160	0.2251	0.0299	0.1423
50	0.0160	0.2250	0.0299	0.1424
51	0.0150	0.2250	0.0299	0.1421
52	0.0149	0.2249	0.0299	0.1421
53	0.0145	0.2251	0.0298	0.1419
54	0.0143	0.2249	0.0298	0.1417
55	0.0137	0.2251	0.0298	0.1420
56	0.0130	0.2259	0.0299	0.1427
57	0.0129	0.2254	0.0299	0.1426
58	0.0126	0.2258	0.0299	0.1424
59	0.0123	0.2256	0.0299	0.1423
60	0.0121	0.2252	0.0298	0.1423
61	0.0124	0.2256	0.0299	0.1424
62	0.0115	0.2255	0.0299	0.1424
63	0.0117	0.2261	0.0299	0.1423
64	0.0116	0.2264	0.0299	0.1422
65	0.0114	0.2263	0.0299	0.1419
66	0.0115	0.2262	0.0299	0.1419
67	0.0109	0.2264	0.0300	0.1424
68	0.0106	0.2274	0.0301	0.1426
69	0.0102	0.2268	0.0300	0.1424
70	0.0104	0.2271	0.0301	0.1428
71	0.0101	0.2273	0.0301	0.1432
72	0.0102	0.2283	0.0302	0.1436
73	0.0099	0.2278	0.0301	0.1432
74	0.0101	0.2282	0.0302	0.1434
75	0.0098	0.2279	0.0302	0.1437
76	0.0097	0.2274	0.0301	0.1436
77	0.0094	0.2277	0.0301	0.1438
78	0.0093	0.2277	0.0301	0.1436
79	0.0092	0.2274	0.0301	0.1437
80	0.0094	0.2270	0.0301	0.1434
81	0.0091	0.2274	0.0301	0.1436
82	0.0091	0.2275	0.0301	0.1435
83	0.0091	0.2272	0.0301	0.1435
84	0.0092	0.2265	0.0300	0.1431
85	0.0090	0.2265	0.0300	0.1433
86	0.0086	0.2267	0.0300	0.1436
87	0.0090	0.2272	0.0300	0.1437
88	0.0088	0.2268	0.0299	0.1435
89	0.0089	0.2267	0.0299	0.1433
90	0.0086	0.2268	0.0299	0.1431
91	0.0084	0.2264	0.0299	0.1430
92	0.0083	0.2261	0.0299	0.1432
93	0.0082	0.2266	0.0300	0.1435
94	0.0081	0.2266	0.0300	0.1433
95	0.0087	0.2260	0.0299	0.1430
96	0.0084	0.2260	0.0299	0.1428
97	0.0081	0.2261	0.0299	0.1428
98	0.0079	0.2263	0.0299	0.1429
99	0.0086	0.2255	0.0298	0.1426
100	0.0081	0.2250	0.0298	0.1426
101	0.0081	0.2252	0.0298	0.1427
102	0.0079	0.2253	0.0298	0.1430
103	0.0077	0.2252	0.0298	0.1429
104	0.0080	0.2249	0.0298	0.1428
105	0.0077	0.2243	0.0297	0.1427
106	0.0080	0.2246	0.0298	0.1428
107	0.0077	0.2247	0.0298	0.1428
108	0.0076	0.2248	0.0298	0.1428
109	0.0077	0.2244	0.0298	0.1425
110	0.0077	0.2243	0.0298	0.1423
111	0.0081	0.2243	0.0297	0.1424
112	0.0074	0.2240	0.0297	0.1424
113	0.0078	0.2246	0.0298	0.1425
114	0.0075	0.2244	0.0298	0.1424
115	0.0077	0.2248	0.0297	0.1426
116	0.0081	0.2239	0.0296	0.1421
117	0.0072	0.2236	0.0296	0.1419
118	0.0075	0.2233	0.0296	0.1418
119	0.0075	0.2233	0.0296	0.1418
120	0.0077	0.2237	0.0296	0.1418
121	0.0075	0.2238	0.0295	0.1415
122	0.0072	0.2234	0.0295	0.1412
123	0.0076	0.2230	0.0295	0.1412
124	0.0069	0.2229	0.0294	0.1409
125	0.0073	0.2225	0.0294	0.1408
126	0.0075	0.2227	0.0294	0.1409
127	0.0079	0.2220	0.0294	0.1408
128	0.0074	0.2223	0.0293	0.1405
129	0.0071	0.2218	0.0294	0.1403
130	0.0074	0.2226	0.0294	0.1406
131	0.0068	0.2224	0.0294	0.1406
132	0.0070	0.2229	0.0294	0.1408
133	0.0072	0.2233	0.0295	0.1408
134	0.0072	0.2231	0.0295	0.1408
135	0.0071	0.2228	0.0295	0.1407
136	0.0073	0.2225	0.0294	0.1405
137	0.0074	0.2226	0.0295	0.1405
138	0.0075	0.2228	0.0295	0.1406
139	0.0070	0.2231	0.0296	0.1406
140	0.0070	0.2230	0.0296	0.1408
141	0.0071	0.2229	0.0296	0.1408
142	0.0072	0.2229	0.0296	0.1407
143	0.0074	0.2231	0.0296	0.1405
144	0.0070	0.2231	0.0296	0.1406
145	0.0071	0.2226	0.0295	0.1405
146	0.0074	0.2222	0.0295	0.1406
147	0.0072	0.2225	0.0295	0.1404
148	0.0072	0.2227	0.0295	0.1403
149	0.0068	0.2231	0.0295	0.1406
150	0.0075	0.2221	0.0294	0.1403
