{"n_layers": 1, "device": "cuda", "batch_size": 2048, "embedding_dim": 1024, "learning_rate": 0.0005, "dataset": "dbbook", "epochs": 150, "top_k": 5, "multimodal": false, "datasets": {"dbbook": ["images", "text"], "ml1m": ["audio", "images", "text", "video"]}}
Epoch	Loss	Recall	Precision	NDCG
1	0.6871	0.0117	0.0152	0.0179
2	0.6801	0.0282	0.0357	0.0393
3	0.6673	0.0303	0.0389	0.0410
4	0.6428	0.0288	0.0371	0.0384
5	0.6012	0.0277	0.0360	0.0366
6	0.5429	0.0269	0.0356	0.0359
7	0.4763	0.0261	0.0348	0.0349
8	0.4127	0.0269	0.0357	0.0356
9	0.3573	0.0264	0.0355	0.0355
10	0.3139	0.0266	0.0358	0.0360
11	0.2766	0.0270	0.0363	0.0367
12	0.2467	0.0280	0.0373	0.0377
13	0.2215	0.0288	0.0380	0.0386
14	0.2023	0.0298	0.0390	0.0399
15	0.1836	0.0307	0.0399	0.0408
16	0.1663	0.0313	0.0407	0.0417
17	0.1504	0.0318	0.0412	0.0426
18	0.1387	0.0330	0.0428	0.0444
19	0.1297	0.0337	0.0436	0.0454
20	0.1173	0.0345	0.0447	0.0469
21	0.1112	0.0353	0.0454	0.0481
22	0.1020	0.0353	0.0453	0.0482
23	0.0949	0.0355	0.0459	0.0489
24	0.0881	0.0368	0.0474	0.0507
25	0.0838	0.0373	0.0478	0.0514
26	0.0761	0.0373	0.0478	0.0517
27	0.0720	0.0377	0.0484	0.0523
28	0.0689	0.0383	0.0491	0.0533
29	0.0625	0.0386	0.0493	0.0541
30	0.0607	0.0389	0.0498	0.0548
31	0.0578	0.0397	0.0504	0.0557
32	0.0547	0.0398	0.0505	0.0558
33	0.0512	0.0403	0.0513	0.0566
34	0.0503	0.0407	0.0518	0.0574
35	0.0473	0.0414	0.0525	0.0582
36	0.0445	0.0417	0.0529	0.0584
37	0.0432	0.0421	0.0531	0.0588
38	0.0401	0.0422	0.0534	0.0593
39	0.0383	0.0424	0.0534	0.0593
40	0.0366	0.0424	0.0538	0.0599
41	0.0362	0.0432	0.0549	0.0610
42	0.0346	0.0442	0.0557	0.0618
43	0.0326	0.0445	0.0560	0.0623
44	0.0322	0.0446	0.0562	0.0625
45	0.0312	0.0450	0.0566	0.0629
46	0.0301	0.0456	0.0571	0.0637
47	0.0289	0.0460	0.0574	0.0642
48	0.0280	0.0457	0.0572	0.0643
49	0.0274	0.0464	0.0579	0.0650
50	0.0260	0.0468	0.0583	0.0652
51	0.0262	0.0466	0.0581	0.0650
52	0.0246	0.0469	0.0584	0.0652
53	0.0239	0.0466	0.0581	0.0650
54	0.0241	0.0465	0.0584	0.0652
55	0.0215	0.0466	0.0583	0.0654
56	0.0219	0.0468	0.0588	0.0658
57	0.0215	0.0470	0.0590	0.0662
58	0.0209	0.0470	0.0591	0.0663
59	0.0196	0.0471	0.0591	0.0664
60	0.0202	0.0472	0.0591	0.0666
61	0.0194	0.0473	0.0592	0.0667
62	0.0194	0.0476	0.0595	0.0668
63	0.0181	0.0477	0.0596	0.0670
64	0.0185	0.0479	0.0599	0.0674
65	0.0173	0.0484	0.0603	0.0679
66	0.0177	0.0483	0.0602	0.0679
67	0.0168	0.0482	0.0601	0.0680
68	0.0166	0.0483	0.0603	0.0684
69	0.0160	0.0484	0.0604	0.0685
70	0.0155	0.0486	0.0607	0.0689
71	0.0162	0.0485	0.0606	0.0689
72	0.0153	0.0488	0.0610	0.0694
73	0.0151	0.0488	0.0610	0.0694
74	0.0156	0.0490	0.0615	0.0696
75	0.0142	0.0492	0.0614	0.0697
76	0.0146	0.0490	0.0613	0.0696
77	0.0142	0.0489	0.0613	0.0696
78	0.0132	0.0489	0.0612	0.0697
79	0.0134	0.0487	0.0610	0.0696
80	0.0134	0.0487	0.0610	0.0698
81	0.0137	0.0493	0.0615	0.0702
82	0.0132	0.0496	0.0619	0.0707
83	0.0129	0.0498	0.0620	0.0708
84	0.0128	0.0496	0.0620	0.0708
85	0.0120	0.0496	0.0620	0.0710
86	0.0125	0.0495	0.0619	0.0710
87	0.0116	0.0499	0.0623	0.0713
88	0.0122	0.0501	0.0623	0.0714
89	0.0125	0.0502	0.0626	0.0716
90	0.0115	0.0502	0.0628	0.0719
91	0.0116	0.0504	0.0629	0.0719
92	0.0114	0.0504	0.0629	0.0719
93	0.0116	0.0505	0.0631	0.0721
94	0.0111	0.0502	0.0627	0.0719
95	0.0112	0.0500	0.0621	0.0715
96	0.0107	0.0495	0.0618	0.0710
97	0.0099	0.0497	0.0622	0.0713
98	0.0106	0.0499	0.0623	0.0713
99	0.0104	0.0501	0.0628	0.0717
100	0.0106	0.0504	0.0630	0.0720
101	0.0105	0.0505	0.0631	0.0720
102	0.0101	0.0504	0.0628	0.0719
103	0.0103	0.0503	0.0627	0.0719
104	0.0097	0.0500	0.0624	0.0718
105	0.0097	0.0498	0.0623	0.0717
106	0.0096	0.0497	0.0622	0.0715
107	0.0093	0.0499	0.0623	0.0716
108	0.0096	0.0502	0.0627	0.0720
109	0.0096	0.0501	0.0628	0.0722
110	0.0093	0.0504	0.0631	0.0725
111	0.0092	0.0505	0.0632	0.0725
112	0.0093	0.0505	0.0631	0.0726
113	0.0090	0.0502	0.0628	0.0723
114	0.0088	0.0504	0.0632	0.0728
115	0.0083	0.0504	0.0630	0.0726
116	0.0085	0.0506	0.0632	0.0727
117	0.0089	0.0506	0.0629	0.0724
118	0.0087	0.0509	0.0633	0.0728
119	0.0087	0.0508	0.0628	0.0727
120	0.0088	0.0508	0.0628	0.0725
121	0.0087	0.0512	0.0632	0.0728
122	0.0086	0.0515	0.0632	0.0731
123	0.0086	0.0515	0.0630	0.0728
124	0.0082	0.0512	0.0629	0.0728
125	0.0086	0.0514	0.0631	0.0733
126	0.0077	0.0514	0.0632	0.0730
127	0.0086	0.0511	0.0628	0.0726
128	0.0080	0.0509	0.0626	0.0727
129	0.0078	0.0509	0.0626	0.0727
130	0.0078	0.0510	0.0626	0.0730
131	0.0078	0.0511	0.0629	0.0733
132	0.0080	0.0507	0.0625	0.0729
133	0.0080	0.0506	0.0624	0.0729
134	0.0078	0.0509	0.0626	0.0732
135	0.0079	0.0515	0.0630	0.0734
136	0.0081	0.0514	0.0629	0.0732
137	0.0082	0.0513	0.0630	0.0731
138	0.0076	0.0505	0.0620	0.0723
139	0.0075	0.0510	0.0626	0.0727
140	0.0073	0.0510	0.0628	0.0725
141	0.0074	0.0506	0.0623	0.0723
142	0.0077	0.0504	0.0622	0.0721
143	0.0071	0.0506	0.0623	0.0722
144	0.0075	0.0504	0.0622	0.0720
145	0.0078	0.0506	0.0623	0.0720
146	0.0075	0.0506	0.0622	0.0719
147	0.0076	0.0509	0.0625	0.0723
148	0.0076	0.0508	0.0622	0.0723
149	0.0069	0.0505	0.0616	0.0717
150	0.0070	0.0504	0.0616	0.0719
