{"n_layers": 1, "device": "cuda", "batch_size": 2048, "embedding_dim": 128, "learning_rate": 0.0005, "dataset": "dbbook", "epochs": 150, "top_k": 20, "multimodal": false, "datasets": {"dbbook": ["images", "text"], "ml1m": ["audio", "images", "text", "video"]}}
Epoch	Loss	Recall	Precision	NDCG
1	0.6923	0.0102	0.0036	0.0075
2	0.6915	0.0275	0.0100	0.0217
3	0.6899	0.0540	0.0194	0.0389
4	0.6870	0.0671	0.0240	0.0466
5	0.6815	0.0694	0.0250	0.0481
6	0.6723	0.0697	0.0251	0.0486
7	0.6581	0.0693	0.0247	0.0481
8	0.6389	0.0686	0.0246	0.0474
9	0.6147	0.0683	0.0244	0.0465
10	0.5866	0.0675	0.0241	0.0460
11	0.5566	0.0668	0.0240	0.0455
12	0.5258	0.0658	0.0238	0.0449
13	0.4964	0.0659	0.0238	0.0448
14	0.4688	0.0661	0.0239	0.0450
15	0.4435	0.0666	0.0240	0.0453
16	0.4195	0.0668	0.0240	0.0453
17	0.3983	0.0669	0.0240	0.0455
18	0.3793	0.0671	0.0242	0.0458
19	0.3640	0.0677	0.0243	0.0460
20	0.3475	0.0681	0.0245	0.0464
21	0.3337	0.0689	0.0247	0.0469
22	0.3235	0.0692	0.0248	0.0473
23	0.3093	0.0698	0.0249	0.0478
24	0.2998	0.0707	0.0252	0.0484
25	0.2903	0.0711	0.0254	0.0487
26	0.2795	0.0719	0.0257	0.0494
27	0.2672	0.0727	0.0259	0.0498
28	0.2636	0.0732	0.0261	0.0501
29	0.2570	0.0745	0.0264	0.0508
30	0.2486	0.0747	0.0266	0.0513
31	0.2407	0.0755	0.0268	0.0518
32	0.2326	0.0758	0.0270	0.0522
33	0.2285	0.0767	0.0273	0.0526
34	0.2205	0.0772	0.0274	0.0531
35	0.2152	0.0773	0.0275	0.0535
36	0.2099	0.0779	0.0277	0.0538
37	0.2022	0.0784	0.0279	0.0542
38	0.1986	0.0792	0.0281	0.0548
39	0.1926	0.0796	0.0282	0.0552
40	0.1873	0.0802	0.0284	0.0555
41	0.1843	0.0806	0.0285	0.0559
42	0.1781	0.0811	0.0286	0.0563
43	0.1737	0.0818	0.0288	0.0569
44	0.1709	0.0824	0.0290	0.0574
45	0.1656	0.0826	0.0292	0.0578
46	0.1634	0.0829	0.0293	0.0581
47	0.1578	0.0840	0.0295	0.0587
48	0.1533	0.0848	0.0298	0.0590
49	0.1497	0.0857	0.0300	0.0595
50	0.1490	0.0866	0.0302	0.0600
51	0.1452	0.0876	0.0304	0.0607
52	0.1419	0.0882	0.0306	0.0613
53	0.1391	0.0886	0.0308	0.0616
54	0.1356	0.0889	0.0309	0.0620
55	0.1311	0.0896	0.0312	0.0626
56	0.1262	0.0907	0.0315	0.0632
57	0.1278	0.0910	0.0317	0.0634
58	0.1229	0.0909	0.0317	0.0636
59	0.1214	0.0914	0.0319	0.0640
60	0.1190	0.0925	0.0322	0.0647
61	0.1164	0.0927	0.0321	0.0649
62	0.1148	0.0935	0.0323	0.0654
63	0.1098	0.0935	0.0323	0.0656
64	0.1092	0.0939	0.0324	0.0660
65	0.1075	0.0938	0.0325	0.0662
66	0.1032	0.0948	0.0328	0.0667
67	0.1025	0.0949	0.0328	0.0670
68	0.0985	0.0948	0.0329	0.0670
69	0.0999	0.0951	0.0330	0.0673
70	0.0974	0.0956	0.0330	0.0677
71	0.0969	0.0961	0.0332	0.0681
72	0.0936	0.0968	0.0334	0.0686
73	0.0926	0.0970	0.0335	0.0689
74	0.0904	0.0975	0.0336	0.0693
75	0.0908	0.0976	0.0337	0.0695
76	0.0873	0.0976	0.0338	0.0697
77	0.0865	0.0979	0.0338	0.0699
78	0.0857	0.0981	0.0339	0.0701
79	0.0821	0.0980	0.0339	0.0702
80	0.0805	0.0981	0.0339	0.0703
81	0.0787	0.0987	0.0340	0.0706
82	0.0789	0.0985	0.0340	0.0707
83	0.0771	0.0985	0.0340	0.0709
84	0.0788	0.0988	0.0341	0.0712
85	0.0749	0.0993	0.0342	0.0714
86	0.0755	0.0997	0.0344	0.0718
87	0.0715	0.0999	0.0344	0.0722
88	0.0695	0.1002	0.0345	0.0725
89	0.0702	0.1003	0.0345	0.0725
90	0.0681	0.1007	0.0346	0.0728
91	0.0682	0.1014	0.0348	0.0732
92	0.0668	0.1014	0.0349	0.0734
93	0.0657	0.1011	0.0348	0.0735
94	0.0661	0.1015	0.0349	0.0738
95	0.0634	0.1020	0.0350	0.0740
96	0.0619	0.1020	0.0350	0.0742
97	0.0626	0.1017	0.0349	0.0741
98	0.0612	0.1017	0.0349	0.0743
99	0.0605	0.1020	0.0350	0.0744
100	0.0575	0.1021	0.0350	0.0745
101	0.0589	0.1023	0.0350	0.0746
102	0.0572	0.1026	0.0351	0.0749
103	0.0565	0.1028	0.0351	0.0752
104	0.0562	0.1035	0.0353	0.0755
105	0.0557	0.1039	0.0353	0.0758
106	0.0544	0.1038	0.0354	0.0759
107	0.0538	0.1043	0.0355	0.0763
108	0.0531	0.1047	0.0356	0.0767
109	0.0519	0.1049	0.0357	0.0768
110	0.0522	0.1051	0.0358	0.0770
111	0.0498	0.1053	0.0359	0.0772
112	0.0512	0.1053	0.0359	0.0773
113	0.0474	0.1055	0.0360	0.0776
114	0.0496	0.1057	0.0360	0.0778
115	0.0465	0.1060	0.0361	0.0780
116	0.0479	0.1061	0.0361	0.0781
117	0.0464	0.1063	0.0362	0.0783
118	0.0469	0.1064	0.0362	0.0784
119	0.0464	0.1068	0.0363	0.0786
120	0.0449	0.1068	0.0363	0.0786
121	0.0450	0.1071	0.0364	0.0790
122	0.0443	0.1071	0.0364	0.0791
123	0.0432	0.1073	0.0364	0.0791
124	0.0428	0.1074	0.0365	0.0793
125	0.0418	0.1075	0.0365	0.0795
126	0.0428	0.1077	0.0366	0.0796
127	0.0416	0.1079	0.0367	0.0798
128	0.0416	0.1080	0.0366	0.0799
129	0.0404	0.1080	0.0366	0.0800
130	0.0409	0.1085	0.0367	0.0803
131	0.0395	0.1087	0.0368	0.0805
132	0.0399	0.1088	0.0368	0.0806
133	0.0380	0.1095	0.0370	0.0808
134	0.0382	0.1095	0.0370	0.0810
135	0.0378	0.1096	0.0370	0.0810
136	0.0378	0.1098	0.0370	0.0813
137	0.0365	0.1098	0.0371	0.0813
138	0.0365	0.1100	0.0371	0.0814
139	0.0364	0.1099	0.0371	0.0815
140	0.0372	0.1104	0.0373	0.0817
141	0.0366	0.1106	0.0373	0.0819
142	0.0343	0.1106	0.0373	0.0820
143	0.0349	0.1105	0.0373	0.0821
144	0.0352	0.1104	0.0372	0.0822
145	0.0336	0.1102	0.0372	0.0822
146	0.0349	0.1102	0.0372	0.0824
147	0.0344	0.1104	0.0372	0.0826
148	0.0327	0.1106	0.0372	0.0827
149	0.0336	0.1107	0.0372	0.0828
150	0.0329	0.1109	0.0372	0.0829
