{"n_layers": 2, "device": "cuda", "batch_size": 2048, "embedding_dim": 128, "learning_rate": 0.0005, "dataset": "dbbook", "epochs": 150, "top_k": 10, "multimodal": true, "datasets": {"dbbook": ["images", "text"], "ml1m": ["audio", "images", "text", "video"]}}
Epoch	Loss	Recall	Precision	NDCG
1	0.6927	0.0073	0.0050	0.0070
2	0.6915	0.0213	0.0139	0.0211
3	0.6901	0.0383	0.0259	0.0373
4	0.6881	0.0499	0.0337	0.0458
5	0.6853	0.0516	0.0357	0.0466
6	0.6811	0.0485	0.0344	0.0435
7	0.6753	0.0465	0.0330	0.0407
8	0.6672	0.0446	0.0316	0.0384
9	0.6566	0.0425	0.0300	0.0362
10	0.6432	0.0412	0.0291	0.0345
11	0.6272	0.0394	0.0279	0.0329
12	0.6085	0.0382	0.0272	0.0318
13	0.5885	0.0370	0.0266	0.0308
14	0.5668	0.0367	0.0263	0.0305
15	0.5443	0.0355	0.0256	0.0299
16	0.5221	0.0346	0.0251	0.0293
17	0.5012	0.0346	0.0250	0.0293
18	0.4797	0.0346	0.0251	0.0292
19	0.4625	0.0344	0.0250	0.0293
20	0.4448	0.0341	0.0249	0.0292
21	0.4279	0.0342	0.0250	0.0291
22	0.4135	0.0343	0.0252	0.0292
23	0.4002	0.0344	0.0252	0.0293
24	0.3862	0.0342	0.0251	0.0294
25	0.3778	0.0346	0.0254	0.0296
26	0.3655	0.0348	0.0255	0.0298
27	0.3568	0.0349	0.0255	0.0299
28	0.3467	0.0350	0.0256	0.0300
29	0.3411	0.0353	0.0258	0.0302
30	0.3303	0.0353	0.0259	0.0303
31	0.3234	0.0357	0.0260	0.0306
32	0.3170	0.0355	0.0260	0.0307
33	0.3122	0.0361	0.0263	0.0311
34	0.3046	0.0363	0.0265	0.0313
35	0.2986	0.0365	0.0267	0.0315
36	0.2953	0.0367	0.0269	0.0317
37	0.2905	0.0372	0.0272	0.0320
38	0.2866	0.0371	0.0273	0.0323
39	0.2787	0.0374	0.0275	0.0325
40	0.2766	0.0377	0.0277	0.0327
41	0.2686	0.0382	0.0280	0.0331
42	0.2663	0.0388	0.0283	0.0335
43	0.2618	0.0391	0.0285	0.0338
44	0.2565	0.0396	0.0289	0.0343
45	0.2515	0.0398	0.0290	0.0344
46	0.2510	0.0403	0.0294	0.0347
47	0.2487	0.0408	0.0297	0.0351
48	0.2400	0.0414	0.0301	0.0355
49	0.2411	0.0415	0.0302	0.0357
50	0.2411	0.0418	0.0304	0.0359
51	0.2304	0.0418	0.0303	0.0360
52	0.2280	0.0423	0.0306	0.0363
53	0.2290	0.0427	0.0308	0.0367
54	0.2213	0.0427	0.0309	0.0369
55	0.2211	0.0429	0.0310	0.0371
56	0.2168	0.0430	0.0311	0.0374
57	0.2169	0.0433	0.0314	0.0378
58	0.2130	0.0436	0.0316	0.0380
59	0.2113	0.0442	0.0318	0.0383
60	0.2042	0.0444	0.0320	0.0386
61	0.2028	0.0448	0.0322	0.0388
62	0.2011	0.0450	0.0323	0.0391
63	0.1958	0.0450	0.0324	0.0392
64	0.1956	0.0451	0.0325	0.0394
65	0.1951	0.0451	0.0326	0.0397
66	0.1882	0.0453	0.0327	0.0399
67	0.1873	0.0455	0.0329	0.0402
68	0.1863	0.0457	0.0330	0.0404
69	0.1829	0.0459	0.0331	0.0406
70	0.1810	0.0458	0.0330	0.0406
71	0.1808	0.0460	0.0331	0.0409
72	0.1780	0.0462	0.0333	0.0411
73	0.1728	0.0464	0.0334	0.0412
74	0.1700	0.0464	0.0334	0.0414
75	0.1675	0.0469	0.0336	0.0417
76	0.1685	0.0472	0.0338	0.0420
77	0.1665	0.0478	0.0341	0.0424
78	0.1636	0.0483	0.0344	0.0427
79	0.1650	0.0484	0.0345	0.0430
80	0.1618	0.0489	0.0347	0.0434
81	0.1559	0.0491	0.0347	0.0435
82	0.1562	0.0495	0.0351	0.0439
83	0.1553	0.0502	0.0354	0.0444
84	0.1550	0.0505	0.0356	0.0447
85	0.1532	0.0510	0.0358	0.0451
86	0.1496	0.0514	0.0360	0.0453
87	0.1452	0.0519	0.0364	0.0457
88	0.1488	0.0522	0.0364	0.0460
89	0.1425	0.0525	0.0366	0.0463
90	0.1395	0.0529	0.0368	0.0465
91	0.1443	0.0532	0.0371	0.0469
92	0.1404	0.0538	0.0374	0.0472
93	0.1392	0.0538	0.0374	0.0473
94	0.1390	0.0542	0.0376	0.0476
95	0.1365	0.0545	0.0377	0.0479
96	0.1345	0.0548	0.0379	0.0482
97	0.1344	0.0552	0.0382	0.0484
98	0.1319	0.0552	0.0383	0.0485
99	0.1298	0.0551	0.0383	0.0486
100	0.1279	0.0555	0.0385	0.0489
101	0.1309	0.0560	0.0387	0.0492
102	0.1301	0.0562	0.0390	0.0494
103	0.1250	0.0560	0.0388	0.0494
104	0.1243	0.0560	0.0387	0.0494
105	0.1229	0.0560	0.0387	0.0496
106	0.1217	0.0562	0.0390	0.0500
107	0.1208	0.0565	0.0392	0.0501
108	0.1189	0.0562	0.0391	0.0501
109	0.1195	0.0561	0.0391	0.0501
110	0.1145	0.0563	0.0391	0.0502
111	0.1153	0.0569	0.0393	0.0505
112	0.1152	0.0572	0.0394	0.0506
113	0.1151	0.0570	0.0393	0.0506
114	0.1117	0.0573	0.0395	0.0508
115	0.1109	0.0573	0.0396	0.0510
116	0.1086	0.0575	0.0397	0.0512
117	0.1098	0.0578	0.0398	0.0515
118	0.1082	0.0579	0.0398	0.0516
119	0.1103	0.0581	0.0399	0.0519
120	0.1069	0.0585	0.0403	0.0523
121	0.1046	0.0584	0.0403	0.0522
122	0.1054	0.0587	0.0403	0.0524
123	0.1046	0.0591	0.0405	0.0527
124	0.1051	0.0592	0.0406	0.0529
125	0.1046	0.0596	0.0408	0.0533
126	0.1004	0.0597	0.0409	0.0535
127	0.1003	0.0598	0.0410	0.0536
128	0.0966	0.0600	0.0411	0.0538
129	0.0973	0.0602	0.0412	0.0540
130	0.0969	0.0602	0.0412	0.0541
131	0.0975	0.0603	0.0414	0.0542
132	0.0976	0.0604	0.0414	0.0544
133	0.0924	0.0605	0.0415	0.0545
134	0.0955	0.0609	0.0417	0.0548
135	0.0921	0.0610	0.0418	0.0550
136	0.0925	0.0617	0.0420	0.0554
137	0.0913	0.0620	0.0421	0.0554
138	0.0918	0.0618	0.0420	0.0554
139	0.0906	0.0618	0.0419	0.0556
140	0.0903	0.0621	0.0422	0.0558
141	0.0881	0.0624	0.0424	0.0561
142	0.0914	0.0623	0.0423	0.0561
143	0.0861	0.0624	0.0424	0.0562
144	0.0874	0.0624	0.0424	0.0562
145	0.0856	0.0625	0.0424	0.0564
146	0.0830	0.0626	0.0424	0.0565
147	0.0830	0.0628	0.0425	0.0566
148	0.0854	0.0629	0.0426	0.0568
149	0.0819	0.0631	0.0428	0.0570
150	0.0851	0.0633	0.0430	0.0571
