{"n_layers": 0, "device": "cuda", "batch_size": 2048, "embedding_dim": 512, "learning_rate": 0.001, "dataset": "dbbook", "epochs": 150, "top_k": 50, "multimodal": true, "datasets": {"dbbook": ["images", "text"], "ml1m": ["audio", "images", "text", "video"]}}
Epoch	Loss	Recall	Precision	NDCG
1	0.6930	0.0131	0.0017	0.0061
2	0.6836	0.0168	0.0022	0.0088
3	0.6747	0.0269	0.0036	0.0157
4	0.6637	0.0451	0.0060	0.0284
5	0.6501	0.0704	0.0094	0.0459
6	0.6325	0.0983	0.0133	0.0634
7	0.6104	0.1218	0.0166	0.0769
8	0.5828	0.1411	0.0193	0.0876
9	0.5502	0.1530	0.0210	0.0945
10	0.5133	0.1630	0.0224	0.0993
11	0.4732	0.1669	0.0230	0.1022
12	0.4323	0.1708	0.0236	0.1045
13	0.3927	0.1741	0.0240	0.1064
14	0.3547	0.1768	0.0244	0.1081
15	0.3194	0.1804	0.0248	0.1098
16	0.2885	0.1821	0.0250	0.1115
17	0.2606	0.1843	0.0253	0.1130
18	0.2357	0.1857	0.0255	0.1139
19	0.2142	0.1866	0.0256	0.1147
20	0.1953	0.1882	0.0258	0.1158
21	0.1787	0.1888	0.0259	0.1166
22	0.1637	0.1898	0.0260	0.1173
23	0.1499	0.1915	0.0261	0.1180
24	0.1385	0.1931	0.0263	0.1192
25	0.1269	0.1949	0.0265	0.1202
26	0.1180	0.1954	0.0265	0.1209
27	0.1093	0.1963	0.0266	0.1215
28	0.1005	0.1968	0.0267	0.1218
29	0.0939	0.1977	0.0268	0.1230
30	0.0881	0.1980	0.0269	0.1235
31	0.0812	0.1992	0.0270	0.1241
32	0.0766	0.2014	0.0272	0.1246
33	0.0726	0.2018	0.0272	0.1252
34	0.0677	0.2023	0.0273	0.1254
35	0.0641	0.2032	0.0274	0.1260
36	0.0604	0.2037	0.0274	0.1265
37	0.0565	0.2043	0.0275	0.1266
38	0.0535	0.2052	0.0276	0.1268
39	0.0511	0.2051	0.0276	0.1271
40	0.0483	0.2058	0.0276	0.1275
41	0.0458	0.2062	0.0277	0.1278
42	0.0430	0.2062	0.0277	0.1278
43	0.0406	0.2070	0.0278	0.1282
44	0.0395	0.2076	0.0278	0.1286
45	0.0375	0.2075	0.0278	0.1289
46	0.0362	0.2080	0.0279	0.1296
47	0.0338	0.2083	0.0279	0.1296
48	0.0336	0.2090	0.0280	0.1300
49	0.0321	0.2095	0.0280	0.1303
50	0.0307	0.2095	0.0280	0.1303
51	0.0295	0.2094	0.0280	0.1303
52	0.0289	0.2101	0.0281	0.1307
53	0.0275	0.2103	0.0281	0.1308
54	0.0262	0.2100	0.0280	0.1307
55	0.0258	0.2106	0.0281	0.1311
56	0.0247	0.2104	0.0281	0.1310
57	0.0239	0.2108	0.0281	0.1311
58	0.0233	0.2107	0.0281	0.1313
59	0.0222	0.2109	0.0281	0.1312
60	0.0221	0.2106	0.0281	0.1311
61	0.0214	0.2105	0.0280	0.1310
62	0.0210	0.2103	0.0280	0.1308
63	0.0200	0.2107	0.0281	0.1313
64	0.0194	0.2114	0.0282	0.1315
65	0.0192	0.2118	0.0282	0.1319
66	0.0183	0.2130	0.0283	0.1324
67	0.0181	0.2130	0.0283	0.1326
68	0.0177	0.2126	0.0283	0.1327
69	0.0176	0.2128	0.0283	0.1326
70	0.0171	0.2130	0.0283	0.1327
71	0.0166	0.2128	0.0282	0.1325
72	0.0165	0.2133	0.0283	0.1329
73	0.0159	0.2129	0.0282	0.1330
74	0.0150	0.2130	0.0283	0.1332
75	0.0150	0.2133	0.0283	0.1330
76	0.0149	0.2133	0.0283	0.1330
77	0.0149	0.2137	0.0283	0.1330
78	0.0142	0.2139	0.0283	0.1331
79	0.0140	0.2138	0.0283	0.1332
80	0.0139	0.2144	0.0284	0.1335
81	0.0134	0.2150	0.0285	0.1338
82	0.0137	0.2147	0.0284	0.1334
83	0.0133	0.2147	0.0284	0.1335
84	0.0131	0.2147	0.0284	0.1336
85	0.0128	0.2152	0.0284	0.1335
86	0.0131	0.2153	0.0285	0.1337
87	0.0124	0.2149	0.0284	0.1336
88	0.0122	0.2142	0.0283	0.1335
89	0.0122	0.2142	0.0283	0.1332
90	0.0119	0.2141	0.0283	0.1331
91	0.0117	0.2137	0.0282	0.1331
92	0.0111	0.2139	0.0282	0.1332
93	0.0114	0.2137	0.0283	0.1332
94	0.0113	0.2139	0.0283	0.1334
95	0.0111	0.2145	0.0283	0.1336
96	0.0111	0.2150	0.0284	0.1338
97	0.0111	0.2145	0.0283	0.1338
98	0.0106	0.2153	0.0284	0.1341
99	0.0107	0.2149	0.0284	0.1342
100	0.0105	0.2150	0.0283	0.1344
101	0.0108	0.2144	0.0283	0.1343
102	0.0105	0.2148	0.0283	0.1345
103	0.0106	0.2147	0.0283	0.1345
104	0.0100	0.2145	0.0283	0.1346
105	0.0102	0.2151	0.0283	0.1347
106	0.0098	0.2152	0.0284	0.1347
107	0.0097	0.2144	0.0283	0.1346
108	0.0100	0.2145	0.0283	0.1345
109	0.0099	0.2144	0.0282	0.1346
110	0.0099	0.2140	0.0282	0.1344
111	0.0094	0.2140	0.0282	0.1343
112	0.0097	0.2143	0.0282	0.1346
113	0.0098	0.2145	0.0282	0.1345
114	0.0095	0.2137	0.0281	0.1342
115	0.0092	0.2137	0.0282	0.1342
116	0.0093	0.2139	0.0282	0.1342
117	0.0092	0.2144	0.0282	0.1346
118	0.0090	0.2147	0.0282	0.1347
119	0.0087	0.2143	0.0281	0.1347
120	0.0091	0.2140	0.0281	0.1345
121	0.0087	0.2142	0.0281	0.1345
122	0.0093	0.2139	0.0281	0.1345
123	0.0089	0.2141	0.0281	0.1345
124	0.0090	0.2138	0.0281	0.1344
125	0.0088	0.2139	0.0281	0.1346
126	0.0085	0.2145	0.0282	0.1350
127	0.0087	0.2137	0.0281	0.1346
128	0.0086	0.2137	0.0281	0.1345
129	0.0085	0.2133	0.0280	0.1344
130	0.0082	0.2136	0.0281	0.1347
131	0.0087	0.2139	0.0281	0.1348
132	0.0084	0.2138	0.0281	0.1346
133	0.0081	0.2141	0.0281	0.1347
134	0.0078	0.2143	0.0282	0.1348
135	0.0081	0.2142	0.0282	0.1347
136	0.0083	0.2147	0.0282	0.1347
137	0.0086	0.2142	0.0281	0.1346
138	0.0080	0.2145	0.0281	0.1347
139	0.0078	0.2151	0.0282	0.1350
140	0.0081	0.2147	0.0281	0.1350
141	0.0079	0.2143	0.0281	0.1347
142	0.0080	0.2136	0.0280	0.1345
143	0.0081	0.2134	0.0280	0.1345
144	0.0084	0.2137	0.0280	0.1345
145	0.0081	0.2138	0.0281	0.1347
146	0.0082	0.2141	0.0281	0.1350
147	0.0082	0.2145	0.0281	0.1350
148	0.0077	0.2143	0.0281	0.1349
149	0.0074	0.2141	0.0281	0.1348
150	0.0075	0.2141	0.0281	0.1347
