{"n_layers": 0, "device": "cuda", "batch_size": 2048, "embedding_dim": 512, "learning_rate": 0.001, "dataset": "dbbook", "epochs": 150, "top_k": 50, "multimodal": true, "datasets": {"dbbook": ["images", "text"], "ml1m": ["audio", "images", "text", "video"]}}
Epoch	Loss	Recall	Precision	NDCG
1	0.6927	0.0216	0.0026	0.0101
2	0.6826	0.0377	0.0047	0.0231
3	0.6726	0.0587	0.0075	0.0388
4	0.6605	0.0830	0.0106	0.0557
5	0.6445	0.1091	0.0142	0.0722
6	0.6241	0.1287	0.0171	0.0841
7	0.5981	0.1438	0.0194	0.0930
8	0.5666	0.1568	0.0212	0.0994
9	0.5297	0.1640	0.0224	0.1033
10	0.4893	0.1694	0.0232	0.1061
11	0.4472	0.1726	0.0237	0.1080
12	0.4057	0.1764	0.0242	0.1099
13	0.3669	0.1789	0.0245	0.1113
14	0.3320	0.1813	0.0249	0.1129
15	0.2997	0.1829	0.0252	0.1137
16	0.2724	0.1858	0.0255	0.1149
17	0.2461	0.1880	0.0258	0.1159
18	0.2244	0.1892	0.0260	0.1166
19	0.2053	0.1910	0.0262	0.1176
20	0.1885	0.1922	0.0263	0.1182
21	0.1728	0.1940	0.0265	0.1189
22	0.1593	0.1954	0.0266	0.1198
23	0.1471	0.1960	0.0267	0.1205
24	0.1361	0.1976	0.0269	0.1212
25	0.1268	0.1990	0.0271	0.1221
26	0.1183	0.1997	0.0272	0.1227
27	0.1099	0.2008	0.0273	0.1232
28	0.1019	0.2017	0.0275	0.1240
29	0.0960	0.2028	0.0275	0.1249
30	0.0901	0.2036	0.0276	0.1250
31	0.0842	0.2046	0.0277	0.1254
32	0.0801	0.2054	0.0278	0.1257
33	0.0747	0.2058	0.0279	0.1262
34	0.0706	0.2066	0.0280	0.1267
35	0.0666	0.2075	0.0281	0.1273
36	0.0640	0.2083	0.0282	0.1275
37	0.0605	0.2090	0.0283	0.1278
38	0.0562	0.2098	0.0284	0.1282
39	0.0534	0.2109	0.0285	0.1287
40	0.0509	0.2114	0.0285	0.1290
41	0.0486	0.2120	0.0286	0.1294
42	0.0466	0.2121	0.0286	0.1295
43	0.0442	0.2123	0.0286	0.1299
44	0.0429	0.2127	0.0287	0.1300
45	0.0413	0.2137	0.0288	0.1304
46	0.0389	0.2132	0.0287	0.1305
47	0.0377	0.2134	0.0288	0.1304
48	0.0360	0.2140	0.0288	0.1307
49	0.0346	0.2150	0.0289	0.1313
50	0.0338	0.2150	0.0289	0.1317
51	0.0329	0.2159	0.0290	0.1325
52	0.0310	0.2164	0.0290	0.1329
53	0.0304	0.2171	0.0291	0.1332
54	0.0297	0.2172	0.0291	0.1332
55	0.0287	0.2173	0.0292	0.1334
56	0.0274	0.2170	0.0292	0.1334
57	0.0261	0.2172	0.0291	0.1334
58	0.0261	0.2174	0.0292	0.1336
59	0.0245	0.2177	0.0292	0.1338
60	0.0242	0.2176	0.0292	0.1339
61	0.0238	0.2177	0.0292	0.1341
62	0.0232	0.2178	0.0293	0.1345
63	0.0228	0.2179	0.0292	0.1347
64	0.0217	0.2177	0.0292	0.1345
65	0.0211	0.2177	0.0292	0.1346
66	0.0208	0.2181	0.0293	0.1349
67	0.0203	0.2181	0.0293	0.1354
68	0.0197	0.2187	0.0293	0.1355
69	0.0193	0.2190	0.0293	0.1357
70	0.0186	0.2191	0.0294	0.1357
71	0.0188	0.2192	0.0294	0.1360
72	0.0181	0.2200	0.0295	0.1365
73	0.0179	0.2202	0.0295	0.1365
74	0.0167	0.2197	0.0294	0.1363
75	0.0170	0.2203	0.0294	0.1365
76	0.0164	0.2205	0.0295	0.1367
77	0.0167	0.2205	0.0295	0.1369
78	0.0165	0.2209	0.0295	0.1372
79	0.0156	0.2211	0.0294	0.1374
80	0.0156	0.2215	0.0295	0.1376
81	0.0153	0.2219	0.0295	0.1379
82	0.0150	0.2213	0.0295	0.1378
83	0.0150	0.2213	0.0295	0.1378
84	0.0144	0.2221	0.0296	0.1383
85	0.0142	0.2223	0.0297	0.1385
86	0.0137	0.2217	0.0296	0.1381
87	0.0139	0.2215	0.0295	0.1380
88	0.0134	0.2212	0.0295	0.1380
89	0.0136	0.2218	0.0296	0.1380
90	0.0132	0.2215	0.0295	0.1377
91	0.0129	0.2219	0.0296	0.1378
92	0.0130	0.2228	0.0297	0.1380
93	0.0125	0.2234	0.0297	0.1382
94	0.0133	0.2239	0.0298	0.1384
95	0.0127	0.2245	0.0299	0.1388
96	0.0125	0.2241	0.0298	0.1387
97	0.0124	0.2233	0.0297	0.1386
98	0.0120	0.2238	0.0297	0.1387
99	0.0117	0.2228	0.0296	0.1383
100	0.0117	0.2225	0.0296	0.1381
101	0.0115	0.2224	0.0296	0.1380
102	0.0113	0.2231	0.0296	0.1383
103	0.0113	0.2234	0.0297	0.1383
104	0.0111	0.2230	0.0296	0.1382
105	0.0112	0.2229	0.0296	0.1380
106	0.0109	0.2225	0.0296	0.1378
107	0.0113	0.2222	0.0295	0.1378
108	0.0107	0.2224	0.0296	0.1380
109	0.0107	0.2224	0.0295	0.1382
110	0.0103	0.2225	0.0295	0.1382
111	0.0105	0.2226	0.0296	0.1386
112	0.0102	0.2228	0.0296	0.1386
113	0.0098	0.2232	0.0296	0.1388
114	0.0100	0.2232	0.0296	0.1389
115	0.0103	0.2233	0.0296	0.1391
116	0.0108	0.2228	0.0296	0.1392
117	0.0102	0.2222	0.0296	0.1391
118	0.0095	0.2229	0.0296	0.1394
119	0.0099	0.2231	0.0296	0.1393
120	0.0101	0.2231	0.0296	0.1392
121	0.0098	0.2237	0.0296	0.1390
122	0.0094	0.2238	0.0296	0.1390
123	0.0091	0.2242	0.0296	0.1394
124	0.0092	0.2240	0.0297	0.1397
125	0.0098	0.2239	0.0297	0.1396
126	0.0097	0.2237	0.0296	0.1397
127	0.0095	0.2235	0.0296	0.1397
128	0.0094	0.2234	0.0296	0.1397
129	0.0092	0.2230	0.0295	0.1395
130	0.0092	0.2229	0.0295	0.1394
131	0.0088	0.2234	0.0296	0.1396
132	0.0094	0.2230	0.0295	0.1393
133	0.0088	0.2232	0.0295	0.1394
134	0.0087	0.2234	0.0296	0.1396
135	0.0092	0.2229	0.0295	0.1394
136	0.0085	0.2226	0.0295	0.1394
137	0.0087	0.2228	0.0295	0.1395
138	0.0085	0.2230	0.0296	0.1396
139	0.0093	0.2234	0.0296	0.1398
140	0.0088	0.2232	0.0296	0.1398
141	0.0085	0.2236	0.0296	0.1397
142	0.0090	0.2239	0.0297	0.1399
143	0.0084	0.2238	0.0296	0.1400
144	0.0087	0.2231	0.0296	0.1400
145	0.0084	0.2234	0.0296	0.1402
146	0.0084	0.2230	0.0296	0.1400
147	0.0084	0.2232	0.0296	0.1402
148	0.0082	0.2230	0.0296	0.1399
149	0.0085	0.2230	0.0296	0.1398
150	0.0079	0.2237	0.0296	0.1400
