{"n_layers": 0, "device": "cuda", "batch_size": 2048, "embedding_dim": 1024, "learning_rate": 0.001, "dataset": "dbbook", "epochs": 150, "top_k": 50, "multimodal": true, "datasets": {"dbbook": ["images", "text"], "ml1m": ["audio", "images", "text", "video"]}}
Epoch	Loss	Recall	Precision	NDCG
1	0.6928	0.0224	0.0030	0.0131
2	0.6824	0.0431	0.0057	0.0284
3	0.6719	0.0695	0.0092	0.0476
4	0.6582	0.1011	0.0135	0.0685
5	0.6394	0.1282	0.0174	0.0847
6	0.6139	0.1486	0.0203	0.0965
7	0.5804	0.1623	0.0223	0.1040
8	0.5398	0.1717	0.0236	0.1086
9	0.4936	0.1782	0.0244	0.1118
10	0.4440	0.1816	0.0249	0.1138
11	0.3962	0.1846	0.0253	0.1151
12	0.3510	0.1883	0.0258	0.1164
13	0.3116	0.1910	0.0262	0.1176
14	0.2768	0.1924	0.0263	0.1188
15	0.2469	0.1947	0.0266	0.1201
16	0.2212	0.1960	0.0268	0.1208
17	0.1988	0.1976	0.0270	0.1222
18	0.1803	0.2000	0.0273	0.1231
19	0.1630	0.2012	0.0274	0.1242
20	0.1478	0.2025	0.0276	0.1248
21	0.1349	0.2034	0.0277	0.1259
22	0.1241	0.2043	0.0278	0.1266
23	0.1133	0.2060	0.0280	0.1275
24	0.1042	0.2075	0.0282	0.1282
25	0.0961	0.2085	0.0284	0.1287
26	0.0889	0.2096	0.0285	0.1295
27	0.0824	0.2102	0.0284	0.1300
28	0.0765	0.2116	0.0286	0.1306
29	0.0720	0.2131	0.0287	0.1312
30	0.0663	0.2129	0.0287	0.1316
31	0.0626	0.2139	0.0288	0.1324
32	0.0587	0.2151	0.0290	0.1333
33	0.0558	0.2166	0.0291	0.1339
34	0.0523	0.2168	0.0291	0.1339
35	0.0503	0.2177	0.0293	0.1346
36	0.0471	0.2181	0.0293	0.1349
37	0.0444	0.2185	0.0294	0.1352
38	0.0423	0.2192	0.0295	0.1355
39	0.0405	0.2194	0.0295	0.1356
40	0.0379	0.2201	0.0295	0.1360
41	0.0366	0.2200	0.0296	0.1360
42	0.0344	0.2202	0.0295	0.1361
43	0.0335	0.2202	0.0295	0.1362
44	0.0322	0.2202	0.0295	0.1365
45	0.0308	0.2221	0.0297	0.1373
46	0.0305	0.2216	0.0297	0.1371
47	0.0287	0.2219	0.0297	0.1372
48	0.0284	0.2223	0.0297	0.1372
49	0.0261	0.2229	0.0298	0.1375
50	0.0263	0.2230	0.0298	0.1377
51	0.0259	0.2237	0.0299	0.1382
52	0.0242	0.2237	0.0299	0.1381
53	0.0231	0.2233	0.0298	0.1381
54	0.0234	0.2237	0.0299	0.1385
55	0.0229	0.2227	0.0298	0.1384
56	0.0216	0.2232	0.0299	0.1387
57	0.0211	0.2239	0.0299	0.1391
58	0.0206	0.2246	0.0300	0.1393
59	0.0202	0.2247	0.0300	0.1395
60	0.0194	0.2254	0.0300	0.1398
61	0.0193	0.2255	0.0300	0.1398
62	0.0188	0.2252	0.0300	0.1398
63	0.0182	0.2255	0.0300	0.1399
64	0.0176	0.2254	0.0300	0.1403
65	0.0179	0.2256	0.0300	0.1407
66	0.0176	0.2263	0.0301	0.1410
67	0.0169	0.2262	0.0300	0.1410
68	0.0166	0.2265	0.0300	0.1411
69	0.0167	0.2267	0.0301	0.1415
70	0.0163	0.2266	0.0301	0.1415
71	0.0161	0.2266	0.0301	0.1416
72	0.0154	0.2266	0.0301	0.1415
73	0.0152	0.2266	0.0301	0.1416
74	0.0151	0.2267	0.0301	0.1417
75	0.0145	0.2258	0.0300	0.1418
76	0.0141	0.2255	0.0300	0.1417
77	0.0144	0.2259	0.0300	0.1417
78	0.0142	0.2264	0.0301	0.1421
79	0.0142	0.2261	0.0300	0.1418
80	0.0143	0.2268	0.0301	0.1417
81	0.0138	0.2276	0.0301	0.1419
82	0.0136	0.2275	0.0301	0.1420
83	0.0130	0.2279	0.0301	0.1423
84	0.0131	0.2281	0.0302	0.1425
85	0.0129	0.2282	0.0302	0.1423
86	0.0132	0.2285	0.0302	0.1423
87	0.0127	0.2282	0.0302	0.1423
88	0.0126	0.2286	0.0302	0.1424
89	0.0125	0.2290	0.0302	0.1423
90	0.0121	0.2289	0.0302	0.1424
91	0.0122	0.2285	0.0302	0.1423
92	0.0122	0.2287	0.0302	0.1425
93	0.0117	0.2292	0.0303	0.1430
94	0.0120	0.2285	0.0302	0.1429
95	0.0117	0.2291	0.0303	0.1429
96	0.0116	0.2294	0.0303	0.1433
97	0.0113	0.2294	0.0303	0.1433
98	0.0116	0.2295	0.0303	0.1433
99	0.0113	0.2286	0.0302	0.1431
100	0.0119	0.2286	0.0302	0.1429
101	0.0115	0.2284	0.0301	0.1427
102	0.0114	0.2288	0.0302	0.1427
103	0.0106	0.2292	0.0303	0.1431
104	0.0113	0.2286	0.0302	0.1433
105	0.0117	0.2287	0.0302	0.1433
106	0.0110	0.2285	0.0301	0.1434
107	0.0109	0.2285	0.0301	0.1434
108	0.0108	0.2282	0.0301	0.1435
109	0.0107	0.2283	0.0301	0.1434
110	0.0111	0.2284	0.0301	0.1435
111	0.0106	0.2279	0.0300	0.1433
112	0.0105	0.2281	0.0301	0.1432
113	0.0107	0.2277	0.0300	0.1431
114	0.0107	0.2277	0.0300	0.1431
115	0.0109	0.2280	0.0301	0.1433
116	0.0110	0.2275	0.0300	0.1433
117	0.0107	0.2274	0.0300	0.1433
118	0.0100	0.2278	0.0301	0.1434
119	0.0105	0.2279	0.0301	0.1434
120	0.0102	0.2282	0.0301	0.1435
121	0.0100	0.2280	0.0301	0.1434
122	0.0102	0.2282	0.0301	0.1433
123	0.0104	0.2279	0.0300	0.1433
124	0.0103	0.2285	0.0301	0.1434
125	0.0102	0.2281	0.0300	0.1433
126	0.0101	0.2286	0.0301	0.1435
127	0.0102	0.2293	0.0301	0.1439
128	0.0098	0.2285	0.0300	0.1438
129	0.0102	0.2290	0.0301	0.1444
130	0.0103	0.2286	0.0301	0.1443
131	0.0101	0.2285	0.0301	0.1444
132	0.0099	0.2286	0.0301	0.1444
133	0.0097	0.2293	0.0301	0.1448
134	0.0097	0.2286	0.0301	0.1447
135	0.0102	0.2291	0.0301	0.1447
136	0.0101	0.2293	0.0301	0.1450
137	0.0096	0.2293	0.0302	0.1451
138	0.0098	0.2301	0.0303	0.1454
139	0.0098	0.2303	0.0303	0.1454
140	0.0096	0.2296	0.0302	0.1450
141	0.0098	0.2299	0.0302	0.1451
142	0.0093	0.2296	0.0302	0.1449
143	0.0094	0.2291	0.0301	0.1447
144	0.0097	0.2289	0.0301	0.1448
145	0.0097	0.2295	0.0302	0.1450
146	0.0097	0.2293	0.0301	0.1451
147	0.0098	0.2292	0.0301	0.1447
148	0.0098	0.2291	0.0301	0.1444
149	0.0092	0.2283	0.0300	0.1445
150	0.0092	0.2286	0.0300	0.1444
