{"n_layers": 0, "device": "cuda", "batch_size": 2048, "embedding_dim": 1024, "learning_rate": 0.001, "dataset": "dbbook", "epochs": 150, "top_k": 50, "multimodal": true, "datasets": {"dbbook": ["images", "text"], "ml1m": ["audio", "images", "text", "video"]}}
Epoch	Loss	Recall	Precision	NDCG
1	0.6916	0.0241	0.0030	0.0125
2	0.6512	0.0427	0.0054	0.0265
3	0.6144	0.0617	0.0078	0.0412
4	0.5733	0.0820	0.0106	0.0560
5	0.5259	0.1030	0.0135	0.0692
6	0.4729	0.1238	0.0164	0.0810
7	0.4159	0.1402	0.0186	0.0904
8	0.3585	0.1522	0.0204	0.0973
9	0.3060	0.1596	0.0215	0.1016
10	0.2595	0.1669	0.0225	0.1050
11	0.2185	0.1715	0.0231	0.1077
12	0.1865	0.1758	0.0236	0.1097
13	0.1595	0.1779	0.0240	0.1113
14	0.1372	0.1796	0.0243	0.1126
15	0.1190	0.1821	0.0245	0.1139
16	0.1043	0.1845	0.0248	0.1152
17	0.0914	0.1872	0.0252	0.1167
18	0.0820	0.1877	0.0253	0.1175
19	0.0718	0.1890	0.0255	0.1185
20	0.0650	0.1905	0.0257	0.1194
21	0.0587	0.1906	0.0258	0.1199
22	0.0530	0.1924	0.0259	0.1212
23	0.0491	0.1946	0.0261	0.1221
24	0.0447	0.1964	0.0263	0.1227
25	0.0412	0.1966	0.0264	0.1232
26	0.0377	0.1982	0.0265	0.1241
27	0.0354	0.1994	0.0266	0.1244
28	0.0325	0.1992	0.0266	0.1247
29	0.0306	0.2010	0.0268	0.1252
30	0.0299	0.2022	0.0269	0.1258
31	0.0271	0.2035	0.0270	0.1264
32	0.0252	0.2042	0.0271	0.1265
33	0.0240	0.2041	0.0270	0.1268
34	0.0222	0.2047	0.0271	0.1272
35	0.0225	0.2055	0.0272	0.1278
36	0.0204	0.2057	0.0273	0.1280
37	0.0201	0.2060	0.0273	0.1283
38	0.0187	0.2066	0.0273	0.1284
39	0.0185	0.2077	0.0275	0.1289
40	0.0178	0.2082	0.0275	0.1290
41	0.0172	0.2089	0.0276	0.1294
42	0.0159	0.2091	0.0276	0.1296
43	0.0158	0.2099	0.0277	0.1301
44	0.0147	0.2101	0.0277	0.1305
45	0.0146	0.2103	0.0277	0.1305
46	0.0141	0.2102	0.0277	0.1305
47	0.0137	0.2104	0.0278	0.1309
48	0.0133	0.2105	0.0278	0.1309
49	0.0126	0.2108	0.0279	0.1315
50	0.0127	0.2106	0.0279	0.1316
51	0.0124	0.2110	0.0280	0.1317
52	0.0117	0.2110	0.0280	0.1319
53	0.0116	0.2122	0.0280	0.1327
54	0.0112	0.2127	0.0281	0.1331
55	0.0110	0.2134	0.0282	0.1334
56	0.0106	0.2141	0.0283	0.1335
57	0.0106	0.2138	0.0283	0.1333
58	0.0106	0.2137	0.0282	0.1335
59	0.0102	0.2133	0.0282	0.1333
60	0.0098	0.2128	0.0282	0.1328
61	0.0092	0.2129	0.0282	0.1330
62	0.0097	0.2133	0.0282	0.1334
63	0.0096	0.2141	0.0283	0.1342
64	0.0095	0.2140	0.0282	0.1344
65	0.0096	0.2141	0.0282	0.1343
66	0.0090	0.2134	0.0282	0.1336
67	0.0087	0.2134	0.0282	0.1337
68	0.0088	0.2131	0.0282	0.1337
69	0.0090	0.2131	0.0282	0.1336
70	0.0080	0.2124	0.0282	0.1335
71	0.0084	0.2123	0.0282	0.1337
72	0.0084	0.2135	0.0283	0.1339
73	0.0080	0.2140	0.0283	0.1340
74	0.0080	0.2143	0.0283	0.1342
75	0.0084	0.2141	0.0283	0.1343
76	0.0077	0.2145	0.0284	0.1345
77	0.0075	0.2140	0.0284	0.1346
78	0.0076	0.2140	0.0284	0.1348
79	0.0075	0.2143	0.0284	0.1350
80	0.0073	0.2142	0.0284	0.1349
81	0.0074	0.2132	0.0283	0.1344
82	0.0076	0.2135	0.0283	0.1346
83	0.0076	0.2140	0.0283	0.1351
84	0.0071	0.2145	0.0284	0.1352
85	0.0069	0.2139	0.0283	0.1350
86	0.0069	0.2137	0.0283	0.1352
87	0.0073	0.2138	0.0283	0.1353
88	0.0067	0.2139	0.0284	0.1353
89	0.0074	0.2144	0.0284	0.1354
90	0.0065	0.2147	0.0285	0.1354
91	0.0063	0.2152	0.0285	0.1355
92	0.0069	0.2149	0.0284	0.1353
93	0.0071	0.2148	0.0284	0.1352
94	0.0067	0.2158	0.0285	0.1358
95	0.0065	0.2161	0.0285	0.1360
96	0.0066	0.2157	0.0285	0.1360
97	0.0064	0.2157	0.0284	0.1363
98	0.0067	0.2159	0.0284	0.1365
99	0.0064	0.2163	0.0285	0.1368
100	0.0062	0.2165	0.0285	0.1367
101	0.0065	0.2163	0.0285	0.1366
102	0.0065	0.2163	0.0285	0.1363
103	0.0060	0.2166	0.0285	0.1365
104	0.0065	0.2172	0.0286	0.1367
105	0.0064	0.2170	0.0286	0.1366
106	0.0064	0.2177	0.0286	0.1370
107	0.0060	0.2181	0.0287	0.1372
108	0.0065	0.2179	0.0286	0.1373
109	0.0060	0.2181	0.0286	0.1372
110	0.0068	0.2179	0.0286	0.1373
111	0.0062	0.2176	0.0286	0.1373
112	0.0063	0.2179	0.0286	0.1374
113	0.0065	0.2175	0.0286	0.1374
114	0.0059	0.2177	0.0286	0.1374
115	0.0062	0.2177	0.0286	0.1373
116	0.0060	0.2175	0.0287	0.1372
117	0.0057	0.2177	0.0287	0.1371
118	0.0060	0.2174	0.0286	0.1370
119	0.0064	0.2172	0.0286	0.1369
120	0.0060	0.2163	0.0285	0.1368
121	0.0058	0.2161	0.0285	0.1366
122	0.0057	0.2156	0.0285	0.1365
123	0.0062	0.2150	0.0284	0.1362
124	0.0060	0.2155	0.0285	0.1363
125	0.0058	0.2152	0.0284	0.1359
126	0.0057	0.2151	0.0284	0.1359
127	0.0062	0.2150	0.0285	0.1359
128	0.0060	0.2149	0.0285	0.1358
129	0.0058	0.2157	0.0285	0.1362
130	0.0065	0.2152	0.0285	0.1362
131	0.0063	0.2157	0.0285	0.1364
132	0.0060	0.2161	0.0285	0.1366
133	0.0065	0.2162	0.0285	0.1362
134	0.0056	0.2165	0.0286	0.1364
135	0.0056	0.2165	0.0286	0.1364
136	0.0060	0.2160	0.0286	0.1362
137	0.0060	0.2165	0.0286	0.1364
138	0.0058	0.2161	0.0285	0.1364
139	0.0055	0.2171	0.0286	0.1368
140	0.0061	0.2185	0.0288	0.1374
141	0.0057	0.2187	0.0288	0.1376
142	0.0060	0.2191	0.0288	0.1378
143	0.0060	0.2187	0.0287	0.1377
144	0.0059	0.2187	0.0287	0.1375
145	0.0061	0.2192	0.0287	0.1377
146	0.0060	0.2188	0.0287	0.1378
147	0.0055	0.2192	0.0288	0.1383
148	0.0064	0.2185	0.0287	0.1379
149	0.0058	0.2183	0.0287	0.1376
150	0.0057	0.2183	0.0287	0.1375
