{"n_layers": 1, "device": "cuda", "batch_size": 2048, "embedding_dim": 256, "learning_rate": 0.0005, "dataset": "dbbook", "epochs": 150, "top_k": 5, "multimodal": true, "datasets": {"dbbook": ["images", "text"], "ml1m": ["audio", "images", "text", "video"]}}
Epoch	Loss	Recall	Precision	NDCG
1	0.6921	0.0026	0.0036	0.0040
2	0.6899	0.0106	0.0126	0.0152
3	0.6873	0.0198	0.0255	0.0304
4	0.6841	0.0282	0.0378	0.0436
5	0.6798	0.0333	0.0449	0.0509
6	0.6743	0.0357	0.0477	0.0540
7	0.6671	0.0362	0.0487	0.0543
8	0.6578	0.0360	0.0486	0.0535
9	0.6465	0.0347	0.0470	0.0513
10	0.6322	0.0341	0.0465	0.0497
11	0.6158	0.0323	0.0436	0.0464
12	0.5966	0.0313	0.0422	0.0441
13	0.5752	0.0302	0.0410	0.0425
14	0.5536	0.0296	0.0399	0.0409
15	0.5294	0.0295	0.0389	0.0399
16	0.5061	0.0287	0.0378	0.0388
17	0.4828	0.0287	0.0374	0.0382
18	0.4591	0.0283	0.0368	0.0373
19	0.4375	0.0282	0.0369	0.0371
20	0.4177	0.0282	0.0367	0.0370
21	0.3990	0.0280	0.0366	0.0370
22	0.3804	0.0279	0.0367	0.0370
23	0.3630	0.0281	0.0371	0.0373
24	0.3478	0.0280	0.0369	0.0372
25	0.3314	0.0282	0.0369	0.0373
26	0.3201	0.0283	0.0371	0.0377
27	0.3084	0.0282	0.0373	0.0378
28	0.2952	0.0283	0.0373	0.0379
29	0.2848	0.0283	0.0376	0.0381
30	0.2742	0.0284	0.0378	0.0385
31	0.2633	0.0283	0.0379	0.0385
32	0.2542	0.0284	0.0382	0.0389
33	0.2476	0.0287	0.0385	0.0391
34	0.2382	0.0289	0.0389	0.0396
35	0.2308	0.0292	0.0394	0.0400
36	0.2254	0.0293	0.0397	0.0403
37	0.2168	0.0295	0.0399	0.0407
38	0.2127	0.0297	0.0402	0.0410
39	0.2053	0.0298	0.0406	0.0413
40	0.2005	0.0299	0.0409	0.0417
41	0.1941	0.0302	0.0415	0.0423
42	0.1876	0.0304	0.0415	0.0424
43	0.1826	0.0302	0.0411	0.0421
44	0.1774	0.0306	0.0414	0.0423
45	0.1729	0.0306	0.0410	0.0422
46	0.1695	0.0310	0.0414	0.0425
47	0.1650	0.0314	0.0421	0.0430
48	0.1595	0.0314	0.0422	0.0430
49	0.1549	0.0315	0.0424	0.0435
50	0.1538	0.0322	0.0430	0.0443
51	0.1482	0.0321	0.0428	0.0442
52	0.1478	0.0318	0.0426	0.0440
53	0.1425	0.0322	0.0430	0.0445
54	0.1383	0.0324	0.0433	0.0449
55	0.1346	0.0326	0.0437	0.0453
56	0.1317	0.0330	0.0438	0.0455
57	0.1308	0.0328	0.0438	0.0455
58	0.1266	0.0327	0.0439	0.0456
59	0.1247	0.0329	0.0442	0.0460
60	0.1215	0.0330	0.0442	0.0460
61	0.1174	0.0330	0.0442	0.0461
62	0.1165	0.0332	0.0445	0.0464
63	0.1147	0.0334	0.0447	0.0466
64	0.1119	0.0339	0.0449	0.0471
65	0.1100	0.0341	0.0453	0.0474
66	0.1065	0.0345	0.0456	0.0478
67	0.1048	0.0345	0.0458	0.0481
68	0.1028	0.0346	0.0458	0.0483
69	0.1005	0.0347	0.0458	0.0483
70	0.0997	0.0346	0.0456	0.0484
71	0.0972	0.0346	0.0458	0.0489
72	0.0958	0.0348	0.0460	0.0491
73	0.0937	0.0354	0.0464	0.0497
74	0.0929	0.0356	0.0467	0.0500
75	0.0898	0.0357	0.0468	0.0501
76	0.0888	0.0363	0.0473	0.0508
77	0.0876	0.0369	0.0481	0.0513
78	0.0867	0.0370	0.0481	0.0514
79	0.0845	0.0373	0.0486	0.0519
80	0.0820	0.0376	0.0488	0.0522
81	0.0804	0.0376	0.0488	0.0521
82	0.0786	0.0377	0.0488	0.0523
83	0.0786	0.0379	0.0490	0.0527
84	0.0772	0.0382	0.0495	0.0531
85	0.0753	0.0386	0.0497	0.0533
86	0.0745	0.0386	0.0498	0.0534
87	0.0743	0.0389	0.0502	0.0539
88	0.0717	0.0389	0.0504	0.0540
89	0.0713	0.0390	0.0504	0.0541
90	0.0684	0.0390	0.0506	0.0542
91	0.0685	0.0391	0.0506	0.0543
92	0.0674	0.0391	0.0507	0.0544
93	0.0669	0.0394	0.0511	0.0547
94	0.0665	0.0394	0.0511	0.0549
95	0.0639	0.0393	0.0510	0.0550
96	0.0634	0.0394	0.0512	0.0552
97	0.0640	0.0399	0.0517	0.0557
98	0.0616	0.0399	0.0518	0.0558
99	0.0611	0.0400	0.0520	0.0564
100	0.0606	0.0403	0.0525	0.0568
101	0.0596	0.0403	0.0524	0.0569
102	0.0576	0.0405	0.0526	0.0573
103	0.0588	0.0407	0.0529	0.0575
104	0.0575	0.0408	0.0531	0.0578
105	0.0543	0.0410	0.0532	0.0580
106	0.0555	0.0411	0.0530	0.0580
107	0.0534	0.0412	0.0531	0.0581
108	0.0532	0.0413	0.0531	0.0581
109	0.0530	0.0415	0.0534	0.0583
110	0.0513	0.0413	0.0531	0.0582
111	0.0506	0.0414	0.0532	0.0583
112	0.0507	0.0413	0.0532	0.0583
113	0.0505	0.0416	0.0533	0.0585
114	0.0485	0.0419	0.0537	0.0588
115	0.0504	0.0420	0.0537	0.0587
116	0.0483	0.0422	0.0539	0.0589
117	0.0476	0.0422	0.0539	0.0590
118	0.0468	0.0424	0.0543	0.0593
119	0.0464	0.0424	0.0543	0.0594
120	0.0458	0.0425	0.0544	0.0595
121	0.0443	0.0425	0.0545	0.0598
122	0.0443	0.0427	0.0547	0.0600
123	0.0434	0.0429	0.0549	0.0601
124	0.0432	0.0429	0.0548	0.0601
125	0.0427	0.0429	0.0551	0.0603
126	0.0423	0.0429	0.0551	0.0604
127	0.0418	0.0429	0.0552	0.0606
128	0.0422	0.0432	0.0556	0.0610
129	0.0406	0.0434	0.0557	0.0611
130	0.0413	0.0436	0.0559	0.0613
131	0.0405	0.0436	0.0560	0.0615
132	0.0379	0.0436	0.0560	0.0615
133	0.0386	0.0435	0.0559	0.0614
134	0.0404	0.0436	0.0560	0.0615
135	0.0389	0.0437	0.0561	0.0617
136	0.0381	0.0437	0.0563	0.0619
137	0.0375	0.0441	0.0566	0.0623
138	0.0382	0.0443	0.0569	0.0626
139	0.0364	0.0442	0.0568	0.0625
140	0.0364	0.0442	0.0568	0.0626
141	0.0356	0.0443	0.0570	0.0626
142	0.0369	0.0443	0.0573	0.0629
143	0.0354	0.0442	0.0571	0.0630
144	0.0352	0.0443	0.0573	0.0631
145	0.0335	0.0447	0.0579	0.0636
146	0.0335	0.0448	0.0580	0.0637
147	0.0346	0.0447	0.0579	0.0635
148	0.0337	0.0445	0.0577	0.0636
149	0.0317	0.0443	0.0575	0.0636
150	0.0352	0.0443	0.0575	0.0636
