{"n_layers": 0, "device": "cuda", "batch_size": 2048, "embedding_dim": 1024, "learning_rate": 0.001, "dataset": "dbbook", "epochs": 150, "top_k": 50, "multimodal": true, "datasets": {"dbbook": ["images", "text"], "ml1m": ["audio", "images", "text", "video"]}}
Epoch	Loss	Recall	Precision	NDCG
1	0.6922	0.0268	0.0035	0.0151
2	0.6721	0.0459	0.0059	0.0295
3	0.6526	0.0680	0.0087	0.0464
4	0.6292	0.0921	0.0120	0.0631
5	0.5997	0.1161	0.0154	0.0773
6	0.5630	0.1332	0.0180	0.0880
7	0.5200	0.1483	0.0202	0.0963
8	0.4707	0.1600	0.0218	0.1020
9	0.4199	0.1674	0.0227	0.1059
10	0.3700	0.1736	0.0236	0.1085
11	0.3239	0.1782	0.0243	0.1111
12	0.2843	0.1808	0.0247	0.1128
13	0.2488	0.1846	0.0252	0.1151
14	0.2188	0.1875	0.0256	0.1168
15	0.1927	0.1900	0.0259	0.1184
16	0.1721	0.1910	0.0261	0.1192
17	0.1526	0.1928	0.0262	0.1200
18	0.1378	0.1952	0.0266	0.1212
19	0.1224	0.1957	0.0266	0.1215
20	0.1107	0.1971	0.0267	0.1223
21	0.1001	0.1986	0.0269	0.1231
22	0.0917	0.1997	0.0271	0.1240
23	0.0838	0.2005	0.0272	0.1247
24	0.0766	0.2013	0.0273	0.1251
25	0.0708	0.2024	0.0274	0.1254
26	0.0646	0.2038	0.0276	0.1260
27	0.0606	0.2043	0.0276	0.1263
28	0.0562	0.2053	0.0277	0.1269
29	0.0519	0.2067	0.0278	0.1276
30	0.0486	0.2075	0.0279	0.1280
31	0.0462	0.2077	0.0280	0.1282
32	0.0428	0.2082	0.0280	0.1290
33	0.0405	0.2082	0.0280	0.1293
34	0.0388	0.2089	0.0281	0.1297
35	0.0368	0.2098	0.0282	0.1302
36	0.0346	0.2102	0.0282	0.1309
37	0.0335	0.2104	0.0282	0.1313
38	0.0308	0.2113	0.0283	0.1322
39	0.0292	0.2103	0.0282	0.1322
40	0.0287	0.2111	0.0283	0.1325
41	0.0265	0.2112	0.0283	0.1326
42	0.0259	0.2117	0.0284	0.1328
43	0.0252	0.2116	0.0284	0.1332
44	0.0239	0.2119	0.0284	0.1334
45	0.0235	0.2120	0.0284	0.1335
46	0.0218	0.2121	0.0284	0.1335
47	0.0211	0.2127	0.0285	0.1335
48	0.0211	0.2135	0.0286	0.1337
49	0.0201	0.2143	0.0287	0.1341
50	0.0194	0.2139	0.0287	0.1339
51	0.0192	0.2143	0.0287	0.1342
52	0.0180	0.2140	0.0287	0.1343
53	0.0172	0.2141	0.0287	0.1344
54	0.0172	0.2144	0.0288	0.1347
55	0.0167	0.2148	0.0288	0.1351
56	0.0167	0.2153	0.0288	0.1356
57	0.0158	0.2161	0.0289	0.1359
58	0.0157	0.2163	0.0289	0.1362
59	0.0152	0.2167	0.0289	0.1365
60	0.0148	0.2170	0.0290	0.1367
61	0.0144	0.2167	0.0290	0.1367
62	0.0142	0.2169	0.0290	0.1368
63	0.0135	0.2173	0.0290	0.1370
64	0.0135	0.2178	0.0290	0.1374
65	0.0128	0.2181	0.0291	0.1379
66	0.0132	0.2182	0.0291	0.1381
67	0.0131	0.2184	0.0291	0.1383
68	0.0131	0.2182	0.0291	0.1386
69	0.0122	0.2180	0.0291	0.1387
70	0.0120	0.2181	0.0292	0.1388
71	0.0120	0.2189	0.0292	0.1392
72	0.0123	0.2193	0.0293	0.1395
73	0.0111	0.2194	0.0293	0.1398
74	0.0117	0.2191	0.0292	0.1396
75	0.0115	0.2195	0.0293	0.1398
76	0.0115	0.2191	0.0292	0.1399
77	0.0109	0.2188	0.0292	0.1395
78	0.0107	0.2190	0.0292	0.1397
79	0.0107	0.2198	0.0293	0.1399
80	0.0105	0.2195	0.0292	0.1398
81	0.0102	0.2192	0.0292	0.1398
82	0.0102	0.2190	0.0292	0.1396
83	0.0097	0.2188	0.0292	0.1399
84	0.0102	0.2190	0.0292	0.1397
85	0.0100	0.2195	0.0292	0.1399
86	0.0100	0.2200	0.0293	0.1399
87	0.0101	0.2203	0.0292	0.1401
88	0.0097	0.2207	0.0293	0.1403
89	0.0101	0.2204	0.0293	0.1401
90	0.0098	0.2199	0.0292	0.1403
91	0.0095	0.2198	0.0293	0.1402
92	0.0099	0.2204	0.0293	0.1403
93	0.0093	0.2195	0.0293	0.1401
94	0.0092	0.2201	0.0293	0.1403
95	0.0090	0.2209	0.0294	0.1404
96	0.0092	0.2208	0.0294	0.1404
97	0.0095	0.2203	0.0294	0.1404
98	0.0087	0.2207	0.0294	0.1406
99	0.0088	0.2213	0.0294	0.1410
100	0.0085	0.2205	0.0293	0.1406
101	0.0089	0.2201	0.0293	0.1403
102	0.0089	0.2196	0.0292	0.1402
103	0.0083	0.2196	0.0292	0.1404
104	0.0085	0.2199	0.0292	0.1404
105	0.0085	0.2203	0.0293	0.1408
106	0.0084	0.2203	0.0293	0.1410
107	0.0090	0.2202	0.0293	0.1408
108	0.0084	0.2207	0.0294	0.1409
109	0.0084	0.2204	0.0293	0.1407
110	0.0081	0.2206	0.0294	0.1409
111	0.0086	0.2203	0.0293	0.1409
112	0.0083	0.2205	0.0293	0.1410
113	0.0083	0.2206	0.0293	0.1413
114	0.0086	0.2207	0.0293	0.1412
115	0.0085	0.2204	0.0292	0.1411
116	0.0078	0.2199	0.0291	0.1412
117	0.0079	0.2198	0.0291	0.1411
118	0.0082	0.2205	0.0292	0.1412
119	0.0075	0.2201	0.0292	0.1411
120	0.0080	0.2208	0.0293	0.1414
121	0.0088	0.2208	0.0293	0.1414
122	0.0077	0.2214	0.0293	0.1416
123	0.0077	0.2210	0.0293	0.1413
124	0.0076	0.2208	0.0293	0.1412
125	0.0075	0.2211	0.0292	0.1413
126	0.0075	0.2212	0.0293	0.1412
127	0.0079	0.2210	0.0292	0.1411
128	0.0079	0.2211	0.0293	0.1411
129	0.0075	0.2207	0.0292	0.1408
130	0.0081	0.2209	0.0292	0.1407
131	0.0078	0.2209	0.0292	0.1408
132	0.0076	0.2213	0.0292	0.1411
133	0.0075	0.2214	0.0292	0.1412
134	0.0076	0.2214	0.0293	0.1414
135	0.0078	0.2206	0.0292	0.1413
136	0.0074	0.2209	0.0292	0.1417
137	0.0073	0.2215	0.0292	0.1419
138	0.0076	0.2216	0.0293	0.1419
139	0.0075	0.2221	0.0293	0.1419
140	0.0073	0.2222	0.0293	0.1421
141	0.0074	0.2218	0.0293	0.1423
142	0.0078	0.2222	0.0293	0.1421
143	0.0076	0.2214	0.0292	0.1418
144	0.0073	0.2223	0.0293	0.1424
145	0.0072	0.2213	0.0292	0.1420
146	0.0068	0.2213	0.0292	0.1419
147	0.0072	0.2214	0.0292	0.1419
148	0.0075	0.2211	0.0292	0.1417
149	0.0074	0.2212	0.0292	0.1416
150	0.0075	0.2218	0.0292	0.1418
