{"n_layers": 0, "device": "cuda", "batch_size": 2048, "embedding_dim": 1024, "learning_rate": 0.001, "dataset": "dbbook", "epochs": 150, "model": "ef-mmlgcn", "fusion": "max", "top_k": [5, 10, 20, 50], "seed": 19, "multimodal": true}
Epoch	Loss	Precision@5	Recall@5	NDCG@5	Precision@10	Recall@10	NDCG@10	Precision@20	Recall@20	NDCG@20	Precision@50	Recall@50	NDCG@50
1	0.6923	0.0058	0.005	0.007	0.0049	0.0084	0.0076	0.0042	0.0136	0.0098	0.0033	0.0264	0.0143
2	0.6699	0.0165	0.0145	0.0209	0.0117	0.0198	0.0205	0.0085	0.028	0.0237	0.0058	0.046	0.0302
3	0.6488	0.0268	0.0224	0.0337	0.0188	0.0307	0.0324	0.0133	0.0423	0.0369	0.0085	0.0668	0.0456
4	0.6241	0.0386	0.0301	0.0468	0.0276	0.0434	0.0451	0.0191	0.059	0.0509	0.0118	0.0903	0.0622
5	0.5941	0.0483	0.0371	0.0584	0.0357	0.0549	0.0571	0.0255	0.0777	0.0659	0.0151	0.1144	0.0791
6	0.5575	0.0544	0.0414	0.0652	0.0413	0.0629	0.0646	0.0296	0.089	0.0747	0.0181	0.1354	0.0915
7	0.5147	0.0582	0.0444	0.0702	0.0445	0.0667	0.0695	0.0326	0.0978	0.0814	0.0206	0.1534	0.1016
8	0.4669	0.0604	0.0458	0.0723	0.0463	0.0692	0.0717	0.0349	0.1042	0.0854	0.0224	0.1676	0.1082
9	0.4177	0.0616	0.0465	0.0734	0.0478	0.0719	0.0736	0.0363	0.1073	0.0878	0.0238	0.1785	0.1132
10	0.3685	0.063	0.0482	0.0746	0.0486	0.0733	0.0745	0.037	0.1094	0.089	0.0246	0.184	0.1158
11	0.3227	0.0631	0.0479	0.0751	0.0493	0.0741	0.0755	0.0379	0.1119	0.0907	0.0253	0.1874	0.1179
12	0.2822	0.0651	0.0499	0.0767	0.0502	0.0758	0.0766	0.0384	0.1138	0.0918	0.0258	0.1906	0.1197
13	0.2462	0.0658	0.0505	0.0778	0.0509	0.077	0.0779	0.0386	0.1147	0.0929	0.0262	0.1928	0.1214
14	0.2153	0.0658	0.0506	0.078	0.0513	0.078	0.0786	0.0388	0.1153	0.0935	0.0266	0.196	0.1229
15	0.1891	0.0664	0.051	0.0785	0.0514	0.0781	0.0789	0.0394	0.1171	0.0945	0.0268	0.1983	0.1239
16	0.1678	0.0672	0.0517	0.0792	0.052	0.079	0.0796	0.0397	0.1178	0.0952	0.0271	0.1993	0.1249
17	0.1487	0.0674	0.0517	0.0799	0.0523	0.0799	0.0804	0.0401	0.119	0.0962	0.0274	0.2014	0.1262
18	0.1321	0.0683	0.0527	0.0807	0.0528	0.0805	0.081	0.0403	0.1198	0.0969	0.0276	0.2031	0.1272
19	0.1187	0.0683	0.053	0.0812	0.0532	0.0816	0.0819	0.0405	0.1206	0.0977	0.0278	0.2053	0.1284
20	0.1071	0.0692	0.0536	0.082	0.0535	0.0821	0.0824	0.041	0.1218	0.0986	0.028	0.2068	0.1293
21	0.0975	0.0699	0.0544	0.0829	0.0538	0.0826	0.0831	0.0411	0.1227	0.0993	0.028	0.2076	0.13
22	0.0879	0.0708	0.0552	0.0836	0.0541	0.083	0.0834	0.0415	0.1244	0.1	0.0283	0.2095	0.1309
23	0.0807	0.0704	0.055	0.0835	0.0542	0.0834	0.0837	0.0417	0.1252	0.1006	0.0284	0.2103	0.1315
24	0.0745	0.0709	0.0559	0.0839	0.0548	0.0844	0.0843	0.042	0.1255	0.101	0.0286	0.2115	0.1321
25	0.0681	0.0711	0.0559	0.0841	0.0551	0.0848	0.0846	0.0421	0.1264	0.1013	0.0286	0.2119	0.1324
26	0.0627	0.0714	0.0562	0.0843	0.055	0.0849	0.0846	0.0423	0.1275	0.1018	0.0287	0.2126	0.1329
27	0.0583	0.0716	0.0562	0.0846	0.0553	0.0855	0.0852	0.0423	0.1278	0.1022	0.0288	0.2139	0.1336
28	0.0544	0.0715	0.0559	0.0846	0.0555	0.0855	0.0853	0.0425	0.1286	0.1026	0.0289	0.2151	0.1341
29	0.0507	0.0717	0.0563	0.0848	0.0558	0.0862	0.0857	0.0427	0.1291	0.1029	0.029	0.2159	0.1345
30	0.0476	0.072	0.0568	0.0852	0.0562	0.0867	0.0862	0.043	0.1302	0.1036	0.0291	0.217	0.1351
31	0.0443	0.0728	0.0574	0.0858	0.0563	0.0866	0.0864	0.0432	0.1309	0.1041	0.0293	0.2177	0.1357
32	0.0410	0.0735	0.0582	0.0865	0.0564	0.0871	0.0868	0.0432	0.1309	0.1044	0.0293	0.2179	0.1361
33	0.0390	0.0735	0.0581	0.0864	0.0567	0.0879	0.087	0.0434	0.1315	0.1045	0.0294	0.2184	0.1363
34	0.0366	0.0738	0.0581	0.087	0.057	0.0885	0.0878	0.0436	0.1322	0.1054	0.0294	0.2191	0.137
35	0.0341	0.0744	0.0584	0.0875	0.057	0.0884	0.0879	0.0437	0.1324	0.1056	0.0295	0.2195	0.1373
36	0.0329	0.0744	0.0584	0.0875	0.0572	0.0888	0.0881	0.0437	0.1325	0.1056	0.0294	0.2195	0.1374
37	0.0309	0.0746	0.0589	0.0879	0.057	0.0881	0.0879	0.0436	0.1326	0.1058	0.0294	0.2193	0.1374
38	0.0294	0.0749	0.0592	0.0882	0.0574	0.0887	0.0884	0.0436	0.1327	0.106	0.0295	0.2198	0.1378
39	0.0285	0.0743	0.0588	0.0879	0.0576	0.0892	0.0887	0.0438	0.1336	0.1064	0.0295	0.2199	0.138
40	0.0275	0.0747	0.0592	0.0884	0.0576	0.0896	0.0891	0.0438	0.1339	0.1067	0.0296	0.221	0.1386
41	0.0257	0.0747	0.0592	0.0887	0.058	0.0904	0.0897	0.0441	0.1352	0.1075	0.0296	0.2208	0.1389
42	0.0246	0.075	0.0598	0.089	0.058	0.0905	0.0898	0.0442	0.1355	0.1076	0.0297	0.2217	0.1393
43	0.0242	0.0753	0.0599	0.0894	0.0582	0.0908	0.0901	0.0444	0.1362	0.1082	0.0298	0.2222	0.1396
44	0.0232	0.0749	0.0594	0.0887	0.058	0.0908	0.0898	0.0444	0.136	0.1079	0.0299	0.2234	0.1397
45	0.0218	0.0753	0.0596	0.0891	0.0581	0.0909	0.09	0.0444	0.1358	0.108	0.0299	0.2239	0.1401
46	0.0211	0.075	0.0596	0.0895	0.0581	0.0916	0.0907	0.0445	0.1361	0.1086	0.03	0.2247	0.1409
47	0.0205	0.0754	0.0602	0.09	0.0583	0.0919	0.0911	0.0446	0.1366	0.1091	0.03	0.2247	0.1411
48	0.0197	0.076	0.0606	0.0904	0.0586	0.0921	0.0913	0.0448	0.1368	0.1094	0.03	0.2254	0.1414
49	0.0196	0.0758	0.0604	0.0903	0.0588	0.0925	0.0916	0.0446	0.1364	0.1093	0.03	0.2261	0.1416
50	0.0186	0.0759	0.0604	0.0903	0.0588	0.0923	0.0915	0.0447	0.1368	0.1094	0.0301	0.2258	0.1416
51	0.0176	0.0766	0.061	0.0911	0.0592	0.0929	0.0922	0.0448	0.1372	0.1099	0.03	0.2252	0.1419
52	0.0169	0.0766	0.061	0.0911	0.0592	0.0928	0.0922	0.0449	0.1376	0.1101	0.03	0.2255	0.142
53	0.0170	0.0769	0.061	0.0914	0.0592	0.0935	0.0924	0.0451	0.1382	0.1104	0.03	0.2254	0.1421
54	0.0169	0.0775	0.0617	0.092	0.0593	0.0938	0.0927	0.0452	0.1386	0.1107	0.0301	0.2258	0.1423
55	0.0164	0.0773	0.0617	0.0919	0.0595	0.094	0.0929	0.0451	0.1384	0.1107	0.0301	0.2263	0.1425
56	0.0161	0.0774	0.0616	0.0923	0.0598	0.0942	0.0933	0.0452	0.1384	0.1111	0.0301	0.2263	0.1429
57	0.0152	0.0773	0.0615	0.0921	0.0599	0.0945	0.0934	0.0452	0.1384	0.1111	0.0301	0.2267	0.143
58	0.0154	0.0768	0.0611	0.0917	0.0601	0.0949	0.0935	0.0451	0.1382	0.1109	0.0301	0.2267	0.1429
59	0.0146	0.077	0.0615	0.092	0.0602	0.0952	0.0938	0.0453	0.1385	0.1112	0.0302	0.2271	0.1432
60	0.0140	0.077	0.0615	0.0919	0.0605	0.095	0.0937	0.0454	0.1391	0.1112	0.0302	0.2273	0.1431
61	0.0138	0.0774	0.062	0.0921	0.0603	0.0949	0.0936	0.0455	0.1395	0.1114	0.0302	0.2271	0.1431
62	0.0141	0.0779	0.0623	0.0927	0.0601	0.0942	0.0936	0.0455	0.1395	0.1117	0.0302	0.2274	0.1436
63	0.0134	0.0779	0.0625	0.0929	0.0601	0.0943	0.0938	0.0455	0.1394	0.1119	0.0303	0.2275	0.1439
64	0.0134	0.0778	0.0622	0.0928	0.0605	0.0947	0.094	0.0456	0.1396	0.1119	0.0302	0.2272	0.1438
65	0.0128	0.078	0.0626	0.0932	0.0605	0.0946	0.0943	0.0456	0.1399	0.1123	0.0303	0.2274	0.1442
66	0.0122	0.0779	0.0625	0.0933	0.0605	0.0945	0.0943	0.0457	0.14	0.1125	0.0302	0.2272	0.1441
67	0.0126	0.0781	0.0623	0.0931	0.0604	0.0947	0.0941	0.0456	0.1395	0.1121	0.0302	0.2271	0.1439
68	0.0120	0.0779	0.0621	0.0934	0.0606	0.0947	0.0945	0.0457	0.1398	0.1125	0.0302	0.2271	0.1442
69	0.0122	0.0785	0.0625	0.094	0.0609	0.0953	0.0949	0.0458	0.1402	0.1129	0.0302	0.2275	0.1445
70	0.0114	0.0784	0.0625	0.094	0.0611	0.0954	0.0951	0.0459	0.1405	0.1131	0.0302	0.2276	0.1447
71	0.0117	0.0786	0.0627	0.0942	0.0612	0.096	0.0954	0.0461	0.141	0.1134	0.0303	0.2279	0.1449
72	0.0116	0.0781	0.0622	0.0936	0.0612	0.0958	0.0952	0.046	0.1408	0.1131	0.0303	0.228	0.1448
73	0.0114	0.0787	0.0631	0.0942	0.0612	0.0959	0.0953	0.0461	0.1411	0.1133	0.0303	0.2279	0.1448
74	0.0107	0.0786	0.0632	0.0943	0.0611	0.0958	0.0954	0.046	0.141	0.1135	0.0303	0.2278	0.1451
75	0.0109	0.0786	0.0626	0.0942	0.0611	0.0959	0.0955	0.046	0.141	0.1136	0.0303	0.2281	0.1452
76	0.0110	0.0788	0.0628	0.0942	0.0614	0.0966	0.0957	0.0461	0.1413	0.1136	0.0303	0.2288	0.1452
77	0.0108	0.0788	0.0633	0.0941	0.0616	0.0966	0.0955	0.0462	0.1415	0.1135	0.0304	0.2288	0.1451
78	0.0103	0.0786	0.0629	0.0941	0.0617	0.0966	0.0958	0.0462	0.1412	0.1136	0.0304	0.2293	0.1454
79	0.0101	0.0787	0.0629	0.0945	0.0617	0.0966	0.096	0.0461	0.1411	0.1137	0.0303	0.2286	0.1454
80	0.0105	0.0788	0.063	0.0945	0.0615	0.0963	0.0958	0.046	0.1411	0.1136	0.0304	0.2288	0.1454
81	0.0100	0.0793	0.0636	0.0948	0.0613	0.0961	0.0956	0.0461	0.1411	0.1136	0.0303	0.2286	0.1453
82	0.0102	0.0787	0.063	0.0945	0.0611	0.0957	0.0954	0.0461	0.1411	0.1136	0.0303	0.2285	0.1452
83	0.0101	0.0784	0.0628	0.0939	0.0609	0.0955	0.0949	0.046	0.1411	0.1131	0.0303	0.2284	0.1449
84	0.0095	0.0787	0.0631	0.0943	0.0612	0.0956	0.0952	0.0462	0.1413	0.1135	0.0304	0.2287	0.1452
85	0.0094	0.0792	0.0633	0.0947	0.0614	0.0959	0.0956	0.0462	0.1414	0.1137	0.0304	0.2291	0.1455
86	0.0093	0.0791	0.0635	0.0948	0.0615	0.0959	0.0957	0.0464	0.1419	0.1141	0.0304	0.2295	0.1457
87	0.0095	0.0791	0.0638	0.0951	0.0615	0.0962	0.096	0.0463	0.1421	0.1143	0.0304	0.2295	0.1459
88	0.0098	0.0788	0.0633	0.095	0.0613	0.0963	0.0961	0.0463	0.1419	0.1144	0.0304	0.2291	0.1459
89	0.0090	0.0794	0.0635	0.0952	0.0612	0.0958	0.0957	0.0463	0.142	0.1142	0.0304	0.2294	0.1458
90	0.0090	0.0794	0.0633	0.0951	0.0611	0.0959	0.0957	0.0463	0.1422	0.1142	0.0304	0.2293	0.1458
91	0.0090	0.0798	0.0638	0.0955	0.0614	0.0961	0.096	0.0464	0.1427	0.1145	0.0304	0.2297	0.146
92	0.0088	0.08	0.064	0.0958	0.0616	0.0968	0.0964	0.0463	0.1421	0.1145	0.0304	0.2295	0.1462
93	0.0087	0.0797	0.0637	0.0956	0.0617	0.0971	0.0966	0.0463	0.1423	0.1146	0.0305	0.2298	0.1463
94	0.0088	0.0799	0.0639	0.0956	0.0617	0.097	0.0964	0.0463	0.1422	0.1144	0.0304	0.2298	0.1461
95	0.0087	0.0802	0.0642	0.0958	0.0617	0.0968	0.0964	0.0464	0.1423	0.1145	0.0304	0.2294	0.1461
96	0.0092	0.0804	0.0649	0.0962	0.0615	0.0965	0.0964	0.0463	0.1421	0.1145	0.0304	0.2298	0.1463
97	0.0091	0.0802	0.0648	0.0959	0.0614	0.0966	0.0962	0.0463	0.1427	0.1145	0.0305	0.2301	0.1462
98	0.0087	0.0801	0.0647	0.0955	0.0609	0.0957	0.0955	0.0463	0.1425	0.114	0.0304	0.23	0.1458
99	0.0086	0.0798	0.0645	0.0952	0.061	0.0956	0.0954	0.0462	0.1423	0.1138	0.0304	0.2298	0.1456
100	0.0083	0.0802	0.0648	0.0957	0.061	0.0958	0.0956	0.0462	0.1425	0.1141	0.0305	0.2304	0.146
101	0.0087	0.0806	0.0655	0.0964	0.0612	0.0963	0.0961	0.0464	0.1427	0.1145	0.0305	0.2305	0.1462
102	0.0082	0.0809	0.0656	0.0964	0.0611	0.0964	0.0959	0.0463	0.1427	0.1144	0.0305	0.2305	0.1462
103	0.0086	0.0808	0.0655	0.0964	0.0612	0.0966	0.0961	0.0464	0.1432	0.1146	0.0305	0.2309	0.1464
104	0.0084	0.0812	0.0657	0.0967	0.0615	0.097	0.0964	0.0464	0.1426	0.1145	0.0305	0.2307	0.1463
105	0.0081	0.0811	0.0657	0.0966	0.0614	0.0968	0.0962	0.0463	0.1424	0.1144	0.0305	0.2304	0.1463
106	0.0080	0.0808	0.0656	0.0964	0.0612	0.0965	0.0961	0.0464	0.1427	0.1145	0.0305	0.2305	0.1463
107	0.0082	0.0806	0.0652	0.0961	0.0615	0.0971	0.0963	0.0465	0.1432	0.1146	0.0306	0.2314	0.1465
108	0.0083	0.0807	0.065	0.0962	0.0615	0.0971	0.0965	0.0466	0.1435	0.1149	0.0306	0.2317	0.1468
109	0.0080	0.0807	0.065	0.096	0.0616	0.0971	0.0963	0.0465	0.1433	0.1146	0.0307	0.232	0.1468
110	0.0082	0.0809	0.0655	0.0964	0.0616	0.0971	0.0965	0.0465	0.1432	0.1148	0.0307	0.232	0.1469
111	0.0079	0.081	0.0658	0.0964	0.0617	0.0972	0.0965	0.0465	0.1434	0.1147	0.0306	0.2318	0.1467
112	0.0075	0.0809	0.0654	0.0963	0.0617	0.0973	0.0965	0.0465	0.1437	0.1148	0.0307	0.2322	0.1469
113	0.0077	0.081	0.0655	0.0962	0.0614	0.0971	0.0961	0.0464	0.1432	0.1145	0.0306	0.2315	0.1466
114	0.0076	0.081	0.0655	0.0962	0.0614	0.0972	0.0962	0.0463	0.1431	0.1145	0.0307	0.2319	0.1468
115	0.0083	0.0806	0.0657	0.0963	0.0615	0.0974	0.0965	0.0465	0.1434	0.1148	0.0307	0.2317	0.1469
116	0.0081	0.0806	0.0658	0.0962	0.0618	0.0978	0.0967	0.0464	0.1432	0.1147	0.0307	0.2322	0.147
117	0.0076	0.0804	0.0655	0.096	0.0616	0.0976	0.0965	0.0463	0.1429	0.1145	0.0306	0.2317	0.1467
118	0.0076	0.0804	0.0656	0.0961	0.0618	0.0978	0.0967	0.0464	0.1431	0.1147	0.0306	0.2316	0.1469
119	0.0075	0.0806	0.0656	0.0962	0.062	0.0983	0.097	0.0465	0.1434	0.115	0.0306	0.2315	0.1469
120	0.0077	0.0804	0.0653	0.0961	0.0618	0.0978	0.0969	0.0465	0.1436	0.1151	0.0306	0.2313	0.1469
121	0.0078	0.08	0.0647	0.0957	0.0616	0.0973	0.0966	0.0466	0.1438	0.1151	0.0305	0.2306	0.1466
122	0.0079	0.0801	0.0649	0.0959	0.0613	0.0967	0.0963	0.0464	0.1436	0.1149	0.0304	0.2301	0.1464
123	0.0079	0.0804	0.0653	0.0962	0.0616	0.0971	0.0966	0.0464	0.1433	0.1148	0.0304	0.2298	0.1464
124	0.0076	0.0806	0.0653	0.0966	0.0617	0.0971	0.0969	0.0463	0.1433	0.1151	0.0304	0.2299	0.1467
125	0.0077	0.0805	0.065	0.0964	0.062	0.0976	0.0971	0.0464	0.1439	0.1153	0.0305	0.23	0.1468
126	0.0073	0.0808	0.0652	0.0968	0.0619	0.0975	0.0973	0.0464	0.1439	0.1155	0.0305	0.2302	0.147
127	0.0071	0.0811	0.0651	0.0972	0.0618	0.0975	0.0974	0.0464	0.144	0.1158	0.0305	0.2303	0.1473
128	0.0072	0.081	0.0653	0.097	0.062	0.0979	0.0975	0.0464	0.144	0.1156	0.0305	0.2305	0.1472
129	0.0076	0.0808	0.0652	0.0973	0.0621	0.098	0.0979	0.0464	0.144	0.1159	0.0305	0.2305	0.1475
130	0.0074	0.0806	0.0649	0.097	0.0619	0.0978	0.0977	0.0465	0.1445	0.116	0.0305	0.2309	0.1476
131	0.0073	0.0801	0.0646	0.0963	0.0616	0.0972	0.097	0.0464	0.1447	0.1156	0.0305	0.2307	0.1471
132	0.0078	0.0799	0.0645	0.096	0.0619	0.0978	0.097	0.0463	0.1445	0.1153	0.0305	0.2305	0.1468
133	0.0073	0.0802	0.0648	0.0961	0.0617	0.0977	0.0969	0.0464	0.1446	0.1153	0.0305	0.2308	0.1468
134	0.0075	0.0797	0.0644	0.0956	0.0617	0.0977	0.0968	0.0464	0.1445	0.1152	0.0305	0.231	0.1467
135	0.0074	0.0797	0.0642	0.0957	0.0616	0.0971	0.0966	0.0464	0.1441	0.1152	0.0305	0.2312	0.1468
136	0.0074	0.0797	0.0642	0.0959	0.0617	0.0974	0.0969	0.0464	0.1442	0.1154	0.0305	0.2315	0.147
137	0.0072	0.0804	0.0646	0.0964	0.0616	0.0975	0.097	0.0464	0.1439	0.1154	0.0305	0.2316	0.1472
138	0.0074	0.0797	0.0642	0.0957	0.0616	0.0977	0.0968	0.0466	0.1443	0.1153	0.0305	0.2318	0.147
139	0.0071	0.0796	0.0638	0.0956	0.0616	0.0975	0.0967	0.0467	0.1445	0.1154	0.0305	0.2313	0.1469
140	0.0073	0.0791	0.0635	0.0951	0.0616	0.0976	0.0965	0.0465	0.1443	0.1151	0.0305	0.2313	0.1466
141	0.0068	0.0786	0.0631	0.0947	0.0612	0.0971	0.0962	0.0464	0.1438	0.1149	0.0305	0.2312	0.1465
142	0.0070	0.079	0.0636	0.0952	0.0615	0.0975	0.0965	0.0464	0.1442	0.1151	0.0305	0.2314	0.1467
143	0.0073	0.0794	0.0639	0.0954	0.0614	0.0976	0.0965	0.0464	0.1443	0.1151	0.0305	0.2312	0.1466
144	0.0074	0.0796	0.0642	0.0956	0.0614	0.0973	0.0965	0.0463	0.144	0.115	0.0305	0.2314	0.1467
145	0.0074	0.0796	0.0644	0.0955	0.0612	0.0971	0.0963	0.0463	0.144	0.1149	0.0305	0.2319	0.1468
146	0.0071	0.0798	0.0646	0.0958	0.0615	0.0979	0.0969	0.0464	0.144	0.1152	0.0305	0.2322	0.1471
147	0.0073	0.0802	0.0649	0.0964	0.0617	0.098	0.0972	0.0464	0.144	0.1154	0.0306	0.2325	0.1474
148	0.0070	0.0803	0.0648	0.0969	0.0618	0.0981	0.0977	0.0466	0.1443	0.1161	0.0306	0.2323	0.1479
149	0.0073	0.0805	0.065	0.0971	0.0619	0.0982	0.0978	0.0466	0.1445	0.1162	0.0307	0.2329	0.1481
150	0.0069	0.0805	0.0651	0.097	0.062	0.0982	0.0978	0.0465	0.1445	0.1161	0.0306	0.2331	0.1481
