{"n_layers": 2, "device": "cuda", "batch_size": 2048, "embedding_dim": 128, "learning_rate": 0.001, "dataset": "dbbook", "epochs": 150, "top_k": 50, "multimodal": false, "datasets": {"dbbook": ["images", "text"], "ml1m": ["audio", "images", "text", "video"]}}
Epoch	Loss	Recall	Precision	NDCG
1	0.6922	0.1204	0.0174	0.0657
2	0.6871	0.1321	0.0193	0.0690
3	0.6676	0.1253	0.0185	0.0647
4	0.6234	0.1229	0.0181	0.0635
5	0.5586	0.1219	0.0180	0.0629
6	0.4901	0.1213	0.0179	0.0624
7	0.4328	0.1218	0.0180	0.0628
8	0.3927	0.1228	0.0182	0.0635
9	0.3609	0.1251	0.0185	0.0645
10	0.3439	0.1258	0.0186	0.0649
11	0.3230	0.1271	0.0188	0.0658
12	0.3076	0.1287	0.0190	0.0666
13	0.2959	0.1303	0.0192	0.0675
14	0.2847	0.1327	0.0194	0.0687
15	0.2745	0.1342	0.0197	0.0695
16	0.2616	0.1373	0.0200	0.0712
17	0.2529	0.1389	0.0202	0.0726
18	0.2408	0.1410	0.0205	0.0744
19	0.2339	0.1437	0.0208	0.0759
20	0.2269	0.1455	0.0210	0.0771
21	0.2163	0.1472	0.0212	0.0786
22	0.2127	0.1499	0.0216	0.0800
23	0.2031	0.1521	0.0218	0.0812
24	0.1966	0.1547	0.0222	0.0823
25	0.1874	0.1578	0.0225	0.0837
26	0.1832	0.1601	0.0227	0.0850
27	0.1751	0.1623	0.0230	0.0862
28	0.1680	0.1642	0.0233	0.0870
29	0.1635	0.1656	0.0234	0.0877
30	0.1586	0.1680	0.0237	0.0888
31	0.1544	0.1693	0.0238	0.0897
32	0.1503	0.1707	0.0241	0.0909
33	0.1443	0.1727	0.0243	0.0920
34	0.1388	0.1747	0.0245	0.0929
35	0.1367	0.1758	0.0247	0.0937
36	0.1304	0.1770	0.0248	0.0945
37	0.1282	0.1785	0.0250	0.0955
38	0.1239	0.1794	0.0252	0.0965
39	0.1220	0.1798	0.0253	0.0971
40	0.1185	0.1814	0.0254	0.0979
41	0.1145	0.1827	0.0256	0.0987
42	0.1120	0.1837	0.0257	0.0992
43	0.1089	0.1848	0.0258	0.1000
44	0.1058	0.1871	0.0259	0.1008
45	0.1033	0.1876	0.0260	0.1011
46	0.1012	0.1891	0.0261	0.1022
47	0.0969	0.1898	0.0262	0.1026
48	0.0948	0.1915	0.0264	0.1033
49	0.0915	0.1921	0.0265	0.1037
50	0.0907	0.1927	0.0265	0.1042
51	0.0882	0.1929	0.0265	0.1045
52	0.0857	0.1934	0.0266	0.1051
53	0.0824	0.1944	0.0267	0.1055
54	0.0831	0.1946	0.0268	0.1058
55	0.0808	0.1946	0.0268	0.1060
56	0.0791	0.1945	0.0268	0.1060
57	0.0769	0.1947	0.0268	0.1061
58	0.0747	0.1953	0.0268	0.1063
59	0.0724	0.1954	0.0268	0.1064
60	0.0719	0.1957	0.0268	0.1068
61	0.0719	0.1963	0.0269	0.1074
62	0.0704	0.1969	0.0270	0.1081
63	0.0688	0.1984	0.0271	0.1088
64	0.0656	0.1989	0.0272	0.1093
65	0.0658	0.1998	0.0272	0.1098
66	0.0632	0.2005	0.0273	0.1102
67	0.0618	0.2005	0.0273	0.1104
68	0.0601	0.2013	0.0274	0.1110
69	0.0603	0.2021	0.0275	0.1116
70	0.0568	0.2024	0.0275	0.1120
71	0.0567	0.2025	0.0275	0.1121
72	0.0555	0.2031	0.0275	0.1124
73	0.0561	0.2039	0.0276	0.1129
74	0.0549	0.2043	0.0276	0.1135
75	0.0522	0.2044	0.0276	0.1137
76	0.0530	0.2045	0.0277	0.1139
77	0.0533	0.2049	0.0277	0.1142
78	0.0506	0.2056	0.0278	0.1146
79	0.0500	0.2059	0.0278	0.1147
80	0.0483	0.2065	0.0279	0.1151
81	0.0483	0.2062	0.0278	0.1151
82	0.0483	0.2067	0.0278	0.1153
83	0.0465	0.2065	0.0278	0.1154
84	0.0452	0.2070	0.0278	0.1156
85	0.0459	0.2079	0.0280	0.1159
86	0.0449	0.2080	0.0280	0.1161
87	0.0434	0.2081	0.0279	0.1163
88	0.0431	0.2082	0.0280	0.1165
89	0.0426	0.2080	0.0279	0.1165
90	0.0410	0.2083	0.0280	0.1168
91	0.0397	0.2082	0.0280	0.1168
92	0.0407	0.2091	0.0280	0.1171
93	0.0410	0.2091	0.0280	0.1173
94	0.0383	0.2088	0.0280	0.1176
95	0.0384	0.2092	0.0281	0.1178
96	0.0373	0.2094	0.0281	0.1178
97	0.0374	0.2099	0.0281	0.1178
98	0.0367	0.2095	0.0280	0.1179
99	0.0360	0.2098	0.0281	0.1180
100	0.0357	0.2096	0.0280	0.1181
101	0.0355	0.2093	0.0280	0.1182
102	0.0359	0.2096	0.0280	0.1183
103	0.0343	0.2098	0.0280	0.1184
104	0.0335	0.2100	0.0280	0.1185
105	0.0330	0.2104	0.0281	0.1187
106	0.0335	0.2101	0.0280	0.1187
107	0.0323	0.2109	0.0281	0.1191
108	0.0307	0.2114	0.0281	0.1193
109	0.0320	0.2105	0.0280	0.1194
110	0.0308	0.2106	0.0281	0.1196
111	0.0307	0.2111	0.0281	0.1198
112	0.0294	0.2115	0.0281	0.1199
113	0.0303	0.2114	0.0281	0.1200
114	0.0286	0.2119	0.0281	0.1202
115	0.0284	0.2119	0.0282	0.1200
116	0.0278	0.2124	0.0282	0.1202
117	0.0296	0.2125	0.0282	0.1202
118	0.0294	0.2124	0.0282	0.1203
119	0.0281	0.2122	0.0282	0.1204
120	0.0271	0.2124	0.0282	0.1205
121	0.0281	0.2125	0.0283	0.1206
122	0.0265	0.2126	0.0282	0.1207
123	0.0267	0.2131	0.0283	0.1208
124	0.0257	0.2129	0.0283	0.1208
125	0.0247	0.2126	0.0283	0.1208
126	0.0259	0.2127	0.0282	0.1208
127	0.0248	0.2127	0.0283	0.1210
128	0.0254	0.2133	0.0283	0.1212
129	0.0258	0.2127	0.0282	0.1210
130	0.0243	0.2127	0.0282	0.1211
131	0.0236	0.2127	0.0282	0.1212
132	0.0243	0.2128	0.0282	0.1212
133	0.0224	0.2125	0.0282	0.1211
134	0.0239	0.2123	0.0282	0.1212
135	0.0230	0.2121	0.0281	0.1210
136	0.0227	0.2120	0.0281	0.1211
137	0.0242	0.2120	0.0281	0.1211
138	0.0222	0.2118	0.0281	0.1210
139	0.0250	0.2120	0.0281	0.1211
140	0.0222	0.2116	0.0281	0.1212
141	0.0216	0.2118	0.0281	0.1212
142	0.0219	0.2119	0.0281	0.1212
143	0.0212	0.2115	0.0280	0.1214
144	0.0211	0.2119	0.0281	0.1216
145	0.0207	0.2116	0.0280	0.1214
146	0.0216	0.2117	0.0281	0.1214
147	0.0206	0.2117	0.0281	0.1213
148	0.0207	0.2115	0.0280	0.1214
149	0.0210	0.2115	0.0281	0.1217
150	0.0197	0.2116	0.0281	0.1218
