{"device": "cuda:1", "multimodal": true, "embedding_dim": 512, "n_layers": 2, "epochs": 500, "learning_rate": 0.001, "log": true, "seed": 19, "top_k": [5, 10, 20, 50], "dataset": "ml1m", "batch_size": 8192, "single_branch": false, "autoencoder": false, "ensemble_fusion": false, "freeze": true, "fusion_modalities": "mean", "fusion_type": "late", "info_nce": false, "weighting": "normalized", "datasets": {"dbbook": ["images", "text"], "ml1m": ["audio", "images", "text", "video"]}}
Epoch	T-Loss	V-Loss	Precision@5	Recall@5	NDCG@5	Precision@10	Recall@10	NDCG@10	Precision@20	Recall@20	NDCG@20	Precision@50	Recall@50	NDCG@50
1	0.6927	0.6904	0.0745	0.0182	0.0778	0.0685	0.033	0.0751	0.0605	0.0585	0.0756	0.0493	0.1189	0.092
2	0.6711	0.6411	0.1506	0.0469	0.1579	0.1362	0.0825	0.154	0.1168	0.1399	0.1591	0.0881	0.2659	0.1941
3	0.6044	0.5741	0.1111	0.0346	0.1167	0.1019	0.0626	0.115	0.0904	0.1099	0.1218	0.0736	0.2158	0.1545
4	0.5476	0.5277	0.1069	0.0343	0.1137	0.0984	0.06	0.1119	0.0884	0.1066	0.1192	0.073	0.215	0.1531
5	0.508	0.495	0.1109	0.035	0.1179	0.1019	0.0628	0.1161	0.0902	0.1084	0.1223	0.0742	0.218	0.1562
6	0.4781	0.4693	0.1117	0.0353	0.1172	0.1024	0.0627	0.1156	0.0919	0.1105	0.1232	0.0758	0.2231	0.1586
7	0.4551	0.4494	0.1181	0.0363	0.1247	0.1084	0.0664	0.1229	0.0974	0.1169	0.1307	0.0789	0.2338	0.1664
8	0.4361	0.4311	0.1247	0.0387	0.1314	0.1138	0.0699	0.1291	0.1023	0.1247	0.1381	0.0813	0.241	0.1732
9	0.4201	0.4191	0.1254	0.0397	0.1332	0.1145	0.0711	0.1308	0.1026	0.1259	0.1396	0.0828	0.2457	0.1763
10	0.4062	0.4068	0.1308	0.0411	0.1378	0.1213	0.0757	0.137	0.107	0.1309	0.1448	0.0845	0.2523	0.1812
11	0.3956	0.3967	0.1354	0.0427	0.1436	0.1252	0.0784	0.1423	0.1107	0.1363	0.1506	0.0861	0.2582	0.1863
12	0.3854	0.3857	0.1393	0.0438	0.1461	0.128	0.0803	0.1446	0.112	0.1372	0.152	0.0875	0.2625	0.1891
13	0.3765	0.3778	0.1465	0.047	0.1534	0.1345	0.0861	0.1521	0.1151	0.1417	0.1576	0.0891	0.2688	0.1948
14	0.3675	0.3709	0.146	0.0469	0.1532	0.1318	0.0837	0.15	0.1146	0.1411	0.157	0.0898	0.2717	0.1959
15	0.3605	0.3655	0.1536	0.0506	0.1614	0.1377	0.0875	0.1574	0.1176	0.1455	0.1629	0.0918	0.2797	0.2025
16	0.3539	0.3602	0.1506	0.0493	0.1584	0.1366	0.0872	0.1555	0.1191	0.1471	0.163	0.0924	0.2798	0.2022
17	0.3481	0.3548	0.1551	0.0502	0.1617	0.1404	0.0894	0.1589	0.1222	0.1527	0.1669	0.0936	0.2853	0.2055
18	0.3423	0.3494	0.1588	0.0517	0.168	0.1402	0.0893	0.1617	0.1219	0.1508	0.1688	0.0943	0.287	0.2087
19	0.3371	0.3435	0.1621	0.0533	0.1705	0.146	0.0951	0.1671	0.125	0.1583	0.1738	0.0953	0.2925	0.2126
20	0.3328	0.339	0.1629	0.0532	0.1715	0.1467	0.0931	0.1674	0.1269	0.1583	0.1751	0.0967	0.2962	0.2148
21	0.327	0.3372	0.1671	0.0554	0.1752	0.1483	0.0955	0.1699	0.1275	0.1609	0.1771	0.0968	0.2963	0.2162
22	0.3242	0.3312	0.1684	0.0561	0.1775	0.1484	0.0961	0.1712	0.1287	0.1617	0.179	0.0978	0.3006	0.219
23	0.32	0.3302	0.1689	0.0568	0.1799	0.1515	0.0983	0.175	0.13	0.1644	0.1819	0.0984	0.3035	0.2219
24	0.3171	0.3239	0.1712	0.0567	0.181	0.1534	0.0991	0.1763	0.1317	0.167	0.1836	0.0988	0.3048	0.2228
25	0.3137	0.3241	0.1749	0.0593	0.185	0.1541	0.1006	0.1784	0.1325	0.1681	0.1859	0.0994	0.3072	0.2255
26	0.3103	0.3202	0.1768	0.0599	0.1871	0.1578	0.1033	0.1821	0.1341	0.1717	0.1887	0.1005	0.3124	0.2287
27	0.3066	0.318	0.1779	0.0596	0.1882	0.158	0.1029	0.1827	0.1347	0.1719	0.1896	0.1009	0.3107	0.229
28	0.3039	0.313	0.1816	0.062	0.1926	0.1617	0.1073	0.1874	0.136	0.1743	0.1928	0.1015	0.3147	0.2323
29	0.3024	0.3112	0.1859	0.0631	0.1969	0.1638	0.1085	0.1902	0.1381	0.1773	0.1959	0.1021	0.3184	0.235
30	0.2993	0.3116	0.1872	0.0637	0.1982	0.1651	0.1091	0.1915	0.1391	0.1788	0.1972	0.1027	0.319	0.236
31	0.2965	0.307	0.1873	0.063	0.1981	0.1641	0.1078	0.1907	0.1395	0.1793	0.1975	0.1031	0.3195	0.2365
32	0.2949	0.3068	0.1879	0.0634	0.1998	0.1658	0.1106	0.1931	0.1403	0.1811	0.1993	0.1034	0.3214	0.2383
33	0.2919	0.3051	0.1904	0.0639	0.2021	0.168	0.1111	0.1953	0.1413	0.1826	0.2013	0.1039	0.3247	0.2405
34	0.2905	0.3002	0.1924	0.0659	0.2043	0.1688	0.1118	0.1966	0.1425	0.185	0.2032	0.1044	0.3266	0.2421
35	0.2891	0.3028	0.1939	0.066	0.2068	0.1716	0.1146	0.2	0.1426	0.186	0.2048	0.1051	0.3288	0.2443
36	0.2864	0.297	0.195	0.0667	0.2077	0.1723	0.115	0.2012	0.1438	0.1872	0.2066	0.1052	0.3304	0.2459
37	0.2844	0.2981	0.1997	0.0691	0.2119	0.1734	0.1164	0.2031	0.1452	0.1896	0.2089	0.1056	0.3309	0.2474
38	0.2824	0.2946	0.1977	0.0667	0.2109	0.1729	0.1168	0.2031	0.1456	0.1892	0.2089	0.1065	0.3335	0.2487
39	0.2808	0.2955	0.1987	0.0679	0.2115	0.174	0.1164	0.2035	0.1462	0.1908	0.2096	0.1068	0.3347	0.2492
40	0.2783	0.2947	0.2001	0.0686	0.2129	0.1773	0.1194	0.2067	0.1469	0.192	0.2115	0.1073	0.3373	0.2515
41	0.2779	0.2942	0.2029	0.0702	0.2164	0.1773	0.12	0.2083	0.1477	0.1931	0.2134	0.1077	0.3382	0.2532
42	0.2762	0.292	0.2057	0.0705	0.2183	0.1789	0.1196	0.2093	0.1491	0.1958	0.2151	0.1079	0.3395	0.254
43	0.275	0.2894	0.2059	0.071	0.2189	0.1796	0.1208	0.2103	0.149	0.1952	0.2151	0.108	0.3396	0.2542
44	0.2716	0.2886	0.204	0.07	0.2178	0.1796	0.1203	0.2103	0.1491	0.1964	0.2155	0.1086	0.3417	0.2553
45	0.2719	0.2897	0.2085	0.0723	0.2217	0.1818	0.1226	0.213	0.1512	0.1983	0.2183	0.1085	0.3424	0.2569
46	0.2705	0.2871	0.2108	0.0735	0.2249	0.1837	0.125	0.2163	0.1516	0.1999	0.2205	0.109	0.3437	0.259
47	0.2681	0.2879	0.2094	0.0734	0.2237	0.1846	0.1261	0.2167	0.1525	0.1995	0.2207	0.1098	0.3455	0.2599
48	0.2675	0.2851	0.21	0.073	0.223	0.1836	0.1243	0.2148	0.1528	0.2013	0.2204	0.1097	0.3457	0.2591
49	0.2664	0.2853	0.2117	0.0738	0.2251	0.1843	0.1262	0.2166	0.1535	0.2034	0.2224	0.1102	0.3472	0.261
50	0.2658	0.2835	0.2143	0.0743	0.2279	0.1865	0.1266	0.2189	0.1544	0.2032	0.2236	0.1107	0.3504	0.2628
51	0.2641	0.2833	0.2153	0.0749	0.2283	0.1872	0.1275	0.2194	0.1539	0.203	0.2234	0.1107	0.3499	0.2627
52	0.2626	0.2825	0.2162	0.0752	0.2295	0.1891	0.1292	0.2214	0.1554	0.2041	0.2252	0.1112	0.352	0.2647
53	0.2626	0.2804	0.2183	0.0767	0.2323	0.1901	0.1292	0.2233	0.1565	0.2057	0.2274	0.1119	0.3539	0.2668
54	0.2598	0.2802	0.2187	0.0762	0.2323	0.1916	0.1305	0.2244	0.1564	0.2067	0.2277	0.112	0.3534	0.267
55	0.2592	0.2787	0.2191	0.0761	0.2336	0.1913	0.1307	0.2249	0.1572	0.2084	0.2292	0.1125	0.3552	0.2685
56	0.2589	0.2797	0.2214	0.0778	0.2371	0.1919	0.1311	0.227	0.1576	0.2087	0.2309	0.1128	0.3569	0.2704
57	0.2576	0.2763	0.2213	0.078	0.2378	0.1917	0.1316	0.2276	0.1581	0.2096	0.232	0.1126	0.3567	0.2709
58	0.2569	0.2772	0.2215	0.0779	0.2372	0.1918	0.1314	0.2272	0.1587	0.2094	0.2318	0.113	0.3591	0.2713
59	0.2566	0.2781	0.2238	0.0788	0.2383	0.1932	0.1324	0.2281	0.159	0.2123	0.2328	0.1133	0.3596	0.2719
60	0.2549	0.2766	0.2257	0.0794	0.2415	0.1947	0.1343	0.231	0.1598	0.2134	0.2351	0.1133	0.36	0.2736
61	0.2525	0.276	0.2264	0.0796	0.2418	0.1955	0.134	0.2313	0.16	0.2135	0.2351	0.1137	0.3609	0.2738
62	0.2528	0.272	0.2271	0.0803	0.2425	0.1959	0.1349	0.232	0.1606	0.2141	0.2359	0.1139	0.3616	0.2746
63	0.251	0.2743	0.2244	0.0795	0.2397	0.1962	0.1361	0.2314	0.1609	0.2147	0.2354	0.1144	0.3631	0.2746
64	0.2504	0.2764	0.2278	0.0807	0.2441	0.1968	0.1353	0.2335	0.1612	0.2155	0.2375	0.1144	0.3642	0.2767
65	0.2487	0.271	0.2268	0.0807	0.2424	0.1962	0.1353	0.2325	0.1615	0.2158	0.2372	0.1147	0.3651	0.2765
66	0.2487	0.2735	0.2295	0.0819	0.2443	0.1977	0.137	0.2338	0.1613	0.2159	0.2372	0.1147	0.3649	0.2769
67	0.2468	0.2742	0.2269	0.0805	0.2417	0.1968	0.1368	0.2325	0.1617	0.2164	0.2371	0.1152	0.3668	0.2773
68	0.2471	0.2707	0.2275	0.0807	0.243	0.1969	0.137	0.2334	0.1616	0.2162	0.2376	0.1149	0.3649	0.277
69	0.2455	0.2721	0.2275	0.0808	0.2428	0.1983	0.1372	0.2341	0.1624	0.2176	0.2384	0.1151	0.3664	0.2777
70	0.2445	0.271	0.2278	0.0813	0.2433	0.1988	0.1381	0.2351	0.1626	0.2171	0.2389	0.1155	0.3681	0.2791
71	0.2457	0.269	0.2309	0.0827	0.2461	0.1995	0.1388	0.2363	0.1628	0.2177	0.2399	0.1157	0.3682	0.2798
72	0.2441	0.2705	0.2314	0.0823	0.2465	0.2006	0.14	0.2373	0.1637	0.2193	0.2409	0.116	0.3686	0.2804
73	0.2434	0.2704	0.2324	0.0835	0.2485	0.2022	0.1414	0.2395	0.164	0.2201	0.2423	0.1162	0.37	0.282
74	0.2426	0.2683	0.2351	0.0841	0.2511	0.2017	0.1403	0.24	0.1644	0.2213	0.2436	0.1166	0.3717	0.2834
75	0.2423	0.2674	0.2333	0.0833	0.2488	0.2017	0.1415	0.2393	0.1646	0.2212	0.2429	0.1167	0.3732	0.2831
76	0.2408	0.2697	0.2349	0.0834	0.2504	0.2022	0.1413	0.2401	0.1647	0.2217	0.2436	0.1169	0.3734	0.2838
77	0.2401	0.2675	0.2361	0.0855	0.2518	0.2016	0.1403	0.2401	0.1652	0.2215	0.2444	0.117	0.3739	0.2847
78	0.2395	0.2686	0.2377	0.0856	0.2534	0.2035	0.1424	0.2422	0.1661	0.2229	0.246	0.1173	0.3748	0.2858
79	0.2383	0.269	0.2362	0.0846	0.2513	0.2026	0.1418	0.2405	0.1656	0.223	0.2447	0.1173	0.3744	0.2847
80	0.239	0.2668	0.2375	0.0851	0.2522	0.203	0.1415	0.2406	0.1662	0.2234	0.245	0.1175	0.3754	0.2851
81	0.2365	0.268	0.2405	0.0865	0.2557	0.2052	0.1434	0.2438	0.167	0.2244	0.2473	0.1177	0.3755	0.2868
82	0.2356	0.2666	0.2383	0.0858	0.2541	0.2049	0.1438	0.2436	0.1669	0.2245	0.247	0.1182	0.3768	0.2873
83	0.2368	0.2671	0.2379	0.0863	0.2538	0.2058	0.1444	0.2441	0.1673	0.225	0.2474	0.1183	0.3785	0.2878
84	0.2353	0.2661	0.2385	0.0858	0.2546	0.2057	0.145	0.2446	0.1674	0.2251	0.2479	0.1183	0.3781	0.2883
85	0.2351	0.2654	0.2403	0.0872	0.2557	0.2063	0.1456	0.245	0.1674	0.2259	0.2482	0.1183	0.3789	0.2885
86	0.2352	0.2656	0.241	0.087	0.2586	0.2067	0.1449	0.2469	0.1683	0.2272	0.2505	0.1188	0.3811	0.2909
87	0.2339	0.2639	0.2406	0.0869	0.2576	0.207	0.1459	0.2469	0.1689	0.2287	0.2511	0.1188	0.3822	0.2913
88	0.2331	0.2649	0.2412	0.0876	0.2587	0.207	0.146	0.2474	0.1691	0.2282	0.2514	0.1193	0.3836	0.2922
89	0.2317	0.2649	0.2431	0.0891	0.26	0.2077	0.1462	0.2479	0.1694	0.2287	0.2516	0.1191	0.3828	0.292
90	0.2319	0.2647	0.242	0.0877	0.2591	0.2078	0.1472	0.2482	0.1695	0.2292	0.2521	0.1195	0.3832	0.2928
91	0.231	0.2616	0.2447	0.0894	0.2615	0.2087	0.1471	0.2493	0.1706	0.2301	0.2533	0.1198	0.3839	0.2935
92	0.2294	0.2649	0.245	0.0904	0.2617	0.2092	0.1477	0.2497	0.1703	0.2301	0.2533	0.1198	0.3837	0.2936
93	0.2299	0.264	0.2428	0.0892	0.2595	0.2084	0.1472	0.2485	0.1702	0.23	0.2526	0.12	0.3839	0.2932
94	0.229	0.263	0.2426	0.0881	0.2593	0.2093	0.1477	0.2491	0.1709	0.2308	0.2532	0.1202	0.3859	0.2939
95	0.2287	0.2645	0.244	0.0892	0.261	0.2103	0.1492	0.2506	0.1713	0.2308	0.2541	0.1205	0.3869	0.2951
96	0.2278	0.2623	0.2456	0.0896	0.2621	0.2107	0.1486	0.2507	0.171	0.2317	0.2542	0.1204	0.386	0.2948
97	0.2279	0.2636	0.2465	0.0893	0.2635	0.2111	0.1488	0.2519	0.1714	0.2323	0.2552	0.1204	0.3866	0.2957
98	0.2264	0.2614	0.246	0.0887	0.2627	0.2109	0.1494	0.2517	0.171	0.232	0.2545	0.1205	0.3889	0.296
99	0.2249	0.2618	0.2469	0.0897	0.2639	0.2109	0.1485	0.2522	0.1717	0.2323	0.2558	0.1208	0.3882	0.2968
100	0.225	0.2612	0.2489	0.0908	0.2654	0.212	0.1497	0.2532	0.172	0.2336	0.2567	0.1209	0.3883	0.2973
101	0.2246	0.261	0.2487	0.0909	0.2657	0.2123	0.1499	0.2536	0.1725	0.2348	0.2574	0.1213	0.39	0.2981
102	0.2253	0.2626	0.248	0.091	0.2659	0.2118	0.1497	0.2538	0.1729	0.2337	0.2578	0.1213	0.39	0.2987
103	0.223	0.2617	0.2479	0.0914	0.2668	0.2128	0.1501	0.2551	0.1727	0.2348	0.2585	0.1214	0.3908	0.2995
104	0.2236	0.2619	0.2483	0.0907	0.267	0.2126	0.1505	0.2552	0.173	0.2355	0.2589	0.1215	0.3912	0.2998
105	0.2234	0.2598	0.2494	0.0919	0.2675	0.2127	0.1507	0.2551	0.1732	0.2346	0.2587	0.1215	0.3909	0.2995
106	0.2216	0.2602	0.2509	0.0922	0.2684	0.2136	0.1518	0.256	0.1729	0.234	0.2589	0.1217	0.3928	0.3007
107	0.2215	0.2597	0.2499	0.0919	0.2681	0.2148	0.1519	0.257	0.173	0.2354	0.2594	0.1222	0.3946	0.3017
108	0.2217	0.2592	0.2526	0.0929	0.2702	0.2151	0.1524	0.2577	0.1741	0.2379	0.2611	0.1221	0.3945	0.3023
109	0.2215	0.2598	0.2508	0.0918	0.2695	0.2154	0.1516	0.2579	0.1744	0.2381	0.2613	0.1225	0.3952	0.3026
110	0.2204	0.2608	0.2523	0.0925	0.2712	0.2157	0.1519	0.2587	0.1752	0.2387	0.2625	0.1226	0.3956	0.3033
111	0.2207	0.2624	0.2513	0.093	0.27	0.2156	0.1524	0.2583	0.1752	0.2389	0.2622	0.1228	0.3969	0.3036
112	0.2192	0.26	0.2531	0.0932	0.2709	0.2164	0.1533	0.2587	0.1748	0.2382	0.2617	0.1229	0.3964	0.3033
113	0.2195	0.2591	0.2521	0.0931	0.2698	0.2165	0.1537	0.2586	0.1748	0.2382	0.2615	0.123	0.3973	0.3035
114	0.2184	0.2615	0.2521	0.0923	0.2698	0.2161	0.1535	0.2583	0.1747	0.238	0.2613	0.1228	0.3972	0.3032
115	0.2183	0.2602	0.2542	0.0928	0.2716	0.217	0.1548	0.2597	0.175	0.2384	0.2622	0.1229	0.3972	0.304
116	0.2173	0.258	0.2557	0.0941	0.2735	0.2178	0.1544	0.2608	0.1749	0.2385	0.2629	0.1231	0.3987	0.3051
117	0.2172	0.2601	0.2567	0.0947	0.2747	0.2168	0.1534	0.2604	0.1749	0.2386	0.2632	0.1231	0.3978	0.3052
118	0.2157	0.2612	0.2552	0.0945	0.2737	0.2165	0.1531	0.26	0.1758	0.2393	0.2637	0.1232	0.3982	0.3053
119	0.2162	0.2602	0.256	0.0944	0.2749	0.218	0.1552	0.2618	0.1758	0.2398	0.2642	0.1233	0.3989	0.3058
120	0.2156	0.2577	0.2543	0.0935	0.2741	0.2184	0.1548	0.2622	0.1764	0.2414	0.2653	0.1235	0.3992	0.3066
121	0.2149	0.2613	0.2556	0.0944	0.2748	0.2179	0.1555	0.262	0.1768	0.2416	0.2655	0.1237	0.4017	0.3073
122	0.2144	0.2579	0.2569	0.0952	0.2754	0.2189	0.1571	0.2628	0.1767	0.2415	0.2655	0.1239	0.4021	0.3075
123	0.2142	0.2587	0.2582	0.0953	0.2759	0.2185	0.1559	0.2623	0.177	0.242	0.2657	0.1241	0.4032	0.3079
124	0.2145	0.2586	0.2555	0.0945	0.2745	0.2193	0.1561	0.2629	0.1772	0.2414	0.2659	0.1239	0.4019	0.3077
125	0.2132	0.2614	0.2587	0.0953	0.2777	0.2204	0.1566	0.2646	0.178	0.2426	0.2673	0.1242	0.403	0.3089
126	0.2124	0.2584	0.2588	0.0963	0.2775	0.2201	0.1558	0.264	0.1783	0.2427	0.2673	0.1242	0.4021	0.3085
127	0.2125	0.2601	0.2587	0.0961	0.277	0.2198	0.1561	0.2636	0.1782	0.243	0.2671	0.1246	0.4033	0.3088
128	0.2125	0.2591	0.2568	0.0957	0.2762	0.2199	0.1572	0.2642	0.1777	0.2424	0.2671	0.1244	0.4033	0.3092
129	0.2115	0.2618	0.2578	0.0955	0.2777	0.2203	0.1568	0.265	0.1779	0.2439	0.2681	0.1246	0.4053	0.3104
130	0.2103	0.2591	0.26	0.0966	0.2792	0.2208	0.157	0.2656	0.1779	0.2439	0.2683	0.1247	0.4054	0.3108
131	0.2104	0.2583	0.2595	0.0966	0.2784	0.2213	0.158	0.2657	0.1788	0.245	0.2689	0.125	0.4055	0.3108
132	0.2092	0.2604	0.2584	0.0961	0.2773	0.2207	0.1572	0.2648	0.1778	0.2444	0.2679	0.1249	0.4061	0.3105
133	0.2101	0.2599	0.26	0.0969	0.2787	0.2203	0.1578	0.265	0.1779	0.2438	0.2679	0.1248	0.4049	0.3102
134	0.2094	0.2622	0.2615	0.0968	0.2797	0.2217	0.1588	0.2663	0.1785	0.2454	0.269	0.1252	0.4071	0.3116
135	0.209	0.2597	0.26	0.0965	0.279	0.2216	0.1588	0.2664	0.1788	0.2457	0.2693	0.1251	0.4062	0.3113
136	0.2085	0.2578	0.2608	0.0976	0.2803	0.2224	0.1589	0.2675	0.1789	0.2459	0.27	0.1251	0.4063	0.3119
137	0.2078	0.2599	0.2626	0.0982	0.2823	0.2221	0.1587	0.268	0.1794	0.2449	0.2706	0.1253	0.4073	0.3128
138	0.2074	0.2609	0.2611	0.0973	0.2808	0.2233	0.1603	0.2686	0.179	0.246	0.2706	0.1254	0.4084	0.3132
139	0.2063	0.2576	0.2614	0.0978	0.2817	0.2244	0.1605	0.2697	0.1795	0.2461	0.2713	0.1255	0.408	0.3137
140	0.2065	0.2599	0.2636	0.0982	0.2834	0.2248	0.1612	0.2705	0.1796	0.2469	0.2718	0.1259	0.4077	0.3141
141	0.206	0.2591	0.264	0.0983	0.2837	0.224	0.1606	0.27	0.1796	0.2476	0.272	0.1258	0.408	0.3141
142	0.2063	0.2589	0.2638	0.0988	0.2837	0.2238	0.1609	0.2699	0.1801	0.2482	0.2725	0.1258	0.4094	0.3146
143	0.2053	0.2577	0.2643	0.098	0.2835	0.225	0.1613	0.2704	0.1806	0.248	0.2726	0.1256	0.409	0.3143
144	0.2055	0.2584	0.2642	0.0977	0.2828	0.2249	0.1615	0.27	0.1808	0.2491	0.2727	0.126	0.4089	0.3143
145	0.2046	0.26	0.2655	0.0985	0.2848	0.2247	0.1615	0.2707	0.1808	0.2494	0.2735	0.1263	0.4109	0.3156
146	0.2039	0.2594	0.2657	0.0993	0.2851	0.2249	0.1617	0.2711	0.1804	0.2492	0.2736	0.126	0.4107	0.3158
147	0.2048	0.2608	0.2647	0.099	0.2846	0.2242	0.1601	0.2703	0.1811	0.2494	0.2737	0.1262	0.4109	0.3157
148	0.2043	0.2578	0.2671	0.0996	0.2872	0.2261	0.1621	0.2727	0.1809	0.2491	0.2745	0.1264	0.4112	0.3168
149	0.2038	0.2571	0.2654	0.1002	0.2864	0.2271	0.1629	0.2737	0.1811	0.2494	0.2749	0.1264	0.411	0.317
150	0.2035	0.2589	0.2653	0.0992	0.2865	0.2261	0.1624	0.2732	0.1807	0.2498	0.275	0.1264	0.4124	0.3175
151	0.2025	0.2594	0.2661	0.0996	0.2865	0.2268	0.1632	0.2736	0.1811	0.2506	0.2752	0.1268	0.4125	0.3177
152	0.2021	0.259	0.2648	0.0992	0.286	0.2262	0.1625	0.273	0.1816	0.25	0.2754	0.1266	0.412	0.3176
153	0.2023	0.2587	0.2653	0.1	0.2856	0.2259	0.1626	0.2723	0.1812	0.2502	0.2746	0.1266	0.4117	0.317
154	0.2011	0.2621	0.2645	0.0995	0.2854	0.2262	0.1634	0.2731	0.1814	0.2507	0.2752	0.1266	0.4121	0.3173
155	0.2014	0.2581	0.2652	0.0991	0.2856	0.2267	0.1639	0.2733	0.1817	0.251	0.2754	0.1266	0.4131	0.3175
156	0.2001	0.2593	0.2663	0.0998	0.2882	0.2273	0.1637	0.2751	0.1816	0.251	0.2765	0.1267	0.4136	0.3188
157	0.1999	0.2591	0.2679	0.0997	0.2889	0.228	0.1638	0.2753	0.1818	0.2506	0.2764	0.1264	0.4126	0.3183
158	0.1997	0.2581	0.267	0.0992	0.2885	0.2281	0.1644	0.2758	0.182	0.2506	0.277	0.1269	0.414	0.3196
159	0.1996	0.2583	0.268	0.1	0.2878	0.2273	0.1639	0.2743	0.1823	0.252	0.2768	0.1269	0.4141	0.3191
160	0.1993	0.2579	0.2688	0.1009	0.2892	0.2283	0.1641	0.2757	0.1821	0.251	0.2771	0.1269	0.4147	0.3197
161	0.1988	0.2597	0.2695	0.1007	0.2896	0.2294	0.1649	0.2765	0.1823	0.2524	0.2775	0.127	0.4149	0.32
162	0.1998	0.2598	0.269	0.101	0.2901	0.2283	0.1651	0.2765	0.1827	0.2532	0.2786	0.127	0.4148	0.3206
163	0.1974	0.2598	0.2685	0.1008	0.2889	0.2277	0.1642	0.2753	0.1831	0.2536	0.2782	0.1272	0.4155	0.3201
164	0.1982	0.2588	0.2686	0.1007	0.2891	0.2275	0.164	0.2752	0.1828	0.2535	0.2781	0.1272	0.4153	0.3202
165	0.1981	0.2575	0.2702	0.1019	0.2898	0.2273	0.1635	0.2749	0.1828	0.2538	0.2781	0.1273	0.4159	0.3205
166	0.1975	0.2612	0.2686	0.1015	0.2888	0.2282	0.165	0.2757	0.1833	0.2545	0.2785	0.1273	0.4153	0.3203
167	0.1969	0.2575	0.2693	0.101	0.2896	0.2293	0.1659	0.2767	0.1834	0.2552	0.279	0.1274	0.4159	0.3208
168	0.1957	0.2594	0.27	0.1017	0.2903	0.2287	0.1655	0.2766	0.1834	0.2547	0.2792	0.1272	0.4167	0.3212
169	0.1951	0.2589	0.2701	0.1021	0.2906	0.2281	0.1644	0.2761	0.1831	0.2551	0.2791	0.1274	0.4166	0.3212
170	0.1959	0.2596	0.2716	0.1025	0.2918	0.2288	0.1659	0.2772	0.1834	0.2549	0.2795	0.1275	0.4174	0.3217
171	0.1965	0.2584	0.2732	0.1031	0.2928	0.2289	0.1647	0.2769	0.1838	0.2553	0.2798	0.1275	0.4165	0.3215
172	0.1958	0.2607	0.2718	0.1024	0.2925	0.2287	0.1653	0.2773	0.184	0.255	0.2802	0.1276	0.4173	0.3221
173	0.1959	0.2581	0.2711	0.1025	0.2917	0.2302	0.166	0.278	0.1839	0.2562	0.2802	0.1274	0.4169	0.3218
174	0.1943	0.2612	0.2716	0.1032	0.2927	0.2304	0.1668	0.2788	0.1842	0.2565	0.2811	0.1279	0.4176	0.3229
175	0.194	0.2591	0.2713	0.1024	0.2926	0.2299	0.166	0.2786	0.1846	0.2572	0.2816	0.1279	0.4178	0.3231
176	0.194	0.2587	0.2726	0.1033	0.2943	0.2308	0.1674	0.2801	0.1844	0.2566	0.2822	0.128	0.4181	0.324
177	0.1933	0.2614	0.2726	0.103	0.2934	0.231	0.1672	0.2794	0.1844	0.2571	0.2816	0.1279	0.418	0.3233
178	0.1936	0.2589	0.2728	0.1038	0.2938	0.23	0.1667	0.2789	0.1841	0.2568	0.2814	0.128	0.4178	0.3234
179	0.1928	0.2605	0.2737	0.1036	0.2948	0.2309	0.1663	0.2797	0.1849	0.2568	0.2822	0.1278	0.4173	0.3237
180	0.1926	0.2603	0.2744	0.1036	0.2951	0.2304	0.1665	0.2793	0.1847	0.2571	0.2819	0.1279	0.4188	0.3236
181	0.1925	0.26	0.2725	0.1031	0.2943	0.2304	0.167	0.2798	0.1847	0.2567	0.2821	0.1279	0.4178	0.3238
182	0.1928	0.2586	0.2729	0.1031	0.2949	0.2304	0.1671	0.2802	0.1851	0.2578	0.283	0.1281	0.4191	0.3247
183	0.1915	0.2588	0.2719	0.1034	0.2939	0.2316	0.1681	0.2807	0.1847	0.2572	0.2825	0.1282	0.4193	0.3246
184	0.1924	0.2582	0.273	0.1039	0.2947	0.2317	0.1677	0.2807	0.1856	0.258	0.2832	0.1284	0.4202	0.3251
185	0.1907	0.2581	0.2729	0.1036	0.2946	0.2319	0.1674	0.2809	0.1854	0.2577	0.2832	0.1286	0.4203	0.3252
186	0.1908	0.2611	0.2744	0.1041	0.2956	0.2321	0.1677	0.2812	0.1855	0.2581	0.2834	0.1286	0.4202	0.3254
187	0.1907	0.2609	0.2748	0.1039	0.296	0.2321	0.1671	0.2813	0.1856	0.258	0.2835	0.1286	0.4205	0.3255
188	0.1896	0.2593	0.2745	0.1043	0.2959	0.2323	0.1678	0.2816	0.1853	0.2576	0.2833	0.1285	0.4209	0.3256
189	0.1905	0.2598	0.2739	0.1037	0.296	0.2327	0.1688	0.2824	0.1853	0.2575	0.2837	0.1285	0.4209	0.3259
190	0.1898	0.2586	0.2753	0.104	0.2974	0.2329	0.1688	0.2829	0.1858	0.2581	0.2845	0.1287	0.4211	0.3266
191	0.1891	0.2602	0.2738	0.1037	0.2969	0.2326	0.1688	0.283	0.1856	0.2578	0.2846	0.1291	0.4214	0.3272
192	0.1893	0.2629	0.2731	0.1029	0.2964	0.232	0.1692	0.2827	0.1858	0.2579	0.2845	0.1289	0.4214	0.3269
193	0.1898	0.2598	0.273	0.1034	0.2958	0.2327	0.1692	0.2827	0.1854	0.2578	0.2841	0.1289	0.4213	0.3267
194	0.1882	0.2591	0.2747	0.1049	0.2967	0.2313	0.1683	0.2816	0.1853	0.2574	0.2838	0.1288	0.4211	0.3264
195	0.1888	0.2616	0.274	0.104	0.2961	0.2318	0.169	0.2819	0.1858	0.2586	0.2843	0.1291	0.4224	0.327
196	0.1887	0.261	0.275	0.1043	0.2973	0.2322	0.1689	0.2827	0.1863	0.2591	0.2854	0.1292	0.4226	0.3278
197	0.1871	0.2628	0.2753	0.1044	0.2977	0.2323	0.1694	0.2829	0.1866	0.2594	0.2856	0.129	0.422	0.3277
198	0.1877	0.2609	0.2748	0.1042	0.2974	0.2329	0.1695	0.2833	0.187	0.2604	0.2862	0.129	0.4217	0.3276
199	0.1871	0.2623	0.2764	0.1047	0.2987	0.233	0.1704	0.2837	0.1867	0.2602	0.2861	0.1292	0.4221	0.3279
200	0.187	0.2609	0.2751	0.1044	0.2973	0.2329	0.1698	0.2832	0.1867	0.2595	0.2856	0.1295	0.4235	0.3283
201	0.1874	0.2636	0.2743	0.1047	0.2967	0.2332	0.1706	0.2834	0.1868	0.2598	0.2857	0.1297	0.4246	0.3286
202	0.1862	0.26	0.2754	0.1052	0.297	0.233	0.1699	0.2827	0.1864	0.2598	0.2849	0.1293	0.4236	0.3275
203	0.1851	0.2606	0.2758	0.105	0.2972	0.2333	0.1696	0.2828	0.1867	0.2603	0.2853	0.1295	0.4246	0.328
204	0.186	0.2619	0.2756	0.1047	0.2976	0.2331	0.1693	0.2831	0.1867	0.2599	0.2856	0.1293	0.4239	0.328
205	0.1862	0.2629	0.2758	0.1047	0.2978	0.2343	0.1711	0.2843	0.1865	0.2596	0.2856	0.1294	0.4239	0.3282
206	0.1854	0.2627	0.277	0.105	0.2992	0.2343	0.1709	0.2849	0.1867	0.2609	0.2866	0.1294	0.4246	0.329
207	0.1852	0.2623	0.2763	0.1049	0.2982	0.2336	0.1699	0.2837	0.1865	0.2613	0.286	0.1293	0.4243	0.3285
208	0.1849	0.2627	0.2779	0.1058	0.2992	0.2336	0.1706	0.284	0.1866	0.2604	0.286	0.1293	0.4237	0.3284
209	0.1838	0.2623	0.2768	0.1051	0.2991	0.2342	0.1713	0.2849	0.1866	0.2602	0.2863	0.1293	0.4239	0.3289
210	0.1844	0.2634	0.2783	0.1059	0.3	0.2347	0.171	0.2851	0.1868	0.2609	0.2867	0.1296	0.4249	0.3293
211	0.1843	0.261	0.2787	0.1061	0.3005	0.2344	0.171	0.285	0.1868	0.2604	0.2866	0.1296	0.4245	0.3294
212	0.1836	0.2619	0.2767	0.1057	0.3	0.234	0.1708	0.2853	0.187	0.2606	0.2872	0.1299	0.4258	0.3303
213	0.1833	0.2609	0.2763	0.1052	0.2995	0.2339	0.1715	0.2854	0.1872	0.2615	0.2878	0.1297	0.4257	0.3305
214	0.1842	0.2637	0.2774	0.1055	0.2997	0.2343	0.1706	0.2851	0.1871	0.2614	0.2873	0.1298	0.4262	0.3302
215	0.1835	0.2629	0.2771	0.1056	0.3002	0.2342	0.1705	0.2856	0.1873	0.2609	0.2877	0.1299	0.4261	0.3308
216	0.1823	0.2631	0.2768	0.1058	0.2993	0.2348	0.171	0.2855	0.1875	0.262	0.2877	0.13	0.4268	0.3307
217	0.1827	0.2622	0.2774	0.1064	0.3005	0.2332	0.1706	0.285	0.1873	0.262	0.2879	0.1297	0.4262	0.3306
218	0.1828	0.263	0.2777	0.1061	0.3002	0.2341	0.1711	0.2855	0.1877	0.2635	0.2885	0.1298	0.4269	0.331
219	0.1821	0.2608	0.2779	0.1061	0.3006	0.2344	0.1722	0.2863	0.1878	0.2634	0.2888	0.1299	0.4271	0.3313
220	0.1816	0.2622	0.2769	0.1065	0.3001	0.2334	0.1712	0.2853	0.1877	0.2626	0.2884	0.13	0.4277	0.3314
221	0.1805	0.2634	0.2761	0.1058	0.299	0.2343	0.1709	0.285	0.1877	0.2642	0.2883	0.1299	0.4274	0.3309
222	0.1821	0.263	0.2785	0.1072	0.3015	0.2349	0.1716	0.2864	0.1881	0.2638	0.2892	0.13	0.4276	0.3318
223	0.182	0.2637	0.2787	0.1067	0.3019	0.2341	0.1702	0.2858	0.1887	0.265	0.2898	0.1302	0.4285	0.3319
224	0.1816	0.2649	0.2783	0.1059	0.3011	0.2347	0.1715	0.2862	0.1885	0.2651	0.2897	0.1302	0.4285	0.3319
225	0.1807	0.2607	0.2789	0.1068	0.3019	0.2349	0.1713	0.2865	0.1884	0.2642	0.2896	0.1303	0.4281	0.3322
226	0.1807	0.2651	0.2788	0.1066	0.3014	0.2353	0.1712	0.2865	0.1883	0.2644	0.2894	0.1304	0.4288	0.3321
227	0.1803	0.2644	0.2785	0.1067	0.3012	0.2352	0.1715	0.2865	0.1884	0.2648	0.2896	0.1306	0.4288	0.3324
228	0.1807	0.2631	0.2792	0.1064	0.302	0.2356	0.1715	0.2871	0.1887	0.265	0.29	0.1304	0.4288	0.3324
229	0.1801	0.2643	0.2799	0.107	0.3024	0.2356	0.1718	0.2873	0.1887	0.2653	0.2902	0.1306	0.4288	0.3328
230	0.18	0.2642	0.2807	0.1073	0.303	0.2374	0.1723	0.2884	0.1886	0.2639	0.2898	0.1306	0.4294	0.3328
231	0.1799	0.2643	0.2806	0.1076	0.3029	0.2368	0.1723	0.288	0.189	0.2635	0.29	0.1307	0.4299	0.333
232	0.1795	0.2656	0.2804	0.1074	0.3027	0.2367	0.1721	0.2877	0.1891	0.2645	0.2901	0.1304	0.4292	0.3325
233	0.1783	0.2664	0.28	0.1067	0.3031	0.2371	0.173	0.2886	0.1887	0.2644	0.2903	0.1305	0.4296	0.3331
234	0.179	0.2649	0.2816	0.1077	0.3038	0.2363	0.1722	0.2878	0.1885	0.2641	0.2899	0.1304	0.4294	0.3328
235	0.1783	0.2633	0.2803	0.1071	0.3026	0.2368	0.1725	0.2878	0.1888	0.264	0.2897	0.1306	0.4303	0.3328
236	0.1783	0.2636	0.2792	0.1064	0.3024	0.2367	0.173	0.2882	0.1894	0.265	0.2905	0.1308	0.4303	0.3333
237	0.1769	0.264	0.2812	0.1072	0.3043	0.2366	0.1727	0.2886	0.1894	0.2651	0.291	0.1306	0.4295	0.3334
238	0.1772	0.2645	0.2811	0.1078	0.3037	0.2375	0.1738	0.289	0.1886	0.2642	0.2903	0.1308	0.4297	0.3335
239	0.1775	0.2653	0.281	0.1077	0.3035	0.2365	0.1732	0.2882	0.1885	0.2642	0.2902	0.1307	0.4302	0.3336
240	0.1777	0.2632	0.2802	0.1074	0.3035	0.2375	0.1737	0.2891	0.1893	0.2652	0.2911	0.1306	0.4291	0.3335
241	0.1775	0.2644	0.2794	0.1067	0.3033	0.237	0.1736	0.2891	0.1899	0.2671	0.2922	0.1307	0.4302	0.3343
242	0.1779	0.2637	0.2788	0.1072	0.3031	0.2364	0.1729	0.2887	0.1893	0.2657	0.2916	0.1309	0.4308	0.3346
243	0.1766	0.2642	0.28	0.1082	0.3038	0.2363	0.1729	0.2888	0.1896	0.2655	0.2918	0.1307	0.4309	0.3346
244	0.1761	0.2635	0.2791	0.1073	0.3029	0.237	0.1736	0.289	0.1898	0.2662	0.2918	0.1306	0.4303	0.3341
245	0.1771	0.2674	0.2795	0.1069	0.3031	0.2367	0.1739	0.289	0.189	0.2659	0.2913	0.1306	0.4306	0.3342
246	0.176	0.2626	0.2808	0.1081	0.3044	0.2374	0.174	0.2896	0.1896	0.2661	0.2919	0.131	0.432	0.335
247	0.1759	0.2657	0.2815	0.108	0.3055	0.2366	0.1735	0.2896	0.1898	0.267	0.2926	0.1312	0.4322	0.3354
248	0.176	0.2648	0.2825	0.1088	0.3062	0.2371	0.174	0.2901	0.1899	0.2671	0.2927	0.1312	0.4318	0.3354
249	0.1765	0.2643	0.2829	0.1084	0.3061	0.2373	0.1746	0.2901	0.1898	0.2665	0.2925	0.1312	0.4322	0.3354
250	0.1758	0.266	0.2817	0.1081	0.3049	0.2366	0.1737	0.2891	0.1897	0.266	0.2918	0.1312	0.4316	0.3349
251	0.1756	0.2686	0.2815	0.1084	0.3053	0.2374	0.1737	0.2898	0.1895	0.2666	0.292	0.1311	0.4323	0.3351
252	0.1754	0.2667	0.2827	0.1087	0.3067	0.2382	0.1748	0.2912	0.1893	0.266	0.2926	0.1311	0.4321	0.3358
253	0.1746	0.2625	0.282	0.1085	0.3052	0.238	0.1748	0.2903	0.1899	0.2658	0.2923	0.131	0.4316	0.3353
254	0.1751	0.2663	0.2823	0.1087	0.3055	0.2375	0.1738	0.29	0.1905	0.2679	0.2934	0.1309	0.4321	0.3356
255	0.1746	0.2685	0.2818	0.1081	0.3044	0.2379	0.1745	0.2896	0.1899	0.2672	0.2922	0.131	0.4313	0.3347
256	0.1754	0.2653	0.2805	0.1077	0.3046	0.2376	0.1738	0.2901	0.19	0.2671	0.2928	0.1309	0.4313	0.3353
257	0.1741	0.2668	0.2804	0.108	0.3046	0.2388	0.1748	0.291	0.1897	0.2666	0.2927	0.1311	0.4319	0.3357
258	0.1734	0.2659	0.2803	0.1072	0.304	0.2386	0.1749	0.2906	0.1897	0.2669	0.2924	0.1309	0.4316	0.3351
259	0.1745	0.2657	0.2812	0.1078	0.3046	0.2382	0.1743	0.2902	0.19	0.2677	0.2927	0.1312	0.4324	0.3355
260	0.1739	0.2651	0.282	0.1089	0.3054	0.2387	0.1754	0.2909	0.19	0.2673	0.2928	0.1312	0.4323	0.3357
261	0.1741	0.2665	0.2832	0.1094	0.3061	0.2388	0.1763	0.2912	0.1902	0.2676	0.2932	0.1311	0.4313	0.3356
262	0.1733	0.2648	0.2828	0.1091	0.306	0.2388	0.1753	0.291	0.1905	0.2672	0.2932	0.1309	0.4318	0.3356
263	0.1725	0.2674	0.2827	0.1088	0.3063	0.2388	0.176	0.2916	0.1903	0.2678	0.2936	0.1309	0.4312	0.3358
264	0.1727	0.2681	0.2826	0.1096	0.3065	0.2389	0.1754	0.2915	0.1905	0.2684	0.2939	0.1313	0.4319	0.3364
265	0.1727	0.2676	0.283	0.1093	0.3067	0.2383	0.1753	0.2913	0.1903	0.2689	0.2939	0.1313	0.4327	0.3366
266	0.1726	0.2656	0.2825	0.1096	0.3065	0.2372	0.1745	0.2905	0.19	0.2672	0.2933	0.1314	0.4329	0.3366
267	0.173	0.2655	0.2826	0.1094	0.3063	0.2371	0.174	0.2902	0.1905	0.2685	0.2938	0.1314	0.4329	0.3366
268	0.172	0.2677	0.284	0.1102	0.3069	0.2381	0.1751	0.2908	0.1904	0.2685	0.2937	0.1312	0.4326	0.3364
269	0.1716	0.2683	0.2825	0.1098	0.3053	0.2379	0.1756	0.2903	0.1907	0.2687	0.2935	0.1312	0.4329	0.3362
270	0.1728	0.2671	0.2827	0.1098	0.3063	0.2383	0.1754	0.2914	0.1909	0.2685	0.2944	0.1313	0.4333	0.3371
271	0.172	0.2659	0.283	0.1095	0.3068	0.2382	0.176	0.2916	0.1905	0.2683	0.2943	0.1315	0.4342	0.3376
272	0.1716	0.2676	0.283	0.1096	0.3058	0.2384	0.176	0.2909	0.1902	0.2683	0.2934	0.1313	0.4339	0.3367
273	0.1706	0.2671	0.2812	0.1089	0.3052	0.2382	0.1758	0.2911	0.1909	0.2685	0.2941	0.1313	0.434	0.337
274	0.172	0.2671	0.2829	0.1093	0.3057	0.2394	0.1769	0.2917	0.1905	0.2686	0.2937	0.1313	0.4336	0.3365
275	0.1709	0.2676	0.2825	0.1086	0.3057	0.2386	0.1756	0.2912	0.1908	0.2689	0.294	0.1315	0.4352	0.3372
276	0.171	0.2667	0.2826	0.1087	0.3056	0.2384	0.1755	0.2908	0.191	0.269	0.294	0.1316	0.4353	0.3371
277	0.1705	0.2666	0.2815	0.1084	0.3056	0.2386	0.1757	0.2914	0.1908	0.2689	0.294	0.1315	0.4345	0.337
278	0.1704	0.2697	0.2811	0.1083	0.3052	0.2382	0.1755	0.2911	0.1906	0.2684	0.2939	0.1314	0.4341	0.3369
279	0.1701	0.269	0.2844	0.1087	0.3076	0.2385	0.1755	0.2916	0.191	0.268	0.2943	0.1318	0.4361	0.3379
280	0.1705	0.2673	0.2842	0.1089	0.3079	0.24	0.1762	0.2929	0.191	0.2684	0.2948	0.1319	0.4361	0.3383
281	0.1704	0.2689	0.2842	0.1093	0.3076	0.2394	0.1753	0.2921	0.1916	0.2701	0.2953	0.1318	0.436	0.3381
282	0.1699	0.2679	0.2861	0.1106	0.3091	0.239	0.1759	0.2923	0.1912	0.2696	0.2951	0.1315	0.4349	0.3377
283	0.1712	0.2667	0.2843	0.1097	0.3078	0.2383	0.1752	0.2916	0.1911	0.269	0.2947	0.1313	0.4347	0.3376
284	0.1693	0.2697	0.2832	0.1095	0.3076	0.2384	0.1759	0.2922	0.1915	0.2698	0.2955	0.1315	0.4346	0.3381
285	0.1696	0.2701	0.2847	0.1107	0.3079	0.2381	0.1759	0.2916	0.1917	0.2699	0.2954	0.1315	0.4352	0.338
286	0.1689	0.2684	0.2833	0.1106	0.3064	0.2387	0.1774	0.2919	0.1917	0.2699	0.2952	0.1316	0.4351	0.3379
287	0.1696	0.2711	0.2835	0.1102	0.3072	0.2398	0.1774	0.2929	0.1916	0.2702	0.2954	0.1316	0.4353	0.3381
288	0.1689	0.2668	0.284	0.1105	0.3074	0.24	0.1779	0.2931	0.1913	0.2695	0.2951	0.1316	0.4357	0.3381
289	0.1688	0.27	0.2841	0.1108	0.3075	0.2398	0.178	0.293	0.1916	0.2704	0.2956	0.1314	0.4351	0.3381
290	0.1686	0.2712	0.2844	0.1113	0.3078	0.2401	0.1777	0.2932	0.1915	0.2689	0.2953	0.1313	0.4349	0.3381
291	0.1688	0.2694	0.2844	0.1109	0.308	0.24	0.1781	0.2933	0.1914	0.2699	0.2955	0.1315	0.4356	0.3383
292	0.1687	0.2709	0.2839	0.1102	0.3077	0.2409	0.1775	0.2939	0.1918	0.2698	0.2959	0.1315	0.435	0.3385
293	0.1678	0.2697	0.2851	0.1106	0.3085	0.24	0.1771	0.2932	0.1915	0.2702	0.2957	0.1316	0.4354	0.3385
294	0.1691	0.2681	0.2851	0.1104	0.3088	0.2391	0.1766	0.2927	0.1914	0.2698	0.2955	0.1318	0.4367	0.3388
295	0.1678	0.2698	0.2854	0.1106	0.3086	0.2391	0.1771	0.2927	0.1913	0.2698	0.2954	0.1316	0.4369	0.3387
296	0.1678	0.2711	0.2851	0.1106	0.3083	0.2391	0.1767	0.2925	0.1916	0.2692	0.2953	0.1317	0.4363	0.3386
297	0.1677	0.2704	0.2859	0.1104	0.3094	0.2394	0.1764	0.2931	0.191	0.2688	0.2954	0.1316	0.4354	0.3388
298	0.1673	0.2707	0.2851	0.111	0.3092	0.2403	0.1771	0.2938	0.1914	0.27	0.296	0.1316	0.4364	0.3391
299	0.1667	0.2702	0.2843	0.11	0.3085	0.2389	0.1766	0.2929	0.192	0.2713	0.2965	0.1317	0.4371	0.3393
300	0.1676	0.2724	0.2846	0.1102	0.3084	0.2388	0.177	0.2926	0.1917	0.2705	0.296	0.1317	0.4367	0.3389
301	0.1669	0.2689	0.2843	0.1104	0.308	0.2385	0.1763	0.2923	0.1913	0.27	0.2956	0.1318	0.4366	0.3391
302	0.1667	0.2714	0.2843	0.1104	0.3082	0.2392	0.1771	0.2928	0.191	0.2696	0.2953	0.1317	0.4358	0.3387
303	0.1662	0.2703	0.2853	0.1109	0.3088	0.2398	0.1772	0.2932	0.1915	0.2697	0.2958	0.1318	0.4364	0.3391
304	0.1666	0.2712	0.2846	0.1102	0.3081	0.2398	0.177	0.2931	0.1916	0.2708	0.296	0.1319	0.4357	0.339
305	0.1661	0.2695	0.285	0.1109	0.3084	0.2392	0.1766	0.2925	0.1914	0.2702	0.2955	0.1318	0.4359	0.3387
306	0.1665	0.274	0.2845	0.1108	0.3081	0.2398	0.177	0.293	0.1918	0.2705	0.2959	0.1321	0.4365	0.3392
307	0.1667	0.2715	0.2861	0.1109	0.3095	0.24	0.1777	0.2937	0.1917	0.27	0.2962	0.1318	0.4358	0.3392
308	0.166	0.2703	0.2852	0.111	0.309	0.2406	0.1782	0.2939	0.1919	0.2712	0.2964	0.1318	0.4367	0.3392
309	0.1661	0.2716	0.2847	0.1106	0.3086	0.2403	0.1789	0.294	0.1923	0.2722	0.297	0.1317	0.4364	0.3394
310	0.1659	0.2733	0.2854	0.1111	0.3084	0.2387	0.1774	0.2923	0.1916	0.271	0.2959	0.1318	0.4372	0.3392
311	0.1661	0.2708	0.2849	0.1113	0.3091	0.2399	0.1787	0.294	0.192	0.2711	0.2968	0.1316	0.4364	0.3396
312	0.1654	0.271	0.2849	0.111	0.3088	0.2398	0.1792	0.2938	0.1919	0.2715	0.2965	0.1319	0.4367	0.3395
313	0.1659	0.2706	0.286	0.1117	0.3101	0.2394	0.1779	0.2936	0.1918	0.272	0.2968	0.1317	0.4368	0.3396
314	0.1653	0.2711	0.2853	0.1116	0.3096	0.239	0.1771	0.2932	0.1917	0.2707	0.2965	0.1317	0.4366	0.3396
315	0.1649	0.2742	0.2863	0.1124	0.3109	0.24	0.1785	0.2946	0.1914	0.2715	0.297	0.1317	0.4372	0.3401
316	0.1658	0.2738	0.2863	0.1121	0.3107	0.2401	0.1783	0.2945	0.1918	0.2716	0.2971	0.1319	0.4377	0.3403
317	0.1647	0.2749	0.2852	0.1118	0.3097	0.2402	0.1791	0.2945	0.1918	0.2717	0.2971	0.1318	0.4376	0.3402
318	0.1643	0.271	0.2857	0.111	0.3099	0.241	0.1798	0.2951	0.192	0.2723	0.2974	0.1317	0.4363	0.3399
319	0.1646	0.2733	0.2874	0.1121	0.3115	0.241	0.1796	0.2955	0.1927	0.2728	0.2982	0.1322	0.4379	0.3409
320	0.1639	0.2726	0.2873	0.1117	0.3117	0.2407	0.1793	0.2955	0.1924	0.2723	0.298	0.132	0.4379	0.3409
321	0.1639	0.2744	0.2873	0.1119	0.311	0.2398	0.1788	0.2943	0.1925	0.2734	0.2978	0.132	0.4377	0.3402
322	0.1649	0.2744	0.2874	0.1119	0.3114	0.24	0.1788	0.2948	0.1926	0.2738	0.2983	0.132	0.4372	0.3406
323	0.1636	0.2734	0.2869	0.112	0.3109	0.2408	0.1797	0.2953	0.1925	0.2729	0.298	0.1319	0.437	0.3405
324	0.1637	0.2728	0.2871	0.1121	0.3116	0.2402	0.179	0.2952	0.1924	0.273	0.2982	0.1318	0.4363	0.3405
325	0.1642	0.2735	0.2869	0.1123	0.3114	0.2405	0.1785	0.2949	0.1925	0.2727	0.2979	0.1319	0.4371	0.3404
326	0.1637	0.2741	0.2873	0.1128	0.3114	0.2403	0.1786	0.2948	0.1924	0.273	0.298	0.1321	0.4381	0.3408
327	0.1637	0.2758	0.2866	0.1127	0.3103	0.2406	0.1785	0.2944	0.1924	0.2732	0.2976	0.1321	0.4382	0.3405
328	0.1634	0.2751	0.2866	0.1119	0.3113	0.2406	0.1789	0.2954	0.1926	0.273	0.2984	0.132	0.4384	0.3411
329	0.164	0.2757	0.286	0.1115	0.3099	0.2398	0.1783	0.2938	0.1928	0.2728	0.2975	0.1322	0.4391	0.3405
330	0.1639	0.2715	0.2863	0.1118	0.3102	0.2404	0.179	0.2944	0.1927	0.2734	0.2978	0.1323	0.4397	0.341
331	0.1636	0.274	0.2855	0.1119	0.3099	0.2406	0.1784	0.2946	0.1925	0.2734	0.298	0.1323	0.4393	0.3412
332	0.1634	0.2718	0.2863	0.1121	0.3106	0.2408	0.179	0.2951	0.1928	0.2734	0.2985	0.1322	0.439	0.3414
333	0.1632	0.2775	0.2866	0.1122	0.3112	0.2413	0.1791	0.2959	0.1932	0.2741	0.2992	0.1323	0.4387	0.3417
334	0.1628	0.2734	0.2853	0.1119	0.3108	0.2405	0.1784	0.2952	0.1926	0.2735	0.2985	0.1321	0.4375	0.3409
335	0.1626	0.2763	0.2871	0.1132	0.3118	0.2397	0.1779	0.2946	0.1925	0.2735	0.2983	0.1321	0.4376	0.3408
336	0.1616	0.2756	0.286	0.1124	0.3111	0.2408	0.1794	0.2956	0.1921	0.2731	0.2983	0.1322	0.438	0.3412
337	0.1625	0.2774	0.2859	0.1124	0.311	0.2406	0.1797	0.2956	0.1926	0.2738	0.2988	0.1322	0.4387	0.3414
338	0.1617	0.2738	0.2864	0.1123	0.3107	0.2412	0.1802	0.2956	0.1924	0.2725	0.298	0.1323	0.4389	0.3412
339	0.1619	0.2747	0.2871	0.1128	0.3114	0.2404	0.1796	0.2951	0.1927	0.2735	0.2984	0.1323	0.4387	0.3413
340	0.1624	0.2752	0.287	0.1125	0.3111	0.2412	0.1794	0.2955	0.1921	0.2726	0.2978	0.1322	0.4385	0.3411
341	0.1617	0.2749	0.2872	0.1124	0.311	0.2408	0.1793	0.295	0.1927	0.2735	0.2982	0.1319	0.4376	0.3405
342	0.1614	0.2735	0.2864	0.1123	0.3103	0.2407	0.1794	0.2948	0.1925	0.273	0.2977	0.1321	0.438	0.3406
343	0.1613	0.275	0.2852	0.1115	0.3099	0.2403	0.179	0.2949	0.1925	0.2731	0.2982	0.132	0.4382	0.3411
344	0.1614	0.2749	0.2864	0.1121	0.3111	0.2409	0.1797	0.2957	0.1923	0.2728	0.2984	0.1321	0.4381	0.3414
345	0.1609	0.2779	0.2861	0.1117	0.3105	0.2419	0.1803	0.296	0.1929	0.2736	0.2986	0.1323	0.438	0.3413
346	0.1612	0.2759	0.2866	0.112	0.3113	0.242	0.1803	0.2964	0.1926	0.273	0.2985	0.1322	0.4386	0.3416
347	0.1609	0.2743	0.2865	0.1123	0.3113	0.2417	0.1801	0.2963	0.1927	0.2734	0.2989	0.1321	0.4382	0.3416
348	0.1611	0.2758	0.2856	0.1122	0.3111	0.2417	0.1802	0.2966	0.1924	0.2728	0.2988	0.1321	0.4388	0.3419
349	0.1615	0.2757	0.2875	0.1131	0.3129	0.2418	0.1803	0.2972	0.1928	0.2735	0.2997	0.1323	0.4394	0.3426
350	0.1613	0.2738	0.2876	0.113	0.3127	0.2422	0.1811	0.2973	0.1928	0.2734	0.2994	0.1324	0.4397	0.3425
351	0.1613	0.2767	0.2877	0.1127	0.3132	0.2411	0.1804	0.297	0.1927	0.2739	0.2999	0.1322	0.4392	0.3427
352	0.1603	0.2772	0.2865	0.1121	0.3122	0.2421	0.1805	0.2975	0.193	0.274	0.2999	0.1324	0.4397	0.3428
353	0.1617	0.2772	0.2875	0.1121	0.3129	0.2411	0.1796	0.2966	0.1925	0.2737	0.2994	0.1322	0.4395	0.3426
354	0.1607	0.2771	0.2879	0.1126	0.3121	0.2407	0.1792	0.2954	0.1925	0.2731	0.2983	0.1322	0.4395	0.3417
355	0.1607	0.2735	0.2869	0.1129	0.3112	0.2414	0.1796	0.2957	0.1931	0.2742	0.2989	0.1321	0.4393	0.3415
356	0.1601	0.2743	0.2882	0.1135	0.3118	0.2416	0.1791	0.2956	0.1929	0.2737	0.2986	0.1323	0.4398	0.3417
357	0.1601	0.2747	0.2873	0.1126	0.3109	0.2418	0.179	0.2956	0.1934	0.2738	0.2988	0.1323	0.4396	0.3416
358	0.1608	0.277	0.2866	0.1125	0.3104	0.2419	0.1795	0.2956	0.1932	0.274	0.2988	0.1324	0.4398	0.3418
359	0.1597	0.2753	0.2874	0.113	0.3107	0.2427	0.18	0.2961	0.1928	0.2735	0.2984	0.1322	0.4393	0.3415
360	0.16	0.2797	0.2874	0.1128	0.311	0.2426	0.1804	0.2964	0.1927	0.2732	0.2985	0.1323	0.4396	0.3418
361	0.1601	0.2756	0.2859	0.1125	0.3109	0.2422	0.1803	0.2967	0.193	0.2736	0.2992	0.1323	0.4394	0.3422
362	0.1597	0.2786	0.2872	0.1124	0.3118	0.2429	0.1814	0.2974	0.193	0.2731	0.2991	0.1324	0.4397	0.3423
363	0.1596	0.2787	0.2879	0.1126	0.3123	0.2423	0.181	0.2971	0.1928	0.2737	0.2993	0.1322	0.4396	0.3423
364	0.1601	0.2773	0.2878	0.1131	0.3116	0.2422	0.1809	0.2965	0.1929	0.2737	0.2989	0.1321	0.4387	0.3416
365	0.1599	0.2771	0.2878	0.1127	0.3119	0.2414	0.1794	0.2959	0.1928	0.2736	0.2988	0.1321	0.4388	0.3416
366	0.16	0.2778	0.2894	0.113	0.3132	0.242	0.1802	0.2968	0.1935	0.2747	0.2997	0.1324	0.4397	0.3422
367	0.1584	0.2783	0.2899	0.1139	0.3141	0.243	0.1813	0.298	0.1932	0.2747	0.3002	0.1322	0.4393	0.3426
368	0.1596	0.2777	0.2909	0.1143	0.3146	0.2424	0.1808	0.2978	0.1935	0.2747	0.3004	0.1324	0.4397	0.343
369	0.1587	0.2792	0.29	0.1139	0.3142	0.2426	0.1813	0.2981	0.1931	0.2742	0.3002	0.1322	0.4393	0.3429
370	0.1592	0.279	0.2901	0.1142	0.3139	0.2427	0.1813	0.2976	0.1935	0.2739	0.2999	0.1323	0.4397	0.3426
371	0.1587	0.2775	0.289	0.1134	0.3131	0.2424	0.1813	0.2972	0.1934	0.2741	0.2996	0.1324	0.44	0.3425
372	0.1585	0.2776	0.2884	0.1136	0.3128	0.2411	0.1795	0.296	0.1935	0.2742	0.2995	0.1323	0.4401	0.3422
373	0.159	0.2762	0.2882	0.1134	0.3123	0.2412	0.1799	0.296	0.1931	0.274	0.2992	0.1322	0.4392	0.3419
374	0.1583	0.2798	0.2882	0.1141	0.313	0.2415	0.1807	0.2969	0.193	0.2743	0.2996	0.1321	0.4393	0.3423
375	0.1584	0.2761	0.288	0.1136	0.313	0.2425	0.1811	0.2976	0.1928	0.2739	0.2997	0.1322	0.4398	0.3428
376	0.1587	0.2769	0.2885	0.1131	0.3129	0.2418	0.1804	0.2969	0.1929	0.2743	0.2996	0.1322	0.4401	0.3427
377	0.1582	0.2812	0.2875	0.1129	0.3122	0.2424	0.1811	0.2973	0.1928	0.2734	0.2994	0.1324	0.4402	0.3428
378	0.1581	0.2803	0.2896	0.1139	0.314	0.2422	0.1813	0.2977	0.1927	0.2732	0.2997	0.1323	0.4401	0.3431
379	0.1584	0.2797	0.2892	0.1135	0.314	0.2429	0.1823	0.2984	0.1927	0.2738	0.3	0.1324	0.4416	0.3436
380	0.1578	0.2802	0.2894	0.1135	0.3141	0.2433	0.1825	0.2987	0.1929	0.2743	0.3003	0.1323	0.4407	0.3434
381	0.1576	0.2803	0.2895	0.1141	0.3137	0.2433	0.1825	0.2984	0.1926	0.2738	0.2999	0.1323	0.44	0.3432
382	0.158	0.2806	0.2896	0.1147	0.3138	0.2428	0.1825	0.2981	0.1934	0.2757	0.3007	0.1323	0.4404	0.3434
383	0.1574	0.2807	0.2896	0.1136	0.3141	0.2426	0.1816	0.298	0.1929	0.2741	0.3001	0.1324	0.441	0.3436
384	0.1577	0.282	0.2899	0.1142	0.3146	0.243	0.1815	0.2983	0.1931	0.2743	0.3003	0.1324	0.4402	0.3435
385	0.1579	0.2814	0.289	0.1139	0.3143	0.2425	0.181	0.2981	0.1932	0.2752	0.3008	0.1326	0.4407	0.3439
386	0.1573	0.2789	0.2884	0.1134	0.3126	0.2419	0.1812	0.297	0.1926	0.2749	0.2997	0.1323	0.4407	0.3432
387	0.1571	0.281	0.2889	0.1142	0.3133	0.2425	0.182	0.2978	0.1925	0.2745	0.2999	0.1324	0.4408	0.3435
388	0.1573	0.2823	0.2893	0.1142	0.3141	0.2425	0.1821	0.2982	0.1927	0.2746	0.3002	0.1325	0.4408	0.3438
389	0.1566	0.2803	0.2901	0.1146	0.3151	0.2429	0.1821	0.2988	0.1928	0.2735	0.3004	0.1325	0.4411	0.3442
390	0.157	0.2797	0.2903	0.1144	0.3149	0.2423	0.1813	0.2981	0.1927	0.2729	0.3	0.1324	0.4403	0.3436
391	0.157	0.2805	0.2899	0.1148	0.3139	0.2423	0.1812	0.2975	0.1928	0.2731	0.2996	0.1323	0.4404	0.3431
392	0.1571	0.2813	0.2892	0.1141	0.314	0.2427	0.1813	0.2982	0.1925	0.2738	0.3	0.1321	0.4401	0.3432
393	0.1571	0.28	0.2883	0.1136	0.3132	0.2427	0.1809	0.298	0.1924	0.2739	0.2999	0.1322	0.4409	0.3434
394	0.1568	0.2816	0.2888	0.114	0.3138	0.2425	0.1821	0.2984	0.1926	0.2742	0.3003	0.1323	0.4409	0.3438
395	0.1561	0.2798	0.2879	0.1137	0.3135	0.2425	0.1824	0.2985	0.1925	0.2737	0.3003	0.1322	0.4405	0.3437
396	0.1567	0.2775	0.2882	0.1131	0.3133	0.243	0.1824	0.2987	0.193	0.2747	0.3006	0.1325	0.4412	0.3439
397	0.1564	0.2788	0.2896	0.114	0.3147	0.2427	0.1816	0.2988	0.1925	0.2742	0.3006	0.1325	0.4413	0.3444
398	0.1563	0.2815	0.2895	0.1138	0.3143	0.2422	0.182	0.2983	0.1932	0.2751	0.3009	0.1322	0.44	0.3437
399	0.156	0.2818	0.29	0.1144	0.3153	0.2423	0.1819	0.2989	0.1931	0.2749	0.3014	0.1324	0.4396	0.3442
400	0.1571	0.2806	0.2894	0.1146	0.3148	0.2424	0.1816	0.2986	0.1929	0.2749	0.301	0.1323	0.4404	0.3441
401	0.156	0.2792	0.2893	0.1145	0.3149	0.2425	0.1815	0.2988	0.1928	0.2743	0.3009	0.1323	0.4407	0.3443
402	0.1564	0.2828	0.289	0.1139	0.3147	0.2423	0.1812	0.2984	0.1933	0.275	0.3011	0.1323	0.4407	0.3441
403	0.1564	0.2804	0.2891	0.1139	0.3143	0.2432	0.1819	0.2989	0.1931	0.2747	0.3009	0.1324	0.4406	0.3441
404	0.156	0.2809	0.2896	0.1141	0.3144	0.2432	0.1817	0.2988	0.193	0.2743	0.3006	0.1325	0.4403	0.3439
405	0.1561	0.2816	0.2895	0.1144	0.3146	0.2426	0.1817	0.2985	0.1932	0.2752	0.3011	0.1325	0.4412	0.3444
406	0.1556	0.284	0.2899	0.1145	0.3148	0.2433	0.1819	0.2988	0.1934	0.2758	0.3013	0.1324	0.441	0.3442
407	0.1558	0.2816	0.2898	0.1146	0.315	0.2431	0.1814	0.2989	0.1937	0.2759	0.3017	0.1324	0.4411	0.3445
408	0.1558	0.2806	0.2896	0.1145	0.3151	0.2431	0.1815	0.299	0.1939	0.276	0.3019	0.1323	0.4409	0.3444
409	0.1561	0.282	0.2891	0.1146	0.3141	0.243	0.182	0.2987	0.1938	0.2755	0.3014	0.1325	0.4419	0.3445
410	0.1548	0.2833	0.2897	0.1146	0.3146	0.2438	0.1823	0.2994	0.1939	0.276	0.3017	0.1324	0.4416	0.3445
411	0.1555	0.2824	0.2905	0.1154	0.3157	0.2442	0.1824	0.3	0.1936	0.2752	0.3018	0.1324	0.4418	0.3449
412	0.156	0.281	0.2895	0.1149	0.3153	0.2448	0.1828	0.3006	0.1938	0.2759	0.3022	0.1324	0.4422	0.3451
413	0.1557	0.2822	0.2912	0.1146	0.3167	0.2441	0.1827	0.3006	0.1933	0.2758	0.3022	0.1326	0.442	0.3454
414	0.1559	0.2812	0.2901	0.1142	0.3157	0.2442	0.1828	0.3003	0.1932	0.2752	0.3017	0.1324	0.4421	0.345
415	0.1552	0.2834	0.2895	0.115	0.3158	0.2438	0.1828	0.3002	0.1931	0.2756	0.3017	0.1325	0.4419	0.345
416	0.1552	0.2829	0.2893	0.1148	0.3153	0.2429	0.1828	0.2995	0.193	0.2754	0.3014	0.1326	0.4426	0.345
417	0.1546	0.283	0.2883	0.1142	0.3143	0.243	0.1829	0.2993	0.1935	0.2756	0.3016	0.1323	0.4417	0.3445
418	0.155	0.2854	0.2884	0.1152	0.3138	0.2424	0.1821	0.2982	0.1932	0.2756	0.301	0.1324	0.4419	0.3442
419	0.1547	0.2831	0.2896	0.1154	0.3145	0.2429	0.1823	0.2986	0.1926	0.2749	0.3007	0.1325	0.4419	0.3444
420	0.1545	0.2828	0.2889	0.1147	0.3147	0.243	0.1822	0.2991	0.193	0.2745	0.3011	0.1324	0.4422	0.3447
421	0.1547	0.2843	0.2889	0.1147	0.3143	0.2429	0.1818	0.2987	0.1929	0.2747	0.3009	0.1325	0.4424	0.3447
422	0.1548	0.2832	0.2883	0.1147	0.3138	0.2425	0.182	0.2985	0.1929	0.2755	0.3012	0.1323	0.441	0.3444
423	0.1548	0.2839	0.2897	0.1151	0.3141	0.2424	0.1822	0.2981	0.1932	0.2754	0.3009	0.1324	0.4411	0.3441
424	0.1547	0.2824	0.2877	0.114	0.3127	0.2425	0.182	0.2977	0.1932	0.2751	0.3005	0.1323	0.4408	0.3436
425	0.1543	0.2862	0.2884	0.1146	0.3134	0.2421	0.181	0.2975	0.1929	0.2757	0.3006	0.1324	0.4414	0.344
426	0.1537	0.2828	0.2877	0.1136	0.3134	0.2421	0.1816	0.298	0.1926	0.2751	0.3005	0.1327	0.4421	0.3445
427	0.1546	0.2845	0.2898	0.1152	0.3146	0.2424	0.1816	0.2982	0.1926	0.2755	0.3007	0.1323	0.4414	0.3441
428	0.1538	0.2842	0.2896	0.1154	0.3147	0.2424	0.182	0.2983	0.193	0.2748	0.3008	0.1325	0.442	0.3444
429	0.1545	0.2856	0.288	0.1145	0.3135	0.2427	0.1819	0.2985	0.1929	0.2753	0.3009	0.1323	0.4413	0.3442
430	0.1543	0.2856	0.2871	0.1144	0.3126	0.2427	0.1821	0.2981	0.1928	0.2749	0.3004	0.1323	0.4411	0.3438
431	0.1541	0.2838	0.2881	0.1147	0.313	0.2422	0.182	0.2977	0.1926	0.2741	0.3	0.1322	0.4411	0.3436
432	0.154	0.2843	0.2885	0.1148	0.3134	0.2426	0.1821	0.298	0.1931	0.2751	0.3006	0.1324	0.4414	0.344
433	0.1531	0.2841	0.2883	0.1135	0.3134	0.2429	0.1823	0.2984	0.1934	0.276	0.3011	0.1321	0.4407	0.3438
434	0.1538	0.2802	0.2884	0.1143	0.3136	0.2427	0.1826	0.2984	0.1934	0.2767	0.3013	0.1324	0.4418	0.3443
435	0.1534	0.2861	0.2877	0.114	0.3131	0.2428	0.1827	0.2984	0.1934	0.2761	0.3012	0.1323	0.4419	0.3443
436	0.1546	0.2848	0.2887	0.1139	0.3135	0.2427	0.1822	0.2982	0.1932	0.2752	0.3008	0.1324	0.442	0.3442
437	0.1534	0.2854	0.2887	0.1143	0.3141	0.2432	0.1824	0.2988	0.1938	0.2758	0.3016	0.1326	0.4424	0.3449
438	0.154	0.2868	0.288	0.1138	0.3135	0.2432	0.1826	0.2988	0.194	0.2758	0.3016	0.1326	0.4423	0.3448
439	0.1537	0.284	0.289	0.1139	0.3143	0.2431	0.1827	0.299	0.1941	0.2764	0.3021	0.1324	0.4417	0.3447
440	0.1528	0.2846	0.2891	0.1138	0.314	0.243	0.1825	0.2987	0.194	0.276	0.3016	0.1324	0.4411	0.3443
441	0.1537	0.2858	0.2894	0.1139	0.3141	0.2437	0.1829	0.2992	0.1937	0.2759	0.3015	0.1324	0.4408	0.3442
442	0.1533	0.2868	0.2894	0.1152	0.3143	0.243	0.1824	0.2989	0.1936	0.2756	0.3015	0.1325	0.4422	0.3448
443	0.1527	0.2863	0.2897	0.115	0.3143	0.2435	0.1827	0.2991	0.1934	0.2753	0.3013	0.1324	0.4421	0.3445
444	0.1531	0.2859	0.2902	0.1153	0.3146	0.2432	0.1826	0.2989	0.1935	0.2757	0.3014	0.1326	0.442	0.3446
445	0.1534	0.2851	0.29	0.1146	0.3138	0.2434	0.1832	0.2987	0.1937	0.2753	0.3011	0.1323	0.4418	0.3443
446	0.1533	0.286	0.2898	0.1144	0.3144	0.2438	0.1838	0.2996	0.1938	0.2754	0.3017	0.1324	0.442	0.3449
447	0.1532	0.2853	0.2915	0.1156	0.3159	0.2435	0.1833	0.2995	0.1942	0.2759	0.3021	0.1327	0.4429	0.3454
448	0.1527	0.2867	0.2909	0.115	0.3159	0.2442	0.1839	0.3004	0.1942	0.2759	0.3024	0.1327	0.4425	0.3455
449	0.1527	0.2837	0.2902	0.1154	0.3152	0.2434	0.1833	0.2997	0.1942	0.2762	0.3024	0.1324	0.4416	0.3451
450	0.1523	0.2873	0.2899	0.1153	0.3148	0.2434	0.1831	0.2994	0.1941	0.2764	0.3022	0.1325	0.4419	0.3451
451	0.1524	0.2849	0.2891	0.1147	0.3144	0.2439	0.1831	0.2998	0.1941	0.2768	0.3025	0.1326	0.4423	0.3454
452	0.1526	0.2861	0.2905	0.1157	0.3149	0.243	0.1827	0.2989	0.1939	0.2765	0.302	0.1325	0.4424	0.3451
453	0.1522	0.2848	0.2901	0.1151	0.3155	0.2437	0.1828	0.3	0.194	0.2767	0.3027	0.1327	0.4424	0.3457
454	0.1526	0.2881	0.2901	0.1154	0.315	0.2439	0.1832	0.2997	0.1938	0.2768	0.3022	0.1327	0.4425	0.3453
455	0.1522	0.2849	0.2905	0.1154	0.3151	0.2434	0.1832	0.2993	0.1935	0.2759	0.3017	0.1326	0.4425	0.3451
456	0.1525	0.2877	0.2892	0.1153	0.3148	0.243	0.1822	0.2992	0.1938	0.2759	0.302	0.1325	0.4418	0.345
457	0.1528	0.2887	0.2899	0.1154	0.3158	0.2431	0.183	0.2997	0.1945	0.278	0.3032	0.1325	0.4422	0.3454
458	0.1523	0.2857	0.2907	0.1153	0.3164	0.2439	0.1834	0.3003	0.1938	0.2768	0.3027	0.1325	0.4424	0.3456
459	0.1528	0.2902	0.2897	0.1154	0.3149	0.2439	0.1826	0.2995	0.1941	0.2763	0.3021	0.1325	0.4426	0.345
460	0.1517	0.2876	0.2895	0.1148	0.3153	0.2441	0.1834	0.3003	0.194	0.2763	0.3024	0.1325	0.443	0.3454
461	0.1516	0.2851	0.2901	0.1157	0.315	0.2443	0.1836	0.2999	0.1937	0.2769	0.302	0.1328	0.4432	0.3452
462	0.1523	0.2878	0.2906	0.116	0.3151	0.2442	0.1835	0.2997	0.1939	0.2769	0.3021	0.1325	0.4426	0.345
463	0.1519	0.2897	0.2895	0.1159	0.3143	0.2437	0.1837	0.2993	0.1938	0.2768	0.3019	0.1326	0.4429	0.3452
464	0.1518	0.2872	0.2887	0.1156	0.3136	0.2441	0.1838	0.2996	0.1934	0.2772	0.3017	0.1326	0.4432	0.3451
465	0.1517	0.2889	0.2885	0.1152	0.3137	0.2438	0.1835	0.2994	0.1936	0.2771	0.3019	0.1326	0.4434	0.3452
466	0.152	0.2874	0.2902	0.1158	0.3152	0.2438	0.1837	0.2998	0.1939	0.2771	0.3023	0.1325	0.4428	0.3453
467	0.1518	0.2875	0.2908	0.1153	0.3159	0.2434	0.1832	0.3	0.1938	0.2769	0.3026	0.1327	0.4434	0.346
468	0.1518	0.2866	0.2915	0.1159	0.3164	0.2436	0.1827	0.3	0.194	0.2774	0.3029	0.1328	0.444	0.3462
469	0.1516	0.2874	0.2914	0.1163	0.3166	0.2451	0.1841	0.3011	0.1938	0.2763	0.3024	0.1328	0.4449	0.3462
470	0.1518	0.2868	0.2914	0.1162	0.3165	0.2449	0.1848	0.3011	0.194	0.2769	0.3027	0.1327	0.4439	0.3459
471	0.1513	0.2847	0.2923	0.1165	0.3171	0.2441	0.1842	0.3005	0.1942	0.2769	0.3027	0.1329	0.444	0.346
472	0.152	0.289	0.2926	0.1164	0.3175	0.2439	0.1838	0.3005	0.1943	0.2772	0.3031	0.1327	0.4437	0.3462
473	0.1517	0.2879	0.2914	0.1162	0.316	0.2443	0.1841	0.3003	0.1943	0.2769	0.3025	0.1328	0.4439	0.3457
474	0.1517	0.2876	0.2903	0.1154	0.3157	0.244	0.1835	0.3002	0.1945	0.2774	0.3029	0.1327	0.4439	0.3459
475	0.1518	0.288	0.2901	0.1155	0.3156	0.2435	0.1832	0.2999	0.1944	0.2778	0.3029	0.1326	0.4438	0.3458
476	0.1514	0.2869	0.2908	0.1155	0.3165	0.2436	0.1837	0.3005	0.1938	0.2763	0.3027	0.1325	0.4439	0.3461
477	0.1511	0.2856	0.2901	0.1146	0.3159	0.2443	0.1837	0.3008	0.1938	0.2768	0.3028	0.1325	0.443	0.346
478	0.1512	0.2899	0.2893	0.1146	0.3148	0.2439	0.1839	0.3003	0.1939	0.2769	0.3025	0.1326	0.4436	0.3458
479	0.1504	0.2862	0.2895	0.1147	0.3149	0.244	0.1839	0.3004	0.1943	0.2782	0.3032	0.1327	0.4439	0.3461
480	0.1509	0.2897	0.2898	0.1153	0.315	0.2434	0.1837	0.2998	0.1943	0.2783	0.3029	0.1327	0.4433	0.3458
481	0.1516	0.291	0.2894	0.1155	0.3146	0.244	0.1837	0.3	0.194	0.2777	0.3026	0.1324	0.4426	0.3453
482	0.1505	0.2886	0.2898	0.1149	0.3147	0.244	0.184	0.3	0.1947	0.2782	0.303	0.1325	0.4426	0.3454
483	0.1514	0.2919	0.291	0.1153	0.3158	0.2439	0.1837	0.3	0.1943	0.2772	0.3026	0.1323	0.4424	0.3451
484	0.151	0.2881	0.2904	0.1155	0.315	0.2437	0.1838	0.2995	0.1943	0.278	0.3025	0.1324	0.4426	0.3451
485	0.1507	0.2894	0.2909	0.1156	0.3152	0.2432	0.1832	0.2992	0.1942	0.2765	0.3021	0.1323	0.4429	0.345
486	0.1505	0.2869	0.2909	0.1163	0.3157	0.2433	0.184	0.2997	0.1941	0.2775	0.3026	0.1322	0.4421	0.345
487	0.1509	0.2934	0.2909	0.1169	0.3159	0.2436	0.1837	0.2999	0.1936	0.2769	0.3024	0.1323	0.4425	0.3454
488	0.1507	0.2887	0.2907	0.1162	0.3158	0.2439	0.1839	0.3002	0.194	0.2767	0.3027	0.1323	0.4428	0.3456
489	0.1505	0.2893	0.2891	0.1159	0.3148	0.2437	0.1837	0.2999	0.1941	0.2773	0.3027	0.1325	0.4437	0.3458
490	0.1506	0.2937	0.2899	0.1162	0.3149	0.2431	0.1832	0.2992	0.1943	0.2778	0.3026	0.1325	0.4432	0.3455
491	0.1502	0.2916	0.2901	0.1162	0.3152	0.2434	0.1837	0.2996	0.1945	0.2781	0.3028	0.1323	0.443	0.3453
492	0.1505	0.2901	0.2901	0.1155	0.3148	0.2436	0.1836	0.2995	0.1942	0.2777	0.3025	0.1323	0.4431	0.3453
493	0.1507	0.2927	0.289	0.1154	0.3148	0.2437	0.1843	0.3001	0.1941	0.2781	0.3029	0.1322	0.4425	0.3455
494	0.1504	0.2878	0.2896	0.1157	0.315	0.2435	0.184	0.2997	0.1942	0.278	0.3028	0.1323	0.4424	0.3454
495	0.1499	0.2922	0.2903	0.116	0.3157	0.2447	0.1841	0.3006	0.1939	0.2784	0.303	0.1324	0.443	0.3459
496	0.1503	0.2884	0.2897	0.116	0.3154	0.2436	0.1838	0.3	0.1938	0.278	0.3028	0.1325	0.4432	0.3459
497	0.1498	0.2889	0.29	0.1167	0.3148	0.2438	0.1838	0.2994	0.1939	0.2776	0.3022	0.1323	0.4426	0.3452
498	0.1495	0.2888	0.2894	0.1161	0.3148	0.2437	0.1834	0.2996	0.1939	0.2768	0.3023	0.1325	0.4435	0.3457
499	0.1503	0.2901	0.2897	0.1161	0.3152	0.2437	0.184	0.2999	0.194	0.2772	0.3026	0.1324	0.4433	0.3457
500	0.15	0.2937	0.2892	0.1158	0.3146	0.2442	0.1843	0.3001	0.1943	0.2776	0.3027	0.1324	0.4431	0.3455
