{"n_layers": 2, "device": "cuda", "batch_size": 2048, "embedding_dim": 128, "learning_rate": 0.001, "dataset": "dbbook", "epochs": 150, "top_k": 50, "multimodal": true, "datasets": {"dbbook": ["images", "text"], "ml1m": ["audio", "images", "text", "video"]}}
Epoch	Loss	Recall	Precision	NDCG
1	0.6923	0.0603	0.0082	0.0371
2	0.6893	0.1142	0.0160	0.0701
3	0.6841	0.1412	0.0199	0.0795
4	0.6742	0.1451	0.0206	0.0783
5	0.6568	0.1416	0.0203	0.0744
6	0.6301	0.1379	0.0200	0.0714
7	0.5948	0.1358	0.0197	0.0696
8	0.5528	0.1335	0.0194	0.0681
9	0.5102	0.1326	0.0193	0.0674
10	0.4691	0.1324	0.0193	0.0671
11	0.4350	0.1313	0.0192	0.0669
12	0.4038	0.1314	0.0192	0.0670
13	0.3789	0.1314	0.0192	0.0671
14	0.3586	0.1323	0.0194	0.0678
15	0.3380	0.1325	0.0194	0.0682
16	0.3234	0.1338	0.0196	0.0689
17	0.3116	0.1350	0.0198	0.0696
18	0.3002	0.1363	0.0199	0.0704
19	0.2868	0.1373	0.0201	0.0712
20	0.2772	0.1386	0.0203	0.0720
21	0.2667	0.1398	0.0204	0.0727
22	0.2634	0.1409	0.0206	0.0736
23	0.2535	0.1421	0.0207	0.0743
24	0.2442	0.1434	0.0209	0.0754
25	0.2342	0.1451	0.0211	0.0764
26	0.2280	0.1462	0.0212	0.0771
27	0.2255	0.1478	0.0214	0.0779
28	0.2171	0.1493	0.0216	0.0787
29	0.2101	0.1509	0.0217	0.0796
30	0.2057	0.1524	0.0219	0.0806
31	0.1967	0.1534	0.0221	0.0814
32	0.1931	0.1547	0.0223	0.0823
33	0.1887	0.1563	0.0225	0.0833
34	0.1845	0.1580	0.0227	0.0843
35	0.1771	0.1604	0.0229	0.0852
36	0.1732	0.1617	0.0231	0.0862
37	0.1700	0.1632	0.0232	0.0870
38	0.1653	0.1650	0.0234	0.0881
39	0.1626	0.1665	0.0236	0.0890
40	0.1602	0.1679	0.0238	0.0898
41	0.1573	0.1688	0.0239	0.0903
42	0.1551	0.1699	0.0241	0.0909
43	0.1465	0.1712	0.0243	0.0917
44	0.1452	0.1731	0.0245	0.0926
45	0.1407	0.1746	0.0247	0.0934
46	0.1404	0.1760	0.0249	0.0942
47	0.1343	0.1766	0.0250	0.0946
48	0.1327	0.1776	0.0251	0.0953
49	0.1287	0.1788	0.0252	0.0959
50	0.1274	0.1801	0.0254	0.0967
51	0.1234	0.1816	0.0256	0.0974
52	0.1225	0.1821	0.0256	0.0978
53	0.1201	0.1834	0.0257	0.0984
54	0.1183	0.1843	0.0258	0.0990
55	0.1131	0.1861	0.0260	0.0999
56	0.1129	0.1871	0.0262	0.1007
57	0.1127	0.1876	0.0262	0.1012
58	0.1100	0.1887	0.0264	0.1021
59	0.1058	0.1896	0.0265	0.1029
60	0.1052	0.1898	0.0265	0.1032
61	0.1013	0.1903	0.0266	0.1037
62	0.1010	0.1909	0.0267	0.1043
63	0.0978	0.1914	0.0267	0.1047
64	0.0945	0.1916	0.0267	0.1049
65	0.0949	0.1923	0.0268	0.1053
66	0.0960	0.1932	0.0269	0.1060
67	0.0920	0.1940	0.0270	0.1066
68	0.0901	0.1946	0.0271	0.1070
69	0.0882	0.1948	0.0271	0.1073
70	0.0880	0.1959	0.0272	0.1080
71	0.0845	0.1966	0.0273	0.1084
72	0.0867	0.1969	0.0273	0.1088
73	0.0843	0.1971	0.0274	0.1091
74	0.0807	0.1978	0.0275	0.1095
75	0.0786	0.1985	0.0275	0.1101
76	0.0787	0.1992	0.0276	0.1105
77	0.0782	0.1997	0.0277	0.1109
78	0.0765	0.2006	0.0277	0.1112
79	0.0754	0.2012	0.0278	0.1115
80	0.0750	0.2017	0.0278	0.1118
81	0.0745	0.2023	0.0279	0.1121
82	0.0740	0.2033	0.0280	0.1127
83	0.0726	0.2042	0.0282	0.1130
84	0.0689	0.2048	0.0282	0.1133
85	0.0686	0.2052	0.0283	0.1136
86	0.0667	0.2054	0.0283	0.1139
87	0.0693	0.2062	0.0284	0.1144
88	0.0663	0.2066	0.0285	0.1147
89	0.0666	0.2074	0.0285	0.1151
90	0.0638	0.2070	0.0285	0.1151
91	0.0652	0.2073	0.0286	0.1152
92	0.0623	0.2080	0.0286	0.1153
93	0.0625	0.2082	0.0286	0.1156
94	0.0619	0.2085	0.0286	0.1160
95	0.0610	0.2089	0.0287	0.1164
96	0.0592	0.2096	0.0288	0.1168
97	0.0570	0.2099	0.0288	0.1172
98	0.0580	0.2105	0.0289	0.1175
99	0.0582	0.2103	0.0288	0.1177
100	0.0580	0.2112	0.0289	0.1181
101	0.0570	0.2112	0.0289	0.1184
102	0.0544	0.2114	0.0289	0.1185
103	0.0534	0.2121	0.0290	0.1187
104	0.0542	0.2125	0.0290	0.1189
105	0.0537	0.2120	0.0290	0.1189
106	0.0535	0.2125	0.0290	0.1192
107	0.0521	0.2134	0.0291	0.1197
108	0.0498	0.2135	0.0292	0.1199
109	0.0504	0.2141	0.0292	0.1201
110	0.0502	0.2142	0.0292	0.1203
111	0.0496	0.2143	0.0292	0.1205
112	0.0484	0.2146	0.0293	0.1207
113	0.0478	0.2147	0.0293	0.1209
114	0.0474	0.2150	0.0293	0.1211
115	0.0487	0.2153	0.0293	0.1214
116	0.0473	0.2149	0.0293	0.1214
117	0.0469	0.2157	0.0294	0.1218
118	0.0453	0.2154	0.0293	0.1218
119	0.0440	0.2153	0.0293	0.1220
120	0.0437	0.2155	0.0293	0.1220
121	0.0435	0.2156	0.0293	0.1222
122	0.0435	0.2157	0.0293	0.1223
123	0.0428	0.2164	0.0294	0.1227
124	0.0439	0.2166	0.0294	0.1229
125	0.0425	0.2166	0.0294	0.1228
126	0.0409	0.2167	0.0294	0.1229
127	0.0393	0.2169	0.0295	0.1230
128	0.0417	0.2171	0.0295	0.1232
129	0.0427	0.2174	0.0295	0.1234
130	0.0403	0.2171	0.0294	0.1234
131	0.0398	0.2175	0.0295	0.1235
132	0.0408	0.2173	0.0295	0.1235
133	0.0380	0.2179	0.0295	0.1238
134	0.0394	0.2185	0.0296	0.1240
135	0.0382	0.2180	0.0295	0.1239
136	0.0389	0.2183	0.0296	0.1242
137	0.0375	0.2186	0.0296	0.1245
138	0.0366	0.2185	0.0296	0.1246
139	0.0376	0.2188	0.0296	0.1247
140	0.0371	0.2190	0.0296	0.1249
141	0.0372	0.2194	0.0296	0.1250
142	0.0356	0.2191	0.0296	0.1252
143	0.0364	0.2190	0.0296	0.1253
144	0.0347	0.2187	0.0296	0.1253
145	0.0355	0.2186	0.0295	0.1254
146	0.0337	0.2188	0.0296	0.1255
147	0.0335	0.2189	0.0296	0.1255
148	0.0346	0.2191	0.0295	0.1257
149	0.0342	0.2195	0.0296	0.1260
150	0.0343	0.2193	0.0296	0.1260
