{"n_layers": 0, "device": "cuda", "batch_size": 2048, "embedding_dim": 1024, "learning_rate": 0.001, "dataset": "dbbook", "epochs": 150, "top_k": 50, "multimodal": true, "datasets": {"dbbook": ["images", "text"], "ml1m": ["audio", "images", "text", "video"]}}
Epoch	Loss	Recall	Precision	NDCG
1	0.6930	0.0193	0.0024	0.0096
2	0.6833	0.0415	0.0054	0.0255
3	0.6724	0.0862	0.0115	0.0589
4	0.6560	0.1351	0.0183	0.0890
5	0.6309	0.1669	0.0226	0.1061
6	0.5940	0.1807	0.0245	0.1135
7	0.5443	0.1867	0.0256	0.1171
8	0.4845	0.1901	0.0261	0.1184
9	0.4214	0.1912	0.0264	0.1185
10	0.3620	0.1933	0.0267	0.1196
11	0.3097	0.1942	0.0269	0.1203
12	0.2665	0.1969	0.0271	0.1215
13	0.2293	0.1973	0.0272	0.1222
14	0.1994	0.1991	0.0274	0.1235
15	0.1742	0.2013	0.0277	0.1252
16	0.1522	0.2027	0.0279	0.1266
17	0.1358	0.2043	0.0280	0.1276
18	0.1202	0.2057	0.0282	0.1287
19	0.1090	0.2070	0.0283	0.1298
20	0.0967	0.2086	0.0285	0.1308
21	0.0880	0.2104	0.0287	0.1319
22	0.0794	0.2111	0.0288	0.1326
23	0.0725	0.2125	0.0289	0.1332
24	0.0666	0.2134	0.0290	0.1339
25	0.0599	0.2141	0.0290	0.1349
26	0.0557	0.2150	0.0291	0.1355
27	0.0510	0.2163	0.0292	0.1358
28	0.0482	0.2168	0.0292	0.1364
29	0.0435	0.2182	0.0294	0.1372
30	0.0415	0.2191	0.0295	0.1378
31	0.0385	0.2194	0.0295	0.1379
32	0.0362	0.2199	0.0295	0.1380
33	0.0348	0.2212	0.0296	0.1385
34	0.0318	0.2217	0.0297	0.1389
35	0.0303	0.2217	0.0297	0.1391
36	0.0288	0.2224	0.0298	0.1399
37	0.0270	0.2225	0.0298	0.1402
38	0.0259	0.2225	0.0299	0.1403
39	0.0256	0.2230	0.0299	0.1407
40	0.0239	0.2228	0.0299	0.1410
41	0.0222	0.2233	0.0299	0.1414
42	0.0226	0.2231	0.0299	0.1413
43	0.0214	0.2229	0.0299	0.1414
44	0.0209	0.2238	0.0300	0.1417
45	0.0198	0.2248	0.0301	0.1416
46	0.0192	0.2258	0.0301	0.1417
47	0.0183	0.2255	0.0301	0.1415
48	0.0175	0.2256	0.0301	0.1414
49	0.0174	0.2260	0.0301	0.1415
50	0.0166	0.2261	0.0301	0.1419
51	0.0160	0.2257	0.0301	0.1420
52	0.0156	0.2265	0.0302	0.1425
53	0.0153	0.2265	0.0302	0.1426
54	0.0153	0.2263	0.0302	0.1427
55	0.0145	0.2260	0.0302	0.1427
56	0.0141	0.2268	0.0302	0.1430
57	0.0136	0.2267	0.0302	0.1429
58	0.0134	0.2274	0.0302	0.1434
59	0.0132	0.2281	0.0303	0.1438
60	0.0129	0.2280	0.0303	0.1438
61	0.0120	0.2280	0.0303	0.1437
62	0.0123	0.2272	0.0302	0.1435
63	0.0124	0.2268	0.0302	0.1435
64	0.0119	0.2276	0.0303	0.1435
65	0.0117	0.2280	0.0303	0.1439
66	0.0114	0.2286	0.0303	0.1441
67	0.0112	0.2279	0.0303	0.1442
68	0.0115	0.2277	0.0303	0.1443
69	0.0108	0.2276	0.0303	0.1443
70	0.0110	0.2272	0.0302	0.1442
71	0.0107	0.2273	0.0302	0.1444
72	0.0104	0.2282	0.0303	0.1444
73	0.0102	0.2287	0.0303	0.1446
74	0.0100	0.2287	0.0303	0.1447
75	0.0103	0.2288	0.0304	0.1447
76	0.0101	0.2284	0.0303	0.1446
77	0.0096	0.2277	0.0302	0.1445
78	0.0101	0.2281	0.0302	0.1447
79	0.0096	0.2274	0.0302	0.1444
80	0.0098	0.2271	0.0302	0.1443
81	0.0093	0.2273	0.0301	0.1442
82	0.0091	0.2274	0.0301	0.1438
83	0.0096	0.2277	0.0302	0.1441
84	0.0090	0.2274	0.0302	0.1441
85	0.0090	0.2272	0.0301	0.1440
86	0.0091	0.2270	0.0301	0.1438
87	0.0095	0.2275	0.0302	0.1440
88	0.0089	0.2277	0.0302	0.1439
89	0.0089	0.2275	0.0302	0.1441
90	0.0085	0.2280	0.0302	0.1444
91	0.0087	0.2274	0.0301	0.1444
92	0.0090	0.2271	0.0301	0.1443
93	0.0088	0.2267	0.0301	0.1444
94	0.0085	0.2269	0.0300	0.1446
95	0.0084	0.2276	0.0301	0.1451
96	0.0088	0.2271	0.0300	0.1447
97	0.0091	0.2265	0.0300	0.1443
98	0.0085	0.2266	0.0300	0.1442
99	0.0080	0.2266	0.0299	0.1442
100	0.0080	0.2270	0.0300	0.1446
101	0.0084	0.2275	0.0300	0.1447
102	0.0083	0.2277	0.0300	0.1447
103	0.0084	0.2275	0.0301	0.1447
104	0.0084	0.2273	0.0300	0.1444
105	0.0084	0.2275	0.0300	0.1445
106	0.0077	0.2270	0.0300	0.1444
107	0.0080	0.2274	0.0300	0.1446
108	0.0075	0.2272	0.0300	0.1444
109	0.0078	0.2272	0.0300	0.1441
110	0.0082	0.2266	0.0299	0.1438
111	0.0081	0.2277	0.0300	0.1442
112	0.0075	0.2275	0.0300	0.1441
113	0.0076	0.2274	0.0300	0.1442
114	0.0084	0.2274	0.0300	0.1446
115	0.0081	0.2276	0.0301	0.1447
116	0.0082	0.2274	0.0301	0.1443
117	0.0073	0.2279	0.0301	0.1446
118	0.0078	0.2284	0.0301	0.1446
119	0.0074	0.2274	0.0300	0.1437
120	0.0078	0.2278	0.0300	0.1438
121	0.0074	0.2280	0.0301	0.1439
122	0.0079	0.2286	0.0302	0.1439
123	0.0077	0.2286	0.0302	0.1439
124	0.0078	0.2283	0.0301	0.1437
125	0.0078	0.2282	0.0301	0.1437
126	0.0077	0.2285	0.0301	0.1438
127	0.0076	0.2284	0.0301	0.1438
128	0.0075	0.2286	0.0301	0.1437
129	0.0080	0.2289	0.0302	0.1441
130	0.0075	0.2290	0.0302	0.1443
131	0.0079	0.2295	0.0302	0.1446
132	0.0078	0.2288	0.0302	0.1445
133	0.0077	0.2282	0.0301	0.1444
134	0.0073	0.2281	0.0301	0.1447
135	0.0074	0.2286	0.0301	0.1450
136	0.0073	0.2291	0.0302	0.1453
137	0.0072	0.2290	0.0302	0.1454
138	0.0076	0.2294	0.0302	0.1453
139	0.0072	0.2284	0.0301	0.1449
140	0.0069	0.2280	0.0300	0.1447
141	0.0076	0.2290	0.0302	0.1451
142	0.0074	0.2293	0.0302	0.1452
143	0.0075	0.2293	0.0302	0.1454
144	0.0074	0.2294	0.0302	0.1456
145	0.0075	0.2288	0.0302	0.1453
146	0.0075	0.2276	0.0301	0.1449
147	0.0070	0.2274	0.0300	0.1448
148	0.0074	0.2280	0.0301	0.1454
149	0.0073	0.2288	0.0302	0.1458
150	0.0068	0.2294	0.0303	0.1464
