{"n_layers": 1, "device": "cuda", "batch_size": 2048, "embedding_dim": 1024, "learning_rate": 0.0005, "dataset": "dbbook", "epochs": 150, "top_k": 50, "multimodal": false, "datasets": {"dbbook": ["images", "text"], "ml1m": ["audio", "images", "text", "video"]}}
Epoch	Loss	Recall	Precision	NDCG
1	0.6871	0.0441	0.0060	0.0278
2	0.6802	0.1230	0.0171	0.0736
3	0.6675	0.1569	0.0220	0.0879
4	0.6433	0.1589	0.0225	0.0873
5	0.6022	0.1543	0.0219	0.0838
6	0.5446	0.1503	0.0215	0.0813
7	0.4781	0.1479	0.0211	0.0797
8	0.4145	0.1468	0.0210	0.0796
9	0.3583	0.1465	0.0211	0.0800
10	0.3131	0.1484	0.0213	0.0807
11	0.2758	0.1508	0.0216	0.0821
12	0.2458	0.1532	0.0219	0.0836
13	0.2210	0.1561	0.0223	0.0851
14	0.1981	0.1594	0.0227	0.0871
15	0.1811	0.1628	0.0231	0.0893
16	0.1625	0.1667	0.0235	0.0914
17	0.1474	0.1702	0.0239	0.0934
18	0.1384	0.1723	0.0242	0.0949
19	0.1288	0.1744	0.0245	0.0965
20	0.1179	0.1771	0.0248	0.0984
21	0.1084	0.1794	0.0251	0.0999
22	0.0990	0.1819	0.0254	0.1013
23	0.0950	0.1838	0.0255	0.1026
24	0.0876	0.1857	0.0258	0.1034
25	0.0826	0.1870	0.0259	0.1044
26	0.0768	0.1901	0.0262	0.1062
27	0.0713	0.1911	0.0264	0.1070
28	0.0676	0.1928	0.0266	0.1080
29	0.0643	0.1935	0.0266	0.1088
30	0.0614	0.1949	0.0268	0.1101
31	0.0576	0.1972	0.0270	0.1112
32	0.0536	0.1978	0.0271	0.1118
33	0.0512	0.1995	0.0272	0.1126
34	0.0486	0.2005	0.0273	0.1133
35	0.0473	0.2016	0.0274	0.1140
36	0.0444	0.2022	0.0275	0.1143
37	0.0421	0.2029	0.0276	0.1151
38	0.0429	0.2032	0.0276	0.1157
39	0.0394	0.2031	0.0276	0.1159
40	0.0374	0.2038	0.0276	0.1161
41	0.0374	0.2044	0.0277	0.1165
42	0.0358	0.2050	0.0277	0.1172
43	0.0327	0.2052	0.0277	0.1176
44	0.0326	0.2060	0.0278	0.1181
45	0.0308	0.2064	0.0279	0.1183
46	0.0302	0.2071	0.0279	0.1188
47	0.0283	0.2072	0.0279	0.1193
48	0.0278	0.2075	0.0279	0.1196
49	0.0269	0.2080	0.0280	0.1200
50	0.0261	0.2077	0.0279	0.1201
51	0.0257	0.2082	0.0279	0.1203
52	0.0236	0.2086	0.0280	0.1205
53	0.0242	0.2085	0.0280	0.1207
54	0.0225	0.2091	0.0280	0.1209
55	0.0234	0.2094	0.0280	0.1214
56	0.0215	0.2094	0.0280	0.1215
57	0.0213	0.2099	0.0280	0.1219
58	0.0214	0.2100	0.0280	0.1220
59	0.0202	0.2098	0.0279	0.1220
60	0.0196	0.2100	0.0279	0.1221
61	0.0204	0.2098	0.0278	0.1220
62	0.0192	0.2093	0.0278	0.1220
63	0.0184	0.2087	0.0277	0.1219
64	0.0189	0.2090	0.0277	0.1221
65	0.0169	0.2091	0.0277	0.1223
66	0.0175	0.2095	0.0277	0.1225
67	0.0177	0.2095	0.0277	0.1227
68	0.0163	0.2093	0.0276	0.1228
69	0.0164	0.2093	0.0276	0.1227
70	0.0163	0.2092	0.0275	0.1227
71	0.0155	0.2101	0.0276	0.1231
72	0.0150	0.2101	0.0276	0.1232
73	0.0147	0.2100	0.0276	0.1232
74	0.0149	0.2101	0.0276	0.1232
75	0.0147	0.2094	0.0275	0.1230
76	0.0145	0.2090	0.0274	0.1229
77	0.0137	0.2094	0.0274	0.1230
78	0.0137	0.2095	0.0274	0.1228
79	0.0135	0.2096	0.0274	0.1227
80	0.0135	0.2100	0.0274	0.1229
81	0.0129	0.2095	0.0274	0.1228
82	0.0129	0.2096	0.0274	0.1228
83	0.0124	0.2096	0.0274	0.1227
84	0.0124	0.2095	0.0274	0.1227
85	0.0129	0.2101	0.0274	0.1228
86	0.0120	0.2101	0.0274	0.1228
87	0.0114	0.2104	0.0274	0.1229
88	0.0125	0.2096	0.0273	0.1228
89	0.0116	0.2090	0.0273	0.1227
90	0.0112	0.2091	0.0273	0.1226
91	0.0108	0.2089	0.0273	0.1224
92	0.0107	0.2087	0.0272	0.1223
93	0.0113	0.2087	0.0272	0.1224
94	0.0108	0.2087	0.0272	0.1225
95	0.0106	0.2084	0.0272	0.1225
96	0.0109	0.2081	0.0271	0.1223
97	0.0102	0.2081	0.0271	0.1224
98	0.0104	0.2083	0.0271	0.1225
99	0.0105	0.2082	0.0271	0.1225
100	0.0097	0.2082	0.0271	0.1225
101	0.0101	0.2083	0.0271	0.1227
102	0.0102	0.2086	0.0271	0.1228
103	0.0102	0.2084	0.0271	0.1228
104	0.0101	0.2080	0.0270	0.1226
105	0.0098	0.2074	0.0269	0.1224
106	0.0099	0.2071	0.0269	0.1225
107	0.0096	0.2071	0.0269	0.1225
108	0.0096	0.2073	0.0269	0.1227
109	0.0092	0.2074	0.0269	0.1226
110	0.0094	0.2072	0.0268	0.1226
111	0.0092	0.2075	0.0269	0.1227
112	0.0085	0.2069	0.0268	0.1226
113	0.0086	0.2070	0.0268	0.1227
114	0.0091	0.2067	0.0268	0.1224
115	0.0092	0.2068	0.0267	0.1225
116	0.0092	0.2066	0.0267	0.1221
117	0.0084	0.2064	0.0267	0.1219
118	0.0088	0.2063	0.0266	0.1218
119	0.0087	0.2058	0.0266	0.1216
120	0.0088	0.2053	0.0265	0.1214
121	0.0083	0.2051	0.0265	0.1214
122	0.0087	0.2054	0.0265	0.1216
123	0.0082	0.2052	0.0265	0.1217
124	0.0081	0.2055	0.0265	0.1219
125	0.0082	0.2057	0.0265	0.1222
126	0.0082	0.2056	0.0265	0.1222
127	0.0087	0.2056	0.0265	0.1221
128	0.0081	0.2061	0.0266	0.1222
129	0.0082	0.2061	0.0265	0.1220
130	0.0080	0.2060	0.0265	0.1220
131	0.0084	0.2057	0.0265	0.1219
132	0.0076	0.2053	0.0265	0.1219
133	0.0077	0.2055	0.0265	0.1219
134	0.0078	0.2057	0.0265	0.1219
135	0.0084	0.2053	0.0264	0.1217
136	0.0077	0.2055	0.0264	0.1218
137	0.0074	0.2056	0.0264	0.1217
138	0.0075	0.2054	0.0264	0.1217
139	0.0075	0.2051	0.0264	0.1218
140	0.0080	0.2048	0.0263	0.1218
141	0.0079	0.2047	0.0263	0.1217
142	0.0074	0.2048	0.0263	0.1216
143	0.0074	0.2047	0.0263	0.1215
144	0.0071	0.2046	0.0263	0.1215
145	0.0068	0.2042	0.0262	0.1214
146	0.0070	0.2040	0.0262	0.1213
147	0.0075	0.2039	0.0262	0.1214
148	0.0077	0.2036	0.0262	0.1213
149	0.0074	0.2035	0.0261	0.1216
150	0.0075	0.2038	0.0261	0.1217
