{"n_layers": 0, "device": "cuda", "batch_size": 2048, "embedding_dim": 1024, "learning_rate": 0.001, "dataset": "dbbook", "epochs": 150, "top_k": 50, "multimodal": true, "datasets": {"dbbook": ["images", "text"], "ml1m": ["audio", "images", "text", "video"]}}
Epoch	Loss	Recall	Precision	NDCG
1	0.6930	0.0196	0.0025	0.0098
2	0.6824	0.0406	0.0052	0.0257
3	0.6709	0.0812	0.0108	0.0541
4	0.6542	0.1257	0.0170	0.0835
5	0.6291	0.1586	0.0215	0.1012
6	0.5928	0.1740	0.0238	0.1098
7	0.5445	0.1830	0.0251	0.1136
8	0.4867	0.1857	0.0257	0.1159
9	0.4251	0.1897	0.0263	0.1180
10	0.3660	0.1913	0.0265	0.1191
11	0.3142	0.1937	0.0269	0.1205
12	0.2693	0.1954	0.0271	0.1215
13	0.2325	0.1971	0.0273	0.1223
14	0.2017	0.1997	0.0276	0.1240
15	0.1768	0.2016	0.0278	0.1256
16	0.1557	0.2042	0.0281	0.1270
17	0.1386	0.2058	0.0283	0.1279
18	0.1223	0.2075	0.0284	0.1289
19	0.1092	0.2090	0.0285	0.1298
20	0.0988	0.2099	0.0286	0.1304
21	0.0885	0.2111	0.0288	0.1312
22	0.0798	0.2121	0.0289	0.1319
23	0.0731	0.2137	0.0290	0.1327
24	0.0680	0.2142	0.0290	0.1333
25	0.0614	0.2162	0.0292	0.1340
26	0.0564	0.2166	0.0293	0.1343
27	0.0518	0.2178	0.0293	0.1349
28	0.0482	0.2188	0.0295	0.1352
29	0.0449	0.2188	0.0295	0.1353
30	0.0421	0.2188	0.0295	0.1355
31	0.0385	0.2195	0.0296	0.1364
32	0.0372	0.2203	0.0296	0.1370
33	0.0350	0.2203	0.0296	0.1373
34	0.0329	0.2209	0.0297	0.1375
35	0.0310	0.2214	0.0298	0.1381
36	0.0288	0.2220	0.0299	0.1385
37	0.0283	0.2220	0.0299	0.1389
38	0.0269	0.2233	0.0300	0.1395
39	0.0253	0.2242	0.0301	0.1403
40	0.0246	0.2249	0.0301	0.1404
41	0.0232	0.2258	0.0302	0.1411
42	0.0223	0.2263	0.0303	0.1413
43	0.0212	0.2265	0.0303	0.1415
44	0.0202	0.2269	0.0303	0.1418
45	0.0200	0.2259	0.0302	0.1418
46	0.0195	0.2257	0.0302	0.1416
47	0.0184	0.2260	0.0302	0.1420
48	0.0180	0.2262	0.0303	0.1421
49	0.0171	0.2270	0.0304	0.1428
50	0.0167	0.2275	0.0304	0.1432
51	0.0163	0.2271	0.0303	0.1432
52	0.0160	0.2279	0.0305	0.1436
53	0.0156	0.2283	0.0305	0.1434
54	0.0149	0.2280	0.0304	0.1435
55	0.0149	0.2284	0.0304	0.1437
56	0.0139	0.2288	0.0305	0.1439
57	0.0139	0.2288	0.0305	0.1440
58	0.0135	0.2280	0.0304	0.1437
59	0.0132	0.2283	0.0304	0.1437
60	0.0135	0.2285	0.0304	0.1439
61	0.0127	0.2288	0.0305	0.1437
62	0.0130	0.2290	0.0305	0.1435
63	0.0122	0.2293	0.0305	0.1438
64	0.0122	0.2298	0.0305	0.1438
65	0.0117	0.2298	0.0305	0.1439
66	0.0123	0.2293	0.0305	0.1437
67	0.0112	0.2290	0.0305	0.1438
68	0.0113	0.2286	0.0304	0.1438
69	0.0111	0.2290	0.0304	0.1441
70	0.0107	0.2286	0.0304	0.1442
71	0.0108	0.2287	0.0304	0.1444
72	0.0102	0.2289	0.0304	0.1444
73	0.0105	0.2293	0.0305	0.1445
74	0.0105	0.2295	0.0304	0.1447
75	0.0102	0.2296	0.0304	0.1445
76	0.0100	0.2303	0.0305	0.1448
77	0.0097	0.2302	0.0305	0.1445
78	0.0096	0.2308	0.0305	0.1446
79	0.0098	0.2301	0.0305	0.1448
80	0.0096	0.2298	0.0304	0.1448
81	0.0092	0.2293	0.0304	0.1444
82	0.0093	0.2301	0.0305	0.1444
83	0.0095	0.2303	0.0305	0.1445
84	0.0096	0.2307	0.0305	0.1446
85	0.0095	0.2309	0.0305	0.1449
86	0.0091	0.2309	0.0306	0.1449
87	0.0092	0.2313	0.0305	0.1448
88	0.0088	0.2320	0.0306	0.1452
89	0.0091	0.2318	0.0306	0.1451
90	0.0092	0.2316	0.0306	0.1451
91	0.0083	0.2317	0.0306	0.1454
92	0.0086	0.2314	0.0305	0.1454
93	0.0086	0.2316	0.0305	0.1455
94	0.0088	0.2313	0.0305	0.1453
95	0.0083	0.2311	0.0305	0.1451
96	0.0087	0.2309	0.0305	0.1450
97	0.0084	0.2308	0.0305	0.1450
98	0.0083	0.2308	0.0305	0.1448
99	0.0080	0.2311	0.0305	0.1452
100	0.0090	0.2308	0.0305	0.1450
101	0.0086	0.2306	0.0305	0.1449
102	0.0078	0.2306	0.0305	0.1454
103	0.0082	0.2306	0.0305	0.1456
104	0.0080	0.2316	0.0306	0.1460
105	0.0078	0.2310	0.0305	0.1458
106	0.0079	0.2310	0.0305	0.1458
107	0.0080	0.2311	0.0305	0.1463
108	0.0082	0.2311	0.0305	0.1462
109	0.0082	0.2315	0.0305	0.1461
110	0.0077	0.2316	0.0305	0.1459
111	0.0077	0.2319	0.0305	0.1458
112	0.0084	0.2315	0.0304	0.1458
113	0.0080	0.2315	0.0304	0.1456
114	0.0079	0.2314	0.0304	0.1455
115	0.0076	0.2319	0.0305	0.1459
116	0.0075	0.2323	0.0305	0.1460
117	0.0077	0.2315	0.0304	0.1456
118	0.0075	0.2320	0.0304	0.1457
119	0.0074	0.2321	0.0304	0.1456
120	0.0074	0.2320	0.0304	0.1457
121	0.0072	0.2322	0.0305	0.1458
122	0.0073	0.2326	0.0305	0.1459
123	0.0079	0.2320	0.0305	0.1453
124	0.0074	0.2314	0.0304	0.1450
125	0.0076	0.2311	0.0304	0.1449
126	0.0074	0.2310	0.0304	0.1450
127	0.0079	0.2306	0.0304	0.1451
128	0.0073	0.2301	0.0303	0.1450
129	0.0073	0.2298	0.0302	0.1449
130	0.0074	0.2291	0.0302	0.1447
131	0.0074	0.2287	0.0302	0.1449
132	0.0075	0.2287	0.0302	0.1450
133	0.0079	0.2286	0.0302	0.1450
134	0.0072	0.2291	0.0302	0.1452
135	0.0072	0.2291	0.0303	0.1455
136	0.0075	0.2291	0.0302	0.1454
137	0.0074	0.2293	0.0302	0.1452
138	0.0072	0.2290	0.0302	0.1452
139	0.0072	0.2292	0.0302	0.1452
140	0.0071	0.2297	0.0302	0.1452
141	0.0077	0.2294	0.0301	0.1451
142	0.0069	0.2290	0.0301	0.1447
143	0.0073	0.2298	0.0302	0.1450
144	0.0071	0.2298	0.0302	0.1451
145	0.0073	0.2299	0.0302	0.1451
146	0.0074	0.2295	0.0302	0.1450
147	0.0069	0.2294	0.0302	0.1449
148	0.0073	0.2293	0.0302	0.1446
149	0.0072	0.2290	0.0301	0.1446
150	0.0070	0.2294	0.0302	0.1448
