{"n_layers": 0, "device": "cuda", "batch_size": 2048, "embedding_dim": 1024, "learning_rate": 0.001, "dataset": "dbbook", "epochs": 150, "top_k": 50, "multimodal": false, "datasets": {"dbbook": ["images", "text"], "ml1m": ["audio", "images", "text", "video"]}}
Epoch	Loss	Recall	Precision	NDCG
1	0.6932	0.0113	0.0015	0.0053
2	0.6777	0.0195	0.0026	0.0105
3	0.6599	0.0572	0.0078	0.0378
4	0.6322	0.1102	0.0151	0.0720
5	0.5894	0.1482	0.0202	0.0932
6	0.5288	0.1683	0.0230	0.1043
7	0.4541	0.1764	0.0242	0.1092
8	0.3755	0.1833	0.0251	0.1129
9	0.3036	0.1868	0.0256	0.1155
10	0.2435	0.1893	0.0259	0.1179
11	0.1971	0.1926	0.0262	0.1206
12	0.1615	0.1948	0.0264	0.1220
13	0.1323	0.1978	0.0267	0.1236
14	0.1118	0.1997	0.0269	0.1253
15	0.0938	0.2022	0.0272	0.1266
16	0.0801	0.2029	0.0273	0.1274
17	0.0687	0.2048	0.0275	0.1286
18	0.0598	0.2055	0.0276	0.1291
19	0.0533	0.2066	0.0278	0.1296
20	0.0467	0.2074	0.0278	0.1304
21	0.0421	0.2075	0.0279	0.1307
22	0.0374	0.2087	0.0280	0.1313
23	0.0340	0.2090	0.0279	0.1319
24	0.0310	0.2092	0.0280	0.1324
25	0.0287	0.2099	0.0280	0.1330
26	0.0259	0.2103	0.0280	0.1332
27	0.0242	0.2106	0.0280	0.1335
28	0.0230	0.2099	0.0279	0.1332
29	0.0214	0.2099	0.0279	0.1333
30	0.0195	0.2101	0.0279	0.1334
31	0.0185	0.2108	0.0280	0.1337
32	0.0174	0.2108	0.0279	0.1336
33	0.0166	0.2102	0.0279	0.1335
34	0.0156	0.2109	0.0280	0.1339
35	0.0152	0.2115	0.0280	0.1342
36	0.0139	0.2125	0.0281	0.1346
37	0.0136	0.2124	0.0280	0.1347
38	0.0126	0.2131	0.0281	0.1347
39	0.0125	0.2128	0.0281	0.1345
40	0.0118	0.2125	0.0280	0.1347
41	0.0117	0.2136	0.0281	0.1351
42	0.0113	0.2125	0.0281	0.1352
43	0.0109	0.2131	0.0282	0.1352
44	0.0106	0.2126	0.0280	0.1348
45	0.0102	0.2124	0.0280	0.1344
46	0.0101	0.2126	0.0280	0.1344
47	0.0099	0.2129	0.0280	0.1343
48	0.0095	0.2129	0.0280	0.1344
49	0.0093	0.2135	0.0280	0.1345
50	0.0087	0.2129	0.0280	0.1341
51	0.0086	0.2126	0.0280	0.1342
52	0.0086	0.2119	0.0279	0.1338
53	0.0084	0.2117	0.0279	0.1336
54	0.0081	0.2111	0.0278	0.1333
55	0.0085	0.2115	0.0278	0.1334
56	0.0076	0.2118	0.0279	0.1337
57	0.0073	0.2120	0.0278	0.1337
58	0.0071	0.2121	0.0278	0.1334
59	0.0074	0.2118	0.0278	0.1332
60	0.0074	0.2116	0.0278	0.1329
61	0.0072	0.2116	0.0278	0.1333
62	0.0071	0.2112	0.0277	0.1332
63	0.0067	0.2120	0.0278	0.1336
64	0.0070	0.2122	0.0278	0.1339
65	0.0067	0.2129	0.0279	0.1341
66	0.0064	0.2128	0.0279	0.1339
67	0.0065	0.2127	0.0279	0.1340
68	0.0067	0.2127	0.0278	0.1338
69	0.0071	0.2118	0.0277	0.1334
70	0.0067	0.2114	0.0277	0.1333
71	0.0066	0.2120	0.0278	0.1333
72	0.0066	0.2123	0.0278	0.1337
73	0.0064	0.2119	0.0277	0.1335
74	0.0059	0.2119	0.0277	0.1336
75	0.0059	0.2125	0.0278	0.1337
76	0.0061	0.2125	0.0277	0.1337
77	0.0061	0.2127	0.0278	0.1339
78	0.0061	0.2119	0.0278	0.1335
79	0.0059	0.2110	0.0277	0.1336
80	0.0055	0.2106	0.0277	0.1332
81	0.0059	0.2099	0.0275	0.1327
82	0.0056	0.2101	0.0276	0.1327
83	0.0057	0.2105	0.0276	0.1330
84	0.0060	0.2106	0.0276	0.1330
85	0.0056	0.2110	0.0277	0.1332
86	0.0055	0.2109	0.0277	0.1333
87	0.0059	0.2111	0.0277	0.1337
88	0.0054	0.2111	0.0277	0.1335
89	0.0055	0.2110	0.0276	0.1333
90	0.0055	0.2113	0.0277	0.1332
91	0.0053	0.2108	0.0276	0.1329
92	0.0052	0.2114	0.0277	0.1329
93	0.0052	0.2111	0.0276	0.1328
94	0.0056	0.2110	0.0277	0.1326
95	0.0058	0.2106	0.0276	0.1327
96	0.0054	0.2112	0.0277	0.1330
97	0.0051	0.2109	0.0276	0.1330
98	0.0056	0.2117	0.0277	0.1334
99	0.0054	0.2115	0.0277	0.1334
100	0.0057	0.2111	0.0277	0.1333
101	0.0055	0.2110	0.0277	0.1330
102	0.0054	0.2101	0.0276	0.1332
103	0.0047	0.2099	0.0276	0.1332
104	0.0052	0.2102	0.0276	0.1331
105	0.0054	0.2099	0.0276	0.1330
106	0.0052	0.2107	0.0277	0.1331
107	0.0055	0.2111	0.0277	0.1332
108	0.0054	0.2110	0.0277	0.1331
109	0.0052	0.2120	0.0278	0.1337
110	0.0058	0.2118	0.0278	0.1334
111	0.0050	0.2113	0.0278	0.1332
112	0.0057	0.2114	0.0278	0.1330
113	0.0052	0.2115	0.0277	0.1329
114	0.0050	0.2117	0.0277	0.1331
115	0.0053	0.2117	0.0278	0.1334
116	0.0055	0.2120	0.0278	0.1335
117	0.0051	0.2121	0.0278	0.1334
118	0.0054	0.2121	0.0278	0.1332
119	0.0051	0.2117	0.0277	0.1332
120	0.0050	0.2121	0.0278	0.1332
121	0.0055	0.2119	0.0277	0.1335
122	0.0052	0.2116	0.0277	0.1334
123	0.0050	0.2118	0.0277	0.1332
124	0.0050	0.2119	0.0277	0.1332
125	0.0053	0.2120	0.0277	0.1334
126	0.0053	0.2118	0.0277	0.1335
127	0.0050	0.2124	0.0278	0.1335
128	0.0052	0.2127	0.0278	0.1338
129	0.0053	0.2127	0.0278	0.1337
130	0.0050	0.2123	0.0277	0.1331
131	0.0051	0.2125	0.0277	0.1328
132	0.0055	0.2118	0.0276	0.1326
133	0.0049	0.2127	0.0277	0.1330
134	0.0051	0.2125	0.0276	0.1332
135	0.0049	0.2128	0.0277	0.1333
136	0.0051	0.2130	0.0277	0.1337
137	0.0048	0.2129	0.0278	0.1336
138	0.0055	0.2124	0.0278	0.1337
139	0.0050	0.2118	0.0277	0.1336
140	0.0051	0.2123	0.0277	0.1336
141	0.0050	0.2119	0.0278	0.1335
142	0.0051	0.2116	0.0277	0.1332
143	0.0054	0.2110	0.0276	0.1327
144	0.0048	0.2108	0.0276	0.1322
145	0.0057	0.2103	0.0274	0.1314
146	0.0052	0.2097	0.0273	0.1310
147	0.0049	0.2098	0.0274	0.1313
148	0.0051	0.2095	0.0273	0.1311
149	0.0048	0.2095	0.0273	0.1314
150	0.0046	0.2098	0.0274	0.1316
