{"n_layers": 0, "device": "cuda", "batch_size": 2048, "embedding_dim": 1024, "learning_rate": 0.001, "dataset": "dbbook", "epochs": 150, "top_k": 50, "model": "ef-mmlgcn", "fusion": "max", "multimodal": true, "datasets": {"dbbook": ["images", "text"], "ml1m": ["audio", "images", "text", "video"]}}
Epoch	Loss	Recall	Precision	NDCG
1	0.6860	0.0343	0.0041	0.0195
2	0.5501	0.0624	0.0075	0.0399
3	0.4530	0.0804	0.0098	0.0535
4	0.3787	0.0916	0.0111	0.0613
5	0.3202	0.0990	0.0120	0.0677
6	0.2723	0.1061	0.0127	0.0727
7	0.2337	0.1104	0.0133	0.0760
8	0.2017	0.1144	0.0137	0.0789
9	0.1760	0.1183	0.0142	0.0819
10	0.1545	0.1216	0.0147	0.0847
11	0.1360	0.1252	0.0152	0.0873
12	0.1205	0.1283	0.0156	0.0894
13	0.1078	0.1305	0.0158	0.0911
14	0.0977	0.1325	0.0161	0.0928
15	0.0876	0.1347	0.0164	0.0944
16	0.0795	0.1365	0.0167	0.0957
17	0.0721	0.1393	0.0171	0.0975
18	0.0658	0.1415	0.0173	0.0990
19	0.0609	0.1437	0.0177	0.1002
20	0.0556	0.1455	0.0178	0.1011
21	0.0521	0.1469	0.0181	0.1022
22	0.0476	0.1485	0.0183	0.1035
23	0.0450	0.1507	0.0185	0.1048
24	0.0417	0.1518	0.0187	0.1058
25	0.0389	0.1530	0.0189	0.1066
26	0.0363	0.1552	0.0192	0.1079
27	0.0346	0.1568	0.0193	0.1087
28	0.0318	0.1574	0.0195	0.1092
29	0.0304	0.1597	0.0197	0.1102
30	0.0290	0.1606	0.0198	0.1109
31	0.0274	0.1626	0.0200	0.1118
32	0.0258	0.1632	0.0201	0.1122
33	0.0247	0.1645	0.0203	0.1129
34	0.0234	0.1653	0.0204	0.1135
35	0.0225	0.1667	0.0205	0.1141
36	0.0215	0.1677	0.0207	0.1147
37	0.0206	0.1687	0.0208	0.1153
38	0.0195	0.1695	0.0209	0.1159
39	0.0189	0.1697	0.0210	0.1161
40	0.0180	0.1701	0.0211	0.1163
41	0.0175	0.1708	0.0212	0.1168
42	0.0170	0.1719	0.0213	0.1175
43	0.0165	0.1727	0.0214	0.1179
44	0.0158	0.1734	0.0215	0.1182
45	0.0152	0.1739	0.0216	0.1184
46	0.0146	0.1752	0.0217	0.1189
47	0.0143	0.1759	0.0218	0.1193
48	0.0139	0.1763	0.0218	0.1197
49	0.0135	0.1764	0.0218	0.1199
50	0.0133	0.1769	0.0219	0.1202
51	0.0129	0.1773	0.0220	0.1202
52	0.0124	0.1779	0.0220	0.1205
53	0.0123	0.1783	0.0221	0.1208
54	0.0121	0.1788	0.0222	0.1211
55	0.0115	0.1794	0.0222	0.1214
56	0.0116	0.1800	0.0223	0.1217
57	0.0111	0.1801	0.0224	0.1219
58	0.0111	0.1806	0.0224	0.1223
59	0.0104	0.1812	0.0225	0.1224
60	0.0107	0.1818	0.0226	0.1227
61	0.0102	0.1817	0.0226	0.1227
62	0.0100	0.1815	0.0226	0.1228
63	0.0100	0.1818	0.0226	0.1231
64	0.0097	0.1821	0.0226	0.1232
65	0.0091	0.1818	0.0226	0.1232
66	0.0094	0.1818	0.0227	0.1233
67	0.0087	0.1825	0.0227	0.1237
68	0.0086	0.1828	0.0228	0.1238
69	0.0088	0.1832	0.0228	0.1240
70	0.0087	0.1832	0.0228	0.1241
71	0.0088	0.1835	0.0229	0.1242
72	0.0086	0.1834	0.0229	0.1243
73	0.0083	0.1836	0.0229	0.1245
74	0.0079	0.1838	0.0229	0.1246
75	0.0082	0.1841	0.0230	0.1249
76	0.0078	0.1850	0.0230	0.1251
77	0.0078	0.1853	0.0231	0.1252
78	0.0078	0.1853	0.0231	0.1253
79	0.0072	0.1856	0.0232	0.1254
80	0.0077	0.1856	0.0232	0.1254
81	0.0072	0.1857	0.0232	0.1257
82	0.0072	0.1857	0.0232	0.1257
83	0.0070	0.1860	0.0233	0.1260
84	0.0070	0.1861	0.0233	0.1260
85	0.0073	0.1865	0.0233	0.1264
86	0.0069	0.1864	0.0233	0.1263
87	0.0067	0.1867	0.0234	0.1264
88	0.0070	0.1870	0.0234	0.1264
89	0.0069	0.1872	0.0234	0.1266
90	0.0071	0.1875	0.0234	0.1268
91	0.0068	0.1877	0.0235	0.1269
92	0.0070	0.1879	0.0235	0.1269
93	0.0063	0.1879	0.0235	0.1269
94	0.0067	0.1884	0.0236	0.1271
95	0.0068	0.1884	0.0236	0.1273
96	0.0066	0.1882	0.0236	0.1273
97	0.0060	0.1886	0.0236	0.1274
98	0.0062	0.1889	0.0236	0.1275
99	0.0064	0.1889	0.0236	0.1275
100	0.0062	0.1888	0.0236	0.1276
101	0.0062	0.1891	0.0236	0.1279
102	0.0059	0.1893	0.0237	0.1279
103	0.0061	0.1890	0.0237	0.1278
104	0.0064	0.1890	0.0236	0.1279
105	0.0060	0.1892	0.0237	0.1279
106	0.0056	0.1895	0.0237	0.1280
107	0.0060	0.1900	0.0238	0.1282
108	0.0062	0.1902	0.0238	0.1282
109	0.0056	0.1900	0.0238	0.1282
110	0.0061	0.1900	0.0238	0.1282
111	0.0060	0.1895	0.0237	0.1282
112	0.0062	0.1898	0.0238	0.1282
113	0.0057	0.1897	0.0238	0.1283
114	0.0058	0.1899	0.0238	0.1284
115	0.0053	0.1903	0.0238	0.1286
116	0.0056	0.1904	0.0239	0.1288
117	0.0057	0.1903	0.0238	0.1286
118	0.0058	0.1908	0.0239	0.1288
119	0.0057	0.1910	0.0239	0.1291
120	0.0055	0.1909	0.0239	0.1290
121	0.0049	0.1910	0.0239	0.1289
122	0.0058	0.1916	0.0239	0.1291
123	0.0051	0.1915	0.0239	0.1292
124	0.0052	0.1917	0.0240	0.1295
125	0.0059	0.1920	0.0240	0.1295
126	0.0051	0.1920	0.0240	0.1295
127	0.0056	0.1921	0.0240	0.1297
128	0.0057	0.1921	0.0240	0.1298
129	0.0053	0.1920	0.0240	0.1297
130	0.0053	0.1922	0.0241	0.1298
131	0.0051	0.1920	0.0241	0.1297
132	0.0054	0.1923	0.0241	0.1299
133	0.0053	0.1925	0.0241	0.1300
134	0.0052	0.1923	0.0240	0.1299
135	0.0053	0.1922	0.0240	0.1299
136	0.0053	0.1924	0.0241	0.1300
137	0.0055	0.1923	0.0241	0.1298
138	0.0060	0.1922	0.0241	0.1298
139	0.0051	0.1917	0.0240	0.1299
140	0.0049	0.1921	0.0241	0.1299
141	0.0055	0.1919	0.0240	0.1297
142	0.0056	0.1917	0.0240	0.1297
143	0.0052	0.1920	0.0240	0.1297
144	0.0057	0.1918	0.0240	0.1296
145	0.0050	0.1920	0.0240	0.1297
146	0.0053	0.1920	0.0240	0.1296
147	0.0054	0.1921	0.0240	0.1296
148	0.0048	0.1920	0.0240	0.1298
149	0.0051	0.1918	0.0240	0.1298
150	0.0051	0.1921	0.0240	0.1299
