{"n_layers": 0, "device": "cuda", "batch_size": 2048, "embedding_dim": 128, "learning_rate": 0.001, "dataset": "dbbook", "epochs": 150, "top_k": 20, "multimodal": false, "datasets": {"dbbook": ["images", "text"], "ml1m": ["audio", "images", "text", "video"]}}
Epoch	Loss	Recall	Precision	NDCG
1	0.6931	0.0034	0.0012	0.0023
2	0.6911	0.0061	0.0021	0.0039
3	0.6888	0.0127	0.0045	0.0098
4	0.6851	0.0289	0.0100	0.0226
5	0.6791	0.0480	0.0164	0.0366
6	0.6694	0.0625	0.0213	0.0476
7	0.6549	0.0725	0.0249	0.0550
8	0.6343	0.0782	0.0268	0.0592
9	0.6073	0.0813	0.0283	0.0621
10	0.5743	0.0839	0.0293	0.0647
11	0.5365	0.0846	0.0297	0.0659
12	0.4965	0.0862	0.0302	0.0668
13	0.4568	0.0870	0.0306	0.0676
14	0.4196	0.0873	0.0307	0.0679
15	0.3847	0.0879	0.0309	0.0686
16	0.3535	0.0880	0.0309	0.0690
17	0.3258	0.0893	0.0313	0.0700
18	0.3020	0.0902	0.0315	0.0706
19	0.2809	0.0909	0.0318	0.0710
20	0.2622	0.0918	0.0321	0.0716
21	0.2440	0.0921	0.0322	0.0722
22	0.2269	0.0934	0.0325	0.0731
23	0.2150	0.0933	0.0324	0.0733
24	0.2000	0.0938	0.0326	0.0736
25	0.1900	0.0941	0.0327	0.0739
26	0.1798	0.0949	0.0329	0.0745
27	0.1705	0.0956	0.0331	0.0750
28	0.1587	0.0959	0.0332	0.0754
29	0.1506	0.0959	0.0333	0.0757
30	0.1442	0.0965	0.0334	0.0761
31	0.1358	0.0975	0.0336	0.0766
32	0.1271	0.0974	0.0336	0.0767
33	0.1206	0.0979	0.0337	0.0770
34	0.1158	0.0983	0.0339	0.0770
35	0.1090	0.0985	0.0338	0.0770
36	0.1037	0.0993	0.0340	0.0776
37	0.0994	0.0998	0.0340	0.0780
38	0.0934	0.1005	0.0343	0.0783
39	0.0902	0.1013	0.0346	0.0788
40	0.0854	0.1015	0.0345	0.0790
41	0.0809	0.1022	0.0347	0.0795
42	0.0781	0.1029	0.0350	0.0798
43	0.0747	0.1033	0.0351	0.0802
44	0.0712	0.1036	0.0351	0.0804
45	0.0685	0.1041	0.0352	0.0804
46	0.0657	0.1043	0.0351	0.0806
47	0.0627	0.1047	0.0353	0.0810
48	0.0611	0.1052	0.0356	0.0817
49	0.0576	0.1057	0.0357	0.0821
50	0.0556	0.1063	0.0358	0.0823
51	0.0533	0.1059	0.0358	0.0824
52	0.0517	0.1064	0.0359	0.0826
53	0.0497	0.1072	0.0361	0.0828
54	0.0476	0.1072	0.0361	0.0826
55	0.0459	0.1075	0.0362	0.0827
56	0.0455	0.1075	0.0361	0.0829
57	0.0443	0.1077	0.0362	0.0830
58	0.0418	0.1084	0.0364	0.0832
59	0.0402	0.1081	0.0365	0.0832
60	0.0395	0.1086	0.0365	0.0835
61	0.0376	0.1088	0.0367	0.0837
62	0.0369	0.1090	0.0367	0.0839
63	0.0356	0.1088	0.0366	0.0836
64	0.0341	0.1086	0.0365	0.0837
65	0.0339	0.1084	0.0365	0.0835
66	0.0332	0.1091	0.0366	0.0837
67	0.0326	0.1091	0.0366	0.0841
68	0.0307	0.1090	0.0365	0.0839
69	0.0297	0.1096	0.0366	0.0841
70	0.0295	0.1089	0.0365	0.0840
71	0.0283	0.1088	0.0364	0.0838
72	0.0278	0.1086	0.0364	0.0838
73	0.0270	0.1087	0.0365	0.0840
74	0.0263	0.1090	0.0365	0.0841
75	0.0257	0.1093	0.0365	0.0843
76	0.0252	0.1093	0.0366	0.0844
77	0.0246	0.1093	0.0366	0.0847
78	0.0244	0.1097	0.0367	0.0849
79	0.0234	0.1091	0.0365	0.0849
80	0.0226	0.1093	0.0366	0.0851
81	0.0220	0.1090	0.0365	0.0849
82	0.0222	0.1095	0.0367	0.0852
83	0.0218	0.1097	0.0367	0.0855
84	0.0207	0.1100	0.0368	0.0856
85	0.0196	0.1096	0.0368	0.0857
86	0.0206	0.1103	0.0368	0.0861
87	0.0195	0.1106	0.0369	0.0863
88	0.0194	0.1108	0.0370	0.0864
89	0.0187	0.1106	0.0370	0.0865
90	0.0185	0.1106	0.0370	0.0866
91	0.0184	0.1100	0.0368	0.0864
92	0.0176	0.1101	0.0368	0.0865
93	0.0179	0.1101	0.0368	0.0865
94	0.0175	0.1100	0.0367	0.0864
95	0.0166	0.1102	0.0367	0.0865
96	0.0166	0.1107	0.0368	0.0865
97	0.0168	0.1104	0.0368	0.0867
98	0.0163	0.1104	0.0368	0.0868
99	0.0160	0.1104	0.0368	0.0867
100	0.0153	0.1103	0.0368	0.0866
101	0.0155	0.1109	0.0369	0.0869
102	0.0153	0.1111	0.0370	0.0872
103	0.0146	0.1118	0.0371	0.0876
104	0.0144	0.1118	0.0371	0.0874
105	0.0144	0.1114	0.0370	0.0871
106	0.0138	0.1114	0.0369	0.0868
107	0.0138	0.1114	0.0369	0.0869
108	0.0141	0.1114	0.0369	0.0872
109	0.0135	0.1116	0.0370	0.0873
110	0.0130	0.1120	0.0371	0.0876
111	0.0133	0.1125	0.0373	0.0880
112	0.0133	0.1121	0.0371	0.0879
113	0.0133	0.1123	0.0372	0.0880
114	0.0127	0.1119	0.0371	0.0876
115	0.0121	0.1117	0.0371	0.0876
116	0.0123	0.1116	0.0370	0.0875
117	0.0120	0.1115	0.0370	0.0875
118	0.0121	0.1116	0.0370	0.0875
119	0.0124	0.1116	0.0370	0.0877
120	0.0121	0.1115	0.0369	0.0874
121	0.0123	0.1120	0.0370	0.0875
122	0.0114	0.1121	0.0370	0.0877
123	0.0111	0.1117	0.0368	0.0876
124	0.0116	0.1118	0.0369	0.0877
125	0.0113	0.1122	0.0369	0.0878
126	0.0109	0.1119	0.0369	0.0875
127	0.0106	0.1118	0.0368	0.0872
128	0.0108	0.1117	0.0367	0.0871
129	0.0109	0.1117	0.0367	0.0871
130	0.0107	0.1114	0.0366	0.0871
131	0.0106	0.1114	0.0367	0.0873
132	0.0107	0.1117	0.0368	0.0873
133	0.0102	0.1115	0.0368	0.0873
134	0.0095	0.1114	0.0367	0.0873
135	0.0098	0.1111	0.0367	0.0874
136	0.0098	0.1111	0.0368	0.0875
137	0.0095	0.1111	0.0368	0.0874
138	0.0101	0.1110	0.0367	0.0871
139	0.0096	0.1118	0.0369	0.0874
140	0.0096	0.1116	0.0367	0.0875
141	0.0092	0.1116	0.0367	0.0875
142	0.0093	0.1118	0.0368	0.0877
143	0.0090	0.1117	0.0368	0.0878
144	0.0094	0.1118	0.0369	0.0879
145	0.0089	0.1112	0.0367	0.0878
146	0.0091	0.1113	0.0368	0.0880
147	0.0091	0.1113	0.0368	0.0881
148	0.0085	0.1113	0.0369	0.0881
149	0.0088	0.1115	0.0369	0.0882
150	0.0089	0.1116	0.0369	0.0882
