{"n_layers": 1, "device": "cuda", "batch_size": 2048, "embedding_dim": 128, "learning_rate": 0.0005, "dataset": "dbbook", "epochs": 150, "top_k": 50, "multimodal": false, "datasets": {"dbbook": ["images", "text"], "ml1m": ["audio", "images", "text", "video"]}}
Epoch	Loss	Recall	Precision	NDCG
1	0.6923	0.0212	0.0029	0.0117
2	0.6915	0.0525	0.0073	0.0315
3	0.6899	0.0996	0.0142	0.0551
4	0.6869	0.1293	0.0184	0.0687
5	0.6812	0.1401	0.0200	0.0732
6	0.6717	0.1399	0.0201	0.0734
7	0.6574	0.1411	0.0203	0.0736
8	0.6378	0.1401	0.0202	0.0731
9	0.6136	0.1386	0.0200	0.0727
10	0.5860	0.1390	0.0200	0.0726
11	0.5563	0.1375	0.0199	0.0721
12	0.5271	0.1370	0.0198	0.0719
13	0.4970	0.1370	0.0198	0.0718
14	0.4704	0.1376	0.0199	0.0719
15	0.4457	0.1374	0.0199	0.0719
16	0.4214	0.1378	0.0200	0.0721
17	0.4007	0.1383	0.0200	0.0725
18	0.3818	0.1387	0.0201	0.0729
19	0.3632	0.1391	0.0201	0.0733
20	0.3486	0.1398	0.0202	0.0737
21	0.3349	0.1403	0.0203	0.0739
22	0.3218	0.1416	0.0204	0.0743
23	0.3114	0.1430	0.0205	0.0750
24	0.2990	0.1440	0.0207	0.0755
25	0.2881	0.1451	0.0208	0.0760
26	0.2784	0.1458	0.0209	0.0765
27	0.2700	0.1472	0.0211	0.0772
28	0.2599	0.1482	0.0212	0.0778
29	0.2518	0.1496	0.0213	0.0785
30	0.2474	0.1504	0.0214	0.0790
31	0.2386	0.1517	0.0216	0.0798
32	0.2322	0.1529	0.0218	0.0804
33	0.2243	0.1533	0.0218	0.0809
34	0.2180	0.1547	0.0220	0.0817
35	0.2120	0.1562	0.0222	0.0824
36	0.2058	0.1573	0.0223	0.0830
37	0.2015	0.1583	0.0224	0.0836
38	0.1949	0.1590	0.0225	0.0841
39	0.1906	0.1603	0.0226	0.0847
40	0.1842	0.1617	0.0228	0.0854
41	0.1785	0.1624	0.0229	0.0860
42	0.1771	0.1636	0.0231	0.0867
43	0.1702	0.1646	0.0232	0.0872
44	0.1678	0.1658	0.0233	0.0876
45	0.1655	0.1671	0.0234	0.0884
46	0.1587	0.1679	0.0235	0.0890
47	0.1547	0.1687	0.0237	0.0895
48	0.1509	0.1696	0.0238	0.0900
49	0.1471	0.1708	0.0239	0.0905
50	0.1429	0.1713	0.0240	0.0910
51	0.1415	0.1722	0.0242	0.0915
52	0.1383	0.1732	0.0243	0.0921
53	0.1364	0.1737	0.0243	0.0925
54	0.1306	0.1746	0.0244	0.0930
55	0.1295	0.1761	0.0246	0.0937
56	0.1260	0.1770	0.0247	0.0944
57	0.1279	0.1780	0.0248	0.0950
58	0.1192	0.1793	0.0249	0.0957
59	0.1196	0.1796	0.0250	0.0960
60	0.1189	0.1802	0.0250	0.0964
61	0.1144	0.1805	0.0251	0.0968
62	0.1119	0.1812	0.0251	0.0973
63	0.1072	0.1817	0.0252	0.0976
64	0.1073	0.1821	0.0252	0.0979
65	0.1059	0.1825	0.0253	0.0982
66	0.1028	0.1836	0.0254	0.0989
67	0.1032	0.1842	0.0254	0.0992
68	0.0984	0.1842	0.0254	0.0994
69	0.0977	0.1846	0.0255	0.0997
70	0.0962	0.1851	0.0256	0.0999
71	0.0932	0.1857	0.0256	0.1004
72	0.0928	0.1859	0.0256	0.1006
73	0.0894	0.1870	0.0257	0.1010
74	0.0883	0.1874	0.0257	0.1013
75	0.0862	0.1877	0.0258	0.1014
76	0.0844	0.1881	0.0258	0.1016
77	0.0846	0.1886	0.0258	0.1020
78	0.0810	0.1886	0.0258	0.1023
79	0.0804	0.1888	0.0258	0.1025
80	0.0787	0.1890	0.0259	0.1027
81	0.0773	0.1892	0.0259	0.1028
82	0.0770	0.1894	0.0259	0.1029
83	0.0740	0.1899	0.0259	0.1032
84	0.0735	0.1904	0.0260	0.1035
85	0.0737	0.1909	0.0260	0.1038
86	0.0725	0.1913	0.0260	0.1042
87	0.0698	0.1918	0.0261	0.1045
88	0.0689	0.1923	0.0262	0.1048
89	0.0682	0.1925	0.0262	0.1050
90	0.0661	0.1932	0.0262	0.1054
91	0.0649	0.1935	0.0263	0.1056
92	0.0656	0.1933	0.0263	0.1056
93	0.0623	0.1937	0.0263	0.1057
94	0.0648	0.1939	0.0264	0.1059
95	0.0631	0.1950	0.0265	0.1063
96	0.0614	0.1953	0.0265	0.1065
97	0.0609	0.1959	0.0265	0.1069
98	0.0613	0.1965	0.0266	0.1073
99	0.0598	0.1967	0.0266	0.1075
100	0.0592	0.1970	0.0266	0.1078
101	0.0586	0.1977	0.0267	0.1080
102	0.0549	0.1974	0.0266	0.1081
103	0.0555	0.1975	0.0267	0.1082
104	0.0541	0.1976	0.0267	0.1083
105	0.0550	0.1979	0.0267	0.1087
106	0.0533	0.1975	0.0266	0.1086
107	0.0524	0.1982	0.0267	0.1089
108	0.0511	0.1982	0.0267	0.1091
109	0.0515	0.1981	0.0267	0.1091
110	0.0498	0.1980	0.0267	0.1092
111	0.0518	0.1982	0.0266	0.1093
112	0.0500	0.1985	0.0267	0.1094
113	0.0498	0.1988	0.0267	0.1095
114	0.0483	0.1982	0.0266	0.1094
115	0.0456	0.1984	0.0266	0.1096
116	0.0471	0.1987	0.0266	0.1099
117	0.0474	0.1986	0.0266	0.1100
118	0.0440	0.1982	0.0266	0.1099
119	0.0452	0.1987	0.0266	0.1100
120	0.0453	0.1987	0.0266	0.1101
121	0.0427	0.1986	0.0266	0.1100
122	0.0432	0.1989	0.0266	0.1102
123	0.0439	0.1992	0.0267	0.1104
124	0.0420	0.1993	0.0267	0.1104
125	0.0435	0.1988	0.0266	0.1103
126	0.0418	0.1995	0.0267	0.1105
127	0.0407	0.1995	0.0267	0.1106
128	0.0412	0.1999	0.0267	0.1107
129	0.0390	0.1996	0.0267	0.1107
130	0.0389	0.1998	0.0267	0.1109
131	0.0389	0.1997	0.0267	0.1110
132	0.0384	0.1998	0.0267	0.1111
133	0.0389	0.1994	0.0266	0.1110
134	0.0368	0.1998	0.0267	0.1113
135	0.0363	0.1999	0.0267	0.1115
136	0.0373	0.2000	0.0266	0.1114
137	0.0371	0.2002	0.0267	0.1116
138	0.0358	0.2001	0.0266	0.1117
139	0.0356	0.2001	0.0267	0.1118
140	0.0355	0.2002	0.0267	0.1119
141	0.0357	0.2000	0.0266	0.1119
142	0.0336	0.2001	0.0267	0.1119
143	0.0339	0.1999	0.0266	0.1118
144	0.0337	0.1996	0.0266	0.1118
145	0.0338	0.1997	0.0266	0.1120
146	0.0329	0.1998	0.0266	0.1121
147	0.0323	0.2000	0.0266	0.1122
148	0.0306	0.2001	0.0266	0.1123
149	0.0330	0.2000	0.0265	0.1123
150	0.0321	0.2000	0.0266	0.1122
