{"n_layers": 0, "device": "cuda", "batch_size": 2048, "embedding_dim": 512, "learning_rate": 0.0005, "dataset": "dbbook", "epochs": 150, "top_k": 10, "multimodal": true, "datasets": {"dbbook": ["images", "text"], "ml1m": ["audio", "images", "text", "video"]}}
Epoch	Loss	Recall	Precision	NDCG
1	0.6929	0.0027	0.0018	0.0024
2	0.6879	0.0061	0.0038	0.0052
3	0.6834	0.0117	0.0070	0.0113
4	0.6786	0.0174	0.0108	0.0181
5	0.6734	0.0241	0.0149	0.0251
6	0.6676	0.0304	0.0196	0.0319
7	0.6609	0.0372	0.0245	0.0387
8	0.6530	0.0436	0.0288	0.0452
9	0.6441	0.0487	0.0321	0.0501
10	0.6339	0.0520	0.0346	0.0537
11	0.6219	0.0549	0.0367	0.0566
12	0.6086	0.0571	0.0384	0.0589
13	0.5937	0.0600	0.0401	0.0612
14	0.5772	0.0614	0.0414	0.0628
15	0.5595	0.0625	0.0422	0.0638
16	0.5402	0.0628	0.0425	0.0642
17	0.5199	0.0633	0.0430	0.0646
18	0.4995	0.0645	0.0434	0.0654
19	0.4777	0.0645	0.0435	0.0657
20	0.4571	0.0655	0.0441	0.0664
21	0.4361	0.0657	0.0444	0.0668
22	0.4162	0.0668	0.0448	0.0669
23	0.3953	0.0668	0.0449	0.0670
24	0.3759	0.0675	0.0455	0.0678
25	0.3570	0.0674	0.0454	0.0678
26	0.3400	0.0670	0.0453	0.0678
27	0.3235	0.0672	0.0455	0.0678
28	0.3079	0.0676	0.0458	0.0682
29	0.2926	0.0682	0.0460	0.0687
30	0.2798	0.0689	0.0463	0.0692
31	0.2670	0.0690	0.0466	0.0694
32	0.2545	0.0698	0.0470	0.0704
33	0.2443	0.0700	0.0473	0.0707
34	0.2337	0.0709	0.0478	0.0714
35	0.2234	0.0711	0.0479	0.0714
36	0.2135	0.0709	0.0480	0.0714
37	0.2044	0.0711	0.0481	0.0718
38	0.1952	0.0718	0.0484	0.0721
39	0.1880	0.0727	0.0487	0.0726
40	0.1805	0.0731	0.0490	0.0730
41	0.1732	0.0733	0.0490	0.0732
42	0.1663	0.0733	0.0492	0.0734
43	0.1593	0.0735	0.0493	0.0734
44	0.1534	0.0741	0.0493	0.0737
45	0.1489	0.0740	0.0493	0.0740
46	0.1440	0.0742	0.0494	0.0742
47	0.1379	0.0743	0.0496	0.0743
48	0.1334	0.0747	0.0498	0.0746
49	0.1284	0.0749	0.0498	0.0748
50	0.1225	0.0753	0.0500	0.0751
51	0.1186	0.0754	0.0502	0.0753
52	0.1158	0.0753	0.0502	0.0754
53	0.1107	0.0758	0.0505	0.0757
54	0.1074	0.0762	0.0506	0.0759
55	0.1047	0.0767	0.0510	0.0764
56	0.1007	0.0768	0.0511	0.0766
57	0.0973	0.0775	0.0513	0.0771
58	0.0941	0.0772	0.0513	0.0771
59	0.0913	0.0772	0.0513	0.0772
60	0.0892	0.0775	0.0514	0.0774
61	0.0856	0.0781	0.0516	0.0778
62	0.0828	0.0781	0.0517	0.0780
63	0.0812	0.0781	0.0517	0.0780
64	0.0782	0.0783	0.0518	0.0782
65	0.0751	0.0785	0.0519	0.0784
66	0.0740	0.0790	0.0522	0.0787
67	0.0720	0.0794	0.0523	0.0789
68	0.0705	0.0795	0.0524	0.0788
69	0.0686	0.0794	0.0523	0.0787
70	0.0654	0.0794	0.0523	0.0787
71	0.0641	0.0795	0.0525	0.0789
72	0.0627	0.0799	0.0526	0.0792
73	0.0610	0.0799	0.0527	0.0795
74	0.0596	0.0801	0.0529	0.0797
75	0.0580	0.0800	0.0529	0.0797
76	0.0561	0.0805	0.0531	0.0799
77	0.0561	0.0806	0.0530	0.0801
78	0.0539	0.0804	0.0531	0.0801
79	0.0527	0.0807	0.0532	0.0803
80	0.0509	0.0809	0.0533	0.0803
81	0.0494	0.0810	0.0534	0.0805
82	0.0494	0.0813	0.0534	0.0807
83	0.0478	0.0814	0.0534	0.0809
84	0.0472	0.0814	0.0534	0.0811
85	0.0461	0.0814	0.0534	0.0810
86	0.0436	0.0810	0.0534	0.0810
87	0.0435	0.0815	0.0537	0.0812
88	0.0422	0.0815	0.0537	0.0813
89	0.0416	0.0815	0.0536	0.0813
90	0.0402	0.0815	0.0536	0.0813
91	0.0405	0.0820	0.0538	0.0815
92	0.0395	0.0821	0.0540	0.0818
93	0.0376	0.0819	0.0539	0.0817
94	0.0374	0.0824	0.0541	0.0820
95	0.0362	0.0827	0.0543	0.0822
96	0.0367	0.0830	0.0544	0.0824
97	0.0350	0.0833	0.0544	0.0825
98	0.0343	0.0830	0.0543	0.0824
99	0.0334	0.0835	0.0545	0.0828
100	0.0342	0.0831	0.0544	0.0827
101	0.0325	0.0835	0.0546	0.0830
102	0.0325	0.0836	0.0547	0.0831
103	0.0315	0.0834	0.0546	0.0830
104	0.0305	0.0836	0.0548	0.0832
105	0.0302	0.0840	0.0549	0.0835
106	0.0303	0.0844	0.0551	0.0837
107	0.0295	0.0844	0.0552	0.0839
108	0.0287	0.0846	0.0552	0.0840
109	0.0282	0.0851	0.0555	0.0843
110	0.0278	0.0853	0.0556	0.0844
111	0.0271	0.0853	0.0556	0.0844
112	0.0269	0.0852	0.0556	0.0844
113	0.0267	0.0852	0.0556	0.0844
114	0.0259	0.0854	0.0557	0.0845
115	0.0257	0.0853	0.0556	0.0844
116	0.0245	0.0856	0.0558	0.0845
117	0.0242	0.0857	0.0558	0.0846
118	0.0249	0.0862	0.0561	0.0848
119	0.0240	0.0859	0.0559	0.0846
120	0.0241	0.0858	0.0559	0.0845
121	0.0236	0.0859	0.0560	0.0846
122	0.0224	0.0859	0.0560	0.0848
123	0.0231	0.0861	0.0561	0.0849
124	0.0229	0.0864	0.0562	0.0849
125	0.0224	0.0865	0.0563	0.0852
126	0.0219	0.0865	0.0562	0.0851
127	0.0216	0.0869	0.0565	0.0855
128	0.0212	0.0869	0.0563	0.0857
129	0.0203	0.0873	0.0564	0.0857
130	0.0208	0.0876	0.0566	0.0860
131	0.0208	0.0874	0.0564	0.0858
132	0.0201	0.0874	0.0564	0.0859
133	0.0197	0.0873	0.0563	0.0861
134	0.0199	0.0874	0.0564	0.0863
135	0.0191	0.0880	0.0568	0.0866
136	0.0198	0.0876	0.0566	0.0864
137	0.0194	0.0882	0.0568	0.0868
138	0.0182	0.0881	0.0569	0.0869
139	0.0186	0.0886	0.0570	0.0872
140	0.0184	0.0885	0.0571	0.0873
141	0.0185	0.0889	0.0573	0.0876
142	0.0176	0.0894	0.0576	0.0879
143	0.0174	0.0897	0.0580	0.0882
144	0.0168	0.0896	0.0578	0.0882
145	0.0173	0.0899	0.0579	0.0884
146	0.0165	0.0899	0.0579	0.0885
147	0.0174	0.0897	0.0578	0.0884
148	0.0168	0.0896	0.0578	0.0884
149	0.0170	0.0898	0.0580	0.0888
150	0.0160	0.0899	0.0580	0.0888
