{"n_layers": 0, "device": "cuda", "batch_size": 2048, "embedding_dim": 128, "learning_rate": 0.001, "dataset": "dbbook", "epochs": 150, "top_k": 50, "multimodal": true, "datasets": {"dbbook": ["images", "text"], "ml1m": ["audio", "images", "text", "video"]}}
Epoch	Loss	Recall	Precision	NDCG
1	0.6920	0.0235	0.0029	0.0115
2	0.6855	0.0383	0.0047	0.0190
3	0.6790	0.0502	0.0063	0.0265
4	0.6715	0.0635	0.0081	0.0358
5	0.6624	0.0796	0.0104	0.0467
6	0.6517	0.0951	0.0126	0.0564
7	0.6386	0.1089	0.0146	0.0645
8	0.6234	0.1211	0.0163	0.0711
9	0.6053	0.1285	0.0175	0.0759
10	0.5846	0.1371	0.0187	0.0802
11	0.5620	0.1433	0.0195	0.0836
12	0.5377	0.1508	0.0205	0.0868
13	0.5127	0.1539	0.0210	0.0886
14	0.4876	0.1577	0.0215	0.0907
15	0.4618	0.1594	0.0219	0.0921
16	0.4375	0.1608	0.0221	0.0926
17	0.4147	0.1623	0.0223	0.0933
18	0.3925	0.1649	0.0227	0.0944
19	0.3719	0.1675	0.0230	0.0958
20	0.3535	0.1688	0.0231	0.0965
21	0.3347	0.1693	0.0233	0.0970
22	0.3206	0.1713	0.0236	0.0980
23	0.3060	0.1727	0.0237	0.0983
24	0.2910	0.1737	0.0238	0.0991
25	0.2774	0.1740	0.0239	0.0995
26	0.2677	0.1749	0.0240	0.1000
27	0.2559	0.1757	0.0241	0.1004
28	0.2469	0.1761	0.0242	0.1007
29	0.2386	0.1772	0.0243	0.1008
30	0.2300	0.1770	0.0243	0.1009
31	0.2213	0.1785	0.0245	0.1016
32	0.2143	0.1792	0.0245	0.1018
33	0.2064	0.1790	0.0245	0.1018
34	0.1991	0.1803	0.0247	0.1028
35	0.1938	0.1805	0.0248	0.1033
36	0.1891	0.1810	0.0248	0.1034
37	0.1826	0.1811	0.0249	0.1036
38	0.1765	0.1826	0.0250	0.1041
39	0.1719	0.1839	0.0252	0.1047
40	0.1669	0.1849	0.0252	0.1049
41	0.1626	0.1850	0.0253	0.1050
42	0.1569	0.1851	0.0253	0.1051
43	0.1536	0.1849	0.0253	0.1053
44	0.1499	0.1861	0.0254	0.1056
45	0.1482	0.1851	0.0253	0.1052
46	0.1447	0.1855	0.0254	0.1055
47	0.1409	0.1865	0.0255	0.1059
48	0.1364	0.1869	0.0256	0.1062
49	0.1349	0.1870	0.0256	0.1065
50	0.1311	0.1878	0.0257	0.1070
51	0.1259	0.1884	0.0257	0.1072
52	0.1253	0.1885	0.0257	0.1073
53	0.1225	0.1888	0.0258	0.1076
54	0.1196	0.1889	0.0258	0.1079
55	0.1173	0.1895	0.0259	0.1082
56	0.1138	0.1892	0.0259	0.1080
57	0.1108	0.1893	0.0259	0.1083
58	0.1103	0.1896	0.0259	0.1084
59	0.1075	0.1905	0.0260	0.1088
60	0.1042	0.1902	0.0260	0.1088
61	0.1037	0.1902	0.0260	0.1091
62	0.1014	0.1904	0.0261	0.1093
63	0.0977	0.1909	0.0261	0.1095
64	0.0973	0.1914	0.0262	0.1098
65	0.0929	0.1920	0.0262	0.1099
66	0.0917	0.1917	0.0262	0.1098
67	0.0921	0.1918	0.0262	0.1101
68	0.0896	0.1919	0.0263	0.1105
69	0.0895	0.1922	0.0263	0.1107
70	0.0859	0.1926	0.0263	0.1109
71	0.0867	0.1922	0.0263	0.1108
72	0.0838	0.1928	0.0263	0.1112
73	0.0830	0.1930	0.0264	0.1115
74	0.0821	0.1934	0.0264	0.1118
75	0.0789	0.1933	0.0264	0.1120
76	0.0776	0.1945	0.0266	0.1123
77	0.0763	0.1940	0.0266	0.1123
78	0.0770	0.1949	0.0267	0.1126
79	0.0743	0.1947	0.0267	0.1128
80	0.0734	0.1953	0.0267	0.1129
81	0.0708	0.1953	0.0267	0.1130
82	0.0704	0.1958	0.0268	0.1134
83	0.0698	0.1957	0.0268	0.1135
84	0.0682	0.1955	0.0267	0.1136
85	0.0692	0.1961	0.0268	0.1140
86	0.0654	0.1961	0.0268	0.1142
87	0.0654	0.1963	0.0268	0.1146
88	0.0638	0.1966	0.0268	0.1148
89	0.0651	0.1963	0.0268	0.1148
90	0.0624	0.1962	0.0267	0.1148
91	0.0614	0.1961	0.0267	0.1148
92	0.0610	0.1965	0.0268	0.1155
93	0.0598	0.1967	0.0268	0.1157
94	0.0589	0.1974	0.0269	0.1159
95	0.0580	0.1966	0.0268	0.1158
96	0.0598	0.1964	0.0268	0.1157
97	0.0580	0.1964	0.0268	0.1159
98	0.0562	0.1966	0.0268	0.1160
99	0.0561	0.1959	0.0268	0.1159
100	0.0563	0.1972	0.0269	0.1164
101	0.0530	0.1966	0.0268	0.1163
102	0.0523	0.1970	0.0269	0.1165
103	0.0530	0.1967	0.0268	0.1163
104	0.0507	0.1974	0.0269	0.1166
105	0.0506	0.1976	0.0270	0.1166
106	0.0496	0.1979	0.0270	0.1170
107	0.0506	0.1979	0.0270	0.1171
108	0.0488	0.1980	0.0270	0.1171
109	0.0487	0.1977	0.0270	0.1170
110	0.0471	0.1980	0.0270	0.1170
111	0.0476	0.1977	0.0269	0.1170
112	0.0469	0.1980	0.0270	0.1174
113	0.0461	0.1984	0.0270	0.1175
114	0.0456	0.1988	0.0271	0.1176
115	0.0463	0.1991	0.0271	0.1177
116	0.0435	0.1991	0.0271	0.1179
117	0.0435	0.1992	0.0271	0.1179
118	0.0444	0.1996	0.0271	0.1182
119	0.0430	0.1994	0.0271	0.1183
120	0.0424	0.1996	0.0272	0.1183
121	0.0417	0.1996	0.0272	0.1183
122	0.0423	0.1997	0.0271	0.1183
123	0.0413	0.2001	0.0272	0.1184
124	0.0393	0.2006	0.0272	0.1185
125	0.0411	0.2000	0.0271	0.1183
126	0.0404	0.2000	0.0271	0.1186
127	0.0390	0.1999	0.0271	0.1186
128	0.0399	0.2000	0.0271	0.1186
129	0.0393	0.1998	0.0271	0.1187
130	0.0386	0.1995	0.0271	0.1188
131	0.0369	0.2000	0.0271	0.1190
132	0.0382	0.2009	0.0272	0.1193
133	0.0367	0.2009	0.0272	0.1194
134	0.0367	0.2013	0.0272	0.1195
135	0.0379	0.2011	0.0273	0.1195
136	0.0372	0.2009	0.0272	0.1195
137	0.0343	0.2013	0.0273	0.1196
138	0.0358	0.2018	0.0273	0.1198
139	0.0355	0.2020	0.0273	0.1200
140	0.0346	0.2019	0.0273	0.1200
141	0.0341	0.2016	0.0273	0.1201
142	0.0331	0.2015	0.0272	0.1202
143	0.0336	0.2019	0.0273	0.1203
144	0.0324	0.2018	0.0273	0.1201
145	0.0319	0.2021	0.0273	0.1203
146	0.0333	0.2024	0.0273	0.1206
147	0.0316	0.2019	0.0273	0.1205
148	0.0324	0.2017	0.0273	0.1204
149	0.0320	0.2009	0.0272	0.1202
150	0.0325	0.2009	0.0272	0.1204
