{"n_layers": 0, "device": "cuda", "batch_size": 2048, "embedding_dim": 256, "learning_rate": 0.0005, "dataset": "dbbook", "epochs": 150, "top_k": 20, "multimodal": true, "datasets": {"dbbook": ["images", "text"], "ml1m": ["audio", "images", "text", "video"]}}
Epoch	Loss	Recall	Precision	NDCG
1	0.6930	0.0049	0.0016	0.0032
2	0.6905	0.0077	0.0024	0.0052
3	0.6882	0.0124	0.0039	0.0087
4	0.6858	0.0201	0.0061	0.0147
5	0.6831	0.0282	0.0088	0.0221
6	0.6800	0.0370	0.0116	0.0304
7	0.6765	0.0466	0.0149	0.0384
8	0.6725	0.0553	0.0179	0.0457
9	0.6676	0.0641	0.0211	0.0522
10	0.6621	0.0694	0.0234	0.0570
11	0.6557	0.0746	0.0254	0.0611
12	0.6484	0.0792	0.0269	0.0645
13	0.6398	0.0831	0.0283	0.0675
14	0.6302	0.0863	0.0294	0.0699
15	0.6192	0.0880	0.0302	0.0712
16	0.6072	0.0902	0.0311	0.0728
17	0.5941	0.0925	0.0318	0.0743
18	0.5800	0.0932	0.0321	0.0751
19	0.5644	0.0951	0.0326	0.0760
20	0.5487	0.0956	0.0328	0.0765
21	0.5322	0.0959	0.0331	0.0770
22	0.5149	0.0966	0.0333	0.0774
23	0.4987	0.0973	0.0335	0.0777
24	0.4810	0.0976	0.0337	0.0782
25	0.4634	0.0979	0.0337	0.0784
26	0.4472	0.0986	0.0338	0.0788
27	0.4312	0.0988	0.0340	0.0792
28	0.4138	0.0986	0.0341	0.0794
29	0.3996	0.0996	0.0344	0.0799
30	0.3855	0.1003	0.0347	0.0802
31	0.3707	0.1009	0.0348	0.0805
32	0.3575	0.1009	0.0349	0.0807
33	0.3445	0.1010	0.0349	0.0809
34	0.3315	0.1008	0.0349	0.0810
35	0.3203	0.1010	0.0350	0.0811
36	0.3112	0.1015	0.0351	0.0815
37	0.2999	0.1019	0.0352	0.0817
38	0.2899	0.1026	0.0355	0.0821
39	0.2800	0.1029	0.0355	0.0823
40	0.2720	0.1036	0.0357	0.0827
41	0.2630	0.1038	0.0358	0.0829
42	0.2551	0.1040	0.0359	0.0830
43	0.2469	0.1043	0.0360	0.0832
44	0.2407	0.1048	0.0361	0.0835
45	0.2309	0.1050	0.0361	0.0836
46	0.2256	0.1056	0.0362	0.0839
47	0.2191	0.1058	0.0363	0.0841
48	0.2136	0.1061	0.0364	0.0843
49	0.2082	0.1061	0.0366	0.0845
50	0.2020	0.1069	0.0368	0.0849
51	0.1968	0.1081	0.0371	0.0852
52	0.1902	0.1083	0.0371	0.0854
53	0.1854	0.1082	0.0371	0.0856
54	0.1799	0.1085	0.0372	0.0857
55	0.1764	0.1088	0.0373	0.0858
56	0.1713	0.1091	0.0373	0.0859
57	0.1672	0.1095	0.0374	0.0861
58	0.1609	0.1103	0.0376	0.0867
59	0.1580	0.1103	0.0377	0.0868
60	0.1531	0.1107	0.0378	0.0871
61	0.1502	0.1111	0.0379	0.0874
62	0.1462	0.1112	0.0380	0.0875
63	0.1430	0.1116	0.0382	0.0877
64	0.1393	0.1117	0.0382	0.0880
65	0.1360	0.1121	0.0383	0.0883
66	0.1329	0.1123	0.0384	0.0885
67	0.1281	0.1128	0.0386	0.0887
68	0.1272	0.1137	0.0388	0.0891
69	0.1252	0.1134	0.0387	0.0891
70	0.1202	0.1142	0.0390	0.0896
71	0.1182	0.1143	0.0390	0.0897
72	0.1161	0.1147	0.0391	0.0899
73	0.1124	0.1150	0.0391	0.0901
74	0.1106	0.1145	0.0390	0.0900
75	0.1079	0.1146	0.0391	0.0904
76	0.1052	0.1149	0.0391	0.0905
77	0.1022	0.1150	0.0391	0.0905
78	0.1012	0.1150	0.0391	0.0905
79	0.0988	0.1153	0.0392	0.0909
80	0.0962	0.1148	0.0391	0.0906
81	0.0944	0.1151	0.0391	0.0908
82	0.0934	0.1154	0.0392	0.0910
83	0.0902	0.1156	0.0392	0.0912
84	0.0883	0.1160	0.0393	0.0914
85	0.0874	0.1158	0.0393	0.0913
86	0.0851	0.1165	0.0394	0.0917
87	0.0835	0.1167	0.0395	0.0919
88	0.0821	0.1169	0.0395	0.0920
89	0.0797	0.1176	0.0397	0.0925
90	0.0788	0.1178	0.0396	0.0926
91	0.0773	0.1176	0.0396	0.0927
92	0.0748	0.1183	0.0398	0.0929
93	0.0739	0.1186	0.0398	0.0931
94	0.0729	0.1189	0.0399	0.0932
95	0.0708	0.1193	0.0401	0.0934
96	0.0700	0.1200	0.0402	0.0937
97	0.0686	0.1202	0.0402	0.0938
98	0.0677	0.1205	0.0403	0.0939
99	0.0650	0.1206	0.0403	0.0940
100	0.0648	0.1203	0.0403	0.0941
101	0.0632	0.1205	0.0404	0.0942
102	0.0635	0.1203	0.0404	0.0943
103	0.0607	0.1208	0.0404	0.0945
104	0.0610	0.1207	0.0405	0.0945
105	0.0584	0.1209	0.0405	0.0945
106	0.0583	0.1209	0.0405	0.0946
107	0.0571	0.1209	0.0405	0.0948
108	0.0559	0.1208	0.0404	0.0947
109	0.0556	0.1211	0.0405	0.0949
110	0.0543	0.1214	0.0406	0.0952
111	0.0535	0.1217	0.0406	0.0951
112	0.0525	0.1216	0.0406	0.0950
113	0.0514	0.1217	0.0407	0.0952
114	0.0519	0.1223	0.0409	0.0953
115	0.0494	0.1229	0.0410	0.0957
116	0.0499	0.1241	0.0412	0.0963
117	0.0489	0.1242	0.0412	0.0966
118	0.0478	0.1242	0.0412	0.0965
119	0.0464	0.1244	0.0413	0.0970
120	0.0458	0.1246	0.0413	0.0970
121	0.0460	0.1247	0.0413	0.0970
122	0.0448	0.1243	0.0413	0.0971
123	0.0434	0.1249	0.0414	0.0973
124	0.0440	0.1249	0.0414	0.0972
125	0.0430	0.1253	0.0415	0.0975
126	0.0417	0.1255	0.0415	0.0977
127	0.0412	0.1256	0.0416	0.0980
128	0.0413	0.1258	0.0417	0.0981
129	0.0398	0.1262	0.0418	0.0981
130	0.0399	0.1263	0.0418	0.0982
131	0.0396	0.1262	0.0418	0.0982
132	0.0388	0.1263	0.0418	0.0982
133	0.0387	0.1263	0.0418	0.0985
134	0.0378	0.1266	0.0419	0.0987
135	0.0385	0.1269	0.0419	0.0989
136	0.0359	0.1269	0.0420	0.0990
137	0.0356	0.1269	0.0419	0.0989
138	0.0362	0.1275	0.0421	0.0991
139	0.0352	0.1277	0.0422	0.0992
140	0.0351	0.1278	0.0423	0.0994
141	0.0338	0.1280	0.0422	0.0995
142	0.0342	0.1278	0.0422	0.0994
143	0.0339	0.1282	0.0423	0.0996
144	0.0321	0.1284	0.0424	0.0997
145	0.0325	0.1283	0.0423	0.0995
146	0.0322	0.1283	0.0423	0.0995
147	0.0315	0.1284	0.0424	0.0997
148	0.0318	0.1287	0.0424	0.0999
149	0.0303	0.1295	0.0426	0.1002
150	0.0308	0.1296	0.0426	0.1003
