{"n_layers": 2, "device": "cuda", "batch_size": 2048, "embedding_dim": 128, "learning_rate": 0.0005, "dataset": "dbbook", "epochs": 150, "top_k": 5, "multimodal": true, "datasets": {"dbbook": ["images", "text"], "ml1m": ["audio", "images", "text", "video"]}}
Epoch	Loss	Recall	Precision	NDCG
1	0.6927	0.0035	0.0043	0.0051
2	0.6916	0.0115	0.0144	0.0170
3	0.6903	0.0210	0.0277	0.0321
4	0.6884	0.0264	0.0360	0.0401
5	0.6857	0.0291	0.0402	0.0427
6	0.6819	0.0297	0.0410	0.0423
7	0.6764	0.0287	0.0400	0.0410
8	0.6687	0.0269	0.0378	0.0378
9	0.6586	0.0256	0.0362	0.0351
10	0.6454	0.0230	0.0330	0.0320
11	0.6300	0.0216	0.0307	0.0297
12	0.6115	0.0205	0.0293	0.0278
13	0.5915	0.0195	0.0280	0.0267
14	0.5702	0.0191	0.0276	0.0261
15	0.5476	0.0182	0.0267	0.0254
16	0.5253	0.0176	0.0261	0.0249
17	0.5041	0.0177	0.0261	0.0249
18	0.4832	0.0176	0.0260	0.0249
19	0.4644	0.0176	0.0261	0.0249
20	0.4465	0.0179	0.0263	0.0251
21	0.4295	0.0180	0.0264	0.0253
22	0.4144	0.0179	0.0262	0.0252
23	0.4014	0.0178	0.0262	0.0252
24	0.3888	0.0180	0.0266	0.0255
25	0.3773	0.0183	0.0271	0.0258
26	0.3658	0.0186	0.0273	0.0260
27	0.3557	0.0188	0.0276	0.0262
28	0.3457	0.0186	0.0273	0.0260
29	0.3382	0.0185	0.0273	0.0260
30	0.3329	0.0186	0.0275	0.0262
31	0.3225	0.0189	0.0277	0.0264
32	0.3194	0.0188	0.0276	0.0264
33	0.3101	0.0191	0.0282	0.0268
34	0.3085	0.0195	0.0288	0.0273
35	0.2996	0.0199	0.0291	0.0276
36	0.2910	0.0201	0.0293	0.0278
37	0.2861	0.0201	0.0294	0.0279
38	0.2825	0.0208	0.0301	0.0285
39	0.2746	0.0211	0.0302	0.0287
40	0.2728	0.0214	0.0305	0.0290
41	0.2717	0.0217	0.0310	0.0295
42	0.2680	0.0219	0.0312	0.0297
43	0.2612	0.0223	0.0317	0.0301
44	0.2550	0.0225	0.0320	0.0305
45	0.2532	0.0227	0.0323	0.0308
46	0.2464	0.0229	0.0326	0.0312
47	0.2463	0.0232	0.0330	0.0315
48	0.2408	0.0237	0.0337	0.0321
49	0.2374	0.0240	0.0342	0.0324
50	0.2336	0.0240	0.0345	0.0326
51	0.2306	0.0241	0.0344	0.0326
52	0.2301	0.0243	0.0346	0.0328
53	0.2250	0.0244	0.0347	0.0329
54	0.2199	0.0242	0.0345	0.0329
55	0.2195	0.0243	0.0347	0.0331
56	0.2184	0.0244	0.0347	0.0333
57	0.2132	0.0246	0.0351	0.0337
58	0.2118	0.0245	0.0352	0.0338
59	0.2090	0.0246	0.0354	0.0341
60	0.2066	0.0249	0.0357	0.0343
61	0.2026	0.0251	0.0362	0.0347
62	0.2005	0.0254	0.0366	0.0352
63	0.2001	0.0256	0.0368	0.0354
64	0.1926	0.0258	0.0371	0.0358
65	0.1930	0.0261	0.0374	0.0361
66	0.1916	0.0262	0.0375	0.0362
67	0.1889	0.0263	0.0376	0.0364
68	0.1888	0.0268	0.0381	0.0369
69	0.1825	0.0269	0.0383	0.0372
70	0.1821	0.0270	0.0384	0.0373
71	0.1824	0.0268	0.0381	0.0372
72	0.1808	0.0268	0.0381	0.0374
73	0.1774	0.0269	0.0383	0.0378
74	0.1752	0.0271	0.0386	0.0383
75	0.1712	0.0270	0.0386	0.0383
76	0.1713	0.0272	0.0388	0.0387
77	0.1704	0.0273	0.0389	0.0390
78	0.1679	0.0275	0.0392	0.0393
79	0.1674	0.0276	0.0392	0.0395
80	0.1631	0.0278	0.0392	0.0398
81	0.1584	0.0279	0.0393	0.0398
82	0.1602	0.0280	0.0395	0.0400
83	0.1577	0.0281	0.0396	0.0401
84	0.1578	0.0282	0.0399	0.0404
85	0.1546	0.0283	0.0397	0.0404
86	0.1520	0.0284	0.0399	0.0405
87	0.1501	0.0287	0.0403	0.0409
88	0.1506	0.0289	0.0406	0.0412
89	0.1467	0.0290	0.0406	0.0412
90	0.1473	0.0290	0.0405	0.0411
91	0.1439	0.0289	0.0406	0.0413
92	0.1448	0.0289	0.0407	0.0412
93	0.1438	0.0290	0.0408	0.0414
94	0.1424	0.0290	0.0409	0.0416
95	0.1407	0.0291	0.0410	0.0418
96	0.1365	0.0290	0.0409	0.0417
97	0.1357	0.0291	0.0409	0.0419
98	0.1348	0.0290	0.0409	0.0419
99	0.1328	0.0291	0.0409	0.0419
100	0.1302	0.0292	0.0410	0.0420
101	0.1324	0.0294	0.0412	0.0422
102	0.1304	0.0292	0.0409	0.0420
103	0.1284	0.0291	0.0409	0.0420
104	0.1272	0.0291	0.0409	0.0420
105	0.1249	0.0293	0.0411	0.0422
106	0.1247	0.0294	0.0415	0.0424
107	0.1215	0.0293	0.0413	0.0424
108	0.1205	0.0294	0.0415	0.0426
109	0.1213	0.0295	0.0417	0.0427
110	0.1200	0.0299	0.0419	0.0430
111	0.1187	0.0299	0.0418	0.0432
112	0.1193	0.0305	0.0422	0.0436
113	0.1142	0.0307	0.0424	0.0438
114	0.1160	0.0308	0.0427	0.0440
115	0.1144	0.0308	0.0428	0.0440
116	0.1107	0.0308	0.0427	0.0441
117	0.1110	0.0310	0.0430	0.0444
118	0.1113	0.0311	0.0432	0.0446
119	0.1109	0.0312	0.0433	0.0447
120	0.1084	0.0314	0.0435	0.0449
121	0.1043	0.0315	0.0435	0.0449
122	0.1072	0.0318	0.0438	0.0454
123	0.1057	0.0319	0.0439	0.0455
124	0.1039	0.0319	0.0440	0.0457
125	0.1041	0.0319	0.0441	0.0458
126	0.1042	0.0319	0.0441	0.0458
127	0.1020	0.0320	0.0442	0.0459
128	0.1041	0.0322	0.0443	0.0461
129	0.1006	0.0323	0.0444	0.0464
130	0.0999	0.0325	0.0448	0.0468
131	0.0984	0.0327	0.0450	0.0469
132	0.1040	0.0332	0.0454	0.0475
133	0.0975	0.0331	0.0454	0.0475
134	0.0957	0.0332	0.0457	0.0478
135	0.0968	0.0335	0.0459	0.0481
136	0.0970	0.0338	0.0463	0.0484
137	0.0963	0.0339	0.0464	0.0486
138	0.0944	0.0339	0.0464	0.0486
139	0.0918	0.0340	0.0465	0.0487
140	0.0929	0.0341	0.0465	0.0489
141	0.0899	0.0339	0.0465	0.0489
142	0.0904	0.0340	0.0466	0.0490
143	0.0914	0.0342	0.0469	0.0492
144	0.0854	0.0342	0.0468	0.0493
145	0.0864	0.0342	0.0467	0.0493
146	0.0876	0.0346	0.0473	0.0499
147	0.0865	0.0352	0.0476	0.0502
148	0.0856	0.0354	0.0477	0.0504
149	0.0867	0.0355	0.0480	0.0506
150	0.0868	0.0356	0.0482	0.0509
