{"n_layers": 0, "device": "cuda", "batch_size": 2048, "embedding_dim": 128, "learning_rate": 0.001, "dataset": "dbbook", "epochs": 150, "top_k": 50, "multimodal": false, "datasets": {"dbbook": ["images", "text"], "ml1m": ["audio", "images", "text", "video"]}}
Epoch	Loss	Recall	Precision	NDCG
1	0.6932	0.0095	0.0014	0.0044
2	0.6911	0.0153	0.0021	0.0073
3	0.6888	0.0292	0.0041	0.0170
4	0.6851	0.0552	0.0077	0.0338
5	0.6791	0.0831	0.0117	0.0511
6	0.6695	0.1067	0.0151	0.0642
7	0.6551	0.1248	0.0176	0.0735
8	0.6347	0.1357	0.0193	0.0796
9	0.6078	0.1430	0.0205	0.0841
10	0.5754	0.1475	0.0211	0.0867
11	0.5386	0.1487	0.0215	0.0881
12	0.4991	0.1514	0.0219	0.0900
13	0.4598	0.1531	0.0221	0.0912
14	0.4223	0.1540	0.0222	0.0918
15	0.3868	0.1557	0.0225	0.0929
16	0.3560	0.1570	0.0227	0.0939
17	0.3278	0.1588	0.0228	0.0949
18	0.3035	0.1600	0.0230	0.0958
19	0.2823	0.1624	0.0232	0.0967
20	0.2612	0.1632	0.0233	0.0976
21	0.2438	0.1633	0.0233	0.0980
22	0.2277	0.1638	0.0234	0.0984
23	0.2142	0.1650	0.0235	0.0989
24	0.2011	0.1658	0.0236	0.0994
25	0.1891	0.1666	0.0237	0.1000
26	0.1789	0.1685	0.0239	0.1012
27	0.1672	0.1698	0.0240	0.1019
28	0.1558	0.1710	0.0241	0.1025
29	0.1488	0.1711	0.0241	0.1028
30	0.1406	0.1728	0.0243	0.1034
31	0.1329	0.1727	0.0243	0.1036
32	0.1275	0.1734	0.0243	0.1040
33	0.1193	0.1741	0.0244	0.1042
34	0.1131	0.1740	0.0244	0.1044
35	0.1075	0.1748	0.0244	0.1048
36	0.1019	0.1753	0.0245	0.1052
37	0.0977	0.1760	0.0246	0.1058
38	0.0921	0.1766	0.0246	0.1061
39	0.0885	0.1771	0.0247	0.1065
40	0.0848	0.1776	0.0247	0.1069
41	0.0801	0.1778	0.0247	0.1070
42	0.0761	0.1778	0.0247	0.1072
43	0.0740	0.1779	0.0247	0.1074
44	0.0696	0.1782	0.0246	0.1075
45	0.0676	0.1779	0.0246	0.1074
46	0.0649	0.1783	0.0247	0.1077
47	0.0616	0.1783	0.0247	0.1081
48	0.0593	0.1784	0.0247	0.1084
49	0.0573	0.1788	0.0247	0.1089
50	0.0545	0.1792	0.0247	0.1091
51	0.0521	0.1801	0.0248	0.1093
52	0.0503	0.1800	0.0248	0.1094
53	0.0496	0.1801	0.0248	0.1097
54	0.0470	0.1806	0.0248	0.1101
55	0.0454	0.1808	0.0248	0.1102
56	0.0433	0.1817	0.0248	0.1104
57	0.0419	0.1815	0.0248	0.1103
58	0.0411	0.1812	0.0248	0.1101
59	0.0389	0.1815	0.0248	0.1103
60	0.0388	0.1817	0.0248	0.1105
61	0.0367	0.1825	0.0249	0.1108
62	0.0359	0.1822	0.0249	0.1109
63	0.0342	0.1815	0.0249	0.1108
64	0.0333	0.1815	0.0248	0.1108
65	0.0329	0.1818	0.0249	0.1107
66	0.0318	0.1820	0.0248	0.1110
67	0.0302	0.1824	0.0249	0.1113
68	0.0294	0.1822	0.0249	0.1114
69	0.0292	0.1824	0.0249	0.1113
70	0.0274	0.1823	0.0248	0.1113
71	0.0280	0.1821	0.0248	0.1115
72	0.0267	0.1817	0.0248	0.1114
73	0.0260	0.1820	0.0248	0.1116
74	0.0257	0.1823	0.0248	0.1117
75	0.0251	0.1825	0.0248	0.1118
76	0.0240	0.1820	0.0248	0.1117
77	0.0239	0.1822	0.0248	0.1119
78	0.0234	0.1823	0.0248	0.1120
79	0.0229	0.1821	0.0248	0.1120
80	0.0223	0.1826	0.0249	0.1122
81	0.0220	0.1826	0.0249	0.1125
82	0.0212	0.1820	0.0247	0.1121
83	0.0210	0.1819	0.0248	0.1120
84	0.0202	0.1817	0.0247	0.1119
85	0.0201	0.1816	0.0247	0.1117
86	0.0198	0.1820	0.0247	0.1118
87	0.0191	0.1823	0.0247	0.1119
88	0.0184	0.1824	0.0247	0.1122
89	0.0184	0.1826	0.0248	0.1124
90	0.0181	0.1828	0.0248	0.1124
91	0.0182	0.1828	0.0248	0.1124
92	0.0175	0.1828	0.0248	0.1125
93	0.0171	0.1828	0.0247	0.1126
94	0.0170	0.1824	0.0247	0.1123
95	0.0165	0.1821	0.0246	0.1121
96	0.0162	0.1824	0.0247	0.1124
97	0.0157	0.1825	0.0247	0.1124
98	0.0157	0.1823	0.0247	0.1124
99	0.0153	0.1827	0.0247	0.1126
100	0.0153	0.1829	0.0247	0.1127
101	0.0147	0.1831	0.0248	0.1125
102	0.0151	0.1828	0.0247	0.1125
103	0.0145	0.1827	0.0247	0.1126
104	0.0145	0.1829	0.0247	0.1127
105	0.0136	0.1827	0.0247	0.1128
106	0.0136	0.1831	0.0248	0.1130
107	0.0138	0.1837	0.0248	0.1131
108	0.0137	0.1836	0.0248	0.1131
109	0.0135	0.1831	0.0247	0.1131
110	0.0133	0.1830	0.0247	0.1130
111	0.0138	0.1833	0.0247	0.1131
112	0.0133	0.1828	0.0247	0.1130
113	0.0126	0.1824	0.0247	0.1129
114	0.0128	0.1825	0.0247	0.1132
115	0.0126	0.1830	0.0247	0.1131
116	0.0123	0.1833	0.0247	0.1131
117	0.0116	0.1833	0.0247	0.1132
118	0.0121	0.1833	0.0247	0.1132
119	0.0117	0.1837	0.0247	0.1134
120	0.0118	0.1835	0.0247	0.1133
121	0.0113	0.1835	0.0247	0.1133
122	0.0111	0.1832	0.0247	0.1132
123	0.0111	0.1837	0.0247	0.1134
124	0.0108	0.1838	0.0248	0.1137
125	0.0112	0.1834	0.0247	0.1136
126	0.0109	0.1831	0.0247	0.1136
127	0.0106	0.1830	0.0247	0.1134
128	0.0102	0.1830	0.0247	0.1133
129	0.0103	0.1832	0.0247	0.1134
130	0.0102	0.1831	0.0247	0.1132
131	0.0104	0.1832	0.0247	0.1135
132	0.0100	0.1834	0.0247	0.1136
133	0.0093	0.1826	0.0246	0.1134
134	0.0106	0.1829	0.0246	0.1134
135	0.0100	0.1830	0.0247	0.1135
136	0.0096	0.1830	0.0247	0.1136
137	0.0096	0.1833	0.0247	0.1136
138	0.0096	0.1833	0.0246	0.1137
139	0.0094	0.1833	0.0247	0.1140
140	0.0092	0.1834	0.0247	0.1140
141	0.0094	0.1835	0.0247	0.1143
142	0.0097	0.1839	0.0248	0.1145
143	0.0092	0.1837	0.0247	0.1143
144	0.0092	0.1833	0.0247	0.1142
145	0.0089	0.1832	0.0247	0.1143
146	0.0088	0.1834	0.0247	0.1144
147	0.0086	0.1830	0.0247	0.1140
148	0.0091	0.1831	0.0247	0.1139
149	0.0087	0.1831	0.0247	0.1138
150	0.0086	0.1835	0.0247	0.1140
