{"n_layers": 0, "device": "cuda", "batch_size": 2048, "embedding_dim": 1024, "learning_rate": 0.001, "dataset": "dbbook", "epochs": 150, "model": "ef-mmlgcn", "fusion": "mean", "top_k": [5, 10, 20, 50], "seed": 19, "multimodal": true}
Epoch	Loss	Precision@5	Recall@5	NDCG@5	Precision@10	Recall@10	NDCG@10	Precision@20	Recall@20	NDCG@20	Precision@50	Recall@50	NDCG@50
1	0.6923	0.0055	0.0045	0.0066	0.0047	0.0078	0.0072	0.004	0.0131	0.0094	0.0032	0.0259	0.0138
2	0.6722	0.0156	0.0135	0.0194	0.0112	0.0188	0.0191	0.0084	0.0279	0.0227	0.006	0.0484	0.0299
3	0.6529	0.0266	0.022	0.0329	0.0184	0.0299	0.0313	0.0133	0.0432	0.0364	0.0085	0.0666	0.0448
4	0.6296	0.037	0.0289	0.0454	0.0275	0.043	0.0445	0.0192	0.059	0.0505	0.0118	0.0902	0.0617
5	0.6005	0.0464	0.0351	0.0558	0.0343	0.052	0.0544	0.025	0.0757	0.0635	0.0152	0.1143	0.0774
6	0.5639	0.0521	0.0393	0.0624	0.0393	0.0592	0.0613	0.0286	0.085	0.0713	0.0179	0.1339	0.0889
7	0.5206	0.0558	0.0413	0.0666	0.0418	0.0619	0.065	0.031	0.0916	0.0766	0.02	0.1497	0.0973
8	0.4718	0.0566	0.0421	0.0672	0.0435	0.0642	0.0666	0.0328	0.0972	0.0795	0.0216	0.162	0.1026
9	0.4217	0.0585	0.0441	0.069	0.0448	0.0667	0.0684	0.0343	0.101	0.0821	0.0228	0.169	0.1065
10	0.3717	0.0594	0.0453	0.0695	0.0459	0.0678	0.0691	0.035	0.1028	0.083	0.0236	0.1747	0.1089
11	0.3256	0.0596	0.0454	0.0696	0.0465	0.0691	0.0698	0.0355	0.1043	0.084	0.0242	0.1786	0.1108
12	0.2850	0.0602	0.0454	0.0706	0.047	0.0704	0.071	0.0362	0.1063	0.0855	0.0248	0.1822	0.1129
13	0.2489	0.0605	0.0458	0.071	0.0474	0.071	0.0715	0.0365	0.1077	0.0863	0.0251	0.1837	0.114
14	0.2183	0.0619	0.0468	0.0726	0.0482	0.0722	0.0729	0.0371	0.1097	0.0878	0.0255	0.1865	0.1158
15	0.1921	0.0623	0.0472	0.073	0.0488	0.0727	0.0733	0.0374	0.1109	0.0885	0.0257	0.189	0.1169
16	0.1712	0.0628	0.0476	0.0735	0.0493	0.0738	0.0741	0.0377	0.1119	0.0893	0.026	0.1912	0.1181
17	0.1519	0.0632	0.0481	0.0739	0.0495	0.0742	0.0744	0.038	0.1127	0.0899	0.0264	0.1938	0.1193
18	0.1351	0.0633	0.048	0.0741	0.0499	0.0749	0.075	0.0382	0.1137	0.0905	0.0265	0.1943	0.12
19	0.1217	0.0635	0.0483	0.0743	0.0499	0.0753	0.0753	0.0384	0.1143	0.091	0.0267	0.1963	0.1209
20	0.1099	0.0641	0.0487	0.0752	0.0503	0.0759	0.0762	0.0385	0.1146	0.0917	0.0269	0.1974	0.1219
21	0.1004	0.0641	0.0491	0.0753	0.0505	0.0764	0.0764	0.0388	0.1159	0.0923	0.027	0.1989	0.1225
22	0.0906	0.0645	0.0492	0.0756	0.0506	0.0773	0.0768	0.039	0.1164	0.0927	0.0271	0.1995	0.123
23	0.0833	0.0651	0.0498	0.0764	0.0507	0.0771	0.0772	0.0395	0.1182	0.0937	0.0271	0.1998	0.1235
24	0.0770	0.0648	0.0498	0.0763	0.0513	0.0779	0.0777	0.0397	0.1184	0.0941	0.0273	0.2011	0.1242
25	0.0705	0.0655	0.0501	0.0767	0.0517	0.0785	0.078	0.0399	0.1195	0.0945	0.0274	0.202	0.1247
26	0.0648	0.0664	0.0508	0.0773	0.0518	0.0788	0.0783	0.0402	0.1203	0.0952	0.0275	0.2031	0.1253
27	0.0603	0.0666	0.0512	0.0775	0.0517	0.0789	0.0784	0.0404	0.1208	0.0955	0.0276	0.2037	0.1257
28	0.0564	0.0666	0.0512	0.0777	0.0519	0.0794	0.0788	0.0405	0.1213	0.0958	0.0277	0.2047	0.1261
29	0.0525	0.0674	0.0518	0.0785	0.0521	0.0799	0.0794	0.0406	0.1214	0.0963	0.0277	0.2054	0.1268
30	0.0495	0.0674	0.052	0.0788	0.0525	0.0808	0.08	0.0407	0.122	0.0968	0.0279	0.207	0.1276
31	0.0461	0.0674	0.052	0.0789	0.0527	0.0813	0.0803	0.041	0.1227	0.0972	0.028	0.2076	0.128
32	0.0426	0.0685	0.0528	0.0797	0.0526	0.0811	0.0804	0.0411	0.1233	0.0976	0.0281	0.2083	0.1285
33	0.0406	0.0687	0.0534	0.0801	0.0528	0.0812	0.0807	0.0411	0.1236	0.0979	0.0281	0.2089	0.1289
34	0.0381	0.0689	0.0539	0.0803	0.0531	0.0817	0.0811	0.0413	0.1244	0.0984	0.0283	0.21	0.1295
35	0.0355	0.0689	0.054	0.0807	0.0531	0.0818	0.0813	0.0411	0.1241	0.0984	0.0284	0.2104	0.1299
36	0.0343	0.0689	0.0539	0.0806	0.0532	0.0819	0.0814	0.0411	0.1242	0.0985	0.0283	0.2097	0.1298
37	0.0321	0.0692	0.0542	0.081	0.0533	0.0823	0.0817	0.0412	0.1244	0.0988	0.0283	0.21	0.13
38	0.0306	0.0697	0.0548	0.0815	0.0534	0.0826	0.082	0.0413	0.1247	0.0991	0.0284	0.2108	0.1305
39	0.0298	0.0694	0.0543	0.0814	0.0537	0.0833	0.0823	0.0416	0.1257	0.0995	0.0284	0.211	0.1306
40	0.0286	0.0694	0.0544	0.0812	0.054	0.0844	0.0826	0.0415	0.1252	0.0992	0.0284	0.2111	0.1305
41	0.0268	0.0696	0.0547	0.0816	0.0541	0.0843	0.0828	0.0416	0.1261	0.0997	0.0284	0.2111	0.1308
42	0.0256	0.0698	0.0545	0.0817	0.0542	0.0842	0.0829	0.0415	0.126	0.0998	0.0285	0.2117	0.1312
43	0.0252	0.0702	0.0547	0.082	0.0544	0.0847	0.0832	0.0418	0.1272	0.1003	0.0285	0.2122	0.1314
44	0.0241	0.0707	0.0552	0.0823	0.0546	0.0849	0.0834	0.0418	0.1271	0.1004	0.0286	0.213	0.1318
45	0.0227	0.0707	0.055	0.0828	0.0549	0.0854	0.084	0.042	0.1276	0.1011	0.0287	0.2132	0.1323
46	0.0220	0.0707	0.0556	0.0834	0.0552	0.0861	0.0848	0.0423	0.1284	0.1018	0.0287	0.2139	0.133
47	0.0213	0.0713	0.0562	0.0841	0.0552	0.0862	0.0851	0.0423	0.1287	0.1023	0.0288	0.2139	0.1334
48	0.0204	0.0712	0.056	0.084	0.0551	0.0861	0.085	0.0424	0.129	0.1024	0.0288	0.2142	0.1336
49	0.0204	0.0715	0.0563	0.0842	0.0551	0.0861	0.085	0.0425	0.1291	0.1025	0.0288	0.214	0.1335
50	0.0193	0.0715	0.0563	0.0843	0.0553	0.0864	0.0853	0.0426	0.1298	0.1028	0.0287	0.2138	0.1336
51	0.0182	0.0719	0.0563	0.0846	0.0553	0.0869	0.0856	0.0428	0.1303	0.1032	0.0288	0.2151	0.1341
52	0.0177	0.0718	0.056	0.0845	0.0554	0.0869	0.0856	0.043	0.1308	0.1034	0.0288	0.2149	0.1341
53	0.0177	0.0716	0.0559	0.0845	0.0556	0.087	0.0858	0.0428	0.1305	0.1034	0.0288	0.2152	0.1343
54	0.0177	0.0722	0.0563	0.0848	0.0558	0.0873	0.0859	0.043	0.1311	0.1036	0.0289	0.2156	0.1344
55	0.0170	0.0722	0.0563	0.0851	0.0559	0.0876	0.0862	0.0429	0.1312	0.1038	0.0289	0.2163	0.1349
56	0.0168	0.0722	0.0565	0.0851	0.056	0.0877	0.0864	0.0429	0.1309	0.1039	0.0289	0.2161	0.135
57	0.0159	0.0726	0.0569	0.0857	0.056	0.0879	0.0868	0.0431	0.1312	0.1043	0.0289	0.2159	0.1353
58	0.0159	0.0726	0.057	0.0857	0.0562	0.0877	0.0867	0.0432	0.1315	0.1044	0.0289	0.2164	0.1353
59	0.0153	0.0721	0.0567	0.0853	0.0562	0.088	0.0868	0.0433	0.132	0.1045	0.0289	0.2162	0.1352
60	0.0146	0.0724	0.0568	0.0856	0.0564	0.0883	0.087	0.0433	0.1319	0.1046	0.0289	0.2163	0.1354
61	0.0142	0.0729	0.057	0.0861	0.0562	0.088	0.087	0.0435	0.1325	0.105	0.029	0.217	0.1358
62	0.0146	0.0733	0.0575	0.0863	0.0566	0.0884	0.0872	0.0434	0.1326	0.105	0.0291	0.217	0.1359
63	0.0139	0.0729	0.0573	0.0861	0.0564	0.0881	0.0871	0.0434	0.1324	0.105	0.0291	0.2176	0.1361
64	0.0139	0.0729	0.0572	0.0862	0.0566	0.0888	0.0875	0.0435	0.1326	0.1052	0.0291	0.2177	0.1363
65	0.0133	0.0728	0.057	0.0862	0.0571	0.0893	0.0879	0.0435	0.1331	0.1055	0.0291	0.2178	0.1364
66	0.0127	0.0729	0.0572	0.0863	0.0568	0.0888	0.0876	0.0436	0.1332	0.1055	0.0291	0.2176	0.1364
67	0.0131	0.0732	0.0575	0.0865	0.0568	0.0887	0.0876	0.0435	0.133	0.1054	0.0291	0.2175	0.1363
68	0.0124	0.0733	0.0574	0.0864	0.0571	0.0887	0.0876	0.0436	0.1335	0.1055	0.0291	0.2181	0.1363
69	0.0127	0.0731	0.0571	0.0863	0.0573	0.0892	0.0879	0.0436	0.1339	0.1056	0.0292	0.2185	0.1366
70	0.0119	0.0732	0.0575	0.0866	0.0574	0.0895	0.0882	0.0438	0.1341	0.106	0.0291	0.218	0.1367
71	0.0121	0.0735	0.0576	0.0868	0.0576	0.0896	0.0883	0.044	0.1349	0.1063	0.0292	0.2183	0.1368
72	0.0120	0.0737	0.058	0.0869	0.0576	0.0896	0.0882	0.0439	0.1348	0.1062	0.0292	0.2187	0.1368
73	0.0119	0.074	0.0584	0.0874	0.0576	0.0899	0.0886	0.044	0.1351	0.1065	0.0292	0.2191	0.1372
74	0.0111	0.074	0.0586	0.0877	0.0576	0.0899	0.0888	0.0439	0.1348	0.1066	0.0292	0.2198	0.1375
75	0.0112	0.0737	0.0587	0.0875	0.0578	0.09	0.0889	0.0439	0.1347	0.1066	0.0292	0.2196	0.1376
76	0.0114	0.074	0.0585	0.0878	0.0582	0.0904	0.0893	0.0439	0.1347	0.1068	0.0293	0.2201	0.1378
77	0.0111	0.074	0.0585	0.0879	0.0584	0.0908	0.0895	0.0438	0.1345	0.1067	0.0293	0.2206	0.1381
78	0.0106	0.0743	0.0586	0.0879	0.0584	0.0906	0.0894	0.0438	0.1343	0.1066	0.0293	0.2204	0.1379
79	0.0105	0.0741	0.0586	0.0879	0.0583	0.09	0.0893	0.0437	0.134	0.1066	0.0292	0.2203	0.1379
80	0.0109	0.0738	0.0582	0.0876	0.0581	0.0899	0.0892	0.0438	0.1347	0.1068	0.0292	0.2202	0.1378
81	0.0104	0.0741	0.0584	0.0878	0.0583	0.0902	0.0893	0.044	0.1349	0.1069	0.0292	0.2199	0.1377
82	0.0105	0.0735	0.0581	0.0874	0.058	0.0896	0.089	0.0439	0.1345	0.1067	0.0292	0.2196	0.1377
83	0.0104	0.0738	0.0584	0.0876	0.0579	0.0892	0.0888	0.044	0.1348	0.1068	0.0292	0.2198	0.1377
84	0.0099	0.0744	0.0591	0.0882	0.0582	0.0893	0.0891	0.0439	0.1346	0.1068	0.0292	0.2198	0.1378
85	0.0097	0.0752	0.0597	0.089	0.0579	0.0891	0.0891	0.0439	0.1343	0.107	0.0292	0.2198	0.138
86	0.0097	0.075	0.0595	0.0888	0.0581	0.0897	0.0893	0.0441	0.1354	0.1073	0.0292	0.2198	0.138
87	0.0099	0.0751	0.0598	0.089	0.0579	0.0895	0.0893	0.0442	0.1357	0.1075	0.0291	0.2198	0.1381
88	0.0102	0.0757	0.0602	0.0896	0.0577	0.0894	0.0895	0.044	0.1357	0.1077	0.0291	0.2198	0.1383
89	0.0093	0.0761	0.0607	0.09	0.0577	0.0893	0.0895	0.044	0.1355	0.1077	0.0292	0.2203	0.1386
90	0.0094	0.0757	0.06	0.0897	0.0578	0.0894	0.0896	0.0439	0.1349	0.1075	0.0292	0.22	0.1384
91	0.0093	0.0759	0.06	0.0898	0.0582	0.0899	0.0898	0.044	0.1351	0.1076	0.0292	0.22	0.1385
92	0.0091	0.0756	0.0594	0.0896	0.0583	0.0904	0.0901	0.0441	0.1354	0.1078	0.0292	0.2202	0.1386
93	0.0090	0.0756	0.0596	0.0897	0.0583	0.0903	0.0902	0.0441	0.1355	0.108	0.0291	0.2202	0.1387
94	0.0091	0.0756	0.0597	0.0898	0.0582	0.0901	0.0902	0.0442	0.1355	0.1081	0.0292	0.2214	0.1391
95	0.0090	0.0754	0.0596	0.0895	0.058	0.0896	0.0898	0.0441	0.1352	0.1078	0.0292	0.2213	0.1388
96	0.0095	0.0753	0.0597	0.0895	0.0581	0.0902	0.09	0.0441	0.1351	0.1078	0.0292	0.2213	0.1389
97	0.0094	0.0751	0.0601	0.0895	0.0583	0.0902	0.0901	0.0442	0.1357	0.108	0.0293	0.2216	0.139
98	0.0090	0.0754	0.0602	0.0895	0.0584	0.0901	0.09	0.0441	0.1355	0.1077	0.0294	0.2221	0.139
99	0.0088	0.0753	0.0602	0.0895	0.0582	0.09	0.0898	0.0441	0.1358	0.1078	0.0293	0.2217	0.1389
100	0.0086	0.0756	0.0605	0.0899	0.058	0.0901	0.09	0.0441	0.1353	0.1078	0.0293	0.2217	0.1391
101	0.0090	0.0753	0.06	0.0897	0.0584	0.0909	0.0905	0.0443	0.1355	0.1081	0.0293	0.2212	0.139
102	0.0084	0.0754	0.0602	0.0898	0.0584	0.0909	0.0905	0.0443	0.136	0.1083	0.0292	0.2207	0.1389
103	0.0089	0.0758	0.0608	0.0901	0.0582	0.0905	0.0902	0.0444	0.1361	0.1083	0.0292	0.2206	0.1389
104	0.0087	0.0758	0.0607	0.09	0.0583	0.0906	0.0903	0.0444	0.1359	0.1082	0.0292	0.2203	0.1388
105	0.0084	0.0753	0.0604	0.0896	0.0584	0.091	0.0903	0.0443	0.1358	0.1081	0.0293	0.2216	0.139
106	0.0082	0.0755	0.0605	0.0897	0.0584	0.0907	0.0903	0.0442	0.1355	0.108	0.0294	0.2216	0.1391
107	0.0084	0.0754	0.0603	0.0895	0.0583	0.0908	0.0902	0.0443	0.136	0.1081	0.0294	0.2221	0.1393
108	0.0085	0.0758	0.0605	0.0898	0.0584	0.0909	0.0904	0.0443	0.1361	0.1083	0.0294	0.2221	0.1394
109	0.0082	0.0758	0.0605	0.0899	0.0586	0.0915	0.0907	0.0444	0.136	0.1084	0.0294	0.2223	0.1395
110	0.0084	0.0761	0.0607	0.0903	0.0589	0.0918	0.0911	0.0445	0.1365	0.1088	0.0294	0.2225	0.1399
111	0.0081	0.0759	0.0605	0.09	0.0591	0.0921	0.0911	0.0447	0.1367	0.1088	0.0294	0.2226	0.1397
112	0.0077	0.0761	0.0606	0.09	0.0591	0.0922	0.0911	0.0446	0.1368	0.1087	0.0294	0.2224	0.1396
113	0.0080	0.076	0.0605	0.0898	0.0591	0.0925	0.091	0.0445	0.1366	0.1085	0.0294	0.2222	0.1394
114	0.0078	0.0757	0.0604	0.0898	0.059	0.0922	0.091	0.0446	0.137	0.1088	0.0294	0.222	0.1395
115	0.0086	0.0757	0.0605	0.09	0.0592	0.0927	0.0914	0.0447	0.1374	0.1091	0.0294	0.2225	0.1399
116	0.0083	0.0758	0.0607	0.09	0.0589	0.0924	0.0911	0.0446	0.1375	0.109	0.0295	0.223	0.1399
117	0.0078	0.0763	0.0611	0.0903	0.0587	0.0922	0.091	0.0445	0.1371	0.1089	0.0294	0.2225	0.1397
118	0.0078	0.0762	0.061	0.0905	0.0587	0.0922	0.0912	0.0445	0.1371	0.109	0.0294	0.2228	0.14
119	0.0077	0.0761	0.0609	0.0904	0.0592	0.0927	0.0916	0.0446	0.1372	0.1092	0.0295	0.223	0.1402
120	0.0079	0.0761	0.0609	0.0902	0.0594	0.0929	0.0916	0.0446	0.1371	0.1091	0.0294	0.2228	0.14
121	0.0080	0.0757	0.0608	0.0901	0.0592	0.0925	0.0915	0.0446	0.1369	0.1091	0.0294	0.2223	0.1399
122	0.0081	0.0759	0.061	0.0903	0.0593	0.0927	0.0916	0.0444	0.1365	0.1089	0.0294	0.2224	0.1399
123	0.0080	0.0758	0.0607	0.0903	0.0592	0.0926	0.0916	0.0446	0.1366	0.1091	0.0294	0.222	0.14
124	0.0079	0.0757	0.0606	0.0903	0.0591	0.0926	0.0917	0.0445	0.1366	0.1092	0.0295	0.2226	0.1403
125	0.0078	0.076	0.0609	0.0908	0.0591	0.0925	0.0918	0.0444	0.1365	0.1093	0.0294	0.2223	0.1404
126	0.0075	0.0763	0.0608	0.0909	0.0589	0.0923	0.0917	0.0443	0.1364	0.1092	0.0294	0.2221	0.1403
127	0.0073	0.0764	0.061	0.0908	0.0589	0.0921	0.0915	0.0443	0.1366	0.1091	0.0294	0.2218	0.1401
128	0.0074	0.0759	0.0606	0.0906	0.0589	0.0922	0.0916	0.0444	0.1368	0.1093	0.0294	0.2219	0.1402
129	0.0078	0.076	0.0608	0.0907	0.0587	0.092	0.0916	0.0446	0.1374	0.1097	0.0294	0.2224	0.1404
130	0.0076	0.0756	0.0605	0.0902	0.0587	0.092	0.0913	0.0446	0.1371	0.1093	0.0294	0.2224	0.1401
131	0.0075	0.0752	0.0604	0.0898	0.0583	0.0915	0.0908	0.0445	0.1368	0.109	0.0293	0.2216	0.1396
132	0.0080	0.0755	0.0605	0.0898	0.0585	0.0916	0.0907	0.0445	0.1371	0.1089	0.0293	0.2217	0.1395
133	0.0075	0.0754	0.0606	0.0896	0.0585	0.0917	0.0906	0.0445	0.1372	0.1088	0.0293	0.2216	0.1393
134	0.0077	0.0755	0.0609	0.0897	0.0584	0.0919	0.0906	0.0447	0.1379	0.1089	0.0293	0.2218	0.1393
135	0.0075	0.0756	0.0611	0.0897	0.0585	0.0918	0.0906	0.0446	0.1377	0.1089	0.0293	0.2216	0.1393
136	0.0076	0.0754	0.061	0.0894	0.0588	0.0925	0.0908	0.0446	0.1375	0.1087	0.0293	0.222	0.1392
137	0.0074	0.0754	0.0609	0.0897	0.0588	0.0923	0.091	0.0446	0.1375	0.109	0.0293	0.2219	0.1394
138	0.0076	0.0756	0.0612	0.09	0.059	0.0925	0.0913	0.0446	0.1375	0.1091	0.0292	0.2215	0.1395
139	0.0073	0.0758	0.0614	0.0905	0.059	0.0926	0.0916	0.0446	0.1376	0.1094	0.0293	0.2221	0.14
140	0.0075	0.0757	0.061	0.09	0.0589	0.0922	0.0911	0.0444	0.1369	0.1088	0.0293	0.2217	0.1395
141	0.0070	0.0752	0.0607	0.0897	0.0585	0.0919	0.0908	0.0444	0.1367	0.1086	0.0293	0.2218	0.1394
142	0.0071	0.0756	0.061	0.0901	0.0585	0.0919	0.0909	0.0444	0.1367	0.1088	0.0293	0.2217	0.1395
143	0.0075	0.0754	0.0611	0.0901	0.0585	0.0917	0.091	0.0443	0.1363	0.1087	0.0293	0.2217	0.1396
144	0.0076	0.0752	0.0612	0.0897	0.0585	0.0918	0.0908	0.0444	0.1367	0.1087	0.0293	0.2222	0.1396
145	0.0076	0.0756	0.0615	0.09	0.0587	0.0921	0.0909	0.0445	0.1373	0.1088	0.0293	0.2216	0.1394
146	0.0073	0.0758	0.0615	0.0905	0.0586	0.092	0.0912	0.0444	0.1372	0.1091	0.0293	0.2221	0.1398
147	0.0075	0.0758	0.0615	0.0906	0.0588	0.0921	0.0914	0.0446	0.1374	0.1094	0.0293	0.2222	0.14
148	0.0072	0.0759	0.0615	0.0909	0.059	0.0926	0.0918	0.0447	0.1374	0.1096	0.0293	0.2226	0.1404
149	0.0075	0.076	0.0614	0.0908	0.0589	0.0921	0.0916	0.0447	0.1379	0.1097	0.0293	0.2221	0.1402
150	0.0071	0.076	0.0616	0.0911	0.0591	0.0926	0.0921	0.0448	0.1382	0.1102	0.0293	0.222	0.1405
