{"n_layers": 0, "device": "cuda", "batch_size": 2048, "embedding_dim": 128, "learning_rate": 0.0005, "dataset": "dbbook", "epochs": 150, "top_k": 50, "multimodal": true, "datasets": {"dbbook": ["images", "text"], "ml1m": ["audio", "images", "text", "video"]}}
Epoch	Loss	Recall	Precision	NDCG
1	0.6931	0.0121	0.0016	0.0058
2	0.6918	0.0150	0.0019	0.0074
3	0.6907	0.0209	0.0026	0.0103
4	0.6895	0.0277	0.0035	0.0144
5	0.6882	0.0360	0.0046	0.0209
6	0.6867	0.0464	0.0059	0.0285
7	0.6849	0.0572	0.0074	0.0368
8	0.6829	0.0689	0.0089	0.0448
9	0.6805	0.0813	0.0107	0.0531
10	0.6778	0.0934	0.0123	0.0608
11	0.6746	0.1063	0.0141	0.0681
12	0.6708	0.1156	0.0154	0.0737
13	0.6665	0.1241	0.0167	0.0787
14	0.6616	0.1322	0.0178	0.0835
15	0.6559	0.1388	0.0188	0.0875
16	0.6496	0.1438	0.0195	0.0901
17	0.6423	0.1488	0.0202	0.0928
18	0.6345	0.1517	0.0208	0.0946
19	0.6258	0.1536	0.0211	0.0960
20	0.6162	0.1570	0.0216	0.0976
21	0.6060	0.1596	0.0219	0.0987
22	0.5950	0.1620	0.0222	0.0998
23	0.5836	0.1631	0.0225	0.1006
24	0.5717	0.1651	0.0227	0.1016
25	0.5587	0.1664	0.0230	0.1023
26	0.5460	0.1676	0.0232	0.1028
27	0.5327	0.1688	0.0233	0.1032
28	0.5198	0.1702	0.0235	0.1039
29	0.5069	0.1705	0.0236	0.1041
30	0.4931	0.1714	0.0237	0.1045
31	0.4794	0.1719	0.0238	0.1050
32	0.4666	0.1726	0.0239	0.1054
33	0.4543	0.1724	0.0239	0.1056
34	0.4414	0.1730	0.0240	0.1059
35	0.4292	0.1732	0.0241	0.1062
36	0.4180	0.1738	0.0242	0.1066
37	0.4063	0.1742	0.0243	0.1069
38	0.3964	0.1756	0.0245	0.1074
39	0.3848	0.1757	0.0245	0.1075
40	0.3739	0.1761	0.0246	0.1077
41	0.3660	0.1767	0.0246	0.1078
42	0.3555	0.1771	0.0247	0.1079
43	0.3460	0.1778	0.0248	0.1082
44	0.3384	0.1779	0.0248	0.1082
45	0.3291	0.1788	0.0249	0.1087
46	0.3214	0.1790	0.0249	0.1090
47	0.3142	0.1795	0.0250	0.1093
48	0.3065	0.1797	0.0250	0.1094
49	0.2998	0.1805	0.0251	0.1100
50	0.2931	0.1808	0.0252	0.1103
51	0.2848	0.1806	0.0252	0.1103
52	0.2796	0.1810	0.0252	0.1106
53	0.2730	0.1822	0.0254	0.1111
54	0.2674	0.1823	0.0254	0.1112
55	0.2614	0.1828	0.0255	0.1114
56	0.2562	0.1836	0.0256	0.1116
57	0.2503	0.1843	0.0256	0.1120
58	0.2447	0.1847	0.0257	0.1123
59	0.2415	0.1846	0.0257	0.1123
60	0.2356	0.1851	0.0258	0.1125
61	0.2299	0.1860	0.0259	0.1127
62	0.2260	0.1861	0.0258	0.1128
63	0.2222	0.1856	0.0258	0.1127
64	0.2193	0.1867	0.0260	0.1131
65	0.2122	0.1868	0.0260	0.1134
66	0.2075	0.1870	0.0261	0.1135
67	0.2031	0.1875	0.0261	0.1138
68	0.2004	0.1874	0.0261	0.1139
69	0.1974	0.1883	0.0262	0.1143
70	0.1936	0.1890	0.0262	0.1146
71	0.1909	0.1893	0.0263	0.1148
72	0.1864	0.1896	0.0263	0.1150
73	0.1838	0.1899	0.0263	0.1151
74	0.1807	0.1903	0.0264	0.1153
75	0.1764	0.1902	0.0264	0.1153
76	0.1744	0.1902	0.0264	0.1154
77	0.1687	0.1904	0.0264	0.1155
78	0.1682	0.1910	0.0264	0.1158
79	0.1657	0.1906	0.0264	0.1157
80	0.1626	0.1910	0.0264	0.1158
81	0.1602	0.1915	0.0265	0.1163
82	0.1567	0.1919	0.0265	0.1164
83	0.1532	0.1925	0.0266	0.1166
84	0.1511	0.1924	0.0266	0.1165
85	0.1483	0.1927	0.0266	0.1164
86	0.1471	0.1932	0.0267	0.1168
87	0.1437	0.1936	0.0267	0.1170
88	0.1401	0.1939	0.0267	0.1172
89	0.1386	0.1943	0.0267	0.1173
90	0.1374	0.1938	0.0267	0.1173
91	0.1350	0.1941	0.0267	0.1174
92	0.1324	0.1948	0.0268	0.1177
93	0.1297	0.1950	0.0269	0.1178
94	0.1279	0.1952	0.0269	0.1180
95	0.1279	0.1953	0.0270	0.1183
96	0.1238	0.1955	0.0270	0.1185
97	0.1220	0.1956	0.0270	0.1187
98	0.1212	0.1957	0.0270	0.1186
99	0.1173	0.1961	0.0270	0.1189
100	0.1173	0.1965	0.0271	0.1190
101	0.1156	0.1970	0.0271	0.1193
102	0.1137	0.1973	0.0272	0.1196
103	0.1111	0.1976	0.0272	0.1197
104	0.1112	0.1979	0.0272	0.1199
105	0.1087	0.1982	0.0273	0.1200
106	0.1060	0.1986	0.0273	0.1202
107	0.1055	0.1982	0.0273	0.1201
108	0.1032	0.1984	0.0273	0.1202
109	0.1022	0.1984	0.0273	0.1203
110	0.0998	0.1989	0.0273	0.1205
111	0.0988	0.1993	0.0273	0.1205
112	0.0982	0.1995	0.0273	0.1207
113	0.0959	0.1997	0.0274	0.1208
114	0.0950	0.1999	0.0274	0.1212
115	0.0937	0.2002	0.0274	0.1213
116	0.0926	0.2001	0.0274	0.1214
117	0.0901	0.2003	0.0275	0.1217
118	0.0890	0.2009	0.0275	0.1218
119	0.0890	0.2009	0.0275	0.1218
120	0.0863	0.2016	0.0276	0.1221
121	0.0855	0.2018	0.0276	0.1221
122	0.0852	0.2015	0.0276	0.1222
123	0.0816	0.2014	0.0275	0.1222
124	0.0821	0.2014	0.0276	0.1223
125	0.0809	0.2016	0.0276	0.1225
126	0.0805	0.2016	0.0276	0.1226
127	0.0794	0.2015	0.0276	0.1227
128	0.0773	0.2013	0.0276	0.1225
129	0.0771	0.2020	0.0276	0.1228
130	0.0758	0.2020	0.0276	0.1228
131	0.0745	0.2023	0.0277	0.1229
132	0.0736	0.2026	0.0277	0.1231
133	0.0710	0.2019	0.0276	0.1230
134	0.0716	0.2027	0.0277	0.1233
135	0.0709	0.2031	0.0277	0.1234
136	0.0695	0.2029	0.0277	0.1233
137	0.0696	0.2030	0.0276	0.1233
138	0.0683	0.2034	0.0277	0.1236
139	0.0662	0.2037	0.0278	0.1237
140	0.0665	0.2039	0.0278	0.1238
141	0.0669	0.2036	0.0278	0.1237
142	0.0650	0.2041	0.0278	0.1237
143	0.0626	0.2043	0.0278	0.1239
144	0.0633	0.2044	0.0279	0.1240
145	0.0624	0.2042	0.0278	0.1241
146	0.0616	0.2043	0.0278	0.1241
147	0.0607	0.2042	0.0279	0.1242
148	0.0600	0.2046	0.0279	0.1245
149	0.0595	0.2048	0.0279	0.1246
150	0.0584	0.2050	0.0279	0.1247
