{"n_layers": 1, "device": "cuda", "batch_size": 2048, "embedding_dim": 1024, "learning_rate": 0.0005, "dataset": "dbbook", "epochs": 150, "top_k": 10, "multimodal": false, "datasets": {"dbbook": ["images", "text"], "ml1m": ["audio", "images", "text", "video"]}}
Epoch	Loss	Recall	Precision	NDCG
1	0.6871	0.0165	0.0109	0.0175
2	0.6802	0.0473	0.0314	0.0435
3	0.6677	0.0543	0.0364	0.0475
4	0.6440	0.0517	0.0347	0.0448
5	0.6038	0.0484	0.0328	0.0422
6	0.5469	0.0466	0.0319	0.0411
7	0.4812	0.0453	0.0310	0.0404
8	0.4171	0.0454	0.0311	0.0405
9	0.3616	0.0458	0.0315	0.0408
10	0.3151	0.0461	0.0319	0.0411
11	0.2772	0.0471	0.0325	0.0419
12	0.2470	0.0480	0.0330	0.0427
13	0.2220	0.0495	0.0337	0.0436
14	0.2000	0.0512	0.0347	0.0454
15	0.1817	0.0525	0.0354	0.0470
16	0.1648	0.0534	0.0360	0.0482
17	0.1513	0.0549	0.0368	0.0495
18	0.1381	0.0563	0.0376	0.0506
19	0.1263	0.0574	0.0384	0.0516
20	0.1150	0.0584	0.0393	0.0527
21	0.1069	0.0591	0.0398	0.0535
22	0.1009	0.0596	0.0400	0.0540
23	0.0934	0.0602	0.0404	0.0548
24	0.0878	0.0617	0.0412	0.0558
25	0.0830	0.0622	0.0417	0.0567
26	0.0755	0.0626	0.0419	0.0573
27	0.0707	0.0638	0.0426	0.0584
28	0.0671	0.0643	0.0429	0.0590
29	0.0628	0.0649	0.0434	0.0598
30	0.0576	0.0654	0.0436	0.0602
31	0.0581	0.0661	0.0441	0.0612
32	0.0541	0.0671	0.0447	0.0624
33	0.0506	0.0673	0.0449	0.0629
34	0.0476	0.0677	0.0451	0.0632
35	0.0461	0.0678	0.0452	0.0635
36	0.0453	0.0691	0.0457	0.0645
37	0.0424	0.0689	0.0456	0.0643
38	0.0399	0.0698	0.0460	0.0649
39	0.0385	0.0705	0.0465	0.0655
40	0.0370	0.0712	0.0471	0.0664
41	0.0358	0.0712	0.0472	0.0666
42	0.0344	0.0716	0.0474	0.0670
43	0.0340	0.0717	0.0475	0.0672
44	0.0318	0.0723	0.0477	0.0676
45	0.0304	0.0727	0.0479	0.0682
46	0.0296	0.0730	0.0483	0.0686
47	0.0295	0.0733	0.0486	0.0689
48	0.0272	0.0736	0.0486	0.0691
49	0.0263	0.0740	0.0489	0.0694
50	0.0261	0.0746	0.0492	0.0699
51	0.0246	0.0745	0.0490	0.0700
52	0.0241	0.0744	0.0490	0.0701
53	0.0230	0.0753	0.0494	0.0706
54	0.0230	0.0755	0.0495	0.0709
55	0.0225	0.0752	0.0494	0.0709
56	0.0214	0.0753	0.0495	0.0710
57	0.0212	0.0758	0.0498	0.0714
58	0.0207	0.0762	0.0501	0.0719
59	0.0202	0.0763	0.0502	0.0722
60	0.0204	0.0762	0.0501	0.0722
61	0.0183	0.0764	0.0501	0.0723
62	0.0193	0.0763	0.0499	0.0721
63	0.0183	0.0761	0.0498	0.0721
64	0.0177	0.0764	0.0500	0.0724
65	0.0171	0.0764	0.0501	0.0726
66	0.0173	0.0767	0.0503	0.0728
67	0.0170	0.0770	0.0504	0.0732
68	0.0158	0.0773	0.0504	0.0734
69	0.0159	0.0779	0.0505	0.0738
70	0.0160	0.0776	0.0505	0.0739
71	0.0154	0.0778	0.0505	0.0739
72	0.0149	0.0778	0.0505	0.0739
73	0.0154	0.0781	0.0507	0.0741
74	0.0140	0.0779	0.0505	0.0740
75	0.0142	0.0778	0.0506	0.0740
76	0.0146	0.0778	0.0505	0.0738
77	0.0138	0.0774	0.0504	0.0738
78	0.0141	0.0777	0.0506	0.0741
79	0.0128	0.0781	0.0508	0.0744
80	0.0130	0.0783	0.0509	0.0746
81	0.0130	0.0791	0.0513	0.0750
82	0.0127	0.0788	0.0512	0.0749
83	0.0128	0.0789	0.0511	0.0749
84	0.0124	0.0789	0.0513	0.0750
85	0.0115	0.0790	0.0513	0.0749
86	0.0123	0.0788	0.0512	0.0748
87	0.0118	0.0789	0.0513	0.0750
88	0.0112	0.0791	0.0513	0.0751
89	0.0120	0.0786	0.0512	0.0749
90	0.0116	0.0789	0.0512	0.0751
91	0.0112	0.0790	0.0512	0.0752
92	0.0106	0.0792	0.0511	0.0752
93	0.0115	0.0792	0.0511	0.0755
94	0.0111	0.0790	0.0508	0.0754
95	0.0111	0.0791	0.0508	0.0754
96	0.0107	0.0786	0.0506	0.0753
97	0.0099	0.0789	0.0509	0.0753
98	0.0103	0.0790	0.0510	0.0754
99	0.0106	0.0795	0.0510	0.0758
100	0.0103	0.0795	0.0510	0.0759
101	0.0103	0.0797	0.0511	0.0761
102	0.0095	0.0798	0.0513	0.0763
103	0.0099	0.0800	0.0512	0.0763
104	0.0099	0.0797	0.0509	0.0759
105	0.0093	0.0793	0.0508	0.0756
106	0.0094	0.0791	0.0507	0.0756
107	0.0093	0.0794	0.0509	0.0758
108	0.0087	0.0794	0.0509	0.0758
109	0.0090	0.0798	0.0511	0.0760
110	0.0091	0.0796	0.0510	0.0759
111	0.0088	0.0799	0.0512	0.0759
112	0.0086	0.0799	0.0511	0.0758
113	0.0084	0.0798	0.0510	0.0758
114	0.0096	0.0797	0.0509	0.0758
115	0.0093	0.0799	0.0511	0.0759
116	0.0087	0.0797	0.0509	0.0758
117	0.0089	0.0792	0.0507	0.0755
118	0.0092	0.0793	0.0505	0.0757
119	0.0088	0.0797	0.0507	0.0757
120	0.0081	0.0795	0.0508	0.0756
121	0.0084	0.0794	0.0508	0.0755
122	0.0083	0.0793	0.0508	0.0755
123	0.0079	0.0797	0.0509	0.0757
124	0.0084	0.0794	0.0507	0.0754
125	0.0085	0.0798	0.0509	0.0757
126	0.0079	0.0799	0.0510	0.0759
127	0.0080	0.0804	0.0511	0.0761
128	0.0080	0.0805	0.0513	0.0762
129	0.0082	0.0801	0.0510	0.0760
130	0.0083	0.0803	0.0510	0.0761
131	0.0078	0.0807	0.0511	0.0764
132	0.0079	0.0807	0.0513	0.0764
133	0.0079	0.0809	0.0513	0.0764
134	0.0074	0.0808	0.0512	0.0764
135	0.0074	0.0806	0.0512	0.0762
136	0.0078	0.0801	0.0511	0.0760
137	0.0075	0.0802	0.0511	0.0761
138	0.0074	0.0807	0.0513	0.0762
139	0.0079	0.0808	0.0513	0.0762
140	0.0069	0.0805	0.0511	0.0762
141	0.0070	0.0806	0.0510	0.0762
142	0.0076	0.0806	0.0510	0.0762
143	0.0082	0.0806	0.0511	0.0763
144	0.0075	0.0805	0.0510	0.0764
145	0.0073	0.0807	0.0510	0.0766
146	0.0081	0.0806	0.0510	0.0763
147	0.0073	0.0803	0.0507	0.0761
148	0.0072	0.0803	0.0508	0.0761
149	0.0064	0.0802	0.0508	0.0761
150	0.0073	0.0800	0.0506	0.0759
