{"n_layers": 0, "device": "cuda", "batch_size": 2048, "embedding_dim": 1024, "learning_rate": 0.001, "dataset": "dbbook", "epochs": 150, "top_k": 50, "multimodal": false, "datasets": {"dbbook": ["images", "text"], "ml1m": ["audio", "images", "text", "video"]}}
Epoch	Loss	Recall	Precision	NDCG
1	0.6932	0.0109	0.0015	0.0049
2	0.6777	0.0204	0.0028	0.0110
3	0.6599	0.0565	0.0078	0.0371
4	0.6321	0.1124	0.0154	0.0718
5	0.5891	0.1490	0.0205	0.0935
6	0.5282	0.1668	0.0230	0.1036
7	0.4528	0.1751	0.0241	0.1084
8	0.3739	0.1805	0.0248	0.1122
9	0.3018	0.1840	0.0252	0.1148
10	0.2425	0.1870	0.0255	0.1168
11	0.1970	0.1890	0.0258	0.1186
12	0.1609	0.1917	0.0261	0.1202
13	0.1320	0.1933	0.0264	0.1216
14	0.1111	0.1960	0.0267	0.1233
15	0.0939	0.1978	0.0269	0.1244
16	0.0799	0.1998	0.0271	0.1254
17	0.0692	0.2015	0.0273	0.1265
18	0.0603	0.2009	0.0273	0.1268
19	0.0524	0.2020	0.0274	0.1277
20	0.0466	0.2028	0.0275	0.1280
21	0.0419	0.2029	0.0275	0.1285
22	0.0373	0.2042	0.0276	0.1294
23	0.0342	0.2046	0.0277	0.1297
24	0.0311	0.2054	0.0277	0.1302
25	0.0285	0.2051	0.0276	0.1299
26	0.0259	0.2053	0.0276	0.1305
27	0.0241	0.2058	0.0277	0.1309
28	0.0225	0.2058	0.0277	0.1309
29	0.0211	0.2059	0.0276	0.1313
30	0.0196	0.2065	0.0277	0.1318
31	0.0186	0.2072	0.0277	0.1323
32	0.0175	0.2081	0.0278	0.1324
33	0.0165	0.2085	0.0278	0.1325
34	0.0157	0.2094	0.0279	0.1331
35	0.0153	0.2088	0.0279	0.1332
36	0.0144	0.2092	0.0279	0.1333
37	0.0135	0.2095	0.0279	0.1337
38	0.0131	0.2097	0.0279	0.1337
39	0.0121	0.2102	0.0280	0.1339
40	0.0120	0.2111	0.0281	0.1346
41	0.0113	0.2110	0.0281	0.1346
42	0.0113	0.2121	0.0282	0.1348
43	0.0105	0.2124	0.0282	0.1351
44	0.0105	0.2123	0.0282	0.1349
45	0.0102	0.2126	0.0282	0.1351
46	0.0100	0.2128	0.0282	0.1349
47	0.0099	0.2129	0.0282	0.1350
48	0.0098	0.2134	0.0282	0.1352
49	0.0088	0.2134	0.0282	0.1350
50	0.0093	0.2125	0.0281	0.1346
51	0.0086	0.2120	0.0281	0.1347
52	0.0082	0.2124	0.0281	0.1347
53	0.0081	0.2124	0.0281	0.1346
54	0.0077	0.2124	0.0281	0.1347
55	0.0080	0.2119	0.0280	0.1343
56	0.0079	0.2123	0.0281	0.1346
57	0.0080	0.2122	0.0280	0.1346
58	0.0073	0.2123	0.0281	0.1346
59	0.0072	0.2122	0.0280	0.1344
60	0.0071	0.2126	0.0281	0.1343
61	0.0070	0.2132	0.0281	0.1344
62	0.0076	0.2125	0.0281	0.1343
63	0.0068	0.2118	0.0280	0.1343
64	0.0068	0.2112	0.0279	0.1342
65	0.0072	0.2113	0.0279	0.1340
66	0.0068	0.2113	0.0279	0.1340
67	0.0065	0.2111	0.0279	0.1337
68	0.0067	0.2107	0.0278	0.1339
69	0.0065	0.2112	0.0279	0.1343
70	0.0058	0.2110	0.0279	0.1345
71	0.0066	0.2110	0.0279	0.1345
72	0.0058	0.2110	0.0279	0.1345
73	0.0060	0.2109	0.0279	0.1345
74	0.0060	0.2110	0.0279	0.1346
75	0.0062	0.2115	0.0279	0.1349
76	0.0060	0.2121	0.0280	0.1350
77	0.0056	0.2119	0.0279	0.1348
78	0.0060	0.2117	0.0279	0.1347
79	0.0060	0.2114	0.0279	0.1346
80	0.0058	0.2118	0.0279	0.1350
81	0.0065	0.2116	0.0279	0.1351
82	0.0058	0.2126	0.0280	0.1353
83	0.0063	0.2118	0.0279	0.1353
84	0.0057	0.2124	0.0279	0.1356
85	0.0054	0.2120	0.0279	0.1355
86	0.0063	0.2117	0.0279	0.1356
87	0.0055	0.2121	0.0279	0.1356
88	0.0057	0.2121	0.0279	0.1354
89	0.0058	0.2124	0.0279	0.1352
90	0.0054	0.2122	0.0280	0.1354
91	0.0052	0.2116	0.0279	0.1351
92	0.0052	0.2113	0.0279	0.1349
93	0.0063	0.2115	0.0278	0.1350
94	0.0053	0.2117	0.0278	0.1352
95	0.0052	0.2114	0.0278	0.1353
96	0.0056	0.2115	0.0278	0.1350
97	0.0050	0.2117	0.0278	0.1348
98	0.0055	0.2116	0.0278	0.1351
99	0.0051	0.2113	0.0277	0.1347
100	0.0056	0.2105	0.0276	0.1345
101	0.0056	0.2107	0.0276	0.1343
102	0.0057	0.2103	0.0276	0.1340
103	0.0051	0.2101	0.0276	0.1338
104	0.0052	0.2099	0.0276	0.1342
105	0.0051	0.2102	0.0277	0.1341
106	0.0054	0.2098	0.0276	0.1340
107	0.0054	0.2094	0.0275	0.1339
108	0.0052	0.2096	0.0276	0.1339
109	0.0053	0.2093	0.0275	0.1339
110	0.0050	0.2095	0.0276	0.1341
111	0.0049	0.2107	0.0277	0.1346
112	0.0054	0.2110	0.0277	0.1347
113	0.0050	0.2104	0.0277	0.1345
114	0.0054	0.2110	0.0277	0.1348
115	0.0048	0.2111	0.0276	0.1343
116	0.0051	0.2110	0.0277	0.1343
117	0.0051	0.2109	0.0276	0.1344
118	0.0049	0.2111	0.0276	0.1345
119	0.0051	0.2110	0.0276	0.1346
120	0.0056	0.2106	0.0276	0.1346
121	0.0052	0.2100	0.0275	0.1347
122	0.0051	0.2097	0.0275	0.1345
123	0.0055	0.2095	0.0275	0.1345
124	0.0051	0.2092	0.0275	0.1344
125	0.0055	0.2097	0.0275	0.1346
126	0.0051	0.2095	0.0275	0.1345
127	0.0050	0.2099	0.0275	0.1346
128	0.0051	0.2100	0.0275	0.1346
129	0.0052	0.2104	0.0276	0.1346
130	0.0052	0.2110	0.0277	0.1348
131	0.0048	0.2109	0.0276	0.1347
132	0.0050	0.2109	0.0276	0.1346
133	0.0050	0.2101	0.0275	0.1345
134	0.0053	0.2100	0.0276	0.1349
135	0.0052	0.2099	0.0275	0.1348
136	0.0048	0.2099	0.0276	0.1348
137	0.0049	0.2092	0.0275	0.1345
138	0.0047	0.2088	0.0274	0.1342
139	0.0051	0.2082	0.0273	0.1335
140	0.0053	0.2079	0.0273	0.1334
141	0.0053	0.2081	0.0273	0.1337
142	0.0048	0.2082	0.0274	0.1338
143	0.0050	0.2078	0.0274	0.1338
144	0.0050	0.2084	0.0274	0.1343
145	0.0051	0.2078	0.0274	0.1342
146	0.0053	0.2079	0.0274	0.1343
147	0.0047	0.2084	0.0275	0.1343
148	0.0049	0.2084	0.0275	0.1341
149	0.0050	0.2082	0.0274	0.1342
150	0.0049	0.2075	0.0273	0.1339
