{"n_layers": 2, "device": "cuda", "batch_size": 4096, "embedding_dim": 1024, "learning_rate": 0.001, "dataset": "ml1m", "epochs": 150, "top_k": 50, "multimodal": true, "datasets": {"dbbook": ["images", "text"], "ml1m": ["audio", "images", "text", "video"]}}
Epoch	Loss	Recall	Precision	NDCG
1	0.5345	0.2520	0.0780	0.1892
2	0.3582	0.2700	0.0841	0.2031
3	0.3273	0.2943	0.0918	0.2247
4	0.3038	0.3117	0.0970	0.2400
5	0.2875	0.3259	0.1012	0.2519
6	0.2764	0.3358	0.1044	0.2607
7	0.2648	0.3468	0.1073	0.2689
8	0.2576	0.3552	0.1097	0.2759
9	0.2509	0.3617	0.1117	0.2813
10	0.2450	0.3678	0.1136	0.2870
11	0.2392	0.3739	0.1150	0.2914
12	0.2354	0.3792	0.1163	0.2950
13	0.2318	0.3836	0.1176	0.2989
14	0.2269	0.3868	0.1186	0.3012
15	0.2249	0.3893	0.1194	0.3033
16	0.2206	0.3938	0.1202	0.3056
17	0.2179	0.3966	0.1208	0.3083
18	0.2159	0.3998	0.1217	0.3109
19	0.2116	0.4022	0.1222	0.3128
20	0.2101	0.4046	0.1228	0.3140
21	0.2078	0.4074	0.1233	0.3167
22	0.2069	0.4090	0.1238	0.3176
23	0.2033	0.4119	0.1247	0.3193
24	0.2018	0.4145	0.1251	0.3202
25	0.1990	0.4164	0.1258	0.3210
26	0.1979	0.4188	0.1263	0.3228
27	0.1960	0.4201	0.1267	0.3244
28	0.1941	0.4212	0.1270	0.3255
29	0.1920	0.4246	0.1275	0.3274
30	0.1893	0.4248	0.1279	0.3283
31	0.1883	0.4275	0.1284	0.3307
32	0.1866	0.4304	0.1288	0.3321
33	0.1846	0.4319	0.1292	0.3328
34	0.1825	0.4328	0.1294	0.3335
35	0.1798	0.4343	0.1297	0.3341
36	0.1792	0.4367	0.1301	0.3354
37	0.1773	0.4370	0.1304	0.3371
38	0.1755	0.4387	0.1305	0.3375
39	0.1741	0.4399	0.1309	0.3387
40	0.1720	0.4400	0.1309	0.3393
41	0.1717	0.4417	0.1313	0.3397
42	0.1694	0.4429	0.1317	0.3409
43	0.1673	0.4433	0.1318	0.3415
44	0.1661	0.4436	0.1318	0.3418
45	0.1645	0.4463	0.1325	0.3442
46	0.1633	0.4472	0.1327	0.3443
47	0.1617	0.4465	0.1324	0.3442
48	0.1601	0.4474	0.1328	0.3450
49	0.1592	0.4485	0.1328	0.3451
50	0.1576	0.4479	0.1328	0.3454
51	0.1565	0.4493	0.1330	0.3457
52	0.1549	0.4501	0.1332	0.3464
53	0.1530	0.4495	0.1331	0.3460
54	0.1528	0.4514	0.1335	0.3468
55	0.1516	0.4519	0.1334	0.3476
56	0.1490	0.4529	0.1335	0.3482
57	0.1480	0.4530	0.1335	0.3482
58	0.1470	0.4535	0.1335	0.3487
59	0.1456	0.4549	0.1340	0.3493
60	0.1446	0.4549	0.1338	0.3491
61	0.1439	0.4559	0.1342	0.3506
62	0.1434	0.4562	0.1341	0.3504
63	0.1418	0.4559	0.1343	0.3509
64	0.1400	0.4569	0.1344	0.3517
65	0.1390	0.4573	0.1344	0.3515
66	0.1387	0.4579	0.1342	0.3512
67	0.1374	0.4581	0.1345	0.3517
68	0.1358	0.4598	0.1347	0.3527
69	0.1356	0.4593	0.1347	0.3524
70	0.1347	0.4594	0.1348	0.3524
71	0.1338	0.4593	0.1347	0.3531
72	0.1326	0.4611	0.1351	0.3542
73	0.1319	0.4597	0.1347	0.3523
74	0.1303	0.4611	0.1351	0.3537
75	0.1296	0.4612	0.1353	0.3539
76	0.1301	0.4612	0.1351	0.3539
77	0.1279	0.4613	0.1352	0.3538
78	0.1270	0.4607	0.1350	0.3537
79	0.1265	0.4607	0.1350	0.3538
80	0.1255	0.4609	0.1350	0.3539
81	0.1248	0.4612	0.1350	0.3541
82	0.1239	0.4610	0.1352	0.3543
83	0.1232	0.4608	0.1349	0.3543
84	0.1224	0.4608	0.1349	0.3543
85	0.1216	0.4606	0.1348	0.3543
86	0.1207	0.4612	0.1350	0.3546
87	0.1203	0.4611	0.1349	0.3542
88	0.1200	0.4617	0.1348	0.3544
89	0.1187	0.4621	0.1348	0.3544
90	0.1177	0.4613	0.1348	0.3543
91	0.1171	0.4621	0.1349	0.3553
92	0.1172	0.4616	0.1350	0.3547
93	0.1164	0.4616	0.1348	0.3550
94	0.1158	0.4621	0.1350	0.3547
95	0.1153	0.4616	0.1347	0.3545
96	0.1142	0.4614	0.1349	0.3550
97	0.1135	0.4622	0.1349	0.3553
98	0.1130	0.4620	0.1348	0.3557
99	0.1129	0.4611	0.1345	0.3551
100	0.1117	0.4616	0.1347	0.3554
101	0.1109	0.4620	0.1349	0.3561
102	0.1111	0.4614	0.1348	0.3559
103	0.1105	0.4613	0.1345	0.3549
104	0.1100	0.4613	0.1344	0.3550
105	0.1095	0.4610	0.1345	0.3552
106	0.1087	0.4617	0.1345	0.3550
107	0.1085	0.4622	0.1346	0.3555
108	0.1084	0.4621	0.1347	0.3555
109	0.1074	0.4625	0.1347	0.3561
110	0.1070	0.4615	0.1344	0.3553
111	0.1067	0.4619	0.1345	0.3555
112	0.1066	0.4615	0.1344	0.3548
113	0.1057	0.4622	0.1345	0.3545
114	0.1052	0.4613	0.1343	0.3543
115	0.1057	0.4618	0.1343	0.3548
116	0.1050	0.4614	0.1342	0.3540
117	0.1039	0.4619	0.1341	0.3545
118	0.1046	0.4623	0.1339	0.3544
119	0.1039	0.4621	0.1339	0.3545
120	0.1029	0.4627	0.1342	0.3548
121	0.1027	0.4627	0.1340	0.3549
122	0.1027	0.4618	0.1337	0.3541
123	0.1020	0.4618	0.1339	0.3543
124	0.1016	0.4621	0.1339	0.3549
125	0.1015	0.4613	0.1336	0.3550
126	0.1014	0.4616	0.1336	0.3544
127	0.1011	0.4612	0.1336	0.3546
128	0.1011	0.4609	0.1337	0.3546
129	0.1000	0.4607	0.1334	0.3541
130	0.0997	0.4613	0.1334	0.3542
131	0.1000	0.4605	0.1333	0.3539
132	0.0995	0.4597	0.1332	0.3535
133	0.0987	0.4601	0.1333	0.3540
134	0.0987	0.4592	0.1330	0.3537
135	0.0988	0.4596	0.1332	0.3541
136	0.0985	0.4587	0.1329	0.3526
137	0.0981	0.4592	0.1330	0.3530
138	0.0977	0.4584	0.1329	0.3534
139	0.0977	0.4590	0.1329	0.3529
140	0.0969	0.4584	0.1328	0.3530
141	0.0968	0.4579	0.1326	0.3527
142	0.0963	0.4585	0.1326	0.3526
143	0.0963	0.4586	0.1326	0.3530
144	0.0964	0.4585	0.1325	0.3523
145	0.0956	0.4582	0.1326	0.3525
146	0.0960	0.4581	0.1326	0.3526
147	0.0954	0.4583	0.1326	0.3529
148	0.0948	0.4578	0.1324	0.3522
149	0.0952	0.4576	0.1323	0.3518
150	0.0953	0.4567	0.1321	0.3516
