{"n_layers": 0, "device": "cuda", "batch_size": 2048, "embedding_dim": 64, "learning_rate": 0.0005, "dataset": "dbbook", "epochs": 150, "top_k": 50, "multimodal": false, "datasets": {"dbbook": ["images", "text"], "ml1m": ["audio", "images", "text", "video"]}}
Epoch	Loss	Recall	Precision	NDCG
1	0.6931	0.0107	0.0014	0.0050
2	0.6926	0.0116	0.0015	0.0056
3	0.6922	0.0133	0.0018	0.0068
4	0.6917	0.0176	0.0025	0.0095
5	0.6910	0.0251	0.0035	0.0141
6	0.6901	0.0364	0.0051	0.0209
7	0.6890	0.0477	0.0068	0.0287
8	0.6874	0.0599	0.0087	0.0361
9	0.6854	0.0739	0.0105	0.0434
10	0.6827	0.0863	0.0123	0.0502
11	0.6793	0.0965	0.0138	0.0556
12	0.6751	0.1050	0.0150	0.0603
13	0.6698	0.1123	0.0160	0.0639
14	0.6636	0.1163	0.0168	0.0667
15	0.6562	0.1210	0.0174	0.0693
16	0.6476	0.1251	0.0181	0.0715
17	0.6379	0.1288	0.0185	0.0734
18	0.6270	0.1309	0.0188	0.0746
19	0.6151	0.1339	0.0192	0.0761
20	0.6022	0.1359	0.0195	0.0772
21	0.5886	0.1376	0.0198	0.0783
22	0.5741	0.1389	0.0199	0.0789
23	0.5592	0.1394	0.0200	0.0796
24	0.5445	0.1413	0.0202	0.0803
25	0.5291	0.1419	0.0202	0.0808
26	0.5139	0.1431	0.0204	0.0816
27	0.4988	0.1441	0.0205	0.0823
28	0.4845	0.1457	0.0207	0.0831
29	0.4700	0.1462	0.0208	0.0835
30	0.4555	0.1472	0.0209	0.0839
31	0.4423	0.1476	0.0209	0.0843
32	0.4293	0.1481	0.0210	0.0846
33	0.4170	0.1489	0.0212	0.0852
34	0.4061	0.1498	0.0212	0.0855
35	0.3939	0.1505	0.0212	0.0858
36	0.3832	0.1508	0.0212	0.0860
37	0.3727	0.1512	0.0213	0.0861
38	0.3630	0.1513	0.0213	0.0863
39	0.3536	0.1513	0.0214	0.0864
40	0.3461	0.1512	0.0213	0.0865
41	0.3366	0.1512	0.0213	0.0865
42	0.3288	0.1524	0.0215	0.0869
43	0.3225	0.1536	0.0216	0.0874
44	0.3127	0.1541	0.0217	0.0877
45	0.3066	0.1543	0.0217	0.0879
46	0.2991	0.1543	0.0217	0.0878
47	0.2931	0.1553	0.0218	0.0883
48	0.2885	0.1554	0.0218	0.0884
49	0.2806	0.1558	0.0219	0.0885
50	0.2755	0.1562	0.0219	0.0887
51	0.2708	0.1567	0.0219	0.0890
52	0.2651	0.1572	0.0220	0.0892
53	0.2594	0.1577	0.0221	0.0895
54	0.2552	0.1579	0.0221	0.0897
55	0.2482	0.1582	0.0221	0.0899
56	0.2432	0.1588	0.0222	0.0902
57	0.2385	0.1587	0.0222	0.0904
58	0.2336	0.1587	0.0222	0.0905
59	0.2312	0.1593	0.0222	0.0907
60	0.2250	0.1594	0.0222	0.0910
61	0.2221	0.1594	0.0223	0.0911
62	0.2171	0.1593	0.0223	0.0911
63	0.2151	0.1601	0.0224	0.0915
64	0.2116	0.1600	0.0224	0.0915
65	0.2082	0.1603	0.0224	0.0918
66	0.2016	0.1600	0.0224	0.0919
67	0.1996	0.1606	0.0225	0.0922
68	0.1949	0.1606	0.0224	0.0922
69	0.1938	0.1612	0.0225	0.0925
70	0.1897	0.1611	0.0225	0.0924
71	0.1867	0.1612	0.0225	0.0924
72	0.1829	0.1614	0.0225	0.0927
73	0.1804	0.1619	0.0226	0.0929
74	0.1761	0.1622	0.0226	0.0931
75	0.1729	0.1628	0.0227	0.0934
76	0.1722	0.1630	0.0227	0.0935
77	0.1686	0.1631	0.0227	0.0936
78	0.1646	0.1635	0.0227	0.0938
79	0.1631	0.1633	0.0227	0.0939
80	0.1588	0.1634	0.0227	0.0939
81	0.1583	0.1637	0.0227	0.0940
82	0.1536	0.1640	0.0228	0.0942
83	0.1517	0.1643	0.0228	0.0944
84	0.1501	0.1644	0.0228	0.0946
85	0.1492	0.1650	0.0229	0.0948
86	0.1442	0.1649	0.0228	0.0947
87	0.1422	0.1652	0.0229	0.0948
88	0.1397	0.1653	0.0229	0.0949
89	0.1383	0.1659	0.0230	0.0952
90	0.1336	0.1654	0.0229	0.0951
91	0.1340	0.1657	0.0229	0.0953
92	0.1297	0.1658	0.0229	0.0954
93	0.1294	0.1660	0.0229	0.0955
94	0.1273	0.1660	0.0230	0.0955
95	0.1260	0.1665	0.0230	0.0957
96	0.1237	0.1668	0.0231	0.0959
97	0.1209	0.1667	0.0230	0.0960
98	0.1198	0.1671	0.0231	0.0962
99	0.1169	0.1676	0.0232	0.0964
100	0.1150	0.1676	0.0232	0.0964
101	0.1145	0.1677	0.0232	0.0966
102	0.1126	0.1680	0.0232	0.0968
103	0.1100	0.1681	0.0232	0.0969
104	0.1077	0.1683	0.0232	0.0970
105	0.1062	0.1685	0.0232	0.0971
106	0.1058	0.1688	0.0233	0.0972
107	0.1032	0.1688	0.0233	0.0973
108	0.1025	0.1693	0.0233	0.0975
109	0.1004	0.1694	0.0233	0.0976
110	0.0985	0.1694	0.0233	0.0977
111	0.0995	0.1693	0.0233	0.0977
112	0.0961	0.1692	0.0233	0.0976
113	0.0951	0.1693	0.0233	0.0979
114	0.0938	0.1697	0.0233	0.0981
115	0.0919	0.1702	0.0234	0.0983
116	0.0904	0.1701	0.0234	0.0984
117	0.0914	0.1702	0.0234	0.0986
118	0.0887	0.1702	0.0234	0.0988
119	0.0867	0.1706	0.0234	0.0990
120	0.0854	0.1708	0.0235	0.0991
121	0.0846	0.1709	0.0235	0.0993
122	0.0838	0.1707	0.0235	0.0994
123	0.0828	0.1708	0.0235	0.0994
124	0.0810	0.1708	0.0235	0.0993
125	0.0806	0.1712	0.0235	0.0994
126	0.0788	0.1709	0.0235	0.0993
127	0.0777	0.1707	0.0234	0.0993
128	0.0771	0.1713	0.0235	0.0996
129	0.0748	0.1718	0.0235	0.0998
130	0.0743	0.1717	0.0236	0.0999
131	0.0744	0.1718	0.0236	0.1000
132	0.0734	0.1717	0.0236	0.0999
133	0.0727	0.1716	0.0235	0.1000
134	0.0702	0.1718	0.0236	0.1002
135	0.0699	0.1720	0.0236	0.1003
136	0.0681	0.1717	0.0235	0.1002
137	0.0678	0.1720	0.0236	0.1003
138	0.0679	0.1716	0.0235	0.1002
139	0.0672	0.1718	0.0235	0.1002
140	0.0661	0.1718	0.0235	0.1003
141	0.0646	0.1721	0.0235	0.1004
142	0.0633	0.1728	0.0236	0.1007
143	0.0639	0.1728	0.0236	0.1007
144	0.0618	0.1728	0.0236	0.1009
145	0.0619	0.1733	0.0237	0.1010
146	0.0603	0.1734	0.0237	0.1010
147	0.0605	0.1732	0.0236	0.1011
148	0.0596	0.1734	0.0237	0.1010
149	0.0584	0.1739	0.0237	0.1012
150	0.0575	0.1740	0.0237	0.1012
