{"n_layers": 1, "device": "cuda", "batch_size": 2048, "embedding_dim": 64, "learning_rate": 0.0005, "dataset": "dbbook", "epochs": 150, "top_k": 5, "multimodal": true, "datasets": {"dbbook": ["images", "text"], "ml1m": ["audio", "images", "text", "video"]}}
Epoch	Loss	Recall	Precision	NDCG
1	0.6929	0.0013	0.0017	0.0019
2	0.6924	0.0021	0.0031	0.0033
3	0.6918	0.0061	0.0078	0.0085
4	0.6910	0.0127	0.0158	0.0180
5	0.6900	0.0186	0.0238	0.0269
6	0.6887	0.0239	0.0320	0.0357
7	0.6870	0.0268	0.0367	0.0401
8	0.6848	0.0284	0.0389	0.0419
9	0.6819	0.0286	0.0390	0.0411
10	0.6782	0.0292	0.0392	0.0403
11	0.6737	0.0291	0.0390	0.0393
12	0.6681	0.0285	0.0382	0.0375
13	0.6614	0.0281	0.0374	0.0360
14	0.6536	0.0274	0.0366	0.0348
15	0.6444	0.0263	0.0353	0.0334
16	0.6341	0.0263	0.0353	0.0330
17	0.6233	0.0252	0.0342	0.0317
18	0.6108	0.0249	0.0337	0.0310
19	0.5984	0.0239	0.0328	0.0301
20	0.5843	0.0233	0.0322	0.0297
21	0.5701	0.0230	0.0318	0.0292
22	0.5562	0.0225	0.0311	0.0286
23	0.5414	0.0224	0.0309	0.0282
24	0.5281	0.0222	0.0305	0.0278
25	0.5136	0.0221	0.0306	0.0277
26	0.4998	0.0217	0.0299	0.0273
27	0.4857	0.0216	0.0299	0.0272
28	0.4732	0.0215	0.0301	0.0273
29	0.4597	0.0215	0.0300	0.0272
30	0.4478	0.0216	0.0302	0.0272
31	0.4369	0.0214	0.0298	0.0271
32	0.4255	0.0212	0.0298	0.0270
33	0.4148	0.0213	0.0300	0.0272
34	0.4037	0.0212	0.0300	0.0272
35	0.3948	0.0214	0.0300	0.0272
36	0.3850	0.0214	0.0300	0.0272
37	0.3756	0.0211	0.0298	0.0270
38	0.3691	0.0214	0.0300	0.0273
39	0.3594	0.0215	0.0303	0.0274
40	0.3540	0.0215	0.0305	0.0275
41	0.3449	0.0216	0.0306	0.0277
42	0.3386	0.0216	0.0308	0.0279
43	0.3301	0.0218	0.0308	0.0280
44	0.3235	0.0218	0.0308	0.0281
45	0.3178	0.0216	0.0307	0.0280
46	0.3125	0.0218	0.0311	0.0282
47	0.3067	0.0218	0.0312	0.0283
48	0.3003	0.0217	0.0310	0.0283
49	0.2945	0.0217	0.0311	0.0283
50	0.2921	0.0217	0.0312	0.0284
51	0.2857	0.0217	0.0313	0.0285
52	0.2810	0.0219	0.0315	0.0288
53	0.2774	0.0219	0.0316	0.0289
54	0.2725	0.0221	0.0318	0.0292
55	0.2688	0.0222	0.0318	0.0293
56	0.2650	0.0223	0.0321	0.0296
57	0.2611	0.0224	0.0323	0.0298
58	0.2570	0.0225	0.0323	0.0300
59	0.2535	0.0226	0.0325	0.0302
60	0.2496	0.0227	0.0325	0.0302
61	0.2433	0.0227	0.0325	0.0304
62	0.2418	0.0228	0.0326	0.0306
63	0.2387	0.0230	0.0330	0.0309
64	0.2346	0.0231	0.0331	0.0311
65	0.2307	0.0231	0.0330	0.0312
66	0.2284	0.0235	0.0335	0.0316
67	0.2265	0.0237	0.0336	0.0319
68	0.2222	0.0236	0.0336	0.0320
69	0.2202	0.0237	0.0337	0.0322
70	0.2170	0.0239	0.0339	0.0325
71	0.2149	0.0239	0.0339	0.0327
72	0.2128	0.0242	0.0342	0.0329
73	0.2099	0.0243	0.0343	0.0331
74	0.2063	0.0246	0.0347	0.0335
75	0.2048	0.0247	0.0349	0.0336
76	0.2018	0.0250	0.0352	0.0340
77	0.1999	0.0248	0.0350	0.0339
78	0.1969	0.0250	0.0352	0.0341
79	0.1936	0.0250	0.0352	0.0342
80	0.1919	0.0250	0.0351	0.0342
81	0.1878	0.0251	0.0353	0.0345
82	0.1868	0.0252	0.0353	0.0346
83	0.1860	0.0253	0.0355	0.0347
84	0.1853	0.0253	0.0354	0.0348
85	0.1828	0.0256	0.0357	0.0351
86	0.1781	0.0257	0.0360	0.0352
87	0.1794	0.0255	0.0357	0.0350
88	0.1741	0.0257	0.0360	0.0353
89	0.1736	0.0259	0.0363	0.0356
90	0.1722	0.0260	0.0364	0.0357
91	0.1712	0.0260	0.0364	0.0357
92	0.1663	0.0261	0.0366	0.0360
93	0.1678	0.0262	0.0366	0.0362
94	0.1637	0.0263	0.0367	0.0363
95	0.1622	0.0265	0.0369	0.0365
96	0.1631	0.0266	0.0370	0.0367
97	0.1587	0.0267	0.0372	0.0369
98	0.1589	0.0268	0.0374	0.0371
99	0.1582	0.0272	0.0379	0.0375
100	0.1575	0.0273	0.0379	0.0377
101	0.1541	0.0274	0.0380	0.0379
102	0.1558	0.0273	0.0379	0.0378
103	0.1496	0.0273	0.0380	0.0379
104	0.1483	0.0274	0.0379	0.0379
105	0.1482	0.0274	0.0379	0.0379
106	0.1476	0.0276	0.0381	0.0382
107	0.1465	0.0279	0.0384	0.0385
108	0.1450	0.0281	0.0385	0.0386
109	0.1409	0.0282	0.0386	0.0387
110	0.1400	0.0283	0.0387	0.0388
111	0.1384	0.0285	0.0389	0.0390
112	0.1405	0.0287	0.0392	0.0392
113	0.1380	0.0288	0.0394	0.0394
114	0.1341	0.0288	0.0395	0.0395
115	0.1352	0.0288	0.0395	0.0396
116	0.1336	0.0290	0.0398	0.0399
117	0.1340	0.0291	0.0399	0.0401
118	0.1279	0.0292	0.0400	0.0402
119	0.1315	0.0293	0.0402	0.0403
120	0.1311	0.0294	0.0403	0.0405
121	0.1290	0.0296	0.0407	0.0409
122	0.1289	0.0301	0.0411	0.0414
123	0.1261	0.0302	0.0412	0.0416
124	0.1232	0.0305	0.0414	0.0418
125	0.1254	0.0304	0.0415	0.0418
126	0.1238	0.0306	0.0415	0.0420
127	0.1207	0.0307	0.0418	0.0422
128	0.1176	0.0310	0.0421	0.0425
129	0.1182	0.0311	0.0423	0.0428
130	0.1179	0.0313	0.0424	0.0430
131	0.1161	0.0314	0.0426	0.0432
132	0.1186	0.0315	0.0426	0.0433
133	0.1148	0.0316	0.0428	0.0435
134	0.1133	0.0316	0.0428	0.0435
135	0.1152	0.0317	0.0427	0.0436
136	0.1135	0.0317	0.0427	0.0436
137	0.1108	0.0317	0.0428	0.0437
138	0.1104	0.0318	0.0428	0.0438
139	0.1090	0.0319	0.0430	0.0439
140	0.1085	0.0321	0.0433	0.0441
141	0.1092	0.0319	0.0429	0.0439
142	0.1065	0.0319	0.0430	0.0439
143	0.1061	0.0319	0.0430	0.0440
144	0.1056	0.0321	0.0432	0.0443
145	0.1037	0.0321	0.0432	0.0444
146	0.1057	0.0322	0.0434	0.0446
147	0.1014	0.0325	0.0435	0.0448
148	0.0998	0.0325	0.0437	0.0449
149	0.1006	0.0324	0.0435	0.0449
150	0.1015	0.0326	0.0438	0.0451
