{"n_layers": 0, "device": "cuda", "batch_size": 2048, "embedding_dim": 256, "learning_rate": 0.0005, "dataset": "dbbook", "epochs": 150, "top_k": 50, "multimodal": false, "datasets": {"dbbook": ["images", "text"], "ml1m": ["audio", "images", "text", "video"]}}
Epoch	Loss	Recall	Precision	NDCG
1	0.6932	0.0101	0.0013	0.0046
2	0.6913	0.0108	0.0014	0.0050
3	0.6895	0.0140	0.0019	0.0068
4	0.6875	0.0194	0.0026	0.0103
5	0.6848	0.0305	0.0041	0.0175
6	0.6814	0.0478	0.0064	0.0283
7	0.6768	0.0688	0.0094	0.0408
8	0.6709	0.0913	0.0125	0.0535
9	0.6631	0.1116	0.0152	0.0641
10	0.6530	0.1259	0.0173	0.0729
11	0.6406	0.1354	0.0188	0.0788
12	0.6254	0.1440	0.0200	0.0835
13	0.6074	0.1490	0.0207	0.0866
14	0.5867	0.1537	0.0214	0.0893
15	0.5639	0.1562	0.0218	0.0910
16	0.5394	0.1580	0.0221	0.0926
17	0.5129	0.1599	0.0223	0.0938
18	0.4869	0.1617	0.0225	0.0949
19	0.4610	0.1638	0.0227	0.0959
20	0.4356	0.1644	0.0228	0.0968
21	0.4111	0.1646	0.0228	0.0972
22	0.3878	0.1644	0.0229	0.0979
23	0.3666	0.1651	0.0230	0.0984
24	0.3459	0.1663	0.0231	0.0994
25	0.3274	0.1680	0.0234	0.1004
26	0.3100	0.1680	0.0233	0.1006
27	0.2935	0.1684	0.0234	0.1010
28	0.2792	0.1697	0.0235	0.1017
29	0.2653	0.1698	0.0236	0.1022
30	0.2526	0.1698	0.0236	0.1025
31	0.2407	0.1710	0.0237	0.1031
32	0.2301	0.1725	0.0239	0.1041
33	0.2184	0.1738	0.0241	0.1048
34	0.2086	0.1750	0.0242	0.1052
35	0.2004	0.1763	0.0244	0.1057
36	0.1910	0.1776	0.0245	0.1066
37	0.1832	0.1780	0.0246	0.1072
38	0.1754	0.1784	0.0246	0.1077
39	0.1677	0.1789	0.0246	0.1082
40	0.1611	0.1797	0.0248	0.1088
41	0.1545	0.1810	0.0249	0.1095
42	0.1492	0.1813	0.0249	0.1097
43	0.1434	0.1823	0.0250	0.1101
44	0.1381	0.1833	0.0251	0.1107
45	0.1329	0.1838	0.0251	0.1111
46	0.1269	0.1841	0.0251	0.1112
47	0.1218	0.1846	0.0252	0.1116
48	0.1164	0.1848	0.0252	0.1121
49	0.1123	0.1846	0.0252	0.1122
50	0.1086	0.1850	0.0253	0.1124
51	0.1044	0.1861	0.0254	0.1128
52	0.1009	0.1873	0.0255	0.1132
53	0.0974	0.1877	0.0256	0.1137
54	0.0935	0.1880	0.0256	0.1141
55	0.0909	0.1884	0.0256	0.1144
56	0.0878	0.1886	0.0256	0.1145
57	0.0846	0.1898	0.0257	0.1150
58	0.0817	0.1895	0.0257	0.1150
59	0.0788	0.1897	0.0258	0.1152
60	0.0768	0.1903	0.0258	0.1153
61	0.0740	0.1910	0.0259	0.1157
62	0.0724	0.1913	0.0259	0.1159
63	0.0692	0.1914	0.0260	0.1160
64	0.0676	0.1915	0.0260	0.1161
65	0.0653	0.1917	0.0260	0.1165
66	0.0628	0.1929	0.0261	0.1171
67	0.0605	0.1929	0.0262	0.1173
68	0.0592	0.1928	0.0262	0.1175
69	0.0571	0.1938	0.0263	0.1180
70	0.0562	0.1939	0.0263	0.1182
71	0.0545	0.1944	0.0263	0.1184
72	0.0523	0.1946	0.0263	0.1186
73	0.0507	0.1951	0.0264	0.1187
74	0.0486	0.1958	0.0264	0.1190
75	0.0490	0.1957	0.0264	0.1192
76	0.0469	0.1960	0.0265	0.1195
77	0.0461	0.1967	0.0265	0.1198
78	0.0445	0.1969	0.0265	0.1200
79	0.0432	0.1970	0.0266	0.1202
80	0.0424	0.1974	0.0266	0.1204
81	0.0413	0.1972	0.0266	0.1204
82	0.0398	0.1976	0.0266	0.1207
83	0.0388	0.1978	0.0266	0.1207
84	0.0385	0.1988	0.0267	0.1211
85	0.0368	0.1990	0.0267	0.1211
86	0.0360	0.1999	0.0267	0.1213
87	0.0356	0.1999	0.0268	0.1215
88	0.0349	0.1998	0.0268	0.1216
89	0.0333	0.1999	0.0268	0.1215
90	0.0341	0.2007	0.0269	0.1221
91	0.0324	0.2007	0.0269	0.1222
92	0.0321	0.2008	0.0269	0.1223
93	0.0307	0.2006	0.0269	0.1223
94	0.0301	0.2008	0.0269	0.1223
95	0.0299	0.2013	0.0269	0.1225
96	0.0295	0.2013	0.0269	0.1225
97	0.0288	0.2015	0.0269	0.1226
98	0.0279	0.2016	0.0269	0.1227
99	0.0277	0.2020	0.0269	0.1228
100	0.0269	0.2017	0.0269	0.1229
101	0.0268	0.2018	0.0269	0.1230
102	0.0260	0.2015	0.0269	0.1231
103	0.0250	0.2009	0.0268	0.1230
104	0.0248	0.2013	0.0268	0.1231
105	0.0244	0.2011	0.0268	0.1231
106	0.0241	0.2010	0.0268	0.1232
107	0.0235	0.2009	0.0268	0.1232
108	0.0232	0.2013	0.0269	0.1235
109	0.0229	0.2013	0.0268	0.1233
110	0.0224	0.2013	0.0268	0.1233
111	0.0215	0.2015	0.0269	0.1234
112	0.0214	0.2014	0.0268	0.1235
113	0.0210	0.2014	0.0269	0.1235
114	0.0205	0.2024	0.0269	0.1237
115	0.0207	0.2026	0.0270	0.1239
116	0.0203	0.2024	0.0269	0.1240
117	0.0202	0.2023	0.0269	0.1240
118	0.0193	0.2022	0.0269	0.1241
119	0.0200	0.2022	0.0269	0.1242
120	0.0190	0.2028	0.0269	0.1242
121	0.0189	0.2025	0.0269	0.1242
122	0.0185	0.2024	0.0268	0.1242
123	0.0179	0.2027	0.0269	0.1242
124	0.0180	0.2022	0.0268	0.1241
125	0.0176	0.2025	0.0269	0.1242
126	0.0171	0.2021	0.0268	0.1240
127	0.0174	0.2019	0.0268	0.1241
128	0.0164	0.2020	0.0268	0.1241
129	0.0171	0.2024	0.0268	0.1242
130	0.0160	0.2026	0.0269	0.1245
131	0.0159	0.2025	0.0268	0.1246
132	0.0159	0.2029	0.0269	0.1248
133	0.0154	0.2026	0.0268	0.1248
134	0.0153	0.2018	0.0268	0.1247
135	0.0154	0.2021	0.0268	0.1248
136	0.0152	0.2026	0.0268	0.1250
137	0.0149	0.2022	0.0268	0.1249
138	0.0146	0.2023	0.0268	0.1249
139	0.0144	0.2022	0.0268	0.1248
140	0.0140	0.2022	0.0268	0.1249
141	0.0144	0.2022	0.0267	0.1252
142	0.0138	0.2025	0.0268	0.1253
143	0.0139	0.2025	0.0268	0.1253
144	0.0136	0.2027	0.0268	0.1252
145	0.0137	0.2028	0.0268	0.1254
146	0.0134	0.2023	0.0268	0.1254
147	0.0133	0.2023	0.0268	0.1255
148	0.0128	0.2027	0.0268	0.1257
149	0.0124	0.2030	0.0268	0.1258
150	0.0123	0.2028	0.0267	0.1255
