{"n_layers": 0, "device": "cuda", "batch_size": 2048, "embedding_dim": 1024, "learning_rate": 0.001, "dataset": "dbbook", "epochs": 150, "top_k": 50, "multimodal": true, "datasets": {"dbbook": ["images", "text"], "ml1m": ["audio", "images", "text", "video"]}}
Epoch	Loss	Recall	Precision	NDCG
1	0.6929	0.0217	0.0027	0.0113
2	0.6824	0.0450	0.0057	0.0288
3	0.6708	0.0855	0.0113	0.0586
4	0.6539	0.1287	0.0174	0.0846
5	0.6285	0.1580	0.0216	0.1013
6	0.5921	0.1758	0.0241	0.1104
7	0.5434	0.1831	0.0252	0.1142
8	0.4855	0.1872	0.0259	0.1161
9	0.4236	0.1889	0.0262	0.1174
10	0.3651	0.1917	0.0266	0.1186
11	0.3131	0.1947	0.0268	0.1204
12	0.2695	0.1965	0.0271	0.1223
13	0.2321	0.1990	0.0274	0.1238
14	0.2017	0.2012	0.0276	0.1248
15	0.1765	0.2019	0.0277	0.1257
16	0.1564	0.2032	0.0278	0.1268
17	0.1381	0.2053	0.0281	0.1280
18	0.1220	0.2068	0.0283	0.1288
19	0.1092	0.2085	0.0285	0.1299
20	0.0983	0.2099	0.0287	0.1306
21	0.0885	0.2113	0.0289	0.1315
22	0.0806	0.2131	0.0290	0.1325
23	0.0736	0.2148	0.0291	0.1332
24	0.0670	0.2149	0.0291	0.1335
25	0.0616	0.2165	0.0292	0.1343
26	0.0570	0.2173	0.0293	0.1343
27	0.0516	0.2173	0.0293	0.1346
28	0.0475	0.2175	0.0294	0.1347
29	0.0454	0.2176	0.0294	0.1351
30	0.0433	0.2187	0.0295	0.1355
31	0.0390	0.2191	0.0295	0.1359
32	0.0364	0.2194	0.0296	0.1361
33	0.0349	0.2194	0.0296	0.1361
34	0.0324	0.2203	0.0297	0.1364
35	0.0307	0.2213	0.0298	0.1369
36	0.0299	0.2218	0.0298	0.1373
37	0.0279	0.2227	0.0300	0.1378
38	0.0265	0.2230	0.0299	0.1377
39	0.0251	0.2228	0.0299	0.1379
40	0.0243	0.2225	0.0299	0.1382
41	0.0231	0.2233	0.0299	0.1385
42	0.0222	0.2235	0.0300	0.1387
43	0.0214	0.2231	0.0299	0.1387
44	0.0204	0.2237	0.0300	0.1391
45	0.0199	0.2234	0.0300	0.1389
46	0.0195	0.2244	0.0301	0.1394
47	0.0191	0.2250	0.0301	0.1396
48	0.0178	0.2253	0.0302	0.1403
49	0.0174	0.2264	0.0302	0.1406
50	0.0169	0.2264	0.0303	0.1409
51	0.0163	0.2265	0.0303	0.1410
52	0.0159	0.2271	0.0304	0.1416
53	0.0154	0.2270	0.0303	0.1417
54	0.0146	0.2274	0.0303	0.1419
55	0.0149	0.2268	0.0303	0.1414
56	0.0143	0.2268	0.0302	0.1414
57	0.0142	0.2277	0.0303	0.1419
58	0.0142	0.2278	0.0304	0.1423
59	0.0140	0.2281	0.0304	0.1429
60	0.0128	0.2279	0.0304	0.1428
61	0.0125	0.2283	0.0304	0.1430
62	0.0120	0.2283	0.0304	0.1432
63	0.0123	0.2287	0.0305	0.1433
64	0.0118	0.2289	0.0305	0.1436
65	0.0116	0.2292	0.0305	0.1435
66	0.0122	0.2290	0.0305	0.1433
67	0.0115	0.2285	0.0305	0.1432
68	0.0108	0.2293	0.0306	0.1435
69	0.0113	0.2292	0.0306	0.1436
70	0.0109	0.2287	0.0305	0.1435
71	0.0110	0.2288	0.0305	0.1436
72	0.0103	0.2291	0.0305	0.1439
73	0.0104	0.2292	0.0305	0.1439
74	0.0104	0.2294	0.0305	0.1443
75	0.0104	0.2297	0.0306	0.1445
76	0.0106	0.2297	0.0305	0.1446
77	0.0099	0.2292	0.0305	0.1445
78	0.0098	0.2288	0.0305	0.1444
79	0.0099	0.2289	0.0305	0.1445
80	0.0099	0.2297	0.0305	0.1445
81	0.0096	0.2291	0.0305	0.1443
82	0.0097	0.2300	0.0305	0.1445
83	0.0091	0.2297	0.0305	0.1445
84	0.0091	0.2294	0.0304	0.1445
85	0.0092	0.2292	0.0304	0.1446
86	0.0090	0.2289	0.0304	0.1446
87	0.0097	0.2289	0.0304	0.1444
88	0.0093	0.2292	0.0304	0.1444
89	0.0083	0.2285	0.0304	0.1445
90	0.0086	0.2285	0.0304	0.1445
91	0.0089	0.2284	0.0304	0.1444
92	0.0087	0.2289	0.0304	0.1448
93	0.0093	0.2292	0.0305	0.1450
94	0.0086	0.2302	0.0306	0.1455
95	0.0082	0.2308	0.0306	0.1456
96	0.0084	0.2306	0.0306	0.1458
97	0.0083	0.2314	0.0307	0.1460
98	0.0083	0.2306	0.0306	0.1459
99	0.0085	0.2307	0.0306	0.1457
100	0.0079	0.2299	0.0305	0.1452
101	0.0082	0.2298	0.0305	0.1452
102	0.0077	0.2301	0.0305	0.1449
103	0.0080	0.2298	0.0305	0.1450
104	0.0080	0.2299	0.0305	0.1448
105	0.0085	0.2297	0.0305	0.1450
106	0.0082	0.2301	0.0305	0.1450
107	0.0086	0.2298	0.0304	0.1446
108	0.0078	0.2300	0.0305	0.1448
109	0.0080	0.2299	0.0305	0.1449
110	0.0078	0.2303	0.0305	0.1451
111	0.0075	0.2300	0.0305	0.1456
112	0.0079	0.2300	0.0304	0.1455
113	0.0081	0.2301	0.0304	0.1455
114	0.0079	0.2304	0.0305	0.1457
115	0.0077	0.2306	0.0305	0.1457
116	0.0078	0.2307	0.0305	0.1458
117	0.0075	0.2301	0.0304	0.1454
118	0.0079	0.2301	0.0304	0.1452
119	0.0074	0.2299	0.0304	0.1451
120	0.0075	0.2303	0.0304	0.1452
121	0.0076	0.2297	0.0304	0.1454
122	0.0076	0.2300	0.0304	0.1455
123	0.0074	0.2296	0.0303	0.1455
124	0.0078	0.2291	0.0303	0.1453
125	0.0075	0.2297	0.0303	0.1456
126	0.0078	0.2303	0.0304	0.1458
127	0.0073	0.2309	0.0305	0.1462
128	0.0078	0.2301	0.0304	0.1460
129	0.0076	0.2307	0.0305	0.1461
130	0.0074	0.2306	0.0305	0.1463
131	0.0071	0.2301	0.0304	0.1460
132	0.0072	0.2307	0.0305	0.1462
133	0.0073	0.2307	0.0305	0.1462
134	0.0073	0.2305	0.0305	0.1464
135	0.0074	0.2304	0.0305	0.1462
136	0.0076	0.2304	0.0305	0.1462
137	0.0070	0.2305	0.0305	0.1461
138	0.0073	0.2304	0.0305	0.1459
139	0.0077	0.2298	0.0304	0.1457
140	0.0069	0.2305	0.0305	0.1458
141	0.0076	0.2308	0.0305	0.1459
142	0.0073	0.2308	0.0305	0.1459
143	0.0072	0.2314	0.0305	0.1462
144	0.0072	0.2308	0.0304	0.1460
145	0.0071	0.2308	0.0305	0.1463
146	0.0074	0.2311	0.0305	0.1464
147	0.0072	0.2306	0.0304	0.1464
148	0.0071	0.2307	0.0304	0.1465
149	0.0071	0.2300	0.0303	0.1459
150	0.0073	0.2299	0.0303	0.1458
