{"n_layers": 2, "device": "cuda", "batch_size": 2048, "embedding_dim": 64, "learning_rate": 0.0005, "dataset": "dbbook", "epochs": 150, "top_k": 50, "multimodal": true, "datasets": {"dbbook": ["images", "text"], "ml1m": ["audio", "images", "text", "video"]}}
Epoch	Loss	Recall	Precision	NDCG
1	0.6929	0.0208	0.0028	0.0111
2	0.6923	0.0444	0.0058	0.0256
3	0.6916	0.0724	0.0099	0.0459
4	0.6907	0.1023	0.0140	0.0635
5	0.6892	0.1229	0.0172	0.0743
6	0.6872	0.1369	0.0192	0.0799
7	0.6842	0.1418	0.0202	0.0813
8	0.6802	0.1444	0.0207	0.0808
9	0.6747	0.1451	0.0208	0.0794
10	0.6677	0.1446	0.0209	0.0770
11	0.6589	0.1438	0.0209	0.0752
12	0.6482	0.1419	0.0207	0.0735
13	0.6359	0.1403	0.0205	0.0721
14	0.6220	0.1381	0.0202	0.0706
15	0.6067	0.1364	0.0200	0.0697
16	0.5906	0.1357	0.0199	0.0689
17	0.5741	0.1355	0.0198	0.0686
18	0.5576	0.1342	0.0197	0.0680
19	0.5408	0.1342	0.0197	0.0678
20	0.5246	0.1339	0.0196	0.0677
21	0.5081	0.1335	0.0196	0.0674
22	0.4935	0.1329	0.0195	0.0671
23	0.4775	0.1325	0.0195	0.0670
24	0.4647	0.1322	0.0195	0.0669
25	0.4507	0.1321	0.0194	0.0668
26	0.4379	0.1323	0.0195	0.0670
27	0.4276	0.1322	0.0195	0.0670
28	0.4158	0.1323	0.0195	0.0671
29	0.4066	0.1321	0.0195	0.0671
30	0.3985	0.1323	0.0195	0.0672
31	0.3910	0.1322	0.0195	0.0672
32	0.3817	0.1324	0.0196	0.0673
33	0.3742	0.1321	0.0195	0.0673
34	0.3681	0.1321	0.0195	0.0674
35	0.3608	0.1325	0.0196	0.0676
36	0.3540	0.1329	0.0196	0.0678
37	0.3468	0.1331	0.0196	0.0680
38	0.3422	0.1337	0.0197	0.0683
39	0.3382	0.1339	0.0197	0.0684
40	0.3301	0.1341	0.0198	0.0686
41	0.3261	0.1340	0.0198	0.0686
42	0.3227	0.1344	0.0198	0.0689
43	0.3190	0.1346	0.0199	0.0691
44	0.3123	0.1348	0.0199	0.0693
45	0.3071	0.1350	0.0199	0.0695
46	0.3040	0.1354	0.0200	0.0698
47	0.3013	0.1357	0.0200	0.0699
48	0.2993	0.1356	0.0200	0.0700
49	0.2939	0.1364	0.0201	0.0704
50	0.2897	0.1367	0.0202	0.0706
51	0.2859	0.1367	0.0201	0.0707
52	0.2848	0.1373	0.0202	0.0711
53	0.2819	0.1376	0.0203	0.0713
54	0.2770	0.1378	0.0203	0.0714
55	0.2725	0.1380	0.0203	0.0715
56	0.2719	0.1383	0.0204	0.0717
57	0.2687	0.1387	0.0204	0.0720
58	0.2664	0.1391	0.0205	0.0724
59	0.2664	0.1394	0.0205	0.0726
60	0.2609	0.1398	0.0205	0.0727
61	0.2586	0.1400	0.0206	0.0730
62	0.2529	0.1407	0.0206	0.0733
63	0.2519	0.1412	0.0207	0.0736
64	0.2513	0.1417	0.0207	0.0739
65	0.2452	0.1419	0.0208	0.0740
66	0.2468	0.1421	0.0208	0.0742
67	0.2417	0.1423	0.0208	0.0743
68	0.2424	0.1432	0.0209	0.0747
69	0.2370	0.1436	0.0210	0.0749
70	0.2371	0.1444	0.0210	0.0752
71	0.2363	0.1448	0.0211	0.0755
72	0.2338	0.1456	0.0212	0.0758
73	0.2299	0.1457	0.0212	0.0759
74	0.2298	0.1461	0.0212	0.0761
75	0.2281	0.1465	0.0213	0.0765
76	0.2229	0.1472	0.0214	0.0768
77	0.2197	0.1476	0.0214	0.0770
78	0.2186	0.1478	0.0215	0.0774
79	0.2188	0.1479	0.0215	0.0776
80	0.2165	0.1481	0.0216	0.0780
81	0.2163	0.1485	0.0216	0.0784
82	0.2152	0.1493	0.0217	0.0788
83	0.2101	0.1494	0.0217	0.0791
84	0.2129	0.1499	0.0218	0.0794
85	0.2071	0.1504	0.0218	0.0797
86	0.2077	0.1511	0.0219	0.0799
87	0.2030	0.1512	0.0219	0.0801
88	0.2028	0.1521	0.0219	0.0804
89	0.2028	0.1523	0.0220	0.0806
90	0.2009	0.1529	0.0221	0.0809
91	0.1974	0.1533	0.0221	0.0812
92	0.1950	0.1532	0.0221	0.0813
93	0.1954	0.1543	0.0222	0.0817
94	0.1961	0.1545	0.0223	0.0820
95	0.1924	0.1547	0.0223	0.0822
96	0.1922	0.1556	0.0224	0.0826
97	0.1889	0.1559	0.0225	0.0828
98	0.1880	0.1563	0.0225	0.0830
99	0.1844	0.1568	0.0225	0.0832
100	0.1858	0.1570	0.0225	0.0834
101	0.1851	0.1573	0.0225	0.0837
102	0.1836	0.1577	0.0226	0.0839
103	0.1807	0.1578	0.0226	0.0841
104	0.1808	0.1586	0.0227	0.0845
105	0.1818	0.1593	0.0228	0.0848
106	0.1782	0.1594	0.0228	0.0850
107	0.1743	0.1599	0.0229	0.0852
108	0.1752	0.1604	0.0229	0.0854
109	0.1749	0.1606	0.0230	0.0856
110	0.1718	0.1609	0.0230	0.0858
111	0.1693	0.1614	0.0231	0.0860
112	0.1691	0.1618	0.0231	0.0862
113	0.1697	0.1624	0.0231	0.0864
114	0.1677	0.1628	0.0232	0.0867
115	0.1680	0.1637	0.0233	0.0871
116	0.1646	0.1642	0.0234	0.0873
117	0.1631	0.1648	0.0234	0.0876
118	0.1620	0.1654	0.0235	0.0879
119	0.1592	0.1657	0.0236	0.0881
120	0.1602	0.1664	0.0237	0.0885
121	0.1594	0.1668	0.0237	0.0886
122	0.1593	0.1670	0.0237	0.0888
123	0.1564	0.1675	0.0238	0.0891
124	0.1572	0.1675	0.0238	0.0892
125	0.1534	0.1676	0.0238	0.0894
126	0.1551	0.1680	0.0239	0.0896
127	0.1550	0.1682	0.0239	0.0897
128	0.1533	0.1687	0.0240	0.0900
129	0.1510	0.1691	0.0240	0.0902
130	0.1491	0.1700	0.0241	0.0906
131	0.1492	0.1705	0.0241	0.0909
132	0.1516	0.1710	0.0242	0.0912
133	0.1469	0.1715	0.0243	0.0915
134	0.1457	0.1718	0.0243	0.0917
135	0.1459	0.1723	0.0244	0.0920
136	0.1440	0.1728	0.0244	0.0921
137	0.1422	0.1731	0.0245	0.0923
138	0.1410	0.1733	0.0245	0.0924
139	0.1410	0.1733	0.0245	0.0925
140	0.1409	0.1736	0.0245	0.0927
141	0.1394	0.1740	0.0246	0.0929
142	0.1402	0.1744	0.0246	0.0931
143	0.1380	0.1746	0.0247	0.0933
144	0.1397	0.1751	0.0247	0.0936
145	0.1381	0.1758	0.0248	0.0938
146	0.1364	0.1764	0.0249	0.0941
147	0.1357	0.1768	0.0249	0.0943
148	0.1329	0.1769	0.0249	0.0945
149	0.1323	0.1773	0.0250	0.0946
150	0.1338	0.1779	0.0250	0.0949
