{"n_layers": 0, "device": "cuda", "batch_size": 2048, "embedding_dim": 1024, "learning_rate": 0.001, "dataset": "dbbook", "epochs": 150, "top_k": 50, "multimodal": true, "datasets": {"dbbook": ["images", "text"], "ml1m": ["audio", "images", "text", "video"]}}
Epoch	Loss	Recall	Precision	NDCG
1	0.6929	0.0206	0.0026	0.0106
2	0.6823	0.0450	0.0058	0.0286
3	0.6707	0.0854	0.0111	0.0571
4	0.6539	0.1281	0.0171	0.0840
5	0.6286	0.1586	0.0212	0.1019
6	0.5921	0.1754	0.0238	0.1118
7	0.5437	0.1847	0.0251	0.1162
8	0.4856	0.1897	0.0260	0.1187
9	0.4238	0.1920	0.0264	0.1200
10	0.3654	0.1939	0.0267	0.1207
11	0.3133	0.1956	0.0270	0.1218
12	0.2682	0.1962	0.0271	0.1230
13	0.2322	0.1977	0.0273	0.1239
14	0.2013	0.1995	0.0275	0.1253
15	0.1759	0.2009	0.0277	0.1265
16	0.1556	0.2028	0.0279	0.1276
17	0.1380	0.2060	0.0282	0.1290
18	0.1223	0.2082	0.0284	0.1303
19	0.1107	0.2095	0.0286	0.1312
20	0.0984	0.2107	0.0288	0.1320
21	0.0889	0.2125	0.0290	0.1330
22	0.0805	0.2138	0.0291	0.1338
23	0.0729	0.2140	0.0292	0.1342
24	0.0665	0.2152	0.0293	0.1345
25	0.0618	0.2154	0.0292	0.1351
26	0.0561	0.2162	0.0293	0.1354
27	0.0521	0.2172	0.0294	0.1360
28	0.0482	0.2182	0.0295	0.1367
29	0.0453	0.2191	0.0295	0.1370
30	0.0419	0.2194	0.0296	0.1374
31	0.0395	0.2201	0.0296	0.1379
32	0.0370	0.2217	0.0298	0.1385
33	0.0352	0.2229	0.0299	0.1391
34	0.0328	0.2234	0.0299	0.1395
35	0.0309	0.2239	0.0300	0.1398
36	0.0293	0.2246	0.0300	0.1401
37	0.0278	0.2248	0.0301	0.1403
38	0.0265	0.2253	0.0301	0.1406
39	0.0254	0.2256	0.0302	0.1409
40	0.0244	0.2270	0.0303	0.1418
41	0.0230	0.2277	0.0303	0.1420
42	0.0218	0.2286	0.0304	0.1425
43	0.0223	0.2297	0.0305	0.1428
44	0.0207	0.2291	0.0304	0.1426
45	0.0200	0.2296	0.0305	0.1433
46	0.0186	0.2302	0.0305	0.1437
47	0.0181	0.2293	0.0305	0.1433
48	0.0178	0.2302	0.0305	0.1437
49	0.0173	0.2302	0.0306	0.1437
50	0.0167	0.2304	0.0306	0.1435
51	0.0163	0.2314	0.0307	0.1437
52	0.0162	0.2320	0.0307	0.1440
53	0.0153	0.2322	0.0307	0.1441
54	0.0152	0.2317	0.0307	0.1439
55	0.0144	0.2321	0.0308	0.1441
56	0.0143	0.2324	0.0307	0.1441
57	0.0139	0.2324	0.0307	0.1442
58	0.0136	0.2327	0.0308	0.1443
59	0.0129	0.2324	0.0307	0.1444
60	0.0128	0.2329	0.0308	0.1445
61	0.0127	0.2322	0.0307	0.1442
62	0.0125	0.2322	0.0306	0.1440
63	0.0126	0.2327	0.0307	0.1442
64	0.0121	0.2329	0.0307	0.1444
65	0.0125	0.2328	0.0307	0.1447
66	0.0126	0.2329	0.0307	0.1447
67	0.0118	0.2332	0.0307	0.1448
68	0.0112	0.2330	0.0307	0.1448
69	0.0110	0.2334	0.0307	0.1450
70	0.0110	0.2328	0.0307	0.1449
71	0.0109	0.2328	0.0307	0.1450
72	0.0106	0.2333	0.0307	0.1454
73	0.0109	0.2333	0.0307	0.1451
74	0.0104	0.2338	0.0307	0.1452
75	0.0102	0.2336	0.0307	0.1454
76	0.0103	0.2332	0.0307	0.1453
77	0.0100	0.2340	0.0308	0.1454
78	0.0098	0.2343	0.0307	0.1450
79	0.0104	0.2346	0.0308	0.1454
80	0.0096	0.2347	0.0308	0.1455
81	0.0098	0.2347	0.0307	0.1454
82	0.0098	0.2345	0.0308	0.1455
83	0.0094	0.2351	0.0308	0.1459
84	0.0090	0.2346	0.0308	0.1457
85	0.0093	0.2351	0.0308	0.1458
86	0.0094	0.2348	0.0308	0.1457
87	0.0091	0.2345	0.0308	0.1453
88	0.0091	0.2344	0.0308	0.1451
89	0.0091	0.2343	0.0307	0.1451
90	0.0086	0.2339	0.0307	0.1454
91	0.0088	0.2336	0.0307	0.1456
92	0.0090	0.2336	0.0307	0.1455
93	0.0093	0.2349	0.0308	0.1460
94	0.0088	0.2343	0.0307	0.1460
95	0.0084	0.2342	0.0307	0.1460
96	0.0087	0.2339	0.0307	0.1461
97	0.0087	0.2343	0.0307	0.1460
98	0.0084	0.2343	0.0308	0.1460
99	0.0084	0.2336	0.0307	0.1457
100	0.0080	0.2332	0.0306	0.1454
101	0.0083	0.2341	0.0307	0.1457
102	0.0082	0.2345	0.0308	0.1459
103	0.0079	0.2346	0.0308	0.1460
104	0.0083	0.2341	0.0308	0.1456
105	0.0081	0.2333	0.0307	0.1453
106	0.0080	0.2335	0.0307	0.1453
107	0.0078	0.2336	0.0307	0.1455
108	0.0080	0.2335	0.0307	0.1454
109	0.0075	0.2338	0.0307	0.1456
110	0.0081	0.2339	0.0307	0.1456
111	0.0082	0.2338	0.0308	0.1457
112	0.0077	0.2341	0.0308	0.1458
113	0.0080	0.2346	0.0308	0.1458
114	0.0077	0.2343	0.0307	0.1457
115	0.0078	0.2338	0.0307	0.1452
116	0.0084	0.2336	0.0306	0.1449
117	0.0077	0.2332	0.0306	0.1445
118	0.0077	0.2339	0.0307	0.1448
119	0.0076	0.2343	0.0307	0.1450
120	0.0075	0.2338	0.0306	0.1452
121	0.0079	0.2344	0.0307	0.1450
122	0.0077	0.2350	0.0308	0.1455
123	0.0075	0.2353	0.0308	0.1457
124	0.0075	0.2349	0.0307	0.1455
125	0.0075	0.2354	0.0307	0.1459
126	0.0075	0.2352	0.0308	0.1459
127	0.0074	0.2359	0.0308	0.1462
128	0.0071	0.2350	0.0307	0.1461
129	0.0077	0.2351	0.0308	0.1462
130	0.0075	0.2347	0.0308	0.1463
131	0.0078	0.2346	0.0307	0.1464
132	0.0078	0.2343	0.0307	0.1463
133	0.0075	0.2340	0.0306	0.1460
134	0.0077	0.2338	0.0306	0.1458
135	0.0075	0.2338	0.0306	0.1458
136	0.0074	0.2336	0.0306	0.1458
137	0.0071	0.2330	0.0305	0.1452
138	0.0075	0.2336	0.0305	0.1453
139	0.0075	0.2335	0.0305	0.1453
140	0.0073	0.2327	0.0305	0.1453
141	0.0069	0.2331	0.0305	0.1456
142	0.0068	0.2336	0.0306	0.1459
143	0.0072	0.2330	0.0306	0.1455
144	0.0073	0.2332	0.0305	0.1454
145	0.0076	0.2329	0.0305	0.1453
146	0.0070	0.2321	0.0304	0.1452
147	0.0073	0.2325	0.0304	0.1454
148	0.0072	0.2329	0.0304	0.1459
149	0.0068	0.2326	0.0304	0.1460
150	0.0075	0.2328	0.0305	0.1459
