{"n_layers": 0, "device": "cuda", "batch_size": 2048, "embedding_dim": 1024, "learning_rate": 0.001, "dataset": "dbbook", "epochs": 150, "top_k": 50, "multimodal": true, "datasets": {"dbbook": ["images", "text"], "ml1m": ["audio", "images", "text", "video"]}}
Epoch	Loss	Recall	Precision	NDCG
1	0.6922	0.0274	0.0034	0.0156
2	0.6722	0.0464	0.0059	0.0297
3	0.6528	0.0671	0.0085	0.0450
4	0.6294	0.0913	0.0118	0.0621
5	0.6001	0.1110	0.0148	0.0763
6	0.5643	0.1315	0.0176	0.0878
7	0.5212	0.1481	0.0200	0.0975
8	0.4730	0.1596	0.0216	0.1030
9	0.4219	0.1669	0.0228	0.1068
10	0.3722	0.1723	0.0235	0.1097
11	0.3254	0.1761	0.0241	0.1115
12	0.2849	0.1807	0.0247	0.1134
13	0.2489	0.1835	0.0251	0.1152
14	0.2191	0.1858	0.0254	0.1165
15	0.1924	0.1885	0.0257	0.1177
16	0.1699	0.1905	0.0260	0.1190
17	0.1519	0.1930	0.0263	0.1200
18	0.1361	0.1954	0.0265	0.1210
19	0.1231	0.1962	0.0266	0.1221
20	0.1105	0.1981	0.0269	0.1233
21	0.0998	0.1996	0.0270	0.1242
22	0.0920	0.2006	0.0272	0.1249
23	0.0838	0.2021	0.0274	0.1255
24	0.0767	0.2023	0.0274	0.1258
25	0.0707	0.2038	0.0276	0.1263
26	0.0648	0.2052	0.0277	0.1273
27	0.0607	0.2052	0.0277	0.1278
28	0.0557	0.2067	0.0279	0.1285
29	0.0519	0.2075	0.0280	0.1290
30	0.0486	0.2082	0.0280	0.1294
31	0.0456	0.2084	0.0281	0.1298
32	0.0433	0.2093	0.0282	0.1305
33	0.0398	0.2107	0.0283	0.1310
34	0.0377	0.2112	0.0284	0.1314
35	0.0355	0.2117	0.0284	0.1317
36	0.0348	0.2123	0.0285	0.1319
37	0.0322	0.2127	0.0286	0.1321
38	0.0308	0.2135	0.0286	0.1325
39	0.0300	0.2134	0.0286	0.1328
40	0.0280	0.2142	0.0287	0.1333
41	0.0271	0.2148	0.0288	0.1338
42	0.0259	0.2146	0.0288	0.1341
43	0.0245	0.2153	0.0288	0.1345
44	0.0240	0.2151	0.0288	0.1345
45	0.0232	0.2154	0.0288	0.1347
46	0.0218	0.2161	0.0289	0.1351
47	0.0217	0.2157	0.0288	0.1351
48	0.0213	0.2158	0.0288	0.1355
49	0.0198	0.2160	0.0289	0.1357
50	0.0185	0.2168	0.0290	0.1360
51	0.0189	0.2173	0.0290	0.1362
52	0.0178	0.2179	0.0291	0.1365
53	0.0181	0.2183	0.0292	0.1364
54	0.0173	0.2181	0.0292	0.1365
55	0.0171	0.2184	0.0292	0.1365
56	0.0159	0.2183	0.0291	0.1365
57	0.0163	0.2176	0.0291	0.1362
58	0.0152	0.2170	0.0291	0.1361
59	0.0152	0.2170	0.0291	0.1362
60	0.0148	0.2184	0.0292	0.1368
61	0.0145	0.2183	0.0291	0.1370
62	0.0140	0.2190	0.0292	0.1370
63	0.0137	0.2187	0.0292	0.1367
64	0.0136	0.2190	0.0291	0.1368
65	0.0137	0.2187	0.0291	0.1368
66	0.0124	0.2189	0.0292	0.1370
67	0.0124	0.2194	0.0292	0.1374
68	0.0128	0.2199	0.0293	0.1378
69	0.0124	0.2201	0.0294	0.1375
70	0.0125	0.2207	0.0294	0.1378
71	0.0119	0.2207	0.0294	0.1381
72	0.0116	0.2201	0.0293	0.1380
73	0.0112	0.2193	0.0293	0.1379
74	0.0117	0.2198	0.0293	0.1382
75	0.0115	0.2201	0.0293	0.1386
76	0.0107	0.2208	0.0294	0.1388
77	0.0109	0.2207	0.0294	0.1392
78	0.0108	0.2214	0.0294	0.1393
79	0.0109	0.2210	0.0294	0.1393
80	0.0103	0.2214	0.0294	0.1395
81	0.0106	0.2212	0.0294	0.1395
82	0.0103	0.2217	0.0294	0.1400
83	0.0101	0.2222	0.0295	0.1401
84	0.0100	0.2214	0.0294	0.1397
85	0.0096	0.2216	0.0295	0.1397
86	0.0094	0.2218	0.0295	0.1397
87	0.0096	0.2216	0.0295	0.1397
88	0.0096	0.2215	0.0295	0.1396
89	0.0095	0.2219	0.0295	0.1396
90	0.0094	0.2220	0.0296	0.1398
91	0.0091	0.2216	0.0295	0.1397
92	0.0094	0.2215	0.0295	0.1395
93	0.0090	0.2220	0.0295	0.1396
94	0.0087	0.2220	0.0295	0.1397
95	0.0092	0.2219	0.0295	0.1397
96	0.0090	0.2223	0.0295	0.1397
97	0.0088	0.2221	0.0295	0.1399
98	0.0088	0.2218	0.0295	0.1399
99	0.0088	0.2221	0.0295	0.1401
100	0.0084	0.2220	0.0295	0.1400
101	0.0086	0.2215	0.0295	0.1397
102	0.0088	0.2209	0.0294	0.1394
103	0.0087	0.2209	0.0294	0.1391
104	0.0086	0.2212	0.0294	0.1390
105	0.0080	0.2204	0.0293	0.1389
106	0.0083	0.2203	0.0292	0.1390
107	0.0083	0.2208	0.0293	0.1393
108	0.0089	0.2224	0.0294	0.1399
109	0.0082	0.2223	0.0294	0.1400
110	0.0082	0.2226	0.0294	0.1400
111	0.0084	0.2220	0.0294	0.1397
112	0.0079	0.2216	0.0293	0.1398
113	0.0083	0.2222	0.0294	0.1399
114	0.0081	0.2220	0.0293	0.1398
115	0.0083	0.2224	0.0294	0.1402
116	0.0077	0.2226	0.0294	0.1402
117	0.0086	0.2224	0.0294	0.1403
118	0.0078	0.2223	0.0294	0.1403
119	0.0078	0.2230	0.0295	0.1406
120	0.0077	0.2229	0.0295	0.1407
121	0.0078	0.2226	0.0295	0.1407
122	0.0077	0.2223	0.0294	0.1404
123	0.0077	0.2225	0.0294	0.1402
124	0.0079	0.2231	0.0295	0.1408
125	0.0076	0.2233	0.0295	0.1405
126	0.0078	0.2232	0.0295	0.1406
127	0.0074	0.2233	0.0295	0.1409
128	0.0079	0.2233	0.0295	0.1409
129	0.0075	0.2230	0.0295	0.1408
130	0.0079	0.2232	0.0295	0.1408
131	0.0077	0.2232	0.0295	0.1407
132	0.0076	0.2230	0.0295	0.1405
133	0.0077	0.2226	0.0294	0.1401
134	0.0074	0.2226	0.0294	0.1402
135	0.0078	0.2223	0.0294	0.1402
136	0.0076	0.2216	0.0294	0.1399
137	0.0074	0.2216	0.0293	0.1398
138	0.0071	0.2213	0.0293	0.1398
139	0.0074	0.2225	0.0294	0.1403
140	0.0074	0.2221	0.0294	0.1401
141	0.0070	0.2233	0.0294	0.1405
142	0.0073	0.2240	0.0295	0.1406
143	0.0073	0.2234	0.0295	0.1405
144	0.0073	0.2228	0.0294	0.1405
145	0.0068	0.2231	0.0294	0.1405
146	0.0075	0.2229	0.0293	0.1402
147	0.0069	0.2227	0.0293	0.1398
148	0.0073	0.2233	0.0294	0.1403
149	0.0069	0.2236	0.0294	0.1407
150	0.0073	0.2232	0.0294	0.1408
