{"n_layers": 0, "device": "cuda", "batch_size": 2048, "embedding_dim": 512, "learning_rate": 0.0005, "dataset": "dbbook", "epochs": 150, "top_k": 5, "multimodal": false, "datasets": {"dbbook": ["images", "text"], "ml1m": ["audio", "images", "text", "video"]}}
Epoch	Loss	Recall	Precision	NDCG
1	0.6932	0.0010	0.0015	0.0015
2	0.6894	0.0013	0.0019	0.0018
3	0.6859	0.0020	0.0026	0.0031
4	0.6818	0.0047	0.0058	0.0070
5	0.6766	0.0108	0.0128	0.0159
6	0.6699	0.0170	0.0213	0.0257
7	0.6611	0.0231	0.0297	0.0351
8	0.6496	0.0293	0.0373	0.0431
9	0.6349	0.0341	0.0426	0.0489
10	0.6166	0.0367	0.0457	0.0523
11	0.5944	0.0381	0.0479	0.0549
12	0.5685	0.0390	0.0493	0.0566
13	0.5397	0.0396	0.0506	0.0582
14	0.5083	0.0404	0.0518	0.0595
15	0.4754	0.0406	0.0523	0.0605
16	0.4422	0.0417	0.0535	0.0615
17	0.4105	0.0422	0.0541	0.0622
18	0.3795	0.0426	0.0547	0.0631
19	0.3507	0.0433	0.0555	0.0639
20	0.3240	0.0441	0.0564	0.0650
21	0.2999	0.0446	0.0569	0.0659
22	0.2778	0.0448	0.0573	0.0665
23	0.2577	0.0458	0.0586	0.0678
24	0.2395	0.0463	0.0590	0.0686
25	0.2230	0.0471	0.0597	0.0694
26	0.2076	0.0475	0.0605	0.0705
27	0.1948	0.0487	0.0614	0.0715
28	0.1828	0.0486	0.0614	0.0717
29	0.1696	0.0492	0.0620	0.0724
30	0.1599	0.0498	0.0624	0.0729
31	0.1492	0.0501	0.0628	0.0736
32	0.1404	0.0505	0.0634	0.0742
33	0.1331	0.0507	0.0638	0.0745
34	0.1242	0.0510	0.0637	0.0748
35	0.1173	0.0511	0.0642	0.0752
36	0.1111	0.0514	0.0644	0.0754
37	0.1045	0.0516	0.0648	0.0757
38	0.0993	0.0518	0.0650	0.0758
39	0.0943	0.0520	0.0654	0.0761
40	0.0887	0.0525	0.0656	0.0766
41	0.0848	0.0528	0.0659	0.0771
42	0.0805	0.0527	0.0656	0.0768
43	0.0768	0.0532	0.0661	0.0774
44	0.0724	0.0535	0.0667	0.0778
45	0.0689	0.0535	0.0665	0.0777
46	0.0662	0.0538	0.0670	0.0783
47	0.0633	0.0542	0.0676	0.0788
48	0.0609	0.0542	0.0677	0.0792
49	0.0579	0.0541	0.0676	0.0791
50	0.0550	0.0542	0.0676	0.0794
51	0.0532	0.0545	0.0679	0.0796
52	0.0503	0.0548	0.0683	0.0803
53	0.0483	0.0550	0.0684	0.0805
54	0.0466	0.0546	0.0681	0.0802
55	0.0443	0.0546	0.0680	0.0801
56	0.0433	0.0547	0.0683	0.0802
57	0.0416	0.0549	0.0684	0.0805
58	0.0399	0.0547	0.0684	0.0806
59	0.0393	0.0544	0.0683	0.0804
60	0.0376	0.0546	0.0684	0.0805
61	0.0363	0.0548	0.0685	0.0805
62	0.0340	0.0551	0.0688	0.0807
63	0.0334	0.0549	0.0685	0.0807
64	0.0321	0.0552	0.0690	0.0812
65	0.0312	0.0554	0.0695	0.0817
66	0.0303	0.0555	0.0696	0.0819
67	0.0289	0.0557	0.0698	0.0824
68	0.0287	0.0556	0.0699	0.0825
69	0.0278	0.0559	0.0701	0.0827
70	0.0260	0.0559	0.0703	0.0827
71	0.0261	0.0562	0.0706	0.0830
72	0.0252	0.0563	0.0706	0.0829
73	0.0241	0.0563	0.0705	0.0830
74	0.0240	0.0564	0.0705	0.0830
75	0.0231	0.0563	0.0703	0.0831
76	0.0222	0.0565	0.0707	0.0834
77	0.0223	0.0567	0.0709	0.0834
78	0.0216	0.0567	0.0707	0.0833
79	0.0210	0.0568	0.0710	0.0839
80	0.0205	0.0568	0.0711	0.0839
81	0.0199	0.0567	0.0709	0.0838
82	0.0199	0.0569	0.0709	0.0840
83	0.0191	0.0570	0.0710	0.0839
84	0.0182	0.0573	0.0712	0.0841
85	0.0181	0.0572	0.0712	0.0842
86	0.0183	0.0569	0.0709	0.0837
87	0.0175	0.0570	0.0710	0.0838
88	0.0173	0.0568	0.0706	0.0835
89	0.0166	0.0569	0.0707	0.0836
90	0.0160	0.0572	0.0710	0.0837
91	0.0161	0.0573	0.0712	0.0839
92	0.0156	0.0574	0.0711	0.0838
93	0.0157	0.0571	0.0708	0.0836
94	0.0153	0.0573	0.0709	0.0837
95	0.0153	0.0574	0.0713	0.0840
96	0.0144	0.0574	0.0711	0.0841
97	0.0144	0.0572	0.0709	0.0837
98	0.0141	0.0571	0.0708	0.0837
99	0.0136	0.0571	0.0710	0.0839
100	0.0137	0.0571	0.0711	0.0840
101	0.0131	0.0576	0.0715	0.0843
102	0.0134	0.0579	0.0717	0.0846
103	0.0129	0.0581	0.0719	0.0847
104	0.0128	0.0578	0.0718	0.0845
105	0.0127	0.0583	0.0721	0.0848
106	0.0121	0.0582	0.0720	0.0847
107	0.0118	0.0579	0.0716	0.0843
108	0.0120	0.0579	0.0715	0.0844
109	0.0115	0.0586	0.0722	0.0850
110	0.0114	0.0580	0.0719	0.0848
111	0.0115	0.0581	0.0718	0.0848
112	0.0109	0.0579	0.0719	0.0851
113	0.0108	0.0584	0.0721	0.0854
114	0.0108	0.0586	0.0726	0.0858
115	0.0105	0.0589	0.0730	0.0861
116	0.0104	0.0587	0.0730	0.0863
117	0.0105	0.0585	0.0727	0.0861
118	0.0104	0.0582	0.0724	0.0855
119	0.0107	0.0580	0.0722	0.0855
120	0.0102	0.0579	0.0722	0.0854
121	0.0099	0.0580	0.0721	0.0854
122	0.0094	0.0584	0.0724	0.0856
123	0.0100	0.0584	0.0724	0.0857
124	0.0097	0.0583	0.0722	0.0855
125	0.0100	0.0583	0.0723	0.0856
126	0.0095	0.0585	0.0728	0.0859
127	0.0092	0.0587	0.0731	0.0862
128	0.0095	0.0591	0.0734	0.0866
129	0.0090	0.0591	0.0733	0.0868
130	0.0087	0.0590	0.0733	0.0867
131	0.0089	0.0588	0.0731	0.0866
132	0.0089	0.0588	0.0732	0.0866
133	0.0088	0.0592	0.0736	0.0871
134	0.0084	0.0592	0.0736	0.0871
135	0.0092	0.0591	0.0733	0.0869
136	0.0084	0.0590	0.0731	0.0867
137	0.0080	0.0591	0.0732	0.0868
138	0.0081	0.0590	0.0731	0.0868
139	0.0083	0.0591	0.0734	0.0870
140	0.0080	0.0590	0.0733	0.0868
141	0.0085	0.0592	0.0735	0.0870
142	0.0077	0.0595	0.0737	0.0871
143	0.0078	0.0593	0.0737	0.0870
144	0.0078	0.0591	0.0732	0.0868
145	0.0076	0.0593	0.0735	0.0871
146	0.0081	0.0593	0.0739	0.0873
147	0.0078	0.0595	0.0740	0.0874
148	0.0077	0.0592	0.0739	0.0870
149	0.0078	0.0590	0.0736	0.0867
150	0.0079	0.0586	0.0730	0.0865
