{"n_layers": 2, "device": "cuda", "batch_size": 2048, "embedding_dim": 64, "learning_rate": 0.001, "dataset": "dbbook", "epochs": 150, "top_k": 10, "multimodal": false, "datasets": {"dbbook": ["images", "text"], "ml1m": ["audio", "images", "text", "video"]}}
Epoch	Loss	Recall	Precision	NDCG
1	0.6927	0.0257	0.0183	0.0229
2	0.6902	0.0304	0.0222	0.0258
3	0.6805	0.0299	0.0224	0.0258
4	0.6566	0.0289	0.0218	0.0252
5	0.6171	0.0288	0.0216	0.0254
6	0.5667	0.0278	0.0213	0.0249
7	0.5151	0.0279	0.0214	0.0249
8	0.4692	0.0275	0.0213	0.0248
9	0.4338	0.0273	0.0211	0.0247
10	0.4039	0.0276	0.0211	0.0249
11	0.3824	0.0283	0.0215	0.0253
12	0.3638	0.0288	0.0219	0.0256
13	0.3530	0.0293	0.0221	0.0259
14	0.3364	0.0292	0.0221	0.0260
15	0.3302	0.0298	0.0224	0.0264
16	0.3216	0.0304	0.0229	0.0269
17	0.3093	0.0310	0.0232	0.0273
18	0.3046	0.0317	0.0236	0.0278
19	0.3012	0.0319	0.0239	0.0282
20	0.2894	0.0329	0.0245	0.0288
21	0.2822	0.0334	0.0247	0.0292
22	0.2745	0.0341	0.0253	0.0300
23	0.2711	0.0345	0.0257	0.0303
24	0.2650	0.0346	0.0258	0.0305
25	0.2615	0.0352	0.0260	0.0309
26	0.2513	0.0357	0.0264	0.0314
27	0.2493	0.0364	0.0268	0.0319
28	0.2465	0.0374	0.0274	0.0326
29	0.2339	0.0373	0.0274	0.0328
30	0.2327	0.0379	0.0278	0.0332
31	0.2255	0.0387	0.0284	0.0341
32	0.2209	0.0395	0.0287	0.0349
33	0.2171	0.0404	0.0293	0.0359
34	0.2138	0.0412	0.0297	0.0367
35	0.2103	0.0417	0.0300	0.0372
36	0.2025	0.0423	0.0303	0.0377
37	0.1982	0.0428	0.0307	0.0383
38	0.1885	0.0438	0.0312	0.0390
39	0.1900	0.0439	0.0311	0.0393
40	0.1859	0.0444	0.0314	0.0399
41	0.1814	0.0446	0.0316	0.0402
42	0.1771	0.0445	0.0317	0.0403
43	0.1719	0.0449	0.0321	0.0406
44	0.1703	0.0456	0.0323	0.0412
45	0.1672	0.0459	0.0326	0.0417
46	0.1602	0.0459	0.0326	0.0418
47	0.1577	0.0457	0.0325	0.0418
48	0.1546	0.0464	0.0329	0.0423
49	0.1513	0.0470	0.0333	0.0428
50	0.1494	0.0475	0.0335	0.0430
51	0.1480	0.0482	0.0339	0.0434
52	0.1431	0.0481	0.0337	0.0432
53	0.1448	0.0482	0.0339	0.0434
54	0.1384	0.0488	0.0343	0.0439
55	0.1359	0.0489	0.0344	0.0441
56	0.1326	0.0492	0.0346	0.0446
57	0.1294	0.0499	0.0350	0.0450
58	0.1286	0.0503	0.0351	0.0453
59	0.1255	0.0504	0.0352	0.0453
60	0.1214	0.0510	0.0354	0.0455
61	0.1198	0.0512	0.0355	0.0457
62	0.1169	0.0517	0.0356	0.0460
63	0.1147	0.0518	0.0358	0.0462
64	0.1110	0.0520	0.0360	0.0463
65	0.1108	0.0522	0.0360	0.0466
66	0.1086	0.0528	0.0364	0.0472
67	0.1076	0.0529	0.0366	0.0474
68	0.1030	0.0532	0.0369	0.0477
69	0.1049	0.0539	0.0373	0.0482
70	0.1019	0.0542	0.0375	0.0485
71	0.0990	0.0544	0.0376	0.0488
72	0.0984	0.0546	0.0378	0.0490
73	0.0983	0.0554	0.0383	0.0497
74	0.0960	0.0556	0.0383	0.0499
75	0.0949	0.0560	0.0386	0.0505
76	0.0919	0.0566	0.0389	0.0509
77	0.0926	0.0566	0.0391	0.0513
78	0.0887	0.0570	0.0391	0.0516
79	0.0867	0.0570	0.0391	0.0518
80	0.0859	0.0574	0.0393	0.0520
81	0.0850	0.0576	0.0392	0.0522
82	0.0846	0.0579	0.0394	0.0523
83	0.0788	0.0587	0.0399	0.0528
84	0.0806	0.0589	0.0401	0.0532
85	0.0798	0.0594	0.0404	0.0536
86	0.0773	0.0593	0.0404	0.0536
87	0.0777	0.0599	0.0407	0.0540
88	0.0764	0.0603	0.0408	0.0543
89	0.0747	0.0605	0.0410	0.0546
90	0.0749	0.0606	0.0411	0.0548
91	0.0733	0.0603	0.0410	0.0546
92	0.0720	0.0601	0.0406	0.0543
93	0.0702	0.0603	0.0407	0.0543
94	0.0718	0.0605	0.0410	0.0546
95	0.0693	0.0611	0.0411	0.0549
96	0.0698	0.0612	0.0412	0.0551
97	0.0677	0.0618	0.0416	0.0557
98	0.0676	0.0622	0.0419	0.0561
99	0.0660	0.0623	0.0420	0.0563
100	0.0645	0.0628	0.0423	0.0566
101	0.0642	0.0634	0.0427	0.0572
102	0.0648	0.0639	0.0429	0.0576
103	0.0628	0.0637	0.0430	0.0576
104	0.0599	0.0642	0.0432	0.0579
105	0.0602	0.0643	0.0432	0.0578
106	0.0596	0.0644	0.0433	0.0580
107	0.0580	0.0645	0.0434	0.0583
108	0.0567	0.0646	0.0434	0.0582
109	0.0576	0.0650	0.0435	0.0585
110	0.0556	0.0652	0.0436	0.0588
111	0.0562	0.0652	0.0437	0.0589
112	0.0554	0.0654	0.0439	0.0590
113	0.0543	0.0655	0.0439	0.0589
114	0.0553	0.0660	0.0442	0.0593
115	0.0549	0.0666	0.0446	0.0597
116	0.0525	0.0666	0.0446	0.0598
117	0.0518	0.0667	0.0446	0.0599
118	0.0506	0.0666	0.0445	0.0599
119	0.0515	0.0668	0.0447	0.0600
120	0.0499	0.0670	0.0449	0.0603
121	0.0494	0.0669	0.0447	0.0603
122	0.0487	0.0670	0.0449	0.0604
123	0.0497	0.0670	0.0448	0.0604
124	0.0466	0.0670	0.0447	0.0605
125	0.0459	0.0668	0.0446	0.0604
126	0.0474	0.0669	0.0447	0.0606
127	0.0486	0.0676	0.0451	0.0611
128	0.0453	0.0680	0.0453	0.0614
129	0.0441	0.0678	0.0453	0.0615
130	0.0447	0.0677	0.0454	0.0615
131	0.0449	0.0682	0.0457	0.0619
132	0.0434	0.0687	0.0460	0.0622
133	0.0441	0.0683	0.0457	0.0619
134	0.0423	0.0686	0.0458	0.0620
135	0.0415	0.0686	0.0458	0.0620
136	0.0433	0.0685	0.0457	0.0621
137	0.0417	0.0685	0.0457	0.0621
138	0.0424	0.0688	0.0458	0.0623
139	0.0397	0.0685	0.0458	0.0623
140	0.0395	0.0682	0.0457	0.0623
141	0.0397	0.0685	0.0458	0.0625
142	0.0385	0.0689	0.0460	0.0628
143	0.0376	0.0689	0.0461	0.0629
144	0.0381	0.0691	0.0461	0.0631
145	0.0388	0.0690	0.0461	0.0632
146	0.0391	0.0692	0.0462	0.0632
147	0.0384	0.0696	0.0464	0.0634
148	0.0367	0.0698	0.0464	0.0636
149	0.0356	0.0703	0.0467	0.0639
150	0.0376	0.0710	0.0469	0.0643
