{"n_layers": 0, "device": "cuda", "batch_size": 2048, "embedding_dim": 256, "learning_rate": 0.001, "dataset": "dbbook", "epochs": 150, "top_k": 50, "multimodal": true, "datasets": {"dbbook": ["images", "text"], "ml1m": ["audio", "images", "text", "video"]}}
Epoch	Loss	Recall	Precision	NDCG
1	0.6930	0.0146	0.0019	0.0067
2	0.6895	0.0286	0.0037	0.0155
3	0.6858	0.0514	0.0067	0.0325
4	0.6808	0.0838	0.0113	0.0541
5	0.6736	0.1139	0.0155	0.0729
6	0.6634	0.1362	0.0188	0.0854
7	0.6488	0.1529	0.0210	0.0944
8	0.6292	0.1623	0.0223	0.1003
9	0.6042	0.1685	0.0233	0.1031
10	0.5740	0.1736	0.0240	0.1059
11	0.5397	0.1768	0.0244	0.1072
12	0.5031	0.1787	0.0247	0.1083
13	0.4659	0.1802	0.0250	0.1091
14	0.4293	0.1799	0.0251	0.1094
15	0.3961	0.1821	0.0253	0.1104
16	0.3650	0.1838	0.0255	0.1115
17	0.3370	0.1859	0.0258	0.1126
18	0.3123	0.1869	0.0259	0.1131
19	0.2899	0.1875	0.0259	0.1135
20	0.2700	0.1886	0.0261	0.1139
21	0.2507	0.1894	0.0262	0.1143
22	0.2360	0.1899	0.0263	0.1147
23	0.2213	0.1908	0.0265	0.1152
24	0.2083	0.1929	0.0267	0.1165
25	0.1958	0.1941	0.0268	0.1171
26	0.1835	0.1950	0.0269	0.1177
27	0.1735	0.1962	0.0270	0.1183
28	0.1652	0.1972	0.0272	0.1188
29	0.1559	0.1975	0.0272	0.1192
30	0.1473	0.1992	0.0274	0.1198
31	0.1400	0.1995	0.0275	0.1201
32	0.1328	0.2000	0.0276	0.1205
33	0.1259	0.2006	0.0276	0.1206
34	0.1195	0.2016	0.0277	0.1210
35	0.1139	0.2014	0.0277	0.1211
36	0.1082	0.2019	0.0277	0.1214
37	0.1047	0.2034	0.0279	0.1222
38	0.0972	0.2042	0.0280	0.1228
39	0.0949	0.2057	0.0281	0.1237
40	0.0894	0.2062	0.0282	0.1243
41	0.0858	0.2075	0.0284	0.1249
42	0.0827	0.2085	0.0284	0.1253
43	0.0787	0.2085	0.0284	0.1253
44	0.0749	0.2087	0.0285	0.1257
45	0.0729	0.2096	0.0286	0.1259
46	0.0701	0.2104	0.0287	0.1264
47	0.0671	0.2119	0.0288	0.1269
48	0.0642	0.2120	0.0288	0.1272
49	0.0628	0.2123	0.0289	0.1274
50	0.0596	0.2123	0.0289	0.1276
51	0.0581	0.2114	0.0288	0.1276
52	0.0561	0.2123	0.0289	0.1280
53	0.0540	0.2129	0.0290	0.1281
54	0.0519	0.2128	0.0290	0.1282
55	0.0504	0.2125	0.0290	0.1283
56	0.0488	0.2139	0.0291	0.1290
57	0.0456	0.2143	0.0291	0.1291
58	0.0451	0.2148	0.0292	0.1294
59	0.0443	0.2148	0.0292	0.1295
60	0.0435	0.2147	0.0292	0.1297
61	0.0411	0.2153	0.0292	0.1298
62	0.0394	0.2157	0.0293	0.1300
63	0.0392	0.2155	0.0292	0.1301
64	0.0386	0.2162	0.0293	0.1305
65	0.0372	0.2167	0.0293	0.1308
66	0.0358	0.2166	0.0293	0.1309
67	0.0348	0.2176	0.0294	0.1310
68	0.0333	0.2188	0.0295	0.1316
69	0.0336	0.2188	0.0295	0.1317
70	0.0324	0.2188	0.0295	0.1318
71	0.0314	0.2191	0.0295	0.1322
72	0.0306	0.2191	0.0295	0.1323
73	0.0298	0.2194	0.0295	0.1326
74	0.0297	0.2200	0.0295	0.1327
75	0.0285	0.2201	0.0295	0.1327
76	0.0271	0.2208	0.0296	0.1332
77	0.0276	0.2206	0.0296	0.1332
78	0.0267	0.2207	0.0296	0.1334
79	0.0251	0.2209	0.0296	0.1334
80	0.0263	0.2207	0.0296	0.1334
81	0.0255	0.2210	0.0296	0.1338
82	0.0241	0.2204	0.0295	0.1338
83	0.0248	0.2207	0.0296	0.1342
84	0.0236	0.2212	0.0296	0.1344
85	0.0233	0.2221	0.0298	0.1349
86	0.0226	0.2224	0.0298	0.1352
87	0.0232	0.2228	0.0298	0.1353
88	0.0224	0.2230	0.0298	0.1351
89	0.0219	0.2226	0.0298	0.1350
90	0.0207	0.2227	0.0298	0.1352
91	0.0207	0.2230	0.0298	0.1355
92	0.0206	0.2232	0.0299	0.1358
93	0.0203	0.2228	0.0298	0.1357
94	0.0199	0.2232	0.0298	0.1359
95	0.0196	0.2225	0.0298	0.1357
96	0.0194	0.2228	0.0298	0.1359
97	0.0188	0.2233	0.0298	0.1359
98	0.0190	0.2238	0.0298	0.1362
99	0.0185	0.2231	0.0298	0.1362
100	0.0181	0.2237	0.0298	0.1363
101	0.0181	0.2240	0.0299	0.1365
102	0.0181	0.2235	0.0298	0.1365
103	0.0178	0.2227	0.0297	0.1363
104	0.0166	0.2229	0.0298	0.1366
105	0.0165	0.2224	0.0297	0.1366
106	0.0171	0.2228	0.0297	0.1370
107	0.0162	0.2230	0.0297	0.1369
108	0.0161	0.2230	0.0297	0.1366
109	0.0156	0.2231	0.0297	0.1369
110	0.0156	0.2230	0.0297	0.1370
111	0.0154	0.2236	0.0298	0.1373
112	0.0153	0.2236	0.0298	0.1372
113	0.0147	0.2240	0.0298	0.1373
114	0.0150	0.2237	0.0298	0.1372
115	0.0151	0.2236	0.0298	0.1372
116	0.0151	0.2235	0.0298	0.1370
117	0.0143	0.2237	0.0298	0.1372
118	0.0143	0.2236	0.0297	0.1373
119	0.0145	0.2234	0.0298	0.1374
120	0.0140	0.2243	0.0298	0.1378
121	0.0141	0.2242	0.0298	0.1380
122	0.0139	0.2237	0.0298	0.1379
123	0.0137	0.2235	0.0297	0.1377
124	0.0137	0.2239	0.0298	0.1379
125	0.0139	0.2234	0.0297	0.1379
126	0.0130	0.2239	0.0298	0.1382
127	0.0129	0.2239	0.0298	0.1384
128	0.0130	0.2246	0.0298	0.1386
129	0.0132	0.2242	0.0298	0.1387
130	0.0134	0.2243	0.0298	0.1388
131	0.0122	0.2249	0.0299	0.1391
132	0.0129	0.2250	0.0299	0.1391
133	0.0125	0.2249	0.0299	0.1391
134	0.0122	0.2244	0.0298	0.1390
135	0.0117	0.2247	0.0298	0.1392
136	0.0117	0.2251	0.0298	0.1392
137	0.0121	0.2249	0.0298	0.1392
138	0.0120	0.2248	0.0298	0.1391
139	0.0117	0.2247	0.0298	0.1393
140	0.0121	0.2249	0.0298	0.1391
141	0.0117	0.2246	0.0298	0.1390
142	0.0113	0.2247	0.0298	0.1391
143	0.0113	0.2251	0.0298	0.1392
144	0.0114	0.2250	0.0298	0.1392
145	0.0112	0.2251	0.0298	0.1393
146	0.0108	0.2248	0.0298	0.1392
147	0.0109	0.2250	0.0298	0.1394
148	0.0111	0.2250	0.0298	0.1393
149	0.0111	0.2247	0.0298	0.1391
150	0.0109	0.2239	0.0297	0.1386
