{"n_layers": 0, "device": "cuda", "batch_size": 2048, "embedding_dim": 1024, "learning_rate": 0.001, "dataset": "dbbook", "epochs": 150, "top_k": 50, "multimodal": true, "datasets": {"dbbook": ["images", "text"], "ml1m": ["audio", "images", "text", "video"]}}
Epoch	Loss	Recall	Precision	NDCG
1	0.6921	0.0284	0.0035	0.0156
2	0.6721	0.0469	0.0059	0.0309
3	0.6525	0.0664	0.0086	0.0457
4	0.6289	0.0904	0.0119	0.0622
5	0.5991	0.1157	0.0153	0.0771
6	0.5626	0.1349	0.0181	0.0877
7	0.5191	0.1521	0.0204	0.0968
8	0.4700	0.1620	0.0219	0.1017
9	0.4193	0.1699	0.0230	0.1062
10	0.3696	0.1755	0.0238	0.1088
11	0.3238	0.1796	0.0243	0.1111
12	0.2833	0.1823	0.0248	0.1128
13	0.2477	0.1843	0.0251	0.1141
14	0.2180	0.1867	0.0255	0.1157
15	0.1918	0.1892	0.0259	0.1168
16	0.1699	0.1909	0.0261	0.1179
17	0.1530	0.1925	0.0263	0.1188
18	0.1370	0.1943	0.0265	0.1200
19	0.1225	0.1946	0.0266	0.1208
20	0.1109	0.1960	0.0267	0.1217
21	0.1003	0.1970	0.0268	0.1224
22	0.0915	0.1990	0.0270	0.1232
23	0.0843	0.1998	0.0271	0.1237
24	0.0777	0.2015	0.0273	0.1243
25	0.0698	0.2038	0.0275	0.1254
26	0.0648	0.2042	0.0276	0.1260
27	0.0613	0.2057	0.0277	0.1265
28	0.0555	0.2065	0.0278	0.1272
29	0.0526	0.2077	0.0279	0.1280
30	0.0493	0.2079	0.0280	0.1286
31	0.0457	0.2086	0.0281	0.1292
32	0.0436	0.2092	0.0282	0.1296
33	0.0407	0.2099	0.0283	0.1298
34	0.0389	0.2102	0.0284	0.1300
35	0.0365	0.2104	0.0283	0.1303
36	0.0350	0.2109	0.0284	0.1305
37	0.0325	0.2107	0.0284	0.1309
38	0.0307	0.2117	0.0285	0.1316
39	0.0289	0.2115	0.0285	0.1317
40	0.0286	0.2116	0.0285	0.1316
41	0.0278	0.2130	0.0286	0.1326
42	0.0263	0.2130	0.0287	0.1328
43	0.0255	0.2136	0.0288	0.1333
44	0.0241	0.2134	0.0287	0.1331
45	0.0233	0.2144	0.0288	0.1335
46	0.0224	0.2139	0.0288	0.1336
47	0.0214	0.2137	0.0288	0.1338
48	0.0212	0.2140	0.0288	0.1343
49	0.0200	0.2143	0.0288	0.1346
50	0.0198	0.2143	0.0288	0.1347
51	0.0188	0.2146	0.0288	0.1346
52	0.0180	0.2148	0.0288	0.1352
53	0.0179	0.2154	0.0289	0.1359
54	0.0173	0.2157	0.0289	0.1360
55	0.0167	0.2161	0.0290	0.1363
56	0.0165	0.2162	0.0290	0.1361
57	0.0158	0.2169	0.0290	0.1359
58	0.0156	0.2165	0.0290	0.1356
59	0.0152	0.2169	0.0290	0.1356
60	0.0148	0.2171	0.0290	0.1361
61	0.0143	0.2174	0.0290	0.1365
62	0.0144	0.2178	0.0290	0.1366
63	0.0141	0.2180	0.0291	0.1367
64	0.0137	0.2178	0.0291	0.1367
65	0.0137	0.2177	0.0290	0.1368
66	0.0133	0.2177	0.0290	0.1369
67	0.0131	0.2177	0.0290	0.1371
68	0.0128	0.2178	0.0290	0.1373
69	0.0125	0.2178	0.0290	0.1373
70	0.0126	0.2188	0.0291	0.1377
71	0.0116	0.2187	0.0291	0.1375
72	0.0119	0.2184	0.0290	0.1374
73	0.0119	0.2187	0.0291	0.1373
74	0.0113	0.2186	0.0291	0.1377
75	0.0111	0.2191	0.0291	0.1381
76	0.0113	0.2194	0.0291	0.1384
77	0.0110	0.2194	0.0291	0.1388
78	0.0109	0.2192	0.0291	0.1387
79	0.0105	0.2204	0.0292	0.1391
80	0.0105	0.2205	0.0292	0.1390
81	0.0104	0.2209	0.0293	0.1393
82	0.0106	0.2206	0.0292	0.1392
83	0.0104	0.2204	0.0292	0.1393
84	0.0101	0.2206	0.0293	0.1392
85	0.0101	0.2209	0.0293	0.1395
86	0.0098	0.2212	0.0293	0.1396
87	0.0098	0.2210	0.0293	0.1395
88	0.0096	0.2215	0.0293	0.1395
89	0.0098	0.2210	0.0292	0.1390
90	0.0096	0.2204	0.0291	0.1388
91	0.0093	0.2202	0.0291	0.1389
92	0.0098	0.2202	0.0291	0.1389
93	0.0088	0.2209	0.0292	0.1393
94	0.0092	0.2214	0.0292	0.1395
95	0.0088	0.2213	0.0292	0.1396
96	0.0096	0.2219	0.0293	0.1402
97	0.0089	0.2218	0.0293	0.1401
98	0.0094	0.2215	0.0292	0.1401
99	0.0085	0.2220	0.0293	0.1401
100	0.0090	0.2222	0.0293	0.1405
101	0.0090	0.2218	0.0293	0.1405
102	0.0088	0.2213	0.0292	0.1403
103	0.0086	0.2216	0.0293	0.1403
104	0.0082	0.2217	0.0292	0.1405
105	0.0088	0.2217	0.0292	0.1405
106	0.0084	0.2214	0.0292	0.1405
107	0.0084	0.2212	0.0292	0.1406
108	0.0084	0.2211	0.0292	0.1408
109	0.0082	0.2213	0.0292	0.1409
110	0.0081	0.2220	0.0293	0.1409
111	0.0079	0.2220	0.0292	0.1408
112	0.0080	0.2219	0.0292	0.1408
113	0.0075	0.2216	0.0292	0.1409
114	0.0086	0.2218	0.0292	0.1410
115	0.0080	0.2222	0.0292	0.1411
116	0.0078	0.2216	0.0292	0.1409
117	0.0080	0.2217	0.0292	0.1412
118	0.0080	0.2227	0.0293	0.1417
119	0.0077	0.2228	0.0293	0.1417
120	0.0075	0.2234	0.0294	0.1419
121	0.0076	0.2234	0.0294	0.1420
122	0.0077	0.2237	0.0294	0.1424
123	0.0078	0.2231	0.0294	0.1422
124	0.0078	0.2239	0.0294	0.1423
125	0.0081	0.2242	0.0294	0.1425
126	0.0077	0.2237	0.0294	0.1425
127	0.0075	0.2231	0.0294	0.1424
128	0.0078	0.2236	0.0294	0.1425
129	0.0075	0.2243	0.0295	0.1427
130	0.0077	0.2238	0.0294	0.1427
131	0.0075	0.2235	0.0294	0.1427
132	0.0074	0.2233	0.0294	0.1426
133	0.0071	0.2233	0.0294	0.1426
134	0.0074	0.2233	0.0295	0.1424
135	0.0073	0.2231	0.0294	0.1423
136	0.0077	0.2232	0.0295	0.1421
137	0.0073	0.2225	0.0294	0.1420
138	0.0077	0.2228	0.0294	0.1420
139	0.0073	0.2228	0.0294	0.1419
140	0.0077	0.2222	0.0294	0.1419
141	0.0075	0.2229	0.0294	0.1424
142	0.0077	0.2226	0.0294	0.1422
143	0.0076	0.2222	0.0294	0.1420
144	0.0075	0.2218	0.0294	0.1422
145	0.0073	0.2213	0.0294	0.1421
146	0.0077	0.2226	0.0295	0.1425
147	0.0070	0.2227	0.0294	0.1422
148	0.0077	0.2228	0.0293	0.1421
149	0.0073	0.2232	0.0294	0.1422
150	0.0075	0.2234	0.0294	0.1424
