{"n_layers": 0, "device": "cuda", "batch_size": 2048, "embedding_dim": 1024, "learning_rate": 0.001, "dataset": "dbbook", "epochs": 150, "top_k": 50, "multimodal": true, "datasets": {"dbbook": ["images", "text"], "ml1m": ["audio", "images", "text", "video"]}}
Epoch	Loss	Recall	Precision	NDCG
1	0.6923	0.0244	0.0031	0.0137
2	0.6722	0.0441	0.0056	0.0281
3	0.6528	0.0645	0.0084	0.0444
4	0.6293	0.0888	0.0116	0.0606
5	0.6000	0.1127	0.0151	0.0754
6	0.5636	0.1315	0.0177	0.0871
7	0.5200	0.1483	0.0200	0.0959
8	0.4719	0.1592	0.0215	0.1013
9	0.4211	0.1684	0.0228	0.1065
10	0.3716	0.1762	0.0238	0.1100
11	0.3252	0.1793	0.0243	0.1122
12	0.2840	0.1833	0.0249	0.1147
13	0.2490	0.1857	0.0253	0.1161
14	0.2187	0.1881	0.0256	0.1176
15	0.1932	0.1899	0.0258	0.1188
16	0.1716	0.1913	0.0260	0.1196
17	0.1527	0.1937	0.0263	0.1206
18	0.1372	0.1959	0.0266	0.1215
19	0.1234	0.1971	0.0268	0.1223
20	0.1115	0.1984	0.0270	0.1233
21	0.1004	0.1994	0.0271	0.1239
22	0.0918	0.1996	0.0272	0.1244
23	0.0829	0.2010	0.0274	0.1251
24	0.0765	0.2017	0.0274	0.1259
25	0.0707	0.2027	0.0276	0.1266
26	0.0644	0.2046	0.0277	0.1277
27	0.0604	0.2060	0.0279	0.1285
28	0.0558	0.2064	0.0279	0.1290
29	0.0522	0.2073	0.0280	0.1296
30	0.0488	0.2071	0.0280	0.1297
31	0.0464	0.2077	0.0281	0.1302
32	0.0438	0.2088	0.0282	0.1305
33	0.0401	0.2097	0.0282	0.1305
34	0.0386	0.2101	0.0283	0.1304
35	0.0354	0.2094	0.0282	0.1306
36	0.0340	0.2094	0.0282	0.1310
37	0.0326	0.2100	0.0283	0.1316
38	0.0313	0.2104	0.0283	0.1319
39	0.0302	0.2115	0.0285	0.1327
40	0.0280	0.2116	0.0285	0.1328
41	0.0271	0.2121	0.0285	0.1330
42	0.0260	0.2126	0.0285	0.1333
43	0.0249	0.2133	0.0286	0.1337
44	0.0235	0.2132	0.0287	0.1335
45	0.0227	0.2133	0.0287	0.1339
46	0.0224	0.2144	0.0288	0.1345
47	0.0207	0.2147	0.0288	0.1346
48	0.0206	0.2150	0.0288	0.1352
49	0.0198	0.2152	0.0288	0.1356
50	0.0195	0.2159	0.0289	0.1360
51	0.0184	0.2164	0.0289	0.1365
52	0.0179	0.2170	0.0289	0.1368
53	0.0175	0.2168	0.0289	0.1368
54	0.0166	0.2176	0.0290	0.1372
55	0.0170	0.2176	0.0290	0.1374
56	0.0163	0.2178	0.0290	0.1373
57	0.0157	0.2183	0.0291	0.1372
58	0.0161	0.2186	0.0291	0.1375
59	0.0151	0.2184	0.0291	0.1375
60	0.0143	0.2192	0.0291	0.1378
61	0.0145	0.2198	0.0292	0.1382
62	0.0139	0.2201	0.0292	0.1385
63	0.0141	0.2200	0.0292	0.1385
64	0.0134	0.2199	0.0292	0.1384
65	0.0136	0.2196	0.0291	0.1384
66	0.0129	0.2197	0.0292	0.1386
67	0.0133	0.2201	0.0292	0.1389
68	0.0125	0.2199	0.0291	0.1388
69	0.0124	0.2200	0.0291	0.1389
70	0.0122	0.2199	0.0291	0.1389
71	0.0120	0.2198	0.0291	0.1388
72	0.0119	0.2192	0.0290	0.1387
73	0.0114	0.2192	0.0291	0.1389
74	0.0113	0.2201	0.0291	0.1392
75	0.0112	0.2195	0.0291	0.1390
76	0.0112	0.2196	0.0292	0.1393
77	0.0113	0.2195	0.0292	0.1393
78	0.0111	0.2194	0.0292	0.1393
79	0.0104	0.2195	0.0292	0.1393
80	0.0103	0.2202	0.0293	0.1397
81	0.0101	0.2199	0.0292	0.1396
82	0.0105	0.2200	0.0292	0.1394
83	0.0100	0.2202	0.0293	0.1398
84	0.0101	0.2201	0.0293	0.1396
85	0.0098	0.2200	0.0293	0.1396
86	0.0099	0.2209	0.0293	0.1398
87	0.0096	0.2209	0.0293	0.1399
88	0.0097	0.2210	0.0294	0.1402
89	0.0096	0.2209	0.0293	0.1402
90	0.0091	0.2213	0.0293	0.1403
91	0.0092	0.2208	0.0293	0.1403
92	0.0097	0.2215	0.0293	0.1405
93	0.0093	0.2212	0.0293	0.1403
94	0.0090	0.2215	0.0293	0.1401
95	0.0091	0.2211	0.0293	0.1400
96	0.0090	0.2215	0.0293	0.1399
97	0.0088	0.2221	0.0294	0.1402
98	0.0095	0.2221	0.0294	0.1403
99	0.0087	0.2222	0.0294	0.1404
100	0.0087	0.2217	0.0293	0.1403
101	0.0088	0.2223	0.0294	0.1406
102	0.0089	0.2224	0.0294	0.1409
103	0.0086	0.2218	0.0293	0.1410
104	0.0085	0.2222	0.0294	0.1411
105	0.0086	0.2220	0.0293	0.1413
106	0.0085	0.2223	0.0294	0.1413
107	0.0083	0.2219	0.0294	0.1414
108	0.0083	0.2215	0.0293	0.1413
109	0.0086	0.2214	0.0292	0.1411
110	0.0083	0.2216	0.0293	0.1414
111	0.0081	0.2218	0.0293	0.1416
112	0.0078	0.2224	0.0294	0.1420
113	0.0085	0.2223	0.0294	0.1421
114	0.0080	0.2223	0.0294	0.1421
115	0.0081	0.2231	0.0295	0.1423
116	0.0082	0.2225	0.0294	0.1422
117	0.0077	0.2228	0.0295	0.1426
118	0.0076	0.2226	0.0295	0.1427
119	0.0078	0.2229	0.0295	0.1429
120	0.0078	0.2230	0.0295	0.1428
121	0.0082	0.2231	0.0295	0.1429
122	0.0076	0.2232	0.0295	0.1432
123	0.0078	0.2244	0.0296	0.1432
124	0.0077	0.2237	0.0296	0.1434
125	0.0079	0.2236	0.0296	0.1436
126	0.0078	0.2232	0.0296	0.1434
127	0.0077	0.2233	0.0296	0.1434
128	0.0072	0.2234	0.0296	0.1431
129	0.0072	0.2235	0.0296	0.1432
130	0.0079	0.2233	0.0296	0.1433
131	0.0075	0.2228	0.0296	0.1430
132	0.0076	0.2231	0.0296	0.1431
133	0.0076	0.2234	0.0297	0.1431
134	0.0080	0.2239	0.0298	0.1433
135	0.0075	0.2231	0.0296	0.1431
136	0.0080	0.2227	0.0296	0.1429
137	0.0076	0.2227	0.0296	0.1430
138	0.0078	0.2232	0.0296	0.1431
139	0.0071	0.2232	0.0296	0.1432
140	0.0072	0.2231	0.0296	0.1429
141	0.0072	0.2235	0.0296	0.1429
142	0.0076	0.2229	0.0296	0.1427
143	0.0072	0.2231	0.0296	0.1429
144	0.0072	0.2233	0.0296	0.1431
145	0.0077	0.2237	0.0297	0.1432
146	0.0075	0.2230	0.0296	0.1431
147	0.0076	0.2238	0.0296	0.1432
148	0.0072	0.2236	0.0296	0.1432
149	0.0075	0.2232	0.0296	0.1430
150	0.0075	0.2229	0.0295	0.1430
