{"n_layers": 0, "device": "cuda", "batch_size": 2048, "embedding_dim": 512, "learning_rate": 0.001, "dataset": "dbbook", "epochs": 150, "top_k": 50, "multimodal": true, "datasets": {"dbbook": ["images", "text"], "ml1m": ["audio", "images", "text", "video"]}}
Epoch	Loss	Recall	Precision	NDCG
1	0.6930	0.0197	0.0025	0.0097
2	0.6861	0.0372	0.0047	0.0220
3	0.6788	0.0658	0.0085	0.0436
4	0.6691	0.1005	0.0133	0.0681
5	0.6553	0.1306	0.0176	0.0869
6	0.6359	0.1534	0.0208	0.0994
7	0.6093	0.1683	0.0229	0.1070
8	0.5750	0.1760	0.0241	0.1106
9	0.5340	0.1791	0.0247	0.1126
10	0.4884	0.1830	0.0253	0.1142
11	0.4416	0.1841	0.0256	0.1147
12	0.3966	0.1863	0.0259	0.1160
13	0.3545	0.1876	0.0260	0.1168
14	0.3178	0.1887	0.0262	0.1175
15	0.2861	0.1902	0.0264	0.1179
16	0.2573	0.1910	0.0264	0.1188
17	0.2329	0.1925	0.0266	0.1197
18	0.2123	0.1937	0.0268	0.1202
19	0.1951	0.1950	0.0270	0.1212
20	0.1766	0.1965	0.0272	0.1220
21	0.1625	0.1977	0.0274	0.1231
22	0.1512	0.1997	0.0276	0.1241
23	0.1392	0.2008	0.0277	0.1249
24	0.1285	0.2015	0.0278	0.1255
25	0.1180	0.2023	0.0279	0.1261
26	0.1099	0.2042	0.0281	0.1272
27	0.1020	0.2059	0.0282	0.1283
28	0.0952	0.2064	0.0282	0.1286
29	0.0896	0.2076	0.0283	0.1294
30	0.0831	0.2078	0.0284	0.1295
31	0.0783	0.2082	0.0285	0.1301
32	0.0734	0.2098	0.0287	0.1306
33	0.0694	0.2115	0.0288	0.1316
34	0.0653	0.2115	0.0288	0.1320
35	0.0616	0.2123	0.0288	0.1321
36	0.0582	0.2140	0.0290	0.1330
37	0.0546	0.2144	0.0291	0.1335
38	0.0526	0.2151	0.0292	0.1341
39	0.0491	0.2160	0.0293	0.1345
40	0.0476	0.2170	0.0293	0.1350
41	0.0448	0.2168	0.0293	0.1349
42	0.0425	0.2176	0.0294	0.1354
43	0.0418	0.2180	0.0294	0.1355
44	0.0400	0.2191	0.0295	0.1362
45	0.0376	0.2197	0.0295	0.1364
46	0.0358	0.2195	0.0295	0.1364
47	0.0349	0.2202	0.0295	0.1368
48	0.0336	0.2206	0.0296	0.1372
49	0.0320	0.2208	0.0296	0.1375
50	0.0304	0.2209	0.0297	0.1377
51	0.0298	0.2208	0.0297	0.1379
52	0.0280	0.2212	0.0297	0.1381
53	0.0277	0.2222	0.0298	0.1384
54	0.0272	0.2217	0.0298	0.1383
55	0.0261	0.2217	0.0298	0.1382
56	0.0258	0.2213	0.0298	0.1383
57	0.0247	0.2215	0.0298	0.1384
58	0.0236	0.2212	0.0297	0.1386
59	0.0233	0.2220	0.0298	0.1387
60	0.0220	0.2229	0.0299	0.1391
61	0.0216	0.2233	0.0299	0.1393
62	0.0213	0.2240	0.0300	0.1394
63	0.0208	0.2238	0.0299	0.1394
64	0.0200	0.2242	0.0300	0.1398
65	0.0201	0.2246	0.0300	0.1398
66	0.0194	0.2249	0.0300	0.1400
67	0.0186	0.2247	0.0300	0.1401
68	0.0186	0.2244	0.0300	0.1403
69	0.0175	0.2246	0.0300	0.1405
70	0.0175	0.2247	0.0300	0.1408
71	0.0176	0.2248	0.0300	0.1409
72	0.0162	0.2245	0.0300	0.1411
73	0.0162	0.2250	0.0301	0.1411
74	0.0162	0.2246	0.0300	0.1409
75	0.0154	0.2251	0.0300	0.1410
76	0.0155	0.2252	0.0300	0.1411
77	0.0155	0.2249	0.0300	0.1409
78	0.0149	0.2249	0.0300	0.1409
79	0.0145	0.2251	0.0301	0.1410
80	0.0143	0.2248	0.0300	0.1409
81	0.0139	0.2251	0.0300	0.1410
82	0.0137	0.2254	0.0300	0.1410
83	0.0136	0.2252	0.0300	0.1411
84	0.0137	0.2260	0.0301	0.1412
85	0.0135	0.2256	0.0301	0.1414
86	0.0133	0.2254	0.0300	0.1414
87	0.0124	0.2254	0.0300	0.1414
88	0.0129	0.2256	0.0300	0.1415
89	0.0127	0.2255	0.0300	0.1417
90	0.0127	0.2255	0.0300	0.1417
91	0.0121	0.2252	0.0300	0.1417
92	0.0120	0.2254	0.0300	0.1418
93	0.0119	0.2253	0.0301	0.1418
94	0.0116	0.2252	0.0301	0.1418
95	0.0120	0.2255	0.0301	0.1421
96	0.0114	0.2258	0.0301	0.1420
97	0.0119	0.2255	0.0301	0.1420
98	0.0112	0.2259	0.0301	0.1422
99	0.0112	0.2254	0.0301	0.1421
100	0.0109	0.2254	0.0301	0.1423
101	0.0113	0.2257	0.0301	0.1425
102	0.0107	0.2263	0.0302	0.1426
103	0.0106	0.2267	0.0302	0.1427
104	0.0107	0.2272	0.0302	0.1431
105	0.0104	0.2273	0.0303	0.1430
106	0.0106	0.2267	0.0302	0.1428
107	0.0099	0.2265	0.0302	0.1426
108	0.0104	0.2266	0.0301	0.1426
109	0.0100	0.2265	0.0301	0.1426
110	0.0102	0.2261	0.0301	0.1423
111	0.0099	0.2260	0.0301	0.1421
112	0.0097	0.2259	0.0300	0.1421
113	0.0100	0.2259	0.0300	0.1422
114	0.0105	0.2258	0.0300	0.1423
115	0.0095	0.2252	0.0300	0.1424
116	0.0095	0.2249	0.0300	0.1422
117	0.0097	0.2251	0.0300	0.1420
118	0.0096	0.2256	0.0300	0.1420
119	0.0094	0.2250	0.0300	0.1420
120	0.0089	0.2253	0.0300	0.1420
121	0.0094	0.2251	0.0299	0.1421
122	0.0089	0.2253	0.0300	0.1424
123	0.0091	0.2259	0.0300	0.1428
124	0.0091	0.2261	0.0301	0.1429
125	0.0092	0.2259	0.0300	0.1426
126	0.0093	0.2253	0.0299	0.1423
127	0.0087	0.2256	0.0300	0.1424
128	0.0088	0.2263	0.0300	0.1425
129	0.0088	0.2256	0.0300	0.1426
130	0.0083	0.2256	0.0300	0.1426
131	0.0088	0.2255	0.0300	0.1427
132	0.0091	0.2255	0.0300	0.1427
133	0.0089	0.2259	0.0300	0.1431
134	0.0088	0.2254	0.0298	0.1430
135	0.0086	0.2250	0.0298	0.1427
136	0.0084	0.2252	0.0299	0.1427
137	0.0079	0.2253	0.0299	0.1428
138	0.0083	0.2264	0.0300	0.1434
139	0.0087	0.2258	0.0299	0.1434
140	0.0079	0.2259	0.0300	0.1433
141	0.0083	0.2262	0.0300	0.1434
142	0.0083	0.2258	0.0300	0.1433
143	0.0081	0.2261	0.0300	0.1435
144	0.0083	0.2261	0.0300	0.1435
145	0.0084	0.2263	0.0300	0.1435
146	0.0085	0.2263	0.0300	0.1435
147	0.0086	0.2265	0.0299	0.1435
148	0.0082	0.2261	0.0299	0.1432
149	0.0081	0.2265	0.0300	0.1432
150	0.0078	0.2262	0.0299	0.1430
