{"n_layers": 0, "device": "cuda", "batch_size": 2048, "embedding_dim": 1024, "learning_rate": 0.001, "dataset": "dbbook", "epochs": 150, "top_k": 50, "multimodal": true, "datasets": {"dbbook": ["images", "text"], "ml1m": ["audio", "images", "text", "video"]}}
Epoch	Loss	Recall	Precision	NDCG
1	0.6932	0.0105	0.0014	0.0049
2	0.6777	0.0204	0.0028	0.0108
3	0.6598	0.0606	0.0082	0.0383
4	0.6319	0.1168	0.0158	0.0737
5	0.5887	0.1522	0.0207	0.0941
6	0.5272	0.1696	0.0233	0.1043
7	0.4518	0.1787	0.0246	0.1095
8	0.3729	0.1822	0.0252	0.1130
9	0.3010	0.1857	0.0256	0.1152
10	0.2425	0.1879	0.0260	0.1174
11	0.1964	0.1896	0.0262	0.1193
12	0.1604	0.1915	0.0265	0.1210
13	0.1333	0.1939	0.0268	0.1224
14	0.1111	0.1950	0.0268	0.1232
15	0.0940	0.1968	0.0270	0.1245
16	0.0804	0.1981	0.0271	0.1252
17	0.0701	0.2002	0.0273	0.1263
18	0.0617	0.2018	0.0275	0.1270
19	0.0530	0.2032	0.0276	0.1276
20	0.0478	0.2045	0.0278	0.1286
21	0.0423	0.2046	0.0278	0.1293
22	0.0381	0.2049	0.0279	0.1297
23	0.0342	0.2061	0.0279	0.1305
24	0.0305	0.2065	0.0279	0.1308
25	0.0288	0.2076	0.0281	0.1313
26	0.0262	0.2076	0.0281	0.1314
27	0.0246	0.2082	0.0282	0.1318
28	0.0229	0.2080	0.0282	0.1321
29	0.0210	0.2081	0.0281	0.1322
30	0.0199	0.2085	0.0281	0.1324
31	0.0186	0.2083	0.0281	0.1319
32	0.0175	0.2089	0.0282	0.1320
33	0.0167	0.2089	0.0281	0.1319
34	0.0155	0.2097	0.0282	0.1322
35	0.0148	0.2103	0.0282	0.1325
36	0.0146	0.2106	0.0282	0.1324
37	0.0135	0.2111	0.0283	0.1330
38	0.0131	0.2114	0.0284	0.1333
39	0.0125	0.2120	0.0284	0.1337
40	0.0120	0.2120	0.0284	0.1337
41	0.0115	0.2119	0.0284	0.1339
42	0.0107	0.2128	0.0285	0.1342
43	0.0108	0.2129	0.0285	0.1341
44	0.0100	0.2133	0.0286	0.1344
45	0.0105	0.2135	0.0286	0.1345
46	0.0099	0.2132	0.0285	0.1347
47	0.0095	0.2132	0.0285	0.1347
48	0.0096	0.2134	0.0286	0.1348
49	0.0089	0.2134	0.0285	0.1350
50	0.0088	0.2139	0.0285	0.1352
51	0.0085	0.2135	0.0285	0.1349
52	0.0081	0.2144	0.0286	0.1350
53	0.0082	0.2142	0.0285	0.1352
54	0.0082	0.2143	0.0286	0.1356
55	0.0077	0.2137	0.0285	0.1356
56	0.0080	0.2134	0.0285	0.1353
57	0.0076	0.2132	0.0285	0.1350
58	0.0073	0.2138	0.0285	0.1350
59	0.0076	0.2140	0.0285	0.1352
60	0.0074	0.2141	0.0285	0.1356
61	0.0075	0.2139	0.0285	0.1354
62	0.0070	0.2135	0.0285	0.1353
63	0.0070	0.2137	0.0285	0.1354
64	0.0068	0.2137	0.0285	0.1356
65	0.0071	0.2137	0.0285	0.1355
66	0.0067	0.2145	0.0286	0.1361
67	0.0066	0.2154	0.0286	0.1363
68	0.0064	0.2151	0.0286	0.1363
69	0.0062	0.2149	0.0286	0.1364
70	0.0062	0.2156	0.0286	0.1369
71	0.0063	0.2154	0.0286	0.1367
72	0.0064	0.2154	0.0286	0.1365
73	0.0067	0.2151	0.0286	0.1363
74	0.0065	0.2151	0.0286	0.1364
75	0.0058	0.2153	0.0286	0.1363
76	0.0059	0.2153	0.0286	0.1364
77	0.0059	0.2148	0.0286	0.1364
78	0.0057	0.2143	0.0285	0.1359
79	0.0060	0.2142	0.0285	0.1356
80	0.0058	0.2141	0.0285	0.1355
81	0.0057	0.2142	0.0285	0.1355
82	0.0061	0.2138	0.0285	0.1355
83	0.0057	0.2140	0.0285	0.1355
84	0.0057	0.2133	0.0284	0.1352
85	0.0056	0.2136	0.0285	0.1354
86	0.0058	0.2141	0.0285	0.1356
87	0.0056	0.2140	0.0285	0.1356
88	0.0055	0.2128	0.0284	0.1352
89	0.0061	0.2132	0.0284	0.1353
90	0.0054	0.2139	0.0284	0.1355
91	0.0059	0.2134	0.0283	0.1352
92	0.0053	0.2127	0.0282	0.1350
93	0.0058	0.2134	0.0283	0.1350
94	0.0054	0.2131	0.0283	0.1351
95	0.0053	0.2123	0.0281	0.1347
96	0.0056	0.2123	0.0282	0.1346
97	0.0052	0.2129	0.0282	0.1349
98	0.0056	0.2130	0.0282	0.1348
99	0.0051	0.2139	0.0283	0.1352
100	0.0054	0.2150	0.0284	0.1356
101	0.0052	0.2141	0.0282	0.1353
102	0.0049	0.2141	0.0282	0.1352
103	0.0050	0.2143	0.0283	0.1354
104	0.0058	0.2141	0.0283	0.1354
105	0.0058	0.2137	0.0283	0.1357
106	0.0049	0.2142	0.0283	0.1361
107	0.0057	0.2141	0.0283	0.1362
108	0.0049	0.2139	0.0283	0.1363
109	0.0053	0.2138	0.0283	0.1361
110	0.0049	0.2140	0.0283	0.1358
111	0.0053	0.2135	0.0283	0.1357
112	0.0052	0.2133	0.0282	0.1355
113	0.0052	0.2134	0.0282	0.1353
114	0.0053	0.2126	0.0282	0.1352
115	0.0050	0.2123	0.0281	0.1353
116	0.0050	0.2121	0.0281	0.1357
117	0.0055	0.2128	0.0282	0.1355
118	0.0050	0.2119	0.0281	0.1352
119	0.0052	0.2116	0.0280	0.1348
120	0.0053	0.2117	0.0280	0.1346
121	0.0053	0.2114	0.0280	0.1342
122	0.0055	0.2119	0.0280	0.1346
123	0.0051	0.2123	0.0280	0.1341
124	0.0050	0.2121	0.0280	0.1341
125	0.0048	0.2121	0.0280	0.1339
126	0.0052	0.2116	0.0280	0.1339
127	0.0053	0.2120	0.0280	0.1341
128	0.0051	0.2119	0.0279	0.1340
129	0.0048	0.2114	0.0279	0.1333
130	0.0056	0.2120	0.0279	0.1337
131	0.0051	0.2113	0.0278	0.1335
132	0.0050	0.2109	0.0278	0.1333
133	0.0056	0.2110	0.0278	0.1332
134	0.0046	0.2112	0.0278	0.1333
135	0.0050	0.2102	0.0278	0.1330
136	0.0055	0.2102	0.0278	0.1331
137	0.0050	0.2104	0.0278	0.1334
138	0.0051	0.2103	0.0278	0.1333
139	0.0052	0.2098	0.0277	0.1331
140	0.0049	0.2096	0.0277	0.1326
141	0.0050	0.2090	0.0276	0.1327
142	0.0048	0.2091	0.0276	0.1331
143	0.0052	0.2092	0.0276	0.1333
144	0.0050	0.2090	0.0276	0.1332
145	0.0053	0.2089	0.0275	0.1333
146	0.0048	0.2084	0.0275	0.1330
147	0.0051	0.2093	0.0276	0.1334
148	0.0050	0.2095	0.0276	0.1336
149	0.0049	0.2085	0.0275	0.1334
150	0.0049	0.2090	0.0276	0.1334
