{"n_layers": 2, "device": "cuda", "batch_size": 2048, "embedding_dim": 512, "learning_rate": 0.001, "dataset": "dbbook", "epochs": 150, "top_k": 20, "multimodal": false, "datasets": {"dbbook": ["images", "text"], "ml1m": ["audio", "images", "text", "video"]}}
Epoch	Loss	Recall	Precision	NDCG
1	0.6895	0.0740	0.0261	0.0509
2	0.6694	0.0669	0.0241	0.0444
3	0.6011	0.0623	0.0228	0.0414
4	0.4879	0.0607	0.0224	0.0404
5	0.3909	0.0618	0.0228	0.0410
6	0.3309	0.0638	0.0236	0.0424
7	0.2956	0.0661	0.0243	0.0443
8	0.2696	0.0693	0.0250	0.0469
9	0.2420	0.0735	0.0264	0.0499
10	0.2223	0.0759	0.0273	0.0517
11	0.2008	0.0782	0.0282	0.0540
12	0.1855	0.0808	0.0290	0.0561
13	0.1709	0.0827	0.0296	0.0578
14	0.1554	0.0847	0.0301	0.0596
15	0.1460	0.0866	0.0307	0.0615
16	0.1361	0.0893	0.0314	0.0635
17	0.1226	0.0919	0.0321	0.0650
18	0.1145	0.0939	0.0328	0.0663
19	0.1069	0.0953	0.0330	0.0675
20	0.0982	0.0966	0.0334	0.0684
21	0.0952	0.0978	0.0338	0.0697
22	0.0875	0.0995	0.0343	0.0711
23	0.0822	0.1008	0.0347	0.0722
24	0.0782	0.1020	0.0351	0.0732
25	0.0736	0.1038	0.0355	0.0743
26	0.0692	0.1050	0.0358	0.0752
27	0.0675	0.1061	0.0362	0.0763
28	0.0636	0.1077	0.0365	0.0773
29	0.0606	0.1089	0.0368	0.0783
30	0.0593	0.1100	0.0372	0.0796
31	0.0557	0.1110	0.0376	0.0805
32	0.0532	0.1120	0.0379	0.0815
33	0.0525	0.1125	0.0380	0.0820
34	0.0500	0.1136	0.0382	0.0828
35	0.0458	0.1141	0.0383	0.0834
36	0.0441	0.1156	0.0388	0.0842
37	0.0426	0.1154	0.0385	0.0840
38	0.0408	0.1165	0.0389	0.0845
39	0.0387	0.1155	0.0387	0.0841
40	0.0379	0.1165	0.0389	0.0846
41	0.0367	0.1170	0.0390	0.0851
42	0.0376	0.1178	0.0392	0.0859
43	0.0354	0.1181	0.0392	0.0864
44	0.0314	0.1181	0.0392	0.0867
45	0.0346	0.1190	0.0395	0.0875
46	0.0306	0.1192	0.0395	0.0879
47	0.0308	0.1196	0.0397	0.0886
48	0.0303	0.1203	0.0398	0.0889
49	0.0302	0.1204	0.0398	0.0889
50	0.0279	0.1203	0.0398	0.0890
51	0.0267	0.1205	0.0398	0.0894
52	0.0262	0.1203	0.0398	0.0897
53	0.0261	0.1202	0.0396	0.0898
54	0.0263	0.1205	0.0396	0.0898
55	0.0241	0.1218	0.0399	0.0902
56	0.0241	0.1214	0.0398	0.0899
57	0.0227	0.1208	0.0398	0.0900
58	0.0248	0.1216	0.0401	0.0905
59	0.0212	0.1218	0.0401	0.0904
60	0.0217	0.1225	0.0402	0.0907
61	0.0227	0.1221	0.0402	0.0907
62	0.0209	0.1230	0.0404	0.0910
63	0.0211	0.1230	0.0405	0.0913
64	0.0200	0.1225	0.0404	0.0913
65	0.0193	0.1230	0.0405	0.0915
66	0.0187	0.1230	0.0405	0.0916
67	0.0186	0.1234	0.0405	0.0919
68	0.0185	0.1232	0.0404	0.0920
69	0.0190	0.1233	0.0405	0.0922
70	0.0188	0.1238	0.0405	0.0925
71	0.0170	0.1235	0.0405	0.0926
72	0.0170	0.1235	0.0405	0.0927
73	0.0173	0.1237	0.0404	0.0927
74	0.0166	0.1232	0.0404	0.0925
75	0.0168	0.1245	0.0406	0.0931
76	0.0165	0.1240	0.0405	0.0928
77	0.0163	0.1242	0.0405	0.0928
78	0.0155	0.1241	0.0404	0.0928
79	0.0157	0.1240	0.0403	0.0928
80	0.0150	0.1244	0.0403	0.0928
81	0.0156	0.1247	0.0403	0.0929
82	0.0148	0.1244	0.0402	0.0928
83	0.0149	0.1237	0.0401	0.0925
84	0.0150	0.1243	0.0403	0.0927
85	0.0142	0.1242	0.0402	0.0926
86	0.0142	0.1243	0.0402	0.0928
87	0.0136	0.1243	0.0402	0.0929
88	0.0145	0.1246	0.0402	0.0930
89	0.0138	0.1240	0.0401	0.0928
90	0.0133	0.1247	0.0402	0.0931
91	0.0134	0.1242	0.0400	0.0928
92	0.0137	0.1247	0.0402	0.0931
93	0.0125	0.1241	0.0401	0.0930
94	0.0131	0.1243	0.0401	0.0930
95	0.0134	0.1236	0.0400	0.0930
96	0.0128	0.1237	0.0400	0.0931
97	0.0127	0.1244	0.0402	0.0934
98	0.0134	0.1245	0.0401	0.0934
99	0.0124	0.1241	0.0400	0.0931
100	0.0113	0.1242	0.0400	0.0930
101	0.0118	0.1246	0.0401	0.0934
102	0.0117	0.1247	0.0401	0.0935
103	0.0122	0.1249	0.0401	0.0936
104	0.0126	0.1250	0.0403	0.0939
105	0.0120	0.1252	0.0403	0.0939
106	0.0119	0.1251	0.0403	0.0939
107	0.0112	0.1247	0.0401	0.0936
108	0.0114	0.1250	0.0402	0.0938
109	0.0108	0.1246	0.0400	0.0937
110	0.0109	0.1246	0.0400	0.0938
111	0.0106	0.1251	0.0401	0.0941
112	0.0112	0.1253	0.0400	0.0941
113	0.0106	0.1251	0.0400	0.0941
114	0.0105	0.1253	0.0401	0.0943
115	0.0108	0.1262	0.0403	0.0948
116	0.0101	0.1263	0.0402	0.0948
117	0.0110	0.1260	0.0401	0.0947
118	0.0104	0.1262	0.0401	0.0949
119	0.0107	0.1261	0.0401	0.0949
120	0.0111	0.1252	0.0400	0.0945
121	0.0100	0.1250	0.0399	0.0944
122	0.0099	0.1248	0.0398	0.0944
123	0.0098	0.1247	0.0399	0.0945
124	0.0101	0.1250	0.0399	0.0946
125	0.0100	0.1251	0.0399	0.0946
126	0.0104	0.1244	0.0396	0.0944
127	0.0093	0.1240	0.0395	0.0943
128	0.0101	0.1243	0.0396	0.0946
129	0.0100	0.1238	0.0396	0.0945
130	0.0097	0.1243	0.0395	0.0945
131	0.0098	0.1241	0.0395	0.0944
132	0.0096	0.1240	0.0394	0.0944
133	0.0090	0.1239	0.0394	0.0943
134	0.0097	0.1237	0.0394	0.0943
135	0.0098	0.1244	0.0396	0.0946
136	0.0091	0.1242	0.0395	0.0946
137	0.0098	0.1244	0.0396	0.0948
138	0.0093	0.1241	0.0395	0.0943
139	0.0101	0.1239	0.0395	0.0943
140	0.0093	0.1244	0.0396	0.0944
141	0.0089	0.1247	0.0397	0.0947
142	0.0090	0.1251	0.0397	0.0947
143	0.0087	0.1250	0.0396	0.0944
144	0.0090	0.1241	0.0395	0.0939
145	0.0088	0.1247	0.0396	0.0944
146	0.0094	0.1248	0.0397	0.0944
147	0.0090	0.1247	0.0396	0.0944
148	0.0094	0.1250	0.0396	0.0945
149	0.0091	0.1249	0.0396	0.0943
150	0.0093	0.1245	0.0395	0.0942
