{"n_layers": 0, "device": "cuda", "batch_size": 2048, "embedding_dim": 1024, "learning_rate": 0.001, "dataset": "dbbook", "epochs": 150, "top_k": 50, "multimodal": true, "datasets": {"dbbook": ["images", "text"], "ml1m": ["audio", "images", "text", "video"]}}
Epoch	Loss	Recall	Precision	NDCG
1	0.6930	0.0202	0.0025	0.0101
2	0.6824	0.0454	0.0057	0.0284
3	0.6707	0.0837	0.0110	0.0569
4	0.6539	0.1269	0.0169	0.0836
5	0.6287	0.1560	0.0211	0.1010
6	0.5924	0.1722	0.0236	0.1093
7	0.5436	0.1811	0.0249	0.1145
8	0.4864	0.1860	0.0257	0.1170
9	0.4246	0.1908	0.0263	0.1190
10	0.3658	0.1931	0.0266	0.1207
11	0.3140	0.1949	0.0269	0.1220
12	0.2691	0.1960	0.0271	0.1231
13	0.2328	0.1978	0.0273	0.1240
14	0.2025	0.1995	0.0275	0.1251
15	0.1770	0.2015	0.0277	0.1266
16	0.1560	0.2043	0.0280	0.1279
17	0.1385	0.2047	0.0281	0.1284
18	0.1229	0.2073	0.0284	0.1298
19	0.1108	0.2082	0.0285	0.1298
20	0.0991	0.2091	0.0286	0.1301
21	0.0893	0.2101	0.0287	0.1306
22	0.0813	0.2113	0.0288	0.1315
23	0.0729	0.2128	0.0290	0.1324
24	0.0669	0.2142	0.0291	0.1333
25	0.0610	0.2152	0.0292	0.1341
26	0.0564	0.2154	0.0292	0.1348
27	0.0522	0.2158	0.0292	0.1353
28	0.0485	0.2162	0.0292	0.1356
29	0.0452	0.2170	0.0292	0.1363
30	0.0419	0.2170	0.0293	0.1365
31	0.0396	0.2177	0.0294	0.1367
32	0.0367	0.2197	0.0296	0.1376
33	0.0346	0.2206	0.0297	0.1380
34	0.0324	0.2207	0.0297	0.1381
35	0.0313	0.2209	0.0297	0.1384
36	0.0296	0.2219	0.0298	0.1390
37	0.0280	0.2216	0.0298	0.1391
38	0.0266	0.2220	0.0299	0.1397
39	0.0253	0.2232	0.0299	0.1402
40	0.0242	0.2241	0.0300	0.1407
41	0.0238	0.2239	0.0300	0.1407
42	0.0221	0.2231	0.0299	0.1403
43	0.0218	0.2231	0.0300	0.1403
44	0.0205	0.2238	0.0301	0.1408
45	0.0200	0.2242	0.0301	0.1411
46	0.0189	0.2256	0.0303	0.1416
47	0.0186	0.2260	0.0303	0.1416
48	0.0176	0.2264	0.0303	0.1419
49	0.0176	0.2262	0.0304	0.1419
50	0.0176	0.2266	0.0304	0.1420
51	0.0163	0.2267	0.0304	0.1422
52	0.0158	0.2258	0.0304	0.1422
53	0.0153	0.2259	0.0303	0.1423
54	0.0152	0.2256	0.0303	0.1423
55	0.0146	0.2261	0.0304	0.1425
56	0.0146	0.2259	0.0303	0.1426
57	0.0140	0.2259	0.0303	0.1426
58	0.0133	0.2261	0.0303	0.1429
59	0.0137	0.2260	0.0303	0.1427
60	0.0133	0.2258	0.0302	0.1426
61	0.0129	0.2263	0.0303	0.1426
62	0.0122	0.2265	0.0303	0.1427
63	0.0125	0.2268	0.0304	0.1430
64	0.0123	0.2271	0.0304	0.1431
65	0.0119	0.2272	0.0304	0.1433
66	0.0124	0.2277	0.0304	0.1434
67	0.0113	0.2269	0.0303	0.1434
68	0.0115	0.2266	0.0303	0.1435
69	0.0109	0.2272	0.0303	0.1438
70	0.0116	0.2280	0.0304	0.1446
71	0.0109	0.2271	0.0303	0.1444
72	0.0111	0.2282	0.0304	0.1449
73	0.0104	0.2280	0.0303	0.1446
74	0.0109	0.2280	0.0304	0.1447
75	0.0105	0.2285	0.0304	0.1448
76	0.0101	0.2282	0.0303	0.1448
77	0.0100	0.2280	0.0303	0.1449
78	0.0104	0.2281	0.0303	0.1449
79	0.0102	0.2279	0.0303	0.1445
80	0.0092	0.2268	0.0302	0.1442
81	0.0096	0.2271	0.0302	0.1441
82	0.0095	0.2278	0.0303	0.1442
83	0.0096	0.2282	0.0303	0.1445
84	0.0094	0.2277	0.0303	0.1445
85	0.0096	0.2271	0.0302	0.1441
86	0.0088	0.2275	0.0302	0.1442
87	0.0088	0.2276	0.0302	0.1439
88	0.0093	0.2278	0.0302	0.1441
89	0.0092	0.2265	0.0302	0.1437
90	0.0090	0.2270	0.0302	0.1440
91	0.0086	0.2274	0.0303	0.1445
92	0.0088	0.2276	0.0303	0.1447
93	0.0084	0.2278	0.0303	0.1445
94	0.0086	0.2281	0.0304	0.1450
95	0.0083	0.2279	0.0304	0.1448
96	0.0085	0.2280	0.0304	0.1449
97	0.0091	0.2275	0.0303	0.1442
98	0.0084	0.2277	0.0303	0.1439
99	0.0085	0.2276	0.0303	0.1440
100	0.0083	0.2278	0.0303	0.1441
101	0.0081	0.2279	0.0303	0.1443
102	0.0081	0.2284	0.0304	0.1445
103	0.0079	0.2289	0.0304	0.1445
104	0.0082	0.2283	0.0304	0.1441
105	0.0081	0.2280	0.0303	0.1442
106	0.0082	0.2285	0.0303	0.1444
107	0.0080	0.2278	0.0302	0.1440
108	0.0082	0.2276	0.0302	0.1438
109	0.0084	0.2280	0.0302	0.1441
110	0.0080	0.2282	0.0302	0.1443
111	0.0080	0.2278	0.0302	0.1441
112	0.0079	0.2273	0.0301	0.1439
113	0.0082	0.2274	0.0301	0.1439
114	0.0082	0.2272	0.0301	0.1439
115	0.0078	0.2270	0.0301	0.1442
116	0.0075	0.2275	0.0302	0.1444
117	0.0077	0.2273	0.0301	0.1439
118	0.0081	0.2274	0.0301	0.1437
119	0.0081	0.2283	0.0302	0.1439
120	0.0081	0.2276	0.0302	0.1438
121	0.0075	0.2274	0.0301	0.1437
122	0.0074	0.2278	0.0302	0.1440
123	0.0077	0.2284	0.0302	0.1440
124	0.0075	0.2286	0.0302	0.1443
125	0.0078	0.2292	0.0303	0.1447
126	0.0084	0.2300	0.0304	0.1451
127	0.0079	0.2298	0.0304	0.1456
128	0.0073	0.2298	0.0304	0.1456
129	0.0074	0.2298	0.0304	0.1455
130	0.0078	0.2295	0.0303	0.1450
131	0.0076	0.2295	0.0303	0.1451
132	0.0081	0.2301	0.0304	0.1452
133	0.0075	0.2302	0.0304	0.1454
134	0.0071	0.2300	0.0304	0.1451
135	0.0077	0.2301	0.0304	0.1453
136	0.0075	0.2299	0.0304	0.1453
137	0.0079	0.2298	0.0305	0.1454
138	0.0079	0.2296	0.0304	0.1456
139	0.0072	0.2300	0.0304	0.1453
140	0.0075	0.2294	0.0303	0.1451
141	0.0074	0.2293	0.0303	0.1453
142	0.0070	0.2294	0.0304	0.1454
143	0.0075	0.2288	0.0302	0.1452
144	0.0071	0.2288	0.0302	0.1451
145	0.0073	0.2282	0.0302	0.1449
146	0.0072	0.2280	0.0302	0.1447
147	0.0069	0.2279	0.0302	0.1449
148	0.0077	0.2280	0.0302	0.1450
149	0.0072	0.2281	0.0302	0.1449
150	0.0071	0.2285	0.0302	0.1449
