{"n_layers": 0, "device": "cuda", "batch_size": 2048, "embedding_dim": 1024, "learning_rate": 0.001, "dataset": "dbbook", "epochs": 150, "top_k": 5, "multimodal": true, "datasets": {"dbbook": ["images", "text"], "ml1m": ["audio", "images", "text", "video"]}}
Epoch	Loss	Recall	Precision	NDCG
1	0.6922	0.0055	0.0062	0.0072
2	0.6722	0.0130	0.0153	0.0193
3	0.6526	0.0219	0.0267	0.0326
4	0.6295	0.0290	0.0373	0.0447
5	0.5999	0.0343	0.0458	0.0544
6	0.5633	0.0389	0.0520	0.0618
7	0.5200	0.0412	0.0551	0.0653
8	0.4712	0.0425	0.0567	0.0667
9	0.4204	0.0429	0.0578	0.0681
10	0.3701	0.0445	0.0593	0.0698
11	0.3247	0.0452	0.0605	0.0711
12	0.2833	0.0455	0.0606	0.0717
13	0.2477	0.0458	0.0610	0.0721
14	0.2184	0.0455	0.0608	0.0718
15	0.1924	0.0464	0.0616	0.0727
16	0.1708	0.0469	0.0623	0.0734
17	0.1514	0.0477	0.0624	0.0737
18	0.1360	0.0491	0.0635	0.0747
19	0.1225	0.0493	0.0640	0.0754
20	0.1113	0.0499	0.0648	0.0762
21	0.1008	0.0507	0.0656	0.0771
22	0.0897	0.0513	0.0661	0.0775
23	0.0834	0.0515	0.0666	0.0780
24	0.0762	0.0517	0.0670	0.0784
25	0.0700	0.0524	0.0677	0.0791
26	0.0649	0.0526	0.0678	0.0796
27	0.0610	0.0527	0.0682	0.0799
28	0.0553	0.0528	0.0683	0.0802
29	0.0526	0.0532	0.0685	0.0807
30	0.0484	0.0536	0.0689	0.0812
31	0.0455	0.0537	0.0692	0.0813
32	0.0433	0.0542	0.0692	0.0815
33	0.0403	0.0540	0.0691	0.0816
34	0.0381	0.0540	0.0694	0.0815
35	0.0362	0.0533	0.0690	0.0809
36	0.0347	0.0536	0.0694	0.0812
37	0.0327	0.0540	0.0697	0.0816
38	0.0310	0.0536	0.0694	0.0813
39	0.0291	0.0541	0.0694	0.0812
40	0.0290	0.0533	0.0688	0.0811
41	0.0271	0.0537	0.0694	0.0816
42	0.0261	0.0538	0.0692	0.0817
43	0.0254	0.0540	0.0696	0.0818
44	0.0237	0.0545	0.0701	0.0824
45	0.0234	0.0549	0.0706	0.0828
46	0.0218	0.0552	0.0705	0.0830
47	0.0215	0.0551	0.0706	0.0830
48	0.0208	0.0548	0.0706	0.0831
49	0.0206	0.0546	0.0708	0.0833
50	0.0194	0.0555	0.0716	0.0841
51	0.0189	0.0555	0.0717	0.0845
52	0.0179	0.0559	0.0718	0.0847
53	0.0173	0.0565	0.0726	0.0850
54	0.0169	0.0567	0.0727	0.0853
55	0.0165	0.0570	0.0729	0.0854
56	0.0164	0.0569	0.0732	0.0856
57	0.0161	0.0573	0.0737	0.0861
58	0.0156	0.0579	0.0740	0.0867
59	0.0153	0.0584	0.0749	0.0873
60	0.0148	0.0591	0.0752	0.0878
61	0.0144	0.0590	0.0751	0.0880
62	0.0142	0.0586	0.0748	0.0880
63	0.0134	0.0587	0.0747	0.0879
64	0.0137	0.0584	0.0746	0.0874
65	0.0139	0.0589	0.0750	0.0880
66	0.0131	0.0590	0.0754	0.0882
67	0.0129	0.0588	0.0755	0.0878
68	0.0126	0.0591	0.0759	0.0881
69	0.0125	0.0593	0.0762	0.0882
70	0.0123	0.0592	0.0760	0.0881
71	0.0120	0.0595	0.0761	0.0881
72	0.0122	0.0596	0.0762	0.0885
73	0.0114	0.0597	0.0759	0.0886
74	0.0117	0.0598	0.0761	0.0888
75	0.0115	0.0598	0.0758	0.0885
76	0.0111	0.0599	0.0760	0.0888
77	0.0109	0.0597	0.0758	0.0888
78	0.0110	0.0599	0.0760	0.0889
79	0.0107	0.0596	0.0763	0.0893
80	0.0107	0.0596	0.0762	0.0896
81	0.0104	0.0589	0.0755	0.0889
82	0.0104	0.0594	0.0760	0.0896
83	0.0103	0.0596	0.0764	0.0900
84	0.0102	0.0596	0.0765	0.0900
85	0.0099	0.0595	0.0762	0.0899
86	0.0101	0.0600	0.0766	0.0902
87	0.0096	0.0596	0.0760	0.0898
88	0.0099	0.0602	0.0765	0.0904
89	0.0094	0.0594	0.0759	0.0898
90	0.0095	0.0602	0.0759	0.0900
91	0.0091	0.0599	0.0758	0.0899
92	0.0094	0.0595	0.0757	0.0897
93	0.0096	0.0600	0.0760	0.0901
94	0.0090	0.0604	0.0762	0.0906
95	0.0092	0.0609	0.0767	0.0909
96	0.0090	0.0606	0.0768	0.0910
97	0.0093	0.0609	0.0772	0.0911
98	0.0091	0.0602	0.0768	0.0907
99	0.0084	0.0599	0.0766	0.0904
100	0.0090	0.0599	0.0764	0.0902
101	0.0083	0.0596	0.0760	0.0901
102	0.0085	0.0597	0.0764	0.0903
103	0.0085	0.0604	0.0771	0.0910
104	0.0082	0.0610	0.0772	0.0913
105	0.0081	0.0609	0.0770	0.0912
106	0.0084	0.0612	0.0774	0.0914
107	0.0084	0.0604	0.0770	0.0911
108	0.0085	0.0603	0.0768	0.0911
109	0.0086	0.0605	0.0770	0.0910
110	0.0084	0.0606	0.0767	0.0907
111	0.0085	0.0602	0.0764	0.0901
112	0.0082	0.0604	0.0765	0.0902
113	0.0081	0.0600	0.0765	0.0903
114	0.0080	0.0604	0.0767	0.0904
115	0.0080	0.0604	0.0769	0.0906
116	0.0077	0.0605	0.0769	0.0908
117	0.0081	0.0603	0.0765	0.0908
118	0.0080	0.0597	0.0762	0.0901
119	0.0079	0.0600	0.0762	0.0902
120	0.0082	0.0594	0.0757	0.0894
121	0.0077	0.0594	0.0756	0.0892
122	0.0075	0.0594	0.0754	0.0890
123	0.0075	0.0592	0.0755	0.0889
124	0.0079	0.0593	0.0758	0.0890
125	0.0076	0.0598	0.0761	0.0893
126	0.0078	0.0599	0.0762	0.0892
127	0.0080	0.0599	0.0761	0.0889
128	0.0077	0.0597	0.0761	0.0891
129	0.0076	0.0598	0.0765	0.0895
130	0.0079	0.0599	0.0765	0.0896
131	0.0075	0.0599	0.0764	0.0896
132	0.0075	0.0598	0.0761	0.0893
133	0.0074	0.0599	0.0761	0.0897
134	0.0079	0.0609	0.0767	0.0902
135	0.0073	0.0607	0.0763	0.0898
136	0.0073	0.0608	0.0767	0.0901
137	0.0072	0.0611	0.0770	0.0903
138	0.0075	0.0607	0.0769	0.0902
139	0.0073	0.0611	0.0772	0.0907
140	0.0073	0.0606	0.0766	0.0907
141	0.0074	0.0607	0.0767	0.0906
142	0.0076	0.0608	0.0768	0.0905
143	0.0077	0.0607	0.0767	0.0904
144	0.0075	0.0608	0.0769	0.0905
145	0.0074	0.0611	0.0774	0.0905
146	0.0072	0.0612	0.0777	0.0905
147	0.0071	0.0606	0.0771	0.0901
148	0.0072	0.0610	0.0775	0.0906
149	0.0072	0.0609	0.0776	0.0910
150	0.0073	0.0615	0.0781	0.0914
