{"n_layers": 0, "device": "cuda", "batch_size": 2048, "embedding_dim": 1024, "learning_rate": 0.001, "dataset": "dbbook", "epochs": 150, "top_k": 50, "multimodal": true, "datasets": {"dbbook": ["images", "text"], "ml1m": ["audio", "images", "text", "video"]}}
Epoch	Loss	Recall	Precision	NDCG
1	0.5607	0.1171	0.0174	0.0577
2	0.4048	0.1170	0.0170	0.0575
3	0.3505	0.1171	0.0173	0.0604
4	0.3055	0.1201	0.0175	0.0633
5	0.2602	0.1279	0.0183	0.0712
6	0.2263	0.1277	0.0183	0.0697
7	0.1927	0.1253	0.0179	0.0673
8	0.1796	0.1250	0.0179	0.0677
9	0.1540	0.1314	0.0186	0.0705
10	0.1411	0.1321	0.0185	0.0734
11	0.1277	0.1280	0.0180	0.0695
12	0.1138	0.1265	0.0179	0.0677
13	0.1044	0.1301	0.0186	0.0727
14	0.1003	0.1345	0.0191	0.0731
15	0.0974	0.1346	0.0191	0.0754
16	0.0810	0.1350	0.0190	0.0738
17	0.0768	0.1351	0.0190	0.0760
18	0.0766	0.1393	0.0195	0.0787
19	0.0693	0.1389	0.0193	0.0767
20	0.0659	0.1409	0.0194	0.0772
21	0.0631	0.1410	0.0195	0.0769
22	0.0603	0.1398	0.0195	0.0778
23	0.0595	0.1432	0.0198	0.0815
24	0.0569	0.1396	0.0193	0.0764
25	0.0512	0.1383	0.0191	0.0758
26	0.0494	0.1429	0.0199	0.0791
27	0.0502	0.1427	0.0197	0.0785
28	0.0474	0.1379	0.0192	0.0747
29	0.0436	0.1392	0.0193	0.0754
30	0.0417	0.1399	0.0194	0.0768
31	0.0426	0.1406	0.0196	0.0784
32	0.0413	0.1410	0.0196	0.0779
33	0.0403	0.1378	0.0193	0.0758
34	0.0402	0.1422	0.0197	0.0784
35	0.0338	0.1390	0.0191	0.0774
36	0.0325	0.1444	0.0197	0.0778
37	0.0347	0.1457	0.0201	0.0803
38	0.0341	0.1444	0.0201	0.0819
39	0.0310	0.1454	0.0200	0.0821
40	0.0331	0.1438	0.0200	0.0784
41	0.0307	0.1413	0.0194	0.0768
42	0.0307	0.1432	0.0198	0.0785
43	0.0307	0.1463	0.0202	0.0825
44	0.0301	0.1438	0.0200	0.0798
45	0.0290	0.1371	0.0188	0.0763
46	0.0279	0.1472	0.0203	0.0812
47	0.0293	0.1398	0.0191	0.0784
48	0.0290	0.1436	0.0197	0.0814
49	0.0292	0.1394	0.0195	0.0787
50	0.0252	0.1422	0.0197	0.0785
51	0.0265	0.1422	0.0197	0.0801
52	0.0259	0.1424	0.0196	0.0799
53	0.0264	0.1412	0.0196	0.0788
54	0.0248	0.1454	0.0200	0.0810
55	0.0241	0.1416	0.0196	0.0783
56	0.0263	0.1421	0.0197	0.0789
57	0.0248	0.1386	0.0191	0.0774
58	0.0243	0.1390	0.0194	0.0788
59	0.0231	0.1408	0.0193	0.0793
60	0.0228	0.1406	0.0193	0.0789
61	0.0214	0.1447	0.0199	0.0827
62	0.0228	0.1489	0.0204	0.0835
63	0.0191	0.1400	0.0193	0.0776
64	0.0210	0.1419	0.0197	0.0796
65	0.0222	0.1466	0.0203	0.0815
66	0.0224	0.1426	0.0195	0.0791
67	0.0224	0.1413	0.0195	0.0790
68	0.0225	0.1485	0.0203	0.0817
69	0.0209	0.1507	0.0205	0.0832
70	0.0183	0.1476	0.0200	0.0806
71	0.0204	0.1498	0.0203	0.0831
72	0.0193	0.1430	0.0195	0.0800
73	0.0198	0.1453	0.0202	0.0808
74	0.0191	0.1431	0.0196	0.0815
75	0.0193	0.1421	0.0195	0.0816
76	0.0190	0.1365	0.0190	0.0779
77	0.0182	0.1413	0.0194	0.0812
78	0.0193	0.1483	0.0203	0.0841
79	0.0182	0.1465	0.0201	0.0831
80	0.0179	0.1402	0.0191	0.0789
81	0.0192	0.1424	0.0196	0.0796
82	0.0189	0.1398	0.0192	0.0794
83	0.0192	0.1414	0.0194	0.0815
84	0.0179	0.1453	0.0201	0.0825
85	0.0177	0.1457	0.0201	0.0829
86	0.0170	0.1409	0.0193	0.0804
87	0.0200	0.1475	0.0203	0.0829
88	0.0165	0.1364	0.0186	0.0781
89	0.0171	0.1462	0.0201	0.0832
90	0.0149	0.1436	0.0196	0.0824
91	0.0177	0.1452	0.0198	0.0828
92	0.0170	0.1428	0.0196	0.0812
93	0.0170	0.1484	0.0204	0.0849
94	0.0186	0.1414	0.0192	0.0818
95	0.0170	0.1442	0.0197	0.0841
96	0.0164	0.1490	0.0205	0.0861
97	0.0151	0.1391	0.0189	0.0798
98	0.0179	0.1454	0.0198	0.0835
99	0.0165	0.1406	0.0192	0.0806
100	0.0177	0.1452	0.0197	0.0830
101	0.0180	0.1429	0.0195	0.0803
102	0.0198	0.1379	0.0187	0.0775
103	0.0169	0.1495	0.0203	0.0836
104	0.0144	0.1414	0.0191	0.0807
105	0.0181	0.1471	0.0201	0.0841
106	0.0144	0.1438	0.0196	0.0827
107	0.0182	0.1445	0.0195	0.0824
108	0.0172	0.1454	0.0199	0.0836
109	0.0143	0.1424	0.0198	0.0816
110	0.0189	0.1434	0.0197	0.0822
111	0.0172	0.1428	0.0195	0.0808
112	0.0148	0.1426	0.0195	0.0813
113	0.0164	0.1372	0.0187	0.0798
114	0.0171	0.1480	0.0202	0.0844
115	0.0142	0.1446	0.0195	0.0827
116	0.0140	0.1443	0.0196	0.0819
117	0.0141	0.1378	0.0189	0.0792
118	0.0147	0.1476	0.0200	0.0841
119	0.0156	0.1411	0.0193	0.0827
120	0.0166	0.1424	0.0195	0.0837
121	0.0176	0.1445	0.0200	0.0849
122	0.0173	0.1412	0.0192	0.0827
123	0.0144	0.1457	0.0199	0.0839
124	0.0146	0.1412	0.0192	0.0801
125	0.0153	0.1410	0.0190	0.0812
126	0.0190	0.1440	0.0194	0.0821
127	0.0166	0.1395	0.0189	0.0800
128	0.0158	0.1443	0.0198	0.0826
129	0.0154	0.1435	0.0198	0.0830
130	0.0140	0.1464	0.0199	0.0840
131	0.0129	0.1409	0.0191	0.0828
132	0.0160	0.1397	0.0190	0.0813
133	0.0175	0.1464	0.0198	0.0844
134	0.0139	0.1468	0.0200	0.0831
135	0.0139	0.1393	0.0189	0.0801
136	0.0137	0.1457	0.0199	0.0848
137	0.0141	0.1434	0.0197	0.0838
138	0.0141	0.1459	0.0197	0.0849
139	0.0138	0.1427	0.0192	0.0838
140	0.0152	0.1424	0.0192	0.0836
141	0.0140	0.1442	0.0198	0.0851
142	0.0144	0.1399	0.0191	0.0814
143	0.0170	0.1407	0.0191	0.0833
144	0.0157	0.1449	0.0196	0.0838
145	0.0151	0.1398	0.0191	0.0803
146	0.0133	0.1386	0.0189	0.0806
147	0.0160	0.1477	0.0200	0.0843
148	0.0160	0.1371	0.0186	0.0793
149	0.0156	0.1387	0.0190	0.0801
150	0.0141	0.1440	0.0196	0.0821
