{"n_layers": 2, "device": "cuda", "batch_size": 2048, "embedding_dim": 256, "learning_rate": 0.0005, "dataset": "dbbook", "epochs": 150, "top_k": 10, "multimodal": false, "datasets": {"dbbook": ["images", "text"], "ml1m": ["audio", "images", "text", "video"]}}
Epoch	Loss	Recall	Precision	NDCG
1	0.6920	0.0226	0.0158	0.0225
2	0.6901	0.0389	0.0272	0.0333
3	0.6845	0.0335	0.0240	0.0294
4	0.6702	0.0304	0.0221	0.0267
5	0.6424	0.0287	0.0212	0.0256
6	0.6010	0.0288	0.0213	0.0256
7	0.5523	0.0287	0.0213	0.0257
8	0.5026	0.0288	0.0214	0.0257
9	0.4594	0.0289	0.0216	0.0258
10	0.4224	0.0289	0.0216	0.0258
11	0.3949	0.0297	0.0222	0.0265
12	0.3728	0.0298	0.0223	0.0266
13	0.3546	0.0305	0.0227	0.0271
14	0.3389	0.0307	0.0228	0.0274
15	0.3268	0.0311	0.0231	0.0278
16	0.3159	0.0319	0.0236	0.0283
17	0.3070	0.0327	0.0239	0.0288
18	0.2961	0.0336	0.0246	0.0295
19	0.2874	0.0347	0.0253	0.0304
20	0.2790	0.0355	0.0259	0.0312
21	0.2706	0.0361	0.0263	0.0317
22	0.2614	0.0363	0.0264	0.0319
23	0.2573	0.0367	0.0267	0.0322
24	0.2467	0.0374	0.0271	0.0329
25	0.2448	0.0384	0.0277	0.0339
26	0.2374	0.0391	0.0282	0.0345
27	0.2341	0.0394	0.0284	0.0350
28	0.2210	0.0398	0.0287	0.0355
29	0.2193	0.0406	0.0292	0.0360
30	0.2121	0.0416	0.0298	0.0370
31	0.2083	0.0421	0.0300	0.0376
32	0.2002	0.0430	0.0306	0.0383
33	0.1954	0.0441	0.0313	0.0395
34	0.1910	0.0451	0.0316	0.0401
35	0.1846	0.0458	0.0320	0.0406
36	0.1796	0.0462	0.0324	0.0411
37	0.1783	0.0468	0.0328	0.0418
38	0.1715	0.0476	0.0334	0.0427
39	0.1674	0.0484	0.0337	0.0433
40	0.1636	0.0485	0.0338	0.0436
41	0.1613	0.0488	0.0342	0.0441
42	0.1559	0.0487	0.0341	0.0444
43	0.1519	0.0491	0.0344	0.0447
44	0.1479	0.0498	0.0348	0.0452
45	0.1465	0.0503	0.0351	0.0456
46	0.1455	0.0508	0.0353	0.0458
47	0.1398	0.0513	0.0357	0.0463
48	0.1360	0.0521	0.0360	0.0470
49	0.1316	0.0525	0.0362	0.0474
50	0.1299	0.0526	0.0362	0.0476
51	0.1258	0.0530	0.0365	0.0480
52	0.1253	0.0537	0.0369	0.0486
53	0.1212	0.0537	0.0370	0.0487
54	0.1194	0.0540	0.0369	0.0489
55	0.1167	0.0544	0.0371	0.0491
56	0.1160	0.0551	0.0374	0.0495
57	0.1113	0.0556	0.0378	0.0499
58	0.1070	0.0561	0.0380	0.0503
59	0.1071	0.0566	0.0382	0.0507
60	0.1052	0.0569	0.0385	0.0510
61	0.1056	0.0570	0.0386	0.0512
62	0.1009	0.0576	0.0388	0.0517
63	0.0987	0.0573	0.0388	0.0516
64	0.0962	0.0578	0.0391	0.0519
65	0.0955	0.0583	0.0395	0.0523
66	0.0937	0.0583	0.0395	0.0524
67	0.0914	0.0584	0.0395	0.0525
68	0.0907	0.0590	0.0398	0.0530
69	0.0868	0.0593	0.0401	0.0534
70	0.0873	0.0595	0.0403	0.0538
71	0.0867	0.0598	0.0404	0.0541
72	0.0840	0.0600	0.0405	0.0543
73	0.0822	0.0605	0.0409	0.0546
74	0.0820	0.0607	0.0409	0.0546
75	0.0806	0.0609	0.0410	0.0550
76	0.0795	0.0606	0.0410	0.0553
77	0.0783	0.0609	0.0412	0.0557
78	0.0767	0.0614	0.0414	0.0561
79	0.0749	0.0616	0.0415	0.0563
80	0.0740	0.0617	0.0415	0.0565
81	0.0724	0.0622	0.0418	0.0569
82	0.0691	0.0626	0.0421	0.0573
83	0.0692	0.0632	0.0422	0.0576
84	0.0705	0.0638	0.0426	0.0580
85	0.0687	0.0640	0.0428	0.0582
86	0.0683	0.0639	0.0428	0.0585
87	0.0632	0.0637	0.0428	0.0586
88	0.0637	0.0640	0.0430	0.0589
89	0.0642	0.0643	0.0431	0.0591
90	0.0618	0.0647	0.0434	0.0595
91	0.0634	0.0651	0.0435	0.0598
92	0.0618	0.0655	0.0436	0.0601
93	0.0603	0.0656	0.0435	0.0603
94	0.0585	0.0653	0.0436	0.0603
95	0.0572	0.0661	0.0438	0.0607
96	0.0572	0.0664	0.0440	0.0609
97	0.0553	0.0668	0.0441	0.0612
98	0.0568	0.0677	0.0444	0.0617
99	0.0546	0.0679	0.0446	0.0622
100	0.0533	0.0677	0.0446	0.0621
101	0.0541	0.0684	0.0448	0.0624
102	0.0531	0.0689	0.0452	0.0630
103	0.0503	0.0688	0.0451	0.0631
104	0.0523	0.0687	0.0450	0.0632
105	0.0492	0.0687	0.0450	0.0634
106	0.0494	0.0690	0.0453	0.0635
107	0.0506	0.0689	0.0453	0.0635
108	0.0474	0.0691	0.0454	0.0635
109	0.0474	0.0699	0.0458	0.0639
110	0.0463	0.0706	0.0461	0.0645
111	0.0474	0.0703	0.0462	0.0645
112	0.0480	0.0704	0.0462	0.0645
113	0.0462	0.0703	0.0462	0.0646
114	0.0445	0.0700	0.0461	0.0647
115	0.0432	0.0702	0.0461	0.0646
116	0.0438	0.0703	0.0462	0.0648
117	0.0423	0.0703	0.0460	0.0648
118	0.0440	0.0702	0.0460	0.0649
119	0.0415	0.0704	0.0462	0.0650
120	0.0412	0.0709	0.0464	0.0652
121	0.0437	0.0711	0.0465	0.0654
122	0.0415	0.0712	0.0465	0.0656
123	0.0398	0.0711	0.0465	0.0656
124	0.0401	0.0714	0.0466	0.0659
125	0.0389	0.0713	0.0466	0.0658
126	0.0381	0.0715	0.0467	0.0660
127	0.0388	0.0720	0.0470	0.0663
128	0.0379	0.0720	0.0470	0.0664
129	0.0377	0.0722	0.0472	0.0665
130	0.0374	0.0723	0.0472	0.0665
131	0.0367	0.0720	0.0470	0.0664
132	0.0378	0.0720	0.0471	0.0666
133	0.0352	0.0722	0.0472	0.0668
134	0.0358	0.0722	0.0473	0.0669
135	0.0350	0.0720	0.0473	0.0669
136	0.0334	0.0727	0.0476	0.0672
137	0.0345	0.0727	0.0478	0.0674
138	0.0332	0.0727	0.0478	0.0674
139	0.0334	0.0728	0.0479	0.0677
140	0.0335	0.0729	0.0479	0.0678
141	0.0333	0.0729	0.0479	0.0680
142	0.0333	0.0735	0.0481	0.0685
143	0.0321	0.0739	0.0483	0.0687
144	0.0324	0.0741	0.0484	0.0688
145	0.0324	0.0740	0.0483	0.0688
146	0.0323	0.0742	0.0485	0.0690
147	0.0305	0.0741	0.0485	0.0689
148	0.0310	0.0742	0.0485	0.0690
149	0.0312	0.0742	0.0485	0.0690
150	0.0302	0.0744	0.0487	0.0692
