{"n_layers": 0, "device": "cuda", "batch_size": 2048, "embedding_dim": 1024, "learning_rate": 0.001, "dataset": "dbbook", "epochs": 150, "top_k": 50, "multimodal": true, "datasets": {"dbbook": ["images", "text"], "ml1m": ["audio", "images", "text", "video"]}}
Epoch	Loss	Recall	Precision	NDCG
1	0.6981	0.0110	0.0015	0.0053
2	0.6211	0.0123	0.0017	0.0060
3	0.5624	0.0164	0.0022	0.0078
4	0.5112	0.0209	0.0027	0.0103
5	0.4622	0.0264	0.0034	0.0138
6	0.4187	0.0337	0.0043	0.0183
7	0.3768	0.0414	0.0053	0.0237
8	0.3381	0.0486	0.0063	0.0293
9	0.3015	0.0579	0.0075	0.0359
10	0.2682	0.0678	0.0088	0.0427
11	0.2371	0.0767	0.0100	0.0488
12	0.2096	0.0850	0.0112	0.0546
13	0.1852	0.0934	0.0122	0.0601
14	0.1633	0.1003	0.0132	0.0646
15	0.1454	0.1068	0.0141	0.0685
16	0.1293	0.1121	0.0149	0.0722
17	0.1157	0.1167	0.0156	0.0750
18	0.1031	0.1212	0.0162	0.0778
19	0.0927	0.1259	0.0168	0.0803
20	0.0841	0.1291	0.0173	0.0823
21	0.0758	0.1322	0.0178	0.0841
22	0.0693	0.1351	0.0181	0.0856
23	0.0635	0.1378	0.0184	0.0871
24	0.0579	0.1406	0.0188	0.0887
25	0.0539	0.1428	0.0191	0.0899
26	0.0501	0.1448	0.0194	0.0911
27	0.0462	0.1462	0.0196	0.0920
28	0.0432	0.1469	0.0197	0.0926
29	0.0401	0.1489	0.0200	0.0937
30	0.0375	0.1501	0.0202	0.0946
31	0.0355	0.1511	0.0203	0.0952
32	0.0332	0.1522	0.0204	0.0958
33	0.0317	0.1530	0.0206	0.0963
34	0.0299	0.1538	0.0207	0.0967
35	0.0284	0.1544	0.0208	0.0972
36	0.0272	0.1556	0.0209	0.0980
37	0.0254	0.1567	0.0210	0.0986
38	0.0240	0.1577	0.0212	0.0993
39	0.0234	0.1578	0.0212	0.0996
40	0.0220	0.1592	0.0214	0.1003
41	0.0214	0.1603	0.0215	0.1008
42	0.0205	0.1607	0.0216	0.1010
43	0.0198	0.1614	0.0217	0.1014
44	0.0188	0.1620	0.0217	0.1018
45	0.0185	0.1634	0.0219	0.1023
46	0.0179	0.1636	0.0219	0.1026
47	0.0173	0.1649	0.0221	0.1033
48	0.0165	0.1649	0.0221	0.1036
49	0.0160	0.1656	0.0222	0.1040
50	0.0154	0.1662	0.0223	0.1042
51	0.0149	0.1671	0.0224	0.1048
52	0.0149	0.1671	0.0224	0.1049
53	0.0140	0.1672	0.0225	0.1052
54	0.0139	0.1674	0.0225	0.1054
55	0.0136	0.1683	0.0226	0.1060
56	0.0134	0.1690	0.0227	0.1065
57	0.0128	0.1688	0.0227	0.1067
58	0.0126	0.1692	0.0228	0.1070
59	0.0124	0.1697	0.0228	0.1072
60	0.0121	0.1700	0.0228	0.1073
61	0.0122	0.1706	0.0229	0.1076
62	0.0119	0.1711	0.0229	0.1078
63	0.0111	0.1718	0.0230	0.1080
64	0.0108	0.1714	0.0230	0.1080
65	0.0107	0.1715	0.0230	0.1081
66	0.0110	0.1718	0.0230	0.1083
67	0.0104	0.1722	0.0231	0.1085
68	0.0107	0.1731	0.0231	0.1088
69	0.0098	0.1735	0.0232	0.1091
70	0.0101	0.1738	0.0232	0.1092
71	0.0099	0.1742	0.0233	0.1094
72	0.0097	0.1751	0.0233	0.1097
73	0.0094	0.1753	0.0233	0.1100
74	0.0090	0.1754	0.0234	0.1100
75	0.0091	0.1760	0.0235	0.1102
76	0.0092	0.1763	0.0235	0.1103
77	0.0091	0.1760	0.0235	0.1106
78	0.0088	0.1765	0.0236	0.1108
79	0.0091	0.1767	0.0236	0.1107
80	0.0085	0.1771	0.0236	0.1109
81	0.0086	0.1772	0.0236	0.1112
82	0.0085	0.1773	0.0236	0.1113
83	0.0083	0.1775	0.0237	0.1113
84	0.0088	0.1769	0.0236	0.1112
85	0.0083	0.1769	0.0236	0.1112
86	0.0082	0.1775	0.0237	0.1115
87	0.0082	0.1774	0.0237	0.1115
88	0.0079	0.1776	0.0237	0.1115
89	0.0080	0.1776	0.0237	0.1117
90	0.0079	0.1781	0.0238	0.1120
91	0.0079	0.1786	0.0238	0.1122
92	0.0076	0.1789	0.0238	0.1125
93	0.0076	0.1793	0.0238	0.1125
94	0.0078	0.1793	0.0238	0.1124
95	0.0078	0.1793	0.0239	0.1125
96	0.0070	0.1795	0.0239	0.1124
97	0.0076	0.1797	0.0239	0.1125
98	0.0077	0.1798	0.0239	0.1126
99	0.0070	0.1796	0.0239	0.1125
100	0.0069	0.1798	0.0239	0.1126
101	0.0072	0.1802	0.0240	0.1131
102	0.0069	0.1802	0.0240	0.1134
103	0.0071	0.1800	0.0240	0.1132
104	0.0070	0.1800	0.0240	0.1131
105	0.0069	0.1793	0.0239	0.1131
106	0.0074	0.1797	0.0240	0.1135
107	0.0071	0.1802	0.0241	0.1137
108	0.0068	0.1802	0.0241	0.1138
109	0.0071	0.1808	0.0241	0.1138
110	0.0067	0.1810	0.0241	0.1139
111	0.0068	0.1819	0.0242	0.1142
112	0.0067	0.1816	0.0242	0.1142
113	0.0069	0.1818	0.0242	0.1142
114	0.0067	0.1818	0.0242	0.1143
115	0.0066	0.1818	0.0242	0.1143
116	0.0066	0.1819	0.0242	0.1146
117	0.0064	0.1817	0.0242	0.1146
118	0.0068	0.1814	0.0242	0.1146
119	0.0068	0.1824	0.0243	0.1150
120	0.0063	0.1825	0.0243	0.1152
121	0.0067	0.1823	0.0243	0.1152
122	0.0068	0.1825	0.0243	0.1153
123	0.0067	0.1825	0.0243	0.1153
124	0.0068	0.1830	0.0244	0.1156
125	0.0061	0.1832	0.0244	0.1158
126	0.0066	0.1826	0.0244	0.1156
127	0.0066	0.1828	0.0244	0.1155
128	0.0065	0.1829	0.0244	0.1155
129	0.0068	0.1828	0.0244	0.1155
130	0.0064	0.1829	0.0244	0.1159
131	0.0064	0.1824	0.0243	0.1158
132	0.0062	0.1828	0.0244	0.1162
133	0.0065	0.1829	0.0244	0.1164
134	0.0064	0.1836	0.0245	0.1167
135	0.0060	0.1838	0.0245	0.1169
136	0.0066	0.1841	0.0245	0.1171
137	0.0061	0.1842	0.0245	0.1173
138	0.0060	0.1840	0.0245	0.1173
139	0.0063	0.1851	0.0246	0.1176
140	0.0061	0.1848	0.0246	0.1176
141	0.0057	0.1852	0.0246	0.1178
142	0.0065	0.1852	0.0246	0.1180
143	0.0067	0.1854	0.0247	0.1179
144	0.0066	0.1851	0.0247	0.1176
145	0.0059	0.1855	0.0247	0.1175
146	0.0063	0.1857	0.0247	0.1176
147	0.0061	0.1863	0.0248	0.1178
148	0.0057	0.1865	0.0248	0.1177
149	0.0061	0.1862	0.0248	0.1177
150	0.0061	0.1864	0.0247	0.1177
