{"n_layers": 1, "device": "cuda", "batch_size": 2048, "embedding_dim": 256, "learning_rate": 0.001, "dataset": "dbbook", "epochs": 150, "top_k": 50, "multimodal": true, "datasets": {"dbbook": ["images", "text"], "ml1m": ["audio", "images", "text", "video"]}}
Epoch	Loss	Recall	Precision	NDCG
1	0.6917	0.0406	0.0052	0.0245
2	0.6863	0.0888	0.0119	0.0585
3	0.6787	0.1321	0.0179	0.0847
4	0.6666	0.1574	0.0216	0.0956
5	0.6479	0.1683	0.0233	0.0979
6	0.6204	0.1716	0.0239	0.0963
7	0.5841	0.1695	0.0238	0.0939
8	0.5400	0.1682	0.0236	0.0914
9	0.4932	0.1650	0.0233	0.0888
10	0.4471	0.1637	0.0230	0.0876
11	0.4033	0.1631	0.0230	0.0873
12	0.3662	0.1628	0.0230	0.0870
13	0.3340	0.1630	0.0230	0.0872
14	0.3059	0.1635	0.0231	0.0877
15	0.2814	0.1641	0.0232	0.0880
16	0.2607	0.1650	0.0233	0.0887
17	0.2417	0.1665	0.0236	0.0897
18	0.2255	0.1680	0.0238	0.0905
19	0.2121	0.1690	0.0239	0.0913
20	0.1984	0.1702	0.0240	0.0921
21	0.1872	0.1720	0.0242	0.0933
22	0.1765	0.1722	0.0243	0.0939
23	0.1675	0.1743	0.0245	0.0950
24	0.1580	0.1769	0.0249	0.0961
25	0.1484	0.1780	0.0250	0.0970
26	0.1437	0.1795	0.0252	0.0978
27	0.1362	0.1802	0.0253	0.0985
28	0.1298	0.1814	0.0255	0.0996
29	0.1228	0.1829	0.0256	0.1004
30	0.1175	0.1847	0.0258	0.1012
31	0.1127	0.1862	0.0259	0.1019
32	0.1091	0.1872	0.0260	0.1026
33	0.1042	0.1884	0.0262	0.1034
34	0.1015	0.1901	0.0263	0.1045
35	0.0943	0.1910	0.0264	0.1053
36	0.0921	0.1912	0.0265	0.1057
37	0.0901	0.1924	0.0266	0.1065
38	0.0846	0.1935	0.0268	0.1072
39	0.0831	0.1952	0.0269	0.1082
40	0.0804	0.1971	0.0272	0.1092
41	0.0768	0.1981	0.0273	0.1099
42	0.0724	0.1995	0.0274	0.1104
43	0.0721	0.2003	0.0274	0.1109
44	0.0684	0.2013	0.0276	0.1116
45	0.0693	0.2019	0.0276	0.1121
46	0.0648	0.2030	0.0278	0.1127
47	0.0608	0.2038	0.0279	0.1132
48	0.0619	0.2042	0.0279	0.1137
49	0.0579	0.2051	0.0280	0.1143
50	0.0572	0.2054	0.0280	0.1147
51	0.0551	0.2059	0.0280	0.1153
52	0.0541	0.2066	0.0281	0.1158
53	0.0530	0.2067	0.0281	0.1163
54	0.0536	0.2077	0.0282	0.1166
55	0.0502	0.2078	0.0283	0.1169
56	0.0492	0.2081	0.0283	0.1171
57	0.0471	0.2077	0.0283	0.1173
58	0.0471	0.2079	0.0283	0.1174
59	0.0455	0.2087	0.0284	0.1179
60	0.0456	0.2091	0.0284	0.1183
61	0.0428	0.2101	0.0285	0.1185
62	0.0429	0.2106	0.0285	0.1188
63	0.0431	0.2112	0.0286	0.1192
64	0.0421	0.2118	0.0287	0.1199
65	0.0405	0.2121	0.0287	0.1201
66	0.0389	0.2128	0.0288	0.1206
67	0.0384	0.2131	0.0288	0.1209
68	0.0372	0.2135	0.0289	0.1212
69	0.0370	0.2135	0.0288	0.1214
70	0.0353	0.2137	0.0288	0.1215
71	0.0358	0.2142	0.0289	0.1219
72	0.0340	0.2145	0.0289	0.1221
73	0.0342	0.2147	0.0289	0.1223
74	0.0327	0.2148	0.0289	0.1225
75	0.0330	0.2159	0.0290	0.1228
76	0.0314	0.2162	0.0291	0.1230
77	0.0316	0.2157	0.0290	0.1229
78	0.0314	0.2165	0.0291	0.1233
79	0.0293	0.2166	0.0291	0.1236
80	0.0297	0.2166	0.0291	0.1237
81	0.0305	0.2169	0.0291	0.1237
82	0.0285	0.2165	0.0290	0.1236
83	0.0286	0.2164	0.0290	0.1238
84	0.0277	0.2168	0.0290	0.1242
85	0.0275	0.2170	0.0290	0.1244
86	0.0276	0.2172	0.0290	0.1245
87	0.0261	0.2168	0.0290	0.1245
88	0.0259	0.2169	0.0290	0.1246
89	0.0261	0.2166	0.0289	0.1244
90	0.0268	0.2166	0.0289	0.1245
91	0.0248	0.2166	0.0289	0.1246
92	0.0251	0.2166	0.0289	0.1248
93	0.0245	0.2168	0.0289	0.1250
94	0.0244	0.2175	0.0290	0.1253
95	0.0232	0.2167	0.0289	0.1251
96	0.0222	0.2170	0.0289	0.1251
97	0.0234	0.2173	0.0289	0.1251
98	0.0222	0.2169	0.0288	0.1250
99	0.0227	0.2174	0.0289	0.1252
100	0.0225	0.2175	0.0289	0.1251
101	0.0209	0.2167	0.0288	0.1250
102	0.0213	0.2166	0.0288	0.1251
103	0.0225	0.2172	0.0288	0.1253
104	0.0216	0.2178	0.0289	0.1257
105	0.0211	0.2178	0.0289	0.1258
106	0.0207	0.2177	0.0288	0.1258
107	0.0205	0.2177	0.0288	0.1258
108	0.0201	0.2177	0.0289	0.1259
109	0.0198	0.2174	0.0288	0.1260
110	0.0205	0.2173	0.0288	0.1258
111	0.0194	0.2173	0.0288	0.1260
112	0.0192	0.2173	0.0288	0.1259
113	0.0186	0.2172	0.0288	0.1258
114	0.0187	0.2173	0.0288	0.1259
115	0.0189	0.2177	0.0288	0.1261
116	0.0186	0.2183	0.0289	0.1261
117	0.0188	0.2179	0.0288	0.1260
118	0.0183	0.2177	0.0288	0.1261
119	0.0182	0.2179	0.0288	0.1262
120	0.0187	0.2178	0.0288	0.1263
121	0.0175	0.2175	0.0288	0.1262
122	0.0171	0.2175	0.0288	0.1263
123	0.0170	0.2178	0.0288	0.1264
124	0.0172	0.2177	0.0288	0.1266
125	0.0171	0.2178	0.0287	0.1266
126	0.0174	0.2180	0.0288	0.1267
127	0.0170	0.2176	0.0287	0.1265
128	0.0175	0.2176	0.0287	0.1264
129	0.0168	0.2176	0.0287	0.1265
130	0.0161	0.2177	0.0287	0.1266
131	0.0162	0.2172	0.0287	0.1266
132	0.0165	0.2170	0.0286	0.1266
133	0.0152	0.2173	0.0286	0.1266
134	0.0150	0.2182	0.0287	0.1269
135	0.0162	0.2177	0.0286	0.1268
136	0.0156	0.2177	0.0286	0.1268
137	0.0152	0.2174	0.0286	0.1268
138	0.0158	0.2175	0.0285	0.1268
139	0.0155	0.2171	0.0285	0.1268
140	0.0153	0.2167	0.0285	0.1266
141	0.0158	0.2163	0.0284	0.1265
142	0.0148	0.2162	0.0284	0.1266
143	0.0151	0.2165	0.0285	0.1268
144	0.0143	0.2166	0.0284	0.1269
145	0.0149	0.2163	0.0284	0.1266
146	0.0147	0.2164	0.0284	0.1266
147	0.0148	0.2160	0.0284	0.1266
148	0.0150	0.2155	0.0283	0.1265
149	0.0151	0.2155	0.0283	0.1265
150	0.0143	0.2153	0.0283	0.1264
