{"n_layers": 2, "device": "cuda", "batch_size": 2048, "embedding_dim": 256, "learning_rate": 0.0005, "dataset": "dbbook", "epochs": 150, "top_k": 20, "multimodal": false, "datasets": {"dbbook": ["images", "text"], "ml1m": ["audio", "images", "text", "video"]}}
Epoch	Loss	Recall	Precision	NDCG
1	0.6920	0.0379	0.0133	0.0295
2	0.6900	0.0672	0.0247	0.0469
3	0.6841	0.0676	0.0247	0.0457
4	0.6693	0.0648	0.0240	0.0431
5	0.6408	0.0626	0.0231	0.0411
6	0.5992	0.0612	0.0228	0.0402
7	0.5505	0.0599	0.0224	0.0393
8	0.5011	0.0598	0.0222	0.0391
9	0.4572	0.0600	0.0222	0.0392
10	0.4215	0.0599	0.0222	0.0393
11	0.3943	0.0600	0.0222	0.0395
12	0.3734	0.0597	0.0222	0.0395
13	0.3566	0.0606	0.0225	0.0402
14	0.3411	0.0619	0.0228	0.0408
15	0.3259	0.0629	0.0231	0.0415
16	0.3170	0.0636	0.0233	0.0421
17	0.3061	0.0637	0.0234	0.0424
18	0.2972	0.0639	0.0235	0.0427
19	0.2874	0.0640	0.0236	0.0430
20	0.2823	0.0646	0.0238	0.0435
21	0.2743	0.0655	0.0242	0.0442
22	0.2660	0.0671	0.0245	0.0450
23	0.2604	0.0683	0.0249	0.0458
24	0.2544	0.0705	0.0254	0.0472
25	0.2464	0.0719	0.0259	0.0482
26	0.2406	0.0722	0.0261	0.0487
27	0.2325	0.0731	0.0264	0.0495
28	0.2262	0.0737	0.0266	0.0500
29	0.2190	0.0745	0.0269	0.0506
30	0.2156	0.0749	0.0271	0.0511
31	0.2094	0.0758	0.0274	0.0518
32	0.2041	0.0769	0.0277	0.0526
33	0.1992	0.0775	0.0279	0.0533
34	0.1937	0.0783	0.0282	0.0541
35	0.1932	0.0790	0.0283	0.0547
36	0.1811	0.0793	0.0284	0.0550
37	0.1782	0.0796	0.0285	0.0552
38	0.1754	0.0800	0.0286	0.0556
39	0.1714	0.0804	0.0288	0.0560
40	0.1648	0.0808	0.0289	0.0567
41	0.1610	0.0821	0.0292	0.0573
42	0.1554	0.0829	0.0295	0.0579
43	0.1556	0.0837	0.0296	0.0584
44	0.1535	0.0842	0.0298	0.0589
45	0.1445	0.0850	0.0301	0.0596
46	0.1483	0.0858	0.0304	0.0603
47	0.1412	0.0862	0.0304	0.0607
48	0.1351	0.0871	0.0307	0.0613
49	0.1333	0.0872	0.0307	0.0615
50	0.1311	0.0880	0.0309	0.0619
51	0.1306	0.0885	0.0311	0.0623
52	0.1267	0.0891	0.0312	0.0626
53	0.1232	0.0893	0.0314	0.0631
54	0.1182	0.0895	0.0315	0.0633
55	0.1185	0.0900	0.0316	0.0637
56	0.1157	0.0901	0.0317	0.0640
57	0.1134	0.0909	0.0320	0.0647
58	0.1083	0.0917	0.0323	0.0652
59	0.1074	0.0913	0.0322	0.0651
60	0.1061	0.0924	0.0324	0.0657
61	0.1043	0.0932	0.0327	0.0662
62	0.1010	0.0937	0.0328	0.0663
63	0.1002	0.0941	0.0329	0.0667
64	0.0978	0.0945	0.0330	0.0670
65	0.0963	0.0953	0.0332	0.0673
66	0.0964	0.0956	0.0332	0.0675
67	0.0916	0.0960	0.0334	0.0678
68	0.0891	0.0965	0.0335	0.0682
69	0.0903	0.0968	0.0337	0.0685
70	0.0883	0.0971	0.0338	0.0688
71	0.0847	0.0976	0.0340	0.0692
72	0.0836	0.0978	0.0340	0.0695
73	0.0840	0.0990	0.0343	0.0700
74	0.0813	0.0993	0.0344	0.0703
75	0.0823	0.0999	0.0345	0.0706
76	0.0782	0.1002	0.0345	0.0709
77	0.0773	0.1003	0.0346	0.0712
78	0.0746	0.1010	0.0348	0.0717
79	0.0729	0.1014	0.0349	0.0720
80	0.0726	0.1019	0.0350	0.0724
81	0.0719	0.1021	0.0350	0.0725
82	0.0731	0.1024	0.0351	0.0727
83	0.0701	0.1030	0.0352	0.0730
84	0.0683	0.1042	0.0354	0.0735
85	0.0689	0.1038	0.0353	0.0735
86	0.0657	0.1041	0.0354	0.0738
87	0.0662	0.1042	0.0355	0.0741
88	0.0639	0.1044	0.0356	0.0744
89	0.0644	0.1044	0.0356	0.0745
90	0.0632	0.1050	0.0357	0.0749
91	0.0610	0.1051	0.0358	0.0752
92	0.0608	0.1054	0.0358	0.0754
93	0.0583	0.1059	0.0360	0.0757
94	0.0588	0.1059	0.0360	0.0757
95	0.0582	0.1063	0.0361	0.0760
96	0.0552	0.1067	0.0362	0.0764
97	0.0559	0.1067	0.0362	0.0765
98	0.0558	0.1069	0.0363	0.0767
99	0.0541	0.1075	0.0364	0.0770
100	0.0537	0.1076	0.0364	0.0772
101	0.0532	0.1076	0.0364	0.0774
102	0.0530	0.1082	0.0365	0.0777
103	0.0517	0.1091	0.0367	0.0782
104	0.0510	0.1097	0.0369	0.0785
105	0.0526	0.1098	0.0369	0.0787
106	0.0511	0.1101	0.0369	0.0790
107	0.0499	0.1107	0.0371	0.0795
108	0.0492	0.1111	0.0372	0.0799
109	0.0470	0.1116	0.0374	0.0802
110	0.0465	0.1114	0.0374	0.0801
111	0.0476	0.1110	0.0372	0.0800
112	0.0464	0.1116	0.0373	0.0803
113	0.0458	0.1116	0.0373	0.0804
114	0.0460	0.1117	0.0373	0.0805
115	0.0442	0.1121	0.0374	0.0808
116	0.0444	0.1118	0.0375	0.0808
117	0.0412	0.1126	0.0377	0.0811
118	0.0423	0.1126	0.0377	0.0813
119	0.0414	0.1125	0.0377	0.0814
120	0.0401	0.1129	0.0377	0.0817
121	0.0432	0.1133	0.0379	0.0819
122	0.0397	0.1142	0.0380	0.0824
123	0.0399	0.1139	0.0381	0.0824
124	0.0406	0.1146	0.0382	0.0826
125	0.0391	0.1151	0.0383	0.0828
126	0.0398	0.1149	0.0383	0.0828
127	0.0390	0.1153	0.0384	0.0831
128	0.0379	0.1153	0.0384	0.0832
129	0.0383	0.1161	0.0386	0.0838
130	0.0367	0.1159	0.0384	0.0837
131	0.0368	0.1159	0.0385	0.0838
132	0.0356	0.1159	0.0385	0.0839
133	0.0352	0.1153	0.0384	0.0837
134	0.0343	0.1154	0.0384	0.0838
135	0.0351	0.1154	0.0385	0.0839
136	0.0364	0.1156	0.0385	0.0839
137	0.0347	0.1155	0.0385	0.0840
138	0.0325	0.1151	0.0384	0.0838
139	0.0331	0.1159	0.0386	0.0841
140	0.0328	0.1157	0.0386	0.0842
141	0.0318	0.1160	0.0386	0.0844
142	0.0325	0.1162	0.0387	0.0847
143	0.0335	0.1165	0.0388	0.0849
144	0.0311	0.1168	0.0387	0.0852
145	0.0319	0.1168	0.0388	0.0853
146	0.0298	0.1169	0.0388	0.0853
147	0.0311	0.1171	0.0389	0.0854
148	0.0308	0.1168	0.0388	0.0855
149	0.0304	0.1170	0.0389	0.0856
150	0.0300	0.1169	0.0389	0.0857
