{"n_layers": 0, "device": "cuda", "batch_size": 2048, "embedding_dim": 64, "learning_rate": 0.001, "dataset": "dbbook", "epochs": 150, "top_k": 50, "multimodal": true, "datasets": {"dbbook": ["images", "text"], "ml1m": ["audio", "images", "text", "video"]}}
Epoch	Loss	Recall	Precision	NDCG
1	0.6931	0.0117	0.0016	0.0055
2	0.6918	0.0175	0.0023	0.0088
3	0.6905	0.0288	0.0037	0.0161
4	0.6889	0.0458	0.0060	0.0283
5	0.6867	0.0646	0.0086	0.0416
6	0.6839	0.0869	0.0118	0.0557
7	0.6800	0.1065	0.0146	0.0667
8	0.6749	0.1216	0.0168	0.0755
9	0.6683	0.1346	0.0185	0.0820
10	0.6599	0.1411	0.0196	0.0864
11	0.6495	0.1462	0.0204	0.0897
12	0.6372	0.1512	0.0211	0.0921
13	0.6228	0.1537	0.0215	0.0933
14	0.6065	0.1562	0.0219	0.0948
15	0.5882	0.1577	0.0222	0.0958
16	0.5690	0.1595	0.0225	0.0963
17	0.5484	0.1609	0.0227	0.0967
18	0.5274	0.1622	0.0229	0.0970
19	0.5070	0.1634	0.0231	0.0977
20	0.4859	0.1643	0.0232	0.0982
21	0.4657	0.1650	0.0233	0.0986
22	0.4458	0.1655	0.0235	0.0991
23	0.4282	0.1657	0.0235	0.0993
24	0.4109	0.1670	0.0236	0.0999
25	0.3946	0.1680	0.0237	0.1005
26	0.3781	0.1684	0.0238	0.1007
27	0.3642	0.1684	0.0238	0.1007
28	0.3505	0.1694	0.0239	0.1011
29	0.3382	0.1703	0.0240	0.1013
30	0.3277	0.1719	0.0241	0.1017
31	0.3157	0.1723	0.0242	0.1020
32	0.3064	0.1728	0.0243	0.1021
33	0.2954	0.1727	0.0243	0.1022
34	0.2855	0.1740	0.0244	0.1027
35	0.2777	0.1744	0.0245	0.1028
36	0.2682	0.1743	0.0245	0.1031
37	0.2609	0.1745	0.0245	0.1032
38	0.2537	0.1748	0.0245	0.1035
39	0.2459	0.1754	0.0246	0.1037
40	0.2406	0.1758	0.0247	0.1040
41	0.2341	0.1757	0.0247	0.1041
42	0.2279	0.1768	0.0248	0.1044
43	0.2224	0.1770	0.0248	0.1046
44	0.2146	0.1775	0.0249	0.1049
45	0.2101	0.1781	0.0250	0.1052
46	0.2056	0.1788	0.0250	0.1059
47	0.2012	0.1793	0.0251	0.1059
48	0.1958	0.1799	0.0251	0.1062
49	0.1913	0.1803	0.0252	0.1066
50	0.1860	0.1804	0.0252	0.1068
51	0.1832	0.1809	0.0253	0.1069
52	0.1771	0.1807	0.0253	0.1068
53	0.1739	0.1819	0.0253	0.1071
54	0.1707	0.1825	0.0254	0.1075
55	0.1663	0.1824	0.0254	0.1075
56	0.1610	0.1830	0.0254	0.1075
57	0.1580	0.1835	0.0254	0.1076
58	0.1553	0.1832	0.0254	0.1076
59	0.1542	0.1841	0.0255	0.1078
60	0.1481	0.1848	0.0256	0.1081
61	0.1454	0.1843	0.0256	0.1081
62	0.1408	0.1840	0.0256	0.1081
63	0.1377	0.1847	0.0257	0.1084
64	0.1358	0.1850	0.0257	0.1086
65	0.1342	0.1852	0.0257	0.1088
66	0.1312	0.1852	0.0257	0.1089
67	0.1274	0.1857	0.0257	0.1090
68	0.1244	0.1863	0.0258	0.1092
69	0.1218	0.1856	0.0257	0.1090
70	0.1203	0.1869	0.0258	0.1095
71	0.1181	0.1882	0.0259	0.1099
72	0.1171	0.1877	0.0259	0.1101
73	0.1133	0.1869	0.0259	0.1100
74	0.1105	0.1877	0.0260	0.1101
75	0.1092	0.1888	0.0261	0.1102
76	0.1082	0.1886	0.0260	0.1103
77	0.1036	0.1891	0.0261	0.1104
78	0.1016	0.1891	0.0260	0.1105
79	0.1012	0.1892	0.0261	0.1107
80	0.0988	0.1897	0.0262	0.1110
81	0.0965	0.1897	0.0261	0.1112
82	0.0945	0.1899	0.0261	0.1112
83	0.0943	0.1905	0.0262	0.1116
84	0.0917	0.1903	0.0262	0.1116
85	0.0888	0.1904	0.0262	0.1117
86	0.0900	0.1907	0.0262	0.1120
87	0.0857	0.1908	0.0263	0.1122
88	0.0842	0.1913	0.0263	0.1124
89	0.0841	0.1915	0.0263	0.1124
90	0.0808	0.1917	0.0264	0.1126
91	0.0808	0.1915	0.0263	0.1128
92	0.0803	0.1920	0.0264	0.1129
93	0.0788	0.1921	0.0264	0.1129
94	0.0778	0.1921	0.0264	0.1130
95	0.0768	0.1920	0.0264	0.1131
96	0.0743	0.1922	0.0264	0.1131
97	0.0732	0.1925	0.0264	0.1132
98	0.0724	0.1931	0.0265	0.1135
99	0.0701	0.1937	0.0265	0.1137
100	0.0695	0.1941	0.0266	0.1139
101	0.0695	0.1948	0.0267	0.1143
102	0.0665	0.1950	0.0267	0.1145
103	0.0670	0.1944	0.0267	0.1144
104	0.0646	0.1949	0.0267	0.1144
105	0.0651	0.1952	0.0267	0.1143
106	0.0640	0.1948	0.0267	0.1141
107	0.0621	0.1947	0.0267	0.1142
108	0.0626	0.1947	0.0267	0.1144
109	0.0613	0.1947	0.0267	0.1144
110	0.0601	0.1947	0.0267	0.1144
111	0.0597	0.1950	0.0267	0.1145
112	0.0581	0.1945	0.0267	0.1145
113	0.0587	0.1947	0.0267	0.1145
114	0.0567	0.1945	0.0267	0.1147
115	0.0562	0.1946	0.0267	0.1147
116	0.0563	0.1944	0.0267	0.1148
117	0.0553	0.1943	0.0267	0.1147
118	0.0539	0.1943	0.0267	0.1149
119	0.0524	0.1943	0.0267	0.1150
120	0.0516	0.1947	0.0268	0.1151
121	0.0523	0.1952	0.0268	0.1153
122	0.0512	0.1950	0.0268	0.1154
123	0.0503	0.1954	0.0268	0.1156
124	0.0488	0.1958	0.0268	0.1158
125	0.0485	0.1959	0.0269	0.1162
126	0.0491	0.1965	0.0269	0.1165
127	0.0475	0.1971	0.0269	0.1167
128	0.0463	0.1971	0.0269	0.1168
129	0.0460	0.1974	0.0269	0.1167
130	0.0456	0.1973	0.0269	0.1167
131	0.0456	0.1971	0.0269	0.1168
132	0.0453	0.1972	0.0269	0.1168
133	0.0456	0.1974	0.0270	0.1169
134	0.0443	0.1981	0.0270	0.1170
135	0.0429	0.1983	0.0270	0.1172
136	0.0439	0.1982	0.0270	0.1173
137	0.0422	0.1983	0.0270	0.1174
138	0.0407	0.1984	0.0270	0.1176
139	0.0407	0.1985	0.0270	0.1176
140	0.0406	0.1989	0.0271	0.1179
141	0.0404	0.1992	0.0271	0.1179
142	0.0398	0.1989	0.0271	0.1181
143	0.0389	0.1986	0.0270	0.1182
144	0.0389	0.1985	0.0270	0.1181
145	0.0380	0.1985	0.0270	0.1179
146	0.0386	0.1990	0.0271	0.1180
147	0.0376	0.1990	0.0270	0.1179
148	0.0369	0.1986	0.0270	0.1177
149	0.0362	0.1987	0.0270	0.1177
150	0.0368	0.1991	0.0270	0.1178
