{"n_layers": 0, "device": "cuda", "batch_size": 2048, "embedding_dim": 512, "learning_rate": 0.001, "dataset": "dbbook", "epochs": 150, "top_k": 50, "multimodal": true, "datasets": {"dbbook": ["images", "text"], "ml1m": ["audio", "images", "text", "video"]}}
Epoch	Loss	Recall	Precision	NDCG
1	0.6914	0.0307	0.0039	0.0150
2	0.6787	0.0504	0.0064	0.0273
3	0.6653	0.0699	0.0091	0.0434
4	0.6482	0.0936	0.0124	0.0598
5	0.6257	0.1141	0.0155	0.0729
6	0.5963	0.1315	0.0179	0.0821
7	0.5602	0.1472	0.0199	0.0892
8	0.5180	0.1561	0.0212	0.0938
9	0.4736	0.1610	0.0221	0.0963
10	0.4286	0.1659	0.0227	0.0982
11	0.3872	0.1705	0.0234	0.1001
12	0.3479	0.1728	0.0238	0.1011
13	0.3144	0.1746	0.0241	0.1022
14	0.2860	0.1763	0.0244	0.1032
15	0.2608	0.1785	0.0246	0.1045
16	0.2394	0.1807	0.0248	0.1055
17	0.2200	0.1812	0.0250	0.1062
18	0.2030	0.1822	0.0251	0.1067
19	0.1898	0.1832	0.0251	0.1073
20	0.1755	0.1852	0.0254	0.1079
21	0.1672	0.1855	0.0254	0.1083
22	0.1542	0.1867	0.0256	0.1088
23	0.1470	0.1883	0.0258	0.1095
24	0.1389	0.1883	0.0258	0.1096
25	0.1303	0.1888	0.0258	0.1097
26	0.1237	0.1901	0.0259	0.1102
27	0.1169	0.1907	0.0260	0.1105
28	0.1108	0.1922	0.0261	0.1111
29	0.1050	0.1930	0.0262	0.1117
30	0.1001	0.1928	0.0262	0.1117
31	0.0948	0.1934	0.0263	0.1119
32	0.0932	0.1942	0.0264	0.1122
33	0.0865	0.1953	0.0266	0.1128
34	0.0819	0.1961	0.0267	0.1136
35	0.0801	0.1956	0.0266	0.1139
36	0.0759	0.1957	0.0266	0.1137
37	0.0724	0.1969	0.0268	0.1141
38	0.0700	0.1982	0.0269	0.1150
39	0.0675	0.1977	0.0269	0.1150
40	0.0642	0.1980	0.0269	0.1152
41	0.0644	0.1986	0.0270	0.1155
42	0.0606	0.1990	0.0270	0.1158
43	0.0586	0.1994	0.0271	0.1162
44	0.0568	0.1989	0.0270	0.1162
45	0.0527	0.2004	0.0271	0.1170
46	0.0536	0.2006	0.0272	0.1175
47	0.0500	0.2005	0.0272	0.1175
48	0.0504	0.2005	0.0272	0.1173
49	0.0472	0.2013	0.0273	0.1178
50	0.0468	0.2012	0.0273	0.1181
51	0.0461	0.2019	0.0274	0.1185
52	0.0450	0.2021	0.0274	0.1188
53	0.0425	0.2024	0.0275	0.1191
54	0.0406	0.2032	0.0275	0.1194
55	0.0395	0.2035	0.0276	0.1195
56	0.0389	0.2042	0.0276	0.1198
57	0.0387	0.2044	0.0276	0.1201
58	0.0363	0.2046	0.0276	0.1203
59	0.0350	0.2046	0.0276	0.1203
60	0.0353	0.2054	0.0277	0.1205
61	0.0338	0.2056	0.0277	0.1205
62	0.0344	0.2051	0.0276	0.1206
63	0.0318	0.2052	0.0276	0.1210
64	0.0312	0.2059	0.0278	0.1216
65	0.0312	0.2066	0.0278	0.1220
66	0.0307	0.2063	0.0278	0.1219
67	0.0302	0.2063	0.0278	0.1220
68	0.0294	0.2063	0.0278	0.1220
69	0.0280	0.2061	0.0278	0.1219
70	0.0280	0.2061	0.0278	0.1221
71	0.0276	0.2061	0.0278	0.1223
72	0.0261	0.2067	0.0279	0.1225
73	0.0269	0.2062	0.0278	0.1226
74	0.0261	0.2066	0.0279	0.1233
75	0.0260	0.2067	0.0278	0.1231
76	0.0246	0.2071	0.0279	0.1230
77	0.0249	0.2073	0.0279	0.1234
78	0.0238	0.2074	0.0279	0.1237
79	0.0227	0.2073	0.0279	0.1238
80	0.0226	0.2079	0.0279	0.1243
81	0.0224	0.2079	0.0280	0.1243
82	0.0215	0.2078	0.0279	0.1243
83	0.0218	0.2079	0.0279	0.1245
84	0.0216	0.2084	0.0279	0.1247
85	0.0211	0.2088	0.0280	0.1251
86	0.0210	0.2104	0.0281	0.1259
87	0.0207	0.2109	0.0281	0.1262
88	0.0200	0.2110	0.0282	0.1265
89	0.0201	0.2114	0.0282	0.1268
90	0.0194	0.2118	0.0283	0.1270
91	0.0191	0.2118	0.0283	0.1272
92	0.0182	0.2123	0.0283	0.1273
93	0.0183	0.2116	0.0282	0.1272
94	0.0186	0.2115	0.0283	0.1271
95	0.0173	0.2114	0.0283	0.1274
96	0.0178	0.2123	0.0283	0.1276
97	0.0173	0.2125	0.0284	0.1278
98	0.0177	0.2117	0.0283	0.1275
99	0.0169	0.2122	0.0284	0.1275
100	0.0164	0.2119	0.0283	0.1274
101	0.0169	0.2118	0.0283	0.1275
102	0.0172	0.2120	0.0283	0.1279
103	0.0172	0.2118	0.0283	0.1278
104	0.0165	0.2122	0.0283	0.1279
105	0.0161	0.2122	0.0283	0.1280
106	0.0158	0.2122	0.0283	0.1280
107	0.0156	0.2118	0.0283	0.1278
108	0.0154	0.2119	0.0283	0.1276
109	0.0157	0.2115	0.0282	0.1281
110	0.0146	0.2119	0.0283	0.1284
111	0.0146	0.2119	0.0282	0.1285
112	0.0147	0.2126	0.0283	0.1288
113	0.0146	0.2129	0.0284	0.1290
114	0.0143	0.2133	0.0284	0.1293
115	0.0138	0.2137	0.0285	0.1295
116	0.0144	0.2138	0.0285	0.1299
117	0.0137	0.2136	0.0284	0.1299
118	0.0141	0.2140	0.0284	0.1302
119	0.0141	0.2137	0.0284	0.1302
120	0.0130	0.2131	0.0283	0.1301
121	0.0137	0.2136	0.0284	0.1304
122	0.0135	0.2141	0.0284	0.1302
123	0.0128	0.2146	0.0285	0.1304
124	0.0130	0.2139	0.0285	0.1301
125	0.0130	0.2147	0.0285	0.1302
126	0.0133	0.2144	0.0285	0.1301
127	0.0130	0.2154	0.0286	0.1303
128	0.0119	0.2149	0.0286	0.1303
129	0.0121	0.2152	0.0286	0.1304
130	0.0127	0.2145	0.0285	0.1302
131	0.0124	0.2147	0.0285	0.1301
132	0.0126	0.2151	0.0285	0.1300
133	0.0119	0.2150	0.0286	0.1301
134	0.0122	0.2152	0.0286	0.1301
135	0.0123	0.2154	0.0286	0.1304
136	0.0123	0.2150	0.0286	0.1303
137	0.0115	0.2144	0.0286	0.1302
138	0.0115	0.2152	0.0287	0.1305
139	0.0115	0.2151	0.0286	0.1306
140	0.0111	0.2149	0.0286	0.1306
141	0.0113	0.2149	0.0286	0.1305
142	0.0114	0.2149	0.0286	0.1306
143	0.0117	0.2155	0.0287	0.1310
144	0.0108	0.2158	0.0287	0.1313
145	0.0106	0.2160	0.0287	0.1312
146	0.0108	0.2171	0.0288	0.1320
147	0.0114	0.2161	0.0287	0.1319
148	0.0113	0.2164	0.0287	0.1321
149	0.0106	0.2170	0.0288	0.1323
150	0.0106	0.2173	0.0288	0.1327
