{"n_layers": 1, "device": "cuda", "batch_size": 2048, "embedding_dim": 2048, "learning_rate": 0.001, "dataset": "dbbook", "epochs": 150, "model": "ef-mmlgcn", "fusion": "max", "top_k": [5, 10, 20, 50], "seed": 19, "multimodal": false}
Epoch	Loss	Precision@5	Recall@5	NDCG@5	Precision@10	Recall@10	NDCG@10	Precision@20	Recall@20	NDCG@20	Precision@50	Recall@50	NDCG@50
1	0.6777	0.0426	0.0331	0.0469	0.0363	0.0552	0.0509	0.0295	0.0885	0.0646	0.0199	0.146	0.0858
2	0.6303	0.0394	0.0313	0.042	0.0377	0.0574	0.0498	0.0321	0.0953	0.0659	0.0239	0.1723	0.0944
3	0.5219	0.0365	0.0283	0.038	0.0339	0.0507	0.0443	0.03	0.0867	0.0599	0.023	0.1645	0.0884
4	0.3737	0.0376	0.0289	0.039	0.0337	0.0502	0.0444	0.0293	0.0842	0.0591	0.0224	0.1592	0.0867
5	0.2536	0.0394	0.031	0.0411	0.0348	0.0513	0.0459	0.0298	0.0858	0.0606	0.0229	0.1617	0.0887
6	0.1808	0.0412	0.032	0.0431	0.0361	0.0537	0.0481	0.031	0.0898	0.0635	0.0237	0.169	0.0926
7	0.1329	0.0429	0.0335	0.0455	0.0382	0.0567	0.0511	0.0326	0.0952	0.0673	0.0247	0.1768	0.0974
8	0.1035	0.0456	0.0357	0.0486	0.0405	0.0606	0.0546	0.0337	0.0993	0.0708	0.0255	0.184	0.102
9	0.0825	0.0476	0.0371	0.0518	0.0425	0.0636	0.0581	0.0352	0.1033	0.0747	0.0264	0.1911	0.1068
10	0.0678	0.0495	0.039	0.0543	0.044	0.0658	0.0605	0.0362	0.1071	0.0776	0.0271	0.197	0.1105
11	0.0559	0.051	0.0403	0.0562	0.0448	0.0679	0.0623	0.037	0.1098	0.0798	0.0275	0.2012	0.1132
12	0.0485	0.0529	0.0415	0.0582	0.0458	0.0694	0.0639	0.0376	0.1122	0.0816	0.0277	0.2027	0.1148
13	0.0409	0.0539	0.0425	0.0599	0.0465	0.0703	0.0654	0.0384	0.1149	0.0838	0.0278	0.204	0.1165
14	0.0365	0.0554	0.0434	0.0615	0.0474	0.0719	0.0669	0.0389	0.1163	0.0853	0.0282	0.2072	0.1184
15	0.0317	0.0565	0.0442	0.0627	0.0483	0.0738	0.0683	0.0391	0.1171	0.0862	0.0282	0.208	0.1194
16	0.0286	0.057	0.0447	0.0635	0.0491	0.0751	0.0694	0.0393	0.1179	0.087	0.0283	0.2087	0.1202
17	0.0267	0.0565	0.0445	0.0636	0.0487	0.0747	0.0696	0.0396	0.1186	0.0879	0.0283	0.2101	0.121
18	0.0238	0.0574	0.0452	0.0649	0.0496	0.0762	0.071	0.0401	0.1209	0.0893	0.0284	0.2114	0.1222
19	0.0211	0.0577	0.0458	0.0656	0.0499	0.077	0.0718	0.0403	0.1215	0.0901	0.0285	0.2122	0.123
20	0.0194	0.0586	0.0464	0.0667	0.0505	0.0775	0.0726	0.0404	0.1223	0.0909	0.0286	0.2136	0.124
21	0.0188	0.0596	0.0471	0.0675	0.0507	0.078	0.0731	0.0404	0.1226	0.0912	0.0285	0.2134	0.1242
22	0.0178	0.06	0.0477	0.0679	0.0511	0.0786	0.0735	0.0405	0.123	0.0916	0.0285	0.2148	0.1246
23	0.0168	0.0604	0.0481	0.0686	0.0512	0.0789	0.074	0.0403	0.1226	0.0918	0.0285	0.2146	0.125
24	0.0162	0.0612	0.0487	0.0693	0.0511	0.0787	0.074	0.0403	0.1228	0.0919	0.0283	0.2137	0.1247
25	0.0141	0.061	0.0484	0.0692	0.0506	0.0785	0.0738	0.0403	0.1233	0.0921	0.0283	0.2143	0.1248
26	0.0137	0.062	0.0491	0.0702	0.0507	0.0788	0.0743	0.0402	0.1232	0.0924	0.0282	0.2136	0.125
27	0.0134	0.0619	0.0492	0.0703	0.0506	0.0787	0.0743	0.0403	0.1238	0.0927	0.0282	0.2141	0.1252
28	0.0134	0.062	0.0495	0.0708	0.051	0.0793	0.075	0.0404	0.1239	0.0932	0.0282	0.214	0.1255
29	0.0117	0.0626	0.0501	0.0717	0.051	0.0789	0.0753	0.0405	0.1242	0.0937	0.0281	0.214	0.1257
30	0.0127	0.0633	0.0505	0.0723	0.0514	0.0795	0.0758	0.0405	0.1247	0.094	0.0279	0.2123	0.1254
31	0.0114	0.0641	0.0512	0.0732	0.0516	0.0802	0.0764	0.0406	0.1253	0.0945	0.0279	0.2127	0.1258
32	0.0111	0.0641	0.0509	0.0732	0.0515	0.08	0.0764	0.0407	0.1259	0.0948	0.0278	0.2126	0.1258
33	0.0099	0.0639	0.051	0.0729	0.0515	0.0802	0.0763	0.0405	0.1256	0.0945	0.0277	0.2126	0.1255
34	0.0097	0.0637	0.0512	0.0729	0.0513	0.0799	0.0762	0.0405	0.1253	0.0944	0.0277	0.2129	0.1256
35	0.0097	0.0638	0.0512	0.0733	0.0514	0.08	0.0765	0.0404	0.1248	0.0946	0.0276	0.2127	0.1258
36	0.0094	0.0638	0.0513	0.0733	0.0514	0.0801	0.0765	0.0403	0.1241	0.0944	0.0276	0.2124	0.1257
37	0.0091	0.0646	0.0521	0.0742	0.0515	0.0804	0.077	0.0405	0.125	0.095	0.0276	0.2126	0.126
38	0.0090	0.0649	0.0525	0.0747	0.0515	0.0806	0.0773	0.0406	0.1256	0.0955	0.0274	0.2119	0.126
39	0.0088	0.0648	0.0524	0.0745	0.0515	0.0806	0.0772	0.0406	0.1258	0.0955	0.0275	0.2117	0.126
40	0.0092	0.0644	0.052	0.0742	0.0516	0.0808	0.0772	0.0406	0.1254	0.0953	0.0274	0.2113	0.1258
41	0.0087	0.0643	0.0514	0.0741	0.0519	0.0811	0.0775	0.0406	0.1256	0.0955	0.0273	0.2099	0.1255
42	0.0080	0.0641	0.0512	0.074	0.0516	0.0808	0.0773	0.0404	0.1249	0.0951	0.0272	0.2099	0.1253
43	0.0083	0.0637	0.051	0.0737	0.0516	0.0814	0.0773	0.0404	0.1248	0.095	0.0271	0.2094	0.125
44	0.0083	0.0635	0.0508	0.0736	0.0515	0.0815	0.0774	0.0404	0.1252	0.0951	0.0271	0.209	0.1249
45	0.0087	0.0644	0.0516	0.0745	0.0518	0.0819	0.0779	0.0403	0.1255	0.0955	0.0271	0.2093	0.1253
46	0.0077	0.0642	0.0514	0.0744	0.052	0.0824	0.0782	0.0401	0.1251	0.0954	0.0269	0.2087	0.1251
47	0.0081	0.0632	0.0505	0.0735	0.0519	0.0821	0.0779	0.04	0.1245	0.0949	0.0269	0.2078	0.1245
48	0.0083	0.0627	0.0502	0.0728	0.0514	0.0812	0.0771	0.0398	0.1239	0.0944	0.0268	0.2079	0.1242
49	0.0076	0.0628	0.0508	0.0728	0.0515	0.0815	0.0771	0.04	0.1249	0.0946	0.0267	0.2068	0.1237
50	0.0077	0.0631	0.0511	0.0734	0.0518	0.0825	0.0779	0.0401	0.1252	0.0951	0.0267	0.2071	0.1242
51	0.0070	0.063	0.0511	0.0736	0.0517	0.0823	0.0779	0.0401	0.1249	0.0951	0.0267	0.2065	0.1242
52	0.0073	0.0635	0.0513	0.0737	0.0513	0.0818	0.0775	0.0398	0.1241	0.0946	0.0267	0.2067	0.124
53	0.0074	0.0633	0.0512	0.0737	0.0514	0.0821	0.0776	0.0398	0.1243	0.0947	0.0266	0.2065	0.1239
54	0.0076	0.063	0.0513	0.0734	0.0517	0.0823	0.0777	0.0397	0.1239	0.0945	0.0266	0.2063	0.1237
55	0.0072	0.0627	0.0511	0.0737	0.0518	0.0825	0.0783	0.0395	0.1233	0.0948	0.0265	0.2062	0.1241
56	0.0070	0.0626	0.051	0.0737	0.0518	0.0827	0.0783	0.0395	0.1235	0.0948	0.0265	0.2061	0.124
57	0.0072	0.0628	0.0513	0.0738	0.0518	0.0829	0.0784	0.0392	0.1229	0.0945	0.0265	0.2067	0.1241
58	0.0071	0.0627	0.0511	0.0736	0.0517	0.0827	0.0782	0.0391	0.1224	0.0942	0.0265	0.2065	0.1239
59	0.0072	0.0626	0.051	0.0734	0.0518	0.0827	0.0781	0.039	0.1222	0.094	0.0265	0.2067	0.1238
60	0.0070	0.062	0.0502	0.0728	0.0514	0.0822	0.0778	0.0388	0.1219	0.0937	0.0264	0.2065	0.1236
61	0.0077	0.0627	0.0509	0.0732	0.0515	0.0823	0.0778	0.0388	0.1217	0.0936	0.0264	0.2067	0.1236
62	0.0063	0.0632	0.0515	0.0736	0.0518	0.0833	0.0782	0.0391	0.1224	0.094	0.0263	0.206	0.1235
63	0.0071	0.0627	0.0511	0.0731	0.0517	0.0828	0.078	0.0392	0.1231	0.0942	0.0264	0.206	0.1235
64	0.0066	0.0633	0.0518	0.0738	0.0517	0.0827	0.0781	0.0392	0.1232	0.0944	0.0265	0.2069	0.124
65	0.0066	0.0634	0.0518	0.0741	0.0515	0.0825	0.0783	0.0391	0.123	0.0945	0.0264	0.2063	0.124
66	0.0065	0.0632	0.0515	0.074	0.0512	0.082	0.0779	0.0392	0.1242	0.0947	0.0263	0.2053	0.1236
67	0.0064	0.0636	0.0519	0.0741	0.051	0.0819	0.0777	0.039	0.1237	0.0944	0.0263	0.2056	0.1236
68	0.0067	0.0633	0.0516	0.074	0.051	0.0823	0.0779	0.0388	0.123	0.0942	0.0263	0.2058	0.1236
69	0.0069	0.063	0.0515	0.0739	0.0509	0.0823	0.0779	0.0388	0.123	0.0943	0.0262	0.205	0.1235
70	0.0060	0.0635	0.0516	0.0741	0.051	0.0821	0.0779	0.0388	0.1226	0.0942	0.0262	0.2045	0.1233
71	0.0065	0.0638	0.0517	0.0743	0.0509	0.0814	0.0778	0.0388	0.1227	0.0943	0.0262	0.2039	0.1232
72	0.0064	0.0638	0.0519	0.0743	0.0509	0.0815	0.0777	0.0388	0.1225	0.0941	0.0261	0.204	0.1231
73	0.0068	0.0642	0.0528	0.0749	0.0512	0.0822	0.0782	0.0389	0.1229	0.0945	0.0261	0.2042	0.1234
74	0.0070	0.0646	0.0528	0.0752	0.0511	0.0824	0.0783	0.0388	0.1228	0.0945	0.026	0.2038	0.1232
75	0.0068	0.0648	0.053	0.0753	0.0509	0.0819	0.078	0.0387	0.1222	0.0943	0.0259	0.2025	0.1229
76	0.0065	0.0645	0.0522	0.075	0.051	0.082	0.0782	0.0387	0.1223	0.0944	0.0259	0.2026	0.1229
77	0.0065	0.064	0.0518	0.0746	0.0506	0.0812	0.0778	0.0385	0.1217	0.0939	0.0259	0.2029	0.1228
78	0.0067	0.0639	0.0521	0.0745	0.0506	0.0814	0.0776	0.0383	0.1213	0.0935	0.0258	0.2022	0.1222
79	0.0064	0.0635	0.0515	0.074	0.0502	0.0807	0.077	0.0382	0.1212	0.0931	0.0258	0.2018	0.1218
80	0.0064	0.0637	0.0519	0.0742	0.0502	0.0803	0.077	0.0379	0.1194	0.0926	0.0258	0.2022	0.1219
81	0.0062	0.0637	0.0521	0.0744	0.0504	0.0804	0.0772	0.038	0.1198	0.0929	0.0258	0.2019	0.1219
82	0.0057	0.0633	0.0516	0.0741	0.0502	0.0803	0.077	0.0381	0.1203	0.093	0.0258	0.202	0.1219
83	0.0061	0.0634	0.0519	0.0741	0.0499	0.0802	0.0768	0.0382	0.1202	0.0929	0.0257	0.2014	0.1215
84	0.0064	0.0629	0.0515	0.0739	0.0501	0.0807	0.077	0.0383	0.1207	0.0931	0.0257	0.2012	0.1215
85	0.0067	0.0635	0.052	0.0747	0.0498	0.0799	0.077	0.0383	0.1208	0.0935	0.0256	0.2007	0.1216
86	0.0067	0.0633	0.0519	0.0748	0.0499	0.0802	0.0774	0.0381	0.1208	0.0937	0.0256	0.2005	0.1219
87	0.0062	0.0632	0.0519	0.0749	0.0495	0.0797	0.0772	0.0381	0.1208	0.0937	0.0255	0.2	0.1218
88	0.0068	0.0625	0.0511	0.0743	0.0498	0.0801	0.0773	0.038	0.1204	0.0934	0.0255	0.1997	0.1216
89	0.0063	0.0629	0.0513	0.0743	0.0497	0.0798	0.077	0.0379	0.12	0.0931	0.0255	0.1995	0.1213
90	0.0064	0.0633	0.0518	0.0745	0.0495	0.0795	0.0768	0.0378	0.1196	0.0928	0.0255	0.1994	0.1212
91	0.0067	0.0626	0.0512	0.074	0.0494	0.0794	0.0767	0.0378	0.1199	0.0929	0.0254	0.1995	0.1211
92	0.0061	0.0628	0.0512	0.0742	0.0491	0.0791	0.0765	0.0379	0.1203	0.0931	0.0254	0.1996	0.1211
93	0.0062	0.0629	0.0511	0.0742	0.0493	0.0793	0.0766	0.0379	0.1203	0.093	0.0255	0.2001	0.1212
94	0.0068	0.0623	0.0504	0.0735	0.0491	0.0791	0.0763	0.0377	0.1198	0.0925	0.0254	0.1996	0.1208
95	0.0062	0.0625	0.0505	0.0736	0.049	0.0791	0.0763	0.0378	0.12	0.0927	0.0254	0.1994	0.1208
96	0.0059	0.0623	0.0505	0.0734	0.0493	0.0797	0.0764	0.0376	0.1191	0.0922	0.0254	0.1997	0.1207
97	0.0061	0.0624	0.0508	0.0736	0.0491	0.0796	0.0762	0.0374	0.1188	0.092	0.0254	0.1994	0.1206
98	0.0072	0.062	0.0505	0.0731	0.049	0.0792	0.0759	0.0375	0.1189	0.0918	0.0254	0.1995	0.1203
99	0.0062	0.0619	0.0505	0.0734	0.049	0.0788	0.0761	0.0373	0.1181	0.0918	0.0254	0.1993	0.1205
100	0.0064	0.0612	0.05	0.0726	0.0489	0.0789	0.0757	0.0372	0.1184	0.0915	0.0253	0.1987	0.1199
101	0.0061	0.0606	0.0494	0.0721	0.0485	0.0782	0.0753	0.0372	0.1186	0.0914	0.0253	0.1985	0.1198
102	0.0064	0.0604	0.0493	0.0719	0.0485	0.0781	0.0751	0.0372	0.1187	0.0913	0.0252	0.1978	0.1194
103	0.0060	0.0614	0.0503	0.0727	0.0489	0.079	0.0757	0.0373	0.1193	0.0916	0.0252	0.1975	0.1195
104	0.0065	0.0617	0.05	0.0727	0.0487	0.0788	0.0756	0.0372	0.119	0.0915	0.0251	0.197	0.1193
105	0.0061	0.0614	0.0499	0.0724	0.0482	0.0781	0.0751	0.0371	0.1191	0.0914	0.0251	0.1969	0.1191
106	0.0056	0.0614	0.0497	0.0723	0.0481	0.0781	0.0749	0.0374	0.1196	0.0915	0.0251	0.197	0.1191
107	0.0062	0.0616	0.0501	0.0728	0.0481	0.078	0.075	0.0375	0.12	0.0918	0.0251	0.1973	0.1193
108	0.0061	0.0619	0.0504	0.0732	0.0485	0.0787	0.0756	0.0373	0.1194	0.0918	0.0252	0.198	0.1198
109	0.0059	0.0617	0.0506	0.073	0.0484	0.0783	0.0754	0.0374	0.1198	0.0919	0.0252	0.1979	0.1197
110	0.0062	0.0617	0.0504	0.073	0.0483	0.0785	0.0754	0.0373	0.1197	0.0918	0.0252	0.198	0.1196
111	0.0061	0.0615	0.0502	0.0729	0.0483	0.0783	0.0754	0.0372	0.1187	0.0915	0.0252	0.1986	0.1197
112	0.0060	0.0615	0.0502	0.0728	0.0482	0.0779	0.0751	0.0371	0.118	0.0911	0.0252	0.1984	0.1195
113	0.0067	0.062	0.0504	0.0734	0.0485	0.0782	0.0756	0.0371	0.1181	0.0914	0.0252	0.1985	0.1198
114	0.0059	0.0619	0.0503	0.0735	0.0485	0.0783	0.0757	0.0371	0.1183	0.0916	0.0252	0.1981	0.1198
115	0.0067	0.0617	0.0501	0.0732	0.0484	0.078	0.0755	0.037	0.1176	0.0912	0.0252	0.1985	0.1198
116	0.0062	0.0619	0.0505	0.0732	0.0488	0.0781	0.0755	0.037	0.1175	0.0911	0.0251	0.1975	0.1193
117	0.0063	0.0616	0.0503	0.073	0.0492	0.0788	0.0759	0.037	0.118	0.0912	0.025	0.1972	0.1192
118	0.0058	0.0614	0.05	0.0729	0.0491	0.079	0.0759	0.0369	0.1177	0.0911	0.025	0.1968	0.1192
119	0.0057	0.0616	0.0501	0.0726	0.0489	0.0784	0.0753	0.0368	0.1172	0.0906	0.0251	0.197	0.1189
120	0.0057	0.0613	0.0499	0.0722	0.0486	0.0783	0.0751	0.0369	0.1172	0.0906	0.0252	0.1975	0.119
121	0.0064	0.0609	0.0496	0.0719	0.0482	0.0777	0.0746	0.0368	0.1166	0.0902	0.025	0.1967	0.1186
122	0.0066	0.061	0.0494	0.072	0.0484	0.0782	0.075	0.0367	0.1166	0.0904	0.025	0.1963	0.1187
123	0.0060	0.0612	0.0494	0.0722	0.048	0.077	0.0746	0.0366	0.116	0.0901	0.0248	0.1949	0.1181
124	0.0060	0.0615	0.0497	0.0723	0.0481	0.0769	0.0745	0.0366	0.1158	0.09	0.0247	0.1942	0.1178
125	0.0062	0.0615	0.0499	0.0722	0.0483	0.0772	0.0745	0.0368	0.1164	0.0901	0.0248	0.1945	0.1179
126	0.0062	0.0612	0.0497	0.0719	0.0481	0.0767	0.0743	0.0368	0.1168	0.0901	0.0248	0.1946	0.1178
127	0.0060	0.062	0.0503	0.0727	0.0483	0.0771	0.0748	0.0367	0.1167	0.0903	0.0247	0.1934	0.1177
128	0.0065	0.0614	0.0498	0.0723	0.0484	0.0775	0.0749	0.0369	0.1174	0.0906	0.0247	0.1934	0.1178
129	0.0064	0.0615	0.05	0.0726	0.0483	0.0775	0.0752	0.0372	0.1186	0.0913	0.0247	0.1945	0.1184
130	0.0063	0.0616	0.0498	0.0727	0.0484	0.0774	0.0752	0.0372	0.1188	0.0914	0.0247	0.1944	0.1184
131	0.0062	0.0615	0.0497	0.0724	0.0483	0.0773	0.0749	0.0371	0.1176	0.0909	0.0248	0.1948	0.1183
132	0.0062	0.0615	0.0499	0.0724	0.0486	0.0779	0.0752	0.0371	0.118	0.0911	0.0248	0.195	0.1184
133	0.0061	0.0609	0.0495	0.0717	0.0485	0.0777	0.0748	0.0369	0.1181	0.0907	0.0247	0.1949	0.118
134	0.0059	0.0605	0.0492	0.0714	0.0482	0.0777	0.0745	0.0368	0.1174	0.0903	0.0246	0.1941	0.1176
135	0.0058	0.0613	0.0496	0.072	0.0481	0.078	0.0747	0.0368	0.1174	0.0905	0.0247	0.1952	0.1181
136	0.0065	0.0608	0.0494	0.0714	0.0478	0.0773	0.0741	0.037	0.1179	0.0904	0.0248	0.1952	0.1178
137	0.0063	0.0604	0.0488	0.0709	0.0478	0.0775	0.0739	0.0368	0.1179	0.0901	0.0247	0.1954	0.1176
138	0.0064	0.0596	0.0481	0.0701	0.0474	0.0767	0.0734	0.0367	0.1168	0.0895	0.0247	0.1954	0.1173
139	0.0069	0.0599	0.0483	0.0704	0.0474	0.0769	0.0734	0.0367	0.1177	0.0897	0.0247	0.1951	0.1171
140	0.0057	0.0598	0.0483	0.0702	0.047	0.0764	0.0731	0.0367	0.1173	0.0895	0.0247	0.1954	0.1171
141	0.0058	0.0598	0.0484	0.0699	0.0474	0.0769	0.0732	0.0367	0.1174	0.0893	0.0247	0.1953	0.1168
142	0.0059	0.0596	0.0483	0.0697	0.0477	0.0772	0.0731	0.0366	0.1171	0.089	0.0246	0.1945	0.1164
143	0.0061	0.0601	0.0487	0.0699	0.0473	0.0764	0.0727	0.0368	0.1178	0.0892	0.0246	0.195	0.1165
144	0.0059	0.0603	0.049	0.07	0.0472	0.0762	0.0726	0.0367	0.1171	0.089	0.0247	0.1944	0.1164
145	0.0063	0.0601	0.0489	0.07	0.0474	0.0764	0.0728	0.0366	0.1166	0.0888	0.0246	0.1936	0.1161
146	0.0066	0.06	0.0489	0.0701	0.0472	0.0765	0.0729	0.0364	0.1161	0.0888	0.0245	0.1934	0.1161
147	0.0063	0.0604	0.0493	0.0704	0.0472	0.0767	0.073	0.0364	0.1165	0.0888	0.0245	0.1937	0.1161
148	0.0054	0.0607	0.0492	0.0707	0.0475	0.0771	0.0733	0.0363	0.1159	0.0888	0.0245	0.1941	0.1163
149	0.0063	0.0611	0.0498	0.0711	0.0474	0.0768	0.0733	0.0363	0.1158	0.089	0.0245	0.1938	0.1164
150	0.0062	0.0602	0.0495	0.0703	0.0474	0.077	0.0732	0.0365	0.1165	0.089	0.0244	0.1932	0.1161
