{"n_layers": 0, "device": "cuda", "batch_size": 2048, "embedding_dim": 1024, "learning_rate": 0.001, "dataset": "dbbook", "epochs": 150, "top_k": 50, "multimodal": true, "datasets": {"dbbook": ["images", "text"], "ml1m": ["audio", "images", "text", "video"]}}
Epoch	Loss	Recall	Precision	NDCG
1	0.6931	0.0109	0.0014	0.0055
2	0.6749	0.0150	0.0019	0.0073
3	0.6577	0.0231	0.0030	0.0125
4	0.6377	0.0401	0.0054	0.0251
5	0.6130	0.0677	0.0092	0.0444
6	0.5825	0.0983	0.0134	0.0637
7	0.5456	0.1238	0.0169	0.0785
8	0.5031	0.1442	0.0197	0.0897
9	0.4562	0.1568	0.0215	0.0971
10	0.4071	0.1640	0.0226	0.1023
11	0.3592	0.1706	0.0234	0.1062
12	0.3149	0.1754	0.0240	0.1090
13	0.2748	0.1783	0.0245	0.1110
14	0.2398	0.1816	0.0248	0.1126
15	0.2095	0.1847	0.0252	0.1147
16	0.1832	0.1856	0.0254	0.1158
17	0.1617	0.1885	0.0257	0.1175
18	0.1428	0.1901	0.0259	0.1189
19	0.1275	0.1909	0.0261	0.1201
20	0.1135	0.1924	0.0262	0.1211
21	0.1024	0.1935	0.0264	0.1218
22	0.0911	0.1952	0.0265	0.1225
23	0.0830	0.1960	0.0266	0.1233
24	0.0749	0.1965	0.0267	0.1240
25	0.0688	0.1974	0.0268	0.1246
26	0.0629	0.1982	0.0269	0.1250
27	0.0576	0.1988	0.0270	0.1255
28	0.0530	0.1991	0.0270	0.1259
29	0.0492	0.2001	0.0271	0.1264
30	0.0455	0.2017	0.0272	0.1269
31	0.0422	0.2021	0.0273	0.1271
32	0.0390	0.2029	0.0273	0.1276
33	0.0372	0.2035	0.0274	0.1280
34	0.0348	0.2038	0.0274	0.1282
35	0.0326	0.2043	0.0275	0.1284
36	0.0307	0.2046	0.0275	0.1286
37	0.0289	0.2046	0.0276	0.1287
38	0.0280	0.2054	0.0276	0.1289
39	0.0270	0.2055	0.0277	0.1290
40	0.0251	0.2056	0.0277	0.1292
41	0.0242	0.2060	0.0277	0.1294
42	0.0231	0.2063	0.0277	0.1297
43	0.0219	0.2065	0.0277	0.1300
44	0.0212	0.2063	0.0277	0.1299
45	0.0205	0.2068	0.0277	0.1302
46	0.0198	0.2068	0.0278	0.1303
47	0.0184	0.2072	0.0278	0.1302
48	0.0183	0.2079	0.0279	0.1306
49	0.0175	0.2074	0.0278	0.1306
50	0.0171	0.2071	0.0278	0.1309
51	0.0159	0.2078	0.0278	0.1311
52	0.0160	0.2073	0.0278	0.1310
53	0.0151	0.2079	0.0278	0.1314
54	0.0153	0.2086	0.0279	0.1315
55	0.0147	0.2084	0.0279	0.1316
56	0.0147	0.2086	0.0279	0.1317
57	0.0141	0.2082	0.0279	0.1314
58	0.0134	0.2077	0.0279	0.1312
59	0.0132	0.2076	0.0279	0.1313
60	0.0132	0.2079	0.0279	0.1316
61	0.0130	0.2085	0.0279	0.1317
62	0.0129	0.2089	0.0280	0.1320
63	0.0124	0.2093	0.0280	0.1322
64	0.0121	0.2095	0.0280	0.1323
65	0.0115	0.2096	0.0280	0.1325
66	0.0115	0.2094	0.0280	0.1326
67	0.0112	0.2093	0.0280	0.1328
68	0.0107	0.2094	0.0280	0.1327
69	0.0109	0.2092	0.0280	0.1326
70	0.0111	0.2091	0.0280	0.1328
71	0.0108	0.2091	0.0280	0.1328
72	0.0105	0.2095	0.0281	0.1333
73	0.0105	0.2095	0.0281	0.1334
74	0.0099	0.2094	0.0281	0.1334
75	0.0100	0.2099	0.0281	0.1337
76	0.0102	0.2097	0.0281	0.1340
77	0.0096	0.2097	0.0281	0.1338
78	0.0096	0.2098	0.0280	0.1337
79	0.0096	0.2105	0.0280	0.1338
80	0.0097	0.2102	0.0280	0.1335
81	0.0094	0.2102	0.0280	0.1337
82	0.0091	0.2100	0.0280	0.1336
83	0.0092	0.2103	0.0280	0.1336
84	0.0092	0.2102	0.0280	0.1335
85	0.0092	0.2107	0.0280	0.1337
86	0.0089	0.2108	0.0281	0.1339
87	0.0086	0.2103	0.0281	0.1338
88	0.0087	0.2107	0.0281	0.1339
89	0.0085	0.2110	0.0281	0.1341
90	0.0085	0.2111	0.0281	0.1343
91	0.0083	0.2112	0.0281	0.1344
92	0.0082	0.2111	0.0281	0.1345
93	0.0086	0.2112	0.0281	0.1350
94	0.0082	0.2116	0.0282	0.1350
95	0.0082	0.2118	0.0282	0.1349
96	0.0083	0.2109	0.0281	0.1346
97	0.0083	0.2116	0.0281	0.1346
98	0.0080	0.2113	0.0281	0.1344
99	0.0080	0.2113	0.0281	0.1344
100	0.0082	0.2108	0.0281	0.1343
101	0.0079	0.2107	0.0280	0.1341
102	0.0083	0.2108	0.0280	0.1341
103	0.0077	0.2105	0.0280	0.1341
104	0.0077	0.2108	0.0280	0.1342
105	0.0078	0.2104	0.0280	0.1340
106	0.0076	0.2104	0.0280	0.1343
107	0.0077	0.2107	0.0280	0.1341
108	0.0075	0.2104	0.0280	0.1340
109	0.0077	0.2109	0.0280	0.1343
110	0.0076	0.2113	0.0280	0.1343
111	0.0078	0.2114	0.0280	0.1346
112	0.0077	0.2113	0.0280	0.1348
113	0.0075	0.2118	0.0281	0.1351
114	0.0076	0.2119	0.0281	0.1351
115	0.0077	0.2124	0.0281	0.1351
116	0.0069	0.2119	0.0281	0.1349
117	0.0077	0.2128	0.0282	0.1350
118	0.0073	0.2119	0.0281	0.1346
119	0.0077	0.2122	0.0282	0.1349
120	0.0075	0.2116	0.0281	0.1347
121	0.0068	0.2121	0.0282	0.1350
122	0.0074	0.2122	0.0282	0.1352
123	0.0072	0.2120	0.0281	0.1349
124	0.0074	0.2120	0.0281	0.1349
125	0.0071	0.2120	0.0281	0.1351
126	0.0070	0.2117	0.0281	0.1349
127	0.0072	0.2120	0.0282	0.1351
128	0.0072	0.2124	0.0282	0.1351
129	0.0070	0.2128	0.0283	0.1353
130	0.0075	0.2128	0.0283	0.1353
131	0.0074	0.2124	0.0282	0.1350
132	0.0071	0.2118	0.0282	0.1347
133	0.0070	0.2115	0.0281	0.1344
134	0.0074	0.2118	0.0282	0.1346
135	0.0073	0.2119	0.0282	0.1347
136	0.0066	0.2116	0.0281	0.1345
137	0.0070	0.2115	0.0281	0.1343
138	0.0072	0.2109	0.0281	0.1340
139	0.0071	0.2111	0.0281	0.1343
140	0.0071	0.2115	0.0281	0.1343
141	0.0072	0.2117	0.0281	0.1343
142	0.0073	0.2123	0.0282	0.1348
143	0.0073	0.2123	0.0282	0.1348
144	0.0072	0.2124	0.0281	0.1347
145	0.0071	0.2114	0.0280	0.1344
146	0.0065	0.2118	0.0281	0.1345
147	0.0068	0.2114	0.0281	0.1343
148	0.0063	0.2115	0.0281	0.1341
149	0.0070	0.2114	0.0281	0.1340
150	0.0068	0.2118	0.0281	0.1341
