{"n_layers": 2, "device": "cuda", "batch_size": 2048, "embedding_dim": 128, "learning_rate": 0.001, "dataset": "dbbook", "epochs": 150, "top_k": 20, "multimodal": true, "datasets": {"dbbook": ["images", "text"], "ml1m": ["audio", "images", "text", "video"]}}
Epoch	Loss	Recall	Precision	NDCG
1	0.6922	0.0379	0.0119	0.0285
2	0.6891	0.0711	0.0240	0.0540
3	0.6837	0.0789	0.0273	0.0572
4	0.6735	0.0770	0.0271	0.0539
5	0.6554	0.0734	0.0261	0.0501
6	0.6279	0.0699	0.0250	0.0466
7	0.5917	0.0662	0.0241	0.0442
8	0.5498	0.0634	0.0232	0.0425
9	0.5061	0.0619	0.0228	0.0415
10	0.4671	0.0621	0.0227	0.0415
11	0.4308	0.0626	0.0228	0.0415
12	0.4030	0.0621	0.0228	0.0414
13	0.3771	0.0628	0.0231	0.0419
14	0.3551	0.0637	0.0235	0.0424
15	0.3404	0.0650	0.0239	0.0430
16	0.3237	0.0656	0.0242	0.0433
17	0.3098	0.0665	0.0244	0.0439
18	0.2987	0.0674	0.0247	0.0445
19	0.2836	0.0678	0.0249	0.0450
20	0.2744	0.0686	0.0252	0.0456
21	0.2685	0.0693	0.0254	0.0463
22	0.2610	0.0702	0.0257	0.0470
23	0.2514	0.0708	0.0259	0.0474
24	0.2452	0.0712	0.0261	0.0479
25	0.2347	0.0722	0.0264	0.0486
26	0.2272	0.0725	0.0265	0.0489
27	0.2208	0.0739	0.0268	0.0497
28	0.2125	0.0751	0.0271	0.0504
29	0.2140	0.0757	0.0273	0.0512
30	0.2064	0.0766	0.0276	0.0519
31	0.1985	0.0772	0.0278	0.0523
32	0.1932	0.0781	0.0280	0.0529
33	0.1879	0.0794	0.0283	0.0537
34	0.1842	0.0803	0.0285	0.0543
35	0.1794	0.0805	0.0286	0.0547
36	0.1755	0.0812	0.0289	0.0555
37	0.1721	0.0823	0.0292	0.0564
38	0.1688	0.0827	0.0293	0.0570
39	0.1630	0.0836	0.0295	0.0578
40	0.1574	0.0844	0.0298	0.0585
41	0.1576	0.0853	0.0301	0.0591
42	0.1519	0.0859	0.0303	0.0596
43	0.1496	0.0866	0.0305	0.0601
44	0.1448	0.0875	0.0308	0.0609
45	0.1404	0.0884	0.0310	0.0613
46	0.1414	0.0888	0.0312	0.0617
47	0.1398	0.0896	0.0314	0.0624
48	0.1309	0.0906	0.0318	0.0632
49	0.1294	0.0914	0.0320	0.0636
50	0.1277	0.0919	0.0321	0.0640
51	0.1277	0.0924	0.0324	0.0646
52	0.1216	0.0931	0.0326	0.0653
53	0.1190	0.0937	0.0329	0.0658
54	0.1190	0.0940	0.0330	0.0661
55	0.1169	0.0945	0.0331	0.0664
56	0.1123	0.0947	0.0331	0.0666
57	0.1113	0.0945	0.0332	0.0667
58	0.1097	0.0947	0.0332	0.0669
59	0.1074	0.0951	0.0333	0.0671
60	0.1046	0.0957	0.0335	0.0676
61	0.1013	0.0966	0.0337	0.0681
62	0.1017	0.0973	0.0339	0.0684
63	0.0983	0.0976	0.0341	0.0686
64	0.0997	0.0980	0.0342	0.0691
65	0.0986	0.0986	0.0343	0.0697
66	0.0965	0.0991	0.0345	0.0701
67	0.0918	0.0993	0.0345	0.0704
68	0.0903	0.0997	0.0346	0.0706
69	0.0907	0.1003	0.0348	0.0710
70	0.0868	0.1012	0.0350	0.0716
71	0.0878	0.1016	0.0351	0.0719
72	0.0848	0.1026	0.0353	0.0724
73	0.0846	0.1033	0.0354	0.0729
74	0.0825	0.1033	0.0355	0.0731
75	0.0811	0.1037	0.0356	0.0733
76	0.0808	0.1041	0.0358	0.0737
77	0.0785	0.1047	0.0360	0.0741
78	0.0795	0.1051	0.0362	0.0745
79	0.0796	0.1053	0.0363	0.0747
80	0.0784	0.1063	0.0366	0.0753
81	0.0738	0.1065	0.0367	0.0756
82	0.0747	0.1070	0.0368	0.0760
83	0.0724	0.1073	0.0369	0.0763
84	0.0713	0.1078	0.0370	0.0766
85	0.0693	0.1079	0.0370	0.0767
86	0.0687	0.1083	0.0371	0.0769
87	0.0688	0.1086	0.0372	0.0773
88	0.0662	0.1091	0.0373	0.0777
89	0.0668	0.1102	0.0377	0.0783
90	0.0657	0.1103	0.0377	0.0785
91	0.0643	0.1108	0.0379	0.0789
92	0.0649	0.1106	0.0379	0.0790
93	0.0636	0.1106	0.0378	0.0792
94	0.0613	0.1106	0.0378	0.0792
95	0.0603	0.1114	0.0381	0.0797
96	0.0602	0.1117	0.0381	0.0799
97	0.0597	0.1117	0.0381	0.0801
98	0.0607	0.1124	0.0383	0.0805
99	0.0582	0.1126	0.0384	0.0808
100	0.0572	0.1131	0.0385	0.0810
101	0.0581	0.1134	0.0385	0.0812
102	0.0559	0.1138	0.0386	0.0815
103	0.0558	0.1136	0.0385	0.0815
104	0.0559	0.1136	0.0385	0.0814
105	0.0549	0.1140	0.0387	0.0818
106	0.0540	0.1148	0.0389	0.0821
107	0.0527	0.1150	0.0389	0.0824
108	0.0521	0.1153	0.0390	0.0827
109	0.0500	0.1153	0.0391	0.0828
110	0.0516	0.1154	0.0391	0.0829
111	0.0512	0.1158	0.0392	0.0832
112	0.0484	0.1159	0.0392	0.0832
113	0.0472	0.1161	0.0393	0.0835
114	0.0482	0.1163	0.0394	0.0837
115	0.0475	0.1168	0.0395	0.0840
116	0.0476	0.1167	0.0394	0.0840
117	0.0465	0.1173	0.0395	0.0844
118	0.0475	0.1176	0.0396	0.0847
119	0.0461	0.1173	0.0395	0.0847
120	0.0474	0.1176	0.0395	0.0849
121	0.0449	0.1179	0.0396	0.0851
122	0.0445	0.1186	0.0398	0.0856
123	0.0453	0.1187	0.0398	0.0858
124	0.0433	0.1192	0.0400	0.0861
125	0.0442	0.1192	0.0400	0.0861
126	0.0439	0.1195	0.0400	0.0864
127	0.0409	0.1195	0.0400	0.0866
128	0.0410	0.1199	0.0401	0.0867
129	0.0408	0.1195	0.0400	0.0866
130	0.0428	0.1199	0.0401	0.0867
131	0.0396	0.1201	0.0401	0.0868
132	0.0413	0.1204	0.0401	0.0870
133	0.0394	0.1206	0.0402	0.0872
134	0.0415	0.1206	0.0402	0.0873
135	0.0388	0.1209	0.0403	0.0876
136	0.0392	0.1210	0.0404	0.0878
137	0.0372	0.1212	0.0404	0.0878
138	0.0375	0.1212	0.0404	0.0879
139	0.0390	0.1216	0.0405	0.0882
140	0.0364	0.1211	0.0403	0.0881
141	0.0367	0.1216	0.0405	0.0882
142	0.0379	0.1221	0.0406	0.0885
143	0.0366	0.1218	0.0405	0.0885
144	0.0341	0.1214	0.0404	0.0884
145	0.0346	0.1216	0.0404	0.0884
146	0.0370	0.1214	0.0404	0.0884
147	0.0359	0.1220	0.0405	0.0887
148	0.0351	0.1218	0.0404	0.0887
149	0.0341	0.1220	0.0405	0.0888
150	0.0344	0.1217	0.0404	0.0888
