{"n_layers": 0, "device": "cuda", "batch_size": 2048, "embedding_dim": 1024, "learning_rate": 0.001, "dataset": "dbbook", "epochs": 150, "top_k": 50, "multimodal": true, "datasets": {"dbbook": ["images", "text"], "ml1m": ["audio", "images", "text", "video"]}}
Epoch	Loss	Recall	Precision	NDCG
1	0.6929	0.0211	0.0028	0.0109
2	0.6817	0.0457	0.0059	0.0295
3	0.6696	0.0825	0.0108	0.0562
4	0.6522	0.1242	0.0165	0.0818
5	0.6264	0.1534	0.0209	0.0987
6	0.5896	0.1709	0.0233	0.1085
7	0.5411	0.1783	0.0244	0.1123
8	0.4835	0.1825	0.0252	0.1148
9	0.4225	0.1858	0.0256	0.1166
10	0.3644	0.1882	0.0260	0.1181
11	0.3133	0.1902	0.0263	0.1194
12	0.2699	0.1934	0.0266	0.1207
13	0.2332	0.1959	0.0269	0.1221
14	0.2013	0.1974	0.0272	0.1234
15	0.1774	0.2012	0.0276	0.1254
16	0.1571	0.2026	0.0278	0.1263
17	0.1392	0.2049	0.0281	0.1277
18	0.1249	0.2060	0.0282	0.1287
19	0.1122	0.2082	0.0284	0.1298
20	0.0992	0.2086	0.0284	0.1306
21	0.0909	0.2097	0.0286	0.1314
22	0.0822	0.2110	0.0288	0.1322
23	0.0739	0.2122	0.0288	0.1327
24	0.0679	0.2125	0.0289	0.1328
25	0.0615	0.2140	0.0290	0.1339
26	0.0575	0.2145	0.0292	0.1345
27	0.0534	0.2152	0.0293	0.1353
28	0.0493	0.2153	0.0292	0.1356
29	0.0449	0.2158	0.0293	0.1358
30	0.0424	0.2163	0.0293	0.1361
31	0.0401	0.2162	0.0293	0.1367
32	0.0380	0.2158	0.0293	0.1369
33	0.0349	0.2160	0.0292	0.1372
34	0.0336	0.2169	0.0294	0.1379
35	0.0307	0.2178	0.0294	0.1387
36	0.0303	0.2179	0.0294	0.1387
37	0.0281	0.2188	0.0295	0.1391
38	0.0270	0.2189	0.0295	0.1390
39	0.0252	0.2194	0.0296	0.1390
40	0.0241	0.2202	0.0296	0.1393
41	0.0238	0.2205	0.0297	0.1394
42	0.0225	0.2206	0.0297	0.1398
43	0.0213	0.2205	0.0297	0.1396
44	0.0210	0.2205	0.0297	0.1402
45	0.0200	0.2210	0.0297	0.1405
46	0.0194	0.2215	0.0298	0.1407
47	0.0195	0.2221	0.0298	0.1413
48	0.0184	0.2225	0.0299	0.1412
49	0.0178	0.2227	0.0299	0.1411
50	0.0173	0.2227	0.0299	0.1412
51	0.0165	0.2230	0.0299	0.1413
52	0.0162	0.2228	0.0299	0.1412
53	0.0167	0.2233	0.0299	0.1417
54	0.0151	0.2234	0.0299	0.1420
55	0.0148	0.2244	0.0300	0.1421
56	0.0147	0.2246	0.0300	0.1422
57	0.0139	0.2241	0.0300	0.1423
58	0.0139	0.2244	0.0300	0.1425
59	0.0140	0.2252	0.0300	0.1427
60	0.0135	0.2253	0.0301	0.1427
61	0.0133	0.2253	0.0301	0.1426
62	0.0127	0.2251	0.0301	0.1424
63	0.0131	0.2258	0.0301	0.1427
64	0.0128	0.2258	0.0301	0.1428
65	0.0125	0.2251	0.0301	0.1427
66	0.0120	0.2251	0.0301	0.1430
67	0.0116	0.2258	0.0302	0.1432
68	0.0121	0.2263	0.0302	0.1434
69	0.0113	0.2265	0.0303	0.1440
70	0.0111	0.2272	0.0303	0.1444
71	0.0112	0.2273	0.0303	0.1443
72	0.0116	0.2274	0.0303	0.1446
73	0.0103	0.2260	0.0302	0.1443
74	0.0105	0.2264	0.0302	0.1444
75	0.0103	0.2263	0.0302	0.1444
76	0.0104	0.2269	0.0302	0.1444
77	0.0103	0.2266	0.0302	0.1445
78	0.0102	0.2264	0.0302	0.1449
79	0.0099	0.2269	0.0302	0.1453
80	0.0098	0.2266	0.0302	0.1452
81	0.0094	0.2271	0.0303	0.1454
82	0.0093	0.2271	0.0303	0.1454
83	0.0096	0.2272	0.0303	0.1456
84	0.0094	0.2278	0.0303	0.1460
85	0.0094	0.2281	0.0303	0.1460
86	0.0092	0.2283	0.0304	0.1459
87	0.0090	0.2283	0.0304	0.1458
88	0.0091	0.2283	0.0304	0.1459
89	0.0090	0.2281	0.0304	0.1460
90	0.0093	0.2290	0.0304	0.1464
91	0.0085	0.2278	0.0303	0.1461
92	0.0085	0.2278	0.0303	0.1460
93	0.0087	0.2279	0.0303	0.1460
94	0.0085	0.2281	0.0303	0.1461
95	0.0090	0.2280	0.0303	0.1463
96	0.0086	0.2283	0.0304	0.1467
97	0.0089	0.2281	0.0303	0.1467
98	0.0087	0.2283	0.0303	0.1467
99	0.0083	0.2279	0.0303	0.1466
100	0.0079	0.2283	0.0304	0.1465
101	0.0077	0.2282	0.0304	0.1465
102	0.0085	0.2277	0.0304	0.1464
103	0.0083	0.2282	0.0304	0.1465
104	0.0082	0.2284	0.0305	0.1465
105	0.0079	0.2283	0.0305	0.1463
106	0.0078	0.2282	0.0304	0.1463
107	0.0083	0.2286	0.0304	0.1462
108	0.0081	0.2281	0.0304	0.1459
109	0.0077	0.2276	0.0303	0.1456
110	0.0078	0.2287	0.0303	0.1460
111	0.0081	0.2286	0.0303	0.1461
112	0.0079	0.2290	0.0304	0.1462
113	0.0078	0.2281	0.0303	0.1462
114	0.0078	0.2284	0.0303	0.1464
115	0.0077	0.2296	0.0304	0.1464
116	0.0075	0.2295	0.0304	0.1462
117	0.0078	0.2285	0.0303	0.1461
118	0.0076	0.2288	0.0303	0.1462
119	0.0081	0.2285	0.0303	0.1461
120	0.0079	0.2291	0.0304	0.1463
121	0.0077	0.2294	0.0304	0.1467
122	0.0077	0.2293	0.0304	0.1467
123	0.0075	0.2294	0.0304	0.1464
124	0.0075	0.2286	0.0303	0.1462
125	0.0079	0.2295	0.0304	0.1462
126	0.0072	0.2296	0.0304	0.1462
127	0.0074	0.2288	0.0303	0.1459
128	0.0076	0.2287	0.0303	0.1456
129	0.0078	0.2295	0.0304	0.1458
130	0.0074	0.2292	0.0304	0.1459
131	0.0077	0.2287	0.0303	0.1457
132	0.0076	0.2281	0.0302	0.1454
133	0.0075	0.2284	0.0302	0.1455
134	0.0075	0.2286	0.0302	0.1455
135	0.0073	0.2284	0.0302	0.1455
136	0.0077	0.2281	0.0302	0.1457
137	0.0075	0.2292	0.0302	0.1461
138	0.0071	0.2290	0.0302	0.1460
139	0.0072	0.2289	0.0301	0.1457
140	0.0073	0.2290	0.0301	0.1454
141	0.0079	0.2292	0.0302	0.1456
142	0.0075	0.2291	0.0302	0.1455
143	0.0076	0.2293	0.0303	0.1454
144	0.0075	0.2299	0.0303	0.1457
145	0.0070	0.2295	0.0302	0.1456
146	0.0072	0.2292	0.0302	0.1455
147	0.0075	0.2292	0.0302	0.1456
148	0.0070	0.2294	0.0303	0.1456
149	0.0073	0.2293	0.0302	0.1457
150	0.0074	0.2292	0.0302	0.1456
