{"n_layers": 0, "device": "cuda", "batch_size": 2048, "embedding_dim": 64, "learning_rate": 0.001, "dataset": "dbbook", "epochs": 150, "model": "ef-mmlgcn", "fusion": "max", "top_k": [5, 10, 20, 50], "seed": 19, "multimodal": true}
Epoch	Loss	Precision@5	Recall@5	NDCG@5	Precision@10	Recall@10	NDCG@10	Precision@20	Recall@20	NDCG@20	Precision@50	Recall@50	NDCG@50
1	0.6931	0.0014	0.0014	0.0015	0.0015	0.0026	0.002	0.0016	0.0052	0.0032	0.0015	0.0115	0.0055
2	0.6917	0.0027	0.0023	0.0029	0.0026	0.0048	0.0037	0.0023	0.0077	0.005	0.0022	0.0167	0.0082
3	0.6903	0.0059	0.0051	0.007	0.005	0.0082	0.0076	0.0043	0.014	0.01	0.0034	0.0267	0.0145
4	0.6886	0.0121	0.0098	0.0146	0.0098	0.0157	0.0152	0.0074	0.0231	0.0183	0.0055	0.0419	0.025
5	0.6865	0.0205	0.0158	0.0245	0.0157	0.0238	0.0246	0.0119	0.0366	0.0297	0.0081	0.062	0.0386
6	0.6836	0.0282	0.0218	0.0336	0.0214	0.0321	0.0332	0.0163	0.0483	0.0397	0.0108	0.0804	0.0513
7	0.6798	0.0344	0.0258	0.0398	0.0268	0.04	0.0402	0.0206	0.0606	0.0486	0.0135	0.1	0.0627
8	0.6748	0.0378	0.0285	0.0444	0.031	0.0459	0.0459	0.0237	0.0696	0.0555	0.016	0.1174	0.0727
9	0.6684	0.0405	0.0298	0.0472	0.0341	0.0502	0.0497	0.0261	0.0765	0.0603	0.0178	0.1301	0.0798
10	0.6604	0.0442	0.0331	0.051	0.036	0.0525	0.0524	0.0278	0.0812	0.064	0.0191	0.1386	0.085
11	0.6505	0.0462	0.0342	0.0531	0.0372	0.0545	0.0544	0.0292	0.0851	0.0669	0.0201	0.1459	0.089
12	0.6387	0.0472	0.0354	0.0544	0.0381	0.0556	0.0557	0.0301	0.0871	0.0686	0.021	0.151	0.0919
13	0.6250	0.0481	0.036	0.0555	0.0389	0.0563	0.0567	0.0308	0.0891	0.07	0.0217	0.1559	0.0944
14	0.6093	0.049	0.0365	0.0563	0.0396	0.0573	0.0575	0.0311	0.0905	0.0708	0.0221	0.1587	0.0958
15	0.5918	0.0493	0.0365	0.0566	0.0399	0.0577	0.0578	0.0313	0.0907	0.0711	0.0223	0.1608	0.0967
16	0.5735	0.0496	0.0368	0.057	0.0402	0.058	0.0581	0.0317	0.0914	0.0716	0.0227	0.1629	0.0977
17	0.5541	0.0501	0.0371	0.0573	0.0401	0.0579	0.0582	0.0322	0.0927	0.0723	0.0228	0.1638	0.0982
18	0.5334	0.0507	0.0373	0.058	0.0402	0.0582	0.0586	0.0326	0.0932	0.0729	0.0229	0.1646	0.0989
19	0.5133	0.0506	0.0375	0.0584	0.0405	0.0586	0.0591	0.0327	0.0929	0.0733	0.0232	0.1666	0.0999
20	0.4932	0.0506	0.0376	0.0585	0.0409	0.0593	0.0595	0.0328	0.0932	0.0736	0.0232	0.1667	0.1002
21	0.4729	0.0503	0.0372	0.0584	0.0416	0.0604	0.0602	0.0331	0.0941	0.0741	0.0233	0.1673	0.1006
22	0.4541	0.0509	0.0378	0.0591	0.0415	0.0602	0.0604	0.0332	0.0948	0.0747	0.0234	0.1685	0.1013
23	0.4350	0.051	0.0378	0.0594	0.0415	0.0602	0.0607	0.0334	0.0956	0.0752	0.0234	0.1679	0.1016
24	0.4177	0.0513	0.0377	0.0595	0.0417	0.0606	0.0608	0.0336	0.0958	0.0754	0.0236	0.1689	0.102
25	0.4008	0.0513	0.0379	0.0595	0.0417	0.0605	0.0608	0.0336	0.0963	0.0755	0.0237	0.1691	0.1022
26	0.3851	0.0519	0.0386	0.0601	0.0418	0.0608	0.0611	0.0337	0.0967	0.0759	0.0238	0.1695	0.1026
27	0.3703	0.0522	0.0385	0.0602	0.042	0.0609	0.0612	0.0337	0.0967	0.0758	0.0239	0.1707	0.1029
28	0.3556	0.052	0.0386	0.0602	0.0423	0.0611	0.0614	0.0337	0.097	0.0759	0.0239	0.1711	0.1031
29	0.3434	0.052	0.0384	0.0602	0.0424	0.0612	0.0616	0.0339	0.0975	0.0763	0.0241	0.1723	0.1036
30	0.3316	0.0522	0.0384	0.0604	0.0426	0.0619	0.0619	0.0338	0.0976	0.0764	0.0241	0.1727	0.1039
31	0.3202	0.0526	0.0391	0.0611	0.0427	0.0618	0.0622	0.0339	0.098	0.0769	0.0242	0.1731	0.1044
32	0.3092	0.0523	0.0388	0.0607	0.0427	0.0619	0.0621	0.034	0.0982	0.0768	0.0242	0.1739	0.1045
33	0.2991	0.0523	0.0388	0.0606	0.0429	0.0621	0.0622	0.034	0.0983	0.0768	0.0244	0.1747	0.1048
34	0.2893	0.0522	0.0384	0.0602	0.0428	0.0624	0.0621	0.034	0.0984	0.0767	0.0244	0.1755	0.1049
35	0.2807	0.0521	0.0384	0.0602	0.0427	0.0621	0.062	0.0341	0.0989	0.077	0.0245	0.1758	0.1051
36	0.2718	0.0524	0.0387	0.0604	0.0426	0.0622	0.062	0.0342	0.0989	0.077	0.0245	0.1761	0.1053
37	0.2631	0.0528	0.0387	0.0607	0.043	0.0631	0.0624	0.0342	0.0991	0.0771	0.0247	0.1771	0.1056
38	0.2563	0.0527	0.0387	0.0604	0.043	0.0632	0.0623	0.0341	0.0987	0.0768	0.0247	0.1771	0.1056
39	0.2495	0.0527	0.0385	0.0604	0.0428	0.0627	0.0622	0.0341	0.0987	0.0769	0.0247	0.1779	0.1059
40	0.2413	0.0527	0.0387	0.0608	0.0431	0.0636	0.0629	0.0342	0.0991	0.0774	0.0248	0.1785	0.1066
41	0.2365	0.053	0.0394	0.0611	0.0432	0.0637	0.0629	0.0344	0.0993	0.0776	0.0248	0.1781	0.1065
42	0.2272	0.0532	0.0392	0.0612	0.0435	0.0641	0.0632	0.0345	0.0995	0.0778	0.0249	0.1792	0.1069
43	0.2227	0.0533	0.0392	0.0613	0.0436	0.0643	0.0634	0.0345	0.0997	0.078	0.0249	0.1796	0.1071
44	0.2172	0.0533	0.0394	0.0611	0.0435	0.0642	0.0632	0.0346	0.1	0.0779	0.0249	0.1795	0.107
45	0.2117	0.0536	0.0396	0.0611	0.0437	0.0646	0.0632	0.0346	0.1006	0.078	0.025	0.1798	0.1071
46	0.2043	0.0544	0.0403	0.0617	0.044	0.065	0.0636	0.0346	0.1005	0.0781	0.0251	0.1803	0.1075
47	0.1991	0.0541	0.0401	0.0616	0.0439	0.065	0.0637	0.0347	0.1008	0.0783	0.0252	0.1806	0.1077
48	0.1966	0.0545	0.0406	0.0618	0.0441	0.0651	0.0638	0.0348	0.1013	0.0785	0.0252	0.1812	0.108
49	0.1898	0.0545	0.0406	0.0618	0.0439	0.0649	0.0637	0.0347	0.1008	0.0783	0.0253	0.1813	0.108
50	0.1852	0.0544	0.0407	0.0619	0.0442	0.0654	0.064	0.0349	0.1013	0.0787	0.0254	0.1819	0.1084
51	0.1812	0.0547	0.041	0.0621	0.0443	0.0654	0.0641	0.0348	0.1015	0.0788	0.0254	0.1823	0.1086
52	0.1769	0.0548	0.0411	0.0623	0.0443	0.0653	0.0642	0.0349	0.1017	0.079	0.0255	0.1832	0.109
53	0.1712	0.0551	0.0412	0.0624	0.0446	0.0657	0.0644	0.0351	0.1021	0.0792	0.0255	0.1837	0.1092
54	0.1680	0.0555	0.0416	0.0628	0.0448	0.0661	0.0647	0.0352	0.1025	0.0796	0.0256	0.184	0.1095
55	0.1639	0.0556	0.0415	0.0629	0.0448	0.0662	0.0649	0.0354	0.1031	0.08	0.0256	0.1845	0.1098
56	0.1610	0.0554	0.0414	0.0626	0.0447	0.0662	0.0647	0.0353	0.1029	0.0797	0.0257	0.1851	0.1098
57	0.1565	0.0556	0.0416	0.0627	0.0446	0.066	0.0646	0.0354	0.103	0.0798	0.0257	0.1851	0.1099
58	0.1539	0.0552	0.0414	0.0626	0.0448	0.0661	0.0647	0.0355	0.1037	0.0801	0.0257	0.1851	0.11
59	0.1491	0.0557	0.0417	0.0627	0.0449	0.0664	0.0648	0.0356	0.104	0.0801	0.0258	0.1856	0.1101
60	0.1441	0.0558	0.0421	0.063	0.0451	0.0667	0.065	0.0357	0.1042	0.0803	0.0258	0.1858	0.1103
61	0.1447	0.0556	0.0421	0.063	0.0449	0.0665	0.065	0.0357	0.1045	0.0805	0.0259	0.1862	0.1106
62	0.1392	0.0555	0.0421	0.0627	0.0448	0.0664	0.0647	0.0356	0.1043	0.0803	0.0259	0.1867	0.1106
63	0.1377	0.0552	0.0418	0.0624	0.0447	0.0664	0.0646	0.0357	0.1042	0.0802	0.0259	0.1869	0.1106
64	0.1334	0.0555	0.042	0.0626	0.045	0.067	0.0649	0.0358	0.1042	0.0803	0.026	0.1874	0.1107
65	0.1304	0.0552	0.0417	0.0624	0.045	0.0669	0.0649	0.0359	0.1045	0.0805	0.026	0.188	0.111
66	0.1278	0.0556	0.0422	0.0627	0.0452	0.067	0.065	0.0359	0.1048	0.0806	0.0261	0.1881	0.1111
67	0.1246	0.0558	0.0422	0.0627	0.0451	0.0671	0.065	0.0361	0.1052	0.0807	0.0261	0.1885	0.1111
68	0.1230	0.0562	0.0425	0.0629	0.0451	0.0669	0.0649	0.036	0.1051	0.0807	0.0261	0.1889	0.1112
69	0.1211	0.056	0.0424	0.0627	0.045	0.0668	0.0648	0.0361	0.1052	0.0807	0.0261	0.1892	0.1113
70	0.1158	0.0564	0.0427	0.0633	0.0452	0.0671	0.0652	0.0362	0.105	0.081	0.0261	0.1891	0.1115
71	0.1167	0.0564	0.0428	0.0632	0.0453	0.0673	0.0652	0.0362	0.1052	0.081	0.0261	0.1892	0.1116
72	0.1128	0.0566	0.043	0.0634	0.0454	0.0674	0.0653	0.0363	0.1055	0.0811	0.0262	0.1893	0.1117
73	0.1100	0.0564	0.0427	0.0632	0.0454	0.0673	0.0652	0.0364	0.1061	0.0813	0.0262	0.1892	0.1118
74	0.1064	0.0566	0.0428	0.0632	0.0454	0.0674	0.0652	0.0364	0.1061	0.0812	0.0262	0.1894	0.1117
75	0.1069	0.0567	0.0428	0.0634	0.0455	0.0674	0.0654	0.0364	0.1064	0.0814	0.0262	0.1896	0.112
76	0.1038	0.0564	0.0426	0.0632	0.0456	0.0678	0.0656	0.0366	0.107	0.0818	0.0263	0.1909	0.1124
77	0.1026	0.0565	0.0428	0.0634	0.0458	0.0682	0.0659	0.0367	0.107	0.082	0.0263	0.1911	0.1126
78	0.0993	0.0566	0.0429	0.0636	0.0459	0.0683	0.066	0.0366	0.1066	0.0818	0.0264	0.1915	0.1127
79	0.0986	0.0567	0.043	0.0636	0.0459	0.0683	0.066	0.0366	0.1066	0.0819	0.0263	0.1909	0.1126
80	0.0959	0.0565	0.0428	0.0636	0.046	0.0685	0.0662	0.0368	0.107	0.0822	0.0264	0.1918	0.113
81	0.0937	0.0566	0.0431	0.0637	0.0462	0.0687	0.0663	0.0369	0.1076	0.0825	0.0264	0.1919	0.1132
82	0.0917	0.0568	0.0431	0.0638	0.046	0.0686	0.0663	0.037	0.1079	0.0826	0.0265	0.1922	0.1133
83	0.0916	0.0571	0.0433	0.0642	0.0461	0.0687	0.0665	0.037	0.1081	0.0828	0.0265	0.1926	0.1136
84	0.0873	0.0571	0.0434	0.0643	0.0465	0.0691	0.0668	0.037	0.1082	0.0829	0.0265	0.1927	0.1137
85	0.0873	0.0572	0.0432	0.0644	0.0465	0.0692	0.067	0.0371	0.1087	0.0832	0.0265	0.1934	0.114
86	0.0859	0.0573	0.0432	0.0644	0.0466	0.0694	0.0671	0.0371	0.1083	0.0831	0.0265	0.1933	0.114
87	0.0843	0.0575	0.0437	0.0646	0.0466	0.0695	0.0671	0.037	0.1082	0.0831	0.0265	0.193	0.1139
88	0.0833	0.0576	0.0438	0.0646	0.0466	0.0694	0.0671	0.0371	0.1086	0.0833	0.0265	0.1929	0.114
89	0.0803	0.0582	0.0439	0.0651	0.0468	0.0697	0.0674	0.037	0.1081	0.0832	0.0265	0.1932	0.1142
90	0.0795	0.0583	0.0441	0.0649	0.0467	0.0695	0.0671	0.0371	0.1085	0.0832	0.0266	0.1937	0.1142
91	0.0774	0.0582	0.0441	0.065	0.0467	0.0695	0.0671	0.0371	0.1088	0.0834	0.0265	0.1939	0.1143
92	0.0764	0.0581	0.0444	0.065	0.0468	0.0699	0.0674	0.0372	0.1091	0.0835	0.0265	0.1942	0.1144
93	0.0753	0.058	0.0442	0.0649	0.0467	0.0697	0.0672	0.0372	0.1092	0.0836	0.0266	0.1948	0.1145
94	0.0742	0.058	0.044	0.0648	0.0468	0.07	0.0673	0.0373	0.1095	0.0836	0.0265	0.195	0.1145
95	0.0737	0.0582	0.0443	0.0651	0.0466	0.07	0.0673	0.0372	0.1095	0.0837	0.0266	0.1951	0.1146
96	0.0703	0.0576	0.0438	0.0645	0.0468	0.0703	0.0674	0.0373	0.1097	0.0837	0.0265	0.1946	0.1144
97	0.0718	0.0578	0.044	0.0646	0.0467	0.0699	0.0672	0.0374	0.1102	0.0839	0.0266	0.1948	0.1146
98	0.0698	0.0579	0.0441	0.0646	0.0468	0.0701	0.0672	0.0375	0.1104	0.0838	0.0266	0.1952	0.1146
99	0.0677	0.058	0.0441	0.0647	0.047	0.0705	0.0674	0.0374	0.1102	0.0838	0.0266	0.1955	0.1147
100	0.0679	0.0582	0.0442	0.0649	0.0471	0.0708	0.0677	0.0375	0.1105	0.0842	0.0266	0.1957	0.115
101	0.0657	0.0583	0.0442	0.0652	0.0471	0.0708	0.0679	0.0376	0.1108	0.0845	0.0267	0.1963	0.1154
102	0.0638	0.0582	0.0441	0.065	0.0472	0.0711	0.0679	0.0376	0.1105	0.0843	0.0267	0.1964	0.1153
103	0.0634	0.058	0.0437	0.0647	0.0474	0.0712	0.0679	0.0376	0.1105	0.0842	0.0267	0.1962	0.1152
104	0.0631	0.0581	0.044	0.0646	0.0471	0.0706	0.0675	0.0377	0.1108	0.0842	0.0267	0.1965	0.1151
105	0.0612	0.058	0.0439	0.0647	0.0472	0.0709	0.0677	0.0377	0.1109	0.0844	0.0267	0.1965	0.1152
106	0.0616	0.0582	0.044	0.0648	0.0473	0.071	0.0679	0.0377	0.1109	0.0844	0.0267	0.1966	0.1154
107	0.0595	0.0582	0.044	0.065	0.0474	0.0712	0.0681	0.0377	0.1111	0.0846	0.0267	0.197	0.1156
108	0.0604	0.0582	0.0441	0.0651	0.0476	0.0715	0.0683	0.0377	0.111	0.0846	0.0268	0.1974	0.1157
109	0.0579	0.0588	0.0446	0.0657	0.0477	0.0719	0.0686	0.0377	0.1111	0.0849	0.0268	0.1974	0.116
110	0.0575	0.0584	0.0444	0.0654	0.0477	0.0719	0.0686	0.0378	0.1115	0.085	0.0268	0.1973	0.1159
111	0.0566	0.0584	0.0444	0.0653	0.0479	0.0724	0.0688	0.0379	0.1122	0.0852	0.0268	0.1976	0.116
112	0.0548	0.0584	0.0442	0.0653	0.0479	0.0724	0.0688	0.0379	0.1118	0.0852	0.0268	0.1976	0.116
113	0.0536	0.0586	0.0444	0.0654	0.0479	0.0722	0.0687	0.038	0.1121	0.0852	0.0268	0.1978	0.1161
114	0.0529	0.0585	0.0447	0.0655	0.0478	0.072	0.0686	0.038	0.1123	0.0853	0.0269	0.1984	0.1163
115	0.0533	0.0585	0.0447	0.0655	0.048	0.0725	0.0688	0.038	0.1124	0.0853	0.0268	0.1983	0.1163
116	0.0535	0.0585	0.0447	0.0656	0.048	0.0725	0.069	0.0381	0.1128	0.0856	0.0268	0.1976	0.1162
117	0.0526	0.0578	0.0442	0.0651	0.0479	0.0722	0.0688	0.0381	0.113	0.0856	0.0268	0.1982	0.1163
118	0.0499	0.0582	0.0447	0.0655	0.0479	0.0724	0.0689	0.0382	0.1131	0.0858	0.0268	0.1983	0.1164
119	0.0499	0.0583	0.0445	0.0656	0.0481	0.0728	0.0692	0.0382	0.1134	0.086	0.0269	0.1991	0.1168
120	0.0499	0.0584	0.0448	0.0657	0.0482	0.0728	0.0692	0.0381	0.1131	0.0859	0.0269	0.1988	0.1167
121	0.0487	0.0582	0.0446	0.0653	0.048	0.0724	0.0688	0.0381	0.1127	0.0855	0.0268	0.1983	0.1163
122	0.0477	0.0585	0.0449	0.0655	0.048	0.0725	0.0688	0.038	0.1126	0.0854	0.0269	0.1986	0.1165
123	0.0485	0.0583	0.0449	0.0654	0.048	0.0727	0.0689	0.038	0.1126	0.0855	0.0269	0.1995	0.1167
124	0.0469	0.0583	0.0448	0.0655	0.0482	0.0729	0.0692	0.038	0.1125	0.0856	0.027	0.1999	0.117
125	0.0463	0.0584	0.0448	0.0655	0.0482	0.073	0.0692	0.0381	0.1129	0.0857	0.027	0.2003	0.1171
126	0.0458	0.0586	0.045	0.0658	0.0485	0.0734	0.0696	0.0381	0.113	0.0859	0.027	0.2006	0.1174
127	0.0453	0.0589	0.0452	0.0659	0.0486	0.0737	0.0696	0.0383	0.1135	0.0861	0.0269	0.1996	0.117
128	0.0445	0.0589	0.0452	0.066	0.0487	0.0737	0.0697	0.0384	0.1139	0.0863	0.0269	0.1997	0.1171
129	0.0438	0.0588	0.0454	0.0661	0.0487	0.0737	0.0697	0.0384	0.114	0.0864	0.0269	0.1994	0.1171
130	0.0440	0.0591	0.0458	0.0664	0.0486	0.0735	0.0698	0.0383	0.1137	0.0864	0.0269	0.1996	0.1172
131	0.0437	0.0587	0.0453	0.066	0.0487	0.0736	0.0698	0.0385	0.114	0.0865	0.0269	0.1998	0.1172
132	0.0435	0.0593	0.0458	0.0665	0.0487	0.0735	0.0698	0.0385	0.1141	0.0866	0.0269	0.2002	0.1174
133	0.0419	0.0591	0.0456	0.0664	0.0487	0.0739	0.07	0.0386	0.1143	0.0867	0.0269	0.2004	0.1175
134	0.0421	0.0594	0.0459	0.0666	0.0489	0.0741	0.0701	0.0386	0.1145	0.0868	0.0269	0.2002	0.1174
135	0.0405	0.0592	0.0456	0.0661	0.049	0.0742	0.0699	0.0385	0.114	0.0863	0.027	0.2007	0.1173
136	0.0408	0.059	0.0452	0.066	0.0489	0.0741	0.0698	0.0385	0.1143	0.0864	0.027	0.2008	0.1174
137	0.0403	0.0587	0.045	0.0658	0.0486	0.0737	0.0696	0.0385	0.114	0.0864	0.027	0.2006	0.1174
138	0.0398	0.0588	0.0452	0.0659	0.0488	0.0741	0.0698	0.0386	0.1145	0.0865	0.027	0.2004	0.1173
139	0.0388	0.0588	0.0452	0.066	0.0488	0.074	0.0699	0.0386	0.1145	0.0866	0.0269	0.2003	0.1173
140	0.0394	0.0589	0.0455	0.066	0.0488	0.074	0.0698	0.0387	0.1148	0.0867	0.027	0.2006	0.1174
141	0.0385	0.0589	0.0454	0.0661	0.0493	0.0748	0.0704	0.0387	0.1149	0.0869	0.027	0.201	0.1177
142	0.0375	0.0592	0.0456	0.0664	0.0492	0.0749	0.0705	0.0387	0.1148	0.087	0.027	0.2014	0.1179
143	0.0377	0.0591	0.0457	0.0666	0.0491	0.0748	0.0706	0.0387	0.1148	0.0871	0.0271	0.2017	0.1182
144	0.0379	0.0594	0.0459	0.0668	0.0492	0.0747	0.0707	0.0388	0.1153	0.0874	0.0271	0.2016	0.1183
145	0.0350	0.0594	0.046	0.0669	0.0493	0.0748	0.0708	0.0388	0.1155	0.0875	0.0271	0.2013	0.1183
146	0.0356	0.0596	0.046	0.0669	0.0491	0.0748	0.0706	0.0388	0.1155	0.0874	0.0271	0.2012	0.1182
147	0.0357	0.0597	0.0461	0.0672	0.0493	0.0749	0.0709	0.0387	0.1155	0.0876	0.0271	0.2015	0.1185
148	0.0346	0.06	0.0464	0.0673	0.0493	0.075	0.0709	0.0387	0.1155	0.0875	0.0271	0.2016	0.1184
149	0.0349	0.0598	0.0461	0.0673	0.0492	0.075	0.071	0.0388	0.1153	0.0876	0.027	0.2015	0.1185
150	0.0346	0.0597	0.0463	0.067	0.0492	0.075	0.0708	0.0388	0.1154	0.0875	0.0271	0.2018	0.1184
