{"n_layers": 0, "device": "cuda", "batch_size": 2048, "embedding_dim": 1024, "learning_rate": 0.001, "dataset": "dbbook", "epochs": 150, "top_k": 50, "multimodal": false, "datasets": {"dbbook": ["images", "text"], "ml1m": ["audio", "images", "text", "video"]}}
Epoch	Loss	Recall	Precision	NDCG
1	0.6932	0.0123	0.0015	0.0058
2	0.6777	0.0202	0.0027	0.0118
3	0.6598	0.0588	0.0080	0.0383
4	0.6319	0.1129	0.0155	0.0721
5	0.5887	0.1535	0.0210	0.0948
6	0.5273	0.1698	0.0233	0.1043
7	0.4520	0.1783	0.0245	0.1092
8	0.3732	0.1834	0.0252	0.1130
9	0.3016	0.1874	0.0257	0.1153
10	0.2433	0.1893	0.0260	0.1174
11	0.1967	0.1921	0.0263	0.1194
12	0.1607	0.1944	0.0266	0.1210
13	0.1333	0.1963	0.0269	0.1227
14	0.1111	0.1980	0.0271	0.1240
15	0.0942	0.1997	0.0272	0.1255
16	0.0806	0.2022	0.0275	0.1269
17	0.0698	0.2038	0.0277	0.1279
18	0.0603	0.2036	0.0277	0.1286
19	0.0531	0.2052	0.0278	0.1298
20	0.0473	0.2056	0.0278	0.1303
21	0.0421	0.2065	0.0279	0.1311
22	0.0372	0.2063	0.0279	0.1315
23	0.0337	0.2074	0.0280	0.1323
24	0.0308	0.2075	0.0279	0.1325
25	0.0285	0.2079	0.0280	0.1328
26	0.0257	0.2082	0.0280	0.1333
27	0.0245	0.2086	0.0280	0.1332
28	0.0226	0.2084	0.0280	0.1334
29	0.0211	0.2090	0.0281	0.1336
30	0.0201	0.2100	0.0282	0.1338
31	0.0185	0.2102	0.0281	0.1339
32	0.0176	0.2101	0.0282	0.1338
33	0.0165	0.2099	0.0281	0.1340
34	0.0155	0.2104	0.0282	0.1342
35	0.0156	0.2107	0.0282	0.1342
36	0.0144	0.2116	0.0283	0.1346
37	0.0134	0.2115	0.0282	0.1344
38	0.0132	0.2114	0.0282	0.1345
39	0.0124	0.2113	0.0282	0.1343
40	0.0120	0.2111	0.0282	0.1345
41	0.0118	0.2116	0.0282	0.1348
42	0.0110	0.2115	0.0282	0.1349
43	0.0111	0.2123	0.0283	0.1350
44	0.0104	0.2121	0.0283	0.1351
45	0.0104	0.2129	0.0283	0.1355
46	0.0096	0.2128	0.0283	0.1355
47	0.0095	0.2129	0.0283	0.1354
48	0.0088	0.2133	0.0284	0.1355
49	0.0091	0.2131	0.0284	0.1354
50	0.0088	0.2135	0.0284	0.1357
51	0.0087	0.2129	0.0284	0.1358
52	0.0083	0.2134	0.0284	0.1359
53	0.0080	0.2125	0.0282	0.1353
54	0.0085	0.2125	0.0282	0.1351
55	0.0076	0.2120	0.0281	0.1350
56	0.0077	0.2115	0.0281	0.1353
57	0.0079	0.2120	0.0282	0.1357
58	0.0073	0.2125	0.0282	0.1361
59	0.0077	0.2122	0.0282	0.1362
60	0.0075	0.2121	0.0281	0.1364
61	0.0072	0.2121	0.0282	0.1368
62	0.0071	0.2127	0.0283	0.1373
63	0.0070	0.2127	0.0282	0.1371
64	0.0066	0.2125	0.0282	0.1370
65	0.0071	0.2120	0.0281	0.1366
66	0.0068	0.2114	0.0280	0.1365
67	0.0068	0.2116	0.0281	0.1367
68	0.0062	0.2117	0.0281	0.1367
69	0.0061	0.2120	0.0281	0.1369
70	0.0064	0.2116	0.0281	0.1366
71	0.0060	0.2105	0.0280	0.1359
72	0.0064	0.2102	0.0280	0.1358
73	0.0063	0.2098	0.0280	0.1357
74	0.0058	0.2099	0.0280	0.1356
75	0.0064	0.2093	0.0279	0.1354
76	0.0064	0.2097	0.0280	0.1355
77	0.0063	0.2098	0.0280	0.1355
78	0.0064	0.2092	0.0279	0.1352
79	0.0061	0.2095	0.0279	0.1353
80	0.0060	0.2095	0.0279	0.1354
81	0.0060	0.2089	0.0278	0.1352
82	0.0059	0.2086	0.0278	0.1351
83	0.0058	0.2082	0.0277	0.1350
84	0.0054	0.2087	0.0278	0.1353
85	0.0055	0.2089	0.0278	0.1354
86	0.0055	0.2084	0.0278	0.1350
87	0.0061	0.2087	0.0278	0.1351
88	0.0058	0.2080	0.0277	0.1350
89	0.0060	0.2080	0.0277	0.1350
90	0.0056	0.2083	0.0277	0.1351
91	0.0059	0.2085	0.0277	0.1352
92	0.0061	0.2100	0.0278	0.1360
93	0.0054	0.2094	0.0278	0.1356
94	0.0055	0.2097	0.0279	0.1358
95	0.0054	0.2096	0.0278	0.1359
96	0.0054	0.2092	0.0278	0.1356
97	0.0051	0.2092	0.0277	0.1359
98	0.0052	0.2095	0.0278	0.1362
99	0.0052	0.2097	0.0278	0.1359
100	0.0058	0.2093	0.0278	0.1355
101	0.0051	0.2089	0.0277	0.1355
102	0.0056	0.2089	0.0277	0.1357
103	0.0057	0.2084	0.0277	0.1354
104	0.0051	0.2093	0.0278	0.1358
105	0.0056	0.2084	0.0277	0.1355
106	0.0053	0.2084	0.0277	0.1355
107	0.0053	0.2087	0.0277	0.1353
108	0.0055	0.2091	0.0277	0.1350
109	0.0054	0.2089	0.0277	0.1351
110	0.0052	0.2090	0.0277	0.1351
111	0.0054	0.2094	0.0278	0.1351
112	0.0048	0.2095	0.0278	0.1352
113	0.0054	0.2087	0.0277	0.1352
114	0.0057	0.2087	0.0277	0.1354
115	0.0049	0.2088	0.0278	0.1355
116	0.0048	0.2082	0.0277	0.1350
117	0.0053	0.2082	0.0277	0.1345
118	0.0054	0.2077	0.0276	0.1343
119	0.0051	0.2073	0.0276	0.1342
120	0.0050	0.2080	0.0276	0.1342
121	0.0054	0.2079	0.0276	0.1339
122	0.0049	0.2077	0.0276	0.1339
123	0.0052	0.2074	0.0276	0.1339
124	0.0050	0.2083	0.0276	0.1342
125	0.0048	0.2086	0.0277	0.1346
126	0.0047	0.2087	0.0277	0.1346
127	0.0059	0.2088	0.0277	0.1348
128	0.0053	0.2087	0.0277	0.1351
129	0.0052	0.2088	0.0277	0.1350
130	0.0057	0.2085	0.0276	0.1347
131	0.0049	0.2080	0.0276	0.1346
132	0.0051	0.2079	0.0276	0.1343
133	0.0049	0.2075	0.0275	0.1341
134	0.0054	0.2077	0.0276	0.1342
135	0.0048	0.2075	0.0275	0.1345
136	0.0052	0.2067	0.0275	0.1342
137	0.0052	0.2072	0.0276	0.1343
138	0.0058	0.2078	0.0276	0.1347
139	0.0054	0.2081	0.0276	0.1346
140	0.0051	0.2080	0.0276	0.1346
141	0.0048	0.2084	0.0276	0.1345
142	0.0049	0.2083	0.0275	0.1346
143	0.0050	0.2084	0.0275	0.1349
144	0.0054	0.2089	0.0276	0.1349
145	0.0050	0.2092	0.0276	0.1348
146	0.0052	0.2092	0.0275	0.1346
147	0.0053	0.2092	0.0276	0.1347
148	0.0045	0.2102	0.0277	0.1351
149	0.0047	0.2104	0.0277	0.1349
150	0.0056	0.2105	0.0277	0.1355
