{"n_layers": 2, "device": "cuda", "batch_size": 2048, "embedding_dim": 64, "learning_rate": 0.001, "dataset": "dbbook", "epochs": 150, "top_k": 50, "multimodal": false, "datasets": {"dbbook": ["images", "text"], "ml1m": ["audio", "images", "text", "video"]}}
Epoch	Loss	Recall	Precision	NDCG
1	0.6927	0.0892	0.0131	0.0486
2	0.6902	0.1227	0.0182	0.0631
3	0.6802	0.1225	0.0182	0.0632
4	0.6556	0.1206	0.0179	0.0620
5	0.6152	0.1192	0.0177	0.0611
6	0.5644	0.1178	0.0175	0.0603
7	0.5133	0.1171	0.0175	0.0600
8	0.4670	0.1172	0.0175	0.0600
9	0.4309	0.1177	0.0175	0.0602
10	0.4029	0.1183	0.0177	0.0606
11	0.3816	0.1188	0.0178	0.0610
12	0.3633	0.1204	0.0179	0.0615
13	0.3501	0.1214	0.0180	0.0621
14	0.3371	0.1230	0.0182	0.0628
15	0.3240	0.1241	0.0183	0.0635
16	0.3161	0.1252	0.0185	0.0641
17	0.3097	0.1255	0.0186	0.0646
18	0.3012	0.1265	0.0187	0.0654
19	0.2948	0.1275	0.0189	0.0661
20	0.2899	0.1286	0.0190	0.0669
21	0.2829	0.1294	0.0191	0.0675
22	0.2742	0.1299	0.0192	0.0679
23	0.2706	0.1307	0.0193	0.0684
24	0.2629	0.1308	0.0193	0.0688
25	0.2576	0.1320	0.0195	0.0695
26	0.2534	0.1329	0.0196	0.0701
27	0.2446	0.1340	0.0198	0.0708
28	0.2416	0.1352	0.0199	0.0715
29	0.2355	0.1363	0.0201	0.0721
30	0.2296	0.1375	0.0202	0.0729
31	0.2241	0.1383	0.0204	0.0738
32	0.2219	0.1390	0.0205	0.0749
33	0.2132	0.1412	0.0207	0.0759
34	0.2116	0.1423	0.0208	0.0767
35	0.2048	0.1440	0.0210	0.0778
36	0.2037	0.1453	0.0212	0.0784
37	0.1971	0.1463	0.0213	0.0793
38	0.1911	0.1484	0.0215	0.0800
39	0.1890	0.1491	0.0216	0.0805
40	0.1878	0.1506	0.0217	0.0813
41	0.1827	0.1521	0.0219	0.0820
42	0.1774	0.1532	0.0220	0.0826
43	0.1748	0.1542	0.0221	0.0833
44	0.1692	0.1552	0.0222	0.0839
45	0.1684	0.1557	0.0223	0.0842
46	0.1636	0.1568	0.0225	0.0847
47	0.1597	0.1575	0.0226	0.0851
48	0.1597	0.1577	0.0226	0.0854
49	0.1550	0.1588	0.0227	0.0860
50	0.1494	0.1597	0.0228	0.0865
51	0.1511	0.1612	0.0230	0.0871
52	0.1441	0.1622	0.0231	0.0877
53	0.1437	0.1642	0.0233	0.0886
54	0.1433	0.1650	0.0235	0.0892
55	0.1385	0.1662	0.0236	0.0896
56	0.1341	0.1672	0.0237	0.0900
57	0.1333	0.1681	0.0238	0.0906
58	0.1290	0.1688	0.0239	0.0912
59	0.1279	0.1701	0.0240	0.0918
60	0.1270	0.1710	0.0241	0.0923
61	0.1238	0.1718	0.0242	0.0926
62	0.1207	0.1730	0.0243	0.0930
63	0.1174	0.1739	0.0244	0.0934
64	0.1186	0.1746	0.0245	0.0937
65	0.1145	0.1751	0.0246	0.0941
66	0.1126	0.1756	0.0246	0.0944
67	0.1118	0.1769	0.0248	0.0949
68	0.1098	0.1782	0.0250	0.0956
69	0.1064	0.1786	0.0250	0.0958
70	0.1028	0.1790	0.0250	0.0960
71	0.1012	0.1802	0.0252	0.0967
72	0.1020	0.1811	0.0253	0.0971
73	0.1009	0.1810	0.0253	0.0973
74	0.0982	0.1824	0.0255	0.0980
75	0.0961	0.1829	0.0255	0.0983
76	0.0970	0.1834	0.0255	0.0986
77	0.0897	0.1837	0.0256	0.0989
78	0.0910	0.1842	0.0256	0.0990
79	0.0902	0.1849	0.0257	0.0994
80	0.0912	0.1855	0.0258	0.0998
81	0.0887	0.1857	0.0258	0.1000
82	0.0886	0.1862	0.0258	0.1003
83	0.0857	0.1874	0.0259	0.1009
84	0.0844	0.1879	0.0260	0.1014
85	0.0832	0.1889	0.0261	0.1019
86	0.0836	0.1898	0.0262	0.1023
87	0.0783	0.1895	0.0262	0.1023
88	0.0791	0.1901	0.0263	0.1026
89	0.0794	0.1902	0.0263	0.1028
90	0.0769	0.1898	0.0263	0.1030
91	0.0755	0.1906	0.0264	0.1033
92	0.0771	0.1917	0.0264	0.1037
93	0.0732	0.1919	0.0265	0.1039
94	0.0712	0.1920	0.0265	0.1041
95	0.0722	0.1923	0.0265	0.1043
96	0.0720	0.1932	0.0266	0.1049
97	0.0690	0.1934	0.0266	0.1051
98	0.0700	0.1942	0.0267	0.1055
99	0.0696	0.1946	0.0268	0.1057
100	0.0670	0.1951	0.0268	0.1060
101	0.0653	0.1956	0.0268	0.1062
102	0.0659	0.1960	0.0269	0.1065
103	0.0655	0.1966	0.0269	0.1068
104	0.0635	0.1968	0.0270	0.1070
105	0.0623	0.1970	0.0270	0.1072
106	0.0629	0.1972	0.0271	0.1075
107	0.0622	0.1975	0.0271	0.1078
108	0.0609	0.1980	0.0272	0.1082
109	0.0601	0.1987	0.0272	0.1086
110	0.0584	0.1987	0.0272	0.1088
111	0.0587	0.1994	0.0272	0.1091
112	0.0588	0.1995	0.0273	0.1093
113	0.0581	0.1990	0.0273	0.1093
114	0.0574	0.1998	0.0273	0.1096
115	0.0558	0.2005	0.0274	0.1101
116	0.0547	0.2007	0.0274	0.1103
117	0.0544	0.2011	0.0274	0.1104
118	0.0519	0.2013	0.0274	0.1107
119	0.0530	0.2016	0.0275	0.1109
120	0.0520	0.2016	0.0275	0.1112
121	0.0530	0.2020	0.0275	0.1115
122	0.0515	0.2022	0.0275	0.1116
123	0.0507	0.2029	0.0276	0.1121
124	0.0494	0.2027	0.0275	0.1122
125	0.0484	0.2030	0.0275	0.1123
126	0.0470	0.2025	0.0275	0.1120
127	0.0468	0.2028	0.0276	0.1120
128	0.0457	0.2033	0.0276	0.1121
129	0.0453	0.2035	0.0276	0.1124
130	0.0455	0.2037	0.0276	0.1127
131	0.0465	0.2030	0.0276	0.1128
132	0.0442	0.2040	0.0276	0.1132
133	0.0454	0.2041	0.0277	0.1134
134	0.0458	0.2036	0.0276	0.1133
135	0.0450	0.2034	0.0276	0.1135
136	0.0438	0.2038	0.0276	0.1136
137	0.0430	0.2041	0.0277	0.1138
138	0.0433	0.2043	0.0277	0.1138
139	0.0428	0.2042	0.0276	0.1137
140	0.0444	0.2052	0.0278	0.1143
141	0.0423	0.2058	0.0278	0.1145
142	0.0418	0.2057	0.0278	0.1145
143	0.0410	0.2057	0.0278	0.1145
144	0.0403	0.2060	0.0278	0.1147
145	0.0399	0.2061	0.0278	0.1148
146	0.0379	0.2058	0.0278	0.1148
147	0.0388	0.2061	0.0278	0.1151
148	0.0400	0.2067	0.0279	0.1153
149	0.0373	0.2068	0.0279	0.1154
150	0.0372	0.2066	0.0279	0.1155
