{"n_layers": 3, "device": "cuda", "batch_size": 2048, "embedding_dim": 128, "learning_rate": 0.001, "dataset": "dbbook", "epochs": 150, "model": "ef-mmlgcn", "fusion": "mean", "top_k": [5, 10, 20, 50], "seed": 19, "multimodal": false}
Epoch	Loss	Precision@5	Recall@5	NDCG@5	Precision@10	Recall@10	NDCG@10	Precision@20	Recall@20	NDCG@20	Precision@50	Recall@50	NDCG@50
1	0.6921	0.0232	0.0158	0.0212	0.0224	0.0306	0.0257	0.0229	0.061	0.0393	0.0185	0.125	0.0632
2	0.6827	0.0223	0.0144	0.0213	0.0193	0.025	0.0231	0.0221	0.0589	0.0378	0.0177	0.118	0.06
3	0.6471	0.0226	0.0143	0.0215	0.0191	0.0245	0.0228	0.0215	0.0574	0.0369	0.0174	0.1156	0.0588
4	0.5822	0.0216	0.0139	0.0208	0.0194	0.0247	0.0229	0.0209	0.0559	0.0363	0.0173	0.1148	0.0585
5	0.5082	0.0211	0.0137	0.0202	0.0193	0.0247	0.0227	0.0208	0.0556	0.0359	0.0173	0.1146	0.0582
6	0.4475	0.0211	0.014	0.0203	0.0199	0.0258	0.0232	0.0208	0.0558	0.036	0.0173	0.1146	0.0583
7	0.4061	0.0216	0.0143	0.0207	0.0208	0.0268	0.024	0.0209	0.0563	0.0364	0.0175	0.1164	0.0591
8	0.3839	0.0216	0.0142	0.0207	0.0206	0.0267	0.024	0.021	0.0566	0.0367	0.0175	0.1161	0.0592
9	0.3673	0.0222	0.0147	0.0212	0.0209	0.0274	0.0244	0.021	0.0569	0.0369	0.0174	0.1161	0.0593
10	0.3557	0.0222	0.0146	0.0211	0.0208	0.0273	0.0244	0.0209	0.0561	0.0366	0.0173	0.1153	0.059
11	0.3440	0.0222	0.0148	0.0213	0.021	0.0275	0.0246	0.021	0.0566	0.0369	0.0174	0.1158	0.0593
12	0.3373	0.0223	0.015	0.0215	0.0211	0.0276	0.0247	0.021	0.0564	0.037	0.0174	0.116	0.0595
13	0.3306	0.0231	0.0155	0.0221	0.0214	0.028	0.0251	0.021	0.0565	0.0372	0.0176	0.1172	0.0601
14	0.3213	0.0242	0.0162	0.023	0.0217	0.0285	0.0256	0.021	0.0566	0.0376	0.0178	0.1184	0.0609
15	0.3149	0.0246	0.0166	0.0235	0.022	0.0289	0.026	0.0211	0.0569	0.0379	0.0179	0.1197	0.0615
16	0.3055	0.025	0.0169	0.0238	0.0221	0.0291	0.0262	0.0215	0.0578	0.0384	0.018	0.12	0.0618
17	0.3032	0.0252	0.017	0.024	0.022	0.029	0.0263	0.0217	0.0584	0.0389	0.0181	0.1212	0.0625
18	0.2971	0.0257	0.0175	0.0244	0.0225	0.0298	0.0268	0.0221	0.0592	0.0395	0.0183	0.1228	0.0634
19	0.2840	0.0263	0.0179	0.025	0.0227	0.0301	0.0272	0.0223	0.0598	0.0401	0.0186	0.1244	0.0643
20	0.2836	0.0274	0.0186	0.0259	0.0233	0.0308	0.0278	0.0228	0.0614	0.0411	0.0189	0.1266	0.0655
21	0.2775	0.028	0.0189	0.0263	0.0234	0.031	0.0279	0.0234	0.0633	0.042	0.019	0.128	0.0662
22	0.2713	0.0285	0.0194	0.0269	0.0246	0.033	0.0292	0.0238	0.0643	0.0428	0.0192	0.1296	0.0672
23	0.2615	0.0289	0.0197	0.0273	0.0249	0.0336	0.0297	0.0241	0.0651	0.0435	0.0195	0.1319	0.0684
24	0.2591	0.0296	0.0202	0.028	0.0252	0.034	0.0301	0.0245	0.0664	0.0443	0.0197	0.1334	0.0693
25	0.2503	0.0302	0.0206	0.0285	0.0261	0.0356	0.0312	0.0247	0.0669	0.0449	0.0199	0.1346	0.0702
26	0.2395	0.0309	0.0215	0.0291	0.0267	0.0365	0.0319	0.0252	0.0682	0.0458	0.0201	0.1366	0.0712
27	0.2329	0.0317	0.022	0.0299	0.0276	0.0377	0.0328	0.0256	0.0693	0.0466	0.0203	0.1381	0.0721
28	0.2334	0.0323	0.0225	0.0305	0.0275	0.0377	0.033	0.0257	0.0696	0.047	0.0206	0.1399	0.0732
29	0.2229	0.0327	0.0229	0.0313	0.028	0.0383	0.0339	0.026	0.0706	0.0479	0.0207	0.1417	0.0743
30	0.2222	0.0327	0.0229	0.0314	0.0281	0.0386	0.0342	0.0264	0.0715	0.0486	0.0209	0.1429	0.0751
31	0.2161	0.0331	0.0231	0.0319	0.0292	0.04	0.0352	0.0266	0.0722	0.0492	0.0211	0.1441	0.076
32	0.2092	0.0336	0.0234	0.0324	0.0298	0.0412	0.0361	0.0269	0.0731	0.0499	0.0213	0.1457	0.077
33	0.2031	0.0335	0.0236	0.0326	0.0305	0.0425	0.0369	0.0271	0.0738	0.0505	0.0216	0.1474	0.078
34	0.1952	0.034	0.024	0.0331	0.031	0.0431	0.0376	0.0273	0.0749	0.0512	0.0217	0.1486	0.0787
35	0.1902	0.0343	0.0241	0.0336	0.0309	0.0429	0.0378	0.0273	0.075	0.0516	0.0218	0.1495	0.0794
36	0.1880	0.035	0.0246	0.0344	0.031	0.043	0.0382	0.0274	0.0757	0.0522	0.0219	0.1502	0.0801
37	0.1793	0.0361	0.0254	0.0354	0.0312	0.0433	0.0387	0.0276	0.0759	0.0527	0.0221	0.1517	0.081
38	0.1726	0.0364	0.0255	0.0361	0.0315	0.0435	0.0392	0.028	0.0771	0.0536	0.0222	0.1526	0.0818
39	0.1753	0.0367	0.0256	0.0367	0.0315	0.0433	0.0396	0.0283	0.0782	0.0545	0.0224	0.1542	0.0828
40	0.1666	0.0364	0.0256	0.0366	0.0318	0.0435	0.0399	0.0284	0.0784	0.0548	0.0225	0.1554	0.0834
41	0.1690	0.037	0.0261	0.0371	0.032	0.0441	0.0403	0.0284	0.0784	0.055	0.0226	0.1563	0.084
42	0.1587	0.0377	0.0265	0.0376	0.0323	0.0447	0.0407	0.0287	0.0792	0.0555	0.0228	0.1584	0.0848
43	0.1553	0.0385	0.0269	0.0381	0.0329	0.0458	0.0413	0.0288	0.0797	0.0559	0.023	0.1595	0.0854
44	0.1533	0.0383	0.0269	0.0381	0.0331	0.0462	0.0416	0.029	0.0805	0.0563	0.0232	0.1607	0.086
45	0.1492	0.0381	0.0269	0.0382	0.0334	0.0466	0.0421	0.0291	0.0811	0.0567	0.0232	0.1618	0.0865
46	0.1454	0.0384	0.0273	0.0383	0.0336	0.047	0.0422	0.0293	0.0815	0.0569	0.0234	0.1623	0.0869
47	0.1426	0.0383	0.0272	0.0382	0.0336	0.0473	0.0423	0.0296	0.0822	0.0573	0.0235	0.1637	0.0874
48	0.1399	0.0383	0.0274	0.0382	0.0336	0.0473	0.0423	0.0298	0.083	0.0576	0.0236	0.1646	0.0878
49	0.1353	0.0389	0.0279	0.0389	0.0339	0.0477	0.0428	0.0301	0.0838	0.0582	0.0237	0.165	0.0882
50	0.1334	0.0396	0.0284	0.0394	0.0343	0.0481	0.0433	0.0303	0.0844	0.0588	0.0239	0.1667	0.089
51	0.1294	0.0395	0.0284	0.0395	0.0345	0.0483	0.0435	0.0306	0.0852	0.0593	0.0241	0.169	0.09
52	0.1268	0.04	0.0288	0.0399	0.0346	0.0488	0.0438	0.0309	0.0861	0.0598	0.0243	0.1702	0.0907
53	0.1245	0.04	0.0289	0.0402	0.0349	0.049	0.0442	0.0308	0.0858	0.06	0.0244	0.1712	0.0913
54	0.1239	0.04	0.0289	0.0404	0.0352	0.0496	0.0447	0.0311	0.0869	0.0607	0.0245	0.1726	0.0921
55	0.1201	0.0404	0.0293	0.0411	0.0353	0.0501	0.0452	0.0313	0.0878	0.0614	0.0247	0.1737	0.0929
56	0.1177	0.0401	0.029	0.0409	0.0355	0.0503	0.0454	0.0314	0.088	0.0615	0.0248	0.1751	0.0934
57	0.1154	0.0404	0.0292	0.0413	0.0357	0.0509	0.0459	0.0316	0.0886	0.0621	0.025	0.1765	0.0943
58	0.1128	0.0408	0.0294	0.0419	0.036	0.0514	0.0465	0.0316	0.0889	0.0625	0.0251	0.1774	0.0949
59	0.1108	0.0407	0.0294	0.0418	0.0362	0.0517	0.0466	0.0318	0.0893	0.0628	0.0251	0.1782	0.0952
60	0.1092	0.0407	0.0294	0.0419	0.0365	0.0522	0.047	0.0318	0.0892	0.0629	0.0253	0.1794	0.0958
61	0.1063	0.0409	0.0298	0.0422	0.0364	0.052	0.0471	0.0319	0.0896	0.0633	0.0253	0.18	0.0962
62	0.1044	0.041	0.0301	0.0425	0.0367	0.0525	0.0475	0.032	0.0901	0.0637	0.0255	0.1813	0.0969
63	0.1035	0.0409	0.0302	0.0424	0.0369	0.0527	0.0476	0.0324	0.0912	0.0642	0.0256	0.182	0.0972
64	0.0995	0.0408	0.0301	0.0425	0.037	0.0528	0.0478	0.0326	0.0919	0.0646	0.0256	0.183	0.0977
65	0.0980	0.0409	0.0302	0.0426	0.0371	0.0531	0.0479	0.0326	0.0923	0.0648	0.0258	0.184	0.0982
66	0.0983	0.0413	0.0306	0.0432	0.0371	0.0533	0.0482	0.0329	0.0932	0.0654	0.0259	0.1849	0.0988
67	0.0965	0.042	0.0309	0.0439	0.0375	0.0537	0.0488	0.0329	0.0933	0.0658	0.026	0.1857	0.0994
68	0.0944	0.0424	0.0312	0.0442	0.0378	0.0543	0.0492	0.033	0.0938	0.0661	0.0261	0.1873	0.1001
69	0.0902	0.0423	0.0313	0.0443	0.0381	0.0548	0.0495	0.0333	0.0945	0.0666	0.0262	0.1882	0.1006
70	0.0892	0.0424	0.0314	0.0444	0.0383	0.0552	0.0498	0.0334	0.0948	0.0669	0.0263	0.1891	0.101
71	0.0874	0.0426	0.0314	0.0446	0.0388	0.0557	0.0502	0.0337	0.0955	0.0673	0.0264	0.1898	0.1014
72	0.0863	0.0426	0.0314	0.0446	0.0388	0.0556	0.0502	0.0339	0.0965	0.0677	0.0264	0.1904	0.1016
73	0.0871	0.0429	0.0316	0.0449	0.0391	0.056	0.0506	0.0341	0.0971	0.0681	0.0264	0.1909	0.1019
74	0.0806	0.0431	0.0318	0.0452	0.0391	0.0561	0.0508	0.0342	0.0972	0.0683	0.0265	0.1915	0.1024
75	0.0834	0.0434	0.032	0.0454	0.0391	0.0562	0.0508	0.0343	0.0975	0.0685	0.0266	0.1922	0.1028
76	0.0792	0.0437	0.0323	0.0458	0.0394	0.0566	0.0512	0.0345	0.0986	0.0691	0.0267	0.1924	0.1031
77	0.0779	0.0438	0.0325	0.0459	0.0398	0.0573	0.0517	0.0347	0.0992	0.0696	0.0267	0.1928	0.1034
78	0.0785	0.0437	0.0324	0.0459	0.0402	0.0578	0.0521	0.0347	0.0996	0.0698	0.0268	0.1936	0.1038
79	0.0776	0.0438	0.0327	0.0461	0.0403	0.0579	0.0522	0.0348	0.0999	0.07	0.0268	0.1937	0.104
80	0.0736	0.0438	0.0325	0.0462	0.0401	0.0578	0.0523	0.035	0.1005	0.0704	0.0269	0.1947	0.1045
81	0.0741	0.0441	0.0326	0.0464	0.0404	0.0581	0.0526	0.0352	0.1012	0.0708	0.027	0.1954	0.1049
82	0.0715	0.0444	0.033	0.0468	0.0405	0.0583	0.0528	0.0352	0.1015	0.071	0.027	0.1959	0.1052
83	0.0739	0.0448	0.0334	0.0472	0.0407	0.0587	0.0532	0.0352	0.1015	0.0713	0.0271	0.1962	0.1056
84	0.0699	0.0449	0.0336	0.0473	0.041	0.0592	0.0535	0.0352	0.1015	0.0714	0.0271	0.1969	0.1059
85	0.0705	0.0449	0.0336	0.0475	0.041	0.0597	0.0538	0.0353	0.1021	0.0717	0.0272	0.1977	0.1064
86	0.0673	0.0452	0.0339	0.0478	0.0412	0.0601	0.0542	0.0354	0.1024	0.072	0.0274	0.1991	0.107
87	0.0652	0.0455	0.034	0.048	0.0414	0.0605	0.0544	0.0354	0.1028	0.0722	0.0274	0.199	0.1071
88	0.0660	0.0455	0.034	0.048	0.0416	0.0606	0.0546	0.0356	0.1031	0.0724	0.0273	0.1987	0.1071
89	0.0656	0.0458	0.0342	0.0484	0.0417	0.0606	0.0548	0.0359	0.1042	0.0731	0.0274	0.1994	0.1075
90	0.0655	0.0456	0.0344	0.0483	0.0419	0.0612	0.055	0.0359	0.1043	0.0731	0.0274	0.1992	0.1076
91	0.0622	0.0459	0.0344	0.0485	0.0421	0.0617	0.0553	0.036	0.1048	0.0734	0.0275	0.2	0.108
92	0.0601	0.0459	0.0345	0.0486	0.0422	0.0621	0.0555	0.0362	0.1051	0.0737	0.0275	0.2005	0.1081
93	0.0606	0.0458	0.0345	0.0487	0.0424	0.0622	0.0558	0.0363	0.1058	0.0741	0.0275	0.2002	0.1083
94	0.0614	0.046	0.0347	0.0489	0.0425	0.0622	0.0559	0.0364	0.106	0.0743	0.0275	0.2002	0.1084
95	0.0621	0.0462	0.0348	0.049	0.0424	0.0624	0.0559	0.0366	0.1065	0.0746	0.0275	0.2002	0.1086
96	0.0565	0.0463	0.0349	0.0492	0.0425	0.0626	0.0561	0.0367	0.1071	0.0749	0.0275	0.2003	0.1087
97	0.0580	0.0468	0.0356	0.0497	0.0427	0.0628	0.0564	0.0369	0.1077	0.0752	0.0276	0.2007	0.109
98	0.0553	0.0467	0.0356	0.0495	0.0428	0.0631	0.0564	0.0368	0.1078	0.0752	0.0276	0.2016	0.1092
99	0.0550	0.0467	0.0356	0.0496	0.0426	0.0628	0.0563	0.0368	0.1078	0.0752	0.0276	0.2011	0.1091
100	0.0559	0.0471	0.0356	0.0499	0.0427	0.0629	0.0565	0.037	0.1081	0.0756	0.0276	0.2016	0.1095
101	0.0523	0.0475	0.036	0.0503	0.0428	0.0632	0.0568	0.0369	0.1079	0.0757	0.0277	0.2017	0.1098
102	0.0532	0.0479	0.0364	0.0506	0.0427	0.0631	0.0568	0.037	0.1083	0.0759	0.0276	0.2016	0.1098
103	0.0519	0.0479	0.0366	0.0508	0.043	0.0635	0.0571	0.0371	0.1085	0.0761	0.0277	0.2022	0.11
104	0.0519	0.0477	0.0368	0.0508	0.0431	0.0636	0.0573	0.037	0.1085	0.0762	0.0277	0.2028	0.1103
105	0.0499	0.048	0.037	0.0512	0.0431	0.0637	0.0575	0.0371	0.1088	0.0764	0.0278	0.2033	0.1107
106	0.0499	0.048	0.0369	0.0512	0.0431	0.0638	0.0576	0.0371	0.1088	0.0765	0.0278	0.2034	0.1108
107	0.0498	0.0484	0.0373	0.0516	0.0434	0.0642	0.0579	0.0371	0.1089	0.0766	0.0279	0.2039	0.1111
108	0.0503	0.0489	0.0376	0.052	0.0435	0.0645	0.0581	0.0373	0.1096	0.0771	0.0279	0.2047	0.1114
109	0.0474	0.049	0.0377	0.0522	0.0437	0.0651	0.0585	0.0374	0.1095	0.0773	0.028	0.2049	0.1117
110	0.0487	0.0493	0.038	0.0524	0.0439	0.0655	0.0587	0.0375	0.1103	0.0775	0.028	0.2053	0.1119
111	0.0454	0.0498	0.0384	0.053	0.0441	0.0656	0.059	0.0377	0.1111	0.078	0.0281	0.206	0.1124
112	0.0470	0.0499	0.0382	0.0531	0.0443	0.066	0.0593	0.0378	0.1112	0.0783	0.0281	0.2057	0.1125
113	0.0435	0.0501	0.0386	0.0533	0.0443	0.066	0.0594	0.0377	0.111	0.0782	0.0281	0.2061	0.1127
114	0.0451	0.0503	0.0384	0.0535	0.0444	0.0663	0.0597	0.0377	0.1114	0.0785	0.0281	0.2066	0.113
115	0.0446	0.0506	0.0389	0.054	0.0445	0.0664	0.0599	0.0378	0.1119	0.0789	0.0281	0.2067	0.1132
116	0.0440	0.0512	0.0391	0.0545	0.0446	0.0667	0.0602	0.0378	0.1123	0.0792	0.0282	0.207	0.1135
117	0.0426	0.051	0.0389	0.0543	0.0448	0.0669	0.0603	0.038	0.1129	0.0794	0.0282	0.2076	0.1137
118	0.0413	0.0511	0.039	0.0545	0.0446	0.067	0.0604	0.038	0.1129	0.0796	0.0282	0.2079	0.1139
119	0.0430	0.0512	0.0391	0.0548	0.0449	0.0674	0.0608	0.038	0.1128	0.0797	0.0283	0.2086	0.1143
120	0.0429	0.0514	0.0392	0.055	0.0448	0.0674	0.0609	0.0381	0.113	0.0799	0.0283	0.2087	0.1144
121	0.0421	0.0513	0.0394	0.055	0.0447	0.067	0.0608	0.0381	0.113	0.08	0.0282	0.2085	0.1144
122	0.0394	0.0511	0.0392	0.0549	0.0447	0.0672	0.0609	0.0382	0.1134	0.0802	0.0282	0.2086	0.1145
123	0.0401	0.0511	0.0391	0.0549	0.0448	0.0675	0.0611	0.0382	0.1134	0.0802	0.0282	0.209	0.1146
124	0.0397	0.0513	0.0392	0.0552	0.0448	0.0678	0.0613	0.0382	0.1137	0.0805	0.0282	0.2087	0.1147
125	0.0405	0.0513	0.0392	0.0552	0.045	0.0681	0.0614	0.0382	0.1139	0.0805	0.0281	0.2078	0.1145
126	0.0387	0.0514	0.0395	0.0552	0.0451	0.0682	0.0614	0.0382	0.1139	0.0805	0.0282	0.208	0.1145
127	0.0386	0.0515	0.0395	0.0554	0.0451	0.0682	0.0616	0.0383	0.1144	0.0809	0.0282	0.2084	0.1149
128	0.0382	0.0515	0.0396	0.0556	0.0453	0.0685	0.062	0.0383	0.1146	0.081	0.0283	0.2086	0.1151
129	0.0378	0.0518	0.0398	0.0558	0.0453	0.0685	0.062	0.0383	0.1147	0.0811	0.0282	0.2092	0.1153
130	0.0367	0.0521	0.0402	0.056	0.0454	0.0687	0.062	0.0384	0.1148	0.0811	0.0282	0.2089	0.1151
131	0.0372	0.052	0.0402	0.0559	0.0453	0.0686	0.062	0.0384	0.1155	0.0814	0.0282	0.2093	0.1153
132	0.0370	0.0521	0.0402	0.0562	0.0455	0.0692	0.0624	0.0384	0.1152	0.0815	0.0282	0.2094	0.1155
133	0.0359	0.0524	0.0404	0.0565	0.0456	0.0692	0.0626	0.0384	0.1153	0.0817	0.0282	0.2097	0.1157
134	0.0348	0.0523	0.0404	0.0564	0.0454	0.0689	0.0624	0.0385	0.1154	0.0817	0.0282	0.2095	0.1156
135	0.0356	0.0525	0.0406	0.0566	0.0455	0.0689	0.0625	0.0383	0.1152	0.0816	0.0282	0.2093	0.1156
136	0.0346	0.0525	0.0406	0.0566	0.0455	0.069	0.0625	0.0383	0.1151	0.0815	0.0281	0.2089	0.1154
137	0.0356	0.0525	0.0406	0.0567	0.0457	0.0692	0.0626	0.0383	0.1151	0.0816	0.0281	0.2087	0.1154
138	0.0343	0.0522	0.0404	0.0565	0.0457	0.0694	0.0627	0.0384	0.1153	0.0817	0.028	0.2084	0.1153
139	0.0341	0.0527	0.0407	0.0568	0.0457	0.0694	0.0629	0.0383	0.1153	0.0818	0.0281	0.2086	0.1155
140	0.0349	0.0526	0.0408	0.0568	0.0456	0.0693	0.0627	0.0382	0.1152	0.0816	0.028	0.2085	0.1154
141	0.0340	0.0525	0.0407	0.0567	0.0457	0.0696	0.0629	0.0381	0.1148	0.0816	0.028	0.2084	0.1154
142	0.0314	0.0525	0.0406	0.0569	0.0457	0.0695	0.063	0.0382	0.115	0.0818	0.028	0.2088	0.1156
143	0.0320	0.0527	0.0407	0.057	0.0459	0.0698	0.0632	0.0382	0.1151	0.0819	0.028	0.2087	0.1157
144	0.0312	0.0527	0.0407	0.057	0.0459	0.0698	0.0632	0.0381	0.1151	0.0819	0.028	0.209	0.1157
145	0.0314	0.0527	0.0407	0.0571	0.0458	0.0697	0.0633	0.0382	0.1154	0.0821	0.028	0.2085	0.1157
146	0.0324	0.0527	0.0407	0.057	0.0459	0.0696	0.0632	0.0381	0.1153	0.082	0.028	0.2085	0.1157
147	0.0314	0.0527	0.0407	0.0572	0.0459	0.0696	0.0634	0.0384	0.1161	0.0825	0.028	0.2092	0.116
148	0.0278	0.0525	0.0406	0.0571	0.046	0.0699	0.0636	0.0384	0.1161	0.0825	0.028	0.2094	0.1161
149	0.0296	0.0525	0.0405	0.0572	0.046	0.07	0.0637	0.0384	0.1161	0.0826	0.028	0.2094	0.1162
150	0.0300	0.0526	0.0406	0.0573	0.046	0.0702	0.0638	0.0384	0.1157	0.0826	0.0279	0.2091	0.1162
