{"device": "cuda:2", "multimodal": true, "embedding_dim": 512, "n_layers": 1, "epochs": 500, "learning_rate": 0.001, "log": true, "seed": 19, "top_k": [5, 10, 20, 50], "dataset": "dbbook", "batch_size": 2048, "single_branch": false, "autoencoder": false, "ensemble_fusion": false, "freeze": true, "fusion_modalities": "mean", "fusion_type": "late", "info_nce": false, "weighting": false, "datasets": {"dbbook": ["images", "text"], "ml1m": ["audio", "images", "text", "video"]}}
Epoch	T-Loss	V-Loss	Precision@5	Recall@5	NDCG@5	Precision@10	Recall@10	NDCG@10	Precision@20	Recall@20	NDCG@20	Precision@50	Recall@50	NDCG@50
1	0.693	0.6929	0.005	0.0037	0.0055	0.0041	0.0067	0.006	0.0038	0.0121	0.0083	0.0031	0.026	0.0129
2	0.691	0.6926	0.0148	0.0134	0.0178	0.0112	0.0195	0.0183	0.0085	0.0299	0.0224	0.006	0.0513	0.0298
3	0.689	0.6922	0.0274	0.0242	0.0338	0.0205	0.0351	0.0343	0.0143	0.0481	0.0394	0.0088	0.0745	0.0484
4	0.6867	0.6917	0.0404	0.0356	0.0501	0.0286	0.0487	0.0492	0.019	0.064	0.0549	0.0112	0.0933	0.065
5	0.6841	0.6911	0.0502	0.0433	0.0617	0.0352	0.0585	0.0599	0.0235	0.078	0.067	0.0136	0.112	0.0788
6	0.681	0.6902	0.0579	0.0486	0.0709	0.0411	0.0673	0.0691	0.0276	0.0899	0.0773	0.0161	0.131	0.0916
7	0.6771	0.6891	0.0641	0.053	0.078	0.0461	0.0745	0.0762	0.0312	0.1005	0.0857	0.0184	0.1474	0.1022
8	0.6726	0.6876	0.0672	0.0554	0.0816	0.0488	0.079	0.0802	0.0339	0.1086	0.0912	0.0204	0.1613	0.11
9	0.667	0.6858	0.0685	0.056	0.0829	0.0511	0.0814	0.0822	0.0362	0.1145	0.0947	0.0222	0.1733	0.1157
10	0.6604	0.6835	0.069	0.0559	0.0835	0.0523	0.083	0.0834	0.0377	0.1185	0.0969	0.0234	0.1822	0.1197
11	0.6526	0.6806	0.0696	0.0564	0.0839	0.0527	0.0831	0.0836	0.0385	0.1204	0.0979	0.0246	0.1909	0.123
12	0.6436	0.6771	0.0686	0.055	0.0832	0.0535	0.0834	0.0839	0.0393	0.1217	0.0987	0.0253	0.1948	0.1248
13	0.6333	0.6729	0.0694	0.0558	0.084	0.0536	0.0828	0.084	0.0397	0.1229	0.0995	0.0258	0.1977	0.1263
14	0.6215	0.6679	0.0692	0.055	0.0833	0.0536	0.0831	0.0838	0.0401	0.1231	0.0994	0.0262	0.2009	0.1271
15	0.6084	0.6621	0.0691	0.0548	0.0829	0.0537	0.0832	0.0836	0.0405	0.1239	0.0996	0.0264	0.2016	0.1272
16	0.5942	0.6552	0.0693	0.0543	0.0828	0.0537	0.0828	0.0833	0.0406	0.1232	0.0992	0.0268	0.2038	0.1279
17	0.5788	0.6485	0.069	0.0535	0.0822	0.0537	0.0827	0.0829	0.0406	0.1228	0.0988	0.0271	0.2048	0.1281
18	0.5623	0.6401	0.0694	0.0541	0.0826	0.0534	0.0815	0.0825	0.0407	0.1228	0.0988	0.027	0.204	0.1279
19	0.5449	0.6314	0.0696	0.0538	0.083	0.0534	0.0818	0.0828	0.0406	0.1225	0.0989	0.0271	0.2039	0.1282
20	0.5268	0.6227	0.0695	0.0536	0.0827	0.0536	0.0816	0.0827	0.0406	0.122	0.0986	0.0272	0.2043	0.1282
21	0.5085	0.6132	0.0692	0.0533	0.0824	0.0536	0.0815	0.0825	0.0402	0.1204	0.098	0.0272	0.2045	0.128
22	0.4897	0.6023	0.0692	0.0533	0.0822	0.0536	0.0815	0.0824	0.0404	0.1202	0.0979	0.0272	0.2048	0.128
23	0.4712	0.5923	0.0692	0.0529	0.0819	0.0534	0.0812	0.082	0.0405	0.1207	0.0978	0.0273	0.205	0.1279
24	0.4526	0.5829	0.0692	0.053	0.0817	0.0533	0.0808	0.0817	0.0405	0.1208	0.0977	0.0274	0.2051	0.1279
25	0.4336	0.5716	0.0694	0.0531	0.082	0.0534	0.0811	0.082	0.0405	0.1203	0.0977	0.0274	0.2054	0.128
26	0.4156	0.5623	0.0692	0.053	0.0817	0.0536	0.0815	0.0821	0.0407	0.1209	0.0979	0.0274	0.2051	0.1279
27	0.3986	0.5542	0.0694	0.0527	0.0815	0.0538	0.0816	0.082	0.0407	0.1207	0.0978	0.0274	0.2058	0.128
28	0.382	0.5427	0.0697	0.0528	0.0818	0.0538	0.0813	0.0821	0.0408	0.1214	0.098	0.0275	0.2065	0.1283
29	0.366	0.5331	0.0698	0.053	0.0821	0.0538	0.0811	0.0823	0.0408	0.1215	0.0983	0.0275	0.2058	0.1284
30	0.3504	0.525	0.0696	0.0532	0.0821	0.054	0.0815	0.0825	0.0409	0.122	0.0985	0.0275	0.2056	0.1284
31	0.3369	0.515	0.0697	0.0533	0.0822	0.054	0.0813	0.0824	0.041	0.1223	0.0986	0.0275	0.2053	0.1283
32	0.3221	0.5083	0.0696	0.0534	0.0823	0.0543	0.0815	0.0827	0.0411	0.1228	0.0989	0.0275	0.2059	0.1286
33	0.3086	0.5025	0.0694	0.0531	0.0821	0.0544	0.0818	0.0828	0.0411	0.1229	0.099	0.0275	0.2054	0.1285
34	0.2966	0.4953	0.0701	0.0538	0.0826	0.0544	0.0817	0.0829	0.041	0.1226	0.0989	0.0275	0.2053	0.1286
35	0.2851	0.4855	0.0696	0.0533	0.0823	0.0543	0.0815	0.0828	0.041	0.1222	0.0988	0.0276	0.2056	0.1287
36	0.2733	0.4828	0.0695	0.0533	0.0823	0.0544	0.0815	0.0828	0.041	0.1224	0.0988	0.0275	0.2055	0.1286
37	0.2631	0.4754	0.0699	0.0537	0.0825	0.0542	0.0815	0.0827	0.041	0.1227	0.0989	0.0276	0.2059	0.1288
38	0.2529	0.468	0.07	0.0537	0.0827	0.0543	0.0818	0.0828	0.0409	0.1225	0.0988	0.0276	0.2063	0.1289
39	0.2446	0.4625	0.0701	0.0539	0.0826	0.0545	0.0822	0.083	0.041	0.1227	0.0989	0.0276	0.2066	0.1289
40	0.2343	0.4591	0.07	0.0537	0.0825	0.0547	0.0823	0.083	0.0412	0.1231	0.0991	0.0277	0.2072	0.1291
41	0.2265	0.4529	0.0702	0.0537	0.0827	0.0548	0.0826	0.0833	0.0413	0.1235	0.0993	0.0277	0.2073	0.1293
42	0.2177	0.4497	0.0702	0.0536	0.0825	0.0548	0.0829	0.0832	0.0414	0.1237	0.0993	0.0278	0.2075	0.1294
43	0.2108	0.4448	0.0704	0.0537	0.0827	0.0548	0.083	0.0834	0.0414	0.1243	0.0997	0.0278	0.2084	0.1298
44	0.2039	0.4405	0.0709	0.0543	0.0834	0.0548	0.083	0.0837	0.0415	0.1242	0.1	0.0279	0.2086	0.1302
45	0.1973	0.4398	0.0712	0.0545	0.0835	0.0549	0.0836	0.0838	0.0417	0.1253	0.1003	0.0279	0.2084	0.1301
46	0.1895	0.4321	0.0713	0.0549	0.0838	0.0551	0.084	0.0841	0.0416	0.1249	0.1003	0.0279	0.2087	0.1303
47	0.1828	0.4324	0.0713	0.0551	0.084	0.0552	0.0839	0.0843	0.0417	0.1248	0.1005	0.0279	0.2086	0.1304
48	0.1784	0.4292	0.0715	0.0552	0.084	0.0554	0.0842	0.0844	0.0417	0.1251	0.1005	0.0278	0.2083	0.1304
49	0.1724	0.4198	0.0714	0.0551	0.0839	0.0555	0.0844	0.0844	0.0416	0.125	0.1004	0.0279	0.2085	0.1304
50	0.1662	0.4198	0.0713	0.0551	0.0838	0.0554	0.0843	0.0843	0.0418	0.1252	0.1005	0.0279	0.2089	0.1305
51	0.1613	0.4215	0.0714	0.0553	0.084	0.0556	0.0846	0.0846	0.0418	0.1254	0.1007	0.028	0.2094	0.1308
52	0.1553	0.4188	0.0715	0.0554	0.084	0.0556	0.0848	0.0846	0.0418	0.1253	0.1007	0.028	0.2095	0.1308
53	0.1515	0.4135	0.0718	0.0556	0.0843	0.0557	0.0847	0.0848	0.0418	0.1253	0.1009	0.028	0.2088	0.1309
54	0.1466	0.4147	0.0717	0.0555	0.0844	0.0559	0.0853	0.0852	0.042	0.1261	0.1013	0.028	0.2089	0.1311
55	0.1425	0.4104	0.0717	0.0553	0.0846	0.0559	0.0852	0.0854	0.042	0.1263	0.1016	0.028	0.2094	0.1316
56	0.1391	0.4133	0.0717	0.0554	0.0847	0.0561	0.0855	0.0856	0.042	0.1265	0.1017	0.0281	0.21	0.1318
57	0.1355	0.4082	0.0722	0.056	0.085	0.0561	0.0857	0.0857	0.0422	0.1266	0.1018	0.0281	0.21	0.1318
58	0.1308	0.4032	0.0726	0.0563	0.0852	0.056	0.0855	0.0856	0.0422	0.127	0.1019	0.0282	0.2105	0.1321
59	0.1267	0.4025	0.0723	0.0561	0.0851	0.0563	0.086	0.0859	0.0421	0.1267	0.1019	0.0282	0.211	0.1323
60	0.1224	0.4011	0.0722	0.0562	0.085	0.0563	0.0859	0.0858	0.0422	0.1275	0.1021	0.0283	0.2116	0.1324
61	0.1214	0.3959	0.0722	0.0564	0.085	0.0565	0.0862	0.0859	0.0422	0.1272	0.102	0.0283	0.2115	0.1324
62	0.1169	0.4015	0.0726	0.0563	0.0853	0.0564	0.0861	0.0859	0.0421	0.1272	0.102	0.0283	0.2115	0.1325
63	0.1135	0.3973	0.0727	0.0565	0.0854	0.0564	0.0865	0.0861	0.0421	0.1277	0.1022	0.0284	0.2126	0.1329
64	0.11	0.3944	0.0728	0.0567	0.0854	0.0565	0.0866	0.086	0.0422	0.1278	0.1021	0.0284	0.2126	0.1328
65	0.1088	0.3961	0.0727	0.0569	0.0854	0.0568	0.0871	0.0863	0.0422	0.1278	0.1022	0.0284	0.2123	0.1329
66	0.1052	0.3901	0.0724	0.0565	0.0852	0.0568	0.0871	0.0865	0.0423	0.1281	0.1025	0.0285	0.2132	0.1332
67	0.1031	0.3936	0.0726	0.0567	0.0853	0.057	0.0873	0.0866	0.0423	0.1283	0.1025	0.0285	0.213	0.1332
68	0.1005	0.392	0.0727	0.0568	0.0854	0.0571	0.0875	0.0867	0.0423	0.1284	0.1026	0.0285	0.2133	0.1333
69	0.0984	0.3893	0.0728	0.0569	0.0856	0.0573	0.088	0.0871	0.0423	0.1284	0.1027	0.0285	0.2137	0.1336
70	0.0949	0.3856	0.073	0.057	0.0857	0.0575	0.0883	0.0872	0.0424	0.1287	0.1029	0.0285	0.2141	0.1338
71	0.0942	0.3873	0.0732	0.0573	0.0858	0.0578	0.0886	0.0874	0.0425	0.129	0.1031	0.0285	0.2141	0.1338
72	0.0925	0.3882	0.0729	0.057	0.0858	0.0577	0.0883	0.0875	0.0425	0.1291	0.1033	0.0285	0.2141	0.1339
73	0.0885	0.3872	0.073	0.0572	0.0861	0.0577	0.0885	0.0878	0.0425	0.1291	0.1035	0.0285	0.2141	0.1342
74	0.086	0.3811	0.0737	0.0577	0.0866	0.058	0.0892	0.0882	0.0425	0.1292	0.1036	0.0286	0.2145	0.1345
75	0.0866	0.3828	0.0735	0.0576	0.0865	0.0581	0.0894	0.0883	0.0426	0.1295	0.1038	0.0286	0.2151	0.1346
76	0.0832	0.3828	0.0732	0.0574	0.0863	0.0579	0.0893	0.0881	0.0426	0.1296	0.1038	0.0286	0.2155	0.1347
77	0.0819	0.3825	0.0733	0.0575	0.0862	0.058	0.0894	0.0881	0.0426	0.1293	0.1037	0.0286	0.2152	0.1346
78	0.0803	0.377	0.0733	0.0571	0.0863	0.0578	0.0894	0.0882	0.0426	0.1291	0.1037	0.0286	0.2151	0.1347
79	0.0792	0.3829	0.0735	0.0573	0.0865	0.0579	0.0895	0.0883	0.0425	0.1289	0.1037	0.0287	0.2161	0.1351
80	0.0763	0.3764	0.0738	0.0574	0.0867	0.058	0.0896	0.0884	0.0425	0.1289	0.1038	0.0287	0.2159	0.135
81	0.0754	0.3813	0.0736	0.0575	0.0867	0.0582	0.09	0.0886	0.0426	0.1293	0.104	0.0287	0.216	0.1351
82	0.0726	0.3777	0.0736	0.0581	0.0869	0.0584	0.0905	0.0889	0.0426	0.1297	0.1042	0.0287	0.216	0.1353
83	0.0731	0.3773	0.0736	0.058	0.0869	0.0585	0.0906	0.089	0.0426	0.1298	0.1042	0.0287	0.2162	0.1353
84	0.0697	0.3711	0.074	0.0583	0.0871	0.0586	0.0906	0.0891	0.0427	0.1298	0.1043	0.0287	0.216	0.1354
85	0.0699	0.3811	0.0741	0.0583	0.0873	0.0585	0.0905	0.0891	0.0428	0.1303	0.1046	0.0288	0.2161	0.1356
86	0.0677	0.3775	0.0741	0.0584	0.0871	0.0583	0.0903	0.0888	0.0429	0.1308	0.1046	0.0287	0.2161	0.1354
87	0.0673	0.3789	0.074	0.0582	0.0871	0.0583	0.0903	0.0889	0.0428	0.1307	0.1046	0.0288	0.217	0.1357
88	0.0659	0.382	0.0737	0.0579	0.087	0.0582	0.0899	0.0888	0.0429	0.1307	0.1047	0.0288	0.2175	0.1359
89	0.0648	0.3795	0.074	0.0581	0.0872	0.0584	0.0905	0.089	0.0429	0.1306	0.1047	0.0288	0.2175	0.1359
90	0.0638	0.3758	0.0742	0.0585	0.0875	0.0584	0.0908	0.0893	0.043	0.131	0.105	0.0289	0.2177	0.1361
91	0.0617	0.3772	0.0742	0.0585	0.0877	0.0583	0.0906	0.0894	0.0431	0.1311	0.1053	0.0288	0.2177	0.1363
92	0.0609	0.3691	0.0744	0.0586	0.0878	0.0585	0.0908	0.0895	0.0432	0.1313	0.1054	0.0288	0.2173	0.1362
93	0.0606	0.3743	0.0744	0.0586	0.0878	0.0586	0.091	0.0896	0.0433	0.1318	0.1056	0.0288	0.2175	0.1364
94	0.0588	0.375	0.0747	0.0589	0.0881	0.0586	0.091	0.0898	0.0432	0.1313	0.1056	0.0289	0.2179	0.1366
95	0.0595	0.3719	0.0745	0.0586	0.0881	0.0586	0.0908	0.0898	0.0432	0.1313	0.1056	0.0288	0.2177	0.1366
96	0.0572	0.3729	0.0746	0.0585	0.0881	0.0586	0.091	0.0898	0.0431	0.1311	0.1055	0.0288	0.2177	0.1366
97	0.056	0.37	0.0748	0.0589	0.0882	0.0585	0.0909	0.0897	0.0432	0.1316	0.1056	0.0289	0.2181	0.1366
98	0.0555	0.3734	0.0751	0.0592	0.0885	0.0585	0.0909	0.0898	0.0432	0.1318	0.1059	0.0288	0.2175	0.1367
99	0.054	0.3727	0.0748	0.0592	0.0884	0.0585	0.0908	0.0898	0.0432	0.1316	0.1058	0.0289	0.2178	0.1368
100	0.0538	0.373	0.0752	0.0594	0.0887	0.0585	0.0908	0.0899	0.0432	0.1317	0.106	0.0289	0.218	0.137
101	0.0534	0.3723	0.0756	0.0598	0.0892	0.0586	0.0908	0.0901	0.0432	0.1317	0.1061	0.0289	0.2178	0.1371
102	0.0526	0.3764	0.0756	0.0598	0.0891	0.0585	0.0907	0.09	0.0434	0.132	0.1063	0.0289	0.2177	0.1371
103	0.0515	0.3679	0.0755	0.0597	0.089	0.0587	0.091	0.0901	0.0434	0.1323	0.1063	0.029	0.2182	0.1373
104	0.0511	0.3711	0.0757	0.0598	0.0891	0.0588	0.0915	0.0903	0.0435	0.1328	0.1066	0.029	0.2188	0.1374
105	0.0499	0.3723	0.0756	0.0596	0.089	0.0588	0.0913	0.0903	0.0435	0.1328	0.1066	0.029	0.219	0.1375
106	0.0493	0.3754	0.0756	0.0597	0.089	0.0589	0.0918	0.0905	0.0435	0.133	0.1066	0.029	0.2191	0.1375
107	0.0491	0.3726	0.0755	0.0595	0.089	0.0589	0.0919	0.0906	0.0435	0.1329	0.1067	0.029	0.2192	0.1376
108	0.048	0.3722	0.0754	0.0597	0.0891	0.0589	0.0917	0.0906	0.0436	0.1332	0.1069	0.029	0.2193	0.1377
109	0.0471	0.3732	0.0754	0.0597	0.089	0.0589	0.0919	0.0906	0.0436	0.1332	0.1069	0.029	0.2193	0.1377
110	0.0466	0.3658	0.0751	0.0595	0.0888	0.0589	0.0919	0.0905	0.0437	0.1334	0.1069	0.029	0.2193	0.1377
111	0.046	0.3671	0.075	0.0593	0.0886	0.0589	0.092	0.0905	0.0436	0.1332	0.1068	0.0289	0.2188	0.1375
112	0.0467	0.3647	0.0751	0.0592	0.0886	0.059	0.0922	0.0905	0.0436	0.133	0.1066	0.029	0.219	0.1375
113	0.0454	0.3679	0.075	0.059	0.0884	0.059	0.0921	0.0905	0.0436	0.1332	0.1067	0.029	0.2188	0.1375
114	0.0444	0.3699	0.0749	0.059	0.0884	0.0589	0.0917	0.0904	0.0436	0.1334	0.1068	0.029	0.2188	0.1376
115	0.0439	0.3708	0.0747	0.0589	0.0883	0.059	0.0918	0.0905	0.0436	0.1333	0.1068	0.029	0.2189	0.1377
116	0.044	0.3731	0.075	0.0593	0.0885	0.0589	0.0916	0.0904	0.0437	0.1336	0.107	0.029	0.2191	0.1377
117	0.0438	0.3694	0.0749	0.0592	0.0886	0.0588	0.0919	0.0906	0.0437	0.1341	0.1072	0.029	0.2192	0.1379
118	0.0421	0.3682	0.0753	0.0594	0.0888	0.059	0.0921	0.0907	0.0437	0.1338	0.1071	0.029	0.2194	0.1379
119	0.0425	0.3691	0.0753	0.0595	0.0889	0.0591	0.0923	0.0908	0.0437	0.1344	0.1073	0.029	0.219	0.1379
120	0.0416	0.3685	0.0752	0.0595	0.089	0.0592	0.0923	0.091	0.0438	0.1345	0.1075	0.029	0.2191	0.1381
121	0.0412	0.3684	0.0753	0.0596	0.0891	0.0592	0.0925	0.0912	0.0439	0.1348	0.1077	0.029	0.2187	0.1381
122	0.0409	0.3649	0.0754	0.0597	0.0892	0.0592	0.0926	0.0911	0.0438	0.1348	0.1077	0.029	0.2188	0.1381
123	0.0408	0.3683	0.0757	0.06	0.0892	0.0591	0.0924	0.0909	0.0439	0.135	0.1077	0.029	0.2188	0.1379
124	0.0401	0.3659	0.0758	0.0601	0.0893	0.0589	0.0923	0.0909	0.044	0.1352	0.1078	0.029	0.219	0.138
125	0.04	0.3646	0.0761	0.0604	0.0896	0.059	0.0924	0.0909	0.044	0.1353	0.1078	0.029	0.2188	0.138
126	0.0391	0.3664	0.0763	0.0606	0.0896	0.0592	0.0925	0.091	0.044	0.1353	0.1079	0.029	0.2189	0.138
127	0.0398	0.3621	0.0764	0.0607	0.0898	0.0592	0.0926	0.0911	0.0441	0.1354	0.108	0.0289	0.2189	0.1381
128	0.0391	0.3675	0.0762	0.0606	0.0899	0.0595	0.0929	0.0915	0.0441	0.1354	0.1081	0.029	0.2192	0.1383
129	0.0384	0.3716	0.0761	0.0606	0.0897	0.0594	0.0929	0.0914	0.044	0.1353	0.108	0.029	0.2196	0.1383
130	0.0373	0.3644	0.0758	0.0603	0.0895	0.0593	0.0927	0.0913	0.044	0.1356	0.1081	0.029	0.2196	0.1383
131	0.0377	0.3676	0.0758	0.0604	0.0898	0.0595	0.093	0.0916	0.0441	0.1359	0.1083	0.029	0.2192	0.1384
132	0.0382	0.3637	0.0759	0.0605	0.0898	0.0595	0.0929	0.0915	0.0441	0.136	0.1083	0.0289	0.2188	0.1383
133	0.0376	0.3617	0.0757	0.0603	0.0897	0.0596	0.0932	0.0917	0.044	0.1357	0.1083	0.029	0.2194	0.1385
134	0.0369	0.3687	0.0758	0.0604	0.0896	0.0595	0.0934	0.0916	0.044	0.1358	0.1082	0.029	0.2198	0.1385
135	0.0365	0.3593	0.0758	0.0606	0.0897	0.0596	0.0934	0.0917	0.0441	0.1359	0.1083	0.0291	0.2197	0.1386
136	0.036	0.364	0.0761	0.0609	0.09	0.0596	0.0935	0.0919	0.0442	0.1363	0.1086	0.0291	0.2198	0.1388
137	0.0352	0.3699	0.0762	0.0609	0.0901	0.0596	0.0936	0.092	0.0442	0.1363	0.1087	0.029	0.2194	0.1388
138	0.0358	0.3673	0.0762	0.0608	0.0901	0.0596	0.0936	0.0919	0.0441	0.1362	0.1085	0.029	0.2196	0.1387
139	0.035	0.3638	0.0761	0.0606	0.0898	0.0592	0.0931	0.0915	0.0442	0.1364	0.1085	0.0291	0.2199	0.1387
140	0.0351	0.3621	0.0762	0.0607	0.0898	0.0593	0.0931	0.0914	0.0442	0.1364	0.1084	0.029	0.2195	0.1385
141	0.035	0.3681	0.0761	0.0609	0.0899	0.0593	0.0931	0.0915	0.0443	0.1369	0.1087	0.029	0.2197	0.1386
142	0.034	0.3622	0.0763	0.0611	0.09	0.0592	0.093	0.0914	0.0443	0.1369	0.1087	0.029	0.2195	0.1386
143	0.0342	0.3708	0.0759	0.0609	0.0896	0.0592	0.0929	0.0913	0.0443	0.1369	0.1086	0.0291	0.2198	0.1386
144	0.0334	0.3786	0.0759	0.0611	0.0897	0.0594	0.0933	0.0915	0.0443	0.1371	0.1087	0.029	0.2195	0.1385
145	0.0335	0.362	0.076	0.0611	0.0897	0.0593	0.0932	0.0914	0.0443	0.1371	0.1086	0.029	0.2195	0.1384
146	0.0336	0.3679	0.0762	0.061	0.0896	0.0594	0.0933	0.0913	0.0444	0.1371	0.1085	0.029	0.2195	0.1383
147	0.0331	0.3625	0.0757	0.0608	0.0893	0.0594	0.0934	0.0913	0.0443	0.1371	0.1084	0.029	0.2196	0.1383
148	0.0318	0.3584	0.0757	0.0608	0.0892	0.0593	0.0933	0.0912	0.0443	0.1372	0.1084	0.029	0.2195	0.1383
149	0.0328	0.3672	0.0758	0.0608	0.0892	0.0593	0.0932	0.0912	0.0444	0.1377	0.1086	0.029	0.2198	0.1383
150	0.0322	0.3594	0.0759	0.0608	0.0897	0.0594	0.0932	0.0915	0.0444	0.1377	0.1089	0.029	0.2197	0.1386
151	0.0326	0.3659	0.0759	0.0609	0.0895	0.0594	0.0931	0.0914	0.0444	0.1377	0.1088	0.029	0.2198	0.1385
152	0.0323	0.364	0.076	0.0608	0.0897	0.0594	0.0931	0.0915	0.0445	0.1377	0.1089	0.029	0.2199	0.1387
153	0.0318	0.3694	0.0759	0.0609	0.0895	0.0594	0.093	0.0914	0.0445	0.1376	0.1088	0.029	0.22	0.1386
154	0.0315	0.3652	0.076	0.061	0.0896	0.0595	0.0932	0.0915	0.0445	0.1377	0.1088	0.0291	0.2205	0.1388
155	0.0315	0.3563	0.0762	0.0611	0.0897	0.0596	0.0934	0.0916	0.0445	0.138	0.109	0.0291	0.2202	0.1387
156	0.0313	0.3608	0.0765	0.0614	0.09	0.0596	0.0934	0.0916	0.0444	0.1377	0.1089	0.0291	0.2206	0.1389
157	0.0305	0.3636	0.0767	0.0616	0.0902	0.0597	0.0935	0.0918	0.0444	0.1378	0.109	0.0291	0.2204	0.139
158	0.0308	0.3659	0.0767	0.0615	0.0902	0.0596	0.0934	0.0917	0.0444	0.1378	0.109	0.0291	0.2204	0.1389
159	0.0307	0.3648	0.0765	0.0614	0.0902	0.0596	0.0935	0.0919	0.0445	0.1382	0.1093	0.0291	0.2207	0.1391
160	0.0305	0.3624	0.0765	0.0614	0.0901	0.0597	0.0936	0.0918	0.0446	0.138	0.1092	0.0291	0.221	0.1392
161	0.0304	0.3645	0.0769	0.0617	0.0905	0.0595	0.0931	0.0917	0.0444	0.1377	0.1092	0.0291	0.221	0.1393
162	0.03	0.3609	0.0769	0.0615	0.0905	0.0596	0.0933	0.0919	0.0445	0.138	0.1093	0.0291	0.221	0.1394
163	0.03	0.3666	0.077	0.0616	0.0907	0.0597	0.0935	0.092	0.0445	0.1378	0.1094	0.0291	0.221	0.1394
164	0.0301	0.3667	0.0771	0.0617	0.0907	0.0597	0.0936	0.0922	0.0446	0.1382	0.1096	0.0291	0.2213	0.1396
165	0.0299	0.361	0.0769	0.0615	0.0907	0.0597	0.0937	0.0923	0.0446	0.1382	0.1097	0.0291	0.2209	0.1396
166	0.0294	0.3663	0.0769	0.0615	0.0907	0.0598	0.0937	0.0922	0.0446	0.138	0.1096	0.0291	0.221	0.1396
167	0.0293	0.3647	0.077	0.0617	0.0908	0.0597	0.0937	0.0923	0.0446	0.1381	0.1097	0.0291	0.2214	0.1397
168	0.0291	0.3675	0.0774	0.0619	0.0911	0.0599	0.0938	0.0924	0.0448	0.1387	0.11	0.0291	0.2215	0.1398
169	0.0294	0.3613	0.0776	0.062	0.0912	0.06	0.0941	0.0925	0.0448	0.1387	0.1099	0.0292	0.2215	0.1398
170	0.0287	0.3608	0.0777	0.0621	0.0912	0.06	0.0942	0.0925	0.0447	0.1385	0.1098	0.0292	0.2216	0.1398
171	0.0295	0.3637	0.078	0.0622	0.0914	0.06	0.0942	0.0925	0.0447	0.1386	0.1099	0.0292	0.221	0.1397
172	0.0284	0.3622	0.0779	0.0622	0.0912	0.0603	0.0945	0.0926	0.0447	0.1387	0.1098	0.0292	0.2214	0.1397
173	0.029	0.3611	0.0778	0.062	0.0913	0.0602	0.0946	0.0927	0.0448	0.1387	0.11	0.0292	0.2217	0.1399
174	0.0283	0.3646	0.0779	0.0621	0.0913	0.0603	0.0947	0.0928	0.0448	0.1386	0.1099	0.0292	0.2214	0.1398
175	0.0288	0.3532	0.0777	0.0621	0.0911	0.0605	0.095	0.0929	0.0448	0.1389	0.11	0.0291	0.2211	0.1397
176	0.0282	0.3598	0.0779	0.0622	0.0913	0.0605	0.0951	0.093	0.0448	0.139	0.11	0.0291	0.2211	0.1397
177	0.0286	0.3642	0.0777	0.0621	0.0913	0.0605	0.0952	0.0931	0.0449	0.1391	0.1102	0.0291	0.221	0.1398
178	0.0277	0.363	0.0776	0.062	0.0912	0.0606	0.0954	0.0931	0.0448	0.1391	0.1101	0.0291	0.2208	0.1398
179	0.0277	0.3643	0.0774	0.062	0.0912	0.0605	0.0952	0.0931	0.0449	0.1392	0.1103	0.0292	0.2212	0.1399
180	0.0283	0.3646	0.0772	0.0619	0.091	0.0603	0.0949	0.0929	0.0448	0.1391	0.1102	0.0291	0.2212	0.1398
181	0.0278	0.3547	0.077	0.0617	0.0909	0.0601	0.0946	0.0927	0.0448	0.139	0.1101	0.0291	0.2209	0.1397
182	0.0275	0.3639	0.0774	0.0621	0.0913	0.0603	0.0949	0.093	0.0449	0.1392	0.1103	0.0291	0.221	0.1399
183	0.028	0.3664	0.0774	0.0621	0.0913	0.0604	0.0952	0.0931	0.0449	0.1391	0.1102	0.0292	0.2212	0.14
184	0.0277	0.3636	0.0777	0.0624	0.0916	0.0604	0.0952	0.0932	0.0448	0.1389	0.1103	0.0292	0.2222	0.1403
185	0.0276	0.3679	0.0775	0.0623	0.0916	0.0605	0.0956	0.0935	0.0447	0.1387	0.1104	0.0292	0.2219	0.1405
186	0.0279	0.3632	0.0777	0.0624	0.0917	0.0606	0.0954	0.0936	0.0447	0.1385	0.1104	0.0292	0.2221	0.1405
187	0.0273	0.3581	0.0777	0.0624	0.0917	0.0606	0.0955	0.0935	0.0447	0.1386	0.1103	0.0292	0.2217	0.1403
188	0.0275	0.3581	0.0776	0.0624	0.0916	0.0606	0.0956	0.0935	0.0448	0.1389	0.1104	0.0292	0.222	0.1404
189	0.0276	0.3614	0.0776	0.0623	0.0916	0.0608	0.0958	0.0937	0.0448	0.1394	0.1106	0.0292	0.2218	0.1403
190	0.027	0.3644	0.0775	0.0621	0.0914	0.0608	0.0957	0.0935	0.0449	0.1396	0.1105	0.0292	0.2218	0.1402
191	0.0267	0.3616	0.0775	0.0623	0.0913	0.0607	0.0956	0.0934	0.0449	0.1399	0.1105	0.0292	0.2217	0.1401
192	0.0272	0.3567	0.0774	0.0623	0.0912	0.0607	0.0959	0.0934	0.0448	0.1396	0.1103	0.0292	0.2218	0.14
193	0.0266	0.3558	0.0773	0.0623	0.0913	0.0607	0.0958	0.0935	0.0449	0.1398	0.1106	0.0291	0.2218	0.1402
194	0.0262	0.3678	0.0773	0.0622	0.0913	0.0607	0.0959	0.0936	0.0448	0.1396	0.1105	0.0292	0.2217	0.1402
195	0.0264	0.3657	0.0774	0.0625	0.0913	0.0607	0.0959	0.0936	0.0448	0.1394	0.1105	0.0292	0.2219	0.1402
196	0.0267	0.3533	0.0773	0.0623	0.0913	0.0606	0.0955	0.0934	0.0448	0.1393	0.1104	0.0291	0.2217	0.1401
197	0.0263	0.3654	0.0775	0.0625	0.0915	0.0605	0.095	0.0933	0.0448	0.1393	0.1105	0.0291	0.2214	0.1401
198	0.0263	0.3575	0.0778	0.0627	0.0918	0.0605	0.095	0.0934	0.0448	0.1394	0.1106	0.0291	0.2217	0.1402
199	0.0262	0.3677	0.0778	0.0628	0.0918	0.0607	0.0953	0.0934	0.0448	0.1393	0.1105	0.0291	0.2215	0.1402
200	0.0266	0.3636	0.0776	0.0627	0.0917	0.0606	0.0955	0.0935	0.0448	0.1393	0.1106	0.0291	0.2217	0.1403
201	0.0265	0.3655	0.0774	0.0626	0.0917	0.0607	0.0957	0.0937	0.0448	0.1393	0.1106	0.0292	0.222	0.1405
202	0.0261	0.3597	0.0776	0.0626	0.0918	0.0608	0.0956	0.0937	0.0448	0.1393	0.1106	0.0292	0.2222	0.1405
203	0.026	0.3636	0.0778	0.0628	0.0919	0.0608	0.0957	0.0938	0.0448	0.1393	0.1107	0.0291	0.2218	0.1404
204	0.0257	0.3677	0.0777	0.0627	0.0919	0.0609	0.0959	0.0939	0.0448	0.1395	0.1108	0.0292	0.2223	0.1407
205	0.0259	0.3588	0.0777	0.0628	0.0922	0.061	0.0961	0.0942	0.0448	0.1396	0.111	0.0292	0.2219	0.1408
206	0.026	0.3587	0.0779	0.0627	0.0922	0.061	0.0962	0.0942	0.0448	0.1396	0.111	0.0292	0.2219	0.1407
207	0.0255	0.3611	0.0779	0.0627	0.0923	0.061	0.0962	0.0943	0.0447	0.1394	0.1109	0.0291	0.2218	0.1407
208	0.0259	0.368	0.0779	0.0628	0.0923	0.0612	0.0965	0.0945	0.0448	0.1396	0.111	0.0291	0.2218	0.1408
209	0.0256	0.3659	0.0781	0.063	0.0925	0.0612	0.0967	0.0946	0.0448	0.1397	0.1112	0.0291	0.2211	0.1407
210	0.0255	0.361	0.0781	0.063	0.0925	0.0613	0.0967	0.0946	0.0447	0.1396	0.1111	0.0291	0.2216	0.1408
211	0.0254	0.3548	0.0782	0.0631	0.0925	0.0612	0.0964	0.0945	0.0447	0.1396	0.1111	0.0291	0.2216	0.1408
212	0.0257	0.3629	0.0783	0.0632	0.0927	0.0611	0.0963	0.0945	0.0448	0.1397	0.1111	0.0291	0.2216	0.1408
213	0.0253	0.3572	0.0786	0.0634	0.0929	0.0611	0.0961	0.0944	0.0447	0.1396	0.1112	0.0291	0.2212	0.1408
214	0.0253	0.3648	0.0784	0.0631	0.0928	0.0611	0.0962	0.0945	0.0447	0.1394	0.1111	0.0291	0.2208	0.1407
215	0.0253	0.3671	0.0784	0.0631	0.0928	0.061	0.096	0.0944	0.0447	0.1392	0.111	0.0291	0.2209	0.1407
216	0.0254	0.3583	0.0785	0.0632	0.0929	0.0608	0.096	0.0944	0.0447	0.1392	0.1111	0.0291	0.2207	0.1407
217	0.0257	0.3564	0.0786	0.0635	0.093	0.0608	0.0961	0.0944	0.0447	0.139	0.111	0.0291	0.2208	0.1407
218	0.0257	0.3642	0.0786	0.0634	0.093	0.061	0.0961	0.0945	0.0447	0.139	0.111	0.0291	0.2205	0.1407
219	0.0249	0.3624	0.0787	0.0636	0.0931	0.0612	0.0961	0.0945	0.0448	0.1396	0.1113	0.0291	0.2206	0.1407
220	0.0252	0.3551	0.0789	0.064	0.0933	0.0612	0.0964	0.0947	0.0449	0.1401	0.1115	0.0291	0.2205	0.1407
221	0.0246	0.3569	0.0789	0.064	0.0934	0.0609	0.0961	0.0946	0.045	0.1403	0.1117	0.0291	0.2208	0.1409
222	0.0247	0.3664	0.0788	0.0638	0.0934	0.061	0.0962	0.0947	0.0449	0.14	0.1116	0.0291	0.2209	0.141
223	0.0249	0.3596	0.0789	0.064	0.0935	0.061	0.0961	0.0947	0.0449	0.1401	0.1117	0.0291	0.2208	0.141
224	0.0246	0.3639	0.0789	0.064	0.0934	0.061	0.0962	0.0946	0.0449	0.1401	0.1116	0.0291	0.221	0.141
225	0.0248	0.3576	0.079	0.0642	0.0934	0.0611	0.0962	0.0947	0.045	0.14	0.1116	0.0291	0.221	0.141
226	0.0247	0.3723	0.0789	0.0642	0.0934	0.0608	0.0959	0.0944	0.0449	0.1397	0.1114	0.0291	0.2211	0.141
227	0.0247	0.3608	0.0788	0.0642	0.0933	0.0612	0.0965	0.0948	0.0449	0.1399	0.1114	0.0291	0.221	0.141
228	0.0244	0.3543	0.0789	0.0642	0.0933	0.061	0.0963	0.0946	0.0449	0.1401	0.1115	0.0291	0.2208	0.1409
229	0.0238	0.3625	0.0789	0.0642	0.0935	0.0611	0.0962	0.0947	0.0448	0.1395	0.1115	0.0291	0.2208	0.141
230	0.0243	0.3602	0.0788	0.0642	0.0935	0.061	0.0962	0.0948	0.0449	0.1398	0.1117	0.0291	0.2211	0.1412
231	0.0242	0.3648	0.0789	0.0642	0.0936	0.0609	0.096	0.0947	0.045	0.1401	0.1118	0.0291	0.2212	0.1411
232	0.0245	0.3622	0.079	0.0643	0.0937	0.0611	0.0961	0.0948	0.045	0.1401	0.1118	0.0291	0.2212	0.1412
233	0.0251	0.3687	0.0789	0.0642	0.0936	0.0611	0.0964	0.095	0.0449	0.14	0.1118	0.0291	0.2214	0.1413
234	0.0246	0.3699	0.0788	0.064	0.0934	0.0611	0.0964	0.0948	0.0449	0.1401	0.1116	0.0291	0.2213	0.1411
235	0.0247	0.36	0.079	0.064	0.0936	0.0612	0.0967	0.095	0.0448	0.1399	0.1117	0.029	0.2209	0.1411
236	0.0239	0.3623	0.0788	0.0638	0.0933	0.0612	0.0967	0.0949	0.0448	0.1398	0.1116	0.029	0.2204	0.1409
237	0.0243	0.361	0.079	0.0639	0.0934	0.0612	0.0967	0.0949	0.0449	0.1399	0.1117	0.029	0.2209	0.141
238	0.0244	0.3625	0.0788	0.0638	0.0934	0.0611	0.0968	0.0949	0.0448	0.1401	0.1117	0.029	0.2205	0.1409
239	0.0243	0.3626	0.0791	0.0641	0.0934	0.0611	0.0969	0.0948	0.0448	0.14	0.1115	0.029	0.2208	0.1408
240	0.0243	0.3582	0.0791	0.064	0.0933	0.0612	0.0969	0.0948	0.0449	0.1404	0.1116	0.029	0.2206	0.1408
241	0.024	0.3669	0.0788	0.0639	0.0931	0.0611	0.0969	0.0947	0.0449	0.1403	0.1115	0.029	0.2207	0.1407
242	0.0242	0.3628	0.0788	0.0639	0.0932	0.0611	0.0968	0.0948	0.0449	0.1402	0.1116	0.029	0.221	0.1409
243	0.0241	0.366	0.079	0.0641	0.0933	0.0612	0.0968	0.0948	0.0449	0.1405	0.1116	0.029	0.2206	0.1407
244	0.024	0.3635	0.079	0.0641	0.0932	0.0612	0.0968	0.0947	0.0449	0.1404	0.1115	0.029	0.2209	0.1408
245	0.0239	0.3572	0.079	0.0642	0.0932	0.0611	0.0968	0.0946	0.0449	0.1405	0.1116	0.029	0.221	0.1407
246	0.024	0.3585	0.0789	0.064	0.0933	0.0612	0.0968	0.0948	0.0449	0.1405	0.1117	0.029	0.2212	0.1409
247	0.0239	0.3617	0.0787	0.0639	0.0931	0.0613	0.0969	0.0949	0.0449	0.1404	0.1116	0.029	0.2214	0.1409
248	0.0233	0.3624	0.0787	0.0641	0.0932	0.0613	0.0968	0.0949	0.0449	0.1402	0.1116	0.0291	0.2215	0.141
249	0.024	0.363	0.0789	0.0642	0.0935	0.0612	0.0966	0.095	0.0449	0.1402	0.1118	0.0291	0.2212	0.1412
250	0.0241	0.3599	0.079	0.0643	0.0936	0.0613	0.0968	0.095	0.0449	0.1402	0.1118	0.029	0.2205	0.141
251	0.0237	0.3717	0.0791	0.0643	0.0935	0.0613	0.0968	0.095	0.0448	0.1399	0.1116	0.029	0.2205	0.1409
252	0.0232	0.3626	0.0791	0.0644	0.0936	0.0611	0.0965	0.0949	0.0449	0.1402	0.1117	0.029	0.2204	0.1409
253	0.0239	0.3634	0.079	0.0643	0.0937	0.0611	0.0963	0.0949	0.0448	0.1401	0.1118	0.029	0.2206	0.1411
254	0.0236	0.3614	0.079	0.0643	0.0937	0.0612	0.0964	0.095	0.0449	0.1401	0.1119	0.029	0.2209	0.1412
255	0.0232	0.3589	0.0791	0.0643	0.0935	0.0612	0.0968	0.0949	0.0448	0.1399	0.1115	0.029	0.2209	0.141
256	0.0237	0.362	0.0788	0.0641	0.0934	0.0612	0.0967	0.0949	0.0449	0.1402	0.1117	0.029	0.2213	0.1411
257	0.024	0.3639	0.0786	0.064	0.0931	0.0613	0.0969	0.0949	0.0448	0.1401	0.1116	0.029	0.221	0.141
258	0.0235	0.3649	0.0786	0.064	0.0933	0.0612	0.0967	0.095	0.0448	0.1402	0.1117	0.0291	0.2213	0.1412
259	0.0235	0.3599	0.0785	0.0639	0.0932	0.0611	0.0967	0.0949	0.0448	0.1401	0.1117	0.029	0.2212	0.1411
260	0.0237	0.3694	0.0784	0.0635	0.0928	0.0612	0.0968	0.0948	0.0448	0.14	0.1115	0.029	0.2207	0.1408
261	0.024	0.3697	0.0787	0.0637	0.093	0.0612	0.0967	0.0947	0.0448	0.14	0.1115	0.029	0.2207	0.1408
262	0.0235	0.3665	0.0789	0.064	0.093	0.0612	0.0966	0.0946	0.0448	0.1403	0.1114	0.029	0.2208	0.1407
263	0.0233	0.3625	0.0791	0.064	0.0932	0.0612	0.0967	0.0947	0.0447	0.1399	0.1113	0.029	0.2206	0.1407
264	0.0236	0.3607	0.079	0.0641	0.0931	0.0611	0.0965	0.0945	0.0448	0.1401	0.1113	0.029	0.22	0.1405
265	0.0235	0.3635	0.079	0.0641	0.093	0.0613	0.0969	0.0947	0.0448	0.14	0.1113	0.0289	0.22	0.1404
266	0.0235	0.3658	0.0788	0.0641	0.093	0.061	0.0965	0.0945	0.0448	0.1401	0.1114	0.029	0.2203	0.1406
267	0.0236	0.3579	0.0785	0.064	0.093	0.0609	0.0962	0.0945	0.0449	0.1403	0.1115	0.029	0.2202	0.1406
268	0.0229	0.3579	0.0781	0.0638	0.0928	0.0609	0.0961	0.0945	0.0449	0.1404	0.1115	0.0289	0.2201	0.1405
269	0.0236	0.3654	0.0783	0.064	0.0929	0.0611	0.0965	0.0947	0.045	0.1406	0.1117	0.0289	0.22	0.1406
270	0.0232	0.3621	0.0784	0.0642	0.0931	0.0612	0.0967	0.0949	0.0449	0.1404	0.1117	0.0289	0.22	0.1406
271	0.023	0.3653	0.0784	0.064	0.0929	0.0613	0.0968	0.0947	0.0448	0.1403	0.1115	0.0289	0.2194	0.1403
272	0.0236	0.3657	0.0785	0.0642	0.0931	0.0612	0.0966	0.0948	0.0448	0.1404	0.1116	0.0289	0.2197	0.1405
273	0.0232	0.3611	0.0785	0.0643	0.0932	0.0611	0.0965	0.0948	0.0448	0.1402	0.1116	0.0289	0.2199	0.1406
274	0.0229	0.3592	0.0785	0.0642	0.0932	0.0611	0.0965	0.0947	0.0448	0.1401	0.1115	0.0289	0.22	0.1406
275	0.0232	0.3602	0.0784	0.0641	0.0931	0.061	0.0964	0.0947	0.0448	0.1401	0.1116	0.0289	0.2199	0.1406
276	0.0229	0.3524	0.0783	0.064	0.0931	0.0611	0.0965	0.0948	0.0448	0.1401	0.1117	0.0289	0.2199	0.1407
277	0.0233	0.3652	0.0785	0.0643	0.0934	0.0612	0.0965	0.0949	0.0449	0.1403	0.1118	0.0289	0.2201	0.1408
278	0.0231	0.3677	0.0782	0.064	0.093	0.0612	0.0965	0.0948	0.0448	0.1401	0.1116	0.0289	0.2201	0.1406
279	0.023	0.3687	0.078	0.0639	0.0929	0.0612	0.0966	0.0949	0.0448	0.1402	0.1116	0.0288	0.2199	0.1405
280	0.0227	0.3607	0.0784	0.0642	0.0931	0.0612	0.0966	0.0948	0.0447	0.1401	0.1115	0.0289	0.2204	0.1406
281	0.0233	0.3674	0.0784	0.0642	0.0931	0.061	0.0964	0.0947	0.0447	0.1401	0.1115	0.0289	0.2203	0.1407
282	0.0228	0.367	0.0786	0.0643	0.0932	0.061	0.0965	0.0948	0.0446	0.1393	0.1113	0.0289	0.2204	0.1408
283	0.0228	0.3518	0.0788	0.0645	0.0935	0.061	0.0966	0.0949	0.0446	0.1394	0.1115	0.0289	0.2203	0.1409
284	0.0225	0.3626	0.079	0.0644	0.0936	0.0611	0.0966	0.0949	0.0447	0.1396	0.1115	0.0289	0.2202	0.1408
285	0.0231	0.3627	0.0788	0.0643	0.0936	0.0613	0.097	0.0951	0.0448	0.14	0.1117	0.0289	0.2201	0.1408
286	0.0229	0.3603	0.0788	0.0643	0.0937	0.0615	0.097	0.0954	0.0449	0.1403	0.1121	0.0289	0.2206	0.1411
287	0.0229	0.368	0.0788	0.0644	0.0938	0.0615	0.097	0.0955	0.0448	0.1397	0.1119	0.0289	0.2203	0.1411
288	0.0233	0.3631	0.0786	0.0644	0.0936	0.0613	0.0968	0.0953	0.0448	0.1395	0.1118	0.0289	0.2203	0.141
289	0.023	0.3606	0.079	0.0646	0.0938	0.0613	0.0967	0.0952	0.0449	0.14	0.1119	0.0289	0.2202	0.141
290	0.0227	0.3662	0.0791	0.0646	0.094	0.0613	0.0968	0.0953	0.0448	0.1396	0.1119	0.0289	0.2202	0.1411
291	0.0231	0.3549	0.079	0.0647	0.0939	0.0613	0.0969	0.0954	0.0448	0.1396	0.1119	0.0289	0.2202	0.1411
292	0.0226	0.3683	0.0785	0.0643	0.0935	0.0613	0.0969	0.0953	0.0448	0.1395	0.1118	0.0289	0.2204	0.141
293	0.0229	0.3661	0.0786	0.0644	0.0936	0.0612	0.0969	0.0954	0.0448	0.1398	0.1119	0.0289	0.2202	0.1411
294	0.0234	0.3647	0.0785	0.0643	0.0936	0.0613	0.097	0.0955	0.0447	0.1396	0.1119	0.0289	0.2205	0.1412
295	0.0228	0.3657	0.0786	0.0644	0.0939	0.0613	0.097	0.0956	0.0447	0.1396	0.1121	0.0289	0.2204	0.1414
296	0.0226	0.3706	0.0786	0.0644	0.094	0.0612	0.0969	0.0956	0.0448	0.1398	0.1122	0.0289	0.2205	0.1414
297	0.0231	0.3572	0.0785	0.0643	0.0939	0.0613	0.0969	0.0955	0.0448	0.14	0.1122	0.0289	0.2205	0.1414
298	0.0229	0.3587	0.0785	0.0643	0.0936	0.0612	0.0968	0.0953	0.0448	0.1401	0.112	0.0289	0.2206	0.1412
299	0.0225	0.3637	0.0785	0.0644	0.0936	0.0612	0.0969	0.0953	0.0448	0.1398	0.1119	0.0289	0.2206	0.1412
300	0.0229	0.3652	0.0784	0.0643	0.0934	0.0612	0.097	0.0952	0.0447	0.1398	0.1118	0.0289	0.2205	0.141
301	0.0226	0.3632	0.0783	0.0642	0.0932	0.0611	0.0966	0.095	0.0447	0.1397	0.1117	0.0289	0.2207	0.141
302	0.0223	0.3587	0.0786	0.0645	0.0936	0.0612	0.0968	0.0952	0.0447	0.1398	0.1119	0.0289	0.2207	0.1411
303	0.0229	0.3637	0.0784	0.0642	0.0933	0.0613	0.097	0.0953	0.0448	0.1401	0.1119	0.0289	0.2206	0.1411
304	0.0228	0.3668	0.0784	0.0644	0.0935	0.0614	0.0971	0.0955	0.0447	0.1398	0.1119	0.0289	0.2203	0.1411
305	0.0229	0.3641	0.079	0.0648	0.094	0.0615	0.0971	0.0955	0.0448	0.1402	0.1121	0.0289	0.2207	0.1413
306	0.0226	0.3608	0.0787	0.0647	0.0937	0.0617	0.0979	0.0958	0.0448	0.1401	0.1121	0.0289	0.2205	0.1412
307	0.0227	0.369	0.0789	0.0648	0.0937	0.0615	0.0976	0.0955	0.0447	0.1398	0.1119	0.0289	0.2204	0.1411
308	0.0222	0.3563	0.0788	0.0647	0.0937	0.0616	0.0977	0.0956	0.0447	0.1398	0.1119	0.0289	0.2207	0.1413
309	0.0223	0.3608	0.0787	0.0648	0.0937	0.0615	0.0976	0.0956	0.0448	0.1399	0.112	0.0289	0.2208	0.1413
310	0.0225	0.3629	0.0786	0.0648	0.0937	0.0617	0.0976	0.0957	0.0448	0.1401	0.1121	0.0289	0.2208	0.1413
311	0.0224	0.3671	0.0786	0.0646	0.0935	0.0614	0.0971	0.0954	0.0448	0.1399	0.1119	0.029	0.2209	0.1412
312	0.0221	0.3656	0.0787	0.0647	0.0935	0.0615	0.0974	0.0954	0.0448	0.1402	0.112	0.0289	0.2207	0.1412
313	0.0225	0.3596	0.0789	0.0648	0.0936	0.0615	0.0974	0.0954	0.0448	0.1402	0.112	0.0289	0.2207	0.1411
314	0.0225	0.3651	0.0793	0.0652	0.0938	0.0613	0.0971	0.0952	0.0448	0.1402	0.1119	0.0289	0.2206	0.141
315	0.0227	0.3671	0.0792	0.0652	0.0938	0.0611	0.0969	0.095	0.0446	0.1399	0.1117	0.0289	0.2208	0.141
316	0.0221	0.3614	0.0793	0.0652	0.0939	0.0612	0.097	0.0951	0.0446	0.1401	0.1118	0.0289	0.2205	0.141
317	0.0227	0.37	0.0795	0.0653	0.094	0.0612	0.097	0.0951	0.0447	0.1404	0.1119	0.0289	0.2209	0.1411
318	0.0224	0.3666	0.0797	0.0655	0.0942	0.0612	0.0969	0.0952	0.0447	0.1404	0.112	0.0289	0.2208	0.1412
319	0.0224	0.3631	0.0795	0.0654	0.094	0.0613	0.0971	0.0952	0.0448	0.1408	0.112	0.0289	0.2207	0.1411
320	0.0224	0.3637	0.0794	0.0653	0.094	0.0614	0.0974	0.0953	0.0448	0.141	0.1121	0.0289	0.221	0.1412
321	0.0228	0.3714	0.0794	0.0652	0.094	0.0613	0.0972	0.0953	0.0447	0.1404	0.1119	0.0289	0.2205	0.1411
322	0.0224	0.3638	0.0795	0.065	0.0939	0.0613	0.097	0.0951	0.0447	0.1405	0.1119	0.0289	0.2202	0.1409
323	0.022	0.3641	0.0793	0.0648	0.0936	0.0614	0.0972	0.0951	0.0447	0.1403	0.1117	0.0289	0.2204	0.1408
324	0.0221	0.3603	0.0792	0.0648	0.0936	0.0612	0.097	0.095	0.0446	0.1399	0.1116	0.0289	0.2206	0.1408
325	0.0221	0.3653	0.0793	0.0648	0.0937	0.0611	0.0966	0.0949	0.0446	0.1399	0.1116	0.0289	0.2206	0.1409
326	0.0221	0.3659	0.0794	0.0651	0.0938	0.0611	0.0967	0.095	0.0447	0.14	0.1117	0.0289	0.2207	0.1409
327	0.0221	0.3598	0.0795	0.0651	0.0938	0.0611	0.0966	0.0948	0.0447	0.14	0.1116	0.0289	0.2206	0.1408
328	0.0224	0.3601	0.0799	0.0652	0.0941	0.0611	0.0968	0.0949	0.0446	0.1398	0.1116	0.0289	0.2202	0.1408
329	0.0225	0.3649	0.0801	0.0654	0.0943	0.0613	0.097	0.0951	0.0446	0.1398	0.1116	0.0289	0.2204	0.1409
330	0.0222	0.3683	0.08	0.0654	0.0942	0.0613	0.0969	0.0951	0.0446	0.1398	0.1116	0.0289	0.2202	0.1408
331	0.0222	0.3643	0.0801	0.0653	0.0943	0.0613	0.0971	0.0952	0.0446	0.1398	0.1117	0.0288	0.2199	0.1408
332	0.0222	0.3628	0.08	0.0652	0.0942	0.0612	0.0971	0.0952	0.0447	0.1401	0.1118	0.0288	0.2203	0.1409
333	0.0218	0.3674	0.0797	0.065	0.0939	0.0612	0.0969	0.095	0.0447	0.1403	0.1118	0.0289	0.2205	0.1408
334	0.0218	0.3608	0.0798	0.065	0.0941	0.0612	0.0969	0.0951	0.0447	0.1402	0.1118	0.0289	0.2207	0.141
335	0.0222	0.3712	0.0795	0.0647	0.0941	0.0613	0.0969	0.0953	0.0447	0.1401	0.1119	0.0289	0.2204	0.141
336	0.0221	0.3702	0.0797	0.0649	0.0943	0.0612	0.0965	0.0952	0.0448	0.14	0.1119	0.0289	0.2205	0.1411
337	0.0224	0.3688	0.0799	0.0648	0.0944	0.0612	0.0965	0.0952	0.0447	0.1398	0.1119	0.0289	0.2208	0.1412
338	0.0222	0.3639	0.0801	0.065	0.0945	0.061	0.0963	0.095	0.0446	0.1396	0.1117	0.0289	0.2208	0.1412
339	0.0223	0.3615	0.0801	0.065	0.0946	0.0613	0.0968	0.0953	0.0446	0.1394	0.1118	0.0289	0.221	0.1413
340	0.0221	0.362	0.0801	0.065	0.0945	0.0614	0.0972	0.0955	0.0446	0.1396	0.1118	0.029	0.2211	0.1413
341	0.022	0.3658	0.0803	0.0652	0.0946	0.0613	0.0971	0.0954	0.0445	0.1394	0.1117	0.029	0.221	0.1413
342	0.0226	0.3658	0.0802	0.0651	0.0945	0.0613	0.0971	0.0954	0.0446	0.1396	0.1118	0.029	0.2211	0.1414
343	0.0221	0.362	0.0799	0.0649	0.0943	0.0614	0.0971	0.0954	0.0447	0.1399	0.1119	0.029	0.2211	0.1413
344	0.0221	0.3659	0.0796	0.0648	0.0941	0.0613	0.097	0.0954	0.0447	0.1398	0.1119	0.029	0.2212	0.1413
345	0.0221	0.3615	0.0801	0.0651	0.0946	0.0614	0.0971	0.0956	0.0448	0.14	0.1121	0.029	0.2215	0.1416
346	0.0216	0.3561	0.08	0.0651	0.0946	0.0614	0.0971	0.0956	0.0449	0.1402	0.1123	0.029	0.2213	0.1416
347	0.0223	0.3664	0.0795	0.0647	0.0943	0.0614	0.0972	0.0956	0.0447	0.1399	0.1121	0.0289	0.2207	0.1414
348	0.0223	0.3659	0.0797	0.0648	0.0943	0.0614	0.0972	0.0955	0.0447	0.1401	0.1121	0.0289	0.221	0.1414
349	0.0215	0.3628	0.0797	0.0648	0.0942	0.0615	0.0973	0.0956	0.0447	0.14	0.112	0.0289	0.2213	0.1414
350	0.022	0.3626	0.0799	0.065	0.0944	0.0617	0.0978	0.0959	0.0448	0.1401	0.1121	0.0289	0.2211	0.1415
351	0.0219	0.3602	0.0799	0.065	0.0943	0.0615	0.0975	0.0956	0.0448	0.1402	0.1121	0.029	0.2208	0.1413
352	0.022	0.3643	0.0799	0.0649	0.0944	0.0614	0.0974	0.0957	0.0447	0.1398	0.112	0.029	0.221	0.1415
353	0.0219	0.3637	0.08	0.0649	0.0947	0.0615	0.0975	0.0959	0.0447	0.14	0.1123	0.029	0.2209	0.1417
354	0.0221	0.3661	0.0795	0.0646	0.0942	0.0615	0.0976	0.0957	0.0447	0.14	0.1121	0.029	0.2209	0.1415
355	0.0219	0.3664	0.0795	0.0646	0.0943	0.0614	0.0975	0.0957	0.0448	0.1402	0.1122	0.029	0.2209	0.1416
356	0.0224	0.3698	0.0795	0.0645	0.094	0.0615	0.0976	0.0957	0.0448	0.1402	0.1121	0.0289	0.2208	0.1413
357	0.0219	0.3666	0.0795	0.0647	0.0942	0.0614	0.0975	0.0957	0.0448	0.1404	0.1122	0.0289	0.2207	0.1414
358	0.0221	0.3626	0.0797	0.0648	0.0942	0.0615	0.0977	0.0957	0.0448	0.1404	0.1122	0.0289	0.2206	0.1413
359	0.022	0.3726	0.0794	0.0646	0.0942	0.0615	0.0976	0.0958	0.0449	0.1406	0.1125	0.0289	0.2208	0.1416
360	0.0219	0.3705	0.0794	0.0649	0.0943	0.0615	0.0975	0.0959	0.0449	0.1407	0.1125	0.029	0.2213	0.1418
361	0.0224	0.3641	0.0797	0.065	0.0946	0.0614	0.0974	0.0959	0.0449	0.1406	0.1126	0.029	0.2211	0.1418
362	0.0221	0.3752	0.0797	0.0648	0.0947	0.0615	0.0975	0.0961	0.0448	0.1407	0.1127	0.029	0.221	0.1419
363	0.022	0.3658	0.08	0.0651	0.0948	0.0615	0.0974	0.0959	0.0448	0.1402	0.1124	0.0289	0.2207	0.1417
364	0.0221	0.3701	0.0803	0.0655	0.0951	0.0614	0.0974	0.096	0.0449	0.1404	0.1126	0.0289	0.2205	0.1417
365	0.0221	0.3654	0.0801	0.0653	0.095	0.0615	0.098	0.0962	0.0449	0.1403	0.1126	0.0289	0.2211	0.1419
366	0.0215	0.3603	0.0797	0.065	0.0947	0.0616	0.0979	0.0962	0.045	0.1406	0.1127	0.0289	0.2205	0.1417
367	0.022	0.3619	0.0797	0.0651	0.0949	0.0617	0.098	0.0964	0.045	0.1406	0.1128	0.0289	0.2206	0.1418
368	0.0218	0.3703	0.0799	0.0653	0.0951	0.0618	0.0982	0.0965	0.045	0.1408	0.113	0.0289	0.2203	0.1418
369	0.0219	0.3678	0.0795	0.065	0.0948	0.0616	0.0976	0.0963	0.045	0.1408	0.1129	0.0289	0.2206	0.1419
370	0.0215	0.3634	0.0794	0.0649	0.0947	0.0616	0.0977	0.0964	0.045	0.1407	0.1129	0.0289	0.2207	0.1419
371	0.0217	0.3697	0.0792	0.0647	0.0946	0.0618	0.0979	0.0964	0.045	0.1409	0.113	0.029	0.2211	0.142
372	0.0224	0.3636	0.079	0.0645	0.0943	0.0615	0.0974	0.0961	0.045	0.141	0.1129	0.029	0.2215	0.142
373	0.022	0.3689	0.0792	0.0647	0.0945	0.0615	0.0974	0.0961	0.045	0.1412	0.1129	0.029	0.2216	0.142
374	0.0219	0.3661	0.0797	0.0651	0.0949	0.0616	0.0976	0.0962	0.045	0.1411	0.113	0.0289	0.2212	0.1419
375	0.0218	0.3681	0.08	0.0652	0.0951	0.0617	0.0977	0.0964	0.0447	0.1403	0.1127	0.0289	0.2212	0.142
376	0.0219	0.3679	0.0799	0.0653	0.0949	0.0617	0.0976	0.0962	0.0448	0.1405	0.1126	0.0289	0.2213	0.1419
377	0.022	0.3592	0.0799	0.0652	0.095	0.0616	0.0975	0.0962	0.0447	0.1402	0.1126	0.0289	0.2211	0.1419
378	0.0218	0.3714	0.0802	0.0654	0.0952	0.0615	0.0974	0.0962	0.0448	0.1405	0.1127	0.0289	0.221	0.1419
379	0.022	0.3659	0.0803	0.0653	0.0954	0.0616	0.0974	0.0964	0.0448	0.1406	0.1129	0.0289	0.2211	0.1421
380	0.022	0.3753	0.0801	0.0655	0.0953	0.0616	0.0974	0.0964	0.0448	0.1403	0.1128	0.0289	0.2211	0.1421
381	0.0222	0.3664	0.0801	0.0657	0.0954	0.0616	0.0973	0.0963	0.0449	0.1408	0.113	0.0289	0.221	0.1421
382	0.0218	0.3641	0.0798	0.0651	0.0951	0.0616	0.0974	0.0963	0.0449	0.1408	0.113	0.0289	0.2209	0.142
383	0.0222	0.3667	0.0797	0.0651	0.0952	0.0618	0.0978	0.0966	0.0447	0.1404	0.1129	0.0289	0.2208	0.1421
384	0.0216	0.3703	0.0797	0.0649	0.0952	0.0617	0.0975	0.0966	0.0448	0.1406	0.113	0.0289	0.221	0.1422
385	0.0219	0.3657	0.0796	0.0647	0.0951	0.0615	0.0973	0.0964	0.0448	0.1405	0.113	0.0289	0.221	0.1421
386	0.0221	0.3704	0.0793	0.0647	0.0947	0.0616	0.0975	0.0963	0.0448	0.1405	0.1127	0.0289	0.2216	0.142
387	0.0218	0.3608	0.0793	0.0646	0.0948	0.0615	0.0975	0.0963	0.0446	0.1399	0.1126	0.0289	0.2213	0.1421
388	0.0219	0.367	0.0794	0.0646	0.0948	0.0617	0.0977	0.0963	0.0447	0.1402	0.1125	0.0289	0.2212	0.1419
389	0.0212	0.3568	0.0794	0.0645	0.0948	0.0615	0.0974	0.0962	0.0447	0.1403	0.1126	0.0289	0.2211	0.1419
390	0.0218	0.3636	0.0793	0.0644	0.0948	0.0615	0.0972	0.0962	0.0447	0.1404	0.1127	0.0289	0.2213	0.1421
391	0.0218	0.3613	0.0793	0.0644	0.0947	0.0615	0.0973	0.0962	0.0448	0.1406	0.1128	0.0289	0.2212	0.142
392	0.0215	0.3659	0.0792	0.0644	0.0947	0.0613	0.0968	0.0961	0.0447	0.1402	0.1126	0.0289	0.2211	0.142
393	0.0218	0.3603	0.0792	0.0645	0.0946	0.0613	0.0966	0.0958	0.0447	0.14	0.1124	0.0289	0.2209	0.1417
394	0.0217	0.3652	0.0792	0.0644	0.0946	0.0613	0.0966	0.0958	0.0448	0.1403	0.1125	0.0288	0.2206	0.1416
395	0.0219	0.3724	0.0789	0.0642	0.0944	0.0612	0.0964	0.0958	0.0447	0.1401	0.1125	0.0289	0.2207	0.1417
396	0.0219	0.3649	0.0786	0.064	0.0941	0.0611	0.0962	0.0956	0.0447	0.1399	0.1124	0.0289	0.2211	0.1417
397	0.0215	0.364	0.0785	0.064	0.0939	0.0611	0.0963	0.0955	0.0447	0.1401	0.1123	0.0289	0.221	0.1416
398	0.0216	0.3603	0.0783	0.0638	0.0939	0.061	0.0964	0.0957	0.0447	0.1399	0.1124	0.0288	0.2203	0.1416
399	0.0215	0.3594	0.0782	0.0637	0.0937	0.0611	0.0966	0.0956	0.0448	0.1401	0.1124	0.0289	0.2205	0.1415
400	0.0216	0.3641	0.0784	0.0638	0.0938	0.0612	0.097	0.0958	0.0447	0.14	0.1123	0.0288	0.22	0.1414
401	0.0219	0.3639	0.0784	0.0639	0.0938	0.0612	0.0969	0.0958	0.0446	0.1398	0.1122	0.0288	0.2203	0.1414
402	0.0213	0.3619	0.0785	0.0641	0.094	0.0612	0.0969	0.0958	0.0447	0.1401	0.1124	0.0288	0.2203	0.1414
403	0.022	0.3636	0.0784	0.064	0.0937	0.0611	0.0968	0.0955	0.0447	0.1399	0.1121	0.0288	0.2202	0.1412
404	0.0214	0.3714	0.0784	0.0641	0.0939	0.0612	0.097	0.0958	0.0446	0.1398	0.1122	0.0288	0.2202	0.1414
405	0.0217	0.3656	0.0784	0.064	0.094	0.0611	0.097	0.0958	0.0446	0.1399	0.1124	0.0288	0.2203	0.1415
406	0.022	0.3618	0.0784	0.0639	0.094	0.061	0.0969	0.0958	0.0447	0.1401	0.1124	0.0288	0.2201	0.1415
407	0.0217	0.3687	0.0787	0.0641	0.0942	0.0609	0.0966	0.0957	0.0447	0.1402	0.1125	0.0288	0.2204	0.1416
408	0.0215	0.3673	0.0789	0.0642	0.0942	0.061	0.0967	0.0956	0.0447	0.1402	0.1124	0.0288	0.2205	0.1415
409	0.0217	0.3656	0.0788	0.0643	0.0942	0.0612	0.0969	0.0957	0.0447	0.1404	0.1124	0.0289	0.2208	0.1416
410	0.0214	0.3629	0.079	0.0643	0.0944	0.0611	0.0967	0.0957	0.0447	0.1404	0.1125	0.0289	0.2206	0.1416
411	0.0217	0.3602	0.0787	0.064	0.0942	0.0611	0.0968	0.0958	0.0446	0.1402	0.1124	0.0289	0.2209	0.1417
412	0.0216	0.3683	0.0788	0.0645	0.0942	0.0609	0.0965	0.0955	0.0446	0.1401	0.1123	0.0289	0.221	0.1417
413	0.0215	0.3658	0.0786	0.0644	0.094	0.0611	0.0966	0.0955	0.0447	0.1403	0.1123	0.0289	0.2212	0.1416
414	0.0214	0.3712	0.0786	0.0642	0.094	0.0611	0.0967	0.0955	0.0447	0.1402	0.1122	0.0289	0.2211	0.1416
415	0.0221	0.369	0.0789	0.0646	0.0941	0.0612	0.0969	0.0956	0.0447	0.1406	0.1123	0.0289	0.221	0.1415
416	0.0217	0.3685	0.0791	0.0647	0.0943	0.0612	0.0969	0.0956	0.0446	0.1403	0.1122	0.0289	0.2213	0.1416
417	0.0214	0.3657	0.0792	0.0649	0.0944	0.0611	0.0967	0.0956	0.0446	0.1402	0.1123	0.0289	0.2213	0.1416
418	0.0216	0.3723	0.0794	0.065	0.0947	0.0612	0.0969	0.0958	0.0448	0.141	0.1127	0.0289	0.2209	0.1417
419	0.0216	0.3671	0.0794	0.0654	0.0949	0.0613	0.0971	0.096	0.0449	0.1409	0.1128	0.0288	0.2207	0.1418
420	0.0216	0.3648	0.0794	0.0652	0.0949	0.0613	0.097	0.096	0.0449	0.141	0.1129	0.0289	0.2207	0.1418
421	0.0217	0.371	0.0793	0.0652	0.0948	0.0612	0.0969	0.0959	0.0449	0.1409	0.1128	0.0289	0.2208	0.1418
422	0.0211	0.3651	0.0792	0.065	0.0946	0.0612	0.0969	0.0959	0.0448	0.1407	0.1127	0.0288	0.2206	0.1417
423	0.0215	0.363	0.079	0.0648	0.0945	0.0613	0.0968	0.0959	0.0448	0.1408	0.1127	0.0288	0.2203	0.1416
424	0.0214	0.3743	0.0791	0.065	0.0946	0.0612	0.0967	0.0958	0.0449	0.1412	0.1128	0.0288	0.2204	0.1416
425	0.0217	0.3603	0.0791	0.0649	0.0946	0.0613	0.0968	0.0959	0.0449	0.1412	0.1128	0.0288	0.2203	0.1415
426	0.0213	0.3607	0.0795	0.0653	0.0947	0.0613	0.0969	0.0958	0.045	0.1414	0.1128	0.0288	0.22	0.1413
427	0.0212	0.3648	0.0791	0.065	0.0944	0.0613	0.0969	0.0957	0.045	0.1414	0.1128	0.0288	0.2201	0.1413
428	0.0218	0.36	0.0788	0.0649	0.0941	0.0613	0.0971	0.0957	0.0449	0.1415	0.1126	0.0288	0.22	0.1412
429	0.0213	0.3657	0.0785	0.0647	0.0937	0.0614	0.097	0.0956	0.0449	0.1415	0.1126	0.0287	0.2199	0.141
430	0.0217	0.3675	0.079	0.0651	0.0943	0.0615	0.0972	0.0958	0.045	0.1415	0.1127	0.0287	0.2197	0.1411
431	0.0214	0.3644	0.0787	0.0649	0.0941	0.0613	0.0971	0.0957	0.0449	0.1412	0.1126	0.0287	0.2198	0.1411
432	0.0218	0.3726	0.0789	0.065	0.0943	0.0612	0.097	0.0957	0.0449	0.1413	0.1127	0.0287	0.2198	0.1412
433	0.0213	0.3593	0.0791	0.0653	0.0944	0.0612	0.097	0.0957	0.0449	0.1413	0.1127	0.0287	0.2198	0.1412
434	0.0214	0.373	0.079	0.0653	0.0942	0.061	0.0968	0.0954	0.0449	0.1413	0.1126	0.0287	0.2198	0.141
435	0.0215	0.3657	0.0786	0.065	0.0939	0.0609	0.0963	0.0952	0.0449	0.1408	0.1124	0.0287	0.2196	0.1409
436	0.0219	0.3691	0.0789	0.0651	0.0941	0.061	0.0967	0.0954	0.0449	0.141	0.1124	0.0287	0.2196	0.141
437	0.0217	0.3752	0.0787	0.065	0.0941	0.0609	0.0969	0.0955	0.045	0.1414	0.1127	0.0287	0.2195	0.141
438	0.0213	0.3693	0.0788	0.065	0.0941	0.061	0.0968	0.0955	0.0451	0.1417	0.1128	0.0287	0.2197	0.1411
439	0.022	0.3657	0.0788	0.065	0.0942	0.061	0.097	0.0957	0.0449	0.1414	0.1128	0.0287	0.2197	0.1412
440	0.0213	0.3742	0.0789	0.0651	0.0943	0.0611	0.0973	0.0958	0.0449	0.1411	0.1127	0.0287	0.2194	0.1411
441	0.0215	0.3649	0.0792	0.0653	0.0945	0.0612	0.0974	0.0958	0.0449	0.1409	0.1126	0.0287	0.219	0.141
442	0.0216	0.3667	0.0791	0.0652	0.0944	0.0612	0.0976	0.0959	0.0448	0.1409	0.1126	0.0287	0.2192	0.1411
443	0.0213	0.3666	0.0791	0.0652	0.0944	0.0612	0.0975	0.0959	0.0448	0.141	0.1126	0.0287	0.2193	0.1411
444	0.0217	0.3726	0.0788	0.065	0.0944	0.0613	0.0976	0.096	0.0449	0.1413	0.1128	0.0287	0.2194	0.1412
445	0.0213	0.3677	0.0789	0.0651	0.0945	0.0612	0.0976	0.0961	0.0449	0.1413	0.1129	0.0287	0.2194	0.1413
446	0.0212	0.3645	0.079	0.0655	0.0948	0.0613	0.0976	0.0962	0.0449	0.1412	0.1129	0.0287	0.2192	0.1413
447	0.0212	0.3696	0.079	0.0652	0.0948	0.0614	0.0976	0.0963	0.0448	0.1409	0.1129	0.0287	0.2194	0.1414
448	0.021	0.3647	0.0794	0.0654	0.095	0.0613	0.0975	0.0963	0.0448	0.141	0.1129	0.0287	0.2192	0.1414
449	0.0217	0.3708	0.0792	0.0655	0.0949	0.0614	0.0977	0.0962	0.0447	0.1406	0.1127	0.0287	0.2193	0.1413
450	0.0216	0.3675	0.0792	0.0654	0.095	0.0614	0.0977	0.0964	0.0446	0.1406	0.1128	0.0287	0.2192	0.1414
451	0.0222	0.3699	0.0789	0.0652	0.0946	0.0614	0.0977	0.0962	0.0446	0.1405	0.1126	0.0287	0.2194	0.1413
452	0.0212	0.3654	0.0788	0.0651	0.0947	0.0615	0.0979	0.0964	0.0446	0.1405	0.1128	0.0287	0.2195	0.1415
453	0.0215	0.3722	0.0787	0.0651	0.0946	0.0615	0.0979	0.0964	0.0445	0.1403	0.1126	0.0287	0.2196	0.1415
454	0.0214	0.3702	0.0788	0.0651	0.0947	0.0615	0.0976	0.0963	0.0446	0.1404	0.1127	0.0287	0.2195	0.1415
455	0.0213	0.3574	0.0791	0.0655	0.0951	0.0615	0.0977	0.0965	0.0446	0.1402	0.1128	0.0287	0.2197	0.1416
456	0.021	0.3614	0.0793	0.0653	0.0952	0.0615	0.0977	0.0966	0.0448	0.1407	0.1131	0.0287	0.2198	0.1418
457	0.0218	0.364	0.0794	0.0654	0.0953	0.0614	0.0975	0.0965	0.0448	0.1407	0.1131	0.0287	0.2199	0.1418
458	0.0214	0.3795	0.0798	0.0656	0.0955	0.0612	0.0973	0.0963	0.0448	0.1407	0.113	0.0288	0.2202	0.1419
459	0.0215	0.37	0.0796	0.0653	0.0953	0.0614	0.0977	0.0965	0.0448	0.1407	0.1131	0.0288	0.2201	0.1418
460	0.0213	0.3605	0.0795	0.0654	0.0952	0.0612	0.0974	0.0963	0.0448	0.1407	0.113	0.0288	0.2203	0.1418
461	0.0212	0.3746	0.0797	0.0656	0.0951	0.0613	0.0977	0.0962	0.0447	0.1405	0.1127	0.0288	0.2204	0.1416
462	0.0216	0.3638	0.0797	0.0656	0.0951	0.0613	0.0976	0.0961	0.0446	0.1405	0.1126	0.0287	0.2199	0.1414
463	0.0212	0.3698	0.08	0.0658	0.0952	0.0614	0.0975	0.0961	0.0447	0.1406	0.1126	0.0287	0.2196	0.1413
464	0.0216	0.3785	0.0795	0.0653	0.095	0.0615	0.0977	0.0962	0.0447	0.1408	0.1127	0.0288	0.2197	0.1415
465	0.0208	0.3648	0.0798	0.0656	0.0952	0.0613	0.0974	0.0962	0.0447	0.1406	0.1127	0.0287	0.2194	0.1414
466	0.0215	0.3753	0.0794	0.0653	0.0947	0.0614	0.0975	0.0961	0.0447	0.1408	0.1126	0.0287	0.2194	0.1412
467	0.0213	0.3713	0.0792	0.0651	0.0946	0.0614	0.0977	0.0961	0.0447	0.1407	0.1126	0.0287	0.2199	0.1414
468	0.0214	0.3696	0.0789	0.0648	0.0943	0.0614	0.0977	0.096	0.0447	0.1407	0.1125	0.0287	0.2196	0.1412
469	0.0215	0.372	0.079	0.0649	0.0944	0.0615	0.0978	0.0961	0.0448	0.141	0.1127	0.0287	0.2193	0.1412
470	0.0211	0.3669	0.0793	0.0651	0.0946	0.0615	0.0979	0.0962	0.0449	0.1413	0.1128	0.0287	0.219	0.1411
471	0.0213	0.3675	0.0793	0.065	0.0946	0.0614	0.0977	0.0961	0.0448	0.141	0.1127	0.0287	0.2191	0.1411
472	0.0215	0.3641	0.079	0.0649	0.0945	0.0614	0.0976	0.0961	0.0447	0.1408	0.1127	0.0287	0.2194	0.1413
473	0.0209	0.3651	0.0788	0.0647	0.0943	0.0613	0.0975	0.096	0.0447	0.1407	0.1126	0.0287	0.2193	0.1411
474	0.0212	0.3696	0.0793	0.0651	0.0946	0.0613	0.0978	0.0961	0.0448	0.1408	0.1127	0.0287	0.2195	0.1412
475	0.0212	0.3728	0.0794	0.0653	0.0945	0.0614	0.0976	0.0958	0.0448	0.1407	0.1124	0.0286	0.2196	0.1409
476	0.0209	0.3686	0.0792	0.0652	0.0942	0.0611	0.0972	0.0955	0.0447	0.1405	0.1121	0.0286	0.2192	0.1407
477	0.0213	0.3754	0.0792	0.065	0.0942	0.0612	0.0974	0.0956	0.0446	0.1402	0.1121	0.0286	0.2194	0.1408
478	0.021	0.369	0.079	0.065	0.0942	0.0611	0.097	0.0955	0.0446	0.1403	0.1121	0.0287	0.2197	0.1409
479	0.0215	0.3611	0.0791	0.065	0.0941	0.0611	0.0972	0.0954	0.0447	0.1405	0.1121	0.0287	0.2198	0.1408
480	0.0209	0.3728	0.0791	0.0651	0.0941	0.0611	0.0971	0.0954	0.0447	0.1408	0.1122	0.0287	0.2198	0.1408
481	0.0212	0.3692	0.0788	0.0649	0.094	0.061	0.0969	0.0954	0.0446	0.1407	0.1122	0.0287	0.2197	0.1409
482	0.0209	0.371	0.0789	0.0648	0.0938	0.0611	0.0973	0.0954	0.0446	0.1404	0.1119	0.0287	0.2198	0.1407
483	0.0209	0.3642	0.0789	0.0651	0.094	0.061	0.0968	0.0953	0.0446	0.1404	0.1121	0.0287	0.2195	0.1407
484	0.0214	0.3727	0.0789	0.0651	0.0939	0.0611	0.0971	0.0954	0.0445	0.1403	0.1119	0.0286	0.2191	0.1406
485	0.0215	0.3691	0.0787	0.0647	0.0938	0.061	0.0967	0.0953	0.0445	0.1404	0.112	0.0286	0.2191	0.1406
486	0.0207	0.3702	0.0786	0.0645	0.0936	0.061	0.0969	0.0952	0.0445	0.1403	0.1119	0.0286	0.2193	0.1406
487	0.0214	0.3698	0.0788	0.0647	0.0939	0.0609	0.0968	0.0952	0.0444	0.1401	0.1118	0.0286	0.2189	0.1405
488	0.0212	0.3717	0.0789	0.0647	0.094	0.0609	0.0967	0.0953	0.0444	0.1401	0.1119	0.0286	0.2185	0.1405
489	0.0213	0.3744	0.0793	0.065	0.0943	0.0609	0.0967	0.0953	0.0444	0.1402	0.112	0.0286	0.2186	0.1406
490	0.021	0.3729	0.0793	0.065	0.0943	0.0607	0.0965	0.0952	0.0444	0.1402	0.112	0.0286	0.2185	0.1405
491	0.0213	0.3707	0.079	0.0648	0.0943	0.0606	0.0964	0.0953	0.0445	0.1403	0.1121	0.0285	0.2184	0.1405
492	0.0211	0.3723	0.0791	0.065	0.0943	0.0607	0.0964	0.0952	0.0445	0.1403	0.1121	0.0285	0.2181	0.1404
493	0.0214	0.3728	0.079	0.0648	0.0941	0.0606	0.0964	0.0952	0.0446	0.1407	0.1123	0.0285	0.2179	0.1404
494	0.0211	0.3765	0.0793	0.0652	0.0943	0.0606	0.0966	0.0953	0.0445	0.1404	0.1121	0.0285	0.2178	0.1404
495	0.0209	0.3703	0.0793	0.0651	0.0942	0.0607	0.0967	0.0952	0.0446	0.1404	0.1121	0.0285	0.2184	0.1404
496	0.0212	0.3743	0.0792	0.0651	0.0942	0.0609	0.0971	0.0954	0.0444	0.14	0.1119	0.0285	0.2185	0.1404
497	0.0213	0.3716	0.0791	0.0651	0.0941	0.0607	0.0968	0.0952	0.0445	0.1401	0.1119	0.0285	0.2183	0.1403
498	0.0212	0.3704	0.0791	0.0651	0.094	0.0607	0.0969	0.0952	0.0444	0.1398	0.1118	0.0285	0.2183	0.1402
499	0.0213	0.3717	0.0793	0.0652	0.0942	0.0607	0.097	0.0953	0.0444	0.1396	0.1118	0.0286	0.2187	0.1405
500	0.0213	0.3675	0.079	0.065	0.0941	0.0607	0.0972	0.0954	0.0444	0.1396	0.1118	0.0285	0.2185	0.1405
