{"n_layers": 0, "device": "cuda", "batch_size": 2048, "embedding_dim": 1024, "learning_rate": 0.001, "dataset": "dbbook", "epochs": 150, "top_k": 50, "multimodal": true, "datasets": {"dbbook": ["images", "text"], "ml1m": ["audio", "images", "text", "video"]}}
Epoch	Loss	Recall	Precision	NDCG
1	0.6930	0.0199	0.0024	0.0098
2	0.6832	0.0429	0.0055	0.0277
3	0.6722	0.0858	0.0113	0.0590
4	0.6558	0.1308	0.0178	0.0874
5	0.6307	0.1617	0.0221	0.1051
6	0.5938	0.1774	0.0244	0.1137
7	0.5441	0.1856	0.0256	0.1172
8	0.4847	0.1911	0.0263	0.1199
9	0.4218	0.1932	0.0268	0.1206
10	0.3626	0.1933	0.0269	0.1207
11	0.3101	0.1950	0.0271	0.1215
12	0.2663	0.1978	0.0275	0.1232
13	0.2291	0.2006	0.0278	0.1247
14	0.1995	0.2017	0.0278	0.1256
15	0.1747	0.2037	0.0281	0.1269
16	0.1539	0.2057	0.0283	0.1281
17	0.1363	0.2061	0.0283	0.1289
18	0.1211	0.2070	0.0284	0.1301
19	0.1088	0.2080	0.0286	0.1307
20	0.0975	0.2100	0.0288	0.1312
21	0.0872	0.2130	0.0292	0.1326
22	0.0794	0.2146	0.0293	0.1334
23	0.0727	0.2162	0.0295	0.1343
24	0.0659	0.2172	0.0295	0.1348
25	0.0600	0.2175	0.0295	0.1350
26	0.0550	0.2189	0.0296	0.1355
27	0.0514	0.2187	0.0296	0.1356
28	0.0477	0.2199	0.0297	0.1362
29	0.0440	0.2200	0.0298	0.1366
30	0.0416	0.2202	0.0298	0.1371
31	0.0384	0.2218	0.0299	0.1379
32	0.0363	0.2223	0.0300	0.1381
33	0.0338	0.2225	0.0299	0.1381
34	0.0317	0.2228	0.0300	0.1385
35	0.0307	0.2236	0.0301	0.1391
36	0.0295	0.2238	0.0302	0.1394
37	0.0283	0.2245	0.0302	0.1397
38	0.0266	0.2250	0.0303	0.1399
39	0.0244	0.2249	0.0303	0.1401
40	0.0241	0.2250	0.0303	0.1404
41	0.0225	0.2253	0.0303	0.1405
42	0.0216	0.2253	0.0303	0.1408
43	0.0214	0.2253	0.0303	0.1410
44	0.0203	0.2256	0.0303	0.1412
45	0.0200	0.2258	0.0303	0.1412
46	0.0190	0.2257	0.0304	0.1411
47	0.0186	0.2263	0.0304	0.1415
48	0.0174	0.2267	0.0304	0.1417
49	0.0168	0.2269	0.0304	0.1419
50	0.0172	0.2264	0.0304	0.1418
51	0.0160	0.2270	0.0305	0.1419
52	0.0159	0.2262	0.0304	0.1418
53	0.0156	0.2267	0.0304	0.1421
54	0.0151	0.2267	0.0304	0.1420
55	0.0149	0.2265	0.0304	0.1420
56	0.0140	0.2262	0.0304	0.1421
57	0.0137	0.2263	0.0304	0.1423
58	0.0141	0.2260	0.0303	0.1423
59	0.0134	0.2264	0.0303	0.1425
60	0.0133	0.2262	0.0303	0.1428
61	0.0127	0.2264	0.0303	0.1428
62	0.0120	0.2264	0.0303	0.1429
63	0.0121	0.2269	0.0304	0.1430
64	0.0122	0.2270	0.0304	0.1430
65	0.0118	0.2274	0.0304	0.1431
66	0.0115	0.2278	0.0304	0.1433
67	0.0114	0.2282	0.0305	0.1436
68	0.0113	0.2286	0.0305	0.1439
69	0.0110	0.2288	0.0305	0.1441
70	0.0111	0.2286	0.0306	0.1442
71	0.0105	0.2292	0.0306	0.1444
72	0.0106	0.2295	0.0306	0.1445
73	0.0105	0.2295	0.0306	0.1445
74	0.0104	0.2290	0.0305	0.1442
75	0.0104	0.2291	0.0305	0.1443
76	0.0102	0.2293	0.0305	0.1443
77	0.0099	0.2287	0.0305	0.1441
78	0.0098	0.2291	0.0305	0.1441
79	0.0094	0.2290	0.0305	0.1439
80	0.0097	0.2286	0.0305	0.1440
81	0.0093	0.2286	0.0304	0.1442
82	0.0093	0.2285	0.0304	0.1445
83	0.0089	0.2286	0.0304	0.1447
84	0.0095	0.2282	0.0304	0.1445
85	0.0091	0.2279	0.0303	0.1442
86	0.0092	0.2277	0.0303	0.1442
87	0.0089	0.2281	0.0303	0.1442
88	0.0093	0.2284	0.0303	0.1441
89	0.0091	0.2289	0.0304	0.1441
90	0.0090	0.2281	0.0303	0.1440
91	0.0089	0.2278	0.0303	0.1440
92	0.0091	0.2271	0.0302	0.1437
93	0.0086	0.2273	0.0302	0.1439
94	0.0090	0.2281	0.0303	0.1439
95	0.0089	0.2279	0.0303	0.1441
96	0.0082	0.2280	0.0303	0.1443
97	0.0088	0.2281	0.0303	0.1443
98	0.0085	0.2286	0.0303	0.1444
99	0.0089	0.2288	0.0304	0.1445
100	0.0082	0.2286	0.0304	0.1444
101	0.0084	0.2278	0.0303	0.1442
102	0.0082	0.2281	0.0303	0.1444
103	0.0078	0.2283	0.0303	0.1443
104	0.0078	0.2282	0.0302	0.1445
105	0.0082	0.2278	0.0303	0.1446
106	0.0080	0.2283	0.0303	0.1448
107	0.0083	0.2279	0.0302	0.1450
108	0.0081	0.2282	0.0303	0.1451
109	0.0079	0.2283	0.0303	0.1454
110	0.0082	0.2292	0.0303	0.1454
111	0.0080	0.2291	0.0303	0.1456
112	0.0080	0.2290	0.0303	0.1458
113	0.0080	0.2281	0.0302	0.1457
114	0.0077	0.2277	0.0302	0.1460
115	0.0082	0.2273	0.0302	0.1457
116	0.0074	0.2280	0.0302	0.1459
117	0.0082	0.2288	0.0302	0.1460
118	0.0080	0.2283	0.0302	0.1460
119	0.0078	0.2286	0.0303	0.1461
120	0.0078	0.2281	0.0302	0.1457
121	0.0075	0.2284	0.0303	0.1459
122	0.0073	0.2294	0.0304	0.1461
123	0.0077	0.2289	0.0303	0.1458
124	0.0076	0.2288	0.0303	0.1459
125	0.0081	0.2292	0.0303	0.1457
126	0.0073	0.2290	0.0303	0.1456
127	0.0072	0.2291	0.0303	0.1454
128	0.0077	0.2288	0.0302	0.1453
129	0.0074	0.2297	0.0304	0.1454
130	0.0082	0.2297	0.0304	0.1454
131	0.0075	0.2297	0.0303	0.1455
132	0.0074	0.2294	0.0303	0.1454
133	0.0077	0.2298	0.0303	0.1455
134	0.0077	0.2297	0.0303	0.1455
135	0.0077	0.2298	0.0303	0.1457
136	0.0077	0.2298	0.0304	0.1455
137	0.0073	0.2294	0.0303	0.1456
138	0.0076	0.2294	0.0303	0.1461
139	0.0080	0.2290	0.0303	0.1461
140	0.0071	0.2286	0.0303	0.1459
141	0.0071	0.2288	0.0302	0.1459
142	0.0076	0.2287	0.0302	0.1458
143	0.0079	0.2284	0.0302	0.1454
144	0.0073	0.2283	0.0301	0.1452
145	0.0078	0.2286	0.0302	0.1450
146	0.0075	0.2283	0.0302	0.1448
147	0.0073	0.2281	0.0301	0.1449
148	0.0078	0.2283	0.0301	0.1448
149	0.0072	0.2283	0.0301	0.1448
150	0.0074	0.2284	0.0301	0.1449
