{"n_layers": 0, "device": "cuda", "batch_size": 2048, "embedding_dim": 128, "learning_rate": 0.0005, "dataset": "dbbook", "epochs": 150, "top_k": 20, "multimodal": false, "datasets": {"dbbook": ["images", "text"], "ml1m": ["audio", "images", "text", "video"]}}
Epoch	Loss	Recall	Precision	NDCG
1	0.6932	0.0046	0.0014	0.0032
2	0.6922	0.0051	0.0016	0.0034
3	0.6913	0.0060	0.0020	0.0042
4	0.6903	0.0087	0.0030	0.0063
5	0.6890	0.0134	0.0047	0.0103
6	0.6873	0.0217	0.0075	0.0166
7	0.6851	0.0303	0.0106	0.0234
8	0.6821	0.0402	0.0140	0.0311
9	0.6784	0.0494	0.0171	0.0378
10	0.6735	0.0585	0.0200	0.0444
11	0.6673	0.0651	0.0225	0.0495
12	0.6596	0.0710	0.0243	0.0537
13	0.6504	0.0747	0.0258	0.0568
14	0.6395	0.0790	0.0272	0.0597
15	0.6267	0.0817	0.0281	0.0619
16	0.6124	0.0838	0.0290	0.0639
17	0.5964	0.0857	0.0295	0.0656
18	0.5792	0.0865	0.0300	0.0666
19	0.5608	0.0870	0.0302	0.0675
20	0.5414	0.0879	0.0306	0.0680
21	0.5213	0.0881	0.0306	0.0689
22	0.5014	0.0886	0.0309	0.0692
23	0.4816	0.0900	0.0313	0.0702
24	0.4617	0.0903	0.0314	0.0706
25	0.4435	0.0911	0.0317	0.0713
26	0.4250	0.0916	0.0320	0.0718
27	0.4078	0.0917	0.0321	0.0722
28	0.3917	0.0924	0.0321	0.0727
29	0.3745	0.0925	0.0322	0.0729
30	0.3605	0.0926	0.0324	0.0732
31	0.3459	0.0935	0.0326	0.0738
32	0.3329	0.0936	0.0326	0.0740
33	0.3206	0.0940	0.0327	0.0745
34	0.3086	0.0941	0.0327	0.0748
35	0.2980	0.0945	0.0329	0.0752
36	0.2880	0.0947	0.0329	0.0755
37	0.2771	0.0945	0.0329	0.0756
38	0.2694	0.0952	0.0331	0.0760
39	0.2586	0.0953	0.0331	0.0761
40	0.2518	0.0961	0.0334	0.0768
41	0.2418	0.0962	0.0335	0.0769
42	0.2338	0.0962	0.0335	0.0768
43	0.2277	0.0963	0.0336	0.0770
44	0.2203	0.0970	0.0337	0.0774
45	0.2144	0.0967	0.0336	0.0774
46	0.2071	0.0966	0.0335	0.0776
47	0.2013	0.0973	0.0336	0.0779
48	0.1956	0.0972	0.0336	0.0778
49	0.1904	0.0978	0.0337	0.0779
50	0.1844	0.0975	0.0337	0.0780
51	0.1803	0.0980	0.0339	0.0783
52	0.1743	0.0982	0.0339	0.0784
53	0.1700	0.0987	0.0340	0.0786
54	0.1640	0.0994	0.0343	0.0790
55	0.1601	0.0997	0.0344	0.0794
56	0.1560	0.0999	0.0344	0.0796
57	0.1519	0.0997	0.0344	0.0795
58	0.1468	0.0998	0.0345	0.0798
59	0.1439	0.1000	0.0346	0.0800
60	0.1410	0.1001	0.0346	0.0802
61	0.1364	0.0999	0.0345	0.0801
62	0.1339	0.1002	0.0347	0.0801
63	0.1304	0.1005	0.0348	0.0804
64	0.1261	0.1004	0.0347	0.0807
65	0.1230	0.1008	0.0348	0.0810
66	0.1195	0.1010	0.0348	0.0810
67	0.1153	0.1011	0.0349	0.0811
68	0.1141	0.1013	0.0349	0.0812
69	0.1118	0.1016	0.0350	0.0814
70	0.1074	0.1018	0.0350	0.0815
71	0.1063	0.1021	0.0351	0.0816
72	0.1032	0.1025	0.0352	0.0815
73	0.1001	0.1026	0.0351	0.0815
74	0.0984	0.1027	0.0351	0.0816
75	0.0957	0.1030	0.0352	0.0816
76	0.0938	0.1033	0.0353	0.0819
77	0.0909	0.1037	0.0353	0.0820
78	0.0894	0.1039	0.0354	0.0821
79	0.0879	0.1036	0.0353	0.0823
80	0.0844	0.1036	0.0353	0.0823
81	0.0830	0.1036	0.0354	0.0823
82	0.0815	0.1042	0.0355	0.0825
83	0.0790	0.1041	0.0355	0.0825
84	0.0781	0.1040	0.0355	0.0824
85	0.0756	0.1044	0.0356	0.0827
86	0.0742	0.1046	0.0356	0.0829
87	0.0728	0.1048	0.0356	0.0830
88	0.0712	0.1052	0.0357	0.0834
89	0.0689	0.1055	0.0358	0.0836
90	0.0676	0.1055	0.0359	0.0837
91	0.0667	0.1057	0.0359	0.0837
92	0.0645	0.1058	0.0360	0.0838
93	0.0647	0.1057	0.0360	0.0839
94	0.0622	0.1057	0.0359	0.0839
95	0.0592	0.1060	0.0360	0.0841
96	0.0598	0.1065	0.0362	0.0842
97	0.0592	0.1065	0.0362	0.0842
98	0.0588	0.1066	0.0362	0.0843
99	0.0558	0.1067	0.0362	0.0845
100	0.0564	0.1074	0.0364	0.0848
101	0.0546	0.1073	0.0365	0.0850
102	0.0531	0.1073	0.0364	0.0851
103	0.0522	0.1073	0.0364	0.0851
104	0.0524	0.1071	0.0364	0.0851
105	0.0508	0.1072	0.0365	0.0852
106	0.0497	0.1074	0.0365	0.0854
107	0.0487	0.1078	0.0366	0.0855
108	0.0469	0.1081	0.0367	0.0857
109	0.0474	0.1081	0.0367	0.0859
110	0.0470	0.1085	0.0368	0.0860
111	0.0457	0.1085	0.0368	0.0861
112	0.0436	0.1088	0.0368	0.0862
113	0.0434	0.1089	0.0369	0.0863
114	0.0426	0.1092	0.0370	0.0866
115	0.0421	0.1090	0.0370	0.0866
116	0.0418	0.1089	0.0369	0.0865
117	0.0400	0.1093	0.0370	0.0869
118	0.0403	0.1093	0.0371	0.0870
119	0.0400	0.1094	0.0371	0.0870
120	0.0391	0.1095	0.0371	0.0871
121	0.0383	0.1097	0.0372	0.0873
122	0.0381	0.1100	0.0373	0.0876
123	0.0362	0.1102	0.0374	0.0878
124	0.0366	0.1102	0.0374	0.0879
125	0.0356	0.1105	0.0375	0.0879
126	0.0349	0.1104	0.0374	0.0879
127	0.0342	0.1103	0.0374	0.0880
128	0.0341	0.1103	0.0374	0.0879
129	0.0341	0.1102	0.0374	0.0880
130	0.0333	0.1108	0.0375	0.0882
131	0.0317	0.1109	0.0374	0.0882
132	0.0321	0.1107	0.0374	0.0881
133	0.0318	0.1110	0.0374	0.0882
134	0.0309	0.1109	0.0374	0.0883
135	0.0303	0.1110	0.0374	0.0885
136	0.0310	0.1113	0.0375	0.0886
137	0.0302	0.1109	0.0375	0.0885
138	0.0296	0.1104	0.0373	0.0882
139	0.0293	0.1108	0.0375	0.0883
140	0.0290	0.1111	0.0375	0.0885
141	0.0280	0.1109	0.0376	0.0887
142	0.0272	0.1112	0.0376	0.0887
143	0.0271	0.1112	0.0375	0.0887
144	0.0268	0.1116	0.0376	0.0889
145	0.0273	0.1115	0.0375	0.0888
146	0.0263	0.1117	0.0376	0.0889
147	0.0264	0.1121	0.0377	0.0890
148	0.0256	0.1119	0.0376	0.0890
149	0.0247	0.1122	0.0377	0.0892
150	0.0244	0.1125	0.0378	0.0894
