{"n_layers": 0, "device": "cuda", "batch_size": 2048, "embedding_dim": 1024, "learning_rate": 0.001, "dataset": "dbbook", "epochs": 150, "top_k": 50, "multimodal": true, "datasets": {"dbbook": ["images", "text"], "ml1m": ["audio", "images", "text", "video"]}}
Epoch	Loss	Recall	Precision	NDCG
1	0.6928	0.0216	0.0027	0.0113
2	0.6792	0.0360	0.0045	0.0221
3	0.6667	0.0477	0.0061	0.0320
4	0.6529	0.0603	0.0079	0.0423
5	0.6366	0.0772	0.0102	0.0546
6	0.6172	0.0992	0.0131	0.0692
7	0.5937	0.1240	0.0164	0.0834
8	0.5657	0.1441	0.0192	0.0937
9	0.5325	0.1563	0.0211	0.1000
10	0.4951	0.1630	0.0222	0.1035
11	0.4558	0.1674	0.0230	0.1050
12	0.4161	0.1690	0.0234	0.1054
13	0.3774	0.1699	0.0236	0.1056
14	0.3415	0.1705	0.0236	0.1053
15	0.3090	0.1712	0.0237	0.1055
16	0.2805	0.1715	0.0238	0.1059
17	0.2553	0.1726	0.0239	0.1063
18	0.2331	0.1730	0.0239	0.1066
19	0.2126	0.1735	0.0240	0.1070
20	0.1961	0.1738	0.0240	0.1071
21	0.1805	0.1753	0.0242	0.1082
22	0.1663	0.1758	0.0243	0.1086
23	0.1541	0.1758	0.0243	0.1088
24	0.1426	0.1768	0.0245	0.1096
25	0.1326	0.1773	0.0245	0.1101
26	0.1218	0.1778	0.0245	0.1106
27	0.1141	0.1791	0.0247	0.1109
28	0.1057	0.1796	0.0247	0.1112
29	0.0999	0.1805	0.0248	0.1116
30	0.0932	0.1811	0.0249	0.1120
31	0.0872	0.1815	0.0250	0.1123
32	0.0807	0.1819	0.0250	0.1126
33	0.0761	0.1828	0.0250	0.1128
34	0.0710	0.1833	0.0251	0.1133
35	0.0671	0.1844	0.0252	0.1137
36	0.0637	0.1835	0.0251	0.1137
37	0.0610	0.1841	0.0252	0.1141
38	0.0575	0.1846	0.0252	0.1144
39	0.0536	0.1852	0.0253	0.1149
40	0.0510	0.1862	0.0254	0.1153
41	0.0488	0.1858	0.0254	0.1156
42	0.0462	0.1862	0.0254	0.1159
43	0.0436	0.1865	0.0254	0.1160
44	0.0414	0.1859	0.0254	0.1159
45	0.0394	0.1862	0.0254	0.1162
46	0.0376	0.1865	0.0255	0.1163
47	0.0361	0.1867	0.0255	0.1167
48	0.0343	0.1868	0.0255	0.1167
49	0.0327	0.1870	0.0255	0.1168
50	0.0320	0.1878	0.0256	0.1172
51	0.0306	0.1879	0.0256	0.1172
52	0.0288	0.1873	0.0256	0.1170
53	0.0281	0.1869	0.0256	0.1171
54	0.0276	0.1866	0.0255	0.1170
55	0.0262	0.1868	0.0255	0.1172
56	0.0258	0.1871	0.0256	0.1173
57	0.0246	0.1872	0.0256	0.1174
58	0.0241	0.1878	0.0256	0.1175
59	0.0228	0.1882	0.0256	0.1177
60	0.0225	0.1887	0.0257	0.1179
61	0.0218	0.1884	0.0256	0.1178
62	0.0206	0.1879	0.0256	0.1176
63	0.0204	0.1884	0.0257	0.1179
64	0.0198	0.1892	0.0257	0.1181
65	0.0187	0.1897	0.0258	0.1183
66	0.0181	0.1893	0.0258	0.1184
67	0.0175	0.1891	0.0258	0.1185
68	0.0174	0.1896	0.0258	0.1187
69	0.0169	0.1892	0.0258	0.1187
70	0.0172	0.1894	0.0258	0.1189
71	0.0161	0.1894	0.0258	0.1191
72	0.0160	0.1895	0.0258	0.1191
73	0.0155	0.1893	0.0258	0.1191
74	0.0155	0.1892	0.0258	0.1190
75	0.0150	0.1889	0.0258	0.1189
76	0.0143	0.1889	0.0258	0.1192
77	0.0140	0.1893	0.0258	0.1193
78	0.0136	0.1890	0.0258	0.1191
79	0.0137	0.1892	0.0258	0.1191
80	0.0133	0.1892	0.0257	0.1194
81	0.0130	0.1890	0.0257	0.1195
82	0.0129	0.1892	0.0257	0.1197
83	0.0125	0.1891	0.0257	0.1198
84	0.0125	0.1894	0.0257	0.1199
85	0.0122	0.1893	0.0257	0.1198
86	0.0123	0.1891	0.0257	0.1199
87	0.0118	0.1891	0.0257	0.1199
88	0.0110	0.1895	0.0257	0.1199
89	0.0114	0.1896	0.0257	0.1199
90	0.0116	0.1898	0.0257	0.1199
91	0.0107	0.1898	0.0257	0.1198
92	0.0107	0.1894	0.0257	0.1197
93	0.0108	0.1901	0.0258	0.1200
94	0.0104	0.1895	0.0257	0.1198
95	0.0102	0.1899	0.0257	0.1200
96	0.0100	0.1896	0.0257	0.1199
97	0.0102	0.1899	0.0257	0.1199
98	0.0103	0.1898	0.0257	0.1198
99	0.0098	0.1900	0.0257	0.1198
100	0.0094	0.1900	0.0257	0.1197
101	0.0093	0.1899	0.0257	0.1198
102	0.0092	0.1901	0.0257	0.1197
103	0.0093	0.1899	0.0257	0.1195
104	0.0093	0.1903	0.0257	0.1197
105	0.0094	0.1901	0.0257	0.1194
106	0.0091	0.1902	0.0257	0.1194
107	0.0092	0.1904	0.0257	0.1195
108	0.0087	0.1898	0.0256	0.1193
109	0.0092	0.1891	0.0256	0.1192
110	0.0091	0.1891	0.0256	0.1192
111	0.0087	0.1892	0.0256	0.1191
112	0.0086	0.1893	0.0256	0.1191
113	0.0084	0.1889	0.0256	0.1190
114	0.0086	0.1893	0.0257	0.1192
115	0.0079	0.1895	0.0257	0.1192
116	0.0084	0.1896	0.0257	0.1193
117	0.0078	0.1896	0.0257	0.1194
118	0.0078	0.1902	0.0257	0.1197
119	0.0080	0.1901	0.0257	0.1195
120	0.0077	0.1900	0.0257	0.1195
121	0.0076	0.1901	0.0258	0.1196
122	0.0077	0.1902	0.0258	0.1197
123	0.0076	0.1905	0.0258	0.1196
124	0.0076	0.1904	0.0258	0.1196
125	0.0073	0.1899	0.0257	0.1195
126	0.0074	0.1898	0.0257	0.1195
127	0.0073	0.1901	0.0257	0.1195
128	0.0076	0.1896	0.0257	0.1193
129	0.0072	0.1898	0.0257	0.1195
130	0.0075	0.1900	0.0257	0.1197
131	0.0075	0.1904	0.0257	0.1199
132	0.0071	0.1901	0.0257	0.1199
133	0.0070	0.1897	0.0256	0.1197
134	0.0072	0.1897	0.0257	0.1198
135	0.0067	0.1896	0.0256	0.1198
136	0.0068	0.1898	0.0257	0.1197
137	0.0067	0.1907	0.0257	0.1202
138	0.0069	0.1907	0.0257	0.1202
139	0.0072	0.1902	0.0257	0.1200
140	0.0068	0.1900	0.0257	0.1200
141	0.0069	0.1905	0.0257	0.1201
142	0.0064	0.1907	0.0258	0.1202
143	0.0069	0.1900	0.0257	0.1202
144	0.0068	0.1902	0.0257	0.1199
145	0.0069	0.1895	0.0257	0.1196
146	0.0063	0.1900	0.0257	0.1199
147	0.0068	0.1902	0.0257	0.1199
148	0.0071	0.1904	0.0258	0.1200
149	0.0069	0.1903	0.0257	0.1200
150	0.0069	0.1899	0.0257	0.1196
