{"n_layers": 0, "device": "cuda", "batch_size": 2048, "embedding_dim": 256, "learning_rate": 0.001, "dataset": "dbbook", "epochs": 150, "top_k": 10, "multimodal": false, "datasets": {"dbbook": ["images", "text"], "ml1m": ["audio", "images", "text", "video"]}}
Epoch	Loss	Recall	Precision	NDCG
1	0.6932	0.0026	0.0017	0.0022
2	0.6892	0.0040	0.0028	0.0035
3	0.6845	0.0127	0.0088	0.0130
4	0.6772	0.0278	0.0193	0.0288
5	0.6652	0.0414	0.0282	0.0411
6	0.6464	0.0494	0.0331	0.0481
7	0.6188	0.0538	0.0361	0.0518
8	0.5816	0.0566	0.0380	0.0544
9	0.5363	0.0572	0.0386	0.0555
10	0.4858	0.0582	0.0391	0.0567
11	0.4344	0.0597	0.0402	0.0583
12	0.3868	0.0608	0.0407	0.0594
13	0.3443	0.0619	0.0415	0.0608
14	0.3062	0.0627	0.0421	0.0620
15	0.2743	0.0641	0.0429	0.0635
16	0.2467	0.0647	0.0431	0.0640
17	0.2229	0.0656	0.0436	0.0645
18	0.2030	0.0666	0.0441	0.0651
19	0.1840	0.0674	0.0445	0.0660
20	0.1681	0.0686	0.0452	0.0671
21	0.1537	0.0686	0.0454	0.0674
22	0.1424	0.0694	0.0453	0.0676
23	0.1298	0.0699	0.0460	0.0683
24	0.1187	0.0703	0.0462	0.0687
25	0.1115	0.0710	0.0465	0.0692
26	0.1026	0.0709	0.0466	0.0694
27	0.0947	0.0711	0.0466	0.0694
28	0.0883	0.0716	0.0469	0.0699
29	0.0826	0.0719	0.0471	0.0701
30	0.0771	0.0728	0.0475	0.0707
31	0.0701	0.0728	0.0477	0.0712
32	0.0676	0.0731	0.0478	0.0714
33	0.0622	0.0730	0.0477	0.0713
34	0.0596	0.0729	0.0477	0.0712
35	0.0552	0.0729	0.0477	0.0713
36	0.0520	0.0730	0.0479	0.0715
37	0.0497	0.0732	0.0480	0.0717
38	0.0477	0.0734	0.0481	0.0719
39	0.0433	0.0736	0.0484	0.0723
40	0.0422	0.0742	0.0485	0.0728
41	0.0399	0.0754	0.0491	0.0738
42	0.0377	0.0755	0.0494	0.0740
43	0.0363	0.0754	0.0492	0.0739
44	0.0342	0.0753	0.0490	0.0740
45	0.0330	0.0760	0.0495	0.0744
46	0.0313	0.0760	0.0496	0.0746
47	0.0297	0.0761	0.0496	0.0749
48	0.0293	0.0763	0.0498	0.0752
49	0.0271	0.0762	0.0498	0.0750
50	0.0271	0.0772	0.0502	0.0756
51	0.0260	0.0774	0.0503	0.0758
52	0.0244	0.0775	0.0504	0.0758
53	0.0240	0.0774	0.0502	0.0758
54	0.0235	0.0772	0.0502	0.0759
55	0.0223	0.0770	0.0502	0.0757
56	0.0221	0.0769	0.0501	0.0759
57	0.0213	0.0778	0.0507	0.0765
58	0.0201	0.0781	0.0509	0.0769
59	0.0198	0.0784	0.0511	0.0772
60	0.0190	0.0789	0.0511	0.0776
61	0.0186	0.0787	0.0510	0.0773
62	0.0179	0.0791	0.0512	0.0777
63	0.0177	0.0790	0.0512	0.0777
64	0.0172	0.0785	0.0508	0.0775
65	0.0163	0.0785	0.0508	0.0774
66	0.0158	0.0787	0.0511	0.0778
67	0.0163	0.0789	0.0512	0.0780
68	0.0149	0.0788	0.0512	0.0780
69	0.0151	0.0792	0.0515	0.0784
70	0.0147	0.0798	0.0516	0.0788
71	0.0140	0.0801	0.0519	0.0790
72	0.0141	0.0799	0.0517	0.0789
73	0.0141	0.0800	0.0518	0.0789
74	0.0132	0.0798	0.0518	0.0787
75	0.0132	0.0799	0.0518	0.0786
76	0.0133	0.0796	0.0517	0.0786
77	0.0124	0.0793	0.0514	0.0785
78	0.0123	0.0794	0.0514	0.0784
79	0.0128	0.0797	0.0514	0.0784
80	0.0115	0.0795	0.0514	0.0784
81	0.0118	0.0798	0.0515	0.0785
82	0.0114	0.0801	0.0516	0.0787
83	0.0112	0.0804	0.0519	0.0789
84	0.0113	0.0803	0.0519	0.0788
85	0.0112	0.0802	0.0517	0.0788
86	0.0106	0.0799	0.0515	0.0786
87	0.0107	0.0794	0.0513	0.0785
88	0.0106	0.0794	0.0513	0.0785
89	0.0105	0.0795	0.0514	0.0787
90	0.0100	0.0796	0.0516	0.0788
91	0.0100	0.0797	0.0515	0.0790
92	0.0097	0.0800	0.0517	0.0792
93	0.0096	0.0800	0.0516	0.0790
94	0.0094	0.0801	0.0516	0.0792
95	0.0093	0.0803	0.0517	0.0791
96	0.0092	0.0800	0.0515	0.0790
97	0.0091	0.0798	0.0513	0.0789
98	0.0088	0.0801	0.0514	0.0791
99	0.0088	0.0799	0.0514	0.0791
100	0.0086	0.0799	0.0514	0.0789
101	0.0086	0.0800	0.0514	0.0787
102	0.0083	0.0799	0.0514	0.0787
103	0.0082	0.0800	0.0515	0.0789
104	0.0085	0.0799	0.0513	0.0787
105	0.0085	0.0797	0.0512	0.0787
106	0.0080	0.0795	0.0512	0.0786
107	0.0079	0.0798	0.0514	0.0787
108	0.0082	0.0796	0.0513	0.0785
109	0.0077	0.0798	0.0512	0.0785
110	0.0073	0.0797	0.0512	0.0785
111	0.0085	0.0798	0.0513	0.0786
112	0.0080	0.0801	0.0515	0.0792
113	0.0079	0.0806	0.0517	0.0794
114	0.0075	0.0805	0.0517	0.0795
115	0.0076	0.0810	0.0520	0.0799
116	0.0074	0.0804	0.0517	0.0797
117	0.0071	0.0803	0.0518	0.0798
118	0.0073	0.0802	0.0517	0.0798
119	0.0074	0.0810	0.0519	0.0800
120	0.0075	0.0812	0.0518	0.0801
121	0.0068	0.0812	0.0518	0.0801
122	0.0072	0.0811	0.0517	0.0800
123	0.0062	0.0811	0.0517	0.0801
124	0.0069	0.0819	0.0521	0.0804
125	0.0068	0.0817	0.0521	0.0805
126	0.0065	0.0819	0.0521	0.0807
127	0.0069	0.0815	0.0520	0.0805
128	0.0069	0.0813	0.0521	0.0804
129	0.0061	0.0811	0.0521	0.0804
130	0.0065	0.0811	0.0520	0.0803
131	0.0067	0.0814	0.0520	0.0803
132	0.0064	0.0810	0.0519	0.0802
133	0.0061	0.0814	0.0520	0.0805
134	0.0066	0.0814	0.0519	0.0803
135	0.0067	0.0821	0.0522	0.0805
136	0.0063	0.0818	0.0523	0.0804
137	0.0063	0.0817	0.0522	0.0803
138	0.0062	0.0812	0.0519	0.0802
139	0.0065	0.0815	0.0520	0.0802
140	0.0069	0.0813	0.0517	0.0801
141	0.0061	0.0817	0.0518	0.0803
142	0.0065	0.0826	0.0521	0.0810
143	0.0062	0.0824	0.0520	0.0810
144	0.0063	0.0826	0.0521	0.0812
145	0.0058	0.0823	0.0521	0.0813
146	0.0057	0.0828	0.0525	0.0816
147	0.0060	0.0826	0.0524	0.0816
148	0.0064	0.0824	0.0523	0.0817
149	0.0061	0.0823	0.0521	0.0817
150	0.0058	0.0822	0.0520	0.0815
