{"n_layers": 1, "device": "cuda", "batch_size": 2048, "embedding_dim": 64, "learning_rate": 0.001, "dataset": "dbbook", "epochs": 150, "model": "ef-mmlgcn", "fusion": "mean", "top_k": [5, 10, 20, 50], "seed": 19, "multimodal": true}
Epoch	Loss	Precision@5	Recall@5	NDCG@5	Precision@10	Recall@10	NDCG@10	Precision@20	Recall@20	NDCG@20	Precision@50	Recall@50	NDCG@50
1	0.6928	0.0041	0.0033	0.0046	0.004	0.0061	0.0055	0.0038	0.012	0.0079	0.0033	0.0254	0.0127
2	0.6913	0.0187	0.0137	0.0213	0.0151	0.0232	0.0224	0.012	0.0359	0.0277	0.0083	0.0625	0.0372
3	0.6892	0.0304	0.0219	0.0342	0.0265	0.0389	0.0372	0.0212	0.0622	0.0468	0.0141	0.1038	0.0618
4	0.6857	0.0355	0.0261	0.0379	0.0325	0.047	0.043	0.0263	0.0756	0.055	0.018	0.1302	0.0748
5	0.6799	0.0363	0.0274	0.0374	0.0334	0.0474	0.0426	0.0281	0.0806	0.0565	0.0199	0.1426	0.0792
6	0.6710	0.0352	0.0261	0.0351	0.0335	0.0481	0.0416	0.0284	0.08	0.0553	0.0208	0.1487	0.0802
7	0.6583	0.0341	0.0249	0.0329	0.0326	0.0465	0.0395	0.0278	0.0788	0.0533	0.0211	0.1508	0.0794
8	0.6407	0.0321	0.0235	0.0307	0.0319	0.0457	0.038	0.0273	0.0769	0.0514	0.0212	0.1509	0.0782
9	0.6191	0.0296	0.0219	0.029	0.0312	0.0445	0.0369	0.0271	0.0764	0.0505	0.021	0.1487	0.0769
10	0.5940	0.0286	0.0205	0.0279	0.0305	0.0436	0.036	0.0265	0.0744	0.0492	0.0208	0.1465	0.0756
11	0.5663	0.0281	0.0201	0.0272	0.0298	0.0428	0.0351	0.0262	0.0732	0.0483	0.0208	0.1458	0.075
12	0.5377	0.0274	0.0199	0.0267	0.0293	0.0421	0.0344	0.0259	0.0722	0.0476	0.0207	0.145	0.0743
13	0.5095	0.027	0.0197	0.0261	0.0289	0.0414	0.0337	0.0257	0.0714	0.0468	0.0206	0.144	0.0735
14	0.4814	0.0267	0.0195	0.0259	0.0284	0.0409	0.0333	0.0253	0.0703	0.0461	0.0207	0.1448	0.0735
15	0.4558	0.0269	0.0194	0.0259	0.0281	0.0403	0.0329	0.0252	0.0703	0.046	0.0207	0.1444	0.0733
16	0.4326	0.0268	0.0193	0.026	0.0277	0.0398	0.0327	0.0252	0.0701	0.046	0.0207	0.1446	0.0734
17	0.4116	0.0271	0.0198	0.0262	0.0278	0.0401	0.0328	0.0252	0.0696	0.0458	0.0207	0.1447	0.0733
18	0.3912	0.0271	0.0198	0.0263	0.0281	0.0404	0.0331	0.0252	0.0696	0.046	0.0207	0.1441	0.0733
19	0.3731	0.0274	0.02	0.0265	0.0283	0.0404	0.0331	0.0254	0.07	0.0462	0.0208	0.145	0.0736
20	0.3577	0.0274	0.0202	0.0265	0.0282	0.0398	0.033	0.0254	0.0702	0.0463	0.0208	0.1449	0.0737
21	0.3426	0.0279	0.0205	0.027	0.0283	0.0399	0.0332	0.0254	0.0701	0.0464	0.0208	0.145	0.0739
22	0.3303	0.0284	0.0207	0.0275	0.0285	0.0402	0.0336	0.0256	0.0706	0.0469	0.0209	0.1456	0.0744
23	0.3161	0.0286	0.0207	0.0277	0.0285	0.04	0.0337	0.0256	0.0708	0.0471	0.0209	0.1458	0.0747
24	0.3067	0.0291	0.021	0.0283	0.0287	0.0401	0.034	0.0258	0.0714	0.0476	0.021	0.1469	0.0753
25	0.2951	0.0296	0.0213	0.0288	0.0288	0.0402	0.0343	0.026	0.0719	0.048	0.0211	0.1466	0.0755
26	0.2845	0.03	0.0217	0.0292	0.0292	0.0406	0.0347	0.0262	0.0728	0.0486	0.0212	0.1479	0.0762
27	0.2765	0.0303	0.0218	0.0295	0.0294	0.0411	0.0351	0.0264	0.0734	0.049	0.0213	0.1485	0.0767
28	0.2670	0.0305	0.0219	0.0297	0.0293	0.041	0.0351	0.0266	0.0739	0.0493	0.0214	0.1491	0.077
29	0.2591	0.0308	0.0222	0.0301	0.0295	0.0411	0.0354	0.0268	0.0746	0.0498	0.0216	0.1503	0.0777
30	0.2535	0.0309	0.0223	0.0303	0.0297	0.0413	0.0357	0.027	0.0753	0.0502	0.0217	0.1514	0.0783
31	0.2464	0.0312	0.0226	0.0307	0.03	0.0417	0.0361	0.027	0.0752	0.0505	0.0218	0.1524	0.0788
32	0.2386	0.0314	0.0227	0.0311	0.0304	0.0421	0.0366	0.0271	0.0755	0.0509	0.0219	0.1532	0.0795
33	0.2324	0.0319	0.023	0.0317	0.0306	0.0424	0.0372	0.0274	0.0764	0.0517	0.0219	0.1532	0.08
34	0.2257	0.0322	0.0233	0.0321	0.0308	0.0428	0.0376	0.0276	0.0769	0.0521	0.022	0.1535	0.0803
35	0.2216	0.0324	0.0234	0.0324	0.0312	0.0433	0.038	0.0278	0.0777	0.0526	0.022	0.1539	0.0807
36	0.2162	0.0328	0.0238	0.0327	0.0315	0.0436	0.0383	0.0279	0.078	0.0529	0.0222	0.155	0.0812
37	0.2098	0.0332	0.024	0.0332	0.0318	0.044	0.0387	0.028	0.0784	0.0533	0.0223	0.1563	0.0819
38	0.2051	0.0335	0.0242	0.0338	0.0321	0.0445	0.0394	0.0282	0.0788	0.0539	0.0225	0.1573	0.0827
39	0.2012	0.0335	0.0243	0.034	0.0323	0.045	0.0398	0.0284	0.0793	0.0544	0.0226	0.1584	0.0834
40	0.1950	0.0337	0.0244	0.0341	0.0325	0.0453	0.04	0.0285	0.0797	0.0546	0.0227	0.1591	0.0838
41	0.1943	0.034	0.0245	0.0344	0.0326	0.0453	0.0401	0.0287	0.08	0.0549	0.0228	0.1599	0.0842
42	0.1839	0.0343	0.0248	0.0346	0.0327	0.0456	0.0403	0.0289	0.0806	0.0553	0.0229	0.1606	0.0847
43	0.1827	0.0349	0.0252	0.0353	0.033	0.0461	0.0409	0.0289	0.0808	0.0557	0.023	0.1614	0.0853
44	0.1804	0.035	0.0253	0.0354	0.0333	0.0466	0.0411	0.0291	0.0812	0.0559	0.0231	0.1624	0.0856
45	0.1758	0.0349	0.0253	0.0354	0.0336	0.0472	0.0415	0.0293	0.082	0.0563	0.0232	0.1631	0.086
46	0.1696	0.0353	0.0256	0.0356	0.0338	0.0472	0.0415	0.0295	0.0829	0.0567	0.0233	0.1639	0.0864
47	0.1666	0.0357	0.0255	0.0359	0.0338	0.0475	0.0418	0.0296	0.083	0.057	0.0234	0.1647	0.0869
48	0.1656	0.0354	0.0254	0.0358	0.0341	0.0479	0.0421	0.0299	0.0839	0.0574	0.0234	0.1647	0.087
49	0.1601	0.0357	0.0256	0.0362	0.0344	0.0483	0.0424	0.03	0.0843	0.0577	0.0235	0.1653	0.0875
50	0.1568	0.0367	0.0262	0.0369	0.0348	0.049	0.043	0.0301	0.0847	0.0581	0.0236	0.1661	0.088
51	0.1551	0.0369	0.0264	0.0373	0.0351	0.0493	0.0434	0.0303	0.0851	0.0586	0.0237	0.1671	0.0887
52	0.1515	0.0373	0.0268	0.0378	0.0352	0.0496	0.0438	0.0304	0.0859	0.0591	0.0238	0.1683	0.0894
53	0.1482	0.0373	0.0268	0.0379	0.0352	0.0497	0.044	0.0305	0.0864	0.0595	0.0239	0.1693	0.0899
54	0.1455	0.038	0.0274	0.0386	0.0354	0.05	0.0443	0.0308	0.0872	0.0601	0.0241	0.1704	0.0905
55	0.1433	0.0382	0.0274	0.0389	0.0357	0.0507	0.0449	0.0308	0.0875	0.0605	0.0242	0.1714	0.0912
56	0.1416	0.0388	0.0278	0.0394	0.0361	0.0513	0.0454	0.0309	0.0882	0.0608	0.0242	0.1717	0.0915
57	0.1377	0.0392	0.0282	0.0398	0.0365	0.0518	0.0457	0.0312	0.0888	0.0612	0.0243	0.1726	0.0919
58	0.1359	0.0394	0.0284	0.0401	0.0368	0.0523	0.0462	0.0313	0.0888	0.0615	0.0244	0.1731	0.0923
59	0.1316	0.0393	0.0285	0.0402	0.037	0.0525	0.0464	0.0314	0.0896	0.0619	0.0244	0.1734	0.0926
60	0.1275	0.0395	0.0284	0.0404	0.0372	0.0527	0.0467	0.0317	0.0909	0.0625	0.0246	0.1746	0.0932
61	0.1309	0.0396	0.0287	0.0406	0.0373	0.0527	0.0468	0.032	0.0913	0.0628	0.0247	0.1759	0.0938
62	0.1239	0.0397	0.0286	0.0407	0.0372	0.0526	0.0468	0.0321	0.0919	0.0631	0.0248	0.1765	0.0941
63	0.1245	0.0397	0.0286	0.0408	0.0371	0.0524	0.0468	0.0321	0.0919	0.0632	0.0249	0.177	0.0944
64	0.1216	0.0398	0.0287	0.0409	0.0371	0.0526	0.0469	0.0322	0.0921	0.0635	0.025	0.1779	0.0948
65	0.1188	0.0401	0.0291	0.0414	0.0374	0.0532	0.0474	0.0324	0.0928	0.064	0.025	0.1786	0.0953
66	0.1175	0.0406	0.0293	0.0418	0.0375	0.0533	0.0476	0.0327	0.0937	0.0646	0.0252	0.1797	0.0959
67	0.1148	0.0411	0.0301	0.0425	0.0377	0.0536	0.0481	0.0329	0.0944	0.0651	0.0253	0.181	0.0967
68	0.1145	0.0415	0.0305	0.0428	0.0378	0.0537	0.0482	0.0329	0.0949	0.0654	0.0254	0.1812	0.0969
69	0.1135	0.0416	0.0303	0.0431	0.0379	0.0539	0.0485	0.033	0.0954	0.0658	0.0254	0.1818	0.0974
70	0.1070	0.0418	0.0306	0.0434	0.038	0.0543	0.0488	0.0332	0.0955	0.0661	0.0255	0.1826	0.0979
71	0.1098	0.0418	0.0306	0.0435	0.0381	0.0546	0.049	0.0335	0.0961	0.0665	0.0256	0.1834	0.0982
72	0.1064	0.0421	0.0307	0.0437	0.0383	0.0548	0.0492	0.0336	0.0968	0.0668	0.0257	0.184	0.0986
73	0.1042	0.0419	0.0305	0.0436	0.0383	0.0549	0.0493	0.0337	0.0971	0.067	0.0258	0.1849	0.099
74	0.1016	0.0422	0.0308	0.0439	0.0384	0.0551	0.0495	0.0338	0.0973	0.0672	0.0259	0.1853	0.0993
75	0.1041	0.0427	0.0314	0.0444	0.0386	0.0553	0.0498	0.0339	0.098	0.0677	0.0259	0.1848	0.0994
76	0.1005	0.0428	0.0316	0.0447	0.0385	0.0552	0.0499	0.0341	0.0985	0.0681	0.0259	0.1853	0.0998
77	0.1004	0.0433	0.0319	0.045	0.0387	0.0555	0.0502	0.0343	0.0988	0.0684	0.026	0.1854	0.1001
78	0.0969	0.0435	0.0322	0.0453	0.0387	0.0557	0.0504	0.0343	0.0989	0.0686	0.026	0.1857	0.1003
79	0.0974	0.0437	0.0324	0.0455	0.0389	0.056	0.0506	0.0344	0.0991	0.0687	0.026	0.1861	0.1006
80	0.0945	0.044	0.0327	0.0457	0.0389	0.0561	0.0507	0.0344	0.0991	0.0689	0.026	0.1862	0.1008
81	0.0929	0.0442	0.0329	0.046	0.0392	0.0564	0.0511	0.0346	0.0995	0.0693	0.0261	0.1867	0.1012
82	0.0901	0.0443	0.0331	0.0462	0.0392	0.0565	0.0513	0.0346	0.0996	0.0695	0.0262	0.1878	0.1017
83	0.0925	0.0446	0.0333	0.0465	0.0393	0.0571	0.0516	0.0346	0.0998	0.0697	0.0263	0.1882	0.1021
84	0.0874	0.0444	0.0331	0.0464	0.0396	0.0576	0.0518	0.0347	0.0999	0.0698	0.0264	0.1889	0.1024
85	0.0892	0.0448	0.0335	0.0468	0.0397	0.0577	0.0521	0.0348	0.1003	0.0701	0.0265	0.1901	0.1029
86	0.0879	0.0449	0.0336	0.0471	0.0397	0.0577	0.0523	0.0348	0.1002	0.0703	0.0266	0.191	0.1035
87	0.0866	0.0452	0.0341	0.0475	0.0401	0.0586	0.0528	0.0349	0.1006	0.0706	0.0266	0.191	0.1037
88	0.0863	0.0455	0.0344	0.0479	0.0402	0.0587	0.053	0.0349	0.1009	0.0709	0.0267	0.1918	0.1041
89	0.0828	0.0458	0.0346	0.0481	0.0405	0.0592	0.0534	0.0349	0.101	0.071	0.0267	0.1916	0.1042
90	0.0818	0.0458	0.0345	0.0481	0.0407	0.0592	0.0535	0.0351	0.1015	0.0712	0.0267	0.1918	0.1043
91	0.0790	0.0459	0.0348	0.0482	0.0409	0.0597	0.0537	0.0352	0.1019	0.0715	0.0267	0.192	0.1045
92	0.0786	0.0458	0.0348	0.0483	0.0411	0.0598	0.0539	0.0352	0.1022	0.0717	0.0267	0.1922	0.1047
93	0.0784	0.046	0.0346	0.0484	0.0411	0.06	0.054	0.0353	0.1025	0.0719	0.0268	0.1926	0.1049
94	0.0773	0.0462	0.0349	0.0487	0.0412	0.0602	0.0543	0.0353	0.1026	0.0721	0.0268	0.1929	0.1051
95	0.0774	0.0463	0.0351	0.0487	0.0413	0.0604	0.0543	0.0353	0.1028	0.0721	0.0269	0.1934	0.1053
96	0.0740	0.0464	0.035	0.0488	0.0414	0.0605	0.0545	0.0354	0.1031	0.0723	0.0269	0.1937	0.1055
97	0.0760	0.0465	0.0351	0.049	0.0416	0.0608	0.0547	0.0354	0.1029	0.0724	0.0269	0.1938	0.1057
98	0.0746	0.047	0.0356	0.0494	0.0417	0.061	0.0549	0.0354	0.1029	0.0724	0.0269	0.1938	0.1058
99	0.0715	0.0471	0.0356	0.0495	0.0419	0.0613	0.0551	0.0355	0.1031	0.0726	0.0269	0.1943	0.106
100	0.0727	0.047	0.0354	0.0495	0.0418	0.0612	0.0552	0.0356	0.1033	0.0729	0.027	0.1944	0.1062
101	0.0705	0.047	0.0354	0.0495	0.0421	0.0615	0.0554	0.0357	0.1034	0.073	0.027	0.1948	0.1064
102	0.0687	0.0474	0.0357	0.0499	0.042	0.0613	0.0554	0.0357	0.1037	0.0732	0.0271	0.1953	0.1067
103	0.0677	0.0473	0.0356	0.0497	0.042	0.0612	0.0554	0.0359	0.1041	0.0733	0.0271	0.1959	0.1069
104	0.0690	0.0474	0.0358	0.05	0.0419	0.0612	0.0554	0.0358	0.1039	0.0734	0.0271	0.1959	0.107
105	0.0677	0.0477	0.036	0.0502	0.042	0.0615	0.0556	0.0359	0.1043	0.0735	0.0272	0.1961	0.1071
106	0.0678	0.0481	0.0363	0.0505	0.0422	0.0619	0.0559	0.0359	0.1045	0.0737	0.0272	0.1968	0.1075
107	0.0668	0.0486	0.0366	0.0511	0.0426	0.0624	0.0565	0.036	0.1048	0.0741	0.0272	0.1973	0.1079
108	0.0672	0.0486	0.0367	0.0512	0.0428	0.0628	0.0567	0.0359	0.1042	0.0741	0.0272	0.1974	0.108
109	0.0641	0.049	0.0372	0.0517	0.043	0.063	0.057	0.0361	0.1047	0.0745	0.0273	0.1977	0.1083
110	0.0643	0.0492	0.0372	0.0517	0.0431	0.0633	0.0571	0.036	0.1048	0.0745	0.0273	0.1984	0.1086
111	0.0625	0.0491	0.0372	0.0518	0.0431	0.0633	0.0573	0.0361	0.105	0.0747	0.0274	0.1989	0.1089
112	0.0615	0.049	0.0371	0.0519	0.0432	0.0634	0.0575	0.0362	0.1053	0.075	0.0274	0.1988	0.109
113	0.0596	0.0488	0.0368	0.0517	0.0433	0.0636	0.0576	0.0362	0.1053	0.075	0.0274	0.1991	0.1091
114	0.0595	0.0492	0.0372	0.0521	0.0434	0.0637	0.0577	0.0363	0.1054	0.0752	0.0274	0.1994	0.1094
115	0.0611	0.0491	0.0369	0.052	0.0436	0.0641	0.058	0.0363	0.1056	0.0753	0.0274	0.199	0.1094
116	0.0611	0.0499	0.0376	0.0528	0.0438	0.0645	0.0583	0.0366	0.1065	0.0759	0.0274	0.1993	0.1097
117	0.0607	0.0501	0.0378	0.0529	0.0439	0.0645	0.0584	0.0366	0.1066	0.076	0.0274	0.1994	0.1098
118	0.0570	0.05	0.0377	0.053	0.044	0.0647	0.0586	0.0367	0.1067	0.0762	0.0275	0.1995	0.11
119	0.0567	0.0502	0.038	0.0533	0.0442	0.065	0.0589	0.0368	0.1068	0.0764	0.0275	0.1998	0.1102
120	0.0574	0.0503	0.0381	0.0535	0.0444	0.0652	0.0592	0.0367	0.1067	0.0765	0.0276	0.2004	0.1106
121	0.0566	0.0506	0.0383	0.0537	0.0444	0.0652	0.0593	0.0367	0.1065	0.0765	0.0276	0.2004	0.1107
122	0.0555	0.0508	0.0384	0.054	0.0446	0.0655	0.0595	0.0367	0.1069	0.0767	0.0276	0.2003	0.1109
123	0.0566	0.0511	0.0386	0.0544	0.0446	0.0655	0.0597	0.0368	0.1073	0.0771	0.0276	0.2006	0.1112
124	0.0553	0.051	0.0385	0.0544	0.0447	0.0659	0.0599	0.0368	0.1071	0.0771	0.0276	0.2007	0.1113
125	0.0541	0.0512	0.0386	0.0545	0.0446	0.0658	0.0599	0.0369	0.1071	0.0773	0.0277	0.201	0.1115
126	0.0530	0.0513	0.0387	0.0546	0.0446	0.0658	0.0599	0.0369	0.1071	0.0773	0.0277	0.2017	0.1117
127	0.0530	0.0511	0.0385	0.0545	0.0449	0.066	0.0601	0.0369	0.1073	0.0774	0.0277	0.2018	0.1118
128	0.0517	0.0513	0.0387	0.0547	0.045	0.0661	0.0603	0.0369	0.1076	0.0776	0.0277	0.202	0.112
129	0.0527	0.0512	0.0386	0.0549	0.045	0.0662	0.0605	0.0369	0.1074	0.0777	0.0278	0.2022	0.1122
130	0.0518	0.0512	0.0387	0.055	0.045	0.0661	0.0606	0.0369	0.1075	0.0779	0.0278	0.2023	0.1124
131	0.0513	0.0514	0.0389	0.0552	0.045	0.0662	0.0607	0.0368	0.1072	0.0777	0.0278	0.2022	0.1124
132	0.0517	0.0517	0.0391	0.0554	0.0452	0.0666	0.0609	0.0368	0.1072	0.0779	0.0278	0.2025	0.1126
133	0.0500	0.0518	0.0393	0.0556	0.0452	0.0667	0.061	0.0369	0.1075	0.0781	0.0278	0.2024	0.1127
134	0.0501	0.0518	0.0392	0.0556	0.0453	0.0667	0.0611	0.0369	0.1076	0.0781	0.0278	0.2024	0.1126
135	0.0484	0.052	0.0392	0.0557	0.0452	0.0664	0.061	0.0369	0.1078	0.0782	0.0277	0.2023	0.1126
136	0.0488	0.0518	0.039	0.0556	0.0452	0.0667	0.061	0.037	0.1079	0.0783	0.0278	0.2026	0.1127
137	0.0486	0.0517	0.0389	0.0556	0.0453	0.0668	0.0611	0.0371	0.1079	0.0783	0.0278	0.2027	0.1128
138	0.0481	0.052	0.0393	0.0558	0.0451	0.0667	0.061	0.0371	0.1082	0.0784	0.0278	0.2028	0.1128
139	0.0472	0.0523	0.0397	0.056	0.0454	0.067	0.0613	0.037	0.1079	0.0784	0.0278	0.2029	0.113
140	0.0482	0.0525	0.0398	0.0561	0.0455	0.0671	0.0614	0.0371	0.1083	0.0786	0.0278	0.2032	0.1131
141	0.0471	0.0526	0.0399	0.0564	0.0455	0.0675	0.0617	0.0372	0.1088	0.0789	0.0279	0.2033	0.1133
142	0.0452	0.0525	0.0398	0.0565	0.0456	0.0677	0.0619	0.0372	0.109	0.0792	0.0279	0.2039	0.1137
143	0.0464	0.0526	0.04	0.0566	0.0457	0.068	0.0621	0.0373	0.1092	0.0793	0.0279	0.2042	0.1138
144	0.0467	0.053	0.0403	0.057	0.0459	0.0681	0.0624	0.0375	0.1099	0.0798	0.028	0.2047	0.1143
145	0.0434	0.0528	0.0402	0.0569	0.0459	0.0682	0.0624	0.0376	0.1103	0.0799	0.028	0.2045	0.1142
146	0.0444	0.0532	0.0404	0.0572	0.0458	0.068	0.0623	0.0376	0.1104	0.0801	0.028	0.2046	0.1143
147	0.0440	0.0534	0.0405	0.0574	0.0457	0.068	0.0623	0.0377	0.1107	0.0802	0.0279	0.2043	0.1142
148	0.0428	0.0534	0.0408	0.0575	0.046	0.0682	0.0626	0.0376	0.1106	0.0802	0.0279	0.2043	0.1144
149	0.0429	0.0538	0.041	0.0578	0.0462	0.0686	0.0629	0.0377	0.1106	0.0804	0.0279	0.2047	0.1145
150	0.0435	0.0537	0.041	0.0577	0.0462	0.069	0.0629	0.0377	0.1108	0.0804	0.028	0.205	0.1146
