{"n_layers": 2, "device": "cuda", "batch_size": 2048, "embedding_dim": 512, "learning_rate": 0.001, "dataset": "dbbook", "epochs": 150, "top_k": 20, "multimodal": true, "datasets": {"dbbook": ["images", "text"], "ml1m": ["audio", "images", "text", "video"]}}
Epoch	Loss	Recall	Precision	NDCG
1	0.6897	0.0579	0.0192	0.0492
2	0.6781	0.0866	0.0294	0.0681
3	0.6582	0.0870	0.0303	0.0656
4	0.6233	0.0817	0.0288	0.0588
5	0.5702	0.0761	0.0271	0.0529
6	0.5049	0.0726	0.0263	0.0496
7	0.4384	0.0710	0.0258	0.0480
8	0.3835	0.0703	0.0256	0.0473
9	0.3396	0.0706	0.0259	0.0475
10	0.3087	0.0712	0.0260	0.0480
11	0.2830	0.0729	0.0265	0.0492
12	0.2591	0.0741	0.0269	0.0502
13	0.2399	0.0749	0.0271	0.0513
14	0.2234	0.0764	0.0275	0.0524
15	0.2120	0.0783	0.0281	0.0540
16	0.1972	0.0804	0.0287	0.0554
17	0.1870	0.0824	0.0291	0.0567
18	0.1763	0.0844	0.0297	0.0582
19	0.1649	0.0863	0.0303	0.0599
20	0.1549	0.0877	0.0306	0.0612
21	0.1470	0.0889	0.0311	0.0624
22	0.1423	0.0909	0.0316	0.0640
23	0.1330	0.0919	0.0319	0.0651
24	0.1281	0.0935	0.0325	0.0663
25	0.1212	0.0941	0.0329	0.0673
26	0.1133	0.0955	0.0333	0.0682
27	0.1080	0.0972	0.0338	0.0690
28	0.1050	0.0977	0.0341	0.0697
29	0.1000	0.0996	0.0345	0.0709
30	0.0968	0.1004	0.0348	0.0718
31	0.0912	0.1016	0.0352	0.0724
32	0.0888	0.1032	0.0356	0.0737
33	0.0854	0.1043	0.0359	0.0747
34	0.0830	0.1055	0.0364	0.0758
35	0.0786	0.1066	0.0367	0.0765
36	0.0747	0.1074	0.0369	0.0774
37	0.0734	0.1083	0.0372	0.0781
38	0.0721	0.1089	0.0374	0.0787
39	0.0691	0.1096	0.0376	0.0794
40	0.0676	0.1106	0.0379	0.0800
41	0.0651	0.1113	0.0381	0.0803
42	0.0646	0.1124	0.0384	0.0810
43	0.0604	0.1131	0.0386	0.0815
44	0.0586	0.1136	0.0388	0.0817
45	0.0569	0.1143	0.0390	0.0824
46	0.0545	0.1157	0.0393	0.0831
47	0.0541	0.1162	0.0394	0.0836
48	0.0519	0.1167	0.0397	0.0840
49	0.0512	0.1174	0.0399	0.0844
50	0.0480	0.1176	0.0399	0.0849
51	0.0489	0.1188	0.0402	0.0856
52	0.0462	0.1189	0.0404	0.0861
53	0.0462	0.1193	0.0405	0.0866
54	0.0441	0.1204	0.0407	0.0874
55	0.0451	0.1210	0.0408	0.0880
56	0.0413	0.1212	0.0409	0.0884
57	0.0423	0.1227	0.0413	0.0892
58	0.0401	0.1240	0.0415	0.0899
59	0.0393	0.1240	0.0415	0.0901
60	0.0388	0.1237	0.0414	0.0901
61	0.0374	0.1243	0.0416	0.0905
62	0.0378	0.1243	0.0416	0.0906
63	0.0368	0.1249	0.0418	0.0910
64	0.0351	0.1247	0.0418	0.0911
65	0.0351	0.1250	0.0418	0.0916
66	0.0344	0.1253	0.0418	0.0918
67	0.0328	0.1257	0.0419	0.0919
68	0.0324	0.1263	0.0419	0.0922
69	0.0320	0.1269	0.0421	0.0926
70	0.0323	0.1271	0.0422	0.0929
71	0.0310	0.1274	0.0423	0.0933
72	0.0301	0.1273	0.0423	0.0933
73	0.0294	0.1277	0.0422	0.0935
74	0.0306	0.1281	0.0424	0.0939
75	0.0300	0.1282	0.0424	0.0941
76	0.0294	0.1290	0.0426	0.0946
77	0.0284	0.1297	0.0427	0.0950
78	0.0280	0.1299	0.0428	0.0952
79	0.0274	0.1303	0.0429	0.0952
80	0.0266	0.1299	0.0428	0.0950
81	0.0264	0.1301	0.0429	0.0954
82	0.0264	0.1301	0.0430	0.0957
83	0.0263	0.1305	0.0429	0.0959
84	0.0260	0.1305	0.0430	0.0957
85	0.0246	0.1310	0.0431	0.0963
86	0.0237	0.1315	0.0432	0.0965
87	0.0244	0.1315	0.0432	0.0966
88	0.0235	0.1315	0.0433	0.0967
89	0.0255	0.1321	0.0434	0.0971
90	0.0236	0.1321	0.0434	0.0973
91	0.0223	0.1321	0.0434	0.0974
92	0.0234	0.1320	0.0434	0.0974
93	0.0229	0.1321	0.0435	0.0975
94	0.0224	0.1317	0.0434	0.0976
95	0.0210	0.1318	0.0434	0.0977
96	0.0224	0.1318	0.0434	0.0978
97	0.0211	0.1327	0.0435	0.0983
98	0.0212	0.1330	0.0435	0.0981
99	0.0203	0.1333	0.0435	0.0981
100	0.0211	0.1332	0.0435	0.0983
101	0.0206	0.1332	0.0435	0.0985
102	0.0196	0.1331	0.0435	0.0985
103	0.0211	0.1332	0.0435	0.0985
104	0.0196	0.1332	0.0435	0.0984
105	0.0197	0.1332	0.0435	0.0986
106	0.0194	0.1334	0.0435	0.0987
107	0.0188	0.1336	0.0436	0.0990
108	0.0195	0.1339	0.0436	0.0992
109	0.0188	0.1335	0.0435	0.0991
110	0.0186	0.1338	0.0436	0.0993
111	0.0183	0.1337	0.0437	0.0993
112	0.0190	0.1335	0.0435	0.0992
113	0.0185	0.1338	0.0436	0.0993
114	0.0197	0.1340	0.0436	0.0993
115	0.0184	0.1343	0.0437	0.0997
116	0.0179	0.1344	0.0437	0.0997
117	0.0170	0.1342	0.0436	0.0997
118	0.0171	0.1344	0.0437	0.0998
119	0.0168	0.1341	0.0435	0.0996
120	0.0169	0.1342	0.0436	0.0996
121	0.0168	0.1344	0.0437	0.0998
122	0.0175	0.1347	0.0437	0.0999
123	0.0173	0.1341	0.0435	0.0998
124	0.0170	0.1343	0.0436	0.1001
125	0.0167	0.1345	0.0437	0.1002
126	0.0168	0.1345	0.0436	0.1003
127	0.0163	0.1344	0.0436	0.1003
128	0.0158	0.1344	0.0435	0.1003
129	0.0171	0.1343	0.0436	0.1005
130	0.0152	0.1348	0.0436	0.1006
131	0.0163	0.1349	0.0436	0.1009
132	0.0165	0.1349	0.0436	0.1011
133	0.0162	0.1350	0.0437	0.1012
134	0.0155	0.1351	0.0438	0.1015
135	0.0156	0.1354	0.0438	0.1018
136	0.0159	0.1357	0.0439	0.1020
137	0.0158	0.1357	0.0438	0.1019
138	0.0151	0.1361	0.0439	0.1019
139	0.0146	0.1359	0.0438	0.1018
140	0.0156	0.1359	0.0438	0.1019
141	0.0160	0.1360	0.0438	0.1020
142	0.0151	0.1359	0.0438	0.1019
143	0.0155	0.1362	0.0438	0.1021
144	0.0151	0.1365	0.0439	0.1021
145	0.0152	0.1362	0.0437	0.1020
146	0.0145	0.1360	0.0436	0.1020
147	0.0146	0.1365	0.0438	0.1023
148	0.0147	0.1360	0.0437	0.1024
149	0.0138	0.1359	0.0437	0.1022
150	0.0152	0.1359	0.0437	0.1024
