{"n_layers": 2, "device": "cuda", "batch_size": 2048, "embedding_dim": 512, "learning_rate": 0.001, "dataset": "dbbook", "epochs": 150, "model": "ef-mmlgcn", "fusion": "mean", "top_k": [5, 10, 20, 50], "seed": 19, "multimodal": true}
Epoch	Loss	Precision@5	Recall@5	NDCG@5	Precision@10	Recall@10	NDCG@10	Precision@20	Recall@20	NDCG@20	Precision@50	Recall@50	NDCG@50
1	0.6897	0.0362	0.0272	0.0427	0.0282	0.0411	0.0427	0.0205	0.0597	0.0501	0.0129	0.0943	0.0626
2	0.6779	0.0481	0.0348	0.0525	0.0386	0.056	0.0542	0.0299	0.0858	0.0665	0.0197	0.1419	0.087
3	0.6576	0.0444	0.0331	0.0471	0.0375	0.0536	0.0502	0.0301	0.0866	0.0637	0.0219	0.1555	0.0892
4	0.6227	0.0409	0.0304	0.0407	0.0347	0.0492	0.0441	0.0294	0.0832	0.0583	0.0218	0.1534	0.0842
5	0.5685	0.0355	0.0263	0.0345	0.0316	0.0447	0.0389	0.028	0.0779	0.0532	0.0213	0.1492	0.0794
6	0.5034	0.0329	0.0245	0.0317	0.0309	0.0439	0.0372	0.0268	0.0735	0.0501	0.021	0.1456	0.0766
7	0.4386	0.0315	0.0231	0.0302	0.0302	0.0424	0.0359	0.0263	0.0724	0.0488	0.0208	0.1441	0.0752
8	0.3835	0.0312	0.0226	0.0296	0.0297	0.0418	0.0351	0.026	0.0716	0.048	0.0207	0.1433	0.0745
9	0.3414	0.0316	0.0228	0.0301	0.0297	0.0416	0.0352	0.0261	0.0721	0.0484	0.0209	0.1442	0.075
10	0.3074	0.0325	0.0235	0.0309	0.0298	0.0419	0.0355	0.0263	0.0724	0.0488	0.0212	0.1465	0.0761
11	0.2805	0.0333	0.0241	0.0316	0.0303	0.0426	0.0362	0.0268	0.0737	0.0497	0.0214	0.1478	0.0771
12	0.2588	0.0337	0.0242	0.0318	0.0308	0.0433	0.0367	0.0271	0.0746	0.0503	0.0216	0.1491	0.0778
13	0.2405	0.0347	0.025	0.0331	0.0314	0.0443	0.0378	0.0275	0.0756	0.0514	0.0218	0.1515	0.0794
14	0.2214	0.0352	0.0253	0.0338	0.0321	0.0455	0.0389	0.028	0.0771	0.0527	0.0222	0.1538	0.0809
15	0.2077	0.0355	0.0255	0.0343	0.0327	0.0465	0.0398	0.0282	0.078	0.0535	0.0226	0.1573	0.0826
16	0.1943	0.0368	0.0264	0.0355	0.0331	0.0471	0.0405	0.0287	0.0799	0.0545	0.0229	0.1596	0.0839
17	0.1860	0.0379	0.0271	0.0366	0.0336	0.0474	0.0413	0.0292	0.0815	0.0558	0.0233	0.1629	0.0858
18	0.1744	0.0393	0.0281	0.038	0.0344	0.0489	0.0426	0.03	0.0843	0.0577	0.0236	0.1655	0.0875
19	0.1609	0.0401	0.0288	0.0392	0.0349	0.0494	0.0435	0.0303	0.0855	0.0589	0.024	0.1679	0.0893
20	0.1548	0.0402	0.0289	0.0399	0.0357	0.0507	0.0448	0.0308	0.0871	0.0603	0.0242	0.1701	0.0909
21	0.1480	0.0405	0.0292	0.0408	0.0364	0.0521	0.0462	0.0314	0.0894	0.062	0.0245	0.1726	0.0928
22	0.1424	0.0421	0.0305	0.0426	0.0378	0.0544	0.0482	0.0321	0.092	0.0639	0.025	0.1764	0.0951
23	0.1322	0.0433	0.0314	0.0438	0.0383	0.0552	0.049	0.0324	0.0929	0.0649	0.0253	0.1788	0.0966
24	0.1271	0.0442	0.0322	0.0449	0.0387	0.056	0.05	0.0328	0.094	0.066	0.0255	0.1804	0.0979
25	0.1207	0.0449	0.0327	0.0458	0.0394	0.057	0.051	0.0331	0.0947	0.0669	0.0258	0.1835	0.0995
26	0.1147	0.0458	0.0336	0.0467	0.0404	0.0588	0.0523	0.0336	0.0965	0.0682	0.0261	0.1859	0.101
27	0.1096	0.0468	0.0344	0.0477	0.0413	0.0607	0.0536	0.0342	0.0985	0.0695	0.0264	0.1887	0.1025
28	0.1061	0.0479	0.0352	0.0488	0.0417	0.0618	0.0544	0.0344	0.0989	0.0702	0.0267	0.1906	0.1037
29	0.1013	0.0491	0.0365	0.0505	0.0424	0.0625	0.0556	0.0347	0.0997	0.0713	0.0268	0.1924	0.1051
30	0.0964	0.0494	0.0368	0.0512	0.0427	0.0634	0.0565	0.035	0.1008	0.0724	0.0271	0.1949	0.1066
31	0.0928	0.0502	0.0373	0.0522	0.0438	0.0648	0.0579	0.0355	0.1027	0.0738	0.0272	0.1957	0.1077
32	0.0906	0.0504	0.0377	0.053	0.0445	0.0657	0.059	0.0359	0.1038	0.0749	0.0274	0.1977	0.1092
33	0.0866	0.0511	0.0385	0.0538	0.0446	0.0656	0.0593	0.0363	0.1045	0.0757	0.0276	0.1988	0.11
34	0.0794	0.0518	0.0389	0.0544	0.0448	0.0663	0.0599	0.0367	0.1055	0.0765	0.0277	0.1999	0.1108
35	0.0765	0.052	0.0393	0.0547	0.0451	0.0666	0.0603	0.0368	0.1062	0.0769	0.0278	0.2012	0.1114
36	0.0758	0.052	0.0395	0.055	0.0454	0.0668	0.0606	0.0371	0.1069	0.0775	0.028	0.2026	0.1122
37	0.0709	0.052	0.0396	0.0552	0.0455	0.0674	0.0611	0.0375	0.1081	0.0783	0.0281	0.203	0.1128
38	0.0705	0.053	0.0403	0.0563	0.0459	0.068	0.0619	0.0378	0.1089	0.0791	0.0282	0.2043	0.1138
39	0.0695	0.0535	0.0406	0.057	0.0462	0.0682	0.0624	0.0381	0.1103	0.0801	0.0284	0.2055	0.1147
40	0.0660	0.0536	0.0411	0.0577	0.0463	0.0683	0.063	0.0383	0.1108	0.0809	0.0285	0.2071	0.1158
41	0.0667	0.0538	0.0415	0.0583	0.0468	0.0692	0.0638	0.0383	0.111	0.0813	0.0286	0.2079	0.1165
42	0.0616	0.054	0.0416	0.0583	0.0472	0.0695	0.0641	0.0384	0.1114	0.0816	0.0288	0.2094	0.1171
43	0.0608	0.0542	0.0418	0.0585	0.0475	0.0699	0.0644	0.0388	0.1124	0.0822	0.0289	0.2107	0.1177
44	0.0575	0.0542	0.0419	0.0586	0.0478	0.0703	0.0648	0.0388	0.1127	0.0824	0.029	0.2113	0.1181
45	0.0564	0.0543	0.0419	0.0587	0.048	0.0706	0.065	0.039	0.1135	0.0828	0.029	0.2121	0.1185
46	0.0553	0.0546	0.0424	0.0593	0.0479	0.0706	0.0652	0.039	0.1138	0.0832	0.0291	0.2133	0.1192
47	0.0536	0.055	0.0427	0.0597	0.0483	0.0712	0.0657	0.0392	0.1142	0.0836	0.0291	0.2134	0.1195
48	0.0537	0.0551	0.043	0.06	0.0482	0.0711	0.0658	0.0393	0.1148	0.084	0.0292	0.2142	0.1199
49	0.0511	0.0545	0.0426	0.0595	0.0486	0.0718	0.0661	0.0396	0.1156	0.0843	0.0293	0.2149	0.1202
50	0.0473	0.0555	0.0432	0.0604	0.0491	0.073	0.067	0.0398	0.1164	0.0851	0.0293	0.2158	0.1209
51	0.0468	0.0558	0.0434	0.0609	0.0495	0.0735	0.0675	0.0401	0.1172	0.0856	0.0294	0.2165	0.1214
52	0.0457	0.0561	0.0439	0.0615	0.0496	0.0737	0.068	0.0403	0.118	0.0864	0.0295	0.2166	0.122
53	0.0449	0.057	0.0446	0.0622	0.0499	0.0742	0.0684	0.0404	0.1186	0.0868	0.0295	0.2174	0.1225
54	0.0433	0.0573	0.0448	0.0625	0.05	0.0745	0.0687	0.0406	0.1195	0.0873	0.0296	0.2186	0.1231
55	0.0430	0.0574	0.045	0.0627	0.0505	0.0754	0.0692	0.0406	0.12	0.0876	0.0296	0.2183	0.1232
56	0.0433	0.0578	0.0454	0.0631	0.0504	0.0751	0.0693	0.0408	0.1205	0.088	0.0298	0.2193	0.1238
57	0.0420	0.0574	0.0448	0.0629	0.0505	0.0752	0.0695	0.0409	0.1212	0.0883	0.0298	0.2192	0.1239
58	0.0405	0.0583	0.0456	0.0638	0.0507	0.0753	0.0699	0.0413	0.1228	0.0892	0.0298	0.2199	0.1245
59	0.0405	0.0591	0.0462	0.0646	0.0508	0.0751	0.0701	0.0417	0.124	0.09	0.0299	0.2211	0.1252
60	0.0384	0.0591	0.0462	0.0648	0.0507	0.075	0.0702	0.0417	0.1243	0.0903	0.03	0.2215	0.1255
61	0.0372	0.0594	0.0466	0.0651	0.051	0.0753	0.0705	0.0418	0.1246	0.0905	0.03	0.222	0.1258
62	0.0364	0.0597	0.0468	0.0656	0.0514	0.0759	0.0711	0.0418	0.1249	0.0909	0.03	0.2222	0.1261
63	0.0366	0.0599	0.0468	0.0658	0.0518	0.0769	0.0716	0.0417	0.1247	0.0909	0.03	0.2223	0.1263
64	0.0368	0.0599	0.0467	0.0659	0.0517	0.0768	0.0716	0.0418	0.125	0.0911	0.0301	0.2232	0.1266
65	0.0348	0.0601	0.0468	0.0662	0.0521	0.0778	0.0723	0.042	0.1261	0.0918	0.0302	0.2235	0.1271
66	0.0330	0.0603	0.0469	0.0666	0.0521	0.0774	0.0724	0.0421	0.1264	0.0922	0.0302	0.2239	0.1276
67	0.0338	0.0605	0.0471	0.067	0.0521	0.0774	0.0727	0.0423	0.127	0.0927	0.0303	0.225	0.1282
68	0.0345	0.0603	0.0471	0.067	0.0521	0.0773	0.0728	0.0423	0.1271	0.0929	0.0302	0.2245	0.1281
69	0.0310	0.0608	0.0474	0.0674	0.0525	0.0779	0.0732	0.0424	0.1273	0.0932	0.0301	0.2239	0.1281
70	0.0310	0.0612	0.0478	0.0677	0.0529	0.0784	0.0736	0.0425	0.1276	0.0934	0.0302	0.2242	0.1284
71	0.0309	0.0613	0.048	0.068	0.0531	0.0788	0.074	0.0426	0.1277	0.0938	0.0302	0.2246	0.1288
72	0.0311	0.0619	0.0482	0.0684	0.053	0.0788	0.074	0.0426	0.128	0.0939	0.0302	0.2246	0.1289
73	0.0296	0.062	0.0483	0.0689	0.053	0.0789	0.0744	0.0427	0.1283	0.0944	0.0303	0.2251	0.1295
74	0.0308	0.0624	0.0486	0.0693	0.0532	0.0792	0.0747	0.0428	0.1286	0.0946	0.0303	0.2253	0.1297
75	0.0299	0.0628	0.049	0.0699	0.0534	0.0792	0.0751	0.0429	0.129	0.0952	0.0302	0.2249	0.13
76	0.0295	0.0632	0.0492	0.0704	0.0536	0.0799	0.0755	0.0431	0.1297	0.0956	0.0303	0.2255	0.1304
77	0.0284	0.0631	0.0492	0.0704	0.0536	0.0802	0.0757	0.0433	0.1305	0.096	0.0304	0.2263	0.1307
78	0.0277	0.0631	0.0494	0.0704	0.0536	0.0808	0.0759	0.0433	0.1306	0.0961	0.0304	0.2265	0.1308
79	0.0279	0.0636	0.0497	0.0709	0.0539	0.081	0.0762	0.0433	0.1303	0.0962	0.0304	0.2266	0.131
80	0.0269	0.0634	0.0496	0.0709	0.0539	0.0815	0.0765	0.0433	0.1306	0.0964	0.0304	0.2266	0.1311
81	0.0275	0.0642	0.0503	0.0715	0.054	0.0817	0.0767	0.0434	0.1308	0.0966	0.0303	0.2269	0.1313
82	0.0262	0.064	0.0501	0.0714	0.0538	0.0816	0.0766	0.0436	0.1315	0.0969	0.0303	0.2267	0.1312
83	0.0266	0.0644	0.0504	0.0716	0.0544	0.0828	0.0772	0.0435	0.1314	0.0969	0.0303	0.2267	0.1313
84	0.0259	0.0645	0.0504	0.0719	0.0544	0.0827	0.0774	0.0436	0.1319	0.0973	0.0303	0.2263	0.1315
85	0.0277	0.0648	0.0506	0.0723	0.0547	0.0833	0.0779	0.0437	0.1324	0.0977	0.0303	0.2262	0.1317
86	0.0243	0.0648	0.0507	0.0723	0.0547	0.0833	0.0778	0.0437	0.1324	0.0977	0.0302	0.2262	0.1317
87	0.0239	0.0648	0.0507	0.0722	0.0549	0.0835	0.078	0.0437	0.1326	0.0977	0.0303	0.2264	0.1317
88	0.0235	0.0654	0.0511	0.0727	0.055	0.0837	0.0782	0.0436	0.1328	0.0978	0.0303	0.2263	0.1318
89	0.0236	0.0654	0.0511	0.0728	0.055	0.0836	0.0782	0.0437	0.1329	0.098	0.0302	0.2263	0.1319
90	0.0231	0.0656	0.0513	0.0729	0.055	0.0835	0.0782	0.0437	0.1327	0.098	0.0303	0.2267	0.132
91	0.0230	0.0658	0.0513	0.0729	0.0551	0.0838	0.0783	0.0437	0.1326	0.0979	0.0303	0.2267	0.132
92	0.0221	0.0655	0.051	0.0729	0.0551	0.0838	0.0784	0.0438	0.1333	0.0983	0.0303	0.2267	0.1321
93	0.0227	0.0656	0.0512	0.0731	0.0551	0.0841	0.0786	0.0438	0.1331	0.0984	0.0303	0.2266	0.1322
94	0.0223	0.0653	0.0511	0.073	0.0549	0.0838	0.0785	0.0439	0.1335	0.0986	0.0303	0.2269	0.1324
95	0.0228	0.065	0.0509	0.0728	0.0548	0.0835	0.0785	0.0439	0.1337	0.0987	0.0303	0.2273	0.1325
96	0.0220	0.0648	0.0508	0.0727	0.0549	0.0837	0.0785	0.044	0.1343	0.0989	0.0303	0.2272	0.1325
97	0.0221	0.0649	0.0508	0.0729	0.0549	0.084	0.0787	0.0439	0.1345	0.0989	0.0303	0.2266	0.1325
98	0.0216	0.065	0.051	0.0728	0.0548	0.0841	0.0785	0.0438	0.134	0.0986	0.0303	0.2272	0.1325
99	0.0207	0.065	0.0509	0.0729	0.0551	0.0847	0.0789	0.0439	0.1338	0.0987	0.0303	0.227	0.1325
100	0.0215	0.0651	0.0509	0.0731	0.0548	0.0844	0.0787	0.0439	0.1336	0.0987	0.0302	0.2273	0.1326
101	0.0209	0.0654	0.051	0.0734	0.055	0.0846	0.079	0.0439	0.1337	0.0989	0.0302	0.227	0.1327
102	0.0214	0.0657	0.0513	0.0736	0.0549	0.0844	0.0789	0.0439	0.1339	0.099	0.0302	0.2267	0.1326
103	0.0210	0.0655	0.051	0.0736	0.0548	0.0843	0.079	0.0441	0.1343	0.0993	0.0302	0.2269	0.1328
104	0.0202	0.0659	0.0514	0.0739	0.0549	0.0845	0.0792	0.0442	0.1343	0.0995	0.0302	0.2271	0.1329
105	0.0194	0.0658	0.0514	0.074	0.055	0.0844	0.0794	0.0441	0.1346	0.0996	0.0302	0.2271	0.1331
106	0.0202	0.0659	0.0514	0.0742	0.0549	0.0843	0.0794	0.0441	0.1347	0.0998	0.0302	0.2272	0.1333
107	0.0193	0.0659	0.0514	0.0743	0.0551	0.0847	0.0796	0.0442	0.1351	0.1	0.0302	0.227	0.1333
108	0.0198	0.066	0.0513	0.0744	0.0552	0.0849	0.0798	0.0443	0.1353	0.1002	0.0302	0.2274	0.1335
109	0.0188	0.0663	0.0517	0.0747	0.0551	0.0848	0.0798	0.0444	0.1357	0.1004	0.0301	0.2268	0.1333
110	0.0190	0.0663	0.0516	0.0746	0.0551	0.0843	0.0797	0.0444	0.1357	0.1004	0.0301	0.227	0.1334
111	0.0187	0.0667	0.0524	0.0752	0.0551	0.0843	0.0799	0.0443	0.1355	0.1006	0.0301	0.227	0.1336
112	0.0178	0.0671	0.0527	0.0755	0.0554	0.0847	0.0802	0.0443	0.1357	0.1007	0.0301	0.2271	0.1337
113	0.0177	0.0669	0.0523	0.0753	0.0553	0.0847	0.0801	0.0443	0.1356	0.1006	0.0301	0.2271	0.1336
114	0.0176	0.0669	0.0523	0.0752	0.0555	0.0849	0.0802	0.0444	0.1361	0.1007	0.0301	0.2274	0.1336
115	0.0184	0.0671	0.0526	0.0754	0.0558	0.0855	0.0806	0.0444	0.1366	0.101	0.0301	0.2275	0.1338
116	0.0177	0.0673	0.053	0.0757	0.0557	0.0853	0.0806	0.0443	0.1362	0.101	0.0301	0.2275	0.1339
117	0.0185	0.0672	0.0529	0.0756	0.0556	0.0854	0.0806	0.0443	0.1361	0.101	0.0301	0.2275	0.134
118	0.0177	0.0676	0.0533	0.076	0.0559	0.0858	0.0809	0.0445	0.1365	0.1013	0.0301	0.2278	0.1342
119	0.0174	0.0681	0.0539	0.0766	0.056	0.086	0.0812	0.0446	0.1368	0.1017	0.0301	0.2275	0.1343
120	0.0179	0.0679	0.0537	0.0766	0.0561	0.086	0.0814	0.0447	0.1369	0.1018	0.0301	0.2277	0.1345
121	0.0175	0.0683	0.0541	0.0766	0.0559	0.0858	0.081	0.0446	0.1368	0.1015	0.0302	0.2284	0.1345
122	0.0174	0.068	0.0539	0.0766	0.0558	0.0859	0.0811	0.0446	0.1368	0.1016	0.0302	0.2284	0.1346
123	0.0175	0.068	0.0538	0.0767	0.0558	0.086	0.0812	0.0446	0.1365	0.1016	0.0302	0.2281	0.1346
124	0.0169	0.068	0.0537	0.0768	0.0559	0.0861	0.0814	0.0445	0.1366	0.1018	0.0302	0.2284	0.1348
125	0.0162	0.068	0.0538	0.0769	0.056	0.0863	0.0816	0.0445	0.1366	0.1019	0.0301	0.228	0.1347
126	0.0175	0.0681	0.0539	0.0771	0.056	0.0865	0.0817	0.0445	0.1367	0.102	0.0301	0.2281	0.1348
127	0.0173	0.0681	0.0539	0.0772	0.0561	0.0867	0.0819	0.0445	0.1371	0.1022	0.0301	0.2278	0.1348
128	0.0170	0.068	0.0537	0.077	0.056	0.0865	0.0817	0.0445	0.1373	0.1021	0.03	0.2276	0.1346
129	0.0164	0.068	0.0537	0.0769	0.0562	0.0868	0.0818	0.0444	0.137	0.1019	0.03	0.2271	0.1345
130	0.0165	0.0676	0.0534	0.0767	0.0561	0.0869	0.0818	0.0445	0.1374	0.102	0.03	0.2275	0.1345
131	0.0167	0.0674	0.0533	0.0765	0.056	0.0867	0.0816	0.0444	0.1371	0.1018	0.03	0.2275	0.1345
132	0.0167	0.0679	0.0536	0.077	0.0559	0.0866	0.0818	0.0443	0.1369	0.1019	0.0301	0.2278	0.1347
133	0.0167	0.0681	0.0538	0.0771	0.056	0.0866	0.0817	0.0444	0.1366	0.1019	0.0301	0.2278	0.1347
134	0.0166	0.0685	0.054	0.0775	0.056	0.0866	0.0819	0.0442	0.136	0.1018	0.03	0.2271	0.1347
135	0.0156	0.0683	0.0539	0.0775	0.056	0.0867	0.082	0.0441	0.1357	0.1017	0.03	0.2273	0.1348
136	0.0162	0.0684	0.054	0.0776	0.056	0.0865	0.082	0.0442	0.1362	0.102	0.03	0.2274	0.1348
137	0.0155	0.068	0.0537	0.0774	0.0558	0.0864	0.082	0.0441	0.1356	0.1018	0.03	0.2272	0.1348
138	0.0159	0.068	0.0537	0.0772	0.0558	0.0866	0.0819	0.0442	0.1357	0.1018	0.03	0.228	0.1349
139	0.0161	0.068	0.0537	0.0773	0.0557	0.0863	0.0818	0.0441	0.1355	0.1018	0.03	0.2282	0.1351
140	0.0155	0.0677	0.0536	0.0773	0.0561	0.0869	0.0824	0.0442	0.1361	0.1022	0.03	0.2281	0.1352
141	0.0157	0.068	0.0539	0.0771	0.0559	0.0868	0.0819	0.0442	0.1357	0.1017	0.03	0.2282	0.1349
142	0.0150	0.0677	0.0539	0.077	0.0558	0.0864	0.0818	0.0442	0.1356	0.1017	0.03	0.2279	0.1349
143	0.0157	0.0678	0.0541	0.0772	0.056	0.0869	0.0821	0.0442	0.1358	0.1019	0.0299	0.2276	0.1348
144	0.0156	0.0683	0.0542	0.0776	0.056	0.0869	0.0822	0.0441	0.1353	0.1018	0.0299	0.2271	0.1348
145	0.0147	0.0679	0.054	0.0773	0.0563	0.0875	0.0824	0.044	0.1354	0.1018	0.0299	0.2272	0.1348
146	0.0154	0.068	0.054	0.0775	0.0562	0.0877	0.0826	0.0441	0.1357	0.102	0.0299	0.2273	0.135
147	0.0155	0.0685	0.0544	0.078	0.0564	0.0878	0.0829	0.0441	0.136	0.1022	0.0299	0.2269	0.135
148	0.0150	0.0687	0.0545	0.078	0.0562	0.0875	0.0826	0.0441	0.136	0.1022	0.0298	0.2266	0.1348
149	0.0152	0.0685	0.0543	0.0778	0.0562	0.0876	0.0826	0.044	0.1356	0.102	0.0298	0.2267	0.1348
150	0.0144	0.0687	0.0545	0.0779	0.0561	0.0877	0.0825	0.044	0.1358	0.102	0.0298	0.2269	0.1347
