{"n_layers": 1, "device": "cuda", "batch_size": 2048, "embedding_dim": 1024, "learning_rate": 0.001, "dataset": "dbbook", "epochs": 150, "top_k": 20, "multimodal": true, "datasets": {"dbbook": ["images", "text"], "ml1m": ["audio", "images", "text", "video"]}}
Epoch	Loss	Recall	Precision	NDCG
1	0.6873	0.0388	0.0126	0.0337
2	0.6660	0.0735	0.0246	0.0626
3	0.6361	0.0901	0.0308	0.0747
4	0.5925	0.0939	0.0326	0.0746
5	0.5329	0.0942	0.0326	0.0726
6	0.4639	0.0932	0.0322	0.0698
7	0.3942	0.0925	0.0322	0.0680
8	0.3319	0.0919	0.0321	0.0673
9	0.2823	0.0919	0.0321	0.0674
10	0.2432	0.0921	0.0321	0.0677
11	0.2084	0.0928	0.0323	0.0682
12	0.1844	0.0937	0.0326	0.0687
13	0.1641	0.0946	0.0329	0.0693
14	0.1458	0.0958	0.0334	0.0705
15	0.1316	0.0971	0.0339	0.0712
16	0.1176	0.0985	0.0344	0.0725
17	0.1090	0.0999	0.0348	0.0736
18	0.0993	0.1010	0.0353	0.0750
19	0.0899	0.1026	0.0357	0.0764
20	0.0819	0.1038	0.0361	0.0772
21	0.0779	0.1056	0.0366	0.0782
22	0.0710	0.1069	0.0369	0.0793
23	0.0665	0.1078	0.0372	0.0801
24	0.0624	0.1091	0.0377	0.0810
25	0.0589	0.1108	0.0381	0.0821
26	0.0540	0.1119	0.0383	0.0829
27	0.0514	0.1123	0.0385	0.0839
28	0.0496	0.1142	0.0391	0.0850
29	0.0455	0.1148	0.0393	0.0857
30	0.0438	0.1153	0.0394	0.0861
31	0.0408	0.1161	0.0397	0.0867
32	0.0393	0.1165	0.0398	0.0870
33	0.0370	0.1169	0.0398	0.0873
34	0.0373	0.1180	0.0400	0.0879
35	0.0342	0.1186	0.0401	0.0885
36	0.0336	0.1192	0.0403	0.0889
37	0.0321	0.1203	0.0405	0.0897
38	0.0308	0.1209	0.0406	0.0899
39	0.0297	0.1218	0.0409	0.0905
40	0.0297	0.1220	0.0410	0.0907
41	0.0269	0.1226	0.0412	0.0912
42	0.0269	0.1230	0.0413	0.0917
43	0.0270	0.1234	0.0414	0.0922
44	0.0256	0.1239	0.0415	0.0927
45	0.0248	0.1242	0.0416	0.0930
46	0.0249	0.1252	0.0419	0.0936
47	0.0221	0.1254	0.0419	0.0937
48	0.0230	0.1261	0.0419	0.0942
49	0.0220	0.1273	0.0421	0.0950
50	0.0224	0.1274	0.0421	0.0952
51	0.0204	0.1277	0.0422	0.0957
52	0.0189	0.1280	0.0422	0.0959
53	0.0198	0.1280	0.0423	0.0963
54	0.0189	0.1282	0.0423	0.0965
55	0.0192	0.1282	0.0423	0.0967
56	0.0178	0.1284	0.0424	0.0970
57	0.0177	0.1287	0.0424	0.0971
58	0.0171	0.1287	0.0424	0.0970
59	0.0172	0.1282	0.0423	0.0968
60	0.0172	0.1278	0.0422	0.0968
61	0.0171	0.1275	0.0421	0.0967
62	0.0160	0.1276	0.0421	0.0968
63	0.0159	0.1277	0.0423	0.0969
64	0.0161	0.1283	0.0423	0.0970
65	0.0157	0.1283	0.0422	0.0971
66	0.0149	0.1284	0.0421	0.0971
67	0.0149	0.1289	0.0423	0.0975
68	0.0154	0.1288	0.0423	0.0978
69	0.0151	0.1287	0.0423	0.0978
70	0.0148	0.1288	0.0423	0.0978
71	0.0146	0.1291	0.0424	0.0982
72	0.0142	0.1297	0.0426	0.0985
73	0.0137	0.1299	0.0426	0.0985
74	0.0135	0.1302	0.0427	0.0989
75	0.0143	0.1301	0.0427	0.0989
76	0.0138	0.1308	0.0428	0.0994
77	0.0139	0.1311	0.0428	0.0997
78	0.0124	0.1311	0.0428	0.0998
79	0.0137	0.1307	0.0427	0.0996
80	0.0133	0.1301	0.0425	0.0994
81	0.0122	0.1302	0.0424	0.0995
82	0.0128	0.1302	0.0425	0.0998
83	0.0129	0.1298	0.0424	0.0995
84	0.0125	0.1302	0.0423	0.0993
85	0.0120	0.1301	0.0424	0.0994
86	0.0128	0.1307	0.0425	0.0998
87	0.0125	0.1299	0.0423	0.0995
88	0.0120	0.1304	0.0424	0.0995
89	0.0114	0.1304	0.0425	0.0998
90	0.0116	0.1302	0.0424	0.0997
91	0.0110	0.1302	0.0423	0.0997
92	0.0114	0.1302	0.0422	0.0997
93	0.0115	0.1300	0.0423	0.0998
94	0.0115	0.1304	0.0424	0.1001
95	0.0114	0.1303	0.0423	0.1002
96	0.0111	0.1308	0.0424	0.1002
97	0.0113	0.1304	0.0423	0.1002
98	0.0107	0.1304	0.0424	0.1002
99	0.0110	0.1300	0.0422	0.0999
100	0.0111	0.1298	0.0421	0.0999
101	0.0108	0.1300	0.0420	0.0999
102	0.0106	0.1303	0.0421	0.1000
103	0.0108	0.1303	0.0422	0.1001
104	0.0106	0.1306	0.0424	0.1001
105	0.0106	0.1306	0.0423	0.1001
106	0.0104	0.1301	0.0423	0.0999
107	0.0108	0.1299	0.0421	0.0997
108	0.0108	0.1304	0.0423	0.1000
109	0.0103	0.1302	0.0422	0.1000
110	0.0107	0.1303	0.0423	0.1001
111	0.0104	0.1306	0.0423	0.1002
112	0.0099	0.1313	0.0425	0.1005
113	0.0101	0.1307	0.0424	0.1004
114	0.0101	0.1302	0.0423	0.1002
115	0.0105	0.1309	0.0423	0.1004
116	0.0099	0.1309	0.0423	0.1004
117	0.0104	0.1306	0.0423	0.1005
118	0.0094	0.1301	0.0422	0.1003
119	0.0095	0.1297	0.0422	0.1001
120	0.0101	0.1302	0.0422	0.1002
121	0.0096	0.1302	0.0421	0.1000
122	0.0106	0.1300	0.0420	0.1001
123	0.0097	0.1297	0.0420	0.0999
124	0.0101	0.1297	0.0420	0.1000
125	0.0098	0.1298	0.0420	0.1001
126	0.0098	0.1305	0.0422	0.1004
127	0.0095	0.1307	0.0422	0.1005
128	0.0099	0.1305	0.0422	0.1006
129	0.0096	0.1302	0.0422	0.1006
130	0.0098	0.1302	0.0421	0.1007
131	0.0095	0.1300	0.0420	0.1006
132	0.0098	0.1301	0.0420	0.1006
133	0.0100	0.1304	0.0420	0.1004
134	0.0097	0.1302	0.0421	0.1002
135	0.0092	0.1300	0.0420	0.1001
136	0.0095	0.1302	0.0421	0.1003
137	0.0097	0.1305	0.0421	0.1004
138	0.0093	0.1306	0.0421	0.1005
139	0.0090	0.1304	0.0420	0.1004
140	0.0096	0.1309	0.0422	0.1006
141	0.0096	0.1315	0.0422	0.1010
142	0.0097	0.1311	0.0421	0.1008
143	0.0095	0.1315	0.0421	0.1008
144	0.0090	0.1312	0.0420	0.1007
145	0.0092	0.1307	0.0419	0.1004
146	0.0091	0.1306	0.0418	0.1003
147	0.0090	0.1306	0.0419	0.1003
148	0.0088	0.1303	0.0418	0.1002
149	0.0093	0.1305	0.0417	0.1001
150	0.0089	0.1302	0.0418	0.1002
