{"n_layers": 0, "device": "cuda", "batch_size": 2048, "embedding_dim": 128, "learning_rate": 0.001, "dataset": "dbbook", "epochs": 150, "top_k": 5, "multimodal": false, "datasets": {"dbbook": ["images", "text"], "ml1m": ["audio", "images", "text", "video"]}}
Epoch	Loss	Recall	Precision	NDCG
1	0.6931	0.0012	0.0015	0.0017
2	0.6911	0.0019	0.0029	0.0032
3	0.6888	0.0063	0.0083	0.0097
4	0.6851	0.0138	0.0179	0.0209
5	0.6792	0.0201	0.0265	0.0309
6	0.6699	0.0243	0.0331	0.0380
7	0.6558	0.0275	0.0369	0.0425
8	0.6360	0.0311	0.0409	0.0467
9	0.6101	0.0320	0.0423	0.0481
10	0.5782	0.0329	0.0436	0.0494
11	0.5415	0.0339	0.0448	0.0512
12	0.5024	0.0352	0.0463	0.0525
13	0.4633	0.0362	0.0477	0.0540
14	0.4248	0.0363	0.0481	0.0549
15	0.3898	0.0367	0.0482	0.0553
16	0.3591	0.0377	0.0496	0.0567
17	0.3304	0.0382	0.0500	0.0573
18	0.3050	0.0387	0.0505	0.0580
19	0.2839	0.0395	0.0515	0.0594
20	0.2626	0.0402	0.0520	0.0600
21	0.2447	0.0408	0.0526	0.0611
22	0.2299	0.0410	0.0529	0.0613
23	0.2141	0.0412	0.0529	0.0613
24	0.2001	0.0412	0.0533	0.0615
25	0.1886	0.0414	0.0533	0.0620
26	0.1767	0.0418	0.0538	0.0624
27	0.1656	0.0423	0.0543	0.0628
28	0.1579	0.0426	0.0549	0.0633
29	0.1487	0.0430	0.0555	0.0640
30	0.1396	0.0438	0.0561	0.0649
31	0.1323	0.0444	0.0568	0.0656
32	0.1247	0.0444	0.0568	0.0658
33	0.1177	0.0442	0.0565	0.0655
34	0.1123	0.0441	0.0564	0.0656
35	0.1061	0.0448	0.0574	0.0663
36	0.1019	0.0449	0.0576	0.0665
37	0.0976	0.0452	0.0581	0.0671
38	0.0903	0.0456	0.0585	0.0676
39	0.0871	0.0455	0.0582	0.0672
40	0.0830	0.0459	0.0584	0.0676
41	0.0787	0.0463	0.0589	0.0681
42	0.0755	0.0463	0.0589	0.0680
43	0.0723	0.0466	0.0595	0.0686
44	0.0691	0.0467	0.0598	0.0689
45	0.0665	0.0466	0.0593	0.0688
46	0.0628	0.0464	0.0589	0.0683
47	0.0606	0.0464	0.0589	0.0682
48	0.0584	0.0463	0.0589	0.0682
49	0.0550	0.0461	0.0589	0.0683
50	0.0533	0.0462	0.0591	0.0685
51	0.0518	0.0464	0.0595	0.0690
52	0.0493	0.0465	0.0597	0.0692
53	0.0479	0.0466	0.0598	0.0695
54	0.0467	0.0469	0.0602	0.0699
55	0.0449	0.0464	0.0598	0.0696
56	0.0432	0.0465	0.0599	0.0694
57	0.0421	0.0466	0.0601	0.0695
58	0.0403	0.0469	0.0604	0.0700
59	0.0390	0.0465	0.0599	0.0695
60	0.0373	0.0464	0.0600	0.0696
61	0.0368	0.0466	0.0602	0.0699
62	0.0356	0.0466	0.0602	0.0698
63	0.0347	0.0468	0.0603	0.0699
64	0.0327	0.0469	0.0607	0.0705
65	0.0323	0.0472	0.0609	0.0707
66	0.0318	0.0470	0.0607	0.0706
67	0.0311	0.0471	0.0609	0.0709
68	0.0295	0.0473	0.0612	0.0711
69	0.0286	0.0475	0.0614	0.0715
70	0.0286	0.0477	0.0615	0.0716
71	0.0274	0.0476	0.0612	0.0713
72	0.0271	0.0479	0.0617	0.0718
73	0.0261	0.0479	0.0619	0.0721
74	0.0258	0.0483	0.0625	0.0727
75	0.0251	0.0482	0.0625	0.0727
76	0.0241	0.0486	0.0628	0.0731
77	0.0239	0.0488	0.0630	0.0732
78	0.0226	0.0487	0.0629	0.0731
79	0.0228	0.0489	0.0630	0.0732
80	0.0229	0.0488	0.0629	0.0731
81	0.0215	0.0492	0.0629	0.0731
82	0.0215	0.0488	0.0627	0.0729
83	0.0203	0.0490	0.0628	0.0730
84	0.0208	0.0494	0.0632	0.0735
85	0.0204	0.0493	0.0632	0.0734
86	0.0193	0.0488	0.0627	0.0728
87	0.0191	0.0488	0.0625	0.0729
88	0.0188	0.0491	0.0625	0.0730
89	0.0180	0.0491	0.0626	0.0730
90	0.0176	0.0489	0.0626	0.0732
91	0.0179	0.0488	0.0626	0.0730
92	0.0179	0.0489	0.0627	0.0731
93	0.0169	0.0489	0.0627	0.0729
94	0.0176	0.0491	0.0630	0.0732
95	0.0163	0.0494	0.0629	0.0733
96	0.0157	0.0494	0.0629	0.0734
97	0.0162	0.0493	0.0630	0.0735
98	0.0159	0.0492	0.0628	0.0734
99	0.0147	0.0492	0.0629	0.0734
100	0.0155	0.0491	0.0629	0.0734
101	0.0147	0.0496	0.0634	0.0740
102	0.0142	0.0497	0.0636	0.0743
103	0.0141	0.0497	0.0639	0.0747
104	0.0138	0.0499	0.0641	0.0747
105	0.0141	0.0499	0.0641	0.0748
106	0.0142	0.0500	0.0641	0.0751
107	0.0135	0.0502	0.0643	0.0751
108	0.0133	0.0503	0.0642	0.0750
109	0.0135	0.0506	0.0644	0.0750
110	0.0132	0.0505	0.0646	0.0752
111	0.0130	0.0505	0.0646	0.0751
112	0.0126	0.0501	0.0640	0.0747
113	0.0128	0.0498	0.0638	0.0747
114	0.0120	0.0498	0.0635	0.0746
115	0.0123	0.0498	0.0635	0.0746
116	0.0118	0.0497	0.0634	0.0746
117	0.0119	0.0500	0.0636	0.0750
118	0.0121	0.0505	0.0641	0.0754
119	0.0114	0.0502	0.0637	0.0752
120	0.0115	0.0504	0.0638	0.0751
121	0.0114	0.0507	0.0641	0.0754
122	0.0114	0.0502	0.0635	0.0749
123	0.0105	0.0504	0.0637	0.0751
124	0.0108	0.0503	0.0637	0.0751
125	0.0112	0.0504	0.0639	0.0753
126	0.0110	0.0502	0.0638	0.0753
127	0.0114	0.0501	0.0636	0.0753
128	0.0105	0.0501	0.0636	0.0752
129	0.0104	0.0494	0.0628	0.0746
130	0.0100	0.0493	0.0628	0.0745
131	0.0103	0.0496	0.0630	0.0747
132	0.0100	0.0499	0.0635	0.0749
133	0.0099	0.0499	0.0635	0.0750
134	0.0099	0.0500	0.0635	0.0751
135	0.0100	0.0503	0.0637	0.0751
136	0.0098	0.0505	0.0639	0.0754
137	0.0097	0.0504	0.0639	0.0754
138	0.0097	0.0504	0.0640	0.0753
139	0.0098	0.0505	0.0644	0.0757
140	0.0092	0.0506	0.0643	0.0758
141	0.0089	0.0505	0.0641	0.0757
142	0.0090	0.0505	0.0641	0.0757
143	0.0095	0.0506	0.0643	0.0759
144	0.0088	0.0504	0.0641	0.0758
145	0.0094	0.0504	0.0639	0.0755
146	0.0091	0.0504	0.0639	0.0754
147	0.0091	0.0503	0.0638	0.0755
148	0.0084	0.0508	0.0643	0.0760
149	0.0086	0.0505	0.0641	0.0760
150	0.0090	0.0506	0.0640	0.0760
