{"n_layers": 0, "device": "cuda", "batch_size": 2048, "embedding_dim": 128, "learning_rate": 0.001, "dataset": "dbbook", "epochs": 150, "top_k": 20, "multimodal": true, "datasets": {"dbbook": ["images", "text"], "ml1m": ["audio", "images", "text", "video"]}}
Epoch	Loss	Recall	Precision	NDCG
1	0.6930	0.0063	0.0020	0.0042
2	0.6904	0.0129	0.0038	0.0089
3	0.6878	0.0227	0.0071	0.0183
4	0.6846	0.0361	0.0115	0.0302
5	0.6804	0.0506	0.0166	0.0426
6	0.6747	0.0631	0.0211	0.0525
7	0.6671	0.0733	0.0247	0.0606
8	0.6570	0.0799	0.0271	0.0655
9	0.6443	0.0845	0.0287	0.0689
10	0.6287	0.0870	0.0297	0.0711
11	0.6097	0.0881	0.0303	0.0724
12	0.5880	0.0901	0.0311	0.0738
13	0.5639	0.0911	0.0314	0.0745
14	0.5383	0.0920	0.0318	0.0750
15	0.5113	0.0930	0.0320	0.0751
16	0.4846	0.0934	0.0322	0.0752
17	0.4581	0.0941	0.0325	0.0758
18	0.4331	0.0940	0.0325	0.0759
19	0.4096	0.0942	0.0326	0.0760
20	0.3864	0.0953	0.0329	0.0765
21	0.3655	0.0958	0.0331	0.0767
22	0.3474	0.0954	0.0330	0.0764
23	0.3284	0.0961	0.0332	0.0768
24	0.3136	0.0960	0.0332	0.0772
25	0.2974	0.0967	0.0334	0.0774
26	0.2846	0.0969	0.0335	0.0776
27	0.2715	0.0971	0.0336	0.0778
28	0.2599	0.0974	0.0336	0.0781
29	0.2497	0.0984	0.0339	0.0787
30	0.2390	0.0983	0.0340	0.0788
31	0.2290	0.0982	0.0341	0.0792
32	0.2191	0.0992	0.0343	0.0797
33	0.2115	0.0994	0.0344	0.0800
34	0.2026	0.0993	0.0344	0.0799
35	0.1946	0.0997	0.0345	0.0802
36	0.1869	0.1000	0.0346	0.0803
37	0.1816	0.1005	0.0347	0.0805
38	0.1737	0.1011	0.0349	0.0808
39	0.1692	0.1012	0.0349	0.0811
40	0.1633	0.1012	0.0349	0.0813
41	0.1577	0.1014	0.0351	0.0813
42	0.1518	0.1017	0.0351	0.0817
43	0.1474	0.1019	0.0351	0.0817
44	0.1401	0.1022	0.0353	0.0819
45	0.1343	0.1027	0.0355	0.0824
46	0.1313	0.1031	0.0355	0.0827
47	0.1269	0.1031	0.0355	0.0827
48	0.1238	0.1036	0.0356	0.0831
49	0.1197	0.1042	0.0358	0.0835
50	0.1168	0.1054	0.0363	0.0842
51	0.1124	0.1058	0.0363	0.0845
52	0.1090	0.1062	0.0365	0.0846
53	0.1062	0.1066	0.0366	0.0850
54	0.1026	0.1071	0.0367	0.0853
55	0.1008	0.1076	0.0367	0.0855
56	0.0968	0.1082	0.0368	0.0858
57	0.0936	0.1082	0.0369	0.0861
58	0.0911	0.1086	0.0370	0.0862
59	0.0881	0.1086	0.0371	0.0862
60	0.0873	0.1093	0.0373	0.0865
61	0.0828	0.1099	0.0375	0.0869
62	0.0817	0.1094	0.0373	0.0869
63	0.0793	0.1097	0.0376	0.0871
64	0.0762	0.1100	0.0375	0.0872
65	0.0761	0.1106	0.0377	0.0877
66	0.0735	0.1114	0.0378	0.0878
67	0.0719	0.1115	0.0378	0.0879
68	0.0696	0.1112	0.0377	0.0876
69	0.0671	0.1112	0.0377	0.0877
70	0.0669	0.1115	0.0377	0.0880
71	0.0638	0.1119	0.0379	0.0881
72	0.0633	0.1119	0.0379	0.0883
73	0.0608	0.1117	0.0379	0.0882
74	0.0610	0.1116	0.0378	0.0880
75	0.0585	0.1116	0.0378	0.0879
76	0.0571	0.1117	0.0377	0.0880
77	0.0559	0.1120	0.0379	0.0881
78	0.0536	0.1128	0.0380	0.0885
79	0.0533	0.1135	0.0382	0.0889
80	0.0526	0.1135	0.0382	0.0889
81	0.0517	0.1136	0.0384	0.0894
82	0.0511	0.1141	0.0385	0.0898
83	0.0497	0.1143	0.0385	0.0901
84	0.0486	0.1145	0.0386	0.0904
85	0.0472	0.1146	0.0386	0.0904
86	0.0462	0.1147	0.0386	0.0905
87	0.0444	0.1150	0.0387	0.0908
88	0.0443	0.1146	0.0385	0.0906
89	0.0430	0.1150	0.0386	0.0909
90	0.0423	0.1150	0.0387	0.0909
91	0.0416	0.1156	0.0388	0.0913
92	0.0423	0.1158	0.0389	0.0912
93	0.0402	0.1158	0.0389	0.0912
94	0.0389	0.1158	0.0390	0.0914
95	0.0380	0.1164	0.0392	0.0918
96	0.0374	0.1164	0.0392	0.0920
97	0.0388	0.1167	0.0392	0.0921
98	0.0367	0.1166	0.0390	0.0920
99	0.0355	0.1166	0.0391	0.0921
100	0.0357	0.1170	0.0392	0.0922
101	0.0348	0.1175	0.0393	0.0924
102	0.0352	0.1177	0.0394	0.0923
103	0.0343	0.1174	0.0392	0.0923
104	0.0324	0.1178	0.0394	0.0925
105	0.0332	0.1174	0.0392	0.0922
106	0.0322	0.1183	0.0394	0.0928
107	0.0317	0.1188	0.0395	0.0930
108	0.0309	0.1187	0.0395	0.0931
109	0.0302	0.1190	0.0396	0.0933
110	0.0302	0.1188	0.0396	0.0932
111	0.0307	0.1195	0.0397	0.0935
112	0.0290	0.1196	0.0398	0.0936
113	0.0284	0.1194	0.0397	0.0934
114	0.0273	0.1194	0.0396	0.0934
115	0.0272	0.1193	0.0396	0.0933
116	0.0271	0.1201	0.0398	0.0938
117	0.0276	0.1201	0.0398	0.0941
118	0.0269	0.1199	0.0397	0.0941
119	0.0269	0.1200	0.0398	0.0941
120	0.0262	0.1202	0.0398	0.0942
121	0.0264	0.1204	0.0398	0.0942
122	0.0264	0.1207	0.0399	0.0941
123	0.0248	0.1207	0.0399	0.0941
124	0.0246	0.1205	0.0399	0.0940
125	0.0254	0.1208	0.0400	0.0943
126	0.0246	0.1212	0.0402	0.0946
127	0.0244	0.1216	0.0402	0.0946
128	0.0236	0.1216	0.0402	0.0946
129	0.0231	0.1211	0.0402	0.0946
130	0.0233	0.1213	0.0402	0.0948
131	0.0232	0.1217	0.0403	0.0951
132	0.0223	0.1214	0.0401	0.0949
133	0.0226	0.1217	0.0402	0.0950
134	0.0223	0.1220	0.0402	0.0952
135	0.0218	0.1221	0.0403	0.0954
136	0.0208	0.1222	0.0403	0.0954
137	0.0209	0.1221	0.0403	0.0954
138	0.0206	0.1215	0.0402	0.0951
139	0.0210	0.1219	0.0403	0.0953
140	0.0203	0.1219	0.0403	0.0953
141	0.0197	0.1219	0.0402	0.0951
142	0.0203	0.1225	0.0403	0.0952
143	0.0196	0.1223	0.0403	0.0953
144	0.0199	0.1220	0.0402	0.0954
145	0.0203	0.1224	0.0403	0.0955
146	0.0190	0.1221	0.0402	0.0954
147	0.0190	0.1224	0.0404	0.0955
148	0.0192	0.1225	0.0403	0.0956
149	0.0193	0.1231	0.0405	0.0959
150	0.0188	0.1234	0.0406	0.0963
