{"n_layers": 3, "device": "cuda", "batch_size": 2048, "embedding_dim": 64, "learning_rate": 0.001, "dataset": "dbbook", "epochs": 150, "model": "ef-mmlgcn", "fusion": "mean", "top_k": [5, 10, 20, 50], "seed": 19, "multimodal": true}
Epoch	Loss	Precision@5	Recall@5	NDCG@5	Precision@10	Recall@10	NDCG@10	Precision@20	Recall@20	NDCG@20	Precision@50	Recall@50	NDCG@50
1	0.6927	0.0225	0.0172	0.0262	0.0182	0.0275	0.0272	0.0137	0.0407	0.0326	0.0095	0.0697	0.0431
2	0.6909	0.0302	0.0214	0.0314	0.0278	0.0383	0.0355	0.0241	0.0681	0.048	0.0162	0.1158	0.0654
3	0.6872	0.0297	0.0215	0.027	0.0275	0.038	0.0319	0.0241	0.0668	0.044	0.0184	0.1291	0.0669
4	0.6794	0.0258	0.018	0.0233	0.0258	0.0356	0.029	0.0231	0.0626	0.0406	0.0184	0.127	0.0644
5	0.6646	0.0206	0.0138	0.0199	0.0235	0.0316	0.0265	0.0219	0.0589	0.0384	0.0178	0.1223	0.0618
6	0.6414	0.0182	0.0119	0.0185	0.0224	0.0299	0.0254	0.0219	0.0584	0.0379	0.0175	0.1196	0.0605
7	0.6105	0.0179	0.0116	0.0181	0.0217	0.0291	0.0246	0.0217	0.0582	0.0375	0.0173	0.1176	0.0595
8	0.5746	0.0179	0.0116	0.0181	0.0216	0.0288	0.0244	0.0208	0.0553	0.0361	0.0173	0.1179	0.0593
9	0.5380	0.0185	0.0121	0.0186	0.0213	0.0281	0.0241	0.0211	0.0561	0.0364	0.0173	0.1174	0.0592
10	0.5043	0.0189	0.0124	0.0188	0.0212	0.0277	0.0239	0.0214	0.0568	0.0367	0.0173	0.1171	0.0591
11	0.4729	0.0197	0.013	0.0195	0.0208	0.0273	0.0238	0.0213	0.0567	0.0367	0.0173	0.1166	0.0591
12	0.4469	0.0206	0.0137	0.0201	0.0205	0.027	0.0237	0.0212	0.0565	0.0367	0.0173	0.1165	0.0591
13	0.4256	0.021	0.0139	0.0204	0.0205	0.0269	0.0237	0.0211	0.0562	0.0366	0.0173	0.1168	0.0592
14	0.4063	0.0211	0.0141	0.0205	0.0204	0.0271	0.0237	0.021	0.0561	0.0366	0.0174	0.117	0.0593
15	0.3921	0.0215	0.0144	0.0207	0.0206	0.0271	0.0239	0.021	0.0562	0.0367	0.0174	0.1171	0.0594
16	0.3798	0.022	0.0149	0.0212	0.0208	0.0274	0.0241	0.021	0.0563	0.0368	0.0174	0.1173	0.0596
17	0.3708	0.022	0.0149	0.0211	0.0212	0.028	0.0245	0.021	0.0564	0.0369	0.0175	0.1178	0.0599
18	0.3608	0.0222	0.015	0.0214	0.0215	0.0286	0.025	0.0211	0.0566	0.0371	0.0175	0.1183	0.0602
19	0.3508	0.0224	0.0152	0.0215	0.0216	0.0286	0.0251	0.0213	0.0571	0.0374	0.0176	0.1185	0.0604
20	0.3455	0.0229	0.0156	0.0219	0.0219	0.029	0.0253	0.0215	0.0576	0.0377	0.0176	0.1189	0.0606
21	0.3400	0.0234	0.0159	0.0222	0.0219	0.0292	0.0254	0.0216	0.0582	0.038	0.0177	0.1193	0.0609
22	0.3340	0.0236	0.0159	0.0224	0.0221	0.0295	0.0257	0.0217	0.0584	0.0383	0.0178	0.1204	0.0614
23	0.3258	0.0245	0.0168	0.0231	0.0221	0.0296	0.0259	0.0217	0.0587	0.0385	0.0179	0.121	0.0618
24	0.3242	0.025	0.017	0.0236	0.0223	0.0298	0.0262	0.0218	0.0585	0.0387	0.018	0.122	0.0624
25	0.3169	0.0251	0.017	0.0237	0.0225	0.0301	0.0265	0.022	0.059	0.0391	0.0181	0.1223	0.0627
26	0.3102	0.0253	0.0171	0.0239	0.0227	0.0306	0.0268	0.0221	0.0595	0.0394	0.0182	0.1231	0.0631
27	0.3085	0.0256	0.0172	0.0241	0.0228	0.0306	0.0269	0.0222	0.0598	0.0397	0.0183	0.1238	0.0635
28	0.3038	0.0259	0.0174	0.0244	0.0228	0.0306	0.027	0.0223	0.0603	0.0399	0.0185	0.1248	0.0639
29	0.2980	0.0262	0.0176	0.0246	0.023	0.0309	0.0273	0.0225	0.0605	0.0402	0.0186	0.1255	0.0644
30	0.2964	0.0263	0.0178	0.0248	0.0233	0.0314	0.0276	0.0226	0.061	0.0405	0.0187	0.1263	0.0648
31	0.2928	0.0265	0.0179	0.025	0.0233	0.0314	0.0277	0.0228	0.0614	0.0408	0.0188	0.127	0.0652
32	0.2865	0.0268	0.0183	0.0253	0.0235	0.0316	0.0279	0.023	0.062	0.0412	0.0189	0.1275	0.0656
33	0.2835	0.0271	0.0185	0.0255	0.0238	0.0321	0.0282	0.0232	0.0626	0.0415	0.0191	0.1288	0.0662
34	0.2754	0.0271	0.0185	0.0256	0.0241	0.0324	0.0284	0.0233	0.0631	0.0418	0.0191	0.1293	0.0665
35	0.2735	0.0274	0.0187	0.0258	0.0242	0.0327	0.0286	0.0234	0.063	0.0419	0.0192	0.1298	0.0667
36	0.2719	0.0275	0.0188	0.026	0.0242	0.0327	0.0287	0.0236	0.0636	0.0423	0.0193	0.1308	0.0673
37	0.2658	0.0279	0.0189	0.0263	0.0244	0.0331	0.029	0.0238	0.064	0.0426	0.0194	0.1316	0.0677
38	0.2624	0.028	0.019	0.0264	0.0246	0.0335	0.0292	0.0239	0.0645	0.0428	0.0195	0.132	0.068
39	0.2609	0.0285	0.0193	0.0267	0.0248	0.0339	0.0294	0.0241	0.0653	0.0431	0.0196	0.1332	0.0685
40	0.2545	0.0288	0.0197	0.027	0.0251	0.0344	0.0298	0.0243	0.0657	0.0435	0.0197	0.1335	0.0688
41	0.2574	0.029	0.0198	0.0272	0.0256	0.0351	0.0302	0.0246	0.0663	0.044	0.0198	0.1345	0.0693
42	0.2447	0.0296	0.0202	0.0277	0.0258	0.0354	0.0306	0.0248	0.067	0.0444	0.02	0.1358	0.07
43	0.2454	0.03	0.0204	0.028	0.0261	0.0359	0.0309	0.025	0.0674	0.0448	0.0201	0.1365	0.0704
44	0.2450	0.0302	0.0202	0.0281	0.0262	0.0358	0.031	0.0251	0.0677	0.045	0.0202	0.1372	0.0708
45	0.2398	0.0305	0.0206	0.0284	0.0265	0.0364	0.0314	0.0253	0.0682	0.0454	0.0203	0.1385	0.0714
46	0.2335	0.031	0.021	0.0287	0.0271	0.0375	0.032	0.0255	0.0687	0.0458	0.0204	0.1396	0.0719
47	0.2308	0.0312	0.0211	0.0289	0.0273	0.0378	0.0322	0.0256	0.0689	0.046	0.0206	0.1406	0.0724
48	0.2312	0.0314	0.0213	0.0291	0.0274	0.0378	0.0323	0.0257	0.0693	0.0462	0.0207	0.1414	0.0728
49	0.2247	0.0315	0.0213	0.0292	0.0276	0.0382	0.0326	0.0259	0.0699	0.0465	0.0208	0.142	0.0731
50	0.2221	0.0317	0.0214	0.0293	0.0279	0.0386	0.0329	0.026	0.0703	0.0469	0.0209	0.1425	0.0735
51	0.2207	0.032	0.0217	0.0296	0.0281	0.0389	0.0332	0.0261	0.0706	0.0471	0.021	0.1433	0.074
52	0.2179	0.0325	0.022	0.0301	0.0284	0.0392	0.0336	0.0263	0.0713	0.0477	0.021	0.144	0.0745
53	0.2148	0.033	0.0228	0.0307	0.0285	0.0393	0.0339	0.0264	0.0715	0.048	0.0211	0.1449	0.075
54	0.2110	0.0334	0.0229	0.0313	0.0287	0.0395	0.0343	0.0265	0.0718	0.0485	0.0212	0.1457	0.0757
55	0.2095	0.0337	0.023	0.0316	0.0289	0.0397	0.0346	0.0266	0.0721	0.0488	0.0213	0.1467	0.0762
56	0.2074	0.0339	0.0231	0.0318	0.0294	0.0404	0.0351	0.0267	0.0725	0.0491	0.0214	0.1473	0.0766
57	0.2041	0.0339	0.0232	0.0319	0.0295	0.0405	0.0352	0.0268	0.0728	0.0493	0.0215	0.1478	0.0769
58	0.2020	0.0339	0.0233	0.0321	0.0298	0.0408	0.0356	0.0268	0.0728	0.0495	0.0216	0.1486	0.0774
59	0.1980	0.0341	0.0235	0.0323	0.03	0.0414	0.036	0.027	0.0732	0.0499	0.0216	0.149	0.0778
60	0.1921	0.0341	0.0235	0.0325	0.0302	0.0417	0.0362	0.0271	0.0736	0.0501	0.0217	0.1502	0.0783
61	0.1980	0.0345	0.0237	0.033	0.0302	0.0418	0.0365	0.0273	0.0738	0.0505	0.0218	0.1506	0.0787
62	0.1889	0.0349	0.024	0.0333	0.0305	0.0421	0.0367	0.0275	0.0748	0.051	0.0219	0.1513	0.0791
63	0.1912	0.035	0.0241	0.0334	0.0306	0.0421	0.0369	0.0276	0.0748	0.0512	0.022	0.1518	0.0795
64	0.1873	0.0351	0.024	0.0334	0.0309	0.0426	0.0372	0.0277	0.0752	0.0514	0.0221	0.1523	0.0798
65	0.1837	0.0354	0.0242	0.0339	0.0311	0.0428	0.0375	0.0278	0.0753	0.0517	0.0222	0.1537	0.0805
66	0.1831	0.0355	0.0243	0.0341	0.0313	0.0427	0.0377	0.0279	0.0756	0.052	0.0223	0.1539	0.0808
67	0.1793	0.0356	0.0243	0.0343	0.0315	0.0429	0.038	0.0281	0.0763	0.0525	0.0224	0.1548	0.0813
68	0.1800	0.0357	0.0245	0.0345	0.0316	0.0432	0.0383	0.0282	0.0769	0.0528	0.0225	0.1563	0.0818
69	0.1773	0.0361	0.0248	0.0349	0.0318	0.0435	0.0386	0.0283	0.0773	0.0531	0.0226	0.1578	0.0825
70	0.1698	0.0364	0.0248	0.0352	0.0317	0.0434	0.0387	0.0284	0.0778	0.0534	0.0227	0.1583	0.0829
71	0.1735	0.0364	0.0249	0.0354	0.0318	0.0435	0.0389	0.0286	0.0785	0.0539	0.0228	0.1595	0.0835
72	0.1697	0.0366	0.025	0.0357	0.0321	0.0438	0.0393	0.0286	0.0786	0.0541	0.0229	0.16	0.0839
73	0.1676	0.0367	0.0251	0.0361	0.0322	0.044	0.0397	0.0288	0.0791	0.0547	0.023	0.1607	0.0845
74	0.1649	0.0369	0.0253	0.0365	0.0321	0.0437	0.0398	0.0288	0.0794	0.055	0.0231	0.1613	0.0849
75	0.1679	0.0373	0.0256	0.037	0.0323	0.0441	0.0402	0.0289	0.0796	0.0553	0.0232	0.1619	0.0854
76	0.1634	0.0373	0.0255	0.037	0.0324	0.0441	0.0403	0.0291	0.0802	0.0557	0.0233	0.1627	0.0859
77	0.1616	0.0374	0.0255	0.0372	0.0328	0.0448	0.0409	0.0292	0.0808	0.0561	0.0233	0.1632	0.0863
78	0.1588	0.0378	0.026	0.0377	0.0329	0.0449	0.0411	0.0294	0.0814	0.0565	0.0234	0.164	0.0868
79	0.1598	0.0378	0.0259	0.0376	0.033	0.0451	0.0412	0.0293	0.0814	0.0565	0.0235	0.1644	0.087
80	0.1556	0.0381	0.026	0.038	0.0332	0.0454	0.0414	0.0294	0.0814	0.0567	0.0235	0.1649	0.0873
81	0.1553	0.0386	0.0264	0.0384	0.0334	0.0456	0.0417	0.0296	0.0822	0.0571	0.0236	0.1653	0.0876
82	0.1502	0.0386	0.0264	0.0384	0.0335	0.0457	0.0418	0.0297	0.0821	0.0573	0.0237	0.1663	0.088
83	0.1543	0.0389	0.0265	0.0387	0.0336	0.0459	0.042	0.0297	0.0823	0.0575	0.0237	0.1664	0.0883
84	0.1472	0.0388	0.0265	0.0387	0.0337	0.0462	0.0421	0.03	0.0831	0.0578	0.0238	0.1671	0.0886
85	0.1513	0.0389	0.0265	0.0389	0.0342	0.0469	0.0428	0.0301	0.0835	0.0582	0.0239	0.1677	0.0891
86	0.1468	0.039	0.0266	0.039	0.0342	0.0469	0.0428	0.0302	0.0841	0.0586	0.024	0.1683	0.0895
87	0.1462	0.0389	0.0266	0.039	0.0345	0.0474	0.0431	0.0303	0.0844	0.0587	0.0241	0.1692	0.0899
88	0.1459	0.0392	0.0268	0.0393	0.0347	0.0479	0.0435	0.0305	0.085	0.0591	0.0242	0.1702	0.0903
89	0.1407	0.0392	0.0268	0.0394	0.0348	0.0484	0.0437	0.0305	0.085	0.0592	0.0243	0.1709	0.0906
90	0.1399	0.0393	0.0268	0.0396	0.0349	0.0485	0.0439	0.0306	0.0852	0.0595	0.0243	0.1714	0.091
91	0.1368	0.0392	0.0268	0.0397	0.0349	0.0485	0.044	0.0306	0.0851	0.0596	0.0244	0.1727	0.0915
92	0.1364	0.0392	0.0269	0.0398	0.035	0.0485	0.0441	0.0307	0.0855	0.0598	0.0245	0.1738	0.0919
93	0.1350	0.0392	0.0269	0.0398	0.0352	0.0487	0.0443	0.0308	0.0858	0.0601	0.0246	0.1745	0.0922
94	0.1340	0.0393	0.027	0.04	0.0351	0.0489	0.0444	0.0309	0.086	0.0602	0.0247	0.1749	0.0925
95	0.1343	0.0394	0.027	0.0401	0.0352	0.0491	0.0445	0.0311	0.0866	0.0605	0.0247	0.1753	0.0927
96	0.1297	0.0394	0.0271	0.0401	0.0354	0.0494	0.0447	0.031	0.0865	0.0605	0.0248	0.1763	0.093
97	0.1331	0.0395	0.0272	0.0401	0.0354	0.0496	0.0447	0.0311	0.0866	0.0605	0.0249	0.1765	0.0931
98	0.1306	0.0394	0.0272	0.0401	0.0355	0.0497	0.0448	0.0313	0.0873	0.0608	0.025	0.1771	0.0934
99	0.1268	0.0394	0.0272	0.0401	0.0355	0.0497	0.0449	0.0313	0.0872	0.0609	0.025	0.1772	0.0935
100	0.1285	0.0396	0.0274	0.0403	0.0357	0.0501	0.0451	0.0315	0.0878	0.0612	0.0251	0.1778	0.0938
101	0.1246	0.0399	0.0276	0.0405	0.0359	0.0504	0.0454	0.0316	0.0883	0.0615	0.0251	0.1784	0.0942
102	0.1223	0.0399	0.0276	0.0405	0.0359	0.0506	0.0455	0.0318	0.0885	0.0617	0.0252	0.1789	0.0944
103	0.1207	0.0397	0.0273	0.0404	0.0361	0.0509	0.0457	0.0319	0.089	0.062	0.0252	0.179	0.0946
104	0.1229	0.0396	0.0273	0.0404	0.0363	0.0511	0.0459	0.032	0.0893	0.0622	0.0252	0.1789	0.0947
105	0.1209	0.04	0.0277	0.0407	0.0362	0.051	0.0459	0.0321	0.0896	0.0624	0.0253	0.1799	0.0951
106	0.1207	0.0403	0.0278	0.0409	0.0365	0.0515	0.0462	0.0322	0.0897	0.0626	0.0254	0.1803	0.0954
107	0.1212	0.0407	0.0281	0.0414	0.0366	0.0515	0.0464	0.0323	0.0903	0.0629	0.0254	0.1808	0.0957
108	0.1190	0.041	0.0283	0.0416	0.0367	0.0516	0.0465	0.0324	0.0909	0.0632	0.0254	0.1811	0.0959
109	0.1152	0.0411	0.0284	0.0417	0.0369	0.052	0.0468	0.0325	0.0912	0.0634	0.0254	0.1812	0.096
110	0.1173	0.0411	0.0287	0.0418	0.0369	0.052	0.0468	0.0327	0.0916	0.0636	0.0255	0.1818	0.0963
111	0.1133	0.0412	0.0288	0.0419	0.037	0.0521	0.0469	0.0329	0.0922	0.064	0.0256	0.1825	0.0967
112	0.1122	0.0415	0.0291	0.0423	0.0373	0.0526	0.0474	0.033	0.0926	0.0643	0.0257	0.183	0.097
113	0.1097	0.0417	0.0293	0.0425	0.0376	0.0529	0.0476	0.033	0.0928	0.0645	0.0257	0.1834	0.0973
114	0.1098	0.0417	0.0291	0.0426	0.0375	0.0529	0.0477	0.0331	0.0931	0.0647	0.0258	0.1841	0.0977
115	0.1120	0.0417	0.0291	0.0427	0.0377	0.0532	0.0479	0.0332	0.0933	0.0649	0.0259	0.1849	0.098
116	0.1114	0.0417	0.0292	0.0428	0.0378	0.0534	0.0482	0.0333	0.0938	0.0653	0.0259	0.1854	0.0984
117	0.1106	0.0417	0.0292	0.043	0.0379	0.0536	0.0484	0.0333	0.0941	0.0655	0.026	0.1858	0.0988
118	0.1061	0.0419	0.0295	0.0431	0.0381	0.0538	0.0486	0.0334	0.0944	0.0657	0.0261	0.186	0.099
119	0.1060	0.0419	0.0294	0.0432	0.0382	0.054	0.0488	0.0335	0.0947	0.066	0.0261	0.1862	0.0992
120	0.1059	0.0419	0.0295	0.0433	0.0383	0.0542	0.0489	0.0335	0.0948	0.0661	0.0262	0.187	0.0996
121	0.1040	0.0419	0.0296	0.0433	0.0383	0.054	0.0488	0.0337	0.095	0.0662	0.0262	0.187	0.0996
122	0.1037	0.042	0.0297	0.0434	0.0385	0.0543	0.0491	0.0337	0.095	0.0664	0.0261	0.1869	0.0997
123	0.1047	0.0422	0.0297	0.0436	0.0385	0.0543	0.0492	0.0338	0.0952	0.0666	0.0262	0.1871	0.0999
124	0.1028	0.0427	0.0301	0.044	0.0387	0.0544	0.0494	0.034	0.096	0.067	0.0262	0.1872	0.1001
125	0.1002	0.0428	0.0303	0.0441	0.0387	0.0547	0.0495	0.034	0.0962	0.0672	0.0262	0.1877	0.1004
126	0.0994	0.0428	0.0305	0.0442	0.0388	0.0549	0.0496	0.0341	0.0962	0.0672	0.0263	0.188	0.1005
127	0.0986	0.0428	0.0306	0.0442	0.0389	0.0549	0.0496	0.0341	0.0963	0.0673	0.0263	0.1885	0.1007
128	0.0978	0.0429	0.0306	0.0443	0.039	0.0553	0.0498	0.0341	0.0963	0.0673	0.0264	0.1888	0.1009
129	0.0982	0.0427	0.0305	0.0441	0.0392	0.0555	0.0499	0.0342	0.0967	0.0674	0.0264	0.1889	0.1009
130	0.0964	0.0429	0.0306	0.0443	0.0391	0.0552	0.0499	0.0344	0.0971	0.0677	0.0264	0.1895	0.1012
131	0.0966	0.0428	0.0306	0.0442	0.0393	0.0556	0.0501	0.0343	0.0971	0.0677	0.0265	0.1901	0.1014
132	0.0965	0.0427	0.0306	0.0442	0.0395	0.056	0.0503	0.0344	0.0972	0.0679	0.0266	0.1902	0.1017
133	0.0950	0.0428	0.0306	0.0445	0.0394	0.0559	0.0504	0.0346	0.098	0.0682	0.0266	0.1906	0.1019
134	0.0946	0.0428	0.0306	0.0445	0.0396	0.056	0.0505	0.0345	0.0977	0.0682	0.0266	0.1905	0.102
135	0.0922	0.0431	0.0308	0.0447	0.0396	0.0561	0.0506	0.0346	0.0978	0.0683	0.0267	0.1907	0.1021
136	0.0926	0.0433	0.031	0.0449	0.0398	0.0563	0.0508	0.0347	0.098	0.0685	0.0267	0.1912	0.1023
137	0.0920	0.0433	0.0309	0.0448	0.0399	0.0567	0.051	0.0347	0.0982	0.0686	0.0267	0.1916	0.1025
138	0.0908	0.0434	0.031	0.0449	0.04	0.057	0.0511	0.0348	0.0988	0.0688	0.0268	0.192	0.1027
139	0.0897	0.0438	0.0312	0.0453	0.0402	0.0573	0.0514	0.0349	0.0989	0.0691	0.0268	0.1922	0.103
140	0.0918	0.0439	0.0313	0.0454	0.0404	0.0573	0.0515	0.035	0.0993	0.0692	0.0269	0.1929	0.1033
141	0.0894	0.044	0.0314	0.0455	0.0404	0.0576	0.0517	0.0351	0.0996	0.0695	0.027	0.1934	0.1036
142	0.0863	0.0441	0.0314	0.0456	0.0406	0.0581	0.0519	0.0352	0.1	0.0697	0.0271	0.1942	0.1039
143	0.0882	0.0445	0.0318	0.0459	0.0406	0.058	0.052	0.0353	0.1001	0.0699	0.0271	0.1949	0.1042
144	0.0888	0.0447	0.0319	0.0462	0.0407	0.0584	0.0522	0.0354	0.1007	0.0701	0.0271	0.195	0.1044
145	0.0830	0.0447	0.0319	0.0462	0.0408	0.0584	0.0523	0.0354	0.1008	0.0703	0.0272	0.1956	0.1046
146	0.0861	0.0446	0.0318	0.0462	0.0407	0.0583	0.0523	0.0355	0.1011	0.0704	0.0272	0.1958	0.1048
147	0.0851	0.0447	0.0318	0.0463	0.0406	0.0581	0.0522	0.0356	0.1013	0.0705	0.0272	0.1959	0.1049
148	0.0819	0.0451	0.0321	0.0467	0.0408	0.0584	0.0525	0.0356	0.1014	0.0707	0.0273	0.1966	0.1053
149	0.0833	0.045	0.032	0.0468	0.0408	0.0584	0.0527	0.0357	0.1017	0.0711	0.0273	0.1964	0.1054
150	0.0828	0.0453	0.0322	0.047	0.041	0.0588	0.0529	0.0358	0.1018	0.0711	0.0273	0.1963	0.1054
