{"n_layers": 3, "device": "cuda", "batch_size": 2048, "embedding_dim": 128, "learning_rate": 0.001, "dataset": "dbbook", "epochs": 150, "model": "ef-mmlgcn", "fusion": "mean", "top_k": [5, 10, 20, 50], "seed": 19, "multimodal": true}
Epoch	Loss	Precision@5	Recall@5	NDCG@5	Precision@10	Recall@10	NDCG@10	Precision@20	Recall@20	NDCG@20	Precision@50	Recall@50	NDCG@50
1	0.6923	0.0274	0.0191	0.0314	0.0205	0.0293	0.0305	0.0153	0.044	0.0363	0.0103	0.0743	0.0473
2	0.6891	0.04	0.0285	0.0435	0.0316	0.0449	0.0441	0.0241	0.0665	0.053	0.0171	0.1212	0.0728
3	0.6826	0.0348	0.0251	0.0366	0.0297	0.042	0.0392	0.0248	0.0683	0.0504	0.0192	0.1356	0.0748
4	0.6693	0.0287	0.0207	0.0287	0.0265	0.0372	0.0327	0.0235	0.0642	0.0444	0.0192	0.1341	0.0699
5	0.6449	0.024	0.0162	0.0233	0.0238	0.0326	0.028	0.0222	0.0597	0.0399	0.0187	0.1283	0.0653
6	0.6084	0.0202	0.0137	0.0204	0.0228	0.031	0.0263	0.0216	0.0583	0.0383	0.0184	0.1256	0.0631
7	0.5630	0.0193	0.0126	0.0194	0.0217	0.0292	0.025	0.0211	0.057	0.0372	0.0181	0.1234	0.0618
8	0.5165	0.0192	0.0124	0.0192	0.021	0.0276	0.0241	0.0209	0.0563	0.0365	0.0179	0.1213	0.0608
9	0.4742	0.0195	0.0129	0.0193	0.0207	0.027	0.0238	0.0208	0.0557	0.0362	0.0178	0.1208	0.0605
10	0.4402	0.0199	0.0132	0.0196	0.0206	0.0267	0.0237	0.0209	0.0556	0.0364	0.0178	0.1204	0.0605
11	0.4089	0.0216	0.0143	0.0209	0.0209	0.0273	0.0243	0.0212	0.0565	0.037	0.0177	0.1199	0.0606
12	0.3886	0.0219	0.0145	0.0212	0.0211	0.0276	0.0245	0.0214	0.057	0.0373	0.0178	0.12	0.0609
13	0.3695	0.0227	0.0153	0.0218	0.0212	0.0277	0.0247	0.0214	0.0572	0.0375	0.0179	0.1205	0.0612
14	0.3528	0.0232	0.0156	0.0222	0.0212	0.0279	0.0249	0.0216	0.0579	0.038	0.018	0.1212	0.0616
15	0.3399	0.0238	0.016	0.0227	0.0216	0.0283	0.0253	0.0219	0.0581	0.0383	0.0181	0.1224	0.0622
16	0.3280	0.0244	0.0163	0.023	0.0218	0.0286	0.0255	0.022	0.0587	0.0387	0.0183	0.1243	0.063
17	0.3201	0.025	0.0166	0.0235	0.0222	0.0295	0.0261	0.0221	0.0594	0.0391	0.0185	0.1258	0.0638
18	0.3090	0.0257	0.0171	0.0241	0.0229	0.0305	0.0268	0.0223	0.0599	0.0395	0.0187	0.1264	0.0644
19	0.2981	0.0263	0.0174	0.0245	0.0231	0.0309	0.0272	0.0225	0.0608	0.0401	0.0189	0.1275	0.0651
20	0.2970	0.0264	0.0177	0.0247	0.0236	0.0316	0.0277	0.023	0.0625	0.041	0.019	0.1286	0.0658
21	0.2872	0.0263	0.0177	0.0247	0.024	0.0323	0.0281	0.0234	0.0635	0.0416	0.0192	0.1301	0.0665
22	0.2798	0.0268	0.0182	0.0252	0.0243	0.0327	0.0286	0.0238	0.0644	0.0423	0.0194	0.1314	0.0673
23	0.2701	0.0279	0.0188	0.0261	0.0248	0.0332	0.0291	0.0242	0.0652	0.043	0.0196	0.1326	0.0681
24	0.2673	0.0286	0.0192	0.0266	0.0252	0.0337	0.0295	0.0246	0.0663	0.0437	0.0198	0.1344	0.069
25	0.2592	0.0291	0.0196	0.027	0.0253	0.034	0.0298	0.025	0.0673	0.0444	0.0199	0.1348	0.0694
26	0.2526	0.0294	0.0197	0.0274	0.0258	0.0345	0.0303	0.0254	0.0683	0.0451	0.0201	0.1361	0.0703
27	0.2480	0.0296	0.0199	0.0277	0.0265	0.0359	0.0311	0.0256	0.069	0.0457	0.0203	0.1378	0.0712
28	0.2437	0.0299	0.0201	0.0281	0.0269	0.0366	0.0317	0.0256	0.0693	0.0461	0.0204	0.1388	0.0719
29	0.2375	0.0311	0.021	0.0291	0.0275	0.0376	0.0326	0.0258	0.0697	0.0466	0.0206	0.1405	0.0728
30	0.2315	0.0321	0.0222	0.0301	0.0279	0.0383	0.0332	0.026	0.0702	0.0473	0.0208	0.1417	0.0737
31	0.2305	0.0328	0.0229	0.0307	0.0282	0.0389	0.0337	0.0262	0.0706	0.0477	0.021	0.143	0.0744
32	0.2233	0.0332	0.0231	0.0312	0.0285	0.0393	0.0342	0.0263	0.0713	0.0482	0.021	0.1434	0.0749
33	0.2190	0.0338	0.0235	0.0318	0.0287	0.0394	0.0345	0.0265	0.0719	0.0487	0.0211	0.1443	0.0755
34	0.2077	0.0338	0.0235	0.032	0.0292	0.04	0.035	0.0265	0.0719	0.0489	0.0212	0.1454	0.0761
35	0.2053	0.0344	0.0239	0.0325	0.0295	0.0404	0.0354	0.0267	0.0725	0.0493	0.0214	0.1467	0.0768
36	0.2032	0.0344	0.024	0.0328	0.0297	0.0406	0.0359	0.0269	0.0731	0.0499	0.0215	0.1478	0.0776
37	0.1976	0.0347	0.0242	0.0333	0.0301	0.0412	0.0364	0.0271	0.074	0.0504	0.0217	0.1486	0.0782
38	0.1920	0.0348	0.0243	0.0335	0.0303	0.0414	0.0367	0.0274	0.0751	0.0511	0.0219	0.15	0.0789
39	0.1908	0.0351	0.0243	0.0339	0.0305	0.0414	0.037	0.0276	0.0757	0.0516	0.0221	0.1516	0.0798
40	0.1881	0.0354	0.0246	0.0343	0.0309	0.0421	0.0376	0.0279	0.0766	0.0523	0.0222	0.1527	0.0805
41	0.1889	0.0358	0.0249	0.0348	0.0312	0.0425	0.0381	0.0279	0.0769	0.0527	0.0224	0.1546	0.0815
42	0.1806	0.0361	0.0251	0.0354	0.0314	0.0429	0.0387	0.0282	0.0777	0.0534	0.0226	0.1562	0.0825
43	0.1770	0.0366	0.0253	0.036	0.0318	0.0435	0.0392	0.0284	0.0782	0.054	0.0227	0.1567	0.0831
44	0.1737	0.0366	0.0253	0.0363	0.0321	0.0442	0.0398	0.0286	0.079	0.0546	0.0229	0.158	0.084
45	0.1711	0.0369	0.0255	0.0368	0.0322	0.0442	0.0401	0.0287	0.0793	0.055	0.023	0.1589	0.0845
46	0.1671	0.0372	0.0257	0.037	0.0323	0.0444	0.0403	0.0289	0.0802	0.0555	0.0232	0.1601	0.0851
47	0.1655	0.0377	0.026	0.0372	0.0325	0.0447	0.0405	0.0291	0.0808	0.0558	0.0233	0.1612	0.0856
48	0.1625	0.0376	0.0259	0.0372	0.0326	0.0449	0.0406	0.0292	0.0812	0.056	0.0235	0.1627	0.0862
49	0.1580	0.0374	0.0258	0.037	0.0329	0.0454	0.0409	0.0294	0.0823	0.0565	0.0236	0.1637	0.0867
50	0.1559	0.0379	0.0261	0.0376	0.0331	0.0458	0.0413	0.0297	0.083	0.0571	0.0238	0.165	0.0875
51	0.1533	0.0384	0.0265	0.0382	0.0335	0.0466	0.042	0.0298	0.0834	0.0576	0.0239	0.1664	0.0882
52	0.1494	0.0389	0.0268	0.0388	0.0339	0.0473	0.0426	0.0301	0.0841	0.0582	0.024	0.1675	0.0889
53	0.1481	0.0392	0.0272	0.0392	0.0344	0.0479	0.0432	0.0303	0.0851	0.0588	0.0241	0.1681	0.0894
54	0.1456	0.0394	0.0273	0.0396	0.0348	0.0486	0.0438	0.0305	0.0858	0.0594	0.0242	0.1692	0.0902
55	0.1429	0.0396	0.0274	0.0399	0.0349	0.0487	0.044	0.0306	0.086	0.0598	0.0243	0.1696	0.0905
56	0.1433	0.0397	0.0276	0.04	0.0353	0.0492	0.0444	0.0308	0.0865	0.0601	0.0244	0.1706	0.091
57	0.1414	0.0401	0.028	0.0406	0.0355	0.0497	0.0449	0.0309	0.0868	0.0605	0.0245	0.172	0.0918
58	0.1414	0.0401	0.028	0.0409	0.036	0.0504	0.0455	0.0311	0.0873	0.0611	0.0246	0.1721	0.0923
59	0.1341	0.0397	0.0277	0.0408	0.036	0.0506	0.0457	0.0312	0.0878	0.0615	0.0247	0.1729	0.0928
60	0.1335	0.04	0.028	0.0411	0.0362	0.0512	0.0461	0.0313	0.0878	0.0617	0.0248	0.1738	0.0933
61	0.1302	0.0402	0.0283	0.0413	0.0366	0.0519	0.0466	0.0315	0.0884	0.0621	0.0248	0.1745	0.0937
62	0.1255	0.0404	0.0285	0.0415	0.0368	0.0521	0.0468	0.0315	0.0887	0.0624	0.025	0.1756	0.0943
63	0.1259	0.0407	0.0286	0.0416	0.0371	0.0526	0.047	0.0316	0.0892	0.0625	0.0251	0.1769	0.0947
64	0.1252	0.041	0.0292	0.042	0.0371	0.0527	0.0472	0.0319	0.09	0.063	0.0252	0.1779	0.0952
65	0.1234	0.0415	0.0295	0.0424	0.0374	0.0532	0.0476	0.032	0.0907	0.0635	0.0253	0.1791	0.0959
66	0.1212	0.0414	0.0295	0.0424	0.0375	0.0534	0.0478	0.0323	0.0914	0.0639	0.0255	0.18	0.0963
67	0.1205	0.0412	0.0293	0.0423	0.0379	0.054	0.0481	0.0324	0.0918	0.0642	0.0256	0.1814	0.0969
68	0.1203	0.0411	0.0292	0.0424	0.0379	0.0538	0.0482	0.0325	0.0924	0.0645	0.0256	0.1822	0.0973
69	0.1148	0.0412	0.0293	0.0426	0.0378	0.0537	0.0483	0.0326	0.0926	0.0648	0.0256	0.1825	0.0975
70	0.1121	0.041	0.0292	0.0425	0.038	0.054	0.0485	0.0327	0.0929	0.065	0.0258	0.1834	0.098
71	0.1124	0.0415	0.0295	0.043	0.0385	0.0543	0.049	0.033	0.0938	0.0655	0.0259	0.1841	0.0985
72	0.1134	0.0416	0.0295	0.0429	0.0385	0.0543	0.0489	0.033	0.094	0.0656	0.026	0.185	0.0988
73	0.1096	0.0418	0.0297	0.0432	0.0387	0.0546	0.0492	0.0332	0.0942	0.0659	0.0261	0.1855	0.0992
74	0.1050	0.0419	0.0296	0.0434	0.0389	0.0549	0.0496	0.0332	0.0945	0.0662	0.0261	0.1858	0.0996
75	0.1052	0.0422	0.0299	0.0437	0.0389	0.055	0.0497	0.0335	0.0952	0.0667	0.0262	0.1868	0.1002
76	0.1047	0.0425	0.0301	0.0439	0.0389	0.0551	0.0498	0.0337	0.0957	0.067	0.0263	0.1871	0.1004
77	0.1027	0.0425	0.0302	0.044	0.0391	0.0554	0.05	0.0339	0.0964	0.0674	0.0264	0.1876	0.1007
78	0.1023	0.0425	0.0302	0.0441	0.0393	0.0557	0.0503	0.034	0.097	0.0677	0.0264	0.1884	0.1011
79	0.1008	0.0426	0.0303	0.0442	0.0393	0.0558	0.0504	0.0341	0.0975	0.068	0.0265	0.1888	0.1014
80	0.0985	0.0427	0.0304	0.0444	0.0395	0.056	0.0507	0.0342	0.0979	0.0683	0.0266	0.1897	0.1019
81	0.0991	0.0433	0.0307	0.0451	0.0395	0.0562	0.051	0.0343	0.0986	0.0688	0.0266	0.1903	0.1024
82	0.0947	0.0434	0.0307	0.0451	0.0397	0.0564	0.0511	0.0344	0.0989	0.069	0.0267	0.1906	0.1026
83	0.0974	0.0437	0.0311	0.0454	0.0398	0.0565	0.0513	0.0344	0.0989	0.0691	0.0268	0.1914	0.103
84	0.0933	0.0441	0.0314	0.0458	0.0401	0.0576	0.0519	0.0345	0.099	0.0693	0.0268	0.1913	0.1032
85	0.0958	0.0445	0.0316	0.0462	0.0403	0.0579	0.0521	0.0347	0.0998	0.0697	0.0269	0.1918	0.1035
86	0.0910	0.0448	0.0319	0.0465	0.0405	0.0584	0.0525	0.0348	0.1001	0.07	0.027	0.193	0.1041
87	0.0889	0.0449	0.0321	0.0467	0.0407	0.0587	0.0528	0.0349	0.1004	0.0704	0.027	0.1932	0.1044
88	0.0911	0.0452	0.0325	0.0469	0.0408	0.0588	0.0529	0.035	0.1007	0.0705	0.0271	0.1941	0.1047
89	0.0880	0.0455	0.0328	0.0472	0.041	0.0592	0.0531	0.0351	0.1009	0.0707	0.0272	0.1946	0.105
90	0.0867	0.0458	0.0329	0.0476	0.0412	0.0594	0.0535	0.0353	0.1014	0.0711	0.0272	0.1953	0.1054
91	0.0853	0.0459	0.0329	0.0477	0.0414	0.0597	0.0536	0.0352	0.1013	0.0711	0.0273	0.1954	0.1055
92	0.0844	0.0457	0.0327	0.0476	0.0413	0.0596	0.0536	0.0353	0.1017	0.0713	0.0273	0.1956	0.1057
93	0.0815	0.0459	0.0329	0.0477	0.0412	0.0594	0.0535	0.0354	0.1022	0.0715	0.0273	0.1958	0.1058
94	0.0855	0.0458	0.0328	0.0477	0.0414	0.0599	0.0538	0.0355	0.1021	0.0716	0.0273	0.1959	0.1059
95	0.0854	0.0458	0.0328	0.0477	0.0414	0.0599	0.0538	0.0355	0.1023	0.0717	0.0274	0.1962	0.1061
96	0.0812	0.046	0.033	0.048	0.0416	0.0602	0.0541	0.0356	0.1025	0.0719	0.0274	0.197	0.1064
97	0.0822	0.0463	0.0332	0.0483	0.0417	0.0605	0.0543	0.0356	0.1029	0.0722	0.0275	0.1976	0.1068
98	0.0793	0.0465	0.0334	0.0485	0.0419	0.0607	0.0545	0.0357	0.1033	0.0723	0.0275	0.1982	0.107
99	0.0791	0.0465	0.0335	0.0486	0.0419	0.0607	0.0546	0.0357	0.1037	0.0726	0.0276	0.199	0.1074
100	0.0773	0.0469	0.0338	0.0488	0.0419	0.0607	0.0546	0.0358	0.104	0.0727	0.0276	0.1991	0.1075
101	0.0765	0.0467	0.0339	0.0489	0.0418	0.0607	0.0548	0.036	0.1043	0.0731	0.0277	0.1996	0.1079
102	0.0755	0.0466	0.0338	0.049	0.0418	0.0609	0.0549	0.036	0.1044	0.0732	0.0276	0.1992	0.1079
103	0.0737	0.0464	0.0336	0.0489	0.0418	0.061	0.055	0.0362	0.1049	0.0735	0.0277	0.1997	0.1081
104	0.0729	0.0465	0.0338	0.049	0.0419	0.061	0.0551	0.0362	0.1051	0.0736	0.0277	0.1996	0.1082
105	0.0736	0.0468	0.0341	0.0492	0.0418	0.0608	0.0551	0.0362	0.1051	0.0737	0.0277	0.1996	0.1082
106	0.0722	0.0468	0.0342	0.0493	0.0416	0.0606	0.055	0.0362	0.1054	0.0738	0.0277	0.2	0.1085
107	0.0714	0.0472	0.0345	0.0497	0.0418	0.0608	0.0552	0.0364	0.1059	0.0742	0.0278	0.2003	0.1088
108	0.0725	0.0476	0.0347	0.0501	0.0418	0.0609	0.0554	0.0365	0.1066	0.0745	0.0278	0.2008	0.1091
109	0.0677	0.0477	0.0348	0.0502	0.0421	0.0616	0.0558	0.0366	0.1071	0.0748	0.0279	0.2013	0.1093
110	0.0675	0.0479	0.035	0.0503	0.0422	0.0618	0.0559	0.0367	0.1072	0.0749	0.0279	0.2011	0.1093
111	0.0665	0.0478	0.0348	0.0502	0.0424	0.0622	0.0561	0.0367	0.1074	0.0751	0.028	0.2018	0.1097
112	0.0667	0.0479	0.035	0.0505	0.0425	0.0624	0.0564	0.0368	0.1073	0.0752	0.0279	0.2017	0.1098
113	0.0672	0.0478	0.0349	0.0504	0.0428	0.0631	0.0567	0.0369	0.1076	0.0754	0.028	0.2019	0.1099
114	0.0643	0.0477	0.0352	0.0506	0.0427	0.0629	0.0568	0.037	0.108	0.0757	0.0281	0.2032	0.1105
115	0.0661	0.0481	0.0355	0.051	0.0429	0.0633	0.0572	0.037	0.1079	0.0759	0.028	0.2034	0.1107
116	0.0651	0.0481	0.0357	0.0511	0.0433	0.0638	0.0576	0.037	0.108	0.0761	0.0281	0.2034	0.1109
117	0.0650	0.0484	0.0358	0.0515	0.0433	0.0637	0.0577	0.0371	0.1082	0.0764	0.0281	0.204	0.1113
118	0.0625	0.0487	0.036	0.0519	0.0434	0.0637	0.058	0.0373	0.109	0.077	0.0281	0.2042	0.1117
119	0.0620	0.049	0.0363	0.0523	0.0436	0.0641	0.0583	0.0376	0.1102	0.0775	0.0281	0.2041	0.1118
120	0.0614	0.0493	0.0363	0.0525	0.0438	0.0646	0.0586	0.0375	0.1103	0.0776	0.0281	0.2045	0.1121
121	0.0606	0.0495	0.0365	0.0527	0.0438	0.0646	0.0587	0.0375	0.1101	0.0776	0.0282	0.2047	0.1121
122	0.0608	0.0495	0.0366	0.0527	0.0438	0.0648	0.0587	0.0376	0.1103	0.0778	0.0281	0.2044	0.1121
123	0.0605	0.0497	0.0369	0.0529	0.0438	0.0647	0.0587	0.0377	0.1109	0.078	0.0282	0.2053	0.1124
124	0.0590	0.0496	0.0367	0.0529	0.0439	0.0649	0.0589	0.0377	0.1109	0.0781	0.0282	0.2054	0.1126
125	0.0594	0.0496	0.0367	0.0529	0.044	0.0651	0.0591	0.0377	0.1114	0.0783	0.0282	0.205	0.1126
126	0.0580	0.0496	0.0365	0.0528	0.0439	0.0651	0.059	0.0378	0.1114	0.0784	0.0282	0.2054	0.1127
127	0.0608	0.0499	0.0365	0.053	0.044	0.0651	0.0591	0.0381	0.1121	0.0787	0.0283	0.206	0.113
128	0.0581	0.0503	0.0369	0.0534	0.0442	0.0655	0.0595	0.0382	0.1125	0.0791	0.0283	0.2066	0.1134
129	0.0558	0.0505	0.0369	0.0535	0.0444	0.0656	0.0597	0.0383	0.113	0.0794	0.0283	0.2064	0.1134
130	0.0551	0.0508	0.0375	0.0538	0.0444	0.0657	0.0597	0.0383	0.113	0.0794	0.0284	0.207	0.1136
131	0.0565	0.0505	0.0374	0.0537	0.0444	0.0659	0.0598	0.0383	0.1129	0.0794	0.0283	0.2074	0.1137
132	0.0580	0.0508	0.0377	0.0539	0.0445	0.0659	0.0598	0.0384	0.1133	0.0796	0.0283	0.2073	0.1137
133	0.0573	0.0513	0.0381	0.0543	0.0445	0.0659	0.0598	0.0385	0.1137	0.0798	0.0284	0.2076	0.1139
134	0.0564	0.051	0.0377	0.0542	0.0446	0.0661	0.0602	0.0384	0.1135	0.0799	0.0283	0.2074	0.1141
135	0.0548	0.0512	0.038	0.0545	0.0447	0.0662	0.0603	0.0384	0.1133	0.08	0.0284	0.2079	0.1143
136	0.0520	0.0512	0.0381	0.0545	0.0447	0.0662	0.0603	0.0385	0.1133	0.0801	0.0284	0.208	0.1144
137	0.0521	0.0509	0.0378	0.0542	0.0447	0.0662	0.0603	0.0386	0.114	0.0802	0.0284	0.2083	0.1145
138	0.0517	0.051	0.0378	0.0543	0.0447	0.0664	0.0604	0.0385	0.1135	0.0801	0.0285	0.2085	0.1146
139	0.0545	0.0511	0.0379	0.0543	0.045	0.0667	0.0606	0.0385	0.1136	0.0802	0.0285	0.209	0.1148
140	0.0529	0.0512	0.0381	0.0544	0.0449	0.0663	0.0604	0.0386	0.1139	0.0802	0.0285	0.2085	0.1146
141	0.0519	0.0515	0.0384	0.0547	0.0449	0.0664	0.0605	0.0386	0.1139	0.0803	0.0285	0.2089	0.1149
142	0.0508	0.0515	0.0381	0.0547	0.045	0.0665	0.0606	0.0387	0.1142	0.0805	0.0285	0.209	0.115
143	0.0505	0.0515	0.0382	0.0549	0.0452	0.0671	0.0611	0.0387	0.1141	0.0808	0.0285	0.2092	0.1153
144	0.0514	0.0516	0.0382	0.0551	0.0452	0.067	0.0612	0.0388	0.1144	0.081	0.0286	0.2096	0.1156
145	0.0508	0.0517	0.0384	0.0552	0.0451	0.0669	0.0612	0.0388	0.1148	0.0812	0.0285	0.2092	0.1155
146	0.0513	0.0518	0.0384	0.0553	0.0451	0.0669	0.0612	0.0388	0.115	0.0812	0.0285	0.2091	0.1155
147	0.0473	0.0517	0.0384	0.0553	0.0453	0.0672	0.0615	0.0388	0.1149	0.0813	0.0285	0.2093	0.1156
148	0.0477	0.0517	0.0385	0.0554	0.0455	0.0675	0.0616	0.0388	0.1149	0.0814	0.0286	0.2097	0.1158
149	0.0484	0.0522	0.0389	0.0558	0.0455	0.0674	0.0617	0.0389	0.1151	0.0816	0.0285	0.2095	0.1158
150	0.0467	0.052	0.0389	0.0558	0.0455	0.0675	0.0618	0.039	0.1155	0.0818	0.0286	0.2096	0.116
