{"n_layers": 0, "device": "cuda", "batch_size": 2048, "embedding_dim": 512, "learning_rate": 0.001, "dataset": "dbbook", "epochs": 150, "top_k": 5, "multimodal": false, "datasets": {"dbbook": ["images", "text"], "ml1m": ["audio", "images", "text", "video"]}}
Epoch	Loss	Recall	Precision	NDCG
1	0.6932	0.0013	0.0014	0.0016
2	0.6853	0.0018	0.0024	0.0027
3	0.6762	0.0095	0.0130	0.0154
4	0.6620	0.0220	0.0282	0.0334
5	0.6395	0.0295	0.0389	0.0453
6	0.6052	0.0347	0.0454	0.0529
7	0.5580	0.0364	0.0481	0.0553
8	0.4999	0.0377	0.0496	0.0574
9	0.4358	0.0388	0.0511	0.0595
10	0.3733	0.0407	0.0535	0.0621
11	0.3175	0.0421	0.0552	0.0641
12	0.2705	0.0426	0.0557	0.0651
13	0.2315	0.0436	0.0567	0.0665
14	0.2000	0.0449	0.0582	0.0684
15	0.1726	0.0460	0.0596	0.0700
16	0.1509	0.0467	0.0604	0.0707
17	0.1331	0.0472	0.0607	0.0714
18	0.1174	0.0481	0.0617	0.0725
19	0.1039	0.0497	0.0633	0.0740
20	0.0926	0.0495	0.0632	0.0743
21	0.0831	0.0497	0.0641	0.0747
22	0.0749	0.0510	0.0653	0.0760
23	0.0682	0.0516	0.0660	0.0769
24	0.0615	0.0519	0.0660	0.0771
25	0.0569	0.0520	0.0661	0.0772
26	0.0513	0.0520	0.0662	0.0777
27	0.0464	0.0523	0.0661	0.0775
28	0.0431	0.0529	0.0667	0.0780
29	0.0410	0.0526	0.0669	0.0784
30	0.0368	0.0528	0.0672	0.0790
31	0.0344	0.0533	0.0676	0.0795
32	0.0322	0.0531	0.0671	0.0793
33	0.0303	0.0535	0.0678	0.0802
34	0.0285	0.0537	0.0679	0.0804
35	0.0266	0.0539	0.0684	0.0807
36	0.0255	0.0541	0.0687	0.0809
37	0.0249	0.0545	0.0692	0.0816
38	0.0233	0.0540	0.0687	0.0815
39	0.0209	0.0544	0.0691	0.0819
40	0.0206	0.0545	0.0694	0.0821
41	0.0198	0.0545	0.0694	0.0824
42	0.0188	0.0550	0.0697	0.0828
43	0.0179	0.0555	0.0699	0.0828
44	0.0171	0.0554	0.0699	0.0827
45	0.0163	0.0557	0.0703	0.0830
46	0.0158	0.0558	0.0705	0.0834
47	0.0150	0.0558	0.0706	0.0837
48	0.0149	0.0557	0.0702	0.0835
49	0.0147	0.0560	0.0705	0.0836
50	0.0144	0.0562	0.0702	0.0835
51	0.0138	0.0565	0.0707	0.0842
52	0.0132	0.0564	0.0706	0.0841
53	0.0133	0.0566	0.0710	0.0847
54	0.0124	0.0564	0.0707	0.0845
55	0.0122	0.0567	0.0712	0.0853
56	0.0117	0.0570	0.0715	0.0855
57	0.0113	0.0570	0.0715	0.0856
58	0.0111	0.0574	0.0719	0.0863
59	0.0107	0.0575	0.0718	0.0862
60	0.0106	0.0574	0.0717	0.0861
61	0.0101	0.0575	0.0721	0.0861
62	0.0097	0.0574	0.0718	0.0859
63	0.0101	0.0574	0.0718	0.0858
64	0.0096	0.0573	0.0717	0.0857
65	0.0090	0.0574	0.0718	0.0859
66	0.0092	0.0570	0.0714	0.0854
67	0.0094	0.0573	0.0716	0.0855
68	0.0089	0.0573	0.0715	0.0853
69	0.0087	0.0573	0.0712	0.0850
70	0.0086	0.0573	0.0712	0.0851
71	0.0087	0.0572	0.0712	0.0851
72	0.0084	0.0572	0.0711	0.0853
73	0.0086	0.0579	0.0720	0.0860
74	0.0078	0.0576	0.0717	0.0860
75	0.0083	0.0576	0.0717	0.0859
76	0.0081	0.0580	0.0719	0.0860
77	0.0075	0.0575	0.0715	0.0857
78	0.0075	0.0573	0.0714	0.0855
79	0.0075	0.0571	0.0715	0.0856
80	0.0075	0.0575	0.0715	0.0857
81	0.0077	0.0578	0.0719	0.0862
82	0.0070	0.0580	0.0719	0.0864
83	0.0076	0.0579	0.0722	0.0864
84	0.0074	0.0582	0.0724	0.0864
85	0.0072	0.0578	0.0721	0.0863
86	0.0066	0.0581	0.0721	0.0862
87	0.0065	0.0575	0.0717	0.0857
88	0.0070	0.0577	0.0719	0.0859
89	0.0066	0.0575	0.0715	0.0855
90	0.0068	0.0575	0.0716	0.0858
91	0.0068	0.0574	0.0717	0.0859
92	0.0063	0.0575	0.0716	0.0858
93	0.0065	0.0570	0.0713	0.0856
94	0.0069	0.0571	0.0713	0.0856
95	0.0066	0.0570	0.0712	0.0851
96	0.0060	0.0568	0.0707	0.0848
97	0.0064	0.0568	0.0706	0.0850
98	0.0060	0.0566	0.0706	0.0848
99	0.0064	0.0564	0.0702	0.0846
100	0.0062	0.0564	0.0701	0.0844
101	0.0064	0.0562	0.0702	0.0843
102	0.0058	0.0568	0.0708	0.0848
103	0.0059	0.0569	0.0709	0.0849
104	0.0061	0.0568	0.0707	0.0847
105	0.0060	0.0571	0.0710	0.0850
106	0.0056	0.0567	0.0708	0.0850
107	0.0062	0.0569	0.0708	0.0851
108	0.0056	0.0573	0.0708	0.0851
109	0.0058	0.0572	0.0708	0.0849
110	0.0055	0.0573	0.0708	0.0851
111	0.0055	0.0573	0.0709	0.0853
112	0.0060	0.0572	0.0709	0.0852
113	0.0053	0.0567	0.0703	0.0848
114	0.0061	0.0565	0.0699	0.0846
115	0.0057	0.0564	0.0697	0.0843
116	0.0055	0.0563	0.0697	0.0844
117	0.0057	0.0563	0.0700	0.0843
118	0.0059	0.0562	0.0698	0.0840
119	0.0053	0.0564	0.0701	0.0843
120	0.0054	0.0565	0.0703	0.0846
121	0.0054	0.0564	0.0701	0.0847
122	0.0059	0.0562	0.0700	0.0843
123	0.0054	0.0561	0.0701	0.0844
124	0.0051	0.0559	0.0695	0.0842
125	0.0056	0.0555	0.0692	0.0838
126	0.0055	0.0557	0.0692	0.0837
127	0.0053	0.0555	0.0690	0.0835
128	0.0057	0.0555	0.0690	0.0834
129	0.0051	0.0552	0.0688	0.0832
130	0.0055	0.0554	0.0688	0.0831
131	0.0053	0.0549	0.0683	0.0827
132	0.0049	0.0551	0.0684	0.0828
133	0.0052	0.0549	0.0685	0.0828
134	0.0055	0.0555	0.0690	0.0835
135	0.0049	0.0556	0.0695	0.0838
136	0.0055	0.0557	0.0695	0.0839
137	0.0052	0.0555	0.0693	0.0836
138	0.0051	0.0561	0.0700	0.0844
139	0.0054	0.0562	0.0701	0.0848
140	0.0056	0.0557	0.0698	0.0846
141	0.0052	0.0559	0.0700	0.0847
142	0.0049	0.0563	0.0706	0.0854
143	0.0052	0.0563	0.0705	0.0852
144	0.0050	0.0565	0.0708	0.0855
145	0.0053	0.0569	0.0712	0.0858
146	0.0049	0.0568	0.0712	0.0858
147	0.0047	0.0570	0.0712	0.0857
148	0.0060	0.0569	0.0710	0.0857
149	0.0045	0.0567	0.0709	0.0855
150	0.0052	0.0570	0.0714	0.0857
