{"n_layers": 0, "device": "cuda", "batch_size": 2048, "embedding_dim": 512, "learning_rate": 0.0005, "dataset": "dbbook", "epochs": 150, "top_k": 20, "multimodal": true, "datasets": {"dbbook": ["images", "text"], "ml1m": ["audio", "images", "text", "video"]}}
Epoch	Loss	Recall	Precision	NDCG
1	0.6930	0.0063	0.0020	0.0040
2	0.6880	0.0110	0.0033	0.0077
3	0.6836	0.0181	0.0055	0.0139
4	0.6788	0.0263	0.0080	0.0213
5	0.6736	0.0350	0.0108	0.0297
6	0.6678	0.0453	0.0141	0.0389
7	0.6611	0.0549	0.0173	0.0471
8	0.6534	0.0636	0.0204	0.0542
9	0.6444	0.0703	0.0229	0.0599
10	0.6343	0.0766	0.0253	0.0650
11	0.6225	0.0822	0.0274	0.0692
12	0.6094	0.0872	0.0290	0.0730
13	0.5945	0.0907	0.0303	0.0754
14	0.5782	0.0937	0.0315	0.0774
15	0.5603	0.0956	0.0322	0.0789
16	0.5415	0.0970	0.0327	0.0801
17	0.5215	0.0987	0.0333	0.0812
18	0.5006	0.1002	0.0340	0.0820
19	0.4797	0.1016	0.0342	0.0827
20	0.4578	0.1025	0.0347	0.0832
21	0.4373	0.1031	0.0350	0.0837
22	0.4169	0.1039	0.0351	0.0840
23	0.3963	0.1042	0.0353	0.0844
24	0.3770	0.1055	0.0356	0.0847
25	0.3579	0.1057	0.0358	0.0850
26	0.3411	0.1056	0.0359	0.0851
27	0.3238	0.1065	0.0362	0.0855
28	0.3080	0.1069	0.0365	0.0861
29	0.2950	0.1072	0.0367	0.0864
30	0.2808	0.1084	0.0370	0.0871
31	0.2672	0.1086	0.0370	0.0873
32	0.2548	0.1095	0.0372	0.0878
33	0.2436	0.1100	0.0374	0.0883
34	0.2332	0.1107	0.0376	0.0888
35	0.2236	0.1106	0.0377	0.0888
36	0.2127	0.1113	0.0379	0.0895
37	0.2039	0.1117	0.0381	0.0898
38	0.1955	0.1124	0.0383	0.0902
39	0.1886	0.1131	0.0384	0.0906
40	0.1789	0.1131	0.0384	0.0906
41	0.1736	0.1130	0.0384	0.0906
42	0.1663	0.1130	0.0384	0.0906
43	0.1607	0.1133	0.0384	0.0909
44	0.1533	0.1131	0.0384	0.0908
45	0.1480	0.1136	0.0385	0.0910
46	0.1444	0.1141	0.0387	0.0913
47	0.1368	0.1145	0.0388	0.0914
48	0.1315	0.1147	0.0389	0.0915
49	0.1279	0.1147	0.0389	0.0916
50	0.1235	0.1154	0.0391	0.0920
51	0.1183	0.1155	0.0392	0.0920
52	0.1144	0.1156	0.0392	0.0918
53	0.1104	0.1160	0.0393	0.0921
54	0.1075	0.1163	0.0394	0.0924
55	0.1039	0.1169	0.0396	0.0928
56	0.0993	0.1171	0.0397	0.0929
57	0.0973	0.1175	0.0398	0.0932
58	0.0940	0.1176	0.0397	0.0933
59	0.0917	0.1179	0.0398	0.0935
60	0.0890	0.1184	0.0399	0.0939
61	0.0858	0.1192	0.0401	0.0943
62	0.0831	0.1200	0.0404	0.0946
63	0.0807	0.1199	0.0403	0.0948
64	0.0783	0.1209	0.0406	0.0954
65	0.0759	0.1208	0.0405	0.0956
66	0.0730	0.1213	0.0407	0.0959
67	0.0723	0.1214	0.0407	0.0961
68	0.0684	0.1220	0.0408	0.0964
69	0.0673	0.1220	0.0408	0.0964
70	0.0662	0.1224	0.0409	0.0967
71	0.0643	0.1229	0.0411	0.0971
72	0.0631	0.1229	0.0410	0.0973
73	0.0604	0.1230	0.0411	0.0975
74	0.0593	0.1234	0.0411	0.0977
75	0.0575	0.1240	0.0413	0.0981
76	0.0558	0.1241	0.0412	0.0982
77	0.0551	0.1244	0.0414	0.0984
78	0.0541	0.1248	0.0415	0.0987
79	0.0514	0.1246	0.0414	0.0987
80	0.0505	0.1249	0.0415	0.0989
81	0.0500	0.1253	0.0416	0.0990
82	0.0490	0.1251	0.0416	0.0989
83	0.0471	0.1255	0.0417	0.0993
84	0.0462	0.1254	0.0417	0.0994
85	0.0448	0.1258	0.0418	0.0997
86	0.0445	0.1257	0.0417	0.0994
87	0.0436	0.1258	0.0417	0.0996
88	0.0419	0.1257	0.0417	0.0996
89	0.0417	0.1260	0.0417	0.0999
90	0.0402	0.1262	0.0418	0.0999
91	0.0401	0.1269	0.0419	0.1000
92	0.0390	0.1276	0.0420	0.1005
93	0.0377	0.1279	0.0421	0.1006
94	0.0375	0.1281	0.0421	0.1009
95	0.0364	0.1282	0.0420	0.1008
96	0.0357	0.1279	0.0421	0.1009
97	0.0355	0.1283	0.0422	0.1012
98	0.0344	0.1284	0.0422	0.1012
99	0.0333	0.1286	0.0423	0.1012
100	0.0335	0.1288	0.0423	0.1014
101	0.0324	0.1293	0.0424	0.1018
102	0.0317	0.1296	0.0425	0.1019
103	0.0314	0.1298	0.0426	0.1020
104	0.0305	0.1300	0.0427	0.1022
105	0.0301	0.1298	0.0427	0.1022
106	0.0296	0.1304	0.0428	0.1024
107	0.0292	0.1306	0.0429	0.1028
108	0.0290	0.1312	0.0431	0.1031
109	0.0277	0.1312	0.0431	0.1033
110	0.0278	0.1309	0.0430	0.1034
111	0.0275	0.1313	0.0431	0.1035
112	0.0272	0.1313	0.0431	0.1036
113	0.0268	0.1315	0.0432	0.1037
114	0.0254	0.1315	0.0432	0.1039
115	0.0260	0.1318	0.0432	0.1039
116	0.0249	0.1318	0.0431	0.1040
117	0.0254	0.1313	0.0431	0.1038
118	0.0239	0.1314	0.0430	0.1038
119	0.0247	0.1319	0.0432	0.1041
120	0.0243	0.1317	0.0432	0.1040
121	0.0240	0.1318	0.0432	0.1042
122	0.0233	0.1323	0.0433	0.1044
123	0.0228	0.1321	0.0433	0.1045
124	0.0222	0.1317	0.0432	0.1042
125	0.0224	0.1321	0.0433	0.1044
126	0.0213	0.1321	0.0432	0.1045
127	0.0208	0.1317	0.0433	0.1044
128	0.0212	0.1318	0.0433	0.1045
129	0.0208	0.1316	0.0432	0.1045
130	0.0207	0.1315	0.0431	0.1044
131	0.0209	0.1319	0.0433	0.1046
132	0.0200	0.1320	0.0433	0.1046
133	0.0196	0.1318	0.0433	0.1046
134	0.0196	0.1318	0.0433	0.1047
135	0.0192	0.1321	0.0434	0.1048
136	0.0189	0.1321	0.0434	0.1050
137	0.0189	0.1320	0.0434	0.1051
138	0.0180	0.1321	0.0434	0.1050
139	0.0177	0.1323	0.0435	0.1052
140	0.0181	0.1320	0.0433	0.1051
141	0.0183	0.1318	0.0432	0.1050
142	0.0173	0.1319	0.0432	0.1051
143	0.0172	0.1324	0.0434	0.1054
144	0.0173	0.1328	0.0435	0.1057
145	0.0172	0.1331	0.0436	0.1059
146	0.0168	0.1331	0.0436	0.1057
147	0.0168	0.1335	0.0437	0.1059
148	0.0166	0.1337	0.0438	0.1060
149	0.0164	0.1337	0.0437	0.1060
150	0.0163	0.1338	0.0438	0.1060
