{"n_layers": 1, "device": "cuda", "batch_size": 2048, "embedding_dim": 512, "learning_rate": 0.001, "dataset": "dbbook", "epochs": 150, "model": "ef-mmlgcn", "fusion": "max", "top_k": [5, 10, 20, 50], "seed": 19, "multimodal": false}
Epoch	Loss	Precision@5	Recall@5	NDCG@5	Precision@10	Recall@10	NDCG@10	Precision@20	Recall@20	NDCG@20	Precision@50	Recall@50	NDCG@50
1	0.6889	0.0294	0.0203	0.0317	0.0236	0.0336	0.0325	0.0182	0.0519	0.0399	0.0124	0.0878	0.0532
2	0.6763	0.0357	0.0272	0.0372	0.0333	0.0493	0.0433	0.0278	0.0811	0.0566	0.0211	0.152	0.0827
3	0.6426	0.0344	0.0266	0.035	0.032	0.0486	0.0412	0.0272	0.079	0.0543	0.0216	0.1531	0.0818
4	0.5744	0.0327	0.0247	0.0331	0.0295	0.0433	0.0379	0.0265	0.0762	0.052	0.021	0.1474	0.0785
5	0.4800	0.0327	0.0243	0.0329	0.0287	0.0417	0.0368	0.0262	0.0752	0.0512	0.0207	0.1445	0.0771
6	0.3897	0.0333	0.0244	0.0333	0.0291	0.042	0.0371	0.0267	0.0757	0.0518	0.0208	0.1454	0.0776
7	0.3183	0.0344	0.0253	0.0345	0.0298	0.0432	0.0384	0.0271	0.0767	0.0529	0.0212	0.1479	0.0793
8	0.2686	0.0363	0.0269	0.0364	0.031	0.0448	0.0399	0.0275	0.0781	0.0543	0.0216	0.1504	0.0812
9	0.2300	0.0382	0.0282	0.0383	0.0324	0.0473	0.042	0.0283	0.0804	0.0563	0.022	0.1543	0.0837
10	0.2011	0.0386	0.0288	0.0392	0.0338	0.0494	0.0439	0.0292	0.0839	0.0586	0.0225	0.1582	0.0862
11	0.1719	0.0391	0.0298	0.0398	0.0346	0.0507	0.0449	0.0299	0.0868	0.0602	0.0232	0.1644	0.089
12	0.1521	0.04	0.0307	0.0414	0.0358	0.0536	0.0472	0.0307	0.0886	0.0623	0.0237	0.1679	0.0916
13	0.1361	0.042	0.0323	0.0435	0.0369	0.055	0.0489	0.0314	0.0915	0.0644	0.0242	0.1723	0.0942
14	0.1195	0.0438	0.0337	0.0458	0.0382	0.0573	0.0511	0.0324	0.095	0.0671	0.0247	0.1765	0.0972
15	0.1074	0.045	0.0346	0.0476	0.0384	0.0578	0.0523	0.0328	0.0961	0.0686	0.0251	0.1803	0.0995
16	0.0968	0.0457	0.0354	0.0488	0.0388	0.0582	0.0533	0.0333	0.0982	0.0702	0.0254	0.1834	0.1015
17	0.0894	0.0456	0.0358	0.0493	0.0395	0.0594	0.0543	0.034	0.1005	0.0716	0.0258	0.186	0.1031
18	0.0812	0.0465	0.0365	0.0504	0.0408	0.0615	0.0559	0.0345	0.102	0.073	0.0261	0.1894	0.105
19	0.0743	0.0477	0.0376	0.0519	0.0414	0.0629	0.0572	0.0351	0.1038	0.0745	0.0264	0.1918	0.1067
20	0.0680	0.0488	0.0384	0.0531	0.0422	0.0641	0.0585	0.0356	0.1052	0.0759	0.0267	0.1942	0.1083
21	0.0637	0.0497	0.039	0.0541	0.0428	0.0651	0.0594	0.0359	0.1061	0.0768	0.0268	0.1954	0.1094
22	0.0588	0.0495	0.0387	0.0544	0.0432	0.0655	0.0602	0.0363	0.1073	0.0779	0.0269	0.1972	0.1106
23	0.0524	0.0501	0.0394	0.0551	0.0432	0.0658	0.0605	0.0364	0.1077	0.0783	0.0271	0.1984	0.1112
24	0.0510	0.05	0.0393	0.0557	0.0435	0.0663	0.0613	0.0364	0.1082	0.079	0.0272	0.2003	0.1125
25	0.0467	0.0505	0.0397	0.0562	0.0443	0.0679	0.0623	0.0367	0.1094	0.0797	0.0273	0.2015	0.1132
26	0.0445	0.0516	0.0405	0.0574	0.0451	0.0691	0.0634	0.037	0.1106	0.0808	0.0274	0.2019	0.1141
27	0.0418	0.0518	0.0406	0.0577	0.0456	0.0692	0.0639	0.0373	0.1114	0.0815	0.0275	0.203	0.1148
28	0.0405	0.0526	0.0411	0.0589	0.0458	0.0697	0.0649	0.0375	0.1122	0.0825	0.0275	0.2034	0.1156
29	0.0370	0.0532	0.0417	0.0599	0.0467	0.0708	0.066	0.038	0.1136	0.0837	0.0276	0.2049	0.1167
30	0.0363	0.0538	0.0423	0.0603	0.0471	0.0717	0.0665	0.0382	0.1145	0.0842	0.0276	0.2052	0.117
31	0.0359	0.0545	0.0429	0.0613	0.0474	0.0727	0.0674	0.0383	0.1148	0.0848	0.0277	0.206	0.1178
32	0.0313	0.055	0.0432	0.0619	0.0478	0.0737	0.0682	0.0386	0.116	0.0856	0.0277	0.2067	0.1184
33	0.0307	0.0553	0.0438	0.0625	0.0479	0.0739	0.0684	0.0387	0.1168	0.0861	0.0278	0.2075	0.1189
34	0.0285	0.0554	0.0439	0.0627	0.048	0.0742	0.0688	0.0387	0.117	0.0863	0.0277	0.2072	0.1189
35	0.0279	0.0559	0.0445	0.0631	0.0477	0.0739	0.0685	0.0385	0.1168	0.0862	0.0277	0.2072	0.1189
36	0.0261	0.0563	0.0448	0.0637	0.0479	0.0743	0.0692	0.0386	0.1172	0.0868	0.0276	0.2072	0.1193
37	0.0250	0.0564	0.0448	0.0641	0.0478	0.074	0.0694	0.0387	0.1174	0.0872	0.0276	0.207	0.1195
38	0.0245	0.0571	0.0454	0.0651	0.0482	0.0747	0.0701	0.0387	0.1179	0.0877	0.0276	0.2076	0.1201
39	0.0226	0.0572	0.0456	0.0654	0.0484	0.0748	0.0705	0.0386	0.1177	0.0879	0.0275	0.2076	0.1204
40	0.0229	0.0575	0.0457	0.0657	0.0488	0.0754	0.071	0.0387	0.118	0.0882	0.0276	0.2087	0.1208
41	0.0223	0.058	0.0462	0.0663	0.0487	0.0755	0.0712	0.0387	0.1181	0.0885	0.0276	0.2091	0.1212
42	0.0215	0.0586	0.0467	0.0668	0.0489	0.0758	0.0715	0.0388	0.1188	0.0888	0.0276	0.2085	0.1212
43	0.0203	0.0583	0.0465	0.0667	0.0488	0.0758	0.0715	0.0389	0.1195	0.0892	0.0276	0.2092	0.1215
44	0.0202	0.058	0.0463	0.0668	0.0491	0.0766	0.0722	0.039	0.1199	0.0896	0.0276	0.2094	0.1218
45	0.0197	0.0581	0.0464	0.0668	0.0493	0.0768	0.0722	0.0389	0.1198	0.0896	0.0275	0.2087	0.1215
46	0.0185	0.0578	0.0463	0.0666	0.0492	0.0769	0.0722	0.0389	0.1196	0.0895	0.0274	0.2081	0.1213
47	0.0178	0.0582	0.0466	0.067	0.0494	0.0772	0.0724	0.0391	0.1203	0.0899	0.0274	0.2081	0.1215
48	0.0176	0.0579	0.0464	0.0668	0.0491	0.0766	0.0722	0.0391	0.1204	0.09	0.0274	0.2082	0.1215
49	0.0163	0.0579	0.0462	0.0668	0.0493	0.0769	0.0724	0.039	0.1204	0.09	0.0274	0.2077	0.1215
50	0.0160	0.0577	0.0461	0.0668	0.0496	0.0775	0.0728	0.0393	0.121	0.0905	0.0273	0.2083	0.1217
51	0.0164	0.0582	0.0465	0.0674	0.0498	0.0779	0.0733	0.0395	0.1219	0.091	0.0273	0.2079	0.122
52	0.0158	0.0586	0.0467	0.0679	0.05	0.0783	0.0737	0.0394	0.1221	0.0914	0.0273	0.2083	0.1224
53	0.0150	0.059	0.0469	0.0684	0.0501	0.0783	0.0739	0.0394	0.1219	0.0915	0.0272	0.2077	0.1223
54	0.0147	0.0595	0.0472	0.0688	0.0501	0.0786	0.0741	0.0393	0.1218	0.0915	0.0272	0.2078	0.1224
55	0.0150	0.0598	0.0476	0.069	0.0502	0.0789	0.0742	0.0393	0.1219	0.0916	0.0272	0.2076	0.1224
56	0.0139	0.0599	0.0479	0.0693	0.0502	0.0788	0.0744	0.0393	0.1218	0.0917	0.0272	0.208	0.1226
57	0.0137	0.0597	0.0479	0.0693	0.0497	0.0779	0.074	0.0392	0.1213	0.0916	0.0272	0.2084	0.1227
58	0.0137	0.0599	0.0481	0.0693	0.05	0.0784	0.0741	0.0393	0.1215	0.0915	0.0272	0.2081	0.1225
59	0.0135	0.06	0.0481	0.0694	0.0501	0.0786	0.0743	0.0392	0.1216	0.0916	0.0272	0.2087	0.1227
60	0.0130	0.0606	0.0489	0.0702	0.0499	0.0782	0.0744	0.0392	0.1217	0.0919	0.0271	0.2075	0.1226
61	0.0130	0.0609	0.049	0.0704	0.0498	0.0782	0.0744	0.0391	0.1215	0.0919	0.0271	0.208	0.1228
62	0.0127	0.0611	0.0492	0.0709	0.0503	0.079	0.0752	0.0392	0.1218	0.0924	0.0271	0.2084	0.1233
63	0.0125	0.0605	0.0491	0.0707	0.0509	0.08	0.0757	0.0392	0.1225	0.0927	0.027	0.2079	0.1233
64	0.0122	0.0607	0.0491	0.0709	0.051	0.0801	0.076	0.0395	0.1235	0.0932	0.0271	0.2085	0.1236
65	0.0118	0.0609	0.0492	0.0712	0.0509	0.0803	0.0761	0.0393	0.1228	0.0931	0.0271	0.2082	0.1237
66	0.0120	0.0612	0.0493	0.0712	0.0507	0.0802	0.0759	0.0393	0.1224	0.0929	0.027	0.208	0.1235
67	0.0119	0.0611	0.0492	0.0713	0.0509	0.0807	0.0762	0.0391	0.1217	0.0927	0.0269	0.2079	0.1234
68	0.0117	0.0607	0.0489	0.071	0.0509	0.0807	0.0762	0.0392	0.1223	0.0929	0.0269	0.2076	0.1233
69	0.0117	0.0612	0.0492	0.0717	0.0511	0.081	0.0767	0.0394	0.1229	0.0934	0.0269	0.2079	0.1237
70	0.0104	0.0611	0.0493	0.0718	0.0512	0.0811	0.0769	0.0393	0.1227	0.0935	0.0268	0.2073	0.1236
71	0.0109	0.0612	0.0494	0.0719	0.051	0.081	0.0767	0.0392	0.1224	0.0933	0.0268	0.2072	0.1235
72	0.0103	0.0612	0.0495	0.0718	0.051	0.0807	0.0766	0.0391	0.122	0.0931	0.0268	0.207	0.1234
73	0.0111	0.0612	0.0496	0.072	0.0508	0.0806	0.0766	0.0392	0.1225	0.0934	0.0267	0.2073	0.1235
74	0.0106	0.0612	0.0496	0.0722	0.0507	0.0804	0.0767	0.0392	0.1229	0.0936	0.0267	0.2072	0.1236
75	0.0107	0.0609	0.0494	0.072	0.0507	0.0803	0.0766	0.0393	0.1232	0.0937	0.0267	0.2071	0.1236
76	0.0098	0.0609	0.0494	0.0719	0.0508	0.0805	0.0766	0.0393	0.1231	0.0936	0.0266	0.2071	0.1234
77	0.0102	0.0601	0.0489	0.0709	0.0504	0.0798	0.0759	0.0393	0.1226	0.0931	0.0266	0.2067	0.1229
78	0.0097	0.0601	0.0489	0.0709	0.0505	0.0799	0.076	0.0394	0.1234	0.0935	0.0265	0.2066	0.1229
79	0.0097	0.06	0.0488	0.0709	0.0505	0.08	0.0761	0.0393	0.1227	0.0933	0.0266	0.2072	0.1231
80	0.0095	0.0598	0.0486	0.0708	0.0504	0.0801	0.0761	0.0393	0.1229	0.0934	0.0265	0.2065	0.1229
81	0.0090	0.0602	0.049	0.0711	0.0504	0.0802	0.0762	0.0393	0.1229	0.0934	0.0264	0.2061	0.1228
82	0.0089	0.0601	0.0487	0.0712	0.0501	0.0798	0.0761	0.0393	0.123	0.0936	0.0264	0.2059	0.1229
83	0.0097	0.0603	0.0489	0.0711	0.0498	0.0789	0.0755	0.0391	0.1226	0.0931	0.0264	0.206	0.1226
84	0.0092	0.0597	0.0485	0.0707	0.0499	0.0791	0.0756	0.039	0.1221	0.0929	0.0263	0.2049	0.1222
85	0.0088	0.0599	0.0486	0.0709	0.0502	0.0797	0.0759	0.0389	0.1218	0.0929	0.0263	0.205	0.1223
86	0.0081	0.0602	0.0488	0.0713	0.0501	0.0795	0.076	0.0389	0.1218	0.0931	0.0263	0.2052	0.1226
87	0.0093	0.0604	0.0491	0.0715	0.0505	0.0802	0.0764	0.0392	0.1228	0.0935	0.0263	0.2051	0.1226
88	0.0093	0.0607	0.049	0.0717	0.0506	0.0805	0.0766	0.039	0.1228	0.0935	0.0262	0.2048	0.1226
89	0.0087	0.0607	0.0491	0.0718	0.0506	0.0807	0.0767	0.039	0.1226	0.0935	0.0263	0.2054	0.1228
90	0.0089	0.0605	0.049	0.0714	0.0505	0.0808	0.0765	0.0391	0.1229	0.0934	0.0263	0.2051	0.1225
91	0.0086	0.0608	0.0497	0.0719	0.0505	0.0806	0.0765	0.0392	0.1231	0.0936	0.0262	0.205	0.1226
92	0.0083	0.0608	0.0499	0.0718	0.0506	0.0809	0.0766	0.0391	0.1232	0.0936	0.0262	0.2053	0.1226
93	0.0088	0.0607	0.0495	0.0716	0.0504	0.0806	0.0764	0.0392	0.1236	0.0936	0.0262	0.2051	0.1225
94	0.0081	0.0608	0.0497	0.0717	0.0502	0.08	0.0761	0.0389	0.1229	0.0933	0.0262	0.2052	0.1224
95	0.0081	0.0606	0.0495	0.0716	0.0502	0.0802	0.0762	0.0388	0.1224	0.0931	0.0262	0.2057	0.1225
96	0.0077	0.0603	0.0494	0.0715	0.0503	0.08	0.0763	0.0388	0.1225	0.0932	0.0261	0.2048	0.1223
97	0.0083	0.0603	0.0495	0.0714	0.05	0.0798	0.076	0.0387	0.1222	0.0929	0.0262	0.2045	0.1221
98	0.0079	0.06	0.0489	0.071	0.0499	0.08	0.0759	0.0387	0.122	0.0927	0.0261	0.2041	0.1218
99	0.0082	0.0597	0.0488	0.0708	0.0498	0.0797	0.0757	0.0387	0.1221	0.0926	0.0261	0.2035	0.1215
100	0.0077	0.0597	0.0487	0.0706	0.0496	0.079	0.0752	0.0386	0.1219	0.0923	0.026	0.2032	0.1211
101	0.0075	0.0596	0.0488	0.0704	0.0496	0.0791	0.0752	0.0384	0.1215	0.092	0.026	0.203	0.121
102	0.0078	0.0596	0.0491	0.0704	0.0494	0.0787	0.0749	0.0383	0.1211	0.0918	0.0259	0.203	0.1208
103	0.0084	0.0597	0.0492	0.0706	0.0492	0.0786	0.0749	0.0383	0.1212	0.0919	0.0259	0.203	0.1209
104	0.0078	0.0595	0.049	0.0703	0.0492	0.0784	0.0747	0.0383	0.1211	0.0918	0.0259	0.2031	0.1208
105	0.0078	0.06	0.0492	0.0706	0.0491	0.0785	0.0748	0.0382	0.1209	0.0917	0.0258	0.2021	0.1205
106	0.0077	0.0594	0.0487	0.0704	0.0492	0.0787	0.0749	0.0381	0.1206	0.0916	0.0258	0.2023	0.1205
107	0.0080	0.0599	0.049	0.0707	0.0493	0.0788	0.075	0.0382	0.1204	0.0917	0.0257	0.2019	0.1204
108	0.0075	0.0596	0.0487	0.0708	0.0493	0.0788	0.0752	0.0381	0.1204	0.0919	0.0257	0.2022	0.1207
109	0.0074	0.0598	0.0489	0.0708	0.0494	0.0793	0.0754	0.0382	0.1206	0.0919	0.0256	0.2008	0.1203
110	0.0073	0.0601	0.0492	0.071	0.0494	0.0792	0.0752	0.038	0.1198	0.0916	0.0256	0.2007	0.1202
111	0.0075	0.06	0.0493	0.0708	0.0496	0.0792	0.0752	0.038	0.1199	0.0916	0.0256	0.2002	0.12
112	0.0079	0.06	0.0494	0.0709	0.0494	0.0789	0.0751	0.038	0.1202	0.0917	0.0255	0.1997	0.1199
113	0.0076	0.0602	0.0494	0.0709	0.0495	0.0792	0.0752	0.038	0.1205	0.0917	0.0255	0.1997	0.1198
114	0.0073	0.06	0.0491	0.0707	0.0495	0.0791	0.0751	0.0379	0.1201	0.0914	0.0255	0.2001	0.1198
115	0.0074	0.0598	0.049	0.0707	0.0496	0.0792	0.0752	0.038	0.1205	0.0916	0.0255	0.2001	0.1198
116	0.0068	0.06	0.0489	0.0706	0.0494	0.079	0.0749	0.038	0.1207	0.0915	0.0255	0.2004	0.1197
117	0.0075	0.0601	0.049	0.0706	0.0496	0.0796	0.0752	0.038	0.1207	0.0915	0.0256	0.2006	0.1197
118	0.0075	0.0598	0.049	0.0706	0.0493	0.0793	0.0751	0.0377	0.1198	0.0912	0.0255	0.2002	0.1197
119	0.0068	0.0596	0.0487	0.0705	0.0493	0.0793	0.0751	0.0381	0.1207	0.0916	0.0255	0.2004	0.1198
120	0.0069	0.0594	0.0484	0.0702	0.0493	0.0793	0.075	0.038	0.1204	0.0914	0.0254	0.2	0.1195
121	0.0073	0.0593	0.0483	0.0703	0.0491	0.0788	0.0749	0.0379	0.12	0.0914	0.0254	0.2	0.1197
122	0.0066	0.0592	0.0483	0.0701	0.0491	0.0789	0.0748	0.0377	0.1197	0.0911	0.0254	0.2	0.1194
123	0.0070	0.0591	0.0482	0.0699	0.0491	0.0786	0.0746	0.0377	0.1196	0.0909	0.0253	0.1995	0.1191
124	0.0069	0.0592	0.0483	0.07	0.0494	0.0791	0.0749	0.0377	0.1199	0.091	0.0253	0.1999	0.1192
125	0.0066	0.0591	0.0484	0.0701	0.0491	0.0789	0.0748	0.0377	0.1196	0.091	0.0253	0.2001	0.1193
126	0.0073	0.0591	0.0485	0.0701	0.049	0.0793	0.0749	0.0376	0.1192	0.0908	0.0253	0.1992	0.1191
127	0.0072	0.0589	0.0481	0.0699	0.0491	0.079	0.0748	0.0377	0.1196	0.091	0.0253	0.1993	0.1191
128	0.0069	0.0587	0.0481	0.0697	0.0491	0.0788	0.0746	0.0377	0.1197	0.0908	0.0252	0.1995	0.1189
129	0.0067	0.0584	0.048	0.0695	0.0492	0.0789	0.0746	0.0376	0.1194	0.0907	0.0253	0.1988	0.1187
130	0.0065	0.0586	0.0479	0.0696	0.049	0.0787	0.0746	0.0377	0.1198	0.091	0.0252	0.1988	0.1189
131	0.0071	0.0583	0.0475	0.0692	0.0491	0.0787	0.0744	0.0375	0.1191	0.0904	0.0252	0.1988	0.1185
132	0.0069	0.0584	0.0475	0.0692	0.0489	0.0785	0.0743	0.0374	0.1188	0.0902	0.0252	0.198	0.1182
133	0.0070	0.0584	0.0476	0.0693	0.0487	0.0781	0.0741	0.0374	0.1186	0.0902	0.0252	0.1978	0.1182
134	0.0069	0.0584	0.0477	0.0692	0.0488	0.0782	0.0741	0.0374	0.1187	0.0902	0.0251	0.1972	0.118
135	0.0062	0.0586	0.0477	0.0693	0.049	0.0786	0.0743	0.0374	0.1186	0.0902	0.0252	0.1979	0.1182
136	0.0067	0.0584	0.0477	0.0691	0.0493	0.0789	0.0745	0.0376	0.1193	0.0905	0.0252	0.1985	0.1184
137	0.0068	0.0588	0.0482	0.0695	0.0491	0.0788	0.0745	0.0376	0.1193	0.0905	0.0251	0.1979	0.1183
138	0.0066	0.0585	0.0478	0.0692	0.0491	0.0789	0.0744	0.0376	0.1194	0.0905	0.0251	0.1979	0.1182
139	0.0070	0.0586	0.0479	0.0693	0.0492	0.0791	0.0745	0.0376	0.1194	0.0906	0.0251	0.1973	0.1181
140	0.0064	0.0582	0.0479	0.069	0.0489	0.0786	0.0742	0.0377	0.1197	0.0907	0.0251	0.1979	0.1182
141	0.0068	0.0588	0.0482	0.0691	0.049	0.079	0.0742	0.0376	0.1199	0.0905	0.0252	0.1983	0.1182
142	0.0064	0.0585	0.0479	0.069	0.0493	0.0794	0.0745	0.0377	0.12	0.0906	0.0251	0.1982	0.1182
143	0.0069	0.0585	0.0478	0.069	0.049	0.079	0.0742	0.0375	0.1197	0.0904	0.0251	0.1978	0.1179
144	0.0065	0.0589	0.0482	0.0692	0.0488	0.0786	0.0739	0.0375	0.1195	0.0902	0.025	0.1979	0.1178
145	0.0068	0.059	0.0482	0.0691	0.0488	0.0786	0.0739	0.0374	0.1193	0.09	0.025	0.1979	0.1177
146	0.0066	0.0589	0.0481	0.0692	0.0488	0.0786	0.0741	0.0374	0.1193	0.0902	0.025	0.1971	0.1176
147	0.0062	0.059	0.0482	0.0693	0.0488	0.0783	0.0739	0.0375	0.1193	0.0903	0.0249	0.1964	0.1174
148	0.0064	0.0589	0.0481	0.0692	0.0488	0.0782	0.0738	0.0374	0.119	0.0901	0.0249	0.1962	0.1173
149	0.0066	0.0591	0.0482	0.0693	0.0487	0.0782	0.0738	0.0373	0.1188	0.09	0.0249	0.1956	0.1171
150	0.0068	0.0582	0.0473	0.0688	0.0486	0.078	0.0738	0.0373	0.1187	0.0901	0.0249	0.1956	0.1173
