{"n_layers": 0, "device": "cuda", "batch_size": 2048, "embedding_dim": 1024, "learning_rate": 0.001, "dataset": "dbbook", "epochs": 150, "top_k": 50, "multimodal": true, "datasets": {"dbbook": ["images", "text"], "ml1m": ["audio", "images", "text", "video"]}}
Epoch	Loss	Recall	Precision	NDCG
1	0.6923	0.0279	0.0035	0.0153
2	0.6722	0.0457	0.0058	0.0301
3	0.6528	0.0660	0.0086	0.0453
4	0.6293	0.0889	0.0117	0.0619
5	0.6000	0.1113	0.0149	0.0764
6	0.5638	0.1324	0.0178	0.0881
7	0.5205	0.1471	0.0199	0.0955
8	0.4724	0.1585	0.0215	0.1010
9	0.4212	0.1665	0.0226	0.1050
10	0.3722	0.1724	0.0234	0.1084
11	0.3263	0.1772	0.0242	0.1108
12	0.2860	0.1805	0.0246	0.1125
13	0.2503	0.1842	0.0251	0.1142
14	0.2193	0.1859	0.0254	0.1155
15	0.1934	0.1876	0.0256	0.1168
16	0.1713	0.1900	0.0259	0.1181
17	0.1528	0.1919	0.0261	0.1192
18	0.1360	0.1931	0.0263	0.1202
19	0.1231	0.1943	0.0264	0.1209
20	0.1113	0.1957	0.0266	0.1217
21	0.1014	0.1974	0.0268	0.1227
22	0.0913	0.1981	0.0269	0.1230
23	0.0836	0.1988	0.0269	0.1236
24	0.0764	0.2001	0.0271	0.1245
25	0.0710	0.2009	0.0272	0.1251
26	0.0656	0.2022	0.0273	0.1256
27	0.0612	0.2029	0.0274	0.1262
28	0.0560	0.2037	0.0275	0.1268
29	0.0524	0.2055	0.0277	0.1278
30	0.0492	0.2068	0.0279	0.1286
31	0.0453	0.2076	0.0280	0.1291
32	0.0422	0.2079	0.0280	0.1294
33	0.0404	0.2088	0.0281	0.1301
34	0.0385	0.2091	0.0282	0.1303
35	0.0360	0.2096	0.0283	0.1306
36	0.0338	0.2113	0.0284	0.1315
37	0.0328	0.2115	0.0285	0.1318
38	0.0306	0.2120	0.0285	0.1324
39	0.0294	0.2129	0.0286	0.1326
40	0.0281	0.2132	0.0286	0.1332
41	0.0271	0.2135	0.0287	0.1333
42	0.0259	0.2143	0.0288	0.1339
43	0.0250	0.2149	0.0289	0.1342
44	0.0240	0.2142	0.0288	0.1343
45	0.0225	0.2149	0.0289	0.1348
46	0.0214	0.2156	0.0290	0.1351
47	0.0213	0.2163	0.0291	0.1354
48	0.0213	0.2163	0.0291	0.1356
49	0.0202	0.2162	0.0291	0.1354
50	0.0191	0.2162	0.0290	0.1354
51	0.0187	0.2165	0.0291	0.1355
52	0.0188	0.2167	0.0291	0.1357
53	0.0174	0.2176	0.0291	0.1360
54	0.0173	0.2177	0.0291	0.1361
55	0.0171	0.2172	0.0291	0.1359
56	0.0163	0.2177	0.0291	0.1361
57	0.0159	0.2177	0.0291	0.1366
58	0.0154	0.2180	0.0292	0.1369
59	0.0154	0.2183	0.0292	0.1370
60	0.0147	0.2185	0.0292	0.1371
61	0.0145	0.2184	0.0292	0.1369
62	0.0143	0.2182	0.0291	0.1371
63	0.0136	0.2188	0.0292	0.1373
64	0.0137	0.2184	0.0291	0.1367
65	0.0132	0.2194	0.0292	0.1368
66	0.0132	0.2197	0.0293	0.1371
67	0.0131	0.2194	0.0293	0.1372
68	0.0130	0.2198	0.0293	0.1376
69	0.0124	0.2198	0.0293	0.1377
70	0.0126	0.2199	0.0293	0.1378
71	0.0115	0.2200	0.0293	0.1383
72	0.0118	0.2204	0.0293	0.1384
73	0.0115	0.2204	0.0293	0.1386
74	0.0113	0.2208	0.0293	0.1386
75	0.0114	0.2209	0.0293	0.1387
76	0.0114	0.2210	0.0293	0.1385
77	0.0112	0.2212	0.0293	0.1386
78	0.0109	0.2212	0.0293	0.1386
79	0.0108	0.2211	0.0293	0.1387
80	0.0104	0.2202	0.0292	0.1382
81	0.0103	0.2206	0.0292	0.1383
82	0.0100	0.2199	0.0291	0.1381
83	0.0104	0.2197	0.0291	0.1382
84	0.0102	0.2202	0.0291	0.1385
85	0.0099	0.2203	0.0291	0.1387
86	0.0095	0.2201	0.0291	0.1389
87	0.0100	0.2203	0.0291	0.1392
88	0.0097	0.2203	0.0291	0.1391
89	0.0096	0.2206	0.0292	0.1392
90	0.0099	0.2211	0.0293	0.1393
91	0.0094	0.2212	0.0293	0.1394
92	0.0091	0.2212	0.0293	0.1395
93	0.0091	0.2215	0.0293	0.1396
94	0.0097	0.2210	0.0292	0.1394
95	0.0088	0.2208	0.0292	0.1393
96	0.0091	0.2209	0.0292	0.1392
97	0.0090	0.2213	0.0292	0.1394
98	0.0090	0.2218	0.0292	0.1394
99	0.0088	0.2218	0.0293	0.1395
100	0.0086	0.2217	0.0293	0.1394
101	0.0089	0.2219	0.0293	0.1394
102	0.0089	0.2224	0.0294	0.1394
103	0.0086	0.2222	0.0294	0.1395
104	0.0085	0.2221	0.0293	0.1395
105	0.0083	0.2223	0.0294	0.1396
106	0.0083	0.2222	0.0293	0.1398
107	0.0086	0.2219	0.0293	0.1396
108	0.0083	0.2214	0.0293	0.1394
109	0.0092	0.2214	0.0293	0.1399
110	0.0084	0.2217	0.0293	0.1401
111	0.0081	0.2221	0.0293	0.1401
112	0.0087	0.2221	0.0293	0.1403
113	0.0085	0.2217	0.0293	0.1404
114	0.0082	0.2216	0.0293	0.1406
115	0.0081	0.2217	0.0293	0.1407
116	0.0083	0.2213	0.0293	0.1408
117	0.0076	0.2216	0.0293	0.1407
118	0.0078	0.2220	0.0293	0.1409
119	0.0081	0.2222	0.0294	0.1412
120	0.0081	0.2221	0.0293	0.1410
121	0.0084	0.2217	0.0293	0.1408
122	0.0079	0.2219	0.0293	0.1410
123	0.0077	0.2220	0.0293	0.1415
124	0.0079	0.2224	0.0294	0.1414
125	0.0077	0.2222	0.0294	0.1411
126	0.0076	0.2223	0.0293	0.1409
127	0.0078	0.2230	0.0294	0.1411
128	0.0080	0.2227	0.0294	0.1408
129	0.0080	0.2227	0.0294	0.1409
130	0.0078	0.2224	0.0293	0.1407
131	0.0077	0.2222	0.0293	0.1403
132	0.0073	0.2226	0.0294	0.1405
133	0.0075	0.2227	0.0294	0.1407
134	0.0072	0.2229	0.0294	0.1409
135	0.0075	0.2229	0.0294	0.1410
136	0.0073	0.2229	0.0294	0.1409
137	0.0077	0.2223	0.0294	0.1409
138	0.0073	0.2221	0.0294	0.1409
139	0.0074	0.2221	0.0293	0.1411
140	0.0075	0.2218	0.0293	0.1410
141	0.0075	0.2222	0.0294	0.1413
142	0.0078	0.2222	0.0294	0.1412
143	0.0076	0.2224	0.0294	0.1413
144	0.0072	0.2213	0.0292	0.1409
145	0.0073	0.2224	0.0293	0.1414
146	0.0075	0.2229	0.0294	0.1418
147	0.0072	0.2231	0.0294	0.1418
148	0.0074	0.2232	0.0295	0.1420
149	0.0072	0.2230	0.0294	0.1420
150	0.0071	0.2232	0.0294	0.1420
