{"n_layers": 2, "device": "cuda", "batch_size": 2048, "embedding_dim": 64, "learning_rate": 0.001, "dataset": "dbbook", "epochs": 150, "top_k": 20, "multimodal": false, "datasets": {"dbbook": ["images", "text"], "ml1m": ["audio", "images", "text", "video"]}}
Epoch	Loss	Recall	Precision	NDCG
1	0.6927	0.0498	0.0179	0.0352
2	0.6903	0.0640	0.0232	0.0417
3	0.6810	0.0604	0.0224	0.0393
4	0.6582	0.0602	0.0224	0.0390
5	0.6194	0.0592	0.0222	0.0386
6	0.5695	0.0597	0.0223	0.0386
7	0.5184	0.0597	0.0224	0.0386
8	0.4721	0.0597	0.0222	0.0384
9	0.4346	0.0590	0.0220	0.0381
10	0.4045	0.0590	0.0219	0.0382
11	0.3818	0.0592	0.0221	0.0386
12	0.3626	0.0586	0.0219	0.0386
13	0.3498	0.0590	0.0221	0.0390
14	0.3352	0.0597	0.0223	0.0396
15	0.3263	0.0603	0.0224	0.0401
16	0.3160	0.0607	0.0226	0.0406
17	0.3082	0.0609	0.0227	0.0411
18	0.2982	0.0620	0.0230	0.0417
19	0.2926	0.0626	0.0232	0.0421
20	0.2855	0.0632	0.0234	0.0424
21	0.2787	0.0644	0.0238	0.0432
22	0.2722	0.0656	0.0242	0.0441
23	0.2631	0.0666	0.0246	0.0449
24	0.2569	0.0668	0.0246	0.0452
25	0.2511	0.0681	0.0249	0.0461
26	0.2463	0.0685	0.0251	0.0468
27	0.2403	0.0693	0.0253	0.0475
28	0.2317	0.0702	0.0256	0.0483
29	0.2300	0.0715	0.0259	0.0489
30	0.2264	0.0720	0.0261	0.0492
31	0.2182	0.0733	0.0265	0.0501
32	0.2144	0.0740	0.0267	0.0509
33	0.2055	0.0749	0.0270	0.0517
34	0.2028	0.0758	0.0273	0.0524
35	0.1997	0.0774	0.0278	0.0533
36	0.1939	0.0778	0.0280	0.0535
37	0.1871	0.0781	0.0280	0.0539
38	0.1874	0.0791	0.0284	0.0545
39	0.1851	0.0798	0.0284	0.0548
40	0.1755	0.0799	0.0285	0.0549
41	0.1729	0.0803	0.0287	0.0553
42	0.1693	0.0811	0.0288	0.0558
43	0.1641	0.0816	0.0291	0.0563
44	0.1646	0.0825	0.0293	0.0568
45	0.1611	0.0827	0.0293	0.0571
46	0.1597	0.0836	0.0295	0.0576
47	0.1546	0.0842	0.0296	0.0581
48	0.1508	0.0847	0.0298	0.0585
49	0.1476	0.0854	0.0300	0.0591
50	0.1421	0.0864	0.0303	0.0598
51	0.1417	0.0869	0.0305	0.0602
52	0.1388	0.0874	0.0306	0.0606
53	0.1365	0.0879	0.0308	0.0608
54	0.1330	0.0882	0.0309	0.0610
55	0.1309	0.0890	0.0311	0.0614
56	0.1322	0.0894	0.0312	0.0618
57	0.1273	0.0905	0.0315	0.0626
58	0.1232	0.0908	0.0317	0.0629
59	0.1181	0.0912	0.0318	0.0632
60	0.1186	0.0916	0.0319	0.0635
61	0.1171	0.0919	0.0321	0.0638
62	0.1157	0.0923	0.0321	0.0643
63	0.1138	0.0934	0.0325	0.0650
64	0.1125	0.0941	0.0327	0.0657
65	0.1082	0.0945	0.0329	0.0662
66	0.1054	0.0948	0.0329	0.0665
67	0.1057	0.0948	0.0330	0.0667
68	0.1050	0.0955	0.0332	0.0672
69	0.1027	0.0962	0.0333	0.0675
70	0.1005	0.0967	0.0334	0.0678
71	0.0984	0.0970	0.0336	0.0681
72	0.0962	0.0970	0.0336	0.0682
73	0.0952	0.0975	0.0337	0.0686
74	0.0926	0.0980	0.0338	0.0690
75	0.0937	0.0986	0.0340	0.0694
76	0.0902	0.0988	0.0341	0.0697
77	0.0874	0.0998	0.0342	0.0701
78	0.0895	0.1005	0.0343	0.0705
79	0.0872	0.1010	0.0344	0.0706
80	0.0846	0.1010	0.0344	0.0709
81	0.0826	0.1015	0.0345	0.0712
82	0.0828	0.1014	0.0345	0.0715
83	0.0820	0.1015	0.0346	0.0718
84	0.0793	0.1015	0.0346	0.0721
85	0.0795	0.1022	0.0347	0.0726
86	0.0788	0.1022	0.0347	0.0727
87	0.0780	0.1025	0.0348	0.0729
88	0.0758	0.1031	0.0350	0.0734
89	0.0736	0.1035	0.0351	0.0739
90	0.0742	0.1036	0.0352	0.0742
91	0.0726	0.1034	0.0352	0.0742
92	0.0713	0.1040	0.0354	0.0745
93	0.0720	0.1040	0.0354	0.0746
94	0.0694	0.1045	0.0355	0.0750
95	0.0688	0.1045	0.0355	0.0751
96	0.0707	0.1049	0.0356	0.0754
97	0.0682	0.1049	0.0355	0.0755
98	0.0658	0.1050	0.0355	0.0755
99	0.0644	0.1047	0.0355	0.0755
100	0.0645	0.1053	0.0356	0.0759
101	0.0639	0.1057	0.0357	0.0761
102	0.0638	0.1060	0.0358	0.0765
103	0.0618	0.1063	0.0358	0.0767
104	0.0596	0.1063	0.0359	0.0768
105	0.0599	0.1059	0.0357	0.0766
106	0.0582	0.1057	0.0357	0.0765
107	0.0600	0.1060	0.0357	0.0766
108	0.0582	0.1062	0.0357	0.0768
109	0.0557	0.1064	0.0358	0.0771
110	0.0558	0.1064	0.0358	0.0772
111	0.0565	0.1067	0.0359	0.0774
112	0.0562	0.1070	0.0359	0.0776
113	0.0535	0.1070	0.0359	0.0779
114	0.0553	0.1080	0.0361	0.0782
115	0.0520	0.1081	0.0361	0.0783
116	0.0517	0.1082	0.0361	0.0784
117	0.0519	0.1081	0.0360	0.0784
118	0.0511	0.1085	0.0362	0.0788
119	0.0496	0.1092	0.0364	0.0792
120	0.0473	0.1094	0.0365	0.0794
121	0.0490	0.1095	0.0364	0.0794
122	0.0502	0.1093	0.0364	0.0794
123	0.0500	0.1096	0.0365	0.0796
124	0.0484	0.1094	0.0365	0.0797
125	0.0467	0.1095	0.0365	0.0798
126	0.0463	0.1101	0.0366	0.0802
127	0.0447	0.1101	0.0366	0.0802
128	0.0446	0.1099	0.0367	0.0803
129	0.0462	0.1104	0.0367	0.0805
130	0.0458	0.1112	0.0368	0.0809
131	0.0446	0.1115	0.0369	0.0811
132	0.0452	0.1114	0.0369	0.0813
133	0.0450	0.1114	0.0369	0.0813
134	0.0427	0.1120	0.0371	0.0818
135	0.0429	0.1123	0.0371	0.0819
136	0.0402	0.1121	0.0371	0.0819
137	0.0408	0.1121	0.0371	0.0819
138	0.0407	0.1120	0.0371	0.0819
139	0.0401	0.1125	0.0372	0.0821
140	0.0412	0.1123	0.0372	0.0821
141	0.0408	0.1130	0.0373	0.0824
142	0.0394	0.1129	0.0373	0.0824
143	0.0414	0.1128	0.0373	0.0823
144	0.0384	0.1127	0.0372	0.0822
145	0.0381	0.1127	0.0371	0.0822
146	0.0385	0.1130	0.0372	0.0822
147	0.0369	0.1132	0.0373	0.0824
148	0.0361	0.1135	0.0374	0.0827
149	0.0359	0.1137	0.0374	0.0827
150	0.0363	0.1138	0.0374	0.0827
