{"n_layers": 1, "device": "cuda", "batch_size": 2048, "embedding_dim": 128, "learning_rate": 0.001, "dataset": "dbbook", "epochs": 150, "top_k": 20, "multimodal": false, "datasets": {"dbbook": ["images", "text"], "ml1m": ["audio", "images", "text", "video"]}}
Epoch	Loss	Recall	Precision	NDCG
1	0.6920	0.0289	0.0103	0.0224
2	0.6888	0.0622	0.0222	0.0438
3	0.6796	0.0693	0.0247	0.0474
4	0.6586	0.0695	0.0248	0.0472
5	0.6211	0.0676	0.0242	0.0459
6	0.5695	0.0671	0.0243	0.0453
7	0.5117	0.0673	0.0244	0.0452
8	0.4566	0.0672	0.0241	0.0452
9	0.4090	0.0672	0.0242	0.0453
10	0.3709	0.0685	0.0246	0.0461
11	0.3390	0.0688	0.0247	0.0463
12	0.3131	0.0697	0.0250	0.0470
13	0.2893	0.0709	0.0254	0.0482
14	0.2689	0.0718	0.0257	0.0490
15	0.2537	0.0728	0.0260	0.0497
16	0.2384	0.0742	0.0263	0.0505
17	0.2245	0.0745	0.0265	0.0510
18	0.2099	0.0761	0.0270	0.0521
19	0.2004	0.0774	0.0273	0.0531
20	0.1866	0.0784	0.0277	0.0538
21	0.1771	0.0795	0.0280	0.0545
22	0.1672	0.0800	0.0281	0.0551
23	0.1614	0.0816	0.0285	0.0558
24	0.1535	0.0829	0.0289	0.0566
25	0.1456	0.0840	0.0292	0.0576
26	0.1385	0.0854	0.0297	0.0584
27	0.1311	0.0861	0.0299	0.0590
28	0.1235	0.0878	0.0303	0.0601
29	0.1191	0.0888	0.0306	0.0609
30	0.1161	0.0901	0.0311	0.0620
31	0.1091	0.0911	0.0314	0.0629
32	0.1068	0.0916	0.0317	0.0636
33	0.1002	0.0916	0.0317	0.0641
34	0.0976	0.0918	0.0318	0.0645
35	0.0946	0.0941	0.0323	0.0657
36	0.0899	0.0955	0.0326	0.0666
37	0.0870	0.0958	0.0327	0.0672
38	0.0831	0.0960	0.0329	0.0676
39	0.0812	0.0969	0.0330	0.0680
40	0.0764	0.0977	0.0332	0.0687
41	0.0774	0.0983	0.0334	0.0692
42	0.0734	0.0986	0.0334	0.0695
43	0.0688	0.0983	0.0334	0.0697
44	0.0696	0.0985	0.0336	0.0701
45	0.0644	0.0993	0.0337	0.0704
46	0.0639	0.0998	0.0340	0.0710
47	0.0606	0.1005	0.0341	0.0716
48	0.0603	0.1012	0.0343	0.0722
49	0.0594	0.1024	0.0345	0.0728
50	0.0568	0.1030	0.0345	0.0733
51	0.0541	0.1022	0.0343	0.0731
52	0.0540	0.1025	0.0344	0.0732
53	0.0517	0.1022	0.0343	0.0734
54	0.0509	0.1030	0.0345	0.0738
55	0.0482	0.1035	0.0347	0.0742
56	0.0480	0.1040	0.0349	0.0747
57	0.0463	0.1039	0.0349	0.0748
58	0.0443	0.1042	0.0350	0.0750
59	0.0445	0.1047	0.0351	0.0754
60	0.0435	0.1046	0.0350	0.0756
61	0.0435	0.1051	0.0351	0.0759
62	0.0415	0.1054	0.0351	0.0761
63	0.0400	0.1058	0.0353	0.0763
64	0.0390	0.1061	0.0354	0.0763
65	0.0380	0.1059	0.0353	0.0762
66	0.0370	0.1058	0.0352	0.0763
67	0.0356	0.1064	0.0354	0.0769
68	0.0355	0.1073	0.0357	0.0773
69	0.0363	0.1074	0.0356	0.0775
70	0.0342	0.1071	0.0356	0.0775
71	0.0333	0.1072	0.0356	0.0777
72	0.0320	0.1074	0.0356	0.0778
73	0.0315	0.1076	0.0355	0.0778
74	0.0327	0.1073	0.0355	0.0778
75	0.0300	0.1075	0.0355	0.0778
76	0.0318	0.1078	0.0356	0.0781
77	0.0291	0.1080	0.0356	0.0783
78	0.0297	0.1082	0.0357	0.0785
79	0.0285	0.1088	0.0358	0.0788
80	0.0295	0.1091	0.0359	0.0791
81	0.0283	0.1090	0.0359	0.0792
82	0.0275	0.1093	0.0359	0.0795
83	0.0279	0.1094	0.0359	0.0795
84	0.0258	0.1093	0.0359	0.0795
85	0.0260	0.1096	0.0359	0.0796
86	0.0261	0.1097	0.0359	0.0796
87	0.0253	0.1096	0.0359	0.0797
88	0.0252	0.1096	0.0359	0.0795
89	0.0247	0.1096	0.0359	0.0795
90	0.0240	0.1096	0.0359	0.0796
91	0.0242	0.1095	0.0359	0.0797
92	0.0227	0.1100	0.0359	0.0799
93	0.0219	0.1093	0.0357	0.0796
94	0.0228	0.1098	0.0359	0.0798
95	0.0231	0.1099	0.0359	0.0800
96	0.0218	0.1101	0.0358	0.0802
97	0.0212	0.1097	0.0357	0.0801
98	0.0215	0.1103	0.0358	0.0803
99	0.0220	0.1106	0.0358	0.0804
100	0.0206	0.1106	0.0357	0.0804
101	0.0211	0.1104	0.0357	0.0806
102	0.0200	0.1108	0.0358	0.0810
103	0.0212	0.1111	0.0359	0.0811
104	0.0199	0.1109	0.0359	0.0811
105	0.0197	0.1111	0.0360	0.0813
106	0.0189	0.1104	0.0359	0.0813
107	0.0184	0.1103	0.0357	0.0813
108	0.0184	0.1101	0.0357	0.0812
109	0.0184	0.1102	0.0357	0.0812
110	0.0191	0.1105	0.0358	0.0812
111	0.0173	0.1108	0.0359	0.0813
112	0.0180	0.1107	0.0358	0.0812
113	0.0174	0.1109	0.0359	0.0815
114	0.0175	0.1109	0.0360	0.0817
115	0.0175	0.1108	0.0358	0.0817
116	0.0172	0.1110	0.0359	0.0818
117	0.0175	0.1108	0.0358	0.0818
118	0.0167	0.1111	0.0359	0.0819
119	0.0166	0.1111	0.0359	0.0819
120	0.0163	0.1112	0.0359	0.0821
121	0.0161	0.1112	0.0359	0.0821
122	0.0155	0.1111	0.0359	0.0820
123	0.0152	0.1103	0.0356	0.0818
124	0.0156	0.1105	0.0357	0.0819
125	0.0149	0.1107	0.0358	0.0821
126	0.0149	0.1108	0.0358	0.0821
127	0.0153	0.1112	0.0359	0.0823
128	0.0151	0.1112	0.0359	0.0824
129	0.0141	0.1112	0.0359	0.0825
130	0.0144	0.1111	0.0359	0.0825
131	0.0148	0.1119	0.0361	0.0827
132	0.0150	0.1115	0.0360	0.0826
133	0.0145	0.1116	0.0359	0.0826
134	0.0133	0.1117	0.0360	0.0827
135	0.0134	0.1122	0.0361	0.0829
136	0.0137	0.1118	0.0360	0.0827
137	0.0133	0.1122	0.0361	0.0829
138	0.0142	0.1119	0.0360	0.0829
139	0.0135	0.1124	0.0361	0.0831
140	0.0140	0.1122	0.0360	0.0831
141	0.0137	0.1118	0.0360	0.0830
142	0.0139	0.1117	0.0360	0.0829
143	0.0128	0.1113	0.0359	0.0829
144	0.0132	0.1117	0.0360	0.0832
145	0.0141	0.1115	0.0359	0.0830
146	0.0129	0.1115	0.0359	0.0832
147	0.0134	0.1117	0.0360	0.0833
148	0.0131	0.1124	0.0361	0.0835
149	0.0123	0.1121	0.0360	0.0833
150	0.0118	0.1119	0.0360	0.0832
