{"n_layers": 1, "device": "cuda", "batch_size": 2048, "embedding_dim": 2048, "learning_rate": 0.001, "dataset": "dbbook", "epochs": 150, "model": "ef-mmlgcn", "fusion": "mean", "top_k": [5, 10, 20, 50], "seed": 19, "multimodal": true}
Epoch	Loss	Precision@5	Recall@5	NDCG@5	Precision@10	Recall@10	NDCG@10	Precision@20	Recall@20	NDCG@20	Precision@50	Recall@50	NDCG@50
1	0.6822	0.0283	0.0227	0.0353	0.0205	0.0323	0.0343	0.0145	0.0459	0.0394	0.0094	0.0738	0.0493
2	0.6408	0.0497	0.038	0.0596	0.0368	0.0552	0.058	0.0262	0.0783	0.0668	0.016	0.1199	0.0817
3	0.5865	0.0551	0.0415	0.0645	0.0427	0.0634	0.0647	0.0317	0.0934	0.0766	0.0201	0.1465	0.0961
4	0.5142	0.0539	0.0408	0.0618	0.0445	0.0653	0.0645	0.0336	0.0982	0.0777	0.0227	0.1652	0.1021
5	0.4285	0.053	0.0399	0.0589	0.043	0.0632	0.0613	0.0337	0.0973	0.0753	0.0238	0.1723	0.1027
6	0.3471	0.0506	0.0383	0.056	0.0416	0.0613	0.0589	0.0339	0.0977	0.0741	0.0245	0.1771	0.103
7	0.2788	0.049	0.0373	0.054	0.0411	0.0602	0.0573	0.0337	0.0974	0.0728	0.025	0.1795	0.1028
8	0.2270	0.049	0.0375	0.0537	0.0411	0.0605	0.0571	0.034	0.0984	0.0729	0.0253	0.182	0.1034
9	0.1878	0.0499	0.0382	0.0541	0.0416	0.0613	0.0575	0.0343	0.0991	0.0733	0.0256	0.1839	0.1043
10	0.1577	0.051	0.0394	0.0552	0.0425	0.0628	0.0587	0.0347	0.1008	0.0745	0.0259	0.1866	0.1058
11	0.1333	0.0518	0.0401	0.0559	0.0432	0.0635	0.0595	0.0352	0.1017	0.0755	0.0262	0.1893	0.1073
12	0.1164	0.0518	0.0399	0.0562	0.0438	0.0646	0.0604	0.0355	0.1028	0.0763	0.0265	0.1913	0.1085
13	0.1020	0.0531	0.0411	0.0578	0.0441	0.0651	0.0613	0.036	0.1042	0.0777	0.0267	0.1933	0.1101
14	0.0894	0.0542	0.0418	0.0589	0.0449	0.0661	0.0625	0.0368	0.107	0.0795	0.027	0.1952	0.1117
15	0.0796	0.0545	0.0424	0.0596	0.0459	0.0679	0.0638	0.0371	0.1086	0.0805	0.0273	0.1976	0.1131
16	0.0707	0.0548	0.0425	0.0602	0.0462	0.0688	0.0646	0.0373	0.1097	0.0814	0.0274	0.1996	0.1142
17	0.0652	0.0559	0.0433	0.0617	0.0469	0.0696	0.0659	0.0378	0.1117	0.0831	0.0277	0.2018	0.116
18	0.0601	0.0574	0.0443	0.0633	0.0478	0.0716	0.0675	0.0385	0.1143	0.085	0.0279	0.2035	0.1175
19	0.0538	0.0575	0.0442	0.0635	0.0482	0.0722	0.0681	0.0388	0.1149	0.0856	0.0281	0.2054	0.1186
20	0.0503	0.059	0.045	0.0648	0.0485	0.0728	0.0688	0.0394	0.1168	0.087	0.0283	0.2073	0.1199
21	0.0457	0.0598	0.0458	0.0658	0.0492	0.0742	0.0699	0.0398	0.1182	0.0881	0.0285	0.2082	0.121
22	0.0433	0.0607	0.0467	0.067	0.0499	0.0751	0.0711	0.0402	0.1197	0.0893	0.0286	0.2097	0.1223
23	0.0397	0.0606	0.0475	0.0676	0.05	0.075	0.0715	0.0405	0.1207	0.0902	0.0287	0.2104	0.123
24	0.0376	0.0613	0.0481	0.0686	0.0505	0.0757	0.0724	0.0407	0.1214	0.0911	0.0289	0.2119	0.1242
25	0.0347	0.0619	0.0487	0.0695	0.0507	0.0765	0.0731	0.041	0.1224	0.092	0.029	0.2132	0.1252
26	0.0321	0.063	0.0493	0.0702	0.0514	0.0776	0.0738	0.0413	0.1229	0.0924	0.0292	0.2141	0.1257
27	0.0314	0.0637	0.0497	0.0711	0.0517	0.078	0.0744	0.0413	0.1233	0.093	0.0293	0.2149	0.1265
28	0.0297	0.0639	0.0499	0.0716	0.0515	0.0779	0.0747	0.0416	0.1242	0.0938	0.0293	0.2152	0.1271
29	0.0280	0.0644	0.0505	0.0723	0.052	0.0793	0.0756	0.0416	0.1248	0.0943	0.0293	0.2152	0.1275
30	0.0269	0.0648	0.0509	0.0726	0.0523	0.0796	0.0758	0.0418	0.1254	0.0946	0.0294	0.2165	0.128
31	0.0265	0.0654	0.0512	0.0734	0.0524	0.0799	0.0764	0.0421	0.1265	0.0955	0.0295	0.2178	0.1289
32	0.0250	0.0663	0.0517	0.0746	0.0533	0.0811	0.0778	0.0422	0.127	0.0964	0.0295	0.2183	0.1298
33	0.0242	0.0667	0.0524	0.0751	0.0534	0.0818	0.0781	0.0423	0.1274	0.0968	0.0296	0.2191	0.1302
34	0.0217	0.0672	0.0531	0.0758	0.0534	0.0816	0.0783	0.0425	0.128	0.0973	0.0297	0.2197	0.1307
35	0.0222	0.0676	0.0535	0.076	0.0531	0.0814	0.0782	0.0425	0.1283	0.0974	0.0297	0.2202	0.1309
36	0.0203	0.0678	0.0534	0.0763	0.0534	0.0818	0.0785	0.0429	0.1294	0.098	0.0297	0.2205	0.1311
37	0.0212	0.0675	0.053	0.0761	0.0537	0.0825	0.079	0.0429	0.1298	0.0983	0.0298	0.2211	0.1316
38	0.0196	0.0676	0.0532	0.0761	0.054	0.083	0.0793	0.0428	0.1298	0.0984	0.0297	0.2205	0.1315
39	0.0195	0.0677	0.0534	0.0765	0.0541	0.0834	0.0797	0.0428	0.13	0.0986	0.0297	0.2208	0.1317
40	0.0185	0.0674	0.0532	0.0763	0.0543	0.0837	0.0799	0.0428	0.13	0.0987	0.0297	0.2212	0.1319
41	0.0187	0.0678	0.0535	0.0767	0.0543	0.0841	0.0801	0.0428	0.13	0.0988	0.0297	0.2215	0.1321
42	0.0177	0.0682	0.0536	0.0769	0.0547	0.0849	0.0804	0.0425	0.1296	0.0985	0.0297	0.2214	0.1321
43	0.0172	0.0682	0.0537	0.077	0.0548	0.0854	0.0807	0.0426	0.1296	0.0988	0.0297	0.221	0.1321
44	0.0160	0.0687	0.0543	0.0776	0.0548	0.0854	0.081	0.0428	0.13	0.0992	0.0297	0.2214	0.1325
45	0.0158	0.0691	0.0546	0.0781	0.0549	0.0855	0.0813	0.0427	0.13	0.0994	0.0297	0.2214	0.1328
46	0.0160	0.0692	0.0547	0.0785	0.0547	0.0855	0.0815	0.0427	0.1302	0.0997	0.0297	0.222	0.1332
47	0.0153	0.0689	0.0545	0.0784	0.0548	0.0855	0.0816	0.0429	0.1306	0.1	0.0298	0.2225	0.1334
48	0.0151	0.0689	0.0544	0.0783	0.0551	0.0859	0.0818	0.0428	0.1305	0.1	0.0298	0.2231	0.1336
49	0.0152	0.0687	0.0543	0.0789	0.0556	0.0867	0.0828	0.0429	0.1309	0.1007	0.0298	0.2233	0.1342
50	0.0145	0.0689	0.0545	0.079	0.0555	0.0868	0.0827	0.0429	0.1312	0.1007	0.0297	0.2229	0.1341
51	0.0143	0.069	0.0544	0.0791	0.0554	0.0863	0.0827	0.0427	0.1307	0.1007	0.0298	0.2233	0.1343
52	0.0138	0.0698	0.0551	0.08	0.0557	0.087	0.0833	0.0428	0.1308	0.101	0.0298	0.2233	0.1345
53	0.0139	0.0704	0.0554	0.0809	0.0557	0.0868	0.0837	0.0429	0.1312	0.1016	0.0297	0.2233	0.135
54	0.0133	0.0705	0.0554	0.081	0.0559	0.0869	0.0838	0.043	0.1317	0.1019	0.0297	0.2233	0.1351
55	0.0138	0.0708	0.0557	0.0816	0.0561	0.0875	0.0844	0.0429	0.1317	0.1021	0.0297	0.2236	0.1355
56	0.0134	0.0706	0.0557	0.0813	0.0562	0.0874	0.0843	0.043	0.1317	0.1021	0.0297	0.2236	0.1353
57	0.0133	0.0706	0.0558	0.0811	0.0559	0.0871	0.0839	0.0431	0.132	0.1021	0.0297	0.2238	0.1353
58	0.0123	0.0706	0.0559	0.0812	0.0558	0.0873	0.0841	0.0431	0.1318	0.1021	0.0297	0.2234	0.1353
59	0.0127	0.0701	0.0554	0.0809	0.0559	0.0872	0.0842	0.0431	0.1317	0.1022	0.0297	0.2234	0.1354
60	0.0123	0.0701	0.0555	0.0809	0.056	0.0877	0.0842	0.043	0.1318	0.102	0.0297	0.2237	0.1354
61	0.0118	0.0699	0.0554	0.0808	0.056	0.0876	0.0842	0.043	0.1322	0.1022	0.0298	0.2244	0.1356
62	0.0118	0.0703	0.0559	0.081	0.0559	0.0875	0.0841	0.0432	0.1327	0.1024	0.0297	0.2241	0.1355
63	0.0118	0.07	0.0558	0.0808	0.0559	0.0873	0.084	0.0432	0.1329	0.1024	0.0296	0.2235	0.1352
64	0.0120	0.0701	0.0559	0.0808	0.0559	0.087	0.0839	0.0432	0.1331	0.1023	0.0296	0.2237	0.1352
65	0.0113	0.0704	0.0562	0.0811	0.0559	0.0873	0.084	0.0432	0.1334	0.1025	0.0297	0.2237	0.1353
66	0.0114	0.071	0.0567	0.0816	0.0559	0.087	0.084	0.0433	0.1336	0.1027	0.0297	0.2238	0.1354
67	0.0113	0.071	0.0567	0.0818	0.0561	0.0873	0.0844	0.0434	0.1338	0.103	0.0297	0.2241	0.1358
68	0.0111	0.0708	0.0565	0.0817	0.0558	0.087	0.0842	0.0432	0.1331	0.1028	0.0296	0.224	0.1357
69	0.0111	0.0706	0.0566	0.0816	0.0557	0.0871	0.0841	0.0432	0.1332	0.1027	0.0296	0.2239	0.1356
70	0.0105	0.0705	0.0564	0.0815	0.0558	0.0874	0.0843	0.0434	0.1337	0.1029	0.0296	0.224	0.1356
71	0.0109	0.0707	0.0568	0.0815	0.0559	0.0874	0.0842	0.0434	0.1337	0.1029	0.0296	0.2241	0.1356
72	0.0110	0.0703	0.0565	0.0811	0.0557	0.0872	0.0839	0.0433	0.1335	0.1026	0.0296	0.2238	0.1353
73	0.0108	0.0701	0.0564	0.081	0.0556	0.0871	0.0839	0.0432	0.1335	0.1026	0.0295	0.224	0.1353
74	0.0104	0.0703	0.0562	0.081	0.0557	0.087	0.0839	0.0431	0.1332	0.1025	0.0295	0.2235	0.135
75	0.0110	0.0703	0.0565	0.081	0.0556	0.0869	0.0836	0.0431	0.1332	0.1022	0.0294	0.223	0.1346
76	0.0103	0.0703	0.0567	0.0808	0.0558	0.0872	0.0837	0.0431	0.1332	0.1021	0.0294	0.2231	0.1346
77	0.0107	0.0699	0.0564	0.081	0.0556	0.0869	0.0839	0.043	0.1328	0.1023	0.0294	0.2233	0.1349
78	0.0105	0.0703	0.0563	0.0813	0.0554	0.0868	0.084	0.0431	0.1331	0.1026	0.0293	0.2229	0.135
79	0.0104	0.0708	0.0567	0.0817	0.0554	0.0868	0.084	0.0431	0.1335	0.1027	0.0293	0.2229	0.135
80	0.0104	0.0709	0.0569	0.082	0.0555	0.0874	0.0844	0.0431	0.1337	0.103	0.0294	0.2233	0.1353
81	0.0100	0.0706	0.0569	0.082	0.0554	0.0873	0.0843	0.043	0.1328	0.1027	0.0294	0.2231	0.1352
82	0.0096	0.0708	0.0569	0.082	0.0556	0.0876	0.0845	0.0431	0.1335	0.1029	0.0294	0.2233	0.1353
83	0.0100	0.0702	0.0567	0.0817	0.0555	0.0872	0.0843	0.0428	0.1326	0.1025	0.0294	0.2235	0.1353
84	0.0100	0.0699	0.0565	0.0815	0.0554	0.0873	0.0844	0.0428	0.1328	0.1026	0.0294	0.2239	0.1355
85	0.0100	0.0696	0.0561	0.0811	0.0554	0.0873	0.0842	0.0427	0.1329	0.1025	0.0294	0.2241	0.1354
86	0.0097	0.0696	0.0559	0.0808	0.0557	0.0877	0.0842	0.0428	0.1333	0.1024	0.0295	0.2246	0.1354
87	0.0099	0.0697	0.0561	0.081	0.0557	0.0876	0.0843	0.0429	0.1337	0.1027	0.0295	0.2247	0.1355
88	0.0101	0.0701	0.0565	0.0815	0.0558	0.0873	0.0845	0.0429	0.1336	0.1029	0.0294	0.2246	0.1357
89	0.0099	0.0707	0.0575	0.0823	0.0559	0.0874	0.0848	0.0428	0.1334	0.103	0.0294	0.2243	0.1358
90	0.0100	0.0705	0.0572	0.0821	0.0559	0.0876	0.0849	0.043	0.1338	0.1032	0.0294	0.2238	0.1358
91	0.0093	0.0704	0.0573	0.0821	0.0563	0.0886	0.0854	0.0431	0.1338	0.1034	0.0294	0.2243	0.1359
92	0.0093	0.0703	0.0569	0.0822	0.056	0.0884	0.0854	0.0432	0.1345	0.1038	0.0294	0.224	0.1361
93	0.0097	0.0708	0.0574	0.0827	0.0561	0.0886	0.0857	0.0431	0.1341	0.1038	0.0294	0.2236	0.1361
94	0.0100	0.071	0.0575	0.0829	0.0563	0.0888	0.0858	0.043	0.1335	0.1036	0.0293	0.2236	0.1361
95	0.0097	0.071	0.0575	0.0828	0.0562	0.0886	0.0857	0.0431	0.1336	0.1036	0.0293	0.2231	0.1359
96	0.0094	0.0707	0.0575	0.0827	0.0563	0.0889	0.0858	0.043	0.1333	0.1035	0.0293	0.2229	0.1359
97	0.0095	0.0709	0.0578	0.0827	0.0562	0.0886	0.0856	0.0431	0.1337	0.1036	0.0292	0.2225	0.1357
98	0.0097	0.071	0.0577	0.0828	0.0563	0.0884	0.0856	0.0432	0.1344	0.1038	0.0293	0.2233	0.1359
99	0.0094	0.0713	0.0581	0.0831	0.056	0.0882	0.0855	0.0432	0.1342	0.1038	0.0293	0.2234	0.136
100	0.0094	0.0718	0.0583	0.0835	0.0563	0.0886	0.0857	0.0432	0.1347	0.1041	0.0293	0.2235	0.1361
101	0.0090	0.0716	0.058	0.0837	0.0561	0.0882	0.0859	0.0434	0.135	0.1046	0.0293	0.2235	0.1365
102	0.0093	0.0716	0.0578	0.0836	0.0562	0.0883	0.0859	0.0433	0.135	0.1045	0.0293	0.2239	0.1365
103	0.0095	0.0713	0.0576	0.0833	0.0561	0.0884	0.0857	0.0432	0.1347	0.1042	0.0293	0.223	0.1361
104	0.0093	0.0713	0.0579	0.0836	0.0561	0.0884	0.0858	0.0432	0.1352	0.1044	0.0293	0.2233	0.1362
105	0.0088	0.0712	0.0577	0.0833	0.0561	0.0883	0.0857	0.0432	0.1349	0.1042	0.0292	0.223	0.136
106	0.0093	0.0713	0.0579	0.0833	0.0563	0.0887	0.0858	0.043	0.1344	0.1039	0.0291	0.2226	0.1357
107	0.0093	0.0716	0.0581	0.0834	0.0562	0.0887	0.0858	0.0431	0.135	0.1041	0.029	0.2219	0.1356
108	0.0091	0.0717	0.0582	0.0835	0.0565	0.0891	0.086	0.0432	0.1352	0.1042	0.0291	0.2221	0.1357
109	0.0099	0.0717	0.058	0.0837	0.0564	0.0892	0.0862	0.0433	0.1357	0.1045	0.029	0.222	0.1357
110	0.0094	0.0718	0.0582	0.0837	0.0565	0.0893	0.0862	0.0432	0.1352	0.1044	0.0289	0.2214	0.1355
111	0.0090	0.0719	0.0579	0.084	0.0565	0.0889	0.0864	0.0431	0.1352	0.1046	0.0289	0.2211	0.1357
112	0.0092	0.0723	0.0582	0.0842	0.0565	0.0891	0.0865	0.0431	0.1352	0.1046	0.0289	0.2208	0.1356
113	0.0091	0.0722	0.0582	0.0843	0.0564	0.0893	0.0866	0.043	0.1345	0.1045	0.0289	0.2205	0.1356
114	0.0093	0.0717	0.058	0.0839	0.0563	0.089	0.0864	0.043	0.1346	0.1044	0.0289	0.221	0.1357
115	0.0090	0.0717	0.0578	0.0837	0.0562	0.0889	0.0862	0.0429	0.134	0.1041	0.0289	0.2216	0.1356
116	0.0089	0.0719	0.0581	0.0838	0.0562	0.089	0.0861	0.0428	0.1336	0.1039	0.0289	0.2209	0.1353
117	0.0088	0.0716	0.0579	0.0837	0.0559	0.0887	0.0859	0.0428	0.1337	0.1039	0.0288	0.221	0.1353
118	0.0095	0.0717	0.0579	0.0836	0.0557	0.0889	0.0858	0.0427	0.1333	0.1037	0.0288	0.221	0.1352
119	0.0091	0.0717	0.0583	0.0837	0.0557	0.0887	0.0857	0.0428	0.1338	0.1038	0.0288	0.2213	0.1353
120	0.0087	0.072	0.0586	0.0838	0.0557	0.0885	0.0856	0.0428	0.1336	0.1037	0.0287	0.2205	0.135
121	0.0086	0.0717	0.0584	0.0835	0.0556	0.0883	0.0854	0.0428	0.1339	0.1037	0.0288	0.2206	0.1348
122	0.0084	0.0714	0.0582	0.0833	0.0556	0.0882	0.0853	0.0429	0.1338	0.1036	0.0288	0.2208	0.1349
123	0.0092	0.0711	0.0579	0.0831	0.0556	0.0882	0.0853	0.0429	0.1338	0.1036	0.0288	0.2209	0.1349
124	0.0087	0.0716	0.0584	0.0833	0.0554	0.0884	0.0852	0.043	0.1344	0.1037	0.0288	0.2212	0.1349
125	0.0084	0.0711	0.0579	0.0827	0.0552	0.0878	0.0847	0.0428	0.1341	0.1032	0.0288	0.2207	0.1344
126	0.0083	0.0711	0.058	0.0826	0.0551	0.0879	0.0846	0.0426	0.1334	0.1029	0.0287	0.2203	0.1341
127	0.0089	0.071	0.0581	0.0828	0.0551	0.0876	0.0847	0.0426	0.1333	0.103	0.0287	0.2203	0.1343
128	0.0085	0.071	0.0583	0.0828	0.0551	0.0875	0.0846	0.0427	0.1335	0.1031	0.0287	0.2202	0.1343
129	0.0092	0.0708	0.0581	0.0827	0.0551	0.0877	0.0847	0.0426	0.1335	0.1032	0.0287	0.22	0.1344
130	0.0089	0.071	0.0581	0.0829	0.0552	0.0877	0.0849	0.0426	0.1338	0.1033	0.0287	0.2202	0.1345
131	0.0081	0.0714	0.0584	0.0832	0.055	0.0877	0.0848	0.0425	0.1334	0.1031	0.0287	0.2202	0.1345
132	0.0087	0.0706	0.0579	0.0827	0.0552	0.0883	0.085	0.0427	0.1339	0.1034	0.0286	0.2196	0.1342
133	0.0088	0.0706	0.0576	0.0828	0.0551	0.0885	0.0851	0.0427	0.1337	0.1034	0.0286	0.2193	0.1343
134	0.0086	0.0708	0.0579	0.0829	0.0549	0.088	0.0849	0.0427	0.1344	0.1035	0.0286	0.2196	0.1343
135	0.0085	0.0706	0.0581	0.0829	0.0546	0.0872	0.0847	0.0426	0.1341	0.1035	0.0286	0.2196	0.1343
136	0.0082	0.0705	0.0576	0.0827	0.055	0.0874	0.0847	0.0425	0.1335	0.1032	0.0285	0.2191	0.1341
137	0.0088	0.0706	0.0578	0.0824	0.0554	0.0883	0.0849	0.0426	0.1342	0.1031	0.0284	0.2188	0.1337
138	0.0093	0.0709	0.0577	0.0825	0.0553	0.0881	0.0847	0.0426	0.1341	0.103	0.0285	0.219	0.1336
139	0.0089	0.0708	0.0573	0.0822	0.0552	0.0878	0.0844	0.0425	0.1339	0.1028	0.0284	0.2189	0.1334
140	0.0091	0.0704	0.0571	0.082	0.0552	0.0878	0.0845	0.0425	0.1342	0.1029	0.0284	0.2191	0.1334
141	0.0087	0.0702	0.0571	0.0823	0.0552	0.0879	0.0848	0.0424	0.1337	0.1031	0.0284	0.2187	0.1337
142	0.0081	0.0697	0.0566	0.0818	0.0554	0.0884	0.0849	0.0425	0.1339	0.103	0.0284	0.2189	0.1336
143	0.0086	0.0701	0.0569	0.0819	0.0554	0.0885	0.0848	0.0424	0.1336	0.1028	0.0284	0.2192	0.1336
144	0.0087	0.0697	0.0567	0.0816	0.0557	0.0888	0.085	0.0425	0.1336	0.1028	0.0284	0.2191	0.1335
145	0.0084	0.0696	0.0565	0.0815	0.0556	0.0888	0.0849	0.0424	0.1332	0.1026	0.0284	0.2188	0.1334
146	0.0088	0.0695	0.0566	0.0815	0.0554	0.0885	0.0847	0.0425	0.1335	0.1027	0.0283	0.2185	0.1332
147	0.0092	0.0693	0.0565	0.0815	0.0556	0.0888	0.085	0.0424	0.1334	0.1027	0.0283	0.2188	0.1334
148	0.0085	0.0696	0.0564	0.0818	0.0558	0.089	0.0853	0.0425	0.1335	0.1031	0.0283	0.2181	0.1334
149	0.0086	0.0699	0.0568	0.0822	0.0558	0.0892	0.0855	0.0426	0.1339	0.1033	0.0283	0.2182	0.1336
150	0.0092	0.0695	0.0565	0.0816	0.0557	0.089	0.0851	0.0424	0.133	0.1027	0.0283	0.2181	0.1332
