{"n_layers": 0, "device": "cuda", "batch_size": 2048, "embedding_dim": 64, "learning_rate": 0.0005, "dataset": "dbbook", "epochs": 150, "top_k": 20, "multimodal": true, "datasets": {"dbbook": ["images", "text"], "ml1m": ["audio", "images", "text", "video"]}}
Epoch	Loss	Recall	Precision	NDCG
1	0.6931	0.0043	0.0015	0.0026
2	0.6925	0.0053	0.0018	0.0033
3	0.6919	0.0061	0.0020	0.0039
4	0.6913	0.0079	0.0026	0.0052
5	0.6907	0.0106	0.0035	0.0074
6	0.6899	0.0143	0.0047	0.0106
7	0.6890	0.0203	0.0066	0.0152
8	0.6880	0.0273	0.0090	0.0211
9	0.6868	0.0337	0.0114	0.0269
10	0.6854	0.0407	0.0138	0.0323
11	0.6838	0.0465	0.0160	0.0372
12	0.6818	0.0523	0.0181	0.0412
13	0.6796	0.0574	0.0199	0.0450
14	0.6769	0.0611	0.0215	0.0479
15	0.6740	0.0652	0.0229	0.0511
16	0.6705	0.0694	0.0242	0.0536
17	0.6666	0.0719	0.0252	0.0556
18	0.6623	0.0752	0.0263	0.0577
19	0.6574	0.0768	0.0269	0.0589
20	0.6520	0.0781	0.0276	0.0602
21	0.6460	0.0803	0.0283	0.0614
22	0.6396	0.0815	0.0287	0.0625
23	0.6326	0.0824	0.0290	0.0632
24	0.6251	0.0831	0.0294	0.0639
25	0.6172	0.0845	0.0299	0.0651
26	0.6089	0.0844	0.0299	0.0652
27	0.6004	0.0845	0.0300	0.0655
28	0.5912	0.0859	0.0304	0.0662
29	0.5818	0.0861	0.0305	0.0665
30	0.5724	0.0862	0.0306	0.0669
31	0.5625	0.0872	0.0309	0.0674
32	0.5526	0.0874	0.0310	0.0678
33	0.5425	0.0878	0.0312	0.0680
34	0.5321	0.0882	0.0313	0.0682
35	0.5220	0.0882	0.0313	0.0683
36	0.5119	0.0889	0.0316	0.0687
37	0.5024	0.0894	0.0318	0.0691
38	0.4924	0.0899	0.0320	0.0695
39	0.4828	0.0904	0.0321	0.0697
40	0.4727	0.0903	0.0320	0.0697
41	0.4626	0.0909	0.0321	0.0701
42	0.4538	0.0911	0.0320	0.0702
43	0.4447	0.0914	0.0321	0.0704
44	0.4366	0.0917	0.0322	0.0706
45	0.4277	0.0923	0.0324	0.0707
46	0.4188	0.0920	0.0323	0.0708
47	0.4120	0.0924	0.0324	0.0711
48	0.4028	0.0924	0.0325	0.0713
49	0.3958	0.0923	0.0324	0.0713
50	0.3884	0.0930	0.0327	0.0715
51	0.3814	0.0929	0.0327	0.0717
52	0.3737	0.0932	0.0327	0.0718
53	0.3670	0.0931	0.0328	0.0717
54	0.3607	0.0932	0.0328	0.0717
55	0.3541	0.0935	0.0329	0.0719
56	0.3474	0.0941	0.0330	0.0722
57	0.3425	0.0939	0.0330	0.0720
58	0.3361	0.0938	0.0330	0.0722
59	0.3301	0.0940	0.0330	0.0722
60	0.3253	0.0944	0.0331	0.0723
61	0.3201	0.0943	0.0330	0.0726
62	0.3150	0.0942	0.0330	0.0727
63	0.3101	0.0945	0.0331	0.0728
64	0.3045	0.0947	0.0332	0.0728
65	0.2992	0.0948	0.0332	0.0730
66	0.2959	0.0947	0.0332	0.0730
67	0.2907	0.0945	0.0331	0.0730
68	0.2853	0.0954	0.0334	0.0735
69	0.2815	0.0957	0.0334	0.0735
70	0.2787	0.0958	0.0335	0.0736
71	0.2744	0.0960	0.0335	0.0738
72	0.2715	0.0957	0.0336	0.0738
73	0.2655	0.0958	0.0336	0.0739
74	0.2639	0.0963	0.0337	0.0741
75	0.2597	0.0966	0.0338	0.0742
76	0.2566	0.0971	0.0339	0.0744
77	0.2534	0.0970	0.0339	0.0745
78	0.2480	0.0973	0.0339	0.0746
79	0.2447	0.0973	0.0339	0.0746
80	0.2419	0.0975	0.0339	0.0747
81	0.2383	0.0974	0.0340	0.0747
82	0.2357	0.0977	0.0341	0.0749
83	0.2328	0.0977	0.0340	0.0750
84	0.2303	0.0975	0.0339	0.0751
85	0.2269	0.0977	0.0340	0.0752
86	0.2246	0.0981	0.0341	0.0753
87	0.2207	0.0984	0.0341	0.0753
88	0.2180	0.0983	0.0341	0.0753
89	0.2149	0.0984	0.0341	0.0754
90	0.2136	0.0986	0.0342	0.0757
91	0.2100	0.0988	0.0342	0.0758
92	0.2081	0.0986	0.0342	0.0757
93	0.2061	0.0988	0.0342	0.0758
94	0.2034	0.0990	0.0343	0.0759
95	0.2005	0.0994	0.0344	0.0762
96	0.1958	0.0992	0.0344	0.0762
97	0.1956	0.0993	0.0344	0.0763
98	0.1934	0.0992	0.0344	0.0763
99	0.1902	0.0997	0.0345	0.0765
100	0.1891	0.1002	0.0346	0.0767
101	0.1866	0.1000	0.0345	0.0766
102	0.1857	0.1002	0.0346	0.0767
103	0.1830	0.0999	0.0346	0.0767
104	0.1792	0.1002	0.0346	0.0768
105	0.1782	0.1004	0.0346	0.0769
106	0.1770	0.1005	0.0346	0.0770
107	0.1724	0.0999	0.0345	0.0769
108	0.1709	0.0997	0.0345	0.0769
109	0.1710	0.1000	0.0346	0.0771
110	0.1668	0.1005	0.0347	0.0774
111	0.1662	0.1006	0.0347	0.0774
112	0.1665	0.1003	0.0347	0.0773
113	0.1626	0.1004	0.0347	0.0774
114	0.1613	0.1002	0.0346	0.0774
115	0.1606	0.1006	0.0347	0.0777
116	0.1566	0.1008	0.0348	0.0777
117	0.1567	0.1013	0.0349	0.0778
118	0.1532	0.1012	0.0349	0.0779
119	0.1515	0.1013	0.0350	0.0780
120	0.1515	0.1012	0.0349	0.0780
121	0.1483	0.1019	0.0350	0.0781
122	0.1469	0.1017	0.0350	0.0779
123	0.1454	0.1015	0.0350	0.0778
124	0.1458	0.1015	0.0350	0.0780
125	0.1422	0.1016	0.0350	0.0781
126	0.1424	0.1018	0.0351	0.0781
127	0.1406	0.1021	0.0352	0.0783
128	0.1399	0.1024	0.0352	0.0785
129	0.1349	0.1026	0.0353	0.0786
130	0.1369	0.1027	0.0353	0.0788
131	0.1340	0.1028	0.0353	0.0788
132	0.1336	0.1028	0.0353	0.0788
133	0.1330	0.1030	0.0354	0.0789
134	0.1319	0.1028	0.0353	0.0788
135	0.1281	0.1027	0.0353	0.0789
136	0.1277	0.1029	0.0354	0.0791
137	0.1270	0.1034	0.0355	0.0795
138	0.1253	0.1037	0.0356	0.0796
139	0.1240	0.1033	0.0355	0.0795
140	0.1226	0.1034	0.0356	0.0796
141	0.1197	0.1032	0.0356	0.0796
142	0.1185	0.1034	0.0356	0.0797
143	0.1200	0.1040	0.0357	0.0799
144	0.1184	0.1042	0.0357	0.0801
145	0.1162	0.1042	0.0358	0.0802
146	0.1159	0.1044	0.0358	0.0803
147	0.1144	0.1043	0.0357	0.0802
148	0.1137	0.1042	0.0357	0.0803
149	0.1120	0.1043	0.0358	0.0804
150	0.1106	0.1042	0.0357	0.0803
