{"n_layers": 1, "device": "cuda", "batch_size": 2048, "embedding_dim": 512, "learning_rate": 0.001, "dataset": "dbbook", "epochs": 150, "top_k": 20, "multimodal": true, "datasets": {"dbbook": ["images", "text"], "ml1m": ["audio", "images", "text", "video"]}}
Epoch	Loss	Recall	Precision	NDCG
1	0.6902	0.0312	0.0099	0.0259
2	0.6794	0.0661	0.0223	0.0568
3	0.6641	0.0889	0.0304	0.0726
4	0.6403	0.0956	0.0329	0.0756
5	0.6049	0.0931	0.0324	0.0721
6	0.5569	0.0924	0.0321	0.0693
7	0.5011	0.0902	0.0315	0.0669
8	0.4434	0.0886	0.0310	0.0648
9	0.3897	0.0874	0.0306	0.0634
10	0.3423	0.0867	0.0304	0.0629
11	0.3028	0.0866	0.0303	0.0626
12	0.2678	0.0875	0.0306	0.0629
13	0.2429	0.0873	0.0306	0.0632
14	0.2198	0.0888	0.0310	0.0642
15	0.1998	0.0897	0.0314	0.0651
16	0.1825	0.0907	0.0318	0.0661
17	0.1684	0.0919	0.0321	0.0669
18	0.1539	0.0928	0.0325	0.0676
19	0.1448	0.0941	0.0328	0.0684
20	0.1332	0.0951	0.0330	0.0691
21	0.1245	0.0967	0.0335	0.0702
22	0.1161	0.0978	0.0338	0.0710
23	0.1107	0.0989	0.0341	0.0718
24	0.1042	0.0995	0.0344	0.0727
25	0.0970	0.1008	0.0348	0.0737
26	0.0917	0.1022	0.0353	0.0749
27	0.0863	0.1039	0.0358	0.0763
28	0.0810	0.1049	0.0361	0.0771
29	0.0767	0.1044	0.0360	0.0772
30	0.0747	0.1052	0.0363	0.0777
31	0.0699	0.1061	0.0365	0.0782
32	0.0671	0.1076	0.0369	0.0791
33	0.0634	0.1092	0.0373	0.0799
34	0.0610	0.1092	0.0374	0.0802
35	0.0582	0.1099	0.0375	0.0807
36	0.0572	0.1100	0.0377	0.0811
37	0.0542	0.1109	0.0380	0.0818
38	0.0513	0.1119	0.0383	0.0825
39	0.0502	0.1127	0.0385	0.0832
40	0.0494	0.1132	0.0388	0.0839
41	0.0471	0.1134	0.0388	0.0842
42	0.0444	0.1147	0.0390	0.0848
43	0.0419	0.1151	0.0392	0.0851
44	0.0423	0.1150	0.0391	0.0853
45	0.0391	0.1158	0.0393	0.0858
46	0.0386	0.1166	0.0394	0.0864
47	0.0385	0.1173	0.0396	0.0869
48	0.0375	0.1180	0.0397	0.0875
49	0.0347	0.1186	0.0398	0.0876
50	0.0353	0.1185	0.0397	0.0877
51	0.0331	0.1189	0.0398	0.0881
52	0.0331	0.1193	0.0399	0.0885
53	0.0324	0.1201	0.0401	0.0890
54	0.0313	0.1202	0.0402	0.0891
55	0.0301	0.1207	0.0403	0.0895
56	0.0291	0.1208	0.0403	0.0896
57	0.0278	0.1216	0.0406	0.0901
58	0.0281	0.1223	0.0407	0.0904
59	0.0270	0.1224	0.0407	0.0905
60	0.0272	0.1228	0.0408	0.0908
61	0.0263	0.1230	0.0410	0.0911
62	0.0260	0.1234	0.0410	0.0915
63	0.0242	0.1236	0.0411	0.0918
64	0.0243	0.1235	0.0411	0.0920
65	0.0241	0.1234	0.0411	0.0921
66	0.0234	0.1246	0.0414	0.0928
67	0.0229	0.1246	0.0414	0.0929
68	0.0226	0.1242	0.0412	0.0928
69	0.0224	0.1248	0.0414	0.0933
70	0.0217	0.1250	0.0415	0.0934
71	0.0214	0.1256	0.0415	0.0936
72	0.0217	0.1252	0.0415	0.0935
73	0.0207	0.1255	0.0415	0.0936
74	0.0196	0.1259	0.0416	0.0938
75	0.0204	0.1254	0.0415	0.0937
76	0.0200	0.1262	0.0416	0.0939
77	0.0202	0.1263	0.0415	0.0941
78	0.0192	0.1261	0.0415	0.0943
79	0.0192	0.1261	0.0414	0.0944
80	0.0184	0.1260	0.0414	0.0943
81	0.0181	0.1264	0.0415	0.0947
82	0.0187	0.1266	0.0415	0.0947
83	0.0173	0.1268	0.0416	0.0948
84	0.0171	0.1271	0.0416	0.0951
85	0.0177	0.1270	0.0416	0.0951
86	0.0168	0.1274	0.0418	0.0954
87	0.0175	0.1276	0.0417	0.0953
88	0.0173	0.1268	0.0415	0.0948
89	0.0160	0.1268	0.0415	0.0947
90	0.0156	0.1275	0.0415	0.0949
91	0.0164	0.1268	0.0414	0.0948
92	0.0155	0.1270	0.0414	0.0949
93	0.0161	0.1270	0.0414	0.0950
94	0.0159	0.1270	0.0414	0.0952
95	0.0159	0.1270	0.0414	0.0955
96	0.0152	0.1275	0.0414	0.0956
97	0.0149	0.1278	0.0415	0.0957
98	0.0142	0.1282	0.0415	0.0959
99	0.0146	0.1282	0.0415	0.0959
100	0.0150	0.1279	0.0415	0.0961
101	0.0147	0.1277	0.0414	0.0960
102	0.0153	0.1278	0.0414	0.0962
103	0.0144	0.1280	0.0414	0.0964
104	0.0138	0.1285	0.0415	0.0968
105	0.0142	0.1286	0.0415	0.0970
106	0.0138	0.1284	0.0415	0.0971
107	0.0139	0.1284	0.0415	0.0970
108	0.0139	0.1288	0.0417	0.0975
109	0.0136	0.1290	0.0418	0.0976
110	0.0136	0.1289	0.0417	0.0976
111	0.0139	0.1286	0.0418	0.0976
112	0.0131	0.1284	0.0417	0.0974
113	0.0131	0.1283	0.0417	0.0974
114	0.0119	0.1282	0.0416	0.0973
115	0.0130	0.1285	0.0416	0.0974
116	0.0133	0.1288	0.0416	0.0977
117	0.0122	0.1291	0.0416	0.0977
118	0.0129	0.1287	0.0415	0.0976
119	0.0121	0.1284	0.0415	0.0976
120	0.0121	0.1289	0.0415	0.0978
121	0.0130	0.1284	0.0415	0.0975
122	0.0125	0.1292	0.0416	0.0976
123	0.0125	0.1291	0.0416	0.0977
124	0.0117	0.1291	0.0415	0.0976
125	0.0120	0.1293	0.0415	0.0975
126	0.0119	0.1289	0.0415	0.0972
127	0.0115	0.1290	0.0415	0.0971
128	0.0122	0.1290	0.0415	0.0971
129	0.0118	0.1288	0.0414	0.0969
130	0.0118	0.1289	0.0414	0.0971
131	0.0118	0.1291	0.0414	0.0973
132	0.0114	0.1288	0.0414	0.0973
133	0.0117	0.1288	0.0415	0.0971
134	0.0113	0.1289	0.0416	0.0972
135	0.0112	0.1287	0.0415	0.0973
136	0.0112	0.1286	0.0414	0.0971
137	0.0112	0.1288	0.0415	0.0971
138	0.0113	0.1284	0.0414	0.0971
139	0.0107	0.1281	0.0413	0.0969
140	0.0114	0.1286	0.0414	0.0973
141	0.0109	0.1287	0.0415	0.0973
142	0.0109	0.1290	0.0415	0.0976
143	0.0113	0.1289	0.0414	0.0975
144	0.0105	0.1287	0.0415	0.0973
145	0.0105	0.1287	0.0414	0.0971
146	0.0110	0.1285	0.0414	0.0971
147	0.0109	0.1288	0.0415	0.0973
148	0.0112	0.1286	0.0415	0.0973
149	0.0108	0.1285	0.0413	0.0973
150	0.0109	0.1287	0.0413	0.0971
