{"n_layers": 2, "device": "cuda", "batch_size": 2048, "embedding_dim": 512, "learning_rate": 0.001, "dataset": "dbbook", "epochs": 150, "model": "ef-mmlgcn", "fusion": "max", "top_k": [5, 10, 20, 50], "seed": 19, "multimodal": true}
Epoch	Loss	Precision@5	Recall@5	NDCG@5	Precision@10	Recall@10	NDCG@10	Precision@20	Recall@20	NDCG@20	Precision@50	Recall@50	NDCG@50
1	0.6895	0.0376	0.0286	0.0435	0.0276	0.0415	0.0424	0.0197	0.0587	0.0491	0.0124	0.092	0.0612
2	0.6771	0.0514	0.0382	0.0577	0.041	0.0606	0.0592	0.0311	0.09	0.0711	0.02	0.1447	0.0911
3	0.6573	0.0473	0.0349	0.0503	0.0399	0.0575	0.0538	0.0314	0.0904	0.0673	0.0226	0.1615	0.0936
4	0.6242	0.0429	0.0318	0.0435	0.0368	0.0523	0.0474	0.0302	0.086	0.0613	0.0226	0.1601	0.0885
5	0.5730	0.0378	0.0284	0.037	0.034	0.0482	0.0419	0.0286	0.0795	0.0552	0.0217	0.1525	0.0819
6	0.5100	0.0349	0.0257	0.0336	0.0315	0.0442	0.0383	0.0276	0.0767	0.0522	0.0213	0.1479	0.0785
7	0.4456	0.0331	0.0242	0.0319	0.0307	0.0429	0.0369	0.0268	0.0742	0.0503	0.0211	0.1454	0.0766
8	0.3895	0.032	0.0231	0.0308	0.0299	0.0417	0.0358	0.0266	0.0734	0.0494	0.021	0.1448	0.0758
9	0.3459	0.0327	0.0236	0.0312	0.0299	0.0418	0.0358	0.0266	0.073	0.0493	0.0211	0.1454	0.076
10	0.3107	0.0337	0.0243	0.032	0.0297	0.0419	0.0359	0.0269	0.0737	0.0498	0.0212	0.1461	0.0765
11	0.2830	0.0341	0.0244	0.0325	0.0305	0.0428	0.0368	0.027	0.0743	0.0505	0.0215	0.1479	0.0777
12	0.2605	0.0343	0.0246	0.0326	0.0309	0.0436	0.0373	0.0271	0.0744	0.0507	0.0216	0.1493	0.0783
13	0.2416	0.0351	0.025	0.0335	0.0311	0.044	0.0379	0.0276	0.0765	0.052	0.0219	0.1513	0.0796
14	0.2224	0.0355	0.0255	0.0342	0.0321	0.0452	0.039	0.0281	0.0778	0.053	0.0222	0.1533	0.0809
15	0.2084	0.036	0.0259	0.0348	0.0325	0.0462	0.0398	0.0285	0.0796	0.0541	0.0225	0.1566	0.0825
16	0.1947	0.037	0.0268	0.0357	0.0333	0.0471	0.0407	0.0288	0.0809	0.0551	0.0228	0.1586	0.0838
17	0.1863	0.0381	0.0275	0.0366	0.034	0.0482	0.0415	0.0293	0.0824	0.0561	0.0232	0.1615	0.0853
18	0.1744	0.0401	0.029	0.0389	0.0347	0.0492	0.0432	0.0298	0.0841	0.058	0.0236	0.1646	0.0878
19	0.1610	0.0408	0.0296	0.0399	0.0356	0.0506	0.0445	0.0302	0.0856	0.0592	0.0239	0.1679	0.0896
20	0.1544	0.0415	0.0302	0.041	0.0363	0.0514	0.0456	0.0307	0.0876	0.0607	0.0242	0.1701	0.0913
21	0.1472	0.0421	0.0306	0.0418	0.037	0.0528	0.0467	0.0313	0.0894	0.062	0.0246	0.173	0.093
22	0.1416	0.043	0.0314	0.0431	0.0376	0.054	0.0481	0.0317	0.091	0.0635	0.0249	0.1755	0.0949
23	0.1314	0.0433	0.0322	0.0437	0.0384	0.0556	0.0492	0.0322	0.0926	0.0647	0.0252	0.1781	0.0964
24	0.1261	0.0442	0.0328	0.0449	0.0389	0.0562	0.0501	0.0324	0.0931	0.0656	0.0255	0.1807	0.0979
25	0.1198	0.0451	0.0335	0.0458	0.0398	0.058	0.0513	0.0329	0.0942	0.0666	0.0259	0.1833	0.0994
26	0.1137	0.0457	0.034	0.0467	0.0406	0.0591	0.0525	0.0335	0.096	0.068	0.0261	0.1858	0.101
27	0.1083	0.0465	0.0347	0.0478	0.0414	0.0604	0.0538	0.0339	0.0974	0.0693	0.0265	0.1889	0.1028
28	0.1048	0.047	0.035	0.0487	0.0418	0.0612	0.0547	0.0343	0.0987	0.0705	0.0267	0.1912	0.1043
29	0.0999	0.0479	0.0358	0.0501	0.0425	0.0628	0.0561	0.0348	0.0999	0.0718	0.027	0.1932	0.1058
30	0.0951	0.0486	0.0365	0.0508	0.043	0.0636	0.0569	0.0352	0.1011	0.0727	0.0271	0.1952	0.1069
31	0.0915	0.0497	0.0377	0.0519	0.0436	0.0645	0.0577	0.0356	0.1027	0.0738	0.0274	0.198	0.1083
32	0.0891	0.0504	0.0381	0.0529	0.0444	0.0659	0.059	0.036	0.1037	0.0749	0.0276	0.1994	0.1096
33	0.0852	0.0513	0.0386	0.0541	0.0448	0.0667	0.0599	0.0363	0.1049	0.0759	0.0277	0.2012	0.1108
34	0.0779	0.0521	0.0392	0.0548	0.045	0.067	0.0603	0.0367	0.1065	0.0768	0.0279	0.2023	0.1116
35	0.0753	0.0522	0.0395	0.0551	0.0454	0.0675	0.0607	0.0369	0.1075	0.0774	0.028	0.2032	0.1121
36	0.0744	0.0529	0.0398	0.0557	0.0454	0.0676	0.0611	0.0372	0.108	0.078	0.028	0.2037	0.1127
37	0.0695	0.0531	0.0404	0.0563	0.0456	0.0677	0.0615	0.0376	0.1095	0.0789	0.0282	0.2054	0.1137
38	0.0690	0.0537	0.041	0.0569	0.0463	0.0685	0.0623	0.0379	0.1106	0.0797	0.0284	0.2065	0.1145
39	0.0681	0.0542	0.0414	0.0576	0.0466	0.0687	0.0629	0.0379	0.1104	0.0802	0.0285	0.2075	0.1154
40	0.0646	0.0547	0.0415	0.0583	0.047	0.0692	0.0635	0.0381	0.1111	0.0808	0.0286	0.2078	0.116
41	0.0651	0.0551	0.0422	0.0587	0.0473	0.0697	0.0639	0.0384	0.1123	0.0815	0.0287	0.2087	0.1166
42	0.0602	0.0551	0.042	0.0589	0.0476	0.0702	0.0644	0.0385	0.1127	0.0819	0.0288	0.2105	0.1174
43	0.0590	0.0552	0.0424	0.0592	0.0478	0.0706	0.0648	0.0388	0.1133	0.0825	0.0289	0.2119	0.1182
44	0.0558	0.0553	0.0424	0.0594	0.0481	0.0711	0.0652	0.039	0.114	0.0829	0.029	0.2128	0.1186
45	0.0550	0.0555	0.0427	0.0597	0.0482	0.0716	0.0655	0.0393	0.1148	0.0834	0.0291	0.2136	0.1191
46	0.0537	0.0554	0.0428	0.0597	0.0484	0.072	0.0658	0.0394	0.1152	0.0838	0.0292	0.2142	0.1196
47	0.0521	0.0557	0.0431	0.0601	0.0485	0.0718	0.066	0.0395	0.1156	0.0841	0.0293	0.2155	0.1203
48	0.0521	0.055	0.043	0.0597	0.0485	0.072	0.066	0.0398	0.1165	0.0846	0.0294	0.2158	0.1205
49	0.0497	0.0549	0.0431	0.0599	0.0487	0.0721	0.0664	0.0399	0.1167	0.0849	0.0294	0.2159	0.1208
50	0.0458	0.0555	0.0434	0.0606	0.049	0.0727	0.0669	0.0401	0.1179	0.0857	0.0295	0.2167	0.1214
51	0.0454	0.0563	0.044	0.0615	0.0492	0.0729	0.0674	0.0403	0.1187	0.0864	0.0296	0.2173	0.122
52	0.0441	0.0566	0.0443	0.0619	0.0495	0.0737	0.0679	0.0407	0.1202	0.0871	0.0297	0.2185	0.1227
53	0.0436	0.057	0.0446	0.0625	0.0497	0.0738	0.0684	0.0409	0.1208	0.0878	0.0298	0.219	0.1233
54	0.0419	0.0572	0.0448	0.0628	0.0497	0.0741	0.0687	0.041	0.1213	0.0881	0.0298	0.2192	0.1237
55	0.0415	0.0576	0.0451	0.063	0.05	0.0745	0.0689	0.0411	0.122	0.0884	0.0299	0.2202	0.1241
56	0.0417	0.0582	0.0456	0.0637	0.0505	0.0752	0.0697	0.0412	0.1219	0.0888	0.03	0.2208	0.1247
57	0.0407	0.0582	0.0457	0.0639	0.0509	0.0763	0.0702	0.0411	0.1218	0.089	0.0301	0.2217	0.1251
58	0.0392	0.0586	0.0462	0.0645	0.0511	0.0763	0.0706	0.0412	0.1224	0.0894	0.0301	0.2224	0.1257
59	0.0392	0.0589	0.0463	0.065	0.0517	0.0773	0.0715	0.0414	0.1228	0.0901	0.0302	0.223	0.1264
60	0.0371	0.0589	0.0464	0.0651	0.0516	0.0772	0.0715	0.0413	0.1227	0.0901	0.0302	0.2234	0.1265
61	0.0360	0.0589	0.0465	0.065	0.0518	0.0775	0.0716	0.0415	0.1234	0.0903	0.0302	0.2239	0.1266
62	0.0350	0.0594	0.0467	0.0657	0.0519	0.0777	0.0721	0.0415	0.1237	0.0908	0.0303	0.224	0.1271
63	0.0353	0.0595	0.0468	0.0658	0.052	0.078	0.0722	0.0417	0.1244	0.0911	0.0303	0.2241	0.1272
64	0.0354	0.0599	0.0471	0.0662	0.0521	0.078	0.0724	0.0419	0.1255	0.0916	0.0303	0.2242	0.1275
65	0.0336	0.0604	0.0474	0.0667	0.0523	0.0785	0.0728	0.042	0.1257	0.092	0.0304	0.2247	0.128
66	0.0318	0.0609	0.0478	0.0672	0.0523	0.0785	0.073	0.042	0.1259	0.0923	0.0305	0.2257	0.1285
67	0.0326	0.061	0.0479	0.0676	0.0526	0.0786	0.0735	0.0422	0.1266	0.093	0.0305	0.2262	0.1291
68	0.0334	0.0612	0.048	0.0678	0.0525	0.0787	0.0736	0.0424	0.1271	0.0933	0.0305	0.2261	0.1292
69	0.0298	0.0617	0.0484	0.0684	0.0527	0.0791	0.074	0.0424	0.1272	0.0936	0.0304	0.2257	0.1293
70	0.0298	0.0622	0.0487	0.0688	0.0529	0.0794	0.0743	0.0426	0.1276	0.094	0.0305	0.2259	0.1296
71	0.0296	0.0622	0.0486	0.0688	0.0532	0.0797	0.0746	0.0427	0.1281	0.0943	0.0305	0.2263	0.1298
72	0.0300	0.0628	0.0491	0.0693	0.0531	0.0797	0.0747	0.0427	0.1284	0.0944	0.0304	0.226	0.1299
73	0.0285	0.063	0.0493	0.0695	0.0533	0.0801	0.0749	0.0428	0.129	0.0947	0.0305	0.2265	0.1301
74	0.0296	0.0633	0.0495	0.0699	0.0536	0.0806	0.0754	0.0429	0.1292	0.0951	0.0306	0.2274	0.1307
75	0.0287	0.0632	0.0495	0.0701	0.0536	0.0808	0.0756	0.0431	0.13	0.0955	0.0306	0.2278	0.131
76	0.0283	0.0634	0.0495	0.0705	0.0538	0.0809	0.076	0.0431	0.1302	0.0959	0.0306	0.2275	0.1312
77	0.0273	0.0637	0.0498	0.0711	0.0538	0.0812	0.0764	0.0431	0.1304	0.0962	0.0306	0.2274	0.1316
78	0.0266	0.0635	0.0497	0.0711	0.0536	0.0813	0.0765	0.0432	0.1305	0.0964	0.0306	0.2277	0.1318
79	0.0267	0.0637	0.0498	0.0713	0.0536	0.0814	0.0766	0.0432	0.1306	0.0966	0.0306	0.2279	0.132
80	0.0258	0.0634	0.0497	0.071	0.0535	0.0814	0.0765	0.0433	0.1311	0.0968	0.0307	0.2285	0.1321
81	0.0266	0.0639	0.0501	0.0716	0.0538	0.0821	0.0771	0.0434	0.1315	0.0972	0.0307	0.2289	0.1324
82	0.0252	0.0635	0.0496	0.0713	0.0538	0.082	0.0769	0.0435	0.1314	0.0971	0.0306	0.2289	0.1324
83	0.0256	0.064	0.0499	0.0717	0.0541	0.0825	0.0774	0.0435	0.1318	0.0975	0.0307	0.2294	0.1327
84	0.0249	0.0645	0.0504	0.0722	0.0541	0.0825	0.0775	0.0435	0.1317	0.0976	0.0307	0.2291	0.1329
85	0.0266	0.065	0.0507	0.0726	0.0545	0.0832	0.078	0.0437	0.1321	0.0979	0.0306	0.229	0.133
86	0.0233	0.0652	0.051	0.0727	0.0545	0.0833	0.078	0.0437	0.1326	0.0981	0.0306	0.2286	0.1329
87	0.0229	0.065	0.0508	0.0726	0.0545	0.0833	0.0779	0.0438	0.1329	0.0981	0.0307	0.2292	0.133
88	0.0225	0.0652	0.0509	0.0728	0.0542	0.083	0.0779	0.0438	0.1333	0.0983	0.0306	0.229	0.1331
89	0.0226	0.0653	0.0511	0.0732	0.0543	0.0828	0.078	0.0438	0.1334	0.0985	0.0306	0.2289	0.1332
90	0.0222	0.0657	0.0512	0.0733	0.0542	0.0827	0.078	0.0438	0.1329	0.0984	0.0306	0.229	0.1332
91	0.0221	0.066	0.0515	0.0736	0.0545	0.0831	0.0783	0.0438	0.1329	0.0985	0.0306	0.2287	0.1333
92	0.0212	0.066	0.0516	0.0735	0.0546	0.0833	0.0783	0.0438	0.1329	0.0985	0.0306	0.2286	0.1332
93	0.0218	0.0659	0.0513	0.0735	0.0546	0.0834	0.0784	0.0439	0.1334	0.0987	0.0305	0.2285	0.1332
94	0.0215	0.0659	0.0515	0.0737	0.0548	0.0837	0.0787	0.0438	0.1331	0.0986	0.0305	0.2285	0.1333
95	0.0218	0.0658	0.0514	0.0735	0.0546	0.0833	0.0784	0.0437	0.1329	0.0985	0.0305	0.2287	0.1333
96	0.0212	0.0653	0.0509	0.0732	0.0546	0.0835	0.0784	0.0438	0.1332	0.0986	0.0306	0.2289	0.1333
97	0.0212	0.0652	0.0506	0.0729	0.0546	0.0836	0.0784	0.0439	0.1333	0.0986	0.0306	0.2288	0.1332
98	0.0207	0.0651	0.0506	0.0727	0.0547	0.0837	0.0783	0.0439	0.1334	0.0985	0.0306	0.2292	0.1332
99	0.0199	0.0651	0.0505	0.0728	0.0546	0.084	0.0785	0.044	0.1338	0.0987	0.0306	0.2297	0.1334
100	0.0206	0.0651	0.0507	0.0729	0.0549	0.0846	0.0788	0.044	0.1336	0.0987	0.0306	0.2292	0.1334
101	0.0201	0.0653	0.0509	0.0732	0.0548	0.0847	0.0789	0.044	0.1342	0.099	0.0305	0.2288	0.1334
102	0.0205	0.0654	0.0509	0.0732	0.055	0.0852	0.0791	0.044	0.1346	0.0991	0.0305	0.2289	0.1334
103	0.0201	0.0657	0.0511	0.0737	0.0552	0.0853	0.0794	0.044	0.1344	0.0993	0.0305	0.2291	0.1337
104	0.0194	0.0657	0.0511	0.0737	0.0549	0.0848	0.0793	0.0441	0.1346	0.0995	0.0305	0.2287	0.1338
105	0.0188	0.0658	0.0513	0.0739	0.0549	0.0848	0.0793	0.0441	0.1349	0.0997	0.0305	0.2289	0.1338
106	0.0195	0.0664	0.0517	0.0743	0.0551	0.0853	0.0796	0.0442	0.1352	0.0999	0.0305	0.2294	0.134
107	0.0186	0.0668	0.0519	0.0747	0.055	0.0852	0.0797	0.0442	0.1353	0.1	0.0305	0.2293	0.1342
108	0.0191	0.0666	0.0517	0.0748	0.0551	0.0851	0.0799	0.0442	0.1356	0.1003	0.0305	0.2296	0.1344
109	0.0181	0.0671	0.0518	0.0751	0.0551	0.0852	0.08	0.0443	0.1354	0.1004	0.0304	0.2292	0.1343
110	0.0182	0.067	0.0517	0.0752	0.0552	0.0851	0.0801	0.0442	0.1352	0.1003	0.0305	0.2299	0.1345
111	0.0180	0.0673	0.052	0.0755	0.0553	0.0855	0.0803	0.0444	0.136	0.1008	0.0304	0.2298	0.1346
112	0.0172	0.0676	0.0523	0.0758	0.0552	0.0853	0.0803	0.0444	0.1362	0.1009	0.0305	0.2298	0.1347
113	0.0171	0.0676	0.0523	0.0757	0.0554	0.0858	0.0805	0.0443	0.136	0.1008	0.0305	0.2304	0.1348
114	0.0170	0.0676	0.0524	0.0756	0.0556	0.0859	0.0805	0.0443	0.136	0.1007	0.0305	0.2305	0.1348
115	0.0178	0.0677	0.0528	0.0759	0.0556	0.086	0.0807	0.0444	0.1361	0.101	0.0305	0.2306	0.135
116	0.0171	0.0678	0.0529	0.076	0.0558	0.0865	0.081	0.0444	0.1363	0.1011	0.0305	0.2304	0.135
117	0.0177	0.0676	0.0527	0.0759	0.0559	0.0865	0.081	0.0445	0.1366	0.1013	0.0305	0.2307	0.1352
118	0.0170	0.0678	0.0531	0.0762	0.0559	0.0864	0.0811	0.0445	0.1366	0.1013	0.0305	0.2309	0.1354
119	0.0168	0.068	0.0531	0.0764	0.0562	0.0868	0.0814	0.0445	0.1366	0.1015	0.0305	0.2305	0.1354
120	0.0172	0.0678	0.0529	0.0762	0.0562	0.0867	0.0814	0.0445	0.1366	0.1015	0.0306	0.2309	0.1355
121	0.0169	0.0684	0.0535	0.0767	0.0562	0.0868	0.0814	0.0445	0.1368	0.1014	0.0305	0.2302	0.1353
122	0.0168	0.0683	0.0535	0.0766	0.056	0.0865	0.0812	0.0445	0.1368	0.1014	0.0305	0.2299	0.1351
123	0.0169	0.0689	0.0539	0.077	0.056	0.0869	0.0814	0.0446	0.1371	0.1016	0.0305	0.2299	0.1353
124	0.0163	0.0689	0.054	0.0772	0.056	0.0869	0.0815	0.0446	0.137	0.1018	0.0305	0.2308	0.1356
125	0.0156	0.0691	0.0541	0.0773	0.0558	0.0866	0.0814	0.0445	0.137	0.1017	0.0305	0.2305	0.1356
126	0.0168	0.069	0.0538	0.0773	0.0558	0.0864	0.0814	0.0445	0.1369	0.1018	0.0305	0.2307	0.1357
127	0.0167	0.0689	0.0538	0.0775	0.0559	0.0865	0.0817	0.0444	0.137	0.102	0.0305	0.2309	0.136
128	0.0164	0.0691	0.0538	0.0777	0.0562	0.087	0.0819	0.0446	0.1375	0.1022	0.0305	0.2303	0.1358
129	0.0158	0.0692	0.0539	0.0776	0.0563	0.0875	0.0821	0.0445	0.1372	0.1021	0.0304	0.2303	0.1357
130	0.0159	0.0691	0.0537	0.0775	0.056	0.0877	0.0819	0.0444	0.1367	0.1018	0.0305	0.2308	0.1358
131	0.0161	0.0687	0.0538	0.0774	0.056	0.0876	0.0819	0.0443	0.1366	0.1018	0.0304	0.2304	0.1357
132	0.0161	0.0688	0.0538	0.0775	0.0558	0.0875	0.082	0.0444	0.1367	0.102	0.0305	0.2303	0.1359
133	0.0161	0.0689	0.054	0.0778	0.0561	0.0876	0.0822	0.0445	0.1369	0.1022	0.0305	0.2304	0.136
134	0.0159	0.0692	0.0541	0.078	0.0562	0.0881	0.0825	0.0444	0.1371	0.1023	0.0305	0.2304	0.136
135	0.0151	0.069	0.054	0.078	0.0562	0.088	0.0824	0.0444	0.1371	0.1023	0.0304	0.2299	0.1359
136	0.0156	0.0687	0.0535	0.0776	0.056	0.0876	0.0822	0.0443	0.1368	0.1021	0.0304	0.2298	0.1358
137	0.0151	0.0689	0.0537	0.0779	0.0561	0.0876	0.0824	0.0444	0.1372	0.1023	0.0303	0.2297	0.1358
138	0.0154	0.0685	0.0536	0.0775	0.0563	0.0877	0.0823	0.0444	0.1374	0.1023	0.0303	0.2297	0.1357
139	0.0155	0.0688	0.0538	0.0777	0.0563	0.0879	0.0824	0.0443	0.137	0.1022	0.0303	0.23	0.1359
140	0.0150	0.0687	0.0538	0.0779	0.0564	0.0881	0.0827	0.0443	0.1366	0.1023	0.0303	0.2297	0.1359
141	0.0153	0.0684	0.0537	0.0776	0.0562	0.0879	0.0824	0.0444	0.1368	0.1022	0.0303	0.2297	0.1357
142	0.0146	0.0687	0.0538	0.0779	0.0561	0.0878	0.0825	0.0444	0.1367	0.1023	0.0303	0.2294	0.1357
143	0.0152	0.0689	0.0539	0.078	0.0561	0.088	0.0826	0.0443	0.1368	0.1023	0.0303	0.2295	0.1358
144	0.0150	0.0689	0.0538	0.0779	0.0563	0.0882	0.0826	0.0444	0.1367	0.1023	0.0302	0.229	0.1356
145	0.0142	0.0691	0.0541	0.0781	0.0563	0.0882	0.0826	0.0443	0.1371	0.1023	0.0301	0.2283	0.1354
146	0.0148	0.0686	0.054	0.0778	0.0565	0.0884	0.0828	0.0443	0.1368	0.1023	0.0302	0.2287	0.1355
147	0.0151	0.0685	0.0539	0.0779	0.0564	0.0882	0.0829	0.0443	0.1371	0.1025	0.0302	0.2292	0.1358
148	0.0145	0.0686	0.0541	0.0781	0.0564	0.0883	0.083	0.0444	0.1376	0.1028	0.0302	0.2285	0.1357
149	0.0148	0.0686	0.0539	0.0779	0.0563	0.0883	0.0828	0.0445	0.1381	0.1028	0.0301	0.2283	0.1355
150	0.0139	0.0691	0.0543	0.0782	0.0562	0.0882	0.0828	0.0444	0.1379	0.1027	0.0301	0.228	0.1354
