{"n_layers": 1, "device": "cuda", "batch_size": 2048, "embedding_dim": 128, "learning_rate": 0.0005, "dataset": "dbbook", "epochs": 150, "top_k": 20, "multimodal": true, "datasets": {"dbbook": ["images", "text"], "ml1m": ["audio", "images", "text", "video"]}}
Epoch	Loss	Recall	Precision	NDCG
1	0.6926	0.0074	0.0022	0.0045
2	0.6915	0.0156	0.0048	0.0111
3	0.6902	0.0292	0.0095	0.0234
4	0.6886	0.0477	0.0158	0.0377
5	0.6865	0.0636	0.0218	0.0498
6	0.6837	0.0746	0.0257	0.0573
7	0.6800	0.0809	0.0279	0.0609
8	0.6752	0.0831	0.0289	0.0613
9	0.6691	0.0832	0.0291	0.0603
10	0.6612	0.0821	0.0289	0.0589
11	0.6517	0.0817	0.0288	0.0578
12	0.6403	0.0797	0.0283	0.0560
13	0.6270	0.0785	0.0280	0.0547
14	0.6120	0.0769	0.0277	0.0535
15	0.5952	0.0757	0.0274	0.0524
16	0.5782	0.0750	0.0271	0.0514
17	0.5598	0.0747	0.0270	0.0510
18	0.5413	0.0738	0.0268	0.0502
19	0.5223	0.0731	0.0267	0.0496
20	0.5037	0.0729	0.0266	0.0493
21	0.4855	0.0725	0.0264	0.0489
22	0.4683	0.0726	0.0264	0.0488
23	0.4518	0.0723	0.0263	0.0485
24	0.4352	0.0721	0.0264	0.0486
25	0.4209	0.0723	0.0264	0.0485
26	0.4052	0.0724	0.0264	0.0485
27	0.3930	0.0718	0.0263	0.0481
28	0.3803	0.0717	0.0262	0.0480
29	0.3684	0.0716	0.0261	0.0480
30	0.3566	0.0718	0.0262	0.0481
31	0.3477	0.0721	0.0263	0.0483
32	0.3370	0.0720	0.0263	0.0484
33	0.3264	0.0723	0.0264	0.0486
34	0.3174	0.0728	0.0265	0.0488
35	0.3097	0.0726	0.0265	0.0489
36	0.3016	0.0732	0.0267	0.0493
37	0.2944	0.0734	0.0268	0.0495
38	0.2846	0.0738	0.0269	0.0498
39	0.2802	0.0741	0.0270	0.0501
40	0.2735	0.0743	0.0271	0.0503
41	0.2679	0.0744	0.0271	0.0505
42	0.2616	0.0745	0.0271	0.0506
43	0.2553	0.0748	0.0272	0.0509
44	0.2491	0.0749	0.0273	0.0511
45	0.2447	0.0758	0.0275	0.0515
46	0.2422	0.0764	0.0276	0.0518
47	0.2346	0.0768	0.0277	0.0522
48	0.2307	0.0771	0.0278	0.0524
49	0.2258	0.0772	0.0278	0.0526
50	0.2209	0.0775	0.0279	0.0528
51	0.2184	0.0777	0.0279	0.0530
52	0.2121	0.0785	0.0281	0.0535
53	0.2097	0.0790	0.0283	0.0539
54	0.2078	0.0789	0.0283	0.0540
55	0.1997	0.0800	0.0285	0.0546
56	0.1983	0.0800	0.0286	0.0548
57	0.1952	0.0807	0.0287	0.0552
58	0.1903	0.0809	0.0288	0.0554
59	0.1877	0.0818	0.0290	0.0558
60	0.1870	0.0822	0.0291	0.0562
61	0.1820	0.0826	0.0292	0.0565
62	0.1787	0.0830	0.0294	0.0568
63	0.1749	0.0832	0.0294	0.0570
64	0.1728	0.0841	0.0296	0.0575
65	0.1718	0.0842	0.0297	0.0578
66	0.1646	0.0845	0.0298	0.0580
67	0.1637	0.0849	0.0300	0.0585
68	0.1602	0.0851	0.0300	0.0587
69	0.1602	0.0854	0.0301	0.0590
70	0.1580	0.0860	0.0302	0.0593
71	0.1530	0.0863	0.0303	0.0596
72	0.1523	0.0867	0.0304	0.0600
73	0.1500	0.0870	0.0305	0.0602
74	0.1450	0.0873	0.0306	0.0605
75	0.1442	0.0877	0.0308	0.0609
76	0.1440	0.0881	0.0309	0.0612
77	0.1413	0.0887	0.0311	0.0616
78	0.1385	0.0892	0.0313	0.0621
79	0.1378	0.0897	0.0314	0.0625
80	0.1364	0.0897	0.0314	0.0625
81	0.1346	0.0897	0.0314	0.0626
82	0.1331	0.0900	0.0316	0.0629
83	0.1295	0.0904	0.0316	0.0632
84	0.1274	0.0906	0.0318	0.0636
85	0.1236	0.0911	0.0319	0.0639
86	0.1260	0.0915	0.0320	0.0642
87	0.1241	0.0917	0.0321	0.0644
88	0.1198	0.0919	0.0322	0.0646
89	0.1175	0.0920	0.0322	0.0646
90	0.1176	0.0924	0.0323	0.0649
91	0.1181	0.0928	0.0325	0.0651
92	0.1145	0.0938	0.0327	0.0655
93	0.1127	0.0938	0.0327	0.0656
94	0.1100	0.0943	0.0329	0.0660
95	0.1113	0.0944	0.0329	0.0661
96	0.1091	0.0949	0.0330	0.0663
97	0.1068	0.0950	0.0330	0.0665
98	0.1054	0.0955	0.0332	0.0670
99	0.1043	0.0958	0.0333	0.0672
100	0.1044	0.0959	0.0333	0.0674
101	0.1013	0.0963	0.0334	0.0678
102	0.1043	0.0967	0.0335	0.0681
103	0.0990	0.0967	0.0336	0.0682
104	0.0977	0.0973	0.0337	0.0685
105	0.0979	0.0977	0.0339	0.0688
106	0.0946	0.0979	0.0339	0.0690
107	0.0963	0.0983	0.0341	0.0692
108	0.0923	0.0988	0.0342	0.0696
109	0.0935	0.0991	0.0343	0.0699
110	0.0915	0.0994	0.0344	0.0702
111	0.0911	0.0995	0.0344	0.0703
112	0.0868	0.0997	0.0345	0.0705
113	0.0888	0.1000	0.0345	0.0708
114	0.0862	0.1000	0.0345	0.0709
115	0.0865	0.1005	0.0347	0.0713
116	0.0847	0.1009	0.0348	0.0715
117	0.0859	0.1009	0.0348	0.0716
118	0.0846	0.1010	0.0348	0.0720
119	0.0842	0.1011	0.0349	0.0720
120	0.0811	0.1016	0.0350	0.0722
121	0.0802	0.1018	0.0351	0.0723
122	0.0801	0.1020	0.0352	0.0725
123	0.0774	0.1021	0.0352	0.0727
124	0.0777	0.1020	0.0351	0.0727
125	0.0752	0.1022	0.0352	0.0728
126	0.0767	0.1022	0.0352	0.0729
127	0.0751	0.1026	0.0353	0.0731
128	0.0738	0.1029	0.0353	0.0732
129	0.0732	0.1032	0.0354	0.0735
130	0.0738	0.1033	0.0354	0.0736
131	0.0737	0.1035	0.0355	0.0737
132	0.0710	0.1042	0.0356	0.0740
133	0.0727	0.1047	0.0358	0.0743
134	0.0700	0.1048	0.0359	0.0745
135	0.0694	0.1046	0.0359	0.0745
136	0.0720	0.1049	0.0360	0.0747
137	0.0693	0.1051	0.0360	0.0748
138	0.0667	0.1054	0.0361	0.0751
139	0.0682	0.1055	0.0362	0.0753
140	0.0675	0.1056	0.0362	0.0754
141	0.0658	0.1058	0.0363	0.0754
142	0.0647	0.1062	0.0364	0.0757
143	0.0655	0.1063	0.0364	0.0758
144	0.0631	0.1062	0.0364	0.0759
145	0.0645	0.1064	0.0365	0.0760
146	0.0636	0.1067	0.0365	0.0764
147	0.0623	0.1070	0.0366	0.0766
148	0.0598	0.1071	0.0366	0.0768
149	0.0616	0.1072	0.0367	0.0770
150	0.0619	0.1073	0.0367	0.0771
