{"n_layers": 0, "device": "cuda", "batch_size": 2048, "embedding_dim": 1024, "learning_rate": 0.001, "dataset": "dbbook", "epochs": 150, "top_k": 50, "multimodal": true, "datasets": {"dbbook": ["images", "text"], "ml1m": ["audio", "images", "text", "video"]}}
Epoch	Loss	Recall	Precision	NDCG
1	0.6930	0.0191	0.0025	0.0096
2	0.6832	0.0448	0.0057	0.0273
3	0.6721	0.0904	0.0119	0.0596
4	0.6556	0.1382	0.0184	0.0892
5	0.6301	0.1669	0.0225	0.1065
6	0.5925	0.1794	0.0243	0.1136
7	0.5422	0.1849	0.0254	0.1157
8	0.4819	0.1904	0.0263	0.1189
9	0.4189	0.1909	0.0264	0.1194
10	0.3598	0.1927	0.0267	0.1202
11	0.3080	0.1945	0.0268	0.1212
12	0.2642	0.1959	0.0271	0.1222
13	0.2279	0.1989	0.0275	0.1239
14	0.1990	0.2018	0.0278	0.1253
15	0.1749	0.2025	0.0278	0.1262
16	0.1536	0.2047	0.0280	0.1273
17	0.1356	0.2062	0.0282	0.1287
18	0.1205	0.2079	0.0284	0.1295
19	0.1078	0.2094	0.0286	0.1307
20	0.0975	0.2106	0.0287	0.1313
21	0.0878	0.2118	0.0289	0.1325
22	0.0807	0.2134	0.0290	0.1336
23	0.0726	0.2151	0.0291	0.1343
24	0.0670	0.2160	0.0292	0.1349
25	0.0607	0.2160	0.0292	0.1351
26	0.0561	0.2175	0.0294	0.1357
27	0.0526	0.2187	0.0295	0.1361
28	0.0485	0.2189	0.0295	0.1364
29	0.0447	0.2197	0.0296	0.1372
30	0.0415	0.2206	0.0297	0.1379
31	0.0386	0.2200	0.0296	0.1379
32	0.0368	0.2205	0.0297	0.1383
33	0.0339	0.2214	0.0298	0.1386
34	0.0330	0.2228	0.0299	0.1395
35	0.0306	0.2228	0.0299	0.1396
36	0.0291	0.2242	0.0300	0.1402
37	0.0276	0.2246	0.0301	0.1403
38	0.0263	0.2259	0.0302	0.1409
39	0.0250	0.2262	0.0303	0.1412
40	0.0243	0.2267	0.0303	0.1415
41	0.0233	0.2259	0.0302	0.1413
42	0.0221	0.2264	0.0302	0.1415
43	0.0215	0.2263	0.0302	0.1417
44	0.0209	0.2267	0.0303	0.1417
45	0.0196	0.2267	0.0303	0.1419
46	0.0195	0.2266	0.0303	0.1419
47	0.0186	0.2268	0.0303	0.1424
48	0.0181	0.2260	0.0302	0.1425
49	0.0175	0.2267	0.0302	0.1427
50	0.0165	0.2281	0.0303	0.1430
51	0.0161	0.2283	0.0304	0.1433
52	0.0164	0.2284	0.0304	0.1434
53	0.0152	0.2281	0.0304	0.1434
54	0.0145	0.2285	0.0304	0.1437
55	0.0142	0.2288	0.0305	0.1440
56	0.0145	0.2289	0.0305	0.1441
57	0.0140	0.2296	0.0305	0.1444
58	0.0137	0.2292	0.0305	0.1443
59	0.0136	0.2287	0.0304	0.1439
60	0.0132	0.2293	0.0305	0.1440
61	0.0125	0.2289	0.0305	0.1441
62	0.0127	0.2292	0.0305	0.1442
63	0.0120	0.2288	0.0304	0.1442
64	0.0118	0.2288	0.0304	0.1443
65	0.0121	0.2285	0.0303	0.1442
66	0.0119	0.2282	0.0302	0.1441
67	0.0113	0.2278	0.0302	0.1440
68	0.0116	0.2290	0.0303	0.1440
69	0.0110	0.2294	0.0304	0.1444
70	0.0107	0.2296	0.0304	0.1446
71	0.0111	0.2296	0.0304	0.1447
72	0.0110	0.2300	0.0304	0.1447
73	0.0103	0.2300	0.0305	0.1447
74	0.0103	0.2299	0.0304	0.1446
75	0.0102	0.2297	0.0304	0.1443
76	0.0100	0.2291	0.0303	0.1441
77	0.0104	0.2293	0.0304	0.1445
78	0.0097	0.2294	0.0304	0.1449
79	0.0097	0.2293	0.0304	0.1452
80	0.0093	0.2295	0.0304	0.1455
81	0.0094	0.2295	0.0304	0.1454
82	0.0096	0.2294	0.0304	0.1455
83	0.0093	0.2295	0.0304	0.1454
84	0.0095	0.2294	0.0304	0.1452
85	0.0093	0.2295	0.0304	0.1452
86	0.0093	0.2298	0.0304	0.1454
87	0.0093	0.2303	0.0305	0.1456
88	0.0091	0.2299	0.0305	0.1457
89	0.0086	0.2292	0.0304	0.1454
90	0.0087	0.2294	0.0304	0.1450
91	0.0086	0.2301	0.0305	0.1453
92	0.0086	0.2301	0.0305	0.1453
93	0.0090	0.2304	0.0305	0.1455
94	0.0082	0.2313	0.0306	0.1460
95	0.0085	0.2303	0.0305	0.1456
96	0.0086	0.2307	0.0305	0.1458
97	0.0086	0.2301	0.0305	0.1455
98	0.0086	0.2299	0.0304	0.1456
99	0.0084	0.2292	0.0304	0.1454
100	0.0087	0.2296	0.0304	0.1457
101	0.0083	0.2291	0.0303	0.1456
102	0.0084	0.2294	0.0303	0.1456
103	0.0082	0.2297	0.0303	0.1458
104	0.0080	0.2294	0.0303	0.1458
105	0.0082	0.2292	0.0303	0.1454
106	0.0081	0.2298	0.0304	0.1459
107	0.0084	0.2295	0.0304	0.1458
108	0.0081	0.2302	0.0304	0.1458
109	0.0080	0.2300	0.0304	0.1458
110	0.0083	0.2294	0.0303	0.1456
111	0.0078	0.2297	0.0303	0.1456
112	0.0075	0.2302	0.0303	0.1461
113	0.0079	0.2303	0.0303	0.1461
114	0.0075	0.2304	0.0303	0.1460
115	0.0073	0.2303	0.0303	0.1461
116	0.0079	0.2297	0.0303	0.1459
117	0.0076	0.2301	0.0303	0.1460
118	0.0078	0.2296	0.0302	0.1458
119	0.0080	0.2298	0.0303	0.1460
120	0.0075	0.2305	0.0304	0.1459
121	0.0074	0.2306	0.0304	0.1460
122	0.0074	0.2311	0.0304	0.1462
123	0.0077	0.2305	0.0304	0.1460
124	0.0076	0.2300	0.0303	0.1459
125	0.0076	0.2307	0.0304	0.1463
126	0.0074	0.2306	0.0304	0.1463
127	0.0072	0.2308	0.0304	0.1464
128	0.0072	0.2312	0.0304	0.1464
129	0.0076	0.2320	0.0304	0.1465
130	0.0075	0.2317	0.0304	0.1461
131	0.0082	0.2314	0.0304	0.1459
132	0.0072	0.2316	0.0304	0.1460
133	0.0074	0.2323	0.0305	0.1462
134	0.0075	0.2317	0.0304	0.1460
135	0.0074	0.2317	0.0304	0.1461
136	0.0070	0.2317	0.0304	0.1461
137	0.0072	0.2315	0.0303	0.1461
138	0.0074	0.2314	0.0304	0.1460
139	0.0073	0.2317	0.0304	0.1463
140	0.0077	0.2299	0.0302	0.1455
141	0.0072	0.2304	0.0303	0.1460
142	0.0073	0.2299	0.0302	0.1456
143	0.0073	0.2304	0.0303	0.1454
144	0.0071	0.2308	0.0303	0.1454
145	0.0071	0.2308	0.0303	0.1452
146	0.0071	0.2310	0.0303	0.1452
147	0.0070	0.2317	0.0304	0.1453
148	0.0071	0.2310	0.0304	0.1451
149	0.0074	0.2301	0.0303	0.1448
150	0.0073	0.2304	0.0304	0.1451
