{"n_layers": 0, "device": "cuda", "batch_size": 2048, "embedding_dim": 256, "learning_rate": 0.0005, "dataset": "dbbook", "epochs": 150, "top_k": 5, "multimodal": false, "datasets": {"dbbook": ["images", "text"], "ml1m": ["audio", "images", "text", "video"]}}
Epoch	Loss	Recall	Precision	NDCG
1	0.6932	0.0008	0.0011	0.0012
2	0.6912	0.0011	0.0017	0.0018
3	0.6895	0.0015	0.0025	0.0027
4	0.6874	0.0029	0.0046	0.0051
5	0.6848	0.0065	0.0092	0.0101
6	0.6814	0.0111	0.0155	0.0178
7	0.6769	0.0154	0.0216	0.0247
8	0.6710	0.0188	0.0262	0.0293
9	0.6633	0.0221	0.0306	0.0339
10	0.6536	0.0252	0.0343	0.0378
11	0.6413	0.0267	0.0367	0.0403
12	0.6264	0.0282	0.0387	0.0426
13	0.6087	0.0299	0.0405	0.0446
14	0.5886	0.0314	0.0424	0.0465
15	0.5660	0.0334	0.0443	0.0486
16	0.5414	0.0341	0.0452	0.0499
17	0.5158	0.0348	0.0458	0.0508
18	0.4894	0.0360	0.0468	0.0520
19	0.4632	0.0369	0.0479	0.0531
20	0.4378	0.0375	0.0491	0.0542
21	0.4132	0.0383	0.0499	0.0559
22	0.3896	0.0391	0.0509	0.0569
23	0.3682	0.0398	0.0516	0.0578
24	0.3474	0.0399	0.0520	0.0583
25	0.3277	0.0404	0.0521	0.0590
26	0.3118	0.0410	0.0530	0.0600
27	0.2947	0.0414	0.0533	0.0608
28	0.2807	0.0415	0.0536	0.0612
29	0.2674	0.0416	0.0538	0.0617
30	0.2545	0.0422	0.0547	0.0625
31	0.2422	0.0422	0.0548	0.0629
32	0.2307	0.0428	0.0555	0.0637
33	0.2205	0.0429	0.0556	0.0638
34	0.2113	0.0426	0.0554	0.0639
35	0.2005	0.0426	0.0553	0.0640
36	0.1914	0.0429	0.0558	0.0645
37	0.1838	0.0430	0.0559	0.0649
38	0.1764	0.0433	0.0567	0.0658
39	0.1694	0.0437	0.0571	0.0661
40	0.1615	0.0443	0.0573	0.0665
41	0.1559	0.0445	0.0577	0.0667
42	0.1488	0.0450	0.0579	0.0671
43	0.1426	0.0446	0.0577	0.0669
44	0.1364	0.0454	0.0584	0.0677
45	0.1326	0.0453	0.0584	0.0677
46	0.1266	0.0455	0.0584	0.0678
47	0.1224	0.0457	0.0583	0.0677
48	0.1176	0.0460	0.0587	0.0681
49	0.1132	0.0461	0.0588	0.0681
50	0.1090	0.0464	0.0592	0.0685
51	0.1048	0.0463	0.0592	0.0688
52	0.1013	0.0463	0.0590	0.0688
53	0.0976	0.0466	0.0594	0.0691
54	0.0937	0.0469	0.0596	0.0694
55	0.0896	0.0472	0.0598	0.0697
56	0.0882	0.0472	0.0599	0.0698
57	0.0838	0.0473	0.0601	0.0700
58	0.0817	0.0476	0.0605	0.0704
59	0.0785	0.0477	0.0607	0.0706
60	0.0768	0.0478	0.0609	0.0709
61	0.0732	0.0482	0.0615	0.0714
62	0.0718	0.0486	0.0619	0.0717
63	0.0694	0.0484	0.0616	0.0715
64	0.0670	0.0487	0.0618	0.0720
65	0.0651	0.0491	0.0623	0.0724
66	0.0628	0.0494	0.0625	0.0724
67	0.0610	0.0495	0.0627	0.0726
68	0.0584	0.0496	0.0630	0.0728
69	0.0578	0.0494	0.0625	0.0724
70	0.0563	0.0496	0.0629	0.0725
71	0.0548	0.0493	0.0625	0.0723
72	0.0520	0.0494	0.0625	0.0724
73	0.0517	0.0496	0.0628	0.0729
74	0.0499	0.0498	0.0631	0.0731
75	0.0482	0.0498	0.0631	0.0730
76	0.0471	0.0499	0.0632	0.0731
77	0.0459	0.0501	0.0635	0.0736
78	0.0446	0.0503	0.0639	0.0740
79	0.0432	0.0500	0.0635	0.0735
80	0.0425	0.0500	0.0636	0.0735
81	0.0416	0.0498	0.0632	0.0732
82	0.0394	0.0498	0.0632	0.0732
83	0.0396	0.0501	0.0636	0.0738
84	0.0382	0.0506	0.0640	0.0741
85	0.0381	0.0504	0.0637	0.0740
86	0.0362	0.0502	0.0637	0.0740
87	0.0356	0.0507	0.0643	0.0743
88	0.0349	0.0511	0.0648	0.0748
89	0.0344	0.0509	0.0646	0.0747
90	0.0328	0.0510	0.0644	0.0747
91	0.0327	0.0512	0.0648	0.0750
92	0.0321	0.0512	0.0647	0.0750
93	0.0313	0.0513	0.0650	0.0754
94	0.0306	0.0512	0.0648	0.0754
95	0.0297	0.0513	0.0649	0.0757
96	0.0293	0.0513	0.0651	0.0759
97	0.0287	0.0513	0.0651	0.0759
98	0.0280	0.0517	0.0655	0.0760
99	0.0274	0.0518	0.0657	0.0762
100	0.0268	0.0517	0.0655	0.0761
101	0.0263	0.0517	0.0654	0.0761
102	0.0263	0.0519	0.0660	0.0765
103	0.0252	0.0519	0.0660	0.0767
104	0.0241	0.0520	0.0660	0.0768
105	0.0248	0.0522	0.0661	0.0771
106	0.0241	0.0523	0.0662	0.0771
107	0.0232	0.0524	0.0659	0.0769
108	0.0239	0.0525	0.0662	0.0771
109	0.0228	0.0524	0.0662	0.0770
110	0.0223	0.0525	0.0664	0.0771
111	0.0213	0.0526	0.0666	0.0774
112	0.0213	0.0527	0.0667	0.0775
113	0.0207	0.0528	0.0667	0.0777
114	0.0208	0.0528	0.0665	0.0777
115	0.0198	0.0528	0.0664	0.0777
116	0.0203	0.0530	0.0669	0.0782
117	0.0196	0.0529	0.0669	0.0784
118	0.0194	0.0532	0.0675	0.0788
119	0.0189	0.0531	0.0674	0.0788
120	0.0187	0.0532	0.0675	0.0787
121	0.0183	0.0534	0.0676	0.0790
122	0.0182	0.0533	0.0676	0.0788
123	0.0183	0.0533	0.0676	0.0789
124	0.0178	0.0531	0.0674	0.0788
125	0.0174	0.0531	0.0675	0.0790
126	0.0170	0.0533	0.0676	0.0789
127	0.0164	0.0537	0.0683	0.0796
128	0.0169	0.0538	0.0685	0.0799
129	0.0171	0.0535	0.0679	0.0795
130	0.0165	0.0536	0.0680	0.0796
131	0.0156	0.0535	0.0678	0.0794
132	0.0161	0.0536	0.0680	0.0794
133	0.0154	0.0535	0.0679	0.0795
134	0.0148	0.0537	0.0681	0.0797
135	0.0162	0.0538	0.0682	0.0796
136	0.0151	0.0539	0.0683	0.0797
137	0.0150	0.0542	0.0686	0.0800
138	0.0151	0.0543	0.0687	0.0799
139	0.0140	0.0545	0.0690	0.0802
140	0.0144	0.0544	0.0688	0.0799
141	0.0140	0.0545	0.0689	0.0799
142	0.0132	0.0544	0.0690	0.0800
143	0.0135	0.0543	0.0686	0.0800
144	0.0133	0.0544	0.0690	0.0802
145	0.0131	0.0546	0.0691	0.0801
146	0.0133	0.0545	0.0690	0.0801
147	0.0127	0.0545	0.0690	0.0802
148	0.0129	0.0547	0.0690	0.0804
149	0.0128	0.0548	0.0692	0.0808
150	0.0128	0.0543	0.0686	0.0804
