{"n_layers": 1, "device": "cuda", "batch_size": 2048, "embedding_dim": 128, "learning_rate": 0.0005, "dataset": "dbbook", "epochs": 150, "top_k": 50, "multimodal": true, "datasets": {"dbbook": ["images", "text"], "ml1m": ["audio", "images", "text", "video"]}}
Epoch	Loss	Recall	Precision	NDCG
1	0.6927	0.0148	0.0021	0.0073
2	0.6915	0.0296	0.0039	0.0156
3	0.6903	0.0515	0.0068	0.0301
4	0.6886	0.0784	0.0105	0.0483
5	0.6865	0.1032	0.0141	0.0645
6	0.6838	0.1231	0.0168	0.0752
7	0.6801	0.1365	0.0189	0.0820
8	0.6754	0.1457	0.0202	0.0854
9	0.6693	0.1518	0.0212	0.0872
10	0.6616	0.1547	0.0218	0.0874
11	0.6525	0.1571	0.0221	0.0870
12	0.6412	0.1567	0.0223	0.0861
13	0.6285	0.1578	0.0223	0.0850
14	0.6137	0.1565	0.0221	0.0835
15	0.5979	0.1536	0.0218	0.0819
16	0.5801	0.1526	0.0217	0.0808
17	0.5621	0.1511	0.0215	0.0798
18	0.5435	0.1504	0.0214	0.0792
19	0.5246	0.1494	0.0213	0.0785
20	0.5059	0.1496	0.0212	0.0779
21	0.4884	0.1490	0.0212	0.0775
22	0.4700	0.1482	0.0211	0.0770
23	0.4543	0.1475	0.0210	0.0767
24	0.4390	0.1469	0.0210	0.0765
25	0.4229	0.1470	0.0210	0.0763
26	0.4089	0.1473	0.0211	0.0764
27	0.3957	0.1474	0.0211	0.0765
28	0.3829	0.1480	0.0212	0.0766
29	0.3680	0.1484	0.0213	0.0767
30	0.3589	0.1488	0.0213	0.0770
31	0.3483	0.1491	0.0214	0.0772
32	0.3374	0.1493	0.0214	0.0774
33	0.3288	0.1497	0.0215	0.0777
34	0.3195	0.1495	0.0215	0.0778
35	0.3124	0.1496	0.0215	0.0781
36	0.3017	0.1501	0.0215	0.0782
37	0.2936	0.1506	0.0216	0.0786
38	0.2858	0.1507	0.0216	0.0787
39	0.2807	0.1513	0.0217	0.0791
40	0.2746	0.1520	0.0218	0.0794
41	0.2669	0.1523	0.0218	0.0797
42	0.2635	0.1532	0.0219	0.0803
43	0.2549	0.1535	0.0220	0.0806
44	0.2491	0.1542	0.0221	0.0808
45	0.2452	0.1550	0.0222	0.0813
46	0.2391	0.1553	0.0222	0.0814
47	0.2346	0.1556	0.0223	0.0817
48	0.2270	0.1561	0.0223	0.0820
49	0.2250	0.1565	0.0224	0.0821
50	0.2242	0.1570	0.0225	0.0824
51	0.2168	0.1572	0.0225	0.0827
52	0.2122	0.1582	0.0226	0.0833
53	0.2086	0.1587	0.0227	0.0836
54	0.2062	0.1594	0.0228	0.0840
55	0.2005	0.1597	0.0228	0.0842
56	0.1968	0.1603	0.0229	0.0844
57	0.1937	0.1608	0.0229	0.0847
58	0.1906	0.1613	0.0230	0.0850
59	0.1881	0.1616	0.0230	0.0853
60	0.1832	0.1618	0.0231	0.0860
61	0.1791	0.1624	0.0231	0.0864
62	0.1783	0.1632	0.0232	0.0869
63	0.1771	0.1635	0.0233	0.0873
64	0.1692	0.1642	0.0233	0.0876
65	0.1714	0.1653	0.0235	0.0881
66	0.1672	0.1658	0.0235	0.0885
67	0.1634	0.1654	0.0235	0.0886
68	0.1631	0.1664	0.0236	0.0891
69	0.1601	0.1677	0.0238	0.0897
70	0.1543	0.1675	0.0238	0.0898
71	0.1559	0.1686	0.0239	0.0902
72	0.1511	0.1687	0.0239	0.0904
73	0.1490	0.1692	0.0240	0.0907
74	0.1472	0.1697	0.0241	0.0911
75	0.1445	0.1709	0.0242	0.0915
76	0.1413	0.1716	0.0243	0.0920
77	0.1415	0.1717	0.0243	0.0923
78	0.1367	0.1726	0.0244	0.0927
79	0.1376	0.1730	0.0244	0.0930
80	0.1355	0.1735	0.0245	0.0934
81	0.1360	0.1742	0.0246	0.0938
82	0.1285	0.1750	0.0247	0.0943
83	0.1276	0.1752	0.0247	0.0945
84	0.1258	0.1756	0.0247	0.0948
85	0.1238	0.1763	0.0248	0.0952
86	0.1246	0.1771	0.0249	0.0957
87	0.1215	0.1777	0.0250	0.0961
88	0.1179	0.1780	0.0250	0.0963
89	0.1195	0.1786	0.0251	0.0966
90	0.1181	0.1792	0.0252	0.0970
91	0.1149	0.1794	0.0252	0.0973
92	0.1140	0.1798	0.0253	0.0975
93	0.1126	0.1803	0.0253	0.0978
94	0.1133	0.1806	0.0253	0.0978
95	0.1084	0.1804	0.0253	0.0979
96	0.1070	0.1810	0.0254	0.0983
97	0.1064	0.1818	0.0255	0.0987
98	0.1067	0.1821	0.0255	0.0989
99	0.1043	0.1826	0.0255	0.0992
100	0.1047	0.1831	0.0256	0.0994
101	0.1034	0.1835	0.0256	0.0997
102	0.1001	0.1841	0.0257	0.1000
103	0.1011	0.1846	0.0258	0.1003
104	0.0972	0.1851	0.0258	0.1005
105	0.0976	0.1855	0.0258	0.1007
106	0.0960	0.1862	0.0259	0.1012
107	0.0941	0.1866	0.0259	0.1014
108	0.0931	0.1870	0.0260	0.1017
109	0.0915	0.1874	0.0260	0.1021
110	0.0918	0.1877	0.0261	0.1023
111	0.0910	0.1883	0.0262	0.1026
112	0.0872	0.1886	0.0262	0.1030
113	0.0871	0.1887	0.0262	0.1031
114	0.0866	0.1887	0.0262	0.1032
115	0.0864	0.1885	0.0262	0.1033
116	0.0864	0.1884	0.0262	0.1034
117	0.0835	0.1884	0.0262	0.1035
118	0.0830	0.1887	0.0262	0.1037
119	0.0823	0.1890	0.0262	0.1039
120	0.0815	0.1892	0.0263	0.1039
121	0.0776	0.1897	0.0263	0.1042
122	0.0794	0.1900	0.0263	0.1044
123	0.0801	0.1906	0.0264	0.1048
124	0.0773	0.1908	0.0264	0.1052
125	0.0777	0.1912	0.0265	0.1054
126	0.0749	0.1915	0.0265	0.1056
127	0.0775	0.1922	0.0266	0.1060
128	0.0749	0.1924	0.0266	0.1062
129	0.0734	0.1927	0.0267	0.1064
130	0.0723	0.1929	0.0267	0.1067
131	0.0723	0.1930	0.0267	0.1069
132	0.0715	0.1936	0.0267	0.1072
133	0.0707	0.1938	0.0268	0.1074
134	0.0714	0.1938	0.0268	0.1076
135	0.0701	0.1944	0.0268	0.1078
136	0.0699	0.1947	0.0269	0.1081
137	0.0691	0.1946	0.0269	0.1082
138	0.0677	0.1954	0.0270	0.1086
139	0.0679	0.1957	0.0270	0.1088
140	0.0660	0.1959	0.0270	0.1089
141	0.0648	0.1961	0.0270	0.1091
142	0.0642	0.1962	0.0270	0.1091
143	0.0633	0.1962	0.0270	0.1091
144	0.0640	0.1967	0.0271	0.1094
145	0.0629	0.1967	0.0271	0.1094
146	0.0617	0.1971	0.0271	0.1095
147	0.0611	0.1973	0.0271	0.1096
148	0.0608	0.1980	0.0272	0.1099
149	0.0614	0.1979	0.0272	0.1099
150	0.0609	0.1984	0.0272	0.1101
