{"n_layers": 1, "device": "cuda", "batch_size": 2048, "embedding_dim": 64, "learning_rate": 0.0005, "dataset": "dbbook", "epochs": 150, "top_k": 10, "multimodal": false, "datasets": {"dbbook": ["images", "text"], "ml1m": ["audio", "images", "text", "video"]}}
Epoch	Loss	Recall	Precision	NDCG
1	0.6927	0.0041	0.0030	0.0042
2	0.6923	0.0140	0.0100	0.0137
3	0.6915	0.0243	0.0173	0.0219
4	0.6898	0.0293	0.0211	0.0254
5	0.6867	0.0313	0.0225	0.0264
6	0.6815	0.0324	0.0230	0.0271
7	0.6734	0.0332	0.0235	0.0276
8	0.6621	0.0336	0.0238	0.0281
9	0.6476	0.0336	0.0241	0.0282
10	0.6301	0.0329	0.0237	0.0280
11	0.6105	0.0327	0.0237	0.0279
12	0.5893	0.0328	0.0237	0.0279
13	0.5672	0.0323	0.0233	0.0276
14	0.5441	0.0323	0.0234	0.0276
15	0.5232	0.0321	0.0235	0.0276
16	0.5019	0.0319	0.0234	0.0276
17	0.4820	0.0319	0.0235	0.0277
18	0.4629	0.0319	0.0235	0.0277
19	0.4459	0.0319	0.0234	0.0278
20	0.4297	0.0319	0.0236	0.0279
21	0.4155	0.0325	0.0238	0.0282
22	0.4029	0.0326	0.0239	0.0284
23	0.3875	0.0329	0.0242	0.0287
24	0.3770	0.0334	0.0244	0.0290
25	0.3657	0.0334	0.0245	0.0291
26	0.3558	0.0334	0.0245	0.0293
27	0.3476	0.0335	0.0246	0.0294
28	0.3378	0.0341	0.0249	0.0297
29	0.3289	0.0343	0.0250	0.0298
30	0.3246	0.0345	0.0251	0.0301
31	0.3151	0.0349	0.0254	0.0304
32	0.3091	0.0353	0.0257	0.0307
33	0.3010	0.0357	0.0259	0.0310
34	0.2954	0.0358	0.0260	0.0312
35	0.2902	0.0361	0.0262	0.0314
36	0.2818	0.0362	0.0263	0.0316
37	0.2793	0.0366	0.0266	0.0320
38	0.2718	0.0364	0.0265	0.0322
39	0.2673	0.0368	0.0267	0.0325
40	0.2626	0.0372	0.0269	0.0328
41	0.2583	0.0375	0.0270	0.0330
42	0.2549	0.0378	0.0272	0.0332
43	0.2486	0.0381	0.0275	0.0335
44	0.2451	0.0382	0.0276	0.0338
45	0.2387	0.0385	0.0278	0.0340
46	0.2367	0.0386	0.0279	0.0342
47	0.2308	0.0390	0.0280	0.0345
48	0.2271	0.0392	0.0281	0.0346
49	0.2248	0.0398	0.0283	0.0349
50	0.2214	0.0398	0.0283	0.0351
51	0.2138	0.0398	0.0283	0.0351
52	0.2116	0.0400	0.0284	0.0354
53	0.2087	0.0404	0.0286	0.0356
54	0.2077	0.0410	0.0287	0.0359
55	0.2018	0.0411	0.0288	0.0361
56	0.1992	0.0414	0.0291	0.0364
57	0.1971	0.0415	0.0293	0.0367
58	0.1920	0.0419	0.0295	0.0371
59	0.1892	0.0421	0.0296	0.0373
60	0.1873	0.0423	0.0298	0.0375
61	0.1857	0.0426	0.0299	0.0378
62	0.1794	0.0429	0.0300	0.0380
63	0.1784	0.0429	0.0301	0.0381
64	0.1766	0.0430	0.0302	0.0383
65	0.1747	0.0433	0.0304	0.0385
66	0.1708	0.0434	0.0304	0.0386
67	0.1728	0.0440	0.0309	0.0391
68	0.1689	0.0441	0.0309	0.0393
69	0.1623	0.0446	0.0313	0.0398
70	0.1639	0.0449	0.0315	0.0400
71	0.1595	0.0448	0.0315	0.0400
72	0.1582	0.0451	0.0316	0.0402
73	0.1551	0.0452	0.0317	0.0403
74	0.1561	0.0455	0.0320	0.0407
75	0.1518	0.0455	0.0320	0.0409
76	0.1489	0.0459	0.0322	0.0413
77	0.1483	0.0460	0.0322	0.0415
78	0.1440	0.0462	0.0323	0.0418
79	0.1428	0.0466	0.0326	0.0420
80	0.1417	0.0467	0.0326	0.0421
81	0.1382	0.0469	0.0327	0.0423
82	0.1368	0.0469	0.0327	0.0423
83	0.1362	0.0473	0.0328	0.0426
84	0.1344	0.0476	0.0331	0.0429
85	0.1304	0.0476	0.0331	0.0431
86	0.1279	0.0476	0.0331	0.0431
87	0.1276	0.0476	0.0331	0.0432
88	0.1259	0.0475	0.0331	0.0432
89	0.1241	0.0478	0.0333	0.0434
90	0.1246	0.0481	0.0334	0.0437
91	0.1219	0.0480	0.0333	0.0439
92	0.1195	0.0484	0.0334	0.0441
93	0.1182	0.0484	0.0335	0.0441
94	0.1172	0.0486	0.0336	0.0442
95	0.1160	0.0489	0.0338	0.0445
96	0.1149	0.0490	0.0339	0.0446
97	0.1133	0.0492	0.0340	0.0448
98	0.1121	0.0496	0.0342	0.0451
99	0.1104	0.0499	0.0343	0.0454
100	0.1090	0.0502	0.0344	0.0456
101	0.1068	0.0505	0.0345	0.0459
102	0.1081	0.0506	0.0346	0.0461
103	0.1052	0.0508	0.0348	0.0463
104	0.1020	0.0511	0.0350	0.0467
105	0.1029	0.0517	0.0352	0.0470
106	0.1003	0.0518	0.0353	0.0472
107	0.0998	0.0520	0.0353	0.0475
108	0.1013	0.0523	0.0356	0.0478
109	0.0982	0.0527	0.0357	0.0481
110	0.0976	0.0530	0.0359	0.0483
111	0.0975	0.0529	0.0359	0.0484
112	0.0951	0.0530	0.0360	0.0485
113	0.0942	0.0534	0.0362	0.0486
114	0.0944	0.0537	0.0363	0.0488
115	0.0921	0.0538	0.0364	0.0490
116	0.0910	0.0542	0.0368	0.0492
117	0.0892	0.0542	0.0368	0.0492
118	0.0892	0.0540	0.0367	0.0493
119	0.0871	0.0543	0.0368	0.0494
120	0.0884	0.0546	0.0369	0.0497
121	0.0859	0.0546	0.0369	0.0497
122	0.0843	0.0548	0.0371	0.0499
123	0.0829	0.0548	0.0372	0.0501
124	0.0820	0.0551	0.0373	0.0503
125	0.0800	0.0555	0.0375	0.0505
126	0.0802	0.0555	0.0376	0.0506
127	0.0796	0.0558	0.0377	0.0508
128	0.0805	0.0563	0.0379	0.0510
129	0.0797	0.0565	0.0381	0.0513
130	0.0782	0.0566	0.0381	0.0514
131	0.0767	0.0566	0.0381	0.0514
132	0.0772	0.0568	0.0383	0.0516
133	0.0759	0.0569	0.0384	0.0517
134	0.0734	0.0572	0.0385	0.0519
135	0.0751	0.0571	0.0385	0.0520
136	0.0729	0.0571	0.0385	0.0521
137	0.0725	0.0570	0.0384	0.0521
138	0.0725	0.0570	0.0385	0.0522
139	0.0697	0.0573	0.0386	0.0525
140	0.0717	0.0577	0.0389	0.0528
141	0.0703	0.0578	0.0389	0.0529
142	0.0707	0.0577	0.0388	0.0529
143	0.0698	0.0577	0.0389	0.0529
144	0.0700	0.0580	0.0391	0.0532
145	0.0674	0.0576	0.0390	0.0530
146	0.0679	0.0578	0.0391	0.0532
147	0.0686	0.0580	0.0393	0.0533
148	0.0657	0.0581	0.0394	0.0536
149	0.0664	0.0586	0.0396	0.0540
150	0.0649	0.0585	0.0396	0.0541
