{"n_layers": 1, "device": "cuda", "batch_size": 2048, "embedding_dim": 64, "learning_rate": 0.0005, "dataset": "dbbook", "epochs": 150, "top_k": 5, "multimodal": false, "datasets": {"dbbook": ["images", "text"], "ml1m": ["audio", "images", "text", "video"]}}
Epoch	Loss	Recall	Precision	NDCG
1	0.6927	0.0028	0.0041	0.0044
2	0.6923	0.0090	0.0127	0.0139
3	0.6915	0.0145	0.0201	0.0213
4	0.6898	0.0172	0.0238	0.0245
5	0.6867	0.0179	0.0252	0.0256
6	0.6815	0.0183	0.0255	0.0253
7	0.6734	0.0184	0.0257	0.0253
8	0.6620	0.0188	0.0262	0.0256
9	0.6473	0.0190	0.0263	0.0254
10	0.6296	0.0193	0.0266	0.0253
11	0.6095	0.0192	0.0269	0.0252
12	0.5880	0.0192	0.0271	0.0253
13	0.5652	0.0190	0.0267	0.0249
14	0.5433	0.0191	0.0265	0.0247
15	0.5205	0.0191	0.0268	0.0249
16	0.4999	0.0190	0.0267	0.0249
17	0.4806	0.0192	0.0270	0.0251
18	0.4605	0.0191	0.0268	0.0248
19	0.4451	0.0191	0.0269	0.0249
20	0.4291	0.0192	0.0270	0.0250
21	0.4131	0.0193	0.0273	0.0252
22	0.3990	0.0193	0.0274	0.0253
23	0.3889	0.0193	0.0274	0.0254
24	0.3776	0.0193	0.0274	0.0255
25	0.3659	0.0192	0.0273	0.0255
26	0.3565	0.0194	0.0277	0.0259
27	0.3470	0.0193	0.0275	0.0260
28	0.3367	0.0197	0.0278	0.0264
29	0.3310	0.0196	0.0275	0.0263
30	0.3229	0.0195	0.0276	0.0264
31	0.3141	0.0196	0.0275	0.0265
32	0.3123	0.0199	0.0278	0.0268
33	0.3046	0.0199	0.0280	0.0270
34	0.2965	0.0202	0.0283	0.0274
35	0.2920	0.0204	0.0286	0.0277
36	0.2831	0.0205	0.0288	0.0277
37	0.2792	0.0208	0.0291	0.0279
38	0.2735	0.0210	0.0294	0.0284
39	0.2705	0.0211	0.0295	0.0285
40	0.2658	0.0215	0.0299	0.0288
41	0.2605	0.0218	0.0300	0.0289
42	0.2591	0.0219	0.0300	0.0290
43	0.2515	0.0219	0.0301	0.0290
44	0.2460	0.0221	0.0302	0.0292
45	0.2424	0.0220	0.0302	0.0293
46	0.2378	0.0221	0.0302	0.0294
47	0.2338	0.0222	0.0305	0.0297
48	0.2297	0.0225	0.0307	0.0300
49	0.2288	0.0227	0.0310	0.0302
50	0.2237	0.0227	0.0310	0.0303
51	0.2185	0.0227	0.0311	0.0306
52	0.2149	0.0227	0.0311	0.0306
53	0.2132	0.0227	0.0312	0.0307
54	0.2093	0.0228	0.0312	0.0308
55	0.2061	0.0229	0.0313	0.0309
56	0.2046	0.0231	0.0315	0.0310
57	0.2015	0.0232	0.0316	0.0313
58	0.1973	0.0237	0.0322	0.0317
59	0.1957	0.0239	0.0322	0.0319
60	0.1900	0.0235	0.0320	0.0318
61	0.1858	0.0233	0.0317	0.0315
62	0.1837	0.0234	0.0316	0.0315
63	0.1845	0.0240	0.0321	0.0323
64	0.1805	0.0242	0.0323	0.0326
65	0.1775	0.0245	0.0325	0.0329
66	0.1761	0.0246	0.0328	0.0332
67	0.1694	0.0245	0.0329	0.0332
68	0.1683	0.0246	0.0330	0.0334
69	0.1656	0.0247	0.0331	0.0335
70	0.1636	0.0248	0.0332	0.0337
71	0.1636	0.0250	0.0333	0.0339
72	0.1609	0.0251	0.0335	0.0342
73	0.1585	0.0250	0.0334	0.0342
74	0.1564	0.0253	0.0339	0.0346
75	0.1522	0.0253	0.0341	0.0347
76	0.1519	0.0255	0.0343	0.0349
77	0.1493	0.0257	0.0346	0.0352
78	0.1471	0.0258	0.0347	0.0354
79	0.1466	0.0262	0.0351	0.0358
80	0.1424	0.0263	0.0351	0.0359
81	0.1412	0.0266	0.0353	0.0362
82	0.1391	0.0267	0.0355	0.0364
83	0.1355	0.0269	0.0357	0.0366
84	0.1374	0.0269	0.0357	0.0367
85	0.1334	0.0269	0.0357	0.0367
86	0.1305	0.0269	0.0358	0.0368
87	0.1309	0.0270	0.0360	0.0370
88	0.1279	0.0271	0.0362	0.0372
89	0.1283	0.0271	0.0361	0.0372
90	0.1259	0.0271	0.0361	0.0373
91	0.1244	0.0271	0.0360	0.0373
92	0.1229	0.0271	0.0360	0.0374
93	0.1227	0.0274	0.0364	0.0376
94	0.1202	0.0276	0.0367	0.0380
95	0.1188	0.0279	0.0371	0.0384
96	0.1197	0.0276	0.0369	0.0383
97	0.1158	0.0277	0.0371	0.0386
98	0.1123	0.0277	0.0372	0.0386
99	0.1132	0.0277	0.0370	0.0386
100	0.1134	0.0276	0.0368	0.0385
101	0.1077	0.0281	0.0373	0.0390
102	0.1097	0.0281	0.0373	0.0390
103	0.1072	0.0282	0.0375	0.0391
104	0.1048	0.0282	0.0375	0.0393
105	0.1050	0.0283	0.0376	0.0395
106	0.1018	0.0282	0.0376	0.0395
107	0.1025	0.0283	0.0377	0.0398
108	0.1030	0.0284	0.0379	0.0400
109	0.0982	0.0282	0.0376	0.0399
110	0.0983	0.0284	0.0379	0.0402
111	0.0978	0.0285	0.0380	0.0404
112	0.0998	0.0288	0.0381	0.0407
113	0.0971	0.0288	0.0382	0.0408
114	0.0955	0.0288	0.0383	0.0410
115	0.0946	0.0287	0.0383	0.0411
116	0.0927	0.0289	0.0384	0.0412
117	0.0900	0.0293	0.0387	0.0415
118	0.0950	0.0295	0.0391	0.0418
119	0.0892	0.0296	0.0392	0.0420
120	0.0899	0.0298	0.0395	0.0423
121	0.0896	0.0299	0.0396	0.0424
122	0.0869	0.0300	0.0397	0.0425
123	0.0887	0.0301	0.0399	0.0426
124	0.0852	0.0305	0.0401	0.0430
125	0.0840	0.0306	0.0402	0.0431
126	0.0833	0.0309	0.0404	0.0434
127	0.0806	0.0311	0.0405	0.0435
128	0.0829	0.0311	0.0405	0.0435
129	0.0826	0.0310	0.0405	0.0435
130	0.0779	0.0309	0.0404	0.0434
131	0.0774	0.0311	0.0407	0.0437
132	0.0798	0.0313	0.0410	0.0439
133	0.0763	0.0313	0.0411	0.0440
134	0.0769	0.0314	0.0411	0.0440
135	0.0748	0.0316	0.0412	0.0441
136	0.0744	0.0315	0.0412	0.0441
137	0.0752	0.0316	0.0412	0.0441
138	0.0739	0.0316	0.0412	0.0442
139	0.0737	0.0317	0.0413	0.0443
140	0.0723	0.0318	0.0415	0.0445
141	0.0721	0.0318	0.0415	0.0445
142	0.0706	0.0320	0.0416	0.0446
143	0.0713	0.0321	0.0418	0.0449
144	0.0698	0.0323	0.0419	0.0450
145	0.0695	0.0326	0.0423	0.0454
146	0.0673	0.0326	0.0423	0.0455
147	0.0668	0.0328	0.0426	0.0459
148	0.0653	0.0328	0.0426	0.0460
149	0.0678	0.0330	0.0426	0.0460
150	0.0663	0.0330	0.0426	0.0460
