{"n_layers": 2, "device": "cuda", "batch_size": 2048, "embedding_dim": 64, "learning_rate": 0.0005, "dataset": "dbbook", "epochs": 150, "top_k": 10, "multimodal": false, "datasets": {"dbbook": ["images", "text"], "ml1m": ["audio", "images", "text", "video"]}}
Epoch	Loss	Recall	Precision	NDCG
1	0.6929	0.0120	0.0084	0.0121
2	0.6924	0.0353	0.0251	0.0321
3	0.6910	0.0362	0.0260	0.0321
4	0.6872	0.0330	0.0239	0.0289
5	0.6795	0.0303	0.0219	0.0268
6	0.6666	0.0288	0.0211	0.0253
7	0.6485	0.0280	0.0208	0.0247
8	0.6259	0.0275	0.0206	0.0242
9	0.6001	0.0262	0.0199	0.0235
10	0.5730	0.0262	0.0199	0.0234
11	0.5460	0.0259	0.0198	0.0232
12	0.5200	0.0259	0.0197	0.0233
13	0.4958	0.0256	0.0195	0.0232
14	0.4733	0.0260	0.0199	0.0235
15	0.4544	0.0261	0.0199	0.0235
16	0.4370	0.0261	0.0200	0.0236
17	0.4246	0.0262	0.0200	0.0237
18	0.4094	0.0262	0.0200	0.0237
19	0.3988	0.0261	0.0200	0.0237
20	0.3893	0.0266	0.0203	0.0240
21	0.3814	0.0267	0.0204	0.0242
22	0.3726	0.0270	0.0205	0.0243
23	0.3660	0.0272	0.0207	0.0245
24	0.3579	0.0272	0.0207	0.0245
25	0.3510	0.0276	0.0210	0.0249
26	0.3474	0.0276	0.0210	0.0249
27	0.3423	0.0283	0.0214	0.0254
28	0.3366	0.0285	0.0216	0.0257
29	0.3338	0.0288	0.0218	0.0260
30	0.3298	0.0289	0.0218	0.0261
31	0.3266	0.0289	0.0218	0.0262
32	0.3274	0.0290	0.0219	0.0263
33	0.3184	0.0290	0.0219	0.0264
34	0.3144	0.0291	0.0219	0.0265
35	0.3108	0.0293	0.0221	0.0267
36	0.3097	0.0297	0.0223	0.0270
37	0.3073	0.0299	0.0225	0.0272
38	0.2998	0.0303	0.0227	0.0274
39	0.2948	0.0308	0.0228	0.0277
40	0.2948	0.0313	0.0231	0.0281
41	0.2935	0.0319	0.0235	0.0285
42	0.2893	0.0321	0.0236	0.0287
43	0.2865	0.0324	0.0237	0.0289
44	0.2804	0.0324	0.0237	0.0290
45	0.2822	0.0328	0.0239	0.0292
46	0.2762	0.0330	0.0240	0.0294
47	0.2748	0.0332	0.0242	0.0295
48	0.2736	0.0334	0.0243	0.0298
49	0.2700	0.0337	0.0245	0.0300
50	0.2673	0.0339	0.0247	0.0303
51	0.2644	0.0339	0.0247	0.0304
52	0.2655	0.0343	0.0249	0.0307
53	0.2601	0.0344	0.0250	0.0308
54	0.2562	0.0344	0.0251	0.0308
55	0.2552	0.0347	0.0253	0.0310
56	0.2522	0.0348	0.0254	0.0311
57	0.2504	0.0350	0.0255	0.0314
58	0.2451	0.0355	0.0258	0.0317
59	0.2429	0.0360	0.0262	0.0321
60	0.2430	0.0366	0.0266	0.0325
61	0.2399	0.0369	0.0268	0.0328
62	0.2380	0.0371	0.0269	0.0330
63	0.2366	0.0374	0.0272	0.0333
64	0.2320	0.0380	0.0275	0.0337
65	0.2270	0.0388	0.0278	0.0342
66	0.2255	0.0390	0.0279	0.0345
67	0.2236	0.0397	0.0284	0.0350
68	0.2193	0.0403	0.0287	0.0354
69	0.2238	0.0406	0.0290	0.0357
70	0.2191	0.0411	0.0292	0.0361
71	0.2167	0.0412	0.0293	0.0363
72	0.2108	0.0416	0.0295	0.0366
73	0.2085	0.0417	0.0296	0.0368
74	0.2069	0.0418	0.0297	0.0370
75	0.2082	0.0421	0.0299	0.0373
76	0.2059	0.0424	0.0300	0.0374
77	0.2039	0.0426	0.0302	0.0376
78	0.2018	0.0430	0.0306	0.0380
79	0.1954	0.0435	0.0308	0.0384
80	0.1979	0.0438	0.0310	0.0387
81	0.1913	0.0441	0.0312	0.0388
82	0.1944	0.0442	0.0313	0.0389
83	0.1891	0.0442	0.0314	0.0390
84	0.1877	0.0441	0.0313	0.0389
85	0.1863	0.0444	0.0314	0.0391
86	0.1848	0.0447	0.0316	0.0393
87	0.1812	0.0452	0.0319	0.0397
88	0.1811	0.0453	0.0320	0.0398
89	0.1820	0.0456	0.0322	0.0401
90	0.1756	0.0455	0.0322	0.0403
91	0.1760	0.0458	0.0326	0.0407
92	0.1757	0.0460	0.0327	0.0410
93	0.1716	0.0463	0.0329	0.0412
94	0.1696	0.0463	0.0329	0.0413
95	0.1679	0.0466	0.0331	0.0416
96	0.1654	0.0468	0.0333	0.0417
97	0.1657	0.0470	0.0334	0.0419
98	0.1623	0.0476	0.0336	0.0422
99	0.1565	0.0477	0.0336	0.0423
100	0.1607	0.0478	0.0337	0.0424
101	0.1568	0.0478	0.0336	0.0424
102	0.1608	0.0482	0.0339	0.0428
103	0.1556	0.0484	0.0340	0.0430
104	0.1537	0.0485	0.0341	0.0431
105	0.1541	0.0486	0.0341	0.0432
106	0.1519	0.0488	0.0343	0.0434
107	0.1473	0.0486	0.0342	0.0433
108	0.1471	0.0487	0.0342	0.0433
109	0.1464	0.0494	0.0346	0.0437
110	0.1443	0.0498	0.0349	0.0439
111	0.1400	0.0501	0.0350	0.0441
112	0.1420	0.0502	0.0351	0.0442
113	0.1402	0.0503	0.0352	0.0444
114	0.1408	0.0505	0.0354	0.0446
115	0.1405	0.0504	0.0354	0.0446
116	0.1367	0.0503	0.0354	0.0447
117	0.1374	0.0503	0.0354	0.0448
118	0.1353	0.0506	0.0356	0.0451
119	0.1375	0.0509	0.0358	0.0454
120	0.1316	0.0511	0.0359	0.0455
121	0.1289	0.0514	0.0360	0.0458
122	0.1309	0.0515	0.0360	0.0458
123	0.1315	0.0518	0.0362	0.0459
124	0.1273	0.0522	0.0363	0.0461
125	0.1240	0.0523	0.0364	0.0462
126	0.1259	0.0528	0.0367	0.0465
127	0.1262	0.0529	0.0367	0.0466
128	0.1225	0.0534	0.0370	0.0469
129	0.1177	0.0536	0.0372	0.0472
130	0.1208	0.0537	0.0373	0.0473
131	0.1193	0.0536	0.0371	0.0473
132	0.1180	0.0538	0.0372	0.0474
133	0.1184	0.0539	0.0373	0.0475
134	0.1183	0.0538	0.0372	0.0475
135	0.1158	0.0539	0.0372	0.0476
136	0.1146	0.0540	0.0372	0.0476
137	0.1129	0.0540	0.0373	0.0478
138	0.1102	0.0539	0.0373	0.0478
139	0.1101	0.0542	0.0375	0.0479
140	0.1115	0.0544	0.0377	0.0482
141	0.1084	0.0545	0.0377	0.0484
142	0.1109	0.0547	0.0378	0.0485
143	0.1101	0.0548	0.0378	0.0487
144	0.1088	0.0552	0.0379	0.0489
145	0.1037	0.0553	0.0381	0.0492
146	0.1047	0.0554	0.0382	0.0493
147	0.1041	0.0555	0.0382	0.0494
148	0.1035	0.0557	0.0383	0.0495
149	0.1030	0.0559	0.0384	0.0497
150	0.1010	0.0561	0.0385	0.0499
