{"n_layers": 2, "device": "cuda", "batch_size": 2048, "embedding_dim": 128, "learning_rate": 0.001, "dataset": "dbbook", "epochs": 150, "top_k": 10, "multimodal": true, "datasets": {"dbbook": ["images", "text"], "ml1m": ["audio", "images", "text", "video"]}}
Epoch	Loss	Recall	Precision	NDCG
1	0.6923	0.0250	0.0166	0.0244
2	0.6893	0.0458	0.0322	0.0454
3	0.6840	0.0501	0.0346	0.0468
4	0.6743	0.0459	0.0321	0.0414
5	0.6572	0.0425	0.0296	0.0364
6	0.6305	0.0392	0.0273	0.0329
7	0.5949	0.0370	0.0261	0.0310
8	0.5530	0.0353	0.0250	0.0296
9	0.5090	0.0343	0.0245	0.0290
10	0.4677	0.0336	0.0239	0.0285
11	0.4334	0.0333	0.0238	0.0283
12	0.4033	0.0338	0.0243	0.0289
13	0.3759	0.0331	0.0241	0.0287
14	0.3547	0.0338	0.0244	0.0290
15	0.3369	0.0343	0.0247	0.0295
16	0.3224	0.0347	0.0252	0.0300
17	0.3073	0.0353	0.0257	0.0305
18	0.2999	0.0363	0.0263	0.0313
19	0.2866	0.0368	0.0267	0.0318
20	0.2766	0.0376	0.0272	0.0324
21	0.2658	0.0379	0.0274	0.0327
22	0.2539	0.0386	0.0279	0.0335
23	0.2492	0.0391	0.0283	0.0339
24	0.2406	0.0400	0.0288	0.0346
25	0.2357	0.0404	0.0292	0.0351
26	0.2293	0.0409	0.0296	0.0358
27	0.2191	0.0414	0.0300	0.0362
28	0.2147	0.0419	0.0303	0.0368
29	0.2080	0.0423	0.0306	0.0375
30	0.2019	0.0427	0.0310	0.0380
31	0.1970	0.0430	0.0312	0.0382
32	0.1913	0.0434	0.0316	0.0388
33	0.1841	0.0438	0.0319	0.0391
34	0.1820	0.0444	0.0322	0.0395
35	0.1796	0.0448	0.0325	0.0401
36	0.1737	0.0456	0.0329	0.0410
37	0.1700	0.0464	0.0334	0.0419
38	0.1647	0.0468	0.0336	0.0423
39	0.1628	0.0473	0.0338	0.0427
40	0.1573	0.0482	0.0345	0.0434
41	0.1565	0.0486	0.0347	0.0438
42	0.1490	0.0488	0.0349	0.0442
43	0.1465	0.0493	0.0354	0.0449
44	0.1447	0.0499	0.0356	0.0454
45	0.1405	0.0504	0.0359	0.0458
46	0.1401	0.0504	0.0359	0.0459
47	0.1349	0.0512	0.0362	0.0464
48	0.1327	0.0517	0.0365	0.0468
49	0.1306	0.0524	0.0368	0.0472
50	0.1278	0.0530	0.0371	0.0477
51	0.1266	0.0535	0.0375	0.0481
52	0.1189	0.0542	0.0378	0.0486
53	0.1169	0.0548	0.0382	0.0491
54	0.1163	0.0548	0.0383	0.0494
55	0.1134	0.0557	0.0389	0.0501
56	0.1110	0.0562	0.0392	0.0504
57	0.1067	0.0568	0.0395	0.0509
58	0.1086	0.0568	0.0393	0.0508
59	0.1054	0.0575	0.0398	0.0514
60	0.1027	0.0582	0.0403	0.0520
61	0.1038	0.0588	0.0406	0.0525
62	0.0993	0.0595	0.0410	0.0530
63	0.0988	0.0599	0.0412	0.0532
64	0.0967	0.0601	0.0413	0.0534
65	0.0935	0.0601	0.0414	0.0534
66	0.0925	0.0605	0.0417	0.0537
67	0.0935	0.0610	0.0420	0.0542
68	0.0910	0.0611	0.0419	0.0544
69	0.0880	0.0615	0.0421	0.0549
70	0.0892	0.0617	0.0423	0.0551
71	0.0850	0.0617	0.0422	0.0550
72	0.0836	0.0616	0.0422	0.0552
73	0.0841	0.0623	0.0426	0.0558
74	0.0804	0.0631	0.0432	0.0565
75	0.0816	0.0634	0.0433	0.0567
76	0.0802	0.0638	0.0436	0.0570
77	0.0818	0.0641	0.0437	0.0572
78	0.0759	0.0643	0.0438	0.0573
79	0.0766	0.0643	0.0438	0.0575
80	0.0775	0.0640	0.0437	0.0574
81	0.0717	0.0645	0.0441	0.0578
82	0.0727	0.0651	0.0444	0.0583
83	0.0722	0.0652	0.0445	0.0586
84	0.0714	0.0655	0.0446	0.0590
85	0.0717	0.0653	0.0447	0.0593
86	0.0688	0.0656	0.0447	0.0596
87	0.0699	0.0659	0.0450	0.0600
88	0.0666	0.0658	0.0449	0.0600
89	0.0678	0.0660	0.0452	0.0603
90	0.0642	0.0663	0.0454	0.0606
91	0.0634	0.0662	0.0452	0.0606
92	0.0629	0.0664	0.0453	0.0605
93	0.0623	0.0668	0.0456	0.0609
94	0.0611	0.0670	0.0456	0.0610
95	0.0624	0.0674	0.0457	0.0612
96	0.0595	0.0677	0.0460	0.0616
97	0.0603	0.0680	0.0462	0.0619
98	0.0601	0.0682	0.0462	0.0621
99	0.0596	0.0682	0.0462	0.0623
100	0.0578	0.0687	0.0464	0.0625
101	0.0556	0.0690	0.0465	0.0629
102	0.0561	0.0694	0.0466	0.0631
103	0.0552	0.0695	0.0467	0.0632
104	0.0542	0.0697	0.0469	0.0634
105	0.0545	0.0701	0.0472	0.0637
106	0.0533	0.0703	0.0473	0.0639
107	0.0518	0.0700	0.0472	0.0638
108	0.0529	0.0699	0.0473	0.0638
109	0.0519	0.0703	0.0474	0.0641
110	0.0527	0.0707	0.0477	0.0645
111	0.0492	0.0707	0.0477	0.0646
112	0.0493	0.0712	0.0480	0.0650
113	0.0500	0.0711	0.0479	0.0648
114	0.0504	0.0709	0.0479	0.0649
115	0.0483	0.0714	0.0480	0.0651
116	0.0489	0.0715	0.0482	0.0652
117	0.0467	0.0718	0.0484	0.0654
118	0.0473	0.0717	0.0484	0.0654
119	0.0460	0.0722	0.0485	0.0656
120	0.0456	0.0725	0.0486	0.0658
121	0.0452	0.0730	0.0489	0.0662
122	0.0445	0.0732	0.0490	0.0664
123	0.0431	0.0737	0.0494	0.0667
124	0.0447	0.0734	0.0492	0.0665
125	0.0428	0.0734	0.0492	0.0666
126	0.0421	0.0737	0.0494	0.0669
127	0.0419	0.0742	0.0497	0.0674
128	0.0403	0.0743	0.0497	0.0675
129	0.0416	0.0743	0.0498	0.0675
130	0.0403	0.0744	0.0498	0.0675
131	0.0411	0.0746	0.0498	0.0677
132	0.0393	0.0744	0.0497	0.0677
133	0.0401	0.0746	0.0498	0.0678
134	0.0403	0.0746	0.0499	0.0679
135	0.0376	0.0749	0.0500	0.0680
136	0.0382	0.0751	0.0501	0.0682
137	0.0378	0.0752	0.0500	0.0683
138	0.0383	0.0755	0.0501	0.0685
139	0.0371	0.0758	0.0502	0.0686
140	0.0380	0.0757	0.0499	0.0685
141	0.0381	0.0755	0.0499	0.0684
142	0.0377	0.0757	0.0501	0.0687
143	0.0400	0.0762	0.0504	0.0692
144	0.0366	0.0761	0.0503	0.0692
145	0.0368	0.0765	0.0504	0.0694
146	0.0351	0.0767	0.0506	0.0695
147	0.0350	0.0768	0.0507	0.0696
148	0.0348	0.0769	0.0507	0.0697
149	0.0350	0.0768	0.0507	0.0696
150	0.0335	0.0770	0.0508	0.0697
