{"n_layers": 0, "device": "cuda", "batch_size": 2048, "embedding_dim": 256, "learning_rate": 0.001, "dataset": "dbbook", "epochs": 150, "top_k": 50, "multimodal": false, "datasets": {"dbbook": ["images", "text"], "ml1m": ["audio", "images", "text", "video"]}}
Epoch	Loss	Recall	Precision	NDCG
1	0.6932	0.0103	0.0014	0.0050
2	0.6892	0.0151	0.0021	0.0078
3	0.6846	0.0329	0.0047	0.0202
4	0.6773	0.0646	0.0092	0.0416
5	0.6656	0.1049	0.0145	0.0642
6	0.6471	0.1294	0.0182	0.0791
7	0.6202	0.1460	0.0204	0.0881
8	0.5838	0.1562	0.0218	0.0932
9	0.5391	0.1618	0.0227	0.0969
10	0.4891	0.1657	0.0233	0.0987
11	0.4386	0.1684	0.0238	0.1007
12	0.3898	0.1703	0.0240	0.1022
13	0.3466	0.1704	0.0241	0.1029
14	0.3084	0.1734	0.0244	0.1042
15	0.2757	0.1745	0.0246	0.1055
16	0.2485	0.1765	0.0248	0.1066
17	0.2231	0.1770	0.0247	0.1074
18	0.2024	0.1786	0.0249	0.1086
19	0.1846	0.1794	0.0250	0.1092
20	0.1678	0.1812	0.0252	0.1099
21	0.1535	0.1822	0.0253	0.1106
22	0.1403	0.1835	0.0255	0.1114
23	0.1297	0.1852	0.0256	0.1123
24	0.1190	0.1864	0.0257	0.1133
25	0.1105	0.1868	0.0258	0.1138
26	0.1018	0.1878	0.0259	0.1145
27	0.0945	0.1886	0.0259	0.1149
28	0.0873	0.1896	0.0261	0.1154
29	0.0808	0.1908	0.0261	0.1160
30	0.0767	0.1901	0.0260	0.1162
31	0.0711	0.1903	0.0261	0.1163
32	0.0665	0.1914	0.0262	0.1169
33	0.0616	0.1913	0.0262	0.1170
34	0.0589	0.1915	0.0262	0.1171
35	0.0545	0.1914	0.0263	0.1173
36	0.0523	0.1922	0.0263	0.1176
37	0.0494	0.1929	0.0264	0.1180
38	0.0466	0.1931	0.0264	0.1182
39	0.0436	0.1931	0.0264	0.1181
40	0.0413	0.1932	0.0264	0.1182
41	0.0395	0.1942	0.0265	0.1185
42	0.0374	0.1948	0.0265	0.1188
43	0.0357	0.1948	0.0265	0.1192
44	0.0337	0.1949	0.0265	0.1190
45	0.0318	0.1952	0.0265	0.1193
46	0.0313	0.1953	0.0265	0.1196
47	0.0302	0.1959	0.0266	0.1199
48	0.0291	0.1963	0.0266	0.1201
49	0.0285	0.1963	0.0266	0.1206
50	0.0267	0.1964	0.0266	0.1208
51	0.0255	0.1971	0.0267	0.1213
52	0.0247	0.1974	0.0267	0.1217
53	0.0234	0.1982	0.0267	0.1220
54	0.0233	0.1984	0.0267	0.1224
55	0.0219	0.1986	0.0268	0.1227
56	0.0217	0.1989	0.0268	0.1229
57	0.0205	0.1988	0.0268	0.1230
58	0.0199	0.1997	0.0268	0.1233
59	0.0199	0.1994	0.0268	0.1234
60	0.0195	0.1991	0.0267	0.1233
61	0.0180	0.1988	0.0267	0.1233
62	0.0184	0.1985	0.0266	0.1231
63	0.0173	0.1994	0.0267	0.1232
64	0.0168	0.1998	0.0267	0.1235
65	0.0170	0.1999	0.0267	0.1236
66	0.0160	0.2003	0.0268	0.1234
67	0.0156	0.2000	0.0267	0.1234
68	0.0150	0.2002	0.0268	0.1237
69	0.0151	0.1998	0.0267	0.1238
70	0.0140	0.1997	0.0267	0.1238
71	0.0136	0.1994	0.0267	0.1240
72	0.0137	0.1999	0.0268	0.1243
73	0.0136	0.2003	0.0268	0.1243
74	0.0129	0.1998	0.0267	0.1242
75	0.0135	0.1998	0.0267	0.1241
76	0.0128	0.2004	0.0267	0.1244
77	0.0123	0.1992	0.0266	0.1241
78	0.0123	0.1988	0.0266	0.1242
79	0.0120	0.1988	0.0266	0.1242
80	0.0120	0.1991	0.0266	0.1241
81	0.0118	0.1988	0.0265	0.1238
82	0.0112	0.1987	0.0265	0.1236
83	0.0114	0.1990	0.0265	0.1235
84	0.0110	0.1989	0.0265	0.1237
85	0.0103	0.1992	0.0265	0.1237
86	0.0102	0.1990	0.0266	0.1239
87	0.0101	0.1992	0.0266	0.1239
88	0.0105	0.1990	0.0266	0.1237
89	0.0102	0.1994	0.0266	0.1238
90	0.0098	0.2004	0.0267	0.1244
91	0.0097	0.2005	0.0267	0.1244
92	0.0101	0.1998	0.0266	0.1242
93	0.0095	0.2008	0.0267	0.1247
94	0.0092	0.2007	0.0267	0.1248
95	0.0093	0.2007	0.0267	0.1248
96	0.0089	0.2012	0.0268	0.1249
97	0.0088	0.2010	0.0267	0.1247
98	0.0091	0.2013	0.0267	0.1250
99	0.0087	0.2009	0.0267	0.1247
100	0.0086	0.2012	0.0267	0.1245
101	0.0087	0.2011	0.0267	0.1245
102	0.0087	0.2011	0.0267	0.1247
103	0.0081	0.2008	0.0267	0.1247
104	0.0084	0.2010	0.0266	0.1248
105	0.0084	0.2007	0.0266	0.1247
106	0.0079	0.2016	0.0267	0.1249
107	0.0082	0.2017	0.0267	0.1251
108	0.0084	0.2020	0.0267	0.1250
109	0.0081	0.2012	0.0267	0.1252
110	0.0076	0.2016	0.0268	0.1253
111	0.0077	0.2012	0.0267	0.1253
112	0.0070	0.2010	0.0267	0.1253
113	0.0078	0.2013	0.0267	0.1253
114	0.0077	0.2013	0.0267	0.1254
115	0.0075	0.2012	0.0267	0.1254
116	0.0076	0.2013	0.0267	0.1252
117	0.0077	0.2008	0.0266	0.1248
118	0.0076	0.2008	0.0266	0.1249
119	0.0074	0.2009	0.0267	0.1252
120	0.0070	0.2009	0.0267	0.1252
121	0.0074	0.2009	0.0267	0.1255
122	0.0071	0.2007	0.0267	0.1254
123	0.0070	0.2011	0.0267	0.1256
124	0.0069	0.2012	0.0267	0.1255
125	0.0072	0.2009	0.0267	0.1251
126	0.0070	0.2012	0.0267	0.1253
127	0.0065	0.2007	0.0266	0.1251
128	0.0066	0.2009	0.0267	0.1251
129	0.0072	0.2010	0.0266	0.1249
130	0.0064	0.2011	0.0266	0.1250
131	0.0068	0.2013	0.0266	0.1252
132	0.0064	0.2005	0.0266	0.1251
133	0.0066	0.2005	0.0265	0.1249
134	0.0065	0.2011	0.0266	0.1249
135	0.0065	0.2011	0.0265	0.1250
136	0.0063	0.2006	0.0265	0.1249
137	0.0062	0.2007	0.0265	0.1252
138	0.0063	0.2004	0.0265	0.1252
139	0.0067	0.2001	0.0265	0.1250
140	0.0060	0.1997	0.0265	0.1249
141	0.0058	0.2000	0.0265	0.1251
142	0.0059	0.2006	0.0266	0.1252
143	0.0060	0.2005	0.0266	0.1252
144	0.0064	0.2009	0.0266	0.1252
145	0.0063	0.2004	0.0266	0.1248
146	0.0061	0.2000	0.0265	0.1247
147	0.0057	0.2002	0.0265	0.1247
148	0.0057	0.2007	0.0266	0.1249
149	0.0062	0.2000	0.0265	0.1250
150	0.0057	0.2004	0.0266	0.1252
