{"n_layers": 0, "device": "cuda", "batch_size": 2048, "embedding_dim": 1024, "learning_rate": 0.001, "dataset": "dbbook", "epochs": 150, "top_k": 50, "multimodal": true, "datasets": {"dbbook": ["images", "text"], "ml1m": ["audio", "images", "text", "video"]}}
Epoch	Loss	Recall	Precision	NDCG
1	0.6929	0.0193	0.0025	0.0101
2	0.6823	0.0439	0.0057	0.0279
3	0.6707	0.0834	0.0111	0.0567
4	0.6537	0.1260	0.0171	0.0831
5	0.6280	0.1569	0.0212	0.0992
6	0.5910	0.1730	0.0237	0.1088
7	0.5421	0.1814	0.0250	0.1135
8	0.4836	0.1860	0.0257	0.1161
9	0.4220	0.1880	0.0260	0.1173
10	0.3636	0.1898	0.0263	0.1186
11	0.3129	0.1914	0.0265	0.1198
12	0.2685	0.1940	0.0268	0.1214
13	0.2318	0.1962	0.0270	0.1226
14	0.2022	0.1994	0.0274	0.1243
15	0.1776	0.1990	0.0274	0.1250
16	0.1567	0.2007	0.0276	0.1259
17	0.1390	0.2030	0.0278	0.1269
18	0.1233	0.2042	0.0280	0.1278
19	0.1101	0.2046	0.0281	0.1279
20	0.0995	0.2063	0.0282	0.1290
21	0.0905	0.2075	0.0284	0.1298
22	0.0810	0.2083	0.0284	0.1303
23	0.0734	0.2090	0.0286	0.1306
24	0.0672	0.2097	0.0287	0.1311
25	0.0613	0.2105	0.0288	0.1318
26	0.0586	0.2128	0.0289	0.1325
27	0.0524	0.2139	0.0291	0.1333
28	0.0492	0.2146	0.0291	0.1338
29	0.0452	0.2153	0.0292	0.1342
30	0.0424	0.2174	0.0294	0.1351
31	0.0392	0.2177	0.0295	0.1355
32	0.0374	0.2180	0.0295	0.1360
33	0.0350	0.2183	0.0295	0.1365
34	0.0328	0.2193	0.0296	0.1374
35	0.0311	0.2202	0.0297	0.1379
36	0.0292	0.2210	0.0297	0.1383
37	0.0281	0.2210	0.0298	0.1383
38	0.0269	0.2221	0.0298	0.1386
39	0.0265	0.2228	0.0299	0.1390
40	0.0244	0.2231	0.0299	0.1390
41	0.0231	0.2236	0.0300	0.1393
42	0.0228	0.2242	0.0300	0.1398
43	0.0213	0.2245	0.0301	0.1400
44	0.0205	0.2252	0.0301	0.1404
45	0.0200	0.2257	0.0302	0.1406
46	0.0189	0.2255	0.0301	0.1406
47	0.0182	0.2260	0.0302	0.1408
48	0.0183	0.2264	0.0303	0.1410
49	0.0168	0.2265	0.0303	0.1414
50	0.0170	0.2275	0.0304	0.1422
51	0.0168	0.2274	0.0305	0.1424
52	0.0153	0.2278	0.0305	0.1427
53	0.0163	0.2274	0.0304	0.1427
54	0.0154	0.2278	0.0304	0.1429
55	0.0148	0.2278	0.0304	0.1429
56	0.0141	0.2283	0.0304	0.1430
57	0.0144	0.2277	0.0304	0.1424
58	0.0140	0.2279	0.0304	0.1424
59	0.0135	0.2281	0.0304	0.1420
60	0.0128	0.2275	0.0304	0.1417
61	0.0132	0.2285	0.0304	0.1420
62	0.0125	0.2283	0.0304	0.1421
63	0.0125	0.2283	0.0304	0.1421
64	0.0120	0.2282	0.0304	0.1424
65	0.0117	0.2279	0.0304	0.1423
66	0.0122	0.2290	0.0305	0.1428
67	0.0112	0.2302	0.0306	0.1433
68	0.0115	0.2295	0.0305	0.1430
69	0.0114	0.2295	0.0305	0.1430
70	0.0112	0.2304	0.0306	0.1430
71	0.0109	0.2299	0.0306	0.1428
72	0.0111	0.2293	0.0305	0.1422
73	0.0104	0.2290	0.0304	0.1421
74	0.0103	0.2282	0.0304	0.1417
75	0.0103	0.2280	0.0304	0.1420
76	0.0102	0.2282	0.0304	0.1421
77	0.0100	0.2286	0.0304	0.1421
78	0.0096	0.2296	0.0305	0.1425
79	0.0100	0.2304	0.0305	0.1430
80	0.0098	0.2308	0.0306	0.1432
81	0.0098	0.2305	0.0305	0.1433
82	0.0093	0.2305	0.0305	0.1433
83	0.0090	0.2308	0.0305	0.1434
84	0.0096	0.2301	0.0305	0.1432
85	0.0096	0.2303	0.0305	0.1437
86	0.0092	0.2308	0.0305	0.1437
87	0.0093	0.2310	0.0305	0.1438
88	0.0093	0.2306	0.0305	0.1439
89	0.0090	0.2308	0.0305	0.1441
90	0.0087	0.2312	0.0306	0.1443
91	0.0088	0.2307	0.0305	0.1438
92	0.0087	0.2307	0.0306	0.1440
93	0.0087	0.2302	0.0305	0.1439
94	0.0083	0.2294	0.0304	0.1437
95	0.0084	0.2296	0.0305	0.1437
96	0.0083	0.2300	0.0304	0.1438
97	0.0082	0.2307	0.0305	0.1440
98	0.0085	0.2303	0.0305	0.1441
99	0.0083	0.2300	0.0305	0.1443
100	0.0080	0.2307	0.0306	0.1443
101	0.0084	0.2311	0.0306	0.1446
102	0.0081	0.2309	0.0305	0.1445
103	0.0085	0.2306	0.0306	0.1447
104	0.0084	0.2309	0.0306	0.1452
105	0.0083	0.2300	0.0304	0.1450
106	0.0084	0.2300	0.0304	0.1452
107	0.0079	0.2299	0.0304	0.1451
108	0.0081	0.2294	0.0304	0.1448
109	0.0081	0.2297	0.0305	0.1450
110	0.0080	0.2299	0.0305	0.1451
111	0.0077	0.2302	0.0305	0.1449
112	0.0079	0.2300	0.0304	0.1449
113	0.0081	0.2303	0.0305	0.1452
114	0.0085	0.2308	0.0305	0.1454
115	0.0078	0.2309	0.0305	0.1453
116	0.0078	0.2307	0.0305	0.1452
117	0.0079	0.2300	0.0305	0.1451
118	0.0082	0.2301	0.0304	0.1453
119	0.0079	0.2299	0.0304	0.1453
120	0.0074	0.2301	0.0305	0.1455
121	0.0075	0.2301	0.0304	0.1454
122	0.0072	0.2305	0.0305	0.1455
123	0.0072	0.2308	0.0306	0.1455
124	0.0078	0.2299	0.0305	0.1449
125	0.0076	0.2295	0.0304	0.1447
126	0.0074	0.2297	0.0304	0.1449
127	0.0075	0.2292	0.0304	0.1448
128	0.0074	0.2295	0.0304	0.1451
129	0.0069	0.2297	0.0304	0.1453
130	0.0073	0.2298	0.0304	0.1454
131	0.0075	0.2295	0.0304	0.1455
132	0.0074	0.2289	0.0304	0.1453
133	0.0076	0.2288	0.0303	0.1452
134	0.0072	0.2295	0.0304	0.1453
135	0.0069	0.2289	0.0303	0.1452
136	0.0069	0.2293	0.0304	0.1454
137	0.0074	0.2294	0.0304	0.1456
138	0.0072	0.2301	0.0304	0.1459
139	0.0076	0.2308	0.0305	0.1461
140	0.0075	0.2302	0.0305	0.1459
141	0.0074	0.2300	0.0304	0.1456
142	0.0072	0.2300	0.0304	0.1457
143	0.0070	0.2302	0.0305	0.1457
144	0.0071	0.2303	0.0305	0.1457
145	0.0072	0.2297	0.0305	0.1455
146	0.0071	0.2290	0.0304	0.1452
147	0.0077	0.2289	0.0304	0.1449
148	0.0074	0.2278	0.0303	0.1443
149	0.0076	0.2286	0.0303	0.1444
150	0.0072	0.2282	0.0303	0.1443
