{"n_layers": 1, "device": "cuda", "batch_size": 2048, "embedding_dim": 2048, "learning_rate": 0.001, "dataset": "dbbook", "epochs": 150, "model": "ef-mmlgcn", "fusion": "max", "top_k": [5, 10, 20, 50], "seed": 19, "multimodal": true}
Epoch	Loss	Precision@5	Recall@5	NDCG@5	Precision@10	Recall@10	NDCG@10	Precision@20	Recall@20	NDCG@20	Precision@50	Recall@50	NDCG@50
1	0.6818	0.0287	0.0231	0.036	0.0214	0.0348	0.0357	0.0149	0.0476	0.0406	0.0093	0.0732	0.0498
2	0.6369	0.0534	0.0409	0.0643	0.0388	0.0593	0.0622	0.0266	0.0799	0.07	0.0161	0.1206	0.0847
3	0.5814	0.0608	0.0469	0.0713	0.0465	0.069	0.0707	0.0333	0.0985	0.0821	0.0206	0.1516	0.1015
4	0.5104	0.0594	0.0455	0.0681	0.0477	0.0706	0.0699	0.0356	0.104	0.0833	0.0235	0.1722	0.1081
5	0.4273	0.0559	0.0424	0.0626	0.0466	0.0688	0.0662	0.0359	0.1052	0.0809	0.025	0.182	0.1089
6	0.3468	0.054	0.041	0.0597	0.0449	0.0664	0.0632	0.036	0.1049	0.0791	0.0256	0.186	0.1085
7	0.2779	0.0529	0.0407	0.0577	0.0443	0.0652	0.0614	0.0355	0.1033	0.0771	0.0258	0.1873	0.1077
8	0.2248	0.0519	0.0402	0.0564	0.0442	0.0651	0.0607	0.0356	0.1033	0.0765	0.0261	0.1896	0.1078
9	0.1847	0.0533	0.0412	0.0577	0.044	0.065	0.0611	0.0356	0.1037	0.077	0.0265	0.1923	0.1093
10	0.1541	0.054	0.0418	0.0586	0.0445	0.0658	0.0619	0.036	0.1051	0.0781	0.0267	0.1947	0.1106
11	0.1296	0.054	0.042	0.059	0.0451	0.0667	0.0628	0.0365	0.1065	0.0791	0.027	0.1968	0.1119
12	0.1126	0.0544	0.0422	0.0594	0.0458	0.0681	0.0637	0.0369	0.1078	0.08	0.0273	0.1989	0.1131
13	0.0985	0.0552	0.0427	0.0604	0.0464	0.0691	0.0647	0.0372	0.1095	0.0812	0.0275	0.2005	0.1144
14	0.0860	0.0564	0.0436	0.0615	0.0469	0.0697	0.0655	0.0377	0.1107	0.0823	0.0278	0.2029	0.1158
15	0.0766	0.0575	0.0445	0.0629	0.0474	0.0707	0.0667	0.0379	0.1115	0.0835	0.028	0.2047	0.1173
16	0.0679	0.0575	0.0444	0.0631	0.0479	0.0716	0.0672	0.0384	0.1131	0.0844	0.0283	0.2075	0.1185
17	0.0626	0.0581	0.0451	0.0638	0.0487	0.0731	0.0683	0.0388	0.1143	0.0853	0.0285	0.2094	0.1197
18	0.0576	0.0589	0.0461	0.0649	0.0496	0.0744	0.0697	0.0393	0.116	0.0868	0.0288	0.2116	0.1214
19	0.0514	0.0596	0.0467	0.0661	0.0499	0.0746	0.0706	0.0397	0.1177	0.0882	0.0289	0.2122	0.1225
20	0.0482	0.0605	0.0473	0.067	0.0502	0.0754	0.0713	0.0403	0.1195	0.0894	0.0292	0.2143	0.1239
21	0.0437	0.061	0.0482	0.0679	0.0506	0.076	0.072	0.0407	0.1206	0.0904	0.0294	0.2161	0.1251
22	0.0414	0.0623	0.0492	0.0692	0.0513	0.0774	0.0733	0.0412	0.1228	0.0919	0.0294	0.217	0.1261
23	0.0380	0.0629	0.0498	0.07	0.0515	0.0779	0.0738	0.0415	0.1239	0.0928	0.0296	0.218	0.127
24	0.0361	0.0639	0.0503	0.0711	0.0521	0.0788	0.0748	0.0417	0.1252	0.0937	0.0297	0.2185	0.1278
25	0.0331	0.065	0.0511	0.072	0.0526	0.0799	0.0756	0.0421	0.1263	0.0946	0.0297	0.219	0.1285
26	0.0308	0.0655	0.0514	0.0725	0.0532	0.0806	0.0761	0.0425	0.1278	0.0953	0.0298	0.2197	0.129
27	0.0301	0.0659	0.0518	0.0733	0.0535	0.0814	0.077	0.0427	0.1289	0.0963	0.0299	0.2206	0.1298
28	0.0284	0.0656	0.0517	0.0736	0.0538	0.0817	0.0776	0.0427	0.129	0.0967	0.03	0.2216	0.1306
29	0.0268	0.0663	0.0522	0.0745	0.0538	0.0826	0.0783	0.0428	0.1295	0.0974	0.03	0.222	0.1312
30	0.0258	0.0664	0.0522	0.0745	0.0541	0.0831	0.0786	0.0432	0.1304	0.0979	0.0302	0.2234	0.1318
31	0.0253	0.067	0.0529	0.0754	0.0541	0.083	0.079	0.0435	0.1316	0.0988	0.0302	0.2237	0.1324
32	0.0240	0.0678	0.0533	0.0764	0.055	0.0847	0.0803	0.0435	0.132	0.0994	0.0303	0.2242	0.1332
33	0.0231	0.0683	0.0537	0.077	0.0551	0.0848	0.0807	0.0436	0.1325	0.1	0.0303	0.2246	0.1337
34	0.0208	0.0687	0.0545	0.0779	0.0553	0.0853	0.0814	0.0435	0.1326	0.1005	0.0304	0.2256	0.1345
35	0.0212	0.0685	0.0543	0.0776	0.0554	0.0854	0.0814	0.0436	0.1327	0.1005	0.0303	0.2256	0.1344
36	0.0194	0.069	0.055	0.0782	0.0553	0.0853	0.0814	0.0437	0.1331	0.1008	0.0304	0.2267	0.1349
37	0.0204	0.0688	0.0546	0.0781	0.0556	0.0864	0.0819	0.0438	0.1333	0.1011	0.0304	0.2267	0.1351
38	0.0188	0.0694	0.055	0.0783	0.0556	0.0861	0.0818	0.0439	0.1338	0.1012	0.0304	0.2263	0.1349
39	0.0186	0.0688	0.0545	0.0781	0.0556	0.0863	0.082	0.0438	0.1335	0.1012	0.0304	0.227	0.1353
40	0.0177	0.0692	0.0547	0.0785	0.0556	0.0863	0.0821	0.0436	0.1332	0.1012	0.0305	0.2276	0.1355
41	0.0180	0.0694	0.0551	0.0785	0.0559	0.0868	0.0823	0.0438	0.1334	0.1012	0.0305	0.2277	0.1355
42	0.0170	0.0694	0.0553	0.0789	0.0559	0.0874	0.0828	0.0438	0.134	0.1018	0.0304	0.2277	0.1359
43	0.0165	0.0698	0.0558	0.0794	0.056	0.0875	0.083	0.0439	0.1342	0.102	0.0304	0.2277	0.1361
44	0.0154	0.0697	0.0556	0.0794	0.0561	0.0879	0.0833	0.0441	0.1351	0.1025	0.0305	0.228	0.1364
45	0.0152	0.0696	0.0556	0.0794	0.0559	0.0877	0.0832	0.0441	0.1353	0.1027	0.0304	0.2278	0.1364
46	0.0154	0.0696	0.0556	0.0795	0.0559	0.0875	0.0832	0.044	0.1349	0.1025	0.0305	0.2286	0.1366
47	0.0147	0.0699	0.0556	0.0797	0.056	0.0879	0.0834	0.0441	0.1353	0.1028	0.0305	0.2285	0.1367
48	0.0144	0.0699	0.0559	0.0799	0.0563	0.0885	0.0838	0.044	0.1354	0.1029	0.0305	0.2291	0.137
49	0.0145	0.0704	0.0567	0.0805	0.057	0.0894	0.0846	0.044	0.1354	0.1032	0.0305	0.2292	0.1372
50	0.0139	0.07	0.0563	0.0805	0.057	0.0895	0.0848	0.0441	0.1357	0.1035	0.0305	0.2292	0.1375
51	0.0137	0.0705	0.0566	0.0808	0.0569	0.0896	0.0849	0.0442	0.1358	0.1037	0.0305	0.2294	0.1376
52	0.0132	0.0711	0.0574	0.0818	0.0568	0.0894	0.0852	0.0441	0.1358	0.1041	0.0305	0.2292	0.138
53	0.0133	0.0717	0.0577	0.0824	0.0572	0.0899	0.0858	0.0442	0.1362	0.1045	0.0305	0.2296	0.1384
54	0.0128	0.0716	0.0577	0.0824	0.0574	0.0902	0.086	0.0443	0.1368	0.1047	0.0304	0.2291	0.1383
55	0.0132	0.0717	0.0578	0.0827	0.0573	0.09	0.0861	0.0441	0.1364	0.1048	0.0303	0.2287	0.1384
56	0.0128	0.0713	0.0576	0.0826	0.0573	0.0902	0.0863	0.0441	0.1366	0.105	0.0303	0.229	0.1385
57	0.0128	0.0716	0.0575	0.0826	0.0573	0.0902	0.0862	0.0441	0.1366	0.1049	0.0304	0.2292	0.1386
58	0.0118	0.0714	0.0575	0.0823	0.0569	0.0897	0.0858	0.0441	0.1365	0.1046	0.0304	0.2291	0.1383
59	0.0122	0.0712	0.0573	0.0821	0.0572	0.0901	0.0858	0.044	0.1362	0.1044	0.0304	0.2295	0.1383
60	0.0118	0.071	0.0574	0.0821	0.057	0.0896	0.0857	0.0443	0.1373	0.1049	0.0304	0.2298	0.1385
61	0.0113	0.0712	0.0575	0.0822	0.0571	0.0898	0.0858	0.0442	0.1375	0.105	0.0305	0.2303	0.1388
62	0.0113	0.0714	0.0578	0.0825	0.0571	0.0898	0.0859	0.0442	0.1373	0.105	0.0304	0.2298	0.1386
63	0.0113	0.0712	0.0574	0.082	0.0568	0.0893	0.0854	0.044	0.1368	0.1045	0.0304	0.2294	0.1382
64	0.0116	0.0711	0.0574	0.0821	0.0569	0.0896	0.0857	0.044	0.1369	0.1047	0.0304	0.2293	0.1384
65	0.0108	0.0714	0.0576	0.0824	0.0571	0.09	0.0859	0.0441	0.1372	0.1049	0.0304	0.2294	0.1385
66	0.0111	0.0717	0.0579	0.0826	0.0572	0.0902	0.0861	0.0441	0.1374	0.105	0.0304	0.2296	0.1386
67	0.0109	0.0721	0.0581	0.0831	0.0574	0.0904	0.0865	0.0441	0.1375	0.1053	0.0304	0.2302	0.1391
68	0.0106	0.0724	0.0585	0.0835	0.0572	0.09	0.0863	0.0441	0.138	0.1054	0.0304	0.2301	0.1391
69	0.0107	0.0721	0.0584	0.0831	0.0566	0.089	0.0856	0.0442	0.1381	0.1053	0.0305	0.2308	0.139
70	0.0102	0.072	0.0584	0.0831	0.0569	0.0893	0.0858	0.0441	0.1377	0.1052	0.0304	0.23	0.1388
71	0.0104	0.0715	0.0581	0.0827	0.057	0.0896	0.0859	0.0443	0.1386	0.1054	0.0303	0.2298	0.1387
72	0.0107	0.0715	0.0584	0.0828	0.0568	0.0894	0.0858	0.0441	0.1383	0.1053	0.0303	0.2293	0.1385
73	0.0104	0.0712	0.058	0.0825	0.057	0.0896	0.0859	0.0441	0.1382	0.1052	0.0302	0.2295	0.1385
74	0.0100	0.0715	0.0583	0.0828	0.0567	0.0894	0.0858	0.044	0.1378	0.1051	0.0302	0.229	0.1383
75	0.0105	0.0715	0.0583	0.0829	0.0567	0.0893	0.0857	0.044	0.1377	0.1051	0.0301	0.2286	0.1381
76	0.0099	0.0716	0.0585	0.083	0.0566	0.089	0.0857	0.0439	0.1373	0.1049	0.0301	0.2286	0.1382
77	0.0103	0.0715	0.0585	0.083	0.0567	0.0891	0.0858	0.0438	0.1373	0.1049	0.0301	0.228	0.138
78	0.0101	0.0716	0.0588	0.0831	0.0568	0.0892	0.0858	0.0439	0.1378	0.1051	0.0301	0.2286	0.1382
79	0.0101	0.0715	0.0585	0.0831	0.0565	0.0889	0.0857	0.0438	0.1374	0.105	0.03	0.2281	0.1381
80	0.0101	0.0712	0.0584	0.0832	0.0567	0.089	0.086	0.0438	0.1377	0.1053	0.03	0.2282	0.1383
81	0.0097	0.0713	0.0586	0.0834	0.0568	0.0892	0.0861	0.0439	0.1376	0.1054	0.03	0.2281	0.1383
82	0.0092	0.0712	0.0585	0.0834	0.0571	0.0902	0.0867	0.0439	0.1373	0.1054	0.03	0.2279	0.1383
83	0.0096	0.0709	0.0583	0.0832	0.0569	0.0902	0.0866	0.0437	0.1371	0.1053	0.0299	0.2281	0.1384
84	0.0097	0.0708	0.0585	0.0833	0.0568	0.0896	0.0865	0.0438	0.1375	0.1055	0.0299	0.228	0.1385
85	0.0097	0.0708	0.0581	0.0831	0.0568	0.0899	0.0866	0.0438	0.1371	0.1054	0.0299	0.2278	0.1383
86	0.0094	0.0711	0.0584	0.0831	0.0569	0.0901	0.0865	0.0438	0.1373	0.1053	0.03	0.2287	0.1384
87	0.0095	0.0713	0.0586	0.0833	0.057	0.0902	0.0867	0.0438	0.1375	0.1055	0.03	0.229	0.1387
88	0.0098	0.0715	0.0588	0.0839	0.0568	0.0896	0.0868	0.0438	0.1376	0.1058	0.03	0.2293	0.1391
89	0.0096	0.072	0.0591	0.0844	0.0567	0.0892	0.0868	0.0436	0.1372	0.1058	0.03	0.2288	0.1391
90	0.0096	0.0719	0.0589	0.0843	0.0567	0.089	0.0868	0.0438	0.1375	0.106	0.03	0.2289	0.1392
91	0.0090	0.0717	0.0587	0.0842	0.0569	0.0894	0.087	0.0438	0.1374	0.106	0.03	0.2285	0.1391
92	0.0089	0.0715	0.0586	0.0843	0.0569	0.0895	0.0873	0.0438	0.138	0.1064	0.03	0.2287	0.1395
93	0.0094	0.0719	0.0588	0.0845	0.0571	0.0897	0.0874	0.0438	0.1378	0.1063	0.03	0.2285	0.1393
94	0.0096	0.0716	0.0587	0.0844	0.0572	0.0902	0.0875	0.0437	0.1372	0.1061	0.03	0.2294	0.1394
95	0.0094	0.0718	0.0588	0.0845	0.057	0.0903	0.0874	0.0437	0.1376	0.1061	0.0299	0.2288	0.1391
96	0.0090	0.0718	0.0589	0.0845	0.0573	0.0906	0.0875	0.0437	0.1374	0.1061	0.0299	0.2286	0.1392
97	0.0091	0.0719	0.0591	0.0843	0.0573	0.0904	0.0873	0.0436	0.1373	0.1058	0.03	0.2293	0.1391
98	0.0094	0.0723	0.0593	0.0846	0.0576	0.0907	0.0876	0.0435	0.1369	0.1057	0.03	0.229	0.1392
99	0.0091	0.0724	0.0595	0.0849	0.0576	0.0906	0.0878	0.0437	0.1377	0.1063	0.0299	0.229	0.1394
100	0.0090	0.0728	0.0597	0.0854	0.0576	0.0908	0.088	0.0437	0.1376	0.1065	0.03	0.2297	0.1398
101	0.0087	0.0729	0.0597	0.0855	0.0576	0.0908	0.0881	0.0437	0.1376	0.1065	0.03	0.2296	0.1399
102	0.0089	0.0729	0.0597	0.0856	0.0577	0.0908	0.0882	0.0438	0.1377	0.1066	0.0299	0.2295	0.1398
103	0.0092	0.0731	0.0597	0.0857	0.0573	0.0902	0.0878	0.0438	0.1375	0.1065	0.0299	0.2285	0.1395
104	0.0089	0.073	0.0596	0.0856	0.0575	0.0902	0.0879	0.0437	0.1377	0.1065	0.0298	0.2279	0.1393
105	0.0085	0.0728	0.0596	0.0855	0.0573	0.0898	0.0876	0.0437	0.1376	0.1064	0.0298	0.2278	0.1391
106	0.0090	0.0728	0.0594	0.0855	0.0574	0.0905	0.0879	0.0436	0.1374	0.1064	0.0297	0.2279	0.1392
107	0.0090	0.073	0.0595	0.0854	0.0575	0.0907	0.0878	0.0437	0.1379	0.1064	0.0297	0.2283	0.1391
108	0.0088	0.0731	0.0597	0.0857	0.0576	0.0907	0.0881	0.0437	0.1381	0.1066	0.0298	0.2282	0.1393
109	0.0096	0.0734	0.0602	0.086	0.0575	0.0908	0.0881	0.0438	0.1387	0.1069	0.0298	0.2282	0.1394
110	0.0090	0.0733	0.0603	0.086	0.0576	0.091	0.0883	0.0439	0.139	0.1071	0.0298	0.2287	0.1397
111	0.0086	0.0738	0.0606	0.0866	0.0576	0.0911	0.0885	0.0438	0.1387	0.1072	0.0298	0.2281	0.1397
112	0.0088	0.074	0.0608	0.0868	0.058	0.0919	0.089	0.0438	0.1385	0.1074	0.0297	0.228	0.1397
113	0.0088	0.074	0.0606	0.0866	0.0579	0.0918	0.0889	0.0438	0.1382	0.1071	0.0296	0.2277	0.1395
114	0.0090	0.0737	0.0604	0.0863	0.0576	0.0914	0.0886	0.0437	0.1378	0.1069	0.0296	0.2274	0.1393
115	0.0087	0.0735	0.0602	0.0861	0.0574	0.0911	0.0883	0.0437	0.1375	0.1067	0.0296	0.2271	0.1391
116	0.0086	0.0735	0.0605	0.0861	0.0574	0.0912	0.0883	0.0437	0.1374	0.1066	0.0297	0.2276	0.1392
117	0.0085	0.0734	0.0601	0.0859	0.0573	0.0915	0.0882	0.0435	0.1371	0.1064	0.0295	0.2265	0.1387
118	0.0091	0.0731	0.0598	0.0858	0.0571	0.0912	0.0881	0.0436	0.1373	0.1065	0.0296	0.2267	0.1388
119	0.0088	0.0732	0.06	0.0857	0.0571	0.0913	0.088	0.0435	0.1371	0.1062	0.0295	0.2262	0.1385
120	0.0084	0.0734	0.0599	0.0858	0.0573	0.0918	0.0882	0.0435	0.1369	0.1063	0.0295	0.2262	0.1385
121	0.0083	0.0729	0.0598	0.0855	0.0573	0.0917	0.0882	0.0435	0.1367	0.1062	0.0296	0.2271	0.1388
122	0.0081	0.073	0.0598	0.0855	0.0576	0.0921	0.0884	0.0434	0.1362	0.106	0.0296	0.2272	0.1388
123	0.0089	0.073	0.0598	0.0855	0.0573	0.0914	0.088	0.0436	0.1369	0.1062	0.0296	0.2273	0.1387
124	0.0084	0.0729	0.0593	0.0852	0.0568	0.0906	0.0874	0.0436	0.1371	0.106	0.0296	0.227	0.1384
125	0.0082	0.0724	0.059	0.0846	0.0567	0.0905	0.0871	0.0436	0.137	0.1056	0.0295	0.2266	0.1379
126	0.0080	0.0727	0.0592	0.0848	0.0568	0.0908	0.0872	0.0435	0.1367	0.1055	0.0295	0.2266	0.1379
127	0.0087	0.0726	0.0592	0.0849	0.0569	0.0909	0.0874	0.0436	0.1367	0.1057	0.0295	0.2267	0.138
128	0.0082	0.0726	0.0592	0.085	0.0569	0.0908	0.0876	0.0436	0.1372	0.1061	0.0295	0.2263	0.1382
129	0.0089	0.0723	0.0587	0.0849	0.057	0.0912	0.0878	0.0436	0.1371	0.1061	0.0295	0.2258	0.1381
130	0.0086	0.0725	0.059	0.085	0.057	0.0915	0.0879	0.0436	0.1373	0.1061	0.0295	0.2259	0.1382
131	0.0079	0.0725	0.0592	0.0851	0.0568	0.0914	0.0877	0.0434	0.1366	0.1059	0.0295	0.2262	0.1382
132	0.0085	0.0721	0.059	0.0848	0.0565	0.0909	0.0874	0.0435	0.1369	0.1059	0.0294	0.2261	0.1381
133	0.0085	0.0724	0.059	0.0849	0.0566	0.0914	0.0876	0.0436	0.1373	0.1061	0.0294	0.2255	0.1379
134	0.0083	0.0724	0.0589	0.0847	0.0566	0.0917	0.0875	0.0435	0.1371	0.1059	0.0294	0.2262	0.138
135	0.0082	0.0725	0.059	0.0848	0.0569	0.0919	0.0877	0.0434	0.1368	0.1058	0.0295	0.2261	0.138
136	0.0079	0.0724	0.0592	0.0847	0.0567	0.0915	0.0874	0.0435	0.1368	0.1057	0.0294	0.2256	0.1377
137	0.0085	0.0719	0.0591	0.0843	0.0566	0.0913	0.0872	0.0437	0.1374	0.1058	0.0294	0.2256	0.1376
138	0.0090	0.0719	0.059	0.0843	0.0567	0.0915	0.0873	0.0437	0.1377	0.1059	0.0294	0.2253	0.1375
139	0.0086	0.0717	0.0587	0.084	0.0564	0.0907	0.0868	0.0436	0.1376	0.1056	0.0293	0.2252	0.1372
140	0.0088	0.0715	0.0584	0.0839	0.0563	0.0908	0.0869	0.0434	0.1368	0.1054	0.0292	0.2249	0.1372
141	0.0085	0.0717	0.0586	0.0841	0.0564	0.0907	0.087	0.0434	0.137	0.1055	0.0292	0.225	0.1372
142	0.0078	0.0715	0.0584	0.0839	0.0566	0.0907	0.087	0.0435	0.1371	0.1055	0.0292	0.2247	0.1372
143	0.0083	0.0715	0.0584	0.0838	0.0567	0.0907	0.0869	0.0436	0.1375	0.1055	0.0292	0.2253	0.1372
144	0.0084	0.0718	0.0589	0.0839	0.0566	0.0908	0.0868	0.0436	0.1375	0.1055	0.0292	0.2252	0.137
145	0.0081	0.0722	0.0593	0.0842	0.0565	0.0904	0.0867	0.0433	0.1364	0.105	0.0291	0.2247	0.1368
146	0.0085	0.0718	0.059	0.084	0.0565	0.0904	0.0868	0.043	0.1357	0.1048	0.0291	0.2243	0.1368
147	0.0089	0.0718	0.0589	0.084	0.0565	0.0902	0.0867	0.0431	0.1362	0.105	0.0291	0.2242	0.1368
148	0.0083	0.0721	0.0592	0.0843	0.0567	0.0906	0.087	0.0431	0.1355	0.1048	0.0292	0.2251	0.137
149	0.0084	0.0724	0.0595	0.0846	0.0568	0.0912	0.0871	0.0431	0.1356	0.1048	0.0291	0.2248	0.1368
150	0.0089	0.0719	0.0591	0.0843	0.0567	0.0911	0.0871	0.0431	0.1359	0.1049	0.029	0.2245	0.1367
