{"n_layers": 0, "device": "cuda", "batch_size": 2048, "embedding_dim": 1024, "learning_rate": 0.001, "dataset": "dbbook", "epochs": 150, "top_k": 50, "multimodal": false, "datasets": {"dbbook": ["images", "text"], "ml1m": ["audio", "images", "text", "video"]}}
Epoch	Loss	Recall	Precision	NDCG
1	0.6931	0.0110	0.0015	0.0053
2	0.6777	0.0206	0.0028	0.0109
3	0.6598	0.0585	0.0081	0.0393
4	0.6318	0.1138	0.0156	0.0735
5	0.5885	0.1498	0.0205	0.0951
6	0.5272	0.1664	0.0230	0.1041
7	0.4513	0.1754	0.0242	0.1089
8	0.3724	0.1803	0.0249	0.1115
9	0.3008	0.1834	0.0253	0.1142
10	0.2420	0.1859	0.0256	0.1161
11	0.1960	0.1895	0.0260	0.1185
12	0.1605	0.1917	0.0263	0.1199
13	0.1322	0.1949	0.0266	0.1217
14	0.1107	0.1972	0.0268	0.1228
15	0.0941	0.1997	0.0271	0.1239
16	0.0806	0.2005	0.0272	0.1249
17	0.0689	0.2020	0.0274	0.1259
18	0.0606	0.2034	0.0275	0.1268
19	0.0531	0.2042	0.0276	0.1272
20	0.0470	0.2047	0.0276	0.1274
21	0.0420	0.2055	0.0276	0.1279
22	0.0372	0.2061	0.0276	0.1283
23	0.0344	0.2056	0.0276	0.1286
24	0.0313	0.2063	0.0277	0.1290
25	0.0294	0.2076	0.0278	0.1295
26	0.0269	0.2084	0.0279	0.1299
27	0.0244	0.2086	0.0279	0.1303
28	0.0225	0.2086	0.0279	0.1303
29	0.0209	0.2088	0.0279	0.1307
30	0.0199	0.2091	0.0279	0.1310
31	0.0187	0.2089	0.0280	0.1313
32	0.0173	0.2085	0.0279	0.1316
33	0.0160	0.2099	0.0280	0.1321
34	0.0155	0.2099	0.0280	0.1319
35	0.0152	0.2103	0.0281	0.1320
36	0.0144	0.2113	0.0281	0.1328
37	0.0133	0.2111	0.0281	0.1330
38	0.0129	0.2114	0.0282	0.1333
39	0.0126	0.2117	0.0282	0.1334
40	0.0121	0.2119	0.0282	0.1336
41	0.0119	0.2114	0.0281	0.1336
42	0.0115	0.2116	0.0281	0.1338
43	0.0111	0.2122	0.0282	0.1341
44	0.0109	0.2118	0.0281	0.1339
45	0.0105	0.2111	0.0282	0.1338
46	0.0098	0.2116	0.0282	0.1337
47	0.0093	0.2116	0.0282	0.1337
48	0.0096	0.2108	0.0281	0.1331
49	0.0094	0.2106	0.0281	0.1327
50	0.0088	0.2112	0.0282	0.1332
51	0.0085	0.2112	0.0281	0.1331
52	0.0084	0.2113	0.0281	0.1331
53	0.0076	0.2111	0.0281	0.1332
54	0.0082	0.2112	0.0281	0.1330
55	0.0081	0.2110	0.0280	0.1328
56	0.0080	0.2107	0.0280	0.1329
57	0.0077	0.2105	0.0280	0.1330
58	0.0077	0.2111	0.0280	0.1333
59	0.0074	0.2109	0.0280	0.1334
60	0.0074	0.2109	0.0280	0.1335
61	0.0075	0.2115	0.0280	0.1336
62	0.0064	0.2103	0.0279	0.1332
63	0.0073	0.2109	0.0280	0.1338
64	0.0070	0.2117	0.0280	0.1341
65	0.0068	0.2120	0.0280	0.1342
66	0.0066	0.2109	0.0280	0.1338
67	0.0066	0.2097	0.0278	0.1334
68	0.0068	0.2099	0.0278	0.1334
69	0.0068	0.2105	0.0279	0.1338
70	0.0065	0.2099	0.0279	0.1333
71	0.0062	0.2092	0.0278	0.1329
72	0.0061	0.2089	0.0277	0.1329
73	0.0064	0.2100	0.0278	0.1332
74	0.0060	0.2100	0.0278	0.1330
75	0.0058	0.2104	0.0279	0.1333
76	0.0058	0.2100	0.0278	0.1330
77	0.0064	0.2090	0.0277	0.1327
78	0.0061	0.2091	0.0277	0.1326
79	0.0055	0.2098	0.0278	0.1329
80	0.0060	0.2092	0.0277	0.1331
81	0.0055	0.2095	0.0277	0.1334
82	0.0059	0.2098	0.0278	0.1337
83	0.0055	0.2094	0.0277	0.1336
84	0.0056	0.2096	0.0278	0.1337
85	0.0056	0.2096	0.0278	0.1336
86	0.0058	0.2091	0.0277	0.1335
87	0.0056	0.2093	0.0277	0.1334
88	0.0057	0.2093	0.0277	0.1334
89	0.0053	0.2089	0.0277	0.1332
90	0.0057	0.2085	0.0277	0.1333
91	0.0056	0.2082	0.0276	0.1333
92	0.0060	0.2080	0.0276	0.1333
93	0.0060	0.2077	0.0275	0.1330
94	0.0054	0.2079	0.0276	0.1330
95	0.0056	0.2084	0.0276	0.1333
96	0.0054	0.2090	0.0276	0.1336
97	0.0054	0.2085	0.0276	0.1331
98	0.0053	0.2087	0.0276	0.1332
99	0.0057	0.2087	0.0277	0.1337
100	0.0051	0.2094	0.0278	0.1341
101	0.0056	0.2088	0.0277	0.1339
102	0.0054	0.2097	0.0278	0.1342
103	0.0052	0.2104	0.0278	0.1344
104	0.0052	0.2102	0.0278	0.1341
105	0.0051	0.2103	0.0278	0.1341
106	0.0058	0.2098	0.0277	0.1339
107	0.0050	0.2096	0.0277	0.1335
108	0.0053	0.2100	0.0277	0.1334
109	0.0054	0.2097	0.0276	0.1332
110	0.0052	0.2098	0.0277	0.1332
111	0.0054	0.2094	0.0277	0.1332
112	0.0051	0.2100	0.0277	0.1333
113	0.0054	0.2095	0.0276	0.1331
114	0.0047	0.2094	0.0276	0.1331
115	0.0056	0.2096	0.0276	0.1330
116	0.0049	0.2098	0.0277	0.1332
117	0.0047	0.2106	0.0278	0.1334
118	0.0049	0.2110	0.0278	0.1336
119	0.0049	0.2124	0.0279	0.1342
120	0.0054	0.2118	0.0279	0.1341
121	0.0048	0.2125	0.0280	0.1344
122	0.0054	0.2115	0.0279	0.1341
123	0.0055	0.2113	0.0279	0.1339
124	0.0052	0.2104	0.0278	0.1334
125	0.0049	0.2104	0.0278	0.1334
126	0.0052	0.2110	0.0278	0.1335
127	0.0055	0.2103	0.0277	0.1333
128	0.0047	0.2108	0.0278	0.1333
129	0.0048	0.2112	0.0278	0.1333
130	0.0051	0.2111	0.0278	0.1332
131	0.0057	0.2113	0.0278	0.1331
132	0.0047	0.2115	0.0278	0.1332
133	0.0049	0.2110	0.0278	0.1331
134	0.0055	0.2107	0.0277	0.1329
135	0.0055	0.2109	0.0278	0.1333
136	0.0049	0.2109	0.0278	0.1334
137	0.0051	0.2103	0.0278	0.1334
138	0.0052	0.2102	0.0278	0.1335
139	0.0049	0.2104	0.0278	0.1334
140	0.0047	0.2106	0.0278	0.1335
141	0.0054	0.2110	0.0279	0.1336
142	0.0056	0.2097	0.0277	0.1331
143	0.0052	0.2090	0.0276	0.1328
144	0.0052	0.2095	0.0275	0.1329
145	0.0047	0.2098	0.0276	0.1332
146	0.0049	0.2097	0.0275	0.1330
147	0.0052	0.2100	0.0275	0.1331
148	0.0057	0.2102	0.0275	0.1331
149	0.0054	0.2097	0.0274	0.1326
150	0.0055	0.2103	0.0275	0.1326
