{"n_layers": 0, "device": "cuda", "batch_size": 2048, "embedding_dim": 1024, "learning_rate": 0.001, "dataset": "dbbook", "epochs": 150, "top_k": 50, "multimodal": false, "datasets": {"dbbook": ["images", "text"], "ml1m": ["audio", "images", "text", "video"]}}
Epoch	Loss	Recall	Precision	NDCG
1	0.6932	0.0107	0.0014	0.0050
2	0.6777	0.0205	0.0027	0.0106
3	0.6598	0.0608	0.0083	0.0402
4	0.6319	0.1157	0.0159	0.0742
5	0.5886	0.1515	0.0206	0.0949
6	0.5273	0.1701	0.0232	0.1048
7	0.4518	0.1782	0.0244	0.1097
8	0.3728	0.1824	0.0251	0.1132
9	0.3010	0.1845	0.0253	0.1154
10	0.2420	0.1872	0.0257	0.1177
11	0.1966	0.1917	0.0262	0.1202
12	0.1605	0.1935	0.0264	0.1216
13	0.1330	0.1955	0.0266	0.1225
14	0.1113	0.1974	0.0268	0.1237
15	0.0938	0.1988	0.0270	0.1248
16	0.0802	0.2001	0.0271	0.1255
17	0.0693	0.2018	0.0273	0.1264
18	0.0609	0.2034	0.0274	0.1271
19	0.0527	0.2048	0.0276	0.1281
20	0.0468	0.2057	0.0277	0.1288
21	0.0417	0.2067	0.0279	0.1294
22	0.0379	0.2064	0.0279	0.1299
23	0.0339	0.2079	0.0280	0.1307
24	0.0310	0.2091	0.0282	0.1313
25	0.0287	0.2098	0.0282	0.1320
26	0.0262	0.2103	0.0282	0.1322
27	0.0242	0.2118	0.0283	0.1330
28	0.0225	0.2111	0.0283	0.1330
29	0.0207	0.2117	0.0283	0.1333
30	0.0197	0.2117	0.0284	0.1336
31	0.0189	0.2126	0.0284	0.1340
32	0.0174	0.2131	0.0285	0.1341
33	0.0162	0.2130	0.0284	0.1337
34	0.0157	0.2126	0.0284	0.1338
35	0.0151	0.2136	0.0285	0.1342
36	0.0138	0.2139	0.0285	0.1342
37	0.0139	0.2138	0.0284	0.1341
38	0.0132	0.2141	0.0285	0.1341
39	0.0125	0.2142	0.0285	0.1343
40	0.0124	0.2142	0.0285	0.1344
41	0.0113	0.2143	0.0285	0.1345
42	0.0112	0.2139	0.0284	0.1344
43	0.0108	0.2136	0.0284	0.1347
44	0.0104	0.2132	0.0284	0.1345
45	0.0105	0.2133	0.0284	0.1346
46	0.0096	0.2128	0.0283	0.1345
47	0.0092	0.2137	0.0285	0.1349
48	0.0095	0.2132	0.0284	0.1350
49	0.0090	0.2130	0.0284	0.1350
50	0.0089	0.2132	0.0284	0.1352
51	0.0087	0.2128	0.0284	0.1351
52	0.0087	0.2131	0.0284	0.1354
53	0.0081	0.2128	0.0283	0.1350
54	0.0079	0.2132	0.0284	0.1353
55	0.0079	0.2136	0.0284	0.1354
56	0.0076	0.2137	0.0284	0.1354
57	0.0078	0.2144	0.0285	0.1358
58	0.0075	0.2134	0.0284	0.1352
59	0.0074	0.2135	0.0284	0.1351
60	0.0070	0.2136	0.0284	0.1351
61	0.0072	0.2137	0.0284	0.1351
62	0.0067	0.2140	0.0284	0.1349
63	0.0070	0.2133	0.0283	0.1345
64	0.0073	0.2139	0.0284	0.1348
65	0.0070	0.2141	0.0284	0.1348
66	0.0065	0.2137	0.0283	0.1344
67	0.0065	0.2130	0.0283	0.1344
68	0.0066	0.2131	0.0283	0.1346
69	0.0068	0.2132	0.0283	0.1348
70	0.0064	0.2133	0.0283	0.1352
71	0.0064	0.2136	0.0283	0.1354
72	0.0066	0.2137	0.0283	0.1350
73	0.0058	0.2143	0.0283	0.1351
74	0.0063	0.2145	0.0283	0.1349
75	0.0061	0.2142	0.0283	0.1348
76	0.0064	0.2140	0.0283	0.1350
77	0.0062	0.2139	0.0283	0.1353
78	0.0060	0.2132	0.0282	0.1350
79	0.0061	0.2129	0.0282	0.1348
80	0.0057	0.2130	0.0282	0.1350
81	0.0057	0.2131	0.0281	0.1348
82	0.0059	0.2133	0.0282	0.1347
83	0.0061	0.2137	0.0282	0.1349
84	0.0059	0.2135	0.0281	0.1350
85	0.0056	0.2138	0.0282	0.1348
86	0.0058	0.2138	0.0282	0.1349
87	0.0055	0.2143	0.0282	0.1352
88	0.0059	0.2142	0.0282	0.1350
89	0.0058	0.2141	0.0283	0.1350
90	0.0059	0.2135	0.0282	0.1348
91	0.0055	0.2138	0.0282	0.1352
92	0.0054	0.2135	0.0282	0.1349
93	0.0057	0.2137	0.0282	0.1348
94	0.0053	0.2139	0.0282	0.1349
95	0.0050	0.2147	0.0283	0.1353
96	0.0057	0.2147	0.0282	0.1351
97	0.0055	0.2144	0.0282	0.1351
98	0.0053	0.2139	0.0282	0.1350
99	0.0050	0.2139	0.0283	0.1350
100	0.0053	0.2144	0.0283	0.1352
101	0.0055	0.2143	0.0283	0.1354
102	0.0052	0.2142	0.0282	0.1356
103	0.0053	0.2146	0.0283	0.1356
104	0.0055	0.2143	0.0283	0.1354
105	0.0053	0.2137	0.0282	0.1352
106	0.0049	0.2134	0.0282	0.1349
107	0.0050	0.2134	0.0282	0.1350
108	0.0051	0.2136	0.0282	0.1353
109	0.0052	0.2139	0.0282	0.1352
110	0.0051	0.2141	0.0282	0.1350
111	0.0047	0.2136	0.0282	0.1350
112	0.0055	0.2138	0.0282	0.1351
113	0.0048	0.2137	0.0282	0.1351
114	0.0052	0.2134	0.0282	0.1349
115	0.0050	0.2131	0.0281	0.1349
116	0.0053	0.2127	0.0281	0.1348
117	0.0051	0.2125	0.0281	0.1347
118	0.0051	0.2124	0.0281	0.1348
119	0.0048	0.2123	0.0281	0.1350
120	0.0053	0.2125	0.0281	0.1348
121	0.0053	0.2128	0.0281	0.1350
122	0.0048	0.2127	0.0281	0.1348
123	0.0049	0.2134	0.0282	0.1353
124	0.0051	0.2127	0.0282	0.1350
125	0.0051	0.2127	0.0281	0.1351
126	0.0052	0.2117	0.0281	0.1348
127	0.0052	0.2115	0.0281	0.1345
128	0.0053	0.2113	0.0280	0.1346
129	0.0048	0.2108	0.0280	0.1347
130	0.0050	0.2112	0.0280	0.1346
131	0.0051	0.2111	0.0280	0.1344
132	0.0052	0.2109	0.0279	0.1340
133	0.0047	0.2113	0.0280	0.1340
134	0.0052	0.2117	0.0280	0.1339
135	0.0049	0.2115	0.0280	0.1338
136	0.0056	0.2114	0.0280	0.1337
137	0.0049	0.2113	0.0280	0.1341
138	0.0055	0.2124	0.0281	0.1340
139	0.0052	0.2118	0.0280	0.1339
140	0.0048	0.2124	0.0281	0.1338
141	0.0050	0.2114	0.0280	0.1334
142	0.0048	0.2115	0.0280	0.1335
143	0.0053	0.2118	0.0280	0.1335
144	0.0050	0.2110	0.0279	0.1333
145	0.0051	0.2105	0.0279	0.1331
146	0.0051	0.2106	0.0278	0.1333
147	0.0049	0.2106	0.0278	0.1331
148	0.0051	0.2106	0.0279	0.1329
149	0.0051	0.2108	0.0278	0.1332
150	0.0052	0.2110	0.0279	0.1332
