{"n_layers": 0, "device": "cuda", "batch_size": 2048, "embedding_dim": 1024, "learning_rate": 0.001, "dataset": "dbbook", "epochs": 150, "top_k": 50, "multimodal": true, "datasets": {"dbbook": ["images", "text"], "ml1m": ["audio", "images", "text", "video"]}}
Epoch	Loss	Recall	Precision	NDCG
1	0.6927	0.0194	0.0025	0.0098
2	0.6717	0.0429	0.0055	0.0271
3	0.6489	0.0857	0.0113	0.0578
4	0.6163	0.1310	0.0177	0.0867
5	0.5696	0.1581	0.0215	0.1026
6	0.5071	0.1745	0.0239	0.1110
7	0.4345	0.1824	0.0250	0.1151
8	0.3603	0.1856	0.0255	0.1169
9	0.2945	0.1897	0.0261	0.1190
10	0.2405	0.1936	0.0267	0.1215
11	0.1976	0.1972	0.0273	0.1238
12	0.1637	0.1995	0.0275	0.1252
13	0.1374	0.2025	0.0278	0.1269
14	0.1169	0.2051	0.0280	0.1286
15	0.0990	0.2075	0.0282	0.1297
16	0.0864	0.2088	0.0284	0.1303
17	0.0746	0.2104	0.0286	0.1313
18	0.0653	0.2118	0.0288	0.1322
19	0.0586	0.2134	0.0289	0.1335
20	0.0511	0.2139	0.0290	0.1346
21	0.0459	0.2156	0.0291	0.1352
22	0.0419	0.2165	0.0293	0.1357
23	0.0383	0.2169	0.0293	0.1360
24	0.0350	0.2186	0.0294	0.1363
25	0.0315	0.2191	0.0295	0.1367
26	0.0288	0.2194	0.0295	0.1368
27	0.0270	0.2194	0.0295	0.1369
28	0.0247	0.2198	0.0296	0.1377
29	0.0235	0.2195	0.0296	0.1378
30	0.0221	0.2207	0.0296	0.1383
31	0.0202	0.2211	0.0297	0.1384
32	0.0191	0.2214	0.0298	0.1385
33	0.0182	0.2220	0.0298	0.1388
34	0.0172	0.2226	0.0298	0.1393
35	0.0164	0.2225	0.0298	0.1397
36	0.0153	0.2223	0.0298	0.1399
37	0.0155	0.2221	0.0298	0.1400
38	0.0147	0.2229	0.0298	0.1406
39	0.0139	0.2237	0.0299	0.1412
40	0.0130	0.2238	0.0299	0.1413
41	0.0126	0.2241	0.0299	0.1417
42	0.0122	0.2248	0.0300	0.1422
43	0.0120	0.2254	0.0301	0.1426
44	0.0113	0.2257	0.0301	0.1426
45	0.0112	0.2261	0.0301	0.1425
46	0.0107	0.2259	0.0301	0.1427
47	0.0101	0.2259	0.0301	0.1430
48	0.0099	0.2261	0.0302	0.1430
49	0.0091	0.2261	0.0301	0.1429
50	0.0095	0.2261	0.0301	0.1427
51	0.0091	0.2267	0.0301	0.1432
52	0.0089	0.2268	0.0301	0.1433
53	0.0089	0.2271	0.0302	0.1433
54	0.0084	0.2282	0.0303	0.1439
55	0.0084	0.2281	0.0303	0.1438
56	0.0080	0.2279	0.0302	0.1437
57	0.0081	0.2275	0.0301	0.1435
58	0.0075	0.2274	0.0302	0.1436
59	0.0075	0.2272	0.0301	0.1439
60	0.0075	0.2276	0.0302	0.1440
61	0.0075	0.2277	0.0302	0.1441
62	0.0072	0.2277	0.0302	0.1440
63	0.0070	0.2282	0.0302	0.1444
64	0.0071	0.2278	0.0301	0.1440
65	0.0072	0.2278	0.0302	0.1440
66	0.0065	0.2285	0.0302	0.1444
67	0.0065	0.2277	0.0302	0.1439
68	0.0069	0.2282	0.0301	0.1439
69	0.0063	0.2282	0.0302	0.1440
70	0.0069	0.2273	0.0301	0.1438
71	0.0058	0.2285	0.0302	0.1441
72	0.0059	0.2281	0.0302	0.1439
73	0.0061	0.2280	0.0302	0.1438
74	0.0061	0.2277	0.0302	0.1435
75	0.0059	0.2281	0.0302	0.1437
76	0.0070	0.2282	0.0302	0.1438
77	0.0059	0.2279	0.0302	0.1439
78	0.0057	0.2281	0.0302	0.1438
79	0.0056	0.2279	0.0302	0.1440
80	0.0054	0.2275	0.0301	0.1436
81	0.0060	0.2280	0.0302	0.1438
82	0.0055	0.2283	0.0302	0.1439
83	0.0058	0.2284	0.0302	0.1442
84	0.0054	0.2286	0.0302	0.1441
85	0.0057	0.2282	0.0302	0.1439
86	0.0058	0.2283	0.0301	0.1432
87	0.0054	0.2277	0.0300	0.1431
88	0.0059	0.2279	0.0301	0.1434
89	0.0054	0.2286	0.0301	0.1437
90	0.0055	0.2293	0.0302	0.1438
91	0.0051	0.2295	0.0303	0.1440
92	0.0051	0.2293	0.0303	0.1441
93	0.0057	0.2302	0.0303	0.1448
94	0.0053	0.2303	0.0304	0.1447
95	0.0049	0.2298	0.0303	0.1446
96	0.0048	0.2304	0.0304	0.1448
97	0.0050	0.2294	0.0303	0.1443
98	0.0051	0.2290	0.0303	0.1440
99	0.0052	0.2286	0.0302	0.1441
100	0.0052	0.2283	0.0302	0.1440
101	0.0048	0.2285	0.0302	0.1439
102	0.0057	0.2281	0.0301	0.1436
103	0.0052	0.2280	0.0301	0.1437
104	0.0050	0.2284	0.0301	0.1437
105	0.0051	0.2274	0.0300	0.1432
106	0.0049	0.2273	0.0300	0.1430
107	0.0052	0.2275	0.0300	0.1429
108	0.0054	0.2274	0.0300	0.1430
109	0.0046	0.2264	0.0299	0.1427
110	0.0045	0.2268	0.0299	0.1428
111	0.0050	0.2271	0.0299	0.1428
112	0.0046	0.2275	0.0299	0.1429
113	0.0049	0.2281	0.0300	0.1430
114	0.0048	0.2280	0.0300	0.1434
115	0.0052	0.2275	0.0299	0.1434
116	0.0048	0.2277	0.0299	0.1434
117	0.0048	0.2275	0.0300	0.1432
118	0.0049	0.2271	0.0299	0.1431
119	0.0044	0.2269	0.0299	0.1431
120	0.0050	0.2274	0.0300	0.1434
121	0.0046	0.2274	0.0300	0.1436
122	0.0047	0.2279	0.0300	0.1436
123	0.0045	0.2277	0.0300	0.1435
124	0.0044	0.2276	0.0300	0.1437
125	0.0047	0.2284	0.0300	0.1439
126	0.0049	0.2284	0.0301	0.1440
127	0.0047	0.2279	0.0301	0.1439
128	0.0040	0.2281	0.0301	0.1437
129	0.0042	0.2280	0.0301	0.1438
130	0.0047	0.2280	0.0301	0.1437
131	0.0047	0.2274	0.0301	0.1437
132	0.0052	0.2278	0.0301	0.1436
133	0.0045	0.2278	0.0301	0.1433
134	0.0046	0.2275	0.0300	0.1433
135	0.0049	0.2276	0.0300	0.1437
136	0.0047	0.2267	0.0299	0.1437
137	0.0051	0.2265	0.0299	0.1438
138	0.0042	0.2267	0.0299	0.1441
139	0.0050	0.2258	0.0298	0.1438
140	0.0044	0.2255	0.0298	0.1436
141	0.0053	0.2257	0.0298	0.1433
142	0.0047	0.2257	0.0298	0.1434
143	0.0048	0.2258	0.0298	0.1430
144	0.0047	0.2251	0.0297	0.1426
145	0.0048	0.2253	0.0297	0.1425
146	0.0045	0.2250	0.0296	0.1423
147	0.0050	0.2248	0.0296	0.1424
148	0.0047	0.2243	0.0296	0.1422
149	0.0051	0.2241	0.0295	0.1425
150	0.0044	0.2239	0.0296	0.1425
