{"n_layers": 0, "device": "cuda", "batch_size": 2048, "embedding_dim": 16, "learning_rate": 0.001, "dataset": "dbbook", "epochs": 150, "top_k": 50, "multimodal": true, "datasets": {"dbbook": ["images", "text"], "ml1m": ["audio", "images", "text", "video"]}}
Epoch	Loss	Recall	Precision	NDCG
1	0.6931	0.0119	0.0014	0.0050
2	0.6928	0.0148	0.0018	0.0066
3	0.6925	0.0224	0.0028	0.0106
4	0.6920	0.0351	0.0043	0.0179
5	0.6915	0.0490	0.0063	0.0271
6	0.6907	0.0642	0.0084	0.0371
7	0.6897	0.0785	0.0105	0.0460
8	0.6883	0.0910	0.0124	0.0526
9	0.6865	0.1017	0.0140	0.0583
10	0.6841	0.1087	0.0151	0.0623
11	0.6811	0.1152	0.0161	0.0658
12	0.6775	0.1209	0.0171	0.0686
13	0.6731	0.1250	0.0176	0.0705
14	0.6681	0.1276	0.0181	0.0717
15	0.6622	0.1303	0.0185	0.0730
16	0.6556	0.1330	0.0188	0.0743
17	0.6485	0.1343	0.0191	0.0748
18	0.6402	0.1357	0.0193	0.0756
19	0.6314	0.1364	0.0194	0.0759
20	0.6224	0.1373	0.0195	0.0763
21	0.6127	0.1385	0.0197	0.0767
22	0.6021	0.1391	0.0198	0.0769
23	0.5917	0.1400	0.0200	0.0773
24	0.5809	0.1410	0.0201	0.0776
25	0.5698	0.1415	0.0202	0.0778
26	0.5589	0.1417	0.0203	0.0780
27	0.5479	0.1422	0.0204	0.0783
28	0.5363	0.1428	0.0205	0.0786
29	0.5252	0.1433	0.0205	0.0787
30	0.5144	0.1436	0.0206	0.0788
31	0.5033	0.1445	0.0206	0.0789
32	0.4926	0.1449	0.0207	0.0789
33	0.4824	0.1454	0.0207	0.0791
34	0.4724	0.1454	0.0207	0.0791
35	0.4617	0.1453	0.0207	0.0792
36	0.4528	0.1452	0.0207	0.0791
37	0.4436	0.1458	0.0208	0.0792
38	0.4355	0.1453	0.0207	0.0791
39	0.4255	0.1458	0.0208	0.0793
40	0.4164	0.1462	0.0208	0.0795
41	0.4082	0.1463	0.0209	0.0796
42	0.4017	0.1465	0.0209	0.0796
43	0.3941	0.1470	0.0209	0.0797
44	0.3880	0.1464	0.0209	0.0795
45	0.3795	0.1466	0.0209	0.0796
46	0.3721	0.1470	0.0209	0.0798
47	0.3673	0.1469	0.0209	0.0799
48	0.3605	0.1474	0.0210	0.0801
49	0.3557	0.1477	0.0210	0.0802
50	0.3500	0.1477	0.0210	0.0801
51	0.3441	0.1483	0.0210	0.0804
52	0.3396	0.1484	0.0211	0.0805
53	0.3354	0.1483	0.0211	0.0804
54	0.3272	0.1487	0.0211	0.0805
55	0.3230	0.1490	0.0211	0.0806
56	0.3191	0.1488	0.0211	0.0806
57	0.3146	0.1490	0.0212	0.0807
58	0.3101	0.1489	0.0212	0.0807
59	0.3052	0.1490	0.0212	0.0808
60	0.3004	0.1488	0.0212	0.0808
61	0.2986	0.1490	0.0212	0.0809
62	0.2925	0.1493	0.0213	0.0810
63	0.2923	0.1496	0.0213	0.0813
64	0.2880	0.1501	0.0213	0.0814
65	0.2840	0.1502	0.0214	0.0814
66	0.2813	0.1501	0.0214	0.0816
67	0.2765	0.1503	0.0214	0.0817
68	0.2719	0.1505	0.0214	0.0818
69	0.2709	0.1504	0.0214	0.0818
70	0.2664	0.1507	0.0214	0.0820
71	0.2620	0.1505	0.0214	0.0820
72	0.2610	0.1505	0.0214	0.0821
73	0.2587	0.1505	0.0214	0.0822
74	0.2532	0.1506	0.0215	0.0823
75	0.2510	0.1509	0.0215	0.0824
76	0.2500	0.1509	0.0215	0.0826
77	0.2462	0.1514	0.0215	0.0827
78	0.2437	0.1513	0.0216	0.0826
79	0.2420	0.1519	0.0216	0.0828
80	0.2377	0.1517	0.0216	0.0828
81	0.2371	0.1513	0.0215	0.0827
82	0.2356	0.1515	0.0216	0.0828
83	0.2320	0.1520	0.0216	0.0830
84	0.2301	0.1525	0.0217	0.0833
85	0.2258	0.1527	0.0217	0.0834
86	0.2247	0.1525	0.0217	0.0835
87	0.2221	0.1529	0.0218	0.0835
88	0.2192	0.1528	0.0218	0.0834
89	0.2171	0.1524	0.0217	0.0832
90	0.2186	0.1529	0.0217	0.0834
91	0.2135	0.1529	0.0217	0.0835
92	0.2110	0.1533	0.0218	0.0836
93	0.2111	0.1536	0.0218	0.0838
94	0.2057	0.1537	0.0218	0.0838
95	0.2070	0.1536	0.0218	0.0838
96	0.2030	0.1538	0.0218	0.0839
97	0.2031	0.1535	0.0218	0.0839
98	0.2030	0.1536	0.0218	0.0838
99	0.1964	0.1533	0.0218	0.0838
100	0.1965	0.1535	0.0217	0.0837
101	0.1971	0.1538	0.0217	0.0838
102	0.1923	0.1538	0.0217	0.0838
103	0.1918	0.1541	0.0218	0.0839
104	0.1899	0.1543	0.0218	0.0839
105	0.1875	0.1549	0.0219	0.0842
106	0.1866	0.1550	0.0219	0.0843
107	0.1867	0.1548	0.0218	0.0843
108	0.1820	0.1547	0.0218	0.0844
109	0.1827	0.1543	0.0218	0.0844
110	0.1816	0.1546	0.0218	0.0845
111	0.1806	0.1547	0.0218	0.0845
112	0.1770	0.1549	0.0218	0.0847
113	0.1789	0.1553	0.0219	0.0848
114	0.1740	0.1551	0.0219	0.0846
115	0.1745	0.1551	0.0219	0.0846
116	0.1712	0.1551	0.0219	0.0846
117	0.1708	0.1550	0.0219	0.0846
118	0.1678	0.1549	0.0219	0.0847
119	0.1689	0.1552	0.0219	0.0848
120	0.1671	0.1556	0.0219	0.0850
121	0.1657	0.1557	0.0220	0.0850
122	0.1642	0.1558	0.0220	0.0850
123	0.1616	0.1562	0.0220	0.0851
124	0.1626	0.1561	0.0220	0.0852
125	0.1605	0.1562	0.0220	0.0852
126	0.1598	0.1563	0.0220	0.0853
127	0.1567	0.1562	0.0220	0.0854
128	0.1555	0.1561	0.0220	0.0853
129	0.1568	0.1564	0.0221	0.0854
130	0.1537	0.1564	0.0221	0.0854
131	0.1507	0.1564	0.0221	0.0854
132	0.1500	0.1565	0.0221	0.0854
133	0.1515	0.1567	0.0221	0.0855
134	0.1476	0.1566	0.0221	0.0855
135	0.1472	0.1566	0.0221	0.0857
136	0.1470	0.1568	0.0221	0.0858
137	0.1466	0.1566	0.0221	0.0858
138	0.1444	0.1567	0.0221	0.0858
139	0.1436	0.1569	0.0221	0.0858
140	0.1429	0.1570	0.0221	0.0858
141	0.1399	0.1571	0.0221	0.0860
142	0.1381	0.1573	0.0221	0.0860
143	0.1383	0.1570	0.0221	0.0860
144	0.1388	0.1573	0.0222	0.0861
145	0.1395	0.1573	0.0222	0.0862
146	0.1347	0.1573	0.0221	0.0861
147	0.1358	0.1572	0.0221	0.0863
148	0.1331	0.1573	0.0222	0.0863
149	0.1334	0.1571	0.0221	0.0862
150	0.1347	0.1571	0.0222	0.0862
