{"n_layers": 0, "device": "cuda", "batch_size": 2048, "embedding_dim": 64, "learning_rate": 0.001, "dataset": "dbbook", "epochs": 150, "top_k": 50, "multimodal": true, "datasets": {"dbbook": ["images", "text"], "ml1m": ["audio", "images", "text", "video"]}}
Epoch	Loss	Recall	Precision	NDCG
1	0.6920	0.0210	0.0028	0.0098
2	0.6860	0.0324	0.0042	0.0157
3	0.6801	0.0403	0.0053	0.0211
4	0.6742	0.0489	0.0065	0.0271
5	0.6674	0.0580	0.0077	0.0332
6	0.6599	0.0665	0.0090	0.0396
7	0.6512	0.0760	0.0103	0.0466
8	0.6420	0.0853	0.0116	0.0530
9	0.6310	0.0955	0.0131	0.0594
10	0.6194	0.1048	0.0144	0.0649
11	0.6064	0.1132	0.0155	0.0696
12	0.5927	0.1207	0.0165	0.0735
13	0.5777	0.1270	0.0174	0.0770
14	0.5621	0.1310	0.0181	0.0797
15	0.5462	0.1348	0.0187	0.0819
16	0.5282	0.1393	0.0194	0.0840
17	0.5115	0.1440	0.0199	0.0857
18	0.4944	0.1470	0.0204	0.0873
19	0.4766	0.1499	0.0208	0.0885
20	0.4601	0.1525	0.0211	0.0898
21	0.4438	0.1548	0.0214	0.0909
22	0.4284	0.1565	0.0217	0.0917
23	0.4129	0.1579	0.0219	0.0926
24	0.3983	0.1594	0.0221	0.0931
25	0.3836	0.1607	0.0223	0.0940
26	0.3697	0.1615	0.0224	0.0942
27	0.3583	0.1616	0.0224	0.0943
28	0.3454	0.1632	0.0226	0.0949
29	0.3340	0.1643	0.0227	0.0953
30	0.3244	0.1652	0.0229	0.0959
31	0.3118	0.1657	0.0230	0.0964
32	0.3032	0.1665	0.0230	0.0967
33	0.2935	0.1673	0.0232	0.0971
34	0.2850	0.1684	0.0233	0.0974
35	0.2777	0.1686	0.0233	0.0976
36	0.2718	0.1690	0.0234	0.0978
37	0.2647	0.1703	0.0235	0.0982
38	0.2573	0.1704	0.0235	0.0985
39	0.2478	0.1717	0.0236	0.0988
40	0.2421	0.1729	0.0237	0.0992
41	0.2363	0.1731	0.0238	0.0992
42	0.2312	0.1737	0.0238	0.0995
43	0.2260	0.1742	0.0239	0.0996
44	0.2209	0.1743	0.0239	0.0997
45	0.2144	0.1749	0.0239	0.1002
46	0.2114	0.1748	0.0240	0.1002
47	0.2041	0.1753	0.0241	0.1004
48	0.2029	0.1753	0.0241	0.1006
49	0.1999	0.1758	0.0241	0.1009
50	0.1938	0.1765	0.0242	0.1010
51	0.1909	0.1766	0.0242	0.1010
52	0.1857	0.1770	0.0243	0.1012
53	0.1830	0.1766	0.0243	0.1013
54	0.1787	0.1763	0.0243	0.1011
55	0.1755	0.1766	0.0242	0.1010
56	0.1730	0.1768	0.0243	0.1010
57	0.1700	0.1772	0.0243	0.1011
58	0.1680	0.1778	0.0244	0.1014
59	0.1660	0.1780	0.0244	0.1014
60	0.1633	0.1779	0.0244	0.1013
61	0.1607	0.1778	0.0244	0.1014
62	0.1575	0.1794	0.0245	0.1020
63	0.1539	0.1790	0.0245	0.1019
64	0.1511	0.1783	0.0245	0.1017
65	0.1497	0.1791	0.0246	0.1020
66	0.1479	0.1790	0.0246	0.1021
67	0.1443	0.1798	0.0247	0.1025
68	0.1446	0.1800	0.0247	0.1026
69	0.1398	0.1803	0.0247	0.1027
70	0.1395	0.1805	0.0247	0.1029
71	0.1359	0.1809	0.0248	0.1032
72	0.1350	0.1807	0.0247	0.1031
73	0.1303	0.1811	0.0248	0.1033
74	0.1320	0.1814	0.0248	0.1033
75	0.1286	0.1819	0.0249	0.1035
76	0.1260	0.1815	0.0249	0.1034
77	0.1236	0.1815	0.0249	0.1036
78	0.1220	0.1824	0.0250	0.1038
79	0.1219	0.1821	0.0250	0.1036
80	0.1208	0.1818	0.0249	0.1035
81	0.1165	0.1823	0.0250	0.1037
82	0.1186	0.1828	0.0250	0.1041
83	0.1153	0.1829	0.0250	0.1041
84	0.1139	0.1825	0.0250	0.1040
85	0.1142	0.1827	0.0250	0.1043
86	0.1124	0.1830	0.0250	0.1043
87	0.1113	0.1834	0.0250	0.1045
88	0.1081	0.1833	0.0250	0.1044
89	0.1074	0.1833	0.0251	0.1045
90	0.1036	0.1829	0.0250	0.1044
91	0.1034	0.1832	0.0251	0.1045
92	0.1035	0.1839	0.0251	0.1049
93	0.1024	0.1843	0.0252	0.1051
94	0.1008	0.1846	0.0253	0.1052
95	0.0976	0.1853	0.0253	0.1057
96	0.0985	0.1850	0.0253	0.1057
97	0.0980	0.1851	0.0253	0.1059
98	0.0978	0.1854	0.0254	0.1061
99	0.0964	0.1856	0.0254	0.1061
100	0.0957	0.1861	0.0254	0.1064
101	0.0919	0.1861	0.0254	0.1064
102	0.0932	0.1862	0.0255	0.1066
103	0.0929	0.1863	0.0255	0.1066
104	0.0930	0.1858	0.0255	0.1065
105	0.0885	0.1858	0.0255	0.1065
106	0.0903	0.1857	0.0254	0.1065
107	0.0872	0.1863	0.0255	0.1066
108	0.0863	0.1867	0.0255	0.1067
109	0.0861	0.1866	0.0255	0.1065
110	0.0862	0.1868	0.0256	0.1066
111	0.0837	0.1870	0.0256	0.1067
112	0.0829	0.1875	0.0257	0.1068
113	0.0830	0.1872	0.0256	0.1066
114	0.0815	0.1871	0.0256	0.1066
115	0.0827	0.1873	0.0256	0.1067
116	0.0789	0.1870	0.0256	0.1067
117	0.0797	0.1873	0.0257	0.1068
118	0.0792	0.1877	0.0257	0.1070
119	0.0771	0.1879	0.0257	0.1072
120	0.0757	0.1882	0.0258	0.1073
121	0.0752	0.1881	0.0258	0.1076
122	0.0771	0.1880	0.0258	0.1076
123	0.0741	0.1883	0.0258	0.1077
124	0.0750	0.1886	0.0258	0.1078
125	0.0724	0.1888	0.0258	0.1081
126	0.0730	0.1895	0.0259	0.1083
127	0.0729	0.1895	0.0259	0.1083
128	0.0711	0.1893	0.0259	0.1082
129	0.0703	0.1900	0.0260	0.1085
130	0.0692	0.1896	0.0259	0.1084
131	0.0703	0.1892	0.0259	0.1085
132	0.0675	0.1889	0.0259	0.1083
133	0.0680	0.1891	0.0259	0.1082
134	0.0676	0.1887	0.0259	0.1079
135	0.0665	0.1886	0.0258	0.1079
136	0.0660	0.1882	0.0258	0.1079
137	0.0660	0.1882	0.0258	0.1078
138	0.0653	0.1884	0.0258	0.1079
139	0.0648	0.1882	0.0258	0.1080
140	0.0640	0.1882	0.0258	0.1080
141	0.0625	0.1884	0.0258	0.1082
142	0.0634	0.1886	0.0259	0.1085
143	0.0611	0.1889	0.0259	0.1086
144	0.0613	0.1894	0.0259	0.1088
145	0.0604	0.1895	0.0259	0.1088
146	0.0607	0.1900	0.0260	0.1090
147	0.0606	0.1902	0.0260	0.1091
148	0.0601	0.1900	0.0260	0.1092
149	0.0566	0.1897	0.0260	0.1094
150	0.0582	0.1898	0.0259	0.1096
