{"n_layers": 1, "device": "cuda", "batch_size": 2048, "embedding_dim": 512, "learning_rate": 0.001, "dataset": "dbbook", "epochs": 150, "model": "ef-mmlgcn", "fusion": "max", "top_k": [5, 10, 20, 50], "seed": 19, "multimodal": true}
Epoch	Loss	Precision@5	Recall@5	NDCG@5	Precision@10	Recall@10	NDCG@10	Precision@20	Recall@20	NDCG@20	Precision@50	Recall@50	NDCG@50
1	0.6902	0.0149	0.0126	0.0182	0.0116	0.0194	0.0188	0.0089	0.0285	0.0226	0.0061	0.0479	0.0295
2	0.6787	0.0418	0.032	0.0499	0.0308	0.0465	0.0487	0.0214	0.0648	0.0555	0.0133	0.1005	0.0683
3	0.6633	0.0549	0.0416	0.0633	0.0435	0.065	0.0644	0.0312	0.0921	0.075	0.0193	0.1429	0.0934
4	0.6405	0.0559	0.0426	0.0627	0.0446	0.0662	0.0645	0.0347	0.1018	0.079	0.0229	0.1672	0.1029
5	0.6069	0.0529	0.0398	0.0575	0.0436	0.0645	0.0609	0.0346	0.1006	0.0757	0.0242	0.1753	0.1031
6	0.5621	0.0499	0.0382	0.0534	0.0424	0.0627	0.0576	0.0336	0.0973	0.072	0.0246	0.1773	0.1012
7	0.5084	0.047	0.0359	0.0498	0.0402	0.0587	0.0539	0.0325	0.0944	0.0687	0.0245	0.1758	0.0986
8	0.4512	0.044	0.0335	0.0466	0.0389	0.0569	0.0517	0.0319	0.0922	0.0664	0.0242	0.1732	0.096
9	0.3972	0.0432	0.0326	0.0454	0.0376	0.0546	0.0499	0.0315	0.091	0.0651	0.0242	0.1724	0.0949
10	0.3484	0.0431	0.0325	0.0448	0.0371	0.0536	0.0489	0.0312	0.0896	0.0641	0.0241	0.1716	0.0941
11	0.3075	0.0426	0.0323	0.0446	0.0367	0.0534	0.0487	0.0311	0.0895	0.0638	0.0242	0.1722	0.0942
12	0.2737	0.0422	0.032	0.044	0.0371	0.0543	0.0489	0.0309	0.0888	0.0634	0.0242	0.1719	0.094
13	0.2454	0.0426	0.0321	0.0442	0.0375	0.0551	0.0493	0.0311	0.0888	0.0636	0.0244	0.1735	0.0947
14	0.2204	0.0433	0.0326	0.0448	0.0378	0.0554	0.0498	0.0312	0.0898	0.0643	0.0245	0.1746	0.0954
15	0.1999	0.0438	0.0334	0.0455	0.0379	0.0557	0.0502	0.0314	0.0904	0.0648	0.0248	0.1764	0.0964
16	0.1820	0.044	0.0336	0.0456	0.0381	0.0562	0.0504	0.0319	0.0921	0.0657	0.025	0.1786	0.0973
17	0.1694	0.044	0.0336	0.0459	0.0388	0.0574	0.0513	0.0323	0.0936	0.0666	0.0251	0.1789	0.098
18	0.1557	0.0451	0.0344	0.0471	0.0399	0.0592	0.0528	0.0328	0.0943	0.0677	0.0254	0.1807	0.0994
19	0.1414	0.0458	0.035	0.048	0.0401	0.0596	0.0535	0.0332	0.0957	0.0688	0.0257	0.1834	0.1009
20	0.1329	0.0464	0.0355	0.0489	0.0407	0.0608	0.0545	0.0337	0.0974	0.07	0.0258	0.1847	0.102
21	0.1241	0.0469	0.0363	0.0497	0.0413	0.0615	0.0553	0.034	0.0981	0.0708	0.0261	0.187	0.1033
22	0.1175	0.0485	0.0372	0.0513	0.0419	0.0621	0.0564	0.0345	0.0995	0.0722	0.0263	0.1894	0.105
23	0.1081	0.0487	0.0373	0.0517	0.0425	0.0631	0.0572	0.0348	0.1003	0.073	0.0266	0.1914	0.1061
24	0.1021	0.0491	0.0375	0.0522	0.0428	0.0637	0.0577	0.0349	0.101	0.0735	0.0267	0.1928	0.107
25	0.0959	0.0505	0.0389	0.0537	0.0435	0.0651	0.0591	0.0352	0.102	0.0746	0.027	0.1948	0.1084
26	0.0901	0.0514	0.0397	0.0548	0.044	0.0654	0.0598	0.0357	0.1034	0.0758	0.0272	0.196	0.1095
27	0.0848	0.052	0.04	0.0556	0.0445	0.0666	0.0608	0.0361	0.105	0.0769	0.0273	0.1969	0.1105
28	0.0814	0.0522	0.0402	0.0562	0.045	0.0672	0.0616	0.0364	0.1062	0.0779	0.0276	0.1994	0.1119
29	0.0770	0.0527	0.0409	0.057	0.045	0.0672	0.062	0.0367	0.1076	0.0788	0.0277	0.2008	0.1128
30	0.0728	0.053	0.0412	0.0574	0.0456	0.068	0.0627	0.0369	0.1084	0.0794	0.0278	0.2019	0.1135
31	0.0691	0.0538	0.0418	0.0582	0.0463	0.069	0.0635	0.0373	0.1094	0.0802	0.0279	0.2034	0.1145
32	0.0670	0.0541	0.0418	0.0588	0.0469	0.07	0.0645	0.0376	0.1101	0.0811	0.0282	0.2055	0.1157
33	0.0634	0.0547	0.0425	0.0595	0.0469	0.0698	0.0647	0.0379	0.111	0.0818	0.0283	0.2066	0.1164
34	0.0579	0.0547	0.0426	0.0597	0.0471	0.0701	0.0651	0.038	0.1114	0.0822	0.0284	0.2083	0.1172
35	0.0556	0.0548	0.0427	0.06	0.0473	0.0705	0.0655	0.0383	0.1124	0.0829	0.0285	0.2091	0.1178
36	0.0544	0.0554	0.043	0.0606	0.0475	0.071	0.0659	0.0385	0.1132	0.0834	0.0285	0.209	0.1181
37	0.0506	0.0557	0.0436	0.0611	0.0475	0.0712	0.0662	0.0388	0.1142	0.084	0.0286	0.2103	0.1188
38	0.0499	0.0565	0.0442	0.062	0.0477	0.0717	0.0668	0.039	0.1151	0.0848	0.0287	0.2108	0.1195
39	0.0491	0.0572	0.0448	0.0626	0.0483	0.0723	0.0674	0.0392	0.1162	0.0855	0.0288	0.2112	0.12
40	0.0465	0.0585	0.0457	0.0638	0.0485	0.0726	0.0679	0.0394	0.1168	0.0861	0.0288	0.2117	0.1205
41	0.0466	0.0588	0.0456	0.0644	0.0487	0.0731	0.0685	0.0396	0.1178	0.0869	0.0289	0.2122	0.1213
42	0.0430	0.059	0.046	0.0647	0.0491	0.074	0.0691	0.0396	0.1178	0.0871	0.0289	0.2128	0.1217
43	0.0419	0.0587	0.046	0.0648	0.0492	0.0745	0.0695	0.0397	0.1185	0.0876	0.029	0.2137	0.1223
44	0.0395	0.0586	0.0461	0.0649	0.0493	0.0745	0.0697	0.0398	0.1187	0.0878	0.0291	0.2141	0.1226
45	0.0391	0.0587	0.0462	0.0651	0.0495	0.0748	0.0699	0.0399	0.1193	0.0882	0.0291	0.215	0.1231
46	0.0378	0.0592	0.0465	0.0655	0.0496	0.0749	0.0702	0.0402	0.1201	0.0888	0.0293	0.2158	0.1236
47	0.0365	0.0596	0.0467	0.066	0.0496	0.0751	0.0705	0.0404	0.1207	0.0893	0.0292	0.2161	0.1239
48	0.0364	0.0592	0.0465	0.0659	0.0497	0.0754	0.0706	0.0405	0.1209	0.0894	0.0294	0.2169	0.1243
49	0.0350	0.0591	0.0464	0.0658	0.0496	0.0752	0.0706	0.0407	0.1215	0.0897	0.0294	0.2166	0.1243
50	0.0316	0.06	0.0472	0.0667	0.0503	0.0761	0.0714	0.0408	0.1221	0.0903	0.0295	0.2175	0.125
51	0.0316	0.0603	0.0472	0.0671	0.0507	0.0769	0.072	0.0408	0.1221	0.0906	0.0295	0.2179	0.1254
52	0.0307	0.0609	0.0478	0.0678	0.0506	0.0769	0.0722	0.0409	0.1224	0.0909	0.0296	0.2184	0.1259
53	0.0303	0.0612	0.048	0.0682	0.0509	0.0775	0.0728	0.0411	0.1231	0.0916	0.0296	0.2187	0.1264
54	0.0289	0.0615	0.0484	0.0688	0.0509	0.0774	0.0731	0.0411	0.123	0.0919	0.0296	0.2188	0.1268
55	0.0287	0.0612	0.0482	0.0686	0.051	0.0776	0.0732	0.0413	0.1237	0.0922	0.0297	0.2195	0.1271
56	0.0287	0.0617	0.0486	0.069	0.0511	0.0778	0.0734	0.0414	0.1241	0.0925	0.0296	0.2192	0.127
57	0.0278	0.0619	0.0487	0.0692	0.0514	0.0782	0.0737	0.0414	0.1237	0.0925	0.0296	0.2194	0.1272
58	0.0270	0.0624	0.0489	0.0699	0.0513	0.0779	0.0739	0.0416	0.1245	0.0931	0.0297	0.22	0.1278
59	0.0270	0.0628	0.0493	0.0704	0.0515	0.0783	0.0744	0.0416	0.1249	0.0936	0.0298	0.2204	0.1282
60	0.0255	0.0628	0.0491	0.0705	0.0515	0.0783	0.0744	0.0416	0.1251	0.0937	0.0297	0.2207	0.1284
61	0.0246	0.063	0.049	0.0707	0.0515	0.0783	0.0746	0.0416	0.125	0.0938	0.0298	0.2209	0.1286
62	0.0239	0.0632	0.0492	0.071	0.0519	0.0789	0.075	0.0417	0.1251	0.094	0.0298	0.2216	0.1289
63	0.0243	0.063	0.049	0.0709	0.0518	0.0789	0.075	0.0417	0.1256	0.0942	0.0298	0.2214	0.1289
64	0.0243	0.0635	0.0495	0.0712	0.052	0.0792	0.0752	0.0418	0.126	0.0944	0.0298	0.2221	0.1292
65	0.0230	0.0641	0.0501	0.0717	0.052	0.0796	0.0754	0.042	0.1267	0.0948	0.0299	0.2222	0.1293
66	0.0219	0.0646	0.0505	0.0723	0.0522	0.08	0.0758	0.0421	0.1268	0.0951	0.0298	0.2218	0.1296
67	0.0222	0.0648	0.0507	0.0724	0.0525	0.0802	0.0761	0.0423	0.1274	0.0954	0.0299	0.2225	0.1299
68	0.0230	0.0649	0.0506	0.0726	0.0527	0.0806	0.0764	0.0423	0.1277	0.0958	0.0298	0.2219	0.1299
69	0.0205	0.0652	0.0508	0.0728	0.0529	0.0806	0.0765	0.0423	0.1276	0.0957	0.0298	0.2214	0.1298
70	0.0205	0.0655	0.0512	0.0732	0.0529	0.0812	0.0768	0.0425	0.1283	0.0962	0.0298	0.2216	0.13
71	0.0203	0.0658	0.0511	0.0732	0.0532	0.0817	0.0771	0.0426	0.1287	0.0963	0.0298	0.2219	0.1301
72	0.0204	0.0661	0.0512	0.0735	0.0533	0.082	0.0773	0.0426	0.129	0.0965	0.0298	0.2223	0.1304
73	0.0195	0.0663	0.0514	0.0738	0.0536	0.0822	0.0776	0.0424	0.1287	0.0966	0.0299	0.2229	0.1308
74	0.0206	0.0662	0.0515	0.0739	0.0537	0.0824	0.0779	0.0423	0.1285	0.0967	0.03	0.2241	0.1313
75	0.0195	0.0661	0.0514	0.074	0.0536	0.0825	0.078	0.0426	0.1291	0.0971	0.03	0.2241	0.1314
76	0.0193	0.0661	0.0513	0.074	0.0536	0.0827	0.0782	0.0427	0.1294	0.0973	0.0299	0.2242	0.1316
77	0.0187	0.0663	0.0516	0.0744	0.0538	0.083	0.0785	0.0427	0.1298	0.0976	0.03	0.2247	0.1319
78	0.0181	0.066	0.0519	0.0744	0.0539	0.0833	0.0787	0.0427	0.1297	0.0976	0.0299	0.2241	0.1317
79	0.0183	0.0662	0.0518	0.0742	0.054	0.0835	0.0786	0.0428	0.1299	0.0976	0.0298	0.2233	0.1314
80	0.0177	0.0662	0.0517	0.0743	0.0541	0.0836	0.0788	0.0428	0.1299	0.0977	0.0298	0.2238	0.1316
81	0.0182	0.0659	0.0515	0.0741	0.0541	0.0839	0.0788	0.0428	0.1305	0.0978	0.0298	0.2234	0.1314
82	0.0175	0.0657	0.0514	0.0739	0.054	0.0833	0.0786	0.0428	0.1304	0.0978	0.0298	0.2231	0.1314
83	0.0175	0.0664	0.0523	0.0747	0.0541	0.0836	0.0789	0.0428	0.1303	0.098	0.0298	0.2238	0.1318
84	0.0171	0.0664	0.0522	0.0748	0.0542	0.0838	0.0791	0.0427	0.1301	0.0981	0.0298	0.223	0.1317
85	0.0183	0.0667	0.0524	0.075	0.0542	0.0841	0.0793	0.0428	0.1306	0.0983	0.0297	0.2229	0.1317
86	0.0160	0.0665	0.0524	0.075	0.0544	0.0845	0.0794	0.0429	0.1307	0.0983	0.0297	0.2232	0.1318
87	0.0157	0.0667	0.0527	0.075	0.0543	0.0842	0.0793	0.0429	0.131	0.0983	0.0297	0.2235	0.1317
88	0.0153	0.0666	0.0523	0.0748	0.0543	0.0842	0.0792	0.0429	0.1309	0.0983	0.0297	0.2235	0.1318
89	0.0156	0.0663	0.0523	0.0748	0.0543	0.0839	0.0793	0.0429	0.1308	0.0984	0.0297	0.2236	0.1319
90	0.0154	0.0661	0.0522	0.0748	0.0544	0.0839	0.0794	0.0428	0.1309	0.0985	0.0297	0.2233	0.1319
91	0.0152	0.0662	0.0522	0.0749	0.0545	0.084	0.0795	0.0428	0.1313	0.0986	0.0297	0.2231	0.1319
92	0.0147	0.0662	0.0525	0.0748	0.0544	0.0841	0.0794	0.0429	0.1314	0.0985	0.0297	0.2233	0.1319
93	0.0152	0.0665	0.0526	0.0752	0.0543	0.0838	0.0795	0.0429	0.1315	0.0988	0.0297	0.2232	0.132
94	0.0149	0.0669	0.0525	0.0755	0.0546	0.0845	0.0798	0.0429	0.1315	0.0988	0.0296	0.2231	0.132
95	0.0153	0.0665	0.0522	0.0752	0.0542	0.0837	0.0795	0.0429	0.1317	0.0989	0.0297	0.2232	0.1321
96	0.0147	0.0665	0.0525	0.0753	0.0544	0.0845	0.0798	0.0429	0.1317	0.0989	0.0297	0.2232	0.1321
97	0.0147	0.0663	0.052	0.0751	0.0543	0.0846	0.0797	0.0428	0.1318	0.0987	0.0297	0.223	0.132
98	0.0141	0.0664	0.0525	0.0753	0.0539	0.0841	0.0795	0.0428	0.132	0.0989	0.0297	0.2233	0.1321
99	0.0137	0.0664	0.0522	0.0753	0.0539	0.0844	0.0796	0.0428	0.1321	0.099	0.0297	0.2236	0.1322
100	0.0143	0.0658	0.0522	0.0752	0.0539	0.0844	0.0797	0.0429	0.1325	0.0993	0.0297	0.2237	0.1324
101	0.0140	0.0662	0.0522	0.0753	0.0538	0.0843	0.0797	0.0429	0.1326	0.0992	0.0296	0.2232	0.1322
102	0.0141	0.0664	0.0523	0.075	0.0538	0.0837	0.0791	0.0429	0.1325	0.0989	0.0296	0.2238	0.1319
103	0.0140	0.0664	0.0525	0.0752	0.0539	0.0842	0.0794	0.0429	0.1324	0.099	0.0296	0.2236	0.132
104	0.0137	0.0665	0.0526	0.0754	0.0541	0.0844	0.0797	0.0429	0.1327	0.0992	0.0295	0.2231	0.1319
105	0.0130	0.0667	0.0524	0.0756	0.0542	0.0844	0.0799	0.0429	0.1326	0.0993	0.0295	0.223	0.132
106	0.0137	0.0674	0.0529	0.0762	0.0544	0.0844	0.0801	0.0429	0.1327	0.0995	0.0294	0.2224	0.132
107	0.0130	0.0674	0.0531	0.0765	0.0545	0.0847	0.0805	0.043	0.1329	0.0998	0.0294	0.2225	0.1323
108	0.0133	0.0676	0.0532	0.0767	0.0544	0.0848	0.0805	0.0429	0.1328	0.0998	0.0295	0.2228	0.1324
109	0.0126	0.068	0.0536	0.0772	0.0544	0.0847	0.0806	0.0428	0.1326	0.0999	0.0294	0.2226	0.1325
110	0.0127	0.0678	0.0535	0.0771	0.0544	0.0849	0.0807	0.0429	0.1329	0.1	0.0295	0.2228	0.1326
111	0.0127	0.0676	0.0536	0.0771	0.0546	0.0852	0.0809	0.0428	0.1329	0.1	0.0294	0.2224	0.1325
112	0.0122	0.0676	0.0536	0.0772	0.0548	0.0852	0.0811	0.0429	0.1332	0.1003	0.0294	0.2221	0.1326
113	0.0121	0.0679	0.0539	0.0774	0.0547	0.0852	0.0811	0.043	0.1337	0.1005	0.0294	0.2223	0.1326
114	0.0120	0.068	0.0539	0.0774	0.0546	0.085	0.081	0.043	0.1336	0.1004	0.0294	0.2221	0.1326
115	0.0124	0.0682	0.0543	0.0776	0.0548	0.0858	0.0813	0.043	0.1338	0.1005	0.0293	0.2217	0.1325
116	0.0120	0.0682	0.0545	0.0777	0.0548	0.0857	0.0813	0.0431	0.134	0.1006	0.0293	0.2219	0.1326
117	0.0126	0.068	0.0544	0.0776	0.0548	0.0854	0.0813	0.043	0.134	0.1007	0.0294	0.2226	0.1328
118	0.0122	0.0683	0.0549	0.0781	0.0551	0.0855	0.0816	0.0431	0.1343	0.101	0.0294	0.2225	0.133
119	0.0120	0.0687	0.0551	0.0782	0.0551	0.0858	0.0817	0.0432	0.1345	0.1011	0.0293	0.2222	0.1329
120	0.0123	0.0686	0.055	0.0783	0.055	0.0854	0.0816	0.0432	0.1345	0.1011	0.0293	0.2223	0.133
121	0.0121	0.0682	0.0544	0.078	0.0549	0.0854	0.0816	0.0432	0.1343	0.1011	0.0293	0.2221	0.1329
122	0.0119	0.0689	0.0551	0.0785	0.055	0.0859	0.0818	0.0431	0.1342	0.1011	0.0293	0.2224	0.1331
123	0.0120	0.0687	0.0549	0.0785	0.0553	0.086	0.082	0.0432	0.1345	0.1013	0.0293	0.2223	0.1331
124	0.0116	0.0692	0.0553	0.0789	0.0552	0.0856	0.082	0.0431	0.1342	0.1013	0.0293	0.2221	0.1331
125	0.0111	0.0695	0.0554	0.0791	0.0551	0.0857	0.082	0.0431	0.1343	0.1013	0.0293	0.2224	0.1332
126	0.0118	0.0696	0.0552	0.0791	0.055	0.0855	0.082	0.043	0.134	0.1012	0.0292	0.2224	0.1332
127	0.0120	0.0693	0.0551	0.0792	0.0549	0.0857	0.0821	0.0431	0.1342	0.1014	0.0293	0.2226	0.1333
128	0.0118	0.0687	0.0546	0.0787	0.0548	0.0854	0.0818	0.0429	0.1341	0.1012	0.0292	0.2223	0.1331
129	0.0114	0.069	0.0549	0.0791	0.055	0.0862	0.0823	0.043	0.1345	0.1015	0.0292	0.2223	0.1332
130	0.0116	0.0688	0.0545	0.0791	0.0551	0.0863	0.0825	0.043	0.1346	0.1016	0.0292	0.2223	0.1333
131	0.0115	0.0688	0.0547	0.0788	0.0551	0.0864	0.0823	0.043	0.1347	0.1014	0.0291	0.2222	0.133
132	0.0115	0.0689	0.0546	0.0788	0.0549	0.0866	0.0822	0.043	0.1345	0.1014	0.0291	0.2218	0.1329
133	0.0115	0.0685	0.0543	0.0786	0.0549	0.0864	0.0822	0.043	0.1347	0.1014	0.029	0.2212	0.1327
134	0.0115	0.0683	0.0544	0.0784	0.0547	0.0862	0.082	0.0429	0.1343	0.1012	0.029	0.2211	0.1326
135	0.0110	0.0682	0.0543	0.0783	0.0546	0.0861	0.0819	0.0429	0.1344	0.1012	0.029	0.2212	0.1326
136	0.0113	0.0683	0.0544	0.0784	0.0547	0.0864	0.082	0.0428	0.1343	0.1011	0.029	0.2212	0.1325
137	0.0108	0.0685	0.0546	0.0787	0.0549	0.0867	0.0823	0.0428	0.1341	0.1012	0.029	0.2212	0.1326
138	0.0112	0.0686	0.0547	0.0786	0.055	0.0867	0.0823	0.0426	0.1338	0.101	0.029	0.2213	0.1326
139	0.0114	0.0688	0.0549	0.0789	0.0551	0.087	0.0825	0.0427	0.1341	0.1012	0.0289	0.221	0.1326
140	0.0110	0.0689	0.0549	0.0789	0.0551	0.087	0.0825	0.0427	0.1335	0.101	0.029	0.2215	0.1328
141	0.0111	0.0686	0.0547	0.0785	0.0552	0.0874	0.0825	0.0426	0.1333	0.1008	0.029	0.2211	0.1326
142	0.0106	0.0687	0.0548	0.0788	0.0551	0.0872	0.0825	0.0425	0.1331	0.1007	0.029	0.2215	0.1327
143	0.0111	0.0683	0.0544	0.0786	0.055	0.0873	0.0826	0.0424	0.1329	0.1007	0.029	0.2212	0.1327
144	0.0109	0.0683	0.0543	0.0785	0.055	0.0872	0.0825	0.0423	0.1326	0.1006	0.029	0.2212	0.1326
145	0.0103	0.0682	0.0541	0.0783	0.055	0.0867	0.0823	0.0422	0.1323	0.1003	0.0289	0.2211	0.1325
146	0.0107	0.0683	0.0542	0.0786	0.0549	0.0865	0.0824	0.0423	0.1325	0.1007	0.0289	0.2214	0.1328
147	0.0110	0.0688	0.0546	0.079	0.055	0.0871	0.0826	0.0422	0.1322	0.1006	0.0288	0.2209	0.1326
148	0.0106	0.0687	0.0546	0.0788	0.055	0.087	0.0825	0.0421	0.1316	0.1003	0.0288	0.2206	0.1324
149	0.0108	0.0688	0.0548	0.0791	0.055	0.0871	0.0827	0.0422	0.132	0.1006	0.0288	0.221	0.1327
150	0.0101	0.0686	0.0546	0.0787	0.0552	0.0875	0.0828	0.0422	0.132	0.1005	0.0288	0.2208	0.1324
