{"n_layers": 0, "device": "cuda", "batch_size": 2048, "embedding_dim": 1024, "learning_rate": 0.001, "dataset": "dbbook", "epochs": 150, "top_k": 20, "multimodal": false, "datasets": {"dbbook": ["images", "text"], "ml1m": ["audio", "images", "text", "video"]}}
Epoch	Loss	Recall	Precision	NDCG
1	0.6932	0.0043	0.0014	0.0025
2	0.6777	0.0097	0.0031	0.0067
3	0.6598	0.0331	0.0115	0.0288
4	0.6321	0.0676	0.0229	0.0542
5	0.5892	0.0899	0.0302	0.0700
6	0.5284	0.0984	0.0332	0.0772
7	0.4535	0.1022	0.0348	0.0814
8	0.3746	0.1042	0.0358	0.0830
9	0.3032	0.1073	0.0367	0.0859
10	0.2441	0.1083	0.0369	0.0871
11	0.1972	0.1109	0.0377	0.0888
12	0.1606	0.1137	0.0384	0.0908
13	0.1325	0.1154	0.0389	0.0921
14	0.1108	0.1178	0.0395	0.0937
15	0.0936	0.1188	0.0398	0.0948
16	0.0805	0.1199	0.0400	0.0959
17	0.0688	0.1213	0.0405	0.0969
18	0.0598	0.1217	0.0407	0.0975
19	0.0531	0.1221	0.0409	0.0981
20	0.0467	0.1223	0.0409	0.0985
21	0.0420	0.1228	0.0410	0.0988
22	0.0377	0.1230	0.0409	0.0992
23	0.0343	0.1234	0.0411	0.0996
24	0.0307	0.1239	0.0412	0.1005
25	0.0286	0.1236	0.0412	0.1003
26	0.0260	0.1242	0.0413	0.1007
27	0.0240	0.1246	0.0415	0.1010
28	0.0225	0.1250	0.0416	0.1014
29	0.0209	0.1255	0.0417	0.1016
30	0.0196	0.1255	0.0417	0.1019
31	0.0180	0.1256	0.0417	0.1019
32	0.0174	0.1257	0.0416	0.1020
33	0.0164	0.1254	0.0416	0.1022
34	0.0158	0.1257	0.0416	0.1022
35	0.0145	0.1262	0.0418	0.1026
36	0.0145	0.1268	0.0419	0.1029
37	0.0135	0.1274	0.0420	0.1031
38	0.0127	0.1276	0.0421	0.1034
39	0.0124	0.1281	0.0423	0.1035
40	0.0118	0.1280	0.0422	0.1034
41	0.0118	0.1284	0.0423	0.1039
42	0.0110	0.1278	0.0422	0.1043
43	0.0107	0.1286	0.0423	0.1047
44	0.0106	0.1290	0.0424	0.1051
45	0.0099	0.1294	0.0424	0.1052
46	0.0098	0.1293	0.0424	0.1051
47	0.0097	0.1293	0.0424	0.1050
48	0.0093	0.1301	0.0425	0.1055
49	0.0089	0.1297	0.0425	0.1056
50	0.0090	0.1303	0.0425	0.1053
51	0.0084	0.1296	0.0424	0.1051
52	0.0088	0.1299	0.0425	0.1054
53	0.0086	0.1298	0.0424	0.1055
54	0.0084	0.1303	0.0424	0.1057
55	0.0077	0.1308	0.0426	0.1064
56	0.0076	0.1310	0.0426	0.1065
57	0.0073	0.1310	0.0425	0.1062
58	0.0074	0.1313	0.0427	0.1066
59	0.0077	0.1317	0.0428	0.1067
60	0.0071	0.1313	0.0427	0.1064
61	0.0070	0.1314	0.0427	0.1065
62	0.0073	0.1321	0.0428	0.1068
63	0.0070	0.1322	0.0428	0.1072
64	0.0071	0.1326	0.0428	0.1070
65	0.0070	0.1322	0.0428	0.1066
66	0.0070	0.1320	0.0428	0.1064
67	0.0064	0.1317	0.0427	0.1064
68	0.0063	0.1321	0.0428	0.1065
69	0.0068	0.1318	0.0427	0.1062
70	0.0062	0.1314	0.0426	0.1062
71	0.0064	0.1313	0.0427	0.1060
72	0.0067	0.1310	0.0424	0.1059
73	0.0063	0.1306	0.0423	0.1058
74	0.0062	0.1312	0.0425	0.1056
75	0.0059	0.1314	0.0425	0.1058
76	0.0058	0.1308	0.0425	0.1054
77	0.0060	0.1303	0.0424	0.1050
78	0.0056	0.1302	0.0424	0.1049
79	0.0053	0.1303	0.0425	0.1049
80	0.0059	0.1303	0.0424	0.1048
81	0.0063	0.1303	0.0425	0.1049
82	0.0059	0.1299	0.0423	0.1046
83	0.0059	0.1299	0.0423	0.1049
84	0.0061	0.1296	0.0422	0.1050
85	0.0056	0.1297	0.0423	0.1052
86	0.0055	0.1298	0.0423	0.1051
87	0.0058	0.1305	0.0426	0.1056
88	0.0057	0.1312	0.0426	0.1060
89	0.0058	0.1314	0.0426	0.1060
90	0.0055	0.1319	0.0425	0.1063
91	0.0057	0.1325	0.0427	0.1065
92	0.0054	0.1322	0.0427	0.1065
93	0.0056	0.1321	0.0426	0.1062
94	0.0054	0.1318	0.0425	0.1060
95	0.0053	0.1321	0.0425	0.1059
96	0.0054	0.1321	0.0426	0.1061
97	0.0058	0.1324	0.0427	0.1064
98	0.0052	0.1328	0.0427	0.1062
99	0.0057	0.1319	0.0425	0.1057
100	0.0051	0.1322	0.0425	0.1057
101	0.0055	0.1312	0.0422	0.1052
102	0.0057	0.1315	0.0422	0.1054
103	0.0054	0.1317	0.0422	0.1055
104	0.0051	0.1317	0.0423	0.1055
105	0.0058	0.1316	0.0423	0.1055
106	0.0053	0.1320	0.0424	0.1059
107	0.0055	0.1318	0.0423	0.1055
108	0.0053	0.1318	0.0423	0.1051
109	0.0053	0.1305	0.0420	0.1045
110	0.0055	0.1305	0.0418	0.1044
111	0.0060	0.1305	0.0419	0.1043
112	0.0057	0.1305	0.0420	0.1044
113	0.0055	0.1305	0.0420	0.1043
114	0.0050	0.1309	0.0420	0.1041
115	0.0051	0.1313	0.0420	0.1043
116	0.0056	0.1306	0.0419	0.1039
117	0.0052	0.1299	0.0417	0.1035
118	0.0049	0.1295	0.0417	0.1036
119	0.0049	0.1300	0.0417	0.1036
120	0.0052	0.1306	0.0419	0.1040
121	0.0054	0.1303	0.0419	0.1041
122	0.0060	0.1303	0.0419	0.1041
123	0.0053	0.1302	0.0419	0.1041
124	0.0049	0.1302	0.0420	0.1040
125	0.0051	0.1304	0.0421	0.1042
126	0.0051	0.1306	0.0422	0.1042
127	0.0045	0.1298	0.0418	0.1040
128	0.0051	0.1296	0.0417	0.1038
129	0.0051	0.1294	0.0416	0.1036
130	0.0056	0.1288	0.0415	0.1029
131	0.0049	0.1286	0.0415	0.1027
132	0.0051	0.1293	0.0417	0.1034
133	0.0050	0.1296	0.0418	0.1037
134	0.0060	0.1290	0.0417	0.1034
135	0.0051	0.1289	0.0417	0.1033
136	0.0048	0.1294	0.0418	0.1036
137	0.0051	0.1289	0.0417	0.1035
138	0.0050	0.1293	0.0418	0.1040
139	0.0059	0.1286	0.0417	0.1036
140	0.0049	0.1282	0.0417	0.1033
141	0.0053	0.1277	0.0417	0.1031
142	0.0047	0.1280	0.0418	0.1031
143	0.0053	0.1283	0.0418	0.1033
144	0.0052	0.1284	0.0419	0.1034
145	0.0055	0.1281	0.0418	0.1034
146	0.0047	0.1286	0.0419	0.1034
147	0.0049	0.1287	0.0418	0.1032
148	0.0057	0.1286	0.0417	0.1032
149	0.0056	0.1284	0.0417	0.1032
150	0.0053	0.1271	0.0414	0.1028
