{"n_layers": 0, "device": "cuda", "batch_size": 2048, "embedding_dim": 512, "learning_rate": 0.001, "dataset": "dbbook", "epochs": 150, "top_k": 50, "multimodal": true, "datasets": {"dbbook": ["images", "text"], "ml1m": ["audio", "images", "text", "video"]}}
Epoch	Loss	Recall	Precision	NDCG
1	0.6929	0.0206	0.0026	0.0103
2	0.6858	0.0385	0.0049	0.0237
3	0.6785	0.0677	0.0087	0.0439
4	0.6684	0.1023	0.0135	0.0658
5	0.6540	0.1303	0.0174	0.0824
6	0.6338	0.1493	0.0201	0.0938
7	0.6060	0.1600	0.0219	0.1004
8	0.5703	0.1670	0.0230	0.1048
9	0.5287	0.1712	0.0237	0.1068
10	0.4831	0.1744	0.0241	0.1085
11	0.4362	0.1759	0.0244	0.1097
12	0.3919	0.1784	0.0248	0.1111
13	0.3521	0.1815	0.0252	0.1122
14	0.3165	0.1835	0.0254	0.1135
15	0.2844	0.1849	0.0256	0.1147
16	0.2569	0.1870	0.0259	0.1157
17	0.2345	0.1882	0.0261	0.1166
18	0.2134	0.1900	0.0263	0.1175
19	0.1940	0.1911	0.0264	0.1185
20	0.1785	0.1928	0.0267	0.1198
21	0.1649	0.1940	0.0268	0.1207
22	0.1523	0.1960	0.0270	0.1217
23	0.1406	0.1965	0.0271	0.1222
24	0.1298	0.1982	0.0272	0.1231
25	0.1205	0.1986	0.0272	0.1236
26	0.1115	0.1989	0.0273	0.1241
27	0.1045	0.2005	0.0275	0.1250
28	0.0977	0.2026	0.0278	0.1259
29	0.0916	0.2037	0.0279	0.1263
30	0.0850	0.2043	0.0279	0.1267
31	0.0791	0.2047	0.0280	0.1273
32	0.0762	0.2051	0.0280	0.1276
33	0.0712	0.2059	0.0281	0.1280
34	0.0675	0.2069	0.0282	0.1286
35	0.0637	0.2065	0.0282	0.1288
36	0.0600	0.2082	0.0283	0.1295
37	0.0568	0.2093	0.0284	0.1299
38	0.0530	0.2095	0.0285	0.1303
39	0.0514	0.2102	0.0286	0.1307
40	0.0492	0.2105	0.0286	0.1310
41	0.0464	0.2110	0.0286	0.1311
42	0.0447	0.2116	0.0287	0.1316
43	0.0427	0.2117	0.0287	0.1319
44	0.0407	0.2118	0.0288	0.1322
45	0.0388	0.2119	0.0288	0.1324
46	0.0372	0.2133	0.0289	0.1331
47	0.0356	0.2135	0.0289	0.1331
48	0.0346	0.2138	0.0290	0.1332
49	0.0326	0.2149	0.0291	0.1339
50	0.0316	0.2149	0.0291	0.1343
51	0.0314	0.2158	0.0291	0.1346
52	0.0295	0.2160	0.0292	0.1348
53	0.0283	0.2162	0.0292	0.1347
54	0.0278	0.2159	0.0292	0.1344
55	0.0270	0.2162	0.0292	0.1346
56	0.0265	0.2166	0.0293	0.1350
57	0.0251	0.2166	0.0293	0.1353
58	0.0245	0.2162	0.0292	0.1355
59	0.0240	0.2167	0.0293	0.1359
60	0.0228	0.2166	0.0293	0.1359
61	0.0232	0.2171	0.0293	0.1362
62	0.0217	0.2185	0.0295	0.1364
63	0.0212	0.2185	0.0295	0.1364
64	0.0208	0.2183	0.0294	0.1366
65	0.0203	0.2192	0.0295	0.1371
66	0.0193	0.2199	0.0296	0.1375
67	0.0194	0.2208	0.0297	0.1380
68	0.0194	0.2205	0.0297	0.1381
69	0.0190	0.2208	0.0297	0.1381
70	0.0177	0.2210	0.0297	0.1381
71	0.0177	0.2216	0.0298	0.1384
72	0.0173	0.2219	0.0298	0.1384
73	0.0169	0.2221	0.0298	0.1385
74	0.0165	0.2220	0.0298	0.1385
75	0.0165	0.2224	0.0298	0.1387
76	0.0158	0.2222	0.0298	0.1387
77	0.0157	0.2221	0.0298	0.1386
78	0.0153	0.2220	0.0298	0.1387
79	0.0158	0.2226	0.0298	0.1390
80	0.0153	0.2220	0.0297	0.1390
81	0.0150	0.2218	0.0298	0.1392
82	0.0144	0.2220	0.0298	0.1394
83	0.0140	0.2225	0.0299	0.1397
84	0.0137	0.2226	0.0298	0.1401
85	0.0140	0.2227	0.0299	0.1403
86	0.0134	0.2234	0.0299	0.1405
87	0.0132	0.2232	0.0299	0.1407
88	0.0126	0.2234	0.0299	0.1410
89	0.0128	0.2238	0.0299	0.1410
90	0.0131	0.2241	0.0300	0.1415
91	0.0123	0.2249	0.0301	0.1417
92	0.0126	0.2251	0.0301	0.1418
93	0.0120	0.2248	0.0301	0.1417
94	0.0121	0.2246	0.0301	0.1418
95	0.0122	0.2240	0.0300	0.1414
96	0.0116	0.2238	0.0300	0.1416
97	0.0116	0.2246	0.0300	0.1419
98	0.0117	0.2245	0.0300	0.1420
99	0.0117	0.2252	0.0300	0.1421
100	0.0117	0.2255	0.0301	0.1422
101	0.0115	0.2247	0.0300	0.1420
102	0.0113	0.2247	0.0300	0.1423
103	0.0110	0.2246	0.0300	0.1420
104	0.0109	0.2242	0.0300	0.1420
105	0.0108	0.2244	0.0300	0.1421
106	0.0106	0.2245	0.0300	0.1421
107	0.0109	0.2240	0.0300	0.1420
108	0.0108	0.2242	0.0300	0.1419
109	0.0098	0.2241	0.0300	0.1415
110	0.0104	0.2243	0.0300	0.1418
111	0.0106	0.2246	0.0300	0.1422
112	0.0102	0.2254	0.0301	0.1423
113	0.0103	0.2251	0.0300	0.1422
114	0.0098	0.2250	0.0300	0.1423
115	0.0094	0.2248	0.0300	0.1422
116	0.0101	0.2248	0.0300	0.1423
117	0.0099	0.2247	0.0300	0.1423
118	0.0097	0.2248	0.0300	0.1419
119	0.0094	0.2252	0.0300	0.1421
120	0.0094	0.2247	0.0300	0.1421
121	0.0093	0.2250	0.0300	0.1422
122	0.0093	0.2249	0.0300	0.1421
123	0.0095	0.2248	0.0300	0.1422
124	0.0095	0.2246	0.0300	0.1422
125	0.0093	0.2250	0.0300	0.1423
126	0.0093	0.2258	0.0301	0.1425
127	0.0087	0.2254	0.0301	0.1424
128	0.0088	0.2260	0.0301	0.1425
129	0.0091	0.2254	0.0301	0.1420
130	0.0089	0.2252	0.0300	0.1419
131	0.0089	0.2254	0.0300	0.1423
132	0.0087	0.2253	0.0300	0.1422
133	0.0091	0.2253	0.0300	0.1424
134	0.0089	0.2255	0.0301	0.1423
135	0.0088	0.2256	0.0301	0.1426
136	0.0087	0.2261	0.0302	0.1429
137	0.0087	0.2259	0.0301	0.1428
138	0.0090	0.2269	0.0302	0.1434
139	0.0087	0.2266	0.0302	0.1434
140	0.0088	0.2268	0.0302	0.1432
141	0.0090	0.2264	0.0301	0.1429
142	0.0085	0.2261	0.0301	0.1428
143	0.0086	0.2253	0.0300	0.1425
144	0.0083	0.2254	0.0300	0.1422
145	0.0087	0.2249	0.0300	0.1423
146	0.0082	0.2254	0.0300	0.1426
147	0.0085	0.2245	0.0299	0.1423
148	0.0085	0.2243	0.0299	0.1420
149	0.0082	0.2241	0.0299	0.1418
150	0.0082	0.2240	0.0299	0.1418
