{"n_layers": 0, "device": "cuda", "batch_size": 2048, "embedding_dim": 1024, "learning_rate": 0.001, "dataset": "dbbook", "epochs": 150, "top_k": 50, "multimodal": true, "datasets": {"dbbook": ["images", "text"], "ml1m": ["audio", "images", "text", "video"]}}
Epoch	Loss	Recall	Precision	NDCG
1	0.6916	0.0281	0.0036	0.0156
2	0.6529	0.0479	0.0062	0.0312
3	0.6163	0.0672	0.0088	0.0474
4	0.5741	0.0920	0.0121	0.0632
5	0.5235	0.1152	0.0153	0.0776
6	0.4665	0.1331	0.0179	0.0879
7	0.4062	0.1459	0.0197	0.0950
8	0.3460	0.1561	0.0211	0.1008
9	0.2914	0.1639	0.0223	0.1050
10	0.2452	0.1696	0.0231	0.1080
11	0.2065	0.1743	0.0237	0.1105
12	0.1761	0.1783	0.0241	0.1123
13	0.1494	0.1813	0.0245	0.1134
14	0.1293	0.1837	0.0248	0.1152
15	0.1120	0.1852	0.0250	0.1164
16	0.0975	0.1860	0.0252	0.1171
17	0.0860	0.1877	0.0254	0.1180
18	0.0768	0.1899	0.0257	0.1192
19	0.0686	0.1914	0.0259	0.1199
20	0.0622	0.1928	0.0260	0.1207
21	0.0560	0.1940	0.0262	0.1210
22	0.0503	0.1948	0.0263	0.1221
23	0.0465	0.1961	0.0264	0.1226
24	0.0425	0.1974	0.0266	0.1232
25	0.0390	0.1976	0.0267	0.1236
26	0.0367	0.1986	0.0267	0.1243
27	0.0338	0.1996	0.0269	0.1253
28	0.0311	0.2000	0.0270	0.1261
29	0.0299	0.2012	0.0271	0.1263
30	0.0277	0.2009	0.0271	0.1265
31	0.0265	0.2020	0.0271	0.1272
32	0.0249	0.2019	0.0271	0.1275
33	0.0234	0.2025	0.0273	0.1280
34	0.0221	0.2030	0.0273	0.1283
35	0.0210	0.2043	0.0275	0.1287
36	0.0199	0.2045	0.0275	0.1287
37	0.0191	0.2047	0.0275	0.1286
38	0.0189	0.2067	0.0276	0.1294
39	0.0179	0.2069	0.0277	0.1297
40	0.0173	0.2072	0.0277	0.1302
41	0.0160	0.2077	0.0278	0.1302
42	0.0162	0.2076	0.0278	0.1303
43	0.0153	0.2088	0.0279	0.1310
44	0.0149	0.2083	0.0279	0.1311
45	0.0144	0.2087	0.0279	0.1316
46	0.0136	0.2093	0.0280	0.1322
47	0.0136	0.2081	0.0279	0.1322
48	0.0129	0.2089	0.0280	0.1322
49	0.0126	0.2094	0.0280	0.1328
50	0.0119	0.2098	0.0281	0.1329
51	0.0119	0.2095	0.0280	0.1327
52	0.0124	0.2094	0.0279	0.1328
53	0.0114	0.2089	0.0279	0.1326
54	0.0110	0.2094	0.0279	0.1327
55	0.0107	0.2102	0.0280	0.1330
56	0.0105	0.2104	0.0280	0.1332
57	0.0106	0.2110	0.0281	0.1336
58	0.0098	0.2106	0.0281	0.1337
59	0.0098	0.2109	0.0281	0.1337
60	0.0102	0.2113	0.0282	0.1335
61	0.0097	0.2112	0.0282	0.1336
62	0.0097	0.2113	0.0282	0.1335
63	0.0093	0.2112	0.0282	0.1335
64	0.0087	0.2111	0.0281	0.1334
65	0.0090	0.2116	0.0282	0.1340
66	0.0089	0.2116	0.0282	0.1340
67	0.0089	0.2109	0.0282	0.1336
68	0.0083	0.2109	0.0282	0.1334
69	0.0090	0.2109	0.0282	0.1335
70	0.0084	0.2104	0.0281	0.1335
71	0.0082	0.2104	0.0281	0.1334
72	0.0079	0.2117	0.0282	0.1337
73	0.0085	0.2119	0.0282	0.1338
74	0.0082	0.2120	0.0282	0.1340
75	0.0080	0.2120	0.0282	0.1338
76	0.0081	0.2120	0.0282	0.1340
77	0.0077	0.2120	0.0282	0.1342
78	0.0076	0.2121	0.0282	0.1341
79	0.0078	0.2121	0.0282	0.1343
80	0.0078	0.2122	0.0282	0.1344
81	0.0075	0.2119	0.0281	0.1344
82	0.0074	0.2116	0.0282	0.1346
83	0.0074	0.2123	0.0282	0.1347
84	0.0075	0.2121	0.0282	0.1349
85	0.0069	0.2125	0.0283	0.1355
86	0.0069	0.2129	0.0283	0.1358
87	0.0070	0.2132	0.0283	0.1358
88	0.0069	0.2136	0.0284	0.1359
89	0.0075	0.2137	0.0284	0.1361
90	0.0068	0.2138	0.0284	0.1360
91	0.0067	0.2137	0.0284	0.1360
92	0.0069	0.2141	0.0284	0.1360
93	0.0071	0.2146	0.0284	0.1361
94	0.0069	0.2153	0.0285	0.1365
95	0.0067	0.2153	0.0285	0.1370
96	0.0072	0.2141	0.0284	0.1367
97	0.0071	0.2143	0.0284	0.1368
98	0.0067	0.2138	0.0283	0.1367
99	0.0065	0.2138	0.0283	0.1365
100	0.0066	0.2144	0.0284	0.1368
101	0.0066	0.2142	0.0284	0.1365
102	0.0061	0.2138	0.0284	0.1364
103	0.0063	0.2148	0.0285	0.1365
104	0.0064	0.2143	0.0285	0.1364
105	0.0070	0.2144	0.0285	0.1364
106	0.0063	0.2138	0.0284	0.1365
107	0.0069	0.2144	0.0284	0.1370
108	0.0067	0.2145	0.0285	0.1370
109	0.0059	0.2150	0.0285	0.1372
110	0.0064	0.2149	0.0285	0.1371
111	0.0062	0.2149	0.0285	0.1372
112	0.0061	0.2144	0.0284	0.1372
113	0.0061	0.2153	0.0285	0.1377
114	0.0063	0.2149	0.0285	0.1376
115	0.0063	0.2154	0.0285	0.1375
116	0.0063	0.2153	0.0285	0.1375
117	0.0062	0.2154	0.0285	0.1378
118	0.0061	0.2159	0.0285	0.1381
119	0.0057	0.2153	0.0285	0.1380
120	0.0064	0.2160	0.0286	0.1381
121	0.0064	0.2162	0.0286	0.1383
122	0.0063	0.2154	0.0285	0.1381
123	0.0066	0.2147	0.0285	0.1377
124	0.0062	0.2157	0.0286	0.1380
125	0.0060	0.2153	0.0286	0.1379
126	0.0065	0.2152	0.0286	0.1379
127	0.0067	0.2152	0.0285	0.1378
128	0.0062	0.2153	0.0285	0.1378
129	0.0060	0.2149	0.0284	0.1375
130	0.0057	0.2146	0.0284	0.1375
131	0.0059	0.2152	0.0285	0.1376
132	0.0059	0.2158	0.0285	0.1377
133	0.0059	0.2151	0.0285	0.1376
134	0.0061	0.2152	0.0285	0.1373
135	0.0059	0.2152	0.0286	0.1372
136	0.0058	0.2152	0.0286	0.1372
137	0.0054	0.2144	0.0285	0.1369
138	0.0063	0.2147	0.0285	0.1375
139	0.0060	0.2149	0.0285	0.1376
140	0.0061	0.2151	0.0285	0.1376
141	0.0060	0.2141	0.0284	0.1375
142	0.0061	0.2143	0.0284	0.1376
143	0.0055	0.2150	0.0285	0.1376
144	0.0062	0.2155	0.0285	0.1378
145	0.0059	0.2152	0.0285	0.1377
146	0.0058	0.2143	0.0283	0.1373
147	0.0055	0.2141	0.0283	0.1373
148	0.0061	0.2138	0.0283	0.1372
149	0.0061	0.2142	0.0284	0.1373
150	0.0058	0.2143	0.0284	0.1373
