{"n_layers": 0, "device": "cuda", "batch_size": 2048, "embedding_dim": 64, "learning_rate": 0.001, "dataset": "dbbook", "epochs": 150, "top_k": 50, "multimodal": false, "datasets": {"dbbook": ["images", "text"], "ml1m": ["audio", "images", "text", "video"]}}
Epoch	Loss	Recall	Precision	NDCG
1	0.6932	0.0121	0.0015	0.0056
2	0.6921	0.0160	0.0022	0.0083
3	0.6910	0.0276	0.0038	0.0156
4	0.6891	0.0484	0.0068	0.0282
5	0.6860	0.0718	0.0101	0.0418
6	0.6811	0.0934	0.0131	0.0532
7	0.6735	0.1099	0.0154	0.0617
8	0.6625	0.1203	0.0169	0.0674
9	0.6475	0.1292	0.0182	0.0721
10	0.6282	0.1326	0.0188	0.0745
11	0.6045	0.1360	0.0193	0.0764
12	0.5773	0.1390	0.0197	0.0783
13	0.5483	0.1414	0.0201	0.0795
14	0.5176	0.1417	0.0202	0.0798
15	0.4865	0.1432	0.0203	0.0806
16	0.4576	0.1438	0.0204	0.0812
17	0.4286	0.1451	0.0206	0.0821
18	0.4038	0.1465	0.0208	0.0830
19	0.3805	0.1485	0.0211	0.0840
20	0.3592	0.1491	0.0211	0.0844
21	0.3408	0.1501	0.0212	0.0848
22	0.3217	0.1512	0.0213	0.0851
23	0.3073	0.1515	0.0213	0.0853
24	0.2922	0.1526	0.0215	0.0859
25	0.2818	0.1522	0.0215	0.0861
26	0.2671	0.1531	0.0216	0.0866
27	0.2563	0.1537	0.0216	0.0872
28	0.2454	0.1545	0.0217	0.0876
29	0.2350	0.1552	0.0218	0.0881
30	0.2278	0.1553	0.0218	0.0882
31	0.2190	0.1558	0.0219	0.0883
32	0.2104	0.1566	0.0220	0.0888
33	0.2015	0.1566	0.0220	0.0890
34	0.1946	0.1573	0.0221	0.0891
35	0.1873	0.1578	0.0221	0.0895
36	0.1810	0.1590	0.0222	0.0898
37	0.1745	0.1597	0.0223	0.0900
38	0.1682	0.1597	0.0223	0.0902
39	0.1634	0.1606	0.0223	0.0908
40	0.1569	0.1617	0.0224	0.0914
41	0.1518	0.1630	0.0226	0.0921
42	0.1455	0.1639	0.0226	0.0926
43	0.1398	0.1645	0.0227	0.0929
44	0.1367	0.1646	0.0227	0.0928
45	0.1308	0.1641	0.0227	0.0930
46	0.1269	0.1645	0.0228	0.0933
47	0.1228	0.1654	0.0229	0.0939
48	0.1205	0.1655	0.0228	0.0940
49	0.1173	0.1667	0.0230	0.0946
50	0.1123	0.1666	0.0230	0.0947
51	0.1080	0.1669	0.0230	0.0949
52	0.1049	0.1673	0.0231	0.0952
53	0.1008	0.1672	0.0230	0.0956
54	0.0996	0.1667	0.0230	0.0958
55	0.0954	0.1673	0.0230	0.0961
56	0.0921	0.1674	0.0231	0.0962
57	0.0895	0.1673	0.0230	0.0963
58	0.0871	0.1673	0.0231	0.0965
59	0.0857	0.1673	0.0231	0.0967
60	0.0822	0.1680	0.0231	0.0970
61	0.0809	0.1682	0.0231	0.0968
62	0.0777	0.1684	0.0232	0.0971
63	0.0762	0.1683	0.0231	0.0969
64	0.0742	0.1677	0.0230	0.0967
65	0.0711	0.1678	0.0231	0.0970
66	0.0701	0.1681	0.0231	0.0971
67	0.0675	0.1688	0.0231	0.0972
68	0.0668	0.1695	0.0232	0.0976
69	0.0642	0.1698	0.0232	0.0977
70	0.0623	0.1699	0.0232	0.0979
71	0.0619	0.1702	0.0233	0.0981
72	0.0604	0.1701	0.0233	0.0984
73	0.0583	0.1702	0.0233	0.0986
74	0.0568	0.1702	0.0232	0.0986
75	0.0560	0.1709	0.0233	0.0987
76	0.0542	0.1711	0.0233	0.0991
77	0.0538	0.1709	0.0233	0.0992
78	0.0527	0.1713	0.0233	0.0994
79	0.0520	0.1718	0.0233	0.0995
80	0.0505	0.1719	0.0233	0.0994
81	0.0488	0.1715	0.0233	0.0994
82	0.0482	0.1712	0.0233	0.0994
83	0.0460	0.1708	0.0232	0.0993
84	0.0463	0.1709	0.0232	0.0993
85	0.0444	0.1712	0.0232	0.0995
86	0.0427	0.1717	0.0233	0.0997
87	0.0429	0.1718	0.0233	0.0999
88	0.0422	0.1717	0.0233	0.0998
89	0.0411	0.1721	0.0233	0.1000
90	0.0404	0.1726	0.0234	0.1002
91	0.0395	0.1726	0.0234	0.1003
92	0.0389	0.1729	0.0233	0.1003
93	0.0387	0.1733	0.0234	0.1003
94	0.0375	0.1737	0.0234	0.1005
95	0.0368	0.1732	0.0233	0.1005
96	0.0364	0.1736	0.0234	0.1006
97	0.0352	0.1737	0.0234	0.1005
98	0.0347	0.1738	0.0234	0.1008
99	0.0348	0.1734	0.0234	0.1007
100	0.0335	0.1734	0.0234	0.1009
101	0.0331	0.1729	0.0234	0.1006
102	0.0320	0.1732	0.0234	0.1008
103	0.0322	0.1736	0.0234	0.1008
104	0.0312	0.1735	0.0234	0.1009
105	0.0308	0.1737	0.0234	0.1010
106	0.0303	0.1734	0.0234	0.1009
107	0.0302	0.1732	0.0234	0.1011
108	0.0292	0.1732	0.0234	0.1012
109	0.0292	0.1731	0.0234	0.1014
110	0.0282	0.1733	0.0234	0.1014
111	0.0281	0.1728	0.0233	0.1011
112	0.0276	0.1726	0.0233	0.1010
113	0.0278	0.1726	0.0233	0.1011
114	0.0263	0.1727	0.0233	0.1012
115	0.0263	0.1727	0.0233	0.1012
116	0.0263	0.1732	0.0234	0.1014
117	0.0256	0.1728	0.0233	0.1013
118	0.0245	0.1734	0.0234	0.1013
119	0.0255	0.1733	0.0233	0.1013
120	0.0252	0.1733	0.0233	0.1013
121	0.0240	0.1738	0.0234	0.1014
122	0.0237	0.1734	0.0233	0.1013
123	0.0235	0.1730	0.0233	0.1011
124	0.0234	0.1734	0.0233	0.1014
125	0.0228	0.1734	0.0233	0.1015
126	0.0233	0.1736	0.0233	0.1018
127	0.0225	0.1733	0.0233	0.1019
128	0.0222	0.1730	0.0233	0.1020
129	0.0219	0.1726	0.0232	0.1020
130	0.0214	0.1728	0.0232	0.1019
131	0.0207	0.1726	0.0232	0.1020
132	0.0210	0.1729	0.0232	0.1022
133	0.0206	0.1728	0.0232	0.1022
134	0.0197	0.1735	0.0233	0.1024
135	0.0204	0.1734	0.0233	0.1025
136	0.0199	0.1731	0.0233	0.1024
137	0.0199	0.1733	0.0233	0.1026
138	0.0193	0.1734	0.0233	0.1027
139	0.0195	0.1736	0.0233	0.1029
140	0.0195	0.1738	0.0234	0.1030
141	0.0186	0.1738	0.0233	0.1029
142	0.0185	0.1735	0.0233	0.1028
143	0.0178	0.1732	0.0233	0.1027
144	0.0182	0.1735	0.0233	0.1028
145	0.0179	0.1733	0.0233	0.1029
146	0.0179	0.1738	0.0234	0.1032
147	0.0179	0.1742	0.0234	0.1034
148	0.0172	0.1746	0.0234	0.1034
149	0.0172	0.1745	0.0234	0.1035
150	0.0170	0.1742	0.0233	0.1033
