{"n_layers": 2, "device": "cuda", "batch_size": 2048, "embedding_dim": 256, "learning_rate": 0.0005, "dataset": "dbbook", "epochs": 150, "top_k": 20, "multimodal": true, "datasets": {"dbbook": ["images", "text"], "ml1m": ["audio", "images", "text", "video"]}}
Epoch	Loss	Recall	Precision	NDCG
1	0.6922	0.0203	0.0069	0.0163
2	0.6899	0.0493	0.0167	0.0414
3	0.6872	0.0727	0.0249	0.0589
4	0.6832	0.0821	0.0287	0.0641
5	0.6775	0.0834	0.0293	0.0634
6	0.6692	0.0813	0.0288	0.0595
7	0.6575	0.0793	0.0283	0.0562
8	0.6419	0.0761	0.0272	0.0527
9	0.6223	0.0730	0.0264	0.0501
10	0.5986	0.0700	0.0255	0.0475
11	0.5716	0.0681	0.0249	0.0457
12	0.5438	0.0664	0.0244	0.0445
13	0.5158	0.0654	0.0241	0.0438
14	0.4875	0.0647	0.0239	0.0433
15	0.4622	0.0642	0.0238	0.0430
16	0.4398	0.0640	0.0238	0.0429
17	0.4182	0.0640	0.0238	0.0428
18	0.3982	0.0645	0.0240	0.0431
19	0.3824	0.0644	0.0240	0.0431
20	0.3659	0.0650	0.0241	0.0434
21	0.3523	0.0651	0.0242	0.0436
22	0.3403	0.0654	0.0243	0.0437
23	0.3292	0.0659	0.0244	0.0440
24	0.3182	0.0666	0.0247	0.0445
25	0.3081	0.0673	0.0249	0.0449
26	0.2993	0.0676	0.0250	0.0452
27	0.2911	0.0679	0.0251	0.0455
28	0.2841	0.0686	0.0253	0.0459
29	0.2762	0.0690	0.0254	0.0462
30	0.2675	0.0698	0.0256	0.0467
31	0.2631	0.0704	0.0258	0.0472
32	0.2548	0.0706	0.0259	0.0474
33	0.2491	0.0710	0.0260	0.0479
34	0.2473	0.0716	0.0262	0.0484
35	0.2387	0.0722	0.0264	0.0489
36	0.2359	0.0728	0.0266	0.0494
37	0.2312	0.0736	0.0268	0.0499
38	0.2253	0.0739	0.0270	0.0501
39	0.2191	0.0742	0.0271	0.0505
40	0.2177	0.0751	0.0273	0.0509
41	0.2145	0.0756	0.0275	0.0515
42	0.2079	0.0765	0.0277	0.0520
43	0.2008	0.0773	0.0280	0.0525
44	0.1976	0.0779	0.0281	0.0530
45	0.1968	0.0781	0.0281	0.0533
46	0.1906	0.0783	0.0282	0.0537
47	0.1887	0.0787	0.0283	0.0540
48	0.1841	0.0795	0.0285	0.0546
49	0.1816	0.0801	0.0286	0.0551
50	0.1800	0.0808	0.0288	0.0557
51	0.1732	0.0813	0.0290	0.0561
52	0.1704	0.0820	0.0291	0.0568
53	0.1667	0.0828	0.0293	0.0575
54	0.1631	0.0835	0.0296	0.0581
55	0.1626	0.0840	0.0297	0.0585
56	0.1601	0.0845	0.0299	0.0589
57	0.1569	0.0850	0.0301	0.0594
58	0.1551	0.0858	0.0303	0.0600
59	0.1521	0.0865	0.0305	0.0605
60	0.1481	0.0869	0.0306	0.0608
61	0.1483	0.0872	0.0307	0.0610
62	0.1429	0.0875	0.0309	0.0614
63	0.1425	0.0884	0.0311	0.0621
64	0.1388	0.0889	0.0312	0.0623
65	0.1369	0.0891	0.0313	0.0627
66	0.1351	0.0893	0.0313	0.0631
67	0.1330	0.0897	0.0315	0.0635
68	0.1313	0.0902	0.0316	0.0638
69	0.1277	0.0909	0.0318	0.0643
70	0.1245	0.0915	0.0320	0.0647
71	0.1269	0.0919	0.0321	0.0649
72	0.1203	0.0924	0.0322	0.0654
73	0.1238	0.0929	0.0324	0.0658
74	0.1210	0.0934	0.0326	0.0660
75	0.1147	0.0942	0.0328	0.0666
76	0.1168	0.0946	0.0330	0.0670
77	0.1140	0.0951	0.0332	0.0675
78	0.1117	0.0954	0.0332	0.0677
79	0.1105	0.0955	0.0333	0.0678
80	0.1099	0.0960	0.0334	0.0682
81	0.1071	0.0966	0.0336	0.0686
82	0.1065	0.0971	0.0338	0.0689
83	0.1041	0.0976	0.0339	0.0692
84	0.1013	0.0981	0.0341	0.0697
85	0.1029	0.0984	0.0342	0.0699
86	0.1024	0.0984	0.0343	0.0700
87	0.0998	0.0994	0.0346	0.0707
88	0.0976	0.0996	0.0346	0.0709
89	0.0955	0.0996	0.0347	0.0710
90	0.0944	0.1000	0.0348	0.0714
91	0.0931	0.1003	0.0349	0.0717
92	0.0945	0.1003	0.0350	0.0719
93	0.0909	0.1009	0.0351	0.0723
94	0.0915	0.1009	0.0352	0.0724
95	0.0895	0.1010	0.0352	0.0726
96	0.0871	0.1009	0.0352	0.0728
97	0.0883	0.1014	0.0354	0.0732
98	0.0860	0.1020	0.0356	0.0734
99	0.0853	0.1021	0.0357	0.0736
100	0.0830	0.1027	0.0359	0.0739
101	0.0813	0.1034	0.0361	0.0742
102	0.0837	0.1040	0.0363	0.0747
103	0.0796	0.1047	0.0364	0.0751
104	0.0813	0.1051	0.0365	0.0754
105	0.0763	0.1062	0.0368	0.0759
106	0.0776	0.1063	0.0369	0.0762
107	0.0765	0.1068	0.0370	0.0763
108	0.0750	0.1069	0.0371	0.0765
109	0.0777	0.1073	0.0372	0.0768
110	0.0745	0.1074	0.0372	0.0771
111	0.0738	0.1080	0.0373	0.0776
112	0.0736	0.1083	0.0375	0.0779
113	0.0722	0.1085	0.0375	0.0782
114	0.0706	0.1090	0.0377	0.0786
115	0.0694	0.1093	0.0378	0.0789
116	0.0690	0.1094	0.0380	0.0791
117	0.0678	0.1099	0.0380	0.0793
118	0.0697	0.1100	0.0381	0.0795
119	0.0673	0.1100	0.0381	0.0795
120	0.0645	0.1105	0.0382	0.0799
121	0.0665	0.1105	0.0383	0.0800
122	0.0653	0.1109	0.0384	0.0803
123	0.0630	0.1111	0.0384	0.0805
124	0.0619	0.1115	0.0385	0.0808
125	0.0613	0.1119	0.0386	0.0809
126	0.0625	0.1120	0.0386	0.0811
127	0.0619	0.1125	0.0387	0.0815
128	0.0622	0.1127	0.0388	0.0816
129	0.0593	0.1127	0.0389	0.0818
130	0.0600	0.1131	0.0390	0.0821
131	0.0584	0.1136	0.0391	0.0823
132	0.0581	0.1138	0.0392	0.0825
133	0.0576	0.1140	0.0392	0.0827
134	0.0573	0.1140	0.0393	0.0828
135	0.0559	0.1143	0.0394	0.0830
136	0.0562	0.1149	0.0395	0.0832
137	0.0573	0.1150	0.0395	0.0833
138	0.0547	0.1148	0.0395	0.0833
139	0.0544	0.1149	0.0394	0.0833
140	0.0514	0.1149	0.0394	0.0834
141	0.0548	0.1149	0.0394	0.0836
142	0.0527	0.1153	0.0396	0.0838
143	0.0517	0.1156	0.0397	0.0840
144	0.0520	0.1157	0.0397	0.0841
145	0.0515	0.1163	0.0399	0.0846
146	0.0512	0.1164	0.0399	0.0846
147	0.0497	0.1162	0.0398	0.0846
148	0.0499	0.1168	0.0400	0.0849
149	0.0504	0.1169	0.0400	0.0850
150	0.0493	0.1168	0.0401	0.0852
