{"n_layers": 0, "device": "cuda", "batch_size": 2048, "embedding_dim": 1024, "learning_rate": 0.001, "dataset": "dbbook", "epochs": 150, "top_k": 50, "multimodal": true, "datasets": {"dbbook": ["images", "text"], "ml1m": ["audio", "images", "text", "video"]}}
Epoch	Loss	Recall	Precision	NDCG
1	0.6929	0.0212	0.0028	0.0111
2	0.6823	0.0455	0.0058	0.0288
3	0.6705	0.0870	0.0112	0.0579
4	0.6535	0.1279	0.0172	0.0843
5	0.6280	0.1572	0.0212	0.1018
6	0.5912	0.1735	0.0236	0.1108
7	0.5422	0.1806	0.0248	0.1147
8	0.4840	0.1846	0.0255	0.1170
9	0.4230	0.1877	0.0260	0.1182
10	0.3636	0.1902	0.0263	0.1195
11	0.3132	0.1915	0.0265	0.1201
12	0.2679	0.1941	0.0268	0.1217
13	0.2324	0.1963	0.0270	0.1230
14	0.2023	0.1979	0.0273	0.1239
15	0.1764	0.2012	0.0277	0.1259
16	0.1562	0.2038	0.0279	0.1275
17	0.1383	0.2059	0.0281	0.1284
18	0.1232	0.2068	0.0283	0.1293
19	0.1097	0.2080	0.0284	0.1302
20	0.0982	0.2105	0.0286	0.1315
21	0.0897	0.2125	0.0288	0.1325
22	0.0813	0.2134	0.0289	0.1333
23	0.0730	0.2146	0.0291	0.1342
24	0.0671	0.2153	0.0291	0.1349
25	0.0620	0.2161	0.0292	0.1356
26	0.0569	0.2170	0.0293	0.1361
27	0.0530	0.2189	0.0295	0.1366
28	0.0484	0.2203	0.0296	0.1375
29	0.0454	0.2205	0.0296	0.1377
30	0.0422	0.2210	0.0297	0.1379
31	0.0390	0.2213	0.0297	0.1384
32	0.0375	0.2205	0.0296	0.1385
33	0.0346	0.2214	0.0297	0.1394
34	0.0334	0.2224	0.0298	0.1402
35	0.0311	0.2234	0.0299	0.1401
36	0.0294	0.2243	0.0300	0.1404
37	0.0288	0.2247	0.0300	0.1404
38	0.0269	0.2243	0.0300	0.1406
39	0.0257	0.2240	0.0299	0.1406
40	0.0242	0.2234	0.0299	0.1402
41	0.0233	0.2231	0.0298	0.1401
42	0.0224	0.2235	0.0299	0.1402
43	0.0214	0.2237	0.0299	0.1404
44	0.0200	0.2238	0.0299	0.1405
45	0.0199	0.2237	0.0299	0.1404
46	0.0190	0.2242	0.0299	0.1406
47	0.0185	0.2237	0.0299	0.1407
48	0.0182	0.2257	0.0300	0.1415
49	0.0171	0.2255	0.0300	0.1413
50	0.0169	0.2265	0.0301	0.1416
51	0.0164	0.2261	0.0301	0.1418
52	0.0158	0.2259	0.0301	0.1420
53	0.0152	0.2270	0.0302	0.1424
54	0.0150	0.2272	0.0302	0.1427
55	0.0146	0.2269	0.0302	0.1424
56	0.0145	0.2272	0.0302	0.1424
57	0.0141	0.2269	0.0302	0.1424
58	0.0144	0.2267	0.0301	0.1421
59	0.0132	0.2280	0.0302	0.1427
60	0.0132	0.2277	0.0302	0.1428
61	0.0127	0.2273	0.0301	0.1428
62	0.0124	0.2277	0.0302	0.1429
63	0.0125	0.2277	0.0302	0.1428
64	0.0124	0.2278	0.0302	0.1430
65	0.0120	0.2279	0.0302	0.1431
66	0.0117	0.2279	0.0302	0.1427
67	0.0119	0.2277	0.0302	0.1426
68	0.0116	0.2265	0.0300	0.1418
69	0.0113	0.2265	0.0300	0.1417
70	0.0105	0.2268	0.0300	0.1417
71	0.0110	0.2276	0.0300	0.1422
72	0.0105	0.2280	0.0301	0.1425
73	0.0109	0.2278	0.0301	0.1427
74	0.0108	0.2278	0.0301	0.1428
75	0.0100	0.2279	0.0301	0.1428
76	0.0101	0.2270	0.0300	0.1427
77	0.0101	0.2268	0.0300	0.1428
78	0.0103	0.2275	0.0300	0.1432
79	0.0098	0.2272	0.0300	0.1433
80	0.0096	0.2275	0.0300	0.1434
81	0.0092	0.2278	0.0300	0.1434
82	0.0097	0.2274	0.0300	0.1433
83	0.0093	0.2280	0.0301	0.1436
84	0.0092	0.2277	0.0301	0.1433
85	0.0094	0.2278	0.0301	0.1435
86	0.0091	0.2277	0.0301	0.1435
87	0.0086	0.2276	0.0300	0.1433
88	0.0093	0.2278	0.0300	0.1432
89	0.0090	0.2276	0.0300	0.1430
90	0.0089	0.2283	0.0300	0.1433
91	0.0084	0.2284	0.0301	0.1434
92	0.0090	0.2284	0.0301	0.1435
93	0.0085	0.2282	0.0301	0.1436
94	0.0085	0.2280	0.0301	0.1437
95	0.0083	0.2282	0.0300	0.1439
96	0.0082	0.2285	0.0301	0.1442
97	0.0084	0.2292	0.0302	0.1443
98	0.0081	0.2290	0.0301	0.1441
99	0.0087	0.2296	0.0302	0.1442
100	0.0079	0.2295	0.0302	0.1442
101	0.0082	0.2297	0.0302	0.1441
102	0.0084	0.2293	0.0302	0.1439
103	0.0083	0.2293	0.0302	0.1440
104	0.0079	0.2293	0.0302	0.1443
105	0.0081	0.2295	0.0302	0.1446
106	0.0084	0.2296	0.0303	0.1449
107	0.0083	0.2296	0.0302	0.1448
108	0.0082	0.2296	0.0302	0.1450
109	0.0082	0.2292	0.0302	0.1446
110	0.0078	0.2304	0.0303	0.1450
111	0.0083	0.2299	0.0303	0.1446
112	0.0078	0.2294	0.0302	0.1445
113	0.0077	0.2289	0.0301	0.1442
114	0.0078	0.2290	0.0301	0.1442
115	0.0080	0.2291	0.0302	0.1442
116	0.0075	0.2291	0.0301	0.1444
117	0.0076	0.2294	0.0301	0.1443
118	0.0082	0.2290	0.0301	0.1445
119	0.0076	0.2296	0.0302	0.1447
120	0.0076	0.2293	0.0301	0.1447
121	0.0077	0.2292	0.0302	0.1448
122	0.0074	0.2295	0.0302	0.1449
123	0.0077	0.2294	0.0302	0.1449
124	0.0073	0.2288	0.0301	0.1449
125	0.0075	0.2292	0.0301	0.1450
126	0.0075	0.2287	0.0301	0.1448
127	0.0076	0.2290	0.0301	0.1449
128	0.0075	0.2289	0.0301	0.1448
129	0.0075	0.2290	0.0301	0.1452
130	0.0078	0.2293	0.0301	0.1452
131	0.0075	0.2296	0.0302	0.1452
132	0.0071	0.2297	0.0302	0.1452
133	0.0077	0.2302	0.0302	0.1452
134	0.0076	0.2297	0.0302	0.1452
135	0.0076	0.2300	0.0301	0.1456
136	0.0070	0.2294	0.0301	0.1454
137	0.0072	0.2297	0.0302	0.1458
138	0.0069	0.2301	0.0302	0.1461
139	0.0073	0.2293	0.0301	0.1458
140	0.0073	0.2292	0.0301	0.1456
141	0.0071	0.2293	0.0301	0.1456
142	0.0071	0.2298	0.0301	0.1454
143	0.0075	0.2295	0.0301	0.1452
144	0.0076	0.2290	0.0301	0.1449
145	0.0071	0.2291	0.0301	0.1450
146	0.0074	0.2297	0.0302	0.1451
147	0.0070	0.2291	0.0301	0.1448
148	0.0075	0.2290	0.0300	0.1446
149	0.0070	0.2289	0.0300	0.1449
150	0.0075	0.2291	0.0300	0.1453
