{"n_layers": 0, "device": "cuda", "batch_size": 2048, "embedding_dim": 1024, "learning_rate": 0.001, "dataset": "dbbook", "epochs": 150, "top_k": 50, "multimodal": true, "datasets": {"dbbook": ["images", "text"], "ml1m": ["audio", "images", "text", "video"]}}
Epoch	Loss	Recall	Precision	NDCG
1	0.6891	0.0323	0.0038	0.0181
2	0.6093	0.0601	0.0072	0.0381
3	0.5460	0.0779	0.0093	0.0519
4	0.4887	0.0912	0.0110	0.0617
5	0.4373	0.1026	0.0124	0.0696
6	0.3888	0.1127	0.0136	0.0768
7	0.3458	0.1218	0.0147	0.0834
8	0.3068	0.1296	0.0158	0.0888
9	0.2709	0.1355	0.0166	0.0934
10	0.2407	0.1432	0.0176	0.0983
11	0.2134	0.1493	0.0185	0.1023
12	0.1897	0.1556	0.0192	0.1057
13	0.1687	0.1598	0.0198	0.1087
14	0.1510	0.1644	0.0205	0.1116
15	0.1353	0.1686	0.0211	0.1142
16	0.1213	0.1727	0.0217	0.1165
17	0.1097	0.1771	0.0223	0.1187
18	0.0993	0.1803	0.0227	0.1206
19	0.0899	0.1826	0.0231	0.1222
20	0.0823	0.1854	0.0235	0.1237
21	0.0755	0.1879	0.0238	0.1250
22	0.0696	0.1897	0.0241	0.1263
23	0.0639	0.1915	0.0244	0.1274
24	0.0592	0.1933	0.0246	0.1284
25	0.0550	0.1941	0.0248	0.1292
26	0.0513	0.1954	0.0250	0.1301
27	0.0472	0.1964	0.0251	0.1306
28	0.0440	0.1975	0.0253	0.1313
29	0.0418	0.1987	0.0254	0.1319
30	0.0395	0.1999	0.0256	0.1325
31	0.0371	0.2009	0.0257	0.1329
32	0.0348	0.2020	0.0259	0.1336
33	0.0333	0.2031	0.0261	0.1343
34	0.0311	0.2041	0.0262	0.1350
35	0.0300	0.2047	0.0263	0.1353
36	0.0282	0.2055	0.0264	0.1357
37	0.0268	0.2065	0.0266	0.1363
38	0.0261	0.2070	0.0266	0.1365
39	0.0246	0.2073	0.0267	0.1368
40	0.0237	0.2076	0.0267	0.1370
41	0.0224	0.2078	0.0268	0.1372
42	0.0216	0.2082	0.0268	0.1374
43	0.0209	0.2088	0.0269	0.1378
44	0.0202	0.2093	0.0270	0.1382
45	0.0197	0.2098	0.0271	0.1385
46	0.0185	0.2101	0.0271	0.1387
47	0.0181	0.2102	0.0271	0.1388
48	0.0175	0.2107	0.0272	0.1392
49	0.0168	0.2111	0.0272	0.1393
50	0.0165	0.2124	0.0274	0.1397
51	0.0160	0.2122	0.0274	0.1396
52	0.0151	0.2125	0.0274	0.1398
53	0.0149	0.2121	0.0274	0.1395
54	0.0145	0.2124	0.0274	0.1396
55	0.0144	0.2128	0.0275	0.1400
56	0.0139	0.2133	0.0275	0.1402
57	0.0137	0.2135	0.0276	0.1404
58	0.0132	0.2137	0.0276	0.1405
59	0.0129	0.2141	0.0276	0.1407
60	0.0124	0.2145	0.0277	0.1410
61	0.0121	0.2144	0.0277	0.1411
62	0.0123	0.2147	0.0277	0.1413
63	0.0118	0.2148	0.0278	0.1414
64	0.0115	0.2150	0.0278	0.1416
65	0.0114	0.2155	0.0278	0.1419
66	0.0116	0.2157	0.0279	0.1420
67	0.0111	0.2158	0.0279	0.1421
68	0.0107	0.2160	0.0279	0.1423
69	0.0107	0.2169	0.0280	0.1427
70	0.0107	0.2172	0.0280	0.1427
71	0.0101	0.2172	0.0280	0.1428
72	0.0101	0.2176	0.0281	0.1428
73	0.0098	0.2177	0.0281	0.1428
74	0.0099	0.2175	0.0281	0.1428
75	0.0093	0.2175	0.0281	0.1430
76	0.0094	0.2174	0.0281	0.1431
77	0.0094	0.2170	0.0281	0.1431
78	0.0094	0.2174	0.0281	0.1433
79	0.0094	0.2179	0.0281	0.1434
80	0.0086	0.2179	0.0281	0.1434
81	0.0090	0.2182	0.0281	0.1435
82	0.0085	0.2181	0.0281	0.1436
83	0.0084	0.2184	0.0282	0.1435
84	0.0083	0.2186	0.0282	0.1437
85	0.0082	0.2187	0.0282	0.1437
86	0.0081	0.2187	0.0282	0.1438
87	0.0081	0.2191	0.0283	0.1438
88	0.0082	0.2192	0.0283	0.1440
89	0.0079	0.2195	0.0283	0.1442
90	0.0075	0.2199	0.0284	0.1444
91	0.0080	0.2206	0.0285	0.1445
92	0.0079	0.2208	0.0285	0.1446
93	0.0080	0.2208	0.0285	0.1444
94	0.0075	0.2208	0.0285	0.1443
95	0.0076	0.2208	0.0285	0.1444
96	0.0074	0.2210	0.0285	0.1446
97	0.0078	0.2208	0.0285	0.1446
98	0.0076	0.2212	0.0285	0.1446
99	0.0075	0.2211	0.0285	0.1448
100	0.0072	0.2213	0.0285	0.1450
101	0.0074	0.2212	0.0285	0.1449
102	0.0072	0.2214	0.0286	0.1452
103	0.0070	0.2217	0.0286	0.1453
104	0.0069	0.2217	0.0286	0.1452
105	0.0072	0.2213	0.0286	0.1452
106	0.0075	0.2220	0.0287	0.1454
107	0.0066	0.2219	0.0286	0.1455
108	0.0069	0.2214	0.0286	0.1453
109	0.0071	0.2215	0.0286	0.1453
110	0.0072	0.2217	0.0286	0.1454
111	0.0069	0.2218	0.0286	0.1453
112	0.0070	0.2222	0.0286	0.1456
113	0.0067	0.2224	0.0286	0.1457
114	0.0069	0.2226	0.0287	0.1457
115	0.0066	0.2221	0.0286	0.1456
116	0.0069	0.2224	0.0286	0.1454
117	0.0069	0.2225	0.0286	0.1453
118	0.0065	0.2227	0.0287	0.1455
119	0.0064	0.2227	0.0287	0.1455
120	0.0065	0.2228	0.0287	0.1454
121	0.0065	0.2224	0.0287	0.1453
122	0.0062	0.2225	0.0287	0.1453
123	0.0068	0.2228	0.0287	0.1454
124	0.0061	0.2231	0.0287	0.1454
125	0.0064	0.2230	0.0287	0.1455
126	0.0067	0.2231	0.0287	0.1454
127	0.0064	0.2231	0.0287	0.1453
128	0.0062	0.2230	0.0287	0.1453
129	0.0065	0.2231	0.0287	0.1456
130	0.0064	0.2228	0.0287	0.1454
131	0.0061	0.2226	0.0287	0.1453
132	0.0059	0.2232	0.0288	0.1453
133	0.0060	0.2231	0.0288	0.1454
134	0.0063	0.2232	0.0288	0.1455
135	0.0064	0.2231	0.0287	0.1454
136	0.0060	0.2231	0.0287	0.1454
137	0.0065	0.2230	0.0287	0.1453
138	0.0059	0.2231	0.0287	0.1453
139	0.0060	0.2228	0.0287	0.1452
140	0.0060	0.2229	0.0287	0.1452
141	0.0065	0.2237	0.0288	0.1455
142	0.0063	0.2234	0.0287	0.1456
143	0.0063	0.2237	0.0287	0.1457
144	0.0063	0.2236	0.0288	0.1456
145	0.0061	0.2236	0.0287	0.1457
146	0.0059	0.2233	0.0287	0.1457
147	0.0056	0.2234	0.0287	0.1458
148	0.0060	0.2229	0.0287	0.1457
149	0.0059	0.2232	0.0287	0.1458
150	0.0055	0.2232	0.0287	0.1458
