{"n_layers": 0, "device": "cuda", "batch_size": 2048, "embedding_dim": 512, "learning_rate": 0.0005, "dataset": "dbbook", "epochs": 150, "top_k": 50, "multimodal": true, "datasets": {"dbbook": ["images", "text"], "ml1m": ["audio", "images", "text", "video"]}}
Epoch	Loss	Recall	Precision	NDCG
1	0.6929	0.0133	0.0018	0.0065
2	0.6879	0.0216	0.0028	0.0110
3	0.6834	0.0314	0.0041	0.0177
4	0.6787	0.0430	0.0056	0.0262
5	0.6734	0.0551	0.0072	0.0351
6	0.6675	0.0673	0.0089	0.0452
7	0.6607	0.0807	0.0108	0.0551
8	0.6530	0.0941	0.0126	0.0638
9	0.6438	0.1074	0.0144	0.0721
10	0.6336	0.1196	0.0161	0.0793
11	0.6215	0.1285	0.0175	0.0848
12	0.6082	0.1371	0.0187	0.0894
13	0.5931	0.1445	0.0197	0.0934
14	0.5766	0.1515	0.0206	0.0965
15	0.5586	0.1546	0.0212	0.0990
16	0.5393	0.1581	0.0218	0.1005
17	0.5192	0.1614	0.0222	0.1023
18	0.4980	0.1637	0.0226	0.1036
19	0.4775	0.1666	0.0230	0.1050
20	0.4562	0.1692	0.0233	0.1063
21	0.4345	0.1706	0.0235	0.1068
22	0.4140	0.1720	0.0237	0.1073
23	0.3943	0.1729	0.0239	0.1077
24	0.3758	0.1751	0.0242	0.1086
25	0.3573	0.1762	0.0243	0.1092
26	0.3399	0.1776	0.0245	0.1099
27	0.3222	0.1791	0.0247	0.1106
28	0.3078	0.1801	0.0248	0.1111
29	0.2937	0.1808	0.0250	0.1116
30	0.2796	0.1818	0.0251	0.1121
31	0.2668	0.1827	0.0252	0.1126
32	0.2548	0.1840	0.0254	0.1131
33	0.2448	0.1849	0.0255	0.1135
34	0.2332	0.1857	0.0256	0.1138
35	0.2229	0.1870	0.0258	0.1144
36	0.2136	0.1876	0.0259	0.1148
37	0.2038	0.1879	0.0259	0.1150
38	0.1953	0.1883	0.0259	0.1152
39	0.1879	0.1888	0.0260	0.1156
40	0.1808	0.1896	0.0261	0.1161
41	0.1740	0.1910	0.0263	0.1168
42	0.1672	0.1917	0.0264	0.1174
43	0.1611	0.1923	0.0264	0.1175
44	0.1551	0.1933	0.0266	0.1179
45	0.1496	0.1942	0.0267	0.1185
46	0.1432	0.1949	0.0267	0.1188
47	0.1389	0.1946	0.0268	0.1189
48	0.1329	0.1961	0.0269	0.1195
49	0.1276	0.1966	0.0270	0.1198
50	0.1232	0.1973	0.0270	0.1200
51	0.1197	0.1980	0.0271	0.1204
52	0.1149	0.1985	0.0272	0.1207
53	0.1105	0.1990	0.0273	0.1213
54	0.1086	0.1991	0.0273	0.1212
55	0.1035	0.1997	0.0273	0.1217
56	0.1021	0.2003	0.0274	0.1222
57	0.0983	0.2010	0.0275	0.1227
58	0.0958	0.2010	0.0275	0.1226
59	0.0914	0.2012	0.0275	0.1228
60	0.0882	0.2015	0.0276	0.1231
61	0.0861	0.2018	0.0276	0.1234
62	0.0834	0.2023	0.0277	0.1236
63	0.0816	0.2030	0.0278	0.1239
64	0.0784	0.2034	0.0278	0.1242
65	0.0768	0.2039	0.0279	0.1245
66	0.0744	0.2043	0.0279	0.1248
67	0.0720	0.2050	0.0280	0.1251
68	0.0699	0.2055	0.0280	0.1253
69	0.0682	0.2057	0.0281	0.1255
70	0.0659	0.2064	0.0282	0.1257
71	0.0648	0.2072	0.0283	0.1261
72	0.0638	0.2073	0.0283	0.1263
73	0.0617	0.2075	0.0283	0.1265
74	0.0598	0.2080	0.0284	0.1268
75	0.0583	0.2080	0.0284	0.1270
76	0.0561	0.2087	0.0285	0.1273
77	0.0551	0.2094	0.0286	0.1278
78	0.0538	0.2096	0.0286	0.1279
79	0.0526	0.2099	0.0286	0.1281
80	0.0515	0.2101	0.0286	0.1283
81	0.0506	0.2106	0.0287	0.1283
82	0.0490	0.2101	0.0286	0.1282
83	0.0483	0.2103	0.0286	0.1284
84	0.0461	0.2107	0.0287	0.1285
85	0.0453	0.2104	0.0286	0.1285
86	0.0458	0.2104	0.0286	0.1286
87	0.0447	0.2105	0.0287	0.1287
88	0.0436	0.2109	0.0288	0.1291
89	0.0412	0.2108	0.0287	0.1294
90	0.0406	0.2109	0.0288	0.1294
91	0.0397	0.2108	0.0288	0.1296
92	0.0395	0.2110	0.0288	0.1298
93	0.0388	0.2117	0.0288	0.1302
94	0.0374	0.2122	0.0289	0.1304
95	0.0371	0.2120	0.0289	0.1303
96	0.0365	0.2118	0.0289	0.1303
97	0.0358	0.2127	0.0289	0.1306
98	0.0348	0.2130	0.0289	0.1309
99	0.0337	0.2128	0.0289	0.1311
100	0.0334	0.2132	0.0290	0.1313
101	0.0329	0.2129	0.0290	0.1312
102	0.0322	0.2129	0.0290	0.1314
103	0.0316	0.2133	0.0290	0.1317
104	0.0312	0.2134	0.0290	0.1318
105	0.0306	0.2134	0.0289	0.1319
106	0.0304	0.2138	0.0290	0.1321
107	0.0296	0.2143	0.0290	0.1324
108	0.0292	0.2148	0.0290	0.1325
109	0.0285	0.2148	0.0291	0.1329
110	0.0282	0.2149	0.0291	0.1328
111	0.0273	0.2151	0.0292	0.1330
112	0.0265	0.2152	0.0291	0.1330
113	0.0265	0.2152	0.0292	0.1331
114	0.0266	0.2157	0.0292	0.1333
115	0.0256	0.2155	0.0292	0.1334
116	0.0263	0.2159	0.0292	0.1336
117	0.0251	0.2167	0.0293	0.1339
118	0.0241	0.2171	0.0293	0.1340
119	0.0244	0.2172	0.0293	0.1341
120	0.0234	0.2170	0.0293	0.1340
121	0.0235	0.2171	0.0293	0.1340
122	0.0236	0.2165	0.0293	0.1339
123	0.0230	0.2170	0.0293	0.1341
124	0.0229	0.2167	0.0293	0.1341
125	0.0219	0.2172	0.0293	0.1344
126	0.0219	0.2176	0.0293	0.1346
127	0.0217	0.2176	0.0293	0.1347
128	0.0211	0.2171	0.0293	0.1346
129	0.0212	0.2174	0.0293	0.1348
130	0.0206	0.2177	0.0293	0.1348
131	0.0207	0.2177	0.0293	0.1350
132	0.0208	0.2179	0.0293	0.1352
133	0.0196	0.2179	0.0294	0.1352
134	0.0199	0.2182	0.0294	0.1353
135	0.0197	0.2186	0.0294	0.1355
136	0.0192	0.2187	0.0295	0.1358
137	0.0193	0.2187	0.0294	0.1359
138	0.0189	0.2191	0.0295	0.1360
139	0.0181	0.2191	0.0295	0.1360
140	0.0184	0.2190	0.0295	0.1359
141	0.0183	0.2194	0.0295	0.1363
142	0.0177	0.2195	0.0295	0.1363
143	0.0177	0.2195	0.0295	0.1363
144	0.0177	0.2198	0.0295	0.1365
145	0.0175	0.2202	0.0296	0.1365
146	0.0174	0.2195	0.0295	0.1365
147	0.0168	0.2194	0.0295	0.1365
148	0.0169	0.2194	0.0295	0.1366
149	0.0167	0.2196	0.0295	0.1366
150	0.0166	0.2194	0.0295	0.1366
