{"n_layers": 2, "device": "cuda", "batch_size": 2048, "embedding_dim": 64, "learning_rate": 0.0005, "dataset": "dbbook", "epochs": 150, "top_k": 20, "multimodal": false, "datasets": {"dbbook": ["images", "text"], "ml1m": ["audio", "images", "text", "video"]}}
Epoch	Loss	Recall	Precision	NDCG
1	0.6929	0.0188	0.0070	0.0142
2	0.6924	0.0535	0.0193	0.0369
3	0.6909	0.0608	0.0221	0.0407
4	0.6870	0.0612	0.0223	0.0406
5	0.6793	0.0597	0.0219	0.0391
6	0.6664	0.0586	0.0217	0.0384
7	0.6483	0.0586	0.0217	0.0381
8	0.6256	0.0583	0.0215	0.0379
9	0.6002	0.0584	0.0214	0.0377
10	0.5732	0.0574	0.0212	0.0373
11	0.5459	0.0570	0.0211	0.0370
12	0.5202	0.0566	0.0210	0.0369
13	0.4963	0.0564	0.0210	0.0368
14	0.4746	0.0563	0.0209	0.0367
15	0.4544	0.0560	0.0208	0.0366
16	0.4390	0.0559	0.0208	0.0366
17	0.4248	0.0560	0.0208	0.0366
18	0.4101	0.0563	0.0209	0.0368
19	0.3990	0.0565	0.0210	0.0370
20	0.3898	0.0565	0.0210	0.0371
21	0.3801	0.0566	0.0210	0.0371
22	0.3714	0.0563	0.0209	0.0370
23	0.3679	0.0565	0.0210	0.0371
24	0.3579	0.0568	0.0210	0.0375
25	0.3508	0.0569	0.0211	0.0375
26	0.3492	0.0573	0.0212	0.0378
27	0.3408	0.0579	0.0215	0.0381
28	0.3365	0.0584	0.0217	0.0384
29	0.3307	0.0591	0.0219	0.0388
30	0.3306	0.0599	0.0221	0.0393
31	0.3239	0.0599	0.0221	0.0394
32	0.3203	0.0600	0.0222	0.0395
33	0.3164	0.0601	0.0223	0.0396
34	0.3137	0.0601	0.0223	0.0397
35	0.3097	0.0606	0.0225	0.0400
36	0.3055	0.0609	0.0226	0.0402
37	0.3025	0.0606	0.0225	0.0404
38	0.3018	0.0604	0.0225	0.0404
39	0.2984	0.0603	0.0225	0.0406
40	0.2921	0.0608	0.0226	0.0408
41	0.2906	0.0615	0.0228	0.0412
42	0.2883	0.0620	0.0229	0.0415
43	0.2863	0.0622	0.0231	0.0418
44	0.2814	0.0626	0.0231	0.0420
45	0.2783	0.0626	0.0232	0.0422
46	0.2734	0.0631	0.0233	0.0426
47	0.2694	0.0636	0.0235	0.0427
48	0.2727	0.0636	0.0235	0.0428
49	0.2674	0.0642	0.0236	0.0430
50	0.2653	0.0645	0.0237	0.0432
51	0.2617	0.0653	0.0240	0.0437
52	0.2557	0.0654	0.0240	0.0438
53	0.2574	0.0658	0.0241	0.0442
54	0.2510	0.0660	0.0241	0.0443
55	0.2547	0.0663	0.0242	0.0446
56	0.2480	0.0664	0.0242	0.0445
57	0.2483	0.0667	0.0243	0.0447
58	0.2461	0.0671	0.0244	0.0451
59	0.2387	0.0674	0.0244	0.0456
60	0.2413	0.0676	0.0245	0.0458
61	0.2355	0.0684	0.0248	0.0463
62	0.2324	0.0687	0.0249	0.0465
63	0.2306	0.0692	0.0251	0.0470
64	0.2280	0.0697	0.0253	0.0473
65	0.2250	0.0702	0.0255	0.0477
66	0.2271	0.0705	0.0255	0.0479
67	0.2168	0.0707	0.0256	0.0481
68	0.2145	0.0710	0.0257	0.0484
69	0.2195	0.0717	0.0259	0.0487
70	0.2170	0.0721	0.0260	0.0489
71	0.2147	0.0725	0.0261	0.0492
72	0.2104	0.0728	0.0262	0.0495
73	0.2075	0.0732	0.0264	0.0498
74	0.2071	0.0737	0.0266	0.0502
75	0.2065	0.0742	0.0267	0.0506
76	0.2024	0.0747	0.0267	0.0508
77	0.1998	0.0749	0.0268	0.0511
78	0.1960	0.0753	0.0270	0.0514
79	0.1986	0.0755	0.0271	0.0516
80	0.1884	0.0760	0.0273	0.0520
81	0.1908	0.0759	0.0272	0.0520
82	0.1873	0.0760	0.0273	0.0522
83	0.1884	0.0761	0.0274	0.0524
84	0.1875	0.0762	0.0274	0.0523
85	0.1859	0.0766	0.0275	0.0526
86	0.1819	0.0770	0.0276	0.0529
87	0.1794	0.0774	0.0277	0.0532
88	0.1789	0.0774	0.0276	0.0534
89	0.1775	0.0776	0.0277	0.0538
90	0.1771	0.0780	0.0278	0.0541
91	0.1730	0.0783	0.0279	0.0543
92	0.1719	0.0785	0.0279	0.0546
93	0.1705	0.0792	0.0281	0.0549
94	0.1688	0.0796	0.0282	0.0552
95	0.1664	0.0798	0.0283	0.0552
96	0.1653	0.0803	0.0284	0.0555
97	0.1628	0.0809	0.0285	0.0559
98	0.1588	0.0812	0.0286	0.0561
99	0.1594	0.0817	0.0288	0.0563
100	0.1569	0.0818	0.0288	0.0565
101	0.1513	0.0816	0.0288	0.0565
102	0.1558	0.0818	0.0288	0.0566
103	0.1524	0.0824	0.0290	0.0570
104	0.1527	0.0827	0.0291	0.0572
105	0.1523	0.0829	0.0292	0.0573
106	0.1499	0.0833	0.0293	0.0575
107	0.1490	0.0833	0.0294	0.0575
108	0.1447	0.0832	0.0294	0.0576
109	0.1443	0.0839	0.0295	0.0580
110	0.1427	0.0846	0.0297	0.0583
111	0.1430	0.0847	0.0298	0.0585
112	0.1410	0.0849	0.0298	0.0586
113	0.1376	0.0851	0.0298	0.0587
114	0.1402	0.0855	0.0300	0.0589
115	0.1351	0.0859	0.0301	0.0591
116	0.1366	0.0861	0.0301	0.0593
117	0.1345	0.0864	0.0302	0.0595
118	0.1348	0.0866	0.0303	0.0597
119	0.1305	0.0865	0.0303	0.0597
120	0.1304	0.0870	0.0304	0.0600
121	0.1275	0.0869	0.0304	0.0601
122	0.1278	0.0875	0.0306	0.0604
123	0.1292	0.0875	0.0307	0.0605
124	0.1241	0.0879	0.0308	0.0607
125	0.1251	0.0881	0.0308	0.0609
126	0.1235	0.0883	0.0309	0.0610
127	0.1227	0.0884	0.0308	0.0610
128	0.1243	0.0890	0.0310	0.0614
129	0.1204	0.0892	0.0310	0.0616
130	0.1197	0.0892	0.0311	0.0617
131	0.1172	0.0892	0.0311	0.0618
132	0.1169	0.0893	0.0311	0.0618
133	0.1199	0.0894	0.0312	0.0619
134	0.1140	0.0894	0.0312	0.0620
135	0.1131	0.0892	0.0312	0.0620
136	0.1138	0.0894	0.0312	0.0621
137	0.1140	0.0899	0.0314	0.0624
138	0.1130	0.0904	0.0315	0.0626
139	0.1141	0.0903	0.0314	0.0626
140	0.1086	0.0904	0.0315	0.0629
141	0.1093	0.0905	0.0315	0.0630
142	0.1088	0.0906	0.0315	0.0631
143	0.1089	0.0905	0.0314	0.0632
144	0.1040	0.0908	0.0316	0.0635
145	0.1025	0.0908	0.0315	0.0635
146	0.1049	0.0911	0.0316	0.0637
147	0.1030	0.0914	0.0317	0.0638
148	0.1022	0.0917	0.0318	0.0640
149	0.1012	0.0919	0.0318	0.0641
150	0.1011	0.0923	0.0319	0.0644
