{"n_layers": 0, "device": "cuda", "batch_size": 2048, "embedding_dim": 1024, "learning_rate": 0.001, "dataset": "dbbook", "epochs": 150, "top_k": 50, "multimodal": true, "datasets": {"dbbook": ["images", "text"], "ml1m": ["audio", "images", "text", "video"]}}
Epoch	Loss	Recall	Precision	NDCG
1	0.6927	0.0230	0.0030	0.0120
2	0.6788	0.0466	0.0059	0.0292
3	0.6643	0.0774	0.0102	0.0526
4	0.6448	0.1110	0.0149	0.0752
5	0.6175	0.1365	0.0185	0.0912
6	0.5806	0.1542	0.0211	0.1009
7	0.5332	0.1655	0.0227	0.1064
8	0.4789	0.1717	0.0237	0.1096
9	0.4214	0.1764	0.0243	0.1112
10	0.3666	0.1811	0.0250	0.1131
11	0.3164	0.1837	0.0254	0.1148
12	0.2749	0.1868	0.0259	0.1166
13	0.2392	0.1884	0.0261	0.1179
14	0.2093	0.1904	0.0264	0.1191
15	0.1839	0.1919	0.0266	0.1204
16	0.1637	0.1953	0.0270	0.1220
17	0.1445	0.1982	0.0273	0.1234
18	0.1294	0.1999	0.0275	0.1246
19	0.1168	0.2024	0.0278	0.1260
20	0.1047	0.2034	0.0279	0.1265
21	0.0949	0.2047	0.0281	0.1273
22	0.0858	0.2064	0.0283	0.1280
23	0.0795	0.2076	0.0284	0.1287
24	0.0722	0.2091	0.0285	0.1295
25	0.0663	0.2101	0.0286	0.1305
26	0.0614	0.2106	0.0286	0.1310
27	0.0573	0.2114	0.0287	0.1316
28	0.0527	0.2118	0.0288	0.1324
29	0.0492	0.2131	0.0289	0.1330
30	0.0465	0.2137	0.0290	0.1334
31	0.0429	0.2148	0.0290	0.1339
32	0.0407	0.2160	0.0292	0.1345
33	0.0385	0.2168	0.0293	0.1349
34	0.0354	0.2172	0.0294	0.1353
35	0.0345	0.2181	0.0295	0.1359
36	0.0321	0.2187	0.0295	0.1356
37	0.0298	0.2182	0.0295	0.1356
38	0.0290	0.2193	0.0296	0.1360
39	0.0282	0.2198	0.0297	0.1360
40	0.0266	0.2210	0.0298	0.1366
41	0.0259	0.2215	0.0298	0.1369
42	0.0245	0.2219	0.0299	0.1373
43	0.0235	0.2226	0.0299	0.1374
44	0.0224	0.2225	0.0299	0.1376
45	0.0214	0.2230	0.0300	0.1378
46	0.0210	0.2229	0.0301	0.1381
47	0.0202	0.2234	0.0301	0.1381
48	0.0195	0.2231	0.0300	0.1383
49	0.0188	0.2227	0.0300	0.1382
50	0.0184	0.2225	0.0300	0.1384
51	0.0179	0.2225	0.0300	0.1385
52	0.0170	0.2222	0.0300	0.1382
53	0.0164	0.2226	0.0299	0.1383
54	0.0162	0.2225	0.0299	0.1382
55	0.0161	0.2225	0.0300	0.1382
56	0.0157	0.2230	0.0300	0.1384
57	0.0142	0.2230	0.0299	0.1386
58	0.0147	0.2239	0.0301	0.1391
59	0.0145	0.2240	0.0301	0.1395
60	0.0136	0.2238	0.0301	0.1394
61	0.0139	0.2240	0.0300	0.1395
62	0.0137	0.2247	0.0301	0.1400
63	0.0132	0.2240	0.0300	0.1401
64	0.0134	0.2243	0.0300	0.1402
65	0.0127	0.2248	0.0301	0.1403
66	0.0126	0.2243	0.0300	0.1403
67	0.0120	0.2252	0.0301	0.1408
68	0.0119	0.2250	0.0301	0.1407
69	0.0121	0.2248	0.0300	0.1404
70	0.0113	0.2253	0.0301	0.1409
71	0.0117	0.2253	0.0301	0.1410
72	0.0116	0.2253	0.0302	0.1414
73	0.0110	0.2253	0.0301	0.1414
74	0.0113	0.2256	0.0302	0.1414
75	0.0107	0.2257	0.0302	0.1415
76	0.0107	0.2263	0.0302	0.1417
77	0.0105	0.2258	0.0301	0.1414
78	0.0107	0.2261	0.0302	0.1414
79	0.0102	0.2254	0.0301	0.1415
80	0.0098	0.2253	0.0301	0.1415
81	0.0104	0.2252	0.0302	0.1416
82	0.0100	0.2253	0.0302	0.1416
83	0.0097	0.2250	0.0302	0.1417
84	0.0102	0.2246	0.0301	0.1419
85	0.0099	0.2256	0.0303	0.1420
86	0.0096	0.2252	0.0302	0.1418
87	0.0097	0.2256	0.0302	0.1419
88	0.0094	0.2255	0.0302	0.1418
89	0.0092	0.2253	0.0302	0.1419
90	0.0092	0.2253	0.0301	0.1420
91	0.0096	0.2256	0.0301	0.1421
92	0.0094	0.2264	0.0302	0.1424
93	0.0093	0.2264	0.0302	0.1424
94	0.0090	0.2254	0.0302	0.1425
95	0.0093	0.2254	0.0301	0.1423
96	0.0087	0.2256	0.0301	0.1424
97	0.0087	0.2256	0.0302	0.1423
98	0.0084	0.2254	0.0301	0.1426
99	0.0086	0.2258	0.0302	0.1426
100	0.0088	0.2255	0.0302	0.1424
101	0.0089	0.2253	0.0302	0.1423
102	0.0085	0.2259	0.0302	0.1427
103	0.0083	0.2255	0.0301	0.1428
104	0.0086	0.2255	0.0301	0.1426
105	0.0087	0.2257	0.0302	0.1431
106	0.0083	0.2254	0.0301	0.1434
107	0.0081	0.2261	0.0302	0.1437
108	0.0086	0.2267	0.0303	0.1439
109	0.0081	0.2274	0.0303	0.1441
110	0.0083	0.2271	0.0303	0.1440
111	0.0083	0.2267	0.0302	0.1439
112	0.0081	0.2263	0.0302	0.1439
113	0.0077	0.2262	0.0302	0.1439
114	0.0076	0.2257	0.0301	0.1436
115	0.0082	0.2256	0.0302	0.1439
116	0.0080	0.2251	0.0301	0.1437
117	0.0086	0.2252	0.0301	0.1439
118	0.0080	0.2259	0.0302	0.1442
119	0.0079	0.2261	0.0302	0.1444
120	0.0084	0.2266	0.0302	0.1446
121	0.0075	0.2265	0.0302	0.1444
122	0.0077	0.2264	0.0302	0.1444
123	0.0077	0.2261	0.0301	0.1444
124	0.0077	0.2269	0.0302	0.1450
125	0.0079	0.2271	0.0302	0.1450
126	0.0072	0.2280	0.0303	0.1453
127	0.0077	0.2281	0.0303	0.1456
128	0.0079	0.2285	0.0303	0.1460
129	0.0077	0.2285	0.0303	0.1460
130	0.0077	0.2281	0.0302	0.1457
131	0.0076	0.2281	0.0302	0.1456
132	0.0073	0.2279	0.0302	0.1457
133	0.0079	0.2279	0.0303	0.1453
134	0.0077	0.2282	0.0303	0.1456
135	0.0069	0.2281	0.0303	0.1456
136	0.0078	0.2276	0.0302	0.1457
137	0.0076	0.2272	0.0301	0.1456
138	0.0073	0.2271	0.0301	0.1459
139	0.0073	0.2270	0.0301	0.1457
140	0.0078	0.2270	0.0302	0.1456
141	0.0073	0.2279	0.0303	0.1456
142	0.0070	0.2284	0.0303	0.1457
143	0.0073	0.2286	0.0303	0.1457
144	0.0078	0.2288	0.0303	0.1457
145	0.0077	0.2295	0.0304	0.1462
146	0.0077	0.2292	0.0304	0.1462
147	0.0073	0.2291	0.0304	0.1463
148	0.0071	0.2290	0.0303	0.1463
149	0.0075	0.2288	0.0304	0.1462
150	0.0076	0.2291	0.0304	0.1463
