{"n_layers": 2, "device": "cuda", "batch_size": 2048, "embedding_dim": 64, "learning_rate": 0.0005, "dataset": "dbbook", "epochs": 150, "top_k": 50, "multimodal": false, "datasets": {"dbbook": ["images", "text"], "ml1m": ["audio", "images", "text", "video"]}}
Epoch	Loss	Recall	Precision	NDCG
1	0.6929	0.0336	0.0048	0.0203
2	0.6924	0.1028	0.0150	0.0548
3	0.6909	0.1188	0.0177	0.0615
4	0.6873	0.1209	0.0179	0.0620
5	0.6796	0.1208	0.0180	0.0620
6	0.6667	0.1202	0.0178	0.0613
7	0.6487	0.1187	0.0175	0.0603
8	0.6260	0.1179	0.0175	0.0599
9	0.5998	0.1165	0.0173	0.0592
10	0.5723	0.1157	0.0172	0.0587
11	0.5467	0.1154	0.0172	0.0585
12	0.5192	0.1148	0.0171	0.0583
13	0.4965	0.1146	0.0171	0.0582
14	0.4756	0.1150	0.0172	0.0585
15	0.4541	0.1150	0.0172	0.0586
16	0.4383	0.1153	0.0172	0.0588
17	0.4251	0.1150	0.0172	0.0587
18	0.4113	0.1156	0.0172	0.0589
19	0.3998	0.1155	0.0172	0.0590
20	0.3919	0.1159	0.0173	0.0591
21	0.3814	0.1162	0.0173	0.0592
22	0.3721	0.1166	0.0173	0.0595
23	0.3652	0.1171	0.0174	0.0598
24	0.3586	0.1177	0.0175	0.0601
25	0.3534	0.1183	0.0176	0.0603
26	0.3476	0.1187	0.0176	0.0605
27	0.3412	0.1193	0.0177	0.0609
28	0.3383	0.1196	0.0177	0.0611
29	0.3323	0.1203	0.0178	0.0614
30	0.3283	0.1208	0.0179	0.0617
31	0.3267	0.1210	0.0179	0.0619
32	0.3230	0.1219	0.0180	0.0623
33	0.3188	0.1224	0.0181	0.0625
34	0.3159	0.1229	0.0182	0.0629
35	0.3114	0.1234	0.0182	0.0632
36	0.3100	0.1241	0.0183	0.0635
37	0.3049	0.1244	0.0183	0.0638
38	0.3060	0.1251	0.0184	0.0642
39	0.3009	0.1255	0.0185	0.0644
40	0.2982	0.1254	0.0185	0.0646
41	0.2961	0.1259	0.0186	0.0649
42	0.2878	0.1261	0.0186	0.0651
43	0.2887	0.1263	0.0186	0.0653
44	0.2816	0.1271	0.0187	0.0656
45	0.2805	0.1273	0.0187	0.0658
46	0.2814	0.1274	0.0188	0.0659
47	0.2733	0.1278	0.0188	0.0662
48	0.2736	0.1286	0.0189	0.0666
49	0.2711	0.1292	0.0190	0.0668
50	0.2685	0.1297	0.0190	0.0673
51	0.2641	0.1301	0.0191	0.0676
52	0.2626	0.1303	0.0191	0.0678
53	0.2608	0.1306	0.0192	0.0682
54	0.2592	0.1308	0.0192	0.0684
55	0.2554	0.1315	0.0193	0.0688
56	0.2537	0.1322	0.0194	0.0693
57	0.2517	0.1323	0.0194	0.0694
58	0.2506	0.1326	0.0195	0.0697
59	0.2454	0.1333	0.0196	0.0700
60	0.2431	0.1339	0.0197	0.0705
61	0.2385	0.1344	0.0198	0.0709
62	0.2372	0.1351	0.0199	0.0714
63	0.2366	0.1353	0.0199	0.0717
64	0.2341	0.1360	0.0200	0.0722
65	0.2300	0.1365	0.0201	0.0724
66	0.2269	0.1375	0.0202	0.0728
67	0.2269	0.1382	0.0202	0.0732
68	0.2230	0.1383	0.0203	0.0734
69	0.2236	0.1381	0.0202	0.0735
70	0.2179	0.1387	0.0203	0.0738
71	0.2162	0.1393	0.0203	0.0741
72	0.2175	0.1396	0.0204	0.0744
73	0.2146	0.1398	0.0204	0.0746
74	0.2102	0.1401	0.0204	0.0748
75	0.2083	0.1404	0.0205	0.0751
76	0.2082	0.1409	0.0206	0.0754
77	0.2037	0.1420	0.0206	0.0759
78	0.2034	0.1429	0.0207	0.0764
79	0.2031	0.1438	0.0208	0.0769
80	0.1989	0.1442	0.0209	0.0772
81	0.1972	0.1451	0.0210	0.0776
82	0.1945	0.1454	0.0211	0.0780
83	0.1908	0.1460	0.0211	0.0782
84	0.1910	0.1467	0.0212	0.0786
85	0.1874	0.1468	0.0212	0.0788
86	0.1865	0.1471	0.0213	0.0792
87	0.1861	0.1473	0.0213	0.0794
88	0.1872	0.1477	0.0214	0.0797
89	0.1815	0.1484	0.0214	0.0801
90	0.1817	0.1492	0.0215	0.0804
91	0.1800	0.1499	0.0216	0.0808
92	0.1768	0.1502	0.0217	0.0810
93	0.1754	0.1503	0.0217	0.0812
94	0.1730	0.1509	0.0217	0.0815
95	0.1730	0.1510	0.0218	0.0816
96	0.1717	0.1514	0.0218	0.0818
97	0.1684	0.1518	0.0219	0.0820
98	0.1674	0.1525	0.0219	0.0823
99	0.1696	0.1531	0.0220	0.0826
100	0.1645	0.1535	0.0221	0.0831
101	0.1652	0.1542	0.0221	0.0836
102	0.1601	0.1545	0.0222	0.0839
103	0.1570	0.1551	0.0223	0.0843
104	0.1549	0.1558	0.0224	0.0846
105	0.1552	0.1566	0.0225	0.0850
106	0.1525	0.1572	0.0226	0.0853
107	0.1538	0.1583	0.0227	0.0857
108	0.1497	0.1584	0.0227	0.0859
109	0.1500	0.1589	0.0227	0.0861
110	0.1504	0.1597	0.0228	0.0866
111	0.1466	0.1600	0.0229	0.0867
112	0.1454	0.1605	0.0229	0.0869
113	0.1428	0.1611	0.0230	0.0872
114	0.1444	0.1614	0.0230	0.0876
115	0.1444	0.1619	0.0231	0.0878
116	0.1380	0.1622	0.0231	0.0880
117	0.1395	0.1627	0.0232	0.0883
118	0.1369	0.1627	0.0232	0.0884
119	0.1358	0.1635	0.0233	0.0887
120	0.1348	0.1635	0.0233	0.0889
121	0.1333	0.1649	0.0234	0.0894
122	0.1341	0.1655	0.0235	0.0897
123	0.1306	0.1659	0.0236	0.0899
124	0.1309	0.1662	0.0236	0.0901
125	0.1303	0.1661	0.0236	0.0902
126	0.1268	0.1668	0.0237	0.0905
127	0.1289	0.1674	0.0237	0.0907
128	0.1279	0.1674	0.0237	0.0906
129	0.1257	0.1678	0.0238	0.0908
130	0.1245	0.1685	0.0238	0.0911
131	0.1231	0.1688	0.0238	0.0912
132	0.1194	0.1694	0.0239	0.0915
133	0.1240	0.1702	0.0240	0.0918
134	0.1223	0.1704	0.0240	0.0919
135	0.1181	0.1712	0.0242	0.0923
136	0.1166	0.1716	0.0242	0.0926
137	0.1170	0.1720	0.0243	0.0929
138	0.1156	0.1720	0.0243	0.0928
139	0.1169	0.1722	0.0243	0.0930
140	0.1148	0.1727	0.0244	0.0934
141	0.1125	0.1732	0.0244	0.0936
142	0.1081	0.1739	0.0245	0.0938
143	0.1117	0.1743	0.0245	0.0941
144	0.1105	0.1747	0.0246	0.0943
145	0.1119	0.1753	0.0246	0.0946
146	0.1062	0.1754	0.0246	0.0947
147	0.1063	0.1765	0.0247	0.0949
148	0.1071	0.1764	0.0247	0.0950
149	0.1041	0.1767	0.0248	0.0951
150	0.1044	0.1771	0.0248	0.0952
