{"n_layers": 0, "device": "cuda", "batch_size": 2048, "embedding_dim": 256, "learning_rate": 0.0005, "dataset": "dbbook", "epochs": 150, "top_k": 5, "multimodal": true, "datasets": {"dbbook": ["images", "text"], "ml1m": ["audio", "images", "text", "video"]}}
Epoch	Loss	Recall	Precision	NDCG
1	0.6930	0.0010	0.0016	0.0017
2	0.6905	0.0022	0.0030	0.0032
3	0.6882	0.0042	0.0054	0.0060
4	0.6858	0.0083	0.0094	0.0115
5	0.6832	0.0117	0.0138	0.0174
6	0.6802	0.0170	0.0204	0.0254
7	0.6767	0.0207	0.0260	0.0313
8	0.6727	0.0244	0.0313	0.0369
9	0.6681	0.0275	0.0355	0.0421
10	0.6628	0.0303	0.0393	0.0468
11	0.6564	0.0327	0.0428	0.0506
12	0.6492	0.0345	0.0454	0.0532
13	0.6410	0.0358	0.0473	0.0551
14	0.6317	0.0370	0.0489	0.0571
15	0.6210	0.0385	0.0508	0.0597
16	0.6095	0.0395	0.0522	0.0608
17	0.5967	0.0402	0.0532	0.0619
18	0.5831	0.0407	0.0541	0.0627
19	0.5684	0.0411	0.0547	0.0630
20	0.5523	0.0414	0.0553	0.0638
21	0.5365	0.0416	0.0554	0.0638
22	0.5201	0.0413	0.0557	0.0639
23	0.5030	0.0413	0.0557	0.0642
24	0.4858	0.0409	0.0553	0.0638
25	0.4691	0.0411	0.0555	0.0640
26	0.4527	0.0414	0.0556	0.0643
27	0.4355	0.0418	0.0559	0.0646
28	0.4198	0.0421	0.0560	0.0648
29	0.4042	0.0420	0.0562	0.0648
30	0.3890	0.0420	0.0564	0.0649
31	0.3752	0.0423	0.0568	0.0653
32	0.3625	0.0423	0.0568	0.0655
33	0.3484	0.0429	0.0573	0.0659
34	0.3363	0.0435	0.0577	0.0666
35	0.3241	0.0440	0.0580	0.0672
36	0.3132	0.0442	0.0584	0.0672
37	0.3026	0.0443	0.0586	0.0673
38	0.2928	0.0442	0.0586	0.0673
39	0.2826	0.0442	0.0586	0.0673
40	0.2737	0.0444	0.0589	0.0676
41	0.2649	0.0450	0.0593	0.0681
42	0.2554	0.0451	0.0595	0.0682
43	0.2476	0.0454	0.0597	0.0684
44	0.2406	0.0449	0.0592	0.0679
45	0.2327	0.0453	0.0597	0.0684
46	0.2269	0.0458	0.0599	0.0687
47	0.2202	0.0457	0.0600	0.0687
48	0.2128	0.0458	0.0602	0.0689
49	0.2069	0.0461	0.0607	0.0692
50	0.2012	0.0462	0.0605	0.0691
51	0.1965	0.0464	0.0607	0.0693
52	0.1896	0.0467	0.0609	0.0696
53	0.1861	0.0466	0.0607	0.0698
54	0.1786	0.0465	0.0607	0.0699
55	0.1749	0.0466	0.0607	0.0699
56	0.1709	0.0470	0.0612	0.0704
57	0.1668	0.0472	0.0608	0.0701
58	0.1608	0.0469	0.0607	0.0701
59	0.1571	0.0467	0.0609	0.0702
60	0.1517	0.0467	0.0609	0.0703
61	0.1488	0.0470	0.0612	0.0705
62	0.1450	0.0475	0.0614	0.0706
63	0.1403	0.0473	0.0613	0.0707
64	0.1383	0.0475	0.0614	0.0708
65	0.1345	0.0475	0.0614	0.0710
66	0.1310	0.0479	0.0616	0.0714
67	0.1288	0.0480	0.0618	0.0714
68	0.1260	0.0482	0.0621	0.0716
69	0.1230	0.0482	0.0621	0.0715
70	0.1201	0.0483	0.0623	0.0715
71	0.1163	0.0483	0.0623	0.0719
72	0.1148	0.0481	0.0620	0.0717
73	0.1113	0.0480	0.0621	0.0720
74	0.1093	0.0483	0.0624	0.0722
75	0.1063	0.0483	0.0624	0.0723
76	0.1032	0.0487	0.0626	0.0727
77	0.1016	0.0490	0.0630	0.0729
78	0.1002	0.0490	0.0633	0.0730
79	0.0971	0.0494	0.0637	0.0734
80	0.0944	0.0491	0.0635	0.0734
81	0.0930	0.0493	0.0636	0.0735
82	0.0918	0.0492	0.0635	0.0733
83	0.0898	0.0493	0.0637	0.0736
84	0.0875	0.0498	0.0639	0.0739
85	0.0850	0.0500	0.0640	0.0740
86	0.0832	0.0502	0.0640	0.0741
87	0.0822	0.0503	0.0643	0.0745
88	0.0806	0.0504	0.0644	0.0747
89	0.0789	0.0508	0.0648	0.0751
90	0.0767	0.0509	0.0652	0.0753
91	0.0758	0.0511	0.0654	0.0755
92	0.0734	0.0513	0.0658	0.0757
93	0.0736	0.0515	0.0657	0.0759
94	0.0706	0.0514	0.0656	0.0757
95	0.0704	0.0516	0.0658	0.0759
96	0.0692	0.0518	0.0659	0.0759
97	0.0669	0.0518	0.0660	0.0759
98	0.0664	0.0516	0.0658	0.0757
99	0.0645	0.0518	0.0662	0.0761
100	0.0635	0.0520	0.0662	0.0761
101	0.0622	0.0520	0.0662	0.0760
102	0.0609	0.0520	0.0661	0.0761
103	0.0592	0.0519	0.0661	0.0762
104	0.0595	0.0523	0.0664	0.0765
105	0.0577	0.0524	0.0668	0.0767
106	0.0563	0.0527	0.0671	0.0769
107	0.0554	0.0529	0.0674	0.0772
108	0.0558	0.0531	0.0678	0.0775
109	0.0541	0.0527	0.0673	0.0771
110	0.0526	0.0528	0.0673	0.0771
111	0.0514	0.0529	0.0675	0.0773
112	0.0512	0.0530	0.0676	0.0774
113	0.0516	0.0529	0.0676	0.0774
114	0.0493	0.0533	0.0678	0.0778
115	0.0495	0.0531	0.0674	0.0775
116	0.0485	0.0531	0.0675	0.0776
117	0.0472	0.0530	0.0676	0.0777
118	0.0464	0.0531	0.0675	0.0778
119	0.0457	0.0531	0.0674	0.0778
120	0.0452	0.0532	0.0676	0.0779
121	0.0444	0.0532	0.0675	0.0779
122	0.0433	0.0534	0.0677	0.0782
123	0.0435	0.0537	0.0680	0.0786
124	0.0426	0.0538	0.0679	0.0786
125	0.0418	0.0539	0.0682	0.0787
126	0.0413	0.0539	0.0681	0.0787
127	0.0398	0.0542	0.0687	0.0790
128	0.0397	0.0543	0.0689	0.0792
129	0.0392	0.0543	0.0688	0.0791
130	0.0397	0.0546	0.0691	0.0792
131	0.0382	0.0552	0.0694	0.0795
132	0.0372	0.0552	0.0696	0.0797
133	0.0374	0.0553	0.0697	0.0799
134	0.0366	0.0553	0.0696	0.0798
135	0.0362	0.0555	0.0699	0.0801
136	0.0360	0.0555	0.0697	0.0801
137	0.0349	0.0554	0.0697	0.0802
138	0.0338	0.0557	0.0702	0.0806
139	0.0343	0.0558	0.0702	0.0806
140	0.0336	0.0557	0.0702	0.0807
141	0.0336	0.0557	0.0703	0.0807
142	0.0332	0.0557	0.0702	0.0806
143	0.0325	0.0556	0.0701	0.0804
144	0.0321	0.0557	0.0705	0.0805
145	0.0318	0.0558	0.0705	0.0807
146	0.0316	0.0557	0.0703	0.0805
147	0.0308	0.0558	0.0704	0.0806
148	0.0305	0.0553	0.0701	0.0803
149	0.0299	0.0555	0.0702	0.0805
150	0.0296	0.0556	0.0704	0.0808
