{"n_layers": 0, "device": "cuda", "batch_size": 2048, "embedding_dim": 1024, "learning_rate": 0.001, "dataset": "dbbook", "epochs": 150, "top_k": 50, "multimodal": true, "datasets": {"dbbook": ["images", "text"], "ml1m": ["audio", "images", "text", "video"]}}
Epoch	Loss	Recall	Precision	NDCG
1	0.6926	0.0248	0.0031	0.0132
2	0.6788	0.0494	0.0062	0.0308
3	0.6643	0.0810	0.0105	0.0543
4	0.6447	0.1133	0.0152	0.0753
5	0.6173	0.1392	0.0188	0.0907
6	0.5802	0.1565	0.0213	0.1015
7	0.5327	0.1665	0.0228	0.1076
8	0.4783	0.1745	0.0240	0.1120
9	0.4212	0.1794	0.0247	0.1144
10	0.3661	0.1815	0.0252	0.1157
11	0.3167	0.1839	0.0255	0.1163
12	0.2743	0.1857	0.0258	0.1171
13	0.2390	0.1880	0.0261	0.1182
14	0.2088	0.1901	0.0264	0.1196
15	0.1846	0.1922	0.0267	0.1208
16	0.1643	0.1944	0.0269	0.1219
17	0.1463	0.1973	0.0272	0.1234
18	0.1297	0.1988	0.0274	0.1243
19	0.1157	0.1995	0.0275	0.1247
20	0.1054	0.2021	0.0277	0.1260
21	0.0943	0.2031	0.0279	0.1265
22	0.0870	0.2052	0.0281	0.1274
23	0.0787	0.2063	0.0282	0.1280
24	0.0720	0.2072	0.0283	0.1287
25	0.0671	0.2076	0.0283	0.1289
26	0.0614	0.2086	0.0284	0.1293
27	0.0568	0.2100	0.0286	0.1301
28	0.0533	0.2101	0.0286	0.1304
29	0.0496	0.2104	0.0286	0.1308
30	0.0460	0.2112	0.0287	0.1312
31	0.0431	0.2122	0.0288	0.1318
32	0.0405	0.2124	0.0289	0.1323
33	0.0378	0.2134	0.0290	0.1329
34	0.0370	0.2134	0.0290	0.1331
35	0.0337	0.2142	0.0290	0.1335
36	0.0324	0.2146	0.0290	0.1341
37	0.0308	0.2161	0.0292	0.1349
38	0.0299	0.2160	0.0292	0.1353
39	0.0281	0.2163	0.0292	0.1358
40	0.0273	0.2167	0.0293	0.1362
41	0.0256	0.2177	0.0294	0.1363
42	0.0248	0.2185	0.0295	0.1365
43	0.0240	0.2186	0.0295	0.1365
44	0.0224	0.2189	0.0295	0.1369
45	0.0221	0.2196	0.0296	0.1374
46	0.0213	0.2192	0.0296	0.1377
47	0.0204	0.2199	0.0296	0.1380
48	0.0199	0.2206	0.0297	0.1382
49	0.0192	0.2211	0.0297	0.1386
50	0.0185	0.2205	0.0297	0.1385
51	0.0181	0.2208	0.0297	0.1385
52	0.0169	0.2208	0.0296	0.1387
53	0.0169	0.2200	0.0296	0.1389
54	0.0162	0.2199	0.0296	0.1392
55	0.0159	0.2202	0.0296	0.1393
56	0.0162	0.2204	0.0297	0.1393
57	0.0152	0.2210	0.0298	0.1395
58	0.0144	0.2208	0.0297	0.1393
59	0.0146	0.2208	0.0297	0.1394
60	0.0146	0.2203	0.0297	0.1392
61	0.0136	0.2206	0.0297	0.1395
62	0.0139	0.2198	0.0296	0.1393
63	0.0132	0.2201	0.0297	0.1395
64	0.0131	0.2200	0.0296	0.1395
65	0.0123	0.2202	0.0296	0.1394
66	0.0125	0.2203	0.0296	0.1397
67	0.0120	0.2208	0.0297	0.1401
68	0.0122	0.2200	0.0296	0.1400
69	0.0119	0.2211	0.0297	0.1402
70	0.0119	0.2214	0.0298	0.1405
71	0.0115	0.2226	0.0299	0.1409
72	0.0112	0.2225	0.0299	0.1409
73	0.0112	0.2231	0.0299	0.1407
74	0.0116	0.2222	0.0299	0.1405
75	0.0111	0.2224	0.0299	0.1406
76	0.0113	0.2217	0.0298	0.1406
77	0.0104	0.2223	0.0299	0.1407
78	0.0104	0.2221	0.0299	0.1403
79	0.0100	0.2225	0.0299	0.1404
80	0.0101	0.2231	0.0299	0.1404
81	0.0102	0.2230	0.0299	0.1405
82	0.0105	0.2237	0.0300	0.1408
83	0.0102	0.2235	0.0300	0.1408
84	0.0102	0.2238	0.0300	0.1410
85	0.0097	0.2239	0.0300	0.1408
86	0.0096	0.2236	0.0300	0.1409
87	0.0095	0.2236	0.0300	0.1407
88	0.0095	0.2243	0.0300	0.1408
89	0.0092	0.2241	0.0300	0.1404
90	0.0093	0.2241	0.0300	0.1403
91	0.0091	0.2235	0.0299	0.1402
92	0.0088	0.2233	0.0299	0.1398
93	0.0092	0.2234	0.0299	0.1404
94	0.0095	0.2241	0.0300	0.1408
95	0.0093	0.2241	0.0299	0.1407
96	0.0091	0.2239	0.0299	0.1405
97	0.0090	0.2237	0.0299	0.1406
98	0.0089	0.2233	0.0299	0.1406
99	0.0089	0.2229	0.0298	0.1406
100	0.0083	0.2236	0.0299	0.1411
101	0.0088	0.2235	0.0299	0.1410
102	0.0081	0.2235	0.0299	0.1411
103	0.0083	0.2240	0.0299	0.1413
104	0.0086	0.2244	0.0300	0.1414
105	0.0080	0.2247	0.0300	0.1417
106	0.0081	0.2247	0.0299	0.1417
107	0.0079	0.2250	0.0300	0.1419
108	0.0081	0.2243	0.0299	0.1416
109	0.0085	0.2239	0.0299	0.1414
110	0.0080	0.2242	0.0299	0.1414
111	0.0082	0.2242	0.0299	0.1413
112	0.0081	0.2244	0.0299	0.1414
113	0.0082	0.2241	0.0299	0.1414
114	0.0077	0.2241	0.0299	0.1415
115	0.0083	0.2243	0.0300	0.1415
116	0.0075	0.2243	0.0299	0.1414
117	0.0084	0.2240	0.0299	0.1415
118	0.0082	0.2242	0.0299	0.1418
119	0.0081	0.2240	0.0299	0.1417
120	0.0078	0.2241	0.0299	0.1417
121	0.0076	0.2245	0.0299	0.1417
122	0.0082	0.2246	0.0299	0.1420
123	0.0077	0.2250	0.0300	0.1421
124	0.0075	0.2252	0.0300	0.1422
125	0.0076	0.2251	0.0300	0.1421
126	0.0078	0.2247	0.0299	0.1421
127	0.0074	0.2251	0.0300	0.1423
128	0.0077	0.2245	0.0299	0.1420
129	0.0076	0.2241	0.0298	0.1417
130	0.0078	0.2248	0.0299	0.1420
131	0.0074	0.2246	0.0299	0.1419
132	0.0075	0.2253	0.0299	0.1420
133	0.0073	0.2250	0.0298	0.1418
134	0.0076	0.2249	0.0298	0.1415
135	0.0074	0.2255	0.0299	0.1416
136	0.0074	0.2261	0.0300	0.1419
137	0.0076	0.2260	0.0300	0.1419
138	0.0074	0.2269	0.0300	0.1422
139	0.0081	0.2269	0.0300	0.1424
140	0.0073	0.2258	0.0299	0.1420
141	0.0074	0.2255	0.0299	0.1417
142	0.0077	0.2266	0.0300	0.1421
143	0.0077	0.2265	0.0300	0.1423
144	0.0071	0.2264	0.0299	0.1423
145	0.0074	0.2263	0.0299	0.1423
146	0.0083	0.2261	0.0299	0.1423
147	0.0069	0.2265	0.0300	0.1425
148	0.0078	0.2264	0.0300	0.1427
149	0.0072	0.2261	0.0299	0.1424
150	0.0081	0.2263	0.0300	0.1426
