{"n_layers": 0, "device": "cuda", "batch_size": 2048, "embedding_dim": 256, "learning_rate": 0.001, "dataset": "dbbook", "epochs": 150, "top_k": 50, "multimodal": true, "datasets": {"dbbook": ["images", "text"], "ml1m": ["audio", "images", "text", "video"]}}
Epoch	Loss	Recall	Precision	NDCG
1	0.6928	0.0167	0.0021	0.0082
2	0.6840	0.0302	0.0037	0.0163
3	0.6752	0.0487	0.0062	0.0311
4	0.6640	0.0734	0.0094	0.0479
5	0.6490	0.1000	0.0132	0.0654
6	0.6291	0.1227	0.0165	0.0794
7	0.6029	0.1416	0.0191	0.0896
8	0.5705	0.1545	0.0209	0.0967
9	0.5321	0.1625	0.0222	0.1014
10	0.4902	0.1685	0.0231	0.1047
11	0.4458	0.1735	0.0238	0.1073
12	0.4034	0.1773	0.0243	0.1092
13	0.3634	0.1797	0.0247	0.1109
14	0.3278	0.1829	0.0251	0.1126
15	0.2946	0.1840	0.0253	0.1134
16	0.2669	0.1847	0.0255	0.1141
17	0.2421	0.1874	0.0258	0.1150
18	0.2197	0.1892	0.0261	0.1159
19	0.2014	0.1897	0.0261	0.1162
20	0.1846	0.1905	0.0263	0.1169
21	0.1694	0.1917	0.0264	0.1176
22	0.1556	0.1931	0.0265	0.1184
23	0.1446	0.1929	0.0265	0.1186
24	0.1345	0.1946	0.0267	0.1193
25	0.1237	0.1962	0.0269	0.1201
26	0.1160	0.1966	0.0270	0.1205
27	0.1076	0.1971	0.0271	0.1211
28	0.1002	0.1988	0.0272	0.1218
29	0.0935	0.1997	0.0273	0.1224
30	0.0883	0.2007	0.0275	0.1231
31	0.0819	0.2007	0.0274	0.1233
32	0.0776	0.2017	0.0275	0.1237
33	0.0733	0.2025	0.0276	0.1243
34	0.0684	0.2032	0.0277	0.1246
35	0.0653	0.2030	0.0277	0.1245
36	0.0612	0.2039	0.0278	0.1251
37	0.0584	0.2039	0.0278	0.1254
38	0.0545	0.2037	0.0278	0.1257
39	0.0528	0.2038	0.0278	0.1258
40	0.0501	0.2045	0.0279	0.1261
41	0.0483	0.2050	0.0279	0.1264
42	0.0455	0.2052	0.0279	0.1267
43	0.0437	0.2059	0.0280	0.1270
44	0.0429	0.2068	0.0281	0.1272
45	0.0401	0.2065	0.0281	0.1273
46	0.0381	0.2072	0.0281	0.1274
47	0.0374	0.2068	0.0280	0.1272
48	0.0356	0.2068	0.0281	0.1277
49	0.0336	0.2071	0.0280	0.1281
50	0.0327	0.2074	0.0281	0.1283
51	0.0314	0.2082	0.0282	0.1286
52	0.0307	0.2084	0.0282	0.1288
53	0.0296	0.2086	0.0282	0.1293
54	0.0284	0.2102	0.0284	0.1301
55	0.0283	0.2101	0.0284	0.1302
56	0.0268	0.2103	0.0284	0.1301
57	0.0251	0.2109	0.0285	0.1306
58	0.0249	0.2109	0.0285	0.1304
59	0.0247	0.2110	0.0285	0.1305
60	0.0236	0.2114	0.0285	0.1307
61	0.0235	0.2116	0.0285	0.1309
62	0.0222	0.2119	0.0286	0.1312
63	0.0221	0.2121	0.0286	0.1312
64	0.0216	0.2129	0.0286	0.1315
65	0.0200	0.2132	0.0286	0.1316
66	0.0194	0.2139	0.0287	0.1318
67	0.0195	0.2144	0.0288	0.1320
68	0.0191	0.2147	0.0288	0.1324
69	0.0187	0.2142	0.0287	0.1324
70	0.0179	0.2139	0.0287	0.1321
71	0.0171	0.2144	0.0287	0.1321
72	0.0172	0.2138	0.0287	0.1322
73	0.0174	0.2145	0.0287	0.1321
74	0.0161	0.2149	0.0288	0.1323
75	0.0164	0.2149	0.0288	0.1326
76	0.0163	0.2155	0.0288	0.1330
77	0.0157	0.2154	0.0288	0.1330
78	0.0155	0.2149	0.0288	0.1329
79	0.0147	0.2147	0.0287	0.1327
80	0.0144	0.2151	0.0288	0.1330
81	0.0143	0.2149	0.0288	0.1329
82	0.0137	0.2143	0.0287	0.1329
83	0.0137	0.2144	0.0287	0.1332
84	0.0132	0.2143	0.0287	0.1333
85	0.0129	0.2144	0.0287	0.1333
86	0.0125	0.2145	0.0287	0.1335
87	0.0128	0.2144	0.0287	0.1334
88	0.0127	0.2139	0.0287	0.1331
89	0.0125	0.2143	0.0286	0.1331
90	0.0124	0.2142	0.0286	0.1330
91	0.0119	0.2143	0.0286	0.1327
92	0.0118	0.2146	0.0286	0.1329
93	0.0113	0.2147	0.0287	0.1328
94	0.0114	0.2148	0.0287	0.1330
95	0.0111	0.2152	0.0287	0.1332
96	0.0111	0.2156	0.0287	0.1334
97	0.0111	0.2150	0.0287	0.1332
98	0.0112	0.2155	0.0287	0.1332
99	0.0103	0.2151	0.0287	0.1333
100	0.0106	0.2155	0.0287	0.1330
101	0.0102	0.2152	0.0287	0.1331
102	0.0100	0.2152	0.0287	0.1333
103	0.0103	0.2150	0.0287	0.1332
104	0.0096	0.2150	0.0287	0.1335
105	0.0098	0.2151	0.0287	0.1335
106	0.0095	0.2147	0.0287	0.1336
107	0.0100	0.2146	0.0288	0.1337
108	0.0093	0.2153	0.0288	0.1340
109	0.0092	0.2148	0.0288	0.1339
110	0.0090	0.2145	0.0287	0.1337
111	0.0090	0.2147	0.0287	0.1339
112	0.0098	0.2148	0.0287	0.1341
113	0.0094	0.2152	0.0287	0.1344
114	0.0092	0.2152	0.0287	0.1344
115	0.0096	0.2149	0.0287	0.1342
116	0.0083	0.2150	0.0287	0.1343
117	0.0088	0.2152	0.0287	0.1345
118	0.0089	0.2149	0.0286	0.1346
119	0.0090	0.2150	0.0286	0.1347
120	0.0086	0.2146	0.0286	0.1346
121	0.0080	0.2145	0.0286	0.1345
122	0.0081	0.2145	0.0286	0.1345
123	0.0082	0.2144	0.0285	0.1346
124	0.0080	0.2149	0.0286	0.1348
125	0.0080	0.2149	0.0286	0.1348
126	0.0078	0.2147	0.0285	0.1347
127	0.0082	0.2146	0.0286	0.1346
128	0.0075	0.2148	0.0285	0.1344
129	0.0082	0.2152	0.0286	0.1347
130	0.0076	0.2147	0.0285	0.1345
131	0.0075	0.2148	0.0286	0.1348
132	0.0078	0.2156	0.0286	0.1349
133	0.0074	0.2152	0.0286	0.1349
134	0.0073	0.2155	0.0286	0.1349
135	0.0075	0.2152	0.0286	0.1350
136	0.0073	0.2150	0.0286	0.1350
137	0.0070	0.2156	0.0286	0.1354
138	0.0073	0.2153	0.0285	0.1354
139	0.0070	0.2156	0.0286	0.1354
140	0.0073	0.2158	0.0286	0.1356
141	0.0073	0.2153	0.0286	0.1356
142	0.0073	0.2151	0.0285	0.1355
143	0.0074	0.2147	0.0285	0.1354
144	0.0068	0.2141	0.0285	0.1355
145	0.0070	0.2142	0.0285	0.1354
146	0.0069	0.2142	0.0285	0.1352
147	0.0071	0.2142	0.0285	0.1352
148	0.0070	0.2149	0.0285	0.1354
149	0.0063	0.2148	0.0285	0.1357
150	0.0068	0.2150	0.0285	0.1355
