{"n_layers": 3, "device": "cuda", "batch_size": 2048, "embedding_dim": 1024, "learning_rate": 0.001, "dataset": "dbbook", "epochs": 150, "model": "ef-mmlgcn", "fusion": "mean", "top_k": [5, 10, 20, 50], "seed": 19, "multimodal": true}
Epoch	Loss	Precision@5	Recall@5	NDCG@5	Precision@10	Recall@10	NDCG@10	Precision@20	Recall@20	NDCG@20	Precision@50	Recall@50	NDCG@50
1	0.6867	0.0466	0.0351	0.0554	0.0355	0.0519	0.0543	0.0256	0.0747	0.0632	0.0158	0.1163	0.0782
2	0.6632	0.0451	0.0341	0.049	0.036	0.0522	0.0502	0.0292	0.084	0.0633	0.0204	0.1468	0.0863
3	0.6193	0.0371	0.0274	0.0369	0.0318	0.0454	0.0405	0.0268	0.075	0.053	0.0208	0.1461	0.0792
4	0.5478	0.0316	0.0229	0.0301	0.0285	0.0408	0.0346	0.0253	0.0692	0.0471	0.0202	0.1405	0.0733
5	0.4612	0.0284	0.0201	0.0269	0.0269	0.0379	0.0318	0.0243	0.0664	0.0443	0.0197	0.1361	0.0701
6	0.3876	0.0268	0.0191	0.0256	0.027	0.0379	0.0315	0.024	0.0653	0.0434	0.0195	0.1339	0.0689
7	0.3339	0.027	0.019	0.0258	0.0273	0.0381	0.0318	0.024	0.066	0.0439	0.0196	0.1345	0.0694
8	0.2995	0.0282	0.0204	0.0268	0.0277	0.0387	0.0323	0.0246	0.0674	0.0448	0.0199	0.1369	0.0706
9	0.2741	0.0299	0.0212	0.0281	0.0285	0.0396	0.0333	0.0252	0.0687	0.046	0.0204	0.1399	0.0723
10	0.2531	0.0313	0.0223	0.0293	0.0291	0.0406	0.0342	0.0259	0.0709	0.0474	0.0208	0.1429	0.074
11	0.2304	0.0321	0.0229	0.0301	0.0301	0.0419	0.0353	0.0266	0.073	0.0487	0.0213	0.1468	0.0759
12	0.2170	0.0335	0.0239	0.0315	0.031	0.0433	0.0366	0.0272	0.0742	0.05	0.0218	0.151	0.0781
13	0.2003	0.0343	0.0246	0.0327	0.0315	0.044	0.0376	0.0275	0.0755	0.0513	0.0222	0.1542	0.0801
14	0.1842	0.0347	0.025	0.0335	0.0322	0.045	0.0388	0.0282	0.0774	0.0528	0.0225	0.1558	0.0817
15	0.1724	0.0358	0.0256	0.0347	0.0329	0.0463	0.04	0.0288	0.0794	0.0542	0.0229	0.1593	0.0836
16	0.1633	0.0369	0.0263	0.0359	0.0336	0.0472	0.041	0.0297	0.0822	0.056	0.0233	0.1624	0.0855
17	0.1531	0.0379	0.0271	0.0373	0.0345	0.0485	0.0424	0.0302	0.0842	0.0577	0.0237	0.1652	0.0876
18	0.1432	0.0393	0.0281	0.0391	0.0353	0.0495	0.044	0.031	0.0866	0.0598	0.0241	0.1687	0.09
19	0.1343	0.0401	0.0288	0.0399	0.0355	0.05	0.0445	0.0314	0.0881	0.0607	0.0246	0.1723	0.0918
20	0.1275	0.0415	0.0299	0.0414	0.0362	0.0515	0.0457	0.032	0.0902	0.0623	0.025	0.1762	0.0939
21	0.1213	0.0424	0.0304	0.0425	0.0371	0.0528	0.047	0.0323	0.0913	0.0635	0.0253	0.1793	0.0957
22	0.1148	0.0429	0.0306	0.0434	0.038	0.0544	0.0485	0.0328	0.093	0.0649	0.0257	0.1817	0.0975
23	0.1091	0.0427	0.0305	0.0434	0.039	0.056	0.0496	0.0331	0.0941	0.0658	0.0261	0.1856	0.0992
24	0.1056	0.0435	0.0314	0.0444	0.0396	0.0571	0.0505	0.0335	0.0952	0.0667	0.0264	0.1886	0.1007
25	0.0988	0.0445	0.0328	0.0453	0.0404	0.0581	0.0515	0.0339	0.0966	0.0678	0.0266	0.1908	0.102
26	0.0951	0.045	0.0331	0.0462	0.0412	0.0594	0.0528	0.0346	0.0987	0.0693	0.027	0.1937	0.1038
27	0.0907	0.0459	0.0337	0.0473	0.0417	0.0602	0.0537	0.0348	0.0992	0.0702	0.0272	0.196	0.1052
28	0.0883	0.0472	0.0349	0.0488	0.0423	0.0612	0.0548	0.0353	0.1009	0.0716	0.0274	0.198	0.1067
29	0.0840	0.0486	0.0362	0.0503	0.0427	0.0618	0.0557	0.0358	0.1022	0.0728	0.0275	0.1988	0.1077
30	0.0794	0.049	0.0364	0.0505	0.0431	0.0627	0.0562	0.0361	0.1033	0.0734	0.0277	0.2007	0.1085
31	0.0788	0.0493	0.0368	0.0512	0.0435	0.0632	0.057	0.0364	0.1043	0.0744	0.0279	0.2018	0.1096
32	0.0723	0.0502	0.0374	0.0522	0.044	0.0638	0.0579	0.037	0.1063	0.0758	0.028	0.203	0.1108
33	0.0715	0.0506	0.0379	0.053	0.0446	0.0649	0.0589	0.0374	0.1076	0.0769	0.0282	0.2044	0.1118
34	0.0664	0.052	0.039	0.0541	0.0453	0.0663	0.0599	0.0377	0.109	0.0778	0.0283	0.2058	0.1128
35	0.0638	0.0523	0.0394	0.0546	0.0455	0.0671	0.0604	0.0378	0.1095	0.0783	0.0285	0.2068	0.1135
36	0.0619	0.0527	0.0399	0.0549	0.0453	0.0669	0.0603	0.0379	0.1095	0.0784	0.0286	0.2081	0.114
37	0.0589	0.052	0.0397	0.0547	0.0452	0.0668	0.0604	0.0381	0.1106	0.0789	0.0287	0.2095	0.1145
38	0.0571	0.0527	0.0406	0.0556	0.0454	0.0671	0.0609	0.0384	0.1119	0.0797	0.0289	0.2107	0.1154
39	0.0574	0.0529	0.0407	0.0558	0.0458	0.0678	0.0614	0.0383	0.1119	0.0798	0.0289	0.2111	0.1157
40	0.0551	0.0532	0.0407	0.0559	0.0461	0.0681	0.0617	0.0386	0.1128	0.0804	0.029	0.2116	0.1161
41	0.0527	0.0535	0.041	0.0564	0.0465	0.0685	0.0621	0.0388	0.1134	0.0809	0.0292	0.213	0.117
42	0.0517	0.0536	0.041	0.0566	0.0464	0.0683	0.0623	0.0388	0.1137	0.0812	0.0292	0.2138	0.1175
43	0.0511	0.054	0.0415	0.0571	0.0464	0.0684	0.0625	0.039	0.1146	0.0817	0.0293	0.2147	0.1181
44	0.0492	0.0546	0.0421	0.0578	0.0467	0.0691	0.0631	0.0391	0.1153	0.0824	0.0295	0.2165	0.1191
45	0.0472	0.0548	0.0421	0.0581	0.0469	0.0696	0.0636	0.0392	0.1155	0.0828	0.0295	0.2169	0.1195
46	0.0452	0.055	0.0424	0.0584	0.0473	0.0704	0.0641	0.0391	0.1156	0.0829	0.0295	0.2168	0.1197
47	0.0452	0.0552	0.0428	0.0588	0.0475	0.0708	0.0646	0.0395	0.1171	0.0838	0.0296	0.2168	0.1202
48	0.0441	0.0547	0.0425	0.0588	0.0478	0.0713	0.0651	0.0396	0.1178	0.0843	0.0297	0.2177	0.1207
49	0.0427	0.055	0.0428	0.0591	0.048	0.0719	0.0654	0.0398	0.118	0.0845	0.0297	0.2182	0.121
50	0.0410	0.055	0.0427	0.0592	0.0482	0.0722	0.0657	0.0398	0.1182	0.0848	0.0297	0.2187	0.1213
51	0.0395	0.0552	0.043	0.0596	0.0486	0.0726	0.0663	0.04	0.1187	0.0853	0.0298	0.2198	0.1221
52	0.0389	0.0555	0.0432	0.0602	0.0487	0.0729	0.0668	0.0403	0.1198	0.0862	0.0298	0.2196	0.1224
53	0.0397	0.0558	0.0434	0.0606	0.0489	0.0731	0.067	0.0404	0.1201	0.0865	0.0298	0.22	0.1227
54	0.0392	0.0562	0.0439	0.0614	0.0492	0.0738	0.0679	0.0407	0.1213	0.0874	0.0299	0.2209	0.1236
55	0.0380	0.0566	0.0441	0.0618	0.0493	0.0741	0.0682	0.0408	0.1223	0.088	0.0299	0.2212	0.1239
56	0.0367	0.0572	0.0444	0.0624	0.0495	0.0744	0.0686	0.0409	0.1222	0.0883	0.03	0.2219	0.1244
57	0.0357	0.0575	0.0447	0.0628	0.0499	0.0751	0.0691	0.0411	0.123	0.0888	0.03	0.2222	0.1247
58	0.0362	0.058	0.0451	0.0634	0.0501	0.0754	0.0695	0.0412	0.1236	0.0892	0.03	0.2221	0.125
59	0.0340	0.058	0.0451	0.0638	0.0501	0.0756	0.0699	0.0412	0.1236	0.0895	0.03	0.2225	0.1254
60	0.0323	0.0582	0.0453	0.0641	0.0502	0.0758	0.0703	0.0413	0.1236	0.0899	0.03	0.223	0.1259
61	0.0324	0.0589	0.0458	0.0647	0.0502	0.0757	0.0704	0.0413	0.1246	0.0903	0.03	0.2229	0.126
62	0.0321	0.0589	0.0458	0.0649	0.0507	0.0766	0.071	0.0415	0.125	0.0908	0.0301	0.2233	0.1265
63	0.0309	0.0589	0.0459	0.065	0.0507	0.0769	0.0711	0.0416	0.1254	0.091	0.0301	0.2233	0.1266
64	0.0309	0.059	0.0459	0.0652	0.0508	0.0771	0.0714	0.0416	0.1251	0.0911	0.0301	0.2238	0.1269
65	0.0297	0.0593	0.0461	0.0655	0.051	0.0773	0.0717	0.0418	0.1259	0.0916	0.0301	0.2243	0.1272
66	0.0292	0.0592	0.046	0.0657	0.051	0.0774	0.0719	0.0417	0.1257	0.0917	0.0301	0.2238	0.1273
67	0.0295	0.0597	0.0464	0.0661	0.0507	0.077	0.0718	0.0416	0.1258	0.0918	0.0301	0.2241	0.1274
68	0.0284	0.0596	0.0464	0.0658	0.0509	0.0779	0.0719	0.0416	0.1258	0.0916	0.03	0.2235	0.1271
69	0.0290	0.0595	0.0463	0.0659	0.051	0.0779	0.0721	0.0418	0.1263	0.0919	0.03	0.2234	0.1271
70	0.0274	0.0596	0.0463	0.066	0.051	0.0781	0.0722	0.0418	0.1267	0.0921	0.0299	0.2235	0.1272
71	0.0283	0.0595	0.0463	0.0662	0.0509	0.0782	0.0723	0.0418	0.1268	0.0923	0.03	0.2241	0.1276
72	0.0283	0.0596	0.0466	0.0662	0.0508	0.0781	0.0722	0.0417	0.1266	0.0922	0.03	0.2248	0.1278
73	0.0269	0.0596	0.0464	0.0662	0.0507	0.0782	0.0723	0.0419	0.1268	0.0924	0.03	0.2249	0.1279
74	0.0256	0.06	0.0466	0.0667	0.0511	0.0785	0.0728	0.0419	0.1271	0.0928	0.0301	0.2257	0.1284
75	0.0249	0.06	0.0465	0.0668	0.0513	0.0791	0.0731	0.042	0.1278	0.0931	0.0301	0.2257	0.1285
76	0.0261	0.0603	0.0468	0.0671	0.0513	0.0792	0.0732	0.0422	0.1288	0.0935	0.0301	0.2259	0.1287
77	0.0257	0.0605	0.047	0.0673	0.0515	0.0795	0.0734	0.0423	0.129	0.0937	0.0301	0.2261	0.1288
78	0.0246	0.0605	0.0469	0.0675	0.0516	0.0794	0.0736	0.0421	0.1288	0.0938	0.0301	0.2258	0.1289
79	0.0242	0.0602	0.0468	0.0673	0.0518	0.0797	0.0738	0.0422	0.1285	0.0938	0.0301	0.2259	0.129
80	0.0250	0.0607	0.0471	0.068	0.052	0.0802	0.0743	0.0422	0.129	0.0943	0.03	0.2262	0.1294
81	0.0242	0.0614	0.0475	0.0687	0.0522	0.0802	0.0747	0.0423	0.1295	0.0947	0.0301	0.2265	0.1298
82	0.0243	0.0615	0.0477	0.069	0.0524	0.0808	0.0751	0.0425	0.1303	0.0952	0.03	0.2265	0.1299
83	0.0243	0.0618	0.048	0.0694	0.0525	0.0806	0.0753	0.0425	0.1305	0.0954	0.0299	0.2259	0.1299
84	0.0224	0.0619	0.0482	0.0697	0.0525	0.0808	0.0755	0.0424	0.1301	0.0954	0.0299	0.2254	0.13
85	0.0232	0.0621	0.0486	0.07	0.0525	0.0807	0.0756	0.0424	0.1302	0.0956	0.0299	0.225	0.13
86	0.0219	0.0624	0.0488	0.0703	0.0526	0.0808	0.0758	0.0424	0.13	0.0956	0.0299	0.2255	0.1302
87	0.0228	0.0623	0.0489	0.0702	0.0528	0.0813	0.0759	0.0425	0.1305	0.0958	0.0298	0.2257	0.1301
88	0.0234	0.0618	0.0482	0.0697	0.0528	0.0812	0.0758	0.0424	0.1303	0.0956	0.0298	0.2261	0.13
89	0.0215	0.062	0.0486	0.0698	0.0527	0.081	0.0757	0.0423	0.1304	0.0955	0.0298	0.2259	0.1299
90	0.0215	0.0622	0.0485	0.07	0.0527	0.0809	0.0758	0.0423	0.13	0.0955	0.0298	0.226	0.1301
91	0.0213	0.0621	0.0484	0.07	0.0528	0.0808	0.0758	0.0424	0.1303	0.0957	0.0298	0.2263	0.1302
92	0.0206	0.0621	0.0482	0.07	0.0526	0.0804	0.0757	0.0424	0.1301	0.0957	0.0298	0.2258	0.1301
93	0.0205	0.062	0.0479	0.07	0.0526	0.0807	0.0758	0.0424	0.1301	0.0957	0.0298	0.2256	0.1301
94	0.0213	0.0623	0.0481	0.07	0.0526	0.0808	0.0757	0.0423	0.1304	0.0956	0.0298	0.2254	0.13
95	0.0211	0.0624	0.0482	0.0701	0.0526	0.0808	0.0757	0.0425	0.1309	0.0959	0.0297	0.2253	0.1299
96	0.0212	0.0624	0.0481	0.0698	0.0528	0.0814	0.0757	0.0424	0.1311	0.0957	0.0297	0.2252	0.1297
97	0.0211	0.0626	0.0485	0.0701	0.0527	0.0813	0.0757	0.0424	0.1311	0.0957	0.0296	0.225	0.1296
98	0.0203	0.0627	0.0486	0.0702	0.0525	0.081	0.0757	0.0424	0.131	0.0958	0.0297	0.2254	0.1298
99	0.0200	0.0629	0.0488	0.0705	0.0526	0.0813	0.0759	0.0424	0.1314	0.096	0.0297	0.2254	0.13
100	0.0198	0.0629	0.0489	0.0706	0.0524	0.081	0.0758	0.0424	0.1312	0.0961	0.0297	0.2263	0.1303
101	0.0203	0.0635	0.0493	0.0711	0.0523	0.081	0.0759	0.0424	0.1313	0.0962	0.0297	0.2258	0.1302
102	0.0193	0.063	0.0489	0.0708	0.0521	0.0808	0.0758	0.0424	0.1314	0.0963	0.0297	0.2259	0.1303
103	0.0197	0.0632	0.0492	0.071	0.0522	0.081	0.0759	0.0423	0.1312	0.0962	0.0297	0.2263	0.1304
104	0.0196	0.0628	0.0489	0.0708	0.0523	0.0809	0.0759	0.0423	0.1313	0.0962	0.0297	0.2265	0.1304
105	0.0191	0.0628	0.0489	0.0708	0.0523	0.081	0.0759	0.0423	0.1313	0.0962	0.0297	0.2263	0.1304
106	0.0187	0.0633	0.0493	0.0712	0.0524	0.0814	0.0762	0.0423	0.1314	0.0964	0.0297	0.226	0.1304
107	0.0186	0.0634	0.0495	0.0712	0.0523	0.0813	0.0761	0.0425	0.1325	0.0968	0.0296	0.2258	0.1304
108	0.0191	0.063	0.0495	0.0711	0.0523	0.0812	0.0762	0.0425	0.1325	0.0968	0.0296	0.2255	0.1303
109	0.0184	0.063	0.0495	0.0712	0.0523	0.0812	0.0763	0.0425	0.1324	0.0968	0.0296	0.2259	0.1304
110	0.0188	0.0628	0.0494	0.071	0.0527	0.082	0.0766	0.0424	0.1324	0.0969	0.0295	0.226	0.1305
111	0.0178	0.0633	0.0497	0.0713	0.0526	0.0819	0.0765	0.0424	0.1323	0.0968	0.0295	0.2258	0.1303
112	0.0173	0.0629	0.0492	0.071	0.0525	0.082	0.0765	0.0424	0.1321	0.0967	0.0295	0.2259	0.1304
113	0.0174	0.0624	0.0487	0.0706	0.0527	0.0822	0.0765	0.0423	0.1321	0.0966	0.0295	0.226	0.1302
114	0.0178	0.0628	0.0495	0.0711	0.0526	0.0824	0.0767	0.0423	0.1317	0.0967	0.0295	0.2265	0.1305
115	0.0188	0.0631	0.05	0.0716	0.0526	0.0825	0.0769	0.0424	0.132	0.097	0.0295	0.2271	0.1309
116	0.0181	0.0634	0.0501	0.0718	0.0527	0.0826	0.0771	0.0424	0.1321	0.097	0.0294	0.2259	0.1305
117	0.0173	0.0635	0.0503	0.0719	0.0525	0.0824	0.0768	0.0423	0.1321	0.0969	0.0293	0.2252	0.1302
118	0.0177	0.0633	0.0499	0.0716	0.0525	0.0823	0.0768	0.0423	0.1321	0.0968	0.0293	0.2254	0.1302
119	0.0173	0.0634	0.0502	0.0717	0.0527	0.0826	0.0769	0.0423	0.1319	0.0968	0.0293	0.225	0.1301
120	0.0172	0.0635	0.0502	0.0717	0.0527	0.0826	0.0769	0.0422	0.1315	0.0966	0.0293	0.2249	0.13
121	0.0173	0.0634	0.0501	0.0716	0.0527	0.0825	0.0768	0.0423	0.1319	0.0967	0.0293	0.2252	0.1301
122	0.0176	0.0636	0.0505	0.0718	0.0528	0.0825	0.0768	0.0423	0.132	0.0967	0.0293	0.2254	0.1301
123	0.0176	0.0637	0.0508	0.0719	0.0526	0.0821	0.0767	0.0423	0.1324	0.0969	0.0293	0.2253	0.1301
124	0.0175	0.0639	0.051	0.0723	0.0528	0.0827	0.0771	0.0423	0.1323	0.097	0.0293	0.2249	0.1302
125	0.0169	0.0639	0.0512	0.0723	0.0527	0.0825	0.077	0.0423	0.1326	0.0972	0.0293	0.2253	0.1304
126	0.0171	0.0641	0.0513	0.0724	0.0529	0.083	0.0772	0.0423	0.1324	0.0971	0.0293	0.2252	0.1304
127	0.0164	0.0642	0.051	0.0722	0.0529	0.0831	0.0771	0.0424	0.1328	0.0971	0.0293	0.2251	0.1302
128	0.0161	0.064	0.0507	0.0721	0.053	0.0831	0.0772	0.0425	0.133	0.0973	0.0293	0.2251	0.1303
129	0.0172	0.0643	0.0512	0.0724	0.0529	0.0828	0.0772	0.0425	0.1331	0.0974	0.0293	0.2254	0.1305
130	0.0166	0.0644	0.0514	0.0724	0.0528	0.0825	0.077	0.0424	0.1332	0.0973	0.0293	0.2255	0.1304
131	0.0169	0.0643	0.0514	0.0723	0.0525	0.0821	0.0767	0.0423	0.1325	0.097	0.0293	0.2253	0.1301
132	0.0169	0.0646	0.0516	0.0728	0.0528	0.0825	0.0772	0.0423	0.1327	0.0973	0.0292	0.2251	0.1303
133	0.0166	0.0646	0.0516	0.0728	0.053	0.0828	0.0774	0.0422	0.1324	0.0972	0.0292	0.225	0.1303
134	0.0167	0.0645	0.0516	0.0728	0.0529	0.0827	0.0774	0.0422	0.1322	0.0972	0.0291	0.2245	0.1302
135	0.0162	0.0648	0.0518	0.073	0.053	0.0829	0.0775	0.0422	0.1322	0.0972	0.0291	0.2242	0.1302
136	0.0162	0.0648	0.0518	0.0731	0.0529	0.0828	0.0774	0.0422	0.1324	0.0973	0.0291	0.2244	0.1303
137	0.0165	0.0648	0.0518	0.073	0.0529	0.0832	0.0775	0.0421	0.1322	0.0973	0.0291	0.224	0.1302
138	0.0164	0.0645	0.0519	0.0728	0.0529	0.083	0.0773	0.0422	0.1322	0.0972	0.029	0.2236	0.1299
139	0.0156	0.0648	0.0522	0.073	0.0528	0.0827	0.0772	0.0422	0.132	0.0972	0.029	0.2234	0.1298
140	0.0156	0.0646	0.0519	0.0727	0.0527	0.0825	0.0771	0.0421	0.1318	0.097	0.029	0.2235	0.1297
141	0.0160	0.0644	0.0516	0.0726	0.0527	0.0824	0.0771	0.0419	0.1313	0.0968	0.029	0.2235	0.1298
142	0.0153	0.0644	0.0517	0.0726	0.0528	0.0828	0.0773	0.042	0.1313	0.0968	0.029	0.2238	0.1298
143	0.0163	0.0643	0.0517	0.0728	0.0529	0.083	0.0775	0.042	0.1314	0.0971	0.029	0.2241	0.1301
144	0.0166	0.064	0.0513	0.0726	0.0532	0.0834	0.0777	0.042	0.1319	0.0972	0.029	0.224	0.1301
145	0.0159	0.0641	0.0513	0.0727	0.0532	0.0834	0.0777	0.0421	0.1321	0.0973	0.0289	0.2234	0.1298
146	0.0159	0.0643	0.0514	0.0727	0.0532	0.0836	0.0778	0.0421	0.1318	0.0972	0.0288	0.2231	0.1297
147	0.0156	0.0645	0.0518	0.073	0.0534	0.0838	0.078	0.0422	0.1321	0.0974	0.0288	0.2226	0.1296
148	0.0154	0.0645	0.0518	0.0734	0.0535	0.084	0.0784	0.0421	0.1323	0.0977	0.0288	0.2224	0.1299
149	0.0160	0.0641	0.0515	0.0732	0.0533	0.0841	0.0784	0.042	0.1316	0.0976	0.0287	0.2217	0.1297
150	0.0150	0.0645	0.0519	0.0736	0.0533	0.0839	0.0785	0.0419	0.1315	0.0976	0.0287	0.2221	0.1299
