{"device": "cuda:2", "multimodal": true, "embedding_dim": 512, "n_layers": 2, "epochs": 500, "learning_rate": 0.001, "log": true, "seed": 19, "top_k": [5, 10, 20, 50], "dataset": "dbbook", "batch_size": 2048, "single_branch": false, "autoencoder": false, "ensemble_fusion": false, "freeze": false, "fusion_modalities": "mean", "fusion_type": "late", "info_nce": false, "weighting": false, "datasets": {"dbbook": ["images", "text"], "ml1m": ["audio", "images", "text", "video"]}}
Epoch	T-Loss	V-Loss	Precision@5	Recall@5	NDCG@5	Precision@10	Recall@10	NDCG@10	Precision@20	Recall@20	NDCG@20	Precision@50	Recall@50	NDCG@50
1	0.6931	0.693	0.005	0.0042	0.0054	0.0044	0.0073	0.0061	0.0037	0.0122	0.0081	0.0032	0.0263	0.0129
2	0.691	0.6927	0.0188	0.0167	0.023	0.0141	0.0242	0.0234	0.0103	0.0348	0.0276	0.0068	0.0572	0.0353
3	0.6886	0.6922	0.0397	0.0342	0.0499	0.0287	0.048	0.0492	0.0202	0.067	0.0564	0.0123	0.0996	0.068
4	0.6851	0.6912	0.0545	0.044	0.0662	0.0412	0.0659	0.0663	0.0291	0.092	0.0763	0.018	0.1408	0.0938
5	0.6798	0.6894	0.063	0.0499	0.0748	0.0478	0.0741	0.0744	0.0345	0.1072	0.0869	0.022	0.1698	0.1093
6	0.6718	0.6863	0.0651	0.0504	0.0773	0.0503	0.0778	0.0778	0.0374	0.1147	0.092	0.0243	0.1855	0.1172
7	0.6601	0.6814	0.0666	0.051	0.0785	0.0509	0.078	0.0784	0.0384	0.1166	0.0935	0.0254	0.1932	0.1207
8	0.6443	0.6742	0.0669	0.0506	0.0785	0.0508	0.0772	0.078	0.0387	0.1167	0.0935	0.026	0.1955	0.1219
9	0.6235	0.6642	0.0674	0.0509	0.0787	0.0518	0.0784	0.0787	0.0388	0.1168	0.0936	0.0261	0.1954	0.1219
10	0.5977	0.6513	0.0672	0.0509	0.0786	0.0514	0.0771	0.0782	0.0389	0.1158	0.0934	0.0262	0.1965	0.1222
11	0.5675	0.6357	0.0674	0.0508	0.0788	0.0512	0.0766	0.078	0.0388	0.1155	0.0933	0.0263	0.1961	0.1223
12	0.5343	0.6183	0.0671	0.0503	0.0783	0.0511	0.0761	0.0776	0.0387	0.1142	0.0926	0.0263	0.1952	0.1217
13	0.4991	0.5989	0.0666	0.0497	0.0777	0.0509	0.0755	0.0771	0.0385	0.1136	0.0921	0.0265	0.196	0.1217
14	0.4622	0.5791	0.0665	0.0497	0.0779	0.0509	0.0757	0.0773	0.0385	0.1134	0.0922	0.0265	0.1956	0.1217
15	0.4271	0.5593	0.066	0.0496	0.0778	0.0507	0.0751	0.0772	0.0385	0.1138	0.0925	0.0265	0.1958	0.122
16	0.394	0.5393	0.0664	0.0498	0.0782	0.0505	0.0753	0.0773	0.0386	0.1137	0.0926	0.0265	0.195	0.122
17	0.3638	0.5248	0.0669	0.0505	0.0786	0.0509	0.0763	0.0778	0.0385	0.1137	0.0926	0.0267	0.1963	0.1225
18	0.3352	0.5061	0.0671	0.0505	0.0787	0.0507	0.0758	0.0776	0.0384	0.1134	0.0925	0.0268	0.1968	0.1226
19	0.3091	0.4925	0.0675	0.0508	0.0789	0.0507	0.0758	0.0776	0.0386	0.1136	0.0927	0.0267	0.1956	0.1224
20	0.2863	0.4811	0.0681	0.0512	0.0794	0.0512	0.0767	0.0783	0.0386	0.1139	0.093	0.0267	0.1963	0.1229
21	0.266	0.4702	0.068	0.0511	0.0794	0.0515	0.0775	0.0788	0.0387	0.1142	0.0933	0.0267	0.1965	0.1231
22	0.2474	0.4577	0.0683	0.0514	0.0798	0.0514	0.0771	0.0788	0.0389	0.1151	0.0939	0.0268	0.1979	0.1236
23	0.2307	0.4476	0.0677	0.0512	0.0796	0.0515	0.0774	0.0791	0.0389	0.1152	0.094	0.0269	0.1991	0.1241
24	0.2153	0.4429	0.0676	0.0513	0.0795	0.052	0.078	0.0794	0.0389	0.1154	0.0941	0.027	0.1998	0.1245
25	0.2004	0.4332	0.0675	0.0513	0.0794	0.0521	0.0786	0.0796	0.039	0.1153	0.0941	0.0269	0.1992	0.1244
26	0.1873	0.429	0.0678	0.0517	0.0797	0.0522	0.0786	0.0797	0.0393	0.1163	0.0946	0.027	0.1995	0.1247
27	0.1763	0.4277	0.0683	0.0524	0.0803	0.0525	0.0795	0.0803	0.0395	0.117	0.0952	0.0271	0.2006	0.1253
28	0.1657	0.4174	0.0685	0.0525	0.0805	0.0528	0.0801	0.0808	0.0395	0.1171	0.0955	0.0271	0.2013	0.1257
29	0.1562	0.4134	0.0684	0.0524	0.0807	0.0529	0.0802	0.0811	0.0396	0.1179	0.096	0.0272	0.202	0.1263
30	0.1464	0.4102	0.068	0.0522	0.0804	0.053	0.0805	0.0813	0.0397	0.1183	0.0962	0.0272	0.2024	0.1264
31	0.14	0.4027	0.0687	0.0525	0.0808	0.0535	0.0814	0.0817	0.04	0.1183	0.0964	0.0273	0.2024	0.1266
32	0.131	0.4034	0.0693	0.0531	0.0812	0.0539	0.082	0.0821	0.0402	0.1197	0.0969	0.0274	0.2032	0.1269
33	0.1231	0.4038	0.0696	0.0534	0.0815	0.0541	0.0827	0.0823	0.0404	0.1204	0.0973	0.0274	0.2037	0.1271
34	0.117	0.4003	0.0699	0.0538	0.0823	0.0541	0.0823	0.0828	0.0405	0.1205	0.0978	0.0275	0.2045	0.1279
35	0.1115	0.3924	0.0706	0.0544	0.0827	0.0539	0.0819	0.0826	0.0406	0.1207	0.0979	0.0275	0.2049	0.1281
36	0.1051	0.397	0.0705	0.0543	0.0826	0.0538	0.0816	0.0824	0.0405	0.1207	0.0979	0.0275	0.2047	0.128
37	0.1006	0.3936	0.0704	0.0543	0.0826	0.054	0.082	0.0827	0.0407	0.1212	0.0982	0.0275	0.2051	0.1283
38	0.0953	0.387	0.0706	0.0546	0.0825	0.0544	0.0826	0.0829	0.0408	0.1216	0.0982	0.0276	0.2064	0.1286
39	0.0921	0.3852	0.0708	0.0548	0.0828	0.0547	0.083	0.0834	0.0408	0.122	0.0986	0.0277	0.2067	0.129
40	0.0861	0.3866	0.0708	0.055	0.0829	0.0547	0.0829	0.0834	0.0408	0.1221	0.0987	0.0277	0.2069	0.1292
41	0.0829	0.383	0.0706	0.0547	0.0826	0.0549	0.0834	0.0835	0.0409	0.1225	0.0987	0.0278	0.2074	0.1292
42	0.0785	0.3855	0.0709	0.0551	0.0829	0.0549	0.0835	0.0836	0.041	0.123	0.099	0.0277	0.2076	0.1294
43	0.0757	0.38	0.071	0.0552	0.0831	0.0553	0.0845	0.0842	0.0411	0.1233	0.0993	0.0278	0.2077	0.1296
44	0.073	0.3795	0.0712	0.0552	0.0835	0.0553	0.0844	0.0844	0.0412	0.1236	0.0998	0.0278	0.2079	0.13
45	0.0701	0.3837	0.0716	0.0555	0.0836	0.0556	0.0848	0.0845	0.0414	0.124	0.0998	0.0278	0.2079	0.1298
46	0.0659	0.3751	0.0717	0.0557	0.0836	0.0558	0.0852	0.0846	0.0415	0.1241	0.0998	0.0278	0.2083	0.13
47	0.0628	0.381	0.0719	0.0558	0.0836	0.0558	0.0854	0.0846	0.0414	0.1235	0.0996	0.0278	0.2074	0.1298
48	0.0622	0.3777	0.0718	0.056	0.0835	0.056	0.0857	0.0847	0.0416	0.1246	0.0999	0.0278	0.208	0.1298
49	0.0596	0.3689	0.0715	0.0557	0.0832	0.056	0.0856	0.0846	0.0416	0.1247	0.0999	0.0278	0.2081	0.1298
50	0.0567	0.3723	0.0716	0.0556	0.0833	0.056	0.0856	0.0847	0.0416	0.1252	0.1002	0.0278	0.2089	0.1302
51	0.0549	0.3758	0.0721	0.056	0.0839	0.0559	0.0857	0.0849	0.0417	0.1256	0.1006	0.0278	0.2086	0.1304
52	0.0517	0.3762	0.0724	0.0561	0.0841	0.0559	0.0856	0.085	0.0418	0.1257	0.1007	0.0278	0.2082	0.1304
53	0.0512	0.3715	0.0724	0.0562	0.0843	0.0561	0.0861	0.0854	0.0419	0.1262	0.1012	0.0278	0.2086	0.1309
54	0.0487	0.3756	0.0724	0.0567	0.0844	0.0564	0.0863	0.0856	0.042	0.126	0.1013	0.0278	0.2092	0.1311
55	0.0473	0.3739	0.0729	0.057	0.0848	0.0564	0.0864	0.0857	0.042	0.1267	0.1015	0.0278	0.2091	0.1312
56	0.0462	0.3793	0.0731	0.0575	0.0849	0.0564	0.0865	0.0857	0.0421	0.127	0.1016	0.0278	0.2093	0.1312
57	0.0452	0.3731	0.0729	0.0573	0.0849	0.0569	0.0875	0.0863	0.0422	0.1274	0.102	0.0279	0.2098	0.1316
58	0.0433	0.3674	0.0734	0.0578	0.085	0.057	0.0878	0.0862	0.0421	0.1276	0.1017	0.0279	0.2094	0.1312
59	0.0414	0.3695	0.0733	0.0576	0.0849	0.0571	0.0881	0.0864	0.0422	0.1275	0.1018	0.0279	0.2097	0.1314
60	0.0396	0.3689	0.0728	0.0572	0.0844	0.0571	0.0885	0.0864	0.0422	0.1279	0.1018	0.028	0.2105	0.1316
61	0.0399	0.3626	0.0726	0.0571	0.0845	0.0571	0.0886	0.0866	0.0423	0.1283	0.1022	0.028	0.2111	0.1319
62	0.0378	0.3722	0.0732	0.0576	0.0848	0.0573	0.0887	0.0866	0.0425	0.1286	0.1023	0.028	0.2115	0.132
63	0.0367	0.3677	0.0732	0.0576	0.0849	0.0572	0.0887	0.0867	0.0424	0.1284	0.1023	0.028	0.2109	0.1319
64	0.0353	0.365	0.0732	0.0578	0.0847	0.057	0.0884	0.0863	0.0424	0.1286	0.102	0.028	0.2111	0.1318
65	0.0355	0.372	0.073	0.0581	0.0848	0.0573	0.0887	0.0866	0.0425	0.1291	0.1024	0.028	0.2113	0.132
66	0.0342	0.3635	0.0727	0.0578	0.0847	0.0576	0.0893	0.087	0.0423	0.1286	0.1023	0.0281	0.2116	0.1322
67	0.0332	0.3667	0.0731	0.0581	0.0849	0.0578	0.0896	0.087	0.0424	0.1289	0.1023	0.0282	0.2121	0.1324
68	0.0325	0.3688	0.0732	0.0581	0.0852	0.0577	0.0896	0.0873	0.0424	0.1285	0.1025	0.0282	0.2123	0.1327
69	0.032	0.3663	0.0735	0.0583	0.0856	0.0577	0.0896	0.0875	0.0423	0.1286	0.1028	0.0282	0.2122	0.1329
70	0.0305	0.3627	0.0737	0.0585	0.086	0.0577	0.0896	0.0877	0.0424	0.1289	0.103	0.0282	0.2125	0.1332
71	0.0306	0.3671	0.074	0.0588	0.0863	0.0579	0.0899	0.088	0.0425	0.1294	0.1034	0.0282	0.2126	0.1334
72	0.0302	0.367	0.0734	0.0582	0.0857	0.0582	0.0902	0.0881	0.0427	0.1298	0.1035	0.0282	0.2122	0.1332
73	0.0286	0.3672	0.0736	0.0587	0.0858	0.0582	0.0903	0.088	0.0427	0.13	0.1035	0.0282	0.2121	0.1332
74	0.0272	0.3592	0.0737	0.0587	0.0861	0.0583	0.0906	0.0883	0.0427	0.13	0.1037	0.0282	0.2121	0.1334
75	0.0283	0.3618	0.0741	0.0592	0.0864	0.0584	0.0906	0.0884	0.0427	0.1302	0.1039	0.0282	0.2121	0.1335
76	0.0268	0.3623	0.0744	0.0592	0.0865	0.0582	0.0904	0.0882	0.0427	0.1301	0.1038	0.0282	0.2129	0.1337
77	0.0267	0.3661	0.0744	0.0593	0.0865	0.0582	0.0905	0.0883	0.0428	0.1305	0.104	0.0283	0.2132	0.1338
78	0.0261	0.3588	0.0742	0.0591	0.0865	0.0583	0.0907	0.0885	0.0427	0.1306	0.1041	0.0283	0.2138	0.134
79	0.0258	0.3651	0.0743	0.0592	0.0867	0.0582	0.0906	0.0886	0.0426	0.1305	0.1042	0.0283	0.2132	0.1341
80	0.0246	0.3584	0.0745	0.0592	0.0869	0.0582	0.0908	0.0887	0.0426	0.1307	0.1043	0.0283	0.2135	0.1342
81	0.0248	0.364	0.0745	0.0593	0.0869	0.0585	0.0912	0.089	0.0427	0.131	0.1045	0.0282	0.2132	0.1343
82	0.0234	0.3627	0.0746	0.0594	0.0872	0.0585	0.0913	0.0892	0.0427	0.1309	0.1046	0.0283	0.2136	0.1345
83	0.024	0.3615	0.0747	0.0593	0.0874	0.0585	0.0909	0.0892	0.0427	0.1307	0.1047	0.0283	0.2134	0.1346
84	0.0222	0.3539	0.0747	0.0594	0.0874	0.0585	0.0911	0.0893	0.0427	0.131	0.1048	0.0283	0.2135	0.1347
85	0.0228	0.3671	0.0747	0.0594	0.0874	0.0584	0.0909	0.0892	0.0429	0.1314	0.1049	0.0283	0.2134	0.1347
86	0.0222	0.364	0.0746	0.0591	0.0873	0.0583	0.0908	0.0891	0.0429	0.1315	0.105	0.0283	0.2136	0.1347
87	0.0222	0.3668	0.0749	0.0594	0.0876	0.0583	0.0908	0.0892	0.0428	0.1314	0.1049	0.0283	0.2139	0.1348
88	0.0214	0.3702	0.0746	0.0593	0.0873	0.0583	0.0907	0.0891	0.0428	0.1312	0.1048	0.0283	0.2138	0.1346
89	0.0211	0.368	0.075	0.0599	0.0876	0.0582	0.0908	0.0891	0.0428	0.1314	0.1049	0.0283	0.2138	0.1346
90	0.021	0.3619	0.0745	0.0595	0.0873	0.0584	0.0912	0.0893	0.0429	0.1317	0.1051	0.0283	0.2136	0.1347
91	0.0197	0.3649	0.0747	0.0597	0.0877	0.0582	0.0908	0.0893	0.0429	0.1318	0.1053	0.0283	0.2139	0.135
92	0.0198	0.3565	0.0746	0.0597	0.0878	0.0583	0.0912	0.0895	0.043	0.132	0.1054	0.0283	0.2139	0.135
93	0.02	0.3642	0.0751	0.06	0.0882	0.0584	0.0914	0.0898	0.043	0.132	0.1056	0.0282	0.2135	0.1351
94	0.0193	0.3637	0.0749	0.06	0.0882	0.0584	0.0911	0.0897	0.043	0.1322	0.1056	0.0282	0.2131	0.135
95	0.0198	0.361	0.0746	0.0597	0.0878	0.0583	0.091	0.0896	0.043	0.1321	0.1055	0.0283	0.2138	0.1351
96	0.0189	0.3621	0.0745	0.0597	0.0877	0.0583	0.091	0.0894	0.043	0.132	0.1054	0.0282	0.2138	0.1349
97	0.0182	0.3578	0.0743	0.0596	0.0876	0.0583	0.0908	0.0894	0.043	0.1321	0.1055	0.0283	0.2136	0.135
98	0.0184	0.3646	0.0745	0.0597	0.0877	0.0583	0.0908	0.0895	0.043	0.1325	0.1057	0.0283	0.2138	0.1351
99	0.0177	0.3616	0.0744	0.0597	0.0878	0.0582	0.0905	0.0895	0.043	0.1325	0.1058	0.0283	0.2137	0.1353
100	0.0179	0.3637	0.0749	0.0597	0.088	0.0585	0.0911	0.0897	0.0431	0.1326	0.1058	0.0283	0.2137	0.1352
101	0.018	0.3627	0.0751	0.0599	0.0884	0.0585	0.091	0.09	0.0431	0.1332	0.1062	0.0283	0.2142	0.1356
102	0.0174	0.3683	0.0755	0.0601	0.0885	0.0587	0.0916	0.0901	0.0432	0.1336	0.1063	0.0283	0.2141	0.1355
103	0.017	0.3583	0.0749	0.0595	0.0884	0.0586	0.0915	0.0903	0.0432	0.1334	0.1064	0.0283	0.2144	0.1358
104	0.0171	0.3619	0.0747	0.0593	0.0883	0.0587	0.0919	0.0905	0.0433	0.1339	0.1067	0.0284	0.2151	0.1361
105	0.0167	0.363	0.0752	0.0597	0.0887	0.0584	0.0916	0.0903	0.0432	0.1335	0.1066	0.0284	0.2149	0.1361
106	0.0164	0.3658	0.0751	0.0596	0.0886	0.0584	0.0915	0.0902	0.0433	0.134	0.1068	0.0283	0.2147	0.136
107	0.0163	0.3646	0.0752	0.0601	0.0889	0.0585	0.0918	0.0905	0.0433	0.1338	0.1069	0.0284	0.2149	0.1362
108	0.0161	0.3643	0.0754	0.0604	0.0892	0.0587	0.0921	0.0908	0.0434	0.1341	0.1071	0.0284	0.2148	0.1363
109	0.0157	0.3653	0.0757	0.0606	0.0894	0.0587	0.0921	0.0908	0.0434	0.1344	0.1072	0.0283	0.2145	0.1363
110	0.0156	0.3567	0.0754	0.0606	0.0893	0.0585	0.092	0.0907	0.0434	0.1345	0.1072	0.0283	0.214	0.1361
111	0.0154	0.3601	0.0753	0.0606	0.0891	0.0586	0.0917	0.0905	0.0434	0.1345	0.1071	0.0283	0.2141	0.136
112	0.0159	0.3564	0.0753	0.06	0.0889	0.0586	0.0917	0.0905	0.0434	0.1346	0.1071	0.0282	0.2138	0.1359
113	0.0154	0.3607	0.0754	0.0601	0.0891	0.0586	0.0916	0.0907	0.0434	0.1346	0.1073	0.0282	0.2134	0.1359
114	0.015	0.3609	0.0751	0.0597	0.0889	0.0585	0.0913	0.0906	0.0435	0.135	0.1075	0.0282	0.2135	0.136
115	0.0146	0.3656	0.0754	0.0602	0.0893	0.0585	0.0911	0.0906	0.0435	0.1348	0.1075	0.0282	0.2131	0.136
116	0.015	0.3667	0.0754	0.0603	0.0896	0.0586	0.0913	0.091	0.0435	0.1349	0.1078	0.0282	0.2129	0.1363
117	0.0147	0.3623	0.0752	0.0602	0.0894	0.0584	0.091	0.0907	0.0435	0.1352	0.1078	0.0282	0.2129	0.1362
118	0.0142	0.3617	0.075	0.0601	0.0894	0.0586	0.0917	0.0911	0.0434	0.1346	0.1077	0.0282	0.2132	0.1364
119	0.0144	0.3615	0.0755	0.0605	0.0896	0.0586	0.0915	0.091	0.0434	0.1347	0.1076	0.0282	0.2136	0.1364
120	0.014	0.3623	0.0757	0.0608	0.0895	0.0586	0.0917	0.0909	0.0434	0.1348	0.1076	0.0282	0.2133	0.1361
121	0.014	0.3635	0.0757	0.061	0.0896	0.0586	0.0917	0.0909	0.0434	0.1347	0.1076	0.0282	0.2135	0.1363
122	0.0141	0.3587	0.0757	0.0611	0.0897	0.0585	0.0916	0.0909	0.0434	0.1346	0.1076	0.0282	0.2134	0.1363
123	0.014	0.3599	0.0758	0.0611	0.0898	0.0585	0.0916	0.091	0.0433	0.1344	0.1076	0.0282	0.2134	0.1364
124	0.0137	0.3604	0.0758	0.0611	0.09	0.0588	0.0926	0.0915	0.0433	0.1347	0.1078	0.0282	0.2137	0.1365
125	0.0134	0.3591	0.0758	0.0609	0.0898	0.0588	0.0927	0.0914	0.0434	0.1352	0.1079	0.0282	0.2138	0.1366
126	0.0132	0.3607	0.076	0.0609	0.0899	0.0588	0.0925	0.0914	0.0433	0.1346	0.1077	0.0282	0.2137	0.1365
127	0.0137	0.3569	0.0757	0.0609	0.0898	0.0588	0.0924	0.0914	0.0432	0.1343	0.1076	0.0282	0.214	0.1366
128	0.0135	0.3618	0.0758	0.0612	0.09	0.0588	0.0926	0.0915	0.0433	0.1344	0.1077	0.0282	0.2138	0.1366
129	0.0133	0.3672	0.0757	0.0608	0.0898	0.0587	0.0925	0.0914	0.0432	0.1344	0.1077	0.0282	0.2136	0.1365
130	0.0126	0.3587	0.0754	0.0607	0.0898	0.0587	0.0927	0.0915	0.0431	0.134	0.1076	0.0282	0.2136	0.1366
131	0.0129	0.3636	0.0755	0.0608	0.0897	0.0588	0.0927	0.0915	0.0432	0.1339	0.1076	0.0283	0.2143	0.1368
132	0.0133	0.3575	0.0761	0.0612	0.0901	0.0588	0.0928	0.0914	0.0433	0.1345	0.1077	0.0282	0.2135	0.1364
133	0.0128	0.356	0.0763	0.0611	0.09	0.0586	0.0925	0.0911	0.0432	0.1345	0.1075	0.0282	0.2141	0.1364
134	0.0128	0.3642	0.0766	0.0614	0.0904	0.0586	0.0925	0.0912	0.0433	0.1348	0.1077	0.0282	0.214	0.1365
135	0.0124	0.353	0.0761	0.0611	0.0899	0.0589	0.0931	0.0914	0.0433	0.1348	0.1076	0.0282	0.2136	0.1363
136	0.0123	0.3588	0.0764	0.0614	0.0901	0.0588	0.0928	0.0912	0.0434	0.1351	0.1077	0.0282	0.2135	0.1362
137	0.0119	0.3653	0.0763	0.0612	0.09	0.0587	0.0927	0.0911	0.0433	0.1351	0.1076	0.0282	0.2135	0.1362
138	0.0125	0.3624	0.0762	0.0612	0.09	0.0587	0.0928	0.0912	0.0434	0.135	0.1077	0.0282	0.2135	0.1363
139	0.012	0.3609	0.0761	0.061	0.0899	0.0584	0.0925	0.0911	0.0434	0.135	0.1077	0.0282	0.2137	0.1364
140	0.0121	0.3568	0.0759	0.0609	0.0896	0.0586	0.0928	0.0911	0.0434	0.1352	0.1077	0.0282	0.2135	0.1362
141	0.0122	0.3635	0.0757	0.0608	0.0896	0.0587	0.093	0.0912	0.0435	0.1355	0.1078	0.0282	0.2138	0.1363
142	0.0116	0.3586	0.0752	0.0604	0.0893	0.0587	0.0931	0.0913	0.0435	0.1358	0.1079	0.0282	0.2137	0.1363
143	0.0116	0.3675	0.0752	0.0605	0.0892	0.0586	0.0931	0.0912	0.0434	0.1354	0.1077	0.0282	0.2139	0.1363
144	0.0113	0.3761	0.0754	0.0606	0.0892	0.0587	0.0932	0.0912	0.0433	0.1355	0.1076	0.0282	0.2138	0.1362
145	0.0114	0.3577	0.0748	0.0602	0.0888	0.0586	0.0929	0.091	0.0433	0.1352	0.1075	0.0282	0.2136	0.1361
146	0.0117	0.3653	0.0751	0.0605	0.0891	0.0584	0.0929	0.091	0.0432	0.1351	0.1075	0.0282	0.2139	0.1362
147	0.0112	0.3581	0.075	0.0606	0.0889	0.0582	0.0927	0.0907	0.0432	0.1347	0.1071	0.0282	0.2138	0.1361
148	0.0104	0.3535	0.0748	0.0606	0.0888	0.0582	0.0927	0.0907	0.0432	0.1348	0.1072	0.0282	0.2138	0.136
149	0.0114	0.3635	0.0747	0.0603	0.0885	0.0581	0.0926	0.0905	0.0432	0.1348	0.1071	0.0282	0.2135	0.1358
150	0.011	0.3555	0.0747	0.0602	0.0887	0.0582	0.0926	0.0907	0.0433	0.1352	0.1074	0.0281	0.2131	0.1358
151	0.0113	0.3641	0.0747	0.0602	0.0886	0.0581	0.0924	0.0905	0.0434	0.135	0.1073	0.0281	0.2128	0.1357
152	0.0111	0.3617	0.0749	0.0604	0.089	0.0583	0.0925	0.0907	0.0433	0.1347	0.1073	0.0281	0.2131	0.1358
153	0.011	0.3661	0.0747	0.0602	0.0891	0.0582	0.0926	0.0909	0.0432	0.1344	0.1074	0.0281	0.2134	0.1361
154	0.0108	0.3622	0.0747	0.0602	0.0891	0.0582	0.0926	0.0909	0.0432	0.1345	0.1074	0.0282	0.2138	0.1362
155	0.0107	0.3528	0.0748	0.0605	0.0891	0.0582	0.0925	0.0908	0.0432	0.1346	0.1074	0.0281	0.2134	0.136
156	0.0107	0.3578	0.0749	0.0604	0.0891	0.0583	0.0927	0.0909	0.0432	0.1344	0.1073	0.0281	0.2134	0.136
157	0.0104	0.3599	0.0748	0.0604	0.0891	0.0585	0.0931	0.0911	0.0433	0.1348	0.1075	0.0281	0.2136	0.1361
158	0.0106	0.3639	0.0747	0.0603	0.089	0.0586	0.0932	0.0912	0.0432	0.1345	0.1074	0.0281	0.2133	0.1361
159	0.0106	0.3629	0.0751	0.0607	0.0892	0.0585	0.093	0.091	0.0432	0.1345	0.1073	0.0281	0.2136	0.1361
160	0.0103	0.361	0.0752	0.0608	0.0892	0.0586	0.0931	0.091	0.0433	0.1347	0.1073	0.0281	0.2132	0.1359
161	0.0105	0.3627	0.0754	0.0609	0.0896	0.0587	0.0931	0.0913	0.0433	0.1346	0.1075	0.0281	0.2131	0.1361
162	0.0101	0.3584	0.0753	0.0607	0.0895	0.0586	0.0927	0.0911	0.0433	0.1343	0.1075	0.0281	0.2135	0.1362
163	0.0103	0.3648	0.0757	0.061	0.0899	0.0586	0.0927	0.0913	0.0434	0.1345	0.1077	0.0281	0.2132	0.1363
164	0.0102	0.3644	0.0754	0.0606	0.0895	0.0586	0.0931	0.0912	0.0433	0.1341	0.1074	0.0282	0.2138	0.1363
165	0.0103	0.3565	0.0757	0.061	0.0898	0.0585	0.093	0.0912	0.0432	0.1339	0.1074	0.0282	0.2137	0.1364
166	0.0099	0.363	0.0758	0.061	0.0897	0.0585	0.0931	0.0912	0.0431	0.1335	0.1072	0.0282	0.2139	0.1363
167	0.0099	0.3636	0.0756	0.0608	0.0897	0.0586	0.093	0.0913	0.0433	0.1341	0.1075	0.0282	0.2136	0.1363
168	0.0097	0.3665	0.0757	0.061	0.0898	0.0588	0.0934	0.0915	0.0434	0.1343	0.1076	0.0282	0.2133	0.1363
169	0.0101	0.3593	0.0755	0.0608	0.0897	0.0587	0.0932	0.0914	0.0433	0.1343	0.1076	0.0281	0.2132	0.1362
170	0.0096	0.3576	0.0754	0.0608	0.0897	0.0587	0.093	0.0914	0.0432	0.1339	0.1075	0.0281	0.2132	0.1363
171	0.01	0.3616	0.0755	0.0608	0.0899	0.0588	0.0933	0.0916	0.0433	0.1341	0.1077	0.0281	0.2131	0.1364
172	0.0098	0.3597	0.0755	0.0609	0.0901	0.0587	0.0929	0.0916	0.0433	0.1345	0.108	0.0282	0.2134	0.1367
173	0.0099	0.3587	0.0755	0.0609	0.0902	0.0589	0.0932	0.0919	0.0433	0.1343	0.108	0.0281	0.2132	0.1367
174	0.0094	0.3636	0.0759	0.0612	0.0905	0.0588	0.0931	0.0919	0.0434	0.1347	0.1082	0.0282	0.2136	0.1369
175	0.01	0.3499	0.0761	0.0613	0.0904	0.059	0.0935	0.0919	0.0435	0.1352	0.1082	0.0282	0.2139	0.1367
176	0.0094	0.3574	0.0761	0.0613	0.0904	0.059	0.0929	0.0917	0.0435	0.1353	0.1082	0.0281	0.2137	0.1367
177	0.01	0.3623	0.0761	0.0614	0.0904	0.0592	0.0934	0.0919	0.0434	0.1351	0.1081	0.0282	0.2141	0.1367
178	0.0092	0.3628	0.0763	0.0614	0.0905	0.0591	0.0932	0.0918	0.0434	0.1352	0.108	0.0282	0.214	0.1367
179	0.0094	0.3624	0.0763	0.0614	0.0905	0.059	0.0929	0.0917	0.0434	0.1354	0.1081	0.0282	0.2142	0.1367
180	0.0096	0.3645	0.0763	0.0614	0.0904	0.0588	0.0928	0.0915	0.0434	0.1352	0.108	0.0282	0.2142	0.1367
181	0.0094	0.3521	0.0763	0.0613	0.0904	0.0588	0.0929	0.0914	0.0435	0.1354	0.108	0.0282	0.2141	0.1365
182	0.0093	0.3622	0.0762	0.0613	0.0904	0.0591	0.0934	0.0918	0.0434	0.1353	0.1081	0.0282	0.2144	0.1368
183	0.0098	0.3669	0.076	0.0613	0.0904	0.0585	0.0928	0.0914	0.0434	0.135	0.108	0.0282	0.2143	0.1367
184	0.0095	0.3625	0.0758	0.0612	0.0903	0.0586	0.0929	0.0915	0.0435	0.1353	0.1081	0.0282	0.2144	0.1368
185	0.0095	0.3674	0.0759	0.0612	0.0904	0.0591	0.0935	0.0919	0.0435	0.1353	0.1082	0.0282	0.2144	0.1369
186	0.0095	0.3598	0.0758	0.0612	0.0904	0.0588	0.0932	0.0918	0.0436	0.1358	0.1084	0.0283	0.2147	0.137
187	0.0092	0.3569	0.0759	0.0613	0.0905	0.0586	0.0927	0.0916	0.0435	0.1355	0.1083	0.0282	0.2144	0.1369
188	0.0093	0.3552	0.0758	0.0612	0.0906	0.0587	0.0927	0.0918	0.0435	0.1355	0.1085	0.0282	0.2144	0.137
189	0.0094	0.3598	0.0764	0.0615	0.0909	0.0589	0.0932	0.0919	0.0434	0.1353	0.1083	0.0282	0.214	0.1369
190	0.0091	0.3626	0.0761	0.0616	0.0908	0.0586	0.0929	0.0918	0.0434	0.1353	0.1083	0.0281	0.2137	0.1368
191	0.0089	0.3602	0.0756	0.0612	0.0904	0.0584	0.0926	0.0915	0.0433	0.1347	0.108	0.0281	0.2137	0.1366
192	0.0093	0.3525	0.076	0.0614	0.0906	0.0584	0.0927	0.0915	0.0433	0.1348	0.108	0.0281	0.2138	0.1366
193	0.009	0.3521	0.0758	0.0612	0.0907	0.0586	0.0932	0.0919	0.0434	0.1349	0.1083	0.0281	0.2138	0.1368
194	0.0085	0.3681	0.0759	0.0612	0.0906	0.0584	0.0928	0.0916	0.0434	0.1348	0.1081	0.0281	0.214	0.1368
195	0.0089	0.3675	0.0759	0.0612	0.0907	0.0583	0.0927	0.0916	0.0434	0.135	0.1082	0.0281	0.214	0.1367
196	0.0091	0.35	0.0759	0.0611	0.0904	0.0583	0.0926	0.0913	0.0432	0.1345	0.1078	0.0281	0.2139	0.1364
197	0.0087	0.3644	0.0763	0.0614	0.0906	0.0582	0.0923	0.0912	0.0433	0.1348	0.1078	0.0281	0.2137	0.1363
198	0.0087	0.3544	0.0766	0.0616	0.091	0.0585	0.0928	0.0916	0.0433	0.1348	0.108	0.0281	0.2135	0.1365
199	0.0088	0.367	0.0765	0.0616	0.0908	0.0584	0.093	0.0915	0.0432	0.1344	0.1077	0.0281	0.2134	0.1363
200	0.0089	0.3636	0.0763	0.0614	0.0908	0.0582	0.0926	0.0914	0.0432	0.1341	0.1077	0.0281	0.2134	0.1365
201	0.0088	0.3637	0.0764	0.0615	0.0912	0.0582	0.0925	0.0915	0.0431	0.1341	0.1079	0.0281	0.2136	0.1367
202	0.0086	0.358	0.0763	0.0616	0.0912	0.0584	0.0929	0.0919	0.0431	0.1342	0.1081	0.0281	0.2137	0.1369
203	0.0086	0.3621	0.0761	0.0615	0.0909	0.0584	0.0931	0.0918	0.043	0.1339	0.1078	0.028	0.2132	0.1365
204	0.0085	0.3676	0.0758	0.0612	0.0908	0.0585	0.093	0.0918	0.0431	0.1341	0.1079	0.028	0.2131	0.1365
205	0.0085	0.3553	0.0759	0.0614	0.0908	0.0584	0.0928	0.0917	0.043	0.1342	0.1079	0.028	0.2135	0.1366
206	0.0088	0.3573	0.076	0.0616	0.0911	0.0583	0.0924	0.0917	0.0431	0.1343	0.1081	0.028	0.2134	0.1367
207	0.0085	0.3585	0.0759	0.0616	0.0912	0.0581	0.0924	0.0918	0.0431	0.1344	0.1082	0.028	0.2134	0.1368
208	0.0087	0.368	0.076	0.0618	0.0911	0.0582	0.0926	0.0917	0.0431	0.1343	0.108	0.028	0.213	0.1366
209	0.0082	0.3663	0.0762	0.0619	0.0914	0.0583	0.0927	0.0919	0.0432	0.135	0.1085	0.028	0.2131	0.1368
210	0.0082	0.3595	0.0761	0.0618	0.0915	0.0583	0.0927	0.092	0.0431	0.1346	0.1084	0.0279	0.2129	0.1368
211	0.0084	0.3525	0.0759	0.0615	0.0914	0.0584	0.0926	0.0921	0.043	0.1342	0.1083	0.0279	0.2128	0.1368
212	0.0083	0.3623	0.0759	0.0615	0.0912	0.0583	0.0926	0.0919	0.0431	0.1342	0.1082	0.0279	0.213	0.1368
213	0.0083	0.3549	0.0761	0.0615	0.0912	0.0584	0.0928	0.092	0.0432	0.1346	0.1084	0.0279	0.213	0.1367
214	0.0085	0.365	0.0763	0.0619	0.0916	0.0583	0.0926	0.0921	0.0432	0.1346	0.1085	0.0279	0.2131	0.1369
215	0.0083	0.3662	0.0762	0.0617	0.0915	0.0584	0.0925	0.0921	0.0432	0.1345	0.1085	0.028	0.2134	0.137
216	0.0084	0.3557	0.0763	0.062	0.0917	0.0582	0.0925	0.0921	0.0432	0.1343	0.1085	0.0279	0.213	0.1369
217	0.0086	0.3564	0.0763	0.0619	0.0916	0.0582	0.0925	0.0921	0.0432	0.1346	0.1086	0.0279	0.2128	0.1369
218	0.0088	0.3638	0.0763	0.062	0.0918	0.0581	0.092	0.092	0.0432	0.1346	0.1086	0.0279	0.2128	0.137
219	0.0081	0.3615	0.0763	0.0621	0.0917	0.0582	0.0923	0.092	0.0433	0.1352	0.1088	0.0279	0.2129	0.1369
220	0.0083	0.3511	0.0763	0.0623	0.0916	0.0585	0.0928	0.0921	0.0433	0.1352	0.1087	0.028	0.2133	0.1369
221	0.0078	0.3558	0.0762	0.0622	0.0918	0.0585	0.0928	0.0924	0.0434	0.1355	0.109	0.0279	0.2127	0.137
222	0.008	0.3669	0.0761	0.062	0.0916	0.0584	0.0928	0.0923	0.0434	0.1352	0.1089	0.0279	0.2128	0.137
223	0.0079	0.356	0.076	0.0618	0.0916	0.0585	0.0928	0.0923	0.0433	0.1351	0.1088	0.0279	0.2127	0.1369
224	0.0078	0.3623	0.076	0.0617	0.0915	0.0584	0.0927	0.0923	0.0433	0.1351	0.1088	0.0279	0.2128	0.1369
225	0.0082	0.3553	0.0759	0.0616	0.0916	0.0586	0.0929	0.0925	0.0434	0.1352	0.109	0.0279	0.2128	0.1371
226	0.008	0.3713	0.0758	0.0617	0.0917	0.0586	0.0928	0.0926	0.0434	0.1354	0.1091	0.0279	0.2128	0.1371
227	0.0078	0.3597	0.0763	0.0622	0.0919	0.0586	0.093	0.0925	0.0434	0.1356	0.1091	0.0279	0.213	0.1372
228	0.0078	0.3501	0.0766	0.0623	0.092	0.0586	0.0929	0.0925	0.0434	0.1358	0.1091	0.0279	0.2129	0.1371
229	0.0074	0.3604	0.0765	0.0622	0.092	0.0589	0.0934	0.0928	0.0434	0.1357	0.1091	0.0279	0.2129	0.1371
230	0.0078	0.3584	0.0767	0.0623	0.092	0.0587	0.093	0.0925	0.0434	0.1358	0.1091	0.0279	0.2129	0.137
231	0.0076	0.3642	0.0766	0.0623	0.0918	0.0588	0.0931	0.0924	0.0434	0.1358	0.1089	0.0279	0.2131	0.137
232	0.0079	0.3599	0.0769	0.0627	0.0921	0.0586	0.0927	0.0923	0.0433	0.1354	0.1089	0.0279	0.2128	0.1369
233	0.0083	0.3681	0.0765	0.0623	0.0916	0.0585	0.0928	0.0921	0.0433	0.1354	0.1087	0.0278	0.2126	0.1366
234	0.008	0.37	0.0764	0.0624	0.0915	0.0586	0.0928	0.0921	0.0431	0.1352	0.1085	0.0278	0.2124	0.1365
235	0.0081	0.3583	0.0762	0.0621	0.0912	0.0584	0.0925	0.0918	0.0431	0.1353	0.1083	0.0278	0.2117	0.1361
236	0.0075	0.3592	0.0757	0.0614	0.0908	0.0584	0.0928	0.0919	0.0431	0.135	0.1082	0.0278	0.2118	0.1361
237	0.0078	0.3594	0.0759	0.0618	0.0912	0.0585	0.093	0.0921	0.0431	0.1348	0.1083	0.0277	0.2114	0.1361
238	0.008	0.3621	0.0756	0.0616	0.091	0.0587	0.0934	0.0923	0.0431	0.135	0.1085	0.0277	0.2115	0.1363
239	0.0078	0.3623	0.076	0.0617	0.0912	0.0588	0.0935	0.0924	0.0431	0.135	0.1085	0.0277	0.2114	0.1362
240	0.0079	0.3572	0.0759	0.0617	0.091	0.0588	0.0936	0.0922	0.0431	0.1351	0.1083	0.0278	0.2117	0.1361
241	0.0075	0.3646	0.0759	0.0617	0.0908	0.0587	0.0932	0.092	0.0432	0.1351	0.1082	0.0278	0.2118	0.1361
242	0.0078	0.3613	0.0758	0.0616	0.0908	0.0587	0.0932	0.092	0.0431	0.1352	0.1082	0.0277	0.2112	0.1359
243	0.0078	0.3646	0.0758	0.0615	0.091	0.0588	0.0933	0.0923	0.0431	0.135	0.1084	0.0277	0.2113	0.1361
244	0.0076	0.3607	0.0758	0.0616	0.0909	0.0586	0.0931	0.092	0.0432	0.1351	0.1083	0.0277	0.2114	0.1361
245	0.0074	0.3542	0.0755	0.0614	0.0905	0.0585	0.093	0.0918	0.0432	0.1352	0.1082	0.0278	0.2116	0.136
246	0.0076	0.356	0.0756	0.0614	0.0905	0.0587	0.0934	0.0919	0.0432	0.135	0.1081	0.0277	0.2113	0.1359
247	0.0074	0.3617	0.0755	0.0613	0.0904	0.0589	0.0937	0.0921	0.043	0.1346	0.1079	0.0277	0.2113	0.1358
248	0.0069	0.3621	0.0756	0.0614	0.0906	0.059	0.0938	0.0923	0.0431	0.135	0.1081	0.0277	0.2113	0.1359
249	0.0076	0.362	0.0758	0.0616	0.0908	0.0589	0.0936	0.0923	0.0431	0.135	0.1083	0.0277	0.2115	0.1361
250	0.0077	0.3598	0.0757	0.0617	0.0907	0.0588	0.0935	0.0921	0.0432	0.1352	0.1083	0.0278	0.2115	0.136
251	0.0073	0.3719	0.0758	0.0617	0.0907	0.0586	0.0932	0.0919	0.0432	0.1354	0.1083	0.0277	0.2111	0.1358
252	0.0071	0.3617	0.0754	0.0613	0.0903	0.0585	0.0927	0.0916	0.0432	0.1355	0.1082	0.0277	0.2112	0.1357
253	0.0076	0.3622	0.0753	0.0613	0.0904	0.0585	0.0926	0.0917	0.0432	0.1355	0.1083	0.0277	0.2111	0.1358
254	0.0075	0.3612	0.0752	0.0611	0.0901	0.0584	0.0925	0.0915	0.0432	0.1357	0.1081	0.0277	0.2111	0.1356
255	0.007	0.3574	0.0751	0.0611	0.0901	0.0585	0.0929	0.0916	0.0432	0.1357	0.1082	0.0277	0.2112	0.1356
256	0.0075	0.359	0.0752	0.0611	0.0899	0.0589	0.0934	0.0918	0.0431	0.1353	0.1079	0.0278	0.2116	0.1356
257	0.0079	0.3626	0.0754	0.0612	0.09	0.0588	0.0932	0.0917	0.043	0.1351	0.1077	0.0277	0.2114	0.1355
258	0.0072	0.3663	0.0758	0.0614	0.0905	0.0588	0.0932	0.0919	0.0431	0.135	0.108	0.0277	0.2113	0.1356
259	0.0073	0.3577	0.0756	0.0613	0.0905	0.0586	0.0931	0.0918	0.043	0.1348	0.1079	0.0277	0.211	0.1356
260	0.0074	0.3704	0.0757	0.0613	0.0904	0.0587	0.0932	0.0918	0.043	0.1347	0.1078	0.0277	0.2111	0.1356
261	0.0077	0.37	0.0758	0.0612	0.0907	0.0588	0.0932	0.092	0.043	0.1345	0.1079	0.0277	0.2111	0.1357
262	0.0071	0.3663	0.0763	0.0615	0.0911	0.0587	0.093	0.092	0.043	0.1345	0.108	0.0277	0.2116	0.1359
263	0.0071	0.3632	0.0761	0.0617	0.0911	0.0584	0.0925	0.0918	0.043	0.1345	0.1081	0.0277	0.2112	0.1358
264	0.0072	0.3604	0.076	0.0616	0.0909	0.0583	0.0925	0.0916	0.0429	0.1343	0.1078	0.0276	0.2108	0.1356
265	0.0073	0.364	0.0757	0.0614	0.0906	0.0581	0.0923	0.0914	0.0429	0.1346	0.1078	0.0276	0.2102	0.1353
266	0.0073	0.3664	0.0757	0.0613	0.0905	0.0581	0.0923	0.0913	0.0429	0.1346	0.1077	0.0276	0.2108	0.1354
267	0.0075	0.3573	0.0758	0.0614	0.0906	0.0582	0.0925	0.0914	0.0429	0.1347	0.1077	0.0277	0.2112	0.1355
268	0.0068	0.3554	0.0759	0.0613	0.0906	0.0583	0.0927	0.0915	0.0429	0.1343	0.1076	0.0276	0.2111	0.1354
269	0.0074	0.3663	0.0758	0.0613	0.0905	0.0581	0.0922	0.0913	0.043	0.1346	0.1077	0.0277	0.2112	0.1355
270	0.007	0.3609	0.0755	0.0613	0.0902	0.058	0.0922	0.0912	0.0429	0.1345	0.1075	0.0276	0.2111	0.1353
271	0.0068	0.3666	0.0756	0.0614	0.0902	0.058	0.0921	0.091	0.0429	0.1344	0.1074	0.0276	0.2107	0.1351
272	0.0073	0.3631	0.0756	0.0614	0.0904	0.0579	0.0921	0.0912	0.0429	0.1343	0.1076	0.0276	0.2111	0.1354
273	0.007	0.3623	0.0752	0.061	0.0901	0.0579	0.092	0.0912	0.0428	0.1341	0.1074	0.0276	0.2111	0.1354
274	0.0068	0.3567	0.0755	0.061	0.0903	0.0579	0.0923	0.0912	0.0428	0.1338	0.1074	0.0276	0.2113	0.1354
275	0.0069	0.3604	0.0754	0.0609	0.09	0.0579	0.0921	0.091	0.0428	0.1339	0.1073	0.0276	0.2115	0.1353
276	0.0068	0.3499	0.0756	0.0611	0.0903	0.058	0.0922	0.0912	0.0428	0.134	0.1075	0.0276	0.2116	0.1355
277	0.0071	0.3633	0.0753	0.0606	0.09	0.058	0.0923	0.0912	0.0429	0.1343	0.1075	0.0276	0.2114	0.1353
278	0.007	0.3693	0.0752	0.0607	0.09	0.0581	0.0924	0.0913	0.043	0.1345	0.1076	0.0276	0.2112	0.1353
279	0.0069	0.3687	0.0751	0.0608	0.09	0.058	0.0923	0.0912	0.043	0.1347	0.1077	0.0276	0.2116	0.1354
280	0.0067	0.3605	0.0751	0.0609	0.0901	0.058	0.0923	0.0912	0.043	0.1347	0.1077	0.0276	0.2112	0.1353
281	0.0073	0.3665	0.0753	0.0611	0.0901	0.0577	0.0918	0.091	0.043	0.1345	0.1076	0.0276	0.2115	0.1354
282	0.0068	0.3677	0.0752	0.0612	0.0904	0.0577	0.0917	0.0912	0.0429	0.1348	0.1079	0.0276	0.2113	0.1356
283	0.0066	0.3513	0.0757	0.0615	0.0907	0.0577	0.0914	0.091	0.0431	0.135	0.1079	0.0277	0.2117	0.1357
284	0.0065	0.3633	0.0756	0.0615	0.0906	0.0575	0.0914	0.0909	0.043	0.1349	0.1079	0.0276	0.2117	0.1356
285	0.0071	0.3611	0.0753	0.0612	0.0904	0.0577	0.0917	0.0911	0.0431	0.1344	0.1078	0.0276	0.2116	0.1356
286	0.0068	0.3604	0.0754	0.061	0.0906	0.058	0.0921	0.0915	0.0429	0.1341	0.1078	0.0276	0.2115	0.1357
287	0.0067	0.3681	0.0754	0.0611	0.0906	0.0581	0.0923	0.0916	0.0429	0.1343	0.1078	0.0276	0.2116	0.1358
288	0.0072	0.3626	0.0757	0.0613	0.0908	0.0581	0.0922	0.0915	0.0429	0.134	0.1077	0.0276	0.2115	0.1357
289	0.0069	0.3583	0.0756	0.0612	0.0908	0.058	0.0921	0.0915	0.043	0.1345	0.108	0.0276	0.2117	0.1359
290	0.0066	0.366	0.0754	0.0613	0.0907	0.0578	0.0919	0.0914	0.043	0.1343	0.108	0.0276	0.2117	0.1359
291	0.0068	0.3515	0.0753	0.0612	0.0907	0.0576	0.0917	0.0913	0.0429	0.1343	0.108	0.0276	0.212	0.136
292	0.0065	0.3672	0.0756	0.0613	0.0908	0.0578	0.0919	0.0914	0.0429	0.1339	0.1079	0.0276	0.2114	0.1359
293	0.0068	0.3652	0.0755	0.0614	0.0909	0.0577	0.0919	0.0915	0.0429	0.1341	0.108	0.0276	0.2111	0.1359
294	0.0072	0.3669	0.0758	0.0614	0.0908	0.0577	0.092	0.0914	0.043	0.1341	0.1079	0.0276	0.2109	0.1356
295	0.0069	0.3665	0.0756	0.0613	0.0909	0.0577	0.0919	0.0915	0.0429	0.1341	0.108	0.0276	0.2114	0.1359
296	0.0067	0.3726	0.0753	0.0613	0.0907	0.0577	0.0921	0.0916	0.0429	0.1341	0.1081	0.0277	0.2117	0.1361
297	0.007	0.3561	0.0752	0.0613	0.0905	0.0575	0.092	0.0914	0.0429	0.1343	0.108	0.0277	0.2116	0.1359
298	0.007	0.3578	0.0756	0.0617	0.0907	0.0577	0.0923	0.0915	0.0429	0.1342	0.1079	0.0276	0.2115	0.1358
299	0.0065	0.3654	0.0754	0.0613	0.0906	0.0579	0.0926	0.0916	0.043	0.1348	0.1081	0.0277	0.2116	0.1359
300	0.0068	0.3661	0.0754	0.0614	0.0904	0.0577	0.0925	0.0914	0.043	0.1349	0.108	0.0277	0.2114	0.1357
301	0.0066	0.36	0.0755	0.0618	0.0906	0.0579	0.0927	0.0916	0.0431	0.1352	0.1082	0.0277	0.2118	0.1359
302	0.0063	0.3576	0.0755	0.062	0.0907	0.0578	0.0925	0.0915	0.0431	0.135	0.1082	0.0277	0.2115	0.1358
303	0.0069	0.3623	0.0754	0.0619	0.0905	0.0579	0.0924	0.0914	0.0431	0.1352	0.1081	0.0276	0.2114	0.1357
304	0.0068	0.3655	0.0752	0.0618	0.0905	0.0581	0.0929	0.0917	0.0431	0.1355	0.1083	0.0277	0.2118	0.136
305	0.0069	0.3614	0.0755	0.062	0.0907	0.058	0.0925	0.0916	0.0433	0.1358	0.1085	0.0276	0.2113	0.1359
306	0.0065	0.3591	0.0758	0.0621	0.0911	0.058	0.0926	0.0917	0.0433	0.1356	0.1086	0.0276	0.2112	0.1359
307	0.0067	0.3699	0.076	0.0622	0.0912	0.0582	0.0929	0.0919	0.0433	0.1352	0.1085	0.0277	0.2114	0.136
308	0.0062	0.3548	0.0759	0.0621	0.0912	0.0583	0.0931	0.092	0.0434	0.1357	0.1087	0.0276	0.2112	0.136
309	0.0063	0.3596	0.0758	0.062	0.0911	0.0584	0.0935	0.0922	0.0432	0.1354	0.1085	0.0276	0.2112	0.136
310	0.0064	0.3615	0.0762	0.0623	0.0914	0.0584	0.0931	0.092	0.0432	0.1354	0.1085	0.0276	0.211	0.1359
311	0.0063	0.3673	0.076	0.0621	0.0913	0.0584	0.0933	0.0921	0.0432	0.1353	0.1085	0.0276	0.2109	0.1359
312	0.0062	0.3668	0.0762	0.0625	0.0914	0.0584	0.0931	0.0921	0.0431	0.1351	0.1085	0.0276	0.211	0.1359
313	0.0064	0.3593	0.0764	0.0627	0.0916	0.0583	0.093	0.092	0.0431	0.135	0.1084	0.0276	0.2111	0.1359
314	0.0066	0.3672	0.0765	0.0626	0.0915	0.0584	0.0931	0.092	0.043	0.135	0.1083	0.0276	0.2112	0.1359
315	0.0067	0.3664	0.077	0.0631	0.0921	0.0585	0.0932	0.0924	0.0431	0.1351	0.1086	0.0276	0.2115	0.1363
316	0.0062	0.3611	0.0766	0.0629	0.0916	0.0583	0.0927	0.0919	0.0431	0.1351	0.1084	0.0276	0.2115	0.1361
317	0.0065	0.3725	0.0765	0.0629	0.0916	0.0585	0.0932	0.0921	0.0433	0.1355	0.1086	0.0276	0.2114	0.1361
318	0.0064	0.3702	0.0764	0.0628	0.0915	0.0583	0.093	0.092	0.0433	0.1354	0.1086	0.0276	0.2116	0.1361
319	0.0065	0.3614	0.0762	0.0626	0.0913	0.0584	0.093	0.0919	0.0434	0.1357	0.1086	0.0276	0.2117	0.136
320	0.0065	0.361	0.0761	0.0625	0.0911	0.0582	0.0929	0.0917	0.0433	0.1357	0.1085	0.0276	0.2118	0.1359
321	0.0069	0.374	0.0766	0.0629	0.0916	0.0582	0.0928	0.0918	0.0432	0.1354	0.1085	0.0276	0.2115	0.136
322	0.0065	0.3613	0.0765	0.0627	0.0915	0.058	0.0925	0.0917	0.0431	0.135	0.1083	0.0276	0.2109	0.1358
323	0.006	0.3631	0.0762	0.0624	0.0911	0.058	0.0923	0.0914	0.043	0.1346	0.108	0.0275	0.2106	0.1355
324	0.0061	0.3623	0.0764	0.0625	0.0912	0.0578	0.0917	0.0911	0.043	0.1347	0.1079	0.0275	0.2105	0.1354
325	0.0062	0.3674	0.0763	0.0622	0.091	0.0579	0.0921	0.0912	0.043	0.1344	0.1078	0.0275	0.2109	0.1354
326	0.0063	0.3662	0.0758	0.0618	0.0909	0.0577	0.092	0.0913	0.043	0.1344	0.1079	0.0275	0.2106	0.1354
327	0.006	0.3581	0.0761	0.062	0.0913	0.0577	0.0921	0.0914	0.043	0.1348	0.1082	0.0275	0.2104	0.1355
328	0.0064	0.3587	0.0761	0.062	0.0912	0.0576	0.0919	0.0914	0.043	0.1346	0.1081	0.0275	0.2104	0.1355
329	0.0066	0.3652	0.0765	0.0623	0.0915	0.0576	0.0919	0.0914	0.043	0.1348	0.1082	0.0275	0.2104	0.1356
330	0.0062	0.3664	0.076	0.0621	0.0912	0.0576	0.0921	0.0914	0.0429	0.1345	0.108	0.0275	0.21	0.1353
331	0.0063	0.366	0.0758	0.0621	0.091	0.0574	0.0915	0.091	0.0429	0.1346	0.1079	0.0275	0.2101	0.1353
332	0.0062	0.3618	0.0756	0.062	0.0908	0.0576	0.0917	0.091	0.0431	0.1351	0.108	0.0275	0.2096	0.1351
333	0.0059	0.3667	0.0756	0.0618	0.0906	0.0577	0.0921	0.0911	0.043	0.1347	0.1077	0.0275	0.21	0.1351
334	0.0058	0.36	0.0756	0.0615	0.0906	0.0577	0.0923	0.0913	0.0431	0.1348	0.1079	0.0275	0.2102	0.1352
335	0.0063	0.3707	0.0753	0.0614	0.0904	0.0578	0.0924	0.0912	0.043	0.1346	0.1078	0.0275	0.2102	0.1352
336	0.0061	0.3699	0.0751	0.0614	0.0903	0.0577	0.0918	0.0911	0.043	0.1347	0.1078	0.0274	0.21	0.1351
337	0.0064	0.3716	0.0754	0.0614	0.0906	0.0577	0.0916	0.0911	0.043	0.1346	0.1079	0.0275	0.2102	0.1353
338	0.0062	0.3652	0.0752	0.0613	0.0905	0.0577	0.0916	0.0911	0.043	0.1346	0.1079	0.0275	0.2101	0.1353
339	0.0064	0.3602	0.0751	0.0612	0.0904	0.0579	0.0919	0.0913	0.0431	0.135	0.1081	0.0275	0.2102	0.1353
340	0.0062	0.3616	0.0753	0.0614	0.0906	0.058	0.0918	0.0913	0.0429	0.1345	0.1079	0.0276	0.2109	0.1355
341	0.006	0.3633	0.0752	0.0612	0.0905	0.0581	0.0924	0.0915	0.043	0.1346	0.1079	0.0275	0.2107	0.1355
342	0.0065	0.3677	0.0749	0.0609	0.0901	0.058	0.0926	0.0914	0.043	0.1345	0.1077	0.0276	0.2108	0.1353
343	0.0061	0.3593	0.0752	0.0612	0.0904	0.058	0.0924	0.0914	0.0431	0.1351	0.1081	0.0275	0.2107	0.1354
344	0.0063	0.366	0.0755	0.0615	0.0907	0.0581	0.0925	0.0915	0.043	0.1346	0.108	0.0275	0.2107	0.1355
345	0.0061	0.3637	0.0758	0.0617	0.0908	0.0581	0.0926	0.0916	0.043	0.1346	0.108	0.0275	0.2104	0.1354
346	0.0057	0.353	0.0761	0.0618	0.0911	0.0582	0.0929	0.0918	0.0431	0.1353	0.1083	0.0275	0.2106	0.1356
347	0.0062	0.3683	0.0761	0.0618	0.0909	0.0582	0.0928	0.0916	0.0431	0.1352	0.1081	0.0275	0.2102	0.1353
348	0.0063	0.3653	0.0763	0.0621	0.091	0.0582	0.0928	0.0915	0.0431	0.1349	0.108	0.0275	0.2103	0.1353
349	0.0057	0.3612	0.0763	0.0621	0.091	0.0584	0.0933	0.0918	0.0432	0.1354	0.1082	0.0275	0.2105	0.1354
350	0.0058	0.361	0.0763	0.0621	0.0911	0.0582	0.0928	0.0917	0.0431	0.1354	0.1083	0.0275	0.2105	0.1354
351	0.006	0.3605	0.0762	0.0622	0.0911	0.0581	0.0928	0.0916	0.0432	0.1355	0.1083	0.0274	0.2103	0.1354
352	0.0059	0.3623	0.076	0.062	0.091	0.0583	0.0931	0.0918	0.0433	0.1355	0.1084	0.0274	0.2103	0.1354
353	0.006	0.3618	0.0761	0.0619	0.091	0.0581	0.0928	0.0916	0.0433	0.1355	0.1083	0.0274	0.2101	0.1352
354	0.0061	0.3652	0.0761	0.0618	0.0909	0.058	0.0928	0.0915	0.0433	0.1357	0.1083	0.0274	0.2097	0.1351
355	0.0061	0.3669	0.076	0.0617	0.0908	0.0578	0.0926	0.0913	0.0433	0.1357	0.1082	0.0274	0.2097	0.135
356	0.0065	0.3721	0.0758	0.0614	0.0906	0.0577	0.0925	0.0912	0.0433	0.1358	0.1083	0.0274	0.2097	0.135
357	0.006	0.3678	0.0758	0.0615	0.0904	0.0576	0.0924	0.091	0.0433	0.1357	0.108	0.0273	0.2095	0.1347
358	0.0062	0.3621	0.0756	0.0614	0.0901	0.0577	0.0926	0.0909	0.0434	0.136	0.108	0.0273	0.2092	0.1344
359	0.006	0.3745	0.0753	0.0613	0.0899	0.0577	0.0924	0.0909	0.0435	0.1363	0.1081	0.0273	0.2091	0.1344
360	0.0059	0.3708	0.0752	0.0612	0.09	0.0577	0.0924	0.091	0.0434	0.136	0.1081	0.0273	0.2098	0.1347
361	0.0064	0.363	0.0754	0.0616	0.0903	0.058	0.093	0.0914	0.0434	0.1361	0.1083	0.0273	0.2094	0.1348
362	0.0062	0.3765	0.0753	0.0616	0.0901	0.0577	0.0925	0.091	0.0434	0.1363	0.1082	0.0273	0.2091	0.1346
363	0.0061	0.3666	0.0755	0.0617	0.0903	0.0576	0.0924	0.0911	0.0433	0.1359	0.1082	0.0272	0.2091	0.1346
364	0.0062	0.3704	0.0756	0.0618	0.0905	0.0577	0.0927	0.0912	0.0432	0.1355	0.1081	0.0272	0.2092	0.1346
365	0.0061	0.368	0.0754	0.0619	0.0904	0.0577	0.0927	0.0912	0.0431	0.135	0.1078	0.0273	0.2095	0.1347
366	0.0056	0.3597	0.0753	0.0617	0.0903	0.0577	0.0924	0.0911	0.0431	0.135	0.1078	0.0272	0.2092	0.1345
367	0.0061	0.3626	0.0756	0.0619	0.0905	0.0575	0.0921	0.0909	0.0431	0.1351	0.1078	0.0272	0.209	0.1345
368	0.006	0.3726	0.0754	0.0618	0.0905	0.0575	0.092	0.0909	0.0432	0.1354	0.108	0.0272	0.2091	0.1346
369	0.0058	0.3642	0.0751	0.0615	0.0901	0.0572	0.0913	0.0905	0.0431	0.1349	0.1076	0.0273	0.2095	0.1345
370	0.0056	0.3624	0.0751	0.0615	0.0902	0.0573	0.0915	0.0907	0.0431	0.1351	0.1079	0.0273	0.2093	0.1346
371	0.0057	0.3689	0.0754	0.0617	0.0905	0.0572	0.0912	0.0906	0.0431	0.1352	0.1079	0.0272	0.2092	0.1345
372	0.0064	0.3646	0.075	0.0615	0.0902	0.0571	0.0912	0.0905	0.043	0.1351	0.1077	0.0272	0.2092	0.1345
373	0.006	0.37	0.0749	0.0614	0.0901	0.057	0.0912	0.0904	0.0428	0.1344	0.1073	0.0272	0.2094	0.1344
374	0.0059	0.3656	0.0752	0.0617	0.0901	0.0574	0.0917	0.0906	0.0428	0.1341	0.1072	0.0272	0.2092	0.1343
375	0.0059	0.3674	0.0752	0.0617	0.0902	0.0572	0.0914	0.0906	0.0429	0.1344	0.1074	0.0272	0.2099	0.1345
376	0.006	0.369	0.0753	0.0618	0.0902	0.0573	0.0912	0.0905	0.0428	0.134	0.1072	0.0273	0.2098	0.1345
377	0.0062	0.3593	0.075	0.0615	0.09	0.0573	0.0912	0.0905	0.0427	0.1338	0.1071	0.0273	0.2098	0.1344
378	0.0058	0.3729	0.0749	0.0617	0.0901	0.0576	0.0917	0.0908	0.0429	0.1343	0.1075	0.0272	0.209	0.1344
379	0.0062	0.3648	0.0751	0.0614	0.0901	0.0575	0.0915	0.0907	0.043	0.1344	0.1074	0.0272	0.2084	0.1342
380	0.0059	0.3765	0.0754	0.0617	0.0902	0.0575	0.0915	0.0907	0.043	0.1343	0.1074	0.0271	0.2082	0.134
381	0.0063	0.3668	0.0751	0.0615	0.0901	0.0574	0.0916	0.0907	0.043	0.1345	0.1075	0.0272	0.2088	0.1342
382	0.0057	0.3631	0.075	0.0616	0.09	0.0572	0.0911	0.0904	0.0429	0.134	0.1073	0.0271	0.2081	0.134
383	0.0063	0.3682	0.0749	0.0614	0.0901	0.0573	0.0914	0.0907	0.0428	0.1336	0.1073	0.0272	0.2087	0.1343
384	0.0058	0.37	0.0746	0.0612	0.09	0.0571	0.0911	0.0906	0.0427	0.1333	0.1072	0.0272	0.2083	0.1342
385	0.0061	0.3632	0.075	0.0615	0.0902	0.0573	0.0913	0.0906	0.0427	0.1332	0.1071	0.0271	0.2078	0.134
386	0.0062	0.3685	0.075	0.0615	0.0902	0.057	0.0913	0.0905	0.0426	0.1331	0.107	0.0271	0.2078	0.1339
387	0.006	0.3586	0.075	0.0617	0.0901	0.057	0.0913	0.0904	0.0426	0.1332	0.1069	0.0271	0.2075	0.1338
388	0.0059	0.3666	0.0753	0.0619	0.0904	0.057	0.0912	0.0905	0.0426	0.1332	0.107	0.0271	0.2075	0.1339
389	0.0054	0.3539	0.075	0.0616	0.0902	0.0569	0.0909	0.0904	0.0425	0.133	0.1069	0.0271	0.2078	0.1339
390	0.006	0.3628	0.0752	0.0616	0.0902	0.0571	0.0913	0.0905	0.0425	0.133	0.1068	0.0271	0.2075	0.1337
391	0.0058	0.3612	0.0752	0.0616	0.0901	0.0572	0.0914	0.0904	0.0425	0.1327	0.1066	0.0271	0.2075	0.1337
392	0.0057	0.3632	0.0747	0.0611	0.0896	0.0569	0.0911	0.0901	0.0425	0.1327	0.1064	0.0271	0.207	0.1333
393	0.0057	0.359	0.0747	0.0608	0.0894	0.057	0.0912	0.09	0.0424	0.1323	0.1062	0.0271	0.207	0.1332
394	0.0056	0.3637	0.0745	0.0607	0.0891	0.0568	0.0908	0.0897	0.0423	0.1323	0.106	0.0271	0.2068	0.133
395	0.0061	0.3742	0.0748	0.0611	0.0894	0.0568	0.0909	0.0898	0.0424	0.1329	0.1062	0.027	0.2067	0.133
396	0.0057	0.3618	0.0744	0.0608	0.089	0.0569	0.091	0.0897	0.0424	0.1331	0.1062	0.027	0.2067	0.1328
397	0.0053	0.3614	0.0745	0.061	0.0892	0.057	0.0912	0.0898	0.0425	0.1333	0.1063	0.027	0.2064	0.1328
398	0.0057	0.3603	0.0745	0.0609	0.0891	0.057	0.0916	0.09	0.0425	0.1334	0.1063	0.027	0.2068	0.1329
399	0.0056	0.3566	0.0743	0.0607	0.089	0.057	0.0915	0.0899	0.0424	0.1332	0.1062	0.027	0.2069	0.1329
400	0.0056	0.3632	0.0741	0.0605	0.0888	0.0568	0.0912	0.0897	0.0425	0.1332	0.1062	0.027	0.2067	0.1327
401	0.0058	0.3612	0.0741	0.0606	0.0887	0.0569	0.0913	0.0897	0.0425	0.1334	0.1062	0.027	0.2069	0.1328
402	0.0054	0.3615	0.0741	0.0606	0.0888	0.057	0.0918	0.09	0.0425	0.1337	0.1064	0.027	0.2071	0.133
403	0.006	0.3628	0.0742	0.0606	0.0887	0.0568	0.0914	0.0897	0.0424	0.1335	0.1062	0.0271	0.2073	0.133
404	0.0056	0.3708	0.0743	0.061	0.0889	0.0567	0.0911	0.0896	0.0424	0.1334	0.1061	0.027	0.2066	0.1328
405	0.0058	0.3648	0.0742	0.0607	0.0891	0.0568	0.0913	0.09	0.0424	0.1335	0.1064	0.027	0.2068	0.1331
406	0.006	0.3625	0.0741	0.0607	0.0891	0.0569	0.0916	0.09	0.0423	0.1332	0.1063	0.0271	0.2068	0.1331
407	0.0057	0.368	0.0743	0.0607	0.0894	0.057	0.0914	0.0902	0.0423	0.1334	0.1066	0.027	0.2065	0.1332
408	0.0056	0.3663	0.0742	0.0607	0.0894	0.0571	0.0915	0.0903	0.0423	0.1333	0.1066	0.0271	0.2067	0.1334
409	0.0057	0.3648	0.0738	0.0604	0.0891	0.0572	0.0917	0.0905	0.0424	0.1335	0.1067	0.0271	0.2067	0.1334
410	0.0053	0.3639	0.0739	0.0605	0.0891	0.0569	0.0913	0.0902	0.0424	0.1335	0.1066	0.027	0.2066	0.1333
411	0.0055	0.3607	0.0742	0.0606	0.0893	0.0569	0.091	0.0901	0.0424	0.1335	0.1066	0.0271	0.2067	0.1333
412	0.0058	0.3663	0.0741	0.0606	0.0892	0.0569	0.0911	0.09	0.0423	0.1334	0.1064	0.0271	0.2073	0.1334
413	0.0055	0.3641	0.0744	0.061	0.0893	0.057	0.0914	0.0901	0.0422	0.1328	0.1061	0.0271	0.2072	0.1332
414	0.0054	0.3738	0.0744	0.0611	0.0893	0.0571	0.0915	0.0901	0.0421	0.1324	0.106	0.0271	0.2074	0.1333
415	0.006	0.3699	0.0741	0.0605	0.0889	0.0571	0.0916	0.09	0.0422	0.1329	0.106	0.0271	0.2075	0.1332
416	0.0059	0.3671	0.0745	0.0607	0.089	0.0571	0.0916	0.09	0.0421	0.1326	0.1059	0.0271	0.2076	0.1332
417	0.0054	0.3646	0.0746	0.0608	0.0892	0.0571	0.0917	0.0901	0.0422	0.1328	0.1061	0.0271	0.2068	0.133
418	0.0058	0.3734	0.0748	0.0612	0.0895	0.0571	0.0916	0.0902	0.0423	0.1328	0.1062	0.0271	0.207	0.1332
419	0.0057	0.3694	0.075	0.0614	0.0898	0.0572	0.0915	0.0903	0.0424	0.1333	0.1066	0.0271	0.2071	0.1334
420	0.0057	0.3614	0.075	0.0613	0.0899	0.0571	0.0914	0.0903	0.0424	0.1337	0.1067	0.0271	0.207	0.1334
421	0.0058	0.3701	0.0748	0.0612	0.0894	0.057	0.0911	0.0899	0.0424	0.1336	0.1064	0.027	0.2066	0.1329
422	0.0051	0.3654	0.0748	0.061	0.0892	0.0569	0.0909	0.0897	0.0424	0.1335	0.1062	0.027	0.2065	0.1328
423	0.0056	0.3612	0.0751	0.0613	0.0895	0.057	0.0909	0.0898	0.0424	0.1335	0.1063	0.027	0.2066	0.1329
424	0.0055	0.3748	0.0752	0.0614	0.0896	0.0569	0.0908	0.0897	0.0423	0.1335	0.1063	0.027	0.2066	0.1329
425	0.0058	0.3577	0.0754	0.0613	0.0899	0.057	0.091	0.09	0.0423	0.1338	0.1065	0.027	0.2065	0.1331
426	0.0054	0.3564	0.0752	0.0615	0.0898	0.0568	0.0908	0.0899	0.0423	0.1335	0.1064	0.027	0.2069	0.1332
427	0.0053	0.3654	0.0753	0.0617	0.0899	0.0567	0.0906	0.0898	0.0422	0.1334	0.1064	0.027	0.2069	0.1331
428	0.0061	0.3597	0.0751	0.0614	0.0895	0.0566	0.0904	0.0895	0.0422	0.1333	0.1061	0.027	0.2068	0.1329
429	0.0055	0.3665	0.0751	0.0616	0.0895	0.0566	0.09	0.0893	0.0423	0.1335	0.1061	0.0269	0.2067	0.1327
430	0.0058	0.3656	0.0751	0.0611	0.0893	0.0566	0.0901	0.0893	0.0423	0.1335	0.1061	0.0269	0.2068	0.1327
431	0.0055	0.3627	0.0751	0.0614	0.0893	0.0566	0.0901	0.0893	0.0423	0.1336	0.106	0.027	0.2069	0.1327
432	0.0059	0.3727	0.0753	0.0613	0.0896	0.0566	0.0901	0.0894	0.0423	0.1334	0.1061	0.0269	0.2068	0.1327
433	0.0053	0.3551	0.0751	0.0612	0.0894	0.0567	0.0901	0.0893	0.0423	0.1335	0.1061	0.0269	0.2063	0.1326
434	0.0053	0.372	0.075	0.0615	0.0894	0.0563	0.0895	0.089	0.0423	0.1334	0.106	0.0269	0.2063	0.1325
435	0.0057	0.363	0.0751	0.0613	0.0894	0.0563	0.0895	0.089	0.0423	0.1334	0.106	0.0269	0.206	0.1324
436	0.0061	0.3685	0.0755	0.0616	0.0897	0.0564	0.0896	0.0891	0.0423	0.1335	0.1061	0.0269	0.2061	0.1325
437	0.0059	0.3739	0.0752	0.0614	0.0896	0.0566	0.0898	0.0893	0.0424	0.1339	0.1064	0.027	0.2068	0.1329
438	0.0055	0.3696	0.0753	0.0616	0.0897	0.0566	0.09	0.0895	0.0425	0.134	0.1065	0.027	0.2069	0.133
439	0.0061	0.3634	0.0753	0.0615	0.0899	0.0565	0.0899	0.0897	0.0424	0.1338	0.1067	0.0269	0.2067	0.1331
440	0.0055	0.3776	0.0754	0.0615	0.09	0.0566	0.0901	0.0898	0.0425	0.1339	0.1067	0.0269	0.2068	0.1332
441	0.0058	0.362	0.0757	0.062	0.0902	0.0564	0.0898	0.0895	0.0423	0.1335	0.1065	0.0269	0.2065	0.133
442	0.0057	0.3675	0.0757	0.0616	0.0899	0.0566	0.0902	0.0896	0.0423	0.1333	0.1062	0.0269	0.2065	0.1329
443	0.0055	0.3634	0.0756	0.0616	0.0898	0.0564	0.0902	0.0894	0.0423	0.1334	0.1062	0.0269	0.2064	0.1328
444	0.0057	0.3731	0.0754	0.0613	0.0899	0.0567	0.0906	0.0899	0.0423	0.1335	0.1065	0.0269	0.2063	0.133
445	0.0053	0.3663	0.0753	0.0612	0.0898	0.0568	0.0906	0.0899	0.0423	0.1334	0.1065	0.0269	0.2062	0.1329
446	0.0054	0.3643	0.0755	0.061	0.09	0.0566	0.0902	0.0898	0.0423	0.1334	0.1066	0.0269	0.2062	0.133
447	0.0054	0.3681	0.0754	0.0609	0.0899	0.0564	0.09	0.0897	0.0423	0.1331	0.1064	0.0269	0.2061	0.1329
448	0.0052	0.3617	0.0751	0.0605	0.0895	0.0564	0.09	0.0895	0.0424	0.1333	0.1063	0.0268	0.206	0.1327
449	0.0058	0.3718	0.0752	0.0606	0.0896	0.0564	0.0899	0.0894	0.0424	0.1335	0.1064	0.0269	0.2062	0.1327
450	0.0056	0.3661	0.0754	0.0607	0.0895	0.0562	0.0899	0.0892	0.0424	0.1334	0.1062	0.0269	0.2061	0.1325
451	0.006	0.3681	0.0756	0.0609	0.0894	0.0563	0.0901	0.089	0.0422	0.1329	0.1058	0.0268	0.2059	0.1322
452	0.0052	0.3651	0.0756	0.0609	0.0896	0.0566	0.0905	0.0895	0.0424	0.1335	0.1062	0.0268	0.2061	0.1325
453	0.0054	0.3719	0.0758	0.0614	0.09	0.0566	0.0906	0.0897	0.0423	0.1333	0.1063	0.0269	0.2064	0.1328
454	0.0055	0.3722	0.0754	0.0611	0.0897	0.0568	0.0909	0.0899	0.0424	0.1337	0.1065	0.0269	0.2064	0.1328
455	0.0054	0.3537	0.0756	0.0613	0.0901	0.0569	0.0911	0.0901	0.0424	0.1335	0.1066	0.027	0.2071	0.1332
456	0.0051	0.3569	0.0755	0.0612	0.0901	0.0569	0.0912	0.0903	0.0422	0.1331	0.1065	0.0269	0.2067	0.1332
457	0.0058	0.3623	0.0755	0.0613	0.09	0.057	0.0912	0.0902	0.0423	0.1333	0.1065	0.0269	0.2069	0.1331
458	0.0056	0.3806	0.0753	0.0612	0.09	0.0568	0.0908	0.0901	0.0423	0.1332	0.1066	0.0269	0.2069	0.1332
459	0.0056	0.3688	0.0754	0.0614	0.0902	0.0568	0.0908	0.0902	0.0423	0.1331	0.1065	0.0269	0.2064	0.1331
460	0.0055	0.3566	0.0751	0.0613	0.09	0.0566	0.0904	0.09	0.0422	0.1331	0.1065	0.0269	0.2066	0.1332
461	0.0053	0.3746	0.0751	0.0612	0.0898	0.0564	0.0901	0.0897	0.0423	0.1332	0.1064	0.0269	0.2066	0.133
462	0.0058	0.3617	0.0752	0.0614	0.0898	0.0562	0.0899	0.0894	0.0423	0.1332	0.1062	0.0269	0.2065	0.1328
463	0.0054	0.3685	0.075	0.0611	0.0897	0.0564	0.0902	0.0896	0.0424	0.1334	0.1064	0.0269	0.2069	0.1329
464	0.0058	0.379	0.0751	0.0613	0.0899	0.0563	0.0903	0.0897	0.0423	0.1333	0.1064	0.027	0.2069	0.1331
465	0.0051	0.3598	0.0752	0.0616	0.09	0.0561	0.0901	0.0896	0.0423	0.1333	0.1064	0.0269	0.2066	0.133
466	0.0056	0.3732	0.0751	0.0612	0.0898	0.0563	0.0902	0.0896	0.0423	0.1333	0.1063	0.0269	0.2066	0.1329
467	0.0054	0.3716	0.0754	0.0614	0.09	0.0565	0.0905	0.0898	0.0423	0.133	0.1064	0.0269	0.2066	0.133
468	0.0054	0.3695	0.0755	0.0616	0.0901	0.0566	0.0908	0.0899	0.0422	0.1331	0.1063	0.0269	0.2065	0.1329
469	0.0054	0.3711	0.0753	0.0613	0.0896	0.0565	0.0907	0.0896	0.0422	0.1331	0.106	0.0269	0.2065	0.1326
470	0.0052	0.3667	0.0753	0.0613	0.0895	0.0566	0.0908	0.0895	0.0421	0.1329	0.1058	0.0269	0.2067	0.1325
471	0.0052	0.3657	0.075	0.061	0.0892	0.0568	0.0911	0.0895	0.0421	0.1328	0.1057	0.0268	0.2064	0.1323
472	0.0056	0.3635	0.075	0.0609	0.0892	0.0568	0.091	0.0896	0.042	0.1327	0.1056	0.0268	0.2064	0.1323
473	0.005	0.3623	0.075	0.0607	0.0891	0.0569	0.0909	0.0895	0.0419	0.1325	0.1054	0.0269	0.2067	0.1323
474	0.0052	0.3684	0.075	0.0609	0.089	0.0568	0.091	0.0894	0.0419	0.1325	0.1053	0.0269	0.2065	0.1321
475	0.0053	0.3732	0.0749	0.0608	0.0889	0.0566	0.0904	0.0891	0.0419	0.1323	0.1052	0.0268	0.2063	0.132
476	0.0051	0.3697	0.0745	0.0606	0.0887	0.0565	0.0902	0.089	0.0418	0.1319	0.105	0.0268	0.2061	0.1319
477	0.0055	0.3751	0.0748	0.0607	0.0889	0.0565	0.0902	0.0891	0.0417	0.1318	0.105	0.0268	0.2063	0.1319
478	0.0051	0.3686	0.0747	0.0606	0.0889	0.0566	0.0905	0.0893	0.0417	0.1315	0.1051	0.0268	0.2061	0.132
479	0.0056	0.3554	0.0746	0.0605	0.0887	0.0564	0.0902	0.0891	0.0418	0.1318	0.1051	0.0268	0.2059	0.1319
480	0.005	0.3741	0.0743	0.0603	0.0884	0.0562	0.09	0.0889	0.0417	0.1316	0.1049	0.0267	0.2057	0.1317
481	0.0053	0.366	0.0743	0.0604	0.0885	0.0563	0.0901	0.0889	0.0417	0.1317	0.105	0.0268	0.2059	0.1318
482	0.005	0.3699	0.0744	0.0602	0.0884	0.0564	0.0902	0.0888	0.0416	0.1313	0.1047	0.0267	0.2059	0.1316
483	0.0051	0.3598	0.0745	0.0606	0.0884	0.0562	0.09	0.0887	0.0416	0.131	0.1045	0.0267	0.2057	0.1315
484	0.0055	0.3695	0.0742	0.0605	0.0883	0.0562	0.0901	0.0887	0.0417	0.1313	0.1046	0.0267	0.2055	0.1314
485	0.0055	0.3662	0.0741	0.0603	0.0881	0.0559	0.0898	0.0884	0.0416	0.1312	0.1045	0.0266	0.2052	0.1312
486	0.0049	0.3668	0.0739	0.06	0.088	0.056	0.0899	0.0884	0.0417	0.1315	0.1046	0.0266	0.2051	0.1312
487	0.0056	0.3691	0.074	0.0601	0.0881	0.0561	0.0898	0.0885	0.0416	0.1311	0.1044	0.0266	0.2051	0.1312
488	0.0053	0.3707	0.0742	0.0602	0.0882	0.056	0.0896	0.0885	0.0416	0.1311	0.1045	0.0266	0.205	0.1312
489	0.0053	0.3734	0.074	0.06	0.0881	0.056	0.0896	0.0884	0.0416	0.1312	0.1045	0.0266	0.2049	0.1311
490	0.005	0.3725	0.0736	0.0601	0.0878	0.056	0.0898	0.0883	0.0417	0.1317	0.1045	0.0266	0.2047	0.1309
491	0.0054	0.3684	0.0735	0.06	0.0876	0.0559	0.0896	0.0882	0.0416	0.1311	0.1043	0.0265	0.2042	0.1307
492	0.0052	0.3691	0.074	0.0604	0.0882	0.056	0.0897	0.0885	0.0416	0.1311	0.1045	0.0266	0.2044	0.131
493	0.0054	0.3735	0.074	0.0603	0.0883	0.056	0.0897	0.0886	0.0416	0.1312	0.1047	0.0266	0.2044	0.1312
494	0.0053	0.3738	0.0739	0.0602	0.0883	0.0559	0.0895	0.0886	0.0416	0.1313	0.1047	0.0266	0.2048	0.1313
495	0.0049	0.3703	0.074	0.0603	0.0882	0.0559	0.0893	0.0883	0.0415	0.131	0.1044	0.0266	0.205	0.1312
496	0.0057	0.3741	0.0742	0.0604	0.0884	0.056	0.0892	0.0884	0.0415	0.131	0.1045	0.0266	0.2048	0.1312
497	0.0054	0.3703	0.0739	0.06	0.0882	0.056	0.0894	0.0886	0.0416	0.1313	0.1048	0.0266	0.2048	0.1313
498	0.0052	0.3662	0.0735	0.0598	0.0881	0.056	0.0894	0.0887	0.0415	0.1309	0.1047	0.0266	0.2046	0.1313
499	0.0054	0.3706	0.0733	0.0596	0.088	0.0561	0.0894	0.0887	0.0415	0.1312	0.1048	0.0266	0.2048	0.1314
500	0.0054	0.3677	0.0736	0.0596	0.0881	0.056	0.0895	0.0887	0.0414	0.131	0.1046	0.0266	0.2049	0.1314
