{"n_layers": 2, "device": "cuda", "batch_size": 2048, "embedding_dim": 128, "learning_rate": 0.0005, "dataset": "dbbook", "epochs": 150, "top_k": 20, "multimodal": true, "datasets": {"dbbook": ["images", "text"], "ml1m": ["audio", "images", "text", "video"]}}
Epoch	Loss	Recall	Precision	NDCG
1	0.6927	0.0135	0.0044	0.0097
2	0.6915	0.0336	0.0114	0.0267
3	0.6901	0.0540	0.0189	0.0442
4	0.6882	0.0684	0.0240	0.0530
5	0.6854	0.0741	0.0263	0.0559
6	0.6813	0.0753	0.0269	0.0557
7	0.6755	0.0744	0.0265	0.0537
8	0.6675	0.0728	0.0262	0.0516
9	0.6570	0.0714	0.0259	0.0494
10	0.6439	0.0697	0.0255	0.0477
11	0.6279	0.0684	0.0251	0.0462
12	0.6094	0.0669	0.0246	0.0448
13	0.5896	0.0665	0.0245	0.0442
14	0.5686	0.0658	0.0243	0.0435
15	0.5459	0.0652	0.0240	0.0431
16	0.5242	0.0654	0.0241	0.0430
17	0.5026	0.0649	0.0240	0.0428
18	0.4833	0.0648	0.0240	0.0427
19	0.4641	0.0646	0.0239	0.0426
20	0.4453	0.0642	0.0238	0.0424
21	0.4296	0.0642	0.0237	0.0425
22	0.4138	0.0640	0.0237	0.0426
23	0.4010	0.0640	0.0237	0.0426
24	0.3887	0.0642	0.0237	0.0427
25	0.3760	0.0640	0.0237	0.0428
26	0.3652	0.0645	0.0239	0.0430
27	0.3570	0.0650	0.0241	0.0434
28	0.3464	0.0654	0.0242	0.0436
29	0.3390	0.0660	0.0244	0.0440
30	0.3302	0.0661	0.0245	0.0442
31	0.3205	0.0663	0.0246	0.0444
32	0.3155	0.0668	0.0247	0.0447
33	0.3090	0.0671	0.0249	0.0450
34	0.3014	0.0675	0.0250	0.0453
35	0.2959	0.0678	0.0251	0.0456
36	0.2918	0.0682	0.0253	0.0459
37	0.2868	0.0682	0.0253	0.0460
38	0.2800	0.0683	0.0253	0.0462
39	0.2751	0.0688	0.0255	0.0465
40	0.2691	0.0693	0.0257	0.0469
41	0.2635	0.0698	0.0258	0.0473
42	0.2611	0.0698	0.0258	0.0475
43	0.2598	0.0704	0.0260	0.0480
44	0.2542	0.0710	0.0262	0.0485
45	0.2500	0.0716	0.0263	0.0488
46	0.2449	0.0714	0.0263	0.0489
47	0.2417	0.0722	0.0265	0.0493
48	0.2363	0.0728	0.0266	0.0496
49	0.2323	0.0728	0.0267	0.0497
50	0.2331	0.0733	0.0268	0.0501
51	0.2268	0.0739	0.0269	0.0504
52	0.2259	0.0741	0.0270	0.0507
53	0.2211	0.0744	0.0270	0.0511
54	0.2228	0.0746	0.0271	0.0514
55	0.2164	0.0748	0.0272	0.0519
56	0.2127	0.0750	0.0273	0.0522
57	0.2078	0.0752	0.0274	0.0526
58	0.2058	0.0756	0.0275	0.0528
59	0.2046	0.0761	0.0276	0.0533
60	0.2014	0.0768	0.0278	0.0538
61	0.1993	0.0773	0.0279	0.0540
62	0.1947	0.0780	0.0281	0.0545
63	0.1913	0.0785	0.0283	0.0549
64	0.1911	0.0792	0.0284	0.0552
65	0.1891	0.0795	0.0285	0.0554
66	0.1869	0.0793	0.0285	0.0555
67	0.1849	0.0802	0.0288	0.0559
68	0.1810	0.0807	0.0289	0.0563
69	0.1817	0.0814	0.0291	0.0567
70	0.1760	0.0817	0.0292	0.0569
71	0.1760	0.0821	0.0294	0.0571
72	0.1739	0.0827	0.0295	0.0575
73	0.1707	0.0830	0.0296	0.0577
74	0.1681	0.0835	0.0297	0.0580
75	0.1654	0.0836	0.0298	0.0581
76	0.1667	0.0839	0.0299	0.0584
77	0.1634	0.0844	0.0300	0.0588
78	0.1637	0.0847	0.0301	0.0590
79	0.1579	0.0852	0.0303	0.0593
80	0.1585	0.0859	0.0305	0.0597
81	0.1582	0.0857	0.0305	0.0598
82	0.1545	0.0860	0.0305	0.0601
83	0.1519	0.0864	0.0307	0.0603
84	0.1522	0.0865	0.0307	0.0604
85	0.1491	0.0868	0.0309	0.0607
86	0.1460	0.0873	0.0309	0.0609
87	0.1439	0.0878	0.0310	0.0611
88	0.1428	0.0880	0.0311	0.0612
89	0.1424	0.0881	0.0311	0.0613
90	0.1424	0.0887	0.0313	0.0617
91	0.1400	0.0891	0.0314	0.0622
92	0.1401	0.0891	0.0314	0.0624
93	0.1360	0.0892	0.0316	0.0626
94	0.1364	0.0895	0.0317	0.0629
95	0.1346	0.0897	0.0318	0.0631
96	0.1325	0.0900	0.0319	0.0633
97	0.1322	0.0903	0.0320	0.0636
98	0.1295	0.0905	0.0321	0.0638
99	0.1302	0.0908	0.0321	0.0640
100	0.1260	0.0913	0.0322	0.0643
101	0.1263	0.0916	0.0324	0.0648
102	0.1263	0.0917	0.0324	0.0649
103	0.1264	0.0924	0.0325	0.0653
104	0.1219	0.0930	0.0327	0.0657
105	0.1203	0.0932	0.0328	0.0659
106	0.1202	0.0937	0.0329	0.0662
107	0.1204	0.0939	0.0330	0.0664
108	0.1176	0.0944	0.0332	0.0667
109	0.1149	0.0946	0.0332	0.0668
110	0.1138	0.0947	0.0332	0.0670
111	0.1137	0.0950	0.0333	0.0671
112	0.1149	0.0954	0.0335	0.0674
113	0.1123	0.0956	0.0335	0.0675
114	0.1105	0.0957	0.0336	0.0677
115	0.1107	0.0959	0.0336	0.0678
116	0.1082	0.0965	0.0338	0.0681
117	0.1065	0.0968	0.0339	0.0683
118	0.1098	0.0968	0.0339	0.0685
119	0.1057	0.0971	0.0340	0.0687
120	0.1070	0.0978	0.0342	0.0691
121	0.1031	0.0978	0.0342	0.0691
122	0.1056	0.0981	0.0344	0.0693
123	0.1011	0.0990	0.0346	0.0697
124	0.1017	0.0991	0.0347	0.0699
125	0.0999	0.0990	0.0347	0.0699
126	0.1009	0.0993	0.0348	0.0702
127	0.0998	0.0995	0.0349	0.0704
128	0.1001	0.0995	0.0349	0.0706
129	0.0984	0.0997	0.0349	0.0708
130	0.0964	0.1002	0.0351	0.0711
131	0.0968	0.1007	0.0352	0.0714
132	0.0967	0.1011	0.0353	0.0717
133	0.0932	0.1013	0.0354	0.0718
134	0.0922	0.1017	0.0355	0.0721
135	0.0934	0.1018	0.0355	0.0722
136	0.0924	0.1021	0.0356	0.0724
137	0.0926	0.1022	0.0356	0.0726
138	0.0894	0.1023	0.0356	0.0728
139	0.0894	0.1027	0.0357	0.0730
140	0.0883	0.1028	0.0358	0.0731
141	0.0870	0.1030	0.0358	0.0733
142	0.0883	0.1033	0.0359	0.0734
143	0.0849	0.1040	0.0361	0.0738
144	0.0874	0.1040	0.0361	0.0739
145	0.0878	0.1038	0.0360	0.0740
146	0.0857	0.1043	0.0361	0.0741
147	0.0844	0.1043	0.0361	0.0742
148	0.0843	0.1045	0.0362	0.0743
149	0.0834	0.1048	0.0363	0.0746
150	0.0810	0.1050	0.0364	0.0748
