{"n_layers": 0, "device": "cuda", "batch_size": 2048, "embedding_dim": 1024, "learning_rate": 0.001, "dataset": "dbbook", "epochs": 150, "top_k": 50, "model": "ef-mmlgcn", "fusion": "attention", "multimodal": true, "datasets": {"dbbook": ["images", "text"], "ml1m": ["audio", "images", "text", "video"]}}
Epoch	Loss	Recall	Precision	NDCG
1	0.6932	0.0115	0.0015	0.0057
2	0.6855	0.0225	0.0029	0.0119
3	0.6764	0.0603	0.0081	0.0400
4	0.6621	0.1138	0.0155	0.0744
5	0.6388	0.1520	0.0208	0.0967
6	0.6033	0.1674	0.0230	0.1055
7	0.5542	0.1763	0.0244	0.1105
8	0.4940	0.1800	0.0250	0.1128
9	0.4294	0.1813	0.0253	0.1136
10	0.3671	0.1838	0.0256	0.1151
11	0.3127	0.1860	0.0259	0.1165
12	0.2662	0.1880	0.0261	0.1181
13	0.2288	0.1897	0.0263	0.1196
14	0.1994	0.1915	0.0266	0.1212
15	0.1714	0.1928	0.0267	0.1221
16	0.1501	0.1947	0.0269	0.1230
17	0.1320	0.1959	0.0270	0.1240
18	0.1179	0.1973	0.0271	0.1251
19	0.1046	0.1994	0.0273	0.1259
20	0.0934	0.2001	0.0274	0.1267
21	0.0846	0.2021	0.0277	0.1281
22	0.0754	0.2032	0.0278	0.1288
23	0.0681	0.2046	0.0279	0.1295
24	0.0624	0.2054	0.0280	0.1300
25	0.0562	0.2057	0.0281	0.1303
26	0.0517	0.2067	0.0282	0.1310
27	0.0482	0.2070	0.0282	0.1317
28	0.0445	0.2074	0.0282	0.1317
29	0.0413	0.2084	0.0283	0.1323
30	0.0385	0.2097	0.0284	0.1329
31	0.0361	0.2106	0.0284	0.1334
32	0.0340	0.2110	0.0285	0.1339
33	0.0317	0.2122	0.0286	0.1341
34	0.0296	0.2128	0.0286	0.1346
35	0.0282	0.2131	0.0286	0.1347
36	0.0268	0.2127	0.0286	0.1343
37	0.0257	0.2120	0.0285	0.1342
38	0.0242	0.2119	0.0285	0.1345
39	0.0229	0.2123	0.0286	0.1348
40	0.0216	0.2118	0.0285	0.1348
41	0.0210	0.2119	0.0285	0.1351
42	0.0201	0.2119	0.0285	0.1352
43	0.0193	0.2123	0.0285	0.1354
44	0.0186	0.2127	0.0285	0.1356
45	0.0184	0.2126	0.0285	0.1360
46	0.0171	0.2131	0.0285	0.1363
47	0.0170	0.2136	0.0286	0.1365
48	0.0162	0.2144	0.0286	0.1368
49	0.0158	0.2143	0.0286	0.1366
50	0.0151	0.2145	0.0286	0.1367
51	0.0147	0.2145	0.0287	0.1364
52	0.0148	0.2146	0.0287	0.1369
53	0.0138	0.2150	0.0288	0.1371
54	0.0139	0.2149	0.0288	0.1374
55	0.0136	0.2157	0.0288	0.1374
56	0.0129	0.2156	0.0288	0.1377
57	0.0130	0.2161	0.0288	0.1379
58	0.0128	0.2168	0.0288	0.1381
59	0.0122	0.2170	0.0288	0.1380
60	0.0122	0.2161	0.0287	0.1374
61	0.0122	0.2155	0.0287	0.1372
62	0.0113	0.2151	0.0287	0.1375
63	0.0114	0.2153	0.0287	0.1377
64	0.0115	0.2149	0.0287	0.1377
65	0.0110	0.2150	0.0287	0.1378
66	0.0110	0.2152	0.0288	0.1381
67	0.0105	0.2157	0.0288	0.1382
68	0.0110	0.2150	0.0287	0.1379
69	0.0104	0.2153	0.0287	0.1380
70	0.0106	0.2151	0.0287	0.1381
71	0.0103	0.2161	0.0288	0.1384
72	0.0101	0.2163	0.0288	0.1385
73	0.0102	0.2161	0.0287	0.1384
74	0.0095	0.2166	0.0288	0.1387
75	0.0097	0.2160	0.0287	0.1384
76	0.0095	0.2156	0.0287	0.1384
77	0.0093	0.2153	0.0287	0.1382
78	0.0096	0.2144	0.0286	0.1379
79	0.0092	0.2146	0.0286	0.1377
80	0.0092	0.2146	0.0286	0.1377
81	0.0089	0.2145	0.0286	0.1379
82	0.0090	0.2144	0.0285	0.1381
83	0.0086	0.2145	0.0285	0.1382
84	0.0089	0.2144	0.0285	0.1382
85	0.0087	0.2142	0.0285	0.1379
86	0.0085	0.2145	0.0285	0.1379
87	0.0083	0.2148	0.0285	0.1378
88	0.0086	0.2153	0.0286	0.1380
89	0.0084	0.2154	0.0286	0.1380
90	0.0085	0.2149	0.0285	0.1382
91	0.0091	0.2144	0.0285	0.1381
92	0.0083	0.2148	0.0285	0.1382
93	0.0081	0.2151	0.0285	0.1381
94	0.0086	0.2152	0.0286	0.1381
95	0.0082	0.2146	0.0285	0.1375
96	0.0080	0.2146	0.0285	0.1374
97	0.0080	0.2144	0.0284	0.1372
98	0.0082	0.2145	0.0284	0.1375
99	0.0079	0.2143	0.0285	0.1375
100	0.0081	0.2146	0.0285	0.1376
101	0.0078	0.2151	0.0285	0.1378
102	0.0079	0.2144	0.0284	0.1373
103	0.0081	0.2154	0.0285	0.1375
104	0.0078	0.2148	0.0284	0.1371
105	0.0074	0.2149	0.0285	0.1372
106	0.0080	0.2150	0.0285	0.1373
107	0.0079	0.2148	0.0284	0.1373
108	0.0080	0.2149	0.0284	0.1372
109	0.0076	0.2148	0.0284	0.1376
110	0.0079	0.2146	0.0284	0.1373
111	0.0077	0.2148	0.0284	0.1372
112	0.0074	0.2149	0.0284	0.1370
113	0.0074	0.2151	0.0284	0.1371
114	0.0076	0.2156	0.0285	0.1372
115	0.0071	0.2150	0.0284	0.1372
116	0.0078	0.2151	0.0285	0.1374
117	0.0071	0.2157	0.0285	0.1374
118	0.0077	0.2161	0.0285	0.1377
119	0.0077	0.2162	0.0285	0.1378
120	0.0072	0.2161	0.0285	0.1377
121	0.0077	0.2159	0.0285	0.1377
122	0.0071	0.2160	0.0285	0.1375
123	0.0075	0.2164	0.0285	0.1376
124	0.0075	0.2162	0.0285	0.1374
125	0.0081	0.2170	0.0285	0.1372
126	0.0078	0.2166	0.0285	0.1370
127	0.0075	0.2164	0.0286	0.1369
128	0.0069	0.2162	0.0286	0.1370
129	0.0073	0.2162	0.0286	0.1372
130	0.0078	0.2160	0.0286	0.1371
131	0.0073	0.2162	0.0286	0.1371
132	0.0073	0.2153	0.0286	0.1365
133	0.0073	0.2158	0.0286	0.1365
134	0.0073	0.2155	0.0286	0.1362
135	0.0074	0.2155	0.0286	0.1364
136	0.0073	0.2164	0.0287	0.1366
137	0.0072	0.2162	0.0286	0.1367
138	0.0071	0.2169	0.0286	0.1368
139	0.0072	0.2175	0.0287	0.1373
140	0.0076	0.2178	0.0287	0.1375
141	0.0072	0.2171	0.0287	0.1374
142	0.0073	0.2165	0.0286	0.1371
143	0.0075	0.2162	0.0285	0.1371
144	0.0071	0.2166	0.0286	0.1373
145	0.0072	0.2161	0.0285	0.1371
146	0.0072	0.2162	0.0285	0.1370
147	0.0076	0.2161	0.0286	0.1371
148	0.0071	0.2162	0.0286	0.1373
149	0.0076	0.2158	0.0285	0.1369
150	0.0075	0.2153	0.0285	0.1368
