{"n_layers": 0, "device": "cuda", "batch_size": 2048, "embedding_dim": 16, "learning_rate": 0.001, "dataset": "dbbook", "epochs": 150, "top_k": 50, "multimodal": true, "datasets": {"dbbook": ["images", "text"], "ml1m": ["audio", "images", "text", "video"]}}
Epoch	Loss	Recall	Precision	NDCG
1	0.6931	0.0087	0.0012	0.0040
2	0.6928	0.0109	0.0015	0.0051
3	0.6926	0.0137	0.0019	0.0066
4	0.6922	0.0194	0.0027	0.0097
5	0.6918	0.0289	0.0041	0.0155
6	0.6911	0.0429	0.0059	0.0239
7	0.6903	0.0558	0.0076	0.0330
8	0.6893	0.0705	0.0096	0.0418
9	0.6879	0.0824	0.0112	0.0493
10	0.6861	0.0941	0.0128	0.0562
11	0.6838	0.1044	0.0142	0.0618
12	0.6811	0.1124	0.0152	0.0664
13	0.6778	0.1201	0.0163	0.0703
14	0.6738	0.1251	0.0171	0.0734
15	0.6691	0.1282	0.0176	0.0756
16	0.6639	0.1330	0.0183	0.0782
17	0.6578	0.1363	0.0187	0.0803
18	0.6512	0.1386	0.0192	0.0820
19	0.6438	0.1409	0.0195	0.0831
20	0.6358	0.1422	0.0198	0.0841
21	0.6273	0.1452	0.0201	0.0855
22	0.6180	0.1466	0.0204	0.0864
23	0.6084	0.1479	0.0206	0.0873
24	0.5980	0.1490	0.0208	0.0877
25	0.5881	0.1501	0.0210	0.0883
26	0.5775	0.1515	0.0212	0.0889
27	0.5666	0.1522	0.0213	0.0893
28	0.5557	0.1523	0.0214	0.0893
29	0.5448	0.1530	0.0215	0.0897
30	0.5341	0.1541	0.0216	0.0901
31	0.5228	0.1547	0.0216	0.0904
32	0.5122	0.1556	0.0218	0.0907
33	0.5019	0.1557	0.0218	0.0908
34	0.4909	0.1565	0.0219	0.0910
35	0.4805	0.1573	0.0220	0.0913
36	0.4700	0.1587	0.0221	0.0918
37	0.4608	0.1585	0.0222	0.0918
38	0.4506	0.1592	0.0223	0.0922
39	0.4413	0.1595	0.0223	0.0923
40	0.4336	0.1597	0.0224	0.0925
41	0.4248	0.1594	0.0224	0.0924
42	0.4162	0.1599	0.0224	0.0926
43	0.4076	0.1602	0.0225	0.0926
44	0.4002	0.1602	0.0225	0.0927
45	0.3933	0.1606	0.0225	0.0929
46	0.3855	0.1601	0.0225	0.0928
47	0.3780	0.1604	0.0225	0.0928
48	0.3708	0.1606	0.0225	0.0929
49	0.3649	0.1609	0.0226	0.0930
50	0.3590	0.1611	0.0226	0.0930
51	0.3519	0.1611	0.0226	0.0929
52	0.3466	0.1618	0.0226	0.0931
53	0.3395	0.1614	0.0226	0.0931
54	0.3352	0.1617	0.0227	0.0932
55	0.3307	0.1622	0.0227	0.0933
56	0.3248	0.1617	0.0227	0.0931
57	0.3204	0.1618	0.0227	0.0933
58	0.3150	0.1620	0.0228	0.0935
59	0.3106	0.1618	0.0227	0.0935
60	0.3071	0.1623	0.0228	0.0937
61	0.3007	0.1628	0.0228	0.0939
62	0.2980	0.1626	0.0228	0.0940
63	0.2938	0.1628	0.0228	0.0941
64	0.2897	0.1627	0.0228	0.0940
65	0.2854	0.1628	0.0228	0.0939
66	0.2789	0.1630	0.0229	0.0939
67	0.2775	0.1627	0.0228	0.0939
68	0.2759	0.1629	0.0229	0.0941
69	0.2712	0.1625	0.0228	0.0939
70	0.2671	0.1625	0.0228	0.0940
71	0.2644	0.1627	0.0228	0.0941
72	0.2616	0.1625	0.0228	0.0941
73	0.2592	0.1626	0.0228	0.0941
74	0.2552	0.1627	0.0228	0.0941
75	0.2532	0.1629	0.0228	0.0942
76	0.2485	0.1629	0.0228	0.0941
77	0.2450	0.1628	0.0228	0.0941
78	0.2434	0.1633	0.0229	0.0942
79	0.2418	0.1637	0.0229	0.0943
80	0.2386	0.1635	0.0230	0.0943
81	0.2364	0.1634	0.0230	0.0943
82	0.2359	0.1635	0.0230	0.0943
83	0.2292	0.1635	0.0229	0.0943
84	0.2278	0.1640	0.0230	0.0944
85	0.2256	0.1636	0.0230	0.0943
86	0.2231	0.1637	0.0230	0.0944
87	0.2223	0.1641	0.0230	0.0945
88	0.2187	0.1642	0.0230	0.0946
89	0.2172	0.1641	0.0230	0.0945
90	0.2149	0.1645	0.0230	0.0946
91	0.2133	0.1647	0.0230	0.0946
92	0.2086	0.1643	0.0230	0.0945
93	0.2079	0.1648	0.0231	0.0948
94	0.2068	0.1645	0.0230	0.0947
95	0.2043	0.1649	0.0230	0.0948
96	0.2026	0.1650	0.0230	0.0947
97	0.1985	0.1652	0.0230	0.0947
98	0.1973	0.1648	0.0230	0.0945
99	0.1932	0.1648	0.0230	0.0945
100	0.1949	0.1650	0.0230	0.0945
101	0.1913	0.1652	0.0231	0.0946
102	0.1897	0.1647	0.0230	0.0945
103	0.1876	0.1654	0.0231	0.0948
104	0.1882	0.1655	0.0231	0.0948
105	0.1856	0.1656	0.0231	0.0950
106	0.1849	0.1658	0.0231	0.0950
107	0.1823	0.1660	0.0232	0.0950
108	0.1786	0.1666	0.0232	0.0952
109	0.1778	0.1665	0.0232	0.0952
110	0.1760	0.1666	0.0232	0.0952
111	0.1736	0.1666	0.0232	0.0952
112	0.1741	0.1664	0.0232	0.0952
113	0.1724	0.1664	0.0232	0.0950
114	0.1725	0.1667	0.0232	0.0950
115	0.1702	0.1665	0.0232	0.0949
116	0.1665	0.1664	0.0232	0.0949
117	0.1683	0.1664	0.0232	0.0949
118	0.1631	0.1658	0.0231	0.0948
119	0.1638	0.1657	0.0231	0.0947
120	0.1616	0.1661	0.0232	0.0948
121	0.1614	0.1664	0.0232	0.0948
122	0.1602	0.1666	0.0232	0.0949
123	0.1591	0.1667	0.0232	0.0950
124	0.1549	0.1668	0.0232	0.0951
125	0.1551	0.1668	0.0232	0.0951
126	0.1540	0.1671	0.0232	0.0953
127	0.1544	0.1672	0.0233	0.0953
128	0.1521	0.1670	0.0232	0.0953
129	0.1503	0.1669	0.0232	0.0952
130	0.1505	0.1670	0.0232	0.0953
131	0.1486	0.1677	0.0232	0.0954
132	0.1480	0.1675	0.0232	0.0954
133	0.1457	0.1677	0.0233	0.0955
134	0.1443	0.1678	0.0233	0.0955
135	0.1454	0.1673	0.0232	0.0953
136	0.1425	0.1673	0.0232	0.0953
137	0.1408	0.1674	0.0232	0.0954
138	0.1400	0.1680	0.0233	0.0957
139	0.1389	0.1682	0.0233	0.0959
140	0.1365	0.1682	0.0233	0.0958
141	0.1370	0.1682	0.0233	0.0958
142	0.1351	0.1688	0.0234	0.0960
143	0.1349	0.1688	0.0234	0.0960
144	0.1339	0.1691	0.0234	0.0963
145	0.1318	0.1697	0.0235	0.0964
146	0.1318	0.1700	0.0235	0.0965
147	0.1308	0.1704	0.0235	0.0967
148	0.1301	0.1706	0.0235	0.0967
149	0.1274	0.1703	0.0235	0.0967
150	0.1269	0.1703	0.0235	0.0967
