{"n_layers": 1, "device": "cuda", "batch_size": 2048, "embedding_dim": 128, "learning_rate": 0.0005, "dataset": "dbbook", "epochs": 150, "top_k": 10, "multimodal": false, "datasets": {"dbbook": ["images", "text"], "ml1m": ["audio", "images", "text", "video"]}}
Epoch	Loss	Recall	Precision	NDCG
1	0.6923	0.0062	0.0045	0.0055
2	0.6914	0.0192	0.0138	0.0189
3	0.6898	0.0338	0.0231	0.0294
4	0.6865	0.0388	0.0267	0.0332
5	0.6803	0.0401	0.0278	0.0344
6	0.6699	0.0390	0.0271	0.0336
7	0.6543	0.0384	0.0266	0.0329
8	0.6333	0.0366	0.0257	0.0319
9	0.6075	0.0352	0.0250	0.0310
10	0.5783	0.0346	0.0246	0.0305
11	0.5483	0.0340	0.0243	0.0304
12	0.5181	0.0339	0.0241	0.0301
13	0.4887	0.0339	0.0242	0.0302
14	0.4620	0.0341	0.0243	0.0302
15	0.4379	0.0343	0.0245	0.0304
16	0.4174	0.0347	0.0247	0.0306
17	0.3963	0.0350	0.0248	0.0308
18	0.3782	0.0350	0.0249	0.0310
19	0.3627	0.0351	0.0250	0.0312
20	0.3504	0.0352	0.0251	0.0312
21	0.3372	0.0354	0.0252	0.0315
22	0.3229	0.0362	0.0256	0.0320
23	0.3129	0.0369	0.0261	0.0326
24	0.3028	0.0380	0.0266	0.0332
25	0.2932	0.0385	0.0269	0.0336
26	0.2840	0.0389	0.0271	0.0339
27	0.2768	0.0390	0.0273	0.0341
28	0.2684	0.0394	0.0276	0.0345
29	0.2609	0.0393	0.0275	0.0345
30	0.2541	0.0397	0.0278	0.0349
31	0.2454	0.0407	0.0282	0.0356
32	0.2395	0.0413	0.0285	0.0360
33	0.2331	0.0418	0.0287	0.0366
34	0.2254	0.0426	0.0292	0.0372
35	0.2195	0.0430	0.0296	0.0376
36	0.2166	0.0434	0.0299	0.0381
37	0.2100	0.0436	0.0300	0.0383
38	0.2038	0.0443	0.0304	0.0389
39	0.2015	0.0447	0.0307	0.0393
40	0.1958	0.0453	0.0309	0.0398
41	0.1919	0.0459	0.0313	0.0402
42	0.1854	0.0465	0.0317	0.0409
43	0.1790	0.0465	0.0317	0.0410
44	0.1749	0.0469	0.0320	0.0414
45	0.1727	0.0472	0.0322	0.0417
46	0.1694	0.0477	0.0324	0.0421
47	0.1652	0.0481	0.0327	0.0425
48	0.1605	0.0490	0.0331	0.0432
49	0.1563	0.0494	0.0334	0.0437
50	0.1533	0.0499	0.0337	0.0442
51	0.1496	0.0506	0.0340	0.0447
52	0.1488	0.0506	0.0341	0.0449
53	0.1434	0.0512	0.0346	0.0454
54	0.1406	0.0518	0.0348	0.0459
55	0.1406	0.0525	0.0349	0.0462
56	0.1354	0.0533	0.0354	0.0467
57	0.1301	0.0531	0.0355	0.0469
58	0.1273	0.0531	0.0355	0.0470
59	0.1276	0.0532	0.0356	0.0472
60	0.1261	0.0536	0.0358	0.0475
61	0.1213	0.0541	0.0364	0.0480
62	0.1179	0.0544	0.0364	0.0483
63	0.1175	0.0544	0.0365	0.0485
64	0.1132	0.0548	0.0367	0.0487
65	0.1108	0.0551	0.0369	0.0490
66	0.1102	0.0559	0.0373	0.0495
67	0.1066	0.0563	0.0374	0.0498
68	0.1065	0.0567	0.0376	0.0501
69	0.1043	0.0574	0.0381	0.0508
70	0.1019	0.0578	0.0384	0.0511
71	0.1003	0.0582	0.0385	0.0514
72	0.0960	0.0586	0.0387	0.0517
73	0.0950	0.0587	0.0390	0.0519
74	0.0930	0.0591	0.0392	0.0521
75	0.0935	0.0595	0.0395	0.0526
76	0.0923	0.0599	0.0396	0.0528
77	0.0900	0.0601	0.0397	0.0531
78	0.0889	0.0600	0.0397	0.0533
79	0.0873	0.0603	0.0400	0.0537
80	0.0854	0.0605	0.0400	0.0540
81	0.0848	0.0607	0.0401	0.0542
82	0.0808	0.0609	0.0402	0.0544
83	0.0799	0.0611	0.0403	0.0546
84	0.0794	0.0611	0.0404	0.0547
85	0.0779	0.0611	0.0404	0.0548
86	0.0784	0.0611	0.0403	0.0549
87	0.0747	0.0610	0.0403	0.0551
88	0.0724	0.0614	0.0405	0.0553
89	0.0715	0.0614	0.0404	0.0554
90	0.0717	0.0611	0.0405	0.0554
91	0.0687	0.0615	0.0406	0.0556
92	0.0690	0.0623	0.0409	0.0561
93	0.0698	0.0621	0.0410	0.0562
94	0.0667	0.0623	0.0411	0.0565
95	0.0673	0.0622	0.0410	0.0566
96	0.0649	0.0621	0.0410	0.0566
97	0.0651	0.0623	0.0410	0.0567
98	0.0647	0.0627	0.0412	0.0571
99	0.0622	0.0632	0.0415	0.0576
100	0.0603	0.0634	0.0416	0.0578
101	0.0600	0.0635	0.0419	0.0579
102	0.0597	0.0636	0.0420	0.0581
103	0.0607	0.0635	0.0418	0.0580
104	0.0590	0.0638	0.0420	0.0585
105	0.0583	0.0642	0.0421	0.0587
106	0.0563	0.0643	0.0423	0.0588
107	0.0561	0.0645	0.0424	0.0590
108	0.0549	0.0645	0.0424	0.0591
109	0.0550	0.0646	0.0425	0.0592
110	0.0534	0.0646	0.0425	0.0593
111	0.0524	0.0646	0.0426	0.0596
112	0.0534	0.0646	0.0427	0.0595
113	0.0507	0.0650	0.0428	0.0597
114	0.0518	0.0652	0.0429	0.0599
115	0.0491	0.0651	0.0430	0.0600
116	0.0500	0.0652	0.0430	0.0600
117	0.0480	0.0655	0.0431	0.0602
118	0.0491	0.0656	0.0432	0.0605
119	0.0466	0.0659	0.0435	0.0608
120	0.0459	0.0658	0.0433	0.0607
121	0.0452	0.0659	0.0434	0.0609
122	0.0470	0.0663	0.0435	0.0612
123	0.0446	0.0665	0.0436	0.0614
124	0.0441	0.0667	0.0437	0.0616
125	0.0433	0.0671	0.0441	0.0617
126	0.0446	0.0671	0.0440	0.0618
127	0.0427	0.0675	0.0442	0.0621
128	0.0441	0.0673	0.0441	0.0621
129	0.0417	0.0673	0.0441	0.0620
130	0.0424	0.0679	0.0442	0.0623
131	0.0403	0.0680	0.0443	0.0625
132	0.0414	0.0680	0.0444	0.0626
133	0.0412	0.0679	0.0443	0.0624
134	0.0399	0.0680	0.0444	0.0626
135	0.0383	0.0680	0.0444	0.0627
136	0.0380	0.0681	0.0444	0.0628
137	0.0387	0.0682	0.0445	0.0629
138	0.0363	0.0684	0.0446	0.0629
139	0.0368	0.0685	0.0447	0.0629
140	0.0372	0.0684	0.0446	0.0629
141	0.0369	0.0685	0.0445	0.0630
142	0.0365	0.0686	0.0446	0.0631
143	0.0348	0.0688	0.0447	0.0632
144	0.0356	0.0689	0.0446	0.0633
145	0.0346	0.0691	0.0448	0.0636
146	0.0347	0.0690	0.0448	0.0636
147	0.0349	0.0688	0.0448	0.0636
148	0.0342	0.0690	0.0449	0.0637
149	0.0343	0.0690	0.0449	0.0638
150	0.0322	0.0692	0.0449	0.0639
