{"device": "cuda:2", "multimodal": true, "embedding_dim": 512, "n_layers": 1, "epochs": 500, "learning_rate": 0.001, "log": true, "seed": 19, "top_k": [5, 10, 20, 50], "dataset": "dbbook", "batch_size": 2048, "single_branch": false, "autoencoder": false, "ensemble_fusion": false, "freeze": true, "fusion_modalities": "mean", "fusion_type": "late", "info_nce": false, "weighting": "alpha", "datasets": {"dbbook": ["images", "text"], "ml1m": ["audio", "images", "text", "video"]}}alpha: 0.9421219825744629
Epoch	T-Loss	V-Loss	Precision@5	Recall@5	NDCG@5	Precision@10	Recall@10	NDCG@10	Precision@20	Recall@20	NDCG@20	Precision@50	Recall@50	NDCG@50
1	0.6931	0.693	0.0049	0.0036	0.0054	0.0041	0.0067	0.0059	0.0038	0.0121	0.0082	0.0031	0.026	0.0129
2	0.6921	0.6929	0.0145	0.0132	0.0175	0.0111	0.0193	0.0181	0.0085	0.0297	0.0222	0.006	0.0509	0.0296
3	0.6911	0.6927	0.027	0.0238	0.0334	0.0203	0.0348	0.034	0.0142	0.048	0.0391	0.0088	0.0737	0.048
4	0.6899	0.6924	0.0397	0.0345	0.049	0.0281	0.048	0.0483	0.0188	0.0634	0.0541	0.011	0.0923	0.064
5	0.6886	0.6921	0.0493	0.0427	0.0605	0.0344	0.0576	0.0588	0.0229	0.0768	0.0657	0.0133	0.1096	0.0772
6	0.6871	0.6917	0.0568	0.048	0.0697	0.0401	0.066	0.0678	0.0267	0.0877	0.0757	0.0155	0.1272	0.0894
7	0.6852	0.6912	0.0624	0.0519	0.0765	0.0446	0.0725	0.0746	0.0304	0.0984	0.0841	0.0177	0.1423	0.0995
8	0.683	0.6905	0.0666	0.055	0.0809	0.0481	0.0779	0.0793	0.0328	0.1061	0.0896	0.0196	0.1557	0.1073
9	0.6803	0.6897	0.0686	0.0565	0.0827	0.0505	0.0811	0.0818	0.0351	0.1115	0.0931	0.0213	0.1672	0.113
10	0.6772	0.6886	0.0687	0.0557	0.0831	0.0516	0.0821	0.0828	0.0368	0.1157	0.0956	0.0226	0.1769	0.1173
11	0.6735	0.6873	0.0697	0.0564	0.0842	0.0528	0.0835	0.0841	0.0379	0.1191	0.0976	0.0238	0.1854	0.1212
12	0.6693	0.6857	0.0692	0.0556	0.0837	0.053	0.0831	0.0838	0.039	0.1212	0.0986	0.0249	0.193	0.124
13	0.6642	0.6837	0.0692	0.0554	0.0834	0.0536	0.0836	0.0841	0.0393	0.1216	0.0987	0.0255	0.196	0.1254
14	0.6583	0.6813	0.0691	0.0551	0.0832	0.0536	0.0831	0.0838	0.0399	0.123	0.0993	0.0261	0.1998	0.1268
15	0.6515	0.6783	0.0695	0.0552	0.0833	0.0538	0.0832	0.0837	0.0405	0.124	0.0997	0.0263	0.2012	0.1272
16	0.6437	0.6745	0.0692	0.0545	0.0828	0.0537	0.0829	0.0832	0.0406	0.1234	0.0992	0.0267	0.2036	0.1278
17	0.6348	0.6707	0.069	0.0536	0.0821	0.0534	0.082	0.0824	0.0406	0.1227	0.0986	0.027	0.2043	0.1277
18	0.6247	0.6656	0.0688	0.0531	0.0818	0.0532	0.0814	0.082	0.0404	0.1217	0.098	0.027	0.2036	0.1274
19	0.6135	0.66	0.0684	0.0527	0.0817	0.0534	0.0816	0.0822	0.0403	0.1212	0.0979	0.0271	0.2038	0.1276
20	0.6011	0.654	0.0686	0.0526	0.0816	0.0534	0.081	0.0819	0.0401	0.1199	0.0974	0.0271	0.2032	0.1272
21	0.5877	0.6471	0.0683	0.0524	0.0815	0.0531	0.0805	0.0818	0.0401	0.1192	0.0972	0.0272	0.204	0.1275
22	0.5732	0.6388	0.0682	0.0523	0.0809	0.0528	0.0798	0.081	0.0403	0.1196	0.0969	0.0272	0.2037	0.1269
23	0.558	0.6307	0.0683	0.0521	0.0807	0.0527	0.0791	0.0805	0.0403	0.1198	0.0967	0.0272	0.2035	0.1266
24	0.5418	0.6223	0.0692	0.0527	0.0813	0.0524	0.0789	0.0803	0.0402	0.1192	0.0965	0.0273	0.2035	0.1267
25	0.5247	0.6122	0.0687	0.0522	0.081	0.0523	0.0786	0.0803	0.0402	0.1191	0.0965	0.0272	0.2028	0.1264
26	0.5073	0.603	0.0687	0.052	0.0809	0.0522	0.0781	0.0801	0.0401	0.1187	0.0964	0.0272	0.2028	0.1264
27	0.4901	0.5943	0.0682	0.0514	0.0802	0.0523	0.0782	0.0799	0.0401	0.1184	0.0959	0.0271	0.202	0.1258
28	0.4726	0.5827	0.0679	0.0512	0.0799	0.0522	0.0784	0.0798	0.0402	0.1189	0.096	0.0271	0.2018	0.1256
29	0.4551	0.5723	0.0679	0.0515	0.0801	0.0524	0.0788	0.0801	0.0401	0.119	0.0961	0.0271	0.2015	0.1257
30	0.4375	0.5626	0.0678	0.0516	0.0802	0.0525	0.0788	0.0802	0.0401	0.1186	0.0961	0.0271	0.2014	0.1258
31	0.4216	0.5515	0.0679	0.0515	0.0803	0.0526	0.0787	0.0802	0.0402	0.1188	0.0962	0.027	0.2004	0.1254
32	0.4043	0.5427	0.0679	0.0513	0.0802	0.0527	0.0787	0.0803	0.0402	0.1186	0.0961	0.0271	0.2005	0.1255
33	0.388	0.535	0.0681	0.0515	0.0803	0.0527	0.0787	0.0802	0.04	0.1182	0.0958	0.0271	0.2002	0.1254
34	0.3732	0.5256	0.0683	0.0517	0.0804	0.0526	0.0785	0.0802	0.04	0.1185	0.096	0.0271	0.2005	0.1255
35	0.3587	0.5144	0.0683	0.0517	0.0805	0.0527	0.0787	0.0803	0.04	0.1183	0.096	0.0271	0.2005	0.1255
36	0.3441	0.5095	0.0684	0.0516	0.0805	0.0527	0.0785	0.0802	0.0401	0.1185	0.096	0.0271	0.2002	0.1255
37	0.3311	0.5006	0.068	0.0515	0.0803	0.0529	0.079	0.0804	0.0401	0.1185	0.096	0.0271	0.2004	0.1255
38	0.3182	0.4915	0.0682	0.0517	0.0802	0.0527	0.0786	0.08	0.0401	0.1183	0.0957	0.0271	0.2004	0.1252
39	0.3073	0.4842	0.0682	0.0518	0.0803	0.0526	0.0785	0.08	0.0401	0.1185	0.0959	0.0271	0.2007	0.1254
40	0.2944	0.4791	0.0683	0.0521	0.0803	0.0528	0.0787	0.0801	0.0402	0.1188	0.096	0.0271	0.2006	0.1254
41	0.2844	0.4714	0.0684	0.0522	0.0805	0.0528	0.0789	0.0802	0.0402	0.1185	0.0959	0.0272	0.201	0.1256
42	0.2731	0.4668	0.0684	0.0521	0.0804	0.053	0.0791	0.0803	0.0403	0.1191	0.0961	0.0273	0.2014	0.1258
43	0.2641	0.4607	0.0686	0.0524	0.0807	0.053	0.0792	0.0804	0.0403	0.1192	0.0962	0.0272	0.201	0.1257
44	0.2551	0.4553	0.0686	0.0524	0.0808	0.053	0.0795	0.0806	0.0403	0.1191	0.0964	0.0273	0.2008	0.1259
45	0.2468	0.4535	0.0686	0.0524	0.0808	0.0532	0.0798	0.0808	0.0403	0.1192	0.0964	0.0273	0.2018	0.1262
46	0.2371	0.4446	0.0687	0.0521	0.0809	0.0532	0.0798	0.0809	0.0404	0.1193	0.0965	0.0274	0.202	0.1263
47	0.2286	0.4439	0.0691	0.0524	0.0812	0.0531	0.0796	0.0808	0.0404	0.1192	0.0965	0.0273	0.2016	0.1262
48	0.2226	0.4397	0.0689	0.0523	0.0809	0.0534	0.0801	0.081	0.0404	0.1194	0.0966	0.0274	0.2022	0.1264
49	0.215	0.4296	0.0687	0.0521	0.0805	0.0532	0.0798	0.0806	0.0404	0.1193	0.0963	0.0275	0.2025	0.1263
50	0.2073	0.4288	0.0686	0.0521	0.0806	0.0532	0.0798	0.0807	0.0404	0.1192	0.0964	0.0274	0.2027	0.1264
51	0.201	0.4303	0.0692	0.0526	0.0809	0.0532	0.0797	0.0807	0.0403	0.119	0.0963	0.0275	0.203	0.1266
52	0.1936	0.427	0.0696	0.0529	0.0814	0.0534	0.08	0.0811	0.0405	0.1195	0.0968	0.0275	0.2035	0.127
53	0.1884	0.4212	0.0696	0.0529	0.0816	0.0533	0.0798	0.0811	0.0406	0.12	0.0971	0.0276	0.2039	0.1272
54	0.1825	0.4216	0.0695	0.053	0.0818	0.0535	0.0803	0.0815	0.0406	0.1204	0.0974	0.0275	0.2037	0.1274
55	0.1771	0.4169	0.0699	0.0533	0.082	0.0536	0.0801	0.0815	0.0406	0.1203	0.0974	0.0276	0.2039	0.1276
56	0.1727	0.4195	0.0699	0.0534	0.0824	0.0539	0.0806	0.0821	0.0407	0.1206	0.0979	0.0276	0.2044	0.1281
57	0.168	0.4141	0.0698	0.0533	0.0822	0.054	0.0807	0.0821	0.0408	0.1214	0.0981	0.0277	0.2049	0.1282
58	0.162	0.4086	0.07	0.0536	0.0824	0.0539	0.0808	0.0822	0.0409	0.1215	0.0982	0.0277	0.2049	0.1283
59	0.1571	0.4079	0.07	0.0536	0.0823	0.054	0.081	0.0822	0.041	0.1218	0.0983	0.0277	0.2045	0.1282
60	0.1517	0.4059	0.0703	0.0537	0.0824	0.054	0.0811	0.0822	0.0411	0.1222	0.0985	0.0278	0.206	0.1286
61	0.1502	0.4003	0.0704	0.0538	0.0825	0.0542	0.0813	0.0823	0.0411	0.122	0.0984	0.0278	0.2063	0.1287
62	0.1445	0.4062	0.0704	0.0542	0.0825	0.0543	0.0814	0.0823	0.0409	0.1214	0.0981	0.0278	0.2067	0.1287
63	0.1403	0.4013	0.0704	0.0543	0.0824	0.0546	0.082	0.0826	0.0411	0.1217	0.0983	0.0279	0.2071	0.1289
64	0.1358	0.3983	0.0704	0.0542	0.0822	0.0546	0.0819	0.0824	0.0412	0.1224	0.0984	0.0279	0.2076	0.1289
65	0.1342	0.3998	0.0706	0.0544	0.0825	0.0547	0.0822	0.0827	0.0412	0.1223	0.0986	0.0279	0.2074	0.1291
66	0.1297	0.3937	0.0709	0.0548	0.0831	0.0548	0.0822	0.0831	0.0414	0.1227	0.0991	0.028	0.2078	0.1295
67	0.1269	0.3969	0.071	0.0548	0.0831	0.0547	0.0819	0.0829	0.0414	0.1225	0.099	0.0281	0.2083	0.1297
68	0.1236	0.3951	0.0712	0.0549	0.0833	0.0548	0.082	0.0831	0.0413	0.1228	0.0992	0.0281	0.2088	0.13
69	0.1208	0.392	0.0717	0.0553	0.0837	0.055	0.0826	0.0834	0.0413	0.1232	0.0994	0.028	0.2085	0.13
70	0.1164	0.3887	0.0718	0.0555	0.0837	0.0553	0.083	0.0835	0.0413	0.1233	0.0993	0.0281	0.2088	0.13
71	0.1152	0.3902	0.0719	0.0556	0.084	0.0553	0.083	0.0838	0.0413	0.1231	0.0995	0.0281	0.2087	0.1304
72	0.1131	0.3918	0.0719	0.0557	0.0839	0.0552	0.0833	0.0838	0.0412	0.1228	0.0993	0.0281	0.2088	0.1303
73	0.1081	0.3897	0.0721	0.0559	0.0841	0.0553	0.0838	0.084	0.0413	0.1235	0.0997	0.0281	0.2095	0.1306
74	0.105	0.3841	0.0722	0.056	0.084	0.0554	0.084	0.084	0.0414	0.1238	0.0996	0.0282	0.2099	0.1306
75	0.1057	0.3855	0.0719	0.0558	0.0838	0.0553	0.0839	0.0839	0.0415	0.1242	0.0998	0.0282	0.21	0.1307
76	0.1013	0.3861	0.0717	0.0559	0.0837	0.0554	0.084	0.084	0.0416	0.1246	0.1	0.0282	0.2101	0.1308
77	0.0996	0.3851	0.0724	0.0564	0.0842	0.0556	0.0843	0.0842	0.0417	0.1247	0.1002	0.0282	0.2103	0.1309
78	0.0976	0.3792	0.0721	0.0562	0.084	0.0557	0.0843	0.0843	0.0417	0.1249	0.1002	0.0282	0.2105	0.131
79	0.0962	0.3856	0.0722	0.0563	0.0842	0.056	0.0847	0.0846	0.0418	0.1254	0.1006	0.0282	0.2105	0.1312
80	0.0925	0.3791	0.0722	0.0561	0.0843	0.056	0.0844	0.0847	0.0419	0.1255	0.1007	0.0282	0.2105	0.1313
81	0.0912	0.3841	0.0722	0.0559	0.0844	0.056	0.0846	0.0849	0.0419	0.1257	0.1009	0.0282	0.2105	0.1315
82	0.0877	0.381	0.0724	0.0561	0.0849	0.0561	0.0847	0.0852	0.0421	0.1264	0.1015	0.0282	0.2109	0.1319
83	0.0883	0.3798	0.0721	0.0559	0.0846	0.0561	0.0848	0.0851	0.042	0.1265	0.1014	0.0283	0.2111	0.1319
84	0.0841	0.3732	0.0719	0.0558	0.0845	0.0563	0.0851	0.0853	0.042	0.1264	0.1014	0.0283	0.2115	0.1321
85	0.0843	0.384	0.0722	0.056	0.0847	0.0564	0.0852	0.0855	0.0422	0.1271	0.1017	0.0283	0.2119	0.1323
86	0.0813	0.38	0.0717	0.0556	0.0843	0.0565	0.0857	0.0856	0.0422	0.1273	0.1018	0.0283	0.2114	0.1321
87	0.0808	0.3821	0.0715	0.0554	0.0841	0.0564	0.0857	0.0855	0.0422	0.1273	0.1017	0.0283	0.2117	0.1321
88	0.0792	0.3852	0.0715	0.0555	0.084	0.0563	0.0857	0.0854	0.0421	0.1271	0.1016	0.0283	0.2121	0.1322
89	0.0779	0.3827	0.0716	0.0555	0.0841	0.0565	0.0858	0.0855	0.0422	0.127	0.1016	0.0283	0.2122	0.1323
90	0.0764	0.3787	0.0717	0.0555	0.0843	0.0566	0.0861	0.0857	0.0423	0.1274	0.1019	0.0284	0.2125	0.1325
91	0.0739	0.3805	0.072	0.0557	0.0845	0.0566	0.0861	0.0858	0.0423	0.1274	0.1019	0.0284	0.2127	0.1326
92	0.0729	0.3719	0.072	0.0559	0.0846	0.0566	0.0864	0.0859	0.0424	0.1275	0.102	0.0284	0.2129	0.1327
93	0.0725	0.3773	0.0723	0.0561	0.0848	0.0568	0.0869	0.0861	0.0426	0.1283	0.1024	0.0285	0.2132	0.1328
94	0.0701	0.3784	0.0724	0.0565	0.085	0.0568	0.0869	0.0862	0.0425	0.1281	0.1024	0.0284	0.2129	0.1329
95	0.071	0.3755	0.0724	0.0567	0.0851	0.0568	0.0868	0.0862	0.0424	0.1278	0.1023	0.0285	0.2133	0.133
96	0.0681	0.3764	0.0724	0.0566	0.0852	0.0568	0.0868	0.0863	0.0425	0.1284	0.1026	0.0285	0.2133	0.1332
97	0.0666	0.3723	0.0726	0.0568	0.0855	0.0568	0.0866	0.0865	0.0424	0.1282	0.1027	0.0285	0.2134	0.1334
98	0.066	0.3769	0.0727	0.0572	0.0857	0.0568	0.0866	0.0865	0.0424	0.1284	0.1028	0.0285	0.2137	0.1336
99	0.0641	0.3761	0.073	0.0574	0.086	0.057	0.087	0.0869	0.0425	0.1286	0.1031	0.0286	0.214	0.1339
100	0.0638	0.3766	0.0731	0.0575	0.0861	0.0572	0.0871	0.087	0.0425	0.1286	0.1032	0.0286	0.2141	0.134
101	0.063	0.3761	0.0731	0.0575	0.086	0.0572	0.0871	0.087	0.0426	0.1291	0.1033	0.0286	0.2145	0.1341
102	0.0623	0.3805	0.0728	0.0572	0.0859	0.0572	0.0871	0.0871	0.0427	0.1292	0.1035	0.0287	0.2147	0.1343
103	0.061	0.3716	0.073	0.0575	0.0861	0.0572	0.0874	0.0872	0.0427	0.1294	0.1035	0.0287	0.2149	0.1344
104	0.0603	0.3746	0.0731	0.0576	0.0863	0.0574	0.0879	0.0875	0.0428	0.1295	0.1037	0.0287	0.2153	0.1346
105	0.0589	0.376	0.0734	0.0578	0.0863	0.0576	0.0883	0.0876	0.0427	0.1294	0.1036	0.0287	0.2151	0.1345
106	0.058	0.3797	0.0731	0.0578	0.0863	0.0576	0.0882	0.0877	0.0429	0.13	0.1039	0.0287	0.2161	0.1349
107	0.058	0.3764	0.0731	0.0578	0.0865	0.0578	0.0884	0.088	0.043	0.1302	0.1043	0.0288	0.2164	0.1352
108	0.0566	0.3766	0.0733	0.0582	0.0867	0.0578	0.0886	0.0881	0.0429	0.1299	0.1042	0.0288	0.2163	0.1352
109	0.0554	0.3774	0.0735	0.0585	0.0869	0.0577	0.0885	0.0881	0.043	0.1303	0.1044	0.0287	0.2157	0.1352
110	0.0549	0.3687	0.0737	0.0585	0.0869	0.0578	0.0888	0.0882	0.043	0.1307	0.1045	0.0287	0.2162	0.1353
111	0.054	0.3704	0.0738	0.0587	0.0868	0.0578	0.0888	0.0881	0.0431	0.1308	0.1045	0.0287	0.2162	0.1351
112	0.0548	0.3677	0.0738	0.0586	0.0867	0.0578	0.0888	0.088	0.0432	0.1313	0.1046	0.0287	0.2155	0.1349
113	0.0533	0.3718	0.0738	0.0585	0.0868	0.0578	0.0888	0.0881	0.0431	0.1309	0.1046	0.0287	0.2151	0.135
114	0.0521	0.3738	0.0738	0.0585	0.0868	0.0579	0.0891	0.0882	0.0431	0.1309	0.1046	0.0287	0.2156	0.1351
115	0.0514	0.3748	0.0738	0.0586	0.0867	0.0579	0.089	0.0881	0.043	0.1309	0.1044	0.0287	0.2156	0.1351
116	0.0515	0.3775	0.0739	0.0585	0.0868	0.0579	0.0891	0.0882	0.0431	0.131	0.1046	0.0287	0.2158	0.1352
117	0.0513	0.3738	0.074	0.0586	0.087	0.058	0.0892	0.0883	0.0431	0.1313	0.1047	0.0288	0.2161	0.1354
118	0.0492	0.3725	0.074	0.0586	0.0871	0.058	0.0893	0.0885	0.043	0.1311	0.1048	0.0288	0.2164	0.1356
119	0.0497	0.3738	0.074	0.0584	0.087	0.0581	0.0894	0.0886	0.0431	0.1312	0.1048	0.0288	0.2166	0.1357
120	0.0485	0.3721	0.074	0.0584	0.087	0.0582	0.0896	0.0886	0.043	0.1312	0.1049	0.0289	0.2169	0.1358
121	0.0481	0.3733	0.074	0.0586	0.0871	0.0579	0.0897	0.0886	0.0431	0.1313	0.105	0.0289	0.2172	0.136
122	0.0477	0.3691	0.0743	0.0589	0.0874	0.0579	0.0897	0.0887	0.0432	0.1317	0.1052	0.0289	0.2175	0.1361
123	0.0477	0.3723	0.0743	0.059	0.0873	0.058	0.0899	0.0887	0.0433	0.1319	0.1053	0.0289	0.2176	0.136
124	0.0467	0.3704	0.0744	0.0589	0.0874	0.058	0.09	0.0888	0.0434	0.1325	0.1055	0.0289	0.2178	0.1362
125	0.0467	0.3689	0.0745	0.059	0.0875	0.0582	0.0902	0.089	0.0435	0.1332	0.1058	0.0289	0.2174	0.1362
126	0.0456	0.3714	0.0745	0.059	0.0876	0.058	0.0899	0.0888	0.0436	0.1332	0.1059	0.0289	0.2174	0.1362
127	0.0465	0.3659	0.0745	0.059	0.0876	0.0581	0.0901	0.0891	0.0436	0.1335	0.1061	0.0288	0.2171	0.1363
128	0.0455	0.3724	0.0746	0.0591	0.0877	0.0582	0.0903	0.0892	0.0435	0.1333	0.1061	0.0288	0.2172	0.1363
129	0.0446	0.3766	0.0744	0.0591	0.0876	0.0582	0.0904	0.0892	0.0436	0.1339	0.1062	0.0288	0.2174	0.1363
130	0.0435	0.3692	0.0744	0.0593	0.0878	0.0582	0.0905	0.0894	0.0436	0.1338	0.1064	0.0289	0.2179	0.1367
131	0.0439	0.3722	0.0743	0.0593	0.0877	0.0583	0.0908	0.0894	0.0437	0.1339	0.1064	0.0289	0.2176	0.1366
132	0.0444	0.3681	0.0744	0.0591	0.0877	0.0582	0.0907	0.0893	0.0437	0.1341	0.1064	0.0289	0.2179	0.1366
133	0.0438	0.3657	0.0742	0.059	0.0874	0.0581	0.0905	0.089	0.0436	0.1338	0.1061	0.0289	0.2177	0.1364
134	0.0428	0.3743	0.0744	0.0592	0.0875	0.0582	0.0905	0.0891	0.0436	0.1336	0.106	0.0289	0.2174	0.1363
135	0.0425	0.3637	0.0744	0.0592	0.0875	0.0583	0.0909	0.0892	0.0437	0.1337	0.1061	0.0289	0.2173	0.1363
136	0.0417	0.369	0.0745	0.0595	0.0876	0.0584	0.091	0.0894	0.0437	0.134	0.1062	0.0289	0.2173	0.1364
137	0.0408	0.375	0.0744	0.0595	0.0876	0.0583	0.091	0.0893	0.0436	0.1336	0.1061	0.0289	0.2175	0.1364
138	0.0414	0.3721	0.0743	0.0594	0.0875	0.0583	0.0909	0.0892	0.0436	0.1335	0.106	0.0289	0.2175	0.1364
139	0.0406	0.3694	0.0742	0.0593	0.0874	0.0583	0.0911	0.0893	0.0436	0.134	0.1062	0.0289	0.2181	0.1365
140	0.0407	0.367	0.0745	0.0595	0.0875	0.0584	0.0913	0.0893	0.0436	0.1342	0.1062	0.0289	0.218	0.1365
141	0.0406	0.3736	0.0748	0.0597	0.0878	0.0586	0.0916	0.0896	0.0436	0.1341	0.1062	0.0289	0.2177	0.1365
142	0.0394	0.3674	0.0745	0.0597	0.0876	0.0584	0.0911	0.0893	0.0436	0.1342	0.1062	0.0289	0.2178	0.1366
143	0.0396	0.3766	0.0742	0.0595	0.0874	0.0582	0.0909	0.0892	0.0436	0.1346	0.1063	0.0289	0.2181	0.1366
144	0.0387	0.3845	0.0742	0.0595	0.0873	0.0584	0.0914	0.0893	0.0436	0.1346	0.1063	0.0289	0.2178	0.1365
145	0.0387	0.3669	0.0742	0.0594	0.0871	0.0585	0.0915	0.0893	0.0437	0.1348	0.1063	0.0289	0.2181	0.1365
146	0.0389	0.3737	0.0742	0.0593	0.0871	0.0585	0.0915	0.0892	0.0437	0.1349	0.1063	0.0289	0.2179	0.1364
147	0.0383	0.3684	0.074	0.059	0.0869	0.0584	0.0912	0.0891	0.0438	0.1352	0.1063	0.0289	0.2179	0.1364
148	0.0369	0.3629	0.0741	0.0592	0.0871	0.0584	0.0912	0.0892	0.0438	0.1352	0.1064	0.0289	0.2181	0.1365
149	0.038	0.373	0.074	0.0589	0.0869	0.0584	0.0913	0.0892	0.0437	0.1349	0.1063	0.0289	0.218	0.1365
150	0.0372	0.3653	0.0741	0.0586	0.087	0.0582	0.0912	0.0892	0.0438	0.1351	0.1065	0.0289	0.2179	0.1365
151	0.0377	0.3729	0.074	0.0586	0.0869	0.0581	0.0909	0.089	0.0439	0.1354	0.1066	0.0289	0.2181	0.1365
152	0.0374	0.3698	0.0742	0.0588	0.0872	0.0582	0.091	0.0892	0.044	0.1357	0.1068	0.0289	0.2181	0.1367
153	0.0368	0.376	0.0744	0.0589	0.0873	0.0583	0.091	0.0893	0.0439	0.1353	0.1068	0.0289	0.2181	0.1367
154	0.0363	0.3714	0.0744	0.0589	0.0874	0.0585	0.0914	0.0896	0.044	0.1355	0.1069	0.0289	0.218	0.1368
155	0.0365	0.3612	0.0747	0.0591	0.0876	0.0583	0.0912	0.0894	0.0439	0.1355	0.1069	0.0289	0.2184	0.1369
156	0.0362	0.3666	0.0751	0.0594	0.088	0.0584	0.0915	0.0897	0.044	0.1358	0.1072	0.0289	0.2185	0.1371
157	0.0352	0.3697	0.0751	0.0596	0.0882	0.0587	0.0919	0.09	0.044	0.1359	0.1073	0.0289	0.2185	0.1372
158	0.0356	0.3726	0.0751	0.0596	0.0881	0.0585	0.0916	0.0899	0.044	0.136	0.1073	0.0289	0.2184	0.1372
159	0.0354	0.371	0.0754	0.06	0.0882	0.0585	0.0915	0.0897	0.0439	0.1358	0.107	0.0289	0.2189	0.1371
160	0.0352	0.369	0.0751	0.0598	0.088	0.0586	0.0916	0.0897	0.0439	0.1357	0.107	0.0289	0.2187	0.1371
161	0.0351	0.3716	0.0751	0.06	0.088	0.0586	0.0916	0.0897	0.0439	0.1357	0.107	0.0288	0.2184	0.1369
162	0.0346	0.3666	0.0752	0.0599	0.0882	0.0587	0.0916	0.0899	0.044	0.1362	0.1073	0.0289	0.2187	0.1371
163	0.0347	0.3738	0.0755	0.0602	0.0885	0.0585	0.0915	0.0899	0.044	0.1361	0.1073	0.0289	0.219	0.1373
164	0.0347	0.3735	0.0754	0.06	0.0884	0.059	0.0921	0.0902	0.044	0.136	0.1073	0.0289	0.2191	0.1374
165	0.0345	0.3671	0.0752	0.06	0.0881	0.059	0.092	0.09	0.044	0.1355	0.1071	0.0289	0.2195	0.1373
166	0.034	0.3731	0.0753	0.0601	0.0883	0.0588	0.0919	0.09	0.0439	0.1354	0.1071	0.0289	0.2192	0.1373
167	0.0338	0.3717	0.0755	0.0603	0.0886	0.0589	0.0921	0.0902	0.044	0.1357	0.1073	0.029	0.2196	0.1376
168	0.0336	0.3747	0.0757	0.0605	0.0886	0.0591	0.0922	0.0903	0.044	0.1357	0.1073	0.029	0.2197	0.1376
169	0.0339	0.367	0.0759	0.0608	0.0889	0.0591	0.0924	0.0904	0.044	0.1356	0.1073	0.029	0.2196	0.1376
170	0.0332	0.367	0.076	0.0608	0.0891	0.0591	0.0924	0.0906	0.044	0.1361	0.1076	0.029	0.2199	0.1378
171	0.0341	0.3702	0.0758	0.0608	0.0891	0.0591	0.0924	0.0907	0.0441	0.1363	0.1078	0.029	0.2197	0.1379
172	0.0327	0.369	0.0761	0.061	0.0893	0.0594	0.0928	0.0909	0.0441	0.1363	0.1078	0.029	0.2202	0.1381
173	0.0335	0.3673	0.0759	0.061	0.0893	0.0593	0.0927	0.0909	0.0442	0.1369	0.1081	0.029	0.2195	0.1379
174	0.0327	0.3711	0.0759	0.061	0.0893	0.0595	0.093	0.0911	0.0442	0.1368	0.1081	0.0289	0.2193	0.1379
175	0.0332	0.3587	0.0763	0.0614	0.0897	0.0593	0.0928	0.091	0.0442	0.1367	0.1081	0.0289	0.2189	0.1379
176	0.0326	0.3648	0.0762	0.0612	0.0896	0.0596	0.093	0.0912	0.0442	0.1368	0.1082	0.0289	0.2188	0.1379
177	0.033	0.3704	0.0763	0.0614	0.0898	0.0597	0.0932	0.0914	0.0441	0.1364	0.1082	0.0289	0.2189	0.138
178	0.032	0.3699	0.0761	0.0612	0.0895	0.0597	0.0932	0.0913	0.0441	0.1365	0.1081	0.0289	0.219	0.138
179	0.032	0.372	0.0761	0.0612	0.0896	0.0597	0.0933	0.0914	0.0441	0.1364	0.108	0.0289	0.2191	0.138
180	0.0327	0.3716	0.0757	0.0611	0.0893	0.0596	0.0929	0.0912	0.0441	0.1363	0.1081	0.0289	0.2192	0.138
181	0.0321	0.361	0.0759	0.0612	0.0894	0.0596	0.0929	0.0912	0.0441	0.1365	0.108	0.0289	0.2189	0.1378
182	0.0317	0.3712	0.0761	0.0614	0.0897	0.0597	0.0929	0.0914	0.0442	0.1366	0.1083	0.0288	0.2187	0.1379
183	0.0322	0.3739	0.0762	0.0616	0.0898	0.0598	0.0933	0.0916	0.0442	0.1366	0.1084	0.0289	0.2189	0.1381
184	0.0319	0.3712	0.0763	0.0618	0.09	0.0599	0.0937	0.0918	0.0442	0.1363	0.1084	0.0289	0.219	0.1382
185	0.0318	0.3754	0.0763	0.0617	0.0899	0.0599	0.0936	0.0917	0.0442	0.1367	0.1084	0.0289	0.2191	0.1382
186	0.0322	0.3708	0.0764	0.0618	0.0902	0.06	0.0939	0.092	0.0442	0.1369	0.1086	0.0289	0.2189	0.1383
187	0.0314	0.3651	0.0765	0.0618	0.0902	0.06	0.0938	0.092	0.0443	0.1369	0.1087	0.0289	0.2188	0.1383
188	0.0318	0.3643	0.0761	0.0614	0.0898	0.0598	0.0936	0.0918	0.0443	0.1367	0.1086	0.0289	0.2191	0.1383
189	0.0318	0.3684	0.0761	0.0615	0.09	0.0597	0.0935	0.0918	0.0442	0.1368	0.1086	0.0289	0.2191	0.1384
190	0.0311	0.3718	0.0761	0.0615	0.0899	0.0596	0.0934	0.0917	0.0443	0.1373	0.1087	0.0289	0.2191	0.1383
191	0.0307	0.3685	0.0762	0.0617	0.0897	0.0596	0.0934	0.0915	0.0441	0.1368	0.1083	0.0289	0.2196	0.1382
192	0.0314	0.3628	0.0761	0.0615	0.0898	0.0598	0.0936	0.0916	0.0441	0.1369	0.1084	0.0289	0.2197	0.1383
193	0.0306	0.362	0.076	0.0614	0.0898	0.0596	0.0935	0.0917	0.0441	0.1368	0.1085	0.0289	0.2194	0.1383
194	0.0302	0.3763	0.0762	0.0615	0.09	0.0597	0.0936	0.0918	0.0441	0.1369	0.1085	0.0289	0.2193	0.1383
195	0.0305	0.3739	0.0761	0.0615	0.0899	0.0597	0.0937	0.0918	0.044	0.1362	0.1083	0.0289	0.2194	0.1383
196	0.0308	0.3595	0.0759	0.0612	0.0897	0.0596	0.0936	0.0917	0.0441	0.1368	0.1085	0.0288	0.2189	0.1382
197	0.0304	0.3728	0.076	0.0613	0.0898	0.0596	0.0937	0.0917	0.0442	0.1371	0.1086	0.0288	0.2188	0.1381
198	0.0303	0.3639	0.076	0.0612	0.0898	0.0596	0.0938	0.0918	0.0442	0.1373	0.1087	0.0288	0.2188	0.1382
199	0.0302	0.375	0.0761	0.0614	0.09	0.0596	0.0938	0.0918	0.0442	0.1371	0.1086	0.0288	0.2188	0.1382
200	0.0306	0.3707	0.076	0.0611	0.0897	0.0596	0.0936	0.0917	0.0443	0.1373	0.1087	0.0288	0.219	0.1382
201	0.0305	0.3725	0.076	0.0611	0.09	0.0597	0.0938	0.092	0.0442	0.1373	0.109	0.0288	0.2191	0.1385
202	0.03	0.3664	0.0763	0.0614	0.0904	0.0599	0.094	0.0924	0.0442	0.1374	0.1092	0.0289	0.2196	0.1388
203	0.0299	0.3709	0.0763	0.0615	0.0905	0.06	0.0943	0.0925	0.0442	0.1373	0.1091	0.0289	0.2199	0.1389
204	0.0296	0.3762	0.0763	0.0615	0.0904	0.0599	0.0945	0.0924	0.0443	0.1376	0.1091	0.0289	0.2201	0.1389
205	0.0299	0.3659	0.0759	0.0611	0.09	0.0601	0.0948	0.0925	0.0443	0.1376	0.1091	0.0289	0.22	0.1388
206	0.0298	0.3655	0.0763	0.0614	0.0904	0.0601	0.0949	0.0926	0.0443	0.1377	0.1093	0.0289	0.2204	0.139
207	0.0294	0.3677	0.0761	0.0613	0.0905	0.0602	0.095	0.0928	0.0443	0.1375	0.1093	0.0289	0.2204	0.1391
208	0.0298	0.3763	0.0762	0.0614	0.0904	0.0603	0.0951	0.0928	0.0444	0.1379	0.1094	0.0289	0.2203	0.139
209	0.0295	0.3729	0.0762	0.0613	0.0903	0.0603	0.0949	0.0927	0.0443	0.1376	0.1092	0.0289	0.2203	0.139
210	0.0294	0.3677	0.0763	0.0617	0.0905	0.0603	0.0946	0.0927	0.0443	0.1377	0.1093	0.0289	0.2201	0.139
211	0.0293	0.3626	0.0761	0.0616	0.0904	0.0602	0.0947	0.0927	0.0443	0.1376	0.1093	0.0289	0.2202	0.139
212	0.0296	0.371	0.0763	0.0616	0.0904	0.0602	0.0947	0.0927	0.0444	0.1379	0.1094	0.0289	0.2199	0.1389
213	0.0291	0.3645	0.0765	0.0618	0.0906	0.0601	0.0946	0.0926	0.0444	0.1378	0.1093	0.0289	0.2197	0.1388
214	0.0292	0.3723	0.0764	0.0615	0.0904	0.0602	0.0946	0.0925	0.0444	0.1376	0.1092	0.0289	0.2196	0.1387
215	0.0291	0.3743	0.0765	0.0615	0.0904	0.0601	0.0945	0.0924	0.0444	0.1376	0.1091	0.0288	0.219	0.1385
216	0.0292	0.3651	0.0765	0.0617	0.0905	0.06	0.0942	0.0924	0.0443	0.1376	0.1092	0.0288	0.2191	0.1386
217	0.0295	0.364	0.0766	0.0621	0.0907	0.06	0.0941	0.0924	0.0444	0.1379	0.1093	0.0289	0.2195	0.1387
218	0.0295	0.372	0.0768	0.0623	0.0909	0.06	0.094	0.0924	0.0444	0.1377	0.1093	0.0288	0.2193	0.1388
219	0.0287	0.3708	0.077	0.0624	0.0912	0.06	0.0944	0.0927	0.0445	0.138	0.1096	0.0288	0.2194	0.139
220	0.029	0.3621	0.0769	0.0621	0.091	0.0602	0.0946	0.0928	0.0445	0.1379	0.1096	0.0288	0.2198	0.1391
221	0.0283	0.3644	0.0772	0.0625	0.0915	0.0604	0.095	0.0932	0.0444	0.1376	0.1097	0.0288	0.2192	0.1391
222	0.0284	0.3746	0.0771	0.0624	0.0913	0.0604	0.095	0.0931	0.0446	0.1381	0.1098	0.0288	0.2193	0.139
223	0.0287	0.3669	0.077	0.0623	0.0913	0.0603	0.0948	0.0931	0.0445	0.138	0.1098	0.0287	0.2189	0.139
224	0.0283	0.3723	0.077	0.0623	0.0913	0.0603	0.0947	0.0931	0.0444	0.1378	0.1097	0.0287	0.2185	0.1389
225	0.0286	0.3647	0.0771	0.0624	0.0913	0.0603	0.0947	0.093	0.0444	0.1379	0.1097	0.0287	0.2188	0.1389
226	0.0284	0.3808	0.077	0.0626	0.0912	0.0602	0.0946	0.0929	0.0445	0.138	0.1097	0.0287	0.2185	0.1388
227	0.0284	0.3679	0.0771	0.0625	0.0914	0.06	0.0941	0.0928	0.0446	0.1381	0.1098	0.0288	0.2189	0.139
228	0.0281	0.3611	0.077	0.0623	0.0914	0.0601	0.0942	0.0929	0.0446	0.1383	0.11	0.0288	0.2187	0.1391
229	0.0274	0.3708	0.0769	0.0622	0.0913	0.0601	0.0947	0.0931	0.0445	0.1381	0.1099	0.0287	0.2188	0.139
230	0.028	0.3676	0.077	0.0626	0.0915	0.0601	0.0948	0.0932	0.0445	0.1381	0.11	0.0288	0.2192	0.1392
231	0.0278	0.3727	0.0772	0.0625	0.0916	0.0599	0.0946	0.0931	0.0445	0.1382	0.1101	0.0288	0.2197	0.1394
232	0.0282	0.3688	0.0773	0.0625	0.0915	0.06	0.0947	0.093	0.0446	0.1382	0.11	0.0288	0.2195	0.1392
233	0.0288	0.3768	0.0771	0.0623	0.0914	0.06	0.0946	0.093	0.0445	0.138	0.1099	0.0288	0.2191	0.1391
234	0.0282	0.3777	0.0775	0.0627	0.0916	0.0601	0.0948	0.093	0.0446	0.1384	0.1099	0.0287	0.2186	0.1389
235	0.0283	0.3673	0.0773	0.0625	0.0915	0.0602	0.095	0.0931	0.0445	0.1382	0.1099	0.0288	0.2187	0.139
236	0.0275	0.3699	0.0774	0.0626	0.0914	0.0602	0.0951	0.0931	0.0444	0.1381	0.1098	0.0287	0.2184	0.1388
237	0.0279	0.3689	0.0771	0.0623	0.0912	0.0602	0.0949	0.093	0.0444	0.138	0.1097	0.0287	0.2182	0.1388
238	0.0281	0.3709	0.0774	0.0624	0.0914	0.0603	0.0952	0.0931	0.0444	0.1378	0.1097	0.0287	0.2182	0.1388
239	0.028	0.3701	0.0771	0.0623	0.0912	0.0603	0.0953	0.0932	0.0444	0.138	0.1098	0.0287	0.2181	0.1388
240	0.0279	0.3656	0.0772	0.0623	0.0913	0.0602	0.0954	0.0932	0.0445	0.1385	0.11	0.0288	0.2184	0.1389
241	0.0276	0.3756	0.077	0.0623	0.0911	0.0603	0.0952	0.093	0.0444	0.1382	0.1097	0.0288	0.2187	0.1388
242	0.0278	0.3699	0.0769	0.0623	0.0911	0.0603	0.0952	0.093	0.0443	0.1379	0.1096	0.0288	0.219	0.1389
243	0.0277	0.3738	0.077	0.0624	0.0912	0.0604	0.0951	0.093	0.0444	0.1381	0.1097	0.0288	0.2189	0.1389
244	0.0276	0.3713	0.0773	0.0627	0.0915	0.0603	0.0951	0.0932	0.0444	0.1381	0.1099	0.0288	0.2186	0.139
245	0.0275	0.3643	0.0772	0.0627	0.0914	0.0603	0.0951	0.0931	0.0444	0.138	0.1098	0.0288	0.2187	0.139
246	0.0276	0.3657	0.0772	0.0628	0.0914	0.0604	0.0954	0.0932	0.0445	0.1383	0.1099	0.0288	0.2187	0.139
247	0.0275	0.3689	0.077	0.0624	0.0912	0.0604	0.0956	0.0933	0.0445	0.1385	0.1099	0.0288	0.2189	0.139
248	0.0268	0.3706	0.0772	0.0627	0.0913	0.0606	0.0957	0.0933	0.0444	0.1383	0.1098	0.0288	0.2191	0.1391
249	0.0275	0.3708	0.0771	0.0626	0.0914	0.0606	0.0954	0.0934	0.0444	0.1382	0.1099	0.0289	0.2192	0.1393
250	0.0277	0.3668	0.0771	0.0626	0.0914	0.0604	0.0953	0.0933	0.0444	0.138	0.1098	0.0289	0.2192	0.1392
251	0.0273	0.379	0.0774	0.0628	0.0915	0.0603	0.095	0.0931	0.0444	0.1379	0.1097	0.0288	0.219	0.1391
252	0.0267	0.3695	0.0772	0.0625	0.0913	0.0603	0.095	0.093	0.0443	0.1379	0.1096	0.0288	0.2187	0.139
253	0.0275	0.3715	0.0768	0.0623	0.0911	0.0604	0.0954	0.0932	0.0442	0.1374	0.1094	0.0288	0.2185	0.1389
254	0.0272	0.3693	0.0769	0.0622	0.0912	0.0604	0.0953	0.0932	0.0442	0.1375	0.1095	0.0288	0.2185	0.1389
255	0.0267	0.3663	0.0767	0.0619	0.0909	0.0603	0.0953	0.0931	0.0443	0.1379	0.1096	0.0288	0.2186	0.1388
256	0.0272	0.3692	0.0766	0.0618	0.0909	0.0603	0.0954	0.0931	0.0443	0.1379	0.1096	0.0288	0.2186	0.1389
257	0.0275	0.3718	0.0768	0.062	0.0909	0.0604	0.0954	0.0931	0.0443	0.1381	0.1096	0.0288	0.2187	0.1389
258	0.0269	0.3717	0.0769	0.0622	0.0911	0.0603	0.0955	0.0932	0.0444	0.1384	0.1099	0.0288	0.2186	0.139
259	0.027	0.3677	0.0767	0.062	0.0909	0.0605	0.0955	0.0932	0.0444	0.1382	0.1098	0.0288	0.2188	0.139
260	0.0272	0.3786	0.0769	0.0623	0.091	0.0603	0.0951	0.093	0.0444	0.1383	0.1097	0.0288	0.2192	0.139
261	0.0274	0.3774	0.0771	0.0626	0.0912	0.0602	0.0949	0.0928	0.0443	0.138	0.1095	0.0288	0.2187	0.1388
262	0.0269	0.3751	0.0772	0.0625	0.0912	0.0603	0.095	0.093	0.0442	0.1378	0.1095	0.0288	0.2189	0.1389
263	0.0268	0.3705	0.0773	0.0627	0.0913	0.0606	0.0954	0.0931	0.0443	0.1378	0.1095	0.0288	0.2187	0.1388
264	0.0271	0.3683	0.0772	0.0626	0.0911	0.0604	0.0951	0.093	0.0443	0.1379	0.1095	0.0287	0.2182	0.1386
265	0.0269	0.3718	0.0764	0.0619	0.0905	0.0601	0.0948	0.0927	0.0442	0.1376	0.1093	0.0287	0.2184	0.1386
266	0.027	0.3744	0.0766	0.0621	0.0908	0.06	0.0946	0.0927	0.0443	0.1378	0.1095	0.0287	0.2183	0.1387
267	0.027	0.365	0.0764	0.0619	0.0908	0.0601	0.0946	0.0929	0.0443	0.138	0.1096	0.0287	0.2182	0.1387
268	0.0263	0.3656	0.0763	0.0618	0.0907	0.06	0.0946	0.0928	0.0443	0.1378	0.1096	0.0287	0.2184	0.1387
269	0.027	0.3731	0.0763	0.0619	0.0906	0.0599	0.0944	0.0926	0.0443	0.1377	0.1094	0.0287	0.2181	0.1385
270	0.0266	0.3697	0.0761	0.0617	0.0907	0.0598	0.0944	0.0928	0.0442	0.1375	0.1095	0.0287	0.2183	0.1388
271	0.0264	0.374	0.0764	0.0622	0.0908	0.0599	0.0945	0.0928	0.0443	0.1378	0.1096	0.0287	0.218	0.1387
272	0.027	0.3739	0.0762	0.0619	0.0907	0.0599	0.0946	0.0928	0.0442	0.1375	0.1094	0.0287	0.218	0.1386
273	0.0266	0.3689	0.0763	0.0619	0.0908	0.0598	0.0943	0.0927	0.0442	0.1375	0.1095	0.0287	0.218	0.1387
274	0.0262	0.3671	0.0764	0.0619	0.0908	0.0598	0.0944	0.0927	0.0442	0.1374	0.1095	0.0287	0.2181	0.1387
275	0.0266	0.3683	0.0764	0.062	0.0908	0.0599	0.0947	0.0927	0.0442	0.1373	0.1093	0.0287	0.2182	0.1386
276	0.0262	0.3598	0.0766	0.0622	0.0908	0.06	0.0949	0.0928	0.0442	0.1374	0.1093	0.0287	0.2181	0.1385
277	0.0267	0.3729	0.0763	0.062	0.0907	0.06	0.0948	0.0928	0.0442	0.1375	0.1094	0.0287	0.218	0.1386
278	0.0265	0.3753	0.0764	0.0621	0.0909	0.06	0.0948	0.093	0.0443	0.1377	0.1097	0.0287	0.2178	0.1388
279	0.0264	0.3768	0.0762	0.062	0.0909	0.0599	0.0947	0.093	0.0443	0.1377	0.1097	0.0287	0.2178	0.1388
280	0.026	0.3689	0.0763	0.0621	0.0909	0.0602	0.0951	0.0931	0.0442	0.1376	0.1096	0.0286	0.2177	0.1387
281	0.0267	0.3763	0.0761	0.062	0.0906	0.06	0.0949	0.0929	0.0442	0.1377	0.1095	0.0287	0.2184	0.1388
282	0.0262	0.3753	0.0763	0.0621	0.0907	0.0599	0.0946	0.0928	0.0441	0.1377	0.1095	0.0287	0.2185	0.1388
283	0.0261	0.359	0.0763	0.0623	0.091	0.06	0.0948	0.093	0.0441	0.1374	0.1095	0.0288	0.2183	0.139
284	0.0257	0.37	0.0762	0.0622	0.0909	0.0603	0.0953	0.0932	0.0441	0.1374	0.1095	0.0287	0.2182	0.1389
285	0.0265	0.3701	0.0762	0.0623	0.0909	0.0603	0.0953	0.0933	0.0441	0.1374	0.1095	0.0287	0.2179	0.1388
286	0.0262	0.3682	0.0765	0.0624	0.0913	0.0602	0.0951	0.0933	0.0442	0.1377	0.1098	0.0288	0.2181	0.1391
287	0.0262	0.3766	0.0766	0.0625	0.0913	0.0602	0.095	0.0933	0.0443	0.138	0.11	0.0287	0.2178	0.139
288	0.0267	0.372	0.0765	0.0623	0.0911	0.0604	0.0952	0.0934	0.0444	0.1381	0.1099	0.0287	0.2176	0.1389
289	0.0263	0.3674	0.0763	0.0622	0.0911	0.0607	0.0958	0.0937	0.0444	0.1383	0.1101	0.0287	0.2173	0.1389
290	0.0259	0.3742	0.0763	0.0624	0.0912	0.0607	0.0958	0.0937	0.0444	0.1382	0.1101	0.0287	0.2179	0.1391
291	0.0264	0.3615	0.0762	0.0621	0.0912	0.0605	0.0956	0.0936	0.0443	0.1381	0.1101	0.0287	0.2174	0.139
292	0.0258	0.3764	0.0764	0.0623	0.0914	0.0604	0.0954	0.0936	0.0443	0.138	0.1101	0.0287	0.2173	0.139
293	0.0262	0.3745	0.0764	0.0623	0.0914	0.0603	0.0951	0.0935	0.0444	0.138	0.1102	0.0287	0.2177	0.1391
294	0.0267	0.3723	0.0764	0.0623	0.0912	0.0604	0.0953	0.0935	0.0443	0.1379	0.11	0.0287	0.2176	0.139
295	0.0261	0.3734	0.0763	0.0622	0.0911	0.0602	0.0949	0.0932	0.0443	0.1377	0.1099	0.0287	0.2175	0.1389
296	0.0257	0.381	0.0766	0.0624	0.0913	0.0601	0.0948	0.0932	0.0443	0.1378	0.1099	0.0287	0.2175	0.1389
297	0.0264	0.3645	0.0766	0.0624	0.0913	0.0603	0.0949	0.0933	0.0444	0.1381	0.1101	0.0287	0.2178	0.139
298	0.0261	0.3664	0.0765	0.0624	0.0913	0.0602	0.0949	0.0933	0.0444	0.1381	0.1101	0.0287	0.2178	0.139
299	0.0258	0.3719	0.0764	0.0623	0.0913	0.0602	0.0949	0.0934	0.0444	0.138	0.1101	0.0287	0.2182	0.1392
300	0.0261	0.3733	0.0766	0.0625	0.0914	0.0601	0.0947	0.0933	0.0443	0.1378	0.11	0.0287	0.2179	0.1391
301	0.0259	0.3703	0.0765	0.0624	0.0913	0.0604	0.0951	0.0935	0.0443	0.1382	0.1101	0.0287	0.218	0.1391
302	0.0255	0.3668	0.0765	0.0625	0.0913	0.0603	0.0949	0.0933	0.0442	0.1377	0.1099	0.0286	0.2176	0.139
303	0.0262	0.3719	0.0765	0.0625	0.0913	0.06	0.0945	0.0931	0.0443	0.1379	0.11	0.0287	0.2181	0.139
304	0.026	0.3743	0.0765	0.0624	0.0913	0.0603	0.0949	0.0934	0.0442	0.1377	0.1099	0.0287	0.218	0.139
305	0.0262	0.3719	0.0771	0.0628	0.0917	0.0605	0.0952	0.0936	0.0443	0.1381	0.1101	0.0287	0.2182	0.1392
306	0.0257	0.3673	0.0773	0.063	0.092	0.0604	0.0954	0.0937	0.0443	0.138	0.1102	0.0287	0.218	0.1392
307	0.0259	0.3777	0.0776	0.0631	0.0921	0.0602	0.095	0.0934	0.0442	0.1379	0.1101	0.0286	0.2176	0.139
308	0.0254	0.3636	0.0773	0.0631	0.0921	0.0604	0.0955	0.0938	0.0442	0.1377	0.1102	0.0286	0.2176	0.1392
309	0.0254	0.3691	0.0772	0.063	0.0919	0.0603	0.0953	0.0937	0.0442	0.1378	0.1102	0.0287	0.2178	0.1392
310	0.0257	0.3699	0.0773	0.063	0.0921	0.0605	0.0959	0.0941	0.0443	0.138	0.1104	0.0286	0.2175	0.1393
311	0.0256	0.3746	0.0772	0.0631	0.0918	0.0604	0.0958	0.0938	0.0443	0.138	0.1102	0.0287	0.2177	0.1391
312	0.0252	0.3737	0.0772	0.0631	0.0919	0.0605	0.0957	0.0938	0.0443	0.1382	0.1103	0.0286	0.2174	0.1391
313	0.0256	0.3665	0.0772	0.0632	0.0917	0.0605	0.0957	0.0938	0.0443	0.1381	0.1102	0.0287	0.2175	0.1391
314	0.0257	0.3734	0.0775	0.0634	0.0919	0.0604	0.0955	0.0937	0.0443	0.1382	0.1102	0.0287	0.2176	0.1391
315	0.0258	0.3754	0.0777	0.0634	0.092	0.0604	0.0955	0.0937	0.0443	0.1382	0.1102	0.0286	0.2176	0.1391
316	0.0252	0.3691	0.0782	0.0639	0.0924	0.0605	0.0959	0.0938	0.0443	0.1384	0.1103	0.0287	0.2177	0.1391
317	0.0259	0.379	0.0776	0.0634	0.0921	0.0605	0.0959	0.0938	0.0443	0.1383	0.1103	0.0287	0.2179	0.1393
318	0.0255	0.3751	0.0779	0.0637	0.0922	0.0604	0.0956	0.0937	0.0443	0.1382	0.1102	0.0287	0.2184	0.1393
319	0.0255	0.3702	0.0784	0.0641	0.0927	0.0603	0.0953	0.0936	0.0445	0.1392	0.1106	0.0287	0.2181	0.1393
320	0.0255	0.3719	0.0784	0.0641	0.0924	0.0603	0.0953	0.0934	0.0444	0.1388	0.1103	0.0287	0.2182	0.1391
321	0.0259	0.3794	0.0781	0.064	0.092	0.0604	0.0954	0.0933	0.0444	0.1387	0.1101	0.0286	0.2181	0.1389
322	0.0255	0.3714	0.078	0.0638	0.0919	0.0605	0.0954	0.0933	0.0443	0.1384	0.1099	0.0286	0.2178	0.1387
323	0.025	0.3718	0.0779	0.0637	0.0918	0.0603	0.0952	0.0932	0.0443	0.1387	0.1099	0.0286	0.2177	0.1386
324	0.0252	0.3682	0.0778	0.0637	0.0919	0.0602	0.0951	0.0932	0.0443	0.1385	0.11	0.0286	0.2176	0.1386
325	0.0252	0.3732	0.0777	0.0636	0.0918	0.0603	0.0949	0.0932	0.0443	0.1386	0.11	0.0285	0.2175	0.1386
326	0.0251	0.3731	0.0777	0.0637	0.0919	0.0602	0.0949	0.0932	0.0443	0.1385	0.11	0.0286	0.2175	0.1387
327	0.0252	0.3668	0.0778	0.0639	0.0921	0.0603	0.095	0.0933	0.0443	0.1382	0.11	0.0285	0.2172	0.1386
328	0.0254	0.3679	0.0777	0.0637	0.0921	0.0602	0.0951	0.0934	0.0442	0.1381	0.11	0.0286	0.2175	0.1388
329	0.0255	0.3731	0.0775	0.0633	0.0919	0.0602	0.0949	0.0933	0.0442	0.1381	0.11	0.0286	0.2176	0.1388
330	0.0252	0.3758	0.078	0.0638	0.0923	0.0602	0.0952	0.0934	0.0442	0.138	0.11	0.0286	0.2176	0.1388
331	0.0253	0.3716	0.078	0.0638	0.0922	0.0603	0.0955	0.0934	0.0442	0.1381	0.1099	0.0286	0.2179	0.1388
332	0.0252	0.3704	0.0779	0.0635	0.092	0.0602	0.0954	0.0933	0.0442	0.1381	0.1098	0.0286	0.218	0.1388
333	0.0248	0.375	0.0779	0.0635	0.092	0.0604	0.0955	0.0933	0.0442	0.1385	0.1099	0.0286	0.2176	0.1386
334	0.0248	0.3673	0.0777	0.0636	0.0919	0.0605	0.0956	0.0935	0.0442	0.1383	0.1099	0.0286	0.2176	0.1387
335	0.0252	0.3785	0.0779	0.0634	0.0921	0.0605	0.0955	0.0936	0.0442	0.1384	0.1101	0.0286	0.2177	0.1388
336	0.0251	0.3774	0.0778	0.0632	0.092	0.0603	0.095	0.0933	0.0442	0.1385	0.11	0.0286	0.2178	0.1388
337	0.0254	0.3769	0.0775	0.0631	0.0918	0.0604	0.0951	0.0933	0.0442	0.1382	0.1099	0.0285	0.2177	0.1387
338	0.0252	0.3721	0.0775	0.0631	0.0918	0.0603	0.0949	0.0933	0.044	0.1377	0.1097	0.0286	0.2178	0.1387
339	0.0253	0.3686	0.0775	0.0634	0.0917	0.0603	0.0952	0.0932	0.0441	0.1379	0.1097	0.0286	0.2178	0.1387
340	0.025	0.3692	0.0774	0.0632	0.0916	0.0603	0.0952	0.0933	0.0442	0.1381	0.1098	0.0286	0.2179	0.1387
341	0.0249	0.3734	0.0777	0.0635	0.0919	0.0603	0.0953	0.0934	0.0441	0.138	0.1098	0.0286	0.218	0.1388
342	0.0256	0.3745	0.0777	0.0635	0.0919	0.0602	0.0953	0.0933	0.0442	0.1382	0.1098	0.0286	0.2177	0.1387
343	0.0251	0.3689	0.0778	0.0634	0.0919	0.0604	0.0953	0.0934	0.0441	0.138	0.1098	0.0286	0.2178	0.1388
344	0.025	0.3745	0.078	0.0636	0.092	0.0605	0.0956	0.0935	0.0441	0.1379	0.1098	0.0286	0.2179	0.1388
345	0.0251	0.3696	0.0779	0.0635	0.0922	0.0605	0.0957	0.0937	0.0442	0.138	0.11	0.0286	0.2178	0.139
346	0.0246	0.3629	0.078	0.0635	0.0922	0.0606	0.0957	0.0938	0.0442	0.1382	0.1101	0.0286	0.2177	0.139
347	0.0253	0.3742	0.0774	0.0632	0.0917	0.0606	0.0958	0.0937	0.0441	0.1381	0.11	0.0286	0.2178	0.1389
348	0.0252	0.3728	0.0775	0.0632	0.0918	0.0605	0.0958	0.0937	0.0441	0.138	0.11	0.0285	0.2175	0.1389
349	0.0244	0.3709	0.0777	0.0634	0.0919	0.0605	0.0955	0.0936	0.044	0.1376	0.1098	0.0285	0.2177	0.1388
350	0.0249	0.3699	0.0779	0.0634	0.0921	0.0606	0.0956	0.0937	0.0441	0.1378	0.1099	0.0285	0.2176	0.1389
351	0.0249	0.3681	0.078	0.0635	0.0921	0.0605	0.0956	0.0937	0.0442	0.1381	0.11	0.0286	0.218	0.139
352	0.025	0.3714	0.078	0.0636	0.0921	0.0606	0.0956	0.0937	0.0442	0.138	0.11	0.0286	0.2181	0.139
353	0.0248	0.3709	0.0779	0.0635	0.0921	0.0605	0.0954	0.0936	0.0441	0.138	0.11	0.0285	0.2177	0.1389
354	0.025	0.3738	0.0781	0.0635	0.0923	0.0606	0.0956	0.0937	0.0441	0.1378	0.11	0.0286	0.2179	0.139
355	0.0248	0.3749	0.0782	0.0636	0.0924	0.0607	0.0957	0.0938	0.0442	0.138	0.1101	0.0286	0.2181	0.1391
356	0.0254	0.3782	0.0781	0.0636	0.0924	0.0606	0.0957	0.0938	0.0441	0.138	0.11	0.0285	0.2176	0.139
357	0.0248	0.3742	0.0783	0.064	0.0926	0.0606	0.0958	0.0939	0.0442	0.1379	0.1102	0.0285	0.2177	0.1391
358	0.0249	0.3702	0.0781	0.0639	0.0924	0.0607	0.096	0.094	0.0442	0.1382	0.1102	0.0286	0.218	0.1391
359	0.0249	0.3798	0.0781	0.0639	0.0925	0.0607	0.096	0.094	0.0442	0.1382	0.1103	0.0285	0.2178	0.1391
360	0.0248	0.3783	0.0781	0.0639	0.0926	0.0606	0.0961	0.0941	0.0442	0.1381	0.1103	0.0286	0.2178	0.1393
361	0.0253	0.3715	0.0782	0.064	0.0929	0.0608	0.0963	0.0944	0.0442	0.1381	0.1105	0.0285	0.2174	0.1393
362	0.0249	0.3828	0.0781	0.0639	0.0928	0.0608	0.0963	0.0944	0.0442	0.1379	0.1105	0.0285	0.2179	0.1394
363	0.0248	0.3738	0.0781	0.0639	0.0928	0.0608	0.0966	0.0945	0.0442	0.1376	0.1104	0.0286	0.2179	0.1394
364	0.0249	0.3778	0.0783	0.064	0.093	0.0607	0.0962	0.0944	0.0441	0.1374	0.1104	0.0285	0.2176	0.1395
365	0.025	0.3725	0.0779	0.0638	0.0927	0.0608	0.0963	0.0944	0.0442	0.1375	0.1104	0.0286	0.218	0.1395
366	0.0244	0.3674	0.0777	0.0636	0.0924	0.0608	0.0964	0.0943	0.0442	0.1376	0.1102	0.0286	0.2183	0.1394
367	0.0248	0.3696	0.0776	0.0636	0.0923	0.0607	0.0962	0.0942	0.0441	0.1372	0.1101	0.0285	0.2182	0.1393
368	0.0247	0.3784	0.0777	0.0636	0.0925	0.0608	0.0963	0.0943	0.0442	0.1374	0.1102	0.0286	0.2181	0.1394
369	0.0247	0.3751	0.0781	0.0639	0.0926	0.0608	0.0964	0.0943	0.0441	0.1375	0.1102	0.0286	0.2182	0.1393
370	0.0243	0.3704	0.0781	0.0638	0.0926	0.0607	0.0963	0.0943	0.0441	0.1373	0.1101	0.0286	0.2186	0.1394
371	0.0245	0.3766	0.0779	0.0637	0.0925	0.0606	0.0963	0.0942	0.0441	0.1374	0.1102	0.0286	0.2184	0.1394
372	0.0253	0.3716	0.0777	0.0635	0.0925	0.0606	0.0964	0.0943	0.0441	0.1372	0.1102	0.0286	0.2184	0.1394
373	0.0248	0.3768	0.0777	0.0635	0.0925	0.0604	0.096	0.0941	0.0441	0.1375	0.1102	0.0286	0.2184	0.1394
374	0.0247	0.3731	0.0778	0.0637	0.0925	0.0607	0.0962	0.0942	0.0442	0.1382	0.1104	0.0285	0.2183	0.1394
375	0.0246	0.3753	0.078	0.0637	0.0926	0.0606	0.096	0.0942	0.0442	0.1383	0.1105	0.0286	0.2185	0.1395
376	0.0247	0.3753	0.0779	0.0637	0.0925	0.0607	0.096	0.0942	0.0441	0.1381	0.1104	0.0285	0.2181	0.1394
377	0.0247	0.3671	0.0781	0.0637	0.0925	0.0606	0.0961	0.0941	0.0441	0.1378	0.1102	0.0285	0.2184	0.1393
378	0.0246	0.3792	0.0782	0.0638	0.0927	0.0607	0.0959	0.0941	0.0441	0.1376	0.1102	0.0285	0.2182	0.1393
379	0.0248	0.3732	0.0781	0.0637	0.0927	0.0606	0.0958	0.0941	0.0441	0.1376	0.1103	0.0285	0.2181	0.1393
380	0.0248	0.3828	0.0781	0.0638	0.0926	0.0607	0.0959	0.0941	0.044	0.1375	0.1101	0.0285	0.2179	0.1392
381	0.025	0.3734	0.0781	0.0639	0.0926	0.0606	0.0958	0.0941	0.044	0.1377	0.1102	0.0285	0.2179	0.1392
382	0.0245	0.3709	0.0781	0.0639	0.0927	0.0606	0.0957	0.0941	0.044	0.1377	0.1103	0.0285	0.2174	0.1392
383	0.025	0.3739	0.0784	0.0642	0.0929	0.0606	0.0958	0.0941	0.044	0.1378	0.1103	0.0285	0.2176	0.1392
384	0.0244	0.3776	0.0785	0.0643	0.0931	0.0604	0.0954	0.094	0.044	0.1379	0.1104	0.0285	0.2177	0.1393
385	0.0247	0.3722	0.0784	0.0641	0.0929	0.0604	0.0955	0.094	0.044	0.1379	0.1103	0.0284	0.2171	0.1392
386	0.0248	0.3778	0.0781	0.064	0.0927	0.0601	0.0952	0.0938	0.044	0.1377	0.1102	0.0284	0.2168	0.139
387	0.0245	0.3673	0.0783	0.064	0.0929	0.0602	0.0953	0.0939	0.044	0.138	0.1103	0.0285	0.2175	0.1392
388	0.0247	0.3744	0.0782	0.0639	0.0931	0.0604	0.0956	0.0942	0.0441	0.1379	0.1104	0.0285	0.2173	0.1393
389	0.0239	0.3634	0.078	0.0637	0.093	0.0603	0.0953	0.0941	0.0442	0.1381	0.1106	0.0285	0.2172	0.1393
390	0.0246	0.3704	0.0778	0.0634	0.0929	0.0602	0.0952	0.0941	0.0441	0.1381	0.1106	0.0285	0.2175	0.1394
391	0.0245	0.3694	0.0777	0.0634	0.0928	0.0603	0.0953	0.0941	0.0442	0.1384	0.1106	0.0285	0.2175	0.1394
392	0.0243	0.3716	0.0777	0.0634	0.0927	0.0603	0.0953	0.094	0.044	0.138	0.1104	0.0285	0.2174	0.1393
393	0.0246	0.368	0.0774	0.0632	0.0923	0.0604	0.0955	0.094	0.044	0.1377	0.1101	0.0285	0.2173	0.139
394	0.0244	0.3726	0.0772	0.0632	0.0922	0.0602	0.0951	0.0938	0.044	0.1376	0.1101	0.0285	0.2172	0.139
395	0.0245	0.3801	0.077	0.063	0.0919	0.0603	0.0956	0.0939	0.044	0.1374	0.11	0.0284	0.217	0.1388
396	0.0246	0.3715	0.0768	0.0629	0.0917	0.0601	0.0951	0.0936	0.044	0.1376	0.1099	0.0284	0.2169	0.1386
397	0.0242	0.3712	0.0768	0.0631	0.0918	0.0603	0.0951	0.0936	0.044	0.1375	0.1099	0.0284	0.2167	0.1386
398	0.0243	0.3672	0.077	0.0633	0.092	0.0601	0.0948	0.0935	0.0439	0.1371	0.1098	0.0284	0.2166	0.1387
399	0.0241	0.3658	0.0773	0.0635	0.0921	0.0603	0.0953	0.0937	0.0438	0.137	0.1097	0.0283	0.2164	0.1386
400	0.0242	0.3718	0.0773	0.0635	0.0923	0.0602	0.0953	0.0939	0.0439	0.1374	0.11	0.0284	0.2165	0.1387
401	0.0245	0.3696	0.0773	0.0635	0.0922	0.06	0.0948	0.0935	0.0438	0.137	0.1098	0.0284	0.2164	0.1386
402	0.0239	0.3696	0.0771	0.0633	0.092	0.06	0.0948	0.0934	0.0438	0.137	0.1097	0.0284	0.2164	0.1385
403	0.0246	0.3711	0.0773	0.0634	0.0922	0.0601	0.0951	0.0936	0.0438	0.1371	0.1098	0.0284	0.2166	0.1386
404	0.024	0.378	0.0771	0.0632	0.0922	0.0599	0.0948	0.0935	0.0438	0.1374	0.1099	0.0284	0.2165	0.1387
405	0.0243	0.3732	0.077	0.0631	0.0921	0.0597	0.0946	0.0935	0.0438	0.1373	0.1099	0.0284	0.2162	0.1387
406	0.0246	0.3693	0.077	0.0631	0.0922	0.0598	0.0947	0.0936	0.0439	0.1374	0.1101	0.0284	0.216	0.1388
407	0.0243	0.3758	0.077	0.063	0.0922	0.0601	0.0951	0.0939	0.0439	0.1373	0.1102	0.0284	0.2164	0.1389
408	0.0241	0.3748	0.0772	0.0632	0.0925	0.0601	0.095	0.094	0.0439	0.1375	0.1103	0.0284	0.217	0.1391
409	0.0243	0.3736	0.077	0.0633	0.0924	0.06	0.0948	0.0938	0.0439	0.1374	0.1102	0.0284	0.2163	0.139
410	0.0239	0.3698	0.0767	0.0631	0.0922	0.06	0.0948	0.0939	0.0439	0.1374	0.1102	0.0284	0.2168	0.1391
411	0.0243	0.3675	0.077	0.0633	0.0924	0.06	0.0949	0.0939	0.0439	0.1375	0.1103	0.0284	0.2165	0.139
412	0.0241	0.3752	0.0771	0.0635	0.0924	0.06	0.0946	0.0937	0.0439	0.1374	0.1101	0.0283	0.2161	0.1388
413	0.0241	0.3729	0.0774	0.0638	0.0923	0.06	0.0947	0.0935	0.0439	0.1378	0.11	0.0283	0.2157	0.1385
414	0.0239	0.3786	0.0772	0.0635	0.092	0.0598	0.0945	0.0933	0.044	0.1378	0.1099	0.0283	0.216	0.1384
415	0.0247	0.3769	0.0775	0.0637	0.0923	0.0599	0.0947	0.0934	0.0439	0.1376	0.1099	0.0283	0.2162	0.1385
416	0.0243	0.3759	0.0777	0.0642	0.0924	0.06	0.0949	0.0934	0.0439	0.1374	0.1097	0.0284	0.2163	0.1385
417	0.0239	0.3723	0.0777	0.0642	0.0925	0.0599	0.0947	0.0934	0.0439	0.1378	0.1099	0.0284	0.2164	0.1385
418	0.0241	0.3798	0.0777	0.0642	0.0926	0.0598	0.0944	0.0934	0.044	0.1379	0.1102	0.0284	0.2164	0.1387
419	0.0242	0.3737	0.0778	0.0642	0.0927	0.0599	0.0944	0.0935	0.0441	0.1383	0.1103	0.0283	0.2163	0.1387
420	0.0241	0.3706	0.0776	0.064	0.0926	0.0599	0.0945	0.0935	0.0442	0.1385	0.1105	0.0283	0.2162	0.1387
421	0.0243	0.3781	0.0776	0.0641	0.0926	0.0597	0.0942	0.0934	0.0441	0.1381	0.1103	0.0283	0.2164	0.1387
422	0.0237	0.3719	0.0776	0.0641	0.0926	0.0598	0.0945	0.0935	0.0441	0.1381	0.1104	0.0283	0.2164	0.1388
423	0.024	0.3699	0.0778	0.0642	0.0927	0.0599	0.0946	0.0935	0.0442	0.1385	0.1105	0.0284	0.2167	0.1388
424	0.0239	0.3813	0.0778	0.0641	0.0928	0.0598	0.0944	0.0935	0.0442	0.1382	0.1104	0.0284	0.2168	0.1389
425	0.0242	0.3668	0.0778	0.0641	0.0928	0.0598	0.0946	0.0937	0.044	0.1376	0.1103	0.0283	0.2166	0.1389
426	0.0239	0.3672	0.0776	0.0638	0.0926	0.0598	0.0944	0.0935	0.0441	0.138	0.1103	0.0283	0.2163	0.1388
427	0.0237	0.3716	0.0774	0.0637	0.0924	0.0597	0.0945	0.0935	0.0441	0.1381	0.1103	0.0283	0.2163	0.1387
428	0.0243	0.3674	0.0774	0.0638	0.0925	0.0597	0.0946	0.0935	0.0441	0.1379	0.1103	0.0284	0.2166	0.1389
429	0.0238	0.3732	0.0776	0.0638	0.0924	0.0595	0.0944	0.0932	0.0441	0.1383	0.1102	0.0283	0.2165	0.1386
430	0.0242	0.3739	0.0775	0.0637	0.0924	0.0597	0.0945	0.0934	0.0441	0.1382	0.1102	0.0283	0.2165	0.1386
431	0.0239	0.371	0.0777	0.0639	0.0924	0.0599	0.0947	0.0933	0.0441	0.1382	0.1101	0.0283	0.2163	0.1384
432	0.0243	0.3791	0.0778	0.0639	0.0924	0.06	0.095	0.0935	0.044	0.1379	0.11	0.0283	0.2159	0.1383
433	0.0238	0.3656	0.0776	0.0637	0.0923	0.06	0.0949	0.0935	0.044	0.138	0.1101	0.0283	0.2158	0.1384
434	0.0238	0.3803	0.0773	0.0636	0.0921	0.0598	0.0947	0.0934	0.044	0.1381	0.1101	0.0282	0.2156	0.1383
435	0.0239	0.3726	0.0774	0.0638	0.0924	0.0597	0.0944	0.0933	0.044	0.138	0.1101	0.0282	0.2154	0.1383
436	0.0244	0.3759	0.0776	0.064	0.0925	0.0598	0.0945	0.0934	0.044	0.138	0.1101	0.0282	0.2156	0.1383
437	0.0241	0.3818	0.0777	0.0639	0.0926	0.0599	0.0945	0.0935	0.0441	0.1382	0.1103	0.0283	0.216	0.1386
438	0.0238	0.376	0.0779	0.064	0.0928	0.0599	0.0945	0.0936	0.0441	0.1386	0.1105	0.0283	0.2163	0.1388
439	0.0245	0.3726	0.0777	0.0638	0.0928	0.0598	0.0944	0.0936	0.044	0.1385	0.1106	0.0283	0.2162	0.1388
440	0.0237	0.3814	0.0777	0.0638	0.0927	0.0598	0.0945	0.0936	0.044	0.1385	0.1105	0.0283	0.2164	0.1388
441	0.024	0.3711	0.0781	0.0641	0.0929	0.0598	0.0947	0.0936	0.044	0.1385	0.1104	0.0283	0.2161	0.1386
442	0.024	0.3734	0.0783	0.0641	0.093	0.0598	0.0945	0.0935	0.044	0.1381	0.1103	0.0283	0.2164	0.1387
443	0.0238	0.373	0.0782	0.0641	0.093	0.0598	0.0946	0.0936	0.044	0.1381	0.1103	0.0283	0.2164	0.1388
444	0.0241	0.3812	0.0782	0.0641	0.093	0.0597	0.0945	0.0936	0.044	0.1382	0.1104	0.0283	0.2163	0.1388
445	0.0237	0.3747	0.0783	0.0642	0.0931	0.0597	0.0944	0.0936	0.044	0.1384	0.1105	0.0283	0.2163	0.1389
446	0.0236	0.3716	0.0781	0.0639	0.0929	0.0599	0.0946	0.0937	0.0439	0.1381	0.1104	0.0283	0.2166	0.1389
447	0.0236	0.3765	0.0781	0.064	0.093	0.06	0.0949	0.0938	0.0439	0.1378	0.1103	0.0283	0.2166	0.1389
448	0.0234	0.3712	0.078	0.0639	0.093	0.0599	0.0946	0.0937	0.0439	0.1377	0.1103	0.0283	0.2163	0.1388
449	0.0241	0.3784	0.078	0.0639	0.093	0.0598	0.0946	0.0937	0.0439	0.1377	0.1103	0.0283	0.2169	0.139
450	0.024	0.3732	0.0779	0.0641	0.0931	0.06	0.0949	0.0939	0.0439	0.1377	0.1104	0.0283	0.2167	0.139
451	0.0246	0.3763	0.0779	0.0638	0.0928	0.0599	0.0948	0.0937	0.0439	0.1376	0.1102	0.0283	0.2167	0.1389
452	0.0235	0.3722	0.0777	0.0638	0.093	0.0599	0.0947	0.0939	0.0439	0.1377	0.1105	0.0283	0.2167	0.1391
453	0.0238	0.3794	0.0778	0.0639	0.0931	0.06	0.0947	0.094	0.0439	0.1377	0.1105	0.0283	0.2169	0.1392
454	0.0238	0.3768	0.0777	0.0636	0.0929	0.0601	0.0949	0.0941	0.0441	0.1382	0.1107	0.0284	0.217	0.1392
455	0.0236	0.3638	0.0778	0.0636	0.0931	0.0601	0.095	0.0942	0.0441	0.1382	0.1108	0.0283	0.2165	0.1392
456	0.0234	0.3681	0.0779	0.0638	0.0933	0.0602	0.0951	0.0943	0.0442	0.1383	0.1109	0.0283	0.2165	0.1393
457	0.0241	0.3705	0.078	0.0637	0.0931	0.0599	0.0947	0.0939	0.044	0.1382	0.1106	0.0283	0.2168	0.1391
458	0.0237	0.3864	0.0783	0.064	0.0931	0.06	0.0947	0.0938	0.044	0.138	0.1104	0.0283	0.2166	0.1389
459	0.0239	0.3766	0.0781	0.064	0.0929	0.0599	0.0945	0.0936	0.044	0.1381	0.1103	0.0283	0.2166	0.1388
460	0.0237	0.3665	0.078	0.0639	0.093	0.0599	0.0949	0.0938	0.044	0.1379	0.1103	0.0283	0.2166	0.1389
461	0.0236	0.382	0.0783	0.0642	0.0932	0.0597	0.0944	0.0936	0.0441	0.1381	0.1104	0.0284	0.2168	0.139
462	0.0239	0.3705	0.0777	0.0638	0.0926	0.0598	0.0945	0.0935	0.044	0.1381	0.1102	0.0283	0.2163	0.1386
463	0.0235	0.3765	0.0775	0.0637	0.0924	0.0599	0.0947	0.0935	0.0441	0.1382	0.1102	0.0283	0.2163	0.1385
464	0.0239	0.386	0.0777	0.0637	0.0924	0.0598	0.0945	0.0932	0.044	0.1381	0.11	0.0283	0.2163	0.1384
465	0.0232	0.3712	0.078	0.064	0.0926	0.06	0.0949	0.0935	0.0441	0.1385	0.1102	0.0283	0.2165	0.1385
466	0.0238	0.3814	0.0779	0.0639	0.0925	0.0599	0.0948	0.0934	0.0441	0.1383	0.1101	0.0283	0.2164	0.1384
467	0.0236	0.3788	0.0779	0.0639	0.0926	0.0598	0.095	0.0935	0.0442	0.1385	0.1103	0.0283	0.2163	0.1385
468	0.0237	0.376	0.0778	0.0637	0.0924	0.0598	0.0947	0.0933	0.0441	0.1384	0.1101	0.0282	0.2158	0.1382
469	0.0238	0.3792	0.0777	0.0636	0.0922	0.06	0.095	0.0934	0.0442	0.1385	0.1101	0.0282	0.2158	0.1381
470	0.0234	0.3738	0.078	0.0639	0.0924	0.0599	0.0948	0.0932	0.0441	0.1383	0.11	0.0282	0.2158	0.1381
471	0.0236	0.3737	0.0776	0.0635	0.092	0.0598	0.0948	0.0932	0.0441	0.1384	0.11	0.0282	0.216	0.1381
472	0.0238	0.3711	0.0777	0.0636	0.092	0.0597	0.0948	0.0931	0.044	0.1383	0.1099	0.0282	0.2157	0.138
473	0.0232	0.3719	0.0781	0.0639	0.0924	0.0598	0.0948	0.0932	0.0441	0.1382	0.1099	0.0282	0.2155	0.1379
474	0.0235	0.3761	0.078	0.0636	0.0922	0.0597	0.0945	0.093	0.044	0.138	0.1097	0.0282	0.2156	0.1379
475	0.0235	0.3804	0.0779	0.0636	0.0921	0.0595	0.0942	0.0928	0.0439	0.138	0.1096	0.0282	0.2158	0.1379
476	0.0232	0.3764	0.078	0.0637	0.0921	0.0595	0.094	0.0926	0.0439	0.1379	0.1095	0.0282	0.2157	0.1378
477	0.0236	0.3827	0.0777	0.0634	0.0918	0.0595	0.094	0.0926	0.0439	0.1379	0.1094	0.0282	0.2154	0.1376
478	0.0233	0.3752	0.0777	0.0636	0.0918	0.0595	0.0941	0.0925	0.0439	0.1378	0.1094	0.0282	0.2157	0.1376
479	0.0238	0.3665	0.0773	0.0633	0.0916	0.0595	0.0942	0.0926	0.0438	0.1373	0.1092	0.0282	0.2157	0.1376
480	0.0231	0.3805	0.0772	0.0632	0.0917	0.0597	0.0945	0.0928	0.0438	0.1372	0.1093	0.0282	0.2155	0.1376
481	0.0234	0.3753	0.0769	0.0631	0.0916	0.0597	0.0945	0.0929	0.0439	0.1374	0.1094	0.0282	0.2153	0.1376
482	0.0232	0.3776	0.0767	0.0628	0.0912	0.0595	0.0942	0.0926	0.0439	0.1376	0.1093	0.0282	0.2151	0.1375
483	0.0232	0.3703	0.0769	0.063	0.0914	0.0596	0.0942	0.0926	0.0438	0.1374	0.1093	0.0282	0.2152	0.1375
484	0.0236	0.3792	0.0767	0.0629	0.0911	0.0595	0.0941	0.0925	0.0438	0.1373	0.1091	0.0282	0.2148	0.1374
485	0.0237	0.3755	0.0767	0.0626	0.091	0.0595	0.0942	0.0924	0.0437	0.1372	0.109	0.0282	0.2149	0.1373
486	0.023	0.3774	0.0767	0.0627	0.091	0.0596	0.0943	0.0926	0.0436	0.1368	0.1089	0.0281	0.2145	0.1372
487	0.0237	0.3769	0.0765	0.0625	0.0909	0.0595	0.0943	0.0925	0.0436	0.1367	0.1089	0.0281	0.2143	0.1372
488	0.0234	0.3794	0.0768	0.063	0.0912	0.0595	0.0941	0.0925	0.0437	0.1373	0.1091	0.0281	0.2143	0.1372
489	0.0235	0.3814	0.0767	0.0629	0.0913	0.0593	0.0937	0.0924	0.0436	0.1368	0.109	0.0282	0.2145	0.1374
490	0.0232	0.3794	0.0765	0.0626	0.0912	0.0592	0.0937	0.0925	0.0436	0.1369	0.1091	0.0281	0.2145	0.1374
491	0.0235	0.377	0.0764	0.0626	0.0911	0.0592	0.0938	0.0924	0.0434	0.1364	0.1088	0.0281	0.2144	0.1373
492	0.0233	0.3784	0.0767	0.0629	0.0914	0.0592	0.0937	0.0925	0.0435	0.1366	0.109	0.0282	0.2149	0.1375
493	0.0236	0.3801	0.0767	0.0629	0.0914	0.0592	0.0936	0.0925	0.0436	0.1368	0.1091	0.0281	0.2145	0.1375
494	0.0233	0.3826	0.0772	0.0633	0.0918	0.0591	0.0938	0.0926	0.0436	0.1368	0.1092	0.0281	0.2144	0.1375
495	0.0231	0.3778	0.0774	0.0635	0.0919	0.0593	0.094	0.0927	0.0435	0.1367	0.1091	0.0281	0.2145	0.1375
496	0.0233	0.3811	0.0773	0.0632	0.092	0.0596	0.0947	0.0931	0.0435	0.1366	0.1092	0.0281	0.2145	0.1377
497	0.0235	0.3788	0.0772	0.0632	0.0918	0.0595	0.0943	0.0929	0.0435	0.1367	0.1092	0.0281	0.2144	0.1376
498	0.0234	0.3766	0.0774	0.0635	0.0919	0.0595	0.0944	0.0929	0.0435	0.1368	0.1092	0.0281	0.2144	0.1375
499	0.0235	0.3786	0.0773	0.0633	0.0916	0.0596	0.0946	0.0927	0.0435	0.1366	0.1089	0.0281	0.2144	0.1373
500	0.0234	0.3735	0.0769	0.0631	0.0914	0.0596	0.0946	0.0928	0.0435	0.1365	0.109	0.0281	0.2146	0.1374
