{"n_layers": 1, "device": "cuda", "batch_size": 2048, "embedding_dim": 1024, "learning_rate": 0.001, "dataset": "dbbook", "epochs": 150, "top_k": 10, "multimodal": false, "datasets": {"dbbook": ["images", "text"], "ml1m": ["audio", "images", "text", "video"]}}
Epoch	Loss	Recall	Precision	NDCG
1	0.6849	0.0437	0.0296	0.0413
2	0.6604	0.0527	0.0356	0.0466
3	0.5985	0.0507	0.0340	0.0437
4	0.4898	0.0469	0.0320	0.0411
5	0.3729	0.0473	0.0324	0.0415
6	0.2824	0.0484	0.0330	0.0425
7	0.2209	0.0510	0.0348	0.0449
8	0.1774	0.0526	0.0356	0.0466
9	0.1470	0.0556	0.0376	0.0494
10	0.1212	0.0574	0.0388	0.0514
11	0.1025	0.0592	0.0399	0.0531
12	0.0900	0.0617	0.0410	0.0550
13	0.0773	0.0639	0.0421	0.0570
14	0.0685	0.0646	0.0426	0.0579
15	0.0585	0.0662	0.0434	0.0594
16	0.0538	0.0674	0.0441	0.0610
17	0.0489	0.0683	0.0449	0.0623
18	0.0437	0.0692	0.0457	0.0638
19	0.0400	0.0702	0.0462	0.0650
20	0.0355	0.0714	0.0467	0.0661
21	0.0340	0.0720	0.0470	0.0670
22	0.0310	0.0719	0.0470	0.0672
23	0.0292	0.0724	0.0472	0.0678
24	0.0271	0.0730	0.0477	0.0684
25	0.0254	0.0727	0.0477	0.0684
26	0.0238	0.0733	0.0479	0.0689
27	0.0226	0.0744	0.0484	0.0697
28	0.0219	0.0751	0.0487	0.0705
29	0.0202	0.0749	0.0487	0.0707
30	0.0191	0.0752	0.0489	0.0710
31	0.0179	0.0759	0.0491	0.0716
32	0.0170	0.0758	0.0493	0.0719
33	0.0175	0.0760	0.0492	0.0720
34	0.0162	0.0765	0.0495	0.0722
35	0.0154	0.0776	0.0501	0.0730
36	0.0147	0.0772	0.0499	0.0729
37	0.0142	0.0767	0.0495	0.0725
38	0.0143	0.0769	0.0495	0.0727
39	0.0139	0.0769	0.0495	0.0726
40	0.0131	0.0766	0.0492	0.0724
41	0.0132	0.0770	0.0494	0.0727
42	0.0122	0.0767	0.0493	0.0725
43	0.0122	0.0768	0.0492	0.0725
44	0.0118	0.0777	0.0495	0.0732
45	0.0109	0.0777	0.0496	0.0734
46	0.0110	0.0778	0.0496	0.0737
47	0.0113	0.0784	0.0500	0.0739
48	0.0103	0.0784	0.0499	0.0739
49	0.0105	0.0783	0.0497	0.0738
50	0.0103	0.0788	0.0499	0.0743
51	0.0099	0.0786	0.0501	0.0745
52	0.0098	0.0787	0.0500	0.0743
53	0.0098	0.0788	0.0500	0.0745
54	0.0102	0.0782	0.0497	0.0742
55	0.0092	0.0788	0.0499	0.0746
56	0.0087	0.0783	0.0497	0.0743
57	0.0097	0.0782	0.0497	0.0743
58	0.0091	0.0783	0.0497	0.0744
59	0.0084	0.0782	0.0497	0.0744
60	0.0087	0.0787	0.0500	0.0749
61	0.0087	0.0792	0.0503	0.0754
62	0.0085	0.0795	0.0504	0.0756
63	0.0080	0.0793	0.0504	0.0754
64	0.0082	0.0791	0.0503	0.0754
65	0.0082	0.0792	0.0505	0.0756
66	0.0087	0.0796	0.0504	0.0759
67	0.0084	0.0796	0.0503	0.0759
68	0.0076	0.0792	0.0502	0.0756
69	0.0075	0.0790	0.0502	0.0757
70	0.0076	0.0794	0.0503	0.0759
71	0.0079	0.0791	0.0504	0.0757
72	0.0079	0.0794	0.0504	0.0759
73	0.0077	0.0794	0.0504	0.0759
74	0.0083	0.0795	0.0503	0.0760
75	0.0073	0.0801	0.0508	0.0766
76	0.0077	0.0804	0.0507	0.0769
77	0.0077	0.0805	0.0506	0.0770
78	0.0069	0.0807	0.0506	0.0772
79	0.0072	0.0805	0.0503	0.0768
80	0.0072	0.0801	0.0501	0.0765
81	0.0075	0.0797	0.0497	0.0761
82	0.0068	0.0794	0.0497	0.0761
83	0.0069	0.0799	0.0499	0.0766
84	0.0071	0.0800	0.0500	0.0765
85	0.0069	0.0799	0.0498	0.0764
86	0.0073	0.0795	0.0495	0.0758
87	0.0068	0.0799	0.0497	0.0758
88	0.0072	0.0795	0.0496	0.0759
89	0.0073	0.0796	0.0495	0.0757
90	0.0061	0.0792	0.0494	0.0754
91	0.0068	0.0796	0.0496	0.0755
92	0.0065	0.0797	0.0497	0.0754
93	0.0064	0.0791	0.0493	0.0751
94	0.0064	0.0794	0.0495	0.0754
95	0.0063	0.0792	0.0495	0.0752
96	0.0062	0.0793	0.0495	0.0753
97	0.0070	0.0788	0.0493	0.0749
98	0.0066	0.0783	0.0490	0.0748
99	0.0063	0.0776	0.0486	0.0743
100	0.0065	0.0778	0.0488	0.0745
101	0.0064	0.0781	0.0487	0.0745
102	0.0067	0.0780	0.0486	0.0744
103	0.0061	0.0779	0.0486	0.0746
104	0.0061	0.0778	0.0486	0.0743
105	0.0062	0.0780	0.0486	0.0745
106	0.0065	0.0780	0.0486	0.0744
107	0.0067	0.0779	0.0485	0.0744
108	0.0062	0.0774	0.0483	0.0743
109	0.0059	0.0779	0.0483	0.0743
110	0.0066	0.0783	0.0485	0.0745
111	0.0065	0.0785	0.0487	0.0747
112	0.0060	0.0775	0.0485	0.0745
113	0.0064	0.0784	0.0488	0.0750
114	0.0063	0.0790	0.0492	0.0751
115	0.0065	0.0782	0.0490	0.0749
116	0.0064	0.0784	0.0486	0.0748
117	0.0058	0.0775	0.0484	0.0745
118	0.0067	0.0775	0.0482	0.0743
119	0.0063	0.0780	0.0484	0.0747
120	0.0061	0.0779	0.0484	0.0749
121	0.0062	0.0784	0.0487	0.0752
122	0.0068	0.0786	0.0487	0.0752
123	0.0059	0.0790	0.0491	0.0756
124	0.0062	0.0779	0.0486	0.0749
125	0.0059	0.0780	0.0484	0.0745
126	0.0060	0.0779	0.0485	0.0745
127	0.0062	0.0776	0.0484	0.0746
128	0.0061	0.0779	0.0485	0.0748
129	0.0062	0.0780	0.0485	0.0750
130	0.0063	0.0778	0.0484	0.0750
131	0.0059	0.0775	0.0483	0.0750
132	0.0063	0.0780	0.0484	0.0750
133	0.0054	0.0779	0.0482	0.0750
134	0.0054	0.0782	0.0485	0.0752
135	0.0060	0.0782	0.0486	0.0752
136	0.0060	0.0782	0.0484	0.0749
137	0.0061	0.0783	0.0484	0.0750
138	0.0057	0.0783	0.0485	0.0750
139	0.0061	0.0783	0.0484	0.0751
140	0.0059	0.0787	0.0486	0.0751
141	0.0060	0.0790	0.0487	0.0751
142	0.0060	0.0787	0.0488	0.0751
143	0.0064	0.0788	0.0488	0.0752
144	0.0060	0.0786	0.0487	0.0751
145	0.0066	0.0787	0.0488	0.0754
146	0.0061	0.0784	0.0485	0.0749
147	0.0060	0.0785	0.0484	0.0747
148	0.0063	0.0788	0.0488	0.0746
149	0.0057	0.0789	0.0489	0.0748
150	0.0061	0.0794	0.0491	0.0754
