{"n_layers": 0, "device": "cuda", "batch_size": 2048, "embedding_dim": 64, "learning_rate": 0.001, "dataset": "dbbook", "epochs": 150, "top_k": 10, "multimodal": false, "datasets": {"dbbook": ["images", "text"], "ml1m": ["audio", "images", "text", "video"]}}
Epoch	Loss	Recall	Precision	NDCG
1	0.6931	0.0024	0.0016	0.0021
2	0.6921	0.0033	0.0022	0.0030
3	0.6910	0.0081	0.0056	0.0075
4	0.6891	0.0159	0.0114	0.0157
5	0.6861	0.0232	0.0168	0.0238
6	0.6811	0.0312	0.0223	0.0311
7	0.6736	0.0363	0.0260	0.0362
8	0.6626	0.0399	0.0286	0.0399
9	0.6478	0.0441	0.0309	0.0429
10	0.6286	0.0474	0.0328	0.0453
11	0.6056	0.0481	0.0334	0.0463
12	0.5790	0.0491	0.0341	0.0476
13	0.5506	0.0492	0.0344	0.0482
14	0.5203	0.0498	0.0348	0.0487
15	0.4906	0.0502	0.0353	0.0492
16	0.4610	0.0511	0.0358	0.0500
17	0.4342	0.0514	0.0360	0.0503
18	0.4081	0.0517	0.0362	0.0508
19	0.3844	0.0520	0.0363	0.0513
20	0.3621	0.0524	0.0365	0.0515
21	0.3438	0.0527	0.0369	0.0519
22	0.3257	0.0531	0.0370	0.0521
23	0.3100	0.0537	0.0374	0.0528
24	0.2947	0.0543	0.0377	0.0533
25	0.2800	0.0550	0.0379	0.0540
26	0.2699	0.0553	0.0383	0.0544
27	0.2567	0.0550	0.0381	0.0545
28	0.2461	0.0560	0.0384	0.0550
29	0.2362	0.0560	0.0385	0.0551
30	0.2264	0.0555	0.0382	0.0551
31	0.2161	0.0555	0.0383	0.0550
32	0.2092	0.0559	0.0385	0.0553
33	0.2018	0.0560	0.0385	0.0554
34	0.1932	0.0558	0.0385	0.0557
35	0.1848	0.0559	0.0385	0.0559
36	0.1800	0.0563	0.0387	0.0563
37	0.1746	0.0565	0.0388	0.0566
38	0.1661	0.0561	0.0387	0.0563
39	0.1593	0.0563	0.0388	0.0565
40	0.1555	0.0566	0.0391	0.0567
41	0.1505	0.0567	0.0390	0.0567
42	0.1428	0.0565	0.0388	0.0564
43	0.1394	0.0572	0.0393	0.0570
44	0.1337	0.0573	0.0394	0.0570
45	0.1313	0.0572	0.0394	0.0568
46	0.1261	0.0577	0.0396	0.0573
47	0.1226	0.0585	0.0398	0.0578
48	0.1176	0.0585	0.0400	0.0578
49	0.1139	0.0589	0.0401	0.0580
50	0.1088	0.0590	0.0404	0.0583
51	0.1072	0.0589	0.0403	0.0584
52	0.1022	0.0590	0.0403	0.0584
53	0.1015	0.0592	0.0405	0.0585
54	0.0975	0.0598	0.0408	0.0589
55	0.0935	0.0595	0.0407	0.0589
56	0.0912	0.0592	0.0406	0.0590
57	0.0887	0.0597	0.0409	0.0594
58	0.0856	0.0598	0.0410	0.0596
59	0.0857	0.0602	0.0412	0.0598
60	0.0806	0.0605	0.0413	0.0600
61	0.0797	0.0602	0.0411	0.0599
62	0.0760	0.0606	0.0412	0.0600
63	0.0733	0.0602	0.0411	0.0599
64	0.0720	0.0602	0.0410	0.0599
65	0.0705	0.0605	0.0412	0.0602
66	0.0686	0.0606	0.0413	0.0602
67	0.0672	0.0605	0.0411	0.0602
68	0.0641	0.0605	0.0412	0.0601
69	0.0636	0.0606	0.0413	0.0602
70	0.0620	0.0611	0.0416	0.0605
71	0.0596	0.0613	0.0417	0.0606
72	0.0576	0.0614	0.0418	0.0606
73	0.0566	0.0619	0.0420	0.0610
74	0.0564	0.0618	0.0421	0.0613
75	0.0540	0.0620	0.0422	0.0613
76	0.0540	0.0621	0.0422	0.0614
77	0.0521	0.0617	0.0419	0.0611
78	0.0499	0.0622	0.0420	0.0613
79	0.0493	0.0622	0.0421	0.0615
80	0.0486	0.0622	0.0421	0.0614
81	0.0473	0.0627	0.0425	0.0619
82	0.0475	0.0629	0.0427	0.0621
83	0.0453	0.0626	0.0425	0.0622
84	0.0449	0.0627	0.0425	0.0622
85	0.0427	0.0627	0.0426	0.0623
86	0.0420	0.0629	0.0426	0.0625
87	0.0416	0.0626	0.0425	0.0624
88	0.0418	0.0630	0.0427	0.0625
89	0.0408	0.0633	0.0429	0.0624
90	0.0401	0.0634	0.0430	0.0626
91	0.0381	0.0638	0.0431	0.0627
92	0.0380	0.0636	0.0431	0.0628
93	0.0378	0.0638	0.0430	0.0629
94	0.0367	0.0640	0.0432	0.0632
95	0.0365	0.0640	0.0432	0.0632
96	0.0353	0.0642	0.0434	0.0634
97	0.0345	0.0637	0.0432	0.0632
98	0.0350	0.0646	0.0437	0.0637
99	0.0327	0.0646	0.0437	0.0637
100	0.0333	0.0645	0.0436	0.0636
101	0.0323	0.0646	0.0437	0.0636
102	0.0319	0.0648	0.0437	0.0637
103	0.0313	0.0646	0.0436	0.0636
104	0.0303	0.0648	0.0438	0.0638
105	0.0303	0.0649	0.0439	0.0639
106	0.0294	0.0649	0.0438	0.0640
107	0.0293	0.0655	0.0441	0.0643
108	0.0286	0.0656	0.0443	0.0642
109	0.0284	0.0656	0.0443	0.0645
110	0.0277	0.0657	0.0443	0.0643
111	0.0274	0.0653	0.0441	0.0642
112	0.0259	0.0651	0.0439	0.0639
113	0.0273	0.0650	0.0438	0.0639
114	0.0266	0.0653	0.0441	0.0642
115	0.0260	0.0649	0.0439	0.0638
116	0.0254	0.0654	0.0441	0.0641
117	0.0255	0.0653	0.0441	0.0642
118	0.0251	0.0656	0.0443	0.0644
119	0.0240	0.0658	0.0443	0.0644
120	0.0242	0.0660	0.0445	0.0645
121	0.0235	0.0662	0.0444	0.0645
122	0.0239	0.0658	0.0441	0.0644
123	0.0226	0.0657	0.0441	0.0643
124	0.0226	0.0658	0.0442	0.0644
125	0.0220	0.0658	0.0443	0.0644
126	0.0219	0.0657	0.0442	0.0644
127	0.0219	0.0660	0.0444	0.0645
128	0.0216	0.0658	0.0443	0.0644
129	0.0218	0.0657	0.0443	0.0644
130	0.0209	0.0658	0.0443	0.0645
131	0.0208	0.0661	0.0444	0.0647
132	0.0209	0.0664	0.0445	0.0648
133	0.0200	0.0660	0.0443	0.0644
134	0.0194	0.0660	0.0444	0.0646
135	0.0193	0.0661	0.0444	0.0646
136	0.0204	0.0661	0.0445	0.0647
137	0.0191	0.0660	0.0444	0.0645
138	0.0195	0.0660	0.0444	0.0644
139	0.0190	0.0664	0.0444	0.0645
140	0.0186	0.0662	0.0443	0.0644
141	0.0191	0.0662	0.0442	0.0643
142	0.0183	0.0661	0.0443	0.0645
143	0.0181	0.0660	0.0443	0.0645
144	0.0179	0.0656	0.0442	0.0644
145	0.0173	0.0654	0.0443	0.0644
146	0.0172	0.0657	0.0444	0.0646
147	0.0174	0.0656	0.0444	0.0646
148	0.0173	0.0661	0.0447	0.0647
149	0.0163	0.0661	0.0446	0.0648
150	0.0171	0.0664	0.0447	0.0649
