{"n_layers": 0, "device": "cuda", "batch_size": 2048, "embedding_dim": 128, "learning_rate": 0.001, "dataset": "dbbook", "epochs": 150, "top_k": 10, "multimodal": false, "datasets": {"dbbook": ["images", "text"], "ml1m": ["audio", "images", "text", "video"]}}
Epoch	Loss	Recall	Precision	NDCG
1	0.6932	0.0017	0.0014	0.0016
2	0.6911	0.0032	0.0024	0.0030
3	0.6888	0.0087	0.0060	0.0087
4	0.6852	0.0184	0.0130	0.0192
5	0.6792	0.0285	0.0197	0.0285
6	0.6696	0.0352	0.0244	0.0347
7	0.6552	0.0425	0.0284	0.0401
8	0.6348	0.0456	0.0306	0.0433
9	0.6077	0.0480	0.0321	0.0456
10	0.5749	0.0501	0.0334	0.0473
11	0.5375	0.0519	0.0345	0.0489
12	0.4978	0.0533	0.0353	0.0505
13	0.4577	0.0534	0.0356	0.0513
14	0.4205	0.0548	0.0363	0.0526
15	0.3858	0.0559	0.0369	0.0540
16	0.3544	0.0563	0.0374	0.0548
17	0.3281	0.0567	0.0375	0.0553
18	0.3032	0.0572	0.0378	0.0558
19	0.2822	0.0575	0.0379	0.0562
20	0.2617	0.0581	0.0384	0.0568
21	0.2446	0.0585	0.0385	0.0572
22	0.2290	0.0585	0.0386	0.0575
23	0.2147	0.0585	0.0387	0.0577
24	0.2029	0.0589	0.0389	0.0581
25	0.1897	0.0589	0.0390	0.0585
26	0.1795	0.0592	0.0393	0.0589
27	0.1681	0.0597	0.0396	0.0596
28	0.1592	0.0600	0.0397	0.0598
29	0.1508	0.0601	0.0395	0.0598
30	0.1423	0.0603	0.0397	0.0599
31	0.1348	0.0605	0.0398	0.0602
32	0.1274	0.0610	0.0400	0.0607
33	0.1210	0.0612	0.0400	0.0610
34	0.1146	0.0615	0.0403	0.0614
35	0.1090	0.0623	0.0406	0.0619
36	0.1032	0.0630	0.0410	0.0624
37	0.0983	0.0629	0.0409	0.0625
38	0.0937	0.0630	0.0410	0.0625
39	0.0888	0.0629	0.0410	0.0624
40	0.0854	0.0634	0.0413	0.0630
41	0.0812	0.0636	0.0415	0.0632
42	0.0787	0.0645	0.0421	0.0638
43	0.0745	0.0651	0.0422	0.0641
44	0.0710	0.0655	0.0426	0.0647
45	0.0684	0.0656	0.0426	0.0648
46	0.0647	0.0657	0.0428	0.0650
47	0.0623	0.0661	0.0433	0.0655
48	0.0608	0.0663	0.0432	0.0657
49	0.0579	0.0668	0.0434	0.0660
50	0.0569	0.0672	0.0438	0.0663
51	0.0534	0.0674	0.0437	0.0664
52	0.0512	0.0678	0.0438	0.0665
53	0.0495	0.0677	0.0438	0.0666
54	0.0468	0.0675	0.0438	0.0667
55	0.0458	0.0678	0.0441	0.0671
56	0.0433	0.0679	0.0442	0.0674
57	0.0431	0.0685	0.0444	0.0680
58	0.0415	0.0692	0.0447	0.0682
59	0.0402	0.0696	0.0449	0.0683
60	0.0385	0.0697	0.0448	0.0684
61	0.0374	0.0700	0.0449	0.0686
62	0.0368	0.0702	0.0451	0.0688
63	0.0350	0.0707	0.0454	0.0691
64	0.0348	0.0707	0.0454	0.0692
65	0.0334	0.0711	0.0456	0.0693
66	0.0324	0.0712	0.0456	0.0695
67	0.0320	0.0712	0.0457	0.0697
68	0.0308	0.0712	0.0456	0.0694
69	0.0293	0.0714	0.0458	0.0695
70	0.0290	0.0713	0.0456	0.0694
71	0.0277	0.0714	0.0457	0.0695
72	0.0277	0.0715	0.0457	0.0694
73	0.0265	0.0715	0.0458	0.0695
74	0.0266	0.0720	0.0463	0.0701
75	0.0255	0.0721	0.0463	0.0704
76	0.0259	0.0717	0.0462	0.0704
77	0.0242	0.0720	0.0463	0.0706
78	0.0235	0.0722	0.0464	0.0709
79	0.0231	0.0724	0.0465	0.0710
80	0.0231	0.0723	0.0465	0.0711
81	0.0213	0.0719	0.0461	0.0708
82	0.0213	0.0723	0.0463	0.0709
83	0.0210	0.0723	0.0464	0.0711
84	0.0205	0.0723	0.0465	0.0713
85	0.0201	0.0731	0.0467	0.0717
86	0.0195	0.0729	0.0466	0.0717
87	0.0193	0.0724	0.0464	0.0714
88	0.0192	0.0721	0.0462	0.0712
89	0.0191	0.0722	0.0465	0.0712
90	0.0184	0.0725	0.0467	0.0716
91	0.0179	0.0728	0.0468	0.0717
92	0.0180	0.0734	0.0471	0.0720
93	0.0173	0.0728	0.0468	0.0718
94	0.0171	0.0727	0.0467	0.0718
95	0.0167	0.0731	0.0470	0.0721
96	0.0162	0.0734	0.0473	0.0724
97	0.0159	0.0731	0.0472	0.0722
98	0.0156	0.0730	0.0471	0.0723
99	0.0155	0.0735	0.0473	0.0725
100	0.0160	0.0735	0.0473	0.0726
101	0.0156	0.0734	0.0473	0.0725
102	0.0153	0.0731	0.0470	0.0722
103	0.0150	0.0732	0.0472	0.0723
104	0.0145	0.0738	0.0475	0.0726
105	0.0140	0.0738	0.0475	0.0726
106	0.0139	0.0735	0.0474	0.0727
107	0.0137	0.0732	0.0473	0.0726
108	0.0138	0.0731	0.0472	0.0724
109	0.0135	0.0732	0.0472	0.0724
110	0.0132	0.0734	0.0474	0.0727
111	0.0130	0.0734	0.0473	0.0728
112	0.0131	0.0737	0.0474	0.0730
113	0.0127	0.0740	0.0476	0.0732
114	0.0122	0.0741	0.0477	0.0733
115	0.0128	0.0742	0.0476	0.0733
116	0.0125	0.0741	0.0474	0.0730
117	0.0122	0.0735	0.0471	0.0728
118	0.0118	0.0735	0.0471	0.0727
119	0.0116	0.0736	0.0473	0.0731
120	0.0117	0.0739	0.0475	0.0733
121	0.0119	0.0742	0.0477	0.0737
122	0.0120	0.0741	0.0477	0.0736
123	0.0115	0.0739	0.0477	0.0737
124	0.0113	0.0742	0.0479	0.0739
125	0.0112	0.0745	0.0480	0.0741
126	0.0105	0.0743	0.0477	0.0740
127	0.0109	0.0740	0.0477	0.0739
128	0.0105	0.0738	0.0477	0.0739
129	0.0106	0.0739	0.0479	0.0741
130	0.0104	0.0743	0.0480	0.0743
131	0.0107	0.0746	0.0480	0.0743
132	0.0102	0.0743	0.0478	0.0741
133	0.0104	0.0743	0.0480	0.0739
134	0.0103	0.0749	0.0483	0.0742
135	0.0101	0.0755	0.0484	0.0744
136	0.0102	0.0760	0.0485	0.0745
137	0.0097	0.0761	0.0485	0.0746
138	0.0090	0.0754	0.0483	0.0746
139	0.0098	0.0751	0.0482	0.0745
140	0.0092	0.0752	0.0483	0.0746
141	0.0091	0.0753	0.0484	0.0747
142	0.0094	0.0760	0.0485	0.0749
143	0.0095	0.0752	0.0480	0.0744
144	0.0088	0.0752	0.0480	0.0744
145	0.0090	0.0752	0.0481	0.0746
146	0.0096	0.0754	0.0482	0.0748
147	0.0093	0.0751	0.0482	0.0748
148	0.0090	0.0752	0.0479	0.0747
149	0.0082	0.0749	0.0479	0.0745
150	0.0090	0.0749	0.0478	0.0744
