{"n_layers": 1, "device": "cuda", "batch_size": 2048, "embedding_dim": 128, "learning_rate": 0.001, "dataset": "dbbook", "epochs": 150, "top_k": 50, "multimodal": false, "datasets": {"dbbook": ["images", "text"], "ml1m": ["audio", "images", "text", "video"]}}
Epoch	Loss	Recall	Precision	NDCG
1	0.6921	0.0477	0.0068	0.0282
2	0.6890	0.1189	0.0172	0.0647
3	0.6804	0.1399	0.0202	0.0739
4	0.6601	0.1396	0.0201	0.0732
5	0.6237	0.1380	0.0199	0.0724
6	0.5728	0.1361	0.0197	0.0710
7	0.5150	0.1361	0.0197	0.0709
8	0.4596	0.1359	0.0197	0.0706
9	0.4116	0.1362	0.0198	0.0710
10	0.3716	0.1367	0.0198	0.0715
11	0.3386	0.1380	0.0200	0.0722
12	0.3128	0.1393	0.0202	0.0733
13	0.2870	0.1414	0.0205	0.0745
14	0.2690	0.1435	0.0207	0.0757
15	0.2524	0.1446	0.0209	0.0765
16	0.2381	0.1468	0.0211	0.0779
17	0.2242	0.1494	0.0215	0.0792
18	0.2102	0.1511	0.0217	0.0802
19	0.1973	0.1543	0.0221	0.0819
20	0.1875	0.1568	0.0224	0.0835
21	0.1767	0.1597	0.0228	0.0849
22	0.1678	0.1618	0.0231	0.0861
23	0.1588	0.1642	0.0234	0.0874
24	0.1538	0.1666	0.0236	0.0887
25	0.1432	0.1685	0.0238	0.0897
26	0.1372	0.1702	0.0240	0.0908
27	0.1297	0.1729	0.0244	0.0922
28	0.1258	0.1749	0.0246	0.0934
29	0.1207	0.1769	0.0249	0.0948
30	0.1119	0.1791	0.0252	0.0960
31	0.1098	0.1810	0.0254	0.0972
32	0.1043	0.1823	0.0255	0.0982
33	0.1007	0.1835	0.0256	0.0991
34	0.0941	0.1843	0.0257	0.0997
35	0.0933	0.1849	0.0258	0.1005
36	0.0904	0.1856	0.0259	0.1011
37	0.0849	0.1867	0.0260	0.1018
38	0.0814	0.1881	0.0261	0.1024
39	0.0796	0.1891	0.0262	0.1032
40	0.0797	0.1904	0.0264	0.1041
41	0.0728	0.1906	0.0264	0.1046
42	0.0710	0.1916	0.0264	0.1052
43	0.0678	0.1921	0.0265	0.1056
44	0.0675	0.1925	0.0265	0.1061
45	0.0641	0.1937	0.0267	0.1068
46	0.0629	0.1942	0.0267	0.1073
47	0.0613	0.1953	0.0268	0.1079
48	0.0590	0.1956	0.0269	0.1084
49	0.0593	0.1964	0.0270	0.1088
50	0.0557	0.1966	0.0270	0.1092
51	0.0538	0.1970	0.0270	0.1096
52	0.0523	0.1974	0.0271	0.1098
53	0.0520	0.1966	0.0269	0.1096
54	0.0500	0.1968	0.0270	0.1097
55	0.0486	0.1975	0.0270	0.1102
56	0.0482	0.1979	0.0270	0.1106
57	0.0464	0.1989	0.0271	0.1111
58	0.0442	0.1996	0.0272	0.1115
59	0.0442	0.1998	0.0272	0.1118
60	0.0428	0.2000	0.0272	0.1119
61	0.0420	0.1998	0.0272	0.1120
62	0.0404	0.2002	0.0272	0.1123
63	0.0401	0.2005	0.0272	0.1124
64	0.0386	0.2005	0.0272	0.1125
65	0.0384	0.2009	0.0272	0.1128
66	0.0376	0.2012	0.0272	0.1130
67	0.0366	0.2012	0.0272	0.1131
68	0.0353	0.2015	0.0272	0.1134
69	0.0352	0.2020	0.0272	0.1136
70	0.0353	0.2019	0.0272	0.1138
71	0.0339	0.2021	0.0272	0.1140
72	0.0325	0.2018	0.0271	0.1138
73	0.0324	0.2017	0.0271	0.1137
74	0.0313	0.2016	0.0270	0.1137
75	0.0318	0.2017	0.0270	0.1139
76	0.0292	0.2021	0.0271	0.1140
77	0.0297	0.2023	0.0270	0.1141
78	0.0283	0.2025	0.0271	0.1142
79	0.0290	0.2024	0.0270	0.1144
80	0.0278	0.2021	0.0270	0.1144
81	0.0281	0.2020	0.0269	0.1144
82	0.0266	0.2019	0.0270	0.1146
83	0.0265	0.2026	0.0271	0.1150
84	0.0259	0.2022	0.0270	0.1150
85	0.0248	0.2020	0.0270	0.1150
86	0.0258	0.2012	0.0269	0.1150
87	0.0246	0.2013	0.0269	0.1149
88	0.0239	0.2015	0.0269	0.1148
89	0.0246	0.2015	0.0268	0.1149
90	0.0244	0.2012	0.0268	0.1150
91	0.0232	0.2015	0.0268	0.1152
92	0.0232	0.2016	0.0268	0.1153
93	0.0229	0.2014	0.0268	0.1154
94	0.0226	0.2016	0.0267	0.1155
95	0.0220	0.2015	0.0267	0.1154
96	0.0217	0.2010	0.0266	0.1153
97	0.0213	0.2008	0.0266	0.1152
98	0.0202	0.2012	0.0267	0.1154
99	0.0218	0.2006	0.0266	0.1154
100	0.0207	0.2008	0.0266	0.1155
101	0.0213	0.2008	0.0266	0.1156
102	0.0194	0.2008	0.0266	0.1157
103	0.0192	0.2006	0.0265	0.1155
104	0.0191	0.2005	0.0265	0.1153
105	0.0192	0.2004	0.0265	0.1155
106	0.0187	0.2004	0.0265	0.1156
107	0.0183	0.2003	0.0264	0.1156
108	0.0191	0.2000	0.0264	0.1157
109	0.0177	0.1998	0.0264	0.1157
110	0.0176	0.1995	0.0263	0.1155
111	0.0180	0.1990	0.0263	0.1153
112	0.0171	0.1989	0.0263	0.1152
113	0.0171	0.1985	0.0262	0.1151
114	0.0173	0.1988	0.0262	0.1151
115	0.0170	0.1991	0.0262	0.1153
116	0.0167	0.1991	0.0262	0.1153
117	0.0169	0.1989	0.0262	0.1152
118	0.0169	0.1989	0.0262	0.1151
119	0.0151	0.1989	0.0261	0.1150
120	0.0159	0.1988	0.0261	0.1149
121	0.0155	0.1984	0.0261	0.1148
122	0.0156	0.1979	0.0261	0.1147
123	0.0160	0.1981	0.0260	0.1148
124	0.0156	0.1982	0.0260	0.1149
125	0.0151	0.1974	0.0260	0.1148
126	0.0146	0.1975	0.0260	0.1148
127	0.0153	0.1971	0.0259	0.1147
128	0.0158	0.1969	0.0259	0.1146
129	0.0148	0.1972	0.0259	0.1147
130	0.0146	0.1972	0.0258	0.1146
131	0.0149	0.1967	0.0258	0.1144
132	0.0152	0.1964	0.0257	0.1144
133	0.0145	0.1964	0.0257	0.1144
134	0.0142	0.1959	0.0257	0.1142
135	0.0134	0.1953	0.0256	0.1139
136	0.0131	0.1953	0.0256	0.1139
137	0.0142	0.1955	0.0256	0.1140
138	0.0135	0.1954	0.0256	0.1141
139	0.0131	0.1951	0.0256	0.1141
140	0.0126	0.1950	0.0256	0.1140
141	0.0129	0.1947	0.0255	0.1139
142	0.0129	0.1944	0.0255	0.1138
143	0.0124	0.1937	0.0254	0.1135
144	0.0129	0.1936	0.0254	0.1135
145	0.0132	0.1935	0.0254	0.1135
146	0.0134	0.1935	0.0254	0.1136
147	0.0126	0.1933	0.0253	0.1135
148	0.0128	0.1934	0.0253	0.1134
149	0.0119	0.1928	0.0252	0.1133
150	0.0122	0.1926	0.0252	0.1131
