{"n_layers": 0, "device": "cuda", "batch_size": 2048, "embedding_dim": 128, "learning_rate": 0.001, "dataset": "dbbook", "epochs": 150, "top_k": 50, "multimodal": true, "datasets": {"dbbook": ["images", "text"], "ml1m": ["audio", "images", "text", "video"]}}
Epoch	Loss	Recall	Precision	NDCG
1	0.6930	0.0149	0.0018	0.0069
2	0.6905	0.0233	0.0029	0.0120
3	0.6878	0.0395	0.0049	0.0231
4	0.6847	0.0584	0.0076	0.0377
5	0.6804	0.0830	0.0110	0.0531
6	0.6748	0.1040	0.0139	0.0659
7	0.6673	0.1207	0.0165	0.0764
8	0.6574	0.1347	0.0185	0.0839
9	0.6448	0.1445	0.0201	0.0894
10	0.6293	0.1523	0.0212	0.0938
11	0.6107	0.1585	0.0221	0.0973
12	0.5894	0.1620	0.0226	0.0992
13	0.5653	0.1652	0.0231	0.1007
14	0.5398	0.1679	0.0235	0.1019
15	0.5130	0.1692	0.0237	0.1029
16	0.4856	0.1709	0.0240	0.1039
17	0.4594	0.1725	0.0242	0.1047
18	0.4336	0.1737	0.0243	0.1051
19	0.4101	0.1738	0.0243	0.1053
20	0.3868	0.1749	0.0244	0.1056
21	0.3662	0.1749	0.0245	0.1061
22	0.3473	0.1766	0.0247	0.1068
23	0.3291	0.1766	0.0247	0.1071
24	0.3129	0.1772	0.0248	0.1073
25	0.2973	0.1783	0.0249	0.1077
26	0.2827	0.1793	0.0251	0.1080
27	0.2716	0.1802	0.0252	0.1085
28	0.2582	0.1813	0.0253	0.1091
29	0.2474	0.1810	0.0254	0.1096
30	0.2370	0.1818	0.0254	0.1099
31	0.2267	0.1825	0.0255	0.1102
32	0.2192	0.1834	0.0256	0.1105
33	0.2101	0.1836	0.0256	0.1109
34	0.2002	0.1842	0.0257	0.1113
35	0.1927	0.1844	0.0257	0.1116
36	0.1875	0.1854	0.0259	0.1122
37	0.1805	0.1864	0.0260	0.1128
38	0.1721	0.1873	0.0261	0.1137
39	0.1665	0.1872	0.0261	0.1141
40	0.1610	0.1878	0.0262	0.1143
41	0.1557	0.1876	0.0262	0.1143
42	0.1499	0.1877	0.0262	0.1142
43	0.1453	0.1886	0.0263	0.1148
44	0.1399	0.1893	0.0264	0.1153
45	0.1343	0.1908	0.0265	0.1157
46	0.1318	0.1913	0.0266	0.1161
47	0.1265	0.1921	0.0267	0.1165
48	0.1245	0.1924	0.0267	0.1165
49	0.1193	0.1928	0.0268	0.1172
50	0.1142	0.1935	0.0268	0.1176
51	0.1103	0.1946	0.0269	0.1181
52	0.1069	0.1952	0.0270	0.1185
53	0.1057	0.1957	0.0270	0.1188
54	0.1022	0.1963	0.0271	0.1189
55	0.0996	0.1970	0.0272	0.1192
56	0.0950	0.1971	0.0272	0.1193
57	0.0924	0.1973	0.0272	0.1193
58	0.0905	0.1971	0.0271	0.1194
59	0.0879	0.1974	0.0271	0.1197
60	0.0854	0.1978	0.0272	0.1200
61	0.0824	0.1978	0.0272	0.1198
62	0.0810	0.1989	0.0272	0.1202
63	0.0780	0.1995	0.0273	0.1204
64	0.0773	0.2000	0.0273	0.1206
65	0.0740	0.1996	0.0273	0.1206
66	0.0735	0.2007	0.0274	0.1210
67	0.0707	0.2005	0.0274	0.1209
68	0.0701	0.2010	0.0275	0.1212
69	0.0681	0.2009	0.0275	0.1212
70	0.0647	0.2015	0.0275	0.1213
71	0.0659	0.2017	0.0275	0.1215
72	0.0628	0.2021	0.0275	0.1218
73	0.0608	0.2023	0.0275	0.1216
74	0.0587	0.2024	0.0275	0.1216
75	0.0573	0.2025	0.0276	0.1218
76	0.0569	0.2025	0.0276	0.1218
77	0.0557	0.2031	0.0277	0.1222
78	0.0550	0.2035	0.0277	0.1222
79	0.0535	0.2035	0.0276	0.1222
80	0.0518	0.2034	0.0277	0.1224
81	0.0503	0.2032	0.0277	0.1225
82	0.0510	0.2036	0.0277	0.1227
83	0.0487	0.2044	0.0278	0.1232
84	0.0473	0.2043	0.0277	0.1233
85	0.0471	0.2047	0.0278	0.1236
86	0.0454	0.2051	0.0279	0.1240
87	0.0450	0.2053	0.0279	0.1242
88	0.0437	0.2053	0.0278	0.1242
89	0.0429	0.2058	0.0279	0.1245
90	0.0430	0.2059	0.0279	0.1244
91	0.0405	0.2061	0.0279	0.1245
92	0.0402	0.2058	0.0279	0.1243
93	0.0392	0.2066	0.0279	0.1246
94	0.0391	0.2066	0.0280	0.1246
95	0.0378	0.2066	0.0280	0.1247
96	0.0383	0.2064	0.0279	0.1248
97	0.0374	0.2070	0.0279	0.1250
98	0.0370	0.2069	0.0279	0.1250
99	0.0358	0.2067	0.0279	0.1249
100	0.0358	0.2070	0.0279	0.1251
101	0.0344	0.2075	0.0279	0.1253
102	0.0344	0.2078	0.0280	0.1254
103	0.0336	0.2082	0.0280	0.1256
104	0.0328	0.2081	0.0280	0.1258
105	0.0325	0.2080	0.0280	0.1259
106	0.0321	0.2080	0.0281	0.1261
107	0.0311	0.2085	0.0281	0.1263
108	0.0307	0.2087	0.0281	0.1265
109	0.0311	0.2085	0.0281	0.1265
110	0.0298	0.2087	0.0281	0.1265
111	0.0304	0.2091	0.0281	0.1267
112	0.0289	0.2090	0.0281	0.1267
113	0.0275	0.2090	0.0281	0.1266
114	0.0279	0.2094	0.0282	0.1267
115	0.0280	0.2088	0.0281	0.1266
116	0.0285	0.2092	0.0282	0.1268
117	0.0271	0.2097	0.0282	0.1268
118	0.0273	0.2095	0.0282	0.1269
119	0.0269	0.2096	0.0282	0.1271
120	0.0260	0.2092	0.0281	0.1270
121	0.0258	0.2090	0.0281	0.1271
122	0.0261	0.2086	0.0281	0.1269
123	0.0257	0.2086	0.0281	0.1272
124	0.0249	0.2087	0.0281	0.1272
125	0.0247	0.2087	0.0281	0.1273
126	0.0234	0.2093	0.0281	0.1275
127	0.0241	0.2092	0.0281	0.1275
128	0.0235	0.2095	0.0281	0.1276
129	0.0233	0.2095	0.0281	0.1277
130	0.0235	0.2097	0.0281	0.1277
131	0.0228	0.2097	0.0281	0.1277
132	0.0225	0.2098	0.0281	0.1278
133	0.0227	0.2099	0.0282	0.1280
134	0.0221	0.2101	0.0282	0.1280
135	0.0218	0.2105	0.0282	0.1281
136	0.0215	0.2102	0.0282	0.1281
137	0.0212	0.2101	0.0281	0.1281
138	0.0206	0.2102	0.0281	0.1283
139	0.0199	0.2101	0.0282	0.1283
140	0.0201	0.2103	0.0282	0.1283
141	0.0208	0.2101	0.0281	0.1284
142	0.0199	0.2098	0.0281	0.1283
143	0.0199	0.2103	0.0281	0.1282
144	0.0200	0.2104	0.0281	0.1282
145	0.0189	0.2104	0.0282	0.1281
146	0.0201	0.2100	0.0281	0.1280
147	0.0185	0.2102	0.0281	0.1282
148	0.0191	0.2097	0.0281	0.1282
149	0.0182	0.2102	0.0281	0.1284
150	0.0191	0.2106	0.0281	0.1285
