{"n_layers": 0, "device": "cuda", "batch_size": 2048, "embedding_dim": 64, "learning_rate": 0.001, "dataset": "dbbook", "epochs": 150, "top_k": 20, "multimodal": false, "datasets": {"dbbook": ["images", "text"], "ml1m": ["audio", "images", "text", "video"]}}
Epoch	Loss	Recall	Precision	NDCG
1	0.6932	0.0044	0.0015	0.0030
2	0.6921	0.0064	0.0021	0.0044
3	0.6910	0.0131	0.0045	0.0101
4	0.6891	0.0254	0.0088	0.0202
5	0.6861	0.0386	0.0136	0.0305
6	0.6812	0.0513	0.0180	0.0395
7	0.6738	0.0615	0.0215	0.0470
8	0.6629	0.0672	0.0237	0.0520
9	0.6482	0.0715	0.0253	0.0557
10	0.6294	0.0751	0.0264	0.0584
11	0.6064	0.0783	0.0275	0.0603
12	0.5801	0.0797	0.0279	0.0614
13	0.5513	0.0804	0.0282	0.0622
14	0.5208	0.0811	0.0284	0.0631
15	0.4906	0.0822	0.0287	0.0639
16	0.4617	0.0834	0.0291	0.0647
17	0.4334	0.0839	0.0294	0.0652
18	0.4078	0.0842	0.0295	0.0653
19	0.3836	0.0849	0.0296	0.0658
20	0.3628	0.0853	0.0297	0.0663
21	0.3436	0.0855	0.0297	0.0664
22	0.3248	0.0864	0.0300	0.0673
23	0.3081	0.0869	0.0303	0.0677
24	0.2946	0.0872	0.0304	0.0679
25	0.2796	0.0879	0.0306	0.0685
26	0.2666	0.0881	0.0307	0.0688
27	0.2565	0.0887	0.0309	0.0690
28	0.2450	0.0893	0.0309	0.0692
29	0.2361	0.0902	0.0312	0.0698
30	0.2250	0.0905	0.0313	0.0702
31	0.2165	0.0911	0.0315	0.0705
32	0.2080	0.0917	0.0317	0.0708
33	0.2004	0.0915	0.0316	0.0709
34	0.1916	0.0914	0.0316	0.0709
35	0.1851	0.0921	0.0317	0.0711
36	0.1781	0.0926	0.0319	0.0714
37	0.1709	0.0934	0.0322	0.0721
38	0.1655	0.0935	0.0322	0.0722
39	0.1591	0.0938	0.0323	0.0724
40	0.1532	0.0936	0.0322	0.0725
41	0.1475	0.0940	0.0323	0.0727
42	0.1429	0.0949	0.0326	0.0732
43	0.1381	0.0950	0.0327	0.0736
44	0.1326	0.0951	0.0327	0.0738
45	0.1281	0.0953	0.0328	0.0741
46	0.1234	0.0954	0.0327	0.0742
47	0.1207	0.0951	0.0327	0.0741
48	0.1163	0.0965	0.0330	0.0746
49	0.1133	0.0966	0.0330	0.0747
50	0.1082	0.0969	0.0330	0.0748
51	0.1052	0.0965	0.0329	0.0745
52	0.1015	0.0968	0.0329	0.0748
53	0.0992	0.0968	0.0330	0.0748
54	0.0972	0.0970	0.0330	0.0750
55	0.0934	0.0966	0.0330	0.0749
56	0.0899	0.0966	0.0331	0.0749
57	0.0876	0.0972	0.0332	0.0751
58	0.0857	0.0974	0.0333	0.0753
59	0.0827	0.0979	0.0333	0.0756
60	0.0791	0.0982	0.0333	0.0760
61	0.0792	0.0990	0.0335	0.0766
62	0.0758	0.0995	0.0337	0.0768
63	0.0743	0.0994	0.0337	0.0769
64	0.0714	0.0998	0.0337	0.0770
65	0.0706	0.1002	0.0339	0.0773
66	0.0672	0.1001	0.0338	0.0772
67	0.0649	0.1001	0.0338	0.0774
68	0.0647	0.1001	0.0338	0.0775
69	0.0642	0.0999	0.0337	0.0775
70	0.0622	0.1001	0.0337	0.0777
71	0.0596	0.1002	0.0337	0.0777
72	0.0579	0.1002	0.0338	0.0778
73	0.0572	0.1001	0.0338	0.0780
74	0.0561	0.1005	0.0339	0.0781
75	0.0538	0.1010	0.0340	0.0784
76	0.0524	0.1010	0.0341	0.0784
77	0.0524	0.1007	0.0341	0.0783
78	0.0499	0.1012	0.0342	0.0785
79	0.0500	0.1012	0.0342	0.0786
80	0.0485	0.1017	0.0344	0.0788
81	0.0469	0.1016	0.0344	0.0787
82	0.0468	0.1017	0.0344	0.0788
83	0.0448	0.1015	0.0343	0.0787
84	0.0437	0.1012	0.0343	0.0787
85	0.0438	0.1014	0.0343	0.0788
86	0.0434	0.1019	0.0344	0.0789
87	0.0415	0.1018	0.0345	0.0789
88	0.0409	0.1024	0.0347	0.0792
89	0.0398	0.1020	0.0346	0.0792
90	0.0392	0.1021	0.0345	0.0790
91	0.0383	0.1021	0.0346	0.0791
92	0.0372	0.1022	0.0346	0.0792
93	0.0376	0.1024	0.0346	0.0794
94	0.0363	0.1028	0.0347	0.0795
95	0.0355	0.1026	0.0346	0.0795
96	0.0349	0.1022	0.0345	0.0791
97	0.0348	0.1024	0.0345	0.0792
98	0.0346	0.1025	0.0345	0.0794
99	0.0342	0.1024	0.0345	0.0794
100	0.0326	0.1025	0.0345	0.0795
101	0.0315	0.1032	0.0346	0.0797
102	0.0311	0.1035	0.0347	0.0800
103	0.0309	0.1031	0.0346	0.0798
104	0.0303	0.1032	0.0346	0.0800
105	0.0297	0.1033	0.0345	0.0799
106	0.0297	0.1033	0.0346	0.0799
107	0.0291	0.1033	0.0346	0.0799
108	0.0284	0.1022	0.0343	0.0793
109	0.0284	0.1025	0.0344	0.0794
110	0.0277	0.1029	0.0344	0.0794
111	0.0265	0.1027	0.0344	0.0794
112	0.0272	0.1035	0.0345	0.0797
113	0.0262	0.1031	0.0345	0.0795
114	0.0254	0.1032	0.0345	0.0796
115	0.0254	0.1036	0.0346	0.0798
116	0.0246	0.1036	0.0346	0.0797
117	0.0253	0.1035	0.0345	0.0797
118	0.0247	0.1034	0.0346	0.0799
119	0.0242	0.1031	0.0345	0.0800
120	0.0237	0.1029	0.0345	0.0798
121	0.0248	0.1032	0.0346	0.0798
122	0.0243	0.1036	0.0346	0.0800
123	0.0228	0.1036	0.0346	0.0799
124	0.0223	0.1035	0.0346	0.0799
125	0.0222	0.1036	0.0345	0.0800
126	0.0223	0.1038	0.0346	0.0800
127	0.0215	0.1036	0.0346	0.0800
128	0.0219	0.1039	0.0347	0.0802
129	0.0221	0.1041	0.0347	0.0803
130	0.0209	0.1038	0.0346	0.0802
131	0.0214	0.1033	0.0344	0.0801
132	0.0206	0.1038	0.0345	0.0801
133	0.0202	0.1040	0.0346	0.0802
134	0.0197	0.1041	0.0346	0.0803
135	0.0202	0.1041	0.0347	0.0804
136	0.0202	0.1037	0.0345	0.0804
137	0.0197	0.1040	0.0347	0.0807
138	0.0194	0.1044	0.0347	0.0808
139	0.0193	0.1046	0.0347	0.0809
140	0.0184	0.1044	0.0347	0.0810
141	0.0184	0.1045	0.0348	0.0810
142	0.0186	0.1042	0.0347	0.0807
143	0.0181	0.1047	0.0347	0.0810
144	0.0178	0.1051	0.0349	0.0812
145	0.0171	0.1051	0.0349	0.0811
146	0.0170	0.1052	0.0349	0.0812
147	0.0180	0.1049	0.0348	0.0811
148	0.0163	0.1042	0.0347	0.0808
149	0.0172	0.1048	0.0348	0.0810
150	0.0163	0.1050	0.0349	0.0812
