{"n_layers": 2, "device": "cuda", "batch_size": 2048, "embedding_dim": 256, "learning_rate": 0.001, "dataset": "dbbook", "epochs": 150, "top_k": 10, "multimodal": false, "datasets": {"dbbook": ["images", "text"], "ml1m": ["audio", "images", "text", "video"]}}
Epoch	Loss	Recall	Precision	NDCG
1	0.6913	0.0396	0.0280	0.0342
2	0.6807	0.0337	0.0240	0.0287
3	0.6418	0.0288	0.0215	0.0253
4	0.5638	0.0291	0.0213	0.0256
5	0.4742	0.0285	0.0211	0.0255
6	0.4008	0.0288	0.0214	0.0258
7	0.3567	0.0305	0.0226	0.0272
8	0.3292	0.0312	0.0232	0.0279
9	0.3037	0.0329	0.0242	0.0289
10	0.2843	0.0344	0.0251	0.0300
11	0.2702	0.0360	0.0262	0.0314
12	0.2559	0.0380	0.0274	0.0328
13	0.2430	0.0389	0.0280	0.0340
14	0.2224	0.0397	0.0284	0.0350
15	0.2141	0.0413	0.0293	0.0363
16	0.2065	0.0426	0.0304	0.0377
17	0.1938	0.0442	0.0311	0.0388
18	0.1823	0.0456	0.0322	0.0402
19	0.1674	0.0461	0.0323	0.0407
20	0.1652	0.0469	0.0327	0.0413
21	0.1552	0.0478	0.0334	0.0423
22	0.1500	0.0485	0.0338	0.0429
23	0.1424	0.0497	0.0348	0.0443
24	0.1346	0.0505	0.0353	0.0453
25	0.1262	0.0512	0.0356	0.0461
26	0.1253	0.0521	0.0362	0.0468
27	0.1172	0.0534	0.0369	0.0480
28	0.1099	0.0545	0.0375	0.0488
29	0.1068	0.0549	0.0376	0.0491
30	0.1040	0.0559	0.0381	0.0501
31	0.0998	0.0564	0.0384	0.0506
32	0.0948	0.0568	0.0386	0.0511
33	0.0928	0.0576	0.0389	0.0518
34	0.0881	0.0587	0.0394	0.0525
35	0.0850	0.0590	0.0399	0.0531
36	0.0810	0.0596	0.0403	0.0537
37	0.0793	0.0604	0.0409	0.0547
38	0.0754	0.0612	0.0412	0.0552
39	0.0739	0.0621	0.0418	0.0558
40	0.0713	0.0632	0.0425	0.0567
41	0.0676	0.0641	0.0430	0.0574
42	0.0682	0.0642	0.0431	0.0577
43	0.0657	0.0650	0.0434	0.0582
44	0.0635	0.0652	0.0436	0.0585
45	0.0616	0.0656	0.0438	0.0588
46	0.0581	0.0657	0.0440	0.0590
47	0.0578	0.0656	0.0441	0.0591
48	0.0565	0.0659	0.0442	0.0597
49	0.0535	0.0661	0.0442	0.0601
50	0.0527	0.0661	0.0444	0.0606
51	0.0506	0.0668	0.0447	0.0609
52	0.0484	0.0671	0.0450	0.0613
53	0.0493	0.0673	0.0452	0.0619
54	0.0484	0.0674	0.0453	0.0622
55	0.0468	0.0678	0.0451	0.0622
56	0.0459	0.0689	0.0457	0.0628
57	0.0436	0.0694	0.0460	0.0632
58	0.0438	0.0694	0.0457	0.0632
59	0.0411	0.0692	0.0459	0.0634
60	0.0422	0.0699	0.0462	0.0640
61	0.0404	0.0698	0.0462	0.0642
62	0.0394	0.0700	0.0463	0.0645
63	0.0372	0.0708	0.0467	0.0649
64	0.0360	0.0708	0.0470	0.0650
65	0.0370	0.0711	0.0472	0.0654
66	0.0354	0.0716	0.0473	0.0659
67	0.0341	0.0717	0.0473	0.0661
68	0.0346	0.0720	0.0474	0.0665
69	0.0345	0.0727	0.0480	0.0668
70	0.0322	0.0724	0.0478	0.0666
71	0.0331	0.0726	0.0478	0.0669
72	0.0315	0.0731	0.0479	0.0672
73	0.0300	0.0732	0.0480	0.0673
74	0.0291	0.0734	0.0479	0.0675
75	0.0300	0.0734	0.0479	0.0675
76	0.0297	0.0736	0.0479	0.0678
77	0.0290	0.0742	0.0482	0.0684
78	0.0286	0.0747	0.0485	0.0688
79	0.0261	0.0747	0.0485	0.0687
80	0.0286	0.0743	0.0482	0.0686
81	0.0288	0.0748	0.0484	0.0689
82	0.0263	0.0747	0.0485	0.0689
83	0.0261	0.0748	0.0484	0.0690
84	0.0243	0.0750	0.0486	0.0690
85	0.0246	0.0751	0.0486	0.0690
86	0.0242	0.0751	0.0486	0.0691
87	0.0254	0.0752	0.0486	0.0691
88	0.0247	0.0746	0.0485	0.0688
89	0.0242	0.0744	0.0484	0.0689
90	0.0234	0.0746	0.0484	0.0688
91	0.0226	0.0744	0.0483	0.0689
92	0.0221	0.0751	0.0488	0.0695
93	0.0219	0.0748	0.0487	0.0695
94	0.0222	0.0752	0.0489	0.0698
95	0.0217	0.0753	0.0490	0.0699
96	0.0216	0.0755	0.0490	0.0699
97	0.0216	0.0759	0.0492	0.0701
98	0.0212	0.0759	0.0491	0.0703
99	0.0203	0.0756	0.0491	0.0701
100	0.0208	0.0756	0.0491	0.0698
101	0.0191	0.0760	0.0494	0.0702
102	0.0197	0.0759	0.0493	0.0701
103	0.0182	0.0763	0.0495	0.0702
104	0.0193	0.0768	0.0499	0.0708
105	0.0195	0.0768	0.0498	0.0710
106	0.0185	0.0771	0.0502	0.0714
107	0.0183	0.0775	0.0503	0.0717
108	0.0178	0.0780	0.0506	0.0723
109	0.0184	0.0775	0.0503	0.0722
110	0.0180	0.0777	0.0504	0.0725
111	0.0172	0.0780	0.0507	0.0728
112	0.0176	0.0780	0.0507	0.0730
113	0.0167	0.0779	0.0505	0.0727
114	0.0163	0.0784	0.0506	0.0729
115	0.0165	0.0784	0.0505	0.0730
116	0.0166	0.0787	0.0506	0.0733
117	0.0159	0.0789	0.0506	0.0733
118	0.0161	0.0785	0.0505	0.0732
119	0.0156	0.0785	0.0505	0.0733
120	0.0156	0.0782	0.0504	0.0733
121	0.0151	0.0782	0.0503	0.0733
122	0.0145	0.0784	0.0505	0.0734
123	0.0154	0.0786	0.0507	0.0734
124	0.0160	0.0783	0.0505	0.0734
125	0.0147	0.0779	0.0502	0.0731
126	0.0154	0.0780	0.0502	0.0729
127	0.0142	0.0787	0.0506	0.0734
128	0.0142	0.0784	0.0504	0.0732
129	0.0140	0.0788	0.0505	0.0733
130	0.0143	0.0787	0.0506	0.0734
131	0.0142	0.0790	0.0509	0.0738
132	0.0144	0.0791	0.0508	0.0739
133	0.0143	0.0790	0.0508	0.0739
134	0.0139	0.0791	0.0507	0.0740
135	0.0138	0.0792	0.0509	0.0743
136	0.0135	0.0795	0.0511	0.0746
137	0.0140	0.0799	0.0513	0.0748
138	0.0131	0.0795	0.0511	0.0746
139	0.0131	0.0797	0.0511	0.0747
140	0.0135	0.0794	0.0512	0.0747
141	0.0132	0.0796	0.0514	0.0748
142	0.0132	0.0798	0.0515	0.0747
143	0.0137	0.0795	0.0514	0.0748
144	0.0122	0.0798	0.0514	0.0751
145	0.0126	0.0798	0.0513	0.0750
146	0.0125	0.0796	0.0512	0.0750
147	0.0125	0.0797	0.0512	0.0750
148	0.0131	0.0796	0.0511	0.0752
149	0.0125	0.0800	0.0512	0.0753
150	0.0123	0.0802	0.0513	0.0754
