{"n_layers": 1, "device": "cuda", "batch_size": 2048, "embedding_dim": 256, "learning_rate": 0.001, "dataset": "dbbook", "epochs": 150, "top_k": 10, "multimodal": true, "datasets": {"dbbook": ["images", "text"], "ml1m": ["audio", "images", "text", "video"]}}
Epoch	Loss	Recall	Precision	NDCG
1	0.6917	0.0138	0.0086	0.0136
2	0.6863	0.0372	0.0242	0.0380
3	0.6786	0.0544	0.0364	0.0543
4	0.6663	0.0590	0.0399	0.0563
5	0.6472	0.0572	0.0394	0.0539
6	0.6194	0.0540	0.0374	0.0501
7	0.5826	0.0517	0.0356	0.0473
8	0.5387	0.0493	0.0341	0.0446
9	0.4919	0.0482	0.0332	0.0432
10	0.4457	0.0477	0.0327	0.0423
11	0.4037	0.0459	0.0321	0.0412
12	0.3649	0.0464	0.0320	0.0412
13	0.3337	0.0465	0.0321	0.0413
14	0.3061	0.0464	0.0320	0.0414
15	0.2808	0.0465	0.0323	0.0418
16	0.2612	0.0469	0.0325	0.0424
17	0.2422	0.0475	0.0329	0.0431
18	0.2261	0.0478	0.0331	0.0437
19	0.2129	0.0483	0.0336	0.0444
20	0.1993	0.0496	0.0342	0.0453
21	0.1871	0.0502	0.0345	0.0457
22	0.1782	0.0508	0.0350	0.0463
23	0.1695	0.0520	0.0356	0.0474
24	0.1588	0.0534	0.0362	0.0483
25	0.1506	0.0542	0.0369	0.0490
26	0.1440	0.0553	0.0376	0.0496
27	0.1362	0.0557	0.0378	0.0501
28	0.1304	0.0567	0.0384	0.0508
29	0.1250	0.0573	0.0388	0.0514
30	0.1179	0.0579	0.0392	0.0519
31	0.1144	0.0582	0.0395	0.0522
32	0.1084	0.0592	0.0400	0.0528
33	0.1040	0.0596	0.0402	0.0533
34	0.1006	0.0601	0.0404	0.0539
35	0.0980	0.0610	0.0410	0.0547
36	0.0920	0.0619	0.0414	0.0555
37	0.0880	0.0624	0.0418	0.0562
38	0.0883	0.0628	0.0422	0.0568
39	0.0824	0.0631	0.0423	0.0571
40	0.0797	0.0635	0.0427	0.0579
41	0.0757	0.0642	0.0430	0.0586
42	0.0746	0.0646	0.0433	0.0591
43	0.0716	0.0649	0.0436	0.0595
44	0.0698	0.0653	0.0438	0.0598
45	0.0668	0.0654	0.0440	0.0604
46	0.0665	0.0658	0.0443	0.0609
47	0.0658	0.0662	0.0446	0.0615
48	0.0633	0.0667	0.0448	0.0619
49	0.0595	0.0674	0.0452	0.0624
50	0.0576	0.0675	0.0453	0.0626
51	0.0575	0.0683	0.0458	0.0633
52	0.0552	0.0686	0.0462	0.0638
53	0.0527	0.0691	0.0464	0.0643
54	0.0535	0.0697	0.0468	0.0649
55	0.0514	0.0696	0.0468	0.0652
56	0.0489	0.0699	0.0470	0.0656
57	0.0463	0.0704	0.0472	0.0660
58	0.0483	0.0703	0.0472	0.0661
59	0.0460	0.0701	0.0470	0.0660
60	0.0435	0.0701	0.0471	0.0663
61	0.0448	0.0706	0.0473	0.0667
62	0.0430	0.0709	0.0475	0.0668
63	0.0423	0.0712	0.0477	0.0673
64	0.0407	0.0713	0.0478	0.0676
65	0.0400	0.0717	0.0479	0.0678
66	0.0399	0.0718	0.0480	0.0680
67	0.0391	0.0721	0.0481	0.0683
68	0.0373	0.0726	0.0484	0.0686
69	0.0385	0.0730	0.0487	0.0690
70	0.0360	0.0729	0.0487	0.0691
71	0.0367	0.0728	0.0486	0.0691
72	0.0355	0.0727	0.0485	0.0691
73	0.0325	0.0733	0.0487	0.0693
74	0.0328	0.0732	0.0487	0.0695
75	0.0334	0.0738	0.0491	0.0698
76	0.0333	0.0740	0.0490	0.0700
77	0.0328	0.0744	0.0491	0.0700
78	0.0304	0.0749	0.0493	0.0704
79	0.0302	0.0750	0.0494	0.0705
80	0.0304	0.0751	0.0494	0.0707
81	0.0284	0.0752	0.0495	0.0708
82	0.0291	0.0754	0.0494	0.0709
83	0.0289	0.0757	0.0496	0.0712
84	0.0290	0.0762	0.0499	0.0716
85	0.0281	0.0765	0.0501	0.0721
86	0.0277	0.0771	0.0505	0.0724
87	0.0273	0.0767	0.0502	0.0723
88	0.0270	0.0770	0.0502	0.0725
89	0.0268	0.0768	0.0502	0.0724
90	0.0251	0.0771	0.0504	0.0727
91	0.0251	0.0772	0.0504	0.0728
92	0.0239	0.0776	0.0507	0.0731
93	0.0251	0.0773	0.0505	0.0729
94	0.0243	0.0774	0.0505	0.0732
95	0.0252	0.0776	0.0507	0.0735
96	0.0238	0.0779	0.0510	0.0737
97	0.0236	0.0781	0.0511	0.0739
98	0.0229	0.0785	0.0512	0.0741
99	0.0223	0.0785	0.0514	0.0743
100	0.0228	0.0786	0.0513	0.0746
101	0.0221	0.0784	0.0511	0.0744
102	0.0212	0.0785	0.0512	0.0743
103	0.0219	0.0784	0.0512	0.0744
104	0.0213	0.0788	0.0513	0.0746
105	0.0207	0.0785	0.0512	0.0747
106	0.0218	0.0788	0.0512	0.0748
107	0.0201	0.0786	0.0512	0.0747
108	0.0207	0.0790	0.0512	0.0748
109	0.0200	0.0792	0.0514	0.0749
110	0.0199	0.0794	0.0516	0.0750
111	0.0192	0.0794	0.0515	0.0752
112	0.0195	0.0797	0.0518	0.0753
113	0.0193	0.0799	0.0520	0.0755
114	0.0190	0.0803	0.0522	0.0759
115	0.0191	0.0805	0.0523	0.0762
116	0.0186	0.0804	0.0522	0.0762
117	0.0186	0.0802	0.0521	0.0762
118	0.0176	0.0808	0.0523	0.0765
119	0.0183	0.0809	0.0523	0.0766
120	0.0181	0.0811	0.0525	0.0769
121	0.0179	0.0812	0.0525	0.0770
122	0.0166	0.0812	0.0524	0.0771
123	0.0175	0.0813	0.0526	0.0772
124	0.0173	0.0810	0.0524	0.0770
125	0.0178	0.0810	0.0525	0.0772
126	0.0164	0.0812	0.0527	0.0774
127	0.0160	0.0810	0.0525	0.0774
128	0.0170	0.0810	0.0524	0.0773
129	0.0167	0.0811	0.0525	0.0775
130	0.0167	0.0812	0.0525	0.0773
131	0.0165	0.0813	0.0526	0.0774
132	0.0164	0.0816	0.0526	0.0776
133	0.0168	0.0819	0.0527	0.0778
134	0.0162	0.0821	0.0529	0.0782
135	0.0159	0.0824	0.0532	0.0786
136	0.0160	0.0822	0.0529	0.0783
137	0.0160	0.0823	0.0527	0.0782
138	0.0153	0.0822	0.0528	0.0781
139	0.0150	0.0823	0.0528	0.0780
140	0.0153	0.0823	0.0526	0.0781
141	0.0145	0.0823	0.0528	0.0782
142	0.0145	0.0822	0.0527	0.0781
143	0.0154	0.0826	0.0529	0.0784
144	0.0151	0.0821	0.0527	0.0783
145	0.0147	0.0825	0.0529	0.0785
146	0.0143	0.0825	0.0529	0.0785
147	0.0138	0.0828	0.0530	0.0785
148	0.0140	0.0822	0.0528	0.0782
149	0.0145	0.0823	0.0528	0.0784
150	0.0137	0.0822	0.0527	0.0783
