{"n_layers": 0, "device": "cuda", "batch_size": 2048, "embedding_dim": 256, "learning_rate": 0.001, "dataset": "dbbook", "epochs": 150, "top_k": 50, "multimodal": true, "datasets": {"dbbook": ["images", "text"], "ml1m": ["audio", "images", "text", "video"]}}
Epoch	Loss	Recall	Precision	NDCG
1	0.6931	0.0112	0.0015	0.0054
2	0.6909	0.0197	0.0027	0.0103
3	0.6883	0.0456	0.0060	0.0287
4	0.6844	0.0845	0.0114	0.0550
5	0.6781	0.1193	0.0165	0.0773
6	0.6681	0.1480	0.0204	0.0934
7	0.6532	0.1638	0.0226	0.1019
8	0.6323	0.1698	0.0237	0.1060
9	0.6049	0.1743	0.0244	0.1087
10	0.5716	0.1760	0.0247	0.1097
11	0.5338	0.1783	0.0251	0.1107
12	0.4937	0.1794	0.0252	0.1111
13	0.4548	0.1797	0.0253	0.1114
14	0.4169	0.1817	0.0256	0.1123
15	0.3820	0.1817	0.0256	0.1125
16	0.3511	0.1833	0.0258	0.1132
17	0.3248	0.1850	0.0259	0.1139
18	0.3006	0.1873	0.0262	0.1152
19	0.2802	0.1877	0.0263	0.1158
20	0.2589	0.1888	0.0264	0.1166
21	0.2424	0.1897	0.0264	0.1172
22	0.2273	0.1912	0.0266	0.1179
23	0.2129	0.1927	0.0268	0.1184
24	0.2022	0.1936	0.0269	0.1189
25	0.1867	0.1944	0.0270	0.1194
26	0.1765	0.1944	0.0271	0.1198
27	0.1658	0.1951	0.0271	0.1198
28	0.1562	0.1962	0.0272	0.1203
29	0.1485	0.1971	0.0272	0.1208
30	0.1408	0.1977	0.0273	0.1214
31	0.1321	0.1979	0.0274	0.1217
32	0.1264	0.1988	0.0275	0.1221
33	0.1187	0.1992	0.0275	0.1223
34	0.1142	0.1998	0.0276	0.1224
35	0.1085	0.2011	0.0278	0.1230
36	0.1042	0.2015	0.0278	0.1233
37	0.0973	0.2020	0.0279	0.1234
38	0.0929	0.2019	0.0278	0.1235
39	0.0891	0.2027	0.0279	0.1239
40	0.0847	0.2036	0.0280	0.1245
41	0.0810	0.2040	0.0281	0.1249
42	0.0782	0.2044	0.0281	0.1253
43	0.0748	0.2056	0.0282	0.1257
44	0.0698	0.2057	0.0282	0.1259
45	0.0682	0.2071	0.0283	0.1264
46	0.0642	0.2078	0.0284	0.1268
47	0.0622	0.2082	0.0284	0.1271
48	0.0608	0.2086	0.0285	0.1273
49	0.0574	0.2093	0.0285	0.1276
50	0.0551	0.2097	0.0286	0.1280
51	0.0534	0.2094	0.0286	0.1281
52	0.0519	0.2097	0.0286	0.1283
53	0.0498	0.2104	0.0286	0.1285
54	0.0486	0.2094	0.0285	0.1281
55	0.0462	0.2101	0.0286	0.1283
56	0.0444	0.2107	0.0287	0.1287
57	0.0422	0.2112	0.0287	0.1290
58	0.0423	0.2117	0.0287	0.1291
59	0.0407	0.2122	0.0288	0.1293
60	0.0388	0.2123	0.0287	0.1296
61	0.0383	0.2121	0.0287	0.1296
62	0.0369	0.2121	0.0287	0.1298
63	0.0357	0.2128	0.0288	0.1304
64	0.0342	0.2129	0.0288	0.1306
65	0.0333	0.2135	0.0288	0.1307
66	0.0332	0.2142	0.0289	0.1310
67	0.0320	0.2138	0.0289	0.1309
68	0.0309	0.2134	0.0289	0.1310
69	0.0304	0.2137	0.0289	0.1315
70	0.0291	0.2142	0.0289	0.1317
71	0.0285	0.2147	0.0290	0.1317
72	0.0279	0.2148	0.0290	0.1318
73	0.0269	0.2151	0.0290	0.1320
74	0.0265	0.2149	0.0290	0.1322
75	0.0262	0.2150	0.0290	0.1321
76	0.0248	0.2155	0.0291	0.1324
77	0.0256	0.2150	0.0290	0.1324
78	0.0247	0.2149	0.0290	0.1325
79	0.0243	0.2150	0.0290	0.1327
80	0.0234	0.2158	0.0291	0.1332
81	0.0231	0.2154	0.0291	0.1331
82	0.0223	0.2158	0.0291	0.1333
83	0.0218	0.2162	0.0292	0.1336
84	0.0216	0.2162	0.0292	0.1335
85	0.0217	0.2165	0.0292	0.1335
86	0.0200	0.2167	0.0292	0.1336
87	0.0204	0.2169	0.0292	0.1335
88	0.0200	0.2170	0.0292	0.1339
89	0.0200	0.2169	0.0292	0.1340
90	0.0203	0.2169	0.0292	0.1340
91	0.0188	0.2172	0.0292	0.1339
92	0.0184	0.2169	0.0292	0.1338
93	0.0183	0.2167	0.0291	0.1337
94	0.0183	0.2163	0.0291	0.1338
95	0.0171	0.2169	0.0292	0.1339
96	0.0176	0.2167	0.0291	0.1338
97	0.0172	0.2169	0.0291	0.1339
98	0.0175	0.2174	0.0292	0.1341
99	0.0161	0.2177	0.0292	0.1341
100	0.0168	0.2177	0.0292	0.1343
101	0.0160	0.2179	0.0292	0.1344
102	0.0157	0.2171	0.0292	0.1340
103	0.0154	0.2172	0.0292	0.1340
104	0.0149	0.2167	0.0292	0.1340
105	0.0154	0.2172	0.0292	0.1341
106	0.0153	0.2166	0.0291	0.1340
107	0.0150	0.2172	0.0292	0.1341
108	0.0151	0.2172	0.0292	0.1340
109	0.0152	0.2171	0.0292	0.1340
110	0.0146	0.2176	0.0293	0.1344
111	0.0144	0.2180	0.0293	0.1347
112	0.0146	0.2175	0.0293	0.1346
113	0.0139	0.2171	0.0292	0.1344
114	0.0136	0.2171	0.0292	0.1345
115	0.0139	0.2175	0.0292	0.1346
116	0.0140	0.2174	0.0292	0.1347
117	0.0133	0.2177	0.0292	0.1348
118	0.0131	0.2176	0.0292	0.1348
119	0.0130	0.2178	0.0292	0.1349
120	0.0127	0.2181	0.0293	0.1348
121	0.0125	0.2174	0.0292	0.1347
122	0.0125	0.2166	0.0291	0.1345
123	0.0129	0.2171	0.0292	0.1344
124	0.0128	0.2174	0.0292	0.1348
125	0.0124	0.2170	0.0291	0.1348
126	0.0122	0.2169	0.0292	0.1348
127	0.0122	0.2176	0.0292	0.1351
128	0.0117	0.2176	0.0292	0.1351
129	0.0120	0.2179	0.0292	0.1354
130	0.0111	0.2176	0.0292	0.1351
131	0.0115	0.2171	0.0291	0.1348
132	0.0116	0.2173	0.0291	0.1348
133	0.0115	0.2170	0.0291	0.1347
134	0.0115	0.2172	0.0291	0.1349
135	0.0114	0.2175	0.0291	0.1352
136	0.0111	0.2174	0.0291	0.1351
137	0.0112	0.2172	0.0291	0.1351
138	0.0109	0.2171	0.0291	0.1352
139	0.0114	0.2177	0.0291	0.1352
140	0.0118	0.2176	0.0291	0.1353
141	0.0102	0.2173	0.0291	0.1350
142	0.0108	0.2174	0.0291	0.1352
143	0.0105	0.2171	0.0291	0.1351
144	0.0102	0.2173	0.0291	0.1350
145	0.0106	0.2171	0.0291	0.1352
146	0.0104	0.2172	0.0291	0.1353
147	0.0105	0.2172	0.0290	0.1353
148	0.0103	0.2179	0.0291	0.1352
149	0.0104	0.2171	0.0291	0.1350
150	0.0100	0.2171	0.0291	0.1351
