{"n_layers": 1, "device": "cuda", "batch_size": 2048, "embedding_dim": 1024, "learning_rate": 0.001, "dataset": "dbbook", "epochs": 150, "top_k": 5, "multimodal": false, "datasets": {"dbbook": ["images", "text"], "ml1m": ["audio", "images", "text", "video"]}}
Epoch	Loss	Recall	Precision	NDCG
1	0.6849	0.0287	0.0371	0.0411
2	0.6602	0.0300	0.0393	0.0408
3	0.5975	0.0284	0.0367	0.0376
4	0.4880	0.0279	0.0368	0.0369
5	0.3702	0.0273	0.0363	0.0365
6	0.2809	0.0283	0.0380	0.0385
7	0.2206	0.0294	0.0389	0.0396
8	0.1784	0.0301	0.0401	0.0417
9	0.1462	0.0322	0.0429	0.0446
10	0.1217	0.0343	0.0450	0.0473
11	0.1047	0.0358	0.0470	0.0496
12	0.0915	0.0375	0.0485	0.0518
13	0.0775	0.0382	0.0491	0.0532
14	0.0683	0.0386	0.0493	0.0535
15	0.0600	0.0397	0.0506	0.0553
16	0.0547	0.0406	0.0516	0.0564
17	0.0479	0.0409	0.0519	0.0571
18	0.0446	0.0420	0.0530	0.0587
19	0.0396	0.0425	0.0538	0.0598
20	0.0371	0.0432	0.0547	0.0612
21	0.0333	0.0439	0.0557	0.0625
22	0.0323	0.0453	0.0572	0.0642
23	0.0281	0.0456	0.0574	0.0648
24	0.0284	0.0458	0.0578	0.0655
25	0.0250	0.0456	0.0579	0.0657
26	0.0236	0.0458	0.0582	0.0661
27	0.0228	0.0461	0.0582	0.0662
28	0.0214	0.0470	0.0591	0.0671
29	0.0202	0.0471	0.0589	0.0673
30	0.0194	0.0474	0.0593	0.0677
31	0.0184	0.0478	0.0596	0.0681
32	0.0186	0.0483	0.0603	0.0687
33	0.0165	0.0484	0.0605	0.0688
34	0.0163	0.0487	0.0603	0.0689
35	0.0161	0.0482	0.0599	0.0689
36	0.0152	0.0482	0.0594	0.0687
37	0.0140	0.0485	0.0599	0.0690
38	0.0137	0.0485	0.0603	0.0694
39	0.0138	0.0487	0.0601	0.0694
40	0.0136	0.0490	0.0607	0.0700
41	0.0127	0.0490	0.0610	0.0701
42	0.0121	0.0488	0.0605	0.0697
43	0.0112	0.0486	0.0606	0.0698
44	0.0115	0.0490	0.0609	0.0702
45	0.0116	0.0492	0.0611	0.0705
46	0.0111	0.0498	0.0614	0.0708
47	0.0115	0.0495	0.0615	0.0710
48	0.0102	0.0497	0.0615	0.0710
49	0.0106	0.0497	0.0612	0.0713
50	0.0103	0.0499	0.0613	0.0714
51	0.0099	0.0500	0.0616	0.0714
52	0.0100	0.0501	0.0619	0.0718
53	0.0093	0.0500	0.0619	0.0719
54	0.0102	0.0496	0.0617	0.0718
55	0.0094	0.0501	0.0619	0.0720
56	0.0092	0.0494	0.0616	0.0715
57	0.0087	0.0496	0.0615	0.0715
58	0.0090	0.0501	0.0619	0.0718
59	0.0088	0.0501	0.0621	0.0721
60	0.0088	0.0504	0.0623	0.0724
61	0.0086	0.0500	0.0620	0.0723
62	0.0081	0.0502	0.0621	0.0724
63	0.0080	0.0505	0.0620	0.0725
64	0.0080	0.0508	0.0624	0.0728
65	0.0082	0.0506	0.0626	0.0729
66	0.0082	0.0507	0.0627	0.0729
67	0.0084	0.0504	0.0622	0.0726
68	0.0083	0.0502	0.0621	0.0724
69	0.0073	0.0504	0.0621	0.0725
70	0.0079	0.0502	0.0619	0.0724
71	0.0073	0.0504	0.0619	0.0725
72	0.0080	0.0505	0.0621	0.0726
73	0.0081	0.0510	0.0626	0.0731
74	0.0077	0.0508	0.0623	0.0727
75	0.0079	0.0507	0.0621	0.0722
76	0.0074	0.0506	0.0622	0.0723
77	0.0071	0.0506	0.0621	0.0723
78	0.0070	0.0505	0.0621	0.0724
79	0.0070	0.0501	0.0617	0.0721
80	0.0071	0.0497	0.0612	0.0717
81	0.0069	0.0496	0.0611	0.0719
82	0.0066	0.0499	0.0616	0.0724
83	0.0072	0.0501	0.0618	0.0723
84	0.0070	0.0504	0.0618	0.0724
85	0.0068	0.0504	0.0618	0.0724
86	0.0070	0.0506	0.0620	0.0728
87	0.0068	0.0509	0.0620	0.0727
88	0.0068	0.0507	0.0620	0.0725
89	0.0070	0.0509	0.0622	0.0729
90	0.0069	0.0507	0.0619	0.0725
91	0.0074	0.0504	0.0617	0.0728
92	0.0070	0.0505	0.0616	0.0727
93	0.0067	0.0505	0.0619	0.0726
94	0.0063	0.0504	0.0616	0.0723
95	0.0071	0.0502	0.0616	0.0723
96	0.0073	0.0500	0.0611	0.0721
97	0.0066	0.0496	0.0609	0.0718
98	0.0067	0.0501	0.0614	0.0722
99	0.0071	0.0498	0.0611	0.0720
100	0.0066	0.0497	0.0608	0.0717
101	0.0068	0.0498	0.0607	0.0717
102	0.0065	0.0499	0.0612	0.0719
103	0.0064	0.0501	0.0616	0.0723
104	0.0063	0.0502	0.0614	0.0722
105	0.0065	0.0501	0.0612	0.0719
106	0.0063	0.0499	0.0609	0.0715
107	0.0068	0.0501	0.0611	0.0717
108	0.0062	0.0503	0.0612	0.0721
109	0.0068	0.0500	0.0608	0.0719
110	0.0062	0.0499	0.0609	0.0720
111	0.0059	0.0501	0.0611	0.0721
112	0.0064	0.0504	0.0612	0.0723
113	0.0066	0.0504	0.0614	0.0724
114	0.0063	0.0506	0.0617	0.0726
115	0.0069	0.0506	0.0611	0.0719
116	0.0061	0.0502	0.0611	0.0719
117	0.0060	0.0502	0.0612	0.0719
118	0.0061	0.0508	0.0617	0.0722
119	0.0058	0.0507	0.0614	0.0720
120	0.0063	0.0503	0.0608	0.0716
121	0.0061	0.0504	0.0608	0.0715
122	0.0062	0.0507	0.0610	0.0715
123	0.0064	0.0504	0.0612	0.0718
124	0.0058	0.0500	0.0609	0.0716
125	0.0057	0.0504	0.0610	0.0717
126	0.0058	0.0507	0.0613	0.0720
127	0.0061	0.0505	0.0612	0.0717
128	0.0060	0.0500	0.0605	0.0712
129	0.0061	0.0503	0.0608	0.0715
130	0.0059	0.0507	0.0611	0.0716
131	0.0063	0.0510	0.0614	0.0719
132	0.0061	0.0509	0.0612	0.0714
133	0.0058	0.0505	0.0607	0.0712
134	0.0061	0.0502	0.0607	0.0713
135	0.0058	0.0504	0.0608	0.0712
136	0.0058	0.0497	0.0606	0.0708
137	0.0059	0.0498	0.0608	0.0711
138	0.0061	0.0499	0.0609	0.0711
139	0.0064	0.0499	0.0609	0.0713
140	0.0062	0.0496	0.0609	0.0711
141	0.0059	0.0502	0.0612	0.0713
142	0.0062	0.0499	0.0610	0.0713
143	0.0063	0.0497	0.0609	0.0710
144	0.0062	0.0498	0.0609	0.0709
145	0.0063	0.0499	0.0612	0.0710
146	0.0061	0.0500	0.0610	0.0714
147	0.0060	0.0500	0.0610	0.0711
148	0.0061	0.0500	0.0609	0.0713
149	0.0061	0.0495	0.0605	0.0706
150	0.0065	0.0496	0.0605	0.0705
