{"n_layers": 2, "device": "cuda", "batch_size": 2048, "embedding_dim": 256, "learning_rate": 0.001, "dataset": "dbbook", "epochs": 150, "top_k": 20, "multimodal": true, "datasets": {"dbbook": ["images", "text"], "ml1m": ["audio", "images", "text", "video"]}}
Epoch	Loss	Recall	Precision	NDCG
1	0.6914	0.0512	0.0167	0.0412
2	0.6854	0.0827	0.0281	0.0630
3	0.6750	0.0855	0.0297	0.0620
4	0.6562	0.0813	0.0285	0.0565
5	0.6250	0.0775	0.0274	0.0524
6	0.5801	0.0732	0.0262	0.0491
7	0.5273	0.0697	0.0254	0.0465
8	0.4740	0.0684	0.0249	0.0453
9	0.4271	0.0677	0.0247	0.0451
10	0.3875	0.0678	0.0248	0.0452
11	0.3569	0.0681	0.0247	0.0453
12	0.3293	0.0685	0.0249	0.0459
13	0.3085	0.0695	0.0253	0.0465
14	0.2907	0.0700	0.0255	0.0472
15	0.2742	0.0713	0.0260	0.0480
16	0.2617	0.0722	0.0263	0.0489
17	0.2468	0.0736	0.0267	0.0499
18	0.2354	0.0743	0.0270	0.0505
19	0.2255	0.0754	0.0273	0.0514
20	0.2142	0.0771	0.0278	0.0525
21	0.2045	0.0785	0.0282	0.0536
22	0.1955	0.0791	0.0285	0.0543
23	0.1899	0.0801	0.0288	0.0553
24	0.1835	0.0817	0.0292	0.0564
25	0.1760	0.0833	0.0296	0.0576
26	0.1682	0.0837	0.0299	0.0585
27	0.1596	0.0851	0.0303	0.0595
28	0.1572	0.0863	0.0306	0.0605
29	0.1481	0.0881	0.0311	0.0617
30	0.1449	0.0895	0.0315	0.0625
31	0.1436	0.0910	0.0319	0.0636
32	0.1366	0.0919	0.0322	0.0645
33	0.1304	0.0927	0.0325	0.0653
34	0.1268	0.0931	0.0326	0.0659
35	0.1208	0.0943	0.0330	0.0668
36	0.1175	0.0957	0.0334	0.0675
37	0.1153	0.0963	0.0336	0.0680
38	0.1098	0.0977	0.0340	0.0688
39	0.1072	0.0982	0.0341	0.0693
40	0.1067	0.0989	0.0343	0.0699
41	0.1041	0.0999	0.0346	0.0706
42	0.1004	0.1006	0.0348	0.0713
43	0.0982	0.1011	0.0349	0.0717
44	0.0942	0.1023	0.0353	0.0727
45	0.0940	0.1029	0.0355	0.0732
46	0.0871	0.1039	0.0358	0.0739
47	0.0869	0.1045	0.0360	0.0744
48	0.0851	0.1057	0.0363	0.0752
49	0.0827	0.1064	0.0365	0.0760
50	0.0806	0.1070	0.0368	0.0767
51	0.0776	0.1076	0.0370	0.0773
52	0.0766	0.1088	0.0373	0.0782
53	0.0745	0.1099	0.0376	0.0790
54	0.0734	0.1106	0.0378	0.0796
55	0.0714	0.1108	0.0379	0.0798
56	0.0695	0.1113	0.0380	0.0802
57	0.0701	0.1113	0.0380	0.0803
58	0.0671	0.1119	0.0381	0.0806
59	0.0639	0.1120	0.0383	0.0808
60	0.0633	0.1122	0.0384	0.0811
61	0.0625	0.1127	0.0385	0.0816
62	0.0634	0.1133	0.0387	0.0820
63	0.0603	0.1137	0.0389	0.0824
64	0.0599	0.1145	0.0390	0.0828
65	0.0587	0.1150	0.0392	0.0832
66	0.0556	0.1154	0.0393	0.0837
67	0.0566	0.1157	0.0395	0.0839
68	0.0547	0.1163	0.0396	0.0842
69	0.0521	0.1173	0.0398	0.0847
70	0.0530	0.1179	0.0400	0.0850
71	0.0514	0.1178	0.0401	0.0851
72	0.0505	0.1184	0.0402	0.0855
73	0.0521	0.1192	0.0404	0.0861
74	0.0510	0.1198	0.0406	0.0867
75	0.0478	0.1193	0.0404	0.0866
76	0.0447	0.1192	0.0404	0.0866
77	0.0460	0.1198	0.0405	0.0869
78	0.0459	0.1202	0.0407	0.0873
79	0.0461	0.1204	0.0407	0.0875
80	0.0439	0.1210	0.0409	0.0883
81	0.0433	0.1212	0.0409	0.0885
82	0.0436	0.1214	0.0410	0.0886
83	0.0422	0.1223	0.0412	0.0891
84	0.0415	0.1227	0.0413	0.0893
85	0.0424	0.1230	0.0414	0.0894
86	0.0403	0.1232	0.0415	0.0897
87	0.0391	0.1247	0.0418	0.0903
88	0.0402	0.1247	0.0419	0.0906
89	0.0403	0.1250	0.0420	0.0909
90	0.0380	0.1250	0.0420	0.0910
91	0.0378	0.1251	0.0420	0.0910
92	0.0377	0.1256	0.0422	0.0913
93	0.0351	0.1256	0.0422	0.0913
94	0.0376	0.1257	0.0422	0.0915
95	0.0370	0.1258	0.0423	0.0917
96	0.0361	0.1266	0.0424	0.0923
97	0.0344	0.1263	0.0425	0.0924
98	0.0336	0.1269	0.0426	0.0926
99	0.0339	0.1270	0.0427	0.0927
100	0.0349	0.1269	0.0426	0.0927
101	0.0316	0.1265	0.0425	0.0926
102	0.0328	0.1269	0.0425	0.0927
103	0.0313	0.1271	0.0425	0.0928
104	0.0321	0.1274	0.0427	0.0932
105	0.0318	0.1277	0.0428	0.0935
106	0.0310	0.1274	0.0428	0.0934
107	0.0305	0.1274	0.0428	0.0935
108	0.0299	0.1277	0.0429	0.0939
109	0.0295	0.1283	0.0430	0.0941
110	0.0295	0.1283	0.0430	0.0942
111	0.0296	0.1283	0.0430	0.0942
112	0.0285	0.1284	0.0430	0.0944
113	0.0280	0.1286	0.0430	0.0945
114	0.0271	0.1282	0.0430	0.0946
115	0.0288	0.1286	0.0431	0.0948
116	0.0283	0.1293	0.0432	0.0953
117	0.0269	0.1293	0.0432	0.0954
118	0.0269	0.1292	0.0432	0.0954
119	0.0264	0.1293	0.0432	0.0956
120	0.0274	0.1296	0.0433	0.0959
121	0.0245	0.1298	0.0433	0.0960
122	0.0249	0.1299	0.0434	0.0961
123	0.0256	0.1301	0.0434	0.0962
124	0.0255	0.1301	0.0434	0.0961
125	0.0263	0.1299	0.0434	0.0960
126	0.0266	0.1300	0.0434	0.0961
127	0.0249	0.1300	0.0433	0.0961
128	0.0260	0.1299	0.0433	0.0964
129	0.0240	0.1302	0.0434	0.0966
130	0.0243	0.1300	0.0434	0.0964
131	0.0232	0.1299	0.0433	0.0964
132	0.0238	0.1301	0.0432	0.0963
133	0.0241	0.1301	0.0433	0.0966
134	0.0237	0.1298	0.0433	0.0965
135	0.0226	0.1301	0.0433	0.0964
136	0.0232	0.1303	0.0434	0.0966
137	0.0236	0.1300	0.0434	0.0966
138	0.0230	0.1305	0.0435	0.0969
139	0.0222	0.1306	0.0435	0.0971
140	0.0225	0.1310	0.0436	0.0972
141	0.0217	0.1312	0.0436	0.0974
142	0.0213	0.1309	0.0435	0.0973
143	0.0218	0.1312	0.0436	0.0974
144	0.0213	0.1315	0.0436	0.0976
145	0.0219	0.1318	0.0436	0.0978
146	0.0211	0.1313	0.0435	0.0976
147	0.0204	0.1311	0.0434	0.0977
148	0.0213	0.1316	0.0435	0.0979
149	0.0209	0.1317	0.0436	0.0979
150	0.0208	0.1317	0.0436	0.0979
