{"n_layers": 2, "device": "cuda", "batch_size": 2048, "embedding_dim": 256, "learning_rate": 0.001, "dataset": "dbbook", "epochs": 150, "top_k": 10, "multimodal": true, "datasets": {"dbbook": ["images", "text"], "ml1m": ["audio", "images", "text", "video"]}}
Epoch	Loss	Recall	Precision	NDCG
1	0.6913	0.0317	0.0210	0.0314
2	0.6852	0.0490	0.0341	0.0470
3	0.6744	0.0483	0.0338	0.0440
4	0.6546	0.0454	0.0320	0.0391
5	0.6218	0.0416	0.0294	0.0349
6	0.5755	0.0396	0.0279	0.0324
7	0.5210	0.0377	0.0266	0.0308
8	0.4687	0.0367	0.0261	0.0302
9	0.4217	0.0361	0.0257	0.0300
10	0.3845	0.0361	0.0256	0.0300
11	0.3535	0.0366	0.0259	0.0305
12	0.3274	0.0368	0.0261	0.0308
13	0.3091	0.0369	0.0262	0.0311
14	0.2906	0.0372	0.0267	0.0316
15	0.2728	0.0384	0.0274	0.0326
16	0.2615	0.0391	0.0281	0.0333
17	0.2508	0.0398	0.0286	0.0341
18	0.2355	0.0411	0.0296	0.0352
19	0.2270	0.0418	0.0300	0.0358
20	0.2162	0.0424	0.0305	0.0365
21	0.2087	0.0427	0.0307	0.0369
22	0.2035	0.0438	0.0313	0.0378
23	0.1931	0.0448	0.0320	0.0390
24	0.1826	0.0458	0.0327	0.0400
25	0.1790	0.0463	0.0331	0.0408
26	0.1711	0.0467	0.0332	0.0413
27	0.1639	0.0475	0.0337	0.0423
28	0.1581	0.0480	0.0341	0.0428
29	0.1530	0.0485	0.0344	0.0436
30	0.1491	0.0499	0.0350	0.0445
31	0.1444	0.0505	0.0353	0.0452
32	0.1396	0.0513	0.0357	0.0461
33	0.1338	0.0517	0.0362	0.0466
34	0.1285	0.0526	0.0368	0.0473
35	0.1266	0.0532	0.0371	0.0479
36	0.1237	0.0540	0.0375	0.0485
37	0.1172	0.0549	0.0379	0.0491
38	0.1154	0.0564	0.0387	0.0503
39	0.1104	0.0571	0.0391	0.0509
40	0.1055	0.0576	0.0394	0.0514
41	0.1045	0.0577	0.0394	0.0516
42	0.1012	0.0586	0.0398	0.0521
43	0.0995	0.0592	0.0401	0.0526
44	0.0971	0.0593	0.0404	0.0527
45	0.0939	0.0597	0.0406	0.0533
46	0.0905	0.0607	0.0411	0.0542
47	0.0916	0.0612	0.0415	0.0547
48	0.0867	0.0613	0.0416	0.0551
49	0.0854	0.0620	0.0421	0.0557
50	0.0844	0.0626	0.0426	0.0564
51	0.0812	0.0634	0.0430	0.0570
52	0.0800	0.0632	0.0430	0.0572
53	0.0761	0.0633	0.0431	0.0572
54	0.0761	0.0634	0.0431	0.0573
55	0.0725	0.0639	0.0435	0.0578
56	0.0715	0.0643	0.0435	0.0580
57	0.0694	0.0644	0.0434	0.0580
58	0.0682	0.0646	0.0436	0.0583
59	0.0683	0.0648	0.0437	0.0587
60	0.0652	0.0650	0.0440	0.0592
61	0.0658	0.0655	0.0443	0.0596
62	0.0644	0.0660	0.0447	0.0600
63	0.0620	0.0667	0.0451	0.0606
64	0.0586	0.0672	0.0454	0.0610
65	0.0588	0.0675	0.0456	0.0612
66	0.0585	0.0672	0.0455	0.0613
67	0.0580	0.0673	0.0455	0.0613
68	0.0555	0.0679	0.0458	0.0618
69	0.0549	0.0682	0.0460	0.0620
70	0.0517	0.0684	0.0461	0.0622
71	0.0531	0.0686	0.0462	0.0624
72	0.0523	0.0687	0.0462	0.0626
73	0.0517	0.0688	0.0463	0.0630
74	0.0518	0.0690	0.0465	0.0632
75	0.0479	0.0695	0.0465	0.0634
76	0.0491	0.0700	0.0467	0.0638
77	0.0476	0.0700	0.0469	0.0641
78	0.0485	0.0699	0.0468	0.0640
79	0.0465	0.0698	0.0468	0.0640
80	0.0447	0.0703	0.0470	0.0644
81	0.0446	0.0703	0.0471	0.0646
82	0.0435	0.0706	0.0471	0.0648
83	0.0431	0.0711	0.0474	0.0651
84	0.0429	0.0712	0.0476	0.0654
85	0.0407	0.0715	0.0477	0.0657
86	0.0416	0.0718	0.0479	0.0660
87	0.0403	0.0719	0.0479	0.0660
88	0.0398	0.0720	0.0478	0.0662
89	0.0402	0.0722	0.0480	0.0664
90	0.0393	0.0723	0.0481	0.0667
91	0.0394	0.0725	0.0483	0.0670
92	0.0377	0.0733	0.0488	0.0676
93	0.0367	0.0735	0.0489	0.0679
94	0.0370	0.0734	0.0490	0.0680
95	0.0371	0.0736	0.0491	0.0684
96	0.0350	0.0736	0.0491	0.0687
97	0.0359	0.0744	0.0495	0.0693
98	0.0345	0.0745	0.0496	0.0694
99	0.0356	0.0749	0.0495	0.0696
100	0.0339	0.0751	0.0497	0.0698
101	0.0342	0.0752	0.0499	0.0700
102	0.0347	0.0753	0.0500	0.0702
103	0.0329	0.0755	0.0501	0.0705
104	0.0337	0.0756	0.0501	0.0706
105	0.0338	0.0759	0.0503	0.0709
106	0.0317	0.0761	0.0504	0.0711
107	0.0331	0.0762	0.0505	0.0712
108	0.0305	0.0764	0.0504	0.0712
109	0.0317	0.0764	0.0504	0.0712
110	0.0305	0.0768	0.0506	0.0714
111	0.0291	0.0770	0.0507	0.0715
112	0.0295	0.0772	0.0508	0.0716
113	0.0285	0.0775	0.0508	0.0718
114	0.0285	0.0780	0.0511	0.0721
115	0.0296	0.0781	0.0512	0.0722
116	0.0281	0.0782	0.0512	0.0723
117	0.0284	0.0783	0.0514	0.0725
118	0.0272	0.0785	0.0514	0.0727
119	0.0272	0.0786	0.0514	0.0728
120	0.0273	0.0787	0.0515	0.0731
121	0.0278	0.0786	0.0515	0.0730
122	0.0268	0.0787	0.0514	0.0732
123	0.0264	0.0788	0.0514	0.0733
124	0.0266	0.0791	0.0517	0.0736
125	0.0257	0.0791	0.0517	0.0736
126	0.0264	0.0794	0.0518	0.0737
127	0.0241	0.0792	0.0517	0.0737
128	0.0249	0.0791	0.0516	0.0737
129	0.0240	0.0791	0.0517	0.0737
130	0.0243	0.0792	0.0517	0.0738
131	0.0253	0.0791	0.0517	0.0739
132	0.0250	0.0794	0.0518	0.0741
133	0.0235	0.0795	0.0519	0.0741
134	0.0236	0.0796	0.0520	0.0743
135	0.0235	0.0800	0.0521	0.0745
136	0.0239	0.0797	0.0520	0.0744
137	0.0243	0.0803	0.0523	0.0750
138	0.0233	0.0803	0.0523	0.0751
139	0.0238	0.0805	0.0525	0.0753
140	0.0232	0.0810	0.0527	0.0755
141	0.0226	0.0812	0.0528	0.0758
142	0.0217	0.0813	0.0530	0.0760
143	0.0218	0.0810	0.0529	0.0759
144	0.0221	0.0812	0.0529	0.0759
145	0.0212	0.0813	0.0529	0.0760
146	0.0212	0.0814	0.0529	0.0761
147	0.0212	0.0807	0.0527	0.0758
148	0.0221	0.0809	0.0529	0.0760
149	0.0213	0.0812	0.0528	0.0762
150	0.0206	0.0816	0.0531	0.0764
