{"device": "cuda:2", "multimodal": true, "embedding_dim": 512, "n_layers": 2, "epochs": 500, "learning_rate": 0.001, "log": true, "seed": 19, "top_k": [5, 10, 20, 50], "dataset": "dbbook", "batch_size": 2048, "single_branch": false, "autoencoder": false, "ensemble_fusion": false, "freeze": true, "fusion_modalities": "mean", "fusion_type": "late", "info_nce": false, "weighting": "alpha", "datasets": {"dbbook": ["images", "text"], "ml1m": ["audio", "images", "text", "video"]}}alpha: 0.96345454454422
Epoch	T-Loss	V-Loss	Precision@5	Recall@5	NDCG@5	Precision@10	Recall@10	NDCG@10	Precision@20	Recall@20	NDCG@20	Precision@50	Recall@50	NDCG@50
1	0.6931	0.6931	0.0052	0.0042	0.0059	0.0043	0.0071	0.0063	0.0037	0.0121	0.0084	0.0031	0.0265	0.0132
2	0.6925	0.693	0.0144	0.0131	0.0173	0.0109	0.0193	0.0179	0.0086	0.0303	0.0223	0.0061	0.052	0.0298
3	0.6919	0.6929	0.0261	0.0229	0.0321	0.0194	0.0339	0.0326	0.0137	0.0471	0.0377	0.0085	0.0719	0.0463
4	0.6912	0.6927	0.0366	0.0316	0.0449	0.0261	0.045	0.0447	0.0179	0.0612	0.0508	0.0104	0.0874	0.0599
5	0.6905	0.6926	0.045	0.0394	0.0555	0.0311	0.053	0.0538	0.021	0.0711	0.0606	0.0121	0.1009	0.071
6	0.6896	0.6923	0.0514	0.044	0.0635	0.0365	0.0615	0.0623	0.0239	0.0794	0.0689	0.0137	0.114	0.0808
7	0.6886	0.6921	0.0571	0.0481	0.0704	0.0403	0.0665	0.0685	0.0268	0.0881	0.0763	0.0154	0.1265	0.0896
8	0.6875	0.6918	0.0619	0.0518	0.0755	0.0437	0.0724	0.0736	0.0293	0.0958	0.0822	0.0168	0.1374	0.0966
9	0.6863	0.6914	0.0652	0.0542	0.0787	0.047	0.0766	0.0773	0.0313	0.1014	0.0863	0.0184	0.1477	0.1025
10	0.6848	0.691	0.0674	0.0556	0.0815	0.049	0.0796	0.0804	0.0332	0.1066	0.0903	0.0196	0.1563	0.1078
11	0.6832	0.6905	0.0688	0.0564	0.0833	0.0504	0.0819	0.0825	0.0348	0.1116	0.0936	0.0206	0.1635	0.112
12	0.6814	0.69	0.07	0.0573	0.0847	0.0518	0.0835	0.084	0.0363	0.1159	0.0962	0.0218	0.1723	0.1162
13	0.6794	0.6893	0.0697	0.0571	0.0847	0.0524	0.0833	0.0843	0.0374	0.1183	0.0976	0.0227	0.1793	0.1191
14	0.6771	0.6885	0.0701	0.057	0.085	0.0534	0.0845	0.0853	0.0381	0.1204	0.0988	0.0236	0.185	0.1217
15	0.6745	0.6876	0.0701	0.0565	0.0848	0.0541	0.0853	0.0856	0.0389	0.1227	0.0997	0.0243	0.1895	0.1235
16	0.6718	0.6864	0.0699	0.0562	0.0844	0.0545	0.086	0.0856	0.0395	0.124	0.1001	0.025	0.1943	0.1252
17	0.6686	0.6853	0.0697	0.0556	0.0841	0.0547	0.0862	0.0857	0.0398	0.1238	0.1001	0.0256	0.1981	0.1266
18	0.6651	0.6838	0.0694	0.055	0.0838	0.0548	0.0856	0.0854	0.04	0.1238	0.1002	0.026	0.1994	0.1273
19	0.6611	0.6821	0.0706	0.0556	0.0845	0.0544	0.0847	0.0849	0.0405	0.1246	0.1005	0.0263	0.2017	0.1281
20	0.6566	0.6802	0.0703	0.0555	0.0841	0.0544	0.0846	0.0847	0.0408	0.1256	0.1007	0.0267	0.2043	0.1288
21	0.6517	0.678	0.0702	0.0549	0.0834	0.0546	0.0847	0.0843	0.0408	0.1251	0.1002	0.0269	0.2051	0.1287
22	0.6462	0.6752	0.0697	0.0543	0.0829	0.0543	0.084	0.0838	0.0409	0.1244	0.0998	0.027	0.2053	0.1287
23	0.6402	0.6724	0.0692	0.0539	0.0826	0.054	0.083	0.0834	0.0409	0.1243	0.0998	0.0272	0.2058	0.1289
24	0.6335	0.6693	0.0689	0.0533	0.0819	0.0537	0.0824	0.0827	0.041	0.1238	0.0992	0.0273	0.206	0.1286
25	0.6261	0.6655	0.069	0.0531	0.0817	0.0541	0.0827	0.0827	0.0406	0.1218	0.0982	0.0274	0.2061	0.1284
26	0.6182	0.6617	0.0691	0.0528	0.0814	0.0538	0.0819	0.0822	0.0407	0.1216	0.0979	0.0274	0.2057	0.128
27	0.6099	0.6578	0.0686	0.0522	0.0813	0.0538	0.0813	0.0822	0.0405	0.1209	0.0978	0.0274	0.2058	0.1281
28	0.6009	0.6525	0.0687	0.0521	0.0813	0.0537	0.081	0.082	0.0407	0.1213	0.098	0.0274	0.2057	0.128
29	0.5913	0.6473	0.0685	0.0519	0.0812	0.0534	0.0806	0.0816	0.0405	0.1203	0.0975	0.0274	0.2049	0.1277
30	0.5811	0.6421	0.0684	0.0516	0.0811	0.0533	0.0805	0.0816	0.0406	0.1202	0.0975	0.0274	0.2047	0.1276
31	0.5708	0.6358	0.0684	0.0515	0.0808	0.0532	0.0803	0.0813	0.0406	0.1201	0.0972	0.0273	0.204	0.1271
32	0.5594	0.6301	0.0687	0.0519	0.0809	0.053	0.0799	0.081	0.0404	0.1193	0.0968	0.0272	0.2034	0.1267
33	0.5479	0.6243	0.069	0.0522	0.0811	0.0528	0.0791	0.0807	0.0404	0.1193	0.0968	0.0272	0.2023	0.1264
34	0.5364	0.6177	0.0692	0.0523	0.0812	0.0527	0.079	0.0807	0.0405	0.1195	0.0968	0.0272	0.2019	0.1263
35	0.5244	0.6099	0.0694	0.0522	0.0812	0.0527	0.0787	0.0805	0.0404	0.1194	0.0966	0.0272	0.2017	0.1261
36	0.512	0.6042	0.069	0.0519	0.0809	0.0525	0.0783	0.0802	0.0403	0.1195	0.0965	0.0271	0.2003	0.1256
37	0.4998	0.5965	0.0686	0.0517	0.0807	0.0524	0.0779	0.08	0.0402	0.1191	0.0963	0.0271	0.2003	0.1255
38	0.4874	0.5889	0.0685	0.0516	0.0805	0.0526	0.0782	0.0801	0.0401	0.1187	0.096	0.0271	0.2001	0.1253
39	0.4757	0.5816	0.0685	0.0518	0.0805	0.0524	0.078	0.0799	0.0402	0.119	0.096	0.0271	0.2	0.1252
40	0.4629	0.5749	0.0682	0.0512	0.0801	0.0526	0.0783	0.0799	0.0403	0.119	0.096	0.027	0.1998	0.125
41	0.4513	0.567	0.0681	0.0516	0.0801	0.0525	0.0782	0.0798	0.0402	0.1184	0.0957	0.027	0.1991	0.1248
42	0.4387	0.5602	0.0682	0.0515	0.0801	0.0526	0.0783	0.0798	0.0401	0.118	0.0956	0.027	0.1991	0.1248
43	0.4276	0.5533	0.0683	0.0516	0.0803	0.0525	0.0779	0.0797	0.04	0.1177	0.0955	0.027	0.1989	0.1247
44	0.4164	0.5462	0.068	0.0514	0.0801	0.0523	0.0779	0.0797	0.04	0.1179	0.0956	0.027	0.1984	0.1246
45	0.4053	0.5407	0.068	0.0513	0.0801	0.0523	0.0781	0.0798	0.04	0.118	0.0956	0.027	0.1986	0.1247
46	0.3937	0.5322	0.0683	0.0514	0.0802	0.0524	0.0781	0.0797	0.0399	0.1172	0.0953	0.027	0.1987	0.1246
47	0.3831	0.5275	0.068	0.0513	0.0799	0.0523	0.0777	0.0794	0.0399	0.1172	0.0951	0.027	0.1985	0.1244
48	0.3738	0.5219	0.0677	0.0512	0.0796	0.0524	0.0777	0.0794	0.0398	0.117	0.095	0.027	0.1983	0.1244
49	0.3636	0.5121	0.0677	0.0513	0.0797	0.0524	0.0778	0.0794	0.0398	0.1169	0.0949	0.027	0.1981	0.1244
50	0.3537	0.5076	0.0677	0.0514	0.0796	0.0524	0.078	0.0795	0.0399	0.117	0.0949	0.027	0.1983	0.1244
51	0.3444	0.5053	0.0678	0.0513	0.0798	0.0524	0.0779	0.0795	0.0399	0.1169	0.0951	0.027	0.1981	0.1244
52	0.3351	0.4996	0.068	0.0516	0.0799	0.0523	0.0778	0.0795	0.04	0.1176	0.0953	0.0271	0.1987	0.1246
53	0.3269	0.493	0.0684	0.052	0.0801	0.0524	0.0779	0.0795	0.04	0.1177	0.0953	0.0271	0.1988	0.1246
54	0.3187	0.4897	0.068	0.0516	0.0798	0.0524	0.078	0.0794	0.04	0.1179	0.0952	0.0272	0.199	0.1246
55	0.3111	0.4836	0.0683	0.0518	0.08	0.0526	0.0784	0.0797	0.0399	0.1174	0.0951	0.0272	0.1992	0.1248
56	0.304	0.4826	0.0686	0.052	0.0804	0.0526	0.0785	0.0799	0.0398	0.1172	0.0952	0.0272	0.1996	0.1251
57	0.2967	0.4768	0.0687	0.0518	0.0805	0.0527	0.0786	0.08	0.0398	0.1171	0.0952	0.0272	0.1999	0.1252
58	0.289	0.4712	0.0686	0.0517	0.0804	0.0527	0.0785	0.08	0.0398	0.1172	0.0953	0.0272	0.1999	0.1252
59	0.2819	0.467	0.0686	0.0518	0.0803	0.0529	0.0787	0.0801	0.0399	0.1172	0.0952	0.0273	0.2002	0.1253
60	0.2746	0.4638	0.0686	0.0519	0.0802	0.0528	0.0787	0.0799	0.0399	0.1176	0.0953	0.0273	0.2002	0.1252
61	0.2707	0.4578	0.0689	0.0523	0.0806	0.0529	0.0787	0.0801	0.0401	0.118	0.0956	0.0273	0.2003	0.1254
62	0.2632	0.4599	0.0688	0.0522	0.0805	0.0528	0.0788	0.08	0.04	0.1178	0.0955	0.0273	0.2004	0.1254
63	0.2571	0.4545	0.069	0.0524	0.0807	0.0529	0.079	0.0801	0.04	0.1178	0.0955	0.0273	0.2005	0.1254
64	0.2507	0.4507	0.069	0.0526	0.0809	0.053	0.0792	0.0803	0.04	0.1177	0.0956	0.0273	0.2005	0.1256
65	0.2471	0.4486	0.0692	0.0526	0.081	0.0531	0.0794	0.0805	0.04	0.1178	0.0957	0.0274	0.2006	0.1257
66	0.2408	0.4435	0.0689	0.0524	0.0809	0.0531	0.0792	0.0805	0.0401	0.1182	0.0959	0.0274	0.2008	0.1258
67	0.2365	0.4444	0.0686	0.0521	0.0805	0.053	0.0792	0.0804	0.0401	0.1183	0.0958	0.0274	0.2007	0.1258
68	0.2315	0.4408	0.0687	0.0518	0.0806	0.053	0.0792	0.0805	0.0401	0.1182	0.0959	0.0274	0.2007	0.1258
69	0.2267	0.4366	0.0689	0.052	0.0807	0.0532	0.0792	0.0805	0.0401	0.1179	0.0958	0.0274	0.2014	0.126
70	0.2208	0.4333	0.0688	0.0519	0.0805	0.0531	0.0792	0.0804	0.0402	0.1184	0.0959	0.0274	0.2012	0.1259
71	0.2182	0.4319	0.0686	0.052	0.0805	0.053	0.0793	0.0805	0.0401	0.1181	0.0958	0.0274	0.2013	0.126
72	0.2145	0.4331	0.0687	0.0518	0.0804	0.053	0.0796	0.0804	0.0401	0.1181	0.0957	0.0274	0.2015	0.1259
73	0.2081	0.43	0.069	0.0522	0.0806	0.053	0.0795	0.0804	0.0403	0.1186	0.096	0.0275	0.2021	0.1262
74	0.2033	0.4252	0.0693	0.0524	0.0809	0.0532	0.0798	0.0807	0.0404	0.1191	0.0963	0.0275	0.2023	0.1264
75	0.2029	0.4248	0.0693	0.0524	0.0809	0.0534	0.0802	0.0809	0.0404	0.1191	0.0964	0.0275	0.2027	0.1266
76	0.1968	0.425	0.0691	0.0523	0.0809	0.0532	0.08	0.0808	0.0404	0.1194	0.0965	0.0275	0.2031	0.1267
77	0.1937	0.4214	0.0692	0.0526	0.081	0.0534	0.0802	0.081	0.0404	0.1194	0.0966	0.0276	0.2033	0.1269
78	0.1904	0.4166	0.0694	0.0529	0.0812	0.0534	0.0803	0.081	0.0406	0.1198	0.0968	0.0276	0.203	0.1268
79	0.188	0.4205	0.0694	0.053	0.0814	0.0534	0.0803	0.0811	0.0406	0.1197	0.0969	0.0276	0.2034	0.1271
80	0.1827	0.4145	0.0696	0.0528	0.0814	0.0533	0.0802	0.081	0.0405	0.1198	0.0968	0.0276	0.2039	0.1272
81	0.1799	0.418	0.0696	0.0529	0.0816	0.0535	0.0805	0.0813	0.0405	0.1197	0.0969	0.0277	0.2042	0.1274
82	0.1749	0.4142	0.0701	0.0533	0.082	0.0537	0.0807	0.0816	0.0406	0.12	0.0972	0.0277	0.2043	0.1276
83	0.175	0.4124	0.0696	0.0529	0.0816	0.0535	0.0805	0.0815	0.0406	0.1201	0.0972	0.0277	0.2048	0.1278
84	0.1691	0.4065	0.0694	0.0528	0.0815	0.0536	0.0806	0.0815	0.0406	0.1201	0.0972	0.0277	0.2051	0.1279
85	0.1686	0.414	0.0696	0.0529	0.0818	0.0537	0.0808	0.0818	0.0406	0.12	0.0974	0.0278	0.2052	0.1281
86	0.1637	0.41	0.0696	0.0529	0.0818	0.0539	0.0812	0.082	0.0407	0.1201	0.0975	0.0278	0.2057	0.1283
87	0.1624	0.4108	0.0697	0.0531	0.0818	0.0539	0.0812	0.0819	0.0408	0.1206	0.0976	0.0278	0.206	0.1283
88	0.1599	0.4134	0.0697	0.0533	0.0817	0.054	0.0816	0.082	0.0409	0.1212	0.0978	0.0278	0.2061	0.1283
89	0.1576	0.4106	0.0696	0.0532	0.0816	0.0542	0.0819	0.0821	0.0409	0.1212	0.0977	0.0278	0.2062	0.1283
90	0.1547	0.407	0.0695	0.0531	0.0817	0.0542	0.0818	0.0822	0.041	0.1213	0.0979	0.0278	0.2062	0.1285
91	0.1513	0.4083	0.0698	0.0533	0.0819	0.0543	0.0821	0.0824	0.0409	0.1214	0.0979	0.0278	0.2061	0.1285
92	0.149	0.4002	0.0701	0.0536	0.0822	0.0544	0.082	0.0824	0.0409	0.1214	0.098	0.0279	0.2069	0.1287
93	0.1479	0.4038	0.0707	0.054	0.0825	0.0544	0.0822	0.0825	0.041	0.1216	0.0981	0.0279	0.2066	0.1287
94	0.1443	0.4045	0.0707	0.054	0.0825	0.0543	0.0821	0.0824	0.041	0.1218	0.0982	0.0279	0.2072	0.1289
95	0.1445	0.4017	0.0708	0.0544	0.0827	0.0544	0.0822	0.0825	0.0411	0.1222	0.0984	0.0279	0.2069	0.1289
96	0.1401	0.4022	0.0707	0.0543	0.0825	0.0542	0.0821	0.0824	0.0411	0.1224	0.0983	0.0279	0.2071	0.1288
97	0.1379	0.3982	0.0708	0.0545	0.0827	0.0544	0.0824	0.0826	0.0412	0.1224	0.0985	0.0279	0.2074	0.129
98	0.1363	0.4009	0.0708	0.0546	0.0828	0.0545	0.0824	0.0827	0.0412	0.1224	0.0986	0.028	0.2074	0.1292
99	0.1332	0.4013	0.0711	0.055	0.0831	0.0545	0.0823	0.0828	0.041	0.1221	0.0986	0.028	0.2078	0.1295
100	0.1322	0.4006	0.0712	0.055	0.0833	0.0546	0.0826	0.083	0.0411	0.1222	0.0987	0.0281	0.2083	0.1297
101	0.1302	0.4004	0.0712	0.0551	0.0833	0.0546	0.0827	0.0831	0.0411	0.1222	0.0988	0.0281	0.2085	0.1299
102	0.129	0.4032	0.0713	0.0551	0.0834	0.0546	0.0826	0.0831	0.0411	0.1224	0.0989	0.0281	0.2082	0.1298
103	0.1267	0.3952	0.0714	0.0553	0.0835	0.0547	0.0828	0.0832	0.0412	0.1225	0.0989	0.0281	0.2085	0.13
104	0.125	0.397	0.0711	0.055	0.0832	0.0546	0.0826	0.0831	0.0412	0.1225	0.0989	0.0281	0.2085	0.13
105	0.1228	0.3993	0.0712	0.0551	0.0832	0.0548	0.0831	0.0833	0.0412	0.1227	0.0989	0.0281	0.2087	0.13
106	0.1211	0.4018	0.071	0.0551	0.0831	0.055	0.0832	0.0834	0.0413	0.1229	0.0991	0.0282	0.2088	0.1301
107	0.1207	0.3977	0.071	0.0552	0.0833	0.0552	0.0837	0.0837	0.0413	0.1229	0.0992	0.0282	0.209	0.1303
108	0.1182	0.3984	0.0712	0.0554	0.0835	0.0553	0.0839	0.0839	0.0414	0.1232	0.0994	0.0282	0.2095	0.1306
109	0.1163	0.3987	0.0712	0.0554	0.0834	0.0552	0.0838	0.0838	0.0415	0.124	0.0996	0.0283	0.2097	0.1306
110	0.1148	0.3909	0.0714	0.0555	0.0836	0.0552	0.0838	0.0838	0.0415	0.1243	0.0997	0.0283	0.2097	0.1306
111	0.1132	0.3906	0.0712	0.0554	0.0835	0.0553	0.0839	0.0839	0.0416	0.1244	0.0998	0.0283	0.2102	0.1308
112	0.1136	0.3895	0.071	0.0553	0.0833	0.0554	0.0841	0.0839	0.0415	0.1244	0.0997	0.0283	0.2104	0.1308
113	0.1112	0.3922	0.0712	0.0554	0.0833	0.0555	0.0842	0.0839	0.0415	0.1244	0.0997	0.0284	0.2108	0.1309
114	0.1091	0.3949	0.0712	0.0555	0.0832	0.0556	0.0844	0.084	0.0416	0.1247	0.0998	0.0283	0.2107	0.1309
115	0.1079	0.3942	0.0712	0.0555	0.0834	0.0554	0.0842	0.084	0.0416	0.1244	0.0998	0.0284	0.2108	0.131
116	0.1071	0.3971	0.0715	0.0556	0.0835	0.0558	0.0846	0.0843	0.0418	0.1248	0.1	0.0283	0.2108	0.1311
117	0.1069	0.3927	0.0713	0.0554	0.0833	0.0559	0.0851	0.0844	0.0419	0.1255	0.1003	0.0283	0.2108	0.1311
118	0.1032	0.3917	0.0711	0.0552	0.0832	0.056	0.0851	0.0844	0.0419	0.1257	0.1003	0.0284	0.2115	0.1313
119	0.1034	0.3938	0.0712	0.0554	0.0834	0.056	0.0851	0.0845	0.0419	0.1259	0.1004	0.0285	0.2119	0.1315
120	0.1018	0.3906	0.0713	0.0556	0.0834	0.0561	0.0852	0.0846	0.0419	0.126	0.1005	0.0284	0.2117	0.1314
121	0.1006	0.3919	0.0713	0.0557	0.0836	0.0561	0.0853	0.0848	0.0419	0.1259	0.1006	0.0284	0.2115	0.1316
122	0.0994	0.3876	0.0713	0.0555	0.0836	0.056	0.0851	0.0847	0.042	0.1264	0.1008	0.0285	0.2123	0.1318
123	0.0993	0.3914	0.071	0.0554	0.0833	0.0561	0.0851	0.0847	0.042	0.1266	0.1008	0.0285	0.2124	0.1318
124	0.0973	0.3885	0.0707	0.0551	0.0833	0.056	0.085	0.0848	0.042	0.1268	0.1011	0.0285	0.2124	0.132
125	0.0976	0.3872	0.0707	0.055	0.0833	0.0561	0.0853	0.0849	0.0421	0.127	0.1012	0.0285	0.2128	0.1322
126	0.0956	0.3886	0.0711	0.0553	0.0835	0.0561	0.0854	0.0849	0.042	0.127	0.1012	0.0285	0.2131	0.1323
127	0.0961	0.384	0.0715	0.0557	0.0838	0.0562	0.0855	0.0851	0.042	0.1268	0.1012	0.0285	0.2131	0.1324
128	0.0943	0.3902	0.0715	0.0556	0.0837	0.0564	0.0859	0.0853	0.0422	0.1272	0.1014	0.0285	0.2131	0.1324
129	0.0927	0.394	0.0714	0.0558	0.0839	0.0563	0.0859	0.0853	0.0423	0.1275	0.1016	0.0286	0.2134	0.1326
130	0.0906	0.387	0.0715	0.056	0.084	0.0562	0.0857	0.0853	0.0423	0.1276	0.1017	0.0285	0.213	0.1326
131	0.0913	0.3893	0.0715	0.0559	0.0841	0.0562	0.0856	0.0853	0.0424	0.128	0.102	0.0285	0.2131	0.1327
132	0.0914	0.386	0.0717	0.0561	0.0843	0.0561	0.0855	0.0853	0.0425	0.1282	0.1021	0.0286	0.2132	0.1328
133	0.0907	0.3833	0.0716	0.0559	0.084	0.0562	0.0857	0.0852	0.0424	0.1281	0.1019	0.0286	0.2132	0.1326
134	0.0886	0.3912	0.0715	0.0558	0.0839	0.056	0.0854	0.0851	0.0423	0.1277	0.1017	0.0286	0.2134	0.1327
135	0.0883	0.3808	0.0718	0.056	0.0841	0.056	0.0855	0.0851	0.0422	0.1273	0.1016	0.0286	0.2136	0.1328
136	0.0867	0.3865	0.072	0.0562	0.0845	0.0562	0.0858	0.0855	0.0423	0.1273	0.1018	0.0286	0.2134	0.1329
137	0.0849	0.392	0.0722	0.0563	0.0846	0.0563	0.0857	0.0855	0.0423	0.1275	0.102	0.0286	0.2137	0.1331
138	0.0854	0.3882	0.0722	0.0563	0.0846	0.0562	0.0856	0.0854	0.0423	0.1274	0.1019	0.0286	0.2139	0.1331
139	0.0841	0.3857	0.0723	0.0565	0.0847	0.0564	0.086	0.0857	0.0423	0.1276	0.102	0.0286	0.2138	0.1332
140	0.0841	0.3833	0.0724	0.0566	0.0849	0.0562	0.0859	0.0857	0.0424	0.1279	0.1023	0.0286	0.2142	0.1334
141	0.0835	0.3895	0.0722	0.0566	0.0846	0.0564	0.0861	0.0857	0.0424	0.1281	0.1022	0.0287	0.2147	0.1335
142	0.0816	0.384	0.0724	0.0569	0.085	0.0563	0.0861	0.0858	0.0426	0.1286	0.1026	0.0287	0.2146	0.1336
143	0.0819	0.3914	0.0722	0.0567	0.0848	0.0561	0.086	0.0856	0.0425	0.1285	0.1024	0.0287	0.215	0.1336
144	0.0801	0.3987	0.0723	0.0568	0.085	0.0561	0.0858	0.0857	0.0425	0.1286	0.1026	0.0287	0.2152	0.1338
145	0.0799	0.3832	0.0724	0.0568	0.085	0.0562	0.0859	0.0858	0.0426	0.1288	0.1026	0.0287	0.2152	0.1338
146	0.0796	0.3886	0.0724	0.0569	0.0848	0.0563	0.0861	0.0857	0.0426	0.129	0.1026	0.0288	0.2153	0.1337
147	0.079	0.3843	0.0724	0.0568	0.0846	0.0565	0.0864	0.0858	0.0426	0.1292	0.1026	0.0287	0.215	0.1336
148	0.0767	0.3791	0.0723	0.0568	0.0848	0.0565	0.0864	0.0859	0.0425	0.1289	0.1026	0.0287	0.215	0.1337
149	0.0777	0.3885	0.0724	0.0568	0.0848	0.0567	0.0866	0.0861	0.0426	0.129	0.1027	0.0287	0.2147	0.1336
150	0.0762	0.3816	0.0723	0.0566	0.0845	0.0566	0.0866	0.0859	0.0427	0.1295	0.1027	0.0287	0.2147	0.1335
151	0.0767	0.3881	0.0723	0.0565	0.0846	0.057	0.0878	0.0864	0.0428	0.1297	0.1029	0.0287	0.2151	0.1337
152	0.0762	0.3849	0.0726	0.0568	0.0848	0.0569	0.0875	0.0863	0.0427	0.1295	0.1029	0.0288	0.2157	0.1339
153	0.0751	0.3904	0.0725	0.0567	0.0848	0.057	0.0876	0.0865	0.0428	0.13	0.103	0.0288	0.2158	0.134
154	0.0741	0.3857	0.0727	0.0569	0.0849	0.0569	0.0874	0.0864	0.0427	0.1299	0.1031	0.0287	0.2151	0.1339
155	0.0746	0.3766	0.0726	0.0568	0.0849	0.0569	0.0876	0.0865	0.0428	0.1302	0.1032	0.0287	0.2154	0.134
156	0.0738	0.3825	0.0729	0.0572	0.0853	0.057	0.0878	0.0867	0.0428	0.1303	0.1034	0.0287	0.2155	0.1342
157	0.0721	0.3839	0.073	0.0572	0.0855	0.057	0.0878	0.0868	0.0428	0.1301	0.1034	0.0288	0.2158	0.1344
158	0.0723	0.3873	0.0731	0.0573	0.0855	0.057	0.0878	0.0868	0.0429	0.1305	0.1036	0.0288	0.2158	0.1344
159	0.0721	0.3856	0.0729	0.0572	0.0855	0.0571	0.088	0.087	0.0429	0.1306	0.1037	0.0288	0.2159	0.1346
160	0.0717	0.384	0.0725	0.0568	0.0853	0.057	0.0879	0.0869	0.043	0.131	0.1038	0.0288	0.2162	0.1346
161	0.0711	0.3864	0.0726	0.0569	0.0854	0.057	0.0877	0.0869	0.0431	0.1312	0.1039	0.0289	0.2165	0.1348
162	0.0704	0.3818	0.0724	0.0568	0.0853	0.0569	0.0875	0.0868	0.043	0.1311	0.1039	0.0289	0.2164	0.1348
163	0.0701	0.3886	0.0726	0.0569	0.0854	0.0568	0.0874	0.0868	0.043	0.1311	0.1039	0.0289	0.2167	0.1349
164	0.0701	0.3876	0.0729	0.057	0.0857	0.0569	0.0876	0.0869	0.0431	0.1312	0.104	0.0289	0.2168	0.135
165	0.0694	0.3819	0.0729	0.057	0.0858	0.0569	0.0877	0.087	0.0431	0.1313	0.1041	0.029	0.2171	0.1352
166	0.069	0.3877	0.0728	0.0569	0.0858	0.057	0.088	0.0872	0.0431	0.1311	0.1042	0.029	0.2174	0.1353
167	0.0683	0.3857	0.0729	0.0571	0.0859	0.057	0.0879	0.0871	0.0432	0.1311	0.1042	0.029	0.2177	0.1354
168	0.0679	0.3886	0.073	0.0571	0.0859	0.0571	0.0881	0.0873	0.0432	0.1313	0.1044	0.029	0.2178	0.1355
169	0.0679	0.3808	0.0733	0.0574	0.0862	0.0573	0.0883	0.0875	0.0433	0.1315	0.1045	0.0289	0.2174	0.1355
170	0.0673	0.3825	0.0733	0.0573	0.086	0.0574	0.0885	0.0874	0.0433	0.1317	0.1044	0.0289	0.2176	0.1353
171	0.0684	0.3844	0.0735	0.0574	0.0861	0.0574	0.0885	0.0874	0.0433	0.1316	0.1044	0.0289	0.2176	0.1354
172	0.0657	0.3837	0.0737	0.0577	0.0865	0.0575	0.0886	0.0877	0.0433	0.1316	0.1046	0.029	0.2178	0.1356
173	0.0668	0.3819	0.0735	0.0575	0.0864	0.0573	0.0886	0.0877	0.0434	0.132	0.1048	0.029	0.2183	0.1358
174	0.0659	0.3848	0.0735	0.0578	0.0864	0.0576	0.0889	0.0878	0.0435	0.1324	0.1049	0.029	0.218	0.1357
175	0.066	0.374	0.0731	0.0574	0.0861	0.0575	0.0889	0.0878	0.0434	0.1321	0.1048	0.029	0.2179	0.1357
176	0.0651	0.3784	0.0733	0.0576	0.0863	0.0575	0.0887	0.0877	0.0435	0.1325	0.105	0.029	0.2179	0.1357
177	0.0653	0.3851	0.0732	0.0575	0.0863	0.0576	0.0888	0.0879	0.0434	0.1323	0.105	0.0289	0.2178	0.1358
178	0.0639	0.3833	0.0734	0.0575	0.0862	0.0577	0.089	0.0879	0.0433	0.1321	0.1048	0.029	0.2181	0.1359
179	0.0638	0.3857	0.0736	0.0578	0.0864	0.0575	0.0889	0.0879	0.0433	0.1322	0.1049	0.029	0.218	0.1359
180	0.0648	0.385	0.0733	0.0576	0.0861	0.0575	0.0888	0.0878	0.0434	0.1323	0.1048	0.029	0.2182	0.1359
181	0.0637	0.3758	0.0735	0.0579	0.0865	0.0574	0.0888	0.0878	0.0434	0.1324	0.105	0.029	0.218	0.1359
182	0.0632	0.3854	0.0738	0.0581	0.0866	0.0574	0.0886	0.0878	0.0433	0.1322	0.1049	0.029	0.218	0.1359
183	0.0632	0.3873	0.0736	0.0579	0.0865	0.0576	0.0889	0.0879	0.0434	0.1328	0.1051	0.029	0.218	0.1359
184	0.063	0.3849	0.0738	0.058	0.0867	0.0578	0.0893	0.0882	0.0435	0.1333	0.1053	0.029	0.218	0.136
185	0.0626	0.3881	0.074	0.0583	0.0871	0.0579	0.0896	0.0885	0.0435	0.1332	0.1055	0.029	0.2179	0.1362
186	0.0633	0.3849	0.0739	0.0582	0.087	0.0579	0.0894	0.0885	0.0436	0.1334	0.1057	0.029	0.2177	0.1362
187	0.062	0.3787	0.0739	0.0582	0.087	0.058	0.0896	0.0885	0.0436	0.1333	0.1056	0.029	0.218	0.1363
188	0.0625	0.3779	0.0737	0.0582	0.0868	0.0578	0.0893	0.0883	0.0436	0.1335	0.1056	0.029	0.2178	0.1362
189	0.0625	0.382	0.0738	0.0583	0.0869	0.058	0.0896	0.0886	0.0437	0.1337	0.1058	0.029	0.2175	0.1362
190	0.0612	0.3856	0.0738	0.0584	0.0868	0.0579	0.0895	0.0884	0.0436	0.1336	0.1057	0.029	0.2176	0.1361
191	0.0604	0.3822	0.0739	0.0584	0.0867	0.0579	0.0896	0.0884	0.0437	0.1339	0.1057	0.029	0.2178	0.1361
192	0.0616	0.377	0.0738	0.0584	0.0867	0.058	0.0897	0.0885	0.0437	0.1341	0.1058	0.029	0.2179	0.1362
193	0.0603	0.3772	0.0737	0.0584	0.0866	0.0579	0.0897	0.0884	0.0437	0.134	0.1057	0.029	0.218	0.1361
194	0.0598	0.3892	0.0739	0.0585	0.0867	0.0579	0.0896	0.0884	0.0437	0.1341	0.1057	0.0289	0.2177	0.136
195	0.0598	0.3869	0.0743	0.0589	0.0871	0.0579	0.0896	0.0884	0.0436	0.1338	0.1057	0.0289	0.2176	0.1361
196	0.0599	0.3735	0.0742	0.0587	0.0871	0.058	0.0896	0.0885	0.0436	0.1338	0.1057	0.0289	0.2176	0.1361
197	0.0596	0.3856	0.0743	0.0588	0.0872	0.0579	0.0895	0.0885	0.0436	0.1338	0.1058	0.0289	0.2174	0.1361
198	0.0593	0.3785	0.0744	0.0588	0.0873	0.058	0.0897	0.0886	0.0436	0.1339	0.1059	0.029	0.2177	0.1363
199	0.0591	0.3872	0.0742	0.0588	0.0872	0.058	0.0897	0.0886	0.0437	0.1342	0.1059	0.029	0.2181	0.1364
200	0.0596	0.3831	0.0747	0.0596	0.0877	0.0581	0.0898	0.0888	0.0437	0.1343	0.1062	0.029	0.2179	0.1364
201	0.0595	0.3855	0.0749	0.0596	0.0877	0.0583	0.09	0.0889	0.0438	0.1346	0.1062	0.029	0.218	0.1365
202	0.0585	0.3797	0.0751	0.0598	0.088	0.0581	0.0899	0.0889	0.0438	0.1345	0.1063	0.029	0.2182	0.1366
203	0.0584	0.3844	0.0749	0.0597	0.0879	0.0581	0.0897	0.0888	0.0438	0.1346	0.1063	0.029	0.2181	0.1366
204	0.0577	0.3889	0.0749	0.0597	0.0878	0.0581	0.0897	0.0888	0.0439	0.1347	0.1064	0.029	0.2182	0.1366
205	0.0582	0.3803	0.0747	0.0594	0.0877	0.0582	0.0899	0.0889	0.0438	0.1345	0.1063	0.029	0.2182	0.1366
206	0.0577	0.3795	0.075	0.0595	0.0878	0.0582	0.09	0.0888	0.0438	0.1343	0.1062	0.029	0.2183	0.1366
207	0.0572	0.3818	0.0751	0.0597	0.088	0.0583	0.0902	0.089	0.0439	0.1348	0.1064	0.029	0.2183	0.1366
208	0.0575	0.3888	0.0749	0.0595	0.0878	0.0584	0.0903	0.089	0.044	0.1351	0.1065	0.029	0.2185	0.1366
209	0.0575	0.3859	0.0748	0.0595	0.0878	0.0584	0.0906	0.0892	0.0439	0.135	0.1065	0.029	0.2186	0.1367
210	0.0572	0.3808	0.0751	0.0598	0.088	0.0586	0.091	0.0894	0.0439	0.1351	0.1065	0.0289	0.2187	0.1367
211	0.0566	0.3775	0.0754	0.0601	0.0883	0.0586	0.0907	0.0894	0.0439	0.1351	0.1067	0.0289	0.2187	0.1369
212	0.0575	0.3843	0.0757	0.0603	0.0886	0.0586	0.091	0.0896	0.0439	0.1352	0.1068	0.0289	0.2187	0.137
213	0.0563	0.3786	0.0758	0.0604	0.0887	0.0586	0.091	0.0896	0.0439	0.1353	0.1069	0.0289	0.2188	0.137
214	0.0559	0.3844	0.0757	0.0603	0.0886	0.0586	0.0911	0.0896	0.0437	0.1346	0.1065	0.029	0.2187	0.137
215	0.0562	0.387	0.076	0.0605	0.0887	0.0586	0.0911	0.0896	0.0437	0.1347	0.1065	0.029	0.2189	0.137
216	0.0563	0.3786	0.076	0.0605	0.0888	0.0586	0.0914	0.0897	0.0436	0.1346	0.1065	0.029	0.2191	0.1371
217	0.0565	0.3764	0.0761	0.0604	0.0888	0.0585	0.091	0.0895	0.0438	0.135	0.1066	0.029	0.2194	0.1371
218	0.0561	0.3852	0.0764	0.0608	0.089	0.0584	0.0909	0.0895	0.0439	0.1355	0.1068	0.029	0.2195	0.1372
219	0.0552	0.3844	0.0765	0.0609	0.089	0.0587	0.0912	0.0896	0.044	0.1357	0.1069	0.029	0.2193	0.1371
220	0.0558	0.3772	0.0763	0.0608	0.089	0.0587	0.0913	0.0898	0.044	0.1359	0.1071	0.029	0.2195	0.1373
221	0.0546	0.3784	0.0763	0.0608	0.0891	0.0588	0.0914	0.09	0.044	0.136	0.1072	0.029	0.2196	0.1374
222	0.0547	0.3876	0.0762	0.0606	0.0891	0.059	0.0917	0.0902	0.0441	0.1363	0.1074	0.029	0.2192	0.1375
223	0.0554	0.3808	0.0763	0.0609	0.0893	0.0589	0.0916	0.0902	0.0441	0.1361	0.1075	0.029	0.2195	0.1376
224	0.0548	0.3858	0.0763	0.0609	0.0892	0.0591	0.0917	0.0902	0.0441	0.136	0.1074	0.029	0.2197	0.1376
225	0.0548	0.3792	0.0761	0.0607	0.0891	0.0589	0.0915	0.0902	0.044	0.1359	0.1074	0.029	0.2194	0.1376
226	0.0544	0.3938	0.076	0.0607	0.0891	0.0589	0.0914	0.0901	0.0441	0.136	0.1074	0.029	0.2195	0.1376
227	0.0546	0.3819	0.0762	0.061	0.0893	0.0589	0.0915	0.0902	0.0441	0.1363	0.1076	0.029	0.2195	0.1377
228	0.0538	0.3756	0.0758	0.0608	0.089	0.0589	0.0916	0.0902	0.044	0.1364	0.1075	0.029	0.2193	0.1376
229	0.0529	0.3848	0.0756	0.0607	0.0889	0.0589	0.0918	0.0903	0.044	0.1361	0.1074	0.029	0.2192	0.1376
230	0.0538	0.3806	0.0758	0.0607	0.0889	0.0589	0.0923	0.0903	0.0441	0.1365	0.1075	0.029	0.2189	0.1374
231	0.0535	0.3858	0.0759	0.0607	0.0888	0.059	0.0921	0.0902	0.0441	0.1366	0.1074	0.029	0.2192	0.1374
232	0.054	0.3816	0.0761	0.0608	0.089	0.0592	0.0925	0.0904	0.0441	0.1362	0.1074	0.029	0.2194	0.1375
233	0.0547	0.3895	0.0764	0.061	0.0891	0.059	0.0922	0.0902	0.044	0.1361	0.1073	0.029	0.2189	0.1373
234	0.0537	0.3904	0.0763	0.0611	0.0891	0.059	0.0923	0.0903	0.044	0.1361	0.1073	0.029	0.2185	0.1373
235	0.0539	0.3807	0.0765	0.0611	0.0892	0.0591	0.0924	0.0904	0.0441	0.1364	0.1075	0.0289	0.2188	0.1374
236	0.0528	0.3843	0.0763	0.061	0.0891	0.059	0.0926	0.0904	0.0441	0.1367	0.1075	0.029	0.2186	0.1373
237	0.053	0.3824	0.0762	0.0609	0.0889	0.0592	0.0928	0.0905	0.0441	0.1365	0.1075	0.029	0.2189	0.1374
238	0.0533	0.3844	0.0767	0.0612	0.0892	0.0592	0.0927	0.0904	0.0442	0.1368	0.1076	0.029	0.2195	0.1375
239	0.0534	0.3838	0.0767	0.0614	0.0892	0.0592	0.0927	0.0904	0.0443	0.1367	0.1076	0.029	0.2195	0.1376
240	0.0531	0.3799	0.0765	0.0613	0.0893	0.059	0.0924	0.0904	0.0443	0.1368	0.1078	0.029	0.2197	0.1377
241	0.0527	0.3889	0.0762	0.0609	0.0891	0.0587	0.092	0.0902	0.0443	0.1367	0.1078	0.029	0.2197	0.1377
242	0.0529	0.3833	0.0761	0.061	0.0892	0.0588	0.0919	0.0903	0.0443	0.1368	0.1078	0.0291	0.22	0.1379
243	0.0524	0.387	0.076	0.0609	0.0893	0.059	0.0923	0.0906	0.0442	0.1368	0.108	0.029	0.2196	0.138
244	0.0523	0.3848	0.0761	0.0612	0.0894	0.0591	0.0925	0.0907	0.0443	0.1368	0.108	0.029	0.2197	0.138
245	0.0524	0.3786	0.0759	0.0611	0.0892	0.0594	0.0928	0.0909	0.0443	0.1369	0.108	0.0291	0.2198	0.138
246	0.0525	0.3794	0.0758	0.0611	0.0892	0.0592	0.0925	0.0907	0.0442	0.1367	0.108	0.0291	0.2202	0.1381
247	0.0524	0.3818	0.0759	0.0609	0.0891	0.0592	0.0924	0.0907	0.0443	0.1366	0.108	0.029	0.2196	0.138
248	0.0514	0.3842	0.0759	0.061	0.0893	0.0592	0.0926	0.0909	0.0445	0.1372	0.1084	0.029	0.2196	0.1381
249	0.052	0.3835	0.0761	0.0611	0.0895	0.0591	0.0924	0.0908	0.0444	0.1369	0.1083	0.0291	0.2193	0.1381
250	0.0523	0.3798	0.076	0.0611	0.0894	0.0592	0.0925	0.0909	0.0444	0.1371	0.1083	0.0291	0.2197	0.1382
251	0.0518	0.3905	0.0757	0.0608	0.0891	0.0591	0.0923	0.0907	0.0444	0.1372	0.1082	0.0291	0.2198	0.1381
252	0.0507	0.3824	0.0757	0.0608	0.0891	0.0591	0.0924	0.0907	0.0444	0.1371	0.1082	0.0291	0.2196	0.1381
253	0.0519	0.3841	0.0757	0.0608	0.0891	0.0591	0.0923	0.0907	0.0444	0.1373	0.1083	0.0291	0.2197	0.1382
254	0.0514	0.3821	0.0757	0.0609	0.0891	0.0592	0.0925	0.0907	0.0445	0.1374	0.1083	0.0291	0.2198	0.1381
255	0.0509	0.3807	0.0754	0.0605	0.0886	0.0592	0.0922	0.0905	0.0444	0.1373	0.1081	0.029	0.2193	0.1378
256	0.0512	0.383	0.0755	0.0607	0.0886	0.0593	0.0925	0.0905	0.0444	0.1372	0.1079	0.0291	0.2195	0.1378
257	0.0515	0.3851	0.0755	0.0607	0.0886	0.0595	0.0929	0.0907	0.0445	0.1374	0.1081	0.0291	0.2195	0.1378
258	0.0509	0.3843	0.0755	0.0607	0.0888	0.0595	0.0929	0.0909	0.0446	0.1375	0.1083	0.0291	0.2196	0.138
259	0.0509	0.3811	0.0756	0.0608	0.0889	0.0594	0.0926	0.0907	0.0446	0.1376	0.1083	0.0291	0.2196	0.138
260	0.0511	0.3914	0.0756	0.0609	0.0888	0.0594	0.0925	0.0906	0.0446	0.1377	0.1082	0.029	0.2195	0.1378
261	0.0513	0.3896	0.0758	0.061	0.0891	0.0593	0.0923	0.0907	0.0446	0.1377	0.1084	0.029	0.2197	0.138
262	0.051	0.3877	0.0756	0.0608	0.0889	0.0593	0.0924	0.0906	0.0445	0.1375	0.1082	0.0291	0.2201	0.1381
263	0.0508	0.3828	0.0759	0.061	0.0891	0.0593	0.0923	0.0907	0.0446	0.1378	0.1084	0.029	0.2199	0.138
264	0.0511	0.3816	0.0756	0.0609	0.0889	0.0591	0.0921	0.0905	0.0445	0.1376	0.1083	0.029	0.2197	0.138
265	0.0508	0.385	0.0756	0.0607	0.0888	0.059	0.0919	0.0904	0.0446	0.1377	0.1083	0.029	0.2199	0.138
266	0.0508	0.3861	0.0757	0.0608	0.0888	0.059	0.0921	0.0905	0.0445	0.1376	0.1083	0.029	0.2201	0.1381
267	0.0506	0.3783	0.0756	0.0607	0.0885	0.0592	0.0923	0.0903	0.0445	0.1376	0.108	0.029	0.2195	0.1376
268	0.0499	0.3795	0.0759	0.0609	0.0888	0.0593	0.0924	0.0905	0.0445	0.1377	0.1081	0.029	0.2194	0.1377
269	0.0506	0.3871	0.0761	0.061	0.0889	0.0592	0.0923	0.0904	0.0444	0.1374	0.108	0.029	0.2195	0.1377
270	0.0503	0.3827	0.0755	0.0608	0.0887	0.0591	0.0923	0.0905	0.0444	0.1374	0.1081	0.029	0.2197	0.1378
271	0.0498	0.3872	0.0756	0.0609	0.0886	0.0593	0.0925	0.0904	0.0443	0.1372	0.1079	0.029	0.2194	0.1377
272	0.0507	0.3876	0.0757	0.0609	0.0889	0.0591	0.0923	0.0905	0.0444	0.1374	0.1081	0.0289	0.2195	0.1378
273	0.0502	0.3817	0.0757	0.061	0.0889	0.0591	0.0924	0.0906	0.0444	0.1375	0.1082	0.0289	0.2191	0.1378
274	0.0495	0.3806	0.0759	0.0611	0.0891	0.0591	0.0923	0.0906	0.0444	0.1375	0.1083	0.029	0.2193	0.1379
275	0.0502	0.3821	0.0758	0.0611	0.0892	0.0592	0.0924	0.0907	0.0444	0.1373	0.1083	0.029	0.2193	0.138
276	0.0495	0.3738	0.0759	0.0612	0.0892	0.0592	0.0925	0.0908	0.0446	0.1377	0.1085	0.0289	0.2191	0.138
277	0.0499	0.3855	0.0761	0.0613	0.0892	0.0592	0.0923	0.0906	0.0445	0.1378	0.1084	0.0289	0.2195	0.1379
278	0.0496	0.3868	0.076	0.0612	0.0892	0.0592	0.0924	0.0907	0.0446	0.1379	0.1085	0.0289	0.2195	0.1379
279	0.0495	0.39	0.0761	0.0613	0.0893	0.059	0.0921	0.0906	0.0446	0.1379	0.1085	0.029	0.2199	0.1381
280	0.049	0.3823	0.0763	0.0615	0.0895	0.0593	0.0924	0.0909	0.0446	0.1382	0.1087	0.029	0.2197	0.1382
281	0.0497	0.3891	0.0765	0.0615	0.0894	0.0593	0.0925	0.0907	0.0447	0.1384	0.1086	0.029	0.2199	0.1381
282	0.0494	0.3877	0.0764	0.0613	0.0892	0.0592	0.0924	0.0906	0.0446	0.1384	0.1086	0.029	0.2201	0.1381
283	0.0492	0.3725	0.0764	0.0611	0.0893	0.0594	0.0927	0.0908	0.0447	0.1386	0.1087	0.029	0.2203	0.1382
284	0.0487	0.3826	0.0763	0.061	0.0893	0.0596	0.093	0.0911	0.0447	0.1384	0.1087	0.029	0.2208	0.1383
285	0.0495	0.3835	0.0766	0.0611	0.0894	0.0599	0.0932	0.0911	0.0446	0.1383	0.1086	0.0291	0.2208	0.1383
286	0.0492	0.3822	0.0768	0.0613	0.0897	0.0599	0.0933	0.0913	0.0446	0.1378	0.1086	0.0291	0.2208	0.1384
287	0.0493	0.3897	0.0769	0.0614	0.0898	0.0598	0.093	0.0913	0.0445	0.1377	0.1086	0.0291	0.2207	0.1385
288	0.0496	0.3852	0.077	0.0615	0.0899	0.0598	0.0931	0.0913	0.0447	0.1384	0.1089	0.029	0.2202	0.1385
289	0.0492	0.3812	0.0769	0.0615	0.0899	0.0598	0.0931	0.0913	0.0447	0.1383	0.1088	0.029	0.2199	0.1383
290	0.0487	0.3869	0.0769	0.0617	0.09	0.0599	0.0933	0.0914	0.0447	0.1382	0.1089	0.029	0.2203	0.1385
291	0.0495	0.376	0.0768	0.0616	0.0899	0.0597	0.0932	0.0913	0.0446	0.1381	0.1088	0.0291	0.2203	0.1384
292	0.0486	0.3898	0.0768	0.0617	0.09	0.0598	0.0933	0.0915	0.0447	0.1383	0.109	0.0291	0.2202	0.1385
293	0.0492	0.3873	0.0768	0.0616	0.0899	0.0598	0.0935	0.0915	0.0447	0.1384	0.109	0.0291	0.2203	0.1385
294	0.0495	0.3842	0.0767	0.0614	0.0898	0.0598	0.0934	0.0914	0.0446	0.1382	0.1089	0.0291	0.221	0.1387
295	0.0488	0.3857	0.0766	0.0613	0.0898	0.0596	0.0931	0.0913	0.0446	0.1379	0.1088	0.0291	0.2209	0.1387
296	0.0483	0.3943	0.0764	0.0613	0.0896	0.0596	0.0931	0.0912	0.0446	0.138	0.1087	0.0291	0.2208	0.1386
297	0.0492	0.378	0.0764	0.0613	0.0895	0.0597	0.0932	0.0912	0.0445	0.1377	0.1085	0.0291	0.2208	0.1385
298	0.0486	0.3798	0.0763	0.0612	0.0894	0.0598	0.0933	0.0913	0.0446	0.1378	0.1086	0.0291	0.2207	0.1385
299	0.0483	0.3847	0.0764	0.0614	0.0895	0.0596	0.0932	0.0912	0.0446	0.1379	0.1087	0.0291	0.2206	0.1385
300	0.0488	0.3859	0.0763	0.0612	0.0894	0.0597	0.0931	0.0911	0.0446	0.1377	0.1086	0.0291	0.2205	0.1384
301	0.0483	0.3839	0.0764	0.0612	0.0896	0.0596	0.0931	0.0912	0.0446	0.1378	0.1086	0.0291	0.2206	0.1385
302	0.048	0.3811	0.0763	0.0611	0.0895	0.0598	0.0934	0.0914	0.0446	0.1378	0.1088	0.0291	0.2208	0.1386
303	0.0486	0.3865	0.0765	0.0614	0.0897	0.0598	0.0934	0.0914	0.0446	0.1378	0.1088	0.0291	0.2209	0.1387
304	0.0486	0.3876	0.0767	0.0615	0.0898	0.0598	0.0933	0.0915	0.0446	0.1377	0.1088	0.0291	0.2211	0.1388
305	0.0486	0.3853	0.0767	0.0615	0.0899	0.0599	0.0938	0.0917	0.0446	0.1377	0.1088	0.0292	0.2213	0.1389
306	0.0482	0.3801	0.0768	0.0617	0.09	0.0598	0.0935	0.0915	0.0446	0.138	0.1089	0.0292	0.2214	0.1389
307	0.0483	0.3904	0.0769	0.0617	0.0901	0.0598	0.0937	0.0917	0.0446	0.1382	0.1091	0.0291	0.2212	0.139
308	0.0477	0.3776	0.0771	0.0619	0.0903	0.0597	0.0936	0.0917	0.0446	0.1382	0.1091	0.0291	0.2213	0.1391
309	0.0477	0.3827	0.0773	0.0621	0.0907	0.0598	0.0936	0.0919	0.0446	0.1384	0.1094	0.0291	0.2211	0.1392
310	0.0482	0.3833	0.0774	0.0621	0.0908	0.0596	0.0932	0.0917	0.0446	0.138	0.1093	0.0291	0.221	0.1392
311	0.0479	0.3873	0.0772	0.062	0.0906	0.0596	0.0934	0.0918	0.0447	0.1384	0.1094	0.0291	0.2207	0.1391
312	0.0473	0.3871	0.0773	0.0621	0.0907	0.0597	0.0937	0.0919	0.0447	0.1386	0.1095	0.0291	0.2208	0.1391
313	0.048	0.3804	0.0775	0.0622	0.0907	0.0598	0.0939	0.092	0.0448	0.1388	0.1096	0.0291	0.2209	0.1391
314	0.0477	0.3862	0.0774	0.0621	0.0906	0.0599	0.0939	0.0919	0.0448	0.1389	0.1095	0.0291	0.2208	0.139
315	0.048	0.3888	0.0772	0.0619	0.0906	0.0598	0.0938	0.092	0.0448	0.139	0.1096	0.0291	0.2208	0.1392
316	0.0473	0.3828	0.0773	0.0622	0.0907	0.0599	0.0941	0.0921	0.0448	0.1393	0.1097	0.0291	0.2206	0.1392
317	0.0482	0.3916	0.0775	0.0623	0.091	0.0599	0.094	0.0922	0.0448	0.1393	0.1098	0.0291	0.2207	0.1393
318	0.0475	0.3878	0.0774	0.0622	0.0907	0.0602	0.0946	0.0923	0.0448	0.1393	0.1097	0.0291	0.2208	0.1392
319	0.0475	0.3833	0.0774	0.0622	0.0908	0.0601	0.0945	0.0923	0.0448	0.1392	0.1097	0.0291	0.2205	0.1391
320	0.0474	0.3856	0.0773	0.0623	0.0907	0.0601	0.0947	0.0923	0.0448	0.1391	0.1096	0.0291	0.2208	0.1391
321	0.048	0.3918	0.0772	0.0621	0.0908	0.0601	0.0945	0.0924	0.0447	0.139	0.1097	0.0291	0.2206	0.1392
322	0.0474	0.3851	0.0768	0.0618	0.0902	0.06	0.0943	0.0921	0.0448	0.139	0.1095	0.029	0.2205	0.1389
323	0.047	0.3852	0.077	0.062	0.0901	0.0601	0.0942	0.0919	0.0447	0.1388	0.1092	0.029	0.2203	0.1386
324	0.0472	0.3812	0.0768	0.0619	0.0901	0.0599	0.0942	0.0918	0.0447	0.1389	0.1093	0.029	0.2206	0.1388
325	0.047	0.3856	0.0769	0.0619	0.0901	0.0598	0.094	0.0917	0.0447	0.139	0.1093	0.029	0.2209	0.1388
326	0.047	0.3857	0.0769	0.0619	0.0901	0.0601	0.0947	0.0921	0.0447	0.139	0.1093	0.029	0.2208	0.1388
327	0.0473	0.3804	0.0769	0.0619	0.0902	0.0601	0.0949	0.0922	0.0447	0.1388	0.1093	0.029	0.2208	0.1389
328	0.0472	0.382	0.077	0.0621	0.0903	0.0599	0.0946	0.092	0.0447	0.1386	0.1093	0.029	0.221	0.1389
329	0.0473	0.3858	0.0768	0.0618	0.0901	0.0599	0.0942	0.0919	0.0447	0.1384	0.1092	0.0291	0.221	0.1389
330	0.0471	0.3889	0.0768	0.0618	0.0902	0.0599	0.0942	0.092	0.0446	0.1384	0.1092	0.0291	0.2209	0.139
331	0.047	0.3846	0.0767	0.0617	0.0901	0.0598	0.0942	0.0919	0.0446	0.1384	0.1092	0.0291	0.221	0.139
332	0.0472	0.3844	0.0768	0.0619	0.0902	0.0599	0.0945	0.0921	0.0447	0.1385	0.1093	0.0291	0.2216	0.1392
333	0.0466	0.3875	0.0769	0.062	0.0902	0.0599	0.0947	0.0921	0.0447	0.1385	0.1093	0.0291	0.2218	0.1392
334	0.0466	0.3798	0.0772	0.0621	0.0904	0.0599	0.0944	0.092	0.0447	0.1387	0.1094	0.0291	0.2217	0.1392
335	0.047	0.3907	0.0773	0.0622	0.0905	0.06	0.0945	0.0922	0.0447	0.1386	0.1095	0.0291	0.2211	0.1392
336	0.0468	0.3897	0.077	0.062	0.0904	0.0599	0.0944	0.0921	0.0447	0.1388	0.1095	0.0291	0.2211	0.1391
337	0.0472	0.3892	0.077	0.0619	0.0904	0.0597	0.0941	0.092	0.0446	0.1386	0.1095	0.029	0.2209	0.1391
338	0.0468	0.3847	0.077	0.062	0.0905	0.0599	0.0944	0.0923	0.0445	0.1382	0.1094	0.029	0.2205	0.1391
339	0.047	0.3818	0.077	0.0619	0.0905	0.0599	0.0941	0.0922	0.0446	0.1383	0.1095	0.029	0.2208	0.1392
340	0.0466	0.3823	0.0771	0.062	0.0906	0.06	0.0943	0.0923	0.0446	0.1382	0.1094	0.029	0.2206	0.1392
341	0.0465	0.3871	0.077	0.0619	0.0905	0.0599	0.094	0.0922	0.0446	0.1382	0.1094	0.029	0.2206	0.1391
342	0.0475	0.3881	0.0771	0.0621	0.0904	0.06	0.0941	0.0921	0.0445	0.138	0.1092	0.029	0.2205	0.139
343	0.0467	0.3825	0.0772	0.0622	0.0906	0.0602	0.0941	0.0922	0.0446	0.1382	0.1094	0.0291	0.2212	0.1392
344	0.0465	0.388	0.0773	0.0622	0.0906	0.0601	0.0941	0.0921	0.0445	0.1378	0.1092	0.029	0.2209	0.1391
345	0.0467	0.3832	0.0774	0.0622	0.0908	0.0601	0.0941	0.0922	0.0446	0.138	0.1094	0.029	0.2209	0.1392
346	0.0461	0.3775	0.0774	0.0622	0.0908	0.0601	0.0941	0.0923	0.0446	0.1382	0.1094	0.029	0.2207	0.1392
347	0.047	0.3868	0.0772	0.0621	0.0907	0.0602	0.0941	0.0923	0.0446	0.1382	0.1095	0.0291	0.2208	0.1393
348	0.0469	0.3853	0.0769	0.0619	0.0905	0.0603	0.0942	0.0924	0.0446	0.1384	0.1096	0.0291	0.2211	0.1394
349	0.0458	0.3849	0.0771	0.0622	0.0905	0.0602	0.0941	0.0923	0.0445	0.138	0.1093	0.0291	0.2215	0.1394
350	0.0465	0.3833	0.0774	0.0623	0.0908	0.0603	0.0943	0.0924	0.0446	0.1382	0.1095	0.0291	0.2216	0.1395
351	0.0464	0.3817	0.0773	0.0624	0.0908	0.0602	0.0942	0.0923	0.0446	0.1382	0.1095	0.029	0.2213	0.1394
352	0.0466	0.3855	0.0773	0.0624	0.0909	0.0604	0.0945	0.0926	0.0446	0.1378	0.1095	0.029	0.2213	0.1395
353	0.0463	0.3845	0.0774	0.0624	0.091	0.0605	0.0948	0.0928	0.0446	0.138	0.1096	0.0291	0.2215	0.1396
354	0.0466	0.3875	0.0775	0.0627	0.0912	0.0607	0.095	0.0929	0.0447	0.1383	0.1097	0.0291	0.2209	0.1395
355	0.0461	0.3879	0.0776	0.0629	0.0914	0.0605	0.0946	0.0928	0.0448	0.1387	0.11	0.029	0.2207	0.1396
356	0.0468	0.3908	0.0773	0.0626	0.0911	0.0604	0.0944	0.0927	0.0448	0.1387	0.1099	0.029	0.2207	0.1396
357	0.0462	0.3871	0.0775	0.0627	0.0914	0.0604	0.0945	0.0928	0.0448	0.1388	0.1101	0.029	0.2205	0.1395
358	0.0464	0.3834	0.0776	0.0626	0.0912	0.0603	0.0948	0.0928	0.0448	0.1387	0.1099	0.029	0.2207	0.1395
359	0.0463	0.3916	0.0776	0.0624	0.0911	0.0602	0.0946	0.0926	0.0448	0.1389	0.11	0.029	0.2207	0.1395
360	0.0461	0.3916	0.0779	0.0628	0.0915	0.0601	0.0942	0.0926	0.0447	0.1383	0.1098	0.029	0.2206	0.1395
361	0.0466	0.385	0.0778	0.0626	0.0913	0.0602	0.0943	0.0926	0.0447	0.1387	0.1099	0.029	0.2209	0.1396
362	0.0462	0.3954	0.0777	0.0626	0.0913	0.0604	0.0945	0.0927	0.0447	0.1384	0.1098	0.029	0.2209	0.1396
363	0.0461	0.3867	0.0775	0.0625	0.0911	0.0605	0.0946	0.0928	0.0447	0.1385	0.1098	0.029	0.2207	0.1396
364	0.0463	0.3903	0.0774	0.0625	0.0912	0.0605	0.0947	0.0929	0.0447	0.1385	0.1099	0.029	0.2207	0.1396
365	0.0463	0.3849	0.0777	0.0626	0.0914	0.0604	0.0946	0.0929	0.0447	0.1385	0.11	0.029	0.2207	0.1397
366	0.0455	0.3811	0.0777	0.0627	0.0916	0.0606	0.0951	0.0933	0.0448	0.1387	0.1102	0.029	0.221	0.1399
367	0.0459	0.3822	0.0777	0.0627	0.0916	0.0605	0.095	0.0931	0.0447	0.1387	0.1101	0.029	0.2208	0.1398
368	0.0458	0.391	0.0778	0.0627	0.0916	0.0606	0.0951	0.0932	0.0448	0.1387	0.1102	0.0291	0.221	0.1399
369	0.0461	0.3892	0.078	0.0631	0.0918	0.0607	0.0951	0.0933	0.0448	0.1388	0.1102	0.029	0.2206	0.1398
370	0.0454	0.3837	0.078	0.063	0.0916	0.0607	0.095	0.0931	0.0448	0.1388	0.1101	0.029	0.2202	0.1396
371	0.0457	0.3888	0.0779	0.063	0.0916	0.0607	0.0951	0.0932	0.0447	0.1384	0.11	0.029	0.2204	0.1397
372	0.0465	0.3844	0.0783	0.0631	0.0919	0.0607	0.0951	0.0932	0.0447	0.1384	0.11	0.029	0.2204	0.1396
373	0.0461	0.3889	0.078	0.0628	0.0917	0.0606	0.095	0.0931	0.0447	0.1385	0.11	0.029	0.2201	0.1396
374	0.046	0.3866	0.0781	0.063	0.0918	0.0606	0.0951	0.0933	0.0447	0.1388	0.1102	0.029	0.2205	0.1397
375	0.0457	0.3882	0.0781	0.0628	0.0918	0.0607	0.0953	0.0934	0.0448	0.1392	0.1103	0.029	0.2205	0.1398
376	0.0457	0.3884	0.0778	0.0627	0.0915	0.0607	0.0954	0.0933	0.0447	0.139	0.1102	0.029	0.2203	0.1396
377	0.0458	0.3808	0.0778	0.0627	0.0916	0.0608	0.0955	0.0935	0.0448	0.1392	0.1103	0.029	0.2202	0.1397
378	0.0458	0.3919	0.0778	0.0627	0.0916	0.0607	0.0953	0.0934	0.0448	0.139	0.1103	0.0289	0.2198	0.1396
379	0.0459	0.3868	0.0781	0.0629	0.0918	0.0609	0.0954	0.0935	0.0448	0.1392	0.1104	0.0289	0.2197	0.1396
380	0.0458	0.395	0.078	0.0629	0.0918	0.0611	0.0957	0.0936	0.0448	0.1393	0.1104	0.029	0.22	0.1396
381	0.0459	0.3866	0.0779	0.0628	0.0918	0.0611	0.0955	0.0936	0.0448	0.1393	0.1104	0.029	0.2203	0.1398
382	0.0456	0.3848	0.0776	0.0627	0.0918	0.0612	0.0957	0.0939	0.0448	0.1393	0.1106	0.029	0.2207	0.14
383	0.0461	0.3868	0.0777	0.0629	0.0919	0.0611	0.0955	0.0938	0.0448	0.1392	0.1106	0.029	0.2206	0.1401
384	0.0454	0.3903	0.0777	0.0629	0.0917	0.0611	0.0956	0.0937	0.0448	0.1391	0.1105	0.029	0.2207	0.14
385	0.0456	0.3854	0.0776	0.0628	0.0918	0.0609	0.0956	0.0938	0.0449	0.1394	0.1107	0.029	0.2207	0.1401
386	0.0457	0.3903	0.0777	0.0628	0.0918	0.061	0.0957	0.0938	0.0449	0.1394	0.1106	0.029	0.2207	0.14
387	0.0454	0.3803	0.0777	0.0628	0.0918	0.061	0.0957	0.0938	0.0449	0.1394	0.1106	0.029	0.2206	0.14
388	0.0458	0.3873	0.0777	0.0628	0.0918	0.0611	0.0957	0.0939	0.0449	0.1396	0.1107	0.029	0.2207	0.1401
389	0.0448	0.3775	0.0774	0.0627	0.0915	0.0611	0.0955	0.0937	0.0449	0.1397	0.1105	0.029	0.2203	0.1398
390	0.0456	0.383	0.0775	0.0626	0.0915	0.0611	0.0956	0.0937	0.0448	0.1394	0.1104	0.029	0.2205	0.1398
391	0.0455	0.3829	0.0775	0.0626	0.0916	0.0611	0.0957	0.0937	0.0448	0.1394	0.1104	0.029	0.2202	0.1397
392	0.0452	0.3845	0.0774	0.0625	0.0915	0.0611	0.0957	0.0937	0.0448	0.1389	0.1103	0.029	0.2202	0.1397
393	0.0456	0.3822	0.0773	0.0625	0.0915	0.061	0.0955	0.0936	0.0447	0.1388	0.1102	0.0289	0.22	0.1396
394	0.0454	0.3847	0.0768	0.0621	0.0911	0.0608	0.0953	0.0934	0.0447	0.1389	0.1102	0.0289	0.2199	0.1395
395	0.0454	0.3916	0.0767	0.062	0.0909	0.0609	0.0956	0.0935	0.0447	0.1389	0.1101	0.0289	0.2199	0.1394
396	0.0458	0.3854	0.0766	0.0621	0.0907	0.0608	0.0955	0.0933	0.0446	0.1386	0.1099	0.0289	0.2198	0.1393
397	0.0453	0.3849	0.0768	0.0622	0.0907	0.0607	0.0957	0.0932	0.0446	0.1385	0.1097	0.0289	0.2196	0.1391
398	0.0452	0.3813	0.0767	0.0623	0.0906	0.0608	0.0958	0.0931	0.0446	0.1388	0.1097	0.0289	0.2198	0.1391
399	0.045	0.3797	0.0769	0.0624	0.0908	0.0609	0.0959	0.0933	0.0446	0.1387	0.1098	0.0289	0.2198	0.1391
400	0.0452	0.3851	0.0768	0.0623	0.0908	0.0608	0.0959	0.0933	0.0446	0.1387	0.1097	0.0289	0.2201	0.1392
401	0.0455	0.3829	0.0768	0.0623	0.0908	0.0608	0.0956	0.0933	0.0446	0.1387	0.1098	0.0289	0.2198	0.1392
402	0.0447	0.3825	0.0771	0.0624	0.091	0.0607	0.0955	0.0931	0.0446	0.1387	0.1098	0.0289	0.2198	0.1392
403	0.0455	0.3841	0.0771	0.0624	0.0909	0.0606	0.0956	0.0931	0.0446	0.1384	0.1097	0.0289	0.2198	0.1391
404	0.0447	0.3907	0.0769	0.0623	0.0907	0.0606	0.0955	0.093	0.0445	0.1383	0.1095	0.0289	0.2201	0.1392
405	0.0451	0.3859	0.077	0.0624	0.0908	0.0606	0.0955	0.093	0.0445	0.1386	0.1097	0.0289	0.2202	0.1393
406	0.0454	0.383	0.0769	0.0624	0.0908	0.0606	0.0955	0.0931	0.0445	0.1387	0.1098	0.0289	0.2201	0.1393
407	0.045	0.3889	0.0771	0.0625	0.0911	0.0608	0.0958	0.0934	0.0446	0.1389	0.11	0.0289	0.2202	0.1395
408	0.0448	0.3884	0.0769	0.0623	0.0909	0.0608	0.0956	0.0933	0.0447	0.1392	0.11	0.0289	0.2199	0.1393
409	0.045	0.3874	0.0772	0.0626	0.0912	0.0607	0.0954	0.0933	0.0446	0.139	0.11	0.0289	0.2198	0.1394
410	0.0447	0.3824	0.077	0.0624	0.0912	0.0606	0.0952	0.0933	0.0446	0.1387	0.11	0.0289	0.2196	0.1394
411	0.0453	0.3805	0.077	0.0624	0.0911	0.0607	0.0952	0.0932	0.0446	0.1387	0.11	0.0289	0.2197	0.1393
412	0.0448	0.3874	0.0772	0.0626	0.0911	0.0605	0.0952	0.093	0.0447	0.1389	0.11	0.0289	0.2195	0.1392
413	0.0449	0.3858	0.077	0.0625	0.0909	0.0605	0.0951	0.093	0.0446	0.1389	0.1099	0.0288	0.2192	0.1391
414	0.0448	0.3905	0.0772	0.0626	0.0911	0.0605	0.0952	0.093	0.0445	0.1386	0.1097	0.0288	0.2195	0.1392
415	0.0456	0.3902	0.0772	0.0626	0.0911	0.0607	0.0954	0.0931	0.0446	0.1387	0.1098	0.0289	0.2198	0.1391
416	0.045	0.389	0.0773	0.0627	0.0912	0.0607	0.0952	0.0931	0.0446	0.1387	0.1098	0.0289	0.2195	0.1391
417	0.0447	0.385	0.0773	0.0626	0.0912	0.0606	0.0951	0.093	0.0445	0.1386	0.1098	0.0289	0.2196	0.1392
418	0.0447	0.3918	0.0772	0.0626	0.0912	0.0607	0.0953	0.0931	0.0446	0.1387	0.1098	0.0289	0.2195	0.1392
419	0.045	0.3855	0.0774	0.0627	0.0914	0.0607	0.0953	0.0933	0.0445	0.1384	0.1098	0.0289	0.2194	0.1393
420	0.0446	0.3835	0.0772	0.0627	0.0914	0.0607	0.0954	0.0933	0.0446	0.1388	0.11	0.0289	0.2196	0.1394
421	0.0449	0.3895	0.0772	0.0626	0.0915	0.0608	0.0954	0.0934	0.0446	0.1388	0.1101	0.0289	0.2198	0.1396
422	0.0445	0.3843	0.0773	0.0626	0.0912	0.0607	0.0956	0.0932	0.0446	0.1389	0.11	0.0289	0.2195	0.1393
423	0.0446	0.3826	0.0773	0.0625	0.0913	0.0609	0.096	0.0935	0.0446	0.1387	0.11	0.0288	0.219	0.1392
424	0.0446	0.3933	0.0774	0.0626	0.0914	0.0609	0.096	0.0936	0.0447	0.139	0.1102	0.0288	0.2188	0.1392
425	0.0448	0.3799	0.0772	0.0624	0.0913	0.0608	0.0956	0.0934	0.0447	0.139	0.1101	0.0288	0.2187	0.1391
426	0.0445	0.3808	0.0772	0.0625	0.091	0.0607	0.0956	0.0931	0.0448	0.1391	0.11	0.0288	0.2186	0.1389
427	0.0443	0.3843	0.0771	0.0625	0.0911	0.0608	0.0959	0.0933	0.0448	0.1391	0.11	0.0288	0.219	0.1391
428	0.0449	0.3801	0.0772	0.0626	0.0911	0.0609	0.0959	0.0933	0.0447	0.1391	0.11	0.0288	0.2188	0.139
429	0.0444	0.3858	0.0772	0.0626	0.0911	0.0608	0.0957	0.0932	0.0448	0.1392	0.11	0.0288	0.2191	0.1391
430	0.0448	0.3863	0.0773	0.0627	0.0913	0.0606	0.0956	0.0932	0.0447	0.1392	0.1101	0.0288	0.2188	0.1391
431	0.0445	0.3838	0.0769	0.0624	0.0909	0.0607	0.0956	0.0932	0.0447	0.1391	0.11	0.0288	0.2188	0.1391
432	0.045	0.3907	0.0769	0.0622	0.0909	0.0608	0.0957	0.0933	0.0447	0.1387	0.1099	0.0288	0.2186	0.139
433	0.0444	0.3795	0.0768	0.0624	0.091	0.0606	0.0953	0.0932	0.0446	0.1387	0.1099	0.0288	0.2186	0.1391
434	0.0446	0.3926	0.077	0.0626	0.0911	0.0606	0.0951	0.0931	0.0447	0.1388	0.11	0.0288	0.2186	0.1391
435	0.0445	0.3858	0.0769	0.0626	0.091	0.0607	0.0951	0.0931	0.0447	0.139	0.11	0.0288	0.2186	0.1391
436	0.0449	0.3879	0.0767	0.0622	0.091	0.0606	0.0948	0.0931	0.0446	0.1387	0.1101	0.0288	0.2183	0.1391
437	0.0445	0.3938	0.0768	0.0624	0.0912	0.0604	0.0946	0.0931	0.0446	0.1388	0.1102	0.0288	0.2186	0.1393
438	0.0443	0.3881	0.0772	0.0628	0.0915	0.0604	0.0946	0.0932	0.0446	0.1386	0.1102	0.0288	0.2187	0.1394
439	0.0452	0.3858	0.0773	0.0628	0.0918	0.0606	0.0948	0.0935	0.0447	0.1388	0.1105	0.0288	0.219	0.1396
440	0.0441	0.3927	0.0771	0.0627	0.0917	0.0607	0.0953	0.0937	0.0446	0.1387	0.1105	0.0288	0.2188	0.1396
441	0.0445	0.3845	0.0769	0.0625	0.0914	0.0607	0.0953	0.0936	0.0446	0.1387	0.1103	0.0288	0.2188	0.1395
442	0.0446	0.3861	0.0766	0.0624	0.0913	0.0607	0.0955	0.0937	0.0446	0.1389	0.1104	0.0287	0.2184	0.1393
443	0.0442	0.386	0.0767	0.0624	0.0913	0.0609	0.0958	0.0937	0.0446	0.1388	0.1103	0.0288	0.2186	0.1394
444	0.0446	0.3936	0.0767	0.0624	0.0913	0.0609	0.0959	0.0938	0.0447	0.139	0.1104	0.0288	0.2188	0.1395
445	0.0442	0.3876	0.0769	0.0627	0.0914	0.0609	0.0959	0.0938	0.0447	0.139	0.1104	0.0288	0.2185	0.1394
446	0.044	0.3844	0.0771	0.0629	0.0917	0.0609	0.0961	0.094	0.0448	0.1392	0.1107	0.0288	0.2186	0.1396
447	0.0441	0.3893	0.0771	0.0628	0.0916	0.0608	0.096	0.0938	0.0447	0.1392	0.1106	0.0288	0.2188	0.1396
448	0.0439	0.3837	0.077	0.0626	0.0913	0.0608	0.0957	0.0936	0.0446	0.1387	0.1102	0.0288	0.2185	0.1393
449	0.0446	0.3904	0.0769	0.0627	0.0914	0.0608	0.0959	0.0938	0.0446	0.139	0.1104	0.0288	0.2188	0.1394
450	0.0444	0.3858	0.0769	0.0629	0.0915	0.0608	0.096	0.0938	0.0446	0.1389	0.1104	0.0288	0.2186	0.1395
451	0.0453	0.3882	0.077	0.0629	0.0917	0.0609	0.0961	0.0941	0.0445	0.1386	0.1105	0.0288	0.2185	0.1396
452	0.0441	0.3844	0.0771	0.0629	0.0917	0.0608	0.0957	0.0939	0.0445	0.1387	0.1105	0.0288	0.2185	0.1395
453	0.0444	0.3917	0.0771	0.0632	0.0919	0.0608	0.0957	0.0939	0.0445	0.1386	0.1105	0.0288	0.2186	0.1397
454	0.0442	0.3886	0.077	0.0632	0.0918	0.0608	0.0959	0.094	0.0444	0.1383	0.1103	0.0288	0.2187	0.1397
455	0.044	0.3774	0.0772	0.0633	0.0919	0.061	0.0963	0.0941	0.0445	0.1385	0.1104	0.0288	0.2188	0.1396
456	0.0438	0.3812	0.0773	0.0632	0.092	0.061	0.0962	0.0942	0.0446	0.1387	0.1106	0.0288	0.2188	0.1398
457	0.0447	0.3825	0.0773	0.0634	0.092	0.0609	0.0961	0.0941	0.0446	0.1387	0.1105	0.0288	0.2187	0.1397
458	0.044	0.398	0.0772	0.0633	0.0918	0.0608	0.0959	0.0939	0.0445	0.1387	0.1104	0.0288	0.2187	0.1395
459	0.0442	0.3892	0.0774	0.0634	0.0919	0.0607	0.0959	0.0937	0.0445	0.1385	0.1102	0.0288	0.2186	0.1394
460	0.044	0.3799	0.0771	0.0632	0.0918	0.0608	0.096	0.0939	0.0445	0.1388	0.1104	0.0288	0.2185	0.1395
461	0.0441	0.3939	0.0772	0.0635	0.0917	0.0607	0.0959	0.0937	0.0446	0.1389	0.1103	0.0288	0.2189	0.1394
462	0.0444	0.383	0.0777	0.0638	0.0919	0.0607	0.0959	0.0936	0.0446	0.1389	0.1103	0.0289	0.2189	0.1395
463	0.0438	0.3888	0.0773	0.0635	0.0918	0.0608	0.096	0.0937	0.0446	0.1388	0.1103	0.0289	0.2191	0.1396
464	0.0442	0.3983	0.0773	0.0635	0.0917	0.0607	0.0961	0.0937	0.0445	0.1387	0.1102	0.0289	0.2193	0.1396
465	0.0434	0.3838	0.0771	0.0636	0.0918	0.0607	0.0961	0.0938	0.0445	0.1388	0.1104	0.0289	0.2192	0.1396
466	0.0441	0.3932	0.0767	0.0632	0.0914	0.0607	0.0959	0.0936	0.0445	0.1386	0.1102	0.0289	0.219	0.1395
467	0.0438	0.3907	0.0766	0.0631	0.0913	0.0607	0.0959	0.0936	0.0445	0.1385	0.1101	0.0288	0.2188	0.1393
468	0.044	0.3874	0.0768	0.0631	0.0913	0.0607	0.0958	0.0935	0.0445	0.1385	0.11	0.0288	0.2187	0.1392
469	0.0444	0.3911	0.0768	0.0631	0.0913	0.0606	0.0958	0.0934	0.0445	0.1386	0.11	0.0289	0.2188	0.1393
470	0.0437	0.3859	0.077	0.0634	0.0914	0.0606	0.0956	0.0933	0.0446	0.1384	0.1099	0.0288	0.2186	0.1391
471	0.044	0.3861	0.0772	0.0634	0.0916	0.0606	0.0959	0.0935	0.0446	0.1386	0.1101	0.0288	0.2191	0.1393
472	0.0442	0.3835	0.077	0.0631	0.0914	0.0606	0.0958	0.0934	0.0447	0.1389	0.1101	0.0289	0.2192	0.1393
473	0.0435	0.384	0.077	0.063	0.0913	0.0604	0.0956	0.0932	0.0447	0.139	0.1101	0.0289	0.2193	0.1393
474	0.0438	0.3879	0.077	0.063	0.0913	0.0603	0.0954	0.0931	0.0446	0.1388	0.11	0.0289	0.2194	0.1393
475	0.0439	0.3929	0.0771	0.0629	0.0915	0.0603	0.0954	0.0932	0.0446	0.1389	0.1102	0.0288	0.2189	0.1393
476	0.0434	0.3883	0.0769	0.063	0.0912	0.0603	0.0954	0.0931	0.0447	0.1391	0.1101	0.0289	0.2195	0.1392
477	0.0438	0.3938	0.0771	0.0629	0.0912	0.06	0.0952	0.0928	0.0445	0.1386	0.1098	0.0288	0.2192	0.1391
478	0.0435	0.3877	0.0769	0.0628	0.0909	0.0601	0.0953	0.0927	0.0445	0.1387	0.1097	0.0289	0.2192	0.139
479	0.0442	0.3793	0.0767	0.0626	0.0906	0.0601	0.0958	0.0928	0.0445	0.1386	0.1096	0.0289	0.2191	0.1389
480	0.0433	0.3923	0.0765	0.0625	0.0906	0.0601	0.0959	0.0928	0.0445	0.1387	0.1096	0.0289	0.2191	0.1389
481	0.0438	0.3872	0.0767	0.0625	0.0907	0.0605	0.0963	0.0931	0.0445	0.1386	0.1096	0.0288	0.2191	0.1389
482	0.0433	0.3893	0.0763	0.0622	0.0905	0.0604	0.096	0.093	0.0445	0.1383	0.1095	0.0288	0.2195	0.1389
483	0.0433	0.3834	0.0765	0.0624	0.0907	0.0605	0.0961	0.0931	0.0446	0.1386	0.1097	0.0289	0.2195	0.139
484	0.0438	0.3918	0.0765	0.0622	0.0905	0.0606	0.0962	0.0931	0.0445	0.1383	0.1095	0.0288	0.2194	0.1389
485	0.0441	0.3876	0.0763	0.0619	0.0904	0.0606	0.096	0.0931	0.0445	0.1386	0.1096	0.0289	0.2196	0.139
486	0.043	0.3897	0.0765	0.0621	0.0905	0.0607	0.0961	0.0932	0.0444	0.1384	0.1095	0.0289	0.2194	0.139
487	0.0439	0.3896	0.0769	0.0623	0.0908	0.0606	0.0961	0.0932	0.0444	0.1386	0.1096	0.0289	0.2196	0.139
488	0.0436	0.3911	0.0767	0.0624	0.0909	0.0606	0.0962	0.0933	0.0444	0.1386	0.1097	0.0289	0.2193	0.139
489	0.0438	0.3925	0.0768	0.0624	0.0909	0.0604	0.0958	0.0931	0.0444	0.1385	0.1096	0.0289	0.2193	0.139
490	0.0435	0.3906	0.0767	0.0621	0.0908	0.0605	0.0959	0.0932	0.0444	0.1386	0.1097	0.0288	0.2189	0.1389
491	0.0436	0.3886	0.0768	0.0621	0.0907	0.0606	0.0961	0.0932	0.0444	0.1385	0.1095	0.0288	0.2188	0.1388
492	0.0434	0.389	0.077	0.0623	0.091	0.0606	0.096	0.0933	0.0444	0.1387	0.1097	0.0288	0.2188	0.1389
493	0.0439	0.3911	0.0774	0.0627	0.0912	0.0606	0.096	0.0932	0.0444	0.1385	0.1096	0.0288	0.2186	0.1389
494	0.0434	0.3943	0.0771	0.0626	0.0911	0.0606	0.0961	0.0933	0.0443	0.1382	0.1096	0.0289	0.219	0.1391
495	0.0434	0.3896	0.0772	0.0625	0.0912	0.0605	0.0959	0.0932	0.0444	0.1383	0.1097	0.0288	0.2186	0.139
496	0.0434	0.3927	0.0772	0.0629	0.0912	0.0605	0.0959	0.0932	0.0444	0.1385	0.1097	0.0288	0.2184	0.1389
497	0.0438	0.3908	0.0773	0.063	0.0912	0.0605	0.0959	0.0932	0.0445	0.1386	0.1097	0.0288	0.2185	0.1388
498	0.0435	0.3889	0.0775	0.0631	0.0914	0.0605	0.096	0.0932	0.0444	0.1385	0.1097	0.0288	0.219	0.139
499	0.0436	0.3902	0.0773	0.0628	0.0911	0.0605	0.0961	0.0931	0.0444	0.1384	0.1096	0.0288	0.219	0.1388
500	0.0435	0.3843	0.0772	0.0625	0.0908	0.0605	0.0962	0.0931	0.0444	0.1383	0.1094	0.0289	0.2192	0.1388
