{"n_layers": 0, "device": "cuda", "batch_size": 2048, "embedding_dim": 16, "learning_rate": 0.001, "dataset": "dbbook", "epochs": 150, "top_k": 50, "multimodal": true, "datasets": {"dbbook": ["images", "text"], "ml1m": ["audio", "images", "text", "video"]}}
Epoch	Loss	Recall	Precision	NDCG
1	0.6931	0.0118	0.0015	0.0055
2	0.6929	0.0139	0.0018	0.0069
3	0.6927	0.0200	0.0027	0.0104
4	0.6924	0.0315	0.0042	0.0174
5	0.6919	0.0482	0.0066	0.0275
6	0.6912	0.0651	0.0090	0.0384
7	0.6902	0.0807	0.0114	0.0476
8	0.6888	0.0910	0.0128	0.0543
9	0.6869	0.1001	0.0142	0.0599
10	0.6844	0.1080	0.0153	0.0639
11	0.6812	0.1139	0.0161	0.0670
12	0.6773	0.1193	0.0169	0.0698
13	0.6725	0.1235	0.0176	0.0723
14	0.6669	0.1259	0.0180	0.0738
15	0.6606	0.1288	0.0184	0.0753
16	0.6533	0.1307	0.0187	0.0763
17	0.6454	0.1332	0.0191	0.0775
18	0.6365	0.1357	0.0193	0.0787
19	0.6272	0.1366	0.0195	0.0794
20	0.6172	0.1377	0.0197	0.0798
21	0.6069	0.1390	0.0199	0.0804
22	0.5959	0.1408	0.0201	0.0811
23	0.5847	0.1415	0.0202	0.0816
24	0.5739	0.1416	0.0202	0.0817
25	0.5624	0.1424	0.0203	0.0820
26	0.5505	0.1423	0.0203	0.0819
27	0.5386	0.1432	0.0204	0.0823
28	0.5278	0.1435	0.0204	0.0827
29	0.5158	0.1443	0.0205	0.0830
30	0.5054	0.1450	0.0206	0.0832
31	0.4941	0.1447	0.0205	0.0832
32	0.4832	0.1452	0.0206	0.0834
33	0.4728	0.1459	0.0207	0.0836
34	0.4631	0.1463	0.0207	0.0837
35	0.4539	0.1468	0.0208	0.0841
36	0.4443	0.1471	0.0208	0.0841
37	0.4352	0.1464	0.0207	0.0838
38	0.4275	0.1466	0.0207	0.0838
39	0.4185	0.1473	0.0208	0.0841
40	0.4104	0.1469	0.0208	0.0841
41	0.4021	0.1470	0.0208	0.0840
42	0.3964	0.1476	0.0209	0.0842
43	0.3888	0.1477	0.0209	0.0842
44	0.3821	0.1475	0.0209	0.0840
45	0.3757	0.1479	0.0209	0.0843
46	0.3686	0.1482	0.0209	0.0844
47	0.3628	0.1477	0.0209	0.0844
48	0.3569	0.1474	0.0209	0.0842
49	0.3505	0.1482	0.0210	0.0845
50	0.3470	0.1485	0.0210	0.0845
51	0.3412	0.1484	0.0210	0.0844
52	0.3354	0.1489	0.0210	0.0845
53	0.3306	0.1490	0.0210	0.0845
54	0.3268	0.1493	0.0210	0.0846
55	0.3232	0.1492	0.0210	0.0845
56	0.3195	0.1496	0.0211	0.0845
57	0.3153	0.1497	0.0211	0.0847
58	0.3104	0.1500	0.0211	0.0847
59	0.3062	0.1500	0.0211	0.0847
60	0.3010	0.1502	0.0211	0.0847
61	0.2983	0.1502	0.0211	0.0847
62	0.2966	0.1506	0.0212	0.0849
63	0.2918	0.1509	0.0212	0.0850
64	0.2894	0.1507	0.0212	0.0849
65	0.2836	0.1508	0.0212	0.0849
66	0.2829	0.1508	0.0211	0.0849
67	0.2774	0.1504	0.0211	0.0848
68	0.2759	0.1511	0.0212	0.0851
69	0.2732	0.1510	0.0212	0.0851
70	0.2688	0.1513	0.0212	0.0852
71	0.2661	0.1514	0.0212	0.0852
72	0.2639	0.1511	0.0212	0.0851
73	0.2620	0.1514	0.0212	0.0852
74	0.2586	0.1514	0.0212	0.0852
75	0.2544	0.1512	0.0212	0.0850
76	0.2539	0.1513	0.0212	0.0850
77	0.2508	0.1517	0.0213	0.0851
78	0.2489	0.1520	0.0213	0.0851
79	0.2444	0.1518	0.0213	0.0851
80	0.2440	0.1519	0.0213	0.0851
81	0.2421	0.1516	0.0212	0.0851
82	0.2397	0.1519	0.0213	0.0853
83	0.2385	0.1525	0.0213	0.0853
84	0.2336	0.1523	0.0213	0.0853
85	0.2341	0.1523	0.0213	0.0853
86	0.2324	0.1525	0.0213	0.0855
87	0.2262	0.1526	0.0214	0.0856
88	0.2253	0.1527	0.0214	0.0857
89	0.2231	0.1525	0.0213	0.0856
90	0.2200	0.1527	0.0214	0.0857
91	0.2203	0.1527	0.0214	0.0857
92	0.2203	0.1531	0.0214	0.0856
93	0.2170	0.1531	0.0214	0.0856
94	0.2146	0.1536	0.0215	0.0859
95	0.2131	0.1535	0.0214	0.0858
96	0.2115	0.1535	0.0214	0.0859
97	0.2102	0.1536	0.0214	0.0859
98	0.2077	0.1540	0.0215	0.0860
99	0.2049	0.1543	0.0215	0.0861
100	0.2061	0.1542	0.0215	0.0861
101	0.2015	0.1550	0.0216	0.0863
102	0.2008	0.1547	0.0216	0.0863
103	0.1998	0.1544	0.0216	0.0862
104	0.1953	0.1542	0.0215	0.0863
105	0.1948	0.1542	0.0216	0.0864
106	0.1957	0.1540	0.0215	0.0863
107	0.1920	0.1547	0.0216	0.0865
108	0.1909	0.1551	0.0216	0.0866
109	0.1885	0.1554	0.0216	0.0867
110	0.1861	0.1556	0.0217	0.0867
111	0.1855	0.1557	0.0217	0.0867
112	0.1822	0.1556	0.0216	0.0867
113	0.1827	0.1560	0.0217	0.0869
114	0.1821	0.1560	0.0217	0.0869
115	0.1824	0.1563	0.0217	0.0870
116	0.1803	0.1558	0.0217	0.0868
117	0.1784	0.1560	0.0217	0.0868
118	0.1763	0.1560	0.0217	0.0868
119	0.1768	0.1562	0.0217	0.0869
120	0.1751	0.1562	0.0217	0.0869
121	0.1708	0.1564	0.0217	0.0869
122	0.1727	0.1563	0.0217	0.0868
123	0.1709	0.1566	0.0217	0.0869
124	0.1692	0.1564	0.0217	0.0869
125	0.1677	0.1572	0.0218	0.0870
126	0.1632	0.1573	0.0218	0.0871
127	0.1658	0.1570	0.0218	0.0871
128	0.1660	0.1573	0.0218	0.0873
129	0.1631	0.1569	0.0218	0.0873
130	0.1611	0.1567	0.0217	0.0872
131	0.1589	0.1568	0.0217	0.0872
132	0.1569	0.1566	0.0217	0.0872
133	0.1560	0.1568	0.0217	0.0872
134	0.1570	0.1568	0.0217	0.0873
135	0.1549	0.1574	0.0218	0.0874
136	0.1559	0.1573	0.0218	0.0874
137	0.1538	0.1572	0.0217	0.0873
138	0.1505	0.1571	0.0217	0.0873
139	0.1531	0.1572	0.0217	0.0872
140	0.1482	0.1573	0.0217	0.0871
141	0.1488	0.1577	0.0218	0.0874
142	0.1488	0.1575	0.0218	0.0873
143	0.1470	0.1577	0.0218	0.0874
144	0.1463	0.1577	0.0218	0.0873
145	0.1435	0.1577	0.0217	0.0874
146	0.1448	0.1575	0.0217	0.0874
147	0.1429	0.1577	0.0217	0.0874
148	0.1417	0.1580	0.0218	0.0875
149	0.1404	0.1581	0.0218	0.0876
150	0.1389	0.1577	0.0217	0.0874
