{"device": "cuda:1", "multimodal": true, "embedding_dim": 512, "n_layers": 1, "epochs": 500, "learning_rate": 0.001, "log": true, "seed": 19, "top_k": [5, 10, 20, 50], "dataset": "ml1m", "batch_size": 8192, "single_branch": false, "autoencoder": false, "ensemble_fusion": false, "freeze": true, "fusion_modalities": "mean", "fusion_type": "late", "info_nce": false, "weighting": "equal", "datasets": {"dbbook": ["images", "text"], "ml1m": ["audio", "images", "text", "video"]}}
Epoch	T-Loss	V-Loss	Precision@5	Recall@5	NDCG@5	Precision@10	Recall@10	NDCG@10	Precision@20	Recall@20	NDCG@20	Precision@50	Recall@50	NDCG@50
1	0.6928	0.6919	0.1179	0.0321	0.1249	0.1009	0.0546	0.1155	0.0851	0.0898	0.1138	0.0644	0.1667	0.1334
2	0.684	0.667	0.1833	0.0617	0.1964	0.1567	0.1044	0.186	0.1272	0.1656	0.1869	0.088	0.277	0.2135
3	0.619	0.5549	0.1774	0.06	0.1909	0.1502	0.101	0.1795	0.1227	0.164	0.1818	0.0846	0.2675	0.2061
4	0.4874	0.4332	0.1745	0.0599	0.1892	0.149	0.1019	0.1792	0.1208	0.1606	0.18	0.0836	0.2644	0.2044
5	0.3999	0.3816	0.174	0.0607	0.1919	0.1475	0.0996	0.1797	0.1202	0.1594	0.1808	0.0831	0.2639	0.2051
6	0.3641	0.3595	0.1791	0.0621	0.1986	0.1473	0.0988	0.1825	0.12	0.159	0.183	0.0841	0.2663	0.2085
7	0.3474	0.3479	0.1816	0.0626	0.1988	0.1492	0.0997	0.183	0.1214	0.1583	0.1829	0.0852	0.2694	0.2095
8	0.3354	0.3362	0.1843	0.0637	0.2023	0.1537	0.1032	0.1879	0.1228	0.1602	0.186	0.0871	0.2743	0.2139
9	0.3257	0.3321	0.186	0.0638	0.2044	0.1559	0.1037	0.1902	0.1255	0.1645	0.1894	0.0886	0.2785	0.2169
10	0.3172	0.3251	0.1878	0.0638	0.2079	0.1597	0.1061	0.1949	0.1276	0.1666	0.1931	0.0905	0.2826	0.2213
11	0.3122	0.3186	0.1936	0.0659	0.214	0.1618	0.1073	0.1985	0.1303	0.1699	0.1975	0.0924	0.2874	0.2259
12	0.3047	0.3111	0.1949	0.0665	0.2128	0.1653	0.11	0.1998	0.1325	0.1723	0.1985	0.094	0.2913	0.2277
13	0.2991	0.3063	0.1996	0.0681	0.219	0.1676	0.1122	0.2043	0.1345	0.1739	0.2026	0.0958	0.2972	0.233
14	0.2925	0.3032	0.2037	0.0696	0.2228	0.1707	0.1143	0.2076	0.1363	0.1771	0.2056	0.0973	0.3025	0.2368
15	0.288	0.3012	0.2073	0.0711	0.2254	0.1734	0.1158	0.2099	0.1384	0.1807	0.2082	0.0985	0.3071	0.2396
16	0.2832	0.2968	0.209	0.0721	0.2286	0.176	0.1179	0.2135	0.1402	0.1831	0.2113	0.0996	0.3104	0.2431
17	0.2793	0.2945	0.212	0.0726	0.2318	0.1785	0.1203	0.2168	0.1424	0.1854	0.2145	0.101	0.3139	0.2465
18	0.2754	0.2899	0.2164	0.0748	0.2356	0.1804	0.1209	0.2191	0.1441	0.1878	0.2171	0.1025	0.3189	0.25
19	0.2713	0.2857	0.2206	0.0771	0.241	0.1828	0.1235	0.2231	0.1456	0.1903	0.2207	0.1035	0.3226	0.2539
20	0.2681	0.284	0.2228	0.0776	0.2425	0.1853	0.1254	0.2252	0.1473	0.1925	0.2226	0.1044	0.326	0.256
21	0.2633	0.2824	0.2228	0.0778	0.2423	0.1864	0.1255	0.2258	0.1487	0.1943	0.2239	0.1053	0.329	0.2577
22	0.2614	0.2778	0.2273	0.0797	0.2479	0.188	0.1271	0.2293	0.15	0.1966	0.2274	0.106	0.3321	0.2613
23	0.2584	0.2784	0.2275	0.0801	0.2488	0.1897	0.1283	0.2312	0.1511	0.1987	0.2292	0.1069	0.3356	0.2637
24	0.2563	0.2732	0.2303	0.0812	0.251	0.1918	0.1305	0.2334	0.1525	0.2012	0.2313	0.1078	0.3387	0.2659
25	0.2534	0.2755	0.2313	0.0809	0.2543	0.1932	0.1314	0.2364	0.154	0.2037	0.2344	0.1083	0.3401	0.2684
26	0.2509	0.2712	0.2321	0.0814	0.2551	0.1934	0.1312	0.2368	0.1554	0.2044	0.2356	0.1093	0.3449	0.2707
27	0.2473	0.2704	0.2332	0.0823	0.2542	0.1946	0.1318	0.2365	0.1556	0.2055	0.2354	0.1101	0.3473	0.2714
28	0.2454	0.2662	0.2334	0.0818	0.2553	0.1954	0.1323	0.2378	0.1567	0.2073	0.2371	0.1105	0.3484	0.2728
29	0.2442	0.264	0.2358	0.083	0.2586	0.1972	0.1343	0.2406	0.1575	0.2085	0.2393	0.1111	0.3509	0.2753
30	0.2418	0.2671	0.2372	0.0828	0.2595	0.1983	0.1353	0.2417	0.1586	0.21	0.2404	0.1118	0.353	0.2766
31	0.2389	0.2624	0.2389	0.0838	0.2615	0.1995	0.1356	0.2432	0.16	0.2115	0.2423	0.1125	0.3554	0.2786
32	0.2381	0.2632	0.2378	0.0832	0.2611	0.2002	0.1372	0.2439	0.1614	0.2134	0.2436	0.113	0.357	0.2797
33	0.2349	0.2611	0.24	0.084	0.2638	0.2002	0.1372	0.2452	0.1617	0.2143	0.2451	0.1135	0.3592	0.2818
34	0.234	0.2572	0.2409	0.085	0.2642	0.2023	0.1389	0.2466	0.1621	0.2158	0.2459	0.1139	0.3611	0.2828
35	0.2329	0.261	0.2402	0.0848	0.2639	0.2032	0.1402	0.2476	0.1631	0.2179	0.2474	0.1142	0.3618	0.2838
36	0.2305	0.2552	0.2425	0.086	0.2646	0.2042	0.1413	0.2481	0.1638	0.2197	0.2481	0.1145	0.3636	0.2846
37	0.2286	0.2579	0.2438	0.0866	0.2663	0.2059	0.1428	0.2501	0.1647	0.2208	0.2498	0.1149	0.3653	0.2863
38	0.2269	0.2546	0.2454	0.088	0.2684	0.2061	0.1429	0.2512	0.1655	0.2214	0.2512	0.1156	0.3681	0.2884
39	0.2247	0.2563	0.2455	0.0872	0.2677	0.2069	0.1441	0.2513	0.1663	0.2231	0.2516	0.1162	0.3699	0.289
40	0.2224	0.2563	0.2452	0.0866	0.2672	0.207	0.1443	0.2515	0.1667	0.2237	0.2521	0.1166	0.3711	0.2899
41	0.2223	0.2563	0.2465	0.0871	0.2689	0.2081	0.1455	0.253	0.1668	0.2241	0.2528	0.1169	0.3719	0.2908
42	0.2207	0.2543	0.2472	0.0877	0.2692	0.2082	0.1458	0.2532	0.1673	0.2257	0.2537	0.1175	0.3737	0.2921
43	0.2195	0.2519	0.2482	0.088	0.2696	0.2098	0.1468	0.2541	0.1677	0.2269	0.2541	0.1177	0.3761	0.2927
44	0.2158	0.2512	0.2497	0.0888	0.2705	0.2107	0.1471	0.2548	0.1687	0.2281	0.2551	0.1181	0.3776	0.2936
45	0.2163	0.2535	0.2493	0.0894	0.2704	0.2109	0.1477	0.2553	0.1693	0.2291	0.256	0.1186	0.3787	0.2947
46	0.2149	0.2513	0.2515	0.0907	0.2725	0.2109	0.1483	0.256	0.1696	0.2292	0.2568	0.1186	0.3795	0.2957
47	0.2121	0.2534	0.2522	0.0914	0.2729	0.2117	0.1494	0.2566	0.1701	0.2304	0.2576	0.119	0.3804	0.2965
48	0.2118	0.2496	0.253	0.091	0.2744	0.2124	0.1493	0.2579	0.1707	0.2307	0.2589	0.1191	0.3809	0.2975
49	0.2103	0.2506	0.2517	0.0906	0.2741	0.2145	0.1521	0.26	0.1712	0.2316	0.2598	0.1194	0.3818	0.2984
50	0.2096	0.2495	0.2537	0.0916	0.2756	0.2143	0.1509	0.26	0.1718	0.2322	0.2606	0.1199	0.3838	0.2997
51	0.2076	0.2495	0.2544	0.092	0.2761	0.215	0.1512	0.2605	0.1718	0.2327	0.2609	0.1199	0.3841	0.2999
52	0.2061	0.2502	0.2548	0.0924	0.2764	0.2151	0.1521	0.2609	0.1725	0.2349	0.262	0.1203	0.3859	0.3009
53	0.2057	0.2471	0.2549	0.0925	0.2762	0.215	0.1523	0.2607	0.1722	0.2338	0.2615	0.1205	0.3866	0.3012
54	0.2031	0.2476	0.2546	0.0923	0.2769	0.2158	0.1523	0.2618	0.1734	0.2362	0.2633	0.1207	0.3881	0.3024
55	0.2019	0.2458	0.2554	0.0927	0.2774	0.2166	0.1535	0.2626	0.1736	0.2366	0.2636	0.1211	0.3893	0.3031
56	0.2013	0.2485	0.2548	0.0929	0.2766	0.2166	0.1536	0.2624	0.1737	0.2371	0.2637	0.1211	0.3903	0.3034
57	0.1999	0.2453	0.2553	0.0938	0.2776	0.2171	0.155	0.2635	0.1733	0.237	0.2641	0.1214	0.3919	0.3046
58	0.1991	0.246	0.2561	0.0942	0.2783	0.2172	0.1543	0.2637	0.1745	0.2387	0.2654	0.1219	0.3941	0.3057
59	0.1986	0.2483	0.256	0.0945	0.2786	0.2178	0.1549	0.2644	0.1746	0.2392	0.2659	0.1223	0.3947	0.3066
60	0.1961	0.2475	0.2569	0.0946	0.2787	0.2175	0.1552	0.2642	0.1747	0.239	0.266	0.1224	0.3958	0.3072
61	0.1937	0.2472	0.2582	0.0944	0.2794	0.2189	0.1559	0.2651	0.1754	0.2403	0.2666	0.1226	0.3965	0.3075
62	0.1936	0.2424	0.2585	0.0947	0.2797	0.2192	0.1563	0.2655	0.1758	0.2407	0.267	0.1228	0.3972	0.3079
63	0.1915	0.2463	0.2591	0.0956	0.2816	0.2192	0.1564	0.2666	0.1753	0.2402	0.2676	0.123	0.3996	0.3096
64	0.1906	0.2488	0.2587	0.0962	0.281	0.22	0.1577	0.267	0.1753	0.2409	0.2677	0.123	0.3986	0.3093
65	0.1884	0.242	0.2589	0.0953	0.2805	0.2191	0.1565	0.2658	0.176	0.2421	0.2679	0.1234	0.4	0.3095
66	0.1878	0.2458	0.2588	0.096	0.2803	0.2195	0.1576	0.2663	0.1766	0.2432	0.2686	0.1234	0.4009	0.31
67	0.1854	0.2473	0.2601	0.0966	0.2811	0.2197	0.1575	0.2664	0.1767	0.2434	0.2689	0.1238	0.4022	0.3108
68	0.1854	0.243	0.2607	0.0963	0.2822	0.2194	0.1578	0.267	0.1768	0.2432	0.2694	0.1238	0.402	0.3113
69	0.1832	0.2449	0.2599	0.0968	0.2819	0.22	0.158	0.2675	0.1769	0.2442	0.2699	0.1239	0.4006	0.3112
70	0.1822	0.245	0.2609	0.0979	0.283	0.2197	0.1584	0.2677	0.1773	0.2442	0.2704	0.1242	0.4019	0.3122
71	0.1831	0.2422	0.2607	0.0977	0.283	0.2199	0.1582	0.268	0.1775	0.245	0.2711	0.1244	0.4028	0.313
72	0.181	0.2445	0.2607	0.0979	0.2828	0.2207	0.1584	0.2684	0.1771	0.244	0.2705	0.1246	0.404	0.3133
73	0.1798	0.2449	0.262	0.0988	0.2838	0.222	0.1604	0.2696	0.1774	0.2449	0.2712	0.1247	0.4049	0.3139
74	0.1781	0.2434	0.2627	0.0998	0.2846	0.2225	0.1612	0.2705	0.178	0.2465	0.2724	0.1249	0.4061	0.3148
75	0.1778	0.2413	0.2625	0.0989	0.2848	0.2225	0.1614	0.2709	0.1785	0.247	0.273	0.1251	0.4067	0.3153
76	0.1759	0.2457	0.2629	0.0993	0.2831	0.2234	0.162	0.2703	0.1782	0.2463	0.2719	0.1253	0.4087	0.3154
77	0.1743	0.2434	0.2629	0.099	0.2835	0.2232	0.1624	0.2705	0.1785	0.2473	0.2725	0.1252	0.4083	0.3156
78	0.1736	0.2443	0.2642	0.0994	0.2852	0.2237	0.1625	0.2715	0.1788	0.2479	0.2735	0.1252	0.4085	0.3163
79	0.1719	0.2452	0.2649	0.0992	0.285	0.2225	0.1616	0.2701	0.1786	0.2479	0.2728	0.1254	0.4096	0.3161
80	0.1718	0.2437	0.2656	0.0997	0.2859	0.2232	0.1617	0.271	0.1794	0.2495	0.274	0.1257	0.411	0.317
81	0.1688	0.2445	0.2668	0.0999	0.2872	0.224	0.1618	0.272	0.18	0.2509	0.2753	0.126	0.4111	0.3178
82	0.1674	0.2445	0.2654	0.1004	0.287	0.2238	0.1623	0.2724	0.1796	0.25	0.2752	0.1259	0.4113	0.3183
83	0.168	0.2451	0.2655	0.1007	0.287	0.2239	0.1625	0.2724	0.1798	0.2497	0.2753	0.1262	0.4128	0.3189
84	0.1662	0.2445	0.2656	0.1003	0.2871	0.2247	0.1638	0.2734	0.1804	0.2507	0.2761	0.1262	0.4135	0.3195
85	0.1653	0.2441	0.2656	0.1002	0.2865	0.2249	0.1639	0.2731	0.1808	0.2517	0.2764	0.1264	0.4135	0.3195
86	0.1648	0.2443	0.2666	0.1015	0.2876	0.2243	0.163	0.2729	0.1805	0.2511	0.2764	0.1265	0.4148	0.3201
87	0.1635	0.2424	0.2674	0.1023	0.2882	0.224	0.1628	0.2727	0.1808	0.2523	0.2769	0.1266	0.4141	0.3202
88	0.162	0.2449	0.2672	0.1022	0.2886	0.2247	0.1638	0.2738	0.1812	0.2528	0.2776	0.1268	0.4157	0.3212
89	0.1598	0.2452	0.2662	0.1021	0.2878	0.2241	0.1639	0.2733	0.1811	0.2521	0.277	0.1269	0.4162	0.321
90	0.1597	0.2447	0.2666	0.1027	0.2884	0.2236	0.1632	0.2732	0.1815	0.2529	0.2778	0.1272	0.4173	0.3219
91	0.1581	0.2423	0.2674	0.103	0.2898	0.2249	0.1645	0.275	0.1823	0.2543	0.2793	0.1271	0.4171	0.3227
92	0.1567	0.2447	0.2688	0.1033	0.2903	0.2254	0.1651	0.2754	0.1826	0.2557	0.28	0.1273	0.4177	0.3232
93	0.1563	0.2442	0.2693	0.1032	0.29	0.2263	0.1658	0.2757	0.1829	0.2561	0.2801	0.1274	0.4172	0.323
94	0.155	0.245	0.2692	0.1036	0.2905	0.2271	0.1667	0.2766	0.183	0.2562	0.2805	0.1276	0.4185	0.3238
95	0.1541	0.2469	0.2701	0.104	0.2923	0.2266	0.1667	0.2773	0.1829	0.2558	0.2811	0.1279	0.419	0.3248
96	0.1526	0.2442	0.2703	0.1041	0.2911	0.2277	0.1678	0.2771	0.1834	0.2575	0.2809	0.128	0.4205	0.3245
97	0.1523	0.2457	0.2695	0.1043	0.2909	0.2272	0.1676	0.277	0.1837	0.2576	0.2814	0.1282	0.421	0.3251
98	0.1499	0.2438	0.2708	0.1049	0.292	0.2264	0.1673	0.2768	0.1838	0.2578	0.2816	0.1283	0.4209	0.3253
99	0.1484	0.2449	0.2709	0.1052	0.2925	0.2268	0.1675	0.2773	0.184	0.2578	0.282	0.1283	0.4219	0.3258
100	0.1479	0.244	0.2714	0.1057	0.2936	0.2267	0.1676	0.2779	0.184	0.2579	0.2826	0.1286	0.4228	0.3268
101	0.1467	0.2445	0.2715	0.1053	0.2936	0.2278	0.1684	0.2786	0.1836	0.2579	0.2825	0.1288	0.4229	0.3272
102	0.147	0.2469	0.2714	0.1055	0.2936	0.2277	0.1686	0.2788	0.1836	0.258	0.2827	0.1289	0.4245	0.3278
103	0.1443	0.246	0.2706	0.1049	0.2919	0.2268	0.1677	0.277	0.1838	0.2586	0.282	0.1289	0.4247	0.327
104	0.1446	0.2464	0.2717	0.1055	0.294	0.2277	0.1685	0.2789	0.1841	0.259	0.2834	0.129	0.4253	0.3283
105	0.144	0.2441	0.2714	0.106	0.294	0.2269	0.1684	0.2786	0.1846	0.2593	0.284	0.1291	0.4255	0.3287
106	0.1416	0.2451	0.2712	0.1061	0.2939	0.228	0.1695	0.2795	0.1848	0.2599	0.2843	0.1292	0.4257	0.3291
107	0.1416	0.2447	0.2715	0.1058	0.2936	0.2286	0.1689	0.2795	0.185	0.2599	0.2843	0.1293	0.4268	0.3292
108	0.1406	0.2451	0.272	0.1062	0.2939	0.2282	0.1691	0.2793	0.1853	0.2604	0.2845	0.1293	0.4269	0.3292
109	0.1399	0.2456	0.2736	0.1059	0.2947	0.2285	0.1692	0.2794	0.1856	0.261	0.2847	0.1291	0.4266	0.329
110	0.1386	0.248	0.2728	0.1059	0.2944	0.2294	0.1694	0.2801	0.1858	0.2614	0.2851	0.1293	0.4265	0.3293
111	0.1382	0.2502	0.2718	0.106	0.2931	0.2292	0.17	0.2796	0.1853	0.261	0.2844	0.1294	0.4274	0.3292
112	0.136	0.2479	0.2705	0.1056	0.2919	0.2297	0.1708	0.2796	0.1856	0.2616	0.2844	0.1294	0.4282	0.3293
113	0.1364	0.2466	0.2718	0.1062	0.2934	0.2294	0.1711	0.2801	0.1855	0.262	0.285	0.1294	0.4282	0.3298
114	0.1348	0.2501	0.271	0.1068	0.2932	0.2298	0.1715	0.2806	0.1852	0.2616	0.2848	0.1296	0.4281	0.33
115	0.1341	0.2507	0.2723	0.1071	0.2938	0.2294	0.1712	0.2802	0.1851	0.2616	0.2848	0.1297	0.4286	0.3302
116	0.1328	0.2467	0.2718	0.1065	0.2934	0.2297	0.1712	0.2804	0.1856	0.2622	0.2852	0.1297	0.4289	0.3304
117	0.1321	0.2496	0.2706	0.1062	0.2922	0.2297	0.1715	0.2801	0.1859	0.2623	0.2852	0.1296	0.4288	0.3302
118	0.1305	0.2523	0.2687	0.1054	0.2906	0.2301	0.1712	0.2799	0.1859	0.2629	0.2852	0.1297	0.4285	0.33
119	0.1307	0.2508	0.2692	0.1059	0.2914	0.2301	0.1712	0.2803	0.1864	0.2637	0.2858	0.1299	0.4294	0.3306
120	0.1295	0.2487	0.2699	0.106	0.2921	0.2295	0.1708	0.28	0.1864	0.2641	0.2861	0.1298	0.4295	0.3308
121	0.1292	0.2528	0.2709	0.1068	0.2922	0.2303	0.1718	0.2802	0.186	0.2634	0.2854	0.1301	0.4312	0.3312
122	0.1274	0.2498	0.2705	0.1066	0.2927	0.2306	0.1717	0.281	0.1866	0.2645	0.2866	0.13	0.4302	0.3316
123	0.1268	0.2523	0.2715	0.1063	0.293	0.2306	0.1725	0.2811	0.1866	0.2642	0.2865	0.1301	0.4313	0.3319
124	0.1268	0.2498	0.2696	0.1056	0.2917	0.2315	0.1725	0.2815	0.1867	0.2644	0.2866	0.1302	0.4308	0.3319
125	0.1256	0.2537	0.2699	0.1057	0.2925	0.2312	0.1728	0.2818	0.187	0.2645	0.2873	0.1302	0.4308	0.3324
126	0.1239	0.252	0.2693	0.1056	0.2921	0.2315	0.173	0.282	0.1872	0.265	0.2876	0.1302	0.4311	0.3325
127	0.1238	0.2536	0.2703	0.1062	0.2927	0.2309	0.1728	0.2816	0.1871	0.2647	0.2873	0.1303	0.4318	0.3327
128	0.1237	0.253	0.2704	0.1065	0.2922	0.2304	0.172	0.2806	0.1872	0.265	0.287	0.1302	0.4316	0.3322
129	0.1225	0.2562	0.2693	0.1063	0.2916	0.2299	0.1728	0.2805	0.1871	0.2657	0.2872	0.1305	0.4332	0.3328
130	0.1208	0.2529	0.2693	0.1061	0.292	0.2309	0.1731	0.2815	0.1875	0.2662	0.2879	0.1304	0.4329	0.3331
131	0.1205	0.2536	0.2694	0.1069	0.2919	0.2308	0.1738	0.2815	0.1873	0.2659	0.2877	0.1302	0.4322	0.3328
132	0.1189	0.2557	0.2707	0.1075	0.2929	0.2307	0.1728	0.2813	0.188	0.2674	0.2884	0.1304	0.433	0.3331
133	0.1197	0.256	0.2702	0.1075	0.2921	0.2292	0.1726	0.28	0.1874	0.2671	0.2877	0.1305	0.4333	0.333
134	0.1184	0.2606	0.2696	0.1074	0.2913	0.2299	0.1729	0.2802	0.187	0.2667	0.2872	0.1305	0.4342	0.333
135	0.118	0.2571	0.2694	0.1075	0.2916	0.2299	0.1735	0.2806	0.1872	0.2667	0.2875	0.1307	0.4346	0.3335
136	0.1172	0.2546	0.2696	0.1072	0.2921	0.2302	0.1736	0.2811	0.1878	0.268	0.2885	0.1307	0.4347	0.3339
137	0.1161	0.2571	0.269	0.107	0.2919	0.2308	0.1739	0.2816	0.1875	0.2672	0.2883	0.1308	0.436	0.3344
138	0.1155	0.2581	0.2699	0.1076	0.2927	0.23	0.1739	0.2815	0.1874	0.267	0.2885	0.1308	0.4359	0.3348
139	0.1148	0.2549	0.2712	0.1078	0.294	0.2305	0.1743	0.2823	0.1874	0.2673	0.289	0.1308	0.4366	0.3354
140	0.1141	0.2583	0.2713	0.1077	0.2937	0.231	0.1747	0.2824	0.1882	0.2685	0.2894	0.1308	0.4359	0.335
141	0.1132	0.2576	0.2716	0.1083	0.2938	0.2314	0.1751	0.2826	0.1882	0.2688	0.2894	0.1307	0.4367	0.3351
142	0.1132	0.2571	0.2701	0.1079	0.293	0.2305	0.1751	0.2821	0.1879	0.2689	0.2895	0.1308	0.4367	0.3354
143	0.1122	0.2577	0.2694	0.1074	0.2927	0.2305	0.1747	0.2822	0.1878	0.2688	0.2896	0.1306	0.4356	0.3352
144	0.1122	0.2578	0.2692	0.1076	0.292	0.2302	0.175	0.2817	0.188	0.2687	0.2893	0.1305	0.436	0.335
145	0.1111	0.2595	0.2709	0.1082	0.2936	0.231	0.1755	0.2826	0.1879	0.2694	0.2897	0.1308	0.4361	0.3355
146	0.1104	0.2598	0.2703	0.1079	0.2926	0.2307	0.1758	0.2821	0.188	0.2694	0.2895	0.1306	0.4357	0.335
147	0.1107	0.2621	0.2703	0.1085	0.2927	0.2305	0.1759	0.2822	0.1879	0.2698	0.2897	0.1307	0.4362	0.3354
148	0.1096	0.2607	0.2715	0.109	0.2935	0.2308	0.1756	0.2824	0.188	0.2692	0.2897	0.1307	0.4368	0.3357
149	0.1094	0.2573	0.2711	0.1086	0.2934	0.2314	0.1761	0.2827	0.188	0.2691	0.2896	0.1307	0.4369	0.3356
150	0.1089	0.2612	0.2721	0.1091	0.2937	0.2309	0.175	0.2821	0.1876	0.2681	0.2891	0.1308	0.4376	0.3358
151	0.1078	0.2611	0.2724	0.1102	0.2945	0.2294	0.1742	0.2815	0.1876	0.2686	0.2895	0.1308	0.4377	0.3361
152	0.1067	0.262	0.2711	0.1096	0.2935	0.2293	0.1742	0.2812	0.188	0.2695	0.2896	0.1311	0.4386	0.3362
153	0.1068	0.2614	0.2703	0.1097	0.2925	0.2297	0.1748	0.2813	0.1874	0.2692	0.2891	0.1308	0.4381	0.3358
154	0.1061	0.266	0.2708	0.1092	0.293	0.2299	0.175	0.2816	0.1872	0.2689	0.2891	0.1309	0.4384	0.3362
155	0.1057	0.2615	0.2701	0.1088	0.2923	0.23	0.1749	0.2814	0.1875	0.2694	0.2892	0.1308	0.438	0.3358
156	0.1044	0.2638	0.2701	0.1092	0.2925	0.231	0.1757	0.2823	0.1878	0.2699	0.2897	0.1308	0.4382	0.3361
157	0.1038	0.2622	0.2701	0.1091	0.2927	0.2308	0.1756	0.2824	0.1871	0.2684	0.2891	0.1307	0.4384	0.3363
158	0.1032	0.2638	0.2699	0.1085	0.2922	0.2309	0.1764	0.2823	0.1881	0.2709	0.29	0.1307	0.4385	0.3362
159	0.1032	0.2626	0.2696	0.1082	0.2915	0.2312	0.1757	0.2818	0.1881	0.271	0.2896	0.1308	0.4388	0.3358
160	0.1026	0.2629	0.2694	0.1081	0.2918	0.2314	0.1761	0.2823	0.1876	0.2697	0.2893	0.1308	0.4388	0.3361
161	0.1028	0.2648	0.2701	0.1092	0.2922	0.2314	0.1766	0.2824	0.1876	0.2702	0.2894	0.1306	0.4382	0.3358
162	0.1024	0.2658	0.2705	0.1093	0.2919	0.2309	0.176	0.2817	0.1872	0.2697	0.2889	0.1306	0.4379	0.3356
163	0.1009	0.2662	0.2705	0.1089	0.2923	0.2308	0.1766	0.282	0.1878	0.2706	0.2896	0.1306	0.4381	0.3358
164	0.1015	0.2658	0.2693	0.1085	0.291	0.23	0.1757	0.2809	0.1873	0.2699	0.2886	0.1306	0.4385	0.3355
165	0.1007	0.2648	0.269	0.1088	0.2904	0.2305	0.1768	0.2811	0.187	0.2693	0.2881	0.1306	0.4389	0.3353
166	0.0996	0.2694	0.2692	0.1091	0.2909	0.2298	0.1763	0.2809	0.1869	0.2695	0.2884	0.1307	0.4394	0.3357
167	0.0995	0.2648	0.2694	0.109	0.2906	0.2301	0.1767	0.2809	0.1872	0.2698	0.2884	0.1306	0.4391	0.3355
168	0.0979	0.2681	0.2688	0.1087	0.2901	0.2299	0.1764	0.2807	0.1872	0.2699	0.2884	0.1308	0.4403	0.3359
169	0.0974	0.2688	0.2698	0.1091	0.2914	0.23	0.1766	0.2813	0.1871	0.2701	0.2889	0.1307	0.4393	0.3361
170	0.098	0.2688	0.2698	0.1091	0.2913	0.2301	0.1773	0.2814	0.187	0.2704	0.2889	0.1307	0.4401	0.3363
171	0.0981	0.2678	0.2686	0.1088	0.2903	0.2301	0.177	0.2811	0.1867	0.2698	0.2884	0.1307	0.4401	0.3361
172	0.0977	0.2714	0.2681	0.1095	0.2905	0.2302	0.1772	0.2814	0.1867	0.2702	0.2887	0.1306	0.4398	0.3362
173	0.0973	0.2681	0.2686	0.1097	0.2903	0.2303	0.1768	0.2811	0.1869	0.2708	0.2888	0.1306	0.4402	0.3362
174	0.0963	0.273	0.27	0.1103	0.2919	0.2306	0.1774	0.282	0.1869	0.2711	0.2893	0.1305	0.44	0.3365
175	0.0955	0.2709	0.268	0.1095	0.2904	0.2296	0.1767	0.281	0.1866	0.2705	0.2888	0.1304	0.4399	0.3363
176	0.0955	0.2704	0.2675	0.1096	0.2899	0.2297	0.1767	0.2809	0.1868	0.2711	0.2889	0.1304	0.4399	0.3361
177	0.0947	0.273	0.2679	0.1098	0.2899	0.229	0.1765	0.2804	0.1865	0.2703	0.2886	0.1303	0.4398	0.3362
178	0.0948	0.272	0.2676	0.1098	0.2904	0.2292	0.1765	0.281	0.1866	0.2711	0.2893	0.1303	0.4397	0.3366
179	0.0938	0.2746	0.2696	0.1105	0.2916	0.229	0.1766	0.2809	0.187	0.272	0.2897	0.1301	0.4389	0.3363
180	0.0938	0.2739	0.2693	0.1102	0.2914	0.2301	0.1775	0.2818	0.1868	0.2713	0.2895	0.1303	0.4394	0.3365
181	0.0936	0.273	0.2692	0.1099	0.2926	0.2308	0.1781	0.2831	0.1869	0.2721	0.2904	0.1304	0.4397	0.3372
182	0.0934	0.2726	0.2696	0.1101	0.2924	0.2305	0.1775	0.2825	0.1865	0.2712	0.2896	0.1303	0.4401	0.337
183	0.092	0.2718	0.2691	0.11	0.2921	0.2302	0.1771	0.2821	0.1866	0.2712	0.2896	0.1303	0.4404	0.3369
184	0.0929	0.273	0.2696	0.1103	0.292	0.2303	0.1776	0.2819	0.1865	0.271	0.2892	0.1302	0.4399	0.3365
185	0.0913	0.2709	0.2684	0.1097	0.2919	0.2299	0.1773	0.282	0.1866	0.271	0.2896	0.1303	0.44	0.337
186	0.0911	0.276	0.2688	0.1098	0.292	0.2298	0.1772	0.282	0.1865	0.271	0.2897	0.1303	0.4404	0.3372
187	0.0909	0.2771	0.2684	0.1096	0.292	0.2296	0.1779	0.2822	0.1863	0.2715	0.2899	0.1301	0.4399	0.3372
188	0.0906	0.2749	0.2687	0.1095	0.2918	0.2293	0.1781	0.2818	0.1865	0.2721	0.2898	0.1302	0.4401	0.3369
189	0.091	0.2764	0.2688	0.1096	0.2921	0.2301	0.178	0.2823	0.1865	0.2721	0.2898	0.1301	0.44	0.3369
190	0.0899	0.2746	0.2679	0.1096	0.2921	0.2301	0.1785	0.2828	0.1864	0.272	0.2901	0.1301	0.4402	0.3373
191	0.09	0.2774	0.2683	0.1094	0.292	0.2299	0.1775	0.2823	0.1858	0.2714	0.2894	0.1301	0.4404	0.3371
192	0.0898	0.2808	0.2685	0.1096	0.2923	0.2293	0.1776	0.2821	0.1857	0.272	0.2896	0.13	0.44	0.337
193	0.0891	0.2784	0.2693	0.1097	0.293	0.2295	0.1777	0.2825	0.1861	0.2716	0.2899	0.1301	0.44	0.3373
194	0.0885	0.2773	0.2674	0.1095	0.2916	0.2294	0.1778	0.2823	0.1861	0.2722	0.2901	0.1302	0.4409	0.3376
195	0.0889	0.2819	0.2682	0.1097	0.2919	0.2295	0.178	0.2823	0.186	0.2718	0.2898	0.1301	0.4407	0.3374
196	0.0885	0.2809	0.268	0.11	0.2917	0.2299	0.1785	0.2824	0.1858	0.2718	0.2896	0.13	0.4401	0.3371
197	0.0871	0.2833	0.2673	0.1097	0.2909	0.2289	0.1781	0.2816	0.1856	0.271	0.2891	0.1299	0.4403	0.3369
198	0.0877	0.2815	0.2671	0.1095	0.29	0.2292	0.178	0.2812	0.1857	0.2711	0.2887	0.1299	0.4402	0.3365
199	0.087	0.284	0.2689	0.11	0.2921	0.2287	0.1776	0.2815	0.1856	0.2713	0.2892	0.1297	0.4403	0.3367
200	0.087	0.2818	0.2678	0.1088	0.2904	0.2284	0.1779	0.2808	0.1853	0.2709	0.2885	0.1298	0.4401	0.3364
201	0.0868	0.2846	0.2681	0.1097	0.2911	0.2286	0.1779	0.2812	0.1856	0.2708	0.2889	0.1299	0.4405	0.3368
202	0.0859	0.2809	0.2685	0.1096	0.291	0.2282	0.178	0.2808	0.1855	0.2707	0.2885	0.1299	0.4403	0.3365
203	0.0858	0.2816	0.2679	0.1096	0.2905	0.2285	0.1777	0.2807	0.1855	0.2715	0.2885	0.1297	0.44	0.3361
204	0.0857	0.2842	0.2682	0.1096	0.2907	0.2282	0.177	0.2803	0.1855	0.2711	0.2884	0.1296	0.4397	0.3359
205	0.0856	0.2852	0.2685	0.1097	0.2907	0.2286	0.1778	0.2807	0.1853	0.2713	0.2883	0.1295	0.4398	0.3358
206	0.085	0.2859	0.2673	0.1097	0.2909	0.228	0.1774	0.2808	0.1852	0.2707	0.2886	0.1295	0.4397	0.3364
207	0.0849	0.2854	0.2677	0.1094	0.2903	0.2281	0.1775	0.2802	0.1849	0.2709	0.2879	0.1295	0.4398	0.3358
208	0.0847	0.2849	0.2675	0.1105	0.2908	0.2285	0.178	0.281	0.1848	0.2711	0.2883	0.1293	0.439	0.3359
209	0.0836	0.2848	0.2674	0.1101	0.2903	0.2278	0.1776	0.2803	0.1848	0.271	0.2882	0.1293	0.439	0.3358
210	0.0841	0.2882	0.2673	0.1109	0.2906	0.2277	0.1779	0.2805	0.1848	0.2706	0.2884	0.1294	0.4395	0.3362
211	0.0839	0.2852	0.2675	0.1109	0.2907	0.2275	0.1779	0.2804	0.185	0.2713	0.2885	0.1294	0.4397	0.3363
212	0.0837	0.2874	0.2665	0.1104	0.29	0.228	0.1779	0.2806	0.1846	0.2708	0.2882	0.1294	0.44	0.3363
213	0.0829	0.2836	0.2665	0.1103	0.2896	0.228	0.1783	0.2803	0.1845	0.2705	0.2878	0.1293	0.4397	0.336
214	0.0835	0.2876	0.2674	0.1103	0.2905	0.2278	0.1776	0.2804	0.1841	0.2698	0.2876	0.1292	0.4395	0.3358
215	0.083	0.2886	0.2675	0.1107	0.2905	0.2276	0.1773	0.2801	0.1844	0.2699	0.2876	0.1292	0.4395	0.3357
216	0.0819	0.289	0.2673	0.1105	0.2905	0.2275	0.1776	0.2801	0.1845	0.2703	0.2879	0.1292	0.4396	0.336
217	0.0822	0.2875	0.2662	0.11	0.289	0.2272	0.1775	0.2794	0.1845	0.271	0.2876	0.1293	0.4396	0.3356
218	0.0824	0.2878	0.267	0.1105	0.2893	0.2265	0.1776	0.279	0.1846	0.2714	0.2877	0.1291	0.4393	0.3354
219	0.0813	0.2865	0.2669	0.1108	0.2893	0.2269	0.1783	0.2792	0.1844	0.2708	0.2873	0.1292	0.4397	0.3354
220	0.0817	0.2895	0.2667	0.1108	0.2896	0.2272	0.1781	0.2797	0.1841	0.2706	0.2874	0.1291	0.4397	0.3356
221	0.0806	0.291	0.2667	0.1105	0.2896	0.2269	0.1779	0.2795	0.1841	0.2709	0.2875	0.1292	0.4407	0.3359
222	0.0812	0.2883	0.2667	0.111	0.2898	0.2268	0.1777	0.2795	0.1839	0.271	0.2876	0.129	0.4402	0.3358
223	0.0809	0.2926	0.2656	0.1106	0.2889	0.2265	0.1773	0.279	0.1836	0.2708	0.2871	0.129	0.4399	0.3356
224	0.0807	0.2933	0.265	0.1107	0.2884	0.227	0.1777	0.2793	0.1834	0.2708	0.2869	0.129	0.44	0.3355
225	0.0799	0.2871	0.2643	0.1098	0.287	0.2262	0.1778	0.2782	0.1835	0.2708	0.2863	0.129	0.4395	0.3348
226	0.0805	0.2934	0.2632	0.1099	0.2864	0.2259	0.1778	0.278	0.1835	0.2702	0.2862	0.1288	0.4396	0.3347
227	0.08	0.2931	0.2659	0.1108	0.2882	0.2261	0.1776	0.2782	0.1834	0.2704	0.2863	0.1287	0.439	0.3346
228	0.08	0.2919	0.2642	0.1099	0.2872	0.2262	0.1775	0.2783	0.1834	0.2707	0.2865	0.1288	0.4391	0.3347
229	0.0794	0.2943	0.263	0.1101	0.2867	0.2262	0.1779	0.2785	0.1835	0.2713	0.2868	0.1286	0.4388	0.3347
230	0.0793	0.2935	0.2646	0.1105	0.2877	0.226	0.1776	0.2784	0.1833	0.2705	0.2866	0.1288	0.4395	0.335
231	0.0789	0.2938	0.2645	0.1103	0.2874	0.2254	0.1764	0.2775	0.1834	0.2704	0.2863	0.1289	0.4393	0.3348
232	0.0789	0.297	0.2641	0.1101	0.2872	0.2252	0.1764	0.2774	0.1835	0.2713	0.2866	0.1287	0.4394	0.3347
233	0.0784	0.2989	0.2647	0.1103	0.2878	0.225	0.1762	0.2776	0.1837	0.2714	0.2869	0.1287	0.4401	0.335
234	0.0782	0.2968	0.2647	0.1105	0.2875	0.2253	0.1768	0.2775	0.1833	0.2709	0.2862	0.1285	0.4391	0.3343
235	0.0776	0.2943	0.2654	0.1106	0.2877	0.226	0.1775	0.2778	0.1831	0.27	0.2858	0.1286	0.4393	0.3343
236	0.0774	0.2932	0.2655	0.11	0.2878	0.2257	0.1772	0.2776	0.1834	0.2706	0.286	0.1286	0.439	0.3342
237	0.077	0.2937	0.2661	0.1104	0.2887	0.2252	0.1769	0.2777	0.1834	0.2704	0.2863	0.1286	0.4391	0.3345
238	0.077	0.2976	0.2648	0.1096	0.2881	0.2259	0.1782	0.2785	0.1831	0.27	0.2863	0.1285	0.4391	0.3346
239	0.0771	0.2983	0.264	0.1097	0.2867	0.2258	0.178	0.2778	0.1836	0.2712	0.2864	0.1284	0.4392	0.3342
240	0.0771	0.2951	0.2638	0.1098	0.2867	0.2253	0.1774	0.2775	0.1836	0.2706	0.2863	0.1283	0.4389	0.3342
241	0.0768	0.297	0.2642	0.11	0.287	0.2254	0.1774	0.2776	0.1832	0.2704	0.286	0.1283	0.4385	0.3341
242	0.077	0.2968	0.264	0.1098	0.2869	0.2255	0.1774	0.2777	0.1828	0.2701	0.2859	0.1282	0.4385	0.3341
243	0.0764	0.2964	0.2648	0.1102	0.2873	0.2249	0.1766	0.277	0.1829	0.2704	0.2858	0.1282	0.4384	0.334
244	0.0762	0.2952	0.2642	0.1098	0.2869	0.2248	0.1766	0.277	0.1828	0.2704	0.2857	0.1283	0.4389	0.3341
245	0.0766	0.3016	0.2639	0.1099	0.2866	0.2243	0.176	0.2764	0.1827	0.2695	0.2853	0.1281	0.4385	0.3337
246	0.0756	0.296	0.2644	0.1103	0.2877	0.2246	0.1762	0.2773	0.1829	0.2699	0.2862	0.1279	0.4379	0.3341
247	0.0757	0.3015	0.2633	0.1099	0.287	0.2244	0.1762	0.2772	0.1829	0.2701	0.2863	0.1279	0.4381	0.3342
248	0.0755	0.2991	0.2649	0.1101	0.2881	0.225	0.1769	0.2779	0.1828	0.2703	0.2864	0.1277	0.4374	0.3341
249	0.0756	0.2993	0.2637	0.1097	0.287	0.2247	0.1769	0.2774	0.1829	0.2708	0.2863	0.1278	0.4381	0.334
250	0.0754	0.3	0.2644	0.1101	0.2871	0.2244	0.1761	0.2769	0.1825	0.2699	0.2857	0.1277	0.4376	0.3336
251	0.0754	0.3044	0.2646	0.1098	0.2872	0.2244	0.1763	0.277	0.1823	0.2694	0.2855	0.1276	0.4373	0.3335
252	0.075	0.3034	0.2642	0.1099	0.287	0.2246	0.1769	0.2772	0.1824	0.2699	0.2858	0.1275	0.4371	0.3335
253	0.0746	0.2965	0.2643	0.11	0.287	0.2241	0.1765	0.2767	0.1821	0.2696	0.2853	0.1277	0.4372	0.3334
254	0.0745	0.3017	0.2638	0.1097	0.2864	0.2243	0.177	0.2766	0.1822	0.27	0.2852	0.1276	0.437	0.333
255	0.0743	0.3041	0.2635	0.1095	0.2862	0.224	0.177	0.2764	0.1824	0.2701	0.2852	0.1276	0.4371	0.333
256	0.0748	0.3002	0.2632	0.1097	0.2861	0.2236	0.1769	0.2762	0.1825	0.2701	0.2854	0.1275	0.4369	0.333
257	0.0738	0.3036	0.2625	0.1095	0.2857	0.2233	0.1765	0.2761	0.182	0.2693	0.285	0.1275	0.4371	0.333
258	0.0734	0.3033	0.2621	0.1088	0.2856	0.2235	0.1769	0.2763	0.1825	0.27	0.2854	0.1276	0.4378	0.3333
259	0.074	0.3026	0.2624	0.1085	0.2855	0.2231	0.1768	0.2761	0.1823	0.2701	0.2853	0.1275	0.4375	0.3331
260	0.0737	0.3007	0.2631	0.1095	0.2856	0.223	0.1765	0.2756	0.1821	0.2699	0.2848	0.1273	0.4369	0.3326
261	0.0741	0.3037	0.2629	0.1095	0.2855	0.2229	0.1763	0.2755	0.1818	0.2699	0.2848	0.1272	0.4363	0.3324
262	0.0732	0.3005	0.2615	0.1092	0.285	0.2229	0.1756	0.2757	0.1822	0.2706	0.2854	0.1275	0.4369	0.333
263	0.0722	0.3051	0.2629	0.1095	0.2856	0.2234	0.1765	0.276	0.1825	0.2708	0.2855	0.1274	0.4369	0.3329
264	0.0727	0.3073	0.263	0.1097	0.2858	0.2233	0.1757	0.2758	0.1824	0.2704	0.2855	0.1273	0.437	0.333
265	0.0727	0.3055	0.2622	0.1088	0.2852	0.2233	0.1752	0.2756	0.1823	0.2704	0.2853	0.1273	0.4366	0.3327
266	0.0728	0.3043	0.2624	0.1092	0.2854	0.223	0.1747	0.2754	0.1823	0.2701	0.2853	0.1271	0.4356	0.3324
267	0.0725	0.3035	0.261	0.1085	0.2842	0.2225	0.1749	0.2748	0.182	0.2694	0.2846	0.1273	0.4361	0.3323
268	0.072	0.3082	0.2616	0.1091	0.2843	0.2225	0.1749	0.2746	0.1821	0.2698	0.2846	0.1272	0.4356	0.332
269	0.0719	0.307	0.2611	0.109	0.2838	0.2217	0.1744	0.274	0.182	0.2696	0.2843	0.1274	0.4365	0.3321
270	0.0725	0.3068	0.2613	0.1095	0.284	0.2223	0.1752	0.2744	0.1818	0.2691	0.2841	0.1273	0.4366	0.3321
271	0.0719	0.3063	0.2614	0.1092	0.2837	0.2228	0.1763	0.2748	0.1817	0.2693	0.284	0.1272	0.4364	0.3319
272	0.0719	0.306	0.2618	0.1092	0.284	0.2213	0.1749	0.2736	0.1812	0.2687	0.2835	0.127	0.4361	0.3316
273	0.0712	0.3084	0.2618	0.1092	0.2841	0.2225	0.1755	0.2744	0.1812	0.2684	0.2834	0.127	0.4361	0.3316
274	0.0716	0.3075	0.2619	0.1092	0.2841	0.2228	0.1752	0.2744	0.1809	0.2679	0.283	0.127	0.4362	0.3315
275	0.071	0.3065	0.2607	0.1088	0.2832	0.2228	0.1756	0.2743	0.1806	0.268	0.2827	0.1268	0.4358	0.331
276	0.0711	0.3086	0.262	0.109	0.2844	0.2237	0.1759	0.2753	0.1809	0.2686	0.2834	0.1267	0.4356	0.3312
277	0.0708	0.3088	0.2611	0.1087	0.2837	0.2231	0.1758	0.2748	0.1813	0.2694	0.2836	0.1267	0.4356	0.3311
278	0.0712	0.3125	0.2605	0.1083	0.2829	0.2228	0.1758	0.2742	0.1811	0.2693	0.2831	0.1267	0.4354	0.3306
279	0.0703	0.3114	0.2605	0.1085	0.2827	0.2227	0.1754	0.274	0.1811	0.269	0.2831	0.1265	0.435	0.3304
280	0.0708	0.3107	0.2607	0.1085	0.2831	0.2226	0.1751	0.274	0.1808	0.2687	0.283	0.1264	0.4347	0.3305
281	0.0706	0.3104	0.2611	0.1091	0.2831	0.2223	0.1751	0.2737	0.1809	0.2693	0.2831	0.1264	0.4342	0.3303
282	0.0704	0.3098	0.2606	0.109	0.2824	0.2223	0.1753	0.2734	0.1806	0.2687	0.2826	0.1264	0.4344	0.3301
283	0.0709	0.3088	0.2599	0.1085	0.2821	0.2215	0.175	0.2731	0.1802	0.2678	0.2822	0.1263	0.4343	0.3301
284	0.0696	0.3141	0.2596	0.1082	0.2821	0.2221	0.1751	0.2736	0.1802	0.2676	0.2823	0.1264	0.4342	0.3302
285	0.0701	0.315	0.2607	0.1094	0.2825	0.222	0.1754	0.2732	0.1801	0.2678	0.282	0.1263	0.4342	0.3299
286	0.0694	0.3111	0.2596	0.1089	0.2817	0.2215	0.1751	0.2729	0.18	0.2674	0.2818	0.1263	0.4348	0.33
287	0.0701	0.3153	0.2605	0.1095	0.2822	0.2213	0.1747	0.2726	0.1799	0.2671	0.2816	0.1262	0.4341	0.3297
288	0.0697	0.3094	0.2607	0.1094	0.2824	0.2218	0.1748	0.273	0.1797	0.2669	0.2814	0.1262	0.4337	0.3294
289	0.0694	0.3131	0.2607	0.1093	0.2823	0.2212	0.1744	0.2725	0.1798	0.2663	0.2812	0.1262	0.434	0.3294
290	0.069	0.3175	0.2603	0.1091	0.282	0.2204	0.1738	0.2718	0.1794	0.266	0.2808	0.1262	0.434	0.3293
291	0.0695	0.3134	0.2608	0.1096	0.2827	0.2211	0.1746	0.2726	0.1796	0.2665	0.2813	0.126	0.4334	0.3293
292	0.0692	0.3157	0.2613	0.1099	0.2829	0.2208	0.1748	0.2726	0.1795	0.2668	0.2814	0.1261	0.4334	0.3294
293	0.0686	0.3138	0.2614	0.1103	0.2829	0.2204	0.1739	0.2721	0.1795	0.2666	0.2813	0.1259	0.4331	0.3292
294	0.0693	0.3132	0.2608	0.1096	0.2823	0.2208	0.1749	0.2723	0.1794	0.2666	0.2811	0.1259	0.4334	0.3291
295	0.0687	0.3143	0.2598	0.1093	0.2814	0.2206	0.1749	0.2719	0.1795	0.2668	0.281	0.1259	0.4334	0.3289
296	0.0687	0.3174	0.2611	0.1096	0.2829	0.221	0.1748	0.2727	0.1798	0.2674	0.2817	0.1259	0.4332	0.3293
297	0.0684	0.3174	0.2614	0.1097	0.2832	0.2215	0.1753	0.2732	0.1799	0.2679	0.282	0.126	0.4333	0.3294
298	0.0684	0.3162	0.2608	0.1094	0.2832	0.2217	0.1752	0.2735	0.1801	0.268	0.2823	0.1258	0.433	0.3295
299	0.068	0.3168	0.2612	0.1101	0.2832	0.2216	0.175	0.2731	0.1798	0.2676	0.2818	0.1257	0.4328	0.329
300	0.0681	0.3185	0.2605	0.1098	0.2826	0.221	0.1742	0.2724	0.1797	0.2673	0.2815	0.1255	0.4332	0.3288
301	0.0677	0.3138	0.2597	0.1091	0.2824	0.2206	0.1744	0.2725	0.1791	0.2669	0.2812	0.1255	0.4333	0.3289
302	0.0676	0.3182	0.2602	0.1095	0.2822	0.2208	0.174	0.2722	0.1791	0.2662	0.2808	0.1253	0.4326	0.3284
303	0.0681	0.3178	0.26	0.1094	0.2819	0.2207	0.1739	0.272	0.1791	0.2662	0.2807	0.1255	0.4332	0.3286
304	0.0677	0.3183	0.2589	0.1088	0.2811	0.2204	0.1742	0.2717	0.1788	0.2661	0.2804	0.1253	0.4322	0.328
305	0.0673	0.3169	0.259	0.1089	0.281	0.2205	0.1739	0.2717	0.1787	0.266	0.2802	0.1255	0.4327	0.3282
306	0.0675	0.3226	0.2581	0.1081	0.2801	0.2205	0.174	0.2715	0.1788	0.2666	0.2803	0.1256	0.4329	0.3281
307	0.0674	0.3192	0.2576	0.1082	0.2801	0.2197	0.1736	0.271	0.1789	0.2667	0.2803	0.1255	0.433	0.3282
308	0.0675	0.3176	0.2585	0.1078	0.2801	0.2199	0.1738	0.2708	0.1786	0.2667	0.2799	0.1254	0.4323	0.3276
309	0.0673	0.3198	0.2576	0.108	0.2795	0.2195	0.1738	0.2706	0.1786	0.2666	0.2799	0.1254	0.4323	0.3278
310	0.0668	0.3244	0.2586	0.1082	0.2799	0.2187	0.1735	0.2699	0.1782	0.2661	0.2793	0.1254	0.4325	0.3275
311	0.0671	0.3179	0.2593	0.109	0.2804	0.2187	0.1739	0.27	0.1779	0.2658	0.2791	0.1253	0.4325	0.3274
312	0.0666	0.3179	0.2585	0.1085	0.2799	0.2191	0.1737	0.2701	0.1781	0.2661	0.2793	0.1252	0.4323	0.3273
313	0.0666	0.3183	0.2586	0.1087	0.2798	0.2192	0.174	0.2702	0.1779	0.2656	0.279	0.1251	0.4316	0.327
314	0.0665	0.3184	0.2592	0.109	0.2803	0.2192	0.1737	0.2702	0.1782	0.2665	0.2794	0.1249	0.4309	0.3269
315	0.0664	0.325	0.2587	0.1089	0.2803	0.2193	0.1737	0.2706	0.1777	0.2655	0.2792	0.1252	0.4316	0.3274
316	0.0665	0.3238	0.2564	0.1077	0.2782	0.2198	0.1743	0.2705	0.1777	0.265	0.2787	0.1251	0.4315	0.327
317	0.0665	0.3251	0.2577	0.1082	0.2791	0.2195	0.1743	0.2704	0.1778	0.2652	0.2789	0.125	0.4317	0.3271
318	0.066	0.3202	0.2573	0.1085	0.279	0.2197	0.1742	0.2705	0.1778	0.2652	0.2789	0.1249	0.4314	0.3269
319	0.0661	0.3242	0.2572	0.108	0.2786	0.2193	0.1742	0.2701	0.1779	0.2655	0.2788	0.1249	0.4309	0.3266
320	0.0659	0.3227	0.2588	0.1086	0.2798	0.2189	0.1738	0.2699	0.1781	0.2655	0.279	0.1248	0.4306	0.3265
321	0.0657	0.3243	0.2592	0.1085	0.2798	0.2192	0.1739	0.27	0.1776	0.2649	0.2786	0.125	0.4306	0.3266
322	0.0664	0.3256	0.2582	0.108	0.2797	0.2194	0.1745	0.2706	0.1775	0.2654	0.2789	0.1249	0.4311	0.327
323	0.0656	0.325	0.2582	0.1085	0.2798	0.2192	0.1737	0.2703	0.1774	0.2653	0.2788	0.1249	0.4311	0.3269
324	0.0652	0.3245	0.2589	0.1089	0.2803	0.2191	0.1744	0.2704	0.1774	0.2651	0.2788	0.1247	0.4307	0.3268
325	0.0655	0.3246	0.2581	0.1084	0.2803	0.2195	0.1744	0.2709	0.1771	0.2649	0.2788	0.1247	0.4309	0.3269
326	0.0656	0.3269	0.2581	0.1083	0.2799	0.219	0.1741	0.2703	0.177	0.2649	0.2785	0.1246	0.4302	0.3264
327	0.0654	0.3279	0.2578	0.1083	0.2791	0.2189	0.174	0.2698	0.1771	0.265	0.2781	0.1245	0.4306	0.3261
328	0.0658	0.3261	0.2584	0.1084	0.2798	0.2189	0.1736	0.27	0.1774	0.2649	0.2785	0.1247	0.4309	0.3264
329	0.0656	0.3283	0.2588	0.1088	0.28	0.218	0.1733	0.2694	0.1771	0.2651	0.2783	0.1246	0.4311	0.3264
330	0.0656	0.3211	0.258	0.1086	0.2792	0.218	0.173	0.269	0.1768	0.264	0.2777	0.1244	0.4305	0.3259
331	0.0657	0.327	0.2588	0.1091	0.2792	0.2177	0.1729	0.2685	0.1769	0.2639	0.2775	0.1245	0.4307	0.3259
332	0.0656	0.3236	0.2585	0.109	0.2796	0.2182	0.1735	0.2693	0.1768	0.264	0.2778	0.1245	0.4302	0.326
333	0.0651	0.3333	0.2582	0.1085	0.279	0.2177	0.1728	0.2686	0.1766	0.2634	0.2773	0.1246	0.4309	0.3259
334	0.0649	0.3253	0.2582	0.1083	0.2794	0.2176	0.1726	0.2688	0.177	0.2643	0.2778	0.1245	0.4307	0.3259
335	0.0645	0.3295	0.258	0.108	0.2792	0.2167	0.172	0.2681	0.1768	0.2646	0.2777	0.1243	0.4302	0.3257
336	0.0644	0.3291	0.2579	0.1082	0.2795	0.2182	0.1733	0.2694	0.1763	0.2638	0.2775	0.1244	0.4305	0.326
337	0.0646	0.3331	0.2569	0.1079	0.2787	0.2182	0.1731	0.2693	0.1766	0.2646	0.2777	0.1244	0.4305	0.3259
338	0.0646	0.3272	0.256	0.1079	0.2782	0.2179	0.173	0.2691	0.1764	0.2645	0.2776	0.1244	0.4307	0.3259
339	0.0642	0.3292	0.255	0.1071	0.2773	0.2178	0.1729	0.2689	0.1763	0.2634	0.2772	0.1244	0.4305	0.3257
340	0.0645	0.3287	0.2564	0.1077	0.278	0.218	0.1728	0.269	0.1766	0.2638	0.2775	0.1243	0.4304	0.3257
341	0.064	0.3294	0.2576	0.1083	0.2794	0.218	0.1727	0.2694	0.1767	0.2641	0.2779	0.1243	0.4301	0.3258
342	0.0642	0.3275	0.2575	0.1082	0.279	0.2173	0.1721	0.2686	0.1762	0.2635	0.2771	0.1241	0.4298	0.3253
343	0.064	0.3298	0.2566	0.1078	0.2781	0.2176	0.1721	0.2684	0.1764	0.2638	0.2771	0.124	0.4293	0.325
344	0.0641	0.3286	0.2561	0.1075	0.2779	0.2178	0.1723	0.2687	0.1766	0.2639	0.2774	0.124	0.4291	0.3251
345	0.0639	0.3341	0.2553	0.1073	0.2776	0.2175	0.1725	0.2687	0.177	0.2644	0.2778	0.1239	0.4294	0.3253
346	0.0637	0.3323	0.2564	0.1076	0.2789	0.2174	0.1723	0.269	0.177	0.2648	0.2783	0.124	0.4294	0.3257
347	0.0636	0.3289	0.2563	0.1078	0.2785	0.2173	0.1723	0.2686	0.1766	0.2644	0.2777	0.1241	0.4299	0.3255
348	0.0639	0.3316	0.2573	0.108	0.2792	0.2172	0.172	0.2686	0.1762	0.2638	0.2774	0.1241	0.43	0.3255
349	0.0635	0.3299	0.2566	0.1075	0.2787	0.2172	0.1723	0.2687	0.176	0.2632	0.2771	0.124	0.4297	0.3253
350	0.0639	0.3283	0.2568	0.1077	0.2786	0.2167	0.1719	0.268	0.1761	0.2637	0.277	0.124	0.43	0.3252
351	0.0637	0.3331	0.2553	0.1077	0.2777	0.2165	0.172	0.2679	0.1759	0.2633	0.2768	0.1238	0.429	0.3248
352	0.0631	0.3363	0.255	0.1072	0.2778	0.217	0.1723	0.2684	0.1756	0.263	0.2766	0.1238	0.4293	0.3249
353	0.0638	0.33	0.2545	0.1067	0.2771	0.217	0.172	0.2682	0.1758	0.2631	0.2766	0.1237	0.4289	0.3247
354	0.0634	0.3309	0.2548	0.1068	0.2767	0.217	0.1729	0.2678	0.1758	0.2629	0.276	0.1236	0.4283	0.3239
355	0.0636	0.3271	0.2539	0.1068	0.2765	0.217	0.1721	0.2678	0.176	0.2633	0.2764	0.1237	0.429	0.3242
356	0.0628	0.3303	0.2541	0.1069	0.2766	0.2166	0.1723	0.2677	0.1757	0.2628	0.2762	0.1236	0.4288	0.3243
357	0.0629	0.3313	0.2529	0.1062	0.2758	0.2168	0.1721	0.2678	0.1759	0.2633	0.2765	0.1238	0.4295	0.3246
358	0.0636	0.3338	0.253	0.1066	0.2757	0.2167	0.1717	0.2674	0.1758	0.2635	0.2762	0.1237	0.4293	0.3242
359	0.0629	0.3335	0.2543	0.107	0.2763	0.2167	0.1719	0.2673	0.1757	0.264	0.2762	0.1238	0.4294	0.3243
360	0.0624	0.3388	0.2539	0.107	0.2763	0.2169	0.1722	0.2676	0.1754	0.2636	0.2761	0.1237	0.4291	0.3242
361	0.0631	0.3329	0.2538	0.1071	0.2761	0.2169	0.1727	0.2678	0.1755	0.2641	0.2763	0.1236	0.4285	0.3241
362	0.0629	0.3389	0.2547	0.1074	0.2764	0.2174	0.1731	0.2679	0.1753	0.2637	0.276	0.1236	0.4293	0.3242
363	0.0627	0.3365	0.2543	0.1073	0.2762	0.2173	0.1727	0.2678	0.1753	0.2633	0.2759	0.1235	0.4285	0.3239
364	0.063	0.3356	0.2546	0.1076	0.2766	0.2169	0.1721	0.2675	0.1749	0.2627	0.2755	0.1234	0.4278	0.3236
365	0.0627	0.3351	0.2539	0.1071	0.2758	0.2169	0.1721	0.2673	0.1752	0.2631	0.2756	0.1233	0.4276	0.3233
366	0.0625	0.3349	0.2533	0.1066	0.2755	0.2166	0.1718	0.2671	0.1748	0.2626	0.2753	0.1232	0.4272	0.3233
367	0.0621	0.3356	0.2538	0.1068	0.2761	0.2167	0.1723	0.2675	0.175	0.2628	0.2756	0.1231	0.4264	0.3232
368	0.0623	0.3373	0.2541	0.107	0.2761	0.2164	0.1717	0.2671	0.1746	0.2625	0.2753	0.1232	0.4272	0.3233
369	0.0621	0.3384	0.2538	0.1068	0.276	0.2165	0.1722	0.2673	0.1748	0.2628	0.2755	0.1232	0.4263	0.3232
370	0.0627	0.3392	0.2527	0.1068	0.2756	0.2161	0.1719	0.2671	0.1751	0.2633	0.2758	0.1233	0.4272	0.3234
371	0.0619	0.3353	0.2531	0.1068	0.2758	0.2164	0.1724	0.2674	0.1749	0.2634	0.2757	0.1232	0.4269	0.3234
372	0.062	0.3363	0.2544	0.1072	0.277	0.2162	0.1724	0.2675	0.1747	0.2625	0.2756	0.1231	0.4271	0.3235
373	0.0617	0.3329	0.2552	0.108	0.2777	0.216	0.1719	0.2674	0.1745	0.2618	0.2754	0.1231	0.4273	0.3237
374	0.062	0.3397	0.2539	0.1074	0.2769	0.2158	0.1723	0.2674	0.1748	0.2628	0.2758	0.123	0.4265	0.3234
375	0.0617	0.3341	0.2541	0.1073	0.2769	0.2162	0.1719	0.2674	0.1746	0.2624	0.2756	0.1231	0.4267	0.3234
376	0.0616	0.335	0.2533	0.1075	0.2765	0.2161	0.1716	0.2673	0.1746	0.2623	0.2756	0.1232	0.4267	0.3236
377	0.0615	0.3406	0.2533	0.107	0.2766	0.2162	0.1715	0.2675	0.1745	0.2618	0.2755	0.1231	0.4265	0.3234
378	0.0614	0.3429	0.2526	0.1071	0.2761	0.2162	0.1718	0.2674	0.1742	0.2613	0.2751	0.1231	0.4266	0.3233
379	0.0619	0.3402	0.253	0.1069	0.2762	0.2161	0.172	0.2673	0.1741	0.2611	0.2749	0.123	0.4263	0.3232
380	0.0614	0.3425	0.253	0.1075	0.2769	0.2165	0.1722	0.2681	0.1743	0.2613	0.2755	0.1231	0.4264	0.3237
381	0.0613	0.3411	0.2521	0.1071	0.2757	0.216	0.172	0.2673	0.1742	0.2613	0.275	0.1231	0.4267	0.3233
382	0.0613	0.3411	0.2517	0.1068	0.2753	0.2158	0.1718	0.2671	0.1741	0.2613	0.2749	0.1229	0.4257	0.323
383	0.0611	0.341	0.2514	0.1067	0.2748	0.2154	0.1712	0.2664	0.1739	0.2612	0.2745	0.1227	0.4256	0.3225
384	0.0615	0.3438	0.2512	0.1068	0.2747	0.2145	0.1704	0.2658	0.1735	0.2608	0.2742	0.1226	0.4252	0.3224
385	0.0614	0.3427	0.2514	0.107	0.2747	0.2151	0.1712	0.2661	0.1738	0.261	0.2744	0.1226	0.4252	0.3223
386	0.0611	0.3393	0.2505	0.1063	0.2737	0.2149	0.1708	0.2656	0.1735	0.2611	0.2739	0.1226	0.4254	0.3221
387	0.061	0.3446	0.2509	0.1068	0.2741	0.215	0.1713	0.2658	0.1732	0.261	0.2738	0.1225	0.4256	0.3221
388	0.0611	0.3459	0.2495	0.1059	0.2729	0.2139	0.1704	0.2648	0.1734	0.2616	0.2738	0.1225	0.4257	0.3218
389	0.0607	0.3414	0.2509	0.1063	0.2745	0.2139	0.1703	0.2653	0.1735	0.2613	0.2741	0.1225	0.4252	0.322
390	0.0608	0.3423	0.2514	0.106	0.2744	0.2143	0.1706	0.2654	0.1737	0.2615	0.2742	0.1225	0.4254	0.322
391	0.0606	0.3422	0.2509	0.106	0.2736	0.215	0.1717	0.2657	0.1738	0.2613	0.274	0.1224	0.4255	0.3217
392	0.0606	0.3424	0.2506	0.1059	0.2732	0.2143	0.1708	0.2648	0.1736	0.2614	0.2735	0.1224	0.4256	0.3214
393	0.0609	0.3429	0.2503	0.1059	0.2729	0.2144	0.1705	0.2647	0.1732	0.2607	0.2732	0.1225	0.4255	0.3215
394	0.0607	0.3425	0.2505	0.1059	0.2732	0.2142	0.1702	0.2648	0.1733	0.261	0.2734	0.1225	0.4257	0.3216
395	0.0602	0.3419	0.2503	0.1057	0.2729	0.2143	0.1705	0.2648	0.1731	0.2607	0.2733	0.1224	0.4254	0.3215
396	0.0605	0.3379	0.2517	0.1069	0.2738	0.2147	0.1709	0.265	0.1735	0.2614	0.2735	0.1224	0.4252	0.3213
397	0.0602	0.3421	0.2511	0.1067	0.2737	0.2138	0.1705	0.2647	0.1733	0.2613	0.2736	0.1223	0.4247	0.3214
398	0.0604	0.3454	0.2496	0.1057	0.2723	0.2138	0.1702	0.2643	0.1729	0.2607	0.273	0.1221	0.4245	0.321
399	0.0597	0.3436	0.2499	0.1056	0.273	0.2138	0.1709	0.2649	0.1732	0.2612	0.2736	0.1223	0.4249	0.3215
400	0.0603	0.3441	0.2498	0.1052	0.2731	0.2136	0.1704	0.2647	0.173	0.2608	0.2733	0.1223	0.4248	0.3213
401	0.0601	0.3413	0.2507	0.1054	0.274	0.2138	0.1702	0.2652	0.1731	0.2617	0.2739	0.1222	0.4247	0.3216
402	0.0607	0.3478	0.2513	0.106	0.2751	0.2141	0.1698	0.2657	0.1732	0.2614	0.2743	0.1221	0.4243	0.3217
403	0.0606	0.3432	0.2523	0.1062	0.2752	0.2141	0.1704	0.2654	0.1734	0.2619	0.2742	0.1221	0.4245	0.3216
404	0.0601	0.345	0.2508	0.1062	0.274	0.2145	0.1706	0.2655	0.1735	0.2617	0.2741	0.1221	0.4249	0.3215
405	0.0603	0.345	0.2509	0.1058	0.2737	0.2145	0.1704	0.2654	0.1731	0.2617	0.2737	0.122	0.4244	0.3211
406	0.0605	0.3502	0.2509	0.106	0.2741	0.2147	0.1709	0.2659	0.1735	0.2626	0.2745	0.122	0.4245	0.3216
407	0.0598	0.3452	0.2505	0.1056	0.2735	0.215	0.1716	0.266	0.1733	0.2621	0.274	0.122	0.4246	0.3214
408	0.0602	0.3457	0.251	0.1058	0.2739	0.2147	0.1712	0.2657	0.1729	0.262	0.2739	0.122	0.4243	0.3214
409	0.0604	0.3471	0.2501	0.1058	0.2733	0.2142	0.1709	0.2653	0.1728	0.2614	0.2736	0.1219	0.4241	0.3212
410	0.0598	0.3474	0.251	0.1057	0.274	0.2141	0.1712	0.2653	0.1727	0.2616	0.2737	0.122	0.4243	0.3214
411	0.0601	0.3462	0.251	0.1057	0.2734	0.2139	0.1709	0.2648	0.1726	0.2616	0.2734	0.1218	0.4236	0.3209
412	0.0601	0.346	0.2516	0.1059	0.2739	0.214	0.1708	0.2649	0.1724	0.2613	0.2732	0.1218	0.4238	0.3209
413	0.0598	0.3498	0.2521	0.1063	0.2751	0.2134	0.1703	0.265	0.1721	0.2604	0.2732	0.1218	0.4236	0.3212
414	0.0598	0.3451	0.2515	0.106	0.2739	0.2131	0.1702	0.2642	0.1721	0.2605	0.2727	0.1217	0.4237	0.3207
415	0.0598	0.3489	0.2517	0.1063	0.2745	0.213	0.1699	0.2644	0.1724	0.2615	0.2733	0.1218	0.4241	0.3209
416	0.0597	0.3481	0.2511	0.1059	0.2743	0.2132	0.1703	0.2648	0.1721	0.2612	0.2733	0.1218	0.4243	0.3212
417	0.0594	0.3474	0.2514	0.1058	0.2746	0.2132	0.17	0.2648	0.1723	0.2613	0.2734	0.1216	0.4236	0.3209
418	0.0598	0.3529	0.2505	0.1055	0.2739	0.2132	0.1706	0.2648	0.1723	0.2616	0.2735	0.1215	0.4233	0.3208
419	0.0592	0.3479	0.2511	0.1053	0.2745	0.2128	0.1704	0.2647	0.1723	0.261	0.2735	0.1215	0.4233	0.3209
420	0.0592	0.3489	0.2513	0.1057	0.2748	0.2127	0.1701	0.2648	0.1722	0.261	0.2735	0.1215	0.4235	0.321
421	0.0595	0.3501	0.2497	0.105	0.2733	0.2127	0.1698	0.2645	0.1725	0.2612	0.2735	0.1215	0.4237	0.3209
422	0.0594	0.3511	0.2486	0.1049	0.2722	0.2123	0.1698	0.2639	0.1724	0.2609	0.2731	0.1213	0.4229	0.3203
423	0.0596	0.3495	0.2499	0.1058	0.2725	0.2121	0.1697	0.2634	0.1722	0.2608	0.2726	0.1212	0.4228	0.3199
424	0.0593	0.3486	0.2498	0.1055	0.2724	0.2122	0.17	0.2634	0.1718	0.2603	0.2722	0.1212	0.4224	0.3196
425	0.0592	0.3534	0.2503	0.1054	0.273	0.2118	0.1696	0.2633	0.1721	0.2605	0.2726	0.1213	0.4226	0.32
426	0.0586	0.3502	0.2507	0.1054	0.2729	0.2118	0.1694	0.2631	0.1719	0.2601	0.2723	0.1212	0.4232	0.3199
427	0.0592	0.3488	0.2495	0.1053	0.2719	0.2125	0.1697	0.2632	0.1716	0.2598	0.2718	0.1212	0.4229	0.3196
428	0.0589	0.3511	0.2501	0.1053	0.2726	0.2125	0.1699	0.2636	0.1715	0.2592	0.2719	0.1212	0.4233	0.3198
429	0.0595	0.3563	0.2509	0.1056	0.2734	0.2126	0.1694	0.2637	0.1717	0.2596	0.2721	0.1213	0.4234	0.3199
430	0.0587	0.3525	0.2496	0.1048	0.2731	0.2128	0.1697	0.2642	0.1709	0.2591	0.2718	0.121	0.4221	0.3197
431	0.0585	0.3497	0.2506	0.1053	0.2738	0.2124	0.1698	0.2641	0.1713	0.2598	0.2724	0.1211	0.4224	0.32
432	0.0585	0.3512	0.2497	0.1049	0.2732	0.2119	0.1695	0.2638	0.1716	0.26	0.2725	0.1211	0.4221	0.3199
433	0.0589	0.3511	0.2498	0.1051	0.2731	0.2117	0.1691	0.2634	0.1714	0.2598	0.2723	0.121	0.4216	0.3196
434	0.0587	0.3433	0.2502	0.1052	0.2729	0.2119	0.1694	0.2632	0.1713	0.2601	0.2719	0.1211	0.4222	0.3193
435	0.0586	0.3563	0.25	0.1056	0.2732	0.2119	0.1698	0.2636	0.1712	0.2597	0.272	0.1208	0.4216	0.3193
436	0.0592	0.3544	0.2491	0.105	0.2725	0.2109	0.1681	0.2626	0.1711	0.2593	0.2716	0.1207	0.4216	0.3191
437	0.0585	0.3535	0.2491	0.1053	0.2725	0.2112	0.1684	0.2628	0.1711	0.2593	0.2717	0.1208	0.4218	0.3191
438	0.0588	0.355	0.2501	0.1051	0.2734	0.2112	0.1689	0.2631	0.1711	0.2596	0.2719	0.1207	0.4215	0.3192
439	0.0583	0.3525	0.2501	0.1048	0.2729	0.2115	0.1688	0.263	0.171	0.259	0.2715	0.1209	0.4216	0.3191
440	0.0582	0.3521	0.2495	0.1047	0.272	0.2109	0.1685	0.2622	0.1711	0.2588	0.2711	0.1207	0.4211	0.3184
441	0.0585	0.355	0.2493	0.1049	0.2719	0.2106	0.1683	0.2619	0.1709	0.2588	0.271	0.1208	0.4213	0.3186
442	0.0586	0.3543	0.2488	0.1045	0.2716	0.2104	0.1684	0.2618	0.1711	0.259	0.2712	0.1208	0.4211	0.3186
443	0.0581	0.355	0.2487	0.1047	0.271	0.2102	0.1685	0.2612	0.1705	0.2584	0.2703	0.1207	0.4209	0.3181
444	0.0584	0.3562	0.2486	0.1046	0.2707	0.2108	0.1684	0.2615	0.1706	0.2581	0.2701	0.1206	0.4207	0.3178
445	0.0583	0.3551	0.2484	0.1042	0.2704	0.2101	0.1681	0.261	0.1705	0.2582	0.27	0.1207	0.4204	0.3177
446	0.0585	0.3582	0.2493	0.1043	0.2711	0.2102	0.1685	0.2612	0.1707	0.2585	0.2703	0.1206	0.4209	0.3179
447	0.0582	0.3534	0.2489	0.1047	0.2713	0.2095	0.168	0.261	0.1707	0.2583	0.2705	0.1205	0.4209	0.318
448	0.0579	0.3551	0.2486	0.1045	0.271	0.2099	0.1686	0.2613	0.1709	0.2586	0.2706	0.1204	0.4209	0.3179
449	0.0579	0.3506	0.2484	0.1047	0.2712	0.2103	0.1691	0.2618	0.1707	0.2587	0.2706	0.1205	0.4209	0.318
450	0.058	0.3582	0.2487	0.1049	0.2713	0.2108	0.1693	0.262	0.1708	0.2588	0.2707	0.1204	0.4208	0.3179
451	0.058	0.3548	0.2488	0.1043	0.271	0.2105	0.1686	0.2614	0.1709	0.2585	0.2703	0.1205	0.4213	0.3178
452	0.0581	0.3556	0.2476	0.1043	0.2701	0.2105	0.1689	0.2612	0.1708	0.2583	0.27	0.1205	0.4205	0.3173
453	0.0575	0.3541	0.2489	0.1049	0.2707	0.2103	0.1684	0.2609	0.1708	0.2581	0.2698	0.1205	0.4206	0.3173
454	0.058	0.3596	0.2485	0.105	0.271	0.2096	0.1683	0.2609	0.1709	0.2581	0.2702	0.1205	0.4206	0.3176
455	0.0578	0.3544	0.2479	0.1049	0.2707	0.2103	0.1686	0.2613	0.1706	0.2576	0.27	0.1206	0.4204	0.3176
456	0.0577	0.3584	0.2487	0.1056	0.271	0.2105	0.1686	0.2615	0.1707	0.2577	0.27	0.1204	0.4199	0.3174
457	0.0583	0.3593	0.2483	0.105	0.2706	0.2109	0.1691	0.2616	0.1707	0.2582	0.27	0.1204	0.4206	0.3174
458	0.0575	0.355	0.248	0.1046	0.2703	0.2106	0.1688	0.2612	0.1706	0.2586	0.2699	0.1204	0.4203	0.3172
459	0.058	0.3614	0.248	0.1045	0.2707	0.2107	0.1689	0.2616	0.1706	0.2581	0.27	0.1203	0.4202	0.3173
460	0.0575	0.3583	0.2484	0.1048	0.2705	0.2109	0.1687	0.2615	0.1707	0.2582	0.27	0.1203	0.4199	0.3171
461	0.0572	0.353	0.2488	0.1048	0.2711	0.2107	0.1688	0.2616	0.1705	0.2577	0.2699	0.1202	0.4199	0.3171
462	0.0581	0.36	0.2491	0.1053	0.2714	0.2112	0.169	0.262	0.1703	0.2579	0.2699	0.1201	0.4193	0.317
463	0.0576	0.3644	0.2496	0.105	0.2714	0.2109	0.1689	0.2617	0.1702	0.2568	0.2696	0.1202	0.4201	0.3171
464	0.0572	0.3583	0.2484	0.105	0.2706	0.2112	0.1694	0.2618	0.1702	0.2564	0.2694	0.1203	0.42	0.3172
465	0.0577	0.3587	0.2476	0.1048	0.2701	0.2106	0.1691	0.2614	0.17	0.2572	0.2695	0.12	0.4195	0.3169
466	0.0578	0.3579	0.2469	0.1042	0.2695	0.2104	0.1687	0.2611	0.1701	0.2578	0.2695	0.1201	0.4193	0.3167
467	0.0574	0.3587	0.2476	0.1044	0.2699	0.2101	0.1683	0.2608	0.1702	0.2575	0.2694	0.1201	0.4195	0.3168
468	0.0575	0.3549	0.2476	0.1048	0.2701	0.2093	0.1676	0.2604	0.1698	0.2566	0.2691	0.1201	0.4193	0.3168
469	0.0577	0.3603	0.248	0.1049	0.2705	0.2096	0.1679	0.2608	0.1705	0.2572	0.2697	0.1201	0.4188	0.3168
470	0.0574	0.3571	0.2477	0.1046	0.27	0.2104	0.1684	0.2611	0.1704	0.2572	0.2695	0.12	0.4196	0.3168
471	0.0573	0.3545	0.2469	0.1046	0.2693	0.2107	0.1686	0.2613	0.1704	0.2564	0.2694	0.12	0.4191	0.3167
472	0.0576	0.3613	0.2466	0.1044	0.269	0.2107	0.1686	0.2611	0.1703	0.2562	0.2691	0.1199	0.4188	0.3163
473	0.0572	0.3573	0.2466	0.1039	0.269	0.2097	0.1679	0.2604	0.17	0.2559	0.2689	0.12	0.4186	0.3164
474	0.0576	0.3583	0.2457	0.104	0.2687	0.2096	0.1678	0.2604	0.1696	0.2561	0.2687	0.1198	0.4184	0.3162
475	0.0575	0.3572	0.2469	0.1045	0.2691	0.2098	0.1677	0.2604	0.1697	0.2565	0.2688	0.12	0.4191	0.3164
476	0.0574	0.3588	0.2469	0.1049	0.2694	0.2097	0.168	0.2606	0.1695	0.2556	0.2686	0.12	0.4191	0.3165
477	0.0572	0.3566	0.2473	0.1051	0.2699	0.2097	0.168	0.2607	0.1697	0.2557	0.2689	0.1199	0.4192	0.3166
478	0.0569	0.3619	0.2475	0.1055	0.2699	0.21	0.1681	0.2609	0.1697	0.2561	0.2689	0.12	0.4196	0.3168
479	0.0567	0.3547	0.2475	0.1054	0.2697	0.2096	0.1678	0.2604	0.1698	0.2558	0.2687	0.1199	0.419	0.3164
480	0.057	0.3632	0.2461	0.1045	0.2689	0.2098	0.1677	0.2605	0.1697	0.2562	0.2688	0.1197	0.4182	0.3162
481	0.0575	0.3654	0.2453	0.1048	0.2684	0.2096	0.1676	0.2603	0.1698	0.2558	0.2686	0.1198	0.4185	0.316
482	0.0566	0.3606	0.2462	0.1051	0.2693	0.2103	0.1685	0.2611	0.1695	0.2559	0.2687	0.1197	0.4181	0.3161
483	0.0573	0.3681	0.2471	0.1052	0.27	0.2098	0.168	0.2608	0.1692	0.2561	0.2687	0.1197	0.4183	0.3163
484	0.057	0.3593	0.2475	0.1054	0.2703	0.2099	0.1681	0.261	0.1694	0.256	0.2689	0.1197	0.4184	0.3163
485	0.057	0.3609	0.2478	0.1058	0.2701	0.2097	0.168	0.2605	0.1693	0.2554	0.2684	0.1196	0.4179	0.3159
486	0.0568	0.3583	0.2462	0.1048	0.2686	0.2095	0.1677	0.26	0.1694	0.2562	0.2683	0.1197	0.418	0.3158
487	0.0572	0.368	0.2461	0.1049	0.2684	0.2096	0.1675	0.2598	0.1693	0.2563	0.2682	0.1195	0.4173	0.3154
488	0.0568	0.3584	0.2458	0.105	0.2683	0.2086	0.1669	0.2594	0.1688	0.2552	0.2678	0.1194	0.4175	0.3155
489	0.0568	0.3621	0.2463	0.1055	0.2685	0.2089	0.1673	0.2595	0.169	0.2556	0.268	0.1195	0.4177	0.3156
490	0.0563	0.3687	0.247	0.1059	0.2689	0.2089	0.167	0.2594	0.1689	0.2558	0.2679	0.1195	0.4174	0.3154
491	0.0567	0.3673	0.2465	0.1057	0.2689	0.209	0.1671	0.2597	0.1688	0.2555	0.2679	0.1193	0.4171	0.3155
492	0.0567	0.364	0.2447	0.1043	0.2674	0.2093	0.1677	0.2597	0.1691	0.2559	0.2679	0.1194	0.4176	0.3154
493	0.0564	0.3671	0.2457	0.105	0.2676	0.2094	0.1676	0.2595	0.1686	0.2548	0.2672	0.1194	0.4178	0.3152
494	0.0567	0.3586	0.2466	0.1049	0.268	0.2092	0.1674	0.2592	0.1686	0.2554	0.2672	0.1193	0.4175	0.3149
495	0.0566	0.366	0.2453	0.1044	0.2673	0.2087	0.1675	0.259	0.1681	0.2548	0.2668	0.1193	0.417	0.3148
496	0.0567	0.3609	0.2457	0.1044	0.2672	0.2084	0.167	0.2585	0.1681	0.2545	0.2666	0.1191	0.4168	0.3145
497	0.0564	0.3587	0.2449	0.1044	0.2667	0.2086	0.1671	0.2586	0.168	0.2547	0.2664	0.1191	0.4168	0.3143
498	0.0563	0.3618	0.246	0.1047	0.2677	0.2088	0.1672	0.2589	0.1683	0.255	0.2668	0.1191	0.417	0.3145
499	0.0562	0.3644	0.2462	0.1047	0.2677	0.2082	0.1665	0.2583	0.168	0.2552	0.2666	0.1191	0.4172	0.3144
500	0.056	0.3687	0.2457	0.1044	0.2671	0.2079	0.1669	0.2581	0.168	0.2554	0.2666	0.1191	0.4174	0.3143
