{"n_layers": 0, "device": "cuda", "batch_size": 2048, "embedding_dim": 64, "learning_rate": 0.001, "dataset": "dbbook", "epochs": 150, "top_k": 5, "multimodal": true, "datasets": {"dbbook": ["images", "text"], "ml1m": ["audio", "images", "text", "video"]}}
Epoch	Loss	Recall	Precision	NDCG
1	0.6931	0.0009	0.0014	0.0014
2	0.6918	0.0020	0.0025	0.0028
3	0.6906	0.0038	0.0047	0.0057
4	0.6891	0.0087	0.0107	0.0130
5	0.6871	0.0149	0.0191	0.0229
6	0.6845	0.0201	0.0267	0.0319
7	0.6810	0.0258	0.0343	0.0403
8	0.6765	0.0289	0.0388	0.0453
9	0.6707	0.0308	0.0419	0.0489
10	0.6634	0.0324	0.0449	0.0522
11	0.6544	0.0329	0.0458	0.0535
12	0.6438	0.0347	0.0478	0.0554
13	0.6312	0.0363	0.0490	0.0568
14	0.6169	0.0369	0.0503	0.0578
15	0.6010	0.0379	0.0516	0.0595
16	0.5838	0.0386	0.0522	0.0607
17	0.5650	0.0391	0.0529	0.0612
18	0.5456	0.0391	0.0526	0.0611
19	0.5260	0.0395	0.0532	0.0619
20	0.5058	0.0396	0.0532	0.0618
21	0.4862	0.0394	0.0531	0.0618
22	0.4669	0.0396	0.0531	0.0621
23	0.4481	0.0402	0.0535	0.0624
24	0.4295	0.0403	0.0538	0.0628
25	0.4118	0.0403	0.0534	0.0628
26	0.3950	0.0405	0.0538	0.0628
27	0.3784	0.0408	0.0541	0.0630
28	0.3645	0.0410	0.0543	0.0632
29	0.3505	0.0411	0.0541	0.0634
30	0.3376	0.0414	0.0544	0.0635
31	0.3258	0.0411	0.0541	0.0633
32	0.3134	0.0413	0.0545	0.0636
33	0.3023	0.0416	0.0549	0.0640
34	0.2921	0.0418	0.0552	0.0643
35	0.2818	0.0421	0.0553	0.0642
36	0.2725	0.0422	0.0554	0.0642
37	0.2637	0.0425	0.0561	0.0648
38	0.2551	0.0425	0.0561	0.0648
39	0.2475	0.0426	0.0563	0.0649
40	0.2398	0.0428	0.0566	0.0651
41	0.2328	0.0431	0.0569	0.0656
42	0.2246	0.0430	0.0567	0.0653
43	0.2204	0.0430	0.0566	0.0653
44	0.2134	0.0429	0.0566	0.0653
45	0.2087	0.0431	0.0568	0.0657
46	0.2008	0.0428	0.0564	0.0654
47	0.1959	0.0431	0.0568	0.0657
48	0.1914	0.0432	0.0569	0.0660
49	0.1856	0.0430	0.0568	0.0659
50	0.1802	0.0431	0.0569	0.0661
51	0.1759	0.0428	0.0568	0.0659
52	0.1716	0.0432	0.0571	0.0660
53	0.1668	0.0432	0.0570	0.0661
54	0.1630	0.0431	0.0567	0.0659
55	0.1595	0.0432	0.0570	0.0661
56	0.1555	0.0435	0.0572	0.0662
57	0.1520	0.0436	0.0571	0.0662
58	0.1475	0.0436	0.0570	0.0663
59	0.1450	0.0441	0.0574	0.0665
60	0.1417	0.0440	0.0575	0.0665
61	0.1391	0.0443	0.0575	0.0666
62	0.1353	0.0440	0.0573	0.0665
63	0.1303	0.0441	0.0574	0.0667
64	0.1270	0.0442	0.0575	0.0668
65	0.1256	0.0442	0.0574	0.0667
66	0.1225	0.0446	0.0579	0.0670
67	0.1198	0.0448	0.0582	0.0673
68	0.1170	0.0448	0.0581	0.0670
69	0.1149	0.0448	0.0580	0.0668
70	0.1153	0.0448	0.0580	0.0669
71	0.1092	0.0449	0.0582	0.0670
72	0.1091	0.0447	0.0580	0.0669
73	0.1058	0.0449	0.0580	0.0671
74	0.1016	0.0448	0.0579	0.0671
75	0.1020	0.0448	0.0579	0.0671
76	0.0976	0.0451	0.0584	0.0673
77	0.0971	0.0451	0.0585	0.0675
78	0.0958	0.0446	0.0580	0.0672
79	0.0937	0.0446	0.0581	0.0671
80	0.0918	0.0448	0.0583	0.0674
81	0.0895	0.0451	0.0587	0.0677
82	0.0893	0.0453	0.0590	0.0677
83	0.0871	0.0457	0.0591	0.0679
84	0.0858	0.0456	0.0591	0.0679
85	0.0821	0.0460	0.0593	0.0681
86	0.0822	0.0458	0.0591	0.0681
87	0.0802	0.0459	0.0593	0.0683
88	0.0795	0.0460	0.0595	0.0685
89	0.0782	0.0461	0.0595	0.0686
90	0.0755	0.0461	0.0595	0.0688
91	0.0744	0.0459	0.0593	0.0686
92	0.0751	0.0460	0.0592	0.0685
93	0.0722	0.0458	0.0591	0.0684
94	0.0713	0.0461	0.0595	0.0687
95	0.0696	0.0463	0.0598	0.0690
96	0.0685	0.0465	0.0600	0.0692
97	0.0659	0.0466	0.0602	0.0694
98	0.0659	0.0467	0.0603	0.0694
99	0.0649	0.0468	0.0605	0.0698
100	0.0644	0.0469	0.0607	0.0698
101	0.0644	0.0468	0.0606	0.0698
102	0.0623	0.0468	0.0605	0.0699
103	0.0612	0.0469	0.0604	0.0699
104	0.0613	0.0470	0.0606	0.0700
105	0.0601	0.0472	0.0608	0.0703
106	0.0588	0.0473	0.0611	0.0706
107	0.0561	0.0473	0.0611	0.0707
108	0.0559	0.0474	0.0612	0.0709
109	0.0563	0.0472	0.0609	0.0706
110	0.0548	0.0471	0.0609	0.0705
111	0.0548	0.0473	0.0612	0.0709
112	0.0521	0.0474	0.0613	0.0708
113	0.0522	0.0475	0.0615	0.0709
114	0.0513	0.0474	0.0614	0.0709
115	0.0501	0.0475	0.0616	0.0711
116	0.0500	0.0473	0.0612	0.0709
117	0.0486	0.0473	0.0612	0.0711
118	0.0486	0.0474	0.0614	0.0711
119	0.0476	0.0475	0.0615	0.0712
120	0.0468	0.0474	0.0613	0.0711
121	0.0472	0.0475	0.0616	0.0713
122	0.0456	0.0474	0.0615	0.0712
123	0.0452	0.0473	0.0613	0.0710
124	0.0449	0.0474	0.0614	0.0712
125	0.0439	0.0475	0.0616	0.0715
126	0.0437	0.0476	0.0616	0.0716
127	0.0439	0.0476	0.0617	0.0718
128	0.0425	0.0475	0.0617	0.0718
129	0.0417	0.0477	0.0621	0.0718
130	0.0412	0.0479	0.0621	0.0718
131	0.0409	0.0479	0.0622	0.0718
132	0.0398	0.0481	0.0625	0.0720
133	0.0398	0.0481	0.0626	0.0721
134	0.0400	0.0482	0.0628	0.0723
135	0.0396	0.0482	0.0627	0.0721
136	0.0388	0.0483	0.0629	0.0723
137	0.0390	0.0482	0.0628	0.0723
138	0.0376	0.0481	0.0627	0.0722
139	0.0370	0.0482	0.0628	0.0723
140	0.0369	0.0484	0.0630	0.0724
141	0.0360	0.0486	0.0632	0.0725
142	0.0357	0.0486	0.0630	0.0725
143	0.0352	0.0484	0.0628	0.0721
144	0.0355	0.0484	0.0629	0.0723
145	0.0350	0.0486	0.0632	0.0727
146	0.0348	0.0484	0.0629	0.0725
147	0.0345	0.0484	0.0630	0.0726
148	0.0334	0.0485	0.0630	0.0726
149	0.0330	0.0486	0.0631	0.0727
150	0.0330	0.0486	0.0631	0.0728
