{"n_layers": 1, "device": "cuda", "batch_size": 2048, "embedding_dim": 512, "learning_rate": 0.0005, "dataset": "dbbook", "epochs": 150, "top_k": 5, "multimodal": false, "datasets": {"dbbook": ["images", "text"], "ml1m": ["audio", "images", "text", "video"]}}
Epoch	Loss	Recall	Precision	NDCG
1	0.6900	0.0072	0.0096	0.0120
2	0.6865	0.0219	0.0293	0.0326
3	0.6801	0.0280	0.0369	0.0387
4	0.6679	0.0284	0.0367	0.0381
5	0.6460	0.0273	0.0356	0.0365
6	0.6121	0.0262	0.0347	0.0351
7	0.5671	0.0256	0.0344	0.0345
8	0.5158	0.0256	0.0342	0.0343
9	0.4642	0.0252	0.0341	0.0342
10	0.4164	0.0251	0.0341	0.0344
11	0.3757	0.0250	0.0344	0.0347
12	0.3399	0.0257	0.0349	0.0355
13	0.3106	0.0260	0.0354	0.0359
14	0.2856	0.0262	0.0355	0.0362
15	0.2642	0.0270	0.0362	0.0372
16	0.2457	0.0274	0.0367	0.0375
17	0.2269	0.0278	0.0373	0.0380
18	0.2125	0.0280	0.0377	0.0389
19	0.1999	0.0287	0.0383	0.0397
20	0.1862	0.0294	0.0391	0.0405
21	0.1741	0.0300	0.0399	0.0412
22	0.1645	0.0303	0.0402	0.0417
23	0.1573	0.0308	0.0408	0.0427
24	0.1452	0.0311	0.0414	0.0436
25	0.1392	0.0319	0.0421	0.0446
26	0.1306	0.0326	0.0430	0.0456
27	0.1236	0.0330	0.0436	0.0462
28	0.1196	0.0338	0.0442	0.0471
29	0.1107	0.0347	0.0449	0.0478
30	0.1057	0.0349	0.0451	0.0482
31	0.0993	0.0354	0.0457	0.0488
32	0.0970	0.0357	0.0460	0.0492
33	0.0924	0.0362	0.0463	0.0497
34	0.0865	0.0362	0.0465	0.0502
35	0.0824	0.0367	0.0470	0.0509
36	0.0810	0.0370	0.0475	0.0514
37	0.0763	0.0373	0.0480	0.0519
38	0.0756	0.0377	0.0486	0.0527
39	0.0729	0.0380	0.0491	0.0534
40	0.0679	0.0383	0.0495	0.0540
41	0.0668	0.0386	0.0499	0.0545
42	0.0619	0.0384	0.0501	0.0548
43	0.0621	0.0386	0.0504	0.0551
44	0.0593	0.0387	0.0505	0.0554
45	0.0590	0.0392	0.0509	0.0558
46	0.0547	0.0394	0.0510	0.0561
47	0.0537	0.0396	0.0514	0.0565
48	0.0530	0.0397	0.0514	0.0566
49	0.0502	0.0396	0.0512	0.0566
50	0.0471	0.0400	0.0516	0.0572
51	0.0458	0.0406	0.0523	0.0577
52	0.0440	0.0406	0.0523	0.0578
53	0.0433	0.0408	0.0528	0.0581
54	0.0421	0.0413	0.0534	0.0587
55	0.0412	0.0415	0.0537	0.0591
56	0.0400	0.0415	0.0538	0.0594
57	0.0391	0.0416	0.0538	0.0595
58	0.0372	0.0416	0.0540	0.0598
59	0.0369	0.0421	0.0545	0.0605
60	0.0359	0.0421	0.0545	0.0605
61	0.0355	0.0424	0.0545	0.0606
62	0.0336	0.0426	0.0548	0.0609
63	0.0331	0.0427	0.0550	0.0611
64	0.0327	0.0426	0.0548	0.0608
65	0.0313	0.0429	0.0548	0.0612
66	0.0306	0.0429	0.0550	0.0614
67	0.0307	0.0434	0.0555	0.0619
68	0.0296	0.0437	0.0558	0.0623
69	0.0310	0.0444	0.0562	0.0626
70	0.0291	0.0441	0.0560	0.0624
71	0.0277	0.0440	0.0559	0.0623
72	0.0260	0.0442	0.0562	0.0627
73	0.0266	0.0443	0.0562	0.0627
74	0.0255	0.0443	0.0561	0.0628
75	0.0248	0.0442	0.0559	0.0628
76	0.0249	0.0444	0.0561	0.0631
77	0.0248	0.0440	0.0559	0.0632
78	0.0233	0.0441	0.0559	0.0633
79	0.0235	0.0442	0.0562	0.0635
80	0.0232	0.0446	0.0566	0.0639
81	0.0215	0.0445	0.0565	0.0639
82	0.0217	0.0446	0.0564	0.0640
83	0.0216	0.0446	0.0564	0.0639
84	0.0219	0.0449	0.0565	0.0639
85	0.0203	0.0448	0.0566	0.0639
86	0.0211	0.0449	0.0566	0.0640
87	0.0205	0.0450	0.0568	0.0643
88	0.0198	0.0453	0.0571	0.0645
89	0.0193	0.0451	0.0569	0.0644
90	0.0184	0.0458	0.0575	0.0650
91	0.0196	0.0459	0.0577	0.0650
92	0.0181	0.0459	0.0579	0.0652
93	0.0182	0.0457	0.0576	0.0650
94	0.0178	0.0462	0.0580	0.0654
95	0.0184	0.0463	0.0583	0.0655
96	0.0173	0.0463	0.0584	0.0657
97	0.0173	0.0465	0.0587	0.0660
98	0.0166	0.0468	0.0589	0.0664
99	0.0173	0.0469	0.0591	0.0666
100	0.0170	0.0468	0.0590	0.0667
101	0.0170	0.0470	0.0591	0.0669
102	0.0158	0.0467	0.0586	0.0665
103	0.0161	0.0467	0.0588	0.0668
104	0.0157	0.0467	0.0589	0.0668
105	0.0159	0.0468	0.0589	0.0669
106	0.0151	0.0469	0.0590	0.0670
107	0.0153	0.0470	0.0589	0.0671
108	0.0147	0.0473	0.0592	0.0674
109	0.0147	0.0472	0.0591	0.0671
110	0.0152	0.0473	0.0591	0.0671
111	0.0150	0.0473	0.0592	0.0673
112	0.0147	0.0474	0.0592	0.0674
113	0.0147	0.0473	0.0591	0.0673
114	0.0141	0.0473	0.0590	0.0672
115	0.0143	0.0474	0.0589	0.0673
116	0.0132	0.0475	0.0591	0.0675
117	0.0140	0.0477	0.0593	0.0679
118	0.0129	0.0476	0.0592	0.0678
119	0.0127	0.0475	0.0591	0.0676
120	0.0131	0.0475	0.0589	0.0676
121	0.0126	0.0474	0.0589	0.0676
122	0.0126	0.0475	0.0588	0.0676
123	0.0123	0.0476	0.0589	0.0678
124	0.0127	0.0472	0.0587	0.0676
125	0.0125	0.0474	0.0588	0.0676
126	0.0124	0.0477	0.0589	0.0677
127	0.0119	0.0478	0.0588	0.0677
128	0.0115	0.0479	0.0589	0.0679
129	0.0116	0.0482	0.0591	0.0682
130	0.0123	0.0482	0.0591	0.0681
131	0.0120	0.0482	0.0592	0.0682
132	0.0116	0.0483	0.0591	0.0682
133	0.0114	0.0482	0.0588	0.0680
134	0.0113	0.0482	0.0590	0.0679
135	0.0109	0.0481	0.0590	0.0679
136	0.0112	0.0480	0.0590	0.0679
137	0.0116	0.0480	0.0590	0.0680
138	0.0113	0.0478	0.0589	0.0680
139	0.0106	0.0476	0.0588	0.0679
140	0.0106	0.0478	0.0590	0.0681
141	0.0108	0.0479	0.0590	0.0681
142	0.0105	0.0484	0.0593	0.0684
143	0.0104	0.0486	0.0594	0.0685
144	0.0099	0.0479	0.0590	0.0682
145	0.0105	0.0475	0.0588	0.0680
146	0.0099	0.0478	0.0590	0.0682
147	0.0100	0.0483	0.0592	0.0687
148	0.0099	0.0482	0.0594	0.0688
149	0.0103	0.0484	0.0595	0.0689
150	0.0101	0.0488	0.0599	0.0692
