{"n_layers": 2, "device": "cuda", "batch_size": 2048, "embedding_dim": 512, "learning_rate": 0.001, "dataset": "dbbook", "epochs": 150, "top_k": 10, "multimodal": true, "datasets": {"dbbook": ["images", "text"], "ml1m": ["audio", "images", "text", "video"]}}
Epoch	Loss	Recall	Precision	NDCG
1	0.6896	0.0432	0.0288	0.0440
2	0.6777	0.0567	0.0386	0.0555
3	0.6577	0.0543	0.0375	0.0516
4	0.6226	0.0493	0.0341	0.0447
5	0.5694	0.0453	0.0317	0.0396
6	0.5040	0.0428	0.0302	0.0367
7	0.4388	0.0422	0.0297	0.0354
8	0.3836	0.0422	0.0296	0.0352
9	0.3425	0.0423	0.0297	0.0352
10	0.3063	0.0423	0.0301	0.0357
11	0.2789	0.0433	0.0308	0.0367
12	0.2581	0.0436	0.0311	0.0374
13	0.2410	0.0442	0.0315	0.0382
14	0.2197	0.0450	0.0320	0.0391
15	0.2099	0.0459	0.0326	0.0402
16	0.1948	0.0472	0.0334	0.0414
17	0.1823	0.0484	0.0341	0.0427
18	0.1723	0.0490	0.0344	0.0435
19	0.1627	0.0500	0.0351	0.0443
20	0.1545	0.0509	0.0357	0.0453
21	0.1471	0.0524	0.0365	0.0466
22	0.1375	0.0533	0.0374	0.0478
23	0.1296	0.0550	0.0383	0.0490
24	0.1257	0.0560	0.0387	0.0499
25	0.1180	0.0571	0.0395	0.0510
26	0.1149	0.0582	0.0403	0.0522
27	0.1094	0.0603	0.0412	0.0535
28	0.1054	0.0612	0.0419	0.0541
29	0.1011	0.0621	0.0425	0.0547
30	0.0967	0.0626	0.0429	0.0556
31	0.0922	0.0639	0.0435	0.0566
32	0.0880	0.0638	0.0434	0.0570
33	0.0845	0.0644	0.0439	0.0575
34	0.0817	0.0648	0.0442	0.0579
35	0.0796	0.0661	0.0448	0.0589
36	0.0750	0.0663	0.0449	0.0594
37	0.0708	0.0671	0.0452	0.0600
38	0.0690	0.0672	0.0453	0.0604
39	0.0664	0.0679	0.0458	0.0612
40	0.0631	0.0695	0.0464	0.0622
41	0.0649	0.0695	0.0465	0.0627
42	0.0620	0.0698	0.0467	0.0631
43	0.0592	0.0706	0.0473	0.0638
44	0.0593	0.0711	0.0477	0.0642
45	0.0572	0.0711	0.0480	0.0646
46	0.0551	0.0715	0.0482	0.0652
47	0.0542	0.0716	0.0483	0.0654
48	0.0529	0.0719	0.0483	0.0659
49	0.0501	0.0722	0.0484	0.0662
50	0.0483	0.0717	0.0482	0.0662
51	0.0484	0.0720	0.0484	0.0666
52	0.0449	0.0722	0.0483	0.0668
53	0.0459	0.0725	0.0487	0.0672
54	0.0433	0.0725	0.0485	0.0674
55	0.0429	0.0731	0.0490	0.0680
56	0.0423	0.0738	0.0495	0.0685
57	0.0414	0.0741	0.0496	0.0688
58	0.0397	0.0744	0.0498	0.0693
59	0.0398	0.0746	0.0498	0.0696
60	0.0383	0.0743	0.0497	0.0697
61	0.0387	0.0748	0.0499	0.0701
62	0.0376	0.0747	0.0499	0.0704
63	0.0357	0.0752	0.0502	0.0709
64	0.0352	0.0754	0.0502	0.0711
65	0.0345	0.0757	0.0503	0.0713
66	0.0349	0.0757	0.0503	0.0715
67	0.0327	0.0764	0.0509	0.0721
68	0.0333	0.0763	0.0508	0.0721
69	0.0327	0.0764	0.0509	0.0722
70	0.0307	0.0766	0.0510	0.0725
71	0.0319	0.0768	0.0512	0.0729
72	0.0298	0.0774	0.0515	0.0733
73	0.0303	0.0774	0.0516	0.0733
74	0.0307	0.0778	0.0519	0.0736
75	0.0285	0.0783	0.0522	0.0740
76	0.0298	0.0787	0.0523	0.0743
77	0.0284	0.0790	0.0522	0.0744
78	0.0277	0.0791	0.0522	0.0745
79	0.0264	0.0784	0.0519	0.0743
80	0.0275	0.0785	0.0520	0.0745
81	0.0269	0.0792	0.0523	0.0749
82	0.0257	0.0794	0.0523	0.0751
83	0.0267	0.0790	0.0522	0.0753
84	0.0262	0.0793	0.0523	0.0754
85	0.0254	0.0793	0.0522	0.0753
86	0.0250	0.0796	0.0524	0.0756
87	0.0249	0.0798	0.0527	0.0757
88	0.0241	0.0801	0.0528	0.0760
89	0.0233	0.0801	0.0528	0.0761
90	0.0226	0.0803	0.0529	0.0763
91	0.0233	0.0808	0.0533	0.0766
92	0.0221	0.0808	0.0533	0.0768
93	0.0227	0.0811	0.0534	0.0772
94	0.0216	0.0816	0.0537	0.0775
95	0.0218	0.0821	0.0539	0.0778
96	0.0228	0.0824	0.0540	0.0780
97	0.0220	0.0829	0.0540	0.0782
98	0.0216	0.0833	0.0541	0.0785
99	0.0217	0.0836	0.0542	0.0786
100	0.0200	0.0831	0.0541	0.0784
101	0.0204	0.0832	0.0541	0.0785
102	0.0207	0.0831	0.0540	0.0786
103	0.0201	0.0836	0.0542	0.0790
104	0.0213	0.0839	0.0544	0.0792
105	0.0201	0.0839	0.0543	0.0792
106	0.0200	0.0844	0.0544	0.0794
107	0.0195	0.0845	0.0544	0.0793
108	0.0194	0.0842	0.0542	0.0791
109	0.0194	0.0841	0.0541	0.0790
110	0.0183	0.0847	0.0543	0.0794
111	0.0187	0.0849	0.0544	0.0796
112	0.0182	0.0851	0.0543	0.0797
113	0.0185	0.0852	0.0544	0.0799
114	0.0192	0.0853	0.0548	0.0802
115	0.0185	0.0858	0.0551	0.0805
116	0.0189	0.0854	0.0548	0.0803
117	0.0180	0.0851	0.0544	0.0801
118	0.0180	0.0854	0.0547	0.0803
119	0.0177	0.0856	0.0550	0.0806
120	0.0178	0.0853	0.0548	0.0803
121	0.0171	0.0856	0.0548	0.0804
122	0.0176	0.0862	0.0550	0.0809
123	0.0172	0.0861	0.0549	0.0807
124	0.0174	0.0862	0.0550	0.0808
125	0.0165	0.0864	0.0550	0.0808
126	0.0163	0.0867	0.0552	0.0809
127	0.0170	0.0865	0.0551	0.0810
128	0.0166	0.0865	0.0550	0.0808
129	0.0174	0.0865	0.0551	0.0811
130	0.0159	0.0866	0.0551	0.0812
131	0.0155	0.0866	0.0552	0.0815
132	0.0156	0.0867	0.0551	0.0817
133	0.0161	0.0868	0.0551	0.0817
134	0.0155	0.0863	0.0549	0.0815
135	0.0158	0.0860	0.0550	0.0814
136	0.0154	0.0862	0.0551	0.0815
137	0.0157	0.0860	0.0551	0.0814
138	0.0161	0.0864	0.0553	0.0815
139	0.0159	0.0864	0.0552	0.0814
140	0.0152	0.0866	0.0552	0.0815
141	0.0152	0.0870	0.0553	0.0818
142	0.0152	0.0873	0.0555	0.0819
143	0.0152	0.0875	0.0554	0.0820
144	0.0142	0.0873	0.0555	0.0820
145	0.0150	0.0874	0.0555	0.0820
146	0.0153	0.0876	0.0557	0.0821
147	0.0150	0.0875	0.0557	0.0822
148	0.0155	0.0873	0.0557	0.0823
149	0.0143	0.0876	0.0557	0.0825
150	0.0146	0.0876	0.0558	0.0825
