{"device": "cuda:1", "multimodal": true, "embedding_dim": 512, "n_layers": 0, "epochs": 500, "learning_rate": 0.001, "log": true, "seed": 19, "top_k": [5, 10, 20, 50], "dataset": "ml1m", "batch_size": 8192, "single_branch": false, "autoencoder": false, "ensemble_fusion": false, "freeze": true, "fusion_modalities": "mean", "fusion_type": "late", "info_nce": false, "weighting": false, "datasets": {"dbbook": ["images", "text"], "ml1m": ["audio", "images", "text", "video"]}}
Epoch	T-Loss	V-Loss	Precision@5	Recall@5	NDCG@5	Precision@10	Recall@10	NDCG@10	Precision@20	Recall@20	NDCG@20	Precision@50	Recall@50	NDCG@50
1	0.6923	0.6903	0.0905	0.024	0.0972	0.0772	0.0401	0.0889	0.0654	0.0686	0.0878	0.0494	0.1285	0.1027
2	0.6791	0.6592	0.1803	0.0604	0.1935	0.1536	0.0999	0.1818	0.126	0.1591	0.1828	0.0905	0.2783	0.2135
3	0.6044	0.536	0.1806	0.0614	0.1939	0.1563	0.1047	0.1849	0.1268	0.1672	0.1865	0.0879	0.2777	0.2132
4	0.4646	0.413	0.1844	0.0632	0.1979	0.158	0.1079	0.1881	0.1266	0.1691	0.1883	0.0873	0.2778	0.214
5	0.3796	0.3652	0.1847	0.0641	0.2023	0.1572	0.1071	0.1906	0.127	0.1687	0.1909	0.0878	0.2788	0.2168
6	0.3459	0.3438	0.1963	0.0693	0.2172	0.159	0.1072	0.1977	0.1277	0.1689	0.1964	0.0896	0.2828	0.2237
7	0.3286	0.3313	0.1992	0.069	0.2215	0.1637	0.1095	0.2032	0.1302	0.1699	0.2002	0.0918	0.2896	0.229
8	0.3151	0.3186	0.2037	0.0704	0.2248	0.1674	0.1127	0.2067	0.1333	0.1748	0.2042	0.0941	0.2968	0.2339
9	0.3039	0.3139	0.2061	0.0715	0.2269	0.1709	0.1148	0.2098	0.1368	0.18	0.2083	0.0963	0.3027	0.238
10	0.2942	0.3062	0.2118	0.0726	0.2322	0.1745	0.1177	0.214	0.1397	0.1825	0.2122	0.0985	0.3082	0.2428
11	0.2882	0.2999	0.2162	0.0736	0.2377	0.1791	0.1198	0.2197	0.1426	0.1862	0.2171	0.1008	0.3146	0.2486
12	0.2803	0.2924	0.2194	0.0755	0.2394	0.1831	0.1237	0.223	0.1459	0.1907	0.2208	0.1023	0.3194	0.2521
13	0.2744	0.2879	0.224	0.0772	0.2442	0.1863	0.1264	0.2271	0.1474	0.1923	0.2238	0.104	0.3249	0.2567
14	0.2674	0.2845	0.2262	0.0783	0.2468	0.1888	0.1285	0.2298	0.1493	0.1954	0.2265	0.1057	0.3316	0.2607
15	0.263	0.2829	0.2286	0.0791	0.2494	0.191	0.13	0.2322	0.1515	0.199	0.2295	0.1069	0.3364	0.2638
16	0.2578	0.2783	0.2316	0.0813	0.2533	0.1922	0.1312	0.2347	0.1541	0.2029	0.2334	0.108	0.3406	0.2675
17	0.2538	0.2765	0.2342	0.082	0.2547	0.1951	0.1335	0.2372	0.1557	0.2055	0.2355	0.1093	0.3449	0.2703
18	0.2499	0.2719	0.2369	0.0836	0.2577	0.1968	0.1343	0.2395	0.1568	0.2072	0.2378	0.1105	0.3495	0.2737
19	0.2458	0.269	0.2403	0.0843	0.2611	0.199	0.1369	0.2423	0.1589	0.2105	0.2408	0.1118	0.3537	0.277
20	0.2424	0.2669	0.241	0.0849	0.2626	0.2006	0.1379	0.2445	0.1602	0.2132	0.2434	0.1129	0.3578	0.2802
21	0.2378	0.2655	0.2424	0.0858	0.263	0.2016	0.1388	0.2451	0.1613	0.2151	0.2445	0.1132	0.3589	0.2809
22	0.2359	0.2614	0.2436	0.0859	0.265	0.2035	0.1402	0.2474	0.163	0.218	0.2472	0.1137	0.3606	0.283
23	0.2328	0.2629	0.2441	0.0872	0.2659	0.2048	0.141	0.2487	0.1636	0.2191	0.2482	0.1145	0.3633	0.2849
24	0.2307	0.2578	0.2458	0.0874	0.2679	0.206	0.1437	0.2508	0.1647	0.2211	0.2502	0.1152	0.3657	0.2869
25	0.2279	0.261	0.248	0.0883	0.2706	0.2075	0.1445	0.2531	0.1657	0.223	0.2525	0.1158	0.3672	0.2892
26	0.2254	0.2569	0.2482	0.0888	0.2706	0.2075	0.1441	0.2529	0.1671	0.226	0.2539	0.1165	0.3704	0.2905
27	0.2215	0.2561	0.2477	0.0898	0.2697	0.2099	0.1462	0.2545	0.1678	0.2263	0.2544	0.1167	0.3714	0.2911
28	0.22	0.2525	0.2491	0.0895	0.2707	0.2096	0.1463	0.2545	0.1681	0.2273	0.2551	0.117	0.373	0.2921
29	0.2185	0.2506	0.2509	0.0902	0.2734	0.2111	0.1485	0.257	0.1686	0.2281	0.2568	0.1177	0.3758	0.2945
30	0.216	0.2542	0.2513	0.0905	0.2737	0.2124	0.1492	0.2581	0.1697	0.2294	0.2579	0.1181	0.3776	0.2956
31	0.2132	0.2499	0.2524	0.0913	0.2752	0.2126	0.1496	0.2591	0.1708	0.2307	0.2596	0.1187	0.3794	0.2973
32	0.2122	0.2508	0.2541	0.0917	0.2766	0.2134	0.1493	0.2597	0.1714	0.2313	0.2604	0.1191	0.3816	0.2986
33	0.209	0.249	0.2546	0.0917	0.2769	0.2126	0.149	0.2593	0.172	0.233	0.2612	0.1194	0.3821	0.2991
34	0.2079	0.2462	0.2553	0.0924	0.2777	0.2131	0.1491	0.2597	0.1723	0.2343	0.2619	0.1196	0.3841	0.3
35	0.2066	0.2497	0.2542	0.0927	0.2771	0.2146	0.1512	0.2613	0.1726	0.2348	0.2627	0.1199	0.3851	0.3011
36	0.204	0.2446	0.2547	0.0923	0.2757	0.2145	0.1514	0.2599	0.173	0.2363	0.2621	0.1201	0.386	0.3006
37	0.202	0.2479	0.2562	0.093	0.2775	0.2165	0.1531	0.2622	0.1737	0.2376	0.2637	0.1205	0.3877	0.3022
38	0.2004	0.2443	0.2575	0.0941	0.2791	0.2167	0.1537	0.2634	0.1741	0.2382	0.2651	0.1211	0.3905	0.3045
39	0.1978	0.2467	0.2577	0.0937	0.279	0.2164	0.1533	0.2629	0.1749	0.2397	0.2657	0.1216	0.3921	0.305
40	0.1953	0.2465	0.2585	0.0951	0.2797	0.2185	0.1557	0.2649	0.1745	0.2389	0.2657	0.1219	0.3927	0.3059
41	0.1949	0.2473	0.2581	0.0937	0.2799	0.2184	0.1557	0.2652	0.1748	0.2402	0.2664	0.1221	0.3939	0.3066
42	0.1932	0.245	0.2577	0.0949	0.2792	0.2187	0.1559	0.2651	0.1752	0.2407	0.2665	0.1225	0.3957	0.3072
43	0.1917	0.2433	0.2594	0.0951	0.2801	0.2198	0.1569	0.2658	0.1752	0.2417	0.2669	0.1228	0.3978	0.3081
44	0.188	0.243	0.2607	0.0958	0.2808	0.2208	0.1578	0.2664	0.1761	0.2426	0.2676	0.1232	0.3986	0.3087
45	0.1879	0.246	0.2619	0.0968	0.2828	0.2209	0.1584	0.2678	0.1767	0.2431	0.2692	0.1234	0.4005	0.3105
46	0.1861	0.2438	0.2604	0.0968	0.2818	0.2204	0.1583	0.2675	0.1768	0.2435	0.2696	0.1234	0.4001	0.3107
47	0.1832	0.246	0.2615	0.0977	0.2825	0.2212	0.1591	0.2681	0.1768	0.2435	0.2698	0.1239	0.4014	0.3117
48	0.1826	0.2424	0.2624	0.0976	0.284	0.2223	0.1597	0.2698	0.1774	0.2446	0.2711	0.1242	0.4027	0.3129
49	0.181	0.2438	0.2643	0.0985	0.2857	0.2238	0.1605	0.2712	0.1781	0.2462	0.2723	0.1244	0.403	0.3136
50	0.1798	0.2428	0.2653	0.0991	0.2865	0.2245	0.1614	0.272	0.1784	0.2464	0.2728	0.1247	0.4045	0.3145
51	0.1776	0.2433	0.2662	0.0985	0.2877	0.2248	0.1612	0.2727	0.1792	0.2473	0.274	0.1247	0.4047	0.3152
52	0.1758	0.2444	0.2657	0.0994	0.2873	0.2246	0.1611	0.2725	0.1797	0.248	0.2744	0.125	0.4069	0.3159
53	0.175	0.2414	0.266	0.0996	0.2872	0.2246	0.1619	0.2726	0.1795	0.2488	0.2745	0.1251	0.4075	0.3162
54	0.1722	0.2423	0.2669	0.1	0.2876	0.2252	0.1624	0.2729	0.1801	0.2506	0.2752	0.1255	0.4092	0.3169
55	0.1707	0.2408	0.2669	0.1002	0.2879	0.2248	0.1628	0.2731	0.1797	0.2495	0.2751	0.1257	0.4097	0.3175
56	0.1699	0.2436	0.2655	0.1006	0.2872	0.2243	0.1626	0.2727	0.1796	0.2498	0.2752	0.1256	0.4102	0.3178
57	0.1682	0.2413	0.2646	0.1006	0.2869	0.225	0.1642	0.2739	0.1795	0.2491	0.2753	0.1257	0.4112	0.3184
58	0.167	0.2419	0.2657	0.1011	0.2879	0.2249	0.1632	0.2739	0.18	0.2505	0.2762	0.1259	0.4126	0.3193
59	0.1662	0.2445	0.2675	0.1019	0.2894	0.2248	0.1631	0.2741	0.1804	0.2515	0.277	0.126	0.4123	0.3197
60	0.1636	0.244	0.2664	0.1008	0.2884	0.2246	0.1639	0.2741	0.1805	0.252	0.2772	0.1262	0.4142	0.3204
61	0.1612	0.2442	0.2693	0.1026	0.29	0.2252	0.165	0.2746	0.1811	0.2526	0.2776	0.1265	0.4153	0.3209
62	0.1605	0.2394	0.2681	0.1014	0.2895	0.226	0.1644	0.275	0.1816	0.2534	0.2783	0.1268	0.416	0.3215
63	0.1585	0.2435	0.2678	0.1015	0.2893	0.226	0.1646	0.275	0.1815	0.2536	0.2782	0.127	0.4172	0.3219
64	0.1571	0.2468	0.2659	0.1009	0.2883	0.2265	0.1651	0.2755	0.1816	0.2544	0.2786	0.1269	0.4171	0.322
65	0.155	0.24	0.2674	0.1017	0.2891	0.2253	0.1645	0.2745	0.1814	0.254	0.2784	0.127	0.4184	0.3223
66	0.1539	0.244	0.2676	0.1016	0.2886	0.2264	0.1655	0.2751	0.1819	0.2555	0.2788	0.1272	0.4175	0.3222
67	0.1515	0.2456	0.2671	0.1018	0.2889	0.2264	0.1653	0.2755	0.1823	0.2556	0.2796	0.1275	0.4187	0.3233
68	0.1511	0.2413	0.267	0.1017	0.2884	0.2259	0.1659	0.2752	0.1816	0.2546	0.2787	0.1275	0.419	0.3231
69	0.1488	0.244	0.2677	0.1021	0.2891	0.2271	0.1671	0.2763	0.1818	0.2553	0.2793	0.1275	0.4186	0.3236
70	0.1478	0.2444	0.2664	0.1021	0.289	0.2262	0.1665	0.2762	0.1822	0.2559	0.28	0.1276	0.4199	0.3243
71	0.1481	0.2416	0.2666	0.1024	0.2889	0.2276	0.1689	0.2772	0.1818	0.2553	0.2796	0.1276	0.42	0.3243
72	0.1461	0.2444	0.2669	0.1029	0.2888	0.2282	0.1688	0.2772	0.1825	0.2569	0.2801	0.1277	0.4202	0.3241
73	0.1447	0.2451	0.2686	0.1032	0.2901	0.2271	0.168	0.2768	0.1827	0.2568	0.2805	0.1278	0.4205	0.3247
74	0.1427	0.244	0.2683	0.1033	0.29	0.2278	0.1687	0.2775	0.183	0.2574	0.2812	0.1278	0.4209	0.3252
75	0.1423	0.2422	0.2694	0.1035	0.2913	0.2274	0.1686	0.2779	0.1831	0.2574	0.2816	0.1278	0.4211	0.3256
76	0.1406	0.2472	0.2694	0.1038	0.2904	0.2281	0.1695	0.2779	0.1834	0.2596	0.2819	0.128	0.4218	0.3257
77	0.1391	0.2448	0.2691	0.1041	0.2899	0.2277	0.1694	0.2774	0.1833	0.2587	0.2815	0.128	0.4226	0.3258
78	0.1379	0.2459	0.2702	0.1047	0.2907	0.2286	0.1694	0.2779	0.1839	0.2596	0.2821	0.1282	0.4232	0.3262
79	0.1363	0.2475	0.2696	0.1051	0.2903	0.2279	0.1689	0.2774	0.1833	0.2594	0.2817	0.1281	0.4227	0.326
80	0.136	0.2461	0.269	0.104	0.2903	0.2282	0.1687	0.2777	0.1842	0.2605	0.2827	0.1282	0.4232	0.3266
81	0.1332	0.247	0.2703	0.1048	0.2923	0.2283	0.1698	0.279	0.1845	0.2604	0.2837	0.1284	0.4241	0.3278
82	0.1319	0.2472	0.27	0.105	0.2919	0.2275	0.1697	0.2785	0.1847	0.2606	0.2839	0.1284	0.4242	0.3278
83	0.1321	0.2481	0.2687	0.1045	0.2907	0.2271	0.17	0.2781	0.1846	0.2602	0.2836	0.1285	0.4254	0.3282
84	0.1304	0.2478	0.2691	0.1043	0.2901	0.228	0.1697	0.2778	0.1851	0.2613	0.2837	0.1286	0.4257	0.3281
85	0.1294	0.2482	0.2694	0.1047	0.2904	0.228	0.1699	0.2781	0.1847	0.2614	0.2837	0.1288	0.4258	0.3284
86	0.1289	0.2486	0.2697	0.1056	0.2908	0.2284	0.1703	0.2785	0.185	0.2616	0.2841	0.1287	0.4262	0.3287
87	0.1278	0.2463	0.2679	0.1049	0.2893	0.2287	0.1698	0.2781	0.185	0.2619	0.2838	0.1293	0.4278	0.3291
88	0.1262	0.2495	0.2697	0.1063	0.2902	0.2288	0.1702	0.2782	0.1845	0.2615	0.2835	0.1293	0.4287	0.3294
89	0.1242	0.25	0.2689	0.1061	0.2896	0.2288	0.1711	0.2784	0.1845	0.2617	0.2836	0.1294	0.4286	0.3296
90	0.1241	0.2496	0.2686	0.106	0.2893	0.2285	0.1708	0.2779	0.1849	0.2629	0.2839	0.1295	0.4292	0.3296
91	0.1225	0.2477	0.2674	0.1056	0.2887	0.2293	0.1717	0.2788	0.1851	0.2632	0.2843	0.1292	0.4284	0.3295
92	0.1213	0.25	0.2688	0.1061	0.2896	0.2289	0.1718	0.2786	0.1854	0.2635	0.2845	0.1292	0.428	0.3294
93	0.1209	0.25	0.2689	0.1063	0.2898	0.2287	0.1718	0.2787	0.1859	0.2644	0.2853	0.1293	0.4283	0.33
94	0.1197	0.252	0.2691	0.1063	0.29	0.2295	0.1723	0.2793	0.1861	0.2642	0.2853	0.1296	0.429	0.3302
95	0.1191	0.2537	0.2689	0.1063	0.2905	0.2298	0.1721	0.28	0.1859	0.2643	0.2858	0.1296	0.4303	0.331
96	0.1176	0.2511	0.2681	0.1064	0.2898	0.2296	0.1729	0.2798	0.1861	0.2648	0.2858	0.1296	0.4304	0.3309
97	0.1172	0.2527	0.2682	0.1066	0.29	0.2298	0.173	0.2801	0.1858	0.2648	0.2858	0.1295	0.4304	0.331
98	0.1153	0.2516	0.2677	0.1064	0.2893	0.2302	0.1733	0.28	0.1854	0.2645	0.2852	0.1295	0.4301	0.3307
99	0.114	0.2527	0.268	0.1069	0.2902	0.229	0.1725	0.2797	0.1856	0.2647	0.2859	0.1295	0.4304	0.3313
100	0.1135	0.2517	0.2671	0.1073	0.2901	0.2298	0.1734	0.2804	0.1859	0.2652	0.2864	0.1295	0.4299	0.3314
101	0.1126	0.2527	0.2682	0.1075	0.2905	0.2296	0.1734	0.2803	0.1859	0.2647	0.2863	0.1296	0.4311	0.3318
102	0.1126	0.2562	0.2681	0.1074	0.2907	0.2295	0.1736	0.2804	0.1858	0.2651	0.2863	0.1296	0.4312	0.332
103	0.1104	0.2548	0.2677	0.1067	0.29	0.229	0.173	0.2799	0.1855	0.2653	0.2862	0.1295	0.4313	0.3319
104	0.1107	0.2557	0.2678	0.1076	0.2907	0.2293	0.1727	0.2803	0.1857	0.2657	0.2867	0.1295	0.4321	0.3324
105	0.11	0.2533	0.2681	0.1068	0.2905	0.2294	0.173	0.2803	0.1858	0.2655	0.2867	0.1295	0.4321	0.3324
106	0.1081	0.2538	0.2679	0.1076	0.2907	0.2293	0.1732	0.2805	0.1859	0.2658	0.2869	0.1298	0.433	0.3329
107	0.1084	0.2545	0.2688	0.1079	0.2908	0.2295	0.1733	0.2802	0.1859	0.2657	0.2865	0.1297	0.4335	0.3325
108	0.1073	0.2549	0.2689	0.1079	0.2909	0.2293	0.1733	0.28	0.1855	0.2651	0.2861	0.1296	0.4334	0.3325
109	0.1066	0.2558	0.2688	0.108	0.2902	0.2289	0.1734	0.2793	0.1854	0.2656	0.2856	0.1295	0.4333	0.332
110	0.1058	0.2582	0.2682	0.1075	0.2896	0.2289	0.1736	0.2791	0.1854	0.2656	0.2856	0.1295	0.4335	0.332
111	0.1052	0.261	0.2683	0.1081	0.2893	0.2281	0.1733	0.2784	0.1853	0.2657	0.2853	0.1293	0.4332	0.3317
112	0.1035	0.2589	0.2675	0.1078	0.2882	0.2287	0.1737	0.2783	0.1851	0.2657	0.2849	0.1293	0.4331	0.3315
113	0.1037	0.2578	0.2678	0.1078	0.2882	0.2284	0.1735	0.2782	0.1852	0.266	0.2851	0.1294	0.4334	0.3317
114	0.1028	0.262	0.2668	0.108	0.2882	0.2296	0.1745	0.2792	0.1849	0.2657	0.2852	0.1291	0.4327	0.3317
115	0.1019	0.263	0.2668	0.1077	0.2886	0.2287	0.1738	0.2789	0.1848	0.2653	0.2852	0.1292	0.4337	0.332
116	0.1011	0.2582	0.2656	0.1072	0.2866	0.2282	0.1732	0.2777	0.1848	0.2655	0.2846	0.1292	0.4339	0.3316
117	0.1002	0.2616	0.2659	0.1079	0.2884	0.2288	0.1738	0.2791	0.1848	0.2657	0.2855	0.1294	0.434	0.3325
118	0.0991	0.2652	0.2647	0.1074	0.2868	0.2282	0.1738	0.2782	0.1849	0.2657	0.285	0.1291	0.4336	0.3318
119	0.0993	0.2639	0.2647	0.1075	0.2865	0.2288	0.1737	0.2784	0.1854	0.2664	0.2855	0.1291	0.4332	0.3319
120	0.0984	0.2614	0.2644	0.107	0.2859	0.2287	0.1741	0.2782	0.1853	0.2661	0.2851	0.129	0.4337	0.3317
121	0.0984	0.266	0.2646	0.1072	0.2853	0.228	0.1741	0.2771	0.1851	0.2666	0.2846	0.1291	0.434	0.3312
122	0.0967	0.2632	0.2653	0.1073	0.2864	0.228	0.1745	0.2778	0.1853	0.2669	0.2853	0.1291	0.4339	0.3319
123	0.0963	0.2658	0.2634	0.1066	0.2857	0.2277	0.1747	0.278	0.185	0.2663	0.2854	0.129	0.4334	0.332
124	0.0963	0.2633	0.264	0.1069	0.2858	0.228	0.1742	0.2778	0.1848	0.2662	0.285	0.129	0.4339	0.3319
125	0.0956	0.2677	0.2643	0.1076	0.2863	0.2285	0.1745	0.2785	0.1849	0.2659	0.2852	0.1292	0.4344	0.3324
126	0.094	0.2666	0.2654	0.1079	0.2868	0.2284	0.1743	0.2781	0.1848	0.2655	0.2848	0.1292	0.4347	0.3322
127	0.0941	0.2682	0.2645	0.1078	0.286	0.2281	0.1738	0.2775	0.1848	0.2662	0.2847	0.1293	0.4347	0.3321
128	0.094	0.2675	0.2634	0.1072	0.2841	0.2277	0.1737	0.2766	0.1844	0.2659	0.2838	0.1294	0.4351	0.3317
129	0.0931	0.2708	0.2642	0.1083	0.2847	0.2268	0.1731	0.2758	0.1844	0.2661	0.2837	0.129	0.4343	0.3311
130	0.0917	0.2679	0.2647	0.1081	0.2849	0.2273	0.1738	0.2764	0.1841	0.266	0.2838	0.129	0.4344	0.3313
131	0.0917	0.2687	0.2653	0.1085	0.2857	0.2274	0.1739	0.2767	0.1842	0.2656	0.284	0.129	0.4347	0.3316
132	0.0905	0.2712	0.2649	0.108	0.2854	0.2278	0.1742	0.2769	0.1843	0.2664	0.2841	0.1288	0.4346	0.3314
133	0.091	0.2715	0.2637	0.1082	0.2846	0.2268	0.1733	0.2761	0.1842	0.2659	0.2839	0.1287	0.4347	0.3313
134	0.09	0.2767	0.2638	0.1082	0.285	0.2259	0.1732	0.2757	0.1841	0.2669	0.2841	0.1288	0.4352	0.3315
135	0.0898	0.2734	0.2642	0.1087	0.2857	0.2255	0.1735	0.276	0.184	0.2663	0.2844	0.1286	0.4347	0.3318
136	0.0892	0.2711	0.2632	0.1081	0.2848	0.2258	0.174	0.2762	0.184	0.2662	0.2843	0.1286	0.435	0.3317
137	0.0884	0.2739	0.2641	0.1086	0.2858	0.2254	0.1733	0.276	0.1837	0.2663	0.2841	0.1286	0.435	0.3317
138	0.0879	0.2752	0.2647	0.1093	0.2867	0.2259	0.1742	0.2768	0.1835	0.2658	0.2842	0.1287	0.4355	0.3322
139	0.0876	0.2713	0.2642	0.1092	0.2864	0.2263	0.1747	0.277	0.1834	0.2659	0.2841	0.1286	0.4352	0.3321
140	0.087	0.2755	0.2641	0.1087	0.2862	0.2263	0.1744	0.2769	0.1838	0.2661	0.2845	0.1284	0.4351	0.332
141	0.0861	0.2747	0.2626	0.1084	0.2847	0.2261	0.1741	0.2762	0.1836	0.2655	0.2838	0.1282	0.4345	0.3313
142	0.0862	0.2739	0.2633	0.108	0.2847	0.226	0.1748	0.2759	0.1833	0.2657	0.2833	0.1282	0.4342	0.3311
143	0.0855	0.2749	0.2635	0.1085	0.2852	0.2254	0.1738	0.2759	0.1832	0.2661	0.2838	0.1283	0.4346	0.3316
144	0.0855	0.2747	0.2624	0.1084	0.2846	0.2257	0.1752	0.2763	0.1832	0.2662	0.284	0.1282	0.435	0.3317
145	0.0849	0.2768	0.2627	0.1081	0.285	0.2259	0.1754	0.2767	0.1833	0.2662	0.2842	0.1282	0.4346	0.3318
146	0.0844	0.2771	0.2617	0.1077	0.2837	0.2259	0.1751	0.2761	0.183	0.2664	0.2836	0.1283	0.4354	0.3315
147	0.0846	0.2801	0.2614	0.1084	0.2839	0.2252	0.175	0.276	0.1832	0.2677	0.2842	0.128	0.4345	0.3315
148	0.0837	0.279	0.2634	0.1091	0.2855	0.2254	0.1744	0.2762	0.1835	0.267	0.2844	0.1281	0.4346	0.3318
149	0.0837	0.2751	0.263	0.109	0.2855	0.2258	0.1746	0.2766	0.1835	0.2674	0.2847	0.128	0.4347	0.3318
150	0.0834	0.2797	0.2638	0.109	0.286	0.2253	0.1743	0.2763	0.1832	0.2668	0.2844	0.128	0.4349	0.3319
151	0.0826	0.2791	0.2629	0.1092	0.2853	0.2244	0.1744	0.2757	0.1831	0.2664	0.284	0.1278	0.4339	0.3312
152	0.0815	0.2808	0.2623	0.1087	0.2846	0.2245	0.1737	0.2755	0.1829	0.2669	0.284	0.1279	0.434	0.3313
153	0.0818	0.2796	0.2625	0.1087	0.2843	0.2244	0.1739	0.2751	0.1827	0.2665	0.2836	0.1277	0.4337	0.3309
154	0.0815	0.285	0.2624	0.1086	0.2847	0.2238	0.1733	0.275	0.1824	0.2665	0.2837	0.1278	0.4343	0.3314
155	0.0812	0.2799	0.2621	0.1082	0.2838	0.2244	0.1742	0.2749	0.1821	0.2668	0.2831	0.1277	0.4335	0.3306
156	0.0801	0.2824	0.2618	0.1081	0.2832	0.2242	0.1744	0.2746	0.1823	0.2671	0.2831	0.1275	0.4337	0.3304
157	0.0796	0.281	0.2621	0.1082	0.2833	0.2246	0.1745	0.2748	0.1824	0.2667	0.283	0.1276	0.434	0.3305
158	0.0792	0.283	0.2621	0.1085	0.2835	0.2246	0.1745	0.2749	0.1827	0.2669	0.2834	0.1277	0.4351	0.331
159	0.0794	0.2816	0.2618	0.1075	0.2837	0.2247	0.1743	0.2752	0.1829	0.2673	0.2837	0.1276	0.4345	0.331
160	0.0789	0.282	0.2611	0.1073	0.2828	0.2246	0.1743	0.2748	0.1822	0.2664	0.2829	0.1275	0.434	0.3305
161	0.0793	0.284	0.262	0.1079	0.2832	0.225	0.1752	0.2753	0.1822	0.2671	0.2831	0.1277	0.4345	0.3308
162	0.0788	0.2856	0.2607	0.1074	0.2824	0.2249	0.1755	0.2752	0.1823	0.2678	0.2833	0.1276	0.4344	0.3307
163	0.0777	0.2862	0.261	0.1079	0.2829	0.2254	0.1754	0.2755	0.1827	0.2672	0.2834	0.1275	0.4343	0.3306
164	0.0784	0.2851	0.2598	0.1076	0.2816	0.2252	0.1759	0.275	0.1818	0.2666	0.2825	0.1275	0.4342	0.3303
165	0.0776	0.2851	0.2604	0.1081	0.2818	0.2249	0.176	0.2747	0.1813	0.266	0.2818	0.1275	0.4344	0.3302
166	0.0767	0.2897	0.2595	0.1075	0.281	0.224	0.1748	0.2738	0.1812	0.2658	0.2815	0.1273	0.434	0.3298
167	0.0768	0.2846	0.2596	0.1081	0.2809	0.2238	0.1747	0.2735	0.1808	0.2658	0.2813	0.1274	0.4349	0.33
168	0.0755	0.2878	0.2594	0.1079	0.2805	0.2242	0.1743	0.2735	0.1813	0.2655	0.2813	0.1276	0.4351	0.33
169	0.0752	0.2894	0.2598	0.1081	0.2807	0.2237	0.1743	0.2731	0.1813	0.2663	0.2814	0.1272	0.4346	0.3296
170	0.0757	0.2892	0.2601	0.1082	0.2813	0.2229	0.174	0.2729	0.1814	0.2665	0.2817	0.1272	0.4347	0.3298
171	0.0758	0.2882	0.2607	0.1087	0.2812	0.2236	0.1744	0.2731	0.1812	0.2665	0.2815	0.1272	0.4343	0.3296
172	0.0757	0.2924	0.2588	0.1083	0.2795	0.2227	0.1742	0.2722	0.1809	0.2663	0.281	0.127	0.4343	0.3292
173	0.0753	0.2879	0.259	0.1086	0.2797	0.2226	0.1738	0.2721	0.1813	0.267	0.2814	0.1267	0.4336	0.329
174	0.0746	0.2942	0.2599	0.1087	0.2801	0.2227	0.1739	0.272	0.181	0.2664	0.281	0.1267	0.434	0.3289
175	0.074	0.2917	0.258	0.1085	0.2793	0.2212	0.1733	0.2712	0.1807	0.2665	0.281	0.1268	0.434	0.3291
176	0.0742	0.2911	0.2566	0.1068	0.2787	0.2219	0.1739	0.272	0.1805	0.2664	0.281	0.1267	0.4336	0.3291
177	0.0735	0.2937	0.2569	0.1077	0.2789	0.2213	0.174	0.2715	0.1805	0.2665	0.2808	0.1266	0.4335	0.3289
178	0.0735	0.2936	0.258	0.1082	0.2797	0.2216	0.1741	0.2718	0.1806	0.2668	0.2811	0.1266	0.4332	0.3289
179	0.0729	0.2955	0.257	0.1078	0.2794	0.2216	0.1742	0.2721	0.1807	0.2671	0.2815	0.1266	0.4329	0.3291
180	0.0729	0.2957	0.2569	0.1072	0.2795	0.2213	0.1741	0.2722	0.1806	0.2669	0.2817	0.1265	0.4334	0.3293
181	0.0728	0.2941	0.2587	0.1081	0.281	0.2217	0.1739	0.2725	0.1806	0.2668	0.2817	0.1264	0.4329	0.3293
182	0.0726	0.2938	0.2576	0.1075	0.2803	0.2213	0.1742	0.2724	0.1805	0.2664	0.2815	0.1264	0.4335	0.3294
183	0.0715	0.2926	0.2575	0.1071	0.2807	0.2215	0.1738	0.2726	0.1801	0.2661	0.2813	0.1265	0.4335	0.3294
184	0.0722	0.2938	0.2582	0.1072	0.2809	0.2206	0.1729	0.2717	0.1799	0.2663	0.281	0.1264	0.4332	0.3291
185	0.0712	0.292	0.2579	0.1069	0.2804	0.2201	0.1728	0.2714	0.1801	0.266	0.2812	0.1263	0.4332	0.3291
186	0.071	0.2975	0.2579	0.1075	0.2805	0.2203	0.1726	0.2714	0.1796	0.2654	0.2808	0.1263	0.4335	0.3293
187	0.0709	0.2992	0.2576	0.1072	0.2796	0.22	0.1721	0.2707	0.1789	0.2653	0.2799	0.1262	0.4335	0.3288
188	0.0708	0.2966	0.2578	0.107	0.2802	0.2207	0.1733	0.2718	0.179	0.2651	0.2802	0.1261	0.4328	0.3288
189	0.0712	0.2987	0.2585	0.1072	0.2802	0.2208	0.1734	0.2713	0.1794	0.266	0.2803	0.1261	0.4324	0.3282
190	0.0703	0.2963	0.2573	0.1066	0.2799	0.2208	0.1738	0.2717	0.1797	0.2663	0.2806	0.1261	0.4329	0.3285
191	0.0704	0.2993	0.2579	0.1065	0.2802	0.2205	0.1734	0.2714	0.1796	0.2654	0.2804	0.1259	0.4323	0.3282
192	0.0703	0.303	0.257	0.1069	0.2789	0.2204	0.1733	0.2707	0.1794	0.265	0.2796	0.126	0.4327	0.3279
193	0.0697	0.3003	0.2572	0.1074	0.2795	0.2203	0.1731	0.271	0.1797	0.2658	0.2803	0.1259	0.4322	0.3281
194	0.0693	0.2999	0.2564	0.1071	0.2787	0.2204	0.1728	0.2707	0.1794	0.2659	0.2801	0.126	0.4324	0.3281
195	0.0697	0.3048	0.2569	0.1072	0.2787	0.22	0.1728	0.2702	0.1794	0.2662	0.2798	0.126	0.4323	0.3277
196	0.0694	0.3029	0.2564	0.1069	0.2785	0.2189	0.1718	0.2697	0.1793	0.2658	0.28	0.126	0.4324	0.328
197	0.0684	0.306	0.2561	0.107	0.2784	0.2195	0.1726	0.2701	0.1792	0.2664	0.2798	0.1258	0.4318	0.3275
198	0.0689	0.3049	0.255	0.1064	0.2777	0.2185	0.1725	0.2695	0.179	0.2656	0.2795	0.1258	0.4322	0.3275
199	0.0682	0.3064	0.2568	0.107	0.2786	0.2191	0.1724	0.2697	0.1788	0.2654	0.2792	0.1255	0.4308	0.3269
200	0.0684	0.3045	0.2567	0.1066	0.2784	0.218	0.1718	0.2688	0.1789	0.2659	0.2793	0.1254	0.4303	0.3267
201	0.0682	0.3071	0.2566	0.1069	0.2782	0.2182	0.1719	0.2688	0.1789	0.2659	0.2791	0.1255	0.4304	0.3266
202	0.0674	0.3041	0.257	0.1074	0.2787	0.2187	0.1722	0.2693	0.1783	0.2652	0.2788	0.1253	0.4299	0.3264
203	0.0677	0.304	0.2557	0.1063	0.2773	0.2186	0.1719	0.2687	0.1785	0.2647	0.2782	0.1253	0.4305	0.326
204	0.0675	0.3073	0.2562	0.1067	0.2778	0.2193	0.1722	0.2693	0.1788	0.2654	0.2788	0.1252	0.4306	0.3262
205	0.0674	0.3083	0.2567	0.1072	0.2782	0.2187	0.1718	0.269	0.1785	0.2646	0.2785	0.1252	0.4302	0.3261
206	0.0669	0.309	0.2563	0.1072	0.2784	0.2191	0.1719	0.2696	0.1786	0.265	0.279	0.1252	0.4303	0.3266
207	0.067	0.3083	0.2553	0.107	0.2772	0.2187	0.1714	0.2687	0.1781	0.265	0.2783	0.125	0.4297	0.3259
208	0.0669	0.3082	0.2547	0.1068	0.2763	0.2189	0.1717	0.2685	0.178	0.2649	0.278	0.125	0.4291	0.3254
209	0.0661	0.3077	0.2548	0.1068	0.2766	0.2191	0.1717	0.2688	0.1778	0.2642	0.2778	0.1251	0.4301	0.3259
210	0.0664	0.311	0.2548	0.1066	0.2766	0.2177	0.1706	0.2678	0.1776	0.264	0.2776	0.1248	0.4289	0.3253
211	0.0663	0.3088	0.2556	0.1071	0.2776	0.218	0.1708	0.2683	0.1774	0.263	0.2775	0.1248	0.4293	0.3256
212	0.0661	0.3107	0.2539	0.1066	0.2763	0.218	0.1713	0.2682	0.1775	0.263	0.2774	0.1248	0.4293	0.3255
213	0.0656	0.3059	0.2531	0.1062	0.2757	0.2175	0.1707	0.2676	0.1775	0.2635	0.2772	0.1246	0.4286	0.3249
214	0.0661	0.3103	0.2541	0.1067	0.2763	0.217	0.1704	0.2673	0.1771	0.263	0.277	0.1246	0.4291	0.3251
215	0.0658	0.3116	0.2544	0.1067	0.2768	0.2175	0.1705	0.2679	0.177	0.2632	0.2772	0.1244	0.4284	0.325
216	0.065	0.3123	0.2539	0.1066	0.276	0.2179	0.1708	0.2678	0.1769	0.2631	0.277	0.1244	0.4282	0.3248
217	0.0653	0.3104	0.2534	0.106	0.2753	0.2178	0.1712	0.2676	0.177	0.2633	0.2769	0.1244	0.4285	0.3247
218	0.0653	0.3109	0.2531	0.1056	0.2747	0.2171	0.1706	0.2667	0.1769	0.2632	0.2764	0.1242	0.4285	0.3242
219	0.0645	0.3095	0.2522	0.1053	0.2736	0.2175	0.1716	0.2667	0.1769	0.2629	0.2759	0.1242	0.4287	0.3238
220	0.065	0.3128	0.2522	0.1053	0.2737	0.2172	0.1716	0.2666	0.1764	0.2623	0.2756	0.1243	0.4289	0.324
221	0.064	0.3151	0.2528	0.1053	0.2739	0.217	0.1714	0.2664	0.1767	0.2624	0.2757	0.1241	0.4288	0.3238
222	0.0646	0.3112	0.2541	0.1059	0.2758	0.2174	0.1721	0.2676	0.1767	0.2624	0.2764	0.1243	0.4293	0.3247
223	0.0643	0.3166	0.2534	0.1057	0.2751	0.2167	0.1716	0.2668	0.1767	0.2623	0.2761	0.1242	0.4288	0.3242
224	0.0643	0.3174	0.2531	0.1057	0.2745	0.216	0.1711	0.266	0.1762	0.2614	0.2753	0.1241	0.4285	0.3238
225	0.0635	0.3105	0.253	0.1057	0.274	0.2152	0.1705	0.265	0.1757	0.261	0.2746	0.124	0.4281	0.3232
226	0.0641	0.3174	0.2518	0.1051	0.2728	0.2157	0.1707	0.265	0.1759	0.2616	0.2746	0.124	0.4283	0.3231
227	0.0638	0.3179	0.2523	0.1057	0.2728	0.2163	0.171	0.2652	0.1757	0.262	0.2744	0.1239	0.4282	0.3228
228	0.0638	0.3157	0.2529	0.1057	0.2733	0.2164	0.1711	0.2653	0.1759	0.262	0.2746	0.1237	0.4274	0.3227
229	0.0634	0.3187	0.2518	0.1053	0.2722	0.2165	0.1712	0.2651	0.1757	0.2624	0.2742	0.1235	0.4266	0.3219
230	0.0633	0.3174	0.2514	0.1053	0.272	0.2157	0.1702	0.2644	0.1757	0.2622	0.2741	0.1235	0.4268	0.3219
231	0.063	0.3172	0.2506	0.1053	0.2713	0.2156	0.1703	0.2642	0.1754	0.2621	0.2737	0.1233	0.4262	0.3214
232	0.0631	0.321	0.2497	0.1049	0.2711	0.216	0.1703	0.2647	0.1756	0.2621	0.2741	0.1235	0.427	0.322
233	0.0626	0.3225	0.2509	0.1048	0.2721	0.2163	0.1707	0.2652	0.1755	0.2617	0.2743	0.1235	0.4268	0.3222
234	0.0625	0.321	0.252	0.1053	0.2727	0.2159	0.1701	0.2648	0.1752	0.2613	0.2739	0.1235	0.4267	0.3221
235	0.062	0.3183	0.2513	0.1055	0.2722	0.2157	0.17	0.2646	0.1757	0.2617	0.2742	0.1235	0.4269	0.322
236	0.062	0.3172	0.2512	0.1053	0.2718	0.216	0.17	0.2646	0.176	0.2622	0.2743	0.1236	0.4276	0.3222
237	0.0616	0.3176	0.2497	0.1052	0.2709	0.2154	0.1693	0.264	0.1758	0.2622	0.2741	0.1235	0.427	0.3219
238	0.0616	0.3219	0.2512	0.1059	0.272	0.2151	0.1698	0.2641	0.1757	0.2618	0.274	0.1234	0.4278	0.3221
239	0.0618	0.3223	0.2497	0.1053	0.2708	0.2155	0.1699	0.264	0.1752	0.2617	0.2736	0.1233	0.4272	0.3217
240	0.062	0.3187	0.2505	0.1049	0.2712	0.2151	0.1694	0.2637	0.1749	0.261	0.2733	0.1231	0.4267	0.3215
241	0.0616	0.3203	0.2509	0.1056	0.2712	0.2141	0.1688	0.2628	0.1752	0.2607	0.2731	0.1231	0.4266	0.3212
242	0.0617	0.3208	0.2511	0.1056	0.2715	0.2144	0.1692	0.2633	0.1748	0.2601	0.273	0.123	0.426	0.3212
243	0.0614	0.32	0.2501	0.1052	0.2708	0.2147	0.1691	0.2635	0.1746	0.2603	0.2729	0.1231	0.4264	0.3214
244	0.0613	0.3192	0.2493	0.1046	0.2703	0.2141	0.1691	0.263	0.1748	0.2605	0.2729	0.123	0.4264	0.3211
245	0.0615	0.3263	0.2495	0.1043	0.2705	0.2145	0.1697	0.2634	0.1748	0.2607	0.273	0.123	0.4258	0.321
246	0.0609	0.3198	0.2498	0.1048	0.2713	0.215	0.1697	0.2641	0.1749	0.2604	0.2734	0.1228	0.4252	0.3211
247	0.0609	0.3261	0.2513	0.1051	0.2722	0.2149	0.1696	0.264	0.1746	0.2601	0.2731	0.123	0.4256	0.3212
248	0.0607	0.3227	0.2501	0.105	0.2718	0.215	0.1697	0.2644	0.1745	0.2607	0.2734	0.123	0.4254	0.3214
249	0.0607	0.3224	0.2497	0.1045	0.271	0.2142	0.1692	0.2636	0.1743	0.2604	0.273	0.1229	0.425	0.321
250	0.0608	0.3242	0.2502	0.1046	0.2704	0.2143	0.169	0.2629	0.174	0.2597	0.2721	0.1228	0.4251	0.3204
251	0.0608	0.329	0.25	0.1048	0.2709	0.2141	0.1687	0.263	0.1744	0.2599	0.2726	0.1228	0.4246	0.3205
252	0.0604	0.3272	0.2501	0.1046	0.2708	0.2143	0.1693	0.2632	0.1742	0.2603	0.2726	0.1229	0.4249	0.3205
253	0.0602	0.3205	0.2507	0.1043	0.2715	0.2138	0.169	0.263	0.1741	0.2602	0.2724	0.1226	0.4241	0.3201
254	0.06	0.326	0.2494	0.1042	0.2705	0.2133	0.169	0.2626	0.1737	0.2596	0.272	0.1225	0.4232	0.3198
255	0.06	0.3278	0.2493	0.1043	0.2704	0.2137	0.1696	0.2628	0.1735	0.2588	0.2716	0.1225	0.4235	0.3198
256	0.0604	0.324	0.2502	0.1046	0.2715	0.2137	0.1691	0.2632	0.1737	0.2591	0.2722	0.1224	0.4233	0.32
257	0.0596	0.3271	0.2497	0.1046	0.2714	0.2139	0.1697	0.2635	0.1735	0.2587	0.2721	0.1223	0.423	0.32
258	0.0592	0.3273	0.2487	0.1037	0.2699	0.2134	0.1693	0.2626	0.1737	0.2593	0.2718	0.1225	0.4232	0.3197
259	0.0599	0.3267	0.2485	0.1039	0.27	0.2133	0.169	0.2627	0.1735	0.2591	0.2718	0.1224	0.4236	0.3198
260	0.0595	0.3243	0.2498	0.1045	0.2711	0.2129	0.1692	0.2626	0.1736	0.2597	0.272	0.1222	0.4226	0.3195
261	0.0601	0.3272	0.249	0.1041	0.27	0.2131	0.1696	0.2624	0.1731	0.259	0.2713	0.1222	0.4228	0.3191
262	0.0593	0.3241	0.248	0.1036	0.2691	0.2134	0.1695	0.2624	0.1733	0.2593	0.2713	0.1223	0.423	0.3191
263	0.0583	0.3292	0.2481	0.1033	0.2694	0.2128	0.169	0.262	0.1736	0.2597	0.2717	0.1224	0.4234	0.3194
264	0.0589	0.3314	0.2484	0.1038	0.2696	0.213	0.1688	0.262	0.1735	0.2593	0.2715	0.1224	0.4235	0.3194
265	0.0588	0.3294	0.2489	0.1042	0.2701	0.2132	0.1682	0.2621	0.1733	0.2588	0.2715	0.1223	0.4231	0.3193
266	0.0591	0.3285	0.249	0.105	0.2696	0.2129	0.1679	0.2614	0.1732	0.2585	0.2708	0.1222	0.4224	0.3186
267	0.0587	0.3275	0.2494	0.1047	0.2699	0.2123	0.1673	0.261	0.1726	0.2578	0.2703	0.1221	0.422	0.3183
268	0.0584	0.332	0.2486	0.1041	0.2694	0.2126	0.168	0.2614	0.1731	0.2587	0.2708	0.1222	0.4221	0.3185
269	0.0584	0.3309	0.2475	0.1035	0.2687	0.2119	0.1672	0.2608	0.1731	0.2595	0.271	0.1221	0.4218	0.3184
270	0.0589	0.3307	0.2476	0.1037	0.2687	0.2114	0.167	0.2605	0.1731	0.2588	0.2708	0.122	0.4213	0.3183
271	0.0584	0.3295	0.2482	0.1043	0.269	0.2118	0.1676	0.2607	0.1731	0.2587	0.2707	0.1219	0.4217	0.3181
272	0.0585	0.3299	0.2491	0.1044	0.2697	0.2122	0.1679	0.2611	0.1729	0.2585	0.2706	0.1218	0.4212	0.3179
273	0.0579	0.3325	0.2493	0.1041	0.2702	0.2123	0.1678	0.2614	0.1728	0.2585	0.2707	0.1218	0.4212	0.318
274	0.0582	0.3318	0.2483	0.1032	0.2689	0.2117	0.1674	0.2605	0.1728	0.2581	0.2702	0.1216	0.4209	0.3174
275	0.0578	0.3303	0.2483	0.1033	0.2696	0.2113	0.1671	0.2607	0.1721	0.2571	0.2699	0.1215	0.421	0.3176
276	0.0578	0.3332	0.2483	0.1035	0.2695	0.2116	0.1674	0.2609	0.1722	0.2569	0.2699	0.1214	0.4209	0.3175
277	0.0577	0.3329	0.2486	0.1043	0.2694	0.2117	0.1674	0.2607	0.1721	0.2564	0.2695	0.1213	0.4208	0.3173
278	0.0581	0.3372	0.2469	0.1038	0.2682	0.2109	0.167	0.2599	0.1719	0.2563	0.2692	0.1213	0.4205	0.317
279	0.0571	0.3359	0.2477	0.1037	0.2689	0.2112	0.1668	0.2602	0.1717	0.2563	0.2693	0.1211	0.4196	0.3168
280	0.0577	0.3344	0.2484	0.1037	0.2696	0.2115	0.167	0.2607	0.1718	0.2568	0.2696	0.1213	0.4205	0.3173
281	0.0574	0.3338	0.247	0.1031	0.2685	0.2119	0.1675	0.2608	0.1718	0.2569	0.2695	0.1211	0.4197	0.3169
282	0.0575	0.3336	0.2472	0.1034	0.2677	0.211	0.1669	0.2594	0.1717	0.2568	0.2688	0.1211	0.4199	0.3163
283	0.0578	0.3329	0.2457	0.1033	0.2664	0.2106	0.1664	0.2588	0.1717	0.2565	0.2685	0.121	0.42	0.3161
284	0.0567	0.3384	0.2467	0.1038	0.2675	0.211	0.1667	0.2593	0.1719	0.2571	0.2689	0.1211	0.4203	0.3162
285	0.0572	0.3389	0.2472	0.1042	0.2677	0.2107	0.167	0.2591	0.1713	0.2563	0.2683	0.121	0.4195	0.3158
286	0.0566	0.335	0.2466	0.1039	0.2669	0.2101	0.1667	0.2583	0.1714	0.2565	0.2681	0.1209	0.4198	0.3156
287	0.0573	0.3398	0.2459	0.1034	0.2666	0.2105	0.1665	0.2587	0.1711	0.2561	0.268	0.1209	0.4198	0.3157
288	0.0571	0.3336	0.2454	0.1033	0.2664	0.2106	0.1665	0.2589	0.171	0.2558	0.2679	0.1208	0.4192	0.3156
289	0.0567	0.3375	0.2455	0.1034	0.2666	0.2104	0.1663	0.2588	0.1712	0.2562	0.2681	0.1208	0.4186	0.3154
290	0.0564	0.3427	0.2452	0.1024	0.2668	0.2099	0.1664	0.2589	0.171	0.2557	0.2681	0.1208	0.4192	0.3158
291	0.0567	0.3382	0.2458	0.103	0.2674	0.2107	0.1674	0.2596	0.1711	0.2561	0.2685	0.1206	0.4186	0.3157
292	0.0567	0.3399	0.246	0.1029	0.2678	0.2098	0.1663	0.2592	0.1714	0.2562	0.2689	0.1206	0.4193	0.3161
293	0.0562	0.3373	0.2456	0.1028	0.2672	0.2098	0.1667	0.2591	0.1711	0.2558	0.2685	0.1205	0.4185	0.3157
294	0.0567	0.3372	0.2455	0.1029	0.267	0.2097	0.1664	0.2587	0.171	0.2561	0.2683	0.1204	0.4182	0.3153
295	0.0564	0.3376	0.2461	0.1026	0.2674	0.21	0.167	0.2591	0.1706	0.2557	0.268	0.1205	0.4184	0.3155
296	0.0564	0.3422	0.2463	0.1031	0.2678	0.2103	0.1668	0.2594	0.1708	0.2559	0.2683	0.1205	0.4183	0.3155
297	0.0561	0.3415	0.2466	0.103	0.2682	0.2107	0.1667	0.2597	0.1709	0.2555	0.2683	0.1204	0.4181	0.3155
298	0.056	0.3402	0.246	0.1029	0.2677	0.2106	0.1668	0.2596	0.1711	0.2559	0.2685	0.1205	0.4182	0.3155
299	0.0557	0.3418	0.2464	0.1031	0.2676	0.21	0.1665	0.2589	0.1711	0.2563	0.2683	0.1204	0.4184	0.3153
300	0.0559	0.3422	0.2451	0.1033	0.2663	0.2094	0.1663	0.2582	0.1705	0.255	0.2674	0.1202	0.4178	0.3147
301	0.0556	0.3373	0.2438	0.1025	0.265	0.2092	0.1666	0.2578	0.1702	0.255	0.267	0.1201	0.4175	0.3143
302	0.0556	0.3422	0.2442	0.1024	0.2659	0.2088	0.1658	0.2577	0.1706	0.2554	0.2674	0.1199	0.4163	0.3141
303	0.0561	0.3422	0.2436	0.1021	0.2652	0.209	0.1657	0.2576	0.1704	0.255	0.2671	0.12	0.4167	0.3141
304	0.0556	0.3425	0.2437	0.1024	0.2654	0.2081	0.1652	0.257	0.1705	0.2556	0.2673	0.1199	0.4163	0.314
305	0.0553	0.341	0.2431	0.1021	0.2649	0.2082	0.1649	0.2569	0.1703	0.2556	0.2671	0.12	0.4167	0.314
306	0.0555	0.3477	0.2429	0.102	0.2644	0.2088	0.1659	0.2571	0.1702	0.2552	0.2666	0.1199	0.4163	0.3135
307	0.0553	0.3428	0.2437	0.1022	0.2645	0.208	0.1656	0.2564	0.1704	0.2558	0.2666	0.12	0.4174	0.3137
308	0.0557	0.3418	0.2422	0.1015	0.2634	0.2082	0.1657	0.2563	0.1706	0.2558	0.2665	0.1199	0.4166	0.3132
309	0.0554	0.3437	0.2428	0.1017	0.2637	0.2081	0.1663	0.2564	0.1701	0.2551	0.2661	0.1199	0.4166	0.3132
310	0.055	0.3497	0.2425	0.102	0.2631	0.2073	0.1656	0.2555	0.1699	0.2553	0.2657	0.1197	0.4163	0.3127
311	0.0552	0.3428	0.2435	0.1024	0.2639	0.2073	0.1659	0.2557	0.1699	0.2557	0.266	0.1196	0.4156	0.3126
312	0.0547	0.3429	0.2445	0.103	0.2648	0.207	0.1655	0.2556	0.1694	0.2547	0.2655	0.1194	0.4156	0.3125
313	0.0548	0.3422	0.2444	0.1029	0.2646	0.2075	0.1655	0.2558	0.1695	0.255	0.2656	0.1195	0.416	0.3126
314	0.0548	0.3426	0.2441	0.1024	0.2646	0.2073	0.1656	0.2559	0.1694	0.2548	0.2657	0.1197	0.4169	0.313
315	0.0548	0.3504	0.2427	0.1021	0.2637	0.2074	0.1657	0.2559	0.1695	0.2553	0.2658	0.1195	0.4161	0.3128
316	0.0548	0.3488	0.2434	0.1023	0.2638	0.2073	0.1658	0.2557	0.1693	0.2545	0.2654	0.1194	0.4165	0.3127
317	0.0548	0.3498	0.2429	0.1019	0.2633	0.2075	0.1662	0.2557	0.1689	0.2537	0.2649	0.1194	0.4164	0.3125
318	0.0546	0.3454	0.2439	0.1021	0.2646	0.2078	0.1661	0.2564	0.1691	0.2543	0.2655	0.1193	0.4159	0.3127
319	0.0545	0.3489	0.2437	0.1019	0.2645	0.2078	0.1664	0.2565	0.1691	0.2542	0.2655	0.1193	0.4157	0.3126
320	0.0545	0.3471	0.244	0.1022	0.2648	0.2084	0.1667	0.2569	0.1689	0.2542	0.2655	0.1192	0.4152	0.3125
321	0.0544	0.3493	0.2435	0.1018	0.2643	0.2078	0.1658	0.2562	0.1688	0.254	0.2652	0.1194	0.4153	0.3125
322	0.0549	0.3493	0.2446	0.1023	0.2651	0.208	0.1658	0.2564	0.169	0.2539	0.2653	0.1193	0.4159	0.3126
323	0.0542	0.3494	0.2433	0.1017	0.2641	0.2075	0.1661	0.2561	0.1688	0.2538	0.2651	0.1193	0.4153	0.3124
324	0.0539	0.3493	0.2437	0.102	0.2642	0.2065	0.1653	0.2554	0.1686	0.2536	0.2649	0.1192	0.415	0.3122
325	0.054	0.349	0.2434	0.1023	0.2641	0.2068	0.1649	0.2554	0.1684	0.2533	0.2648	0.1192	0.4154	0.3123
326	0.0543	0.3509	0.2438	0.1025	0.2639	0.2061	0.1646	0.2546	0.1684	0.2533	0.2644	0.1192	0.4153	0.3119
327	0.0541	0.3521	0.2427	0.102	0.2627	0.2058	0.1648	0.254	0.1683	0.2529	0.264	0.1191	0.4151	0.3116
328	0.0545	0.3511	0.2433	0.1017	0.2633	0.2066	0.1646	0.2547	0.1682	0.2531	0.2642	0.1192	0.4154	0.3118
329	0.0543	0.3537	0.2434	0.1021	0.2631	0.2062	0.1643	0.2542	0.1683	0.2534	0.264	0.1192	0.4155	0.3115
330	0.0542	0.3456	0.2436	0.1021	0.263	0.205	0.1636	0.2532	0.1683	0.2532	0.2637	0.1189	0.4149	0.3111
331	0.0545	0.3511	0.2433	0.1023	0.2632	0.2054	0.1642	0.2538	0.1679	0.2534	0.2638	0.1189	0.4147	0.3113
332	0.0546	0.3483	0.2426	0.1019	0.2629	0.2055	0.164	0.2537	0.1679	0.2534	0.2637	0.119	0.4154	0.3114
333	0.0539	0.358	0.2415	0.1018	0.2621	0.2058	0.164	0.2538	0.1678	0.253	0.2634	0.1189	0.415	0.311
334	0.0538	0.3497	0.2421	0.1016	0.2628	0.2051	0.1633	0.2536	0.1678	0.2532	0.2638	0.1189	0.4154	0.3114
335	0.0535	0.3537	0.2422	0.1021	0.2632	0.2048	0.1629	0.2535	0.1675	0.2529	0.2635	0.1188	0.4141	0.311
336	0.0535	0.3543	0.243	0.1021	0.2634	0.2054	0.1633	0.2538	0.1677	0.2535	0.2637	0.1189	0.4141	0.311
337	0.0536	0.3589	0.2419	0.102	0.2628	0.2047	0.1626	0.2533	0.1674	0.2526	0.2633	0.1188	0.4144	0.3109
338	0.0537	0.3515	0.2415	0.1017	0.2624	0.205	0.163	0.2534	0.1672	0.2527	0.2631	0.1188	0.4147	0.3108
339	0.0533	0.3538	0.2407	0.1016	0.2617	0.2051	0.1633	0.2534	0.1673	0.2522	0.263	0.1187	0.4143	0.3107
340	0.0536	0.3537	0.2409	0.1018	0.262	0.2058	0.1638	0.2539	0.168	0.2533	0.2636	0.1186	0.4143	0.3106
341	0.0532	0.3538	0.2433	0.1026	0.2636	0.2055	0.1635	0.2538	0.1676	0.2526	0.2634	0.1188	0.4148	0.3109
342	0.0534	0.3523	0.242	0.1025	0.2628	0.2052	0.1632	0.2535	0.1671	0.2524	0.2629	0.1186	0.4136	0.3103
343	0.0531	0.3548	0.242	0.1018	0.2627	0.2051	0.1631	0.2533	0.1674	0.2523	0.2629	0.1184	0.4138	0.3102
344	0.0533	0.3529	0.2425	0.102	0.2634	0.2057	0.1631	0.2541	0.1673	0.2521	0.2634	0.1183	0.4132	0.3104
345	0.0531	0.3594	0.2412	0.1017	0.2628	0.2057	0.1634	0.2542	0.1675	0.2523	0.2636	0.1183	0.4126	0.3104
346	0.053	0.3582	0.2418	0.102	0.2633	0.2055	0.1637	0.2543	0.1671	0.2517	0.2634	0.1184	0.413	0.3107
347	0.053	0.3534	0.2421	0.1023	0.2632	0.2056	0.1636	0.2542	0.1674	0.2531	0.2638	0.1182	0.4125	0.3104
348	0.0532	0.3558	0.2418	0.1024	0.263	0.2057	0.1637	0.2543	0.167	0.2526	0.2634	0.1182	0.4127	0.3103
349	0.0529	0.3539	0.2425	0.1027	0.2637	0.2053	0.1634	0.2541	0.167	0.2527	0.2635	0.1182	0.413	0.3105
350	0.0534	0.3528	0.2414	0.1015	0.2627	0.2056	0.1635	0.2541	0.1672	0.2524	0.2634	0.1183	0.4133	0.3105
351	0.053	0.357	0.2412	0.1021	0.2625	0.2051	0.1631	0.2537	0.1672	0.2526	0.2634	0.1183	0.4139	0.3106
352	0.0526	0.3614	0.2426	0.1028	0.2636	0.2048	0.1629	0.2535	0.167	0.252	0.2631	0.1182	0.413	0.3102
353	0.0533	0.3538	0.2424	0.1029	0.2629	0.2049	0.1627	0.2531	0.1667	0.252	0.2627	0.118	0.4128	0.3098
354	0.0528	0.3548	0.2414	0.1021	0.2622	0.2051	0.1634	0.2532	0.1667	0.2516	0.2623	0.118	0.4122	0.3094
355	0.0531	0.3508	0.2402	0.1014	0.2609	0.2049	0.1633	0.2528	0.1668	0.2522	0.2623	0.118	0.4126	0.3093
356	0.0524	0.3543	0.2396	0.1009	0.2608	0.2049	0.1633	0.253	0.1663	0.2517	0.2621	0.1179	0.4123	0.3093
357	0.0524	0.3561	0.2395	0.1011	0.2606	0.2049	0.163	0.2529	0.1667	0.2519	0.2624	0.118	0.4127	0.3095
358	0.0531	0.358	0.2394	0.101	0.2601	0.2045	0.1628	0.2523	0.1666	0.252	0.262	0.1179	0.4126	0.309
359	0.0527	0.3591	0.2401	0.1013	0.2605	0.2042	0.1626	0.2519	0.167	0.2522	0.262	0.1178	0.4117	0.3085
360	0.052	0.364	0.2402	0.1019	0.2608	0.2038	0.162	0.2517	0.1665	0.2517	0.2618	0.1178	0.4116	0.3086
361	0.0527	0.3574	0.2396	0.1012	0.2598	0.2038	0.162	0.2513	0.1666	0.2524	0.2616	0.1177	0.4116	0.3082
362	0.0526	0.3637	0.2396	0.1018	0.2603	0.2041	0.1624	0.252	0.1663	0.2514	0.2616	0.1178	0.4124	0.3088
363	0.0523	0.3606	0.2394	0.1014	0.2604	0.2043	0.1628	0.2524	0.1666	0.2525	0.2621	0.1178	0.4115	0.3087
364	0.0527	0.3611	0.2392	0.1013	0.2599	0.2034	0.1623	0.2515	0.1662	0.2519	0.2615	0.1176	0.411	0.3081
365	0.0524	0.3596	0.2387	0.1021	0.2597	0.2035	0.1631	0.2515	0.1658	0.2506	0.2608	0.1176	0.4112	0.3081
366	0.0522	0.3596	0.2379	0.1013	0.2591	0.2041	0.1637	0.252	0.1654	0.2501	0.2605	0.1177	0.4115	0.3081
367	0.0519	0.3597	0.2402	0.1019	0.261	0.2041	0.1633	0.2524	0.1659	0.2514	0.2615	0.1176	0.411	0.3084
368	0.0522	0.362	0.2397	0.1014	0.261	0.2032	0.1625	0.2519	0.1656	0.2512	0.2615	0.1177	0.4112	0.3086
369	0.0521	0.3627	0.2388	0.1013	0.2608	0.2034	0.1627	0.2522	0.1657	0.2507	0.2615	0.1176	0.4115	0.3088
370	0.0527	0.3636	0.2396	0.1014	0.2609	0.2033	0.1628	0.2519	0.1659	0.2511	0.2614	0.1176	0.4106	0.3082
371	0.0518	0.3595	0.2394	0.1011	0.2605	0.203	0.1626	0.2516	0.1656	0.2508	0.2612	0.1176	0.4116	0.3085
372	0.0519	0.3608	0.2403	0.1017	0.261	0.2028	0.1626	0.2514	0.1656	0.2506	0.261	0.1176	0.4119	0.3085
373	0.0516	0.3574	0.2413	0.1022	0.2619	0.2034	0.1627	0.2518	0.1657	0.2505	0.2611	0.1176	0.4113	0.3084
374	0.052	0.364	0.2414	0.1021	0.2622	0.2036	0.1629	0.2522	0.1655	0.2508	0.2614	0.1176	0.4113	0.3086
375	0.0518	0.3574	0.2412	0.1019	0.2619	0.2034	0.1627	0.252	0.1651	0.2506	0.2611	0.1175	0.4113	0.3086
376	0.0516	0.3595	0.2409	0.1015	0.2611	0.2035	0.1624	0.2516	0.1653	0.2502	0.2607	0.1174	0.4111	0.3081
377	0.0516	0.3652	0.2414	0.1017	0.2618	0.2034	0.1627	0.2518	0.1654	0.251	0.2612	0.1173	0.4109	0.3083
378	0.0515	0.368	0.2383	0.1002	0.2592	0.2031	0.1625	0.2511	0.1656	0.2505	0.2608	0.1173	0.4106	0.3078
379	0.052	0.3653	0.2387	0.1007	0.26	0.2028	0.1623	0.2514	0.1652	0.2501	0.2608	0.1173	0.4104	0.308
380	0.0515	0.3675	0.2395	0.101	0.2604	0.2024	0.1622	0.251	0.1654	0.2501	0.2608	0.1174	0.4107	0.308
381	0.0515	0.3649	0.2385	0.1007	0.2598	0.2028	0.1622	0.2511	0.1654	0.2497	0.2605	0.1174	0.4106	0.3078
382	0.0514	0.3656	0.2385	0.1007	0.2599	0.2023	0.1619	0.251	0.1653	0.25	0.2608	0.1174	0.4105	0.308
383	0.0511	0.3656	0.2385	0.1007	0.2603	0.2023	0.1618	0.2512	0.1651	0.2501	0.2608	0.117	0.4098	0.3078
384	0.0518	0.3686	0.2377	0.1008	0.2596	0.202	0.1615	0.2507	0.1653	0.2504	0.2609	0.1169	0.4101	0.3076
385	0.0516	0.3675	0.2373	0.1003	0.2591	0.2018	0.1609	0.2504	0.1654	0.2504	0.2608	0.1169	0.4102	0.3075
386	0.0513	0.3636	0.2361	0.0999	0.2576	0.2014	0.1617	0.2496	0.1646	0.2497	0.2596	0.117	0.4103	0.307
387	0.0512	0.3698	0.236	0.1002	0.2574	0.2017	0.1615	0.2495	0.1647	0.2501	0.2594	0.1168	0.4097	0.3065
388	0.0515	0.3712	0.2354	0.0999	0.257	0.2013	0.1612	0.2492	0.1647	0.2499	0.2595	0.1168	0.4099	0.3066
389	0.0511	0.3663	0.2356	0.0995	0.2571	0.2008	0.1605	0.2489	0.165	0.2503	0.2596	0.1168	0.4098	0.3065
390	0.0512	0.3674	0.2371	0.1	0.2582	0.2008	0.1603	0.249	0.1646	0.2498	0.2595	0.1169	0.4099	0.3067
391	0.0509	0.3671	0.2352	0.099	0.2565	0.2013	0.1605	0.2489	0.1648	0.2509	0.2595	0.1168	0.4099	0.3063
392	0.051	0.3678	0.2355	0.099	0.2563	0.2013	0.1606	0.2487	0.1646	0.2502	0.259	0.1167	0.4095	0.3059
393	0.0513	0.3675	0.2354	0.0992	0.2568	0.2017	0.1614	0.2494	0.1647	0.2507	0.2594	0.1167	0.4093	0.3061
394	0.0511	0.3669	0.2361	0.0995	0.2574	0.2011	0.1612	0.2492	0.1641	0.2496	0.259	0.1166	0.4093	0.3061
395	0.0506	0.3665	0.2353	0.0995	0.2565	0.2014	0.1614	0.2492	0.1643	0.2495	0.259	0.1167	0.4094	0.3061
396	0.0508	0.3622	0.2364	0.1001	0.2575	0.2015	0.1614	0.2495	0.1641	0.249	0.2589	0.1167	0.4092	0.3062
397	0.0506	0.3667	0.2354	0.0997	0.2572	0.2014	0.1611	0.2495	0.1646	0.2497	0.2595	0.1167	0.4093	0.3064
398	0.0508	0.3703	0.2357	0.0999	0.2567	0.2012	0.1611	0.2488	0.164	0.2493	0.2586	0.1165	0.4091	0.3058
399	0.0502	0.3681	0.2356	0.0999	0.2568	0.2012	0.1608	0.249	0.1638	0.2492	0.2587	0.1168	0.4089	0.3061
400	0.0508	0.3688	0.236	0.0995	0.257	0.2017	0.1614	0.2493	0.1637	0.2489	0.2584	0.1166	0.4087	0.3058
401	0.0507	0.3663	0.2371	0.1001	0.2583	0.2014	0.1614	0.2497	0.1636	0.2491	0.2589	0.1164	0.4084	0.3061
402	0.0512	0.3721	0.2368	0.0999	0.2582	0.2014	0.1604	0.2495	0.1636	0.2492	0.2588	0.1166	0.4089	0.3062
403	0.0512	0.3681	0.2366	0.0999	0.2583	0.2015	0.1603	0.2496	0.1642	0.2501	0.2593	0.1165	0.4091	0.3061
404	0.0507	0.3693	0.2351	0.0999	0.257	0.2021	0.1613	0.2499	0.1642	0.2497	0.2591	0.1163	0.4081	0.3057
405	0.051	0.3685	0.2358	0.1	0.2578	0.2023	0.162	0.2504	0.164	0.2496	0.2592	0.1163	0.408	0.3059
406	0.0512	0.375	0.2349	0.0994	0.2572	0.202	0.1619	0.2502	0.1643	0.2503	0.2596	0.1162	0.4074	0.3057
407	0.0505	0.3692	0.235	0.0996	0.2571	0.2018	0.1617	0.25	0.1643	0.2499	0.2595	0.1162	0.4073	0.3057
408	0.0508	0.3691	0.2355	0.0996	0.2575	0.2017	0.1618	0.2501	0.1639	0.2497	0.2593	0.1162	0.4071	0.3057
409	0.0511	0.3712	0.2352	0.0994	0.2568	0.2007	0.1611	0.2491	0.1637	0.2494	0.2588	0.1163	0.4072	0.3054
410	0.0506	0.3723	0.2355	0.0992	0.2567	0.2005	0.161	0.2486	0.1637	0.2495	0.2586	0.1161	0.4073	0.3051
411	0.0507	0.371	0.2341	0.0988	0.2556	0.2008	0.1613	0.2487	0.164	0.2497	0.2587	0.116	0.4068	0.3049
412	0.0508	0.3697	0.2342	0.0989	0.2556	0.2002	0.1607	0.2481	0.1633	0.2492	0.2581	0.116	0.4067	0.3047
413	0.0505	0.3746	0.235	0.0992	0.2565	0.1999	0.1604	0.2481	0.1636	0.2497	0.2586	0.1158	0.4061	0.3047
414	0.0504	0.3693	0.2349	0.0992	0.2563	0.1993	0.1596	0.2474	0.1631	0.249	0.2579	0.1158	0.4063	0.3044
415	0.0506	0.373	0.234	0.0992	0.2558	0.2001	0.1605	0.2481	0.1636	0.2496	0.2582	0.1159	0.4065	0.3045
416	0.0505	0.3734	0.2344	0.0993	0.2557	0.1998	0.1602	0.2478	0.1633	0.2495	0.258	0.1158	0.4064	0.3044
417	0.0503	0.3715	0.2339	0.0992	0.256	0.2	0.16	0.2483	0.1633	0.2493	0.2583	0.1158	0.4067	0.3048
418	0.0505	0.3779	0.2342	0.0998	0.2565	0.1994	0.1598	0.248	0.163	0.2489	0.2582	0.1159	0.4064	0.3048
419	0.05	0.3727	0.2358	0.1002	0.2572	0.1996	0.1599	0.2479	0.163	0.2486	0.2579	0.1159	0.4063	0.3046
420	0.0501	0.3743	0.2357	0.0998	0.2575	0.1996	0.1603	0.2483	0.1631	0.2487	0.2581	0.1158	0.4065	0.3047
421	0.0502	0.3755	0.235	0.0995	0.2565	0.1995	0.1603	0.2479	0.163	0.2488	0.2578	0.1158	0.4064	0.3045
422	0.0504	0.3763	0.2349	0.0995	0.2563	0.1992	0.1597	0.2475	0.1628	0.2487	0.2577	0.1157	0.4052	0.3041
423	0.0506	0.3742	0.2345	0.0997	0.2555	0.199	0.1599	0.2469	0.1625	0.2484	0.257	0.1158	0.4057	0.3038
424	0.0503	0.3729	0.2339	0.0991	0.2552	0.199	0.1599	0.2469	0.1627	0.2486	0.2572	0.1159	0.4058	0.3039
425	0.0501	0.3779	0.234	0.0992	0.2548	0.1994	0.1601	0.2469	0.1627	0.2485	0.2569	0.1158	0.4058	0.3036
426	0.0496	0.375	0.2337	0.0992	0.2549	0.1994	0.1599	0.247	0.1627	0.2486	0.2571	0.1156	0.4056	0.3035
427	0.0501	0.3731	0.2334	0.0993	0.2549	0.1992	0.1599	0.247	0.1621	0.248	0.2566	0.1157	0.406	0.3036
428	0.05	0.3759	0.2339	0.099	0.2552	0.1993	0.1601	0.2471	0.1621	0.2478	0.2565	0.1155	0.4054	0.3033
429	0.0505	0.3818	0.2341	0.0991	0.2556	0.199	0.1595	0.2471	0.1623	0.2479	0.2569	0.1154	0.4052	0.3034
430	0.0497	0.3774	0.2333	0.0986	0.2553	0.1986	0.1593	0.2469	0.1623	0.2479	0.2568	0.1155	0.4051	0.3034
431	0.0496	0.3735	0.2327	0.0981	0.2549	0.1986	0.159	0.2468	0.162	0.2475	0.2567	0.1155	0.4052	0.3035
432	0.0496	0.3751	0.2332	0.0988	0.255	0.1985	0.1595	0.2468	0.1621	0.2474	0.2566	0.1154	0.4049	0.3033
433	0.05	0.3758	0.2349	0.0994	0.256	0.1987	0.1594	0.2469	0.1621	0.2475	0.2566	0.1152	0.4045	0.3031
434	0.0496	0.3676	0.2339	0.0988	0.2552	0.1986	0.1596	0.2468	0.1618	0.2467	0.2562	0.1152	0.4042	0.3028
435	0.0496	0.381	0.2337	0.099	0.255	0.1977	0.1586	0.2461	0.162	0.2473	0.2564	0.1151	0.4043	0.3029
436	0.0503	0.3795	0.233	0.0988	0.2545	0.198	0.1582	0.246	0.1615	0.2467	0.2559	0.1151	0.4043	0.3027
437	0.0497	0.3789	0.2334	0.0987	0.255	0.198	0.1586	0.2462	0.1612	0.2462	0.2557	0.115	0.4042	0.3026
438	0.0499	0.3798	0.2335	0.0995	0.2553	0.1981	0.1586	0.2465	0.1615	0.2472	0.2563	0.115	0.404	0.3028
439	0.0495	0.3779	0.2337	0.0994	0.2552	0.1988	0.1592	0.2469	0.1617	0.2473	0.2564	0.115	0.4041	0.3027
440	0.0493	0.3766	0.2336	0.0989	0.2551	0.1985	0.1589	0.2466	0.1614	0.2467	0.256	0.1151	0.4036	0.3026
441	0.0496	0.3793	0.2337	0.0992	0.255	0.1982	0.1583	0.2463	0.1614	0.2466	0.2559	0.115	0.4032	0.3024
442	0.0498	0.379	0.234	0.0992	0.2552	0.1981	0.1586	0.2463	0.1611	0.2459	0.2557	0.115	0.4034	0.3025
443	0.0493	0.3792	0.2323	0.0988	0.2539	0.1981	0.1589	0.2461	0.1612	0.2458	0.2555	0.115	0.4038	0.3024
444	0.0496	0.381	0.2317	0.0984	0.2533	0.1982	0.159	0.246	0.1613	0.2464	0.2555	0.115	0.4044	0.3023
445	0.0496	0.3797	0.2316	0.0982	0.253	0.197	0.1579	0.245	0.1609	0.2458	0.255	0.1149	0.4037	0.302
446	0.0498	0.3824	0.2318	0.0984	0.2532	0.198	0.1586	0.2456	0.1608	0.246	0.2551	0.1148	0.4032	0.3018
447	0.0494	0.3784	0.2321	0.0987	0.2535	0.1979	0.1588	0.2457	0.1607	0.2456	0.255	0.1149	0.4036	0.302
448	0.0492	0.3805	0.2317	0.0985	0.2531	0.1981	0.1589	0.2458	0.161	0.246	0.2552	0.1148	0.4037	0.3021
449	0.0492	0.3741	0.2327	0.099	0.2538	0.1984	0.1594	0.246	0.1607	0.2461	0.255	0.1148	0.403	0.3018
450	0.0494	0.3826	0.2332	0.0993	0.2538	0.199	0.1599	0.2461	0.1615	0.247	0.2554	0.1149	0.4037	0.3019
451	0.0494	0.379	0.2331	0.0995	0.2531	0.1988	0.1597	0.2456	0.1614	0.2474	0.2551	0.1147	0.4028	0.3012
452	0.0494	0.3799	0.233	0.0991	0.2534	0.1985	0.1593	0.2455	0.1612	0.2468	0.2549	0.1148	0.4031	0.3013
453	0.049	0.3787	0.2328	0.0989	0.2533	0.1984	0.1598	0.2456	0.1613	0.2466	0.2549	0.1148	0.4032	0.3013
454	0.0494	0.3841	0.2325	0.0985	0.253	0.1986	0.1595	0.2455	0.1614	0.2468	0.2548	0.1149	0.4036	0.3012
455	0.0491	0.379	0.2327	0.0988	0.2534	0.1983	0.1592	0.2455	0.1611	0.2465	0.2548	0.1148	0.4032	0.3014
456	0.049	0.3826	0.2329	0.0991	0.2538	0.1984	0.1594	0.2458	0.161	0.2458	0.2547	0.1148	0.4031	0.3013
457	0.0497	0.3838	0.2324	0.0988	0.2535	0.1982	0.159	0.2456	0.1609	0.2459	0.2548	0.1148	0.4029	0.3014
458	0.0489	0.3792	0.2326	0.0984	0.2532	0.1978	0.1589	0.245	0.1613	0.2463	0.2548	0.1148	0.4033	0.3012
459	0.0493	0.3869	0.2332	0.0978	0.2536	0.1979	0.1591	0.2452	0.1611	0.2459	0.2547	0.1148	0.4033	0.3013
460	0.049	0.3824	0.2322	0.0977	0.2531	0.198	0.1589	0.2453	0.1609	0.2461	0.2547	0.1149	0.4032	0.3013
461	0.0487	0.3773	0.2314	0.097	0.2527	0.1985	0.1594	0.2459	0.1607	0.2454	0.2546	0.1147	0.4024	0.3012
462	0.0496	0.3843	0.2325	0.0976	0.2533	0.1982	0.159	0.2456	0.1606	0.2452	0.2545	0.1146	0.4025	0.3012
463	0.049	0.3886	0.2318	0.0975	0.2528	0.198	0.1588	0.2453	0.1606	0.2453	0.2543	0.1146	0.4026	0.301
464	0.0486	0.3826	0.2328	0.0978	0.2535	0.1983	0.159	0.2456	0.1607	0.2448	0.2545	0.1146	0.4027	0.3012
465	0.0493	0.3826	0.2312	0.0977	0.2524	0.198	0.1594	0.2455	0.1606	0.2451	0.2543	0.1147	0.4029	0.3012
466	0.0493	0.382	0.2309	0.0974	0.2525	0.1986	0.1597	0.246	0.1605	0.2449	0.2545	0.1146	0.4027	0.3013
467	0.0488	0.3836	0.2313	0.0974	0.2529	0.1986	0.1594	0.2461	0.1606	0.2454	0.2546	0.1145	0.4022	0.3011
468	0.049	0.3784	0.232	0.0977	0.2534	0.198	0.1592	0.2457	0.1607	0.2456	0.2547	0.1146	0.4021	0.3012
469	0.0492	0.385	0.2311	0.0977	0.2528	0.198	0.1592	0.2456	0.1608	0.2451	0.2545	0.1145	0.4017	0.3009
470	0.0489	0.3813	0.2306	0.0975	0.2527	0.1986	0.1597	0.2463	0.1609	0.2453	0.2548	0.1145	0.4018	0.3011
471	0.0487	0.3787	0.2315	0.0975	0.2528	0.1981	0.1594	0.2457	0.1606	0.2444	0.2544	0.1146	0.4025	0.3012
472	0.0491	0.3857	0.2316	0.0972	0.2531	0.1981	0.1594	0.2458	0.1608	0.2449	0.2546	0.1144	0.4019	0.301
473	0.0487	0.3801	0.2313	0.0973	0.2522	0.1971	0.1587	0.2446	0.1609	0.2454	0.2542	0.1143	0.4013	0.3002
474	0.0492	0.382	0.2313	0.0978	0.2525	0.1965	0.1585	0.2444	0.1607	0.2453	0.2542	0.1143	0.401	0.3002
475	0.0491	0.3811	0.2317	0.0983	0.2529	0.1971	0.159	0.2448	0.1608	0.2451	0.2542	0.1143	0.4012	0.3003
476	0.0491	0.3831	0.2319	0.0981	0.2532	0.1969	0.1588	0.2448	0.1605	0.245	0.2542	0.1142	0.4006	0.3002
477	0.0489	0.3807	0.2326	0.0986	0.254	0.1972	0.1592	0.2453	0.1607	0.2454	0.2547	0.1144	0.4016	0.3008
478	0.0485	0.386	0.2323	0.0985	0.254	0.1974	0.1593	0.2457	0.1608	0.2458	0.2549	0.1144	0.4017	0.301
479	0.0484	0.379	0.2309	0.098	0.2525	0.1968	0.1587	0.2447	0.1606	0.2451	0.2542	0.1142	0.4013	0.3004
480	0.0487	0.3881	0.2303	0.0973	0.2517	0.1969	0.1586	0.2444	0.1602	0.2444	0.2535	0.1142	0.4012	0.3
481	0.0492	0.3894	0.2299	0.097	0.2512	0.1967	0.1585	0.2441	0.16	0.2437	0.2531	0.1142	0.4014	0.2999
482	0.0484	0.3846	0.2304	0.0972	0.2518	0.197	0.1596	0.2448	0.1602	0.2438	0.2535	0.1141	0.4011	0.3
483	0.049	0.393	0.2317	0.0977	0.2526	0.197	0.1592	0.2448	0.1598	0.2431	0.2532	0.1142	0.4013	0.3002
484	0.0488	0.3841	0.2324	0.0981	0.2531	0.1968	0.1588	0.2445	0.1601	0.2434	0.2533	0.1141	0.401	0.3
485	0.0487	0.3845	0.2307	0.0976	0.2521	0.1958	0.1582	0.2439	0.1599	0.2432	0.2532	0.1141	0.401	0.2999
486	0.0486	0.3829	0.2301	0.0972	0.2515	0.196	0.1581	0.2438	0.1599	0.2437	0.2531	0.114	0.4009	0.2997
487	0.049	0.3925	0.2296	0.0967	0.2516	0.1956	0.1581	0.2439	0.1596	0.2432	0.2531	0.114	0.401	0.3
488	0.0486	0.3819	0.2298	0.0968	0.2516	0.1953	0.1578	0.2436	0.1597	0.2432	0.2531	0.1138	0.4007	0.2997
489	0.0487	0.3862	0.2292	0.097	0.2504	0.1954	0.1583	0.2433	0.1597	0.2435	0.2528	0.1139	0.4007	0.2994
490	0.0482	0.3933	0.2297	0.0976	0.2508	0.1951	0.1577	0.2428	0.1594	0.2437	0.2525	0.1138	0.4008	0.2993
491	0.0486	0.3923	0.2296	0.0973	0.2511	0.1947	0.1572	0.2427	0.1591	0.2434	0.2524	0.1137	0.4009	0.2993
492	0.0486	0.3877	0.2299	0.0967	0.251	0.1954	0.1573	0.2431	0.1596	0.2443	0.2529	0.1138	0.4009	0.2993
493	0.0483	0.3915	0.2298	0.0965	0.2506	0.1953	0.158	0.2429	0.1592	0.2438	0.2523	0.1136	0.4003	0.2988
494	0.0486	0.3826	0.2294	0.0962	0.2502	0.1958	0.1577	0.2431	0.1595	0.2439	0.2524	0.1135	0.4002	0.2987
495	0.0485	0.39	0.2289	0.0959	0.2495	0.1951	0.1576	0.2424	0.1591	0.2432	0.2518	0.1136	0.4006	0.2986
496	0.0485	0.3851	0.2283	0.0955	0.2491	0.1952	0.1578	0.2424	0.1593	0.243	0.2517	0.1136	0.4006	0.2985
497	0.0483	0.3823	0.2288	0.0959	0.2495	0.1954	0.1575	0.2425	0.1595	0.2438	0.2522	0.1135	0.4003	0.2985
498	0.0482	0.3852	0.2294	0.0959	0.2499	0.1953	0.1571	0.2423	0.1591	0.2432	0.2517	0.1136	0.4005	0.2985
499	0.0481	0.3885	0.2286	0.0957	0.2492	0.1955	0.1576	0.2424	0.1591	0.2435	0.2518	0.1134	0.3997	0.2981
500	0.048	0.3934	0.2295	0.096	0.2503	0.1951	0.1578	0.2426	0.1592	0.2438	0.2522	0.1134	0.3995	0.2983
