{"n_layers": 1, "device": "cuda", "batch_size": 2048, "embedding_dim": 128, "learning_rate": 0.0005, "dataset": "dbbook", "epochs": 150, "top_k": 5, "multimodal": false, "datasets": {"dbbook": ["images", "text"], "ml1m": ["audio", "images", "text", "video"]}}
Epoch	Loss	Recall	Precision	NDCG
1	0.6923	0.0031	0.0045	0.0048
2	0.6914	0.0105	0.0151	0.0166
3	0.6898	0.0180	0.0245	0.0260
4	0.6867	0.0213	0.0282	0.0291
5	0.6808	0.0219	0.0287	0.0294
6	0.6710	0.0222	0.0291	0.0294
7	0.6562	0.0232	0.0304	0.0302
8	0.6362	0.0230	0.0305	0.0303
9	0.6116	0.0231	0.0312	0.0306
10	0.5834	0.0222	0.0305	0.0300
11	0.5535	0.0222	0.0303	0.0300
12	0.5230	0.0218	0.0302	0.0298
13	0.4939	0.0219	0.0302	0.0300
14	0.4662	0.0220	0.0302	0.0300
15	0.4414	0.0223	0.0302	0.0302
16	0.4192	0.0226	0.0305	0.0304
17	0.3968	0.0227	0.0307	0.0308
18	0.3785	0.0225	0.0306	0.0307
19	0.3612	0.0225	0.0308	0.0308
20	0.3464	0.0227	0.0311	0.0311
21	0.3326	0.0229	0.0315	0.0314
22	0.3203	0.0234	0.0321	0.0319
23	0.3063	0.0236	0.0324	0.0322
24	0.2967	0.0237	0.0325	0.0323
25	0.2858	0.0240	0.0326	0.0326
26	0.2762	0.0240	0.0327	0.0325
27	0.2681	0.0243	0.0330	0.0330
28	0.2601	0.0245	0.0333	0.0334
29	0.2530	0.0251	0.0339	0.0341
30	0.2433	0.0254	0.0342	0.0345
31	0.2394	0.0258	0.0348	0.0351
32	0.2311	0.0262	0.0354	0.0355
33	0.2249	0.0264	0.0357	0.0358
34	0.2189	0.0265	0.0357	0.0361
35	0.2121	0.0266	0.0361	0.0365
36	0.2052	0.0269	0.0364	0.0369
37	0.1999	0.0270	0.0365	0.0371
38	0.1954	0.0273	0.0367	0.0374
39	0.1915	0.0272	0.0365	0.0374
40	0.1827	0.0280	0.0370	0.0379
41	0.1782	0.0282	0.0373	0.0382
42	0.1771	0.0282	0.0376	0.0384
43	0.1716	0.0286	0.0381	0.0389
44	0.1669	0.0285	0.0381	0.0390
45	0.1648	0.0293	0.0387	0.0396
46	0.1588	0.0295	0.0389	0.0399
47	0.1578	0.0297	0.0391	0.0401
48	0.1502	0.0298	0.0393	0.0404
49	0.1521	0.0297	0.0393	0.0405
50	0.1467	0.0295	0.0394	0.0406
51	0.1438	0.0302	0.0401	0.0414
52	0.1398	0.0300	0.0402	0.0415
53	0.1358	0.0300	0.0402	0.0417
54	0.1308	0.0304	0.0405	0.0421
55	0.1319	0.0308	0.0409	0.0425
56	0.1289	0.0309	0.0411	0.0428
57	0.1266	0.0312	0.0415	0.0432
58	0.1217	0.0314	0.0418	0.0436
59	0.1189	0.0317	0.0419	0.0438
60	0.1192	0.0320	0.0422	0.0441
61	0.1157	0.0320	0.0423	0.0441
62	0.1132	0.0320	0.0423	0.0442
63	0.1116	0.0322	0.0422	0.0444
64	0.1099	0.0325	0.0424	0.0447
65	0.1062	0.0329	0.0428	0.0452
66	0.1045	0.0330	0.0430	0.0454
67	0.1037	0.0330	0.0430	0.0455
68	0.1003	0.0333	0.0432	0.0457
69	0.0969	0.0335	0.0436	0.0461
70	0.0962	0.0335	0.0435	0.0462
71	0.0961	0.0339	0.0439	0.0464
72	0.0961	0.0339	0.0440	0.0465
73	0.0912	0.0339	0.0439	0.0465
74	0.0898	0.0340	0.0440	0.0466
75	0.0862	0.0340	0.0442	0.0468
76	0.0868	0.0339	0.0440	0.0469
77	0.0848	0.0339	0.0438	0.0468
78	0.0842	0.0343	0.0443	0.0473
79	0.0835	0.0346	0.0444	0.0477
80	0.0811	0.0349	0.0447	0.0480
81	0.0783	0.0347	0.0447	0.0481
82	0.0769	0.0349	0.0451	0.0484
83	0.0772	0.0355	0.0456	0.0490
84	0.0749	0.0356	0.0458	0.0492
85	0.0753	0.0357	0.0458	0.0494
86	0.0734	0.0358	0.0461	0.0496
87	0.0705	0.0357	0.0459	0.0497
88	0.0721	0.0356	0.0459	0.0497
89	0.0686	0.0355	0.0457	0.0495
90	0.0687	0.0358	0.0461	0.0499
91	0.0677	0.0359	0.0464	0.0501
92	0.0667	0.0359	0.0466	0.0504
93	0.0656	0.0359	0.0465	0.0504
94	0.0658	0.0362	0.0468	0.0505
95	0.0660	0.0365	0.0472	0.0508
96	0.0636	0.0367	0.0474	0.0512
97	0.0603	0.0368	0.0477	0.0514
98	0.0598	0.0368	0.0477	0.0515
99	0.0597	0.0368	0.0475	0.0515
100	0.0610	0.0368	0.0474	0.0517
101	0.0600	0.0369	0.0477	0.0522
102	0.0573	0.0369	0.0474	0.0520
103	0.0567	0.0372	0.0477	0.0523
104	0.0567	0.0372	0.0477	0.0524
105	0.0569	0.0375	0.0481	0.0526
106	0.0560	0.0377	0.0483	0.0529
107	0.0537	0.0378	0.0482	0.0530
108	0.0538	0.0378	0.0483	0.0532
109	0.0513	0.0378	0.0482	0.0531
110	0.0527	0.0379	0.0485	0.0534
111	0.0519	0.0379	0.0485	0.0536
112	0.0505	0.0381	0.0487	0.0538
113	0.0514	0.0381	0.0488	0.0540
114	0.0498	0.0384	0.0490	0.0542
115	0.0504	0.0385	0.0493	0.0545
116	0.0469	0.0384	0.0491	0.0544
117	0.0482	0.0384	0.0491	0.0543
118	0.0469	0.0386	0.0492	0.0545
119	0.0469	0.0387	0.0495	0.0547
120	0.0461	0.0386	0.0492	0.0545
121	0.0458	0.0384	0.0492	0.0546
122	0.0437	0.0384	0.0492	0.0548
123	0.0436	0.0384	0.0493	0.0549
124	0.0450	0.0386	0.0494	0.0550
125	0.0434	0.0386	0.0495	0.0552
126	0.0420	0.0386	0.0495	0.0554
127	0.0429	0.0388	0.0496	0.0555
128	0.0407	0.0387	0.0496	0.0555
129	0.0425	0.0389	0.0497	0.0558
130	0.0421	0.0391	0.0501	0.0560
131	0.0404	0.0396	0.0506	0.0565
132	0.0393	0.0399	0.0510	0.0567
133	0.0399	0.0394	0.0504	0.0564
134	0.0399	0.0394	0.0505	0.0564
135	0.0381	0.0396	0.0509	0.0568
136	0.0385	0.0397	0.0512	0.0570
137	0.0376	0.0398	0.0515	0.0572
138	0.0376	0.0399	0.0516	0.0575
139	0.0367	0.0400	0.0516	0.0574
140	0.0361	0.0399	0.0515	0.0574
141	0.0353	0.0400	0.0516	0.0575
142	0.0358	0.0399	0.0514	0.0574
143	0.0353	0.0400	0.0515	0.0575
144	0.0339	0.0399	0.0514	0.0574
145	0.0338	0.0400	0.0518	0.0577
146	0.0341	0.0401	0.0519	0.0578
147	0.0338	0.0400	0.0516	0.0576
148	0.0343	0.0400	0.0516	0.0577
149	0.0333	0.0399	0.0515	0.0577
150	0.0328	0.0405	0.0520	0.0582
