{"n_layers": 0, "device": "cuda", "batch_size": 2048, "embedding_dim": 64, "learning_rate": 0.0005, "dataset": "dbbook", "epochs": 150, "top_k": 20, "multimodal": false, "datasets": {"dbbook": ["images", "text"], "ml1m": ["audio", "images", "text", "video"]}}
Epoch	Loss	Recall	Precision	NDCG
1	0.6932	0.0044	0.0016	0.0029
2	0.6927	0.0049	0.0017	0.0032
3	0.6922	0.0057	0.0020	0.0040
4	0.6917	0.0086	0.0029	0.0064
5	0.6910	0.0134	0.0045	0.0096
6	0.6902	0.0205	0.0067	0.0147
7	0.6890	0.0272	0.0090	0.0204
8	0.6875	0.0342	0.0117	0.0261
9	0.6856	0.0433	0.0146	0.0323
10	0.6830	0.0492	0.0167	0.0369
11	0.6797	0.0545	0.0187	0.0414
12	0.6757	0.0601	0.0206	0.0455
13	0.6706	0.0639	0.0221	0.0485
14	0.6646	0.0666	0.0232	0.0510
15	0.6574	0.0697	0.0243	0.0534
16	0.6490	0.0722	0.0251	0.0553
17	0.6398	0.0737	0.0257	0.0566
18	0.6292	0.0757	0.0263	0.0578
19	0.6176	0.0772	0.0269	0.0589
20	0.6050	0.0785	0.0274	0.0601
21	0.5917	0.0791	0.0276	0.0610
22	0.5778	0.0791	0.0276	0.0613
23	0.5632	0.0798	0.0278	0.0617
24	0.5485	0.0804	0.0280	0.0622
25	0.5332	0.0810	0.0282	0.0627
26	0.5180	0.0812	0.0283	0.0630
27	0.5028	0.0813	0.0283	0.0633
28	0.4880	0.0814	0.0285	0.0635
29	0.4735	0.0820	0.0286	0.0642
30	0.4595	0.0819	0.0287	0.0645
31	0.4462	0.0826	0.0288	0.0648
32	0.4330	0.0832	0.0290	0.0651
33	0.4199	0.0832	0.0290	0.0653
34	0.4079	0.0835	0.0291	0.0657
35	0.3972	0.0834	0.0291	0.0660
36	0.3850	0.0837	0.0292	0.0664
37	0.3762	0.0841	0.0293	0.0666
38	0.3672	0.0843	0.0294	0.0668
39	0.3555	0.0843	0.0294	0.0669
40	0.3465	0.0848	0.0296	0.0672
41	0.3374	0.0847	0.0295	0.0672
42	0.3298	0.0853	0.0297	0.0676
43	0.3216	0.0855	0.0298	0.0679
44	0.3133	0.0856	0.0297	0.0680
45	0.3063	0.0861	0.0298	0.0682
46	0.3006	0.0867	0.0300	0.0684
47	0.2930	0.0869	0.0301	0.0685
48	0.2869	0.0868	0.0301	0.0685
49	0.2823	0.0875	0.0302	0.0688
50	0.2751	0.0876	0.0303	0.0690
51	0.2688	0.0880	0.0304	0.0692
52	0.2623	0.0879	0.0304	0.0694
53	0.2571	0.0878	0.0303	0.0694
54	0.2520	0.0878	0.0304	0.0693
55	0.2476	0.0879	0.0304	0.0693
56	0.2432	0.0878	0.0303	0.0694
57	0.2390	0.0881	0.0304	0.0694
58	0.2338	0.0882	0.0304	0.0696
59	0.2296	0.0885	0.0306	0.0699
60	0.2246	0.0885	0.0306	0.0699
61	0.2223	0.0894	0.0308	0.0704
62	0.2149	0.0901	0.0310	0.0708
63	0.2125	0.0903	0.0311	0.0710
64	0.2083	0.0903	0.0311	0.0710
65	0.2043	0.0903	0.0311	0.0710
66	0.2021	0.0902	0.0311	0.0709
67	0.1974	0.0902	0.0311	0.0708
68	0.1931	0.0904	0.0311	0.0709
69	0.1904	0.0902	0.0310	0.0708
70	0.1878	0.0899	0.0310	0.0709
71	0.1837	0.0906	0.0311	0.0713
72	0.1819	0.0912	0.0312	0.0718
73	0.1768	0.0914	0.0313	0.0719
74	0.1737	0.0916	0.0314	0.0721
75	0.1714	0.0917	0.0315	0.0723
76	0.1690	0.0914	0.0314	0.0721
77	0.1644	0.0914	0.0314	0.0722
78	0.1622	0.0919	0.0315	0.0723
79	0.1595	0.0920	0.0315	0.0724
80	0.1557	0.0922	0.0316	0.0725
81	0.1543	0.0920	0.0316	0.0726
82	0.1512	0.0922	0.0316	0.0725
83	0.1491	0.0922	0.0316	0.0725
84	0.1473	0.0926	0.0317	0.0727
85	0.1448	0.0932	0.0318	0.0730
86	0.1413	0.0936	0.0320	0.0733
87	0.1396	0.0938	0.0320	0.0733
88	0.1371	0.0939	0.0320	0.0734
89	0.1366	0.0942	0.0321	0.0737
90	0.1330	0.0942	0.0321	0.0737
91	0.1326	0.0946	0.0322	0.0739
92	0.1300	0.0945	0.0321	0.0739
93	0.1259	0.0943	0.0321	0.0738
94	0.1237	0.0942	0.0321	0.0739
95	0.1234	0.0944	0.0322	0.0740
96	0.1202	0.0946	0.0321	0.0741
97	0.1180	0.0943	0.0320	0.0740
98	0.1170	0.0945	0.0321	0.0742
99	0.1155	0.0944	0.0321	0.0742
100	0.1130	0.0945	0.0321	0.0743
101	0.1115	0.0949	0.0322	0.0745
102	0.1098	0.0950	0.0323	0.0745
103	0.1094	0.0952	0.0323	0.0746
104	0.1071	0.0955	0.0324	0.0746
105	0.1055	0.0955	0.0324	0.0747
106	0.1045	0.0958	0.0325	0.0749
107	0.1017	0.0956	0.0325	0.0749
108	0.0987	0.0958	0.0325	0.0752
109	0.0996	0.0959	0.0326	0.0753
110	0.0979	0.0958	0.0325	0.0753
111	0.0977	0.0959	0.0326	0.0754
112	0.0944	0.0962	0.0327	0.0756
113	0.0933	0.0961	0.0326	0.0758
114	0.0918	0.0961	0.0326	0.0757
115	0.0904	0.0960	0.0326	0.0758
116	0.0893	0.0960	0.0326	0.0758
117	0.0874	0.0961	0.0327	0.0759
118	0.0855	0.0962	0.0327	0.0760
119	0.0861	0.0963	0.0327	0.0760
120	0.0840	0.0963	0.0327	0.0763
121	0.0818	0.0965	0.0328	0.0764
122	0.0822	0.0968	0.0328	0.0766
123	0.0799	0.0967	0.0328	0.0765
124	0.0804	0.0969	0.0329	0.0766
125	0.0775	0.0971	0.0329	0.0767
126	0.0759	0.0972	0.0330	0.0767
127	0.0763	0.0971	0.0329	0.0766
128	0.0755	0.0971	0.0329	0.0768
129	0.0729	0.0974	0.0330	0.0769
130	0.0738	0.0974	0.0330	0.0769
131	0.0712	0.0972	0.0329	0.0768
132	0.0709	0.0977	0.0330	0.0770
133	0.0694	0.0980	0.0331	0.0771
134	0.0690	0.0979	0.0331	0.0771
135	0.0691	0.0980	0.0331	0.0772
136	0.0675	0.0979	0.0331	0.0771
137	0.0680	0.0983	0.0332	0.0773
138	0.0650	0.0985	0.0333	0.0774
139	0.0653	0.0986	0.0333	0.0775
140	0.0636	0.0984	0.0333	0.0775
141	0.0630	0.0986	0.0333	0.0774
142	0.0623	0.0987	0.0333	0.0775
143	0.0624	0.0989	0.0334	0.0777
144	0.0613	0.0993	0.0335	0.0781
145	0.0604	0.0993	0.0335	0.0781
146	0.0607	0.0996	0.0336	0.0782
147	0.0606	0.0997	0.0336	0.0783
148	0.0575	0.1002	0.0338	0.0785
149	0.0570	0.0998	0.0337	0.0785
150	0.0559	0.0997	0.0337	0.0785
