{"n_layers": 0, "device": "cuda", "batch_size": 2048, "embedding_dim": 512, "learning_rate": 0.0005, "dataset": "dbbook", "epochs": 150, "top_k": 10, "multimodal": false, "datasets": {"dbbook": ["images", "text"], "ml1m": ["audio", "images", "text", "video"]}}
Epoch	Loss	Recall	Precision	NDCG
1	0.6932	0.0020	0.0014	0.0018
2	0.6894	0.0022	0.0016	0.0021
3	0.6859	0.0032	0.0024	0.0033
4	0.6817	0.0066	0.0046	0.0065
5	0.6765	0.0143	0.0101	0.0150
6	0.6697	0.0247	0.0176	0.0260
7	0.6607	0.0355	0.0247	0.0357
8	0.6490	0.0452	0.0312	0.0447
9	0.6341	0.0513	0.0352	0.0507
10	0.6154	0.0555	0.0381	0.0546
11	0.5928	0.0581	0.0400	0.0571
12	0.5663	0.0598	0.0412	0.0589
13	0.5366	0.0606	0.0419	0.0603
14	0.5048	0.0627	0.0431	0.0619
15	0.4716	0.0633	0.0432	0.0628
16	0.4384	0.0643	0.0439	0.0636
17	0.4062	0.0646	0.0443	0.0643
18	0.3764	0.0644	0.0444	0.0647
19	0.3478	0.0658	0.0449	0.0655
20	0.3216	0.0665	0.0454	0.0663
21	0.2975	0.0671	0.0457	0.0669
22	0.2755	0.0678	0.0461	0.0677
23	0.2559	0.0689	0.0464	0.0686
24	0.2385	0.0700	0.0469	0.0694
25	0.2224	0.0708	0.0473	0.0700
26	0.2079	0.0706	0.0473	0.0700
27	0.1946	0.0708	0.0475	0.0704
28	0.1816	0.0714	0.0478	0.0710
29	0.1704	0.0718	0.0479	0.0712
30	0.1597	0.0724	0.0482	0.0717
31	0.1504	0.0726	0.0482	0.0720
32	0.1423	0.0737	0.0489	0.0729
33	0.1339	0.0742	0.0490	0.0733
34	0.1258	0.0748	0.0495	0.0741
35	0.1186	0.0749	0.0494	0.0744
36	0.1124	0.0755	0.0497	0.0749
37	0.1070	0.0759	0.0500	0.0754
38	0.0999	0.0764	0.0503	0.0756
39	0.0953	0.0771	0.0506	0.0763
40	0.0915	0.0774	0.0508	0.0768
41	0.0863	0.0776	0.0510	0.0769
42	0.0814	0.0780	0.0512	0.0772
43	0.0770	0.0778	0.0511	0.0770
44	0.0744	0.0781	0.0513	0.0773
45	0.0709	0.0784	0.0513	0.0777
46	0.0667	0.0789	0.0517	0.0780
47	0.0639	0.0793	0.0518	0.0781
48	0.0615	0.0793	0.0518	0.0782
49	0.0578	0.0793	0.0518	0.0785
50	0.0562	0.0799	0.0522	0.0788
51	0.0532	0.0798	0.0521	0.0787
52	0.0511	0.0799	0.0521	0.0788
53	0.0500	0.0801	0.0522	0.0790
54	0.0476	0.0807	0.0524	0.0794
55	0.0460	0.0805	0.0525	0.0797
56	0.0442	0.0810	0.0528	0.0801
57	0.0421	0.0815	0.0530	0.0806
58	0.0408	0.0817	0.0531	0.0805
59	0.0392	0.0816	0.0530	0.0803
60	0.0376	0.0817	0.0530	0.0803
61	0.0362	0.0814	0.0527	0.0801
62	0.0353	0.0820	0.0530	0.0805
63	0.0334	0.0820	0.0529	0.0804
64	0.0331	0.0818	0.0530	0.0805
65	0.0313	0.0820	0.0530	0.0806
66	0.0307	0.0822	0.0529	0.0805
67	0.0293	0.0824	0.0529	0.0806
68	0.0292	0.0826	0.0529	0.0807
69	0.0277	0.0829	0.0532	0.0812
70	0.0276	0.0832	0.0534	0.0813
71	0.0264	0.0832	0.0535	0.0814
72	0.0260	0.0831	0.0535	0.0815
73	0.0246	0.0834	0.0537	0.0818
74	0.0244	0.0835	0.0537	0.0820
75	0.0239	0.0838	0.0539	0.0823
76	0.0228	0.0841	0.0540	0.0824
77	0.0226	0.0843	0.0542	0.0828
78	0.0218	0.0842	0.0543	0.0830
79	0.0216	0.0845	0.0544	0.0833
80	0.0213	0.0849	0.0548	0.0835
81	0.0205	0.0846	0.0547	0.0836
82	0.0200	0.0843	0.0545	0.0834
83	0.0193	0.0843	0.0544	0.0834
84	0.0191	0.0841	0.0543	0.0832
85	0.0185	0.0842	0.0543	0.0832
86	0.0182	0.0845	0.0544	0.0836
87	0.0181	0.0846	0.0545	0.0838
88	0.0174	0.0840	0.0543	0.0834
89	0.0176	0.0844	0.0545	0.0836
90	0.0160	0.0847	0.0547	0.0840
91	0.0165	0.0850	0.0549	0.0842
92	0.0161	0.0850	0.0550	0.0841
93	0.0159	0.0851	0.0551	0.0842
94	0.0153	0.0847	0.0549	0.0841
95	0.0150	0.0848	0.0550	0.0842
96	0.0146	0.0850	0.0551	0.0842
97	0.0147	0.0850	0.0551	0.0841
98	0.0144	0.0852	0.0551	0.0844
99	0.0143	0.0854	0.0552	0.0845
100	0.0138	0.0855	0.0551	0.0845
101	0.0134	0.0860	0.0555	0.0847
102	0.0132	0.0857	0.0554	0.0847
103	0.0132	0.0856	0.0554	0.0846
104	0.0131	0.0855	0.0553	0.0846
105	0.0123	0.0858	0.0555	0.0848
106	0.0123	0.0859	0.0554	0.0849
107	0.0125	0.0856	0.0554	0.0850
108	0.0120	0.0859	0.0554	0.0852
109	0.0122	0.0858	0.0555	0.0852
110	0.0117	0.0859	0.0557	0.0853
111	0.0113	0.0859	0.0558	0.0854
112	0.0115	0.0860	0.0557	0.0855
113	0.0115	0.0854	0.0554	0.0850
114	0.0107	0.0853	0.0555	0.0851
115	0.0109	0.0859	0.0558	0.0853
116	0.0110	0.0857	0.0555	0.0852
117	0.0106	0.0855	0.0555	0.0854
118	0.0105	0.0858	0.0557	0.0854
119	0.0106	0.0857	0.0556	0.0854
120	0.0101	0.0856	0.0554	0.0853
121	0.0103	0.0857	0.0555	0.0854
122	0.0101	0.0862	0.0558	0.0858
123	0.0100	0.0861	0.0557	0.0858
124	0.0098	0.0863	0.0558	0.0858
125	0.0100	0.0863	0.0558	0.0858
126	0.0093	0.0863	0.0556	0.0858
127	0.0098	0.0865	0.0559	0.0862
128	0.0095	0.0860	0.0555	0.0857
129	0.0093	0.0858	0.0554	0.0857
130	0.0094	0.0862	0.0555	0.0858
131	0.0090	0.0870	0.0558	0.0862
132	0.0088	0.0871	0.0558	0.0862
133	0.0093	0.0869	0.0557	0.0861
134	0.0088	0.0868	0.0557	0.0858
135	0.0089	0.0867	0.0556	0.0857
136	0.0082	0.0869	0.0558	0.0858
137	0.0085	0.0866	0.0556	0.0854
138	0.0086	0.0869	0.0557	0.0855
139	0.0085	0.0868	0.0555	0.0855
140	0.0084	0.0870	0.0557	0.0857
141	0.0081	0.0865	0.0556	0.0857
142	0.0082	0.0868	0.0557	0.0861
143	0.0077	0.0869	0.0559	0.0861
144	0.0076	0.0866	0.0557	0.0860
145	0.0084	0.0872	0.0560	0.0862
146	0.0075	0.0869	0.0560	0.0860
147	0.0077	0.0867	0.0557	0.0859
148	0.0073	0.0866	0.0557	0.0857
149	0.0075	0.0868	0.0558	0.0857
150	0.0074	0.0870	0.0560	0.0860
