{"n_layers": 0, "device": "cuda", "batch_size": 2048, "embedding_dim": 1024, "learning_rate": 0.001, "dataset": "dbbook", "epochs": 150, "top_k": 20, "multimodal": true, "datasets": {"dbbook": ["images", "text"], "ml1m": ["audio", "images", "text", "video"]}}
Epoch	Loss	Recall	Precision	NDCG
1	0.6923	0.0151	0.0045	0.0110
2	0.6722	0.0281	0.0089	0.0242
3	0.6526	0.0440	0.0143	0.0390
4	0.6289	0.0604	0.0199	0.0524
5	0.5995	0.0747	0.0250	0.0631
6	0.5627	0.0833	0.0281	0.0703
7	0.5197	0.0918	0.0309	0.0759
8	0.4715	0.0962	0.0325	0.0793
9	0.4204	0.0983	0.0333	0.0810
10	0.3706	0.1013	0.0344	0.0823
11	0.3249	0.1030	0.0349	0.0840
12	0.2848	0.1045	0.0355	0.0853
13	0.2494	0.1057	0.0359	0.0862
14	0.2187	0.1066	0.0363	0.0873
15	0.1926	0.1078	0.0367	0.0883
16	0.1718	0.1100	0.0374	0.0891
17	0.1530	0.1115	0.0378	0.0899
18	0.1379	0.1129	0.0382	0.0908
19	0.1228	0.1129	0.0383	0.0914
20	0.1113	0.1137	0.0384	0.0916
21	0.1018	0.1145	0.0387	0.0921
22	0.0917	0.1157	0.0390	0.0927
23	0.0833	0.1168	0.0392	0.0933
24	0.0771	0.1173	0.0393	0.0937
25	0.0707	0.1168	0.0393	0.0940
26	0.0656	0.1179	0.0396	0.0946
27	0.0597	0.1189	0.0399	0.0955
28	0.0558	0.1198	0.0400	0.0963
29	0.0530	0.1201	0.0401	0.0964
30	0.0488	0.1209	0.0403	0.0968
31	0.0460	0.1215	0.0405	0.0974
32	0.0436	0.1220	0.0405	0.0978
33	0.0405	0.1219	0.0407	0.0982
34	0.0378	0.1218	0.0407	0.0983
35	0.0364	0.1227	0.0409	0.0988
36	0.0345	0.1241	0.0411	0.0996
37	0.0329	0.1237	0.0410	0.0997
38	0.0304	0.1248	0.0413	0.1004
39	0.0299	0.1254	0.0415	0.1006
40	0.0278	0.1256	0.0416	0.1007
41	0.0272	0.1262	0.0418	0.1013
42	0.0261	0.1264	0.0418	0.1015
43	0.0246	0.1271	0.0419	0.1019
44	0.0237	0.1272	0.0419	0.1024
45	0.0230	0.1274	0.0421	0.1030
46	0.0225	0.1274	0.0420	0.1031
47	0.0216	0.1279	0.0422	0.1036
48	0.0212	0.1281	0.0421	0.1038
49	0.0199	0.1281	0.0422	0.1041
50	0.0190	0.1287	0.0423	0.1045
51	0.0188	0.1290	0.0424	0.1046
52	0.0188	0.1295	0.0426	0.1047
53	0.0181	0.1295	0.0426	0.1048
54	0.0174	0.1298	0.0426	0.1052
55	0.0165	0.1301	0.0427	0.1055
56	0.0161	0.1304	0.0429	0.1057
57	0.0158	0.1305	0.0429	0.1056
58	0.0156	0.1309	0.0429	0.1057
59	0.0149	0.1309	0.0429	0.1057
60	0.0150	0.1308	0.0429	0.1057
61	0.0148	0.1314	0.0430	0.1059
62	0.0143	0.1318	0.0431	0.1063
63	0.0141	0.1321	0.0432	0.1063
64	0.0137	0.1321	0.0432	0.1063
65	0.0136	0.1323	0.0432	0.1062
66	0.0128	0.1324	0.0432	0.1064
67	0.0131	0.1322	0.0432	0.1065
68	0.0127	0.1320	0.0432	0.1066
69	0.0126	0.1319	0.0432	0.1066
70	0.0123	0.1318	0.0432	0.1066
71	0.0120	0.1322	0.0433	0.1068
72	0.0119	0.1321	0.0434	0.1070
73	0.0114	0.1326	0.0433	0.1072
74	0.0113	0.1328	0.0434	0.1072
75	0.0111	0.1329	0.0434	0.1073
76	0.0110	0.1333	0.0436	0.1077
77	0.0115	0.1331	0.0435	0.1078
78	0.0109	0.1338	0.0438	0.1081
79	0.0115	0.1336	0.0437	0.1082
80	0.0103	0.1338	0.0438	0.1085
81	0.0105	0.1337	0.0438	0.1082
82	0.0105	0.1339	0.0439	0.1082
83	0.0101	0.1338	0.0438	0.1083
84	0.0107	0.1338	0.0438	0.1084
85	0.0096	0.1342	0.0439	0.1085
86	0.0100	0.1346	0.0440	0.1086
87	0.0097	0.1348	0.0440	0.1089
88	0.0101	0.1346	0.0439	0.1088
89	0.0098	0.1348	0.0439	0.1088
90	0.0100	0.1346	0.0438	0.1088
91	0.0094	0.1345	0.0438	0.1089
92	0.0093	0.1344	0.0437	0.1090
93	0.0094	0.1347	0.0437	0.1088
94	0.0095	0.1348	0.0438	0.1088
95	0.0091	0.1357	0.0439	0.1090
96	0.0091	0.1360	0.0441	0.1093
97	0.0091	0.1361	0.0441	0.1094
98	0.0091	0.1355	0.0439	0.1092
99	0.0092	0.1353	0.0439	0.1092
100	0.0088	0.1352	0.0438	0.1092
101	0.0085	0.1350	0.0438	0.1090
102	0.0087	0.1356	0.0439	0.1093
103	0.0083	0.1352	0.0438	0.1089
104	0.0088	0.1347	0.0437	0.1088
105	0.0085	0.1348	0.0436	0.1087
106	0.0086	0.1350	0.0437	0.1088
107	0.0082	0.1345	0.0435	0.1087
108	0.0078	0.1348	0.0437	0.1089
109	0.0081	0.1351	0.0438	0.1093
110	0.0079	0.1352	0.0439	0.1095
111	0.0081	0.1348	0.0439	0.1092
112	0.0082	0.1347	0.0439	0.1089
113	0.0082	0.1353	0.0441	0.1093
114	0.0084	0.1357	0.0441	0.1094
115	0.0084	0.1354	0.0440	0.1092
116	0.0078	0.1353	0.0440	0.1091
117	0.0082	0.1352	0.0440	0.1092
118	0.0076	0.1357	0.0442	0.1094
119	0.0077	0.1357	0.0442	0.1094
120	0.0079	0.1366	0.0444	0.1099
121	0.0076	0.1369	0.0444	0.1101
122	0.0076	0.1376	0.0446	0.1104
123	0.0076	0.1369	0.0443	0.1102
124	0.0075	0.1371	0.0444	0.1105
125	0.0079	0.1366	0.0443	0.1102
126	0.0080	0.1363	0.0443	0.1101
127	0.0075	0.1362	0.0443	0.1100
128	0.0076	0.1367	0.0445	0.1102
129	0.0071	0.1367	0.0444	0.1101
130	0.0078	0.1381	0.0447	0.1106
131	0.0077	0.1377	0.0447	0.1106
132	0.0076	0.1375	0.0446	0.1106
133	0.0078	0.1375	0.0446	0.1106
134	0.0073	0.1376	0.0446	0.1107
135	0.0079	0.1374	0.0444	0.1104
136	0.0077	0.1365	0.0443	0.1100
137	0.0075	0.1367	0.0444	0.1103
138	0.0079	0.1363	0.0442	0.1101
139	0.0076	0.1367	0.0443	0.1100
140	0.0071	0.1367	0.0443	0.1101
141	0.0072	0.1366	0.0442	0.1103
142	0.0072	0.1366	0.0442	0.1104
143	0.0075	0.1362	0.0441	0.1104
144	0.0078	0.1362	0.0441	0.1103
145	0.0078	0.1361	0.0440	0.1101
146	0.0072	0.1364	0.0441	0.1100
147	0.0076	0.1363	0.0441	0.1101
148	0.0074	0.1362	0.0441	0.1100
149	0.0075	0.1362	0.0440	0.1100
150	0.0076	0.1363	0.0441	0.1101
