{"device": "cuda:2", "multimodal": true, "embedding_dim": 512, "n_layers": 2, "epochs": 500, "learning_rate": 0.001, "log": true, "seed": 19, "top_k": [5, 10, 20, 50], "dataset": "dbbook", "batch_size": 2048, "single_branch": false, "autoencoder": false, "ensemble_fusion": false, "freeze": true, "fusion_modalities": "mean", "fusion_type": "late", "info_nce": false, "weighting": false, "datasets": {"dbbook": ["images", "text"], "ml1m": ["audio", "images", "text", "video"]}}
Epoch	T-Loss	V-Loss	Precision@5	Recall@5	NDCG@5	Precision@10	Recall@10	NDCG@10	Precision@20	Recall@20	NDCG@20	Precision@50	Recall@50	NDCG@50
1	0.6931	0.693	0.0053	0.0042	0.006	0.0043	0.0073	0.0064	0.0038	0.0122	0.0085	0.0031	0.0268	0.0133
2	0.6918	0.6928	0.0147	0.0134	0.0176	0.0112	0.0197	0.0183	0.0086	0.0307	0.0226	0.0062	0.0523	0.0301
3	0.6905	0.6925	0.0265	0.0232	0.0326	0.0197	0.0344	0.0332	0.014	0.0479	0.0385	0.0087	0.0733	0.0472
4	0.6892	0.6923	0.0373	0.0322	0.046	0.0268	0.0459	0.0459	0.0182	0.0619	0.0518	0.0105	0.0888	0.0611
5	0.6877	0.6919	0.0465	0.0403	0.0572	0.032	0.0543	0.0554	0.0215	0.0726	0.0622	0.0124	0.1035	0.0729
6	0.6861	0.6915	0.0539	0.0459	0.0661	0.0375	0.0627	0.0641	0.0247	0.082	0.0711	0.0141	0.1172	0.0832
7	0.6841	0.691	0.0589	0.0495	0.0727	0.0415	0.0683	0.0706	0.0281	0.0919	0.0792	0.0161	0.1315	0.0929
8	0.6819	0.6903	0.0636	0.0529	0.0775	0.0456	0.0741	0.0758	0.0306	0.0996	0.085	0.0177	0.143	0.1003
9	0.6792	0.6895	0.0668	0.0552	0.081	0.0485	0.079	0.0799	0.0327	0.1054	0.0895	0.0196	0.1561	0.1075
10	0.6762	0.6886	0.0685	0.0564	0.083	0.0504	0.0815	0.0821	0.0348	0.1114	0.0933	0.0208	0.1648	0.1122
11	0.6727	0.6875	0.0702	0.0571	0.0845	0.0517	0.0829	0.0836	0.0364	0.1153	0.0958	0.0221	0.1738	0.1165
12	0.6687	0.6861	0.0699	0.0569	0.0844	0.053	0.084	0.0845	0.0377	0.1193	0.0977	0.0233	0.1831	0.1203
13	0.6642	0.6845	0.0697	0.0568	0.0845	0.0535	0.0843	0.0848	0.0384	0.1206	0.0986	0.0241	0.1887	0.1227
14	0.659	0.6825	0.0702	0.0565	0.0845	0.0537	0.0845	0.0848	0.039	0.1221	0.0992	0.0249	0.1935	0.1246
15	0.6533	0.6803	0.0699	0.0562	0.0843	0.0542	0.0853	0.0853	0.0398	0.1243	0.1003	0.0254	0.1963	0.126
16	0.647	0.6776	0.07	0.0559	0.0845	0.0548	0.0855	0.0856	0.0398	0.1239	0.1003	0.0258	0.1984	0.1271
17	0.6401	0.6749	0.0701	0.0555	0.0842	0.0546	0.0853	0.0853	0.04	0.124	0.1003	0.026	0.1997	0.1275
18	0.6324	0.6715	0.0705	0.0555	0.0843	0.0543	0.0846	0.0848	0.0406	0.1249	0.1006	0.0264	0.2025	0.1283
19	0.6242	0.6678	0.0706	0.0555	0.0844	0.0548	0.0848	0.085	0.0409	0.1255	0.1009	0.0267	0.2041	0.1289
20	0.6152	0.664	0.0706	0.0556	0.0842	0.0547	0.0848	0.0847	0.0408	0.1248	0.1004	0.0268	0.2048	0.129
21	0.6058	0.6596	0.0705	0.0551	0.0838	0.0545	0.0843	0.0843	0.0408	0.1248	0.1002	0.027	0.2051	0.129
22	0.5957	0.6544	0.07	0.0548	0.0834	0.0542	0.084	0.084	0.041	0.1246	0.1001	0.0271	0.2052	0.1289
23	0.5853	0.6494	0.0701	0.0545	0.0835	0.054	0.0831	0.0838	0.0411	0.1245	0.1002	0.0273	0.2063	0.1295
24	0.5742	0.6442	0.0698	0.0541	0.0831	0.0542	0.0833	0.0837	0.0411	0.1241	0.0999	0.0274	0.2073	0.1296
25	0.5625	0.6379	0.07	0.0541	0.083	0.0544	0.0833	0.0836	0.041	0.1235	0.0995	0.0275	0.207	0.1293
26	0.5505	0.6322	0.0698	0.054	0.0829	0.0542	0.0826	0.0832	0.0409	0.1232	0.0992	0.0274	0.2062	0.129
27	0.5386	0.6267	0.0698	0.0535	0.0827	0.0544	0.0828	0.0834	0.0409	0.1227	0.0991	0.0274	0.2058	0.1289
28	0.5263	0.6192	0.0692	0.0531	0.0822	0.0546	0.0831	0.0834	0.0407	0.1223	0.0988	0.0274	0.2061	0.1288
29	0.5138	0.6123	0.0691	0.0526	0.0821	0.0543	0.0825	0.0831	0.0409	0.1226	0.099	0.0274	0.2059	0.1288
30	0.5011	0.606	0.0694	0.0532	0.0825	0.0543	0.0823	0.0832	0.0409	0.1226	0.099	0.0274	0.2055	0.1286
31	0.4891	0.5983	0.0696	0.0533	0.0826	0.0546	0.0826	0.0833	0.0409	0.1218	0.0988	0.0274	0.2059	0.1288
32	0.476	0.5921	0.0696	0.0532	0.0825	0.0541	0.082	0.0829	0.0408	0.1214	0.0986	0.0274	0.2053	0.1285
33	0.4634	0.5861	0.0694	0.0532	0.0823	0.0539	0.0818	0.0827	0.0407	0.1213	0.0984	0.0274	0.2054	0.1284
34	0.4515	0.5792	0.0696	0.0532	0.0822	0.0539	0.0815	0.0825	0.0407	0.1212	0.0983	0.0274	0.2048	0.1282
35	0.4394	0.5709	0.0695	0.0532	0.0824	0.054	0.0817	0.0828	0.0407	0.121	0.0984	0.0274	0.2044	0.1283
36	0.4272	0.566	0.0697	0.0532	0.0825	0.054	0.0814	0.0826	0.0408	0.121	0.0983	0.0274	0.2038	0.128
37	0.4158	0.5585	0.0693	0.053	0.0823	0.0539	0.0814	0.0826	0.0409	0.1214	0.0985	0.0274	0.2041	0.1281
38	0.4044	0.5513	0.0693	0.0532	0.0822	0.0539	0.0813	0.0825	0.0407	0.1211	0.0982	0.0273	0.2032	0.1277
39	0.3941	0.5449	0.0692	0.0531	0.082	0.0541	0.0814	0.0825	0.0408	0.1214	0.0982	0.0274	0.2037	0.1278
40	0.3826	0.5394	0.0689	0.0531	0.0818	0.054	0.081	0.0823	0.0408	0.1215	0.0982	0.0274	0.2047	0.1279
41	0.3728	0.5324	0.0692	0.0533	0.082	0.0537	0.0806	0.0821	0.0407	0.1213	0.0981	0.0274	0.2046	0.128
42	0.3622	0.5269	0.0696	0.0534	0.0821	0.054	0.081	0.0822	0.0409	0.1218	0.0983	0.0274	0.2047	0.1279
43	0.3531	0.5213	0.0694	0.0531	0.082	0.0542	0.0815	0.0825	0.0408	0.1217	0.0983	0.0274	0.2041	0.1279
44	0.3441	0.5154	0.0696	0.0533	0.0823	0.0544	0.0817	0.0827	0.0408	0.1217	0.0985	0.0274	0.2044	0.1281
45	0.335	0.5117	0.0694	0.053	0.0819	0.0545	0.0818	0.0826	0.0408	0.1217	0.0982	0.0275	0.2042	0.1279
46	0.3255	0.5043	0.0694	0.0532	0.082	0.0545	0.0822	0.0827	0.0408	0.1217	0.0983	0.0274	0.2038	0.1279
47	0.3169	0.5014	0.0698	0.0533	0.0822	0.0545	0.082	0.0827	0.0408	0.1218	0.0983	0.0275	0.2045	0.1281
48	0.3098	0.4972	0.07	0.0536	0.0823	0.0545	0.0821	0.0827	0.0408	0.1217	0.0983	0.0275	0.2047	0.1281
49	0.3017	0.4882	0.0697	0.0537	0.0823	0.0545	0.082	0.0828	0.0408	0.1215	0.0983	0.0275	0.2048	0.1282
50	0.2937	0.4853	0.0698	0.0537	0.0823	0.0544	0.0818	0.0826	0.0408	0.1215	0.0982	0.0275	0.2051	0.1282
51	0.2864	0.4844	0.07	0.0537	0.0824	0.0543	0.0817	0.0826	0.0407	0.1215	0.0982	0.0275	0.205	0.1282
52	0.2788	0.4799	0.0701	0.0539	0.0825	0.0544	0.0819	0.0826	0.0409	0.122	0.0984	0.0275	0.2045	0.1281
53	0.2726	0.4743	0.0703	0.0542	0.0827	0.0545	0.0818	0.0827	0.041	0.1222	0.0985	0.0276	0.205	0.1283
54	0.266	0.4725	0.0705	0.0542	0.0827	0.0548	0.0822	0.0828	0.0411	0.1228	0.0987	0.0276	0.2051	0.1283
55	0.2601	0.4673	0.0707	0.0542	0.0828	0.0546	0.082	0.0828	0.0411	0.1229	0.0988	0.0276	0.2056	0.1285
56	0.2546	0.4674	0.0709	0.0544	0.0831	0.0547	0.0821	0.0829	0.0412	0.123	0.099	0.0276	0.2052	0.1286
57	0.2489	0.4624	0.0706	0.0542	0.0828	0.0548	0.0822	0.083	0.0411	0.123	0.0989	0.0277	0.2056	0.1288
58	0.2426	0.4575	0.0705	0.0541	0.0828	0.0547	0.0821	0.083	0.041	0.1228	0.0989	0.0277	0.2061	0.129
59	0.2369	0.4544	0.0704	0.054	0.0827	0.0549	0.0823	0.083	0.041	0.1229	0.0989	0.0277	0.2063	0.129
60	0.2309	0.4519	0.071	0.0544	0.083	0.0549	0.0827	0.0831	0.0411	0.1231	0.099	0.0277	0.2061	0.129
61	0.2281	0.4466	0.071	0.0546	0.083	0.0549	0.0826	0.083	0.041	0.1224	0.0987	0.0278	0.2064	0.129
62	0.2219	0.4493	0.071	0.0546	0.0831	0.055	0.0826	0.0831	0.0411	0.1225	0.0989	0.0278	0.2069	0.1292
63	0.2169	0.4448	0.0707	0.0543	0.0827	0.055	0.0825	0.083	0.0411	0.1226	0.0988	0.0278	0.2065	0.129
64	0.2117	0.4414	0.0707	0.0545	0.0828	0.055	0.0827	0.0831	0.0411	0.1227	0.0988	0.0277	0.2062	0.1289
65	0.209	0.4401	0.0706	0.0544	0.083	0.0551	0.0827	0.0833	0.0411	0.1228	0.099	0.0278	0.2066	0.1293
66	0.2037	0.4351	0.0706	0.0545	0.0829	0.0553	0.0832	0.0835	0.0412	0.1228	0.099	0.0278	0.2068	0.1293
67	0.2003	0.4369	0.0708	0.0547	0.083	0.0553	0.0833	0.0835	0.0412	0.123	0.0991	0.0279	0.2075	0.1295
68	0.1962	0.4337	0.071	0.0547	0.0832	0.0552	0.0831	0.0836	0.0412	0.1231	0.0992	0.0279	0.208	0.1298
69	0.1924	0.4303	0.071	0.0548	0.0834	0.0553	0.0835	0.0838	0.0412	0.1232	0.0994	0.0279	0.208	0.13
70	0.1874	0.4267	0.0713	0.055	0.0837	0.0553	0.0834	0.0839	0.0412	0.1229	0.0994	0.0279	0.2082	0.1301
71	0.1855	0.4259	0.071	0.0547	0.0835	0.0553	0.0834	0.0838	0.0412	0.1231	0.0994	0.028	0.2084	0.1302
72	0.1825	0.4269	0.0715	0.055	0.0837	0.0551	0.0834	0.0838	0.0413	0.1234	0.0996	0.028	0.2087	0.1303
73	0.177	0.4248	0.0718	0.0553	0.0838	0.0553	0.0842	0.084	0.0413	0.1236	0.0996	0.0281	0.2094	0.1304
74	0.1731	0.4198	0.0716	0.0551	0.0838	0.0554	0.0842	0.0841	0.0414	0.124	0.0998	0.0281	0.2096	0.1306
75	0.1728	0.4198	0.0714	0.0552	0.0835	0.0555	0.0845	0.0841	0.0415	0.1241	0.0997	0.028	0.2094	0.1304
76	0.1678	0.4197	0.0712	0.055	0.0834	0.0554	0.0845	0.0841	0.0415	0.1243	0.0998	0.028	0.2093	0.1304
77	0.1652	0.417	0.0711	0.055	0.0833	0.0554	0.0842	0.084	0.0416	0.1244	0.0999	0.0281	0.2093	0.1305
78	0.1625	0.4125	0.0711	0.0549	0.0833	0.0554	0.0843	0.084	0.0416	0.1245	0.1	0.0281	0.2095	0.1305
79	0.1606	0.4163	0.0715	0.0552	0.0837	0.0555	0.0845	0.0843	0.0417	0.1247	0.1002	0.0282	0.2103	0.1309
80	0.1561	0.4104	0.0711	0.055	0.0835	0.0556	0.0845	0.0843	0.0416	0.1248	0.1002	0.0282	0.2103	0.131
81	0.1539	0.414	0.0713	0.055	0.0836	0.0557	0.0847	0.0845	0.0418	0.1252	0.1004	0.0282	0.2099	0.131
82	0.1497	0.4099	0.0716	0.0552	0.0841	0.0559	0.0852	0.0849	0.0418	0.1253	0.1007	0.0281	0.2098	0.1312
83	0.1498	0.4089	0.0714	0.0552	0.084	0.0558	0.0851	0.0849	0.0418	0.1253	0.1008	0.0282	0.21	0.1313
84	0.1448	0.4033	0.0717	0.0555	0.0843	0.0558	0.0848	0.0849	0.0419	0.1257	0.1011	0.0282	0.2102	0.1315
85	0.1444	0.4104	0.072	0.0557	0.0846	0.0558	0.0848	0.085	0.042	0.126	0.1013	0.0282	0.2106	0.1317
86	0.1405	0.4068	0.0719	0.0557	0.0846	0.056	0.0854	0.0852	0.042	0.1262	0.1013	0.0283	0.2108	0.1318
87	0.1394	0.4073	0.0719	0.0557	0.0846	0.0559	0.0854	0.0852	0.042	0.1262	0.1014	0.0283	0.2105	0.1318
88	0.1372	0.4097	0.072	0.0558	0.0846	0.056	0.0855	0.0853	0.042	0.1264	0.1015	0.0282	0.211	0.1319
89	0.1352	0.4072	0.072	0.0558	0.0846	0.0563	0.086	0.0856	0.0421	0.1265	0.1015	0.0283	0.2109	0.132
90	0.1331	0.4038	0.0719	0.0556	0.0847	0.0563	0.0861	0.0858	0.0421	0.1266	0.1017	0.0283	0.2113	0.1322
91	0.13	0.4048	0.0719	0.0557	0.0848	0.0563	0.0864	0.0859	0.0422	0.127	0.1019	0.0283	0.2114	0.1324
92	0.1281	0.3972	0.0722	0.0559	0.085	0.0564	0.0865	0.086	0.0422	0.1273	0.102	0.0283	0.2111	0.1323
93	0.1272	0.4007	0.0726	0.0561	0.0852	0.0564	0.0863	0.0859	0.0422	0.1273	0.102	0.0283	0.2114	0.1324
94	0.1243	0.4011	0.0726	0.0563	0.0853	0.0565	0.0864	0.086	0.0421	0.127	0.1019	0.0283	0.2117	0.1325
95	0.1245	0.3982	0.0724	0.0562	0.0853	0.0565	0.0864	0.0861	0.0421	0.127	0.102	0.0284	0.2118	0.1327
96	0.1208	0.3987	0.0724	0.0564	0.0854	0.0565	0.0863	0.0861	0.042	0.1268	0.1019	0.0284	0.2119	0.1327
97	0.1189	0.3958	0.0724	0.0565	0.0852	0.0564	0.086	0.0859	0.0421	0.1273	0.102	0.0284	0.212	0.1326
98	0.1175	0.3976	0.0725	0.0566	0.0853	0.0566	0.0865	0.0861	0.0421	0.1274	0.102	0.0284	0.212	0.1327
99	0.1149	0.398	0.0725	0.0566	0.0853	0.0566	0.0867	0.0862	0.0421	0.1273	0.1021	0.0284	0.2125	0.1329
100	0.1142	0.3972	0.0724	0.0565	0.0853	0.0568	0.0868	0.0865	0.0421	0.1272	0.1022	0.0285	0.2126	0.1331
101	0.1127	0.3967	0.0726	0.0566	0.0856	0.0569	0.0869	0.0867	0.0421	0.1268	0.1022	0.0285	0.2128	0.1333
102	0.1115	0.3993	0.0727	0.0566	0.0857	0.057	0.0871	0.0867	0.0421	0.1272	0.1023	0.0285	0.213	0.1334
103	0.1096	0.3917	0.0725	0.0563	0.0855	0.057	0.0875	0.0868	0.0421	0.1272	0.1022	0.0285	0.2133	0.1334
104	0.1082	0.3938	0.0728	0.0565	0.0857	0.057	0.0876	0.0869	0.0422	0.1277	0.1025	0.0286	0.2133	0.1335
105	0.1064	0.3957	0.0727	0.0565	0.0856	0.0571	0.0878	0.0869	0.0423	0.1278	0.1025	0.0286	0.2139	0.1336
106	0.105	0.3978	0.0732	0.0569	0.0859	0.0572	0.088	0.0871	0.0423	0.128	0.1027	0.0286	0.2142	0.1338
107	0.1045	0.3943	0.0733	0.057	0.0862	0.0573	0.0882	0.0873	0.0423	0.1277	0.1028	0.0286	0.2143	0.1341
108	0.1025	0.3945	0.0733	0.057	0.0862	0.0573	0.0883	0.0874	0.0424	0.1282	0.103	0.0287	0.2144	0.1342
109	0.1009	0.3947	0.0733	0.057	0.0862	0.0573	0.0881	0.0873	0.0424	0.1283	0.103	0.0287	0.2148	0.1342
110	0.0996	0.3882	0.0732	0.057	0.0861	0.0572	0.0881	0.0873	0.0424	0.1286	0.1031	0.0287	0.2149	0.1343
111	0.0984	0.3876	0.0732	0.0572	0.0861	0.0573	0.0883	0.0874	0.0424	0.1287	0.1031	0.0287	0.2146	0.1343
112	0.0987	0.3867	0.0731	0.0571	0.086	0.0574	0.0882	0.0874	0.0424	0.1287	0.1031	0.0287	0.2146	0.1342
113	0.0967	0.3887	0.0732	0.0572	0.086	0.0575	0.0883	0.0874	0.0424	0.1287	0.1031	0.0287	0.2149	0.1343
114	0.0949	0.3913	0.0734	0.0571	0.086	0.0575	0.0882	0.0873	0.0424	0.1289	0.1031	0.0287	0.2152	0.1344
115	0.0939	0.3905	0.0731	0.057	0.0859	0.0574	0.0882	0.0874	0.0424	0.1289	0.1032	0.0288	0.2155	0.1345
116	0.0934	0.393	0.0731	0.0572	0.086	0.0574	0.0882	0.0874	0.0426	0.1292	0.1034	0.0288	0.2158	0.1347
117	0.0931	0.3889	0.0733	0.0572	0.0863	0.0575	0.0888	0.0878	0.0426	0.1295	0.1037	0.0288	0.2162	0.1349
118	0.0901	0.3878	0.0733	0.0573	0.0865	0.0575	0.0888	0.0879	0.0426	0.1294	0.1038	0.0288	0.2164	0.1352
119	0.0902	0.3894	0.0735	0.0576	0.0866	0.0576	0.0889	0.088	0.0426	0.1297	0.1038	0.0288	0.2165	0.1352
120	0.0889	0.3873	0.0737	0.0577	0.0868	0.0575	0.0886	0.0879	0.0427	0.1299	0.104	0.0288	0.2165	0.1352
121	0.0878	0.3876	0.0736	0.0577	0.0867	0.0575	0.0886	0.088	0.0427	0.13	0.104	0.0288	0.2164	0.1352
122	0.0869	0.3839	0.0735	0.0577	0.0866	0.0577	0.089	0.0881	0.0427	0.13	0.1041	0.0288	0.2164	0.1353
123	0.0867	0.3876	0.0735	0.0577	0.0867	0.0576	0.0887	0.088	0.0427	0.13	0.104	0.0288	0.2162	0.1352
124	0.0851	0.3843	0.0739	0.0579	0.087	0.0577	0.089	0.0882	0.0427	0.13	0.1042	0.0289	0.2169	0.1355
125	0.0853	0.3833	0.0738	0.0577	0.0869	0.0579	0.0896	0.0885	0.0427	0.1298	0.1041	0.0289	0.2173	0.1357
126	0.0835	0.3842	0.074	0.0579	0.087	0.058	0.09	0.0886	0.0428	0.1302	0.1043	0.029	0.2177	0.1358
127	0.0841	0.3804	0.074	0.0579	0.087	0.058	0.0897	0.0885	0.0428	0.1301	0.1043	0.029	0.2178	0.1359
128	0.0826	0.3858	0.0743	0.0581	0.0872	0.058	0.0896	0.0884	0.0429	0.1305	0.1044	0.0289	0.2174	0.1357
129	0.0812	0.3892	0.0743	0.058	0.0872	0.058	0.0893	0.0883	0.0428	0.1302	0.1043	0.029	0.2179	0.1358
130	0.0793	0.3826	0.074	0.0578	0.087	0.0577	0.0889	0.0882	0.0429	0.1304	0.1044	0.029	0.2178	0.1359
131	0.0799	0.385	0.0738	0.0577	0.0868	0.0578	0.089	0.0882	0.043	0.1308	0.1045	0.029	0.2181	0.136
132	0.0801	0.3819	0.0739	0.0578	0.087	0.0578	0.0892	0.0883	0.043	0.1308	0.1046	0.029	0.2177	0.1359
133	0.0794	0.3796	0.0739	0.0578	0.0869	0.0577	0.089	0.0882	0.043	0.1309	0.1046	0.029	0.218	0.136
134	0.0777	0.3861	0.074	0.0579	0.087	0.0577	0.089	0.0882	0.043	0.1309	0.1046	0.029	0.2181	0.1361
135	0.0774	0.3768	0.0739	0.0578	0.0869	0.058	0.0898	0.0885	0.043	0.1308	0.1046	0.0291	0.2187	0.1363
136	0.0761	0.3818	0.074	0.0579	0.087	0.058	0.09	0.0886	0.0429	0.1306	0.1046	0.0291	0.2184	0.1362
137	0.0746	0.3871	0.074	0.058	0.0871	0.058	0.09	0.0887	0.0431	0.1312	0.1049	0.0291	0.2188	0.1364
138	0.0751	0.3837	0.074	0.0577	0.0871	0.0579	0.0898	0.0886	0.0431	0.1311	0.1049	0.0291	0.2187	0.1364
139	0.0739	0.3806	0.0742	0.058	0.0871	0.0579	0.09	0.0886	0.0431	0.1311	0.1049	0.0291	0.219	0.1365
140	0.0738	0.3788	0.0741	0.058	0.087	0.0579	0.09	0.0886	0.0431	0.1313	0.1049	0.0292	0.2193	0.1365
141	0.0734	0.3844	0.0738	0.0579	0.0869	0.0579	0.09	0.0886	0.0431	0.1312	0.1049	0.0292	0.2194	0.1366
142	0.0717	0.379	0.0739	0.0581	0.087	0.0579	0.0899	0.0886	0.0431	0.1311	0.1048	0.0292	0.2193	0.1366
143	0.0721	0.3861	0.0737	0.0579	0.0867	0.0578	0.0899	0.0884	0.0431	0.1311	0.1047	0.0292	0.2192	0.1365
144	0.0705	0.3932	0.0738	0.0584	0.087	0.0579	0.0901	0.0886	0.0431	0.1311	0.1049	0.0292	0.2194	0.1367
145	0.0704	0.3785	0.0738	0.0583	0.0869	0.0579	0.0901	0.0886	0.0432	0.1312	0.1049	0.0292	0.2193	0.1366
146	0.0701	0.3832	0.0737	0.058	0.0868	0.0581	0.0903	0.0887	0.0431	0.1311	0.1048	0.0292	0.2194	0.1366
147	0.0696	0.3788	0.0738	0.0581	0.0867	0.0581	0.0904	0.0886	0.0432	0.1311	0.1048	0.0292	0.2197	0.1366
148	0.0676	0.3748	0.0738	0.0579	0.0867	0.058	0.0902	0.0886	0.0432	0.1312	0.1048	0.0291	0.2193	0.1365
149	0.0685	0.3829	0.0737	0.058	0.0866	0.058	0.0901	0.0885	0.0432	0.1314	0.1049	0.0291	0.2192	0.1364
150	0.0673	0.3759	0.0739	0.0582	0.0867	0.0581	0.0903	0.0886	0.0432	0.1313	0.1048	0.0291	0.219	0.1364
151	0.0676	0.3815	0.074	0.0582	0.0869	0.0581	0.0902	0.0886	0.0432	0.1315	0.1049	0.0292	0.2194	0.1366
152	0.0672	0.3795	0.0741	0.0583	0.0869	0.0581	0.0902	0.0886	0.0432	0.1315	0.1049	0.0292	0.2197	0.1367
153	0.0662	0.384	0.0742	0.0586	0.0871	0.0582	0.0904	0.0888	0.0434	0.1318	0.1052	0.0292	0.2198	0.1368
154	0.0655	0.3799	0.0746	0.0589	0.0873	0.0582	0.0905	0.0888	0.0434	0.132	0.1052	0.0292	0.2195	0.1367
155	0.0658	0.3719	0.0743	0.0587	0.0871	0.0579	0.0898	0.0885	0.0434	0.1319	0.1051	0.0291	0.2195	0.1366
156	0.0651	0.3767	0.0747	0.0589	0.0874	0.058	0.09	0.0887	0.0434	0.1321	0.1053	0.0291	0.2192	0.1367
157	0.0637	0.3781	0.0747	0.0589	0.0874	0.0579	0.0901	0.0886	0.0435	0.1323	0.1054	0.0291	0.2193	0.1367
158	0.0638	0.3808	0.0748	0.0588	0.0874	0.0581	0.0903	0.0887	0.0435	0.1325	0.1054	0.0291	0.2193	0.1367
159	0.0637	0.3795	0.0749	0.0589	0.0876	0.058	0.09	0.0887	0.0435	0.1325	0.1055	0.0291	0.2195	0.1369
160	0.0633	0.3778	0.0751	0.059	0.0878	0.0581	0.0903	0.0888	0.0436	0.1329	0.1057	0.0291	0.2188	0.1367
161	0.0628	0.3795	0.0751	0.0589	0.0877	0.0581	0.0901	0.0888	0.0435	0.1326	0.1056	0.0291	0.2191	0.1368
162	0.0622	0.3763	0.0752	0.0589	0.0879	0.0583	0.0909	0.0892	0.0436	0.1327	0.1057	0.0291	0.2187	0.1368
163	0.062	0.3815	0.0753	0.059	0.088	0.0581	0.0905	0.0891	0.0435	0.1327	0.1058	0.0291	0.219	0.137
164	0.062	0.3809	0.0752	0.059	0.088	0.0583	0.0907	0.0893	0.0436	0.1331	0.106	0.0291	0.2187	0.137
165	0.0614	0.3761	0.0756	0.0595	0.0884	0.0584	0.0908	0.0894	0.0436	0.133	0.106	0.0291	0.2187	0.1371
166	0.061	0.3811	0.0755	0.0594	0.0884	0.0585	0.0907	0.0895	0.0436	0.133	0.1061	0.0291	0.2187	0.1371
167	0.0605	0.379	0.0754	0.0594	0.0884	0.0586	0.0912	0.0897	0.0437	0.1334	0.1063	0.0291	0.2184	0.1371
168	0.0601	0.3815	0.0757	0.0598	0.0887	0.0586	0.0909	0.0897	0.0438	0.1337	0.1065	0.0291	0.2186	0.1373
169	0.0601	0.3751	0.0756	0.0598	0.0887	0.0586	0.0909	0.0897	0.0438	0.1336	0.1065	0.0292	0.2192	0.1375
170	0.0595	0.3762	0.0754	0.0598	0.0885	0.0586	0.0909	0.0896	0.0439	0.1338	0.1065	0.0292	0.2194	0.1375
171	0.0604	0.378	0.0758	0.06	0.0888	0.0586	0.0909	0.0897	0.0438	0.1337	0.1066	0.0292	0.2194	0.1376
172	0.0583	0.377	0.0758	0.06	0.0889	0.0587	0.0911	0.0898	0.0438	0.1337	0.1066	0.0292	0.2191	0.1376
173	0.0592	0.3756	0.0757	0.0601	0.0889	0.059	0.0916	0.0901	0.0439	0.134	0.1068	0.0292	0.2195	0.1377
174	0.0584	0.3783	0.0755	0.0601	0.0887	0.059	0.0916	0.0901	0.0439	0.1343	0.1068	0.0292	0.2196	0.1377
175	0.0584	0.3685	0.0756	0.0602	0.0889	0.0589	0.0916	0.0902	0.0439	0.1344	0.1069	0.0292	0.2193	0.1377
176	0.0577	0.3733	0.0754	0.0601	0.0887	0.0589	0.0917	0.0901	0.044	0.1346	0.1069	0.0292	0.2192	0.1376
177	0.0579	0.3786	0.0752	0.0599	0.0885	0.0589	0.0916	0.09	0.044	0.1345	0.1069	0.0292	0.2195	0.1376
178	0.0567	0.3764	0.0752	0.0599	0.0885	0.0588	0.0914	0.09	0.044	0.1347	0.107	0.0292	0.2192	0.1376
179	0.0565	0.3781	0.0754	0.0601	0.0885	0.0589	0.0915	0.09	0.044	0.1346	0.1069	0.0292	0.2195	0.1376
180	0.0574	0.378	0.0751	0.06	0.0883	0.0588	0.0914	0.0898	0.044	0.1346	0.1068	0.0292	0.2199	0.1376
181	0.0564	0.3693	0.0752	0.06	0.0885	0.0588	0.0914	0.0899	0.044	0.135	0.107	0.0292	0.22	0.1377
182	0.056	0.378	0.0756	0.0604	0.0889	0.059	0.0917	0.0902	0.044	0.135	0.1072	0.0292	0.22	0.1379
183	0.0562	0.3797	0.0758	0.0605	0.0891	0.059	0.0918	0.0903	0.044	0.1349	0.1072	0.0292	0.2201	0.138
184	0.0559	0.3772	0.0758	0.0606	0.0892	0.0591	0.092	0.0904	0.044	0.1348	0.1072	0.0292	0.22	0.138
185	0.0556	0.3805	0.076	0.0606	0.0893	0.0591	0.0921	0.0905	0.044	0.135	0.1074	0.0292	0.2201	0.1381
186	0.0562	0.3773	0.0761	0.0608	0.0894	0.0592	0.0924	0.0907	0.0441	0.1353	0.1075	0.0293	0.2204	0.1383
187	0.055	0.3716	0.076	0.0607	0.0893	0.0591	0.0924	0.0906	0.0441	0.1354	0.1075	0.0293	0.2208	0.1384
188	0.0554	0.3715	0.0758	0.0607	0.0893	0.0592	0.0925	0.0907	0.0441	0.1353	0.1076	0.0293	0.2204	0.1384
189	0.0554	0.3749	0.0758	0.0606	0.0893	0.0593	0.0926	0.091	0.0442	0.1355	0.1078	0.0293	0.2205	0.1385
190	0.0544	0.3781	0.0758	0.0606	0.0893	0.0592	0.0925	0.0908	0.0441	0.1355	0.1077	0.0293	0.2208	0.1385
191	0.0537	0.3751	0.0755	0.0604	0.089	0.0592	0.0926	0.0908	0.0442	0.1356	0.1077	0.0293	0.221	0.1385
192	0.0546	0.3706	0.0755	0.0609	0.0891	0.0592	0.0924	0.0907	0.0443	0.1358	0.1078	0.0293	0.2211	0.1385
193	0.0535	0.3707	0.0754	0.0608	0.0891	0.059	0.0921	0.0906	0.0442	0.1357	0.1077	0.0293	0.221	0.1385
194	0.053	0.3806	0.0754	0.0608	0.0892	0.0589	0.0918	0.0906	0.0441	0.1352	0.1076	0.0293	0.2208	0.1385
195	0.0531	0.3785	0.0754	0.0607	0.0892	0.0589	0.0917	0.0905	0.0441	0.1351	0.1076	0.0293	0.2209	0.1386
196	0.0532	0.3671	0.0754	0.0606	0.0891	0.0589	0.0918	0.0905	0.0442	0.1355	0.1077	0.0293	0.2208	0.1384
197	0.0529	0.3779	0.0755	0.0608	0.0891	0.059	0.0921	0.0906	0.0443	0.1358	0.1077	0.0293	0.2208	0.1384
198	0.0527	0.3718	0.0755	0.0608	0.0891	0.059	0.0921	0.0906	0.0443	0.136	0.1078	0.0293	0.221	0.1385
199	0.0524	0.3797	0.0758	0.0611	0.0894	0.0592	0.0923	0.0908	0.0442	0.1358	0.1078	0.0293	0.2209	0.1386
200	0.0529	0.3757	0.0759	0.061	0.0893	0.0592	0.0924	0.0907	0.0443	0.1366	0.108	0.0292	0.2203	0.1383
201	0.0529	0.3783	0.0758	0.0611	0.0893	0.0593	0.0926	0.0908	0.0443	0.1365	0.108	0.0292	0.2207	0.1384
202	0.052	0.3727	0.0758	0.0611	0.0894	0.0591	0.0924	0.0908	0.0444	0.137	0.1082	0.0293	0.2211	0.1386
203	0.0519	0.3768	0.0761	0.0611	0.0895	0.0591	0.0921	0.0907	0.0444	0.1371	0.1082	0.0293	0.2216	0.1388
204	0.0513	0.3802	0.0758	0.061	0.0896	0.059	0.092	0.0908	0.0443	0.1369	0.1084	0.0293	0.2217	0.139
205	0.0517	0.3729	0.0759	0.0609	0.0894	0.0591	0.092	0.0907	0.0444	0.1371	0.1083	0.0294	0.2222	0.139
206	0.0513	0.3724	0.0763	0.0612	0.0898	0.059	0.092	0.0908	0.0444	0.1373	0.1084	0.0294	0.2223	0.1391
207	0.0508	0.3747	0.0763	0.0612	0.0898	0.059	0.0918	0.0908	0.0444	0.1371	0.1084	0.0293	0.2218	0.139
208	0.0511	0.3803	0.0766	0.0617	0.09	0.059	0.0919	0.0908	0.0444	0.1372	0.1084	0.0294	0.2223	0.1391
209	0.0511	0.3784	0.0765	0.0615	0.0899	0.059	0.0919	0.0908	0.0444	0.1374	0.1085	0.0294	0.2224	0.1392
210	0.0508	0.3737	0.0766	0.0615	0.09	0.0592	0.0922	0.091	0.0444	0.1373	0.1086	0.0294	0.2225	0.1393
211	0.0503	0.3694	0.0767	0.0616	0.0901	0.0593	0.0924	0.0911	0.0443	0.1371	0.1085	0.0294	0.2227	0.1394
212	0.051	0.3757	0.077	0.0617	0.0902	0.0594	0.0924	0.0911	0.0443	0.1372	0.1085	0.0294	0.2225	0.1393
213	0.05	0.3708	0.077	0.0618	0.0903	0.0593	0.0925	0.0912	0.0444	0.1375	0.1087	0.0294	0.2226	0.1394
214	0.0498	0.3765	0.0769	0.0618	0.0902	0.0593	0.0924	0.0911	0.0445	0.1378	0.1088	0.0294	0.2229	0.1395
215	0.0499	0.3793	0.0771	0.0619	0.0904	0.0593	0.0923	0.0912	0.0444	0.1376	0.1088	0.0294	0.2229	0.1395
216	0.0501	0.3713	0.0768	0.0616	0.0901	0.0592	0.0923	0.0911	0.0445	0.1378	0.1088	0.0294	0.223	0.1395
217	0.0503	0.3686	0.077	0.0619	0.0903	0.0591	0.0922	0.091	0.0444	0.1376	0.1086	0.0294	0.2228	0.1394
218	0.05	0.3769	0.077	0.0618	0.0902	0.0592	0.0925	0.091	0.0445	0.1378	0.1087	0.0294	0.2225	0.1393
219	0.0491	0.3756	0.0772	0.062	0.0903	0.0594	0.0927	0.0911	0.0445	0.1379	0.1086	0.0294	0.2227	0.1393
220	0.0497	0.3696	0.0775	0.0623	0.0906	0.0594	0.0926	0.0912	0.0444	0.138	0.1088	0.0294	0.2228	0.1395
221	0.0486	0.3703	0.0777	0.0624	0.0908	0.0594	0.0927	0.0913	0.0445	0.1379	0.1089	0.0294	0.2227	0.1395
222	0.0487	0.3788	0.0776	0.0623	0.091	0.0595	0.0927	0.0916	0.0444	0.1379	0.1091	0.0294	0.2226	0.1397
223	0.0492	0.3729	0.0777	0.0623	0.091	0.0596	0.0928	0.0917	0.0444	0.1377	0.1091	0.0293	0.2226	0.1397
224	0.0488	0.3768	0.0777	0.0622	0.0909	0.0597	0.0932	0.0919	0.0444	0.1379	0.1092	0.0293	0.2223	0.1397
225	0.0488	0.3714	0.0779	0.0625	0.0912	0.0596	0.093	0.0918	0.0444	0.1379	0.1092	0.0294	0.2228	0.1399
226	0.0484	0.3848	0.078	0.0627	0.0912	0.0596	0.0931	0.0917	0.0444	0.1379	0.1091	0.0294	0.2227	0.1397
227	0.0486	0.374	0.0779	0.0626	0.0912	0.0596	0.093	0.0917	0.0445	0.138	0.1092	0.0294	0.2228	0.1399
228	0.0479	0.3681	0.0778	0.0625	0.0912	0.0595	0.093	0.0918	0.0446	0.1382	0.1094	0.0294	0.2228	0.1399
229	0.0471	0.3759	0.0775	0.0623	0.091	0.0596	0.093	0.0917	0.0446	0.1383	0.1093	0.0294	0.223	0.1399
230	0.0479	0.3728	0.0775	0.0623	0.0909	0.0596	0.093	0.0917	0.0445	0.1383	0.1093	0.0294	0.2227	0.1398
231	0.0477	0.3773	0.0778	0.0625	0.0912	0.0597	0.0932	0.0919	0.0446	0.1385	0.1095	0.0294	0.2227	0.1399
232	0.0481	0.3743	0.0779	0.0626	0.0913	0.0599	0.0935	0.0921	0.0446	0.1385	0.1095	0.0294	0.2231	0.14
233	0.0487	0.3809	0.0779	0.0626	0.0913	0.06	0.0937	0.0921	0.0446	0.1384	0.1094	0.0294	0.2229	0.1399
234	0.0479	0.3819	0.0777	0.0624	0.0911	0.06	0.0938	0.092	0.0446	0.1386	0.1094	0.0294	0.2231	0.1399
235	0.048	0.3728	0.0777	0.0625	0.091	0.06	0.0939	0.092	0.0447	0.1389	0.1095	0.0294	0.2232	0.1399
236	0.0469	0.3758	0.0774	0.0621	0.0909	0.0599	0.0936	0.092	0.0447	0.1391	0.1097	0.0294	0.2232	0.14
237	0.0473	0.3739	0.0773	0.062	0.0909	0.0601	0.0939	0.0923	0.0447	0.139	0.1098	0.0294	0.2235	0.1402
238	0.0475	0.3754	0.0775	0.062	0.091	0.0603	0.094	0.0923	0.0447	0.1391	0.1097	0.0294	0.2234	0.1401
239	0.0475	0.3755	0.0777	0.062	0.0912	0.0603	0.0939	0.0924	0.0447	0.1389	0.1098	0.0294	0.2232	0.1402
240	0.0473	0.3718	0.0775	0.0619	0.091	0.0602	0.0939	0.0924	0.0448	0.139	0.1098	0.0294	0.2235	0.1403
241	0.0469	0.3796	0.0775	0.062	0.091	0.0603	0.094	0.0925	0.0447	0.1389	0.1098	0.0295	0.2238	0.1404
242	0.0472	0.3754	0.0776	0.0621	0.0911	0.0603	0.0939	0.0924	0.0448	0.1391	0.1099	0.0295	0.2241	0.1405
243	0.0467	0.3785	0.0776	0.0622	0.0911	0.0604	0.094	0.0925	0.0449	0.1391	0.1099	0.0295	0.2243	0.1405
244	0.0466	0.3763	0.0773	0.0621	0.091	0.0602	0.0937	0.0924	0.0449	0.1392	0.11	0.0295	0.2244	0.1405
245	0.0467	0.3708	0.0775	0.0623	0.091	0.0601	0.0937	0.0922	0.0449	0.1392	0.1099	0.0295	0.2241	0.1403
246	0.0468	0.3714	0.0773	0.0621	0.091	0.06	0.0934	0.0922	0.045	0.1395	0.1101	0.0294	0.2237	0.1404
247	0.0467	0.3738	0.0771	0.0618	0.0909	0.0599	0.0933	0.0922	0.045	0.1397	0.1102	0.0294	0.2239	0.1405
248	0.0458	0.3752	0.0772	0.0619	0.091	0.0599	0.0933	0.0922	0.045	0.1397	0.1103	0.0294	0.2238	0.1405
249	0.0464	0.3751	0.0776	0.0623	0.0912	0.0601	0.0935	0.0923	0.045	0.1396	0.1102	0.0295	0.224	0.1406
250	0.0466	0.3721	0.0776	0.0624	0.0912	0.06	0.0935	0.0923	0.0449	0.1395	0.1102	0.0294	0.2236	0.1404
251	0.0462	0.3825	0.0775	0.0623	0.0911	0.06	0.0933	0.0922	0.0449	0.1394	0.1101	0.0294	0.2236	0.1404
252	0.0452	0.3748	0.0775	0.0622	0.091	0.06	0.0933	0.0921	0.0448	0.139	0.1099	0.0294	0.2235	0.1403
253	0.0462	0.3754	0.0772	0.0623	0.091	0.0601	0.0936	0.0922	0.0448	0.139	0.1099	0.0294	0.2234	0.1402
254	0.0458	0.3735	0.0773	0.0623	0.091	0.0603	0.094	0.0925	0.0449	0.1391	0.11	0.0294	0.2232	0.1402
255	0.0454	0.3724	0.0772	0.0622	0.0909	0.0603	0.094	0.0925	0.0449	0.1391	0.11	0.0294	0.2234	0.1403
256	0.0457	0.3749	0.0772	0.0622	0.091	0.0603	0.0938	0.0924	0.045	0.1391	0.11	0.0293	0.223	0.1402
257	0.046	0.3764	0.0771	0.0621	0.0908	0.0604	0.094	0.0925	0.045	0.1392	0.11	0.0294	0.2233	0.1403
258	0.0454	0.3766	0.0771	0.062	0.0908	0.0603	0.0939	0.0924	0.0449	0.1393	0.1101	0.0294	0.2238	0.1404
259	0.0454	0.3724	0.0772	0.062	0.0909	0.0604	0.0941	0.0926	0.045	0.1394	0.1101	0.0294	0.2236	0.1404
260	0.0456	0.3815	0.077	0.0619	0.0908	0.0604	0.0943	0.0927	0.045	0.1397	0.1103	0.0294	0.2235	0.1405
261	0.0459	0.3811	0.0773	0.0621	0.091	0.0604	0.0942	0.0926	0.045	0.1395	0.1102	0.0294	0.2233	0.1403
262	0.0455	0.3783	0.0772	0.0619	0.0908	0.0604	0.0942	0.0926	0.045	0.1399	0.1102	0.0293	0.2228	0.1401
263	0.0453	0.3741	0.0772	0.062	0.091	0.0605	0.0945	0.0928	0.0449	0.1397	0.1103	0.0293	0.2228	0.1402
264	0.0456	0.3732	0.0772	0.062	0.0907	0.0604	0.0944	0.0925	0.045	0.1396	0.1101	0.0293	0.2229	0.1401
265	0.0453	0.376	0.0773	0.0621	0.0906	0.0604	0.0943	0.0923	0.045	0.1397	0.1099	0.0293	0.223	0.14
266	0.0453	0.3767	0.077	0.0619	0.0905	0.0603	0.0942	0.0923	0.045	0.1398	0.11	0.0294	0.2233	0.1401
267	0.0452	0.3703	0.077	0.062	0.0905	0.0603	0.0942	0.0923	0.0451	0.1401	0.1101	0.0294	0.2234	0.1401
268	0.0445	0.3707	0.0775	0.0622	0.0908	0.0603	0.0941	0.0923	0.0451	0.14	0.1101	0.0293	0.2233	0.1401
269	0.0452	0.3784	0.0772	0.0619	0.0907	0.0603	0.0942	0.0924	0.0451	0.1401	0.1102	0.0294	0.2235	0.1402
270	0.0449	0.3742	0.0767	0.0617	0.0904	0.0603	0.0942	0.0924	0.045	0.1399	0.1101	0.0293	0.2233	0.1401
271	0.0444	0.3775	0.077	0.0624	0.0907	0.0603	0.0943	0.0924	0.0451	0.14	0.1101	0.0293	0.2231	0.1401
272	0.0452	0.3785	0.077	0.0624	0.0907	0.0603	0.0944	0.0924	0.045	0.1397	0.1101	0.0293	0.2229	0.1401
273	0.0448	0.3731	0.0769	0.0622	0.0907	0.0602	0.0942	0.0924	0.045	0.1398	0.1102	0.0293	0.223	0.1402
274	0.0442	0.3718	0.077	0.0624	0.0909	0.0601	0.0943	0.0924	0.045	0.1398	0.1102	0.0294	0.2234	0.1403
275	0.0448	0.373	0.0773	0.0626	0.0911	0.0602	0.0944	0.0925	0.0451	0.14	0.1103	0.0294	0.2235	0.1404
276	0.0442	0.3654	0.0775	0.0627	0.0913	0.0602	0.0943	0.0926	0.045	0.14	0.1104	0.0294	0.2233	0.1404
277	0.0446	0.3768	0.0774	0.0627	0.0912	0.0602	0.0943	0.0926	0.045	0.1401	0.1104	0.0294	0.2234	0.1405
278	0.0444	0.3782	0.0777	0.0628	0.0913	0.0603	0.0943	0.0926	0.045	0.1403	0.1104	0.0294	0.2234	0.1404
279	0.0442	0.3809	0.0776	0.0628	0.0913	0.0603	0.0944	0.0926	0.045	0.1402	0.1104	0.0294	0.2235	0.1405
280	0.0438	0.3731	0.0777	0.0628	0.0914	0.0604	0.0946	0.0928	0.045	0.1401	0.1105	0.0294	0.2235	0.1406
281	0.0445	0.3794	0.0778	0.0629	0.0914	0.0605	0.0949	0.0929	0.0451	0.1404	0.1106	0.0294	0.2236	0.1405
282	0.0441	0.3785	0.0778	0.0628	0.0914	0.0605	0.0948	0.0928	0.0451	0.1402	0.1105	0.0294	0.2231	0.1404
283	0.044	0.3644	0.0781	0.0629	0.0916	0.0606	0.0949	0.093	0.0452	0.1405	0.1107	0.0294	0.2234	0.1406
284	0.0435	0.3742	0.0778	0.0628	0.0915	0.0605	0.0946	0.093	0.0452	0.1406	0.1108	0.0294	0.2233	0.1407
285	0.0443	0.375	0.0779	0.0628	0.0918	0.0606	0.0947	0.0932	0.0452	0.1405	0.111	0.0294	0.2229	0.1407
286	0.044	0.3734	0.0778	0.0627	0.0917	0.0606	0.0946	0.0931	0.0452	0.1403	0.1109	0.0293	0.2229	0.1407
287	0.0441	0.3801	0.0777	0.0627	0.0917	0.0606	0.0947	0.0933	0.0452	0.1402	0.111	0.0294	0.2231	0.1408
288	0.0444	0.3752	0.0779	0.0627	0.0918	0.0607	0.0947	0.0933	0.0451	0.1399	0.1108	0.0294	0.2233	0.1408
289	0.044	0.3733	0.0779	0.0626	0.0917	0.0606	0.0948	0.0932	0.0451	0.14	0.1108	0.0294	0.2233	0.1408
290	0.0436	0.378	0.0778	0.0626	0.0917	0.0606	0.0948	0.0932	0.0451	0.14	0.1108	0.0293	0.223	0.1408
291	0.0443	0.3683	0.0779	0.0626	0.0918	0.0606	0.0949	0.0933	0.0451	0.1401	0.1109	0.0294	0.2231	0.1409
292	0.0434	0.3806	0.0779	0.0626	0.092	0.0607	0.095	0.0935	0.0451	0.1399	0.111	0.0294	0.2234	0.1411
293	0.044	0.3779	0.0779	0.0628	0.092	0.0607	0.0949	0.0936	0.0451	0.1401	0.111	0.0294	0.2231	0.141
294	0.0444	0.3756	0.0777	0.0626	0.0919	0.0608	0.095	0.0935	0.0451	0.1399	0.1109	0.0294	0.2233	0.141
295	0.0436	0.3768	0.0778	0.0628	0.0919	0.0608	0.095	0.0935	0.0451	0.1398	0.1109	0.0294	0.2234	0.1411
296	0.0432	0.3829	0.0777	0.0627	0.0918	0.0608	0.0952	0.0935	0.045	0.1398	0.1108	0.0294	0.2234	0.141
297	0.044	0.3694	0.0774	0.0625	0.0916	0.0607	0.095	0.0934	0.045	0.1397	0.1108	0.0294	0.2233	0.141
298	0.0434	0.371	0.0775	0.0625	0.0917	0.0607	0.095	0.0935	0.0451	0.1397	0.1109	0.0294	0.2229	0.1409
299	0.0432	0.3754	0.0774	0.0625	0.0916	0.0606	0.0953	0.0934	0.045	0.1395	0.1107	0.0293	0.2228	0.1408
300	0.0437	0.3768	0.0776	0.0626	0.0917	0.0607	0.0953	0.0935	0.045	0.1397	0.1108	0.0293	0.223	0.1408
301	0.0432	0.3756	0.0777	0.0626	0.0918	0.0606	0.0953	0.0935	0.045	0.1396	0.1108	0.0294	0.2231	0.141
302	0.0429	0.3718	0.0775	0.0625	0.0916	0.0606	0.0953	0.0934	0.045	0.1395	0.1107	0.0294	0.2233	0.1409
303	0.0435	0.3771	0.0775	0.0625	0.0916	0.0605	0.0952	0.0934	0.0451	0.1397	0.1108	0.0294	0.2233	0.141
304	0.0435	0.3789	0.0775	0.0626	0.0917	0.0607	0.0954	0.0936	0.0451	0.1398	0.111	0.0294	0.2233	0.1411
305	0.0436	0.3763	0.0777	0.0627	0.0919	0.0607	0.0954	0.0937	0.045	0.1396	0.111	0.0294	0.2238	0.1413
306	0.0432	0.3725	0.0776	0.0627	0.0918	0.0606	0.0953	0.0936	0.0451	0.1399	0.111	0.0294	0.2237	0.1412
307	0.0433	0.3806	0.0779	0.0628	0.092	0.0606	0.0954	0.0936	0.0451	0.1399	0.1111	0.0294	0.224	0.1413
308	0.0427	0.3691	0.0779	0.0628	0.0921	0.0608	0.0958	0.0938	0.0451	0.1399	0.1111	0.0294	0.224	0.1414
309	0.0427	0.3733	0.0779	0.0628	0.092	0.0608	0.0958	0.0939	0.0451	0.14	0.1112	0.0294	0.224	0.1414
310	0.0432	0.375	0.0777	0.0626	0.092	0.0608	0.0959	0.0939	0.0451	0.1399	0.1112	0.0294	0.224	0.1414
311	0.0429	0.3786	0.0778	0.0627	0.0921	0.0609	0.0958	0.0939	0.0451	0.1401	0.1112	0.0294	0.2238	0.1414
312	0.0424	0.3779	0.0781	0.0629	0.0923	0.061	0.0958	0.094	0.0452	0.1401	0.1113	0.0294	0.2239	0.1414
313	0.043	0.3722	0.0784	0.0631	0.0924	0.0611	0.0958	0.0941	0.0452	0.1401	0.1113	0.0294	0.2239	0.1414
314	0.0428	0.3769	0.0784	0.0632	0.0924	0.061	0.0958	0.0939	0.0451	0.1402	0.1112	0.0294	0.2239	0.1413
315	0.043	0.3794	0.0785	0.0633	0.0926	0.0609	0.0956	0.094	0.0451	0.1401	0.1113	0.0294	0.2237	0.1414
316	0.0424	0.3738	0.0782	0.0632	0.0926	0.0609	0.0956	0.0941	0.045	0.1397	0.1112	0.0294	0.2241	0.1416
317	0.0432	0.3814	0.0783	0.0633	0.0926	0.0609	0.0956	0.094	0.045	0.1395	0.1111	0.0294	0.224	0.1415
318	0.0426	0.3781	0.078	0.0629	0.0923	0.0608	0.0955	0.0939	0.045	0.1398	0.1112	0.0294	0.2239	0.1415
319	0.0426	0.3748	0.0779	0.0629	0.0922	0.0608	0.0955	0.0939	0.045	0.1397	0.1112	0.0294	0.2239	0.1415
320	0.0426	0.3761	0.0781	0.0629	0.0924	0.0609	0.0956	0.094	0.0451	0.1398	0.1113	0.0294	0.2237	0.1415
321	0.0431	0.3825	0.078	0.0629	0.0922	0.0609	0.0959	0.0941	0.0451	0.14	0.1112	0.0294	0.2239	0.1415
322	0.0425	0.3762	0.0781	0.063	0.0923	0.0609	0.0959	0.094	0.045	0.1398	0.1111	0.0294	0.2235	0.1413
323	0.0421	0.3762	0.078	0.0629	0.0921	0.0609	0.0959	0.094	0.045	0.1396	0.111	0.0294	0.2234	0.1412
324	0.0423	0.372	0.0779	0.0629	0.0921	0.0609	0.0961	0.094	0.045	0.1399	0.1111	0.0294	0.2235	0.1413
325	0.0421	0.3765	0.078	0.0629	0.0922	0.0609	0.096	0.0941	0.0449	0.1396	0.111	0.0294	0.2233	0.1413
326	0.0422	0.3772	0.0779	0.0628	0.0921	0.061	0.0961	0.0941	0.045	0.1399	0.1111	0.0294	0.2233	0.1413
327	0.0425	0.372	0.0778	0.0628	0.0921	0.0609	0.0959	0.0941	0.045	0.1399	0.1112	0.0293	0.223	0.1412
328	0.0424	0.3728	0.0781	0.0633	0.0925	0.0611	0.0961	0.0943	0.045	0.1398	0.1112	0.0293	0.223	0.1412
329	0.0425	0.3765	0.0784	0.0634	0.0928	0.0611	0.0961	0.0943	0.0451	0.1399	0.1114	0.0293	0.2229	0.1413
330	0.0423	0.3802	0.0786	0.0635	0.0929	0.0611	0.0962	0.0944	0.045	0.1397	0.1113	0.0293	0.2231	0.1414
331	0.0422	0.3761	0.0786	0.0634	0.0928	0.061	0.0962	0.0943	0.0451	0.1399	0.1113	0.0293	0.2231	0.1414
332	0.0423	0.3756	0.0785	0.0632	0.0927	0.061	0.0962	0.0943	0.045	0.1395	0.1112	0.0294	0.2236	0.1415
333	0.0419	0.3788	0.0784	0.0632	0.0926	0.0611	0.0963	0.0943	0.045	0.1396	0.1112	0.0294	0.2234	0.1414
334	0.0418	0.3721	0.0788	0.0634	0.0928	0.0611	0.0962	0.0943	0.045	0.1396	0.1112	0.0294	0.2234	0.1414
335	0.0423	0.382	0.0787	0.0633	0.0927	0.0611	0.0963	0.0942	0.0451	0.1397	0.1112	0.0294	0.2233	0.1413
336	0.0421	0.3812	0.0787	0.0633	0.0927	0.061	0.0961	0.0942	0.0451	0.14	0.1113	0.0294	0.2236	0.1414
337	0.0425	0.3798	0.0788	0.0634	0.0928	0.061	0.0959	0.0942	0.045	0.1396	0.1112	0.0293	0.2234	0.1414
338	0.0421	0.3752	0.0786	0.0633	0.0927	0.0611	0.096	0.0942	0.045	0.1397	0.1112	0.0293	0.2235	0.1414
339	0.0423	0.3733	0.0786	0.0633	0.0925	0.0611	0.096	0.094	0.045	0.1395	0.111	0.0293	0.2234	0.1411
340	0.0419	0.3738	0.0786	0.0634	0.0926	0.0611	0.0961	0.0941	0.045	0.1394	0.111	0.0293	0.2231	0.1412
341	0.0418	0.378	0.0786	0.0633	0.0926	0.0613	0.0963	0.0943	0.045	0.1396	0.1111	0.0293	0.2235	0.1414
342	0.0428	0.3782	0.0785	0.0633	0.0926	0.0613	0.0964	0.0944	0.0449	0.1393	0.111	0.0293	0.2237	0.1414
343	0.042	0.3742	0.0784	0.0632	0.0925	0.0613	0.0965	0.0944	0.0449	0.1393	0.1111	0.0294	0.2237	0.1415
344	0.0419	0.3782	0.0784	0.0633	0.0927	0.0613	0.0964	0.0945	0.045	0.1396	0.1113	0.0294	0.2236	0.1416
345	0.0421	0.3737	0.0786	0.0634	0.0928	0.0614	0.0965	0.0947	0.045	0.1397	0.1114	0.0294	0.2237	0.1417
346	0.0415	0.3691	0.0787	0.0634	0.0929	0.0614	0.0966	0.0947	0.045	0.1397	0.1115	0.0294	0.2238	0.1417
347	0.0423	0.3777	0.0787	0.0634	0.0928	0.0614	0.0967	0.0947	0.045	0.1397	0.1114	0.0294	0.2241	0.1418
348	0.0422	0.3769	0.0788	0.0634	0.0928	0.0613	0.0965	0.0946	0.045	0.1398	0.1114	0.0294	0.2241	0.1418
349	0.0412	0.3754	0.0785	0.0633	0.0928	0.0612	0.0964	0.0946	0.045	0.14	0.1116	0.0294	0.2245	0.142
350	0.0419	0.3745	0.0787	0.0634	0.0929	0.0614	0.0966	0.0947	0.045	0.14	0.1115	0.0294	0.2243	0.1419
351	0.0418	0.3725	0.0786	0.0633	0.0928	0.0615	0.0968	0.0948	0.0451	0.1401	0.1116	0.0294	0.2242	0.1419
352	0.042	0.3769	0.0786	0.0634	0.0929	0.0615	0.0968	0.0949	0.0451	0.1402	0.1117	0.0294	0.2244	0.142
353	0.0417	0.3759	0.0788	0.0636	0.093	0.0615	0.0967	0.0949	0.0451	0.14	0.1117	0.0294	0.2245	0.142
354	0.0419	0.3784	0.0788	0.0635	0.0932	0.0615	0.0968	0.0951	0.0452	0.1402	0.1119	0.0295	0.2246	0.1423
355	0.0415	0.3781	0.0787	0.0634	0.093	0.0614	0.0966	0.0949	0.0453	0.1406	0.1119	0.0294	0.2243	0.1421
356	0.0422	0.3811	0.0786	0.0633	0.0928	0.0614	0.0965	0.0948	0.0452	0.1405	0.1119	0.0294	0.2246	0.1421
357	0.0416	0.3781	0.0784	0.0631	0.0927	0.0614	0.0967	0.0949	0.0452	0.1407	0.1119	0.0294	0.2243	0.142
358	0.0418	0.3746	0.0787	0.0633	0.0929	0.0613	0.0966	0.0948	0.0452	0.1407	0.1119	0.0294	0.2243	0.142
359	0.0417	0.3829	0.0789	0.0636	0.093	0.0615	0.0968	0.0949	0.0452	0.1409	0.112	0.0294	0.2242	0.142
360	0.0416	0.3825	0.079	0.0637	0.0933	0.0614	0.0968	0.095	0.0453	0.1409	0.1121	0.0294	0.224	0.1421
361	0.042	0.3762	0.079	0.0636	0.0933	0.0613	0.0966	0.095	0.0453	0.1409	0.1122	0.0294	0.2239	0.1421
362	0.0417	0.3863	0.079	0.0636	0.0934	0.0614	0.0966	0.0951	0.0453	0.1411	0.1123	0.0294	0.2242	0.1423
363	0.0416	0.3774	0.079	0.0637	0.0935	0.0615	0.0967	0.0952	0.0453	0.1408	0.1123	0.0294	0.2242	0.1424
364	0.0418	0.3812	0.0792	0.0638	0.0936	0.0615	0.0968	0.0952	0.0453	0.1406	0.1122	0.0294	0.2241	0.1423
365	0.0418	0.3763	0.079	0.0636	0.0935	0.0616	0.0969	0.0953	0.0453	0.1406	0.1123	0.0294	0.2239	0.1423
366	0.0411	0.3724	0.0786	0.0633	0.0931	0.0615	0.0968	0.0951	0.0453	0.1407	0.1122	0.0294	0.2243	0.1423
367	0.0414	0.3732	0.0788	0.0634	0.0933	0.0616	0.0968	0.0952	0.0453	0.1408	0.1123	0.0295	0.2246	0.1425
368	0.0413	0.3815	0.0789	0.0633	0.0933	0.0616	0.0966	0.0952	0.0453	0.1409	0.1123	0.0295	0.2246	0.1425
369	0.0416	0.3805	0.079	0.0635	0.0934	0.0617	0.0969	0.0953	0.0453	0.141	0.1123	0.0295	0.2242	0.1424
370	0.0409	0.3753	0.0789	0.0634	0.0934	0.0617	0.097	0.0953	0.0453	0.1408	0.1122	0.0295	0.2241	0.1424
371	0.0413	0.3806	0.079	0.0635	0.0934	0.0616	0.0969	0.0952	0.0452	0.1406	0.1122	0.0294	0.2241	0.1423
372	0.042	0.3749	0.079	0.0637	0.0935	0.0617	0.097	0.0953	0.0453	0.1409	0.1123	0.0294	0.224	0.1423
373	0.0417	0.3795	0.079	0.0637	0.0933	0.0616	0.0968	0.0951	0.0453	0.1408	0.1122	0.0294	0.2241	0.1423
374	0.0415	0.3782	0.0793	0.064	0.0936	0.0617	0.0972	0.0953	0.0453	0.1409	0.1123	0.0294	0.2241	0.1423
375	0.0413	0.3795	0.0795	0.0641	0.0938	0.0616	0.097	0.0953	0.0454	0.141	0.1124	0.0294	0.2242	0.1424
376	0.0413	0.3795	0.0792	0.0639	0.0936	0.0619	0.0976	0.0956	0.0454	0.141	0.1124	0.0294	0.2241	0.1424
377	0.0414	0.3714	0.0795	0.064	0.0939	0.062	0.0976	0.0957	0.0455	0.1414	0.1126	0.0294	0.2241	0.1425
378	0.0414	0.3828	0.0795	0.0641	0.0939	0.0619	0.0974	0.0956	0.0454	0.1411	0.1125	0.0294	0.2237	0.1424
379	0.0415	0.3779	0.0797	0.0644	0.0944	0.0619	0.0974	0.0959	0.0454	0.1413	0.1128	0.0294	0.2239	0.1427
380	0.0414	0.3861	0.0794	0.0641	0.0941	0.0619	0.0975	0.0959	0.0454	0.1414	0.1129	0.0294	0.2235	0.1426
381	0.0415	0.3781	0.0794	0.0642	0.0943	0.0619	0.0974	0.096	0.0454	0.1413	0.1129	0.0294	0.2235	0.1427
382	0.0413	0.3766	0.0793	0.0641	0.0943	0.0619	0.0974	0.096	0.0454	0.1411	0.1129	0.0294	0.2237	0.1428
383	0.0417	0.3782	0.0791	0.064	0.094	0.062	0.0977	0.0961	0.0454	0.1409	0.1128	0.0294	0.2237	0.1427
384	0.041	0.3817	0.079	0.0638	0.094	0.062	0.0977	0.0961	0.0453	0.1408	0.1127	0.0295	0.2238	0.1428
385	0.0413	0.3775	0.079	0.0639	0.0939	0.062	0.0978	0.096	0.0453	0.1407	0.1126	0.0294	0.2238	0.1427
386	0.0414	0.3815	0.0791	0.0641	0.0938	0.0619	0.0974	0.0957	0.0452	0.1406	0.1123	0.0295	0.2242	0.1426
387	0.041	0.3724	0.0791	0.0641	0.0938	0.0619	0.0973	0.0957	0.0452	0.1406	0.1123	0.0295	0.2242	0.1426
388	0.0414	0.3786	0.0793	0.0644	0.094	0.0619	0.0973	0.0957	0.0453	0.1407	0.1124	0.0294	0.2241	0.1426
389	0.0405	0.3693	0.0793	0.0644	0.0942	0.0618	0.0974	0.0958	0.0452	0.1404	0.1124	0.0294	0.2239	0.1426
390	0.0412	0.3748	0.0792	0.0641	0.0941	0.0616	0.0972	0.0957	0.0451	0.1403	0.1124	0.0294	0.2237	0.1426
391	0.0411	0.3734	0.0791	0.064	0.0941	0.0616	0.0971	0.0957	0.0451	0.1405	0.1124	0.0294	0.2235	0.1425
392	0.0409	0.3771	0.0791	0.0641	0.0941	0.0615	0.097	0.0956	0.0451	0.1404	0.1124	0.0293	0.2235	0.1424
393	0.0413	0.373	0.0791	0.0643	0.0941	0.0615	0.0969	0.0955	0.0451	0.1405	0.1123	0.0293	0.2232	0.1423
394	0.0411	0.376	0.0788	0.0642	0.0939	0.0616	0.0972	0.0956	0.045	0.1403	0.1122	0.0293	0.223	0.1422
395	0.0411	0.3826	0.0788	0.0642	0.0939	0.0616	0.0972	0.0956	0.045	0.1404	0.1122	0.0293	0.2232	0.1423
396	0.0414	0.3774	0.0786	0.0642	0.0937	0.0616	0.0973	0.0956	0.0451	0.1408	0.1123	0.0294	0.2235	0.1424
397	0.041	0.3762	0.0786	0.0642	0.0937	0.0618	0.0976	0.0958	0.0451	0.1408	0.1124	0.0293	0.2232	0.1423
398	0.0409	0.3729	0.0786	0.0642	0.0937	0.0619	0.0977	0.0958	0.0451	0.1409	0.1124	0.0293	0.2233	0.1423
399	0.0407	0.3717	0.0785	0.0641	0.0935	0.0617	0.0974	0.0956	0.0452	0.1413	0.1125	0.0293	0.2233	0.1422
400	0.0409	0.3759	0.0786	0.0642	0.0935	0.0616	0.0972	0.0955	0.0451	0.141	0.1123	0.0293	0.2233	0.1422
401	0.0413	0.3757	0.0786	0.0642	0.0935	0.0617	0.0974	0.0955	0.0451	0.1408	0.1123	0.0293	0.2234	0.1423
402	0.0404	0.3734	0.0787	0.0642	0.0935	0.0617	0.0976	0.0955	0.045	0.1402	0.112	0.0293	0.2232	0.1421
403	0.0412	0.3751	0.0786	0.0641	0.0936	0.0616	0.0975	0.0956	0.045	0.1404	0.1122	0.0293	0.2231	0.1422
404	0.0405	0.3826	0.0786	0.0641	0.0936	0.0616	0.0975	0.0955	0.0451	0.1405	0.1122	0.0294	0.2236	0.1423
405	0.0409	0.3769	0.0785	0.0638	0.0935	0.0615	0.0974	0.0956	0.045	0.1403	0.1122	0.0294	0.2234	0.1424
406	0.0412	0.3741	0.0787	0.0641	0.0937	0.0614	0.0973	0.0955	0.0451	0.1409	0.1124	0.0294	0.2233	0.1424
407	0.0408	0.3803	0.0788	0.064	0.0937	0.0613	0.0971	0.0954	0.0451	0.1408	0.1124	0.0294	0.2233	0.1424
408	0.0406	0.3794	0.079	0.0642	0.0939	0.0615	0.0974	0.0955	0.0452	0.1406	0.1124	0.0293	0.2232	0.1423
409	0.0408	0.3779	0.0793	0.0644	0.0941	0.0615	0.0974	0.0956	0.0452	0.1409	0.1125	0.0294	0.2234	0.1424
410	0.0406	0.3739	0.079	0.0641	0.0939	0.0614	0.0971	0.0955	0.0452	0.1407	0.1124	0.0293	0.2235	0.1424
411	0.041	0.3717	0.0788	0.064	0.0937	0.0615	0.0972	0.0955	0.0451	0.1406	0.1123	0.0293	0.2232	0.1423
412	0.0407	0.3791	0.0788	0.0642	0.0939	0.0616	0.0973	0.0956	0.0451	0.1405	0.1123	0.0293	0.2232	0.1424
413	0.0407	0.3773	0.0789	0.064	0.0938	0.0617	0.0973	0.0956	0.0451	0.1406	0.1123	0.0293	0.2231	0.1423
414	0.0406	0.3817	0.079	0.0641	0.0939	0.0617	0.0977	0.0958	0.0451	0.1406	0.1124	0.0293	0.2233	0.1424
415	0.0414	0.3809	0.0788	0.064	0.0939	0.0617	0.0977	0.0959	0.0451	0.1408	0.1125	0.0293	0.2231	0.1424
416	0.0408	0.3801	0.0786	0.0638	0.0938	0.0617	0.0977	0.096	0.0451	0.1409	0.1126	0.0293	0.2232	0.1425
417	0.0405	0.3769	0.0786	0.0639	0.0937	0.0617	0.0978	0.0959	0.045	0.1406	0.1124	0.0293	0.2231	0.1424
418	0.0406	0.383	0.0785	0.0639	0.0938	0.0619	0.0979	0.096	0.0451	0.1407	0.1125	0.0293	0.2233	0.1425
419	0.0408	0.3775	0.0786	0.0637	0.0937	0.062	0.098	0.0961	0.0451	0.1408	0.1125	0.0293	0.2234	0.1425
420	0.0406	0.3762	0.0789	0.064	0.094	0.062	0.0979	0.0962	0.0452	0.1411	0.1127	0.0293	0.2234	0.1426
421	0.0408	0.3812	0.0787	0.064	0.0939	0.062	0.098	0.0962	0.0452	0.1409	0.1127	0.0293	0.2232	0.1426
422	0.0403	0.376	0.0789	0.0639	0.0941	0.0619	0.0978	0.0961	0.0453	0.1413	0.1129	0.0293	0.2233	0.1427
423	0.0405	0.3744	0.0788	0.064	0.0941	0.062	0.0978	0.0962	0.0452	0.1412	0.1129	0.0293	0.2232	0.1427
424	0.0405	0.3848	0.0789	0.064	0.0941	0.062	0.0978	0.0962	0.0453	0.1413	0.1129	0.0293	0.2233	0.1427
425	0.0407	0.372	0.079	0.0643	0.0942	0.0619	0.0977	0.0961	0.0452	0.1412	0.1128	0.0294	0.2234	0.1427
426	0.0404	0.3727	0.0789	0.0643	0.0941	0.0621	0.0979	0.0962	0.0452	0.1414	0.1128	0.0294	0.2232	0.1426
427	0.0402	0.3761	0.079	0.0645	0.0943	0.0621	0.0978	0.0962	0.0453	0.1416	0.113	0.0294	0.2233	0.1427
428	0.0409	0.3712	0.0789	0.0645	0.0942	0.0621	0.098	0.0962	0.0453	0.1417	0.113	0.0294	0.2234	0.1427
429	0.0404	0.3768	0.0788	0.0643	0.0941	0.062	0.0979	0.0962	0.0453	0.1417	0.1129	0.0294	0.2233	0.1427
430	0.0408	0.3785	0.0788	0.0643	0.094	0.062	0.0977	0.096	0.0452	0.1414	0.1128	0.0294	0.2234	0.1426
431	0.0405	0.3757	0.0788	0.0644	0.0941	0.062	0.0979	0.0961	0.0452	0.1414	0.1128	0.0294	0.2237	0.1428
432	0.0409	0.3829	0.079	0.0646	0.0944	0.062	0.0979	0.0963	0.0452	0.1415	0.113	0.0294	0.224	0.1429
433	0.0403	0.3717	0.0789	0.0645	0.0943	0.062	0.0979	0.0963	0.0452	0.1415	0.113	0.0294	0.224	0.1429
434	0.0405	0.3839	0.0791	0.0646	0.0944	0.062	0.0979	0.0962	0.0452	0.1411	0.1128	0.0294	0.2238	0.1428
435	0.0404	0.3775	0.0788	0.0644	0.0942	0.0619	0.0976	0.0961	0.0452	0.141	0.1127	0.0294	0.2238	0.1428
436	0.0409	0.3798	0.0787	0.0644	0.0941	0.0617	0.0975	0.096	0.0452	0.141	0.1127	0.0294	0.2233	0.1427
437	0.0405	0.3857	0.0787	0.0644	0.094	0.0619	0.0978	0.0961	0.0452	0.1413	0.1128	0.0294	0.2233	0.1426
438	0.0403	0.3798	0.0787	0.0642	0.094	0.062	0.098	0.0961	0.0453	0.1414	0.1128	0.0294	0.2237	0.1427
439	0.0411	0.3773	0.079	0.0644	0.0945	0.0621	0.0981	0.0964	0.0453	0.1415	0.1131	0.0294	0.2237	0.143
440	0.0402	0.3842	0.0788	0.0642	0.0941	0.0621	0.0981	0.0963	0.0453	0.1417	0.113	0.0294	0.2239	0.1428
441	0.0405	0.3769	0.0791	0.0645	0.0943	0.0621	0.0982	0.0963	0.0453	0.1412	0.1128	0.0294	0.224	0.1428
442	0.0406	0.378	0.0792	0.0646	0.0942	0.062	0.098	0.0961	0.0452	0.1416	0.1128	0.0294	0.2241	0.1428
443	0.0403	0.3782	0.0791	0.0645	0.0942	0.0621	0.0981	0.0962	0.0452	0.1417	0.1129	0.0294	0.224	0.1427
444	0.0406	0.3836	0.0791	0.0644	0.0942	0.0621	0.0982	0.0963	0.0452	0.1413	0.1128	0.0294	0.2241	0.1429
445	0.0403	0.3792	0.079	0.0641	0.0939	0.0621	0.0981	0.0961	0.0452	0.1414	0.1127	0.0294	0.2241	0.1428
446	0.0401	0.3758	0.079	0.0641	0.0939	0.0621	0.0982	0.0962	0.0452	0.1415	0.1129	0.0295	0.2243	0.1429
447	0.0401	0.381	0.0788	0.0639	0.0938	0.0621	0.0983	0.0963	0.0453	0.1416	0.1129	0.0294	0.2241	0.1428
448	0.04	0.3758	0.0787	0.0638	0.0938	0.0621	0.0984	0.0963	0.0452	0.1416	0.1129	0.0294	0.224	0.1429
449	0.0406	0.3816	0.0788	0.0639	0.0937	0.0622	0.0986	0.0963	0.0453	0.1418	0.1129	0.0294	0.2239	0.1427
450	0.0405	0.3786	0.0788	0.0639	0.0937	0.0621	0.0986	0.0962	0.0452	0.1416	0.1128	0.0294	0.2238	0.1426
451	0.0413	0.3804	0.0787	0.0638	0.0938	0.0621	0.0985	0.0963	0.0453	0.1417	0.113	0.0294	0.2237	0.1427
452	0.0402	0.3763	0.0788	0.0639	0.0939	0.062	0.0983	0.0963	0.0452	0.1414	0.1129	0.0294	0.2234	0.1427
453	0.0405	0.3831	0.0791	0.0644	0.0942	0.0622	0.0983	0.0964	0.0452	0.1414	0.1129	0.0293	0.2233	0.1427
454	0.0403	0.3806	0.079	0.0644	0.094	0.0622	0.0983	0.0963	0.0453	0.1417	0.113	0.0294	0.2237	0.1427
455	0.0401	0.3696	0.0793	0.0645	0.0944	0.0622	0.0983	0.0965	0.0453	0.1416	0.1131	0.0294	0.2237	0.1429
456	0.0399	0.3732	0.0792	0.0644	0.0942	0.0622	0.0986	0.0965	0.0452	0.1415	0.113	0.0294	0.2237	0.1428
457	0.0407	0.3748	0.0794	0.0645	0.0944	0.0623	0.0986	0.0965	0.0452	0.1415	0.1129	0.0294	0.2238	0.1428
458	0.0402	0.3897	0.0791	0.0643	0.0944	0.0622	0.0983	0.0966	0.0452	0.1416	0.1132	0.0294	0.2238	0.143
459	0.0404	0.3811	0.0789	0.0641	0.0941	0.0621	0.0982	0.0964	0.0452	0.1417	0.113	0.0294	0.2235	0.1428
460	0.0402	0.3723	0.0789	0.0641	0.0941	0.0621	0.0982	0.0963	0.0452	0.1416	0.1129	0.0294	0.2235	0.1427
461	0.0402	0.3851	0.079	0.0642	0.0941	0.0621	0.0983	0.0963	0.0453	0.1419	0.1131	0.0294	0.2236	0.1427
462	0.0405	0.3749	0.0789	0.0641	0.0941	0.062	0.0983	0.0963	0.0453	0.1418	0.113	0.0293	0.2234	0.1427
463	0.04	0.3807	0.079	0.0645	0.0943	0.062	0.0982	0.0964	0.0452	0.1417	0.1131	0.0294	0.2238	0.1429
464	0.0404	0.3895	0.0789	0.0644	0.0941	0.0619	0.0981	0.0962	0.0452	0.1417	0.113	0.0294	0.2237	0.1428
465	0.0396	0.3761	0.0789	0.0644	0.094	0.0619	0.098	0.0961	0.0453	0.1417	0.113	0.0294	0.2237	0.1427
466	0.0403	0.3857	0.079	0.0645	0.0941	0.062	0.0983	0.0962	0.0454	0.1419	0.113	0.0294	0.2237	0.1427
467	0.04	0.3819	0.0791	0.0646	0.0943	0.0622	0.0987	0.0964	0.0454	0.1421	0.1131	0.0294	0.2237	0.1427
468	0.0402	0.3796	0.0793	0.0648	0.0943	0.062	0.0983	0.0962	0.0453	0.1418	0.113	0.0293	0.2233	0.1426
469	0.0405	0.3827	0.0792	0.0647	0.0941	0.0619	0.0983	0.0961	0.0453	0.1417	0.1128	0.0293	0.2232	0.1424
470	0.0399	0.3776	0.079	0.0645	0.094	0.0619	0.0983	0.0961	0.0452	0.1416	0.1128	0.0293	0.2232	0.1425
471	0.0402	0.3785	0.0792	0.0647	0.0941	0.0619	0.0983	0.0961	0.0453	0.1416	0.1128	0.0293	0.2232	0.1425
472	0.0404	0.3752	0.0791	0.0645	0.094	0.0618	0.0981	0.0959	0.0454	0.1419	0.1129	0.0294	0.2234	0.1425
473	0.0397	0.3759	0.0789	0.0644	0.0939	0.0619	0.0981	0.096	0.0454	0.142	0.1129	0.0293	0.2235	0.1425
474	0.04	0.38	0.0788	0.0641	0.0938	0.062	0.0984	0.0961	0.0453	0.1419	0.1129	0.0293	0.2235	0.1425
475	0.0401	0.3839	0.0788	0.0642	0.0938	0.0618	0.0982	0.096	0.0453	0.1419	0.1128	0.0293	0.2232	0.1423
476	0.0397	0.3792	0.0786	0.0642	0.0935	0.0618	0.0982	0.0958	0.0452	0.1415	0.1126	0.0293	0.2233	0.1422
477	0.04	0.3853	0.0785	0.0643	0.0935	0.0617	0.0979	0.0956	0.0452	0.1414	0.1124	0.0293	0.223	0.1421
478	0.0397	0.38	0.0785	0.0642	0.0934	0.0617	0.098	0.0956	0.0452	0.1414	0.1124	0.0293	0.2228	0.142
479	0.0404	0.3727	0.0786	0.0641	0.0934	0.0617	0.0978	0.0955	0.0451	0.1413	0.1123	0.0293	0.2229	0.142
480	0.0396	0.3833	0.0787	0.0639	0.0934	0.0618	0.098	0.0955	0.0452	0.1414	0.1122	0.0293	0.223	0.1419
481	0.0401	0.3799	0.0786	0.0639	0.0934	0.0618	0.0981	0.0957	0.0453	0.1417	0.1125	0.0293	0.2231	0.142
482	0.0396	0.3813	0.0785	0.0637	0.0934	0.0617	0.0981	0.0957	0.0452	0.1416	0.1124	0.0293	0.2234	0.1421
483	0.0396	0.376	0.0783	0.0636	0.0932	0.0618	0.0981	0.0957	0.0452	0.1415	0.1124	0.0293	0.223	0.142
484	0.0401	0.3839	0.0783	0.0637	0.0931	0.0615	0.0977	0.0954	0.0452	0.1413	0.1123	0.0293	0.2228	0.1419
485	0.0403	0.3798	0.0785	0.0638	0.0933	0.0617	0.098	0.0956	0.0451	0.1413	0.1123	0.0293	0.2231	0.1421
486	0.0393	0.3813	0.0784	0.0638	0.0933	0.0616	0.0979	0.0956	0.0451	0.1411	0.1123	0.0293	0.223	0.1421
487	0.0402	0.381	0.0781	0.0637	0.0932	0.0616	0.098	0.0957	0.045	0.141	0.1123	0.0293	0.2236	0.1422
488	0.0399	0.382	0.0786	0.0641	0.0935	0.0615	0.0977	0.0956	0.0451	0.1414	0.1124	0.0294	0.2236	0.1423
489	0.0401	0.3843	0.0786	0.064	0.0936	0.0614	0.0977	0.0956	0.0451	0.1415	0.1125	0.0294	0.2235	0.1423
490	0.0398	0.3828	0.0784	0.0639	0.0934	0.0615	0.0979	0.0956	0.045	0.1412	0.1123	0.0293	0.2234	0.1422
491	0.0399	0.3811	0.0784	0.0639	0.0935	0.0615	0.098	0.0957	0.0451	0.1412	0.1124	0.0293	0.2231	0.1422
492	0.0398	0.3817	0.0785	0.0638	0.0935	0.0616	0.0981	0.0958	0.0451	0.1413	0.1125	0.0293	0.2226	0.1421
493	0.0402	0.3827	0.0786	0.0639	0.0936	0.0617	0.0983	0.0959	0.0451	0.1412	0.1125	0.0293	0.2232	0.1423
494	0.0397	0.3868	0.0784	0.0639	0.0934	0.0617	0.0983	0.0959	0.045	0.1409	0.1124	0.0293	0.2234	0.1422
495	0.0397	0.3807	0.0787	0.064	0.0937	0.0618	0.0984	0.096	0.0452	0.1417	0.1127	0.0293	0.2232	0.1423
496	0.0397	0.3846	0.0789	0.0641	0.0938	0.0619	0.0985	0.0961	0.0452	0.1416	0.1127	0.0293	0.223	0.1422
497	0.0401	0.3824	0.079	0.0643	0.094	0.0618	0.0985	0.0961	0.0452	0.1416	0.1128	0.0293	0.2231	0.1423
498	0.0398	0.3813	0.0788	0.0643	0.0939	0.0617	0.0983	0.096	0.0452	0.1415	0.1127	0.0292	0.2229	0.1423
499	0.0399	0.3821	0.0791	0.0645	0.094	0.0617	0.0984	0.096	0.0452	0.1415	0.1127	0.0293	0.2234	0.1423
500	0.0399	0.3772	0.079	0.0644	0.094	0.0618	0.0985	0.0961	0.0451	0.1412	0.1126	0.0293	0.2231	0.1423
