{"n_layers": 1, "device": "cuda", "batch_size": 2048, "embedding_dim": 1024, "learning_rate": 0.0005, "dataset": "dbbook", "epochs": 150, "top_k": 10, "multimodal": true, "datasets": {"dbbook": ["images", "text"], "ml1m": ["audio", "images", "text", "video"]}}
Epoch	Loss	Recall	Precision	NDCG
1	0.6893	0.0132	0.0080	0.0128
2	0.6804	0.0321	0.0204	0.0331
3	0.6704	0.0482	0.0312	0.0501
4	0.6580	0.0583	0.0387	0.0605
5	0.6421	0.0644	0.0431	0.0656
6	0.6223	0.0648	0.0440	0.0652
7	0.5977	0.0653	0.0442	0.0637
8	0.5689	0.0640	0.0434	0.0614
9	0.5362	0.0614	0.0418	0.0585
10	0.5013	0.0604	0.0410	0.0568
11	0.4642	0.0587	0.0400	0.0547
12	0.4289	0.0574	0.0391	0.0529
13	0.3943	0.0561	0.0386	0.0518
14	0.3624	0.0555	0.0381	0.0510
15	0.3344	0.0552	0.0379	0.0508
16	0.3079	0.0552	0.0380	0.0507
17	0.2848	0.0555	0.0381	0.0509
18	0.2662	0.0556	0.0381	0.0511
19	0.2468	0.0556	0.0381	0.0511
20	0.2284	0.0559	0.0382	0.0515
21	0.2147	0.0564	0.0384	0.0519
22	0.2027	0.0573	0.0389	0.0525
23	0.1898	0.0571	0.0389	0.0526
24	0.1774	0.0577	0.0393	0.0531
25	0.1684	0.0585	0.0397	0.0537
26	0.1603	0.0592	0.0403	0.0541
27	0.1506	0.0595	0.0404	0.0545
28	0.1421	0.0603	0.0409	0.0551
29	0.1366	0.0604	0.0409	0.0554
30	0.1301	0.0610	0.0413	0.0560
31	0.1212	0.0615	0.0416	0.0562
32	0.1183	0.0618	0.0417	0.0566
33	0.1126	0.0623	0.0421	0.0571
34	0.1066	0.0630	0.0426	0.0578
35	0.1032	0.0635	0.0429	0.0583
36	0.1003	0.0640	0.0433	0.0588
37	0.0948	0.0644	0.0435	0.0592
38	0.0910	0.0644	0.0436	0.0596
39	0.0870	0.0649	0.0439	0.0600
40	0.0835	0.0653	0.0440	0.0602
41	0.0796	0.0657	0.0441	0.0606
42	0.0768	0.0661	0.0446	0.0611
43	0.0761	0.0664	0.0448	0.0614
44	0.0716	0.0669	0.0451	0.0621
45	0.0702	0.0676	0.0455	0.0627
46	0.0679	0.0682	0.0458	0.0632
47	0.0638	0.0680	0.0456	0.0632
48	0.0647	0.0685	0.0461	0.0637
49	0.0598	0.0689	0.0464	0.0640
50	0.0598	0.0692	0.0465	0.0643
51	0.0569	0.0693	0.0465	0.0647
52	0.0562	0.0696	0.0468	0.0651
53	0.0542	0.0704	0.0472	0.0657
54	0.0527	0.0707	0.0475	0.0661
55	0.0503	0.0716	0.0478	0.0665
56	0.0489	0.0714	0.0478	0.0665
57	0.0484	0.0718	0.0480	0.0670
58	0.0467	0.0725	0.0485	0.0676
59	0.0459	0.0730	0.0487	0.0682
60	0.0452	0.0736	0.0490	0.0688
61	0.0425	0.0740	0.0493	0.0693
62	0.0431	0.0743	0.0496	0.0697
63	0.0415	0.0750	0.0499	0.0701
64	0.0406	0.0759	0.0501	0.0705
65	0.0390	0.0758	0.0501	0.0704
66	0.0386	0.0761	0.0502	0.0705
67	0.0362	0.0765	0.0505	0.0709
68	0.0369	0.0765	0.0504	0.0709
69	0.0358	0.0764	0.0504	0.0710
70	0.0362	0.0769	0.0507	0.0715
71	0.0353	0.0767	0.0506	0.0716
72	0.0344	0.0772	0.0508	0.0720
73	0.0339	0.0776	0.0510	0.0723
74	0.0324	0.0775	0.0511	0.0725
75	0.0316	0.0779	0.0513	0.0728
76	0.0307	0.0776	0.0511	0.0727
77	0.0300	0.0780	0.0513	0.0730
78	0.0289	0.0783	0.0515	0.0733
79	0.0293	0.0788	0.0518	0.0738
80	0.0295	0.0788	0.0518	0.0737
81	0.0280	0.0788	0.0519	0.0738
82	0.0270	0.0789	0.0519	0.0738
83	0.0275	0.0795	0.0520	0.0742
84	0.0262	0.0794	0.0520	0.0741
85	0.0255	0.0797	0.0522	0.0743
86	0.0258	0.0802	0.0525	0.0746
87	0.0252	0.0805	0.0524	0.0747
88	0.0263	0.0809	0.0526	0.0750
89	0.0241	0.0807	0.0525	0.0748
90	0.0237	0.0806	0.0526	0.0750
91	0.0230	0.0807	0.0526	0.0753
92	0.0231	0.0812	0.0528	0.0758
93	0.0229	0.0808	0.0528	0.0759
94	0.0222	0.0815	0.0529	0.0762
95	0.0229	0.0817	0.0530	0.0765
96	0.0223	0.0821	0.0533	0.0768
97	0.0218	0.0821	0.0531	0.0769
98	0.0219	0.0822	0.0531	0.0769
99	0.0212	0.0821	0.0531	0.0770
100	0.0210	0.0822	0.0533	0.0771
101	0.0206	0.0830	0.0537	0.0776
102	0.0204	0.0833	0.0539	0.0780
103	0.0207	0.0830	0.0538	0.0779
104	0.0199	0.0831	0.0540	0.0780
105	0.0202	0.0832	0.0540	0.0782
106	0.0196	0.0830	0.0539	0.0782
107	0.0187	0.0831	0.0538	0.0782
108	0.0191	0.0831	0.0538	0.0783
109	0.0188	0.0832	0.0539	0.0784
110	0.0176	0.0832	0.0539	0.0783
111	0.0190	0.0836	0.0541	0.0785
112	0.0178	0.0840	0.0542	0.0789
113	0.0177	0.0842	0.0542	0.0790
114	0.0174	0.0844	0.0543	0.0792
115	0.0178	0.0843	0.0543	0.0792
116	0.0178	0.0844	0.0546	0.0795
117	0.0173	0.0849	0.0547	0.0798
118	0.0178	0.0846	0.0546	0.0797
119	0.0168	0.0847	0.0545	0.0798
120	0.0166	0.0846	0.0544	0.0797
121	0.0162	0.0847	0.0544	0.0797
122	0.0158	0.0846	0.0545	0.0797
123	0.0170	0.0844	0.0545	0.0799
124	0.0164	0.0849	0.0547	0.0801
125	0.0161	0.0854	0.0548	0.0802
126	0.0147	0.0850	0.0546	0.0800
127	0.0152	0.0849	0.0545	0.0802
128	0.0158	0.0855	0.0546	0.0805
129	0.0150	0.0857	0.0549	0.0809
130	0.0154	0.0857	0.0548	0.0809
131	0.0147	0.0857	0.0548	0.0811
132	0.0146	0.0857	0.0548	0.0810
133	0.0151	0.0859	0.0548	0.0812
134	0.0145	0.0859	0.0548	0.0813
135	0.0144	0.0858	0.0549	0.0815
136	0.0144	0.0858	0.0549	0.0815
137	0.0147	0.0857	0.0549	0.0814
138	0.0138	0.0857	0.0549	0.0815
139	0.0143	0.0865	0.0553	0.0819
140	0.0135	0.0865	0.0553	0.0820
141	0.0136	0.0867	0.0554	0.0820
142	0.0136	0.0862	0.0552	0.0819
143	0.0136	0.0861	0.0552	0.0817
144	0.0138	0.0860	0.0552	0.0816
145	0.0140	0.0864	0.0554	0.0820
146	0.0139	0.0863	0.0554	0.0818
147	0.0130	0.0865	0.0554	0.0820
148	0.0135	0.0865	0.0554	0.0821
149	0.0129	0.0866	0.0556	0.0822
150	0.0131	0.0865	0.0556	0.0821
