{"device": "cuda:2", "multimodal": true, "embedding_dim": 512, "n_layers": 1, "epochs": 500, "learning_rate": 0.001, "log": true, "seed": 19, "top_k": [5, 10, 20, 50], "dataset": "dbbook", "batch_size": 2048, "single_branch": false, "autoencoder": false, "ensemble_fusion": false, "freeze": true, "fusion_modalities": "mean", "fusion_type": "late", "info_nce": false, "weighting": "equal", "datasets": {"dbbook": ["images", "text"], "ml1m": ["audio", "images", "text", "video"]}}
Epoch	T-Loss	V-Loss	Precision@5	Recall@5	NDCG@5	Precision@10	Recall@10	NDCG@10	Precision@20	Recall@20	NDCG@20	Precision@50	Recall@50	NDCG@50
1	0.6931	0.693	0.0042	0.0029	0.0043	0.0041	0.0062	0.0053	0.0034	0.0106	0.007	0.0027	0.022	0.0108
2	0.6912	0.6927	0.0124	0.0113	0.0153	0.0102	0.0181	0.0165	0.0077	0.0265	0.0199	0.0056	0.0469	0.027
3	0.6894	0.6924	0.0278	0.0245	0.0344	0.0206	0.0355	0.0349	0.0142	0.0483	0.0397	0.0089	0.0746	0.0488
4	0.6872	0.6919	0.0439	0.0381	0.0541	0.0306	0.0516	0.0524	0.021	0.069	0.0591	0.0124	0.1019	0.0705
5	0.6842	0.6912	0.0555	0.0466	0.0679	0.04	0.0648	0.0665	0.0271	0.0882	0.0749	0.0162	0.1299	0.0896
6	0.6804	0.69	0.062	0.0511	0.0754	0.046	0.0733	0.0745	0.0321	0.102	0.0851	0.0195	0.1535	0.1034
7	0.6754	0.6884	0.0658	0.0533	0.0796	0.0495	0.078	0.079	0.0353	0.11	0.0911	0.0222	0.1728	0.1134
8	0.6689	0.686	0.0668	0.0545	0.081	0.0514	0.0809	0.0812	0.0374	0.1163	0.0947	0.0238	0.1839	0.1188
9	0.6606	0.6829	0.0675	0.0539	0.0813	0.0519	0.0806	0.0812	0.0386	0.1191	0.0961	0.0251	0.1925	0.1223
10	0.6501	0.6786	0.068	0.053	0.0815	0.0519	0.0805	0.0814	0.0394	0.1203	0.0971	0.0258	0.1964	0.1241
11	0.6375	0.6732	0.0685	0.053	0.081	0.052	0.08	0.0805	0.0398	0.1211	0.0967	0.0261	0.197	0.1239
12	0.6227	0.6666	0.0685	0.0531	0.0814	0.0521	0.0795	0.0807	0.0398	0.1205	0.0968	0.0264	0.1986	0.125
13	0.6056	0.6585	0.0679	0.0524	0.0803	0.0525	0.0796	0.0804	0.0397	0.1202	0.0962	0.0266	0.2001	0.1248
14	0.586	0.6491	0.0679	0.0524	0.08	0.0524	0.0792	0.0799	0.0399	0.1201	0.0959	0.0267	0.2003	0.1246
15	0.5647	0.6385	0.068	0.0522	0.0796	0.0523	0.0793	0.0796	0.0398	0.1193	0.0954	0.0267	0.1999	0.1242
16	0.5422	0.6261	0.0683	0.0519	0.0796	0.0521	0.0788	0.0792	0.0395	0.1178	0.0946	0.0267	0.1995	0.124
17	0.5188	0.6147	0.0677	0.0516	0.0792	0.052	0.0784	0.079	0.0395	0.117	0.0943	0.0267	0.1994	0.1238
18	0.4945	0.6005	0.0679	0.052	0.0793	0.052	0.0784	0.0789	0.0395	0.117	0.0943	0.0267	0.199	0.1236
19	0.47	0.5872	0.0674	0.0513	0.079	0.052	0.0779	0.0788	0.0394	0.1167	0.0943	0.0268	0.1992	0.1238
20	0.446	0.5746	0.0675	0.0518	0.0795	0.0519	0.0781	0.0791	0.0397	0.1174	0.0949	0.0268	0.1993	0.1241
21	0.4229	0.5616	0.0676	0.0515	0.0793	0.0519	0.0778	0.0789	0.0396	0.117	0.0946	0.0268	0.1995	0.124
22	0.4005	0.5472	0.0681	0.0522	0.0797	0.0519	0.078	0.079	0.0397	0.1174	0.0948	0.0269	0.2003	0.1243
23	0.3795	0.5348	0.068	0.0516	0.0796	0.052	0.0781	0.0791	0.0397	0.1176	0.0949	0.0269	0.2005	0.1244
24	0.3593	0.5249	0.0683	0.0519	0.0798	0.0518	0.0782	0.0791	0.0396	0.1171	0.0947	0.0269	0.2005	0.1245
25	0.3396	0.5121	0.0683	0.0522	0.0801	0.0521	0.0785	0.0796	0.0396	0.1169	0.0949	0.0269	0.2003	0.1247
26	0.3216	0.503	0.0679	0.0518	0.0798	0.0521	0.0785	0.0795	0.0398	0.1179	0.0952	0.0269	0.2	0.1247
27	0.3055	0.496	0.068	0.0518	0.08	0.0523	0.0788	0.0798	0.0399	0.1185	0.0955	0.027	0.2001	0.1249
28	0.2902	0.4844	0.0682	0.0515	0.0797	0.0523	0.0786	0.0796	0.0398	0.1182	0.0953	0.027	0.2009	0.1249
29	0.276	0.4761	0.0686	0.0522	0.0803	0.0524	0.0787	0.0799	0.04	0.1186	0.0958	0.0271	0.2019	0.1255
30	0.2621	0.4692	0.068	0.0518	0.0801	0.0526	0.0792	0.0802	0.0401	0.1189	0.096	0.0271	0.202	0.1257
31	0.2511	0.46	0.0684	0.0522	0.0805	0.0527	0.0795	0.0805	0.0401	0.1191	0.0962	0.0272	0.2027	0.1261
32	0.2382	0.4557	0.0687	0.0523	0.0806	0.0527	0.0795	0.0804	0.0403	0.1197	0.0964	0.0273	0.2034	0.1263
33	0.2266	0.4528	0.069	0.0528	0.0807	0.0528	0.0797	0.0804	0.0403	0.1199	0.0964	0.0274	0.2037	0.1263
34	0.217	0.4466	0.069	0.0528	0.0809	0.0532	0.0802	0.0809	0.0404	0.1196	0.0966	0.0273	0.2032	0.1265
35	0.2079	0.4376	0.069	0.0528	0.0809	0.0529	0.0795	0.0806	0.0404	0.1197	0.0966	0.0273	0.2032	0.1265
36	0.1982	0.4384	0.0686	0.0525	0.0806	0.0531	0.0801	0.0808	0.0403	0.1198	0.0966	0.0273	0.2027	0.1264
37	0.1903	0.4327	0.069	0.0528	0.0808	0.0532	0.0802	0.0808	0.0403	0.12	0.0966	0.0274	0.2033	0.1265
38	0.1821	0.4256	0.0694	0.0534	0.0811	0.0532	0.0803	0.0808	0.0406	0.1214	0.097	0.0274	0.2043	0.1268
39	0.176	0.4217	0.0698	0.0536	0.0813	0.0534	0.0804	0.081	0.0406	0.1213	0.0971	0.0275	0.2042	0.1269
40	0.1672	0.4207	0.0697	0.0536	0.0813	0.0534	0.0807	0.0811	0.0407	0.1216	0.0973	0.0275	0.2044	0.1271
41	0.1614	0.4157	0.0698	0.0535	0.0814	0.0534	0.0808	0.0812	0.0407	0.1213	0.0973	0.0275	0.2046	0.1272
42	0.1542	0.415	0.0698	0.0535	0.0815	0.0535	0.081	0.0815	0.0408	0.1213	0.0975	0.0275	0.2045	0.1274
43	0.1491	0.4105	0.07	0.0537	0.0815	0.0538	0.0813	0.0816	0.0408	0.1217	0.0975	0.0275	0.2048	0.1274
44	0.1439	0.4079	0.0703	0.0543	0.082	0.054	0.0814	0.0819	0.0408	0.122	0.0978	0.0275	0.2046	0.1276
45	0.1391	0.4097	0.0703	0.0543	0.0821	0.0542	0.0818	0.0822	0.0408	0.122	0.098	0.0276	0.2049	0.1278
46	0.1325	0.4015	0.0703	0.0543	0.0823	0.0543	0.0817	0.0823	0.041	0.123	0.0985	0.0276	0.2053	0.1282
47	0.1273	0.4045	0.0708	0.0548	0.0829	0.0545	0.0823	0.0829	0.0411	0.1233	0.0989	0.0276	0.2054	0.1285
48	0.1246	0.4013	0.0709	0.0551	0.0829	0.0547	0.0825	0.0829	0.0412	0.1234	0.099	0.0277	0.2059	0.1287
49	0.12	0.3921	0.0702	0.0549	0.0823	0.0547	0.0825	0.0827	0.0412	0.1232	0.0987	0.0277	0.2064	0.1287
50	0.115	0.394	0.0704	0.0549	0.0824	0.0547	0.0826	0.0828	0.0413	0.1235	0.0989	0.0278	0.2068	0.1289
51	0.1115	0.3969	0.0706	0.055	0.0824	0.0549	0.0829	0.083	0.0414	0.1239	0.0991	0.0278	0.2066	0.1289
52	0.1066	0.3958	0.071	0.0552	0.0827	0.055	0.083	0.0831	0.0416	0.1247	0.0994	0.0278	0.2069	0.1291
53	0.1042	0.3908	0.0715	0.0556	0.0831	0.0553	0.0834	0.0834	0.0416	0.1246	0.0996	0.0278	0.2072	0.1294
54	0.1003	0.3935	0.0716	0.0559	0.0835	0.0553	0.0836	0.0837	0.0417	0.125	0.1	0.0278	0.2068	0.1295
55	0.0974	0.3901	0.0715	0.0558	0.0834	0.0555	0.0841	0.0839	0.0418	0.1255	0.1002	0.0278	0.2071	0.1297
56	0.095	0.3944	0.0718	0.0561	0.0837	0.0556	0.0844	0.0842	0.0418	0.1258	0.1004	0.0278	0.2067	0.1297
57	0.0926	0.3892	0.0718	0.0559	0.0836	0.0558	0.0846	0.0843	0.0417	0.1257	0.1003	0.0278	0.2067	0.1297
58	0.089	0.3837	0.0722	0.0561	0.0838	0.056	0.0846	0.0844	0.0417	0.1255	0.1003	0.0278	0.207	0.1298
59	0.0858	0.3847	0.0721	0.0562	0.0838	0.0561	0.085	0.0845	0.0418	0.1258	0.1005	0.0279	0.2073	0.13
60	0.0826	0.384	0.072	0.0561	0.0839	0.0563	0.0852	0.0848	0.0419	0.1262	0.1008	0.0279	0.2082	0.1305
61	0.0824	0.3783	0.0727	0.0565	0.0845	0.0565	0.0855	0.0851	0.0418	0.1261	0.1008	0.028	0.2089	0.1309
62	0.0788	0.3858	0.0725	0.0565	0.0842	0.0567	0.0859	0.0852	0.0418	0.1264	0.1009	0.0281	0.2096	0.131
63	0.0764	0.3812	0.0725	0.0567	0.0841	0.0565	0.0857	0.0849	0.042	0.1269	0.1009	0.0281	0.2096	0.1309
64	0.0738	0.3784	0.0724	0.0567	0.084	0.0566	0.086	0.085	0.0421	0.1273	0.1011	0.0281	0.2099	0.131
65	0.0734	0.3824	0.0727	0.0568	0.0843	0.0568	0.0864	0.0853	0.0421	0.1275	0.1013	0.0281	0.2099	0.1311
66	0.0708	0.3756	0.0727	0.0568	0.0843	0.0567	0.0864	0.0853	0.0422	0.1277	0.1014	0.0281	0.2099	0.1312
67	0.0691	0.3791	0.0725	0.0565	0.0842	0.0567	0.0864	0.0854	0.0423	0.128	0.1015	0.0282	0.2104	0.1314
68	0.0674	0.3793	0.0727	0.0565	0.0844	0.0565	0.0861	0.0853	0.0422	0.1282	0.1017	0.0282	0.211	0.1317
69	0.0661	0.3767	0.0725	0.0566	0.0845	0.0567	0.0866	0.0857	0.0421	0.1278	0.1017	0.0282	0.2109	0.1319
70	0.0634	0.373	0.0728	0.0567	0.0849	0.057	0.0873	0.0862	0.0422	0.1277	0.102	0.0282	0.2112	0.1322
71	0.0631	0.3762	0.0729	0.0571	0.085	0.0568	0.0869	0.0861	0.0422	0.128	0.1022	0.0282	0.2115	0.1324
72	0.0621	0.3767	0.073	0.0572	0.0852	0.0569	0.0871	0.0863	0.0424	0.1286	0.1025	0.0282	0.2112	0.1325
73	0.0591	0.3759	0.073	0.0574	0.0853	0.0568	0.0871	0.0863	0.0424	0.1286	0.1026	0.0283	0.2117	0.1327
74	0.0571	0.3695	0.0733	0.0576	0.0857	0.057	0.0875	0.0867	0.0424	0.1288	0.1029	0.0282	0.2117	0.1329
75	0.0581	0.3718	0.0733	0.0577	0.0858	0.0571	0.0877	0.0868	0.0425	0.1296	0.1031	0.0283	0.2122	0.133
76	0.0555	0.372	0.0728	0.0573	0.0852	0.0573	0.0883	0.0869	0.0426	0.1296	0.103	0.0283	0.2122	0.1329
77	0.0548	0.3729	0.0729	0.0577	0.0854	0.0573	0.0881	0.0869	0.0425	0.1293	0.103	0.0283	0.2128	0.1331
78	0.0536	0.367	0.0731	0.0578	0.0854	0.0574	0.0879	0.0868	0.0426	0.1297	0.1031	0.0283	0.2132	0.1331
79	0.053	0.3735	0.0733	0.0579	0.0856	0.0576	0.0882	0.087	0.0425	0.1297	0.1031	0.0283	0.2132	0.1333
80	0.0509	0.367	0.0731	0.0578	0.0857	0.0577	0.0888	0.0874	0.0425	0.1296	0.1032	0.0283	0.2131	0.1334
81	0.0505	0.3725	0.0728	0.0573	0.0854	0.058	0.0892	0.0877	0.0425	0.1293	0.1033	0.0283	0.213	0.1334
82	0.0483	0.3699	0.073	0.0575	0.0856	0.0579	0.0892	0.0877	0.0426	0.1299	0.1035	0.0283	0.2129	0.1335
83	0.049	0.3688	0.0733	0.0578	0.0859	0.058	0.0894	0.0879	0.0427	0.1303	0.1038	0.0283	0.2128	0.1336
84	0.0463	0.3623	0.0733	0.0576	0.0858	0.0578	0.089	0.0877	0.0427	0.1303	0.1038	0.0283	0.2131	0.1337
85	0.0467	0.3734	0.0735	0.0576	0.086	0.058	0.0893	0.088	0.0428	0.1303	0.104	0.0283	0.2133	0.1339
86	0.0453	0.3702	0.0731	0.0572	0.0857	0.0578	0.0892	0.0879	0.043	0.1312	0.1043	0.0283	0.2135	0.1339
87	0.0451	0.3721	0.0729	0.057	0.0855	0.0578	0.0894	0.0879	0.043	0.1317	0.1043	0.0283	0.2136	0.1339
88	0.0441	0.3755	0.0732	0.0576	0.0859	0.0578	0.0896	0.088	0.043	0.1319	0.1045	0.0284	0.2137	0.134
89	0.0434	0.3733	0.0731	0.0574	0.0858	0.0577	0.0893	0.0879	0.043	0.1315	0.1044	0.0283	0.2137	0.1341
90	0.0428	0.3687	0.0731	0.0575	0.086	0.0578	0.0892	0.088	0.043	0.1312	0.1045	0.0284	0.214	0.1343
91	0.041	0.3704	0.0734	0.0576	0.0863	0.0579	0.0898	0.0884	0.043	0.1313	0.1046	0.0284	0.2138	0.1345
92	0.0407	0.3626	0.0733	0.0579	0.0863	0.0581	0.09	0.0884	0.0429	0.1311	0.1044	0.0284	0.2135	0.1343
93	0.0407	0.3688	0.0736	0.058	0.0865	0.0581	0.09	0.0885	0.0429	0.1309	0.1045	0.0284	0.2134	0.1344
94	0.0393	0.3693	0.0738	0.0579	0.0867	0.0582	0.0901	0.0886	0.043	0.1308	0.1046	0.0284	0.2137	0.1346
95	0.0401	0.3659	0.0738	0.0581	0.0867	0.0582	0.0899	0.0886	0.0429	0.131	0.1046	0.0284	0.2139	0.1346
96	0.0384	0.3671	0.0738	0.0582	0.0867	0.0581	0.09	0.0886	0.0429	0.1309	0.1046	0.0284	0.2139	0.1346
97	0.0374	0.3638	0.0738	0.0581	0.0866	0.0583	0.0902	0.0887	0.0428	0.1307	0.1045	0.0284	0.2138	0.1345
98	0.0373	0.3688	0.0737	0.0581	0.0866	0.0584	0.0906	0.0889	0.0429	0.131	0.1046	0.0285	0.2145	0.1348
99	0.0362	0.367	0.0738	0.0579	0.0867	0.0581	0.09	0.0887	0.043	0.1312	0.1048	0.0285	0.2142	0.1348
100	0.0362	0.368	0.0745	0.0584	0.0872	0.0582	0.0901	0.0889	0.043	0.1315	0.105	0.0285	0.2147	0.1351
101	0.0361	0.3672	0.0742	0.0582	0.0871	0.0582	0.0901	0.0889	0.0431	0.1319	0.1052	0.0285	0.2148	0.1352
102	0.0354	0.3716	0.0745	0.0583	0.0875	0.0584	0.0904	0.0892	0.0431	0.1325	0.1055	0.0285	0.2147	0.1353
103	0.0347	0.3632	0.0748	0.0588	0.0877	0.0583	0.0904	0.0892	0.0431	0.132	0.1054	0.0285	0.2147	0.1354
104	0.0345	0.3666	0.0749	0.059	0.0878	0.0585	0.0905	0.0894	0.0431	0.132	0.1054	0.0285	0.2147	0.1354
105	0.0337	0.3668	0.0753	0.0593	0.0881	0.0584	0.0905	0.0894	0.0432	0.1326	0.1057	0.0285	0.2144	0.1355
106	0.0332	0.3708	0.0751	0.0591	0.088	0.0584	0.0904	0.0894	0.0431	0.1324	0.1056	0.0285	0.2151	0.1356
107	0.0332	0.3685	0.0753	0.0591	0.0883	0.0585	0.0904	0.0896	0.0432	0.1324	0.1058	0.0285	0.2153	0.1358
108	0.0324	0.3681	0.0751	0.0586	0.088	0.0586	0.0907	0.0896	0.0432	0.1323	0.1057	0.0285	0.215	0.1356
109	0.0318	0.3686	0.075	0.0589	0.0879	0.0588	0.0912	0.0897	0.0433	0.1327	0.1058	0.0285	0.2154	0.1357
110	0.0316	0.3605	0.0748	0.0587	0.0878	0.0586	0.0911	0.0896	0.0434	0.1328	0.1059	0.0285	0.2149	0.1356
111	0.0312	0.3629	0.0748	0.0588	0.0879	0.0585	0.091	0.0896	0.0433	0.1327	0.1059	0.0285	0.2149	0.1357
112	0.0319	0.3602	0.075	0.0588	0.0879	0.0585	0.0909	0.0896	0.0434	0.1328	0.1059	0.0286	0.215	0.1357
113	0.0309	0.364	0.0752	0.0594	0.0882	0.0588	0.0913	0.0898	0.0435	0.1333	0.1061	0.0286	0.2151	0.1358
114	0.0302	0.3653	0.0748	0.0589	0.0879	0.0589	0.0915	0.0899	0.0434	0.1333	0.1061	0.0285	0.215	0.1357
115	0.0297	0.3678	0.0751	0.0592	0.0882	0.0589	0.0915	0.09	0.0435	0.1333	0.1062	0.0285	0.2146	0.1357
116	0.03	0.3698	0.075	0.0591	0.0882	0.059	0.092	0.0903	0.0436	0.1339	0.1066	0.0285	0.2155	0.1361
117	0.0299	0.3652	0.0751	0.0593	0.0882	0.0588	0.0919	0.0901	0.0436	0.1338	0.1065	0.0286	0.2156	0.1361
118	0.0287	0.3644	0.075	0.0591	0.0881	0.0589	0.092	0.0902	0.0436	0.1338	0.1065	0.0286	0.2156	0.1362
119	0.029	0.3654	0.0752	0.0594	0.0883	0.0587	0.092	0.0902	0.0434	0.1335	0.1064	0.0286	0.2159	0.1363
120	0.0283	0.3649	0.0752	0.0594	0.0884	0.0586	0.0921	0.0903	0.0434	0.1336	0.1065	0.0286	0.216	0.1364
121	0.0282	0.3653	0.0754	0.0596	0.0887	0.0587	0.0921	0.0904	0.0433	0.1333	0.1065	0.0286	0.2161	0.1365
122	0.0282	0.3612	0.0756	0.0598	0.0889	0.0588	0.0921	0.0905	0.0434	0.1336	0.1067	0.0286	0.2158	0.1365
123	0.028	0.3643	0.0756	0.0597	0.0889	0.0588	0.0921	0.0906	0.0432	0.1333	0.1066	0.0286	0.2158	0.1366
124	0.0275	0.3632	0.0752	0.0595	0.0888	0.0587	0.0921	0.0906	0.0434	0.134	0.107	0.0286	0.216	0.1367
125	0.0274	0.3614	0.0753	0.0596	0.0889	0.0589	0.0921	0.0907	0.0435	0.1346	0.1072	0.0287	0.2164	0.1369
126	0.0268	0.3638	0.0753	0.0596	0.0888	0.0589	0.0923	0.0907	0.0434	0.1339	0.1069	0.0286	0.2161	0.1368
127	0.0274	0.3594	0.0754	0.0599	0.089	0.0591	0.0926	0.091	0.0435	0.1345	0.1072	0.0287	0.2163	0.137
128	0.027	0.3641	0.0755	0.06	0.089	0.059	0.0922	0.0907	0.0436	0.1345	0.1072	0.0286	0.2164	0.1369
129	0.0265	0.3695	0.0756	0.0602	0.0891	0.059	0.0921	0.0907	0.0437	0.1349	0.1073	0.0287	0.2164	0.1369
130	0.0257	0.3614	0.0752	0.06	0.0889	0.0588	0.0919	0.0907	0.0437	0.1348	0.1074	0.0287	0.2163	0.137
131	0.026	0.3651	0.0751	0.0597	0.0888	0.059	0.0924	0.0909	0.0436	0.1348	0.1074	0.0286	0.2162	0.137
132	0.0264	0.3605	0.0753	0.06	0.089	0.0589	0.0924	0.0909	0.0435	0.1348	0.1073	0.0286	0.2161	0.1369
133	0.026	0.3589	0.0753	0.0603	0.089	0.0589	0.0925	0.0908	0.0436	0.1351	0.1074	0.0287	0.2165	0.137
134	0.0256	0.3665	0.0751	0.0601	0.0888	0.059	0.0929	0.0909	0.0435	0.1347	0.1072	0.0287	0.2165	0.137
135	0.0252	0.3567	0.0753	0.0603	0.0888	0.0589	0.0928	0.0907	0.0435	0.1349	0.1071	0.0287	0.2167	0.1369
136	0.0249	0.3614	0.0752	0.0603	0.0888	0.0589	0.0927	0.0907	0.0435	0.1347	0.1072	0.0286	0.2168	0.137
137	0.0242	0.3674	0.0756	0.0605	0.0891	0.059	0.0928	0.0909	0.0437	0.135	0.1074	0.0287	0.217	0.1371
138	0.0249	0.3645	0.0755	0.0606	0.089	0.059	0.0929	0.0909	0.0437	0.1351	0.1074	0.0287	0.2171	0.1371
139	0.0243	0.3621	0.0754	0.0605	0.0891	0.059	0.093	0.091	0.0437	0.1352	0.1076	0.0287	0.2174	0.1373
140	0.0243	0.3593	0.0755	0.0607	0.0892	0.0592	0.0933	0.0912	0.0437	0.1355	0.1077	0.0287	0.2171	0.1373
141	0.0244	0.3657	0.0753	0.0604	0.0891	0.059	0.0931	0.0911	0.0437	0.1356	0.1077	0.0287	0.2176	0.1374
142	0.0236	0.3603	0.0752	0.0605	0.089	0.0588	0.093	0.091	0.0437	0.1354	0.1076	0.0287	0.2177	0.1374
143	0.0237	0.3695	0.0756	0.061	0.0893	0.0586	0.0926	0.0908	0.0437	0.1355	0.1076	0.0287	0.2173	0.1373
144	0.0232	0.3769	0.0754	0.061	0.0893	0.0586	0.0926	0.0908	0.0436	0.1353	0.1076	0.0287	0.2172	0.1373
145	0.0233	0.3594	0.0752	0.0608	0.089	0.0588	0.093	0.0909	0.0436	0.1355	0.1076	0.0285	0.2163	0.137
146	0.0235	0.3663	0.0755	0.0608	0.0891	0.0587	0.0927	0.0908	0.0436	0.1354	0.1075	0.0286	0.2164	0.1369
147	0.023	0.3607	0.0754	0.0606	0.0888	0.059	0.0931	0.0909	0.0436	0.1352	0.1073	0.0286	0.2163	0.1368
148	0.022	0.3552	0.0757	0.0608	0.0891	0.059	0.0929	0.0909	0.0436	0.1352	0.1074	0.0286	0.2164	0.137
149	0.023	0.3648	0.0754	0.0608	0.089	0.059	0.093	0.091	0.0436	0.1352	0.1074	0.0286	0.2167	0.137
150	0.0225	0.3575	0.0753	0.0607	0.0888	0.0588	0.0926	0.0907	0.0436	0.1354	0.1074	0.0286	0.2167	0.1369
151	0.0228	0.365	0.0754	0.0606	0.0888	0.0587	0.0925	0.0906	0.0437	0.1355	0.1074	0.0286	0.217	0.137
152	0.0226	0.3625	0.0753	0.0604	0.0887	0.0586	0.0924	0.0905	0.0437	0.1359	0.1075	0.0286	0.2168	0.1369
153	0.0224	0.3682	0.0747	0.06	0.0882	0.0587	0.0927	0.0906	0.0437	0.1359	0.1075	0.0286	0.2174	0.1371
154	0.0221	0.3636	0.0746	0.0598	0.0882	0.0587	0.0928	0.0907	0.0436	0.1354	0.1074	0.0286	0.2174	0.1371
155	0.0221	0.354	0.0749	0.06	0.0884	0.0586	0.0926	0.0905	0.0437	0.1354	0.1074	0.0287	0.2175	0.1371
156	0.0219	0.3588	0.075	0.0603	0.0886	0.0588	0.0927	0.0907	0.0437	0.1354	0.1075	0.0287	0.2176	0.1372
157	0.0213	0.362	0.0752	0.0604	0.089	0.0589	0.0932	0.0911	0.0438	0.1357	0.1078	0.0287	0.2175	0.1375
158	0.0217	0.3647	0.0753	0.0605	0.0891	0.059	0.0932	0.0913	0.0438	0.1354	0.1079	0.0287	0.2177	0.1376
159	0.0216	0.3636	0.0755	0.0608	0.0893	0.0589	0.093	0.0912	0.0437	0.1355	0.1079	0.0287	0.2175	0.1376
160	0.0214	0.3615	0.0756	0.0607	0.0892	0.0589	0.0929	0.091	0.0438	0.1356	0.1078	0.0287	0.2175	0.1375
161	0.0215	0.3636	0.076	0.061	0.0894	0.0589	0.093	0.0911	0.0438	0.1357	0.1078	0.0287	0.2175	0.1376
162	0.0211	0.3601	0.076	0.0612	0.0897	0.0589	0.0928	0.0912	0.0437	0.1355	0.108	0.0287	0.2176	0.1378
163	0.0212	0.3659	0.0759	0.0611	0.0896	0.0592	0.0933	0.0915	0.0438	0.1354	0.108	0.0287	0.2177	0.1378
164	0.0212	0.3654	0.0759	0.0611	0.0896	0.0593	0.0933	0.0915	0.0437	0.1355	0.1079	0.0287	0.2181	0.1378
165	0.0211	0.359	0.0758	0.0611	0.0895	0.0592	0.0934	0.0915	0.0437	0.1355	0.108	0.0288	0.2181	0.1379
166	0.0207	0.3645	0.0757	0.0611	0.0895	0.0593	0.0935	0.0915	0.0438	0.1356	0.108	0.0288	0.2181	0.1379
167	0.0206	0.3642	0.0758	0.0612	0.0897	0.0594	0.0938	0.0918	0.0438	0.1357	0.1082	0.0287	0.2181	0.1379
168	0.0205	0.3669	0.076	0.0613	0.0899	0.0594	0.0939	0.0919	0.0438	0.1358	0.1083	0.0287	0.2179	0.138
169	0.0208	0.3603	0.0765	0.0617	0.0902	0.0595	0.0941	0.092	0.0438	0.1357	0.1082	0.0287	0.2185	0.1381
170	0.0202	0.3589	0.0765	0.0617	0.0903	0.0595	0.0942	0.0921	0.0438	0.1357	0.1083	0.0288	0.2186	0.1382
171	0.0209	0.3622	0.0767	0.0619	0.0905	0.0596	0.0943	0.0922	0.0438	0.1358	0.1084	0.0288	0.2184	0.1383
172	0.0202	0.361	0.0766	0.0616	0.0905	0.0596	0.0944	0.0923	0.044	0.136	0.1086	0.0287	0.218	0.1383
173	0.0206	0.3596	0.0767	0.0616	0.0906	0.0596	0.0944	0.0923	0.0439	0.1359	0.1086	0.0287	0.2176	0.1383
174	0.02	0.3637	0.0767	0.0616	0.0904	0.0595	0.0942	0.0921	0.0439	0.1359	0.1085	0.0287	0.2179	0.1381
175	0.0206	0.3516	0.077	0.0618	0.0907	0.0593	0.0937	0.092	0.0439	0.136	0.1086	0.0287	0.2177	0.1381
176	0.02	0.3578	0.0766	0.0616	0.0904	0.0593	0.0935	0.0918	0.0438	0.1357	0.1083	0.0286	0.2175	0.1379
177	0.0204	0.3631	0.0769	0.0619	0.0904	0.0592	0.0933	0.0916	0.0439	0.1359	0.1083	0.0287	0.2175	0.1379
178	0.0197	0.3624	0.0768	0.0618	0.0903	0.0594	0.0937	0.0918	0.0439	0.1362	0.1084	0.0286	0.2175	0.1378
179	0.0197	0.3637	0.0766	0.0618	0.0902	0.0595	0.0936	0.0918	0.044	0.1365	0.1085	0.0286	0.2176	0.1378
180	0.0201	0.3643	0.0765	0.0616	0.0901	0.0594	0.0935	0.0917	0.044	0.1367	0.1085	0.0286	0.2178	0.1378
181	0.0198	0.3536	0.0763	0.0615	0.09	0.0594	0.0936	0.0917	0.044	0.1368	0.1085	0.0286	0.2178	0.1378
182	0.0196	0.3626	0.0765	0.0615	0.0901	0.0593	0.0935	0.0917	0.044	0.1368	0.1086	0.0286	0.2176	0.1378
183	0.0201	0.3663	0.0763	0.0616	0.0902	0.0593	0.0938	0.0919	0.0441	0.1371	0.1088	0.0286	0.2172	0.1378
184	0.0199	0.3629	0.0762	0.0616	0.0903	0.0593	0.0937	0.092	0.044	0.1367	0.1088	0.0287	0.2175	0.1381
185	0.0198	0.3681	0.0764	0.0618	0.0905	0.0594	0.0937	0.0921	0.044	0.1368	0.1089	0.0286	0.2173	0.1382
186	0.02	0.3618	0.0764	0.0617	0.0905	0.0593	0.0936	0.0921	0.044	0.1366	0.1088	0.0286	0.2173	0.1381
187	0.0195	0.3579	0.0762	0.0615	0.0903	0.0594	0.0938	0.0921	0.044	0.1367	0.1088	0.0286	0.2175	0.1381
188	0.0197	0.3574	0.0763	0.0615	0.0904	0.0596	0.094	0.0923	0.0441	0.1371	0.109	0.0286	0.217	0.1381
189	0.0198	0.3603	0.0763	0.0617	0.0905	0.0595	0.0939	0.0922	0.0441	0.1372	0.1091	0.0286	0.2168	0.138
190	0.0193	0.3639	0.0763	0.0616	0.0905	0.0593	0.0937	0.0921	0.044	0.1372	0.1091	0.0286	0.2167	0.138
191	0.0191	0.3605	0.0761	0.0614	0.0904	0.0592	0.0938	0.0921	0.044	0.1371	0.109	0.0285	0.2166	0.1379
192	0.0196	0.3549	0.0762	0.0614	0.0903	0.0594	0.0941	0.0921	0.0441	0.1372	0.109	0.0286	0.2167	0.1379
193	0.0191	0.3541	0.0758	0.0612	0.0901	0.0593	0.094	0.0921	0.044	0.1369	0.1089	0.0285	0.2166	0.1379
194	0.0187	0.3679	0.0758	0.0612	0.0903	0.0593	0.094	0.0923	0.044	0.1368	0.109	0.0285	0.2168	0.138
195	0.019	0.3672	0.0762	0.0616	0.0905	0.0592	0.0939	0.0921	0.044	0.137	0.109	0.0285	0.217	0.138
196	0.0192	0.3521	0.0761	0.0615	0.0905	0.0593	0.094	0.0922	0.0441	0.1371	0.109	0.0285	0.2172	0.138
197	0.0189	0.3643	0.0761	0.0614	0.0905	0.0592	0.0939	0.0921	0.044	0.1368	0.1089	0.0285	0.2173	0.138
198	0.0189	0.3564	0.0762	0.0613	0.0905	0.0591	0.0939	0.0922	0.0441	0.1371	0.1091	0.0285	0.2171	0.138
199	0.0189	0.3675	0.0764	0.0616	0.0907	0.0592	0.094	0.0922	0.0441	0.137	0.109	0.0285	0.217	0.138
200	0.0191	0.3638	0.0765	0.0619	0.0909	0.0594	0.094	0.0923	0.0441	0.1373	0.1092	0.0285	0.2171	0.138
201	0.019	0.3643	0.0765	0.0618	0.0909	0.0594	0.0941	0.0924	0.0441	0.1373	0.1091	0.0285	0.2176	0.1382
202	0.0187	0.3589	0.0766	0.062	0.0912	0.0597	0.0943	0.0928	0.044	0.1368	0.1092	0.0285	0.2179	0.1385
203	0.0187	0.3629	0.0765	0.0618	0.0911	0.0596	0.0941	0.0927	0.0441	0.1371	0.1093	0.0286	0.2178	0.1385
204	0.0185	0.3678	0.0768	0.0621	0.0913	0.0595	0.094	0.0926	0.044	0.137	0.1092	0.0286	0.2178	0.1385
205	0.0186	0.3575	0.0765	0.0618	0.0911	0.0595	0.094	0.0925	0.044	0.1369	0.1092	0.0286	0.2178	0.1384
206	0.0188	0.3576	0.0767	0.0619	0.0913	0.0594	0.0941	0.0926	0.0439	0.1365	0.1091	0.0286	0.2177	0.1385
207	0.0184	0.3603	0.0765	0.0618	0.0912	0.0595	0.094	0.0926	0.044	0.1368	0.1093	0.0285	0.2175	0.1384
208	0.0187	0.3679	0.0765	0.0619	0.0912	0.0594	0.0939	0.0925	0.044	0.1369	0.1092	0.0285	0.217	0.1383
209	0.0184	0.3654	0.077	0.0622	0.0916	0.0594	0.0941	0.0927	0.0441	0.1371	0.1094	0.0286	0.2174	0.1385
210	0.0183	0.3599	0.0769	0.0618	0.0916	0.0593	0.094	0.0927	0.044	0.1367	0.1093	0.0286	0.2173	0.1385
211	0.0184	0.3538	0.0768	0.0617	0.0916	0.0593	0.0936	0.0927	0.0441	0.137	0.1095	0.0285	0.2174	0.1386
212	0.0185	0.3627	0.077	0.0618	0.0917	0.0595	0.094	0.0928	0.044	0.1368	0.1094	0.0286	0.2177	0.1387
213	0.0183	0.3562	0.077	0.0619	0.0917	0.0594	0.0939	0.0927	0.044	0.1369	0.1094	0.0285	0.2171	0.1385
214	0.0184	0.3646	0.0769	0.0618	0.0915	0.0591	0.0935	0.0924	0.0442	0.1373	0.1096	0.0285	0.2169	0.1384
215	0.0183	0.3664	0.0769	0.0618	0.0916	0.0592	0.0937	0.0926	0.0441	0.1371	0.1095	0.0285	0.2168	0.1384
216	0.0184	0.3578	0.077	0.062	0.0916	0.0593	0.0939	0.0926	0.044	0.1371	0.1094	0.0285	0.217	0.1384
217	0.0187	0.3569	0.0769	0.0617	0.0913	0.0593	0.0937	0.0924	0.0441	0.1372	0.1093	0.0285	0.2169	0.1382
218	0.0188	0.3639	0.077	0.0617	0.0916	0.0595	0.0938	0.0928	0.0442	0.1377	0.1097	0.0285	0.217	0.1385
219	0.018	0.3622	0.0769	0.0617	0.0916	0.0595	0.0938	0.0928	0.0441	0.1377	0.1097	0.0285	0.2168	0.1385
220	0.0183	0.3533	0.0767	0.0619	0.0916	0.0596	0.0941	0.093	0.0441	0.1375	0.1097	0.0285	0.217	0.1386
221	0.0177	0.3561	0.0769	0.062	0.0918	0.0596	0.094	0.093	0.0441	0.1376	0.1099	0.0285	0.2167	0.1386
222	0.0179	0.3665	0.077	0.0622	0.0919	0.0595	0.094	0.093	0.0442	0.1378	0.1099	0.0285	0.2164	0.1385
223	0.018	0.3585	0.0772	0.0625	0.0922	0.0594	0.094	0.093	0.0443	0.1383	0.1102	0.0285	0.2166	0.1387
224	0.0177	0.3632	0.0771	0.0624	0.092	0.0594	0.0939	0.093	0.0442	0.1379	0.11	0.0285	0.2165	0.1386
225	0.0181	0.3563	0.0771	0.0623	0.092	0.0593	0.0937	0.0929	0.0443	0.1382	0.1102	0.0285	0.2167	0.1387
226	0.018	0.371	0.0772	0.0622	0.0921	0.0592	0.0936	0.0928	0.0442	0.1379	0.11	0.0285	0.2168	0.1387
227	0.0178	0.3605	0.0772	0.0623	0.0921	0.0591	0.0934	0.0927	0.0443	0.1379	0.1101	0.0285	0.2165	0.1387
228	0.0177	0.3523	0.0774	0.0625	0.0922	0.0592	0.0936	0.0928	0.0442	0.1376	0.11	0.0284	0.2162	0.1385
229	0.0172	0.3615	0.0771	0.0623	0.0919	0.0592	0.0935	0.0927	0.0442	0.1373	0.1099	0.0284	0.2162	0.1385
230	0.0176	0.359	0.0773	0.0625	0.0921	0.0592	0.0936	0.0927	0.0441	0.1373	0.1098	0.0284	0.2163	0.1385
231	0.0175	0.3644	0.0774	0.0626	0.0921	0.0592	0.0936	0.0927	0.0441	0.1372	0.1097	0.0285	0.2167	0.1386
232	0.0178	0.3606	0.0772	0.0626	0.0921	0.0592	0.0936	0.0928	0.0442	0.1373	0.1099	0.0284	0.2163	0.1386
233	0.0183	0.3674	0.0769	0.0622	0.0919	0.0591	0.0934	0.0927	0.044	0.1369	0.1097	0.0284	0.2162	0.1385
234	0.0179	0.3697	0.0769	0.0622	0.0915	0.059	0.0934	0.0923	0.044	0.1368	0.1093	0.0284	0.216	0.1381
235	0.018	0.3592	0.0772	0.0623	0.0916	0.0588	0.0932	0.0921	0.044	0.1369	0.1093	0.0284	0.2162	0.1381
236	0.0173	0.3609	0.0769	0.0617	0.0913	0.0588	0.093	0.092	0.044	0.1369	0.1093	0.0284	0.216	0.138
237	0.0177	0.3599	0.077	0.0618	0.0915	0.0588	0.0932	0.0922	0.0441	0.1369	0.1094	0.0284	0.216	0.1381
238	0.0179	0.3624	0.0773	0.0622	0.0917	0.0589	0.0932	0.0922	0.0442	0.1372	0.1095	0.0284	0.2159	0.138
239	0.0177	0.3618	0.0776	0.0623	0.0918	0.059	0.0935	0.0923	0.0442	0.1372	0.1095	0.0284	0.2163	0.1381
240	0.0177	0.3575	0.0776	0.0624	0.092	0.059	0.0937	0.0924	0.0442	0.1375	0.1097	0.0284	0.2166	0.1383
241	0.0174	0.3666	0.0775	0.0622	0.0918	0.0587	0.0933	0.0921	0.0442	0.1376	0.1096	0.0285	0.2167	0.1382
242	0.0177	0.3617	0.0776	0.0624	0.0919	0.0589	0.0937	0.0924	0.0443	0.1378	0.1097	0.0285	0.2167	0.1383
243	0.0176	0.3656	0.0776	0.0623	0.092	0.059	0.0939	0.0926	0.0442	0.1381	0.1099	0.0284	0.2163	0.1384
244	0.0175	0.3629	0.0775	0.0622	0.092	0.059	0.094	0.0927	0.0442	0.138	0.1099	0.0285	0.2166	0.1384
245	0.0174	0.3547	0.0769	0.0618	0.0916	0.0592	0.094	0.0928	0.0442	0.1377	0.1098	0.0284	0.2163	0.1384
246	0.0175	0.3574	0.077	0.0618	0.0917	0.0592	0.094	0.0927	0.0441	0.1374	0.1097	0.0284	0.2164	0.1384
247	0.0174	0.3616	0.0769	0.0617	0.0915	0.0593	0.0942	0.0928	0.0441	0.1373	0.1096	0.0284	0.2165	0.1383
248	0.0168	0.3624	0.0768	0.0618	0.0915	0.0593	0.0942	0.0928	0.0442	0.1376	0.1097	0.0284	0.2165	0.1384
249	0.0175	0.3621	0.077	0.0618	0.0916	0.0594	0.0943	0.0929	0.0444	0.1383	0.1101	0.0284	0.2164	0.1384
250	0.0176	0.359	0.077	0.0619	0.0916	0.0595	0.0945	0.0929	0.0443	0.1381	0.1099	0.0284	0.2162	0.1384
251	0.0173	0.3717	0.0772	0.062	0.0915	0.0594	0.0942	0.0927	0.0442	0.1379	0.1097	0.0285	0.2167	0.1384
252	0.0169	0.3619	0.0772	0.0619	0.0915	0.0593	0.0942	0.0927	0.0443	0.1381	0.1098	0.0284	0.2162	0.1382
253	0.0175	0.3631	0.0767	0.0616	0.0912	0.0594	0.0946	0.0928	0.0442	0.1379	0.1097	0.0284	0.2162	0.1382
254	0.0173	0.3609	0.0768	0.0617	0.0912	0.0593	0.0945	0.0927	0.0443	0.1383	0.1098	0.0285	0.2165	0.1382
255	0.0169	0.3576	0.0769	0.0617	0.0911	0.0593	0.0945	0.0926	0.0442	0.138	0.1096	0.0285	0.2165	0.1381
256	0.0173	0.3601	0.0768	0.0616	0.0911	0.0593	0.0944	0.0925	0.0441	0.1377	0.1094	0.0285	0.2164	0.1381
257	0.0177	0.3633	0.0767	0.0615	0.0909	0.0593	0.0946	0.0925	0.044	0.1377	0.1093	0.0284	0.2162	0.1379
258	0.0171	0.3643	0.0769	0.0617	0.0911	0.0592	0.0943	0.0925	0.0441	0.1379	0.1095	0.0284	0.2161	0.1379
259	0.0172	0.3588	0.0768	0.0617	0.0911	0.0592	0.0944	0.0925	0.044	0.1375	0.1093	0.0284	0.2162	0.138
260	0.0173	0.3693	0.0765	0.0614	0.091	0.0592	0.0943	0.0925	0.0441	0.1375	0.1094	0.0284	0.2161	0.138
261	0.0177	0.3705	0.0767	0.0616	0.0912	0.0591	0.0936	0.0924	0.0442	0.1378	0.1096	0.0285	0.2163	0.1382
262	0.0171	0.3659	0.0769	0.0619	0.0914	0.059	0.0935	0.0923	0.044	0.1373	0.1094	0.0284	0.2161	0.1381
263	0.017	0.3628	0.077	0.0621	0.0915	0.0589	0.0934	0.0922	0.044	0.137	0.1093	0.0284	0.2162	0.1381
264	0.0173	0.36	0.077	0.0619	0.0912	0.059	0.0935	0.0921	0.044	0.1373	0.1092	0.0284	0.216	0.1379
265	0.0172	0.3634	0.077	0.062	0.0911	0.0589	0.0935	0.0921	0.044	0.1375	0.1092	0.0284	0.2159	0.1378
266	0.0172	0.3663	0.077	0.0618	0.0911	0.0589	0.0932	0.092	0.044	0.1376	0.1093	0.0283	0.2158	0.1377
267	0.0174	0.3569	0.0769	0.062	0.0913	0.059	0.0935	0.0923	0.044	0.1373	0.1093	0.0284	0.2158	0.1378
268	0.0167	0.3572	0.0769	0.0619	0.0912	0.0591	0.0936	0.0922	0.044	0.1374	0.1092	0.0283	0.2156	0.1377
269	0.0174	0.3651	0.0766	0.0619	0.0911	0.0589	0.0932	0.0921	0.044	0.1371	0.1092	0.0283	0.2155	0.1377
270	0.017	0.3617	0.0767	0.0619	0.0913	0.059	0.0935	0.0923	0.044	0.1371	0.1092	0.0283	0.2153	0.1377
271	0.0168	0.366	0.0768	0.062	0.0913	0.059	0.0935	0.0923	0.0439	0.1369	0.1092	0.0283	0.2157	0.1378
272	0.0173	0.3645	0.0764	0.0619	0.091	0.0591	0.0934	0.0922	0.0439	0.1367	0.109	0.0283	0.2157	0.1378
273	0.017	0.3612	0.0762	0.0619	0.0908	0.059	0.0933	0.0921	0.0439	0.1368	0.109	0.0283	0.2157	0.1377
274	0.0167	0.3578	0.0762	0.0619	0.0909	0.0589	0.0932	0.0921	0.0438	0.1368	0.1091	0.0283	0.2157	0.1378
275	0.0169	0.3598	0.0762	0.0619	0.0908	0.0591	0.0934	0.0922	0.0438	0.1367	0.109	0.0283	0.2156	0.1377
276	0.0167	0.3512	0.0761	0.0617	0.091	0.0592	0.0935	0.0924	0.0438	0.1365	0.1091	0.0284	0.2159	0.138
277	0.0171	0.3642	0.0761	0.0617	0.091	0.0592	0.0936	0.0925	0.0439	0.1369	0.1093	0.0283	0.216	0.1381
278	0.017	0.3682	0.076	0.0617	0.0909	0.0593	0.0937	0.0926	0.0439	0.137	0.1093	0.0284	0.2161	0.1381
279	0.0168	0.3685	0.076	0.0618	0.0909	0.0592	0.0937	0.0925	0.0439	0.137	0.1093	0.0283	0.216	0.138
280	0.0166	0.361	0.0758	0.0616	0.091	0.059	0.0937	0.0925	0.0438	0.1367	0.1093	0.0283	0.2159	0.1381
281	0.0172	0.3674	0.0759	0.0615	0.0911	0.0589	0.0934	0.0925	0.0438	0.1369	0.1094	0.0283	0.2157	0.1381
282	0.0167	0.3666	0.0761	0.0616	0.0913	0.0588	0.0932	0.0926	0.0437	0.1366	0.1094	0.0283	0.2157	0.1383
283	0.0166	0.3509	0.0761	0.0617	0.0913	0.0589	0.0932	0.0925	0.0436	0.1364	0.1092	0.0284	0.216	0.1383
284	0.0164	0.362	0.0761	0.0617	0.0911	0.059	0.0933	0.0924	0.0438	0.1368	0.1093	0.0284	0.2157	0.138
285	0.017	0.3617	0.0762	0.0616	0.0911	0.0589	0.0932	0.0923	0.0437	0.1367	0.1091	0.0283	0.2156	0.1379
286	0.0168	0.3604	0.0762	0.0616	0.0911	0.0589	0.093	0.0923	0.0438	0.1369	0.1093	0.0284	0.2161	0.1381
287	0.0168	0.3679	0.0761	0.0617	0.0912	0.0592	0.0935	0.0926	0.0439	0.1372	0.1095	0.0284	0.2166	0.1383
288	0.0172	0.3627	0.0763	0.0619	0.0912	0.059	0.0934	0.0923	0.044	0.1371	0.1094	0.0284	0.2165	0.1382
289	0.017	0.3595	0.0764	0.0621	0.0912	0.0592	0.094	0.0925	0.0439	0.1368	0.1092	0.0284	0.2163	0.1381
290	0.0166	0.3651	0.0763	0.062	0.0911	0.0592	0.0938	0.0924	0.0439	0.1369	0.1091	0.0285	0.2166	0.1381
291	0.0169	0.3532	0.0763	0.062	0.0913	0.0591	0.0937	0.0925	0.0439	0.1368	0.1093	0.0284	0.2158	0.138
292	0.0165	0.3677	0.0767	0.0622	0.0914	0.0591	0.0938	0.0925	0.0439	0.1369	0.1093	0.0284	0.2162	0.1381
293	0.0168	0.366	0.0771	0.0627	0.0919	0.0592	0.0941	0.0928	0.0439	0.1369	0.1094	0.0284	0.2162	0.1382
294	0.0173	0.365	0.0771	0.0626	0.0919	0.0592	0.094	0.0927	0.0439	0.1369	0.1094	0.0284	0.2162	0.1382
295	0.0168	0.3657	0.0772	0.0629	0.0921	0.0589	0.0937	0.0926	0.044	0.1371	0.1096	0.0284	0.2163	0.1383
296	0.0166	0.3707	0.0771	0.0629	0.092	0.0588	0.0934	0.0925	0.0439	0.1368	0.1095	0.0284	0.2164	0.1383
297	0.0171	0.3567	0.0772	0.0631	0.0922	0.0588	0.0933	0.0925	0.0439	0.1367	0.1095	0.0283	0.216	0.1382
298	0.0169	0.358	0.0772	0.063	0.0921	0.059	0.0937	0.0926	0.0439	0.137	0.1095	0.0283	0.2158	0.1381
299	0.0166	0.3638	0.0772	0.0629	0.0922	0.059	0.0938	0.0927	0.0438	0.137	0.1096	0.0284	0.2161	0.1383
300	0.0169	0.3646	0.0769	0.0628	0.092	0.0591	0.094	0.0927	0.0439	0.1371	0.1095	0.0284	0.2157	0.1381
301	0.0166	0.3615	0.0767	0.0628	0.0918	0.0591	0.094	0.0927	0.0439	0.1372	0.1096	0.0283	0.2158	0.1382
302	0.0163	0.3577	0.0768	0.0628	0.0917	0.0591	0.094	0.0927	0.044	0.1378	0.1097	0.0283	0.2157	0.138
303	0.017	0.3628	0.0767	0.0625	0.0916	0.0592	0.0942	0.0927	0.044	0.138	0.1097	0.0284	0.2159	0.1381
304	0.0168	0.366	0.0767	0.0624	0.0916	0.0593	0.0942	0.0928	0.044	0.1381	0.1098	0.0283	0.2158	0.1381
305	0.017	0.3628	0.0766	0.0626	0.0917	0.0594	0.0945	0.0931	0.0441	0.1381	0.11	0.0283	0.2159	0.1383
306	0.0166	0.3596	0.077	0.0629	0.092	0.0593	0.0945	0.0931	0.0442	0.1387	0.1102	0.0283	0.2158	0.1383
307	0.0167	0.3685	0.0769	0.0628	0.0919	0.0591	0.0943	0.0929	0.0441	0.1383	0.11	0.0284	0.2161	0.1384
308	0.0163	0.3557	0.0767	0.0626	0.0916	0.0594	0.0946	0.093	0.044	0.1376	0.1097	0.0284	0.2164	0.1384
309	0.0163	0.3608	0.0764	0.0625	0.0914	0.0595	0.0947	0.093	0.044	0.1378	0.1097	0.0284	0.2164	0.1383
310	0.0166	0.3624	0.0763	0.0626	0.0916	0.0596	0.0949	0.0933	0.044	0.1378	0.1099	0.0284	0.2163	0.1384
311	0.0164	0.3671	0.0762	0.0621	0.0912	0.0597	0.095	0.0932	0.044	0.1379	0.1098	0.0283	0.2161	0.1382
312	0.0162	0.3648	0.0762	0.0622	0.0912	0.0595	0.0949	0.0931	0.044	0.138	0.1098	0.0283	0.216	0.1382
313	0.0165	0.3588	0.0763	0.0624	0.0913	0.0598	0.0952	0.0933	0.0441	0.138	0.1099	0.0284	0.2164	0.1383
314	0.0166	0.3659	0.0763	0.0625	0.0914	0.0598	0.0951	0.0932	0.044	0.1379	0.1098	0.0284	0.2164	0.1383
315	0.0167	0.3664	0.0765	0.0628	0.0914	0.0596	0.0949	0.0931	0.0439	0.1375	0.1096	0.0284	0.2164	0.1382
316	0.0162	0.3608	0.0767	0.0628	0.0915	0.0595	0.0949	0.0931	0.0439	0.1376	0.1096	0.0284	0.2163	0.1383
317	0.0167	0.37	0.0763	0.0625	0.0912	0.0594	0.0946	0.0928	0.0439	0.1377	0.1096	0.0284	0.2161	0.1381
318	0.0165	0.3676	0.0761	0.0623	0.0912	0.0592	0.0943	0.0929	0.0439	0.1377	0.1098	0.0284	0.2161	0.1383
319	0.0166	0.3626	0.0762	0.0624	0.0915	0.0592	0.0944	0.093	0.0439	0.1377	0.1098	0.0284	0.2159	0.1384
320	0.0165	0.3624	0.0763	0.0624	0.0913	0.0591	0.0941	0.0926	0.0439	0.1371	0.1095	0.0284	0.2158	0.1381
321	0.017	0.3719	0.0762	0.0624	0.0911	0.059	0.094	0.0925	0.0437	0.1364	0.1091	0.0283	0.2156	0.1379
322	0.0165	0.3625	0.0767	0.0627	0.0914	0.059	0.0938	0.0925	0.0437	0.1365	0.1091	0.0284	0.216	0.138
323	0.0161	0.3627	0.0764	0.0624	0.0914	0.0591	0.094	0.0927	0.0437	0.1368	0.1094	0.0284	0.2158	0.1381
324	0.0163	0.3606	0.0766	0.0626	0.0915	0.0592	0.0941	0.0928	0.0438	0.1371	0.1095	0.0283	0.2156	0.1381
325	0.0163	0.3649	0.0766	0.0626	0.0914	0.0592	0.0941	0.0927	0.0437	0.1367	0.1092	0.0283	0.2155	0.1379
326	0.0163	0.3659	0.0765	0.0625	0.0917	0.059	0.0939	0.0929	0.0438	0.1365	0.1095	0.0282	0.215	0.138
327	0.0162	0.3585	0.0764	0.0624	0.0917	0.0592	0.0939	0.0929	0.0437	0.137	0.1096	0.0282	0.2151	0.138
328	0.0165	0.3586	0.0767	0.0625	0.0919	0.0591	0.0939	0.0929	0.0437	0.1364	0.1094	0.0282	0.2151	0.1381
329	0.0166	0.3642	0.0767	0.0625	0.092	0.0592	0.0942	0.0931	0.0436	0.1363	0.1094	0.0282	0.2153	0.1381
330	0.0163	0.3673	0.0769	0.0625	0.092	0.0592	0.0942	0.093	0.0437	0.1364	0.1094	0.0282	0.2151	0.1381
331	0.0164	0.3639	0.0765	0.0624	0.0918	0.0592	0.0941	0.093	0.0437	0.1363	0.1094	0.0283	0.2153	0.1381
332	0.0163	0.3621	0.0763	0.0623	0.0914	0.0593	0.0945	0.093	0.0436	0.1362	0.1092	0.0283	0.2157	0.1381
333	0.016	0.3667	0.0765	0.0623	0.0915	0.0591	0.0941	0.0928	0.0436	0.1362	0.1092	0.0283	0.2158	0.1381
334	0.0159	0.3604	0.0765	0.0623	0.0918	0.0591	0.0941	0.093	0.0436	0.1361	0.1094	0.0283	0.2157	0.1383
335	0.0164	0.3705	0.0768	0.0626	0.0921	0.0594	0.0946	0.0934	0.0436	0.1361	0.1095	0.0283	0.2159	0.1384
336	0.0163	0.37	0.0767	0.0623	0.0921	0.0595	0.0946	0.0935	0.0437	0.1363	0.1097	0.0283	0.2157	0.1385
337	0.0166	0.37	0.0765	0.0621	0.0919	0.0595	0.0946	0.0934	0.0437	0.1362	0.1095	0.0283	0.2158	0.1384
338	0.0164	0.364	0.0765	0.062	0.0918	0.0593	0.0942	0.0932	0.0438	0.1365	0.1096	0.0283	0.2157	0.1383
339	0.0166	0.3608	0.0766	0.0621	0.0916	0.0594	0.0944	0.0931	0.0439	0.1366	0.1095	0.0283	0.2155	0.1381
340	0.0163	0.3615	0.0766	0.0622	0.0917	0.0594	0.0944	0.0932	0.0437	0.1365	0.1095	0.0283	0.2156	0.1383
341	0.0162	0.3645	0.0763	0.062	0.0915	0.0594	0.0944	0.0931	0.0437	0.1363	0.1094	0.0283	0.2156	0.1382
342	0.0168	0.3661	0.0765	0.0624	0.0919	0.0594	0.0944	0.0933	0.0436	0.1361	0.1095	0.0282	0.2155	0.1383
343	0.0163	0.3604	0.0766	0.0624	0.0918	0.0592	0.0942	0.0932	0.0437	0.1361	0.1095	0.0282	0.2154	0.1382
344	0.0164	0.3654	0.0765	0.0623	0.0916	0.0592	0.0942	0.093	0.0437	0.1363	0.1095	0.0282	0.2152	0.1381
345	0.0163	0.3616	0.0763	0.0621	0.0916	0.0592	0.0941	0.0931	0.0437	0.1364	0.1096	0.0282	0.2148	0.1381
346	0.0159	0.354	0.0764	0.0622	0.0916	0.0593	0.0941	0.0931	0.0438	0.1363	0.1096	0.0282	0.2147	0.1381
347	0.0165	0.3667	0.0767	0.0624	0.0919	0.0595	0.0946	0.0934	0.0438	0.1367	0.1098	0.0282	0.215	0.1383
348	0.0165	0.3655	0.0768	0.0624	0.0919	0.0596	0.0947	0.0935	0.0438	0.1369	0.1098	0.0282	0.2153	0.1383
349	0.0158	0.3618	0.0768	0.0624	0.0921	0.0594	0.0944	0.0934	0.0438	0.1368	0.1099	0.0283	0.2157	0.1386
350	0.0162	0.3616	0.077	0.0624	0.0922	0.0594	0.0944	0.0935	0.0439	0.1371	0.1101	0.0283	0.2154	0.1386
351	0.0162	0.3598	0.0767	0.0621	0.0921	0.0593	0.0943	0.0935	0.0439	0.1371	0.1102	0.0282	0.2151	0.1385
352	0.0162	0.3633	0.0769	0.0623	0.0921	0.0594	0.0944	0.0935	0.044	0.1371	0.1101	0.0282	0.2154	0.1385
353	0.0162	0.3619	0.0772	0.0626	0.0924	0.0595	0.0946	0.0936	0.0439	0.1368	0.11	0.0282	0.2156	0.1386
354	0.0163	0.3652	0.0772	0.0626	0.0923	0.0595	0.0945	0.0935	0.0438	0.1368	0.1099	0.0283	0.2157	0.1386
355	0.0162	0.3664	0.077	0.0624	0.0921	0.0594	0.0945	0.0934	0.0438	0.1368	0.1099	0.0283	0.2157	0.1385
356	0.0167	0.37	0.0772	0.0626	0.0923	0.0594	0.0944	0.0934	0.0438	0.1369	0.1099	0.0283	0.2154	0.1385
357	0.0162	0.3663	0.0773	0.063	0.0925	0.0593	0.0942	0.0933	0.0437	0.137	0.1099	0.0283	0.2158	0.1386
358	0.0163	0.3623	0.077	0.0627	0.0923	0.0595	0.0948	0.0936	0.0437	0.1368	0.1099	0.0283	0.2156	0.1386
359	0.0163	0.3728	0.077	0.0627	0.0924	0.0592	0.0943	0.0935	0.0437	0.137	0.1101	0.0283	0.2156	0.1387
360	0.0162	0.3703	0.0771	0.0629	0.0925	0.0592	0.0944	0.0935	0.0438	0.1372	0.1101	0.0283	0.2158	0.1388
361	0.0167	0.3634	0.0775	0.0633	0.0929	0.0593	0.0944	0.0936	0.0439	0.1375	0.1104	0.0283	0.2154	0.1388
362	0.0164	0.375	0.0774	0.0632	0.0927	0.0593	0.0944	0.0936	0.0439	0.1377	0.1104	0.0282	0.2155	0.1388
363	0.0163	0.366	0.0775	0.0631	0.0926	0.0594	0.0947	0.0935	0.0439	0.1373	0.1101	0.0283	0.2154	0.1386
364	0.0164	0.369	0.0775	0.0631	0.0927	0.0594	0.0947	0.0937	0.0439	0.1377	0.1103	0.0282	0.2153	0.1387
365	0.0164	0.3663	0.0773	0.0628	0.0923	0.0595	0.0947	0.0934	0.044	0.1378	0.11	0.0282	0.2154	0.1384
366	0.0159	0.36	0.0772	0.063	0.0922	0.0594	0.0945	0.0932	0.0439	0.1376	0.1099	0.0282	0.2152	0.1382
367	0.0163	0.3622	0.0768	0.0626	0.0921	0.0593	0.0945	0.0933	0.0439	0.1375	0.11	0.0282	0.2155	0.1384
368	0.0162	0.37	0.0769	0.0626	0.0922	0.0592	0.0944	0.0933	0.044	0.1376	0.1101	0.0282	0.2155	0.1385
369	0.0161	0.3664	0.077	0.0627	0.0922	0.0593	0.0945	0.0933	0.044	0.1375	0.11	0.0282	0.2148	0.1382
370	0.0158	0.3623	0.077	0.0627	0.0922	0.0593	0.0945	0.0933	0.044	0.1377	0.1101	0.0282	0.2152	0.1382
371	0.016	0.3684	0.0772	0.0627	0.0922	0.0594	0.0945	0.0933	0.044	0.1377	0.11	0.0282	0.2151	0.1382
372	0.0167	0.3639	0.0773	0.0629	0.0924	0.0596	0.0948	0.0935	0.044	0.1379	0.1102	0.0282	0.2151	0.1382
373	0.0163	0.3687	0.077	0.0627	0.0922	0.0593	0.0943	0.0933	0.0441	0.1384	0.1103	0.0281	0.215	0.1382
374	0.0162	0.3644	0.0771	0.0628	0.0922	0.0592	0.0941	0.0932	0.0441	0.1384	0.1103	0.0281	0.215	0.1381
375	0.0161	0.3675	0.0773	0.0628	0.0923	0.0593	0.0945	0.0934	0.044	0.1382	0.1103	0.0281	0.2149	0.1382
376	0.0163	0.3674	0.0775	0.063	0.0925	0.0593	0.0946	0.0934	0.044	0.138	0.1102	0.0281	0.215	0.1382
377	0.0164	0.359	0.0774	0.0631	0.0925	0.0589	0.094	0.0931	0.0441	0.1384	0.1103	0.0281	0.215	0.1382
378	0.0161	0.3714	0.0779	0.0632	0.0928	0.059	0.0941	0.0932	0.0441	0.1382	0.1103	0.0281	0.2146	0.1381
379	0.0164	0.3649	0.0779	0.0631	0.0928	0.0591	0.0941	0.0933	0.044	0.138	0.1103	0.0281	0.2146	0.1382
380	0.0163	0.3745	0.0779	0.0634	0.0927	0.0591	0.0942	0.0932	0.044	0.1378	0.1101	0.0281	0.2145	0.138
381	0.0166	0.3665	0.078	0.0635	0.0929	0.0594	0.0947	0.0935	0.0439	0.1375	0.1101	0.0281	0.2146	0.1381
382	0.016	0.3631	0.0776	0.0633	0.0924	0.0593	0.0947	0.0933	0.0439	0.1374	0.1098	0.0281	0.2147	0.138
383	0.0166	0.3666	0.0778	0.0633	0.0924	0.0591	0.0942	0.0929	0.0438	0.1373	0.1097	0.0281	0.2148	0.1379
384	0.016	0.3694	0.0778	0.0634	0.0925	0.0592	0.0944	0.0931	0.0439	0.1375	0.1099	0.0281	0.2144	0.1379
385	0.0163	0.3637	0.0775	0.0632	0.0924	0.059	0.0941	0.093	0.0438	0.1373	0.1098	0.028	0.2142	0.1378
386	0.0165	0.3693	0.0772	0.063	0.0921	0.0589	0.0938	0.0927	0.0438	0.1373	0.1097	0.0281	0.2143	0.1377
387	0.0162	0.3587	0.0769	0.0628	0.0919	0.0588	0.0935	0.0926	0.0439	0.1376	0.1098	0.0281	0.2145	0.1377
388	0.0163	0.3665	0.0769	0.0627	0.092	0.059	0.0935	0.0928	0.0439	0.1378	0.11	0.028	0.214	0.1377
389	0.0156	0.3555	0.0765	0.0625	0.0917	0.059	0.0936	0.0928	0.044	0.1379	0.1099	0.028	0.214	0.1377
390	0.0162	0.3632	0.0763	0.0623	0.0915	0.0591	0.0939	0.0929	0.0439	0.1377	0.1098	0.028	0.2139	0.1376
391	0.0161	0.3607	0.0761	0.062	0.0913	0.0592	0.094	0.0929	0.0438	0.1373	0.1096	0.0281	0.2143	0.1376
392	0.016	0.3642	0.0759	0.0618	0.0912	0.0593	0.0942	0.093	0.0437	0.1374	0.1095	0.0281	0.2146	0.1376
393	0.0162	0.3598	0.0758	0.0618	0.0911	0.0592	0.0941	0.0929	0.0437	0.1372	0.1095	0.028	0.2141	0.1375
394	0.016	0.3643	0.0758	0.0618	0.091	0.0592	0.094	0.0928	0.0438	0.1374	0.1095	0.028	0.2137	0.1374
395	0.0163	0.3723	0.0757	0.0617	0.0909	0.0592	0.0941	0.0928	0.0437	0.1374	0.1094	0.028	0.214	0.1374
396	0.0162	0.3628	0.0759	0.062	0.0912	0.0591	0.0944	0.0929	0.0436	0.137	0.1094	0.028	0.2139	0.1374
397	0.0159	0.3629	0.0757	0.062	0.091	0.0591	0.0942	0.0928	0.0436	0.1371	0.1093	0.028	0.2137	0.1372
398	0.016	0.3593	0.0756	0.0617	0.0908	0.0592	0.0944	0.0928	0.0437	0.1373	0.1093	0.028	0.2138	0.1371
399	0.0159	0.3585	0.0757	0.0616	0.0909	0.0595	0.0948	0.0931	0.0436	0.137	0.1093	0.028	0.2138	0.1372
400	0.016	0.3643	0.0758	0.0618	0.091	0.0595	0.0946	0.093	0.0436	0.1371	0.1093	0.028	0.2138	0.1372
401	0.0162	0.3625	0.0757	0.0617	0.0909	0.0593	0.0945	0.0929	0.0436	0.1369	0.1092	0.0279	0.2137	0.1371
402	0.0157	0.3623	0.0756	0.0616	0.0908	0.0592	0.0943	0.0927	0.0436	0.137	0.1091	0.028	0.2142	0.1372
403	0.0164	0.3638	0.0756	0.0616	0.0908	0.059	0.0941	0.0927	0.0435	0.1369	0.1092	0.028	0.2144	0.1373
404	0.0159	0.3701	0.0752	0.0614	0.0906	0.0589	0.0939	0.0926	0.0435	0.1368	0.1092	0.028	0.2143	0.1373
405	0.0161	0.365	0.0753	0.0617	0.0909	0.0588	0.0936	0.0926	0.0435	0.1366	0.1092	0.028	0.2143	0.1374
406	0.0164	0.3617	0.0754	0.0617	0.0909	0.0589	0.0939	0.0927	0.0435	0.1369	0.1093	0.028	0.2136	0.1373
407	0.0161	0.3679	0.0756	0.0618	0.0913	0.0589	0.0942	0.0929	0.0436	0.1373	0.1096	0.028	0.2142	0.1376
408	0.0159	0.3657	0.0759	0.0622	0.0915	0.0587	0.0938	0.0927	0.0435	0.137	0.1095	0.028	0.214	0.1375
409	0.0161	0.3645	0.0758	0.062	0.0914	0.0587	0.0936	0.0927	0.0436	0.1372	0.1095	0.028	0.2145	0.1377
410	0.0158	0.3626	0.0758	0.062	0.0912	0.0587	0.0933	0.0925	0.0435	0.1365	0.1092	0.028	0.2146	0.1375
411	0.016	0.3604	0.0759	0.062	0.0914	0.0588	0.0937	0.0926	0.0434	0.1364	0.1092	0.028	0.2145	0.1375
412	0.0161	0.3676	0.0759	0.062	0.0914	0.0587	0.0935	0.0926	0.0434	0.1365	0.1092	0.028	0.2147	0.1377
413	0.0159	0.365	0.0758	0.0617	0.0912	0.0588	0.0935	0.0925	0.0436	0.1368	0.1093	0.0281	0.2149	0.1376
414	0.0158	0.3713	0.0756	0.0616	0.0911	0.0588	0.0935	0.0925	0.0435	0.1367	0.1092	0.0281	0.2148	0.1376
415	0.0165	0.3679	0.0755	0.0616	0.091	0.0588	0.0936	0.0926	0.0436	0.1371	0.1094	0.0281	0.2148	0.1376
416	0.0162	0.3677	0.0757	0.0618	0.0909	0.0587	0.0935	0.0923	0.0436	0.137	0.1091	0.0281	0.2148	0.1374
417	0.0158	0.3649	0.0758	0.062	0.0911	0.0588	0.0935	0.0924	0.0436	0.1373	0.1093	0.0281	0.2149	0.1375
418	0.0161	0.3719	0.0761	0.0621	0.0914	0.0588	0.0936	0.0926	0.0436	0.1372	0.1094	0.0281	0.2149	0.1376
419	0.016	0.3672	0.0764	0.0624	0.0917	0.0588	0.0936	0.0927	0.0436	0.1372	0.1094	0.0281	0.2146	0.1377
420	0.0161	0.3634	0.0767	0.0626	0.0918	0.0588	0.0937	0.0927	0.0436	0.1372	0.1095	0.0281	0.2147	0.1377
421	0.0162	0.37	0.0766	0.0626	0.0917	0.0588	0.0936	0.0926	0.0435	0.1369	0.1093	0.0281	0.2148	0.1377
422	0.0156	0.3653	0.0767	0.0625	0.0917	0.0588	0.0935	0.0926	0.0435	0.1369	0.1093	0.0281	0.2146	0.1376
423	0.0159	0.3625	0.0767	0.0625	0.0917	0.0588	0.0939	0.0927	0.0435	0.137	0.1093	0.0281	0.2149	0.1377
424	0.0159	0.3742	0.0767	0.0626	0.0917	0.0589	0.0939	0.0927	0.0435	0.1367	0.1093	0.0281	0.2151	0.1378
425	0.0162	0.3587	0.0768	0.0628	0.0916	0.0589	0.094	0.0926	0.0435	0.1368	0.1092	0.0281	0.2151	0.1376
426	0.0158	0.3591	0.0771	0.0629	0.0917	0.0588	0.0939	0.0925	0.0436	0.1372	0.1092	0.0281	0.2149	0.1375
427	0.0156	0.3643	0.0767	0.0625	0.0915	0.0588	0.0939	0.0925	0.0436	0.1369	0.1092	0.0281	0.2152	0.1376
428	0.0163	0.36	0.0766	0.0625	0.0915	0.0587	0.0937	0.0924	0.0435	0.1366	0.109	0.0281	0.2149	0.1375
429	0.0158	0.3653	0.0767	0.0625	0.0914	0.0587	0.0937	0.0923	0.0435	0.137	0.109	0.0281	0.2149	0.1374
430	0.0162	0.3664	0.0766	0.0626	0.0914	0.0585	0.0934	0.0922	0.0436	0.1372	0.1092	0.0281	0.2151	0.1375
431	0.0159	0.3633	0.0767	0.0624	0.0915	0.0586	0.0933	0.0923	0.0436	0.1369	0.1092	0.0281	0.2147	0.1374
432	0.0163	0.3715	0.0761	0.0619	0.0913	0.0585	0.0931	0.0923	0.0436	0.1371	0.1093	0.0281	0.215	0.1376
433	0.0157	0.358	0.0763	0.0621	0.0914	0.0586	0.0933	0.0923	0.0437	0.1372	0.1094	0.0281	0.2153	0.1377
434	0.0158	0.372	0.0763	0.0619	0.0912	0.0585	0.0931	0.0921	0.0435	0.1368	0.1091	0.028	0.2148	0.1373
435	0.016	0.3645	0.0764	0.0623	0.0917	0.0586	0.093	0.0924	0.0435	0.1368	0.1094	0.028	0.2145	0.1376
436	0.0164	0.3687	0.0764	0.0623	0.0918	0.0586	0.0929	0.0925	0.0435	0.1369	0.1095	0.028	0.2138	0.1375
437	0.0162	0.3743	0.0765	0.0624	0.0919	0.0585	0.093	0.0925	0.0436	0.137	0.1095	0.028	0.2143	0.1376
438	0.0159	0.3694	0.0767	0.0628	0.0922	0.0587	0.0933	0.0928	0.0435	0.137	0.1097	0.0281	0.2147	0.1379
439	0.0165	0.3641	0.0765	0.0628	0.0921	0.0586	0.0935	0.0928	0.0437	0.1373	0.1098	0.028	0.2143	0.1378
440	0.0159	0.3741	0.0766	0.0628	0.092	0.0586	0.0931	0.0925	0.0436	0.1372	0.1096	0.028	0.2143	0.1376
441	0.0161	0.3637	0.0764	0.0625	0.0916	0.0586	0.0932	0.0925	0.0435	0.137	0.1094	0.028	0.2144	0.1375
442	0.0161	0.3666	0.0765	0.0628	0.0918	0.0587	0.0932	0.0925	0.0435	0.1369	0.1094	0.028	0.2138	0.1374
443	0.0159	0.3653	0.0763	0.0627	0.0917	0.0588	0.0935	0.0927	0.0435	0.1369	0.1095	0.028	0.2142	0.1376
444	0.0162	0.3729	0.0767	0.0632	0.0922	0.0588	0.0936	0.093	0.0436	0.1371	0.1098	0.028	0.214	0.1378
445	0.0158	0.367	0.0767	0.063	0.0922	0.0588	0.0936	0.093	0.0437	0.1372	0.1099	0.028	0.214	0.1378
446	0.0157	0.3642	0.0767	0.0632	0.0924	0.0588	0.0935	0.0931	0.0438	0.1376	0.1101	0.028	0.2139	0.1378
447	0.0158	0.3691	0.0763	0.0626	0.0922	0.0588	0.0934	0.093	0.0437	0.1376	0.1101	0.028	0.214	0.1379
448	0.0156	0.3638	0.0763	0.0629	0.0921	0.0587	0.0933	0.0929	0.0436	0.1373	0.1099	0.028	0.2147	0.138
449	0.0162	0.3705	0.0765	0.0628	0.0919	0.0586	0.0932	0.0925	0.0437	0.1375	0.1097	0.028	0.2143	0.1376
450	0.0161	0.3665	0.0767	0.0629	0.0921	0.0588	0.0934	0.0928	0.0436	0.1373	0.1098	0.028	0.2143	0.1377
451	0.0166	0.3693	0.077	0.0629	0.0922	0.0588	0.0934	0.0928	0.0436	0.1375	0.1098	0.028	0.2143	0.1377
452	0.0157	0.3645	0.0769	0.063	0.0921	0.059	0.0937	0.0929	0.0437	0.1375	0.1098	0.0279	0.2138	0.1375
453	0.016	0.3721	0.077	0.063	0.0924	0.0591	0.0937	0.0931	0.0437	0.1378	0.11	0.0279	0.2136	0.1377
454	0.0159	0.3708	0.0773	0.0634	0.0926	0.059	0.0937	0.093	0.0436	0.1375	0.1099	0.0279	0.2138	0.1377
455	0.0158	0.3558	0.0773	0.0631	0.0924	0.0591	0.0938	0.093	0.0437	0.1377	0.1099	0.028	0.2139	0.1376
456	0.0156	0.36	0.0773	0.0631	0.0925	0.059	0.0937	0.093	0.0437	0.1375	0.1099	0.028	0.2141	0.1378
457	0.0163	0.3635	0.0773	0.0632	0.0926	0.0588	0.0933	0.0929	0.0436	0.1369	0.1097	0.028	0.2144	0.1379
458	0.016	0.3786	0.0774	0.0634	0.0929	0.0589	0.0935	0.0932	0.0436	0.1369	0.1099	0.028	0.2143	0.1381
459	0.016	0.3696	0.0774	0.0636	0.0928	0.0587	0.0936	0.093	0.0435	0.1369	0.1098	0.028	0.2141	0.1379
460	0.0158	0.3591	0.0771	0.0633	0.0924	0.0588	0.0938	0.0929	0.0436	0.1371	0.1097	0.028	0.2143	0.1378
461	0.0158	0.374	0.0769	0.0631	0.0921	0.0586	0.0935	0.0927	0.0436	0.1374	0.1097	0.0281	0.2144	0.1377
462	0.0162	0.3638	0.0768	0.063	0.0919	0.0589	0.0939	0.0927	0.0435	0.1369	0.1094	0.028	0.2142	0.1375
463	0.0157	0.3688	0.0767	0.0631	0.0921	0.0588	0.0941	0.0929	0.0436	0.137	0.1096	0.028	0.214	0.1375
464	0.0161	0.3778	0.0766	0.0631	0.092	0.0588	0.0941	0.0929	0.0436	0.1371	0.1095	0.028	0.2139	0.1375
465	0.0154	0.3634	0.0768	0.0632	0.0922	0.059	0.0944	0.0931	0.0436	0.1371	0.1096	0.028	0.2143	0.1377
466	0.016	0.3741	0.0766	0.0631	0.092	0.0592	0.0946	0.0931	0.0436	0.1369	0.1095	0.028	0.2143	0.1376
467	0.0159	0.371	0.0767	0.0629	0.092	0.0592	0.0947	0.0932	0.0436	0.1371	0.1096	0.028	0.2143	0.1377
468	0.016	0.3694	0.0766	0.0628	0.092	0.0592	0.0946	0.0931	0.0436	0.1373	0.1096	0.0279	0.2137	0.1374
469	0.016	0.3716	0.0764	0.0625	0.0917	0.0592	0.0947	0.0931	0.0437	0.1375	0.1096	0.0279	0.2133	0.1372
470	0.0156	0.3669	0.0764	0.0625	0.0917	0.0592	0.0947	0.0931	0.0438	0.1376	0.1097	0.0279	0.2133	0.1372
471	0.0158	0.3671	0.0761	0.0622	0.0914	0.0592	0.0947	0.093	0.0438	0.1378	0.1097	0.028	0.2135	0.1373
472	0.0161	0.364	0.0763	0.0622	0.0914	0.0591	0.0944	0.0927	0.0437	0.1371	0.1093	0.0279	0.2132	0.137
473	0.0155	0.3649	0.0763	0.0623	0.0914	0.0591	0.0943	0.0927	0.0436	0.1368	0.1092	0.0279	0.2134	0.137
474	0.0157	0.3686	0.0761	0.0621	0.0913	0.0592	0.0943	0.0928	0.0436	0.137	0.1093	0.028	0.2137	0.1372
475	0.0158	0.3728	0.076	0.0619	0.0913	0.0591	0.0941	0.0928	0.0436	0.1371	0.1093	0.0279	0.2133	0.1371
476	0.0155	0.3691	0.0758	0.0617	0.0911	0.059	0.0941	0.0926	0.0435	0.1369	0.1091	0.0279	0.2132	0.1369
477	0.0159	0.3758	0.0757	0.0615	0.0911	0.059	0.0939	0.0926	0.0435	0.1365	0.1091	0.0279	0.2133	0.137
478	0.0156	0.3686	0.0758	0.0617	0.0911	0.059	0.0943	0.0927	0.0435	0.1365	0.109	0.0279	0.2134	0.137
479	0.0161	0.3593	0.076	0.0619	0.0912	0.059	0.0943	0.0926	0.0435	0.1365	0.109	0.0279	0.2132	0.1369
480	0.0155	0.3731	0.0759	0.0618	0.0911	0.0587	0.0938	0.0923	0.0434	0.1364	0.1089	0.0279	0.2131	0.1368
481	0.0158	0.3683	0.0761	0.062	0.0913	0.0585	0.0935	0.0922	0.0434	0.1366	0.1089	0.0279	0.2133	0.1369
482	0.0155	0.3711	0.0759	0.0617	0.0913	0.0585	0.0932	0.0922	0.0434	0.1367	0.109	0.0279	0.2127	0.1368
483	0.0155	0.3624	0.0759	0.0616	0.0912	0.0586	0.0935	0.0923	0.0434	0.1366	0.109	0.0279	0.2129	0.1368
484	0.016	0.3714	0.0759	0.0616	0.0911	0.0586	0.0936	0.0923	0.0435	0.1368	0.109	0.0279	0.2127	0.1367
485	0.016	0.3687	0.0764	0.0622	0.0915	0.0585	0.093	0.0921	0.0433	0.1362	0.1088	0.0279	0.2128	0.1367
486	0.0154	0.3694	0.0759	0.0619	0.091	0.0584	0.0929	0.0918	0.0434	0.1363	0.1086	0.0279	0.2129	0.1365
487	0.016	0.3691	0.0757	0.0618	0.091	0.0585	0.0934	0.0921	0.0433	0.1363	0.1087	0.0278	0.2125	0.1365
488	0.0158	0.372	0.0759	0.0621	0.0911	0.0586	0.0935	0.0922	0.0433	0.1363	0.1086	0.0278	0.2127	0.1365
489	0.0159	0.3744	0.0758	0.0623	0.0911	0.0586	0.0935	0.0922	0.0434	0.1365	0.1088	0.0279	0.2129	0.1366
490	0.0156	0.3725	0.0759	0.0622	0.0912	0.0586	0.0934	0.0923	0.0434	0.1365	0.1088	0.0278	0.2128	0.1366
491	0.0159	0.3695	0.076	0.0624	0.0915	0.0587	0.0936	0.0924	0.0433	0.1363	0.1089	0.0278	0.2127	0.1367
492	0.0157	0.3716	0.076	0.0625	0.0916	0.0587	0.0935	0.0925	0.0433	0.1361	0.1089	0.0278	0.2128	0.1368
493	0.016	0.3731	0.0758	0.0621	0.0915	0.0586	0.0933	0.0925	0.0434	0.1368	0.1092	0.0278	0.2127	0.1368
494	0.0157	0.3756	0.0756	0.062	0.0913	0.0587	0.0935	0.0925	0.0433	0.1364	0.109	0.0278	0.2124	0.1367
495	0.0155	0.3709	0.0756	0.0617	0.0914	0.0587	0.0936	0.0926	0.0433	0.1364	0.1091	0.0278	0.2125	0.1368
496	0.0158	0.3737	0.0757	0.0617	0.0913	0.0588	0.0939	0.0926	0.0433	0.1364	0.109	0.0278	0.2126	0.1367
497	0.0159	0.3711	0.0754	0.0615	0.0911	0.0587	0.0937	0.0925	0.0434	0.1365	0.109	0.0278	0.2128	0.1367
498	0.0158	0.3695	0.0756	0.0616	0.091	0.0586	0.0934	0.0923	0.0434	0.1367	0.109	0.0278	0.2128	0.1366
499	0.0159	0.3709	0.0759	0.0621	0.0912	0.0588	0.094	0.0924	0.0433	0.1366	0.1088	0.0278	0.2132	0.1366
500	0.0159	0.3678	0.0758	0.0618	0.0912	0.0588	0.0939	0.0925	0.0432	0.1363	0.1088	0.0278	0.2131	0.1367
