{"n_layers": 0, "device": "cuda", "batch_size": 2048, "embedding_dim": 256, "learning_rate": 0.001, "dataset": "dbbook", "epochs": 150, "top_k": 50, "multimodal": true, "datasets": {"dbbook": ["images", "text"], "ml1m": ["audio", "images", "text", "video"]}}
Epoch	Loss	Recall	Precision	NDCG
1	0.6931	0.0115	0.0016	0.0053
2	0.6908	0.0212	0.0027	0.0109
3	0.6882	0.0474	0.0062	0.0294
4	0.6843	0.0874	0.0119	0.0563
5	0.6779	0.1264	0.0171	0.0795
6	0.6679	0.1509	0.0207	0.0943
7	0.6529	0.1636	0.0226	0.1021
8	0.6320	0.1690	0.0236	0.1064
9	0.6047	0.1738	0.0243	0.1092
10	0.5716	0.1757	0.0246	0.1098
11	0.5339	0.1756	0.0247	0.1103
12	0.4946	0.1774	0.0249	0.1113
13	0.4553	0.1772	0.0249	0.1117
14	0.4181	0.1774	0.0250	0.1121
15	0.3840	0.1796	0.0253	0.1129
16	0.3530	0.1813	0.0254	0.1135
17	0.3262	0.1819	0.0255	0.1137
18	0.3009	0.1817	0.0255	0.1139
19	0.2799	0.1831	0.0256	0.1144
20	0.2601	0.1845	0.0258	0.1150
21	0.2430	0.1860	0.0260	0.1160
22	0.2265	0.1870	0.0261	0.1165
23	0.2134	0.1885	0.0263	0.1173
24	0.1998	0.1882	0.0263	0.1177
25	0.1879	0.1894	0.0265	0.1181
26	0.1752	0.1905	0.0265	0.1187
27	0.1677	0.1925	0.0267	0.1197
28	0.1576	0.1921	0.0267	0.1195
29	0.1480	0.1935	0.0269	0.1199
30	0.1392	0.1947	0.0269	0.1206
31	0.1327	0.1951	0.0270	0.1211
32	0.1253	0.1960	0.0271	0.1217
33	0.1183	0.1972	0.0271	0.1220
34	0.1136	0.1983	0.0273	0.1227
35	0.1074	0.1998	0.0274	0.1234
36	0.1015	0.2002	0.0275	0.1236
37	0.0973	0.2012	0.0276	0.1243
38	0.0916	0.2012	0.0276	0.1245
39	0.0878	0.2016	0.0276	0.1247
40	0.0837	0.2023	0.0277	0.1249
41	0.0803	0.2029	0.0278	0.1253
42	0.0760	0.2040	0.0279	0.1258
43	0.0732	0.2056	0.0280	0.1263
44	0.0708	0.2058	0.0280	0.1265
45	0.0668	0.2058	0.0280	0.1269
46	0.0652	0.2059	0.0280	0.1270
47	0.0607	0.2068	0.0281	0.1276
48	0.0587	0.2073	0.0282	0.1280
49	0.0569	0.2083	0.0282	0.1284
50	0.0548	0.2085	0.0283	0.1285
51	0.0532	0.2087	0.0282	0.1286
52	0.0516	0.2095	0.0283	0.1289
53	0.0490	0.2093	0.0282	0.1286
54	0.0472	0.2094	0.0282	0.1288
55	0.0464	0.2108	0.0284	0.1297
56	0.0438	0.2116	0.0285	0.1300
57	0.0420	0.2124	0.0285	0.1304
58	0.0429	0.2124	0.0285	0.1304
59	0.0402	0.2124	0.0285	0.1304
60	0.0393	0.2116	0.0285	0.1302
61	0.0379	0.2125	0.0285	0.1304
62	0.0367	0.2126	0.0286	0.1303
63	0.0357	0.2125	0.0286	0.1303
64	0.0351	0.2117	0.0285	0.1303
65	0.0341	0.2121	0.0285	0.1306
66	0.0323	0.2127	0.0285	0.1309
67	0.0310	0.2127	0.0286	0.1310
68	0.0306	0.2127	0.0286	0.1311
69	0.0306	0.2134	0.0286	0.1312
70	0.0287	0.2130	0.0286	0.1310
71	0.0288	0.2135	0.0287	0.1314
72	0.0279	0.2132	0.0287	0.1314
73	0.0271	0.2133	0.0287	0.1316
74	0.0263	0.2144	0.0288	0.1318
75	0.0258	0.2141	0.0288	0.1319
76	0.0254	0.2150	0.0288	0.1324
77	0.0246	0.2149	0.0288	0.1324
78	0.0243	0.2151	0.0288	0.1324
79	0.0237	0.2149	0.0288	0.1323
80	0.0237	0.2161	0.0289	0.1328
81	0.0227	0.2160	0.0289	0.1330
82	0.0220	0.2164	0.0290	0.1333
83	0.0215	0.2166	0.0290	0.1333
84	0.0210	0.2162	0.0289	0.1333
85	0.0211	0.2161	0.0289	0.1331
86	0.0202	0.2163	0.0289	0.1333
87	0.0205	0.2170	0.0290	0.1334
88	0.0198	0.2166	0.0290	0.1334
89	0.0198	0.2163	0.0289	0.1334
90	0.0187	0.2161	0.0289	0.1331
91	0.0190	0.2166	0.0290	0.1334
92	0.0186	0.2168	0.0290	0.1335
93	0.0184	0.2170	0.0290	0.1337
94	0.0179	0.2167	0.0290	0.1337
95	0.0179	0.2171	0.0290	0.1338
96	0.0171	0.2172	0.0290	0.1340
97	0.0167	0.2174	0.0290	0.1339
98	0.0168	0.2168	0.0289	0.1337
99	0.0165	0.2166	0.0290	0.1339
100	0.0160	0.2164	0.0289	0.1337
101	0.0166	0.2165	0.0289	0.1335
102	0.0162	0.2163	0.0288	0.1334
103	0.0159	0.2161	0.0288	0.1334
104	0.0158	0.2162	0.0288	0.1336
105	0.0157	0.2157	0.0288	0.1335
106	0.0151	0.2161	0.0288	0.1338
107	0.0147	0.2159	0.0288	0.1337
108	0.0148	0.2162	0.0289	0.1338
109	0.0143	0.2170	0.0289	0.1341
110	0.0146	0.2162	0.0288	0.1339
111	0.0147	0.2170	0.0289	0.1342
112	0.0138	0.2171	0.0289	0.1345
113	0.0134	0.2178	0.0290	0.1346
114	0.0134	0.2174	0.0289	0.1346
115	0.0137	0.2170	0.0288	0.1344
116	0.0139	0.2173	0.0289	0.1346
117	0.0135	0.2166	0.0288	0.1344
118	0.0131	0.2173	0.0289	0.1344
119	0.0132	0.2171	0.0288	0.1344
120	0.0127	0.2173	0.0289	0.1346
121	0.0132	0.2174	0.0289	0.1348
122	0.0121	0.2172	0.0289	0.1349
123	0.0127	0.2170	0.0289	0.1350
124	0.0125	0.2170	0.0289	0.1348
125	0.0122	0.2168	0.0289	0.1348
126	0.0121	0.2166	0.0288	0.1349
127	0.0115	0.2166	0.0288	0.1346
128	0.0119	0.2165	0.0288	0.1345
129	0.0117	0.2169	0.0288	0.1345
130	0.0119	0.2171	0.0288	0.1347
131	0.0118	0.2174	0.0289	0.1349
132	0.0117	0.2171	0.0288	0.1349
133	0.0114	0.2168	0.0288	0.1348
134	0.0115	0.2165	0.0288	0.1348
135	0.0117	0.2170	0.0288	0.1350
136	0.0114	0.2163	0.0288	0.1349
137	0.0111	0.2165	0.0288	0.1352
138	0.0109	0.2167	0.0288	0.1353
139	0.0102	0.2170	0.0288	0.1355
140	0.0111	0.2169	0.0288	0.1351
141	0.0108	0.2166	0.0288	0.1351
142	0.0109	0.2163	0.0287	0.1349
143	0.0103	0.2162	0.0287	0.1348
144	0.0103	0.2166	0.0287	0.1349
145	0.0107	0.2163	0.0287	0.1348
146	0.0105	0.2162	0.0287	0.1347
147	0.0103	0.2164	0.0287	0.1350
148	0.0100	0.2167	0.0287	0.1350
149	0.0100	0.2165	0.0287	0.1350
150	0.0101	0.2164	0.0287	0.1349
