{"n_layers": 1, "device": "cuda", "batch_size": 2048, "embedding_dim": 512, "learning_rate": 0.0005, "dataset": "dbbook", "epochs": 150, "top_k": 5, "multimodal": true, "datasets": {"dbbook": ["images", "text"], "ml1m": ["audio", "images", "text", "video"]}}
Epoch	Loss	Recall	Precision	NDCG
1	0.6912	0.0039	0.0049	0.0052
2	0.6868	0.0151	0.0179	0.0216
3	0.6818	0.0251	0.0321	0.0385
4	0.6755	0.0350	0.0452	0.0532
5	0.6674	0.0385	0.0513	0.0596
6	0.6570	0.0406	0.0538	0.0609
7	0.6439	0.0405	0.0534	0.0596
8	0.6272	0.0386	0.0510	0.0562
9	0.6072	0.0371	0.0488	0.0531
10	0.5837	0.0365	0.0476	0.0509
11	0.5568	0.0347	0.0453	0.0485
12	0.5287	0.0338	0.0439	0.0467
13	0.4986	0.0329	0.0426	0.0449
14	0.4692	0.0321	0.0414	0.0436
15	0.4399	0.0311	0.0401	0.0422
16	0.4127	0.0300	0.0393	0.0412
17	0.3863	0.0294	0.0387	0.0404
18	0.3633	0.0296	0.0390	0.0405
19	0.3417	0.0297	0.0390	0.0405
20	0.3214	0.0299	0.0392	0.0405
21	0.3038	0.0298	0.0392	0.0406
22	0.2876	0.0303	0.0399	0.0413
23	0.2728	0.0305	0.0399	0.0414
24	0.2576	0.0310	0.0403	0.0420
25	0.2436	0.0310	0.0402	0.0419
26	0.2338	0.0313	0.0407	0.0425
27	0.2222	0.0316	0.0408	0.0427
28	0.2126	0.0322	0.0417	0.0435
29	0.2030	0.0324	0.0419	0.0441
30	0.1954	0.0324	0.0424	0.0443
31	0.1852	0.0329	0.0430	0.0449
32	0.1782	0.0331	0.0433	0.0452
33	0.1695	0.0332	0.0435	0.0456
34	0.1652	0.0334	0.0435	0.0457
35	0.1570	0.0337	0.0439	0.0460
36	0.1529	0.0342	0.0447	0.0467
37	0.1474	0.0345	0.0449	0.0470
38	0.1422	0.0348	0.0455	0.0474
39	0.1368	0.0351	0.0459	0.0479
40	0.1309	0.0351	0.0460	0.0481
41	0.1280	0.0356	0.0464	0.0486
42	0.1228	0.0358	0.0465	0.0488
43	0.1195	0.0363	0.0468	0.0491
44	0.1161	0.0364	0.0470	0.0494
45	0.1105	0.0367	0.0473	0.0497
46	0.1088	0.0369	0.0475	0.0499
47	0.1061	0.0370	0.0479	0.0504
48	0.1034	0.0370	0.0481	0.0506
49	0.0983	0.0372	0.0482	0.0508
50	0.0963	0.0371	0.0479	0.0506
51	0.0942	0.0375	0.0481	0.0510
52	0.0895	0.0380	0.0486	0.0516
53	0.0879	0.0379	0.0488	0.0520
54	0.0853	0.0382	0.0493	0.0526
55	0.0836	0.0384	0.0497	0.0530
56	0.0811	0.0390	0.0504	0.0539
57	0.0797	0.0395	0.0510	0.0546
58	0.0778	0.0396	0.0510	0.0549
59	0.0745	0.0399	0.0518	0.0558
60	0.0734	0.0399	0.0518	0.0560
61	0.0705	0.0400	0.0520	0.0562
62	0.0705	0.0406	0.0526	0.0568
63	0.0690	0.0405	0.0527	0.0571
64	0.0653	0.0405	0.0528	0.0573
65	0.0650	0.0410	0.0534	0.0578
66	0.0640	0.0413	0.0539	0.0584
67	0.0606	0.0415	0.0542	0.0586
68	0.0626	0.0413	0.0541	0.0587
69	0.0594	0.0416	0.0544	0.0589
70	0.0578	0.0417	0.0544	0.0590
71	0.0582	0.0416	0.0545	0.0591
72	0.0543	0.0417	0.0545	0.0593
73	0.0549	0.0419	0.0549	0.0596
74	0.0526	0.0420	0.0549	0.0596
75	0.0513	0.0423	0.0552	0.0601
76	0.0509	0.0423	0.0553	0.0603
77	0.0501	0.0426	0.0556	0.0605
78	0.0501	0.0426	0.0557	0.0606
79	0.0498	0.0429	0.0557	0.0610
80	0.0474	0.0429	0.0560	0.0612
81	0.0474	0.0429	0.0562	0.0613
82	0.0463	0.0433	0.0564	0.0616
83	0.0449	0.0436	0.0567	0.0620
84	0.0448	0.0440	0.0570	0.0626
85	0.0431	0.0440	0.0570	0.0628
86	0.0428	0.0443	0.0575	0.0634
87	0.0417	0.0447	0.0579	0.0638
88	0.0407	0.0448	0.0581	0.0640
89	0.0397	0.0448	0.0580	0.0639
90	0.0407	0.0452	0.0580	0.0641
91	0.0392	0.0452	0.0581	0.0643
92	0.0382	0.0451	0.0580	0.0643
93	0.0382	0.0455	0.0583	0.0647
94	0.0361	0.0457	0.0583	0.0647
95	0.0372	0.0458	0.0583	0.0647
96	0.0356	0.0463	0.0589	0.0652
97	0.0359	0.0465	0.0591	0.0653
98	0.0351	0.0467	0.0592	0.0658
99	0.0345	0.0469	0.0596	0.0662
100	0.0342	0.0468	0.0597	0.0663
101	0.0330	0.0469	0.0599	0.0667
102	0.0328	0.0472	0.0600	0.0669
103	0.0324	0.0473	0.0601	0.0670
104	0.0324	0.0472	0.0600	0.0671
105	0.0315	0.0474	0.0603	0.0672
106	0.0315	0.0474	0.0603	0.0674
107	0.0319	0.0478	0.0608	0.0679
108	0.0310	0.0479	0.0608	0.0680
109	0.0307	0.0478	0.0607	0.0681
110	0.0311	0.0478	0.0607	0.0682
111	0.0295	0.0481	0.0611	0.0686
112	0.0292	0.0480	0.0610	0.0687
113	0.0285	0.0482	0.0612	0.0688
114	0.0288	0.0484	0.0614	0.0690
115	0.0281	0.0488	0.0617	0.0692
116	0.0274	0.0491	0.0623	0.0696
117	0.0274	0.0492	0.0625	0.0697
118	0.0262	0.0491	0.0625	0.0700
119	0.0264	0.0496	0.0630	0.0705
120	0.0259	0.0495	0.0626	0.0703
121	0.0260	0.0497	0.0629	0.0705
122	0.0261	0.0499	0.0630	0.0708
123	0.0252	0.0499	0.0631	0.0708
124	0.0249	0.0499	0.0630	0.0707
125	0.0253	0.0499	0.0632	0.0709
126	0.0242	0.0500	0.0632	0.0712
127	0.0241	0.0502	0.0635	0.0713
128	0.0232	0.0501	0.0635	0.0712
129	0.0244	0.0501	0.0635	0.0712
130	0.0234	0.0500	0.0635	0.0714
131	0.0233	0.0502	0.0638	0.0717
132	0.0241	0.0505	0.0638	0.0718
133	0.0223	0.0507	0.0641	0.0721
134	0.0222	0.0505	0.0639	0.0721
135	0.0232	0.0508	0.0639	0.0721
136	0.0216	0.0507	0.0639	0.0720
137	0.0223	0.0507	0.0640	0.0722
138	0.0215	0.0508	0.0639	0.0721
139	0.0218	0.0503	0.0636	0.0715
140	0.0219	0.0508	0.0639	0.0719
141	0.0204	0.0511	0.0644	0.0723
142	0.0207	0.0511	0.0641	0.0722
143	0.0204	0.0511	0.0639	0.0719
144	0.0203	0.0511	0.0639	0.0719
145	0.0213	0.0510	0.0639	0.0719
146	0.0193	0.0513	0.0643	0.0723
147	0.0192	0.0512	0.0641	0.0723
148	0.0197	0.0514	0.0642	0.0724
149	0.0201	0.0513	0.0641	0.0725
150	0.0193	0.0512	0.0641	0.0724
