{"n_layers": 0, "device": "cuda", "batch_size": 2048, "embedding_dim": 1024, "learning_rate": 0.001, "dataset": "dbbook", "epochs": 150, "top_k": 50, "multimodal": true, "datasets": {"dbbook": ["images", "text"], "ml1m": ["audio", "images", "text", "video"]}}
Epoch	Loss	Recall	Precision	NDCG
1	0.6904	0.0392	0.0049	0.0202
2	0.6697	0.0589	0.0075	0.0357
3	0.6474	0.0836	0.0110	0.0534
4	0.6181	0.1089	0.0146	0.0696
5	0.5801	0.1283	0.0174	0.0800
6	0.5328	0.1447	0.0198	0.0886
7	0.4789	0.1550	0.0213	0.0943
8	0.4222	0.1616	0.0222	0.0981
9	0.3699	0.1647	0.0229	0.1003
10	0.3223	0.1684	0.0235	0.1025
11	0.2829	0.1728	0.0240	0.1047
12	0.2503	0.1755	0.0244	0.1062
13	0.2241	0.1787	0.0249	0.1076
14	0.1979	0.1811	0.0251	0.1082
15	0.1781	0.1840	0.0253	0.1090
16	0.1620	0.1858	0.0256	0.1101
17	0.1462	0.1871	0.0258	0.1109
18	0.1344	0.1890	0.0260	0.1117
19	0.1235	0.1902	0.0260	0.1122
20	0.1121	0.1908	0.0261	0.1123
21	0.1047	0.1911	0.0262	0.1127
22	0.0990	0.1931	0.0264	0.1137
23	0.0899	0.1947	0.0265	0.1143
24	0.0859	0.1953	0.0266	0.1144
25	0.0788	0.1961	0.0267	0.1149
26	0.0747	0.1968	0.0268	0.1156
27	0.0716	0.1967	0.0268	0.1161
28	0.0652	0.1964	0.0269	0.1166
29	0.0618	0.1977	0.0270	0.1174
30	0.0591	0.1986	0.0271	0.1179
31	0.0555	0.1996	0.0272	0.1188
32	0.0532	0.2006	0.0273	0.1193
33	0.0508	0.2012	0.0274	0.1200
34	0.0473	0.2015	0.0274	0.1205
35	0.0457	0.2014	0.0274	0.1206
36	0.0434	0.2020	0.0274	0.1209
37	0.0420	0.2032	0.0276	0.1215
38	0.0403	0.2037	0.0276	0.1218
39	0.0388	0.2054	0.0277	0.1222
40	0.0362	0.2052	0.0276	0.1219
41	0.0351	0.2058	0.0277	0.1224
42	0.0336	0.2065	0.0278	0.1231
43	0.0331	0.2067	0.0279	0.1236
44	0.0308	0.2068	0.0279	0.1237
45	0.0300	0.2067	0.0279	0.1239
46	0.0295	0.2061	0.0279	0.1238
47	0.0291	0.2062	0.0279	0.1240
48	0.0277	0.2066	0.0279	0.1243
49	0.0265	0.2070	0.0280	0.1243
50	0.0265	0.2082	0.0281	0.1255
51	0.0254	0.2083	0.0281	0.1254
52	0.0244	0.2091	0.0281	0.1262
53	0.0234	0.2092	0.0281	0.1264
54	0.0232	0.2094	0.0282	0.1268
55	0.0230	0.2088	0.0281	0.1266
56	0.0221	0.2085	0.0281	0.1265
57	0.0211	0.2084	0.0281	0.1265
58	0.0208	0.2091	0.0282	0.1265
59	0.0202	0.2093	0.0282	0.1267
60	0.0199	0.2095	0.0282	0.1269
61	0.0195	0.2103	0.0282	0.1272
62	0.0191	0.2109	0.0283	0.1277
63	0.0182	0.2125	0.0285	0.1286
64	0.0178	0.2120	0.0284	0.1284
65	0.0178	0.2117	0.0284	0.1283
66	0.0171	0.2119	0.0284	0.1285
67	0.0167	0.2127	0.0285	0.1285
68	0.0165	0.2127	0.0284	0.1284
69	0.0168	0.2119	0.0284	0.1283
70	0.0168	0.2116	0.0284	0.1285
71	0.0167	0.2120	0.0284	0.1286
72	0.0157	0.2122	0.0285	0.1289
73	0.0160	0.2111	0.0283	0.1287
74	0.0150	0.2122	0.0284	0.1289
75	0.0153	0.2123	0.0283	0.1290
76	0.0144	0.2132	0.0285	0.1295
77	0.0145	0.2134	0.0285	0.1296
78	0.0144	0.2130	0.0285	0.1294
79	0.0146	0.2130	0.0285	0.1298
80	0.0145	0.2134	0.0286	0.1304
81	0.0134	0.2135	0.0286	0.1307
82	0.0133	0.2139	0.0286	0.1309
83	0.0131	0.2133	0.0286	0.1307
84	0.0130	0.2134	0.0286	0.1309
85	0.0128	0.2127	0.0285	0.1305
86	0.0124	0.2132	0.0286	0.1308
87	0.0125	0.2128	0.0285	0.1308
88	0.0127	0.2127	0.0285	0.1311
89	0.0126	0.2128	0.0285	0.1309
90	0.0126	0.2123	0.0284	0.1306
91	0.0120	0.2133	0.0285	0.1307
92	0.0115	0.2134	0.0285	0.1307
93	0.0119	0.2132	0.0285	0.1307
94	0.0120	0.2135	0.0285	0.1309
95	0.0114	0.2140	0.0286	0.1308
96	0.0118	0.2138	0.0286	0.1305
97	0.0113	0.2146	0.0286	0.1311
98	0.0107	0.2144	0.0286	0.1309
99	0.0115	0.2143	0.0286	0.1308
100	0.0107	0.2147	0.0286	0.1313
101	0.0106	0.2146	0.0286	0.1313
102	0.0104	0.2143	0.0286	0.1313
103	0.0109	0.2149	0.0287	0.1316
104	0.0104	0.2148	0.0286	0.1317
105	0.0108	0.2148	0.0286	0.1317
106	0.0107	0.2144	0.0285	0.1316
107	0.0103	0.2140	0.0285	0.1315
108	0.0103	0.2138	0.0285	0.1315
109	0.0102	0.2143	0.0285	0.1314
110	0.0098	0.2147	0.0285	0.1315
111	0.0098	0.2156	0.0286	0.1320
112	0.0095	0.2156	0.0287	0.1325
113	0.0098	0.2155	0.0288	0.1324
114	0.0096	0.2156	0.0288	0.1328
115	0.0099	0.2157	0.0288	0.1330
116	0.0095	0.2148	0.0287	0.1329
117	0.0095	0.2152	0.0287	0.1333
118	0.0092	0.2148	0.0287	0.1334
119	0.0097	0.2153	0.0287	0.1335
120	0.0092	0.2156	0.0288	0.1336
121	0.0090	0.2156	0.0287	0.1338
122	0.0094	0.2157	0.0287	0.1337
123	0.0095	0.2168	0.0288	0.1338
124	0.0091	0.2162	0.0288	0.1340
125	0.0092	0.2163	0.0288	0.1342
126	0.0092	0.2166	0.0288	0.1345
127	0.0085	0.2170	0.0289	0.1347
128	0.0090	0.2177	0.0289	0.1351
129	0.0089	0.2174	0.0289	0.1351
130	0.0088	0.2172	0.0289	0.1350
131	0.0085	0.2167	0.0288	0.1351
132	0.0086	0.2173	0.0289	0.1355
133	0.0085	0.2174	0.0289	0.1351
134	0.0093	0.2173	0.0289	0.1354
135	0.0095	0.2179	0.0289	0.1358
136	0.0088	0.2183	0.0290	0.1359
137	0.0083	0.2177	0.0289	0.1359
138	0.0083	0.2179	0.0290	0.1358
139	0.0090	0.2179	0.0290	0.1361
140	0.0087	0.2180	0.0290	0.1360
141	0.0082	0.2191	0.0291	0.1365
142	0.0083	0.2185	0.0290	0.1367
143	0.0080	0.2181	0.0290	0.1366
144	0.0089	0.2180	0.0290	0.1366
145	0.0086	0.2178	0.0289	0.1366
146	0.0089	0.2177	0.0289	0.1368
147	0.0084	0.2179	0.0289	0.1366
148	0.0078	0.2180	0.0289	0.1368
149	0.0085	0.2179	0.0289	0.1367
150	0.0085	0.2179	0.0289	0.1365
