{"n_layers": 0, "device": "cuda", "batch_size": 2048, "embedding_dim": 1024, "learning_rate": 0.001, "dataset": "dbbook", "epochs": 150, "top_k": 50, "multimodal": true, "datasets": {"dbbook": ["images", "text"], "ml1m": ["audio", "images", "text", "video"]}}
Epoch	Loss	Recall	Precision	NDCG
1	0.6929	0.0193	0.0024	0.0099
2	0.6823	0.0444	0.0056	0.0284
3	0.6706	0.0850	0.0112	0.0574
4	0.6537	0.1296	0.0172	0.0855
5	0.6282	0.1589	0.0214	0.1018
6	0.5915	0.1746	0.0237	0.1112
7	0.5426	0.1830	0.0250	0.1155
8	0.4849	0.1865	0.0256	0.1173
9	0.4236	0.1891	0.0261	0.1185
10	0.3647	0.1911	0.0264	0.1200
11	0.3127	0.1937	0.0268	0.1212
12	0.2689	0.1974	0.0272	0.1229
13	0.2329	0.1993	0.0274	0.1244
14	0.2020	0.2019	0.0277	0.1262
15	0.1773	0.2036	0.0279	0.1277
16	0.1557	0.2060	0.0282	0.1291
17	0.1385	0.2076	0.0283	0.1299
18	0.1224	0.2088	0.0285	0.1306
19	0.1109	0.2101	0.0287	0.1315
20	0.0993	0.2119	0.0288	0.1324
21	0.0887	0.2130	0.0289	0.1329
22	0.0803	0.2131	0.0289	0.1330
23	0.0740	0.2149	0.0290	0.1341
24	0.0672	0.2161	0.0292	0.1348
25	0.0617	0.2180	0.0294	0.1359
26	0.0563	0.2190	0.0295	0.1365
27	0.0526	0.2194	0.0296	0.1367
28	0.0494	0.2202	0.0296	0.1374
29	0.0455	0.2205	0.0297	0.1377
30	0.0424	0.2210	0.0297	0.1379
31	0.0397	0.2211	0.0297	0.1384
32	0.0372	0.2225	0.0298	0.1390
33	0.0350	0.2233	0.0299	0.1395
34	0.0330	0.2248	0.0301	0.1398
35	0.0315	0.2256	0.0301	0.1398
36	0.0294	0.2246	0.0300	0.1395
37	0.0279	0.2250	0.0300	0.1398
38	0.0261	0.2253	0.0300	0.1403
39	0.0253	0.2253	0.0300	0.1405
40	0.0248	0.2258	0.0301	0.1406
41	0.0231	0.2261	0.0301	0.1409
42	0.0226	0.2256	0.0301	0.1405
43	0.0217	0.2262	0.0301	0.1409
44	0.0209	0.2265	0.0301	0.1412
45	0.0200	0.2265	0.0301	0.1412
46	0.0190	0.2271	0.0302	0.1413
47	0.0183	0.2278	0.0302	0.1416
48	0.0180	0.2267	0.0301	0.1415
49	0.0179	0.2279	0.0303	0.1420
50	0.0168	0.2282	0.0303	0.1421
51	0.0166	0.2293	0.0304	0.1424
52	0.0157	0.2296	0.0305	0.1424
53	0.0152	0.2296	0.0304	0.1425
54	0.0149	0.2297	0.0304	0.1432
55	0.0145	0.2296	0.0304	0.1433
56	0.0148	0.2302	0.0305	0.1435
57	0.0141	0.2304	0.0305	0.1435
58	0.0133	0.2307	0.0305	0.1433
59	0.0134	0.2309	0.0305	0.1437
60	0.0132	0.2310	0.0306	0.1439
61	0.0133	0.2303	0.0305	0.1435
62	0.0128	0.2303	0.0305	0.1434
63	0.0122	0.2301	0.0305	0.1434
64	0.0122	0.2305	0.0305	0.1438
65	0.0118	0.2305	0.0305	0.1439
66	0.0118	0.2306	0.0305	0.1441
67	0.0114	0.2303	0.0305	0.1442
68	0.0110	0.2304	0.0305	0.1443
69	0.0112	0.2307	0.0305	0.1446
70	0.0113	0.2300	0.0305	0.1444
71	0.0106	0.2297	0.0305	0.1441
72	0.0105	0.2305	0.0305	0.1442
73	0.0104	0.2309	0.0305	0.1445
74	0.0103	0.2307	0.0305	0.1446
75	0.0103	0.2304	0.0304	0.1446
76	0.0096	0.2303	0.0305	0.1446
77	0.0101	0.2307	0.0305	0.1448
78	0.0103	0.2310	0.0305	0.1453
79	0.0099	0.2311	0.0305	0.1453
80	0.0099	0.2312	0.0305	0.1452
81	0.0099	0.2314	0.0305	0.1454
82	0.0097	0.2314	0.0305	0.1454
83	0.0094	0.2315	0.0305	0.1455
84	0.0091	0.2310	0.0304	0.1454
85	0.0089	0.2308	0.0304	0.1451
86	0.0091	0.2304	0.0304	0.1450
87	0.0088	0.2304	0.0304	0.1452
88	0.0090	0.2309	0.0304	0.1457
89	0.0088	0.2308	0.0304	0.1455
90	0.0089	0.2309	0.0303	0.1457
91	0.0090	0.2303	0.0303	0.1458
92	0.0083	0.2308	0.0304	0.1457
93	0.0082	0.2311	0.0304	0.1459
94	0.0087	0.2313	0.0304	0.1458
95	0.0085	0.2314	0.0304	0.1458
96	0.0086	0.2313	0.0304	0.1457
97	0.0084	0.2316	0.0304	0.1459
98	0.0084	0.2313	0.0303	0.1457
99	0.0079	0.2305	0.0303	0.1453
100	0.0087	0.2304	0.0303	0.1452
101	0.0081	0.2307	0.0303	0.1454
102	0.0079	0.2302	0.0303	0.1453
103	0.0078	0.2299	0.0302	0.1453
104	0.0083	0.2296	0.0302	0.1450
105	0.0082	0.2305	0.0303	0.1455
106	0.0078	0.2309	0.0303	0.1458
107	0.0081	0.2303	0.0303	0.1459
108	0.0076	0.2313	0.0304	0.1461
109	0.0080	0.2306	0.0303	0.1456
110	0.0082	0.2309	0.0303	0.1458
111	0.0082	0.2310	0.0303	0.1457
112	0.0082	0.2308	0.0303	0.1455
113	0.0084	0.2299	0.0302	0.1450
114	0.0081	0.2299	0.0302	0.1445
115	0.0076	0.2301	0.0302	0.1447
116	0.0077	0.2299	0.0302	0.1449
117	0.0077	0.2306	0.0303	0.1454
118	0.0077	0.2308	0.0303	0.1454
119	0.0074	0.2309	0.0303	0.1456
120	0.0080	0.2303	0.0303	0.1454
121	0.0077	0.2306	0.0303	0.1457
122	0.0078	0.2308	0.0303	0.1457
123	0.0073	0.2313	0.0303	0.1460
124	0.0076	0.2310	0.0303	0.1459
125	0.0076	0.2310	0.0302	0.1459
126	0.0074	0.2306	0.0302	0.1456
127	0.0079	0.2307	0.0301	0.1457
128	0.0074	0.2299	0.0300	0.1453
129	0.0075	0.2295	0.0300	0.1450
130	0.0079	0.2299	0.0301	0.1452
131	0.0077	0.2300	0.0301	0.1451
132	0.0075	0.2297	0.0301	0.1450
133	0.0075	0.2302	0.0301	0.1453
134	0.0072	0.2307	0.0302	0.1455
135	0.0073	0.2300	0.0301	0.1455
136	0.0075	0.2293	0.0301	0.1454
137	0.0074	0.2300	0.0301	0.1455
138	0.0072	0.2299	0.0301	0.1451
139	0.0072	0.2297	0.0301	0.1450
140	0.0071	0.2292	0.0300	0.1445
141	0.0070	0.2295	0.0301	0.1445
142	0.0078	0.2298	0.0301	0.1446
143	0.0073	0.2291	0.0300	0.1443
144	0.0071	0.2297	0.0301	0.1445
145	0.0070	0.2287	0.0300	0.1443
146	0.0074	0.2282	0.0299	0.1439
147	0.0074	0.2283	0.0299	0.1441
148	0.0074	0.2286	0.0300	0.1442
149	0.0070	0.2285	0.0300	0.1443
150	0.0073	0.2290	0.0301	0.1445
