{"n_layers": 2, "device": "cuda", "batch_size": 2048, "embedding_dim": 256, "learning_rate": 0.001, "dataset": "dbbook", "epochs": 150, "top_k": 5, "multimodal": false, "datasets": {"dbbook": ["images", "text"], "ml1m": ["audio", "images", "text", "video"]}}
Epoch	Loss	Recall	Precision	NDCG
1	0.6913	0.0192	0.0266	0.0270
2	0.6811	0.0192	0.0272	0.0263
3	0.6439	0.0178	0.0256	0.0248
4	0.5687	0.0169	0.0245	0.0236
5	0.4789	0.0170	0.0248	0.0239
6	0.4077	0.0178	0.0259	0.0247
7	0.3579	0.0185	0.0266	0.0252
8	0.3255	0.0191	0.0276	0.0262
9	0.3056	0.0201	0.0290	0.0276
10	0.2839	0.0213	0.0300	0.0289
11	0.2686	0.0219	0.0309	0.0304
12	0.2528	0.0223	0.0310	0.0311
13	0.2352	0.0232	0.0325	0.0324
14	0.2201	0.0240	0.0335	0.0334
15	0.2081	0.0247	0.0346	0.0344
16	0.2005	0.0248	0.0348	0.0350
17	0.1893	0.0264	0.0366	0.0368
18	0.1771	0.0272	0.0371	0.0373
19	0.1691	0.0276	0.0372	0.0376
20	0.1610	0.0280	0.0372	0.0377
21	0.1508	0.0288	0.0381	0.0386
22	0.1454	0.0289	0.0385	0.0391
23	0.1349	0.0287	0.0385	0.0392
24	0.1325	0.0294	0.0392	0.0400
25	0.1266	0.0302	0.0399	0.0410
26	0.1178	0.0309	0.0409	0.0420
27	0.1119	0.0309	0.0411	0.0426
28	0.1072	0.0314	0.0419	0.0436
29	0.1028	0.0323	0.0424	0.0443
30	0.1014	0.0326	0.0428	0.0447
31	0.0956	0.0328	0.0435	0.0452
32	0.0911	0.0336	0.0444	0.0462
33	0.0896	0.0338	0.0445	0.0463
34	0.0877	0.0341	0.0449	0.0468
35	0.0844	0.0340	0.0444	0.0467
36	0.0776	0.0343	0.0448	0.0470
37	0.0769	0.0342	0.0448	0.0476
38	0.0728	0.0343	0.0449	0.0479
39	0.0709	0.0344	0.0449	0.0482
40	0.0700	0.0348	0.0453	0.0486
41	0.0672	0.0350	0.0454	0.0490
42	0.0664	0.0355	0.0458	0.0499
43	0.0633	0.0361	0.0468	0.0509
44	0.0594	0.0365	0.0472	0.0515
45	0.0579	0.0373	0.0483	0.0523
46	0.0590	0.0375	0.0483	0.0526
47	0.0557	0.0380	0.0489	0.0532
48	0.0550	0.0383	0.0494	0.0538
49	0.0525	0.0385	0.0498	0.0544
50	0.0513	0.0385	0.0498	0.0546
51	0.0481	0.0388	0.0501	0.0550
52	0.0495	0.0389	0.0505	0.0555
53	0.0474	0.0394	0.0507	0.0559
54	0.0463	0.0395	0.0509	0.0563
55	0.0436	0.0395	0.0509	0.0563
56	0.0428	0.0395	0.0507	0.0563
57	0.0448	0.0399	0.0512	0.0568
58	0.0417	0.0405	0.0519	0.0574
59	0.0412	0.0412	0.0525	0.0580
60	0.0392	0.0416	0.0528	0.0584
61	0.0373	0.0414	0.0527	0.0584
62	0.0372	0.0418	0.0533	0.0587
63	0.0369	0.0418	0.0532	0.0590
64	0.0357	0.0420	0.0536	0.0596
65	0.0354	0.0422	0.0539	0.0601
66	0.0340	0.0430	0.0546	0.0609
67	0.0330	0.0434	0.0550	0.0614
68	0.0312	0.0437	0.0552	0.0617
69	0.0328	0.0440	0.0556	0.0620
70	0.0314	0.0439	0.0555	0.0621
71	0.0301	0.0439	0.0557	0.0622
72	0.0302	0.0438	0.0554	0.0621
73	0.0299	0.0444	0.0562	0.0629
74	0.0296	0.0442	0.0559	0.0626
75	0.0287	0.0441	0.0559	0.0627
76	0.0287	0.0448	0.0564	0.0634
77	0.0274	0.0446	0.0564	0.0634
78	0.0274	0.0448	0.0564	0.0637
79	0.0267	0.0455	0.0574	0.0645
80	0.0264	0.0456	0.0577	0.0648
81	0.0258	0.0460	0.0580	0.0650
82	0.0259	0.0462	0.0579	0.0651
83	0.0240	0.0462	0.0579	0.0651
84	0.0242	0.0461	0.0577	0.0649
85	0.0242	0.0459	0.0576	0.0649
86	0.0228	0.0461	0.0579	0.0652
87	0.0224	0.0460	0.0578	0.0652
88	0.0238	0.0460	0.0580	0.0653
89	0.0243	0.0459	0.0579	0.0653
90	0.0220	0.0462	0.0584	0.0659
91	0.0241	0.0465	0.0586	0.0661
92	0.0226	0.0467	0.0589	0.0663
93	0.0209	0.0467	0.0589	0.0663
94	0.0215	0.0473	0.0596	0.0668
95	0.0210	0.0472	0.0594	0.0667
96	0.0207	0.0475	0.0596	0.0668
97	0.0204	0.0475	0.0596	0.0669
98	0.0211	0.0471	0.0591	0.0665
99	0.0195	0.0472	0.0591	0.0666
100	0.0199	0.0475	0.0595	0.0670
101	0.0183	0.0475	0.0596	0.0673
102	0.0193	0.0478	0.0596	0.0673
103	0.0188	0.0477	0.0595	0.0673
104	0.0177	0.0476	0.0596	0.0673
105	0.0184	0.0478	0.0598	0.0674
106	0.0181	0.0476	0.0598	0.0673
107	0.0178	0.0482	0.0605	0.0680
108	0.0182	0.0482	0.0605	0.0681
109	0.0175	0.0481	0.0603	0.0681
110	0.0168	0.0481	0.0605	0.0684
111	0.0167	0.0481	0.0603	0.0683
112	0.0163	0.0482	0.0605	0.0683
113	0.0176	0.0486	0.0608	0.0690
114	0.0165	0.0487	0.0608	0.0691
115	0.0162	0.0488	0.0609	0.0694
116	0.0166	0.0490	0.0611	0.0697
117	0.0163	0.0489	0.0612	0.0698
118	0.0166	0.0490	0.0610	0.0695
119	0.0153	0.0491	0.0609	0.0698
120	0.0157	0.0489	0.0607	0.0697
121	0.0155	0.0491	0.0611	0.0701
122	0.0154	0.0491	0.0612	0.0701
123	0.0150	0.0491	0.0611	0.0698
124	0.0153	0.0490	0.0608	0.0697
125	0.0151	0.0495	0.0612	0.0702
126	0.0147	0.0493	0.0611	0.0703
127	0.0149	0.0496	0.0615	0.0706
128	0.0141	0.0494	0.0613	0.0704
129	0.0143	0.0493	0.0611	0.0704
130	0.0144	0.0491	0.0610	0.0702
131	0.0144	0.0489	0.0605	0.0700
132	0.0142	0.0490	0.0607	0.0701
133	0.0137	0.0492	0.0610	0.0703
134	0.0135	0.0493	0.0614	0.0704
135	0.0141	0.0491	0.0610	0.0703
136	0.0138	0.0491	0.0612	0.0705
137	0.0132	0.0495	0.0611	0.0704
138	0.0135	0.0497	0.0616	0.0710
139	0.0137	0.0498	0.0615	0.0707
140	0.0126	0.0501	0.0616	0.0709
141	0.0134	0.0499	0.0615	0.0708
142	0.0133	0.0495	0.0614	0.0708
143	0.0138	0.0498	0.0616	0.0711
144	0.0130	0.0498	0.0619	0.0712
145	0.0125	0.0497	0.0618	0.0712
146	0.0132	0.0495	0.0616	0.0711
147	0.0123	0.0495	0.0618	0.0712
148	0.0118	0.0494	0.0619	0.0713
149	0.0122	0.0494	0.0619	0.0712
150	0.0119	0.0494	0.0620	0.0712
