{"n_layers": 0, "device": "cuda", "batch_size": 2048, "embedding_dim": 128, "learning_rate": 0.0005, "dataset": "dbbook", "epochs": 150, "top_k": 5, "multimodal": true, "datasets": {"dbbook": ["images", "text"], "ml1m": ["audio", "images", "text", "video"]}}
Epoch	Loss	Recall	Precision	NDCG
1	0.6931	0.0010	0.0014	0.0016
2	0.6918	0.0012	0.0017	0.0019
3	0.6907	0.0020	0.0029	0.0030
4	0.6895	0.0034	0.0041	0.0047
5	0.6882	0.0055	0.0069	0.0079
6	0.6866	0.0093	0.0114	0.0135
7	0.6849	0.0132	0.0166	0.0199
8	0.6829	0.0172	0.0222	0.0259
9	0.6806	0.0204	0.0265	0.0308
10	0.6778	0.0233	0.0312	0.0359
11	0.6746	0.0264	0.0357	0.0404
12	0.6708	0.0291	0.0388	0.0440
13	0.6665	0.0309	0.0416	0.0467
14	0.6613	0.0324	0.0443	0.0499
15	0.6557	0.0337	0.0462	0.0517
16	0.6493	0.0339	0.0467	0.0523
17	0.6419	0.0345	0.0477	0.0532
18	0.6339	0.0354	0.0488	0.0546
19	0.6250	0.0357	0.0491	0.0553
20	0.6156	0.0364	0.0503	0.0561
21	0.6051	0.0372	0.0512	0.0570
22	0.5939	0.0375	0.0517	0.0574
23	0.5823	0.0374	0.0514	0.0571
24	0.5701	0.0374	0.0516	0.0575
25	0.5579	0.0371	0.0513	0.0571
26	0.5448	0.0373	0.0515	0.0572
27	0.5315	0.0373	0.0518	0.0573
28	0.5186	0.0375	0.0520	0.0575
29	0.5052	0.0381	0.0525	0.0578
30	0.4918	0.0381	0.0524	0.0578
31	0.4788	0.0379	0.0522	0.0576
32	0.4656	0.0379	0.0521	0.0577
33	0.4530	0.0376	0.0520	0.0575
34	0.4404	0.0378	0.0521	0.0577
35	0.4287	0.0375	0.0519	0.0576
36	0.4166	0.0377	0.0520	0.0577
37	0.4062	0.0377	0.0522	0.0579
38	0.3957	0.0379	0.0523	0.0580
39	0.3845	0.0379	0.0525	0.0582
40	0.3734	0.0382	0.0526	0.0586
41	0.3642	0.0380	0.0525	0.0585
42	0.3546	0.0377	0.0522	0.0582
43	0.3464	0.0378	0.0523	0.0583
44	0.3371	0.0380	0.0523	0.0583
45	0.3288	0.0384	0.0528	0.0587
46	0.3201	0.0385	0.0527	0.0587
47	0.3127	0.0390	0.0527	0.0590
48	0.3054	0.0390	0.0531	0.0593
49	0.2986	0.0396	0.0536	0.0598
50	0.2929	0.0395	0.0535	0.0598
51	0.2836	0.0401	0.0544	0.0604
52	0.2785	0.0403	0.0545	0.0606
53	0.2733	0.0403	0.0544	0.0606
54	0.2669	0.0399	0.0540	0.0603
55	0.2606	0.0403	0.0545	0.0605
56	0.2548	0.0404	0.0546	0.0607
57	0.2495	0.0405	0.0549	0.0610
58	0.2443	0.0409	0.0553	0.0615
59	0.2391	0.0410	0.0557	0.0618
60	0.2336	0.0412	0.0559	0.0620
61	0.2299	0.0409	0.0557	0.0619
62	0.2261	0.0410	0.0557	0.0620
63	0.2211	0.0410	0.0557	0.0620
64	0.2156	0.0414	0.0564	0.0628
65	0.2124	0.0415	0.0564	0.0629
66	0.2066	0.0417	0.0566	0.0632
67	0.2044	0.0418	0.0568	0.0633
68	0.2001	0.0419	0.0566	0.0633
69	0.1980	0.0420	0.0567	0.0635
70	0.1930	0.0421	0.0570	0.0638
71	0.1895	0.0421	0.0569	0.0638
72	0.1854	0.0422	0.0570	0.0639
73	0.1830	0.0424	0.0572	0.0641
74	0.1782	0.0429	0.0573	0.0643
75	0.1769	0.0430	0.0572	0.0644
76	0.1739	0.0432	0.0575	0.0645
77	0.1709	0.0431	0.0574	0.0647
78	0.1670	0.0431	0.0573	0.0646
79	0.1646	0.0433	0.0575	0.0650
80	0.1619	0.0436	0.0579	0.0651
81	0.1575	0.0439	0.0582	0.0654
82	0.1553	0.0439	0.0584	0.0656
83	0.1543	0.0441	0.0585	0.0657
84	0.1515	0.0442	0.0586	0.0659
85	0.1485	0.0444	0.0591	0.0662
86	0.1458	0.0446	0.0590	0.0662
87	0.1420	0.0445	0.0589	0.0662
88	0.1414	0.0446	0.0591	0.0664
89	0.1393	0.0448	0.0591	0.0665
90	0.1362	0.0449	0.0594	0.0668
91	0.1348	0.0447	0.0592	0.0667
92	0.1321	0.0449	0.0593	0.0668
93	0.1311	0.0450	0.0593	0.0670
94	0.1278	0.0450	0.0595	0.0672
95	0.1248	0.0450	0.0596	0.0672
96	0.1222	0.0450	0.0594	0.0672
97	0.1206	0.0453	0.0595	0.0673
98	0.1195	0.0454	0.0596	0.0672
99	0.1176	0.0455	0.0596	0.0674
100	0.1149	0.0451	0.0593	0.0672
101	0.1130	0.0453	0.0595	0.0673
102	0.1110	0.0453	0.0594	0.0672
103	0.1121	0.0460	0.0600	0.0677
104	0.1100	0.0461	0.0601	0.0678
105	0.1084	0.0463	0.0603	0.0680
106	0.1063	0.0462	0.0604	0.0680
107	0.1049	0.0461	0.0602	0.0680
108	0.1019	0.0463	0.0604	0.0681
109	0.1003	0.0463	0.0603	0.0681
110	0.0989	0.0464	0.0604	0.0682
111	0.0976	0.0460	0.0602	0.0681
112	0.0951	0.0462	0.0605	0.0684
113	0.0957	0.0463	0.0607	0.0684
114	0.0937	0.0466	0.0609	0.0687
115	0.0916	0.0465	0.0609	0.0686
116	0.0906	0.0465	0.0608	0.0686
117	0.0908	0.0465	0.0607	0.0685
118	0.0881	0.0466	0.0608	0.0686
119	0.0875	0.0468	0.0610	0.0687
120	0.0850	0.0467	0.0609	0.0687
121	0.0850	0.0467	0.0610	0.0689
122	0.0836	0.0466	0.0610	0.0690
123	0.0827	0.0467	0.0611	0.0690
124	0.0815	0.0468	0.0609	0.0688
125	0.0802	0.0466	0.0608	0.0687
126	0.0798	0.0469	0.0610	0.0691
127	0.0769	0.0470	0.0612	0.0693
128	0.0772	0.0470	0.0613	0.0693
129	0.0768	0.0471	0.0613	0.0693
130	0.0742	0.0471	0.0612	0.0691
131	0.0744	0.0471	0.0611	0.0690
132	0.0741	0.0470	0.0609	0.0690
133	0.0723	0.0471	0.0612	0.0692
134	0.0709	0.0471	0.0611	0.0691
135	0.0698	0.0471	0.0613	0.0692
136	0.0685	0.0472	0.0614	0.0695
137	0.0685	0.0471	0.0612	0.0694
138	0.0668	0.0471	0.0612	0.0692
139	0.0673	0.0473	0.0617	0.0697
140	0.0651	0.0474	0.0617	0.0698
141	0.0646	0.0474	0.0616	0.0699
142	0.0638	0.0473	0.0615	0.0699
143	0.0634	0.0473	0.0616	0.0699
144	0.0627	0.0475	0.0617	0.0701
145	0.0621	0.0479	0.0623	0.0705
146	0.0608	0.0477	0.0620	0.0703
147	0.0603	0.0475	0.0619	0.0701
148	0.0601	0.0475	0.0618	0.0701
149	0.0592	0.0475	0.0619	0.0700
150	0.0587	0.0477	0.0619	0.0701
