{"n_layers": 0, "device": "cuda", "batch_size": 2048, "embedding_dim": 1024, "learning_rate": 0.001, "dataset": "dbbook", "epochs": 150, "top_k": 50, "multimodal": true, "datasets": {"dbbook": ["images", "text"], "ml1m": ["audio", "images", "text", "video"]}}
Epoch	Loss	Recall	Precision	NDCG
1	0.6927	0.0231	0.0029	0.0122
2	0.6793	0.0459	0.0058	0.0291
3	0.6651	0.0776	0.0101	0.0530
4	0.6461	0.1132	0.0150	0.0754
5	0.6193	0.1408	0.0190	0.0914
6	0.5827	0.1588	0.0217	0.1014
7	0.5358	0.1700	0.0232	0.1073
8	0.4812	0.1746	0.0241	0.1100
9	0.4233	0.1793	0.0248	0.1123
10	0.3685	0.1833	0.0252	0.1142
11	0.3182	0.1864	0.0257	0.1159
12	0.2754	0.1889	0.0261	0.1175
13	0.2389	0.1917	0.0265	0.1189
14	0.2094	0.1944	0.0268	0.1207
15	0.1833	0.1972	0.0271	0.1223
16	0.1621	0.1972	0.0271	0.1230
17	0.1432	0.1985	0.0274	0.1241
18	0.1279	0.1992	0.0275	0.1246
19	0.1158	0.2025	0.0278	0.1263
20	0.1035	0.2049	0.0280	0.1274
21	0.0941	0.2055	0.0281	0.1280
22	0.0859	0.2062	0.0282	0.1291
23	0.0782	0.2079	0.0285	0.1303
24	0.0718	0.2098	0.0287	0.1311
25	0.0660	0.2108	0.0288	0.1315
26	0.0606	0.2121	0.0289	0.1324
27	0.0557	0.2124	0.0290	0.1326
28	0.0514	0.2126	0.0290	0.1334
29	0.0485	0.2135	0.0292	0.1342
30	0.0450	0.2138	0.0292	0.1345
31	0.0422	0.2145	0.0292	0.1347
32	0.0403	0.2143	0.0292	0.1350
33	0.0373	0.2155	0.0294	0.1354
34	0.0351	0.2157	0.0293	0.1358
35	0.0332	0.2163	0.0293	0.1359
36	0.0313	0.2170	0.0294	0.1364
37	0.0306	0.2165	0.0294	0.1365
38	0.0287	0.2170	0.0294	0.1368
39	0.0277	0.2188	0.0296	0.1378
40	0.0260	0.2193	0.0296	0.1379
41	0.0249	0.2201	0.0297	0.1384
42	0.0238	0.2201	0.0297	0.1383
43	0.0237	0.2200	0.0297	0.1384
44	0.0226	0.2209	0.0298	0.1386
45	0.0215	0.2215	0.0299	0.1392
46	0.0207	0.2211	0.0298	0.1392
47	0.0198	0.2217	0.0299	0.1397
48	0.0190	0.2220	0.0299	0.1396
49	0.0187	0.2220	0.0299	0.1397
50	0.0189	0.2218	0.0299	0.1397
51	0.0174	0.2225	0.0299	0.1399
52	0.0172	0.2231	0.0300	0.1405
53	0.0173	0.2226	0.0300	0.1404
54	0.0159	0.2234	0.0301	0.1409
55	0.0155	0.2226	0.0300	0.1407
56	0.0153	0.2235	0.0301	0.1412
57	0.0149	0.2236	0.0301	0.1412
58	0.0145	0.2247	0.0302	0.1417
59	0.0143	0.2243	0.0302	0.1417
60	0.0136	0.2246	0.0302	0.1417
61	0.0138	0.2240	0.0302	0.1413
62	0.0134	0.2245	0.0302	0.1416
63	0.0131	0.2249	0.0303	0.1418
64	0.0124	0.2249	0.0303	0.1420
65	0.0129	0.2246	0.0302	0.1420
66	0.0129	0.2252	0.0303	0.1421
67	0.0122	0.2255	0.0303	0.1423
68	0.0117	0.2255	0.0303	0.1424
69	0.0122	0.2260	0.0303	0.1427
70	0.0116	0.2263	0.0304	0.1428
71	0.0113	0.2257	0.0303	0.1427
72	0.0113	0.2252	0.0302	0.1422
73	0.0116	0.2263	0.0303	0.1426
74	0.0107	0.2260	0.0303	0.1426
75	0.0110	0.2255	0.0303	0.1424
76	0.0106	0.2262	0.0303	0.1427
77	0.0106	0.2258	0.0303	0.1425
78	0.0101	0.2266	0.0304	0.1429
79	0.0105	0.2269	0.0304	0.1430
80	0.0101	0.2271	0.0304	0.1433
81	0.0102	0.2276	0.0304	0.1437
82	0.0101	0.2274	0.0304	0.1438
83	0.0099	0.2268	0.0303	0.1435
84	0.0096	0.2271	0.0303	0.1436
85	0.0096	0.2273	0.0304	0.1441
86	0.0095	0.2275	0.0304	0.1441
87	0.0094	0.2278	0.0304	0.1442
88	0.0093	0.2280	0.0304	0.1444
89	0.0087	0.2280	0.0304	0.1446
90	0.0091	0.2275	0.0304	0.1446
91	0.0089	0.2273	0.0304	0.1446
92	0.0093	0.2267	0.0303	0.1443
93	0.0087	0.2268	0.0303	0.1440
94	0.0088	0.2265	0.0303	0.1439
95	0.0091	0.2261	0.0303	0.1440
96	0.0091	0.2263	0.0303	0.1439
97	0.0087	0.2269	0.0303	0.1442
98	0.0083	0.2266	0.0303	0.1441
99	0.0089	0.2277	0.0304	0.1448
100	0.0087	0.2275	0.0304	0.1448
101	0.0087	0.2274	0.0304	0.1446
102	0.0085	0.2277	0.0304	0.1445
103	0.0086	0.2276	0.0303	0.1444
104	0.0084	0.2276	0.0303	0.1444
105	0.0083	0.2274	0.0303	0.1442
106	0.0086	0.2275	0.0303	0.1441
107	0.0078	0.2283	0.0304	0.1442
108	0.0078	0.2282	0.0304	0.1442
109	0.0084	0.2282	0.0304	0.1445
110	0.0081	0.2276	0.0304	0.1445
111	0.0086	0.2274	0.0304	0.1447
112	0.0085	0.2274	0.0304	0.1447
113	0.0082	0.2269	0.0303	0.1444
114	0.0083	0.2271	0.0304	0.1440
115	0.0076	0.2277	0.0304	0.1441
116	0.0080	0.2271	0.0304	0.1440
117	0.0075	0.2272	0.0304	0.1442
118	0.0078	0.2272	0.0303	0.1443
119	0.0077	0.2278	0.0304	0.1444
120	0.0076	0.2281	0.0304	0.1444
121	0.0077	0.2281	0.0304	0.1443
122	0.0076	0.2281	0.0304	0.1443
123	0.0082	0.2294	0.0306	0.1446
124	0.0079	0.2288	0.0305	0.1447
125	0.0080	0.2291	0.0305	0.1448
126	0.0075	0.2294	0.0305	0.1449
127	0.0079	0.2294	0.0305	0.1447
128	0.0078	0.2294	0.0305	0.1448
129	0.0076	0.2288	0.0305	0.1447
130	0.0074	0.2290	0.0305	0.1447
131	0.0077	0.2287	0.0304	0.1446
132	0.0074	0.2281	0.0303	0.1445
133	0.0075	0.2279	0.0303	0.1444
134	0.0072	0.2280	0.0303	0.1446
135	0.0071	0.2281	0.0304	0.1450
136	0.0079	0.2287	0.0304	0.1451
137	0.0074	0.2284	0.0304	0.1449
138	0.0074	0.2280	0.0304	0.1448
139	0.0078	0.2285	0.0304	0.1450
140	0.0071	0.2283	0.0304	0.1451
141	0.0068	0.2287	0.0304	0.1452
142	0.0070	0.2278	0.0303	0.1450
143	0.0079	0.2283	0.0303	0.1453
144	0.0074	0.2281	0.0303	0.1453
145	0.0080	0.2281	0.0303	0.1454
146	0.0072	0.2283	0.0304	0.1457
147	0.0074	0.2281	0.0303	0.1454
148	0.0072	0.2282	0.0303	0.1452
149	0.0076	0.2285	0.0303	0.1454
150	0.0074	0.2284	0.0304	0.1454
