{"n_layers": 1, "device": "cuda", "batch_size": 2048, "embedding_dim": 128, "learning_rate": 0.001, "dataset": "dbbook", "epochs": 150, "top_k": 10, "multimodal": false, "datasets": {"dbbook": ["images", "text"], "ml1m": ["audio", "images", "text", "video"]}}
Epoch	Loss	Recall	Precision	NDCG
1	0.6920	0.0191	0.0142	0.0191
2	0.6887	0.0361	0.0258	0.0323
3	0.6794	0.0404	0.0279	0.0348
4	0.6579	0.0403	0.0282	0.0346
5	0.6197	0.0389	0.0272	0.0338
6	0.5674	0.0380	0.0266	0.0332
7	0.5086	0.0368	0.0260	0.0325
8	0.4537	0.0361	0.0255	0.0323
9	0.4074	0.0363	0.0258	0.0323
10	0.3689	0.0362	0.0258	0.0324
11	0.3387	0.0370	0.0264	0.0331
12	0.3119	0.0380	0.0268	0.0338
13	0.2890	0.0387	0.0274	0.0344
14	0.2725	0.0397	0.0280	0.0352
15	0.2552	0.0406	0.0287	0.0360
16	0.2409	0.0414	0.0292	0.0369
17	0.2269	0.0429	0.0300	0.0379
18	0.2127	0.0439	0.0306	0.0387
19	0.2038	0.0445	0.0310	0.0395
20	0.1923	0.0453	0.0315	0.0402
21	0.1819	0.0462	0.0320	0.0411
22	0.1740	0.0471	0.0325	0.0419
23	0.1628	0.0480	0.0331	0.0429
24	0.1593	0.0487	0.0334	0.0439
25	0.1484	0.0494	0.0339	0.0447
26	0.1441	0.0505	0.0346	0.0457
27	0.1354	0.0514	0.0351	0.0464
28	0.1307	0.0519	0.0354	0.0470
29	0.1247	0.0532	0.0361	0.0481
30	0.1191	0.0542	0.0368	0.0490
31	0.1152	0.0552	0.0370	0.0498
32	0.1071	0.0559	0.0375	0.0504
33	0.1051	0.0564	0.0378	0.0507
34	0.1001	0.0563	0.0377	0.0509
35	0.0978	0.0571	0.0382	0.0517
36	0.0925	0.0578	0.0388	0.0524
37	0.0910	0.0588	0.0395	0.0534
38	0.0854	0.0591	0.0396	0.0537
39	0.0837	0.0596	0.0400	0.0543
40	0.0786	0.0605	0.0405	0.0550
41	0.0780	0.0610	0.0409	0.0555
42	0.0749	0.0616	0.0411	0.0560
43	0.0708	0.0617	0.0412	0.0561
44	0.0690	0.0626	0.0416	0.0568
45	0.0684	0.0625	0.0416	0.0569
46	0.0654	0.0631	0.0419	0.0572
47	0.0650	0.0629	0.0420	0.0573
48	0.0594	0.0638	0.0424	0.0580
49	0.0609	0.0638	0.0425	0.0582
50	0.0580	0.0633	0.0423	0.0582
51	0.0561	0.0635	0.0424	0.0585
52	0.0552	0.0637	0.0426	0.0589
53	0.0529	0.0636	0.0424	0.0587
54	0.0503	0.0638	0.0426	0.0590
55	0.0497	0.0647	0.0430	0.0595
56	0.0482	0.0649	0.0431	0.0597
57	0.0497	0.0651	0.0432	0.0601
58	0.0474	0.0658	0.0435	0.0605
59	0.0461	0.0662	0.0438	0.0608
60	0.0428	0.0658	0.0437	0.0609
61	0.0437	0.0659	0.0437	0.0610
62	0.0433	0.0661	0.0437	0.0611
63	0.0411	0.0663	0.0439	0.0615
64	0.0386	0.0668	0.0441	0.0616
65	0.0388	0.0674	0.0445	0.0621
66	0.0386	0.0674	0.0446	0.0624
67	0.0371	0.0676	0.0448	0.0626
68	0.0375	0.0680	0.0451	0.0630
69	0.0362	0.0679	0.0449	0.0629
70	0.0334	0.0685	0.0451	0.0632
71	0.0345	0.0688	0.0452	0.0635
72	0.0339	0.0689	0.0453	0.0638
73	0.0336	0.0694	0.0456	0.0643
74	0.0321	0.0695	0.0454	0.0643
75	0.0314	0.0701	0.0456	0.0647
76	0.0329	0.0704	0.0458	0.0651
77	0.0318	0.0705	0.0460	0.0654
78	0.0312	0.0706	0.0461	0.0657
79	0.0293	0.0709	0.0462	0.0659
80	0.0289	0.0712	0.0464	0.0661
81	0.0293	0.0703	0.0460	0.0656
82	0.0281	0.0707	0.0464	0.0660
83	0.0268	0.0712	0.0464	0.0662
84	0.0264	0.0714	0.0466	0.0665
85	0.0263	0.0715	0.0466	0.0667
86	0.0256	0.0716	0.0467	0.0668
87	0.0246	0.0712	0.0465	0.0665
88	0.0258	0.0710	0.0464	0.0665
89	0.0256	0.0713	0.0464	0.0667
90	0.0234	0.0715	0.0466	0.0669
91	0.0243	0.0716	0.0468	0.0671
92	0.0238	0.0717	0.0468	0.0672
93	0.0244	0.0716	0.0467	0.0672
94	0.0232	0.0716	0.0467	0.0673
95	0.0235	0.0717	0.0468	0.0675
96	0.0220	0.0718	0.0468	0.0677
97	0.0213	0.0718	0.0467	0.0677
98	0.0229	0.0719	0.0467	0.0677
99	0.0214	0.0721	0.0467	0.0679
100	0.0203	0.0721	0.0467	0.0679
101	0.0205	0.0723	0.0468	0.0680
102	0.0192	0.0721	0.0466	0.0679
103	0.0195	0.0719	0.0465	0.0679
104	0.0195	0.0721	0.0467	0.0680
105	0.0194	0.0724	0.0468	0.0681
106	0.0194	0.0725	0.0469	0.0684
107	0.0213	0.0727	0.0470	0.0686
108	0.0187	0.0726	0.0469	0.0688
109	0.0189	0.0729	0.0470	0.0690
110	0.0187	0.0727	0.0469	0.0686
111	0.0183	0.0727	0.0469	0.0686
112	0.0185	0.0727	0.0468	0.0687
113	0.0183	0.0722	0.0467	0.0684
114	0.0179	0.0729	0.0470	0.0687
115	0.0176	0.0727	0.0469	0.0686
116	0.0166	0.0725	0.0468	0.0683
117	0.0166	0.0726	0.0468	0.0686
118	0.0171	0.0727	0.0470	0.0686
119	0.0154	0.0731	0.0471	0.0688
120	0.0167	0.0736	0.0473	0.0690
121	0.0158	0.0736	0.0474	0.0691
122	0.0162	0.0735	0.0475	0.0693
123	0.0158	0.0733	0.0474	0.0694
124	0.0159	0.0734	0.0474	0.0694
125	0.0154	0.0731	0.0473	0.0694
126	0.0154	0.0735	0.0474	0.0696
127	0.0155	0.0738	0.0474	0.0698
128	0.0155	0.0737	0.0472	0.0695
129	0.0156	0.0737	0.0472	0.0697
130	0.0150	0.0740	0.0474	0.0701
131	0.0145	0.0744	0.0476	0.0702
132	0.0147	0.0744	0.0476	0.0701
133	0.0133	0.0746	0.0477	0.0702
134	0.0139	0.0744	0.0477	0.0702
135	0.0145	0.0742	0.0476	0.0702
136	0.0147	0.0739	0.0475	0.0700
137	0.0144	0.0741	0.0476	0.0700
138	0.0143	0.0745	0.0478	0.0700
139	0.0134	0.0748	0.0479	0.0703
140	0.0139	0.0747	0.0478	0.0703
141	0.0133	0.0749	0.0480	0.0705
142	0.0129	0.0748	0.0478	0.0705
143	0.0130	0.0750	0.0477	0.0705
144	0.0130	0.0754	0.0479	0.0708
145	0.0131	0.0754	0.0480	0.0709
146	0.0130	0.0754	0.0479	0.0709
147	0.0125	0.0756	0.0479	0.0710
148	0.0132	0.0756	0.0478	0.0708
149	0.0127	0.0757	0.0480	0.0710
150	0.0123	0.0758	0.0480	0.0710
