{"n_layers": 2, "device": "cuda", "batch_size": 2048, "embedding_dim": 64, "learning_rate": 0.0005, "dataset": "dbbook", "epochs": 150, "top_k": 5, "multimodal": true, "datasets": {"dbbook": ["images", "text"], "ml1m": ["audio", "images", "text", "video"]}}
Epoch	Loss	Recall	Precision	NDCG
1	0.6929	0.0023	0.0032	0.0033
2	0.6923	0.0111	0.0148	0.0167
3	0.6915	0.0213	0.0293	0.0325
4	0.6903	0.0262	0.0367	0.0393
5	0.6886	0.0278	0.0391	0.0410
6	0.6861	0.0273	0.0378	0.0387
7	0.6826	0.0244	0.0339	0.0345
8	0.6779	0.0221	0.0305	0.0309
9	0.6715	0.0196	0.0276	0.0275
10	0.6633	0.0186	0.0263	0.0258
11	0.6532	0.0175	0.0248	0.0244
12	0.6415	0.0164	0.0241	0.0235
13	0.6279	0.0162	0.0237	0.0230
14	0.6131	0.0157	0.0229	0.0224
15	0.5971	0.0154	0.0230	0.0223
16	0.5811	0.0154	0.0229	0.0222
17	0.5633	0.0151	0.0226	0.0221
18	0.5475	0.0154	0.0230	0.0223
19	0.5308	0.0155	0.0231	0.0224
20	0.5151	0.0154	0.0233	0.0224
21	0.4997	0.0155	0.0233	0.0224
22	0.4849	0.0157	0.0234	0.0225
23	0.4712	0.0159	0.0238	0.0227
24	0.4585	0.0160	0.0240	0.0229
25	0.4462	0.0162	0.0243	0.0231
26	0.4354	0.0161	0.0242	0.0231
27	0.4263	0.0161	0.0241	0.0230
28	0.4152	0.0164	0.0244	0.0233
29	0.4073	0.0162	0.0241	0.0231
30	0.3994	0.0164	0.0245	0.0233
31	0.3903	0.0165	0.0248	0.0235
32	0.3834	0.0165	0.0246	0.0234
33	0.3777	0.0165	0.0245	0.0233
34	0.3711	0.0165	0.0245	0.0233
35	0.3621	0.0166	0.0246	0.0234
36	0.3560	0.0167	0.0247	0.0235
37	0.3527	0.0166	0.0246	0.0235
38	0.3472	0.0167	0.0248	0.0235
39	0.3410	0.0167	0.0250	0.0236
40	0.3363	0.0170	0.0254	0.0240
41	0.3334	0.0170	0.0258	0.0242
42	0.3294	0.0170	0.0259	0.0243
43	0.3254	0.0172	0.0260	0.0244
44	0.3209	0.0173	0.0262	0.0246
45	0.3165	0.0174	0.0263	0.0247
46	0.3150	0.0174	0.0263	0.0247
47	0.3124	0.0174	0.0263	0.0247
48	0.3086	0.0177	0.0267	0.0251
49	0.3058	0.0177	0.0266	0.0250
50	0.2992	0.0179	0.0267	0.0252
51	0.2967	0.0180	0.0269	0.0254
52	0.2931	0.0182	0.0271	0.0255
53	0.2926	0.0184	0.0272	0.0257
54	0.2929	0.0186	0.0275	0.0259
55	0.2846	0.0187	0.0276	0.0260
56	0.2816	0.0189	0.0279	0.0263
57	0.2806	0.0190	0.0282	0.0265
58	0.2774	0.0192	0.0284	0.0267
59	0.2752	0.0194	0.0287	0.0270
60	0.2726	0.0195	0.0289	0.0272
61	0.2670	0.0197	0.0291	0.0273
62	0.2683	0.0197	0.0292	0.0274
63	0.2658	0.0199	0.0295	0.0276
64	0.2589	0.0200	0.0294	0.0277
65	0.2623	0.0202	0.0298	0.0279
66	0.2571	0.0205	0.0302	0.0283
67	0.2540	0.0206	0.0305	0.0285
68	0.2545	0.0207	0.0306	0.0287
69	0.2494	0.0207	0.0306	0.0288
70	0.2514	0.0211	0.0311	0.0291
71	0.2480	0.0213	0.0314	0.0294
72	0.2469	0.0217	0.0318	0.0297
73	0.2418	0.0220	0.0321	0.0300
74	0.2439	0.0223	0.0324	0.0302
75	0.2363	0.0224	0.0325	0.0305
76	0.2369	0.0225	0.0328	0.0307
77	0.2349	0.0227	0.0328	0.0308
78	0.2331	0.0229	0.0330	0.0311
79	0.2290	0.0231	0.0332	0.0313
80	0.2291	0.0232	0.0334	0.0314
81	0.2263	0.0235	0.0337	0.0317
82	0.2242	0.0236	0.0338	0.0318
83	0.2240	0.0237	0.0339	0.0319
84	0.2199	0.0238	0.0341	0.0321
85	0.2214	0.0237	0.0338	0.0320
86	0.2170	0.0237	0.0339	0.0322
87	0.2173	0.0237	0.0339	0.0323
88	0.2136	0.0238	0.0339	0.0324
89	0.2119	0.0241	0.0343	0.0327
90	0.2096	0.0243	0.0344	0.0330
91	0.2093	0.0243	0.0344	0.0330
92	0.2079	0.0244	0.0346	0.0333
93	0.2071	0.0245	0.0348	0.0334
94	0.2056	0.0245	0.0347	0.0335
95	0.2029	0.0245	0.0348	0.0336
96	0.2011	0.0244	0.0346	0.0335
97	0.1999	0.0246	0.0349	0.0337
98	0.1972	0.0247	0.0350	0.0340
99	0.1961	0.0249	0.0353	0.0343
100	0.1966	0.0250	0.0355	0.0345
101	0.1926	0.0250	0.0353	0.0344
102	0.1898	0.0250	0.0354	0.0345
103	0.1909	0.0250	0.0356	0.0347
104	0.1904	0.0253	0.0359	0.0350
105	0.1897	0.0254	0.0358	0.0351
106	0.1855	0.0258	0.0362	0.0354
107	0.1835	0.0258	0.0362	0.0355
108	0.1848	0.0256	0.0361	0.0354
109	0.1846	0.0257	0.0364	0.0356
110	0.1786	0.0257	0.0363	0.0357
111	0.1825	0.0255	0.0362	0.0358
112	0.1784	0.0256	0.0362	0.0360
113	0.1787	0.0256	0.0362	0.0362
114	0.1766	0.0256	0.0363	0.0364
115	0.1746	0.0258	0.0364	0.0366
116	0.1737	0.0258	0.0366	0.0366
117	0.1731	0.0258	0.0366	0.0366
118	0.1705	0.0259	0.0368	0.0367
119	0.1710	0.0263	0.0371	0.0370
120	0.1664	0.0261	0.0371	0.0371
121	0.1692	0.0265	0.0376	0.0375
122	0.1701	0.0264	0.0374	0.0376
123	0.1692	0.0264	0.0375	0.0377
124	0.1649	0.0264	0.0374	0.0378
125	0.1619	0.0264	0.0377	0.0380
126	0.1588	0.0265	0.0379	0.0382
127	0.1580	0.0268	0.0382	0.0384
128	0.1591	0.0270	0.0384	0.0387
129	0.1577	0.0271	0.0386	0.0389
130	0.1573	0.0271	0.0386	0.0391
131	0.1584	0.0272	0.0387	0.0393
132	0.1557	0.0272	0.0387	0.0395
133	0.1535	0.0272	0.0388	0.0395
134	0.1539	0.0272	0.0388	0.0396
135	0.1538	0.0272	0.0390	0.0398
136	0.1514	0.0274	0.0392	0.0400
137	0.1506	0.0275	0.0394	0.0402
138	0.1491	0.0277	0.0395	0.0403
139	0.1494	0.0280	0.0399	0.0405
140	0.1499	0.0280	0.0399	0.0406
141	0.1501	0.0279	0.0397	0.0406
142	0.1479	0.0279	0.0395	0.0404
143	0.1468	0.0280	0.0396	0.0405
144	0.1428	0.0279	0.0396	0.0405
145	0.1442	0.0281	0.0399	0.0408
146	0.1423	0.0281	0.0398	0.0407
147	0.1398	0.0282	0.0399	0.0407
148	0.1407	0.0283	0.0400	0.0406
149	0.1392	0.0285	0.0403	0.0409
150	0.1392	0.0284	0.0401	0.0408
