{"n_layers": 0, "device": "cuda", "batch_size": 2048, "embedding_dim": 1024, "learning_rate": 0.001, "dataset": "dbbook", "epochs": 150, "top_k": 10, "multimodal": false, "datasets": {"dbbook": ["images", "text"], "ml1m": ["audio", "images", "text", "video"]}}
Epoch	Loss	Recall	Precision	NDCG
1	0.6932	0.0025	0.0016	0.0022
2	0.6777	0.0059	0.0040	0.0056
3	0.6598	0.0245	0.0165	0.0246
4	0.6318	0.0467	0.0312	0.0463
5	0.5885	0.0587	0.0395	0.0577
6	0.5267	0.0650	0.0435	0.0630
7	0.4512	0.0689	0.0460	0.0666
8	0.3717	0.0703	0.0469	0.0684
9	0.3004	0.0724	0.0483	0.0706
10	0.2423	0.0738	0.0490	0.0722
11	0.1961	0.0760	0.0502	0.0741
12	0.1606	0.0767	0.0508	0.0755
13	0.1326	0.0786	0.0517	0.0770
14	0.1106	0.0798	0.0524	0.0784
15	0.0941	0.0807	0.0531	0.0796
16	0.0804	0.0818	0.0536	0.0807
17	0.0698	0.0829	0.0540	0.0816
18	0.0605	0.0832	0.0539	0.0819
19	0.0537	0.0840	0.0543	0.0827
20	0.0470	0.0846	0.0549	0.0835
21	0.0425	0.0856	0.0554	0.0845
22	0.0379	0.0851	0.0553	0.0844
23	0.0345	0.0855	0.0557	0.0849
24	0.0314	0.0862	0.0561	0.0856
25	0.0289	0.0875	0.0567	0.0868
26	0.0264	0.0878	0.0569	0.0872
27	0.0247	0.0882	0.0569	0.0874
28	0.0229	0.0881	0.0570	0.0875
29	0.0208	0.0877	0.0570	0.0873
30	0.0200	0.0879	0.0571	0.0875
31	0.0184	0.0885	0.0574	0.0881
32	0.0177	0.0886	0.0576	0.0883
33	0.0168	0.0880	0.0573	0.0880
34	0.0156	0.0882	0.0573	0.0881
35	0.0154	0.0887	0.0573	0.0883
36	0.0141	0.0887	0.0572	0.0883
37	0.0137	0.0888	0.0571	0.0883
38	0.0132	0.0893	0.0573	0.0884
39	0.0125	0.0896	0.0575	0.0889
40	0.0122	0.0898	0.0576	0.0891
41	0.0112	0.0899	0.0577	0.0893
42	0.0113	0.0898	0.0577	0.0891
43	0.0106	0.0901	0.0577	0.0894
44	0.0105	0.0902	0.0580	0.0894
45	0.0104	0.0900	0.0578	0.0891
46	0.0102	0.0906	0.0577	0.0896
47	0.0098	0.0898	0.0572	0.0891
48	0.0093	0.0902	0.0575	0.0894
49	0.0088	0.0900	0.0575	0.0896
50	0.0088	0.0903	0.0576	0.0898
51	0.0090	0.0898	0.0574	0.0896
52	0.0083	0.0890	0.0570	0.0894
53	0.0084	0.0903	0.0576	0.0897
54	0.0082	0.0907	0.0579	0.0899
55	0.0081	0.0905	0.0578	0.0899
56	0.0079	0.0901	0.0576	0.0895
57	0.0073	0.0901	0.0577	0.0901
58	0.0070	0.0901	0.0577	0.0902
59	0.0072	0.0899	0.0574	0.0900
60	0.0073	0.0896	0.0573	0.0898
61	0.0070	0.0897	0.0572	0.0900
62	0.0075	0.0898	0.0573	0.0902
63	0.0069	0.0901	0.0574	0.0906
64	0.0068	0.0903	0.0576	0.0908
65	0.0070	0.0905	0.0577	0.0906
66	0.0070	0.0903	0.0574	0.0904
67	0.0066	0.0900	0.0574	0.0902
68	0.0066	0.0905	0.0574	0.0900
69	0.0065	0.0905	0.0574	0.0897
70	0.0065	0.0903	0.0571	0.0896
71	0.0059	0.0903	0.0570	0.0896
72	0.0062	0.0908	0.0573	0.0903
73	0.0063	0.0911	0.0572	0.0903
74	0.0062	0.0902	0.0570	0.0899
75	0.0059	0.0901	0.0570	0.0894
76	0.0059	0.0905	0.0571	0.0896
77	0.0059	0.0902	0.0570	0.0895
78	0.0058	0.0897	0.0569	0.0894
79	0.0058	0.0896	0.0570	0.0894
80	0.0058	0.0905	0.0574	0.0898
81	0.0058	0.0907	0.0573	0.0898
82	0.0056	0.0907	0.0574	0.0898
83	0.0057	0.0907	0.0574	0.0899
84	0.0056	0.0904	0.0573	0.0899
85	0.0054	0.0897	0.0569	0.0895
86	0.0056	0.0894	0.0567	0.0893
87	0.0056	0.0897	0.0570	0.0894
88	0.0059	0.0897	0.0569	0.0892
89	0.0055	0.0890	0.0564	0.0886
90	0.0057	0.0894	0.0567	0.0888
91	0.0057	0.0901	0.0571	0.0891
92	0.0053	0.0894	0.0567	0.0885
93	0.0059	0.0895	0.0566	0.0883
94	0.0054	0.0895	0.0568	0.0884
95	0.0054	0.0888	0.0566	0.0882
96	0.0052	0.0886	0.0565	0.0883
97	0.0055	0.0890	0.0567	0.0886
98	0.0051	0.0894	0.0570	0.0888
99	0.0055	0.0897	0.0573	0.0893
100	0.0054	0.0896	0.0572	0.0893
101	0.0056	0.0892	0.0568	0.0890
102	0.0053	0.0886	0.0566	0.0888
103	0.0051	0.0892	0.0568	0.0889
104	0.0051	0.0891	0.0568	0.0888
105	0.0054	0.0887	0.0565	0.0884
106	0.0054	0.0885	0.0564	0.0882
107	0.0051	0.0889	0.0567	0.0885
108	0.0053	0.0891	0.0567	0.0886
109	0.0058	0.0891	0.0568	0.0888
110	0.0052	0.0894	0.0572	0.0892
111	0.0052	0.0891	0.0569	0.0893
112	0.0052	0.0887	0.0565	0.0889
113	0.0052	0.0886	0.0565	0.0888
114	0.0049	0.0887	0.0566	0.0889
115	0.0052	0.0892	0.0571	0.0893
116	0.0052	0.0895	0.0573	0.0894
117	0.0052	0.0896	0.0574	0.0895
118	0.0056	0.0891	0.0570	0.0892
119	0.0049	0.0900	0.0574	0.0898
120	0.0050	0.0901	0.0574	0.0898
121	0.0057	0.0900	0.0572	0.0899
122	0.0049	0.0901	0.0573	0.0900
123	0.0052	0.0900	0.0574	0.0899
124	0.0052	0.0894	0.0571	0.0897
125	0.0051	0.0898	0.0572	0.0898
126	0.0049	0.0897	0.0573	0.0898
127	0.0050	0.0897	0.0573	0.0898
128	0.0047	0.0894	0.0572	0.0894
129	0.0047	0.0898	0.0572	0.0894
130	0.0051	0.0895	0.0570	0.0894
131	0.0053	0.0899	0.0573	0.0896
132	0.0049	0.0893	0.0569	0.0896
133	0.0051	0.0895	0.0571	0.0898
134	0.0047	0.0894	0.0571	0.0898
135	0.0050	0.0898	0.0574	0.0901
136	0.0050	0.0900	0.0575	0.0901
137	0.0056	0.0904	0.0577	0.0906
138	0.0050	0.0909	0.0581	0.0910
139	0.0047	0.0905	0.0577	0.0908
140	0.0049	0.0906	0.0578	0.0909
141	0.0049	0.0906	0.0580	0.0908
142	0.0046	0.0906	0.0578	0.0906
143	0.0051	0.0903	0.0576	0.0902
144	0.0054	0.0896	0.0573	0.0893
145	0.0055	0.0904	0.0577	0.0898
146	0.0054	0.0912	0.0581	0.0904
147	0.0057	0.0911	0.0583	0.0907
148	0.0052	0.0905	0.0581	0.0903
149	0.0046	0.0901	0.0579	0.0899
150	0.0053	0.0900	0.0577	0.0898
