{"n_layers": 2, "device": "cuda", "batch_size": 2048, "embedding_dim": 256, "learning_rate": 0.0005, "dataset": "dbbook", "epochs": 150, "top_k": 5, "multimodal": true, "datasets": {"dbbook": ["images", "text"], "ml1m": ["audio", "images", "text", "video"]}}
Epoch	Loss	Recall	Precision	NDCG
1	0.6922	0.0090	0.0115	0.0137
2	0.6900	0.0214	0.0279	0.0337
3	0.6873	0.0308	0.0411	0.0485
4	0.6835	0.0332	0.0446	0.0509
5	0.6782	0.0336	0.0460	0.0498
6	0.6705	0.0327	0.0451	0.0471
7	0.6598	0.0311	0.0426	0.0432
8	0.6453	0.0289	0.0394	0.0388
9	0.6268	0.0267	0.0366	0.0356
10	0.6043	0.0247	0.0344	0.0331
11	0.5790	0.0234	0.0328	0.0311
12	0.5515	0.0224	0.0315	0.0299
13	0.5235	0.0220	0.0311	0.0292
14	0.4956	0.0218	0.0309	0.0289
15	0.4691	0.0216	0.0305	0.0286
16	0.4452	0.0219	0.0308	0.0289
17	0.4233	0.0216	0.0304	0.0285
18	0.4042	0.0217	0.0303	0.0286
19	0.3849	0.0214	0.0305	0.0285
20	0.3677	0.0214	0.0301	0.0283
21	0.3524	0.0207	0.0296	0.0280
22	0.3388	0.0214	0.0301	0.0286
23	0.3272	0.0220	0.0309	0.0293
24	0.3170	0.0220	0.0309	0.0292
25	0.3055	0.0220	0.0309	0.0291
26	0.2964	0.0222	0.0314	0.0295
27	0.2916	0.0223	0.0317	0.0299
28	0.2814	0.0230	0.0323	0.0304
29	0.2722	0.0230	0.0324	0.0305
30	0.2648	0.0229	0.0324	0.0305
31	0.2594	0.0233	0.0327	0.0308
32	0.2508	0.0235	0.0331	0.0311
33	0.2447	0.0237	0.0334	0.0314
34	0.2424	0.0240	0.0338	0.0318
35	0.2368	0.0242	0.0340	0.0321
36	0.2318	0.0242	0.0343	0.0325
37	0.2268	0.0244	0.0347	0.0329
38	0.2176	0.0242	0.0348	0.0331
39	0.2142	0.0250	0.0354	0.0338
40	0.2100	0.0251	0.0356	0.0341
41	0.2075	0.0256	0.0362	0.0347
42	0.2016	0.0258	0.0364	0.0349
43	0.1990	0.0261	0.0368	0.0354
44	0.1948	0.0261	0.0369	0.0358
45	0.1906	0.0261	0.0369	0.0359
46	0.1869	0.0266	0.0374	0.0364
47	0.1811	0.0269	0.0378	0.0371
48	0.1815	0.0270	0.0379	0.0375
49	0.1778	0.0268	0.0375	0.0373
50	0.1713	0.0268	0.0374	0.0374
51	0.1670	0.0271	0.0380	0.0379
52	0.1662	0.0272	0.0383	0.0381
53	0.1611	0.0272	0.0383	0.0383
54	0.1581	0.0276	0.0387	0.0387
55	0.1578	0.0276	0.0389	0.0388
56	0.1554	0.0278	0.0392	0.0392
57	0.1506	0.0284	0.0398	0.0398
58	0.1501	0.0286	0.0400	0.0401
59	0.1491	0.0288	0.0404	0.0404
60	0.1431	0.0290	0.0407	0.0408
61	0.1411	0.0288	0.0405	0.0407
62	0.1400	0.0290	0.0403	0.0407
63	0.1388	0.0296	0.0411	0.0414
64	0.1344	0.0295	0.0411	0.0414
65	0.1334	0.0295	0.0410	0.0416
66	0.1308	0.0296	0.0411	0.0416
67	0.1267	0.0297	0.0412	0.0418
68	0.1263	0.0298	0.0414	0.0420
69	0.1262	0.0301	0.0418	0.0425
70	0.1245	0.0303	0.0422	0.0429
71	0.1221	0.0307	0.0423	0.0433
72	0.1179	0.0311	0.0428	0.0437
73	0.1178	0.0314	0.0431	0.0441
74	0.1184	0.0315	0.0434	0.0444
75	0.1141	0.0320	0.0439	0.0449
76	0.1110	0.0320	0.0441	0.0451
77	0.1093	0.0322	0.0442	0.0453
78	0.1071	0.0325	0.0447	0.0458
79	0.1072	0.0326	0.0447	0.0458
80	0.1056	0.0329	0.0449	0.0460
81	0.1046	0.0332	0.0453	0.0465
82	0.1036	0.0334	0.0457	0.0469
83	0.0997	0.0334	0.0457	0.0470
84	0.1005	0.0334	0.0457	0.0472
85	0.0994	0.0335	0.0457	0.0473
86	0.0966	0.0335	0.0457	0.0476
87	0.0947	0.0337	0.0458	0.0477
88	0.0939	0.0339	0.0460	0.0479
89	0.0928	0.0341	0.0462	0.0480
90	0.0913	0.0344	0.0466	0.0485
91	0.0929	0.0348	0.0472	0.0492
92	0.0896	0.0350	0.0474	0.0495
93	0.0888	0.0351	0.0477	0.0498
94	0.0890	0.0353	0.0479	0.0501
95	0.0836	0.0355	0.0482	0.0504
96	0.0841	0.0357	0.0483	0.0506
97	0.0825	0.0358	0.0485	0.0508
98	0.0821	0.0359	0.0487	0.0509
99	0.0805	0.0361	0.0488	0.0510
100	0.0831	0.0366	0.0491	0.0513
101	0.0804	0.0371	0.0496	0.0519
102	0.0786	0.0373	0.0498	0.0521
103	0.0777	0.0375	0.0499	0.0522
104	0.0775	0.0378	0.0502	0.0526
105	0.0776	0.0379	0.0504	0.0529
106	0.0763	0.0382	0.0508	0.0533
107	0.0769	0.0384	0.0511	0.0536
108	0.0740	0.0386	0.0513	0.0539
109	0.0730	0.0384	0.0510	0.0537
110	0.0726	0.0384	0.0512	0.0541
111	0.0721	0.0382	0.0509	0.0539
112	0.0713	0.0382	0.0506	0.0540
113	0.0681	0.0383	0.0506	0.0540
114	0.0707	0.0384	0.0508	0.0542
115	0.0668	0.0385	0.0508	0.0542
116	0.0681	0.0386	0.0509	0.0545
117	0.0631	0.0389	0.0513	0.0549
118	0.0662	0.0392	0.0514	0.0551
119	0.0659	0.0392	0.0514	0.0551
120	0.0651	0.0395	0.0518	0.0555
121	0.0637	0.0398	0.0520	0.0558
122	0.0647	0.0399	0.0523	0.0559
123	0.0621	0.0399	0.0525	0.0562
124	0.0603	0.0398	0.0523	0.0561
125	0.0626	0.0396	0.0521	0.0558
126	0.0603	0.0400	0.0526	0.0562
127	0.0606	0.0403	0.0528	0.0566
128	0.0579	0.0404	0.0529	0.0567
129	0.0601	0.0403	0.0528	0.0568
130	0.0572	0.0404	0.0529	0.0570
131	0.0581	0.0404	0.0528	0.0569
132	0.0573	0.0403	0.0527	0.0568
133	0.0565	0.0404	0.0530	0.0571
134	0.0575	0.0404	0.0530	0.0572
135	0.0572	0.0405	0.0532	0.0576
136	0.0546	0.0405	0.0534	0.0578
137	0.0552	0.0408	0.0537	0.0581
138	0.0556	0.0407	0.0535	0.0580
139	0.0538	0.0410	0.0538	0.0582
140	0.0520	0.0409	0.0538	0.0583
141	0.0524	0.0409	0.0539	0.0584
142	0.0528	0.0408	0.0538	0.0584
143	0.0530	0.0406	0.0536	0.0583
144	0.0518	0.0409	0.0540	0.0588
145	0.0502	0.0411	0.0541	0.0589
146	0.0509	0.0409	0.0540	0.0590
147	0.0492	0.0411	0.0543	0.0592
148	0.0500	0.0413	0.0545	0.0595
149	0.0500	0.0416	0.0547	0.0597
150	0.0476	0.0416	0.0547	0.0598
