{"n_layers": 1, "device": "cuda", "batch_size": 2048, "embedding_dim": 128, "learning_rate": 0.001, "dataset": "dbbook", "epochs": 150, "top_k": 5, "multimodal": false, "datasets": {"dbbook": ["images", "text"], "ml1m": ["audio", "images", "text", "video"]}}
Epoch	Loss	Recall	Precision	NDCG
1	0.6921	0.0106	0.0145	0.0163
2	0.6889	0.0208	0.0283	0.0292
3	0.6804	0.0229	0.0305	0.0310
4	0.6604	0.0238	0.0310	0.0316
5	0.6244	0.0239	0.0313	0.0319
6	0.5737	0.0234	0.0316	0.0321
7	0.5155	0.0232	0.0314	0.0320
8	0.4599	0.0230	0.0314	0.0321
9	0.4129	0.0234	0.0320	0.0327
10	0.3711	0.0235	0.0320	0.0329
11	0.3386	0.0239	0.0327	0.0334
12	0.3115	0.0241	0.0330	0.0338
13	0.2884	0.0242	0.0332	0.0341
14	0.2708	0.0250	0.0341	0.0348
15	0.2531	0.0255	0.0347	0.0355
16	0.2364	0.0257	0.0350	0.0358
17	0.2230	0.0259	0.0355	0.0363
18	0.2106	0.0268	0.0366	0.0377
19	0.1966	0.0272	0.0373	0.0385
20	0.1884	0.0277	0.0377	0.0394
21	0.1769	0.0285	0.0384	0.0401
22	0.1676	0.0288	0.0388	0.0405
23	0.1568	0.0292	0.0394	0.0411
24	0.1508	0.0296	0.0397	0.0414
25	0.1443	0.0304	0.0403	0.0422
26	0.1378	0.0309	0.0408	0.0428
27	0.1319	0.0309	0.0410	0.0430
28	0.1236	0.0312	0.0414	0.0435
29	0.1188	0.0311	0.0412	0.0436
30	0.1147	0.0321	0.0423	0.0448
31	0.1088	0.0334	0.0433	0.0460
32	0.1047	0.0337	0.0439	0.0465
33	0.1015	0.0339	0.0441	0.0470
34	0.0964	0.0341	0.0444	0.0473
35	0.0920	0.0349	0.0451	0.0484
36	0.0875	0.0354	0.0458	0.0491
37	0.0874	0.0361	0.0465	0.0499
38	0.0842	0.0364	0.0469	0.0504
39	0.0801	0.0371	0.0476	0.0510
40	0.0784	0.0376	0.0480	0.0517
41	0.0755	0.0379	0.0483	0.0523
42	0.0722	0.0373	0.0476	0.0518
43	0.0696	0.0374	0.0477	0.0519
44	0.0677	0.0372	0.0476	0.0520
45	0.0637	0.0374	0.0477	0.0523
46	0.0635	0.0374	0.0478	0.0524
47	0.0629	0.0379	0.0485	0.0531
48	0.0599	0.0384	0.0489	0.0537
49	0.0582	0.0391	0.0497	0.0546
50	0.0558	0.0390	0.0496	0.0547
51	0.0552	0.0396	0.0500	0.0552
52	0.0541	0.0399	0.0502	0.0556
53	0.0517	0.0400	0.0504	0.0559
54	0.0493	0.0404	0.0508	0.0563
55	0.0503	0.0402	0.0511	0.0565
56	0.0471	0.0397	0.0507	0.0564
57	0.0467	0.0400	0.0507	0.0563
58	0.0447	0.0406	0.0514	0.0569
59	0.0444	0.0409	0.0516	0.0571
60	0.0445	0.0412	0.0520	0.0574
61	0.0405	0.0411	0.0518	0.0573
62	0.0408	0.0413	0.0521	0.0577
63	0.0389	0.0414	0.0522	0.0581
64	0.0398	0.0414	0.0523	0.0581
65	0.0380	0.0413	0.0524	0.0583
66	0.0382	0.0414	0.0526	0.0583
67	0.0355	0.0417	0.0527	0.0587
68	0.0350	0.0418	0.0530	0.0589
69	0.0344	0.0417	0.0529	0.0589
70	0.0355	0.0418	0.0531	0.0592
71	0.0340	0.0418	0.0527	0.0590
72	0.0322	0.0422	0.0529	0.0592
73	0.0315	0.0422	0.0531	0.0594
74	0.0307	0.0425	0.0534	0.0596
75	0.0307	0.0428	0.0537	0.0602
76	0.0299	0.0428	0.0538	0.0601
77	0.0300	0.0432	0.0539	0.0604
78	0.0287	0.0430	0.0536	0.0603
79	0.0279	0.0431	0.0537	0.0603
80	0.0274	0.0432	0.0538	0.0605
81	0.0284	0.0430	0.0535	0.0605
82	0.0275	0.0428	0.0535	0.0604
83	0.0271	0.0432	0.0540	0.0610
84	0.0259	0.0436	0.0542	0.0612
85	0.0270	0.0438	0.0544	0.0616
86	0.0266	0.0441	0.0548	0.0619
87	0.0263	0.0441	0.0548	0.0622
88	0.0244	0.0443	0.0551	0.0625
89	0.0238	0.0443	0.0551	0.0624
90	0.0247	0.0447	0.0555	0.0626
91	0.0234	0.0443	0.0552	0.0626
92	0.0221	0.0441	0.0554	0.0626
93	0.0212	0.0442	0.0554	0.0627
94	0.0227	0.0448	0.0558	0.0630
95	0.0229	0.0444	0.0554	0.0627
96	0.0216	0.0447	0.0556	0.0630
97	0.0213	0.0448	0.0559	0.0632
98	0.0211	0.0447	0.0558	0.0630
99	0.0213	0.0449	0.0561	0.0633
100	0.0206	0.0449	0.0562	0.0635
101	0.0211	0.0447	0.0559	0.0633
102	0.0206	0.0448	0.0561	0.0635
103	0.0197	0.0449	0.0559	0.0633
104	0.0202	0.0450	0.0561	0.0635
105	0.0192	0.0451	0.0561	0.0636
106	0.0192	0.0451	0.0562	0.0637
107	0.0185	0.0449	0.0562	0.0637
108	0.0183	0.0452	0.0566	0.0641
109	0.0190	0.0452	0.0565	0.0643
110	0.0194	0.0453	0.0566	0.0644
111	0.0177	0.0452	0.0565	0.0645
112	0.0175	0.0453	0.0564	0.0644
113	0.0177	0.0455	0.0565	0.0645
114	0.0165	0.0458	0.0568	0.0647
115	0.0166	0.0461	0.0568	0.0648
116	0.0165	0.0461	0.0570	0.0651
117	0.0167	0.0459	0.0568	0.0649
118	0.0163	0.0459	0.0567	0.0648
119	0.0169	0.0458	0.0566	0.0647
120	0.0161	0.0457	0.0564	0.0646
121	0.0161	0.0460	0.0567	0.0650
122	0.0158	0.0463	0.0568	0.0651
123	0.0161	0.0463	0.0565	0.0650
124	0.0157	0.0458	0.0563	0.0648
125	0.0157	0.0457	0.0561	0.0647
126	0.0148	0.0460	0.0563	0.0650
127	0.0151	0.0457	0.0560	0.0647
128	0.0145	0.0457	0.0559	0.0645
129	0.0149	0.0458	0.0561	0.0648
130	0.0141	0.0458	0.0562	0.0649
131	0.0143	0.0456	0.0563	0.0650
132	0.0145	0.0460	0.0566	0.0653
133	0.0142	0.0461	0.0568	0.0657
134	0.0135	0.0462	0.0569	0.0658
135	0.0137	0.0464	0.0573	0.0659
136	0.0131	0.0464	0.0572	0.0658
137	0.0133	0.0465	0.0573	0.0659
138	0.0134	0.0466	0.0574	0.0660
139	0.0133	0.0467	0.0572	0.0659
140	0.0134	0.0465	0.0570	0.0656
141	0.0138	0.0463	0.0566	0.0652
142	0.0133	0.0463	0.0567	0.0652
143	0.0125	0.0462	0.0566	0.0653
144	0.0127	0.0460	0.0566	0.0652
145	0.0127	0.0461	0.0567	0.0655
146	0.0130	0.0459	0.0566	0.0654
147	0.0132	0.0458	0.0568	0.0654
148	0.0115	0.0459	0.0569	0.0656
149	0.0125	0.0456	0.0564	0.0651
150	0.0131	0.0458	0.0567	0.0652
