{"n_layers": 0, "device": "cuda", "batch_size": 2048, "embedding_dim": 1024, "learning_rate": 0.001, "dataset": "dbbook", "epochs": 150, "top_k": 50, "multimodal": true, "datasets": {"dbbook": ["images", "text"], "ml1m": ["audio", "images", "text", "video"]}}
Epoch	Loss	Recall	Precision	NDCG
1	0.6929	0.0213	0.0026	0.0107
2	0.6819	0.0458	0.0059	0.0283
3	0.6698	0.0846	0.0112	0.0576
4	0.6525	0.1251	0.0168	0.0833
5	0.6269	0.1553	0.0211	0.1004
6	0.5900	0.1736	0.0237	0.1102
7	0.5416	0.1833	0.0252	0.1146
8	0.4839	0.1879	0.0259	0.1168
9	0.4227	0.1914	0.0264	0.1182
10	0.3643	0.1934	0.0266	0.1197
11	0.3132	0.1950	0.0269	0.1215
12	0.2692	0.1962	0.0272	0.1224
13	0.2329	0.1984	0.0274	0.1234
14	0.2021	0.2002	0.0276	0.1248
15	0.1779	0.2004	0.0277	0.1254
16	0.1572	0.2016	0.0278	0.1258
17	0.1383	0.2040	0.0281	0.1267
18	0.1231	0.2064	0.0283	0.1275
19	0.1099	0.2063	0.0283	0.1280
20	0.0991	0.2094	0.0286	0.1292
21	0.0896	0.2100	0.0287	0.1298
22	0.0815	0.2115	0.0288	0.1307
23	0.0730	0.2126	0.0289	0.1313
24	0.0678	0.2133	0.0290	0.1317
25	0.0629	0.2140	0.0291	0.1322
26	0.0567	0.2157	0.0293	0.1331
27	0.0526	0.2163	0.0293	0.1337
28	0.0495	0.2168	0.0294	0.1343
29	0.0463	0.2180	0.0295	0.1353
30	0.0427	0.2192	0.0296	0.1361
31	0.0401	0.2195	0.0297	0.1363
32	0.0374	0.2208	0.0298	0.1369
33	0.0350	0.2214	0.0298	0.1372
34	0.0345	0.2223	0.0299	0.1377
35	0.0318	0.2229	0.0299	0.1381
36	0.0295	0.2229	0.0299	0.1381
37	0.0285	0.2228	0.0300	0.1385
38	0.0271	0.2232	0.0300	0.1388
39	0.0257	0.2239	0.0300	0.1390
40	0.0241	0.2251	0.0302	0.1395
41	0.0241	0.2247	0.0302	0.1397
42	0.0231	0.2255	0.0302	0.1401
43	0.0216	0.2254	0.0302	0.1402
44	0.0209	0.2256	0.0302	0.1405
45	0.0200	0.2261	0.0303	0.1409
46	0.0190	0.2263	0.0302	0.1410
47	0.0187	0.2267	0.0303	0.1411
48	0.0178	0.2272	0.0303	0.1415
49	0.0172	0.2269	0.0303	0.1420
50	0.0168	0.2273	0.0304	0.1425
51	0.0166	0.2274	0.0304	0.1429
52	0.0159	0.2285	0.0305	0.1440
53	0.0158	0.2283	0.0305	0.1438
54	0.0152	0.2287	0.0305	0.1443
55	0.0151	0.2286	0.0305	0.1444
56	0.0140	0.2293	0.0306	0.1445
57	0.0140	0.2292	0.0305	0.1446
58	0.0142	0.2299	0.0306	0.1449
59	0.0134	0.2299	0.0306	0.1450
60	0.0133	0.2299	0.0306	0.1452
61	0.0130	0.2300	0.0306	0.1451
62	0.0131	0.2309	0.0307	0.1449
63	0.0133	0.2306	0.0307	0.1450
64	0.0121	0.2311	0.0307	0.1455
65	0.0120	0.2302	0.0307	0.1453
66	0.0123	0.2308	0.0307	0.1459
67	0.0119	0.2317	0.0308	0.1461
68	0.0113	0.2322	0.0308	0.1461
69	0.0110	0.2322	0.0308	0.1461
70	0.0110	0.2300	0.0306	0.1457
71	0.0113	0.2305	0.0306	0.1458
72	0.0109	0.2314	0.0308	0.1462
73	0.0103	0.2298	0.0306	0.1456
74	0.0110	0.2302	0.0306	0.1454
75	0.0103	0.2298	0.0305	0.1453
76	0.0104	0.2302	0.0306	0.1456
77	0.0099	0.2305	0.0306	0.1456
78	0.0103	0.2305	0.0306	0.1454
79	0.0101	0.2302	0.0305	0.1455
80	0.0097	0.2306	0.0306	0.1457
81	0.0097	0.2312	0.0306	0.1460
82	0.0094	0.2308	0.0306	0.1457
83	0.0096	0.2308	0.0306	0.1455
84	0.0098	0.2300	0.0305	0.1453
85	0.0094	0.2299	0.0305	0.1454
86	0.0093	0.2312	0.0306	0.1458
87	0.0094	0.2306	0.0305	0.1457
88	0.0091	0.2305	0.0305	0.1457
89	0.0088	0.2305	0.0305	0.1458
90	0.0092	0.2302	0.0305	0.1457
91	0.0085	0.2300	0.0305	0.1456
92	0.0089	0.2302	0.0305	0.1460
93	0.0090	0.2305	0.0305	0.1464
94	0.0091	0.2301	0.0305	0.1462
95	0.0089	0.2304	0.0305	0.1467
96	0.0085	0.2308	0.0305	0.1471
97	0.0087	0.2306	0.0305	0.1474
98	0.0086	0.2306	0.0305	0.1476
99	0.0085	0.2301	0.0305	0.1475
100	0.0084	0.2302	0.0305	0.1473
101	0.0083	0.2309	0.0305	0.1474
102	0.0085	0.2313	0.0306	0.1474
103	0.0083	0.2310	0.0306	0.1471
104	0.0081	0.2306	0.0305	0.1469
105	0.0083	0.2304	0.0305	0.1467
106	0.0080	0.2306	0.0305	0.1466
107	0.0082	0.2307	0.0306	0.1468
108	0.0080	0.2302	0.0305	0.1465
109	0.0079	0.2302	0.0305	0.1464
110	0.0080	0.2302	0.0305	0.1463
111	0.0079	0.2303	0.0305	0.1463
112	0.0076	0.2305	0.0305	0.1463
113	0.0076	0.2301	0.0304	0.1464
114	0.0081	0.2301	0.0304	0.1464
115	0.0079	0.2303	0.0304	0.1463
116	0.0079	0.2306	0.0305	0.1462
117	0.0077	0.2300	0.0305	0.1462
118	0.0079	0.2300	0.0305	0.1463
119	0.0080	0.2304	0.0305	0.1466
120	0.0080	0.2302	0.0304	0.1467
121	0.0077	0.2294	0.0304	0.1465
122	0.0076	0.2289	0.0303	0.1464
123	0.0079	0.2290	0.0303	0.1463
124	0.0076	0.2297	0.0304	0.1465
125	0.0077	0.2295	0.0304	0.1466
126	0.0072	0.2295	0.0304	0.1467
127	0.0079	0.2292	0.0304	0.1465
128	0.0076	0.2288	0.0304	0.1465
129	0.0072	0.2288	0.0303	0.1464
130	0.0075	0.2289	0.0304	0.1465
131	0.0072	0.2287	0.0303	0.1467
132	0.0072	0.2291	0.0304	0.1469
133	0.0074	0.2293	0.0304	0.1473
134	0.0074	0.2291	0.0305	0.1469
135	0.0075	0.2296	0.0305	0.1471
136	0.0073	0.2302	0.0305	0.1473
137	0.0074	0.2307	0.0305	0.1474
138	0.0073	0.2300	0.0305	0.1477
139	0.0076	0.2298	0.0305	0.1478
140	0.0072	0.2299	0.0305	0.1477
141	0.0073	0.2300	0.0305	0.1476
142	0.0070	0.2293	0.0305	0.1471
143	0.0074	0.2290	0.0304	0.1469
144	0.0073	0.2294	0.0304	0.1466
145	0.0070	0.2293	0.0304	0.1471
146	0.0070	0.2293	0.0304	0.1469
147	0.0072	0.2293	0.0303	0.1468
148	0.0074	0.2302	0.0304	0.1473
149	0.0071	0.2299	0.0304	0.1471
150	0.0074	0.2300	0.0304	0.1475
