{"n_layers": 1, "device": "cuda", "batch_size": 2048, "embedding_dim": 1024, "learning_rate": 0.001, "dataset": "dbbook", "epochs": 150, "model": "ef-mmlgcn", "fusion": "max", "top_k": [5, 10, 20, 50], "seed": 19, "multimodal": true}
Epoch	Loss	Precision@5	Recall@5	NDCG@5	Precision@10	Recall@10	NDCG@10	Precision@20	Recall@20	NDCG@20	Precision@50	Recall@50	NDCG@50
1	0.6873	0.0229	0.0197	0.0293	0.0165	0.0274	0.0286	0.0121	0.0391	0.0332	0.008	0.0624	0.0417
2	0.6644	0.0511	0.0399	0.0618	0.0374	0.0574	0.0601	0.0257	0.0782	0.0678	0.0153	0.1153	0.0813
3	0.6345	0.0597	0.0458	0.0702	0.0462	0.0694	0.0704	0.0331	0.099	0.0818	0.0204	0.1508	0.1007
4	0.5922	0.0586	0.0443	0.0667	0.0471	0.0696	0.0686	0.0359	0.1052	0.0829	0.0233	0.1708	0.1067
5	0.5353	0.0557	0.0423	0.0618	0.0447	0.0656	0.0637	0.036	0.1051	0.08	0.0245	0.1785	0.1066
6	0.4678	0.0527	0.0403	0.0578	0.043	0.0629	0.0602	0.035	0.1017	0.0762	0.0249	0.1803	0.105
7	0.3982	0.0507	0.0383	0.0549	0.042	0.0612	0.058	0.0344	0.0995	0.0738	0.0252	0.1816	0.1037
8	0.3356	0.0491	0.0374	0.0528	0.0414	0.06	0.0564	0.0339	0.0978	0.072	0.0254	0.1833	0.103
9	0.2849	0.0489	0.0368	0.0523	0.0408	0.0595	0.0557	0.0337	0.097	0.0713	0.0255	0.1838	0.1028
10	0.2433	0.0489	0.0371	0.0524	0.0407	0.0592	0.0556	0.0335	0.0963	0.071	0.0256	0.1845	0.103
11	0.2083	0.0496	0.0374	0.0526	0.0403	0.0586	0.0551	0.0337	0.0967	0.071	0.0257	0.1853	0.1032
12	0.1834	0.0497	0.0376	0.0526	0.0408	0.0596	0.0556	0.0338	0.0969	0.0713	0.0259	0.1866	0.1038
13	0.1610	0.0499	0.038	0.0533	0.0413	0.0605	0.0566	0.0342	0.0985	0.0724	0.0261	0.1881	0.1051
14	0.1421	0.0504	0.0384	0.0543	0.0418	0.0611	0.0576	0.0343	0.0997	0.0735	0.0263	0.1891	0.1062
15	0.1273	0.0509	0.0387	0.0548	0.0422	0.0618	0.0581	0.0346	0.1003	0.074	0.0264	0.1903	0.107
16	0.1154	0.0511	0.0389	0.0551	0.0429	0.0633	0.059	0.0352	0.1024	0.0752	0.0267	0.1924	0.1082
17	0.1049	0.0517	0.0393	0.0557	0.0438	0.0644	0.0601	0.0355	0.1033	0.0761	0.027	0.1952	0.1096
18	0.0947	0.0521	0.0398	0.0564	0.0446	0.0657	0.0611	0.0362	0.106	0.0776	0.0272	0.1977	0.111
19	0.0872	0.053	0.0409	0.0575	0.0449	0.0664	0.0618	0.0365	0.1072	0.0786	0.0275	0.1998	0.1124
20	0.0805	0.0534	0.0412	0.0583	0.0454	0.0672	0.0628	0.0368	0.1082	0.0796	0.0277	0.201	0.1135
21	0.0748	0.0536	0.0415	0.0589	0.0459	0.068	0.0636	0.0371	0.1091	0.0805	0.0279	0.2032	0.1148
22	0.0690	0.0549	0.043	0.0601	0.0462	0.0689	0.0644	0.0376	0.1105	0.0817	0.0282	0.2055	0.1162
23	0.0645	0.0547	0.0429	0.0604	0.0466	0.0693	0.065	0.0378	0.1118	0.0825	0.0283	0.2064	0.117
24	0.0615	0.0557	0.0435	0.0615	0.0467	0.0699	0.0658	0.0382	0.1127	0.0836	0.0285	0.2076	0.1182
25	0.0564	0.0565	0.0442	0.0626	0.0472	0.0707	0.0668	0.0386	0.1138	0.0847	0.0286	0.209	0.1193
26	0.0533	0.0574	0.0449	0.0637	0.0477	0.0715	0.0677	0.039	0.1153	0.0858	0.0288	0.2106	0.1206
27	0.0503	0.0578	0.0453	0.0645	0.0482	0.0723	0.0686	0.0394	0.1164	0.0869	0.029	0.2116	0.1216
28	0.0484	0.0588	0.0461	0.0656	0.0486	0.0729	0.0694	0.0398	0.1179	0.088	0.0291	0.2128	0.1226
29	0.0458	0.0598	0.0467	0.0665	0.0489	0.0736	0.07	0.0401	0.1192	0.0888	0.0292	0.2137	0.1233
30	0.0432	0.0604	0.0476	0.0673	0.0493	0.0741	0.0706	0.0404	0.1201	0.0895	0.0292	0.2148	0.124
31	0.0414	0.0605	0.0477	0.0676	0.0496	0.075	0.0712	0.0404	0.1203	0.0899	0.0293	0.2157	0.1246
32	0.0382	0.061	0.0482	0.0682	0.0498	0.0755	0.0717	0.0407	0.1215	0.0907	0.0294	0.2161	0.1252
33	0.0375	0.0611	0.0483	0.0687	0.0501	0.0759	0.0723	0.041	0.1228	0.0916	0.0295	0.2169	0.126
34	0.0347	0.0622	0.0489	0.07	0.0504	0.0764	0.0731	0.0414	0.1238	0.0927	0.0296	0.2181	0.1271
35	0.0328	0.062	0.0488	0.07	0.0505	0.0769	0.0734	0.0415	0.1243	0.093	0.0297	0.2189	0.1275
36	0.0320	0.0616	0.0486	0.0697	0.0504	0.0767	0.0734	0.0414	0.1246	0.0931	0.0297	0.2197	0.1277
37	0.0301	0.0617	0.0487	0.0698	0.0508	0.0777	0.0738	0.0414	0.1248	0.0932	0.0297	0.2198	0.1278
38	0.0291	0.0627	0.0496	0.0708	0.0514	0.0786	0.0745	0.0415	0.1257	0.0937	0.0299	0.2208	0.1285
39	0.0290	0.0629	0.05	0.0711	0.0516	0.079	0.0749	0.0417	0.1264	0.0943	0.0299	0.2216	0.129
40	0.0284	0.063	0.0498	0.0712	0.0519	0.0796	0.0754	0.0419	0.1269	0.0947	0.03	0.2219	0.1293
41	0.0267	0.0632	0.0503	0.0716	0.0521	0.0796	0.0757	0.042	0.1275	0.0952	0.03	0.2219	0.1297
42	0.0256	0.0632	0.0502	0.0717	0.0522	0.0799	0.0759	0.0421	0.1274	0.0953	0.0301	0.2223	0.13
43	0.0256	0.0638	0.0511	0.0723	0.0522	0.08	0.0761	0.0419	0.1271	0.0953	0.0301	0.2228	0.1303
44	0.0247	0.0641	0.0513	0.0724	0.0527	0.0806	0.0765	0.0421	0.1276	0.0956	0.0301	0.2236	0.1307
45	0.0234	0.0644	0.0515	0.0731	0.0528	0.0809	0.0771	0.0424	0.128	0.0964	0.0302	0.2249	0.1315
46	0.0225	0.065	0.0518	0.0736	0.0526	0.0809	0.0771	0.0425	0.1289	0.0968	0.0302	0.2252	0.1317
47	0.0223	0.0652	0.0519	0.074	0.0529	0.0814	0.0777	0.0427	0.1296	0.0975	0.0302	0.2253	0.1322
48	0.0215	0.0654	0.0519	0.0741	0.0532	0.0819	0.0779	0.0428	0.1301	0.0977	0.0303	0.2267	0.1326
49	0.0214	0.0654	0.0521	0.0746	0.053	0.0821	0.0783	0.0428	0.1299	0.0979	0.0304	0.2269	0.133
50	0.0202	0.066	0.0527	0.075	0.0532	0.0828	0.0786	0.0428	0.1301	0.0981	0.0303	0.2271	0.1331
51	0.0194	0.0664	0.0529	0.0755	0.0536	0.0838	0.0793	0.0429	0.1307	0.0986	0.0304	0.2273	0.1335
52	0.0188	0.0668	0.0529	0.0757	0.0537	0.0837	0.0792	0.0429	0.1305	0.0985	0.0303	0.2273	0.1335
53	0.0194	0.067	0.0529	0.0761	0.054	0.0842	0.0798	0.043	0.1311	0.099	0.0304	0.2277	0.134
54	0.0193	0.0675	0.0535	0.0768	0.0539	0.0839	0.0799	0.0431	0.1317	0.0995	0.0304	0.2275	0.1342
55	0.0187	0.0674	0.0536	0.077	0.0541	0.0844	0.0804	0.0432	0.1325	0.1	0.0304	0.2278	0.1345
56	0.0182	0.0679	0.0541	0.0775	0.0541	0.0846	0.0806	0.0432	0.1327	0.1003	0.0304	0.228	0.1349
57	0.0173	0.0678	0.0541	0.0777	0.0543	0.0848	0.081	0.0433	0.1326	0.1005	0.0304	0.2282	0.1352
58	0.0180	0.0676	0.0539	0.0775	0.0543	0.0849	0.081	0.0434	0.1327	0.1006	0.0304	0.2281	0.1351
59	0.0167	0.0685	0.0548	0.0783	0.0543	0.0849	0.0812	0.0434	0.1332	0.1009	0.0304	0.2283	0.1354
60	0.0161	0.0681	0.0545	0.0781	0.0543	0.0851	0.0813	0.0435	0.1337	0.1012	0.0304	0.2288	0.1356
61	0.0160	0.0681	0.0545	0.0784	0.0544	0.0852	0.0817	0.0434	0.1334	0.1013	0.0303	0.2281	0.1357
62	0.0162	0.0683	0.0547	0.0786	0.0545	0.0859	0.082	0.0433	0.133	0.1013	0.0303	0.2283	0.1358
63	0.0155	0.0685	0.0549	0.0786	0.0546	0.0859	0.0819	0.0432	0.133	0.1011	0.0302	0.228	0.1355
64	0.0156	0.0687	0.055	0.0788	0.0548	0.0861	0.0821	0.0434	0.1332	0.1013	0.0302	0.2282	0.1356
65	0.0150	0.069	0.0551	0.0791	0.0547	0.0861	0.0822	0.0434	0.1329	0.1014	0.0303	0.2289	0.136
66	0.0143	0.0692	0.055	0.0792	0.055	0.0865	0.0824	0.0434	0.1329	0.1013	0.0303	0.2291	0.136
67	0.0150	0.0696	0.0551	0.0796	0.0548	0.0861	0.0824	0.0433	0.1329	0.1015	0.0303	0.2287	0.136
68	0.0142	0.0696	0.0554	0.0799	0.0547	0.0858	0.0824	0.0433	0.1331	0.1016	0.0302	0.2283	0.136
69	0.0147	0.0697	0.0555	0.0799	0.0548	0.0858	0.0825	0.0433	0.1329	0.1016	0.0302	0.2284	0.1361
70	0.0136	0.0694	0.0554	0.0794	0.0552	0.0864	0.0824	0.0433	0.1329	0.1013	0.0302	0.2283	0.1357
71	0.0140	0.0693	0.0552	0.0794	0.0553	0.0864	0.0826	0.0434	0.133	0.1015	0.0302	0.2281	0.1358
72	0.0142	0.0694	0.0556	0.0797	0.0552	0.0864	0.0827	0.0433	0.133	0.1016	0.0301	0.2279	0.1359
73	0.0136	0.0695	0.0557	0.0798	0.0551	0.0865	0.0827	0.0432	0.1328	0.1015	0.0301	0.2282	0.1359
74	0.0129	0.0694	0.0556	0.0799	0.0553	0.0866	0.083	0.0434	0.1336	0.102	0.0301	0.2281	0.1361
75	0.0128	0.069	0.0554	0.08	0.0551	0.0866	0.0831	0.0434	0.1339	0.1023	0.0301	0.2284	0.1364
76	0.0134	0.0692	0.0554	0.0801	0.0552	0.0869	0.0833	0.0434	0.1339	0.1024	0.0301	0.2281	0.1363
77	0.0131	0.0692	0.0554	0.0802	0.0551	0.0861	0.0831	0.0433	0.1335	0.1022	0.03	0.2276	0.1362
78	0.0125	0.0689	0.0551	0.0801	0.0554	0.0868	0.0835	0.0432	0.1329	0.1021	0.0299	0.227	0.1361
79	0.0123	0.0692	0.0553	0.0802	0.0554	0.0869	0.0834	0.0433	0.1334	0.1022	0.0299	0.2271	0.136
80	0.0129	0.069	0.0552	0.08	0.0555	0.0873	0.0836	0.0433	0.1335	0.1023	0.03	0.2276	0.1362
81	0.0122	0.0698	0.0555	0.0808	0.0556	0.0872	0.0839	0.0433	0.1333	0.1025	0.0299	0.2273	0.1364
82	0.0125	0.0701	0.0558	0.0812	0.0555	0.0873	0.084	0.0431	0.1331	0.1025	0.0299	0.227	0.1364
83	0.0123	0.0703	0.0561	0.0816	0.0558	0.0876	0.0844	0.0432	0.1336	0.1029	0.0299	0.2275	0.1368
84	0.0116	0.0702	0.0564	0.0818	0.0559	0.0876	0.0846	0.0432	0.1333	0.1029	0.0299	0.2273	0.1368
85	0.0117	0.0703	0.0565	0.0823	0.0559	0.0877	0.085	0.0431	0.1333	0.1033	0.0299	0.2273	0.1372
86	0.0113	0.0705	0.0566	0.0825	0.056	0.088	0.0851	0.0432	0.1334	0.1033	0.0299	0.2271	0.1371
87	0.0117	0.0703	0.0566	0.0825	0.0559	0.0877	0.0851	0.0432	0.1338	0.1036	0.0298	0.2268	0.1371
88	0.0123	0.0701	0.0563	0.0821	0.056	0.088	0.0851	0.0431	0.1338	0.1034	0.0298	0.2269	0.137
89	0.0112	0.0699	0.0563	0.0819	0.056	0.0883	0.0852	0.043	0.1334	0.1032	0.0298	0.2274	0.1371
90	0.0111	0.0705	0.0571	0.0825	0.0558	0.0881	0.0851	0.0431	0.1338	0.1034	0.0298	0.2273	0.1372
91	0.0112	0.0706	0.0571	0.0826	0.056	0.0882	0.0853	0.0431	0.1342	0.1036	0.0297	0.2269	0.137
92	0.0108	0.0706	0.0571	0.0825	0.056	0.0882	0.0852	0.0433	0.1345	0.1037	0.0298	0.2273	0.1371
93	0.0107	0.0708	0.0571	0.0825	0.056	0.0886	0.0852	0.0431	0.1343	0.1035	0.0297	0.227	0.1369
94	0.0110	0.0707	0.0571	0.0825	0.0559	0.0884	0.0852	0.0431	0.1341	0.1035	0.0298	0.2274	0.1371
95	0.0109	0.0707	0.0573	0.0826	0.0555	0.088	0.085	0.0431	0.134	0.1035	0.0297	0.2266	0.1369
96	0.0114	0.0705	0.0572	0.0823	0.0555	0.0882	0.0848	0.043	0.1333	0.103	0.0297	0.227	0.1367
97	0.0114	0.0703	0.0568	0.0819	0.0557	0.0886	0.0848	0.0428	0.1331	0.1027	0.0297	0.2273	0.1366
98	0.0108	0.0702	0.0568	0.0817	0.0559	0.089	0.0848	0.0428	0.1328	0.1024	0.0297	0.2275	0.1364
99	0.0107	0.0702	0.057	0.0817	0.0557	0.0887	0.0846	0.0428	0.1333	0.1025	0.0297	0.2271	0.1362
100	0.0104	0.0704	0.0572	0.0818	0.0557	0.0887	0.0847	0.0428	0.1334	0.1026	0.0296	0.2269	0.1362
101	0.0109	0.0706	0.0573	0.0823	0.056	0.0891	0.0852	0.0429	0.1334	0.103	0.0296	0.2264	0.1365
102	0.0103	0.0707	0.0574	0.0823	0.056	0.0891	0.0851	0.0428	0.1331	0.1027	0.0296	0.2261	0.1363
103	0.0107	0.0701	0.0567	0.0818	0.0559	0.0891	0.085	0.0427	0.1329	0.1025	0.0296	0.2261	0.1362
104	0.0106	0.0703	0.0569	0.082	0.0558	0.0889	0.085	0.0427	0.1333	0.1027	0.0295	0.2261	0.1362
105	0.0102	0.0702	0.0567	0.0819	0.0559	0.089	0.0851	0.0425	0.1328	0.1025	0.0295	0.2261	0.1362
106	0.0101	0.0703	0.0569	0.0822	0.0558	0.0888	0.0852	0.0426	0.133	0.1029	0.0296	0.2263	0.1365
107	0.0102	0.0703	0.0569	0.0822	0.056	0.0887	0.0853	0.0427	0.133	0.1029	0.0296	0.2273	0.1368
108	0.0105	0.0705	0.0571	0.0823	0.0559	0.0889	0.0852	0.0427	0.1328	0.1028	0.0297	0.2272	0.1368
109	0.0099	0.0701	0.0567	0.0821	0.0558	0.0884	0.0851	0.0427	0.1331	0.1029	0.0296	0.2267	0.1367
110	0.0104	0.0703	0.0567	0.0823	0.0559	0.0886	0.0854	0.0426	0.1329	0.1031	0.0295	0.2264	0.1367
111	0.0098	0.0704	0.0569	0.0825	0.0558	0.0885	0.0854	0.0427	0.1332	0.1033	0.0295	0.2264	0.1368
112	0.0094	0.0702	0.0568	0.0824	0.0559	0.0892	0.0855	0.0427	0.1331	0.1032	0.0295	0.2263	0.1367
113	0.0096	0.0699	0.0566	0.0822	0.0556	0.0885	0.0852	0.0426	0.1328	0.103	0.0295	0.2263	0.1366
114	0.0098	0.0701	0.0568	0.0824	0.0555	0.0883	0.0852	0.0428	0.1334	0.1032	0.0295	0.2266	0.1367
115	0.0105	0.0701	0.057	0.0825	0.0559	0.0888	0.0855	0.0427	0.1331	0.1032	0.0295	0.2264	0.1367
116	0.0102	0.0703	0.0568	0.0826	0.0557	0.0889	0.0855	0.0426	0.1324	0.103	0.0294	0.2255	0.1364
117	0.0097	0.0703	0.0568	0.0826	0.0555	0.0888	0.0854	0.0425	0.1322	0.1029	0.0294	0.2255	0.1364
118	0.0097	0.0705	0.057	0.083	0.0554	0.0884	0.0855	0.0425	0.1323	0.1031	0.0293	0.2251	0.1365
119	0.0095	0.071	0.0575	0.0834	0.0558	0.089	0.0859	0.0425	0.1325	0.1033	0.0294	0.2253	0.1367
120	0.0096	0.071	0.0577	0.0832	0.0557	0.0884	0.0855	0.0424	0.1324	0.103	0.0294	0.2252	0.1364
121	0.0098	0.0708	0.0575	0.0829	0.0557	0.0885	0.0853	0.0424	0.1323	0.1028	0.0293	0.2249	0.1361
122	0.0099	0.0706	0.0574	0.0826	0.0555	0.088	0.085	0.0422	0.1314	0.1023	0.0293	0.2246	0.1358
123	0.0100	0.0704	0.0573	0.0826	0.0554	0.088	0.085	0.0422	0.1317	0.1024	0.0292	0.2242	0.1358
124	0.0097	0.0705	0.0571	0.0825	0.0555	0.0883	0.085	0.0421	0.1316	0.1023	0.0292	0.2243	0.1357
125	0.0096	0.0701	0.0569	0.0824	0.0555	0.0883	0.0851	0.0421	0.1317	0.1025	0.0293	0.2249	0.136
126	0.0093	0.0704	0.0572	0.0826	0.0554	0.0883	0.0852	0.0423	0.1323	0.1028	0.0292	0.2248	0.136
127	0.0090	0.0705	0.0573	0.0825	0.0555	0.0888	0.0852	0.0424	0.1326	0.1028	0.0292	0.2249	0.1359
128	0.0090	0.0704	0.0572	0.0824	0.0556	0.0892	0.0854	0.0424	0.1325	0.1028	0.0292	0.2246	0.1359
129	0.0097	0.0701	0.057	0.0822	0.0555	0.0888	0.0852	0.0424	0.1324	0.1027	0.0292	0.2248	0.1359
130	0.0093	0.0702	0.0571	0.082	0.0553	0.0888	0.0849	0.0425	0.133	0.1027	0.0292	0.2249	0.1357
131	0.0093	0.0701	0.057	0.0817	0.0552	0.0884	0.0845	0.0423	0.1326	0.1023	0.0292	0.225	0.1354
132	0.0098	0.0701	0.0569	0.0818	0.0551	0.0885	0.0845	0.0422	0.1322	0.1022	0.0292	0.2256	0.1356
133	0.0093	0.0701	0.057	0.0818	0.0551	0.0885	0.0846	0.0423	0.133	0.1024	0.0292	0.2255	0.1355
134	0.0096	0.0696	0.0566	0.0815	0.0549	0.088	0.0844	0.0425	0.1332	0.1026	0.0292	0.226	0.1357
135	0.0093	0.0699	0.0568	0.0816	0.055	0.088	0.0843	0.0424	0.1332	0.1025	0.0292	0.2256	0.1355
136	0.0093	0.0701	0.0569	0.0819	0.0552	0.0886	0.0847	0.0425	0.1337	0.1027	0.0292	0.2253	0.1356
137	0.0094	0.0703	0.057	0.082	0.0552	0.0882	0.0846	0.0427	0.1339	0.1029	0.0292	0.2253	0.1356
138	0.0093	0.07	0.0568	0.0817	0.0552	0.0888	0.0846	0.0426	0.1334	0.1026	0.0292	0.2254	0.1355
139	0.0090	0.0697	0.0565	0.0815	0.0551	0.0886	0.0845	0.0426	0.133	0.1025	0.0291	0.2252	0.1354
140	0.0091	0.0693	0.0563	0.0811	0.0548	0.0882	0.0841	0.0425	0.1329	0.1023	0.0291	0.2252	0.1351
141	0.0088	0.0691	0.0562	0.081	0.0548	0.0882	0.0841	0.0426	0.1332	0.1023	0.0291	0.2249	0.135
142	0.0088	0.069	0.0559	0.0808	0.0549	0.0881	0.0841	0.0425	0.1332	0.1023	0.0291	0.2246	0.1349
143	0.0095	0.0688	0.0558	0.0809	0.0547	0.0878	0.0841	0.0424	0.1327	0.1022	0.0291	0.2246	0.135
144	0.0095	0.0689	0.0559	0.0808	0.0545	0.0874	0.0837	0.0423	0.1325	0.102	0.029	0.2245	0.1348
145	0.0094	0.069	0.0561	0.081	0.0545	0.0877	0.0839	0.0422	0.1325	0.102	0.029	0.2242	0.1348
146	0.0091	0.0692	0.0564	0.0813	0.0544	0.0876	0.084	0.0423	0.133	0.1023	0.029	0.2247	0.135
147	0.0092	0.0695	0.0567	0.0815	0.0545	0.0877	0.084	0.0424	0.1334	0.1025	0.029	0.2244	0.1349
148	0.0090	0.0696	0.0566	0.0817	0.0548	0.0882	0.0844	0.0423	0.1336	0.1027	0.0289	0.2241	0.135
149	0.0093	0.0699	0.0569	0.0821	0.0545	0.0877	0.0844	0.0421	0.1326	0.1025	0.0289	0.2233	0.135
150	0.0087	0.07	0.057	0.0823	0.0546	0.0881	0.0847	0.0422	0.1327	0.1027	0.0289	0.2234	0.1352
