{"device": "cuda:1", "multimodal": true, "embedding_dim": 512, "n_layers": 2, "epochs": 500, "learning_rate": 0.001, "log": true, "seed": 19, "top_k": [5, 10, 20, 50], "dataset": "ml1m", "batch_size": 8192, "single_branch": false, "autoencoder": false, "ensemble_fusion": false, "freeze": true, "fusion_modalities": "mean", "fusion_type": "late", "info_nce": false, "weighting": false, "datasets": {"dbbook": ["images", "text"], "ml1m": ["audio", "images", "text", "video"]}}
Epoch	T-Loss	V-Loss	Precision@5	Recall@5	NDCG@5	Precision@10	Recall@10	NDCG@10	Precision@20	Recall@20	NDCG@20	Precision@50	Recall@50	NDCG@50
1	0.6929	0.6926	0.0433	0.0118	0.0472	0.0371	0.0198	0.0432	0.0331	0.035	0.0439	0.027	0.0707	0.0544
2	0.6915	0.6906	0.1356	0.0406	0.1461	0.1147	0.067	0.1347	0.0943	0.1081	0.1328	0.0695	0.1963	0.1552
3	0.6871	0.6833	0.1723	0.0567	0.186	0.1444	0.0912	0.172	0.1189	0.1484	0.1727	0.0875	0.2647	0.2037
4	0.6738	0.6631	0.1763	0.0597	0.1907	0.1505	0.0995	0.1796	0.1236	0.1586	0.1811	0.089	0.2778	0.2119
5	0.6443	0.6246	0.1715	0.0583	0.1855	0.1499	0.0997	0.1777	0.1237	0.1606	0.1804	0.0878	0.2768	0.2099
6	0.597	0.5713	0.17	0.058	0.1825	0.1495	0.1001	0.1759	0.1234	0.1616	0.1791	0.0869	0.2749	0.2076
7	0.541	0.5161	0.17	0.0577	0.1822	0.1503	0.1	0.1761	0.1234	0.1635	0.1795	0.0864	0.2742	0.2069
8	0.4884	0.4682	0.1719	0.0579	0.1837	0.1505	0.1001	0.1765	0.1232	0.1638	0.1797	0.0864	0.2756	0.2074
9	0.4466	0.4352	0.1774	0.06	0.1886	0.1522	0.1035	0.1798	0.1236	0.1641	0.1815	0.0862	0.275	0.2084
10	0.4162	0.4107	0.1793	0.061	0.1909	0.1529	0.104	0.1813	0.1235	0.1641	0.1823	0.0864	0.2753	0.2094
11	0.3963	0.3934	0.1818	0.0619	0.195	0.1538	0.1044	0.1839	0.1237	0.1642	0.1842	0.0863	0.2754	0.2109
12	0.3805	0.3789	0.1828	0.0634	0.1976	0.1545	0.1063	0.1863	0.1235	0.1644	0.1855	0.0865	0.2751	0.2123
13	0.3697	0.3694	0.1843	0.0641	0.2001	0.1563	0.1075	0.1888	0.1238	0.1644	0.1869	0.0868	0.2753	0.2136
14	0.3598	0.3626	0.1867	0.0651	0.2027	0.1565	0.107	0.1896	0.1244	0.1653	0.1881	0.087	0.2763	0.2146
15	0.3528	0.3578	0.1876	0.0651	0.2037	0.1577	0.1075	0.1907	0.125	0.166	0.1889	0.0874	0.2776	0.2155
16	0.3469	0.3535	0.1893	0.0656	0.2056	0.1577	0.1077	0.1916	0.1252	0.1661	0.1897	0.088	0.279	0.2168
17	0.3417	0.3491	0.1898	0.0658	0.2078	0.159	0.108	0.1937	0.1256	0.1662	0.1912	0.0885	0.2798	0.2185
18	0.3371	0.3443	0.1908	0.0666	0.2085	0.1589	0.1075	0.1936	0.1261	0.1668	0.1917	0.0892	0.2808	0.2194
19	0.3327	0.3385	0.1931	0.0673	0.2108	0.1596	0.108	0.195	0.1266	0.167	0.1927	0.0898	0.2826	0.2209
20	0.3294	0.3363	0.1948	0.0678	0.2111	0.1608	0.1088	0.1954	0.1277	0.1681	0.1934	0.0901	0.2834	0.2213
21	0.3243	0.334	0.1947	0.0674	0.2115	0.1616	0.11	0.1966	0.128	0.1679	0.194	0.0908	0.2851	0.2227
22	0.3223	0.33	0.196	0.0684	0.2131	0.1632	0.1118	0.1986	0.1289	0.1692	0.1956	0.0915	0.2875	0.2246
23	0.3191	0.3292	0.1974	0.0687	0.2158	0.1636	0.1115	0.2002	0.1293	0.1699	0.1972	0.0922	0.2893	0.2267
24	0.3169	0.3234	0.1999	0.0694	0.2189	0.1642	0.1115	0.2018	0.1302	0.1712	0.1991	0.0929	0.2909	0.2286
25	0.3138	0.324	0.202	0.0703	0.2205	0.1654	0.112	0.2028	0.1316	0.1731	0.2005	0.0934	0.2919	0.2295
26	0.3112	0.3207	0.2028	0.0702	0.2215	0.1669	0.113	0.2044	0.1322	0.1734	0.2014	0.0939	0.2938	0.2309
27	0.3079	0.3193	0.2042	0.071	0.2228	0.1688	0.1146	0.2063	0.1334	0.174	0.2029	0.0946	0.2955	0.2326
28	0.3053	0.3146	0.2044	0.0717	0.2235	0.1688	0.114	0.2066	0.1341	0.1752	0.2039	0.0951	0.297	0.2339
29	0.3046	0.3129	0.2064	0.0718	0.2253	0.1696	0.1145	0.2076	0.1351	0.1767	0.2052	0.0959	0.299	0.2353
30	0.3019	0.314	0.2071	0.0714	0.2264	0.1704	0.1145	0.2087	0.1359	0.1775	0.2065	0.0965	0.3011	0.2369
31	0.299	0.3088	0.2084	0.0715	0.2269	0.1715	0.1154	0.2094	0.1366	0.1782	0.207	0.0971	0.3027	0.2378
32	0.2981	0.3096	0.2087	0.0724	0.2274	0.1716	0.1156	0.2097	0.1376	0.1794	0.208	0.0976	0.3046	0.239
33	0.2951	0.3085	0.21	0.0726	0.2293	0.1727	0.1167	0.2113	0.138	0.1803	0.2092	0.098	0.3057	0.2404
34	0.2943	0.3032	0.212	0.0731	0.232	0.1739	0.1171	0.2132	0.139	0.1816	0.2111	0.0986	0.3073	0.2422
35	0.2932	0.307	0.2121	0.073	0.2324	0.1749	0.118	0.2144	0.1395	0.1822	0.2119	0.0991	0.309	0.2434
36	0.2908	0.3001	0.2122	0.0727	0.2322	0.1761	0.1184	0.2151	0.1403	0.1833	0.2127	0.0994	0.31	0.2442
37	0.2889	0.3019	0.214	0.0735	0.2335	0.1776	0.1197	0.2165	0.1413	0.1847	0.2139	0.0999	0.3117	0.2453
38	0.2868	0.2987	0.2146	0.0746	0.2352	0.1795	0.1212	0.2188	0.142	0.185	0.2153	0.1006	0.3136	0.2472
39	0.2856	0.2999	0.2144	0.074	0.2355	0.1799	0.1214	0.2194	0.143	0.1865	0.2165	0.1011	0.3154	0.2484
40	0.2832	0.2997	0.2155	0.0745	0.2369	0.1804	0.1218	0.2204	0.1436	0.1874	0.2176	0.1015	0.3166	0.2497
41	0.2829	0.2996	0.2173	0.0754	0.239	0.1809	0.122	0.2215	0.1441	0.1881	0.2188	0.1019	0.3179	0.2511
42	0.2816	0.2974	0.2178	0.0756	0.2392	0.1816	0.1225	0.2221	0.1447	0.1888	0.2196	0.1025	0.3198	0.2522
43	0.2805	0.2941	0.2188	0.076	0.2404	0.1829	0.1231	0.2234	0.1456	0.1893	0.2206	0.1029	0.3214	0.2534
44	0.2766	0.2929	0.22	0.0764	0.2414	0.1834	0.1234	0.2241	0.1464	0.1908	0.2217	0.1033	0.3229	0.2544
45	0.2774	0.2944	0.2211	0.0765	0.2424	0.1841	0.1241	0.2249	0.1473	0.192	0.2228	0.1039	0.3253	0.2558
46	0.2762	0.2918	0.2213	0.0765	0.2427	0.1844	0.1241	0.2252	0.1476	0.1923	0.2233	0.1042	0.3265	0.2567
47	0.2737	0.294	0.2226	0.0769	0.244	0.1851	0.1246	0.2261	0.1482	0.1932	0.2242	0.1047	0.3283	0.2579
48	0.2731	0.2905	0.2242	0.0776	0.2458	0.1858	0.1253	0.2274	0.1492	0.1945	0.2257	0.1051	0.3291	0.259
49	0.272	0.2915	0.2247	0.0776	0.2464	0.187	0.1265	0.2286	0.1497	0.1959	0.2266	0.1055	0.33	0.2599
50	0.2717	0.2892	0.2257	0.0785	0.2477	0.1877	0.1262	0.2293	0.1501	0.1956	0.2272	0.1059	0.3318	0.2611
51	0.2699	0.2891	0.2274	0.079	0.2488	0.1887	0.1269	0.2303	0.1505	0.1962	0.2279	0.1065	0.3338	0.2623
52	0.2686	0.2884	0.2276	0.079	0.2496	0.1899	0.1274	0.2317	0.1509	0.1968	0.2288	0.1067	0.3349	0.2633
53	0.2684	0.2862	0.228	0.0788	0.2499	0.1904	0.1281	0.2323	0.1513	0.1977	0.2295	0.1071	0.336	0.2643
54	0.2655	0.2854	0.2285	0.079	0.2508	0.1908	0.1283	0.233	0.1523	0.199	0.2307	0.1076	0.3376	0.2654
55	0.2651	0.2834	0.2292	0.079	0.2514	0.1917	0.1289	0.2338	0.1529	0.1999	0.2315	0.108	0.3393	0.2664
56	0.2653	0.286	0.2305	0.0795	0.2526	0.1923	0.1293	0.2345	0.1535	0.2005	0.2322	0.1082	0.3396	0.267
57	0.2637	0.2812	0.2315	0.0798	0.253	0.1929	0.1299	0.2349	0.1542	0.2017	0.233	0.1086	0.3408	0.2678
58	0.2632	0.2827	0.2324	0.0807	0.2542	0.1934	0.1307	0.2359	0.1546	0.2021	0.2339	0.109	0.3419	0.2689
59	0.2628	0.2836	0.2335	0.0814	0.2552	0.1945	0.132	0.2371	0.1551	0.2031	0.2347	0.1096	0.3447	0.2704
60	0.2608	0.2822	0.2356	0.0825	0.2572	0.1953	0.1326	0.2382	0.1554	0.204	0.2357	0.1098	0.3457	0.2714
61	0.2584	0.2813	0.2358	0.0825	0.2573	0.1964	0.1331	0.2389	0.1559	0.2052	0.2363	0.1102	0.3466	0.272
62	0.2588	0.277	0.2358	0.0823	0.2576	0.1967	0.1333	0.2395	0.1564	0.2054	0.237	0.1106	0.3481	0.2731
63	0.2569	0.2799	0.2369	0.0829	0.2583	0.1972	0.1337	0.2399	0.1567	0.2064	0.2375	0.1108	0.3491	0.2736
64	0.2564	0.2817	0.238	0.0832	0.2594	0.1974	0.134	0.2403	0.1574	0.2075	0.2384	0.1112	0.3504	0.2745
65	0.2546	0.276	0.2372	0.0825	0.2585	0.1977	0.1341	0.2403	0.1576	0.2079	0.2384	0.1115	0.3519	0.275
66	0.2548	0.2786	0.2382	0.0831	0.26	0.1985	0.1345	0.2416	0.1583	0.209	0.2398	0.1117	0.3526	0.2762
67	0.2527	0.2796	0.2387	0.0833	0.2614	0.1991	0.1353	0.2429	0.1587	0.2093	0.2409	0.1119	0.3526	0.277
68	0.253	0.2759	0.2392	0.0834	0.2622	0.199	0.135	0.2432	0.1592	0.2094	0.2415	0.112	0.3532	0.2776
69	0.2515	0.2773	0.24	0.0842	0.2626	0.2	0.1359	0.244	0.1595	0.2103	0.242	0.1123	0.3543	0.2783
70	0.2506	0.2761	0.2412	0.0847	0.2639	0.2	0.136	0.2443	0.1601	0.2114	0.243	0.1126	0.3554	0.2793
71	0.2519	0.2743	0.2403	0.0845	0.2638	0.2005	0.1364	0.245	0.1604	0.2125	0.2438	0.1128	0.356	0.28
72	0.2499	0.2757	0.2412	0.0853	0.2644	0.201	0.137	0.2454	0.1607	0.2126	0.244	0.1131	0.3572	0.2805
73	0.2495	0.2755	0.2425	0.0857	0.2651	0.2012	0.1373	0.2457	0.1609	0.213	0.2444	0.1134	0.3582	0.2812
74	0.2487	0.2732	0.2417	0.0852	0.265	0.2019	0.1377	0.2464	0.1615	0.2138	0.2452	0.1135	0.359	0.2818
75	0.2483	0.2723	0.2437	0.0859	0.2667	0.2025	0.1382	0.2472	0.1617	0.214	0.2457	0.1137	0.3593	0.2825
76	0.2468	0.2739	0.2439	0.0863	0.2672	0.2027	0.1391	0.248	0.1621	0.2148	0.2467	0.1139	0.36	0.2834
77	0.246	0.2724	0.2441	0.0862	0.2671	0.2033	0.14	0.2484	0.1631	0.2161	0.2475	0.1141	0.3606	0.2837
78	0.2453	0.2731	0.2448	0.0864	0.2675	0.2038	0.1403	0.2488	0.1633	0.2167	0.2478	0.1142	0.3619	0.2843
79	0.2444	0.2736	0.2442	0.0861	0.2669	0.2043	0.141	0.249	0.1637	0.2174	0.2482	0.1145	0.3623	0.2846
80	0.2451	0.2715	0.2447	0.0864	0.2673	0.2046	0.1409	0.2492	0.1642	0.218	0.2487	0.1147	0.3629	0.2851
81	0.2423	0.2723	0.2455	0.0865	0.268	0.2051	0.1411	0.2498	0.1646	0.2195	0.2495	0.1149	0.3635	0.2857
82	0.2415	0.2703	0.2456	0.0864	0.268	0.2058	0.1423	0.2505	0.1647	0.2198	0.2497	0.1152	0.365	0.2864
83	0.2428	0.2714	0.2459	0.0866	0.2683	0.2055	0.1422	0.2505	0.1649	0.2197	0.2499	0.1155	0.3655	0.2869
84	0.2413	0.2704	0.245	0.0859	0.268	0.2059	0.1423	0.251	0.1655	0.221	0.2509	0.1155	0.3658	0.2874
85	0.2412	0.27	0.2462	0.0866	0.2687	0.206	0.1425	0.2511	0.1657	0.2211	0.2511	0.1157	0.3662	0.2878
86	0.2412	0.2693	0.2461	0.0874	0.2692	0.2068	0.1432	0.2522	0.1659	0.2214	0.2518	0.116	0.3678	0.2889
87	0.2402	0.268	0.2464	0.0874	0.2698	0.2078	0.1434	0.253	0.1663	0.2225	0.2526	0.116	0.3678	0.2894
88	0.2393	0.2693	0.2475	0.0877	0.2706	0.208	0.1441	0.2534	0.1668	0.2233	0.2532	0.1163	0.3692	0.29
89	0.238	0.2694	0.2474	0.0881	0.2709	0.209	0.1452	0.2545	0.1669	0.2238	0.2537	0.1164	0.3696	0.2905
90	0.2381	0.2685	0.247	0.0881	0.2704	0.2092	0.1452	0.2545	0.1671	0.2238	0.2537	0.1166	0.3704	0.2909
91	0.237	0.2652	0.2483	0.0884	0.2714	0.2096	0.1459	0.2551	0.1677	0.2246	0.2545	0.1168	0.3714	0.2916
92	0.2355	0.2689	0.248	0.0881	0.2713	0.2101	0.1466	0.2556	0.1677	0.2248	0.2547	0.1171	0.372	0.2921
93	0.2363	0.2676	0.2488	0.0887	0.2721	0.2102	0.147	0.256	0.168	0.2254	0.2552	0.1173	0.373	0.2927
94	0.235	0.2668	0.2499	0.0891	0.2725	0.2109	0.1474	0.2563	0.1682	0.226	0.2553	0.1176	0.3733	0.2929
95	0.2347	0.2684	0.2507	0.0897	0.2736	0.2111	0.1475	0.2569	0.1684	0.2263	0.256	0.1178	0.3741	0.2937
96	0.2337	0.266	0.2521	0.0906	0.2745	0.2112	0.1474	0.257	0.1691	0.2271	0.2566	0.1179	0.3746	0.294
97	0.2341	0.2669	0.2534	0.0921	0.2755	0.212	0.1477	0.2576	0.1693	0.2276	0.257	0.118	0.3749	0.2944
98	0.2325	0.264	0.2523	0.0906	0.2743	0.2117	0.1471	0.257	0.1694	0.2282	0.257	0.1181	0.3753	0.2944
99	0.231	0.2653	0.2533	0.0911	0.2751	0.2124	0.1478	0.2577	0.1695	0.2287	0.2574	0.1183	0.3757	0.2948
100	0.231	0.2645	0.2532	0.0914	0.2753	0.2132	0.1484	0.2585	0.1701	0.2294	0.2582	0.1183	0.3765	0.2954
101	0.2307	0.2641	0.2531	0.091	0.2752	0.2133	0.1484	0.2586	0.1701	0.2291	0.2581	0.1183	0.377	0.2956
102	0.2314	0.2658	0.2532	0.0914	0.2754	0.2138	0.149	0.2591	0.1705	0.2293	0.2585	0.1185	0.3779	0.296
103	0.2293	0.2654	0.2539	0.0915	0.2759	0.2136	0.1491	0.2592	0.1707	0.2303	0.259	0.1187	0.3789	0.2967
104	0.2297	0.2651	0.2547	0.0919	0.2771	0.2138	0.1486	0.2597	0.1708	0.2301	0.2595	0.1189	0.3797	0.2974
105	0.2299	0.2626	0.2548	0.0921	0.2773	0.2141	0.1491	0.26	0.1709	0.2306	0.2597	0.119	0.3798	0.2976
106	0.2277	0.2629	0.2551	0.0921	0.2775	0.2141	0.149	0.2602	0.1712	0.2313	0.2602	0.1191	0.3803	0.298
107	0.2276	0.2626	0.2545	0.0923	0.2771	0.2139	0.1491	0.26	0.1716	0.2319	0.2605	0.1193	0.3808	0.2983
108	0.228	0.2616	0.2556	0.0923	0.2779	0.2136	0.149	0.26	0.1719	0.2328	0.2609	0.1195	0.3815	0.2986
109	0.2277	0.2621	0.2558	0.0926	0.2784	0.2146	0.1494	0.261	0.1722	0.2329	0.2615	0.1195	0.3818	0.2992
110	0.2268	0.2636	0.2567	0.0927	0.2793	0.2147	0.1499	0.2614	0.1724	0.2333	0.262	0.1198	0.3828	0.2999
111	0.2271	0.2652	0.2559	0.0927	0.2788	0.2149	0.1503	0.2617	0.1725	0.2331	0.2621	0.1199	0.3835	0.3004
112	0.2256	0.2627	0.2558	0.0927	0.2788	0.2147	0.15	0.2616	0.1725	0.2331	0.2621	0.12	0.3838	0.3005
113	0.226	0.2615	0.2569	0.0934	0.2796	0.2151	0.1501	0.2619	0.1728	0.2336	0.2626	0.1201	0.3842	0.301
114	0.2248	0.2636	0.2575	0.0938	0.2795	0.2156	0.1508	0.262	0.173	0.2344	0.2627	0.1202	0.3846	0.301
115	0.2249	0.2627	0.2576	0.0935	0.2796	0.2159	0.1513	0.2624	0.1728	0.2342	0.2626	0.1203	0.3849	0.3012
116	0.2236	0.2599	0.2573	0.0935	0.2798	0.2163	0.152	0.263	0.1731	0.2348	0.2632	0.1205	0.3855	0.3018
117	0.2235	0.2624	0.2586	0.0937	0.2804	0.216	0.1516	0.2628	0.1734	0.2348	0.2634	0.1206	0.3862	0.3021
118	0.2218	0.2641	0.2585	0.094	0.2802	0.216	0.1518	0.2626	0.1733	0.2348	0.2632	0.1207	0.3861	0.302
119	0.2225	0.2628	0.2594	0.0944	0.2808	0.2166	0.1519	0.2631	0.1734	0.2353	0.2636	0.1207	0.3867	0.3024
120	0.2221	0.26	0.2588	0.0941	0.2806	0.2165	0.152	0.2631	0.1737	0.2354	0.2638	0.1209	0.3873	0.3027
121	0.2212	0.2638	0.2587	0.0935	0.2806	0.2164	0.1518	0.2631	0.1737	0.2357	0.2639	0.121	0.3882	0.3031
122	0.221	0.2594	0.2592	0.0937	0.2806	0.2177	0.1533	0.264	0.174	0.236	0.2642	0.1212	0.3886	0.3034
123	0.2204	0.2606	0.2581	0.0931	0.2797	0.2172	0.1531	0.2634	0.174	0.2365	0.264	0.1212	0.3884	0.3031
124	0.221	0.2605	0.2587	0.0935	0.2804	0.2181	0.1535	0.2644	0.1742	0.2368	0.2647	0.1214	0.389	0.3039
125	0.2195	0.2637	0.2594	0.0939	0.2813	0.218	0.1538	0.2648	0.1745	0.2373	0.2653	0.1215	0.3888	0.3043
126	0.2187	0.2598	0.2592	0.0938	0.2805	0.2183	0.1541	0.2646	0.175	0.2377	0.2654	0.1215	0.3892	0.3042
127	0.2188	0.2618	0.2601	0.0942	0.2813	0.2178	0.1537	0.2644	0.1751	0.2378	0.2656	0.1216	0.3894	0.3043
128	0.2188	0.2608	0.2591	0.094	0.2808	0.2176	0.1537	0.2644	0.1754	0.2384	0.2661	0.1217	0.3902	0.3049
129	0.2179	0.2634	0.2604	0.0946	0.2823	0.2181	0.1541	0.2654	0.1753	0.2385	0.2665	0.1219	0.3916	0.3058
130	0.2167	0.2604	0.2607	0.0948	0.2826	0.2183	0.1544	0.2655	0.1755	0.2385	0.2667	0.1221	0.3916	0.306
131	0.2166	0.2599	0.2605	0.0949	0.2828	0.2187	0.1544	0.2661	0.1755	0.2387	0.2671	0.1221	0.3917	0.3064
132	0.2153	0.2622	0.2602	0.0945	0.2826	0.2192	0.155	0.2664	0.1755	0.2387	0.267	0.1222	0.3926	0.3066
133	0.2165	0.2617	0.2602	0.0947	0.2827	0.2196	0.155	0.2668	0.1756	0.2393	0.2674	0.1225	0.3935	0.3072
134	0.2156	0.2635	0.2604	0.095	0.2825	0.2191	0.1546	0.2663	0.1758	0.2398	0.2675	0.1225	0.3944	0.3073
135	0.2152	0.2612	0.261	0.0955	0.283	0.2192	0.1546	0.2664	0.1759	0.2399	0.2676	0.1227	0.3953	0.3078
136	0.2146	0.259	0.2624	0.0962	0.2842	0.2198	0.1556	0.2673	0.1761	0.2403	0.2682	0.1228	0.3955	0.3083
137	0.2141	0.261	0.2629	0.0964	0.2847	0.2197	0.1553	0.2672	0.1764	0.2409	0.2685	0.1229	0.3956	0.3085
138	0.2137	0.2619	0.2619	0.096	0.2843	0.2203	0.1556	0.2679	0.1765	0.241	0.2689	0.123	0.3961	0.309
139	0.2125	0.2587	0.2629	0.0963	0.2853	0.2206	0.1557	0.2683	0.1767	0.2418	0.2694	0.1232	0.3973	0.3096
140	0.2125	0.2609	0.2631	0.0964	0.2858	0.2209	0.1562	0.2688	0.1766	0.241	0.2694	0.1232	0.397	0.3099
141	0.2121	0.2597	0.2618	0.0959	0.2851	0.2206	0.156	0.2687	0.1768	0.2417	0.2697	0.1233	0.3967	0.3099
142	0.2124	0.2596	0.2628	0.096	0.285	0.2208	0.1563	0.2684	0.177	0.2424	0.2696	0.1234	0.397	0.3097
143	0.2113	0.2584	0.2632	0.0969	0.2855	0.2214	0.157	0.2691	0.1772	0.2423	0.27	0.1235	0.3982	0.3103
144	0.2115	0.2593	0.2639	0.0972	0.2857	0.2214	0.1567	0.2689	0.1774	0.2426	0.2701	0.1235	0.3979	0.3103
145	0.2107	0.2605	0.2644	0.0971	0.2859	0.2219	0.1571	0.2692	0.1776	0.243	0.2704	0.1236	0.3988	0.3106
146	0.2099	0.2601	0.2643	0.0975	0.2864	0.2222	0.1577	0.27	0.1776	0.2428	0.2707	0.1236	0.3992	0.3111
147	0.2108	0.2614	0.264	0.0976	0.2864	0.222	0.158	0.2701	0.1777	0.2435	0.2711	0.1236	0.3989	0.3112
148	0.2101	0.2583	0.2646	0.0972	0.287	0.2221	0.1578	0.2703	0.178	0.2433	0.2713	0.1236	0.3998	0.3116
149	0.2097	0.2568	0.2652	0.0975	0.2875	0.2224	0.1579	0.2706	0.178	0.244	0.2716	0.1238	0.4002	0.3119
150	0.2092	0.2592	0.2647	0.0975	0.287	0.2224	0.1577	0.2704	0.178	0.2439	0.2716	0.1238	0.3999	0.312
151	0.2081	0.2595	0.2651	0.0982	0.2876	0.2224	0.1583	0.2709	0.1779	0.2438	0.2719	0.1242	0.4017	0.3129
152	0.208	0.2592	0.2656	0.0983	0.2876	0.2227	0.1581	0.2708	0.1781	0.2439	0.2718	0.1242	0.401	0.3127
153	0.208	0.2587	0.2655	0.0981	0.2876	0.2225	0.1585	0.2709	0.1784	0.2448	0.2723	0.1242	0.4012	0.3129
154	0.2067	0.2624	0.2652	0.0983	0.2876	0.2224	0.1583	0.2709	0.1789	0.2459	0.2729	0.1243	0.4018	0.3132
155	0.207	0.2585	0.2648	0.0984	0.2868	0.2221	0.1582	0.2703	0.1786	0.2455	0.2724	0.1244	0.4026	0.3131
156	0.2055	0.2594	0.2661	0.0986	0.2875	0.2227	0.1594	0.2708	0.1786	0.246	0.2725	0.1244	0.4029	0.3132
157	0.2055	0.2589	0.2656	0.0983	0.2868	0.2228	0.1588	0.2704	0.1788	0.2455	0.2723	0.1245	0.403	0.3132
158	0.205	0.2581	0.2667	0.0991	0.2884	0.2234	0.1596	0.2717	0.1785	0.2449	0.2728	0.1245	0.4029	0.3139
159	0.205	0.2582	0.2665	0.0986	0.2882	0.2236	0.1597	0.2718	0.1788	0.2459	0.2731	0.1246	0.4034	0.3141
160	0.2047	0.258	0.2669	0.099	0.2885	0.2235	0.16	0.2719	0.179	0.2462	0.2734	0.1246	0.4035	0.3143
161	0.2041	0.26	0.2675	0.0988	0.2891	0.2241	0.1605	0.2725	0.1794	0.2469	0.2739	0.1247	0.4041	0.3146
162	0.2054	0.2593	0.2672	0.099	0.2888	0.2237	0.1603	0.2721	0.1796	0.2473	0.2741	0.1247	0.4043	0.3147
163	0.2026	0.2595	0.2678	0.099	0.2892	0.2241	0.1606	0.2725	0.1796	0.2472	0.2741	0.125	0.4052	0.3151
164	0.2033	0.2583	0.267	0.0991	0.2889	0.2239	0.1598	0.2722	0.1797	0.2477	0.2743	0.125	0.4052	0.3151
165	0.2032	0.2567	0.2674	0.0995	0.289	0.2236	0.16	0.2721	0.1799	0.248	0.2745	0.125	0.4056	0.3154
166	0.2027	0.2609	0.2667	0.099	0.2882	0.2237	0.1605	0.2719	0.1798	0.2475	0.2742	0.125	0.4058	0.3153
167	0.202	0.2569	0.2673	0.0996	0.2889	0.2241	0.161	0.2727	0.1796	0.2472	0.2744	0.1253	0.4071	0.3163
168	0.2007	0.2588	0.2679	0.0997	0.2892	0.2245	0.1608	0.2727	0.1797	0.2477	0.2745	0.1252	0.4074	0.3161
169	0.1999	0.2579	0.2666	0.0995	0.2883	0.2245	0.161	0.2727	0.1796	0.2482	0.2744	0.1254	0.4081	0.3163
170	0.2007	0.2587	0.2676	0.0998	0.2894	0.225	0.1617	0.2735	0.1796	0.248	0.2747	0.1254	0.408	0.3166
171	0.2013	0.2568	0.2672	0.0998	0.2889	0.2251	0.1619	0.2736	0.1799	0.2481	0.2749	0.1255	0.409	0.3169
172	0.2006	0.26	0.2682	0.1006	0.29	0.2249	0.1618	0.2737	0.1801	0.2485	0.2753	0.1256	0.409	0.3173
173	0.2003	0.2571	0.2681	0.1003	0.2899	0.2252	0.1624	0.2741	0.1801	0.2488	0.2756	0.1257	0.4093	0.3177
174	0.1989	0.2602	0.268	0.1004	0.29	0.2255	0.1629	0.2745	0.1804	0.2491	0.276	0.1259	0.4101	0.3181
175	0.1987	0.258	0.2677	0.1003	0.2902	0.2256	0.1628	0.2748	0.1802	0.2493	0.2762	0.1261	0.4107	0.3187
176	0.1986	0.2577	0.2672	0.1003	0.29	0.226	0.1635	0.2753	0.1804	0.2496	0.2765	0.126	0.4104	0.3187
177	0.1977	0.2605	0.2683	0.101	0.2905	0.2264	0.1637	0.2754	0.1807	0.25	0.2766	0.1259	0.41	0.3185
178	0.198	0.2574	0.2683	0.1009	0.2906	0.2267	0.164	0.2758	0.1809	0.2503	0.2769	0.126	0.4098	0.3187
179	0.1971	0.2592	0.2691	0.1014	0.2911	0.2267	0.1644	0.2758	0.1811	0.2506	0.2771	0.1261	0.4103	0.3188
180	0.1969	0.2594	0.2685	0.1009	0.2907	0.2268	0.1639	0.2757	0.1813	0.2511	0.2774	0.1261	0.4103	0.3189
181	0.1968	0.2582	0.2694	0.1015	0.2914	0.227	0.1642	0.276	0.1812	0.2509	0.2773	0.1261	0.4104	0.3191
182	0.1968	0.2572	0.2685	0.1009	0.2915	0.2273	0.1644	0.2767	0.1811	0.2507	0.2777	0.1263	0.4112	0.3197
183	0.1955	0.2573	0.2699	0.1012	0.292	0.2273	0.1648	0.2766	0.1813	0.2509	0.2775	0.1263	0.4112	0.3195
184	0.1964	0.257	0.2702	0.1018	0.2921	0.2272	0.1642	0.2763	0.1816	0.2516	0.2779	0.1265	0.4119	0.3198
185	0.1946	0.2568	0.2698	0.1013	0.2918	0.2276	0.1644	0.2766	0.1816	0.2517	0.278	0.1264	0.4121	0.3199
186	0.1945	0.2596	0.2707	0.1016	0.2927	0.227	0.1643	0.2765	0.1814	0.2516	0.2781	0.1265	0.4124	0.3202
187	0.1945	0.2595	0.2707	0.1016	0.2927	0.2266	0.1641	0.2763	0.1815	0.2522	0.2783	0.1265	0.4122	0.3203
188	0.1928	0.2576	0.271	0.1018	0.2933	0.2274	0.1648	0.2772	0.1814	0.2521	0.2785	0.1266	0.4122	0.3206
189	0.1944	0.2582	0.2713	0.102	0.2933	0.2278	0.1654	0.2774	0.1816	0.2521	0.2786	0.1268	0.4127	0.3209
190	0.1932	0.2571	0.2711	0.102	0.2936	0.2277	0.1655	0.2777	0.1817	0.2521	0.2789	0.1269	0.4128	0.3212
191	0.1922	0.259	0.2712	0.1022	0.2939	0.2279	0.1655	0.2779	0.182	0.252	0.2792	0.1268	0.413	0.3214
192	0.1926	0.2614	0.2714	0.1022	0.2936	0.2279	0.1659	0.2778	0.1822	0.2525	0.2791	0.1267	0.4131	0.3211
193	0.193	0.258	0.2717	0.1024	0.2937	0.2279	0.1659	0.2776	0.1821	0.2523	0.2791	0.1268	0.4136	0.3214
194	0.1912	0.2581	0.271	0.1028	0.2933	0.2276	0.1655	0.2774	0.1823	0.2526	0.2792	0.1269	0.4137	0.3215
195	0.192	0.26	0.2702	0.1023	0.2925	0.2275	0.1652	0.277	0.1825	0.253	0.2793	0.1269	0.414	0.3215
196	0.1916	0.2595	0.2708	0.1022	0.2936	0.2282	0.1662	0.2782	0.1825	0.253	0.2799	0.127	0.4147	0.3222
197	0.1899	0.2611	0.2704	0.102	0.2934	0.2285	0.1665	0.2785	0.1824	0.2532	0.2799	0.127	0.4148	0.3223
198	0.1905	0.2585	0.2708	0.102	0.2933	0.2286	0.1665	0.2784	0.1824	0.2534	0.2798	0.127	0.4146	0.3222
199	0.1898	0.2604	0.2707	0.1019	0.2933	0.2291	0.167	0.2788	0.1826	0.2532	0.2799	0.1272	0.4151	0.3224
200	0.1895	0.2592	0.2708	0.1021	0.2933	0.229	0.1674	0.2787	0.1829	0.2537	0.28	0.1273	0.4154	0.3225
201	0.1897	0.2624	0.2711	0.1022	0.2929	0.2296	0.1672	0.2786	0.183	0.2542	0.28	0.1274	0.416	0.3226
202	0.1884	0.2582	0.2707	0.1022	0.2928	0.2299	0.168	0.2791	0.1831	0.2543	0.2802	0.1274	0.4159	0.3226
203	0.1871	0.2585	0.2708	0.1027	0.2933	0.2294	0.1676	0.2791	0.1831	0.2546	0.2805	0.1276	0.4163	0.323
204	0.1881	0.2602	0.2711	0.1027	0.2939	0.2296	0.1679	0.2795	0.1833	0.2552	0.281	0.1276	0.4165	0.3233
205	0.1884	0.2609	0.2714	0.1029	0.2938	0.2299	0.1686	0.2796	0.1832	0.2547	0.2807	0.1276	0.4168	0.3234
206	0.1876	0.2603	0.2726	0.1034	0.2941	0.2299	0.1684	0.2793	0.1832	0.2547	0.2804	0.1279	0.4175	0.3235
207	0.187	0.2598	0.2724	0.1039	0.2939	0.2301	0.1684	0.2794	0.1831	0.2547	0.2804	0.1279	0.4182	0.3237
208	0.1867	0.2604	0.2732	0.1038	0.2946	0.2298	0.1681	0.2794	0.1832	0.2552	0.2808	0.1279	0.4178	0.3238
209	0.1854	0.2604	0.2724	0.1032	0.2943	0.2298	0.1679	0.2795	0.1835	0.2558	0.2813	0.1279	0.4188	0.3243
210	0.1861	0.2615	0.2733	0.1036	0.2947	0.2293	0.1681	0.2793	0.1834	0.2556	0.2812	0.1279	0.4187	0.3244
211	0.1857	0.2591	0.2731	0.1037	0.2947	0.23	0.1686	0.2797	0.1833	0.2553	0.2811	0.1281	0.4192	0.3246
212	0.185	0.2601	0.2733	0.1039	0.2949	0.2298	0.1684	0.2796	0.1835	0.2556	0.2812	0.1281	0.4195	0.3247
213	0.1847	0.2588	0.2732	0.1037	0.295	0.2291	0.168	0.2794	0.1839	0.2561	0.2818	0.1281	0.4197	0.325
214	0.1854	0.2616	0.2736	0.104	0.2956	0.2297	0.1676	0.2799	0.1839	0.2561	0.282	0.1281	0.4197	0.3252
215	0.1846	0.2604	0.2738	0.1041	0.2956	0.23	0.1678	0.2801	0.1837	0.2559	0.2818	0.1284	0.4203	0.3255
216	0.1831	0.261	0.2744	0.1043	0.2965	0.2301	0.1682	0.2805	0.1837	0.2559	0.2821	0.1284	0.4205	0.3258
217	0.1834	0.2601	0.2737	0.1041	0.2961	0.23	0.168	0.2805	0.1839	0.2565	0.2825	0.1285	0.4213	0.3262
218	0.1836	0.2602	0.2748	0.1049	0.2968	0.2309	0.1687	0.2811	0.1838	0.2567	0.2826	0.1284	0.4202	0.326
219	0.1827	0.2575	0.2744	0.1052	0.2969	0.2309	0.1689	0.2814	0.184	0.2573	0.2831	0.1284	0.4206	0.3264
220	0.1821	0.2592	0.2746	0.1052	0.2971	0.2301	0.1686	0.281	0.1841	0.2574	0.2832	0.1285	0.421	0.3267
221	0.1806	0.261	0.2744	0.1052	0.2968	0.2299	0.1685	0.2808	0.1843	0.2576	0.2833	0.1287	0.4221	0.327
222	0.1825	0.2602	0.2746	0.1053	0.2973	0.2301	0.1689	0.2813	0.1838	0.2572	0.2832	0.1288	0.4222	0.3274
223	0.1822	0.2606	0.2739	0.1047	0.2967	0.2301	0.1692	0.2813	0.1841	0.2577	0.2834	0.1288	0.4225	0.3275
224	0.1815	0.2624	0.2733	0.1045	0.2959	0.2303	0.1693	0.2811	0.1839	0.2572	0.283	0.1288	0.4233	0.3275
225	0.1806	0.2578	0.2734	0.1048	0.296	0.2309	0.1697	0.2815	0.1838	0.2575	0.2832	0.1289	0.4235	0.3277
226	0.1805	0.2625	0.274	0.105	0.297	0.2308	0.1698	0.2819	0.1838	0.2573	0.2835	0.1291	0.424	0.3283
227	0.18	0.2617	0.2739	0.105	0.2968	0.2307	0.17	0.2819	0.1841	0.2579	0.2838	0.129	0.4237	0.3282
228	0.1804	0.2608	0.2733	0.1048	0.2961	0.2308	0.1697	0.2816	0.1841	0.258	0.2836	0.1291	0.424	0.328
229	0.1797	0.2618	0.2739	0.1047	0.2968	0.2311	0.1701	0.2822	0.1841	0.2585	0.284	0.1291	0.4239	0.3283
230	0.1795	0.2616	0.2747	0.1049	0.2974	0.2312	0.1699	0.2823	0.1842	0.2583	0.284	0.129	0.424	0.3284
231	0.1792	0.262	0.2748	0.1057	0.2977	0.2307	0.1692	0.2821	0.1843	0.2584	0.2843	0.1293	0.4243	0.3289
232	0.1788	0.2633	0.2753	0.1058	0.2983	0.2309	0.1695	0.2826	0.1848	0.2594	0.285	0.1293	0.4246	0.3292
233	0.1773	0.264	0.2754	0.1059	0.2983	0.2313	0.1696	0.2827	0.1849	0.2595	0.2851	0.1293	0.4246	0.3292
234	0.178	0.2619	0.2754	0.1059	0.2983	0.2314	0.1692	0.2827	0.1849	0.2595	0.2852	0.1293	0.4246	0.3293
235	0.1773	0.2606	0.2762	0.106	0.2987	0.2314	0.17	0.2829	0.1852	0.2597	0.2853	0.1293	0.4247	0.3293
236	0.177	0.2606	0.2748	0.1052	0.298	0.2318	0.1703	0.2831	0.1851	0.2598	0.2853	0.1294	0.4245	0.3293
237	0.1756	0.2608	0.276	0.1057	0.2989	0.2316	0.1706	0.2832	0.1852	0.2601	0.2855	0.1295	0.4248	0.3296
238	0.1757	0.262	0.2765	0.1063	0.2993	0.2318	0.1705	0.2834	0.1851	0.2598	0.2856	0.1295	0.4247	0.3298
239	0.1758	0.2628	0.2759	0.1056	0.2987	0.2315	0.1704	0.2831	0.1855	0.2602	0.2857	0.1297	0.4262	0.33
240	0.176	0.2607	0.2756	0.1062	0.2988	0.2319	0.1709	0.2836	0.1854	0.2604	0.286	0.1296	0.4258	0.3302
241	0.1756	0.2619	0.2755	0.1059	0.2982	0.232	0.171	0.2833	0.1858	0.2609	0.286	0.1296	0.4259	0.33
242	0.1759	0.2607	0.2756	0.1059	0.2987	0.2315	0.1706	0.2833	0.1854	0.2607	0.2861	0.1296	0.4262	0.3303
243	0.1746	0.2608	0.2754	0.106	0.2988	0.2315	0.1703	0.2834	0.1857	0.2614	0.2866	0.1296	0.4259	0.3305
244	0.1739	0.2605	0.2753	0.1057	0.2986	0.2321	0.1711	0.2838	0.1859	0.2616	0.2866	0.1296	0.4262	0.3305
245	0.1749	0.2644	0.2754	0.1054	0.2987	0.232	0.1711	0.2839	0.1859	0.2613	0.2867	0.1295	0.4259	0.3305
246	0.1735	0.2594	0.2751	0.1059	0.2987	0.2323	0.1715	0.2842	0.186	0.2617	0.287	0.1296	0.4264	0.3309
247	0.1733	0.2633	0.2755	0.1061	0.2992	0.2326	0.1715	0.2845	0.1859	0.2613	0.2869	0.1298	0.4266	0.3312
248	0.1733	0.2621	0.276	0.1062	0.2998	0.2327	0.1719	0.285	0.186	0.2615	0.2873	0.1298	0.4264	0.3313
249	0.1737	0.2618	0.276	0.1058	0.2992	0.2323	0.172	0.2843	0.186	0.2621	0.287	0.1297	0.4268	0.3311
250	0.173	0.2632	0.2759	0.1058	0.299	0.2329	0.1719	0.2846	0.186	0.2623	0.2871	0.1299	0.4276	0.3313
251	0.1725	0.2664	0.2759	0.106	0.2994	0.2328	0.172	0.2848	0.186	0.2623	0.2873	0.1298	0.4276	0.3315
252	0.1724	0.2641	0.2762	0.1062	0.2997	0.2329	0.172	0.285	0.1861	0.2622	0.2874	0.1298	0.4275	0.3316
253	0.1713	0.2592	0.2762	0.1062	0.2995	0.2324	0.1718	0.2845	0.1862	0.2625	0.2875	0.1299	0.428	0.3317
254	0.1717	0.2642	0.2765	0.1064	0.2996	0.2328	0.1725	0.2848	0.1863	0.2625	0.2874	0.1299	0.4275	0.3315
255	0.1709	0.2659	0.276	0.1061	0.2991	0.2332	0.1729	0.285	0.1863	0.2629	0.2874	0.1299	0.4279	0.3316
256	0.1718	0.2627	0.2756	0.1064	0.299	0.2329	0.1725	0.2848	0.1861	0.263	0.2874	0.13	0.4286	0.3319
257	0.1703	0.2643	0.2758	0.1061	0.2989	0.2329	0.1727	0.2847	0.1864	0.2629	0.2875	0.1301	0.4286	0.3318
258	0.1695	0.2627	0.2761	0.1059	0.2989	0.2333	0.1727	0.2849	0.1866	0.263	0.2876	0.1301	0.4285	0.3318
259	0.1707	0.2629	0.2771	0.1068	0.2997	0.2336	0.1727	0.285	0.1869	0.2638	0.288	0.1302	0.4288	0.3319
260	0.1699	0.2628	0.2765	0.1064	0.2998	0.2334	0.1728	0.2854	0.1868	0.2637	0.2882	0.1302	0.4289	0.3322
261	0.1698	0.2621	0.2772	0.1071	0.3004	0.233	0.1725	0.2852	0.1871	0.264	0.2886	0.1302	0.4286	0.3324
262	0.169	0.2621	0.2769	0.1067	0.3001	0.2332	0.1728	0.2853	0.1873	0.2639	0.2885	0.1303	0.4294	0.3326
263	0.1682	0.2643	0.2774	0.1073	0.3003	0.2337	0.1731	0.2856	0.1871	0.2643	0.2886	0.1303	0.4296	0.3327
264	0.1681	0.2656	0.2773	0.1071	0.3006	0.2337	0.1732	0.2859	0.1869	0.264	0.2887	0.1303	0.4299	0.333
265	0.1681	0.2647	0.2767	0.1067	0.2997	0.2333	0.1729	0.2852	0.1873	0.2642	0.2886	0.1304	0.4303	0.3328
266	0.1678	0.2629	0.2777	0.1072	0.3002	0.2338	0.1728	0.2853	0.1873	0.2641	0.2885	0.1304	0.4303	0.3328
267	0.1683	0.2628	0.2783	0.1076	0.3011	0.2333	0.1722	0.2853	0.1871	0.264	0.2887	0.1303	0.4299	0.333
268	0.1673	0.2649	0.2788	0.1081	0.3013	0.233	0.1721	0.2851	0.1873	0.2643	0.2888	0.1305	0.4302	0.3331
269	0.1664	0.2656	0.2783	0.1081	0.3012	0.2335	0.173	0.2857	0.1872	0.2644	0.2891	0.1304	0.4298	0.3333
270	0.1674	0.2643	0.2774	0.108	0.3005	0.2336	0.1733	0.2857	0.1873	0.2645	0.289	0.1306	0.4312	0.3336
271	0.1668	0.2633	0.2778	0.1079	0.3006	0.234	0.1739	0.286	0.1874	0.2645	0.289	0.1305	0.4309	0.3335
272	0.166	0.2648	0.2776	0.1081	0.2999	0.2336	0.1733	0.2852	0.1876	0.2648	0.2888	0.1304	0.4305	0.3331
273	0.165	0.2644	0.2771	0.1074	0.2997	0.2337	0.1736	0.2854	0.1878	0.2651	0.2891	0.1304	0.431	0.3332
274	0.1662	0.2648	0.2773	0.1076	0.3002	0.2331	0.1732	0.2852	0.1877	0.265	0.2892	0.1304	0.431	0.3334
275	0.1651	0.2648	0.2776	0.1075	0.3003	0.2338	0.1735	0.2856	0.1878	0.2652	0.2893	0.1304	0.4309	0.3334
276	0.1652	0.2635	0.2783	0.1078	0.3012	0.2337	0.1733	0.2859	0.188	0.2655	0.2898	0.1304	0.4316	0.3339
277	0.1643	0.2642	0.278	0.1078	0.3009	0.2342	0.1739	0.2862	0.1882	0.2653	0.2897	0.1306	0.4319	0.334
278	0.1643	0.2676	0.2783	0.1078	0.3014	0.2344	0.1742	0.2867	0.1882	0.2654	0.2901	0.1306	0.4318	0.3343
279	0.1637	0.2664	0.2783	0.1075	0.3015	0.234	0.1742	0.2866	0.1882	0.2654	0.2901	0.1306	0.4317	0.3343
280	0.164	0.2651	0.2793	0.1081	0.3024	0.2348	0.1749	0.2874	0.1885	0.2656	0.2906	0.1306	0.4314	0.3344
281	0.164	0.2665	0.2791	0.1083	0.3021	0.2347	0.1749	0.2871	0.1882	0.2656	0.2902	0.1306	0.4316	0.3344
282	0.163	0.2656	0.2783	0.1082	0.3013	0.2347	0.1752	0.287	0.1883	0.2658	0.2902	0.1306	0.4321	0.3344
283	0.1647	0.2638	0.2776	0.1081	0.3006	0.2341	0.1746	0.2863	0.1881	0.2655	0.2897	0.1307	0.4323	0.3342
284	0.1623	0.2683	0.278	0.1082	0.3013	0.2346	0.1748	0.2869	0.1881	0.2655	0.29	0.1307	0.432	0.3344
285	0.1626	0.2681	0.2784	0.1087	0.3013	0.2348	0.1751	0.2869	0.1882	0.2656	0.29	0.1307	0.4322	0.3345
286	0.1617	0.2659	0.2781	0.1084	0.301	0.2348	0.1753	0.2869	0.1886	0.2663	0.2903	0.1307	0.4321	0.3345
287	0.1623	0.2695	0.2778	0.1083	0.3014	0.2341	0.1749	0.2868	0.1884	0.2664	0.2906	0.1307	0.4324	0.3348
288	0.1614	0.2642	0.2779	0.1086	0.3011	0.2341	0.1749	0.2865	0.1885	0.2665	0.2904	0.1308	0.4323	0.3346
289	0.1614	0.2679	0.2782	0.1086	0.3013	0.2346	0.1751	0.2869	0.1886	0.267	0.2907	0.1308	0.4327	0.3349
290	0.1611	0.2696	0.2784	0.1089	0.3018	0.2344	0.1752	0.287	0.1886	0.2667	0.2908	0.1307	0.4322	0.3349
291	0.1614	0.2671	0.2789	0.1087	0.3021	0.2345	0.1754	0.2873	0.1884	0.2663	0.2907	0.1308	0.4328	0.3352
292	0.1607	0.2691	0.2785	0.1088	0.3014	0.2341	0.1754	0.2867	0.1889	0.2665	0.2907	0.1308	0.4326	0.3349
293	0.1599	0.2677	0.2779	0.1086	0.3006	0.2343	0.1753	0.2866	0.1886	0.2665	0.2903	0.1307	0.4326	0.3347
294	0.1611	0.2659	0.2785	0.1089	0.3012	0.2343	0.1751	0.2867	0.1888	0.2667	0.2907	0.1308	0.4334	0.335
295	0.1596	0.2679	0.2776	0.1084	0.3006	0.2342	0.1752	0.2866	0.1889	0.2669	0.2907	0.1309	0.4331	0.335
296	0.1594	0.269	0.2781	0.1086	0.3009	0.2343	0.1753	0.2868	0.1887	0.2665	0.2906	0.131	0.4333	0.3352
297	0.1594	0.2678	0.2793	0.1091	0.3016	0.2347	0.1751	0.2869	0.1886	0.267	0.2907	0.131	0.4328	0.3351
298	0.159	0.2693	0.2799	0.1092	0.3021	0.2351	0.1756	0.2874	0.1888	0.2669	0.2909	0.131	0.4336	0.3354
299	0.158	0.2692	0.279	0.109	0.3015	0.2352	0.1756	0.2873	0.1888	0.2673	0.2909	0.131	0.4334	0.3353
300	0.159	0.271	0.2798	0.1094	0.3019	0.2353	0.1757	0.2874	0.1887	0.2671	0.2908	0.131	0.4336	0.3354
301	0.1581	0.2672	0.2789	0.1092	0.3018	0.2348	0.1752	0.2873	0.1886	0.2674	0.2911	0.131	0.4336	0.3357
302	0.1577	0.2696	0.2786	0.1092	0.3014	0.235	0.1758	0.2874	0.1884	0.2669	0.2908	0.1311	0.4341	0.3357
303	0.1572	0.2687	0.2782	0.1092	0.3014	0.2352	0.1756	0.2877	0.1885	0.267	0.291	0.1312	0.4343	0.336
304	0.1576	0.269	0.2787	0.1093	0.3016	0.235	0.176	0.2875	0.1886	0.2673	0.291	0.1312	0.4347	0.336
305	0.1569	0.2678	0.2788	0.1095	0.302	0.2345	0.1758	0.2874	0.1889	0.2678	0.2914	0.1311	0.4346	0.3361
306	0.1571	0.2729	0.2789	0.1098	0.3019	0.2346	0.1757	0.2874	0.1889	0.2675	0.2914	0.1312	0.435	0.3363
307	0.1572	0.2702	0.2783	0.1097	0.3016	0.2343	0.1752	0.2871	0.1888	0.2678	0.2914	0.1312	0.4344	0.3362
308	0.1566	0.2687	0.2793	0.1101	0.3024	0.2346	0.1758	0.2875	0.1889	0.2678	0.2916	0.1312	0.4347	0.3365
309	0.1561	0.2698	0.2782	0.1102	0.3015	0.2346	0.1757	0.2873	0.1887	0.2681	0.2915	0.1313	0.4347	0.3365
310	0.1562	0.2718	0.2786	0.1103	0.3015	0.2342	0.1755	0.2868	0.1891	0.2691	0.2917	0.1311	0.4343	0.3361
311	0.1561	0.2689	0.2783	0.1103	0.3016	0.2341	0.1757	0.287	0.189	0.2689	0.2918	0.1313	0.4351	0.3366
312	0.1553	0.2692	0.2787	0.1104	0.302	0.2348	0.1759	0.2875	0.1888	0.2684	0.2917	0.1313	0.4355	0.3367
313	0.1558	0.2692	0.2783	0.1103	0.3018	0.2348	0.1763	0.2877	0.1887	0.2687	0.2918	0.1314	0.4355	0.3369
314	0.1553	0.2694	0.2787	0.1103	0.3024	0.2348	0.1761	0.2879	0.1887	0.2686	0.292	0.1314	0.436	0.3373
315	0.1546	0.2733	0.2787	0.1103	0.3022	0.2347	0.1759	0.2878	0.1885	0.268	0.2916	0.1312	0.4356	0.337
316	0.1554	0.2727	0.2785	0.11	0.3019	0.2347	0.1762	0.2877	0.1884	0.2679	0.2915	0.1313	0.4362	0.3371
317	0.1544	0.2733	0.2784	0.1099	0.3014	0.2347	0.1761	0.2874	0.1886	0.2678	0.2914	0.1313	0.4362	0.3369
318	0.1536	0.2698	0.2782	0.1095	0.3011	0.235	0.1765	0.2874	0.1885	0.2681	0.2913	0.1313	0.4361	0.3368
319	0.1538	0.2723	0.2785	0.1101	0.3016	0.2344	0.1761	0.2871	0.1889	0.2686	0.2916	0.1315	0.4369	0.3371
320	0.1531	0.2715	0.2784	0.1102	0.3016	0.2347	0.1764	0.2874	0.189	0.2692	0.2919	0.1316	0.4366	0.3371
321	0.153	0.2733	0.2793	0.1106	0.3021	0.235	0.1767	0.2877	0.1891	0.2692	0.292	0.1316	0.4372	0.3375
322	0.1539	0.274	0.2785	0.1103	0.3016	0.2351	0.1766	0.2877	0.1891	0.2692	0.292	0.1316	0.4367	0.3373
323	0.1525	0.272	0.2787	0.1105	0.3018	0.2357	0.1771	0.2882	0.189	0.269	0.292	0.1317	0.4368	0.3374
324	0.1523	0.2716	0.278	0.1101	0.3013	0.236	0.1774	0.2884	0.1892	0.2691	0.292	0.1316	0.4367	0.3374
325	0.1529	0.2726	0.2777	0.1107	0.3011	0.2363	0.1777	0.2885	0.1893	0.2689	0.292	0.1315	0.4364	0.3372
326	0.1525	0.2736	0.2775	0.1104	0.301	0.2364	0.1779	0.2886	0.1893	0.2688	0.292	0.1315	0.4369	0.3373
327	0.152	0.2743	0.2774	0.1105	0.3012	0.236	0.1777	0.2885	0.1891	0.2687	0.292	0.1314	0.4363	0.3372
328	0.1519	0.275	0.2772	0.1105	0.3007	0.236	0.1781	0.2884	0.189	0.2689	0.2919	0.1315	0.4366	0.3373
329	0.1523	0.2748	0.2778	0.1106	0.3016	0.2355	0.1777	0.2884	0.189	0.269	0.2922	0.1315	0.4367	0.3376
330	0.152	0.2703	0.2778	0.1105	0.3014	0.2358	0.1778	0.2885	0.189	0.269	0.2922	0.1315	0.4372	0.3377
331	0.1516	0.2733	0.2771	0.1101	0.3006	0.236	0.178	0.2884	0.1891	0.2693	0.2922	0.1315	0.437	0.3376
332	0.1511	0.2714	0.2769	0.1101	0.3004	0.2362	0.1779	0.2884	0.1888	0.269	0.292	0.1315	0.4369	0.3376
333	0.151	0.2774	0.2776	0.1106	0.3009	0.2362	0.1779	0.2885	0.1892	0.2696	0.2922	0.1315	0.4369	0.3376
334	0.1506	0.2725	0.2777	0.1105	0.3011	0.236	0.1776	0.2884	0.1892	0.2693	0.2923	0.1315	0.4374	0.3377
335	0.1501	0.2758	0.2776	0.1104	0.3011	0.2361	0.1782	0.2887	0.1892	0.2692	0.2924	0.1315	0.4371	0.3378
336	0.1489	0.2751	0.2778	0.1105	0.3011	0.2358	0.178	0.2884	0.1893	0.2699	0.2925	0.1315	0.437	0.3377
337	0.1498	0.2776	0.2778	0.1108	0.3015	0.2361	0.1778	0.2887	0.1895	0.2703	0.2929	0.1313	0.4362	0.3376
338	0.1489	0.2739	0.2774	0.1103	0.3013	0.236	0.1775	0.2888	0.1897	0.2707	0.2932	0.1314	0.4368	0.338
339	0.1492	0.2742	0.2778	0.1106	0.3016	0.2359	0.1773	0.2887	0.1895	0.2704	0.2931	0.1313	0.4373	0.3381
340	0.1496	0.2746	0.2775	0.1106	0.3014	0.2361	0.1778	0.2889	0.1896	0.2705	0.2932	0.1313	0.4372	0.3381
341	0.1487	0.2747	0.2785	0.1108	0.3022	0.2364	0.1777	0.2893	0.1897	0.2708	0.2935	0.1312	0.4375	0.3383
342	0.1484	0.2732	0.2774	0.1105	0.3009	0.236	0.1774	0.2886	0.1897	0.2706	0.2932	0.1314	0.4378	0.3382
343	0.1482	0.2754	0.2769	0.1101	0.3006	0.236	0.1776	0.2885	0.1896	0.2709	0.2931	0.1315	0.4383	0.3383
344	0.1482	0.2743	0.2772	0.1104	0.301	0.2358	0.1776	0.2885	0.1897	0.271	0.2933	0.1314	0.438	0.3383
345	0.1477	0.2785	0.2769	0.1102	0.3007	0.2359	0.1777	0.2886	0.1898	0.271	0.2934	0.1314	0.4382	0.3384
346	0.1477	0.2765	0.2775	0.1104	0.3016	0.2358	0.1774	0.2888	0.1898	0.2708	0.2935	0.1315	0.4386	0.3387
347	0.1473	0.2744	0.2785	0.1106	0.3021	0.236	0.1777	0.289	0.1898	0.2708	0.2936	0.1316	0.4385	0.3388
348	0.1476	0.2758	0.2781	0.1103	0.3018	0.2362	0.1773	0.289	0.1897	0.2708	0.2935	0.1316	0.4385	0.3388
349	0.1477	0.2762	0.2779	0.1101	0.3018	0.2364	0.1779	0.2894	0.1896	0.2706	0.2936	0.1318	0.4393	0.3392
350	0.1475	0.2735	0.2782	0.1105	0.3018	0.2361	0.1775	0.2889	0.1897	0.2708	0.2935	0.1317	0.4386	0.3389
351	0.1473	0.2774	0.2779	0.1108	0.3018	0.2362	0.1775	0.2891	0.1896	0.2705	0.2935	0.1317	0.4385	0.339
352	0.1464	0.2775	0.2778	0.1104	0.3015	0.2362	0.1774	0.289	0.1896	0.2708	0.2935	0.1318	0.4391	0.3391
353	0.1477	0.2776	0.2782	0.1102	0.3018	0.2359	0.1775	0.2888	0.1897	0.2711	0.2936	0.1316	0.4388	0.3389
354	0.1465	0.277	0.2778	0.1103	0.3015	0.2357	0.177	0.2885	0.1895	0.2704	0.2932	0.1317	0.4391	0.3389
355	0.1464	0.2728	0.2779	0.1101	0.3013	0.2361	0.1774	0.2886	0.1898	0.2711	0.2934	0.1317	0.439	0.3388
356	0.1458	0.2752	0.2775	0.1099	0.3008	0.2361	0.1776	0.2886	0.1896	0.2711	0.2932	0.1318	0.4395	0.339
357	0.1458	0.2751	0.2777	0.1102	0.3012	0.2364	0.1778	0.289	0.1894	0.2703	0.2932	0.1318	0.4395	0.3391
358	0.1464	0.2773	0.2766	0.1103	0.3001	0.2363	0.1775	0.2885	0.1895	0.2706	0.293	0.1316	0.4395	0.3388
359	0.1449	0.2761	0.2776	0.1107	0.3014	0.2363	0.1778	0.2891	0.1897	0.2711	0.2937	0.1317	0.439	0.3392
360	0.1452	0.281	0.2761	0.1099	0.3002	0.2365	0.1782	0.2891	0.1898	0.2713	0.2936	0.1317	0.4395	0.3391
361	0.1454	0.2764	0.2775	0.1105	0.3013	0.2371	0.1788	0.2897	0.1899	0.272	0.2939	0.1318	0.4395	0.3394
362	0.1448	0.2802	0.2773	0.1108	0.3014	0.2372	0.1787	0.2899	0.19	0.2717	0.2941	0.1318	0.4399	0.3397
363	0.1445	0.2799	0.2773	0.1107	0.3015	0.237	0.1785	0.2898	0.19	0.2715	0.2941	0.1318	0.4399	0.3397
364	0.1451	0.2781	0.2778	0.1109	0.3017	0.2369	0.1786	0.2897	0.19	0.2718	0.2941	0.1317	0.4395	0.3395
365	0.1447	0.2775	0.2768	0.1107	0.3006	0.2371	0.1787	0.2894	0.1902	0.2726	0.2941	0.1317	0.4394	0.3392
366	0.1448	0.2793	0.2772	0.1111	0.3013	0.2368	0.1787	0.2895	0.19	0.2718	0.294	0.1317	0.4397	0.3394
367	0.1429	0.2797	0.2772	0.1112	0.301	0.2366	0.1788	0.2893	0.19	0.2723	0.294	0.1317	0.4396	0.3393
368	0.1439	0.2794	0.2771	0.1114	0.3011	0.2368	0.1788	0.2895	0.19	0.2724	0.2941	0.1317	0.4398	0.3395
369	0.1431	0.2809	0.2778	0.1115	0.3014	0.2365	0.1785	0.2891	0.1901	0.2723	0.294	0.1318	0.4401	0.3394
370	0.1437	0.2807	0.2779	0.1114	0.3016	0.2367	0.1785	0.2894	0.19	0.2722	0.2941	0.1318	0.4404	0.3396
371	0.143	0.2789	0.2784	0.112	0.302	0.2365	0.1787	0.2894	0.1899	0.2724	0.2942	0.132	0.4411	0.3401
372	0.1428	0.2788	0.2779	0.1117	0.3016	0.2364	0.1785	0.2892	0.1901	0.2723	0.2942	0.1319	0.4405	0.3398
373	0.1431	0.2771	0.2784	0.1119	0.3018	0.2366	0.1786	0.2892	0.1902	0.2727	0.2943	0.1318	0.4402	0.3396
374	0.1425	0.2814	0.2782	0.1118	0.3017	0.2366	0.1788	0.2893	0.1904	0.2727	0.2944	0.1318	0.4395	0.3395
375	0.1426	0.2776	0.278	0.1112	0.3014	0.2365	0.1788	0.2893	0.1903	0.2726	0.2944	0.1318	0.4393	0.3396
376	0.1425	0.2786	0.2792	0.112	0.3026	0.2364	0.1788	0.2894	0.1903	0.2728	0.2946	0.1319	0.44	0.34
377	0.1421	0.2837	0.279	0.1119	0.3026	0.2367	0.1791	0.2898	0.1902	0.2726	0.2947	0.1319	0.4405	0.3402
378	0.1416	0.2829	0.2787	0.1117	0.3022	0.2364	0.179	0.2895	0.1901	0.2725	0.2945	0.1319	0.4403	0.34
379	0.1421	0.2824	0.2785	0.1113	0.3021	0.2365	0.1788	0.2896	0.1903	0.2726	0.2946	0.1318	0.4404	0.3401
380	0.1415	0.2821	0.279	0.1119	0.3022	0.2366	0.1789	0.2895	0.1903	0.2725	0.2945	0.1319	0.4405	0.34
381	0.1412	0.2823	0.279	0.1118	0.3021	0.2364	0.1788	0.2893	0.1903	0.2728	0.2946	0.1319	0.4405	0.34
382	0.1413	0.283	0.2784	0.1117	0.3017	0.2364	0.1787	0.2893	0.1905	0.2731	0.2948	0.132	0.4407	0.3402
383	0.1405	0.2827	0.2786	0.1117	0.3018	0.2365	0.1787	0.2893	0.1908	0.2738	0.295	0.1319	0.4407	0.34
384	0.1409	0.2844	0.2783	0.1119	0.3015	0.2369	0.1791	0.2895	0.1905	0.2734	0.2946	0.1319	0.4406	0.3399
385	0.1411	0.2845	0.2777	0.1116	0.301	0.2362	0.1786	0.2889	0.1903	0.2732	0.2945	0.1318	0.4406	0.3399
386	0.1404	0.2812	0.2777	0.1118	0.3013	0.236	0.1784	0.2889	0.1905	0.2734	0.2948	0.1317	0.4404	0.3399
387	0.14	0.2843	0.2782	0.1121	0.3018	0.2357	0.1783	0.2888	0.1907	0.2735	0.295	0.1317	0.4404	0.34
388	0.1403	0.2852	0.2777	0.1118	0.3009	0.2358	0.178	0.2883	0.1901	0.2727	0.294	0.1317	0.4404	0.3396
389	0.1396	0.2834	0.2776	0.1118	0.3009	0.2361	0.1783	0.2885	0.1904	0.2729	0.2941	0.1318	0.4406	0.3396
390	0.1396	0.2826	0.2779	0.1119	0.3015	0.2366	0.179	0.2894	0.1903	0.2726	0.2944	0.1318	0.4409	0.3401
391	0.1398	0.2831	0.2778	0.112	0.3012	0.2362	0.179	0.2889	0.1904	0.2729	0.2943	0.1317	0.4407	0.3398
392	0.1396	0.2843	0.2778	0.112	0.301	0.2359	0.1789	0.2887	0.1903	0.2727	0.2942	0.1318	0.441	0.3399
393	0.1397	0.2831	0.2783	0.1123	0.3011	0.2362	0.179	0.2887	0.1905	0.273	0.2942	0.1317	0.4405	0.3396
394	0.1391	0.2855	0.2784	0.1125	0.3014	0.2363	0.179	0.2889	0.1903	0.2728	0.2942	0.1317	0.4401	0.3396
395	0.1383	0.2831	0.2788	0.1125	0.3013	0.2363	0.1791	0.2888	0.1901	0.2728	0.294	0.1316	0.4404	0.3396
396	0.139	0.28	0.2787	0.1124	0.3013	0.2362	0.1792	0.2888	0.19	0.2728	0.294	0.1317	0.4409	0.3398
397	0.1386	0.2819	0.2789	0.1127	0.3018	0.2362	0.1789	0.2891	0.1901	0.2729	0.2943	0.1317	0.4407	0.34
398	0.1384	0.2854	0.2783	0.112	0.3015	0.2361	0.1794	0.2891	0.1902	0.2733	0.2946	0.1317	0.441	0.3402
399	0.138	0.285	0.2778	0.1119	0.3007	0.2363	0.1796	0.289	0.1901	0.273	0.2942	0.1317	0.4409	0.34
400	0.139	0.284	0.2777	0.1121	0.301	0.2359	0.1793	0.289	0.19	0.2733	0.2945	0.1316	0.4408	0.3401
401	0.138	0.2825	0.2785	0.1124	0.3019	0.236	0.1795	0.2893	0.19	0.2726	0.2945	0.1317	0.441	0.3403
402	0.1383	0.287	0.2791	0.1126	0.3022	0.2361	0.1792	0.2893	0.1901	0.2729	0.2946	0.1316	0.4409	0.3403
403	0.1381	0.2837	0.2778	0.1124	0.3015	0.2358	0.1793	0.2892	0.1901	0.2733	0.2948	0.1316	0.441	0.3404
404	0.1378	0.2841	0.278	0.1125	0.3016	0.2363	0.1798	0.2895	0.19	0.2734	0.2947	0.1316	0.4413	0.3405
405	0.1377	0.2852	0.2784	0.1125	0.3018	0.2367	0.1801	0.2898	0.1902	0.2735	0.2949	0.1317	0.4414	0.3406
406	0.1371	0.2884	0.2779	0.1118	0.3013	0.2361	0.1795	0.2893	0.1905	0.2736	0.2949	0.1317	0.4413	0.3405
407	0.137	0.2855	0.2779	0.1118	0.3012	0.2363	0.1798	0.2894	0.1905	0.2738	0.2949	0.1317	0.4414	0.3404
408	0.1373	0.2844	0.2791	0.1124	0.3021	0.2365	0.1798	0.2896	0.1903	0.2735	0.295	0.1317	0.4416	0.3407
409	0.1373	0.2856	0.2786	0.1127	0.3019	0.2363	0.1799	0.2895	0.1904	0.2741	0.2952	0.1317	0.4411	0.3406
410	0.1362	0.2874	0.2795	0.1128	0.3022	0.2367	0.1803	0.2896	0.1902	0.2739	0.2949	0.1316	0.4409	0.3403
411	0.1368	0.286	0.2787	0.1123	0.3016	0.2366	0.1799	0.2895	0.1903	0.2734	0.2948	0.1316	0.4414	0.3405
412	0.1371	0.2851	0.2791	0.1125	0.3018	0.2364	0.1802	0.2894	0.1902	0.2734	0.2947	0.1315	0.4411	0.3403
413	0.1368	0.2869	0.2791	0.1124	0.3021	0.2364	0.18	0.2897	0.19	0.2731	0.2948	0.1314	0.4407	0.3405
414	0.1369	0.2854	0.2784	0.1122	0.3012	0.2361	0.1798	0.289	0.1901	0.2734	0.2946	0.1314	0.4409	0.3402
415	0.1362	0.2883	0.2784	0.1123	0.3013	0.2359	0.1798	0.2892	0.1902	0.2736	0.2948	0.1314	0.4407	0.3403
416	0.1359	0.2875	0.279	0.1126	0.3018	0.2359	0.1803	0.2892	0.1903	0.2733	0.2948	0.1314	0.4411	0.3404
417	0.1354	0.287	0.2788	0.1128	0.3019	0.236	0.1804	0.2895	0.1902	0.2735	0.295	0.1314	0.4415	0.3407
418	0.1358	0.2905	0.2784	0.1124	0.3016	0.2354	0.1803	0.2892	0.1902	0.2734	0.295	0.1315	0.4414	0.3407
419	0.1354	0.2877	0.279	0.1129	0.3019	0.2353	0.1799	0.289	0.1901	0.2732	0.2949	0.1314	0.4415	0.3407
420	0.1351	0.2875	0.279	0.1129	0.3023	0.2352	0.1799	0.2892	0.1901	0.273	0.2951	0.1314	0.4414	0.3408
421	0.1351	0.2899	0.2792	0.1127	0.302	0.2354	0.1802	0.2891	0.1901	0.2728	0.2948	0.1314	0.4419	0.3408
422	0.1353	0.2883	0.2785	0.1123	0.3019	0.2356	0.1806	0.2895	0.1898	0.2727	0.2947	0.1316	0.4419	0.341
423	0.1351	0.2892	0.279	0.1127	0.3019	0.235	0.1798	0.2887	0.19	0.2729	0.2947	0.1315	0.4417	0.3407
424	0.135	0.2873	0.2789	0.1126	0.3019	0.2349	0.1794	0.2886	0.19	0.2731	0.2947	0.1314	0.4419	0.3407
425	0.1345	0.2917	0.2788	0.1124	0.3018	0.2345	0.1792	0.2884	0.1899	0.2729	0.2946	0.1314	0.4421	0.3407
426	0.1339	0.2882	0.2791	0.1128	0.3019	0.2344	0.1794	0.2883	0.1899	0.2727	0.2946	0.1314	0.4419	0.3407
427	0.1346	0.2895	0.2784	0.1126	0.3012	0.235	0.1798	0.2884	0.1899	0.2728	0.2943	0.1314	0.4421	0.3405
428	0.1339	0.2889	0.2789	0.1128	0.3016	0.235	0.1796	0.2885	0.1895	0.2722	0.2941	0.1313	0.4417	0.3405
429	0.1345	0.2912	0.2782	0.1125	0.3013	0.2354	0.1796	0.2888	0.1896	0.2725	0.2944	0.1313	0.4415	0.3406
430	0.1342	0.2909	0.2778	0.1123	0.3009	0.2354	0.1798	0.2888	0.1895	0.2724	0.2942	0.1313	0.4414	0.3404
431	0.1339	0.2892	0.2772	0.1122	0.3006	0.2349	0.1794	0.2885	0.1894	0.2726	0.2942	0.1312	0.441	0.3403
432	0.1337	0.2898	0.2783	0.1126	0.3012	0.2352	0.1795	0.2886	0.1896	0.2726	0.2942	0.1314	0.4416	0.3406
433	0.1329	0.29	0.2781	0.1127	0.3014	0.2351	0.1796	0.2888	0.1898	0.2733	0.2948	0.1312	0.4416	0.3407
434	0.1337	0.2853	0.2775	0.1127	0.301	0.2354	0.1799	0.289	0.1898	0.2728	0.2946	0.1313	0.4417	0.3407
435	0.1331	0.2921	0.2775	0.1127	0.3009	0.2351	0.1802	0.2888	0.1898	0.2729	0.2947	0.1313	0.4416	0.3407
436	0.1341	0.2909	0.2772	0.1126	0.3008	0.2353	0.18	0.2889	0.1897	0.2728	0.2946	0.1312	0.4417	0.3407
437	0.1329	0.2915	0.2779	0.113	0.3011	0.235	0.1799	0.2887	0.1899	0.273	0.2948	0.1312	0.4413	0.3406
438	0.1333	0.2929	0.2777	0.113	0.3011	0.235	0.1799	0.2887	0.1901	0.2735	0.295	0.1313	0.4414	0.3407
439	0.1327	0.2902	0.2781	0.113	0.3012	0.2351	0.1802	0.2887	0.1898	0.2728	0.2945	0.1313	0.4417	0.3406
440	0.1322	0.2905	0.2779	0.113	0.3009	0.2353	0.1804	0.2887	0.1895	0.2725	0.2942	0.1313	0.4416	0.3405
441	0.1328	0.2923	0.2776	0.113	0.301	0.2353	0.1804	0.2889	0.1897	0.2728	0.2945	0.1312	0.4416	0.3406
442	0.1324	0.2927	0.2785	0.1133	0.3016	0.2354	0.1806	0.2891	0.1895	0.2725	0.2944	0.1314	0.4419	0.3409
443	0.1319	0.2928	0.2784	0.113	0.3017	0.2352	0.18	0.2891	0.1897	0.2726	0.2947	0.1313	0.4418	0.341
444	0.1322	0.2928	0.2781	0.1132	0.3015	0.2352	0.1803	0.2891	0.1896	0.273	0.2947	0.1314	0.442	0.3411
445	0.1324	0.2919	0.2786	0.1134	0.3018	0.2353	0.18	0.2891	0.1895	0.2725	0.2945	0.1314	0.442	0.341
446	0.1322	0.2927	0.2788	0.1133	0.3018	0.2351	0.18	0.2889	0.1893	0.2721	0.2944	0.1314	0.4421	0.341
447	0.1318	0.2918	0.2783	0.1132	0.3014	0.2354	0.1799	0.289	0.1894	0.2724	0.2945	0.1313	0.4421	0.341
448	0.1314	0.2937	0.2788	0.1134	0.3018	0.2355	0.1802	0.2891	0.1895	0.2727	0.2946	0.1312	0.4418	0.3408
449	0.1315	0.2901	0.2784	0.1132	0.3017	0.2356	0.18	0.2892	0.1894	0.2726	0.2946	0.1312	0.4417	0.3409
450	0.1309	0.2944	0.2787	0.1134	0.3017	0.2355	0.1799	0.289	0.1894	0.2727	0.2945	0.1312	0.4418	0.3408
451	0.131	0.2918	0.2787	0.1131	0.3016	0.2353	0.1798	0.2888	0.1892	0.2723	0.2942	0.1311	0.4418	0.3407
452	0.1311	0.2927	0.2791	0.1132	0.3018	0.2355	0.1796	0.2888	0.1893	0.2727	0.2943	0.1311	0.4419	0.3406
453	0.1307	0.292	0.2792	0.1131	0.3018	0.2352	0.18	0.2887	0.1895	0.273	0.2944	0.1311	0.4414	0.3405
454	0.1309	0.2959	0.2797	0.1132	0.3021	0.2353	0.1802	0.2889	0.1893	0.2726	0.2943	0.131	0.4412	0.3405
455	0.1305	0.2924	0.2786	0.1129	0.3013	0.2354	0.1802	0.2888	0.1891	0.2728	0.2942	0.1312	0.4421	0.3407
456	0.1305	0.2951	0.2785	0.1128	0.3011	0.2354	0.1802	0.2888	0.189	0.2726	0.2941	0.1312	0.4425	0.3408
457	0.1313	0.2961	0.2787	0.1127	0.3013	0.235	0.1798	0.2886	0.1893	0.2735	0.2945	0.131	0.4417	0.3406
458	0.1304	0.2929	0.279	0.1127	0.3016	0.2353	0.18	0.2889	0.1892	0.2726	0.2943	0.1312	0.4419	0.3408
459	0.1306	0.298	0.2793	0.1133	0.3019	0.2357	0.1801	0.2892	0.1892	0.2728	0.2944	0.1312	0.4416	0.3408
460	0.1296	0.2946	0.2789	0.113	0.3016	0.236	0.1805	0.2894	0.1894	0.2725	0.2944	0.131	0.4414	0.3406
461	0.1296	0.2924	0.279	0.1133	0.302	0.236	0.1805	0.2897	0.1895	0.2724	0.2946	0.1311	0.4415	0.3409
462	0.1303	0.296	0.2791	0.1133	0.302	0.2355	0.1802	0.2892	0.1893	0.2724	0.2945	0.131	0.4414	0.3408
463	0.1298	0.2981	0.2797	0.1136	0.3023	0.2356	0.1806	0.2893	0.1895	0.2731	0.2948	0.1311	0.4417	0.3409
464	0.1296	0.2952	0.2792	0.1134	0.3021	0.2354	0.1805	0.2892	0.1896	0.2734	0.2949	0.1311	0.4421	0.341
465	0.1296	0.2968	0.2794	0.1138	0.3024	0.2351	0.1803	0.2891	0.1895	0.2734	0.2949	0.1311	0.4424	0.3412
466	0.1299	0.2952	0.28	0.1139	0.3031	0.2352	0.1801	0.2894	0.1893	0.2731	0.295	0.1311	0.4423	0.3414
467	0.1293	0.2962	0.28	0.1141	0.3034	0.2353	0.1805	0.2897	0.1894	0.2732	0.2952	0.1311	0.4423	0.3415
468	0.1296	0.294	0.2804	0.1144	0.3035	0.2357	0.181	0.29	0.1893	0.2729	0.295	0.1312	0.4428	0.3415
469	0.1294	0.2954	0.2803	0.1143	0.3035	0.2356	0.1811	0.29	0.1894	0.2734	0.2953	0.1311	0.4429	0.3417
470	0.1293	0.2949	0.281	0.1145	0.3037	0.2354	0.1809	0.2897	0.1895	0.2735	0.2952	0.1311	0.4426	0.3416
471	0.129	0.2925	0.2804	0.114	0.3034	0.2352	0.1806	0.2896	0.1893	0.2732	0.2951	0.131	0.4424	0.3415
472	0.1294	0.2982	0.2802	0.1142	0.303	0.2349	0.1805	0.2893	0.1895	0.2736	0.2952	0.1311	0.4424	0.3415
473	0.129	0.2961	0.2808	0.1142	0.3033	0.2345	0.1803	0.2888	0.1896	0.2735	0.295	0.131	0.4423	0.3412
474	0.129	0.2958	0.2792	0.1136	0.3019	0.2344	0.1802	0.2885	0.1895	0.2733	0.2948	0.131	0.4424	0.3411
475	0.129	0.2957	0.2791	0.1137	0.302	0.2347	0.1806	0.2889	0.1894	0.2733	0.2949	0.131	0.4426	0.3413
476	0.1284	0.2948	0.2797	0.114	0.3028	0.2351	0.181	0.2895	0.1894	0.2729	0.295	0.1309	0.4427	0.3415
477	0.1281	0.2936	0.2795	0.1137	0.3028	0.2348	0.1809	0.2894	0.1896	0.2735	0.2953	0.1309	0.4423	0.3415
478	0.1283	0.2985	0.2797	0.1137	0.3032	0.235	0.1807	0.2896	0.1896	0.2739	0.2955	0.1309	0.4423	0.3415
479	0.1275	0.2951	0.2789	0.1137	0.3023	0.2345	0.1804	0.2889	0.1899	0.2745	0.2955	0.131	0.4425	0.3414
480	0.1278	0.2985	0.2788	0.1134	0.3023	0.2341	0.1798	0.2887	0.1897	0.2743	0.2955	0.131	0.4428	0.3416
481	0.1287	0.3001	0.2787	0.1135	0.3021	0.2338	0.1795	0.2884	0.1896	0.2741	0.2952	0.1309	0.4427	0.3414
482	0.1274	0.2981	0.2797	0.1141	0.3029	0.2348	0.1807	0.2894	0.1895	0.2744	0.2954	0.1308	0.442	0.3414
483	0.1283	0.3017	0.2794	0.1141	0.3029	0.2351	0.1809	0.2896	0.1896	0.2742	0.2955	0.131	0.4424	0.3416
484	0.1278	0.2969	0.2798	0.1144	0.3031	0.2351	0.181	0.2897	0.1895	0.2741	0.2954	0.1308	0.4417	0.3413
485	0.1274	0.2985	0.2808	0.1146	0.3035	0.2347	0.1809	0.2894	0.1895	0.2746	0.2955	0.1309	0.4419	0.3414
486	0.1271	0.2957	0.2805	0.1147	0.3032	0.2349	0.1811	0.2894	0.1894	0.2745	0.2953	0.1307	0.4416	0.3411
487	0.1274	0.3039	0.28	0.1146	0.3027	0.2348	0.1811	0.2891	0.1893	0.2743	0.295	0.1309	0.4422	0.3411
488	0.1272	0.2972	0.2793	0.1144	0.3022	0.2348	0.1806	0.2889	0.1892	0.2742	0.2949	0.1308	0.4422	0.341
489	0.127	0.2981	0.2791	0.1143	0.3019	0.2344	0.1806	0.2886	0.1891	0.2736	0.2946	0.1309	0.4428	0.3411
490	0.1266	0.304	0.2794	0.1144	0.3023	0.2342	0.1803	0.2885	0.189	0.2735	0.2946	0.1309	0.4425	0.3411
491	0.1267	0.3016	0.28	0.1144	0.3023	0.2346	0.1806	0.2885	0.1892	0.2742	0.2947	0.1307	0.4423	0.3408
492	0.1266	0.3003	0.279	0.1139	0.3015	0.2345	0.1805	0.2884	0.1893	0.2744	0.2947	0.1307	0.4421	0.3407
493	0.1267	0.3041	0.2788	0.1142	0.3015	0.2341	0.1805	0.2882	0.189	0.274	0.2945	0.1306	0.4419	0.3407
494	0.1267	0.2974	0.2793	0.1144	0.3021	0.2342	0.1806	0.2885	0.1889	0.2737	0.2946	0.1306	0.4421	0.3409
495	0.126	0.3024	0.2793	0.1145	0.3019	0.2343	0.1805	0.2884	0.1889	0.2739	0.2945	0.1307	0.4424	0.3409
496	0.1263	0.2983	0.2793	0.1146	0.3017	0.2348	0.1811	0.2886	0.1886	0.2735	0.2941	0.1306	0.4421	0.3407
497	0.126	0.2986	0.2788	0.1146	0.3017	0.2344	0.1805	0.2885	0.1886	0.2732	0.2942	0.1307	0.4424	0.3409
498	0.1256	0.2991	0.2788	0.1146	0.3021	0.2343	0.1805	0.2887	0.1886	0.2733	0.2945	0.1308	0.4427	0.3413
499	0.1259	0.3002	0.2786	0.1147	0.3019	0.2341	0.1803	0.2886	0.1886	0.2732	0.2946	0.1307	0.4427	0.3414
500	0.1257	0.3042	0.2786	0.1145	0.3021	0.2339	0.1802	0.2886	0.1889	0.2739	0.295	0.1307	0.4426	0.3414
