{"n_layers": 1, "device": "cuda", "batch_size": 2048, "embedding_dim": 128, "learning_rate": 0.001, "dataset": "dbbook", "epochs": 150, "top_k": 20, "multimodal": true, "datasets": {"dbbook": ["images", "text"], "ml1m": ["audio", "images", "text", "video"]}}
Epoch	Loss	Recall	Precision	NDCG
1	0.6924	0.0130	0.0041	0.0089
2	0.6897	0.0400	0.0131	0.0326
3	0.6858	0.0679	0.0231	0.0543
4	0.6796	0.0843	0.0291	0.0644
5	0.6698	0.0891	0.0310	0.0659
6	0.6549	0.0884	0.0312	0.0642
7	0.6342	0.0876	0.0307	0.0620
8	0.6069	0.0853	0.0299	0.0595
9	0.5746	0.0842	0.0296	0.0581
10	0.5388	0.0825	0.0293	0.0564
11	0.5025	0.0814	0.0289	0.0555
12	0.4664	0.0807	0.0286	0.0549
13	0.4329	0.0797	0.0283	0.0541
14	0.4019	0.0794	0.0282	0.0538
15	0.3742	0.0792	0.0282	0.0537
16	0.3515	0.0791	0.0281	0.0538
17	0.3269	0.0791	0.0281	0.0541
18	0.3101	0.0794	0.0282	0.0545
19	0.2921	0.0801	0.0284	0.0551
20	0.2766	0.0805	0.0286	0.0554
21	0.2621	0.0810	0.0287	0.0560
22	0.2488	0.0815	0.0289	0.0563
23	0.2357	0.0825	0.0292	0.0568
24	0.2261	0.0831	0.0293	0.0572
25	0.2155	0.0836	0.0294	0.0575
26	0.2079	0.0842	0.0296	0.0580
27	0.2000	0.0846	0.0297	0.0584
28	0.1909	0.0850	0.0299	0.0590
29	0.1834	0.0856	0.0301	0.0595
30	0.1780	0.0865	0.0303	0.0599
31	0.1681	0.0873	0.0306	0.0606
32	0.1648	0.0881	0.0308	0.0613
33	0.1587	0.0887	0.0310	0.0618
34	0.1508	0.0891	0.0312	0.0624
35	0.1475	0.0896	0.0314	0.0628
36	0.1421	0.0906	0.0317	0.0634
37	0.1392	0.0915	0.0320	0.0639
38	0.1338	0.0916	0.0321	0.0642
39	0.1281	0.0922	0.0322	0.0647
40	0.1248	0.0927	0.0324	0.0650
41	0.1220	0.0936	0.0326	0.0656
42	0.1172	0.0943	0.0329	0.0663
43	0.1155	0.0944	0.0330	0.0667
44	0.1131	0.0953	0.0332	0.0674
45	0.1077	0.0954	0.0333	0.0676
46	0.1068	0.0962	0.0335	0.0681
47	0.1032	0.0970	0.0337	0.0686
48	0.0996	0.0977	0.0338	0.0690
49	0.0967	0.0984	0.0340	0.0696
50	0.0963	0.0990	0.0342	0.0701
51	0.0916	0.0996	0.0344	0.0708
52	0.0906	0.1006	0.0347	0.0714
53	0.0875	0.1010	0.0349	0.0718
54	0.0861	0.1014	0.0350	0.0722
55	0.0844	0.1017	0.0351	0.0725
56	0.0787	0.1026	0.0353	0.0732
57	0.0807	0.1031	0.0355	0.0737
58	0.0788	0.1031	0.0355	0.0741
59	0.0783	0.1038	0.0358	0.0747
60	0.0746	0.1041	0.0359	0.0750
61	0.0736	0.1048	0.0360	0.0755
62	0.0727	0.1051	0.0360	0.0757
63	0.0694	0.1053	0.0361	0.0760
64	0.0696	0.1062	0.0364	0.0766
65	0.0675	0.1067	0.0366	0.0769
66	0.0652	0.1072	0.0367	0.0774
67	0.0644	0.1074	0.0367	0.0776
68	0.0644	0.1075	0.0368	0.0778
69	0.0603	0.1079	0.0369	0.0782
70	0.0608	0.1086	0.0371	0.0784
71	0.0603	0.1086	0.0371	0.0785
72	0.0597	0.1095	0.0373	0.0790
73	0.0574	0.1095	0.0373	0.0791
74	0.0561	0.1101	0.0374	0.0795
75	0.0553	0.1102	0.0375	0.0796
76	0.0562	0.1101	0.0375	0.0798
77	0.0534	0.1105	0.0376	0.0801
78	0.0520	0.1108	0.0377	0.0807
79	0.0501	0.1113	0.0378	0.0809
80	0.0520	0.1118	0.0379	0.0812
81	0.0498	0.1118	0.0379	0.0813
82	0.0501	0.1121	0.0380	0.0814
83	0.0486	0.1121	0.0380	0.0815
84	0.0462	0.1127	0.0381	0.0819
85	0.0470	0.1128	0.0382	0.0819
86	0.0450	0.1127	0.0382	0.0820
87	0.0447	0.1131	0.0383	0.0823
88	0.0456	0.1133	0.0382	0.0823
89	0.0438	0.1137	0.0384	0.0826
90	0.0431	0.1141	0.0385	0.0829
91	0.0429	0.1141	0.0385	0.0830
92	0.0410	0.1141	0.0385	0.0830
93	0.0419	0.1144	0.0386	0.0833
94	0.0394	0.1142	0.0385	0.0832
95	0.0408	0.1142	0.0385	0.0833
96	0.0391	0.1146	0.0386	0.0836
97	0.0387	0.1147	0.0387	0.0838
98	0.0380	0.1149	0.0387	0.0839
99	0.0388	0.1150	0.0387	0.0841
100	0.0363	0.1152	0.0388	0.0842
101	0.0373	0.1155	0.0388	0.0845
102	0.0371	0.1160	0.0389	0.0848
103	0.0378	0.1162	0.0390	0.0851
104	0.0364	0.1163	0.0390	0.0853
105	0.0345	0.1163	0.0390	0.0855
106	0.0341	0.1162	0.0390	0.0854
107	0.0354	0.1166	0.0391	0.0857
108	0.0342	0.1176	0.0392	0.0860
109	0.0324	0.1175	0.0392	0.0860
110	0.0323	0.1179	0.0393	0.0864
111	0.0341	0.1181	0.0394	0.0865
112	0.0331	0.1179	0.0394	0.0865
113	0.0334	0.1182	0.0395	0.0869
114	0.0318	0.1180	0.0394	0.0869
115	0.0307	0.1182	0.0395	0.0870
116	0.0307	0.1184	0.0395	0.0871
117	0.0304	0.1188	0.0395	0.0872
118	0.0296	0.1190	0.0396	0.0874
119	0.0300	0.1191	0.0395	0.0874
120	0.0286	0.1191	0.0396	0.0875
121	0.0301	0.1195	0.0396	0.0875
122	0.0296	0.1194	0.0396	0.0874
123	0.0295	0.1193	0.0395	0.0874
124	0.0268	0.1194	0.0396	0.0876
125	0.0277	0.1200	0.0397	0.0879
126	0.0289	0.1198	0.0397	0.0879
127	0.0276	0.1199	0.0398	0.0880
128	0.0277	0.1205	0.0399	0.0882
129	0.0263	0.1204	0.0399	0.0882
130	0.0268	0.1209	0.0399	0.0885
131	0.0257	0.1207	0.0399	0.0885
132	0.0256	0.1207	0.0399	0.0886
133	0.0253	0.1212	0.0400	0.0889
134	0.0265	0.1208	0.0399	0.0889
135	0.0260	0.1205	0.0398	0.0888
136	0.0253	0.1206	0.0399	0.0889
137	0.0253	0.1206	0.0399	0.0890
138	0.0253	0.1204	0.0398	0.0889
139	0.0237	0.1207	0.0399	0.0890
140	0.0250	0.1207	0.0399	0.0890
141	0.0232	0.1208	0.0399	0.0891
142	0.0236	0.1209	0.0400	0.0892
143	0.0230	0.1209	0.0400	0.0892
144	0.0238	0.1211	0.0400	0.0893
145	0.0231	0.1208	0.0399	0.0893
146	0.0229	0.1207	0.0399	0.0893
147	0.0232	0.1208	0.0399	0.0894
148	0.0231	0.1211	0.0400	0.0895
149	0.0229	0.1212	0.0401	0.0896
150	0.0220	0.1211	0.0401	0.0896
