{"n_layers": 1, "device": "cuda", "batch_size": 2048, "embedding_dim": 512, "learning_rate": 0.001, "dataset": "dbbook", "epochs": 150, "top_k": 10, "multimodal": false, "datasets": {"dbbook": ["images", "text"], "ml1m": ["audio", "images", "text", "video"]}}
Epoch	Loss	Recall	Precision	NDCG
1	0.6889	0.0335	0.0235	0.0327
2	0.6764	0.0494	0.0334	0.0440
3	0.6431	0.0476	0.0323	0.0418
4	0.5751	0.0454	0.0309	0.0399
5	0.4816	0.0437	0.0304	0.0389
6	0.3899	0.0446	0.0307	0.0393
7	0.3192	0.0456	0.0314	0.0401
8	0.2672	0.0472	0.0324	0.0415
9	0.2266	0.0493	0.0338	0.0437
10	0.1969	0.0514	0.0350	0.0456
11	0.1732	0.0533	0.0360	0.0473
12	0.1527	0.0550	0.0368	0.0485
13	0.1359	0.0569	0.0376	0.0501
14	0.1188	0.0589	0.0388	0.0516
15	0.1073	0.0596	0.0394	0.0531
16	0.0976	0.0608	0.0400	0.0544
17	0.0869	0.0614	0.0404	0.0558
18	0.0807	0.0629	0.0411	0.0570
19	0.0748	0.0635	0.0417	0.0582
20	0.0679	0.0641	0.0425	0.0592
21	0.0618	0.0649	0.0430	0.0602
22	0.0578	0.0658	0.0435	0.0609
23	0.0526	0.0664	0.0440	0.0617
24	0.0511	0.0677	0.0445	0.0625
25	0.0476	0.0683	0.0451	0.0632
26	0.0430	0.0691	0.0454	0.0639
27	0.0427	0.0700	0.0461	0.0652
28	0.0397	0.0700	0.0461	0.0653
29	0.0382	0.0705	0.0465	0.0658
30	0.0350	0.0713	0.0469	0.0664
31	0.0338	0.0716	0.0470	0.0668
32	0.0316	0.0727	0.0478	0.0678
33	0.0298	0.0734	0.0482	0.0685
34	0.0292	0.0738	0.0483	0.0690
35	0.0272	0.0735	0.0482	0.0693
36	0.0268	0.0746	0.0487	0.0702
37	0.0256	0.0750	0.0489	0.0705
38	0.0244	0.0752	0.0491	0.0708
39	0.0228	0.0755	0.0493	0.0712
40	0.0234	0.0755	0.0491	0.0709
41	0.0221	0.0759	0.0490	0.0714
42	0.0209	0.0761	0.0493	0.0720
43	0.0200	0.0769	0.0496	0.0723
44	0.0200	0.0769	0.0498	0.0727
45	0.0188	0.0775	0.0498	0.0730
46	0.0181	0.0771	0.0495	0.0729
47	0.0180	0.0776	0.0498	0.0730
48	0.0177	0.0770	0.0495	0.0729
49	0.0171	0.0773	0.0494	0.0731
50	0.0170	0.0768	0.0490	0.0728
51	0.0156	0.0771	0.0491	0.0728
52	0.0158	0.0771	0.0493	0.0730
53	0.0158	0.0770	0.0492	0.0729
54	0.0155	0.0771	0.0491	0.0728
55	0.0148	0.0773	0.0494	0.0729
56	0.0139	0.0780	0.0498	0.0732
57	0.0139	0.0778	0.0498	0.0731
58	0.0139	0.0781	0.0498	0.0731
59	0.0134	0.0780	0.0496	0.0731
60	0.0137	0.0785	0.0500	0.0739
61	0.0135	0.0788	0.0501	0.0744
62	0.0133	0.0792	0.0504	0.0749
63	0.0122	0.0792	0.0503	0.0748
64	0.0125	0.0792	0.0503	0.0749
65	0.0117	0.0793	0.0504	0.0750
66	0.0113	0.0792	0.0503	0.0750
67	0.0116	0.0792	0.0503	0.0749
68	0.0115	0.0788	0.0501	0.0746
69	0.0107	0.0793	0.0503	0.0749
70	0.0106	0.0793	0.0504	0.0749
71	0.0106	0.0792	0.0503	0.0751
72	0.0105	0.0792	0.0502	0.0750
73	0.0106	0.0793	0.0502	0.0751
74	0.0104	0.0796	0.0502	0.0753
75	0.0099	0.0795	0.0502	0.0753
76	0.0097	0.0795	0.0499	0.0752
77	0.0097	0.0791	0.0498	0.0751
78	0.0101	0.0794	0.0501	0.0752
79	0.0098	0.0794	0.0502	0.0751
80	0.0098	0.0794	0.0501	0.0750
81	0.0098	0.0797	0.0503	0.0754
82	0.0093	0.0802	0.0504	0.0756
83	0.0091	0.0800	0.0504	0.0758
84	0.0089	0.0799	0.0504	0.0758
85	0.0095	0.0798	0.0502	0.0756
86	0.0090	0.0797	0.0502	0.0759
87	0.0090	0.0799	0.0502	0.0761
88	0.0093	0.0799	0.0503	0.0761
89	0.0090	0.0798	0.0502	0.0763
90	0.0083	0.0796	0.0501	0.0761
91	0.0092	0.0796	0.0500	0.0760
92	0.0086	0.0797	0.0499	0.0761
93	0.0084	0.0802	0.0501	0.0765
94	0.0084	0.0802	0.0501	0.0763
95	0.0088	0.0800	0.0500	0.0762
96	0.0088	0.0799	0.0498	0.0760
97	0.0080	0.0798	0.0499	0.0760
98	0.0090	0.0799	0.0499	0.0762
99	0.0078	0.0799	0.0499	0.0762
100	0.0081	0.0798	0.0498	0.0762
101	0.0082	0.0798	0.0500	0.0764
102	0.0077	0.0802	0.0501	0.0766
103	0.0073	0.0798	0.0499	0.0765
104	0.0076	0.0799	0.0499	0.0763
105	0.0077	0.0798	0.0500	0.0762
106	0.0071	0.0799	0.0498	0.0760
107	0.0079	0.0795	0.0497	0.0759
108	0.0076	0.0795	0.0497	0.0758
109	0.0070	0.0795	0.0496	0.0757
110	0.0069	0.0794	0.0495	0.0756
111	0.0071	0.0792	0.0496	0.0759
112	0.0072	0.0796	0.0498	0.0760
113	0.0072	0.0798	0.0497	0.0762
114	0.0074	0.0801	0.0499	0.0764
115	0.0079	0.0801	0.0499	0.0764
116	0.0070	0.0798	0.0497	0.0762
117	0.0072	0.0805	0.0499	0.0767
118	0.0070	0.0805	0.0500	0.0768
119	0.0069	0.0801	0.0498	0.0766
120	0.0074	0.0805	0.0499	0.0767
121	0.0067	0.0805	0.0498	0.0765
122	0.0070	0.0797	0.0494	0.0762
123	0.0068	0.0799	0.0495	0.0763
124	0.0070	0.0801	0.0496	0.0763
125	0.0067	0.0802	0.0497	0.0763
126	0.0071	0.0801	0.0497	0.0762
127	0.0067	0.0806	0.0499	0.0763
128	0.0063	0.0800	0.0498	0.0761
129	0.0070	0.0797	0.0497	0.0758
130	0.0067	0.0791	0.0494	0.0753
131	0.0064	0.0790	0.0493	0.0754
132	0.0072	0.0792	0.0493	0.0755
133	0.0073	0.0791	0.0493	0.0755
134	0.0067	0.0794	0.0494	0.0756
135	0.0070	0.0797	0.0496	0.0757
136	0.0066	0.0796	0.0496	0.0758
137	0.0063	0.0798	0.0495	0.0757
138	0.0068	0.0795	0.0494	0.0754
139	0.0070	0.0795	0.0494	0.0756
140	0.0067	0.0794	0.0494	0.0757
141	0.0072	0.0796	0.0494	0.0759
142	0.0066	0.0799	0.0497	0.0762
143	0.0074	0.0795	0.0495	0.0760
144	0.0074	0.0790	0.0491	0.0753
145	0.0058	0.0789	0.0488	0.0751
146	0.0064	0.0790	0.0489	0.0750
147	0.0063	0.0789	0.0490	0.0748
148	0.0059	0.0789	0.0489	0.0748
149	0.0071	0.0789	0.0490	0.0749
150	0.0062	0.0791	0.0491	0.0751
