{"n_layers": 0, "device": "cuda", "batch_size": 2048, "embedding_dim": 1024, "learning_rate": 0.001, "dataset": "dbbook", "epochs": 150, "top_k": 50, "multimodal": true, "datasets": {"dbbook": ["images", "text"], "ml1m": ["audio", "images", "text", "video"]}}
Epoch	Loss	Recall	Precision	NDCG
1	0.6873	0.0269	0.0033	0.0142
2	0.5193	0.0403	0.0049	0.0244
3	0.4145	0.0470	0.0058	0.0302
4	0.3376	0.0507	0.0062	0.0331
5	0.2824	0.0529	0.0066	0.0349
6	0.2406	0.0555	0.0069	0.0368
7	0.2067	0.0573	0.0072	0.0385
8	0.1806	0.0586	0.0074	0.0400
9	0.1581	0.0610	0.0076	0.0415
10	0.1399	0.0623	0.0078	0.0430
11	0.1256	0.0636	0.0080	0.0440
12	0.1120	0.0658	0.0083	0.0454
13	0.1010	0.0678	0.0086	0.0465
14	0.0919	0.0697	0.0088	0.0478
15	0.0833	0.0710	0.0089	0.0488
16	0.0761	0.0724	0.0091	0.0498
17	0.0701	0.0733	0.0093	0.0507
18	0.0649	0.0739	0.0094	0.0514
19	0.0597	0.0748	0.0095	0.0522
20	0.0558	0.0766	0.0098	0.0531
21	0.0513	0.0775	0.0099	0.0538
22	0.0478	0.0788	0.0101	0.0546
23	0.0456	0.0797	0.0102	0.0553
24	0.0428	0.0809	0.0104	0.0561
25	0.0397	0.0820	0.0105	0.0567
26	0.0375	0.0835	0.0106	0.0575
27	0.0357	0.0840	0.0107	0.0579
28	0.0335	0.0846	0.0108	0.0584
29	0.0318	0.0855	0.0109	0.0589
30	0.0304	0.0862	0.0110	0.0595
31	0.0285	0.0871	0.0112	0.0601
32	0.0276	0.0877	0.0112	0.0605
33	0.0259	0.0883	0.0113	0.0610
34	0.0249	0.0893	0.0114	0.0614
35	0.0243	0.0901	0.0115	0.0619
36	0.0232	0.0912	0.0116	0.0624
37	0.0215	0.0919	0.0117	0.0629
38	0.0214	0.0927	0.0118	0.0634
39	0.0203	0.0934	0.0119	0.0637
40	0.0200	0.0936	0.0119	0.0640
41	0.0190	0.0944	0.0120	0.0644
42	0.0182	0.0952	0.0121	0.0648
43	0.0175	0.0954	0.0121	0.0650
44	0.0173	0.0960	0.0122	0.0655
45	0.0163	0.0965	0.0123	0.0658
46	0.0160	0.0970	0.0123	0.0660
47	0.0158	0.0974	0.0124	0.0665
48	0.0151	0.0977	0.0124	0.0667
49	0.0144	0.0983	0.0125	0.0672
50	0.0141	0.0985	0.0126	0.0674
51	0.0136	0.0987	0.0126	0.0677
52	0.0133	0.0988	0.0127	0.0678
53	0.0129	0.0991	0.0127	0.0679
54	0.0128	0.0994	0.0128	0.0682
55	0.0125	0.0997	0.0128	0.0684
56	0.0125	0.0995	0.0128	0.0683
57	0.0115	0.0998	0.0128	0.0686
58	0.0113	0.1000	0.0129	0.0688
59	0.0115	0.1008	0.0129	0.0693
60	0.0114	0.1012	0.0130	0.0695
61	0.0110	0.1015	0.0130	0.0696
62	0.0105	0.1020	0.0131	0.0697
63	0.0102	0.1023	0.0131	0.0698
64	0.0103	0.1025	0.0132	0.0699
65	0.0102	0.1031	0.0132	0.0702
66	0.0108	0.1033	0.0132	0.0702
67	0.0092	0.1035	0.0133	0.0704
68	0.0100	0.1039	0.0133	0.0707
69	0.0092	0.1041	0.0133	0.0709
70	0.0095	0.1043	0.0133	0.0709
71	0.0095	0.1045	0.0134	0.0710
72	0.0087	0.1046	0.0134	0.0712
73	0.0088	0.1048	0.0134	0.0714
74	0.0088	0.1054	0.0135	0.0715
75	0.0086	0.1058	0.0135	0.0717
76	0.0082	0.1065	0.0136	0.0719
77	0.0083	0.1065	0.0136	0.0720
78	0.0086	0.1066	0.0137	0.0721
79	0.0081	0.1070	0.0137	0.0724
80	0.0079	0.1071	0.0137	0.0725
81	0.0079	0.1070	0.0137	0.0726
82	0.0079	0.1072	0.0138	0.0727
83	0.0075	0.1078	0.0138	0.0731
84	0.0077	0.1080	0.0138	0.0731
85	0.0075	0.1082	0.0139	0.0732
86	0.0072	0.1084	0.0139	0.0733
87	0.0075	0.1087	0.0140	0.0735
88	0.0079	0.1091	0.0140	0.0737
89	0.0075	0.1095	0.0140	0.0738
90	0.0073	0.1096	0.0140	0.0739
91	0.0072	0.1096	0.0140	0.0741
92	0.0067	0.1103	0.0141	0.0743
93	0.0071	0.1102	0.0141	0.0745
94	0.0071	0.1103	0.0141	0.0746
95	0.0070	0.1106	0.0141	0.0746
96	0.0065	0.1106	0.0141	0.0746
97	0.0068	0.1106	0.0141	0.0747
98	0.0065	0.1107	0.0141	0.0749
99	0.0062	0.1109	0.0142	0.0750
100	0.0066	0.1113	0.0142	0.0751
101	0.0064	0.1119	0.0142	0.0754
102	0.0064	0.1115	0.0142	0.0754
103	0.0064	0.1115	0.0142	0.0753
104	0.0060	0.1114	0.0142	0.0755
105	0.0064	0.1118	0.0143	0.0757
106	0.0063	0.1118	0.0143	0.0757
107	0.0062	0.1120	0.0143	0.0759
108	0.0061	0.1122	0.0143	0.0761
109	0.0063	0.1131	0.0144	0.0763
110	0.0067	0.1136	0.0144	0.0764
111	0.0063	0.1140	0.0145	0.0765
112	0.0063	0.1136	0.0144	0.0764
113	0.0064	0.1134	0.0144	0.0764
114	0.0061	0.1137	0.0144	0.0764
115	0.0061	0.1133	0.0144	0.0762
116	0.0064	0.1136	0.0144	0.0764
117	0.0058	0.1134	0.0145	0.0764
118	0.0057	0.1137	0.0145	0.0767
119	0.0057	0.1135	0.0145	0.0767
120	0.0058	0.1138	0.0145	0.0767
121	0.0065	0.1132	0.0145	0.0765
122	0.0057	0.1134	0.0145	0.0765
123	0.0055	0.1133	0.0145	0.0767
124	0.0061	0.1136	0.0145	0.0768
125	0.0057	0.1139	0.0145	0.0769
126	0.0057	0.1136	0.0145	0.0768
127	0.0055	0.1140	0.0145	0.0769
128	0.0055	0.1139	0.0145	0.0769
129	0.0055	0.1136	0.0145	0.0769
130	0.0059	0.1137	0.0146	0.0769
131	0.0057	0.1141	0.0146	0.0771
132	0.0055	0.1142	0.0146	0.0772
133	0.0054	0.1146	0.0147	0.0772
134	0.0052	0.1146	0.0146	0.0772
135	0.0056	0.1148	0.0147	0.0772
136	0.0054	0.1147	0.0147	0.0774
137	0.0061	0.1147	0.0147	0.0774
138	0.0053	0.1150	0.0147	0.0774
139	0.0059	0.1148	0.0147	0.0775
140	0.0052	0.1154	0.0147	0.0776
141	0.0057	0.1155	0.0147	0.0776
142	0.0052	0.1152	0.0147	0.0776
143	0.0052	0.1155	0.0147	0.0777
144	0.0052	0.1152	0.0147	0.0776
145	0.0057	0.1150	0.0147	0.0777
146	0.0054	0.1152	0.0147	0.0779
147	0.0052	0.1152	0.0147	0.0779
148	0.0055	0.1159	0.0147	0.0781
149	0.0050	0.1162	0.0148	0.0781
150	0.0051	0.1157	0.0147	0.0778
