{"n_layers": 0, "device": "cuda", "batch_size": 2048, "embedding_dim": 1024, "learning_rate": 0.001, "dataset": "dbbook", "epochs": 150, "top_k": 10, "multimodal": true, "datasets": {"dbbook": ["images", "text"], "ml1m": ["audio", "images", "text", "video"]}}
Epoch	Loss	Recall	Precision	NDCG
1	0.6923	0.0079	0.0050	0.0075
2	0.6722	0.0195	0.0115	0.0201
3	0.6525	0.0304	0.0193	0.0327
4	0.6291	0.0418	0.0272	0.0447
5	0.5997	0.0516	0.0342	0.0547
6	0.5629	0.0577	0.0391	0.0611
7	0.5194	0.0626	0.0422	0.0653
8	0.4716	0.0648	0.0437	0.0674
9	0.4202	0.0659	0.0444	0.0681
10	0.3709	0.0675	0.0456	0.0689
11	0.3243	0.0687	0.0466	0.0701
12	0.2837	0.0702	0.0474	0.0710
13	0.2492	0.0714	0.0478	0.0717
14	0.2185	0.0725	0.0483	0.0725
15	0.1936	0.0729	0.0485	0.0731
16	0.1715	0.0738	0.0489	0.0735
17	0.1525	0.0744	0.0494	0.0745
18	0.1373	0.0744	0.0494	0.0749
19	0.1230	0.0745	0.0495	0.0751
20	0.1109	0.0751	0.0498	0.0755
21	0.1010	0.0759	0.0503	0.0761
22	0.0916	0.0759	0.0504	0.0767
23	0.0840	0.0764	0.0506	0.0770
24	0.0766	0.0765	0.0507	0.0772
25	0.0710	0.0766	0.0507	0.0774
26	0.0664	0.0776	0.0512	0.0781
27	0.0607	0.0778	0.0512	0.0784
28	0.0567	0.0785	0.0517	0.0790
29	0.0533	0.0785	0.0515	0.0790
30	0.0489	0.0790	0.0518	0.0792
31	0.0456	0.0797	0.0522	0.0799
32	0.0426	0.0796	0.0522	0.0802
33	0.0408	0.0805	0.0526	0.0811
34	0.0380	0.0813	0.0529	0.0815
35	0.0364	0.0818	0.0531	0.0820
36	0.0340	0.0817	0.0532	0.0823
37	0.0320	0.0818	0.0533	0.0824
38	0.0311	0.0820	0.0535	0.0826
39	0.0297	0.0829	0.0540	0.0829
40	0.0276	0.0833	0.0541	0.0831
41	0.0267	0.0838	0.0543	0.0835
42	0.0264	0.0838	0.0544	0.0836
43	0.0252	0.0843	0.0547	0.0839
44	0.0240	0.0848	0.0550	0.0840
45	0.0232	0.0853	0.0553	0.0845
46	0.0230	0.0856	0.0554	0.0846
47	0.0215	0.0856	0.0553	0.0846
48	0.0207	0.0853	0.0553	0.0847
49	0.0202	0.0857	0.0557	0.0851
50	0.0194	0.0861	0.0557	0.0851
51	0.0189	0.0865	0.0559	0.0857
52	0.0181	0.0862	0.0560	0.0858
53	0.0176	0.0865	0.0559	0.0861
54	0.0174	0.0868	0.0563	0.0863
55	0.0165	0.0869	0.0564	0.0864
56	0.0163	0.0873	0.0565	0.0865
57	0.0163	0.0876	0.0566	0.0866
58	0.0158	0.0877	0.0564	0.0865
59	0.0158	0.0880	0.0565	0.0864
60	0.0152	0.0884	0.0567	0.0871
61	0.0142	0.0885	0.0567	0.0872
62	0.0144	0.0886	0.0569	0.0874
63	0.0143	0.0895	0.0574	0.0878
64	0.0138	0.0896	0.0571	0.0878
65	0.0137	0.0895	0.0570	0.0877
66	0.0130	0.0899	0.0573	0.0879
67	0.0127	0.0898	0.0572	0.0879
68	0.0123	0.0897	0.0572	0.0883
69	0.0125	0.0892	0.0572	0.0880
70	0.0127	0.0891	0.0573	0.0879
71	0.0121	0.0900	0.0578	0.0884
72	0.0119	0.0901	0.0579	0.0889
73	0.0116	0.0898	0.0579	0.0889
74	0.0115	0.0897	0.0578	0.0886
75	0.0112	0.0903	0.0576	0.0887
76	0.0115	0.0904	0.0577	0.0887
77	0.0112	0.0906	0.0576	0.0888
78	0.0108	0.0900	0.0575	0.0889
79	0.0108	0.0904	0.0578	0.0889
80	0.0103	0.0907	0.0581	0.0890
81	0.0098	0.0903	0.0577	0.0886
82	0.0103	0.0904	0.0576	0.0886
83	0.0102	0.0909	0.0580	0.0891
84	0.0101	0.0911	0.0579	0.0892
85	0.0097	0.0913	0.0579	0.0895
86	0.0102	0.0914	0.0578	0.0893
87	0.0099	0.0913	0.0579	0.0892
88	0.0094	0.0912	0.0580	0.0896
89	0.0095	0.0912	0.0580	0.0895
90	0.0097	0.0911	0.0579	0.0894
91	0.0098	0.0907	0.0576	0.0892
92	0.0091	0.0909	0.0578	0.0894
93	0.0093	0.0913	0.0580	0.0896
94	0.0091	0.0916	0.0581	0.0895
95	0.0086	0.0919	0.0581	0.0895
96	0.0090	0.0916	0.0581	0.0893
97	0.0087	0.0918	0.0582	0.0895
98	0.0086	0.0916	0.0581	0.0894
99	0.0092	0.0913	0.0579	0.0894
100	0.0086	0.0917	0.0577	0.0894
101	0.0088	0.0910	0.0575	0.0892
102	0.0085	0.0915	0.0579	0.0896
103	0.0087	0.0922	0.0581	0.0900
104	0.0092	0.0920	0.0583	0.0901
105	0.0086	0.0921	0.0585	0.0903
106	0.0087	0.0917	0.0585	0.0901
107	0.0088	0.0916	0.0584	0.0899
108	0.0083	0.0917	0.0582	0.0895
109	0.0082	0.0918	0.0583	0.0897
110	0.0085	0.0921	0.0583	0.0898
111	0.0080	0.0918	0.0584	0.0898
112	0.0081	0.0916	0.0581	0.0899
113	0.0085	0.0925	0.0583	0.0904
114	0.0080	0.0933	0.0586	0.0906
115	0.0083	0.0932	0.0588	0.0909
116	0.0081	0.0931	0.0589	0.0908
117	0.0081	0.0926	0.0585	0.0906
118	0.0079	0.0931	0.0589	0.0906
119	0.0084	0.0929	0.0589	0.0904
120	0.0080	0.0928	0.0588	0.0902
121	0.0081	0.0922	0.0583	0.0895
122	0.0079	0.0921	0.0583	0.0894
123	0.0081	0.0926	0.0587	0.0899
124	0.0079	0.0922	0.0585	0.0901
125	0.0079	0.0918	0.0582	0.0899
126	0.0078	0.0919	0.0582	0.0898
127	0.0072	0.0920	0.0585	0.0899
128	0.0077	0.0927	0.0587	0.0900
129	0.0078	0.0927	0.0587	0.0900
130	0.0074	0.0924	0.0587	0.0902
131	0.0076	0.0932	0.0590	0.0906
132	0.0074	0.0925	0.0586	0.0903
133	0.0074	0.0923	0.0586	0.0902
134	0.0076	0.0925	0.0589	0.0905
135	0.0073	0.0928	0.0591	0.0907
136	0.0074	0.0925	0.0589	0.0908
137	0.0074	0.0934	0.0594	0.0916
138	0.0077	0.0935	0.0593	0.0920
139	0.0074	0.0932	0.0592	0.0920
140	0.0078	0.0931	0.0593	0.0919
141	0.0079	0.0933	0.0593	0.0923
142	0.0071	0.0933	0.0593	0.0924
143	0.0073	0.0934	0.0593	0.0923
144	0.0070	0.0940	0.0595	0.0925
145	0.0077	0.0937	0.0593	0.0924
146	0.0072	0.0937	0.0593	0.0927
147	0.0074	0.0938	0.0595	0.0927
148	0.0069	0.0939	0.0594	0.0927
149	0.0075	0.0944	0.0598	0.0931
150	0.0074	0.0944	0.0597	0.0929
