{"device": "cuda:1", "multimodal": true, "embedding_dim": 512, "n_layers": 1, "epochs": 500, "learning_rate": 0.001, "log": true, "seed": 19, "top_k": [5, 10, 20, 50], "dataset": "ml1m", "batch_size": 8192, "single_branch": false, "autoencoder": false, "ensemble_fusion": false, "freeze": true, "fusion_modalities": "mean", "fusion_type": "late", "info_nce": false, "weighting": "normalized", "datasets": {"dbbook": ["images", "text"], "ml1m": ["audio", "images", "text", "video"]}}
Epoch	T-Loss	V-Loss	Precision@5	Recall@5	NDCG@5	Precision@10	Recall@10	NDCG@10	Precision@20	Recall@20	NDCG@20	Precision@50	Recall@50	NDCG@50
1	0.6924	0.689	0.0748	0.0183	0.0782	0.0687	0.0332	0.0754	0.0607	0.0588	0.076	0.0495	0.1194	0.0924
2	0.6608	0.6183	0.1535	0.048	0.1606	0.1373	0.0838	0.1557	0.1179	0.142	0.1609	0.0883	0.2667	0.1952
3	0.5707	0.5347	0.1179	0.0368	0.1239	0.1071	0.0659	0.1213	0.0951	0.1152	0.1283	0.0768	0.2262	0.1624
4	0.5048	0.4849	0.1197	0.0384	0.1271	0.1096	0.0677	0.1249	0.0968	0.117	0.1316	0.0785	0.2311	0.1666
5	0.464	0.4524	0.1246	0.0389	0.1315	0.1135	0.0702	0.1292	0.1008	0.1232	0.137	0.0807	0.2405	0.1726
6	0.4347	0.4277	0.1273	0.0408	0.1332	0.1178	0.0729	0.1324	0.1048	0.1283	0.1411	0.0826	0.2474	0.1769
7	0.4129	0.4093	0.135	0.0423	0.1427	0.124	0.0774	0.1408	0.1099	0.1356	0.1493	0.0856	0.2579	0.1853
8	0.395	0.3921	0.1446	0.0462	0.1524	0.1293	0.0814	0.1481	0.1134	0.1396	0.1558	0.0878	0.2647	0.1924
9	0.3801	0.3818	0.1433	0.0463	0.1507	0.1305	0.0839	0.1487	0.1145	0.1422	0.1567	0.0892	0.2695	0.1944
10	0.3673	0.3707	0.1519	0.0496	0.1597	0.1373	0.0875	0.1564	0.1178	0.1464	0.1626	0.091	0.2773	0.201
11	0.3579	0.3618	0.1566	0.0521	0.1662	0.1404	0.0899	0.1616	0.1213	0.1509	0.1685	0.0927	0.2821	0.2062
12	0.3485	0.3518	0.1614	0.0527	0.1699	0.1449	0.0936	0.166	0.1228	0.1541	0.1713	0.0937	0.286	0.2093
13	0.3405	0.3448	0.1671	0.055	0.1755	0.1479	0.0955	0.17	0.1256	0.1584	0.1757	0.0954	0.2932	0.2142
14	0.3322	0.3388	0.1684	0.0562	0.1777	0.1493	0.0973	0.1722	0.1274	0.1608	0.1785	0.0964	0.2966	0.2172
15	0.3261	0.3344	0.1733	0.058	0.1835	0.1524	0.0989	0.1766	0.1288	0.1629	0.1819	0.0979	0.3022	0.2219
16	0.3199	0.3294	0.1726	0.0575	0.1828	0.1527	0.0995	0.1767	0.1316	0.1673	0.1844	0.0984	0.3043	0.223
17	0.3148	0.325	0.1783	0.0595	0.1874	0.1572	0.1026	0.1812	0.1337	0.1709	0.188	0.0998	0.3089	0.2268
18	0.3096	0.32	0.1787	0.0598	0.1897	0.1579	0.1041	0.1834	0.1339	0.1707	0.1893	0.1005	0.312	0.2293
19	0.3049	0.3152	0.1833	0.0624	0.1938	0.162	0.1078	0.1879	0.1369	0.177	0.1942	0.1015	0.3154	0.233
20	0.301	0.3111	0.184	0.0617	0.1956	0.1639	0.1071	0.1898	0.1384	0.1774	0.1959	0.1025	0.3199	0.2356
21	0.2958	0.3097	0.1869	0.0632	0.1986	0.1651	0.1082	0.1919	0.1392	0.1798	0.1981	0.1029	0.3213	0.2375
22	0.2933	0.3042	0.1897	0.0645	0.2022	0.1658	0.1099	0.1939	0.1404	0.1813	0.2002	0.1036	0.3234	0.2396
23	0.2896	0.3039	0.1913	0.0652	0.2041	0.1688	0.1121	0.197	0.1419	0.1843	0.203	0.1044	0.3268	0.2425
24	0.2871	0.2981	0.192	0.0648	0.2058	0.1716	0.1144	0.2002	0.1437	0.1867	0.2057	0.105	0.3279	0.2444
25	0.2841	0.2992	0.1969	0.0675	0.2101	0.1726	0.1159	0.2023	0.1444	0.1881	0.2076	0.1055	0.3311	0.2471
26	0.281	0.2953	0.2005	0.068	0.2128	0.1752	0.1176	0.2049	0.1464	0.1916	0.2106	0.1067	0.3351	0.2499
27	0.2774	0.2935	0.2005	0.0682	0.2133	0.1767	0.1189	0.2064	0.1466	0.1921	0.2111	0.1067	0.3336	0.2497
28	0.2752	0.2889	0.2057	0.0716	0.2182	0.1787	0.121	0.2097	0.1478	0.1939	0.2142	0.1073	0.3379	0.2534
29	0.2738	0.2874	0.2063	0.0714	0.2198	0.1798	0.123	0.2116	0.1498	0.1961	0.2165	0.1082	0.3404	0.2556
30	0.271	0.2886	0.21	0.0724	0.2236	0.181	0.1219	0.2134	0.1509	0.1981	0.2189	0.1091	0.3435	0.2581
31	0.2684	0.2841	0.2095	0.0728	0.2225	0.1818	0.1224	0.2132	0.1506	0.1976	0.218	0.1093	0.3427	0.2575
32	0.2671	0.2844	0.2109	0.0737	0.2236	0.1831	0.1245	0.2146	0.1519	0.2003	0.2197	0.1095	0.3449	0.259
33	0.2641	0.2825	0.212	0.0736	0.2262	0.1842	0.1253	0.2171	0.1526	0.2013	0.2219	0.1101	0.3487	0.2617
34	0.263	0.2784	0.2142	0.0749	0.2282	0.1866	0.1264	0.2191	0.1539	0.2036	0.2238	0.1105	0.3506	0.2632
35	0.2618	0.2811	0.2152	0.0755	0.2295	0.1872	0.1287	0.2207	0.1543	0.2037	0.2248	0.1109	0.3507	0.2642
36	0.2592	0.2756	0.2172	0.0766	0.2306	0.1889	0.1296	0.2221	0.1546	0.2057	0.2259	0.1113	0.3533	0.2657
37	0.2574	0.2774	0.2182	0.0773	0.2326	0.1897	0.1308	0.2239	0.1563	0.2077	0.2284	0.1119	0.3558	0.268
38	0.2557	0.2739	0.2164	0.0757	0.2315	0.1901	0.1305	0.2241	0.1567	0.2071	0.2285	0.1129	0.3576	0.2693
39	0.2539	0.2753	0.219	0.0772	0.2329	0.1899	0.1308	0.2237	0.1577	0.2091	0.2293	0.1127	0.3566	0.269
40	0.2516	0.2747	0.22	0.0778	0.2339	0.192	0.1327	0.2257	0.1579	0.2098	0.2302	0.1134	0.3595	0.2708
41	0.2513	0.2744	0.2222	0.0797	0.237	0.1926	0.1346	0.228	0.1589	0.2113	0.2326	0.1134	0.36	0.2725
42	0.2498	0.2724	0.2239	0.0794	0.239	0.1938	0.1336	0.2291	0.1597	0.2138	0.2341	0.1138	0.362	0.2737
43	0.2487	0.2702	0.2246	0.0796	0.2392	0.1935	0.1339	0.229	0.1598	0.2131	0.2339	0.1142	0.3629	0.2741
44	0.2454	0.2697	0.2248	0.0797	0.2394	0.1941	0.1343	0.2295	0.1601	0.2137	0.2344	0.1147	0.3658	0.2754
45	0.2457	0.2713	0.2282	0.0815	0.2435	0.1971	0.1368	0.2334	0.1616	0.2157	0.2374	0.1149	0.366	0.2773
46	0.2443	0.2688	0.2311	0.0832	0.246	0.198	0.1383	0.2347	0.1621	0.2169	0.2386	0.115	0.3661	0.2781
47	0.242	0.2698	0.2317	0.0836	0.2466	0.1996	0.1396	0.2364	0.1624	0.2177	0.2396	0.1159	0.3679	0.2799
48	0.2416	0.267	0.2307	0.0831	0.246	0.1986	0.1382	0.2351	0.1626	0.2179	0.2391	0.1158	0.3681	0.2793
49	0.2404	0.2674	0.231	0.0832	0.2462	0.199	0.1396	0.2361	0.1637	0.22	0.2409	0.1162	0.3692	0.2806
50	0.2398	0.2659	0.2333	0.0838	0.2487	0.2009	0.1403	0.2382	0.1644	0.2209	0.2423	0.1165	0.3721	0.2824
51	0.2381	0.2658	0.2335	0.0835	0.2482	0.2015	0.1408	0.2385	0.1648	0.2216	0.2426	0.1165	0.3722	0.2823
52	0.2366	0.2655	0.2354	0.0845	0.2498	0.2031	0.1411	0.2398	0.1652	0.2219	0.2434	0.1171	0.3746	0.284
53	0.2367	0.2632	0.2367	0.0853	0.2516	0.2046	0.1429	0.2418	0.1669	0.2235	0.2456	0.1175	0.3753	0.2853
54	0.2339	0.2635	0.2372	0.0851	0.2531	0.205	0.1435	0.2431	0.1672	0.2258	0.2471	0.1178	0.3766	0.2866
55	0.2332	0.2622	0.238	0.0853	0.2547	0.2046	0.1435	0.2437	0.1672	0.2262	0.2477	0.1179	0.3772	0.2874
56	0.2329	0.2633	0.2386	0.0859	0.2553	0.2048	0.1427	0.2439	0.1677	0.2267	0.2486	0.1184	0.3784	0.2886
57	0.2317	0.2604	0.2388	0.0864	0.2568	0.2056	0.1441	0.2456	0.1686	0.2275	0.2504	0.1182	0.3784	0.2895
58	0.2309	0.2612	0.2399	0.0868	0.2569	0.2064	0.1447	0.246	0.1682	0.2267	0.2497	0.1186	0.3802	0.2901
59	0.2306	0.2624	0.2417	0.0876	0.2586	0.207	0.1447	0.2468	0.169	0.229	0.2512	0.1192	0.3816	0.2913
60	0.2288	0.2612	0.2426	0.0884	0.2608	0.2089	0.1474	0.2496	0.1694	0.2305	0.2529	0.119	0.3822	0.2927
61	0.2265	0.261	0.2429	0.0884	0.2603	0.2098	0.1474	0.2497	0.1701	0.2308	0.2531	0.1191	0.3817	0.2924
62	0.2267	0.2568	0.2435	0.0883	0.2608	0.2098	0.1473	0.25	0.1704	0.2308	0.2535	0.1195	0.383	0.2931
63	0.2249	0.2594	0.2415	0.088	0.2587	0.2093	0.1473	0.2492	0.1704	0.231	0.2531	0.1198	0.3857	0.2936
64	0.2242	0.262	0.2464	0.0897	0.263	0.2104	0.1484	0.251	0.1709	0.232	0.2546	0.12	0.3861	0.2948
65	0.2226	0.2561	0.2452	0.0898	0.2634	0.21	0.1482	0.2517	0.1714	0.2329	0.256	0.1201	0.3878	0.2963
66	0.2223	0.2591	0.245	0.0896	0.2627	0.2102	0.1484	0.2514	0.1715	0.2345	0.256	0.1204	0.3878	0.2963
67	0.2204	0.2601	0.243	0.0889	0.2608	0.2111	0.1491	0.2514	0.1715	0.2329	0.2552	0.1204	0.3888	0.2961
68	0.2206	0.2565	0.2454	0.0896	0.2622	0.2106	0.1486	0.2511	0.1711	0.2337	0.255	0.1205	0.3887	0.2958
69	0.2189	0.258	0.245	0.0895	0.2622	0.212	0.1499	0.2523	0.1717	0.2329	0.2556	0.1209	0.3884	0.2964
70	0.218	0.2573	0.2457	0.0899	0.263	0.2116	0.1502	0.2526	0.1725	0.2353	0.2569	0.1211	0.3894	0.2975
71	0.2191	0.2552	0.2489	0.0918	0.2662	0.2127	0.1511	0.2543	0.1722	0.2344	0.2574	0.1213	0.39	0.2985
72	0.2175	0.2569	0.2478	0.0913	0.265	0.2131	0.1506	0.2542	0.1726	0.2352	0.2577	0.1214	0.3916	0.299
73	0.2167	0.2571	0.2492	0.0921	0.2656	0.2141	0.1525	0.2551	0.1729	0.2359	0.2581	0.1215	0.3918	0.2992
74	0.2157	0.2553	0.25	0.092	0.2674	0.2144	0.1518	0.2562	0.1739	0.2372	0.2599	0.122	0.3946	0.3012
75	0.2155	0.254	0.2516	0.0922	0.2688	0.2157	0.1528	0.2575	0.1738	0.2375	0.2602	0.122	0.395	0.3016
76	0.2139	0.2571	0.2529	0.0931	0.2702	0.2145	0.1523	0.2571	0.1738	0.2366	0.2605	0.1222	0.395	0.3021
77	0.213	0.2548	0.2529	0.0939	0.2703	0.2152	0.1536	0.2579	0.1744	0.237	0.261	0.1227	0.3969	0.303
78	0.2125	0.2558	0.2554	0.0949	0.2733	0.216	0.1542	0.2598	0.1746	0.2375	0.2626	0.1228	0.3969	0.3044
79	0.2111	0.2565	0.2542	0.0935	0.2719	0.2154	0.1539	0.2589	0.1744	0.2375	0.2619	0.1226	0.3965	0.3038
80	0.2117	0.2545	0.2564	0.0944	0.2732	0.2168	0.1541	0.2599	0.175	0.2385	0.2626	0.1228	0.3982	0.3044
81	0.2092	0.2556	0.2583	0.0956	0.2755	0.2178	0.1546	0.2613	0.1759	0.2398	0.2643	0.1231	0.3978	0.3054
82	0.2081	0.2549	0.2564	0.0948	0.275	0.2177	0.1551	0.2618	0.1757	0.2398	0.2645	0.1233	0.3981	0.3059
83	0.2092	0.2552	0.2567	0.0951	0.2752	0.2185	0.156	0.2624	0.1763	0.2403	0.265	0.123	0.3984	0.306
84	0.2077	0.2545	0.2565	0.0952	0.2751	0.2195	0.157	0.2631	0.1764	0.2404	0.2651	0.1235	0.3996	0.3067
85	0.2073	0.2536	0.2572	0.0961	0.2755	0.2194	0.157	0.2633	0.1765	0.2411	0.2656	0.1235	0.4004	0.3073
86	0.2073	0.2541	0.258	0.0957	0.2776	0.2194	0.1564	0.2643	0.1766	0.2415	0.2669	0.1238	0.4022	0.3089
87	0.2061	0.2523	0.2587	0.0965	0.2778	0.2197	0.1572	0.2644	0.177	0.2427	0.2671	0.1239	0.4021	0.3089
88	0.2051	0.2536	0.2573	0.0961	0.2769	0.2192	0.1569	0.2642	0.1775	0.2428	0.2675	0.1244	0.4041	0.3099
89	0.2036	0.2537	0.2588	0.097	0.2786	0.2198	0.1567	0.2649	0.1779	0.2436	0.2682	0.1244	0.4041	0.3102
90	0.2037	0.2536	0.2592	0.0974	0.2796	0.2205	0.1573	0.266	0.1782	0.2455	0.2695	0.1248	0.4057	0.3116
91	0.2027	0.2508	0.2588	0.0967	0.2787	0.2223	0.1591	0.2672	0.1786	0.245	0.2695	0.1247	0.4052	0.3114
92	0.2012	0.2537	0.2611	0.0979	0.2811	0.2213	0.1586	0.2673	0.1793	0.2462	0.2709	0.1248	0.4045	0.312
93	0.2014	0.2532	0.2607	0.0975	0.2799	0.2213	0.1587	0.2667	0.1793	0.2453	0.2702	0.1246	0.4052	0.3116
94	0.2005	0.2527	0.26	0.0971	0.2792	0.2217	0.1593	0.2667	0.1797	0.2461	0.2704	0.125	0.4064	0.3119
95	0.2001	0.2542	0.2608	0.0976	0.2812	0.2223	0.1594	0.2682	0.1794	0.2465	0.2713	0.1251	0.4062	0.3129
96	0.199	0.2519	0.2618	0.0973	0.2817	0.2224	0.1599	0.2681	0.1794	0.2455	0.2707	0.1252	0.4058	0.3125
97	0.1991	0.2535	0.2618	0.0979	0.2827	0.224	0.1611	0.2704	0.1796	0.247	0.2723	0.1252	0.4069	0.3139
98	0.1974	0.2514	0.2618	0.0979	0.2818	0.2232	0.1602	0.269	0.1795	0.2473	0.2716	0.1253	0.4079	0.3136
99	0.196	0.252	0.2642	0.098	0.2841	0.2233	0.1608	0.2702	0.1798	0.2472	0.2726	0.1258	0.4094	0.3151
100	0.1959	0.2511	0.2642	0.0986	0.284	0.2242	0.1618	0.2709	0.1796	0.2477	0.2728	0.1259	0.4091	0.3153
101	0.1955	0.2514	0.2648	0.0993	0.2849	0.2252	0.1624	0.2718	0.1804	0.2488	0.2738	0.1258	0.4091	0.3157
102	0.196	0.2531	0.2638	0.0992	0.2845	0.2258	0.1623	0.2722	0.1808	0.2492	0.2743	0.126	0.4105	0.3163
103	0.1935	0.2521	0.2663	0.1003	0.2869	0.2249	0.1616	0.2721	0.1806	0.2489	0.2745	0.1262	0.411	0.3168
104	0.1941	0.2524	0.2664	0.1003	0.2878	0.2254	0.1622	0.2732	0.1805	0.249	0.2748	0.1266	0.4123	0.3178
105	0.1938	0.2505	0.2667	0.1004	0.2868	0.2245	0.1614	0.2718	0.1811	0.2492	0.2747	0.1264	0.4114	0.3171
106	0.1919	0.2508	0.269	0.1013	0.2894	0.225	0.1622	0.2732	0.1812	0.2496	0.2757	0.1264	0.4116	0.318
107	0.1919	0.2504	0.2682	0.1011	0.2885	0.2264	0.1638	0.274	0.1811	0.25	0.2756	0.1267	0.4126	0.3183
108	0.1917	0.2502	0.27	0.1015	0.2905	0.227	0.1646	0.2754	0.1818	0.2528	0.2776	0.1268	0.4132	0.3196
109	0.1915	0.2508	0.2679	0.1008	0.2884	0.2269	0.1634	0.2744	0.1823	0.2524	0.277	0.1272	0.4139	0.3193
110	0.1904	0.2521	0.2678	0.1004	0.2895	0.2281	0.1637	0.276	0.183	0.2528	0.2783	0.1272	0.4149	0.3203
111	0.1905	0.2537	0.268	0.1006	0.2894	0.2269	0.1629	0.2748	0.1818	0.2521	0.2772	0.1274	0.4155	0.3203
112	0.1887	0.2514	0.267	0.1004	0.2881	0.2274	0.1641	0.2749	0.1827	0.2532	0.2775	0.1273	0.4145	0.3197
113	0.1892	0.2506	0.2664	0.1003	0.2882	0.2275	0.164	0.2753	0.1823	0.2532	0.2779	0.1274	0.4157	0.3206
114	0.1879	0.2533	0.2681	0.1001	0.289	0.2283	0.1645	0.2759	0.1822	0.2521	0.2773	0.1271	0.4156	0.3201
115	0.1878	0.2523	0.2706	0.1005	0.291	0.2281	0.164	0.2761	0.1825	0.2522	0.278	0.1275	0.4164	0.3211
116	0.1867	0.2499	0.2716	0.102	0.2923	0.2289	0.1652	0.2772	0.1826	0.2527	0.2787	0.1275	0.4165	0.3215
117	0.1863	0.2522	0.271	0.1021	0.2923	0.2286	0.1645	0.2772	0.1825	0.2533	0.2788	0.1274	0.4159	0.3215
118	0.1849	0.2533	0.2707	0.1018	0.2921	0.2284	0.1646	0.2771	0.1834	0.2546	0.2797	0.1276	0.4177	0.3222
119	0.1854	0.2524	0.2714	0.1022	0.293	0.2298	0.1654	0.2784	0.1835	0.2552	0.2802	0.1274	0.4154	0.3219
120	0.1846	0.2499	0.2707	0.1014	0.2928	0.2295	0.1652	0.2783	0.1842	0.2562	0.281	0.1279	0.4173	0.3229
121	0.1841	0.2537	0.2713	0.1019	0.2926	0.2291	0.1657	0.2779	0.1842	0.2562	0.2809	0.1279	0.4177	0.3229
122	0.1832	0.2504	0.2733	0.1029	0.2945	0.2301	0.1669	0.2792	0.1847	0.2569	0.2817	0.128	0.4179	0.3233
123	0.1828	0.2517	0.2713	0.102	0.2932	0.2307	0.1675	0.2797	0.1841	0.2561	0.2814	0.1281	0.4193	0.3239
124	0.1831	0.2512	0.271	0.1019	0.2934	0.2307	0.1672	0.2797	0.1848	0.2567	0.2819	0.128	0.419	0.3238
125	0.1818	0.2539	0.2709	0.1021	0.2938	0.2321	0.1674	0.281	0.1848	0.2559	0.2823	0.1283	0.4199	0.3248
126	0.1808	0.2514	0.2715	0.1027	0.2937	0.2308	0.1663	0.2798	0.185	0.2564	0.2822	0.1284	0.4198	0.3246
127	0.1809	0.2531	0.2728	0.1026	0.2946	0.2313	0.1668	0.2803	0.1851	0.2562	0.2822	0.1285	0.4199	0.3247
128	0.1809	0.2521	0.2724	0.1028	0.294	0.2313	0.1684	0.2806	0.1848	0.2569	0.2823	0.1287	0.4217	0.3255
129	0.1798	0.2549	0.2728	0.1028	0.2949	0.232	0.1683	0.2814	0.1851	0.2571	0.2829	0.1286	0.4222	0.326
130	0.1784	0.2522	0.273	0.1029	0.2952	0.2319	0.1678	0.2814	0.1853	0.2569	0.2832	0.1289	0.4225	0.3263
131	0.1785	0.2514	0.2736	0.1032	0.2961	0.2326	0.1688	0.2825	0.1861	0.2593	0.2847	0.1287	0.4221	0.3267
132	0.1771	0.2538	0.2733	0.1032	0.2956	0.2304	0.1672	0.2806	0.1853	0.2583	0.2836	0.1287	0.4224	0.3263
133	0.1781	0.2534	0.2739	0.1041	0.2958	0.2311	0.1673	0.2808	0.185	0.2586	0.2834	0.1285	0.4212	0.3258
134	0.1772	0.2562	0.2751	0.1041	0.2964	0.2308	0.1679	0.2809	0.185	0.2587	0.2836	0.1289	0.4233	0.3269
135	0.1768	0.2532	0.274	0.1038	0.2966	0.2318	0.1683	0.2823	0.1857	0.2598	0.2848	0.1289	0.4235	0.3274
136	0.1762	0.2515	0.2747	0.1046	0.298	0.2326	0.1684	0.2834	0.1858	0.2591	0.2854	0.129	0.4238	0.3281
137	0.1754	0.2536	0.2756	0.1052	0.2982	0.2323	0.1688	0.283	0.1861	0.2591	0.2852	0.1294	0.4245	0.3283
138	0.1749	0.2548	0.2761	0.1052	0.2988	0.2332	0.1693	0.2837	0.1864	0.2604	0.286	0.1292	0.4238	0.3285
139	0.174	0.2514	0.2755	0.105	0.2983	0.233	0.1699	0.2837	0.1863	0.2603	0.2858	0.1294	0.4245	0.3287
140	0.174	0.2538	0.2773	0.1061	0.3006	0.2338	0.1701	0.285	0.1871	0.261	0.2871	0.1294	0.4242	0.3293
141	0.1734	0.2533	0.2769	0.1052	0.3007	0.2339	0.1703	0.2855	0.1861	0.2601	0.2867	0.1292	0.4244	0.3295
142	0.1736	0.2529	0.2776	0.1058	0.3011	0.2341	0.1709	0.2858	0.1873	0.2622	0.288	0.1293	0.4244	0.3298
143	0.1726	0.2521	0.2781	0.1064	0.3005	0.234	0.1708	0.2851	0.1868	0.2607	0.2871	0.129	0.4234	0.3292
144	0.1728	0.2527	0.2784	0.1062	0.3012	0.2353	0.1721	0.2866	0.187	0.2614	0.2878	0.1293	0.4243	0.33
145	0.1718	0.2542	0.2783	0.106	0.3012	0.234	0.1709	0.2855	0.1873	0.2624	0.288	0.1295	0.4247	0.3299
146	0.1711	0.2537	0.2788	0.106	0.3022	0.235	0.1722	0.2869	0.1876	0.2625	0.2888	0.1294	0.4246	0.3306
147	0.1718	0.2553	0.2785	0.1064	0.3015	0.2342	0.1712	0.2857	0.1873	0.262	0.2879	0.1295	0.4253	0.3303
148	0.171	0.2527	0.2801	0.1067	0.3035	0.2351	0.1712	0.2871	0.1881	0.2633	0.2894	0.1297	0.4253	0.331
149	0.1707	0.2518	0.2806	0.1065	0.3034	0.2352	0.1719	0.2871	0.1878	0.2626	0.2889	0.1297	0.4259	0.331
150	0.1703	0.2538	0.2803	0.1073	0.3031	0.2351	0.1722	0.2871	0.1878	0.2624	0.2889	0.13	0.4271	0.3316
151	0.1693	0.2542	0.2805	0.1076	0.3029	0.2351	0.172	0.2867	0.1875	0.2619	0.2883	0.1301	0.4273	0.3315
152	0.1687	0.2537	0.279	0.1066	0.3017	0.2357	0.1728	0.287	0.1879	0.2626	0.2886	0.1298	0.4272	0.3314
153	0.1689	0.2534	0.2789	0.1064	0.3012	0.2353	0.1726	0.2865	0.1876	0.2629	0.2885	0.1298	0.4261	0.3311
154	0.1677	0.2571	0.2795	0.1075	0.3022	0.2365	0.1735	0.2879	0.1879	0.2627	0.2889	0.13	0.4269	0.3315
155	0.1678	0.2529	0.2805	0.1082	0.304	0.2362	0.1735	0.2887	0.1875	0.2623	0.2896	0.1299	0.4273	0.3325
156	0.1666	0.2544	0.2802	0.1075	0.3033	0.2362	0.1741	0.2882	0.1881	0.2635	0.2896	0.1295	0.4262	0.3314
157	0.1663	0.2542	0.2809	0.1075	0.3041	0.2356	0.1721	0.2877	0.1881	0.2635	0.2898	0.1299	0.4279	0.3322
158	0.1659	0.2537	0.2806	0.1077	0.305	0.2364	0.1734	0.2893	0.1884	0.2646	0.291	0.13	0.4274	0.3331
159	0.1659	0.2535	0.28	0.1076	0.3039	0.2368	0.1741	0.2893	0.1886	0.2651	0.291	0.1301	0.4284	0.3334
160	0.1654	0.2529	0.2804	0.1078	0.3039	0.2367	0.1736	0.289	0.189	0.265	0.2912	0.1302	0.4289	0.3335
161	0.1651	0.2549	0.2809	0.108	0.3039	0.2374	0.1744	0.2895	0.1885	0.2642	0.2907	0.1301	0.4286	0.3333
162	0.1658	0.2553	0.2803	0.1077	0.3049	0.2361	0.1735	0.2895	0.189	0.2656	0.2921	0.1299	0.4274	0.3338
163	0.1635	0.2554	0.2808	0.1075	0.3038	0.2367	0.1731	0.2885	0.1889	0.265	0.2907	0.1302	0.4275	0.3327
164	0.1644	0.2545	0.2789	0.1069	0.3039	0.2363	0.1735	0.2893	0.1888	0.2655	0.2917	0.1302	0.4288	0.334
165	0.164	0.2532	0.2803	0.1081	0.3038	0.2366	0.1742	0.2891	0.1889	0.2654	0.2912	0.1303	0.4292	0.3337
166	0.1633	0.2569	0.281	0.1081	0.305	0.2356	0.1732	0.2889	0.1891	0.2658	0.292	0.1304	0.4295	0.3345
167	0.1628	0.2531	0.282	0.1089	0.3055	0.2368	0.1748	0.2899	0.1895	0.2672	0.2927	0.1301	0.4283	0.3341
168	0.1614	0.2552	0.2825	0.109	0.3058	0.2379	0.175	0.2906	0.1889	0.2664	0.2923	0.1302	0.4302	0.3346
169	0.1608	0.2552	0.2813	0.1086	0.3042	0.2368	0.1742	0.2891	0.189	0.2675	0.2919	0.1305	0.4303	0.3344
170	0.1617	0.2556	0.2823	0.1091	0.3055	0.2372	0.1749	0.2899	0.1896	0.2674	0.2924	0.1304	0.4306	0.3346
171	0.162	0.2547	0.2838	0.1092	0.3069	0.2371	0.1746	0.2905	0.1893	0.2669	0.2928	0.1307	0.4309	0.3354
172	0.1614	0.257	0.2826	0.1099	0.3072	0.2381	0.175	0.2917	0.1894	0.267	0.2936	0.1304	0.4297	0.3356
173	0.1615	0.2543	0.2824	0.1091	0.3067	0.239	0.1757	0.2922	0.1897	0.2675	0.2937	0.1304	0.4313	0.3358
174	0.16	0.2577	0.2808	0.109	0.3063	0.2385	0.1762	0.2924	0.1895	0.2676	0.294	0.1303	0.4313	0.3362
175	0.1595	0.2557	0.2822	0.1092	0.3065	0.2374	0.1758	0.2913	0.1897	0.2673	0.2936	0.1305	0.4307	0.3358
176	0.1594	0.255	0.2832	0.1099	0.3077	0.2378	0.1762	0.2919	0.1903	0.2684	0.2945	0.1306	0.431	0.3364
177	0.1587	0.2579	0.2838	0.1102	0.3076	0.238	0.1761	0.2916	0.1899	0.2679	0.2939	0.1306	0.4316	0.3363
178	0.159	0.2559	0.2828	0.1104	0.3072	0.2377	0.1753	0.2914	0.1896	0.2677	0.2939	0.1307	0.4316	0.3366
179	0.1581	0.2574	0.2832	0.11	0.3078	0.2382	0.1763	0.2923	0.1905	0.2688	0.2951	0.1307	0.4304	0.3367
180	0.1578	0.2569	0.2836	0.1098	0.309	0.2383	0.1757	0.2929	0.1904	0.2688	0.2955	0.1306	0.4311	0.3371
181	0.1578	0.2567	0.2832	0.1091	0.3081	0.2384	0.1762	0.2924	0.191	0.2692	0.2952	0.1306	0.4308	0.3364
182	0.1579	0.2554	0.2837	0.1097	0.3078	0.2379	0.1759	0.2917	0.1905	0.2685	0.2945	0.1308	0.4321	0.3367
183	0.1565	0.2554	0.2818	0.1088	0.3062	0.2382	0.1753	0.2914	0.1904	0.2684	0.2944	0.1307	0.4311	0.3363
184	0.1575	0.2553	0.2825	0.1089	0.3062	0.2385	0.1758	0.2916	0.1905	0.2686	0.2943	0.1308	0.4321	0.3365
185	0.1557	0.2547	0.2817	0.1089	0.3065	0.2388	0.1764	0.2924	0.1908	0.2682	0.2949	0.131	0.432	0.3371
186	0.1558	0.2579	0.2842	0.1096	0.3081	0.2385	0.1763	0.2923	0.1907	0.2684	0.295	0.1309	0.4309	0.3369
187	0.1557	0.2583	0.2833	0.1093	0.3084	0.2391	0.1759	0.2933	0.1907	0.2684	0.2954	0.1313	0.4331	0.3381
188	0.1548	0.2565	0.284	0.1098	0.3089	0.2388	0.1765	0.2933	0.1902	0.2681	0.2951	0.131	0.4333	0.3379
189	0.1554	0.2572	0.286	0.1106	0.3099	0.2386	0.1764	0.2929	0.1907	0.2676	0.295	0.1312	0.4332	0.3377
190	0.1547	0.2557	0.2861	0.1118	0.3105	0.2387	0.1768	0.2933	0.191	0.2687	0.2956	0.131	0.4325	0.3378
191	0.1542	0.2576	0.2863	0.1111	0.3102	0.238	0.1757	0.2924	0.1912	0.269	0.2956	0.1313	0.4335	0.3382
192	0.1543	0.2603	0.2855	0.111	0.31	0.2382	0.1762	0.2928	0.1909	0.269	0.2956	0.1311	0.4327	0.3379
193	0.1544	0.2575	0.2838	0.1103	0.3086	0.2382	0.1763	0.2927	0.1909	0.2696	0.2956	0.1312	0.4337	0.3381
194	0.153	0.2565	0.2835	0.1103	0.3082	0.2379	0.1759	0.2922	0.1906	0.269	0.2951	0.1313	0.4341	0.3381
195	0.1536	0.2596	0.2838	0.1104	0.3079	0.2381	0.1757	0.2918	0.1904	0.2698	0.295	0.1314	0.4348	0.3381
196	0.1534	0.2589	0.2838	0.111	0.3092	0.239	0.1763	0.2936	0.1906	0.2682	0.2956	0.1315	0.4354	0.3392
197	0.1519	0.2608	0.2858	0.1116	0.3104	0.2388	0.1764	0.2934	0.1909	0.2698	0.2961	0.1312	0.434	0.3386
198	0.1524	0.2591	0.2846	0.1105	0.3089	0.2388	0.1772	0.2931	0.1911	0.2697	0.2959	0.1313	0.4342	0.3385
199	0.1517	0.2604	0.2846	0.1109	0.3101	0.2387	0.177	0.2937	0.1911	0.2693	0.2964	0.1312	0.4333	0.3387
200	0.1518	0.259	0.2845	0.1113	0.3095	0.2382	0.176	0.2926	0.1909	0.269	0.2956	0.1316	0.4349	0.3389
201	0.1521	0.2617	0.2832	0.1106	0.3084	0.2372	0.1755	0.2917	0.1909	0.2692	0.2955	0.1314	0.4343	0.3386
202	0.1508	0.2581	0.283	0.1101	0.3076	0.2377	0.177	0.2919	0.1904	0.269	0.2946	0.1312	0.4347	0.3378
203	0.15	0.2586	0.2829	0.1095	0.3071	0.2386	0.1776	0.2923	0.1905	0.269	0.2946	0.1315	0.4352	0.3381
204	0.1505	0.26	0.2834	0.1109	0.3076	0.239	0.1781	0.2927	0.1906	0.2687	0.2948	0.1315	0.4353	0.3383
205	0.1506	0.2613	0.2844	0.1107	0.3093	0.2394	0.1778	0.2938	0.1905	0.2689	0.2955	0.1316	0.4356	0.3391
206	0.1498	0.2613	0.284	0.1109	0.3087	0.2398	0.1793	0.2941	0.1906	0.2698	0.2958	0.1314	0.4346	0.339
207	0.1497	0.2607	0.2843	0.111	0.3085	0.239	0.1773	0.293	0.1906	0.2697	0.2953	0.1314	0.4354	0.3388
208	0.1494	0.2609	0.286	0.1118	0.3102	0.2391	0.1783	0.2939	0.1911	0.2708	0.2965	0.1314	0.4351	0.3393
209	0.1483	0.2603	0.2832	0.1102	0.3085	0.2394	0.1789	0.2941	0.1907	0.2695	0.2958	0.1313	0.4352	0.3391
210	0.1489	0.2622	0.2854	0.1109	0.3106	0.2397	0.1788	0.295	0.1912	0.2704	0.2971	0.1313	0.4353	0.3399
211	0.1487	0.2594	0.2856	0.1122	0.3099	0.2404	0.1797	0.2948	0.1912	0.2705	0.2965	0.1313	0.4354	0.3394
212	0.1481	0.2607	0.2849	0.1115	0.3093	0.2395	0.1779	0.2938	0.1912	0.2704	0.2963	0.1317	0.4363	0.3396
213	0.1478	0.259	0.2843	0.1113	0.3092	0.2398	0.179	0.2945	0.191	0.2706	0.2967	0.1317	0.4367	0.3402
214	0.1484	0.2622	0.2855	0.112	0.3105	0.2394	0.1788	0.2948	0.1913	0.2703	0.2972	0.1319	0.4368	0.3406
215	0.1478	0.2616	0.2863	0.1113	0.3106	0.2398	0.1779	0.2945	0.1909	0.27	0.2967	0.1315	0.4362	0.3401
216	0.1466	0.2621	0.2847	0.1114	0.3099	0.2397	0.1776	0.2945	0.1912	0.2715	0.2972	0.1316	0.4373	0.3404
217	0.147	0.2607	0.2845	0.1114	0.3093	0.2394	0.1783	0.2942	0.1911	0.2717	0.2971	0.1317	0.4363	0.3403
218	0.1471	0.2617	0.2842	0.1114	0.3093	0.2396	0.179	0.2946	0.1906	0.2713	0.2969	0.1316	0.4374	0.3407
219	0.1462	0.2599	0.2835	0.1109	0.3093	0.2396	0.1795	0.295	0.1913	0.2724	0.2977	0.1315	0.4368	0.3407
220	0.1461	0.2613	0.2842	0.1116	0.3093	0.2392	0.179	0.2943	0.1912	0.2723	0.2973	0.1316	0.4377	0.3407
221	0.1449	0.2626	0.2846	0.1118	0.3093	0.2398	0.1792	0.2943	0.1914	0.2724	0.2973	0.1317	0.4387	0.3407
222	0.1462	0.2618	0.2858	0.1122	0.3113	0.2404	0.1793	0.2956	0.1921	0.2728	0.2984	0.1317	0.4381	0.3413
223	0.146	0.2633	0.2854	0.1116	0.3109	0.2384	0.177	0.2939	0.1915	0.2724	0.2978	0.1319	0.4381	0.3412
224	0.1456	0.264	0.2864	0.1123	0.3118	0.2401	0.1795	0.2957	0.1912	0.2718	0.2979	0.1321	0.4394	0.3419
225	0.1448	0.2597	0.2849	0.1117	0.3103	0.2393	0.1789	0.2947	0.1915	0.2719	0.2978	0.1319	0.4391	0.3415
226	0.145	0.2644	0.2847	0.1118	0.3106	0.2391	0.1784	0.2948	0.1915	0.272	0.2981	0.1317	0.4385	0.3416
227	0.1445	0.264	0.2852	0.1119	0.3104	0.2404	0.1796	0.2957	0.1914	0.2722	0.2981	0.132	0.4397	0.3421
228	0.1448	0.2625	0.2853	0.1121	0.3101	0.2402	0.179	0.295	0.1917	0.2729	0.2981	0.1319	0.4393	0.3416
229	0.1441	0.2639	0.2858	0.1122	0.3105	0.2397	0.1789	0.2948	0.1919	0.2732	0.2982	0.1319	0.4388	0.3414
230	0.144	0.2638	0.2868	0.1126	0.3122	0.2411	0.1795	0.2965	0.1924	0.2739	0.2993	0.132	0.4387	0.342
231	0.1439	0.2638	0.2854	0.1117	0.3099	0.2413	0.1798	0.2957	0.1922	0.2731	0.2983	0.132	0.4396	0.3416
232	0.1435	0.2653	0.2861	0.112	0.3098	0.2407	0.1796	0.2949	0.1925	0.2734	0.2981	0.1318	0.4399	0.3412
233	0.1426	0.2662	0.2846	0.1107	0.3096	0.2416	0.18	0.2961	0.1924	0.2728	0.2985	0.1318	0.4396	0.3417
234	0.1429	0.2648	0.2849	0.1112	0.3101	0.2409	0.1798	0.2958	0.1915	0.2723	0.2979	0.1314	0.4382	0.3411
235	0.1424	0.2628	0.2859	0.1119	0.3115	0.2406	0.1798	0.2962	0.1918	0.2717	0.2983	0.1318	0.439	0.342
236	0.1422	0.2631	0.2873	0.1119	0.3122	0.241	0.18	0.2963	0.1919	0.2718	0.2983	0.132	0.4396	0.3422
237	0.1411	0.2636	0.2865	0.112	0.3118	0.2404	0.1796	0.2958	0.1922	0.2728	0.2987	0.1321	0.4393	0.3422
238	0.1414	0.2647	0.2853	0.1125	0.311	0.2404	0.1799	0.296	0.1918	0.272	0.2985	0.1321	0.44	0.3427
239	0.1415	0.2653	0.2845	0.1124	0.3103	0.2406	0.1802	0.2961	0.1919	0.2733	0.2989	0.1319	0.4397	0.3425
240	0.1416	0.263	0.2855	0.1128	0.3104	0.2409	0.18	0.2957	0.1918	0.2727	0.2983	0.1318	0.4387	0.3418
241	0.1413	0.2642	0.2848	0.1123	0.3107	0.2405	0.1799	0.2962	0.1927	0.2746	0.2998	0.1318	0.439	0.3425
242	0.1417	0.2637	0.2866	0.1125	0.3122	0.2401	0.1793	0.2961	0.1925	0.2746	0.2999	0.132	0.4404	0.3432
243	0.1406	0.2639	0.2854	0.112	0.3107	0.2399	0.1793	0.2955	0.1922	0.274	0.2992	0.132	0.4397	0.3425
244	0.1401	0.2635	0.2852	0.112	0.311	0.24	0.1797	0.2959	0.1917	0.2739	0.2991	0.1317	0.4388	0.3424
245	0.141	0.2676	0.2859	0.1124	0.3111	0.2411	0.1805	0.2964	0.192	0.2733	0.2988	0.1318	0.4391	0.3422
246	0.1399	0.2627	0.2867	0.1134	0.3123	0.2406	0.1803	0.2966	0.1921	0.2738	0.2995	0.1317	0.4397	0.3428
247	0.1398	0.2662	0.2868	0.113	0.3127	0.2416	0.1807	0.2975	0.192	0.2733	0.2997	0.1319	0.4402	0.3434
248	0.1399	0.2651	0.2875	0.1131	0.3125	0.2413	0.1808	0.2968	0.1917	0.2737	0.299	0.1317	0.4397	0.3424
249	0.1402	0.2645	0.2871	0.1135	0.3119	0.2412	0.1811	0.2967	0.1915	0.2727	0.2985	0.1318	0.4396	0.3423
250	0.1397	0.2661	0.2863	0.113	0.311	0.2415	0.1816	0.2965	0.1916	0.2732	0.2982	0.1317	0.4392	0.3418
251	0.1396	0.2691	0.2862	0.1128	0.3117	0.2418	0.1813	0.2971	0.192	0.2739	0.2991	0.1317	0.4391	0.3422
252	0.1391	0.2672	0.2871	0.113	0.3125	0.2415	0.1806	0.2972	0.1918	0.2737	0.2993	0.1317	0.4395	0.3427
253	0.1386	0.2627	0.2871	0.1134	0.3125	0.2414	0.1811	0.2973	0.1916	0.2736	0.2993	0.1319	0.4402	0.3431
254	0.139	0.2665	0.2853	0.1123	0.3107	0.2414	0.1807	0.2967	0.1919	0.2743	0.2993	0.1318	0.4403	0.3429
255	0.1384	0.2687	0.2862	0.113	0.3114	0.2408	0.1804	0.2962	0.1923	0.2739	0.2993	0.1318	0.4399	0.3426
256	0.1391	0.2655	0.2854	0.1126	0.3109	0.2408	0.1806	0.2962	0.1924	0.274	0.2994	0.132	0.441	0.343
257	0.1378	0.2675	0.2866	0.1129	0.3115	0.2419	0.181	0.2969	0.1922	0.2738	0.2992	0.1319	0.4402	0.3428
258	0.1372	0.2668	0.2871	0.1132	0.3118	0.2415	0.1803	0.2966	0.1921	0.2743	0.2994	0.1319	0.4405	0.3429
259	0.1383	0.2663	0.2863	0.1133	0.3115	0.2414	0.1812	0.2968	0.1919	0.2738	0.2993	0.132	0.4411	0.3432
260	0.1378	0.2654	0.2854	0.1133	0.3107	0.2414	0.1813	0.2967	0.1923	0.275	0.2997	0.132	0.4408	0.3431
261	0.138	0.2673	0.2868	0.1141	0.3121	0.2411	0.1808	0.2968	0.1924	0.274	0.3	0.1318	0.44	0.3433
262	0.1371	0.2653	0.2869	0.1136	0.3126	0.2412	0.1808	0.2972	0.1925	0.2742	0.3002	0.132	0.4408	0.3437
263	0.1362	0.2681	0.2872	0.1134	0.3133	0.2414	0.1819	0.2981	0.193	0.2748	0.3011	0.1318	0.4395	0.3438
264	0.1366	0.2692	0.2877	0.113	0.3127	0.2418	0.1816	0.2975	0.1924	0.2745	0.3001	0.1319	0.4406	0.3435
265	0.1364	0.2683	0.2857	0.1129	0.3105	0.2412	0.1816	0.2965	0.1923	0.2737	0.2991	0.1319	0.4402	0.3428
266	0.1365	0.2665	0.2856	0.1134	0.3113	0.2408	0.1804	0.2965	0.1923	0.2738	0.2995	0.1321	0.4407	0.3434
267	0.1366	0.2666	0.2872	0.1142	0.3121	0.2409	0.1804	0.2963	0.1921	0.2738	0.2992	0.132	0.4411	0.3431
268	0.1357	0.2688	0.2872	0.114	0.3125	0.2406	0.1812	0.2966	0.1922	0.2742	0.2997	0.132	0.4406	0.3434
269	0.1355	0.2693	0.2861	0.1136	0.3115	0.2402	0.1805	0.2961	0.1921	0.2745	0.2997	0.1319	0.4409	0.3434
270	0.1365	0.2682	0.2867	0.1137	0.3115	0.2407	0.181	0.2963	0.1921	0.2744	0.2996	0.132	0.441	0.3435
271	0.1356	0.2667	0.2852	0.1136	0.3107	0.2403	0.1817	0.2963	0.1921	0.2746	0.2996	0.1321	0.4419	0.3438
272	0.1355	0.2686	0.2849	0.1136	0.3105	0.2411	0.1816	0.2967	0.1922	0.2746	0.2997	0.1319	0.4419	0.3436
273	0.1344	0.2686	0.2858	0.1136	0.3112	0.2412	0.1818	0.2969	0.1925	0.2755	0.3001	0.132	0.4419	0.3436
274	0.1356	0.2683	0.2858	0.1135	0.311	0.2418	0.1824	0.2971	0.1921	0.2742	0.2994	0.1319	0.4425	0.3435
275	0.1346	0.2687	0.2851	0.1136	0.3113	0.2423	0.1818	0.2978	0.1919	0.2745	0.2998	0.132	0.4424	0.344
276	0.1347	0.2683	0.2862	0.1136	0.3116	0.2418	0.1821	0.2973	0.1922	0.2743	0.2997	0.1323	0.4425	0.344
277	0.1342	0.2683	0.286	0.1135	0.3118	0.241	0.1806	0.2968	0.192	0.2743	0.2996	0.1319	0.4416	0.3436
278	0.1343	0.2715	0.2863	0.1132	0.311	0.2423	0.1816	0.2971	0.1921	0.2743	0.2993	0.132	0.4417	0.3432
279	0.1338	0.2704	0.286	0.1129	0.3109	0.2423	0.1816	0.2972	0.192	0.2748	0.2994	0.1321	0.4421	0.3434
280	0.1342	0.2691	0.2873	0.1131	0.3124	0.2426	0.1816	0.298	0.1925	0.2753	0.3004	0.1322	0.4425	0.3442
281	0.1341	0.2701	0.2872	0.1132	0.3123	0.2421	0.1812	0.2974	0.1932	0.2768	0.301	0.132	0.4421	0.344
282	0.1337	0.2693	0.2855	0.1132	0.311	0.2417	0.1816	0.297	0.1929	0.2755	0.3002	0.132	0.4429	0.3437
283	0.1347	0.2684	0.2865	0.114	0.312	0.2404	0.181	0.2964	0.1921	0.2745	0.2997	0.132	0.4419	0.3436
284	0.1331	0.2713	0.2855	0.1131	0.3116	0.2407	0.1808	0.2966	0.1923	0.2749	0.2999	0.132	0.4418	0.3437
285	0.1334	0.2718	0.286	0.1141	0.3113	0.2408	0.1816	0.2964	0.1924	0.2748	0.2997	0.1321	0.4421	0.3437
286	0.1327	0.27	0.286	0.114	0.3111	0.2401	0.1812	0.2959	0.1928	0.2752	0.3	0.1322	0.4418	0.3436
287	0.1334	0.2726	0.2842	0.1132	0.3103	0.2409	0.1817	0.2966	0.1923	0.2746	0.2997	0.132	0.4417	0.3436
288	0.1327	0.2683	0.2852	0.1136	0.3107	0.241	0.1823	0.2967	0.1927	0.275	0.2999	0.1321	0.4422	0.3437
289	0.1325	0.2715	0.2861	0.1138	0.3116	0.2409	0.1823	0.2968	0.1928	0.2749	0.3001	0.1321	0.4425	0.3438
290	0.1322	0.2734	0.2852	0.114	0.3114	0.241	0.182	0.2971	0.1927	0.2743	0.3001	0.1321	0.4423	0.344
291	0.1325	0.2712	0.2864	0.1145	0.3122	0.2417	0.182	0.2976	0.1922	0.2744	0.3	0.1322	0.4425	0.3443
292	0.1323	0.2727	0.2863	0.1144	0.3119	0.2417	0.1818	0.2974	0.1924	0.2743	0.2999	0.132	0.4417	0.3439
293	0.1316	0.2715	0.2859	0.1141	0.3116	0.2414	0.182	0.2972	0.1923	0.2747	0.2999	0.132	0.4424	0.344
294	0.1326	0.27	0.2865	0.1139	0.311	0.2405	0.1813	0.2957	0.1922	0.2751	0.2991	0.1321	0.4428	0.3433
295	0.1315	0.2717	0.2859	0.1141	0.3112	0.2401	0.1818	0.2961	0.192	0.2747	0.2995	0.1319	0.4427	0.3438
296	0.1315	0.2731	0.2862	0.1134	0.3117	0.2403	0.1813	0.2963	0.1923	0.2747	0.2998	0.1322	0.4428	0.3441
297	0.1314	0.2728	0.286	0.1132	0.312	0.2404	0.1813	0.2967	0.1925	0.2756	0.3005	0.132	0.442	0.3441
298	0.1311	0.2727	0.2872	0.1137	0.3131	0.2409	0.1816	0.2975	0.1923	0.2754	0.3007	0.1322	0.4428	0.3448
299	0.1306	0.2721	0.2865	0.1136	0.3115	0.2399	0.1809	0.2957	0.1931	0.2775	0.3007	0.1322	0.4429	0.344
300	0.1313	0.2739	0.2851	0.1128	0.3102	0.2398	0.181	0.2955	0.1924	0.2761	0.2998	0.1323	0.4435	0.344
301	0.1305	0.2708	0.2851	0.1129	0.3101	0.2395	0.1808	0.2951	0.1919	0.2751	0.2992	0.132	0.4433	0.3437
302	0.1305	0.2735	0.2845	0.113	0.3101	0.2392	0.1807	0.2952	0.1919	0.2751	0.2992	0.1319	0.442	0.3433
303	0.1302	0.2725	0.285	0.1135	0.3111	0.2402	0.1809	0.2962	0.1922	0.2748	0.2998	0.1321	0.4422	0.3438
304	0.1303	0.2734	0.2858	0.1146	0.3108	0.2403	0.1817	0.2959	0.1926	0.2763	0.3	0.1322	0.4425	0.3439
305	0.1299	0.2717	0.2874	0.1152	0.312	0.2398	0.181	0.2956	0.1921	0.2751	0.2995	0.1321	0.4423	0.3438
306	0.1302	0.2765	0.2855	0.114	0.311	0.2404	0.1821	0.2964	0.1924	0.2754	0.3	0.1322	0.4425	0.3441
307	0.1304	0.2737	0.2865	0.1144	0.3112	0.2412	0.1827	0.2967	0.1924	0.2748	0.2997	0.132	0.4416	0.3436
308	0.1298	0.2724	0.2849	0.1141	0.3105	0.2401	0.182	0.2962	0.1926	0.2761	0.3003	0.1317	0.4411	0.3436
309	0.1299	0.274	0.286	0.1149	0.3114	0.2401	0.1825	0.2965	0.1923	0.2767	0.3004	0.1319	0.4423	0.3442
310	0.1296	0.2761	0.285	0.1148	0.3104	0.2399	0.1816	0.2958	0.1926	0.2771	0.3004	0.1318	0.443	0.344
311	0.1298	0.273	0.2856	0.1154	0.3108	0.2402	0.1826	0.2961	0.1924	0.2764	0.3001	0.1317	0.4417	0.3436
312	0.1292	0.2732	0.2862	0.1151	0.3111	0.2396	0.1816	0.2955	0.1926	0.2764	0.3	0.1317	0.4419	0.3435
313	0.1295	0.2729	0.2864	0.1157	0.311	0.2398	0.1815	0.2952	0.192	0.2751	0.2992	0.1317	0.4422	0.3433
314	0.129	0.2734	0.2864	0.1151	0.3116	0.2407	0.1819	0.2963	0.1923	0.2758	0.2999	0.1318	0.4427	0.3439
315	0.1288	0.277	0.286	0.1152	0.3124	0.2408	0.1823	0.2973	0.1921	0.2763	0.3007	0.1318	0.4424	0.3445
316	0.1293	0.2763	0.287	0.1156	0.3123	0.2406	0.1825	0.2967	0.1919	0.2752	0.2999	0.1316	0.4422	0.3439
317	0.1285	0.2778	0.2871	0.1158	0.3125	0.2412	0.1821	0.2971	0.1922	0.2757	0.3003	0.1318	0.4425	0.3443
318	0.1281	0.2734	0.287	0.1157	0.3125	0.2423	0.1829	0.2978	0.192	0.277	0.3005	0.1317	0.4416	0.344
319	0.1284	0.2761	0.2886	0.1155	0.314	0.2418	0.1831	0.2981	0.1924	0.2764	0.3009	0.132	0.4425	0.3448
320	0.1278	0.275	0.2864	0.1149	0.3127	0.2416	0.183	0.2981	0.1925	0.2771	0.3013	0.1318	0.4418	0.3446
321	0.1276	0.2771	0.2874	0.1148	0.313	0.2415	0.183	0.298	0.1923	0.2764	0.3009	0.132	0.443	0.3448
322	0.1286	0.2771	0.2869	0.1151	0.3125	0.2416	0.1825	0.2977	0.1929	0.2781	0.3016	0.1318	0.4426	0.3447
323	0.1275	0.2764	0.2879	0.1161	0.3132	0.2414	0.1836	0.298	0.1924	0.2772	0.3012	0.1318	0.4427	0.3448
324	0.1274	0.2757	0.2882	0.1156	0.3137	0.2412	0.1835	0.2979	0.1927	0.2774	0.3013	0.1315	0.4415	0.3443
325	0.1278	0.2765	0.2879	0.1152	0.3135	0.2413	0.1831	0.2979	0.1921	0.2767	0.3008	0.1316	0.4419	0.3443
326	0.1275	0.2772	0.2871	0.1158	0.3125	0.241	0.1832	0.2973	0.1922	0.2771	0.3006	0.1316	0.4417	0.3439
327	0.1274	0.279	0.2863	0.1153	0.3117	0.2412	0.1828	0.297	0.1919	0.2769	0.3001	0.1316	0.4419	0.3438
328	0.1274	0.2778	0.2866	0.1149	0.3121	0.241	0.182	0.2969	0.1924	0.2772	0.3006	0.1317	0.4421	0.344
329	0.1277	0.279	0.2844	0.1145	0.3111	0.2404	0.1819	0.2966	0.1926	0.2772	0.3008	0.1318	0.4428	0.3443
330	0.1276	0.274	0.2843	0.114	0.3102	0.2403	0.1821	0.2961	0.1925	0.277	0.3003	0.1318	0.4436	0.3442
331	0.1275	0.2771	0.2848	0.1151	0.3107	0.2405	0.1822	0.2964	0.1924	0.2765	0.3003	0.1318	0.4427	0.3442
332	0.1272	0.2746	0.2866	0.1158	0.3116	0.2411	0.1826	0.2967	0.1923	0.2764	0.3003	0.1316	0.4428	0.3442
333	0.127	0.2811	0.2858	0.1146	0.3111	0.2412	0.1825	0.2968	0.1928	0.2776	0.3008	0.1318	0.4426	0.3442
334	0.1266	0.2766	0.2858	0.1148	0.3122	0.2403	0.1817	0.2968	0.1925	0.2768	0.3009	0.1315	0.4413	0.344
335	0.1264	0.2793	0.2851	0.1149	0.3113	0.2397	0.1814	0.296	0.1921	0.2764	0.3002	0.1317	0.442	0.344
336	0.1257	0.279	0.2869	0.1149	0.3128	0.24	0.1821	0.2967	0.1921	0.2763	0.3005	0.1319	0.4423	0.3444
337	0.1263	0.281	0.2868	0.115	0.3122	0.2406	0.1828	0.2968	0.1921	0.2763	0.3004	0.1319	0.4429	0.3444
338	0.1257	0.2771	0.2867	0.115	0.3121	0.2405	0.1825	0.2967	0.1927	0.2762	0.3006	0.1318	0.4431	0.3444
339	0.1257	0.2782	0.2876	0.1154	0.3124	0.2397	0.1823	0.2961	0.1926	0.2769	0.3007	0.1318	0.4431	0.3445
340	0.1261	0.2785	0.2885	0.1154	0.3135	0.2407	0.1827	0.2972	0.1925	0.2764	0.301	0.1317	0.4429	0.3447
341	0.1255	0.2783	0.288	0.1154	0.3134	0.2416	0.1835	0.298	0.1926	0.2766	0.3011	0.1314	0.4421	0.3443
342	0.1254	0.2769	0.2867	0.1151	0.312	0.2407	0.1825	0.2968	0.1927	0.277	0.3007	0.1315	0.4422	0.344
343	0.1253	0.2784	0.2855	0.1146	0.3107	0.241	0.1828	0.2965	0.1929	0.2776	0.3007	0.1314	0.4424	0.3438
344	0.1254	0.2783	0.2863	0.1151	0.3114	0.2411	0.1825	0.2967	0.1926	0.277	0.3005	0.1315	0.4427	0.344
345	0.1249	0.2815	0.2858	0.1149	0.3113	0.2411	0.1833	0.2972	0.1925	0.2776	0.301	0.1315	0.4419	0.3442
346	0.1251	0.2795	0.2862	0.1144	0.3121	0.2417	0.1837	0.298	0.1925	0.2775	0.3012	0.1319	0.4437	0.345
347	0.1249	0.2776	0.2856	0.1145	0.3116	0.241	0.1839	0.2976	0.1923	0.2769	0.301	0.1318	0.4429	0.3449
348	0.1251	0.2795	0.2865	0.115	0.3119	0.2417	0.1831	0.2977	0.1925	0.2769	0.301	0.1318	0.4428	0.3447
349	0.1252	0.2789	0.2877	0.1152	0.3131	0.242	0.183	0.2981	0.1926	0.2771	0.3014	0.1319	0.4431	0.3451
350	0.1252	0.2771	0.2872	0.1154	0.3128	0.2418	0.1836	0.2981	0.1919	0.2761	0.3006	0.1316	0.4433	0.3448
351	0.1251	0.2803	0.2864	0.1154	0.3132	0.2416	0.1835	0.2986	0.192	0.2775	0.3016	0.1315	0.4425	0.3451
352	0.1242	0.2813	0.2866	0.1159	0.3127	0.2411	0.1827	0.2977	0.1926	0.2778	0.3017	0.1315	0.4426	0.3449
353	0.1254	0.2803	0.2858	0.1153	0.3125	0.2413	0.1835	0.2981	0.1923	0.2781	0.3016	0.1316	0.4433	0.3452
354	0.1245	0.2803	0.2862	0.1153	0.3125	0.2404	0.1822	0.2972	0.1921	0.2776	0.3012	0.1314	0.4423	0.3446
355	0.1246	0.2768	0.2872	0.1159	0.3134	0.2409	0.1828	0.2979	0.1927	0.2779	0.3019	0.1315	0.4427	0.3451
356	0.124	0.2776	0.2863	0.1154	0.3115	0.2408	0.1825	0.2968	0.1926	0.2782	0.3012	0.1319	0.4436	0.3448
357	0.1241	0.2783	0.286	0.1151	0.311	0.2417	0.1838	0.2973	0.1925	0.2778	0.3008	0.1317	0.443	0.3444
358	0.1246	0.2807	0.2854	0.1143	0.3105	0.2411	0.184	0.2969	0.1928	0.2779	0.3009	0.1318	0.4437	0.3445
359	0.1238	0.2794	0.2881	0.1165	0.3126	0.2406	0.1833	0.2967	0.1929	0.2789	0.3014	0.1315	0.4426	0.3443
360	0.1237	0.2837	0.2872	0.1161	0.3121	0.2407	0.1836	0.2969	0.1925	0.2773	0.3008	0.1317	0.4434	0.3446
361	0.124	0.2794	0.2875	0.1155	0.3134	0.242	0.1848	0.2988	0.1921	0.2771	0.3014	0.1316	0.4429	0.3452
362	0.1238	0.2828	0.2875	0.1154	0.3133	0.2422	0.1848	0.2991	0.1929	0.2767	0.3018	0.1319	0.444	0.3458
363	0.1236	0.2825	0.288	0.1159	0.3141	0.2425	0.1846	0.2994	0.1927	0.2768	0.3019	0.1316	0.4431	0.3454
364	0.124	0.2814	0.2878	0.1161	0.3132	0.2414	0.184	0.298	0.1924	0.2761	0.3011	0.1313	0.4419	0.3445
365	0.1238	0.281	0.2866	0.1155	0.3123	0.2412	0.1834	0.2976	0.1926	0.2771	0.3012	0.1313	0.4423	0.3443
366	0.1238	0.2813	0.2884	0.1162	0.314	0.241	0.1832	0.298	0.1925	0.2774	0.3016	0.1315	0.4425	0.3449
367	0.1225	0.2819	0.2878	0.1161	0.314	0.2411	0.1829	0.2983	0.1927	0.2778	0.3022	0.1313	0.442	0.3452
368	0.1234	0.2816	0.2876	0.1158	0.3135	0.2411	0.1833	0.2983	0.1928	0.2775	0.302	0.1316	0.4426	0.3452
369	0.1227	0.2834	0.287	0.1161	0.3131	0.2415	0.1837	0.2984	0.1924	0.2775	0.3017	0.1315	0.4419	0.3449
370	0.1233	0.2833	0.2875	0.1162	0.3129	0.2412	0.1837	0.2979	0.193	0.2778	0.3019	0.1315	0.4426	0.345
371	0.1226	0.2812	0.2877	0.1166	0.3131	0.24	0.1831	0.297	0.1924	0.277	0.3011	0.1315	0.4425	0.3447
372	0.1225	0.2817	0.287	0.116	0.3131	0.2406	0.1832	0.2976	0.1922	0.277	0.3012	0.1315	0.4422	0.3447
373	0.1229	0.2797	0.2883	0.1165	0.3138	0.2401	0.1832	0.2972	0.1921	0.2771	0.3011	0.1314	0.4414	0.3444
374	0.1224	0.284	0.2883	0.1172	0.3141	0.2405	0.1838	0.298	0.1921	0.277	0.3016	0.1313	0.4416	0.3449
375	0.1224	0.28	0.2877	0.117	0.3138	0.2408	0.1836	0.2981	0.192	0.2769	0.3014	0.1315	0.4421	0.3451
376	0.1225	0.281	0.2883	0.1167	0.3137	0.2408	0.1833	0.2977	0.1919	0.277	0.3012	0.1315	0.4424	0.3449
377	0.1222	0.2854	0.2876	0.116	0.3134	0.2406	0.1835	0.2977	0.1925	0.2783	0.3018	0.1315	0.4424	0.3449
378	0.1221	0.2847	0.2886	0.1164	0.3133	0.2408	0.1842	0.2974	0.1922	0.2773	0.301	0.1316	0.4433	0.3448
379	0.1224	0.2839	0.2881	0.1158	0.3136	0.2409	0.1842	0.298	0.1922	0.2778	0.3015	0.1316	0.4433	0.3451
380	0.1218	0.2849	0.2893	0.1166	0.3153	0.2409	0.184	0.2987	0.1923	0.2773	0.3021	0.1316	0.4431	0.3458
381	0.1217	0.2846	0.2875	0.1162	0.3136	0.2408	0.1839	0.2981	0.1923	0.2782	0.3019	0.1316	0.4428	0.3454
382	0.1219	0.2849	0.2889	0.1172	0.3138	0.2407	0.1838	0.2977	0.1926	0.2791	0.302	0.1316	0.4437	0.3455
383	0.1216	0.2851	0.2867	0.116	0.3118	0.2415	0.1851	0.2978	0.1921	0.2777	0.301	0.1314	0.4429	0.3448
384	0.1218	0.2865	0.2876	0.1162	0.3122	0.241	0.1839	0.2972	0.1922	0.2772	0.3007	0.1317	0.4444	0.3451
385	0.1219	0.2857	0.2885	0.1167	0.3134	0.2404	0.1832	0.2972	0.1921	0.2778	0.3013	0.1315	0.4436	0.3453
386	0.1214	0.2831	0.2872	0.1165	0.3115	0.2403	0.1834	0.2964	0.1915	0.2774	0.3003	0.1315	0.4436	0.3447
387	0.1212	0.2858	0.2877	0.1168	0.3128	0.2405	0.1835	0.2973	0.1916	0.2769	0.301	0.1315	0.4443	0.3456
388	0.1214	0.287	0.2866	0.1156	0.3122	0.24	0.1833	0.297	0.1916	0.2765	0.3008	0.1315	0.4444	0.3456
389	0.1208	0.2846	0.2883	0.1162	0.3138	0.2401	0.1832	0.2976	0.1923	0.278	0.3019	0.1315	0.4438	0.3457
390	0.121	0.2844	0.2883	0.1157	0.3136	0.2405	0.1838	0.2978	0.1919	0.276	0.3011	0.1316	0.4439	0.3457
391	0.121	0.285	0.2875	0.1158	0.3121	0.24	0.1835	0.2967	0.1918	0.2764	0.3006	0.1311	0.4423	0.3444
392	0.1211	0.2858	0.2881	0.1159	0.3124	0.2401	0.1831	0.2966	0.192	0.2768	0.3007	0.1312	0.4427	0.3445
393	0.1211	0.2843	0.2874	0.1159	0.3137	0.2402	0.1835	0.298	0.1922	0.278	0.3022	0.131	0.4419	0.3452
394	0.1209	0.286	0.2872	0.1162	0.3136	0.2398	0.1839	0.2978	0.1919	0.2774	0.3017	0.131	0.4417	0.3451
395	0.1203	0.2841	0.2876	0.1162	0.314	0.2397	0.1836	0.2978	0.1914	0.2769	0.3014	0.131	0.4424	0.3452
396	0.1208	0.2817	0.2877	0.1165	0.3138	0.2402	0.1829	0.2978	0.1913	0.2764	0.3012	0.1312	0.4426	0.3453
397	0.1204	0.2835	0.289	0.1168	0.3145	0.2408	0.1833	0.298	0.1915	0.277	0.3014	0.1312	0.4431	0.3454
398	0.1205	0.2863	0.2862	0.1156	0.3123	0.2409	0.1838	0.2977	0.1916	0.2777	0.3012	0.1313	0.4431	0.3452
399	0.12	0.2862	0.2878	0.1163	0.3137	0.2411	0.1842	0.2983	0.192	0.2773	0.3016	0.1313	0.4423	0.3452
400	0.121	0.2853	0.2883	0.1162	0.3139	0.2395	0.1833	0.2971	0.1917	0.2779	0.3014	0.1314	0.4433	0.3455
401	0.1201	0.2839	0.2892	0.1169	0.3155	0.2396	0.1831	0.2979	0.1916	0.2776	0.3019	0.1313	0.4431	0.3458
402	0.1205	0.2876	0.2888	0.117	0.3149	0.239	0.1819	0.297	0.192	0.2774	0.3017	0.1312	0.443	0.3455
403	0.1206	0.2849	0.2882	0.1162	0.3142	0.2404	0.1829	0.2979	0.1921	0.2782	0.3021	0.1311	0.4428	0.3455
404	0.1201	0.2858	0.2883	0.1163	0.3135	0.2406	0.1834	0.2976	0.1919	0.2777	0.3013	0.131	0.4424	0.3448
405	0.1203	0.286	0.288	0.116	0.3134	0.2402	0.1832	0.2974	0.192	0.2775	0.3014	0.1312	0.4426	0.3451
406	0.12	0.2889	0.2901	0.1175	0.315	0.2409	0.1838	0.298	0.1921	0.2791	0.3019	0.1313	0.4436	0.3454
407	0.1199	0.2863	0.288	0.1167	0.3136	0.2411	0.1838	0.2981	0.192	0.2782	0.3017	0.131	0.4427	0.3452
408	0.1199	0.2853	0.2875	0.1164	0.3134	0.2414	0.1848	0.2986	0.1923	0.2775	0.3019	0.131	0.442	0.3451
409	0.1203	0.2868	0.2875	0.117	0.3131	0.2399	0.1837	0.2973	0.1925	0.2781	0.302	0.1312	0.4429	0.3454
410	0.1192	0.2879	0.2879	0.1168	0.3137	0.2411	0.1849	0.2985	0.1925	0.278	0.3021	0.1311	0.4423	0.3453
411	0.1198	0.2872	0.288	0.1171	0.3136	0.2408	0.1844	0.2981	0.1922	0.2773	0.3018	0.1311	0.4426	0.3453
412	0.1202	0.286	0.2873	0.1169	0.3128	0.24	0.1834	0.2972	0.1924	0.2786	0.302	0.1312	0.4432	0.3453
413	0.1198	0.2872	0.2874	0.1167	0.3131	0.2403	0.1836	0.2975	0.1924	0.278	0.3018	0.1313	0.4435	0.3455
414	0.12	0.2861	0.286	0.1162	0.3119	0.2394	0.1831	0.2965	0.1917	0.2771	0.301	0.1312	0.4436	0.3451
415	0.1194	0.2882	0.2863	0.1163	0.3123	0.2394	0.1834	0.2968	0.1916	0.2774	0.3011	0.131	0.4433	0.3451
416	0.1193	0.2878	0.2855	0.1166	0.3117	0.2392	0.1837	0.2965	0.1911	0.2774	0.3006	0.1311	0.4431	0.3448
417	0.119	0.2878	0.2857	0.1164	0.3118	0.2399	0.1837	0.2968	0.1918	0.2776	0.3011	0.131	0.4428	0.3447
418	0.1193	0.2906	0.2872	0.1174	0.3124	0.2393	0.1835	0.2962	0.1914	0.277	0.3004	0.1311	0.4424	0.3443
419	0.1189	0.2881	0.2862	0.1168	0.312	0.2397	0.1842	0.2968	0.1919	0.2783	0.3011	0.1311	0.4429	0.3446
420	0.1188	0.2881	0.2867	0.1167	0.3126	0.2403	0.1846	0.2976	0.1913	0.2766	0.3008	0.1308	0.442	0.3446
421	0.119	0.2891	0.2865	0.117	0.3123	0.2395	0.1846	0.297	0.1911	0.2758	0.3005	0.1311	0.4426	0.345
422	0.119	0.2886	0.2857	0.1164	0.3119	0.24	0.1839	0.2973	0.1912	0.276	0.3007	0.1312	0.4425	0.345
423	0.1192	0.2888	0.2847	0.1164	0.3116	0.2395	0.1832	0.2969	0.1915	0.2768	0.3011	0.1311	0.4423	0.3451
424	0.119	0.2872	0.2852	0.116	0.3108	0.2395	0.1833	0.2961	0.1915	0.277	0.3003	0.1311	0.4427	0.3444
425	0.1187	0.2912	0.2859	0.1163	0.3112	0.2391	0.1835	0.2961	0.1911	0.2764	0.3	0.1312	0.4427	0.3444
426	0.118	0.2881	0.2861	0.1166	0.3117	0.2391	0.1829	0.2961	0.1911	0.2767	0.3001	0.1311	0.443	0.3446
427	0.1189	0.289	0.2855	0.1164	0.3112	0.2383	0.1823	0.2955	0.1907	0.2762	0.2998	0.1309	0.4429	0.3445
428	0.1183	0.2894	0.2858	0.1167	0.3114	0.2395	0.1833	0.2964	0.1908	0.2754	0.2998	0.131	0.4431	0.3446
429	0.1189	0.2913	0.2861	0.1162	0.3118	0.239	0.1831	0.2963	0.1911	0.2759	0.3002	0.1311	0.4441	0.3449
430	0.1185	0.2909	0.2852	0.1158	0.3107	0.2391	0.1831	0.2959	0.1909	0.2758	0.2997	0.131	0.443	0.3442
431	0.1183	0.2888	0.2844	0.1153	0.3105	0.2379	0.1821	0.295	0.1912	0.2767	0.3001	0.1307	0.4421	0.344
432	0.1183	0.2894	0.2857	0.1157	0.3113	0.2385	0.1832	0.2957	0.1913	0.2766	0.3003	0.1307	0.4417	0.344
433	0.1177	0.289	0.2866	0.1166	0.313	0.2386	0.1827	0.2965	0.1912	0.2775	0.301	0.1309	0.4431	0.3451
434	0.1182	0.2848	0.2849	0.1163	0.3114	0.2389	0.1835	0.2962	0.1917	0.2783	0.3011	0.131	0.4437	0.3449
435	0.1178	0.2913	0.2852	0.1161	0.3114	0.2396	0.1836	0.2966	0.1915	0.2777	0.3008	0.131	0.4436	0.3449
436	0.1188	0.2904	0.2845	0.1157	0.3105	0.239	0.1834	0.2959	0.1911	0.2767	0.3	0.131	0.4437	0.3444
437	0.1179	0.2909	0.2851	0.1158	0.3112	0.239	0.1833	0.2962	0.1912	0.2774	0.3006	0.1311	0.4438	0.345
438	0.1183	0.2923	0.2858	0.1162	0.3114	0.2387	0.1834	0.2958	0.191	0.2765	0.3002	0.1311	0.4436	0.3448
439	0.118	0.2894	0.2865	0.1161	0.3121	0.2389	0.1824	0.296	0.1912	0.2771	0.3005	0.1312	0.4433	0.3449
440	0.1173	0.2896	0.2863	0.116	0.3114	0.2396	0.1831	0.2962	0.1913	0.2771	0.3003	0.1312	0.4427	0.3445
441	0.1181	0.2912	0.2872	0.1164	0.3118	0.2396	0.1829	0.296	0.1911	0.2765	0.3001	0.1311	0.4425	0.3444
442	0.1177	0.2922	0.2859	0.1156	0.3116	0.2399	0.1837	0.297	0.1913	0.2769	0.3008	0.1312	0.4429	0.3451
443	0.1171	0.2915	0.286	0.1163	0.3117	0.2405	0.1839	0.2973	0.191	0.2766	0.3005	0.131	0.4416	0.3445
444	0.1175	0.2912	0.2862	0.116	0.3119	0.2409	0.1845	0.2978	0.1907	0.2758	0.3003	0.1309	0.4418	0.3447
445	0.1178	0.2907	0.2864	0.1162	0.3116	0.2403	0.1841	0.2971	0.1909	0.2764	0.3004	0.1307	0.4425	0.3446
446	0.1177	0.2918	0.2861	0.116	0.3117	0.2402	0.1839	0.2972	0.1913	0.2769	0.3008	0.1309	0.4429	0.3449
447	0.1175	0.2907	0.2869	0.1164	0.3117	0.2398	0.1835	0.2966	0.191	0.2765	0.3002	0.1311	0.4434	0.3449
448	0.1171	0.292	0.2861	0.1161	0.3117	0.2399	0.1837	0.297	0.1916	0.2775	0.3011	0.1313	0.443	0.3452
449	0.1172	0.2888	0.2871	0.1166	0.3123	0.2403	0.1844	0.2972	0.1916	0.2773	0.301	0.1311	0.4426	0.345
450	0.1169	0.293	0.2862	0.1164	0.312	0.2402	0.184	0.2972	0.1915	0.2777	0.301	0.131	0.4422	0.3448
451	0.1169	0.2904	0.285	0.1155	0.3107	0.2401	0.1834	0.2967	0.1917	0.2778	0.3011	0.1311	0.4428	0.3449
452	0.1171	0.2914	0.2869	0.1168	0.3119	0.2396	0.1832	0.2963	0.1919	0.2785	0.3011	0.131	0.4433	0.3448
453	0.1166	0.2905	0.2872	0.117	0.3119	0.2396	0.183	0.2961	0.1915	0.2772	0.3005	0.131	0.4431	0.3446
454	0.117	0.2936	0.2883	0.117	0.3131	0.2397	0.1831	0.2966	0.1909	0.2774	0.3006	0.1309	0.4417	0.3444
455	0.1167	0.29	0.2873	0.1172	0.3125	0.2398	0.1836	0.2966	0.191	0.2773	0.3004	0.1309	0.442	0.3444
456	0.1169	0.2934	0.2865	0.1169	0.3123	0.2403	0.1839	0.2972	0.1912	0.2773	0.3007	0.1309	0.4419	0.3445
457	0.1173	0.2941	0.2869	0.1169	0.3129	0.2411	0.1844	0.2981	0.1916	0.2778	0.3014	0.1308	0.4411	0.3446
458	0.1167	0.2911	0.2873	0.1167	0.3126	0.2398	0.1839	0.2968	0.1918	0.2784	0.3012	0.131	0.442	0.3446
459	0.1172	0.2961	0.2863	0.1165	0.3124	0.2404	0.184	0.2975	0.1914	0.2776	0.301	0.1311	0.4428	0.3449
460	0.1162	0.2931	0.287	0.1167	0.3133	0.2407	0.1841	0.298	0.1916	0.2773	0.3013	0.1311	0.4428	0.3452
461	0.1161	0.2903	0.2864	0.1171	0.3126	0.2408	0.1845	0.298	0.1912	0.2767	0.301	0.131	0.4427	0.3452
462	0.1169	0.2936	0.2857	0.1165	0.3122	0.2404	0.1836	0.2976	0.1915	0.2768	0.3013	0.131	0.4428	0.3454
463	0.1163	0.2959	0.2851	0.116	0.3112	0.2406	0.1844	0.2974	0.1916	0.2784	0.3013	0.1309	0.4429	0.3449
464	0.1163	0.2924	0.2854	0.1169	0.3114	0.2402	0.1843	0.2972	0.1908	0.2774	0.3006	0.131	0.4432	0.345
465	0.1163	0.2943	0.2852	0.117	0.3113	0.2401	0.1842	0.2969	0.1909	0.2775	0.3006	0.131	0.4438	0.345
466	0.1166	0.2929	0.2836	0.1151	0.3107	0.2394	0.1836	0.297	0.1917	0.2772	0.3013	0.1309	0.4434	0.3452
467	0.1162	0.2932	0.284	0.1152	0.3107	0.2401	0.1844	0.2974	0.1913	0.277	0.3009	0.1311	0.4437	0.3453
468	0.1163	0.2914	0.2858	0.116	0.3116	0.2406	0.1848	0.2976	0.1919	0.2775	0.3012	0.1312	0.4439	0.3453
469	0.1163	0.2934	0.2873	0.1166	0.3126	0.2405	0.1844	0.2975	0.1916	0.2773	0.301	0.1313	0.4446	0.3455
470	0.1163	0.2923	0.287	0.1166	0.3125	0.2404	0.1844	0.2976	0.1913	0.2774	0.301	0.1312	0.4444	0.3455
471	0.1159	0.2903	0.2872	0.117	0.3128	0.2399	0.1843	0.2973	0.1914	0.2775	0.301	0.1312	0.4441	0.3454
472	0.1165	0.2947	0.2867	0.1166	0.3127	0.2396	0.1844	0.2973	0.1914	0.2779	0.3012	0.1311	0.4438	0.3455
473	0.1162	0.2932	0.2856	0.1161	0.3117	0.2382	0.1834	0.296	0.1913	0.2779	0.3008	0.1311	0.4435	0.3451
474	0.1163	0.2933	0.2849	0.1162	0.3114	0.2387	0.1835	0.2963	0.191	0.2774	0.3007	0.1311	0.4443	0.3453
475	0.1164	0.2932	0.2854	0.1158	0.3113	0.2388	0.1831	0.296	0.1909	0.2775	0.3004	0.1309	0.4432	0.3447
476	0.1159	0.2925	0.2855	0.116	0.3118	0.2388	0.184	0.2965	0.1909	0.2766	0.3005	0.1307	0.4435	0.3449
477	0.1157	0.2913	0.2874	0.117	0.3137	0.24	0.1843	0.2978	0.1909	0.2764	0.3011	0.1307	0.4427	0.3454
478	0.1157	0.2957	0.286	0.1166	0.3132	0.2399	0.1844	0.2981	0.1916	0.2783	0.3021	0.131	0.4439	0.3461
479	0.1152	0.2912	0.286	0.1164	0.3122	0.2392	0.1844	0.2971	0.1915	0.2782	0.3015	0.131	0.4442	0.3457
480	0.1155	0.2956	0.2853	0.1159	0.3114	0.2393	0.1841	0.2968	0.1912	0.2779	0.3008	0.131	0.4435	0.3451
481	0.1162	0.2973	0.2858	0.1162	0.3112	0.2391	0.1842	0.2964	0.191	0.2766	0.3003	0.131	0.4443	0.3452
482	0.1151	0.2942	0.2866	0.1165	0.3123	0.2401	0.1841	0.2973	0.1912	0.2774	0.3009	0.131	0.4442	0.3454
483	0.1159	0.2982	0.2862	0.1165	0.3129	0.2386	0.1833	0.2967	0.1914	0.2769	0.3012	0.1309	0.4436	0.3454
484	0.1157	0.2939	0.2859	0.1165	0.3126	0.2392	0.1837	0.297	0.1911	0.277	0.301	0.1308	0.4435	0.3452
485	0.1154	0.2949	0.2864	0.1168	0.3126	0.2394	0.1839	0.297	0.1911	0.2764	0.3008	0.1307	0.4434	0.3451
486	0.1151	0.2924	0.2864	0.117	0.3126	0.2392	0.184	0.2968	0.1912	0.2774	0.3008	0.1308	0.4431	0.3449
487	0.1156	0.2995	0.2866	0.1173	0.3127	0.2394	0.184	0.2969	0.1912	0.2775	0.301	0.1307	0.4424	0.3448
488	0.1154	0.2941	0.2866	0.1175	0.3129	0.2396	0.1843	0.2972	0.191	0.2767	0.3008	0.1306	0.4425	0.3449
489	0.1151	0.2952	0.2864	0.1173	0.3125	0.239	0.1838	0.2965	0.1908	0.2772	0.3005	0.1307	0.4433	0.3449
490	0.115	0.3	0.2856	0.1168	0.3111	0.2385	0.1839	0.2956	0.1907	0.2773	0.2999	0.1307	0.4434	0.3444
491	0.1149	0.2979	0.2863	0.1174	0.3116	0.2393	0.1836	0.296	0.1907	0.2768	0.2998	0.1305	0.4429	0.3443
492	0.1151	0.296	0.2859	0.1174	0.3111	0.2394	0.1841	0.296	0.191	0.2771	0.2999	0.1306	0.4433	0.3443
493	0.1151	0.2988	0.2852	0.1166	0.311	0.2395	0.1844	0.2962	0.1907	0.2777	0.3002	0.1307	0.4437	0.3447
494	0.1151	0.2935	0.2853	0.1165	0.3111	0.2393	0.1835	0.2961	0.1908	0.2777	0.3003	0.1307	0.4429	0.3445
495	0.1147	0.2978	0.2855	0.1164	0.311	0.2396	0.1835	0.2963	0.1907	0.2775	0.3002	0.1307	0.4434	0.3447
496	0.115	0.2941	0.2853	0.1168	0.3107	0.2395	0.1833	0.296	0.1908	0.2774	0.3001	0.1307	0.4428	0.3444
497	0.1146	0.2938	0.2859	0.117	0.3112	0.2398	0.1835	0.2963	0.1901	0.2769	0.2996	0.1305	0.4425	0.3442
498	0.1144	0.2942	0.2873	0.1175	0.3123	0.2393	0.1838	0.2962	0.1904	0.2771	0.2999	0.1309	0.4438	0.3449
499	0.1149	0.2964	0.2853	0.117	0.3114	0.2393	0.1838	0.2965	0.1902	0.2766	0.2999	0.1305	0.4426	0.3446
500	0.1146	0.2997	0.2849	0.1163	0.3108	0.2396	0.184	0.2964	0.1903	0.2764	0.2996	0.1306	0.4422	0.3443
