{"n_layers": 2, "device": "cuda", "batch_size": 2048, "embedding_dim": 256, "learning_rate": 0.001, "dataset": "dbbook", "epochs": 150, "top_k": 20, "multimodal": false, "datasets": {"dbbook": ["images", "text"], "ml1m": ["audio", "images", "text", "video"]}}
Epoch	Loss	Recall	Precision	NDCG
1	0.6913	0.0678	0.0244	0.0465
2	0.6815	0.0666	0.0243	0.0436
3	0.6455	0.0630	0.0236	0.0413
4	0.5711	0.0628	0.0232	0.0409
5	0.4825	0.0622	0.0230	0.0408
6	0.4089	0.0620	0.0229	0.0408
7	0.3604	0.0641	0.0236	0.0420
8	0.3284	0.0651	0.0239	0.0432
9	0.3045	0.0658	0.0243	0.0442
10	0.2867	0.0675	0.0248	0.0460
11	0.2683	0.0697	0.0256	0.0477
12	0.2486	0.0723	0.0263	0.0495
13	0.2367	0.0740	0.0270	0.0508
14	0.2211	0.0767	0.0277	0.0526
15	0.2120	0.0779	0.0279	0.0533
16	0.1976	0.0795	0.0284	0.0546
17	0.1901	0.0816	0.0291	0.0560
18	0.1754	0.0838	0.0298	0.0577
19	0.1665	0.0859	0.0304	0.0592
20	0.1584	0.0877	0.0310	0.0604
21	0.1491	0.0888	0.0312	0.0616
22	0.1400	0.0902	0.0316	0.0628
23	0.1343	0.0917	0.0320	0.0640
24	0.1255	0.0925	0.0322	0.0647
25	0.1219	0.0935	0.0326	0.0655
26	0.1185	0.0948	0.0328	0.0663
27	0.1114	0.0956	0.0331	0.0670
28	0.1076	0.0965	0.0335	0.0680
29	0.1037	0.0976	0.0337	0.0692
30	0.0976	0.0994	0.0342	0.0705
31	0.0933	0.1001	0.0344	0.0711
32	0.0897	0.1003	0.0345	0.0714
33	0.0873	0.1013	0.0347	0.0720
34	0.0841	0.1018	0.0349	0.0727
35	0.0816	0.1030	0.0352	0.0733
36	0.0786	0.1037	0.0355	0.0739
37	0.0753	0.1048	0.0359	0.0747
38	0.0708	0.1056	0.0361	0.0753
39	0.0695	0.1066	0.0363	0.0756
40	0.0682	0.1072	0.0364	0.0764
41	0.0659	0.1077	0.0365	0.0770
42	0.0641	0.1080	0.0367	0.0775
43	0.0628	0.1090	0.0370	0.0784
44	0.0609	0.1101	0.0370	0.0788
45	0.0570	0.1105	0.0373	0.0792
46	0.0569	0.1114	0.0374	0.0797
47	0.0535	0.1117	0.0376	0.0802
48	0.0542	0.1122	0.0378	0.0808
49	0.0503	0.1124	0.0380	0.0814
50	0.0490	0.1126	0.0381	0.0817
51	0.0492	0.1136	0.0383	0.0822
52	0.0479	0.1138	0.0385	0.0825
53	0.0478	0.1135	0.0384	0.0826
54	0.0450	0.1140	0.0385	0.0829
55	0.0449	0.1140	0.0385	0.0830
56	0.0431	0.1147	0.0387	0.0834
57	0.0424	0.1149	0.0388	0.0836
58	0.0428	0.1152	0.0387	0.0838
59	0.0405	0.1155	0.0388	0.0840
60	0.0391	0.1156	0.0388	0.0842
61	0.0386	0.1155	0.0386	0.0843
62	0.0381	0.1160	0.0387	0.0848
63	0.0368	0.1162	0.0388	0.0852
64	0.0362	0.1176	0.0391	0.0860
65	0.0347	0.1176	0.0391	0.0861
66	0.0338	0.1184	0.0393	0.0867
67	0.0345	0.1185	0.0393	0.0867
68	0.0329	0.1188	0.0393	0.0869
69	0.0328	0.1183	0.0393	0.0869
70	0.0308	0.1188	0.0394	0.0871
71	0.0305	0.1196	0.0396	0.0878
72	0.0305	0.1197	0.0395	0.0880
73	0.0305	0.1198	0.0396	0.0879
74	0.0299	0.1199	0.0397	0.0881
75	0.0290	0.1203	0.0398	0.0883
76	0.0286	0.1198	0.0397	0.0882
77	0.0280	0.1204	0.0397	0.0886
78	0.0263	0.1208	0.0398	0.0888
79	0.0278	0.1210	0.0398	0.0888
80	0.0265	0.1211	0.0398	0.0889
81	0.0258	0.1210	0.0399	0.0893
82	0.0261	0.1210	0.0399	0.0893
83	0.0255	0.1211	0.0400	0.0894
84	0.0240	0.1210	0.0399	0.0894
85	0.0238	0.1212	0.0400	0.0895
86	0.0245	0.1211	0.0399	0.0893
87	0.0235	0.1214	0.0399	0.0895
88	0.0223	0.1216	0.0400	0.0896
89	0.0224	0.1217	0.0400	0.0897
90	0.0222	0.1219	0.0401	0.0898
91	0.0225	0.1221	0.0400	0.0899
92	0.0222	0.1221	0.0401	0.0900
93	0.0211	0.1214	0.0399	0.0898
94	0.0211	0.1213	0.0399	0.0901
95	0.0210	0.1220	0.0401	0.0905
96	0.0213	0.1217	0.0400	0.0903
97	0.0210	0.1213	0.0398	0.0903
98	0.0197	0.1216	0.0399	0.0904
99	0.0192	0.1227	0.0400	0.0907
100	0.0213	0.1227	0.0400	0.0905
101	0.0182	0.1229	0.0400	0.0907
102	0.0191	0.1231	0.0400	0.0905
103	0.0186	0.1224	0.0398	0.0902
104	0.0177	0.1222	0.0398	0.0902
105	0.0183	0.1229	0.0399	0.0907
106	0.0180	0.1227	0.0400	0.0909
107	0.0169	0.1227	0.0400	0.0909
108	0.0178	0.1229	0.0400	0.0909
109	0.0178	0.1224	0.0399	0.0908
110	0.0182	0.1225	0.0398	0.0907
111	0.0182	0.1230	0.0400	0.0910
112	0.0172	0.1224	0.0398	0.0907
113	0.0168	0.1221	0.0399	0.0908
114	0.0178	0.1225	0.0399	0.0909
115	0.0167	0.1224	0.0398	0.0911
116	0.0165	0.1226	0.0398	0.0911
117	0.0159	0.1228	0.0399	0.0912
118	0.0159	0.1228	0.0399	0.0912
119	0.0160	0.1230	0.0400	0.0912
120	0.0151	0.1235	0.0401	0.0915
121	0.0149	0.1234	0.0400	0.0913
122	0.0153	0.1231	0.0399	0.0911
123	0.0149	0.1233	0.0399	0.0912
124	0.0147	0.1231	0.0399	0.0914
125	0.0135	0.1237	0.0400	0.0917
126	0.0149	0.1235	0.0401	0.0917
127	0.0149	0.1228	0.0400	0.0917
128	0.0139	0.1228	0.0400	0.0916
129	0.0142	0.1230	0.0400	0.0916
130	0.0139	0.1226	0.0398	0.0914
131	0.0142	0.1229	0.0398	0.0913
132	0.0140	0.1230	0.0399	0.0915
133	0.0133	0.1230	0.0399	0.0914
134	0.0140	0.1230	0.0399	0.0914
135	0.0136	0.1228	0.0399	0.0915
136	0.0137	0.1230	0.0399	0.0916
137	0.0139	0.1232	0.0400	0.0916
138	0.0135	0.1233	0.0400	0.0916
139	0.0136	0.1231	0.0399	0.0916
140	0.0125	0.1230	0.0398	0.0919
141	0.0128	0.1230	0.0398	0.0919
142	0.0129	0.1236	0.0398	0.0922
143	0.0126	0.1238	0.0398	0.0922
144	0.0126	0.1243	0.0399	0.0924
145	0.0132	0.1243	0.0400	0.0926
146	0.0125	0.1242	0.0400	0.0925
147	0.0124	0.1245	0.0400	0.0928
148	0.0124	0.1247	0.0401	0.0930
149	0.0124	0.1246	0.0400	0.0929
150	0.0118	0.1247	0.0401	0.0928
