{"n_layers": 1, "device": "cuda", "batch_size": 2048, "embedding_dim": 1024, "learning_rate": 0.001, "dataset": "dbbook", "epochs": 150, "top_k": 50, "multimodal": true, "datasets": {"dbbook": ["images", "text"], "ml1m": ["audio", "images", "text", "video"]}}
Epoch	Loss	Recall	Precision	NDCG
1	0.6874	0.0639	0.0085	0.0435
2	0.6660	0.1148	0.0154	0.0790
3	0.6365	0.1459	0.0199	0.0945
4	0.5930	0.1631	0.0224	0.0995
5	0.5335	0.1706	0.0237	0.0996
6	0.4648	0.1725	0.0240	0.0982
7	0.3949	0.1730	0.0242	0.0968
8	0.3338	0.1737	0.0244	0.0967
9	0.2836	0.1745	0.0245	0.0972
10	0.2436	0.1754	0.0246	0.0976
11	0.2100	0.1784	0.0250	0.0992
12	0.1841	0.1797	0.0252	0.1003
13	0.1651	0.1813	0.0254	0.1013
14	0.1466	0.1837	0.0257	0.1028
15	0.1303	0.1865	0.0260	0.1045
16	0.1192	0.1890	0.0263	0.1059
17	0.1082	0.1912	0.0266	0.1071
18	0.0993	0.1934	0.0268	0.1087
19	0.0923	0.1957	0.0271	0.1104
20	0.0834	0.1977	0.0273	0.1117
21	0.0784	0.1989	0.0275	0.1125
22	0.0713	0.2009	0.0277	0.1140
23	0.0663	0.2024	0.0279	0.1152
24	0.0607	0.2047	0.0281	0.1165
25	0.0580	0.2063	0.0284	0.1177
26	0.0537	0.2074	0.0284	0.1185
27	0.0510	0.2085	0.0285	0.1194
28	0.0483	0.2089	0.0286	0.1201
29	0.0463	0.2099	0.0287	0.1210
30	0.0447	0.2119	0.0289	0.1221
31	0.0415	0.2119	0.0289	0.1225
32	0.0406	0.2124	0.0289	0.1230
33	0.0381	0.2131	0.0290	0.1236
34	0.0365	0.2138	0.0291	0.1240
35	0.0345	0.2152	0.0292	0.1249
36	0.0342	0.2162	0.0293	0.1254
37	0.0325	0.2170	0.0294	0.1258
38	0.0296	0.2175	0.0295	0.1262
39	0.0298	0.2185	0.0296	0.1269
40	0.0290	0.2189	0.0297	0.1272
41	0.0277	0.2191	0.0297	0.1278
42	0.0269	0.2194	0.0297	0.1281
43	0.0258	0.2193	0.0297	0.1284
44	0.0249	0.2195	0.0297	0.1291
45	0.0247	0.2200	0.0297	0.1296
46	0.0240	0.2200	0.0297	0.1296
47	0.0234	0.2205	0.0298	0.1300
48	0.0220	0.2209	0.0299	0.1302
49	0.0210	0.2210	0.0298	0.1303
50	0.0213	0.2213	0.0299	0.1307
51	0.0208	0.2221	0.0299	0.1311
52	0.0201	0.2225	0.0299	0.1316
53	0.0193	0.2228	0.0300	0.1319
54	0.0191	0.2234	0.0300	0.1322
55	0.0184	0.2235	0.0300	0.1322
56	0.0181	0.2225	0.0299	0.1321
57	0.0180	0.2232	0.0299	0.1324
58	0.0175	0.2236	0.0299	0.1327
59	0.0168	0.2234	0.0299	0.1327
60	0.0175	0.2236	0.0299	0.1329
61	0.0169	0.2235	0.0299	0.1331
62	0.0160	0.2238	0.0299	0.1333
63	0.0166	0.2236	0.0299	0.1334
64	0.0165	0.2241	0.0299	0.1335
65	0.0152	0.2243	0.0299	0.1338
66	0.0156	0.2239	0.0299	0.1337
67	0.0147	0.2242	0.0299	0.1338
68	0.0149	0.2246	0.0299	0.1342
69	0.0144	0.2242	0.0299	0.1342
70	0.0143	0.2240	0.0299	0.1341
71	0.0144	0.2239	0.0299	0.1342
72	0.0140	0.2239	0.0298	0.1344
73	0.0140	0.2240	0.0298	0.1343
74	0.0142	0.2239	0.0298	0.1346
75	0.0136	0.2241	0.0298	0.1349
76	0.0140	0.2241	0.0297	0.1349
77	0.0135	0.2243	0.0297	0.1349
78	0.0125	0.2244	0.0297	0.1348
79	0.0128	0.2243	0.0297	0.1348
80	0.0133	0.2243	0.0297	0.1348
81	0.0131	0.2243	0.0297	0.1350
82	0.0126	0.2237	0.0296	0.1347
83	0.0121	0.2239	0.0296	0.1345
84	0.0117	0.2237	0.0296	0.1346
85	0.0127	0.2235	0.0296	0.1347
86	0.0122	0.2234	0.0295	0.1348
87	0.0117	0.2236	0.0296	0.1350
88	0.0119	0.2232	0.0295	0.1348
89	0.0117	0.2234	0.0295	0.1349
90	0.0125	0.2236	0.0295	0.1349
91	0.0116	0.2232	0.0294	0.1347
92	0.0116	0.2231	0.0294	0.1347
93	0.0109	0.2231	0.0294	0.1348
94	0.0116	0.2230	0.0294	0.1347
95	0.0112	0.2231	0.0294	0.1347
96	0.0111	0.2230	0.0294	0.1348
97	0.0115	0.2229	0.0294	0.1348
98	0.0111	0.2227	0.0294	0.1347
99	0.0111	0.2226	0.0293	0.1346
100	0.0110	0.2227	0.0293	0.1345
101	0.0109	0.2228	0.0294	0.1346
102	0.0104	0.2234	0.0294	0.1346
103	0.0106	0.2235	0.0294	0.1346
104	0.0107	0.2232	0.0294	0.1346
105	0.0104	0.2233	0.0293	0.1346
106	0.0108	0.2232	0.0294	0.1348
107	0.0104	0.2231	0.0293	0.1345
108	0.0105	0.2230	0.0293	0.1346
109	0.0104	0.2231	0.0294	0.1349
110	0.0105	0.2235	0.0294	0.1349
111	0.0104	0.2236	0.0294	0.1350
112	0.0102	0.2231	0.0294	0.1346
113	0.0099	0.2230	0.0293	0.1347
114	0.0107	0.2234	0.0294	0.1350
115	0.0101	0.2236	0.0294	0.1351
116	0.0101	0.2240	0.0294	0.1352
117	0.0102	0.2232	0.0293	0.1350
118	0.0098	0.2235	0.0293	0.1351
119	0.0100	0.2233	0.0293	0.1352
120	0.0101	0.2227	0.0293	0.1350
121	0.0097	0.2225	0.0292	0.1346
122	0.0100	0.2222	0.0292	0.1345
123	0.0098	0.2220	0.0292	0.1342
124	0.0097	0.2218	0.0291	0.1339
125	0.0102	0.2220	0.0290	0.1341
126	0.0094	0.2215	0.0290	0.1339
127	0.0104	0.2214	0.0290	0.1338
128	0.0100	0.2213	0.0289	0.1338
129	0.0098	0.2216	0.0290	0.1338
130	0.0095	0.2214	0.0290	0.1337
131	0.0096	0.2213	0.0289	0.1337
132	0.0098	0.2216	0.0290	0.1338
133	0.0094	0.2214	0.0290	0.1339
134	0.0093	0.2212	0.0289	0.1338
135	0.0097	0.2214	0.0290	0.1338
136	0.0097	0.2215	0.0289	0.1338
137	0.0091	0.2217	0.0289	0.1337
138	0.0096	0.2211	0.0289	0.1337
139	0.0092	0.2205	0.0288	0.1333
140	0.0097	0.2205	0.0287	0.1333
141	0.0090	0.2207	0.0288	0.1334
142	0.0097	0.2205	0.0287	0.1330
143	0.0099	0.2205	0.0287	0.1333
144	0.0097	0.2209	0.0288	0.1335
145	0.0095	0.2208	0.0287	0.1336
146	0.0094	0.2201	0.0286	0.1336
147	0.0098	0.2203	0.0286	0.1335
148	0.0094	0.2206	0.0287	0.1337
149	0.0096	0.2205	0.0286	0.1336
150	0.0093	0.2205	0.0286	0.1335
