{"n_layers": 1, "device": "cuda", "batch_size": 2048, "embedding_dim": 64, "learning_rate": 0.0005, "dataset": "dbbook", "epochs": 150, "top_k": 50, "multimodal": true, "datasets": {"dbbook": ["images", "text"], "ml1m": ["audio", "images", "text", "video"]}}
Epoch	Loss	Recall	Precision	NDCG
1	0.6929	0.0157	0.0020	0.0073
2	0.6923	0.0253	0.0032	0.0130
3	0.6917	0.0424	0.0055	0.0242
4	0.6908	0.0633	0.0084	0.0385
5	0.6897	0.0857	0.0118	0.0534
6	0.6883	0.1061	0.0148	0.0661
7	0.6864	0.1246	0.0174	0.0759
8	0.6838	0.1351	0.0190	0.0812
9	0.6806	0.1422	0.0201	0.0841
10	0.6763	0.1471	0.0208	0.0853
11	0.6712	0.1512	0.0213	0.0856
12	0.6650	0.1529	0.0216	0.0850
13	0.6576	0.1547	0.0218	0.0846
14	0.6488	0.1537	0.0218	0.0833
15	0.6391	0.1525	0.0217	0.0820
16	0.6280	0.1522	0.0217	0.0810
17	0.6162	0.1508	0.0215	0.0796
18	0.6035	0.1504	0.0214	0.0788
19	0.5899	0.1495	0.0213	0.0781
20	0.5763	0.1481	0.0211	0.0772
21	0.5623	0.1477	0.0211	0.0767
22	0.5481	0.1476	0.0211	0.0763
23	0.5336	0.1465	0.0210	0.0759
24	0.5191	0.1460	0.0210	0.0754
25	0.5063	0.1455	0.0209	0.0751
26	0.4927	0.1456	0.0209	0.0751
27	0.4793	0.1451	0.0209	0.0750
28	0.4674	0.1443	0.0208	0.0747
29	0.4552	0.1446	0.0208	0.0747
30	0.4436	0.1444	0.0208	0.0747
31	0.4323	0.1437	0.0208	0.0744
32	0.4223	0.1437	0.0208	0.0745
33	0.4102	0.1435	0.0208	0.0744
34	0.4009	0.1438	0.0208	0.0744
35	0.3938	0.1439	0.0208	0.0745
36	0.3845	0.1439	0.0208	0.0746
37	0.3757	0.1437	0.0208	0.0746
38	0.3665	0.1438	0.0208	0.0746
39	0.3595	0.1435	0.0208	0.0746
40	0.3528	0.1438	0.0208	0.0746
41	0.3447	0.1442	0.0208	0.0748
42	0.3394	0.1445	0.0209	0.0750
43	0.3323	0.1450	0.0209	0.0752
44	0.3265	0.1453	0.0209	0.0753
45	0.3204	0.1456	0.0210	0.0754
46	0.3163	0.1458	0.0210	0.0757
47	0.3078	0.1459	0.0210	0.0758
48	0.3051	0.1457	0.0210	0.0758
49	0.2983	0.1461	0.0211	0.0761
50	0.2945	0.1467	0.0212	0.0764
51	0.2879	0.1473	0.0212	0.0768
52	0.2861	0.1477	0.0213	0.0769
53	0.2798	0.1480	0.0213	0.0771
54	0.2770	0.1480	0.0213	0.0773
55	0.2727	0.1485	0.0214	0.0776
56	0.2671	0.1485	0.0214	0.0777
57	0.2646	0.1491	0.0215	0.0780
58	0.2617	0.1493	0.0215	0.0781
59	0.2566	0.1499	0.0216	0.0784
60	0.2532	0.1502	0.0216	0.0788
61	0.2507	0.1505	0.0217	0.0790
62	0.2473	0.1510	0.0217	0.0793
63	0.2429	0.1513	0.0217	0.0796
64	0.2399	0.1511	0.0217	0.0797
65	0.2386	0.1516	0.0218	0.0800
66	0.2349	0.1519	0.0219	0.0803
67	0.2320	0.1519	0.0219	0.0804
68	0.2306	0.1525	0.0219	0.0806
69	0.2250	0.1531	0.0220	0.0809
70	0.2227	0.1536	0.0221	0.0812
71	0.2201	0.1538	0.0221	0.0814
72	0.2165	0.1541	0.0221	0.0817
73	0.2164	0.1548	0.0222	0.0821
74	0.2120	0.1555	0.0223	0.0824
75	0.2078	0.1556	0.0224	0.0826
76	0.2082	0.1562	0.0224	0.0829
77	0.2046	0.1564	0.0225	0.0832
78	0.2039	0.1570	0.0225	0.0835
79	0.2005	0.1578	0.0226	0.0839
80	0.1960	0.1584	0.0227	0.0842
81	0.1973	0.1588	0.0227	0.0846
82	0.1925	0.1597	0.0228	0.0851
83	0.1920	0.1600	0.0229	0.0854
84	0.1887	0.1604	0.0229	0.0857
85	0.1840	0.1604	0.0229	0.0860
86	0.1817	0.1605	0.0229	0.0861
87	0.1825	0.1612	0.0230	0.0867
88	0.1789	0.1616	0.0231	0.0870
89	0.1788	0.1620	0.0231	0.0872
90	0.1760	0.1623	0.0232	0.0874
91	0.1759	0.1629	0.0232	0.0877
92	0.1726	0.1632	0.0233	0.0880
93	0.1713	0.1636	0.0233	0.0883
94	0.1696	0.1638	0.0233	0.0886
95	0.1663	0.1642	0.0234	0.0888
96	0.1658	0.1643	0.0234	0.0890
97	0.1665	0.1647	0.0235	0.0894
98	0.1639	0.1652	0.0235	0.0896
99	0.1597	0.1655	0.0236	0.0898
100	0.1624	0.1660	0.0236	0.0901
101	0.1596	0.1663	0.0237	0.0904
102	0.1584	0.1664	0.0237	0.0904
103	0.1550	0.1670	0.0238	0.0908
104	0.1534	0.1673	0.0238	0.0909
105	0.1526	0.1682	0.0239	0.0913
106	0.1500	0.1686	0.0239	0.0915
107	0.1510	0.1693	0.0240	0.0918
108	0.1489	0.1697	0.0241	0.0920
109	0.1509	0.1700	0.0241	0.0923
110	0.1444	0.1702	0.0242	0.0924
111	0.1417	0.1705	0.0242	0.0925
112	0.1413	0.1704	0.0242	0.0926
113	0.1386	0.1706	0.0242	0.0928
114	0.1382	0.1713	0.0243	0.0931
115	0.1386	0.1718	0.0244	0.0934
116	0.1371	0.1721	0.0244	0.0936
117	0.1353	0.1723	0.0244	0.0937
118	0.1368	0.1726	0.0244	0.0940
119	0.1334	0.1729	0.0245	0.0942
120	0.1340	0.1732	0.0245	0.0944
121	0.1316	0.1737	0.0246	0.0946
122	0.1319	0.1740	0.0246	0.0948
123	0.1315	0.1742	0.0246	0.0950
124	0.1277	0.1743	0.0246	0.0953
125	0.1266	0.1744	0.0246	0.0954
126	0.1273	0.1746	0.0247	0.0956
127	0.1261	0.1751	0.0247	0.0958
128	0.1226	0.1758	0.0248	0.0961
129	0.1252	0.1760	0.0248	0.0963
130	0.1225	0.1762	0.0248	0.0965
131	0.1197	0.1763	0.0249	0.0966
132	0.1200	0.1766	0.0249	0.0967
133	0.1215	0.1769	0.0249	0.0969
134	0.1153	0.1773	0.0250	0.0970
135	0.1158	0.1777	0.0250	0.0972
136	0.1159	0.1781	0.0250	0.0974
137	0.1149	0.1786	0.0251	0.0976
138	0.1142	0.1786	0.0251	0.0977
139	0.1117	0.1791	0.0252	0.0979
140	0.1104	0.1794	0.0252	0.0981
141	0.1095	0.1797	0.0252	0.0982
142	0.1113	0.1795	0.0252	0.0983
143	0.1094	0.1803	0.0253	0.0987
144	0.1111	0.1804	0.0253	0.0989
145	0.1056	0.1809	0.0253	0.0991
146	0.1080	0.1809	0.0254	0.0992
147	0.1053	0.1808	0.0254	0.0992
148	0.1059	0.1811	0.0254	0.0994
149	0.1038	0.1814	0.0254	0.0996
150	0.1001	0.1813	0.0254	0.0997
