{"n_layers": 1, "device": "cuda", "batch_size": 2048, "embedding_dim": 128, "learning_rate": 0.0005, "dataset": "dbbook", "epochs": 150, "top_k": 10, "multimodal": true, "datasets": {"dbbook": ["images", "text"], "ml1m": ["audio", "images", "text", "video"]}}
Epoch	Loss	Recall	Precision	NDCG
1	0.6926	0.0040	0.0025	0.0037
2	0.6915	0.0100	0.0062	0.0096
3	0.6902	0.0199	0.0123	0.0199
4	0.6886	0.0330	0.0216	0.0338
5	0.6864	0.0424	0.0282	0.0434
6	0.6836	0.0480	0.0326	0.0483
7	0.6799	0.0517	0.0353	0.0505
8	0.6751	0.0534	0.0366	0.0508
9	0.6689	0.0520	0.0359	0.0491
10	0.6611	0.0503	0.0349	0.0472
11	0.6519	0.0492	0.0343	0.0459
12	0.6407	0.0476	0.0333	0.0445
13	0.6279	0.0468	0.0328	0.0432
14	0.6132	0.0461	0.0324	0.0422
15	0.5975	0.0451	0.0316	0.0411
16	0.5800	0.0438	0.0309	0.0398
17	0.5618	0.0432	0.0302	0.0388
18	0.5435	0.0425	0.0300	0.0383
19	0.5249	0.0424	0.0299	0.0380
20	0.5063	0.0421	0.0298	0.0377
21	0.4882	0.0417	0.0296	0.0374
22	0.4716	0.0413	0.0292	0.0370
23	0.4533	0.0415	0.0294	0.0369
24	0.4375	0.0414	0.0292	0.0368
25	0.4221	0.0415	0.0293	0.0369
26	0.4083	0.0412	0.0292	0.0368
27	0.3939	0.0412	0.0292	0.0367
28	0.3811	0.0414	0.0294	0.0368
29	0.3686	0.0419	0.0294	0.0369
30	0.3574	0.0418	0.0295	0.0370
31	0.3470	0.0417	0.0295	0.0370
32	0.3350	0.0418	0.0295	0.0371
33	0.3251	0.0422	0.0297	0.0374
34	0.3168	0.0424	0.0299	0.0376
35	0.3085	0.0423	0.0298	0.0377
36	0.2989	0.0425	0.0299	0.0380
37	0.2905	0.0425	0.0299	0.0381
38	0.2846	0.0428	0.0301	0.0384
39	0.2775	0.0429	0.0301	0.0385
40	0.2712	0.0430	0.0303	0.0387
41	0.2649	0.0429	0.0303	0.0387
42	0.2567	0.0432	0.0305	0.0390
43	0.2527	0.0431	0.0304	0.0392
44	0.2465	0.0433	0.0306	0.0395
45	0.2415	0.0437	0.0309	0.0398
46	0.2353	0.0441	0.0311	0.0402
47	0.2305	0.0443	0.0312	0.0404
48	0.2259	0.0443	0.0313	0.0405
49	0.2233	0.0447	0.0315	0.0408
50	0.2168	0.0449	0.0317	0.0409
51	0.2120	0.0451	0.0317	0.0411
52	0.2104	0.0454	0.0318	0.0413
53	0.2066	0.0455	0.0318	0.0413
54	0.2018	0.0457	0.0320	0.0415
55	0.1968	0.0458	0.0321	0.0416
56	0.1952	0.0465	0.0325	0.0420
57	0.1897	0.0464	0.0325	0.0420
58	0.1866	0.0467	0.0327	0.0422
59	0.1849	0.0471	0.0329	0.0424
60	0.1812	0.0473	0.0330	0.0426
61	0.1757	0.0477	0.0332	0.0429
62	0.1744	0.0482	0.0335	0.0433
63	0.1713	0.0485	0.0337	0.0435
64	0.1683	0.0489	0.0339	0.0438
65	0.1659	0.0492	0.0341	0.0441
66	0.1630	0.0496	0.0342	0.0444
67	0.1598	0.0497	0.0343	0.0446
68	0.1590	0.0499	0.0346	0.0448
69	0.1546	0.0503	0.0349	0.0451
70	0.1531	0.0503	0.0350	0.0453
71	0.1502	0.0507	0.0352	0.0456
72	0.1484	0.0513	0.0354	0.0459
73	0.1458	0.0514	0.0354	0.0461
74	0.1410	0.0520	0.0356	0.0464
75	0.1418	0.0521	0.0356	0.0467
76	0.1397	0.0523	0.0358	0.0469
77	0.1367	0.0526	0.0360	0.0471
78	0.1363	0.0529	0.0360	0.0473
79	0.1349	0.0531	0.0361	0.0474
80	0.1312	0.0533	0.0363	0.0477
81	0.1276	0.0535	0.0364	0.0477
82	0.1279	0.0539	0.0365	0.0481
83	0.1256	0.0543	0.0369	0.0485
84	0.1216	0.0547	0.0371	0.0488
85	0.1223	0.0551	0.0374	0.0491
86	0.1216	0.0551	0.0375	0.0492
87	0.1190	0.0553	0.0376	0.0493
88	0.1182	0.0555	0.0378	0.0495
89	0.1161	0.0555	0.0378	0.0496
90	0.1125	0.0561	0.0379	0.0499
91	0.1139	0.0562	0.0380	0.0501
92	0.1111	0.0565	0.0382	0.0504
93	0.1118	0.0565	0.0384	0.0507
94	0.1065	0.0565	0.0384	0.0508
95	0.1066	0.0568	0.0386	0.0511
96	0.1047	0.0570	0.0387	0.0513
97	0.1040	0.0569	0.0387	0.0514
98	0.1041	0.0571	0.0387	0.0516
99	0.1035	0.0574	0.0390	0.0519
100	0.1010	0.0574	0.0391	0.0520
101	0.0992	0.0575	0.0391	0.0521
102	0.0975	0.0577	0.0392	0.0522
103	0.0978	0.0577	0.0392	0.0524
104	0.0944	0.0577	0.0393	0.0525
105	0.0937	0.0577	0.0392	0.0525
106	0.0933	0.0582	0.0395	0.0528
107	0.0941	0.0581	0.0394	0.0528
108	0.0913	0.0582	0.0395	0.0529
109	0.0913	0.0583	0.0395	0.0531
110	0.0883	0.0585	0.0395	0.0531
111	0.0865	0.0587	0.0396	0.0532
112	0.0886	0.0587	0.0395	0.0532
113	0.0849	0.0589	0.0397	0.0535
114	0.0847	0.0591	0.0397	0.0536
115	0.0822	0.0594	0.0399	0.0539
116	0.0833	0.0597	0.0401	0.0543
117	0.0829	0.0602	0.0404	0.0548
118	0.0798	0.0604	0.0405	0.0549
119	0.0818	0.0608	0.0406	0.0551
120	0.0789	0.0607	0.0406	0.0552
121	0.0778	0.0607	0.0407	0.0554
122	0.0770	0.0609	0.0409	0.0557
123	0.0754	0.0613	0.0411	0.0559
124	0.0776	0.0612	0.0411	0.0561
125	0.0773	0.0615	0.0414	0.0564
126	0.0745	0.0617	0.0416	0.0566
127	0.0724	0.0618	0.0416	0.0567
128	0.0729	0.0620	0.0418	0.0569
129	0.0730	0.0623	0.0419	0.0572
130	0.0693	0.0624	0.0420	0.0573
131	0.0706	0.0626	0.0421	0.0574
132	0.0677	0.0627	0.0422	0.0577
133	0.0694	0.0630	0.0423	0.0578
134	0.0679	0.0632	0.0425	0.0580
135	0.0670	0.0632	0.0424	0.0580
136	0.0672	0.0633	0.0426	0.0583
137	0.0674	0.0637	0.0428	0.0586
138	0.0663	0.0637	0.0427	0.0587
139	0.0666	0.0639	0.0429	0.0588
140	0.0644	0.0642	0.0431	0.0590
141	0.0646	0.0639	0.0430	0.0590
142	0.0638	0.0638	0.0430	0.0589
143	0.0620	0.0639	0.0430	0.0590
144	0.0624	0.0639	0.0431	0.0590
145	0.0614	0.0639	0.0430	0.0590
146	0.0599	0.0643	0.0433	0.0592
147	0.0606	0.0644	0.0433	0.0593
148	0.0598	0.0648	0.0436	0.0596
149	0.0582	0.0649	0.0436	0.0597
150	0.0599	0.0650	0.0438	0.0598
