{"n_layers": 2, "device": "cuda", "batch_size": 2048, "embedding_dim": 1024, "learning_rate": 0.001, "dataset": "dbbook", "epochs": 150, "top_k": 50, "multimodal": true, "datasets": {"dbbook": ["images", "text"], "ml1m": ["audio", "images", "text", "video"]}}
Epoch	Loss	Recall	Precision	NDCG
1	0.6890	0.1429	0.0199	0.0865
2	0.6712	0.1569	0.0223	0.0852
3	0.6223	0.1437	0.0208	0.0751
4	0.5310	0.1376	0.0200	0.0708
5	0.4281	0.1363	0.0199	0.0696
6	0.3526	0.1362	0.0200	0.0700
7	0.3032	0.1388	0.0203	0.0718
8	0.2678	0.1425	0.0208	0.0742
9	0.2420	0.1468	0.0212	0.0766
10	0.2191	0.1509	0.0218	0.0794
11	0.1999	0.1555	0.0223	0.0824
12	0.1844	0.1594	0.0229	0.0855
13	0.1719	0.1639	0.0234	0.0883
14	0.1549	0.1675	0.0239	0.0904
15	0.1448	0.1724	0.0244	0.0931
16	0.1349	0.1773	0.0250	0.0955
17	0.1235	0.1813	0.0254	0.0979
18	0.1156	0.1857	0.0259	0.1005
19	0.1100	0.1884	0.0262	0.1026
20	0.1024	0.1907	0.0264	0.1040
21	0.0957	0.1930	0.0267	0.1056
22	0.0911	0.1948	0.0269	0.1069
23	0.0833	0.1969	0.0271	0.1085
24	0.0817	0.1988	0.0274	0.1102
25	0.0758	0.2020	0.0277	0.1117
26	0.0722	0.2035	0.0279	0.1125
27	0.0696	0.2056	0.0281	0.1136
28	0.0662	0.2069	0.0282	0.1145
29	0.0648	0.2090	0.0284	0.1157
30	0.0579	0.2105	0.0286	0.1169
31	0.0572	0.2111	0.0288	0.1177
32	0.0541	0.2126	0.0289	0.1186
33	0.0539	0.2139	0.0290	0.1197
34	0.0484	0.2147	0.0291	0.1206
35	0.0487	0.2159	0.0293	0.1213
36	0.0471	0.2171	0.0294	0.1221
37	0.0455	0.2185	0.0295	0.1228
38	0.0427	0.2191	0.0296	0.1236
39	0.0419	0.2194	0.0296	0.1239
40	0.0405	0.2197	0.0296	0.1242
41	0.0396	0.2202	0.0296	0.1246
42	0.0386	0.2204	0.0296	0.1247
43	0.0359	0.2208	0.0296	0.1249
44	0.0372	0.2211	0.0296	0.1252
45	0.0347	0.2220	0.0297	0.1258
46	0.0345	0.2214	0.0296	0.1260
47	0.0344	0.2220	0.0297	0.1263
48	0.0318	0.2224	0.0298	0.1270
49	0.0335	0.2227	0.0298	0.1276
50	0.0303	0.2232	0.0299	0.1281
51	0.0310	0.2234	0.0298	0.1284
52	0.0284	0.2238	0.0299	0.1289
53	0.0284	0.2240	0.0299	0.1291
54	0.0274	0.2238	0.0298	0.1291
55	0.0277	0.2238	0.0298	0.1292
56	0.0267	0.2235	0.0298	0.1293
57	0.0262	0.2237	0.0298	0.1296
58	0.0256	0.2244	0.0298	0.1297
59	0.0258	0.2241	0.0298	0.1296
60	0.0261	0.2236	0.0298	0.1297
61	0.0237	0.2232	0.0298	0.1297
62	0.0241	0.2235	0.0298	0.1296
63	0.0227	0.2237	0.0298	0.1296
64	0.0229	0.2242	0.0298	0.1298
65	0.0218	0.2245	0.0299	0.1300
66	0.0217	0.2249	0.0299	0.1303
67	0.0216	0.2249	0.0299	0.1305
68	0.0219	0.2246	0.0299	0.1308
69	0.0214	0.2251	0.0299	0.1311
70	0.0198	0.2250	0.0299	0.1315
71	0.0210	0.2247	0.0298	0.1314
72	0.0201	0.2249	0.0299	0.1314
73	0.0210	0.2257	0.0299	0.1316
74	0.0203	0.2254	0.0298	0.1316
75	0.0192	0.2254	0.0298	0.1315
76	0.0198	0.2252	0.0298	0.1313
77	0.0188	0.2256	0.0298	0.1314
78	0.0189	0.2260	0.0299	0.1316
79	0.0188	0.2259	0.0299	0.1317
80	0.0187	0.2262	0.0299	0.1319
81	0.0183	0.2263	0.0298	0.1320
82	0.0180	0.2267	0.0298	0.1321
83	0.0189	0.2265	0.0298	0.1322
84	0.0184	0.2265	0.0298	0.1322
85	0.0176	0.2266	0.0298	0.1326
86	0.0176	0.2261	0.0297	0.1326
87	0.0172	0.2269	0.0298	0.1327
88	0.0172	0.2265	0.0298	0.1327
89	0.0162	0.2267	0.0297	0.1327
90	0.0167	0.2266	0.0297	0.1327
91	0.0164	0.2266	0.0297	0.1328
92	0.0170	0.2261	0.0296	0.1327
93	0.0160	0.2257	0.0296	0.1326
94	0.0157	0.2259	0.0296	0.1329
95	0.0159	0.2255	0.0295	0.1327
96	0.0161	0.2254	0.0295	0.1326
97	0.0163	0.2253	0.0295	0.1328
98	0.0160	0.2248	0.0294	0.1326
99	0.0157	0.2249	0.0294	0.1326
100	0.0157	0.2244	0.0293	0.1326
101	0.0154	0.2246	0.0293	0.1327
102	0.0155	0.2247	0.0293	0.1327
103	0.0150	0.2249	0.0294	0.1330
104	0.0151	0.2249	0.0293	0.1331
105	0.0145	0.2252	0.0294	0.1333
106	0.0147	0.2248	0.0293	0.1333
107	0.0144	0.2249	0.0293	0.1335
108	0.0143	0.2245	0.0293	0.1333
109	0.0140	0.2245	0.0293	0.1332
110	0.0147	0.2244	0.0292	0.1331
111	0.0144	0.2243	0.0293	0.1333
112	0.0145	0.2243	0.0293	0.1335
113	0.0140	0.2239	0.0292	0.1333
114	0.0142	0.2237	0.0292	0.1334
115	0.0139	0.2234	0.0292	0.1332
116	0.0135	0.2230	0.0291	0.1332
117	0.0140	0.2231	0.0291	0.1331
118	0.0138	0.2227	0.0291	0.1327
119	0.0135	0.2231	0.0291	0.1327
120	0.0132	0.2227	0.0290	0.1324
121	0.0135	0.2232	0.0291	0.1325
122	0.0138	0.2232	0.0290	0.1325
123	0.0131	0.2232	0.0290	0.1324
124	0.0135	0.2223	0.0289	0.1322
125	0.0134	0.2220	0.0289	0.1321
126	0.0133	0.2221	0.0288	0.1321
127	0.0131	0.2224	0.0289	0.1322
128	0.0137	0.2226	0.0289	0.1327
129	0.0133	0.2229	0.0289	0.1327
130	0.0129	0.2226	0.0289	0.1326
131	0.0132	0.2225	0.0289	0.1327
132	0.0126	0.2222	0.0288	0.1325
133	0.0125	0.2223	0.0289	0.1323
134	0.0128	0.2224	0.0288	0.1322
135	0.0127	0.2222	0.0288	0.1326
136	0.0130	0.2223	0.0288	0.1327
137	0.0133	0.2222	0.0287	0.1325
138	0.0127	0.2223	0.0288	0.1327
139	0.0125	0.2226	0.0288	0.1327
140	0.0126	0.2228	0.0288	0.1329
141	0.0122	0.2229	0.0288	0.1329
142	0.0124	0.2225	0.0288	0.1328
143	0.0128	0.2219	0.0287	0.1325
144	0.0125	0.2217	0.0287	0.1323
145	0.0128	0.2220	0.0288	0.1324
146	0.0128	0.2217	0.0287	0.1321
147	0.0128	0.2213	0.0287	0.1321
148	0.0123	0.2213	0.0286	0.1320
149	0.0127	0.2210	0.0286	0.1319
150	0.0126	0.2211	0.0286	0.1319
