{"n_layers": 0, "device": "cuda", "batch_size": 2048, "embedding_dim": 256, "learning_rate": 0.001, "dataset": "dbbook", "epochs": 150, "top_k": 5, "multimodal": false, "datasets": {"dbbook": ["images", "text"], "ml1m": ["audio", "images", "text", "video"]}}
Epoch	Loss	Recall	Precision	NDCG
1	0.6932	0.0010	0.0014	0.0013
2	0.6892	0.0021	0.0030	0.0033
3	0.6846	0.0081	0.0107	0.0126
4	0.6774	0.0178	0.0241	0.0279
5	0.6658	0.0256	0.0353	0.0403
6	0.6476	0.0310	0.0419	0.0477
7	0.6210	0.0344	0.0467	0.0526
8	0.5850	0.0365	0.0485	0.0549
9	0.5409	0.0382	0.0504	0.0572
10	0.4912	0.0391	0.0516	0.0588
11	0.4404	0.0399	0.0526	0.0598
12	0.3918	0.0412	0.0538	0.0614
13	0.3482	0.0425	0.0554	0.0631
14	0.3098	0.0430	0.0561	0.0640
15	0.2776	0.0440	0.0566	0.0649
16	0.2489	0.0448	0.0577	0.0662
17	0.2235	0.0456	0.0588	0.0671
18	0.2018	0.0460	0.0594	0.0680
19	0.1847	0.0464	0.0598	0.0686
20	0.1674	0.0469	0.0602	0.0692
21	0.1544	0.0475	0.0609	0.0699
22	0.1401	0.0481	0.0612	0.0702
23	0.1293	0.0481	0.0612	0.0701
24	0.1180	0.0480	0.0609	0.0699
25	0.1091	0.0481	0.0612	0.0705
26	0.1000	0.0483	0.0615	0.0709
27	0.0938	0.0486	0.0621	0.0713
28	0.0856	0.0487	0.0622	0.0715
29	0.0798	0.0484	0.0620	0.0712
30	0.0739	0.0485	0.0619	0.0712
31	0.0707	0.0486	0.0621	0.0715
32	0.0654	0.0489	0.0623	0.0719
33	0.0614	0.0489	0.0623	0.0721
34	0.0576	0.0493	0.0629	0.0727
35	0.0545	0.0493	0.0630	0.0729
36	0.0508	0.0495	0.0632	0.0731
37	0.0480	0.0499	0.0637	0.0734
38	0.0453	0.0503	0.0642	0.0740
39	0.0431	0.0502	0.0641	0.0740
40	0.0416	0.0502	0.0640	0.0740
41	0.0393	0.0501	0.0642	0.0741
42	0.0373	0.0500	0.0640	0.0740
43	0.0349	0.0502	0.0641	0.0742
44	0.0343	0.0508	0.0651	0.0751
45	0.0321	0.0506	0.0648	0.0752
46	0.0306	0.0505	0.0649	0.0754
47	0.0299	0.0504	0.0650	0.0756
48	0.0286	0.0506	0.0648	0.0756
49	0.0275	0.0503	0.0647	0.0755
50	0.0259	0.0505	0.0648	0.0754
51	0.0250	0.0512	0.0652	0.0756
52	0.0239	0.0512	0.0653	0.0759
53	0.0237	0.0512	0.0655	0.0764
54	0.0230	0.0520	0.0662	0.0771
55	0.0216	0.0524	0.0667	0.0777
56	0.0210	0.0524	0.0667	0.0777
57	0.0205	0.0523	0.0668	0.0778
58	0.0199	0.0525	0.0669	0.0779
59	0.0194	0.0526	0.0669	0.0779
60	0.0188	0.0530	0.0674	0.0782
61	0.0175	0.0530	0.0672	0.0783
62	0.0177	0.0531	0.0672	0.0784
63	0.0175	0.0534	0.0675	0.0787
64	0.0165	0.0534	0.0674	0.0788
65	0.0163	0.0533	0.0674	0.0784
66	0.0157	0.0531	0.0673	0.0782
67	0.0154	0.0533	0.0674	0.0782
68	0.0151	0.0533	0.0674	0.0783
69	0.0150	0.0532	0.0674	0.0783
70	0.0142	0.0532	0.0672	0.0782
71	0.0135	0.0530	0.0673	0.0781
72	0.0140	0.0531	0.0672	0.0781
73	0.0134	0.0530	0.0671	0.0779
74	0.0136	0.0524	0.0667	0.0775
75	0.0133	0.0527	0.0673	0.0780
76	0.0123	0.0528	0.0676	0.0785
77	0.0119	0.0525	0.0670	0.0781
78	0.0119	0.0526	0.0672	0.0780
79	0.0120	0.0525	0.0668	0.0775
80	0.0119	0.0529	0.0671	0.0779
81	0.0116	0.0528	0.0670	0.0779
82	0.0111	0.0530	0.0674	0.0784
83	0.0108	0.0526	0.0669	0.0782
84	0.0109	0.0527	0.0669	0.0784
85	0.0108	0.0524	0.0667	0.0784
86	0.0102	0.0522	0.0664	0.0784
87	0.0106	0.0525	0.0668	0.0788
88	0.0114	0.0529	0.0676	0.0795
89	0.0101	0.0528	0.0676	0.0798
90	0.0097	0.0527	0.0674	0.0797
91	0.0098	0.0527	0.0673	0.0798
92	0.0094	0.0525	0.0669	0.0795
93	0.0092	0.0530	0.0675	0.0800
94	0.0093	0.0532	0.0676	0.0802
95	0.0096	0.0534	0.0678	0.0805
96	0.0097	0.0533	0.0678	0.0806
97	0.0087	0.0532	0.0674	0.0803
98	0.0088	0.0535	0.0677	0.0805
99	0.0085	0.0534	0.0673	0.0801
100	0.0085	0.0534	0.0675	0.0803
101	0.0083	0.0534	0.0674	0.0803
102	0.0088	0.0533	0.0672	0.0801
103	0.0085	0.0534	0.0673	0.0798
104	0.0079	0.0535	0.0674	0.0798
105	0.0081	0.0537	0.0673	0.0799
106	0.0079	0.0532	0.0670	0.0797
107	0.0078	0.0531	0.0670	0.0797
108	0.0074	0.0529	0.0669	0.0796
109	0.0075	0.0536	0.0670	0.0798
110	0.0075	0.0533	0.0669	0.0796
111	0.0076	0.0535	0.0673	0.0799
112	0.0074	0.0536	0.0673	0.0799
113	0.0077	0.0538	0.0674	0.0802
114	0.0076	0.0541	0.0676	0.0803
115	0.0074	0.0540	0.0678	0.0805
116	0.0071	0.0540	0.0680	0.0807
117	0.0075	0.0543	0.0677	0.0804
118	0.0074	0.0543	0.0677	0.0807
119	0.0070	0.0539	0.0677	0.0803
120	0.0068	0.0539	0.0679	0.0805
121	0.0068	0.0543	0.0680	0.0807
122	0.0071	0.0544	0.0682	0.0808
123	0.0074	0.0545	0.0682	0.0806
124	0.0071	0.0546	0.0683	0.0809
125	0.0062	0.0547	0.0685	0.0809
126	0.0067	0.0547	0.0685	0.0811
127	0.0072	0.0548	0.0685	0.0811
128	0.0066	0.0545	0.0680	0.0803
129	0.0066	0.0545	0.0678	0.0803
130	0.0066	0.0544	0.0677	0.0803
131	0.0066	0.0546	0.0679	0.0803
132	0.0068	0.0545	0.0676	0.0800
133	0.0067	0.0546	0.0680	0.0804
134	0.0066	0.0549	0.0683	0.0803
135	0.0065	0.0545	0.0681	0.0802
136	0.0063	0.0546	0.0683	0.0805
137	0.0062	0.0548	0.0687	0.0807
138	0.0063	0.0551	0.0687	0.0809
139	0.0064	0.0552	0.0689	0.0811
140	0.0064	0.0551	0.0689	0.0812
141	0.0062	0.0553	0.0692	0.0813
142	0.0065	0.0552	0.0692	0.0816
143	0.0061	0.0549	0.0690	0.0813
144	0.0057	0.0550	0.0689	0.0816
145	0.0060	0.0550	0.0689	0.0817
146	0.0064	0.0548	0.0688	0.0816
147	0.0060	0.0546	0.0687	0.0815
148	0.0061	0.0545	0.0686	0.0813
149	0.0062	0.0544	0.0680	0.0807
150	0.0059	0.0546	0.0680	0.0808
