{"n_layers": 1, "device": "cuda", "batch_size": 2048, "embedding_dim": 128, "learning_rate": 0.001, "dataset": "dbbook", "epochs": 150, "model": "ef-mmlgcn", "fusion": "mean", "top_k": [5, 10, 20, 50], "seed": 19, "multimodal": true}
Epoch	Loss	Precision@5	Recall@5	NDCG@5	Precision@10	Recall@10	NDCG@10	Precision@20	Recall@20	NDCG@20	Precision@50	Recall@50	NDCG@50
1	0.6924	0.0056	0.0042	0.0064	0.0049	0.0076	0.007	0.0046	0.0137	0.0096	0.0038	0.0282	0.0149
2	0.6896	0.0252	0.0186	0.0289	0.0185	0.0269	0.028	0.0139	0.0407	0.0335	0.0093	0.0705	0.044
3	0.6855	0.0391	0.0288	0.0454	0.0307	0.0448	0.0456	0.0235	0.0686	0.0551	0.0152	0.1107	0.0705
4	0.6789	0.0462	0.0338	0.0512	0.0361	0.0523	0.0516	0.0273	0.0774	0.0618	0.0189	0.1355	0.0831
5	0.6684	0.0474	0.0351	0.0516	0.037	0.0532	0.052	0.0284	0.0807	0.0631	0.0209	0.1498	0.0883
6	0.6528	0.0451	0.0328	0.0485	0.0357	0.0517	0.0497	0.0282	0.08	0.0614	0.0218	0.1556	0.089
7	0.6306	0.0433	0.0317	0.0457	0.0336	0.0484	0.0463	0.0283	0.0802	0.0597	0.0221	0.1568	0.0876
8	0.6023	0.0403	0.0296	0.0425	0.0329	0.0469	0.0442	0.0281	0.0785	0.0576	0.0223	0.1578	0.0864
9	0.5690	0.0379	0.0276	0.0401	0.032	0.046	0.0426	0.028	0.0785	0.0566	0.0222	0.1564	0.085
10	0.5338	0.0357	0.026	0.0379	0.0315	0.0451	0.0414	0.0278	0.078	0.0555	0.0221	0.1548	0.0838
11	0.4960	0.0354	0.0261	0.0371	0.0311	0.0447	0.0405	0.0274	0.0763	0.0542	0.022	0.1539	0.0828
12	0.4615	0.0342	0.0248	0.0357	0.0308	0.0437	0.0396	0.0272	0.0755	0.0534	0.0219	0.1523	0.0817
13	0.4286	0.0341	0.0249	0.0355	0.0305	0.0434	0.0393	0.0272	0.0755	0.0532	0.0218	0.1521	0.0815
14	0.3984	0.0339	0.0247	0.0354	0.0301	0.0426	0.039	0.0271	0.0752	0.0532	0.0218	0.1521	0.0815
15	0.3723	0.0341	0.0249	0.0354	0.0301	0.0426	0.0389	0.0272	0.0758	0.0532	0.0219	0.1523	0.0815
16	0.3480	0.0341	0.0247	0.0354	0.0302	0.0425	0.0389	0.0273	0.0764	0.0534	0.022	0.1536	0.0819
17	0.3284	0.0346	0.0252	0.0359	0.0306	0.043	0.0394	0.0273	0.0766	0.0536	0.0221	0.1542	0.0823
18	0.3088	0.0352	0.0255	0.0365	0.0311	0.0435	0.0399	0.0275	0.077	0.0541	0.0222	0.1552	0.0829
19	0.2910	0.0353	0.0259	0.0368	0.0313	0.0437	0.0403	0.0275	0.0765	0.0542	0.0222	0.1553	0.0832
20	0.2786	0.0356	0.0259	0.037	0.0316	0.0442	0.0406	0.0278	0.0777	0.0547	0.0223	0.1559	0.0835
21	0.2637	0.0356	0.026	0.0372	0.0315	0.044	0.0407	0.0279	0.0782	0.0551	0.0224	0.1567	0.084
22	0.2513	0.036	0.0262	0.0377	0.0317	0.0444	0.0411	0.0282	0.0787	0.0556	0.0224	0.1569	0.0845
23	0.2383	0.0369	0.0268	0.0385	0.0321	0.0454	0.0418	0.0284	0.0795	0.0562	0.0226	0.1578	0.0852
24	0.2301	0.0373	0.0266	0.0388	0.0323	0.0456	0.0421	0.0285	0.0798	0.0566	0.0228	0.159	0.0859
25	0.2198	0.0378	0.027	0.0393	0.0326	0.0463	0.0427	0.0287	0.0803	0.0572	0.0228	0.1593	0.0863
26	0.2104	0.0382	0.0275	0.04	0.0332	0.0473	0.0436	0.029	0.0813	0.058	0.0229	0.1607	0.0873
27	0.2035	0.0387	0.0279	0.0407	0.0334	0.0479	0.0441	0.0292	0.0819	0.0587	0.0231	0.1622	0.0882
28	0.1956	0.0391	0.0281	0.0412	0.0338	0.0487	0.0448	0.0293	0.0825	0.0592	0.0234	0.1636	0.0891
29	0.1884	0.04	0.0288	0.042	0.034	0.049	0.0453	0.0296	0.0832	0.0599	0.0236	0.1656	0.0901
30	0.1812	0.0401	0.0289	0.0423	0.0344	0.0497	0.0458	0.0296	0.0834	0.0602	0.0236	0.1663	0.0906
31	0.1769	0.041	0.0293	0.0429	0.0348	0.0508	0.0465	0.0298	0.084	0.0607	0.0238	0.1676	0.0914
32	0.1698	0.0412	0.0294	0.0432	0.0351	0.0514	0.0469	0.03	0.0845	0.0612	0.024	0.1689	0.0921
33	0.1644	0.0413	0.0295	0.0435	0.0352	0.0517	0.0472	0.0301	0.0849	0.0615	0.0241	0.1701	0.0928
34	0.1546	0.0416	0.0297	0.0439	0.0356	0.0526	0.0479	0.0302	0.0854	0.0621	0.0243	0.1712	0.0935
35	0.1503	0.0423	0.0305	0.0445	0.0357	0.0529	0.0481	0.0305	0.0862	0.0626	0.0243	0.1721	0.094
36	0.1469	0.0423	0.0305	0.0444	0.0361	0.0535	0.0485	0.0306	0.0867	0.0628	0.0244	0.1725	0.0943
37	0.1409	0.0425	0.0308	0.0447	0.0362	0.0536	0.0486	0.0308	0.0872	0.0631	0.0245	0.1728	0.0946
38	0.1364	0.0426	0.0308	0.0449	0.0365	0.0539	0.049	0.031	0.0875	0.0635	0.0246	0.1738	0.0953
39	0.1337	0.0426	0.0308	0.0449	0.0367	0.0538	0.0491	0.0313	0.0885	0.0641	0.0248	0.175	0.0958
40	0.1313	0.0431	0.0312	0.0454	0.0367	0.0542	0.0493	0.0316	0.0895	0.0646	0.0248	0.1757	0.0963
41	0.1295	0.0437	0.0316	0.0459	0.037	0.0544	0.0497	0.0319	0.0903	0.0652	0.025	0.1773	0.0971
42	0.1239	0.0439	0.0317	0.046	0.0377	0.0553	0.0503	0.0322	0.0912	0.0657	0.0252	0.1788	0.0978
43	0.1196	0.0442	0.0319	0.0464	0.0378	0.0557	0.0507	0.0323	0.0918	0.0662	0.0253	0.1794	0.0983
44	0.1162	0.0445	0.0322	0.0467	0.0381	0.0561	0.0511	0.0325	0.0927	0.0667	0.0253	0.1799	0.0987
45	0.1142	0.0446	0.0323	0.0468	0.0383	0.0562	0.0512	0.0325	0.0926	0.0668	0.0255	0.1815	0.0994
46	0.1101	0.0445	0.0321	0.0467	0.0383	0.0563	0.0512	0.0329	0.0938	0.0673	0.0256	0.182	0.0996
47	0.1082	0.0447	0.0322	0.0469	0.0386	0.0568	0.0516	0.033	0.0943	0.0676	0.0257	0.1831	0.1001
48	0.1052	0.0449	0.0324	0.047	0.0386	0.0569	0.0516	0.0331	0.0946	0.0678	0.0258	0.1838	0.1006
49	0.1014	0.045	0.0326	0.0472	0.0391	0.0576	0.0521	0.0332	0.0948	0.068	0.0259	0.1839	0.1008
50	0.0996	0.0454	0.033	0.0477	0.0395	0.058	0.0526	0.0337	0.0961	0.0689	0.0259	0.1846	0.1014
51	0.0970	0.0462	0.0336	0.0485	0.0399	0.0588	0.0534	0.0339	0.0966	0.0696	0.0261	0.1857	0.1022
52	0.0934	0.0466	0.0341	0.049	0.0402	0.0592	0.0538	0.0341	0.097	0.07	0.0261	0.1862	0.1026
53	0.0926	0.0472	0.0344	0.0496	0.0405	0.0595	0.0543	0.0341	0.0971	0.0704	0.0263	0.1874	0.1034
54	0.0905	0.0472	0.0344	0.0499	0.0409	0.0599	0.0549	0.0344	0.0981	0.0712	0.0263	0.1877	0.104
55	0.0878	0.0475	0.0347	0.0503	0.0409	0.0601	0.0551	0.0345	0.0986	0.0715	0.0264	0.1885	0.1045
56	0.0875	0.0476	0.0347	0.0505	0.0411	0.0599	0.0552	0.0347	0.0992	0.0719	0.0265	0.189	0.1048
57	0.0861	0.048	0.0352	0.0508	0.0415	0.0607	0.0558	0.0349	0.1002	0.0724	0.0265	0.1895	0.1052
58	0.0853	0.0484	0.0356	0.0514	0.0418	0.0609	0.0563	0.0351	0.1008	0.0731	0.0266	0.19	0.1058
59	0.0811	0.0488	0.0362	0.0519	0.0418	0.061	0.0565	0.0351	0.1014	0.0734	0.0266	0.1899	0.106
60	0.0807	0.049	0.0364	0.0519	0.0422	0.0613	0.0567	0.0353	0.102	0.0736	0.0267	0.1907	0.1062
61	0.0772	0.0489	0.0364	0.052	0.0423	0.0615	0.0569	0.0353	0.1021	0.0738	0.0268	0.1914	0.1067
62	0.0743	0.0493	0.0367	0.0524	0.0423	0.0614	0.0571	0.0355	0.1027	0.0743	0.0269	0.1922	0.1073
63	0.0738	0.0493	0.0367	0.0524	0.0425	0.0615	0.0572	0.0357	0.1036	0.0748	0.0269	0.1923	0.1074
64	0.0735	0.0493	0.0368	0.0524	0.0427	0.062	0.0574	0.036	0.1042	0.0751	0.027	0.1935	0.1079
65	0.0716	0.0494	0.0369	0.0527	0.0429	0.0623	0.0578	0.0361	0.1046	0.0755	0.027	0.1939	0.1083
66	0.0699	0.0502	0.0374	0.0533	0.0431	0.0629	0.0582	0.0363	0.1051	0.0759	0.0271	0.1945	0.1087
67	0.0690	0.0499	0.0374	0.0533	0.0434	0.0632	0.0585	0.0365	0.1061	0.0764	0.0272	0.1951	0.1091
68	0.0691	0.0503	0.0376	0.0535	0.0436	0.0637	0.0587	0.0365	0.1061	0.0764	0.0272	0.1956	0.1093
69	0.0658	0.0501	0.0374	0.0536	0.0435	0.0635	0.0589	0.0365	0.1064	0.0767	0.0273	0.1962	0.1097
70	0.0631	0.0501	0.0373	0.0538	0.044	0.064	0.0594	0.0366	0.1065	0.077	0.0273	0.1965	0.1101
71	0.0637	0.0503	0.0375	0.0539	0.0441	0.0641	0.0595	0.0367	0.1069	0.0773	0.0273	0.1968	0.1103
72	0.0642	0.0502	0.0375	0.0542	0.0441	0.0641	0.0597	0.0368	0.1072	0.0776	0.0274	0.1973	0.1107
73	0.0614	0.0505	0.0379	0.0545	0.0441	0.0642	0.06	0.0368	0.1074	0.0779	0.0274	0.1982	0.1112
74	0.0583	0.0502	0.0378	0.0544	0.0443	0.0645	0.0602	0.0369	0.1075	0.0781	0.0275	0.1991	0.1116
75	0.0578	0.0504	0.0379	0.0546	0.0445	0.065	0.0605	0.037	0.1082	0.0784	0.0275	0.1993	0.1117
76	0.0578	0.0509	0.0383	0.055	0.0445	0.0652	0.0606	0.0371	0.1085	0.0787	0.0275	0.1993	0.1118
77	0.0565	0.0511	0.0386	0.0551	0.0447	0.0654	0.0608	0.0371	0.1083	0.0786	0.0275	0.1995	0.112
78	0.0564	0.0513	0.0388	0.0555	0.0449	0.0657	0.0611	0.0371	0.1084	0.0788	0.0276	0.2	0.1124
79	0.0550	0.0515	0.0389	0.0557	0.045	0.0659	0.0613	0.0372	0.1088	0.0791	0.0277	0.2008	0.1127
80	0.0539	0.0518	0.0389	0.0559	0.045	0.0659	0.0614	0.0373	0.1092	0.0794	0.0277	0.201	0.1129
81	0.0537	0.0522	0.0391	0.0564	0.0454	0.0664	0.062	0.0374	0.1095	0.0798	0.0277	0.2009	0.1132
82	0.0506	0.0526	0.0396	0.057	0.0454	0.0667	0.0623	0.0376	0.11	0.0802	0.0277	0.2011	0.1136
83	0.0521	0.0527	0.0397	0.057	0.0455	0.067	0.0624	0.0376	0.1103	0.0803	0.0277	0.2013	0.1136
84	0.0502	0.0528	0.0399	0.0571	0.0455	0.067	0.0624	0.0376	0.1101	0.0802	0.0277	0.2014	0.1136
85	0.0516	0.0529	0.0399	0.0575	0.0456	0.0671	0.0628	0.0377	0.1105	0.0807	0.0278	0.202	0.1142
86	0.0486	0.0531	0.04	0.0576	0.046	0.0678	0.0632	0.0379	0.1114	0.0812	0.0278	0.2023	0.1145
87	0.0476	0.0533	0.0402	0.0578	0.0462	0.0681	0.0634	0.0381	0.1121	0.0815	0.0279	0.2024	0.1146
88	0.0481	0.0534	0.0402	0.0582	0.0462	0.068	0.0637	0.0381	0.1123	0.0819	0.0279	0.2025	0.115
89	0.0464	0.0534	0.0403	0.0581	0.0462	0.068	0.0636	0.0382	0.1126	0.0819	0.028	0.2028	0.1151
90	0.0457	0.0534	0.0403	0.0583	0.0462	0.0684	0.0639	0.0381	0.1125	0.0821	0.028	0.2033	0.1154
91	0.0445	0.0536	0.0404	0.0586	0.0463	0.0684	0.0642	0.0381	0.1127	0.0823	0.028	0.204	0.1158
92	0.0443	0.0538	0.0406	0.0588	0.0464	0.0686	0.0643	0.0382	0.1132	0.0826	0.028	0.204	0.1159
93	0.0424	0.0541	0.0409	0.0591	0.0465	0.0687	0.0645	0.0382	0.113	0.0826	0.028	0.2037	0.1159
94	0.0450	0.0538	0.0411	0.059	0.0464	0.0685	0.0644	0.0383	0.1133	0.0828	0.028	0.2044	0.1162
95	0.0448	0.0537	0.0411	0.0589	0.0463	0.0685	0.0642	0.0382	0.1135	0.0827	0.0281	0.2046	0.1161
96	0.0427	0.0538	0.0411	0.059	0.0466	0.0692	0.0646	0.0384	0.1136	0.0829	0.0281	0.205	0.1164
97	0.0424	0.0538	0.0411	0.0592	0.0466	0.0693	0.0649	0.0384	0.1143	0.0833	0.0281	0.2056	0.1167
98	0.0408	0.0537	0.0409	0.0592	0.0468	0.0695	0.065	0.0386	0.1148	0.0836	0.0281	0.2059	0.1169
99	0.0408	0.0541	0.0413	0.0594	0.0471	0.0698	0.0652	0.0387	0.115	0.0837	0.0281	0.2059	0.1169
100	0.0400	0.0543	0.0414	0.0596	0.0474	0.0702	0.0655	0.0387	0.1148	0.0837	0.0281	0.2064	0.1171
101	0.0393	0.0548	0.0417	0.06	0.0472	0.0702	0.0655	0.0386	0.1146	0.0837	0.0281	0.2063	0.1171
102	0.0384	0.0546	0.0418	0.0598	0.0473	0.0701	0.0654	0.0387	0.1151	0.0837	0.0281	0.2065	0.1171
103	0.0383	0.0547	0.0417	0.0597	0.0471	0.07	0.0653	0.0387	0.1153	0.0838	0.0282	0.2075	0.1173
104	0.0372	0.0548	0.0417	0.0599	0.0474	0.0705	0.0656	0.0388	0.1155	0.084	0.0282	0.2073	0.1174
105	0.0370	0.0549	0.0417	0.06	0.0473	0.0705	0.0656	0.0386	0.1153	0.0839	0.0281	0.2067	0.1172
106	0.0367	0.0548	0.0417	0.06	0.0473	0.0706	0.0657	0.0387	0.1152	0.084	0.0281	0.2067	0.1174
107	0.0364	0.055	0.0418	0.0603	0.0474	0.0707	0.0659	0.0388	0.1153	0.0842	0.0282	0.2071	0.1176
108	0.0363	0.0551	0.0419	0.0606	0.0476	0.0708	0.0663	0.0388	0.1152	0.0845	0.0281	0.2065	0.1178
109	0.0340	0.0551	0.0419	0.0608	0.0479	0.0711	0.0666	0.0389	0.1157	0.0849	0.0281	0.2069	0.1181
110	0.0344	0.055	0.0418	0.0607	0.0477	0.0709	0.0664	0.039	0.1159	0.0848	0.0281	0.2067	0.1179
111	0.0334	0.0554	0.0421	0.0609	0.0479	0.0712	0.0666	0.0389	0.1157	0.0848	0.0281	0.2068	0.118
112	0.0340	0.0554	0.0422	0.0609	0.048	0.0715	0.0667	0.0389	0.1158	0.0849	0.0281	0.2067	0.118
113	0.0336	0.0557	0.0424	0.0612	0.048	0.0711	0.0667	0.0389	0.1157	0.0849	0.0281	0.207	0.1182
114	0.0318	0.0561	0.0428	0.0617	0.0479	0.071	0.0669	0.0389	0.1159	0.0852	0.0281	0.207	0.1185
115	0.0330	0.0563	0.0429	0.0619	0.0479	0.071	0.067	0.039	0.1161	0.0854	0.0282	0.2078	0.1188
116	0.0325	0.0567	0.0432	0.0624	0.0482	0.0716	0.0675	0.039	0.1162	0.0857	0.0282	0.208	0.1191
117	0.0321	0.0571	0.0435	0.0627	0.0485	0.072	0.0678	0.0392	0.1168	0.0861	0.0282	0.208	0.1192
118	0.0310	0.0576	0.044	0.0632	0.0486	0.072	0.068	0.0394	0.1175	0.0865	0.0282	0.2077	0.1193
119	0.0309	0.0574	0.0437	0.0632	0.0486	0.0721	0.0681	0.0393	0.1174	0.0866	0.0282	0.2077	0.1195
120	0.0311	0.0573	0.0437	0.0632	0.0486	0.0724	0.0683	0.0394	0.1179	0.0868	0.0282	0.2078	0.1196
121	0.0300	0.0574	0.0437	0.0633	0.0485	0.0722	0.0682	0.0394	0.1175	0.0867	0.0282	0.2082	0.1197
122	0.0298	0.0577	0.0439	0.0637	0.0488	0.0729	0.0687	0.0395	0.1178	0.087	0.0282	0.208	0.1199
123	0.0300	0.0577	0.0439	0.0637	0.0487	0.0728	0.0687	0.0395	0.118	0.0871	0.0282	0.208	0.12
124	0.0289	0.0575	0.0438	0.0635	0.0488	0.0729	0.0686	0.0395	0.1178	0.087	0.0282	0.2082	0.1199
125	0.0294	0.0576	0.0438	0.0635	0.0489	0.0729	0.0687	0.0395	0.1183	0.0872	0.0282	0.2078	0.1198
126	0.0287	0.0577	0.0439	0.0637	0.0489	0.0729	0.0687	0.0395	0.1182	0.0872	0.0282	0.2083	0.12
127	0.0296	0.0578	0.0439	0.0637	0.0488	0.0729	0.0686	0.0396	0.1186	0.0873	0.0282	0.2085	0.1201
128	0.0288	0.0579	0.0441	0.0638	0.0488	0.0728	0.0687	0.0395	0.1181	0.0872	0.0283	0.2088	0.1202
129	0.0273	0.0577	0.0441	0.0638	0.0489	0.073	0.0688	0.0396	0.1186	0.0875	0.0282	0.2088	0.1203
130	0.0273	0.0575	0.044	0.0638	0.049	0.0735	0.0691	0.0396	0.1186	0.0876	0.0282	0.2086	0.1203
131	0.0279	0.0576	0.044	0.0638	0.0487	0.0733	0.0689	0.0395	0.1184	0.0874	0.0282	0.2085	0.1202
132	0.0286	0.0577	0.044	0.0637	0.0488	0.0732	0.0688	0.0394	0.1181	0.0873	0.0282	0.2084	0.1201
133	0.0279	0.0576	0.044	0.0637	0.0486	0.0731	0.0688	0.0396	0.1188	0.0876	0.0281	0.2083	0.1201
134	0.0277	0.0577	0.044	0.0637	0.0486	0.073	0.0687	0.0397	0.1192	0.0876	0.0281	0.2079	0.12
135	0.0268	0.0578	0.0442	0.0639	0.0485	0.0728	0.0687	0.0396	0.1192	0.0877	0.0281	0.2078	0.12
136	0.0255	0.0576	0.0441	0.0639	0.0487	0.0731	0.0689	0.0396	0.1193	0.0878	0.0281	0.2078	0.1201
137	0.0254	0.0578	0.0442	0.0641	0.0488	0.0732	0.069	0.0396	0.119	0.0878	0.028	0.2075	0.1201
138	0.0254	0.058	0.0443	0.0642	0.0488	0.0734	0.0691	0.0396	0.119	0.0878	0.0281	0.2079	0.1202
139	0.0269	0.0584	0.0446	0.0645	0.0489	0.0735	0.0692	0.0396	0.1193	0.0879	0.028	0.2076	0.1201
140	0.0259	0.0585	0.0447	0.0646	0.0486	0.0731	0.0689	0.0397	0.1195	0.0879	0.028	0.2073	0.12
141	0.0249	0.0586	0.0451	0.0646	0.0487	0.0733	0.069	0.0397	0.1195	0.0879	0.028	0.2073	0.12
142	0.0245	0.0586	0.045	0.0647	0.0489	0.0733	0.0692	0.0397	0.1194	0.088	0.028	0.2077	0.1203
143	0.0245	0.059	0.0454	0.0649	0.0491	0.0737	0.0694	0.0396	0.1194	0.088	0.028	0.2076	0.1203
144	0.0257	0.0595	0.0457	0.0653	0.0494	0.0743	0.0697	0.0397	0.1195	0.0881	0.028	0.2077	0.1203
145	0.0252	0.059	0.0453	0.065	0.0494	0.0741	0.0697	0.0396	0.1195	0.0881	0.028	0.2079	0.1204
146	0.0251	0.0591	0.0454	0.0652	0.0491	0.0736	0.0695	0.0396	0.1194	0.0881	0.028	0.2079	0.1204
147	0.0231	0.0591	0.0454	0.0653	0.0489	0.0733	0.0694	0.0394	0.1189	0.0879	0.028	0.2079	0.1204
148	0.0232	0.0591	0.0454	0.0653	0.049	0.0734	0.0695	0.0395	0.1192	0.0881	0.028	0.208	0.1204
149	0.0237	0.0589	0.0451	0.0651	0.0491	0.0736	0.0697	0.0395	0.119	0.0882	0.028	0.2083	0.1206
150	0.0228	0.0586	0.0453	0.0651	0.0493	0.0741	0.0698	0.0396	0.1193	0.0882	0.028	0.2081	0.1205
