{"n_layers": 2, "device": "cuda", "batch_size": 2048, "embedding_dim": 2048, "learning_rate": 0.001, "dataset": "dbbook", "epochs": 150, "model": "ef-mmlgcn", "fusion": "max", "top_k": [5, 10, 20, 50], "seed": 19, "multimodal": true}
Epoch	Loss	Precision@5	Recall@5	NDCG@5	Precision@10	Recall@10	NDCG@10	Precision@20	Recall@20	NDCG@20	Precision@50	Recall@50	NDCG@50
1	0.6785	0.049	0.0372	0.059	0.0355	0.0529	0.0564	0.0247	0.0737	0.0642	0.015	0.1108	0.0778
2	0.6309	0.0555	0.0412	0.0629	0.0444	0.0648	0.0644	0.0328	0.095	0.0764	0.0208	0.1513	0.0967
3	0.5645	0.0507	0.0378	0.0548	0.0418	0.0607	0.0578	0.0327	0.0948	0.0716	0.0227	0.1634	0.0968
4	0.4772	0.0447	0.0337	0.0473	0.0389	0.0556	0.0515	0.0311	0.0889	0.0652	0.0232	0.1649	0.0931
5	0.3837	0.0421	0.0314	0.0435	0.0365	0.0521	0.0476	0.0302	0.0858	0.0617	0.0229	0.1624	0.0897
6	0.3079	0.0417	0.0313	0.0426	0.0357	0.0507	0.0462	0.0303	0.0863	0.0611	0.023	0.1625	0.089
7	0.2518	0.0412	0.031	0.0417	0.0355	0.0507	0.0456	0.0303	0.0859	0.0605	0.0232	0.1632	0.0889
8	0.2135	0.0417	0.031	0.0426	0.0364	0.0519	0.0469	0.0309	0.0877	0.0619	0.0236	0.1662	0.0907
9	0.1843	0.0434	0.0321	0.0442	0.0373	0.0531	0.0482	0.0312	0.0887	0.0631	0.0241	0.1712	0.0932
10	0.1616	0.0452	0.0338	0.0459	0.0376	0.0537	0.0492	0.032	0.0907	0.0648	0.0247	0.1759	0.0957
11	0.1410	0.046	0.0343	0.0469	0.0391	0.0564	0.051	0.0326	0.0927	0.0663	0.0252	0.1798	0.0981
12	0.1273	0.0471	0.0354	0.0482	0.04	0.0579	0.0524	0.0331	0.0948	0.0678	0.0257	0.1832	0.1001
13	0.1148	0.0488	0.0368	0.0503	0.041	0.0597	0.0543	0.0337	0.0967	0.0697	0.026	0.1859	0.1023
14	0.1028	0.0497	0.0376	0.0517	0.0421	0.0612	0.0559	0.0345	0.0993	0.0718	0.0266	0.1905	0.105
15	0.0936	0.0511	0.0387	0.0533	0.0431	0.0632	0.0576	0.0352	0.1013	0.0736	0.0269	0.1936	0.1072
16	0.0842	0.0513	0.039	0.0543	0.044	0.0652	0.0594	0.0357	0.1025	0.0752	0.0272	0.1969	0.1093
17	0.0798	0.0523	0.0399	0.0556	0.045	0.0666	0.0608	0.0362	0.1044	0.0767	0.0276	0.2001	0.1114
18	0.0743	0.0543	0.0418	0.058	0.0462	0.0685	0.0629	0.0371	0.1075	0.0792	0.028	0.2032	0.1138
19	0.0668	0.055	0.0424	0.0591	0.0467	0.0693	0.064	0.0378	0.1095	0.0808	0.0283	0.2057	0.1157
20	0.0639	0.056	0.0433	0.0605	0.0473	0.0708	0.0655	0.0382	0.1109	0.0823	0.0286	0.208	0.1176
21	0.0581	0.0568	0.0441	0.0613	0.048	0.0716	0.0662	0.0388	0.1131	0.0836	0.0287	0.2097	0.1187
22	0.0556	0.0582	0.0451	0.0631	0.0485	0.0724	0.0675	0.0394	0.1152	0.0854	0.0291	0.2123	0.1207
23	0.0509	0.0584	0.0451	0.0635	0.049	0.0733	0.0683	0.0398	0.1163	0.0863	0.0292	0.2142	0.1217
24	0.0489	0.0596	0.0461	0.065	0.0499	0.075	0.0698	0.0403	0.1182	0.0879	0.0295	0.2163	0.1234
25	0.0450	0.0607	0.0468	0.0661	0.0503	0.0755	0.0706	0.0408	0.1201	0.0891	0.0298	0.2186	0.1248
26	0.0422	0.0619	0.0477	0.0672	0.0514	0.0767	0.0717	0.0411	0.121	0.0899	0.0299	0.2203	0.1259
27	0.0412	0.0626	0.0482	0.068	0.0516	0.0773	0.0723	0.0412	0.1215	0.0907	0.0301	0.2211	0.1268
28	0.0395	0.0627	0.0483	0.0686	0.0518	0.0775	0.073	0.0417	0.1227	0.0918	0.0303	0.2228	0.128
29	0.0369	0.0635	0.0493	0.07	0.0521	0.0779	0.0739	0.042	0.1245	0.093	0.0304	0.2237	0.129
30	0.0358	0.0635	0.0495	0.0703	0.0523	0.0787	0.0744	0.0423	0.1263	0.0939	0.0304	0.2241	0.1296
31	0.0351	0.0647	0.05	0.0713	0.0529	0.0795	0.0752	0.0426	0.1276	0.0948	0.0306	0.2256	0.1305
32	0.0331	0.0656	0.0509	0.0725	0.0536	0.0812	0.0765	0.0428	0.1282	0.0957	0.0307	0.2262	0.1315
33	0.0326	0.066	0.0517	0.0734	0.0541	0.0824	0.0775	0.0431	0.1294	0.0968	0.0308	0.2276	0.1326
34	0.0290	0.0665	0.0522	0.0742	0.0545	0.0834	0.0785	0.0434	0.1309	0.0979	0.0308	0.2279	0.1333
35	0.0295	0.0664	0.052	0.0744	0.0549	0.084	0.079	0.0435	0.1311	0.0982	0.0309	0.229	0.1339
36	0.0273	0.066	0.0518	0.0741	0.0553	0.0848	0.0794	0.0434	0.1309	0.0982	0.0309	0.2292	0.134
37	0.0282	0.0666	0.0522	0.0745	0.0553	0.0851	0.0795	0.0439	0.1325	0.0989	0.031	0.2297	0.1344
38	0.0261	0.067	0.0527	0.0749	0.0554	0.085	0.0796	0.0441	0.1333	0.0994	0.0309	0.2297	0.1345
39	0.0261	0.0675	0.0532	0.0753	0.0557	0.0856	0.0801	0.0441	0.1335	0.0995	0.031	0.2304	0.1348
40	0.0244	0.0678	0.0534	0.0757	0.056	0.0859	0.0805	0.044	0.1333	0.0998	0.031	0.2306	0.1352
41	0.0251	0.0681	0.0534	0.0761	0.0565	0.0867	0.0811	0.0441	0.1335	0.1001	0.0311	0.2316	0.1358
42	0.0235	0.0682	0.0537	0.0764	0.0564	0.0871	0.0814	0.0441	0.1341	0.1005	0.0311	0.2322	0.1362
43	0.0229	0.0679	0.0535	0.0764	0.0568	0.0876	0.0819	0.0442	0.1344	0.1008	0.0311	0.2325	0.1365
44	0.0213	0.0685	0.0542	0.077	0.0569	0.0882	0.0823	0.0445	0.1355	0.1015	0.0311	0.2328	0.1369
45	0.0210	0.0685	0.0543	0.077	0.0572	0.0891	0.0826	0.0445	0.1352	0.1015	0.0312	0.2335	0.1371
46	0.0213	0.0681	0.054	0.0769	0.0572	0.0889	0.0828	0.0445	0.1355	0.1017	0.0313	0.2343	0.1375
47	0.0204	0.0687	0.0547	0.0775	0.0572	0.0887	0.0829	0.0446	0.1361	0.1021	0.0313	0.2348	0.1379
48	0.0200	0.0685	0.0546	0.0774	0.0572	0.0889	0.083	0.0446	0.1364	0.1022	0.0313	0.2352	0.138
49	0.0200	0.0689	0.0549	0.0779	0.0573	0.0893	0.0834	0.0446	0.1363	0.1025	0.0313	0.2352	0.1383
50	0.0194	0.0692	0.0548	0.0781	0.0577	0.0904	0.0839	0.0446	0.1365	0.1027	0.0313	0.2351	0.1384
51	0.0190	0.0694	0.0549	0.0783	0.0576	0.0902	0.0838	0.0448	0.137	0.1029	0.0313	0.2347	0.1384
52	0.0182	0.0699	0.0556	0.0793	0.0576	0.0903	0.0844	0.0449	0.1376	0.1036	0.0312	0.2345	0.1388
53	0.0182	0.071	0.0563	0.0805	0.0579	0.0907	0.085	0.0452	0.1381	0.1044	0.0313	0.235	0.1395
54	0.0177	0.0712	0.0565	0.0811	0.0582	0.0915	0.0859	0.0453	0.1385	0.1051	0.0312	0.2348	0.1399
55	0.0180	0.0713	0.0567	0.0814	0.0583	0.0914	0.086	0.0453	0.139	0.1054	0.0311	0.2344	0.1399
56	0.0175	0.0715	0.0569	0.0814	0.0584	0.0917	0.0861	0.0454	0.1393	0.1055	0.0311	0.2342	0.1399
57	0.0174	0.0713	0.057	0.0814	0.0582	0.0916	0.086	0.0455	0.1394	0.1056	0.0311	0.2347	0.14
58	0.0162	0.0713	0.0571	0.0814	0.0581	0.0915	0.086	0.0453	0.139	0.1054	0.0312	0.2356	0.1403
59	0.0166	0.071	0.0568	0.0809	0.0583	0.0919	0.0859	0.0453	0.1389	0.1052	0.0312	0.235	0.14
60	0.0161	0.071	0.0566	0.0811	0.0583	0.0915	0.086	0.0453	0.1393	0.1054	0.0313	0.2357	0.1404
61	0.0155	0.071	0.0567	0.0811	0.0584	0.092	0.0862	0.0455	0.1397	0.1056	0.0312	0.2354	0.1403
62	0.0152	0.0711	0.057	0.0811	0.0584	0.0921	0.0862	0.0455	0.1403	0.1058	0.0312	0.2354	0.1403
63	0.0154	0.0708	0.0567	0.0807	0.0582	0.0916	0.0858	0.0454	0.1402	0.1055	0.0311	0.235	0.1399
64	0.0155	0.0712	0.057	0.081	0.0581	0.0914	0.0856	0.0455	0.1405	0.1055	0.0311	0.2347	0.1398
65	0.0147	0.0712	0.0569	0.081	0.058	0.0915	0.0857	0.0454	0.1406	0.1056	0.0312	0.2356	0.1401
66	0.0149	0.0713	0.057	0.0812	0.0581	0.0917	0.086	0.0455	0.1409	0.1059	0.0312	0.2366	0.1406
67	0.0146	0.0715	0.0571	0.0816	0.0584	0.0921	0.0864	0.0456	0.141	0.1062	0.0312	0.2364	0.1408
68	0.0144	0.0715	0.0573	0.0819	0.0582	0.0913	0.0862	0.0457	0.1413	0.1065	0.0312	0.2365	0.1409
69	0.0143	0.0715	0.0575	0.0819	0.0581	0.0914	0.0862	0.0457	0.1415	0.1065	0.0312	0.2364	0.1409
70	0.0137	0.0716	0.0575	0.0818	0.058	0.0913	0.086	0.0458	0.1421	0.1065	0.0312	0.2366	0.1408
71	0.0141	0.0715	0.0575	0.0816	0.058	0.0911	0.0859	0.0456	0.1415	0.1063	0.0312	0.2367	0.1407
72	0.0143	0.0714	0.0577	0.0818	0.058	0.0911	0.086	0.0456	0.1409	0.1062	0.0311	0.236	0.1406
73	0.0140	0.0721	0.0581	0.0822	0.0579	0.0911	0.0861	0.0455	0.1411	0.1062	0.0311	0.236	0.1406
74	0.0132	0.0722	0.0582	0.0822	0.0575	0.0906	0.0857	0.0456	0.1415	0.1063	0.031	0.2357	0.1405
75	0.0141	0.0715	0.0578	0.0817	0.0573	0.0901	0.0854	0.0456	0.1415	0.1062	0.031	0.2351	0.1402
76	0.0133	0.0713	0.0579	0.0816	0.0573	0.0902	0.0853	0.0455	0.1412	0.106	0.031	0.2349	0.14
77	0.0137	0.0715	0.0578	0.0818	0.0574	0.0904	0.0856	0.0455	0.1414	0.1062	0.031	0.2355	0.1403
78	0.0134	0.0716	0.0579	0.082	0.0575	0.0906	0.0857	0.0455	0.1414	0.1063	0.031	0.2353	0.1403
79	0.0133	0.0719	0.0583	0.0823	0.0576	0.0908	0.0859	0.0454	0.1411	0.1062	0.0309	0.2348	0.1402
80	0.0133	0.0723	0.0587	0.0828	0.058	0.0916	0.0864	0.0454	0.141	0.1064	0.0309	0.2349	0.1405
81	0.0129	0.0721	0.0585	0.0825	0.0578	0.091	0.0861	0.0455	0.1415	0.1064	0.0309	0.2343	0.1402
82	0.0122	0.0724	0.0588	0.0831	0.058	0.0913	0.0865	0.0455	0.1415	0.1068	0.0309	0.235	0.1407
83	0.0128	0.0725	0.0589	0.0832	0.0578	0.0907	0.0863	0.0453	0.141	0.1066	0.0309	0.2349	0.1406
84	0.0127	0.0722	0.0587	0.0833	0.0582	0.0911	0.0868	0.0455	0.1418	0.1071	0.031	0.2357	0.1412
85	0.0127	0.0721	0.0586	0.0828	0.0581	0.0908	0.0864	0.0455	0.1418	0.1069	0.031	0.2359	0.1409
86	0.0124	0.0723	0.0587	0.0832	0.058	0.0907	0.0866	0.0456	0.1422	0.1072	0.031	0.236	0.1412
87	0.0125	0.0726	0.059	0.0835	0.0579	0.0905	0.0866	0.0456	0.1424	0.1073	0.0311	0.2367	0.1415
88	0.0129	0.0724	0.0588	0.0837	0.0579	0.0906	0.0869	0.0455	0.1421	0.1075	0.0311	0.2367	0.1418
89	0.0124	0.0726	0.0591	0.0839	0.0581	0.0912	0.0873	0.0456	0.1426	0.1079	0.031	0.2363	0.1419
90	0.0126	0.0726	0.0592	0.084	0.0582	0.0916	0.0875	0.0455	0.1426	0.1079	0.031	0.2359	0.1419
91	0.0117	0.0729	0.0593	0.0843	0.0584	0.092	0.0878	0.0457	0.1429	0.1082	0.031	0.2359	0.142
92	0.0117	0.0729	0.0593	0.0843	0.0582	0.0917	0.0876	0.0457	0.1432	0.1082	0.031	0.236	0.142
93	0.0124	0.0732	0.0597	0.0847	0.0582	0.0913	0.0877	0.0456	0.1424	0.1081	0.031	0.2361	0.1422
94	0.0125	0.0738	0.0599	0.0852	0.0581	0.0913	0.0878	0.0457	0.1426	0.1085	0.0311	0.2363	0.1425
95	0.0122	0.074	0.0601	0.0855	0.0582	0.0916	0.0881	0.0458	0.1427	0.1087	0.031	0.2358	0.1424
96	0.0118	0.074	0.0603	0.0853	0.0583	0.0917	0.0879	0.046	0.1434	0.1087	0.031	0.2358	0.1422
97	0.0117	0.074	0.0604	0.0853	0.0581	0.0913	0.0877	0.0459	0.1432	0.1086	0.031	0.2364	0.1423
98	0.0121	0.0742	0.0604	0.0853	0.0583	0.0916	0.0878	0.0459	0.1435	0.1086	0.031	0.2366	0.1423
99	0.0116	0.0744	0.0602	0.0855	0.0583	0.092	0.088	0.0459	0.1438	0.1088	0.0311	0.237	0.1426
100	0.0118	0.0745	0.0601	0.0856	0.0584	0.092	0.0882	0.0459	0.1436	0.1089	0.031	0.2366	0.1426
101	0.0115	0.0745	0.06	0.0859	0.0587	0.0925	0.0887	0.0459	0.1433	0.1092	0.031	0.2368	0.1429
102	0.0115	0.0747	0.0603	0.0859	0.0586	0.0927	0.0886	0.0458	0.1434	0.1089	0.031	0.2365	0.1427
103	0.0118	0.0745	0.0602	0.0859	0.0585	0.0923	0.0885	0.0459	0.1437	0.1092	0.031	0.2364	0.1427
104	0.0115	0.0749	0.0605	0.0863	0.0585	0.0924	0.0887	0.0458	0.1436	0.1091	0.0309	0.2358	0.1426
105	0.0111	0.0748	0.0602	0.0859	0.0586	0.0928	0.0886	0.0458	0.1438	0.1089	0.0309	0.2358	0.1423
106	0.0116	0.0744	0.0602	0.0857	0.0589	0.093	0.0887	0.0457	0.1431	0.1087	0.0308	0.236	0.1422
107	0.0115	0.0749	0.0605	0.0859	0.0589	0.0934	0.0887	0.0456	0.1431	0.1086	0.0308	0.2357	0.1422
108	0.0114	0.0752	0.0608	0.0866	0.059	0.0936	0.0892	0.0458	0.1436	0.1092	0.0308	0.2356	0.1426
109	0.0121	0.0751	0.0611	0.0863	0.0588	0.0934	0.089	0.0457	0.1436	0.109	0.0308	0.2357	0.1425
110	0.0116	0.0749	0.0607	0.0863	0.0591	0.0938	0.0893	0.0456	0.1433	0.1091	0.0309	0.2358	0.1427
111	0.0111	0.0748	0.0605	0.086	0.0589	0.0933	0.089	0.0456	0.1433	0.1089	0.0308	0.2355	0.1424
112	0.0114	0.0749	0.0607	0.0863	0.059	0.0936	0.0892	0.0458	0.1439	0.1093	0.0308	0.2356	0.1426
113	0.0113	0.0744	0.0605	0.0859	0.0591	0.0936	0.0892	0.0457	0.1434	0.1091	0.0307	0.2351	0.1423
114	0.0114	0.0741	0.0601	0.0854	0.059	0.0935	0.0888	0.0457	0.1434	0.1088	0.0307	0.235	0.142
115	0.0112	0.0744	0.0605	0.0856	0.0587	0.093	0.0886	0.0456	0.1431	0.1087	0.0307	0.2354	0.1421
116	0.0109	0.0746	0.0606	0.0857	0.0588	0.0932	0.0887	0.0457	0.1433	0.1088	0.0307	0.2349	0.1419
117	0.0109	0.0747	0.0608	0.0858	0.0587	0.0932	0.0887	0.0456	0.1429	0.1086	0.0307	0.2346	0.1418
118	0.0117	0.0749	0.0608	0.086	0.0588	0.0936	0.0889	0.0454	0.1422	0.1084	0.0307	0.2345	0.1419
119	0.0112	0.0749	0.0607	0.0861	0.0588	0.0934	0.0889	0.0452	0.1416	0.1083	0.0307	0.2343	0.1419
120	0.0108	0.0749	0.0606	0.0863	0.0588	0.0936	0.0892	0.0452	0.1418	0.1086	0.0306	0.2348	0.1422
121	0.0106	0.0748	0.0605	0.0859	0.0586	0.0932	0.0887	0.0452	0.1415	0.1082	0.0307	0.2353	0.142
122	0.0105	0.0748	0.0606	0.086	0.0588	0.0935	0.0889	0.0452	0.1417	0.1083	0.0307	0.2358	0.1421
123	0.0112	0.0746	0.0598	0.0857	0.0586	0.093	0.0886	0.0453	0.1419	0.1083	0.0306	0.2347	0.1417
124	0.0108	0.0742	0.0595	0.0854	0.0586	0.0931	0.0886	0.0452	0.142	0.1082	0.0306	0.2351	0.1418
125	0.0104	0.074	0.0595	0.0852	0.0586	0.0931	0.0885	0.0451	0.1412	0.1078	0.0306	0.235	0.1416
126	0.0104	0.0741	0.0595	0.0851	0.0586	0.0938	0.0885	0.045	0.1409	0.1076	0.0306	0.2348	0.1413
127	0.0111	0.0742	0.0595	0.0853	0.0587	0.094	0.0888	0.0451	0.1412	0.1078	0.0305	0.2344	0.1414
128	0.0105	0.0741	0.0597	0.0852	0.0585	0.0937	0.0886	0.0453	0.1418	0.108	0.0305	0.2339	0.1413
129	0.0112	0.0745	0.0599	0.0855	0.0581	0.0932	0.0883	0.0452	0.1413	0.1079	0.0305	0.234	0.1413
130	0.0109	0.0742	0.0595	0.0852	0.0583	0.0939	0.0885	0.0452	0.1412	0.1078	0.0305	0.2343	0.1413
131	0.0101	0.0741	0.0594	0.085	0.0584	0.0939	0.0885	0.0449	0.1405	0.1074	0.0305	0.2341	0.1412
132	0.0107	0.0739	0.0595	0.0851	0.0585	0.0942	0.0888	0.0448	0.1407	0.1077	0.0305	0.2341	0.1413
133	0.0109	0.0743	0.0595	0.0855	0.0584	0.0937	0.0887	0.0449	0.141	0.1079	0.0305	0.2344	0.1415
134	0.0106	0.0738	0.0593	0.0852	0.0585	0.0936	0.0887	0.0447	0.1405	0.1077	0.0305	0.2346	0.1415
135	0.0103	0.0736	0.0595	0.0851	0.0584	0.0937	0.0886	0.0448	0.1407	0.1076	0.0305	0.234	0.1413
136	0.0101	0.0738	0.0596	0.0852	0.0583	0.0934	0.0885	0.0449	0.1414	0.1079	0.0305	0.2339	0.1413
137	0.0106	0.074	0.0596	0.085	0.0582	0.0926	0.088	0.045	0.1418	0.1077	0.0305	0.2341	0.1411
138	0.0112	0.0742	0.0597	0.0851	0.0582	0.0927	0.0881	0.0449	0.1415	0.1076	0.0304	0.234	0.141
139	0.0108	0.0746	0.0603	0.0856	0.0583	0.0928	0.0883	0.0449	0.1417	0.1078	0.0304	0.2335	0.141
140	0.0111	0.0746	0.0602	0.0858	0.0584	0.0933	0.0887	0.045	0.1415	0.108	0.0304	0.2339	0.1413
141	0.0108	0.0747	0.0602	0.0858	0.0583	0.0933	0.0887	0.0449	0.1416	0.1081	0.0304	0.234	0.1413
142	0.0100	0.0744	0.0603	0.0856	0.0584	0.0935	0.0887	0.0449	0.1417	0.108	0.0304	0.2339	0.1413
143	0.0105	0.0746	0.0604	0.0857	0.0584	0.0937	0.0887	0.0449	0.1415	0.1079	0.0303	0.2336	0.1411
144	0.0106	0.0746	0.0603	0.0855	0.0584	0.0934	0.0884	0.0449	0.1415	0.1078	0.0304	0.2339	0.1411
145	0.0101	0.0748	0.0608	0.0855	0.0584	0.0934	0.0883	0.0449	0.1417	0.1076	0.0304	0.2341	0.1409
146	0.0106	0.075	0.0611	0.0857	0.0583	0.0933	0.0882	0.0448	0.1412	0.1075	0.0303	0.2337	0.1408
147	0.0111	0.0745	0.061	0.0854	0.0584	0.0928	0.0881	0.0448	0.141	0.1074	0.0304	0.2342	0.1409
148	0.0103	0.0743	0.0607	0.0856	0.0585	0.0933	0.0885	0.045	0.1413	0.1078	0.0303	0.2343	0.1411
149	0.0106	0.0747	0.0607	0.0857	0.0587	0.0936	0.0887	0.0448	0.1407	0.1076	0.0303	0.2344	0.1411
150	0.0110	0.0741	0.0606	0.0853	0.0588	0.0939	0.0887	0.0446	0.1402	0.1072	0.0303	0.2339	0.1408
