{"n_layers": 0, "device": "cuda", "batch_size": 2048, "embedding_dim": 1024, "learning_rate": 0.0005, "dataset": "dbbook", "epochs": 150, "top_k": 5, "multimodal": true, "datasets": {"dbbook": ["images", "text"], "ml1m": ["audio", "images", "text", "video"]}}
Epoch	Loss	Recall	Precision	NDCG
1	0.6927	0.0027	0.0028	0.0034
2	0.6827	0.0069	0.0078	0.0093
3	0.6738	0.0112	0.0131	0.0158
4	0.6645	0.0169	0.0197	0.0244
5	0.6544	0.0209	0.0256	0.0319
6	0.6431	0.0248	0.0309	0.0388
7	0.6304	0.0280	0.0364	0.0444
8	0.6158	0.0315	0.0417	0.0506
9	0.5995	0.0347	0.0464	0.0556
10	0.5809	0.0364	0.0491	0.0586
11	0.5609	0.0376	0.0511	0.0608
12	0.5388	0.0392	0.0534	0.0632
13	0.5150	0.0409	0.0556	0.0656
14	0.4904	0.0418	0.0571	0.0669
15	0.4650	0.0426	0.0579	0.0678
16	0.4385	0.0435	0.0590	0.0692
17	0.4132	0.0436	0.0591	0.0694
18	0.3882	0.0441	0.0600	0.0698
19	0.3645	0.0445	0.0599	0.0699
20	0.3407	0.0443	0.0596	0.0697
21	0.3193	0.0445	0.0600	0.0700
22	0.2990	0.0445	0.0602	0.0700
23	0.2798	0.0452	0.0606	0.0705
24	0.2620	0.0452	0.0604	0.0704
25	0.2457	0.0458	0.0611	0.0709
26	0.2311	0.0460	0.0613	0.0714
27	0.2176	0.0463	0.0614	0.0717
28	0.2051	0.0465	0.0615	0.0720
29	0.1929	0.0471	0.0621	0.0724
30	0.1821	0.0473	0.0622	0.0730
31	0.1715	0.0479	0.0626	0.0735
32	0.1624	0.0486	0.0632	0.0743
33	0.1523	0.0485	0.0632	0.0741
34	0.1455	0.0485	0.0633	0.0742
35	0.1387	0.0486	0.0637	0.0749
36	0.1302	0.0488	0.0639	0.0747
37	0.1240	0.0486	0.0637	0.0748
38	0.1187	0.0491	0.0641	0.0750
39	0.1127	0.0490	0.0641	0.0751
40	0.1069	0.0489	0.0639	0.0750
41	0.1032	0.0496	0.0642	0.0754
42	0.0979	0.0499	0.0644	0.0757
43	0.0930	0.0496	0.0644	0.0757
44	0.0886	0.0503	0.0650	0.0764
45	0.0850	0.0503	0.0651	0.0764
46	0.0815	0.0503	0.0653	0.0765
47	0.0791	0.0505	0.0656	0.0767
48	0.0750	0.0508	0.0660	0.0770
49	0.0722	0.0514	0.0667	0.0777
50	0.0694	0.0515	0.0669	0.0780
51	0.0666	0.0517	0.0673	0.0784
52	0.0644	0.0517	0.0676	0.0788
53	0.0618	0.0518	0.0678	0.0789
54	0.0597	0.0518	0.0677	0.0789
55	0.0577	0.0519	0.0679	0.0792
56	0.0554	0.0521	0.0683	0.0796
57	0.0532	0.0522	0.0683	0.0798
58	0.0511	0.0524	0.0683	0.0800
59	0.0498	0.0525	0.0681	0.0798
60	0.0484	0.0524	0.0682	0.0799
61	0.0464	0.0530	0.0684	0.0802
62	0.0443	0.0530	0.0686	0.0803
63	0.0439	0.0533	0.0689	0.0805
64	0.0432	0.0532	0.0689	0.0806
65	0.0412	0.0537	0.0693	0.0813
66	0.0397	0.0538	0.0697	0.0814
67	0.0386	0.0538	0.0695	0.0814
68	0.0374	0.0544	0.0700	0.0820
69	0.0365	0.0545	0.0701	0.0821
70	0.0359	0.0547	0.0703	0.0827
71	0.0347	0.0551	0.0705	0.0832
72	0.0333	0.0554	0.0706	0.0834
73	0.0335	0.0557	0.0710	0.0837
74	0.0329	0.0557	0.0710	0.0838
75	0.0318	0.0560	0.0712	0.0838
76	0.0305	0.0563	0.0717	0.0842
77	0.0303	0.0567	0.0723	0.0847
78	0.0297	0.0572	0.0727	0.0854
79	0.0294	0.0570	0.0725	0.0853
80	0.0278	0.0573	0.0727	0.0857
81	0.0275	0.0572	0.0728	0.0859
82	0.0262	0.0575	0.0731	0.0860
83	0.0258	0.0574	0.0730	0.0858
84	0.0249	0.0576	0.0732	0.0859
85	0.0251	0.0580	0.0735	0.0862
86	0.0239	0.0582	0.0738	0.0865
87	0.0233	0.0582	0.0740	0.0867
88	0.0230	0.0581	0.0736	0.0866
89	0.0227	0.0582	0.0738	0.0868
90	0.0226	0.0583	0.0738	0.0869
91	0.0220	0.0586	0.0744	0.0873
92	0.0213	0.0583	0.0740	0.0872
93	0.0212	0.0586	0.0745	0.0877
94	0.0202	0.0587	0.0746	0.0876
95	0.0207	0.0589	0.0747	0.0879
96	0.0199	0.0589	0.0747	0.0878
97	0.0193	0.0590	0.0749	0.0878
98	0.0194	0.0591	0.0749	0.0878
99	0.0191	0.0590	0.0747	0.0877
100	0.0190	0.0588	0.0744	0.0874
101	0.0179	0.0592	0.0749	0.0879
102	0.0176	0.0593	0.0750	0.0880
103	0.0181	0.0592	0.0749	0.0881
104	0.0173	0.0594	0.0749	0.0883
105	0.0175	0.0595	0.0750	0.0883
106	0.0168	0.0596	0.0753	0.0884
107	0.0165	0.0596	0.0753	0.0884
108	0.0168	0.0597	0.0753	0.0884
109	0.0165	0.0598	0.0751	0.0884
110	0.0162	0.0594	0.0751	0.0884
111	0.0159	0.0594	0.0752	0.0883
112	0.0153	0.0596	0.0754	0.0885
113	0.0157	0.0593	0.0753	0.0883
114	0.0153	0.0594	0.0754	0.0884
115	0.0149	0.0594	0.0755	0.0885
116	0.0153	0.0595	0.0756	0.0888
117	0.0146	0.0594	0.0753	0.0888
118	0.0143	0.0594	0.0752	0.0889
119	0.0143	0.0595	0.0755	0.0892
120	0.0140	0.0596	0.0757	0.0896
121	0.0139	0.0598	0.0758	0.0898
122	0.0135	0.0598	0.0757	0.0897
123	0.0135	0.0598	0.0756	0.0894
124	0.0132	0.0601	0.0757	0.0893
125	0.0137	0.0596	0.0754	0.0891
126	0.0130	0.0599	0.0756	0.0892
127	0.0128	0.0599	0.0757	0.0894
128	0.0128	0.0599	0.0758	0.0893
129	0.0126	0.0601	0.0760	0.0895
130	0.0127	0.0600	0.0758	0.0894
131	0.0125	0.0599	0.0756	0.0891
132	0.0122	0.0599	0.0758	0.0893
133	0.0125	0.0603	0.0760	0.0895
134	0.0124	0.0605	0.0761	0.0896
135	0.0117	0.0603	0.0761	0.0894
136	0.0122	0.0600	0.0758	0.0894
137	0.0115	0.0602	0.0758	0.0894
138	0.0118	0.0601	0.0756	0.0894
139	0.0118	0.0606	0.0761	0.0898
140	0.0113	0.0603	0.0761	0.0898
141	0.0115	0.0605	0.0762	0.0901
142	0.0112	0.0605	0.0763	0.0902
143	0.0114	0.0607	0.0764	0.0902
144	0.0112	0.0609	0.0768	0.0905
145	0.0111	0.0608	0.0767	0.0904
146	0.0109	0.0611	0.0770	0.0907
147	0.0109	0.0610	0.0771	0.0908
148	0.0105	0.0611	0.0770	0.0907
149	0.0107	0.0614	0.0772	0.0908
150	0.0100	0.0611	0.0770	0.0906
