{"device": "cuda:2", "multimodal": true, "embedding_dim": 512, "n_layers": 1, "epochs": 500, "learning_rate": 0.001, "log": true, "seed": 19, "top_k": [5, 10, 20, 50], "dataset": "dbbook", "batch_size": 2048, "single_branch": false, "autoencoder": false, "ensemble_fusion": false, "freeze": true, "fusion_modalities": "mean", "fusion_type": "late", "info_nce": false, "weighting": "normalized", "datasets": {"dbbook": ["images", "text"], "ml1m": ["audio", "images", "text", "video"]}}
Epoch	T-Loss	V-Loss	Precision@5	Recall@5	NDCG@5	Precision@10	Recall@10	NDCG@10	Precision@20	Recall@20	NDCG@20	Precision@50	Recall@50	NDCG@50
1	0.6931	0.6931	0.0014	0.001	0.0014	0.0016	0.0021	0.0019	0.0016	0.0048	0.003	0.0015	0.0113	0.0053
2	0.6851	0.6928	0.0026	0.0017	0.0026	0.0023	0.0034	0.0029	0.002	0.0063	0.0041	0.0019	0.0142	0.007
3	0.6783	0.6922	0.0065	0.0051	0.0076	0.0053	0.008	0.0079	0.004	0.012	0.0095	0.0031	0.0235	0.0136
4	0.6713	0.6912	0.0167	0.0135	0.0207	0.0117	0.0182	0.0198	0.0089	0.027	0.0233	0.006	0.0475	0.0302
5	0.6638	0.6896	0.0327	0.026	0.0406	0.0226	0.0358	0.0385	0.0159	0.0502	0.0438	0.0102	0.0792	0.0542
6	0.6557	0.6873	0.0462	0.0371	0.0573	0.0326	0.0516	0.0547	0.0231	0.0727	0.0625	0.0149	0.1153	0.0778
7	0.6468	0.6842	0.0544	0.0442	0.0679	0.04	0.064	0.0664	0.0289	0.0911	0.0767	0.0187	0.1442	0.0959
8	0.6373	0.6802	0.0596	0.0487	0.0741	0.0444	0.0705	0.0729	0.0327	0.1023	0.0851	0.0209	0.1612	0.1064
9	0.6268	0.6753	0.064	0.0521	0.0789	0.0471	0.0746	0.0774	0.0344	0.1075	0.0899	0.0225	0.1721	0.1133
10	0.6154	0.6693	0.0666	0.054	0.082	0.0491	0.0776	0.0803	0.036	0.1122	0.0936	0.0235	0.1786	0.1178
11	0.6032	0.6626	0.0673	0.0549	0.083	0.0508	0.0804	0.0826	0.037	0.1156	0.096	0.024	0.1818	0.1202
12	0.5909	0.655	0.0685	0.0554	0.0842	0.0514	0.0815	0.0835	0.0375	0.116	0.0969	0.0245	0.1857	0.1222
13	0.5777	0.6471	0.0693	0.0563	0.0856	0.0519	0.0822	0.0847	0.0379	0.1174	0.0983	0.0248	0.1885	0.124
14	0.564	0.6385	0.0704	0.0571	0.0863	0.0519	0.0817	0.0845	0.0383	0.1181	0.0986	0.0251	0.1895	0.1245
15	0.5506	0.6295	0.0712	0.0574	0.0867	0.052	0.0816	0.0845	0.0383	0.1185	0.0987	0.0252	0.1902	0.1248
16	0.5375	0.6199	0.071	0.0572	0.0865	0.0521	0.0819	0.0846	0.0384	0.1191	0.0988	0.0254	0.1923	0.1254
17	0.5245	0.6123	0.0703	0.0571	0.0861	0.0517	0.0811	0.0842	0.0384	0.1186	0.0987	0.0255	0.1924	0.1254
18	0.5122	0.6025	0.07	0.0564	0.0854	0.0513	0.0796	0.0831	0.0379	0.1175	0.0976	0.0254	0.1919	0.1247
19	0.4993	0.5946	0.0701	0.0566	0.0859	0.0513	0.0799	0.0835	0.0379	0.1175	0.0978	0.0254	0.1923	0.125
20	0.4879	0.5871	0.0711	0.057	0.0867	0.0514	0.08	0.0838	0.038	0.1168	0.098	0.0251	0.1896	0.1244
21	0.4768	0.5797	0.0711	0.0565	0.0863	0.052	0.0813	0.0841	0.038	0.1173	0.0979	0.0251	0.1903	0.1243
22	0.4665	0.5712	0.0704	0.0565	0.0863	0.0519	0.0808	0.0843	0.038	0.1176	0.0983	0.0252	0.1903	0.1247
23	0.4561	0.564	0.0706	0.0567	0.0859	0.0517	0.0808	0.0837	0.0381	0.1181	0.098	0.0252	0.1904	0.1243
24	0.4464	0.5592	0.069	0.0556	0.0851	0.0514	0.08	0.0834	0.0377	0.1164	0.0973	0.0251	0.1897	0.1239
25	0.4361	0.5522	0.0708	0.0566	0.0863	0.0513	0.0799	0.0835	0.0379	0.1168	0.0976	0.0252	0.1905	0.1242
26	0.427	0.5463	0.0707	0.0566	0.0859	0.0516	0.0805	0.0835	0.0381	0.117	0.0976	0.0251	0.1895	0.1239
27	0.4187	0.542	0.0698	0.0559	0.0849	0.0513	0.0803	0.083	0.0379	0.1165	0.097	0.025	0.1893	0.1234
28	0.4102	0.5353	0.069	0.0555	0.0843	0.0514	0.0804	0.0829	0.038	0.1174	0.0971	0.0253	0.1915	0.1239
29	0.4027	0.5306	0.0688	0.0548	0.0837	0.0513	0.0804	0.0825	0.0382	0.1183	0.0971	0.0254	0.1921	0.1239
30	0.3942	0.5259	0.0689	0.0544	0.0842	0.0512	0.0802	0.0828	0.0381	0.1176	0.0973	0.0253	0.1913	0.124
31	0.3879	0.5188	0.0696	0.0559	0.0854	0.0518	0.0807	0.0836	0.0382	0.1178	0.0978	0.0254	0.1918	0.1247
32	0.38	0.5161	0.0692	0.0558	0.0849	0.0511	0.0794	0.0829	0.0379	0.117	0.0974	0.0254	0.1907	0.1243
33	0.3725	0.5156	0.0691	0.0558	0.0849	0.0513	0.0802	0.0833	0.0376	0.1159	0.097	0.0253	0.1895	0.124
34	0.3664	0.5098	0.0689	0.0555	0.0843	0.0513	0.0801	0.0829	0.0373	0.1156	0.0964	0.0252	0.1893	0.1234
35	0.3599	0.5036	0.0688	0.0547	0.0838	0.0508	0.0791	0.0821	0.0373	0.1148	0.0958	0.0252	0.1891	0.123
36	0.3533	0.5038	0.0687	0.0549	0.0841	0.051	0.0792	0.0824	0.0375	0.1156	0.0963	0.0252	0.1897	0.1233
37	0.3471	0.4995	0.0683	0.0545	0.0836	0.0514	0.0805	0.0826	0.0373	0.115	0.0958	0.0252	0.1892	0.1228
38	0.3416	0.4946	0.0691	0.0552	0.0844	0.0511	0.0793	0.0825	0.0377	0.1164	0.0966	0.0252	0.1899	0.1233
39	0.3373	0.4909	0.0691	0.055	0.0838	0.0517	0.0807	0.0827	0.0375	0.1153	0.096	0.0253	0.1903	0.1233
40	0.33	0.4892	0.0687	0.0555	0.0837	0.0517	0.0812	0.0829	0.0375	0.1163	0.0962	0.0255	0.192	0.1239
41	0.3261	0.4854	0.0682	0.0546	0.0833	0.0516	0.0807	0.0827	0.0375	0.116	0.0961	0.0255	0.1909	0.1235
42	0.3193	0.4827	0.0684	0.0543	0.0832	0.0512	0.0803	0.0822	0.0376	0.1164	0.0961	0.0254	0.1895	0.1229
43	0.3155	0.4813	0.0683	0.0543	0.0835	0.051	0.0802	0.0824	0.0375	0.1155	0.096	0.0254	0.1895	0.1231
44	0.3109	0.4787	0.0691	0.0545	0.0841	0.0511	0.0794	0.0824	0.0375	0.1154	0.0962	0.0254	0.1899	0.1233
45	0.3064	0.4786	0.068	0.0543	0.0831	0.0516	0.0802	0.0826	0.0373	0.115	0.0957	0.0254	0.1904	0.1232
46	0.3008	0.4722	0.0686	0.055	0.0835	0.0512	0.0797	0.0822	0.0375	0.1153	0.0959	0.0256	0.1919	0.1238
47	0.2953	0.4726	0.0684	0.0547	0.0836	0.0517	0.0806	0.0829	0.0375	0.1147	0.0961	0.0254	0.1905	0.1235
48	0.2926	0.4697	0.0685	0.0549	0.0835	0.0519	0.0807	0.083	0.0376	0.1146	0.096	0.0255	0.1914	0.1237
49	0.2876	0.4628	0.068	0.054	0.0825	0.0513	0.0798	0.0819	0.0375	0.1149	0.0954	0.0255	0.1919	0.1232
50	0.2835	0.462	0.0683	0.0541	0.0829	0.0511	0.0801	0.0821	0.0375	0.1146	0.0955	0.0253	0.1902	0.1229
51	0.2783	0.4639	0.0691	0.0553	0.084	0.0514	0.0808	0.0829	0.0377	0.1157	0.0965	0.0255	0.1905	0.1237
52	0.2747	0.4629	0.0695	0.0556	0.0841	0.0515	0.0806	0.0828	0.0378	0.116	0.0965	0.0256	0.1916	0.124
53	0.2703	0.4595	0.0692	0.0553	0.0842	0.0513	0.0806	0.0829	0.0377	0.1156	0.0965	0.0256	0.1915	0.1242
54	0.2673	0.4579	0.0692	0.0551	0.0837	0.0511	0.0803	0.0823	0.0377	0.1155	0.0961	0.0258	0.1931	0.1242
55	0.264	0.4566	0.0685	0.055	0.0834	0.0507	0.0796	0.082	0.0376	0.1154	0.0959	0.0257	0.1932	0.1241
56	0.2607	0.4576	0.0686	0.055	0.0836	0.051	0.08	0.0824	0.0374	0.1147	0.0959	0.0256	0.1921	0.1239
57	0.2567	0.4538	0.0684	0.0548	0.0832	0.0505	0.0796	0.0818	0.0372	0.1144	0.0954	0.0257	0.192	0.1236
58	0.2529	0.4511	0.069	0.055	0.0834	0.051	0.0798	0.0819	0.0376	0.1152	0.0956	0.0257	0.1924	0.1237
59	0.2492	0.4486	0.0691	0.0545	0.0831	0.0512	0.0805	0.0822	0.038	0.1168	0.0963	0.0258	0.1929	0.1241
60	0.2457	0.4483	0.0679	0.0538	0.0826	0.051	0.0805	0.0823	0.0378	0.1163	0.0963	0.0259	0.1935	0.1244
61	0.2441	0.4425	0.0674	0.0532	0.0819	0.0509	0.0801	0.0818	0.0375	0.1146	0.0953	0.0259	0.1936	0.1241
62	0.2397	0.4473	0.068	0.0541	0.0827	0.0511	0.0799	0.082	0.0379	0.1161	0.0962	0.0261	0.1954	0.1249
63	0.2369	0.4432	0.0675	0.0539	0.082	0.0504	0.0789	0.081	0.0378	0.1159	0.0956	0.0261	0.1959	0.1245
64	0.233	0.4414	0.0666	0.0528	0.0816	0.05	0.079	0.0811	0.0379	0.1155	0.0957	0.026	0.1947	0.1243
65	0.2315	0.4412	0.0677	0.0536	0.0827	0.05	0.0788	0.0815	0.038	0.1159	0.0962	0.026	0.1947	0.1248
66	0.2279	0.4384	0.0681	0.0539	0.083	0.0512	0.0806	0.0825	0.0381	0.117	0.0966	0.026	0.195	0.125
67	0.2251	0.439	0.0674	0.0536	0.0826	0.0507	0.08	0.0821	0.0376	0.1153	0.096	0.026	0.1947	0.1249
68	0.223	0.4381	0.0676	0.0539	0.0829	0.0508	0.0795	0.0821	0.0378	0.1162	0.0963	0.0258	0.1922	0.1242
69	0.22	0.4342	0.0673	0.0533	0.0822	0.0509	0.0798	0.0819	0.0379	0.1162	0.0961	0.0257	0.1921	0.1238
70	0.2158	0.4324	0.0675	0.0534	0.0823	0.0507	0.0794	0.0815	0.0377	0.1156	0.0958	0.0258	0.193	0.124
71	0.2148	0.4301	0.0677	0.0534	0.0826	0.0507	0.0796	0.0818	0.0383	0.1169	0.0966	0.0259	0.1943	0.1246
72	0.2127	0.4326	0.068	0.0536	0.0829	0.0511	0.0798	0.0821	0.038	0.116	0.0964	0.0259	0.1939	0.1247
73	0.2089	0.4316	0.068	0.0541	0.083	0.0513	0.0806	0.0825	0.038	0.1165	0.0966	0.026	0.194	0.1249
74	0.2048	0.428	0.068	0.0544	0.0833	0.0518	0.0814	0.0832	0.0384	0.1175	0.0973	0.026	0.1939	0.1251
75	0.2054	0.4275	0.0679	0.0541	0.083	0.0514	0.0806	0.0827	0.0382	0.1172	0.097	0.0261	0.1944	0.1252
76	0.2015	0.4289	0.0669	0.0532	0.0817	0.0513	0.0805	0.0821	0.0383	0.1172	0.0965	0.0261	0.1946	0.1248
77	0.199	0.4246	0.0668	0.0534	0.0818	0.0505	0.0788	0.0814	0.038	0.1161	0.0961	0.0261	0.1946	0.1247
78	0.197	0.4202	0.0663	0.0528	0.0816	0.05	0.0777	0.0808	0.0379	0.1162	0.096	0.026	0.1947	0.1245
79	0.196	0.4256	0.0659	0.0528	0.0811	0.0508	0.0789	0.0813	0.0377	0.1158	0.0956	0.0258	0.1932	0.1238
80	0.1925	0.4202	0.0659	0.0528	0.081	0.0507	0.0791	0.0812	0.0379	0.1164	0.0958	0.0259	0.1937	0.1239
81	0.1901	0.4239	0.0671	0.0537	0.082	0.0514	0.0799	0.0821	0.0383	0.1173	0.0967	0.026	0.1941	0.1246
82	0.1863	0.4228	0.0681	0.0547	0.0829	0.0513	0.0799	0.0823	0.0384	0.1176	0.097	0.0261	0.1951	0.1252
83	0.1874	0.4194	0.0678	0.0542	0.0825	0.0511	0.0794	0.0818	0.0381	0.1165	0.0963	0.0261	0.1947	0.1248
84	0.1829	0.4142	0.0673	0.0541	0.0821	0.0511	0.0792	0.0816	0.0382	0.1174	0.0963	0.0261	0.1953	0.1246
85	0.1825	0.4209	0.0674	0.0541	0.0828	0.0507	0.0787	0.0817	0.0381	0.1174	0.0967	0.0261	0.1952	0.1251
86	0.1788	0.4185	0.0669	0.0537	0.0817	0.0511	0.0797	0.0816	0.0383	0.1169	0.0962	0.0262	0.1955	0.1247
87	0.1779	0.4183	0.0671	0.0535	0.0817	0.0511	0.0801	0.0816	0.0383	0.1173	0.0962	0.0261	0.1946	0.1244
88	0.1764	0.4207	0.0675	0.0537	0.0825	0.0512	0.08	0.082	0.0381	0.1169	0.0964	0.026	0.1943	0.1247
89	0.1745	0.4176	0.068	0.0544	0.0831	0.0509	0.0786	0.0817	0.038	0.1171	0.0966	0.0262	0.1951	0.1251
90	0.1725	0.417	0.0676	0.0541	0.083	0.0509	0.0794	0.0821	0.038	0.117	0.0967	0.0263	0.1968	0.1258
91	0.1705	0.4161	0.0676	0.0538	0.0832	0.0511	0.0794	0.0824	0.038	0.1169	0.097	0.0264	0.1966	0.1262
92	0.1684	0.4126	0.0677	0.0538	0.0834	0.0511	0.0799	0.0828	0.0382	0.1179	0.0976	0.0263	0.1961	0.1264
93	0.1678	0.4134	0.0679	0.0543	0.0831	0.0509	0.0799	0.0822	0.038	0.1171	0.0967	0.0262	0.1958	0.1255
94	0.1652	0.413	0.0669	0.0536	0.0819	0.0511	0.0802	0.0818	0.0383	0.1172	0.0964	0.0262	0.1959	0.125
95	0.1655	0.4095	0.0672	0.0537	0.0821	0.0509	0.0798	0.0816	0.038	0.1166	0.0961	0.0263	0.1959	0.125
96	0.1615	0.4101	0.0668	0.0532	0.0818	0.051	0.08	0.0818	0.0381	0.1163	0.0962	0.0264	0.1965	0.1254
97	0.1605	0.4091	0.0674	0.0537	0.0818	0.0512	0.0801	0.0817	0.0384	0.1171	0.0963	0.0264	0.1966	0.1253
98	0.1584	0.41	0.0672	0.0534	0.0818	0.0508	0.0792	0.0814	0.0386	0.1181	0.0967	0.0264	0.1969	0.1254
99	0.1565	0.4113	0.0671	0.0534	0.0816	0.0508	0.079	0.0812	0.0386	0.1185	0.0967	0.0265	0.1965	0.1254
100	0.1562	0.4088	0.0674	0.0533	0.0819	0.0513	0.0802	0.0819	0.0388	0.1191	0.0972	0.0265	0.1974	0.1259
101	0.1534	0.411	0.067	0.0532	0.0819	0.0511	0.0798	0.0819	0.0386	0.1189	0.0973	0.0266	0.1993	0.1266
102	0.1523	0.4114	0.067	0.0528	0.0819	0.0509	0.0796	0.0819	0.0387	0.1191	0.0973	0.0267	0.2	0.1268
103	0.1503	0.4048	0.068	0.0537	0.0827	0.0512	0.0801	0.0822	0.0388	0.1191	0.0975	0.0268	0.2006	0.1272
104	0.149	0.4069	0.0682	0.0539	0.0832	0.0512	0.081	0.0827	0.039	0.1198	0.0981	0.0267	0.2007	0.1274
105	0.1475	0.4085	0.0674	0.0538	0.0824	0.0512	0.0812	0.0825	0.0387	0.1191	0.0975	0.0266	0.2003	0.1269
106	0.1467	0.4083	0.0685	0.0546	0.083	0.0517	0.0819	0.0829	0.0389	0.1199	0.0978	0.0266	0.2005	0.127
107	0.1465	0.4054	0.0683	0.0548	0.0834	0.0518	0.0818	0.0833	0.0388	0.1192	0.0981	0.0265	0.1989	0.127
108	0.1441	0.4074	0.0692	0.0553	0.084	0.0523	0.0825	0.0838	0.0385	0.1188	0.0979	0.0265	0.198	0.1269
109	0.142	0.4057	0.0693	0.0552	0.0841	0.0514	0.0806	0.0829	0.0385	0.1178	0.0974	0.0265	0.1973	0.1265
110	0.1402	0.4006	0.0674	0.0538	0.082	0.0511	0.0801	0.0817	0.0384	0.1168	0.0963	0.0264	0.1975	0.1256
111	0.1395	0.3973	0.0655	0.0527	0.0805	0.0507	0.0792	0.081	0.0383	0.1166	0.0958	0.0265	0.1981	0.1253
112	0.1386	0.3986	0.0655	0.0528	0.0803	0.0504	0.0794	0.0808	0.0384	0.1168	0.0958	0.0264	0.1977	0.125
113	0.1371	0.3991	0.066	0.053	0.0808	0.0513	0.0804	0.0817	0.0387	0.1178	0.0965	0.0266	0.1987	0.1257
114	0.1354	0.4025	0.0673	0.0537	0.082	0.051	0.0799	0.0816	0.0388	0.118	0.0968	0.0265	0.1989	0.126
115	0.1344	0.4037	0.0683	0.0543	0.0831	0.0514	0.0803	0.0823	0.0389	0.1182	0.0974	0.0265	0.1984	0.1263
116	0.1337	0.4027	0.0682	0.0545	0.0832	0.0519	0.0807	0.0826	0.0389	0.1185	0.0974	0.0266	0.1995	0.1267
117	0.1332	0.3993	0.068	0.0545	0.0836	0.0519	0.0807	0.0833	0.0389	0.1195	0.0984	0.0265	0.198	0.127
118	0.1301	0.3993	0.0674	0.0538	0.0828	0.0519	0.0816	0.0832	0.039	0.1194	0.098	0.0266	0.1987	0.1269
119	0.13	0.402	0.0677	0.054	0.083	0.0517	0.0814	0.083	0.0388	0.1192	0.0979	0.0266	0.1991	0.1269
120	0.1292	0.3962	0.0675	0.0542	0.083	0.0518	0.0822	0.0834	0.0385	0.1187	0.0977	0.0265	0.1983	0.1267
121	0.1269	0.3982	0.0678	0.0541	0.0833	0.0515	0.0811	0.0832	0.038	0.1171	0.0972	0.0265	0.1983	0.1268
122	0.1258	0.3948	0.0675	0.0541	0.0827	0.0513	0.0805	0.0825	0.0378	0.1167	0.0965	0.0264	0.1972	0.126
123	0.1258	0.3976	0.0681	0.0548	0.0826	0.0514	0.0805	0.082	0.0381	0.1167	0.0961	0.0264	0.1971	0.1254
124	0.124	0.3969	0.068	0.0545	0.0824	0.0517	0.0809	0.0822	0.0384	0.1178	0.0966	0.0265	0.1977	0.1257
125	0.1244	0.3932	0.0675	0.0545	0.0825	0.0516	0.0809	0.0825	0.0386	0.1185	0.0973	0.0267	0.1996	0.1268
126	0.1223	0.3947	0.0684	0.0548	0.0829	0.0522	0.0818	0.083	0.0387	0.1191	0.0975	0.0267	0.2	0.127
127	0.1221	0.3923	0.0683	0.0546	0.0829	0.0522	0.0817	0.0832	0.0387	0.1193	0.0977	0.0267	0.1996	0.1271
128	0.1208	0.3962	0.0685	0.0546	0.0828	0.0519	0.0811	0.0827	0.0386	0.119	0.0973	0.0268	0.2002	0.1269
129	0.1187	0.3993	0.068	0.0542	0.0827	0.0516	0.081	0.0826	0.0386	0.1191	0.0974	0.0267	0.1996	0.1269
130	0.1168	0.3916	0.0679	0.0543	0.0832	0.0518	0.0813	0.0831	0.0385	0.1182	0.0975	0.0268	0.2006	0.1275
131	0.1176	0.3964	0.0673	0.0541	0.0827	0.052	0.0823	0.0833	0.0387	0.1184	0.0975	0.0266	0.1991	0.1269
132	0.1175	0.3913	0.0671	0.0539	0.0818	0.0514	0.0809	0.082	0.0386	0.1181	0.0968	0.0267	0.1998	0.1264
133	0.1167	0.3892	0.0663	0.0532	0.0812	0.0513	0.0803	0.0818	0.0386	0.1183	0.0967	0.0267	0.2	0.1263
134	0.1145	0.3957	0.0667	0.0538	0.0816	0.0514	0.0804	0.0819	0.0385	0.118	0.0966	0.0268	0.1992	0.1263
135	0.1143	0.3856	0.0672	0.0541	0.0816	0.0515	0.0804	0.0817	0.0384	0.1175	0.0962	0.0268	0.1997	0.1261
136	0.1127	0.3913	0.0677	0.0547	0.0823	0.0518	0.0811	0.0823	0.0385	0.1182	0.0967	0.0267	0.2	0.1265
137	0.111	0.3949	0.0675	0.0541	0.0818	0.0517	0.0813	0.0821	0.0386	0.1185	0.0967	0.0267	0.2003	0.1264
138	0.111	0.393	0.068	0.0547	0.0816	0.0516	0.0818	0.0818	0.0387	0.1188	0.0965	0.0268	0.2005	0.1261
139	0.1103	0.3894	0.0674	0.0544	0.0818	0.0514	0.081	0.0819	0.0389	0.1197	0.0972	0.0269	0.201	0.1268
140	0.1089	0.386	0.0674	0.0543	0.0816	0.0519	0.0812	0.0821	0.039	0.1202	0.0974	0.027	0.202	0.1272
141	0.109	0.3921	0.0674	0.0542	0.0813	0.052	0.0815	0.082	0.0387	0.1196	0.0968	0.0269	0.2014	0.1267
142	0.1066	0.389	0.0677	0.0541	0.0816	0.0521	0.081	0.0821	0.0385	0.1185	0.0966	0.0268	0.2007	0.1266
143	0.1074	0.3949	0.0672	0.0538	0.081	0.0522	0.0819	0.0821	0.0386	0.1186	0.0964	0.0268	0.2003	0.1262
144	0.1053	0.4002	0.0672	0.0536	0.0812	0.0518	0.0814	0.0819	0.0389	0.1198	0.0969	0.0268	0.2003	0.1263
145	0.1043	0.3864	0.0672	0.0537	0.0808	0.0511	0.0799	0.0809	0.039	0.1204	0.0968	0.0268	0.2007	0.1261
146	0.1044	0.3916	0.0676	0.0541	0.0811	0.0511	0.0802	0.081	0.0389	0.1197	0.0965	0.0268	0.2005	0.1259
147	0.1032	0.3867	0.0679	0.0544	0.0815	0.0512	0.0806	0.0812	0.0388	0.1194	0.0964	0.0268	0.2004	0.1259
148	0.1012	0.3834	0.068	0.0542	0.0821	0.0516	0.081	0.082	0.0389	0.1196	0.0971	0.0269	0.2005	0.1266
149	0.1023	0.3899	0.0686	0.0546	0.0824	0.0514	0.0804	0.0818	0.0389	0.1195	0.0971	0.0268	0.1998	0.1264
150	0.1005	0.3852	0.0683	0.0543	0.0821	0.0517	0.0811	0.082	0.0387	0.1184	0.0967	0.0267	0.1995	0.1262
151	0.1002	0.3884	0.0683	0.0544	0.0823	0.0517	0.0808	0.0821	0.0389	0.1193	0.0971	0.0268	0.2001	0.1266
152	0.0994	0.3878	0.0681	0.0539	0.0819	0.0519	0.0812	0.0821	0.039	0.12	0.0973	0.0268	0.2005	0.1268
153	0.0985	0.3913	0.0676	0.0537	0.0818	0.0522	0.0817	0.0825	0.039	0.1198	0.0974	0.0267	0.2002	0.1266
154	0.0978	0.3848	0.0682	0.0546	0.0825	0.0527	0.0824	0.0832	0.0392	0.1202	0.0979	0.0267	0.1999	0.1269
155	0.0975	0.38	0.0681	0.0547	0.0824	0.0523	0.082	0.0828	0.039	0.1198	0.0976	0.0269	0.2018	0.1272
156	0.0966	0.3867	0.0686	0.0551	0.083	0.0525	0.0823	0.0832	0.0392	0.1203	0.0981	0.0268	0.2013	0.1275
157	0.0951	0.3829	0.0683	0.0546	0.0829	0.0521	0.0818	0.083	0.0389	0.1189	0.0976	0.0269	0.2017	0.1275
158	0.0951	0.3869	0.0683	0.0549	0.0829	0.0519	0.0814	0.0828	0.0391	0.1206	0.0981	0.0269	0.2023	0.1276
159	0.0947	0.3844	0.0682	0.0547	0.0824	0.0523	0.0818	0.0827	0.0389	0.1207	0.0977	0.0269	0.2016	0.1273
160	0.0941	0.3844	0.0684	0.0549	0.0823	0.0523	0.0821	0.0826	0.0391	0.1205	0.0976	0.027	0.2026	0.1274
161	0.0933	0.3857	0.0678	0.0549	0.0817	0.0524	0.0824	0.0825	0.039	0.1203	0.0973	0.027	0.2024	0.1272
162	0.0925	0.3849	0.068	0.0552	0.0823	0.0523	0.0824	0.0827	0.039	0.1204	0.0976	0.0271	0.2024	0.1275
163	0.0916	0.3863	0.0687	0.0554	0.0832	0.0526	0.0824	0.0833	0.0391	0.1203	0.0981	0.0272	0.2033	0.1283
164	0.0916	0.3843	0.0697	0.056	0.0838	0.0523	0.0824	0.0831	0.0393	0.1216	0.0984	0.0272	0.2037	0.1284
165	0.091	0.3802	0.0687	0.0552	0.0829	0.0521	0.0822	0.0827	0.0393	0.1219	0.0983	0.0271	0.2025	0.1279
166	0.09	0.3857	0.0686	0.0551	0.0825	0.0526	0.0837	0.0831	0.0394	0.1222	0.0983	0.0272	0.203	0.128
167	0.0894	0.3826	0.069	0.0558	0.0834	0.0529	0.0842	0.084	0.0394	0.1217	0.0987	0.0271	0.2031	0.1285
168	0.0887	0.3849	0.0691	0.0558	0.0835	0.0527	0.0833	0.0837	0.0392	0.1211	0.0986	0.0271	0.2035	0.1286
169	0.0891	0.378	0.0692	0.0557	0.0836	0.0527	0.0834	0.0838	0.0393	0.121	0.0987	0.0271	0.2026	0.1285
170	0.0879	0.381	0.069	0.0554	0.083	0.0519	0.0816	0.0825	0.0392	0.1208	0.0981	0.0271	0.2033	0.1281
171	0.0884	0.382	0.069	0.0554	0.0831	0.0522	0.0818	0.0827	0.0394	0.121	0.0983	0.0272	0.204	0.1284
172	0.086	0.3815	0.0689	0.0554	0.0831	0.0524	0.0825	0.0831	0.0396	0.1222	0.0988	0.0274	0.2052	0.1289
173	0.0864	0.3804	0.0692	0.0554	0.0833	0.0528	0.0831	0.0836	0.0398	0.1222	0.099	0.0273	0.2047	0.1289
174	0.0862	0.3811	0.0688	0.0549	0.0831	0.0525	0.0822	0.0833	0.0396	0.1217	0.0988	0.0273	0.2044	0.1289
175	0.0849	0.3753	0.0692	0.0551	0.0831	0.0522	0.0822	0.083	0.0397	0.1222	0.0988	0.0273	0.2038	0.1285
176	0.0847	0.3755	0.0687	0.0548	0.0828	0.0524	0.0821	0.0829	0.0395	0.1213	0.0983	0.0272	0.2037	0.1283
177	0.0842	0.3824	0.0685	0.0547	0.0826	0.0527	0.0821	0.083	0.0395	0.1213	0.0983	0.0272	0.2038	0.1283
178	0.0829	0.379	0.0684	0.0548	0.0825	0.0524	0.0819	0.0828	0.0396	0.1222	0.0986	0.0274	0.2049	0.1287
179	0.0828	0.3793	0.0691	0.0555	0.0831	0.0527	0.0834	0.0834	0.0398	0.1226	0.0989	0.0274	0.2046	0.1289
180	0.0834	0.3824	0.0688	0.0552	0.083	0.0531	0.0838	0.0838	0.0397	0.1222	0.0989	0.0274	0.2052	0.1291
181	0.0818	0.3733	0.0694	0.0557	0.0834	0.0526	0.0825	0.0833	0.0396	0.1219	0.0987	0.0272	0.2044	0.1287
182	0.0815	0.3823	0.0689	0.0552	0.0831	0.0524	0.0821	0.0831	0.0392	0.121	0.0982	0.0271	0.2036	0.1283
183	0.0809	0.3824	0.0689	0.055	0.0832	0.0522	0.0818	0.0831	0.0393	0.1211	0.0984	0.0271	0.2036	0.1284
184	0.0811	0.3797	0.0685	0.0545	0.0829	0.0519	0.0811	0.0827	0.0393	0.1212	0.0984	0.0271	0.2032	0.1282
185	0.0799	0.3824	0.0688	0.0553	0.0831	0.0524	0.0823	0.0831	0.0394	0.1213	0.0984	0.0272	0.2038	0.1284
186	0.0801	0.38	0.0687	0.0551	0.0825	0.053	0.0835	0.0834	0.0393	0.1209	0.0979	0.0273	0.2044	0.1283
187	0.0792	0.3744	0.069	0.0549	0.0829	0.053	0.0836	0.0836	0.0392	0.1205	0.098	0.0273	0.204	0.1286
188	0.0791	0.3743	0.0688	0.0549	0.0825	0.0531	0.0838	0.0835	0.0391	0.1202	0.0977	0.0272	0.2038	0.1283
189	0.0786	0.3768	0.0686	0.055	0.0826	0.0529	0.083	0.0834	0.0392	0.1202	0.0981	0.0271	0.2025	0.1281
190	0.0777	0.3787	0.0685	0.0546	0.0821	0.052	0.0823	0.0825	0.0393	0.1205	0.0977	0.0271	0.203	0.1277
191	0.077	0.3762	0.0681	0.0543	0.0818	0.0519	0.0821	0.0823	0.0392	0.1204	0.0976	0.027	0.2026	0.1274
192	0.0774	0.3715	0.068	0.0541	0.0816	0.0518	0.0822	0.0823	0.0394	0.1214	0.0979	0.0272	0.2041	0.128
193	0.0761	0.374	0.0676	0.0538	0.0818	0.0521	0.0827	0.0829	0.0395	0.1214	0.0984	0.0271	0.2032	0.1281
194	0.0753	0.3793	0.0686	0.0546	0.0827	0.0521	0.0822	0.083	0.0392	0.1207	0.0982	0.0272	0.2035	0.1284
195	0.0755	0.3824	0.069	0.0549	0.0827	0.0522	0.0824	0.0829	0.0391	0.1206	0.0978	0.0271	0.2025	0.1278
196	0.0747	0.3707	0.0683	0.0547	0.0823	0.0523	0.0824	0.0828	0.039	0.1201	0.0976	0.0271	0.2025	0.1276
197	0.0746	0.3775	0.0689	0.0548	0.083	0.0523	0.0826	0.0832	0.0391	0.1201	0.098	0.0272	0.2037	0.1284
198	0.074	0.3725	0.0695	0.0555	0.0838	0.053	0.0836	0.0841	0.0394	0.1208	0.0986	0.0272	0.2041	0.1289
199	0.0737	0.3805	0.0697	0.0561	0.0841	0.0529	0.0839	0.0841	0.039	0.12	0.0983	0.0272	0.2045	0.1291
200	0.0735	0.3759	0.07	0.0559	0.084	0.053	0.0836	0.0841	0.0394	0.1213	0.0988	0.0274	0.2059	0.1296
201	0.0736	0.3783	0.0706	0.0566	0.085	0.0533	0.0834	0.0846	0.0396	0.122	0.0997	0.0276	0.207	0.1306
202	0.0723	0.3728	0.0709	0.0567	0.085	0.0533	0.0838	0.0847	0.0396	0.1225	0.0997	0.0277	0.2075	0.1307
203	0.0726	0.378	0.07	0.0558	0.0844	0.0533	0.0841	0.0846	0.0397	0.122	0.0995	0.0276	0.2074	0.1305
204	0.0714	0.3784	0.0698	0.0558	0.0842	0.0532	0.0846	0.0846	0.0398	0.1222	0.0996	0.0277	0.2072	0.1305
205	0.0718	0.3747	0.0697	0.0553	0.0838	0.053	0.0843	0.0843	0.0398	0.1225	0.0994	0.0276	0.207	0.1302
206	0.071	0.3743	0.0687	0.0539	0.0831	0.0525	0.0835	0.0837	0.0396	0.1219	0.0989	0.0276	0.2071	0.1299
207	0.0703	0.3743	0.0689	0.0543	0.0833	0.0522	0.0821	0.0833	0.0399	0.1228	0.0994	0.0277	0.2085	0.1304
208	0.0701	0.3785	0.0693	0.0545	0.0836	0.0526	0.0824	0.0837	0.04	0.1224	0.0996	0.0277	0.2082	0.1306
209	0.0699	0.3795	0.0697	0.0549	0.0841	0.0527	0.0832	0.0841	0.04	0.1226	0.0998	0.0275	0.2066	0.1303
210	0.0696	0.3742	0.0701	0.0555	0.0845	0.0526	0.0825	0.084	0.04	0.1228	0.1	0.0275	0.2063	0.1303
211	0.0687	0.3723	0.0705	0.0559	0.0847	0.053	0.083	0.0844	0.04	0.1229	0.1	0.0274	0.2065	0.1303
212	0.0696	0.376	0.0699	0.0552	0.0842	0.0535	0.0835	0.0845	0.0398	0.1225	0.0996	0.0275	0.2059	0.13
213	0.0686	0.3722	0.0699	0.0555	0.0842	0.0535	0.0838	0.0845	0.0398	0.1215	0.0994	0.0274	0.2058	0.1299
214	0.0675	0.3757	0.0697	0.0557	0.084	0.0535	0.0838	0.0845	0.0398	0.122	0.0994	0.0276	0.2067	0.1302
215	0.0678	0.3779	0.0696	0.0558	0.0835	0.0527	0.0824	0.0832	0.0399	0.1224	0.0989	0.0274	0.206	0.1293
216	0.0675	0.3724	0.07	0.0558	0.0838	0.0526	0.0825	0.0834	0.0398	0.1222	0.0991	0.0273	0.2047	0.1291
217	0.068	0.3687	0.0701	0.0561	0.0841	0.0529	0.0832	0.084	0.0397	0.1216	0.0991	0.0274	0.2054	0.1295
218	0.0666	0.3741	0.0703	0.0563	0.085	0.0532	0.0836	0.0848	0.04	0.1218	0.0999	0.0274	0.2059	0.1303
219	0.0664	0.3726	0.0706	0.0568	0.0851	0.0535	0.0836	0.0849	0.0402	0.1232	0.1003	0.0276	0.2073	0.1308
220	0.0666	0.371	0.0707	0.0567	0.0854	0.054	0.0845	0.0855	0.0402	0.1228	0.1005	0.0277	0.208	0.1313
221	0.0654	0.3697	0.071	0.0572	0.0857	0.0541	0.085	0.0857	0.0402	0.1233	0.1007	0.0276	0.2068	0.131
222	0.0654	0.3777	0.0701	0.0567	0.0855	0.0541	0.0848	0.0859	0.0403	0.1242	0.1013	0.0275	0.2061	0.1312
223	0.0654	0.3715	0.0707	0.0571	0.0862	0.0545	0.0852	0.0866	0.0403	0.1239	0.1015	0.0275	0.2056	0.1313
224	0.065	0.3745	0.0708	0.0571	0.0857	0.0542	0.0852	0.086	0.0403	0.1236	0.1011	0.0276	0.2067	0.1313
225	0.0646	0.3724	0.0709	0.0572	0.0857	0.0541	0.0847	0.0859	0.0403	0.1237	0.1011	0.0276	0.2074	0.1315
226	0.0644	0.3831	0.0704	0.0568	0.0851	0.054	0.0841	0.0853	0.0403	0.1237	0.1007	0.0277	0.2079	0.1313
227	0.0643	0.3762	0.0703	0.0568	0.085	0.0542	0.085	0.0855	0.04	0.1225	0.1002	0.0275	0.2066	0.1308
228	0.0629	0.3646	0.0703	0.0572	0.0852	0.0541	0.0851	0.0857	0.0401	0.1228	0.1005	0.0276	0.207	0.1311
229	0.0623	0.3734	0.0702	0.0569	0.085	0.0537	0.0845	0.0852	0.0399	0.122	0.1	0.0276	0.2074	0.1309
230	0.0633	0.3696	0.07	0.0563	0.0844	0.0535	0.084	0.0846	0.0398	0.1218	0.0995	0.0276	0.2068	0.1303
231	0.0625	0.3748	0.0697	0.056	0.0841	0.0533	0.0841	0.0845	0.0402	0.1227	0.0998	0.0275	0.2069	0.1302
232	0.063	0.373	0.0699	0.056	0.0841	0.0535	0.0844	0.0845	0.0398	0.1223	0.0995	0.0276	0.2078	0.1305
233	0.0628	0.3768	0.0701	0.0555	0.084	0.053	0.0835	0.084	0.0396	0.1221	0.099	0.0276	0.2079	0.1302
234	0.0619	0.3764	0.0696	0.0552	0.0832	0.053	0.083	0.0834	0.0396	0.1218	0.0986	0.0276	0.2085	0.1299
235	0.0621	0.3708	0.0699	0.0555	0.0836	0.0533	0.0833	0.0837	0.0401	0.1231	0.0993	0.0277	0.2086	0.1302
236	0.0609	0.3713	0.0694	0.0547	0.0828	0.0533	0.0836	0.0836	0.0401	0.123	0.0991	0.0277	0.2082	0.13
237	0.0609	0.3722	0.0694	0.0551	0.0835	0.0532	0.0835	0.084	0.0399	0.1228	0.0994	0.0277	0.2085	0.1304
238	0.0607	0.3723	0.07	0.0556	0.0841	0.0537	0.0844	0.0846	0.0401	0.1234	0.0999	0.0276	0.2075	0.1305
239	0.0612	0.3735	0.0705	0.0562	0.0845	0.0535	0.0834	0.0843	0.04	0.1226	0.0997	0.0277	0.2085	0.1308
240	0.0609	0.3696	0.0704	0.056	0.0844	0.054	0.0851	0.085	0.0399	0.1231	0.0998	0.0276	0.2073	0.1305
241	0.0601	0.3764	0.0694	0.0557	0.0834	0.0535	0.0842	0.0843	0.0398	0.1222	0.0992	0.0276	0.2079	0.1303
242	0.0606	0.3722	0.0696	0.0558	0.0836	0.0538	0.0846	0.0846	0.0399	0.1224	0.0994	0.0276	0.2077	0.1304
243	0.0591	0.3766	0.0701	0.0565	0.0843	0.0537	0.0845	0.0848	0.0401	0.1227	0.1	0.0277	0.2079	0.1309
244	0.0588	0.3744	0.0704	0.0569	0.0847	0.054	0.0848	0.0851	0.0402	0.1228	0.1001	0.0276	0.2075	0.1307
245	0.0589	0.3673	0.0701	0.0568	0.0839	0.0537	0.0846	0.0845	0.0402	0.1229	0.0998	0.0277	0.2081	0.1305
246	0.059	0.3686	0.0702	0.0567	0.0842	0.0537	0.0848	0.0848	0.0398	0.122	0.0995	0.0278	0.2092	0.131
247	0.0591	0.3712	0.0701	0.0566	0.0843	0.0538	0.0848	0.0849	0.04	0.1231	0.0998	0.0278	0.2089	0.1309
248	0.0578	0.3711	0.0701	0.0566	0.0842	0.054	0.0854	0.0851	0.0402	0.1227	0.0998	0.0279	0.2092	0.1311
249	0.0582	0.3693	0.0704	0.0569	0.0846	0.054	0.0856	0.0854	0.0403	0.1233	0.1003	0.0279	0.2093	0.1314
250	0.0582	0.3698	0.0698	0.056	0.0841	0.054	0.0855	0.0853	0.0404	0.1234	0.1003	0.0278	0.2088	0.1312
251	0.058	0.3766	0.0701	0.0568	0.0847	0.0538	0.0846	0.0852	0.0402	0.1234	0.1004	0.0277	0.2086	0.1313
252	0.0565	0.3717	0.0696	0.0562	0.0843	0.0535	0.0845	0.085	0.0402	0.1234	0.1004	0.0277	0.2088	0.1312
253	0.0572	0.3717	0.0696	0.0564	0.084	0.0537	0.0849	0.0849	0.0402	0.1236	0.1002	0.0277	0.2086	0.1309
254	0.057	0.3679	0.0694	0.0559	0.0837	0.0537	0.0847	0.0849	0.0403	0.1237	0.1003	0.0277	0.2074	0.1307
255	0.0566	0.368	0.0706	0.057	0.0847	0.0538	0.0848	0.0851	0.0404	0.1238	0.1005	0.0277	0.2085	0.1311
256	0.0563	0.37	0.0706	0.0566	0.0848	0.0543	0.0854	0.0854	0.0405	0.1243	0.1007	0.0277	0.2088	0.1312
257	0.0562	0.3722	0.0708	0.0567	0.0851	0.0543	0.0856	0.0857	0.0405	0.1239	0.1009	0.0278	0.2088	0.1316
258	0.0555	0.3733	0.0713	0.0569	0.0854	0.0543	0.0852	0.0857	0.0402	0.1229	0.1006	0.0278	0.2092	0.1318
259	0.0557	0.3658	0.0704	0.0562	0.0848	0.0543	0.0855	0.0857	0.0404	0.1242	0.1009	0.0278	0.2088	0.1316
260	0.0558	0.3732	0.0699	0.0562	0.0843	0.0538	0.085	0.0852	0.0402	0.1226	0.1002	0.0277	0.208	0.1311
261	0.0555	0.3773	0.0702	0.0563	0.0845	0.0535	0.0844	0.0849	0.0404	0.1234	0.1005	0.0278	0.209	0.1314
262	0.0554	0.3713	0.071	0.0568	0.085	0.0537	0.0846	0.0851	0.0402	0.1222	0.1001	0.0279	0.2095	0.1315
263	0.0554	0.3697	0.0709	0.0565	0.0852	0.0541	0.0849	0.0856	0.0401	0.1224	0.1004	0.0278	0.209	0.1316
264	0.0552	0.3693	0.0707	0.0566	0.0853	0.0541	0.0854	0.0859	0.0399	0.122	0.1004	0.0278	0.2094	0.1319
265	0.055	0.3719	0.0703	0.0566	0.0843	0.054	0.0852	0.085	0.0398	0.1217	0.0995	0.0279	0.2101	0.1314
266	0.0546	0.3706	0.0697	0.0563	0.0839	0.0537	0.0846	0.0847	0.0399	0.1217	0.0994	0.028	0.21	0.1314
267	0.0544	0.3652	0.0697	0.0562	0.0838	0.0538	0.085	0.0847	0.0397	0.1213	0.0991	0.0279	0.2099	0.1312
268	0.0535	0.3652	0.0699	0.0562	0.0837	0.0535	0.0848	0.0844	0.04	0.1222	0.0993	0.0279	0.2099	0.1309
269	0.0538	0.3745	0.0699	0.0559	0.0837	0.0538	0.0852	0.0847	0.0399	0.1224	0.0994	0.0279	0.2099	0.131
270	0.0538	0.37	0.0697	0.0556	0.0838	0.0534	0.0845	0.0845	0.0397	0.1222	0.0993	0.0277	0.2093	0.1308
271	0.053	0.3705	0.0696	0.0558	0.0837	0.0536	0.0851	0.0845	0.0397	0.1218	0.0991	0.0278	0.2094	0.1307
272	0.0534	0.3737	0.0694	0.0557	0.0837	0.0536	0.085	0.0847	0.0399	0.1221	0.0994	0.0278	0.2091	0.1309
273	0.0536	0.3671	0.0696	0.0555	0.0841	0.0535	0.0848	0.0849	0.04	0.1221	0.0998	0.0278	0.2092	0.1313
274	0.0525	0.3665	0.0701	0.0566	0.0849	0.0539	0.0852	0.0855	0.04	0.1222	0.1002	0.0279	0.2102	0.1319
275	0.0531	0.3699	0.0702	0.0564	0.085	0.0539	0.0852	0.0855	0.0402	0.1221	0.1003	0.0279	0.2095	0.1317
276	0.0521	0.3599	0.0705	0.0564	0.0855	0.0541	0.0855	0.086	0.0403	0.123	0.1008	0.0278	0.2096	0.1321
277	0.0525	0.3682	0.0704	0.0561	0.0854	0.0545	0.0864	0.0864	0.0405	0.1238	0.1013	0.0279	0.2103	0.1324
278	0.052	0.3715	0.0702	0.0561	0.085	0.0541	0.0857	0.086	0.0405	0.1235	0.1011	0.0279	0.2103	0.1323
279	0.0517	0.3755	0.0697	0.0557	0.0844	0.054	0.0853	0.0856	0.0403	0.1235	0.1007	0.0279	0.2103	0.1321
280	0.051	0.3686	0.07	0.0562	0.0844	0.0542	0.0858	0.0857	0.0406	0.1248	0.101	0.028	0.2103	0.132
281	0.0517	0.371	0.0702	0.0566	0.0848	0.0539	0.0858	0.0856	0.0404	0.1241	0.1008	0.028	0.2107	0.1322
282	0.0515	0.3721	0.0704	0.0564	0.0848	0.0542	0.0863	0.086	0.0406	0.1247	0.1012	0.0281	0.2118	0.1327
283	0.0512	0.3595	0.0709	0.0572	0.0857	0.0548	0.087	0.0868	0.0408	0.1252	0.102	0.0281	0.2118	0.1333
284	0.0507	0.3692	0.0712	0.0571	0.0858	0.0546	0.0866	0.0866	0.0409	0.1258	0.1021	0.0282	0.2124	0.1334
285	0.051	0.3683	0.0715	0.0572	0.0862	0.0544	0.086	0.0864	0.0408	0.1248	0.1018	0.0281	0.2114	0.1331
286	0.0506	0.3692	0.0715	0.0567	0.0864	0.0546	0.0864	0.0867	0.0409	0.1252	0.1021	0.028	0.2107	0.133
287	0.0506	0.3738	0.0716	0.0569	0.0866	0.0547	0.0863	0.087	0.0407	0.1244	0.102	0.028	0.2107	0.1332
288	0.0505	0.3656	0.0703	0.0559	0.0855	0.0542	0.0857	0.0863	0.0407	0.1246	0.1017	0.0279	0.2095	0.1325
289	0.0499	0.3677	0.0701	0.0557	0.0849	0.0539	0.0852	0.0856	0.0404	0.124	0.101	0.0279	0.2087	0.1317
290	0.0499	0.3694	0.0695	0.0558	0.0845	0.0536	0.0848	0.0852	0.0402	0.123	0.1004	0.028	0.2095	0.1318
291	0.05	0.3617	0.069	0.0547	0.084	0.0535	0.0847	0.0852	0.0402	0.1232	0.1005	0.0278	0.209	0.1316
292	0.0495	0.3731	0.0697	0.0555	0.0845	0.0538	0.0849	0.0854	0.0402	0.1231	0.1005	0.0279	0.2095	0.1318
293	0.0502	0.3709	0.0696	0.0558	0.0843	0.0532	0.084	0.0847	0.0402	0.1234	0.1004	0.028	0.2109	0.132
294	0.0499	0.3701	0.0691	0.0554	0.0835	0.0531	0.0839	0.0843	0.0401	0.1233	0.0999	0.028	0.2107	0.1315
295	0.0495	0.3681	0.0696	0.0559	0.0839	0.0532	0.0836	0.0842	0.04	0.1225	0.0997	0.0279	0.2099	0.1313
296	0.0489	0.3729	0.0694	0.0555	0.0835	0.0531	0.0835	0.0839	0.0399	0.1225	0.0993	0.0279	0.2094	0.1308
297	0.0492	0.3638	0.0694	0.0558	0.0835	0.0534	0.0842	0.0843	0.04	0.123	0.0996	0.0278	0.2094	0.1309
298	0.0485	0.3644	0.07	0.0557	0.0837	0.0536	0.0841	0.0843	0.0404	0.1242	0.1001	0.0278	0.2096	0.1309
299	0.0484	0.3677	0.0706	0.0562	0.0842	0.0537	0.0841	0.0844	0.0403	0.124	0.1001	0.0279	0.2107	0.1314
300	0.0488	0.3714	0.0703	0.0562	0.0843	0.054	0.0848	0.0849	0.0405	0.1244	0.1005	0.0279	0.2105	0.1316
301	0.0481	0.3678	0.071	0.0565	0.0851	0.0541	0.0852	0.0854	0.0405	0.124	0.1007	0.028	0.2108	0.1321
302	0.0476	0.3656	0.0707	0.0563	0.0852	0.054	0.0852	0.0857	0.0405	0.1243	0.1012	0.0279	0.211	0.1324
303	0.048	0.3701	0.0703	0.0563	0.0846	0.0544	0.0857	0.0857	0.0406	0.1246	0.101	0.028	0.2113	0.1323
304	0.0479	0.371	0.0711	0.0567	0.0851	0.0544	0.0854	0.0857	0.0407	0.1252	0.1013	0.028	0.2107	0.1323
305	0.0483	0.3673	0.0715	0.0571	0.086	0.0548	0.0863	0.0865	0.0408	0.1254	0.1019	0.0281	0.2118	0.1332
306	0.048	0.3652	0.0715	0.0569	0.0857	0.0551	0.0866	0.0866	0.0409	0.1255	0.1019	0.0282	0.2133	0.1335
307	0.0475	0.3707	0.0718	0.0576	0.0861	0.0548	0.0864	0.0865	0.0408	0.1254	0.1019	0.0282	0.2128	0.1334
308	0.0471	0.3646	0.072	0.0577	0.0863	0.0546	0.0864	0.0865	0.0411	0.1267	0.1024	0.0281	0.2127	0.1335
309	0.0473	0.3701	0.0721	0.0581	0.0863	0.0548	0.0871	0.0867	0.0413	0.1273	0.1026	0.0281	0.2123	0.1333
310	0.0478	0.3693	0.072	0.0576	0.0864	0.0552	0.0872	0.0871	0.0411	0.1265	0.1025	0.0282	0.2129	0.1337
311	0.0472	0.3706	0.0717	0.0574	0.0859	0.0549	0.0871	0.0867	0.0408	0.1256	0.1019	0.0282	0.2128	0.1335
312	0.0466	0.3709	0.0724	0.058	0.0864	0.0549	0.0872	0.0867	0.041	0.1265	0.1022	0.0282	0.2122	0.1333
313	0.0472	0.3664	0.0718	0.0572	0.086	0.0549	0.0871	0.0867	0.0408	0.1261	0.1019	0.0283	0.2122	0.1333
314	0.0462	0.371	0.0719	0.0577	0.0862	0.0547	0.0869	0.0866	0.0408	0.1259	0.1019	0.0282	0.2128	0.1334
315	0.0468	0.3738	0.0717	0.0576	0.0863	0.0543	0.0866	0.0864	0.0408	0.126	0.102	0.0283	0.213	0.1335
316	0.0459	0.3663	0.0719	0.0573	0.0859	0.0543	0.0863	0.086	0.0406	0.1251	0.1013	0.0282	0.2124	0.133
317	0.0465	0.3753	0.0715	0.0568	0.0853	0.0543	0.086	0.0857	0.0406	0.1248	0.101	0.0283	0.2133	0.133
318	0.046	0.371	0.0719	0.057	0.0854	0.0543	0.0858	0.0856	0.0407	0.1256	0.1012	0.0284	0.214	0.1332
319	0.046	0.368	0.0715	0.057	0.0854	0.0541	0.0857	0.0856	0.0408	0.1259	0.1014	0.0284	0.2145	0.1334
320	0.0454	0.3697	0.0712	0.0571	0.0853	0.0544	0.0864	0.086	0.0407	0.1253	0.1013	0.0284	0.2141	0.1334
321	0.0461	0.3747	0.071	0.0573	0.0855	0.0543	0.0861	0.086	0.0408	0.1255	0.1015	0.0282	0.2131	0.1331
322	0.0456	0.3695	0.0716	0.058	0.0859	0.0538	0.0852	0.0855	0.0406	0.125	0.1012	0.0281	0.2124	0.1328
323	0.0455	0.3659	0.0711	0.0576	0.0852	0.054	0.0857	0.0854	0.0404	0.1246	0.1007	0.028	0.2117	0.1322
324	0.0454	0.3657	0.0709	0.0573	0.0854	0.0541	0.0863	0.0859	0.0404	0.1243	0.1009	0.028	0.2122	0.1326
325	0.0448	0.3704	0.0717	0.0581	0.086	0.0544	0.0863	0.0862	0.0405	0.1248	0.1013	0.028	0.2116	0.1326
326	0.0451	0.3682	0.0715	0.0575	0.0861	0.054	0.0853	0.086	0.0405	0.1246	0.1015	0.028	0.2111	0.1328
327	0.045	0.3635	0.0712	0.0569	0.0857	0.054	0.0853	0.0858	0.0405	0.1244	0.1012	0.028	0.2114	0.1326
328	0.0448	0.3625	0.0708	0.0569	0.0854	0.0541	0.0855	0.0859	0.0405	0.1235	0.101	0.028	0.2118	0.1327
329	0.0448	0.3663	0.0716	0.0572	0.0861	0.0539	0.0851	0.0859	0.0406	0.1242	0.1014	0.0279	0.2106	0.1325
330	0.0446	0.3707	0.0708	0.0566	0.0855	0.0536	0.085	0.0856	0.0406	0.124	0.1013	0.0279	0.2106	0.1325
331	0.0446	0.3687	0.0711	0.0571	0.0857	0.0541	0.0854	0.086	0.0406	0.124	0.1013	0.028	0.211	0.1327
332	0.0445	0.3668	0.0712	0.0566	0.0857	0.0543	0.0855	0.0861	0.0404	0.1239	0.1012	0.0279	0.2103	0.1325
333	0.0445	0.3688	0.0718	0.0574	0.0861	0.0543	0.0858	0.0861	0.0405	0.1243	0.1013	0.0279	0.2098	0.1323
334	0.0442	0.3642	0.0719	0.0577	0.0866	0.0546	0.0861	0.0867	0.0408	0.1256	0.1022	0.0279	0.2103	0.1329
335	0.0443	0.3701	0.0721	0.0577	0.086	0.0544	0.0856	0.086	0.0405	0.1245	0.1013	0.0279	0.2105	0.1325
336	0.0443	0.372	0.0718	0.0577	0.0859	0.0545	0.086	0.086	0.0408	0.1254	0.1016	0.0279	0.2105	0.1324
337	0.0444	0.3731	0.071	0.057	0.0849	0.0547	0.0864	0.0859	0.0407	0.1248	0.101	0.0279	0.2098	0.1318
338	0.0439	0.3664	0.0714	0.0572	0.0855	0.0548	0.0872	0.0865	0.0409	0.1253	0.1017	0.028	0.2105	0.1325
339	0.0441	0.3654	0.0724	0.0578	0.0862	0.055	0.0871	0.0866	0.041	0.1256	0.1019	0.0281	0.2111	0.1328
340	0.0436	0.3654	0.0724	0.0577	0.0864	0.0549	0.0867	0.0866	0.0409	0.1254	0.1019	0.0281	0.2117	0.1331
341	0.0434	0.3677	0.0725	0.0579	0.0864	0.0553	0.0871	0.0869	0.041	0.126	0.1021	0.0281	0.2119	0.1332
342	0.0445	0.3691	0.072	0.0574	0.0862	0.0552	0.087	0.0869	0.0411	0.1265	0.1024	0.0281	0.2114	0.1333
343	0.0433	0.3648	0.072	0.0575	0.0863	0.0549	0.087	0.0869	0.0412	0.1269	0.1026	0.0281	0.2111	0.1333
344	0.0435	0.3709	0.072	0.0577	0.0861	0.055	0.0872	0.0868	0.0411	0.1264	0.1024	0.0282	0.2116	0.1333
345	0.0435	0.3652	0.0713	0.0572	0.0858	0.0551	0.0874	0.0871	0.0414	0.127	0.1028	0.0281	0.2114	0.1335
346	0.0429	0.3612	0.0715	0.0573	0.0859	0.0553	0.0878	0.0873	0.0411	0.1264	0.1025	0.0282	0.2119	0.1336
347	0.0434	0.3703	0.0716	0.0572	0.0858	0.055	0.0873	0.0868	0.0412	0.1271	0.1025	0.0282	0.212	0.1334
348	0.0437	0.3699	0.0713	0.0573	0.0854	0.0549	0.0871	0.0865	0.0412	0.1274	0.1024	0.0282	0.2125	0.1333
349	0.0424	0.3674	0.0712	0.0573	0.0853	0.0549	0.087	0.0865	0.041	0.127	0.1022	0.0282	0.2132	0.1334
350	0.0427	0.3654	0.0712	0.0573	0.085	0.0544	0.0862	0.0857	0.0411	0.127	0.1018	0.0281	0.2126	0.1328
351	0.0432	0.3622	0.0708	0.0565	0.0844	0.0548	0.0868	0.0859	0.041	0.1271	0.1017	0.0281	0.2124	0.1326
352	0.043	0.3666	0.0717	0.0573	0.0857	0.0552	0.0876	0.0868	0.0413	0.1275	0.1025	0.0282	0.2127	0.1334
353	0.0426	0.3669	0.0724	0.0578	0.0864	0.0552	0.0874	0.087	0.0415	0.1281	0.103	0.0283	0.2138	0.134
354	0.0428	0.3693	0.0725	0.0582	0.0868	0.0553	0.087	0.0872	0.0416	0.128	0.1033	0.0284	0.2135	0.1343
355	0.042	0.3712	0.0728	0.0583	0.0872	0.0554	0.087	0.0874	0.0415	0.1281	0.1035	0.0283	0.2128	0.1344
356	0.0427	0.3722	0.0729	0.0584	0.0877	0.0556	0.0874	0.088	0.0414	0.1277	0.1038	0.0284	0.214	0.1351
357	0.0422	0.3691	0.0727	0.0583	0.0877	0.0555	0.0877	0.0881	0.0414	0.1271	0.1036	0.0284	0.2138	0.135
358	0.0424	0.3679	0.0726	0.0584	0.0872	0.0553	0.0874	0.0875	0.0413	0.127	0.1031	0.0283	0.2132	0.1344
359	0.042	0.3743	0.0719	0.0576	0.0862	0.0553	0.0874	0.0871	0.0412	0.1271	0.1027	0.0283	0.2135	0.134
360	0.0421	0.3754	0.0723	0.0579	0.0868	0.0556	0.0874	0.0874	0.0411	0.127	0.1028	0.0283	0.2134	0.1343
361	0.042	0.3691	0.072	0.0576	0.0864	0.0556	0.0875	0.0873	0.0413	0.1278	0.1029	0.0284	0.214	0.1343
362	0.0417	0.378	0.0725	0.0581	0.0872	0.055	0.0867	0.0872	0.0414	0.1274	0.1032	0.0284	0.2143	0.1347
363	0.0419	0.367	0.0719	0.0577	0.0865	0.0552	0.0871	0.0871	0.0414	0.1276	0.1031	0.0284	0.2141	0.1344
364	0.0421	0.3715	0.0728	0.0585	0.0872	0.0551	0.0866	0.0871	0.0414	0.1278	0.1033	0.0284	0.2139	0.1346
365	0.0419	0.3666	0.0722	0.0578	0.0869	0.0551	0.0869	0.0874	0.0413	0.1274	0.1033	0.0284	0.2143	0.1348
366	0.041	0.366	0.0719	0.0577	0.0861	0.0552	0.0874	0.087	0.0411	0.1266	0.1024	0.0283	0.2139	0.134
367	0.0413	0.3655	0.0719	0.0573	0.086	0.055	0.0872	0.0867	0.0411	0.1263	0.1022	0.0282	0.2126	0.1333
368	0.0412	0.3697	0.0729	0.0581	0.0866	0.0551	0.087	0.0867	0.0409	0.126	0.102	0.0282	0.2128	0.1334
369	0.0417	0.369	0.0727	0.0576	0.0867	0.0551	0.087	0.087	0.041	0.1265	0.1025	0.0282	0.213	0.1338
370	0.0408	0.3657	0.0734	0.0584	0.0873	0.0555	0.0878	0.0875	0.0413	0.1274	0.1031	0.0282	0.213	0.1341
371	0.041	0.3696	0.0734	0.0584	0.0873	0.0555	0.0871	0.0873	0.0412	0.1274	0.103	0.0283	0.2135	0.1342
372	0.0415	0.3666	0.0726	0.0577	0.087	0.0556	0.0874	0.0876	0.0413	0.1279	0.1033	0.0283	0.2138	0.1345
373	0.0416	0.3658	0.0725	0.0576	0.0869	0.0555	0.0873	0.0875	0.0414	0.1281	0.1033	0.0282	0.2129	0.1341
374	0.0414	0.3681	0.0724	0.0579	0.0867	0.0556	0.088	0.0875	0.0415	0.1285	0.1033	0.0282	0.2127	0.134
375	0.0407	0.3713	0.0726	0.058	0.0868	0.0557	0.0877	0.0876	0.0416	0.1284	0.1036	0.0283	0.2142	0.1345
376	0.0404	0.3697	0.0733	0.0587	0.0875	0.0561	0.088	0.0879	0.0416	0.1281	0.1036	0.0283	0.2138	0.1347
377	0.0409	0.3626	0.0731	0.0587	0.0875	0.0557	0.0876	0.0877	0.0412	0.1272	0.1032	0.0284	0.2146	0.1348
378	0.041	0.3727	0.0733	0.0589	0.0877	0.0558	0.0879	0.0879	0.0412	0.127	0.1032	0.0284	0.2133	0.1346
379	0.0408	0.3688	0.0735	0.0588	0.0878	0.0556	0.0877	0.0878	0.0413	0.1276	0.1034	0.0283	0.2132	0.1346
380	0.0404	0.378	0.0737	0.059	0.0877	0.0554	0.0872	0.0874	0.0415	0.128	0.1035	0.0283	0.2126	0.1343
381	0.0405	0.3714	0.0737	0.0593	0.0879	0.0557	0.0873	0.0877	0.0415	0.1279	0.1035	0.0283	0.2125	0.1342
382	0.0403	0.3683	0.0735	0.059	0.0875	0.0555	0.0872	0.0874	0.0414	0.1275	0.1032	0.0283	0.2123	0.1341
383	0.0412	0.3699	0.0736	0.0588	0.0877	0.0558	0.0877	0.0878	0.0414	0.1276	0.1034	0.0284	0.2136	0.1347
384	0.0401	0.3721	0.0735	0.0588	0.0877	0.0558	0.0874	0.0879	0.0414	0.1279	0.1036	0.0285	0.2151	0.1352
385	0.0403	0.3673	0.0733	0.0586	0.0875	0.0558	0.0873	0.0878	0.0414	0.1285	0.1037	0.0284	0.2134	0.1347
386	0.0405	0.3699	0.0726	0.0577	0.0866	0.0557	0.0876	0.0875	0.0413	0.1283	0.1033	0.0284	0.2134	0.1343
387	0.0398	0.3605	0.072	0.058	0.0862	0.0556	0.0874	0.0872	0.0414	0.1284	0.1032	0.0284	0.2138	0.1343
388	0.0402	0.369	0.0722	0.0582	0.0866	0.0557	0.0875	0.0874	0.0415	0.1289	0.1036	0.0284	0.2143	0.1346
389	0.0396	0.36	0.0722	0.0583	0.0866	0.0555	0.0874	0.0873	0.0415	0.1287	0.1035	0.0283	0.2127	0.1341
390	0.0402	0.3648	0.0722	0.0582	0.0863	0.0554	0.0872	0.087	0.0413	0.1278	0.1029	0.0283	0.2126	0.1338
391	0.0401	0.3655	0.0718	0.0579	0.0861	0.0552	0.0868	0.0868	0.0412	0.1267	0.1026	0.0282	0.2124	0.1337
392	0.0397	0.3681	0.0715	0.0576	0.0855	0.0554	0.0867	0.0867	0.0412	0.1268	0.1024	0.0281	0.211	0.133
393	0.0401	0.3647	0.0717	0.0576	0.0858	0.0554	0.087	0.0868	0.0412	0.1269	0.1024	0.0281	0.2109	0.133
394	0.0397	0.3635	0.0709	0.0566	0.0849	0.0552	0.087	0.0864	0.0411	0.1265	0.102	0.0282	0.2114	0.1329
395	0.0395	0.3693	0.0702	0.0567	0.0844	0.0548	0.0866	0.0861	0.0411	0.1262	0.1018	0.0281	0.2113	0.1326
396	0.0402	0.3668	0.0699	0.0563	0.0838	0.0549	0.0861	0.0858	0.0412	0.1268	0.1018	0.0281	0.2112	0.1324
397	0.0396	0.3669	0.0701	0.056	0.0839	0.0551	0.0868	0.0861	0.0412	0.1271	0.102	0.0282	0.213	0.133
398	0.0398	0.3636	0.0705	0.0562	0.0845	0.0552	0.0866	0.0864	0.0411	0.1264	0.1019	0.0283	0.2141	0.1336
399	0.0393	0.3664	0.0713	0.0568	0.0852	0.0553	0.0868	0.0865	0.0411	0.1266	0.1021	0.0283	0.214	0.1337
400	0.0393	0.3641	0.072	0.0576	0.0858	0.0553	0.0872	0.0868	0.041	0.1264	0.1022	0.0284	0.2145	0.134
401	0.0396	0.3666	0.0714	0.0573	0.0854	0.0556	0.0876	0.087	0.0411	0.1266	0.1023	0.0284	0.2143	0.1341
402	0.0386	0.363	0.0721	0.0579	0.0859	0.056	0.0881	0.0873	0.0414	0.1277	0.1028	0.0285	0.2148	0.1343
403	0.0395	0.3671	0.0717	0.0578	0.0856	0.0555	0.087	0.0868	0.0414	0.1275	0.1026	0.0284	0.2144	0.1341
404	0.0387	0.3729	0.0723	0.0579	0.0866	0.056	0.0881	0.0878	0.0415	0.1283	0.1034	0.0284	0.2147	0.1347
405	0.0392	0.3651	0.0731	0.0586	0.0874	0.0562	0.0883	0.0881	0.0416	0.1284	0.1037	0.0285	0.215	0.1351
406	0.0393	0.3656	0.0729	0.0584	0.0871	0.0561	0.0881	0.088	0.0415	0.1279	0.1035	0.0285	0.2148	0.135
407	0.039	0.3703	0.0735	0.0589	0.0879	0.0561	0.0883	0.0883	0.0416	0.1283	0.1039	0.0285	0.2145	0.1352
408	0.0391	0.3704	0.0733	0.0587	0.0874	0.056	0.0882	0.088	0.0417	0.1284	0.1038	0.0284	0.2141	0.1348
409	0.0389	0.3666	0.0739	0.0589	0.088	0.0565	0.0888	0.0886	0.0418	0.1288	0.1042	0.0284	0.2138	0.135
410	0.0386	0.3663	0.0732	0.0587	0.0876	0.0564	0.0889	0.0886	0.0419	0.1291	0.1043	0.0284	0.2141	0.1352
411	0.0393	0.3649	0.0734	0.0589	0.0878	0.0565	0.0892	0.0888	0.0419	0.1293	0.1045	0.0284	0.2144	0.1353
412	0.0388	0.368	0.0733	0.0582	0.0875	0.0567	0.09	0.089	0.042	0.1293	0.1045	0.0284	0.2145	0.1353
413	0.0386	0.3692	0.0734	0.0587	0.0875	0.0565	0.0899	0.0889	0.0418	0.1289	0.1042	0.0284	0.214	0.1351
414	0.0386	0.3729	0.0735	0.0585	0.0878	0.0564	0.0892	0.0887	0.0417	0.1288	0.1042	0.0282	0.2131	0.1348
415	0.0394	0.371	0.0735	0.0585	0.0879	0.0561	0.0887	0.0886	0.0418	0.1291	0.1043	0.0283	0.2144	0.1352
416	0.0387	0.3696	0.0738	0.0592	0.0879	0.0561	0.0886	0.0882	0.0416	0.1287	0.1039	0.0284	0.214	0.1349
417	0.0384	0.3664	0.0734	0.059	0.0875	0.0562	0.0881	0.088	0.0415	0.1279	0.1034	0.0283	0.2139	0.1345
418	0.0387	0.3732	0.0742	0.0595	0.0883	0.0562	0.0883	0.0882	0.0418	0.1287	0.104	0.0286	0.2162	0.1355
419	0.0384	0.3659	0.074	0.0592	0.0881	0.0562	0.0886	0.0883	0.0418	0.1289	0.1041	0.0286	0.2158	0.1355
420	0.0383	0.3646	0.0735	0.0587	0.0879	0.0563	0.0886	0.0885	0.042	0.1296	0.1045	0.0286	0.2162	0.1357
421	0.0385	0.3676	0.0729	0.0583	0.0872	0.0561	0.0888	0.0882	0.0418	0.1286	0.1039	0.0285	0.2152	0.1351
422	0.0384	0.3685	0.0729	0.0585	0.0872	0.0557	0.0887	0.0879	0.0415	0.1274	0.1033	0.0285	0.2153	0.135
423	0.0382	0.3655	0.072	0.0574	0.0865	0.0552	0.0878	0.0874	0.0415	0.1278	0.1033	0.0286	0.2153	0.1349
424	0.0383	0.3711	0.072	0.0577	0.0862	0.0549	0.0868	0.0867	0.0413	0.1271	0.1026	0.0286	0.2157	0.1347
425	0.038	0.3634	0.0726	0.0578	0.0865	0.055	0.087	0.0868	0.0413	0.1272	0.1027	0.0285	0.2146	0.1344
426	0.0377	0.36	0.0731	0.0584	0.0869	0.0552	0.0873	0.0871	0.0414	0.127	0.1028	0.0285	0.2142	0.1345
427	0.0376	0.3676	0.0734	0.0589	0.0871	0.0553	0.087	0.0869	0.0412	0.1271	0.1026	0.0287	0.2149	0.1347
428	0.0387	0.3618	0.0731	0.0588	0.0867	0.055	0.0873	0.0866	0.0411	0.1266	0.1021	0.0288	0.2156	0.1346
429	0.0377	0.3664	0.0736	0.0588	0.0866	0.0549	0.0871	0.0862	0.0411	0.1266	0.1018	0.0287	0.2147	0.134
430	0.0382	0.3669	0.0731	0.0583	0.0861	0.0553	0.0873	0.0864	0.0412	0.1269	0.1019	0.0286	0.2145	0.1339
431	0.0381	0.3652	0.0729	0.0581	0.086	0.0552	0.0872	0.0865	0.0414	0.1278	0.1024	0.0287	0.2152	0.1343
432	0.0383	0.3702	0.0731	0.0585	0.0864	0.0555	0.0874	0.0868	0.0414	0.128	0.1026	0.0287	0.2157	0.1346
433	0.0375	0.3613	0.0731	0.0587	0.0866	0.0556	0.0878	0.0871	0.0414	0.1278	0.1027	0.0286	0.2156	0.1347
434	0.038	0.371	0.0731	0.0587	0.0864	0.0554	0.0875	0.0867	0.0414	0.1278	0.1025	0.0285	0.2147	0.1342
435	0.038	0.3652	0.0731	0.059	0.0863	0.0553	0.0878	0.0866	0.0412	0.1276	0.1022	0.0285	0.2144	0.1339
436	0.0383	0.3718	0.0733	0.0586	0.0864	0.0552	0.0873	0.0865	0.0411	0.1269	0.1021	0.0286	0.2153	0.1343
437	0.0377	0.3768	0.0736	0.0589	0.0868	0.0557	0.0883	0.0873	0.0412	0.1272	0.1025	0.0285	0.2148	0.1344
438	0.0376	0.3715	0.0739	0.059	0.0876	0.0558	0.0882	0.0878	0.0412	0.1271	0.103	0.0285	0.2147	0.1349
439	0.0384	0.3616	0.074	0.0593	0.0879	0.0558	0.0884	0.088	0.0414	0.128	0.1034	0.0285	0.2147	0.1351
440	0.0375	0.3735	0.0743	0.0594	0.088	0.0558	0.0886	0.088	0.0415	0.1282	0.1036	0.0285	0.2145	0.135
441	0.0374	0.3691	0.0746	0.0597	0.088	0.0557	0.0883	0.0878	0.0415	0.1282	0.1034	0.0285	0.214	0.1347
442	0.0376	0.3705	0.0738	0.0594	0.0875	0.0558	0.0884	0.0877	0.0415	0.1278	0.1032	0.0284	0.2143	0.1346
443	0.0376	0.3666	0.074	0.0595	0.0878	0.056	0.0884	0.088	0.0415	0.1283	0.1035	0.0285	0.2154	0.1351
444	0.0374	0.3737	0.0745	0.0595	0.0888	0.056	0.0889	0.0887	0.0415	0.1282	0.104	0.0285	0.2154	0.1356
445	0.0374	0.3697	0.0745	0.0597	0.0887	0.056	0.0882	0.0885	0.0416	0.1285	0.1042	0.0285	0.2149	0.1356
446	0.0373	0.3644	0.0749	0.0599	0.0891	0.0559	0.0881	0.0885	0.0416	0.1287	0.1043	0.0285	0.216	0.136
447	0.0373	0.3706	0.0744	0.0598	0.0884	0.0559	0.0883	0.0883	0.0417	0.1286	0.104	0.0286	0.2162	0.1357
448	0.0372	0.3626	0.0739	0.059	0.0879	0.0558	0.0881	0.0881	0.0417	0.128	0.1037	0.0286	0.2154	0.1354
449	0.0375	0.3712	0.0733	0.0583	0.0874	0.0557	0.0878	0.0878	0.0416	0.1277	0.1035	0.0286	0.2159	0.1354
450	0.0374	0.3667	0.0733	0.0585	0.0873	0.0562	0.0884	0.0882	0.0416	0.1277	0.1035	0.0285	0.2155	0.1353
451	0.0383	0.3663	0.0735	0.0584	0.0872	0.0563	0.0888	0.0882	0.0414	0.128	0.1034	0.0285	0.2155	0.1352
452	0.0377	0.3637	0.0739	0.0587	0.0879	0.0567	0.0895	0.0889	0.0417	0.1286	0.104	0.0285	0.2156	0.1355
453	0.0376	0.3704	0.074	0.0588	0.0879	0.0562	0.089	0.0886	0.0415	0.1284	0.1039	0.0286	0.2166	0.1359
454	0.0374	0.3705	0.0739	0.059	0.0879	0.0564	0.0892	0.0887	0.0417	0.1289	0.1041	0.0286	0.2165	0.1359
455	0.0371	0.3593	0.0742	0.0595	0.0885	0.0565	0.0893	0.0891	0.0419	0.1296	0.1047	0.0287	0.217	0.1364
456	0.0368	0.3611	0.0746	0.0601	0.0888	0.0567	0.0897	0.0893	0.0419	0.1294	0.1048	0.0287	0.2166	0.1364
457	0.0376	0.3636	0.0749	0.0602	0.0892	0.0567	0.09	0.0895	0.0419	0.1291	0.1048	0.0286	0.2157	0.1362
458	0.037	0.3753	0.0741	0.0595	0.0884	0.0567	0.09	0.0893	0.0419	0.1286	0.1045	0.0287	0.2167	0.1363
459	0.037	0.3719	0.0738	0.0591	0.0877	0.0567	0.09	0.0888	0.0418	0.1283	0.1039	0.0286	0.2153	0.1354
460	0.0371	0.3612	0.0733	0.0588	0.087	0.0564	0.0895	0.0881	0.0418	0.1283	0.1035	0.0286	0.2154	0.135
461	0.0371	0.3722	0.0732	0.0585	0.0871	0.0567	0.0898	0.0886	0.0417	0.128	0.1036	0.0286	0.2156	0.1354
462	0.0377	0.3637	0.0733	0.0586	0.0871	0.0567	0.0895	0.0884	0.0418	0.1285	0.1037	0.0286	0.2153	0.1352
463	0.0367	0.3688	0.0735	0.0585	0.0874	0.0569	0.0899	0.0888	0.0417	0.1287	0.1038	0.0285	0.2149	0.1353
464	0.037	0.3788	0.0731	0.0582	0.0872	0.0569	0.0903	0.089	0.0418	0.1293	0.1041	0.0285	0.2149	0.1354
465	0.0365	0.3661	0.0733	0.0584	0.0874	0.0564	0.0891	0.0884	0.0418	0.129	0.104	0.0285	0.215	0.1353
466	0.0375	0.3736	0.0732	0.0581	0.0868	0.0563	0.0892	0.0881	0.0418	0.1292	0.1038	0.0285	0.2151	0.135
467	0.0366	0.3698	0.073	0.0578	0.0866	0.0565	0.0891	0.088	0.0417	0.129	0.1035	0.0285	0.2155	0.135
468	0.0368	0.3674	0.0732	0.0579	0.0866	0.0565	0.089	0.0879	0.0418	0.1292	0.1036	0.0285	0.2146	0.1347
469	0.0371	0.3685	0.0724	0.0573	0.086	0.0566	0.0894	0.0879	0.0417	0.1293	0.1034	0.0285	0.2146	0.1345
470	0.0365	0.3679	0.0725	0.0574	0.0859	0.0565	0.0894	0.0878	0.0416	0.1289	0.1031	0.0286	0.2149	0.1345
471	0.0367	0.368	0.073	0.0576	0.0866	0.0566	0.0896	0.0882	0.0416	0.1291	0.1036	0.0285	0.2147	0.1349
472	0.0371	0.3657	0.0732	0.0583	0.0866	0.0564	0.0894	0.0879	0.0415	0.1282	0.1031	0.0286	0.2153	0.1349
473	0.0366	0.3637	0.073	0.0583	0.0866	0.0566	0.0895	0.088	0.0414	0.1279	0.103	0.0287	0.2156	0.1349
474	0.0364	0.3688	0.0726	0.0577	0.0861	0.0565	0.0888	0.0876	0.0414	0.128	0.1027	0.0285	0.2151	0.1344
475	0.0366	0.3754	0.0728	0.0579	0.0863	0.0564	0.0887	0.0875	0.0414	0.1279	0.1026	0.0285	0.2155	0.1344
476	0.0364	0.3677	0.073	0.0582	0.0861	0.0559	0.088	0.0869	0.0415	0.1281	0.1025	0.0286	0.2161	0.1344
477	0.0364	0.3746	0.0726	0.058	0.0856	0.0555	0.087	0.0862	0.0414	0.128	0.1022	0.0286	0.216	0.134
478	0.0361	0.3692	0.0722	0.0574	0.0851	0.0559	0.0874	0.0864	0.0413	0.1282	0.102	0.0287	0.2164	0.1341
479	0.0369	0.362	0.0725	0.0574	0.0853	0.0556	0.0872	0.0861	0.0413	0.1279	0.1019	0.0286	0.2163	0.1338
480	0.0362	0.3703	0.0724	0.0577	0.0853	0.0555	0.0875	0.086	0.0415	0.1283	0.1019	0.0285	0.2157	0.1335
481	0.0366	0.368	0.072	0.0572	0.085	0.0556	0.0872	0.086	0.0413	0.1279	0.1017	0.0284	0.2147	0.1332
482	0.0362	0.3687	0.0717	0.0572	0.0851	0.0558	0.0877	0.0865	0.0411	0.1269	0.1016	0.0284	0.2146	0.1334
483	0.0361	0.3649	0.0722	0.0575	0.0859	0.0557	0.0876	0.0868	0.0415	0.1276	0.1024	0.0284	0.2146	0.1338
484	0.0364	0.3682	0.0727	0.0578	0.086	0.0558	0.0876	0.0867	0.0415	0.128	0.1024	0.0286	0.2158	0.1342
485	0.0366	0.3661	0.0727	0.0577	0.0855	0.0559	0.0882	0.0866	0.0414	0.1277	0.102	0.0286	0.2163	0.134
486	0.0356	0.3681	0.0728	0.058	0.0859	0.0558	0.0881	0.0868	0.0413	0.1273	0.1021	0.0286	0.2154	0.1341
487	0.0366	0.3728	0.0726	0.0578	0.0857	0.0558	0.0883	0.0867	0.0413	0.1273	0.102	0.0285	0.2153	0.1339
488	0.0362	0.3697	0.0731	0.0581	0.0864	0.0559	0.0885	0.0872	0.0413	0.1277	0.1025	0.0285	0.2151	0.1342
489	0.0365	0.3744	0.0734	0.0585	0.0864	0.0557	0.0878	0.0868	0.0413	0.1276	0.1023	0.0284	0.2149	0.1339
490	0.0362	0.372	0.0734	0.0584	0.0865	0.0558	0.0887	0.0872	0.0415	0.1278	0.1026	0.0285	0.2153	0.1341
491	0.0362	0.3712	0.0738	0.0585	0.087	0.0559	0.0884	0.0873	0.0415	0.1283	0.1029	0.0284	0.2156	0.1344
492	0.0359	0.3665	0.0737	0.0586	0.0868	0.056	0.0886	0.0873	0.0417	0.1286	0.103	0.0284	0.2151	0.1342
493	0.0367	0.3701	0.0742	0.0591	0.0877	0.0565	0.0895	0.0883	0.0419	0.1296	0.104	0.0286	0.2159	0.1352
494	0.0361	0.3747	0.0744	0.0592	0.088	0.0565	0.0896	0.0885	0.0419	0.1302	0.1043	0.0286	0.2158	0.1354
495	0.0361	0.3719	0.0746	0.0594	0.0884	0.0565	0.089	0.0886	0.0421	0.1305	0.1046	0.0285	0.216	0.1357
496	0.0361	0.3745	0.0745	0.0596	0.0883	0.057	0.0901	0.089	0.0422	0.1312	0.1049	0.0285	0.2159	0.1357
497	0.0365	0.3717	0.0742	0.0595	0.0882	0.057	0.0902	0.0892	0.042	0.131	0.1049	0.0285	0.2161	0.1358
498	0.036	0.3703	0.0744	0.0598	0.0881	0.0566	0.0904	0.0888	0.0421	0.1305	0.1046	0.0286	0.2164	0.1357
499	0.0362	0.3703	0.074	0.0592	0.0878	0.0568	0.0904	0.0889	0.042	0.1306	0.1046	0.0287	0.2177	0.1361
500	0.0363	0.3658	0.074	0.0592	0.0877	0.0567	0.0903	0.0888	0.0419	0.13	0.1043	0.0286	0.2172	0.1358
