{"n_layers": 0, "device": "cuda", "batch_size": 2048, "embedding_dim": 512, "learning_rate": 0.001, "dataset": "dbbook", "epochs": 150, "top_k": 20, "multimodal": false, "datasets": {"dbbook": ["images", "text"], "ml1m": ["audio", "images", "text", "video"]}}
Epoch	Loss	Recall	Precision	NDCG
1	0.6932	0.0041	0.0015	0.0025
2	0.6853	0.0071	0.0026	0.0052
3	0.6761	0.0244	0.0082	0.0200
4	0.6616	0.0540	0.0184	0.0434
5	0.6385	0.0762	0.0262	0.0600
6	0.6036	0.0884	0.0305	0.0696
7	0.5551	0.0936	0.0325	0.0742
8	0.4956	0.0975	0.0335	0.0773
9	0.4309	0.0997	0.0345	0.0798
10	0.3694	0.1024	0.0354	0.0823
11	0.3145	0.1043	0.0360	0.0843
12	0.2685	0.1054	0.0364	0.0859
13	0.2303	0.1071	0.0370	0.0874
14	0.1982	0.1089	0.0374	0.0887
15	0.1726	0.1096	0.0376	0.0893
16	0.1510	0.1108	0.0381	0.0904
17	0.1327	0.1116	0.0383	0.0910
18	0.1182	0.1133	0.0387	0.0921
19	0.1046	0.1148	0.0392	0.0932
20	0.0933	0.1163	0.0395	0.0941
21	0.0841	0.1174	0.0397	0.0946
22	0.0753	0.1181	0.0400	0.0955
23	0.0683	0.1192	0.0403	0.0962
24	0.0621	0.1206	0.0407	0.0973
25	0.0564	0.1218	0.0410	0.0982
26	0.0514	0.1225	0.0412	0.0984
27	0.0474	0.1228	0.0412	0.0985
28	0.0433	0.1230	0.0412	0.0982
29	0.0407	0.1235	0.0414	0.0986
30	0.0378	0.1234	0.0414	0.0988
31	0.0354	0.1244	0.0416	0.0994
32	0.0321	0.1246	0.0417	0.0993
33	0.0307	0.1247	0.0417	0.0994
34	0.0289	0.1258	0.0419	0.0998
35	0.0275	0.1265	0.0421	0.1003
36	0.0258	0.1273	0.0423	0.1007
37	0.0247	0.1274	0.0424	0.1008
38	0.0234	0.1271	0.0424	0.1010
39	0.0221	0.1264	0.0422	0.1010
40	0.0213	0.1276	0.0425	0.1019
41	0.0200	0.1280	0.0426	0.1025
42	0.0197	0.1287	0.0426	0.1032
43	0.0187	0.1290	0.0427	0.1033
44	0.0173	0.1296	0.0428	0.1037
45	0.0170	0.1300	0.0429	0.1038
46	0.0160	0.1304	0.0429	0.1037
47	0.0152	0.1299	0.0428	0.1036
48	0.0153	0.1304	0.0429	0.1039
49	0.0148	0.1305	0.0429	0.1039
50	0.0141	0.1301	0.0428	0.1035
51	0.0135	0.1298	0.0428	0.1035
52	0.0131	0.1305	0.0430	0.1040
53	0.0125	0.1309	0.0431	0.1043
54	0.0123	0.1308	0.0431	0.1047
55	0.0122	0.1315	0.0433	0.1052
56	0.0121	0.1313	0.0432	0.1052
57	0.0114	0.1314	0.0432	0.1052
58	0.0109	0.1312	0.0431	0.1049
59	0.0108	0.1316	0.0431	0.1051
60	0.0103	0.1318	0.0432	0.1051
61	0.0105	0.1323	0.0434	0.1054
62	0.0109	0.1327	0.0434	0.1058
63	0.0104	0.1319	0.0433	0.1053
64	0.0100	0.1321	0.0432	0.1053
65	0.0095	0.1328	0.0433	0.1057
66	0.0093	0.1328	0.0434	0.1060
67	0.0092	0.1335	0.0436	0.1066
68	0.0091	0.1334	0.0436	0.1066
69	0.0086	0.1337	0.0437	0.1070
70	0.0085	0.1339	0.0436	0.1070
71	0.0084	0.1342	0.0436	0.1071
72	0.0087	0.1341	0.0437	0.1070
73	0.0084	0.1338	0.0436	0.1066
74	0.0084	0.1332	0.0433	0.1062
75	0.0078	0.1337	0.0435	0.1063
76	0.0073	0.1331	0.0433	0.1061
77	0.0075	0.1331	0.0433	0.1059
78	0.0079	0.1327	0.0432	0.1059
79	0.0079	0.1328	0.0432	0.1059
80	0.0075	0.1329	0.0433	0.1060
81	0.0075	0.1335	0.0433	0.1062
82	0.0076	0.1339	0.0434	0.1066
83	0.0071	0.1343	0.0434	0.1066
84	0.0070	0.1340	0.0434	0.1065
85	0.0070	0.1334	0.0431	0.1062
86	0.0073	0.1338	0.0433	0.1069
87	0.0065	0.1340	0.0433	0.1069
88	0.0068	0.1336	0.0434	0.1068
89	0.0068	0.1338	0.0434	0.1070
90	0.0070	0.1339	0.0434	0.1071
91	0.0068	0.1344	0.0434	0.1072
92	0.0068	0.1337	0.0432	0.1068
93	0.0063	0.1334	0.0432	0.1069
94	0.0064	0.1337	0.0433	0.1070
95	0.0064	0.1334	0.0432	0.1069
96	0.0065	0.1334	0.0433	0.1071
97	0.0065	0.1339	0.0433	0.1072
98	0.0064	0.1336	0.0432	0.1070
99	0.0062	0.1336	0.0431	0.1069
100	0.0067	0.1332	0.0431	0.1068
101	0.0061	0.1329	0.0431	0.1067
102	0.0060	0.1331	0.0431	0.1069
103	0.0061	0.1330	0.0432	0.1071
104	0.0059	0.1336	0.0432	0.1071
105	0.0058	0.1340	0.0432	0.1070
106	0.0063	0.1338	0.0432	0.1071
107	0.0060	0.1338	0.0431	0.1071
108	0.0053	0.1339	0.0431	0.1072
109	0.0060	0.1339	0.0432	0.1074
110	0.0059	0.1339	0.0432	0.1071
111	0.0058	0.1338	0.0432	0.1069
112	0.0057	0.1341	0.0432	0.1072
113	0.0054	0.1338	0.0431	0.1071
114	0.0055	0.1338	0.0432	0.1071
115	0.0058	0.1334	0.0430	0.1067
116	0.0056	0.1325	0.0428	0.1063
117	0.0054	0.1326	0.0429	0.1064
118	0.0054	0.1329	0.0429	0.1065
119	0.0055	0.1330	0.0429	0.1065
120	0.0055	0.1326	0.0428	0.1061
121	0.0057	0.1320	0.0428	0.1058
122	0.0054	0.1321	0.0429	0.1055
123	0.0053	0.1327	0.0430	0.1060
124	0.0056	0.1326	0.0430	0.1060
125	0.0052	0.1321	0.0430	0.1058
126	0.0055	0.1323	0.0430	0.1057
127	0.0050	0.1323	0.0430	0.1056
128	0.0051	0.1328	0.0431	0.1059
129	0.0051	0.1326	0.0431	0.1060
130	0.0056	0.1327	0.0430	0.1059
131	0.0052	0.1330	0.0431	0.1061
132	0.0053	0.1332	0.0432	0.1063
133	0.0049	0.1333	0.0431	0.1062
134	0.0052	0.1336	0.0432	0.1063
135	0.0051	0.1340	0.0433	0.1065
136	0.0052	0.1339	0.0433	0.1065
137	0.0050	0.1341	0.0433	0.1068
138	0.0051	0.1345	0.0435	0.1070
139	0.0050	0.1346	0.0434	0.1068
140	0.0051	0.1341	0.0433	0.1067
141	0.0059	0.1350	0.0435	0.1073
142	0.0049	0.1359	0.0436	0.1075
143	0.0049	0.1355	0.0436	0.1073
144	0.0053	0.1353	0.0435	0.1070
145	0.0050	0.1349	0.0433	0.1067
146	0.0054	0.1344	0.0432	0.1066
147	0.0057	0.1343	0.0431	0.1065
148	0.0054	0.1344	0.0431	0.1062
149	0.0052	0.1337	0.0431	0.1061
150	0.0050	0.1333	0.0429	0.1060
