{"n_layers": 2, "device": "cuda", "batch_size": 2048, "embedding_dim": 128, "learning_rate": 0.001, "dataset": "dbbook", "epochs": 150, "model": "ef-mmlgcn", "fusion": "max", "top_k": [5, 10, 20, 50], "seed": 19, "multimodal": false}
Epoch	Loss	Precision@5	Recall@5	NDCG@5	Precision@10	Recall@10	NDCG@10	Precision@20	Recall@20	NDCG@20	Precision@50	Recall@50	NDCG@50
1	0.6922	0.0261	0.0184	0.0262	0.0245	0.0335	0.0301	0.0217	0.0594	0.0413	0.0168	0.1151	0.0621
2	0.6872	0.0262	0.0183	0.0249	0.0231	0.0313	0.0278	0.0231	0.0626	0.0415	0.0192	0.13	0.0668
3	0.6673	0.0253	0.0174	0.0241	0.0212	0.029	0.0259	0.0224	0.0606	0.0398	0.0183	0.1242	0.0635
4	0.6223	0.0245	0.0169	0.0235	0.0208	0.0283	0.0254	0.0217	0.0585	0.0386	0.0178	0.1204	0.0616
5	0.5564	0.023	0.0154	0.0222	0.0205	0.0278	0.0248	0.0216	0.0583	0.0381	0.0177	0.1191	0.0608
6	0.4876	0.0216	0.0143	0.021	0.0202	0.0268	0.0241	0.0219	0.0592	0.0381	0.0177	0.1183	0.0602
7	0.4313	0.0218	0.0146	0.0212	0.0205	0.0273	0.0245	0.022	0.0589	0.0382	0.0178	0.1191	0.0607
8	0.3924	0.0227	0.0151	0.0218	0.0206	0.0275	0.0246	0.0221	0.0597	0.0385	0.018	0.1207	0.0613
9	0.3642	0.0233	0.0155	0.0224	0.0208	0.0277	0.025	0.0224	0.0606	0.0392	0.0181	0.122	0.0621
10	0.3433	0.0239	0.016	0.0229	0.0214	0.0284	0.0256	0.0225	0.0608	0.0396	0.0183	0.1233	0.0628
11	0.3249	0.0249	0.0169	0.0238	0.0219	0.029	0.0261	0.0225	0.061	0.04	0.0186	0.1251	0.0639
12	0.3116	0.0252	0.0173	0.024	0.0224	0.03	0.0268	0.0228	0.0618	0.0405	0.0188	0.1268	0.0648
13	0.3003	0.0264	0.0182	0.0251	0.023	0.0309	0.0276	0.0229	0.062	0.0411	0.019	0.1284	0.0658
14	0.2870	0.0271	0.019	0.026	0.024	0.0324	0.0288	0.0232	0.0624	0.0419	0.0192	0.1295	0.0669
15	0.2770	0.0278	0.0195	0.0267	0.0245	0.0332	0.0296	0.0237	0.0641	0.043	0.0193	0.1308	0.0678
16	0.2645	0.0286	0.02	0.0273	0.025	0.0339	0.0301	0.0239	0.0648	0.0435	0.0194	0.1316	0.0684
17	0.2581	0.0293	0.0205	0.0279	0.0257	0.035	0.0308	0.0244	0.0661	0.0444	0.0196	0.133	0.0693
18	0.2497	0.0305	0.0214	0.029	0.0266	0.0366	0.0321	0.0248	0.0672	0.0454	0.0198	0.1348	0.0707
19	0.2360	0.0313	0.022	0.0299	0.0277	0.0385	0.0334	0.0251	0.0683	0.0465	0.0202	0.1371	0.0721
20	0.2329	0.0325	0.0229	0.031	0.0284	0.0395	0.0345	0.0258	0.0699	0.0478	0.0205	0.1396	0.0737
21	0.2254	0.0328	0.0231	0.0316	0.029	0.0404	0.0353	0.0264	0.0713	0.0489	0.0207	0.1417	0.0749
22	0.2179	0.0335	0.0236	0.0327	0.0297	0.0413	0.0365	0.0268	0.0729	0.0503	0.0209	0.1435	0.0764
23	0.2080	0.0341	0.0239	0.0334	0.0304	0.0421	0.0373	0.0273	0.0748	0.0515	0.0212	0.1453	0.0776
24	0.2037	0.0344	0.0242	0.0341	0.0307	0.0424	0.038	0.0277	0.0767	0.0527	0.0214	0.1471	0.079
25	0.1955	0.0346	0.0243	0.0349	0.0314	0.0438	0.0393	0.0281	0.0782	0.054	0.0217	0.1498	0.0807
26	0.1851	0.0357	0.0251	0.0359	0.0322	0.0453	0.0404	0.0284	0.0791	0.0549	0.0219	0.1512	0.0817
27	0.1786	0.0364	0.0257	0.0366	0.0326	0.0458	0.041	0.0286	0.08	0.0557	0.0222	0.1531	0.083
28	0.1782	0.0371	0.0263	0.0375	0.033	0.0465	0.0418	0.029	0.0812	0.0566	0.0224	0.1553	0.0843
29	0.1686	0.038	0.027	0.0387	0.0337	0.0477	0.0431	0.0293	0.0819	0.0576	0.0227	0.1575	0.0857
30	0.1675	0.0383	0.0273	0.0391	0.0341	0.0484	0.0436	0.0297	0.0829	0.0584	0.0229	0.1594	0.0867
31	0.1611	0.0389	0.0282	0.0398	0.0351	0.0499	0.0448	0.03	0.0838	0.0593	0.0231	0.1613	0.088
32	0.1558	0.0393	0.0286	0.0401	0.0354	0.0503	0.0451	0.0305	0.0854	0.0601	0.0234	0.163	0.0889
33	0.1499	0.04	0.0291	0.0409	0.0359	0.0514	0.0459	0.0307	0.0861	0.0608	0.0236	0.1652	0.09
34	0.1436	0.0401	0.0292	0.0412	0.0362	0.0517	0.0464	0.031	0.087	0.0615	0.0239	0.1671	0.0911
35	0.1397	0.0402	0.0293	0.0413	0.0361	0.0515	0.0465	0.0311	0.0875	0.0618	0.024	0.1685	0.0917
36	0.1370	0.0407	0.0298	0.042	0.0364	0.0521	0.047	0.0313	0.0883	0.0625	0.0241	0.1696	0.0925
37	0.1296	0.0408	0.03	0.0423	0.0367	0.0527	0.0475	0.0317	0.0895	0.0633	0.0244	0.1715	0.0934
38	0.1238	0.041	0.0301	0.0426	0.0371	0.0534	0.048	0.0319	0.0903	0.0638	0.0246	0.173	0.0942
39	0.1263	0.0411	0.0302	0.0427	0.0371	0.0535	0.0482	0.032	0.0906	0.0641	0.0247	0.1744	0.0949
40	0.1188	0.0412	0.0303	0.0428	0.0371	0.0537	0.0483	0.0321	0.0904	0.0642	0.0249	0.1766	0.0957
41	0.1210	0.0415	0.0306	0.0432	0.0373	0.0542	0.0487	0.0324	0.0908	0.0646	0.0251	0.1773	0.0962
42	0.1126	0.0416	0.0307	0.0435	0.0376	0.0543	0.0491	0.0325	0.0916	0.0652	0.0252	0.1786	0.0969
43	0.1094	0.0419	0.031	0.044	0.0377	0.0547	0.0495	0.0329	0.0925	0.0659	0.0253	0.1795	0.0976
44	0.1076	0.0422	0.0311	0.0442	0.0381	0.0557	0.0501	0.0329	0.0928	0.0662	0.0255	0.1812	0.0984
45	0.1043	0.0423	0.0312	0.0444	0.0383	0.0559	0.0503	0.033	0.0932	0.0665	0.0256	0.1821	0.0989
46	0.1017	0.0427	0.032	0.045	0.0388	0.0566	0.0509	0.0333	0.094	0.0671	0.0257	0.1831	0.0996
47	0.0995	0.0432	0.0327	0.0456	0.0389	0.0571	0.0514	0.0333	0.0942	0.0675	0.0259	0.1842	0.1003
48	0.0973	0.0429	0.0324	0.0456	0.0392	0.0575	0.0517	0.0336	0.0955	0.0681	0.026	0.1855	0.1009
49	0.0936	0.0431	0.0327	0.0459	0.0397	0.0582	0.0523	0.0336	0.0956	0.0684	0.0261	0.1862	0.1014
50	0.0921	0.0434	0.0329	0.0463	0.0401	0.0589	0.0529	0.0337	0.0958	0.0688	0.0262	0.187	0.102
51	0.0896	0.0436	0.0332	0.0466	0.0402	0.059	0.0531	0.0341	0.0971	0.0695	0.0263	0.1879	0.1026
52	0.0870	0.0441	0.0335	0.047	0.0406	0.0595	0.0536	0.0342	0.0974	0.0698	0.0265	0.1897	0.1034
53	0.0858	0.0449	0.0342	0.0476	0.0408	0.0602	0.054	0.0342	0.0981	0.0702	0.0266	0.1903	0.1039
54	0.0851	0.0454	0.0349	0.0484	0.041	0.0605	0.0545	0.0345	0.0989	0.0709	0.0267	0.191	0.1046
55	0.0814	0.0458	0.0354	0.0489	0.0415	0.0616	0.0552	0.0346	0.0995	0.0714	0.0268	0.1923	0.1052
56	0.0800	0.0458	0.0355	0.049	0.0414	0.0614	0.0552	0.0349	0.1003	0.0719	0.0269	0.1934	0.1057
57	0.0787	0.046	0.0357	0.0493	0.0416	0.0619	0.0557	0.0351	0.1012	0.0726	0.0271	0.1949	0.1067
58	0.0766	0.0473	0.0366	0.0504	0.0419	0.0621	0.0561	0.0353	0.1018	0.0731	0.0271	0.1951	0.1071
59	0.0752	0.0476	0.0368	0.0509	0.0421	0.0624	0.0566	0.0354	0.102	0.0735	0.0271	0.196	0.1076
60	0.0740	0.0476	0.0369	0.0511	0.0425	0.063	0.0571	0.0356	0.1031	0.0742	0.0272	0.1965	0.1081
61	0.0719	0.0478	0.0371	0.0515	0.0426	0.0632	0.0574	0.0357	0.1033	0.0745	0.0273	0.197	0.1086
62	0.0706	0.0484	0.0375	0.0521	0.0428	0.0635	0.0579	0.0359	0.1038	0.075	0.0273	0.1974	0.109
63	0.0695	0.0489	0.038	0.0525	0.0431	0.0638	0.0581	0.0361	0.1044	0.0754	0.0274	0.198	0.1094
64	0.0669	0.0491	0.0381	0.0527	0.0431	0.064	0.0582	0.0362	0.1047	0.0756	0.0274	0.1984	0.1096
65	0.0657	0.0487	0.038	0.0524	0.0433	0.0645	0.0584	0.0362	0.105	0.0758	0.0274	0.199	0.1099
66	0.0659	0.0488	0.0381	0.0529	0.0433	0.0647	0.0588	0.0364	0.1053	0.0762	0.0275	0.1992	0.1103
67	0.0646	0.0493	0.0385	0.0534	0.0436	0.0654	0.0593	0.0365	0.106	0.0767	0.0276	0.2001	0.1108
68	0.0626	0.0497	0.0387	0.0537	0.0439	0.0658	0.0597	0.0366	0.1065	0.077	0.0277	0.2012	0.1113
69	0.0603	0.0497	0.0387	0.0538	0.0443	0.0663	0.0601	0.0369	0.1075	0.0776	0.0277	0.2013	0.1116
70	0.0592	0.0498	0.0388	0.054	0.0447	0.067	0.0606	0.037	0.1079	0.0779	0.0278	0.202	0.112
71	0.0580	0.0502	0.039	0.0544	0.0448	0.0673	0.0609	0.0371	0.108	0.0782	0.0278	0.2021	0.1124
72	0.0574	0.0502	0.0392	0.0544	0.045	0.0678	0.0611	0.0371	0.108	0.0782	0.0278	0.2024	0.1125
73	0.0582	0.0502	0.0397	0.0546	0.0449	0.0678	0.0612	0.0372	0.1085	0.0785	0.0278	0.2026	0.1127
74	0.0532	0.051	0.0402	0.0553	0.045	0.0678	0.0614	0.0373	0.1089	0.0789	0.0279	0.2034	0.1132
75	0.0557	0.0511	0.0401	0.0553	0.045	0.0679	0.0615	0.0373	0.1096	0.0792	0.0279	0.2038	0.1134
76	0.0524	0.0514	0.0401	0.0556	0.0453	0.0686	0.062	0.0374	0.11	0.0796	0.028	0.2044	0.1139
77	0.0515	0.0516	0.0403	0.056	0.0455	0.069	0.0624	0.0376	0.1102	0.0799	0.028	0.2049	0.1143
78	0.0516	0.0521	0.0406	0.0566	0.0456	0.0693	0.0629	0.0376	0.1106	0.0803	0.0281	0.2055	0.1148
79	0.0512	0.0524	0.0409	0.0569	0.0458	0.0696	0.0631	0.0377	0.1107	0.0805	0.0281	0.206	0.1151
80	0.0488	0.0522	0.0408	0.057	0.0459	0.0698	0.0634	0.0378	0.1113	0.0809	0.0282	0.206	0.1153
81	0.0492	0.0529	0.0413	0.0576	0.0459	0.0697	0.0635	0.038	0.1118	0.0813	0.0282	0.2064	0.1156
82	0.0472	0.053	0.0414	0.0576	0.046	0.0699	0.0636	0.0381	0.1125	0.0816	0.0282	0.2064	0.1157
83	0.0487	0.0535	0.0419	0.0583	0.0464	0.0704	0.0642	0.0382	0.1127	0.082	0.0282	0.207	0.1162
84	0.0457	0.0536	0.0422	0.0587	0.0464	0.0704	0.0644	0.0381	0.1127	0.0822	0.0283	0.2077	0.1166
85	0.0466	0.0536	0.0423	0.0589	0.0464	0.0705	0.0647	0.0382	0.1131	0.0826	0.0282	0.2076	0.1168
86	0.0446	0.0539	0.0424	0.0591	0.0465	0.0705	0.0647	0.0384	0.1135	0.0828	0.0283	0.208	0.1171
87	0.0427	0.0542	0.0425	0.0594	0.0467	0.0709	0.065	0.0385	0.1137	0.083	0.0283	0.2077	0.1171
88	0.0435	0.0542	0.0425	0.0593	0.0468	0.0712	0.0652	0.0385	0.1139	0.0831	0.0283	0.2076	0.1171
89	0.0430	0.0543	0.0425	0.0596	0.0471	0.0716	0.0655	0.0386	0.1144	0.0835	0.0283	0.2078	0.1174
90	0.0439	0.0545	0.0427	0.0598	0.0473	0.0719	0.0658	0.0387	0.1151	0.0838	0.0283	0.2081	0.1176
91	0.0415	0.0548	0.0429	0.0602	0.0473	0.0721	0.0661	0.0389	0.1156	0.0843	0.0283	0.2089	0.1181
92	0.0393	0.0546	0.0428	0.0601	0.0474	0.0723	0.0662	0.0389	0.116	0.0843	0.0283	0.2091	0.118
93	0.0398	0.0547	0.0428	0.0603	0.0475	0.0723	0.0664	0.0389	0.1161	0.0846	0.0284	0.2093	0.1184
94	0.0405	0.0548	0.0427	0.0602	0.0476	0.0726	0.0664	0.0388	0.1159	0.0844	0.0284	0.2095	0.1183
95	0.0415	0.0549	0.043	0.0602	0.0474	0.0723	0.0662	0.0389	0.116	0.0844	0.0284	0.2092	0.1183
96	0.0372	0.0552	0.0434	0.0606	0.0474	0.0726	0.0664	0.039	0.1163	0.0847	0.0283	0.209	0.1184
97	0.0384	0.0552	0.0434	0.0607	0.0474	0.0726	0.0665	0.0391	0.1164	0.0849	0.0284	0.2094	0.1186
98	0.0364	0.0549	0.043	0.0604	0.0476	0.0728	0.0666	0.039	0.1163	0.0848	0.0283	0.2093	0.1185
99	0.0361	0.0549	0.043	0.0605	0.0476	0.0727	0.0666	0.039	0.1164	0.0849	0.0284	0.21	0.1187
100	0.0368	0.0552	0.0434	0.0608	0.0477	0.0728	0.0669	0.0391	0.1167	0.0851	0.0284	0.2101	0.1189
101	0.0346	0.0557	0.044	0.0615	0.0479	0.073	0.0672	0.0392	0.1171	0.0855	0.0283	0.2099	0.1191
102	0.0353	0.0557	0.0438	0.0616	0.048	0.0733	0.0675	0.0393	0.1175	0.0858	0.0283	0.2101	0.1193
103	0.0340	0.0559	0.044	0.0617	0.048	0.0732	0.0675	0.0393	0.1175	0.0858	0.0283	0.21	0.1193
104	0.0341	0.056	0.0441	0.062	0.0479	0.0729	0.0675	0.0393	0.1175	0.086	0.0283	0.2105	0.1195
105	0.0330	0.0561	0.044	0.0619	0.0479	0.0729	0.0674	0.0393	0.1176	0.086	0.0283	0.2102	0.1194
106	0.0329	0.0565	0.0442	0.0623	0.0477	0.0728	0.0674	0.0391	0.1172	0.0859	0.0283	0.2103	0.1195
107	0.0331	0.0564	0.0441	0.0621	0.0478	0.0733	0.0675	0.0394	0.1181	0.0862	0.0283	0.2105	0.1195
108	0.0336	0.0564	0.0443	0.0624	0.0481	0.0736	0.0679	0.0395	0.1185	0.0866	0.0283	0.2102	0.1197
109	0.0311	0.0568	0.0445	0.0627	0.0482	0.0735	0.0681	0.0396	0.1189	0.0868	0.0283	0.2106	0.1199
110	0.0321	0.0568	0.0446	0.0627	0.0483	0.0737	0.0681	0.0397	0.1191	0.0869	0.0283	0.2108	0.12
111	0.0300	0.057	0.0448	0.0632	0.0485	0.074	0.0686	0.0399	0.1198	0.0875	0.0284	0.2111	0.1204
112	0.0314	0.0574	0.0451	0.0636	0.0484	0.074	0.0687	0.0399	0.1201	0.0878	0.0283	0.211	0.1205
113	0.0286	0.0574	0.0451	0.0637	0.0484	0.0736	0.0687	0.04	0.12	0.0879	0.0283	0.2113	0.1208
114	0.0299	0.0577	0.0453	0.064	0.0485	0.074	0.0689	0.04	0.1201	0.0881	0.0283	0.2115	0.121
115	0.0298	0.0579	0.0454	0.0644	0.0486	0.0741	0.0693	0.0401	0.1205	0.0885	0.0284	0.2117	0.1213
116	0.0290	0.0579	0.0453	0.0645	0.0488	0.0747	0.0696	0.0401	0.1206	0.0886	0.0284	0.2119	0.1215
117	0.0283	0.058	0.0456	0.0647	0.049	0.075	0.0699	0.0401	0.1209	0.0889	0.0284	0.2121	0.1218
118	0.0274	0.0585	0.0461	0.0652	0.049	0.075	0.0701	0.0403	0.1215	0.0893	0.0284	0.2123	0.122
119	0.0287	0.0588	0.0463	0.0655	0.0491	0.0751	0.0702	0.0404	0.1217	0.0895	0.0284	0.212	0.122
120	0.0289	0.0589	0.0463	0.0658	0.0492	0.0754	0.0705	0.0403	0.122	0.0897	0.0283	0.2118	0.122
121	0.0280	0.059	0.0464	0.0656	0.0491	0.0752	0.0703	0.0404	0.122	0.0896	0.0283	0.2114	0.1218
122	0.0261	0.0585	0.0459	0.0652	0.0491	0.0752	0.0702	0.0406	0.1227	0.0898	0.0282	0.211	0.1216
123	0.0265	0.0586	0.0457	0.065	0.049	0.075	0.0699	0.0405	0.1222	0.0894	0.0282	0.2111	0.1215
124	0.0265	0.0585	0.0456	0.0652	0.049	0.0754	0.0703	0.0405	0.1225	0.0898	0.0282	0.2115	0.1218
125	0.0267	0.0584	0.0457	0.0653	0.0489	0.0753	0.0703	0.0405	0.1226	0.0899	0.0282	0.2112	0.1218
126	0.0258	0.0589	0.0462	0.0657	0.0491	0.0755	0.0704	0.0406	0.1227	0.0899	0.0282	0.2114	0.1219
127	0.0258	0.0592	0.0465	0.0659	0.0493	0.0758	0.0707	0.0406	0.1225	0.0899	0.0282	0.2114	0.1219
128	0.0258	0.059	0.0464	0.0658	0.0495	0.0761	0.0708	0.0407	0.123	0.0901	0.0282	0.2114	0.122
129	0.0254	0.0588	0.0462	0.0656	0.0493	0.0758	0.0706	0.0405	0.1225	0.0899	0.0282	0.2109	0.1218
130	0.0245	0.0591	0.0464	0.0658	0.0494	0.0761	0.0707	0.0407	0.123	0.0901	0.0282	0.2113	0.1219
131	0.0248	0.0589	0.0467	0.0657	0.0493	0.0762	0.0707	0.0405	0.1226	0.0899	0.0282	0.2115	0.1219
132	0.0250	0.0592	0.0471	0.0662	0.0494	0.0767	0.0712	0.0405	0.1225	0.0902	0.0282	0.2115	0.1222
133	0.0238	0.0591	0.047	0.0663	0.0497	0.077	0.0715	0.0405	0.1226	0.0903	0.0282	0.2112	0.1223
134	0.0233	0.0591	0.047	0.0661	0.0494	0.0766	0.0711	0.0405	0.1228	0.0902	0.0282	0.2115	0.1222
135	0.0240	0.0591	0.047	0.0662	0.0495	0.0767	0.0713	0.0405	0.1228	0.0903	0.0282	0.2116	0.1223
136	0.0231	0.0591	0.0469	0.066	0.0493	0.0765	0.071	0.0405	0.1225	0.0901	0.0282	0.2119	0.1222
137	0.0240	0.0591	0.0469	0.0661	0.0495	0.0766	0.0711	0.0405	0.1225	0.0901	0.0282	0.212	0.1223
138	0.0232	0.0593	0.0468	0.0661	0.0493	0.0764	0.071	0.0404	0.1226	0.09	0.0282	0.2121	0.1223
139	0.0228	0.0589	0.0467	0.066	0.0494	0.0762	0.071	0.0405	0.1229	0.0903	0.0282	0.2118	0.1223
140	0.0233	0.0587	0.0465	0.0659	0.0492	0.0759	0.0709	0.0404	0.1232	0.0903	0.0282	0.212	0.1223
141	0.0228	0.0586	0.0463	0.0659	0.0492	0.076	0.071	0.0404	0.1232	0.0904	0.0282	0.2118	0.1223
142	0.0210	0.0591	0.0467	0.0665	0.0495	0.0769	0.0716	0.0404	0.1227	0.0905	0.0282	0.2123	0.1228
143	0.0213	0.0589	0.0466	0.0664	0.0496	0.0772	0.0718	0.0405	0.1231	0.0907	0.0282	0.2125	0.1229
144	0.0209	0.0587	0.0465	0.0662	0.0497	0.0773	0.0717	0.0405	0.1233	0.0907	0.0282	0.2122	0.1227
145	0.0211	0.0586	0.0462	0.0661	0.0494	0.077	0.0715	0.0406	0.1238	0.0907	0.0282	0.2116	0.1224
146	0.0220	0.0582	0.046	0.0658	0.0492	0.0766	0.0712	0.0405	0.1234	0.0905	0.0281	0.2112	0.1222
147	0.0212	0.0583	0.0462	0.066	0.0494	0.0769	0.0715	0.0406	0.124	0.0909	0.0281	0.2112	0.1224
148	0.0187	0.0583	0.0461	0.0658	0.0495	0.077	0.0715	0.0405	0.1236	0.0906	0.0281	0.2116	0.1224
149	0.0199	0.0585	0.0462	0.066	0.0496	0.0769	0.0716	0.0405	0.1238	0.0907	0.0281	0.2114	0.1224
150	0.0203	0.0586	0.0464	0.0662	0.0496	0.0771	0.0717	0.0406	0.1242	0.091	0.0281	0.2115	0.1225
