{"n_layers": 2, "device": "cuda", "batch_size": 2048, "embedding_dim": 256, "learning_rate": 0.0005, "dataset": "dbbook", "epochs": 150, "top_k": 5, "multimodal": false, "datasets": {"dbbook": ["images", "text"], "ml1m": ["audio", "images", "text", "video"]}}
Epoch	Loss	Recall	Precision	NDCG
1	0.6920	0.0130	0.0183	0.0198
2	0.6900	0.0201	0.0275	0.0273
3	0.6842	0.0191	0.0273	0.0261
4	0.6695	0.0180	0.0260	0.0247
5	0.6409	0.0171	0.0250	0.0234
6	0.5992	0.0170	0.0249	0.0236
7	0.5500	0.0169	0.0250	0.0236
8	0.5006	0.0170	0.0250	0.0235
9	0.4579	0.0168	0.0245	0.0233
10	0.4234	0.0169	0.0246	0.0234
11	0.3958	0.0170	0.0248	0.0237
12	0.3742	0.0173	0.0252	0.0241
13	0.3588	0.0177	0.0257	0.0245
14	0.3403	0.0178	0.0259	0.0246
15	0.3311	0.0181	0.0262	0.0247
16	0.3174	0.0184	0.0267	0.0252
17	0.3067	0.0187	0.0271	0.0256
18	0.2989	0.0189	0.0276	0.0260
19	0.2918	0.0196	0.0284	0.0267
20	0.2829	0.0200	0.0291	0.0273
21	0.2785	0.0199	0.0290	0.0274
22	0.2682	0.0206	0.0298	0.0282
23	0.2617	0.0213	0.0305	0.0289
24	0.2554	0.0215	0.0308	0.0293
25	0.2457	0.0217	0.0309	0.0295
26	0.2389	0.0221	0.0314	0.0302
27	0.2358	0.0225	0.0322	0.0310
28	0.2277	0.0234	0.0331	0.0322
29	0.2223	0.0243	0.0339	0.0331
30	0.2150	0.0251	0.0346	0.0338
31	0.2123	0.0253	0.0350	0.0340
32	0.2048	0.0254	0.0354	0.0345
33	0.2000	0.0262	0.0362	0.0353
34	0.1937	0.0268	0.0368	0.0360
35	0.1904	0.0268	0.0369	0.0363
36	0.1840	0.0271	0.0372	0.0367
37	0.1803	0.0276	0.0379	0.0374
38	0.1772	0.0284	0.0385	0.0382
39	0.1736	0.0290	0.0393	0.0391
40	0.1682	0.0290	0.0395	0.0394
41	0.1631	0.0288	0.0393	0.0395
42	0.1613	0.0291	0.0397	0.0400
43	0.1559	0.0292	0.0399	0.0403
44	0.1531	0.0294	0.0398	0.0404
45	0.1477	0.0292	0.0395	0.0402
46	0.1448	0.0296	0.0399	0.0407
47	0.1389	0.0299	0.0402	0.0413
48	0.1387	0.0304	0.0408	0.0419
49	0.1338	0.0306	0.0410	0.0422
50	0.1311	0.0306	0.0412	0.0423
51	0.1279	0.0309	0.0415	0.0428
52	0.1255	0.0311	0.0417	0.0432
53	0.1230	0.0312	0.0419	0.0435
54	0.1206	0.0314	0.0423	0.0440
55	0.1195	0.0317	0.0424	0.0441
56	0.1161	0.0317	0.0425	0.0444
57	0.1128	0.0320	0.0427	0.0447
58	0.1100	0.0320	0.0428	0.0449
59	0.1112	0.0326	0.0434	0.0456
60	0.1056	0.0331	0.0440	0.0462
61	0.1029	0.0331	0.0439	0.0461
62	0.1022	0.0333	0.0442	0.0465
63	0.0988	0.0336	0.0444	0.0470
64	0.0987	0.0338	0.0447	0.0471
65	0.0960	0.0339	0.0448	0.0474
66	0.0931	0.0341	0.0451	0.0477
67	0.0926	0.0346	0.0455	0.0482
68	0.0933	0.0355	0.0465	0.0492
69	0.0890	0.0352	0.0462	0.0490
70	0.0877	0.0352	0.0463	0.0490
71	0.0852	0.0354	0.0464	0.0492
72	0.0848	0.0353	0.0460	0.0491
73	0.0830	0.0355	0.0462	0.0494
74	0.0809	0.0354	0.0462	0.0493
75	0.0795	0.0357	0.0467	0.0500
76	0.0772	0.0355	0.0464	0.0499
77	0.0768	0.0361	0.0470	0.0505
78	0.0775	0.0363	0.0473	0.0508
79	0.0769	0.0363	0.0471	0.0507
80	0.0744	0.0364	0.0474	0.0511
81	0.0729	0.0366	0.0477	0.0513
82	0.0712	0.0368	0.0479	0.0515
83	0.0722	0.0369	0.0481	0.0517
84	0.0674	0.0371	0.0484	0.0521
85	0.0683	0.0373	0.0486	0.0525
86	0.0669	0.0379	0.0492	0.0530
87	0.0648	0.0382	0.0497	0.0535
88	0.0648	0.0382	0.0492	0.0534
89	0.0635	0.0384	0.0494	0.0537
90	0.0619	0.0387	0.0496	0.0539
91	0.0600	0.0386	0.0497	0.0540
92	0.0609	0.0388	0.0499	0.0545
93	0.0593	0.0391	0.0501	0.0546
94	0.0592	0.0389	0.0501	0.0545
95	0.0593	0.0391	0.0503	0.0548
96	0.0569	0.0389	0.0501	0.0547
97	0.0572	0.0391	0.0503	0.0548
98	0.0547	0.0392	0.0504	0.0549
99	0.0547	0.0394	0.0507	0.0552
100	0.0540	0.0395	0.0509	0.0556
101	0.0532	0.0396	0.0511	0.0558
102	0.0537	0.0398	0.0513	0.0560
103	0.0538	0.0400	0.0515	0.0563
104	0.0519	0.0402	0.0516	0.0564
105	0.0512	0.0405	0.0520	0.0568
106	0.0504	0.0406	0.0521	0.0571
107	0.0490	0.0409	0.0527	0.0576
108	0.0479	0.0408	0.0526	0.0577
109	0.0478	0.0410	0.0527	0.0578
110	0.0467	0.0411	0.0527	0.0578
111	0.0462	0.0414	0.0530	0.0580
112	0.0454	0.0420	0.0533	0.0584
113	0.0441	0.0421	0.0534	0.0587
114	0.0460	0.0421	0.0533	0.0588
115	0.0441	0.0423	0.0534	0.0589
116	0.0430	0.0426	0.0540	0.0595
117	0.0439	0.0425	0.0540	0.0595
118	0.0441	0.0423	0.0537	0.0595
119	0.0410	0.0423	0.0536	0.0594
120	0.0414	0.0425	0.0538	0.0596
121	0.0395	0.0427	0.0542	0.0600
122	0.0409	0.0427	0.0543	0.0601
123	0.0407	0.0427	0.0543	0.0601
124	0.0402	0.0426	0.0542	0.0600
125	0.0394	0.0426	0.0543	0.0602
126	0.0393	0.0428	0.0545	0.0605
127	0.0387	0.0430	0.0548	0.0606
128	0.0378	0.0431	0.0549	0.0609
129	0.0353	0.0432	0.0550	0.0609
130	0.0369	0.0431	0.0550	0.0609
131	0.0364	0.0432	0.0552	0.0610
132	0.0360	0.0433	0.0554	0.0612
133	0.0345	0.0434	0.0553	0.0613
134	0.0346	0.0431	0.0550	0.0612
135	0.0364	0.0432	0.0552	0.0614
136	0.0337	0.0432	0.0553	0.0615
137	0.0342	0.0434	0.0555	0.0617
138	0.0332	0.0434	0.0555	0.0619
139	0.0337	0.0432	0.0554	0.0618
140	0.0328	0.0431	0.0553	0.0619
141	0.0332	0.0432	0.0555	0.0620
142	0.0319	0.0432	0.0555	0.0620
143	0.0308	0.0433	0.0555	0.0620
144	0.0322	0.0434	0.0557	0.0621
145	0.0312	0.0436	0.0559	0.0624
146	0.0318	0.0438	0.0561	0.0626
147	0.0315	0.0439	0.0562	0.0627
148	0.0294	0.0442	0.0565	0.0631
149	0.0311	0.0443	0.0568	0.0633
150	0.0308	0.0445	0.0570	0.0634
