{"n_layers": 1, "device": "cuda", "batch_size": 2048, "embedding_dim": 64, "learning_rate": 0.001, "dataset": "dbbook", "epochs": 150, "top_k": 10, "multimodal": true, "datasets": {"dbbook": ["images", "text"], "ml1m": ["audio", "images", "text", "video"]}}
Epoch	Loss	Recall	Precision	NDCG
1	0.6928	0.0057	0.0035	0.0050
2	0.6914	0.0178	0.0112	0.0170
3	0.6895	0.0338	0.0227	0.0318
4	0.6863	0.0429	0.0292	0.0395
5	0.6812	0.0456	0.0313	0.0408
6	0.6732	0.0456	0.0313	0.0402
7	0.6616	0.0441	0.0305	0.0387
8	0.6460	0.0433	0.0299	0.0373
9	0.6261	0.0423	0.0293	0.0358
10	0.6023	0.0417	0.0288	0.0352
11	0.5760	0.0412	0.0286	0.0345
12	0.5481	0.0412	0.0286	0.0343
13	0.5195	0.0406	0.0283	0.0338
14	0.4921	0.0403	0.0283	0.0337
15	0.4647	0.0404	0.0283	0.0336
16	0.4402	0.0402	0.0282	0.0335
17	0.4179	0.0397	0.0282	0.0335
18	0.3961	0.0398	0.0282	0.0336
19	0.3783	0.0396	0.0283	0.0337
20	0.3610	0.0399	0.0285	0.0340
21	0.3431	0.0398	0.0287	0.0341
22	0.3305	0.0402	0.0288	0.0344
23	0.3166	0.0404	0.0288	0.0346
24	0.3051	0.0410	0.0290	0.0350
25	0.2931	0.0418	0.0294	0.0355
26	0.2838	0.0420	0.0297	0.0361
27	0.2720	0.0425	0.0297	0.0364
28	0.2640	0.0428	0.0301	0.0368
29	0.2564	0.0439	0.0305	0.0375
30	0.2495	0.0442	0.0308	0.0380
31	0.2418	0.0443	0.0309	0.0383
32	0.2347	0.0453	0.0315	0.0390
33	0.2275	0.0458	0.0318	0.0394
34	0.2196	0.0458	0.0318	0.0394
35	0.2139	0.0460	0.0320	0.0395
36	0.2101	0.0461	0.0320	0.0397
37	0.2057	0.0465	0.0322	0.0400
38	0.1970	0.0466	0.0323	0.0402
39	0.1943	0.0473	0.0327	0.0408
40	0.1893	0.0478	0.0331	0.0414
41	0.1856	0.0483	0.0335	0.0419
42	0.1819	0.0488	0.0338	0.0423
43	0.1770	0.0493	0.0342	0.0427
44	0.1725	0.0494	0.0342	0.0430
45	0.1709	0.0499	0.0346	0.0435
46	0.1646	0.0505	0.0349	0.0439
47	0.1599	0.0507	0.0351	0.0444
48	0.1600	0.0510	0.0352	0.0448
49	0.1538	0.0513	0.0354	0.0451
50	0.1502	0.0514	0.0356	0.0453
51	0.1463	0.0519	0.0358	0.0456
52	0.1453	0.0524	0.0361	0.0460
53	0.1401	0.0524	0.0362	0.0462
54	0.1411	0.0529	0.0365	0.0467
55	0.1367	0.0533	0.0366	0.0471
56	0.1346	0.0536	0.0368	0.0474
57	0.1331	0.0541	0.0372	0.0478
58	0.1290	0.0546	0.0375	0.0483
59	0.1283	0.0546	0.0373	0.0483
60	0.1237	0.0548	0.0374	0.0485
61	0.1218	0.0548	0.0373	0.0485
62	0.1187	0.0554	0.0378	0.0492
63	0.1177	0.0559	0.0380	0.0496
64	0.1144	0.0560	0.0380	0.0497
65	0.1140	0.0561	0.0381	0.0499
66	0.1130	0.0565	0.0384	0.0503
67	0.1086	0.0567	0.0385	0.0505
68	0.1097	0.0568	0.0386	0.0509
69	0.1068	0.0572	0.0388	0.0512
70	0.1043	0.0577	0.0390	0.0516
71	0.1024	0.0581	0.0393	0.0518
72	0.1030	0.0583	0.0394	0.0521
73	0.0995	0.0584	0.0396	0.0523
74	0.0986	0.0584	0.0397	0.0525
75	0.0972	0.0588	0.0399	0.0526
76	0.0958	0.0593	0.0401	0.0531
77	0.0918	0.0597	0.0403	0.0534
78	0.0933	0.0599	0.0404	0.0535
79	0.0908	0.0602	0.0407	0.0537
80	0.0887	0.0604	0.0407	0.0540
81	0.0894	0.0602	0.0408	0.0541
82	0.0882	0.0601	0.0408	0.0542
83	0.0853	0.0605	0.0411	0.0546
84	0.0827	0.0606	0.0411	0.0548
85	0.0824	0.0607	0.0412	0.0549
86	0.0839	0.0611	0.0415	0.0553
87	0.0789	0.0612	0.0414	0.0554
88	0.0802	0.0613	0.0415	0.0556
89	0.0774	0.0614	0.0415	0.0556
90	0.0769	0.0616	0.0417	0.0559
91	0.0767	0.0622	0.0419	0.0562
92	0.0757	0.0623	0.0420	0.0564
93	0.0728	0.0623	0.0420	0.0565
94	0.0731	0.0622	0.0419	0.0566
95	0.0702	0.0624	0.0420	0.0568
96	0.0726	0.0629	0.0423	0.0573
97	0.0692	0.0631	0.0425	0.0575
98	0.0683	0.0632	0.0425	0.0575
99	0.0681	0.0632	0.0425	0.0576
100	0.0684	0.0632	0.0424	0.0576
101	0.0689	0.0634	0.0426	0.0579
102	0.0665	0.0635	0.0426	0.0581
103	0.0652	0.0637	0.0427	0.0583
104	0.0675	0.0640	0.0430	0.0586
105	0.0638	0.0645	0.0433	0.0590
106	0.0613	0.0647	0.0434	0.0592
107	0.0616	0.0647	0.0434	0.0592
108	0.0619	0.0647	0.0434	0.0594
109	0.0643	0.0649	0.0435	0.0595
110	0.0611	0.0646	0.0435	0.0595
111	0.0611	0.0647	0.0436	0.0597
112	0.0586	0.0650	0.0437	0.0600
113	0.0579	0.0654	0.0441	0.0605
114	0.0555	0.0655	0.0440	0.0605
115	0.0561	0.0656	0.0441	0.0605
116	0.0572	0.0655	0.0440	0.0604
117	0.0559	0.0656	0.0440	0.0607
118	0.0553	0.0657	0.0441	0.0609
119	0.0551	0.0660	0.0442	0.0612
120	0.0532	0.0663	0.0444	0.0614
121	0.0549	0.0665	0.0444	0.0614
122	0.0516	0.0665	0.0443	0.0614
123	0.0522	0.0665	0.0443	0.0615
124	0.0510	0.0670	0.0445	0.0618
125	0.0513	0.0673	0.0446	0.0619
126	0.0501	0.0672	0.0446	0.0620
127	0.0523	0.0677	0.0446	0.0622
128	0.0496	0.0678	0.0447	0.0623
129	0.0489	0.0680	0.0449	0.0626
130	0.0485	0.0682	0.0449	0.0626
131	0.0467	0.0680	0.0448	0.0626
132	0.0500	0.0681	0.0448	0.0627
133	0.0462	0.0684	0.0449	0.0629
134	0.0455	0.0682	0.0449	0.0629
135	0.0472	0.0686	0.0451	0.0632
136	0.0456	0.0687	0.0452	0.0632
137	0.0461	0.0684	0.0451	0.0632
138	0.0440	0.0684	0.0450	0.0632
139	0.0450	0.0684	0.0450	0.0633
140	0.0441	0.0684	0.0450	0.0634
141	0.0442	0.0687	0.0451	0.0636
142	0.0425	0.0688	0.0451	0.0636
143	0.0420	0.0687	0.0451	0.0636
144	0.0416	0.0685	0.0450	0.0636
145	0.0424	0.0688	0.0451	0.0637
146	0.0408	0.0694	0.0454	0.0641
147	0.0413	0.0691	0.0451	0.0640
148	0.0425	0.0698	0.0454	0.0643
149	0.0421	0.0700	0.0456	0.0644
150	0.0410	0.0701	0.0457	0.0644
