{"n_layers": 2, "device": "cuda", "batch_size": 2048, "embedding_dim": 1024, "learning_rate": 0.001, "dataset": "dbbook", "epochs": 150, "model": "ef-mmlgcn", "fusion": "mean", "top_k": [5, 10, 20, 50], "seed": 19, "multimodal": true}
Epoch	Loss	Precision@5	Recall@5	NDCG@5	Precision@10	Recall@10	NDCG@10	Precision@20	Recall@20	NDCG@20	Precision@50	Recall@50	NDCG@50
1	0.6863	0.0444	0.0343	0.0536	0.0319	0.0482	0.0513	0.0226	0.0678	0.0587	0.014	0.1031	0.0717
2	0.6630	0.051	0.0382	0.0582	0.0408	0.0596	0.0595	0.0308	0.0894	0.0714	0.02	0.1458	0.0919
3	0.6251	0.0479	0.0357	0.0521	0.0392	0.0565	0.0542	0.0306	0.0884	0.0672	0.022	0.1577	0.0926
4	0.5655	0.0418	0.0311	0.0444	0.036	0.0516	0.0479	0.0301	0.0853	0.062	0.0221	0.1564	0.0881
5	0.4873	0.0384	0.0285	0.0386	0.0333	0.0482	0.0426	0.0289	0.0815	0.0568	0.0219	0.1547	0.0836
6	0.4093	0.0366	0.0271	0.0359	0.0325	0.0462	0.0404	0.0281	0.0785	0.0541	0.0215	0.151	0.0808
7	0.3438	0.0362	0.0267	0.0352	0.0323	0.0456	0.0397	0.0278	0.077	0.0531	0.0216	0.1502	0.0802
8	0.2962	0.0362	0.0265	0.0352	0.0328	0.0464	0.0401	0.028	0.0773	0.0534	0.0218	0.1519	0.0809
9	0.2620	0.0366	0.0266	0.0359	0.0334	0.0472	0.041	0.0283	0.0784	0.0544	0.0222	0.1546	0.0825
10	0.2343	0.0376	0.0275	0.0369	0.034	0.0479	0.0419	0.029	0.0805	0.0558	0.0227	0.1578	0.0843
11	0.2085	0.0385	0.0281	0.0381	0.0344	0.0487	0.0429	0.0296	0.0822	0.0572	0.0231	0.1615	0.0862
12	0.1922	0.0401	0.0293	0.0395	0.0349	0.0497	0.0438	0.0301	0.084	0.0584	0.0235	0.1649	0.0881
13	0.1741	0.0412	0.0302	0.0411	0.0357	0.0506	0.0452	0.0304	0.0857	0.06	0.0239	0.168	0.0903
14	0.1581	0.0422	0.0306	0.0425	0.0365	0.0515	0.0465	0.0311	0.088	0.0619	0.0243	0.1713	0.0925
15	0.1459	0.0428	0.0312	0.0435	0.0371	0.0529	0.0478	0.0317	0.0896	0.0634	0.0246	0.1738	0.0943
16	0.1363	0.0437	0.0321	0.0448	0.0377	0.0541	0.0491	0.0322	0.0915	0.065	0.0251	0.1776	0.0966
17	0.1265	0.0444	0.0329	0.0457	0.0388	0.056	0.0505	0.033	0.0938	0.0666	0.0254	0.1809	0.0984
18	0.1168	0.0455	0.0339	0.0469	0.0398	0.0576	0.0519	0.0337	0.096	0.0681	0.0258	0.1839	0.1002
19	0.1089	0.0465	0.0348	0.0481	0.0405	0.0587	0.0529	0.0339	0.0971	0.0691	0.0261	0.1871	0.1019
20	0.1020	0.0472	0.0353	0.049	0.0413	0.06	0.0542	0.0345	0.0988	0.0706	0.0267	0.1919	0.1044
21	0.0966	0.0475	0.0355	0.0496	0.0421	0.0613	0.0553	0.0349	0.1002	0.0717	0.0269	0.194	0.1057
22	0.0906	0.0479	0.0361	0.0502	0.043	0.0631	0.0565	0.0354	0.1013	0.0727	0.0272	0.1965	0.1072
23	0.0855	0.0486	0.037	0.0512	0.0436	0.0641	0.0575	0.0359	0.1035	0.0742	0.0275	0.1986	0.1086
24	0.0823	0.0499	0.0377	0.0525	0.0443	0.0651	0.0586	0.0365	0.1052	0.0755	0.0278	0.2005	0.1101
25	0.0764	0.051	0.0386	0.0535	0.0448	0.0663	0.0595	0.037	0.1069	0.0767	0.028	0.2026	0.1114
26	0.0730	0.0522	0.0396	0.0547	0.0454	0.0674	0.0605	0.0374	0.1083	0.0778	0.0282	0.2048	0.1127
27	0.0691	0.0536	0.0409	0.056	0.0457	0.0676	0.0612	0.0378	0.1094	0.0788	0.0283	0.2059	0.1138
28	0.0671	0.0546	0.0415	0.0574	0.0465	0.0689	0.0626	0.0382	0.1111	0.0802	0.0286	0.2081	0.1153
29	0.0639	0.0555	0.0423	0.0586	0.0472	0.0699	0.0636	0.0387	0.1126	0.0815	0.0288	0.2097	0.1166
30	0.0603	0.0559	0.0428	0.059	0.0475	0.0706	0.0642	0.0388	0.1131	0.082	0.0289	0.2104	0.1173
31	0.0590	0.0573	0.0438	0.0603	0.048	0.0711	0.065	0.0391	0.1142	0.083	0.029	0.2123	0.1184
32	0.0542	0.0582	0.0447	0.0613	0.0485	0.0722	0.066	0.0394	0.1157	0.084	0.0292	0.214	0.1196
33	0.0535	0.0589	0.0452	0.0625	0.0486	0.0726	0.0668	0.0398	0.1165	0.0852	0.0293	0.2147	0.1207
34	0.0495	0.0596	0.0456	0.0633	0.0494	0.0741	0.0679	0.0401	0.1178	0.0861	0.0295	0.2161	0.1217
35	0.0473	0.0594	0.0457	0.0635	0.0495	0.0744	0.0682	0.0403	0.1187	0.0867	0.0295	0.2169	0.1222
36	0.0459	0.0594	0.0461	0.0637	0.0494	0.0741	0.0683	0.0403	0.1189	0.0869	0.0296	0.2175	0.1227
37	0.0433	0.0589	0.046	0.0635	0.0498	0.0749	0.0687	0.0405	0.1196	0.0873	0.0296	0.2176	0.1229
38	0.0422	0.0591	0.046	0.0639	0.05	0.0753	0.0692	0.0407	0.1205	0.0879	0.0298	0.2187	0.1236
39	0.0423	0.0592	0.0462	0.0641	0.0503	0.0757	0.0695	0.0408	0.1211	0.0882	0.0298	0.2193	0.124
40	0.0409	0.0603	0.0471	0.065	0.0505	0.076	0.07	0.041	0.1213	0.0888	0.0299	0.2201	0.1246
41	0.0387	0.0602	0.0469	0.0653	0.0506	0.0756	0.0703	0.0412	0.1223	0.0895	0.03	0.2208	0.1253
42	0.0377	0.0599	0.0472	0.0653	0.0508	0.0764	0.0707	0.0413	0.1226	0.0898	0.0301	0.2213	0.1257
43	0.0374	0.0603	0.0476	0.0657	0.0509	0.0764	0.0709	0.0414	0.1229	0.0901	0.0301	0.2214	0.126
44	0.0359	0.0601	0.0473	0.0658	0.0513	0.0771	0.0715	0.0415	0.1238	0.0907	0.0302	0.2222	0.1267
45	0.0344	0.0604	0.0472	0.0661	0.0517	0.078	0.0721	0.0417	0.1244	0.0912	0.0302	0.2229	0.1272
46	0.0329	0.0607	0.0476	0.0665	0.0521	0.0784	0.0726	0.0419	0.1253	0.0917	0.0303	0.2238	0.1276
47	0.0328	0.0616	0.0482	0.0675	0.0522	0.0789	0.0731	0.0422	0.1265	0.0926	0.0303	0.2247	0.1283
48	0.0320	0.0617	0.0481	0.0676	0.0523	0.079	0.0733	0.0423	0.1268	0.0929	0.0303	0.2246	0.1284
49	0.0312	0.0612	0.0479	0.0675	0.0522	0.079	0.0733	0.0426	0.1275	0.0933	0.0304	0.2251	0.1287
50	0.0298	0.0616	0.0481	0.0678	0.0522	0.0792	0.0736	0.0427	0.1284	0.0938	0.0304	0.2252	0.1289
51	0.0287	0.0616	0.0482	0.0683	0.0528	0.0799	0.0743	0.043	0.1295	0.0946	0.0305	0.226	0.1297
52	0.0281	0.062	0.0485	0.0688	0.0525	0.0793	0.0743	0.0429	0.129	0.0947	0.0305	0.2263	0.1301
53	0.0288	0.0618	0.0484	0.0691	0.0528	0.0799	0.0749	0.0431	0.1297	0.0954	0.0306	0.2268	0.1307
54	0.0286	0.0629	0.049	0.0703	0.053	0.0809	0.0758	0.0432	0.13	0.0959	0.0305	0.2267	0.1311
55	0.0276	0.0631	0.0494	0.0707	0.0534	0.0815	0.0763	0.0433	0.1305	0.0963	0.0306	0.2271	0.1315
56	0.0268	0.0636	0.0501	0.0713	0.0539	0.0821	0.0768	0.0435	0.1315	0.097	0.0307	0.2278	0.132
57	0.0260	0.064	0.0502	0.0717	0.0537	0.0821	0.0769	0.0435	0.1316	0.0971	0.0306	0.2281	0.1322
58	0.0265	0.0641	0.0501	0.0721	0.0538	0.0822	0.0773	0.0433	0.1314	0.0973	0.0307	0.2284	0.1326
59	0.0248	0.0641	0.0501	0.0723	0.0537	0.0822	0.0775	0.0435	0.1317	0.0977	0.0307	0.2284	0.1329
60	0.0236	0.0643	0.0503	0.0725	0.0542	0.083	0.078	0.0435	0.132	0.098	0.0306	0.2285	0.1331
61	0.0236	0.0644	0.0502	0.0726	0.0544	0.0834	0.0783	0.0436	0.1322	0.0982	0.0307	0.2294	0.1334
62	0.0235	0.0648	0.0506	0.0733	0.0548	0.0841	0.079	0.0435	0.132	0.0985	0.0307	0.2294	0.1339
63	0.0226	0.0651	0.0509	0.0735	0.0547	0.0843	0.079	0.0436	0.1322	0.0986	0.0307	0.2294	0.1339
64	0.0226	0.0651	0.0508	0.0735	0.055	0.0847	0.0793	0.0437	0.1326	0.0988	0.0308	0.2299	0.1341
65	0.0218	0.0655	0.0512	0.0739	0.0549	0.0844	0.0793	0.0438	0.1331	0.0992	0.0308	0.2302	0.1343
66	0.0212	0.0658	0.0512	0.0741	0.0549	0.0844	0.0794	0.0439	0.1332	0.0993	0.0307	0.2298	0.1342
67	0.0217	0.0658	0.0513	0.0741	0.055	0.0848	0.0795	0.0437	0.1328	0.0991	0.0307	0.2295	0.1341
68	0.0208	0.0655	0.0509	0.0739	0.0546	0.0838	0.0791	0.0438	0.1329	0.0991	0.0306	0.2299	0.1341
69	0.0213	0.0658	0.0511	0.0744	0.0548	0.084	0.0794	0.0439	0.1332	0.0995	0.0306	0.2299	0.1344
70	0.0199	0.0659	0.051	0.0745	0.0551	0.0844	0.0797	0.044	0.1336	0.0996	0.0306	0.2299	0.1344
71	0.0207	0.0659	0.0511	0.0745	0.0552	0.0847	0.0798	0.0439	0.1337	0.0997	0.0306	0.2297	0.1344
72	0.0207	0.0663	0.0515	0.0748	0.0552	0.0848	0.0799	0.044	0.1341	0.0998	0.0306	0.2302	0.1346
73	0.0197	0.0661	0.0513	0.0745	0.0551	0.0845	0.0797	0.044	0.134	0.0997	0.0306	0.2302	0.1346
74	0.0188	0.0662	0.0514	0.0748	0.0551	0.0846	0.08	0.0441	0.1346	0.1002	0.0307	0.2311	0.1351
75	0.0183	0.0663	0.0515	0.0748	0.0552	0.0848	0.08	0.0441	0.1349	0.1002	0.0307	0.2313	0.1351
76	0.0192	0.0664	0.0515	0.075	0.0554	0.0851	0.0802	0.044	0.1349	0.1003	0.0306	0.2309	0.1351
77	0.0189	0.0669	0.0519	0.0754	0.0554	0.0851	0.0804	0.0441	0.1353	0.1006	0.0306	0.2308	0.1352
78	0.0181	0.0669	0.052	0.0756	0.0558	0.0856	0.0807	0.0442	0.1356	0.1009	0.0306	0.2305	0.1353
79	0.0178	0.067	0.0522	0.0758	0.0557	0.0857	0.0809	0.0443	0.1358	0.1011	0.0306	0.2308	0.1355
80	0.0185	0.067	0.0523	0.0758	0.056	0.0862	0.0811	0.0444	0.136	0.1013	0.0306	0.2307	0.1355
81	0.0178	0.0673	0.0525	0.0765	0.056	0.0861	0.0816	0.0446	0.1365	0.1019	0.0306	0.2305	0.136
82	0.0180	0.0669	0.0522	0.0766	0.0564	0.0871	0.0822	0.0447	0.137	0.1024	0.0307	0.2312	0.1364
83	0.0178	0.0674	0.0523	0.0772	0.0562	0.0865	0.0822	0.0445	0.1365	0.1024	0.0306	0.2316	0.1367
84	0.0167	0.0675	0.0524	0.0772	0.0562	0.0866	0.0823	0.0447	0.137	0.1026	0.0306	0.2317	0.1367
85	0.0170	0.0676	0.0526	0.0775	0.0564	0.0872	0.0827	0.0448	0.1374	0.1031	0.0306	0.2317	0.137
86	0.0162	0.0678	0.0527	0.0777	0.0565	0.0874	0.0828	0.0449	0.1375	0.1032	0.0306	0.232	0.1371
87	0.0169	0.0678	0.0528	0.0777	0.0565	0.0876	0.0829	0.0448	0.1376	0.1032	0.0307	0.232	0.1371
88	0.0175	0.0676	0.0525	0.0773	0.0562	0.0871	0.0826	0.0447	0.1371	0.1028	0.0306	0.2321	0.137
89	0.0160	0.0676	0.0524	0.0771	0.0562	0.0871	0.0824	0.0445	0.1368	0.1025	0.0306	0.232	0.1368
90	0.0160	0.068	0.0529	0.0775	0.0562	0.0872	0.0825	0.0444	0.1365	0.1024	0.0305	0.2316	0.1367
91	0.0159	0.0679	0.053	0.0774	0.0562	0.0871	0.0824	0.0444	0.1366	0.1024	0.0305	0.2314	0.1366
92	0.0153	0.0678	0.0527	0.0775	0.0563	0.0875	0.0827	0.0445	0.1365	0.1026	0.0305	0.2315	0.1368
93	0.0152	0.0675	0.0525	0.0772	0.0563	0.0872	0.0826	0.0445	0.1365	0.1025	0.0305	0.2316	0.1367
94	0.0158	0.0678	0.0529	0.0776	0.0562	0.0869	0.0826	0.0444	0.1361	0.1025	0.0304	0.2313	0.1367
95	0.0156	0.0682	0.0529	0.0776	0.0562	0.087	0.0825	0.0443	0.1363	0.1024	0.0304	0.2308	0.1364
96	0.0160	0.068	0.0528	0.0776	0.0562	0.0873	0.0826	0.0444	0.1366	0.1025	0.0304	0.2312	0.1365
97	0.0160	0.068	0.0528	0.0773	0.0562	0.0871	0.0823	0.0444	0.1364	0.1022	0.0304	0.2312	0.1362
98	0.0153	0.0678	0.0527	0.0771	0.056	0.0867	0.0821	0.0444	0.1369	0.1022	0.0304	0.2312	0.1361
99	0.0150	0.0681	0.0529	0.0774	0.0561	0.0869	0.0822	0.0443	0.1362	0.1021	0.0303	0.2313	0.1362
100	0.0148	0.0683	0.053	0.0776	0.0562	0.0874	0.0825	0.0443	0.1366	0.1023	0.0303	0.2311	0.1363
101	0.0153	0.0684	0.0531	0.0778	0.0564	0.0878	0.0828	0.0443	0.1366	0.1025	0.0303	0.2309	0.1364
102	0.0145	0.069	0.0538	0.0785	0.0566	0.0879	0.0832	0.0442	0.1364	0.1026	0.0303	0.231	0.1366
103	0.0149	0.0689	0.0537	0.0785	0.0566	0.0881	0.0832	0.0442	0.1361	0.1025	0.0303	0.2316	0.1368
104	0.0148	0.069	0.0538	0.079	0.0565	0.088	0.0835	0.0443	0.1366	0.103	0.0303	0.2319	0.1371
105	0.0144	0.0686	0.0534	0.0785	0.0564	0.0879	0.0832	0.0442	0.1365	0.1028	0.0303	0.2316	0.1369
106	0.0141	0.0687	0.0535	0.0785	0.0567	0.0884	0.0834	0.0443	0.1372	0.103	0.0303	0.2314	0.1369
107	0.0141	0.0691	0.0537	0.0788	0.0567	0.0884	0.0836	0.0444	0.1372	0.1032	0.0303	0.2314	0.137
108	0.0145	0.069	0.054	0.0788	0.0566	0.0883	0.0835	0.0445	0.1375	0.1033	0.0302	0.2308	0.1368
109	0.0139	0.0695	0.0543	0.0791	0.0567	0.0887	0.0836	0.0445	0.1374	0.1032	0.0302	0.231	0.1368
110	0.0143	0.0693	0.0542	0.0792	0.0569	0.089	0.084	0.0445	0.1378	0.1036	0.0302	0.2306	0.1369
111	0.0136	0.0697	0.0547	0.0796	0.0569	0.0889	0.0841	0.0444	0.1375	0.1036	0.0301	0.2304	0.1369
112	0.0131	0.0694	0.0547	0.0793	0.0568	0.0889	0.0839	0.0445	0.1379	0.1036	0.0302	0.2308	0.1369
113	0.0132	0.0697	0.0547	0.0797	0.0566	0.0887	0.0839	0.0444	0.1375	0.1036	0.0302	0.2306	0.1369
114	0.0136	0.07	0.0551	0.0799	0.0568	0.0889	0.0841	0.0445	0.1378	0.1038	0.0301	0.2304	0.137
115	0.0143	0.0701	0.0554	0.0802	0.0567	0.0888	0.0841	0.0445	0.1378	0.1038	0.0301	0.2299	0.1369
116	0.0139	0.0703	0.0556	0.0805	0.0568	0.0886	0.0842	0.0443	0.1374	0.1038	0.03	0.2294	0.1369
117	0.0132	0.0699	0.0556	0.0805	0.0565	0.0886	0.0843	0.0442	0.1372	0.1038	0.03	0.2288	0.1368
118	0.0135	0.0698	0.0553	0.0804	0.0567	0.0886	0.0843	0.0443	0.1378	0.1039	0.03	0.2291	0.1369
119	0.0132	0.0699	0.0554	0.0803	0.0567	0.0889	0.0843	0.0443	0.1377	0.1038	0.03	0.2295	0.1369
120	0.0132	0.0696	0.0553	0.0801	0.0567	0.0889	0.0843	0.0443	0.1377	0.1038	0.0301	0.2298	0.137
121	0.0133	0.0693	0.055	0.0797	0.0564	0.0885	0.0838	0.0442	0.1377	0.1035	0.03	0.2298	0.1366
122	0.0135	0.0699	0.0552	0.08	0.0565	0.0885	0.0839	0.0442	0.1378	0.1036	0.03	0.2301	0.1367
123	0.0135	0.0701	0.0555	0.0801	0.0565	0.0885	0.0839	0.0442	0.1379	0.1035	0.03	0.2291	0.1364
124	0.0135	0.0703	0.0558	0.0807	0.0564	0.0879	0.084	0.0443	0.1381	0.104	0.03	0.2293	0.1369
125	0.0130	0.0701	0.0556	0.0804	0.0565	0.0883	0.0841	0.0444	0.138	0.104	0.0299	0.229	0.1368
126	0.0130	0.0703	0.0559	0.081	0.0567	0.0886	0.0846	0.0443	0.1378	0.1043	0.0299	0.2292	0.1372
127	0.0125	0.0705	0.056	0.081	0.0568	0.0887	0.0846	0.0445	0.1383	0.1044	0.0299	0.229	0.1371
128	0.0123	0.0705	0.0558	0.081	0.0569	0.0891	0.0848	0.0444	0.1381	0.1044	0.03	0.2294	0.1372
129	0.0132	0.0703	0.0555	0.0809	0.0569	0.0892	0.0849	0.0443	0.1375	0.1043	0.03	0.2296	0.1374
130	0.0128	0.0704	0.0556	0.0809	0.0569	0.0894	0.085	0.0441	0.1374	0.1042	0.03	0.2294	0.1373
131	0.0129	0.0702	0.0555	0.0806	0.0565	0.0888	0.0845	0.044	0.137	0.1037	0.0299	0.2292	0.1369
132	0.0132	0.0699	0.0554	0.0801	0.0567	0.0893	0.0844	0.044	0.1371	0.1035	0.0299	0.2292	0.1367
133	0.0127	0.0702	0.0558	0.0803	0.0568	0.0893	0.0843	0.044	0.137	0.1034	0.0299	0.2287	0.1365
134	0.0129	0.07	0.0557	0.08	0.0569	0.0898	0.0844	0.044	0.1367	0.1033	0.0299	0.229	0.1364
135	0.0126	0.0699	0.0555	0.0798	0.057	0.0896	0.0844	0.0439	0.1366	0.1031	0.0299	0.2295	0.1365
136	0.0126	0.0698	0.0556	0.0799	0.0569	0.0895	0.0844	0.044	0.1369	0.1033	0.0299	0.2296	0.1366
137	0.0128	0.0699	0.0558	0.0802	0.057	0.0896	0.0847	0.0439	0.1368	0.1035	0.03	0.2299	0.1369
138	0.0127	0.0698	0.0555	0.0803	0.0571	0.0898	0.0849	0.0439	0.1369	0.1036	0.0299	0.2294	0.1369
139	0.0121	0.0698	0.0556	0.0804	0.057	0.0896	0.0849	0.0438	0.1367	0.1037	0.0299	0.2295	0.137
140	0.0122	0.0696	0.0552	0.0803	0.0569	0.0893	0.0849	0.0438	0.1368	0.1037	0.0299	0.2292	0.1369
141	0.0122	0.0692	0.0551	0.0802	0.0567	0.0892	0.0848	0.0436	0.1363	0.1036	0.0298	0.2291	0.1369
142	0.0118	0.0692	0.0548	0.0799	0.0567	0.0892	0.0847	0.0438	0.1365	0.1035	0.0298	0.229	0.1367
143	0.0127	0.0695	0.0551	0.0803	0.0569	0.0896	0.0851	0.0436	0.1363	0.1036	0.0298	0.2288	0.1368
144	0.0129	0.0696	0.0553	0.0803	0.0568	0.0893	0.0848	0.0435	0.1361	0.1034	0.0298	0.229	0.1367
145	0.0125	0.0701	0.0557	0.0807	0.0568	0.0894	0.085	0.0435	0.1363	0.1036	0.0297	0.2282	0.1366
146	0.0123	0.0701	0.056	0.081	0.0568	0.0894	0.0852	0.0438	0.1374	0.1042	0.0297	0.2283	0.1369
147	0.0122	0.0701	0.0559	0.0809	0.0569	0.0893	0.0851	0.0438	0.1379	0.1042	0.0297	0.2286	0.1369
148	0.0120	0.0708	0.0564	0.0815	0.0571	0.0897	0.0855	0.0438	0.1374	0.1044	0.0296	0.2281	0.1369
149	0.0125	0.0704	0.0564	0.0813	0.0571	0.0897	0.0855	0.0437	0.1372	0.1042	0.0296	0.2282	0.1369
150	0.0117	0.0704	0.0567	0.0815	0.0569	0.0894	0.0854	0.0437	0.1375	0.1044	0.0296	0.2282	0.137
