{"n_layers": 1, "device": "cuda", "batch_size": 2048, "embedding_dim": 256, "learning_rate": 0.0005, "dataset": "dbbook", "epochs": 150, "top_k": 20, "multimodal": true, "datasets": {"dbbook": ["images", "text"], "ml1m": ["audio", "images", "text", "video"]}}
Epoch	Loss	Recall	Precision	NDCG
1	0.6921	0.0108	0.0035	0.0075
2	0.6899	0.0247	0.0080	0.0200
3	0.6873	0.0410	0.0134	0.0346
4	0.6840	0.0562	0.0190	0.0482
5	0.6798	0.0726	0.0248	0.0604
6	0.6743	0.0837	0.0286	0.0674
7	0.6672	0.0895	0.0307	0.0702
8	0.6581	0.0918	0.0317	0.0709
9	0.6467	0.0925	0.0320	0.0698
10	0.6327	0.0924	0.0320	0.0682
11	0.6160	0.0909	0.0317	0.0658
12	0.5971	0.0888	0.0312	0.0638
13	0.5760	0.0875	0.0307	0.0624
14	0.5531	0.0858	0.0304	0.0609
15	0.5293	0.0841	0.0299	0.0596
16	0.5056	0.0834	0.0296	0.0585
17	0.4816	0.0824	0.0293	0.0576
18	0.4585	0.0815	0.0290	0.0571
19	0.4366	0.0807	0.0288	0.0567
20	0.4164	0.0804	0.0288	0.0563
21	0.3957	0.0798	0.0287	0.0559
22	0.3785	0.0796	0.0286	0.0556
23	0.3609	0.0797	0.0285	0.0555
24	0.3451	0.0798	0.0285	0.0555
25	0.3301	0.0801	0.0286	0.0558
26	0.3162	0.0803	0.0286	0.0558
27	0.3055	0.0805	0.0287	0.0560
28	0.2923	0.0806	0.0288	0.0561
29	0.2811	0.0811	0.0289	0.0563
30	0.2706	0.0816	0.0290	0.0565
31	0.2610	0.0817	0.0291	0.0568
32	0.2527	0.0819	0.0292	0.0572
33	0.2462	0.0822	0.0293	0.0576
34	0.2358	0.0825	0.0294	0.0579
35	0.2284	0.0833	0.0296	0.0585
36	0.2207	0.0838	0.0297	0.0587
37	0.2157	0.0840	0.0297	0.0589
38	0.2092	0.0841	0.0298	0.0593
39	0.2037	0.0847	0.0300	0.0599
40	0.1965	0.0851	0.0301	0.0603
41	0.1916	0.0856	0.0303	0.0607
42	0.1851	0.0861	0.0305	0.0611
43	0.1837	0.0866	0.0306	0.0615
44	0.1769	0.0875	0.0308	0.0618
45	0.1730	0.0884	0.0310	0.0624
46	0.1689	0.0887	0.0311	0.0629
47	0.1636	0.0893	0.0313	0.0632
48	0.1589	0.0899	0.0314	0.0635
49	0.1539	0.0903	0.0316	0.0637
50	0.1514	0.0904	0.0316	0.0640
51	0.1477	0.0910	0.0318	0.0644
52	0.1461	0.0917	0.0320	0.0649
53	0.1415	0.0921	0.0321	0.0653
54	0.1397	0.0924	0.0322	0.0656
55	0.1371	0.0925	0.0323	0.0658
56	0.1319	0.0929	0.0324	0.0661
57	0.1288	0.0934	0.0325	0.0666
58	0.1286	0.0939	0.0327	0.0670
59	0.1250	0.0945	0.0329	0.0672
60	0.1209	0.0949	0.0330	0.0676
61	0.1191	0.0951	0.0330	0.0679
62	0.1151	0.0954	0.0333	0.0683
63	0.1131	0.0959	0.0334	0.0685
64	0.1109	0.0961	0.0334	0.0688
65	0.1083	0.0963	0.0335	0.0691
66	0.1068	0.0966	0.0336	0.0694
67	0.1065	0.0969	0.0337	0.0698
68	0.1029	0.0973	0.0339	0.0703
69	0.0999	0.0977	0.0340	0.0706
70	0.0985	0.0978	0.0341	0.0707
71	0.0967	0.0985	0.0343	0.0712
72	0.0947	0.0986	0.0343	0.0715
73	0.0941	0.0987	0.0344	0.0716
74	0.0907	0.0994	0.0346	0.0722
75	0.0886	0.0995	0.0346	0.0724
76	0.0904	0.0998	0.0348	0.0726
77	0.0865	0.1006	0.0350	0.0731
78	0.0852	0.1006	0.0351	0.0731
79	0.0840	0.1007	0.0351	0.0732
80	0.0829	0.1013	0.0352	0.0737
81	0.0831	0.1017	0.0353	0.0741
82	0.0792	0.1019	0.0354	0.0744
83	0.0763	0.1026	0.0356	0.0747
84	0.0765	0.1025	0.0356	0.0748
85	0.0760	0.1030	0.0357	0.0750
86	0.0760	0.1034	0.0359	0.0753
87	0.0722	0.1040	0.0360	0.0758
88	0.0730	0.1043	0.0361	0.0760
89	0.0702	0.1050	0.0362	0.0765
90	0.0695	0.1053	0.0362	0.0767
91	0.0695	0.1057	0.0363	0.0771
92	0.0697	0.1057	0.0363	0.0772
93	0.0652	0.1066	0.0365	0.0777
94	0.0665	0.1070	0.0367	0.0780
95	0.0636	0.1073	0.0368	0.0783
96	0.0646	0.1077	0.0368	0.0784
97	0.0625	0.1082	0.0370	0.0788
98	0.0614	0.1082	0.0370	0.0790
99	0.0627	0.1083	0.0371	0.0792
100	0.0605	0.1086	0.0371	0.0794
101	0.0603	0.1085	0.0371	0.0796
102	0.0588	0.1087	0.0372	0.0797
103	0.0581	0.1090	0.0373	0.0799
104	0.0562	0.1092	0.0373	0.0800
105	0.0567	0.1096	0.0375	0.0803
106	0.0546	0.1099	0.0376	0.0805
107	0.0551	0.1101	0.0376	0.0808
108	0.0551	0.1102	0.0377	0.0810
109	0.0535	0.1107	0.0378	0.0813
110	0.0531	0.1112	0.0380	0.0818
111	0.0529	0.1116	0.0381	0.0820
112	0.0515	0.1115	0.0381	0.0821
113	0.0502	0.1120	0.0383	0.0823
114	0.0508	0.1122	0.0383	0.0826
115	0.0484	0.1125	0.0384	0.0828
116	0.0481	0.1128	0.0383	0.0829
117	0.0480	0.1130	0.0384	0.0830
118	0.0484	0.1133	0.0385	0.0832
119	0.0466	0.1132	0.0385	0.0833
120	0.0468	0.1130	0.0385	0.0836
121	0.0463	0.1135	0.0386	0.0839
122	0.0462	0.1130	0.0385	0.0838
123	0.0447	0.1131	0.0385	0.0840
124	0.0449	0.1135	0.0387	0.0843
125	0.0429	0.1143	0.0388	0.0846
126	0.0437	0.1144	0.0388	0.0847
127	0.0422	0.1147	0.0389	0.0849
128	0.0430	0.1146	0.0389	0.0849
129	0.0425	0.1147	0.0388	0.0850
130	0.0401	0.1146	0.0388	0.0850
131	0.0417	0.1147	0.0389	0.0852
132	0.0398	0.1149	0.0390	0.0854
133	0.0409	0.1150	0.0390	0.0855
134	0.0394	0.1149	0.0390	0.0857
135	0.0402	0.1151	0.0391	0.0858
136	0.0397	0.1158	0.0392	0.0862
137	0.0384	0.1154	0.0391	0.0861
138	0.0378	0.1159	0.0392	0.0864
139	0.0364	0.1162	0.0393	0.0866
140	0.0368	0.1167	0.0395	0.0870
141	0.0378	0.1169	0.0395	0.0872
142	0.0358	0.1167	0.0395	0.0872
143	0.0364	0.1169	0.0395	0.0874
144	0.0356	0.1169	0.0395	0.0874
145	0.0357	0.1178	0.0397	0.0878
146	0.0356	0.1180	0.0398	0.0880
147	0.0343	0.1180	0.0397	0.0880
148	0.0349	0.1179	0.0397	0.0882
149	0.0324	0.1179	0.0398	0.0883
150	0.0325	0.1180	0.0398	0.0884
