{"n_layers": 0, "device": "cuda", "batch_size": 2048, "embedding_dim": 1024, "learning_rate": 0.001, "dataset": "dbbook", "epochs": 150, "top_k": 50, "multimodal": true, "datasets": {"dbbook": ["images", "text"], "ml1m": ["audio", "images", "text", "video"]}}
Epoch	Loss	Recall	Precision	NDCG
1	0.6913	0.0276	0.0033	0.0150
2	0.6564	0.0432	0.0054	0.0272
3	0.6250	0.0552	0.0070	0.0372
4	0.5925	0.0705	0.0090	0.0476
5	0.5563	0.0837	0.0109	0.0573
6	0.5179	0.0973	0.0128	0.0665
7	0.4767	0.1124	0.0148	0.0755
8	0.4332	0.1248	0.0166	0.0831
9	0.3904	0.1350	0.0179	0.0886
10	0.3490	0.1421	0.0190	0.0926
11	0.3102	0.1494	0.0200	0.0963
12	0.2753	0.1557	0.0209	0.0994
13	0.2439	0.1618	0.0216	0.1022
14	0.2168	0.1649	0.0221	0.1041
15	0.1924	0.1679	0.0225	0.1059
16	0.1715	0.1704	0.0229	0.1074
17	0.1538	0.1720	0.0232	0.1084
18	0.1388	0.1748	0.0235	0.1100
19	0.1249	0.1766	0.0237	0.1109
20	0.1137	0.1787	0.0239	0.1121
21	0.1033	0.1807	0.0242	0.1131
22	0.0942	0.1822	0.0244	0.1139
23	0.0863	0.1833	0.0245	0.1147
24	0.0798	0.1843	0.0247	0.1151
25	0.0748	0.1855	0.0248	0.1158
26	0.0673	0.1869	0.0250	0.1165
27	0.0633	0.1878	0.0251	0.1169
28	0.0584	0.1890	0.0252	0.1176
29	0.0548	0.1897	0.0253	0.1180
30	0.0508	0.1911	0.0255	0.1189
31	0.0478	0.1924	0.0257	0.1194
32	0.0453	0.1923	0.0257	0.1196
33	0.0424	0.1923	0.0257	0.1202
34	0.0403	0.1934	0.0259	0.1210
35	0.0385	0.1935	0.0259	0.1215
36	0.0358	0.1935	0.0259	0.1215
37	0.0343	0.1943	0.0259	0.1219
38	0.0326	0.1954	0.0260	0.1223
39	0.0310	0.1956	0.0261	0.1223
40	0.0294	0.1960	0.0261	0.1224
41	0.0285	0.1959	0.0261	0.1225
42	0.0274	0.1957	0.0261	0.1227
43	0.0264	0.1960	0.0262	0.1231
44	0.0254	0.1976	0.0263	0.1236
45	0.0243	0.1979	0.0264	0.1240
46	0.0243	0.1985	0.0265	0.1242
47	0.0225	0.1985	0.0265	0.1244
48	0.0221	0.1985	0.0265	0.1244
49	0.0218	0.1991	0.0265	0.1246
50	0.0205	0.1994	0.0266	0.1247
51	0.0202	0.1999	0.0266	0.1252
52	0.0198	0.2008	0.0267	0.1255
53	0.0182	0.2010	0.0267	0.1256
54	0.0173	0.2004	0.0267	0.1254
55	0.0182	0.2014	0.0267	0.1259
56	0.0174	0.2014	0.0268	0.1261
57	0.0170	0.2015	0.0268	0.1261
58	0.0163	0.2013	0.0268	0.1263
59	0.0159	0.2021	0.0269	0.1266
60	0.0157	0.2023	0.0269	0.1267
61	0.0149	0.2025	0.0269	0.1268
62	0.0150	0.2030	0.0270	0.1272
63	0.0145	0.2035	0.0270	0.1273
64	0.0139	0.2035	0.0270	0.1275
65	0.0141	0.2034	0.0269	0.1276
66	0.0137	0.2033	0.0270	0.1277
67	0.0133	0.2033	0.0270	0.1278
68	0.0128	0.2037	0.0270	0.1279
69	0.0126	0.2039	0.0270	0.1279
70	0.0124	0.2046	0.0271	0.1283
71	0.0128	0.2044	0.0271	0.1282
72	0.0124	0.2043	0.0271	0.1282
73	0.0126	0.2043	0.0271	0.1284
74	0.0121	0.2037	0.0270	0.1283
75	0.0112	0.2035	0.0270	0.1281
76	0.0120	0.2046	0.0272	0.1286
77	0.0115	0.2047	0.0271	0.1286
78	0.0113	0.2049	0.0271	0.1286
79	0.0108	0.2049	0.0271	0.1289
80	0.0110	0.2047	0.0271	0.1289
81	0.0104	0.2047	0.0271	0.1291
82	0.0106	0.2048	0.0271	0.1290
83	0.0105	0.2046	0.0271	0.1289
84	0.0112	0.2048	0.0272	0.1291
85	0.0101	0.2048	0.0272	0.1294
86	0.0103	0.2049	0.0271	0.1295
87	0.0098	0.2053	0.0272	0.1297
88	0.0101	0.2058	0.0272	0.1299
89	0.0101	0.2062	0.0273	0.1302
90	0.0097	0.2062	0.0273	0.1302
91	0.0096	0.2067	0.0273	0.1304
92	0.0097	0.2070	0.0274	0.1303
93	0.0093	0.2071	0.0274	0.1305
94	0.0094	0.2074	0.0274	0.1305
95	0.0091	0.2077	0.0275	0.1308
96	0.0089	0.2083	0.0275	0.1313
97	0.0089	0.2085	0.0275	0.1314
98	0.0087	0.2088	0.0275	0.1314
99	0.0090	0.2087	0.0276	0.1314
100	0.0090	0.2089	0.0276	0.1315
101	0.0087	0.2088	0.0276	0.1318
102	0.0090	0.2082	0.0275	0.1315
103	0.0090	0.2080	0.0275	0.1314
104	0.0087	0.2078	0.0275	0.1314
105	0.0083	0.2076	0.0274	0.1315
106	0.0086	0.2082	0.0275	0.1321
107	0.0084	0.2078	0.0275	0.1321
108	0.0080	0.2079	0.0275	0.1322
109	0.0078	0.2078	0.0275	0.1321
110	0.0080	0.2083	0.0275	0.1322
111	0.0084	0.2079	0.0275	0.1324
112	0.0086	0.2080	0.0275	0.1324
113	0.0080	0.2070	0.0274	0.1319
114	0.0081	0.2072	0.0274	0.1316
115	0.0079	0.2074	0.0274	0.1315
116	0.0079	0.2074	0.0274	0.1314
117	0.0082	0.2073	0.0275	0.1313
118	0.0079	0.2072	0.0274	0.1312
119	0.0081	0.2078	0.0275	0.1314
120	0.0077	0.2080	0.0276	0.1317
121	0.0078	0.2078	0.0276	0.1319
122	0.0078	0.2081	0.0276	0.1321
123	0.0079	0.2085	0.0276	0.1322
124	0.0079	0.2082	0.0276	0.1322
125	0.0079	0.2085	0.0276	0.1324
126	0.0075	0.2087	0.0276	0.1325
127	0.0075	0.2089	0.0277	0.1325
128	0.0079	0.2086	0.0276	0.1325
129	0.0075	0.2088	0.0276	0.1326
130	0.0074	0.2088	0.0276	0.1326
131	0.0079	0.2086	0.0276	0.1325
132	0.0076	0.2084	0.0276	0.1325
133	0.0078	0.2082	0.0275	0.1323
134	0.0074	0.2085	0.0275	0.1326
135	0.0074	0.2084	0.0275	0.1326
136	0.0078	0.2087	0.0276	0.1325
137	0.0077	0.2083	0.0275	0.1324
138	0.0074	0.2085	0.0275	0.1323
139	0.0075	0.2089	0.0276	0.1324
140	0.0072	0.2080	0.0275	0.1322
141	0.0073	0.2082	0.0275	0.1322
142	0.0070	0.2082	0.0275	0.1321
143	0.0075	0.2086	0.0276	0.1323
144	0.0069	0.2089	0.0276	0.1324
145	0.0069	0.2088	0.0276	0.1324
146	0.0071	0.2087	0.0276	0.1324
147	0.0074	0.2088	0.0276	0.1325
148	0.0071	0.2090	0.0277	0.1328
149	0.0071	0.2088	0.0276	0.1329
150	0.0072	0.2083	0.0276	0.1330
