{"n_layers": 0, "device": "cuda", "batch_size": 2048, "embedding_dim": 1024, "learning_rate": 0.001, "dataset": "dbbook", "epochs": 150, "top_k": 50, "multimodal": true, "datasets": {"dbbook": ["images", "text"], "ml1m": ["audio", "images", "text", "video"]}}
Epoch	Loss	Recall	Precision	NDCG
1	0.6927	0.0247	0.0031	0.0128
2	0.6801	0.0480	0.0062	0.0300
3	0.6666	0.0831	0.0110	0.0570
4	0.6481	0.1172	0.0158	0.0795
5	0.6213	0.1445	0.0197	0.0952
6	0.5844	0.1625	0.0223	0.1043
7	0.5364	0.1729	0.0238	0.1096
8	0.4810	0.1796	0.0248	0.1128
9	0.4216	0.1823	0.0253	0.1142
10	0.3654	0.1857	0.0257	0.1161
11	0.3152	0.1892	0.0261	0.1175
12	0.2725	0.1922	0.0265	0.1197
13	0.2361	0.1929	0.0266	0.1205
14	0.2067	0.1954	0.0269	0.1221
15	0.1812	0.1973	0.0272	0.1236
16	0.1609	0.1984	0.0274	0.1246
17	0.1427	0.2013	0.0277	0.1265
18	0.1272	0.2031	0.0278	0.1272
19	0.1140	0.2054	0.0281	0.1282
20	0.1019	0.2080	0.0283	0.1289
21	0.0927	0.2084	0.0284	0.1295
22	0.0846	0.2093	0.0285	0.1302
23	0.0769	0.2112	0.0287	0.1312
24	0.0715	0.2124	0.0288	0.1314
25	0.0642	0.2128	0.0289	0.1316
26	0.0596	0.2139	0.0290	0.1323
27	0.0543	0.2148	0.0292	0.1331
28	0.0507	0.2142	0.0291	0.1334
29	0.0475	0.2152	0.0292	0.1340
30	0.0443	0.2160	0.0292	0.1346
31	0.0419	0.2165	0.0293	0.1349
32	0.0390	0.2162	0.0292	0.1350
33	0.0374	0.2177	0.0294	0.1359
34	0.0345	0.2184	0.0294	0.1365
35	0.0332	0.2191	0.0295	0.1367
36	0.0310	0.2202	0.0295	0.1374
37	0.0300	0.2204	0.0296	0.1376
38	0.0283	0.2213	0.0296	0.1377
39	0.0273	0.2213	0.0297	0.1380
40	0.0257	0.2219	0.0298	0.1388
41	0.0251	0.2221	0.0298	0.1389
42	0.0239	0.2228	0.0299	0.1392
43	0.0230	0.2229	0.0298	0.1392
44	0.0219	0.2234	0.0299	0.1394
45	0.0218	0.2237	0.0300	0.1397
46	0.0202	0.2229	0.0299	0.1395
47	0.0195	0.2238	0.0300	0.1401
48	0.0190	0.2245	0.0301	0.1405
49	0.0184	0.2245	0.0300	0.1406
50	0.0177	0.2247	0.0301	0.1407
51	0.0172	0.2246	0.0301	0.1407
52	0.0166	0.2248	0.0301	0.1406
53	0.0157	0.2250	0.0301	0.1408
54	0.0160	0.2256	0.0302	0.1413
55	0.0159	0.2260	0.0302	0.1415
56	0.0151	0.2260	0.0302	0.1416
57	0.0146	0.2263	0.0302	0.1417
58	0.0145	0.2278	0.0304	0.1421
59	0.0141	0.2275	0.0303	0.1420
60	0.0137	0.2280	0.0304	0.1424
61	0.0130	0.2283	0.0305	0.1426
62	0.0132	0.2282	0.0304	0.1429
63	0.0127	0.2283	0.0304	0.1430
64	0.0124	0.2286	0.0305	0.1434
65	0.0127	0.2289	0.0305	0.1435
66	0.0123	0.2285	0.0304	0.1434
67	0.0121	0.2289	0.0304	0.1435
68	0.0119	0.2290	0.0305	0.1436
69	0.0118	0.2289	0.0305	0.1437
70	0.0115	0.2283	0.0304	0.1436
71	0.0114	0.2290	0.0305	0.1439
72	0.0112	0.2290	0.0305	0.1438
73	0.0109	0.2280	0.0304	0.1436
74	0.0110	0.2283	0.0304	0.1439
75	0.0109	0.2286	0.0304	0.1438
76	0.0111	0.2279	0.0304	0.1435
77	0.0105	0.2289	0.0304	0.1439
78	0.0100	0.2288	0.0304	0.1439
79	0.0099	0.2285	0.0304	0.1439
80	0.0101	0.2290	0.0304	0.1439
81	0.0096	0.2291	0.0304	0.1440
82	0.0097	0.2290	0.0305	0.1438
83	0.0100	0.2279	0.0304	0.1435
84	0.0095	0.2288	0.0304	0.1435
85	0.0096	0.2284	0.0303	0.1433
86	0.0097	0.2293	0.0304	0.1437
87	0.0095	0.2291	0.0304	0.1438
88	0.0090	0.2290	0.0304	0.1439
89	0.0091	0.2297	0.0304	0.1442
90	0.0095	0.2298	0.0304	0.1440
91	0.0090	0.2302	0.0304	0.1440
92	0.0087	0.2306	0.0304	0.1442
93	0.0087	0.2304	0.0304	0.1440
94	0.0088	0.2307	0.0304	0.1441
95	0.0087	0.2302	0.0304	0.1438
96	0.0092	0.2311	0.0305	0.1442
97	0.0087	0.2316	0.0305	0.1443
98	0.0089	0.2314	0.0305	0.1443
99	0.0083	0.2318	0.0306	0.1446
100	0.0085	0.2315	0.0305	0.1445
101	0.0085	0.2324	0.0307	0.1450
102	0.0084	0.2324	0.0307	0.1451
103	0.0086	0.2324	0.0306	0.1451
104	0.0085	0.2319	0.0306	0.1452
105	0.0082	0.2323	0.0307	0.1456
106	0.0086	0.2323	0.0307	0.1458
107	0.0084	0.2316	0.0306	0.1458
108	0.0083	0.2322	0.0306	0.1461
109	0.0079	0.2316	0.0306	0.1458
110	0.0079	0.2315	0.0306	0.1457
111	0.0082	0.2315	0.0306	0.1457
112	0.0077	0.2322	0.0306	0.1456
113	0.0078	0.2319	0.0306	0.1455
114	0.0082	0.2323	0.0307	0.1457
115	0.0083	0.2326	0.0307	0.1456
116	0.0081	0.2322	0.0306	0.1455
117	0.0078	0.2322	0.0306	0.1454
118	0.0081	0.2314	0.0306	0.1456
119	0.0075	0.2315	0.0305	0.1458
120	0.0080	0.2311	0.0305	0.1460
121	0.0075	0.2310	0.0305	0.1460
122	0.0079	0.2311	0.0305	0.1461
123	0.0077	0.2319	0.0306	0.1462
124	0.0076	0.2319	0.0306	0.1460
125	0.0077	0.2320	0.0306	0.1462
126	0.0080	0.2329	0.0307	0.1465
127	0.0076	0.2329	0.0306	0.1465
128	0.0080	0.2326	0.0306	0.1463
129	0.0076	0.2332	0.0306	0.1466
130	0.0076	0.2336	0.0307	0.1468
131	0.0077	0.2332	0.0307	0.1468
132	0.0075	0.2327	0.0307	0.1469
133	0.0078	0.2320	0.0306	0.1468
134	0.0075	0.2322	0.0306	0.1467
135	0.0071	0.2320	0.0306	0.1465
136	0.0073	0.2326	0.0307	0.1468
137	0.0072	0.2322	0.0307	0.1467
138	0.0073	0.2321	0.0306	0.1466
139	0.0074	0.2319	0.0306	0.1466
140	0.0079	0.2318	0.0306	0.1463
141	0.0071	0.2318	0.0306	0.1464
142	0.0074	0.2322	0.0306	0.1467
143	0.0074	0.2321	0.0306	0.1465
144	0.0074	0.2320	0.0306	0.1464
145	0.0071	0.2317	0.0305	0.1462
146	0.0077	0.2315	0.0305	0.1460
147	0.0072	0.2314	0.0305	0.1459
148	0.0073	0.2303	0.0304	0.1459
149	0.0073	0.2312	0.0304	0.1459
150	0.0073	0.2315	0.0304	0.1461
