{"n_layers": 0, "device": "cuda", "batch_size": 2048, "embedding_dim": 128, "learning_rate": 0.0005, "dataset": "dbbook", "epochs": 150, "top_k": 50, "multimodal": false, "datasets": {"dbbook": ["images", "text"], "ml1m": ["audio", "images", "text", "video"]}}
Epoch	Loss	Recall	Precision	NDCG
1	0.6931	0.0098	0.0013	0.0047
2	0.6922	0.0117	0.0015	0.0054
3	0.6913	0.0148	0.0018	0.0073
4	0.6903	0.0202	0.0026	0.0113
5	0.6889	0.0281	0.0038	0.0168
6	0.6872	0.0414	0.0056	0.0257
7	0.6850	0.0587	0.0080	0.0360
8	0.6819	0.0773	0.0106	0.0461
9	0.6780	0.0935	0.0130	0.0556
10	0.6729	0.1067	0.0149	0.0633
11	0.6664	0.1180	0.0166	0.0694
12	0.6584	0.1294	0.0180	0.0748
13	0.6485	0.1359	0.0189	0.0785
14	0.6369	0.1421	0.0198	0.0821
15	0.6235	0.1459	0.0203	0.0840
16	0.6081	0.1486	0.0208	0.0855
17	0.5913	0.1513	0.0212	0.0874
18	0.5729	0.1533	0.0215	0.0886
19	0.5537	0.1549	0.0217	0.0896
20	0.5339	0.1557	0.0218	0.0903
21	0.5131	0.1560	0.0218	0.0909
22	0.4934	0.1567	0.0220	0.0914
23	0.4728	0.1566	0.0220	0.0919
24	0.4542	0.1564	0.0221	0.0923
25	0.4349	0.1567	0.0222	0.0927
26	0.4169	0.1580	0.0222	0.0935
27	0.4007	0.1586	0.0224	0.0940
28	0.3842	0.1598	0.0225	0.0948
29	0.3694	0.1598	0.0226	0.0951
30	0.3552	0.1607	0.0227	0.0957
31	0.3409	0.1611	0.0228	0.0959
32	0.3298	0.1612	0.0228	0.0962
33	0.3173	0.1626	0.0229	0.0968
34	0.3065	0.1625	0.0230	0.0970
35	0.2963	0.1633	0.0230	0.0971
36	0.2858	0.1639	0.0232	0.0976
37	0.2767	0.1636	0.0232	0.0976
38	0.2686	0.1647	0.0233	0.0981
39	0.2592	0.1652	0.0233	0.0986
40	0.2522	0.1657	0.0234	0.0991
41	0.2442	0.1667	0.0235	0.0996
42	0.2364	0.1672	0.0236	0.0999
43	0.2286	0.1677	0.0236	0.1000
44	0.2250	0.1683	0.0236	0.1003
45	0.2156	0.1685	0.0237	0.1004
46	0.2107	0.1703	0.0238	0.1010
47	0.2047	0.1707	0.0238	0.1014
48	0.1977	0.1712	0.0239	0.1017
49	0.1938	0.1714	0.0239	0.1019
50	0.1884	0.1719	0.0240	0.1025
51	0.1824	0.1719	0.0240	0.1026
52	0.1764	0.1721	0.0240	0.1027
53	0.1720	0.1728	0.0241	0.1030
54	0.1688	0.1735	0.0242	0.1034
55	0.1649	0.1737	0.0242	0.1036
56	0.1596	0.1742	0.0243	0.1040
57	0.1555	0.1744	0.0243	0.1042
58	0.1514	0.1755	0.0244	0.1047
59	0.1460	0.1758	0.0244	0.1050
60	0.1423	0.1763	0.0245	0.1054
61	0.1406	0.1763	0.0244	0.1055
62	0.1356	0.1766	0.0245	0.1055
63	0.1319	0.1770	0.0245	0.1057
64	0.1299	0.1776	0.0246	0.1059
65	0.1259	0.1778	0.0246	0.1062
66	0.1226	0.1782	0.0246	0.1066
67	0.1205	0.1791	0.0247	0.1070
68	0.1180	0.1789	0.0246	0.1070
69	0.1147	0.1790	0.0247	0.1072
70	0.1127	0.1795	0.0247	0.1075
71	0.1081	0.1796	0.0247	0.1077
72	0.1064	0.1799	0.0248	0.1082
73	0.1049	0.1803	0.0248	0.1083
74	0.1021	0.1804	0.0248	0.1082
75	0.0994	0.1811	0.0249	0.1085
76	0.0957	0.1815	0.0249	0.1088
77	0.0936	0.1816	0.0250	0.1089
78	0.0924	0.1819	0.0250	0.1091
79	0.0894	0.1823	0.0250	0.1092
80	0.0877	0.1826	0.0251	0.1094
81	0.0861	0.1832	0.0251	0.1097
82	0.0842	0.1829	0.0251	0.1096
83	0.0825	0.1831	0.0251	0.1098
84	0.0816	0.1834	0.0252	0.1101
85	0.0785	0.1836	0.0252	0.1103
86	0.0758	0.1837	0.0252	0.1105
87	0.0746	0.1837	0.0252	0.1104
88	0.0734	0.1837	0.0252	0.1105
89	0.0716	0.1837	0.0252	0.1106
90	0.0703	0.1839	0.0252	0.1108
91	0.0686	0.1846	0.0253	0.1112
92	0.0672	0.1851	0.0253	0.1114
93	0.0661	0.1853	0.0253	0.1115
94	0.0657	0.1854	0.0253	0.1116
95	0.0637	0.1860	0.0254	0.1118
96	0.0625	0.1861	0.0254	0.1119
97	0.0613	0.1861	0.0254	0.1121
98	0.0600	0.1860	0.0254	0.1123
99	0.0595	0.1868	0.0255	0.1126
100	0.0575	0.1873	0.0255	0.1129
101	0.0575	0.1876	0.0255	0.1130
102	0.0556	0.1879	0.0256	0.1131
103	0.0545	0.1880	0.0256	0.1133
104	0.0534	0.1880	0.0256	0.1134
105	0.0527	0.1884	0.0256	0.1134
106	0.0519	0.1887	0.0256	0.1136
107	0.0496	0.1888	0.0256	0.1135
108	0.0493	0.1885	0.0256	0.1136
109	0.0489	0.1890	0.0256	0.1136
110	0.0472	0.1889	0.0256	0.1137
111	0.0468	0.1893	0.0257	0.1139
112	0.0466	0.1896	0.0257	0.1140
113	0.0457	0.1901	0.0258	0.1142
114	0.0447	0.1896	0.0257	0.1141
115	0.0430	0.1901	0.0257	0.1143
116	0.0433	0.1902	0.0258	0.1145
117	0.0428	0.1902	0.0258	0.1147
118	0.0410	0.1902	0.0258	0.1146
119	0.0405	0.1899	0.0258	0.1146
120	0.0399	0.1903	0.0258	0.1148
121	0.0394	0.1906	0.0259	0.1150
122	0.0387	0.1911	0.0259	0.1152
123	0.0388	0.1913	0.0260	0.1154
124	0.0382	0.1913	0.0260	0.1154
125	0.0376	0.1912	0.0259	0.1153
126	0.0373	0.1913	0.0259	0.1153
127	0.0357	0.1914	0.0259	0.1154
128	0.0353	0.1913	0.0259	0.1153
129	0.0349	0.1917	0.0259	0.1156
130	0.0342	0.1920	0.0259	0.1158
131	0.0337	0.1918	0.0259	0.1158
132	0.0337	0.1921	0.0259	0.1160
133	0.0333	0.1918	0.0259	0.1160
134	0.0333	0.1919	0.0259	0.1160
135	0.0325	0.1921	0.0260	0.1162
136	0.0319	0.1920	0.0260	0.1162
137	0.0316	0.1924	0.0260	0.1163
138	0.0300	0.1924	0.0260	0.1165
139	0.0301	0.1928	0.0260	0.1167
140	0.0299	0.1929	0.0260	0.1165
141	0.0292	0.1933	0.0260	0.1166
142	0.0284	0.1934	0.0261	0.1168
143	0.0288	0.1934	0.0261	0.1169
144	0.0282	0.1932	0.0261	0.1170
145	0.0286	0.1931	0.0260	0.1171
146	0.0273	0.1936	0.0260	0.1173
147	0.0266	0.1936	0.0261	0.1174
148	0.0274	0.1934	0.0260	0.1174
149	0.0261	0.1933	0.0260	0.1175
150	0.0262	0.1933	0.0260	0.1176
