{"n_layers": 1, "device": "cuda", "batch_size": 2048, "embedding_dim": 512, "learning_rate": 0.001, "dataset": "dbbook", "epochs": 150, "top_k": 50, "multimodal": true, "datasets": {"dbbook": ["images", "text"], "ml1m": ["audio", "images", "text", "video"]}}
Epoch	Loss	Recall	Precision	NDCG
1	0.6903	0.0509	0.0065	0.0314
2	0.6795	0.1027	0.0138	0.0684
3	0.6643	0.1392	0.0190	0.0886
4	0.6407	0.1572	0.0216	0.0950
5	0.6058	0.1624	0.0227	0.0955
6	0.5592	0.1650	0.0231	0.0941
7	0.5033	0.1639	0.0231	0.0919
8	0.4457	0.1632	0.0230	0.0903
9	0.3914	0.1635	0.0230	0.0899
10	0.3439	0.1641	0.0232	0.0900
11	0.3049	0.1644	0.0233	0.0903
12	0.2712	0.1654	0.0233	0.0905
13	0.2438	0.1673	0.0236	0.0913
14	0.2214	0.1690	0.0238	0.0924
15	0.2012	0.1717	0.0241	0.0936
16	0.1835	0.1738	0.0244	0.0948
17	0.1691	0.1748	0.0246	0.0958
18	0.1560	0.1766	0.0248	0.0968
19	0.1451	0.1787	0.0251	0.0980
20	0.1358	0.1809	0.0253	0.0996
21	0.1266	0.1829	0.0256	0.1010
22	0.1163	0.1849	0.0258	0.1024
23	0.1119	0.1874	0.0260	0.1038
24	0.1037	0.1890	0.0262	0.1048
25	0.0978	0.1914	0.0264	0.1064
26	0.0918	0.1923	0.0266	0.1073
27	0.0867	0.1938	0.0268	0.1084
28	0.0831	0.1958	0.0270	0.1094
29	0.0767	0.1974	0.0272	0.1106
30	0.0753	0.1993	0.0274	0.1117
31	0.0718	0.2012	0.0276	0.1129
32	0.0674	0.2019	0.0277	0.1134
33	0.0639	0.2030	0.0279	0.1143
34	0.0600	0.2038	0.0280	0.1148
35	0.0582	0.2053	0.0281	0.1155
36	0.0572	0.2065	0.0282	0.1163
37	0.0548	0.2083	0.0283	0.1173
38	0.0503	0.2088	0.0284	0.1179
39	0.0497	0.2096	0.0284	0.1187
40	0.0481	0.2099	0.0285	0.1191
41	0.0472	0.2108	0.0286	0.1198
42	0.0447	0.2121	0.0288	0.1205
43	0.0429	0.2129	0.0289	0.1210
44	0.0422	0.2135	0.0290	0.1215
45	0.0395	0.2142	0.0291	0.1217
46	0.0391	0.2140	0.0291	0.1219
47	0.0377	0.2149	0.0292	0.1225
48	0.0363	0.2156	0.0293	0.1230
49	0.0356	0.2157	0.0293	0.1235
50	0.0344	0.2153	0.0292	0.1233
51	0.0334	0.2152	0.0292	0.1235
52	0.0330	0.2157	0.0293	0.1240
53	0.0313	0.2161	0.0293	0.1244
54	0.0304	0.2164	0.0294	0.1248
55	0.0297	0.2163	0.0293	0.1249
56	0.0290	0.2171	0.0294	0.1256
57	0.0286	0.2174	0.0294	0.1259
58	0.0279	0.2176	0.0294	0.1262
59	0.0271	0.2173	0.0294	0.1263
60	0.0266	0.2179	0.0294	0.1267
61	0.0250	0.2180	0.0294	0.1270
62	0.0250	0.2179	0.0294	0.1271
63	0.0248	0.2182	0.0294	0.1274
64	0.0243	0.2184	0.0294	0.1278
65	0.0251	0.2193	0.0295	0.1282
66	0.0229	0.2195	0.0295	0.1281
67	0.0231	0.2200	0.0296	0.1286
68	0.0222	0.2198	0.0295	0.1284
69	0.0224	0.2205	0.0295	0.1286
70	0.0218	0.2206	0.0296	0.1289
71	0.0216	0.2207	0.0296	0.1291
72	0.0209	0.2204	0.0295	0.1291
73	0.0209	0.2204	0.0295	0.1291
74	0.0205	0.2199	0.0294	0.1287
75	0.0202	0.2201	0.0294	0.1289
76	0.0193	0.2199	0.0294	0.1289
77	0.0193	0.2198	0.0294	0.1288
78	0.0189	0.2202	0.0295	0.1291
79	0.0187	0.2208	0.0295	0.1295
80	0.0187	0.2201	0.0295	0.1295
81	0.0173	0.2201	0.0294	0.1297
82	0.0182	0.2209	0.0295	0.1300
83	0.0178	0.2209	0.0295	0.1301
84	0.0178	0.2215	0.0296	0.1301
85	0.0169	0.2215	0.0295	0.1302
86	0.0178	0.2219	0.0296	0.1305
87	0.0164	0.2217	0.0295	0.1305
88	0.0162	0.2222	0.0296	0.1307
89	0.0160	0.2224	0.0296	0.1308
90	0.0165	0.2223	0.0295	0.1310
91	0.0155	0.2223	0.0295	0.1311
92	0.0165	0.2218	0.0295	0.1310
93	0.0160	0.2219	0.0295	0.1313
94	0.0152	0.2222	0.0294	0.1313
95	0.0148	0.2215	0.0293	0.1312
96	0.0149	0.2209	0.0293	0.1310
97	0.0143	0.2211	0.0293	0.1311
98	0.0145	0.2211	0.0293	0.1312
99	0.0151	0.2216	0.0293	0.1312
100	0.0149	0.2216	0.0293	0.1311
101	0.0145	0.2217	0.0293	0.1312
102	0.0141	0.2222	0.0293	0.1312
103	0.0142	0.2226	0.0293	0.1315
104	0.0135	0.2222	0.0294	0.1314
105	0.0143	0.2218	0.0293	0.1312
106	0.0140	0.2218	0.0294	0.1313
107	0.0133	0.2225	0.0294	0.1315
108	0.0129	0.2224	0.0294	0.1316
109	0.0137	0.2213	0.0293	0.1314
110	0.0126	0.2210	0.0292	0.1312
111	0.0124	0.2210	0.0292	0.1313
112	0.0137	0.2212	0.0292	0.1314
113	0.0130	0.2211	0.0292	0.1314
114	0.0126	0.2209	0.0292	0.1313
115	0.0131	0.2217	0.0292	0.1315
116	0.0130	0.2220	0.0292	0.1317
117	0.0131	0.2216	0.0292	0.1315
118	0.0126	0.2218	0.0291	0.1315
119	0.0121	0.2215	0.0291	0.1317
120	0.0122	0.2210	0.0291	0.1314
121	0.0124	0.2204	0.0290	0.1312
122	0.0126	0.2204	0.0290	0.1313
123	0.0120	0.2205	0.0290	0.1313
124	0.0126	0.2198	0.0289	0.1311
125	0.0119	0.2198	0.0289	0.1313
126	0.0120	0.2201	0.0289	0.1314
127	0.0117	0.2202	0.0289	0.1313
128	0.0117	0.2197	0.0288	0.1312
129	0.0115	0.2199	0.0288	0.1312
130	0.0118	0.2202	0.0288	0.1314
131	0.0117	0.2199	0.0288	0.1313
132	0.0113	0.2201	0.0288	0.1311
133	0.0114	0.2200	0.0288	0.1312
134	0.0111	0.2193	0.0287	0.1308
135	0.0112	0.2200	0.0288	0.1310
136	0.0112	0.2198	0.0287	0.1309
137	0.0118	0.2194	0.0287	0.1308
138	0.0112	0.2195	0.0286	0.1308
139	0.0116	0.2194	0.0286	0.1307
140	0.0109	0.2194	0.0287	0.1307
141	0.0113	0.2186	0.0286	0.1307
142	0.0107	0.2193	0.0286	0.1310
143	0.0112	0.2194	0.0286	0.1313
144	0.0110	0.2196	0.0286	0.1314
145	0.0106	0.2195	0.0286	0.1312
146	0.0107	0.2193	0.0286	0.1309
147	0.0110	0.2192	0.0285	0.1310
148	0.0108	0.2193	0.0285	0.1310
149	0.0109	0.2193	0.0285	0.1312
150	0.0105	0.2190	0.0285	0.1311
