{"n_layers": 2, "device": "cuda", "batch_size": 2048, "embedding_dim": 512, "learning_rate": 0.001, "dataset": "dbbook", "epochs": 150, "top_k": 50, "multimodal": true, "datasets": {"dbbook": ["images", "text"], "ml1m": ["audio", "images", "text", "video"]}}
Epoch	Loss	Recall	Precision	NDCG
1	0.6897	0.0879	0.0119	0.0594
2	0.6779	0.1371	0.0191	0.0853
3	0.6580	0.1544	0.0216	0.0893
4	0.6235	0.1536	0.0216	0.0847
5	0.5705	0.1510	0.0214	0.0805
6	0.5048	0.1469	0.0211	0.0772
7	0.4402	0.1447	0.0209	0.0754
8	0.3844	0.1452	0.0210	0.0753
9	0.3411	0.1462	0.0211	0.0759
10	0.3066	0.1476	0.0213	0.0767
11	0.2811	0.1489	0.0215	0.0777
12	0.2560	0.1514	0.0218	0.0790
13	0.2378	0.1528	0.0220	0.0805
14	0.2202	0.1552	0.0223	0.0820
15	0.2062	0.1578	0.0226	0.0834
16	0.1933	0.1612	0.0230	0.0853
17	0.1818	0.1645	0.0233	0.0872
18	0.1747	0.1668	0.0237	0.0890
19	0.1619	0.1687	0.0239	0.0907
20	0.1517	0.1711	0.0242	0.0923
21	0.1431	0.1739	0.0245	0.0938
22	0.1396	0.1766	0.0249	0.0952
23	0.1303	0.1796	0.0252	0.0968
24	0.1229	0.1820	0.0255	0.0981
25	0.1188	0.1831	0.0257	0.0990
26	0.1135	0.1862	0.0260	0.1008
27	0.1088	0.1887	0.0263	0.1023
28	0.1042	0.1911	0.0265	0.1037
29	0.1001	0.1924	0.0267	0.1051
30	0.0968	0.1941	0.0269	0.1061
31	0.0893	0.1953	0.0271	0.1074
32	0.0856	0.1966	0.0272	0.1082
33	0.0851	0.1981	0.0274	0.1092
34	0.0798	0.1989	0.0275	0.1098
35	0.0789	0.2007	0.0277	0.1107
36	0.0764	0.2023	0.0278	0.1114
37	0.0716	0.2035	0.0280	0.1121
38	0.0719	0.2046	0.0281	0.1130
39	0.0687	0.2058	0.0283	0.1139
40	0.0637	0.2067	0.0284	0.1146
41	0.0640	0.2081	0.0285	0.1155
42	0.0622	0.2094	0.0286	0.1161
43	0.0587	0.2100	0.0287	0.1168
44	0.0586	0.2108	0.0288	0.1175
45	0.0571	0.2125	0.0290	0.1185
46	0.0553	0.2131	0.0291	0.1192
47	0.0521	0.2137	0.0292	0.1198
48	0.0519	0.2142	0.0292	0.1202
49	0.0518	0.2148	0.0292	0.1207
50	0.0474	0.2147	0.0292	0.1209
51	0.0484	0.2159	0.0293	0.1218
52	0.0473	0.2164	0.0294	0.1225
53	0.0447	0.2175	0.0295	0.1230
54	0.0464	0.2175	0.0295	0.1235
55	0.0434	0.2178	0.0295	0.1240
56	0.0432	0.2187	0.0297	0.1245
57	0.0409	0.2187	0.0296	0.1249
58	0.0409	0.2196	0.0297	0.1256
59	0.0398	0.2196	0.0297	0.1258
60	0.0395	0.2204	0.0298	0.1262
61	0.0385	0.2203	0.0297	0.1264
62	0.0380	0.2205	0.0297	0.1266
63	0.0364	0.2211	0.0298	0.1272
64	0.0360	0.2217	0.0299	0.1276
65	0.0339	0.2224	0.0300	0.1279
66	0.0338	0.2222	0.0300	0.1280
67	0.0335	0.2228	0.0300	0.1281
68	0.0331	0.2236	0.0301	0.1285
69	0.0328	0.2235	0.0301	0.1288
70	0.0322	0.2239	0.0301	0.1288
71	0.0320	0.2243	0.0302	0.1292
72	0.0307	0.2243	0.0302	0.1296
73	0.0289	0.2251	0.0303	0.1300
74	0.0289	0.2253	0.0303	0.1303
75	0.0289	0.2251	0.0304	0.1305
76	0.0291	0.2258	0.0303	0.1306
77	0.0287	0.2258	0.0303	0.1309
78	0.0270	0.2266	0.0304	0.1311
79	0.0273	0.2266	0.0304	0.1314
80	0.0273	0.2269	0.0304	0.1316
81	0.0269	0.2274	0.0304	0.1319
82	0.0262	0.2274	0.0304	0.1323
83	0.0257	0.2276	0.0305	0.1324
84	0.0254	0.2275	0.0304	0.1326
85	0.0244	0.2273	0.0304	0.1324
86	0.0239	0.2275	0.0304	0.1328
87	0.0248	0.2272	0.0304	0.1326
88	0.0235	0.2268	0.0304	0.1327
89	0.0249	0.2271	0.0303	0.1328
90	0.0240	0.2275	0.0304	0.1333
91	0.0234	0.2278	0.0304	0.1334
92	0.0226	0.2275	0.0303	0.1335
93	0.0224	0.2281	0.0304	0.1337
94	0.0232	0.2287	0.0304	0.1340
95	0.0217	0.2284	0.0304	0.1337
96	0.0218	0.2286	0.0304	0.1338
97	0.0223	0.2288	0.0304	0.1339
98	0.0210	0.2288	0.0304	0.1340
99	0.0214	0.2289	0.0304	0.1340
100	0.0218	0.2292	0.0304	0.1343
101	0.0206	0.2291	0.0304	0.1344
102	0.0203	0.2292	0.0305	0.1345
103	0.0192	0.2298	0.0305	0.1346
104	0.0206	0.2303	0.0305	0.1349
105	0.0194	0.2299	0.0305	0.1350
106	0.0206	0.2294	0.0304	0.1349
107	0.0203	0.2296	0.0305	0.1351
108	0.0190	0.2298	0.0305	0.1353
109	0.0195	0.2298	0.0304	0.1352
110	0.0191	0.2294	0.0304	0.1351
111	0.0186	0.2293	0.0304	0.1351
112	0.0187	0.2292	0.0304	0.1349
113	0.0182	0.2293	0.0303	0.1349
114	0.0193	0.2292	0.0303	0.1351
115	0.0187	0.2293	0.0303	0.1351
116	0.0187	0.2295	0.0303	0.1353
117	0.0179	0.2298	0.0303	0.1355
118	0.0186	0.2304	0.0303	0.1356
119	0.0183	0.2299	0.0303	0.1352
120	0.0179	0.2297	0.0303	0.1352
121	0.0182	0.2297	0.0303	0.1352
122	0.0175	0.2300	0.0303	0.1351
123	0.0171	0.2300	0.0303	0.1351
124	0.0175	0.2298	0.0302	0.1352
125	0.0167	0.2298	0.0302	0.1350
126	0.0167	0.2300	0.0302	0.1351
127	0.0167	0.2297	0.0302	0.1349
128	0.0163	0.2298	0.0302	0.1349
129	0.0159	0.2297	0.0302	0.1349
130	0.0167	0.2294	0.0302	0.1350
131	0.0168	0.2294	0.0302	0.1350
132	0.0164	0.2293	0.0301	0.1349
133	0.0163	0.2288	0.0301	0.1347
134	0.0168	0.2290	0.0301	0.1349
135	0.0165	0.2293	0.0301	0.1352
136	0.0159	0.2285	0.0300	0.1350
137	0.0154	0.2285	0.0300	0.1350
138	0.0153	0.2282	0.0300	0.1351
139	0.0152	0.2286	0.0300	0.1353
140	0.0147	0.2282	0.0300	0.1351
141	0.0159	0.2281	0.0299	0.1352
142	0.0160	0.2281	0.0299	0.1352
143	0.0155	0.2285	0.0299	0.1353
144	0.0144	0.2280	0.0299	0.1350
145	0.0152	0.2285	0.0299	0.1352
146	0.0145	0.2287	0.0299	0.1353
147	0.0150	0.2284	0.0299	0.1350
148	0.0152	0.2288	0.0299	0.1351
149	0.0150	0.2290	0.0299	0.1352
150	0.0148	0.2281	0.0298	0.1351
