{"n_layers": 2, "device": "cuda", "batch_size": 2048, "embedding_dim": 512, "learning_rate": 0.001, "dataset": "dbbook", "epochs": 150, "top_k": 10, "multimodal": false, "datasets": {"dbbook": ["images", "text"], "ml1m": ["audio", "images", "text", "video"]}}
Epoch	Loss	Recall	Precision	NDCG
1	0.6895	0.0437	0.0302	0.0378
2	0.6695	0.0342	0.0246	0.0303
3	0.6013	0.0303	0.0223	0.0273
4	0.4874	0.0306	0.0225	0.0273
5	0.3906	0.0320	0.0234	0.0283
6	0.3321	0.0337	0.0245	0.0297
7	0.2960	0.0358	0.0258	0.0317
8	0.2679	0.0371	0.0265	0.0336
9	0.2428	0.0399	0.0285	0.0359
10	0.2232	0.0432	0.0304	0.0381
11	0.2061	0.0460	0.0321	0.0404
12	0.1889	0.0485	0.0334	0.0426
13	0.1721	0.0494	0.0341	0.0441
14	0.1569	0.0509	0.0352	0.0458
15	0.1458	0.0521	0.0359	0.0473
16	0.1364	0.0535	0.0366	0.0486
17	0.1249	0.0550	0.0376	0.0498
18	0.1151	0.0567	0.0385	0.0514
19	0.1075	0.0584	0.0398	0.0530
20	0.1003	0.0597	0.0406	0.0541
21	0.0941	0.0608	0.0410	0.0552
22	0.0888	0.0618	0.0417	0.0566
23	0.0821	0.0625	0.0420	0.0573
24	0.0778	0.0634	0.0423	0.0580
25	0.0748	0.0637	0.0426	0.0586
26	0.0692	0.0640	0.0429	0.0588
27	0.0659	0.0653	0.0434	0.0597
28	0.0614	0.0656	0.0438	0.0603
29	0.0606	0.0669	0.0447	0.0613
30	0.0582	0.0682	0.0456	0.0625
31	0.0574	0.0684	0.0457	0.0628
32	0.0526	0.0697	0.0464	0.0640
33	0.0498	0.0702	0.0469	0.0646
34	0.0483	0.0703	0.0470	0.0649
35	0.0459	0.0703	0.0471	0.0650
36	0.0435	0.0706	0.0470	0.0651
37	0.0436	0.0712	0.0473	0.0659
38	0.0408	0.0721	0.0477	0.0665
39	0.0389	0.0729	0.0479	0.0670
40	0.0381	0.0739	0.0483	0.0676
41	0.0381	0.0741	0.0484	0.0680
42	0.0366	0.0743	0.0488	0.0688
43	0.0336	0.0747	0.0490	0.0693
44	0.0335	0.0756	0.0493	0.0701
45	0.0318	0.0753	0.0493	0.0701
46	0.0299	0.0754	0.0496	0.0703
47	0.0303	0.0756	0.0496	0.0704
48	0.0294	0.0757	0.0495	0.0704
49	0.0294	0.0756	0.0496	0.0706
50	0.0286	0.0763	0.0501	0.0713
51	0.0274	0.0767	0.0503	0.0716
52	0.0265	0.0765	0.0501	0.0716
53	0.0266	0.0777	0.0508	0.0723
54	0.0248	0.0782	0.0510	0.0728
55	0.0248	0.0782	0.0508	0.0726
56	0.0245	0.0779	0.0505	0.0725
57	0.0235	0.0776	0.0505	0.0728
58	0.0239	0.0783	0.0508	0.0734
59	0.0227	0.0784	0.0508	0.0732
60	0.0218	0.0788	0.0508	0.0733
61	0.0214	0.0784	0.0507	0.0732
62	0.0214	0.0784	0.0508	0.0734
63	0.0207	0.0789	0.0509	0.0739
64	0.0204	0.0788	0.0506	0.0737
65	0.0198	0.0784	0.0506	0.0737
66	0.0193	0.0784	0.0505	0.0737
67	0.0194	0.0785	0.0505	0.0736
68	0.0188	0.0789	0.0505	0.0738
69	0.0179	0.0787	0.0505	0.0738
70	0.0181	0.0790	0.0506	0.0739
71	0.0174	0.0789	0.0505	0.0739
72	0.0166	0.0792	0.0507	0.0743
73	0.0173	0.0797	0.0510	0.0747
74	0.0179	0.0798	0.0510	0.0748
75	0.0165	0.0798	0.0509	0.0750
76	0.0159	0.0795	0.0510	0.0750
77	0.0161	0.0799	0.0512	0.0750
78	0.0166	0.0802	0.0514	0.0751
79	0.0151	0.0799	0.0512	0.0751
80	0.0159	0.0797	0.0511	0.0751
81	0.0154	0.0801	0.0513	0.0755
82	0.0152	0.0803	0.0513	0.0759
83	0.0156	0.0804	0.0514	0.0759
84	0.0149	0.0806	0.0514	0.0760
85	0.0140	0.0803	0.0513	0.0757
86	0.0146	0.0805	0.0514	0.0759
87	0.0138	0.0801	0.0513	0.0757
88	0.0146	0.0802	0.0514	0.0758
89	0.0134	0.0796	0.0510	0.0754
90	0.0137	0.0799	0.0510	0.0757
91	0.0134	0.0803	0.0512	0.0760
92	0.0137	0.0804	0.0511	0.0760
93	0.0128	0.0809	0.0513	0.0761
94	0.0129	0.0810	0.0514	0.0764
95	0.0129	0.0811	0.0514	0.0765
96	0.0127	0.0816	0.0517	0.0767
97	0.0122	0.0815	0.0517	0.0767
98	0.0126	0.0813	0.0517	0.0766
99	0.0119	0.0815	0.0518	0.0769
100	0.0122	0.0813	0.0516	0.0768
101	0.0124	0.0811	0.0515	0.0768
102	0.0112	0.0813	0.0514	0.0768
103	0.0128	0.0815	0.0514	0.0772
104	0.0112	0.0816	0.0515	0.0775
105	0.0116	0.0815	0.0516	0.0774
106	0.0118	0.0818	0.0516	0.0777
107	0.0118	0.0816	0.0516	0.0775
108	0.0116	0.0812	0.0515	0.0772
109	0.0107	0.0816	0.0518	0.0776
110	0.0115	0.0819	0.0519	0.0779
111	0.0110	0.0822	0.0520	0.0780
112	0.0107	0.0813	0.0516	0.0776
113	0.0116	0.0807	0.0513	0.0772
114	0.0104	0.0811	0.0515	0.0775
115	0.0102	0.0808	0.0514	0.0774
116	0.0107	0.0807	0.0513	0.0771
117	0.0106	0.0811	0.0514	0.0774
118	0.0110	0.0819	0.0516	0.0777
119	0.0109	0.0820	0.0517	0.0781
120	0.0107	0.0821	0.0520	0.0784
121	0.0096	0.0820	0.0518	0.0781
122	0.0101	0.0822	0.0518	0.0780
123	0.0102	0.0820	0.0516	0.0778
124	0.0101	0.0818	0.0517	0.0777
125	0.0096	0.0818	0.0518	0.0779
126	0.0107	0.0811	0.0514	0.0774
127	0.0103	0.0811	0.0513	0.0772
128	0.0097	0.0810	0.0512	0.0769
129	0.0096	0.0810	0.0512	0.0770
130	0.0100	0.0808	0.0511	0.0769
131	0.0101	0.0812	0.0511	0.0770
132	0.0092	0.0808	0.0509	0.0768
133	0.0097	0.0809	0.0509	0.0768
134	0.0102	0.0809	0.0510	0.0769
135	0.0099	0.0811	0.0512	0.0772
136	0.0090	0.0809	0.0510	0.0769
137	0.0092	0.0805	0.0508	0.0768
138	0.0098	0.0806	0.0509	0.0768
139	0.0099	0.0804	0.0509	0.0766
140	0.0094	0.0807	0.0511	0.0769
141	0.0090	0.0809	0.0511	0.0770
142	0.0092	0.0813	0.0514	0.0773
143	0.0101	0.0817	0.0516	0.0776
144	0.0092	0.0812	0.0514	0.0775
145	0.0091	0.0814	0.0514	0.0777
146	0.0088	0.0817	0.0513	0.0775
147	0.0093	0.0815	0.0514	0.0776
148	0.0083	0.0812	0.0512	0.0775
149	0.0086	0.0816	0.0513	0.0776
150	0.0092	0.0815	0.0510	0.0775
