{"n_layers": 1, "device": "cuda", "batch_size": 2048, "embedding_dim": 64, "learning_rate": 0.001, "dataset": "dbbook", "epochs": 150, "top_k": 20, "multimodal": true, "datasets": {"dbbook": ["images", "text"], "ml1m": ["audio", "images", "text", "video"]}}
Epoch	Loss	Recall	Precision	NDCG
1	0.6928	0.0097	0.0031	0.0070
2	0.6914	0.0306	0.0099	0.0231
3	0.6895	0.0558	0.0190	0.0445
4	0.6864	0.0731	0.0254	0.0572
5	0.6814	0.0798	0.0279	0.0613
6	0.6735	0.0801	0.0283	0.0605
7	0.6621	0.0785	0.0279	0.0587
8	0.6464	0.0788	0.0280	0.0576
9	0.6264	0.0771	0.0274	0.0555
10	0.6026	0.0756	0.0270	0.0538
11	0.5756	0.0746	0.0267	0.0523
12	0.5470	0.0729	0.0263	0.0511
13	0.5184	0.0719	0.0259	0.0500
14	0.4907	0.0711	0.0257	0.0492
15	0.4642	0.0711	0.0256	0.0490
16	0.4397	0.0702	0.0253	0.0485
17	0.4169	0.0703	0.0253	0.0483
18	0.3958	0.0706	0.0254	0.0485
19	0.3763	0.0702	0.0253	0.0483
20	0.3601	0.0705	0.0255	0.0484
21	0.3446	0.0707	0.0255	0.0485
22	0.3304	0.0713	0.0257	0.0489
23	0.3190	0.0714	0.0258	0.0491
24	0.3063	0.0715	0.0259	0.0493
25	0.2948	0.0718	0.0260	0.0497
26	0.2876	0.0723	0.0261	0.0499
27	0.2755	0.0728	0.0263	0.0502
28	0.2655	0.0734	0.0264	0.0506
29	0.2578	0.0743	0.0267	0.0510
30	0.2515	0.0749	0.0268	0.0516
31	0.2430	0.0750	0.0268	0.0518
32	0.2344	0.0756	0.0270	0.0522
33	0.2291	0.0758	0.0271	0.0526
34	0.2229	0.0766	0.0273	0.0530
35	0.2179	0.0771	0.0274	0.0533
36	0.2103	0.0774	0.0276	0.0537
37	0.2080	0.0778	0.0277	0.0539
38	0.2017	0.0784	0.0278	0.0543
39	0.1963	0.0795	0.0281	0.0549
40	0.1926	0.0798	0.0283	0.0553
41	0.1874	0.0799	0.0284	0.0557
42	0.1833	0.0801	0.0284	0.0561
43	0.1781	0.0804	0.0285	0.0565
44	0.1750	0.0807	0.0286	0.0568
45	0.1723	0.0812	0.0287	0.0573
46	0.1670	0.0814	0.0288	0.0578
47	0.1660	0.0822	0.0289	0.0582
48	0.1601	0.0829	0.0291	0.0586
49	0.1568	0.0831	0.0292	0.0588
50	0.1518	0.0835	0.0293	0.0589
51	0.1493	0.0839	0.0294	0.0591
52	0.1467	0.0841	0.0296	0.0595
53	0.1451	0.0851	0.0299	0.0600
54	0.1416	0.0858	0.0301	0.0604
55	0.1371	0.0864	0.0304	0.0610
56	0.1380	0.0868	0.0305	0.0614
57	0.1370	0.0867	0.0305	0.0617
58	0.1311	0.0876	0.0308	0.0622
59	0.1291	0.0883	0.0309	0.0625
60	0.1244	0.0884	0.0309	0.0626
61	0.1249	0.0890	0.0311	0.0630
62	0.1211	0.0897	0.0313	0.0635
63	0.1217	0.0897	0.0314	0.0636
64	0.1191	0.0898	0.0315	0.0638
65	0.1164	0.0904	0.0317	0.0639
66	0.1161	0.0907	0.0317	0.0641
67	0.1118	0.0910	0.0318	0.0643
68	0.1095	0.0911	0.0318	0.0647
69	0.1063	0.0914	0.0320	0.0649
70	0.1077	0.0919	0.0322	0.0654
71	0.1040	0.0926	0.0324	0.0658
72	0.1029	0.0927	0.0324	0.0659
73	0.1003	0.0928	0.0325	0.0661
74	0.1030	0.0931	0.0326	0.0664
75	0.0967	0.0937	0.0328	0.0666
76	0.0952	0.0936	0.0328	0.0666
77	0.0955	0.0937	0.0328	0.0667
78	0.0942	0.0941	0.0329	0.0671
79	0.0926	0.0945	0.0330	0.0673
80	0.0904	0.0947	0.0330	0.0674
81	0.0889	0.0954	0.0332	0.0678
82	0.0891	0.0959	0.0333	0.0680
83	0.0873	0.0963	0.0334	0.0683
84	0.0848	0.0965	0.0335	0.0685
85	0.0842	0.0968	0.0336	0.0688
86	0.0811	0.0974	0.0338	0.0691
87	0.0811	0.0976	0.0338	0.0694
88	0.0804	0.0977	0.0338	0.0695
89	0.0795	0.0979	0.0339	0.0697
90	0.0787	0.0978	0.0338	0.0696
91	0.0790	0.0980	0.0339	0.0697
92	0.0773	0.0986	0.0340	0.0700
93	0.0744	0.0991	0.0341	0.0703
94	0.0735	0.0992	0.0341	0.0705
95	0.0737	0.0997	0.0343	0.0708
96	0.0725	0.0998	0.0343	0.0710
97	0.0736	0.0999	0.0344	0.0712
98	0.0710	0.1003	0.0346	0.0714
99	0.0700	0.1008	0.0347	0.0716
100	0.0674	0.1010	0.0347	0.0718
101	0.0695	0.1009	0.0347	0.0719
102	0.0668	0.1016	0.0348	0.0722
103	0.0679	0.1016	0.0348	0.0725
104	0.0664	0.1020	0.0349	0.0725
105	0.0634	0.1021	0.0350	0.0726
106	0.0643	0.1021	0.0350	0.0727
107	0.0627	0.1022	0.0350	0.0728
108	0.0632	0.1022	0.0350	0.0727
109	0.0624	0.1023	0.0351	0.0729
110	0.0616	0.1022	0.0351	0.0729
111	0.0598	0.1026	0.0352	0.0731
112	0.0615	0.1028	0.0352	0.0731
113	0.0586	0.1027	0.0352	0.0732
114	0.0582	0.1032	0.0352	0.0735
115	0.0560	0.1034	0.0352	0.0737
116	0.0600	0.1036	0.0353	0.0738
117	0.0567	0.1039	0.0354	0.0740
118	0.0569	0.1044	0.0355	0.0744
119	0.0556	0.1043	0.0355	0.0745
120	0.0544	0.1045	0.0355	0.0746
121	0.0531	0.1046	0.0356	0.0748
122	0.0533	0.1046	0.0356	0.0748
123	0.0530	0.1043	0.0355	0.0749
124	0.0506	0.1045	0.0356	0.0750
125	0.0535	0.1048	0.0356	0.0750
126	0.0510	0.1048	0.0356	0.0750
127	0.0521	0.1048	0.0356	0.0751
128	0.0509	0.1056	0.0357	0.0753
129	0.0497	0.1055	0.0357	0.0755
130	0.0500	0.1058	0.0358	0.0757
131	0.0484	0.1065	0.0359	0.0761
132	0.0499	0.1068	0.0360	0.0762
133	0.0481	0.1067	0.0359	0.0763
134	0.0464	0.1067	0.0359	0.0763
135	0.0460	0.1069	0.0359	0.0764
136	0.0457	0.1073	0.0360	0.0766
137	0.0451	0.1073	0.0360	0.0767
138	0.0453	0.1070	0.0360	0.0768
139	0.0445	0.1073	0.0360	0.0768
140	0.0451	0.1072	0.0360	0.0769
141	0.0442	0.1077	0.0361	0.0771
142	0.0445	0.1080	0.0363	0.0773
143	0.0463	0.1082	0.0363	0.0775
144	0.0428	0.1081	0.0363	0.0775
145	0.0428	0.1082	0.0362	0.0775
146	0.0415	0.1079	0.0361	0.0775
147	0.0416	0.1077	0.0361	0.0775
148	0.0414	0.1077	0.0361	0.0776
149	0.0405	0.1077	0.0361	0.0778
150	0.0414	0.1080	0.0362	0.0780
