{"n_layers": 0, "device": "cuda", "batch_size": 2048, "embedding_dim": 1024, "learning_rate": 0.001, "dataset": "dbbook", "epochs": 150, "top_k": 50, "multimodal": true, "datasets": {"dbbook": ["images", "text"], "ml1m": ["audio", "images", "text", "video"]}}
Epoch	Loss	Recall	Precision	NDCG
1	0.6923	0.0272	0.0034	0.0155
2	0.6724	0.0473	0.0059	0.0307
3	0.6531	0.0680	0.0087	0.0458
4	0.6300	0.0889	0.0117	0.0620
5	0.6008	0.1131	0.0150	0.0768
6	0.5645	0.1340	0.0178	0.0887
7	0.5213	0.1490	0.0200	0.0969
8	0.4728	0.1595	0.0215	0.1022
9	0.4216	0.1671	0.0226	0.1060
10	0.3722	0.1720	0.0234	0.1090
11	0.3261	0.1760	0.0240	0.1113
12	0.2853	0.1810	0.0246	0.1135
13	0.2490	0.1846	0.0251	0.1151
14	0.2188	0.1868	0.0254	0.1164
15	0.1935	0.1886	0.0256	0.1174
16	0.1705	0.1903	0.0258	0.1184
17	0.1521	0.1925	0.0261	0.1190
18	0.1362	0.1936	0.0263	0.1201
19	0.1224	0.1963	0.0266	0.1216
20	0.1104	0.1977	0.0268	0.1226
21	0.1005	0.1995	0.0270	0.1237
22	0.0917	0.2001	0.0270	0.1241
23	0.0833	0.2014	0.0272	0.1249
24	0.0765	0.2025	0.0273	0.1261
25	0.0703	0.2038	0.0275	0.1270
26	0.0655	0.2051	0.0276	0.1277
27	0.0598	0.2056	0.0277	0.1283
28	0.0565	0.2065	0.0278	0.1289
29	0.0522	0.2071	0.0278	0.1294
30	0.0487	0.2074	0.0279	0.1296
31	0.0458	0.2081	0.0280	0.1300
32	0.0432	0.2080	0.0280	0.1302
33	0.0406	0.2087	0.0281	0.1309
34	0.0391	0.2098	0.0282	0.1316
35	0.0369	0.2115	0.0284	0.1324
36	0.0347	0.2114	0.0284	0.1326
37	0.0325	0.2117	0.0284	0.1326
38	0.0313	0.2115	0.0284	0.1326
39	0.0294	0.2121	0.0284	0.1331
40	0.0281	0.2133	0.0285	0.1335
41	0.0274	0.2137	0.0285	0.1337
42	0.0259	0.2135	0.0285	0.1339
43	0.0245	0.2143	0.0287	0.1342
44	0.0238	0.2149	0.0287	0.1348
45	0.0223	0.2145	0.0287	0.1347
46	0.0222	0.2145	0.0287	0.1348
47	0.0218	0.2153	0.0288	0.1352
48	0.0205	0.2158	0.0288	0.1356
49	0.0191	0.2161	0.0288	0.1356
50	0.0192	0.2171	0.0289	0.1359
51	0.0187	0.2174	0.0290	0.1361
52	0.0186	0.2177	0.0290	0.1362
53	0.0176	0.2174	0.0290	0.1361
54	0.0168	0.2169	0.0289	0.1361
55	0.0164	0.2179	0.0290	0.1362
56	0.0162	0.2177	0.0290	0.1364
57	0.0153	0.2184	0.0291	0.1368
58	0.0154	0.2185	0.0291	0.1369
59	0.0153	0.2188	0.0291	0.1370
60	0.0147	0.2189	0.0291	0.1372
61	0.0144	0.2187	0.0291	0.1372
62	0.0146	0.2185	0.0291	0.1371
63	0.0138	0.2188	0.0291	0.1373
64	0.0141	0.2185	0.0290	0.1373
65	0.0135	0.2187	0.0290	0.1375
66	0.0130	0.2186	0.0291	0.1375
67	0.0126	0.2190	0.0291	0.1377
68	0.0126	0.2196	0.0292	0.1379
69	0.0123	0.2189	0.0292	0.1379
70	0.0122	0.2190	0.0292	0.1383
71	0.0119	0.2188	0.0292	0.1384
72	0.0113	0.2197	0.0292	0.1388
73	0.0117	0.2199	0.0293	0.1388
74	0.0120	0.2201	0.0292	0.1389
75	0.0113	0.2198	0.0292	0.1388
76	0.0112	0.2198	0.0292	0.1391
77	0.0110	0.2192	0.0292	0.1392
78	0.0111	0.2191	0.0291	0.1393
79	0.0111	0.2188	0.0291	0.1392
80	0.0104	0.2192	0.0292	0.1395
81	0.0101	0.2195	0.0292	0.1397
82	0.0101	0.2200	0.0292	0.1400
83	0.0100	0.2199	0.0293	0.1398
84	0.0096	0.2203	0.0293	0.1398
85	0.0099	0.2206	0.0293	0.1397
86	0.0096	0.2207	0.0293	0.1395
87	0.0095	0.2203	0.0293	0.1396
88	0.0098	0.2209	0.0294	0.1400
89	0.0092	0.2215	0.0294	0.1401
90	0.0097	0.2216	0.0295	0.1401
91	0.0093	0.2217	0.0295	0.1404
92	0.0094	0.2222	0.0295	0.1407
93	0.0094	0.2216	0.0294	0.1405
94	0.0091	0.2219	0.0295	0.1406
95	0.0088	0.2222	0.0295	0.1407
96	0.0088	0.2225	0.0295	0.1407
97	0.0089	0.2218	0.0294	0.1405
98	0.0089	0.2224	0.0295	0.1407
99	0.0087	0.2224	0.0296	0.1408
100	0.0088	0.2224	0.0295	0.1409
101	0.0085	0.2232	0.0295	0.1408
102	0.0084	0.2236	0.0296	0.1409
103	0.0086	0.2232	0.0295	0.1410
104	0.0085	0.2237	0.0296	0.1413
105	0.0085	0.2233	0.0296	0.1412
106	0.0084	0.2227	0.0296	0.1409
107	0.0080	0.2225	0.0295	0.1409
108	0.0082	0.2230	0.0296	0.1412
109	0.0079	0.2227	0.0295	0.1414
110	0.0081	0.2227	0.0295	0.1413
111	0.0077	0.2228	0.0295	0.1414
112	0.0082	0.2232	0.0296	0.1416
113	0.0080	0.2231	0.0296	0.1415
114	0.0082	0.2230	0.0296	0.1416
115	0.0082	0.2238	0.0296	0.1419
116	0.0082	0.2241	0.0297	0.1422
117	0.0078	0.2243	0.0297	0.1420
118	0.0080	0.2239	0.0297	0.1419
119	0.0083	0.2236	0.0297	0.1420
120	0.0076	0.2234	0.0296	0.1419
121	0.0077	0.2239	0.0297	0.1419
122	0.0080	0.2241	0.0297	0.1417
123	0.0077	0.2238	0.0297	0.1418
124	0.0073	0.2242	0.0297	0.1421
125	0.0083	0.2244	0.0298	0.1420
126	0.0077	0.2249	0.0298	0.1425
127	0.0074	0.2249	0.0297	0.1425
128	0.0077	0.2248	0.0297	0.1422
129	0.0077	0.2245	0.0297	0.1421
130	0.0077	0.2248	0.0298	0.1423
131	0.0078	0.2249	0.0297	0.1422
132	0.0075	0.2249	0.0297	0.1421
133	0.0074	0.2246	0.0297	0.1418
134	0.0073	0.2246	0.0297	0.1419
135	0.0075	0.2248	0.0297	0.1420
136	0.0072	0.2248	0.0297	0.1421
137	0.0076	0.2244	0.0296	0.1420
138	0.0076	0.2249	0.0296	0.1423
139	0.0072	0.2248	0.0296	0.1422
140	0.0076	0.2248	0.0297	0.1423
141	0.0073	0.2249	0.0296	0.1423
142	0.0071	0.2249	0.0296	0.1423
143	0.0073	0.2251	0.0296	0.1425
144	0.0072	0.2255	0.0297	0.1428
145	0.0070	0.2256	0.0297	0.1427
146	0.0072	0.2251	0.0296	0.1426
147	0.0080	0.2255	0.0297	0.1430
148	0.0071	0.2257	0.0297	0.1429
149	0.0072	0.2255	0.0297	0.1427
150	0.0071	0.2259	0.0297	0.1429
