{"n_layers": 1, "device": "cuda", "batch_size": 2048, "embedding_dim": 512, "learning_rate": 0.0005, "dataset": "dbbook", "epochs": 150, "top_k": 20, "multimodal": true, "datasets": {"dbbook": ["images", "text"], "ml1m": ["audio", "images", "text", "video"]}}
Epoch	Loss	Recall	Precision	NDCG
1	0.6912	0.0135	0.0041	0.0094
2	0.6867	0.0317	0.0100	0.0265
3	0.6817	0.0514	0.0171	0.0449
4	0.6753	0.0680	0.0233	0.0592
5	0.6672	0.0825	0.0284	0.0681
6	0.6566	0.0899	0.0312	0.0718
7	0.6431	0.0939	0.0325	0.0734
8	0.6262	0.0940	0.0328	0.0726
9	0.6060	0.0952	0.0331	0.0717
10	0.5820	0.0944	0.0328	0.0699
11	0.5552	0.0926	0.0322	0.0676
12	0.5265	0.0909	0.0317	0.0659
13	0.4970	0.0895	0.0313	0.0645
14	0.4666	0.0881	0.0310	0.0631
15	0.4372	0.0878	0.0309	0.0624
16	0.4105	0.0871	0.0307	0.0621
17	0.3846	0.0867	0.0305	0.0616
18	0.3615	0.0865	0.0304	0.0615
19	0.3395	0.0863	0.0303	0.0613
20	0.3200	0.0864	0.0304	0.0615
21	0.3019	0.0863	0.0304	0.0614
22	0.2860	0.0864	0.0304	0.0615
23	0.2696	0.0868	0.0305	0.0619
24	0.2573	0.0870	0.0305	0.0622
25	0.2434	0.0872	0.0306	0.0622
26	0.2323	0.0878	0.0307	0.0625
27	0.2222	0.0882	0.0308	0.0627
28	0.2116	0.0884	0.0310	0.0630
29	0.2028	0.0888	0.0311	0.0633
30	0.1943	0.0897	0.0313	0.0638
31	0.1854	0.0905	0.0314	0.0644
32	0.1777	0.0913	0.0317	0.0650
33	0.1716	0.0917	0.0318	0.0654
34	0.1655	0.0917	0.0320	0.0657
35	0.1594	0.0923	0.0321	0.0660
36	0.1557	0.0931	0.0323	0.0665
37	0.1477	0.0934	0.0324	0.0668
38	0.1406	0.0940	0.0325	0.0671
39	0.1377	0.0945	0.0327	0.0676
40	0.1333	0.0951	0.0329	0.0682
41	0.1268	0.0955	0.0330	0.0685
42	0.1240	0.0955	0.0332	0.0690
43	0.1202	0.0963	0.0334	0.0696
44	0.1154	0.0966	0.0334	0.0698
45	0.1115	0.0971	0.0336	0.0703
46	0.1096	0.0979	0.0339	0.0710
47	0.1054	0.0984	0.0340	0.0714
48	0.1019	0.0984	0.0340	0.0716
49	0.1014	0.1000	0.0344	0.0724
50	0.0974	0.1002	0.0345	0.0729
51	0.0941	0.1006	0.0347	0.0734
52	0.0942	0.1009	0.0348	0.0739
53	0.0898	0.1016	0.0350	0.0745
54	0.0879	0.1022	0.0351	0.0747
55	0.0834	0.1027	0.0352	0.0749
56	0.0811	0.1035	0.0355	0.0755
57	0.0800	0.1038	0.0357	0.0760
58	0.0793	0.1046	0.0358	0.0764
59	0.0779	0.1057	0.0361	0.0771
60	0.0734	0.1056	0.0362	0.0773
61	0.0731	0.1069	0.0366	0.0781
62	0.0716	0.1071	0.0366	0.0784
63	0.0679	0.1074	0.0368	0.0788
64	0.0689	0.1077	0.0369	0.0792
65	0.0654	0.1080	0.0371	0.0796
66	0.0645	0.1084	0.0371	0.0800
67	0.0631	0.1095	0.0374	0.0806
68	0.0610	0.1099	0.0375	0.0811
69	0.0588	0.1106	0.0377	0.0816
70	0.0589	0.1106	0.0377	0.0817
71	0.0582	0.1108	0.0378	0.0820
72	0.0555	0.1115	0.0380	0.0825
73	0.0546	0.1118	0.0380	0.0827
74	0.0553	0.1119	0.0381	0.0829
75	0.0519	0.1118	0.0381	0.0829
76	0.0522	0.1127	0.0383	0.0833
77	0.0507	0.1125	0.0383	0.0834
78	0.0496	0.1128	0.0384	0.0836
79	0.0499	0.1130	0.0383	0.0836
80	0.0474	0.1138	0.0386	0.0842
81	0.0484	0.1140	0.0387	0.0844
82	0.0458	0.1145	0.0388	0.0847
83	0.0466	0.1153	0.0389	0.0851
84	0.0451	0.1157	0.0390	0.0856
85	0.0442	0.1166	0.0392	0.0861
86	0.0446	0.1171	0.0394	0.0864
87	0.0420	0.1172	0.0394	0.0865
88	0.0413	0.1179	0.0395	0.0869
89	0.0404	0.1178	0.0394	0.0868
90	0.0395	0.1181	0.0394	0.0868
91	0.0395	0.1182	0.0395	0.0870
92	0.0387	0.1189	0.0397	0.0874
93	0.0394	0.1191	0.0398	0.0875
94	0.0380	0.1192	0.0399	0.0878
95	0.0366	0.1194	0.0399	0.0880
96	0.0368	0.1194	0.0399	0.0881
97	0.0362	0.1197	0.0399	0.0884
98	0.0362	0.1201	0.0401	0.0886
99	0.0351	0.1207	0.0402	0.0890
100	0.0346	0.1212	0.0404	0.0893
101	0.0343	0.1214	0.0405	0.0895
102	0.0338	0.1218	0.0406	0.0897
103	0.0331	0.1220	0.0406	0.0898
104	0.0321	0.1221	0.0406	0.0901
105	0.0330	0.1224	0.0407	0.0904
106	0.0326	0.1227	0.0408	0.0908
107	0.0306	0.1229	0.0408	0.0911
108	0.0318	0.1230	0.0409	0.0911
109	0.0309	0.1229	0.0409	0.0912
110	0.0292	0.1232	0.0410	0.0915
111	0.0305	0.1231	0.0410	0.0916
112	0.0308	0.1232	0.0410	0.0918
113	0.0301	0.1229	0.0409	0.0918
114	0.0276	0.1237	0.0410	0.0922
115	0.0277	0.1237	0.0410	0.0922
116	0.0273	0.1238	0.0410	0.0923
117	0.0272	0.1237	0.0410	0.0923
118	0.0268	0.1237	0.0410	0.0922
119	0.0268	0.1237	0.0410	0.0922
120	0.0270	0.1246	0.0411	0.0927
121	0.0262	0.1246	0.0410	0.0928
122	0.0254	0.1248	0.0410	0.0930
123	0.0252	0.1242	0.0410	0.0928
124	0.0253	0.1248	0.0412	0.0929
125	0.0251	0.1251	0.0412	0.0930
126	0.0248	0.1253	0.0412	0.0932
127	0.0250	0.1254	0.0412	0.0935
128	0.0244	0.1256	0.0413	0.0937
129	0.0238	0.1259	0.0413	0.0938
130	0.0243	0.1262	0.0413	0.0940
131	0.0237	0.1258	0.0414	0.0940
132	0.0233	0.1261	0.0415	0.0943
133	0.0229	0.1263	0.0414	0.0944
134	0.0226	0.1270	0.0416	0.0947
135	0.0221	0.1270	0.0416	0.0946
136	0.0225	0.1267	0.0417	0.0947
137	0.0228	0.1264	0.0415	0.0946
138	0.0219	0.1265	0.0416	0.0946
139	0.0218	0.1266	0.0416	0.0946
140	0.0220	0.1269	0.0416	0.0948
141	0.0215	0.1268	0.0416	0.0948
142	0.0206	0.1270	0.0417	0.0950
143	0.0210	0.1272	0.0418	0.0950
144	0.0207	0.1269	0.0417	0.0950
145	0.0209	0.1265	0.0416	0.0949
146	0.0206	0.1264	0.0416	0.0952
147	0.0203	0.1268	0.0417	0.0952
148	0.0197	0.1271	0.0418	0.0954
149	0.0194	0.1273	0.0418	0.0955
150	0.0199	0.1275	0.0418	0.0956
