{"device": "cuda:2", "multimodal": false, "embedding_dim": 512, "n_layers": 1, "epochs": 500, "learning_rate": 0.001, "log": true, "seed": 19, "top_k": [5, 10, 20, 50], "dataset": "dbbook", "batch_size": 2048, "single_branch": false, "autoencoder": false, "ensemble_fusion": false, "freeze": true, "fusion_modalities": "mean", "fusion_type": "late", "info_nce": false, "weighting": false, "datasets": {"dbbook": ["images", "text"], "ml1m": ["audio", "images", "text", "video"]}}
Epoch	T-Loss	V-Loss	Precision@5	Recall@5	NDCG@5	Precision@10	Recall@10	NDCG@10	Precision@20	Recall@20	NDCG@20	Precision@50	Recall@50	NDCG@50
1	0.6932	0.6932	0.0019	0.0014	0.002	0.0018	0.0026	0.0023	0.0016	0.0044	0.0031	0.0015	0.0107	0.0055
2	0.6913	0.6931	0.0027	0.002	0.0029	0.0025	0.0036	0.0033	0.0023	0.0064	0.0046	0.0019	0.0132	0.007
3	0.6893	0.693	0.0067	0.0049	0.0077	0.0054	0.0078	0.008	0.0043	0.0122	0.0098	0.0035	0.0252	0.0145
4	0.6865	0.6928	0.0152	0.0108	0.0179	0.0123	0.0177	0.0183	0.0096	0.0283	0.0224	0.0068	0.0487	0.0299
5	0.6822	0.6922	0.0242	0.0181	0.0288	0.02	0.0304	0.0299	0.0159	0.0475	0.0367	0.0108	0.0786	0.0482
6	0.6758	0.6909	0.0317	0.0242	0.0375	0.0263	0.04	0.0392	0.021	0.0623	0.0482	0.0143	0.1056	0.0639
7	0.6667	0.6889	0.0382	0.0295	0.0442	0.0306	0.0465	0.0455	0.0246	0.0733	0.0563	0.0168	0.1249	0.0749
8	0.6541	0.6854	0.0425	0.0329	0.0489	0.0339	0.0521	0.0505	0.0265	0.0791	0.0613	0.0186	0.1371	0.0825
9	0.6375	0.6803	0.0448	0.0345	0.052	0.0353	0.0535	0.0529	0.028	0.0833	0.0649	0.0198	0.1449	0.0874
10	0.6167	0.673	0.0471	0.0363	0.055	0.0365	0.0553	0.0553	0.0291	0.086	0.0678	0.0206	0.1502	0.0912
11	0.5918	0.6638	0.0483	0.0376	0.0561	0.0381	0.0578	0.057	0.0297	0.0872	0.069	0.021	0.1526	0.0929
12	0.5631	0.6516	0.0488	0.0381	0.0566	0.0386	0.0586	0.0578	0.0301	0.0882	0.0698	0.0214	0.1551	0.0944
13	0.5319	0.6381	0.0495	0.0386	0.0576	0.0389	0.0587	0.0585	0.0304	0.0894	0.0709	0.0217	0.1571	0.0958
14	0.4981	0.6235	0.0503	0.0392	0.0585	0.0395	0.0595	0.0593	0.0306	0.09	0.0716	0.022	0.1597	0.0971
15	0.4643	0.6076	0.0504	0.0393	0.059	0.04	0.0604	0.0601	0.0306	0.0901	0.0721	0.0221	0.1595	0.0976
16	0.4308	0.5907	0.0512	0.0397	0.06	0.04	0.0598	0.0605	0.0311	0.0912	0.0731	0.0223	0.1609	0.0987
17	0.3991	0.5742	0.052	0.0405	0.0608	0.0404	0.0603	0.061	0.0313	0.0919	0.0737	0.0223	0.1608	0.0992
18	0.3687	0.5584	0.0528	0.041	0.0617	0.0409	0.0611	0.0618	0.0317	0.0931	0.0746	0.0225	0.1616	0.0999
19	0.3407	0.5448	0.0529	0.0409	0.0619	0.0412	0.0618	0.0623	0.0319	0.0938	0.0752	0.0227	0.1637	0.1009
20	0.3156	0.5324	0.0532	0.0412	0.0624	0.0416	0.0626	0.0631	0.0322	0.0946	0.0759	0.0228	0.1642	0.1015
21	0.2915	0.5193	0.0541	0.0419	0.0633	0.0416	0.0627	0.0634	0.0324	0.0955	0.0766	0.0228	0.165	0.1021
22	0.2713	0.5084	0.0548	0.0424	0.0639	0.0418	0.0633	0.0639	0.0325	0.0956	0.0769	0.0229	0.1653	0.1025
23	0.2515	0.4994	0.0554	0.0432	0.0648	0.0422	0.0634	0.0645	0.0325	0.0957	0.0774	0.0229	0.1657	0.1031
24	0.2342	0.4922	0.0558	0.0434	0.0652	0.0429	0.0645	0.0651	0.0327	0.0962	0.0778	0.0229	0.1657	0.1033
25	0.2176	0.4813	0.0564	0.0438	0.066	0.0431	0.0651	0.0658	0.0326	0.0961	0.0782	0.023	0.1663	0.104
26	0.2034	0.4755	0.057	0.0441	0.0666	0.0433	0.0651	0.0661	0.0329	0.097	0.0789	0.0231	0.1675	0.1048
27	0.1898	0.4714	0.0571	0.0444	0.0669	0.0435	0.0654	0.0665	0.033	0.0979	0.0793	0.0232	0.1684	0.1054
28	0.1786	0.466	0.0574	0.0446	0.0673	0.044	0.066	0.0671	0.0332	0.0986	0.0799	0.0232	0.1686	0.1057
29	0.1668	0.4609	0.0577	0.0447	0.0675	0.0443	0.0663	0.0674	0.0334	0.0994	0.0804	0.0233	0.1691	0.106
30	0.1571	0.4566	0.0576	0.0445	0.0676	0.0443	0.0665	0.0676	0.0335	0.0994	0.0806	0.0233	0.1687	0.1061
31	0.1486	0.4513	0.0584	0.0454	0.0683	0.0447	0.067	0.0681	0.0337	0.0997	0.0809	0.0234	0.1699	0.1068
32	0.1388	0.4459	0.0584	0.0453	0.0685	0.045	0.0677	0.0686	0.0337	0.1002	0.0813	0.0235	0.1713	0.1075
33	0.1309	0.4507	0.0587	0.0456	0.0689	0.045	0.0679	0.0688	0.0338	0.1003	0.0816	0.0236	0.172	0.1078
34	0.1234	0.4383	0.0591	0.046	0.0691	0.0454	0.0683	0.069	0.034	0.101	0.0819	0.0236	0.1722	0.108
35	0.1168	0.4413	0.0598	0.0464	0.0697	0.0452	0.0679	0.069	0.034	0.101	0.0821	0.0237	0.1727	0.1084
36	0.1098	0.441	0.0593	0.046	0.0694	0.0452	0.068	0.0691	0.0341	0.1012	0.0822	0.0238	0.1739	0.1088
37	0.1041	0.4357	0.0593	0.0457	0.0693	0.0452	0.0682	0.0691	0.0342	0.1018	0.0824	0.0238	0.174	0.1088
38	0.0987	0.4311	0.0598	0.0461	0.0696	0.0454	0.0685	0.0693	0.0344	0.1025	0.0827	0.0239	0.1749	0.1091
39	0.0941	0.4343	0.0599	0.0461	0.0698	0.0458	0.0692	0.0698	0.0345	0.1031	0.083	0.0239	0.1747	0.1092
40	0.0888	0.4334	0.06	0.0463	0.0698	0.0458	0.0695	0.0698	0.0347	0.1038	0.0833	0.024	0.1753	0.1095
41	0.0852	0.4264	0.0601	0.0465	0.0701	0.0457	0.0697	0.07	0.0348	0.1039	0.0835	0.024	0.1759	0.1098
42	0.0802	0.427	0.0599	0.0466	0.0701	0.0459	0.0699	0.0702	0.0348	0.1038	0.0836	0.024	0.1762	0.1101
43	0.0765	0.4261	0.06	0.0467	0.0703	0.0461	0.0701	0.0704	0.0347	0.1037	0.0837	0.024	0.1765	0.1103
44	0.074	0.4248	0.0601	0.0468	0.0703	0.0462	0.0702	0.0704	0.0347	0.1038	0.0837	0.0241	0.1764	0.1103
45	0.0701	0.4252	0.0602	0.047	0.0705	0.0463	0.0705	0.0707	0.0348	0.1041	0.084	0.0241	0.177	0.1107
46	0.0674	0.4243	0.0602	0.0471	0.0707	0.0467	0.0714	0.0713	0.0349	0.1046	0.0845	0.0241	0.1772	0.111
47	0.0641	0.4229	0.0605	0.0473	0.071	0.0468	0.072	0.0717	0.0351	0.1052	0.0848	0.0241	0.1777	0.1113
48	0.0614	0.422	0.0603	0.0471	0.0709	0.0468	0.0717	0.0716	0.0351	0.1054	0.0849	0.0242	0.1786	0.1116
49	0.0592	0.4169	0.0607	0.0474	0.0713	0.0467	0.0713	0.0716	0.0352	0.1058	0.0852	0.0243	0.1793	0.1119
50	0.0563	0.413	0.0607	0.0476	0.0716	0.0467	0.0716	0.0719	0.0353	0.106	0.0855	0.0243	0.1794	0.1122
51	0.0545	0.4203	0.0609	0.0477	0.0719	0.0469	0.0719	0.0723	0.0353	0.1058	0.0858	0.0243	0.1795	0.1126
52	0.0521	0.4225	0.061	0.0478	0.072	0.047	0.072	0.0724	0.0354	0.106	0.0859	0.0244	0.1798	0.1127
53	0.0498	0.4211	0.0612	0.0478	0.0722	0.0467	0.0717	0.0723	0.0353	0.1057	0.0859	0.0244	0.1802	0.1129
54	0.0486	0.4168	0.0613	0.0479	0.0723	0.0469	0.0722	0.0726	0.0355	0.106	0.0862	0.0243	0.1795	0.1129
55	0.0466	0.4144	0.0618	0.0483	0.0728	0.0472	0.0726	0.073	0.0356	0.1064	0.0865	0.0243	0.1799	0.1131
56	0.0446	0.4173	0.0616	0.0485	0.0728	0.0472	0.0725	0.073	0.0356	0.1064	0.0865	0.0243	0.1797	0.1131
57	0.0437	0.4165	0.0616	0.0485	0.0728	0.0473	0.0728	0.0732	0.0356	0.1066	0.0867	0.0243	0.1798	0.1133
58	0.0419	0.4148	0.0614	0.0486	0.0728	0.0473	0.0729	0.0733	0.0356	0.1069	0.0868	0.0244	0.1804	0.1135
59	0.0415	0.4141	0.0614	0.0486	0.0729	0.0474	0.073	0.0733	0.0355	0.1068	0.0867	0.0244	0.1805	0.1135
60	0.0394	0.41	0.0617	0.0484	0.0728	0.0478	0.0735	0.0735	0.0356	0.1071	0.0868	0.0244	0.1808	0.1136
61	0.0379	0.4097	0.0616	0.0485	0.0729	0.048	0.0739	0.0738	0.0357	0.1073	0.087	0.0244	0.1805	0.1136
62	0.0373	0.4125	0.0619	0.0489	0.0734	0.048	0.0739	0.074	0.0359	0.1075	0.0874	0.0244	0.1808	0.114
63	0.0355	0.417	0.0621	0.049	0.0734	0.048	0.0738	0.074	0.0358	0.1072	0.0873	0.0244	0.1805	0.1139
64	0.0344	0.4152	0.062	0.049	0.0734	0.048	0.074	0.0741	0.0359	0.1076	0.0874	0.0244	0.1808	0.114
65	0.0343	0.4094	0.062	0.0491	0.0734	0.048	0.0741	0.0741	0.0359	0.1077	0.0875	0.0245	0.1817	0.1143
66	0.0329	0.4059	0.0618	0.0486	0.0733	0.0479	0.0738	0.074	0.036	0.1078	0.0876	0.0245	0.1814	0.1143
67	0.0322	0.4081	0.0615	0.0486	0.073	0.0481	0.0741	0.0741	0.036	0.108	0.0876	0.0244	0.181	0.1141
68	0.0324	0.4114	0.0618	0.0493	0.0734	0.0481	0.0743	0.0742	0.0358	0.1072	0.0874	0.0244	0.181	0.1142
69	0.0302	0.4111	0.0619	0.0497	0.0735	0.048	0.074	0.0741	0.0357	0.1068	0.0872	0.0244	0.1808	0.114
70	0.0298	0.4094	0.0622	0.0499	0.0738	0.0478	0.0737	0.0741	0.0358	0.1068	0.0874	0.0244	0.1807	0.1142
71	0.0292	0.4095	0.0624	0.05	0.0739	0.0479	0.0738	0.0742	0.0358	0.1072	0.0875	0.0244	0.1807	0.1142
72	0.0286	0.4102	0.0622	0.0499	0.0736	0.048	0.0739	0.0741	0.0358	0.1071	0.0874	0.0244	0.1811	0.1142
73	0.0277	0.4054	0.0623	0.05	0.0737	0.0478	0.0737	0.074	0.0359	0.1074	0.0875	0.0244	0.1815	0.1143
74	0.0269	0.4069	0.062	0.0502	0.0735	0.0478	0.0741	0.074	0.0359	0.1076	0.0874	0.0245	0.1813	0.1142
75	0.0265	0.4073	0.0622	0.0505	0.0739	0.048	0.0744	0.0743	0.0359	0.108	0.0877	0.0245	0.1815	0.1144
76	0.0264	0.4095	0.0621	0.0502	0.0737	0.048	0.0743	0.0743	0.0359	0.1079	0.0877	0.0244	0.1813	0.1143
77	0.0254	0.4041	0.0619	0.0499	0.0736	0.0479	0.0742	0.0742	0.036	0.1079	0.0877	0.0243	0.1807	0.1141
78	0.0253	0.404	0.0621	0.0501	0.0738	0.048	0.0744	0.0743	0.036	0.1083	0.0879	0.0243	0.1811	0.1142
79	0.0245	0.4043	0.0621	0.0502	0.074	0.0481	0.0748	0.0747	0.036	0.1081	0.088	0.0243	0.1811	0.1144
80	0.0241	0.4093	0.062	0.0504	0.0739	0.0481	0.0747	0.0746	0.0361	0.1086	0.0882	0.0243	0.1815	0.1145
81	0.0232	0.411	0.0624	0.0507	0.0742	0.048	0.0745	0.0746	0.0361	0.1087	0.0883	0.0243	0.1817	0.1146
82	0.0232	0.4098	0.0623	0.0506	0.0742	0.0482	0.0747	0.0747	0.0362	0.1091	0.0884	0.0244	0.1823	0.1148
83	0.0231	0.4036	0.0623	0.0506	0.074	0.0481	0.0749	0.0746	0.0362	0.1091	0.0883	0.0244	0.1827	0.1147
84	0.0215	0.3983	0.0623	0.0507	0.074	0.0479	0.0745	0.0744	0.0361	0.1089	0.0881	0.0244	0.1828	0.1147
85	0.0217	0.4119	0.0625	0.0509	0.0742	0.0478	0.0743	0.0743	0.0362	0.1092	0.0883	0.0244	0.1826	0.1147
86	0.0211	0.4052	0.0623	0.0506	0.0741	0.0479	0.0744	0.0744	0.0362	0.1094	0.0884	0.0244	0.1829	0.1148
87	0.021	0.4067	0.0624	0.0506	0.0741	0.0479	0.0744	0.0745	0.0362	0.1095	0.0885	0.0245	0.1834	0.115
88	0.0206	0.4035	0.062	0.0501	0.0738	0.0478	0.0744	0.0745	0.0362	0.1091	0.0884	0.0244	0.1832	0.115
89	0.02	0.4075	0.0617	0.0499	0.0735	0.0477	0.0742	0.0742	0.0362	0.1094	0.0883	0.0244	0.1827	0.1146
90	0.0195	0.4037	0.0621	0.0502	0.0737	0.0478	0.0742	0.0743	0.0362	0.1096	0.0884	0.0244	0.1828	0.1147
91	0.0196	0.4098	0.0621	0.0503	0.0739	0.0477	0.0742	0.0743	0.0361	0.1096	0.0885	0.0244	0.1829	0.1149
92	0.0193	0.4032	0.0622	0.0505	0.0743	0.0476	0.0738	0.0744	0.0362	0.1096	0.0887	0.0245	0.1833	0.1152
93	0.0191	0.4019	0.0621	0.0503	0.0742	0.0478	0.074	0.0745	0.0362	0.1098	0.0888	0.0245	0.1835	0.1153
94	0.019	0.4006	0.0623	0.0505	0.0745	0.0477	0.074	0.0746	0.0361	0.1093	0.0887	0.0244	0.183	0.1152
95	0.0186	0.4118	0.0625	0.0506	0.0749	0.0476	0.0738	0.0748	0.036	0.109	0.0888	0.0244	0.1827	0.1154
96	0.0179	0.4054	0.0621	0.0506	0.0744	0.0477	0.074	0.0747	0.036	0.1089	0.0886	0.0244	0.1823	0.1151
97	0.0182	0.4048	0.0623	0.0508	0.0748	0.0476	0.0739	0.0748	0.036	0.109	0.0888	0.0244	0.1825	0.1153
98	0.018	0.3967	0.0622	0.0507	0.0749	0.0479	0.0742	0.0752	0.0359	0.1088	0.0889	0.0244	0.1825	0.1156
99	0.0171	0.4113	0.0623	0.0508	0.0751	0.0479	0.0743	0.0752	0.0359	0.1085	0.0889	0.0244	0.1823	0.1155
100	0.0179	0.4061	0.0625	0.0509	0.0751	0.048	0.0744	0.0752	0.0358	0.1083	0.0887	0.0244	0.1827	0.1155
101	0.0171	0.4044	0.0629	0.0511	0.0754	0.048	0.0746	0.0753	0.036	0.1086	0.0889	0.0244	0.1831	0.1157
102	0.0171	0.4087	0.063	0.0511	0.0756	0.0479	0.0745	0.0754	0.0359	0.1086	0.089	0.0244	0.1827	0.1157
103	0.0169	0.4008	0.0635	0.0515	0.076	0.0479	0.0743	0.0754	0.0358	0.1085	0.089	0.0243	0.1827	0.1158
104	0.0169	0.4026	0.0637	0.0516	0.0759	0.048	0.0744	0.0753	0.0358	0.1086	0.0888	0.0243	0.183	0.1156
105	0.0163	0.4037	0.0637	0.0514	0.0759	0.0479	0.0744	0.0752	0.0358	0.1085	0.0888	0.0244	0.1831	0.1156
106	0.0163	0.4058	0.0635	0.0512	0.0757	0.048	0.0744	0.0752	0.0359	0.1088	0.0888	0.0243	0.183	0.1155
107	0.0165	0.4	0.063	0.0507	0.0753	0.0479	0.0743	0.0751	0.0359	0.1086	0.0887	0.0243	0.1825	0.1153
108	0.0159	0.4067	0.0629	0.0509	0.0753	0.0478	0.0742	0.075	0.0359	0.1092	0.0888	0.0242	0.1819	0.1151
109	0.0151	0.4076	0.0628	0.0507	0.0753	0.0478	0.0741	0.0751	0.0359	0.1092	0.0889	0.0243	0.1825	0.1154
110	0.0155	0.4023	0.0628	0.0509	0.0752	0.048	0.0744	0.0752	0.0359	0.1092	0.0889	0.0243	0.1827	0.1154
111	0.0148	0.3974	0.0628	0.0509	0.0753	0.048	0.0744	0.0752	0.0359	0.1094	0.089	0.0243	0.1831	0.1155
112	0.0152	0.4007	0.0627	0.0508	0.0752	0.0482	0.0746	0.0753	0.036	0.1099	0.0891	0.0243	0.1831	0.1155
113	0.015	0.3939	0.0624	0.0506	0.0748	0.0482	0.0746	0.0752	0.036	0.11	0.089	0.0243	0.1833	0.1154
114	0.0146	0.3972	0.0624	0.0506	0.0749	0.0481	0.0746	0.0752	0.036	0.1097	0.089	0.0243	0.1834	0.1155
115	0.0149	0.4103	0.0627	0.0508	0.0749	0.0481	0.0746	0.0751	0.036	0.1097	0.0889	0.0243	0.1832	0.1154
116	0.0144	0.4072	0.063	0.0509	0.0753	0.0481	0.0746	0.0752	0.036	0.1098	0.0891	0.0243	0.1833	0.1155
117	0.0146	0.4005	0.0629	0.0506	0.0752	0.0481	0.0745	0.0752	0.036	0.1098	0.0891	0.0243	0.1833	0.1155
118	0.0143	0.4004	0.0625	0.0503	0.0749	0.0482	0.0746	0.0753	0.036	0.1096	0.089	0.0243	0.1835	0.1155
119	0.0143	0.4024	0.0626	0.0505	0.075	0.048	0.0744	0.0751	0.036	0.1096	0.089	0.0243	0.1836	0.1155
120	0.0141	0.4034	0.0625	0.0503	0.0749	0.048	0.0745	0.0751	0.036	0.1097	0.089	0.0243	0.1836	0.1155
121	0.014	0.3991	0.0625	0.0503	0.0748	0.0481	0.0745	0.0751	0.0358	0.1092	0.0887	0.0243	0.1835	0.1153
122	0.0137	0.4047	0.0625	0.0503	0.0747	0.048	0.0745	0.0749	0.0359	0.1091	0.0885	0.0243	0.1838	0.1153
123	0.0141	0.3964	0.0625	0.0503	0.0746	0.0481	0.0744	0.0749	0.0359	0.109	0.0885	0.0243	0.1838	0.1153
124	0.0133	0.3991	0.0623	0.0503	0.0746	0.0479	0.0742	0.0748	0.0359	0.1088	0.0885	0.0244	0.184	0.1154
125	0.0138	0.4004	0.0622	0.0503	0.0746	0.0478	0.0741	0.0748	0.0359	0.1086	0.0885	0.0243	0.1838	0.1153
126	0.0142	0.4081	0.0622	0.0502	0.0746	0.0481	0.0747	0.075	0.0359	0.1087	0.0885	0.0243	0.1838	0.1153
127	0.0137	0.4058	0.0624	0.0502	0.0748	0.0483	0.075	0.0753	0.0359	0.1092	0.0888	0.0243	0.1837	0.1154
128	0.0136	0.403	0.0623	0.0502	0.0746	0.0481	0.0748	0.0751	0.0359	0.1088	0.0885	0.0243	0.1836	0.1153
129	0.0134	0.4082	0.0623	0.0502	0.0746	0.0479	0.0747	0.075	0.0358	0.1087	0.0885	0.0243	0.1836	0.1153
130	0.0131	0.3975	0.0625	0.0505	0.0747	0.0481	0.0749	0.0751	0.0359	0.1093	0.0886	0.0243	0.1836	0.1152
131	0.0132	0.3981	0.0625	0.0502	0.0746	0.0482	0.0749	0.0751	0.0359	0.1092	0.0886	0.0243	0.1835	0.1153
132	0.0131	0.3981	0.0623	0.05	0.0747	0.0481	0.0744	0.0751	0.0359	0.109	0.0887	0.0243	0.1834	0.1154
133	0.0131	0.3991	0.0621	0.0499	0.0744	0.0481	0.0745	0.075	0.0359	0.1092	0.0887	0.0243	0.1834	0.1153
134	0.0134	0.4076	0.0623	0.0499	0.0744	0.0481	0.0745	0.0749	0.0359	0.1093	0.0886	0.0243	0.1835	0.1152
135	0.0131	0.3981	0.0622	0.0499	0.0742	0.048	0.0744	0.0747	0.0359	0.1096	0.0886	0.0242	0.1832	0.1149
136	0.0127	0.4011	0.0623	0.05	0.0745	0.048	0.0745	0.0749	0.0359	0.1093	0.0886	0.0242	0.1829	0.1149
137	0.0129	0.4013	0.0624	0.05	0.0745	0.048	0.0745	0.0748	0.0358	0.1094	0.0885	0.0242	0.1828	0.1149
138	0.0125	0.4039	0.0623	0.0499	0.0746	0.0477	0.0744	0.0748	0.0359	0.1095	0.0886	0.0242	0.1828	0.115
139	0.0126	0.3983	0.0622	0.0499	0.0743	0.0478	0.0744	0.0747	0.0358	0.1094	0.0884	0.0242	0.1827	0.1148
140	0.0122	0.3975	0.0623	0.0501	0.0745	0.0479	0.0746	0.0749	0.0357	0.1093	0.0884	0.0242	0.1826	0.1148
141	0.0125	0.396	0.0624	0.0501	0.0746	0.0481	0.0748	0.0751	0.0357	0.1092	0.0885	0.0241	0.1822	0.1148
142	0.012	0.4099	0.0625	0.0502	0.0747	0.048	0.0747	0.075	0.0356	0.1087	0.0883	0.0241	0.1821	0.1148
143	0.0121	0.4088	0.0626	0.0502	0.0749	0.048	0.0747	0.0751	0.0356	0.1088	0.0885	0.0241	0.1826	0.115
144	0.0125	0.4063	0.0627	0.0503	0.0749	0.0479	0.0745	0.075	0.0357	0.1093	0.0887	0.0242	0.1829	0.1151
145	0.0121	0.3966	0.0625	0.0502	0.0748	0.0479	0.0745	0.075	0.0357	0.1092	0.0886	0.0242	0.1828	0.115
146	0.0123	0.3954	0.0626	0.0504	0.0749	0.0479	0.0744	0.075	0.0357	0.1089	0.0886	0.0242	0.1826	0.115
147	0.012	0.3965	0.0626	0.0503	0.0749	0.048	0.0745	0.0751	0.0357	0.1089	0.0886	0.0242	0.1824	0.115
148	0.0119	0.3975	0.0625	0.0503	0.0749	0.048	0.0747	0.0752	0.0358	0.1092	0.0888	0.0242	0.1826	0.1151
149	0.012	0.3969	0.0625	0.0501	0.0749	0.0481	0.0747	0.0752	0.0358	0.1091	0.0887	0.0242	0.1825	0.1151
150	0.0117	0.4033	0.0627	0.0503	0.0749	0.0481	0.0749	0.0752	0.0358	0.1092	0.0887	0.0242	0.1826	0.1151
151	0.0119	0.3978	0.0628	0.0504	0.075	0.0483	0.075	0.0754	0.0358	0.1092	0.0888	0.0241	0.1822	0.1151
152	0.0118	0.4048	0.0625	0.0502	0.0748	0.0483	0.075	0.0754	0.0358	0.1091	0.0888	0.0241	0.1822	0.115
153	0.0117	0.3998	0.0624	0.0502	0.0748	0.0483	0.0749	0.0754	0.0358	0.109	0.0887	0.0242	0.1825	0.115
154	0.0119	0.3988	0.063	0.0507	0.0752	0.0485	0.0752	0.0755	0.0358	0.109	0.0887	0.0242	0.1822	0.115
155	0.0119	0.3998	0.063	0.0506	0.0752	0.0483	0.0752	0.0754	0.0358	0.109	0.0887	0.0242	0.1825	0.1151
156	0.0119	0.4081	0.0631	0.0506	0.0754	0.0481	0.075	0.0754	0.0359	0.1095	0.089	0.0242	0.1825	0.1153
157	0.0117	0.399	0.0631	0.0507	0.0756	0.0481	0.0753	0.0756	0.036	0.1097	0.0893	0.0242	0.1825	0.1154
158	0.0113	0.4102	0.0628	0.0505	0.0753	0.0481	0.0752	0.0756	0.0359	0.1096	0.0892	0.0242	0.1825	0.1154
159	0.0114	0.4056	0.0625	0.0503	0.0751	0.0481	0.0752	0.0755	0.036	0.1097	0.0892	0.0241	0.1822	0.1153
160	0.0116	0.4026	0.0627	0.0505	0.0752	0.0482	0.0755	0.0757	0.036	0.1096	0.0892	0.0242	0.1824	0.1153
161	0.0111	0.3969	0.063	0.0507	0.0754	0.0482	0.0752	0.0756	0.0361	0.1098	0.0893	0.0242	0.1826	0.1154
162	0.0111	0.3962	0.0631	0.0508	0.0755	0.0483	0.0754	0.0757	0.0361	0.1098	0.0894	0.0242	0.1827	0.1155
163	0.011	0.4018	0.0629	0.0505	0.0752	0.0483	0.0756	0.0757	0.036	0.1097	0.0892	0.0242	0.1824	0.1154
164	0.0114	0.3927	0.0628	0.0507	0.0752	0.0482	0.0754	0.0755	0.036	0.1095	0.0891	0.0242	0.1825	0.1154
165	0.0112	0.396	0.0629	0.0508	0.0753	0.0482	0.0754	0.0756	0.036	0.1096	0.0891	0.0241	0.1822	0.1152
166	0.0121	0.4023	0.0629	0.051	0.0754	0.0485	0.0757	0.0758	0.036	0.1097	0.0892	0.0241	0.1821	0.1152
167	0.0113	0.3956	0.0625	0.0507	0.0751	0.0486	0.0758	0.0759	0.0359	0.1099	0.0892	0.0241	0.182	0.1152
168	0.0108	0.3986	0.0625	0.0507	0.0751	0.0486	0.0756	0.0757	0.0359	0.1099	0.0891	0.0242	0.1825	0.1153
169	0.0111	0.3929	0.0622	0.0504	0.075	0.0485	0.0755	0.0758	0.036	0.1097	0.0892	0.0242	0.1827	0.1154
170	0.0115	0.4076	0.0623	0.0504	0.0749	0.0484	0.0755	0.0756	0.036	0.1099	0.0892	0.0242	0.1828	0.1154
171	0.0111	0.3989	0.0625	0.0506	0.0751	0.0484	0.0756	0.0757	0.036	0.1096	0.0892	0.0242	0.1827	0.1154
172	0.0114	0.4004	0.0623	0.0504	0.0748	0.0484	0.0757	0.0756	0.036	0.1098	0.089	0.0242	0.1829	0.1153
173	0.0108	0.3992	0.0625	0.0507	0.0751	0.0484	0.0758	0.0757	0.036	0.1098	0.0892	0.0242	0.1825	0.1153
174	0.0109	0.4044	0.0624	0.0509	0.0752	0.0482	0.0755	0.0756	0.0359	0.1095	0.0891	0.0242	0.1824	0.1153
175	0.0109	0.4019	0.0625	0.0508	0.0753	0.0483	0.0755	0.0757	0.036	0.1099	0.0893	0.0242	0.1825	0.1154
176	0.0112	0.3991	0.0628	0.0509	0.0755	0.0484	0.0757	0.0759	0.0359	0.1094	0.0892	0.0242	0.1822	0.1155
177	0.0112	0.4075	0.0628	0.0509	0.0756	0.0485	0.0757	0.076	0.0359	0.1096	0.0894	0.0241	0.182	0.1155
178	0.0109	0.3974	0.0626	0.0508	0.0755	0.0483	0.0754	0.0758	0.036	0.11	0.0895	0.0241	0.1824	0.1155
179	0.011	0.3982	0.0629	0.0509	0.0757	0.0483	0.0751	0.0758	0.036	0.1099	0.0895	0.0242	0.183	0.1158
180	0.0112	0.4049	0.0627	0.0509	0.0756	0.0485	0.0753	0.0759	0.036	0.11	0.0895	0.0242	0.1831	0.1158
181	0.011	0.3977	0.0628	0.0509	0.0756	0.0486	0.0755	0.076	0.0361	0.1102	0.0897	0.0242	0.1831	0.1159
182	0.0107	0.4089	0.063	0.0511	0.0757	0.0487	0.0757	0.076	0.036	0.1101	0.0895	0.0242	0.1829	0.1157
183	0.011	0.4097	0.0632	0.051	0.0758	0.0486	0.0756	0.0759	0.0361	0.1103	0.0896	0.0242	0.183	0.1157
184	0.0107	0.3989	0.0635	0.0513	0.0758	0.0487	0.0758	0.0758	0.0361	0.1101	0.0894	0.0242	0.183	0.1156
185	0.0105	0.4013	0.0633	0.0512	0.0756	0.0486	0.0757	0.0758	0.036	0.1099	0.0892	0.0242	0.1832	0.1155
186	0.011	0.3994	0.0632	0.0512	0.0755	0.0484	0.0754	0.0756	0.036	0.1097	0.0891	0.0243	0.1836	0.1156
187	0.0105	0.3976	0.0629	0.0508	0.0754	0.0486	0.0758	0.0758	0.0361	0.11	0.0893	0.0243	0.1839	0.1158
188	0.011	0.3993	0.0635	0.0511	0.0758	0.0486	0.0759	0.0759	0.036	0.11	0.0893	0.0243	0.1835	0.1157
189	0.0108	0.4049	0.0633	0.051	0.0758	0.0488	0.0762	0.0761	0.036	0.11	0.0894	0.0243	0.1837	0.1159
190	0.0106	0.4062	0.0635	0.0509	0.0759	0.0487	0.0759	0.0761	0.0359	0.1097	0.0894	0.0243	0.1834	0.1158
191	0.0109	0.4002	0.0635	0.0508	0.0757	0.0488	0.0761	0.0761	0.036	0.1098	0.0893	0.0242	0.1833	0.1156
192	0.0103	0.3987	0.0635	0.0509	0.0757	0.0489	0.0765	0.0762	0.036	0.1098	0.0893	0.0242	0.1835	0.1157
193	0.0103	0.4007	0.0634	0.0508	0.0757	0.0488	0.0763	0.0762	0.036	0.1098	0.0894	0.0242	0.1832	0.1156
194	0.0108	0.4064	0.0635	0.0512	0.0757	0.0489	0.0766	0.0761	0.036	0.1099	0.0893	0.0242	0.1832	0.1155
195	0.0104	0.4056	0.0635	0.0512	0.0756	0.0487	0.0763	0.076	0.036	0.11	0.0892	0.0241	0.1828	0.1153
196	0.0105	0.3959	0.0632	0.0511	0.0755	0.0488	0.0763	0.076	0.0358	0.1095	0.0889	0.0241	0.1826	0.1152
197	0.0103	0.3998	0.0632	0.0512	0.0754	0.0488	0.0762	0.0759	0.0359	0.1097	0.089	0.0241	0.1827	0.1152
198	0.0106	0.4054	0.063	0.0507	0.0752	0.0486	0.0762	0.0758	0.0359	0.1101	0.0891	0.0241	0.1831	0.1153
199	0.011	0.406	0.0629	0.0507	0.0751	0.0486	0.0761	0.0757	0.0358	0.1096	0.0889	0.0242	0.1831	0.1152
200	0.0108	0.3963	0.063	0.0508	0.0751	0.0485	0.076	0.0756	0.0359	0.1096	0.0889	0.0241	0.1829	0.1152
201	0.0101	0.4121	0.0628	0.0506	0.0751	0.0485	0.0761	0.0757	0.0358	0.1093	0.0889	0.0241	0.1827	0.1152
202	0.0103	0.401	0.063	0.0512	0.0753	0.0485	0.076	0.0757	0.0358	0.1095	0.0889	0.0241	0.1826	0.1151
203	0.0102	0.3984	0.0631	0.0513	0.0755	0.0485	0.0761	0.0757	0.0359	0.1095	0.089	0.0241	0.1823	0.1151
204	0.0107	0.4012	0.0634	0.0513	0.0756	0.0486	0.0762	0.0758	0.0358	0.1094	0.0889	0.0241	0.1825	0.1152
205	0.0103	0.4045	0.0631	0.0511	0.0754	0.0486	0.076	0.0758	0.0358	0.1095	0.0891	0.0241	0.1829	0.1154
206	0.0109	0.4062	0.0629	0.0508	0.0756	0.0487	0.0758	0.0761	0.0358	0.1094	0.0892	0.0241	0.1827	0.1155
207	0.0101	0.3972	0.0633	0.0509	0.0757	0.0486	0.0758	0.0759	0.0359	0.1096	0.0892	0.0241	0.1828	0.1154
208	0.0102	0.4056	0.0632	0.0511	0.0756	0.0485	0.0757	0.0757	0.0359	0.1097	0.0891	0.0241	0.1828	0.1153
209	0.0104	0.4039	0.0632	0.0512	0.0755	0.0485	0.0757	0.0756	0.0358	0.1097	0.0889	0.0241	0.1828	0.1151
210	0.0106	0.4	0.0633	0.0514	0.0756	0.0488	0.0763	0.0759	0.0358	0.11	0.0891	0.0241	0.183	0.1152
211	0.0101	0.3967	0.0633	0.0513	0.0756	0.0487	0.076	0.0758	0.0359	0.11	0.089	0.0241	0.1831	0.1152
212	0.0107	0.3971	0.0635	0.0513	0.0759	0.0487	0.0762	0.076	0.036	0.1101	0.0893	0.0241	0.1828	0.1154
213	0.0101	0.3976	0.0635	0.0512	0.0759	0.0487	0.0763	0.0761	0.036	0.1103	0.0894	0.0241	0.1829	0.1154
214	0.0102	0.4023	0.0631	0.0507	0.0755	0.0485	0.0759	0.0757	0.0361	0.1107	0.0894	0.0241	0.1831	0.1153
215	0.0102	0.4091	0.063	0.0508	0.0757	0.0485	0.0759	0.0759	0.036	0.1106	0.0895	0.0241	0.1832	0.1155
216	0.0108	0.4079	0.0629	0.0507	0.0756	0.0485	0.076	0.076	0.0359	0.1103	0.0894	0.024	0.1829	0.1154
217	0.0106	0.3977	0.0632	0.0511	0.076	0.0485	0.0761	0.0761	0.036	0.1108	0.0897	0.024	0.1829	0.1155
218	0.0101	0.3986	0.063	0.0512	0.0758	0.0483	0.0761	0.076	0.036	0.1107	0.0896	0.024	0.1829	0.1154
219	0.01	0.3957	0.0631	0.0514	0.0759	0.0483	0.076	0.0759	0.0359	0.1103	0.0894	0.024	0.183	0.1154
220	0.0099	0.4003	0.0634	0.0515	0.0762	0.0482	0.0757	0.076	0.0359	0.1102	0.0896	0.024	0.183	0.1156
221	0.0104	0.4009	0.0635	0.0516	0.0762	0.0483	0.076	0.0761	0.0359	0.1103	0.0896	0.024	0.1829	0.1156
222	0.0101	0.3987	0.0633	0.0515	0.0761	0.0484	0.0758	0.0761	0.0358	0.11	0.0895	0.024	0.1829	0.1156
223	0.0101	0.4017	0.0633	0.0515	0.0761	0.0484	0.0758	0.0761	0.0359	0.1103	0.0896	0.024	0.1829	0.1156
224	0.01	0.4064	0.0633	0.0516	0.076	0.0485	0.0759	0.0761	0.0359	0.1104	0.0896	0.0241	0.183	0.1156
225	0.0102	0.4011	0.0631	0.0515	0.0759	0.0483	0.0758	0.076	0.0359	0.1101	0.0895	0.024	0.183	0.1156
226	0.0099	0.4034	0.063	0.0513	0.0757	0.0483	0.0756	0.0758	0.0358	0.1103	0.0894	0.024	0.1828	0.1154
227	0.0103	0.3954	0.0631	0.0513	0.0758	0.0482	0.0755	0.0757	0.0359	0.1103	0.0894	0.024	0.1827	0.1154
228	0.01	0.3971	0.0631	0.0515	0.0758	0.0481	0.0753	0.0755	0.0358	0.1102	0.0893	0.0241	0.1831	0.1155
229	0.01	0.4034	0.063	0.0512	0.0756	0.0481	0.0755	0.0756	0.0359	0.1104	0.0893	0.0241	0.1828	0.1153
230	0.01	0.3924	0.0628	0.0509	0.0754	0.0482	0.0757	0.0756	0.0359	0.1104	0.0893	0.0241	0.1831	0.1154
231	0.0106	0.3994	0.0625	0.0507	0.0753	0.0481	0.0755	0.0756	0.0359	0.1103	0.0892	0.0241	0.1832	0.1154
232	0.0101	0.4026	0.0626	0.0508	0.0755	0.0481	0.0753	0.0756	0.0359	0.1104	0.0894	0.0241	0.1829	0.1155
233	0.0104	0.4033	0.0624	0.0509	0.0755	0.0481	0.0754	0.0758	0.0358	0.11	0.0894	0.0241	0.1831	0.1157
234	0.0102	0.4051	0.0625	0.051	0.0755	0.0481	0.0753	0.0757	0.0358	0.1099	0.0893	0.0241	0.1828	0.1155
235	0.0101	0.4061	0.0626	0.051	0.0755	0.0482	0.0755	0.0757	0.0359	0.1101	0.0893	0.0241	0.1826	0.1154
236	0.0098	0.4079	0.0627	0.0508	0.0756	0.0481	0.0751	0.0757	0.036	0.1104	0.0895	0.024	0.1824	0.1154
237	0.0097	0.3987	0.063	0.051	0.0757	0.0481	0.0752	0.0756	0.036	0.1106	0.0895	0.0241	0.1826	0.1154
238	0.0099	0.3992	0.0626	0.0507	0.0755	0.0482	0.0753	0.0757	0.0359	0.1104	0.0895	0.0241	0.1828	0.1155
239	0.0101	0.3981	0.0624	0.0506	0.0752	0.0482	0.0752	0.0756	0.0359	0.1104	0.0893	0.0241	0.1831	0.1154
240	0.0099	0.4005	0.0628	0.0509	0.0756	0.0481	0.0751	0.0756	0.036	0.1105	0.0895	0.0241	0.1833	0.1155
241	0.0107	0.4004	0.0625	0.0507	0.0754	0.0483	0.0753	0.0757	0.0359	0.1102	0.0894	0.0241	0.1832	0.1156
242	0.01	0.4047	0.0624	0.0505	0.0753	0.0483	0.0753	0.0757	0.0359	0.1096	0.0892	0.0242	0.1834	0.1155
243	0.0102	0.4059	0.0625	0.0506	0.0754	0.0485	0.0757	0.0759	0.0358	0.1095	0.0892	0.0241	0.183	0.1155
244	0.0097	0.3999	0.0624	0.0507	0.0754	0.0485	0.0758	0.076	0.0357	0.1093	0.0892	0.0241	0.1825	0.1154
245	0.0101	0.4015	0.0619	0.0506	0.075	0.0484	0.0755	0.0758	0.0358	0.1096	0.0891	0.0241	0.1826	0.1153
246	0.0097	0.4074	0.0622	0.0505	0.0749	0.0482	0.0755	0.0755	0.0358	0.1095	0.0889	0.024	0.1823	0.115
247	0.0102	0.4052	0.0621	0.0505	0.0748	0.0483	0.0755	0.0755	0.0357	0.1094	0.0887	0.024	0.1822	0.1149
248	0.01	0.4005	0.0625	0.0508	0.0754	0.0483	0.0757	0.0758	0.0358	0.1096	0.0891	0.024	0.1818	0.115
249	0.0098	0.4009	0.0626	0.051	0.0755	0.0481	0.0753	0.0756	0.0357	0.1093	0.089	0.024	0.1818	0.115
250	0.0102	0.397	0.0628	0.0511	0.0757	0.048	0.0752	0.0756	0.0357	0.1091	0.0889	0.0239	0.1814	0.1149
251	0.0102	0.4099	0.0624	0.0509	0.0753	0.0478	0.0749	0.0753	0.0358	0.1093	0.089	0.024	0.1821	0.115
252	0.0102	0.4025	0.0625	0.0507	0.0754	0.0479	0.0751	0.0754	0.0358	0.1093	0.089	0.024	0.1824	0.1152
253	0.0097	0.4065	0.0625	0.0505	0.0754	0.0477	0.0748	0.0753	0.0357	0.1092	0.0889	0.0241	0.1823	0.1151
254	0.0101	0.3962	0.0627	0.0505	0.0754	0.0478	0.0749	0.0753	0.0357	0.1091	0.0889	0.024	0.1822	0.1151
255	0.0099	0.4025	0.0626	0.0507	0.0754	0.0481	0.0756	0.0757	0.0357	0.1092	0.0889	0.0241	0.1821	0.1151
256	0.0096	0.3962	0.063	0.051	0.0756	0.0482	0.0757	0.0757	0.0358	0.1098	0.0891	0.024	0.1816	0.115
257	0.01	0.3993	0.0627	0.0508	0.0754	0.0483	0.0756	0.0756	0.0358	0.1098	0.089	0.024	0.1816	0.1149
258	0.0098	0.3943	0.0629	0.0508	0.0755	0.0485	0.076	0.0758	0.0358	0.1098	0.0891	0.024	0.1819	0.115
259	0.0097	0.3956	0.0625	0.0504	0.0754	0.0486	0.0763	0.0761	0.0359	0.1101	0.0894	0.024	0.1819	0.1152
260	0.0102	0.3992	0.0628	0.0508	0.0755	0.0487	0.0761	0.0761	0.0359	0.1101	0.0894	0.0241	0.1821	0.1152
261	0.0101	0.4057	0.0627	0.0508	0.0756	0.0486	0.0759	0.076	0.0358	0.1098	0.0893	0.0241	0.1822	0.1153
262	0.0097	0.3999	0.0626	0.0508	0.0753	0.0484	0.0758	0.0757	0.0358	0.11	0.0891	0.024	0.1816	0.1149
263	0.0098	0.3999	0.0628	0.0508	0.0754	0.0485	0.0761	0.0758	0.0358	0.11	0.0891	0.024	0.1819	0.115
264	0.01	0.4022	0.0626	0.051	0.0753	0.0485	0.076	0.0758	0.0358	0.11	0.089	0.024	0.1819	0.115
265	0.0101	0.3985	0.0627	0.0511	0.0754	0.0486	0.0763	0.076	0.0359	0.1101	0.0892	0.024	0.1819	0.115
266	0.0098	0.4019	0.063	0.0513	0.0756	0.0484	0.0759	0.0758	0.0358	0.1099	0.0891	0.024	0.182	0.115
267	0.0099	0.4043	0.0628	0.0507	0.0754	0.0485	0.076	0.0759	0.0359	0.1104	0.0893	0.024	0.1821	0.1151
268	0.01	0.4017	0.063	0.0509	0.0757	0.0486	0.0763	0.0761	0.0358	0.1104	0.0894	0.024	0.1821	0.1153
269	0.0103	0.4124	0.0627	0.0504	0.0753	0.0486	0.0764	0.0761	0.0358	0.1104	0.0893	0.024	0.1816	0.115
270	0.0098	0.3932	0.0629	0.0506	0.0754	0.0483	0.0758	0.0757	0.0357	0.1105	0.0892	0.024	0.1817	0.115
271	0.0099	0.4053	0.0631	0.0506	0.0755	0.0483	0.0759	0.0757	0.0356	0.11	0.089	0.024	0.1819	0.115
272	0.0101	0.4091	0.063	0.0508	0.0756	0.0483	0.0758	0.0758	0.0356	0.1101	0.0891	0.024	0.1817	0.115
273	0.0099	0.4036	0.0629	0.0506	0.0756	0.0483	0.0756	0.0758	0.0357	0.1103	0.0892	0.024	0.1819	0.1152
274	0.0098	0.4074	0.063	0.0507	0.0756	0.0481	0.0756	0.0757	0.0357	0.1105	0.0893	0.024	0.182	0.1152
275	0.0097	0.4007	0.0631	0.0508	0.0758	0.0483	0.0759	0.0759	0.0356	0.1103	0.0893	0.024	0.182	0.1153
276	0.0097	0.4036	0.0633	0.051	0.0759	0.0485	0.076	0.076	0.0357	0.1103	0.0893	0.024	0.1817	0.1152
277	0.0096	0.4023	0.0633	0.0509	0.076	0.0483	0.0758	0.076	0.0357	0.1104	0.0895	0.024	0.1817	0.1153
278	0.0099	0.4043	0.0633	0.0509	0.0759	0.0486	0.0762	0.0762	0.0358	0.1106	0.0895	0.024	0.1819	0.1153
279	0.0099	0.4081	0.0632	0.0507	0.0758	0.0484	0.0759	0.076	0.0358	0.1104	0.0894	0.024	0.1818	0.1153
280	0.0097	0.3974	0.0635	0.0509	0.0761	0.0485	0.0761	0.0762	0.0358	0.1107	0.0896	0.024	0.1816	0.1153
281	0.0096	0.4048	0.0637	0.0512	0.0763	0.0486	0.0761	0.0763	0.0358	0.1103	0.0896	0.024	0.1819	0.1155
282	0.01	0.4016	0.0637	0.0511	0.0762	0.0487	0.0758	0.0762	0.0358	0.1104	0.0895	0.024	0.1818	0.1154
283	0.0096	0.3991	0.0639	0.0514	0.0766	0.0489	0.0761	0.0765	0.0357	0.1102	0.0896	0.024	0.1821	0.1156
284	0.0101	0.4013	0.0638	0.0513	0.0766	0.0488	0.0761	0.0765	0.0356	0.11	0.0896	0.024	0.1816	0.1156
285	0.0094	0.3987	0.0637	0.0512	0.0765	0.0487	0.076	0.0764	0.0357	0.1103	0.0897	0.024	0.1817	0.1156
286	0.0097	0.4046	0.0635	0.051	0.0766	0.0487	0.076	0.0767	0.0357	0.1104	0.0899	0.024	0.1817	0.1158
287	0.0096	0.4018	0.0638	0.0513	0.0769	0.0487	0.076	0.0767	0.0358	0.111	0.0902	0.0241	0.1823	0.116
288	0.0096	0.3996	0.0638	0.0512	0.0769	0.049	0.0765	0.077	0.0359	0.1114	0.0903	0.0241	0.1826	0.1161
289	0.0097	0.4057	0.0641	0.0515	0.0772	0.049	0.0762	0.0769	0.036	0.1117	0.0905	0.0241	0.1825	0.1161
290	0.0097	0.4051	0.0641	0.0515	0.0772	0.049	0.0762	0.077	0.036	0.1116	0.0905	0.0241	0.1821	0.1161
291	0.0098	0.3997	0.064	0.0514	0.0771	0.0489	0.076	0.0769	0.0359	0.1113	0.0904	0.0241	0.1826	0.1162
292	0.0096	0.4021	0.0639	0.0513	0.077	0.0487	0.0757	0.0767	0.0359	0.1113	0.0903	0.0241	0.1827	0.1162
293	0.0098	0.4014	0.0638	0.0514	0.077	0.0489	0.0759	0.0768	0.0359	0.1114	0.0903	0.0241	0.1825	0.1161
294	0.0098	0.4028	0.0635	0.0512	0.0769	0.049	0.0759	0.0769	0.036	0.1115	0.0904	0.024	0.1822	0.116
295	0.0097	0.3997	0.0635	0.0512	0.0766	0.0488	0.0758	0.0766	0.036	0.1114	0.0902	0.024	0.1821	0.1157
296	0.0096	0.4033	0.0636	0.0511	0.0766	0.0487	0.0756	0.0764	0.036	0.111	0.09	0.024	0.1822	0.1157
297	0.01	0.398	0.0635	0.051	0.0764	0.0487	0.0755	0.0763	0.0359	0.1112	0.09	0.024	0.1822	0.1156
298	0.0095	0.3981	0.0634	0.0508	0.0762	0.0486	0.0754	0.0762	0.036	0.1111	0.09	0.0239	0.1819	0.1155
299	0.0099	0.3964	0.0634	0.0509	0.0763	0.0487	0.0756	0.0764	0.0359	0.1113	0.09	0.024	0.1818	0.1155
300	0.0097	0.4048	0.0636	0.0511	0.0764	0.0487	0.0757	0.0763	0.0361	0.1117	0.0902	0.024	0.1824	0.1156
301	0.0097	0.3979	0.0638	0.0513	0.0766	0.0487	0.0756	0.0763	0.0361	0.1117	0.0902	0.024	0.1828	0.1158
302	0.0101	0.4091	0.0635	0.0511	0.0763	0.0488	0.0758	0.0764	0.0361	0.1112	0.0901	0.024	0.1824	0.1157
303	0.01	0.4002	0.0636	0.0512	0.0764	0.0486	0.0757	0.0763	0.0361	0.1115	0.0901	0.0241	0.1827	0.1157
304	0.0094	0.4063	0.0636	0.0512	0.0764	0.0485	0.0753	0.0761	0.0361	0.1115	0.0901	0.0241	0.1829	0.1157
305	0.0099	0.4007	0.0635	0.0511	0.0766	0.0485	0.0752	0.0762	0.036	0.1112	0.0901	0.0241	0.183	0.1159
306	0.0099	0.4012	0.0633	0.0509	0.0764	0.0485	0.0753	0.0763	0.036	0.1105	0.0899	0.0241	0.1832	0.1159
307	0.0097	0.4033	0.0633	0.0509	0.0762	0.0486	0.0754	0.0762	0.0358	0.1106	0.0897	0.024	0.1829	0.1156
308	0.0094	0.4038	0.0632	0.0509	0.076	0.0484	0.0751	0.0759	0.0357	0.1103	0.0894	0.024	0.1827	0.1154
309	0.01	0.4097	0.0631	0.0508	0.0758	0.0483	0.0751	0.0758	0.0358	0.1105	0.0894	0.024	0.1826	0.1153
310	0.0103	0.4037	0.0632	0.0508	0.076	0.0482	0.0749	0.0757	0.0358	0.1106	0.0894	0.024	0.1823	0.1152
311	0.0098	0.4	0.0635	0.0508	0.0762	0.0482	0.0749	0.0758	0.0357	0.1105	0.0895	0.0239	0.182	0.1152
312	0.01	0.4008	0.0635	0.0509	0.076	0.0483	0.0751	0.0757	0.0357	0.1103	0.0892	0.0239	0.182	0.115
313	0.0098	0.4018	0.0637	0.0509	0.0759	0.0481	0.0749	0.0755	0.0356	0.1101	0.089	0.024	0.1821	0.115
314	0.0094	0.41	0.0635	0.0507	0.0756	0.0479	0.0745	0.0751	0.0356	0.1098	0.0888	0.024	0.1821	0.1148
315	0.0101	0.4063	0.0635	0.0509	0.0755	0.048	0.0746	0.075	0.0355	0.1103	0.0887	0.024	0.1819	0.1146
316	0.0099	0.4004	0.0632	0.0508	0.0754	0.048	0.0746	0.0751	0.0355	0.11	0.0887	0.024	0.1821	0.1147
317	0.0098	0.3961	0.0632	0.0508	0.0755	0.048	0.0748	0.0752	0.0355	0.1101	0.0887	0.024	0.1819	0.1148
318	0.0098	0.4034	0.0627	0.0504	0.0751	0.0479	0.0747	0.0751	0.0354	0.1097	0.0886	0.024	0.1819	0.1147
319	0.01	0.4025	0.0624	0.0503	0.075	0.048	0.0752	0.0752	0.0354	0.1096	0.0886	0.024	0.182	0.1148
320	0.0101	0.3959	0.0622	0.0502	0.075	0.048	0.0752	0.0754	0.0353	0.1096	0.0887	0.0239	0.1814	0.1147
321	0.0099	0.4014	0.0623	0.0503	0.075	0.0479	0.075	0.0752	0.0354	0.1096	0.0886	0.0239	0.1811	0.1145
322	0.0096	0.4062	0.0621	0.0501	0.075	0.0478	0.0749	0.0753	0.0354	0.1099	0.0888	0.0239	0.1812	0.1147
323	0.0098	0.4052	0.0625	0.0506	0.0751	0.0478	0.0748	0.0751	0.0353	0.1093	0.0885	0.0238	0.1805	0.1144
324	0.0099	0.3992	0.0627	0.0508	0.0753	0.0479	0.075	0.0753	0.0354	0.1097	0.0887	0.0238	0.1806	0.1144
325	0.0099	0.403	0.0625	0.0505	0.075	0.048	0.075	0.0751	0.0353	0.1097	0.0885	0.0238	0.1808	0.1143
326	0.0098	0.4004	0.0626	0.0505	0.0751	0.048	0.075	0.0752	0.0354	0.1102	0.0888	0.0239	0.1808	0.1144
327	0.0097	0.4037	0.0628	0.0508	0.0753	0.0483	0.0752	0.0754	0.0355	0.1101	0.0888	0.0239	0.181	0.1145
328	0.0098	0.3977	0.0629	0.051	0.0752	0.0484	0.0753	0.0754	0.0355	0.1103	0.0888	0.0239	0.1811	0.1145
329	0.0101	0.4032	0.0625	0.0509	0.075	0.0482	0.075	0.0752	0.0356	0.1102	0.0888	0.0239	0.1811	0.1145
330	0.0095	0.3992	0.0628	0.0511	0.0753	0.0481	0.0749	0.0752	0.0356	0.1104	0.0889	0.0239	0.1809	0.1145
331	0.0097	0.4078	0.0629	0.051	0.0753	0.048	0.0747	0.0752	0.0357	0.1105	0.089	0.0239	0.181	0.1146
332	0.0099	0.3961	0.0631	0.0512	0.0756	0.0482	0.0752	0.0755	0.0357	0.1104	0.0891	0.0238	0.1809	0.1146
333	0.0097	0.4027	0.0631	0.0512	0.0754	0.0482	0.0752	0.0753	0.0357	0.1107	0.0891	0.0239	0.1811	0.1146
334	0.0099	0.3946	0.063	0.0512	0.0753	0.0482	0.0753	0.0753	0.0358	0.1109	0.0891	0.0239	0.1815	0.1146
335	0.0097	0.4036	0.063	0.0513	0.0753	0.0482	0.0753	0.0753	0.0357	0.111	0.089	0.0239	0.1813	0.1145
336	0.01	0.4046	0.0632	0.0513	0.0753	0.0482	0.075	0.0752	0.0357	0.1109	0.089	0.0239	0.181	0.1145
337	0.0094	0.4032	0.0632	0.051	0.0752	0.0483	0.0754	0.0753	0.0357	0.1111	0.089	0.0239	0.1812	0.1145
338	0.0098	0.4039	0.0633	0.051	0.0754	0.0483	0.0756	0.0755	0.0357	0.111	0.0892	0.0239	0.1812	0.1147
339	0.0099	0.4003	0.0628	0.0507	0.0749	0.0483	0.0755	0.0754	0.0358	0.1113	0.0891	0.0239	0.1809	0.1145
340	0.0098	0.3917	0.0627	0.0506	0.0747	0.0483	0.0753	0.0751	0.0357	0.1108	0.0888	0.0238	0.1803	0.1141
341	0.0095	0.4092	0.0628	0.0506	0.0747	0.0483	0.0751	0.0751	0.0358	0.1113	0.089	0.0238	0.1801	0.1141
342	0.01	0.3961	0.0631	0.0507	0.075	0.0485	0.0755	0.0754	0.0357	0.1111	0.089	0.0238	0.1805	0.1143
343	0.0099	0.4049	0.0626	0.0502	0.0747	0.0485	0.0755	0.0754	0.0358	0.1111	0.0891	0.0238	0.1805	0.1144
344	0.0103	0.406	0.0626	0.0502	0.0748	0.0487	0.0757	0.0756	0.0357	0.1105	0.089	0.0238	0.1805	0.1144
345	0.01	0.4057	0.0627	0.0506	0.075	0.0486	0.0757	0.0757	0.0356	0.1099	0.0889	0.0238	0.1802	0.1144
346	0.0097	0.398	0.0627	0.0505	0.075	0.0485	0.0755	0.0755	0.0356	0.11	0.0889	0.0238	0.1801	0.1143
347	0.0094	0.4032	0.0629	0.0507	0.0753	0.0485	0.0755	0.0757	0.0356	0.1101	0.089	0.0238	0.1804	0.1145
348	0.0099	0.3982	0.0628	0.0506	0.0751	0.0484	0.0754	0.0755	0.0355	0.1097	0.0888	0.0238	0.1806	0.1145
349	0.0099	0.4024	0.0625	0.0505	0.0749	0.0482	0.0753	0.0754	0.0355	0.1099	0.0888	0.0238	0.1805	0.1144
350	0.0098	0.4016	0.0628	0.0506	0.0751	0.0483	0.0755	0.0755	0.0355	0.11	0.0888	0.0238	0.1808	0.1145
351	0.0097	0.3999	0.063	0.0509	0.0753	0.0485	0.0757	0.0757	0.0356	0.11	0.0889	0.0238	0.1807	0.1145
352	0.0096	0.407	0.0633	0.0511	0.0758	0.0488	0.0759	0.076	0.0356	0.1105	0.0893	0.0239	0.181	0.1149
353	0.0101	0.3996	0.0632	0.0509	0.0755	0.0486	0.0757	0.0758	0.0356	0.1107	0.0892	0.0239	0.1815	0.1149
354	0.0104	0.4054	0.063	0.0508	0.0755	0.0486	0.0761	0.0759	0.0355	0.1101	0.089	0.0239	0.1811	0.1148
355	0.0093	0.3953	0.063	0.0509	0.0754	0.0487	0.0761	0.0759	0.0355	0.1103	0.089	0.0239	0.1811	0.1147
356	0.0095	0.4052	0.0626	0.0505	0.0751	0.0486	0.0761	0.0758	0.0355	0.11	0.0889	0.0239	0.1809	0.1146
357	0.0097	0.4016	0.0625	0.0504	0.0752	0.0486	0.0758	0.0759	0.0354	0.11	0.0889	0.0239	0.1808	0.1146
358	0.0097	0.4005	0.0629	0.051	0.0753	0.0486	0.0761	0.0759	0.0355	0.1099	0.0888	0.0239	0.1811	0.1146
359	0.0097	0.4066	0.0628	0.0511	0.0752	0.0486	0.076	0.0757	0.0355	0.11	0.0887	0.0239	0.1808	0.1144
360	0.0094	0.4067	0.0627	0.051	0.0752	0.0485	0.0759	0.0757	0.0355	0.11	0.0888	0.0239	0.181	0.1145
361	0.0096	0.3949	0.0629	0.0512	0.0753	0.0484	0.0755	0.0756	0.0355	0.1101	0.0889	0.0239	0.1812	0.1146
362	0.0095	0.4059	0.0628	0.0511	0.0753	0.0484	0.0754	0.0756	0.0354	0.1098	0.0888	0.0239	0.1813	0.1146
363	0.0096	0.4062	0.0629	0.0511	0.0754	0.0483	0.0753	0.0755	0.0353	0.1096	0.0886	0.0239	0.1814	0.1146
364	0.0098	0.397	0.063	0.0513	0.0757	0.0483	0.0755	0.0758	0.0352	0.1091	0.0886	0.0239	0.1811	0.1147
365	0.0099	0.3986	0.0628	0.051	0.0756	0.0481	0.0751	0.0756	0.0352	0.1091	0.0887	0.0238	0.1805	0.1145
366	0.0095	0.3957	0.0628	0.0508	0.0754	0.0482	0.0752	0.0756	0.0353	0.1092	0.0887	0.0238	0.1806	0.1144
367	0.0095	0.3945	0.0627	0.0507	0.0753	0.0483	0.0753	0.0756	0.0353	0.109	0.0885	0.0238	0.1805	0.1144
368	0.0096	0.3966	0.0627	0.0505	0.0753	0.048	0.0748	0.0753	0.0352	0.1087	0.0884	0.0238	0.1808	0.1144
369	0.0099	0.4051	0.0627	0.0506	0.0754	0.0482	0.075	0.0756	0.0352	0.1087	0.0885	0.0238	0.1811	0.1146
370	0.0093	0.4074	0.0627	0.0507	0.0756	0.0484	0.0754	0.076	0.0351	0.1089	0.0887	0.0239	0.1815	0.1149
371	0.0097	0.4067	0.0629	0.0509	0.0759	0.0485	0.0756	0.0761	0.0352	0.1091	0.0888	0.0239	0.1816	0.115
372	0.01	0.4053	0.0629	0.0509	0.0758	0.0486	0.0757	0.0762	0.0351	0.1091	0.0888	0.0239	0.1813	0.1149
373	0.0099	0.3963	0.0628	0.0508	0.0755	0.0485	0.0756	0.076	0.0351	0.1094	0.0887	0.0238	0.1812	0.1147
374	0.0099	0.404	0.0626	0.0509	0.0754	0.0484	0.0756	0.0758	0.0351	0.1094	0.0886	0.0238	0.181	0.1145
375	0.0101	0.4021	0.0626	0.0508	0.0754	0.0483	0.0757	0.0758	0.035	0.109	0.0885	0.0238	0.1811	0.1146
376	0.0095	0.3996	0.0626	0.0509	0.0756	0.0483	0.0757	0.076	0.0351	0.1093	0.0887	0.0238	0.181	0.1147
377	0.0096	0.4053	0.0621	0.0502	0.0752	0.0483	0.0757	0.076	0.035	0.109	0.0887	0.0238	0.1811	0.1148
378	0.0097	0.4035	0.0623	0.0503	0.0753	0.0482	0.0757	0.076	0.0351	0.1089	0.0887	0.0238	0.1808	0.1147
379	0.0097	0.4078	0.0621	0.0502	0.0751	0.0482	0.0757	0.0759	0.0352	0.1093	0.0888	0.0238	0.1809	0.1147
380	0.0095	0.4063	0.0625	0.0504	0.0754	0.0485	0.076	0.0762	0.0352	0.1093	0.0889	0.0238	0.1806	0.1147
381	0.0098	0.4064	0.0626	0.0505	0.0755	0.0485	0.0758	0.0761	0.0352	0.1093	0.0889	0.0238	0.1807	0.1147
382	0.0098	0.4063	0.0628	0.051	0.0759	0.0484	0.0756	0.0761	0.0352	0.1091	0.0889	0.0237	0.1802	0.1147
383	0.0095	0.3998	0.063	0.0511	0.076	0.0484	0.0755	0.0761	0.0353	0.1096	0.0891	0.0238	0.1806	0.1148
384	0.0099	0.4047	0.0629	0.051	0.0759	0.0485	0.0756	0.0761	0.0354	0.1097	0.0891	0.0238	0.1802	0.1147
385	0.0098	0.4026	0.0629	0.051	0.0759	0.0484	0.0756	0.0761	0.0355	0.1096	0.0892	0.0238	0.1802	0.1148
386	0.0099	0.4027	0.0628	0.0508	0.076	0.0485	0.0757	0.0764	0.0355	0.1097	0.0894	0.0238	0.1802	0.1149
387	0.0093	0.4031	0.0629	0.0509	0.0761	0.0483	0.0754	0.0762	0.0356	0.11	0.0895	0.0238	0.1804	0.1149
388	0.0096	0.4037	0.0632	0.0512	0.0764	0.0483	0.0754	0.0762	0.0356	0.11	0.0896	0.0238	0.1808	0.1151
389	0.0094	0.4013	0.0631	0.0513	0.0764	0.0481	0.0753	0.0762	0.0356	0.1099	0.0896	0.0238	0.1805	0.1151
390	0.0097	0.4041	0.0629	0.0512	0.0762	0.0481	0.0754	0.0762	0.0356	0.1099	0.0895	0.0238	0.1804	0.115
391	0.0098	0.404	0.0632	0.0515	0.0763	0.0481	0.0753	0.0761	0.0355	0.1095	0.0893	0.0238	0.1806	0.115
392	0.0095	0.4014	0.0635	0.0515	0.0762	0.0481	0.0753	0.0759	0.0355	0.1094	0.0892	0.0238	0.1807	0.1149
393	0.0098	0.4074	0.063	0.0512	0.0759	0.0482	0.0756	0.076	0.0355	0.109	0.0891	0.0238	0.1806	0.1148
394	0.0096	0.4047	0.0628	0.0511	0.0756	0.0482	0.0754	0.0758	0.0355	0.1094	0.0891	0.0238	0.1806	0.1146
395	0.01	0.4049	0.0626	0.051	0.0754	0.048	0.075	0.0755	0.0353	0.1089	0.0887	0.0237	0.1801	0.1143
396	0.0093	0.4061	0.0628	0.0511	0.0755	0.048	0.0751	0.0755	0.0353	0.1089	0.0887	0.0237	0.1801	0.1143
397	0.0094	0.4014	0.0628	0.0511	0.0754	0.048	0.0752	0.0755	0.0354	0.1093	0.0887	0.0237	0.1802	0.1143
398	0.0096	0.4037	0.0627	0.051	0.0753	0.0479	0.075	0.0753	0.0355	0.1097	0.0888	0.0237	0.1802	0.1141
399	0.0099	0.4014	0.0625	0.0506	0.075	0.0479	0.0746	0.0751	0.0355	0.1097	0.0887	0.0237	0.1798	0.114
400	0.0094	0.4034	0.0623	0.0505	0.0751	0.048	0.0747	0.0754	0.0354	0.1095	0.0888	0.0237	0.18	0.1142
401	0.0098	0.3979	0.0624	0.0507	0.0753	0.0481	0.0748	0.0756	0.0354	0.1092	0.0889	0.0237	0.1803	0.1145
402	0.0097	0.4001	0.0625	0.0509	0.0754	0.0482	0.0753	0.0758	0.0353	0.1093	0.0889	0.0238	0.1804	0.1146
403	0.0095	0.3971	0.0626	0.051	0.0754	0.0483	0.0753	0.0758	0.0354	0.1098	0.089	0.0238	0.1806	0.1146
404	0.0093	0.4008	0.0624	0.051	0.0753	0.0483	0.0754	0.0759	0.0354	0.1097	0.0891	0.0238	0.1804	0.1146
405	0.01	0.3968	0.0629	0.0513	0.0759	0.0482	0.0753	0.076	0.0355	0.1099	0.0894	0.0238	0.1801	0.1148
406	0.0093	0.4013	0.0628	0.0512	0.0759	0.0483	0.0757	0.0762	0.0355	0.1095	0.0894	0.0237	0.18	0.1148
407	0.0095	0.4049	0.0633	0.0516	0.0763	0.0481	0.0757	0.0763	0.0355	0.1096	0.0895	0.0238	0.1803	0.115
408	0.0097	0.4034	0.0633	0.0515	0.0762	0.0482	0.0757	0.0762	0.0355	0.1096	0.0894	0.0237	0.1796	0.1147
409	0.0096	0.4049	0.0635	0.0516	0.0762	0.0479	0.0752	0.0759	0.0355	0.1096	0.0893	0.0237	0.1799	0.1147
410	0.0098	0.4038	0.0636	0.0516	0.0762	0.0478	0.0751	0.0758	0.0354	0.1091	0.089	0.0237	0.18	0.1147
411	0.0099	0.4018	0.0636	0.0515	0.0762	0.0478	0.0749	0.0757	0.0354	0.1093	0.0891	0.0237	0.18	0.1146
412	0.01	0.406	0.0635	0.0511	0.0762	0.0479	0.0751	0.0759	0.0354	0.1092	0.0892	0.0237	0.1805	0.1149
413	0.01	0.4073	0.0635	0.0513	0.0762	0.048	0.0754	0.0759	0.0355	0.1097	0.0893	0.0237	0.18	0.1147
414	0.01	0.4	0.0634	0.0514	0.0762	0.0481	0.0756	0.0761	0.0355	0.1097	0.0894	0.0237	0.1801	0.1148
415	0.0098	0.4031	0.0635	0.0515	0.0762	0.0481	0.0756	0.0761	0.0355	0.1097	0.0894	0.0238	0.1803	0.1149
416	0.0095	0.4034	0.0635	0.0514	0.0761	0.0482	0.0755	0.0761	0.0356	0.11	0.0894	0.0238	0.1807	0.115
417	0.0096	0.4049	0.0635	0.0513	0.0762	0.0481	0.0753	0.076	0.0355	0.1099	0.0895	0.0238	0.1803	0.1149
418	0.0097	0.3946	0.0637	0.0515	0.0764	0.0482	0.0756	0.0762	0.0355	0.1096	0.0895	0.0238	0.1804	0.1151
419	0.0095	0.4048	0.0636	0.0514	0.0762	0.0481	0.0754	0.076	0.0354	0.1094	0.0892	0.0237	0.1801	0.1148
420	0.0094	0.4038	0.0632	0.051	0.0758	0.048	0.0752	0.0758	0.0354	0.1093	0.089	0.0237	0.1801	0.1147
421	0.0095	0.3971	0.063	0.0509	0.0756	0.0481	0.0756	0.0759	0.0354	0.1095	0.089	0.0237	0.1799	0.1145
422	0.0096	0.4039	0.063	0.051	0.0758	0.0483	0.0759	0.0761	0.0354	0.1092	0.089	0.0237	0.1799	0.1146
423	0.0098	0.4006	0.063	0.051	0.0757	0.0482	0.0756	0.076	0.0354	0.1093	0.089	0.0237	0.1798	0.1145
424	0.0098	0.4062	0.0631	0.051	0.0757	0.048	0.0754	0.0758	0.0354	0.1094	0.089	0.0237	0.1801	0.1146
425	0.0096	0.4023	0.063	0.0509	0.0757	0.0481	0.0754	0.0758	0.0354	0.1099	0.0892	0.0238	0.1803	0.1147
426	0.0096	0.3989	0.063	0.0508	0.0756	0.0482	0.0755	0.0759	0.0355	0.1101	0.0893	0.0237	0.18	0.1146
427	0.0097	0.4112	0.0631	0.0509	0.0759	0.0482	0.0755	0.076	0.0354	0.1097	0.0893	0.0238	0.1803	0.1148
428	0.0095	0.3923	0.0634	0.0512	0.0761	0.0481	0.0754	0.076	0.0354	0.1097	0.0893	0.0237	0.1799	0.1147
429	0.0095	0.4108	0.0633	0.0512	0.0759	0.048	0.0754	0.0758	0.0354	0.1096	0.0891	0.0237	0.1802	0.1146
430	0.0099	0.4062	0.063	0.0509	0.0755	0.0479	0.0752	0.0755	0.0354	0.1096	0.0889	0.0237	0.1803	0.1145
431	0.0099	0.4008	0.0632	0.051	0.0755	0.0479	0.0752	0.0755	0.0354	0.1096	0.0889	0.0237	0.1805	0.1145
432	0.0097	0.4048	0.0632	0.051	0.0756	0.0478	0.0751	0.0754	0.0353	0.1093	0.0888	0.0237	0.1799	0.1143
433	0.0095	0.3922	0.0635	0.0513	0.0759	0.0479	0.0753	0.0755	0.0353	0.1092	0.0888	0.0237	0.1798	0.1143
434	0.0102	0.401	0.0633	0.0511	0.0757	0.048	0.0754	0.0756	0.0353	0.1094	0.0888	0.0237	0.1797	0.1142
435	0.0095	0.3979	0.063	0.051	0.0756	0.0479	0.0752	0.0755	0.0353	0.1095	0.0889	0.0236	0.179	0.1141
436	0.0091	0.4122	0.063	0.0509	0.0755	0.0478	0.075	0.0755	0.0354	0.1097	0.0889	0.0236	0.1794	0.1142
437	0.0094	0.408	0.0632	0.0512	0.0757	0.0477	0.0747	0.0753	0.0354	0.1094	0.0888	0.0236	0.1793	0.1141
438	0.0097	0.3973	0.063	0.0509	0.0754	0.0475	0.0745	0.0751	0.0354	0.1096	0.0888	0.0237	0.1796	0.1141
439	0.0099	0.3998	0.0628	0.0506	0.0754	0.0473	0.0744	0.0752	0.0353	0.1095	0.0889	0.0236	0.1794	0.1141
440	0.0097	0.4041	0.0627	0.0505	0.0755	0.0473	0.0744	0.0753	0.0353	0.1095	0.089	0.0236	0.1794	0.1142
441	0.0098	0.4053	0.0629	0.0506	0.0758	0.0472	0.0743	0.0752	0.0352	0.1093	0.0889	0.0236	0.1791	0.1141
442	0.0096	0.4064	0.0628	0.0507	0.0757	0.047	0.0738	0.075	0.0352	0.1091	0.0888	0.0236	0.179	0.114
443	0.0096	0.4045	0.0625	0.0505	0.0754	0.0471	0.074	0.075	0.0353	0.1094	0.0889	0.0236	0.1791	0.1141
444	0.0095	0.4021	0.0627	0.0509	0.0756	0.0471	0.0739	0.075	0.0353	0.1093	0.0889	0.0236	0.179	0.1141
445	0.0097	0.3989	0.0627	0.0509	0.0755	0.047	0.0738	0.0748	0.0353	0.1091	0.0887	0.0236	0.179	0.114
446	0.0094	0.4111	0.0625	0.0508	0.0757	0.0468	0.0737	0.0749	0.0352	0.109	0.0888	0.0236	0.1795	0.1142
447	0.0091	0.4054	0.0625	0.0508	0.0756	0.0468	0.0737	0.0749	0.0351	0.1088	0.0886	0.0236	0.1794	0.1141
448	0.0095	0.396	0.0625	0.0509	0.0757	0.047	0.0738	0.075	0.0351	0.1087	0.0887	0.0236	0.1802	0.1144
449	0.0097	0.4026	0.0626	0.051	0.0759	0.0469	0.0737	0.0751	0.0351	0.1086	0.0888	0.0236	0.1799	0.1144
450	0.0094	0.4034	0.063	0.0515	0.0762	0.0469	0.0739	0.0752	0.0351	0.1087	0.0889	0.0237	0.1801	0.1146
451	0.0094	0.3963	0.0633	0.0517	0.0763	0.0471	0.0742	0.0753	0.0351	0.1088	0.0888	0.0237	0.1805	0.1147
452	0.0102	0.4002	0.0628	0.0513	0.076	0.047	0.0741	0.0753	0.0352	0.109	0.0889	0.0237	0.1802	0.1146
453	0.0093	0.4042	0.0628	0.0509	0.0759	0.047	0.0739	0.0751	0.0352	0.1091	0.0889	0.0236	0.1798	0.1143
454	0.0095	0.3987	0.0627	0.0508	0.0757	0.047	0.0739	0.0751	0.0352	0.109	0.0888	0.0236	0.1799	0.1142
455	0.0097	0.4015	0.0627	0.0507	0.0756	0.0471	0.0741	0.075	0.0351	0.1091	0.0887	0.0236	0.1798	0.1141
456	0.0093	0.4006	0.0628	0.0509	0.0756	0.0469	0.0738	0.0748	0.0352	0.1093	0.0887	0.0235	0.1792	0.1139
457	0.0094	0.3982	0.0629	0.0511	0.0759	0.047	0.0741	0.0751	0.0352	0.1093	0.0888	0.0235	0.1795	0.1141
458	0.0094	0.4022	0.0628	0.0511	0.0759	0.047	0.0742	0.0752	0.0353	0.1095	0.089	0.0235	0.1795	0.1142
459	0.0095	0.4171	0.0628	0.051	0.0759	0.0469	0.0741	0.0752	0.0352	0.1092	0.089	0.0235	0.1791	0.1142
460	0.0098	0.4087	0.0632	0.0513	0.0762	0.0469	0.0741	0.0752	0.0352	0.1091	0.089	0.0235	0.1791	0.1142
461	0.0097	0.4072	0.0632	0.0513	0.0761	0.0471	0.0747	0.0754	0.0352	0.1092	0.0889	0.0235	0.1794	0.1142
462	0.0098	0.3995	0.0629	0.0512	0.0757	0.047	0.0746	0.0752	0.0353	0.1094	0.0888	0.0235	0.1789	0.1139
463	0.0096	0.4024	0.0628	0.0511	0.0757	0.047	0.0744	0.0751	0.0352	0.1092	0.0888	0.0235	0.1792	0.1139
464	0.0098	0.413	0.063	0.0512	0.0758	0.047	0.0745	0.0751	0.0352	0.1087	0.0885	0.0235	0.1792	0.1139
465	0.0096	0.4054	0.0632	0.0511	0.0757	0.0472	0.0746	0.0751	0.0351	0.1083	0.0883	0.0235	0.1793	0.1138
466	0.01	0.4046	0.0632	0.0511	0.0757	0.0471	0.0744	0.075	0.035	0.1081	0.0882	0.0235	0.1794	0.1138
467	0.0093	0.4061	0.0631	0.0511	0.0759	0.0471	0.0744	0.0752	0.035	0.1083	0.0885	0.0235	0.1798	0.1141
468	0.0096	0.3994	0.0632	0.0511	0.0759	0.0471	0.0746	0.0752	0.0351	0.1086	0.0886	0.0236	0.1799	0.1141
469	0.0099	0.403	0.0633	0.0515	0.0761	0.0472	0.0749	0.0754	0.0351	0.1084	0.0886	0.0236	0.1802	0.1143
470	0.0093	0.4143	0.0634	0.0514	0.076	0.0473	0.0751	0.0754	0.0352	0.1088	0.0886	0.0236	0.1805	0.1143
471	0.0095	0.4114	0.0634	0.0513	0.0761	0.0475	0.0754	0.0756	0.0351	0.1087	0.0887	0.0236	0.1806	0.1145
472	0.0097	0.4003	0.0633	0.0512	0.0759	0.0476	0.0756	0.0756	0.0352	0.1089	0.0886	0.0236	0.1807	0.1144
473	0.01	0.4062	0.0634	0.0514	0.0758	0.0476	0.0755	0.0755	0.0353	0.1094	0.0887	0.0236	0.1801	0.1141
474	0.0092	0.4004	0.0634	0.0514	0.0757	0.0476	0.0756	0.0754	0.0351	0.1085	0.0882	0.0236	0.1799	0.1139
475	0.0098	0.4103	0.0632	0.0512	0.0756	0.0477	0.0755	0.0754	0.0351	0.1087	0.0883	0.0236	0.1797	0.1139
476	0.0097	0.4054	0.063	0.0507	0.0751	0.0475	0.0752	0.075	0.035	0.1087	0.088	0.0235	0.1795	0.1136
477	0.0102	0.4116	0.0628	0.0506	0.075	0.0475	0.0754	0.0752	0.0351	0.1086	0.0881	0.0236	0.1794	0.1137
478	0.0097	0.4087	0.0624	0.0501	0.0747	0.0476	0.0755	0.0752	0.0351	0.1085	0.0881	0.0235	0.1795	0.1136
479	0.0092	0.4019	0.0625	0.0503	0.0748	0.0477	0.0757	0.0753	0.0352	0.1088	0.0883	0.0236	0.1797	0.1138
480	0.009	0.4074	0.0627	0.0505	0.075	0.0475	0.0754	0.0752	0.0353	0.1094	0.0885	0.0236	0.1796	0.1138
481	0.0097	0.4069	0.0628	0.0506	0.075	0.0476	0.0757	0.0752	0.0352	0.109	0.0883	0.0236	0.1798	0.1138
482	0.0097	0.4064	0.0629	0.0507	0.0752	0.0477	0.0758	0.0754	0.0353	0.1093	0.0886	0.0236	0.1801	0.114
483	0.0095	0.4032	0.0632	0.0509	0.0754	0.0475	0.0755	0.0753	0.0352	0.1091	0.0885	0.0236	0.18	0.114
484	0.0092	0.4038	0.0632	0.0509	0.0755	0.0475	0.0754	0.0754	0.0351	0.1087	0.0885	0.0236	0.18	0.1141
485	0.0096	0.4087	0.0632	0.051	0.0754	0.0475	0.0755	0.0752	0.0351	0.1088	0.0883	0.0236	0.18	0.114
486	0.0093	0.4061	0.0634	0.0511	0.0755	0.0474	0.0753	0.0751	0.0351	0.1088	0.0883	0.0236	0.1802	0.1139
487	0.0092	0.4128	0.0635	0.0512	0.0755	0.0475	0.0756	0.0752	0.0351	0.1085	0.0882	0.0236	0.1797	0.1137
488	0.0101	0.4036	0.0636	0.0512	0.0756	0.0476	0.0756	0.0753	0.0351	0.1086	0.0882	0.0236	0.18	0.1139
489	0.0097	0.4055	0.0637	0.0512	0.0756	0.0474	0.0753	0.0751	0.0352	0.1088	0.0883	0.0236	0.1801	0.1139
490	0.0098	0.4022	0.0636	0.0513	0.0757	0.0473	0.0752	0.0751	0.0352	0.1089	0.0884	0.0236	0.1802	0.114
491	0.0094	0.4005	0.0631	0.051	0.0752	0.0474	0.0754	0.075	0.0353	0.1091	0.0883	0.0236	0.1803	0.1139
492	0.0098	0.4062	0.063	0.0508	0.075	0.0474	0.0754	0.075	0.0352	0.1087	0.0881	0.0236	0.1801	0.1138
493	0.0095	0.4105	0.0628	0.0504	0.0748	0.0474	0.0753	0.075	0.0352	0.1089	0.0882	0.0236	0.18	0.1137
494	0.0096	0.4009	0.0629	0.0508	0.0748	0.0473	0.0752	0.0747	0.0353	0.1091	0.0881	0.0236	0.1798	0.1135
495	0.0096	0.4039	0.0626	0.0502	0.0745	0.0472	0.075	0.0746	0.0352	0.1088	0.0879	0.0236	0.1797	0.1135
496	0.0097	0.4048	0.0624	0.0498	0.0742	0.0471	0.0747	0.0743	0.0352	0.1086	0.0877	0.0236	0.1794	0.1132
497	0.0096	0.3968	0.062	0.0497	0.0739	0.0471	0.0744	0.0741	0.0351	0.1082	0.0875	0.0235	0.1789	0.1129
498	0.0097	0.4033	0.062	0.0498	0.0739	0.0471	0.0746	0.0742	0.035	0.1077	0.0873	0.0235	0.1789	0.1129
499	0.0094	0.4024	0.0619	0.0496	0.0738	0.047	0.0742	0.074	0.035	0.1078	0.0874	0.0235	0.1787	0.1129
500	0.0094	0.4071	0.0621	0.0495	0.0739	0.047	0.074	0.074	0.035	0.1078	0.0873	0.0235	0.1787	0.1128
