{"n_layers": 1, "device": "cuda", "batch_size": 2048, "embedding_dim": 128, "learning_rate": 0.001, "dataset": "dbbook", "epochs": 150, "top_k": 5, "multimodal": true, "datasets": {"dbbook": ["images", "text"], "ml1m": ["audio", "images", "text", "video"]}}
Epoch	Loss	Recall	Precision	NDCG
1	0.6924	0.0040	0.0049	0.0061
2	0.6898	0.0160	0.0206	0.0245
3	0.6859	0.0285	0.0385	0.0427
4	0.6798	0.0330	0.0437	0.0472
5	0.6701	0.0331	0.0440	0.0468
6	0.6556	0.0307	0.0410	0.0437
7	0.6351	0.0293	0.0387	0.0408
8	0.6083	0.0283	0.0368	0.0386
9	0.5761	0.0278	0.0358	0.0373
10	0.5404	0.0263	0.0343	0.0356
11	0.5037	0.0248	0.0332	0.0341
12	0.4679	0.0247	0.0329	0.0334
13	0.4345	0.0248	0.0332	0.0336
14	0.4025	0.0246	0.0332	0.0335
15	0.3748	0.0249	0.0334	0.0336
16	0.3506	0.0245	0.0332	0.0335
17	0.3276	0.0243	0.0331	0.0335
18	0.3090	0.0244	0.0332	0.0336
19	0.2917	0.0247	0.0333	0.0338
20	0.2737	0.0249	0.0339	0.0344
21	0.2596	0.0251	0.0343	0.0350
22	0.2488	0.0255	0.0346	0.0354
23	0.2364	0.0257	0.0350	0.0358
24	0.2250	0.0263	0.0353	0.0362
25	0.2165	0.0271	0.0364	0.0371
26	0.2076	0.0270	0.0363	0.0373
27	0.1984	0.0277	0.0373	0.0381
28	0.1911	0.0280	0.0378	0.0387
29	0.1833	0.0283	0.0381	0.0390
30	0.1757	0.0282	0.0380	0.0389
31	0.1709	0.0283	0.0381	0.0390
32	0.1648	0.0285	0.0384	0.0392
33	0.1537	0.0287	0.0385	0.0396
34	0.1533	0.0289	0.0386	0.0398
35	0.1481	0.0297	0.0394	0.0406
36	0.1428	0.0299	0.0397	0.0409
37	0.1361	0.0302	0.0399	0.0412
38	0.1323	0.0303	0.0401	0.0413
39	0.1294	0.0301	0.0401	0.0415
40	0.1254	0.0304	0.0409	0.0423
41	0.1212	0.0309	0.0417	0.0429
42	0.1172	0.0308	0.0418	0.0433
43	0.1136	0.0310	0.0420	0.0435
44	0.1117	0.0311	0.0418	0.0437
45	0.1082	0.0316	0.0424	0.0442
46	0.1036	0.0319	0.0426	0.0445
47	0.1013	0.0319	0.0427	0.0447
48	0.0986	0.0321	0.0430	0.0451
49	0.0983	0.0324	0.0433	0.0454
50	0.0941	0.0326	0.0436	0.0459
51	0.0912	0.0328	0.0436	0.0461
52	0.0888	0.0333	0.0442	0.0466
53	0.0869	0.0336	0.0449	0.0473
54	0.0855	0.0337	0.0448	0.0474
55	0.0841	0.0339	0.0452	0.0479
56	0.0810	0.0341	0.0453	0.0481
57	0.0802	0.0344	0.0456	0.0485
58	0.0773	0.0345	0.0458	0.0487
59	0.0764	0.0343	0.0458	0.0487
60	0.0742	0.0350	0.0465	0.0494
61	0.0731	0.0353	0.0468	0.0500
62	0.0697	0.0359	0.0473	0.0505
63	0.0699	0.0359	0.0474	0.0506
64	0.0669	0.0358	0.0474	0.0508
65	0.0655	0.0360	0.0475	0.0510
66	0.0644	0.0360	0.0478	0.0514
67	0.0640	0.0361	0.0478	0.0514
68	0.0640	0.0362	0.0479	0.0517
69	0.0601	0.0363	0.0481	0.0519
70	0.0595	0.0368	0.0484	0.0523
71	0.0607	0.0370	0.0486	0.0525
72	0.0571	0.0372	0.0488	0.0529
73	0.0570	0.0377	0.0492	0.0533
74	0.0557	0.0379	0.0495	0.0536
75	0.0539	0.0379	0.0495	0.0538
76	0.0539	0.0380	0.0497	0.0541
77	0.0530	0.0381	0.0499	0.0543
78	0.0553	0.0386	0.0505	0.0549
79	0.0517	0.0388	0.0508	0.0553
80	0.0507	0.0389	0.0509	0.0555
81	0.0504	0.0395	0.0517	0.0563
82	0.0481	0.0396	0.0519	0.0565
83	0.0478	0.0398	0.0522	0.0567
84	0.0470	0.0401	0.0521	0.0569
85	0.0453	0.0400	0.0520	0.0569
86	0.0454	0.0400	0.0520	0.0572
87	0.0445	0.0404	0.0524	0.0573
88	0.0431	0.0403	0.0522	0.0575
89	0.0428	0.0405	0.0525	0.0578
90	0.0423	0.0406	0.0527	0.0579
91	0.0431	0.0405	0.0527	0.0578
92	0.0399	0.0407	0.0528	0.0579
93	0.0425	0.0412	0.0535	0.0584
94	0.0399	0.0413	0.0536	0.0586
95	0.0396	0.0414	0.0537	0.0585
96	0.0391	0.0413	0.0536	0.0584
97	0.0381	0.0416	0.0540	0.0589
98	0.0390	0.0418	0.0542	0.0592
99	0.0386	0.0420	0.0542	0.0593
100	0.0373	0.0419	0.0539	0.0591
101	0.0363	0.0421	0.0541	0.0592
102	0.0368	0.0422	0.0542	0.0593
103	0.0346	0.0425	0.0543	0.0595
104	0.0343	0.0425	0.0545	0.0595
105	0.0334	0.0428	0.0549	0.0598
106	0.0351	0.0431	0.0550	0.0600
107	0.0327	0.0430	0.0549	0.0600
108	0.0337	0.0430	0.0548	0.0601
109	0.0324	0.0431	0.0551	0.0602
110	0.0313	0.0432	0.0553	0.0604
111	0.0318	0.0432	0.0553	0.0606
112	0.0325	0.0430	0.0554	0.0607
113	0.0310	0.0431	0.0554	0.0608
114	0.0306	0.0433	0.0556	0.0612
115	0.0297	0.0432	0.0559	0.0613
116	0.0309	0.0432	0.0557	0.0613
117	0.0301	0.0437	0.0562	0.0618
118	0.0295	0.0438	0.0562	0.0620
119	0.0287	0.0440	0.0563	0.0621
120	0.0283	0.0443	0.0566	0.0623
121	0.0296	0.0442	0.0567	0.0626
122	0.0294	0.0444	0.0570	0.0629
123	0.0275	0.0443	0.0570	0.0631
124	0.0286	0.0444	0.0568	0.0631
125	0.0278	0.0447	0.0573	0.0634
126	0.0273	0.0449	0.0576	0.0636
127	0.0281	0.0449	0.0577	0.0638
128	0.0261	0.0447	0.0578	0.0640
129	0.0260	0.0447	0.0575	0.0640
130	0.0255	0.0446	0.0577	0.0640
131	0.0237	0.0446	0.0578	0.0641
132	0.0238	0.0445	0.0576	0.0641
133	0.0247	0.0445	0.0575	0.0640
134	0.0242	0.0445	0.0575	0.0642
135	0.0242	0.0449	0.0579	0.0645
136	0.0260	0.0445	0.0576	0.0644
137	0.0243	0.0450	0.0578	0.0645
138	0.0243	0.0445	0.0574	0.0642
139	0.0251	0.0449	0.0577	0.0646
140	0.0240	0.0452	0.0580	0.0649
141	0.0240	0.0449	0.0579	0.0647
142	0.0230	0.0448	0.0578	0.0645
143	0.0227	0.0447	0.0579	0.0647
144	0.0225	0.0446	0.0578	0.0646
145	0.0226	0.0447	0.0579	0.0646
146	0.0226	0.0447	0.0579	0.0647
147	0.0214	0.0447	0.0579	0.0647
148	0.0225	0.0448	0.0578	0.0645
149	0.0222	0.0451	0.0581	0.0648
150	0.0224	0.0454	0.0583	0.0652
