{"n_layers": 0, "device": "cuda", "batch_size": 2048, "embedding_dim": 1024, "learning_rate": 0.001, "dataset": "dbbook", "epochs": 150, "top_k": 50, "multimodal": true, "datasets": {"dbbook": ["images", "text"], "ml1m": ["audio", "images", "text", "video"]}}
Epoch	Loss	Recall	Precision	NDCG
1	0.6918	0.0251	0.0032	0.0140
2	0.6589	0.0463	0.0060	0.0303
3	0.6265	0.0708	0.0093	0.0488
4	0.5874	0.0982	0.0131	0.0668
5	0.5378	0.1239	0.0165	0.0820
6	0.4781	0.1425	0.0191	0.0922
7	0.4146	0.1546	0.0209	0.0993
8	0.3508	0.1652	0.0223	0.1042
9	0.2932	0.1711	0.0231	0.1073
10	0.2445	0.1757	0.0237	0.1092
11	0.2054	0.1795	0.0243	0.1113
12	0.1733	0.1824	0.0247	0.1131
13	0.1470	0.1848	0.0250	0.1146
14	0.1278	0.1872	0.0253	0.1159
15	0.1103	0.1902	0.0257	0.1179
16	0.0963	0.1923	0.0260	0.1190
17	0.0844	0.1949	0.0263	0.1200
18	0.0743	0.1964	0.0264	0.1215
19	0.0673	0.1971	0.0265	0.1221
20	0.0599	0.1981	0.0266	0.1228
21	0.0536	0.1988	0.0268	0.1234
22	0.0493	0.2002	0.0269	0.1241
23	0.0459	0.2002	0.0269	0.1243
24	0.0414	0.2012	0.0271	0.1250
25	0.0388	0.2021	0.0272	0.1255
26	0.0360	0.2035	0.0273	0.1265
27	0.0324	0.2038	0.0274	0.1266
28	0.0302	0.2046	0.0274	0.1271
29	0.0286	0.2057	0.0275	0.1277
30	0.0273	0.2065	0.0276	0.1280
31	0.0254	0.2068	0.0276	0.1283
32	0.0237	0.2066	0.0276	0.1286
33	0.0230	0.2069	0.0276	0.1288
34	0.0215	0.2079	0.0277	0.1296
35	0.0198	0.2080	0.0277	0.1301
36	0.0195	0.2084	0.0277	0.1302
37	0.0186	0.2091	0.0278	0.1306
38	0.0175	0.2093	0.0279	0.1307
39	0.0169	0.2101	0.0279	0.1310
40	0.0168	0.2105	0.0280	0.1312
41	0.0156	0.2103	0.0280	0.1315
42	0.0153	0.2103	0.0280	0.1312
43	0.0148	0.2108	0.0280	0.1310
44	0.0142	0.2112	0.0281	0.1311
45	0.0137	0.2112	0.0280	0.1311
46	0.0129	0.2116	0.0281	0.1313
47	0.0135	0.2125	0.0282	0.1317
48	0.0125	0.2126	0.0282	0.1317
49	0.0122	0.2129	0.0282	0.1323
50	0.0120	0.2135	0.0283	0.1327
51	0.0112	0.2131	0.0283	0.1324
52	0.0112	0.2132	0.0283	0.1327
53	0.0109	0.2127	0.0282	0.1328
54	0.0109	0.2127	0.0282	0.1332
55	0.0106	0.2128	0.0283	0.1334
56	0.0103	0.2125	0.0282	0.1335
57	0.0103	0.2127	0.0282	0.1337
58	0.0099	0.2130	0.0283	0.1337
59	0.0098	0.2131	0.0283	0.1339
60	0.0090	0.2127	0.0283	0.1335
61	0.0095	0.2131	0.0284	0.1336
62	0.0086	0.2138	0.0283	0.1340
63	0.0093	0.2140	0.0284	0.1341
64	0.0095	0.2140	0.0284	0.1341
65	0.0086	0.2144	0.0284	0.1341
66	0.0089	0.2152	0.0285	0.1346
67	0.0084	0.2151	0.0285	0.1344
68	0.0081	0.2155	0.0285	0.1345
69	0.0084	0.2157	0.0285	0.1350
70	0.0080	0.2157	0.0285	0.1351
71	0.0079	0.2157	0.0285	0.1349
72	0.0082	0.2155	0.0285	0.1347
73	0.0080	0.2156	0.0284	0.1346
74	0.0076	0.2165	0.0286	0.1351
75	0.0077	0.2163	0.0285	0.1349
76	0.0076	0.2157	0.0285	0.1349
77	0.0075	0.2165	0.0285	0.1354
78	0.0076	0.2170	0.0285	0.1357
79	0.0068	0.2171	0.0285	0.1356
80	0.0072	0.2174	0.0286	0.1356
81	0.0072	0.2174	0.0285	0.1357
82	0.0071	0.2175	0.0286	0.1359
83	0.0070	0.2174	0.0286	0.1359
84	0.0067	0.2172	0.0286	0.1359
85	0.0068	0.2172	0.0285	0.1362
86	0.0071	0.2173	0.0286	0.1364
87	0.0068	0.2177	0.0286	0.1365
88	0.0069	0.2172	0.0285	0.1366
89	0.0068	0.2178	0.0286	0.1369
90	0.0066	0.2182	0.0286	0.1373
91	0.0066	0.2180	0.0286	0.1371
92	0.0068	0.2172	0.0285	0.1370
93	0.0065	0.2173	0.0285	0.1370
94	0.0066	0.2183	0.0286	0.1376
95	0.0064	0.2183	0.0286	0.1377
96	0.0063	0.2180	0.0286	0.1376
97	0.0065	0.2177	0.0286	0.1372
98	0.0065	0.2179	0.0286	0.1372
99	0.0063	0.2176	0.0286	0.1372
100	0.0068	0.2174	0.0285	0.1371
101	0.0064	0.2177	0.0286	0.1372
102	0.0066	0.2177	0.0286	0.1374
103	0.0063	0.2176	0.0285	0.1376
104	0.0068	0.2178	0.0286	0.1376
105	0.0063	0.2183	0.0286	0.1375
106	0.0060	0.2185	0.0287	0.1379
107	0.0063	0.2182	0.0286	0.1378
108	0.0058	0.2186	0.0286	0.1382
109	0.0067	0.2188	0.0286	0.1382
110	0.0060	0.2190	0.0287	0.1382
111	0.0060	0.2188	0.0287	0.1385
112	0.0062	0.2193	0.0287	0.1388
113	0.0059	0.2188	0.0286	0.1384
114	0.0063	0.2190	0.0287	0.1384
115	0.0059	0.2195	0.0287	0.1386
116	0.0061	0.2196	0.0287	0.1386
117	0.0058	0.2198	0.0288	0.1382
118	0.0057	0.2190	0.0287	0.1384
119	0.0060	0.2191	0.0287	0.1383
120	0.0066	0.2190	0.0287	0.1383
121	0.0060	0.2186	0.0286	0.1386
122	0.0060	0.2184	0.0286	0.1385
123	0.0053	0.2187	0.0286	0.1385
124	0.0061	0.2194	0.0287	0.1386
125	0.0055	0.2192	0.0286	0.1386
126	0.0060	0.2192	0.0286	0.1386
127	0.0068	0.2182	0.0285	0.1384
128	0.0064	0.2184	0.0286	0.1386
129	0.0058	0.2187	0.0286	0.1387
130	0.0062	0.2180	0.0285	0.1383
131	0.0058	0.2180	0.0285	0.1384
132	0.0059	0.2184	0.0286	0.1387
133	0.0060	0.2185	0.0285	0.1383
134	0.0060	0.2187	0.0286	0.1386
135	0.0061	0.2187	0.0287	0.1388
136	0.0060	0.2189	0.0286	0.1390
137	0.0058	0.2191	0.0287	0.1393
138	0.0060	0.2186	0.0286	0.1392
139	0.0052	0.2187	0.0286	0.1392
140	0.0057	0.2182	0.0286	0.1388
141	0.0057	0.2181	0.0286	0.1391
142	0.0052	0.2180	0.0286	0.1393
143	0.0055	0.2185	0.0286	0.1393
144	0.0057	0.2187	0.0286	0.1395
145	0.0059	0.2182	0.0286	0.1395
146	0.0052	0.2180	0.0285	0.1394
147	0.0057	0.2181	0.0285	0.1392
148	0.0061	0.2189	0.0286	0.1394
149	0.0057	0.2185	0.0286	0.1394
150	0.0059	0.2184	0.0286	0.1394
