{"n_layers": 0, "device": "cuda", "batch_size": 2048, "embedding_dim": 256, "learning_rate": 0.001, "dataset": "dbbook", "epochs": 150, "top_k": 50, "multimodal": true, "datasets": {"dbbook": ["images", "text"], "ml1m": ["audio", "images", "text", "video"]}}
Epoch	Loss	Recall	Precision	NDCG
1	0.6929	0.0172	0.0022	0.0086
2	0.6878	0.0309	0.0038	0.0167
3	0.6827	0.0492	0.0062	0.0301
4	0.6765	0.0701	0.0090	0.0463
5	0.6684	0.0941	0.0122	0.0617
6	0.6578	0.1156	0.0152	0.0752
7	0.6439	0.1329	0.0176	0.0854
8	0.6261	0.1450	0.0195	0.0923
9	0.6040	0.1555	0.0211	0.0978
10	0.5781	0.1605	0.0219	0.1013
11	0.5483	0.1664	0.0228	0.1046
12	0.5162	0.1686	0.0232	0.1062
13	0.4828	0.1725	0.0238	0.1085
14	0.4492	0.1752	0.0241	0.1097
15	0.4161	0.1763	0.0244	0.1106
16	0.3855	0.1777	0.0246	0.1114
17	0.3579	0.1794	0.0248	0.1122
18	0.3303	0.1806	0.0250	0.1128
19	0.3061	0.1814	0.0252	0.1135
20	0.2850	0.1820	0.0253	0.1138
21	0.2667	0.1842	0.0256	0.1147
22	0.2481	0.1853	0.0256	0.1152
23	0.2326	0.1858	0.0257	0.1155
24	0.2175	0.1877	0.0260	0.1161
25	0.2043	0.1894	0.0261	0.1167
26	0.1934	0.1897	0.0262	0.1171
27	0.1828	0.1908	0.0263	0.1177
28	0.1728	0.1919	0.0264	0.1184
29	0.1626	0.1931	0.0265	0.1189
30	0.1532	0.1939	0.0266	0.1193
31	0.1456	0.1946	0.0267	0.1199
32	0.1389	0.1954	0.0268	0.1205
33	0.1316	0.1964	0.0270	0.1211
34	0.1238	0.1963	0.0270	0.1213
35	0.1188	0.1973	0.0271	0.1217
36	0.1137	0.1977	0.0270	0.1218
37	0.1081	0.1979	0.0270	0.1220
38	0.1037	0.1986	0.0271	0.1224
39	0.0967	0.1997	0.0273	0.1229
40	0.0932	0.2013	0.0274	0.1238
41	0.0886	0.2017	0.0274	0.1237
42	0.0862	0.2021	0.0275	0.1241
43	0.0820	0.2028	0.0276	0.1245
44	0.0789	0.2029	0.0276	0.1249
45	0.0749	0.2039	0.0277	0.1254
46	0.0718	0.2041	0.0277	0.1257
47	0.0701	0.2039	0.0277	0.1258
48	0.0662	0.2046	0.0278	0.1263
49	0.0646	0.2053	0.0278	0.1266
50	0.0616	0.2057	0.0279	0.1267
51	0.0603	0.2059	0.0279	0.1268
52	0.0571	0.2058	0.0279	0.1270
53	0.0555	0.2060	0.0279	0.1271
54	0.0549	0.2058	0.0280	0.1270
55	0.0520	0.2071	0.0282	0.1274
56	0.0510	0.2073	0.0281	0.1277
57	0.0485	0.2076	0.0282	0.1280
58	0.0472	0.2083	0.0283	0.1283
59	0.0462	0.2082	0.0283	0.1282
60	0.0449	0.2092	0.0283	0.1285
61	0.0429	0.2096	0.0283	0.1288
62	0.0411	0.2098	0.0284	0.1293
63	0.0416	0.2101	0.0284	0.1295
64	0.0387	0.2102	0.0284	0.1295
65	0.0386	0.2102	0.0284	0.1296
66	0.0375	0.2107	0.0285	0.1298
67	0.0366	0.2115	0.0285	0.1301
68	0.0348	0.2119	0.0286	0.1303
69	0.0342	0.2117	0.0285	0.1303
70	0.0331	0.2117	0.0285	0.1303
71	0.0316	0.2123	0.0285	0.1306
72	0.0313	0.2123	0.0286	0.1306
73	0.0312	0.2126	0.0286	0.1310
74	0.0308	0.2129	0.0286	0.1311
75	0.0294	0.2136	0.0287	0.1312
76	0.0298	0.2136	0.0286	0.1312
77	0.0284	0.2134	0.0286	0.1312
78	0.0275	0.2140	0.0287	0.1315
79	0.0274	0.2144	0.0287	0.1318
80	0.0267	0.2149	0.0288	0.1319
81	0.0263	0.2150	0.0288	0.1320
82	0.0249	0.2156	0.0289	0.1323
83	0.0246	0.2152	0.0288	0.1322
84	0.0241	0.2152	0.0288	0.1322
85	0.0233	0.2154	0.0288	0.1324
86	0.0231	0.2154	0.0288	0.1324
87	0.0228	0.2152	0.0288	0.1325
88	0.0222	0.2148	0.0288	0.1326
89	0.0229	0.2149	0.0288	0.1328
90	0.0216	0.2152	0.0288	0.1329
91	0.0210	0.2155	0.0288	0.1331
92	0.0217	0.2153	0.0288	0.1331
93	0.0206	0.2156	0.0288	0.1331
94	0.0206	0.2155	0.0288	0.1334
95	0.0204	0.2157	0.0288	0.1335
96	0.0194	0.2159	0.0288	0.1335
97	0.0196	0.2163	0.0288	0.1336
98	0.0186	0.2165	0.0288	0.1339
99	0.0191	0.2164	0.0288	0.1339
100	0.0187	0.2162	0.0288	0.1339
101	0.0180	0.2156	0.0287	0.1336
102	0.0177	0.2153	0.0287	0.1334
103	0.0176	0.2147	0.0286	0.1334
104	0.0168	0.2147	0.0287	0.1333
105	0.0171	0.2152	0.0287	0.1337
106	0.0170	0.2156	0.0288	0.1337
107	0.0168	0.2156	0.0288	0.1338
108	0.0166	0.2156	0.0288	0.1338
109	0.0162	0.2159	0.0288	0.1339
110	0.0161	0.2160	0.0288	0.1342
111	0.0159	0.2164	0.0288	0.1345
112	0.0152	0.2168	0.0289	0.1346
113	0.0158	0.2167	0.0289	0.1347
114	0.0151	0.2171	0.0289	0.1348
115	0.0149	0.2168	0.0289	0.1348
116	0.0148	0.2167	0.0289	0.1347
117	0.0154	0.2168	0.0289	0.1348
118	0.0143	0.2168	0.0289	0.1349
119	0.0144	0.2171	0.0289	0.1350
120	0.0143	0.2169	0.0289	0.1349
121	0.0145	0.2168	0.0288	0.1347
122	0.0142	0.2171	0.0288	0.1348
123	0.0141	0.2172	0.0289	0.1348
124	0.0137	0.2175	0.0289	0.1348
125	0.0137	0.2176	0.0289	0.1350
126	0.0136	0.2176	0.0289	0.1348
127	0.0135	0.2179	0.0289	0.1350
128	0.0127	0.2177	0.0289	0.1349
129	0.0130	0.2177	0.0289	0.1352
130	0.0125	0.2174	0.0288	0.1353
131	0.0132	0.2175	0.0289	0.1354
132	0.0126	0.2177	0.0289	0.1353
133	0.0127	0.2172	0.0288	0.1352
134	0.0123	0.2178	0.0289	0.1351
135	0.0128	0.2177	0.0289	0.1349
136	0.0124	0.2177	0.0289	0.1349
137	0.0116	0.2174	0.0288	0.1349
138	0.0120	0.2175	0.0288	0.1349
139	0.0123	0.2174	0.0288	0.1348
140	0.0118	0.2175	0.0288	0.1348
141	0.0121	0.2172	0.0288	0.1348
142	0.0114	0.2174	0.0288	0.1348
143	0.0119	0.2176	0.0288	0.1347
144	0.0113	0.2174	0.0288	0.1347
145	0.0115	0.2180	0.0289	0.1349
146	0.0110	0.2177	0.0289	0.1347
147	0.0109	0.2183	0.0289	0.1351
148	0.0107	0.2185	0.0290	0.1353
149	0.0110	0.2186	0.0289	0.1354
150	0.0110	0.2186	0.0290	0.1356
