{"n_layers": 0, "device": "cuda", "batch_size": 2048, "embedding_dim": 512, "learning_rate": 0.001, "dataset": "dbbook", "epochs": 150, "top_k": 50, "multimodal": true, "datasets": {"dbbook": ["images", "text"], "ml1m": ["audio", "images", "text", "video"]}}
Epoch	Loss	Recall	Precision	NDCG
1	0.6926	0.0210	0.0026	0.0106
2	0.6824	0.0382	0.0049	0.0238
3	0.6723	0.0586	0.0076	0.0395
4	0.6600	0.0832	0.0109	0.0565
5	0.6440	0.1071	0.0143	0.0718
6	0.6233	0.1293	0.0174	0.0836
7	0.5974	0.1437	0.0195	0.0920
8	0.5654	0.1536	0.0209	0.0981
9	0.5281	0.1623	0.0222	0.1025
10	0.4874	0.1690	0.0231	0.1057
11	0.4459	0.1733	0.0237	0.1081
12	0.4044	0.1771	0.0241	0.1095
13	0.3656	0.1805	0.0246	0.1113
14	0.3306	0.1820	0.0248	0.1121
15	0.2987	0.1841	0.0252	0.1133
16	0.2710	0.1860	0.0254	0.1144
17	0.2467	0.1871	0.0256	0.1150
18	0.2231	0.1888	0.0258	0.1160
19	0.2057	0.1909	0.0261	0.1172
20	0.1890	0.1925	0.0262	0.1182
21	0.1731	0.1938	0.0263	0.1190
22	0.1605	0.1949	0.0265	0.1198
23	0.1465	0.1956	0.0265	0.1204
24	0.1362	0.1964	0.0266	0.1209
25	0.1274	0.1971	0.0266	0.1214
26	0.1178	0.1988	0.0269	0.1225
27	0.1106	0.1995	0.0269	0.1232
28	0.1025	0.1999	0.0270	0.1237
29	0.0956	0.2012	0.0272	0.1244
30	0.0901	0.2027	0.0273	0.1247
31	0.0846	0.2037	0.0274	0.1251
32	0.0786	0.2044	0.0275	0.1256
33	0.0748	0.2058	0.0276	0.1265
34	0.0711	0.2066	0.0277	0.1271
35	0.0666	0.2065	0.0277	0.1276
36	0.0633	0.2079	0.0279	0.1282
37	0.0598	0.2090	0.0280	0.1289
38	0.0574	0.2099	0.0281	0.1291
39	0.0542	0.2103	0.0281	0.1295
40	0.0520	0.2106	0.0282	0.1300
41	0.0483	0.2110	0.0283	0.1303
42	0.0463	0.2117	0.0284	0.1307
43	0.0444	0.2122	0.0284	0.1310
44	0.0430	0.2123	0.0284	0.1312
45	0.0411	0.2127	0.0284	0.1312
46	0.0388	0.2125	0.0284	0.1314
47	0.0383	0.2129	0.0285	0.1316
48	0.0367	0.2134	0.0286	0.1322
49	0.0352	0.2136	0.0286	0.1323
50	0.0350	0.2142	0.0287	0.1326
51	0.0318	0.2145	0.0287	0.1331
52	0.0316	0.2148	0.0287	0.1329
53	0.0299	0.2143	0.0286	0.1327
54	0.0296	0.2149	0.0286	0.1329
55	0.0286	0.2155	0.0287	0.1332
56	0.0274	0.2156	0.0288	0.1338
57	0.0268	0.2154	0.0287	0.1341
58	0.0258	0.2160	0.0288	0.1343
59	0.0254	0.2163	0.0288	0.1344
60	0.0242	0.2165	0.0289	0.1343
61	0.0238	0.2179	0.0290	0.1348
62	0.0230	0.2186	0.0291	0.1350
63	0.0222	0.2191	0.0291	0.1353
64	0.0219	0.2183	0.0290	0.1354
65	0.0210	0.2176	0.0290	0.1353
66	0.0208	0.2183	0.0291	0.1353
67	0.0205	0.2183	0.0291	0.1356
68	0.0204	0.2180	0.0291	0.1358
69	0.0190	0.2182	0.0291	0.1360
70	0.0188	0.2185	0.0291	0.1362
71	0.0184	0.2188	0.0292	0.1366
72	0.0184	0.2195	0.0292	0.1366
73	0.0182	0.2192	0.0291	0.1365
74	0.0175	0.2191	0.0291	0.1366
75	0.0169	0.2190	0.0291	0.1368
76	0.0167	0.2191	0.0291	0.1371
77	0.0161	0.2189	0.0291	0.1370
78	0.0161	0.2193	0.0292	0.1374
79	0.0159	0.2195	0.0292	0.1378
80	0.0156	0.2202	0.0292	0.1380
81	0.0159	0.2208	0.0293	0.1384
82	0.0156	0.2205	0.0292	0.1381
83	0.0149	0.2204	0.0292	0.1381
84	0.0149	0.2214	0.0293	0.1383
85	0.0144	0.2214	0.0293	0.1381
86	0.0142	0.2215	0.0293	0.1382
87	0.0139	0.2212	0.0293	0.1382
88	0.0136	0.2210	0.0293	0.1381
89	0.0134	0.2209	0.0292	0.1380
90	0.0131	0.2210	0.0293	0.1381
91	0.0136	0.2217	0.0293	0.1385
92	0.0130	0.2215	0.0293	0.1385
93	0.0133	0.2219	0.0294	0.1389
94	0.0125	0.2223	0.0294	0.1390
95	0.0118	0.2219	0.0294	0.1391
96	0.0126	0.2220	0.0294	0.1391
97	0.0122	0.2216	0.0293	0.1390
98	0.0125	0.2220	0.0294	0.1390
99	0.0120	0.2221	0.0294	0.1391
100	0.0118	0.2222	0.0294	0.1392
101	0.0119	0.2219	0.0294	0.1391
102	0.0116	0.2215	0.0294	0.1390
103	0.0114	0.2218	0.0294	0.1391
104	0.0119	0.2216	0.0294	0.1392
105	0.0115	0.2215	0.0294	0.1393
106	0.0109	0.2221	0.0294	0.1397
107	0.0110	0.2222	0.0294	0.1397
108	0.0108	0.2224	0.0294	0.1398
109	0.0105	0.2224	0.0294	0.1399
110	0.0107	0.2220	0.0294	0.1398
111	0.0105	0.2222	0.0294	0.1400
112	0.0105	0.2225	0.0294	0.1400
113	0.0102	0.2227	0.0295	0.1402
114	0.0105	0.2226	0.0294	0.1401
115	0.0100	0.2228	0.0294	0.1402
116	0.0099	0.2226	0.0294	0.1402
117	0.0100	0.2223	0.0294	0.1401
118	0.0102	0.2226	0.0294	0.1401
119	0.0096	0.2226	0.0294	0.1401
120	0.0097	0.2228	0.0295	0.1403
121	0.0093	0.2229	0.0295	0.1407
122	0.0100	0.2232	0.0295	0.1409
123	0.0099	0.2230	0.0295	0.1408
124	0.0098	0.2228	0.0294	0.1407
125	0.0095	0.2234	0.0295	0.1409
126	0.0095	0.2239	0.0295	0.1410
127	0.0091	0.2241	0.0295	0.1410
128	0.0090	0.2245	0.0296	0.1412
129	0.0092	0.2244	0.0296	0.1412
130	0.0096	0.2241	0.0296	0.1411
131	0.0093	0.2238	0.0296	0.1410
132	0.0092	0.2235	0.0295	0.1408
133	0.0094	0.2229	0.0295	0.1406
134	0.0094	0.2234	0.0295	0.1408
135	0.0090	0.2233	0.0295	0.1409
136	0.0089	0.2235	0.0296	0.1410
137	0.0089	0.2239	0.0296	0.1413
138	0.0089	0.2232	0.0296	0.1411
139	0.0085	0.2223	0.0295	0.1408
140	0.0086	0.2227	0.0295	0.1408
141	0.0089	0.2226	0.0295	0.1407
142	0.0086	0.2227	0.0295	0.1406
143	0.0090	0.2234	0.0296	0.1409
144	0.0085	0.2228	0.0295	0.1407
145	0.0088	0.2227	0.0295	0.1405
146	0.0084	0.2230	0.0295	0.1408
147	0.0084	0.2226	0.0295	0.1408
148	0.0085	0.2227	0.0295	0.1409
149	0.0085	0.2225	0.0295	0.1410
150	0.0081	0.2227	0.0294	0.1411
