{"n_layers": 0, "device": "cuda", "batch_size": 2048, "embedding_dim": 1024, "learning_rate": 0.001, "dataset": "dbbook", "epochs": 150, "top_k": 50, "multimodal": true, "datasets": {"dbbook": ["images", "text"], "ml1m": ["audio", "images", "text", "video"]}}
Epoch	Loss	Recall	Precision	NDCG
1	0.6929	0.0199	0.0026	0.0102
2	0.6823	0.0437	0.0056	0.0274
3	0.6706	0.0840	0.0112	0.0570
4	0.6537	0.1304	0.0174	0.0850
5	0.6285	0.1606	0.0216	0.1025
6	0.5920	0.1777	0.0242	0.1114
7	0.5434	0.1867	0.0255	0.1157
8	0.4857	0.1908	0.0262	0.1180
9	0.4241	0.1932	0.0267	0.1195
10	0.3652	0.1970	0.0272	0.1213
11	0.3135	0.1982	0.0274	0.1221
12	0.2695	0.2004	0.0278	0.1233
13	0.2326	0.2021	0.0279	0.1245
14	0.2021	0.2037	0.0280	0.1255
15	0.1779	0.2058	0.0282	0.1269
16	0.1559	0.2078	0.0285	0.1282
17	0.1373	0.2104	0.0288	0.1293
18	0.1223	0.2112	0.0289	0.1298
19	0.1094	0.2130	0.0291	0.1305
20	0.0981	0.2148	0.0293	0.1312
21	0.0888	0.2151	0.0293	0.1318
22	0.0805	0.2171	0.0295	0.1329
23	0.0735	0.2175	0.0295	0.1335
24	0.0659	0.2183	0.0296	0.1345
25	0.0607	0.2195	0.0298	0.1352
26	0.0569	0.2202	0.0299	0.1358
27	0.0519	0.2208	0.0299	0.1360
28	0.0486	0.2220	0.0300	0.1366
29	0.0454	0.2219	0.0300	0.1372
30	0.0421	0.2224	0.0301	0.1381
31	0.0395	0.2228	0.0301	0.1386
32	0.0369	0.2233	0.0301	0.1387
33	0.0345	0.2238	0.0302	0.1391
34	0.0326	0.2234	0.0302	0.1392
35	0.0305	0.2241	0.0302	0.1395
36	0.0287	0.2252	0.0302	0.1398
37	0.0278	0.2261	0.0303	0.1404
38	0.0271	0.2272	0.0304	0.1410
39	0.0254	0.2276	0.0305	0.1413
40	0.0242	0.2284	0.0306	0.1414
41	0.0238	0.2285	0.0305	0.1414
42	0.0223	0.2291	0.0306	0.1419
43	0.0218	0.2289	0.0306	0.1421
44	0.0208	0.2291	0.0306	0.1426
45	0.0202	0.2296	0.0307	0.1429
46	0.0188	0.2294	0.0307	0.1430
47	0.0184	0.2298	0.0307	0.1431
48	0.0178	0.2299	0.0307	0.1430
49	0.0173	0.2294	0.0307	0.1430
50	0.0169	0.2294	0.0306	0.1426
51	0.0164	0.2302	0.0307	0.1428
52	0.0158	0.2302	0.0307	0.1426
53	0.0160	0.2301	0.0307	0.1427
54	0.0149	0.2311	0.0307	0.1432
55	0.0149	0.2306	0.0307	0.1434
56	0.0139	0.2302	0.0307	0.1437
57	0.0138	0.2303	0.0307	0.1441
58	0.0136	0.2307	0.0307	0.1443
59	0.0133	0.2313	0.0307	0.1446
60	0.0126	0.2315	0.0308	0.1448
61	0.0125	0.2311	0.0308	0.1446
62	0.0125	0.2319	0.0308	0.1449
63	0.0124	0.2320	0.0308	0.1452
64	0.0124	0.2319	0.0308	0.1452
65	0.0122	0.2321	0.0308	0.1453
66	0.0117	0.2319	0.0308	0.1454
67	0.0112	0.2326	0.0309	0.1462
68	0.0113	0.2324	0.0308	0.1462
69	0.0111	0.2326	0.0309	0.1463
70	0.0112	0.2324	0.0309	0.1460
71	0.0103	0.2326	0.0309	0.1460
72	0.0108	0.2329	0.0309	0.1462
73	0.0109	0.2331	0.0309	0.1461
74	0.0106	0.2328	0.0308	0.1460
75	0.0098	0.2324	0.0308	0.1459
76	0.0102	0.2326	0.0308	0.1461
77	0.0098	0.2323	0.0308	0.1462
78	0.0102	0.2324	0.0308	0.1465
79	0.0098	0.2328	0.0309	0.1468
80	0.0096	0.2322	0.0309	0.1466
81	0.0095	0.2331	0.0309	0.1470
82	0.0095	0.2333	0.0309	0.1469
83	0.0096	0.2330	0.0309	0.1471
84	0.0093	0.2328	0.0309	0.1469
85	0.0091	0.2331	0.0309	0.1469
86	0.0091	0.2328	0.0309	0.1472
87	0.0090	0.2327	0.0308	0.1472
88	0.0093	0.2321	0.0308	0.1467
89	0.0087	0.2324	0.0308	0.1469
90	0.0090	0.2323	0.0308	0.1467
91	0.0089	0.2334	0.0308	0.1472
92	0.0085	0.2332	0.0308	0.1469
93	0.0088	0.2330	0.0308	0.1468
94	0.0087	0.2330	0.0308	0.1467
95	0.0085	0.2338	0.0309	0.1472
96	0.0084	0.2338	0.0309	0.1468
97	0.0084	0.2335	0.0308	0.1467
98	0.0085	0.2336	0.0309	0.1468
99	0.0084	0.2335	0.0308	0.1468
100	0.0084	0.2335	0.0309	0.1468
101	0.0083	0.2333	0.0308	0.1466
102	0.0083	0.2335	0.0308	0.1467
103	0.0080	0.2333	0.0308	0.1465
104	0.0085	0.2338	0.0309	0.1466
105	0.0085	0.2340	0.0309	0.1469
106	0.0079	0.2345	0.0309	0.1469
107	0.0083	0.2343	0.0309	0.1467
108	0.0079	0.2342	0.0309	0.1468
109	0.0080	0.2343	0.0309	0.1472
110	0.0077	0.2338	0.0309	0.1468
111	0.0081	0.2340	0.0309	0.1470
112	0.0078	0.2343	0.0309	0.1470
113	0.0077	0.2346	0.0309	0.1474
114	0.0081	0.2339	0.0308	0.1474
115	0.0078	0.2342	0.0309	0.1472
116	0.0080	0.2342	0.0308	0.1473
117	0.0078	0.2345	0.0309	0.1476
118	0.0075	0.2350	0.0310	0.1482
119	0.0081	0.2349	0.0310	0.1484
120	0.0077	0.2349	0.0310	0.1485
121	0.0079	0.2347	0.0310	0.1483
122	0.0076	0.2346	0.0310	0.1483
123	0.0078	0.2346	0.0310	0.1483
124	0.0075	0.2342	0.0310	0.1480
125	0.0070	0.2345	0.0310	0.1481
126	0.0075	0.2345	0.0309	0.1479
127	0.0078	0.2347	0.0309	0.1480
128	0.0072	0.2350	0.0310	0.1482
129	0.0073	0.2349	0.0310	0.1486
130	0.0073	0.2349	0.0309	0.1485
131	0.0077	0.2345	0.0309	0.1483
132	0.0073	0.2349	0.0309	0.1483
133	0.0074	0.2347	0.0309	0.1483
134	0.0070	0.2351	0.0310	0.1485
135	0.0077	0.2350	0.0310	0.1487
136	0.0080	0.2351	0.0310	0.1487
137	0.0078	0.2344	0.0309	0.1484
138	0.0071	0.2338	0.0308	0.1483
139	0.0073	0.2339	0.0309	0.1488
140	0.0076	0.2339	0.0308	0.1486
141	0.0077	0.2340	0.0309	0.1486
142	0.0072	0.2344	0.0309	0.1489
143	0.0074	0.2338	0.0308	0.1486
144	0.0073	0.2339	0.0308	0.1485
145	0.0071	0.2341	0.0308	0.1481
146	0.0069	0.2342	0.0308	0.1481
147	0.0072	0.2340	0.0309	0.1480
148	0.0072	0.2344	0.0309	0.1480
149	0.0071	0.2345	0.0309	0.1485
150	0.0072	0.2343	0.0309	0.1481
