{"n_layers": 0, "device": "cuda", "batch_size": 2048, "embedding_dim": 1024, "learning_rate": 0.0005, "dataset": "dbbook", "epochs": 150, "top_k": 10, "multimodal": false, "datasets": {"dbbook": ["images", "text"], "ml1m": ["audio", "images", "text", "video"]}}
Epoch	Loss	Recall	Precision	NDCG
1	0.6932	0.0024	0.0015	0.0020
2	0.6859	0.0028	0.0018	0.0025
3	0.6790	0.0042	0.0027	0.0038
4	0.6710	0.0090	0.0060	0.0091
5	0.6608	0.0193	0.0135	0.0209
6	0.6477	0.0320	0.0223	0.0333
7	0.6306	0.0424	0.0296	0.0433
8	0.6087	0.0511	0.0349	0.0511
9	0.5816	0.0565	0.0382	0.0562
10	0.5494	0.0606	0.0410	0.0601
11	0.5124	0.0641	0.0431	0.0627
12	0.4727	0.0666	0.0444	0.0649
13	0.4312	0.0673	0.0448	0.0664
14	0.3909	0.0690	0.0462	0.0683
15	0.3524	0.0707	0.0469	0.0696
16	0.3169	0.0713	0.0474	0.0705
17	0.2852	0.0729	0.0483	0.0720
18	0.2576	0.0735	0.0486	0.0729
19	0.2321	0.0744	0.0491	0.0736
20	0.2099	0.0756	0.0496	0.0747
21	0.1903	0.0755	0.0499	0.0752
22	0.1728	0.0764	0.0503	0.0762
23	0.1579	0.0773	0.0509	0.0770
24	0.1442	0.0782	0.0514	0.0778
25	0.1319	0.0785	0.0518	0.0781
26	0.1221	0.0800	0.0525	0.0793
27	0.1116	0.0819	0.0534	0.0805
28	0.1026	0.0824	0.0536	0.0812
29	0.0941	0.0825	0.0538	0.0813
30	0.0879	0.0831	0.0542	0.0817
31	0.0823	0.0835	0.0543	0.0818
32	0.0759	0.0831	0.0542	0.0816
33	0.0711	0.0829	0.0541	0.0817
34	0.0661	0.0833	0.0544	0.0820
35	0.0622	0.0836	0.0544	0.0823
36	0.0584	0.0838	0.0547	0.0827
37	0.0547	0.0837	0.0546	0.0826
38	0.0506	0.0843	0.0550	0.0833
39	0.0486	0.0846	0.0551	0.0837
40	0.0457	0.0848	0.0553	0.0838
41	0.0427	0.0854	0.0555	0.0843
42	0.0409	0.0858	0.0557	0.0846
43	0.0391	0.0860	0.0558	0.0846
44	0.0370	0.0866	0.0558	0.0849
45	0.0357	0.0866	0.0559	0.0850
46	0.0340	0.0871	0.0561	0.0854
47	0.0316	0.0866	0.0560	0.0854
48	0.0305	0.0867	0.0562	0.0856
49	0.0290	0.0869	0.0563	0.0860
50	0.0284	0.0874	0.0565	0.0862
51	0.0272	0.0874	0.0563	0.0862
52	0.0264	0.0871	0.0560	0.0860
53	0.0243	0.0871	0.0560	0.0861
54	0.0246	0.0872	0.0560	0.0861
55	0.0231	0.0866	0.0556	0.0857
56	0.0222	0.0869	0.0558	0.0860
57	0.0217	0.0872	0.0560	0.0865
58	0.0204	0.0877	0.0562	0.0868
59	0.0202	0.0876	0.0561	0.0867
60	0.0191	0.0882	0.0563	0.0868
61	0.0185	0.0880	0.0561	0.0866
62	0.0184	0.0886	0.0562	0.0869
63	0.0179	0.0886	0.0563	0.0869
64	0.0169	0.0882	0.0563	0.0866
65	0.0169	0.0884	0.0565	0.0866
66	0.0160	0.0889	0.0566	0.0870
67	0.0156	0.0887	0.0564	0.0869
68	0.0154	0.0887	0.0564	0.0868
69	0.0147	0.0890	0.0568	0.0871
70	0.0143	0.0893	0.0569	0.0872
71	0.0143	0.0898	0.0573	0.0878
72	0.0140	0.0902	0.0574	0.0879
73	0.0135	0.0905	0.0577	0.0882
74	0.0129	0.0904	0.0575	0.0883
75	0.0131	0.0903	0.0575	0.0883
76	0.0126	0.0904	0.0575	0.0884
77	0.0126	0.0909	0.0576	0.0885
78	0.0121	0.0907	0.0575	0.0886
79	0.0120	0.0906	0.0575	0.0884
80	0.0116	0.0901	0.0573	0.0882
81	0.0118	0.0900	0.0571	0.0881
82	0.0113	0.0904	0.0575	0.0884
83	0.0115	0.0908	0.0576	0.0886
84	0.0111	0.0911	0.0578	0.0890
85	0.0104	0.0915	0.0579	0.0891
86	0.0105	0.0920	0.0581	0.0894
87	0.0100	0.0916	0.0580	0.0892
88	0.0102	0.0921	0.0581	0.0893
89	0.0098	0.0907	0.0576	0.0888
90	0.0097	0.0908	0.0576	0.0887
91	0.0093	0.0909	0.0578	0.0889
92	0.0096	0.0914	0.0581	0.0892
93	0.0095	0.0912	0.0580	0.0891
94	0.0093	0.0909	0.0578	0.0888
95	0.0091	0.0910	0.0579	0.0889
96	0.0086	0.0913	0.0582	0.0891
97	0.0088	0.0915	0.0583	0.0890
98	0.0085	0.0916	0.0582	0.0890
99	0.0088	0.0915	0.0581	0.0889
100	0.0084	0.0916	0.0580	0.0889
101	0.0080	0.0915	0.0579	0.0888
102	0.0085	0.0912	0.0577	0.0888
103	0.0081	0.0916	0.0581	0.0891
104	0.0082	0.0917	0.0581	0.0892
105	0.0079	0.0918	0.0582	0.0892
106	0.0075	0.0916	0.0582	0.0894
107	0.0075	0.0919	0.0583	0.0897
108	0.0077	0.0920	0.0582	0.0897
109	0.0080	0.0921	0.0582	0.0896
110	0.0072	0.0917	0.0581	0.0895
111	0.0075	0.0915	0.0581	0.0893
112	0.0072	0.0913	0.0582	0.0892
113	0.0073	0.0908	0.0581	0.0891
114	0.0067	0.0907	0.0580	0.0891
115	0.0071	0.0907	0.0579	0.0893
116	0.0073	0.0906	0.0578	0.0894
117	0.0072	0.0908	0.0580	0.0894
118	0.0068	0.0909	0.0580	0.0893
119	0.0070	0.0911	0.0581	0.0893
120	0.0065	0.0912	0.0581	0.0895
121	0.0068	0.0917	0.0583	0.0896
122	0.0072	0.0919	0.0584	0.0898
123	0.0067	0.0922	0.0586	0.0901
124	0.0068	0.0918	0.0585	0.0901
125	0.0064	0.0923	0.0587	0.0903
126	0.0064	0.0922	0.0587	0.0902
127	0.0065	0.0925	0.0589	0.0904
128	0.0063	0.0925	0.0589	0.0904
129	0.0067	0.0922	0.0588	0.0900
130	0.0067	0.0923	0.0588	0.0902
131	0.0065	0.0917	0.0584	0.0899
132	0.0063	0.0919	0.0585	0.0900
133	0.0063	0.0920	0.0584	0.0900
134	0.0061	0.0922	0.0586	0.0901
135	0.0059	0.0923	0.0586	0.0903
136	0.0062	0.0925	0.0588	0.0905
137	0.0061	0.0929	0.0590	0.0909
138	0.0057	0.0930	0.0590	0.0909
139	0.0062	0.0925	0.0586	0.0904
140	0.0058	0.0929	0.0588	0.0906
141	0.0056	0.0929	0.0589	0.0906
142	0.0061	0.0931	0.0590	0.0908
143	0.0058	0.0932	0.0591	0.0908
144	0.0059	0.0930	0.0590	0.0908
145	0.0060	0.0929	0.0589	0.0907
146	0.0057	0.0926	0.0586	0.0905
147	0.0062	0.0932	0.0590	0.0908
148	0.0055	0.0932	0.0589	0.0908
149	0.0061	0.0929	0.0587	0.0908
150	0.0057	0.0927	0.0586	0.0908
