{"n_layers": 0, "device": "cuda", "batch_size": 2048, "embedding_dim": 128, "learning_rate": 0.0005, "dataset": "dbbook", "epochs": 150, "top_k": 10, "multimodal": false, "datasets": {"dbbook": ["images", "text"], "ml1m": ["audio", "images", "text", "video"]}}
Epoch	Loss	Recall	Precision	NDCG
1	0.6932	0.0015	0.0012	0.0013
2	0.6922	0.0017	0.0013	0.0015
3	0.6913	0.0026	0.0020	0.0025
4	0.6903	0.0039	0.0029	0.0039
5	0.6889	0.0070	0.0050	0.0072
6	0.6872	0.0124	0.0085	0.0126
7	0.6849	0.0194	0.0134	0.0191
8	0.6819	0.0245	0.0172	0.0247
9	0.6780	0.0305	0.0211	0.0299
10	0.6729	0.0356	0.0243	0.0342
11	0.6664	0.0393	0.0267	0.0377
12	0.6584	0.0428	0.0288	0.0404
13	0.6487	0.0457	0.0305	0.0426
14	0.6372	0.0471	0.0317	0.0442
15	0.6237	0.0484	0.0326	0.0456
16	0.6086	0.0503	0.0337	0.0473
17	0.5918	0.0516	0.0346	0.0485
18	0.5738	0.0527	0.0354	0.0492
19	0.5548	0.0539	0.0361	0.0504
20	0.5349	0.0544	0.0364	0.0508
21	0.5146	0.0552	0.0370	0.0518
22	0.4945	0.0556	0.0372	0.0521
23	0.4743	0.0560	0.0376	0.0526
24	0.4548	0.0562	0.0377	0.0528
25	0.4362	0.0567	0.0380	0.0535
26	0.4182	0.0570	0.0380	0.0537
27	0.4015	0.0570	0.0381	0.0539
28	0.3846	0.0568	0.0381	0.0540
29	0.3698	0.0571	0.0382	0.0545
30	0.3562	0.0569	0.0382	0.0546
31	0.3425	0.0569	0.0384	0.0548
32	0.3304	0.0575	0.0386	0.0553
33	0.3183	0.0578	0.0388	0.0556
34	0.3068	0.0579	0.0390	0.0560
35	0.2967	0.0583	0.0391	0.0563
36	0.2864	0.0581	0.0389	0.0564
37	0.2765	0.0592	0.0394	0.0571
38	0.2678	0.0596	0.0397	0.0575
39	0.2596	0.0599	0.0401	0.0580
40	0.2504	0.0602	0.0401	0.0580
41	0.2430	0.0605	0.0404	0.0584
42	0.2366	0.0606	0.0403	0.0586
43	0.2294	0.0605	0.0403	0.0587
44	0.2232	0.0610	0.0405	0.0590
45	0.2144	0.0611	0.0406	0.0591
46	0.2086	0.0616	0.0410	0.0597
47	0.2024	0.0623	0.0415	0.0601
48	0.1965	0.0621	0.0414	0.0601
49	0.1932	0.0623	0.0416	0.0604
50	0.1867	0.0628	0.0418	0.0607
51	0.1824	0.0629	0.0417	0.0608
52	0.1769	0.0628	0.0417	0.0607
53	0.1712	0.0628	0.0415	0.0607
54	0.1677	0.0626	0.0413	0.0608
55	0.1643	0.0631	0.0416	0.0612
56	0.1582	0.0627	0.0415	0.0611
57	0.1536	0.0634	0.0417	0.0614
58	0.1500	0.0636	0.0420	0.0615
59	0.1466	0.0637	0.0419	0.0616
60	0.1419	0.0643	0.0423	0.0621
61	0.1386	0.0641	0.0423	0.0621
62	0.1357	0.0644	0.0424	0.0622
63	0.1310	0.0648	0.0427	0.0626
64	0.1284	0.0649	0.0427	0.0628
65	0.1248	0.0654	0.0429	0.0632
66	0.1230	0.0657	0.0431	0.0634
67	0.1199	0.0659	0.0432	0.0637
68	0.1171	0.0662	0.0434	0.0639
69	0.1128	0.0664	0.0435	0.0641
70	0.1099	0.0665	0.0435	0.0642
71	0.1074	0.0667	0.0437	0.0643
72	0.1056	0.0662	0.0434	0.0641
73	0.1031	0.0663	0.0434	0.0643
74	0.0999	0.0664	0.0436	0.0644
75	0.0975	0.0670	0.0440	0.0647
76	0.0957	0.0673	0.0441	0.0650
77	0.0944	0.0675	0.0442	0.0653
78	0.0919	0.0675	0.0442	0.0654
79	0.0897	0.0682	0.0445	0.0658
80	0.0872	0.0684	0.0447	0.0660
81	0.0858	0.0682	0.0446	0.0659
82	0.0834	0.0682	0.0447	0.0659
83	0.0803	0.0682	0.0447	0.0660
84	0.0789	0.0685	0.0449	0.0663
85	0.0774	0.0685	0.0448	0.0664
86	0.0760	0.0687	0.0450	0.0666
87	0.0746	0.0693	0.0453	0.0670
88	0.0734	0.0690	0.0452	0.0668
89	0.0708	0.0686	0.0450	0.0666
90	0.0694	0.0687	0.0451	0.0665
91	0.0684	0.0693	0.0453	0.0669
92	0.0667	0.0695	0.0452	0.0670
93	0.0655	0.0697	0.0455	0.0672
94	0.0646	0.0703	0.0458	0.0676
95	0.0637	0.0702	0.0457	0.0675
96	0.0613	0.0702	0.0456	0.0676
97	0.0616	0.0703	0.0457	0.0676
98	0.0593	0.0705	0.0458	0.0678
99	0.0583	0.0707	0.0459	0.0680
100	0.0572	0.0708	0.0459	0.0679
101	0.0568	0.0711	0.0461	0.0683
102	0.0550	0.0714	0.0463	0.0685
103	0.0542	0.0713	0.0464	0.0687
104	0.0538	0.0718	0.0467	0.0689
105	0.0526	0.0719	0.0467	0.0691
106	0.0502	0.0718	0.0468	0.0692
107	0.0502	0.0717	0.0467	0.0693
108	0.0486	0.0717	0.0467	0.0692
109	0.0486	0.0716	0.0467	0.0691
110	0.0470	0.0718	0.0468	0.0694
111	0.0468	0.0719	0.0468	0.0695
112	0.0455	0.0721	0.0468	0.0696
113	0.0454	0.0720	0.0470	0.0697
114	0.0447	0.0723	0.0471	0.0700
115	0.0436	0.0727	0.0474	0.0703
116	0.0429	0.0730	0.0475	0.0705
117	0.0424	0.0730	0.0475	0.0706
118	0.0411	0.0729	0.0475	0.0705
119	0.0406	0.0733	0.0476	0.0706
120	0.0400	0.0735	0.0477	0.0707
121	0.0392	0.0734	0.0476	0.0708
122	0.0393	0.0735	0.0478	0.0709
123	0.0385	0.0735	0.0478	0.0709
124	0.0379	0.0732	0.0475	0.0707
125	0.0365	0.0733	0.0475	0.0709
126	0.0359	0.0734	0.0477	0.0711
127	0.0360	0.0733	0.0476	0.0709
128	0.0353	0.0735	0.0475	0.0709
129	0.0343	0.0738	0.0477	0.0711
130	0.0340	0.0741	0.0477	0.0713
131	0.0334	0.0743	0.0477	0.0713
132	0.0331	0.0742	0.0477	0.0713
133	0.0329	0.0743	0.0476	0.0713
134	0.0324	0.0743	0.0477	0.0713
135	0.0319	0.0743	0.0477	0.0713
136	0.0311	0.0746	0.0479	0.0716
137	0.0308	0.0744	0.0479	0.0716
138	0.0301	0.0744	0.0478	0.0715
139	0.0294	0.0740	0.0478	0.0714
140	0.0299	0.0743	0.0478	0.0716
141	0.0287	0.0741	0.0477	0.0716
142	0.0282	0.0742	0.0477	0.0717
143	0.0278	0.0746	0.0479	0.0719
144	0.0284	0.0744	0.0478	0.0717
145	0.0277	0.0748	0.0478	0.0718
146	0.0269	0.0750	0.0479	0.0719
147	0.0270	0.0745	0.0478	0.0718
148	0.0266	0.0744	0.0476	0.0716
149	0.0270	0.0745	0.0477	0.0717
150	0.0257	0.0745	0.0476	0.0719
