{"n_layers": 0, "device": "cuda", "batch_size": 2048, "embedding_dim": 1024, "learning_rate": 0.001, "dataset": "dbbook", "epochs": 150, "top_k": 5, "multimodal": false, "datasets": {"dbbook": ["images", "text"], "ml1m": ["audio", "images", "text", "video"]}}
Epoch	Loss	Recall	Precision	NDCG
1	0.6932	0.0011	0.0013	0.0014
2	0.6778	0.0028	0.0036	0.0044
3	0.6600	0.0158	0.0205	0.0251
4	0.6324	0.0298	0.0389	0.0458
5	0.5896	0.0370	0.0492	0.0572
6	0.5289	0.0406	0.0535	0.0626
7	0.4539	0.0426	0.0566	0.0656
8	0.3749	0.0442	0.0582	0.0679
9	0.3031	0.0454	0.0597	0.0699
10	0.2436	0.0457	0.0605	0.0711
11	0.1965	0.0480	0.0625	0.0739
12	0.1608	0.0492	0.0637	0.0755
13	0.1330	0.0497	0.0643	0.0764
14	0.1113	0.0505	0.0651	0.0776
15	0.0942	0.0513	0.0660	0.0787
16	0.0798	0.0516	0.0664	0.0788
17	0.0689	0.0524	0.0674	0.0799
18	0.0599	0.0536	0.0687	0.0813
19	0.0530	0.0538	0.0691	0.0820
20	0.0467	0.0546	0.0701	0.0827
21	0.0416	0.0547	0.0699	0.0827
22	0.0372	0.0552	0.0706	0.0832
23	0.0338	0.0551	0.0704	0.0831
24	0.0307	0.0555	0.0712	0.0839
25	0.0284	0.0560	0.0716	0.0845
26	0.0266	0.0559	0.0715	0.0845
27	0.0244	0.0562	0.0717	0.0849
28	0.0226	0.0559	0.0714	0.0850
29	0.0215	0.0568	0.0724	0.0858
30	0.0197	0.0565	0.0725	0.0859
31	0.0184	0.0567	0.0724	0.0858
32	0.0173	0.0567	0.0729	0.0865
33	0.0165	0.0565	0.0726	0.0867
34	0.0154	0.0569	0.0730	0.0872
35	0.0149	0.0570	0.0731	0.0873
36	0.0145	0.0569	0.0730	0.0876
37	0.0139	0.0569	0.0729	0.0873
38	0.0132	0.0571	0.0731	0.0875
39	0.0120	0.0573	0.0734	0.0878
40	0.0120	0.0575	0.0735	0.0879
41	0.0125	0.0584	0.0741	0.0883
42	0.0112	0.0584	0.0744	0.0888
43	0.0103	0.0583	0.0742	0.0887
44	0.0108	0.0581	0.0741	0.0886
45	0.0098	0.0582	0.0739	0.0886
46	0.0098	0.0577	0.0736	0.0885
47	0.0093	0.0576	0.0732	0.0882
48	0.0094	0.0575	0.0729	0.0881
49	0.0088	0.0580	0.0734	0.0885
50	0.0087	0.0584	0.0740	0.0894
51	0.0091	0.0584	0.0738	0.0894
52	0.0084	0.0588	0.0744	0.0898
53	0.0079	0.0597	0.0749	0.0904
54	0.0080	0.0597	0.0749	0.0905
55	0.0078	0.0595	0.0751	0.0902
56	0.0077	0.0596	0.0750	0.0902
57	0.0077	0.0596	0.0750	0.0902
58	0.0072	0.0591	0.0745	0.0898
59	0.0076	0.0593	0.0746	0.0898
60	0.0072	0.0598	0.0753	0.0903
61	0.0076	0.0594	0.0751	0.0903
62	0.0067	0.0603	0.0759	0.0910
63	0.0070	0.0601	0.0758	0.0912
64	0.0073	0.0596	0.0750	0.0908
65	0.0073	0.0592	0.0746	0.0904
66	0.0068	0.0595	0.0747	0.0901
67	0.0067	0.0593	0.0743	0.0900
68	0.0067	0.0591	0.0740	0.0896
69	0.0066	0.0593	0.0745	0.0901
70	0.0073	0.0598	0.0752	0.0907
71	0.0063	0.0598	0.0754	0.0908
72	0.0060	0.0598	0.0753	0.0906
73	0.0064	0.0596	0.0752	0.0903
74	0.0062	0.0597	0.0756	0.0903
75	0.0060	0.0597	0.0754	0.0904
76	0.0060	0.0599	0.0757	0.0904
77	0.0060	0.0595	0.0751	0.0897
78	0.0058	0.0595	0.0745	0.0894
79	0.0060	0.0595	0.0745	0.0896
80	0.0059	0.0596	0.0745	0.0896
81	0.0058	0.0593	0.0741	0.0891
82	0.0058	0.0586	0.0731	0.0883
83	0.0058	0.0591	0.0736	0.0887
84	0.0058	0.0589	0.0738	0.0887
85	0.0052	0.0592	0.0738	0.0885
86	0.0055	0.0592	0.0738	0.0885
87	0.0056	0.0589	0.0738	0.0886
88	0.0062	0.0593	0.0745	0.0893
89	0.0055	0.0590	0.0741	0.0890
90	0.0058	0.0588	0.0741	0.0889
91	0.0053	0.0587	0.0738	0.0889
92	0.0053	0.0592	0.0746	0.0894
93	0.0054	0.0591	0.0744	0.0893
94	0.0056	0.0591	0.0746	0.0895
95	0.0052	0.0591	0.0745	0.0894
96	0.0055	0.0593	0.0748	0.0898
97	0.0056	0.0593	0.0749	0.0899
98	0.0058	0.0593	0.0751	0.0900
99	0.0052	0.0591	0.0749	0.0902
100	0.0056	0.0590	0.0748	0.0902
101	0.0052	0.0588	0.0742	0.0896
102	0.0054	0.0592	0.0741	0.0893
103	0.0052	0.0589	0.0740	0.0888
104	0.0055	0.0589	0.0739	0.0883
105	0.0054	0.0587	0.0738	0.0885
106	0.0051	0.0588	0.0737	0.0883
107	0.0053	0.0578	0.0731	0.0876
108	0.0053	0.0580	0.0731	0.0873
109	0.0052	0.0578	0.0731	0.0875
110	0.0050	0.0576	0.0727	0.0870
111	0.0049	0.0576	0.0724	0.0866
112	0.0051	0.0573	0.0723	0.0865
113	0.0048	0.0575	0.0725	0.0866
114	0.0053	0.0575	0.0722	0.0867
115	0.0055	0.0583	0.0731	0.0873
116	0.0050	0.0579	0.0727	0.0871
117	0.0051	0.0576	0.0725	0.0869
118	0.0053	0.0575	0.0722	0.0870
119	0.0052	0.0580	0.0723	0.0872
120	0.0053	0.0581	0.0723	0.0871
121	0.0050	0.0587	0.0728	0.0873
122	0.0046	0.0581	0.0724	0.0869
123	0.0052	0.0576	0.0720	0.0866
124	0.0053	0.0580	0.0726	0.0871
125	0.0051	0.0580	0.0729	0.0874
126	0.0049	0.0577	0.0726	0.0873
127	0.0055	0.0578	0.0726	0.0874
128	0.0053	0.0582	0.0731	0.0876
129	0.0050	0.0581	0.0731	0.0880
130	0.0052	0.0583	0.0727	0.0875
131	0.0048	0.0579	0.0722	0.0872
132	0.0049	0.0578	0.0724	0.0871
133	0.0051	0.0580	0.0726	0.0875
134	0.0050	0.0579	0.0723	0.0871
135	0.0051	0.0584	0.0729	0.0877
136	0.0055	0.0584	0.0727	0.0875
137	0.0050	0.0587	0.0729	0.0874
138	0.0047	0.0590	0.0730	0.0875
139	0.0050	0.0591	0.0731	0.0879
140	0.0050	0.0587	0.0728	0.0879
141	0.0055	0.0585	0.0728	0.0877
142	0.0051	0.0579	0.0721	0.0872
143	0.0055	0.0577	0.0715	0.0866
144	0.0050	0.0578	0.0715	0.0861
145	0.0046	0.0580	0.0715	0.0862
146	0.0046	0.0581	0.0717	0.0866
147	0.0054	0.0584	0.0724	0.0872
148	0.0050	0.0583	0.0725	0.0874
149	0.0052	0.0584	0.0728	0.0875
150	0.0052	0.0581	0.0724	0.0871
