{"n_layers": 1, "device": "cuda", "batch_size": 2048, "embedding_dim": 512, "learning_rate": 0.0005, "dataset": "dbbook", "epochs": 150, "top_k": 10, "multimodal": true, "datasets": {"dbbook": ["images", "text"], "ml1m": ["audio", "images", "text", "video"]}}
Epoch	Loss	Recall	Precision	NDCG
1	0.6912	0.0075	0.0048	0.0071
2	0.6867	0.0241	0.0149	0.0244
3	0.6816	0.0401	0.0266	0.0425
4	0.6751	0.0520	0.0352	0.0543
5	0.6668	0.0596	0.0407	0.0613
6	0.6561	0.0615	0.0424	0.0622
7	0.6424	0.0626	0.0432	0.0620
8	0.6254	0.0615	0.0426	0.0598
9	0.6046	0.0598	0.0414	0.0573
10	0.5806	0.0577	0.0402	0.0547
11	0.5541	0.0564	0.0390	0.0526
12	0.5253	0.0549	0.0380	0.0507
13	0.4946	0.0537	0.0370	0.0492
14	0.4657	0.0529	0.0364	0.0479
15	0.4366	0.0516	0.0358	0.0469
16	0.4097	0.0516	0.0356	0.0466
17	0.3840	0.0517	0.0355	0.0464
18	0.3608	0.0512	0.0352	0.0459
19	0.3399	0.0507	0.0349	0.0459
20	0.3210	0.0505	0.0347	0.0455
21	0.3022	0.0510	0.0351	0.0457
22	0.2865	0.0505	0.0349	0.0454
23	0.2714	0.0508	0.0351	0.0456
24	0.2569	0.0506	0.0352	0.0456
25	0.2449	0.0512	0.0355	0.0460
26	0.2327	0.0515	0.0356	0.0463
27	0.2242	0.0521	0.0360	0.0468
28	0.2143	0.0523	0.0361	0.0472
29	0.2040	0.0525	0.0362	0.0474
30	0.1972	0.0530	0.0366	0.0479
31	0.1874	0.0531	0.0366	0.0482
32	0.1789	0.0537	0.0370	0.0488
33	0.1718	0.0541	0.0373	0.0492
34	0.1653	0.0547	0.0376	0.0498
35	0.1586	0.0549	0.0378	0.0502
36	0.1541	0.0554	0.0383	0.0507
37	0.1502	0.0559	0.0386	0.0513
38	0.1434	0.0561	0.0387	0.0514
39	0.1393	0.0564	0.0389	0.0518
40	0.1337	0.0575	0.0394	0.0526
41	0.1302	0.0580	0.0396	0.0528
42	0.1250	0.0582	0.0397	0.0532
43	0.1209	0.0584	0.0398	0.0534
44	0.1174	0.0589	0.0401	0.0538
45	0.1135	0.0595	0.0403	0.0542
46	0.1101	0.0599	0.0407	0.0545
47	0.1066	0.0604	0.0410	0.0549
48	0.1048	0.0607	0.0411	0.0551
49	0.1005	0.0610	0.0414	0.0554
50	0.0977	0.0616	0.0418	0.0560
51	0.0945	0.0623	0.0420	0.0564
52	0.0916	0.0629	0.0424	0.0570
53	0.0879	0.0634	0.0427	0.0574
54	0.0874	0.0636	0.0427	0.0577
55	0.0868	0.0639	0.0429	0.0582
56	0.0828	0.0641	0.0432	0.0587
57	0.0805	0.0645	0.0434	0.0590
58	0.0785	0.0652	0.0438	0.0594
59	0.0770	0.0654	0.0439	0.0598
60	0.0734	0.0656	0.0439	0.0600
61	0.0728	0.0660	0.0442	0.0603
62	0.0712	0.0662	0.0445	0.0608
63	0.0713	0.0663	0.0446	0.0611
64	0.0685	0.0664	0.0447	0.0614
65	0.0665	0.0669	0.0450	0.0617
66	0.0645	0.0674	0.0453	0.0621
67	0.0632	0.0677	0.0455	0.0624
68	0.0618	0.0681	0.0457	0.0627
69	0.0620	0.0685	0.0459	0.0631
70	0.0595	0.0690	0.0461	0.0635
71	0.0587	0.0694	0.0464	0.0639
72	0.0576	0.0695	0.0465	0.0641
73	0.0545	0.0696	0.0467	0.0644
74	0.0556	0.0698	0.0468	0.0647
75	0.0542	0.0702	0.0470	0.0650
76	0.0532	0.0704	0.0471	0.0652
77	0.0521	0.0708	0.0474	0.0656
78	0.0508	0.0711	0.0476	0.0659
79	0.0500	0.0714	0.0477	0.0662
80	0.0497	0.0716	0.0479	0.0665
81	0.0478	0.0721	0.0482	0.0668
82	0.0468	0.0729	0.0485	0.0672
83	0.0458	0.0726	0.0483	0.0672
84	0.0453	0.0729	0.0484	0.0675
85	0.0445	0.0725	0.0484	0.0675
86	0.0452	0.0729	0.0485	0.0679
87	0.0426	0.0733	0.0487	0.0683
88	0.0415	0.0730	0.0486	0.0684
89	0.0421	0.0732	0.0486	0.0685
90	0.0401	0.0738	0.0488	0.0689
91	0.0411	0.0741	0.0490	0.0691
92	0.0395	0.0745	0.0492	0.0693
93	0.0396	0.0756	0.0496	0.0699
94	0.0374	0.0756	0.0497	0.0704
95	0.0380	0.0755	0.0497	0.0705
96	0.0369	0.0758	0.0499	0.0707
97	0.0364	0.0756	0.0498	0.0709
98	0.0359	0.0757	0.0498	0.0710
99	0.0377	0.0753	0.0497	0.0708
100	0.0342	0.0754	0.0497	0.0709
101	0.0345	0.0751	0.0498	0.0710
102	0.0342	0.0757	0.0501	0.0714
103	0.0325	0.0757	0.0501	0.0716
104	0.0332	0.0759	0.0502	0.0719
105	0.0321	0.0761	0.0503	0.0722
106	0.0326	0.0762	0.0503	0.0721
107	0.0309	0.0767	0.0506	0.0725
108	0.0319	0.0768	0.0507	0.0726
109	0.0321	0.0771	0.0508	0.0729
110	0.0312	0.0771	0.0509	0.0730
111	0.0299	0.0769	0.0507	0.0730
112	0.0301	0.0769	0.0508	0.0733
113	0.0275	0.0768	0.0507	0.0734
114	0.0291	0.0770	0.0507	0.0734
115	0.0287	0.0774	0.0510	0.0737
116	0.0276	0.0777	0.0512	0.0739
117	0.0274	0.0778	0.0511	0.0739
118	0.0267	0.0777	0.0510	0.0738
119	0.0268	0.0778	0.0511	0.0739
120	0.0267	0.0777	0.0511	0.0741
121	0.0264	0.0780	0.0511	0.0742
122	0.0252	0.0779	0.0511	0.0743
123	0.0260	0.0781	0.0512	0.0745
124	0.0247	0.0782	0.0512	0.0745
125	0.0247	0.0784	0.0514	0.0745
126	0.0248	0.0787	0.0516	0.0748
127	0.0231	0.0787	0.0516	0.0747
128	0.0244	0.0786	0.0515	0.0748
129	0.0243	0.0785	0.0514	0.0749
130	0.0244	0.0785	0.0515	0.0750
131	0.0232	0.0786	0.0515	0.0750
132	0.0235	0.0786	0.0516	0.0750
133	0.0220	0.0791	0.0520	0.0754
134	0.0225	0.0790	0.0520	0.0753
135	0.0231	0.0793	0.0521	0.0756
136	0.0227	0.0792	0.0521	0.0756
137	0.0228	0.0793	0.0522	0.0757
138	0.0225	0.0794	0.0523	0.0759
139	0.0230	0.0795	0.0523	0.0760
140	0.0220	0.0794	0.0522	0.0760
141	0.0220	0.0796	0.0523	0.0763
142	0.0213	0.0800	0.0526	0.0767
143	0.0215	0.0807	0.0527	0.0768
144	0.0206	0.0812	0.0530	0.0771
145	0.0211	0.0813	0.0532	0.0772
146	0.0196	0.0814	0.0533	0.0774
147	0.0204	0.0812	0.0531	0.0772
148	0.0208	0.0815	0.0533	0.0775
149	0.0203	0.0817	0.0535	0.0778
150	0.0210	0.0821	0.0537	0.0780
