{"n_layers": 0, "device": "cuda", "batch_size": 2048, "embedding_dim": 256, "learning_rate": 0.001, "dataset": "dbbook", "epochs": 150, "top_k": 50, "multimodal": true, "datasets": {"dbbook": ["images", "text"], "ml1m": ["audio", "images", "text", "video"]}}
Epoch	Loss	Recall	Precision	NDCG
1	0.6929	0.0165	0.0021	0.0081
2	0.6878	0.0286	0.0037	0.0169
3	0.6827	0.0492	0.0065	0.0310
4	0.6765	0.0713	0.0096	0.0478
5	0.6683	0.0962	0.0130	0.0641
6	0.6574	0.1164	0.0158	0.0767
7	0.6431	0.1342	0.0183	0.0864
8	0.6247	0.1460	0.0201	0.0930
9	0.6021	0.1549	0.0213	0.0976
10	0.5754	0.1619	0.0223	0.1008
11	0.5452	0.1649	0.0229	0.1029
12	0.5123	0.1679	0.0233	0.1040
13	0.4783	0.1714	0.0237	0.1055
14	0.4442	0.1742	0.0241	0.1070
15	0.4126	0.1751	0.0243	0.1076
16	0.3820	0.1757	0.0244	0.1082
17	0.3538	0.1781	0.0248	0.1094
18	0.3288	0.1798	0.0250	0.1099
19	0.3052	0.1810	0.0251	0.1107
20	0.2844	0.1822	0.0253	0.1115
21	0.2663	0.1843	0.0255	0.1123
22	0.2483	0.1850	0.0256	0.1126
23	0.2329	0.1863	0.0258	0.1135
24	0.2200	0.1878	0.0259	0.1147
25	0.2066	0.1878	0.0260	0.1152
26	0.1941	0.1879	0.0261	0.1158
27	0.1840	0.1897	0.0262	0.1163
28	0.1728	0.1908	0.0264	0.1169
29	0.1635	0.1910	0.0264	0.1173
30	0.1550	0.1917	0.0265	0.1178
31	0.1476	0.1918	0.0266	0.1182
32	0.1398	0.1929	0.0268	0.1187
33	0.1330	0.1943	0.0269	0.1193
34	0.1268	0.1955	0.0270	0.1198
35	0.1198	0.1970	0.0271	0.1205
36	0.1144	0.1976	0.0272	0.1210
37	0.1089	0.1987	0.0273	0.1212
38	0.1032	0.1987	0.0273	0.1214
39	0.0993	0.2000	0.0274	0.1218
40	0.0946	0.2007	0.0275	0.1221
41	0.0908	0.2014	0.0276	0.1225
42	0.0857	0.2015	0.0276	0.1228
43	0.0838	0.2025	0.0277	0.1232
44	0.0802	0.2036	0.0278	0.1238
45	0.0768	0.2040	0.0279	0.1239
46	0.0740	0.2048	0.0280	0.1245
47	0.0706	0.2049	0.0280	0.1246
48	0.0678	0.2054	0.0281	0.1249
49	0.0661	0.2060	0.0281	0.1252
50	0.0627	0.2065	0.0282	0.1257
51	0.0610	0.2071	0.0283	0.1262
52	0.0589	0.2081	0.0283	0.1267
53	0.0567	0.2088	0.0284	0.1270
54	0.0538	0.2091	0.0284	0.1272
55	0.0520	0.2096	0.0285	0.1274
56	0.0506	0.2097	0.0285	0.1278
57	0.0503	0.2102	0.0286	0.1282
58	0.0489	0.2105	0.0286	0.1285
59	0.0465	0.2103	0.0286	0.1286
60	0.0448	0.2115	0.0287	0.1292
61	0.0437	0.2107	0.0287	0.1290
62	0.0419	0.2116	0.0288	0.1295
63	0.0406	0.2111	0.0288	0.1294
64	0.0399	0.2115	0.0288	0.1297
65	0.0385	0.2118	0.0288	0.1299
66	0.0377	0.2121	0.0288	0.1300
67	0.0370	0.2121	0.0288	0.1301
68	0.0358	0.2123	0.0288	0.1301
69	0.0352	0.2132	0.0289	0.1303
70	0.0336	0.2133	0.0289	0.1303
71	0.0331	0.2138	0.0289	0.1306
72	0.0322	0.2138	0.0289	0.1303
73	0.0309	0.2138	0.0289	0.1305
74	0.0303	0.2135	0.0289	0.1307
75	0.0293	0.2142	0.0290	0.1311
76	0.0291	0.2147	0.0290	0.1312
77	0.0293	0.2152	0.0291	0.1316
78	0.0275	0.2154	0.0291	0.1319
79	0.0274	0.2153	0.0291	0.1319
80	0.0273	0.2153	0.0291	0.1320
81	0.0269	0.2157	0.0291	0.1324
82	0.0251	0.2159	0.0291	0.1326
83	0.0254	0.2159	0.0291	0.1326
84	0.0241	0.2165	0.0291	0.1332
85	0.0236	0.2170	0.0293	0.1333
86	0.0238	0.2172	0.0293	0.1335
87	0.0236	0.2176	0.0293	0.1335
88	0.0232	0.2175	0.0293	0.1335
89	0.0219	0.2175	0.0293	0.1336
90	0.0218	0.2176	0.0292	0.1338
91	0.0217	0.2179	0.0293	0.1340
92	0.0216	0.2184	0.0293	0.1343
93	0.0203	0.2185	0.0293	0.1345
94	0.0207	0.2187	0.0294	0.1345
95	0.0196	0.2184	0.0293	0.1345
96	0.0201	0.2184	0.0293	0.1346
97	0.0194	0.2187	0.0294	0.1346
98	0.0195	0.2188	0.0294	0.1346
99	0.0191	0.2191	0.0294	0.1348
100	0.0191	0.2189	0.0294	0.1347
101	0.0184	0.2189	0.0294	0.1348
102	0.0184	0.2186	0.0294	0.1349
103	0.0177	0.2182	0.0293	0.1348
104	0.0183	0.2182	0.0293	0.1349
105	0.0179	0.2184	0.0293	0.1349
106	0.0174	0.2187	0.0294	0.1351
107	0.0171	0.2183	0.0293	0.1351
108	0.0167	0.2181	0.0294	0.1353
109	0.0165	0.2183	0.0294	0.1354
110	0.0166	0.2182	0.0293	0.1354
111	0.0160	0.2182	0.0293	0.1355
112	0.0162	0.2189	0.0294	0.1356
113	0.0159	0.2191	0.0294	0.1357
114	0.0154	0.2195	0.0295	0.1359
115	0.0152	0.2192	0.0294	0.1357
116	0.0146	0.2190	0.0294	0.1357
117	0.0151	0.2197	0.0294	0.1357
118	0.0147	0.2194	0.0294	0.1356
119	0.0149	0.2194	0.0294	0.1358
120	0.0142	0.2195	0.0294	0.1357
121	0.0148	0.2193	0.0294	0.1354
122	0.0141	0.2189	0.0294	0.1353
123	0.0137	0.2188	0.0293	0.1353
124	0.0140	0.2190	0.0293	0.1354
125	0.0134	0.2189	0.0293	0.1355
126	0.0138	0.2190	0.0292	0.1354
127	0.0130	0.2194	0.0293	0.1356
128	0.0129	0.2192	0.0293	0.1357
129	0.0134	0.2193	0.0294	0.1359
130	0.0131	0.2196	0.0294	0.1361
131	0.0134	0.2194	0.0293	0.1360
132	0.0127	0.2194	0.0293	0.1361
133	0.0131	0.2191	0.0293	0.1362
134	0.0126	0.2193	0.0293	0.1364
135	0.0120	0.2199	0.0294	0.1366
136	0.0123	0.2204	0.0294	0.1367
137	0.0119	0.2197	0.0294	0.1366
138	0.0118	0.2197	0.0294	0.1366
139	0.0125	0.2198	0.0294	0.1368
140	0.0124	0.2198	0.0294	0.1367
141	0.0116	0.2200	0.0294	0.1370
142	0.0118	0.2201	0.0294	0.1372
143	0.0116	0.2204	0.0294	0.1375
144	0.0111	0.2203	0.0294	0.1374
145	0.0117	0.2203	0.0294	0.1373
146	0.0114	0.2206	0.0294	0.1374
147	0.0114	0.2206	0.0295	0.1374
148	0.0111	0.2208	0.0294	0.1375
149	0.0113	0.2204	0.0294	0.1373
150	0.0108	0.2206	0.0294	0.1375
