{"n_layers": 0, "device": "cuda", "batch_size": 2048, "embedding_dim": 1024, "learning_rate": 0.001, "dataset": "dbbook", "epochs": 150, "top_k": 50, "multimodal": true, "datasets": {"dbbook": ["images", "text"], "ml1m": ["audio", "images", "text", "video"]}}
Epoch	Loss	Recall	Precision	NDCG
1	0.6929	0.0195	0.0025	0.0107
2	0.6825	0.0430	0.0056	0.0276
3	0.6710	0.0854	0.0112	0.0575
4	0.6543	0.1296	0.0174	0.0863
5	0.6291	0.1609	0.0217	0.1043
6	0.5928	0.1755	0.0240	0.1124
7	0.5446	0.1840	0.0253	0.1166
8	0.4861	0.1882	0.0260	0.1187
9	0.4250	0.1903	0.0265	0.1198
10	0.3658	0.1915	0.0267	0.1204
11	0.3140	0.1935	0.0270	0.1219
12	0.2696	0.1951	0.0271	0.1228
13	0.2320	0.1970	0.0273	0.1240
14	0.2022	0.1985	0.0275	0.1252
15	0.1768	0.2002	0.0277	0.1266
16	0.1550	0.2028	0.0280	0.1279
17	0.1380	0.2064	0.0284	0.1295
18	0.1227	0.2080	0.0285	0.1309
19	0.1097	0.2086	0.0285	0.1318
20	0.0986	0.2085	0.0286	0.1321
21	0.0889	0.2109	0.0288	0.1333
22	0.0804	0.2126	0.0289	0.1342
23	0.0737	0.2142	0.0291	0.1353
24	0.0675	0.2150	0.0292	0.1357
25	0.0611	0.2153	0.0293	0.1363
26	0.0565	0.2159	0.0294	0.1366
27	0.0524	0.2167	0.0294	0.1369
28	0.0479	0.2179	0.0295	0.1378
29	0.0444	0.2182	0.0296	0.1381
30	0.0427	0.2183	0.0296	0.1381
31	0.0397	0.2198	0.0297	0.1385
32	0.0367	0.2198	0.0297	0.1388
33	0.0348	0.2207	0.0298	0.1392
34	0.0324	0.2210	0.0298	0.1396
35	0.0309	0.2212	0.0298	0.1399
36	0.0301	0.2213	0.0299	0.1400
37	0.0275	0.2217	0.0300	0.1404
38	0.0261	0.2216	0.0299	0.1403
39	0.0252	0.2224	0.0299	0.1407
40	0.0241	0.2234	0.0300	0.1411
41	0.0231	0.2242	0.0301	0.1413
42	0.0218	0.2241	0.0301	0.1415
43	0.0215	0.2250	0.0302	0.1419
44	0.0202	0.2250	0.0302	0.1418
45	0.0199	0.2257	0.0302	0.1419
46	0.0192	0.2255	0.0302	0.1420
47	0.0180	0.2263	0.0303	0.1423
48	0.0178	0.2267	0.0303	0.1426
49	0.0171	0.2265	0.0303	0.1427
50	0.0167	0.2261	0.0302	0.1423
51	0.0162	0.2259	0.0303	0.1421
52	0.0160	0.2257	0.0302	0.1422
53	0.0151	0.2255	0.0303	0.1426
54	0.0148	0.2257	0.0303	0.1425
55	0.0149	0.2267	0.0304	0.1427
56	0.0143	0.2274	0.0304	0.1432
57	0.0137	0.2274	0.0303	0.1432
58	0.0140	0.2269	0.0303	0.1431
59	0.0133	0.2273	0.0303	0.1433
60	0.0132	0.2274	0.0303	0.1435
61	0.0131	0.2275	0.0303	0.1437
62	0.0125	0.2270	0.0303	0.1437
63	0.0122	0.2275	0.0303	0.1442
64	0.0126	0.2279	0.0304	0.1444
65	0.0120	0.2286	0.0304	0.1449
66	0.0114	0.2281	0.0304	0.1449
67	0.0114	0.2283	0.0305	0.1450
68	0.0113	0.2287	0.0304	0.1454
69	0.0109	0.2287	0.0305	0.1453
70	0.0111	0.2285	0.0305	0.1454
71	0.0104	0.2279	0.0304	0.1452
72	0.0107	0.2281	0.0304	0.1452
73	0.0104	0.2275	0.0303	0.1451
74	0.0105	0.2275	0.0303	0.1451
75	0.0102	0.2281	0.0304	0.1453
76	0.0103	0.2282	0.0304	0.1451
77	0.0103	0.2280	0.0304	0.1454
78	0.0096	0.2280	0.0304	0.1456
79	0.0096	0.2293	0.0304	0.1459
80	0.0091	0.2296	0.0305	0.1459
81	0.0097	0.2296	0.0305	0.1458
82	0.0095	0.2295	0.0305	0.1458
83	0.0092	0.2291	0.0305	0.1455
84	0.0096	0.2297	0.0305	0.1459
85	0.0093	0.2288	0.0304	0.1460
86	0.0089	0.2282	0.0304	0.1457
87	0.0092	0.2286	0.0304	0.1461
88	0.0088	0.2290	0.0305	0.1463
89	0.0089	0.2292	0.0305	0.1465
90	0.0087	0.2291	0.0305	0.1464
91	0.0081	0.2289	0.0304	0.1466
92	0.0086	0.2292	0.0305	0.1465
93	0.0086	0.2292	0.0304	0.1463
94	0.0088	0.2289	0.0304	0.1464
95	0.0087	0.2286	0.0304	0.1463
96	0.0084	0.2292	0.0304	0.1467
97	0.0081	0.2286	0.0303	0.1464
98	0.0080	0.2282	0.0303	0.1464
99	0.0086	0.2282	0.0303	0.1461
100	0.0083	0.2292	0.0304	0.1463
101	0.0083	0.2289	0.0304	0.1462
102	0.0080	0.2293	0.0304	0.1461
103	0.0081	0.2291	0.0304	0.1460
104	0.0082	0.2297	0.0304	0.1462
105	0.0080	0.2298	0.0304	0.1463
106	0.0080	0.2300	0.0304	0.1463
107	0.0078	0.2295	0.0304	0.1463
108	0.0082	0.2296	0.0304	0.1463
109	0.0081	0.2300	0.0304	0.1465
110	0.0079	0.2297	0.0304	0.1465
111	0.0082	0.2300	0.0304	0.1468
112	0.0077	0.2304	0.0304	0.1472
113	0.0080	0.2308	0.0305	0.1471
114	0.0080	0.2309	0.0305	0.1471
115	0.0077	0.2304	0.0305	0.1469
116	0.0080	0.2300	0.0304	0.1468
117	0.0076	0.2311	0.0305	0.1472
118	0.0077	0.2305	0.0305	0.1473
119	0.0082	0.2303	0.0305	0.1473
120	0.0077	0.2304	0.0304	0.1469
121	0.0076	0.2307	0.0305	0.1468
122	0.0079	0.2300	0.0304	0.1466
123	0.0072	0.2301	0.0304	0.1467
124	0.0080	0.2300	0.0304	0.1463
125	0.0080	0.2301	0.0304	0.1463
126	0.0078	0.2306	0.0305	0.1462
127	0.0078	0.2301	0.0304	0.1462
128	0.0078	0.2301	0.0303	0.1461
129	0.0074	0.2300	0.0303	0.1459
130	0.0072	0.2299	0.0303	0.1457
131	0.0076	0.2293	0.0303	0.1456
132	0.0074	0.2293	0.0303	0.1460
133	0.0075	0.2291	0.0303	0.1459
134	0.0072	0.2293	0.0303	0.1461
135	0.0077	0.2291	0.0302	0.1461
136	0.0076	0.2296	0.0303	0.1464
137	0.0074	0.2293	0.0303	0.1463
138	0.0076	0.2292	0.0302	0.1464
139	0.0074	0.2290	0.0302	0.1463
140	0.0072	0.2290	0.0301	0.1459
141	0.0074	0.2289	0.0301	0.1458
142	0.0072	0.2295	0.0302	0.1460
143	0.0072	0.2290	0.0302	0.1461
144	0.0073	0.2291	0.0302	0.1465
145	0.0075	0.2291	0.0301	0.1463
146	0.0072	0.2285	0.0301	0.1459
147	0.0073	0.2284	0.0301	0.1459
148	0.0069	0.2285	0.0300	0.1460
149	0.0072	0.2284	0.0300	0.1461
150	0.0072	0.2274	0.0300	0.1457
