{"n_layers": 2, "device": "cuda", "batch_size": 2048, "embedding_dim": 1024, "learning_rate": 0.001, "dataset": "dbbook", "epochs": 150, "top_k": 50, "multimodal": false, "datasets": {"dbbook": ["images", "text"], "ml1m": ["audio", "images", "text", "video"]}}
Epoch	Loss	Recall	Precision	NDCG
1	0.6860	0.1483	0.0213	0.0786
2	0.6459	0.1325	0.0193	0.0682
3	0.5306	0.1267	0.0186	0.0651
4	0.3938	0.1279	0.0188	0.0660
5	0.3105	0.1307	0.0192	0.0681
6	0.2652	0.1351	0.0198	0.0715
7	0.2325	0.1411	0.0205	0.0755
8	0.2038	0.1479	0.0213	0.0800
9	0.1798	0.1565	0.0224	0.0848
10	0.1534	0.1638	0.0232	0.0887
11	0.1386	0.1699	0.0240	0.0925
12	0.1221	0.1777	0.0250	0.0966
13	0.1106	0.1833	0.0256	0.0994
14	0.0969	0.1873	0.0261	0.1022
15	0.0882	0.1918	0.0266	0.1054
16	0.0801	0.1954	0.0271	0.1079
17	0.0732	0.1985	0.0274	0.1097
18	0.0669	0.2002	0.0276	0.1110
19	0.0621	0.2018	0.0277	0.1123
20	0.0578	0.2045	0.0280	0.1143
21	0.0552	0.2073	0.0283	0.1161
22	0.0497	0.2085	0.0285	0.1172
23	0.0464	0.2090	0.0284	0.1179
24	0.0445	0.2093	0.0285	0.1183
25	0.0410	0.2103	0.0286	0.1193
26	0.0393	0.2120	0.0287	0.1203
27	0.0371	0.2133	0.0289	0.1213
28	0.0356	0.2148	0.0290	0.1224
29	0.0332	0.2153	0.0290	0.1228
30	0.0316	0.2152	0.0290	0.1232
31	0.0306	0.2148	0.0289	0.1232
32	0.0289	0.2146	0.0289	0.1231
33	0.0291	0.2154	0.0289	0.1235
34	0.0272	0.2164	0.0289	0.1240
35	0.0252	0.2166	0.0289	0.1243
36	0.0240	0.2156	0.0288	0.1242
37	0.0235	0.2156	0.0288	0.1244
38	0.0236	0.2169	0.0289	0.1247
39	0.0225	0.2172	0.0289	0.1247
40	0.0216	0.2177	0.0289	0.1250
41	0.0206	0.2176	0.0288	0.1253
42	0.0198	0.2186	0.0289	0.1258
43	0.0196	0.2179	0.0289	0.1260
44	0.0191	0.2175	0.0288	0.1262
45	0.0187	0.2179	0.0288	0.1266
46	0.0180	0.2180	0.0288	0.1266
47	0.0174	0.2174	0.0287	0.1264
48	0.0160	0.2173	0.0286	0.1263
49	0.0168	0.2163	0.0285	0.1260
50	0.0172	0.2173	0.0285	0.1266
51	0.0160	0.2169	0.0285	0.1269
52	0.0156	0.2165	0.0285	0.1269
53	0.0162	0.2172	0.0285	0.1272
54	0.0155	0.2172	0.0285	0.1275
55	0.0151	0.2171	0.0285	0.1274
56	0.0142	0.2170	0.0284	0.1273
57	0.0136	0.2166	0.0284	0.1274
58	0.0131	0.2161	0.0283	0.1274
59	0.0136	0.2159	0.0283	0.1275
60	0.0133	0.2155	0.0282	0.1274
61	0.0122	0.2153	0.0282	0.1273
62	0.0121	0.2155	0.0282	0.1272
63	0.0125	0.2146	0.0281	0.1269
64	0.0118	0.2139	0.0280	0.1268
65	0.0132	0.2149	0.0281	0.1269
66	0.0125	0.2148	0.0281	0.1269
67	0.0117	0.2149	0.0280	0.1269
68	0.0120	0.2150	0.0280	0.1269
69	0.0122	0.2148	0.0279	0.1269
70	0.0117	0.2152	0.0280	0.1271
71	0.0122	0.2140	0.0278	0.1266
72	0.0112	0.2135	0.0277	0.1263
73	0.0111	0.2132	0.0277	0.1263
74	0.0109	0.2125	0.0277	0.1261
75	0.0111	0.2129	0.0277	0.1263
76	0.0111	0.2132	0.0278	0.1264
77	0.0113	0.2131	0.0277	0.1266
78	0.0103	0.2134	0.0277	0.1266
79	0.0101	0.2136	0.0278	0.1269
80	0.0101	0.2134	0.0277	0.1269
81	0.0101	0.2131	0.0277	0.1268
82	0.0106	0.2128	0.0276	0.1266
83	0.0105	0.2123	0.0275	0.1268
84	0.0102	0.2118	0.0274	0.1266
85	0.0104	0.2118	0.0274	0.1265
86	0.0103	0.2111	0.0273	0.1259
87	0.0097	0.2110	0.0273	0.1260
88	0.0099	0.2111	0.0273	0.1261
89	0.0099	0.2115	0.0273	0.1262
90	0.0091	0.2116	0.0273	0.1261
91	0.0099	0.2108	0.0272	0.1259
92	0.0092	0.2110	0.0272	0.1261
93	0.0090	0.2111	0.0272	0.1262
94	0.0088	0.2114	0.0272	0.1262
95	0.0093	0.2116	0.0272	0.1263
96	0.0090	0.2109	0.0272	0.1260
97	0.0092	0.2116	0.0273	0.1262
98	0.0089	0.2120	0.0273	0.1265
99	0.0093	0.2114	0.0272	0.1266
100	0.0094	0.2123	0.0273	0.1267
101	0.0089	0.2119	0.0273	0.1263
102	0.0091	0.2110	0.0272	0.1258
103	0.0089	0.2106	0.0271	0.1258
104	0.0089	0.2108	0.0271	0.1258
105	0.0094	0.2107	0.0271	0.1261
106	0.0093	0.2109	0.0271	0.1262
107	0.0091	0.2104	0.0271	0.1259
108	0.0087	0.2102	0.0270	0.1259
109	0.0087	0.2097	0.0270	0.1260
110	0.0086	0.2100	0.0271	0.1258
111	0.0082	0.2098	0.0271	0.1261
112	0.0084	0.2095	0.0270	0.1259
113	0.0086	0.2094	0.0270	0.1260
114	0.0084	0.2096	0.0270	0.1259
115	0.0078	0.2092	0.0270	0.1256
116	0.0085	0.2090	0.0270	0.1258
117	0.0081	0.2092	0.0270	0.1256
118	0.0080	0.2083	0.0269	0.1253
119	0.0082	0.2077	0.0268	0.1252
120	0.0085	0.2081	0.0268	0.1252
121	0.0087	0.2077	0.0268	0.1247
122	0.0080	0.2072	0.0267	0.1243
123	0.0081	0.2074	0.0267	0.1244
124	0.0080	0.2066	0.0266	0.1239
125	0.0078	0.2062	0.0265	0.1235
126	0.0077	0.2065	0.0266	0.1234
127	0.0079	0.2059	0.0265	0.1231
128	0.0080	0.2058	0.0265	0.1232
129	0.0074	0.2065	0.0266	0.1232
130	0.0080	0.2067	0.0266	0.1232
131	0.0076	0.2061	0.0265	0.1230
132	0.0082	0.2062	0.0265	0.1229
133	0.0083	0.2060	0.0265	0.1230
134	0.0080	0.2062	0.0265	0.1230
135	0.0077	0.2062	0.0265	0.1231
136	0.0076	0.2061	0.0265	0.1231
137	0.0077	0.2057	0.0265	0.1231
138	0.0075	0.2058	0.0265	0.1232
139	0.0076	0.2053	0.0264	0.1232
140	0.0075	0.2044	0.0263	0.1229
141	0.0081	0.2039	0.0262	0.1229
142	0.0076	0.2042	0.0263	0.1232
143	0.0076	0.2043	0.0263	0.1233
144	0.0078	0.2041	0.0262	0.1234
145	0.0077	0.2039	0.0262	0.1233
146	0.0081	0.2044	0.0263	0.1234
147	0.0083	0.2034	0.0262	0.1231
148	0.0079	0.2031	0.0262	0.1231
149	0.0074	0.2036	0.0262	0.1231
150	0.0082	0.2038	0.0262	0.1233
