{"n_layers": 1, "device": "cuda", "batch_size": 2048, "embedding_dim": 128, "learning_rate": 0.0005, "dataset": "dbbook", "epochs": 150, "top_k": 5, "multimodal": true, "datasets": {"dbbook": ["images", "text"], "ml1m": ["audio", "images", "text", "video"]}}
Epoch	Loss	Recall	Precision	NDCG
1	0.6926	0.0019	0.0026	0.0030
2	0.6916	0.0051	0.0064	0.0072
3	0.6903	0.0119	0.0151	0.0175
4	0.6887	0.0191	0.0250	0.0289
5	0.6867	0.0269	0.0353	0.0398
6	0.6840	0.0301	0.0395	0.0456
7	0.6804	0.0321	0.0419	0.0476
8	0.6757	0.0321	0.0427	0.0467
9	0.6697	0.0305	0.0408	0.0445
10	0.6621	0.0295	0.0394	0.0425
11	0.6527	0.0282	0.0376	0.0397
12	0.6413	0.0270	0.0358	0.0373
13	0.6282	0.0262	0.0341	0.0354
14	0.6135	0.0254	0.0332	0.0340
15	0.5970	0.0242	0.0317	0.0327
16	0.5795	0.0238	0.0312	0.0320
17	0.5613	0.0228	0.0301	0.0308
18	0.5420	0.0224	0.0295	0.0302
19	0.5235	0.0222	0.0293	0.0299
20	0.5046	0.0221	0.0293	0.0296
21	0.4862	0.0222	0.0293	0.0294
22	0.4688	0.0220	0.0293	0.0293
23	0.4530	0.0222	0.0296	0.0293
24	0.4357	0.0218	0.0292	0.0290
25	0.4211	0.0216	0.0293	0.0291
26	0.4065	0.0216	0.0295	0.0292
27	0.3932	0.0217	0.0296	0.0294
28	0.3800	0.0217	0.0296	0.0293
29	0.3677	0.0217	0.0298	0.0295
30	0.3566	0.0222	0.0302	0.0299
31	0.3456	0.0223	0.0305	0.0300
32	0.3371	0.0225	0.0307	0.0302
33	0.3268	0.0226	0.0307	0.0303
34	0.3177	0.0227	0.0310	0.0305
35	0.3110	0.0230	0.0312	0.0306
36	0.3028	0.0232	0.0316	0.0310
37	0.2927	0.0232	0.0317	0.0311
38	0.2877	0.0234	0.0319	0.0313
39	0.2805	0.0237	0.0321	0.0316
40	0.2722	0.0238	0.0323	0.0319
41	0.2678	0.0238	0.0323	0.0319
42	0.2620	0.0240	0.0325	0.0322
43	0.2538	0.0241	0.0325	0.0322
44	0.2497	0.0242	0.0327	0.0324
45	0.2445	0.0242	0.0328	0.0327
46	0.2391	0.0245	0.0332	0.0329
47	0.2331	0.0246	0.0334	0.0333
48	0.2297	0.0247	0.0336	0.0335
49	0.2247	0.0247	0.0336	0.0336
50	0.2199	0.0248	0.0336	0.0337
51	0.2171	0.0248	0.0338	0.0339
52	0.2125	0.0248	0.0337	0.0341
53	0.2078	0.0251	0.0339	0.0345
54	0.2054	0.0253	0.0342	0.0350
55	0.2012	0.0253	0.0343	0.0352
56	0.1972	0.0254	0.0344	0.0354
57	0.1938	0.0255	0.0346	0.0356
58	0.1940	0.0258	0.0348	0.0359
59	0.1862	0.0259	0.0351	0.0361
60	0.1831	0.0262	0.0352	0.0363
61	0.1813	0.0263	0.0354	0.0364
62	0.1787	0.0265	0.0356	0.0366
63	0.1765	0.0266	0.0360	0.0370
64	0.1746	0.0268	0.0362	0.0372
65	0.1694	0.0271	0.0365	0.0375
66	0.1651	0.0271	0.0367	0.0376
67	0.1627	0.0273	0.0369	0.0379
68	0.1622	0.0272	0.0367	0.0379
69	0.1578	0.0273	0.0367	0.0379
70	0.1551	0.0274	0.0369	0.0381
71	0.1564	0.0275	0.0370	0.0382
72	0.1515	0.0275	0.0371	0.0385
73	0.1493	0.0275	0.0371	0.0386
74	0.1472	0.0277	0.0375	0.0390
75	0.1447	0.0279	0.0376	0.0393
76	0.1429	0.0281	0.0381	0.0397
77	0.1423	0.0282	0.0381	0.0398
78	0.1403	0.0286	0.0387	0.0402
79	0.1367	0.0287	0.0389	0.0404
80	0.1354	0.0291	0.0391	0.0407
81	0.1313	0.0294	0.0394	0.0410
82	0.1326	0.0292	0.0392	0.0410
83	0.1307	0.0292	0.0394	0.0412
84	0.1283	0.0295	0.0397	0.0414
85	0.1268	0.0296	0.0399	0.0417
86	0.1223	0.0300	0.0402	0.0421
87	0.1250	0.0303	0.0405	0.0423
88	0.1202	0.0305	0.0405	0.0426
89	0.1179	0.0307	0.0407	0.0428
90	0.1183	0.0309	0.0410	0.0431
91	0.1145	0.0312	0.0413	0.0434
92	0.1150	0.0311	0.0411	0.0433
93	0.1125	0.0310	0.0412	0.0433
94	0.1117	0.0312	0.0415	0.0435
95	0.1097	0.0317	0.0420	0.0439
96	0.1081	0.0319	0.0423	0.0442
97	0.1080	0.0321	0.0426	0.0446
98	0.1082	0.0320	0.0425	0.0446
99	0.1044	0.0320	0.0425	0.0447
100	0.1032	0.0322	0.0428	0.0451
101	0.1015	0.0324	0.0430	0.0452
102	0.1034	0.0325	0.0432	0.0456
103	0.1005	0.0327	0.0433	0.0457
104	0.1002	0.0331	0.0435	0.0459
105	0.0989	0.0333	0.0437	0.0461
106	0.0949	0.0338	0.0441	0.0466
107	0.0956	0.0343	0.0447	0.0472
108	0.0951	0.0344	0.0449	0.0474
109	0.0907	0.0345	0.0448	0.0474
110	0.0922	0.0346	0.0448	0.0475
111	0.0885	0.0349	0.0451	0.0478
112	0.0907	0.0351	0.0451	0.0480
113	0.0885	0.0351	0.0452	0.0480
114	0.0890	0.0352	0.0455	0.0483
115	0.0874	0.0354	0.0456	0.0485
116	0.0850	0.0356	0.0460	0.0487
117	0.0844	0.0357	0.0460	0.0488
118	0.0828	0.0355	0.0456	0.0486
119	0.0853	0.0358	0.0460	0.0489
120	0.0831	0.0359	0.0460	0.0490
121	0.0796	0.0358	0.0459	0.0489
122	0.0800	0.0359	0.0462	0.0492
123	0.0793	0.0360	0.0463	0.0494
124	0.0763	0.0357	0.0459	0.0491
125	0.0760	0.0358	0.0459	0.0492
126	0.0763	0.0360	0.0461	0.0494
127	0.0742	0.0359	0.0460	0.0494
128	0.0750	0.0360	0.0463	0.0496
129	0.0746	0.0361	0.0464	0.0499
130	0.0714	0.0362	0.0465	0.0500
131	0.0743	0.0365	0.0469	0.0503
132	0.0716	0.0366	0.0470	0.0505
133	0.0731	0.0368	0.0472	0.0507
134	0.0697	0.0370	0.0475	0.0510
135	0.0707	0.0371	0.0477	0.0512
136	0.0692	0.0372	0.0479	0.0515
137	0.0683	0.0374	0.0481	0.0517
138	0.0690	0.0377	0.0483	0.0519
139	0.0663	0.0376	0.0483	0.0520
140	0.0668	0.0377	0.0483	0.0521
141	0.0661	0.0379	0.0486	0.0523
142	0.0655	0.0378	0.0486	0.0523
143	0.0648	0.0375	0.0481	0.0521
144	0.0656	0.0376	0.0483	0.0522
145	0.0638	0.0378	0.0485	0.0524
146	0.0630	0.0379	0.0485	0.0523
147	0.0644	0.0376	0.0484	0.0522
148	0.0609	0.0377	0.0485	0.0524
149	0.0615	0.0377	0.0484	0.0525
150	0.0597	0.0379	0.0487	0.0528
