{"n_layers": 1, "device": "cuda", "batch_size": 2048, "embedding_dim": 1024, "learning_rate": 0.001, "dataset": "dbbook", "epochs": 150, "top_k": 10, "multimodal": true, "datasets": {"dbbook": ["images", "text"], "ml1m": ["audio", "images", "text", "video"]}}
Epoch	Loss	Recall	Precision	NDCG
1	0.6874	0.0276	0.0178	0.0281
2	0.6658	0.0523	0.0355	0.0543
3	0.6359	0.0620	0.0421	0.0630
4	0.5921	0.0636	0.0429	0.0621
5	0.5328	0.0616	0.0416	0.0587
6	0.4636	0.0580	0.0394	0.0547
7	0.3947	0.0572	0.0386	0.0526
8	0.3334	0.0559	0.0382	0.0516
9	0.2840	0.0559	0.0381	0.0514
10	0.2448	0.0562	0.0383	0.0518
11	0.2126	0.0575	0.0391	0.0526
12	0.1854	0.0580	0.0394	0.0532
13	0.1632	0.0591	0.0401	0.0541
14	0.1465	0.0592	0.0401	0.0540
15	0.1328	0.0602	0.0409	0.0552
16	0.1192	0.0615	0.0418	0.0569
17	0.1088	0.0632	0.0430	0.0587
18	0.0990	0.0640	0.0435	0.0599
19	0.0897	0.0650	0.0439	0.0607
20	0.0826	0.0660	0.0446	0.0613
21	0.0790	0.0669	0.0451	0.0622
22	0.0720	0.0686	0.0459	0.0635
23	0.0675	0.0690	0.0464	0.0644
24	0.0627	0.0701	0.0471	0.0655
25	0.0589	0.0710	0.0475	0.0662
26	0.0549	0.0713	0.0477	0.0667
27	0.0522	0.0719	0.0481	0.0674
28	0.0495	0.0729	0.0486	0.0682
29	0.0466	0.0739	0.0491	0.0692
30	0.0442	0.0746	0.0497	0.0698
31	0.0424	0.0756	0.0503	0.0707
32	0.0393	0.0763	0.0507	0.0715
33	0.0381	0.0766	0.0509	0.0720
34	0.0363	0.0768	0.0510	0.0725
35	0.0347	0.0767	0.0511	0.0726
36	0.0338	0.0768	0.0510	0.0729
37	0.0325	0.0773	0.0513	0.0736
38	0.0311	0.0779	0.0515	0.0740
39	0.0296	0.0777	0.0515	0.0740
40	0.0291	0.0786	0.0519	0.0747
41	0.0277	0.0787	0.0518	0.0747
42	0.0277	0.0788	0.0521	0.0746
43	0.0268	0.0795	0.0524	0.0751
44	0.0250	0.0799	0.0526	0.0754
45	0.0244	0.0802	0.0527	0.0754
46	0.0237	0.0807	0.0531	0.0760
47	0.0230	0.0801	0.0529	0.0758
48	0.0237	0.0803	0.0529	0.0758
49	0.0221	0.0812	0.0532	0.0761
50	0.0212	0.0809	0.0530	0.0758
51	0.0210	0.0816	0.0535	0.0766
52	0.0206	0.0820	0.0536	0.0771
53	0.0200	0.0820	0.0538	0.0773
54	0.0194	0.0824	0.0538	0.0774
55	0.0187	0.0820	0.0537	0.0774
56	0.0186	0.0825	0.0541	0.0780
57	0.0188	0.0833	0.0540	0.0785
58	0.0176	0.0838	0.0544	0.0791
59	0.0172	0.0839	0.0545	0.0793
60	0.0178	0.0838	0.0544	0.0791
61	0.0168	0.0839	0.0544	0.0793
62	0.0166	0.0839	0.0544	0.0794
63	0.0165	0.0839	0.0545	0.0795
64	0.0159	0.0839	0.0546	0.0797
65	0.0158	0.0838	0.0544	0.0795
66	0.0159	0.0836	0.0544	0.0795
67	0.0150	0.0839	0.0542	0.0795
68	0.0150	0.0835	0.0541	0.0795
69	0.0149	0.0839	0.0544	0.0798
70	0.0151	0.0844	0.0546	0.0801
71	0.0149	0.0842	0.0545	0.0804
72	0.0145	0.0844	0.0546	0.0806
73	0.0136	0.0849	0.0549	0.0809
74	0.0137	0.0853	0.0551	0.0813
75	0.0137	0.0858	0.0553	0.0818
76	0.0134	0.0857	0.0553	0.0818
77	0.0136	0.0859	0.0553	0.0818
78	0.0131	0.0862	0.0553	0.0820
79	0.0125	0.0862	0.0553	0.0819
80	0.0131	0.0861	0.0552	0.0820
81	0.0127	0.0861	0.0551	0.0821
82	0.0126	0.0864	0.0553	0.0823
83	0.0129	0.0867	0.0554	0.0828
84	0.0127	0.0863	0.0552	0.0827
85	0.0125	0.0867	0.0554	0.0831
86	0.0120	0.0868	0.0554	0.0828
87	0.0120	0.0871	0.0555	0.0831
88	0.0124	0.0868	0.0554	0.0829
89	0.0119	0.0865	0.0554	0.0827
90	0.0124	0.0869	0.0554	0.0827
91	0.0112	0.0865	0.0551	0.0825
92	0.0113	0.0863	0.0550	0.0823
93	0.0112	0.0864	0.0550	0.0824
94	0.0122	0.0868	0.0552	0.0827
95	0.0111	0.0866	0.0552	0.0827
96	0.0114	0.0865	0.0550	0.0826
97	0.0108	0.0865	0.0550	0.0826
98	0.0117	0.0867	0.0551	0.0826
99	0.0110	0.0861	0.0547	0.0824
100	0.0111	0.0864	0.0549	0.0829
101	0.0110	0.0863	0.0549	0.0829
102	0.0106	0.0868	0.0551	0.0833
103	0.0103	0.0871	0.0553	0.0835
104	0.0108	0.0868	0.0551	0.0832
105	0.0106	0.0869	0.0551	0.0829
106	0.0106	0.0864	0.0548	0.0825
107	0.0104	0.0864	0.0548	0.0825
108	0.0106	0.0862	0.0547	0.0824
109	0.0096	0.0859	0.0546	0.0822
110	0.0105	0.0858	0.0546	0.0823
111	0.0103	0.0859	0.0544	0.0824
112	0.0107	0.0861	0.0544	0.0826
113	0.0102	0.0866	0.0547	0.0829
114	0.0099	0.0865	0.0548	0.0829
115	0.0101	0.0869	0.0551	0.0833
116	0.0105	0.0874	0.0553	0.0838
117	0.0099	0.0872	0.0553	0.0835
118	0.0103	0.0876	0.0555	0.0835
119	0.0100	0.0873	0.0552	0.0833
120	0.0098	0.0875	0.0554	0.0836
121	0.0101	0.0877	0.0556	0.0838
122	0.0098	0.0875	0.0554	0.0838
123	0.0100	0.0873	0.0555	0.0837
124	0.0095	0.0872	0.0554	0.0835
125	0.0100	0.0871	0.0554	0.0834
126	0.0096	0.0874	0.0554	0.0838
127	0.0094	0.0876	0.0553	0.0836
128	0.0099	0.0879	0.0556	0.0839
129	0.0098	0.0878	0.0556	0.0839
130	0.0103	0.0883	0.0558	0.0841
131	0.0098	0.0886	0.0559	0.0844
132	0.0097	0.0880	0.0557	0.0840
133	0.0096	0.0876	0.0555	0.0838
134	0.0095	0.0880	0.0558	0.0841
135	0.0094	0.0877	0.0556	0.0841
136	0.0095	0.0876	0.0554	0.0838
137	0.0093	0.0872	0.0552	0.0836
138	0.0093	0.0871	0.0552	0.0836
139	0.0093	0.0872	0.0553	0.0838
140	0.0097	0.0870	0.0552	0.0838
141	0.0099	0.0871	0.0551	0.0838
142	0.0098	0.0875	0.0553	0.0841
143	0.0087	0.0877	0.0554	0.0843
144	0.0097	0.0873	0.0552	0.0842
145	0.0091	0.0879	0.0552	0.0844
146	0.0096	0.0874	0.0550	0.0841
147	0.0094	0.0876	0.0551	0.0842
148	0.0090	0.0880	0.0553	0.0846
149	0.0091	0.0879	0.0554	0.0842
150	0.0093	0.0876	0.0553	0.0842
