{"n_layers": 0, "device": "cuda", "batch_size": 2048, "embedding_dim": 256, "learning_rate": 0.0005, "dataset": "dbbook", "epochs": 150, "top_k": 10, "multimodal": true, "datasets": {"dbbook": ["images", "text"], "ml1m": ["audio", "images", "text", "video"]}}
Epoch	Loss	Recall	Precision	NDCG
1	0.6930	0.0030	0.0019	0.0024
2	0.6905	0.0042	0.0025	0.0039
3	0.6882	0.0075	0.0047	0.0072
4	0.6859	0.0129	0.0078	0.0123
5	0.6831	0.0182	0.0115	0.0189
6	0.6802	0.0241	0.0155	0.0249
7	0.6766	0.0312	0.0204	0.0319
8	0.6727	0.0375	0.0247	0.0381
9	0.6680	0.0423	0.0286	0.0436
10	0.6624	0.0470	0.0316	0.0480
11	0.6561	0.0512	0.0348	0.0521
12	0.6487	0.0538	0.0368	0.0550
13	0.6403	0.0554	0.0381	0.0568
14	0.6308	0.0566	0.0393	0.0583
15	0.6197	0.0576	0.0403	0.0596
16	0.6081	0.0590	0.0411	0.0610
17	0.5952	0.0607	0.0422	0.0622
18	0.5810	0.0619	0.0428	0.0631
19	0.5662	0.0617	0.0428	0.0632
20	0.5502	0.0623	0.0433	0.0637
21	0.5340	0.0631	0.0438	0.0641
22	0.5171	0.0629	0.0437	0.0641
23	0.4999	0.0631	0.0439	0.0644
24	0.4833	0.0630	0.0439	0.0644
25	0.4656	0.0633	0.0441	0.0645
26	0.4493	0.0635	0.0442	0.0647
27	0.4326	0.0643	0.0445	0.0652
28	0.4174	0.0654	0.0452	0.0660
29	0.4006	0.0654	0.0452	0.0661
30	0.3868	0.0653	0.0451	0.0662
31	0.3727	0.0655	0.0452	0.0665
32	0.3585	0.0656	0.0452	0.0664
33	0.3461	0.0659	0.0454	0.0669
34	0.3334	0.0660	0.0455	0.0671
35	0.3220	0.0660	0.0455	0.0671
36	0.3111	0.0662	0.0455	0.0671
37	0.3002	0.0663	0.0456	0.0674
38	0.2914	0.0666	0.0458	0.0676
39	0.2820	0.0670	0.0458	0.0678
40	0.2713	0.0676	0.0461	0.0681
41	0.2629	0.0678	0.0463	0.0684
42	0.2554	0.0681	0.0465	0.0687
43	0.2477	0.0685	0.0467	0.0690
44	0.2401	0.0687	0.0468	0.0694
45	0.2332	0.0693	0.0470	0.0697
46	0.2264	0.0696	0.0473	0.0699
47	0.2199	0.0700	0.0474	0.0703
48	0.2125	0.0701	0.0475	0.0705
49	0.2050	0.0700	0.0474	0.0705
50	0.2012	0.0700	0.0476	0.0706
51	0.1955	0.0704	0.0481	0.0711
52	0.1896	0.0704	0.0480	0.0710
53	0.1844	0.0705	0.0482	0.0712
54	0.1802	0.0708	0.0483	0.0714
55	0.1752	0.0715	0.0486	0.0717
56	0.1706	0.0716	0.0487	0.0716
57	0.1665	0.0713	0.0487	0.0715
58	0.1618	0.0719	0.0487	0.0717
59	0.1582	0.0720	0.0487	0.0717
60	0.1541	0.0716	0.0486	0.0717
61	0.1496	0.0718	0.0488	0.0718
62	0.1459	0.0721	0.0489	0.0722
63	0.1433	0.0722	0.0490	0.0723
64	0.1390	0.0724	0.0493	0.0723
65	0.1351	0.0726	0.0493	0.0725
66	0.1329	0.0722	0.0491	0.0723
67	0.1291	0.0724	0.0491	0.0724
68	0.1242	0.0723	0.0490	0.0723
69	0.1241	0.0729	0.0494	0.0727
70	0.1216	0.0729	0.0495	0.0730
71	0.1168	0.0732	0.0495	0.0731
72	0.1146	0.0735	0.0497	0.0734
73	0.1119	0.0736	0.0498	0.0736
74	0.1085	0.0735	0.0497	0.0735
75	0.1062	0.0740	0.0500	0.0740
76	0.1053	0.0740	0.0501	0.0740
77	0.1017	0.0741	0.0502	0.0742
78	0.1002	0.0744	0.0504	0.0744
79	0.0964	0.0744	0.0504	0.0746
80	0.0962	0.0746	0.0504	0.0746
81	0.0945	0.0747	0.0504	0.0748
82	0.0925	0.0749	0.0505	0.0748
83	0.0903	0.0747	0.0504	0.0748
84	0.0881	0.0749	0.0506	0.0751
85	0.0851	0.0749	0.0505	0.0751
86	0.0844	0.0749	0.0506	0.0751
87	0.0837	0.0749	0.0505	0.0750
88	0.0811	0.0751	0.0507	0.0751
89	0.0803	0.0754	0.0508	0.0752
90	0.0778	0.0753	0.0508	0.0752
91	0.0763	0.0752	0.0507	0.0751
92	0.0735	0.0753	0.0508	0.0753
93	0.0738	0.0757	0.0510	0.0755
94	0.0730	0.0757	0.0509	0.0756
95	0.0691	0.0758	0.0509	0.0757
96	0.0690	0.0758	0.0511	0.0759
97	0.0691	0.0761	0.0512	0.0759
98	0.0671	0.0764	0.0513	0.0761
99	0.0650	0.0764	0.0513	0.0761
100	0.0644	0.0766	0.0513	0.0759
101	0.0630	0.0764	0.0512	0.0760
102	0.0621	0.0766	0.0513	0.0762
103	0.0610	0.0767	0.0513	0.0763
104	0.0601	0.0771	0.0515	0.0765
105	0.0593	0.0773	0.0517	0.0765
106	0.0582	0.0774	0.0517	0.0768
107	0.0554	0.0776	0.0516	0.0768
108	0.0558	0.0776	0.0516	0.0767
109	0.0549	0.0778	0.0518	0.0770
110	0.0539	0.0780	0.0518	0.0773
111	0.0534	0.0782	0.0519	0.0772
112	0.0528	0.0785	0.0521	0.0772
113	0.0512	0.0785	0.0521	0.0773
114	0.0515	0.0787	0.0522	0.0774
115	0.0492	0.0784	0.0521	0.0773
116	0.0486	0.0785	0.0521	0.0775
117	0.0473	0.0787	0.0522	0.0777
118	0.0467	0.0789	0.0523	0.0779
119	0.0462	0.0789	0.0523	0.0779
120	0.0454	0.0793	0.0525	0.0782
121	0.0448	0.0795	0.0526	0.0782
122	0.0444	0.0795	0.0526	0.0783
123	0.0442	0.0796	0.0528	0.0785
124	0.0424	0.0799	0.0528	0.0787
125	0.0426	0.0802	0.0530	0.0790
126	0.0404	0.0805	0.0532	0.0793
127	0.0413	0.0808	0.0534	0.0795
128	0.0400	0.0809	0.0534	0.0797
129	0.0401	0.0807	0.0534	0.0797
130	0.0390	0.0808	0.0534	0.0798
131	0.0386	0.0811	0.0536	0.0800
132	0.0381	0.0813	0.0538	0.0803
133	0.0378	0.0813	0.0538	0.0804
134	0.0370	0.0817	0.0538	0.0806
135	0.0371	0.0815	0.0537	0.0805
136	0.0361	0.0815	0.0537	0.0804
137	0.0361	0.0813	0.0536	0.0804
138	0.0358	0.0818	0.0537	0.0806
139	0.0346	0.0818	0.0536	0.0807
140	0.0344	0.0820	0.0537	0.0808
141	0.0334	0.0818	0.0536	0.0807
142	0.0327	0.0821	0.0538	0.0810
143	0.0321	0.0822	0.0538	0.0810
144	0.0323	0.0822	0.0540	0.0811
145	0.0318	0.0824	0.0541	0.0811
146	0.0314	0.0823	0.0540	0.0811
147	0.0314	0.0821	0.0539	0.0812
148	0.0305	0.0823	0.0541	0.0813
149	0.0311	0.0824	0.0541	0.0813
150	0.0302	0.0824	0.0541	0.0813
