{"n_layers": 1, "device": "cuda", "batch_size": 2048, "embedding_dim": 256, "learning_rate": 0.001, "dataset": "dbbook", "epochs": 150, "top_k": 10, "multimodal": false, "datasets": {"dbbook": ["images", "text"], "ml1m": ["audio", "images", "text", "video"]}}
Epoch	Loss	Recall	Precision	NDCG
1	0.6910	0.0251	0.0175	0.0246
2	0.6846	0.0424	0.0292	0.0372
3	0.6671	0.0435	0.0298	0.0376
4	0.6280	0.0415	0.0287	0.0362
5	0.5644	0.0403	0.0280	0.0355
6	0.4888	0.0385	0.0273	0.0344
7	0.4180	0.0384	0.0272	0.0345
8	0.3612	0.0393	0.0277	0.0352
9	0.3164	0.0404	0.0282	0.0363
10	0.2819	0.0416	0.0290	0.0375
11	0.2551	0.0432	0.0299	0.0391
12	0.2320	0.0443	0.0307	0.0403
13	0.2093	0.0454	0.0314	0.0414
14	0.1929	0.0469	0.0322	0.0429
15	0.1769	0.0486	0.0332	0.0445
16	0.1606	0.0497	0.0339	0.0460
17	0.1510	0.0502	0.0340	0.0463
18	0.1400	0.0521	0.0349	0.0475
19	0.1290	0.0527	0.0353	0.0482
20	0.1220	0.0538	0.0361	0.0492
21	0.1126	0.0548	0.0368	0.0501
22	0.1030	0.0558	0.0373	0.0512
23	0.0981	0.0572	0.0381	0.0523
24	0.0927	0.0581	0.0386	0.0531
25	0.0882	0.0590	0.0394	0.0539
26	0.0847	0.0601	0.0398	0.0547
27	0.0759	0.0607	0.0402	0.0554
28	0.0745	0.0616	0.0408	0.0564
29	0.0673	0.0622	0.0411	0.0570
30	0.0658	0.0633	0.0419	0.0579
31	0.0632	0.0643	0.0424	0.0587
32	0.0584	0.0651	0.0429	0.0597
33	0.0586	0.0654	0.0430	0.0603
34	0.0553	0.0655	0.0432	0.0607
35	0.0534	0.0661	0.0436	0.0612
36	0.0497	0.0664	0.0436	0.0614
37	0.0479	0.0674	0.0440	0.0618
38	0.0459	0.0682	0.0443	0.0623
39	0.0466	0.0683	0.0443	0.0623
40	0.0431	0.0690	0.0447	0.0627
41	0.0420	0.0691	0.0449	0.0629
42	0.0394	0.0692	0.0448	0.0632
43	0.0392	0.0695	0.0450	0.0637
44	0.0367	0.0695	0.0452	0.0638
45	0.0363	0.0699	0.0456	0.0647
46	0.0350	0.0708	0.0461	0.0655
47	0.0340	0.0710	0.0461	0.0656
48	0.0332	0.0714	0.0465	0.0660
49	0.0317	0.0711	0.0462	0.0660
50	0.0305	0.0712	0.0462	0.0661
51	0.0284	0.0709	0.0461	0.0660
52	0.0282	0.0711	0.0462	0.0663
53	0.0278	0.0713	0.0462	0.0665
54	0.0268	0.0718	0.0466	0.0670
55	0.0268	0.0718	0.0467	0.0674
56	0.0263	0.0725	0.0470	0.0680
57	0.0259	0.0726	0.0472	0.0682
58	0.0245	0.0727	0.0472	0.0685
59	0.0249	0.0727	0.0472	0.0686
60	0.0235	0.0727	0.0471	0.0686
61	0.0224	0.0732	0.0474	0.0688
62	0.0232	0.0729	0.0472	0.0686
63	0.0221	0.0729	0.0472	0.0687
64	0.0218	0.0727	0.0472	0.0687
65	0.0216	0.0733	0.0474	0.0690
66	0.0203	0.0735	0.0474	0.0691
67	0.0193	0.0739	0.0477	0.0693
68	0.0198	0.0736	0.0476	0.0694
69	0.0187	0.0737	0.0476	0.0695
70	0.0196	0.0738	0.0476	0.0695
71	0.0184	0.0738	0.0476	0.0696
72	0.0184	0.0741	0.0476	0.0698
73	0.0177	0.0740	0.0476	0.0698
74	0.0166	0.0739	0.0475	0.0697
75	0.0166	0.0735	0.0473	0.0694
76	0.0168	0.0734	0.0472	0.0695
77	0.0170	0.0741	0.0477	0.0700
78	0.0160	0.0737	0.0474	0.0698
79	0.0166	0.0737	0.0473	0.0699
80	0.0163	0.0739	0.0475	0.0700
81	0.0154	0.0743	0.0477	0.0701
82	0.0149	0.0739	0.0474	0.0701
83	0.0144	0.0738	0.0472	0.0699
84	0.0148	0.0740	0.0473	0.0700
85	0.0140	0.0743	0.0474	0.0701
86	0.0139	0.0743	0.0473	0.0701
87	0.0144	0.0740	0.0473	0.0701
88	0.0134	0.0737	0.0471	0.0699
89	0.0141	0.0739	0.0471	0.0700
90	0.0139	0.0739	0.0473	0.0701
91	0.0134	0.0733	0.0469	0.0697
92	0.0131	0.0736	0.0472	0.0698
93	0.0127	0.0738	0.0472	0.0699
94	0.0134	0.0735	0.0470	0.0699
95	0.0130	0.0736	0.0472	0.0700
96	0.0125	0.0739	0.0474	0.0701
97	0.0125	0.0741	0.0473	0.0701
98	0.0124	0.0737	0.0470	0.0697
99	0.0116	0.0736	0.0470	0.0698
100	0.0119	0.0740	0.0471	0.0701
101	0.0120	0.0740	0.0471	0.0699
102	0.0112	0.0736	0.0470	0.0698
103	0.0109	0.0736	0.0472	0.0697
104	0.0119	0.0740	0.0472	0.0698
105	0.0111	0.0739	0.0472	0.0699
106	0.0101	0.0739	0.0471	0.0698
107	0.0107	0.0738	0.0471	0.0696
108	0.0108	0.0738	0.0470	0.0696
109	0.0119	0.0741	0.0471	0.0699
110	0.0107	0.0740	0.0472	0.0699
111	0.0107	0.0737	0.0471	0.0699
112	0.0100	0.0739	0.0472	0.0699
113	0.0113	0.0743	0.0473	0.0701
114	0.0101	0.0743	0.0471	0.0700
115	0.0104	0.0746	0.0472	0.0700
116	0.0099	0.0744	0.0471	0.0700
117	0.0103	0.0744	0.0472	0.0701
118	0.0098	0.0748	0.0472	0.0702
119	0.0099	0.0746	0.0471	0.0701
120	0.0094	0.0747	0.0471	0.0702
121	0.0106	0.0747	0.0472	0.0701
122	0.0101	0.0742	0.0469	0.0699
123	0.0090	0.0743	0.0469	0.0699
124	0.0098	0.0743	0.0470	0.0702
125	0.0090	0.0745	0.0470	0.0702
126	0.0091	0.0741	0.0470	0.0701
127	0.0094	0.0744	0.0472	0.0703
128	0.0089	0.0744	0.0472	0.0704
129	0.0095	0.0744	0.0472	0.0705
130	0.0086	0.0742	0.0470	0.0701
131	0.0090	0.0746	0.0472	0.0703
132	0.0098	0.0744	0.0472	0.0703
133	0.0094	0.0745	0.0472	0.0704
134	0.0088	0.0741	0.0468	0.0699
135	0.0089	0.0743	0.0471	0.0702
136	0.0084	0.0739	0.0468	0.0700
137	0.0086	0.0741	0.0470	0.0701
138	0.0081	0.0745	0.0471	0.0703
139	0.0092	0.0745	0.0470	0.0703
140	0.0084	0.0741	0.0468	0.0700
141	0.0084	0.0738	0.0466	0.0699
142	0.0087	0.0739	0.0465	0.0700
143	0.0085	0.0739	0.0465	0.0700
144	0.0076	0.0743	0.0468	0.0703
145	0.0084	0.0741	0.0467	0.0703
146	0.0088	0.0744	0.0467	0.0704
147	0.0083	0.0742	0.0467	0.0703
148	0.0076	0.0737	0.0464	0.0699
149	0.0081	0.0736	0.0463	0.0698
150	0.0083	0.0738	0.0464	0.0698
