{"n_layers": 1, "device": "cuda", "batch_size": 2048, "embedding_dim": 64, "learning_rate": 0.0005, "dataset": "dbbook", "epochs": 150, "top_k": 10, "multimodal": true, "datasets": {"dbbook": ["images", "text"], "ml1m": ["audio", "images", "text", "video"]}}
Epoch	Loss	Recall	Precision	NDCG
1	0.6929	0.0027	0.0018	0.0023
2	0.6923	0.0067	0.0042	0.0056
3	0.6916	0.0148	0.0095	0.0137
4	0.6908	0.0258	0.0166	0.0250
5	0.6897	0.0357	0.0236	0.0348
6	0.6882	0.0432	0.0292	0.0414
7	0.6862	0.0474	0.0324	0.0456
8	0.6836	0.0488	0.0338	0.0476
9	0.6802	0.0492	0.0341	0.0479
10	0.6760	0.0489	0.0342	0.0477
11	0.6708	0.0477	0.0338	0.0464
12	0.6643	0.0476	0.0333	0.0458
13	0.6568	0.0464	0.0325	0.0444
14	0.6480	0.0456	0.0319	0.0434
15	0.6378	0.0447	0.0314	0.0421
16	0.6267	0.0437	0.0308	0.0410
17	0.6147	0.0428	0.0301	0.0399
18	0.6021	0.0416	0.0295	0.0386
19	0.5883	0.0406	0.0288	0.0373
20	0.5745	0.0400	0.0283	0.0364
21	0.5603	0.0391	0.0277	0.0354
22	0.5460	0.0387	0.0274	0.0346
23	0.5320	0.0382	0.0270	0.0339
24	0.5178	0.0377	0.0267	0.0330
25	0.5040	0.0375	0.0265	0.0327
26	0.4902	0.0374	0.0265	0.0325
27	0.4782	0.0371	0.0262	0.0323
28	0.4666	0.0366	0.0262	0.0320
29	0.4539	0.0367	0.0262	0.0321
30	0.4435	0.0369	0.0263	0.0321
31	0.4325	0.0370	0.0264	0.0321
32	0.4206	0.0373	0.0266	0.0323
33	0.4120	0.0375	0.0266	0.0323
34	0.4042	0.0371	0.0264	0.0322
35	0.3931	0.0373	0.0265	0.0323
36	0.3840	0.0372	0.0266	0.0323
37	0.3769	0.0370	0.0266	0.0323
38	0.3683	0.0378	0.0267	0.0326
39	0.3617	0.0382	0.0269	0.0328
40	0.3543	0.0384	0.0269	0.0328
41	0.3486	0.0383	0.0268	0.0327
42	0.3385	0.0387	0.0270	0.0329
43	0.3357	0.0387	0.0270	0.0330
44	0.3287	0.0383	0.0269	0.0329
45	0.3241	0.0381	0.0268	0.0328
46	0.3172	0.0387	0.0271	0.0331
47	0.3116	0.0389	0.0272	0.0332
48	0.3077	0.0387	0.0272	0.0331
49	0.3011	0.0388	0.0273	0.0333
50	0.2991	0.0392	0.0275	0.0335
51	0.2928	0.0391	0.0275	0.0335
52	0.2882	0.0395	0.0278	0.0337
53	0.2834	0.0394	0.0277	0.0338
54	0.2795	0.0395	0.0278	0.0339
55	0.2757	0.0396	0.0279	0.0341
56	0.2731	0.0396	0.0279	0.0341
57	0.2669	0.0397	0.0280	0.0342
58	0.2644	0.0396	0.0280	0.0342
59	0.2613	0.0398	0.0281	0.0344
60	0.2571	0.0398	0.0281	0.0344
61	0.2539	0.0400	0.0283	0.0346
62	0.2493	0.0402	0.0284	0.0347
63	0.2494	0.0403	0.0284	0.0350
64	0.2422	0.0405	0.0285	0.0351
65	0.2413	0.0406	0.0286	0.0353
66	0.2372	0.0407	0.0288	0.0354
67	0.2353	0.0410	0.0289	0.0356
68	0.2309	0.0411	0.0290	0.0358
69	0.2306	0.0413	0.0291	0.0359
70	0.2283	0.0413	0.0291	0.0360
71	0.2256	0.0416	0.0292	0.0362
72	0.2182	0.0418	0.0294	0.0365
73	0.2182	0.0420	0.0295	0.0367
74	0.2166	0.0422	0.0296	0.0368
75	0.2136	0.0424	0.0298	0.0370
76	0.2105	0.0425	0.0298	0.0372
77	0.2087	0.0427	0.0299	0.0374
78	0.2057	0.0427	0.0299	0.0375
79	0.2025	0.0428	0.0300	0.0377
80	0.2042	0.0430	0.0302	0.0378
81	0.1976	0.0433	0.0304	0.0381
82	0.1957	0.0433	0.0304	0.0382
83	0.1951	0.0438	0.0306	0.0385
84	0.1939	0.0440	0.0307	0.0387
85	0.1905	0.0441	0.0307	0.0388
86	0.1912	0.0443	0.0309	0.0389
87	0.1854	0.0447	0.0312	0.0392
88	0.1864	0.0454	0.0315	0.0396
89	0.1824	0.0453	0.0315	0.0398
90	0.1806	0.0458	0.0317	0.0401
91	0.1798	0.0461	0.0318	0.0404
92	0.1786	0.0463	0.0319	0.0405
93	0.1737	0.0466	0.0320	0.0407
94	0.1739	0.0471	0.0322	0.0410
95	0.1724	0.0472	0.0323	0.0412
96	0.1675	0.0476	0.0326	0.0416
97	0.1697	0.0480	0.0327	0.0419
98	0.1660	0.0481	0.0328	0.0420
99	0.1662	0.0482	0.0329	0.0422
100	0.1637	0.0483	0.0331	0.0424
101	0.1619	0.0484	0.0331	0.0425
102	0.1618	0.0486	0.0333	0.0427
103	0.1580	0.0488	0.0334	0.0430
104	0.1592	0.0489	0.0336	0.0430
105	0.1550	0.0492	0.0338	0.0433
106	0.1545	0.0490	0.0337	0.0432
107	0.1539	0.0492	0.0337	0.0433
108	0.1526	0.0494	0.0339	0.0436
109	0.1502	0.0499	0.0341	0.0438
110	0.1492	0.0501	0.0342	0.0440
111	0.1480	0.0503	0.0342	0.0441
112	0.1479	0.0503	0.0343	0.0441
113	0.1437	0.0509	0.0346	0.0444
114	0.1443	0.0509	0.0345	0.0444
115	0.1445	0.0508	0.0345	0.0444
116	0.1418	0.0508	0.0345	0.0445
117	0.1407	0.0511	0.0348	0.0448
118	0.1387	0.0510	0.0348	0.0447
119	0.1356	0.0514	0.0350	0.0449
120	0.1389	0.0518	0.0351	0.0452
121	0.1330	0.0518	0.0352	0.0452
122	0.1331	0.0521	0.0353	0.0454
123	0.1323	0.0523	0.0355	0.0456
124	0.1318	0.0526	0.0357	0.0459
125	0.1306	0.0525	0.0355	0.0459
126	0.1296	0.0528	0.0358	0.0462
127	0.1279	0.0531	0.0360	0.0466
128	0.1278	0.0532	0.0361	0.0466
129	0.1253	0.0534	0.0363	0.0469
130	0.1220	0.0536	0.0364	0.0472
131	0.1250	0.0539	0.0365	0.0473
132	0.1220	0.0538	0.0365	0.0474
133	0.1227	0.0539	0.0366	0.0476
134	0.1181	0.0538	0.0365	0.0476
135	0.1182	0.0539	0.0366	0.0478
136	0.1177	0.0539	0.0365	0.0478
137	0.1173	0.0540	0.0367	0.0480
138	0.1157	0.0543	0.0368	0.0482
139	0.1143	0.0542	0.0368	0.0482
140	0.1118	0.0541	0.0368	0.0482
141	0.1123	0.0544	0.0369	0.0483
142	0.1113	0.0548	0.0371	0.0485
143	0.1114	0.0548	0.0371	0.0485
144	0.1098	0.0548	0.0371	0.0486
145	0.1090	0.0548	0.0370	0.0486
146	0.1088	0.0551	0.0371	0.0487
147	0.1096	0.0552	0.0373	0.0490
148	0.1064	0.0555	0.0375	0.0492
149	0.1076	0.0557	0.0377	0.0495
150	0.1076	0.0559	0.0377	0.0496
