{"n_layers": 0, "device": "cuda", "batch_size": 2048, "embedding_dim": 1024, "learning_rate": 0.001, "dataset": "dbbook", "epochs": 150, "top_k": 50, "multimodal": true, "datasets": {"dbbook": ["images", "text"], "ml1m": ["audio", "images", "text", "video"]}}
Epoch	Loss	Recall	Precision	NDCG
1	0.6932	0.0112	0.0015	0.0052
2	0.6855	0.0199	0.0027	0.0106
3	0.6764	0.0574	0.0077	0.0369
4	0.6621	0.1136	0.0155	0.0721
5	0.6390	0.1521	0.0207	0.0940
6	0.6038	0.1699	0.0233	0.1047
7	0.5550	0.1779	0.0245	0.1087
8	0.4950	0.1814	0.0250	0.1111
9	0.4301	0.1831	0.0253	0.1127
10	0.3684	0.1856	0.0257	0.1147
11	0.3126	0.1882	0.0260	0.1162
12	0.2672	0.1899	0.0262	0.1175
13	0.2293	0.1914	0.0264	0.1189
14	0.1978	0.1923	0.0265	0.1199
15	0.1726	0.1933	0.0267	0.1213
16	0.1501	0.1966	0.0271	0.1229
17	0.1327	0.1977	0.0271	0.1238
18	0.1169	0.1995	0.0274	0.1249
19	0.1040	0.2012	0.0276	0.1258
20	0.0927	0.2012	0.0275	0.1260
21	0.0832	0.2024	0.0277	0.1269
22	0.0750	0.2022	0.0277	0.1271
23	0.0681	0.2031	0.0278	0.1276
24	0.0618	0.2038	0.0279	0.1282
25	0.0562	0.2062	0.0281	0.1289
26	0.0525	0.2074	0.0282	0.1294
27	0.0474	0.2088	0.0283	0.1297
28	0.0434	0.2085	0.0283	0.1297
29	0.0419	0.2084	0.0282	0.1299
30	0.0380	0.2092	0.0282	0.1302
31	0.0359	0.2095	0.0283	0.1307
32	0.0335	0.2111	0.0285	0.1312
33	0.0322	0.2108	0.0285	0.1313
34	0.0301	0.2116	0.0285	0.1316
35	0.0278	0.2122	0.0286	0.1318
36	0.0271	0.2126	0.0287	0.1321
37	0.0253	0.2135	0.0287	0.1323
38	0.0241	0.2136	0.0287	0.1327
39	0.0233	0.2138	0.0287	0.1329
40	0.0219	0.2134	0.0286	0.1327
41	0.0210	0.2144	0.0287	0.1330
42	0.0198	0.2148	0.0288	0.1335
43	0.0191	0.2154	0.0289	0.1337
44	0.0186	0.2153	0.0288	0.1336
45	0.0179	0.2158	0.0289	0.1338
46	0.0175	0.2167	0.0289	0.1347
47	0.0163	0.2169	0.0289	0.1349
48	0.0160	0.2172	0.0290	0.1353
49	0.0158	0.2169	0.0290	0.1355
50	0.0154	0.2168	0.0290	0.1355
51	0.0145	0.2175	0.0290	0.1357
52	0.0144	0.2175	0.0290	0.1358
53	0.0136	0.2176	0.0290	0.1361
54	0.0139	0.2178	0.0291	0.1365
55	0.0141	0.2181	0.0291	0.1364
56	0.0129	0.2174	0.0290	0.1364
57	0.0125	0.2180	0.0291	0.1368
58	0.0124	0.2177	0.0290	0.1367
59	0.0123	0.2178	0.0290	0.1367
60	0.0118	0.2178	0.0290	0.1367
61	0.0122	0.2178	0.0290	0.1370
62	0.0114	0.2180	0.0290	0.1373
63	0.0114	0.2184	0.0290	0.1370
64	0.0114	0.2182	0.0290	0.1369
65	0.0113	0.2180	0.0290	0.1367
66	0.0112	0.2174	0.0289	0.1365
67	0.0107	0.2171	0.0288	0.1364
68	0.0106	0.2172	0.0288	0.1364
69	0.0106	0.2176	0.0289	0.1365
70	0.0105	0.2171	0.0288	0.1361
71	0.0101	0.2174	0.0289	0.1361
72	0.0101	0.2177	0.0289	0.1363
73	0.0097	0.2177	0.0289	0.1363
74	0.0096	0.2182	0.0289	0.1365
75	0.0090	0.2180	0.0289	0.1364
76	0.0097	0.2184	0.0289	0.1367
77	0.0095	0.2180	0.0289	0.1366
78	0.0095	0.2169	0.0288	0.1363
79	0.0089	0.2170	0.0288	0.1363
80	0.0089	0.2168	0.0288	0.1363
81	0.0086	0.2171	0.0288	0.1364
82	0.0088	0.2171	0.0288	0.1366
83	0.0089	0.2172	0.0288	0.1368
84	0.0088	0.2167	0.0288	0.1367
85	0.0083	0.2161	0.0287	0.1367
86	0.0087	0.2165	0.0288	0.1367
87	0.0085	0.2173	0.0288	0.1369
88	0.0084	0.2172	0.0288	0.1371
89	0.0088	0.2171	0.0288	0.1374
90	0.0086	0.2178	0.0288	0.1374
91	0.0084	0.2171	0.0288	0.1374
92	0.0082	0.2171	0.0288	0.1373
93	0.0083	0.2168	0.0287	0.1370
94	0.0086	0.2175	0.0287	0.1371
95	0.0083	0.2177	0.0288	0.1373
96	0.0081	0.2174	0.0288	0.1373
97	0.0081	0.2173	0.0288	0.1372
98	0.0081	0.2177	0.0288	0.1375
99	0.0082	0.2179	0.0288	0.1378
100	0.0080	0.2174	0.0287	0.1376
101	0.0079	0.2182	0.0288	0.1377
102	0.0075	0.2182	0.0288	0.1375
103	0.0079	0.2181	0.0288	0.1373
104	0.0080	0.2177	0.0288	0.1373
105	0.0080	0.2178	0.0288	0.1374
106	0.0078	0.2175	0.0287	0.1373
107	0.0079	0.2178	0.0287	0.1375
108	0.0079	0.2178	0.0288	0.1374
109	0.0078	0.2189	0.0288	0.1376
110	0.0072	0.2185	0.0288	0.1374
111	0.0078	0.2181	0.0288	0.1373
112	0.0077	0.2186	0.0288	0.1373
113	0.0076	0.2182	0.0288	0.1374
114	0.0072	0.2180	0.0287	0.1373
115	0.0078	0.2175	0.0287	0.1373
116	0.0072	0.2175	0.0287	0.1370
117	0.0072	0.2178	0.0287	0.1372
118	0.0076	0.2176	0.0287	0.1370
119	0.0073	0.2175	0.0287	0.1370
120	0.0075	0.2184	0.0288	0.1373
121	0.0073	0.2184	0.0288	0.1377
122	0.0076	0.2187	0.0288	0.1377
123	0.0074	0.2193	0.0289	0.1382
124	0.0077	0.2180	0.0287	0.1376
125	0.0076	0.2180	0.0287	0.1377
126	0.0074	0.2175	0.0286	0.1372
127	0.0074	0.2175	0.0286	0.1371
128	0.0074	0.2182	0.0287	0.1378
129	0.0074	0.2186	0.0288	0.1380
130	0.0075	0.2188	0.0288	0.1384
131	0.0076	0.2191	0.0289	0.1386
132	0.0072	0.2192	0.0289	0.1387
133	0.0074	0.2192	0.0289	0.1390
134	0.0073	0.2192	0.0289	0.1391
135	0.0072	0.2192	0.0289	0.1389
136	0.0072	0.2188	0.0288	0.1386
137	0.0073	0.2189	0.0288	0.1388
138	0.0070	0.2193	0.0289	0.1388
139	0.0071	0.2193	0.0288	0.1386
140	0.0071	0.2195	0.0288	0.1387
141	0.0070	0.2197	0.0289	0.1389
142	0.0073	0.2198	0.0289	0.1389
143	0.0068	0.2194	0.0288	0.1388
144	0.0071	0.2199	0.0289	0.1387
145	0.0073	0.2196	0.0288	0.1388
146	0.0071	0.2200	0.0289	0.1390
147	0.0074	0.2199	0.0289	0.1390
148	0.0074	0.2194	0.0288	0.1386
149	0.0069	0.2190	0.0288	0.1385
150	0.0071	0.2189	0.0288	0.1384
