{"n_layers": 2, "device": "cuda", "batch_size": 2048, "embedding_dim": 512, "learning_rate": 0.001, "dataset": "dbbook", "epochs": 150, "top_k": 50, "multimodal": false, "datasets": {"dbbook": ["images", "text"], "ml1m": ["audio", "images", "text", "video"]}}
Epoch	Loss	Recall	Precision	NDCG
1	0.6896	0.1477	0.0211	0.0796
2	0.6699	0.1374	0.0199	0.0720
3	0.6022	0.1291	0.0189	0.0670
4	0.4893	0.1262	0.0186	0.0652
5	0.3923	0.1272	0.0188	0.0658
6	0.3310	0.1295	0.0191	0.0675
7	0.2951	0.1334	0.0196	0.0701
8	0.2692	0.1353	0.0198	0.0719
9	0.2436	0.1404	0.0205	0.0749
10	0.2222	0.1452	0.0210	0.0779
11	0.2069	0.1498	0.0217	0.0810
12	0.1860	0.1550	0.0222	0.0840
13	0.1705	0.1593	0.0227	0.0866
14	0.1579	0.1641	0.0234	0.0892
15	0.1451	0.1702	0.0241	0.0930
16	0.1363	0.1748	0.0247	0.0962
17	0.1269	0.1778	0.0251	0.0984
18	0.1174	0.1812	0.0256	0.1003
19	0.1075	0.1844	0.0259	0.1020
20	0.0993	0.1880	0.0263	0.1037
21	0.0952	0.1910	0.0266	0.1051
22	0.0887	0.1932	0.0269	0.1063
23	0.0859	0.1954	0.0271	0.1078
24	0.0788	0.1972	0.0273	0.1092
25	0.0732	0.1997	0.0276	0.1104
26	0.0707	0.2008	0.0277	0.1110
27	0.0664	0.2017	0.0278	0.1118
28	0.0645	0.2041	0.0280	0.1129
29	0.0578	0.2057	0.0282	0.1139
30	0.0594	0.2069	0.0284	0.1150
31	0.0554	0.2081	0.0285	0.1162
32	0.0519	0.2097	0.0286	0.1173
33	0.0489	0.2107	0.0287	0.1181
34	0.0494	0.2113	0.0287	0.1185
35	0.0463	0.2123	0.0288	0.1192
36	0.0443	0.2126	0.0288	0.1194
37	0.0447	0.2129	0.0288	0.1199
38	0.0414	0.2146	0.0289	0.1206
39	0.0382	0.2146	0.0289	0.1210
40	0.0375	0.2148	0.0289	0.1213
41	0.0359	0.2148	0.0289	0.1213
42	0.0365	0.2146	0.0289	0.1214
43	0.0349	0.2149	0.0289	0.1216
44	0.0332	0.2154	0.0289	0.1224
45	0.0317	0.2162	0.0290	0.1230
46	0.0311	0.2162	0.0290	0.1232
47	0.0306	0.2168	0.0290	0.1237
48	0.0292	0.2168	0.0290	0.1238
49	0.0278	0.2171	0.0290	0.1241
50	0.0285	0.2178	0.0291	0.1245
51	0.0273	0.2171	0.0290	0.1245
52	0.0264	0.2180	0.0291	0.1247
53	0.0264	0.2187	0.0291	0.1248
54	0.0260	0.2189	0.0291	0.1252
55	0.0253	0.2191	0.0291	0.1258
56	0.0243	0.2191	0.0291	0.1258
57	0.0230	0.2198	0.0291	0.1263
58	0.0224	0.2195	0.0291	0.1263
59	0.0224	0.2203	0.0291	0.1267
60	0.0216	0.2210	0.0291	0.1267
61	0.0210	0.2200	0.0290	0.1264
62	0.0208	0.2205	0.0290	0.1265
63	0.0206	0.2200	0.0289	0.1265
64	0.0198	0.2205	0.0290	0.1268
65	0.0200	0.2216	0.0290	0.1273
66	0.0195	0.2212	0.0290	0.1275
67	0.0189	0.2212	0.0290	0.1275
68	0.0192	0.2210	0.0290	0.1276
69	0.0168	0.2212	0.0290	0.1275
70	0.0189	0.2214	0.0290	0.1275
71	0.0187	0.2213	0.0289	0.1277
72	0.0177	0.2210	0.0289	0.1277
73	0.0179	0.2203	0.0288	0.1274
74	0.0169	0.2205	0.0288	0.1275
75	0.0162	0.2212	0.0289	0.1279
76	0.0159	0.2210	0.0288	0.1278
77	0.0159	0.2207	0.0287	0.1277
78	0.0165	0.2201	0.0287	0.1275
79	0.0154	0.2198	0.0287	0.1275
80	0.0153	0.2195	0.0286	0.1273
81	0.0146	0.2195	0.0286	0.1275
82	0.0143	0.2194	0.0286	0.1273
83	0.0148	0.2192	0.0285	0.1273
84	0.0136	0.2198	0.0285	0.1275
85	0.0136	0.2196	0.0285	0.1277
86	0.0142	0.2192	0.0285	0.1278
87	0.0134	0.2187	0.0284	0.1274
88	0.0138	0.2190	0.0284	0.1274
89	0.0133	0.2185	0.0284	0.1276
90	0.0133	0.2187	0.0284	0.1279
91	0.0133	0.2187	0.0284	0.1279
92	0.0136	0.2182	0.0283	0.1279
93	0.0133	0.2179	0.0283	0.1277
94	0.0124	0.2173	0.0282	0.1273
95	0.0127	0.2173	0.0281	0.1273
96	0.0127	0.2171	0.0281	0.1272
97	0.0128	0.2167	0.0281	0.1269
98	0.0123	0.2161	0.0280	0.1266
99	0.0111	0.2164	0.0280	0.1266
100	0.0123	0.2167	0.0281	0.1267
101	0.0115	0.2171	0.0281	0.1269
102	0.0127	0.2170	0.0281	0.1270
103	0.0114	0.2166	0.0280	0.1269
104	0.0115	0.2164	0.0280	0.1268
105	0.0112	0.2164	0.0280	0.1269
106	0.0112	0.2168	0.0280	0.1271
107	0.0114	0.2170	0.0281	0.1274
108	0.0106	0.2176	0.0281	0.1277
109	0.0106	0.2173	0.0281	0.1279
110	0.0108	0.2171	0.0280	0.1279
111	0.0110	0.2179	0.0281	0.1281
112	0.0111	0.2172	0.0280	0.1281
113	0.0106	0.2177	0.0281	0.1282
114	0.0110	0.2175	0.0280	0.1280
115	0.0105	0.2173	0.0280	0.1280
116	0.0105	0.2163	0.0279	0.1277
117	0.0106	0.2162	0.0279	0.1279
118	0.0105	0.2161	0.0279	0.1280
119	0.0105	0.2158	0.0278	0.1278
120	0.0100	0.2158	0.0278	0.1278
121	0.0096	0.2155	0.0278	0.1274
122	0.0103	0.2157	0.0278	0.1274
123	0.0099	0.2151	0.0277	0.1274
124	0.0106	0.2150	0.0277	0.1275
125	0.0100	0.2146	0.0277	0.1272
126	0.0097	0.2149	0.0277	0.1275
127	0.0093	0.2142	0.0276	0.1274
128	0.0097	0.2139	0.0276	0.1273
129	0.0099	0.2146	0.0276	0.1273
130	0.0098	0.2144	0.0276	0.1271
131	0.0099	0.2141	0.0276	0.1270
132	0.0099	0.2147	0.0277	0.1274
133	0.0097	0.2144	0.0276	0.1274
134	0.0095	0.2149	0.0276	0.1279
135	0.0092	0.2145	0.0276	0.1278
136	0.0094	0.2145	0.0276	0.1278
137	0.0097	0.2144	0.0275	0.1276
138	0.0092	0.2139	0.0275	0.1273
139	0.0098	0.2138	0.0275	0.1272
140	0.0094	0.2134	0.0274	0.1270
141	0.0084	0.2132	0.0274	0.1273
142	0.0093	0.2134	0.0274	0.1274
143	0.0088	0.2130	0.0273	0.1270
144	0.0086	0.2134	0.0273	0.1270
145	0.0090	0.2132	0.0273	0.1270
146	0.0088	0.2134	0.0274	0.1272
147	0.0088	0.2138	0.0274	0.1274
148	0.0092	0.2136	0.0274	0.1275
149	0.0085	0.2129	0.0273	0.1273
150	0.0089	0.2140	0.0274	0.1273
