{"n_layers": 0, "device": "cuda", "batch_size": 2048, "embedding_dim": 1024, "learning_rate": 0.001, "dataset": "dbbook", "epochs": 150, "top_k": 50, "multimodal": true, "datasets": {"dbbook": ["images", "text"], "ml1m": ["audio", "images", "text", "video"]}}
Epoch	Loss	Recall	Precision	NDCG
1	0.6932	0.0104	0.0014	0.0051
2	0.6778	0.0191	0.0025	0.0102
3	0.6600	0.0568	0.0075	0.0366
4	0.6323	0.1143	0.0153	0.0735
5	0.5895	0.1500	0.0203	0.0949
6	0.5290	0.1681	0.0228	0.1058
7	0.4543	0.1776	0.0242	0.1116
8	0.3755	0.1839	0.0251	0.1154
9	0.3041	0.1871	0.0256	0.1179
10	0.2439	0.1896	0.0259	0.1200
11	0.1971	0.1906	0.0261	0.1213
12	0.1607	0.1921	0.0263	0.1228
13	0.1331	0.1943	0.0266	0.1241
14	0.1108	0.1962	0.0268	0.1256
15	0.0932	0.1977	0.0270	0.1267
16	0.0800	0.1984	0.0270	0.1272
17	0.0687	0.1987	0.0270	0.1277
18	0.0599	0.2001	0.0271	0.1285
19	0.0532	0.2007	0.0272	0.1294
20	0.0468	0.2016	0.0273	0.1300
21	0.0413	0.2028	0.0273	0.1307
22	0.0377	0.2033	0.0274	0.1310
23	0.0334	0.2038	0.0274	0.1312
24	0.0308	0.2036	0.0274	0.1311
25	0.0279	0.2046	0.0275	0.1317
26	0.0257	0.2047	0.0274	0.1316
27	0.0234	0.2059	0.0275	0.1322
28	0.0225	0.2063	0.0276	0.1322
29	0.0210	0.2066	0.0276	0.1321
30	0.0188	0.2069	0.0276	0.1326
31	0.0182	0.2070	0.0276	0.1327
32	0.0174	0.2069	0.0276	0.1329
33	0.0167	0.2061	0.0276	0.1328
34	0.0157	0.2062	0.0275	0.1330
35	0.0149	0.2063	0.0276	0.1333
36	0.0141	0.2069	0.0276	0.1334
37	0.0135	0.2072	0.0276	0.1334
38	0.0129	0.2070	0.0276	0.1333
39	0.0122	0.2074	0.0277	0.1335
40	0.0115	0.2076	0.0277	0.1336
41	0.0112	0.2078	0.0277	0.1339
42	0.0110	0.2082	0.0277	0.1340
43	0.0108	0.2087	0.0278	0.1341
44	0.0106	0.2081	0.0277	0.1343
45	0.0099	0.2088	0.0278	0.1345
46	0.0095	0.2085	0.0278	0.1341
47	0.0096	0.2092	0.0278	0.1340
48	0.0092	0.2097	0.0278	0.1343
49	0.0089	0.2097	0.0278	0.1346
50	0.0082	0.2089	0.0277	0.1346
51	0.0088	0.2100	0.0279	0.1347
52	0.0087	0.2100	0.0279	0.1345
53	0.0082	0.2099	0.0279	0.1345
54	0.0076	0.2094	0.0279	0.1343
55	0.0078	0.2094	0.0279	0.1344
56	0.0080	0.2100	0.0279	0.1347
57	0.0077	0.2094	0.0278	0.1345
58	0.0077	0.2098	0.0279	0.1348
59	0.0075	0.2097	0.0279	0.1348
60	0.0073	0.2105	0.0279	0.1349
61	0.0073	0.2109	0.0279	0.1352
62	0.0069	0.2111	0.0279	0.1353
63	0.0070	0.2105	0.0279	0.1355
64	0.0069	0.2109	0.0279	0.1356
65	0.0068	0.2114	0.0279	0.1356
66	0.0064	0.2120	0.0279	0.1356
67	0.0062	0.2117	0.0279	0.1352
68	0.0064	0.2115	0.0279	0.1354
69	0.0063	0.2106	0.0278	0.1353
70	0.0066	0.2106	0.0278	0.1349
71	0.0063	0.2104	0.0278	0.1349
72	0.0060	0.2105	0.0278	0.1346
73	0.0063	0.2107	0.0278	0.1345
74	0.0063	0.2105	0.0278	0.1343
75	0.0062	0.2105	0.0278	0.1344
76	0.0061	0.2106	0.0278	0.1346
77	0.0059	0.2113	0.0278	0.1348
78	0.0060	0.2110	0.0278	0.1347
79	0.0058	0.2111	0.0278	0.1346
80	0.0055	0.2108	0.0277	0.1345
81	0.0057	0.2104	0.0277	0.1342
82	0.0061	0.2104	0.0277	0.1342
83	0.0057	0.2110	0.0277	0.1343
84	0.0054	0.2106	0.0277	0.1340
85	0.0052	0.2116	0.0278	0.1344
86	0.0055	0.2106	0.0277	0.1342
87	0.0056	0.2101	0.0277	0.1341
88	0.0055	0.2103	0.0277	0.1342
89	0.0056	0.2104	0.0277	0.1342
90	0.0053	0.2108	0.0277	0.1345
91	0.0050	0.2114	0.0277	0.1343
92	0.0054	0.2114	0.0278	0.1345
93	0.0051	0.2117	0.0278	0.1350
94	0.0057	0.2118	0.0278	0.1350
95	0.0055	0.2117	0.0278	0.1351
96	0.0053	0.2121	0.0278	0.1355
97	0.0057	0.2114	0.0277	0.1347
98	0.0055	0.2113	0.0278	0.1349
99	0.0051	0.2112	0.0277	0.1349
100	0.0051	0.2124	0.0278	0.1350
101	0.0053	0.2120	0.0278	0.1351
102	0.0057	0.2116	0.0277	0.1351
103	0.0049	0.2113	0.0277	0.1350
104	0.0052	0.2110	0.0277	0.1350
105	0.0056	0.2105	0.0277	0.1347
106	0.0051	0.2107	0.0277	0.1347
107	0.0055	0.2102	0.0277	0.1347
108	0.0052	0.2104	0.0277	0.1349
109	0.0054	0.2105	0.0277	0.1349
110	0.0051	0.2102	0.0276	0.1346
111	0.0052	0.2103	0.0276	0.1346
112	0.0049	0.2099	0.0276	0.1347
113	0.0049	0.2099	0.0275	0.1348
114	0.0057	0.2094	0.0275	0.1346
115	0.0049	0.2100	0.0275	0.1346
116	0.0055	0.2100	0.0275	0.1345
117	0.0052	0.2096	0.0275	0.1343
118	0.0055	0.2091	0.0274	0.1340
119	0.0050	0.2090	0.0274	0.1339
120	0.0049	0.2096	0.0275	0.1338
121	0.0049	0.2101	0.0275	0.1338
122	0.0055	0.2103	0.0275	0.1339
123	0.0058	0.2095	0.0274	0.1336
124	0.0051	0.2095	0.0274	0.1334
125	0.0052	0.2098	0.0274	0.1336
126	0.0055	0.2094	0.0274	0.1334
127	0.0059	0.2098	0.0275	0.1337
128	0.0054	0.2100	0.0275	0.1339
129	0.0049	0.2102	0.0275	0.1341
130	0.0053	0.2108	0.0275	0.1343
131	0.0057	0.2107	0.0275	0.1342
132	0.0052	0.2106	0.0275	0.1342
133	0.0048	0.2105	0.0275	0.1341
134	0.0049	0.2101	0.0275	0.1341
135	0.0055	0.2089	0.0274	0.1341
136	0.0048	0.2092	0.0274	0.1342
137	0.0054	0.2092	0.0274	0.1346
138	0.0049	0.2085	0.0274	0.1344
139	0.0050	0.2088	0.0274	0.1343
140	0.0056	0.2085	0.0274	0.1337
141	0.0055	0.2087	0.0274	0.1337
142	0.0049	0.2086	0.0274	0.1334
143	0.0055	0.2087	0.0274	0.1330
144	0.0051	0.2086	0.0273	0.1326
145	0.0048	0.2081	0.0273	0.1324
146	0.0047	0.2088	0.0274	0.1325
147	0.0048	0.2081	0.0273	0.1325
148	0.0047	0.2080	0.0273	0.1322
149	0.0052	0.2071	0.0272	0.1318
150	0.0048	0.2066	0.0272	0.1318
