{"n_layers": 1, "device": "cuda", "batch_size": 2048, "embedding_dim": 64, "learning_rate": 0.001, "dataset": "dbbook", "epochs": 150, "model": "ef-mmlgcn", "fusion": "max", "top_k": [5, 10, 20, 50], "seed": 19, "multimodal": true}
Epoch	Loss	Precision@5	Recall@5	NDCG@5	Precision@10	Recall@10	NDCG@10	Precision@20	Recall@20	NDCG@20	Precision@50	Recall@50	NDCG@50
1	0.6928	0.0031	0.0023	0.0035	0.0036	0.0059	0.0048	0.0031	0.0104	0.0067	0.0028	0.0221	0.0108
2	0.6913	0.0153	0.0124	0.0178	0.0123	0.0197	0.0186	0.0095	0.0294	0.0227	0.0068	0.0515	0.0307
3	0.6892	0.0304	0.0234	0.0348	0.0243	0.0371	0.0361	0.0188	0.0558	0.0438	0.0122	0.0902	0.0563
4	0.6860	0.0383	0.0288	0.0424	0.0318	0.0473	0.0449	0.0247	0.0723	0.0552	0.0167	0.122	0.0733
5	0.6808	0.0405	0.0307	0.0433	0.0338	0.0491	0.0461	0.0277	0.0805	0.059	0.0194	0.1387	0.0805
6	0.6730	0.0399	0.0296	0.0415	0.0342	0.0495	0.0451	0.0282	0.0811	0.0582	0.0206	0.1472	0.0825
7	0.6619	0.0392	0.0294	0.0401	0.0336	0.0482	0.0437	0.0277	0.0788	0.0565	0.0214	0.1529	0.0835
8	0.6465	0.0374	0.028	0.0373	0.0332	0.0477	0.042	0.027	0.0763	0.054	0.0216	0.1529	0.082
9	0.6271	0.0365	0.0274	0.0359	0.0323	0.0466	0.0405	0.0267	0.0756	0.0526	0.0214	0.1511	0.0804
10	0.6043	0.0349	0.0263	0.0341	0.0317	0.0456	0.0391	0.0262	0.0739	0.051	0.0213	0.1501	0.0791
11	0.5783	0.0335	0.0247	0.0323	0.0309	0.0442	0.0377	0.026	0.0733	0.05	0.0212	0.1488	0.0778
12	0.5508	0.0329	0.0242	0.0318	0.0303	0.0435	0.0369	0.0259	0.0727	0.0494	0.0211	0.1478	0.077
13	0.5230	0.032	0.0235	0.0311	0.0295	0.0419	0.036	0.0258	0.072	0.0488	0.0211	0.1478	0.0766
14	0.4948	0.0319	0.0234	0.031	0.0291	0.041	0.0355	0.0257	0.0716	0.0485	0.0211	0.147	0.0762
15	0.4684	0.0312	0.0228	0.0304	0.0291	0.0411	0.0353	0.0254	0.0704	0.0479	0.0211	0.1471	0.076
16	0.4442	0.0313	0.0227	0.0303	0.0286	0.0407	0.0349	0.0254	0.0705	0.0478	0.0211	0.148	0.0761
17	0.4219	0.0314	0.0228	0.0303	0.0282	0.04	0.0345	0.0254	0.0702	0.0476	0.0212	0.1481	0.0761
18	0.4004	0.0316	0.0228	0.0304	0.0283	0.0403	0.0347	0.0254	0.0701	0.0477	0.0212	0.1479	0.0761
19	0.3812	0.0317	0.023	0.0306	0.0284	0.0403	0.0348	0.0255	0.0706	0.0479	0.0212	0.1478	0.0762
20	0.3643	0.0315	0.0228	0.0305	0.0286	0.0404	0.0349	0.0256	0.0709	0.048	0.0212	0.1474	0.0762
21	0.3483	0.0315	0.0229	0.0307	0.0285	0.0402	0.035	0.0257	0.0715	0.0485	0.0212	0.1478	0.0766
22	0.3347	0.0322	0.0233	0.0313	0.0289	0.0409	0.0355	0.0258	0.0716	0.0488	0.0213	0.1483	0.0771
23	0.3197	0.0324	0.0232	0.0316	0.029	0.0411	0.0358	0.0259	0.0718	0.0491	0.0214	0.1491	0.0775
24	0.3092	0.0327	0.0234	0.032	0.0292	0.0414	0.0362	0.0262	0.0726	0.0496	0.0215	0.1498	0.078
25	0.2970	0.0331	0.0237	0.0325	0.0294	0.0416	0.0365	0.0264	0.0732	0.0502	0.0215	0.1503	0.0785
26	0.2859	0.0333	0.0239	0.0328	0.0298	0.0422	0.037	0.0265	0.0732	0.0505	0.0216	0.1509	0.0789
27	0.2770	0.0334	0.024	0.033	0.0301	0.0426	0.0374	0.0267	0.0741	0.0509	0.0218	0.1522	0.0795
28	0.2668	0.0337	0.0241	0.0333	0.0304	0.043	0.0377	0.027	0.0748	0.0514	0.0219	0.153	0.08
29	0.2584	0.0338	0.0243	0.0336	0.0306	0.0433	0.038	0.027	0.0752	0.0517	0.022	0.1535	0.0805
30	0.2525	0.034	0.0245	0.0338	0.0307	0.0433	0.0383	0.0271	0.0755	0.0521	0.022	0.1538	0.0809
31	0.2447	0.0344	0.025	0.0343	0.031	0.0438	0.0387	0.0272	0.0757	0.0524	0.0221	0.1547	0.0813
32	0.2366	0.0346	0.0251	0.0345	0.0314	0.0444	0.0391	0.0273	0.076	0.0527	0.0222	0.1556	0.0819
33	0.2298	0.0348	0.0253	0.0348	0.0315	0.0444	0.0393	0.0275	0.0765	0.053	0.0223	0.1565	0.0824
34	0.2226	0.0351	0.0256	0.0351	0.0317	0.0446	0.0395	0.0275	0.0766	0.0532	0.0225	0.1577	0.083
35	0.2184	0.0355	0.0259	0.0353	0.0316	0.0445	0.0396	0.0274	0.0766	0.0533	0.0226	0.1583	0.0833
36	0.2126	0.0359	0.0261	0.0358	0.0318	0.0446	0.0399	0.0277	0.0775	0.0539	0.0226	0.1589	0.0837
37	0.2061	0.0361	0.0261	0.036	0.0321	0.0453	0.0403	0.0279	0.0782	0.0543	0.0228	0.16	0.0844
38	0.2009	0.0362	0.0261	0.0362	0.0322	0.0455	0.0406	0.0281	0.079	0.0548	0.0229	0.1607	0.0848
39	0.1969	0.0364	0.0263	0.0364	0.0323	0.0457	0.0407	0.0281	0.0796	0.0551	0.0231	0.162	0.0855
40	0.1908	0.0363	0.0262	0.0365	0.0326	0.0463	0.0412	0.0283	0.08	0.0555	0.0231	0.1625	0.0859
41	0.1895	0.0366	0.0263	0.0367	0.0331	0.047	0.0417	0.0286	0.0809	0.056	0.0231	0.1628	0.0862
42	0.1795	0.0365	0.0264	0.0368	0.0331	0.0471	0.0418	0.0288	0.0815	0.0564	0.0233	0.164	0.0868
43	0.1777	0.0371	0.0268	0.0374	0.0333	0.0474	0.0422	0.0288	0.0817	0.0567	0.0234	0.1651	0.0874
44	0.1750	0.0373	0.0271	0.0375	0.0335	0.0475	0.0423	0.029	0.0823	0.057	0.0235	0.1661	0.0877
45	0.1706	0.0371	0.0271	0.0373	0.0338	0.048	0.0426	0.0292	0.0829	0.0573	0.0236	0.1667	0.0881
46	0.1645	0.0374	0.0273	0.0376	0.0341	0.0485	0.043	0.0295	0.0838	0.0578	0.0237	0.1677	0.0886
47	0.1608	0.0378	0.0276	0.0381	0.0343	0.049	0.0434	0.0295	0.084	0.0582	0.0238	0.1685	0.0892
48	0.1596	0.0381	0.0278	0.0384	0.0344	0.0493	0.0436	0.0297	0.0845	0.0585	0.0238	0.1687	0.0894
49	0.1545	0.0383	0.0279	0.0386	0.0346	0.0498	0.044	0.03	0.0854	0.059	0.0239	0.1695	0.0899
50	0.1511	0.0387	0.0282	0.039	0.0348	0.05	0.0443	0.0302	0.0858	0.0595	0.024	0.1703	0.0904
51	0.1490	0.0387	0.0283	0.0393	0.0349	0.0504	0.0447	0.0304	0.0863	0.0599	0.0242	0.1715	0.0911
52	0.1458	0.0394	0.0287	0.0399	0.0351	0.0505	0.045	0.0306	0.0867	0.0603	0.0243	0.1722	0.0916
53	0.1421	0.0394	0.0287	0.04	0.0356	0.051	0.0454	0.0308	0.0874	0.0608	0.0243	0.1731	0.0921
54	0.1398	0.0393	0.0286	0.0401	0.0356	0.051	0.0456	0.031	0.0881	0.0613	0.0245	0.1746	0.0928
55	0.1368	0.0397	0.0291	0.0407	0.0359	0.0515	0.0461	0.0311	0.0885	0.0618	0.0246	0.1758	0.0935
56	0.1355	0.0399	0.0291	0.041	0.036	0.0518	0.0464	0.0312	0.0887	0.062	0.0247	0.1764	0.0939
57	0.1314	0.0398	0.029	0.0409	0.0361	0.0519	0.0465	0.0313	0.0893	0.0623	0.0248	0.177	0.0942
58	0.1299	0.0403	0.0295	0.0414	0.0364	0.0523	0.0469	0.0316	0.0902	0.0628	0.0248	0.1777	0.0946
59	0.1255	0.0408	0.0301	0.0417	0.0367	0.0527	0.0472	0.0317	0.0908	0.0632	0.0249	0.1784	0.0951
60	0.1215	0.0409	0.03	0.042	0.0369	0.0532	0.0476	0.0318	0.091	0.0635	0.0251	0.1792	0.0956
61	0.1250	0.0409	0.0302	0.0421	0.0369	0.0532	0.0477	0.032	0.092	0.0639	0.0252	0.18	0.096
62	0.1178	0.0411	0.0301	0.0422	0.037	0.0535	0.0479	0.032	0.0917	0.0639	0.0252	0.1806	0.0963
63	0.1185	0.0412	0.0303	0.0424	0.0371	0.0535	0.0479	0.0321	0.0922	0.0642	0.0253	0.1811	0.0966
64	0.1154	0.0418	0.0308	0.0431	0.0375	0.054	0.0485	0.0323	0.0926	0.0647	0.0253	0.1815	0.0971
65	0.1131	0.0419	0.0309	0.0433	0.0375	0.054	0.0487	0.0324	0.0931	0.0651	0.0254	0.1819	0.0975
66	0.1113	0.0422	0.0312	0.0438	0.0375	0.0539	0.0489	0.0324	0.093	0.0653	0.0254	0.1822	0.0979
67	0.1089	0.0425	0.0315	0.044	0.0377	0.0543	0.0492	0.0326	0.0936	0.0657	0.0255	0.1831	0.0984
68	0.1082	0.0424	0.0315	0.044	0.0379	0.0547	0.0494	0.0327	0.0937	0.0659	0.0256	0.1841	0.0988
69	0.1069	0.0424	0.0317	0.0442	0.0381	0.0549	0.0496	0.0327	0.0937	0.066	0.0258	0.1849	0.0992
70	0.1011	0.0428	0.0321	0.0445	0.0383	0.0554	0.05	0.0329	0.0944	0.0664	0.0258	0.1854	0.0996
71	0.1037	0.043	0.0322	0.0448	0.0384	0.0555	0.0502	0.0329	0.0945	0.0666	0.0259	0.1864	0.1
72	0.1004	0.0432	0.0324	0.045	0.0384	0.0556	0.0503	0.0331	0.0953	0.067	0.0259	0.1866	0.1002
73	0.0982	0.0433	0.0325	0.0451	0.0385	0.0557	0.0504	0.0333	0.096	0.0673	0.026	0.1868	0.1004
74	0.0960	0.0433	0.0325	0.0452	0.0385	0.0557	0.0505	0.0334	0.0962	0.0676	0.026	0.1875	0.1007
75	0.0977	0.0437	0.0327	0.0455	0.0385	0.0559	0.0506	0.0334	0.0961	0.0676	0.026	0.1874	0.1009
76	0.0944	0.0438	0.0328	0.0458	0.0386	0.0561	0.0509	0.0335	0.0964	0.0679	0.0261	0.1881	0.1013
77	0.0946	0.0443	0.0334	0.0463	0.0389	0.0566	0.0513	0.0337	0.0972	0.0684	0.0262	0.1888	0.1018
78	0.0908	0.0446	0.0335	0.0466	0.0392	0.0568	0.0516	0.0338	0.0979	0.0688	0.0262	0.1889	0.102
79	0.0913	0.0447	0.0336	0.0467	0.0393	0.0574	0.0519	0.0339	0.0981	0.069	0.0263	0.1894	0.1023
80	0.0891	0.0447	0.0335	0.0468	0.0396	0.0579	0.0522	0.0342	0.0989	0.0695	0.0263	0.1899	0.1026
81	0.0873	0.0454	0.0339	0.0474	0.0399	0.0583	0.0526	0.0343	0.0992	0.0699	0.0264	0.191	0.1032
82	0.0847	0.0456	0.034	0.0476	0.0401	0.0586	0.053	0.0344	0.0995	0.0701	0.0264	0.1914	0.1035
83	0.0866	0.0456	0.0343	0.0478	0.0403	0.0589	0.0532	0.0344	0.0999	0.0704	0.0265	0.1916	0.1037
84	0.0817	0.0457	0.0346	0.0481	0.0406	0.0595	0.0536	0.0345	0.1002	0.0707	0.0265	0.192	0.1041
85	0.0833	0.0458	0.0348	0.0484	0.0408	0.0596	0.054	0.0347	0.1008	0.0712	0.0265	0.1922	0.1045
86	0.0816	0.0458	0.0347	0.0484	0.041	0.0599	0.0542	0.0348	0.1011	0.0714	0.0266	0.1924	0.1047
87	0.0806	0.0458	0.0348	0.0485	0.0411	0.06	0.0544	0.0349	0.1012	0.0715	0.0266	0.1926	0.1049
88	0.0806	0.046	0.0349	0.0488	0.0413	0.0603	0.0547	0.035	0.1014	0.0719	0.0267	0.193	0.1053
89	0.0767	0.0463	0.0352	0.049	0.0415	0.0604	0.0548	0.0351	0.1018	0.0721	0.0267	0.1934	0.1054
90	0.0765	0.0463	0.0352	0.0491	0.0416	0.0604	0.0549	0.0351	0.1021	0.0722	0.0267	0.1939	0.1056
91	0.0741	0.0465	0.0354	0.0493	0.0417	0.0606	0.0552	0.0352	0.1023	0.0725	0.0267	0.1938	0.1058
92	0.0738	0.0465	0.0354	0.0495	0.0419	0.0608	0.0554	0.0354	0.103	0.0728	0.0267	0.1938	0.1059
93	0.0729	0.0464	0.0354	0.0493	0.0421	0.0614	0.0556	0.0354	0.1034	0.0729	0.0268	0.1941	0.1059
94	0.0722	0.0464	0.0355	0.0494	0.0419	0.0611	0.0555	0.0355	0.1036	0.0731	0.0268	0.1941	0.1061
95	0.0720	0.0465	0.0355	0.0495	0.0419	0.061	0.0555	0.0357	0.1041	0.0734	0.0268	0.1941	0.1062
96	0.0689	0.0465	0.0355	0.0495	0.0418	0.061	0.0555	0.0357	0.1044	0.0735	0.0268	0.1944	0.1064
97	0.0712	0.0467	0.0354	0.0495	0.0418	0.0611	0.0555	0.0356	0.1042	0.0734	0.0269	0.1949	0.1065
98	0.0696	0.0469	0.0355	0.0496	0.042	0.0613	0.0556	0.0357	0.1045	0.0735	0.0269	0.1951	0.1066
99	0.0666	0.047	0.0356	0.0499	0.042	0.0615	0.0558	0.0357	0.1042	0.0736	0.0269	0.1953	0.1069
100	0.0679	0.0467	0.0355	0.0497	0.0421	0.0616	0.056	0.0357	0.1043	0.0737	0.027	0.1954	0.107
101	0.0653	0.047	0.0356	0.05	0.0422	0.0618	0.0562	0.0357	0.1045	0.074	0.027	0.1956	0.1073
102	0.0635	0.0469	0.0356	0.05	0.0423	0.062	0.0563	0.0358	0.105	0.0741	0.027	0.1959	0.1074
103	0.0630	0.0466	0.0354	0.0499	0.0424	0.0621	0.0564	0.0358	0.1053	0.0742	0.027	0.1966	0.1076
104	0.0640	0.0469	0.0356	0.0502	0.0424	0.0623	0.0567	0.0359	0.1057	0.0745	0.0271	0.197	0.1079
105	0.0626	0.0467	0.0355	0.05	0.0424	0.0622	0.0566	0.0359	0.1059	0.0746	0.0271	0.1971	0.1079
106	0.0630	0.0468	0.0356	0.0502	0.0426	0.0624	0.0568	0.036	0.1059	0.0748	0.0271	0.1972	0.1081
107	0.0623	0.0472	0.0359	0.0507	0.0428	0.0627	0.0572	0.036	0.1059	0.075	0.0271	0.197	0.1084
108	0.0619	0.0474	0.036	0.0509	0.0431	0.0631	0.0576	0.0361	0.1063	0.0754	0.0272	0.1971	0.1087
109	0.0596	0.0478	0.0363	0.0514	0.0432	0.063	0.0578	0.0362	0.1065	0.0757	0.0272	0.1978	0.1091
110	0.0600	0.0479	0.0364	0.0516	0.0431	0.063	0.0579	0.0362	0.1064	0.0758	0.0273	0.1984	0.1093
111	0.0584	0.0477	0.0364	0.0515	0.0432	0.0632	0.058	0.0363	0.1069	0.076	0.0273	0.1985	0.1095
112	0.0568	0.0479	0.0364	0.0517	0.0433	0.0633	0.0582	0.0364	0.1071	0.0762	0.0273	0.1986	0.1097
113	0.0549	0.0479	0.0365	0.0517	0.0434	0.0635	0.0583	0.0365	0.1074	0.0763	0.0274	0.199	0.1098
114	0.0552	0.0482	0.0367	0.0519	0.0433	0.0633	0.0582	0.0365	0.1072	0.0763	0.0275	0.1997	0.1101
115	0.0566	0.0487	0.0371	0.0522	0.0435	0.0636	0.0584	0.0366	0.1076	0.0765	0.0274	0.1992	0.11
116	0.0564	0.0486	0.037	0.0522	0.0436	0.0637	0.0585	0.0367	0.1079	0.0768	0.0275	0.1999	0.1103
117	0.0563	0.049	0.0372	0.0526	0.0436	0.0636	0.0586	0.0367	0.108	0.0769	0.0275	0.2005	0.1107
118	0.0526	0.0491	0.0373	0.0529	0.0438	0.0642	0.0591	0.0367	0.1084	0.0772	0.0275	0.2006	0.1109
119	0.0523	0.049	0.0372	0.0528	0.0438	0.064	0.059	0.0367	0.1084	0.0773	0.0275	0.2004	0.1109
120	0.0529	0.049	0.0373	0.0529	0.0439	0.0641	0.0591	0.0368	0.1085	0.0774	0.0275	0.2007	0.1111
121	0.0522	0.0493	0.0375	0.0531	0.044	0.0642	0.0592	0.0368	0.1087	0.0775	0.0275	0.2007	0.1111
122	0.0514	0.0495	0.0376	0.0533	0.0441	0.0646	0.0594	0.0369	0.1088	0.0776	0.0276	0.2013	0.1113
123	0.0520	0.0496	0.0377	0.0534	0.0442	0.0647	0.0595	0.0369	0.1089	0.0777	0.0276	0.2013	0.1113
124	0.0510	0.0498	0.0379	0.0535	0.0442	0.0648	0.0595	0.037	0.1092	0.0779	0.0276	0.2011	0.1113
125	0.0498	0.0498	0.0378	0.0536	0.0441	0.0646	0.0596	0.0372	0.1095	0.0782	0.0276	0.2014	0.1116
126	0.0492	0.0497	0.0378	0.0536	0.0441	0.0648	0.0597	0.0373	0.1098	0.0784	0.0276	0.202	0.1119
127	0.0491	0.05	0.0379	0.0538	0.0441	0.0649	0.0597	0.0374	0.1101	0.0785	0.0276	0.2018	0.1119
128	0.0481	0.0499	0.0379	0.0538	0.0441	0.0649	0.0597	0.0374	0.1102	0.0786	0.0276	0.2016	0.1118
129	0.0486	0.0501	0.0379	0.054	0.044	0.0648	0.0599	0.0374	0.1102	0.0788	0.0276	0.2017	0.112
130	0.0480	0.0503	0.0382	0.0543	0.0443	0.065	0.0601	0.0374	0.1103	0.0789	0.0276	0.2018	0.1122
131	0.0475	0.0506	0.0383	0.0545	0.0443	0.0651	0.0602	0.0374	0.1104	0.079	0.0276	0.202	0.1123
132	0.0480	0.0508	0.0386	0.0547	0.0443	0.0651	0.0603	0.0375	0.1105	0.0791	0.0276	0.2021	0.1124
133	0.0462	0.051	0.0387	0.055	0.0444	0.0655	0.0606	0.0375	0.1106	0.0793	0.0276	0.2018	0.1124
134	0.0464	0.0511	0.0388	0.055	0.0444	0.0655	0.0605	0.0375	0.1106	0.0792	0.0275	0.2018	0.1123
135	0.0445	0.0512	0.0388	0.055	0.0443	0.0654	0.0604	0.0374	0.1104	0.0791	0.0276	0.2021	0.1124
136	0.0453	0.0511	0.0388	0.055	0.0443	0.0653	0.0604	0.0374	0.1104	0.0791	0.0276	0.2018	0.1123
137	0.0451	0.051	0.0388	0.0549	0.0443	0.0655	0.0604	0.0374	0.1103	0.079	0.0276	0.202	0.1123
138	0.0441	0.051	0.0387	0.0549	0.0444	0.0657	0.0605	0.0375	0.1108	0.0792	0.0275	0.2018	0.1123
139	0.0435	0.0511	0.0389	0.0551	0.0445	0.0659	0.0608	0.0373	0.1103	0.0792	0.0275	0.2017	0.1124
140	0.0447	0.0512	0.039	0.0552	0.0446	0.066	0.0608	0.0373	0.1105	0.0792	0.0275	0.2022	0.1126
141	0.0435	0.0512	0.0391	0.0554	0.0448	0.0662	0.0611	0.0374	0.1105	0.0794	0.0275	0.2024	0.1128
142	0.0422	0.0519	0.0395	0.056	0.0449	0.0664	0.0613	0.0375	0.1105	0.0797	0.0276	0.2028	0.1131
143	0.0429	0.0521	0.0396	0.0562	0.045	0.0668	0.0616	0.0375	0.1108	0.0799	0.0276	0.203	0.1133
144	0.0432	0.0521	0.0396	0.0564	0.0451	0.0667	0.0618	0.0376	0.1108	0.0801	0.0276	0.203	0.1135
145	0.0398	0.052	0.0395	0.0563	0.0451	0.0669	0.0619	0.0377	0.1113	0.0803	0.0276	0.2031	0.1135
146	0.0405	0.052	0.0397	0.0564	0.0452	0.0671	0.0621	0.0377	0.1114	0.0804	0.0275	0.2026	0.1135
147	0.0407	0.052	0.0397	0.0565	0.0452	0.0672	0.0621	0.0377	0.1113	0.0804	0.0275	0.2026	0.1134
148	0.0392	0.052	0.0398	0.0567	0.0452	0.0671	0.0623	0.0378	0.1116	0.0807	0.0275	0.2025	0.1137
149	0.0397	0.0523	0.0401	0.0571	0.0454	0.0673	0.0625	0.0378	0.1119	0.0809	0.0275	0.2029	0.1139
150	0.0397	0.052	0.0399	0.0566	0.0452	0.0673	0.0622	0.0378	0.112	0.0808	0.0275	0.2027	0.1137
