{"n_layers": 1, "device": "cuda", "batch_size": 2048, "embedding_dim": 1024, "learning_rate": 0.0005, "dataset": "dbbook", "epochs": 150, "top_k": 5, "multimodal": true, "datasets": {"dbbook": ["images", "text"], "ml1m": ["audio", "images", "text", "video"]}}
Epoch	Loss	Recall	Precision	NDCG
1	0.6893	0.0069	0.0081	0.0098
2	0.6806	0.0206	0.0244	0.0301
3	0.6708	0.0307	0.0390	0.0474
4	0.6585	0.0374	0.0497	0.0589
5	0.6430	0.0408	0.0545	0.0640
6	0.6235	0.0428	0.0567	0.0656
7	0.5997	0.0423	0.0561	0.0638
8	0.5713	0.0407	0.0542	0.0606
9	0.5384	0.0396	0.0527	0.0577
10	0.5038	0.0381	0.0504	0.0550
11	0.4670	0.0366	0.0485	0.0527
12	0.4310	0.0354	0.0463	0.0507
13	0.3970	0.0354	0.0458	0.0496
14	0.3653	0.0347	0.0448	0.0486
15	0.3355	0.0344	0.0445	0.0480
16	0.3092	0.0346	0.0446	0.0479
17	0.2865	0.0342	0.0442	0.0477
18	0.2649	0.0342	0.0443	0.0477
19	0.2461	0.0339	0.0444	0.0476
20	0.2292	0.0342	0.0445	0.0477
21	0.2129	0.0344	0.0449	0.0482
22	0.1991	0.0348	0.0454	0.0483
23	0.1884	0.0352	0.0462	0.0493
24	0.1770	0.0355	0.0469	0.0498
25	0.1665	0.0356	0.0472	0.0504
26	0.1574	0.0359	0.0476	0.0510
27	0.1499	0.0360	0.0478	0.0511
28	0.1414	0.0358	0.0477	0.0510
29	0.1335	0.0361	0.0480	0.0514
30	0.1267	0.0364	0.0484	0.0520
31	0.1224	0.0367	0.0486	0.0524
32	0.1153	0.0375	0.0491	0.0527
33	0.1104	0.0377	0.0491	0.0529
34	0.1053	0.0380	0.0495	0.0534
35	0.1026	0.0385	0.0498	0.0538
36	0.0967	0.0391	0.0508	0.0549
37	0.0938	0.0399	0.0518	0.0558
38	0.0891	0.0404	0.0524	0.0568
39	0.0857	0.0402	0.0525	0.0569
40	0.0822	0.0404	0.0529	0.0574
41	0.0795	0.0408	0.0535	0.0581
42	0.0758	0.0410	0.0540	0.0586
43	0.0739	0.0414	0.0543	0.0589
44	0.0718	0.0415	0.0548	0.0594
45	0.0687	0.0418	0.0550	0.0598
46	0.0661	0.0422	0.0555	0.0605
47	0.0643	0.0429	0.0561	0.0612
48	0.0620	0.0430	0.0562	0.0612
49	0.0595	0.0432	0.0564	0.0615
50	0.0579	0.0436	0.0570	0.0620
51	0.0566	0.0435	0.0568	0.0620
52	0.0557	0.0435	0.0568	0.0621
53	0.0533	0.0436	0.0567	0.0621
54	0.0506	0.0437	0.0568	0.0624
55	0.0493	0.0437	0.0568	0.0624
56	0.0488	0.0439	0.0570	0.0627
57	0.0478	0.0437	0.0570	0.0627
58	0.0468	0.0439	0.0568	0.0625
59	0.0458	0.0438	0.0569	0.0627
60	0.0446	0.0438	0.0568	0.0628
61	0.0423	0.0442	0.0570	0.0633
62	0.0428	0.0446	0.0576	0.0638
63	0.0398	0.0447	0.0575	0.0638
64	0.0412	0.0448	0.0576	0.0640
65	0.0389	0.0450	0.0577	0.0644
66	0.0374	0.0454	0.0580	0.0649
67	0.0360	0.0454	0.0583	0.0651
68	0.0356	0.0455	0.0584	0.0653
69	0.0342	0.0456	0.0585	0.0652
70	0.0358	0.0460	0.0591	0.0656
71	0.0344	0.0462	0.0591	0.0658
72	0.0324	0.0461	0.0591	0.0657
73	0.0332	0.0460	0.0591	0.0660
74	0.0312	0.0463	0.0594	0.0664
75	0.0305	0.0465	0.0596	0.0666
76	0.0297	0.0464	0.0594	0.0666
77	0.0297	0.0468	0.0596	0.0669
78	0.0292	0.0469	0.0598	0.0671
79	0.0289	0.0472	0.0602	0.0674
80	0.0290	0.0475	0.0605	0.0677
81	0.0279	0.0475	0.0608	0.0682
82	0.0276	0.0477	0.0612	0.0686
83	0.0267	0.0481	0.0618	0.0692
84	0.0261	0.0480	0.0615	0.0689
85	0.0261	0.0479	0.0614	0.0690
86	0.0259	0.0484	0.0620	0.0695
87	0.0253	0.0486	0.0620	0.0696
88	0.0250	0.0488	0.0623	0.0698
89	0.0243	0.0492	0.0623	0.0701
90	0.0238	0.0491	0.0623	0.0702
91	0.0224	0.0491	0.0622	0.0702
92	0.0220	0.0494	0.0626	0.0705
93	0.0228	0.0493	0.0624	0.0704
94	0.0225	0.0497	0.0628	0.0706
95	0.0216	0.0499	0.0628	0.0707
96	0.0215	0.0500	0.0630	0.0710
97	0.0219	0.0501	0.0630	0.0711
98	0.0201	0.0500	0.0629	0.0709
99	0.0210	0.0506	0.0634	0.0714
100	0.0201	0.0511	0.0640	0.0720
101	0.0209	0.0511	0.0641	0.0721
102	0.0204	0.0509	0.0640	0.0721
103	0.0192	0.0510	0.0643	0.0724
104	0.0203	0.0509	0.0644	0.0725
105	0.0189	0.0515	0.0648	0.0730
106	0.0190	0.0515	0.0650	0.0731
107	0.0191	0.0517	0.0653	0.0733
108	0.0185	0.0516	0.0652	0.0734
109	0.0178	0.0518	0.0654	0.0737
110	0.0184	0.0521	0.0656	0.0740
111	0.0173	0.0523	0.0658	0.0743
112	0.0181	0.0527	0.0662	0.0746
113	0.0180	0.0531	0.0667	0.0751
114	0.0175	0.0531	0.0669	0.0753
115	0.0168	0.0529	0.0667	0.0751
116	0.0173	0.0523	0.0661	0.0748
117	0.0169	0.0525	0.0662	0.0748
118	0.0177	0.0525	0.0662	0.0749
119	0.0167	0.0529	0.0666	0.0752
120	0.0163	0.0525	0.0661	0.0747
121	0.0165	0.0528	0.0666	0.0751
122	0.0168	0.0527	0.0663	0.0750
123	0.0161	0.0527	0.0661	0.0749
124	0.0160	0.0525	0.0662	0.0749
125	0.0158	0.0526	0.0663	0.0751
126	0.0157	0.0524	0.0661	0.0750
127	0.0152	0.0525	0.0664	0.0752
128	0.0151	0.0525	0.0664	0.0753
129	0.0154	0.0528	0.0667	0.0756
130	0.0152	0.0529	0.0666	0.0758
131	0.0147	0.0527	0.0667	0.0758
132	0.0144	0.0531	0.0671	0.0760
133	0.0146	0.0532	0.0672	0.0762
134	0.0147	0.0531	0.0671	0.0762
135	0.0149	0.0532	0.0671	0.0762
136	0.0142	0.0532	0.0672	0.0763
137	0.0146	0.0538	0.0677	0.0768
138	0.0137	0.0537	0.0674	0.0766
139	0.0132	0.0540	0.0677	0.0768
140	0.0141	0.0541	0.0677	0.0769
141	0.0140	0.0542	0.0677	0.0768
142	0.0138	0.0540	0.0676	0.0768
143	0.0140	0.0539	0.0676	0.0766
144	0.0133	0.0538	0.0674	0.0765
145	0.0134	0.0540	0.0675	0.0769
146	0.0132	0.0540	0.0676	0.0768
147	0.0131	0.0542	0.0680	0.0771
148	0.0127	0.0540	0.0680	0.0771
149	0.0128	0.0540	0.0679	0.0771
150	0.0131	0.0538	0.0678	0.0770
