{"n_layers": 2, "device": "cuda", "batch_size": 2048, "embedding_dim": 512, "learning_rate": 0.0005, "dataset": "dbbook", "epochs": 150, "top_k": 20, "multimodal": false, "datasets": {"dbbook": ["images", "text"], "ml1m": ["audio", "images", "text", "video"]}}
Epoch	Loss	Recall	Precision	NDCG
1	0.6910	0.0513	0.0178	0.0383
2	0.6871	0.0755	0.0269	0.0511
3	0.6760	0.0695	0.0251	0.0461
4	0.6485	0.0645	0.0239	0.0428
5	0.5993	0.0621	0.0231	0.0408
6	0.5350	0.0618	0.0230	0.0405
7	0.4716	0.0614	0.0228	0.0402
8	0.4195	0.0608	0.0227	0.0402
9	0.3788	0.0605	0.0225	0.0402
10	0.3531	0.0611	0.0227	0.0407
11	0.3303	0.0619	0.0230	0.0414
12	0.3130	0.0636	0.0236	0.0427
13	0.2965	0.0646	0.0240	0.0436
14	0.2809	0.0655	0.0242	0.0444
15	0.2675	0.0669	0.0246	0.0454
16	0.2572	0.0698	0.0254	0.0472
17	0.2441	0.0712	0.0259	0.0486
18	0.2362	0.0726	0.0263	0.0498
19	0.2252	0.0741	0.0268	0.0507
20	0.2180	0.0751	0.0270	0.0516
21	0.2081	0.0762	0.0274	0.0524
22	0.2001	0.0776	0.0278	0.0535
23	0.1927	0.0789	0.0282	0.0544
24	0.1817	0.0794	0.0284	0.0549
25	0.1763	0.0807	0.0287	0.0557
26	0.1704	0.0819	0.0290	0.0568
27	0.1642	0.0826	0.0294	0.0577
28	0.1558	0.0839	0.0297	0.0586
29	0.1531	0.0849	0.0300	0.0594
30	0.1463	0.0865	0.0305	0.0604
31	0.1409	0.0882	0.0309	0.0613
32	0.1359	0.0886	0.0310	0.0616
33	0.1288	0.0897	0.0313	0.0625
34	0.1290	0.0908	0.0317	0.0634
35	0.1213	0.0917	0.0319	0.0643
36	0.1192	0.0927	0.0322	0.0652
37	0.1151	0.0937	0.0325	0.0663
38	0.1089	0.0943	0.0327	0.0668
39	0.1085	0.0956	0.0330	0.0676
40	0.1039	0.0960	0.0331	0.0681
41	0.1019	0.0966	0.0333	0.0686
42	0.0964	0.0977	0.0337	0.0694
43	0.0949	0.0986	0.0339	0.0701
44	0.0903	0.0991	0.0341	0.0705
45	0.0900	0.0995	0.0342	0.0710
46	0.0876	0.1000	0.0344	0.0714
47	0.0850	0.1007	0.0347	0.0720
48	0.0832	0.1019	0.0350	0.0729
49	0.0800	0.1028	0.0353	0.0737
50	0.0771	0.1043	0.0357	0.0746
51	0.0741	0.1042	0.0357	0.0748
52	0.0716	0.1054	0.0360	0.0754
53	0.0734	0.1058	0.0361	0.0758
54	0.0723	0.1064	0.0362	0.0761
55	0.0685	0.1067	0.0363	0.0763
56	0.0663	0.1071	0.0363	0.0765
57	0.0663	0.1080	0.0365	0.0770
58	0.0624	0.1082	0.0366	0.0773
59	0.0617	0.1082	0.0365	0.0775
60	0.0610	0.1089	0.0367	0.0778
61	0.0614	0.1093	0.0368	0.0783
62	0.0568	0.1098	0.0369	0.0787
63	0.0542	0.1097	0.0368	0.0786
64	0.0566	0.1100	0.0369	0.0791
65	0.0549	0.1105	0.0371	0.0796
66	0.0542	0.1114	0.0373	0.0802
67	0.0509	0.1120	0.0374	0.0807
68	0.0506	0.1125	0.0376	0.0812
69	0.0505	0.1120	0.0374	0.0812
70	0.0492	0.1126	0.0376	0.0816
71	0.0483	0.1133	0.0378	0.0821
72	0.0477	0.1139	0.0380	0.0827
73	0.0472	0.1147	0.0381	0.0831
74	0.0445	0.1148	0.0381	0.0832
75	0.0450	0.1148	0.0381	0.0831
76	0.0437	0.1153	0.0383	0.0834
77	0.0445	0.1154	0.0383	0.0836
78	0.0436	0.1157	0.0384	0.0841
79	0.0412	0.1156	0.0384	0.0842
80	0.0395	0.1157	0.0385	0.0843
81	0.0391	0.1155	0.0384	0.0842
82	0.0391	0.1157	0.0385	0.0844
83	0.0369	0.1166	0.0387	0.0849
84	0.0353	0.1173	0.0389	0.0853
85	0.0384	0.1176	0.0390	0.0856
86	0.0374	0.1177	0.0391	0.0858
87	0.0355	0.1177	0.0391	0.0860
88	0.0355	0.1178	0.0391	0.0862
89	0.0332	0.1191	0.0393	0.0868
90	0.0340	0.1193	0.0394	0.0872
91	0.0338	0.1194	0.0394	0.0874
92	0.0321	0.1190	0.0392	0.0876
93	0.0327	0.1194	0.0394	0.0878
94	0.0319	0.1199	0.0395	0.0881
95	0.0319	0.1197	0.0394	0.0881
96	0.0298	0.1202	0.0396	0.0884
97	0.0321	0.1205	0.0396	0.0886
98	0.0300	0.1205	0.0396	0.0888
99	0.0303	0.1203	0.0396	0.0887
100	0.0288	0.1203	0.0397	0.0888
101	0.0289	0.1211	0.0399	0.0894
102	0.0284	0.1205	0.0399	0.0895
103	0.0292	0.1207	0.0400	0.0896
104	0.0271	0.1206	0.0400	0.0896
105	0.0267	0.1205	0.0399	0.0895
106	0.0274	0.1207	0.0400	0.0896
107	0.0252	0.1210	0.0400	0.0899
108	0.0268	0.1207	0.0399	0.0900
109	0.0266	0.1211	0.0400	0.0902
110	0.0258	0.1215	0.0401	0.0904
111	0.0249	0.1214	0.0401	0.0905
112	0.0270	0.1219	0.0402	0.0908
113	0.0249	0.1222	0.0403	0.0910
114	0.0255	0.1225	0.0403	0.0913
115	0.0253	0.1225	0.0403	0.0915
116	0.0250	0.1227	0.0403	0.0917
117	0.0241	0.1229	0.0403	0.0917
118	0.0236	0.1235	0.0404	0.0919
119	0.0230	0.1232	0.0403	0.0918
120	0.0224	0.1229	0.0402	0.0916
121	0.0223	0.1229	0.0402	0.0917
122	0.0219	0.1225	0.0401	0.0915
123	0.0218	0.1230	0.0401	0.0917
124	0.0213	0.1235	0.0402	0.0919
125	0.0219	0.1238	0.0403	0.0918
126	0.0200	0.1234	0.0404	0.0918
127	0.0208	0.1232	0.0402	0.0918
128	0.0214	0.1234	0.0403	0.0920
129	0.0199	0.1233	0.0403	0.0920
130	0.0214	0.1238	0.0403	0.0922
131	0.0201	0.1238	0.0403	0.0923
132	0.0213	0.1234	0.0401	0.0922
133	0.0198	0.1234	0.0401	0.0922
134	0.0190	0.1237	0.0402	0.0922
135	0.0191	0.1240	0.0404	0.0923
136	0.0194	0.1243	0.0403	0.0923
137	0.0197	0.1242	0.0403	0.0923
138	0.0188	0.1246	0.0403	0.0925
139	0.0184	0.1245	0.0403	0.0925
140	0.0182	0.1243	0.0404	0.0924
141	0.0184	0.1245	0.0405	0.0925
142	0.0180	0.1245	0.0405	0.0924
143	0.0182	0.1246	0.0405	0.0925
144	0.0181	0.1244	0.0404	0.0923
145	0.0174	0.1250	0.0405	0.0925
146	0.0167	0.1248	0.0405	0.0926
147	0.0174	0.1252	0.0405	0.0928
148	0.0166	0.1256	0.0407	0.0930
149	0.0163	0.1257	0.0408	0.0932
150	0.0166	0.1256	0.0408	0.0932
