{"n_layers": 0, "device": "cuda", "batch_size": 2048, "embedding_dim": 1024, "learning_rate": 0.001, "dataset": "dbbook", "epochs": 150, "top_k": 50, "model": "ef-mmlgcn", "fusion": "max", "multimodal": true, "datasets": {"dbbook": ["images", "text"], "ml1m": ["audio", "images", "text", "video"]}}
Epoch	Loss	Recall	Precision	NDCG
1	0.6860	0.0359	0.0043	0.0198
2	0.5487	0.0624	0.0077	0.0400
3	0.4526	0.0797	0.0096	0.0532
4	0.3777	0.0908	0.0110	0.0613
5	0.3178	0.0972	0.0118	0.0670
6	0.2700	0.1033	0.0126	0.0717
7	0.2322	0.1089	0.0132	0.0757
8	0.2009	0.1124	0.0138	0.0785
9	0.1756	0.1162	0.0143	0.0815
10	0.1533	0.1198	0.0147	0.0837
11	0.1356	0.1228	0.0151	0.0857
12	0.1198	0.1249	0.0154	0.0879
13	0.1075	0.1283	0.0158	0.0899
14	0.0963	0.1298	0.0160	0.0919
15	0.0867	0.1322	0.0163	0.0934
16	0.0794	0.1352	0.0167	0.0953
17	0.0715	0.1383	0.0171	0.0973
18	0.0654	0.1403	0.0173	0.0987
19	0.0604	0.1426	0.0177	0.1001
20	0.0555	0.1439	0.0179	0.1011
21	0.0515	0.1452	0.0181	0.1023
22	0.0475	0.1480	0.0184	0.1036
23	0.0441	0.1495	0.0186	0.1047
24	0.0414	0.1510	0.0188	0.1057
25	0.0392	0.1519	0.0189	0.1065
26	0.0363	0.1539	0.0191	0.1077
27	0.0340	0.1545	0.0193	0.1082
28	0.0325	0.1561	0.0194	0.1090
29	0.0300	0.1567	0.0196	0.1095
30	0.0292	0.1585	0.0197	0.1105
31	0.0275	0.1600	0.0199	0.1112
32	0.0260	0.1608	0.0200	0.1119
33	0.0249	0.1619	0.0201	0.1124
34	0.0236	0.1628	0.0203	0.1129
35	0.0222	0.1637	0.0204	0.1135
36	0.0213	0.1651	0.0205	0.1141
37	0.0209	0.1662	0.0206	0.1146
38	0.0200	0.1668	0.0207	0.1150
39	0.0189	0.1677	0.0208	0.1154
40	0.0186	0.1685	0.0209	0.1160
41	0.0178	0.1695	0.0211	0.1166
42	0.0168	0.1697	0.0211	0.1167
43	0.0166	0.1704	0.0212	0.1171
44	0.0154	0.1701	0.0212	0.1173
45	0.0154	0.1707	0.0213	0.1177
46	0.0147	0.1720	0.0214	0.1181
47	0.0145	0.1720	0.0214	0.1183
48	0.0138	0.1724	0.0215	0.1186
49	0.0134	0.1731	0.0215	0.1188
50	0.0131	0.1740	0.0216	0.1192
51	0.0124	0.1738	0.0217	0.1195
52	0.0127	0.1739	0.0217	0.1198
53	0.0122	0.1745	0.0218	0.1201
54	0.0119	0.1747	0.0218	0.1203
55	0.0114	0.1752	0.0219	0.1206
56	0.0110	0.1759	0.0220	0.1209
57	0.0112	0.1757	0.0220	0.1210
58	0.0106	0.1763	0.0221	0.1212
59	0.0103	0.1762	0.0221	0.1214
60	0.0103	0.1767	0.0221	0.1217
61	0.0100	0.1771	0.0221	0.1219
62	0.0098	0.1774	0.0222	0.1221
63	0.0097	0.1773	0.0222	0.1220
64	0.0093	0.1777	0.0222	0.1223
65	0.0095	0.1783	0.0223	0.1225
66	0.0093	0.1786	0.0223	0.1225
67	0.0088	0.1784	0.0223	0.1225
68	0.0089	0.1785	0.0224	0.1226
69	0.0088	0.1789	0.0224	0.1227
70	0.0090	0.1792	0.0224	0.1228
71	0.0084	0.1795	0.0225	0.1229
72	0.0080	0.1800	0.0225	0.1233
73	0.0083	0.1803	0.0226	0.1234
74	0.0086	0.1808	0.0226	0.1236
75	0.0080	0.1808	0.0226	0.1238
76	0.0079	0.1811	0.0227	0.1242
77	0.0077	0.1812	0.0227	0.1242
78	0.0079	0.1814	0.0227	0.1244
79	0.0080	0.1812	0.0227	0.1242
80	0.0077	0.1813	0.0227	0.1242
81	0.0076	0.1818	0.0227	0.1243
82	0.0072	0.1822	0.0227	0.1245
83	0.0073	0.1822	0.0227	0.1244
84	0.0073	0.1820	0.0227	0.1244
85	0.0074	0.1825	0.0228	0.1246
86	0.0070	0.1830	0.0228	0.1247
87	0.0071	0.1833	0.0229	0.1248
88	0.0068	0.1840	0.0229	0.1250
89	0.0070	0.1841	0.0229	0.1249
90	0.0067	0.1847	0.0230	0.1251
91	0.0069	0.1853	0.0231	0.1254
92	0.0062	0.1854	0.0231	0.1255
93	0.0065	0.1853	0.0231	0.1258
94	0.0063	0.1854	0.0231	0.1260
95	0.0068	0.1859	0.0232	0.1261
96	0.0063	0.1862	0.0232	0.1262
97	0.0066	0.1865	0.0233	0.1263
98	0.0065	0.1870	0.0233	0.1263
99	0.0061	0.1869	0.0233	0.1265
100	0.0066	0.1870	0.0233	0.1265
101	0.0059	0.1874	0.0233	0.1265
102	0.0062	0.1874	0.0233	0.1266
103	0.0060	0.1879	0.0234	0.1266
104	0.0057	0.1876	0.0234	0.1268
105	0.0059	0.1885	0.0235	0.1270
106	0.0062	0.1883	0.0235	0.1270
107	0.0054	0.1890	0.0235	0.1271
108	0.0058	0.1890	0.0235	0.1272
109	0.0057	0.1895	0.0236	0.1275
110	0.0061	0.1893	0.0236	0.1275
111	0.0058	0.1890	0.0236	0.1275
112	0.0054	0.1892	0.0236	0.1276
113	0.0057	0.1891	0.0236	0.1276
114	0.0058	0.1888	0.0236	0.1277
115	0.0055	0.1886	0.0236	0.1277
116	0.0057	0.1887	0.0236	0.1277
117	0.0059	0.1889	0.0236	0.1278
118	0.0059	0.1889	0.0236	0.1278
119	0.0056	0.1893	0.0236	0.1278
120	0.0057	0.1892	0.0236	0.1277
121	0.0055	0.1890	0.0236	0.1279
122	0.0058	0.1888	0.0236	0.1279
123	0.0053	0.1891	0.0237	0.1281
124	0.0055	0.1888	0.0236	0.1280
125	0.0058	0.1890	0.0237	0.1281
126	0.0059	0.1891	0.0237	0.1281
127	0.0058	0.1895	0.0237	0.1283
128	0.0050	0.1895	0.0237	0.1283
129	0.0055	0.1893	0.0237	0.1285
130	0.0056	0.1894	0.0237	0.1285
131	0.0056	0.1894	0.0237	0.1286
132	0.0056	0.1896	0.0237	0.1289
133	0.0055	0.1897	0.0238	0.1289
134	0.0055	0.1899	0.0238	0.1292
135	0.0051	0.1896	0.0238	0.1292
136	0.0054	0.1894	0.0238	0.1292
137	0.0050	0.1898	0.0238	0.1293
138	0.0057	0.1894	0.0238	0.1292
139	0.0051	0.1893	0.0238	0.1293
140	0.0055	0.1888	0.0237	0.1293
141	0.0053	0.1893	0.0238	0.1294
142	0.0048	0.1893	0.0238	0.1294
143	0.0053	0.1892	0.0238	0.1295
144	0.0053	0.1890	0.0238	0.1294
145	0.0048	0.1891	0.0238	0.1294
146	0.0054	0.1892	0.0238	0.1292
147	0.0052	0.1891	0.0238	0.1292
148	0.0051	0.1888	0.0238	0.1293
149	0.0056	0.1888	0.0238	0.1294
150	0.0052	0.1890	0.0238	0.1294
