{"n_layers": 2, "device": "cuda", "batch_size": 2048, "embedding_dim": 64, "learning_rate": 0.001, "dataset": "dbbook", "epochs": 150, "top_k": 50, "multimodal": true, "datasets": {"dbbook": ["images", "text"], "ml1m": ["audio", "images", "text", "video"]}}
Epoch	Loss	Recall	Precision	NDCG
1	0.6927	0.0552	0.0074	0.0319
2	0.6910	0.1036	0.0145	0.0611
3	0.6880	0.1267	0.0178	0.0695
4	0.6823	0.1327	0.0189	0.0710
5	0.6722	0.1346	0.0194	0.0706
6	0.6560	0.1325	0.0193	0.0688
7	0.6336	0.1291	0.0189	0.0667
8	0.6049	0.1268	0.0185	0.0652
9	0.5730	0.1251	0.0184	0.0644
10	0.5394	0.1252	0.0183	0.0641
11	0.5068	0.1251	0.0183	0.0637
12	0.4773	0.1246	0.0183	0.0636
13	0.4504	0.1244	0.0183	0.0636
14	0.4264	0.1249	0.0183	0.0638
15	0.4065	0.1253	0.0184	0.0640
16	0.3883	0.1256	0.0185	0.0642
17	0.3725	0.1264	0.0186	0.0646
18	0.3586	0.1272	0.0187	0.0651
19	0.3475	0.1280	0.0188	0.0655
20	0.3372	0.1284	0.0189	0.0658
21	0.3278	0.1294	0.0190	0.0665
22	0.3158	0.1301	0.0191	0.0668
23	0.3144	0.1309	0.0192	0.0672
24	0.3024	0.1319	0.0194	0.0679
25	0.2966	0.1330	0.0195	0.0686
26	0.2904	0.1334	0.0196	0.0689
27	0.2826	0.1340	0.0197	0.0693
28	0.2737	0.1348	0.0198	0.0697
29	0.2705	0.1364	0.0200	0.0704
30	0.2629	0.1371	0.0201	0.0710
31	0.2614	0.1378	0.0202	0.0714
32	0.2557	0.1387	0.0203	0.0720
33	0.2503	0.1394	0.0204	0.0725
34	0.2446	0.1409	0.0206	0.0731
35	0.2426	0.1418	0.0207	0.0735
36	0.2393	0.1427	0.0208	0.0740
37	0.2358	0.1435	0.0209	0.0745
38	0.2272	0.1444	0.0211	0.0751
39	0.2280	0.1457	0.0212	0.0757
40	0.2219	0.1461	0.0213	0.0761
41	0.2157	0.1466	0.0213	0.0766
42	0.2115	0.1474	0.0214	0.0771
43	0.2106	0.1482	0.0215	0.0776
44	0.2069	0.1486	0.0216	0.0781
45	0.2047	0.1496	0.0217	0.0786
46	0.2024	0.1502	0.0218	0.0791
47	0.1994	0.1509	0.0218	0.0794
48	0.1945	0.1514	0.0219	0.0798
49	0.1907	0.1524	0.0220	0.0803
50	0.1903	0.1533	0.0221	0.0807
51	0.1864	0.1543	0.0222	0.0813
52	0.1815	0.1553	0.0223	0.0819
53	0.1814	0.1560	0.0224	0.0824
54	0.1761	0.1568	0.0226	0.0830
55	0.1759	0.1575	0.0226	0.0835
56	0.1723	0.1585	0.0227	0.0842
57	0.1685	0.1593	0.0228	0.0846
58	0.1660	0.1609	0.0230	0.0853
59	0.1642	0.1616	0.0231	0.0857
60	0.1650	0.1625	0.0232	0.0861
61	0.1596	0.1634	0.0233	0.0866
62	0.1600	0.1644	0.0234	0.0871
63	0.1539	0.1649	0.0235	0.0875
64	0.1556	0.1659	0.0236	0.0880
65	0.1482	0.1667	0.0237	0.0884
66	0.1463	0.1670	0.0238	0.0887
67	0.1461	0.1678	0.0238	0.0891
68	0.1472	0.1687	0.0239	0.0896
69	0.1420	0.1693	0.0240	0.0901
70	0.1406	0.1701	0.0241	0.0904
71	0.1396	0.1709	0.0242	0.0908
72	0.1354	0.1715	0.0243	0.0911
73	0.1363	0.1727	0.0244	0.0916
74	0.1341	0.1734	0.0245	0.0919
75	0.1309	0.1741	0.0246	0.0923
76	0.1314	0.1745	0.0247	0.0928
77	0.1288	0.1748	0.0247	0.0930
78	0.1291	0.1758	0.0248	0.0936
79	0.1287	0.1762	0.0248	0.0939
80	0.1247	0.1771	0.0249	0.0944
81	0.1225	0.1775	0.0250	0.0949
82	0.1198	0.1784	0.0251	0.0955
83	0.1211	0.1792	0.0252	0.0958
84	0.1172	0.1796	0.0253	0.0961
85	0.1176	0.1800	0.0253	0.0962
86	0.1172	0.1801	0.0253	0.0966
87	0.1149	0.1814	0.0255	0.0972
88	0.1131	0.1819	0.0255	0.0975
89	0.1103	0.1824	0.0256	0.0979
90	0.1136	0.1822	0.0256	0.0980
91	0.1088	0.1827	0.0256	0.0983
92	0.1076	0.1836	0.0258	0.0989
93	0.1069	0.1841	0.0258	0.0993
94	0.1068	0.1850	0.0259	0.0998
95	0.1063	0.1855	0.0259	0.1002
96	0.1037	0.1862	0.0260	0.1006
97	0.1018	0.1866	0.0261	0.1008
98	0.1018	0.1867	0.0261	0.1010
99	0.0999	0.1870	0.0261	0.1013
100	0.1006	0.1875	0.0261	0.1017
101	0.1002	0.1879	0.0262	0.1019
102	0.0969	0.1884	0.0263	0.1022
103	0.0973	0.1885	0.0263	0.1025
104	0.0959	0.1891	0.0263	0.1028
105	0.0953	0.1897	0.0264	0.1029
106	0.0944	0.1899	0.0264	0.1030
107	0.0936	0.1904	0.0265	0.1034
108	0.0912	0.1906	0.0265	0.1035
109	0.0886	0.1910	0.0265	0.1038
110	0.0856	0.1915	0.0266	0.1040
111	0.0873	0.1916	0.0266	0.1040
112	0.0881	0.1920	0.0267	0.1043
113	0.0872	0.1922	0.0267	0.1047
114	0.0852	0.1924	0.0268	0.1049
115	0.0853	0.1931	0.0268	0.1053
116	0.0839	0.1943	0.0269	0.1059
117	0.0854	0.1943	0.0269	0.1061
118	0.0833	0.1954	0.0271	0.1065
119	0.0816	0.1956	0.0271	0.1067
120	0.0813	0.1958	0.0271	0.1070
121	0.0802	0.1964	0.0272	0.1073
122	0.0805	0.1969	0.0272	0.1076
123	0.0802	0.1969	0.0273	0.1078
124	0.0794	0.1974	0.0273	0.1081
125	0.0762	0.1977	0.0273	0.1084
126	0.0770	0.1981	0.0274	0.1087
127	0.0776	0.1983	0.0274	0.1088
128	0.0750	0.1985	0.0274	0.1091
129	0.0739	0.1994	0.0275	0.1095
130	0.0737	0.1990	0.0275	0.1095
131	0.0731	0.1995	0.0276	0.1098
132	0.0730	0.2003	0.0277	0.1102
133	0.0740	0.2008	0.0277	0.1105
134	0.0697	0.2010	0.0277	0.1107
135	0.0698	0.2013	0.0278	0.1110
136	0.0694	0.2013	0.0278	0.1110
137	0.0701	0.2012	0.0278	0.1110
138	0.0689	0.2017	0.0278	0.1113
139	0.0706	0.2021	0.0279	0.1115
140	0.0688	0.2024	0.0279	0.1117
141	0.0663	0.2022	0.0279	0.1117
142	0.0668	0.2023	0.0279	0.1118
143	0.0654	0.2030	0.0279	0.1121
144	0.0652	0.2033	0.0279	0.1123
145	0.0650	0.2036	0.0280	0.1123
146	0.0638	0.2037	0.0280	0.1124
147	0.0643	0.2039	0.0280	0.1126
148	0.0621	0.2040	0.0281	0.1128
149	0.0630	0.2047	0.0281	0.1131
150	0.0622	0.2055	0.0282	0.1134
