{"n_layers": 3, "device": "cuda", "batch_size": 2048, "embedding_dim": 64, "learning_rate": 0.001, "dataset": "dbbook", "epochs": 150, "model": "ef-mmlgcn", "fusion": "mean", "top_k": [5, 10, 20, 50], "seed": 19, "multimodal": false}
Epoch	Loss	Precision@5	Recall@5	NDCG@5	Precision@10	Recall@10	NDCG@10	Precision@20	Recall@20	NDCG@20	Precision@50	Recall@50	NDCG@50
1	0.6926	0.0217	0.0147	0.0196	0.0208	0.0279	0.0236	0.0219	0.0584	0.0372	0.0176	0.1181	0.0594
2	0.6875	0.0218	0.0141	0.0202	0.0184	0.0236	0.0216	0.0219	0.0589	0.037	0.0171	0.1137	0.0578
3	0.6682	0.0211	0.0135	0.0203	0.0181	0.023	0.0216	0.0213	0.0567	0.0362	0.017	0.1129	0.0575
4	0.6299	0.0205	0.0131	0.0197	0.0188	0.0236	0.0218	0.0209	0.056	0.0357	0.0171	0.1137	0.0576
5	0.5769	0.02	0.0127	0.0194	0.019	0.0237	0.0219	0.0208	0.0554	0.0355	0.0171	0.1136	0.0576
6	0.5225	0.0198	0.0126	0.0191	0.0193	0.024	0.022	0.0206	0.055	0.0352	0.0172	0.1138	0.0575
7	0.4746	0.0198	0.0126	0.0192	0.0203	0.0258	0.0229	0.0207	0.0552	0.0354	0.0173	0.1145	0.0578
8	0.4400	0.02	0.0127	0.0192	0.0213	0.0273	0.0239	0.0207	0.0552	0.0356	0.0173	0.1145	0.058
9	0.4152	0.0201	0.0127	0.0194	0.0214	0.0276	0.0241	0.0209	0.0554	0.0358	0.0173	0.1145	0.0581
10	0.3979	0.02	0.0127	0.0193	0.0214	0.0275	0.0241	0.021	0.0558	0.036	0.0172	0.1144	0.0581
11	0.3813	0.0199	0.0128	0.0194	0.0215	0.0278	0.0243	0.021	0.056	0.0362	0.0172	0.1145	0.0582
12	0.3723	0.0201	0.013	0.0196	0.021	0.0274	0.024	0.0209	0.0559	0.0362	0.0172	0.1147	0.0583
13	0.3635	0.02	0.0129	0.0195	0.0211	0.0274	0.0241	0.0209	0.0558	0.0362	0.0172	0.1144	0.0582
14	0.3544	0.0206	0.0134	0.0199	0.0211	0.0273	0.0242	0.021	0.056	0.0364	0.0172	0.1146	0.0584
15	0.3489	0.0211	0.0137	0.0203	0.0207	0.0269	0.0239	0.0211	0.0565	0.0365	0.0172	0.1144	0.0583
16	0.3442	0.0213	0.0139	0.0205	0.0206	0.0268	0.0239	0.0211	0.0566	0.0367	0.0173	0.1151	0.0587
17	0.3445	0.0212	0.0139	0.0204	0.0207	0.0268	0.0239	0.0211	0.0566	0.0367	0.0173	0.1155	0.0588
18	0.3396	0.0219	0.0143	0.0209	0.0206	0.0266	0.0239	0.0212	0.0568	0.0369	0.0174	0.1157	0.059
19	0.3308	0.0223	0.0146	0.0212	0.0209	0.027	0.0242	0.0214	0.0576	0.0372	0.0174	0.1158	0.0592
20	0.3300	0.0218	0.0143	0.0208	0.0211	0.0273	0.0244	0.0215	0.058	0.0374	0.0174	0.1159	0.0592
21	0.3277	0.0218	0.0143	0.0208	0.0209	0.0273	0.0243	0.0219	0.0588	0.0378	0.0174	0.1157	0.0592
22	0.3249	0.0224	0.0147	0.0212	0.0214	0.0279	0.0247	0.0219	0.0587	0.038	0.0175	0.1169	0.0597
23	0.3165	0.0225	0.0149	0.0214	0.0213	0.0279	0.0247	0.0221	0.0592	0.0382	0.0175	0.1177	0.06
24	0.3187	0.0234	0.0156	0.022	0.0208	0.0273	0.0244	0.0222	0.0593	0.0384	0.0176	0.118	0.0601
25	0.3131	0.0238	0.0161	0.0224	0.0209	0.0275	0.0246	0.0223	0.0598	0.0387	0.0176	0.1185	0.0605
26	0.3094	0.0245	0.0167	0.023	0.0208	0.0275	0.0247	0.0225	0.0605	0.0391	0.0177	0.1195	0.061
27	0.3048	0.0247	0.0169	0.0232	0.0212	0.0281	0.0251	0.0228	0.0613	0.0396	0.0178	0.12	0.0614
28	0.3048	0.0254	0.0173	0.0238	0.0213	0.0282	0.0253	0.0229	0.0614	0.0399	0.0178	0.1198	0.0615
29	0.2961	0.026	0.0177	0.0242	0.0216	0.0285	0.0256	0.0229	0.0614	0.0401	0.0179	0.1208	0.062
30	0.2898	0.0262	0.0179	0.0244	0.0217	0.0289	0.0258	0.023	0.062	0.0403	0.018	0.1215	0.0624
31	0.2914	0.0258	0.0176	0.0242	0.0224	0.0298	0.0264	0.0231	0.0626	0.0407	0.0181	0.1224	0.0629
32	0.2828	0.0259	0.0178	0.0244	0.0228	0.0303	0.0268	0.0233	0.063	0.0411	0.0182	0.1233	0.0635
33	0.2823	0.0264	0.018	0.0248	0.0235	0.0315	0.0275	0.0235	0.0634	0.0415	0.0183	0.1238	0.0639
34	0.2731	0.0263	0.0181	0.0247	0.0241	0.0322	0.028	0.0235	0.0639	0.0417	0.0184	0.1253	0.0645
35	0.2690	0.0263	0.0182	0.0248	0.0239	0.0323	0.028	0.0235	0.0638	0.0417	0.0185	0.126	0.0648
36	0.2643	0.0268	0.0185	0.0252	0.0239	0.0325	0.0283	0.0236	0.064	0.0421	0.0187	0.1272	0.0655
37	0.2580	0.0272	0.0187	0.0256	0.0243	0.033	0.0287	0.0238	0.0646	0.0425	0.0189	0.1293	0.0664
38	0.2523	0.0275	0.0187	0.0258	0.0245	0.0333	0.029	0.024	0.0648	0.0428	0.0191	0.1302	0.0669
39	0.2514	0.0273	0.0186	0.0257	0.025	0.0342	0.0294	0.0242	0.0652	0.0431	0.0191	0.131	0.0673
40	0.2468	0.0279	0.019	0.0262	0.025	0.0345	0.0295	0.0241	0.065	0.0431	0.0193	0.132	0.0677
41	0.2444	0.0283	0.0192	0.0264	0.0257	0.0353	0.0301	0.0242	0.0651	0.0433	0.0194	0.1328	0.0682
42	0.2372	0.0285	0.0192	0.0266	0.0265	0.0366	0.0309	0.0245	0.066	0.0439	0.0195	0.1337	0.0688
43	0.2339	0.0291	0.0196	0.0271	0.027	0.0373	0.0315	0.0246	0.0662	0.0442	0.0197	0.1353	0.0696
44	0.2291	0.0295	0.02	0.0275	0.0272	0.0376	0.0318	0.0249	0.0671	0.0447	0.0199	0.1363	0.0701
45	0.2275	0.0297	0.0203	0.0278	0.0274	0.0376	0.032	0.0249	0.0673	0.045	0.02	0.1371	0.0707
46	0.2190	0.0296	0.0204	0.0278	0.0277	0.0381	0.0324	0.0252	0.0684	0.0455	0.0201	0.1383	0.0713
47	0.2170	0.0303	0.0212	0.0283	0.0278	0.0382	0.0325	0.0254	0.0693	0.046	0.0203	0.14	0.072
48	0.2145	0.0307	0.0216	0.0288	0.0278	0.0383	0.0328	0.0254	0.0696	0.0463	0.0205	0.1414	0.0728
49	0.2093	0.0308	0.0216	0.0289	0.0279	0.0384	0.033	0.0256	0.0704	0.0467	0.0206	0.1423	0.0733
50	0.2047	0.0307	0.0214	0.0291	0.0284	0.039	0.0336	0.0258	0.0712	0.0472	0.0207	0.1434	0.074
51	0.2007	0.0309	0.0215	0.0294	0.0285	0.0393	0.0339	0.026	0.0719	0.0477	0.0209	0.1444	0.0746
52	0.1990	0.0313	0.0217	0.0297	0.0289	0.0399	0.0343	0.0263	0.0729	0.0483	0.021	0.1454	0.0752
53	0.1936	0.0321	0.0222	0.0305	0.0291	0.0402	0.0347	0.0264	0.0732	0.0487	0.021	0.1463	0.0758
54	0.1894	0.0322	0.0225	0.0307	0.0292	0.0403	0.0349	0.0266	0.0739	0.0492	0.0212	0.1473	0.0764
55	0.1870	0.0323	0.0225	0.031	0.0293	0.0406	0.0353	0.0268	0.0745	0.0498	0.0212	0.1482	0.077
56	0.1880	0.0325	0.0227	0.0313	0.0296	0.0413	0.0358	0.0271	0.0755	0.0504	0.0214	0.1498	0.0778
57	0.1795	0.033	0.023	0.0318	0.0298	0.0415	0.0362	0.0273	0.0763	0.0509	0.0216	0.1512	0.0786
58	0.1790	0.0333	0.0233	0.0324	0.03	0.0416	0.0366	0.0274	0.0767	0.0515	0.0217	0.1524	0.0793
59	0.1724	0.0328	0.023	0.0322	0.0301	0.0414	0.0366	0.0276	0.0772	0.0518	0.0219	0.1533	0.0798
60	0.1706	0.0328	0.023	0.0322	0.0302	0.0419	0.0369	0.0277	0.078	0.0521	0.0221	0.1547	0.0804
61	0.1677	0.0328	0.023	0.0324	0.0303	0.042	0.0371	0.0278	0.0784	0.0525	0.0222	0.1557	0.081
62	0.1682	0.0331	0.0233	0.0328	0.0305	0.0425	0.0375	0.028	0.0789	0.053	0.0223	0.157	0.0818
63	0.1641	0.0333	0.0236	0.0328	0.0306	0.0426	0.0376	0.0282	0.0794	0.0533	0.0224	0.158	0.0822
64	0.1594	0.0335	0.0237	0.0331	0.0308	0.0429	0.0379	0.0284	0.08	0.0537	0.0226	0.1592	0.0828
65	0.1598	0.0339	0.024	0.0335	0.0312	0.0435	0.0384	0.0287	0.0811	0.0543	0.0228	0.1606	0.0836
66	0.1558	0.0344	0.0243	0.0341	0.0314	0.0436	0.0388	0.0289	0.082	0.0549	0.0229	0.1615	0.0842
67	0.1551	0.0348	0.0245	0.0345	0.0316	0.0441	0.0391	0.0291	0.0827	0.0554	0.023	0.1622	0.0847
68	0.1499	0.0352	0.0248	0.0348	0.0316	0.0439	0.0392	0.0292	0.0831	0.0557	0.0231	0.1629	0.0852
69	0.1447	0.0351	0.0249	0.035	0.0317	0.0441	0.0395	0.0293	0.0834	0.056	0.0232	0.1639	0.0858
70	0.1441	0.0354	0.025	0.0353	0.0319	0.0444	0.0398	0.0295	0.0841	0.0565	0.0234	0.1646	0.0863
71	0.1432	0.0354	0.0252	0.0355	0.0319	0.0444	0.0399	0.0297	0.0847	0.0569	0.0234	0.1658	0.0867
72	0.1428	0.0356	0.0254	0.0358	0.0319	0.0443	0.04	0.0298	0.0852	0.0572	0.0235	0.1668	0.0872
73	0.1393	0.0357	0.0255	0.036	0.0322	0.0449	0.0404	0.0299	0.0858	0.0576	0.0236	0.1679	0.0877
74	0.1346	0.0359	0.0256	0.0362	0.0324	0.0455	0.0408	0.03	0.0857	0.0577	0.0238	0.169	0.0883
75	0.1370	0.036	0.0257	0.0364	0.0326	0.0462	0.0411	0.0301	0.0861	0.0581	0.0237	0.1689	0.0885
76	0.1328	0.036	0.0256	0.0364	0.0328	0.0464	0.0413	0.0304	0.0871	0.0585	0.0239	0.1703	0.089
77	0.1313	0.0359	0.0257	0.0364	0.0331	0.047	0.0416	0.0305	0.0873	0.0587	0.024	0.1712	0.0895
78	0.1286	0.0363	0.0258	0.0367	0.0332	0.0472	0.0418	0.0306	0.0875	0.0589	0.0241	0.1726	0.09
79	0.1251	0.0365	0.0259	0.0369	0.0334	0.0475	0.0419	0.0306	0.0876	0.059	0.0242	0.173	0.0902
80	0.1248	0.0364	0.0259	0.0368	0.0336	0.0478	0.0422	0.0307	0.088	0.0593	0.0243	0.1735	0.0905
81	0.1216	0.0366	0.026	0.037	0.0337	0.0482	0.0424	0.0308	0.0885	0.0596	0.0244	0.1742	0.0909
82	0.1207	0.0369	0.0263	0.0372	0.0337	0.048	0.0424	0.031	0.089	0.0598	0.0244	0.175	0.0912
83	0.1227	0.0371	0.0264	0.0377	0.034	0.0486	0.0429	0.0312	0.0896	0.0604	0.0245	0.1754	0.0917
84	0.1173	0.0373	0.0265	0.0379	0.0344	0.0491	0.0433	0.0314	0.0903	0.0608	0.0245	0.1762	0.0921
85	0.1171	0.0376	0.0266	0.0381	0.0346	0.0493	0.0436	0.0317	0.0911	0.0613	0.0246	0.1769	0.0925
86	0.1132	0.0373	0.0263	0.0381	0.0347	0.0493	0.0438	0.0317	0.0913	0.0616	0.0247	0.1773	0.0929
87	0.1111	0.0372	0.0265	0.0382	0.0348	0.0495	0.0439	0.0317	0.0912	0.0616	0.0247	0.1777	0.0931
88	0.1126	0.0376	0.0267	0.0384	0.035	0.0498	0.0441	0.032	0.092	0.062	0.0249	0.1786	0.0935
89	0.1071	0.0378	0.027	0.0386	0.0353	0.0504	0.0445	0.0321	0.0926	0.0623	0.0249	0.1791	0.0938
90	0.1059	0.0378	0.0272	0.0387	0.0353	0.0505	0.0445	0.0321	0.0927	0.0623	0.0249	0.1797	0.094
91	0.1080	0.0378	0.0273	0.0388	0.0356	0.0513	0.0449	0.0321	0.0933	0.0627	0.025	0.1798	0.0942
92	0.1059	0.0378	0.0271	0.0388	0.0357	0.0515	0.045	0.0323	0.0938	0.0629	0.025	0.1802	0.0944
93	0.1037	0.0378	0.0272	0.0389	0.0358	0.0515	0.0452	0.0323	0.0937	0.0629	0.0251	0.1808	0.0947
94	0.1018	0.0376	0.0271	0.0387	0.0357	0.0515	0.0451	0.0324	0.0939	0.063	0.0252	0.1814	0.0949
95	0.1018	0.0376	0.0271	0.0387	0.0358	0.0517	0.0452	0.0324	0.0943	0.0631	0.0253	0.1821	0.0952
96	0.0990	0.038	0.0274	0.039	0.0361	0.052	0.0455	0.0325	0.0949	0.0634	0.0253	0.1824	0.0954
97	0.0966	0.038	0.0275	0.0391	0.0363	0.0524	0.0458	0.0326	0.0951	0.0637	0.0254	0.1835	0.0959
98	0.0958	0.0385	0.0278	0.0396	0.0362	0.0525	0.0458	0.0328	0.0954	0.0639	0.0255	0.1841	0.0962
99	0.0951	0.0382	0.0276	0.0394	0.0362	0.0522	0.0458	0.0328	0.0954	0.064	0.0255	0.1843	0.0963
100	0.0945	0.038	0.0274	0.0392	0.0364	0.0527	0.046	0.0326	0.0952	0.0639	0.0255	0.1847	0.0964
101	0.0944	0.0383	0.0276	0.0395	0.0365	0.0529	0.0462	0.0328	0.0957	0.0642	0.0255	0.1849	0.0967
102	0.0936	0.0386	0.028	0.0397	0.0366	0.0529	0.0463	0.0328	0.0961	0.0644	0.0256	0.1852	0.0968
103	0.0906	0.0386	0.0281	0.0398	0.0368	0.053	0.0464	0.0329	0.0963	0.0645	0.0256	0.1854	0.097
104	0.0904	0.0387	0.0282	0.0398	0.0369	0.0533	0.0466	0.033	0.0965	0.0647	0.0257	0.1859	0.0974
105	0.0891	0.0389	0.0283	0.0401	0.037	0.0539	0.0469	0.0331	0.0969	0.065	0.0257	0.1862	0.0976
106	0.0893	0.0392	0.0286	0.0405	0.0371	0.0539	0.0471	0.0332	0.097	0.0653	0.0258	0.1868	0.098
107	0.0879	0.0394	0.0289	0.0408	0.0374	0.0546	0.0476	0.0332	0.0969	0.0654	0.0259	0.1866	0.0982
108	0.0860	0.0396	0.0291	0.0411	0.0375	0.0547	0.0478	0.0332	0.0969	0.0656	0.0259	0.1873	0.0986
109	0.0830	0.04	0.0296	0.0415	0.0377	0.0551	0.0481	0.0333	0.0972	0.0658	0.0259	0.1878	0.0989
110	0.0819	0.04	0.0299	0.0416	0.0378	0.0553	0.0482	0.0334	0.0979	0.0661	0.0259	0.1878	0.0989
111	0.0823	0.04	0.0298	0.0416	0.0379	0.0554	0.0484	0.0335	0.0984	0.0664	0.0259	0.1882	0.0992
112	0.0827	0.04	0.0298	0.0417	0.038	0.0556	0.0485	0.0335	0.0987	0.0666	0.026	0.1884	0.0994
113	0.0789	0.0403	0.03	0.042	0.0381	0.056	0.0488	0.0338	0.0995	0.067	0.026	0.1888	0.0996
114	0.0805	0.0404	0.03	0.0422	0.0384	0.0563	0.0492	0.0337	0.0995	0.0671	0.026	0.1886	0.0998
115	0.0788	0.0405	0.0303	0.0424	0.0385	0.0564	0.0493	0.0338	0.0996	0.0674	0.026	0.1889	0.1001
116	0.0792	0.0406	0.0303	0.0426	0.0387	0.0569	0.0497	0.0339	0.1001	0.0677	0.0261	0.1897	0.1004
117	0.0764	0.0405	0.0303	0.0427	0.0388	0.0571	0.0499	0.034	0.1003	0.0679	0.0261	0.1898	0.1007
118	0.0747	0.0409	0.0306	0.043	0.039	0.0572	0.0502	0.0341	0.1007	0.0682	0.0262	0.1899	0.1009
119	0.0760	0.0411	0.0308	0.0433	0.039	0.0573	0.0503	0.0341	0.1006	0.0683	0.0262	0.1906	0.1012
120	0.0744	0.0412	0.0308	0.0434	0.039	0.0572	0.0503	0.0341	0.1007	0.0684	0.0262	0.1906	0.1013
121	0.0720	0.0414	0.0309	0.0434	0.0392	0.0574	0.0504	0.0342	0.1009	0.0685	0.0263	0.1911	0.1015
122	0.0718	0.0414	0.031	0.0436	0.0391	0.0573	0.0504	0.0343	0.1012	0.0687	0.0263	0.1915	0.1017
123	0.0726	0.0416	0.0312	0.0438	0.0393	0.0576	0.0508	0.0344	0.1014	0.0689	0.0264	0.192	0.1021
124	0.0698	0.0416	0.0312	0.0439	0.0395	0.0578	0.051	0.0345	0.1015	0.0692	0.0264	0.1925	0.1023
125	0.0699	0.0416	0.0312	0.0438	0.0394	0.0577	0.0509	0.0345	0.1018	0.0692	0.0264	0.1927	0.1023
126	0.0697	0.0417	0.0314	0.044	0.0395	0.0576	0.051	0.0345	0.1021	0.0694	0.0265	0.193	0.1026
127	0.0689	0.0417	0.0314	0.0441	0.0396	0.058	0.0512	0.0344	0.1018	0.0693	0.0265	0.193	0.1026
128	0.0668	0.0419	0.0316	0.0443	0.0397	0.0581	0.0513	0.0344	0.1017	0.0694	0.0265	0.1932	0.1028
129	0.0666	0.0422	0.0318	0.0445	0.0399	0.0583	0.0515	0.0346	0.102	0.0696	0.0265	0.1933	0.1029
130	0.0662	0.0423	0.0319	0.0446	0.0398	0.0583	0.0515	0.0346	0.1021	0.0697	0.0265	0.1936	0.1031
131	0.0654	0.0426	0.0323	0.0448	0.0397	0.0579	0.0514	0.0346	0.1019	0.0696	0.0265	0.1935	0.103
132	0.0651	0.0426	0.0321	0.0448	0.0398	0.058	0.0515	0.0347	0.1023	0.0699	0.0265	0.1935	0.1031
133	0.0649	0.043	0.0324	0.0451	0.0399	0.0581	0.0516	0.0347	0.1021	0.0699	0.0266	0.194	0.1034
134	0.0667	0.043	0.0324	0.045	0.0401	0.0586	0.0518	0.0347	0.1023	0.07	0.0266	0.1944	0.1035
135	0.0625	0.0432	0.0326	0.0452	0.0401	0.0586	0.0519	0.0349	0.1028	0.0703	0.0266	0.1941	0.1035
136	0.0620	0.0435	0.0328	0.0454	0.0402	0.0588	0.052	0.0349	0.1027	0.0703	0.0266	0.1943	0.1036
137	0.0623	0.0436	0.033	0.0457	0.0403	0.059	0.0523	0.0351	0.1032	0.0707	0.0266	0.1944	0.1039
138	0.0591	0.0438	0.033	0.046	0.0403	0.059	0.0525	0.0351	0.1035	0.071	0.0266	0.1947	0.1042
139	0.0632	0.0442	0.0333	0.0463	0.0406	0.0594	0.0528	0.0352	0.104	0.0714	0.0267	0.1958	0.1047
140	0.0597	0.0444	0.0336	0.0466	0.0405	0.0594	0.0529	0.0352	0.104	0.0714	0.0267	0.1958	0.1048
141	0.0609	0.0447	0.0339	0.047	0.0407	0.0597	0.0532	0.0353	0.104	0.0717	0.0268	0.1963	0.1052
142	0.0590	0.0446	0.034	0.047	0.0408	0.0599	0.0533	0.0354	0.1045	0.0719	0.0268	0.1966	0.1053
143	0.0575	0.0446	0.0337	0.0469	0.0409	0.0603	0.0534	0.0354	0.1044	0.0719	0.0269	0.1975	0.1056
144	0.0578	0.0444	0.0337	0.0469	0.041	0.0604	0.0536	0.0356	0.1047	0.0722	0.0269	0.1976	0.1058
145	0.0575	0.0444	0.0337	0.0469	0.0411	0.0606	0.0538	0.0355	0.1047	0.0722	0.0269	0.1977	0.1059
146	0.0584	0.0444	0.0337	0.047	0.0415	0.0611	0.0541	0.0356	0.1049	0.0724	0.0269	0.198	0.1061
147	0.0558	0.0447	0.034	0.0473	0.0415	0.0613	0.0544	0.0356	0.105	0.0727	0.0269	0.198	0.1063
148	0.0527	0.0446	0.0342	0.0474	0.0417	0.0615	0.0546	0.0355	0.1046	0.0725	0.0269	0.1978	0.1063
149	0.0558	0.0451	0.0343	0.048	0.042	0.062	0.0551	0.0355	0.1048	0.0729	0.027	0.1982	0.1067
150	0.0546	0.0451	0.0342	0.0478	0.0421	0.0625	0.0551	0.0356	0.105	0.0729	0.027	0.1988	0.1068
