{"n_layers": 1, "device": "cuda", "batch_size": 2048, "embedding_dim": 1024, "learning_rate": 0.0005, "dataset": "dbbook", "epochs": 150, "top_k": 50, "multimodal": true, "datasets": {"dbbook": ["images", "text"], "ml1m": ["audio", "images", "text", "video"]}}
Epoch	Loss	Recall	Precision	NDCG
1	0.6893	0.0353	0.0045	0.0201
2	0.6803	0.0651	0.0086	0.0437
3	0.6702	0.0936	0.0125	0.0647
4	0.6576	0.1198	0.0161	0.0811
5	0.6417	0.1381	0.0188	0.0914
6	0.6215	0.1517	0.0208	0.0974
7	0.5974	0.1614	0.0222	0.1001
8	0.5680	0.1667	0.0231	0.1004
9	0.5356	0.1701	0.0236	0.1002
10	0.5001	0.1708	0.0238	0.0993
11	0.4639	0.1716	0.0239	0.0986
12	0.4281	0.1714	0.0239	0.0975
13	0.3943	0.1712	0.0240	0.0970
14	0.3622	0.1714	0.0241	0.0965
15	0.3335	0.1726	0.0242	0.0967
16	0.3091	0.1743	0.0244	0.0971
17	0.2856	0.1742	0.0245	0.0971
18	0.2651	0.1752	0.0246	0.0974
19	0.2458	0.1754	0.0246	0.0976
20	0.2305	0.1765	0.0247	0.0982
21	0.2162	0.1772	0.0248	0.0987
22	0.2004	0.1780	0.0249	0.0992
23	0.1894	0.1794	0.0251	0.0998
24	0.1778	0.1807	0.0252	0.1005
25	0.1685	0.1814	0.0253	0.1010
26	0.1597	0.1824	0.0254	0.1017
27	0.1516	0.1832	0.0255	0.1022
28	0.1427	0.1846	0.0257	0.1029
29	0.1358	0.1853	0.0258	0.1035
30	0.1277	0.1867	0.0260	0.1043
31	0.1219	0.1879	0.0261	0.1049
32	0.1198	0.1894	0.0262	0.1057
33	0.1117	0.1901	0.0263	0.1062
34	0.1077	0.1911	0.0265	0.1068
35	0.1040	0.1924	0.0266	0.1075
36	0.0982	0.1932	0.0267	0.1082
37	0.0953	0.1947	0.0269	0.1088
38	0.0913	0.1959	0.0270	0.1094
39	0.0874	0.1964	0.0271	0.1100
40	0.0852	0.1980	0.0272	0.1111
41	0.0783	0.1986	0.0274	0.1116
42	0.0785	0.1995	0.0274	0.1121
43	0.0729	0.2000	0.0275	0.1127
44	0.0728	0.2009	0.0276	0.1135
45	0.0701	0.2020	0.0278	0.1143
46	0.0675	0.2028	0.0279	0.1150
47	0.0651	0.2048	0.0280	0.1159
48	0.0630	0.2053	0.0281	0.1163
49	0.0597	0.2060	0.0282	0.1170
50	0.0587	0.2067	0.0283	0.1175
51	0.0572	0.2074	0.0284	0.1180
52	0.0553	0.2085	0.0285	0.1186
53	0.0538	0.2090	0.0286	0.1190
54	0.0519	0.2096	0.0286	0.1194
55	0.0507	0.2100	0.0286	0.1198
56	0.0494	0.2101	0.0287	0.1201
57	0.0476	0.2107	0.0287	0.1204
58	0.0481	0.2110	0.0287	0.1206
59	0.0451	0.2117	0.0288	0.1212
60	0.0446	0.2125	0.0289	0.1216
61	0.0430	0.2131	0.0290	0.1221
62	0.0428	0.2136	0.0290	0.1226
63	0.0418	0.2144	0.0291	0.1232
64	0.0406	0.2144	0.0291	0.1233
65	0.0393	0.2151	0.0292	0.1237
66	0.0387	0.2148	0.0291	0.1237
67	0.0373	0.2152	0.0292	0.1241
68	0.0371	0.2155	0.0292	0.1244
69	0.0362	0.2154	0.0292	0.1245
70	0.0343	0.2161	0.0293	0.1250
71	0.0339	0.2161	0.0293	0.1251
72	0.0326	0.2169	0.0294	0.1256
73	0.0327	0.2170	0.0294	0.1258
74	0.0307	0.2176	0.0295	0.1261
75	0.0316	0.2174	0.0295	0.1264
76	0.0316	0.2172	0.0295	0.1266
77	0.0299	0.2172	0.0295	0.1268
78	0.0300	0.2175	0.0295	0.1270
79	0.0294	0.2175	0.0295	0.1270
80	0.0287	0.2179	0.0295	0.1272
81	0.0275	0.2174	0.0295	0.1272
82	0.0284	0.2178	0.0295	0.1274
83	0.0281	0.2186	0.0296	0.1277
84	0.0277	0.2186	0.0296	0.1278
85	0.0265	0.2191	0.0296	0.1280
86	0.0255	0.2195	0.0296	0.1282
87	0.0251	0.2200	0.0297	0.1284
88	0.0254	0.2196	0.0297	0.1285
89	0.0244	0.2202	0.0297	0.1287
90	0.0238	0.2202	0.0297	0.1289
91	0.0241	0.2204	0.0297	0.1290
92	0.0233	0.2208	0.0298	0.1291
93	0.0229	0.2212	0.0298	0.1294
94	0.0230	0.2215	0.0298	0.1297
95	0.0230	0.2214	0.0298	0.1298
96	0.0218	0.2217	0.0298	0.1300
97	0.0225	0.2219	0.0299	0.1301
98	0.0213	0.2223	0.0299	0.1303
99	0.0215	0.2224	0.0299	0.1304
100	0.0206	0.2225	0.0299	0.1305
101	0.0216	0.2228	0.0299	0.1305
102	0.0205	0.2228	0.0299	0.1307
103	0.0193	0.2228	0.0299	0.1308
104	0.0193	0.2234	0.0299	0.1310
105	0.0196	0.2234	0.0299	0.1313
106	0.0190	0.2236	0.0299	0.1314
107	0.0196	0.2236	0.0299	0.1315
108	0.0187	0.2234	0.0299	0.1315
109	0.0181	0.2229	0.0299	0.1314
110	0.0185	0.2228	0.0299	0.1313
111	0.0179	0.2232	0.0299	0.1315
112	0.0181	0.2236	0.0299	0.1316
113	0.0176	0.2240	0.0299	0.1317
114	0.0174	0.2237	0.0299	0.1317
115	0.0173	0.2238	0.0299	0.1319
116	0.0178	0.2237	0.0298	0.1319
117	0.0172	0.2234	0.0298	0.1318
118	0.0169	0.2239	0.0298	0.1322
119	0.0168	0.2239	0.0298	0.1324
120	0.0163	0.2242	0.0298	0.1325
121	0.0171	0.2243	0.0298	0.1326
122	0.0161	0.2243	0.0298	0.1326
123	0.0168	0.2239	0.0297	0.1326
124	0.0167	0.2240	0.0297	0.1328
125	0.0160	0.2243	0.0298	0.1328
126	0.0155	0.2242	0.0298	0.1328
127	0.0155	0.2248	0.0298	0.1330
128	0.0154	0.2245	0.0298	0.1330
129	0.0155	0.2247	0.0298	0.1331
130	0.0153	0.2251	0.0298	0.1332
131	0.0150	0.2253	0.0299	0.1334
132	0.0155	0.2251	0.0298	0.1333
133	0.0148	0.2254	0.0299	0.1334
134	0.0147	0.2249	0.0298	0.1331
135	0.0148	0.2250	0.0298	0.1331
136	0.0149	0.2249	0.0298	0.1331
137	0.0144	0.2245	0.0297	0.1330
138	0.0145	0.2251	0.0298	0.1332
139	0.0143	0.2255	0.0298	0.1334
140	0.0142	0.2249	0.0298	0.1334
141	0.0144	0.2253	0.0298	0.1335
142	0.0141	0.2254	0.0298	0.1337
143	0.0135	0.2255	0.0298	0.1338
144	0.0137	0.2254	0.0298	0.1338
145	0.0136	0.2257	0.0298	0.1340
146	0.0135	0.2257	0.0298	0.1340
147	0.0139	0.2254	0.0297	0.1339
148	0.0134	0.2255	0.0297	0.1339
149	0.0126	0.2260	0.0298	0.1341
150	0.0138	0.2262	0.0298	0.1343
