{"n_layers": 3, "device": "cuda", "batch_size": 2048, "embedding_dim": 2048, "learning_rate": 0.001, "dataset": "dbbook", "epochs": 150, "model": "ef-mmlgcn", "fusion": "max", "top_k": [5, 10, 20, 50], "seed": 19, "multimodal": true}
Epoch	Loss	Precision@5	Recall@5	NDCG@5	Precision@10	Recall@10	NDCG@10	Precision@20	Recall@20	NDCG@20	Precision@50	Recall@50	NDCG@50
1	0.6795	0.0509	0.0377	0.0584	0.0386	0.0566	0.0578	0.0282	0.0819	0.0677	0.0168	0.123	0.0825
2	0.6325	0.0477	0.0348	0.051	0.0396	0.0563	0.0538	0.0311	0.0886	0.067	0.0211	0.1512	0.0898
3	0.5597	0.0383	0.028	0.0383	0.0338	0.0477	0.0428	0.0281	0.0792	0.056	0.0215	0.1515	0.0825
4	0.4633	0.033	0.0241	0.0315	0.0308	0.0433	0.037	0.0268	0.0744	0.0503	0.0207	0.1444	0.0761
5	0.3700	0.0312	0.0224	0.0296	0.0296	0.0411	0.0351	0.026	0.0712	0.0481	0.0206	0.1432	0.0745
6	0.3047	0.0309	0.0222	0.0293	0.0299	0.0417	0.0352	0.0262	0.0715	0.0481	0.0208	0.1434	0.0745
7	0.2599	0.0316	0.0228	0.0298	0.0304	0.0425	0.0358	0.0263	0.0719	0.0485	0.021	0.1448	0.0754
8	0.2311	0.0334	0.0244	0.0316	0.031	0.0434	0.0368	0.0271	0.0743	0.0501	0.0214	0.1482	0.0773
9	0.2067	0.0357	0.0259	0.0337	0.032	0.0447	0.0383	0.0277	0.0762	0.0518	0.0219	0.1513	0.0795
10	0.1867	0.0366	0.0266	0.0349	0.0331	0.0461	0.0397	0.0284	0.0786	0.0536	0.0225	0.1564	0.0822
11	0.1662	0.0378	0.0273	0.0367	0.0342	0.0479	0.0417	0.0292	0.0815	0.0559	0.0229	0.16	0.0848
12	0.1534	0.0396	0.0287	0.0388	0.0354	0.0498	0.0437	0.0298	0.0838	0.0579	0.0236	0.1648	0.0878
13	0.1408	0.0413	0.03	0.0405	0.0363	0.051	0.0451	0.0306	0.0858	0.0598	0.0241	0.1698	0.0905
14	0.1278	0.0418	0.0304	0.0416	0.0369	0.0522	0.0465	0.0312	0.0885	0.0617	0.0246	0.1737	0.093
15	0.1180	0.0432	0.0317	0.0429	0.0381	0.0544	0.048	0.032	0.0909	0.0634	0.0251	0.1782	0.0954
16	0.1069	0.0448	0.0332	0.0447	0.0388	0.0556	0.0494	0.0326	0.0925	0.0649	0.0256	0.182	0.0976
17	0.1029	0.0455	0.0339	0.0462	0.0397	0.0572	0.0511	0.0333	0.0951	0.067	0.026	0.1852	0.1
18	0.0965	0.0468	0.0348	0.0482	0.0406	0.0587	0.053	0.0341	0.0975	0.0694	0.0264	0.1889	0.1028
19	0.0876	0.0477	0.036	0.0494	0.0414	0.06	0.0543	0.0347	0.0992	0.0709	0.0268	0.192	0.1047
20	0.0847	0.0493	0.0372	0.0511	0.0427	0.0625	0.0563	0.0354	0.1016	0.0728	0.0273	0.1967	0.1072
21	0.0775	0.0494	0.0373	0.0519	0.0436	0.0639	0.0577	0.0362	0.1038	0.0746	0.0276	0.1991	0.109
22	0.0744	0.0516	0.0394	0.0543	0.0446	0.0654	0.0594	0.0369	0.106	0.0764	0.0279	0.2017	0.111
23	0.0684	0.0518	0.0395	0.0545	0.0447	0.0658	0.0598	0.0373	0.1071	0.0773	0.028	0.2036	0.112
24	0.0660	0.0524	0.0401	0.0557	0.0455	0.0668	0.061	0.0377	0.1086	0.0786	0.0282	0.2055	0.1135
25	0.0609	0.0537	0.0408	0.0568	0.0459	0.067	0.0616	0.0379	0.1096	0.0795	0.0285	0.2073	0.1148
26	0.0575	0.0544	0.0415	0.0578	0.0465	0.0683	0.0628	0.0384	0.1109	0.0807	0.0287	0.2088	0.116
27	0.0559	0.055	0.0418	0.0584	0.0472	0.0695	0.0637	0.0387	0.1124	0.0817	0.0289	0.2106	0.1172
28	0.0541	0.0558	0.0424	0.0597	0.0474	0.0698	0.0646	0.039	0.1135	0.0829	0.0291	0.2129	0.1187
29	0.0503	0.0561	0.0429	0.0603	0.0477	0.0705	0.0653	0.0393	0.1148	0.0838	0.0292	0.2145	0.1197
30	0.0490	0.0567	0.0435	0.0609	0.0478	0.0706	0.0656	0.0395	0.1158	0.0844	0.0293	0.2149	0.1202
31	0.0482	0.0573	0.0438	0.0616	0.0482	0.0714	0.0663	0.0398	0.1171	0.0853	0.0295	0.2169	0.1213
32	0.0453	0.0581	0.0445	0.0627	0.0487	0.0723	0.0673	0.04	0.118	0.0862	0.0296	0.2176	0.1223
33	0.0449	0.0589	0.0451	0.0636	0.049	0.0729	0.068	0.0403	0.119	0.0872	0.0297	0.2189	0.1233
34	0.0401	0.0592	0.0456	0.0643	0.0495	0.0742	0.0691	0.0404	0.1195	0.0879	0.0298	0.2199	0.1242
35	0.0404	0.0591	0.0459	0.0648	0.0495	0.0743	0.0695	0.0406	0.1201	0.0885	0.0299	0.2206	0.1249
36	0.0379	0.0593	0.046	0.0649	0.0498	0.0748	0.0698	0.0407	0.1208	0.089	0.03	0.2217	0.1255
37	0.0384	0.0597	0.0461	0.0652	0.0502	0.0756	0.0703	0.0408	0.1213	0.0893	0.0301	0.2224	0.1259
38	0.0358	0.0604	0.0469	0.066	0.0505	0.076	0.0708	0.0409	0.1218	0.0898	0.0301	0.2226	0.1263
39	0.0361	0.0609	0.0473	0.0667	0.0504	0.0759	0.071	0.0411	0.1226	0.0903	0.0301	0.2231	0.1268
40	0.0335	0.0613	0.0475	0.0671	0.0507	0.0766	0.0714	0.0413	0.1241	0.0909	0.0301	0.2229	0.1269
41	0.0342	0.0616	0.0477	0.0674	0.0511	0.0768	0.0718	0.0416	0.1248	0.0915	0.0302	0.2242	0.1275
42	0.0321	0.0619	0.0479	0.0678	0.0512	0.0772	0.0722	0.0416	0.1252	0.0919	0.0302	0.2245	0.128
43	0.0315	0.0623	0.0487	0.0683	0.0517	0.0779	0.0728	0.0417	0.1256	0.0923	0.0303	0.2251	0.1284
44	0.0293	0.0625	0.049	0.0686	0.0519	0.0788	0.0733	0.0419	0.1263	0.0928	0.0303	0.2254	0.1288
45	0.0287	0.0625	0.0491	0.0688	0.0519	0.079	0.0735	0.0421	0.1272	0.0933	0.0303	0.2255	0.129
46	0.0292	0.0625	0.0491	0.0689	0.052	0.0792	0.0738	0.0423	0.1278	0.0938	0.0303	0.226	0.1294
47	0.0277	0.0628	0.0493	0.0691	0.0526	0.0801	0.0744	0.0425	0.1286	0.0941	0.0304	0.2264	0.1297
48	0.0272	0.0623	0.049	0.0689	0.0529	0.081	0.0748	0.0424	0.1285	0.0942	0.0305	0.2274	0.1301
49	0.0272	0.0627	0.0491	0.0694	0.0534	0.0818	0.0755	0.0424	0.1292	0.0947	0.0305	0.228	0.1306
50	0.0267	0.0626	0.0491	0.0694	0.0536	0.082	0.0757	0.0427	0.1299	0.0951	0.0305	0.2282	0.1308
51	0.0258	0.0626	0.0495	0.0697	0.0537	0.082	0.076	0.0428	0.1306	0.0956	0.0304	0.2283	0.131
52	0.0247	0.0636	0.0502	0.0708	0.0539	0.0825	0.0766	0.0429	0.1314	0.0963	0.0305	0.2289	0.1316
53	0.0247	0.0642	0.0505	0.0715	0.054	0.0826	0.077	0.0431	0.1318	0.0968	0.0304	0.2284	0.1319
54	0.0241	0.0644	0.0509	0.0722	0.0542	0.0833	0.0778	0.0431	0.132	0.0974	0.0303	0.2282	0.1323
55	0.0243	0.0646	0.051	0.0725	0.0544	0.0837	0.0782	0.0431	0.132	0.0977	0.0303	0.2284	0.1325
56	0.0236	0.0649	0.0514	0.0728	0.0544	0.0843	0.0784	0.0433	0.1329	0.0981	0.0304	0.2285	0.1327
57	0.0234	0.0647	0.0512	0.0726	0.0545	0.0841	0.0784	0.0432	0.1334	0.0982	0.0304	0.229	0.1329
58	0.0218	0.0645	0.051	0.0724	0.0543	0.0842	0.0783	0.0432	0.1334	0.0981	0.0304	0.2292	0.1329
59	0.0224	0.0647	0.0512	0.0727	0.0545	0.0846	0.0786	0.043	0.133	0.0981	0.0304	0.2297	0.1332
60	0.0215	0.0647	0.0511	0.0726	0.0545	0.0847	0.0785	0.0431	0.133	0.0981	0.0305	0.23	0.1333
61	0.0209	0.0649	0.0514	0.0728	0.0548	0.085	0.0788	0.0431	0.1334	0.0983	0.0305	0.2308	0.1336
62	0.0202	0.0646	0.0512	0.0726	0.0547	0.0853	0.0788	0.0433	0.134	0.0985	0.0306	0.2308	0.1336
63	0.0206	0.0649	0.0516	0.0725	0.0545	0.0851	0.0785	0.0431	0.1331	0.098	0.0305	0.2299	0.1331
64	0.0206	0.0648	0.0512	0.0724	0.0546	0.0851	0.0786	0.0431	0.1336	0.0982	0.0304	0.2296	0.1331
65	0.0196	0.0655	0.0517	0.0731	0.0546	0.0852	0.0788	0.0431	0.1341	0.0985	0.0305	0.2302	0.1335
66	0.0197	0.0655	0.052	0.0733	0.0548	0.0858	0.0791	0.0433	0.1342	0.0987	0.0305	0.2306	0.1337
67	0.0194	0.0658	0.0522	0.0735	0.055	0.0861	0.0793	0.0433	0.1347	0.0989	0.0305	0.2304	0.1337
68	0.0191	0.066	0.0523	0.0738	0.055	0.0859	0.0795	0.0432	0.1339	0.0989	0.0304	0.2303	0.1338
69	0.0189	0.066	0.0521	0.074	0.055	0.0864	0.0798	0.0433	0.1339	0.0991	0.0304	0.2308	0.1342
70	0.0181	0.066	0.052	0.0739	0.0552	0.0868	0.08	0.0434	0.1344	0.0993	0.0304	0.2299	0.1339
71	0.0187	0.0662	0.0525	0.0742	0.0551	0.0863	0.0799	0.0434	0.1344	0.0994	0.0305	0.2304	0.1342
72	0.0189	0.0662	0.0528	0.0742	0.0552	0.0865	0.0799	0.0434	0.1345	0.0993	0.0304	0.2305	0.1341
73	0.0184	0.0665	0.0529	0.0744	0.0549	0.086	0.0797	0.0435	0.1346	0.0994	0.0303	0.2302	0.134
74	0.0173	0.0666	0.0528	0.0744	0.0549	0.0858	0.0796	0.0433	0.1341	0.0992	0.0303	0.2295	0.1337
75	0.0185	0.0663	0.0526	0.0742	0.0549	0.0858	0.0796	0.0433	0.134	0.0991	0.0302	0.2294	0.1335
76	0.0174	0.066	0.0524	0.074	0.0546	0.0857	0.0794	0.0432	0.1339	0.0989	0.0303	0.2301	0.1336
77	0.0179	0.0663	0.0526	0.0743	0.0542	0.0852	0.0791	0.0434	0.1347	0.0993	0.0302	0.2295	0.1335
78	0.0174	0.0667	0.0532	0.0747	0.0544	0.0856	0.0794	0.0434	0.1351	0.0994	0.0301	0.2292	0.1335
79	0.0173	0.0666	0.0531	0.0747	0.0543	0.0859	0.0795	0.0433	0.135	0.0994	0.0301	0.2291	0.1335
80	0.0174	0.0668	0.0534	0.075	0.0547	0.0865	0.0799	0.0433	0.135	0.0996	0.0302	0.2297	0.1339
81	0.0169	0.067	0.0536	0.0751	0.0549	0.0869	0.08	0.0434	0.1356	0.0997	0.0301	0.2291	0.1336
82	0.0159	0.0672	0.0537	0.0754	0.055	0.0868	0.0802	0.0434	0.1356	0.0999	0.0301	0.2287	0.1337
83	0.0168	0.0671	0.0536	0.0752	0.0549	0.0867	0.0801	0.0436	0.136	0.1	0.03	0.2286	0.1335
84	0.0164	0.0668	0.0534	0.0751	0.0551	0.087	0.0803	0.0436	0.1362	0.1002	0.03	0.2287	0.1336
85	0.0164	0.0669	0.0536	0.0752	0.0548	0.0863	0.08	0.0435	0.1358	0.1	0.03	0.229	0.1337
86	0.0160	0.0664	0.0533	0.0749	0.0548	0.0864	0.0801	0.0437	0.1366	0.1004	0.03	0.2293	0.1339
87	0.0162	0.0666	0.0535	0.075	0.0549	0.0864	0.0801	0.0437	0.1368	0.1005	0.0301	0.2297	0.1341
88	0.0166	0.0669	0.0536	0.0753	0.0551	0.0869	0.0805	0.0436	0.1369	0.1006	0.0301	0.2298	0.1342
89	0.0160	0.0671	0.0539	0.0756	0.055	0.0869	0.0806	0.0435	0.1368	0.1007	0.0301	0.2298	0.1344
90	0.0162	0.0671	0.0541	0.0758	0.055	0.0868	0.0808	0.0436	0.1369	0.101	0.0301	0.2295	0.1345
91	0.0150	0.0676	0.0544	0.0763	0.0549	0.0866	0.0808	0.0436	0.1365	0.101	0.03	0.2289	0.1345
92	0.0152	0.0671	0.0541	0.076	0.0549	0.0868	0.0809	0.0435	0.1365	0.1009	0.03	0.2292	0.1345
93	0.0160	0.0668	0.054	0.0758	0.0551	0.0871	0.081	0.0436	0.137	0.1012	0.03	0.2291	0.1346
94	0.0160	0.0671	0.0541	0.076	0.0551	0.087	0.081	0.0437	0.1368	0.1011	0.0299	0.229	0.1344
95	0.0156	0.0678	0.0549	0.0766	0.0552	0.0873	0.0812	0.0436	0.1364	0.1011	0.0299	0.2292	0.1346
96	0.0152	0.0674	0.0545	0.0761	0.0552	0.0874	0.081	0.0436	0.1366	0.1009	0.03	0.2295	0.1345
97	0.0150	0.0674	0.0545	0.0758	0.055	0.0872	0.0807	0.0435	0.1364	0.1007	0.03	0.2297	0.1344
98	0.0153	0.068	0.0548	0.0763	0.0549	0.087	0.0808	0.0437	0.1371	0.1011	0.03	0.23	0.1346
99	0.0148	0.0681	0.0552	0.0767	0.055	0.0872	0.081	0.0438	0.1378	0.1014	0.03	0.23	0.1347
100	0.0152	0.0688	0.0558	0.0774	0.055	0.0871	0.0813	0.0438	0.1375	0.1017	0.0299	0.23	0.135
101	0.0148	0.0685	0.0554	0.0773	0.0552	0.0875	0.0815	0.0436	0.1373	0.1016	0.03	0.2301	0.1351
102	0.0148	0.069	0.0556	0.0776	0.0552	0.0872	0.0814	0.0438	0.1382	0.1019	0.0299	0.2294	0.1349
103	0.0151	0.0691	0.0555	0.0777	0.0552	0.0873	0.0815	0.0438	0.1379	0.1019	0.0298	0.2289	0.1348
104	0.0147	0.0691	0.0555	0.0779	0.055	0.0873	0.0817	0.0436	0.1375	0.1019	0.0298	0.2286	0.1348
105	0.0141	0.0687	0.0553	0.0778	0.0547	0.0863	0.0813	0.0435	0.1373	0.1018	0.0297	0.2286	0.1347
106	0.0148	0.0691	0.0556	0.078	0.0549	0.087	0.0816	0.0435	0.1371	0.1018	0.0297	0.2287	0.1348
107	0.0145	0.0691	0.0557	0.0779	0.0551	0.0873	0.0816	0.0435	0.1373	0.1017	0.0298	0.2292	0.1349
108	0.0146	0.0692	0.0556	0.0782	0.0552	0.0877	0.082	0.0435	0.1371	0.1019	0.0298	0.2289	0.1351
109	0.0152	0.0694	0.056	0.0785	0.0554	0.088	0.0823	0.0436	0.1375	0.1022	0.0298	0.2294	0.1354
110	0.0146	0.0697	0.0563	0.0788	0.0551	0.0873	0.0821	0.0436	0.1377	0.1024	0.0298	0.2291	0.1354
111	0.0140	0.0698	0.0563	0.0787	0.0552	0.0873	0.082	0.0437	0.1382	0.1024	0.0298	0.2293	0.1353
112	0.0145	0.0699	0.0563	0.0788	0.0552	0.0875	0.0822	0.0435	0.1379	0.1024	0.0297	0.2284	0.1351
113	0.0143	0.0692	0.056	0.0786	0.0552	0.0876	0.0823	0.0436	0.1378	0.1025	0.0296	0.2281	0.135
114	0.0143	0.0696	0.0566	0.0787	0.0551	0.0875	0.0821	0.0437	0.1381	0.1024	0.0296	0.2278	0.1348
115	0.0143	0.0693	0.0561	0.0785	0.0552	0.0876	0.0822	0.0435	0.1377	0.1022	0.0296	0.2282	0.1349
116	0.0138	0.0694	0.0561	0.0787	0.0553	0.0878	0.0824	0.0436	0.1382	0.1026	0.0296	0.2276	0.1349
117	0.0138	0.0695	0.056	0.0786	0.0553	0.0877	0.0823	0.0436	0.1382	0.1025	0.0295	0.2274	0.1348
118	0.0147	0.0698	0.0561	0.0788	0.0552	0.0878	0.0823	0.0435	0.1378	0.1023	0.0295	0.2274	0.1347
119	0.0142	0.0696	0.0563	0.0789	0.0555	0.0883	0.0827	0.0434	0.1375	0.1023	0.0295	0.2276	0.1349
120	0.0137	0.0694	0.0561	0.0787	0.0554	0.0887	0.0827	0.0435	0.1373	0.1023	0.0295	0.2278	0.1349
121	0.0134	0.0694	0.056	0.0786	0.0553	0.088	0.0823	0.0435	0.1374	0.1022	0.0295	0.2279	0.1348
122	0.0133	0.0694	0.0562	0.0787	0.0554	0.0883	0.0825	0.0435	0.1375	0.1023	0.0295	0.2279	0.1348
123	0.0140	0.069	0.0558	0.0783	0.0555	0.0883	0.0824	0.0436	0.1376	0.1022	0.0295	0.2276	0.1346
124	0.0137	0.0688	0.0557	0.0782	0.0557	0.0891	0.0828	0.0435	0.1379	0.1023	0.0295	0.2277	0.1347
125	0.0132	0.0684	0.0558	0.0779	0.0553	0.0881	0.0822	0.0433	0.1372	0.1019	0.0295	0.2275	0.1345
126	0.0131	0.0685	0.0558	0.078	0.0551	0.0877	0.0821	0.0433	0.1371	0.1019	0.0294	0.2265	0.1342
127	0.0140	0.0685	0.056	0.0782	0.0552	0.088	0.0823	0.0433	0.1372	0.1021	0.0294	0.2264	0.1343
128	0.0132	0.0688	0.0561	0.0781	0.0551	0.088	0.0821	0.0434	0.1378	0.1021	0.0294	0.2268	0.1342
129	0.0140	0.0684	0.0556	0.0778	0.0551	0.0881	0.0822	0.0435	0.138	0.1022	0.0294	0.2269	0.1343
130	0.0138	0.0681	0.055	0.0775	0.0549	0.0877	0.0819	0.0432	0.1373	0.1019	0.0294	0.2271	0.1343
131	0.0128	0.0679	0.0549	0.0774	0.0552	0.0879	0.0821	0.0432	0.1375	0.1019	0.0294	0.2271	0.1342
132	0.0134	0.068	0.055	0.0775	0.0553	0.0883	0.0823	0.0432	0.1375	0.102	0.0294	0.2271	0.1343
133	0.0138	0.0687	0.0555	0.078	0.0555	0.0886	0.0825	0.0434	0.1378	0.1022	0.0294	0.2268	0.1343
134	0.0134	0.0688	0.0556	0.0782	0.0554	0.0889	0.0826	0.0434	0.138	0.1023	0.0294	0.2269	0.1344
135	0.0130	0.0686	0.0553	0.0779	0.0554	0.0887	0.0825	0.0433	0.1376	0.1021	0.0294	0.2268	0.1343
136	0.0127	0.0683	0.0551	0.0777	0.0553	0.0885	0.0823	0.0432	0.1374	0.1019	0.0293	0.2266	0.1341
137	0.0133	0.0685	0.0551	0.0777	0.0551	0.0885	0.0822	0.0432	0.1375	0.1019	0.0294	0.2269	0.1341
138	0.0139	0.0684	0.0551	0.0774	0.0549	0.0882	0.0818	0.0432	0.1378	0.1017	0.0293	0.2268	0.1339
139	0.0134	0.0687	0.0555	0.0777	0.0547	0.0877	0.0817	0.0433	0.1381	0.1019	0.0293	0.2264	0.1338
140	0.0139	0.069	0.0559	0.0779	0.0549	0.0881	0.0818	0.0434	0.1385	0.102	0.0293	0.2263	0.1337
141	0.0136	0.0693	0.0561	0.0782	0.0549	0.088	0.0819	0.0434	0.1384	0.1021	0.0293	0.2264	0.1339
142	0.0127	0.0691	0.0558	0.078	0.0548	0.0878	0.0818	0.0434	0.1385	0.1021	0.0293	0.2272	0.134
143	0.0131	0.069	0.0558	0.0781	0.0548	0.0879	0.0819	0.0433	0.138	0.102	0.0294	0.2277	0.1343
144	0.0133	0.069	0.0559	0.078	0.0547	0.0878	0.0817	0.0432	0.1381	0.1018	0.0294	0.2275	0.134
145	0.0126	0.0689	0.0558	0.0779	0.0549	0.0877	0.0818	0.0432	0.1378	0.1018	0.0294	0.2277	0.1342
146	0.0133	0.069	0.0562	0.0785	0.0549	0.0876	0.0821	0.0432	0.1377	0.102	0.0293	0.2272	0.1343
147	0.0137	0.0693	0.0564	0.0787	0.0548	0.0874	0.082	0.0431	0.1374	0.1019	0.0293	0.2269	0.1341
148	0.0129	0.0694	0.0564	0.0787	0.0548	0.0875	0.082	0.0431	0.1372	0.1018	0.0292	0.2264	0.134
149	0.0133	0.0694	0.0564	0.0788	0.055	0.0878	0.0822	0.0431	0.1375	0.1019	0.0293	0.227	0.1341
150	0.0135	0.0689	0.056	0.0785	0.0549	0.0875	0.082	0.0431	0.1374	0.1018	0.0292	0.2267	0.134
