{"n_layers": 0, "device": "cuda", "batch_size": 2048, "embedding_dim": 64, "learning_rate": 0.0005, "dataset": "dbbook", "epochs": 150, "top_k": 10, "multimodal": false, "datasets": {"dbbook": ["images", "text"], "ml1m": ["audio", "images", "text", "video"]}}
Epoch	Loss	Recall	Precision	NDCG
1	0.6931	0.0023	0.0014	0.0018
2	0.6927	0.0025	0.0015	0.0020
3	0.6922	0.0037	0.0023	0.0030
4	0.6917	0.0050	0.0032	0.0044
5	0.6910	0.0076	0.0053	0.0074
6	0.6902	0.0115	0.0079	0.0113
7	0.6891	0.0153	0.0106	0.0153
8	0.6876	0.0196	0.0137	0.0194
9	0.6856	0.0230	0.0162	0.0228
10	0.6831	0.0260	0.0186	0.0260
11	0.6798	0.0286	0.0205	0.0282
12	0.6758	0.0322	0.0229	0.0310
13	0.6707	0.0349	0.0246	0.0331
14	0.6648	0.0373	0.0260	0.0352
15	0.6577	0.0385	0.0270	0.0364
16	0.6494	0.0397	0.0276	0.0377
17	0.6400	0.0406	0.0284	0.0387
18	0.6295	0.0424	0.0293	0.0400
19	0.6181	0.0435	0.0302	0.0412
20	0.6055	0.0446	0.0309	0.0422
21	0.5919	0.0454	0.0314	0.0430
22	0.5782	0.0459	0.0318	0.0437
23	0.5639	0.0462	0.0321	0.0441
24	0.5487	0.0469	0.0325	0.0446
25	0.5335	0.0475	0.0328	0.0451
26	0.5184	0.0474	0.0329	0.0454
27	0.5038	0.0475	0.0330	0.0455
28	0.4886	0.0476	0.0331	0.0460
29	0.4740	0.0487	0.0335	0.0467
30	0.4604	0.0488	0.0336	0.0470
31	0.4465	0.0489	0.0337	0.0473
32	0.4325	0.0489	0.0337	0.0474
33	0.4202	0.0492	0.0340	0.0477
34	0.4080	0.0492	0.0340	0.0478
35	0.3963	0.0493	0.0341	0.0481
36	0.3856	0.0493	0.0342	0.0483
37	0.3754	0.0491	0.0341	0.0482
38	0.3651	0.0494	0.0342	0.0483
39	0.3557	0.0495	0.0342	0.0483
40	0.3469	0.0501	0.0345	0.0488
41	0.3376	0.0502	0.0346	0.0489
42	0.3298	0.0504	0.0346	0.0491
43	0.3215	0.0508	0.0348	0.0494
44	0.3144	0.0513	0.0351	0.0497
45	0.3076	0.0513	0.0352	0.0497
46	0.3016	0.0518	0.0354	0.0501
47	0.2944	0.0520	0.0355	0.0504
48	0.2875	0.0521	0.0355	0.0506
49	0.2816	0.0523	0.0357	0.0507
50	0.2752	0.0527	0.0359	0.0509
51	0.2700	0.0531	0.0361	0.0513
52	0.2638	0.0531	0.0360	0.0514
53	0.2596	0.0530	0.0361	0.0514
54	0.2527	0.0531	0.0361	0.0514
55	0.2479	0.0535	0.0363	0.0517
56	0.2420	0.0533	0.0362	0.0517
57	0.2394	0.0532	0.0363	0.0518
58	0.2334	0.0533	0.0364	0.0519
59	0.2292	0.0536	0.0365	0.0520
60	0.2271	0.0538	0.0365	0.0521
61	0.2208	0.0542	0.0366	0.0523
62	0.2195	0.0538	0.0365	0.0521
63	0.2113	0.0540	0.0366	0.0523
64	0.2098	0.0541	0.0365	0.0523
65	0.2056	0.0543	0.0365	0.0524
66	0.2023	0.0539	0.0364	0.0524
67	0.1984	0.0542	0.0366	0.0526
68	0.1951	0.0544	0.0367	0.0527
69	0.1922	0.0546	0.0369	0.0531
70	0.1883	0.0550	0.0370	0.0533
71	0.1854	0.0547	0.0370	0.0535
72	0.1812	0.0550	0.0371	0.0537
73	0.1791	0.0549	0.0371	0.0536
74	0.1752	0.0548	0.0370	0.0535
75	0.1728	0.0550	0.0372	0.0538
76	0.1682	0.0553	0.0373	0.0538
77	0.1675	0.0557	0.0375	0.0541
78	0.1651	0.0559	0.0377	0.0544
79	0.1624	0.0556	0.0378	0.0543
80	0.1594	0.0553	0.0376	0.0542
81	0.1568	0.0555	0.0376	0.0543
82	0.1541	0.0557	0.0377	0.0545
83	0.1498	0.0560	0.0379	0.0547
84	0.1482	0.0559	0.0380	0.0548
85	0.1455	0.0564	0.0381	0.0551
86	0.1431	0.0563	0.0380	0.0551
87	0.1406	0.0564	0.0380	0.0552
88	0.1390	0.0566	0.0383	0.0554
89	0.1359	0.0566	0.0382	0.0553
90	0.1348	0.0564	0.0382	0.0551
91	0.1330	0.0564	0.0382	0.0552
92	0.1307	0.0565	0.0382	0.0553
93	0.1279	0.0563	0.0381	0.0552
94	0.1240	0.0565	0.0382	0.0555
95	0.1247	0.0567	0.0383	0.0555
96	0.1197	0.0573	0.0386	0.0558
97	0.1190	0.0575	0.0388	0.0560
98	0.1174	0.0572	0.0386	0.0559
99	0.1153	0.0572	0.0387	0.0560
100	0.1146	0.0576	0.0388	0.0562
101	0.1122	0.0575	0.0388	0.0562
102	0.1109	0.0575	0.0388	0.0563
103	0.1093	0.0575	0.0388	0.0565
104	0.1088	0.0574	0.0387	0.0564
105	0.1056	0.0576	0.0388	0.0567
106	0.1034	0.0578	0.0389	0.0568
107	0.1019	0.0582	0.0393	0.0570
108	0.1010	0.0586	0.0394	0.0572
109	0.0981	0.0587	0.0394	0.0574
110	0.0996	0.0588	0.0394	0.0574
111	0.0973	0.0585	0.0392	0.0572
112	0.0960	0.0581	0.0391	0.0570
113	0.0933	0.0584	0.0392	0.0572
114	0.0915	0.0586	0.0393	0.0573
115	0.0906	0.0588	0.0394	0.0574
116	0.0896	0.0589	0.0395	0.0574
117	0.0876	0.0588	0.0394	0.0574
118	0.0874	0.0590	0.0395	0.0575
119	0.0855	0.0590	0.0395	0.0575
120	0.0842	0.0591	0.0395	0.0575
121	0.0834	0.0589	0.0395	0.0575
122	0.0820	0.0591	0.0395	0.0576
123	0.0808	0.0592	0.0396	0.0576
124	0.0788	0.0596	0.0398	0.0579
125	0.0791	0.0595	0.0397	0.0579
126	0.0771	0.0596	0.0398	0.0579
127	0.0777	0.0597	0.0399	0.0580
128	0.0748	0.0596	0.0398	0.0580
129	0.0741	0.0596	0.0399	0.0580
130	0.0726	0.0596	0.0398	0.0581
131	0.0728	0.0598	0.0399	0.0582
132	0.0708	0.0597	0.0399	0.0582
133	0.0720	0.0597	0.0399	0.0581
134	0.0704	0.0596	0.0398	0.0579
135	0.0691	0.0596	0.0398	0.0579
136	0.0686	0.0594	0.0397	0.0579
137	0.0666	0.0594	0.0397	0.0580
138	0.0663	0.0594	0.0398	0.0580
139	0.0643	0.0599	0.0398	0.0580
140	0.0637	0.0601	0.0399	0.0582
141	0.0635	0.0602	0.0399	0.0583
142	0.0629	0.0601	0.0399	0.0583
143	0.0631	0.0603	0.0401	0.0585
144	0.0615	0.0603	0.0401	0.0586
145	0.0612	0.0604	0.0402	0.0589
146	0.0616	0.0606	0.0404	0.0590
147	0.0591	0.0607	0.0404	0.0590
148	0.0587	0.0607	0.0404	0.0591
149	0.0573	0.0608	0.0405	0.0593
150	0.0586	0.0607	0.0405	0.0592
