{"n_layers": 0, "device": "cuda", "batch_size": 2048, "embedding_dim": 1024, "learning_rate": 0.001, "dataset": "dbbook", "epochs": 150, "top_k": 50, "multimodal": true, "datasets": {"dbbook": ["images", "text"], "ml1m": ["audio", "images", "text", "video"]}}
Epoch	Loss	Recall	Precision	NDCG
1	0.6932	0.0117	0.0015	0.0055
2	0.6851	0.0244	0.0033	0.0135
3	0.6758	0.0678	0.0092	0.0447
4	0.6611	0.1272	0.0173	0.0811
5	0.6377	0.1602	0.0220	0.1011
6	0.6021	0.1766	0.0244	0.1105
7	0.5529	0.1844	0.0254	0.1140
8	0.4930	0.1863	0.0259	0.1151
9	0.4288	0.1882	0.0262	0.1161
10	0.3669	0.1898	0.0264	0.1174
11	0.3123	0.1916	0.0265	0.1190
12	0.2671	0.1936	0.0269	0.1205
13	0.2293	0.1956	0.0271	0.1217
14	0.1979	0.1965	0.0272	0.1224
15	0.1725	0.1977	0.0274	0.1235
16	0.1511	0.2004	0.0276	0.1250
17	0.1329	0.2015	0.0278	0.1257
18	0.1171	0.2034	0.0279	0.1265
19	0.1042	0.2059	0.0282	0.1278
20	0.0937	0.2070	0.0283	0.1285
21	0.0835	0.2080	0.0284	0.1293
22	0.0756	0.2091	0.0285	0.1299
23	0.0689	0.2098	0.0286	0.1307
24	0.0621	0.2103	0.0287	0.1312
25	0.0562	0.2101	0.0287	0.1313
26	0.0524	0.2116	0.0287	0.1317
27	0.0486	0.2122	0.0288	0.1323
28	0.0447	0.2133	0.0289	0.1327
29	0.0412	0.2139	0.0289	0.1333
30	0.0392	0.2145	0.0289	0.1338
31	0.0361	0.2153	0.0290	0.1342
32	0.0340	0.2160	0.0291	0.1346
33	0.0311	0.2159	0.0290	0.1346
34	0.0303	0.2171	0.0292	0.1355
35	0.0281	0.2177	0.0292	0.1359
36	0.0269	0.2182	0.0293	0.1362
37	0.0251	0.2184	0.0293	0.1363
38	0.0244	0.2185	0.0293	0.1365
39	0.0232	0.2188	0.0293	0.1365
40	0.0218	0.2193	0.0294	0.1371
41	0.0212	0.2190	0.0294	0.1370
42	0.0198	0.2196	0.0294	0.1371
43	0.0195	0.2199	0.0294	0.1373
44	0.0187	0.2199	0.0294	0.1376
45	0.0180	0.2203	0.0294	0.1373
46	0.0181	0.2203	0.0294	0.1374
47	0.0167	0.2213	0.0294	0.1375
48	0.0166	0.2211	0.0294	0.1375
49	0.0159	0.2210	0.0294	0.1374
50	0.0151	0.2210	0.0294	0.1377
51	0.0147	0.2215	0.0295	0.1380
52	0.0151	0.2218	0.0295	0.1379
53	0.0141	0.2222	0.0295	0.1378
54	0.0137	0.2225	0.0296	0.1380
55	0.0132	0.2232	0.0296	0.1385
56	0.0131	0.2237	0.0297	0.1386
57	0.0128	0.2236	0.0297	0.1388
58	0.0128	0.2237	0.0297	0.1394
59	0.0123	0.2235	0.0297	0.1395
60	0.0121	0.2230	0.0296	0.1394
61	0.0119	0.2233	0.0297	0.1395
62	0.0120	0.2236	0.0297	0.1396
63	0.0109	0.2233	0.0297	0.1395
64	0.0111	0.2238	0.0298	0.1398
65	0.0110	0.2239	0.0298	0.1398
66	0.0110	0.2243	0.0298	0.1401
67	0.0108	0.2245	0.0298	0.1403
68	0.0102	0.2245	0.0298	0.1402
69	0.0108	0.2239	0.0297	0.1398
70	0.0100	0.2242	0.0297	0.1399
71	0.0101	0.2242	0.0297	0.1399
72	0.0105	0.2249	0.0297	0.1404
73	0.0100	0.2251	0.0298	0.1406
74	0.0100	0.2245	0.0297	0.1405
75	0.0096	0.2247	0.0298	0.1404
76	0.0096	0.2246	0.0297	0.1403
77	0.0098	0.2241	0.0297	0.1399
78	0.0094	0.2243	0.0297	0.1399
79	0.0091	0.2248	0.0297	0.1402
80	0.0094	0.2256	0.0298	0.1406
81	0.0089	0.2255	0.0298	0.1407
82	0.0090	0.2255	0.0298	0.1406
83	0.0090	0.2253	0.0298	0.1404
84	0.0090	0.2254	0.0298	0.1408
85	0.0090	0.2243	0.0297	0.1407
86	0.0089	0.2247	0.0297	0.1408
87	0.0089	0.2241	0.0297	0.1405
88	0.0088	0.2241	0.0297	0.1409
89	0.0088	0.2237	0.0296	0.1407
90	0.0085	0.2240	0.0297	0.1406
91	0.0088	0.2242	0.0297	0.1409
92	0.0086	0.2241	0.0297	0.1409
93	0.0083	0.2240	0.0296	0.1407
94	0.0086	0.2231	0.0295	0.1406
95	0.0083	0.2232	0.0295	0.1407
96	0.0082	0.2227	0.0295	0.1402
97	0.0080	0.2222	0.0294	0.1400
98	0.0080	0.2224	0.0294	0.1401
99	0.0084	0.2231	0.0294	0.1404
100	0.0084	0.2230	0.0295	0.1403
101	0.0077	0.2235	0.0296	0.1407
102	0.0079	0.2234	0.0296	0.1407
103	0.0082	0.2239	0.0297	0.1411
104	0.0079	0.2237	0.0296	0.1411
105	0.0078	0.2243	0.0297	0.1412
106	0.0078	0.2236	0.0296	0.1411
107	0.0077	0.2236	0.0295	0.1410
108	0.0073	0.2237	0.0295	0.1411
109	0.0082	0.2235	0.0295	0.1410
110	0.0078	0.2234	0.0295	0.1409
111	0.0077	0.2231	0.0294	0.1409
112	0.0074	0.2237	0.0295	0.1409
113	0.0081	0.2235	0.0295	0.1407
114	0.0074	0.2227	0.0294	0.1405
115	0.0078	0.2226	0.0294	0.1406
116	0.0079	0.2225	0.0294	0.1407
117	0.0078	0.2231	0.0294	0.1410
118	0.0077	0.2227	0.0294	0.1409
119	0.0073	0.2223	0.0293	0.1407
120	0.0070	0.2221	0.0293	0.1408
121	0.0072	0.2220	0.0293	0.1405
122	0.0075	0.2220	0.0293	0.1403
123	0.0074	0.2215	0.0293	0.1398
124	0.0076	0.2217	0.0293	0.1398
125	0.0075	0.2228	0.0294	0.1403
126	0.0074	0.2222	0.0293	0.1402
127	0.0074	0.2222	0.0293	0.1403
128	0.0072	0.2223	0.0293	0.1403
129	0.0071	0.2225	0.0293	0.1404
130	0.0077	0.2223	0.0293	0.1405
131	0.0073	0.2227	0.0294	0.1406
132	0.0074	0.2223	0.0294	0.1406
133	0.0074	0.2223	0.0294	0.1409
134	0.0075	0.2227	0.0294	0.1411
135	0.0072	0.2229	0.0294	0.1412
136	0.0075	0.2224	0.0294	0.1411
137	0.0073	0.2224	0.0294	0.1408
138	0.0070	0.2225	0.0294	0.1406
139	0.0073	0.2217	0.0293	0.1398
140	0.0071	0.2215	0.0292	0.1396
141	0.0074	0.2213	0.0292	0.1399
142	0.0076	0.2225	0.0293	0.1403
143	0.0074	0.2227	0.0294	0.1406
144	0.0069	0.2223	0.0293	0.1402
145	0.0073	0.2220	0.0293	0.1399
146	0.0071	0.2221	0.0293	0.1398
147	0.0070	0.2215	0.0292	0.1397
148	0.0074	0.2214	0.0292	0.1398
149	0.0071	0.2224	0.0293	0.1400
150	0.0072	0.2216	0.0292	0.1398
