{"n_layers": 0, "device": "cuda", "batch_size": 2048, "embedding_dim": 512, "learning_rate": 0.001, "dataset": "dbbook", "epochs": 150, "top_k": 50, "multimodal": true, "datasets": {"dbbook": ["images", "text"], "ml1m": ["audio", "images", "text", "video"]}}
Epoch	Loss	Recall	Precision	NDCG
1	0.6930	0.0170	0.0021	0.0077
2	0.6877	0.0332	0.0041	0.0181
3	0.6818	0.0668	0.0086	0.0433
4	0.6733	0.1048	0.0142	0.0694
5	0.6602	0.1390	0.0188	0.0882
6	0.6406	0.1604	0.0216	0.0995
7	0.6127	0.1706	0.0233	0.1055
8	0.5760	0.1776	0.0243	0.1092
9	0.5316	0.1819	0.0250	0.1114
10	0.4828	0.1834	0.0253	0.1120
11	0.4341	0.1847	0.0255	0.1126
12	0.3877	0.1862	0.0257	0.1137
13	0.3447	0.1887	0.0260	0.1151
14	0.3084	0.1886	0.0260	0.1157
15	0.2765	0.1897	0.0261	0.1163
16	0.2493	0.1918	0.0264	0.1175
17	0.2263	0.1920	0.0265	0.1184
18	0.2062	0.1948	0.0268	0.1200
19	0.1886	0.1961	0.0269	0.1210
20	0.1714	0.1970	0.0271	0.1219
21	0.1565	0.1988	0.0273	0.1227
22	0.1446	0.2003	0.0274	0.1235
23	0.1338	0.2006	0.0275	0.1238
24	0.1222	0.2024	0.0277	0.1251
25	0.1148	0.2031	0.0278	0.1260
26	0.1069	0.2051	0.0280	0.1269
27	0.1000	0.2057	0.0280	0.1273
28	0.0914	0.2066	0.0282	0.1275
29	0.0866	0.2077	0.0282	0.1279
30	0.0804	0.2088	0.0284	0.1286
31	0.0750	0.2098	0.0285	0.1287
32	0.0701	0.2098	0.0285	0.1292
33	0.0660	0.2107	0.0286	0.1295
34	0.0625	0.2115	0.0287	0.1300
35	0.0588	0.2125	0.0288	0.1302
36	0.0552	0.2130	0.0289	0.1306
37	0.0528	0.2136	0.0289	0.1314
38	0.0502	0.2141	0.0289	0.1320
39	0.0479	0.2155	0.0290	0.1326
40	0.0443	0.2163	0.0291	0.1330
41	0.0433	0.2162	0.0291	0.1332
42	0.0408	0.2168	0.0292	0.1337
43	0.0399	0.2174	0.0292	0.1341
44	0.0382	0.2182	0.0293	0.1346
45	0.0359	0.2181	0.0292	0.1343
46	0.0344	0.2186	0.0293	0.1346
47	0.0332	0.2182	0.0293	0.1347
48	0.0320	0.2195	0.0294	0.1355
49	0.0301	0.2201	0.0294	0.1356
50	0.0295	0.2195	0.0294	0.1356
51	0.0286	0.2208	0.0295	0.1361
52	0.0275	0.2208	0.0295	0.1363
53	0.0261	0.2210	0.0295	0.1368
54	0.0258	0.2212	0.0295	0.1370
55	0.0250	0.2206	0.0294	0.1370
56	0.0242	0.2206	0.0294	0.1371
57	0.0233	0.2211	0.0295	0.1372
58	0.0232	0.2208	0.0295	0.1372
59	0.0217	0.2206	0.0294	0.1370
60	0.0218	0.2205	0.0294	0.1370
61	0.0212	0.2208	0.0294	0.1373
62	0.0204	0.2213	0.0295	0.1375
63	0.0199	0.2220	0.0296	0.1377
64	0.0190	0.2216	0.0295	0.1376
65	0.0191	0.2218	0.0295	0.1376
66	0.0187	0.2219	0.0296	0.1377
67	0.0181	0.2217	0.0295	0.1379
68	0.0176	0.2226	0.0296	0.1382
69	0.0170	0.2219	0.0296	0.1381
70	0.0163	0.2220	0.0296	0.1379
71	0.0165	0.2219	0.0295	0.1377
72	0.0164	0.2226	0.0296	0.1380
73	0.0156	0.2229	0.0296	0.1383
74	0.0155	0.2227	0.0296	0.1382
75	0.0154	0.2229	0.0296	0.1384
76	0.0151	0.2228	0.0296	0.1386
77	0.0148	0.2227	0.0296	0.1387
78	0.0143	0.2231	0.0297	0.1389
79	0.0137	0.2231	0.0296	0.1387
80	0.0143	0.2231	0.0296	0.1389
81	0.0143	0.2237	0.0297	0.1393
82	0.0133	0.2245	0.0298	0.1396
83	0.0135	0.2242	0.0298	0.1395
84	0.0138	0.2237	0.0297	0.1395
85	0.0131	0.2232	0.0297	0.1392
86	0.0126	0.2232	0.0296	0.1390
87	0.0121	0.2228	0.0296	0.1387
88	0.0122	0.2226	0.0296	0.1387
89	0.0119	0.2226	0.0296	0.1388
90	0.0118	0.2226	0.0296	0.1388
91	0.0123	0.2216	0.0295	0.1385
92	0.0121	0.2210	0.0294	0.1384
93	0.0114	0.2210	0.0295	0.1385
94	0.0117	0.2214	0.0295	0.1385
95	0.0116	0.2220	0.0295	0.1389
96	0.0115	0.2223	0.0295	0.1391
97	0.0115	0.2222	0.0295	0.1391
98	0.0110	0.2224	0.0295	0.1391
99	0.0110	0.2224	0.0295	0.1394
100	0.0106	0.2227	0.0295	0.1396
101	0.0109	0.2219	0.0294	0.1395
102	0.0105	0.2230	0.0295	0.1398
103	0.0109	0.2228	0.0295	0.1400
104	0.0104	0.2230	0.0295	0.1400
105	0.0101	0.2233	0.0296	0.1402
106	0.0103	0.2233	0.0296	0.1401
107	0.0100	0.2231	0.0296	0.1404
108	0.0100	0.2236	0.0297	0.1404
109	0.0097	0.2242	0.0297	0.1404
110	0.0103	0.2237	0.0297	0.1402
111	0.0098	0.2235	0.0297	0.1400
112	0.0100	0.2228	0.0295	0.1400
113	0.0097	0.2233	0.0296	0.1402
114	0.0096	0.2233	0.0296	0.1400
115	0.0097	0.2235	0.0295	0.1400
116	0.0098	0.2234	0.0295	0.1401
117	0.0093	0.2230	0.0295	0.1400
118	0.0095	0.2226	0.0295	0.1397
119	0.0094	0.2231	0.0296	0.1398
120	0.0094	0.2226	0.0295	0.1396
121	0.0091	0.2226	0.0295	0.1393
122	0.0094	0.2232	0.0296	0.1394
123	0.0094	0.2240	0.0296	0.1396
124	0.0089	0.2244	0.0297	0.1401
125	0.0082	0.2243	0.0297	0.1400
126	0.0089	0.2242	0.0297	0.1401
127	0.0090	0.2239	0.0296	0.1400
128	0.0090	0.2238	0.0296	0.1401
129	0.0084	0.2246	0.0296	0.1404
130	0.0086	0.2244	0.0296	0.1402
131	0.0087	0.2246	0.0296	0.1402
132	0.0084	0.2249	0.0296	0.1402
133	0.0085	0.2248	0.0297	0.1401
134	0.0084	0.2244	0.0296	0.1401
135	0.0086	0.2243	0.0296	0.1400
136	0.0087	0.2237	0.0296	0.1400
137	0.0085	0.2233	0.0295	0.1402
138	0.0087	0.2236	0.0295	0.1403
139	0.0084	0.2238	0.0296	0.1402
140	0.0080	0.2243	0.0296	0.1403
141	0.0081	0.2242	0.0296	0.1401
142	0.0080	0.2242	0.0296	0.1402
143	0.0083	0.2238	0.0296	0.1403
144	0.0082	0.2236	0.0295	0.1401
145	0.0079	0.2234	0.0295	0.1400
146	0.0080	0.2236	0.0295	0.1399
147	0.0081	0.2235	0.0295	0.1400
148	0.0083	0.2223	0.0294	0.1398
149	0.0080	0.2223	0.0294	0.1397
150	0.0078	0.2226	0.0294	0.1399
