{"n_layers": 1, "device": "cuda", "batch_size": 2048, "embedding_dim": 64, "learning_rate": 0.001, "dataset": "dbbook", "epochs": 150, "top_k": 50, "multimodal": false, "datasets": {"dbbook": ["images", "text"], "ml1m": ["audio", "images", "text", "video"]}}
Epoch	Loss	Recall	Precision	NDCG
1	0.6926	0.0414	0.0059	0.0246
2	0.6910	0.1050	0.0153	0.0574
3	0.6864	0.1305	0.0189	0.0690
4	0.6756	0.1346	0.0195	0.0708
5	0.6556	0.1331	0.0194	0.0701
6	0.6255	0.1318	0.0192	0.0699
7	0.5873	0.1308	0.0191	0.0692
8	0.5451	0.1304	0.0190	0.0688
9	0.5016	0.1299	0.0190	0.0688
10	0.4626	0.1299	0.0190	0.0686
11	0.4275	0.1307	0.0191	0.0691
12	0.3956	0.1321	0.0192	0.0696
13	0.3714	0.1332	0.0194	0.0704
14	0.3480	0.1341	0.0195	0.0710
15	0.3286	0.1355	0.0197	0.0717
16	0.3120	0.1374	0.0199	0.0726
17	0.2980	0.1385	0.0200	0.0733
18	0.2830	0.1406	0.0203	0.0743
19	0.2684	0.1420	0.0204	0.0751
20	0.2578	0.1433	0.0206	0.0758
21	0.2492	0.1447	0.0208	0.0766
22	0.2395	0.1464	0.0210	0.0777
23	0.2294	0.1475	0.0211	0.0784
24	0.2214	0.1492	0.0213	0.0793
25	0.2111	0.1499	0.0214	0.0799
26	0.2031	0.1517	0.0217	0.0807
27	0.1977	0.1542	0.0219	0.0820
28	0.1900	0.1555	0.0222	0.0829
29	0.1815	0.1568	0.0223	0.0838
30	0.1794	0.1576	0.0224	0.0844
31	0.1708	0.1590	0.0226	0.0851
32	0.1665	0.1603	0.0228	0.0861
33	0.1613	0.1617	0.0229	0.0871
34	0.1556	0.1627	0.0231	0.0879
35	0.1501	0.1636	0.0232	0.0886
36	0.1467	0.1649	0.0233	0.0892
37	0.1411	0.1662	0.0235	0.0899
38	0.1398	0.1668	0.0236	0.0905
39	0.1342	0.1679	0.0237	0.0913
40	0.1266	0.1689	0.0238	0.0919
41	0.1246	0.1702	0.0240	0.0925
42	0.1231	0.1710	0.0241	0.0931
43	0.1185	0.1716	0.0242	0.0936
44	0.1144	0.1732	0.0244	0.0943
45	0.1120	0.1743	0.0245	0.0949
46	0.1103	0.1755	0.0246	0.0954
47	0.1059	0.1756	0.0246	0.0959
48	0.1063	0.1764	0.0247	0.0964
49	0.1025	0.1775	0.0248	0.0969
50	0.1006	0.1777	0.0248	0.0971
51	0.0942	0.1781	0.0248	0.0974
52	0.0924	0.1787	0.0249	0.0978
53	0.0932	0.1801	0.0251	0.0983
54	0.0881	0.1809	0.0252	0.0988
55	0.0892	0.1815	0.0252	0.0991
56	0.0855	0.1827	0.0253	0.0995
57	0.0851	0.1830	0.0254	0.0998
58	0.0825	0.1844	0.0255	0.1005
59	0.0787	0.1847	0.0256	0.1008
60	0.0785	0.1854	0.0257	0.1013
61	0.0762	0.1856	0.0257	0.1017
62	0.0762	0.1862	0.0258	0.1023
63	0.0744	0.1863	0.0258	0.1024
64	0.0738	0.1866	0.0258	0.1026
65	0.0709	0.1867	0.0258	0.1029
66	0.0681	0.1868	0.0259	0.1031
67	0.0667	0.1871	0.0259	0.1033
68	0.0669	0.1875	0.0259	0.1035
69	0.0648	0.1884	0.0260	0.1038
70	0.0651	0.1880	0.0259	0.1038
71	0.0621	0.1886	0.0260	0.1042
72	0.0611	0.1886	0.0260	0.1044
73	0.0604	0.1884	0.0259	0.1044
74	0.0577	0.1885	0.0260	0.1047
75	0.0576	0.1888	0.0260	0.1049
76	0.0566	0.1889	0.0260	0.1050
77	0.0556	0.1892	0.0261	0.1053
78	0.0567	0.1895	0.0261	0.1053
79	0.0554	0.1897	0.0261	0.1054
80	0.0561	0.1903	0.0261	0.1058
81	0.0542	0.1904	0.0262	0.1061
82	0.0523	0.1903	0.0262	0.1063
83	0.0521	0.1910	0.0262	0.1065
84	0.0498	0.1908	0.0262	0.1065
85	0.0495	0.1909	0.0262	0.1067
86	0.0498	0.1904	0.0262	0.1068
87	0.0478	0.1906	0.0262	0.1070
88	0.0476	0.1915	0.0262	0.1073
89	0.0462	0.1911	0.0262	0.1073
90	0.0466	0.1912	0.0261	0.1073
91	0.0446	0.1910	0.0261	0.1073
92	0.0438	0.1909	0.0261	0.1073
93	0.0432	0.1908	0.0260	0.1073
94	0.0426	0.1907	0.0260	0.1073
95	0.0434	0.1909	0.0260	0.1072
96	0.0438	0.1909	0.0261	0.1075
97	0.0409	0.1912	0.0261	0.1077
98	0.0389	0.1911	0.0261	0.1078
99	0.0397	0.1914	0.0261	0.1079
100	0.0395	0.1920	0.0261	0.1083
101	0.0407	0.1921	0.0261	0.1084
102	0.0389	0.1913	0.0260	0.1081
103	0.0379	0.1920	0.0261	0.1083
104	0.0358	0.1919	0.0261	0.1083
105	0.0371	0.1923	0.0261	0.1084
106	0.0357	0.1921	0.0261	0.1084
107	0.0359	0.1922	0.0261	0.1084
108	0.0365	0.1922	0.0261	0.1084
109	0.0344	0.1922	0.0261	0.1085
110	0.0346	0.1916	0.0260	0.1083
111	0.0338	0.1923	0.0261	0.1086
112	0.0343	0.1926	0.0261	0.1086
113	0.0346	0.1928	0.0261	0.1089
114	0.0329	0.1928	0.0261	0.1089
115	0.0308	0.1923	0.0261	0.1087
116	0.0315	0.1926	0.0261	0.1088
117	0.0310	0.1928	0.0261	0.1090
118	0.0314	0.1925	0.0261	0.1090
119	0.0314	0.1925	0.0260	0.1090
120	0.0319	0.1923	0.0260	0.1090
121	0.0299	0.1922	0.0260	0.1089
122	0.0297	0.1922	0.0260	0.1090
123	0.0305	0.1922	0.0260	0.1089
124	0.0291	0.1918	0.0259	0.1088
125	0.0290	0.1919	0.0259	0.1088
126	0.0291	0.1918	0.0259	0.1088
127	0.0291	0.1918	0.0259	0.1088
128	0.0269	0.1920	0.0259	0.1088
129	0.0275	0.1920	0.0259	0.1088
130	0.0280	0.1922	0.0259	0.1089
131	0.0298	0.1921	0.0259	0.1090
132	0.0285	0.1921	0.0259	0.1090
133	0.0266	0.1918	0.0258	0.1091
134	0.0264	0.1917	0.0258	0.1092
135	0.0265	0.1917	0.0257	0.1092
136	0.0260	0.1913	0.0257	0.1091
137	0.0252	0.1910	0.0256	0.1090
138	0.0258	0.1910	0.0256	0.1090
139	0.0250	0.1905	0.0256	0.1088
140	0.0254	0.1908	0.0256	0.1089
141	0.0244	0.1909	0.0256	0.1089
142	0.0246	0.1913	0.0257	0.1091
143	0.0253	0.1908	0.0256	0.1089
144	0.0248	0.1908	0.0256	0.1089
145	0.0231	0.1907	0.0256	0.1088
146	0.0251	0.1910	0.0256	0.1090
147	0.0230	0.1910	0.0256	0.1091
148	0.0236	0.1904	0.0255	0.1089
149	0.0234	0.1908	0.0255	0.1089
150	0.0235	0.1904	0.0255	0.1087
