{"n_layers": 0, "device": "cuda", "batch_size": 2048, "embedding_dim": 64, "learning_rate": 0.001, "dataset": "dbbook", "epochs": 150, "top_k": 20, "multimodal": true, "datasets": {"dbbook": ["images", "text"], "ml1m": ["audio", "images", "text", "video"]}}
Epoch	Loss	Recall	Precision	NDCG
1	0.6931	0.0041	0.0015	0.0029
2	0.6918	0.0060	0.0022	0.0043
3	0.6906	0.0119	0.0039	0.0088
4	0.6891	0.0217	0.0070	0.0167
5	0.6870	0.0341	0.0112	0.0273
6	0.6843	0.0462	0.0156	0.0370
7	0.6806	0.0563	0.0194	0.0453
8	0.6759	0.0650	0.0225	0.0514
9	0.6696	0.0720	0.0249	0.0563
10	0.6617	0.0754	0.0263	0.0600
11	0.6520	0.0786	0.0274	0.0624
12	0.6402	0.0815	0.0285	0.0644
13	0.6264	0.0838	0.0293	0.0660
14	0.6111	0.0859	0.0300	0.0672
15	0.5936	0.0863	0.0305	0.0679
16	0.5751	0.0877	0.0309	0.0685
17	0.5554	0.0887	0.0313	0.0691
18	0.5348	0.0899	0.0317	0.0698
19	0.5145	0.0901	0.0317	0.0702
20	0.4936	0.0902	0.0319	0.0707
21	0.4743	0.0910	0.0321	0.0712
22	0.4547	0.0917	0.0325	0.0720
23	0.4360	0.0917	0.0325	0.0721
24	0.4180	0.0921	0.0325	0.0723
25	0.4017	0.0921	0.0326	0.0728
26	0.3855	0.0933	0.0331	0.0734
27	0.3708	0.0933	0.0331	0.0736
28	0.3569	0.0937	0.0332	0.0740
29	0.3433	0.0940	0.0332	0.0745
30	0.3328	0.0946	0.0334	0.0747
31	0.3208	0.0952	0.0336	0.0748
32	0.3086	0.0952	0.0336	0.0750
33	0.2993	0.0954	0.0337	0.0752
34	0.2892	0.0956	0.0338	0.0755
35	0.2815	0.0958	0.0339	0.0758
36	0.2725	0.0965	0.0340	0.0762
37	0.2630	0.0966	0.0341	0.0764
38	0.2561	0.0971	0.0341	0.0767
39	0.2492	0.0971	0.0341	0.0769
40	0.2410	0.0972	0.0342	0.0772
41	0.2335	0.0980	0.0344	0.0775
42	0.2293	0.0983	0.0344	0.0779
43	0.2234	0.0979	0.0345	0.0779
44	0.2174	0.0985	0.0345	0.0783
45	0.2112	0.0995	0.0347	0.0786
46	0.2063	0.0998	0.0347	0.0788
47	0.2006	0.0999	0.0346	0.0788
48	0.1944	0.1001	0.0347	0.0791
49	0.1909	0.1002	0.0348	0.0792
50	0.1842	0.1005	0.0349	0.0793
51	0.1820	0.1006	0.0349	0.0795
52	0.1767	0.1008	0.0349	0.0796
53	0.1719	0.1011	0.0350	0.0800
54	0.1683	0.1012	0.0350	0.0802
55	0.1647	0.1019	0.0353	0.0806
56	0.1612	0.1021	0.0352	0.0806
57	0.1575	0.1018	0.0351	0.0806
58	0.1561	0.1021	0.0352	0.0808
59	0.1499	0.1026	0.0354	0.0812
60	0.1454	0.1030	0.0355	0.0813
61	0.1432	0.1038	0.0356	0.0816
62	0.1385	0.1036	0.0357	0.0814
63	0.1374	0.1039	0.0358	0.0815
64	0.1346	0.1036	0.0357	0.0814
65	0.1319	0.1040	0.0357	0.0815
66	0.1287	0.1041	0.0357	0.0817
67	0.1272	0.1041	0.0358	0.0817
68	0.1246	0.1045	0.0358	0.0820
69	0.1198	0.1049	0.0358	0.0821
70	0.1166	0.1047	0.0358	0.0821
71	0.1160	0.1047	0.0358	0.0821
72	0.1137	0.1052	0.0360	0.0824
73	0.1104	0.1057	0.0360	0.0828
74	0.1104	0.1056	0.0360	0.0828
75	0.1087	0.1059	0.0362	0.0830
76	0.1059	0.1057	0.0361	0.0829
77	0.1014	0.1061	0.0362	0.0831
78	0.1006	0.1064	0.0363	0.0833
79	0.0986	0.1067	0.0364	0.0836
80	0.0975	0.1068	0.0364	0.0837
81	0.0959	0.1070	0.0365	0.0838
82	0.0924	0.1070	0.0365	0.0839
83	0.0914	0.1074	0.0366	0.0841
84	0.0910	0.1073	0.0366	0.0842
85	0.0875	0.1078	0.0367	0.0843
86	0.0864	0.1078	0.0367	0.0845
87	0.0856	0.1076	0.0366	0.0846
88	0.0837	0.1080	0.0367	0.0847
89	0.0832	0.1079	0.0367	0.0846
90	0.0811	0.1081	0.0367	0.0846
91	0.0784	0.1084	0.0368	0.0848
92	0.0768	0.1085	0.0369	0.0851
93	0.0757	0.1090	0.0370	0.0855
94	0.0760	0.1089	0.0370	0.0855
95	0.0749	0.1092	0.0370	0.0856
96	0.0717	0.1095	0.0371	0.0857
97	0.0710	0.1093	0.0371	0.0857
98	0.0719	0.1096	0.0372	0.0859
99	0.0691	0.1097	0.0372	0.0859
100	0.0674	0.1105	0.0374	0.0862
101	0.0678	0.1104	0.0374	0.0863
102	0.0668	0.1102	0.0373	0.0863
103	0.0655	0.1104	0.0374	0.0862
104	0.0629	0.1104	0.0373	0.0863
105	0.0625	0.1104	0.0373	0.0862
106	0.0628	0.1106	0.0373	0.0864
107	0.0626	0.1107	0.0374	0.0866
108	0.0592	0.1108	0.0374	0.0867
109	0.0578	0.1110	0.0375	0.0867
110	0.0579	0.1113	0.0376	0.0870
111	0.0579	0.1111	0.0376	0.0870
112	0.0557	0.1109	0.0376	0.0870
113	0.0553	0.1111	0.0376	0.0870
114	0.0554	0.1110	0.0375	0.0872
115	0.0526	0.1109	0.0375	0.0871
116	0.0527	0.1107	0.0375	0.0871
117	0.0532	0.1105	0.0374	0.0870
118	0.0518	0.1104	0.0375	0.0870
119	0.0515	0.1105	0.0374	0.0870
120	0.0487	0.1104	0.0374	0.0870
121	0.0489	0.1108	0.0376	0.0871
122	0.0485	0.1106	0.0375	0.0872
123	0.0490	0.1110	0.0376	0.0874
124	0.0475	0.1113	0.0376	0.0877
125	0.0483	0.1110	0.0376	0.0875
126	0.0470	0.1117	0.0377	0.0878
127	0.0463	0.1118	0.0377	0.0880
128	0.0449	0.1121	0.0379	0.0884
129	0.0447	0.1124	0.0380	0.0887
130	0.0440	0.1127	0.0380	0.0890
131	0.0427	0.1122	0.0379	0.0888
132	0.0432	0.1121	0.0379	0.0886
133	0.0417	0.1121	0.0379	0.0885
134	0.0425	0.1121	0.0379	0.0887
135	0.0415	0.1126	0.0380	0.0888
136	0.0413	0.1126	0.0381	0.0889
137	0.0405	0.1126	0.0380	0.0891
138	0.0401	0.1126	0.0380	0.0890
139	0.0404	0.1126	0.0381	0.0891
140	0.0388	0.1127	0.0381	0.0891
141	0.0378	0.1133	0.0382	0.0893
142	0.0380	0.1135	0.0383	0.0895
143	0.0383	0.1132	0.0381	0.0895
144	0.0374	0.1133	0.0381	0.0896
145	0.0386	0.1133	0.0381	0.0896
146	0.0373	0.1131	0.0381	0.0897
147	0.0362	0.1131	0.0381	0.0896
148	0.0355	0.1129	0.0380	0.0895
149	0.0346	0.1133	0.0381	0.0898
150	0.0354	0.1133	0.0381	0.0899
