{"n_layers": 2, "device": "cuda", "batch_size": 2048, "embedding_dim": 64, "learning_rate": 0.0005, "dataset": "dbbook", "epochs": 150, "top_k": 20, "multimodal": true, "datasets": {"dbbook": ["images", "text"], "ml1m": ["audio", "images", "text", "video"]}}
Epoch	Loss	Recall	Precision	NDCG
1	0.6929	0.0111	0.0034	0.0075
2	0.6923	0.0280	0.0089	0.0218
3	0.6915	0.0504	0.0169	0.0401
4	0.6904	0.0673	0.0232	0.0521
5	0.6888	0.0737	0.0257	0.0558
6	0.6864	0.0739	0.0260	0.0548
7	0.6830	0.0716	0.0255	0.0520
8	0.6782	0.0692	0.0248	0.0491
9	0.6719	0.0677	0.0244	0.0471
10	0.6637	0.0646	0.0236	0.0445
11	0.6538	0.0632	0.0233	0.0428
12	0.6421	0.0619	0.0230	0.0413
13	0.6283	0.0613	0.0228	0.0407
14	0.6136	0.0612	0.0226	0.0403
15	0.5975	0.0608	0.0225	0.0400
16	0.5806	0.0598	0.0222	0.0394
17	0.5638	0.0596	0.0221	0.0393
18	0.5467	0.0592	0.0219	0.0389
19	0.5301	0.0590	0.0219	0.0387
20	0.5139	0.0590	0.0219	0.0387
21	0.4980	0.0587	0.0218	0.0385
22	0.4837	0.0586	0.0218	0.0384
23	0.4698	0.0585	0.0217	0.0384
24	0.4557	0.0587	0.0218	0.0385
25	0.4444	0.0589	0.0219	0.0386
26	0.4321	0.0589	0.0219	0.0387
27	0.4229	0.0591	0.0220	0.0387
28	0.4125	0.0593	0.0221	0.0389
29	0.4030	0.0592	0.0220	0.0389
30	0.3942	0.0591	0.0220	0.0389
31	0.3859	0.0592	0.0220	0.0389
32	0.3791	0.0594	0.0221	0.0391
33	0.3702	0.0595	0.0222	0.0392
34	0.3622	0.0596	0.0222	0.0392
35	0.3597	0.0597	0.0223	0.0393
36	0.3539	0.0600	0.0224	0.0394
37	0.3481	0.0601	0.0225	0.0396
38	0.3424	0.0601	0.0225	0.0397
39	0.3390	0.0604	0.0226	0.0399
40	0.3355	0.0608	0.0227	0.0401
41	0.3289	0.0609	0.0228	0.0402
42	0.3244	0.0613	0.0229	0.0405
43	0.3217	0.0618	0.0230	0.0407
44	0.3184	0.0620	0.0231	0.0409
45	0.3132	0.0621	0.0231	0.0410
46	0.3077	0.0626	0.0232	0.0413
47	0.3060	0.0628	0.0233	0.0414
48	0.2988	0.0627	0.0233	0.0415
49	0.2972	0.0629	0.0233	0.0417
50	0.2944	0.0630	0.0234	0.0418
51	0.2928	0.0636	0.0236	0.0421
52	0.2880	0.0638	0.0237	0.0422
53	0.2852	0.0643	0.0238	0.0425
54	0.2852	0.0646	0.0239	0.0427
55	0.2824	0.0647	0.0240	0.0428
56	0.2769	0.0647	0.0240	0.0430
57	0.2741	0.0651	0.0242	0.0432
58	0.2707	0.0653	0.0243	0.0435
59	0.2738	0.0655	0.0244	0.0437
60	0.2680	0.0664	0.0246	0.0440
61	0.2655	0.0667	0.0247	0.0442
62	0.2651	0.0670	0.0247	0.0444
63	0.2601	0.0672	0.0249	0.0446
64	0.2578	0.0677	0.0250	0.0449
65	0.2568	0.0677	0.0250	0.0450
66	0.2528	0.0680	0.0251	0.0452
67	0.2541	0.0682	0.0252	0.0453
68	0.2512	0.0685	0.0253	0.0456
69	0.2476	0.0686	0.0254	0.0457
70	0.2463	0.0690	0.0255	0.0460
71	0.2455	0.0690	0.0255	0.0463
72	0.2431	0.0695	0.0257	0.0466
73	0.2402	0.0697	0.0257	0.0468
74	0.2387	0.0702	0.0259	0.0470
75	0.2339	0.0703	0.0259	0.0472
76	0.2331	0.0709	0.0260	0.0475
77	0.2303	0.0711	0.0261	0.0476
78	0.2260	0.0712	0.0261	0.0478
79	0.2286	0.0714	0.0262	0.0481
80	0.2253	0.0715	0.0262	0.0483
81	0.2222	0.0718	0.0264	0.0486
82	0.2213	0.0721	0.0264	0.0490
83	0.2181	0.0724	0.0265	0.0492
84	0.2188	0.0727	0.0266	0.0494
85	0.2189	0.0730	0.0266	0.0497
86	0.2144	0.0734	0.0267	0.0499
87	0.2158	0.0737	0.0268	0.0502
88	0.2096	0.0740	0.0269	0.0506
89	0.2098	0.0741	0.0270	0.0508
90	0.2074	0.0742	0.0270	0.0509
91	0.2055	0.0745	0.0271	0.0511
92	0.2056	0.0750	0.0272	0.0514
93	0.2069	0.0756	0.0274	0.0518
94	0.2051	0.0756	0.0275	0.0521
95	0.2014	0.0763	0.0276	0.0524
96	0.1984	0.0765	0.0276	0.0525
97	0.1986	0.0767	0.0277	0.0528
98	0.1995	0.0769	0.0278	0.0529
99	0.1940	0.0768	0.0278	0.0529
100	0.1946	0.0770	0.0279	0.0530
101	0.1938	0.0772	0.0279	0.0532
102	0.1907	0.0777	0.0281	0.0536
103	0.1879	0.0780	0.0282	0.0538
104	0.1858	0.0782	0.0283	0.0540
105	0.1840	0.0784	0.0283	0.0542
106	0.1829	0.0785	0.0284	0.0543
107	0.1849	0.0787	0.0284	0.0544
108	0.1804	0.0789	0.0285	0.0546
109	0.1811	0.0793	0.0286	0.0549
110	0.1834	0.0795	0.0287	0.0550
111	0.1784	0.0795	0.0287	0.0552
112	0.1789	0.0801	0.0289	0.0555
113	0.1791	0.0807	0.0289	0.0559
114	0.1727	0.0810	0.0290	0.0560
115	0.1733	0.0812	0.0291	0.0562
116	0.1730	0.0811	0.0291	0.0563
117	0.1717	0.0813	0.0291	0.0564
118	0.1704	0.0817	0.0292	0.0567
119	0.1691	0.0822	0.0294	0.0570
120	0.1676	0.0825	0.0294	0.0571
121	0.1662	0.0824	0.0295	0.0573
122	0.1623	0.0826	0.0296	0.0575
123	0.1647	0.0827	0.0296	0.0576
124	0.1621	0.0828	0.0296	0.0577
125	0.1611	0.0831	0.0297	0.0579
126	0.1618	0.0833	0.0298	0.0581
127	0.1609	0.0835	0.0299	0.0582
128	0.1595	0.0837	0.0299	0.0584
129	0.1598	0.0839	0.0300	0.0585
130	0.1540	0.0839	0.0300	0.0586
131	0.1541	0.0842	0.0301	0.0588
132	0.1561	0.0842	0.0301	0.0588
133	0.1553	0.0845	0.0302	0.0591
134	0.1537	0.0847	0.0302	0.0592
135	0.1513	0.0848	0.0303	0.0594
136	0.1476	0.0850	0.0304	0.0596
137	0.1511	0.0852	0.0304	0.0597
138	0.1502	0.0858	0.0305	0.0598
139	0.1476	0.0862	0.0306	0.0600
140	0.1476	0.0864	0.0307	0.0601
141	0.1457	0.0867	0.0307	0.0602
142	0.1416	0.0867	0.0308	0.0603
143	0.1438	0.0870	0.0309	0.0605
144	0.1424	0.0871	0.0309	0.0606
145	0.1409	0.0874	0.0310	0.0608
146	0.1427	0.0877	0.0311	0.0610
147	0.1415	0.0877	0.0312	0.0612
148	0.1401	0.0879	0.0312	0.0612
149	0.1372	0.0881	0.0313	0.0615
150	0.1370	0.0883	0.0313	0.0617
