{"device": "cuda:1", "multimodal": true, "embedding_dim": 512, "n_layers": 3, "epochs": 500, "learning_rate": 0.001, "log": true, "seed": 19, "top_k": [5, 10, 20, 50], "dataset": "ml1m", "batch_size": 8192, "single_branch": false, "autoencoder": false, "ensemble_fusion": false, "freeze": false, "fusion_modalities": "mean", "fusion_type": "late", "info_nce": false, "weighting": false, "datasets": {"dbbook": ["images", "text"], "ml1m": ["audio", "images", "text", "video"]}}
Epoch	T-Loss	V-Loss	Precision@5	Recall@5	NDCG@5	Precision@10	Recall@10	NDCG@10	Precision@20	Recall@20	NDCG@20	Precision@50	Recall@50	NDCG@50
1	0.6925	0.6896	0.1783	0.0562	0.1898	0.1523	0.0941	0.1775	0.1246	0.1511	0.1772	0.0887	0.2633	0.2048
2	0.663	0.6073	0.1796	0.061	0.1926	0.1515	0.1011	0.1806	0.1227	0.1632	0.1819	0.0848	0.2693	0.2069
3	0.5199	0.441	0.1778	0.0617	0.1919	0.1476	0.0997	0.1783	0.1202	0.1599	0.1795	0.0832	0.2641	0.2039
4	0.3973	0.3736	0.1709	0.0597	0.188	0.1455	0.0991	0.1774	0.1186	0.1576	0.1787	0.0828	0.2629	0.204
5	0.3573	0.3525	0.1713	0.0589	0.1857	0.1473	0.0988	0.1764	0.1192	0.1566	0.1773	0.0836	0.2654	0.2037
6	0.3396	0.3395	0.1786	0.0608	0.1943	0.1491	0.0992	0.1808	0.1205	0.1574	0.1806	0.0859	0.2703	0.2086
7	0.3283	0.3311	0.1861	0.0634	0.2003	0.1547	0.1024	0.1861	0.1244	0.16	0.1847	0.0881	0.276	0.213
8	0.3179	0.3203	0.1888	0.0642	0.2051	0.1587	0.1058	0.1918	0.1273	0.1649	0.1902	0.0906	0.2837	0.2196
9	0.3087	0.3172	0.1918	0.0649	0.21	0.1611	0.1067	0.1958	0.1314	0.1714	0.1964	0.0926	0.2891	0.2248
10	0.3005	0.3104	0.1967	0.0665	0.2157	0.1657	0.1097	0.2012	0.1335	0.1738	0.2004	0.0944	0.2938	0.2296
11	0.2958	0.3047	0.203	0.0685	0.2223	0.169	0.1116	0.2057	0.1361	0.1768	0.2047	0.0966	0.299	0.2347
12	0.2888	0.2979	0.2054	0.0694	0.2221	0.172	0.1143	0.2073	0.1384	0.1798	0.2065	0.0979	0.3029	0.2369
13	0.2836	0.2935	0.2088	0.0709	0.2282	0.1747	0.1166	0.2123	0.1396	0.1806	0.2102	0.0992	0.3083	0.242
14	0.2773	0.2909	0.2115	0.0727	0.2309	0.1775	0.1191	0.2155	0.1415	0.1841	0.2133	0.1009	0.3139	0.246
15	0.2733	0.2892	0.2149	0.0735	0.2336	0.1802	0.1208	0.2177	0.1441	0.1883	0.2163	0.1021	0.3183	0.2487
16	0.2686	0.2848	0.2175	0.0752	0.2371	0.1819	0.1231	0.2207	0.146	0.1908	0.2194	0.1031	0.3227	0.2523
17	0.265	0.2831	0.2202	0.0757	0.2391	0.1846	0.1247	0.2233	0.1473	0.192	0.2212	0.1045	0.3268	0.2552
18	0.2612	0.2786	0.224	0.0784	0.2426	0.186	0.1252	0.2253	0.1492	0.1955	0.2243	0.1057	0.3306	0.2585
19	0.2573	0.2752	0.2265	0.0788	0.2471	0.1881	0.1273	0.229	0.1509	0.1983	0.2278	0.1067	0.3346	0.2622
20	0.2542	0.2733	0.2277	0.0791	0.2484	0.19	0.1294	0.2312	0.1522	0.2011	0.2301	0.108	0.3388	0.2652
21	0.2496	0.2719	0.2286	0.0797	0.2488	0.1901	0.1286	0.2312	0.1534	0.2016	0.2311	0.1085	0.3409	0.2665
22	0.2477	0.2676	0.2298	0.08	0.2512	0.1917	0.13	0.2338	0.1551	0.2046	0.2342	0.1091	0.3442	0.2694
23	0.2448	0.2686	0.2322	0.0814	0.2531	0.1941	0.1327	0.2358	0.1559	0.2056	0.2351	0.1099	0.3478	0.2711
24	0.2427	0.2633	0.2339	0.0822	0.2546	0.1958	0.1343	0.2378	0.1574	0.2082	0.2373	0.1107	0.3491	0.2729
25	0.2399	0.2663	0.2363	0.0826	0.2582	0.1973	0.1343	0.2403	0.1582	0.2103	0.2397	0.1114	0.3514	0.2757
26	0.2373	0.262	0.2377	0.083	0.2593	0.1987	0.136	0.2416	0.1599	0.2131	0.2415	0.1123	0.3553	0.2775
27	0.2336	0.2611	0.2357	0.0837	0.2564	0.199	0.1366	0.2408	0.1602	0.2135	0.2413	0.1127	0.3567	0.2779
28	0.2319	0.2571	0.2376	0.0836	0.2589	0.2008	0.1378	0.2431	0.1612	0.2152	0.243	0.1132	0.3575	0.2794
29	0.2305	0.255	0.2415	0.0852	0.2628	0.2024	0.1398	0.2457	0.1626	0.2169	0.2457	0.1139	0.3602	0.282
30	0.228	0.2584	0.2412	0.0847	0.2628	0.2035	0.141	0.2468	0.1634	0.2177	0.2467	0.1147	0.3636	0.2839
31	0.2251	0.2539	0.2418	0.0852	0.2645	0.2044	0.1413	0.2485	0.1642	0.2196	0.2485	0.1152	0.3645	0.2855
32	0.2242	0.2547	0.243	0.0853	0.2659	0.2046	0.1417	0.249	0.165	0.2203	0.2494	0.116	0.3682	0.2875
33	0.2208	0.2525	0.2449	0.0861	0.2664	0.2044	0.1421	0.2487	0.1657	0.2215	0.2499	0.1162	0.3685	0.2877
34	0.2198	0.2491	0.2454	0.0865	0.2668	0.2065	0.1423	0.2502	0.1667	0.2241	0.2514	0.1163	0.3706	0.2887
35	0.2185	0.2528	0.2445	0.0874	0.2662	0.2065	0.1437	0.2505	0.1668	0.2252	0.2521	0.1167	0.3724	0.29
36	0.2159	0.2475	0.2466	0.0887	0.2669	0.207	0.1441	0.2504	0.1674	0.2258	0.2522	0.1173	0.3746	0.2907
37	0.2139	0.2504	0.2475	0.0887	0.2692	0.2085	0.1459	0.2531	0.1682	0.2278	0.2547	0.1174	0.3759	0.2928
38	0.2122	0.247	0.249	0.0907	0.2709	0.2094	0.1475	0.2548	0.1688	0.228	0.2561	0.1183	0.3792	0.2953
39	0.2096	0.2489	0.2484	0.0892	0.2684	0.2095	0.1474	0.2531	0.1698	0.2296	0.2554	0.1189	0.3817	0.2949
40	0.2071	0.2487	0.2501	0.09	0.2709	0.2106	0.1482	0.2552	0.1695	0.2299	0.2565	0.1192	0.3824	0.2965
41	0.2067	0.2491	0.2492	0.0886	0.2711	0.2114	0.1485	0.2564	0.1701	0.2311	0.2575	0.1194	0.3832	0.2973
42	0.205	0.2471	0.2501	0.0901	0.2705	0.2115	0.1495	0.2558	0.1706	0.232	0.2576	0.1199	0.3853	0.2978
43	0.2036	0.245	0.2506	0.0904	0.2714	0.2131	0.151	0.2575	0.1706	0.233	0.2583	0.1201	0.3876	0.2991
44	0.1998	0.2445	0.2537	0.0916	0.273	0.2143	0.1513	0.2581	0.1719	0.2347	0.2596	0.1207	0.3887	0.3
45	0.1998	0.2473	0.2532	0.0917	0.2734	0.2142	0.1512	0.2588	0.1722	0.2345	0.2606	0.1211	0.3899	0.3015
46	0.198	0.245	0.2533	0.0924	0.2741	0.2144	0.1524	0.2596	0.1722	0.2354	0.2613	0.1209	0.3899	0.302
47	0.195	0.2471	0.2539	0.0934	0.2744	0.2151	0.1531	0.26	0.1727	0.2358	0.2619	0.1214	0.3918	0.3031
48	0.1945	0.2434	0.2565	0.0937	0.2771	0.2164	0.1536	0.2619	0.1732	0.2361	0.2631	0.1219	0.3934	0.3047
49	0.1927	0.2445	0.2574	0.094	0.2784	0.2182	0.1556	0.264	0.174	0.2384	0.2648	0.122	0.3937	0.3055
50	0.1916	0.2435	0.2576	0.0944	0.2783	0.2183	0.1551	0.2641	0.174	0.2384	0.265	0.1224	0.3958	0.3067
51	0.1893	0.2438	0.2587	0.0948	0.2795	0.2184	0.1547	0.2644	0.1751	0.2394	0.2661	0.1225	0.396	0.3072
52	0.1874	0.2449	0.2579	0.0955	0.278	0.2187	0.1561	0.2641	0.1751	0.2397	0.2655	0.1228	0.398	0.3073
53	0.1867	0.2416	0.258	0.0954	0.278	0.2179	0.1552	0.2635	0.175	0.2398	0.2656	0.123	0.3984	0.3077
54	0.1838	0.2424	0.26	0.0966	0.2802	0.2189	0.1561	0.2648	0.1758	0.242	0.2671	0.1234	0.4002	0.3091
55	0.1822	0.2408	0.2605	0.097	0.2805	0.2191	0.1565	0.2651	0.176	0.2425	0.2676	0.1236	0.401	0.3098
56	0.1813	0.2435	0.2591	0.0966	0.2798	0.2188	0.157	0.2652	0.1759	0.2422	0.2678	0.1239	0.4025	0.3107
57	0.1795	0.2409	0.2586	0.0968	0.2803	0.2188	0.1582	0.2662	0.1759	0.2433	0.2686	0.1239	0.4032	0.3114
58	0.1783	0.2414	0.2599	0.0977	0.2809	0.2184	0.1569	0.2657	0.1767	0.245	0.2695	0.1242	0.4049	0.3121
59	0.1775	0.2441	0.2606	0.0982	0.282	0.2189	0.1582	0.2668	0.177	0.2456	0.2704	0.1245	0.4055	0.3132
60	0.1747	0.2433	0.2605	0.0978	0.2814	0.2196	0.159	0.2671	0.177	0.2446	0.27	0.1244	0.4062	0.3133
61	0.1721	0.2436	0.2633	0.0982	0.2835	0.2207	0.16	0.268	0.1779	0.246	0.271	0.1247	0.4066	0.3137
62	0.1715	0.2387	0.2622	0.0982	0.2829	0.2215	0.16	0.2687	0.1784	0.2471	0.2718	0.125	0.4077	0.3145
63	0.1693	0.2426	0.2607	0.0977	0.2825	0.2216	0.16	0.2691	0.1784	0.2471	0.2721	0.1253	0.4093	0.3154
64	0.1677	0.2459	0.2612	0.0982	0.2829	0.2214	0.1591	0.2688	0.1781	0.2469	0.272	0.1254	0.4102	0.3157
65	0.1655	0.2386	0.2597	0.0974	0.2813	0.2209	0.1597	0.2682	0.1787	0.2487	0.2723	0.1253	0.4102	0.3154
66	0.1644	0.2425	0.2617	0.0986	0.2823	0.2219	0.1606	0.2688	0.1792	0.2496	0.2727	0.1256	0.4112	0.3159
67	0.1618	0.2445	0.2612	0.0991	0.2828	0.2218	0.1607	0.2696	0.1792	0.2497	0.2737	0.1257	0.4115	0.317
68	0.1613	0.24	0.2609	0.098	0.2826	0.2207	0.1601	0.2689	0.1789	0.2485	0.2731	0.1259	0.4123	0.3172
69	0.1589	0.2429	0.2618	0.0987	0.2833	0.2212	0.1611	0.2695	0.1795	0.2502	0.2741	0.1261	0.413	0.3179
70	0.1577	0.243	0.2609	0.0994	0.2836	0.2219	0.1623	0.2705	0.18	0.2506	0.275	0.1263	0.414	0.3189
71	0.158	0.2401	0.2613	0.0994	0.2835	0.2225	0.162	0.2709	0.1798	0.2504	0.2749	0.1263	0.4141	0.319
72	0.1558	0.2429	0.2635	0.1004	0.2854	0.2227	0.1626	0.2715	0.18	0.2511	0.2754	0.1265	0.4144	0.3195
73	0.1543	0.2433	0.2631	0.1013	0.2853	0.2227	0.163	0.2715	0.1804	0.2514	0.2758	0.1267	0.4147	0.3199
74	0.1522	0.242	0.2634	0.1009	0.2861	0.2237	0.1636	0.2729	0.1809	0.2531	0.2772	0.1269	0.4162	0.321
75	0.1517	0.2402	0.2648	0.1012	0.287	0.2242	0.1645	0.2734	0.181	0.2528	0.2771	0.127	0.4173	0.3214
76	0.1497	0.2454	0.2645	0.1015	0.2854	0.2242	0.165	0.2726	0.1811	0.2542	0.2769	0.1271	0.4181	0.3212
77	0.148	0.2428	0.2639	0.1014	0.2847	0.2243	0.1648	0.2725	0.1809	0.2537	0.2767	0.1273	0.4197	0.3217
78	0.1469	0.2437	0.2651	0.1022	0.2872	0.2243	0.1651	0.2737	0.1813	0.2544	0.2781	0.1274	0.4196	0.3228
79	0.1449	0.2453	0.266	0.1024	0.2867	0.2241	0.1646	0.2727	0.1809	0.2542	0.2771	0.1273	0.4192	0.322
80	0.1445	0.2439	0.267	0.1019	0.2875	0.2247	0.1651	0.2733	0.1818	0.2553	0.278	0.1276	0.4207	0.3227
81	0.1415	0.2447	0.2674	0.1026	0.2887	0.2261	0.1665	0.2753	0.1824	0.2558	0.2794	0.1277	0.42	0.3237
82	0.14	0.2449	0.2657	0.1022	0.2887	0.2255	0.1658	0.2756	0.1821	0.2556	0.2799	0.1277	0.4207	0.3245
83	0.1402	0.2458	0.2672	0.1031	0.2886	0.2246	0.1657	0.2743	0.182	0.2547	0.2789	0.1278	0.4216	0.3242
84	0.1383	0.2453	0.2663	0.1023	0.2871	0.2249	0.1651	0.2738	0.1824	0.2556	0.2791	0.128	0.4226	0.3244
85	0.1371	0.2457	0.2668	0.1022	0.2872	0.2251	0.1658	0.274	0.1828	0.2563	0.2794	0.1281	0.4226	0.3244
86	0.1365	0.2461	0.2672	0.103	0.2888	0.2253	0.1664	0.275	0.1828	0.2567	0.2801	0.1282	0.4246	0.3256
87	0.1351	0.2439	0.2663	0.1035	0.2878	0.226	0.1666	0.2751	0.1828	0.2573	0.2803	0.1282	0.4244	0.3256
88	0.1335	0.2469	0.2672	0.1039	0.2877	0.2259	0.167	0.2746	0.1831	0.2584	0.2802	0.1285	0.4245	0.3255
89	0.1312	0.2477	0.2663	0.1039	0.2871	0.2263	0.1673	0.2749	0.1831	0.2586	0.2803	0.1288	0.4256	0.3261
90	0.131	0.247	0.2654	0.104	0.2869	0.2263	0.168	0.2752	0.1839	0.2596	0.2811	0.1288	0.4263	0.3265
91	0.1293	0.2455	0.2656	0.1039	0.2874	0.2268	0.1685	0.2762	0.1843	0.2599	0.2821	0.129	0.4268	0.3275
92	0.128	0.2475	0.2651	0.103	0.2868	0.2282	0.1697	0.2772	0.1844	0.2606	0.2823	0.129	0.4266	0.3274
93	0.1275	0.2471	0.2657	0.1038	0.2869	0.2281	0.1692	0.2768	0.1842	0.2611	0.2823	0.1292	0.4273	0.3278
94	0.126	0.2493	0.2665	0.1045	0.288	0.2283	0.1705	0.2776	0.1847	0.2617	0.283	0.1293	0.4274	0.3282
95	0.1252	0.2512	0.2661	0.105	0.2878	0.2278	0.1693	0.2771	0.1849	0.2622	0.2833	0.1294	0.428	0.3284
96	0.1236	0.2482	0.2671	0.1048	0.2883	0.2287	0.1709	0.2779	0.1853	0.2627	0.2835	0.1293	0.4282	0.3284
97	0.1232	0.2503	0.2672	0.1048	0.2878	0.2283	0.1713	0.2774	0.1854	0.2627	0.2835	0.1292	0.4284	0.3284
98	0.121	0.2489	0.2673	0.1045	0.2877	0.2279	0.1707	0.277	0.185	0.2618	0.2829	0.1293	0.4286	0.3284
99	0.1196	0.2498	0.2668	0.1053	0.288	0.2287	0.1713	0.2779	0.1848	0.2618	0.2832	0.1295	0.4294	0.329
100	0.1189	0.2487	0.2675	0.1056	0.2883	0.2285	0.1715	0.2777	0.1851	0.2623	0.2834	0.1295	0.4289	0.329
101	0.1179	0.2499	0.2663	0.1051	0.2872	0.2286	0.1713	0.2773	0.1852	0.263	0.2833	0.1295	0.4294	0.329
102	0.118	0.2531	0.267	0.1062	0.2878	0.2282	0.1707	0.2771	0.1853	0.2635	0.2835	0.1295	0.4307	0.3294
103	0.1154	0.2521	0.2654	0.1049	0.2867	0.228	0.171	0.2771	0.185	0.263	0.2832	0.1295	0.4316	0.3295
104	0.1156	0.2527	0.2671	0.1055	0.2884	0.2289	0.1722	0.2785	0.1854	0.2631	0.2841	0.1296	0.4314	0.3301
105	0.1149	0.2504	0.2667	0.1052	0.2885	0.2287	0.1715	0.2785	0.1855	0.2638	0.2847	0.1297	0.4316	0.3307
106	0.1128	0.2516	0.2672	0.106	0.2881	0.2288	0.1711	0.2778	0.1856	0.2634	0.2841	0.1299	0.4326	0.3306
107	0.113	0.2515	0.2681	0.1067	0.2889	0.2286	0.1706	0.2779	0.1856	0.2634	0.2844	0.1301	0.4334	0.3311
108	0.1117	0.2527	0.2676	0.1059	0.2893	0.2286	0.1712	0.2785	0.1853	0.2634	0.2846	0.13	0.4337	0.3316
109	0.111	0.2528	0.2676	0.1062	0.2885	0.229	0.1716	0.2783	0.1854	0.2649	0.2844	0.1297	0.4324	0.3305
110	0.11	0.2555	0.2692	0.1067	0.2899	0.2283	0.1712	0.278	0.1855	0.265	0.2846	0.1298	0.4334	0.331
111	0.1093	0.2578	0.2682	0.1071	0.2892	0.2283	0.1719	0.2779	0.1854	0.265	0.2845	0.1299	0.4341	0.3311
112	0.1075	0.256	0.2667	0.1064	0.2879	0.2286	0.1719	0.2778	0.1851	0.2643	0.2839	0.1296	0.4327	0.3304
113	0.1077	0.2548	0.2671	0.1059	0.2884	0.2282	0.1728	0.2779	0.1854	0.2649	0.2844	0.1298	0.4331	0.3309
114	0.1066	0.2591	0.267	0.1061	0.2888	0.2288	0.173	0.2788	0.1853	0.2652	0.285	0.1298	0.4339	0.3316
115	0.1058	0.2598	0.2666	0.1063	0.2891	0.2282	0.1722	0.2788	0.1852	0.2649	0.2852	0.1298	0.434	0.3321
116	0.1047	0.2555	0.265	0.1053	0.2872	0.2284	0.1732	0.2784	0.1853	0.2655	0.2849	0.1297	0.4342	0.3318
117	0.1039	0.2588	0.2667	0.1064	0.2886	0.2297	0.1741	0.2797	0.1854	0.2655	0.2855	0.1297	0.4342	0.3322
118	0.1027	0.2622	0.2654	0.1059	0.2862	0.2285	0.1726	0.2776	0.1853	0.2646	0.2841	0.1299	0.4348	0.3314
119	0.1027	0.2609	0.2652	0.106	0.2873	0.2282	0.1722	0.278	0.1856	0.2657	0.2852	0.1297	0.4345	0.3319
120	0.1017	0.2591	0.2642	0.1056	0.2861	0.2284	0.1727	0.2777	0.1858	0.2659	0.2848	0.1297	0.4343	0.3314
121	0.1015	0.2637	0.2664	0.1072	0.2876	0.2285	0.1732	0.2782	0.1854	0.2652	0.2848	0.1297	0.4352	0.332
122	0.0996	0.2602	0.2663	0.1068	0.2874	0.2287	0.1735	0.2782	0.1852	0.2655	0.2846	0.1296	0.4342	0.3316
123	0.0992	0.2634	0.2657	0.1067	0.2868	0.2288	0.1731	0.2781	0.186	0.2662	0.2853	0.1298	0.4345	0.3319
124	0.0993	0.2608	0.2654	0.1068	0.2866	0.2289	0.1731	0.2781	0.1862	0.267	0.2857	0.1297	0.4351	0.3322
125	0.0983	0.2646	0.2655	0.1059	0.2869	0.229	0.1743	0.2788	0.1864	0.267	0.2861	0.1299	0.4351	0.3326
126	0.0967	0.2635	0.2661	0.1069	0.2872	0.2292	0.1743	0.2788	0.1863	0.2669	0.2859	0.1299	0.4354	0.3325
127	0.0968	0.2653	0.2654	0.106	0.2868	0.2286	0.1733	0.2781	0.1862	0.2664	0.2856	0.1299	0.436	0.3326
128	0.0967	0.2646	0.2642	0.1053	0.285	0.2278	0.1729	0.2768	0.1859	0.2664	0.2848	0.1298	0.4359	0.3319
129	0.0957	0.2685	0.2638	0.1059	0.285	0.2271	0.1725	0.2765	0.1855	0.2667	0.2848	0.1296	0.4354	0.3318
130	0.0942	0.2653	0.2646	0.1067	0.2856	0.2278	0.1736	0.2772	0.1855	0.2667	0.285	0.1296	0.4366	0.3322
131	0.0941	0.2662	0.2633	0.1064	0.2848	0.228	0.174	0.2773	0.1861	0.267	0.2853	0.1297	0.436	0.3322
132	0.0926	0.2684	0.2654	0.107	0.2867	0.2283	0.1738	0.2778	0.186	0.2675	0.2856	0.1294	0.4361	0.3322
133	0.0932	0.2688	0.265	0.1073	0.2862	0.2269	0.1728	0.2765	0.1856	0.2674	0.2851	0.1292	0.4356	0.3317
134	0.0922	0.2738	0.264	0.1063	0.2853	0.2267	0.1731	0.2762	0.185	0.2673	0.2844	0.1292	0.4363	0.3317
135	0.0919	0.2706	0.2644	0.1066	0.2855	0.2273	0.1742	0.2767	0.1849	0.2668	0.2843	0.1294	0.4361	0.3318
136	0.0913	0.2685	0.264	0.1072	0.2859	0.2266	0.1734	0.2766	0.1849	0.2671	0.2847	0.1295	0.4364	0.3321
137	0.0903	0.2705	0.2639	0.107	0.2859	0.2269	0.1733	0.2768	0.1852	0.2673	0.2849	0.1294	0.4365	0.3322
138	0.0896	0.2721	0.2646	0.1082	0.2864	0.2275	0.1738	0.2773	0.1847	0.2671	0.2847	0.1297	0.4374	0.3327
139	0.0894	0.2685	0.2652	0.1077	0.287	0.2277	0.1742	0.2778	0.1848	0.2669	0.2851	0.1296	0.4374	0.333
140	0.0886	0.2729	0.2651	0.1066	0.2868	0.2274	0.1738	0.2776	0.1854	0.2679	0.2855	0.1296	0.4371	0.3329
141	0.0879	0.2719	0.2651	0.1069	0.2862	0.2276	0.1744	0.2771	0.1851	0.2674	0.2847	0.1294	0.4371	0.3323
142	0.0879	0.2714	0.264	0.1069	0.2855	0.2268	0.1741	0.2767	0.185	0.2674	0.2848	0.1291	0.4358	0.332
143	0.087	0.2723	0.2641	0.1066	0.2859	0.227	0.1752	0.2774	0.1847	0.2666	0.2848	0.1293	0.4372	0.3328
144	0.0871	0.2722	0.265	0.1075	0.2863	0.2258	0.1748	0.2765	0.1847	0.2679	0.2849	0.1294	0.4375	0.3327
145	0.0863	0.2749	0.2636	0.1065	0.2857	0.2266	0.1745	0.2771	0.1849	0.2674	0.2851	0.1294	0.4377	0.333
146	0.0858	0.2745	0.2636	0.1073	0.2852	0.2255	0.1737	0.2759	0.1847	0.2682	0.285	0.1293	0.4369	0.3325
147	0.0859	0.2775	0.2636	0.1077	0.2847	0.2256	0.1739	0.2755	0.1841	0.2676	0.2842	0.1291	0.4369	0.332
148	0.085	0.2764	0.265	0.1082	0.2855	0.2264	0.174	0.2759	0.1844	0.2667	0.2839	0.1293	0.4376	0.3321
149	0.0848	0.273	0.2658	0.1079	0.2864	0.2272	0.1739	0.2769	0.1841	0.266	0.284	0.1293	0.4374	0.3324
150	0.0846	0.2769	0.2642	0.1074	0.285	0.2269	0.1745	0.2765	0.1842	0.2668	0.284	0.1292	0.438	0.3324
151	0.0837	0.2772	0.2648	0.1079	0.2859	0.2258	0.1742	0.2762	0.1845	0.2679	0.2847	0.1293	0.4383	0.3328
152	0.0827	0.2777	0.265	0.1083	0.2863	0.2254	0.1737	0.2759	0.1841	0.2678	0.2845	0.1292	0.4376	0.3326
153	0.0829	0.2775	0.2642	0.1081	0.2854	0.2256	0.1736	0.2759	0.1839	0.2671	0.2843	0.1291	0.4377	0.3327
154	0.0824	0.2823	0.2647	0.1086	0.2855	0.2253	0.1741	0.2755	0.1839	0.2673	0.284	0.1289	0.437	0.332
155	0.082	0.2775	0.2645	0.1083	0.285	0.2256	0.1741	0.2755	0.1838	0.2672	0.2838	0.1289	0.4373	0.332
156	0.0809	0.28	0.2634	0.1081	0.2844	0.2255	0.1743	0.2755	0.1839	0.2671	0.2839	0.129	0.4374	0.3322
157	0.0804	0.2789	0.2642	0.1079	0.2852	0.2251	0.1737	0.2753	0.1844	0.2678	0.2844	0.129	0.4378	0.3322
158	0.0798	0.2807	0.2644	0.1081	0.2852	0.2252	0.1745	0.2755	0.1841	0.2682	0.2844	0.1289	0.4375	0.3323
159	0.08	0.2794	0.2656	0.1084	0.2862	0.2255	0.175	0.2758	0.1843	0.2691	0.2846	0.1289	0.4376	0.3322
160	0.0796	0.2795	0.2651	0.1081	0.2852	0.2259	0.1748	0.2757	0.1834	0.2677	0.2837	0.129	0.4377	0.3321
161	0.0799	0.2812	0.2664	0.1092	0.2868	0.2261	0.175	0.2765	0.1832	0.267	0.284	0.1289	0.4376	0.3326
162	0.0793	0.2829	0.2648	0.1083	0.2853	0.2261	0.175	0.2761	0.1835	0.2688	0.2842	0.1287	0.4371	0.332
163	0.0782	0.2839	0.2645	0.1079	0.2854	0.2253	0.1747	0.2757	0.184	0.2684	0.2844	0.1287	0.4376	0.3322
164	0.0789	0.2829	0.263	0.107	0.284	0.2251	0.1747	0.2751	0.1833	0.2679	0.2834	0.1286	0.4378	0.3316
165	0.0782	0.2824	0.2641	0.1075	0.2849	0.2247	0.1745	0.275	0.1829	0.267	0.2832	0.1286	0.4384	0.3319
166	0.0771	0.2878	0.2626	0.1074	0.2831	0.2239	0.1739	0.2738	0.1825	0.2664	0.2823	0.1286	0.438	0.3313
167	0.0771	0.2826	0.2629	0.1078	0.2838	0.2241	0.1744	0.2744	0.1827	0.267	0.2828	0.1285	0.4372	0.3314
168	0.0757	0.2865	0.2641	0.108	0.2849	0.2237	0.1747	0.2746	0.1825	0.2664	0.2828	0.1286	0.4379	0.3319
169	0.0754	0.2869	0.2637	0.1083	0.2848	0.2241	0.1747	0.2749	0.1823	0.2672	0.283	0.1283	0.4379	0.3319
170	0.0758	0.2867	0.2627	0.1079	0.284	0.2243	0.1748	0.2748	0.1825	0.2674	0.283	0.1284	0.4383	0.3319
171	0.0762	0.2864	0.2622	0.1083	0.2835	0.2235	0.1737	0.2739	0.1823	0.2681	0.2829	0.1283	0.4373	0.3314
172	0.0758	0.2904	0.2622	0.1083	0.2834	0.2237	0.1742	0.2742	0.1826	0.2683	0.2833	0.1282	0.4375	0.3316
173	0.0754	0.286	0.263	0.1084	0.2836	0.2239	0.1738	0.2741	0.1823	0.2677	0.283	0.1281	0.4377	0.3316
174	0.0748	0.2917	0.2629	0.1083	0.2838	0.2237	0.1744	0.2742	0.1826	0.2685	0.2833	0.128	0.4373	0.3315
175	0.074	0.2899	0.2617	0.1082	0.2823	0.2235	0.1737	0.2733	0.1822	0.2679	0.2825	0.128	0.4377	0.3311
176	0.074	0.2886	0.2619	0.1085	0.2826	0.2232	0.1738	0.2734	0.1823	0.2685	0.2829	0.1278	0.4374	0.3311
177	0.0735	0.2912	0.2605	0.1081	0.2813	0.2233	0.1744	0.2732	0.1825	0.2685	0.2827	0.1276	0.4367	0.3306
178	0.0735	0.2916	0.2612	0.1083	0.283	0.2228	0.1742	0.2737	0.1825	0.2688	0.2835	0.1277	0.4367	0.3312
179	0.0727	0.2941	0.2607	0.1075	0.2833	0.223	0.1746	0.2743	0.1825	0.2691	0.2838	0.1278	0.4365	0.3315
180	0.0726	0.2931	0.2616	0.1079	0.284	0.224	0.1747	0.275	0.1825	0.2689	0.2838	0.1276	0.4364	0.3314
181	0.0725	0.2926	0.2623	0.1083	0.2853	0.2239	0.1743	0.2755	0.1826	0.2684	0.2842	0.1277	0.4366	0.3319
182	0.0724	0.2921	0.2624	0.1077	0.285	0.2243	0.1749	0.2756	0.1826	0.2691	0.284	0.1276	0.4364	0.3315
183	0.0712	0.2914	0.261	0.1075	0.2847	0.2243	0.1749	0.2759	0.1826	0.2684	0.2842	0.1277	0.4366	0.3319
184	0.072	0.2921	0.2608	0.1074	0.2842	0.2244	0.1756	0.2759	0.1825	0.2686	0.2842	0.1275	0.4359	0.3316
185	0.0708	0.2898	0.2602	0.1068	0.2839	0.2239	0.1749	0.2755	0.182	0.2679	0.2836	0.1275	0.4363	0.3316
186	0.0705	0.2959	0.2622	0.1074	0.285	0.2237	0.1747	0.2753	0.1819	0.268	0.2837	0.1274	0.4362	0.3315
187	0.0705	0.2971	0.2607	0.1072	0.2838	0.2239	0.1748	0.2753	0.1818	0.2684	0.2837	0.1274	0.4363	0.3316
188	0.0703	0.2943	0.2609	0.1071	0.2836	0.2233	0.1739	0.2746	0.1816	0.2681	0.2834	0.1274	0.435	0.3312
189	0.0707	0.2961	0.261	0.1067	0.283	0.223	0.1741	0.2739	0.1817	0.2683	0.2829	0.1275	0.4359	0.3309
190	0.0697	0.2942	0.2598	0.1061	0.2822	0.2231	0.1745	0.2739	0.1816	0.2683	0.2827	0.1274	0.4354	0.3306
191	0.07	0.2973	0.2601	0.1071	0.2822	0.2232	0.1748	0.2738	0.1815	0.2679	0.2823	0.1274	0.4357	0.3304
192	0.0697	0.301	0.2607	0.1075	0.2831	0.2229	0.1746	0.274	0.1813	0.2683	0.2826	0.1273	0.4357	0.3306
193	0.0692	0.2984	0.2602	0.1073	0.2825	0.2225	0.175	0.2737	0.1813	0.2683	0.2825	0.1275	0.436	0.3307
194	0.0686	0.298	0.2599	0.1073	0.2832	0.2226	0.1741	0.2739	0.1816	0.2682	0.2829	0.1273	0.4362	0.3309
195	0.0691	0.3035	0.26	0.1075	0.2828	0.2229	0.175	0.274	0.1812	0.2685	0.2826	0.1274	0.4367	0.3308
196	0.0688	0.3015	0.2593	0.1071	0.2824	0.2219	0.174	0.2735	0.1816	0.2687	0.2831	0.1272	0.4358	0.3307
197	0.0676	0.3047	0.2587	0.1065	0.2817	0.2219	0.1741	0.2732	0.1808	0.2676	0.282	0.1271	0.4357	0.3302
198	0.0683	0.3032	0.2594	0.1065	0.2817	0.2219	0.1742	0.273	0.1807	0.2674	0.2819	0.1271	0.4352	0.3302
199	0.0675	0.3053	0.2593	0.1062	0.2817	0.2219	0.1739	0.273	0.1805	0.2676	0.2819	0.1268	0.4339	0.3297
200	0.0675	0.3031	0.2586	0.1065	0.2812	0.2219	0.1741	0.2728	0.18	0.2673	0.2813	0.1265	0.4334	0.3292
201	0.0674	0.3056	0.2587	0.107	0.2814	0.2217	0.1737	0.2726	0.1802	0.2669	0.2813	0.1266	0.4333	0.3293
202	0.0666	0.3025	0.2592	0.1075	0.2816	0.2212	0.1728	0.2722	0.18	0.2664	0.2811	0.1266	0.433	0.3292
203	0.0669	0.3023	0.2588	0.1069	0.281	0.2208	0.1727	0.2716	0.1799	0.2668	0.2808	0.1265	0.4327	0.3287
204	0.0666	0.3057	0.2584	0.1073	0.2807	0.2212	0.1723	0.2717	0.1805	0.2669	0.281	0.1267	0.4336	0.3288
205	0.0665	0.3071	0.2594	0.108	0.2819	0.2214	0.1728	0.2724	0.1806	0.2673	0.2816	0.1266	0.4334	0.3292
206	0.0659	0.3073	0.2583	0.1076	0.2813	0.2207	0.1727	0.272	0.1801	0.2665	0.2813	0.1266	0.4338	0.3295
207	0.066	0.3068	0.2591	0.1075	0.2811	0.2213	0.1734	0.2719	0.1797	0.2666	0.2804	0.1264	0.4336	0.3286
208	0.0659	0.3065	0.2583	0.1072	0.28	0.2211	0.1735	0.2713	0.18	0.2664	0.2802	0.1263	0.4333	0.3281
209	0.0649	0.3064	0.2585	0.1076	0.2798	0.2209	0.1733	0.271	0.1795	0.2662	0.2798	0.1262	0.4332	0.328
210	0.0655	0.3098	0.2596	0.1075	0.2818	0.2203	0.1726	0.2715	0.1794	0.2664	0.2804	0.1262	0.4334	0.3285
211	0.0653	0.3069	0.259	0.1077	0.2818	0.221	0.1736	0.2724	0.1792	0.2658	0.2806	0.1262	0.4338	0.3291
212	0.065	0.3093	0.2574	0.1066	0.2802	0.2208	0.1736	0.2717	0.1791	0.2663	0.2802	0.1261	0.4327	0.3284
213	0.0644	0.3051	0.2579	0.1068	0.2803	0.2207	0.1734	0.2715	0.1791	0.2657	0.2799	0.1261	0.4328	0.3282
214	0.065	0.3087	0.2587	0.107	0.2813	0.2203	0.1733	0.2716	0.1791	0.2653	0.28	0.126	0.4333	0.3284
215	0.0646	0.3106	0.2581	0.1068	0.2801	0.2205	0.1737	0.2713	0.1785	0.2647	0.2792	0.1259	0.4329	0.3278
216	0.0638	0.3111	0.259	0.1074	0.2804	0.2203	0.1738	0.271	0.1785	0.2642	0.279	0.1259	0.4328	0.3278
217	0.064	0.3095	0.2592	0.1079	0.2804	0.2199	0.1734	0.2705	0.1785	0.265	0.2789	0.1259	0.433	0.3276
218	0.0641	0.3096	0.2588	0.1075	0.2802	0.2193	0.1723	0.27	0.1783	0.2643	0.2786	0.1258	0.4331	0.3275
219	0.0632	0.3085	0.2592	0.108	0.2798	0.2203	0.1733	0.2702	0.178	0.2639	0.278	0.1257	0.4334	0.3272
220	0.0637	0.3117	0.2589	0.1076	0.2802	0.2194	0.1725	0.2698	0.1781	0.2651	0.2786	0.1255	0.4331	0.3272
221	0.0627	0.3135	0.2578	0.1076	0.2791	0.2196	0.1735	0.2699	0.1784	0.2651	0.2786	0.1255	0.4325	0.327
222	0.0632	0.3098	0.258	0.1081	0.28	0.22	0.1736	0.2706	0.1782	0.2647	0.2787	0.1255	0.4321	0.3272
223	0.063	0.3156	0.2571	0.1075	0.279	0.2195	0.1726	0.2697	0.1781	0.2647	0.2783	0.1254	0.4319	0.3267
224	0.0629	0.3154	0.2577	0.1077	0.279	0.2189	0.1723	0.2691	0.1782	0.2651	0.2782	0.1252	0.4315	0.3263
225	0.0619	0.3089	0.2558	0.1069	0.2777	0.2181	0.172	0.2684	0.1775	0.2639	0.2773	0.1252	0.4317	0.326
226	0.0627	0.3161	0.2559	0.107	0.2782	0.2181	0.1721	0.2688	0.1774	0.2639	0.2777	0.1252	0.4311	0.3262
227	0.0624	0.3156	0.2558	0.1065	0.2779	0.2182	0.1724	0.2688	0.1775	0.2647	0.2778	0.1252	0.431	0.326
228	0.0623	0.3147	0.2566	0.1069	0.2776	0.218	0.1722	0.2681	0.1772	0.2645	0.2772	0.1252	0.4311	0.3258
229	0.0618	0.3171	0.2551	0.1069	0.2764	0.2178	0.172	0.2677	0.1774	0.2645	0.277	0.1251	0.4312	0.3255
230	0.0618	0.3161	0.2556	0.1066	0.2766	0.218	0.1721	0.2677	0.1778	0.2652	0.2772	0.125	0.4302	0.3251
231	0.0615	0.3157	0.2541	0.1059	0.2754	0.2177	0.1721	0.2673	0.1776	0.2651	0.2768	0.1248	0.4304	0.3247
232	0.0615	0.3202	0.2534	0.1059	0.2753	0.2182	0.1717	0.2678	0.1778	0.265	0.2772	0.1246	0.4299	0.3248
233	0.0611	0.322	0.2545	0.1066	0.2766	0.2177	0.1707	0.2677	0.1777	0.2648	0.2774	0.1248	0.4297	0.325
234	0.0608	0.3195	0.2554	0.1069	0.2771	0.2172	0.1708	0.2675	0.1774	0.265	0.2773	0.1247	0.4297	0.3249
235	0.0603	0.3161	0.2545	0.1063	0.2766	0.2176	0.1713	0.2677	0.1773	0.2653	0.2773	0.1247	0.4302	0.3252
236	0.0604	0.3153	0.2553	0.1068	0.2775	0.2177	0.172	0.2682	0.1774	0.2657	0.2776	0.1248	0.431	0.3255
237	0.06	0.316	0.2557	0.107	0.2775	0.2177	0.1726	0.268	0.1776	0.2647	0.2772	0.1249	0.4316	0.3254
238	0.0599	0.3193	0.2556	0.1071	0.2766	0.2175	0.1722	0.2673	0.1775	0.2647	0.2769	0.1246	0.4303	0.3248
239	0.06	0.3208	0.2545	0.1061	0.2753	0.218	0.1725	0.2672	0.1774	0.2647	0.2764	0.1246	0.4298	0.3243
240	0.0601	0.3178	0.2538	0.1057	0.2749	0.2171	0.1719	0.2667	0.1775	0.2643	0.2764	0.1244	0.4292	0.324
241	0.0598	0.3182	0.2545	0.1059	0.2754	0.217	0.1716	0.2665	0.1771	0.264	0.276	0.1245	0.4296	0.3239
242	0.06	0.3191	0.2549	0.1061	0.276	0.2166	0.1708	0.2664	0.1771	0.2643	0.2763	0.1243	0.429	0.3239
243	0.0595	0.319	0.2558	0.1073	0.2764	0.2169	0.1707	0.2664	0.1766	0.2636	0.2757	0.1244	0.4295	0.3239
244	0.0596	0.3181	0.2548	0.1064	0.2752	0.2165	0.171	0.2658	0.1764	0.2633	0.2752	0.1244	0.4301	0.3237
245	0.0596	0.3248	0.2543	0.1057	0.2746	0.216	0.1706	0.2654	0.1761	0.2627	0.2749	0.1241	0.4292	0.3233
246	0.059	0.3185	0.2538	0.1061	0.2754	0.2162	0.1706	0.2663	0.1763	0.2623	0.2756	0.1243	0.4295	0.3242
247	0.059	0.3249	0.2539	0.1058	0.2753	0.2166	0.171	0.2666	0.1765	0.2629	0.276	0.1241	0.4291	0.3242
248	0.0588	0.3221	0.2541	0.1057	0.2756	0.2167	0.1712	0.2667	0.1768	0.2637	0.2764	0.1241	0.429	0.3242
249	0.0589	0.3223	0.254	0.1065	0.2751	0.2159	0.1703	0.2658	0.1766	0.2633	0.2759	0.1239	0.4282	0.3236
250	0.0588	0.3227	0.2529	0.1058	0.2739	0.216	0.1707	0.2656	0.1765	0.2627	0.2753	0.1239	0.4284	0.3233
251	0.0588	0.3277	0.2539	0.1059	0.2747	0.2163	0.1714	0.266	0.1765	0.2634	0.2756	0.1239	0.4283	0.3233
252	0.0585	0.3271	0.2532	0.1056	0.2744	0.2157	0.1706	0.2656	0.1761	0.2633	0.2754	0.124	0.4285	0.3234
253	0.0582	0.3201	0.2537	0.1053	0.2743	0.2155	0.1701	0.2652	0.1761	0.2634	0.2752	0.1241	0.4289	0.3233
254	0.0581	0.3242	0.2527	0.1049	0.274	0.2161	0.1705	0.2658	0.1762	0.2638	0.2755	0.1239	0.4279	0.3231
255	0.058	0.3277	0.2519	0.1049	0.2736	0.2155	0.1706	0.2654	0.1759	0.2629	0.2751	0.1238	0.4281	0.323
256	0.0584	0.3229	0.2527	0.105	0.2735	0.2153	0.1702	0.2649	0.1759	0.2625	0.2746	0.1236	0.4279	0.3226
257	0.0574	0.3265	0.2525	0.1048	0.2735	0.2151	0.1699	0.2647	0.1757	0.2627	0.2746	0.1236	0.4278	0.3225
258	0.0572	0.3267	0.2513	0.1045	0.2723	0.2147	0.17	0.2642	0.1762	0.2632	0.2747	0.1236	0.4276	0.3222
259	0.0578	0.3254	0.2522	0.1047	0.2728	0.2152	0.1705	0.2646	0.1762	0.2631	0.2747	0.1237	0.4276	0.3223
260	0.0575	0.3232	0.252	0.1051	0.2729	0.2144	0.1689	0.264	0.1759	0.2631	0.2748	0.1237	0.4275	0.3225
261	0.058	0.3262	0.2516	0.1052	0.2728	0.2147	0.1695	0.2643	0.1756	0.2633	0.2746	0.1233	0.4266	0.322
262	0.0572	0.3231	0.2525	0.1053	0.2732	0.2146	0.1696	0.2642	0.1753	0.2633	0.2744	0.1233	0.427	0.322
263	0.0562	0.3283	0.2528	0.1051	0.2737	0.2152	0.1706	0.265	0.1757	0.2631	0.2748	0.1235	0.4274	0.3224
264	0.0567	0.3306	0.2523	0.1049	0.273	0.2153	0.1703	0.2647	0.1754	0.2631	0.2744	0.1234	0.4269	0.322
265	0.0568	0.3289	0.2518	0.1052	0.2732	0.2145	0.1695	0.2642	0.1754	0.2626	0.2743	0.1235	0.4271	0.322
266	0.0569	0.3274	0.2527	0.1053	0.2733	0.214	0.1686	0.2635	0.1754	0.2629	0.2741	0.1233	0.4258	0.3214
267	0.0566	0.3265	0.2523	0.1044	0.2733	0.214	0.1692	0.2638	0.1749	0.2617	0.2737	0.1233	0.4267	0.3216
268	0.0561	0.3321	0.2512	0.1047	0.2728	0.2144	0.1695	0.2641	0.1754	0.263	0.2744	0.1233	0.4269	0.3219
269	0.0561	0.33	0.2503	0.1032	0.2714	0.2143	0.1694	0.2636	0.1751	0.2628	0.2738	0.1231	0.4263	0.3213
270	0.0568	0.3294	0.2513	0.1037	0.2722	0.2143	0.1696	0.2638	0.1747	0.2617	0.2735	0.1232	0.4259	0.3214
271	0.0561	0.3296	0.2511	0.1042	0.2726	0.2142	0.1695	0.2641	0.1748	0.2616	0.2737	0.1231	0.4262	0.3215
272	0.0563	0.3295	0.2516	0.1048	0.273	0.2133	0.1687	0.2634	0.1747	0.2617	0.2736	0.1232	0.4262	0.3214
273	0.0555	0.3319	0.2516	0.1047	0.2735	0.2135	0.1689	0.2639	0.1749	0.2618	0.274	0.123	0.4257	0.3214
274	0.0559	0.3313	0.2514	0.105	0.2734	0.2133	0.1689	0.2637	0.1747	0.2619	0.2738	0.1229	0.4253	0.3212
275	0.0554	0.329	0.2518	0.1045	0.2733	0.2133	0.1685	0.2634	0.1745	0.2615	0.2734	0.1228	0.4258	0.321
276	0.0555	0.3326	0.2503	0.1039	0.2729	0.2139	0.1683	0.264	0.1748	0.2612	0.2738	0.1228	0.4258	0.3212
277	0.0553	0.3325	0.2509	0.1048	0.2727	0.2138	0.1687	0.2636	0.1749	0.2613	0.2735	0.1229	0.4263	0.321
278	0.0557	0.3359	0.2501	0.1046	0.272	0.2132	0.1683	0.2629	0.1744	0.2612	0.2728	0.1227	0.4259	0.3203
279	0.0549	0.3351	0.2497	0.1041	0.2718	0.2136	0.1682	0.263	0.1744	0.2604	0.2726	0.1228	0.4255	0.3204
280	0.0554	0.3344	0.2498	0.1038	0.2722	0.2144	0.1694	0.2641	0.1742	0.2604	0.2729	0.1229	0.4259	0.3209
281	0.055	0.3336	0.2497	0.1035	0.2721	0.2138	0.1693	0.2638	0.1741	0.2602	0.2727	0.1228	0.4258	0.3208
282	0.055	0.3335	0.25	0.1039	0.272	0.2133	0.1685	0.263	0.1741	0.2601	0.2723	0.1227	0.4258	0.3203
283	0.0553	0.3324	0.2497	0.1035	0.2717	0.2126	0.1686	0.2626	0.1739	0.2605	0.2723	0.1226	0.4256	0.3201
284	0.0542	0.3383	0.2497	0.1046	0.2717	0.2119	0.1678	0.262	0.1742	0.2607	0.2724	0.1226	0.4255	0.32
285	0.0547	0.3383	0.2495	0.1046	0.2712	0.2121	0.1686	0.2619	0.1737	0.2605	0.2719	0.1225	0.4251	0.3197
286	0.0542	0.3348	0.2503	0.1044	0.272	0.2127	0.1697	0.2627	0.1738	0.2601	0.2719	0.1225	0.4256	0.3198
287	0.0549	0.3404	0.2478	0.1033	0.2697	0.2128	0.1694	0.2621	0.1739	0.2598	0.2713	0.1224	0.425	0.319
288	0.0545	0.3321	0.2492	0.1044	0.2705	0.2124	0.1689	0.2618	0.1736	0.2601	0.2712	0.1222	0.4246	0.3188
289	0.0542	0.3364	0.2502	0.1048	0.2711	0.212	0.1685	0.2615	0.1739	0.2604	0.2715	0.1223	0.4248	0.3189
290	0.0539	0.3409	0.2511	0.1051	0.2714	0.2118	0.1682	0.2611	0.1739	0.2599	0.2712	0.1221	0.4244	0.3186
291	0.0541	0.3373	0.2513	0.105	0.2715	0.212	0.1686	0.2614	0.1736	0.26	0.2712	0.1222	0.4247	0.3187
292	0.0543	0.34	0.2515	0.1052	0.2726	0.2122	0.1684	0.2621	0.1736	0.2601	0.2718	0.1222	0.4245	0.3192
293	0.0536	0.3381	0.2518	0.1052	0.2722	0.2123	0.1687	0.262	0.1737	0.2603	0.2717	0.1222	0.4248	0.3192
294	0.0542	0.3367	0.2504	0.1048	0.2711	0.2123	0.1685	0.2616	0.1732	0.2603	0.2712	0.1222	0.4246	0.3188
295	0.0537	0.3373	0.2497	0.1043	0.2708	0.2114	0.1685	0.2613	0.1732	0.2596	0.271	0.1222	0.425	0.319
296	0.0538	0.3419	0.2506	0.1049	0.2724	0.2123	0.169	0.2627	0.1731	0.26	0.2718	0.1222	0.4247	0.3197
297	0.0535	0.3414	0.25	0.1047	0.2719	0.2121	0.1684	0.2623	0.1736	0.2598	0.2719	0.1222	0.4248	0.3195
298	0.0535	0.3404	0.2509	0.1048	0.2723	0.2122	0.1688	0.2624	0.1737	0.2597	0.272	0.1222	0.4248	0.3196
299	0.0531	0.341	0.2505	0.1044	0.2712	0.212	0.1684	0.2615	0.1729	0.2588	0.2707	0.1221	0.4242	0.3188
300	0.0532	0.3419	0.249	0.1042	0.2703	0.2113	0.1675	0.2609	0.1727	0.2588	0.2705	0.122	0.4247	0.3187
301	0.0529	0.3378	0.2493	0.1045	0.27	0.211	0.1677	0.2605	0.1726	0.2582	0.2701	0.1219	0.4243	0.3182
302	0.0528	0.3419	0.2505	0.1045	0.2705	0.2113	0.1675	0.2603	0.1725	0.2587	0.2698	0.1218	0.424	0.3178
303	0.0533	0.3414	0.2509	0.1045	0.2711	0.2117	0.168	0.261	0.1726	0.259	0.2703	0.1217	0.4234	0.318
304	0.0529	0.3426	0.2504	0.1047	0.2708	0.2114	0.1677	0.2608	0.1722	0.2587	0.27	0.1216	0.4224	0.3176
305	0.0527	0.3406	0.251	0.1044	0.2709	0.2115	0.1678	0.2606	0.1725	0.2583	0.2698	0.1217	0.4234	0.3177
306	0.0527	0.3468	0.2492	0.1038	0.2698	0.2117	0.1675	0.2604	0.1723	0.258	0.2694	0.1216	0.4234	0.3174
307	0.0525	0.3427	0.2496	0.1041	0.27	0.2109	0.1678	0.26	0.1723	0.2582	0.2694	0.1215	0.4233	0.3172
308	0.0529	0.3417	0.2487	0.1035	0.269	0.2112	0.1675	0.2598	0.1726	0.2589	0.2695	0.1215	0.424	0.3172
309	0.0526	0.3436	0.2473	0.1029	0.268	0.2108	0.1671	0.2595	0.1724	0.2594	0.2695	0.1214	0.4236	0.3171
310	0.0522	0.35	0.2466	0.1031	0.268	0.2106	0.1671	0.2594	0.1719	0.2582	0.269	0.1213	0.4231	0.3168
311	0.0525	0.3422	0.2478	0.1035	0.2687	0.2109	0.1676	0.2597	0.1723	0.2585	0.2693	0.1214	0.4231	0.3169
312	0.0519	0.3415	0.2471	0.1033	0.268	0.2106	0.1678	0.2595	0.1717	0.258	0.2688	0.1211	0.4219	0.3163
313	0.0521	0.3414	0.2468	0.103	0.2675	0.211	0.1675	0.2594	0.1718	0.2584	0.2687	0.1211	0.4223	0.3162
314	0.052	0.3421	0.2472	0.1035	0.2678	0.2115	0.1676	0.2598	0.1715	0.2578	0.2686	0.1213	0.4229	0.3167
315	0.052	0.3492	0.2481	0.104	0.2686	0.2112	0.1677	0.2597	0.1714	0.2576	0.2685	0.1212	0.4225	0.3165
316	0.052	0.3486	0.2474	0.1035	0.2679	0.2112	0.1674	0.2595	0.1714	0.2578	0.2684	0.1212	0.422	0.3162
317	0.0518	0.3494	0.248	0.1037	0.2679	0.2111	0.1671	0.259	0.1713	0.2579	0.2681	0.1211	0.4222	0.3159
318	0.0517	0.3452	0.2484	0.1036	0.2686	0.2109	0.1671	0.2593	0.1713	0.2582	0.2684	0.121	0.422	0.3161
319	0.0517	0.3479	0.2479	0.1036	0.268	0.2114	0.1678	0.2595	0.1712	0.2574	0.2679	0.1209	0.4212	0.3156
320	0.0516	0.3458	0.2496	0.1044	0.2694	0.2109	0.1674	0.2594	0.1711	0.257	0.268	0.1209	0.4212	0.3158
321	0.0515	0.3479	0.2495	0.1044	0.2695	0.2101	0.1667	0.259	0.1712	0.2575	0.2683	0.1208	0.4207	0.3157
322	0.052	0.3496	0.2483	0.1038	0.2689	0.2104	0.1668	0.2593	0.1713	0.2575	0.2686	0.1209	0.4213	0.3162
323	0.0513	0.35	0.2479	0.1035	0.2682	0.2108	0.1679	0.2595	0.1712	0.2573	0.2683	0.1209	0.4211	0.3161
324	0.0509	0.3501	0.2481	0.1037	0.2687	0.2106	0.1678	0.2595	0.1707	0.257	0.268	0.1207	0.4208	0.3157
325	0.051	0.3488	0.2491	0.1043	0.2697	0.2102	0.1671	0.2594	0.171	0.2571	0.2684	0.1206	0.4208	0.3159
326	0.0512	0.3506	0.248	0.104	0.2688	0.2097	0.1668	0.2589	0.171	0.2573	0.2683	0.1206	0.4203	0.3155
327	0.0512	0.3524	0.2479	0.1035	0.2684	0.2095	0.1668	0.2584	0.1711	0.2574	0.268	0.1205	0.4199	0.3151
328	0.0515	0.351	0.248	0.1038	0.2691	0.2099	0.1666	0.2589	0.1709	0.2566	0.268	0.1206	0.4201	0.3155
329	0.0514	0.3537	0.2462	0.1032	0.2669	0.2089	0.166	0.2575	0.1706	0.2563	0.267	0.1204	0.4201	0.3146
330	0.0513	0.3441	0.2464	0.1033	0.2672	0.2095	0.1669	0.2581	0.1704	0.2565	0.2671	0.1202	0.4195	0.3145
331	0.0514	0.3504	0.2468	0.1043	0.2673	0.2095	0.167	0.258	0.1701	0.2565	0.2668	0.1201	0.4196	0.3144
332	0.0516	0.3478	0.2458	0.1038	0.2667	0.2095	0.1672	0.258	0.1703	0.2564	0.2668	0.1202	0.42	0.3145
333	0.0508	0.3591	0.2462	0.1035	0.2669	0.2091	0.1669	0.2578	0.1702	0.2567	0.2668	0.12	0.4196	0.3143
334	0.0508	0.3504	0.2474	0.1043	0.2672	0.2096	0.1678	0.258	0.1698	0.2559	0.2663	0.1201	0.42	0.3141
335	0.0505	0.3536	0.2468	0.1041	0.2674	0.2094	0.1671	0.2582	0.1697	0.2561	0.2666	0.1201	0.4196	0.3142
336	0.0504	0.3526	0.2472	0.1043	0.268	0.209	0.1665	0.2581	0.1699	0.2562	0.2669	0.1202	0.4197	0.3145
337	0.0505	0.3589	0.2459	0.1038	0.2666	0.2088	0.1666	0.2575	0.1696	0.2553	0.2661	0.12	0.4197	0.314
338	0.0506	0.3512	0.2463	0.1036	0.2669	0.2087	0.1665	0.2573	0.1694	0.2548	0.2657	0.1201	0.4199	0.3139
339	0.0502	0.354	0.2458	0.1029	0.2659	0.208	0.1657	0.2564	0.1694	0.2555	0.2656	0.1199	0.4194	0.3135
340	0.0505	0.3535	0.2454	0.1027	0.2666	0.2093	0.1667	0.2581	0.1699	0.2558	0.2667	0.1201	0.4198	0.3144
341	0.05	0.3533	0.2465	0.1033	0.2677	0.2094	0.167	0.2585	0.1697	0.2559	0.2669	0.1201	0.42	0.3148
342	0.0503	0.352	0.247	0.1031	0.2678	0.2087	0.1668	0.258	0.1698	0.2559	0.2667	0.12	0.4191	0.3142
343	0.0499	0.3542	0.2465	0.103	0.2674	0.2086	0.1662	0.2576	0.1701	0.256	0.2666	0.1198	0.4192	0.3138
344	0.0502	0.353	0.2476	0.1034	0.2688	0.2089	0.1658	0.2583	0.1704	0.2565	0.2675	0.1199	0.4189	0.3144
345	0.05	0.3597	0.2466	0.1034	0.2679	0.2087	0.1661	0.258	0.1705	0.2566	0.2674	0.1198	0.4181	0.314
346	0.0498	0.3573	0.2457	0.1026	0.2672	0.2087	0.1664	0.258	0.1703	0.2567	0.2673	0.1198	0.4182	0.314
347	0.0498	0.3529	0.2466	0.1035	0.2675	0.2081	0.1662	0.2573	0.1701	0.2561	0.2667	0.1197	0.4181	0.3136
348	0.0501	0.3559	0.2468	0.1034	0.2676	0.2082	0.166	0.2574	0.1699	0.2559	0.2667	0.1197	0.4185	0.3138
349	0.0497	0.3528	0.2467	0.1031	0.2683	0.2079	0.1657	0.2576	0.1701	0.2569	0.2674	0.1195	0.4179	0.3138
350	0.0503	0.3528	0.2457	0.1024	0.2663	0.2077	0.1651	0.2564	0.1704	0.2574	0.2668	0.1196	0.4175	0.313
351	0.0497	0.3578	0.2459	0.1024	0.2668	0.2071	0.1651	0.2564	0.1696	0.2561	0.2663	0.1196	0.4176	0.3132
352	0.0495	0.3617	0.246	0.1024	0.2674	0.2081	0.166	0.2574	0.1693	0.2552	0.2661	0.1195	0.4175	0.3133
353	0.0501	0.3534	0.2452	0.1027	0.2669	0.2079	0.1662	0.2573	0.169	0.2546	0.2658	0.1196	0.4181	0.3134
354	0.0497	0.3551	0.2438	0.102	0.2659	0.2076	0.1659	0.257	0.1692	0.2551	0.266	0.1194	0.418	0.3133
355	0.0498	0.3506	0.245	0.1021	0.2661	0.2075	0.166	0.2565	0.1695	0.2553	0.2659	0.1195	0.4178	0.3129
356	0.0491	0.3537	0.2446	0.1021	0.2659	0.2062	0.1649	0.2556	0.1693	0.2545	0.2656	0.1194	0.4183	0.313
357	0.0492	0.3559	0.2437	0.1018	0.2655	0.2069	0.1651	0.2561	0.1694	0.255	0.2659	0.1196	0.4191	0.3134
358	0.0498	0.358	0.2444	0.1018	0.2657	0.2063	0.1648	0.2557	0.1695	0.2556	0.2659	0.1195	0.4187	0.3131
359	0.0494	0.3587	0.2436	0.1022	0.2648	0.2061	0.1649	0.2552	0.1692	0.2559	0.2655	0.1196	0.4185	0.3129
360	0.0487	0.3641	0.2438	0.1018	0.2643	0.2063	0.165	0.2549	0.169	0.255	0.265	0.1193	0.4177	0.3123
361	0.0494	0.3573	0.2431	0.1017	0.2641	0.2059	0.1649	0.2547	0.1691	0.2557	0.2652	0.1193	0.4177	0.3123
362	0.0492	0.3644	0.2431	0.1018	0.2643	0.2066	0.1653	0.2555	0.1693	0.2555	0.2654	0.1193	0.4173	0.3124
363	0.049	0.3607	0.244	0.1022	0.265	0.2072	0.1652	0.2557	0.1697	0.2565	0.2658	0.1193	0.4169	0.3121
364	0.0493	0.3607	0.2434	0.102	0.2644	0.2062	0.1646	0.2549	0.1686	0.2555	0.2649	0.1191	0.4164	0.3118
365	0.0492	0.3596	0.2426	0.1017	0.2633	0.2063	0.165	0.2546	0.1687	0.2552	0.2645	0.1191	0.4159	0.3112
366	0.0489	0.3587	0.2432	0.1023	0.2638	0.2064	0.1654	0.2548	0.1687	0.2545	0.2645	0.119	0.4162	0.3114
367	0.0485	0.3594	0.2429	0.1022	0.264	0.2069	0.1652	0.2554	0.1687	0.2543	0.2647	0.119	0.4165	0.3117
368	0.0488	0.3619	0.2439	0.1018	0.2643	0.2067	0.1649	0.255	0.1687	0.2546	0.2645	0.1191	0.4158	0.3114
369	0.0487	0.3628	0.2439	0.1022	0.2645	0.2063	0.1644	0.2548	0.1684	0.2551	0.2646	0.119	0.416	0.3115
370	0.0493	0.3636	0.2429	0.102	0.2634	0.2063	0.1648	0.2545	0.1682	0.2544	0.264	0.1192	0.4165	0.3114
371	0.0483	0.3597	0.2423	0.1019	0.2634	0.2063	0.165	0.2548	0.1683	0.2548	0.2644	0.1193	0.4165	0.3118
372	0.0484	0.3615	0.243	0.102	0.2639	0.2062	0.165	0.2548	0.1683	0.2549	0.2644	0.1192	0.4165	0.3117
373	0.0481	0.3559	0.2435	0.1019	0.2646	0.2058	0.1648	0.2548	0.1683	0.2547	0.2645	0.1193	0.4172	0.312
374	0.0487	0.364	0.2439	0.1018	0.2645	0.2057	0.1645	0.2545	0.1679	0.2551	0.2643	0.1192	0.4173	0.3119
375	0.0484	0.3584	0.2451	0.1026	0.2658	0.2058	0.1644	0.2549	0.1681	0.2543	0.2645	0.1192	0.4167	0.312
376	0.0482	0.3595	0.2444	0.102	0.265	0.2059	0.1644	0.2548	0.1678	0.2538	0.264	0.1191	0.4166	0.3118
377	0.0482	0.3649	0.2441	0.1017	0.2645	0.206	0.1647	0.2547	0.1682	0.255	0.2644	0.119	0.417	0.3117
378	0.0482	0.3678	0.2434	0.1013	0.264	0.2053	0.1643	0.254	0.1683	0.2548	0.2641	0.1191	0.4175	0.3116
379	0.0485	0.3647	0.2434	0.1014	0.2646	0.2053	0.165	0.2546	0.1681	0.2543	0.2643	0.119	0.4168	0.3117
380	0.048	0.3674	0.2438	0.1013	0.2647	0.2057	0.1648	0.2548	0.1681	0.2545	0.2643	0.1189	0.4167	0.3116
381	0.0479	0.3656	0.244	0.1017	0.2646	0.2056	0.165	0.2545	0.168	0.2538	0.2639	0.1188	0.416	0.3113
382	0.0481	0.365	0.2431	0.1014	0.2638	0.2056	0.1647	0.2543	0.1678	0.2542	0.2638	0.1186	0.4158	0.311
383	0.0476	0.3656	0.2439	0.102	0.2639	0.2054	0.1649	0.254	0.1677	0.2536	0.2633	0.1185	0.4159	0.3106
384	0.0483	0.368	0.2424	0.1015	0.2627	0.2043	0.1637	0.2529	0.1675	0.2538	0.2631	0.1185	0.4158	0.3104
385	0.0481	0.3668	0.242	0.1013	0.2625	0.2052	0.1641	0.2534	0.1674	0.2537	0.2629	0.1184	0.4155	0.3102
386	0.0478	0.3629	0.2428	0.1014	0.263	0.2045	0.1633	0.2529	0.1669	0.2532	0.2625	0.1185	0.4153	0.3102
387	0.0477	0.3686	0.2424	0.1008	0.2624	0.2046	0.1633	0.2527	0.167	0.2536	0.2624	0.1185	0.4156	0.31
388	0.0478	0.3713	0.2416	0.1009	0.2618	0.2037	0.1629	0.2519	0.1671	0.2534	0.2622	0.1185	0.4158	0.3098
389	0.0476	0.3652	0.2417	0.1006	0.2616	0.2037	0.1625	0.2517	0.1672	0.2538	0.2622	0.1184	0.4155	0.3095
390	0.0476	0.3675	0.2415	0.1004	0.2618	0.2043	0.1625	0.2523	0.1673	0.2538	0.2625	0.1184	0.4153	0.3096
391	0.0473	0.3654	0.2418	0.1012	0.262	0.2041	0.1632	0.2523	0.1671	0.2533	0.2623	0.1183	0.4148	0.3096
392	0.0474	0.3669	0.241	0.1009	0.2615	0.2035	0.1628	0.2518	0.1671	0.2536	0.2622	0.1183	0.4145	0.3092
393	0.0477	0.3662	0.2412	0.1009	0.2617	0.2042	0.1634	0.2522	0.167	0.2539	0.2622	0.1183	0.4147	0.3093
394	0.0475	0.3675	0.2413	0.1007	0.2621	0.2035	0.1624	0.252	0.167	0.2535	0.2623	0.1182	0.4144	0.3095
395	0.047	0.3654	0.2405	0.1007	0.2618	0.204	0.1631	0.2525	0.1668	0.2533	0.2624	0.1181	0.4142	0.3095
396	0.0473	0.3604	0.2407	0.1007	0.2616	0.204	0.1635	0.2524	0.1672	0.2541	0.2626	0.118	0.4141	0.3093
397	0.0469	0.3656	0.2407	0.1007	0.2619	0.2039	0.1633	0.2526	0.167	0.2534	0.2626	0.1181	0.4143	0.3096
398	0.0472	0.3692	0.2398	0.1003	0.2608	0.2037	0.1626	0.2519	0.1666	0.2534	0.262	0.1182	0.4146	0.3094
399	0.0467	0.3672	0.2405	0.1008	0.2617	0.2032	0.1622	0.2519	0.1664	0.2534	0.2624	0.1183	0.415	0.3099
400	0.0471	0.3694	0.2403	0.1006	0.2614	0.2031	0.162	0.2517	0.1665	0.2527	0.262	0.1181	0.4145	0.3095
401	0.047	0.365	0.2419	0.1008	0.2628	0.2038	0.1627	0.2525	0.1665	0.2524	0.2623	0.118	0.414	0.3095
402	0.0474	0.3702	0.2425	0.1007	0.2636	0.2043	0.1636	0.2533	0.1666	0.2522	0.2624	0.118	0.4137	0.3096
403	0.0475	0.3676	0.2423	0.1005	0.2636	0.2046	0.1632	0.2534	0.1666	0.2522	0.2624	0.118	0.4144	0.3098
404	0.047	0.3682	0.243	0.1015	0.2638	0.2049	0.1638	0.2536	0.1664	0.2526	0.2623	0.1178	0.4136	0.3093
405	0.0473	0.3692	0.2431	0.1016	0.264	0.205	0.1637	0.2537	0.1665	0.2528	0.2625	0.1179	0.4139	0.3096
406	0.0476	0.3749	0.2442	0.1021	0.2649	0.2051	0.1633	0.2539	0.167	0.2535	0.2632	0.1178	0.4133	0.3096
407	0.0469	0.3688	0.2437	0.102	0.2647	0.2051	0.1638	0.2541	0.167	0.2541	0.2635	0.1177	0.4133	0.3098
408	0.0473	0.3689	0.2423	0.1018	0.2635	0.2048	0.1637	0.2536	0.1669	0.2538	0.2632	0.1177	0.4132	0.3096
409	0.0474	0.3718	0.2412	0.1013	0.2623	0.2046	0.1636	0.253	0.1669	0.254	0.2628	0.1176	0.4127	0.309
410	0.0469	0.3709	0.2402	0.1009	0.2611	0.2036	0.1623	0.2517	0.1666	0.2542	0.2622	0.1176	0.4133	0.3087
411	0.0471	0.371	0.2392	0.1005	0.2606	0.2034	0.1626	0.2518	0.1666	0.2534	0.2622	0.1175	0.4129	0.3088
412	0.0471	0.3709	0.2403	0.1008	0.2609	0.2029	0.1621	0.2511	0.1666	0.2537	0.2619	0.1175	0.4126	0.3082
413	0.0468	0.3739	0.2405	0.1001	0.2615	0.2035	0.1627	0.2519	0.1661	0.2531	0.2618	0.1176	0.413	0.3086
414	0.0467	0.3696	0.2407	0.1008	0.2614	0.2032	0.1622	0.2513	0.1663	0.2532	0.2616	0.1174	0.4132	0.3082
415	0.047	0.3731	0.2403	0.1003	0.2612	0.2031	0.1625	0.2516	0.1661	0.253	0.2616	0.1175	0.4132	0.3085
416	0.0468	0.3733	0.2402	0.1005	0.261	0.2025	0.1619	0.251	0.1658	0.2528	0.2613	0.1175	0.4132	0.3083
417	0.0466	0.371	0.2397	0.1005	0.2606	0.2026	0.1621	0.251	0.1662	0.2531	0.2615	0.1174	0.4133	0.3083
418	0.0468	0.3779	0.2397	0.1004	0.2605	0.2027	0.1622	0.251	0.166	0.2527	0.2613	0.1173	0.4127	0.308
419	0.0463	0.3728	0.2408	0.1007	0.2619	0.2025	0.162	0.2515	0.1659	0.252	0.2617	0.1173	0.4118	0.3084
420	0.0463	0.3746	0.2409	0.1007	0.2622	0.2027	0.1617	0.2517	0.1661	0.2523	0.262	0.1173	0.4126	0.3087
421	0.0465	0.3741	0.2399	0.0999	0.261	0.2032	0.1624	0.2518	0.1658	0.2524	0.2617	0.1172	0.4127	0.3085
422	0.0466	0.3759	0.2394	0.1006	0.2606	0.2023	0.1616	0.2509	0.1655	0.2517	0.2611	0.1173	0.4124	0.3082
423	0.0469	0.3728	0.2396	0.1006	0.2608	0.2014	0.161	0.2503	0.1652	0.2517	0.2609	0.1173	0.4127	0.3083
424	0.0465	0.3715	0.2394	0.1001	0.2605	0.202	0.1616	0.2507	0.1649	0.2514	0.2607	0.1174	0.4124	0.3082
425	0.0462	0.3774	0.2397	0.1003	0.2606	0.2018	0.1613	0.2506	0.1648	0.2512	0.2605	0.1172	0.4122	0.3081
426	0.0458	0.3748	0.2396	0.1003	0.2607	0.2018	0.1611	0.2506	0.1646	0.2511	0.2605	0.1173	0.4124	0.3081
427	0.0464	0.3738	0.2385	0.0997	0.2595	0.2023	0.1613	0.2504	0.1646	0.2507	0.2601	0.1172	0.4122	0.3077
428	0.0462	0.3765	0.2392	0.0998	0.2601	0.2015	0.1613	0.2501	0.1646	0.2505	0.2601	0.1171	0.412	0.3076
429	0.0467	0.3807	0.2398	0.1001	0.2606	0.2023	0.1615	0.2507	0.1651	0.2511	0.2605	0.1171	0.4118	0.3076
430	0.0459	0.3762	0.2397	0.1001	0.2604	0.2014	0.161	0.2501	0.165	0.2508	0.2602	0.117	0.412	0.3074
431	0.0457	0.373	0.2398	0.0998	0.2606	0.2012	0.1607	0.2499	0.1651	0.2522	0.2607	0.117	0.4113	0.3074
432	0.0458	0.3743	0.2402	0.1	0.2608	0.2012	0.1608	0.2499	0.1653	0.2529	0.2608	0.1168	0.411	0.3071
433	0.0462	0.3741	0.2388	0.0993	0.2604	0.2011	0.161	0.2502	0.1652	0.2523	0.261	0.1169	0.4113	0.3075
434	0.0458	0.3657	0.2383	0.0985	0.2596	0.2012	0.1613	0.25	0.1649	0.2521	0.2604	0.1167	0.411	0.3069
435	0.0458	0.3809	0.2384	0.099	0.2599	0.2013	0.1613	0.2503	0.165	0.2524	0.2608	0.1167	0.4107	0.3071
436	0.0464	0.379	0.2379	0.0989	0.2593	0.201	0.1611	0.2497	0.1646	0.2518	0.2601	0.1167	0.4111	0.3068
437	0.0458	0.3778	0.2391	0.0992	0.2599	0.2006	0.1604	0.2493	0.1646	0.251	0.2598	0.1167	0.4111	0.3067
438	0.046	0.3798	0.2395	0.0995	0.2606	0.201	0.1604	0.2498	0.1649	0.2519	0.2605	0.1167	0.4105	0.3068
439	0.0456	0.3751	0.2389	0.099	0.26	0.2009	0.1605	0.2497	0.1648	0.2515	0.2603	0.1166	0.4107	0.3067
440	0.0456	0.3757	0.239	0.099	0.26	0.201	0.1602	0.2497	0.1646	0.2511	0.26	0.1167	0.411	0.3068
441	0.0458	0.3799	0.2388	0.0986	0.2588	0.2013	0.1606	0.2491	0.1647	0.2514	0.2595	0.1167	0.4108	0.3062
442	0.0459	0.3784	0.2379	0.0985	0.2578	0.201	0.1603	0.2485	0.1648	0.2517	0.2593	0.1167	0.4106	0.3059
443	0.0453	0.3785	0.2378	0.0991	0.2572	0.2001	0.1592	0.2474	0.1645	0.2508	0.2586	0.1166	0.41	0.3054
444	0.0457	0.38	0.2369	0.0987	0.2568	0.2002	0.1592	0.2475	0.1641	0.2505	0.2584	0.1165	0.4099	0.3053
445	0.0456	0.3791	0.2371	0.0987	0.2569	0.1992	0.1587	0.2467	0.1638	0.2507	0.2581	0.1164	0.4097	0.3051
446	0.0459	0.3831	0.237	0.099	0.2572	0.2002	0.1596	0.2477	0.164	0.2504	0.2585	0.1163	0.4092	0.3052
447	0.0455	0.3766	0.237	0.0991	0.2572	0.2003	0.1595	0.2478	0.164	0.2506	0.2585	0.1162	0.409	0.3051
448	0.0452	0.3806	0.2373	0.0993	0.2579	0.2008	0.1599	0.2485	0.1641	0.2507	0.2588	0.1162	0.4091	0.3052
449	0.0454	0.3732	0.2367	0.0991	0.2565	0.2007	0.1601	0.2478	0.1639	0.2496	0.2579	0.1161	0.4092	0.3047
450	0.0454	0.3838	0.2358	0.0986	0.2558	0.2006	0.16	0.2477	0.1643	0.251	0.2585	0.1161	0.4093	0.3047
451	0.0455	0.3785	0.2354	0.0983	0.2557	0.2014	0.1605	0.2483	0.1641	0.2503	0.2582	0.1161	0.4094	0.3047
452	0.0454	0.3785	0.2362	0.0989	0.256	0.2013	0.1602	0.248	0.1639	0.2498	0.2578	0.1161	0.4096	0.3046
453	0.045	0.3787	0.2349	0.0982	0.2553	0.2017	0.1605	0.2484	0.164	0.2497	0.2579	0.1162	0.4093	0.3046
454	0.0455	0.383	0.2363	0.099	0.2564	0.2009	0.1604	0.2481	0.164	0.25	0.2581	0.1163	0.4099	0.3049
455	0.0452	0.377	0.2363	0.0986	0.2562	0.2014	0.1606	0.2482	0.1645	0.2509	0.2585	0.1161	0.409	0.3045
456	0.0451	0.382	0.236	0.0987	0.256	0.2013	0.1607	0.2482	0.1642	0.2498	0.258	0.1162	0.4095	0.3046
457	0.0457	0.3836	0.2363	0.0985	0.2561	0.2013	0.1607	0.2482	0.1639	0.25	0.2579	0.1163	0.4097	0.3048
458	0.0449	0.3783	0.2357	0.0982	0.2559	0.2013	0.1606	0.2483	0.1639	0.2501	0.258	0.1162	0.4094	0.3048
459	0.0454	0.3861	0.2372	0.099	0.2574	0.2013	0.1604	0.2486	0.1637	0.2503	0.2583	0.1162	0.4095	0.3051
460	0.0449	0.3824	0.2366	0.0989	0.2571	0.2002	0.1597	0.2479	0.1637	0.2502	0.2584	0.1161	0.409	0.305
461	0.0447	0.3763	0.2359	0.0988	0.2565	0.1999	0.1599	0.2476	0.1636	0.2497	0.258	0.1161	0.4086	0.3048
462	0.0456	0.3842	0.2382	0.0993	0.2582	0.2006	0.1604	0.2484	0.1636	0.2493	0.2581	0.116	0.4079	0.3046
463	0.045	0.3882	0.2368	0.0989	0.2573	0.2011	0.1602	0.2485	0.1637	0.2492	0.2579	0.1162	0.4088	0.3047
464	0.0446	0.3824	0.2361	0.0986	0.2566	0.2009	0.16	0.2482	0.1636	0.2497	0.258	0.1161	0.4084	0.3047
465	0.0452	0.382	0.2363	0.099	0.2563	0.2002	0.1599	0.2474	0.1638	0.2504	0.2578	0.116	0.4081	0.304
466	0.0453	0.3822	0.2359	0.0988	0.2563	0.2001	0.1597	0.2475	0.1636	0.2499	0.2578	0.116	0.4084	0.3044
467	0.0448	0.3814	0.2367	0.0996	0.2567	0.2003	0.1602	0.2477	0.163	0.2487	0.2572	0.116	0.4081	0.3043
468	0.0449	0.3782	0.2365	0.0992	0.2567	0.2001	0.16	0.2475	0.163	0.249	0.2572	0.116	0.4079	0.3042
469	0.0452	0.3847	0.2364	0.0987	0.2568	0.2003	0.1598	0.2479	0.1634	0.2492	0.2576	0.116	0.4074	0.3041
470	0.0448	0.3805	0.2356	0.0986	0.2562	0.2005	0.1604	0.248	0.1636	0.2493	0.2577	0.116	0.4077	0.3041
471	0.0447	0.3772	0.2351	0.0985	0.256	0.2003	0.1596	0.2477	0.1635	0.2488	0.2575	0.116	0.4079	0.3042
472	0.0451	0.3845	0.2347	0.0986	0.2555	0.2004	0.1598	0.2476	0.1633	0.2489	0.2573	0.1159	0.408	0.304
473	0.0447	0.3798	0.2346	0.0983	0.2556	0.2005	0.1599	0.2478	0.1636	0.2496	0.2577	0.1159	0.4081	0.3041
474	0.0451	0.3822	0.2344	0.098	0.2551	0.1999	0.1599	0.2472	0.1634	0.2492	0.2572	0.1157	0.4075	0.3036
475	0.0451	0.3805	0.2341	0.0981	0.2553	0.2	0.1597	0.2475	0.1632	0.2491	0.2574	0.1157	0.4075	0.3039
476	0.045	0.3826	0.2346	0.0983	0.2554	0.2005	0.1599	0.2478	0.1629	0.2486	0.257	0.1156	0.4075	0.3037
477	0.0449	0.3797	0.2356	0.0986	0.2567	0.2002	0.16	0.2481	0.163	0.2484	0.2574	0.1156	0.4076	0.3041
478	0.0445	0.3853	0.2354	0.0986	0.256	0.2003	0.16	0.2479	0.1628	0.2482	0.2572	0.1156	0.4079	0.3041
479	0.0444	0.3774	0.2358	0.0992	0.2563	0.1997	0.1599	0.2474	0.1628	0.2481	0.2569	0.1156	0.4078	0.3038
480	0.0447	0.3878	0.2354	0.0989	0.2562	0.1994	0.1594	0.2472	0.1628	0.2475	0.2568	0.1155	0.4071	0.3036
481	0.0451	0.3887	0.2361	0.0993	0.2568	0.1995	0.1597	0.2474	0.163	0.2476	0.257	0.1156	0.4076	0.3038
482	0.0442	0.3834	0.2368	0.0992	0.2572	0.1995	0.1601	0.2475	0.1631	0.248	0.257	0.1156	0.4076	0.3037
483	0.0449	0.3926	0.2357	0.0988	0.2562	0.1998	0.1602	0.2473	0.1631	0.248	0.2568	0.1155	0.4073	0.3034
484	0.0446	0.3825	0.2345	0.0985	0.2555	0.1993	0.1598	0.2471	0.1624	0.247	0.2564	0.1157	0.408	0.3038
485	0.0445	0.3844	0.2347	0.0988	0.2559	0.1995	0.1596	0.2472	0.1625	0.2473	0.2565	0.1156	0.4072	0.3036
486	0.0446	0.3827	0.2344	0.0981	0.2548	0.1998	0.16	0.2469	0.1624	0.2479	0.2561	0.1156	0.4074	0.3032
487	0.0449	0.3935	0.2344	0.0979	0.2547	0.1994	0.1602	0.2467	0.1625	0.2474	0.256	0.1154	0.407	0.303
488	0.0444	0.3819	0.2344	0.0982	0.2547	0.1988	0.1595	0.2461	0.1624	0.2474	0.2558	0.1153	0.4066	0.3026
489	0.0446	0.385	0.2339	0.0984	0.254	0.1988	0.16	0.246	0.1625	0.2478	0.2558	0.1153	0.4065	0.3026
490	0.0441	0.3929	0.233	0.0979	0.2534	0.1988	0.1598	0.246	0.1622	0.247	0.2556	0.1152	0.4068	0.3026
491	0.0444	0.3914	0.2332	0.098	0.2533	0.1988	0.1601	0.2458	0.1625	0.2471	0.2555	0.1152	0.4069	0.3024
492	0.0444	0.3878	0.2336	0.0982	0.254	0.1986	0.1596	0.2459	0.1623	0.2473	0.2556	0.1151	0.4069	0.3025
493	0.0442	0.3915	0.2329	0.098	0.2532	0.1983	0.1596	0.2455	0.162	0.2472	0.2553	0.115	0.4065	0.3023
494	0.0444	0.3815	0.2334	0.0979	0.2538	0.1986	0.1598	0.246	0.1616	0.2465	0.2552	0.1151	0.4068	0.3026
495	0.0443	0.3895	0.233	0.0982	0.2533	0.1978	0.159	0.2451	0.1618	0.2465	0.255	0.1151	0.4064	0.3022
496	0.0444	0.3828	0.2334	0.0981	0.253	0.1977	0.159	0.2446	0.1619	0.2469	0.2547	0.115	0.4058	0.3016
497	0.0441	0.3809	0.2331	0.0981	0.2529	0.1984	0.1593	0.245	0.1618	0.2467	0.2546	0.1149	0.4057	0.3015
498	0.044	0.3843	0.2325	0.0975	0.2526	0.1978	0.1592	0.2448	0.1618	0.2471	0.2548	0.115	0.406	0.3017
499	0.044	0.3885	0.2326	0.0979	0.2528	0.1971	0.1584	0.2441	0.1616	0.2472	0.2547	0.1149	0.4052	0.3013
500	0.0438	0.393	0.2331	0.0983	0.2535	0.1975	0.1585	0.2447	0.1615	0.2469	0.2548	0.1149	0.4053	0.3017
