{"n_layers": 0, "device": "cuda", "batch_size": 2048, "embedding_dim": 1024, "learning_rate": 0.001, "dataset": "dbbook", "epochs": 150, "top_k": 50, "multimodal": true, "datasets": {"dbbook": ["images", "text"], "ml1m": ["audio", "images", "text", "video"]}}
Epoch	Loss	Recall	Precision	NDCG
1	0.6929	0.0195	0.0025	0.0101
2	0.6823	0.0433	0.0055	0.0271
3	0.6707	0.0838	0.0111	0.0563
4	0.6537	0.1264	0.0172	0.0835
5	0.6283	0.1545	0.0212	0.0997
6	0.5916	0.1692	0.0232	0.1075
7	0.5426	0.1782	0.0245	0.1124
8	0.4841	0.1825	0.0252	0.1142
9	0.4226	0.1862	0.0257	0.1152
10	0.3642	0.1883	0.0261	0.1163
11	0.3124	0.1896	0.0262	0.1171
12	0.2681	0.1899	0.0264	0.1178
13	0.2334	0.1924	0.0266	0.1190
14	0.2028	0.1949	0.0269	0.1207
15	0.1779	0.1964	0.0270	0.1216
16	0.1553	0.1975	0.0271	0.1224
17	0.1384	0.1992	0.0274	0.1239
18	0.1232	0.2017	0.0277	0.1253
19	0.1099	0.2044	0.0279	0.1267
20	0.0994	0.2060	0.0282	0.1277
21	0.0905	0.2062	0.0282	0.1282
22	0.0812	0.2075	0.0283	0.1291
23	0.0750	0.2097	0.0286	0.1302
24	0.0666	0.2114	0.0288	0.1312
25	0.0610	0.2122	0.0288	0.1316
26	0.0575	0.2141	0.0290	0.1325
27	0.0530	0.2148	0.0291	0.1331
28	0.0488	0.2152	0.0292	0.1336
29	0.0453	0.2161	0.0292	0.1343
30	0.0425	0.2167	0.0293	0.1351
31	0.0394	0.2172	0.0294	0.1355
32	0.0370	0.2177	0.0295	0.1359
33	0.0361	0.2185	0.0295	0.1365
34	0.0328	0.2190	0.0296	0.1369
35	0.0318	0.2200	0.0297	0.1375
36	0.0297	0.2193	0.0296	0.1374
37	0.0280	0.2208	0.0297	0.1380
38	0.0272	0.2216	0.0298	0.1381
39	0.0257	0.2219	0.0298	0.1385
40	0.0239	0.2233	0.0299	0.1391
41	0.0237	0.2235	0.0300	0.1393
42	0.0222	0.2225	0.0299	0.1390
43	0.0213	0.2227	0.0299	0.1393
44	0.0208	0.2224	0.0299	0.1395
45	0.0200	0.2235	0.0300	0.1404
46	0.0193	0.2236	0.0300	0.1407
47	0.0186	0.2241	0.0300	0.1407
48	0.0177	0.2246	0.0300	0.1409
49	0.0178	0.2244	0.0300	0.1408
50	0.0171	0.2243	0.0300	0.1411
51	0.0165	0.2252	0.0301	0.1411
52	0.0159	0.2256	0.0301	0.1414
53	0.0156	0.2262	0.0302	0.1417
54	0.0159	0.2267	0.0302	0.1420
55	0.0143	0.2262	0.0302	0.1421
56	0.0146	0.2263	0.0302	0.1424
57	0.0139	0.2264	0.0303	0.1423
58	0.0146	0.2264	0.0303	0.1424
59	0.0132	0.2266	0.0302	0.1426
60	0.0127	0.2264	0.0302	0.1426
61	0.0134	0.2264	0.0302	0.1423
62	0.0128	0.2269	0.0303	0.1425
63	0.0124	0.2272	0.0303	0.1425
64	0.0118	0.2276	0.0303	0.1427
65	0.0116	0.2271	0.0303	0.1426
66	0.0115	0.2275	0.0304	0.1428
67	0.0118	0.2276	0.0303	0.1428
68	0.0113	0.2275	0.0303	0.1427
69	0.0116	0.2276	0.0303	0.1427
70	0.0110	0.2275	0.0303	0.1426
71	0.0112	0.2279	0.0303	0.1429
72	0.0108	0.2275	0.0303	0.1431
73	0.0104	0.2277	0.0303	0.1432
74	0.0102	0.2276	0.0303	0.1432
75	0.0100	0.2285	0.0303	0.1438
76	0.0103	0.2288	0.0304	0.1438
77	0.0108	0.2288	0.0303	0.1442
78	0.0099	0.2290	0.0303	0.1443
79	0.0098	0.2292	0.0303	0.1442
80	0.0095	0.2290	0.0303	0.1440
81	0.0098	0.2288	0.0303	0.1438
82	0.0095	0.2277	0.0302	0.1434
83	0.0097	0.2273	0.0302	0.1431
84	0.0095	0.2268	0.0301	0.1428
85	0.0097	0.2275	0.0302	0.1429
86	0.0092	0.2273	0.0301	0.1432
87	0.0092	0.2272	0.0301	0.1436
88	0.0091	0.2275	0.0301	0.1437
89	0.0085	0.2269	0.0301	0.1436
90	0.0088	0.2272	0.0301	0.1436
91	0.0086	0.2278	0.0302	0.1440
92	0.0087	0.2283	0.0303	0.1445
93	0.0087	0.2288	0.0303	0.1447
94	0.0087	0.2280	0.0302	0.1445
95	0.0086	0.2286	0.0302	0.1446
96	0.0085	0.2285	0.0302	0.1447
97	0.0086	0.2283	0.0302	0.1445
98	0.0083	0.2283	0.0302	0.1444
99	0.0082	0.2286	0.0303	0.1445
100	0.0081	0.2287	0.0303	0.1445
101	0.0084	0.2290	0.0304	0.1444
102	0.0084	0.2290	0.0304	0.1446
103	0.0083	0.2282	0.0302	0.1442
104	0.0080	0.2281	0.0302	0.1441
105	0.0080	0.2274	0.0301	0.1439
106	0.0079	0.2278	0.0302	0.1439
107	0.0087	0.2281	0.0302	0.1440
108	0.0077	0.2278	0.0302	0.1440
109	0.0079	0.2273	0.0302	0.1439
110	0.0078	0.2277	0.0302	0.1440
111	0.0076	0.2276	0.0302	0.1440
112	0.0076	0.2271	0.0302	0.1439
113	0.0076	0.2268	0.0301	0.1438
114	0.0078	0.2267	0.0301	0.1442
115	0.0079	0.2279	0.0302	0.1445
116	0.0078	0.2284	0.0302	0.1445
117	0.0076	0.2277	0.0302	0.1444
118	0.0079	0.2277	0.0302	0.1444
119	0.0076	0.2277	0.0302	0.1442
120	0.0076	0.2277	0.0302	0.1442
121	0.0073	0.2273	0.0301	0.1444
122	0.0077	0.2278	0.0302	0.1447
123	0.0078	0.2272	0.0301	0.1443
124	0.0078	0.2270	0.0301	0.1440
125	0.0080	0.2266	0.0301	0.1441
126	0.0078	0.2261	0.0300	0.1438
127	0.0070	0.2269	0.0301	0.1438
128	0.0074	0.2277	0.0301	0.1441
129	0.0076	0.2273	0.0301	0.1440
130	0.0076	0.2272	0.0301	0.1441
131	0.0078	0.2264	0.0300	0.1436
132	0.0074	0.2254	0.0299	0.1429
133	0.0075	0.2260	0.0300	0.1427
134	0.0077	0.2261	0.0299	0.1428
135	0.0078	0.2267	0.0300	0.1430
136	0.0075	0.2267	0.0301	0.1433
137	0.0076	0.2261	0.0301	0.1435
138	0.0071	0.2267	0.0301	0.1438
139	0.0075	0.2270	0.0301	0.1439
140	0.0073	0.2267	0.0301	0.1438
141	0.0076	0.2263	0.0300	0.1433
142	0.0073	0.2268	0.0301	0.1435
143	0.0071	0.2267	0.0301	0.1434
144	0.0070	0.2266	0.0301	0.1436
145	0.0076	0.2268	0.0301	0.1438
146	0.0072	0.2273	0.0301	0.1438
147	0.0071	0.2272	0.0301	0.1436
148	0.0071	0.2268	0.0300	0.1438
149	0.0071	0.2275	0.0301	0.1443
150	0.0073	0.2279	0.0302	0.1444
