{"n_layers": 0, "device": "cuda", "batch_size": 2048, "embedding_dim": 256, "learning_rate": 0.001, "dataset": "dbbook", "epochs": 150, "top_k": 50, "multimodal": true, "datasets": {"dbbook": ["images", "text"], "ml1m": ["audio", "images", "text", "video"]}}
Epoch	Loss	Recall	Precision	NDCG
1	0.6931	0.0122	0.0016	0.0057
2	0.6902	0.0248	0.0031	0.0124
3	0.6871	0.0493	0.0064	0.0299
4	0.6827	0.0840	0.0112	0.0527
5	0.6759	0.1183	0.0161	0.0736
6	0.6657	0.1416	0.0194	0.0869
7	0.6508	0.1568	0.0214	0.0955
8	0.6305	0.1666	0.0229	0.1007
9	0.6041	0.1724	0.0237	0.1038
10	0.5718	0.1749	0.0242	0.1054
11	0.5357	0.1765	0.0245	0.1066
12	0.4970	0.1774	0.0247	0.1075
13	0.4588	0.1787	0.0249	0.1081
14	0.4219	0.1806	0.0251	0.1087
15	0.3877	0.1819	0.0253	0.1093
16	0.3573	0.1822	0.0254	0.1097
17	0.3300	0.1827	0.0254	0.1100
18	0.3051	0.1844	0.0256	0.1107
19	0.2832	0.1856	0.0257	0.1113
20	0.2654	0.1864	0.0259	0.1119
21	0.2468	0.1878	0.0260	0.1126
22	0.2316	0.1899	0.0263	0.1138
23	0.2171	0.1909	0.0264	0.1144
24	0.2049	0.1921	0.0266	0.1152
25	0.1927	0.1932	0.0267	0.1159
26	0.1822	0.1935	0.0268	0.1166
27	0.1712	0.1943	0.0268	0.1169
28	0.1619	0.1956	0.0269	0.1176
29	0.1526	0.1960	0.0269	0.1181
30	0.1444	0.1968	0.0270	0.1189
31	0.1391	0.1977	0.0272	0.1194
32	0.1314	0.1991	0.0273	0.1198
33	0.1230	0.2005	0.0274	0.1208
34	0.1176	0.1998	0.0274	0.1211
35	0.1123	0.2006	0.0275	0.1214
36	0.1055	0.2011	0.0276	0.1215
37	0.1004	0.2008	0.0276	0.1219
38	0.0966	0.2014	0.0276	0.1224
39	0.0928	0.2024	0.0277	0.1231
40	0.0881	0.2032	0.0278	0.1233
41	0.0846	0.2044	0.0279	0.1241
42	0.0815	0.2055	0.0280	0.1244
43	0.0765	0.2060	0.0280	0.1241
44	0.0741	0.2061	0.0281	0.1242
45	0.0710	0.2071	0.0282	0.1248
46	0.0692	0.2075	0.0282	0.1252
47	0.0656	0.2078	0.0282	0.1252
48	0.0639	0.2080	0.0283	0.1253
49	0.0607	0.2082	0.0283	0.1256
50	0.0586	0.2079	0.0283	0.1256
51	0.0574	0.2086	0.0283	0.1257
52	0.0541	0.2089	0.0283	0.1260
53	0.0523	0.2088	0.0283	0.1260
54	0.0509	0.2090	0.0283	0.1260
55	0.0492	0.2093	0.0284	0.1262
56	0.0480	0.2095	0.0284	0.1262
57	0.0455	0.2097	0.0284	0.1263
58	0.0449	0.2094	0.0284	0.1263
59	0.0433	0.2105	0.0285	0.1269
60	0.0416	0.2106	0.0285	0.1271
61	0.0412	0.2111	0.0285	0.1274
62	0.0397	0.2111	0.0286	0.1274
63	0.0385	0.2112	0.0286	0.1276
64	0.0370	0.2106	0.0285	0.1276
65	0.0357	0.2107	0.0285	0.1278
66	0.0347	0.2121	0.0286	0.1285
67	0.0344	0.2124	0.0287	0.1289
68	0.0326	0.2124	0.0287	0.1290
69	0.0321	0.2126	0.0287	0.1294
70	0.0311	0.2134	0.0288	0.1299
71	0.0312	0.2140	0.0288	0.1301
72	0.0302	0.2137	0.0288	0.1302
73	0.0296	0.2131	0.0288	0.1299
74	0.0291	0.2132	0.0288	0.1299
75	0.0281	0.2148	0.0288	0.1304
76	0.0273	0.2146	0.0288	0.1301
77	0.0262	0.2149	0.0288	0.1303
78	0.0257	0.2154	0.0289	0.1307
79	0.0258	0.2153	0.0288	0.1308
80	0.0253	0.2154	0.0288	0.1309
81	0.0251	0.2160	0.0289	0.1312
82	0.0240	0.2160	0.0289	0.1314
83	0.0233	0.2166	0.0290	0.1317
84	0.0228	0.2162	0.0289	0.1318
85	0.0234	0.2160	0.0289	0.1319
86	0.0228	0.2162	0.0290	0.1322
87	0.0226	0.2160	0.0289	0.1323
88	0.0222	0.2162	0.0290	0.1326
89	0.0212	0.2163	0.0290	0.1325
90	0.0202	0.2158	0.0289	0.1324
91	0.0199	0.2159	0.0289	0.1326
92	0.0200	0.2162	0.0289	0.1326
93	0.0197	0.2155	0.0288	0.1325
94	0.0195	0.2157	0.0289	0.1325
95	0.0195	0.2159	0.0289	0.1325
96	0.0187	0.2158	0.0289	0.1324
97	0.0181	0.2160	0.0289	0.1327
98	0.0191	0.2160	0.0289	0.1328
99	0.0179	0.2166	0.0289	0.1333
100	0.0171	0.2163	0.0289	0.1334
101	0.0173	0.2164	0.0289	0.1334
102	0.0179	0.2169	0.0289	0.1333
103	0.0177	0.2172	0.0290	0.1335
104	0.0164	0.2170	0.0290	0.1334
105	0.0161	0.2172	0.0290	0.1335
106	0.0160	0.2168	0.0289	0.1334
107	0.0154	0.2172	0.0290	0.1336
108	0.0164	0.2173	0.0290	0.1336
109	0.0168	0.2177	0.0290	0.1339
110	0.0161	0.2173	0.0289	0.1338
111	0.0160	0.2174	0.0290	0.1338
112	0.0156	0.2177	0.0290	0.1341
113	0.0147	0.2178	0.0290	0.1343
114	0.0148	0.2181	0.0290	0.1345
115	0.0142	0.2178	0.0290	0.1346
116	0.0147	0.2179	0.0290	0.1347
117	0.0141	0.2174	0.0290	0.1347
118	0.0141	0.2174	0.0289	0.1346
119	0.0138	0.2168	0.0289	0.1342
120	0.0139	0.2166	0.0288	0.1340
121	0.0137	0.2170	0.0288	0.1342
122	0.0133	0.2169	0.0289	0.1343
123	0.0139	0.2170	0.0289	0.1343
124	0.0139	0.2168	0.0288	0.1343
125	0.0127	0.2167	0.0288	0.1343
126	0.0128	0.2168	0.0288	0.1344
127	0.0129	0.2168	0.0288	0.1345
128	0.0130	0.2169	0.0288	0.1346
129	0.0126	0.2173	0.0289	0.1348
130	0.0122	0.2174	0.0289	0.1350
131	0.0122	0.2175	0.0289	0.1351
132	0.0122	0.2175	0.0288	0.1350
133	0.0117	0.2171	0.0288	0.1349
134	0.0118	0.2177	0.0288	0.1352
135	0.0120	0.2177	0.0288	0.1352
136	0.0117	0.2177	0.0288	0.1354
137	0.0117	0.2176	0.0288	0.1354
138	0.0116	0.2176	0.0288	0.1355
139	0.0115	0.2176	0.0288	0.1356
140	0.0114	0.2176	0.0288	0.1357
141	0.0113	0.2178	0.0289	0.1357
142	0.0116	0.2182	0.0289	0.1359
143	0.0119	0.2178	0.0289	0.1356
144	0.0111	0.2175	0.0288	0.1357
145	0.0113	0.2175	0.0288	0.1357
146	0.0109	0.2174	0.0288	0.1357
147	0.0109	0.2179	0.0289	0.1359
148	0.0107	0.2178	0.0289	0.1358
149	0.0106	0.2179	0.0289	0.1359
150	0.0110	0.2182	0.0289	0.1361
