{"n_layers": 2, "device": "cuda", "batch_size": 2048, "embedding_dim": 1024, "learning_rate": 0.001, "dataset": "dbbook", "epochs": 150, "model": "ef-mmlgcn", "fusion": "mean", "top_k": [5, 10, 20, 50], "seed": 19, "multimodal": false}
Epoch	Loss	Precision@5	Recall@5	NDCG@5	Precision@10	Recall@10	NDCG@10	Precision@20	Recall@20	NDCG@20	Precision@50	Recall@50	NDCG@50
1	0.6861	0.0328	0.0255	0.0332	0.0321	0.0473	0.0403	0.0288	0.0827	0.0557	0.0216	0.1516	0.0812
2	0.6470	0.0284	0.0205	0.0272	0.0247	0.0349	0.0304	0.0251	0.0694	0.0457	0.0194	0.133	0.0693
3	0.5314	0.0262	0.0186	0.0253	0.0224	0.0312	0.0277	0.0237	0.0647	0.0426	0.0185	0.126	0.0653
4	0.3961	0.0278	0.0194	0.0265	0.0233	0.0319	0.0287	0.0238	0.0649	0.043	0.0186	0.1268	0.0659
5	0.3133	0.0301	0.0212	0.0289	0.0255	0.0356	0.0316	0.0244	0.0668	0.0452	0.0191	0.1303	0.0688
6	0.2642	0.0324	0.0228	0.0315	0.0271	0.038	0.0341	0.0256	0.0708	0.0485	0.0198	0.1354	0.0726
7	0.2287	0.0343	0.0244	0.0338	0.0291	0.0409	0.0367	0.0268	0.0743	0.0513	0.0207	0.1417	0.0765
8	0.2021	0.0365	0.0264	0.0358	0.0311	0.0439	0.0391	0.0279	0.0776	0.0538	0.0214	0.1478	0.08
9	0.1774	0.0392	0.0288	0.0388	0.0334	0.0475	0.0423	0.0289	0.0806	0.0567	0.0225	0.1567	0.0849
10	0.1589	0.0401	0.03	0.0406	0.0355	0.051	0.0454	0.0299	0.0845	0.0597	0.0235	0.1649	0.0895
11	0.1360	0.0415	0.0312	0.0423	0.0369	0.0531	0.0474	0.0312	0.089	0.0626	0.0244	0.1728	0.0934
12	0.1201	0.0421	0.0317	0.0432	0.0381	0.0554	0.0491	0.0324	0.093	0.065	0.0252	0.1799	0.0968
13	0.1085	0.0432	0.0325	0.0449	0.0389	0.0569	0.0508	0.0331	0.0954	0.0671	0.0258	0.1843	0.0996
14	0.0954	0.0443	0.0331	0.0466	0.04	0.0591	0.0528	0.0338	0.0979	0.0693	0.0262	0.188	0.1022
15	0.0874	0.0463	0.0347	0.0485	0.0407	0.0604	0.0542	0.0349	0.1009	0.0715	0.0268	0.1935	0.1051
16	0.0789	0.0477	0.0361	0.0503	0.0414	0.0621	0.0558	0.0355	0.103	0.0733	0.0272	0.1975	0.1075
17	0.0729	0.0488	0.0376	0.0522	0.0422	0.0631	0.0573	0.0361	0.1053	0.0754	0.0275	0.2	0.1097
18	0.0671	0.0507	0.0389	0.0545	0.0438	0.0654	0.0598	0.0368	0.1074	0.0776	0.0279	0.203	0.1123
19	0.0619	0.052	0.0399	0.0562	0.0452	0.0677	0.0619	0.0373	0.1097	0.0796	0.0282	0.2062	0.1145
20	0.0566	0.0526	0.0405	0.0568	0.0464	0.0694	0.0632	0.0379	0.111	0.0807	0.0283	0.2077	0.1156
21	0.0534	0.0523	0.0405	0.0569	0.0463	0.0692	0.0633	0.0381	0.1118	0.0813	0.0284	0.2093	0.1164
22	0.0500	0.0533	0.0411	0.0584	0.0472	0.0703	0.0649	0.0384	0.1131	0.0827	0.0286	0.2108	0.1178
23	0.0470	0.0541	0.0419	0.0592	0.0474	0.0706	0.0653	0.039	0.1154	0.0838	0.0286	0.2111	0.1184
24	0.0439	0.0546	0.0425	0.0602	0.0479	0.0716	0.0664	0.0394	0.1171	0.0852	0.0288	0.2121	0.1195
25	0.0420	0.0559	0.0431	0.0615	0.0489	0.0734	0.0679	0.0396	0.1178	0.0862	0.029	0.2145	0.1211
26	0.0399	0.056	0.043	0.0617	0.049	0.0737	0.0682	0.0398	0.119	0.0868	0.0291	0.2163	0.1218
27	0.0368	0.0566	0.0435	0.0625	0.0496	0.0751	0.0692	0.0401	0.1204	0.0878	0.029	0.216	0.1222
28	0.0355	0.0571	0.0437	0.0635	0.0499	0.0757	0.0701	0.0403	0.1206	0.0886	0.029	0.2162	0.1229
29	0.0324	0.058	0.0446	0.0649	0.0501	0.076	0.071	0.0403	0.1208	0.0894	0.0291	0.2173	0.1241
30	0.0323	0.0582	0.0448	0.0652	0.05	0.0764	0.0713	0.0403	0.1208	0.0897	0.029	0.2168	0.1241
31	0.0325	0.0586	0.0451	0.0655	0.0504	0.0771	0.0717	0.0406	0.1213	0.09	0.029	0.217	0.1243
32	0.0297	0.0597	0.046	0.0667	0.0507	0.0774	0.0724	0.0407	0.1216	0.0906	0.0291	0.2175	0.125
33	0.0290	0.0598	0.0461	0.0673	0.0508	0.0775	0.0729	0.041	0.1231	0.0916	0.0291	0.2181	0.1256
34	0.0271	0.0598	0.0459	0.0675	0.0505	0.0769	0.0728	0.0408	0.1228	0.0917	0.0291	0.2182	0.1258
35	0.0265	0.0594	0.0459	0.0673	0.0505	0.0769	0.0727	0.0408	0.123	0.0916	0.029	0.218	0.1255
36	0.0243	0.0591	0.0457	0.0668	0.0505	0.0768	0.0725	0.0406	0.1228	0.0912	0.029	0.2179	0.1253
37	0.0234	0.0596	0.0462	0.0674	0.051	0.0777	0.0731	0.0408	0.1227	0.0915	0.029	0.2187	0.1257
38	0.0231	0.0598	0.0465	0.0677	0.0513	0.0784	0.0735	0.0408	0.1228	0.0917	0.029	0.2189	0.126
39	0.0232	0.06	0.0464	0.0677	0.0515	0.079	0.0738	0.0409	0.1238	0.092	0.029	0.2191	0.1261
40	0.0213	0.06	0.0467	0.068	0.0514	0.0789	0.074	0.0409	0.1239	0.0923	0.0292	0.2206	0.1268
41	0.0220	0.0607	0.0473	0.0686	0.0518	0.0798	0.0745	0.041	0.1236	0.0925	0.0291	0.2204	0.1269
42	0.0204	0.0613	0.0477	0.0691	0.0517	0.0799	0.0746	0.0411	0.1244	0.0928	0.0291	0.2209	0.1272
43	0.0195	0.0615	0.0483	0.0694	0.0517	0.08	0.0748	0.0411	0.1249	0.0931	0.0292	0.2214	0.1275
44	0.0191	0.0616	0.0486	0.0699	0.0517	0.08	0.075	0.0411	0.1252	0.0934	0.0292	0.2221	0.1279
45	0.0190	0.0614	0.0481	0.0695	0.0515	0.0796	0.0746	0.0412	0.1257	0.0934	0.0292	0.2215	0.1276
46	0.0183	0.0616	0.0485	0.0697	0.0517	0.0797	0.0747	0.0413	0.1258	0.0935	0.0292	0.2211	0.1275
47	0.0183	0.0621	0.049	0.0704	0.052	0.08	0.0753	0.0413	0.1261	0.0939	0.0291	0.2206	0.1277
48	0.0175	0.0623	0.0492	0.0707	0.0521	0.0801	0.0755	0.0414	0.1257	0.094	0.029	0.2205	0.1277
49	0.0164	0.0625	0.0491	0.0709	0.0521	0.0803	0.0757	0.0413	0.1256	0.0941	0.0289	0.2196	0.1276
50	0.0167	0.0632	0.0495	0.0714	0.0526	0.0808	0.0762	0.0415	0.1266	0.0947	0.0289	0.2198	0.128
51	0.0155	0.0635	0.0497	0.0718	0.0527	0.081	0.0766	0.0415	0.1272	0.0951	0.029	0.2207	0.1286
52	0.0154	0.0641	0.0505	0.0726	0.0525	0.0805	0.0766	0.0415	0.1267	0.0952	0.029	0.221	0.1288
53	0.0154	0.0641	0.0507	0.0728	0.0526	0.0808	0.0769	0.0415	0.127	0.0955	0.0289	0.221	0.1289
54	0.0149	0.0643	0.0509	0.0731	0.0525	0.0808	0.0769	0.0414	0.127	0.0955	0.0288	0.2204	0.1287
55	0.0144	0.0646	0.0512	0.0733	0.0522	0.0804	0.0766	0.0413	0.1269	0.0954	0.0289	0.2206	0.1287
56	0.0146	0.065	0.0515	0.0734	0.0521	0.0805	0.0765	0.0412	0.1261	0.0951	0.0287	0.2194	0.1282
57	0.0147	0.0641	0.051	0.0727	0.052	0.0804	0.0763	0.041	0.1258	0.0947	0.0287	0.2188	0.1278
58	0.0147	0.0637	0.0506	0.0725	0.0519	0.0803	0.0762	0.0409	0.1254	0.0945	0.0286	0.2186	0.1277
59	0.0141	0.0636	0.0505	0.0723	0.0517	0.0802	0.0762	0.041	0.1262	0.0947	0.0285	0.2184	0.1276
60	0.0127	0.0637	0.0505	0.0725	0.0519	0.0804	0.0763	0.041	0.1266	0.0949	0.0285	0.2188	0.1277
61	0.0140	0.0639	0.0506	0.0726	0.052	0.0809	0.0765	0.041	0.1269	0.095	0.0285	0.2188	0.1277
62	0.0132	0.0638	0.0508	0.0726	0.052	0.0809	0.0765	0.0411	0.1274	0.0952	0.0285	0.2189	0.1278
63	0.0129	0.0641	0.0512	0.073	0.052	0.0806	0.0765	0.041	0.1273	0.0951	0.0285	0.2191	0.1278
64	0.0126	0.0644	0.0515	0.073	0.0518	0.0805	0.0762	0.0408	0.1271	0.0949	0.0284	0.219	0.1275
65	0.0128	0.0639	0.051	0.0728	0.0518	0.0802	0.0763	0.0408	0.1269	0.0949	0.0284	0.2192	0.1277
66	0.0130	0.0642	0.0512	0.0732	0.0519	0.0803	0.0765	0.0407	0.1261	0.0948	0.0283	0.2182	0.1276
67	0.0119	0.0637	0.0508	0.0728	0.0521	0.0807	0.0767	0.0407	0.1266	0.0949	0.0283	0.2173	0.1273
68	0.0126	0.064	0.0509	0.0731	0.052	0.0806	0.0767	0.0407	0.1265	0.095	0.0282	0.2172	0.1274
69	0.0114	0.0644	0.0512	0.0735	0.0521	0.0807	0.0769	0.0408	0.1266	0.0952	0.0281	0.2165	0.1273
70	0.0112	0.0644	0.0513	0.0734	0.0525	0.0812	0.0771	0.0408	0.1267	0.0952	0.0282	0.2165	0.1273
71	0.0116	0.0646	0.0515	0.0737	0.0521	0.081	0.0771	0.0408	0.1271	0.0954	0.0281	0.2166	0.1274
72	0.0109	0.0646	0.0515	0.074	0.0521	0.0811	0.0773	0.0407	0.1273	0.0957	0.0281	0.2166	0.1276
73	0.0109	0.0642	0.0513	0.0737	0.0522	0.0815	0.0775	0.0408	0.1274	0.0958	0.0281	0.2163	0.1276
74	0.0112	0.0641	0.0511	0.0739	0.0524	0.0817	0.0778	0.0407	0.1271	0.0958	0.0281	0.2159	0.1276
75	0.0117	0.0646	0.0514	0.0742	0.0525	0.082	0.078	0.0407	0.1273	0.0959	0.028	0.2157	0.1277
76	0.0110	0.0645	0.0514	0.0741	0.0526	0.082	0.078	0.0408	0.1275	0.096	0.028	0.2155	0.1276
77	0.0108	0.0638	0.0508	0.0735	0.0527	0.0826	0.0781	0.0406	0.1275	0.0958	0.028	0.2153	0.1274
78	0.0109	0.064	0.0508	0.0736	0.0526	0.0825	0.078	0.0407	0.1277	0.0958	0.028	0.2156	0.1274
79	0.0107	0.0646	0.0515	0.0741	0.0526	0.0827	0.0781	0.0406	0.1275	0.0959	0.028	0.2164	0.1277
80	0.0103	0.0644	0.0513	0.0741	0.0525	0.0829	0.0782	0.0408	0.1281	0.0962	0.028	0.2157	0.1276
81	0.0102	0.0644	0.0516	0.0742	0.0524	0.0827	0.0782	0.0408	0.128	0.0962	0.028	0.2154	0.1276
82	0.0107	0.0647	0.0517	0.0746	0.0525	0.0828	0.0784	0.0408	0.1282	0.0965	0.028	0.2156	0.1278
83	0.0104	0.065	0.0519	0.0749	0.0524	0.0832	0.0786	0.0406	0.1276	0.0963	0.0279	0.2151	0.1276
84	0.0098	0.065	0.0519	0.0749	0.0522	0.0828	0.0784	0.0406	0.1276	0.0963	0.0278	0.2149	0.1275
85	0.0101	0.065	0.0519	0.0753	0.0525	0.083	0.0789	0.0407	0.1281	0.0968	0.0278	0.2147	0.1278
86	0.0097	0.0647	0.0518	0.0749	0.0525	0.0834	0.0788	0.0408	0.1282	0.0967	0.0277	0.2145	0.1275
87	0.0098	0.0646	0.0515	0.075	0.0526	0.084	0.0793	0.0406	0.128	0.0967	0.0277	0.2143	0.1276
88	0.0099	0.0651	0.0519	0.0756	0.0529	0.0843	0.0798	0.0408	0.1283	0.0973	0.0276	0.2146	0.128
89	0.0097	0.0649	0.0518	0.0755	0.0528	0.0841	0.0797	0.0408	0.1284	0.0973	0.0277	0.2143	0.1279
90	0.0099	0.0653	0.0521	0.0758	0.0528	0.0842	0.0798	0.0408	0.1286	0.0975	0.0277	0.2149	0.1282
91	0.0103	0.0655	0.0524	0.0761	0.0529	0.0847	0.0801	0.0411	0.1294	0.0979	0.0277	0.2147	0.1283
92	0.0090	0.0657	0.0525	0.076	0.0529	0.0846	0.0798	0.041	0.1291	0.0975	0.0276	0.2144	0.1279
93	0.0089	0.0653	0.0523	0.0757	0.053	0.0847	0.0798	0.0408	0.1288	0.0973	0.0277	0.2142	0.1278
94	0.0092	0.0653	0.0522	0.0757	0.0528	0.0847	0.0797	0.0406	0.1278	0.0969	0.0276	0.214	0.1276
95	0.0095	0.0648	0.0518	0.0753	0.0522	0.0837	0.0792	0.0405	0.1278	0.0968	0.0275	0.2132	0.1273
96	0.0088	0.065	0.0519	0.0754	0.0524	0.0839	0.0793	0.0406	0.1278	0.0968	0.0276	0.2134	0.1274
97	0.0091	0.0651	0.052	0.0756	0.0524	0.084	0.0794	0.0407	0.1281	0.097	0.0276	0.2138	0.1276
98	0.0089	0.0651	0.0522	0.0755	0.0524	0.0839	0.0793	0.0406	0.1278	0.0968	0.0275	0.2135	0.1274
99	0.0093	0.0651	0.0521	0.0755	0.0524	0.0838	0.0793	0.0406	0.1276	0.0968	0.0275	0.2134	0.1274
100	0.0096	0.0655	0.0524	0.0762	0.0523	0.0838	0.0796	0.0406	0.1279	0.0972	0.0275	0.2134	0.1277
101	0.0097	0.0657	0.0528	0.0764	0.0527	0.0842	0.0798	0.0408	0.1288	0.0975	0.0275	0.213	0.1276
102	0.0083	0.0659	0.0531	0.0763	0.0527	0.0841	0.0796	0.0406	0.1281	0.0971	0.0275	0.2128	0.1274
103	0.0098	0.0655	0.0526	0.0762	0.0525	0.0841	0.0797	0.0404	0.1274	0.0969	0.0274	0.2127	0.1274
104	0.0089	0.0656	0.0527	0.0764	0.0527	0.0843	0.0799	0.0404	0.1276	0.0971	0.0274	0.2129	0.1276
105	0.0089	0.0657	0.0525	0.0762	0.0526	0.0842	0.0797	0.0404	0.1276	0.0969	0.0274	0.213	0.1274
106	0.0087	0.0655	0.0525	0.0759	0.0527	0.0842	0.0795	0.0403	0.1274	0.0966	0.0274	0.2132	0.1272
107	0.0090	0.0661	0.053	0.0766	0.0526	0.0843	0.0797	0.0403	0.1276	0.0969	0.0274	0.2127	0.1273
108	0.0088	0.0659	0.0528	0.0766	0.0525	0.0836	0.0797	0.0405	0.1283	0.0974	0.0274	0.2126	0.1276
109	0.0087	0.0661	0.0531	0.0767	0.0526	0.0838	0.0798	0.0404	0.1281	0.0973	0.0274	0.213	0.1277
110	0.0089	0.0663	0.0534	0.0769	0.0524	0.0834	0.0796	0.0405	0.1284	0.0974	0.0274	0.2123	0.1274
111	0.0084	0.0665	0.0536	0.0775	0.0525	0.0835	0.0801	0.0405	0.1285	0.0978	0.0273	0.2123	0.1277
112	0.0085	0.0665	0.0537	0.0775	0.0525	0.0838	0.0801	0.0406	0.1287	0.0979	0.0273	0.2125	0.1278
113	0.0084	0.0665	0.0536	0.0773	0.0523	0.0833	0.0798	0.0406	0.1287	0.0978	0.0272	0.2119	0.1274
114	0.0078	0.0666	0.0535	0.0771	0.0524	0.0834	0.0797	0.0404	0.1276	0.0972	0.0272	0.2119	0.1272
115	0.0086	0.066	0.0532	0.0766	0.0522	0.0831	0.0795	0.0403	0.1276	0.0971	0.0272	0.2116	0.127
116	0.0086	0.066	0.0532	0.0767	0.0523	0.083	0.0795	0.0402	0.1276	0.0971	0.0272	0.2117	0.1271
117	0.0083	0.0663	0.0534	0.0769	0.0524	0.0834	0.0797	0.0402	0.1274	0.0971	0.0272	0.2118	0.1272
118	0.0081	0.0657	0.0531	0.0767	0.0524	0.0834	0.0798	0.0401	0.1273	0.097	0.0271	0.2116	0.1271
119	0.0082	0.0655	0.0529	0.0766	0.0522	0.0832	0.0797	0.0402	0.1274	0.0972	0.0272	0.212	0.1273
120	0.0082	0.0658	0.0532	0.0768	0.0523	0.0834	0.0798	0.0402	0.1278	0.0973	0.0272	0.2121	0.1273
121	0.0082	0.0658	0.0534	0.0771	0.0526	0.0837	0.0803	0.0402	0.1278	0.0975	0.0272	0.2119	0.1275
122	0.0082	0.0664	0.0539	0.0775	0.0529	0.0843	0.0807	0.0402	0.1281	0.0977	0.0272	0.2119	0.1276
123	0.0085	0.0662	0.0533	0.0773	0.0527	0.0843	0.0805	0.0403	0.128	0.0977	0.0271	0.2119	0.1275
124	0.0078	0.0666	0.0535	0.0777	0.0527	0.0843	0.0807	0.0401	0.1275	0.0977	0.027	0.2111	0.1274
125	0.0078	0.0665	0.0536	0.0775	0.0524	0.0835	0.0801	0.04	0.127	0.0972	0.027	0.2107	0.127
126	0.0075	0.0664	0.0533	0.0772	0.0522	0.083	0.0797	0.04	0.1268	0.097	0.0269	0.2106	0.1268
127	0.0080	0.0662	0.0532	0.0772	0.0523	0.0833	0.08	0.0401	0.1272	0.0972	0.027	0.2104	0.1268
128	0.0081	0.0664	0.0532	0.0773	0.0523	0.0834	0.08	0.04	0.1269	0.0972	0.027	0.2107	0.1269
129	0.0082	0.0665	0.0531	0.0771	0.052	0.083	0.0795	0.0401	0.1272	0.097	0.027	0.2107	0.1267
130	0.0080	0.0662	0.0531	0.077	0.0519	0.0827	0.0795	0.04	0.127	0.097	0.0269	0.2109	0.1268
131	0.0082	0.0658	0.0529	0.0766	0.052	0.0828	0.0794	0.0398	0.1265	0.0966	0.0269	0.2112	0.1266
132	0.0085	0.0655	0.0527	0.076	0.0516	0.0821	0.0787	0.0396	0.1258	0.0959	0.0268	0.2103	0.1258
133	0.0075	0.0651	0.0523	0.0755	0.0514	0.0819	0.0783	0.0395	0.1252	0.0953	0.0268	0.2099	0.1253
134	0.0077	0.065	0.0524	0.0753	0.0512	0.0817	0.078	0.0393	0.125	0.095	0.0268	0.2096	0.125
135	0.0080	0.0648	0.0522	0.0752	0.0511	0.0815	0.0779	0.0392	0.1247	0.0949	0.0268	0.2103	0.1252
136	0.0080	0.0652	0.0525	0.0756	0.0512	0.0818	0.0781	0.0392	0.1242	0.0949	0.0268	0.21	0.1253
137	0.0080	0.065	0.0524	0.0754	0.0513	0.082	0.0781	0.0391	0.1237	0.0946	0.0268	0.2099	0.1251
138	0.0077	0.0647	0.0527	0.0753	0.0513	0.0818	0.078	0.0391	0.1237	0.0946	0.0268	0.2096	0.125
139	0.0077	0.0653	0.0531	0.0758	0.0512	0.0818	0.0782	0.0391	0.124	0.0948	0.0267	0.2089	0.125
140	0.0079	0.065	0.0528	0.0756	0.0509	0.0816	0.078	0.0391	0.1238	0.0947	0.0267	0.2086	0.1248
141	0.0080	0.0655	0.0531	0.0762	0.051	0.0818	0.0784	0.0392	0.1241	0.0951	0.0267	0.2091	0.1252
142	0.0078	0.0658	0.0534	0.0763	0.0511	0.0818	0.0783	0.0394	0.1247	0.0953	0.0267	0.2086	0.125
143	0.0082	0.0661	0.0539	0.0767	0.0509	0.0814	0.0782	0.0395	0.1252	0.0956	0.0267	0.2082	0.125
144	0.0073	0.0658	0.0535	0.0763	0.051	0.0817	0.0783	0.0394	0.1256	0.0956	0.0266	0.2076	0.1248
145	0.0072	0.0648	0.0529	0.0754	0.0507	0.081	0.0777	0.0395	0.1256	0.0954	0.0266	0.2074	0.1246
146	0.0074	0.0647	0.0531	0.0752	0.0507	0.0807	0.0774	0.0394	0.1252	0.095	0.0265	0.2067	0.1241
147	0.0077	0.0646	0.0529	0.0749	0.0506	0.0808	0.0773	0.0393	0.1249	0.0947	0.0265	0.2063	0.1239
148	0.0076	0.0646	0.0529	0.075	0.0509	0.0812	0.0775	0.0393	0.1249	0.0948	0.0264	0.2058	0.1238
149	0.0075	0.0646	0.0527	0.0752	0.0507	0.0808	0.0775	0.0393	0.1247	0.0949	0.0264	0.2058	0.1239
150	0.0074	0.0649	0.0531	0.0754	0.0507	0.0808	0.0775	0.0393	0.1247	0.0949	0.0264	0.2055	0.1238
