{"n_layers": 2, "device": "cuda", "batch_size": 2048, "embedding_dim": 512, "learning_rate": 0.001, "dataset": "dbbook", "epochs": 150, "model": "ef-mmlgcn", "fusion": "max", "top_k": [5, 10, 20, 50], "seed": 19, "multimodal": false}
Epoch	Loss	Precision@5	Recall@5	NDCG@5	Precision@10	Recall@10	NDCG@10	Precision@20	Recall@20	NDCG@20	Precision@50	Recall@50	NDCG@50
1	0.6895	0.03	0.0224	0.0299	0.0284	0.0412	0.0353	0.0253	0.0714	0.0485	0.0202	0.1406	0.0742
2	0.6689	0.0271	0.0193	0.0263	0.0231	0.0323	0.0288	0.0241	0.0662	0.0438	0.0191	0.1301	0.0677
3	0.5985	0.0245	0.0173	0.0233	0.0215	0.0295	0.0259	0.0231	0.0625	0.0405	0.0181	0.1226	0.0629
4	0.4862	0.025	0.0174	0.0238	0.0214	0.0289	0.0259	0.023	0.062	0.0404	0.0179	0.1213	0.0623
5	0.3891	0.0266	0.0184	0.0253	0.0223	0.0301	0.0272	0.0228	0.0614	0.0408	0.0181	0.1227	0.0635
6	0.3314	0.0261	0.0182	0.0249	0.0228	0.0309	0.0275	0.0231	0.0629	0.0415	0.0185	0.1253	0.0646
7	0.2938	0.0277	0.0192	0.0263	0.0242	0.0331	0.0292	0.0238	0.0646	0.0431	0.019	0.1295	0.0671
8	0.2704	0.0297	0.0207	0.0283	0.0255	0.035	0.031	0.0244	0.0666	0.0449	0.0195	0.1329	0.0696
9	0.2485	0.0315	0.022	0.0303	0.0268	0.037	0.0331	0.0255	0.0701	0.0476	0.02	0.1367	0.0724
10	0.2283	0.0325	0.023	0.0314	0.0289	0.0402	0.0355	0.0263	0.0731	0.0497	0.0205	0.1413	0.0751
11	0.2039	0.0341	0.0243	0.0328	0.0303	0.0425	0.0372	0.027	0.0757	0.0515	0.0212	0.1464	0.078
12	0.1875	0.0354	0.0255	0.0341	0.0317	0.0448	0.0389	0.028	0.0783	0.0534	0.0219	0.1524	0.0809
13	0.1734	0.0377	0.0273	0.0365	0.0336	0.048	0.0415	0.0287	0.0805	0.0555	0.0224	0.1564	0.0836
14	0.1566	0.0392	0.0283	0.0386	0.0349	0.05	0.0438	0.0297	0.0838	0.0582	0.0231	0.1616	0.087
15	0.1447	0.0401	0.0295	0.0401	0.0352	0.0508	0.045	0.0302	0.0857	0.0599	0.0236	0.1665	0.0896
16	0.1338	0.0412	0.0305	0.0419	0.0357	0.0512	0.0462	0.0312	0.0889	0.0622	0.0241	0.1711	0.0923
17	0.1263	0.0421	0.0312	0.0433	0.0364	0.0524	0.0475	0.0319	0.0919	0.0641	0.0247	0.1755	0.0948
18	0.1170	0.0442	0.033	0.0458	0.0375	0.0547	0.0496	0.0325	0.094	0.0662	0.0252	0.1799	0.0977
19	0.1087	0.0447	0.0337	0.0468	0.0384	0.056	0.0511	0.0331	0.0962	0.0679	0.0255	0.1837	0.0999
20	0.1019	0.0453	0.0342	0.0478	0.0395	0.058	0.0527	0.0339	0.0988	0.0698	0.0258	0.186	0.1016
21	0.0965	0.0458	0.0349	0.0483	0.0395	0.0582	0.0529	0.0343	0.1005	0.0707	0.0261	0.1882	0.1028
22	0.0904	0.0453	0.0346	0.0485	0.0397	0.059	0.0537	0.0346	0.1013	0.0716	0.0263	0.19	0.1041
23	0.0815	0.0454	0.0351	0.0489	0.04	0.0595	0.0541	0.0348	0.1025	0.0723	0.0266	0.1921	0.1052
24	0.0802	0.046	0.0355	0.0497	0.0404	0.0602	0.0549	0.0349	0.1035	0.0731	0.0269	0.1948	0.1066
25	0.0747	0.0471	0.0364	0.0509	0.0411	0.0614	0.056	0.0352	0.1045	0.0741	0.027	0.1958	0.1077
26	0.0711	0.0482	0.0373	0.0519	0.0418	0.0624	0.057	0.0356	0.1058	0.0751	0.0273	0.1985	0.1091
27	0.0680	0.0489	0.0378	0.0528	0.0426	0.0635	0.0581	0.0361	0.1075	0.0764	0.0276	0.201	0.1107
28	0.0661	0.0496	0.0386	0.0537	0.0428	0.064	0.0588	0.0363	0.1078	0.0772	0.0277	0.2028	0.1118
29	0.0614	0.0506	0.0389	0.0549	0.0439	0.066	0.0604	0.0367	0.1094	0.0784	0.0278	0.2038	0.1128
30	0.0600	0.0514	0.0394	0.0558	0.0442	0.0668	0.0611	0.0371	0.1104	0.0794	0.0278	0.2046	0.1136
31	0.0589	0.0514	0.0394	0.0563	0.0448	0.0674	0.0621	0.0374	0.1109	0.0803	0.028	0.2061	0.1148
32	0.0529	0.0521	0.0398	0.057	0.0449	0.0682	0.0626	0.0379	0.1126	0.0813	0.0281	0.207	0.1156
33	0.0523	0.052	0.0398	0.0572	0.045	0.0686	0.063	0.038	0.1134	0.0819	0.0282	0.2085	0.1163
34	0.0483	0.0522	0.0401	0.0575	0.0456	0.0694	0.0636	0.0382	0.1144	0.0824	0.0283	0.2096	0.117
35	0.0468	0.0519	0.0405	0.0575	0.0457	0.0696	0.0639	0.0383	0.1147	0.0826	0.0284	0.2105	0.1173
36	0.0448	0.0524	0.0409	0.058	0.0457	0.0698	0.0641	0.0384	0.1154	0.083	0.0284	0.211	0.1177
37	0.0429	0.0526	0.0412	0.0586	0.0459	0.0701	0.0647	0.0384	0.1155	0.0835	0.0285	0.2115	0.1183
38	0.0414	0.0539	0.0423	0.0601	0.0466	0.0709	0.0658	0.0387	0.1161	0.0845	0.0285	0.2115	0.1191
39	0.0392	0.0537	0.0417	0.0601	0.0468	0.0713	0.0661	0.039	0.1171	0.0852	0.0286	0.2123	0.1196
40	0.0392	0.0543	0.0427	0.0606	0.0472	0.0718	0.0665	0.0392	0.1179	0.0856	0.0286	0.2127	0.1199
41	0.0380	0.0549	0.0424	0.0615	0.0476	0.0722	0.0674	0.0391	0.1179	0.0862	0.0286	0.213	0.1206
42	0.0370	0.0552	0.0433	0.0619	0.0479	0.0731	0.0679	0.0393	0.1185	0.0865	0.0286	0.2133	0.1208
43	0.0349	0.0552	0.0432	0.0618	0.0478	0.073	0.0678	0.0393	0.1185	0.0866	0.0285	0.2129	0.1207
44	0.0346	0.0553	0.0436	0.062	0.0478	0.073	0.0678	0.0394	0.1188	0.0868	0.0286	0.2136	0.121
45	0.0335	0.0554	0.0433	0.0619	0.0479	0.0734	0.068	0.0393	0.1184	0.0867	0.0285	0.213	0.1209
46	0.0318	0.0559	0.0441	0.0624	0.0482	0.0739	0.0683	0.0395	0.1196	0.0872	0.0286	0.2144	0.1214
47	0.0307	0.0559	0.0442	0.0627	0.0484	0.0741	0.0687	0.0396	0.1201	0.0876	0.0287	0.2152	0.1219
48	0.0308	0.0561	0.0442	0.0627	0.0484	0.0743	0.0687	0.0397	0.1206	0.0878	0.0287	0.2157	0.122
49	0.0283	0.0562	0.0447	0.0631	0.0486	0.0746	0.0692	0.0397	0.1205	0.088	0.0287	0.2162	0.1224
50	0.0276	0.0568	0.0451	0.0636	0.0494	0.0758	0.07	0.0401	0.1218	0.0888	0.0287	0.2157	0.1226
51	0.0280	0.0572	0.0451	0.064	0.0497	0.0766	0.0705	0.0401	0.1224	0.0892	0.0288	0.2164	0.1232
52	0.0265	0.0577	0.0454	0.0645	0.0497	0.0763	0.0705	0.0403	0.1231	0.0896	0.0289	0.2176	0.1236
53	0.0255	0.0586	0.0464	0.0654	0.0499	0.0766	0.071	0.0406	0.124	0.0903	0.0288	0.2176	0.1239
54	0.0253	0.0587	0.0465	0.0659	0.0496	0.076	0.071	0.0407	0.1247	0.0908	0.0288	0.2178	0.1243
55	0.0252	0.0588	0.0463	0.066	0.0498	0.0763	0.0713	0.0408	0.1251	0.0911	0.0288	0.2183	0.1246
56	0.0239	0.0583	0.0458	0.0657	0.0498	0.0764	0.0714	0.0408	0.1254	0.0913	0.0289	0.2182	0.1246
57	0.0238	0.0587	0.0461	0.0663	0.0496	0.0763	0.0716	0.0405	0.1245	0.0911	0.0289	0.2186	0.125
58	0.0232	0.0589	0.0463	0.0663	0.0501	0.0766	0.0718	0.0405	0.1246	0.0911	0.0289	0.2179	0.1249
59	0.0230	0.0591	0.0461	0.0665	0.0501	0.0768	0.072	0.0406	0.1249	0.0914	0.0289	0.2179	0.125
60	0.0222	0.0593	0.0465	0.067	0.0501	0.0771	0.0723	0.0407	0.1252	0.0918	0.0289	0.2188	0.1255
61	0.0225	0.0596	0.0467	0.0673	0.0503	0.0777	0.0727	0.0407	0.1254	0.092	0.0289	0.2188	0.1257
62	0.0212	0.0599	0.0468	0.0677	0.0504	0.0778	0.0729	0.0409	0.1258	0.0924	0.0289	0.219	0.1259
63	0.0212	0.0599	0.0467	0.0681	0.0505	0.0782	0.0735	0.0407	0.1256	0.0928	0.0288	0.2184	0.1263
64	0.0206	0.0603	0.0474	0.0687	0.0508	0.0787	0.0741	0.0409	0.126	0.0932	0.0288	0.2184	0.1265
65	0.0202	0.0605	0.0476	0.0688	0.0507	0.0787	0.074	0.041	0.1268	0.0936	0.0287	0.218	0.1264
66	0.0198	0.0607	0.0476	0.0688	0.051	0.079	0.0741	0.041	0.1267	0.0934	0.0287	0.2185	0.1264
67	0.0200	0.0609	0.0481	0.0693	0.051	0.079	0.0744	0.041	0.1273	0.0938	0.0287	0.2185	0.1267
68	0.0194	0.0611	0.0481	0.0694	0.0514	0.0798	0.0749	0.0411	0.1274	0.094	0.0287	0.2189	0.1269
69	0.0191	0.0613	0.0482	0.0699	0.0519	0.0805	0.0755	0.0411	0.1276	0.0944	0.0287	0.2191	0.1273
70	0.0173	0.0613	0.0482	0.0699	0.0517	0.0806	0.0755	0.0411	0.1274	0.0944	0.0287	0.2188	0.1272
71	0.0181	0.0614	0.0484	0.0698	0.0514	0.0802	0.0751	0.0412	0.1277	0.0943	0.0286	0.2184	0.1269
72	0.0174	0.0611	0.0481	0.0694	0.0514	0.0804	0.075	0.0412	0.1277	0.0942	0.0286	0.2184	0.1267
73	0.0178	0.0614	0.0488	0.0698	0.0518	0.081	0.0755	0.0411	0.1273	0.0941	0.0286	0.2189	0.1269
74	0.0168	0.0613	0.0488	0.0698	0.0519	0.0811	0.0756	0.0411	0.127	0.0942	0.0286	0.2195	0.1272
75	0.0171	0.0616	0.049	0.0702	0.0519	0.0813	0.0758	0.041	0.1267	0.0943	0.0287	0.2195	0.1273
76	0.0163	0.0617	0.049	0.0701	0.0518	0.0809	0.0755	0.0411	0.1271	0.0942	0.0286	0.2188	0.127
77	0.0163	0.0622	0.0494	0.0705	0.052	0.0811	0.0757	0.0411	0.1277	0.0945	0.0286	0.2196	0.1273
78	0.0161	0.0621	0.0492	0.0705	0.0519	0.0809	0.0757	0.0413	0.1277	0.0947	0.0286	0.2194	0.1273
79	0.0158	0.0629	0.05	0.0711	0.0521	0.0816	0.0762	0.0413	0.1283	0.095	0.0285	0.2188	0.1274
80	0.0156	0.0626	0.05	0.0712	0.052	0.0815	0.0762	0.0413	0.1284	0.0951	0.0285	0.2186	0.1274
81	0.0147	0.0628	0.0499	0.0713	0.0518	0.0814	0.0762	0.0413	0.1281	0.0951	0.0286	0.2195	0.1277
82	0.0141	0.0629	0.05	0.0716	0.0518	0.0813	0.0763	0.0413	0.1282	0.0952	0.0285	0.2187	0.1276
83	0.0157	0.0625	0.0497	0.0712	0.0519	0.0815	0.0762	0.0412	0.1283	0.095	0.0284	0.2186	0.1273
84	0.0149	0.0623	0.0497	0.0713	0.0516	0.081	0.0761	0.0411	0.1281	0.095	0.0284	0.2178	0.1271
85	0.0141	0.0625	0.0499	0.0717	0.0519	0.0816	0.0765	0.0411	0.1284	0.0953	0.0283	0.217	0.1271
86	0.0135	0.0627	0.05	0.0717	0.0519	0.0818	0.0766	0.0411	0.1285	0.0954	0.0284	0.2176	0.1273
87	0.0147	0.0628	0.0498	0.0719	0.052	0.0823	0.0769	0.0412	0.1288	0.0957	0.0284	0.2183	0.1277
88	0.0144	0.0633	0.0502	0.0722	0.0524	0.0825	0.0772	0.0411	0.1284	0.0955	0.0284	0.2184	0.1278
89	0.0138	0.063	0.0499	0.0722	0.0527	0.0829	0.0775	0.0412	0.1288	0.0958	0.0284	0.2189	0.128
90	0.0139	0.0631	0.0499	0.0721	0.0526	0.0828	0.0773	0.041	0.1282	0.0954	0.0284	0.2185	0.1277
91	0.0135	0.0635	0.0503	0.0726	0.0525	0.0827	0.0775	0.0411	0.1289	0.0959	0.0284	0.2189	0.1281
92	0.0129	0.0632	0.0501	0.0725	0.0525	0.0826	0.0774	0.0411	0.1288	0.0959	0.0284	0.2192	0.1282
93	0.0135	0.0629	0.0498	0.0721	0.0524	0.0823	0.0772	0.041	0.1282	0.0956	0.0285	0.2192	0.1281
94	0.0126	0.0629	0.0497	0.0721	0.0522	0.082	0.0771	0.041	0.1283	0.0956	0.0284	0.2195	0.1281
95	0.0125	0.0628	0.0496	0.072	0.0523	0.0822	0.0771	0.0409	0.1281	0.0955	0.0284	0.2192	0.128
96	0.0120	0.0629	0.0498	0.0724	0.0522	0.0822	0.0773	0.0407	0.1276	0.0955	0.0284	0.2185	0.128
97	0.0127	0.0625	0.0494	0.0721	0.0519	0.0822	0.0772	0.0406	0.1274	0.0953	0.0284	0.2191	0.128
98	0.0120	0.0625	0.0496	0.0721	0.0519	0.0822	0.0771	0.0406	0.1273	0.0952	0.0283	0.2185	0.1278
99	0.0123	0.0623	0.0492	0.0719	0.0521	0.0825	0.0772	0.0406	0.1272	0.0951	0.0282	0.2179	0.1275
100	0.0118	0.0619	0.0489	0.0714	0.0519	0.0823	0.0769	0.0405	0.1271	0.0949	0.0282	0.2174	0.1271
101	0.0116	0.0618	0.049	0.0714	0.0521	0.0826	0.077	0.0404	0.1269	0.0947	0.0281	0.2169	0.1269
102	0.0118	0.0619	0.0493	0.0713	0.0522	0.0828	0.0769	0.0404	0.127	0.0946	0.0281	0.2168	0.1267
103	0.0129	0.062	0.0493	0.0714	0.0522	0.0829	0.0771	0.0405	0.1278	0.095	0.0281	0.217	0.1269
104	0.0116	0.0621	0.0494	0.0714	0.0521	0.0829	0.077	0.0405	0.1277	0.0948	0.028	0.2168	0.1267
105	0.0120	0.0621	0.0494	0.0715	0.0522	0.0829	0.0771	0.0404	0.1274	0.0948	0.028	0.2169	0.1267
106	0.0116	0.0625	0.0496	0.0717	0.0521	0.0828	0.077	0.0405	0.1278	0.0949	0.028	0.2162	0.1266
107	0.0121	0.0626	0.0496	0.072	0.0521	0.0828	0.0772	0.0404	0.1272	0.095	0.0279	0.2161	0.1267
108	0.0111	0.0629	0.0499	0.0725	0.0522	0.083	0.0776	0.0405	0.1278	0.0954	0.0279	0.216	0.1269
109	0.0112	0.0627	0.0495	0.0723	0.0523	0.0831	0.0776	0.0404	0.1273	0.0952	0.0279	0.2159	0.1268
110	0.0111	0.0628	0.0495	0.0722	0.0523	0.0835	0.0776	0.0403	0.1269	0.095	0.0278	0.2158	0.1266
111	0.0110	0.0635	0.0504	0.0726	0.0524	0.0836	0.0777	0.0403	0.1269	0.095	0.0278	0.2156	0.1265
112	0.0116	0.0632	0.0502	0.0727	0.0523	0.0831	0.0777	0.0404	0.127	0.0952	0.0278	0.2154	0.1267
113	0.0112	0.0623	0.0496	0.072	0.0524	0.0833	0.0777	0.0404	0.1271	0.0951	0.0277	0.2152	0.1265
114	0.0107	0.0624	0.0497	0.072	0.0522	0.0831	0.0774	0.0404	0.1274	0.0951	0.0277	0.2147	0.1263
115	0.0109	0.0627	0.05	0.0723	0.0522	0.0829	0.0775	0.0403	0.1266	0.095	0.0278	0.2153	0.1265
116	0.0103	0.063	0.0502	0.0726	0.0525	0.0834	0.0778	0.0404	0.1268	0.0951	0.0277	0.2148	0.1265
117	0.0109	0.0629	0.0506	0.0727	0.0523	0.0834	0.0778	0.0402	0.1263	0.095	0.0276	0.2142	0.1263
118	0.0106	0.0628	0.0505	0.0728	0.0524	0.0835	0.078	0.0403	0.1267	0.0952	0.0276	0.2143	0.1264
119	0.0102	0.0632	0.0507	0.0731	0.0526	0.0836	0.0781	0.0404	0.1273	0.0955	0.0276	0.2141	0.1265
120	0.0101	0.063	0.0507	0.0731	0.0525	0.0838	0.0782	0.0404	0.1269	0.0955	0.0276	0.2145	0.1267
121	0.0105	0.0628	0.0503	0.0728	0.0523	0.0836	0.078	0.0404	0.1272	0.0955	0.0275	0.2138	0.1263
122	0.0099	0.0628	0.0504	0.0729	0.0524	0.084	0.0781	0.0404	0.127	0.0954	0.0275	0.2133	0.1261
123	0.0101	0.0628	0.0505	0.0728	0.0523	0.0836	0.078	0.0404	0.127	0.0953	0.0275	0.2137	0.1262
124	0.0098	0.063	0.0507	0.0732	0.0522	0.0835	0.0781	0.0404	0.1271	0.0956	0.0275	0.2134	0.1263
125	0.0098	0.0628	0.0502	0.0729	0.0522	0.0834	0.0779	0.0403	0.1266	0.0953	0.0275	0.2138	0.1263
126	0.0106	0.063	0.0505	0.073	0.0522	0.0833	0.0779	0.0403	0.1268	0.0953	0.0275	0.2136	0.1261
127	0.0104	0.063	0.0502	0.0729	0.0523	0.0835	0.078	0.0404	0.1272	0.0954	0.0274	0.2127	0.1259
128	0.0097	0.063	0.0505	0.0728	0.0523	0.0833	0.0777	0.0404	0.1271	0.0952	0.0274	0.213	0.1258
129	0.0097	0.0627	0.0503	0.0724	0.0523	0.0831	0.0776	0.0403	0.1275	0.0952	0.0274	0.2128	0.1257
130	0.0092	0.0625	0.0499	0.0721	0.0523	0.0835	0.0776	0.0403	0.1273	0.095	0.0274	0.2129	0.1256
131	0.0100	0.0623	0.0498	0.0718	0.0523	0.0836	0.0774	0.0404	0.1274	0.0949	0.0274	0.213	0.1254
132	0.0101	0.0622	0.0499	0.0719	0.0522	0.0836	0.0775	0.0404	0.1274	0.095	0.0274	0.2128	0.1254
133	0.0099	0.0625	0.05	0.0722	0.052	0.0832	0.0774	0.0403	0.1268	0.0949	0.0274	0.2129	0.1254
134	0.0100	0.0623	0.0501	0.0722	0.0521	0.0836	0.0777	0.0403	0.1266	0.095	0.0273	0.2118	0.1253
135	0.0089	0.0625	0.0505	0.0723	0.0523	0.0841	0.0779	0.0402	0.1263	0.095	0.0273	0.2122	0.1254
136	0.0095	0.0629	0.0511	0.0729	0.0525	0.0843	0.0782	0.0403	0.1264	0.0953	0.0273	0.2126	0.1258
137	0.0096	0.0633	0.0513	0.0734	0.0527	0.0846	0.0787	0.0405	0.1276	0.0959	0.0274	0.2127	0.1262
138	0.0094	0.0633	0.0513	0.0733	0.0528	0.0849	0.0787	0.0407	0.1283	0.0961	0.0274	0.2128	0.1261
139	0.0097	0.0635	0.0513	0.0734	0.0526	0.0848	0.0787	0.0409	0.1289	0.0964	0.0275	0.2132	0.1263
140	0.0089	0.0633	0.0511	0.073	0.0525	0.0845	0.0783	0.0408	0.1287	0.0961	0.0274	0.2129	0.126
141	0.0094	0.0632	0.0508	0.0729	0.0525	0.0846	0.0784	0.0408	0.1288	0.0962	0.0274	0.2132	0.1261
142	0.0092	0.063	0.0507	0.0729	0.0525	0.0845	0.0785	0.0408	0.1289	0.0963	0.0274	0.2133	0.1262
143	0.0095	0.0631	0.0509	0.073	0.0528	0.0847	0.0786	0.0406	0.1286	0.096	0.0274	0.2127	0.126
144	0.0089	0.0629	0.0508	0.0727	0.053	0.0851	0.0786	0.0406	0.1284	0.0958	0.0273	0.2124	0.1257
145	0.0095	0.0626	0.0507	0.0725	0.0527	0.0847	0.0784	0.0403	0.1274	0.0954	0.0273	0.2125	0.1256
146	0.0092	0.063	0.0508	0.073	0.0523	0.0843	0.0783	0.0403	0.1275	0.0956	0.0272	0.212	0.1257
147	0.0087	0.063	0.0511	0.0734	0.0522	0.0837	0.0783	0.0403	0.1276	0.0959	0.0272	0.2121	0.1259
148	0.0088	0.0627	0.0508	0.0731	0.0521	0.0837	0.0783	0.0404	0.1278	0.0959	0.0272	0.2114	0.1257
149	0.0090	0.0625	0.0507	0.073	0.0521	0.0839	0.0784	0.0402	0.1269	0.0957	0.0272	0.2114	0.1257
150	0.0092	0.0622	0.0503	0.0728	0.0525	0.0846	0.0787	0.0402	0.1269	0.0956	0.0272	0.2114	0.1257
