{"n_layers": 1, "device": "cuda", "batch_size": 2048, "embedding_dim": 512, "learning_rate": 0.001, "dataset": "dbbook", "epochs": 150, "top_k": 5, "multimodal": true, "datasets": {"dbbook": ["images", "text"], "ml1m": ["audio", "images", "text", "video"]}}
Epoch	Loss	Recall	Precision	NDCG
1	0.6902	0.0133	0.0165	0.0203
2	0.6793	0.0317	0.0420	0.0496
3	0.6639	0.0370	0.0510	0.0593
4	0.6398	0.0404	0.0538	0.0604
5	0.6040	0.0395	0.0521	0.0572
6	0.5562	0.0376	0.0493	0.0536
7	0.5000	0.0350	0.0455	0.0486
8	0.4421	0.0333	0.0431	0.0458
9	0.3888	0.0323	0.0421	0.0446
10	0.3411	0.0322	0.0418	0.0442
11	0.3023	0.0318	0.0414	0.0443
12	0.2686	0.0319	0.0417	0.0444
13	0.2431	0.0322	0.0420	0.0447
14	0.2203	0.0327	0.0429	0.0453
15	0.2005	0.0333	0.0438	0.0462
16	0.1824	0.0343	0.0445	0.0471
17	0.1679	0.0342	0.0448	0.0475
18	0.1566	0.0344	0.0453	0.0480
19	0.1437	0.0350	0.0460	0.0486
20	0.1349	0.0352	0.0463	0.0491
21	0.1236	0.0360	0.0467	0.0497
22	0.1180	0.0363	0.0471	0.0501
23	0.1094	0.0366	0.0478	0.0505
24	0.1060	0.0373	0.0483	0.0513
25	0.0979	0.0380	0.0491	0.0526
26	0.0922	0.0385	0.0499	0.0535
27	0.0866	0.0396	0.0512	0.0550
28	0.0811	0.0401	0.0518	0.0557
29	0.0775	0.0406	0.0524	0.0563
30	0.0758	0.0410	0.0525	0.0567
31	0.0698	0.0413	0.0529	0.0571
32	0.0692	0.0416	0.0532	0.0577
33	0.0651	0.0421	0.0541	0.0587
34	0.0617	0.0421	0.0544	0.0593
35	0.0597	0.0427	0.0554	0.0604
36	0.0568	0.0434	0.0564	0.0614
37	0.0534	0.0439	0.0570	0.0619
38	0.0527	0.0442	0.0572	0.0626
39	0.0494	0.0447	0.0577	0.0632
40	0.0483	0.0445	0.0575	0.0631
41	0.0444	0.0442	0.0571	0.0629
42	0.0437	0.0440	0.0569	0.0627
43	0.0432	0.0441	0.0573	0.0631
44	0.0419	0.0446	0.0576	0.0635
45	0.0404	0.0451	0.0582	0.0641
46	0.0395	0.0454	0.0586	0.0647
47	0.0390	0.0458	0.0590	0.0650
48	0.0365	0.0459	0.0591	0.0651
49	0.0357	0.0459	0.0593	0.0654
50	0.0350	0.0463	0.0596	0.0658
51	0.0342	0.0464	0.0598	0.0661
52	0.0326	0.0465	0.0596	0.0662
53	0.0318	0.0470	0.0603	0.0668
54	0.0317	0.0475	0.0607	0.0674
55	0.0299	0.0478	0.0613	0.0680
56	0.0300	0.0482	0.0618	0.0685
57	0.0288	0.0489	0.0625	0.0691
58	0.0283	0.0493	0.0629	0.0697
59	0.0276	0.0492	0.0628	0.0696
60	0.0269	0.0494	0.0630	0.0700
61	0.0260	0.0495	0.0633	0.0702
62	0.0251	0.0496	0.0633	0.0704
63	0.0250	0.0494	0.0631	0.0703
64	0.0248	0.0493	0.0629	0.0703
65	0.0240	0.0496	0.0633	0.0708
66	0.0223	0.0498	0.0636	0.0712
67	0.0222	0.0501	0.0639	0.0715
68	0.0230	0.0503	0.0640	0.0717
69	0.0223	0.0505	0.0641	0.0720
70	0.0217	0.0505	0.0643	0.0722
71	0.0207	0.0505	0.0645	0.0725
72	0.0216	0.0507	0.0646	0.0727
73	0.0203	0.0508	0.0646	0.0727
74	0.0201	0.0507	0.0644	0.0728
75	0.0205	0.0508	0.0645	0.0730
76	0.0194	0.0512	0.0649	0.0735
77	0.0197	0.0514	0.0650	0.0735
78	0.0196	0.0513	0.0651	0.0736
79	0.0186	0.0514	0.0653	0.0736
80	0.0187	0.0514	0.0655	0.0737
81	0.0185	0.0514	0.0657	0.0740
82	0.0173	0.0512	0.0654	0.0740
83	0.0177	0.0513	0.0655	0.0740
84	0.0180	0.0509	0.0652	0.0736
85	0.0178	0.0513	0.0653	0.0736
86	0.0168	0.0511	0.0651	0.0735
87	0.0180	0.0512	0.0650	0.0736
88	0.0171	0.0518	0.0655	0.0741
89	0.0162	0.0520	0.0657	0.0744
90	0.0169	0.0517	0.0658	0.0744
91	0.0163	0.0517	0.0655	0.0744
92	0.0157	0.0513	0.0651	0.0742
93	0.0152	0.0515	0.0654	0.0743
94	0.0154	0.0511	0.0651	0.0739
95	0.0151	0.0510	0.0650	0.0737
96	0.0148	0.0515	0.0654	0.0741
97	0.0153	0.0518	0.0654	0.0742
98	0.0151	0.0518	0.0654	0.0744
99	0.0148	0.0519	0.0657	0.0746
100	0.0145	0.0519	0.0655	0.0745
101	0.0145	0.0517	0.0657	0.0744
102	0.0148	0.0520	0.0661	0.0750
103	0.0145	0.0518	0.0661	0.0753
104	0.0142	0.0523	0.0665	0.0758
105	0.0141	0.0526	0.0668	0.0760
106	0.0142	0.0528	0.0669	0.0762
107	0.0135	0.0526	0.0669	0.0760
108	0.0142	0.0526	0.0668	0.0759
109	0.0127	0.0532	0.0674	0.0762
110	0.0128	0.0531	0.0674	0.0762
111	0.0133	0.0530	0.0673	0.0763
112	0.0129	0.0530	0.0671	0.0762
113	0.0134	0.0532	0.0675	0.0766
114	0.0128	0.0531	0.0675	0.0764
115	0.0127	0.0535	0.0678	0.0767
116	0.0132	0.0539	0.0679	0.0769
117	0.0124	0.0536	0.0676	0.0770
118	0.0127	0.0535	0.0671	0.0766
119	0.0126	0.0535	0.0673	0.0768
120	0.0126	0.0535	0.0675	0.0772
121	0.0130	0.0534	0.0674	0.0771
122	0.0126	0.0536	0.0674	0.0770
123	0.0122	0.0538	0.0677	0.0775
124	0.0121	0.0538	0.0678	0.0776
125	0.0126	0.0537	0.0678	0.0774
126	0.0121	0.0539	0.0680	0.0774
127	0.0119	0.0537	0.0676	0.0771
128	0.0121	0.0536	0.0674	0.0770
129	0.0124	0.0536	0.0674	0.0771
130	0.0120	0.0536	0.0674	0.0773
131	0.0121	0.0537	0.0674	0.0772
132	0.0117	0.0536	0.0674	0.0771
133	0.0115	0.0536	0.0673	0.0771
134	0.0118	0.0538	0.0676	0.0776
135	0.0113	0.0540	0.0677	0.0777
136	0.0112	0.0540	0.0678	0.0776
137	0.0110	0.0542	0.0678	0.0776
138	0.0117	0.0541	0.0677	0.0776
139	0.0117	0.0540	0.0675	0.0773
140	0.0114	0.0542	0.0677	0.0774
141	0.0112	0.0542	0.0676	0.0773
142	0.0112	0.0541	0.0673	0.0770
143	0.0108	0.0542	0.0674	0.0771
144	0.0107	0.0541	0.0674	0.0771
145	0.0114	0.0536	0.0668	0.0765
146	0.0104	0.0538	0.0669	0.0767
147	0.0109	0.0539	0.0672	0.0769
148	0.0109	0.0538	0.0673	0.0771
149	0.0107	0.0541	0.0674	0.0773
150	0.0101	0.0540	0.0673	0.0772
