{"n_layers": 0, "device": "cuda", "batch_size": 2048, "embedding_dim": 128, "learning_rate": 0.0005, "dataset": "dbbook", "epochs": 150, "top_k": 10, "multimodal": true, "datasets": {"dbbook": ["images", "text"], "ml1m": ["audio", "images", "text", "video"]}}
Epoch	Loss	Recall	Precision	NDCG
1	0.6931	0.0027	0.0018	0.0022
2	0.6918	0.0030	0.0019	0.0024
3	0.6907	0.0041	0.0026	0.0033
4	0.6895	0.0072	0.0042	0.0059
5	0.6882	0.0114	0.0067	0.0100
6	0.6867	0.0173	0.0103	0.0161
7	0.6849	0.0226	0.0141	0.0225
8	0.6830	0.0293	0.0187	0.0294
9	0.6805	0.0355	0.0231	0.0355
10	0.6778	0.0407	0.0266	0.0405
11	0.6745	0.0445	0.0296	0.0448
12	0.6707	0.0477	0.0317	0.0485
13	0.6663	0.0508	0.0337	0.0513
14	0.6612	0.0530	0.0352	0.0536
15	0.6554	0.0549	0.0368	0.0557
16	0.6488	0.0563	0.0378	0.0572
17	0.6412	0.0565	0.0382	0.0580
18	0.6331	0.0579	0.0390	0.0591
19	0.6240	0.0583	0.0391	0.0598
20	0.6143	0.0592	0.0397	0.0606
21	0.6036	0.0600	0.0403	0.0611
22	0.5921	0.0602	0.0405	0.0615
23	0.5801	0.0600	0.0405	0.0614
24	0.5680	0.0608	0.0409	0.0617
25	0.5552	0.0608	0.0411	0.0620
26	0.5416	0.0614	0.0413	0.0625
27	0.5287	0.0616	0.0414	0.0628
28	0.5155	0.0611	0.0411	0.0626
29	0.5017	0.0614	0.0415	0.0630
30	0.4887	0.0616	0.0416	0.0633
31	0.4756	0.0612	0.0414	0.0632
32	0.4622	0.0615	0.0415	0.0635
33	0.4500	0.0617	0.0415	0.0636
34	0.4368	0.0614	0.0415	0.0634
35	0.4248	0.0615	0.0415	0.0636
36	0.4131	0.0621	0.0418	0.0641
37	0.4016	0.0622	0.0419	0.0642
38	0.3912	0.0618	0.0418	0.0640
39	0.3808	0.0617	0.0418	0.0641
40	0.3711	0.0616	0.0421	0.0641
41	0.3608	0.0618	0.0422	0.0642
42	0.3535	0.0619	0.0421	0.0643
43	0.3434	0.0620	0.0421	0.0643
44	0.3351	0.0624	0.0422	0.0644
45	0.3258	0.0624	0.0424	0.0645
46	0.3178	0.0626	0.0424	0.0645
47	0.3106	0.0629	0.0425	0.0645
48	0.3034	0.0633	0.0427	0.0647
49	0.2958	0.0634	0.0428	0.0647
50	0.2909	0.0634	0.0427	0.0648
51	0.2841	0.0638	0.0429	0.0650
52	0.2762	0.0642	0.0432	0.0653
53	0.2723	0.0641	0.0432	0.0654
54	0.2644	0.0642	0.0433	0.0657
55	0.2601	0.0643	0.0432	0.0657
56	0.2546	0.0645	0.0435	0.0658
57	0.2502	0.0647	0.0435	0.0660
58	0.2438	0.0651	0.0436	0.0662
59	0.2400	0.0654	0.0439	0.0665
60	0.2358	0.0656	0.0440	0.0665
61	0.2307	0.0655	0.0441	0.0667
62	0.2261	0.0656	0.0443	0.0669
63	0.2200	0.0656	0.0444	0.0669
64	0.2172	0.0657	0.0443	0.0670
65	0.2137	0.0660	0.0444	0.0671
66	0.2079	0.0663	0.0445	0.0672
67	0.2042	0.0665	0.0447	0.0673
68	0.2008	0.0668	0.0449	0.0674
69	0.1981	0.0669	0.0449	0.0674
70	0.1932	0.0671	0.0450	0.0677
71	0.1913	0.0673	0.0451	0.0679
72	0.1879	0.0675	0.0452	0.0681
73	0.1832	0.0680	0.0454	0.0683
74	0.1807	0.0677	0.0452	0.0681
75	0.1777	0.0681	0.0453	0.0683
76	0.1742	0.0684	0.0456	0.0686
77	0.1706	0.0688	0.0458	0.0689
78	0.1684	0.0690	0.0459	0.0691
79	0.1653	0.0694	0.0461	0.0693
80	0.1623	0.0694	0.0461	0.0692
81	0.1595	0.0694	0.0462	0.0692
82	0.1561	0.0692	0.0462	0.0693
83	0.1531	0.0693	0.0461	0.0692
84	0.1524	0.0695	0.0461	0.0693
85	0.1491	0.0699	0.0463	0.0695
86	0.1467	0.0702	0.0465	0.0697
87	0.1452	0.0698	0.0463	0.0695
88	0.1429	0.0701	0.0464	0.0697
89	0.1390	0.0702	0.0464	0.0699
90	0.1372	0.0702	0.0465	0.0700
91	0.1359	0.0704	0.0466	0.0700
92	0.1327	0.0706	0.0467	0.0702
93	0.1305	0.0703	0.0464	0.0700
94	0.1278	0.0704	0.0465	0.0701
95	0.1269	0.0707	0.0467	0.0703
96	0.1268	0.0706	0.0467	0.0702
97	0.1230	0.0707	0.0468	0.0705
98	0.1214	0.0710	0.0470	0.0707
99	0.1194	0.0710	0.0470	0.0706
100	0.1174	0.0713	0.0471	0.0708
101	0.1159	0.0716	0.0473	0.0711
102	0.1120	0.0715	0.0474	0.0711
103	0.1123	0.0715	0.0473	0.0712
104	0.1089	0.0719	0.0475	0.0714
105	0.1091	0.0716	0.0474	0.0711
106	0.1061	0.0718	0.0474	0.0711
107	0.1045	0.0717	0.0473	0.0711
108	0.1036	0.0723	0.0476	0.0714
109	0.1024	0.0724	0.0478	0.0715
110	0.1001	0.0724	0.0478	0.0716
111	0.0992	0.0725	0.0479	0.0719
112	0.0975	0.0734	0.0484	0.0723
113	0.0969	0.0737	0.0486	0.0724
114	0.0951	0.0734	0.0484	0.0723
115	0.0942	0.0737	0.0485	0.0722
116	0.0924	0.0737	0.0486	0.0722
117	0.0918	0.0739	0.0487	0.0723
118	0.0909	0.0740	0.0486	0.0722
119	0.0891	0.0739	0.0485	0.0722
120	0.0867	0.0739	0.0486	0.0721
121	0.0850	0.0742	0.0488	0.0723
122	0.0850	0.0744	0.0489	0.0724
123	0.0840	0.0744	0.0490	0.0725
124	0.0824	0.0744	0.0491	0.0725
125	0.0827	0.0747	0.0492	0.0726
126	0.0805	0.0748	0.0494	0.0729
127	0.0801	0.0746	0.0493	0.0728
128	0.0785	0.0747	0.0493	0.0728
129	0.0771	0.0748	0.0494	0.0730
130	0.0769	0.0749	0.0494	0.0731
131	0.0745	0.0748	0.0493	0.0730
132	0.0759	0.0748	0.0494	0.0732
133	0.0725	0.0751	0.0495	0.0734
134	0.0745	0.0748	0.0494	0.0731
135	0.0717	0.0749	0.0495	0.0732
136	0.0707	0.0752	0.0495	0.0732
137	0.0686	0.0752	0.0496	0.0733
138	0.0695	0.0751	0.0495	0.0734
139	0.0688	0.0754	0.0497	0.0735
140	0.0670	0.0755	0.0497	0.0736
141	0.0656	0.0757	0.0498	0.0738
142	0.0660	0.0757	0.0498	0.0740
143	0.0665	0.0756	0.0497	0.0740
144	0.0640	0.0757	0.0499	0.0742
145	0.0619	0.0761	0.0499	0.0744
146	0.0622	0.0761	0.0500	0.0743
147	0.0626	0.0764	0.0501	0.0745
148	0.0600	0.0764	0.0501	0.0745
149	0.0604	0.0765	0.0501	0.0746
150	0.0596	0.0764	0.0501	0.0745
