{"n_layers": 0, "device": "cuda", "batch_size": 2048, "embedding_dim": 256, "learning_rate": 0.001, "dataset": "dbbook", "epochs": 150, "top_k": 50, "multimodal": true, "datasets": {"dbbook": ["images", "text"], "ml1m": ["audio", "images", "text", "video"]}}
Epoch	Loss	Recall	Precision	NDCG
1	0.6916	0.0279	0.0035	0.0137
2	0.6824	0.0430	0.0056	0.0229
3	0.6730	0.0602	0.0078	0.0354
4	0.6617	0.0774	0.0103	0.0477
5	0.6478	0.0958	0.0129	0.0593
6	0.6291	0.1143	0.0155	0.0700
7	0.6071	0.1276	0.0174	0.0779
8	0.5800	0.1395	0.0191	0.0842
9	0.5495	0.1467	0.0202	0.0885
10	0.5171	0.1542	0.0213	0.0927
11	0.4833	0.1593	0.0219	0.0954
12	0.4476	0.1635	0.0225	0.0975
13	0.4160	0.1665	0.0230	0.0984
14	0.3866	0.1691	0.0234	0.0999
15	0.3579	0.1713	0.0236	0.1010
16	0.3333	0.1731	0.0239	0.1018
17	0.3101	0.1749	0.0240	0.1024
18	0.2892	0.1760	0.0242	0.1029
19	0.2718	0.1776	0.0244	0.1035
20	0.2554	0.1778	0.0244	0.1038
21	0.2412	0.1789	0.0246	0.1040
22	0.2292	0.1805	0.0248	0.1045
23	0.2166	0.1815	0.0249	0.1051
24	0.2062	0.1823	0.0250	0.1054
25	0.1974	0.1829	0.0250	0.1056
26	0.1867	0.1847	0.0252	0.1062
27	0.1801	0.1853	0.0253	0.1067
28	0.1724	0.1880	0.0255	0.1075
29	0.1629	0.1883	0.0256	0.1079
30	0.1574	0.1879	0.0256	0.1079
31	0.1502	0.1883	0.0257	0.1082
32	0.1457	0.1883	0.0257	0.1086
33	0.1408	0.1887	0.0258	0.1088
34	0.1351	0.1888	0.0258	0.1091
35	0.1315	0.1892	0.0259	0.1095
36	0.1244	0.1905	0.0261	0.1099
37	0.1222	0.1908	0.0261	0.1102
38	0.1198	0.1914	0.0262	0.1108
39	0.1121	0.1919	0.0262	0.1109
40	0.1094	0.1926	0.0263	0.1110
41	0.1069	0.1928	0.0263	0.1113
42	0.1021	0.1934	0.0264	0.1116
43	0.0985	0.1939	0.0265	0.1120
44	0.0969	0.1937	0.0265	0.1121
45	0.0942	0.1944	0.0266	0.1126
46	0.0906	0.1952	0.0267	0.1129
47	0.0880	0.1958	0.0267	0.1134
48	0.0863	0.1958	0.0267	0.1134
49	0.0830	0.1961	0.0267	0.1134
50	0.0791	0.1961	0.0267	0.1137
51	0.0801	0.1960	0.0267	0.1137
52	0.0750	0.1974	0.0268	0.1141
53	0.0758	0.1977	0.0269	0.1144
54	0.0742	0.1979	0.0269	0.1146
55	0.0726	0.1983	0.0270	0.1150
56	0.0695	0.1986	0.0270	0.1152
57	0.0681	0.1982	0.0269	0.1150
58	0.0652	0.1984	0.0270	0.1152
59	0.0661	0.1985	0.0270	0.1152
60	0.0625	0.1984	0.0270	0.1154
61	0.0619	0.1988	0.0270	0.1154
62	0.0596	0.1995	0.0271	0.1157
63	0.0586	0.1992	0.0270	0.1160
64	0.0570	0.1990	0.0270	0.1162
65	0.0569	0.1996	0.0271	0.1167
66	0.0530	0.2000	0.0271	0.1170
67	0.0539	0.2003	0.0272	0.1173
68	0.0535	0.1996	0.0271	0.1172
69	0.0511	0.2003	0.0272	0.1172
70	0.0496	0.2001	0.0272	0.1173
71	0.0484	0.2006	0.0273	0.1176
72	0.0485	0.2011	0.0273	0.1178
73	0.0474	0.2010	0.0274	0.1181
74	0.0479	0.2014	0.0274	0.1182
75	0.0454	0.2007	0.0273	0.1180
76	0.0440	0.2013	0.0273	0.1184
77	0.0445	0.2011	0.0273	0.1183
78	0.0429	0.2013	0.0273	0.1182
79	0.0419	0.2006	0.0273	0.1182
80	0.0417	0.2001	0.0272	0.1181
81	0.0408	0.2004	0.0272	0.1181
82	0.0392	0.2006	0.0273	0.1182
83	0.0395	0.2008	0.0273	0.1185
84	0.0377	0.2011	0.0273	0.1188
85	0.0384	0.2008	0.0273	0.1187
86	0.0367	0.2009	0.0273	0.1189
87	0.0365	0.2010	0.0273	0.1187
88	0.0354	0.2018	0.0274	0.1191
89	0.0363	0.2021	0.0274	0.1192
90	0.0358	0.2018	0.0274	0.1193
91	0.0346	0.2019	0.0274	0.1195
92	0.0337	0.2025	0.0274	0.1200
93	0.0333	0.2023	0.0274	0.1201
94	0.0323	0.2022	0.0274	0.1202
95	0.0313	0.2022	0.0274	0.1204
96	0.0320	0.2030	0.0274	0.1208
97	0.0319	0.2022	0.0274	0.1208
98	0.0314	0.2027	0.0275	0.1209
99	0.0312	0.2028	0.0274	0.1211
100	0.0309	0.2030	0.0275	0.1216
101	0.0296	0.2034	0.0275	0.1220
102	0.0291	0.2028	0.0275	0.1220
103	0.0279	0.2029	0.0275	0.1222
104	0.0287	0.2033	0.0275	0.1223
105	0.0279	0.2034	0.0275	0.1225
106	0.0283	0.2033	0.0276	0.1226
107	0.0273	0.2029	0.0275	0.1224
108	0.0275	0.2032	0.0275	0.1226
109	0.0266	0.2033	0.0275	0.1226
110	0.0259	0.2039	0.0275	0.1229
111	0.0264	0.2046	0.0276	0.1230
112	0.0244	0.2055	0.0277	0.1233
113	0.0249	0.2052	0.0277	0.1232
114	0.0251	0.2053	0.0277	0.1235
115	0.0243	0.2052	0.0276	0.1234
116	0.0248	0.2052	0.0277	0.1236
117	0.0250	0.2050	0.0277	0.1235
118	0.0236	0.2049	0.0277	0.1234
119	0.0236	0.2053	0.0277	0.1238
120	0.0228	0.2056	0.0278	0.1241
121	0.0219	0.2056	0.0277	0.1243
122	0.0229	0.2054	0.0277	0.1243
123	0.0220	0.2056	0.0277	0.1245
124	0.0219	0.2054	0.0277	0.1244
125	0.0215	0.2061	0.0278	0.1247
126	0.0214	0.2056	0.0278	0.1244
127	0.0223	0.2063	0.0278	0.1248
128	0.0210	0.2064	0.0278	0.1248
129	0.0213	0.2065	0.0279	0.1246
130	0.0203	0.2065	0.0279	0.1249
131	0.0208	0.2073	0.0280	0.1251
132	0.0205	0.2073	0.0279	0.1254
133	0.0199	0.2076	0.0280	0.1257
134	0.0203	0.2077	0.0280	0.1260
135	0.0195	0.2073	0.0279	0.1259
136	0.0196	0.2076	0.0280	0.1261
137	0.0201	0.2085	0.0281	0.1265
138	0.0194	0.2087	0.0281	0.1266
139	0.0192	0.2081	0.0280	0.1266
140	0.0193	0.2084	0.0281	0.1267
141	0.0190	0.2085	0.0281	0.1267
142	0.0182	0.2083	0.0281	0.1267
143	0.0177	0.2082	0.0281	0.1265
144	0.0174	0.2085	0.0281	0.1265
145	0.0180	0.2082	0.0281	0.1263
146	0.0171	0.2089	0.0282	0.1267
147	0.0176	0.2087	0.0281	0.1266
148	0.0182	0.2091	0.0281	0.1267
149	0.0171	0.2086	0.0281	0.1264
150	0.0178	0.2082	0.0280	0.1265
