{"n_layers": 0, "device": "cuda", "batch_size": 2048, "embedding_dim": 128, "learning_rate": 0.001, "dataset": "dbbook", "epochs": 150, "model": "ef-mmlgcn", "fusion": "max", "top_k": [5, 10, 20, 50], "seed": 19, "multimodal": true}
Epoch	Loss	Precision@5	Recall@5	NDCG@5	Precision@10	Recall@10	NDCG@10	Precision@20	Recall@20	NDCG@20	Precision@50	Recall@50	NDCG@50
1	0.6930	0.0014	0.001	0.0015	0.0014	0.002	0.0018	0.0014	0.004	0.0027	0.0016	0.0116	0.0054
2	0.6902	0.0031	0.0025	0.0032	0.0031	0.0051	0.0041	0.0028	0.0084	0.0055	0.0027	0.0195	0.0096
3	0.6875	0.0085	0.0068	0.0098	0.007	0.0112	0.0105	0.0056	0.0176	0.0132	0.0042	0.0326	0.0185
4	0.6842	0.0169	0.0136	0.0203	0.0132	0.0201	0.0205	0.01	0.0309	0.0248	0.0068	0.0516	0.0323
5	0.6799	0.0286	0.0218	0.034	0.0211	0.0322	0.0333	0.0157	0.0473	0.0394	0.0099	0.0736	0.049
6	0.6743	0.0383	0.0286	0.0454	0.0284	0.0421	0.0442	0.0207	0.0613	0.0517	0.013	0.0956	0.0642
7	0.6669	0.045	0.0333	0.0532	0.0339	0.0496	0.0519	0.0246	0.0722	0.0608	0.0161	0.1187	0.0775
8	0.6573	0.0496	0.0371	0.0581	0.0373	0.0548	0.0567	0.028	0.0816	0.0674	0.0185	0.1352	0.0868
9	0.6453	0.0526	0.0395	0.0612	0.0408	0.06	0.061	0.0304	0.0877	0.0722	0.0202	0.1473	0.0937
10	0.6305	0.0557	0.0418	0.0641	0.0425	0.0623	0.0633	0.0321	0.0928	0.0757	0.0216	0.1564	0.0988
11	0.6125	0.0562	0.0418	0.0649	0.0439	0.0644	0.065	0.0332	0.0955	0.0776	0.0228	0.1647	0.1027
12	0.5921	0.0576	0.0426	0.0659	0.045	0.0666	0.0663	0.0338	0.0974	0.0787	0.0234	0.168	0.1046
13	0.5691	0.0587	0.0433	0.067	0.0456	0.0676	0.0673	0.034	0.0981	0.0796	0.0238	0.1715	0.1064
14	0.5442	0.0581	0.0427	0.0669	0.0458	0.068	0.0678	0.0347	0.1003	0.0809	0.0242	0.1745	0.108
15	0.5182	0.0584	0.043	0.0675	0.0457	0.0677	0.0681	0.0349	0.1013	0.0817	0.0244	0.1753	0.1089
16	0.4916	0.0586	0.0434	0.0681	0.0456	0.0673	0.0683	0.0352	0.1017	0.0822	0.0247	0.1768	0.1098
17	0.4655	0.059	0.0438	0.0685	0.0456	0.0675	0.0685	0.0352	0.1018	0.0825	0.0249	0.1784	0.1107
18	0.4395	0.0591	0.0441	0.0686	0.0457	0.0674	0.0685	0.0354	0.1022	0.0827	0.0252	0.1799	0.1113
19	0.4150	0.0595	0.0445	0.0691	0.0458	0.0674	0.0687	0.0355	0.1023	0.0829	0.0252	0.1809	0.1118
20	0.3925	0.0601	0.0455	0.0698	0.046	0.0679	0.0692	0.0355	0.1025	0.0832	0.0254	0.1814	0.1123
21	0.3710	0.0599	0.0452	0.0697	0.0463	0.0681	0.0694	0.0356	0.1028	0.0834	0.0255	0.182	0.1126
22	0.3507	0.0601	0.0451	0.0698	0.0468	0.0688	0.0699	0.0357	0.103	0.0837	0.0257	0.1837	0.1133
23	0.3315	0.0607	0.0455	0.0702	0.0468	0.0689	0.0698	0.0359	0.1035	0.0838	0.0258	0.1841	0.1135
24	0.3156	0.0614	0.0463	0.0709	0.0467	0.0687	0.0699	0.0361	0.1042	0.0843	0.0259	0.1846	0.1139
25	0.2997	0.0612	0.0463	0.0708	0.0468	0.0691	0.07	0.0362	0.1047	0.0845	0.0259	0.1849	0.114
26	0.2847	0.061	0.0461	0.0706	0.0467	0.0684	0.0698	0.0362	0.1046	0.0844	0.026	0.1854	0.1142
27	0.2715	0.0612	0.0461	0.0709	0.0471	0.0687	0.0702	0.0363	0.1048	0.0848	0.0262	0.1874	0.1151
28	0.2591	0.0612	0.0459	0.0708	0.0474	0.0692	0.0704	0.0363	0.1051	0.0848	0.0263	0.1875	0.1152
29	0.2479	0.0616	0.0463	0.0714	0.0474	0.0693	0.0708	0.0364	0.1055	0.0853	0.0263	0.1883	0.1158
30	0.2371	0.0615	0.0463	0.0711	0.0471	0.0691	0.0705	0.0366	0.1059	0.0854	0.0263	0.1878	0.1156
31	0.2271	0.0619	0.0469	0.0717	0.0475	0.0699	0.0712	0.0368	0.1065	0.086	0.0264	0.1889	0.1163
32	0.2172	0.0622	0.047	0.0719	0.0477	0.0703	0.0714	0.0369	0.107	0.0863	0.0265	0.1893	0.1167
33	0.2090	0.0626	0.0472	0.0722	0.0477	0.0702	0.0715	0.037	0.1072	0.0865	0.0266	0.1898	0.117
34	0.1981	0.0625	0.0472	0.0721	0.0477	0.0703	0.0715	0.0372	0.1078	0.0867	0.0267	0.1905	0.1172
35	0.1907	0.0624	0.0472	0.072	0.0479	0.0707	0.0717	0.0373	0.1083	0.0869	0.0267	0.1909	0.1174
36	0.1836	0.0623	0.0471	0.0717	0.048	0.0706	0.0715	0.0373	0.1084	0.0868	0.0267	0.1914	0.1173
37	0.1762	0.0624	0.0472	0.0719	0.0481	0.0711	0.072	0.0373	0.1082	0.087	0.0267	0.1916	0.1177
38	0.1697	0.0625	0.0472	0.0721	0.0485	0.0715	0.0723	0.0375	0.1089	0.0874	0.0268	0.1924	0.1181
39	0.1643	0.0627	0.0472	0.0719	0.0487	0.0717	0.0722	0.0376	0.1092	0.0874	0.0269	0.1927	0.1181
40	0.1592	0.0626	0.0475	0.072	0.0487	0.0722	0.0725	0.0377	0.1097	0.0878	0.0269	0.1932	0.1184
41	0.1545	0.0631	0.0482	0.0726	0.0487	0.0721	0.0727	0.0379	0.1103	0.0882	0.0269	0.1933	0.1187
42	0.1478	0.0632	0.0483	0.0726	0.0489	0.0724	0.0728	0.0378	0.1102	0.0881	0.027	0.1936	0.1188
43	0.1429	0.0632	0.0485	0.0725	0.0491	0.0729	0.073	0.0377	0.1099	0.088	0.0271	0.194	0.119
44	0.1379	0.0631	0.0486	0.0725	0.049	0.0728	0.073	0.0379	0.1104	0.0882	0.027	0.1942	0.1191
45	0.1335	0.0629	0.0483	0.0724	0.0491	0.0727	0.0731	0.038	0.1105	0.0884	0.0271	0.1946	0.1193
46	0.1281	0.0633	0.0487	0.0726	0.0489	0.0724	0.0729	0.0381	0.1108	0.0886	0.0271	0.1942	0.1193
47	0.1241	0.0634	0.0488	0.0725	0.0489	0.0728	0.0729	0.0381	0.1109	0.0885	0.0272	0.1958	0.1197
48	0.1203	0.0632	0.0488	0.0723	0.049	0.0733	0.073	0.0381	0.1109	0.0885	0.0272	0.1959	0.1196
49	0.1152	0.0631	0.0486	0.0721	0.049	0.0732	0.0728	0.0384	0.1116	0.0887	0.0272	0.1965	0.1197
50	0.1122	0.0637	0.049	0.0724	0.0495	0.074	0.0732	0.0384	0.1117	0.0887	0.0273	0.1977	0.12
51	0.1086	0.0641	0.0491	0.0729	0.0499	0.0745	0.0737	0.0385	0.1123	0.0892	0.0274	0.1983	0.1205
52	0.1046	0.0643	0.0494	0.0731	0.0499	0.0746	0.0739	0.0387	0.1127	0.0895	0.0274	0.1988	0.1209
53	0.1017	0.0648	0.0497	0.0737	0.0499	0.0745	0.0741	0.0388	0.1131	0.0899	0.0275	0.1994	0.1212
54	0.0987	0.0647	0.0493	0.0737	0.05	0.0746	0.0743	0.0388	0.1131	0.0901	0.0275	0.1995	0.1216
55	0.0958	0.0648	0.0494	0.074	0.0499	0.0744	0.0744	0.0387	0.1132	0.0903	0.0275	0.1994	0.1217
56	0.0942	0.065	0.0495	0.0743	0.0501	0.0747	0.0747	0.0389	0.1137	0.0906	0.0276	0.2003	0.1222
57	0.0911	0.0648	0.0494	0.0743	0.0502	0.0748	0.0748	0.039	0.1138	0.0908	0.0276	0.2006	0.1224
58	0.0892	0.0651	0.0499	0.0745	0.0503	0.0749	0.0749	0.0391	0.1142	0.091	0.0276	0.2006	0.1224
59	0.0854	0.0651	0.0499	0.0745	0.0504	0.0751	0.075	0.0393	0.1149	0.0913	0.0277	0.2004	0.1225
60	0.0841	0.065	0.0497	0.0743	0.0509	0.0756	0.0753	0.0395	0.1158	0.0916	0.0277	0.2008	0.1225
61	0.0800	0.065	0.0496	0.0742	0.0508	0.0756	0.0753	0.0395	0.116	0.0917	0.0277	0.2008	0.1227
62	0.0777	0.0653	0.05	0.0745	0.051	0.0758	0.0755	0.0396	0.116	0.0919	0.0278	0.2008	0.123
63	0.0759	0.0651	0.05	0.0745	0.0511	0.0761	0.0757	0.0398	0.1166	0.0922	0.0278	0.2014	0.1232
64	0.0743	0.0653	0.05	0.0745	0.0512	0.0765	0.0759	0.0398	0.1167	0.0923	0.0278	0.2021	0.1234
65	0.0724	0.0655	0.0502	0.0747	0.0514	0.0766	0.0759	0.0398	0.1166	0.0923	0.0279	0.2025	0.1236
66	0.0703	0.0656	0.0501	0.0748	0.0515	0.077	0.0761	0.0401	0.1173	0.0926	0.0279	0.2031	0.1239
67	0.0689	0.0656	0.0503	0.075	0.0516	0.0771	0.0763	0.0401	0.1177	0.0929	0.0279	0.2037	0.1242
68	0.0679	0.0653	0.0497	0.0747	0.0515	0.0767	0.0761	0.0402	0.1178	0.0929	0.0279	0.2032	0.1241
69	0.0654	0.0651	0.0497	0.0747	0.0514	0.0765	0.0761	0.0403	0.1184	0.0932	0.0279	0.2031	0.1241
70	0.0627	0.0652	0.0499	0.0747	0.0515	0.0767	0.0761	0.0403	0.1185	0.0931	0.028	0.2042	0.1244
71	0.0622	0.0654	0.0498	0.0748	0.0518	0.0771	0.0764	0.0405	0.119	0.0935	0.028	0.2041	0.1246
72	0.0620	0.0658	0.0506	0.0753	0.0517	0.077	0.0765	0.0406	0.1195	0.0938	0.0281	0.2043	0.1248
73	0.0588	0.066	0.0505	0.0753	0.0516	0.0767	0.0763	0.0406	0.1193	0.0938	0.0281	0.2048	0.125
74	0.0567	0.066	0.0506	0.0755	0.0518	0.0772	0.0767	0.0407	0.1196	0.094	0.0281	0.2052	0.1251
75	0.0556	0.0662	0.0507	0.0757	0.0518	0.0772	0.0767	0.0406	0.1195	0.094	0.0282	0.2059	0.1254
76	0.0550	0.0658	0.0505	0.0754	0.0517	0.077	0.0765	0.0407	0.1198	0.094	0.0282	0.2061	0.1254
77	0.0541	0.0661	0.0508	0.0758	0.0517	0.0774	0.0769	0.0407	0.1199	0.0943	0.0282	0.2064	0.1258
78	0.0527	0.0662	0.0509	0.0758	0.0518	0.0776	0.077	0.0408	0.1201	0.0945	0.0283	0.207	0.1261
79	0.0515	0.0662	0.0508	0.0756	0.0517	0.0773	0.0767	0.0407	0.1206	0.0944	0.0283	0.2069	0.1259
80	0.0501	0.066	0.0504	0.0757	0.052	0.0778	0.0772	0.0408	0.1211	0.0948	0.0283	0.2072	0.1263
81	0.0489	0.0663	0.0508	0.076	0.0522	0.0783	0.0775	0.041	0.1213	0.0951	0.0283	0.2074	0.1264
82	0.0470	0.0666	0.0508	0.0762	0.0525	0.0789	0.0778	0.0409	0.1208	0.095	0.0283	0.2075	0.1265
83	0.0477	0.0663	0.0507	0.0758	0.0523	0.0786	0.0774	0.0409	0.1208	0.0947	0.0283	0.208	0.1264
84	0.0456	0.0665	0.0509	0.0761	0.0524	0.0786	0.0776	0.0408	0.1209	0.0948	0.0284	0.2084	0.1266
85	0.0461	0.0669	0.0509	0.0764	0.0525	0.0786	0.0777	0.0409	0.1213	0.0951	0.0284	0.2084	0.1268
86	0.0440	0.0671	0.0512	0.0767	0.0528	0.0791	0.0782	0.041	0.1219	0.0955	0.0284	0.2083	0.1269
87	0.0431	0.0672	0.0511	0.0769	0.0529	0.0794	0.0785	0.0412	0.1223	0.0959	0.0284	0.2081	0.1272
88	0.0430	0.0672	0.0511	0.0769	0.0527	0.0789	0.0782	0.0411	0.1221	0.0958	0.0285	0.2095	0.1275
89	0.0413	0.0671	0.0511	0.077	0.0529	0.0794	0.0786	0.0414	0.1231	0.0963	0.0285	0.2095	0.1277
90	0.0409	0.0675	0.0515	0.0772	0.053	0.0796	0.0786	0.0413	0.1226	0.0961	0.0284	0.209	0.1275
91	0.0397	0.0674	0.0513	0.0771	0.0533	0.08	0.0789	0.0413	0.1222	0.0961	0.0285	0.2095	0.1278
92	0.0390	0.0673	0.0514	0.0772	0.0535	0.0803	0.0792	0.0412	0.1221	0.0961	0.0285	0.2099	0.128
93	0.0376	0.0674	0.0514	0.0772	0.0532	0.0798	0.0789	0.0413	0.1225	0.0963	0.0285	0.2097	0.128
94	0.0384	0.0676	0.0515	0.0772	0.053	0.0795	0.0787	0.0413	0.1226	0.0963	0.0285	0.21	0.128
95	0.0382	0.0674	0.0514	0.077	0.053	0.0796	0.0787	0.0412	0.1224	0.0961	0.0285	0.2104	0.128
96	0.0373	0.0673	0.0511	0.0769	0.053	0.0799	0.0787	0.0412	0.1225	0.0961	0.0285	0.2102	0.1279
97	0.0363	0.0669	0.0509	0.0764	0.0532	0.0802	0.0787	0.0412	0.1223	0.096	0.0286	0.2106	0.1279
98	0.0351	0.0673	0.0513	0.0766	0.053	0.0801	0.0786	0.0413	0.1222	0.096	0.0285	0.2105	0.1278
99	0.0352	0.0677	0.0515	0.077	0.0534	0.0803	0.0789	0.0414	0.1228	0.0963	0.0286	0.2109	0.1281
100	0.0343	0.0676	0.0516	0.0769	0.0537	0.0808	0.0791	0.0415	0.1235	0.0964	0.0286	0.2114	0.1282
101	0.0335	0.0681	0.0519	0.0775	0.0537	0.0808	0.0793	0.0415	0.1237	0.0967	0.0286	0.2115	0.1284
102	0.0324	0.0682	0.052	0.0773	0.0536	0.081	0.0792	0.0415	0.1235	0.0965	0.0285	0.2109	0.1282
103	0.0324	0.0678	0.0516	0.0771	0.0536	0.0808	0.0792	0.0415	0.1237	0.0966	0.0285	0.2106	0.1281
104	0.0318	0.0676	0.0517	0.077	0.0537	0.081	0.0793	0.0416	0.1244	0.0969	0.0286	0.2111	0.1283
105	0.0311	0.0676	0.0517	0.0771	0.0538	0.0812	0.0795	0.0416	0.124	0.0969	0.0287	0.2117	0.1287
106	0.0310	0.0676	0.0517	0.0771	0.054	0.0815	0.0796	0.0415	0.1237	0.0968	0.0286	0.2116	0.1286
107	0.0304	0.0676	0.0513	0.0768	0.054	0.0817	0.0796	0.0415	0.1237	0.0967	0.0287	0.2114	0.1286
108	0.0298	0.068	0.0517	0.0774	0.0543	0.0823	0.0801	0.0416	0.124	0.0971	0.0287	0.2114	0.1288
109	0.0287	0.0682	0.0517	0.0775	0.0542	0.082	0.08	0.0418	0.1247	0.0974	0.0287	0.2116	0.129
110	0.0290	0.0682	0.0517	0.0775	0.0543	0.0825	0.0803	0.0419	0.1248	0.0975	0.0287	0.2118	0.1291
111	0.0281	0.0683	0.0518	0.0776	0.0544	0.0827	0.0804	0.0419	0.1247	0.0975	0.0288	0.2123	0.1292
112	0.0278	0.0683	0.0518	0.0776	0.0545	0.0828	0.0804	0.0418	0.1244	0.0974	0.0287	0.2124	0.1293
113	0.0274	0.0686	0.0521	0.0781	0.0546	0.0828	0.0806	0.0418	0.1245	0.0976	0.0288	0.2124	0.1295
114	0.0263	0.0691	0.0525	0.0786	0.0546	0.0828	0.0808	0.0419	0.1247	0.0979	0.0288	0.2128	0.1298
115	0.0268	0.0694	0.0531	0.0791	0.0545	0.0829	0.081	0.042	0.1251	0.0983	0.0288	0.2129	0.1301
116	0.0262	0.0694	0.053	0.0791	0.0547	0.0833	0.0813	0.0419	0.1247	0.0982	0.0288	0.2127	0.1301
117	0.0258	0.0694	0.0531	0.0794	0.055	0.0837	0.0818	0.0421	0.1256	0.0988	0.0288	0.2127	0.1304
118	0.0251	0.0699	0.0536	0.0798	0.0551	0.0837	0.0819	0.042	0.1257	0.0989	0.0288	0.2134	0.1306
119	0.0251	0.0702	0.0537	0.08	0.0551	0.0834	0.0819	0.0422	0.1262	0.0992	0.0288	0.2133	0.1307
120	0.0252	0.0703	0.0539	0.0805	0.0554	0.0839	0.0824	0.0422	0.1259	0.0994	0.0288	0.2138	0.1311
121	0.0241	0.0701	0.0535	0.0802	0.0553	0.0837	0.0823	0.0421	0.1261	0.0994	0.0288	0.214	0.1311
122	0.0242	0.07	0.0537	0.0803	0.0556	0.0841	0.0825	0.0423	0.1267	0.0996	0.0288	0.2141	0.1312
123	0.0240	0.0699	0.0534	0.0801	0.0554	0.0839	0.0824	0.0423	0.1268	0.0996	0.0288	0.2135	0.131
124	0.0230	0.0694	0.0529	0.0798	0.0554	0.0843	0.0824	0.0424	0.1269	0.0996	0.0288	0.2136	0.131
125	0.0234	0.0695	0.0532	0.0801	0.0555	0.0843	0.0826	0.0424	0.1269	0.0998	0.0288	0.2136	0.1312
126	0.0229	0.0695	0.0532	0.0799	0.0554	0.084	0.0824	0.0425	0.1272	0.0999	0.0289	0.2138	0.1312
127	0.0232	0.0699	0.0535	0.0803	0.0554	0.0841	0.0825	0.0426	0.1276	0.1001	0.0288	0.2138	0.1313
128	0.0227	0.0696	0.0533	0.0802	0.0555	0.0843	0.0827	0.0426	0.1273	0.1001	0.0288	0.2138	0.1314
129	0.0217	0.0701	0.0538	0.0805	0.0555	0.0843	0.0827	0.0425	0.1271	0.1	0.0288	0.2133	0.1313
130	0.0214	0.0701	0.0538	0.0805	0.0555	0.0844	0.0827	0.0427	0.128	0.1003	0.0288	0.2134	0.1313
131	0.0220	0.0697	0.0534	0.08	0.0554	0.0843	0.0823	0.0427	0.1281	0.1001	0.0288	0.2132	0.131
132	0.0220	0.0701	0.0537	0.0804	0.0551	0.0837	0.0822	0.0427	0.1281	0.1002	0.0288	0.2133	0.1312
133	0.0214	0.07	0.0538	0.0806	0.0553	0.0843	0.0827	0.0428	0.1281	0.1005	0.0288	0.2135	0.1314
134	0.0211	0.0702	0.054	0.0808	0.0554	0.0844	0.0828	0.0428	0.1284	0.1007	0.0288	0.2141	0.1317
135	0.0210	0.0705	0.0541	0.0809	0.0552	0.0841	0.0827	0.0429	0.1289	0.1008	0.0288	0.2138	0.1316
136	0.0203	0.0706	0.0543	0.0811	0.0554	0.0845	0.0829	0.0428	0.1283	0.1007	0.0288	0.2139	0.1317
137	0.0199	0.0705	0.054	0.0808	0.0553	0.0842	0.0827	0.0426	0.1278	0.1004	0.0288	0.2141	0.1316
138	0.0198	0.0702	0.054	0.0807	0.0553	0.0844	0.0828	0.0426	0.128	0.1005	0.0288	0.2138	0.1316
139	0.0207	0.0701	0.0541	0.0807	0.0555	0.0847	0.083	0.0427	0.128	0.1006	0.0288	0.2133	0.1315
140	0.0197	0.0704	0.0543	0.0809	0.0552	0.084	0.0826	0.0427	0.1279	0.1004	0.0288	0.2137	0.1315
141	0.0194	0.0704	0.0543	0.081	0.0553	0.0844	0.0829	0.0427	0.1278	0.1006	0.0288	0.2135	0.1316
142	0.0190	0.0708	0.0549	0.0814	0.0553	0.0845	0.083	0.0427	0.1278	0.1007	0.0289	0.2144	0.1319
143	0.0188	0.0706	0.0546	0.0812	0.0555	0.0849	0.0831	0.0427	0.1279	0.1006	0.0289	0.2144	0.1319
144	0.0196	0.0706	0.0546	0.0812	0.0554	0.0847	0.083	0.0427	0.1278	0.1006	0.0289	0.2143	0.1319
145	0.0190	0.0708	0.0547	0.0813	0.0554	0.0847	0.0829	0.0426	0.128	0.1005	0.0289	0.2147	0.1319
146	0.0188	0.0703	0.0543	0.0809	0.0553	0.0846	0.0829	0.0427	0.1278	0.1005	0.0289	0.2145	0.1318
147	0.0175	0.0703	0.0543	0.0811	0.0553	0.0846	0.0829	0.0427	0.1279	0.1006	0.0289	0.2142	0.1318
148	0.0179	0.0706	0.0545	0.0814	0.0556	0.0851	0.0833	0.0427	0.1279	0.1007	0.0289	0.2144	0.132
149	0.0182	0.0706	0.0544	0.0813	0.0557	0.0851	0.0833	0.0426	0.1276	0.1006	0.0289	0.2142	0.1319
150	0.0172	0.0706	0.0545	0.0814	0.0557	0.0852	0.0835	0.0427	0.1278	0.1008	0.0289	0.2142	0.1321
