{"n_layers": 2, "device": "cuda", "batch_size": 2048, "embedding_dim": 256, "learning_rate": 0.001, "dataset": "dbbook", "epochs": 150, "top_k": 5, "multimodal": true, "datasets": {"dbbook": ["images", "text"], "ml1m": ["audio", "images", "text", "video"]}}
Epoch	Loss	Recall	Precision	NDCG
1	0.6914	0.0206	0.0267	0.0315
2	0.6854	0.0337	0.0458	0.0515
3	0.6754	0.0339	0.0454	0.0488
4	0.6571	0.0295	0.0396	0.0421
5	0.6269	0.0253	0.0346	0.0352
6	0.5832	0.0221	0.0306	0.0306
7	0.5307	0.0209	0.0289	0.0287
8	0.4773	0.0200	0.0278	0.0270
9	0.4291	0.0199	0.0282	0.0271
10	0.3883	0.0199	0.0281	0.0271
11	0.3567	0.0200	0.0284	0.0275
12	0.3286	0.0210	0.0295	0.0285
13	0.3079	0.0214	0.0304	0.0292
14	0.2875	0.0219	0.0306	0.0296
15	0.2743	0.0228	0.0319	0.0308
16	0.2566	0.0228	0.0320	0.0311
17	0.2431	0.0235	0.0329	0.0320
18	0.2318	0.0235	0.0332	0.0324
19	0.2188	0.0237	0.0337	0.0330
20	0.2131	0.0242	0.0343	0.0338
21	0.2019	0.0248	0.0351	0.0349
22	0.1941	0.0252	0.0355	0.0353
23	0.1882	0.0259	0.0360	0.0360
24	0.1762	0.0259	0.0363	0.0366
25	0.1735	0.0265	0.0371	0.0375
26	0.1656	0.0271	0.0379	0.0387
27	0.1602	0.0274	0.0388	0.0396
28	0.1546	0.0280	0.0393	0.0400
29	0.1490	0.0287	0.0399	0.0407
30	0.1449	0.0288	0.0403	0.0410
31	0.1387	0.0293	0.0410	0.0418
32	0.1345	0.0298	0.0417	0.0426
33	0.1275	0.0300	0.0420	0.0430
34	0.1238	0.0306	0.0427	0.0439
35	0.1216	0.0313	0.0433	0.0446
36	0.1179	0.0318	0.0440	0.0451
37	0.1150	0.0319	0.0441	0.0456
38	0.1089	0.0325	0.0448	0.0465
39	0.1086	0.0322	0.0447	0.0465
40	0.1034	0.0323	0.0447	0.0465
41	0.1004	0.0329	0.0449	0.0468
42	0.0979	0.0333	0.0453	0.0472
43	0.0976	0.0337	0.0457	0.0476
44	0.0948	0.0341	0.0465	0.0484
45	0.0908	0.0347	0.0472	0.0491
46	0.0878	0.0350	0.0477	0.0496
47	0.0872	0.0355	0.0483	0.0503
48	0.0834	0.0356	0.0485	0.0507
49	0.0828	0.0356	0.0488	0.0508
50	0.0843	0.0362	0.0490	0.0512
51	0.0772	0.0366	0.0493	0.0516
52	0.0763	0.0370	0.0498	0.0522
53	0.0757	0.0374	0.0501	0.0526
54	0.0721	0.0379	0.0509	0.0533
55	0.0691	0.0382	0.0512	0.0540
56	0.0680	0.0381	0.0517	0.0546
57	0.0698	0.0386	0.0517	0.0549
58	0.0684	0.0390	0.0518	0.0552
59	0.0649	0.0390	0.0521	0.0557
60	0.0633	0.0401	0.0532	0.0567
61	0.0628	0.0401	0.0532	0.0567
62	0.0606	0.0404	0.0534	0.0572
63	0.0604	0.0405	0.0534	0.0573
64	0.0579	0.0408	0.0539	0.0578
65	0.0570	0.0410	0.0544	0.0581
66	0.0567	0.0413	0.0547	0.0585
67	0.0550	0.0412	0.0546	0.0584
68	0.0536	0.0415	0.0550	0.0589
69	0.0527	0.0416	0.0550	0.0592
70	0.0532	0.0420	0.0554	0.0595
71	0.0509	0.0421	0.0557	0.0595
72	0.0507	0.0423	0.0557	0.0595
73	0.0486	0.0427	0.0561	0.0601
74	0.0505	0.0431	0.0566	0.0608
75	0.0493	0.0431	0.0567	0.0612
76	0.0472	0.0433	0.0571	0.0617
77	0.0474	0.0434	0.0571	0.0621
78	0.0439	0.0440	0.0580	0.0627
79	0.0457	0.0441	0.0580	0.0629
80	0.0446	0.0445	0.0585	0.0632
81	0.0444	0.0444	0.0584	0.0632
82	0.0426	0.0449	0.0587	0.0634
83	0.0450	0.0448	0.0589	0.0635
84	0.0426	0.0450	0.0590	0.0636
85	0.0400	0.0452	0.0592	0.0640
86	0.0406	0.0456	0.0596	0.0643
87	0.0398	0.0457	0.0599	0.0648
88	0.0389	0.0455	0.0598	0.0649
89	0.0393	0.0458	0.0598	0.0651
90	0.0379	0.0459	0.0599	0.0652
91	0.0360	0.0458	0.0598	0.0652
92	0.0356	0.0459	0.0598	0.0651
93	0.0357	0.0459	0.0601	0.0655
94	0.0350	0.0459	0.0602	0.0656
95	0.0348	0.0459	0.0600	0.0654
96	0.0351	0.0462	0.0603	0.0658
97	0.0344	0.0464	0.0604	0.0660
98	0.0350	0.0465	0.0606	0.0663
99	0.0333	0.0467	0.0606	0.0664
100	0.0342	0.0462	0.0605	0.0660
101	0.0328	0.0463	0.0606	0.0664
102	0.0323	0.0469	0.0611	0.0670
103	0.0322	0.0469	0.0610	0.0670
104	0.0314	0.0465	0.0608	0.0669
105	0.0317	0.0467	0.0607	0.0671
106	0.0316	0.0472	0.0609	0.0675
107	0.0307	0.0471	0.0608	0.0674
108	0.0300	0.0473	0.0607	0.0675
109	0.0297	0.0471	0.0605	0.0676
110	0.0290	0.0471	0.0607	0.0677
111	0.0294	0.0470	0.0606	0.0676
112	0.0276	0.0469	0.0607	0.0676
113	0.0285	0.0470	0.0607	0.0677
114	0.0287	0.0469	0.0608	0.0678
115	0.0280	0.0476	0.0611	0.0682
116	0.0288	0.0476	0.0612	0.0684
117	0.0264	0.0477	0.0614	0.0686
118	0.0268	0.0480	0.0616	0.0690
119	0.0268	0.0478	0.0615	0.0688
120	0.0267	0.0481	0.0617	0.0691
121	0.0257	0.0482	0.0619	0.0693
122	0.0260	0.0484	0.0623	0.0696
123	0.0260	0.0485	0.0625	0.0700
124	0.0254	0.0488	0.0625	0.0701
125	0.0255	0.0489	0.0628	0.0702
126	0.0242	0.0490	0.0630	0.0705
127	0.0250	0.0486	0.0628	0.0702
128	0.0248	0.0486	0.0627	0.0702
129	0.0237	0.0487	0.0629	0.0704
130	0.0234	0.0488	0.0630	0.0706
131	0.0239	0.0488	0.0629	0.0705
132	0.0227	0.0487	0.0628	0.0705
133	0.0245	0.0486	0.0627	0.0705
134	0.0243	0.0486	0.0625	0.0705
135	0.0228	0.0485	0.0625	0.0706
136	0.0232	0.0488	0.0628	0.0709
137	0.0235	0.0489	0.0630	0.0710
138	0.0227	0.0485	0.0628	0.0707
139	0.0229	0.0485	0.0627	0.0705
140	0.0227	0.0485	0.0627	0.0706
141	0.0215	0.0485	0.0625	0.0706
142	0.0223	0.0486	0.0625	0.0706
143	0.0221	0.0489	0.0628	0.0708
144	0.0216	0.0490	0.0630	0.0709
145	0.0205	0.0492	0.0633	0.0712
146	0.0206	0.0492	0.0634	0.0712
147	0.0209	0.0499	0.0641	0.0718
148	0.0203	0.0497	0.0640	0.0718
149	0.0212	0.0495	0.0635	0.0714
150	0.0213	0.0496	0.0637	0.0715
