{"n_layers": 0, "device": "cuda", "batch_size": 2048, "embedding_dim": 1024, "learning_rate": 0.001, "dataset": "dbbook", "epochs": 150, "top_k": 50, "multimodal": true, "datasets": {"dbbook": ["images", "text"], "ml1m": ["audio", "images", "text", "video"]}}
Epoch	Loss	Recall	Precision	NDCG
1	0.6922	0.0261	0.0033	0.0144
2	0.6721	0.0462	0.0058	0.0285
3	0.6524	0.0664	0.0085	0.0443
4	0.6292	0.0901	0.0118	0.0606
5	0.5996	0.1131	0.0150	0.0754
6	0.5630	0.1334	0.0177	0.0866
7	0.5196	0.1488	0.0199	0.0948
8	0.4713	0.1582	0.0214	0.1003
9	0.4206	0.1662	0.0225	0.1044
10	0.3709	0.1715	0.0233	0.1073
11	0.3260	0.1773	0.0241	0.1100
12	0.2845	0.1795	0.0245	0.1112
13	0.2496	0.1819	0.0249	0.1126
14	0.2190	0.1854	0.0252	0.1143
15	0.1929	0.1880	0.0256	0.1161
16	0.1710	0.1893	0.0258	0.1171
17	0.1524	0.1915	0.0261	0.1182
18	0.1365	0.1922	0.0262	0.1192
19	0.1218	0.1935	0.0264	0.1199
20	0.1106	0.1964	0.0266	0.1212
21	0.1005	0.1973	0.0268	0.1221
22	0.0926	0.1994	0.0270	0.1231
23	0.0835	0.1997	0.0271	0.1236
24	0.0766	0.2010	0.0273	0.1242
25	0.0708	0.2028	0.0275	0.1250
26	0.0648	0.2029	0.0275	0.1249
27	0.0605	0.2048	0.0277	0.1253
28	0.0562	0.2049	0.0277	0.1256
29	0.0525	0.2052	0.0278	0.1260
30	0.0483	0.2059	0.0278	0.1266
31	0.0461	0.2082	0.0280	0.1276
32	0.0436	0.2087	0.0281	0.1281
33	0.0400	0.2089	0.0282	0.1285
34	0.0385	0.2095	0.0282	0.1292
35	0.0357	0.2098	0.0282	0.1299
36	0.0348	0.2096	0.0282	0.1302
37	0.0330	0.2098	0.0282	0.1303
38	0.0314	0.2107	0.0283	0.1305
39	0.0293	0.2119	0.0284	0.1312
40	0.0284	0.2133	0.0285	0.1318
41	0.0268	0.2136	0.0286	0.1322
42	0.0263	0.2139	0.0286	0.1328
43	0.0246	0.2147	0.0287	0.1332
44	0.0239	0.2156	0.0288	0.1338
45	0.0236	0.2153	0.0288	0.1337
46	0.0226	0.2145	0.0287	0.1334
47	0.0214	0.2145	0.0287	0.1334
48	0.0209	0.2149	0.0287	0.1337
49	0.0205	0.2149	0.0287	0.1340
50	0.0201	0.2150	0.0287	0.1342
51	0.0190	0.2153	0.0288	0.1345
52	0.0180	0.2155	0.0288	0.1345
53	0.0177	0.2162	0.0289	0.1350
54	0.0176	0.2163	0.0289	0.1353
55	0.0166	0.2170	0.0289	0.1351
56	0.0162	0.2171	0.0289	0.1352
57	0.0159	0.2173	0.0289	0.1355
58	0.0153	0.2176	0.0289	0.1356
59	0.0150	0.2178	0.0289	0.1356
60	0.0144	0.2174	0.0289	0.1353
61	0.0146	0.2172	0.0289	0.1353
62	0.0141	0.2165	0.0288	0.1354
63	0.0143	0.2170	0.0289	0.1358
64	0.0137	0.2168	0.0289	0.1359
65	0.0131	0.2170	0.0289	0.1358
66	0.0128	0.2170	0.0289	0.1357
67	0.0128	0.2177	0.0290	0.1361
68	0.0125	0.2175	0.0290	0.1362
69	0.0125	0.2177	0.0290	0.1364
70	0.0122	0.2174	0.0290	0.1365
71	0.0124	0.2183	0.0291	0.1371
72	0.0120	0.2180	0.0291	0.1371
73	0.0115	0.2184	0.0292	0.1373
74	0.0118	0.2183	0.0291	0.1372
75	0.0115	0.2181	0.0291	0.1373
76	0.0113	0.2189	0.0292	0.1378
77	0.0109	0.2189	0.0291	0.1377
78	0.0115	0.2193	0.0292	0.1380
79	0.0104	0.2187	0.0292	0.1380
80	0.0108	0.2196	0.0293	0.1382
81	0.0107	0.2185	0.0292	0.1380
82	0.0102	0.2185	0.0292	0.1382
83	0.0100	0.2192	0.0293	0.1386
84	0.0098	0.2199	0.0293	0.1389
85	0.0098	0.2197	0.0293	0.1391
86	0.0101	0.2193	0.0293	0.1391
87	0.0101	0.2197	0.0293	0.1391
88	0.0098	0.2194	0.0293	0.1390
89	0.0099	0.2188	0.0292	0.1389
90	0.0097	0.2188	0.0292	0.1389
91	0.0092	0.2193	0.0293	0.1391
92	0.0098	0.2194	0.0293	0.1393
93	0.0093	0.2193	0.0293	0.1394
94	0.0092	0.2183	0.0292	0.1392
95	0.0094	0.2179	0.0291	0.1388
96	0.0092	0.2182	0.0291	0.1389
97	0.0088	0.2183	0.0291	0.1392
98	0.0088	0.2193	0.0292	0.1397
99	0.0088	0.2193	0.0292	0.1396
100	0.0088	0.2191	0.0292	0.1393
101	0.0085	0.2186	0.0291	0.1389
102	0.0085	0.2188	0.0291	0.1392
103	0.0084	0.2188	0.0292	0.1396
104	0.0085	0.2186	0.0292	0.1396
105	0.0085	0.2186	0.0292	0.1395
106	0.0085	0.2191	0.0292	0.1396
107	0.0085	0.2200	0.0293	0.1401
108	0.0084	0.2204	0.0293	0.1401
109	0.0081	0.2205	0.0293	0.1402
110	0.0083	0.2208	0.0294	0.1404
111	0.0080	0.2209	0.0294	0.1405
112	0.0084	0.2209	0.0294	0.1404
113	0.0080	0.2203	0.0293	0.1403
114	0.0081	0.2209	0.0293	0.1404
115	0.0083	0.2205	0.0293	0.1404
116	0.0076	0.2196	0.0292	0.1402
117	0.0080	0.2198	0.0293	0.1402
118	0.0080	0.2198	0.0293	0.1404
119	0.0079	0.2194	0.0293	0.1405
120	0.0076	0.2192	0.0293	0.1403
121	0.0075	0.2195	0.0293	0.1403
122	0.0080	0.2196	0.0292	0.1404
123	0.0079	0.2207	0.0293	0.1409
124	0.0077	0.2208	0.0293	0.1407
125	0.0077	0.2210	0.0294	0.1408
126	0.0079	0.2214	0.0294	0.1409
127	0.0080	0.2212	0.0294	0.1406
128	0.0077	0.2207	0.0293	0.1403
129	0.0076	0.2207	0.0293	0.1401
130	0.0080	0.2213	0.0293	0.1403
131	0.0076	0.2208	0.0293	0.1403
132	0.0075	0.2210	0.0293	0.1407
133	0.0077	0.2214	0.0293	0.1410
134	0.0076	0.2212	0.0293	0.1411
135	0.0077	0.2210	0.0292	0.1408
136	0.0077	0.2216	0.0293	0.1410
137	0.0072	0.2214	0.0293	0.1406
138	0.0075	0.2211	0.0293	0.1405
139	0.0078	0.2212	0.0293	0.1405
140	0.0078	0.2211	0.0293	0.1404
141	0.0077	0.2214	0.0293	0.1405
142	0.0072	0.2216	0.0293	0.1406
143	0.0074	0.2217	0.0293	0.1407
144	0.0075	0.2216	0.0293	0.1404
145	0.0070	0.2212	0.0292	0.1403
146	0.0080	0.2214	0.0292	0.1404
147	0.0072	0.2215	0.0292	0.1406
148	0.0073	0.2220	0.0292	0.1407
149	0.0072	0.2218	0.0292	0.1407
150	0.0070	0.2220	0.0292	0.1407
