{"n_layers": 0, "device": "cuda", "batch_size": 2048, "embedding_dim": 64, "learning_rate": 0.0005, "dataset": "dbbook", "epochs": 150, "top_k": 5, "multimodal": true, "datasets": {"dbbook": ["images", "text"], "ml1m": ["audio", "images", "text", "video"]}}
Epoch	Loss	Recall	Precision	NDCG
1	0.6931	0.0013	0.0018	0.0020
2	0.6925	0.0015	0.0022	0.0022
3	0.6919	0.0020	0.0028	0.0029
4	0.6913	0.0031	0.0041	0.0046
5	0.6906	0.0051	0.0063	0.0072
6	0.6898	0.0083	0.0101	0.0115
7	0.6889	0.0121	0.0148	0.0178
8	0.6879	0.0151	0.0186	0.0230
9	0.6866	0.0185	0.0234	0.0282
10	0.6852	0.0212	0.0272	0.0323
11	0.6835	0.0244	0.0307	0.0365
12	0.6815	0.0264	0.0338	0.0403
13	0.6791	0.0285	0.0368	0.0436
14	0.6764	0.0296	0.0385	0.0458
15	0.6732	0.0306	0.0403	0.0476
16	0.6697	0.0317	0.0417	0.0492
17	0.6656	0.0324	0.0429	0.0505
18	0.6610	0.0328	0.0437	0.0519
19	0.6559	0.0337	0.0449	0.0532
20	0.6502	0.0346	0.0461	0.0545
21	0.6442	0.0347	0.0466	0.0549
22	0.6375	0.0350	0.0467	0.0551
23	0.6301	0.0354	0.0472	0.0555
24	0.6227	0.0356	0.0473	0.0555
25	0.6142	0.0356	0.0479	0.0559
26	0.6057	0.0360	0.0484	0.0565
27	0.5966	0.0364	0.0486	0.0569
28	0.5876	0.0370	0.0491	0.0574
29	0.5780	0.0374	0.0495	0.0576
30	0.5678	0.0372	0.0495	0.0576
31	0.5578	0.0374	0.0497	0.0577
32	0.5482	0.0378	0.0500	0.0580
33	0.5375	0.0376	0.0499	0.0578
34	0.5270	0.0375	0.0500	0.0580
35	0.5174	0.0373	0.0498	0.0578
36	0.5069	0.0371	0.0498	0.0578
37	0.4968	0.0367	0.0495	0.0574
38	0.4870	0.0371	0.0499	0.0577
39	0.4761	0.0372	0.0499	0.0576
40	0.4677	0.0368	0.0495	0.0573
41	0.4580	0.0367	0.0496	0.0573
42	0.4493	0.0366	0.0494	0.0572
43	0.4398	0.0365	0.0494	0.0572
44	0.4314	0.0370	0.0497	0.0575
45	0.4225	0.0369	0.0494	0.0570
46	0.4155	0.0366	0.0490	0.0569
47	0.4072	0.0369	0.0493	0.0571
48	0.3990	0.0368	0.0495	0.0572
49	0.3918	0.0366	0.0493	0.0568
50	0.3843	0.0367	0.0495	0.0570
51	0.3771	0.0368	0.0496	0.0571
52	0.3708	0.0364	0.0493	0.0569
53	0.3635	0.0366	0.0495	0.0569
54	0.3583	0.0366	0.0496	0.0570
55	0.3523	0.0369	0.0497	0.0571
56	0.3456	0.0369	0.0495	0.0569
57	0.3405	0.0370	0.0494	0.0569
58	0.3338	0.0366	0.0493	0.0568
59	0.3276	0.0367	0.0495	0.0569
60	0.3243	0.0368	0.0495	0.0570
61	0.3185	0.0371	0.0498	0.0572
62	0.3143	0.0370	0.0498	0.0571
63	0.3076	0.0368	0.0497	0.0568
64	0.3045	0.0370	0.0499	0.0571
65	0.3002	0.0372	0.0499	0.0571
66	0.2950	0.0371	0.0501	0.0574
67	0.2909	0.0375	0.0502	0.0574
68	0.2857	0.0374	0.0502	0.0574
69	0.2829	0.0373	0.0500	0.0573
70	0.2787	0.0373	0.0498	0.0571
71	0.2754	0.0376	0.0499	0.0571
72	0.2715	0.0376	0.0499	0.0572
73	0.2663	0.0378	0.0503	0.0574
74	0.2644	0.0378	0.0502	0.0576
75	0.2610	0.0379	0.0504	0.0577
76	0.2587	0.0379	0.0504	0.0577
77	0.2534	0.0380	0.0506	0.0577
78	0.2498	0.0380	0.0507	0.0580
79	0.2479	0.0377	0.0504	0.0577
80	0.2439	0.0379	0.0506	0.0578
81	0.2408	0.0380	0.0505	0.0578
82	0.2384	0.0380	0.0506	0.0577
83	0.2356	0.0382	0.0508	0.0579
84	0.2321	0.0382	0.0508	0.0577
85	0.2299	0.0379	0.0504	0.0573
86	0.2247	0.0378	0.0503	0.0572
87	0.2229	0.0378	0.0503	0.0573
88	0.2208	0.0377	0.0502	0.0573
89	0.2184	0.0376	0.0502	0.0574
90	0.2148	0.0377	0.0502	0.0574
91	0.2133	0.0379	0.0505	0.0577
92	0.2095	0.0379	0.0506	0.0577
93	0.2089	0.0381	0.0509	0.0579
94	0.2081	0.0383	0.0509	0.0579
95	0.2025	0.0383	0.0506	0.0578
96	0.2020	0.0382	0.0506	0.0578
97	0.1979	0.0387	0.0510	0.0582
98	0.1964	0.0383	0.0507	0.0579
99	0.1941	0.0383	0.0507	0.0580
100	0.1925	0.0386	0.0508	0.0581
101	0.1896	0.0381	0.0505	0.0578
102	0.1888	0.0381	0.0503	0.0578
103	0.1843	0.0383	0.0504	0.0578
104	0.1832	0.0381	0.0502	0.0576
105	0.1806	0.0384	0.0504	0.0578
106	0.1803	0.0386	0.0504	0.0579
107	0.1775	0.0385	0.0504	0.0579
108	0.1766	0.0388	0.0506	0.0582
109	0.1754	0.0389	0.0509	0.0584
110	0.1731	0.0391	0.0511	0.0586
111	0.1701	0.0391	0.0511	0.0585
112	0.1675	0.0388	0.0511	0.0585
113	0.1663	0.0388	0.0511	0.0583
114	0.1661	0.0388	0.0511	0.0583
115	0.1620	0.0389	0.0512	0.0584
116	0.1624	0.0389	0.0513	0.0586
117	0.1596	0.0390	0.0514	0.0586
118	0.1579	0.0394	0.0516	0.0590
119	0.1561	0.0394	0.0516	0.0589
120	0.1554	0.0394	0.0516	0.0587
121	0.1536	0.0395	0.0518	0.0590
122	0.1517	0.0393	0.0516	0.0589
123	0.1506	0.0392	0.0518	0.0590
124	0.1477	0.0396	0.0520	0.0592
125	0.1467	0.0398	0.0521	0.0593
126	0.1459	0.0400	0.0524	0.0595
127	0.1442	0.0401	0.0525	0.0594
128	0.1422	0.0401	0.0522	0.0592
129	0.1419	0.0403	0.0524	0.0593
130	0.1387	0.0403	0.0523	0.0594
131	0.1378	0.0403	0.0522	0.0594
132	0.1365	0.0403	0.0522	0.0594
133	0.1352	0.0403	0.0525	0.0595
134	0.1358	0.0404	0.0525	0.0596
135	0.1327	0.0408	0.0528	0.0600
136	0.1310	0.0407	0.0527	0.0598
137	0.1308	0.0406	0.0527	0.0597
138	0.1289	0.0406	0.0527	0.0596
139	0.1279	0.0405	0.0525	0.0596
140	0.1281	0.0406	0.0526	0.0597
141	0.1252	0.0405	0.0526	0.0597
142	0.1211	0.0407	0.0529	0.0600
143	0.1226	0.0407	0.0528	0.0599
144	0.1228	0.0409	0.0531	0.0600
145	0.1181	0.0409	0.0531	0.0602
146	0.1200	0.0410	0.0531	0.0601
147	0.1158	0.0413	0.0534	0.0603
148	0.1168	0.0412	0.0533	0.0603
149	0.1162	0.0414	0.0535	0.0605
150	0.1142	0.0415	0.0537	0.0608
