{"device": "cuda:2", "multimodal": true, "embedding_dim": 512, "n_layers": 0, "epochs": 500, "learning_rate": 0.001, "log": true, "seed": 19, "top_k": [5, 10, 20, 50], "dataset": "dbbook", "batch_size": 2048, "single_branch": false, "autoencoder": false, "ensemble_fusion": false, "freeze": true, "fusion_modalities": "mean", "fusion_type": "late", "info_nce": false, "weighting": false, "datasets": {"dbbook": ["images", "text"], "ml1m": ["audio", "images", "text", "video"]}}
Epoch	T-Loss	V-Loss	Precision@5	Recall@5	NDCG@5	Precision@10	Recall@10	NDCG@10	Precision@20	Recall@20	NDCG@20	Precision@50	Recall@50	NDCG@50
1	0.6929	0.6927	0.0042	0.0029	0.0043	0.0042	0.0063	0.0053	0.0034	0.0106	0.007	0.0027	0.0221	0.0109
2	0.688	0.692	0.0124	0.0114	0.0154	0.0103	0.0184	0.0167	0.0078	0.0267	0.0201	0.0056	0.0472	0.0272
3	0.683	0.6911	0.0279	0.0245	0.0345	0.0207	0.0355	0.0349	0.0142	0.0483	0.0398	0.009	0.0747	0.0489
4	0.6771	0.6898	0.0441	0.0381	0.0543	0.0306	0.0516	0.0526	0.021	0.069	0.0592	0.0124	0.1024	0.0707
5	0.6693	0.6878	0.0556	0.0467	0.068	0.04	0.0648	0.0664	0.0272	0.088	0.0749	0.0162	0.13	0.0897
6	0.6593	0.6848	0.0619	0.0511	0.0753	0.046	0.0731	0.0744	0.032	0.1019	0.0851	0.0195	0.1534	0.1034
7	0.6462	0.6805	0.0659	0.0534	0.0796	0.0495	0.078	0.0789	0.0351	0.1096	0.0909	0.0222	0.1727	0.1133
8	0.6298	0.6745	0.0669	0.0546	0.0811	0.0515	0.081	0.0812	0.0374	0.1159	0.0945	0.0238	0.1838	0.1187
9	0.6092	0.6666	0.0674	0.0539	0.0813	0.0518	0.0805	0.0813	0.0385	0.119	0.0961	0.0251	0.1925	0.1223
10	0.5846	0.6566	0.0683	0.0533	0.0818	0.0521	0.0809	0.0817	0.0394	0.1202	0.0971	0.0258	0.1968	0.1243
11	0.5561	0.6443	0.0687	0.0531	0.0814	0.0521	0.0804	0.081	0.0397	0.1211	0.097	0.0261	0.1978	0.1245
12	0.5248	0.6301	0.0691	0.054	0.0816	0.0525	0.0807	0.081	0.0399	0.121	0.0969	0.0264	0.1987	0.1249
13	0.4912	0.6141	0.0677	0.0525	0.0805	0.0529	0.0808	0.0812	0.0401	0.1215	0.0971	0.0266	0.1998	0.1253
14	0.4558	0.5971	0.0685	0.0529	0.0807	0.0533	0.0808	0.0811	0.04	0.1211	0.0967	0.0267	0.201	0.1254
15	0.4211	0.5792	0.0685	0.0528	0.0805	0.0532	0.0807	0.0809	0.04	0.1205	0.0965	0.0268	0.2011	0.1254
16	0.3878	0.5604	0.0687	0.0524	0.0805	0.053	0.0801	0.0807	0.0402	0.1208	0.0967	0.0269	0.2022	0.1258
17	0.3565	0.5458	0.0686	0.0522	0.0803	0.0533	0.0807	0.0808	0.0401	0.12	0.0963	0.027	0.2025	0.1258
18	0.3269	0.5276	0.0685	0.0524	0.0804	0.0535	0.0811	0.0811	0.0402	0.12	0.0965	0.027	0.2028	0.1261
19	0.2996	0.5131	0.0686	0.053	0.0808	0.0538	0.0818	0.0816	0.0403	0.1203	0.0969	0.0271	0.2023	0.1263
20	0.2751	0.5006	0.0694	0.0535	0.0816	0.054	0.0817	0.082	0.0405	0.1207	0.0974	0.0271	0.2029	0.1269
21	0.2534	0.4889	0.0694	0.0537	0.0819	0.0539	0.0817	0.0821	0.0406	0.1213	0.0978	0.0272	0.2035	0.1273
22	0.2335	0.4752	0.0696	0.0537	0.082	0.0539	0.0819	0.0823	0.0407	0.1219	0.0982	0.0274	0.2051	0.128
23	0.2159	0.4644	0.0697	0.0535	0.082	0.0543	0.0827	0.0827	0.0407	0.1219	0.0983	0.0274	0.2054	0.1282
24	0.1997	0.4581	0.0703	0.0541	0.0825	0.0546	0.0832	0.0831	0.0407	0.1222	0.0985	0.0275	0.2059	0.1286
25	0.1839	0.4475	0.0709	0.0543	0.0827	0.0546	0.0834	0.0831	0.041	0.123	0.0988	0.0276	0.2066	0.1288
26	0.1705	0.4422	0.0711	0.0548	0.0831	0.055	0.084	0.0837	0.0413	0.1246	0.0996	0.0276	0.2067	0.1292
27	0.159	0.4393	0.0713	0.0549	0.0834	0.0551	0.0843	0.0839	0.0415	0.1257	0.1001	0.0277	0.2077	0.1296
28	0.1482	0.4289	0.0718	0.0551	0.084	0.0552	0.0847	0.0844	0.0416	0.1262	0.1007	0.0278	0.2082	0.1302
29	0.1383	0.4239	0.0721	0.0555	0.0842	0.0554	0.0848	0.0846	0.0417	0.1266	0.101	0.0278	0.209	0.1306
30	0.1289	0.4199	0.072	0.0555	0.0843	0.0558	0.0856	0.0851	0.0417	0.1264	0.1011	0.0278	0.2091	0.1309
31	0.1224	0.4124	0.0725	0.0562	0.0847	0.0561	0.0861	0.0855	0.0417	0.1264	0.1013	0.0279	0.2098	0.1313
32	0.1137	0.4118	0.0729	0.0565	0.0851	0.0565	0.0866	0.0859	0.0419	0.1268	0.1016	0.0279	0.2091	0.1313
33	0.1062	0.4106	0.0726	0.0563	0.0848	0.0565	0.0867	0.0858	0.042	0.1274	0.1018	0.0279	0.2095	0.1314
34	0.1004	0.4079	0.0724	0.0561	0.085	0.0564	0.0865	0.086	0.0423	0.1283	0.1024	0.028	0.2092	0.1317
35	0.0948	0.3999	0.0726	0.0562	0.0851	0.0564	0.0864	0.086	0.0423	0.128	0.1023	0.028	0.2104	0.132
36	0.0892	0.4026	0.0732	0.0566	0.0856	0.0564	0.0865	0.0861	0.0423	0.128	0.1024	0.028	0.2104	0.1321
37	0.0846	0.3982	0.0733	0.0569	0.0857	0.0567	0.0869	0.0863	0.0424	0.1291	0.1028	0.028	0.2104	0.1321
38	0.08	0.393	0.0738	0.0574	0.086	0.0568	0.0871	0.0865	0.0424	0.1291	0.1029	0.0281	0.2111	0.1325
39	0.077	0.3903	0.0734	0.057	0.0859	0.0571	0.0878	0.087	0.0425	0.1293	0.1032	0.0281	0.2119	0.1329
40	0.0717	0.3915	0.0731	0.0566	0.0856	0.0569	0.0878	0.0868	0.0425	0.1295	0.1032	0.0281	0.2118	0.1328
41	0.0687	0.3875	0.0735	0.057	0.0861	0.0571	0.0882	0.0872	0.0427	0.1302	0.1037	0.0281	0.2114	0.133
42	0.065	0.3882	0.0738	0.0573	0.0866	0.0569	0.0882	0.0874	0.0428	0.1309	0.1041	0.0281	0.2123	0.1334
43	0.0624	0.384	0.0739	0.0576	0.0866	0.0574	0.0888	0.0878	0.0429	0.1309	0.1042	0.0282	0.2124	0.1336
44	0.06	0.3824	0.0738	0.0576	0.0867	0.0577	0.0893	0.0882	0.0428	0.1309	0.1043	0.0282	0.2122	0.1337
45	0.0572	0.3856	0.0741	0.0577	0.0869	0.0575	0.089	0.088	0.0429	0.1305	0.1043	0.0281	0.2121	0.1337
46	0.0538	0.3784	0.0738	0.0576	0.0868	0.0575	0.0892	0.0881	0.043	0.131	0.1045	0.0282	0.2123	0.1338
47	0.0512	0.3831	0.0739	0.0581	0.0871	0.0574	0.0893	0.0881	0.0431	0.1309	0.1046	0.0281	0.2121	0.1338
48	0.0506	0.3807	0.0741	0.058	0.0871	0.0577	0.0896	0.0884	0.0431	0.1313	0.1048	0.0282	0.2132	0.1342
49	0.0485	0.3719	0.0739	0.058	0.0868	0.0577	0.0899	0.0883	0.0431	0.1312	0.1047	0.0282	0.213	0.1341
50	0.0459	0.3747	0.0741	0.0578	0.0868	0.0578	0.09	0.0884	0.0429	0.1307	0.1044	0.0283	0.2133	0.1341
51	0.0444	0.3775	0.0745	0.058	0.087	0.0578	0.0902	0.0885	0.0431	0.1313	0.1047	0.0282	0.2127	0.1341
52	0.0418	0.3771	0.0745	0.058	0.0871	0.0579	0.0905	0.0887	0.0432	0.1317	0.105	0.0282	0.2123	0.1341
53	0.0415	0.3719	0.0747	0.0582	0.0873	0.0581	0.0907	0.089	0.0432	0.132	0.1052	0.0283	0.2126	0.1344
54	0.0392	0.377	0.0751	0.0585	0.0878	0.0581	0.0906	0.0892	0.0433	0.1325	0.1057	0.0283	0.2128	0.1348
55	0.038	0.3739	0.0749	0.0585	0.088	0.0581	0.0907	0.0895	0.0433	0.1328	0.106	0.0283	0.2129	0.1351
56	0.0372	0.3796	0.0749	0.0587	0.0878	0.0582	0.0908	0.0894	0.0434	0.1329	0.106	0.0283	0.2126	0.1349
57	0.0363	0.3739	0.0752	0.0591	0.0881	0.058	0.0908	0.0894	0.0436	0.1338	0.1063	0.0283	0.2122	0.1349
58	0.0348	0.368	0.0753	0.0596	0.0883	0.0581	0.0912	0.0895	0.0435	0.1337	0.1063	0.0283	0.2125	0.1351
59	0.0332	0.3692	0.0751	0.0593	0.0882	0.0582	0.0916	0.0897	0.0436	0.1342	0.1066	0.0284	0.2133	0.1354
60	0.0317	0.3696	0.0753	0.0593	0.0883	0.0581	0.0914	0.0896	0.0436	0.1344	0.1066	0.0284	0.2136	0.1354
61	0.0319	0.364	0.0753	0.0591	0.0884	0.0582	0.0915	0.0898	0.0436	0.134	0.1066	0.0283	0.2131	0.1354
62	0.0304	0.3719	0.0756	0.0595	0.0886	0.0586	0.0922	0.0902	0.0438	0.1345	0.1069	0.0284	0.2135	0.1357
63	0.0293	0.3684	0.0757	0.0597	0.0888	0.0586	0.0923	0.0903	0.0437	0.1343	0.1068	0.0284	0.2138	0.1358
64	0.0283	0.365	0.0754	0.0598	0.0885	0.0589	0.0926	0.0904	0.0436	0.1342	0.1067	0.0284	0.2137	0.1357
65	0.0284	0.3707	0.0751	0.0595	0.0883	0.0587	0.0926	0.0903	0.0437	0.1343	0.1068	0.0284	0.2141	0.1358
66	0.0273	0.3631	0.0754	0.0596	0.0884	0.0588	0.0927	0.0903	0.0437	0.1346	0.1068	0.0285	0.2146	0.1359
67	0.0265	0.3672	0.0754	0.0595	0.0885	0.0588	0.0925	0.0904	0.0438	0.1347	0.107	0.0285	0.2144	0.136
68	0.0259	0.3682	0.0756	0.0597	0.0888	0.0588	0.0927	0.0906	0.0439	0.1351	0.1073	0.0285	0.2145	0.1362
69	0.0256	0.3664	0.0756	0.0597	0.0889	0.0589	0.0929	0.0908	0.044	0.1351	0.1075	0.0285	0.2142	0.1363
70	0.0244	0.3622	0.0761	0.0602	0.0894	0.0592	0.0932	0.0911	0.0439	0.1349	0.1076	0.0285	0.2139	0.1364
71	0.0244	0.3666	0.0761	0.0601	0.0894	0.0591	0.093	0.091	0.0438	0.135	0.1075	0.0285	0.2141	0.1364
72	0.0242	0.3654	0.0758	0.0599	0.0892	0.0587	0.0925	0.0907	0.044	0.1356	0.1078	0.0285	0.2142	0.1364
73	0.023	0.3666	0.0763	0.0607	0.0895	0.0588	0.0929	0.0908	0.044	0.1359	0.1078	0.0285	0.2142	0.1364
74	0.0218	0.3583	0.0763	0.0607	0.0896	0.0587	0.0926	0.0908	0.044	0.1357	0.1079	0.0285	0.2149	0.1367
75	0.0225	0.3622	0.0765	0.061	0.0897	0.0585	0.0924	0.0907	0.0439	0.1358	0.1079	0.0286	0.2152	0.1369
76	0.0215	0.3611	0.0767	0.0615	0.09	0.0586	0.0923	0.0907	0.044	0.1357	0.1079	0.0286	0.2153	0.137
77	0.0214	0.365	0.0768	0.0617	0.0901	0.0586	0.0923	0.0907	0.044	0.136	0.108	0.0286	0.215	0.1369
78	0.0209	0.3581	0.0766	0.0617	0.09	0.0589	0.0927	0.091	0.044	0.1361	0.108	0.0286	0.2153	0.137
79	0.0208	0.3647	0.0768	0.0615	0.0902	0.0588	0.0927	0.0911	0.0439	0.1361	0.1082	0.0285	0.2146	0.137
80	0.0199	0.3575	0.0773	0.062	0.0908	0.0589	0.0928	0.0913	0.0439	0.136	0.1083	0.0285	0.2149	0.1371
81	0.02	0.3639	0.0772	0.0618	0.0907	0.059	0.0932	0.0915	0.0439	0.1359	0.1083	0.0285	0.215	0.1372
82	0.0189	0.3607	0.0769	0.0616	0.0908	0.059	0.093	0.0917	0.044	0.1363	0.1087	0.0285	0.2147	0.1374
83	0.0194	0.3609	0.0772	0.0621	0.0911	0.0589	0.0929	0.0916	0.0441	0.1365	0.1088	0.0285	0.2153	0.1375
84	0.018	0.3542	0.0771	0.062	0.091	0.0591	0.0932	0.0917	0.044	0.1364	0.1087	0.0285	0.2157	0.1376
85	0.0185	0.366	0.0769	0.0618	0.091	0.059	0.0934	0.0919	0.044	0.1362	0.1088	0.0285	0.2152	0.1377
86	0.0181	0.3635	0.0767	0.0616	0.0908	0.0589	0.0934	0.0919	0.044	0.1364	0.1088	0.0285	0.2153	0.1376
87	0.018	0.3648	0.0769	0.0617	0.091	0.0586	0.0927	0.0916	0.0442	0.1371	0.1091	0.0285	0.2153	0.1376
88	0.0173	0.3688	0.0768	0.0617	0.091	0.0585	0.0925	0.0915	0.0441	0.1366	0.1089	0.0284	0.2149	0.1374
89	0.0171	0.3662	0.0768	0.0618	0.0909	0.0584	0.0923	0.0914	0.044	0.1359	0.1087	0.0284	0.2147	0.1374
90	0.0172	0.3608	0.0767	0.0615	0.0908	0.0584	0.0927	0.0915	0.0439	0.1352	0.1085	0.0284	0.2152	0.1375
91	0.016	0.3627	0.0768	0.0616	0.091	0.0586	0.093	0.0918	0.0439	0.1353	0.1087	0.0284	0.2151	0.1377
92	0.0161	0.3549	0.0769	0.0615	0.0911	0.0585	0.0926	0.0916	0.0439	0.1355	0.1087	0.0285	0.2157	0.1378
93	0.0163	0.3622	0.0768	0.0614	0.091	0.0586	0.0929	0.0918	0.044	0.1361	0.1089	0.0285	0.2157	0.1379
94	0.0158	0.3616	0.077	0.0615	0.091	0.0588	0.0932	0.0918	0.0441	0.1363	0.1089	0.0285	0.2158	0.1379
95	0.0162	0.3586	0.0768	0.0613	0.0907	0.0586	0.0931	0.0916	0.0441	0.1364	0.1088	0.0285	0.2159	0.1378
96	0.0155	0.3598	0.0767	0.0613	0.0908	0.0586	0.0929	0.0917	0.0442	0.137	0.1091	0.0285	0.2158	0.1379
97	0.0148	0.3578	0.0767	0.0613	0.0907	0.0587	0.0928	0.0916	0.044	0.1363	0.1089	0.0285	0.2159	0.1378
98	0.0151	0.3621	0.0766	0.0615	0.0908	0.0588	0.0931	0.0918	0.0442	0.1368	0.1091	0.0285	0.2158	0.1378
99	0.0146	0.3597	0.0769	0.0619	0.0911	0.0586	0.0929	0.0918	0.044	0.1363	0.109	0.0285	0.2157	0.1379
100	0.0148	0.362	0.0768	0.0617	0.0912	0.059	0.0936	0.0922	0.044	0.1367	0.1092	0.0285	0.2156	0.138
101	0.015	0.3601	0.0768	0.0615	0.0912	0.0592	0.0939	0.0925	0.0441	0.1368	0.1094	0.0285	0.2157	0.1382
102	0.0143	0.3653	0.0768	0.0615	0.0912	0.0592	0.094	0.0925	0.0441	0.137	0.1095	0.0285	0.2156	0.1382
103	0.0141	0.3566	0.0769	0.0617	0.0913	0.0592	0.0941	0.0925	0.0442	0.1372	0.1096	0.0285	0.2157	0.1382
104	0.0141	0.3608	0.0768	0.0618	0.0914	0.0592	0.0941	0.0926	0.0442	0.137	0.1096	0.0285	0.2156	0.1383
105	0.0138	0.3603	0.0767	0.0618	0.0916	0.0592	0.0941	0.0929	0.0442	0.1373	0.1099	0.0284	0.2153	0.1384
106	0.0136	0.3642	0.077	0.062	0.0919	0.0591	0.0939	0.0928	0.0442	0.1373	0.1099	0.0285	0.2153	0.1385
107	0.0134	0.3626	0.0771	0.0619	0.0919	0.0591	0.0937	0.0928	0.0443	0.1374	0.11	0.0284	0.2153	0.1384
108	0.0133	0.3612	0.077	0.0619	0.092	0.0593	0.0942	0.0931	0.0443	0.1378	0.1102	0.0284	0.2149	0.1385
109	0.0131	0.3631	0.0773	0.0622	0.0922	0.0592	0.094	0.093	0.0444	0.1384	0.1104	0.0285	0.2153	0.1386
110	0.013	0.3548	0.0777	0.0624	0.0925	0.0592	0.0942	0.0931	0.0444	0.1383	0.1105	0.0284	0.2155	0.1387
111	0.0129	0.3585	0.0772	0.0622	0.0922	0.0591	0.094	0.093	0.0443	0.1381	0.1104	0.0284	0.2154	0.1386
112	0.0134	0.3553	0.0768	0.0617	0.0919	0.0591	0.0941	0.093	0.0444	0.1384	0.1104	0.0284	0.2151	0.1385
113	0.0129	0.3589	0.0769	0.062	0.0923	0.0592	0.0941	0.0933	0.0443	0.1378	0.1106	0.0284	0.2152	0.1388
114	0.0127	0.3591	0.0772	0.062	0.0923	0.0591	0.0941	0.0933	0.0444	0.1384	0.1107	0.0284	0.2149	0.1387
115	0.0123	0.3632	0.0772	0.062	0.0923	0.059	0.0938	0.0931	0.0444	0.1384	0.1106	0.0284	0.2153	0.1387
116	0.0126	0.3645	0.0775	0.0623	0.0925	0.0593	0.0942	0.0933	0.0444	0.1382	0.1106	0.0284	0.2157	0.1389
117	0.0124	0.3599	0.0776	0.0626	0.0926	0.0591	0.094	0.0932	0.0446	0.1386	0.1108	0.0284	0.2152	0.1388
118	0.012	0.3592	0.0781	0.0633	0.0931	0.0591	0.0941	0.0933	0.0445	0.1384	0.1108	0.0284	0.2154	0.1388
119	0.0122	0.3589	0.0778	0.0633	0.0931	0.0592	0.0942	0.0935	0.0444	0.1378	0.1107	0.0283	0.2152	0.1388
120	0.0119	0.3611	0.0776	0.0631	0.0929	0.0594	0.0944	0.0937	0.0444	0.1378	0.1107	0.0283	0.215	0.1388
121	0.0119	0.3603	0.0779	0.0634	0.0932	0.0594	0.0944	0.0936	0.0443	0.1377	0.1107	0.0283	0.2149	0.1388
122	0.0121	0.3562	0.0777	0.063	0.0929	0.0593	0.0942	0.0935	0.0443	0.1379	0.1106	0.0284	0.2153	0.1389
123	0.012	0.3594	0.0776	0.0631	0.0929	0.0593	0.0942	0.0935	0.0443	0.1382	0.1107	0.0283	0.2151	0.1388
124	0.0117	0.3585	0.0777	0.0632	0.0929	0.0593	0.0941	0.0933	0.0444	0.1382	0.1107	0.0283	0.2152	0.1387
125	0.0115	0.357	0.0777	0.0631	0.0928	0.0595	0.0945	0.0936	0.0443	0.1384	0.1107	0.0284	0.2153	0.1388
126	0.0112	0.3587	0.0779	0.063	0.093	0.0595	0.0948	0.0936	0.0444	0.1386	0.1108	0.0284	0.216	0.139
127	0.0117	0.3553	0.0782	0.0633	0.0931	0.0593	0.0946	0.0935	0.0444	0.1387	0.1108	0.0284	0.2155	0.1388
128	0.0116	0.3584	0.0781	0.0633	0.0931	0.0592	0.0944	0.0934	0.0444	0.1387	0.1108	0.0284	0.2155	0.1389
129	0.0115	0.3647	0.0782	0.0634	0.0931	0.0593	0.0943	0.0934	0.0443	0.1385	0.1108	0.0284	0.2156	0.1389
130	0.0108	0.3561	0.0779	0.0631	0.0928	0.0592	0.0941	0.0932	0.0445	0.1388	0.1108	0.0284	0.2157	0.1388
131	0.0111	0.3609	0.0778	0.0631	0.093	0.0593	0.0944	0.0936	0.0443	0.1384	0.1108	0.0284	0.2158	0.139
132	0.0114	0.3562	0.0777	0.063	0.0927	0.0593	0.0941	0.0934	0.0443	0.1382	0.1106	0.0284	0.2161	0.1389
133	0.0111	0.3549	0.0775	0.063	0.0929	0.0595	0.0945	0.0937	0.0443	0.1382	0.1107	0.0284	0.2162	0.1391
134	0.0111	0.3612	0.0777	0.0631	0.0928	0.0591	0.0942	0.0933	0.0443	0.1387	0.1108	0.0284	0.216	0.139
135	0.0108	0.3525	0.078	0.0635	0.0931	0.0591	0.0944	0.0933	0.0444	0.1389	0.1108	0.0285	0.2162	0.139
136	0.0108	0.3563	0.078	0.0634	0.0929	0.059	0.0944	0.0932	0.0445	0.139	0.1108	0.0284	0.216	0.1388
137	0.0105	0.3625	0.0776	0.0632	0.0928	0.0592	0.0947	0.0935	0.0444	0.1387	0.1108	0.0284	0.2164	0.139
138	0.011	0.3609	0.0779	0.0635	0.093	0.0591	0.0946	0.0934	0.0443	0.1384	0.1107	0.0284	0.216	0.1389
139	0.0105	0.3575	0.0777	0.0635	0.0927	0.0592	0.0948	0.0933	0.0442	0.1381	0.1104	0.0284	0.2161	0.1388
140	0.0107	0.3552	0.0776	0.0635	0.0925	0.0592	0.0949	0.0933	0.0443	0.1386	0.1105	0.0284	0.2163	0.1387
141	0.0108	0.3613	0.0777	0.0635	0.0925	0.059	0.0946	0.0931	0.0443	0.1385	0.1104	0.0284	0.2165	0.1387
142	0.0102	0.356	0.0778	0.0637	0.0928	0.0592	0.0953	0.0935	0.0445	0.1389	0.1107	0.0283	0.2159	0.1386
143	0.0102	0.3654	0.0776	0.0636	0.0927	0.0591	0.095	0.0933	0.0444	0.1389	0.1107	0.0284	0.216	0.1387
144	0.01	0.3738	0.0775	0.0634	0.0925	0.0591	0.0949	0.0932	0.0444	0.1389	0.1106	0.0284	0.2161	0.1386
145	0.0101	0.3552	0.0774	0.0634	0.0924	0.0591	0.095	0.0932	0.0443	0.1387	0.1105	0.0284	0.2161	0.1386
146	0.0105	0.3626	0.0773	0.0633	0.0922	0.0591	0.095	0.0931	0.0444	0.1391	0.1105	0.0283	0.216	0.1385
147	0.01	0.3557	0.0774	0.0635	0.0924	0.059	0.0948	0.0931	0.0443	0.1387	0.1105	0.0283	0.2158	0.1385
148	0.0092	0.3514	0.0774	0.0635	0.0923	0.0589	0.0945	0.093	0.0442	0.1384	0.1103	0.0283	0.2157	0.1384
149	0.0101	0.3607	0.0774	0.0635	0.0923	0.0591	0.0947	0.0931	0.0442	0.1382	0.1102	0.0283	0.2157	0.1384
150	0.0099	0.3524	0.0774	0.0636	0.0922	0.059	0.0945	0.0928	0.0442	0.1383	0.1101	0.0283	0.2156	0.1382
151	0.0101	0.3594	0.0774	0.0635	0.0921	0.059	0.0944	0.0928	0.0442	0.1383	0.1101	0.0283	0.2159	0.1383
152	0.01	0.3586	0.0772	0.0637	0.0921	0.0589	0.0942	0.0928	0.0442	0.1383	0.1101	0.0283	0.216	0.1383
153	0.01	0.3639	0.0772	0.0634	0.0919	0.059	0.0945	0.0927	0.0442	0.1384	0.11	0.0283	0.216	0.1382
154	0.0098	0.3598	0.0773	0.0635	0.092	0.0589	0.0946	0.0928	0.0442	0.1383	0.11	0.0283	0.2159	0.1382
155	0.0097	0.3507	0.0773	0.0634	0.0921	0.0589	0.0944	0.0928	0.0442	0.1384	0.1101	0.0283	0.2162	0.1383
156	0.0097	0.3544	0.0774	0.0635	0.0923	0.0589	0.0941	0.0929	0.0443	0.1383	0.1103	0.0283	0.2161	0.1384
157	0.0094	0.3586	0.0776	0.0639	0.0925	0.059	0.0944	0.093	0.0443	0.1383	0.1104	0.0283	0.2165	0.1386
158	0.0097	0.3599	0.0773	0.0638	0.0925	0.0591	0.0944	0.0932	0.0444	0.1386	0.1106	0.0283	0.2167	0.1388
159	0.0096	0.3606	0.0772	0.0636	0.0925	0.0592	0.0945	0.0933	0.0443	0.1384	0.1106	0.0283	0.2167	0.1389
160	0.0094	0.3573	0.0772	0.0635	0.0924	0.059	0.0943	0.0932	0.0443	0.1385	0.1106	0.0284	0.2169	0.1389
161	0.0096	0.3586	0.0774	0.0635	0.0926	0.0592	0.0947	0.0933	0.0443	0.1385	0.1106	0.0284	0.2173	0.139
162	0.0093	0.3561	0.0772	0.0627	0.0924	0.0592	0.0948	0.0934	0.0443	0.1388	0.1107	0.0284	0.2177	0.1392
163	0.0094	0.3612	0.0771	0.0624	0.0925	0.0595	0.095	0.0938	0.0442	0.1381	0.1107	0.0285	0.218	0.1395
164	0.0095	0.3615	0.0772	0.0625	0.0924	0.0596	0.0951	0.0938	0.0442	0.1379	0.1106	0.0284	0.2168	0.1392
165	0.0095	0.3544	0.0774	0.0627	0.0926	0.0594	0.095	0.0937	0.0442	0.1384	0.1107	0.0284	0.2177	0.1393
166	0.0091	0.3598	0.0774	0.0626	0.0925	0.0593	0.0949	0.0936	0.0442	0.138	0.1106	0.0284	0.2176	0.1392
167	0.0092	0.36	0.0776	0.0628	0.0926	0.0594	0.0949	0.0936	0.044	0.1378	0.1104	0.0284	0.2172	0.1391
168	0.009	0.3629	0.0776	0.0629	0.0927	0.0595	0.0952	0.0938	0.0442	0.1381	0.1106	0.0284	0.217	0.1391
169	0.0094	0.3579	0.0774	0.0627	0.0927	0.0595	0.0949	0.0938	0.0442	0.1381	0.1108	0.0284	0.2168	0.1392
170	0.009	0.3549	0.0774	0.0629	0.0927	0.0596	0.095	0.0938	0.0442	0.1382	0.1107	0.0283	0.2168	0.1391
171	0.0092	0.3586	0.0779	0.0635	0.0934	0.0596	0.0951	0.0941	0.0444	0.1391	0.1113	0.0284	0.2173	0.1396
172	0.0092	0.3567	0.0778	0.0634	0.0933	0.0596	0.095	0.0942	0.0444	0.1393	0.1114	0.0284	0.2173	0.1396
173	0.0093	0.3562	0.0776	0.0633	0.0933	0.0597	0.0953	0.0944	0.0444	0.1392	0.1115	0.0284	0.2169	0.1396
174	0.0088	0.3602	0.0779	0.0633	0.0934	0.0596	0.0952	0.0943	0.0445	0.1392	0.1115	0.0285	0.2176	0.1398
175	0.0094	0.348	0.0778	0.0632	0.0933	0.0595	0.095	0.0941	0.0445	0.139	0.1113	0.0284	0.2175	0.1397
176	0.009	0.3571	0.0777	0.063	0.0932	0.0595	0.0949	0.094	0.0445	0.1392	0.1114	0.0284	0.2176	0.1396
177	0.0094	0.3603	0.0779	0.0633	0.0933	0.0596	0.0952	0.0941	0.0445	0.139	0.1113	0.0285	0.2179	0.1396
178	0.0088	0.3597	0.0777	0.0632	0.0932	0.0595	0.0951	0.094	0.0445	0.1389	0.1112	0.0284	0.2178	0.1396
179	0.0089	0.36	0.0778	0.0633	0.0931	0.0596	0.0954	0.0941	0.0445	0.1389	0.1112	0.0284	0.2177	0.1395
180	0.0091	0.3609	0.0778	0.0634	0.0932	0.0596	0.095	0.094	0.0445	0.1389	0.1111	0.0284	0.2171	0.1393
181	0.009	0.3495	0.0777	0.0632	0.0929	0.0596	0.0953	0.0939	0.0445	0.1389	0.111	0.0283	0.2172	0.1391
182	0.0088	0.3583	0.078	0.0636	0.0934	0.0597	0.0955	0.0942	0.0445	0.1389	0.1112	0.0283	0.2171	0.1393
183	0.0094	0.3628	0.078	0.0638	0.0936	0.0599	0.0956	0.0944	0.0445	0.139	0.1114	0.0283	0.2171	0.1395
184	0.0092	0.3589	0.078	0.0638	0.0937	0.0596	0.095	0.0943	0.0445	0.1389	0.1114	0.0284	0.2174	0.1397
185	0.0092	0.3649	0.0785	0.0638	0.0939	0.0596	0.095	0.0943	0.0445	0.139	0.1115	0.0284	0.2173	0.1397
186	0.0091	0.3572	0.0784	0.0638	0.094	0.0596	0.0949	0.0943	0.0444	0.139	0.1115	0.0284	0.2171	0.1397
187	0.0089	0.3548	0.0782	0.0633	0.0936	0.0598	0.0952	0.0944	0.0446	0.1392	0.1115	0.0284	0.2176	0.1397
188	0.009	0.3553	0.0783	0.0634	0.0938	0.0597	0.0953	0.0945	0.0445	0.1391	0.1116	0.0284	0.2175	0.1398
189	0.009	0.3573	0.0782	0.0634	0.0938	0.0598	0.0955	0.0946	0.0446	0.1395	0.1118	0.0283	0.2174	0.1398
190	0.0088	0.3597	0.0784	0.0636	0.0939	0.0598	0.0954	0.0945	0.0445	0.1391	0.1116	0.0283	0.2173	0.1396
191	0.0087	0.3573	0.0779	0.0634	0.0935	0.0597	0.0957	0.0945	0.0444	0.1387	0.1114	0.0283	0.2177	0.1397
192	0.0092	0.3525	0.0781	0.0635	0.0936	0.0597	0.0959	0.0945	0.0443	0.1387	0.1113	0.0283	0.2175	0.1396
193	0.0088	0.3502	0.0779	0.0635	0.0935	0.0595	0.0956	0.0943	0.0444	0.1393	0.1115	0.0283	0.2169	0.1395
194	0.0084	0.3645	0.0777	0.0632	0.0934	0.0595	0.0959	0.0944	0.0443	0.1393	0.1114	0.0283	0.2173	0.1395
195	0.0087	0.3639	0.0779	0.0633	0.0935	0.0594	0.0958	0.0944	0.0443	0.1394	0.1114	0.0283	0.2174	0.1395
196	0.0089	0.349	0.0781	0.0634	0.0935	0.0596	0.0958	0.0944	0.0443	0.1395	0.1114	0.0282	0.2168	0.1393
197	0.0085	0.3618	0.0781	0.0633	0.0937	0.0594	0.0955	0.0943	0.0443	0.1394	0.1115	0.0282	0.217	0.1395
198	0.0086	0.3528	0.0783	0.0635	0.0937	0.0595	0.0959	0.0944	0.0443	0.1393	0.1114	0.0282	0.217	0.1394
199	0.0087	0.3659	0.0782	0.0634	0.0936	0.0591	0.0951	0.094	0.0444	0.1393	0.1114	0.0283	0.2171	0.1394
200	0.0088	0.3617	0.0781	0.0633	0.0937	0.0589	0.0949	0.094	0.0443	0.1389	0.1113	0.0282	0.2168	0.1394
201	0.0087	0.3615	0.0784	0.0638	0.094	0.059	0.095	0.094	0.0443	0.1388	0.1113	0.0282	0.2163	0.1392
202	0.0086	0.3563	0.0785	0.0639	0.0941	0.0592	0.095	0.0942	0.0443	0.1389	0.1114	0.0282	0.2167	0.1394
203	0.0086	0.3592	0.0784	0.0635	0.0939	0.0591	0.0948	0.0941	0.0442	0.1384	0.1112	0.0282	0.2166	0.1393
204	0.0085	0.3643	0.0785	0.0634	0.094	0.0593	0.0951	0.0943	0.0442	0.1385	0.1112	0.0282	0.2168	0.1394
205	0.0085	0.3535	0.0786	0.0636	0.0941	0.0591	0.0953	0.0942	0.0442	0.1386	0.1113	0.0282	0.2168	0.1394
206	0.0088	0.3542	0.0786	0.0638	0.0942	0.0593	0.0952	0.0943	0.0441	0.1384	0.1112	0.0282	0.2169	0.1395
207	0.0085	0.3571	0.0782	0.0637	0.0938	0.0592	0.0951	0.0941	0.0442	0.1388	0.1112	0.0282	0.2168	0.1393
208	0.0089	0.3653	0.0781	0.0636	0.0939	0.0592	0.0951	0.0943	0.0441	0.1387	0.1113	0.0282	0.217	0.1395
209	0.0083	0.3635	0.0785	0.0639	0.0944	0.0593	0.0954	0.0946	0.044	0.1386	0.1115	0.0282	0.2164	0.1396
210	0.0083	0.357	0.0788	0.0643	0.0945	0.0592	0.0951	0.0943	0.0441	0.1388	0.1113	0.0282	0.2163	0.1394
211	0.0085	0.3488	0.0788	0.0643	0.0945	0.059	0.0949	0.0942	0.044	0.1387	0.1114	0.0282	0.2161	0.1394
212	0.0084	0.3596	0.0786	0.064	0.0943	0.0591	0.0952	0.0943	0.044	0.1384	0.1112	0.0282	0.2162	0.1394
213	0.0084	0.3531	0.0787	0.064	0.0946	0.0592	0.0953	0.0945	0.044	0.1381	0.1113	0.0282	0.2165	0.1396
214	0.0087	0.3627	0.0788	0.0643	0.0948	0.0593	0.0949	0.0945	0.0441	0.1383	0.1115	0.0282	0.2162	0.1396
215	0.0085	0.3641	0.0788	0.0643	0.0948	0.0589	0.0944	0.0943	0.0442	0.1385	0.1116	0.0282	0.2159	0.1395
216	0.0086	0.3558	0.0785	0.0638	0.0946	0.0587	0.0942	0.0942	0.0441	0.1382	0.1115	0.0282	0.2164	0.1397
217	0.0088	0.3546	0.0784	0.0638	0.0944	0.0591	0.0945	0.0944	0.0441	0.1384	0.1115	0.0282	0.2164	0.1396
218	0.009	0.3612	0.0786	0.0641	0.0947	0.0592	0.0944	0.0945	0.0441	0.1385	0.1116	0.0282	0.216	0.1396
219	0.0084	0.3581	0.0784	0.0641	0.0944	0.059	0.094	0.0941	0.0441	0.1385	0.1115	0.0281	0.2156	0.1394
220	0.0086	0.349	0.0784	0.064	0.0947	0.0587	0.0935	0.0941	0.044	0.1381	0.1116	0.0281	0.2154	0.1396
221	0.0081	0.3532	0.0784	0.0641	0.0948	0.0588	0.0937	0.0944	0.044	0.138	0.1117	0.0281	0.2152	0.1396
222	0.0082	0.3632	0.0781	0.0638	0.0947	0.0589	0.0939	0.0945	0.0441	0.1381	0.1118	0.0281	0.2152	0.1397
223	0.0082	0.355	0.0781	0.0641	0.0948	0.0591	0.0944	0.0948	0.0442	0.1386	0.1121	0.0281	0.2151	0.1397
224	0.0081	0.3599	0.0782	0.0641	0.0948	0.0592	0.0944	0.0948	0.0441	0.1382	0.1118	0.0281	0.2153	0.1397
225	0.0086	0.3524	0.0781	0.064	0.0948	0.0592	0.0944	0.0948	0.0441	0.1382	0.1119	0.028	0.2148	0.1396
226	0.0084	0.3679	0.0782	0.064	0.0946	0.0593	0.0942	0.0946	0.044	0.1379	0.1116	0.028	0.2146	0.1394
227	0.0082	0.3581	0.0784	0.0641	0.0948	0.0594	0.0945	0.0948	0.0441	0.1379	0.1117	0.028	0.2146	0.1395
228	0.0082	0.3488	0.0787	0.0644	0.0948	0.0592	0.0942	0.0945	0.044	0.1376	0.1115	0.028	0.2143	0.1392
229	0.0079	0.3572	0.0785	0.0641	0.0948	0.0592	0.0943	0.0946	0.0441	0.138	0.1117	0.0279	0.2143	0.1392
230	0.0082	0.3563	0.0785	0.0642	0.0947	0.0593	0.0944	0.0946	0.0441	0.138	0.1116	0.028	0.2144	0.1392
231	0.0081	0.3617	0.0786	0.0643	0.0948	0.0594	0.0947	0.0947	0.0442	0.1381	0.1117	0.028	0.2147	0.1393
232	0.0084	0.359	0.0785	0.064	0.0949	0.0593	0.0945	0.0948	0.0443	0.1387	0.1121	0.028	0.2154	0.1397
233	0.0088	0.3648	0.0782	0.0636	0.0947	0.0593	0.0945	0.0948	0.0441	0.1381	0.1118	0.028	0.2147	0.1394
234	0.0085	0.3672	0.078	0.0635	0.0943	0.0592	0.0946	0.0946	0.0441	0.1383	0.1116	0.0279	0.2147	0.1391
235	0.0086	0.356	0.0775	0.0631	0.0935	0.0592	0.0945	0.0942	0.0441	0.1383	0.1113	0.0279	0.2148	0.1388
236	0.0081	0.3573	0.0772	0.0627	0.0932	0.0591	0.0945	0.0941	0.044	0.1382	0.1111	0.0279	0.2147	0.1387
237	0.0084	0.3571	0.0774	0.0627	0.0933	0.0592	0.0943	0.0941	0.044	0.138	0.1111	0.0279	0.2143	0.1386
238	0.0085	0.3592	0.0773	0.0627	0.0931	0.0591	0.0944	0.0939	0.044	0.1384	0.1111	0.0279	0.2143	0.1385
239	0.0084	0.3591	0.0781	0.0635	0.0938	0.0592	0.0943	0.0941	0.0442	0.139	0.1114	0.0279	0.2145	0.1387
240	0.0085	0.3536	0.0782	0.0633	0.0937	0.059	0.0941	0.0939	0.0441	0.1391	0.1113	0.0279	0.2143	0.1386
241	0.0081	0.3625	0.078	0.0631	0.0936	0.0589	0.0938	0.0938	0.0441	0.1389	0.1113	0.028	0.2146	0.1387
242	0.0084	0.3599	0.0781	0.0634	0.0938	0.059	0.0942	0.0939	0.0441	0.139	0.1113	0.0279	0.2146	0.1386
243	0.0085	0.363	0.078	0.0632	0.0937	0.0592	0.0946	0.0941	0.0441	0.139	0.1113	0.028	0.215	0.1388
244	0.0083	0.3605	0.0777	0.0631	0.0933	0.0592	0.0947	0.094	0.044	0.1383	0.111	0.0279	0.2145	0.1386
245	0.0081	0.3519	0.0774	0.0631	0.0932	0.0591	0.0947	0.0939	0.044	0.1387	0.111	0.0279	0.2145	0.1385
246	0.0082	0.3548	0.0776	0.0633	0.0933	0.0592	0.095	0.0941	0.044	0.1388	0.1111	0.028	0.2147	0.1386
247	0.008	0.3599	0.0775	0.0634	0.0932	0.0593	0.0953	0.0942	0.0439	0.1383	0.1109	0.028	0.2145	0.1386
248	0.0076	0.3596	0.0777	0.0635	0.0935	0.0593	0.0948	0.0942	0.044	0.1384	0.1111	0.028	0.2148	0.1388
249	0.0083	0.3596	0.0782	0.0638	0.094	0.0593	0.0943	0.0942	0.0441	0.1385	0.1113	0.028	0.2143	0.1388
250	0.0084	0.3574	0.0781	0.0638	0.094	0.0593	0.0945	0.0943	0.044	0.1385	0.1114	0.0279	0.2145	0.1389
251	0.008	0.3713	0.0779	0.0636	0.0938	0.0595	0.0946	0.0943	0.0441	0.1385	0.1113	0.0279	0.2141	0.1386
252	0.0079	0.3603	0.0781	0.0637	0.0937	0.0592	0.0942	0.094	0.0439	0.138	0.111	0.0279	0.2141	0.1385
253	0.0084	0.3605	0.078	0.0638	0.0935	0.0591	0.0943	0.0939	0.0439	0.138	0.1109	0.0279	0.2142	0.1384
254	0.0082	0.3589	0.078	0.0637	0.0935	0.0591	0.0942	0.0937	0.044	0.1388	0.111	0.0279	0.2141	0.1383
255	0.0078	0.3543	0.0781	0.0634	0.0936	0.059	0.0942	0.0938	0.0439	0.1383	0.1109	0.0279	0.2138	0.1383
256	0.0083	0.357	0.0779	0.0635	0.0935	0.059	0.0943	0.0937	0.0439	0.138	0.1108	0.0279	0.2136	0.1382
257	0.0086	0.3604	0.0779	0.0635	0.0936	0.0591	0.0942	0.0938	0.0439	0.1381	0.1108	0.0279	0.2137	0.1383
258	0.008	0.3633	0.0781	0.0638	0.0938	0.0591	0.0944	0.094	0.0439	0.1383	0.1109	0.0279	0.2138	0.1384
259	0.0081	0.3565	0.0779	0.0637	0.0936	0.0591	0.0944	0.0939	0.0438	0.1378	0.1107	0.0279	0.2137	0.1383
260	0.0083	0.3665	0.0775	0.0634	0.0932	0.0591	0.0942	0.0937	0.0438	0.1377	0.1106	0.0279	0.2137	0.1381
261	0.0086	0.3694	0.0773	0.0631	0.0931	0.0592	0.0942	0.0938	0.0437	0.1373	0.1104	0.0278	0.2134	0.1381
262	0.008	0.3638	0.0775	0.0633	0.0934	0.0593	0.0945	0.094	0.0436	0.1367	0.1105	0.0279	0.2137	0.1383
263	0.008	0.3609	0.0772	0.0632	0.0932	0.0591	0.0943	0.0939	0.0436	0.1369	0.1105	0.0278	0.2138	0.1383
264	0.0082	0.3571	0.0771	0.0631	0.093	0.059	0.0941	0.0937	0.0436	0.1372	0.1104	0.0278	0.2136	0.1381
265	0.0082	0.361	0.0769	0.063	0.0926	0.0589	0.0943	0.0934	0.0436	0.1371	0.1101	0.0279	0.2138	0.1379
266	0.0082	0.3647	0.0767	0.0629	0.0924	0.0589	0.0943	0.0933	0.0435	0.1371	0.1099	0.0278	0.2137	0.1378
267	0.0085	0.3557	0.0766	0.063	0.0925	0.059	0.094	0.0934	0.0435	0.1369	0.11	0.0278	0.214	0.1379
268	0.0077	0.3552	0.0767	0.063	0.0927	0.0589	0.094	0.0935	0.0435	0.1369	0.1101	0.0278	0.214	0.138
269	0.0084	0.3624	0.077	0.0632	0.0929	0.0589	0.094	0.0935	0.0435	0.1371	0.1102	0.0279	0.2141	0.1381
270	0.008	0.3595	0.0769	0.0632	0.093	0.0589	0.094	0.0936	0.0436	0.1373	0.1103	0.0278	0.2139	0.138
271	0.0078	0.363	0.077	0.0632	0.0929	0.059	0.0941	0.0936	0.0436	0.1375	0.1104	0.0278	0.214	0.1381
272	0.0083	0.361	0.0766	0.063	0.0928	0.0591	0.0939	0.0937	0.0437	0.1377	0.1105	0.0279	0.2141	0.1382
273	0.008	0.3596	0.0765	0.0628	0.0926	0.059	0.0939	0.0935	0.0436	0.1373	0.1102	0.0278	0.2137	0.138
274	0.0079	0.3548	0.0764	0.0626	0.0925	0.0589	0.0935	0.0933	0.0437	0.1374	0.1103	0.0278	0.2132	0.1378
275	0.0079	0.3572	0.0765	0.0628	0.0926	0.0589	0.0936	0.0934	0.0435	0.1368	0.1101	0.0278	0.2132	0.1378
276	0.0078	0.3482	0.0768	0.0628	0.0927	0.0588	0.0935	0.0933	0.0435	0.1368	0.1101	0.0279	0.2136	0.138
277	0.0082	0.3627	0.0767	0.0626	0.0925	0.0586	0.0934	0.0931	0.0435	0.1369	0.11	0.0279	0.2136	0.1379
278	0.0082	0.3679	0.077	0.0629	0.0928	0.0588	0.0935	0.0933	0.0436	0.1372	0.1102	0.0279	0.2138	0.138
279	0.0079	0.3664	0.0767	0.0628	0.0926	0.0589	0.0939	0.0935	0.0434	0.1369	0.1101	0.0278	0.2133	0.1379
280	0.0078	0.3584	0.0767	0.0627	0.0925	0.059	0.0941	0.0935	0.0434	0.1368	0.11	0.0278	0.2132	0.1378
281	0.0083	0.3649	0.0766	0.0629	0.0927	0.0589	0.094	0.0935	0.0435	0.1371	0.1102	0.0278	0.2132	0.1378
282	0.0079	0.3642	0.0767	0.0627	0.0927	0.059	0.0938	0.0936	0.0435	0.1368	0.1102	0.0278	0.2131	0.1379
283	0.0077	0.3486	0.0767	0.0627	0.0928	0.059	0.0937	0.0935	0.0435	0.1368	0.1101	0.0278	0.2131	0.1378
284	0.0076	0.3605	0.0765	0.0626	0.0927	0.0591	0.0939	0.0937	0.0436	0.1371	0.1103	0.0279	0.2138	0.1381
285	0.0082	0.3601	0.0768	0.0629	0.0929	0.0591	0.0938	0.0936	0.0435	0.1369	0.1102	0.0278	0.2139	0.1381
286	0.0079	0.3576	0.0767	0.0627	0.0928	0.059	0.094	0.0936	0.0436	0.1368	0.1103	0.0279	0.2142	0.1382
287	0.0079	0.3656	0.077	0.0627	0.0929	0.0592	0.0944	0.0938	0.0436	0.137	0.1103	0.0279	0.214	0.1381
288	0.0084	0.3592	0.0769	0.0628	0.0929	0.0593	0.095	0.094	0.0437	0.1374	0.1105	0.0278	0.2135	0.1381
289	0.0081	0.3574	0.077	0.0627	0.0931	0.0592	0.0947	0.094	0.0437	0.137	0.1105	0.0278	0.2135	0.1382
290	0.0078	0.3635	0.0772	0.0629	0.0933	0.0592	0.0946	0.0941	0.0436	0.1368	0.1105	0.0278	0.2133	0.1382
291	0.008	0.351	0.0769	0.0628	0.093	0.0592	0.0947	0.094	0.0436	0.1366	0.1103	0.0278	0.213	0.1379
292	0.0077	0.3658	0.0768	0.0628	0.0931	0.0592	0.0945	0.094	0.0437	0.1371	0.1106	0.0278	0.2133	0.1381
293	0.008	0.3641	0.077	0.063	0.0932	0.0592	0.0946	0.094	0.0437	0.1371	0.1106	0.0278	0.2132	0.1381
294	0.0085	0.3646	0.077	0.0629	0.0932	0.0591	0.0946	0.094	0.0438	0.1377	0.1108	0.0278	0.2135	0.1382
295	0.0081	0.3647	0.0768	0.0628	0.0929	0.059	0.0948	0.0939	0.0438	0.1379	0.1107	0.0278	0.2139	0.1382
296	0.008	0.3669	0.0768	0.0628	0.0929	0.0591	0.0949	0.0939	0.0438	0.1376	0.1106	0.0278	0.2137	0.1381
297	0.0083	0.3549	0.0768	0.0628	0.0929	0.059	0.0946	0.0938	0.0437	0.1375	0.1106	0.0278	0.2136	0.1381
298	0.0083	0.3555	0.0769	0.0629	0.093	0.059	0.0942	0.0938	0.0438	0.1379	0.1107	0.0278	0.2138	0.1382
299	0.0079	0.362	0.0771	0.063	0.0931	0.0589	0.0941	0.0937	0.0438	0.1379	0.1108	0.0278	0.2138	0.1381
300	0.0081	0.363	0.0769	0.0628	0.0928	0.0589	0.0944	0.0936	0.0437	0.1377	0.1105	0.0279	0.2143	0.1382
301	0.0078	0.3594	0.0772	0.063	0.093	0.0591	0.0945	0.0938	0.0437	0.1376	0.1106	0.0278	0.2134	0.138
302	0.0076	0.3542	0.077	0.0629	0.0931	0.0593	0.0951	0.0942	0.0439	0.1382	0.1109	0.0278	0.2132	0.1381
303	0.0082	0.3589	0.0769	0.0628	0.0928	0.0595	0.0954	0.0942	0.0438	0.138	0.1107	0.0278	0.2137	0.1382
304	0.0081	0.3644	0.0771	0.0632	0.0931	0.0596	0.0956	0.0944	0.0438	0.138	0.1108	0.0279	0.2142	0.1384
305	0.0082	0.361	0.0772	0.0632	0.0931	0.0596	0.0958	0.0945	0.0438	0.138	0.1108	0.0279	0.214	0.1384
306	0.008	0.359	0.0772	0.0633	0.0933	0.0595	0.0957	0.0946	0.0438	0.1382	0.111	0.0279	0.2136	0.1385
307	0.0081	0.3669	0.077	0.063	0.0931	0.0593	0.0955	0.0944	0.0439	0.1385	0.1111	0.0279	0.2136	0.1385
308	0.0076	0.3535	0.0766	0.0628	0.0927	0.0595	0.0958	0.0944	0.0438	0.138	0.1108	0.0279	0.2136	0.1382
309	0.0077	0.3578	0.0769	0.0632	0.0929	0.0595	0.0959	0.0943	0.0436	0.1378	0.1106	0.0278	0.2134	0.1381
310	0.0078	0.3612	0.077	0.0633	0.0931	0.0595	0.0958	0.0944	0.0437	0.138	0.1108	0.0279	0.214	0.1384
311	0.0077	0.3662	0.0769	0.0632	0.093	0.0595	0.096	0.0945	0.0438	0.138	0.1108	0.0279	0.2141	0.1384
312	0.0077	0.3627	0.0767	0.0631	0.0929	0.0597	0.0964	0.0947	0.0438	0.138	0.1109	0.0278	0.2136	0.1383
313	0.0078	0.3574	0.0768	0.063	0.093	0.0596	0.0962	0.0947	0.0437	0.1376	0.1108	0.0279	0.2136	0.1384
314	0.008	0.3644	0.0767	0.0629	0.0928	0.0597	0.0962	0.0946	0.0437	0.1376	0.1107	0.0278	0.2137	0.1383
315	0.0081	0.3641	0.0774	0.0636	0.0932	0.0597	0.0963	0.0946	0.0438	0.1376	0.1107	0.0279	0.2143	0.1384
316	0.0076	0.3589	0.0776	0.0638	0.0934	0.0597	0.0963	0.0946	0.0438	0.138	0.1108	0.0279	0.214	0.1383
317	0.008	0.3678	0.0772	0.0632	0.093	0.0597	0.0964	0.0946	0.0439	0.1382	0.1109	0.0278	0.2137	0.1383
318	0.0078	0.3663	0.0768	0.0631	0.0927	0.0596	0.0963	0.0944	0.0439	0.1384	0.1109	0.0278	0.2132	0.1381
319	0.008	0.3616	0.0766	0.0628	0.0926	0.0595	0.0961	0.0945	0.0439	0.1383	0.111	0.0278	0.2133	0.1382
320	0.0079	0.3598	0.0769	0.0634	0.093	0.0596	0.0963	0.0946	0.0439	0.1383	0.111	0.0278	0.2134	0.1382
321	0.0084	0.3715	0.077	0.0636	0.0931	0.0596	0.0963	0.0947	0.0438	0.1378	0.1109	0.0277	0.213	0.1382
322	0.008	0.3605	0.0767	0.0631	0.0927	0.0596	0.0962	0.0945	0.0437	0.138	0.1107	0.0277	0.2122	0.1378
323	0.0075	0.3609	0.0765	0.0628	0.0924	0.0597	0.0961	0.0944	0.0438	0.1381	0.1106	0.0277	0.2121	0.1376
324	0.0077	0.3584	0.0765	0.0629	0.0925	0.0595	0.0957	0.0942	0.0437	0.1379	0.1105	0.0277	0.2124	0.1376
325	0.0078	0.3638	0.0765	0.0629	0.0923	0.0596	0.0959	0.0942	0.0438	0.138	0.1105	0.0277	0.2122	0.1375
326	0.0079	0.3656	0.0764	0.0627	0.0924	0.0596	0.0959	0.0943	0.0437	0.1381	0.1106	0.0277	0.2122	0.1377
327	0.0076	0.3574	0.0763	0.0626	0.0923	0.0595	0.0959	0.0943	0.0437	0.1376	0.1105	0.0277	0.2118	0.1376
328	0.0081	0.3567	0.0763	0.0626	0.0925	0.0596	0.096	0.0944	0.0436	0.1375	0.1105	0.0277	0.2118	0.1377
329	0.0082	0.3627	0.0765	0.0628	0.0927	0.0596	0.0959	0.0944	0.0436	0.1374	0.1105	0.0277	0.2118	0.1377
330	0.0078	0.366	0.0765	0.0628	0.0926	0.0595	0.0959	0.0944	0.0436	0.1374	0.1104	0.0276	0.2115	0.1376
331	0.0079	0.3634	0.0765	0.0629	0.0926	0.0596	0.0958	0.0943	0.0436	0.1374	0.1104	0.0277	0.2121	0.1377
332	0.0077	0.36	0.0765	0.0628	0.0923	0.0595	0.0956	0.094	0.0436	0.1373	0.1101	0.0277	0.2125	0.1375
333	0.0074	0.3656	0.0767	0.0629	0.0924	0.0594	0.0956	0.0939	0.0437	0.1375	0.1102	0.0277	0.2124	0.1374
334	0.0074	0.3606	0.0765	0.0627	0.0924	0.0595	0.0957	0.094	0.0436	0.1373	0.1102	0.0277	0.2126	0.1376
335	0.0079	0.3706	0.0764	0.0625	0.0923	0.0593	0.0954	0.0939	0.0437	0.1374	0.1102	0.0278	0.2131	0.1377
336	0.0078	0.3701	0.0765	0.0626	0.0925	0.0595	0.0958	0.0942	0.0437	0.1373	0.1103	0.0278	0.2128	0.1377
337	0.0081	0.3694	0.0765	0.0626	0.0924	0.0596	0.0955	0.0941	0.0436	0.1371	0.1101	0.0277	0.2127	0.1376
338	0.0078	0.3624	0.0767	0.0627	0.0926	0.0594	0.095	0.0939	0.0437	0.1376	0.1103	0.0278	0.2131	0.1378
339	0.0081	0.36	0.0769	0.0627	0.0926	0.0592	0.0948	0.0937	0.0436	0.1377	0.1103	0.0278	0.213	0.1377
340	0.0078	0.3604	0.0767	0.0625	0.0924	0.0593	0.095	0.0938	0.0437	0.1376	0.1102	0.0278	0.2133	0.1378
341	0.0076	0.3626	0.0763	0.0624	0.0923	0.0593	0.0947	0.0938	0.0438	0.1377	0.1104	0.0279	0.214	0.1381
342	0.0081	0.363	0.0765	0.0625	0.0922	0.0594	0.0948	0.0937	0.0438	0.1378	0.1103	0.0279	0.2144	0.138
343	0.0077	0.3593	0.0765	0.0626	0.0921	0.0593	0.0945	0.0934	0.0438	0.1378	0.1102	0.0279	0.214	0.1378
344	0.008	0.3631	0.0765	0.0627	0.092	0.0593	0.0945	0.0935	0.0438	0.1377	0.1102	0.0278	0.2142	0.1377
345	0.0078	0.3601	0.0764	0.0627	0.092	0.0592	0.0943	0.0934	0.0439	0.1377	0.1102	0.0278	0.2136	0.1376
346	0.0074	0.3518	0.0764	0.0629	0.0921	0.0591	0.0941	0.0934	0.0439	0.1379	0.1104	0.0278	0.2133	0.1377
347	0.0078	0.3653	0.0766	0.063	0.0922	0.0594	0.0945	0.0936	0.0438	0.1378	0.1103	0.0278	0.2131	0.1376
348	0.008	0.3662	0.0768	0.0632	0.0924	0.0594	0.0945	0.0937	0.0438	0.1377	0.1104	0.0278	0.2133	0.1377
349	0.0073	0.3593	0.0769	0.0631	0.0922	0.0592	0.0943	0.0933	0.0438	0.1378	0.1101	0.0278	0.2136	0.1376
350	0.0076	0.3606	0.0768	0.0631	0.0923	0.0592	0.0942	0.0934	0.0438	0.138	0.1103	0.0278	0.2132	0.1376
351	0.0077	0.3579	0.0771	0.0634	0.0925	0.0592	0.0945	0.0935	0.0439	0.1382	0.1104	0.0278	0.2135	0.1377
352	0.0076	0.3616	0.0775	0.0638	0.093	0.0594	0.0947	0.0938	0.0439	0.1381	0.1106	0.0278	0.2135	0.1379
353	0.0078	0.3596	0.0772	0.0637	0.093	0.0592	0.0943	0.0938	0.0439	0.1381	0.1107	0.0278	0.2138	0.1381
354	0.0079	0.363	0.0775	0.0639	0.0932	0.0591	0.0944	0.0938	0.0439	0.1381	0.1107	0.0278	0.2141	0.1382
355	0.0079	0.3645	0.0772	0.0637	0.0929	0.0592	0.0943	0.0936	0.0438	0.1375	0.1104	0.0278	0.2139	0.138
356	0.0083	0.369	0.0771	0.0637	0.0926	0.0591	0.0944	0.0934	0.0438	0.1376	0.1103	0.0278	0.2141	0.1378
357	0.0077	0.3663	0.0772	0.0639	0.0927	0.059	0.0943	0.0934	0.0437	0.1375	0.1102	0.0277	0.2132	0.1376
358	0.0079	0.3608	0.0771	0.0638	0.0924	0.0591	0.0945	0.0933	0.0437	0.1375	0.11	0.0277	0.2129	0.1373
359	0.0078	0.3738	0.0767	0.0635	0.0921	0.0592	0.0949	0.0934	0.0437	0.1375	0.1099	0.0277	0.213	0.1372
360	0.0076	0.3687	0.0765	0.0631	0.0919	0.0593	0.0947	0.0933	0.0436	0.1373	0.1099	0.0277	0.213	0.1372
361	0.0082	0.3621	0.0766	0.0634	0.0921	0.0593	0.095	0.0935	0.0437	0.1374	0.11	0.0277	0.213	0.1374
362	0.008	0.3751	0.0764	0.0633	0.092	0.0591	0.0945	0.0933	0.0438	0.1378	0.1101	0.0277	0.2129	0.1374
363	0.0079	0.3649	0.0767	0.0634	0.0922	0.0592	0.0948	0.0934	0.0437	0.1378	0.1101	0.0277	0.2127	0.1373
364	0.008	0.3684	0.0767	0.0635	0.0924	0.0591	0.0945	0.0934	0.0437	0.138	0.1102	0.0277	0.2126	0.1373
365	0.0079	0.3661	0.0768	0.0637	0.0925	0.0592	0.0947	0.0935	0.0437	0.1379	0.1102	0.0277	0.2126	0.1373
366	0.0075	0.3582	0.0767	0.0634	0.0926	0.0593	0.0948	0.0937	0.0437	0.1378	0.1103	0.0277	0.2127	0.1375
367	0.008	0.361	0.0768	0.0636	0.0928	0.0591	0.0943	0.0937	0.0437	0.1379	0.1105	0.0276	0.2125	0.1375
368	0.0078	0.3691	0.077	0.0636	0.093	0.059	0.0944	0.0937	0.0437	0.1378	0.1105	0.0276	0.2127	0.1376
369	0.0077	0.3635	0.0765	0.0629	0.0925	0.059	0.0942	0.0936	0.0437	0.1379	0.1104	0.0277	0.2131	0.1376
370	0.0075	0.3613	0.0764	0.063	0.0925	0.0589	0.0939	0.0935	0.0436	0.1377	0.1104	0.0277	0.2131	0.1376
371	0.0076	0.3688	0.0763	0.0628	0.0924	0.0588	0.0937	0.0933	0.0436	0.1377	0.1102	0.0276	0.2128	0.1374
372	0.0082	0.3635	0.0759	0.0625	0.0921	0.0585	0.0934	0.0931	0.0436	0.1376	0.1102	0.0276	0.2127	0.1374
373	0.0079	0.3687	0.0761	0.0626	0.0922	0.0585	0.0932	0.093	0.0435	0.1373	0.1101	0.0276	0.2126	0.1374
374	0.0077	0.363	0.0763	0.0628	0.0923	0.0587	0.0935	0.0932	0.0434	0.1367	0.1099	0.0276	0.2125	0.1373
375	0.0078	0.3665	0.0767	0.0633	0.0927	0.0586	0.0936	0.0932	0.0435	0.1371	0.1101	0.0276	0.2129	0.1374
376	0.0079	0.366	0.0768	0.0633	0.0927	0.0584	0.0933	0.0931	0.0434	0.1369	0.11	0.0276	0.213	0.1375
377	0.0081	0.3567	0.0769	0.0633	0.0928	0.0584	0.0933	0.0931	0.0435	0.137	0.1101	0.0276	0.2125	0.1373
378	0.0077	0.37	0.0772	0.0638	0.0932	0.0583	0.0931	0.0931	0.0436	0.1373	0.1104	0.0276	0.2119	0.1373
379	0.0081	0.3633	0.0772	0.0638	0.0931	0.0583	0.0933	0.0931	0.0436	0.1373	0.1103	0.0276	0.2117	0.1372
380	0.0078	0.3742	0.0774	0.0641	0.0936	0.0586	0.0936	0.0936	0.0435	0.137	0.1105	0.0276	0.2119	0.1376
381	0.0082	0.3655	0.0772	0.0639	0.0935	0.0585	0.0935	0.0935	0.0435	0.1371	0.1105	0.0276	0.2119	0.1376
382	0.0076	0.3614	0.0774	0.064	0.0935	0.0585	0.0934	0.0935	0.0434	0.1369	0.1104	0.0276	0.2121	0.1376
383	0.0082	0.3655	0.0773	0.0637	0.0934	0.0583	0.0931	0.0933	0.0434	0.137	0.1103	0.0276	0.2125	0.1376
384	0.0077	0.3684	0.0775	0.064	0.0936	0.0582	0.0931	0.0933	0.0435	0.137	0.1104	0.0276	0.2122	0.1376
385	0.0081	0.3631	0.0772	0.0636	0.0934	0.0583	0.0931	0.0933	0.0435	0.1366	0.1103	0.0276	0.2122	0.1376
386	0.0082	0.3684	0.077	0.0634	0.0929	0.058	0.0926	0.0928	0.0434	0.1366	0.11	0.0276	0.2122	0.1373
387	0.0079	0.358	0.0773	0.0638	0.0933	0.0581	0.0925	0.0929	0.0433	0.1365	0.11	0.0276	0.2122	0.1374
388	0.0079	0.3653	0.0776	0.0637	0.0934	0.058	0.0922	0.0928	0.0433	0.1365	0.1099	0.0276	0.2123	0.1374
389	0.0074	0.3534	0.0774	0.0636	0.0934	0.058	0.0921	0.0927	0.0433	0.1364	0.11	0.0276	0.2125	0.1374
390	0.0079	0.362	0.0769	0.0632	0.0929	0.0581	0.0924	0.0928	0.0434	0.1366	0.1099	0.0276	0.2123	0.1372
391	0.0077	0.3584	0.0768	0.063	0.0928	0.0581	0.0924	0.0927	0.0433	0.1364	0.1097	0.0276	0.2124	0.1372
392	0.0076	0.365	0.0765	0.0626	0.0923	0.0582	0.0925	0.0926	0.0432	0.1364	0.1095	0.0275	0.212	0.1369
393	0.0078	0.3564	0.0762	0.0623	0.0921	0.0581	0.0927	0.0925	0.0432	0.1362	0.1094	0.0275	0.212	0.1368
394	0.0077	0.3631	0.0764	0.0625	0.0924	0.0582	0.0927	0.0928	0.0432	0.1362	0.1096	0.0276	0.2121	0.137
395	0.0082	0.372	0.0761	0.0628	0.0925	0.0582	0.093	0.093	0.0431	0.1359	0.1096	0.0275	0.2124	0.1372
396	0.0077	0.3611	0.0763	0.063	0.0925	0.0586	0.0936	0.0933	0.043	0.1357	0.1095	0.0275	0.2118	0.137
397	0.0073	0.3603	0.0763	0.0628	0.0924	0.0585	0.0935	0.0931	0.0431	0.1363	0.1096	0.0275	0.2116	0.1368
398	0.0077	0.3567	0.0762	0.0628	0.0923	0.0583	0.0933	0.0929	0.043	0.1358	0.1094	0.0275	0.2118	0.1368
399	0.0076	0.3569	0.0761	0.0626	0.0922	0.0582	0.0933	0.0929	0.0431	0.1361	0.1094	0.0274	0.2116	0.1367
400	0.0076	0.3627	0.0758	0.0624	0.0918	0.0581	0.0932	0.0926	0.043	0.1356	0.1092	0.0275	0.2119	0.1366
401	0.0078	0.3616	0.0758	0.0624	0.0919	0.0579	0.0928	0.0925	0.0431	0.1358	0.1093	0.0275	0.2121	0.1368
402	0.0074	0.3607	0.0757	0.0624	0.0919	0.0582	0.0933	0.0929	0.043	0.1358	0.1094	0.0275	0.2118	0.1368
403	0.0081	0.3625	0.0756	0.0626	0.092	0.0583	0.0934	0.093	0.043	0.1356	0.1094	0.0275	0.2119	0.1369
404	0.0077	0.3701	0.076	0.063	0.0922	0.058	0.0929	0.0927	0.043	0.1355	0.1093	0.0275	0.2119	0.1368
405	0.0078	0.3638	0.0762	0.063	0.0922	0.0579	0.0926	0.0924	0.0431	0.136	0.1093	0.0275	0.2117	0.1367
406	0.0081	0.3594	0.0763	0.063	0.0924	0.0581	0.0931	0.0928	0.043	0.1356	0.1094	0.0275	0.2118	0.1369
407	0.0078	0.3674	0.077	0.0635	0.0929	0.0582	0.0932	0.0929	0.043	0.1356	0.1094	0.0275	0.2121	0.137
408	0.0077	0.3636	0.0768	0.0633	0.093	0.0584	0.0934	0.0932	0.043	0.136	0.1096	0.0275	0.2123	0.1372
409	0.0078	0.3616	0.0768	0.0632	0.093	0.0583	0.0933	0.0932	0.0431	0.1362	0.1098	0.0276	0.2124	0.1373
410	0.0074	0.3622	0.0766	0.0631	0.0928	0.0582	0.0929	0.0929	0.043	0.136	0.1096	0.0276	0.2127	0.1373
411	0.0076	0.3589	0.077	0.0633	0.0928	0.0582	0.093	0.0928	0.043	0.136	0.1094	0.0276	0.2125	0.1371
412	0.0079	0.3669	0.0763	0.0626	0.0922	0.0583	0.0933	0.0928	0.043	0.136	0.1093	0.0276	0.2127	0.137
413	0.0076	0.3636	0.0766	0.0629	0.0926	0.0582	0.0932	0.0928	0.0431	0.1359	0.1094	0.0275	0.2122	0.137
414	0.0074	0.3712	0.0767	0.0629	0.0925	0.058	0.0928	0.0925	0.043	0.1358	0.1092	0.0275	0.2119	0.1368
415	0.0081	0.3661	0.0763	0.0627	0.0922	0.058	0.0928	0.0924	0.0431	0.1361	0.1092	0.0275	0.2118	0.1366
416	0.008	0.3663	0.0766	0.0628	0.0923	0.0582	0.0933	0.0927	0.043	0.1359	0.1092	0.0275	0.2121	0.1367
417	0.0075	0.3644	0.0771	0.0632	0.0926	0.0583	0.0933	0.0927	0.043	0.1359	0.1091	0.0276	0.2121	0.1367
418	0.0079	0.3715	0.0771	0.0631	0.0928	0.0582	0.0934	0.0928	0.0431	0.1358	0.1093	0.0275	0.212	0.1369
419	0.0078	0.3675	0.077	0.0632	0.0927	0.0582	0.0933	0.0929	0.0431	0.1361	0.1095	0.0275	0.212	0.1369
420	0.0079	0.3635	0.077	0.063	0.0925	0.0581	0.0931	0.0926	0.043	0.1358	0.1092	0.0275	0.2122	0.1369
421	0.0079	0.3698	0.0768	0.0631	0.0923	0.0579	0.0926	0.0923	0.0429	0.1357	0.109	0.0275	0.212	0.1366
422	0.0072	0.3648	0.077	0.0631	0.0923	0.058	0.0926	0.0922	0.0429	0.1357	0.1089	0.0275	0.2119	0.1364
423	0.0077	0.3614	0.0771	0.0632	0.0925	0.0579	0.0924	0.0923	0.043	0.1359	0.1091	0.0275	0.212	0.1366
424	0.0076	0.3734	0.0771	0.0633	0.0925	0.0578	0.0925	0.0922	0.043	0.136	0.1091	0.0275	0.2118	0.1365
425	0.008	0.3569	0.077	0.0631	0.0924	0.058	0.0926	0.0924	0.043	0.136	0.1091	0.0275	0.212	0.1366
426	0.0075	0.358	0.0768	0.0633	0.0926	0.058	0.0929	0.0926	0.043	0.1359	0.1092	0.0275	0.2121	0.1367
427	0.0074	0.3634	0.0769	0.0632	0.0926	0.058	0.0927	0.0925	0.043	0.1357	0.1091	0.0275	0.2122	0.1368
428	0.0081	0.3584	0.077	0.0632	0.0927	0.0581	0.0928	0.0926	0.0429	0.1358	0.1092	0.0275	0.2121	0.1368
429	0.0077	0.3644	0.0765	0.0629	0.0921	0.0578	0.0922	0.092	0.0429	0.1358	0.1089	0.0275	0.2117	0.1364
430	0.008	0.366	0.0763	0.0625	0.0918	0.058	0.0926	0.0922	0.043	0.1359	0.1089	0.0275	0.2118	0.1364
431	0.0077	0.3622	0.076	0.0623	0.0916	0.0578	0.0924	0.0921	0.043	0.136	0.1089	0.0275	0.2118	0.1364
432	0.0081	0.3716	0.0759	0.0621	0.0916	0.0578	0.0927	0.0922	0.0429	0.1354	0.1088	0.0275	0.212	0.1365
433	0.0074	0.3553	0.0761	0.0625	0.0919	0.0578	0.0926	0.0922	0.0428	0.1351	0.1087	0.0274	0.2115	0.1364
434	0.0074	0.3707	0.0756	0.0625	0.0917	0.0578	0.0927	0.0923	0.0427	0.1344	0.1085	0.0275	0.2114	0.1364
435	0.0079	0.3626	0.0759	0.0627	0.0919	0.0578	0.0926	0.0923	0.0427	0.1348	0.1087	0.0274	0.2113	0.1364
436	0.0083	0.368	0.0758	0.0628	0.0919	0.0578	0.0926	0.0924	0.0428	0.1351	0.1088	0.0274	0.2114	0.1364
437	0.0082	0.3739	0.0763	0.0632	0.0923	0.0579	0.0925	0.0924	0.0428	0.1355	0.109	0.0274	0.2116	0.1366
438	0.0077	0.3689	0.0763	0.063	0.0923	0.0579	0.0927	0.0925	0.0428	0.1356	0.1091	0.0275	0.2116	0.1367
439	0.0083	0.3629	0.0763	0.0629	0.0923	0.058	0.0928	0.0927	0.0428	0.1354	0.1092	0.0275	0.2118	0.1368
440	0.0077	0.3742	0.0765	0.063	0.0924	0.058	0.0929	0.0928	0.0427	0.1352	0.1091	0.0275	0.212	0.1369
441	0.0081	0.3623	0.0761	0.0624	0.0919	0.058	0.093	0.0926	0.0428	0.135	0.1088	0.0275	0.2124	0.1368
442	0.0079	0.3654	0.076	0.0624	0.0919	0.0579	0.0928	0.0925	0.0427	0.135	0.1089	0.0274	0.2117	0.1366
443	0.0077	0.3638	0.0761	0.0625	0.0921	0.0582	0.093	0.0928	0.0428	0.1352	0.1091	0.0274	0.2117	0.1367
444	0.008	0.3712	0.0762	0.0627	0.0923	0.0583	0.0935	0.0931	0.0428	0.1355	0.1093	0.0274	0.2113	0.1368
445	0.0075	0.3653	0.0763	0.0626	0.0923	0.0585	0.0939	0.0933	0.0428	0.1358	0.1094	0.0274	0.2115	0.1368
446	0.0076	0.3624	0.0763	0.0628	0.0924	0.0585	0.0937	0.0932	0.0428	0.1357	0.1093	0.0275	0.2117	0.1368
447	0.0076	0.3675	0.0763	0.0629	0.0922	0.0586	0.0938	0.0931	0.0429	0.1358	0.1092	0.0274	0.2119	0.1367
448	0.0074	0.3626	0.0765	0.063	0.0923	0.0586	0.0936	0.093	0.0429	0.1359	0.1092	0.0274	0.2115	0.1365
449	0.008	0.3692	0.0763	0.0627	0.0921	0.0586	0.0938	0.093	0.0429	0.136	0.1092	0.0274	0.2115	0.1365
450	0.0079	0.3659	0.0764	0.0628	0.0923	0.0584	0.0937	0.0929	0.0429	0.1359	0.1092	0.0275	0.2119	0.1367
451	0.0083	0.3689	0.0765	0.0631	0.0924	0.0584	0.0938	0.093	0.0429	0.1357	0.1092	0.0274	0.2115	0.1366
452	0.0074	0.3633	0.0766	0.0631	0.0926	0.0586	0.0943	0.0934	0.043	0.1361	0.1095	0.0274	0.2119	0.1369
453	0.0076	0.3711	0.0769	0.0632	0.0927	0.0584	0.0941	0.0932	0.043	0.1363	0.1094	0.0275	0.2121	0.1369
454	0.0078	0.3708	0.0767	0.0631	0.0926	0.0587	0.0948	0.0935	0.043	0.1364	0.1095	0.0275	0.2118	0.1368
455	0.0077	0.354	0.0767	0.0631	0.0926	0.0586	0.0947	0.0934	0.043	0.1365	0.1095	0.0274	0.2114	0.1367
456	0.0073	0.3571	0.0767	0.063	0.0926	0.0585	0.0947	0.0934	0.0429	0.1363	0.1094	0.0274	0.2117	0.1368
457	0.008	0.3632	0.0767	0.0632	0.0926	0.0583	0.0942	0.0932	0.0429	0.1363	0.1094	0.0274	0.2117	0.1368
458	0.0079	0.3784	0.0765	0.0631	0.0926	0.0582	0.094	0.0932	0.0428	0.1358	0.1094	0.0275	0.2121	0.137
459	0.0079	0.3687	0.0764	0.063	0.0926	0.0581	0.0938	0.0932	0.0428	0.1354	0.1093	0.0275	0.2124	0.1371
460	0.0077	0.3578	0.0765	0.0631	0.0926	0.058	0.0934	0.093	0.0427	0.1354	0.1092	0.0275	0.2121	0.137
461	0.0076	0.3732	0.0766	0.0634	0.0924	0.0579	0.0933	0.0926	0.0427	0.1352	0.1088	0.0274	0.2115	0.1365
462	0.008	0.3623	0.0766	0.0634	0.0925	0.058	0.0932	0.0926	0.0428	0.1355	0.1089	0.0274	0.2111	0.1364
463	0.0077	0.3676	0.0767	0.0634	0.0925	0.058	0.0932	0.0926	0.0428	0.1354	0.1089	0.0274	0.2112	0.1364
464	0.0081	0.3764	0.0766	0.0635	0.0927	0.058	0.0936	0.0929	0.0428	0.1351	0.109	0.0274	0.2109	0.1365
465	0.0074	0.3619	0.0769	0.0637	0.0928	0.0581	0.0938	0.0929	0.0428	0.1355	0.109	0.0274	0.2108	0.1364
466	0.0079	0.3736	0.0769	0.0636	0.0928	0.0583	0.094	0.093	0.0429	0.1355	0.1091	0.0274	0.2111	0.1365
467	0.0078	0.3699	0.0773	0.0639	0.0931	0.0584	0.094	0.0932	0.0429	0.1357	0.1093	0.0274	0.2113	0.1367
468	0.0079	0.3693	0.0768	0.0633	0.0927	0.0585	0.094	0.0932	0.0429	0.1358	0.1093	0.0274	0.2109	0.1365
469	0.0078	0.3712	0.0765	0.0632	0.0924	0.0585	0.0939	0.093	0.0429	0.1357	0.1091	0.0274	0.2109	0.1363
470	0.0076	0.3656	0.0766	0.063	0.0923	0.0585	0.0938	0.0929	0.0428	0.1353	0.1088	0.0274	0.2113	0.1363
471	0.0075	0.3663	0.0764	0.063	0.0921	0.0585	0.094	0.0928	0.0427	0.1349	0.1086	0.0274	0.2112	0.1362
472	0.0079	0.3627	0.076	0.0627	0.0917	0.0584	0.0939	0.0926	0.0428	0.1348	0.1084	0.0273	0.2108	0.1359
473	0.0073	0.3637	0.0758	0.0625	0.0916	0.0585	0.0939	0.0927	0.0428	0.1348	0.1085	0.0273	0.2105	0.1358
474	0.0076	0.3679	0.0755	0.0625	0.0914	0.0583	0.0936	0.0924	0.0428	0.1349	0.1084	0.0272	0.2103	0.1356
475	0.0076	0.3714	0.0758	0.0626	0.0914	0.0583	0.0937	0.0924	0.0428	0.135	0.1083	0.0272	0.2101	0.1355
476	0.0074	0.3672	0.0757	0.0622	0.0912	0.0584	0.0936	0.0923	0.0428	0.1356	0.1084	0.0272	0.2102	0.1353
477	0.0079	0.3758	0.0761	0.0627	0.0916	0.0584	0.0938	0.0924	0.0427	0.1352	0.1082	0.0272	0.2104	0.1354
478	0.0074	0.3687	0.0761	0.0627	0.0916	0.0583	0.094	0.0924	0.0427	0.1352	0.1083	0.0272	0.2103	0.1354
479	0.0079	0.3583	0.0761	0.0625	0.0914	0.0582	0.0936	0.0922	0.0427	0.1352	0.1082	0.0272	0.21	0.1352
480	0.0074	0.3718	0.0757	0.0623	0.0913	0.0581	0.0933	0.0921	0.0426	0.1353	0.1082	0.0272	0.2098	0.1352
481	0.0076	0.3677	0.0758	0.0624	0.0913	0.058	0.093	0.092	0.0426	0.1354	0.1082	0.0272	0.2101	0.1352
482	0.0074	0.3698	0.0758	0.0623	0.0913	0.058	0.093	0.092	0.0426	0.1352	0.1082	0.0272	0.21	0.1352
483	0.0074	0.3609	0.0757	0.0622	0.0913	0.058	0.0932	0.092	0.0427	0.1352	0.1082	0.0272	0.2097	0.1351
484	0.0079	0.3698	0.0753	0.0619	0.0909	0.0581	0.0933	0.0921	0.0427	0.1351	0.1081	0.0272	0.2099	0.1352
485	0.0077	0.3674	0.0749	0.0615	0.0904	0.0579	0.0925	0.0916	0.0428	0.1352	0.108	0.0271	0.2097	0.1349
486	0.0073	0.3676	0.0747	0.0614	0.0903	0.0579	0.0926	0.0916	0.0427	0.1352	0.1079	0.0271	0.2098	0.1348
487	0.008	0.3682	0.0752	0.0618	0.0908	0.058	0.0928	0.0918	0.0427	0.1355	0.1081	0.0272	0.2099	0.135
488	0.0077	0.3712	0.0753	0.0618	0.0908	0.0579	0.0925	0.0917	0.0426	0.1352	0.108	0.0272	0.21	0.135
489	0.0077	0.3734	0.0756	0.0622	0.091	0.058	0.0926	0.0918	0.0425	0.135	0.1079	0.0271	0.2098	0.1349
490	0.0074	0.3731	0.0753	0.0621	0.0906	0.058	0.0926	0.0915	0.0425	0.1347	0.1075	0.0271	0.2098	0.1346
491	0.0078	0.3688	0.0752	0.0621	0.0905	0.0578	0.0925	0.0914	0.0424	0.1346	0.1074	0.0271	0.2098	0.1345
492	0.0076	0.372	0.0754	0.0622	0.0909	0.0577	0.0925	0.0916	0.0425	0.1346	0.1078	0.0271	0.21	0.1349
493	0.0079	0.372	0.0754	0.0621	0.0911	0.0577	0.0925	0.0918	0.0425	0.1348	0.108	0.0271	0.21	0.135
494	0.0077	0.3752	0.075	0.062	0.0909	0.0578	0.0922	0.0918	0.0424	0.135	0.108	0.0271	0.2099	0.1351
495	0.0073	0.3699	0.075	0.0616	0.091	0.0577	0.0921	0.0918	0.0426	0.1353	0.1083	0.0271	0.2101	0.1352
496	0.008	0.3731	0.0752	0.0616	0.0912	0.0578	0.0922	0.092	0.0427	0.1355	0.1085	0.0271	0.2105	0.1355
497	0.0077	0.3692	0.0748	0.0612	0.0907	0.0579	0.0925	0.0919	0.0426	0.1351	0.1081	0.0271	0.2102	0.1352
498	0.0077	0.3678	0.0747	0.0612	0.0907	0.0578	0.0925	0.0919	0.0426	0.1354	0.1083	0.0271	0.2104	0.1353
499	0.0079	0.37	0.0747	0.0609	0.0905	0.0577	0.0926	0.0918	0.0426	0.1353	0.1082	0.0272	0.2104	0.1353
500	0.0078	0.3687	0.0745	0.0613	0.0906	0.0579	0.0925	0.092	0.0426	0.1352	0.1082	0.0271	0.2103	0.1353
