{"n_layers": 1, "device": "cuda", "batch_size": 2048, "embedding_dim": 64, "learning_rate": 0.001, "dataset": "dbbook", "epochs": 150, "top_k": 5, "multimodal": false, "datasets": {"dbbook": ["images", "text"], "ml1m": ["audio", "images", "text", "video"]}}
Epoch	Loss	Recall	Precision	NDCG
1	0.6926	0.0081	0.0111	0.0130
2	0.6910	0.0171	0.0234	0.0249
3	0.6866	0.0201	0.0267	0.0277
4	0.6763	0.0204	0.0271	0.0278
5	0.6572	0.0204	0.0271	0.0277
6	0.6281	0.0208	0.0276	0.0284
7	0.5906	0.0204	0.0275	0.0283
8	0.5479	0.0204	0.0275	0.0280
9	0.5053	0.0209	0.0280	0.0284
10	0.4653	0.0208	0.0281	0.0284
11	0.4295	0.0209	0.0282	0.0285
12	0.4002	0.0208	0.0282	0.0286
13	0.3725	0.0214	0.0288	0.0294
14	0.3503	0.0218	0.0293	0.0299
15	0.3320	0.0223	0.0300	0.0306
16	0.3154	0.0228	0.0308	0.0312
17	0.2972	0.0233	0.0314	0.0317
18	0.2827	0.0234	0.0313	0.0319
19	0.2703	0.0230	0.0307	0.0313
20	0.2592	0.0232	0.0309	0.0317
21	0.2490	0.0239	0.0314	0.0323
22	0.2387	0.0241	0.0317	0.0327
23	0.2298	0.0247	0.0326	0.0336
24	0.2212	0.0256	0.0336	0.0346
25	0.2108	0.0259	0.0341	0.0351
26	0.2038	0.0261	0.0342	0.0354
27	0.1998	0.0265	0.0346	0.0359
28	0.1903	0.0266	0.0350	0.0362
29	0.1852	0.0267	0.0350	0.0364
30	0.1783	0.0270	0.0355	0.0370
31	0.1720	0.0273	0.0361	0.0375
32	0.1658	0.0279	0.0366	0.0380
33	0.1602	0.0280	0.0367	0.0382
34	0.1544	0.0281	0.0367	0.0384
35	0.1512	0.0283	0.0367	0.0386
36	0.1469	0.0285	0.0369	0.0389
37	0.1405	0.0285	0.0369	0.0390
38	0.1361	0.0289	0.0375	0.0395
39	0.1333	0.0290	0.0376	0.0396
40	0.1314	0.0290	0.0377	0.0398
41	0.1256	0.0298	0.0383	0.0406
42	0.1217	0.0304	0.0392	0.0413
43	0.1202	0.0302	0.0391	0.0413
44	0.1171	0.0304	0.0394	0.0418
45	0.1117	0.0305	0.0394	0.0419
46	0.1097	0.0308	0.0397	0.0422
47	0.1071	0.0308	0.0398	0.0424
48	0.1042	0.0313	0.0403	0.0431
49	0.0996	0.0316	0.0407	0.0436
50	0.0984	0.0319	0.0410	0.0440
51	0.0966	0.0319	0.0410	0.0439
52	0.0939	0.0320	0.0412	0.0441
53	0.0894	0.0322	0.0412	0.0444
54	0.0904	0.0324	0.0417	0.0447
55	0.0865	0.0329	0.0421	0.0453
56	0.0844	0.0330	0.0422	0.0455
57	0.0826	0.0331	0.0424	0.0458
58	0.0811	0.0334	0.0427	0.0462
59	0.0798	0.0336	0.0431	0.0465
60	0.0776	0.0338	0.0433	0.0467
61	0.0756	0.0341	0.0435	0.0470
62	0.0742	0.0342	0.0436	0.0471
63	0.0727	0.0340	0.0433	0.0470
64	0.0709	0.0340	0.0432	0.0470
65	0.0695	0.0342	0.0435	0.0472
66	0.0678	0.0345	0.0438	0.0473
67	0.0669	0.0347	0.0442	0.0476
68	0.0645	0.0352	0.0445	0.0481
69	0.0631	0.0352	0.0446	0.0483
70	0.0605	0.0356	0.0447	0.0485
71	0.0607	0.0357	0.0449	0.0487
72	0.0633	0.0360	0.0454	0.0491
73	0.0574	0.0362	0.0455	0.0494
74	0.0591	0.0361	0.0456	0.0496
75	0.0592	0.0364	0.0460	0.0501
76	0.0570	0.0362	0.0458	0.0501
77	0.0549	0.0362	0.0459	0.0503
78	0.0536	0.0362	0.0458	0.0502
79	0.0549	0.0363	0.0460	0.0504
80	0.0530	0.0366	0.0464	0.0508
81	0.0515	0.0364	0.0463	0.0507
82	0.0511	0.0366	0.0463	0.0507
83	0.0494	0.0368	0.0467	0.0512
84	0.0493	0.0369	0.0470	0.0515
85	0.0496	0.0368	0.0470	0.0515
86	0.0465	0.0369	0.0470	0.0516
87	0.0488	0.0371	0.0472	0.0518
88	0.0459	0.0369	0.0471	0.0519
89	0.0451	0.0370	0.0472	0.0521
90	0.0444	0.0374	0.0476	0.0527
91	0.0442	0.0377	0.0479	0.0530
92	0.0427	0.0378	0.0478	0.0530
93	0.0421	0.0378	0.0479	0.0530
94	0.0424	0.0379	0.0479	0.0533
95	0.0405	0.0375	0.0477	0.0531
96	0.0404	0.0378	0.0479	0.0533
97	0.0408	0.0376	0.0477	0.0531
98	0.0405	0.0375	0.0479	0.0533
99	0.0395	0.0377	0.0481	0.0536
100	0.0381	0.0377	0.0480	0.0536
101	0.0391	0.0379	0.0481	0.0537
102	0.0363	0.0381	0.0481	0.0537
103	0.0371	0.0384	0.0483	0.0540
104	0.0355	0.0384	0.0484	0.0541
105	0.0372	0.0382	0.0480	0.0539
106	0.0345	0.0381	0.0479	0.0538
107	0.0352	0.0384	0.0483	0.0541
108	0.0339	0.0381	0.0480	0.0540
109	0.0327	0.0380	0.0479	0.0539
110	0.0344	0.0381	0.0480	0.0541
111	0.0340	0.0384	0.0481	0.0543
112	0.0333	0.0385	0.0483	0.0545
113	0.0333	0.0389	0.0487	0.0549
114	0.0313	0.0390	0.0487	0.0551
115	0.0312	0.0390	0.0489	0.0552
116	0.0324	0.0392	0.0492	0.0554
117	0.0309	0.0393	0.0492	0.0553
118	0.0311	0.0393	0.0491	0.0553
119	0.0281	0.0394	0.0493	0.0554
120	0.0313	0.0397	0.0498	0.0558
121	0.0293	0.0400	0.0500	0.0558
122	0.0299	0.0400	0.0501	0.0558
123	0.0283	0.0400	0.0499	0.0559
124	0.0287	0.0400	0.0499	0.0559
125	0.0284	0.0401	0.0499	0.0559
126	0.0296	0.0400	0.0495	0.0557
127	0.0274	0.0397	0.0493	0.0555
128	0.0274	0.0399	0.0496	0.0557
129	0.0284	0.0397	0.0493	0.0556
130	0.0263	0.0399	0.0495	0.0557
131	0.0271	0.0396	0.0491	0.0554
132	0.0263	0.0396	0.0490	0.0553
133	0.0263	0.0395	0.0489	0.0552
134	0.0250	0.0395	0.0489	0.0552
135	0.0251	0.0396	0.0490	0.0553
136	0.0260	0.0393	0.0488	0.0551
137	0.0241	0.0393	0.0488	0.0551
138	0.0242	0.0393	0.0489	0.0552
139	0.0251	0.0394	0.0492	0.0554
140	0.0258	0.0393	0.0491	0.0555
141	0.0233	0.0394	0.0488	0.0555
142	0.0238	0.0399	0.0495	0.0558
143	0.0240	0.0396	0.0495	0.0558
144	0.0245	0.0394	0.0495	0.0558
145	0.0241	0.0395	0.0496	0.0560
146	0.0242	0.0395	0.0494	0.0560
147	0.0230	0.0397	0.0495	0.0561
148	0.0222	0.0400	0.0498	0.0564
149	0.0221	0.0398	0.0496	0.0562
150	0.0229	0.0398	0.0496	0.0561
