{"n_layers": 0, "device": "cuda", "batch_size": 2048, "embedding_dim": 1024, "learning_rate": 0.001, "dataset": "dbbook", "epochs": 150, "top_k": 50, "multimodal": true, "datasets": {"dbbook": ["images", "text"], "ml1m": ["audio", "images", "text", "video"]}}
Epoch	Loss	Recall	Precision	NDCG
1	0.6927	0.0239	0.0030	0.0135
2	0.6790	0.0459	0.0058	0.0299
3	0.6647	0.0768	0.0102	0.0522
4	0.6455	0.1090	0.0147	0.0739
5	0.6187	0.1352	0.0186	0.0901
6	0.5821	0.1584	0.0217	0.1014
7	0.5356	0.1704	0.0234	0.1078
8	0.4815	0.1766	0.0243	0.1112
9	0.4244	0.1823	0.0251	0.1137
10	0.3692	0.1864	0.0257	0.1152
11	0.3193	0.1895	0.0261	0.1169
12	0.2764	0.1921	0.0264	0.1187
13	0.2403	0.1947	0.0268	0.1209
14	0.2098	0.1976	0.0272	0.1224
15	0.1835	0.1980	0.0274	0.1231
16	0.1631	0.2007	0.0276	0.1241
17	0.1449	0.2020	0.0277	0.1249
18	0.1298	0.2039	0.0279	0.1257
19	0.1169	0.2059	0.0282	0.1273
20	0.1045	0.2065	0.0283	0.1277
21	0.0940	0.2084	0.0285	0.1285
22	0.0852	0.2093	0.0286	0.1291
23	0.0772	0.2100	0.0287	0.1295
24	0.0713	0.2109	0.0288	0.1302
25	0.0656	0.2119	0.0289	0.1313
26	0.0608	0.2132	0.0290	0.1320
27	0.0559	0.2143	0.0291	0.1330
28	0.0525	0.2143	0.0291	0.1333
29	0.0485	0.2153	0.0292	0.1341
30	0.0455	0.2162	0.0293	0.1346
31	0.0429	0.2162	0.0293	0.1347
32	0.0409	0.2171	0.0294	0.1352
33	0.0375	0.2178	0.0294	0.1356
34	0.0359	0.2179	0.0295	0.1358
35	0.0336	0.2179	0.0295	0.1362
36	0.0321	0.2182	0.0295	0.1366
37	0.0302	0.2187	0.0295	0.1369
38	0.0290	0.2185	0.0295	0.1373
39	0.0270	0.2192	0.0296	0.1375
40	0.0257	0.2203	0.0297	0.1378
41	0.0248	0.2207	0.0297	0.1381
42	0.0238	0.2212	0.0298	0.1384
43	0.0227	0.2213	0.0298	0.1387
44	0.0220	0.2212	0.0298	0.1390
45	0.0209	0.2218	0.0298	0.1391
46	0.0206	0.2220	0.0298	0.1391
47	0.0196	0.2224	0.0299	0.1394
48	0.0195	0.2222	0.0299	0.1395
49	0.0190	0.2236	0.0300	0.1400
50	0.0182	0.2236	0.0300	0.1398
51	0.0172	0.2242	0.0301	0.1400
52	0.0168	0.2243	0.0301	0.1403
53	0.0168	0.2242	0.0301	0.1404
54	0.0164	0.2241	0.0301	0.1404
55	0.0162	0.2241	0.0301	0.1405
56	0.0152	0.2248	0.0301	0.1409
57	0.0149	0.2250	0.0301	0.1408
58	0.0148	0.2251	0.0301	0.1410
59	0.0145	0.2252	0.0301	0.1414
60	0.0139	0.2248	0.0301	0.1414
61	0.0137	0.2249	0.0301	0.1415
62	0.0132	0.2247	0.0300	0.1417
63	0.0129	0.2250	0.0301	0.1417
64	0.0126	0.2254	0.0301	0.1417
65	0.0127	0.2254	0.0301	0.1416
66	0.0125	0.2255	0.0301	0.1415
67	0.0120	0.2258	0.0301	0.1417
68	0.0121	0.2260	0.0301	0.1418
69	0.0117	0.2256	0.0301	0.1420
70	0.0113	0.2261	0.0302	0.1421
71	0.0111	0.2258	0.0301	0.1420
72	0.0113	0.2268	0.0302	0.1421
73	0.0110	0.2266	0.0302	0.1422
74	0.0109	0.2263	0.0302	0.1423
75	0.0111	0.2261	0.0301	0.1423
76	0.0106	0.2257	0.0301	0.1425
77	0.0104	0.2256	0.0301	0.1423
78	0.0107	0.2260	0.0301	0.1425
79	0.0109	0.2263	0.0301	0.1422
80	0.0101	0.2268	0.0302	0.1422
81	0.0099	0.2269	0.0302	0.1424
82	0.0101	0.2270	0.0302	0.1423
83	0.0101	0.2273	0.0302	0.1425
84	0.0099	0.2282	0.0303	0.1427
85	0.0094	0.2284	0.0304	0.1429
86	0.0097	0.2277	0.0303	0.1428
87	0.0097	0.2280	0.0304	0.1431
88	0.0090	0.2282	0.0304	0.1432
89	0.0093	0.2277	0.0304	0.1431
90	0.0093	0.2275	0.0303	0.1429
91	0.0086	0.2282	0.0303	0.1432
92	0.0087	0.2279	0.0303	0.1428
93	0.0086	0.2278	0.0303	0.1425
94	0.0094	0.2277	0.0304	0.1425
95	0.0086	0.2274	0.0303	0.1426
96	0.0092	0.2276	0.0302	0.1429
97	0.0086	0.2279	0.0303	0.1428
98	0.0086	0.2281	0.0303	0.1428
99	0.0086	0.2279	0.0303	0.1426
100	0.0089	0.2274	0.0302	0.1422
101	0.0083	0.2275	0.0302	0.1423
102	0.0083	0.2276	0.0302	0.1425
103	0.0086	0.2281	0.0302	0.1429
104	0.0080	0.2279	0.0302	0.1428
105	0.0079	0.2280	0.0302	0.1428
106	0.0084	0.2282	0.0302	0.1428
107	0.0080	0.2290	0.0303	0.1430
108	0.0079	0.2290	0.0303	0.1432
109	0.0077	0.2288	0.0303	0.1432
110	0.0083	0.2287	0.0303	0.1433
111	0.0078	0.2289	0.0303	0.1434
112	0.0079	0.2288	0.0302	0.1431
113	0.0080	0.2290	0.0302	0.1431
114	0.0079	0.2293	0.0302	0.1430
115	0.0080	0.2291	0.0303	0.1431
116	0.0082	0.2287	0.0302	0.1431
117	0.0080	0.2285	0.0302	0.1432
118	0.0078	0.2288	0.0302	0.1432
119	0.0082	0.2285	0.0302	0.1432
120	0.0076	0.2291	0.0302	0.1437
121	0.0077	0.2289	0.0303	0.1440
122	0.0081	0.2292	0.0303	0.1439
123	0.0076	0.2287	0.0303	0.1439
124	0.0079	0.2291	0.0303	0.1440
125	0.0081	0.2291	0.0303	0.1442
126	0.0079	0.2290	0.0303	0.1443
127	0.0075	0.2293	0.0304	0.1443
128	0.0077	0.2284	0.0303	0.1439
129	0.0076	0.2277	0.0302	0.1438
130	0.0078	0.2277	0.0302	0.1435
131	0.0074	0.2279	0.0302	0.1436
132	0.0075	0.2282	0.0302	0.1435
133	0.0075	0.2291	0.0303	0.1438
134	0.0074	0.2288	0.0302	0.1433
135	0.0075	0.2284	0.0302	0.1432
136	0.0075	0.2286	0.0302	0.1429
137	0.0073	0.2281	0.0301	0.1426
138	0.0075	0.2281	0.0301	0.1426
139	0.0072	0.2284	0.0302	0.1426
140	0.0076	0.2282	0.0301	0.1425
141	0.0072	0.2279	0.0301	0.1424
142	0.0077	0.2280	0.0301	0.1423
143	0.0077	0.2276	0.0300	0.1422
144	0.0071	0.2272	0.0299	0.1419
145	0.0071	0.2279	0.0300	0.1420
146	0.0077	0.2280	0.0300	0.1421
147	0.0077	0.2275	0.0300	0.1423
148	0.0077	0.2274	0.0299	0.1423
149	0.0075	0.2275	0.0300	0.1420
150	0.0068	0.2282	0.0300	0.1419
