{"n_layers": 0, "device": "cuda", "batch_size": 2048, "embedding_dim": 1024, "learning_rate": 0.001, "dataset": "dbbook", "epochs": 150, "top_k": 50, "multimodal": false, "datasets": {"dbbook": ["images", "text"], "ml1m": ["audio", "images", "text", "video"]}}
Epoch	Loss	Recall	Precision	NDCG
1	0.6932	0.0113	0.0015	0.0053
2	0.6778	0.0193	0.0027	0.0107
3	0.6599	0.0567	0.0077	0.0368
4	0.6323	0.1116	0.0155	0.0715
5	0.5893	0.1489	0.0206	0.0928
6	0.5282	0.1667	0.0231	0.1033
7	0.4530	0.1750	0.0244	0.1086
8	0.3738	0.1806	0.0251	0.1124
9	0.3020	0.1837	0.0254	0.1150
10	0.2434	0.1871	0.0258	0.1172
11	0.1966	0.1882	0.0260	0.1189
12	0.1601	0.1911	0.0263	0.1205
13	0.1333	0.1927	0.0265	0.1221
14	0.1112	0.1954	0.0269	0.1238
15	0.0939	0.1963	0.0270	0.1247
16	0.0804	0.1982	0.0272	0.1258
17	0.0688	0.1984	0.0272	0.1260
18	0.0604	0.1998	0.0274	0.1265
19	0.0532	0.2003	0.0274	0.1270
20	0.0467	0.2011	0.0274	0.1276
21	0.0421	0.2017	0.0275	0.1284
22	0.0377	0.2026	0.0276	0.1286
23	0.0341	0.2033	0.0276	0.1293
24	0.0314	0.2040	0.0276	0.1297
25	0.0288	0.2047	0.0277	0.1302
26	0.0265	0.2053	0.0278	0.1307
27	0.0244	0.2054	0.0278	0.1306
28	0.0227	0.2060	0.0278	0.1312
29	0.0209	0.2064	0.0279	0.1315
30	0.0200	0.2058	0.0278	0.1315
31	0.0180	0.2070	0.0279	0.1321
32	0.0174	0.2065	0.0279	0.1321
33	0.0165	0.2074	0.0280	0.1324
34	0.0156	0.2073	0.0279	0.1323
35	0.0147	0.2079	0.0280	0.1328
36	0.0145	0.2079	0.0280	0.1330
37	0.0134	0.2085	0.0280	0.1332
38	0.0128	0.2082	0.0280	0.1334
39	0.0121	0.2088	0.0280	0.1338
40	0.0117	0.2091	0.0280	0.1338
41	0.0113	0.2090	0.0280	0.1338
42	0.0109	0.2092	0.0280	0.1341
43	0.0107	0.2097	0.0280	0.1343
44	0.0105	0.2096	0.0280	0.1343
45	0.0103	0.2102	0.0280	0.1346
46	0.0101	0.2107	0.0281	0.1347
47	0.0101	0.2112	0.0282	0.1346
48	0.0091	0.2118	0.0282	0.1351
49	0.0090	0.2121	0.0282	0.1352
50	0.0086	0.2121	0.0282	0.1354
51	0.0085	0.2118	0.0282	0.1353
52	0.0082	0.2115	0.0281	0.1350
53	0.0087	0.2117	0.0282	0.1354
54	0.0084	0.2121	0.0282	0.1355
55	0.0076	0.2123	0.0282	0.1356
56	0.0078	0.2126	0.0282	0.1358
57	0.0077	0.2127	0.0282	0.1359
58	0.0076	0.2124	0.0282	0.1360
59	0.0080	0.2124	0.0282	0.1362
60	0.0073	0.2127	0.0282	0.1361
61	0.0072	0.2116	0.0281	0.1360
62	0.0071	0.2122	0.0282	0.1358
63	0.0071	0.2119	0.0281	0.1356
64	0.0066	0.2114	0.0280	0.1354
65	0.0068	0.2110	0.0280	0.1352
66	0.0065	0.2111	0.0280	0.1356
67	0.0063	0.2110	0.0280	0.1349
68	0.0060	0.2114	0.0280	0.1349
69	0.0064	0.2113	0.0280	0.1349
70	0.0060	0.2114	0.0280	0.1351
71	0.0067	0.2115	0.0280	0.1353
72	0.0060	0.2116	0.0280	0.1353
73	0.0065	0.2119	0.0280	0.1352
74	0.0060	0.2121	0.0280	0.1356
75	0.0058	0.2117	0.0281	0.1353
76	0.0060	0.2117	0.0280	0.1353
77	0.0060	0.2112	0.0280	0.1350
78	0.0065	0.2110	0.0280	0.1350
79	0.0060	0.2108	0.0279	0.1350
80	0.0058	0.2109	0.0280	0.1350
81	0.0054	0.2112	0.0280	0.1351
82	0.0059	0.2112	0.0280	0.1352
83	0.0059	0.2113	0.0280	0.1351
84	0.0068	0.2116	0.0280	0.1356
85	0.0058	0.2106	0.0279	0.1352
86	0.0058	0.2111	0.0280	0.1353
87	0.0058	0.2111	0.0279	0.1346
88	0.0058	0.2106	0.0279	0.1347
89	0.0053	0.2105	0.0279	0.1347
90	0.0058	0.2104	0.0279	0.1347
91	0.0060	0.2104	0.0279	0.1347
92	0.0054	0.2104	0.0279	0.1347
93	0.0060	0.2107	0.0279	0.1353
94	0.0051	0.2107	0.0279	0.1357
95	0.0055	0.2104	0.0279	0.1355
96	0.0052	0.2095	0.0278	0.1351
97	0.0055	0.2090	0.0277	0.1350
98	0.0052	0.2092	0.0278	0.1352
99	0.0049	0.2090	0.0277	0.1353
100	0.0052	0.2091	0.0278	0.1354
101	0.0052	0.2098	0.0278	0.1353
102	0.0053	0.2090	0.0278	0.1349
103	0.0055	0.2087	0.0277	0.1343
104	0.0051	0.2083	0.0277	0.1342
105	0.0048	0.2085	0.0277	0.1341
106	0.0053	0.2087	0.0277	0.1344
107	0.0055	0.2088	0.0277	0.1343
108	0.0048	0.2088	0.0277	0.1345
109	0.0050	0.2088	0.0277	0.1345
110	0.0049	0.2089	0.0277	0.1349
111	0.0051	0.2094	0.0278	0.1349
112	0.0050	0.2087	0.0277	0.1347
113	0.0050	0.2083	0.0277	0.1348
114	0.0049	0.2078	0.0277	0.1346
115	0.0055	0.2073	0.0276	0.1341
116	0.0057	0.2068	0.0276	0.1337
117	0.0053	0.2075	0.0276	0.1339
118	0.0051	0.2076	0.0276	0.1340
119	0.0051	0.2072	0.0275	0.1341
120	0.0050	0.2081	0.0276	0.1342
121	0.0050	0.2086	0.0276	0.1343
122	0.0052	0.2085	0.0276	0.1347
123	0.0050	0.2089	0.0277	0.1351
124	0.0054	0.2097	0.0278	0.1356
125	0.0055	0.2088	0.0277	0.1355
126	0.0056	0.2082	0.0276	0.1349
127	0.0048	0.2085	0.0276	0.1348
128	0.0052	0.2086	0.0276	0.1348
129	0.0055	0.2096	0.0277	0.1352
130	0.0049	0.2095	0.0277	0.1354
131	0.0052	0.2092	0.0277	0.1354
132	0.0051	0.2093	0.0277	0.1352
133	0.0050	0.2097	0.0277	0.1352
134	0.0049	0.2090	0.0277	0.1350
135	0.0054	0.2092	0.0278	0.1350
136	0.0055	0.2097	0.0278	0.1349
137	0.0052	0.2101	0.0278	0.1347
138	0.0049	0.2104	0.0278	0.1346
139	0.0052	0.2103	0.0278	0.1347
140	0.0048	0.2104	0.0278	0.1348
141	0.0046	0.2099	0.0278	0.1345
142	0.0048	0.2097	0.0277	0.1343
143	0.0047	0.2093	0.0277	0.1337
144	0.0050	0.2090	0.0276	0.1337
145	0.0052	0.2095	0.0277	0.1339
146	0.0051	0.2098	0.0277	0.1339
147	0.0049	0.2102	0.0278	0.1341
148	0.0045	0.2105	0.0278	0.1342
149	0.0048	0.2105	0.0278	0.1344
150	0.0049	0.2102	0.0278	0.1345
